<?xml version="1.0" encoding="UTF-8"?>
<testsuite xmlns:xsi="http://www.w3.org/2001/XMLSchema-instance" xsi:noNamespaceSchemaLocation="https://maven.apache.org/surefire/maven-surefire-plugin/xsd/surefire-test-report.xsd" name="org.apache.hadoop.ozone.client.rpc.TestBlockOutputStreamWithFailures" time="830.878" tests="8" errors="0" skipped="0" failures="3">
  <properties>
    <property name="awt.toolkit" value="sun.awt.X11.XToolkit"/>
    <property name="file.encoding.pkg" value="sun.io"/>
    <property name="java.specification.version" value="1.8"/>
    <property name="sun.cpu.isalist" value=""/>
    <property name="sun.jnu.encoding" value="UTF-8"/>
    <property name="java.class.path" value="/workdir/hadoop-ozone/integration-test/target/test-classes:/workdir/hadoop-ozone/integration-test/target/classes:/home/user/.m2/repository/org/apache/hadoop/hadoop-ozone-common/0.5.0-SNAPSHOT/hadoop-ozone-common-0.5.0-SNAPSHOT.jar:/home/user/.m2/repository/org/apache/commons/commons-compress/1.4.1/commons-compress-1.4.1.jar:/home/user/.m2/repository/org/tukaani/xz/1.0/xz-1.0.jar:/home/user/.m2/repository/org/apache/hadoop/hadoop-common/3.2.0/hadoop-common-3.2.0.jar:/home/user/.m2/repository/org/apache/hadoop/hadoop-hdfs/3.2.0/hadoop-hdfs-3.2.0.jar:/home/user/.m2/repository/org/apache/hadoop/hadoop-hdfs-client/3.2.0/hadoop-hdfs-client-3.2.0.jar:/home/user/.m2/repository/com/fasterxml/jackson/core/jackson-annotations/2.9.5/jackson-annotations-2.9.5.jar:/home/user/.m2/repository/org/apache/hadoop/hadoop-hdds-common/0.5.0-SNAPSHOT/hadoop-hdds-common-0.5.0-SNAPSHOT.jar:/home/user/.m2/repository/javax/annotation/javax.annotation-api/1.2/javax.annotation-api-1.2.jar:/home/user/.m2/repository/org/apache/ratis/ratis-server/0.4.0-78e95b9-SNAPSHOT/ratis-server-0.4.0-78e95b9-SNAPSHOT.jar:/home/user/.m2/repository/org/apache/ratis/ratis-thirdparty-misc/0.2.0/ratis-thirdparty-misc-0.2.0.jar:/home/user/.m2/repository/org/apache/ratis/ratis-proto/0.4.0-78e95b9-SNAPSHOT/ratis-proto-0.4.0-78e95b9-SNAPSHOT.jar:/home/user/.m2/repository/org/apache/ratis/ratis-common/0.4.0-78e95b9-SNAPSHOT/ratis-common-0.4.0-78e95b9-SNAPSHOT.jar:/home/user/.m2/repository/org/apache/ratis/ratis-client/0.4.0-78e95b9-SNAPSHOT/ratis-client-0.4.0-78e95b9-SNAPSHOT.jar:/home/user/.m2/repository/org/apache/ratis/ratis-metrics/0.4.0-78e95b9-SNAPSHOT/ratis-metrics-0.4.0-78e95b9-SNAPSHOT.jar:/home/user/.m2/repository/com/github/joshelser/dropwizard-metrics-hadoop-metrics2-reporter/0.1.2/dropwizard-metrics-hadoop-metrics2-reporter-0.1.2.jar:/home/user/.m2/repository/io/dropwizard/metrics/metrics-jvm/3.2.5/metrics-jvm-3.2.5.jar:/home/user/.m2/repository/io/dropwizard/metrics/metrics-ganglia/3.2.5/metrics-ganglia-3.2.5.jar:/home/user/.m2/repository/info/ganglia/gmetric4j/gmetric4j/1.0.7/gmetric4j-1.0.7.jar:/home/user/.m2/repository/org/apache/ratis/ratis-netty/0.4.0-78e95b9-SNAPSHOT/ratis-netty-0.4.0-78e95b9-SNAPSHOT.jar:/home/user/.m2/repository/org/apache/ratis/ratis-grpc/0.4.0-78e95b9-SNAPSHOT/ratis-grpc-0.4.0-78e95b9-SNAPSHOT.jar:/home/user/.m2/repository/org/rocksdb/rocksdbjni/6.0.1/rocksdbjni-6.0.1.jar:/home/user/.m2/repository/org/apache/logging/log4j/log4j-api/2.11.0/log4j-api-2.11.0.jar:/home/user/.m2/repository/org/apache/logging/log4j/log4j-core/2.11.0/log4j-core-2.11.0.jar:/home/user/.m2/repository/com/lmax/disruptor/3.4.2/disruptor-3.4.2.jar:/home/user/.m2/repository/org/apache/commons/commons-pool2/2.6.0/commons-pool2-2.6.0.jar:/home/user/.m2/repository/org/bouncycastle/bcpkix-jdk15on/1.60/bcpkix-jdk15on-1.60.jar:/home/user/.m2/repository/commons-validator/commons-validator/1.6/commons-validator-1.6.jar:/home/user/.m2/repository/commons-digester/commons-digester/1.8.1/commons-digester-1.8.1.jar:/home/user/.m2/repository/io/jaegertracing/jaeger-client/0.33.1/jaeger-client-0.33.1.jar:/home/user/.m2/repository/io/jaegertracing/jaeger-thrift/0.33.1/jaeger-thrift-0.33.1.jar:/home/user/.m2/repository/org/apache/thrift/libthrift/0.11.0/libthrift-0.11.0.jar:/home/user/.m2/repository/com/squareup/okhttp3/okhttp/3.9.0/okhttp-3.9.0.jar:/home/user/.m2/repository/com/squareup/okio/okio/1.13.0/okio-1.13.0.jar:/home/user/.m2/repository/io/jaegertracing/jaeger-core/0.33.1/jaeger-core-0.33.1.jar:/home/user/.m2/repository/io/jaegertracing/jaeger-tracerresolver/0.33.1/jaeger-tracerresolver-0.33.1.jar:/home/user/.m2/repository/io/opentracing/contrib/opentracing-tracerresolver/0.1.5/opentracing-tracerresolver-0.1.5.jar:/home/user/.m2/repository/io/opentracing/opentracing-util/0.31.0/opentracing-util-0.31.0.jar:/home/user/.m2/repository/io/opentracing/opentracing-api/0.31.0/opentracing-api-0.31.0.jar:/home/user/.m2/repository/io/opentracing/opentracing-noop/0.31.0/opentracing-noop-0.31.0.jar:/home/user/.m2/repository/org/apache/hadoop/hadoop-hdds-server-framework/0.5.0-SNAPSHOT/hadoop-hdds-server-framework-0.5.0-SNAPSHOT.jar:/home/user/.m2/repository/org/apache/hadoop/hadoop-hdds-container-service/0.5.0-SNAPSHOT/hadoop-hdds-container-service-0.5.0-SNAPSHOT.jar:/home/user/.m2/repository/org/apache/hadoop/hadoop-hdds-client/0.5.0-SNAPSHOT/hadoop-hdds-client-0.5.0-SNAPSHOT.jar:/home/user/.m2/repository/org/apache/hadoop/hadoop-hdds-tools/0.5.0-SNAPSHOT/hadoop-hdds-tools-0.5.0-SNAPSHOT.jar:/home/user/.m2/repository/org/apache/hadoop/hadoop-hdds-server-scm/0.5.0-SNAPSHOT/hadoop-hdds-server-scm-0.5.0-SNAPSHOT.jar:/home/user/.m2/repository/org/apache/hadoop/hadoop-hdds-docs/0.5.0-SNAPSHOT/hadoop-hdds-docs-0.5.0-SNAPSHOT.jar:/home/user/.m2/repository/io/dropwizard/metrics/metrics-core/3.2.4/metrics-core-3.2.4.jar:/home/user/.m2/repository/org/hamcrest/hamcrest-all/1.3/hamcrest-all-1.3.jar:/home/user/.m2/repository/org/bouncycastle/bcprov-jdk15on/1.60/bcprov-jdk15on-1.60.jar:/home/user/.m2/repository/info/picocli/picocli/3.9.6/picocli-3.9.6.jar:/home/user/.m2/repository/com/google/protobuf/protobuf-java/2.5.0/protobuf-java-2.5.0.jar:/home/user/.m2/repository/com/google/guava/guava/11.0.2/guava-11.0.2.jar:/home/user/.m2/repository/org/apache/hadoop/hadoop-ozone-ozone-manager/0.5.0-SNAPSHOT/hadoop-ozone-ozone-manager-0.5.0-SNAPSHOT.jar:/home/user/.m2/repository/org/apache/hadoop/hadoop-minikdc/3.2.0/hadoop-minikdc-3.2.0.jar:/home/user/.m2/repository/commons-io/commons-io/2.5/commons-io-2.5.jar:/home/user/.m2/repository/org/apache/kerby/kerb-simplekdc/1.0.1/kerb-simplekdc-1.0.1.jar:/home/user/.m2/repository/org/apache/kerby/kerb-client/1.0.1/kerb-client-1.0.1.jar:/home/user/.m2/repository/org/apache/kerby/kerby-config/1.0.1/kerby-config-1.0.1.jar:/home/user/.m2/repository/org/apache/kerby/kerb-core/1.0.1/kerb-core-1.0.1.jar:/home/user/.m2/repository/org/apache/kerby/kerby-pkix/1.0.1/kerby-pkix-1.0.1.jar:/home/user/.m2/repository/org/apache/kerby/kerby-asn1/1.0.1/kerby-asn1-1.0.1.jar:/home/user/.m2/repository/org/apache/kerby/kerby-util/1.0.1/kerby-util-1.0.1.jar:/home/user/.m2/repository/org/apache/kerby/kerb-common/1.0.1/kerb-common-1.0.1.jar:/home/user/.m2/repository/org/apache/kerby/kerb-crypto/1.0.1/kerb-crypto-1.0.1.jar:/home/user/.m2/repository/org/apache/kerby/kerb-util/1.0.1/kerb-util-1.0.1.jar:/home/user/.m2/repository/org/apache/kerby/token-provider/1.0.1/token-provider-1.0.1.jar:/home/user/.m2/repository/org/apache/kerby/kerb-admin/1.0.1/kerb-admin-1.0.1.jar:/home/user/.m2/repository/org/apache/kerby/kerb-server/1.0.1/kerb-server-1.0.1.jar:/home/user/.m2/repository/org/apache/kerby/kerb-identity/1.0.1/kerb-identity-1.0.1.jar:/home/user/.m2/repository/org/apache/kerby/kerby-xdr/1.0.1/kerby-xdr-1.0.1.jar:/home/user/.m2/repository/org/slf4j/slf4j-log4j12/1.7.25/slf4j-log4j12-1.7.25.jar:/home/user/.m2/repository/org/apache/hadoop/hadoop-ozone-s3gateway/0.5.0-SNAPSHOT/hadoop-ozone-s3gateway-0.5.0-SNAPSHOT.jar:/home/user/.m2/repository/org/jboss/weld/servlet/weld-servlet/2.4.7.Final/weld-servlet-2.4.7.Final.jar:/home/user/.m2/repository/org/glassfish/jersey/containers/jersey-container-servlet-core/2.27/jersey-container-servlet-core-2.27.jar:/home/user/.m2/repository/org/glassfish/hk2/external/javax.inject/2.5.0-b42/javax.inject-2.5.0-b42.jar:/home/user/.m2/repository/org/glassfish/jersey/core/jersey-common/2.27/jersey-common-2.27.jar:/home/user/.m2/repository/org/glassfish/hk2/osgi-resource-locator/1.0.1/osgi-resource-locator-1.0.1.jar:/home/user/.m2/repository/javax/ws/rs/javax.ws.rs-api/2.1/javax.ws.rs-api-2.1.jar:/home/user/.m2/repository/org/glassfish/jersey/ext/cdi/jersey-cdi1x/2.27/jersey-cdi1x-2.27.jar:/home/user/.m2/repository/org/glassfish/jersey/inject/jersey-hk2/2.27/jersey-hk2-2.27.jar:/home/user/.m2/repository/org/glassfish/hk2/hk2-locator/2.5.0-b42/hk2-locator-2.5.0-b42.jar:/home/user/.m2/repository/org/javassist/javassist/3.22.0-CR2/javassist-3.22.0-CR2.jar:/home/user/.m2/repository/org/glassfish/hk2/hk2-api/2.5.0/hk2-api-2.5.0.jar:/home/user/.m2/repository/org/glassfish/hk2/external/jakarta.inject/2.5.0/jakarta.inject-2.5.0.jar:/home/user/.m2/repository/org/glassfish/hk2/hk2-utils/2.5.0/hk2-utils-2.5.0.jar:/home/user/.m2/repository/jakarta/annotation/jakarta.annotation-api/1.3.4/jakarta.annotation-api-1.3.4.jar:/home/user/.m2/repository/org/glassfish/hk2/external/aopalliance-repackaged/2.5.0/aopalliance-repackaged-2.5.0.jar:/home/user/.m2/repository/com/fasterxml/jackson/dataformat/jackson-dataformat-xml/2.9.0/jackson-dataformat-xml-2.9.0.jar:/home/user/.m2/repository/com/fasterxml/jackson/core/jackson-core/2.9.5/jackson-core-2.9.5.jar:/home/user/.m2/repository/com/fasterxml/jackson/module/jackson-module-jaxb-annotations/2.9.5/jackson-module-jaxb-annotations-2.9.5.jar:/home/user/.m2/repository/javax/enterprise/cdi-api/1.2/cdi-api-1.2.jar:/home/user/.m2/repository/javax/el/javax.el-api/3.0.0/javax.el-api-3.0.0.jar:/home/user/.m2/repository/javax/interceptor/javax.interceptor-api/1.2/javax.interceptor-api-1.2.jar:/home/user/.m2/repository/javax/inject/javax.inject/1/javax.inject-1.jar:/home/user/.m2/repository/com/sun/xml/bind/jaxb-impl/2.3.0.1/jaxb-impl-2.3.0.1.jar:/home/user/.m2/repository/com/sun/xml/bind/jaxb-core/2.3.0.1/jaxb-core-2.3.0.1.jar:/home/user/.m2/repository/javax/xml/bind/jaxb-api/2.3.0/jaxb-api-2.3.0.jar:/home/user/.m2/repository/javax/activation/activation/1.1.1/activation-1.1.1.jar:/home/user/.m2/repository/org/apache/hadoop/hadoop-ozone-csi/0.5.0-SNAPSHOT/hadoop-ozone-csi-0.5.0-SNAPSHOT.jar:/home/user/.m2/repository/com/google/protobuf/protobuf-java-util/3.5.1/protobuf-java-util-3.5.1.jar:/home/user/.m2/repository/org/apache/hadoop/hadoop-hdds-config/0.5.0-SNAPSHOT/hadoop-hdds-config-0.5.0-SNAPSHOT.jar:/home/user/.m2/repository/io/grpc/grpc-netty/1.17.1/grpc-netty-1.17.1.jar:/home/user/.m2/repository/io/grpc/grpc-core/1.17.1/grpc-core-1.17.1.jar:/home/user/.m2/repository/io/grpc/grpc-context/1.17.1/grpc-context-1.17.1.jar:/home/user/.m2/repository/com/google/errorprone/error_prone_annotations/2.2.0/error_prone_annotations-2.2.0.jar:/home/user/.m2/repository/org/codehaus/mojo/animal-sniffer-annotations/1.17/animal-sniffer-annotations-1.17.jar:/home/user/.m2/repository/io/opencensus/opencensus-api/0.17.0/opencensus-api-0.17.0.jar:/home/user/.m2/repository/io/opencensus/opencensus-contrib-grpc-metrics/0.17.0/opencensus-contrib-grpc-metrics-0.17.0.jar:/home/user/.m2/repository/io/netty/netty-codec-http2/4.1.30.Final/netty-codec-http2-4.1.30.Final.jar:/home/user/.m2/repository/io/netty/netty-codec-http/4.1.30.Final/netty-codec-http-4.1.30.Final.jar:/home/user/.m2/repository/io/netty/netty-codec/4.1.30.Final/netty-codec-4.1.30.Final.jar:/home/user/.m2/repository/io/netty/netty-handler/4.1.30.Final/netty-handler-4.1.30.Final.jar:/home/user/.m2/repository/io/netty/netty-handler-proxy/4.1.30.Final/netty-handler-proxy-4.1.30.Final.jar:/home/user/.m2/repository/io/netty/netty-codec-socks/4.1.30.Final/netty-codec-socks-4.1.30.Final.jar:/home/user/.m2/repository/io/netty/netty-transport-native-epoll/4.1.30.Final/netty-transport-native-epoll-4.1.30.Final.jar:/home/user/.m2/repository/io/netty/netty-common/4.1.30.Final/netty-common-4.1.30.Final.jar:/home/user/.m2/repository/io/netty/netty-buffer/4.1.30.Final/netty-buffer-4.1.30.Final.jar:/home/user/.m2/repository/io/netty/netty-transport/4.1.30.Final/netty-transport-4.1.30.Final.jar:/home/user/.m2/repository/io/netty/netty-resolver/4.1.30.Final/netty-resolver-4.1.30.Final.jar:/home/user/.m2/repository/io/netty/netty-transport-native-unix-common/4.1.30.Final/netty-transport-native-unix-common-4.1.30.Final.jar:/home/user/.m2/repository/io/grpc/grpc-protobuf/1.17.1/grpc-protobuf-1.17.1.jar:/home/user/.m2/repository/com/google/api/grpc/proto-google-common-protos/1.0.0/proto-google-common-protos-1.0.0.jar:/home/user/.m2/repository/io/grpc/grpc-protobuf-lite/1.17.1/grpc-protobuf-lite-1.17.1.jar:/home/user/.m2/repository/io/grpc/grpc-stub/1.17.1/grpc-stub-1.17.1.jar:/home/user/.m2/repository/org/apache/hadoop/hadoop-ozone-recon/0.5.0-SNAPSHOT/hadoop-ozone-recon-0.5.0-SNAPSHOT.jar:/home/user/.m2/repository/org/apache/hadoop/hadoop-ozone-reconcodegen/0.5.0-SNAPSHOT/hadoop-ozone-reconcodegen-0.5.0-SNAPSHOT.jar:/home/user/.m2/repository/com/google/inject/extensions/guice-multibindings/4.0/guice-multibindings-4.0.jar:/home/user/.m2/repository/com/google/inject/guice/4.0/guice-4.0.jar:/home/user/.m2/repository/aopalliance/aopalliance/1.0/aopalliance-1.0.jar:/home/user/.m2/repository/com/google/inject/extensions/guice-servlet/4.0/guice-servlet-4.0.jar:/home/user/.m2/repository/org/glassfish/jersey/containers/jersey-container-servlet/2.27/jersey-container-servlet-2.27.jar:/home/user/.m2/repository/org/glassfish/hk2/guice-bridge/2.5.0/guice-bridge-2.5.0.jar:/home/user/.m2/repository/org/glassfish/jersey/core/jersey-server/2.27/jersey-server-2.27.jar:/home/user/.m2/repository/org/glassfish/jersey/core/jersey-client/2.27/jersey-client-2.27.jar:/home/user/.m2/repository/org/glassfish/jersey/media/jersey-media-jaxb/2.27/jersey-media-jaxb-2.27.jar:/home/user/.m2/repository/javax/validation/validation-api/1.1.0.Final/validation-api-1.1.0.Final.jar:/home/user/.m2/repository/org/glassfish/jersey/media/jersey-media-json-jackson/2.27/jersey-media-json-jackson-2.27.jar:/home/user/.m2/repository/org/glassfish/jersey/ext/jersey-entity-filtering/2.27/jersey-entity-filtering-2.27.jar:/home/user/.m2/repository/com/google/inject/extensions/guice-assistedinject/4.0/guice-assistedinject-4.0.jar:/home/user/.m2/repository/org/jooq/jooq/3.11.10/jooq-3.11.10.jar:/home/user/.m2/repository/org/jooq/jooq-meta/3.11.10/jooq-meta-3.11.10.jar:/home/user/.m2/repository/org/jooq/jooq-codegen/3.11.10/jooq-codegen-3.11.10.jar:/home/user/.m2/repository/com/jolbox/bonecp/0.8.0.RELEASE/bonecp-0.8.0.RELEASE.jar:/home/user/.m2/repository/org/xerial/sqlite-jdbc/3.25.2/sqlite-jdbc-3.25.2.jar:/home/user/.m2/repository/org/springframework/spring-jdbc/5.1.3.RELEASE/spring-jdbc-5.1.3.RELEASE.jar:/home/user/.m2/repository/org/springframework/spring-beans/5.1.3.RELEASE/spring-beans-5.1.3.RELEASE.jar:/home/user/.m2/repository/org/springframework/spring-core/5.1.3.RELEASE/spring-core-5.1.3.RELEASE.jar:/home/user/.m2/repository/org/springframework/spring-jcl/5.1.3.RELEASE/spring-jcl-5.1.3.RELEASE.jar:/home/user/.m2/repository/org/springframework/spring-tx/5.1.3.RELEASE/spring-tx-5.1.3.RELEASE.jar:/home/user/.m2/repository/org/apache/hadoop/hadoop-ozone-client/0.5.0-SNAPSHOT/hadoop-ozone-client-0.5.0-SNAPSHOT.jar:/home/user/.m2/repository/commons-lang/commons-lang/2.6/commons-lang-2.6.jar:/home/user/.m2/repository/org/apache/hadoop/hadoop-ozone-ozone-manager/0.5.0-SNAPSHOT/hadoop-ozone-ozone-manager-0.5.0-SNAPSHOT-tests.jar:/home/user/.m2/repository/junit/junit/4.11/junit-4.11.jar:/home/user/.m2/repository/org/hamcrest/hamcrest-core/1.3/hamcrest-core-1.3.jar:/home/user/.m2/repository/org/openjdk/jmh/jmh-core/1.19/jmh-core-1.19.jar:/home/user/.m2/repository/net/sf/jopt-simple/jopt-simple/4.6/jopt-simple-4.6.jar:/home/user/.m2/repository/org/apache/commons/commons-math3/3.1.1/commons-math3-3.1.1.jar:/home/user/.m2/repository/org/openjdk/jmh/jmh-generator-annprocess/1.19/jmh-generator-annprocess-1.19.jar:/home/user/.m2/repository/org/mockito/mockito-all/1.8.5/mockito-all-1.8.5.jar:/home/user/.m2/repository/org/apache/hadoop/hadoop-kms/3.2.0/hadoop-kms-3.2.0.jar:/home/user/.m2/repository/org/apache/hadoop/hadoop-auth/3.2.0/hadoop-auth-3.2.0.jar:/home/user/.m2/repository/com/nimbusds/nimbus-jose-jwt/4.41.1/nimbus-jose-jwt-4.41.1.jar:/home/user/.m2/repository/com/github/stephenc/jcip/jcip-annotations/1.0-1/jcip-annotations-1.0-1.jar:/home/user/.m2/repository/net/minidev/json-smart/2.3/json-smart-2.3.jar:/home/user/.m2/repository/net/minidev/accessors-smart/1.2/accessors-smart-1.2.jar:/home/user/.m2/repository/org/ow2/asm/asm/5.0.4/asm-5.0.4.jar:/home/user/.m2/repository/org/apache/curator/curator-framework/2.12.0/curator-framework-2.12.0.jar:/home/user/.m2/repository/com/sun/jersey/jersey-core/1.19/jersey-core-1.19.jar:/home/user/.m2/repository/javax/ws/rs/jsr311-api/1.1.1/jsr311-api-1.1.1.jar:/home/user/.m2/repository/com/sun/jersey/jersey-server/1.19/jersey-server-1.19.jar:/home/user/.m2/repository/javax/servlet/javax.servlet-api/3.1.0/javax.servlet-api-3.1.0.jar:/home/user/.m2/repository/org/eclipse/jetty/jetty-server/9.3.24.v20180605/jetty-server-9.3.24.v20180605.jar:/home/user/.m2/repository/org/eclipse/jetty/jetty-http/9.3.24.v20180605/jetty-http-9.3.24.v20180605.jar:/home/user/.m2/repository/org/eclipse/jetty/jetty-io/9.3.24.v20180605/jetty-io-9.3.24.v20180605.jar:/home/user/.m2/repository/org/eclipse/jetty/jetty-webapp/9.3.24.v20180605/jetty-webapp-9.3.24.v20180605.jar:/home/user/.m2/repository/org/eclipse/jetty/jetty-xml/9.3.24.v20180605/jetty-xml-9.3.24.v20180605.jar:/home/user/.m2/repository/log4j/log4j/1.2.17/log4j-1.2.17.jar:/home/user/.m2/repository/org/slf4j/slf4j-api/1.7.25/slf4j-api-1.7.25.jar:/home/user/.m2/repository/org/slf4j/jul-to-slf4j/1.7.25/jul-to-slf4j-1.7.25.jar:/home/user/.m2/repository/org/eclipse/jetty/jetty-util/9.3.24.v20180605/jetty-util-9.3.24.v20180605.jar:/home/user/.m2/repository/com/fasterxml/jackson/core/jackson-databind/2.9.5/jackson-databind-2.9.5.jar:/home/user/.m2/repository/org/apache/hadoop/hadoop-kms/3.2.0/hadoop-kms-3.2.0-tests.jar:/home/user/.m2/repository/org/apache/hadoop/hadoop-hdds-server-scm/0.5.0-SNAPSHOT/hadoop-hdds-server-scm-0.5.0-SNAPSHOT-tests.jar:/home/user/.m2/repository/org/apache/hadoop/hadoop-hdds-container-service/0.5.0-SNAPSHOT/hadoop-hdds-container-service-0.5.0-SNAPSHOT-tests.jar:/home/user/.m2/repository/org/yaml/snakeyaml/1.16/snakeyaml-1.16.jar:/home/user/.m2/repository/org/apache/hadoop/hadoop-common/3.2.0/hadoop-common-3.2.0-tests.jar:/home/user/.m2/repository/org/apache/hadoop/hadoop-annotations/3.2.0/hadoop-annotations-3.2.0.jar:/usr/lib/jvm/java-1.8-openjdk/jre/../lib/tools.jar:/home/user/.m2/repository/commons-cli/commons-cli/1.2/commons-cli-1.2.jar:/home/user/.m2/repository/org/apache/httpcomponents/httpclient/4.5.2/httpclient-4.5.2.jar:/home/user/.m2/repository/org/apache/httpcomponents/httpcore/4.4.4/httpcore-4.4.4.jar:/home/user/.m2/repository/commons-codec/commons-codec/1.11/commons-codec-1.11.jar:/home/user/.m2/repository/commons-net/commons-net/3.6/commons-net-3.6.jar:/home/user/.m2/repository/commons-collections/commons-collections/3.2.2/commons-collections-3.2.2.jar:/home/user/.m2/repository/org/eclipse/jetty/jetty-servlet/9.3.24.v20180605/jetty-servlet-9.3.24.v20180605.jar:/home/user/.m2/repository/org/eclipse/jetty/jetty-security/9.3.24.v20180605/jetty-security-9.3.24.v20180605.jar:/home/user/.m2/repository/javax/servlet/jsp/jsp-api/2.1/jsp-api-2.1.jar:/home/user/.m2/repository/com/sun/jersey/jersey-servlet/1.19/jersey-servlet-1.19.jar:/home/user/.m2/repository/com/sun/jersey/jersey-json/1.19/jersey-json-1.19.jar:/home/user/.m2/repository/org/codehaus/jettison/jettison/1.1/jettison-1.1.jar:/home/user/.m2/repository/org/codehaus/jackson/jackson-core-asl/1.9.13/jackson-core-asl-1.9.13.jar:/home/user/.m2/repository/org/codehaus/jackson/jackson-mapper-asl/1.9.13/jackson-mapper-asl-1.9.13.jar:/home/user/.m2/repository/org/codehaus/jackson/jackson-jaxrs/1.9.13/jackson-jaxrs-1.9.13.jar:/home/user/.m2/repository/org/codehaus/jackson/jackson-xc/1.9.13/jackson-xc-1.9.13.jar:/home/user/.m2/repository/commons-logging/commons-logging/1.1.3/commons-logging-1.1.3.jar:/home/user/.m2/repository/commons-beanutils/commons-beanutils/1.9.3/commons-beanutils-1.9.3.jar:/home/user/.m2/repository/org/apache/commons/commons-configuration2/2.1.1/commons-configuration2-2.1.1.jar:/home/user/.m2/repository/org/apache/commons/commons-lang3/3.7/commons-lang3-3.7.jar:/home/user/.m2/repository/org/apache/commons/commons-text/1.4/commons-text-1.4.jar:/home/user/.m2/repository/org/apache/avro/avro/1.7.7/avro-1.7.7.jar:/home/user/.m2/repository/com/thoughtworks/paranamer/paranamer/2.3/paranamer-2.3.jar:/home/user/.m2/repository/org/xerial/snappy/snappy-java/1.0.5/snappy-java-1.0.5.jar:/home/user/.m2/repository/com/google/re2j/re2j/1.1/re2j-1.1.jar:/home/user/.m2/repository/com/google/code/gson/gson/2.2.4/gson-2.2.4.jar:/home/user/.m2/repository/com/jcraft/jsch/0.1.54/jsch-0.1.54.jar:/home/user/.m2/repository/org/apache/curator/curator-client/2.12.0/curator-client-2.12.0.jar:/home/user/.m2/repository/org/apache/curator/curator-recipes/2.12.0/curator-recipes-2.12.0.jar:/home/user/.m2/repository/com/google/code/findbugs/jsr305/3.0.0/jsr305-3.0.0.jar:/home/user/.m2/repository/org/apache/htrace/htrace-core4/4.1.0-incubating/htrace-core4-4.1.0-incubating.jar:/home/user/.m2/repository/org/apache/zookeeper/zookeeper/3.4.13/zookeeper-3.4.13.jar:/home/user/.m2/repository/org/apache/yetus/audience-annotations/0.5.0/audience-annotations-0.5.0.jar:/home/user/.m2/repository/org/codehaus/woodstox/stax2-api/3.1.4/stax2-api-3.1.4.jar:/home/user/.m2/repository/com/fasterxml/woodstox/woodstox-core/5.0.3/woodstox-core-5.0.3.jar:/home/user/.m2/repository/dnsjava/dnsjava/2.1.7/dnsjava-2.1.7.jar:/home/user/.m2/repository/org/apache/hadoop/hadoop-hdfs/3.2.0/hadoop-hdfs-3.2.0-tests.jar:/home/user/.m2/repository/org/eclipse/jetty/jetty-util-ajax/9.3.24.v20180605/jetty-util-ajax-9.3.24.v20180605.jar:/home/user/.m2/repository/commons-daemon/commons-daemon/1.0.13/commons-daemon-1.0.13.jar:/home/user/.m2/repository/io/netty/netty/3.10.5.Final/netty-3.10.5.Final.jar:/home/user/.m2/repository/io/netty/netty-all/4.0.52.Final/netty-all-4.0.52.Final.jar:/home/user/.m2/repository/org/fusesource/leveldbjni/leveldbjni-all/1.8/leveldbjni-all-1.8.jar:"/>
    <property name="java.vm.vendor" value="IcedTea"/>
    <property name="sun.arch.data.model" value="64"/>
    <property name="test.build.dir" value="/workdir/hadoop-ozone/integration-test/target/test-dir"/>
    <property name="test.cache.data" value=""/>
    <property name="java.vendor.url" value="https://icedtea.classpath.org"/>
    <property name="user.timezone" value=""/>
    <property name="java.vm.specification.version" value="1.8"/>
    <property name="os.name" value="Linux"/>
    <property name="test.build.data" value="/workdir/hadoop-ozone/integration-test/target/test-dir"/>
    <property name="user.country" value="US"/>
    <property name="sun.java.launcher" value="SUN_STANDARD"/>
    <property name="sun.boot.library.path" value="/usr/lib/jvm/java-1.8-openjdk/jre/lib/amd64"/>
    <property name="sun.java.command" value="/workdir/hadoop-ozone/integration-test/target/surefire/surefirebooter6187755705625911528.jar /workdir/hadoop-ozone/integration-test/target/surefire 2019-09-05T10-44-03_925-jvmRun1 surefire1761349577148079421tmp surefire_16955742027702180211tmp"/>
    <property name="test" value="!TestMiniChaosOzoneCluster"/>
    <property name="surefire.test.class.path" value="/workdir/hadoop-ozone/integration-test/target/test-classes:/workdir/hadoop-ozone/integration-test/target/classes:/home/user/.m2/repository/org/apache/hadoop/hadoop-ozone-common/0.5.0-SNAPSHOT/hadoop-ozone-common-0.5.0-SNAPSHOT.jar:/home/user/.m2/repository/org/apache/commons/commons-compress/1.4.1/commons-compress-1.4.1.jar:/home/user/.m2/repository/org/tukaani/xz/1.0/xz-1.0.jar:/home/user/.m2/repository/org/apache/hadoop/hadoop-common/3.2.0/hadoop-common-3.2.0.jar:/home/user/.m2/repository/org/apache/hadoop/hadoop-hdfs/3.2.0/hadoop-hdfs-3.2.0.jar:/home/user/.m2/repository/org/apache/hadoop/hadoop-hdfs-client/3.2.0/hadoop-hdfs-client-3.2.0.jar:/home/user/.m2/repository/com/fasterxml/jackson/core/jackson-annotations/2.9.5/jackson-annotations-2.9.5.jar:/home/user/.m2/repository/org/apache/hadoop/hadoop-hdds-common/0.5.0-SNAPSHOT/hadoop-hdds-common-0.5.0-SNAPSHOT.jar:/home/user/.m2/repository/javax/annotation/javax.annotation-api/1.2/javax.annotation-api-1.2.jar:/home/user/.m2/repository/org/apache/ratis/ratis-server/0.4.0-78e95b9-SNAPSHOT/ratis-server-0.4.0-78e95b9-SNAPSHOT.jar:/home/user/.m2/repository/org/apache/ratis/ratis-thirdparty-misc/0.2.0/ratis-thirdparty-misc-0.2.0.jar:/home/user/.m2/repository/org/apache/ratis/ratis-proto/0.4.0-78e95b9-SNAPSHOT/ratis-proto-0.4.0-78e95b9-SNAPSHOT.jar:/home/user/.m2/repository/org/apache/ratis/ratis-common/0.4.0-78e95b9-SNAPSHOT/ratis-common-0.4.0-78e95b9-SNAPSHOT.jar:/home/user/.m2/repository/org/apache/ratis/ratis-client/0.4.0-78e95b9-SNAPSHOT/ratis-client-0.4.0-78e95b9-SNAPSHOT.jar:/home/user/.m2/repository/org/apache/ratis/ratis-metrics/0.4.0-78e95b9-SNAPSHOT/ratis-metrics-0.4.0-78e95b9-SNAPSHOT.jar:/home/user/.m2/repository/com/github/joshelser/dropwizard-metrics-hadoop-metrics2-reporter/0.1.2/dropwizard-metrics-hadoop-metrics2-reporter-0.1.2.jar:/home/user/.m2/repository/io/dropwizard/metrics/metrics-jvm/3.2.5/metrics-jvm-3.2.5.jar:/home/user/.m2/repository/io/dropwizard/metrics/metrics-ganglia/3.2.5/metrics-ganglia-3.2.5.jar:/home/user/.m2/repository/info/ganglia/gmetric4j/gmetric4j/1.0.7/gmetric4j-1.0.7.jar:/home/user/.m2/repository/org/apache/ratis/ratis-netty/0.4.0-78e95b9-SNAPSHOT/ratis-netty-0.4.0-78e95b9-SNAPSHOT.jar:/home/user/.m2/repository/org/apache/ratis/ratis-grpc/0.4.0-78e95b9-SNAPSHOT/ratis-grpc-0.4.0-78e95b9-SNAPSHOT.jar:/home/user/.m2/repository/org/rocksdb/rocksdbjni/6.0.1/rocksdbjni-6.0.1.jar:/home/user/.m2/repository/org/apache/logging/log4j/log4j-api/2.11.0/log4j-api-2.11.0.jar:/home/user/.m2/repository/org/apache/logging/log4j/log4j-core/2.11.0/log4j-core-2.11.0.jar:/home/user/.m2/repository/com/lmax/disruptor/3.4.2/disruptor-3.4.2.jar:/home/user/.m2/repository/org/apache/commons/commons-pool2/2.6.0/commons-pool2-2.6.0.jar:/home/user/.m2/repository/org/bouncycastle/bcpkix-jdk15on/1.60/bcpkix-jdk15on-1.60.jar:/home/user/.m2/repository/commons-validator/commons-validator/1.6/commons-validator-1.6.jar:/home/user/.m2/repository/commons-digester/commons-digester/1.8.1/commons-digester-1.8.1.jar:/home/user/.m2/repository/io/jaegertracing/jaeger-client/0.33.1/jaeger-client-0.33.1.jar:/home/user/.m2/repository/io/jaegertracing/jaeger-thrift/0.33.1/jaeger-thrift-0.33.1.jar:/home/user/.m2/repository/org/apache/thrift/libthrift/0.11.0/libthrift-0.11.0.jar:/home/user/.m2/repository/com/squareup/okhttp3/okhttp/3.9.0/okhttp-3.9.0.jar:/home/user/.m2/repository/com/squareup/okio/okio/1.13.0/okio-1.13.0.jar:/home/user/.m2/repository/io/jaegertracing/jaeger-core/0.33.1/jaeger-core-0.33.1.jar:/home/user/.m2/repository/io/jaegertracing/jaeger-tracerresolver/0.33.1/jaeger-tracerresolver-0.33.1.jar:/home/user/.m2/repository/io/opentracing/contrib/opentracing-tracerresolver/0.1.5/opentracing-tracerresolver-0.1.5.jar:/home/user/.m2/repository/io/opentracing/opentracing-util/0.31.0/opentracing-util-0.31.0.jar:/home/user/.m2/repository/io/opentracing/opentracing-api/0.31.0/opentracing-api-0.31.0.jar:/home/user/.m2/repository/io/opentracing/opentracing-noop/0.31.0/opentracing-noop-0.31.0.jar:/home/user/.m2/repository/org/apache/hadoop/hadoop-hdds-server-framework/0.5.0-SNAPSHOT/hadoop-hdds-server-framework-0.5.0-SNAPSHOT.jar:/home/user/.m2/repository/org/apache/hadoop/hadoop-hdds-container-service/0.5.0-SNAPSHOT/hadoop-hdds-container-service-0.5.0-SNAPSHOT.jar:/home/user/.m2/repository/org/apache/hadoop/hadoop-hdds-client/0.5.0-SNAPSHOT/hadoop-hdds-client-0.5.0-SNAPSHOT.jar:/home/user/.m2/repository/org/apache/hadoop/hadoop-hdds-tools/0.5.0-SNAPSHOT/hadoop-hdds-tools-0.5.0-SNAPSHOT.jar:/home/user/.m2/repository/org/apache/hadoop/hadoop-hdds-server-scm/0.5.0-SNAPSHOT/hadoop-hdds-server-scm-0.5.0-SNAPSHOT.jar:/home/user/.m2/repository/org/apache/hadoop/hadoop-hdds-docs/0.5.0-SNAPSHOT/hadoop-hdds-docs-0.5.0-SNAPSHOT.jar:/home/user/.m2/repository/io/dropwizard/metrics/metrics-core/3.2.4/metrics-core-3.2.4.jar:/home/user/.m2/repository/org/hamcrest/hamcrest-all/1.3/hamcrest-all-1.3.jar:/home/user/.m2/repository/org/bouncycastle/bcprov-jdk15on/1.60/bcprov-jdk15on-1.60.jar:/home/user/.m2/repository/info/picocli/picocli/3.9.6/picocli-3.9.6.jar:/home/user/.m2/repository/com/google/protobuf/protobuf-java/2.5.0/protobuf-java-2.5.0.jar:/home/user/.m2/repository/com/google/guava/guava/11.0.2/guava-11.0.2.jar:/home/user/.m2/repository/org/apache/hadoop/hadoop-ozone-ozone-manager/0.5.0-SNAPSHOT/hadoop-ozone-ozone-manager-0.5.0-SNAPSHOT.jar:/home/user/.m2/repository/org/apache/hadoop/hadoop-minikdc/3.2.0/hadoop-minikdc-3.2.0.jar:/home/user/.m2/repository/commons-io/commons-io/2.5/commons-io-2.5.jar:/home/user/.m2/repository/org/apache/kerby/kerb-simplekdc/1.0.1/kerb-simplekdc-1.0.1.jar:/home/user/.m2/repository/org/apache/kerby/kerb-client/1.0.1/kerb-client-1.0.1.jar:/home/user/.m2/repository/org/apache/kerby/kerby-config/1.0.1/kerby-config-1.0.1.jar:/home/user/.m2/repository/org/apache/kerby/kerb-core/1.0.1/kerb-core-1.0.1.jar:/home/user/.m2/repository/org/apache/kerby/kerby-pkix/1.0.1/kerby-pkix-1.0.1.jar:/home/user/.m2/repository/org/apache/kerby/kerby-asn1/1.0.1/kerby-asn1-1.0.1.jar:/home/user/.m2/repository/org/apache/kerby/kerby-util/1.0.1/kerby-util-1.0.1.jar:/home/user/.m2/repository/org/apache/kerby/kerb-common/1.0.1/kerb-common-1.0.1.jar:/home/user/.m2/repository/org/apache/kerby/kerb-crypto/1.0.1/kerb-crypto-1.0.1.jar:/home/user/.m2/repository/org/apache/kerby/kerb-util/1.0.1/kerb-util-1.0.1.jar:/home/user/.m2/repository/org/apache/kerby/token-provider/1.0.1/token-provider-1.0.1.jar:/home/user/.m2/repository/org/apache/kerby/kerb-admin/1.0.1/kerb-admin-1.0.1.jar:/home/user/.m2/repository/org/apache/kerby/kerb-server/1.0.1/kerb-server-1.0.1.jar:/home/user/.m2/repository/org/apache/kerby/kerb-identity/1.0.1/kerb-identity-1.0.1.jar:/home/user/.m2/repository/org/apache/kerby/kerby-xdr/1.0.1/kerby-xdr-1.0.1.jar:/home/user/.m2/repository/org/slf4j/slf4j-log4j12/1.7.25/slf4j-log4j12-1.7.25.jar:/home/user/.m2/repository/org/apache/hadoop/hadoop-ozone-s3gateway/0.5.0-SNAPSHOT/hadoop-ozone-s3gateway-0.5.0-SNAPSHOT.jar:/home/user/.m2/repository/org/jboss/weld/servlet/weld-servlet/2.4.7.Final/weld-servlet-2.4.7.Final.jar:/home/user/.m2/repository/org/glassfish/jersey/containers/jersey-container-servlet-core/2.27/jersey-container-servlet-core-2.27.jar:/home/user/.m2/repository/org/glassfish/hk2/external/javax.inject/2.5.0-b42/javax.inject-2.5.0-b42.jar:/home/user/.m2/repository/org/glassfish/jersey/core/jersey-common/2.27/jersey-common-2.27.jar:/home/user/.m2/repository/org/glassfish/hk2/osgi-resource-locator/1.0.1/osgi-resource-locator-1.0.1.jar:/home/user/.m2/repository/javax/ws/rs/javax.ws.rs-api/2.1/javax.ws.rs-api-2.1.jar:/home/user/.m2/repository/org/glassfish/jersey/ext/cdi/jersey-cdi1x/2.27/jersey-cdi1x-2.27.jar:/home/user/.m2/repository/org/glassfish/jersey/inject/jersey-hk2/2.27/jersey-hk2-2.27.jar:/home/user/.m2/repository/org/glassfish/hk2/hk2-locator/2.5.0-b42/hk2-locator-2.5.0-b42.jar:/home/user/.m2/repository/org/javassist/javassist/3.22.0-CR2/javassist-3.22.0-CR2.jar:/home/user/.m2/repository/org/glassfish/hk2/hk2-api/2.5.0/hk2-api-2.5.0.jar:/home/user/.m2/repository/org/glassfish/hk2/external/jakarta.inject/2.5.0/jakarta.inject-2.5.0.jar:/home/user/.m2/repository/org/glassfish/hk2/hk2-utils/2.5.0/hk2-utils-2.5.0.jar:/home/user/.m2/repository/jakarta/annotation/jakarta.annotation-api/1.3.4/jakarta.annotation-api-1.3.4.jar:/home/user/.m2/repository/org/glassfish/hk2/external/aopalliance-repackaged/2.5.0/aopalliance-repackaged-2.5.0.jar:/home/user/.m2/repository/com/fasterxml/jackson/dataformat/jackson-dataformat-xml/2.9.0/jackson-dataformat-xml-2.9.0.jar:/home/user/.m2/repository/com/fasterxml/jackson/core/jackson-core/2.9.5/jackson-core-2.9.5.jar:/home/user/.m2/repository/com/fasterxml/jackson/module/jackson-module-jaxb-annotations/2.9.5/jackson-module-jaxb-annotations-2.9.5.jar:/home/user/.m2/repository/javax/enterprise/cdi-api/1.2/cdi-api-1.2.jar:/home/user/.m2/repository/javax/el/javax.el-api/3.0.0/javax.el-api-3.0.0.jar:/home/user/.m2/repository/javax/interceptor/javax.interceptor-api/1.2/javax.interceptor-api-1.2.jar:/home/user/.m2/repository/javax/inject/javax.inject/1/javax.inject-1.jar:/home/user/.m2/repository/com/sun/xml/bind/jaxb-impl/2.3.0.1/jaxb-impl-2.3.0.1.jar:/home/user/.m2/repository/com/sun/xml/bind/jaxb-core/2.3.0.1/jaxb-core-2.3.0.1.jar:/home/user/.m2/repository/javax/xml/bind/jaxb-api/2.3.0/jaxb-api-2.3.0.jar:/home/user/.m2/repository/javax/activation/activation/1.1.1/activation-1.1.1.jar:/home/user/.m2/repository/org/apache/hadoop/hadoop-ozone-csi/0.5.0-SNAPSHOT/hadoop-ozone-csi-0.5.0-SNAPSHOT.jar:/home/user/.m2/repository/com/google/protobuf/protobuf-java-util/3.5.1/protobuf-java-util-3.5.1.jar:/home/user/.m2/repository/org/apache/hadoop/hadoop-hdds-config/0.5.0-SNAPSHOT/hadoop-hdds-config-0.5.0-SNAPSHOT.jar:/home/user/.m2/repository/io/grpc/grpc-netty/1.17.1/grpc-netty-1.17.1.jar:/home/user/.m2/repository/io/grpc/grpc-core/1.17.1/grpc-core-1.17.1.jar:/home/user/.m2/repository/io/grpc/grpc-context/1.17.1/grpc-context-1.17.1.jar:/home/user/.m2/repository/com/google/errorprone/error_prone_annotations/2.2.0/error_prone_annotations-2.2.0.jar:/home/user/.m2/repository/org/codehaus/mojo/animal-sniffer-annotations/1.17/animal-sniffer-annotations-1.17.jar:/home/user/.m2/repository/io/opencensus/opencensus-api/0.17.0/opencensus-api-0.17.0.jar:/home/user/.m2/repository/io/opencensus/opencensus-contrib-grpc-metrics/0.17.0/opencensus-contrib-grpc-metrics-0.17.0.jar:/home/user/.m2/repository/io/netty/netty-codec-http2/4.1.30.Final/netty-codec-http2-4.1.30.Final.jar:/home/user/.m2/repository/io/netty/netty-codec-http/4.1.30.Final/netty-codec-http-4.1.30.Final.jar:/home/user/.m2/repository/io/netty/netty-codec/4.1.30.Final/netty-codec-4.1.30.Final.jar:/home/user/.m2/repository/io/netty/netty-handler/4.1.30.Final/netty-handler-4.1.30.Final.jar:/home/user/.m2/repository/io/netty/netty-handler-proxy/4.1.30.Final/netty-handler-proxy-4.1.30.Final.jar:/home/user/.m2/repository/io/netty/netty-codec-socks/4.1.30.Final/netty-codec-socks-4.1.30.Final.jar:/home/user/.m2/repository/io/netty/netty-transport-native-epoll/4.1.30.Final/netty-transport-native-epoll-4.1.30.Final.jar:/home/user/.m2/repository/io/netty/netty-common/4.1.30.Final/netty-common-4.1.30.Final.jar:/home/user/.m2/repository/io/netty/netty-buffer/4.1.30.Final/netty-buffer-4.1.30.Final.jar:/home/user/.m2/repository/io/netty/netty-transport/4.1.30.Final/netty-transport-4.1.30.Final.jar:/home/user/.m2/repository/io/netty/netty-resolver/4.1.30.Final/netty-resolver-4.1.30.Final.jar:/home/user/.m2/repository/io/netty/netty-transport-native-unix-common/4.1.30.Final/netty-transport-native-unix-common-4.1.30.Final.jar:/home/user/.m2/repository/io/grpc/grpc-protobuf/1.17.1/grpc-protobuf-1.17.1.jar:/home/user/.m2/repository/com/google/api/grpc/proto-google-common-protos/1.0.0/proto-google-common-protos-1.0.0.jar:/home/user/.m2/repository/io/grpc/grpc-protobuf-lite/1.17.1/grpc-protobuf-lite-1.17.1.jar:/home/user/.m2/repository/io/grpc/grpc-stub/1.17.1/grpc-stub-1.17.1.jar:/home/user/.m2/repository/org/apache/hadoop/hadoop-ozone-recon/0.5.0-SNAPSHOT/hadoop-ozone-recon-0.5.0-SNAPSHOT.jar:/home/user/.m2/repository/org/apache/hadoop/hadoop-ozone-reconcodegen/0.5.0-SNAPSHOT/hadoop-ozone-reconcodegen-0.5.0-SNAPSHOT.jar:/home/user/.m2/repository/com/google/inject/extensions/guice-multibindings/4.0/guice-multibindings-4.0.jar:/home/user/.m2/repository/com/google/inject/guice/4.0/guice-4.0.jar:/home/user/.m2/repository/aopalliance/aopalliance/1.0/aopalliance-1.0.jar:/home/user/.m2/repository/com/google/inject/extensions/guice-servlet/4.0/guice-servlet-4.0.jar:/home/user/.m2/repository/org/glassfish/jersey/containers/jersey-container-servlet/2.27/jersey-container-servlet-2.27.jar:/home/user/.m2/repository/org/glassfish/hk2/guice-bridge/2.5.0/guice-bridge-2.5.0.jar:/home/user/.m2/repository/org/glassfish/jersey/core/jersey-server/2.27/jersey-server-2.27.jar:/home/user/.m2/repository/org/glassfish/jersey/core/jersey-client/2.27/jersey-client-2.27.jar:/home/user/.m2/repository/org/glassfish/jersey/media/jersey-media-jaxb/2.27/jersey-media-jaxb-2.27.jar:/home/user/.m2/repository/javax/validation/validation-api/1.1.0.Final/validation-api-1.1.0.Final.jar:/home/user/.m2/repository/org/glassfish/jersey/media/jersey-media-json-jackson/2.27/jersey-media-json-jackson-2.27.jar:/home/user/.m2/repository/org/glassfish/jersey/ext/jersey-entity-filtering/2.27/jersey-entity-filtering-2.27.jar:/home/user/.m2/repository/com/google/inject/extensions/guice-assistedinject/4.0/guice-assistedinject-4.0.jar:/home/user/.m2/repository/org/jooq/jooq/3.11.10/jooq-3.11.10.jar:/home/user/.m2/repository/org/jooq/jooq-meta/3.11.10/jooq-meta-3.11.10.jar:/home/user/.m2/repository/org/jooq/jooq-codegen/3.11.10/jooq-codegen-3.11.10.jar:/home/user/.m2/repository/com/jolbox/bonecp/0.8.0.RELEASE/bonecp-0.8.0.RELEASE.jar:/home/user/.m2/repository/org/xerial/sqlite-jdbc/3.25.2/sqlite-jdbc-3.25.2.jar:/home/user/.m2/repository/org/springframework/spring-jdbc/5.1.3.RELEASE/spring-jdbc-5.1.3.RELEASE.jar:/home/user/.m2/repository/org/springframework/spring-beans/5.1.3.RELEASE/spring-beans-5.1.3.RELEASE.jar:/home/user/.m2/repository/org/springframework/spring-core/5.1.3.RELEASE/spring-core-5.1.3.RELEASE.jar:/home/user/.m2/repository/org/springframework/spring-jcl/5.1.3.RELEASE/spring-jcl-5.1.3.RELEASE.jar:/home/user/.m2/repository/org/springframework/spring-tx/5.1.3.RELEASE/spring-tx-5.1.3.RELEASE.jar:/home/user/.m2/repository/org/apache/hadoop/hadoop-ozone-client/0.5.0-SNAPSHOT/hadoop-ozone-client-0.5.0-SNAPSHOT.jar:/home/user/.m2/repository/commons-lang/commons-lang/2.6/commons-lang-2.6.jar:/home/user/.m2/repository/org/apache/hadoop/hadoop-ozone-ozone-manager/0.5.0-SNAPSHOT/hadoop-ozone-ozone-manager-0.5.0-SNAPSHOT-tests.jar:/home/user/.m2/repository/junit/junit/4.11/junit-4.11.jar:/home/user/.m2/repository/org/hamcrest/hamcrest-core/1.3/hamcrest-core-1.3.jar:/home/user/.m2/repository/org/openjdk/jmh/jmh-core/1.19/jmh-core-1.19.jar:/home/user/.m2/repository/net/sf/jopt-simple/jopt-simple/4.6/jopt-simple-4.6.jar:/home/user/.m2/repository/org/apache/commons/commons-math3/3.1.1/commons-math3-3.1.1.jar:/home/user/.m2/repository/org/openjdk/jmh/jmh-generator-annprocess/1.19/jmh-generator-annprocess-1.19.jar:/home/user/.m2/repository/org/mockito/mockito-all/1.8.5/mockito-all-1.8.5.jar:/home/user/.m2/repository/org/apache/hadoop/hadoop-kms/3.2.0/hadoop-kms-3.2.0.jar:/home/user/.m2/repository/org/apache/hadoop/hadoop-auth/3.2.0/hadoop-auth-3.2.0.jar:/home/user/.m2/repository/com/nimbusds/nimbus-jose-jwt/4.41.1/nimbus-jose-jwt-4.41.1.jar:/home/user/.m2/repository/com/github/stephenc/jcip/jcip-annotations/1.0-1/jcip-annotations-1.0-1.jar:/home/user/.m2/repository/net/minidev/json-smart/2.3/json-smart-2.3.jar:/home/user/.m2/repository/net/minidev/accessors-smart/1.2/accessors-smart-1.2.jar:/home/user/.m2/repository/org/ow2/asm/asm/5.0.4/asm-5.0.4.jar:/home/user/.m2/repository/org/apache/curator/curator-framework/2.12.0/curator-framework-2.12.0.jar:/home/user/.m2/repository/com/sun/jersey/jersey-core/1.19/jersey-core-1.19.jar:/home/user/.m2/repository/javax/ws/rs/jsr311-api/1.1.1/jsr311-api-1.1.1.jar:/home/user/.m2/repository/com/sun/jersey/jersey-server/1.19/jersey-server-1.19.jar:/home/user/.m2/repository/javax/servlet/javax.servlet-api/3.1.0/javax.servlet-api-3.1.0.jar:/home/user/.m2/repository/org/eclipse/jetty/jetty-server/9.3.24.v20180605/jetty-server-9.3.24.v20180605.jar:/home/user/.m2/repository/org/eclipse/jetty/jetty-http/9.3.24.v20180605/jetty-http-9.3.24.v20180605.jar:/home/user/.m2/repository/org/eclipse/jetty/jetty-io/9.3.24.v20180605/jetty-io-9.3.24.v20180605.jar:/home/user/.m2/repository/org/eclipse/jetty/jetty-webapp/9.3.24.v20180605/jetty-webapp-9.3.24.v20180605.jar:/home/user/.m2/repository/org/eclipse/jetty/jetty-xml/9.3.24.v20180605/jetty-xml-9.3.24.v20180605.jar:/home/user/.m2/repository/log4j/log4j/1.2.17/log4j-1.2.17.jar:/home/user/.m2/repository/org/slf4j/slf4j-api/1.7.25/slf4j-api-1.7.25.jar:/home/user/.m2/repository/org/slf4j/jul-to-slf4j/1.7.25/jul-to-slf4j-1.7.25.jar:/home/user/.m2/repository/org/eclipse/jetty/jetty-util/9.3.24.v20180605/jetty-util-9.3.24.v20180605.jar:/home/user/.m2/repository/com/fasterxml/jackson/core/jackson-databind/2.9.5/jackson-databind-2.9.5.jar:/home/user/.m2/repository/org/apache/hadoop/hadoop-kms/3.2.0/hadoop-kms-3.2.0-tests.jar:/home/user/.m2/repository/org/apache/hadoop/hadoop-hdds-server-scm/0.5.0-SNAPSHOT/hadoop-hdds-server-scm-0.5.0-SNAPSHOT-tests.jar:/home/user/.m2/repository/org/apache/hadoop/hadoop-hdds-container-service/0.5.0-SNAPSHOT/hadoop-hdds-container-service-0.5.0-SNAPSHOT-tests.jar:/home/user/.m2/repository/org/yaml/snakeyaml/1.16/snakeyaml-1.16.jar:/home/user/.m2/repository/org/apache/hadoop/hadoop-common/3.2.0/hadoop-common-3.2.0-tests.jar:/home/user/.m2/repository/org/apache/hadoop/hadoop-annotations/3.2.0/hadoop-annotations-3.2.0.jar:/usr/lib/jvm/java-1.8-openjdk/jre/../lib/tools.jar:/home/user/.m2/repository/commons-cli/commons-cli/1.2/commons-cli-1.2.jar:/home/user/.m2/repository/org/apache/httpcomponents/httpclient/4.5.2/httpclient-4.5.2.jar:/home/user/.m2/repository/org/apache/httpcomponents/httpcore/4.4.4/httpcore-4.4.4.jar:/home/user/.m2/repository/commons-codec/commons-codec/1.11/commons-codec-1.11.jar:/home/user/.m2/repository/commons-net/commons-net/3.6/commons-net-3.6.jar:/home/user/.m2/repository/commons-collections/commons-collections/3.2.2/commons-collections-3.2.2.jar:/home/user/.m2/repository/org/eclipse/jetty/jetty-servlet/9.3.24.v20180605/jetty-servlet-9.3.24.v20180605.jar:/home/user/.m2/repository/org/eclipse/jetty/jetty-security/9.3.24.v20180605/jetty-security-9.3.24.v20180605.jar:/home/user/.m2/repository/javax/servlet/jsp/jsp-api/2.1/jsp-api-2.1.jar:/home/user/.m2/repository/com/sun/jersey/jersey-servlet/1.19/jersey-servlet-1.19.jar:/home/user/.m2/repository/com/sun/jersey/jersey-json/1.19/jersey-json-1.19.jar:/home/user/.m2/repository/org/codehaus/jettison/jettison/1.1/jettison-1.1.jar:/home/user/.m2/repository/org/codehaus/jackson/jackson-core-asl/1.9.13/jackson-core-asl-1.9.13.jar:/home/user/.m2/repository/org/codehaus/jackson/jackson-mapper-asl/1.9.13/jackson-mapper-asl-1.9.13.jar:/home/user/.m2/repository/org/codehaus/jackson/jackson-jaxrs/1.9.13/jackson-jaxrs-1.9.13.jar:/home/user/.m2/repository/org/codehaus/jackson/jackson-xc/1.9.13/jackson-xc-1.9.13.jar:/home/user/.m2/repository/commons-logging/commons-logging/1.1.3/commons-logging-1.1.3.jar:/home/user/.m2/repository/commons-beanutils/commons-beanutils/1.9.3/commons-beanutils-1.9.3.jar:/home/user/.m2/repository/org/apache/commons/commons-configuration2/2.1.1/commons-configuration2-2.1.1.jar:/home/user/.m2/repository/org/apache/commons/commons-lang3/3.7/commons-lang3-3.7.jar:/home/user/.m2/repository/org/apache/commons/commons-text/1.4/commons-text-1.4.jar:/home/user/.m2/repository/org/apache/avro/avro/1.7.7/avro-1.7.7.jar:/home/user/.m2/repository/com/thoughtworks/paranamer/paranamer/2.3/paranamer-2.3.jar:/home/user/.m2/repository/org/xerial/snappy/snappy-java/1.0.5/snappy-java-1.0.5.jar:/home/user/.m2/repository/com/google/re2j/re2j/1.1/re2j-1.1.jar:/home/user/.m2/repository/com/google/code/gson/gson/2.2.4/gson-2.2.4.jar:/home/user/.m2/repository/com/jcraft/jsch/0.1.54/jsch-0.1.54.jar:/home/user/.m2/repository/org/apache/curator/curator-client/2.12.0/curator-client-2.12.0.jar:/home/user/.m2/repository/org/apache/curator/curator-recipes/2.12.0/curator-recipes-2.12.0.jar:/home/user/.m2/repository/com/google/code/findbugs/jsr305/3.0.0/jsr305-3.0.0.jar:/home/user/.m2/repository/org/apache/htrace/htrace-core4/4.1.0-incubating/htrace-core4-4.1.0-incubating.jar:/home/user/.m2/repository/org/apache/zookeeper/zookeeper/3.4.13/zookeeper-3.4.13.jar:/home/user/.m2/repository/org/apache/yetus/audience-annotations/0.5.0/audience-annotations-0.5.0.jar:/home/user/.m2/repository/org/codehaus/woodstox/stax2-api/3.1.4/stax2-api-3.1.4.jar:/home/user/.m2/repository/com/fasterxml/woodstox/woodstox-core/5.0.3/woodstox-core-5.0.3.jar:/home/user/.m2/repository/dnsjava/dnsjava/2.1.7/dnsjava-2.1.7.jar:/home/user/.m2/repository/org/apache/hadoop/hadoop-hdfs/3.2.0/hadoop-hdfs-3.2.0-tests.jar:/home/user/.m2/repository/org/eclipse/jetty/jetty-util-ajax/9.3.24.v20180605/jetty-util-ajax-9.3.24.v20180605.jar:/home/user/.m2/repository/commons-daemon/commons-daemon/1.0.13/commons-daemon-1.0.13.jar:/home/user/.m2/repository/io/netty/netty/3.10.5.Final/netty-3.10.5.Final.jar:/home/user/.m2/repository/io/netty/netty-all/4.0.52.Final/netty-all-4.0.52.Final.jar:/home/user/.m2/repository/org/fusesource/leveldbjni/leveldbjni-all/1.8/leveldbjni-all-1.8.jar:"/>
    <property name="sun.cpu.endian" value="little"/>
    <property name="user.home" value="/home/user"/>
    <property name="user.language" value="en"/>
    <property name="java.specification.vendor" value="Oracle Corporation"/>
    <property name="java.home" value="/usr/lib/jvm/java-1.8-openjdk/jre"/>
    <property name="java.security.krb5.conf" value="/workdir/hadoop-ozone/integration-test/target/test-classes/krb5.conf"/>
    <property name="basedir" value="/workdir/hadoop-ozone/integration-test"/>
    <property name="file.separator" value="/"/>
    <property name="line.separator" value="&#10;"/>
    <property name="java.vm.specification.vendor" value="Oracle Corporation"/>
    <property name="java.specification.name" value="Java Platform API Specification"/>
    <property name="java.awt.graphicsenv" value="sun.awt.X11GraphicsEnvironment"/>
    <property name="surefire.real.class.path" value="/workdir/hadoop-ozone/integration-test/target/surefire/surefirebooter6187755705625911528.jar"/>
    <property name="hadoop.log.dir" value="/workdir/hadoop-ozone/integration-test/target/log"/>
    <property name="sun.boot.class.path" value="/usr/lib/jvm/java-1.8-openjdk/jre/lib/resources.jar:/usr/lib/jvm/java-1.8-openjdk/jre/lib/rt.jar:/usr/lib/jvm/java-1.8-openjdk/jre/lib/sunrsasign.jar:/usr/lib/jvm/java-1.8-openjdk/jre/lib/jsse.jar:/usr/lib/jvm/java-1.8-openjdk/jre/lib/jce.jar:/usr/lib/jvm/java-1.8-openjdk/jre/lib/charsets.jar:/usr/lib/jvm/java-1.8-openjdk/jre/lib/jfr.jar:/usr/lib/jvm/java-1.8-openjdk/jre/classes"/>
    <property name="sun.management.compiler" value="HotSpot 64-Bit Tiered Compilers"/>
    <property name="java.runtime.version" value="1.8.0_212-b04"/>
    <property name="java.net.preferIPv4Stack" value="true"/>
    <property name="user.name" value="jenkins1000"/>
    <property name="path.separator" value=":"/>
    <property name="java.security.egd" value="file:///dev/urandom"/>
    <property name="os.version" value="3.10.0-957.12.2.el7.x86_64"/>
    <property name="java.endorsed.dirs" value="/usr/lib/jvm/java-1.8-openjdk/jre/lib/endorsed"/>
    <property name="java.runtime.name" value="OpenJDK Runtime Environment"/>
    <property name="file.encoding" value="UTF-8"/>
    <property name="java.vm.name" value="OpenJDK 64-Bit Server VM"/>
    <property name="test.build.webapps" value=""/>
    <property name="localRepository" value="/home/user/.m2/repository"/>
    <property name="java.vendor.url.bug" value="https://icedtea.classpath.org/bugzilla"/>
    <property name="java.io.tmpdir" value="/tmp"/>
    <property name="require.test.libhadoop" value=""/>
    <property name="java.version" value="1.8.0_212"/>
    <property name="user.dir" value="/workdir/hadoop-ozone/integration-test"/>
    <property name="os.arch" value="amd64"/>
    <property name="java.vm.specification.name" value="Java Virtual Machine Specification"/>
    <property name="test.build.classes" value="/workdir/hadoop-ozone/integration-test/target/test-classes"/>
    <property name="java.awt.printerjob" value="sun.print.PSPrinterJob"/>
    <property name="sun.os.patch.level" value="unknown"/>
    <property name="hadoop.tmp.dir" value="/workdir/hadoop-ozone/integration-test/target/tmp"/>
    <property name="java.library.path" value="/usr/lib/jvm/java-1.8-openjdk/jre/lib/amd64/server:/usr/lib/jvm/java-1.8-openjdk/jre/lib/amd64:/usr/lib/jvm/java-1.8-openjdk/jre/../lib/amd64:/workdir/hadoop-ozone/integration-test/target/native/target/usr/local/lib:/workdir/hadoop-ozone/integration-test/../../hadoop-common-project/hadoop-common/target/native/target/usr/local/lib:/usr/java/packages/lib/amd64:/usr/lib64:/lib64:/lib:/usr/lib"/>
    <property name="java.vm.info" value="mixed mode"/>
    <property name="java.vendor" value="IcedTea"/>
    <property name="java.vm.version" value="25.212-b04"/>
    <property name="java.ext.dirs" value="/usr/lib/jvm/java-1.8-openjdk/jre/lib/ext:/usr/java/packages/lib/ext"/>
    <property name="sun.io.unicode.encoding" value="UnicodeLittle"/>
    <property name="java.class.version" value="52.0"/>
  </properties>
  <testcase name="test2DatanodesFailure" classname="org.apache.hadoop.ozone.client.rpc.TestBlockOutputStreamWithFailures" time="42.363">
    <failure message="expected:&lt;5&gt; but was:&lt;6&gt;" type="java.lang.AssertionError"><![CDATA[java.lang.AssertionError: expected:<5> but was:<6>
	at org.junit.Assert.fail(Assert.java:88)
	at org.junit.Assert.failNotEquals(Assert.java:743)
	at org.junit.Assert.assertEquals(Assert.java:118)
	at org.junit.Assert.assertEquals(Assert.java:555)
	at org.junit.Assert.assertEquals(Assert.java:542)
	at org.apache.hadoop.ozone.client.rpc.TestBlockOutputStreamWithFailures.test2DatanodesFailure(TestBlockOutputStreamWithFailures.java:467)
	at sun.reflect.NativeMethodAccessorImpl.invoke0(Native Method)
	at sun.reflect.NativeMethodAccessorImpl.invoke(NativeMethodAccessorImpl.java:62)
	at sun.reflect.DelegatingMethodAccessorImpl.invoke(DelegatingMethodAccessorImpl.java:43)
	at java.lang.reflect.Method.invoke(Method.java:498)
	at org.junit.runners.model.FrameworkMethod$1.runReflectiveCall(FrameworkMethod.java:47)
	at org.junit.internal.runners.model.ReflectiveCallable.run(ReflectiveCallable.java:12)
	at org.junit.runners.model.FrameworkMethod.invokeExplosively(FrameworkMethod.java:44)
	at org.junit.internal.runners.statements.InvokeMethod.evaluate(InvokeMethod.java:17)
	at org.junit.internal.runners.statements.RunBefores.evaluate(RunBefores.java:26)
	at org.junit.internal.runners.statements.RunAfters.evaluate(RunAfters.java:27)
	at org.junit.runners.ParentRunner.runLeaf(ParentRunner.java:271)
	at org.junit.runners.BlockJUnit4ClassRunner.runChild(BlockJUnit4ClassRunner.java:70)
	at org.junit.runners.BlockJUnit4ClassRunner.runChild(BlockJUnit4ClassRunner.java:50)
	at org.junit.runners.ParentRunner$3.run(ParentRunner.java:238)
	at org.junit.runners.ParentRunner$1.schedule(ParentRunner.java:63)
	at org.junit.runners.ParentRunner.runChildren(ParentRunner.java:236)
	at org.junit.runners.ParentRunner.access$000(ParentRunner.java:53)
	at org.junit.runners.ParentRunner$2.evaluate(ParentRunner.java:229)
	at org.junit.runners.ParentRunner.run(ParentRunner.java:309)
	at org.apache.maven.surefire.junit4.JUnit4Provider.execute(JUnit4Provider.java:365)
	at org.apache.maven.surefire.junit4.JUnit4Provider.executeWithRerun(JUnit4Provider.java:273)
	at org.apache.maven.surefire.junit4.JUnit4Provider.executeTestSet(JUnit4Provider.java:238)
	at org.apache.maven.surefire.junit4.JUnit4Provider.invoke(JUnit4Provider.java:159)
	at org.apache.maven.surefire.booter.ForkedBooter.invokeProviderInSameClassLoader(ForkedBooter.java:384)
	at org.apache.maven.surefire.booter.ForkedBooter.runSuitesInProcess(ForkedBooter.java:345)
	at org.apache.maven.surefire.booter.ForkedBooter.execute(ForkedBooter.java:126)
	at org.apache.maven.surefire.booter.ForkedBooter.main(ForkedBooter.java:418)
]]></failure>
    <system-out><![CDATA[2019-09-05 10:57:10,500 [main] WARN  server.ServerUtils (ServerUtils.java:getScmDbDir(145)) - ozone.scm.db.dirs is not configured. We recommend adding this setting. Falling back to ozone.metadata.dirs instead.
2019-09-05 10:57:10,653 [main] WARN  server.ServerUtils (ServerUtils.java:getScmDbDir(145)) - ozone.scm.db.dirs is not configured. We recommend adding this setting. Falling back to ozone.metadata.dirs instead.
2019-09-05 10:57:10,658 [main] WARN  server.ServerUtils (ServerUtils.java:getScmDbDir(145)) - ozone.scm.db.dirs is not configured. We recommend adding this setting. Falling back to ozone.metadata.dirs instead.
2019-09-05 10:57:10,678 [main] INFO  util.log (Log.java:initialized(192)) - Logging initialized @972ms
2019-09-05 10:57:10,782 [main] INFO  db.DBStoreBuilder (DBStoreBuilder.java:addTable(110)) - using custom profile for table: deletedBlocks
2019-09-05 10:57:10,783 [main] INFO  db.DBStoreBuilder (DBStoreBuilder.java:processTables(161)) - Using default column profile:DBProfile.DISK for Table:deletedBlocks
2019-09-05 10:57:10,783 [main] INFO  db.DBStoreBuilder (DBStoreBuilder.java:addTable(110)) - using custom profile for table: validCerts
2019-09-05 10:57:10,784 [main] INFO  db.DBStoreBuilder (DBStoreBuilder.java:processTables(161)) - Using default column profile:DBProfile.DISK for Table:validCerts
2019-09-05 10:57:10,784 [main] INFO  db.DBStoreBuilder (DBStoreBuilder.java:addTable(110)) - using custom profile for table: revokedCerts
2019-09-05 10:57:10,784 [main] INFO  db.DBStoreBuilder (DBStoreBuilder.java:processTables(161)) - Using default column profile:DBProfile.DISK for Table:revokedCerts
2019-09-05 10:57:10,797 [main] INFO  db.DBStoreBuilder (DBStoreBuilder.java:addTable(110)) - using custom profile for table: default
2019-09-05 10:57:10,798 [main] INFO  db.DBStoreBuilder (DBStoreBuilder.java:processTables(167)) - Using default column profile:DBProfile.DISK for Table:default
2019-09-05 10:57:10,799 [main] INFO  db.DBStoreBuilder (DBStoreBuilder.java:getDbProfile(198)) - Using default options. DBProfile.DISK
2019-09-05 10:57:11,285 [main] INFO  net.NodeSchemaLoader (NodeSchemaLoader.java:loadSchemaFromFile(125)) - Loading file from sun.misc.CompoundEnumeration@3270d194
2019-09-05 10:57:11,286 [main] INFO  net.NodeSchemaLoader (NodeSchemaLoader.java:loadSchema(171)) - Loading network topology layer schema file
2019-09-05 10:57:11,344 [main] INFO  node.SCMNodeManager (SCMNodeManager.java:<init>(114)) - Entering startup safe mode.
2019-09-05 10:57:11,404 [main] INFO  algorithms.ContainerPlacementPolicyFactory (ContainerPlacementPolicyFactory.java:getPolicy(55)) - Create container placement policy of type org.apache.hadoop.hdds.scm.container.placement.algorithms.SCMContainerPlacementRandom
2019-09-05 10:57:11,416 [main] WARN  server.ServerUtils (ServerUtils.java:getScmDbDir(145)) - ozone.scm.db.dirs is not configured. We recommend adding this setting. Falling back to ozone.metadata.dirs instead.
2019-09-05 10:57:11,593 [main] INFO  pipeline.SCMPipelineManager (SCMPipelineManager.java:initializePipelineState(126)) - No pipeline exists in current db
2019-09-05 10:57:11,597 [main] WARN  server.ServerUtils (ServerUtils.java:getScmDbDir(145)) - ozone.scm.db.dirs is not configured. We recommend adding this setting. Falling back to ozone.metadata.dirs instead.
2019-09-05 10:57:11,779 [main] WARN  events.EventQueue (EventQueue.java:fireEvent(183)) - No event handler registered for event TypedEvent{payloadType=SafeModeStatus, name='SafeModeStatus'}
2019-09-05 10:57:12,171 [main] INFO  ipc.CallQueueManager (CallQueueManager.java:<init>(84)) - Using callQueue: class java.util.concurrent.LinkedBlockingQueue, queueCapacity: 2000, scheduler: class org.apache.hadoop.ipc.DefaultRpcScheduler, ipcBackoff: false.
2019-09-05 10:57:12,201 [Socket Reader #1 for port 42312] INFO  ipc.Server (Server.java:run(1074)) - Starting Socket Reader #1 for port 42312
2019-09-05 10:57:12,369 [main] INFO  ipc.CallQueueManager (CallQueueManager.java:<init>(84)) - Using callQueue: class java.util.concurrent.LinkedBlockingQueue, queueCapacity: 2000, scheduler: class org.apache.hadoop.ipc.DefaultRpcScheduler, ipcBackoff: false.
2019-09-05 10:57:12,370 [Socket Reader #1 for port 46060] INFO  ipc.Server (Server.java:run(1074)) - Starting Socket Reader #1 for port 46060
2019-09-05 10:57:12,381 [main] INFO  ipc.CallQueueManager (CallQueueManager.java:<init>(84)) - Using callQueue: class java.util.concurrent.LinkedBlockingQueue, queueCapacity: 2000, scheduler: class org.apache.hadoop.ipc.DefaultRpcScheduler, ipcBackoff: false.
2019-09-05 10:57:12,382 [Socket Reader #1 for port 35483] INFO  ipc.Server (Server.java:run(1074)) - Starting Socket Reader #1 for port 35483
2019-09-05 10:57:12,408 [main] INFO  hdfs.DFSUtil (DFSUtil.java:httpServerTemplateForNNAndJN(1641)) - Starting Web-server for scm at: http://0.0.0.0:0
2019-09-05 10:57:12,556 [main] INFO  server.AuthenticationFilter (AuthenticationFilter.java:constructSecretProvider(240)) - Unable to initialize FileSignerSecretProvider, falling back to use random secrets.
2019-09-05 10:57:12,564 [main] WARN  http.HttpRequestLog (HttpRequestLog.java:getRequestLog(97)) - Jetty request log can only be enabled using Log4j
2019-09-05 10:57:12,572 [main] INFO  http.HttpServer2 (HttpServer2.java:addGlobalFilter(975)) - Added global filter 'safety' (class=org.apache.hadoop.http.HttpServer2$QuotingInputFilter)
2019-09-05 10:57:12,575 [main] INFO  http.HttpServer2 (HttpServer2.java:addFilter(948)) - Added filter static_user_filter (class=org.apache.hadoop.http.lib.StaticUserWebFilter$StaticUserFilter) to context scm
2019-09-05 10:57:12,575 [main] INFO  http.HttpServer2 (HttpServer2.java:addFilter(958)) - Added filter static_user_filter (class=org.apache.hadoop.http.lib.StaticUserWebFilter$StaticUserFilter) to context logs
2019-09-05 10:57:12,576 [main] INFO  http.HttpServer2 (HttpServer2.java:addFilter(958)) - Added filter static_user_filter (class=org.apache.hadoop.http.lib.StaticUserWebFilter$StaticUserFilter) to context static
2019-09-05 10:57:12,606 [main] INFO  server.StorageContainerManager (StorageContainerManager.java:start(759)) - StorageContainerLocationProtocol RPC server is listening at /0.0.0.0:35483
2019-09-05 10:57:12,675 [main] WARN  impl.MetricsConfig (MetricsConfig.java:loadFirst(134)) - Cannot locate configuration: tried hadoop-metrics2-storagecontainermanager.properties,hadoop-metrics2.properties
2019-09-05 10:57:12,688 [main] INFO  impl.MetricsSystemImpl (MetricsSystemImpl.java:startTimer(374)) - Scheduled Metric snapshot period at 10 second(s).
2019-09-05 10:57:12,688 [main] INFO  impl.MetricsSystemImpl (MetricsSystemImpl.java:start(191)) - StorageContainerManager metrics system started
2019-09-05 10:57:12,930 [main] INFO  server.SCMClientProtocolServer (SCMClientProtocolServer.java:start(151)) - RPC server for Client  is listening at /0.0.0.0:35483
2019-09-05 10:57:12,931 [IPC Server listener on 35483] INFO  ipc.Server (Server.java:run(1153)) - IPC Server listener on 35483: starting
2019-09-05 10:57:12,931 [IPC Server Responder] INFO  ipc.Server (Server.java:run(1314)) - IPC Server Responder: starting
2019-09-05 10:57:12,934 [main] INFO  server.StorageContainerManager (StorageContainerManager.java:start(769)) - ScmBlockLocationProtocol RPC server is listening at /0.0.0.0:46060
2019-09-05 10:57:12,936 [main] INFO  server.SCMBlockProtocolServer (SCMBlockProtocolServer.java:start(146)) - RPC server for Block Protocol is listening at /0.0.0.0:46060
2019-09-05 10:57:12,937 [IPC Server Responder] INFO  ipc.Server (Server.java:run(1314)) - IPC Server Responder: starting
2019-09-05 10:57:12,937 [IPC Server listener on 46060] INFO  ipc.Server (Server.java:run(1153)) - IPC Server listener on 46060: starting
2019-09-05 10:57:12,939 [main] INFO  server.StorageContainerManager (StorageContainerManager.java:start(773)) - ScmDatanodeProtocl RPC server is listening at /0.0.0.0:42312
2019-09-05 10:57:12,940 [main] INFO  server.SCMDatanodeProtocolServer (SCMDatanodeProtocolServer.java:start(191)) - RPC server for DataNodes is listening at /0.0.0.0:42312
2019-09-05 10:57:12,940 [IPC Server Responder] INFO  ipc.Server (Server.java:run(1314)) - IPC Server Responder: starting
2019-09-05 10:57:12,941 [IPC Server listener on 42312] INFO  ipc.Server (Server.java:run(1153)) - IPC Server listener on 42312: starting
2019-09-05 10:57:12,945 [main] INFO  http.HttpServer2 (HttpServer2.java:bindListener(1191)) - Jetty bound to port 46358
2019-09-05 10:57:12,947 [main] INFO  server.Server (Server.java:doStart(351)) - jetty-9.3.24.v20180605, build timestamp: 2018-06-05T17:11:56Z, git hash: 84205aa28f11a4f31f2a3b86d1bba2cc8ab69827
2019-09-05 10:57:12,990 [main] INFO  handler.ContextHandler (ContextHandler.java:doStart(781)) - Started o.e.j.s.ServletContextHandler@35a9782c{/logs,file:///workdir/hadoop-ozone/integration-test/target/log,AVAILABLE}
2019-09-05 10:57:12,991 [main] INFO  handler.ContextHandler (ContextHandler.java:doStart(781)) - Started o.e.j.s.ServletContextHandler@45815ffc{/static,file:///workdir/hadoop-ozone/integration-test/target/test-classes/webapps/static,AVAILABLE}
2019-09-05 10:57:13,025 [main] INFO  handler.ContextHandler (ContextHandler.java:doStart(781)) - Started o.e.j.w.WebAppContext@7e094740{/,file:///workdir/hadoop-ozone/integration-test/target/test-classes/webapps/scm/,AVAILABLE}{/scm}
2019-09-05 10:57:13,031 [main] INFO  server.AbstractConnector (AbstractConnector.java:doStart(278)) - Started ServerConnector@9cd25ff{HTTP/1.1,[http/1.1]}{0.0.0.0:46358}
2019-09-05 10:57:13,031 [main] INFO  server.Server (Server.java:doStart(419)) - Started @3326ms
2019-09-05 10:57:13,034 [main] INFO  impl.MetricsSinkAdapter (MetricsSinkAdapter.java:start(204)) - Sink prometheus started
2019-09-05 10:57:13,034 [main] INFO  impl.MetricsSystemImpl (MetricsSystemImpl.java:registerSink(301)) - Registered sink prometheus
2019-09-05 10:57:13,035 [main] INFO  server.BaseHttpServer (BaseHttpServer.java:updateConnectorAddress(215)) - HTTP server of SCM is listening at http://0.0.0.0:46358
2019-09-05 10:57:13,042 [org.apache.hadoop.util.JvmPauseMonitor$Monitor@70ab80e3] INFO  util.JvmPauseMonitor (JvmPauseMonitor.java:run(188)) - Starting JVM pause monitor
2019-09-05 10:57:13,047 [main] WARN  server.ServerUtils (ServerUtils.java:getDBPath(222)) - ozone.om.db.dirs is not configured. We recommend adding this setting. Falling back to ozone.metadata.dirs instead.
2019-09-05 10:57:13,190 [main] WARN  server.ServerUtils (ServerUtils.java:getDBPath(222)) - ozone.om.db.dirs is not configured. We recommend adding this setting. Falling back to ozone.metadata.dirs instead.
2019-09-05 10:57:13,190 [main] WARN  server.ServerUtils (ServerUtils.java:getDBPath(222)) - ozone.om.db.dirs is not configured. We recommend adding this setting. Falling back to ozone.metadata.dirs instead.
2019-09-05 10:57:13,191 [main] INFO  om.OzoneManager (OzoneManager.java:setOMNodeDetails(649)) - OM Service ID is not set. Setting it to the default ID: omServiceIdDefault
2019-09-05 10:57:13,192 [main] INFO  om.OzoneManager (OzoneManager.java:setOMNodeDetails(655)) - OM Node ID is not set. Setting it to the OmStorage's OmID: 8db06d77-ce3b-421c-9f13-c161ce5c53ea
2019-09-05 10:57:13,193 [main] INFO  om.OzoneManager (OzoneManager.java:loadOMHAConfigs(606)) - Found matching OM address with OMServiceId: null, OMNodeId: null, RPC Address: localhost:0 and Ratis port: 9872
2019-09-05 10:57:13,926 [main] WARN  server.ServerUtils (ServerUtils.java:getDBPath(222)) - ozone.om.db.dirs is not configured. We recommend adding this setting. Falling back to ozone.metadata.dirs instead.
2019-09-05 10:57:13,934 [main] INFO  db.DBStoreBuilder (DBStoreBuilder.java:addTable(110)) - using custom profile for table: userTable
2019-09-05 10:57:13,934 [main] INFO  db.DBStoreBuilder (DBStoreBuilder.java:processTables(161)) - Using default column profile:DBProfile.DISK for Table:userTable
2019-09-05 10:57:13,934 [main] INFO  db.DBStoreBuilder (DBStoreBuilder.java:addTable(110)) - using custom profile for table: volumeTable
2019-09-05 10:57:13,935 [main] INFO  db.DBStoreBuilder (DBStoreBuilder.java:processTables(161)) - Using default column profile:DBProfile.DISK for Table:volumeTable
2019-09-05 10:57:13,935 [main] INFO  db.DBStoreBuilder (DBStoreBuilder.java:addTable(110)) - using custom profile for table: bucketTable
2019-09-05 10:57:13,935 [main] INFO  db.DBStoreBuilder (DBStoreBuilder.java:processTables(161)) - Using default column profile:DBProfile.DISK for Table:bucketTable
2019-09-05 10:57:13,936 [main] INFO  db.DBStoreBuilder (DBStoreBuilder.java:addTable(110)) - using custom profile for table: keyTable
2019-09-05 10:57:13,936 [main] INFO  db.DBStoreBuilder (DBStoreBuilder.java:processTables(161)) - Using default column profile:DBProfile.DISK for Table:keyTable
2019-09-05 10:57:13,936 [main] INFO  db.DBStoreBuilder (DBStoreBuilder.java:addTable(110)) - using custom profile for table: deletedTable
2019-09-05 10:57:13,936 [main] INFO  db.DBStoreBuilder (DBStoreBuilder.java:processTables(161)) - Using default column profile:DBProfile.DISK for Table:deletedTable
2019-09-05 10:57:13,937 [main] INFO  db.DBStoreBuilder (DBStoreBuilder.java:addTable(110)) - using custom profile for table: openKeyTable
2019-09-05 10:57:13,937 [main] INFO  db.DBStoreBuilder (DBStoreBuilder.java:processTables(161)) - Using default column profile:DBProfile.DISK for Table:openKeyTable
2019-09-05 10:57:13,937 [main] INFO  db.DBStoreBuilder (DBStoreBuilder.java:addTable(110)) - using custom profile for table: s3Table
2019-09-05 10:57:13,937 [main] INFO  db.DBStoreBuilder (DBStoreBuilder.java:processTables(161)) - Using default column profile:DBProfile.DISK for Table:s3Table
2019-09-05 10:57:13,938 [main] INFO  db.DBStoreBuilder (DBStoreBuilder.java:addTable(110)) - using custom profile for table: multipartInfoTable
2019-09-05 10:57:13,938 [main] INFO  db.DBStoreBuilder (DBStoreBuilder.java:processTables(161)) - Using default column profile:DBProfile.DISK for Table:multipartInfoTable
2019-09-05 10:57:13,938 [main] INFO  db.DBStoreBuilder (DBStoreBuilder.java:addTable(110)) - using custom profile for table: dTokenTable
2019-09-05 10:57:13,938 [main] INFO  db.DBStoreBuilder (DBStoreBuilder.java:processTables(161)) - Using default column profile:DBProfile.DISK for Table:dTokenTable
2019-09-05 10:57:13,939 [main] INFO  db.DBStoreBuilder (DBStoreBuilder.java:addTable(110)) - using custom profile for table: s3SecretTable
2019-09-05 10:57:13,939 [main] INFO  db.DBStoreBuilder (DBStoreBuilder.java:processTables(161)) - Using default column profile:DBProfile.DISK for Table:s3SecretTable
2019-09-05 10:57:13,939 [main] INFO  db.DBStoreBuilder (DBStoreBuilder.java:addTable(110)) - using custom profile for table: prefixTable
2019-09-05 10:57:13,939 [main] INFO  db.DBStoreBuilder (DBStoreBuilder.java:processTables(161)) - Using default column profile:DBProfile.DISK for Table:prefixTable
2019-09-05 10:57:13,940 [main] INFO  db.DBStoreBuilder (DBStoreBuilder.java:addTable(110)) - using custom profile for table: default
2019-09-05 10:57:13,940 [main] INFO  db.DBStoreBuilder (DBStoreBuilder.java:processTables(167)) - Using default column profile:DBProfile.DISK for Table:default
2019-09-05 10:57:13,940 [main] INFO  db.DBStoreBuilder (DBStoreBuilder.java:getDbProfile(198)) - Using default options. DBProfile.DISK
2019-09-05 10:57:15,018 [main] INFO  ipc.CallQueueManager (CallQueueManager.java:<init>(84)) - Using callQueue: class java.util.concurrent.LinkedBlockingQueue, queueCapacity: 2000, scheduler: class org.apache.hadoop.ipc.DefaultRpcScheduler, ipcBackoff: false.
2019-09-05 10:57:15,019 [Socket Reader #1 for port 40915] INFO  ipc.Server (Server.java:run(1074)) - Starting Socket Reader #1 for port 40915
2019-09-05 10:57:15,045 [main] INFO  om.OzoneManager (OzoneManager.java:start(1240)) - OzoneManager RPC server is listening at localhost/127.0.0.1:40915
2019-09-05 10:57:15,046 [main] INFO  impl.MetricsSystemImpl (MetricsSystemImpl.java:init(158)) - OzoneManager metrics system started (again)
2019-09-05 10:57:15,047 [IPC Server Responder] INFO  ipc.Server (Server.java:run(1314)) - IPC Server Responder: starting
2019-09-05 10:57:15,047 [IPC Server listener on 40915] INFO  ipc.Server (Server.java:run(1153)) - IPC Server listener on 40915: starting
2019-09-05 10:57:15,053 [main] INFO  hdfs.DFSUtil (DFSUtil.java:httpServerTemplateForNNAndJN(1641)) - Starting Web-server for ozoneManager at: http://0.0.0.0:0
2019-09-05 10:57:15,054 [main] INFO  server.AuthenticationFilter (AuthenticationFilter.java:constructSecretProvider(240)) - Unable to initialize FileSignerSecretProvider, falling back to use random secrets.
2019-09-05 10:57:15,055 [main] WARN  http.HttpRequestLog (HttpRequestLog.java:getRequestLog(97)) - Jetty request log can only be enabled using Log4j
2019-09-05 10:57:15,057 [main] INFO  http.HttpServer2 (HttpServer2.java:addGlobalFilter(975)) - Added global filter 'safety' (class=org.apache.hadoop.http.HttpServer2$QuotingInputFilter)
2019-09-05 10:57:15,058 [main] INFO  http.HttpServer2 (HttpServer2.java:addFilter(948)) - Added filter static_user_filter (class=org.apache.hadoop.http.lib.StaticUserWebFilter$StaticUserFilter) to context ozoneManager
2019-09-05 10:57:15,058 [main] INFO  http.HttpServer2 (HttpServer2.java:addFilter(958)) - Added filter static_user_filter (class=org.apache.hadoop.http.lib.StaticUserWebFilter$StaticUserFilter) to context logs
2019-09-05 10:57:15,058 [main] INFO  http.HttpServer2 (HttpServer2.java:addFilter(958)) - Added filter static_user_filter (class=org.apache.hadoop.http.lib.StaticUserWebFilter$StaticUserFilter) to context static
2019-09-05 10:57:15,061 [main] INFO  http.HttpServer2 (HttpServer2.java:bindListener(1191)) - Jetty bound to port 45495
2019-09-05 10:57:15,061 [main] INFO  server.Server (Server.java:doStart(351)) - jetty-9.3.24.v20180605, build timestamp: 2018-06-05T17:11:56Z, git hash: 84205aa28f11a4f31f2a3b86d1bba2cc8ab69827
2019-09-05 10:57:15,063 [main] INFO  handler.ContextHandler (ContextHandler.java:doStart(781)) - Started o.e.j.s.ServletContextHandler@7f02251{/logs,file:///workdir/hadoop-ozone/integration-test/target/log,AVAILABLE}
2019-09-05 10:57:15,064 [main] INFO  handler.ContextHandler (ContextHandler.java:doStart(781)) - Started o.e.j.s.ServletContextHandler@4d8126f{/static,file:///workdir/hadoop-ozone/integration-test/target/test-classes/webapps/static,AVAILABLE}
2019-09-05 10:57:15,070 [main] INFO  handler.ContextHandler (ContextHandler.java:doStart(781)) - Started o.e.j.w.WebAppContext@5cf8edcf{/,file:///workdir/hadoop-ozone/integration-test/target/test-classes/webapps/ozoneManager/,AVAILABLE}{/ozoneManager}
2019-09-05 10:57:15,073 [main] INFO  server.AbstractConnector (AbstractConnector.java:doStart(278)) - Started ServerConnector@58cec85b{HTTP/1.1,[http/1.1]}{0.0.0.0:45495}
2019-09-05 10:57:15,073 [main] INFO  server.Server (Server.java:doStart(419)) - Started @5368ms
2019-09-05 10:57:15,074 [main] WARN  impl.MetricsSystemImpl (MetricsSystemImpl.java:register(276)) - Sink prometheus already exists!
2019-09-05 10:57:15,075 [main] INFO  server.BaseHttpServer (BaseHttpServer.java:updateConnectorAddress(215)) - HTTP server of OZONEMANAGER is listening at http://0.0.0.0:45495
2019-09-05 10:57:15,400 [main] INFO  impl.MetricsSystemImpl (MetricsSystemImpl.java:init(158)) - HddsDatanode metrics system started (again)
2019-09-05 10:57:15,448 [main] INFO  ozone.HddsDatanodeService (HddsDatanodeService.java:start(184)) - HddsDatanodeService host:pr-hdds-1561-gm47z-337254333 ip:192.168.36.83
2019-09-05 10:57:15,480 [main] INFO  volume.HddsVolume (HddsVolume.java:<init>(176)) - Creating Volume: /workdir/hadoop-ozone/integration-test/target/test-dir/MiniOzoneClusterImpl-677ba508-865f-4285-99f6-8f2053594021/datanode-0/data/containers/hdds of  storage type : DISK and capacity : 1482555576320
2019-09-05 10:57:15,482 [main] INFO  volume.VolumeSet (VolumeSet.java:initializeVolumeSet(170)) - Added Volume : /workdir/hadoop-ozone/integration-test/target/test-dir/MiniOzoneClusterImpl-677ba508-865f-4285-99f6-8f2053594021/datanode-0/data/containers/hdds to VolumeSet
2019-09-05 10:57:15,484 [main] INFO  volume.ThrottledAsyncChecker (ThrottledAsyncChecker.java:schedule(140)) - Scheduling a check for org.apache.hadoop.ozone.container.common.volume.HddsVolume@33b082c5
2019-09-05 10:57:15,502 [main] INFO  volume.HddsVolumeChecker (HddsVolumeChecker.java:checkAllVolumes(203)) - Scheduled health check for volume org.apache.hadoop.ozone.container.common.volume.HddsVolume@33b082c5
2019-09-05 10:57:15,607 [main] INFO  impl.RaftServerProxy (ConfUtils.java:logGet(43)) - raft.rpc.type = GRPC (default)
2019-09-05 10:57:15,673 [main] INFO  grpc.GrpcFactory (GrpcFactory.java:checkPooledByteBufAllocatorUseCacheForAllThreads(45)) - PERFORMANCE WARNING: useCacheForAllThreads is true that may cause Netty to create a lot garbage objects and, as a result, trigger GC.
	It is recommended to disable useCacheForAllThreads by setting -Dorg.apache.ratis.thirdparty.io.netty.allocator.useCacheForAllThreads=false in command line.
2019-09-05 10:57:15,678 [main] INFO  grpc.GrpcConfigKeys$Server (ConfUtils.java:logGet(43)) - raft.grpc.server.port = 0 (default)
2019-09-05 10:57:15,679 [main] INFO  server.GrpcService (ConfUtils.java:logGet(43)) - raft.grpc.message.size.max = 33570816 (custom)
2019-09-05 10:57:15,680 [main] INFO  server.RaftServerConfigKeys (ConfUtils.java:logGet(43)) - raft.server.log.appender.buffer.byte-limit = 33554432 (custom)
2019-09-05 10:57:15,681 [main] INFO  server.GrpcService (ConfUtils.java:logGet(43)) - raft.grpc.flow.control.window = 1MB (=1048576) (default)
2019-09-05 10:57:15,682 [main] INFO  server.RaftServerConfigKeys (ConfUtils.java:logGet(43)) - raft.server.rpc.request.timeout = 3000ms (default)
2019-09-05 10:57:15,822 [main] INFO  server.RaftServerConfigKeys (ConfUtils.java:logGet(43)) - raft.server.storage.dir = [/workdir/hadoop-ozone/integration-test/target/test-dir/MiniOzoneClusterImpl-677ba508-865f-4285-99f6-8f2053594021/datanode-0/data/ratis] (custom)
2019-09-05 10:57:15,866 [main] INFO  hdfs.DFSUtil (DFSUtil.java:httpServerTemplateForNNAndJN(1641)) - Starting Web-server for hddsDatanode at: http://0.0.0.0:0
2019-09-05 10:57:15,869 [main] INFO  server.AuthenticationFilter (AuthenticationFilter.java:constructSecretProvider(240)) - Unable to initialize FileSignerSecretProvider, falling back to use random secrets.
2019-09-05 10:57:15,870 [main] WARN  http.HttpRequestLog (HttpRequestLog.java:getRequestLog(97)) - Jetty request log can only be enabled using Log4j
2019-09-05 10:57:15,872 [main] INFO  http.HttpServer2 (HttpServer2.java:addGlobalFilter(975)) - Added global filter 'safety' (class=org.apache.hadoop.http.HttpServer2$QuotingInputFilter)
2019-09-05 10:57:15,873 [main] INFO  http.HttpServer2 (HttpServer2.java:addFilter(948)) - Added filter static_user_filter (class=org.apache.hadoop.http.lib.StaticUserWebFilter$StaticUserFilter) to context hddsDatanode
2019-09-05 10:57:15,873 [main] INFO  http.HttpServer2 (HttpServer2.java:addFilter(958)) - Added filter static_user_filter (class=org.apache.hadoop.http.lib.StaticUserWebFilter$StaticUserFilter) to context logs
2019-09-05 10:57:15,874 [main] INFO  http.HttpServer2 (HttpServer2.java:addFilter(958)) - Added filter static_user_filter (class=org.apache.hadoop.http.lib.StaticUserWebFilter$StaticUserFilter) to context static
2019-09-05 10:57:15,875 [main] INFO  http.HttpServer2 (HttpServer2.java:bindListener(1191)) - Jetty bound to port 42935
2019-09-05 10:57:15,875 [main] INFO  server.Server (Server.java:doStart(351)) - jetty-9.3.24.v20180605, build timestamp: 2018-06-05T17:11:56Z, git hash: 84205aa28f11a4f31f2a3b86d1bba2cc8ab69827
2019-09-05 10:57:15,877 [main] INFO  handler.ContextHandler (ContextHandler.java:doStart(781)) - Started o.e.j.s.ServletContextHandler@4ac86d6a{/logs,file:///workdir/hadoop-ozone/integration-test/target/log,AVAILABLE}
2019-09-05 10:57:15,878 [main] INFO  handler.ContextHandler (ContextHandler.java:doStart(781)) - Started o.e.j.s.ServletContextHandler@508a65bf{/static,jar:file:/home/user/.m2/repository/org/apache/hadoop/hadoop-hdds-container-service/0.5.0-SNAPSHOT/hadoop-hdds-container-service-0.5.0-SNAPSHOT.jar!/webapps/static,AVAILABLE}
2019-09-05 10:57:15,931 [main] INFO  handler.ContextHandler (ContextHandler.java:doStart(781)) - Started o.e.j.w.WebAppContext@7ff35a3f{/,file:///tmp/jetty-0.0.0.0-42935-hddsDatanode-_-any-6046291703331759466.dir/webapp/,AVAILABLE}{/hddsDatanode}
2019-09-05 10:57:15,932 [main] INFO  server.AbstractConnector (AbstractConnector.java:doStart(278)) - Started ServerConnector@26dc9bd5{HTTP/1.1,[http/1.1]}{0.0.0.0:42935}
2019-09-05 10:57:15,933 [main] INFO  server.Server (Server.java:doStart(419)) - Started @6227ms
2019-09-05 10:57:15,934 [main] WARN  impl.MetricsSystemImpl (MetricsSystemImpl.java:register(276)) - Sink prometheus already exists!
2019-09-05 10:57:15,935 [main] INFO  server.BaseHttpServer (BaseHttpServer.java:updateConnectorAddress(215)) - HTTP server of HDDSDATANODE is listening at http://0.0.0.0:42935
2019-09-05 10:57:15,936 [main] INFO  impl.MetricsSystemImpl (MetricsSystemImpl.java:init(158)) - HddsDatanode metrics system started (again)
2019-09-05 10:57:15,938 [main] INFO  ozone.HddsDatanodeService (HddsDatanodeService.java:start(184)) - HddsDatanodeService host:pr-hdds-1561-gm47z-337254333 ip:192.168.36.83
2019-09-05 10:57:15,943 [org.apache.hadoop.util.JvmPauseMonitor$Monitor@389a9b86] INFO  util.JvmPauseMonitor (JvmPauseMonitor.java:run(188)) - Starting JVM pause monitor
2019-09-05 10:57:15,946 [main] INFO  volume.HddsVolume (HddsVolume.java:<init>(176)) - Creating Volume: /workdir/hadoop-ozone/integration-test/target/test-dir/MiniOzoneClusterImpl-677ba508-865f-4285-99f6-8f2053594021/datanode-1/data/containers/hdds of  storage type : DISK and capacity : 1482555576320
2019-09-05 10:57:15,947 [main] INFO  volume.VolumeSet (VolumeSet.java:initializeVolumeSet(170)) - Added Volume : /workdir/hadoop-ozone/integration-test/target/test-dir/MiniOzoneClusterImpl-677ba508-865f-4285-99f6-8f2053594021/datanode-1/data/containers/hdds to VolumeSet
2019-09-05 10:57:15,947 [main] INFO  volume.ThrottledAsyncChecker (ThrottledAsyncChecker.java:schedule(140)) - Scheduling a check for org.apache.hadoop.ozone.container.common.volume.HddsVolume@2849434b
2019-09-05 10:57:15,948 [main] INFO  volume.HddsVolumeChecker (HddsVolumeChecker.java:checkAllVolumes(203)) - Scheduled health check for volume org.apache.hadoop.ozone.container.common.volume.HddsVolume@2849434b
2019-09-05 10:57:15,961 [main] INFO  impl.RaftServerProxy (ConfUtils.java:logGet(43)) - raft.rpc.type = GRPC (default)
2019-09-05 10:57:15,962 [main] INFO  grpc.GrpcFactory (GrpcFactory.java:checkPooledByteBufAllocatorUseCacheForAllThreads(45)) - PERFORMANCE WARNING: useCacheForAllThreads is true that may cause Netty to create a lot garbage objects and, as a result, trigger GC.
	It is recommended to disable useCacheForAllThreads by setting -Dorg.apache.ratis.thirdparty.io.netty.allocator.useCacheForAllThreads=false in command line.
2019-09-05 10:57:15,962 [main] INFO  grpc.GrpcConfigKeys$Server (ConfUtils.java:logGet(43)) - raft.grpc.server.port = 0 (default)
2019-09-05 10:57:15,962 [main] INFO  server.GrpcService (ConfUtils.java:logGet(43)) - raft.grpc.message.size.max = 33570816 (custom)
2019-09-05 10:57:15,962 [main] INFO  server.RaftServerConfigKeys (ConfUtils.java:logGet(43)) - raft.server.log.appender.buffer.byte-limit = 33554432 (custom)
2019-09-05 10:57:15,962 [main] INFO  server.GrpcService (ConfUtils.java:logGet(43)) - raft.grpc.flow.control.window = 1MB (=1048576) (default)
2019-09-05 10:57:15,963 [main] INFO  server.RaftServerConfigKeys (ConfUtils.java:logGet(43)) - raft.server.rpc.request.timeout = 3000ms (default)
2019-09-05 10:57:15,963 [main] INFO  server.RaftServerConfigKeys (ConfUtils.java:logGet(43)) - raft.server.storage.dir = [/workdir/hadoop-ozone/integration-test/target/test-dir/MiniOzoneClusterImpl-677ba508-865f-4285-99f6-8f2053594021/datanode-1/data/ratis] (custom)
2019-09-05 10:57:15,965 [main] INFO  hdfs.DFSUtil (DFSUtil.java:httpServerTemplateForNNAndJN(1641)) - Starting Web-server for hddsDatanode at: http://0.0.0.0:0
2019-09-05 10:57:15,966 [main] INFO  server.AuthenticationFilter (AuthenticationFilter.java:constructSecretProvider(240)) - Unable to initialize FileSignerSecretProvider, falling back to use random secrets.
2019-09-05 10:57:15,966 [main] WARN  http.HttpRequestLog (HttpRequestLog.java:getRequestLog(97)) - Jetty request log can only be enabled using Log4j
2019-09-05 10:57:15,968 [main] INFO  http.HttpServer2 (HttpServer2.java:addGlobalFilter(975)) - Added global filter 'safety' (class=org.apache.hadoop.http.HttpServer2$QuotingInputFilter)
2019-09-05 10:57:15,968 [main] INFO  http.HttpServer2 (HttpServer2.java:addFilter(948)) - Added filter static_user_filter (class=org.apache.hadoop.http.lib.StaticUserWebFilter$StaticUserFilter) to context hddsDatanode
2019-09-05 10:57:15,968 [main] INFO  http.HttpServer2 (HttpServer2.java:addFilter(958)) - Added filter static_user_filter (class=org.apache.hadoop.http.lib.StaticUserWebFilter$StaticUserFilter) to context static
2019-09-05 10:57:15,969 [main] INFO  http.HttpServer2 (HttpServer2.java:addFilter(958)) - Added filter static_user_filter (class=org.apache.hadoop.http.lib.StaticUserWebFilter$StaticUserFilter) to context logs
2019-09-05 10:57:15,969 [main] INFO  http.HttpServer2 (HttpServer2.java:bindListener(1191)) - Jetty bound to port 37235
2019-09-05 10:57:15,970 [main] INFO  server.Server (Server.java:doStart(351)) - jetty-9.3.24.v20180605, build timestamp: 2018-06-05T17:11:56Z, git hash: 84205aa28f11a4f31f2a3b86d1bba2cc8ab69827
2019-09-05 10:57:15,973 [main] INFO  handler.ContextHandler (ContextHandler.java:doStart(781)) - Started o.e.j.s.ServletContextHandler@4c6007fb{/logs,file:///workdir/hadoop-ozone/integration-test/target/log,AVAILABLE}
2019-09-05 10:57:15,974 [main] INFO  handler.ContextHandler (ContextHandler.java:doStart(781)) - Started o.e.j.s.ServletContextHandler@6981f8f3{/static,jar:file:/home/user/.m2/repository/org/apache/hadoop/hadoop-hdds-container-service/0.5.0-SNAPSHOT/hadoop-hdds-container-service-0.5.0-SNAPSHOT.jar!/webapps/static,AVAILABLE}
2019-09-05 10:57:15,998 [main] INFO  handler.ContextHandler (ContextHandler.java:doStart(781)) - Started o.e.j.w.WebAppContext@6cd64ee8{/,file:///tmp/jetty-0.0.0.0-37235-hddsDatanode-_-any-616511333046680915.dir/webapp/,AVAILABLE}{/hddsDatanode}
2019-09-05 10:57:15,999 [main] INFO  server.AbstractConnector (AbstractConnector.java:doStart(278)) - Started ServerConnector@620c8641{HTTP/1.1,[http/1.1]}{0.0.0.0:37235}
2019-09-05 10:57:16,000 [main] INFO  server.Server (Server.java:doStart(419)) - Started @6294ms
2019-09-05 10:57:16,000 [main] WARN  impl.MetricsSystemImpl (MetricsSystemImpl.java:register(276)) - Sink prometheus already exists!
2019-09-05 10:57:16,001 [main] INFO  server.BaseHttpServer (BaseHttpServer.java:updateConnectorAddress(215)) - HTTP server of HDDSDATANODE is listening at http://0.0.0.0:37235
2019-09-05 10:57:16,002 [main] INFO  impl.MetricsSystemImpl (MetricsSystemImpl.java:init(158)) - HddsDatanode metrics system started (again)
2019-09-05 10:57:16,004 [main] INFO  ozone.HddsDatanodeService (HddsDatanodeService.java:start(184)) - HddsDatanodeService host:pr-hdds-1561-gm47z-337254333 ip:192.168.36.83
2019-09-05 10:57:16,005 [org.apache.hadoop.util.JvmPauseMonitor$Monitor@3c71bbc] INFO  util.JvmPauseMonitor (JvmPauseMonitor.java:run(188)) - Starting JVM pause monitor
2019-09-05 10:57:16,013 [main] INFO  volume.HddsVolume (HddsVolume.java:<init>(176)) - Creating Volume: /workdir/hadoop-ozone/integration-test/target/test-dir/MiniOzoneClusterImpl-677ba508-865f-4285-99f6-8f2053594021/datanode-2/data/containers/hdds of  storage type : DISK and capacity : 1482555576320
2019-09-05 10:57:16,013 [main] INFO  volume.VolumeSet (VolumeSet.java:initializeVolumeSet(170)) - Added Volume : /workdir/hadoop-ozone/integration-test/target/test-dir/MiniOzoneClusterImpl-677ba508-865f-4285-99f6-8f2053594021/datanode-2/data/containers/hdds to VolumeSet
2019-09-05 10:57:16,014 [main] INFO  volume.ThrottledAsyncChecker (ThrottledAsyncChecker.java:schedule(140)) - Scheduling a check for org.apache.hadoop.ozone.container.common.volume.HddsVolume@79b84841
2019-09-05 10:57:16,014 [main] INFO  volume.HddsVolumeChecker (HddsVolumeChecker.java:checkAllVolumes(203)) - Scheduled health check for volume org.apache.hadoop.ozone.container.common.volume.HddsVolume@79b84841
2019-09-05 10:57:16,026 [main] INFO  impl.RaftServerProxy (ConfUtils.java:logGet(43)) - raft.rpc.type = GRPC (default)
2019-09-05 10:57:16,026 [main] INFO  grpc.GrpcFactory (GrpcFactory.java:checkPooledByteBufAllocatorUseCacheForAllThreads(45)) - PERFORMANCE WARNING: useCacheForAllThreads is true that may cause Netty to create a lot garbage objects and, as a result, trigger GC.
	It is recommended to disable useCacheForAllThreads by setting -Dorg.apache.ratis.thirdparty.io.netty.allocator.useCacheForAllThreads=false in command line.
2019-09-05 10:57:16,026 [main] INFO  grpc.GrpcConfigKeys$Server (ConfUtils.java:logGet(43)) - raft.grpc.server.port = 0 (default)
2019-09-05 10:57:16,026 [main] INFO  server.GrpcService (ConfUtils.java:logGet(43)) - raft.grpc.message.size.max = 33570816 (custom)
2019-09-05 10:57:16,026 [main] INFO  server.RaftServerConfigKeys (ConfUtils.java:logGet(43)) - raft.server.log.appender.buffer.byte-limit = 33554432 (custom)
2019-09-05 10:57:16,027 [main] INFO  server.GrpcService (ConfUtils.java:logGet(43)) - raft.grpc.flow.control.window = 1MB (=1048576) (default)
2019-09-05 10:57:16,027 [main] INFO  server.RaftServerConfigKeys (ConfUtils.java:logGet(43)) - raft.server.rpc.request.timeout = 3000ms (default)
2019-09-05 10:57:16,027 [main] INFO  server.RaftServerConfigKeys (ConfUtils.java:logGet(43)) - raft.server.storage.dir = [/workdir/hadoop-ozone/integration-test/target/test-dir/MiniOzoneClusterImpl-677ba508-865f-4285-99f6-8f2053594021/datanode-2/data/ratis] (custom)
2019-09-05 10:57:16,029 [main] INFO  hdfs.DFSUtil (DFSUtil.java:httpServerTemplateForNNAndJN(1641)) - Starting Web-server for hddsDatanode at: http://0.0.0.0:0
2019-09-05 10:57:16,031 [main] INFO  server.AuthenticationFilter (AuthenticationFilter.java:constructSecretProvider(240)) - Unable to initialize FileSignerSecretProvider, falling back to use random secrets.
2019-09-05 10:57:16,032 [main] WARN  http.HttpRequestLog (HttpRequestLog.java:getRequestLog(97)) - Jetty request log can only be enabled using Log4j
2019-09-05 10:57:16,035 [main] INFO  http.HttpServer2 (HttpServer2.java:addGlobalFilter(975)) - Added global filter 'safety' (class=org.apache.hadoop.http.HttpServer2$QuotingInputFilter)
2019-09-05 10:57:16,036 [main] INFO  http.HttpServer2 (HttpServer2.java:addFilter(948)) - Added filter static_user_filter (class=org.apache.hadoop.http.lib.StaticUserWebFilter$StaticUserFilter) to context hddsDatanode
2019-09-05 10:57:16,036 [main] INFO  http.HttpServer2 (HttpServer2.java:addFilter(958)) - Added filter static_user_filter (class=org.apache.hadoop.http.lib.StaticUserWebFilter$StaticUserFilter) to context logs
2019-09-05 10:57:16,037 [main] INFO  http.HttpServer2 (HttpServer2.java:addFilter(958)) - Added filter static_user_filter (class=org.apache.hadoop.http.lib.StaticUserWebFilter$StaticUserFilter) to context static
2019-09-05 10:57:16,038 [main] INFO  http.HttpServer2 (HttpServer2.java:bindListener(1191)) - Jetty bound to port 46260
2019-09-05 10:57:16,038 [main] INFO  server.Server (Server.java:doStart(351)) - jetty-9.3.24.v20180605, build timestamp: 2018-06-05T17:11:56Z, git hash: 84205aa28f11a4f31f2a3b86d1bba2cc8ab69827
2019-09-05 10:57:16,041 [main] INFO  handler.ContextHandler (ContextHandler.java:doStart(781)) - Started o.e.j.s.ServletContextHandler@4da6d664{/logs,file:///workdir/hadoop-ozone/integration-test/target/log,AVAILABLE}
2019-09-05 10:57:16,042 [main] INFO  handler.ContextHandler (ContextHandler.java:doStart(781)) - Started o.e.j.s.ServletContextHandler@30b131b2{/static,jar:file:/home/user/.m2/repository/org/apache/hadoop/hadoop-hdds-container-service/0.5.0-SNAPSHOT/hadoop-hdds-container-service-0.5.0-SNAPSHOT.jar!/webapps/static,AVAILABLE}
2019-09-05 10:57:16,061 [Datanode State Machine Thread - 0] INFO  datanode.InitDatanodeState (InitDatanodeState.java:persistContainerDatanodeDetails(140)) - DatanodeDetails is persisted to /workdir/hadoop-ozone/integration-test/target/test-dir/MiniOzoneClusterImpl-677ba508-865f-4285-99f6-8f2053594021/datanode-0/meta/datanode.id
2019-09-05 10:57:16,066 [Datanode State Machine Thread - 0] INFO  datanode.InitDatanodeState (InitDatanodeState.java:persistContainerDatanodeDetails(140)) - DatanodeDetails is persisted to /workdir/hadoop-ozone/integration-test/target/test-dir/MiniOzoneClusterImpl-677ba508-865f-4285-99f6-8f2053594021/datanode-1/meta/datanode.id
2019-09-05 10:57:16,091 [main] INFO  handler.ContextHandler (ContextHandler.java:doStart(781)) - Started o.e.j.w.WebAppContext@77b919a3{/,file:///tmp/jetty-0.0.0.0-46260-hddsDatanode-_-any-8957661886186786565.dir/webapp/,AVAILABLE}{/hddsDatanode}
2019-09-05 10:57:16,092 [main] INFO  server.AbstractConnector (AbstractConnector.java:doStart(278)) - Started ServerConnector@5624657a{HTTP/1.1,[http/1.1]}{0.0.0.0:46260}
2019-09-05 10:57:16,094 [main] INFO  server.Server (Server.java:doStart(419)) - Started @6388ms
2019-09-05 10:57:16,094 [main] WARN  impl.MetricsSystemImpl (MetricsSystemImpl.java:register(276)) - Sink prometheus already exists!
2019-09-05 10:57:16,095 [main] INFO  server.BaseHttpServer (BaseHttpServer.java:updateConnectorAddress(215)) - HTTP server of HDDSDATANODE is listening at http://0.0.0.0:46260
2019-09-05 10:57:16,095 [main] INFO  impl.MetricsSystemImpl (MetricsSystemImpl.java:init(158)) - HddsDatanode metrics system started (again)
2019-09-05 10:57:16,098 [org.apache.hadoop.util.JvmPauseMonitor$Monitor@609ce905] INFO  util.JvmPauseMonitor (JvmPauseMonitor.java:run(188)) - Starting JVM pause monitor
2019-09-05 10:57:16,099 [main] INFO  ozone.HddsDatanodeService (HddsDatanodeService.java:start(184)) - HddsDatanodeService host:pr-hdds-1561-gm47z-337254333 ip:192.168.36.83
2019-09-05 10:57:16,100 [Datanode State Machine Thread - 0] INFO  datanode.InitDatanodeState (InitDatanodeState.java:persistContainerDatanodeDetails(140)) - DatanodeDetails is persisted to /workdir/hadoop-ozone/integration-test/target/test-dir/MiniOzoneClusterImpl-677ba508-865f-4285-99f6-8f2053594021/datanode-2/meta/datanode.id
2019-09-05 10:57:16,107 [main] INFO  volume.HddsVolume (HddsVolume.java:<init>(176)) - Creating Volume: /workdir/hadoop-ozone/integration-test/target/test-dir/MiniOzoneClusterImpl-677ba508-865f-4285-99f6-8f2053594021/datanode-3/data/containers/hdds of  storage type : DISK and capacity : 1482555576320
2019-09-05 10:57:16,107 [main] INFO  volume.VolumeSet (VolumeSet.java:initializeVolumeSet(170)) - Added Volume : /workdir/hadoop-ozone/integration-test/target/test-dir/MiniOzoneClusterImpl-677ba508-865f-4285-99f6-8f2053594021/datanode-3/data/containers/hdds to VolumeSet
2019-09-05 10:57:16,107 [main] INFO  volume.ThrottledAsyncChecker (ThrottledAsyncChecker.java:schedule(140)) - Scheduling a check for org.apache.hadoop.ozone.container.common.volume.HddsVolume@2b680207
2019-09-05 10:57:16,108 [main] INFO  volume.HddsVolumeChecker (HddsVolumeChecker.java:checkAllVolumes(203)) - Scheduled health check for volume org.apache.hadoop.ozone.container.common.volume.HddsVolume@2b680207
2019-09-05 10:57:16,122 [main] INFO  impl.RaftServerProxy (ConfUtils.java:logGet(43)) - raft.rpc.type = GRPC (default)
2019-09-05 10:57:16,122 [main] INFO  grpc.GrpcFactory (GrpcFactory.java:checkPooledByteBufAllocatorUseCacheForAllThreads(45)) - PERFORMANCE WARNING: useCacheForAllThreads is true that may cause Netty to create a lot garbage objects and, as a result, trigger GC.
	It is recommended to disable useCacheForAllThreads by setting -Dorg.apache.ratis.thirdparty.io.netty.allocator.useCacheForAllThreads=false in command line.
2019-09-05 10:57:16,122 [main] INFO  grpc.GrpcConfigKeys$Server (ConfUtils.java:logGet(43)) - raft.grpc.server.port = 0 (default)
2019-09-05 10:57:16,123 [main] INFO  server.GrpcService (ConfUtils.java:logGet(43)) - raft.grpc.message.size.max = 33570816 (custom)
2019-09-05 10:57:16,123 [main] INFO  server.RaftServerConfigKeys (ConfUtils.java:logGet(43)) - raft.server.log.appender.buffer.byte-limit = 33554432 (custom)
2019-09-05 10:57:16,123 [main] INFO  server.GrpcService (ConfUtils.java:logGet(43)) - raft.grpc.flow.control.window = 1MB (=1048576) (default)
2019-09-05 10:57:16,123 [main] INFO  server.RaftServerConfigKeys (ConfUtils.java:logGet(43)) - raft.server.rpc.request.timeout = 3000ms (default)
2019-09-05 10:57:16,124 [main] INFO  server.RaftServerConfigKeys (ConfUtils.java:logGet(43)) - raft.server.storage.dir = [/workdir/hadoop-ozone/integration-test/target/test-dir/MiniOzoneClusterImpl-677ba508-865f-4285-99f6-8f2053594021/datanode-3/data/ratis] (custom)
2019-09-05 10:57:16,125 [main] INFO  hdfs.DFSUtil (DFSUtil.java:httpServerTemplateForNNAndJN(1641)) - Starting Web-server for hddsDatanode at: http://0.0.0.0:0
2019-09-05 10:57:16,127 [main] INFO  server.AuthenticationFilter (AuthenticationFilter.java:constructSecretProvider(240)) - Unable to initialize FileSignerSecretProvider, falling back to use random secrets.
2019-09-05 10:57:16,127 [main] WARN  http.HttpRequestLog (HttpRequestLog.java:getRequestLog(97)) - Jetty request log can only be enabled using Log4j
2019-09-05 10:57:16,129 [main] INFO  http.HttpServer2 (HttpServer2.java:addGlobalFilter(975)) - Added global filter 'safety' (class=org.apache.hadoop.http.HttpServer2$QuotingInputFilter)
2019-09-05 10:57:16,129 [main] INFO  http.HttpServer2 (HttpServer2.java:addFilter(948)) - Added filter static_user_filter (class=org.apache.hadoop.http.lib.StaticUserWebFilter$StaticUserFilter) to context hddsDatanode
2019-09-05 10:57:16,129 [main] INFO  http.HttpServer2 (HttpServer2.java:addFilter(958)) - Added filter static_user_filter (class=org.apache.hadoop.http.lib.StaticUserWebFilter$StaticUserFilter) to context logs
2019-09-05 10:57:16,129 [main] INFO  http.HttpServer2 (HttpServer2.java:addFilter(958)) - Added filter static_user_filter (class=org.apache.hadoop.http.lib.StaticUserWebFilter$StaticUserFilter) to context static
2019-09-05 10:57:16,130 [main] INFO  http.HttpServer2 (HttpServer2.java:bindListener(1191)) - Jetty bound to port 38345
2019-09-05 10:57:16,130 [main] INFO  server.Server (Server.java:doStart(351)) - jetty-9.3.24.v20180605, build timestamp: 2018-06-05T17:11:56Z, git hash: 84205aa28f11a4f31f2a3b86d1bba2cc8ab69827
2019-09-05 10:57:16,134 [main] INFO  handler.ContextHandler (ContextHandler.java:doStart(781)) - Started o.e.j.s.ServletContextHandler@1981d861{/logs,file:///workdir/hadoop-ozone/integration-test/target/log,AVAILABLE}
2019-09-05 10:57:16,135 [main] INFO  handler.ContextHandler (ContextHandler.java:doStart(781)) - Started o.e.j.s.ServletContextHandler@53f4c1e6{/static,jar:file:/home/user/.m2/repository/org/apache/hadoop/hadoop-hdds-container-service/0.5.0-SNAPSHOT/hadoop-hdds-container-service-0.5.0-SNAPSHOT.jar!/webapps/static,AVAILABLE}
2019-09-05 10:57:16,166 [main] INFO  handler.ContextHandler (ContextHandler.java:doStart(781)) - Started o.e.j.w.WebAppContext@97d0c06{/,file:///tmp/jetty-0.0.0.0-38345-hddsDatanode-_-any-5900337284864812992.dir/webapp/,AVAILABLE}{/hddsDatanode}
2019-09-05 10:57:16,169 [main] INFO  server.AbstractConnector (AbstractConnector.java:doStart(278)) - Started ServerConnector@5e7c141d{HTTP/1.1,[http/1.1]}{0.0.0.0:38345}
2019-09-05 10:57:16,171 [main] INFO  server.Server (Server.java:doStart(419)) - Started @6465ms
2019-09-05 10:57:16,172 [main] WARN  impl.MetricsSystemImpl (MetricsSystemImpl.java:register(276)) - Sink prometheus already exists!
2019-09-05 10:57:16,173 [main] INFO  server.BaseHttpServer (BaseHttpServer.java:updateConnectorAddress(215)) - HTTP server of HDDSDATANODE is listening at http://0.0.0.0:38345
2019-09-05 10:57:16,174 [main] INFO  impl.MetricsSystemImpl (MetricsSystemImpl.java:init(158)) - HddsDatanode metrics system started (again)
2019-09-05 10:57:16,179 [org.apache.hadoop.util.JvmPauseMonitor$Monitor@4e19c583] INFO  util.JvmPauseMonitor (JvmPauseMonitor.java:run(188)) - Starting JVM pause monitor
2019-09-05 10:57:16,179 [main] INFO  ozone.HddsDatanodeService (HddsDatanodeService.java:start(184)) - HddsDatanodeService host:pr-hdds-1561-gm47z-337254333 ip:192.168.36.83
2019-09-05 10:57:16,183 [Datanode State Machine Thread - 0] INFO  datanode.InitDatanodeState (InitDatanodeState.java:persistContainerDatanodeDetails(140)) - DatanodeDetails is persisted to /workdir/hadoop-ozone/integration-test/target/test-dir/MiniOzoneClusterImpl-677ba508-865f-4285-99f6-8f2053594021/datanode-3/meta/datanode.id
2019-09-05 10:57:16,191 [main] INFO  volume.HddsVolume (HddsVolume.java:<init>(176)) - Creating Volume: /workdir/hadoop-ozone/integration-test/target/test-dir/MiniOzoneClusterImpl-677ba508-865f-4285-99f6-8f2053594021/datanode-4/data/containers/hdds of  storage type : DISK and capacity : 1482555576320
2019-09-05 10:57:16,192 [main] INFO  volume.VolumeSet (VolumeSet.java:initializeVolumeSet(170)) - Added Volume : /workdir/hadoop-ozone/integration-test/target/test-dir/MiniOzoneClusterImpl-677ba508-865f-4285-99f6-8f2053594021/datanode-4/data/containers/hdds to VolumeSet
2019-09-05 10:57:16,192 [main] INFO  volume.ThrottledAsyncChecker (ThrottledAsyncChecker.java:schedule(140)) - Scheduling a check for org.apache.hadoop.ozone.container.common.volume.HddsVolume@119aa36
2019-09-05 10:57:16,193 [main] INFO  volume.HddsVolumeChecker (HddsVolumeChecker.java:checkAllVolumes(203)) - Scheduled health check for volume org.apache.hadoop.ozone.container.common.volume.HddsVolume@119aa36
2019-09-05 10:57:16,213 [main] INFO  impl.RaftServerProxy (ConfUtils.java:logGet(43)) - raft.rpc.type = GRPC (default)
2019-09-05 10:57:16,213 [main] INFO  grpc.GrpcFactory (GrpcFactory.java:checkPooledByteBufAllocatorUseCacheForAllThreads(45)) - PERFORMANCE WARNING: useCacheForAllThreads is true that may cause Netty to create a lot garbage objects and, as a result, trigger GC.
	It is recommended to disable useCacheForAllThreads by setting -Dorg.apache.ratis.thirdparty.io.netty.allocator.useCacheForAllThreads=false in command line.
2019-09-05 10:57:16,213 [main] INFO  grpc.GrpcConfigKeys$Server (ConfUtils.java:logGet(43)) - raft.grpc.server.port = 0 (default)
2019-09-05 10:57:16,214 [main] INFO  server.GrpcService (ConfUtils.java:logGet(43)) - raft.grpc.message.size.max = 33570816 (custom)
2019-09-05 10:57:16,214 [main] INFO  server.RaftServerConfigKeys (ConfUtils.java:logGet(43)) - raft.server.log.appender.buffer.byte-limit = 33554432 (custom)
2019-09-05 10:57:16,214 [main] INFO  server.GrpcService (ConfUtils.java:logGet(43)) - raft.grpc.flow.control.window = 1MB (=1048576) (default)
2019-09-05 10:57:16,215 [main] INFO  server.RaftServerConfigKeys (ConfUtils.java:logGet(43)) - raft.server.rpc.request.timeout = 3000ms (default)
2019-09-05 10:57:16,215 [main] INFO  server.RaftServerConfigKeys (ConfUtils.java:logGet(43)) - raft.server.storage.dir = [/workdir/hadoop-ozone/integration-test/target/test-dir/MiniOzoneClusterImpl-677ba508-865f-4285-99f6-8f2053594021/datanode-4/data/ratis] (custom)
2019-09-05 10:57:16,217 [main] INFO  hdfs.DFSUtil (DFSUtil.java:httpServerTemplateForNNAndJN(1641)) - Starting Web-server for hddsDatanode at: http://0.0.0.0:0
2019-09-05 10:57:16,219 [main] INFO  server.AuthenticationFilter (AuthenticationFilter.java:constructSecretProvider(240)) - Unable to initialize FileSignerSecretProvider, falling back to use random secrets.
2019-09-05 10:57:16,219 [main] WARN  http.HttpRequestLog (HttpRequestLog.java:getRequestLog(97)) - Jetty request log can only be enabled using Log4j
2019-09-05 10:57:16,221 [main] INFO  http.HttpServer2 (HttpServer2.java:addGlobalFilter(975)) - Added global filter 'safety' (class=org.apache.hadoop.http.HttpServer2$QuotingInputFilter)
2019-09-05 10:57:16,222 [main] INFO  http.HttpServer2 (HttpServer2.java:addFilter(948)) - Added filter static_user_filter (class=org.apache.hadoop.http.lib.StaticUserWebFilter$StaticUserFilter) to context hddsDatanode
2019-09-05 10:57:16,222 [main] INFO  http.HttpServer2 (HttpServer2.java:addFilter(958)) - Added filter static_user_filter (class=org.apache.hadoop.http.lib.StaticUserWebFilter$StaticUserFilter) to context logs
2019-09-05 10:57:16,223 [main] INFO  http.HttpServer2 (HttpServer2.java:addFilter(958)) - Added filter static_user_filter (class=org.apache.hadoop.http.lib.StaticUserWebFilter$StaticUserFilter) to context static
2019-09-05 10:57:16,224 [main] INFO  http.HttpServer2 (HttpServer2.java:bindListener(1191)) - Jetty bound to port 39708
2019-09-05 10:57:16,224 [main] INFO  server.Server (Server.java:doStart(351)) - jetty-9.3.24.v20180605, build timestamp: 2018-06-05T17:11:56Z, git hash: 84205aa28f11a4f31f2a3b86d1bba2cc8ab69827
2019-09-05 10:57:16,226 [main] INFO  handler.ContextHandler (ContextHandler.java:doStart(781)) - Started o.e.j.s.ServletContextHandler@715b886f{/logs,file:///workdir/hadoop-ozone/integration-test/target/log,AVAILABLE}
2019-09-05 10:57:16,227 [main] INFO  handler.ContextHandler (ContextHandler.java:doStart(781)) - Started o.e.j.s.ServletContextHandler@1e253c9d{/static,jar:file:/home/user/.m2/repository/org/apache/hadoop/hadoop-hdds-container-service/0.5.0-SNAPSHOT/hadoop-hdds-container-service-0.5.0-SNAPSHOT.jar!/webapps/static,AVAILABLE}
2019-09-05 10:57:16,261 [main] INFO  handler.ContextHandler (ContextHandler.java:doStart(781)) - Started o.e.j.w.WebAppContext@67e13bd0{/,file:///tmp/jetty-0.0.0.0-39708-hddsDatanode-_-any-259455674967115052.dir/webapp/,AVAILABLE}{/hddsDatanode}
2019-09-05 10:57:16,262 [main] INFO  server.AbstractConnector (AbstractConnector.java:doStart(278)) - Started ServerConnector@50fb33a{HTTP/1.1,[http/1.1]}{0.0.0.0:39708}
2019-09-05 10:57:16,263 [main] INFO  server.Server (Server.java:doStart(419)) - Started @6557ms
2019-09-05 10:57:16,263 [main] WARN  impl.MetricsSystemImpl (MetricsSystemImpl.java:register(276)) - Sink prometheus already exists!
2019-09-05 10:57:16,264 [main] INFO  server.BaseHttpServer (BaseHttpServer.java:updateConnectorAddress(215)) - HTTP server of HDDSDATANODE is listening at http://0.0.0.0:39708
2019-09-05 10:57:16,265 [main] INFO  impl.MetricsSystemImpl (MetricsSystemImpl.java:init(158)) - HddsDatanode metrics system started (again)
2019-09-05 10:57:16,269 [org.apache.hadoop.util.JvmPauseMonitor$Monitor@60cc21b3] INFO  util.JvmPauseMonitor (JvmPauseMonitor.java:run(188)) - Starting JVM pause monitor
2019-09-05 10:57:16,272 [main] INFO  ozone.HddsDatanodeService (HddsDatanodeService.java:start(184)) - HddsDatanodeService host:pr-hdds-1561-gm47z-337254333 ip:192.168.36.83
2019-09-05 10:57:16,272 [Datanode State Machine Thread - 0] INFO  datanode.InitDatanodeState (InitDatanodeState.java:persistContainerDatanodeDetails(140)) - DatanodeDetails is persisted to /workdir/hadoop-ozone/integration-test/target/test-dir/MiniOzoneClusterImpl-677ba508-865f-4285-99f6-8f2053594021/datanode-4/meta/datanode.id
2019-09-05 10:57:16,282 [main] INFO  volume.HddsVolume (HddsVolume.java:<init>(176)) - Creating Volume: /workdir/hadoop-ozone/integration-test/target/test-dir/MiniOzoneClusterImpl-677ba508-865f-4285-99f6-8f2053594021/datanode-5/data/containers/hdds of  storage type : DISK and capacity : 1482555576320
2019-09-05 10:57:16,283 [main] INFO  volume.VolumeSet (VolumeSet.java:initializeVolumeSet(170)) - Added Volume : /workdir/hadoop-ozone/integration-test/target/test-dir/MiniOzoneClusterImpl-677ba508-865f-4285-99f6-8f2053594021/datanode-5/data/containers/hdds to VolumeSet
2019-09-05 10:57:16,283 [main] INFO  volume.ThrottledAsyncChecker (ThrottledAsyncChecker.java:schedule(140)) - Scheduling a check for org.apache.hadoop.ozone.container.common.volume.HddsVolume@4f89331f
2019-09-05 10:57:16,284 [main] INFO  volume.HddsVolumeChecker (HddsVolumeChecker.java:checkAllVolumes(203)) - Scheduled health check for volume org.apache.hadoop.ozone.container.common.volume.HddsVolume@4f89331f
2019-09-05 10:57:16,312 [main] INFO  impl.RaftServerProxy (ConfUtils.java:logGet(43)) - raft.rpc.type = GRPC (default)
2019-09-05 10:57:16,312 [main] INFO  grpc.GrpcFactory (GrpcFactory.java:checkPooledByteBufAllocatorUseCacheForAllThreads(45)) - PERFORMANCE WARNING: useCacheForAllThreads is true that may cause Netty to create a lot garbage objects and, as a result, trigger GC.
	It is recommended to disable useCacheForAllThreads by setting -Dorg.apache.ratis.thirdparty.io.netty.allocator.useCacheForAllThreads=false in command line.
2019-09-05 10:57:16,312 [main] INFO  grpc.GrpcConfigKeys$Server (ConfUtils.java:logGet(43)) - raft.grpc.server.port = 0 (default)
2019-09-05 10:57:16,313 [main] INFO  server.GrpcService (ConfUtils.java:logGet(43)) - raft.grpc.message.size.max = 33570816 (custom)
2019-09-05 10:57:16,313 [main] INFO  server.RaftServerConfigKeys (ConfUtils.java:logGet(43)) - raft.server.log.appender.buffer.byte-limit = 33554432 (custom)
2019-09-05 10:57:16,313 [main] INFO  server.GrpcService (ConfUtils.java:logGet(43)) - raft.grpc.flow.control.window = 1MB (=1048576) (default)
2019-09-05 10:57:16,314 [main] INFO  server.RaftServerConfigKeys (ConfUtils.java:logGet(43)) - raft.server.rpc.request.timeout = 3000ms (default)
2019-09-05 10:57:16,314 [main] INFO  server.RaftServerConfigKeys (ConfUtils.java:logGet(43)) - raft.server.storage.dir = [/workdir/hadoop-ozone/integration-test/target/test-dir/MiniOzoneClusterImpl-677ba508-865f-4285-99f6-8f2053594021/datanode-5/data/ratis] (custom)
2019-09-05 10:57:16,316 [main] INFO  hdfs.DFSUtil (DFSUtil.java:httpServerTemplateForNNAndJN(1641)) - Starting Web-server for hddsDatanode at: http://0.0.0.0:0
2019-09-05 10:57:16,318 [main] INFO  server.AuthenticationFilter (AuthenticationFilter.java:constructSecretProvider(240)) - Unable to initialize FileSignerSecretProvider, falling back to use random secrets.
2019-09-05 10:57:16,319 [main] WARN  http.HttpRequestLog (HttpRequestLog.java:getRequestLog(97)) - Jetty request log can only be enabled using Log4j
2019-09-05 10:57:16,321 [main] INFO  http.HttpServer2 (HttpServer2.java:addGlobalFilter(975)) - Added global filter 'safety' (class=org.apache.hadoop.http.HttpServer2$QuotingInputFilter)
2019-09-05 10:57:16,322 [main] INFO  http.HttpServer2 (HttpServer2.java:addFilter(948)) - Added filter static_user_filter (class=org.apache.hadoop.http.lib.StaticUserWebFilter$StaticUserFilter) to context hddsDatanode
2019-09-05 10:57:16,322 [main] INFO  http.HttpServer2 (HttpServer2.java:addFilter(958)) - Added filter static_user_filter (class=org.apache.hadoop.http.lib.StaticUserWebFilter$StaticUserFilter) to context static
2019-09-05 10:57:16,322 [main] INFO  http.HttpServer2 (HttpServer2.java:addFilter(958)) - Added filter static_user_filter (class=org.apache.hadoop.http.lib.StaticUserWebFilter$StaticUserFilter) to context logs
2019-09-05 10:57:16,323 [main] INFO  http.HttpServer2 (HttpServer2.java:bindListener(1191)) - Jetty bound to port 43593
2019-09-05 10:57:16,323 [main] INFO  server.Server (Server.java:doStart(351)) - jetty-9.3.24.v20180605, build timestamp: 2018-06-05T17:11:56Z, git hash: 84205aa28f11a4f31f2a3b86d1bba2cc8ab69827
2019-09-05 10:57:16,325 [main] INFO  handler.ContextHandler (ContextHandler.java:doStart(781)) - Started o.e.j.s.ServletContextHandler@5ea4300e{/logs,file:///workdir/hadoop-ozone/integration-test/target/log,AVAILABLE}
2019-09-05 10:57:16,326 [main] INFO  handler.ContextHandler (ContextHandler.java:doStart(781)) - Started o.e.j.s.ServletContextHandler@76ad6715{/static,jar:file:/home/user/.m2/repository/org/apache/hadoop/hadoop-hdds-container-service/0.5.0-SNAPSHOT/hadoop-hdds-container-service-0.5.0-SNAPSHOT.jar!/webapps/static,AVAILABLE}
2019-09-05 10:57:16,361 [main] INFO  handler.ContextHandler (ContextHandler.java:doStart(781)) - Started o.e.j.w.WebAppContext@7e53339{/,file:///tmp/jetty-0.0.0.0-43593-hddsDatanode-_-any-173559981632396494.dir/webapp/,AVAILABLE}{/hddsDatanode}
2019-09-05 10:57:16,362 [main] INFO  server.AbstractConnector (AbstractConnector.java:doStart(278)) - Started ServerConnector@58fef7f7{HTTP/1.1,[http/1.1]}{0.0.0.0:43593}
2019-09-05 10:57:16,362 [main] INFO  server.Server (Server.java:doStart(419)) - Started @6657ms
2019-09-05 10:57:16,363 [main] WARN  impl.MetricsSystemImpl (MetricsSystemImpl.java:register(276)) - Sink prometheus already exists!
2019-09-05 10:57:16,363 [main] INFO  server.BaseHttpServer (BaseHttpServer.java:updateConnectorAddress(215)) - HTTP server of HDDSDATANODE is listening at http://0.0.0.0:43593
2019-09-05 10:57:16,364 [main] INFO  impl.MetricsSystemImpl (MetricsSystemImpl.java:init(158)) - HddsDatanode metrics system started (again)
2019-09-05 10:57:16,369 [org.apache.hadoop.util.JvmPauseMonitor$Monitor@4cdf303f] INFO  util.JvmPauseMonitor (JvmPauseMonitor.java:run(188)) - Starting JVM pause monitor
2019-09-05 10:57:16,370 [main] INFO  ozone.HddsDatanodeService (HddsDatanodeService.java:start(184)) - HddsDatanodeService host:pr-hdds-1561-gm47z-337254333 ip:192.168.36.83
2019-09-05 10:57:16,372 [Datanode State Machine Thread - 0] INFO  datanode.InitDatanodeState (InitDatanodeState.java:persistContainerDatanodeDetails(140)) - DatanodeDetails is persisted to /workdir/hadoop-ozone/integration-test/target/test-dir/MiniOzoneClusterImpl-677ba508-865f-4285-99f6-8f2053594021/datanode-5/meta/datanode.id
2019-09-05 10:57:16,379 [main] INFO  volume.HddsVolume (HddsVolume.java:<init>(176)) - Creating Volume: /workdir/hadoop-ozone/integration-test/target/test-dir/MiniOzoneClusterImpl-677ba508-865f-4285-99f6-8f2053594021/datanode-6/data/containers/hdds of  storage type : DISK and capacity : 1482555576320
2019-09-05 10:57:16,380 [main] INFO  volume.VolumeSet (VolumeSet.java:initializeVolumeSet(170)) - Added Volume : /workdir/hadoop-ozone/integration-test/target/test-dir/MiniOzoneClusterImpl-677ba508-865f-4285-99f6-8f2053594021/datanode-6/data/containers/hdds to VolumeSet
2019-09-05 10:57:16,380 [main] INFO  volume.ThrottledAsyncChecker (ThrottledAsyncChecker.java:schedule(140)) - Scheduling a check for org.apache.hadoop.ozone.container.common.volume.HddsVolume@26586b74
2019-09-05 10:57:16,381 [main] INFO  volume.HddsVolumeChecker (HddsVolumeChecker.java:checkAllVolumes(203)) - Scheduled health check for volume org.apache.hadoop.ozone.container.common.volume.HddsVolume@26586b74
2019-09-05 10:57:16,401 [main] INFO  impl.RaftServerProxy (ConfUtils.java:logGet(43)) - raft.rpc.type = GRPC (default)
2019-09-05 10:57:16,401 [main] INFO  grpc.GrpcFactory (GrpcFactory.java:checkPooledByteBufAllocatorUseCacheForAllThreads(45)) - PERFORMANCE WARNING: useCacheForAllThreads is true that may cause Netty to create a lot garbage objects and, as a result, trigger GC.
	It is recommended to disable useCacheForAllThreads by setting -Dorg.apache.ratis.thirdparty.io.netty.allocator.useCacheForAllThreads=false in command line.
2019-09-05 10:57:16,402 [main] INFO  grpc.GrpcConfigKeys$Server (ConfUtils.java:logGet(43)) - raft.grpc.server.port = 0 (default)
2019-09-05 10:57:16,402 [main] INFO  server.GrpcService (ConfUtils.java:logGet(43)) - raft.grpc.message.size.max = 33570816 (custom)
2019-09-05 10:57:16,402 [main] INFO  server.RaftServerConfigKeys (ConfUtils.java:logGet(43)) - raft.server.log.appender.buffer.byte-limit = 33554432 (custom)
2019-09-05 10:57:16,402 [main] INFO  server.GrpcService (ConfUtils.java:logGet(43)) - raft.grpc.flow.control.window = 1MB (=1048576) (default)
2019-09-05 10:57:16,403 [main] INFO  server.RaftServerConfigKeys (ConfUtils.java:logGet(43)) - raft.server.rpc.request.timeout = 3000ms (default)
2019-09-05 10:57:16,403 [main] INFO  server.RaftServerConfigKeys (ConfUtils.java:logGet(43)) - raft.server.storage.dir = [/workdir/hadoop-ozone/integration-test/target/test-dir/MiniOzoneClusterImpl-677ba508-865f-4285-99f6-8f2053594021/datanode-6/data/ratis] (custom)
2019-09-05 10:57:16,405 [main] INFO  hdfs.DFSUtil (DFSUtil.java:httpServerTemplateForNNAndJN(1641)) - Starting Web-server for hddsDatanode at: http://0.0.0.0:0
2019-09-05 10:57:16,407 [main] INFO  server.AuthenticationFilter (AuthenticationFilter.java:constructSecretProvider(240)) - Unable to initialize FileSignerSecretProvider, falling back to use random secrets.
2019-09-05 10:57:16,408 [main] WARN  http.HttpRequestLog (HttpRequestLog.java:getRequestLog(97)) - Jetty request log can only be enabled using Log4j
2019-09-05 10:57:16,410 [main] INFO  http.HttpServer2 (HttpServer2.java:addGlobalFilter(975)) - Added global filter 'safety' (class=org.apache.hadoop.http.HttpServer2$QuotingInputFilter)
2019-09-05 10:57:16,411 [main] INFO  http.HttpServer2 (HttpServer2.java:addFilter(948)) - Added filter static_user_filter (class=org.apache.hadoop.http.lib.StaticUserWebFilter$StaticUserFilter) to context hddsDatanode
2019-09-05 10:57:16,411 [main] INFO  http.HttpServer2 (HttpServer2.java:addFilter(958)) - Added filter static_user_filter (class=org.apache.hadoop.http.lib.StaticUserWebFilter$StaticUserFilter) to context static
2019-09-05 10:57:16,411 [main] INFO  http.HttpServer2 (HttpServer2.java:addFilter(958)) - Added filter static_user_filter (class=org.apache.hadoop.http.lib.StaticUserWebFilter$StaticUserFilter) to context logs
2019-09-05 10:57:16,413 [main] INFO  http.HttpServer2 (HttpServer2.java:bindListener(1191)) - Jetty bound to port 44479
2019-09-05 10:57:16,413 [main] INFO  server.Server (Server.java:doStart(351)) - jetty-9.3.24.v20180605, build timestamp: 2018-06-05T17:11:56Z, git hash: 84205aa28f11a4f31f2a3b86d1bba2cc8ab69827
2019-09-05 10:57:16,416 [main] INFO  handler.ContextHandler (ContextHandler.java:doStart(781)) - Started o.e.j.s.ServletContextHandler@54e02f6a{/logs,file:///workdir/hadoop-ozone/integration-test/target/log,AVAILABLE}
2019-09-05 10:57:16,416 [main] INFO  handler.ContextHandler (ContextHandler.java:doStart(781)) - Started o.e.j.s.ServletContextHandler@3ba46e63{/static,jar:file:/home/user/.m2/repository/org/apache/hadoop/hadoop-hdds-container-service/0.5.0-SNAPSHOT/hadoop-hdds-container-service-0.5.0-SNAPSHOT.jar!/webapps/static,AVAILABLE}
2019-09-05 10:57:16,453 [main] INFO  handler.ContextHandler (ContextHandler.java:doStart(781)) - Started o.e.j.w.WebAppContext@7c8c70d6{/,file:///tmp/jetty-0.0.0.0-44479-hddsDatanode-_-any-7857745678195579102.dir/webapp/,AVAILABLE}{/hddsDatanode}
2019-09-05 10:57:16,455 [main] INFO  server.AbstractConnector (AbstractConnector.java:doStart(278)) - Started ServerConnector@1ab5f08a{HTTP/1.1,[http/1.1]}{0.0.0.0:44479}
2019-09-05 10:57:16,455 [main] INFO  server.Server (Server.java:doStart(419)) - Started @6749ms
2019-09-05 10:57:16,455 [main] WARN  impl.MetricsSystemImpl (MetricsSystemImpl.java:register(276)) - Sink prometheus already exists!
2019-09-05 10:57:16,456 [main] INFO  server.BaseHttpServer (BaseHttpServer.java:updateConnectorAddress(215)) - HTTP server of HDDSDATANODE is listening at http://0.0.0.0:44479
2019-09-05 10:57:16,459 [main] INFO  ozone.MiniOzoneClusterImpl (MiniOzoneClusterImpl.java:lambda$waitForClusterToBeReady$0(140)) - Waiting for cluster to be ready. Got 0 of 7 DN Heartbeats.
2019-09-05 10:57:16,459 [org.apache.hadoop.util.JvmPauseMonitor$Monitor@63e8823b] INFO  util.JvmPauseMonitor (JvmPauseMonitor.java:run(188)) - Starting JVM pause monitor
2019-09-05 10:57:16,462 [Datanode State Machine Thread - 0] INFO  datanode.InitDatanodeState (InitDatanodeState.java:persistContainerDatanodeDetails(140)) - DatanodeDetails is persisted to /workdir/hadoop-ozone/integration-test/target/test-dir/MiniOzoneClusterImpl-677ba508-865f-4285-99f6-8f2053594021/datanode-6/meta/datanode.id
2019-09-05 10:57:17,459 [main] INFO  ozone.MiniOzoneClusterImpl (MiniOzoneClusterImpl.java:lambda$waitForClusterToBeReady$0(140)) - Waiting for cluster to be ready. Got 0 of 7 DN Heartbeats.
2019-09-05 10:57:18,024 [Datanode State Machine Thread - 0] INFO  ozoneimpl.OzoneContainer (OzoneContainer.java:start(202)) - Attempting to start container services.
2019-09-05 10:57:18,026 [Datanode State Machine Thread - 0] INFO  ozoneimpl.OzoneContainer (OzoneContainer.java:startContainerScrub(176)) - Background container scrubber has been disabled by hdds.containerscrub.enabled
2019-09-05 10:57:18,026 [Datanode State Machine Thread - 0] INFO  ratis.XceiverServerRatis (XceiverServerRatis.java:start(404)) - Starting XceiverServerRatis 3f95e3dc-0a00-4224-befc-5244f1a3079e at port 0
2019-09-05 10:57:18,058 [Datanode State Machine Thread - 0] INFO  impl.RaftServerProxy (RaftServerProxy.java:lambda$start$3(299)) - 3f95e3dc-0a00-4224-befc-5244f1a3079e: start RPC server
2019-09-05 10:57:18,063 [Datanode State Machine Thread - 0] INFO  ozoneimpl.OzoneContainer (OzoneContainer.java:start(202)) - Attempting to start container services.
2019-09-05 10:57:18,066 [Datanode State Machine Thread - 0] INFO  ozoneimpl.OzoneContainer (OzoneContainer.java:startContainerScrub(176)) - Background container scrubber has been disabled by hdds.containerscrub.enabled
2019-09-05 10:57:18,066 [Datanode State Machine Thread - 0] INFO  ratis.XceiverServerRatis (XceiverServerRatis.java:start(404)) - Starting XceiverServerRatis 9b1bb9e7-35a8-460d-b103-c20534a62010 at port 0
2019-09-05 10:57:18,075 [Datanode State Machine Thread - 0] INFO  impl.RaftServerProxy (RaftServerProxy.java:lambda$start$3(299)) - 9b1bb9e7-35a8-460d-b103-c20534a62010: start RPC server
2019-09-05 10:57:18,142 [Datanode State Machine Thread - 0] INFO  ozoneimpl.OzoneContainer (OzoneContainer.java:start(202)) - Attempting to start container services.
2019-09-05 10:57:18,150 [Datanode State Machine Thread - 0] INFO  ozoneimpl.OzoneContainer (OzoneContainer.java:startContainerScrub(176)) - Background container scrubber has been disabled by hdds.containerscrub.enabled
2019-09-05 10:57:18,151 [Datanode State Machine Thread - 0] INFO  ratis.XceiverServerRatis (XceiverServerRatis.java:start(404)) - Starting XceiverServerRatis 30c09380-d5b8-4c4e-a2ad-47e9cd9a2c37 at port 0
2019-09-05 10:57:18,161 [Datanode State Machine Thread - 0] INFO  impl.RaftServerProxy (RaftServerProxy.java:lambda$start$3(299)) - 30c09380-d5b8-4c4e-a2ad-47e9cd9a2c37: start RPC server
2019-09-05 10:57:18,230 [Datanode State Machine Thread - 0] INFO  server.GrpcService (GrpcService.java:startImpl(158)) - 30c09380-d5b8-4c4e-a2ad-47e9cd9a2c37: GrpcService started, listening on 0.0.0.0/0.0.0.0:41949
2019-09-05 10:57:18,230 [Datanode State Machine Thread - 0] INFO  server.GrpcService (GrpcService.java:startImpl(158)) - 3f95e3dc-0a00-4224-befc-5244f1a3079e: GrpcService started, listening on 0.0.0.0/0.0.0.0:36493
2019-09-05 10:57:18,230 [Datanode State Machine Thread - 0] INFO  server.GrpcService (GrpcService.java:startImpl(158)) - 9b1bb9e7-35a8-460d-b103-c20534a62010: GrpcService started, listening on 0.0.0.0/0.0.0.0:44031
2019-09-05 10:57:18,231 [Datanode State Machine Thread - 0] INFO  ratis.XceiverServerRatis (XceiverServerRatis.java:start(414)) - XceiverServerRatis 3f95e3dc-0a00-4224-befc-5244f1a3079e is started using port 36493
2019-09-05 10:57:18,231 [Datanode State Machine Thread - 0] INFO  ratis.XceiverServerRatis (XceiverServerRatis.java:start(414)) - XceiverServerRatis 30c09380-d5b8-4c4e-a2ad-47e9cd9a2c37 is started using port 41949
2019-09-05 10:57:18,231 [Datanode State Machine Thread - 0] INFO  ratis.XceiverServerRatis (XceiverServerRatis.java:start(414)) - XceiverServerRatis 9b1bb9e7-35a8-460d-b103-c20534a62010 is started using port 44031
2019-09-05 10:57:18,236 [Datanode State Machine Thread - 0] INFO  ozoneimpl.OzoneContainer (OzoneContainer.java:start(202)) - Attempting to start container services.
2019-09-05 10:57:18,237 [Datanode State Machine Thread - 0] INFO  ozoneimpl.OzoneContainer (OzoneContainer.java:startContainerScrub(176)) - Background container scrubber has been disabled by hdds.containerscrub.enabled
2019-09-05 10:57:18,237 [Datanode State Machine Thread - 0] INFO  ratis.XceiverServerRatis (XceiverServerRatis.java:start(404)) - Starting XceiverServerRatis f6e8258f-1280-422a-9f5c-7c2b00930eeb at port 0
2019-09-05 10:57:18,238 [Datanode State Machine Thread - 0] INFO  server.XceiverServerGrpc (XceiverServerGrpc.java:start(163)) - XceiverServerGrpc 30c09380-d5b8-4c4e-a2ad-47e9cd9a2c37 is started using port 44653
2019-09-05 10:57:18,238 [Datanode State Machine Thread - 0] INFO  server.XceiverServerGrpc (XceiverServerGrpc.java:start(163)) - XceiverServerGrpc 9b1bb9e7-35a8-460d-b103-c20534a62010 is started using port 43082
2019-09-05 10:57:18,238 [Datanode State Machine Thread - 0] INFO  server.XceiverServerGrpc (XceiverServerGrpc.java:start(163)) - XceiverServerGrpc 3f95e3dc-0a00-4224-befc-5244f1a3079e is started using port 32902
2019-09-05 10:57:18,248 [Datanode State Machine Thread - 0] INFO  impl.RaftServerProxy (RaftServerProxy.java:lambda$start$3(299)) - f6e8258f-1280-422a-9f5c-7c2b00930eeb: start RPC server
2019-09-05 10:57:18,251 [Datanode State Machine Thread - 0] INFO  server.GrpcService (GrpcService.java:startImpl(158)) - f6e8258f-1280-422a-9f5c-7c2b00930eeb: GrpcService started, listening on 0.0.0.0/0.0.0.0:44549
2019-09-05 10:57:18,251 [Datanode State Machine Thread - 0] INFO  ratis.XceiverServerRatis (XceiverServerRatis.java:start(414)) - XceiverServerRatis f6e8258f-1280-422a-9f5c-7c2b00930eeb is started using port 44549
2019-09-05 10:57:18,254 [Datanode State Machine Thread - 0] INFO  server.XceiverServerGrpc (XceiverServerGrpc.java:start(163)) - XceiverServerGrpc f6e8258f-1280-422a-9f5c-7c2b00930eeb is started using port 37251
2019-09-05 10:57:18,310 [Datanode State Machine Thread - 0] INFO  ozoneimpl.OzoneContainer (OzoneContainer.java:start(202)) - Attempting to start container services.
2019-09-05 10:57:18,310 [Datanode State Machine Thread - 0] INFO  ozoneimpl.OzoneContainer (OzoneContainer.java:startContainerScrub(176)) - Background container scrubber has been disabled by hdds.containerscrub.enabled
2019-09-05 10:57:18,310 [Datanode State Machine Thread - 0] INFO  ratis.XceiverServerRatis (XceiverServerRatis.java:start(404)) - Starting XceiverServerRatis 29dabda3-762d-47b4-97f9-ce603194a1e8 at port 0
2019-09-05 10:57:18,321 [Datanode State Machine Thread - 0] INFO  impl.RaftServerProxy (RaftServerProxy.java:lambda$start$3(299)) - 29dabda3-762d-47b4-97f9-ce603194a1e8: start RPC server
2019-09-05 10:57:18,324 [Datanode State Machine Thread - 0] INFO  server.GrpcService (GrpcService.java:startImpl(158)) - 29dabda3-762d-47b4-97f9-ce603194a1e8: GrpcService started, listening on 0.0.0.0/0.0.0.0:39827
2019-09-05 10:57:18,324 [Datanode State Machine Thread - 0] INFO  ratis.XceiverServerRatis (XceiverServerRatis.java:start(414)) - XceiverServerRatis 29dabda3-762d-47b4-97f9-ce603194a1e8 is started using port 39827
2019-09-05 10:57:18,327 [Datanode State Machine Thread - 0] INFO  server.XceiverServerGrpc (XceiverServerGrpc.java:start(163)) - XceiverServerGrpc 29dabda3-762d-47b4-97f9-ce603194a1e8 is started using port 38971
2019-09-05 10:57:18,398 [Datanode State Machine Thread - 0] INFO  ozoneimpl.OzoneContainer (OzoneContainer.java:start(202)) - Attempting to start container services.
2019-09-05 10:57:18,399 [Datanode State Machine Thread - 0] INFO  ozoneimpl.OzoneContainer (OzoneContainer.java:startContainerScrub(176)) - Background container scrubber has been disabled by hdds.containerscrub.enabled
2019-09-05 10:57:18,399 [Datanode State Machine Thread - 0] INFO  ratis.XceiverServerRatis (XceiverServerRatis.java:start(404)) - Starting XceiverServerRatis 5d8d3527-2a3e-4bcd-b079-5fbdf7aae7f6 at port 0
2019-09-05 10:57:18,406 [Datanode State Machine Thread - 0] INFO  impl.RaftServerProxy (RaftServerProxy.java:lambda$start$3(299)) - 5d8d3527-2a3e-4bcd-b079-5fbdf7aae7f6: start RPC server
2019-09-05 10:57:18,411 [Datanode State Machine Thread - 0] INFO  server.GrpcService (GrpcService.java:startImpl(158)) - 5d8d3527-2a3e-4bcd-b079-5fbdf7aae7f6: GrpcService started, listening on 0.0.0.0/0.0.0.0:34246
2019-09-05 10:57:18,411 [Datanode State Machine Thread - 0] INFO  ratis.XceiverServerRatis (XceiverServerRatis.java:start(414)) - XceiverServerRatis 5d8d3527-2a3e-4bcd-b079-5fbdf7aae7f6 is started using port 34246
2019-09-05 10:57:18,414 [Datanode State Machine Thread - 0] INFO  server.XceiverServerGrpc (XceiverServerGrpc.java:start(163)) - XceiverServerGrpc 5d8d3527-2a3e-4bcd-b079-5fbdf7aae7f6 is started using port 41693
2019-09-05 10:57:18,462 [main] INFO  ozone.MiniOzoneClusterImpl (MiniOzoneClusterImpl.java:lambda$waitForClusterToBeReady$0(140)) - Waiting for cluster to be ready. Got 0 of 7 DN Heartbeats.
2019-09-05 10:57:18,488 [Datanode State Machine Thread - 0] INFO  ozoneimpl.OzoneContainer (OzoneContainer.java:start(202)) - Attempting to start container services.
2019-09-05 10:57:18,489 [Datanode State Machine Thread - 0] INFO  ozoneimpl.OzoneContainer (OzoneContainer.java:startContainerScrub(176)) - Background container scrubber has been disabled by hdds.containerscrub.enabled
2019-09-05 10:57:18,489 [Datanode State Machine Thread - 0] INFO  ratis.XceiverServerRatis (XceiverServerRatis.java:start(404)) - Starting XceiverServerRatis cefd773d-a65b-476c-b903-2f020490a58a at port 0
2019-09-05 10:57:18,498 [Datanode State Machine Thread - 0] INFO  impl.RaftServerProxy (RaftServerProxy.java:lambda$start$3(299)) - cefd773d-a65b-476c-b903-2f020490a58a: start RPC server
2019-09-05 10:57:18,503 [Datanode State Machine Thread - 0] INFO  server.GrpcService (GrpcService.java:startImpl(158)) - cefd773d-a65b-476c-b903-2f020490a58a: GrpcService started, listening on 0.0.0.0/0.0.0.0:45105
2019-09-05 10:57:18,503 [Datanode State Machine Thread - 0] INFO  ratis.XceiverServerRatis (XceiverServerRatis.java:start(414)) - XceiverServerRatis cefd773d-a65b-476c-b903-2f020490a58a is started using port 45105
2019-09-05 10:57:18,506 [Datanode State Machine Thread - 0] INFO  server.XceiverServerGrpc (XceiverServerGrpc.java:start(163)) - XceiverServerGrpc cefd773d-a65b-476c-b903-2f020490a58a is started using port 39855
2019-09-05 10:57:19,462 [main] INFO  ozone.MiniOzoneClusterImpl (MiniOzoneClusterImpl.java:lambda$waitForClusterToBeReady$0(140)) - Waiting for cluster to be ready. Got 0 of 7 DN Heartbeats.
2019-09-05 10:57:19,977 [IPC Server handler 0 on 42312] INFO  net.NetworkTopology (NetworkTopologyImpl.java:add(110)) - Added a new node: /default-rack/3f95e3dc-0a00-4224-befc-5244f1a3079e
2019-09-05 10:57:19,978 [IPC Server handler 0 on 42312] INFO  node.SCMNodeManager (SCMNodeManager.java:register(266)) - Registered Data node : 3f95e3dc-0a00-4224-befc-5244f1a3079e{ip: 192.168.36.83, host: pr-hdds-1561-gm47z-337254333, networkLocation: /default-rack, certSerialId: null}
2019-09-05 10:57:19,984 [EventQueue-NodeRegistrationContainerReportForDataNodeSafeModeRule] INFO  safemode.SCMSafeModeManager (DataNodeSafeModeRule.java:process(71)) - SCM in safe mode. 1 DataNodes registered, 1 required.
2019-09-05 10:57:19,984 [EventQueue-NodeRegistrationContainerReportForDataNodeSafeModeRule] INFO  safemode.SCMSafeModeManager (SCMSafeModeManager.java:validateSafeModeExitRules(177)) - ScmSafeModeManager, all rules are successfully validated
2019-09-05 10:57:19,985 [EventQueue-NodeRegistrationContainerReportForDataNodeSafeModeRule] INFO  safemode.SCMSafeModeManager (SCMSafeModeManager.java:exitSafeMode(193)) - SCM exiting safe mode.
2019-09-05 10:57:20,011 [IPC Server handler 5 on 42312] INFO  net.NetworkTopology (NetworkTopologyImpl.java:add(110)) - Added a new node: /default-rack/9b1bb9e7-35a8-460d-b103-c20534a62010
2019-09-05 10:57:20,011 [IPC Server handler 5 on 42312] INFO  node.SCMNodeManager (SCMNodeManager.java:register(266)) - Registered Data node : 9b1bb9e7-35a8-460d-b103-c20534a62010{ip: 192.168.36.83, host: pr-hdds-1561-gm47z-337254333, networkLocation: /default-rack, certSerialId: null}
2019-09-05 10:57:20,104 [IPC Server handler 7 on 42312] INFO  net.NetworkTopology (NetworkTopologyImpl.java:add(110)) - Added a new node: /default-rack/30c09380-d5b8-4c4e-a2ad-47e9cd9a2c37
2019-09-05 10:57:20,105 [IPC Server handler 7 on 42312] INFO  node.SCMNodeManager (SCMNodeManager.java:register(266)) - Registered Data node : 30c09380-d5b8-4c4e-a2ad-47e9cd9a2c37{ip: 192.168.36.83, host: pr-hdds-1561-gm47z-337254333, networkLocation: /default-rack, certSerialId: null}
2019-09-05 10:57:20,183 [IPC Server handler 6 on 42312] INFO  net.NetworkTopology (NetworkTopologyImpl.java:add(110)) - Added a new node: /default-rack/f6e8258f-1280-422a-9f5c-7c2b00930eeb
2019-09-05 10:57:20,184 [IPC Server handler 6 on 42312] INFO  node.SCMNodeManager (SCMNodeManager.java:register(266)) - Registered Data node : f6e8258f-1280-422a-9f5c-7c2b00930eeb{ip: 192.168.36.83, host: pr-hdds-1561-gm47z-337254333, networkLocation: /default-rack, certSerialId: null}
2019-09-05 10:57:20,274 [IPC Server handler 10 on 42312] INFO  net.NetworkTopology (NetworkTopologyImpl.java:add(110)) - Added a new node: /default-rack/29dabda3-762d-47b4-97f9-ce603194a1e8
2019-09-05 10:57:20,274 [IPC Server handler 10 on 42312] INFO  node.SCMNodeManager (SCMNodeManager.java:register(266)) - Registered Data node : 29dabda3-762d-47b4-97f9-ce603194a1e8{ip: 192.168.36.83, host: pr-hdds-1561-gm47z-337254333, networkLocation: /default-rack, certSerialId: null}
2019-09-05 10:57:20,372 [IPC Server handler 9 on 42312] INFO  net.NetworkTopology (NetworkTopologyImpl.java:add(110)) - Added a new node: /default-rack/5d8d3527-2a3e-4bcd-b079-5fbdf7aae7f6
2019-09-05 10:57:20,375 [IPC Server handler 9 on 42312] INFO  node.SCMNodeManager (SCMNodeManager.java:register(266)) - Registered Data node : 5d8d3527-2a3e-4bcd-b079-5fbdf7aae7f6{ip: 192.168.36.83, host: pr-hdds-1561-gm47z-337254333, networkLocation: /default-rack, certSerialId: null}
2019-09-05 10:57:20,463 [main] INFO  ozone.MiniOzoneClusterImpl (MiniOzoneClusterImpl.java:lambda$waitForClusterToBeReady$0(140)) - Cluster is ready. Got 7 of 7 DN Heartbeats.
2019-09-05 10:57:20,463 [IPC Server handler 16 on 42312] INFO  net.NetworkTopology (NetworkTopologyImpl.java:add(110)) - Added a new node: /default-rack/cefd773d-a65b-476c-b903-2f020490a58a
2019-09-05 10:57:20,464 [IPC Server handler 16 on 42312] INFO  node.SCMNodeManager (SCMNodeManager.java:register(266)) - Registered Data node : cefd773d-a65b-476c-b903-2f020490a58a{ip: 192.168.36.83, host: pr-hdds-1561-gm47z-337254333, networkLocation: /default-rack, certSerialId: null}
2019-09-05 10:57:20,592 [grpc-default-executor-0] INFO  impl.RaftServerProxy (RaftServerProxy.java:addNew(89)) - 3f95e3dc-0a00-4224-befc-5244f1a3079e: addNew group-C175EF273E87:[3f95e3dc-0a00-4224-befc-5244f1a3079e:192.168.36.83:36493] returns group-C175EF273E87:java.util.concurrent.CompletableFuture@7f8dbaf1[Not completed]
2019-09-05 10:57:20,617 [pool-27-thread-1] INFO  impl.RaftServerImpl (RaftServerImpl.java:<init>(95)) - 3f95e3dc-0a00-4224-befc-5244f1a3079e: new RaftServerImpl for group-C175EF273E87:[3f95e3dc-0a00-4224-befc-5244f1a3079e:192.168.36.83:36493] with ContainerStateMachine:uninitialized
2019-09-05 10:57:20,619 [pool-27-thread-1] INFO  server.RaftServerConfigKeys (ConfUtils.java:logGet(43)) - raft.server.rpc.timeout.min = 5s (custom)
2019-09-05 10:57:20,621 [pool-27-thread-1] INFO  server.RaftServerConfigKeys (ConfUtils.java:logGet(43)) - raft.server.rpc.timeout.max = 5200ms (custom)
2019-09-05 10:57:20,621 [pool-27-thread-1] INFO  server.RaftServerConfigKeys (ConfUtils.java:logGet(43)) - raft.server.rpcslowness.timeout = 120s (custom)
2019-09-05 10:57:20,622 [pool-27-thread-1] INFO  server.RaftServerConfigKeys (ConfUtils.java:logGet(43)) - raft.server.sleep.deviation.threshold = 300 (default)
2019-09-05 10:57:20,623 [pool-27-thread-1] INFO  server.RaftServerConfigKeys (ConfUtils.java:logGet(43)) - raft.server.log.appender.install.snapshot.enabled = false (custom)
2019-09-05 10:57:20,633 [pool-27-thread-1] INFO  impl.RaftServerImpl (ServerState.java:<init>(103)) - 3f95e3dc-0a00-4224-befc-5244f1a3079e@group-C175EF273E87: ConfigurationManager, init=-1: [3f95e3dc-0a00-4224-befc-5244f1a3079e:192.168.36.83:36493], old=null, confs=<EMPTY_MAP>
2019-09-05 10:57:20,633 [pool-27-thread-1] INFO  server.RaftServerConfigKeys (ConfUtils.java:logGet(43)) - raft.server.storage.dir = [/workdir/hadoop-ozone/integration-test/target/test-dir/MiniOzoneClusterImpl-677ba508-865f-4285-99f6-8f2053594021/datanode-0/data/ratis] (custom)
2019-09-05 10:57:20,644 [pool-27-thread-1] INFO  storage.RaftStorageDirectory (RaftStorageDirectory.java:analyzeStorage(246)) - The storage directory /workdir/hadoop-ozone/integration-test/target/test-dir/MiniOzoneClusterImpl-677ba508-865f-4285-99f6-8f2053594021/datanode-0/data/ratis/34ba1fa3-f4e4-401a-b88e-c175ef273e87 does not exist. Creating ...
2019-09-05 10:57:20,673 [pool-27-thread-1] INFO  storage.RaftStorageDirectory (RaftStorageDirectory.java:tryLock(328)) - Lock on /workdir/hadoop-ozone/integration-test/target/test-dir/MiniOzoneClusterImpl-677ba508-865f-4285-99f6-8f2053594021/datanode-0/data/ratis/34ba1fa3-f4e4-401a-b88e-c175ef273e87/in_use.lock acquired by nodename 23600@pr-hdds-1561-gm47z-337254333
2019-09-05 10:57:20,707 [pool-27-thread-1] INFO  storage.RaftStorage (RaftStorage.java:format(72)) - Storage directory /workdir/hadoop-ozone/integration-test/target/test-dir/MiniOzoneClusterImpl-677ba508-865f-4285-99f6-8f2053594021/datanode-0/data/ratis/34ba1fa3-f4e4-401a-b88e-c175ef273e87 has been successfully formatted.
2019-09-05 10:57:20,709 [pool-27-thread-1] INFO  ratis.ContainerStateMachine (ContainerStateMachine.java:loadSnapshot(232)) - group-C175EF273E87: The snapshot info is null. Setting the last applied indexto:(t:0, i:~)
2019-09-05 10:57:20,709 [pool-27-thread-1] INFO  server.RaftServerConfigKeys (ConfUtils.java:logGet(43)) - raft.server.notification.no-leader.timeout = 120s (custom)
2019-09-05 10:57:20,711 [pool-27-thread-1] INFO  server.RaftServerConfigKeys (ConfUtils.java:logGet(43)) - raft.server.log.use.memory = false (default)
2019-09-05 10:57:20,716 [pool-27-thread-1] INFO  server.RaftServerConfigKeys (ConfUtils.java:logGet(43)) - raft.server.log.purge.gap = 1000000 (custom)
2019-09-05 10:57:20,717 [pool-27-thread-1] INFO  server.RaftServerConfigKeys (ConfUtils.java:logGet(43)) - raft.server.log.appender.buffer.byte-limit = 33554432 (custom)
2019-09-05 10:57:20,719 [pool-27-thread-1] INFO  server.RaftServerConfigKeys (ConfUtils.java:logGet(43)) - raft.server.log.segment.size.max = 1048576 (custom)
2019-09-05 10:57:20,723 [pool-27-thread-1] INFO  server.RaftServerConfigKeys (ConfUtils.java:logGet(43)) - raft.server.log.segment.cache.num.max = 2 (custom)
2019-09-05 10:57:20,728 [pool-27-thread-1] INFO  segmented.SegmentedRaftLogWorker (SegmentedRaftLogWorker.java:<init>(172)) - new 3f95e3dc-0a00-4224-befc-5244f1a3079e@group-C175EF273E87-SegmentedRaftLogWorker for RaftStorage:Storage Directory /workdir/hadoop-ozone/integration-test/target/test-dir/MiniOzoneClusterImpl-677ba508-865f-4285-99f6-8f2053594021/datanode-0/data/ratis/34ba1fa3-f4e4-401a-b88e-c175ef273e87
2019-09-05 10:57:20,730 [pool-27-thread-1] INFO  impl.MetricsSystemImpl (MetricsSystemImpl.java:init(158)) - ratis metrics system started (again)
2019-09-05 10:57:20,763 [pool-27-thread-1] INFO  server.RaftServerConfigKeys (ConfUtils.java:logGet(43)) - raft.server.log.queue.byte-limit = 2147483647 (custom)
2019-09-05 10:57:20,764 [pool-27-thread-1] INFO  server.RaftServerConfigKeys (ConfUtils.java:logGet(43)) - raft.server.log.queue.element-limit = 1024 (custom)
2019-09-05 10:57:20,767 [pool-27-thread-1] INFO  server.RaftServerConfigKeys (ConfUtils.java:logGet(43)) - raft.server.log.segment.size.max = 1048576 (custom)
2019-09-05 10:57:20,767 [pool-27-thread-1] INFO  server.RaftServerConfigKeys (ConfUtils.java:logGet(43)) - raft.server.log.preallocated.size = 16384 (custom)
2019-09-05 10:57:20,768 [pool-27-thread-1] INFO  server.RaftServerConfigKeys (ConfUtils.java:logGet(43)) - raft.server.log.write.buffer.size = 33554432 (custom)
2019-09-05 10:57:20,768 [pool-27-thread-1] INFO  server.RaftServerConfigKeys (ConfUtils.java:logGet(43)) - raft.server.log.force.sync.num = 128 (default)
2019-09-05 10:57:20,769 [pool-27-thread-1] INFO  server.RaftServerConfigKeys (ConfUtils.java:logGet(43)) - raft.server.log.statemachine.data.sync = true (default)
2019-09-05 10:57:20,769 [pool-27-thread-1] INFO  server.RaftServerConfigKeys (ConfUtils.java:logGet(43)) - raft.server.log.statemachine.data.sync.timeout = 10s (default)
2019-09-05 10:57:20,770 [pool-27-thread-1] INFO  server.RaftServerConfigKeys (ConfUtils.java:logGet(43)) - raft.server.log.statemachine.data.sync.timeout.retry = -1 (default)
2019-09-05 10:57:20,778 [pool-27-thread-1] INFO  server.RaftServerConfigKeys (ConfUtils.java:logGet(43)) - raft.server.log.statemachine.data.caching.enabled = true (custom)
2019-09-05 10:57:20,783 [pool-27-thread-1] INFO  segmented.SegmentedRaftLogWorker (SegmentedRaftLogWorker.java:lambda$new$0(132)) - 3f95e3dc-0a00-4224-befc-5244f1a3079e@group-C175EF273E87-SegmentedRaftLogWorker: flushIndex: setUnconditionally 0 -> -1
2019-09-05 10:57:20,788 [pool-27-thread-1] INFO  server.RaftServerConfigKeys (ConfUtils.java:logGet(43)) - raft.server.snapshot.auto.trigger.enabled = true (custom)
2019-09-05 10:57:20,789 [pool-27-thread-1] INFO  server.RaftServerConfigKeys (ConfUtils.java:logGet(43)) - raft.server.snapshot.auto.trigger.threshold = 10000 (custom)
2019-09-05 10:57:20,790 [pool-27-thread-1] INFO  server.RaftServerConfigKeys (ConfUtils.java:logGet(43)) - raft.server.snapshot.retention.num.files = -1 (default)
2019-09-05 10:57:20,790 [pool-27-thread-1] INFO  server.RaftServerConfigKeys (ConfUtils.java:logGet(43)) - raft.server.retrycache.expirytime = 600000ms (custom)
2019-09-05 10:57:20,843 [pool-27-thread-1] INFO  impl.RaftServerImpl (RaftServerImpl.java:start(185)) - 3f95e3dc-0a00-4224-befc-5244f1a3079e@group-C175EF273E87: start as a follower, conf=-1: [3f95e3dc-0a00-4224-befc-5244f1a3079e:192.168.36.83:36493], old=null
2019-09-05 10:57:20,845 [pool-27-thread-1] INFO  impl.RaftServerImpl (RaftServerImpl.java:setRole(174)) - 3f95e3dc-0a00-4224-befc-5244f1a3079e@group-C175EF273E87: changes role from      null to FOLLOWER at term 0 for startAsFollower
2019-09-05 10:57:20,847 [pool-27-thread-1] INFO  impl.RoleInfo (RoleInfo.java:updateAndGet(143)) - 3f95e3dc-0a00-4224-befc-5244f1a3079e: start FollowerState
2019-09-05 10:57:20,849 [pool-27-thread-1] INFO  util.JmxRegister (JmxRegister.java:tryRegister(44)) - Successfully registered JMX Bean with object name Ratis:service=RaftServer,group=group-C175EF273E87,id=3f95e3dc-0a00-4224-befc-5244f1a3079e
2019-09-05 10:57:20,958 [main] INFO  rpc.RpcClient (RpcClient.java:createVolume(293)) - Creating Volume: testblockoutputstream, with jenkins1000 as owner.
2019-09-05 10:57:21,072 [RatisPipelineUtilsThread] INFO  pipeline.PipelineStateManager (PipelineStateManager.java:addPipeline(56)) - Created pipeline Pipeline[ Id: 34ba1fa3-f4e4-401a-b88e-c175ef273e87, Nodes: 3f95e3dc-0a00-4224-befc-5244f1a3079e{ip: 192.168.36.83, host: pr-hdds-1561-gm47z-337254333, networkLocation: /default-rack, certSerialId: null}, Type:RATIS, Factor:ONE, State:OPEN]
2019-09-05 10:57:21,118 [grpc-default-executor-0] INFO  impl.RaftServerProxy (RaftServerProxy.java:addNew(89)) - 5d8d3527-2a3e-4bcd-b079-5fbdf7aae7f6: addNew group-B3AEEA22DC97:[5d8d3527-2a3e-4bcd-b079-5fbdf7aae7f6:192.168.36.83:34246] returns group-B3AEEA22DC97:java.util.concurrent.CompletableFuture@70285a32[Not completed]
2019-09-05 10:57:21,132 [main] INFO  rpc.RpcClient (RpcClient.java:createBucket(432)) - Creating Bucket: testblockoutputstream/testblockoutputstream, with Versioning false and Storage Type set to DISK and Encryption set to false 
2019-09-05 10:57:21,184 [pool-77-thread-1] INFO  impl.RaftServerImpl (RaftServerImpl.java:<init>(95)) - 5d8d3527-2a3e-4bcd-b079-5fbdf7aae7f6: new RaftServerImpl for group-B3AEEA22DC97:[5d8d3527-2a3e-4bcd-b079-5fbdf7aae7f6:192.168.36.83:34246] with ContainerStateMachine:uninitialized
2019-09-05 10:57:21,185 [pool-77-thread-1] INFO  server.RaftServerConfigKeys (ConfUtils.java:logGet(43)) - raft.server.rpc.timeout.min = 5s (custom)
2019-09-05 10:57:21,186 [pool-77-thread-1] INFO  server.RaftServerConfigKeys (ConfUtils.java:logGet(43)) - raft.server.rpc.timeout.max = 5200ms (custom)
2019-09-05 10:57:21,186 [pool-77-thread-1] INFO  server.RaftServerConfigKeys (ConfUtils.java:logGet(43)) - raft.server.rpcslowness.timeout = 120s (custom)
2019-09-05 10:57:21,186 [pool-77-thread-1] INFO  server.RaftServerConfigKeys (ConfUtils.java:logGet(43)) - raft.server.sleep.deviation.threshold = 300 (default)
2019-09-05 10:57:21,186 [pool-77-thread-1] INFO  server.RaftServerConfigKeys (ConfUtils.java:logGet(43)) - raft.server.log.appender.install.snapshot.enabled = false (custom)
2019-09-05 10:57:21,186 [pool-77-thread-1] INFO  impl.RaftServerImpl (ServerState.java:<init>(103)) - 5d8d3527-2a3e-4bcd-b079-5fbdf7aae7f6@group-B3AEEA22DC97: ConfigurationManager, init=-1: [5d8d3527-2a3e-4bcd-b079-5fbdf7aae7f6:192.168.36.83:34246], old=null, confs=<EMPTY_MAP>
2019-09-05 10:57:21,187 [pool-77-thread-1] INFO  server.RaftServerConfigKeys (ConfUtils.java:logGet(43)) - raft.server.storage.dir = [/workdir/hadoop-ozone/integration-test/target/test-dir/MiniOzoneClusterImpl-677ba508-865f-4285-99f6-8f2053594021/datanode-5/data/ratis] (custom)
2019-09-05 10:57:21,188 [pool-77-thread-1] INFO  storage.RaftStorageDirectory (RaftStorageDirectory.java:analyzeStorage(246)) - The storage directory /workdir/hadoop-ozone/integration-test/target/test-dir/MiniOzoneClusterImpl-677ba508-865f-4285-99f6-8f2053594021/datanode-5/data/ratis/4091436f-2a4d-47af-8d62-b3aeea22dc97 does not exist. Creating ...
2019-09-05 10:57:21,203 [main] INFO  impl.MetricsSystemImpl (MetricsSystemImpl.java:init(158)) - XceiverClientMetrics metrics system started (again)
2019-09-05 10:57:21,357 [pool-77-thread-1] INFO  storage.RaftStorageDirectory (RaftStorageDirectory.java:tryLock(328)) - Lock on /workdir/hadoop-ozone/integration-test/target/test-dir/MiniOzoneClusterImpl-677ba508-865f-4285-99f6-8f2053594021/datanode-5/data/ratis/4091436f-2a4d-47af-8d62-b3aeea22dc97/in_use.lock acquired by nodename 23600@pr-hdds-1561-gm47z-337254333
2019-09-05 10:57:21,458 [pool-77-thread-1] INFO  storage.RaftStorage (RaftStorage.java:format(72)) - Storage directory /workdir/hadoop-ozone/integration-test/target/test-dir/MiniOzoneClusterImpl-677ba508-865f-4285-99f6-8f2053594021/datanode-5/data/ratis/4091436f-2a4d-47af-8d62-b3aeea22dc97 has been successfully formatted.
2019-09-05 10:57:21,460 [pool-77-thread-1] INFO  ratis.ContainerStateMachine (ContainerStateMachine.java:loadSnapshot(232)) - group-B3AEEA22DC97: The snapshot info is null. Setting the last applied indexto:(t:0, i:~)
2019-09-05 10:57:21,462 [pool-77-thread-1] INFO  server.RaftServerConfigKeys (ConfUtils.java:logGet(43)) - raft.server.notification.no-leader.timeout = 120s (custom)
2019-09-05 10:57:21,463 [pool-77-thread-1] INFO  server.RaftServerConfigKeys (ConfUtils.java:logGet(43)) - raft.server.log.use.memory = false (default)
2019-09-05 10:57:21,463 [pool-77-thread-1] INFO  server.RaftServerConfigKeys (ConfUtils.java:logGet(43)) - raft.server.log.purge.gap = 1000000 (custom)
2019-09-05 10:57:21,463 [pool-77-thread-1] INFO  server.RaftServerConfigKeys (ConfUtils.java:logGet(43)) - raft.server.log.appender.buffer.byte-limit = 33554432 (custom)
2019-09-05 10:57:21,463 [pool-77-thread-1] INFO  server.RaftServerConfigKeys (ConfUtils.java:logGet(43)) - raft.server.log.segment.size.max = 1048576 (custom)
2019-09-05 10:57:21,464 [pool-77-thread-1] INFO  server.RaftServerConfigKeys (ConfUtils.java:logGet(43)) - raft.server.log.segment.cache.num.max = 2 (custom)
2019-09-05 10:57:21,464 [pool-77-thread-1] INFO  segmented.SegmentedRaftLogWorker (SegmentedRaftLogWorker.java:<init>(172)) - new 5d8d3527-2a3e-4bcd-b079-5fbdf7aae7f6@group-B3AEEA22DC97-SegmentedRaftLogWorker for RaftStorage:Storage Directory /workdir/hadoop-ozone/integration-test/target/test-dir/MiniOzoneClusterImpl-677ba508-865f-4285-99f6-8f2053594021/datanode-5/data/ratis/4091436f-2a4d-47af-8d62-b3aeea22dc97
2019-09-05 10:57:21,473 [pool-77-thread-1] INFO  server.RaftServerConfigKeys (ConfUtils.java:logGet(43)) - raft.server.log.queue.byte-limit = 2147483647 (custom)
2019-09-05 10:57:21,473 [pool-77-thread-1] INFO  server.RaftServerConfigKeys (ConfUtils.java:logGet(43)) - raft.server.log.queue.element-limit = 1024 (custom)
2019-09-05 10:57:21,474 [pool-77-thread-1] INFO  server.RaftServerConfigKeys (ConfUtils.java:logGet(43)) - raft.server.log.segment.size.max = 1048576 (custom)
2019-09-05 10:57:21,474 [pool-77-thread-1] INFO  server.RaftServerConfigKeys (ConfUtils.java:logGet(43)) - raft.server.log.preallocated.size = 16384 (custom)
2019-09-05 10:57:21,474 [pool-77-thread-1] INFO  server.RaftServerConfigKeys (ConfUtils.java:logGet(43)) - raft.server.log.write.buffer.size = 33554432 (custom)
2019-09-05 10:57:21,475 [pool-77-thread-1] INFO  server.RaftServerConfigKeys (ConfUtils.java:logGet(43)) - raft.server.log.force.sync.num = 128 (default)
2019-09-05 10:57:21,475 [pool-77-thread-1] INFO  server.RaftServerConfigKeys (ConfUtils.java:logGet(43)) - raft.server.log.statemachine.data.sync = true (default)
2019-09-05 10:57:21,475 [pool-77-thread-1] INFO  server.RaftServerConfigKeys (ConfUtils.java:logGet(43)) - raft.server.log.statemachine.data.sync.timeout = 10s (default)
2019-09-05 10:57:21,475 [pool-77-thread-1] INFO  server.RaftServerConfigKeys (ConfUtils.java:logGet(43)) - raft.server.log.statemachine.data.sync.timeout.retry = -1 (default)
2019-09-05 10:57:21,476 [pool-77-thread-1] INFO  server.RaftServerConfigKeys (ConfUtils.java:logGet(43)) - raft.server.log.statemachine.data.caching.enabled = true (custom)
2019-09-05 10:57:21,476 [pool-77-thread-1] INFO  segmented.SegmentedRaftLogWorker (SegmentedRaftLogWorker.java:lambda$new$0(132)) - 5d8d3527-2a3e-4bcd-b079-5fbdf7aae7f6@group-B3AEEA22DC97-SegmentedRaftLogWorker: flushIndex: setUnconditionally 0 -> -1
2019-09-05 10:57:21,477 [pool-77-thread-1] INFO  server.RaftServerConfigKeys (ConfUtils.java:logGet(43)) - raft.server.snapshot.auto.trigger.enabled = true (custom)
2019-09-05 10:57:21,477 [pool-77-thread-1] INFO  server.RaftServerConfigKeys (ConfUtils.java:logGet(43)) - raft.server.snapshot.auto.trigger.threshold = 10000 (custom)
2019-09-05 10:57:21,477 [pool-77-thread-1] INFO  server.RaftServerConfigKeys (ConfUtils.java:logGet(43)) - raft.server.snapshot.retention.num.files = -1 (default)
2019-09-05 10:57:21,477 [pool-77-thread-1] INFO  server.RaftServerConfigKeys (ConfUtils.java:logGet(43)) - raft.server.retrycache.expirytime = 600000ms (custom)
2019-09-05 10:57:21,484 [pool-77-thread-1] INFO  impl.RaftServerImpl (RaftServerImpl.java:start(185)) - 5d8d3527-2a3e-4bcd-b079-5fbdf7aae7f6@group-B3AEEA22DC97: start as a follower, conf=-1: [5d8d3527-2a3e-4bcd-b079-5fbdf7aae7f6:192.168.36.83:34246], old=null
2019-09-05 10:57:21,484 [pool-77-thread-1] INFO  impl.RaftServerImpl (RaftServerImpl.java:setRole(174)) - 5d8d3527-2a3e-4bcd-b079-5fbdf7aae7f6@group-B3AEEA22DC97: changes role from      null to FOLLOWER at term 0 for startAsFollower
2019-09-05 10:57:21,485 [pool-77-thread-1] INFO  impl.RoleInfo (RoleInfo.java:updateAndGet(143)) - 5d8d3527-2a3e-4bcd-b079-5fbdf7aae7f6: start FollowerState
2019-09-05 10:57:21,487 [pool-77-thread-1] INFO  util.JmxRegister (JmxRegister.java:tryRegister(44)) - Successfully registered JMX Bean with object name Ratis:service=RaftServer,group=group-B3AEEA22DC97,id=5d8d3527-2a3e-4bcd-b079-5fbdf7aae7f6
2019-09-05 10:57:21,506 [RatisPipelineUtilsThread] INFO  pipeline.PipelineStateManager (PipelineStateManager.java:addPipeline(56)) - Created pipeline Pipeline[ Id: 4091436f-2a4d-47af-8d62-b3aeea22dc97, Nodes: 5d8d3527-2a3e-4bcd-b079-5fbdf7aae7f6{ip: 192.168.36.83, host: pr-hdds-1561-gm47z-337254333, networkLocation: /default-rack, certSerialId: null}, Type:RATIS, Factor:ONE, State:OPEN]
2019-09-05 10:57:21,536 [grpc-default-executor-0] INFO  impl.RaftServerProxy (RaftServerProxy.java:addNew(89)) - f6e8258f-1280-422a-9f5c-7c2b00930eeb: addNew group-C42009DD41D9:[f6e8258f-1280-422a-9f5c-7c2b00930eeb:192.168.36.83:44549] returns group-C42009DD41D9:java.util.concurrent.CompletableFuture@2faaab0b[Not completed]
2019-09-05 10:57:21,556 [pool-57-thread-1] INFO  impl.RaftServerImpl (RaftServerImpl.java:<init>(95)) - f6e8258f-1280-422a-9f5c-7c2b00930eeb: new RaftServerImpl for group-C42009DD41D9:[f6e8258f-1280-422a-9f5c-7c2b00930eeb:192.168.36.83:44549] with ContainerStateMachine:uninitialized
2019-09-05 10:57:21,556 [pool-57-thread-1] INFO  server.RaftServerConfigKeys (ConfUtils.java:logGet(43)) - raft.server.rpc.timeout.min = 5s (custom)
2019-09-05 10:57:21,556 [pool-57-thread-1] INFO  server.RaftServerConfigKeys (ConfUtils.java:logGet(43)) - raft.server.rpc.timeout.max = 5200ms (custom)
2019-09-05 10:57:21,557 [pool-57-thread-1] INFO  server.RaftServerConfigKeys (ConfUtils.java:logGet(43)) - raft.server.rpcslowness.timeout = 120s (custom)
2019-09-05 10:57:21,557 [pool-57-thread-1] INFO  server.RaftServerConfigKeys (ConfUtils.java:logGet(43)) - raft.server.sleep.deviation.threshold = 300 (default)
2019-09-05 10:57:21,557 [pool-57-thread-1] INFO  server.RaftServerConfigKeys (ConfUtils.java:logGet(43)) - raft.server.log.appender.install.snapshot.enabled = false (custom)
2019-09-05 10:57:21,557 [pool-57-thread-1] INFO  impl.RaftServerImpl (ServerState.java:<init>(103)) - f6e8258f-1280-422a-9f5c-7c2b00930eeb@group-C42009DD41D9: ConfigurationManager, init=-1: [f6e8258f-1280-422a-9f5c-7c2b00930eeb:192.168.36.83:44549], old=null, confs=<EMPTY_MAP>
2019-09-05 10:57:21,557 [pool-57-thread-1] INFO  server.RaftServerConfigKeys (ConfUtils.java:logGet(43)) - raft.server.storage.dir = [/workdir/hadoop-ozone/integration-test/target/test-dir/MiniOzoneClusterImpl-677ba508-865f-4285-99f6-8f2053594021/datanode-3/data/ratis] (custom)
2019-09-05 10:57:21,558 [pool-57-thread-1] INFO  storage.RaftStorageDirectory (RaftStorageDirectory.java:analyzeStorage(246)) - The storage directory /workdir/hadoop-ozone/integration-test/target/test-dir/MiniOzoneClusterImpl-677ba508-865f-4285-99f6-8f2053594021/datanode-3/data/ratis/3e5fa703-fd52-42e8-b1f5-c42009dd41d9 does not exist. Creating ...
2019-09-05 10:57:21,583 [pool-57-thread-1] INFO  storage.RaftStorageDirectory (RaftStorageDirectory.java:tryLock(328)) - Lock on /workdir/hadoop-ozone/integration-test/target/test-dir/MiniOzoneClusterImpl-677ba508-865f-4285-99f6-8f2053594021/datanode-3/data/ratis/3e5fa703-fd52-42e8-b1f5-c42009dd41d9/in_use.lock acquired by nodename 23600@pr-hdds-1561-gm47z-337254333
2019-09-05 10:57:21,609 [pool-57-thread-1] INFO  storage.RaftStorage (RaftStorage.java:format(72)) - Storage directory /workdir/hadoop-ozone/integration-test/target/test-dir/MiniOzoneClusterImpl-677ba508-865f-4285-99f6-8f2053594021/datanode-3/data/ratis/3e5fa703-fd52-42e8-b1f5-c42009dd41d9 has been successfully formatted.
2019-09-05 10:57:21,609 [pool-57-thread-1] INFO  ratis.ContainerStateMachine (ContainerStateMachine.java:loadSnapshot(232)) - group-C42009DD41D9: The snapshot info is null. Setting the last applied indexto:(t:0, i:~)
2019-09-05 10:57:21,609 [pool-57-thread-1] INFO  server.RaftServerConfigKeys (ConfUtils.java:logGet(43)) - raft.server.notification.no-leader.timeout = 120s (custom)
2019-09-05 10:57:21,609 [pool-57-thread-1] INFO  server.RaftServerConfigKeys (ConfUtils.java:logGet(43)) - raft.server.log.use.memory = false (default)
2019-09-05 10:57:21,609 [pool-57-thread-1] INFO  server.RaftServerConfigKeys (ConfUtils.java:logGet(43)) - raft.server.log.purge.gap = 1000000 (custom)
2019-09-05 10:57:21,610 [pool-57-thread-1] INFO  server.RaftServerConfigKeys (ConfUtils.java:logGet(43)) - raft.server.log.appender.buffer.byte-limit = 33554432 (custom)
2019-09-05 10:57:21,610 [pool-57-thread-1] INFO  server.RaftServerConfigKeys (ConfUtils.java:logGet(43)) - raft.server.log.segment.size.max = 1048576 (custom)
2019-09-05 10:57:21,610 [pool-57-thread-1] INFO  server.RaftServerConfigKeys (ConfUtils.java:logGet(43)) - raft.server.log.segment.cache.num.max = 2 (custom)
2019-09-05 10:57:21,610 [pool-57-thread-1] INFO  segmented.SegmentedRaftLogWorker (SegmentedRaftLogWorker.java:<init>(172)) - new f6e8258f-1280-422a-9f5c-7c2b00930eeb@group-C42009DD41D9-SegmentedRaftLogWorker for RaftStorage:Storage Directory /workdir/hadoop-ozone/integration-test/target/test-dir/MiniOzoneClusterImpl-677ba508-865f-4285-99f6-8f2053594021/datanode-3/data/ratis/3e5fa703-fd52-42e8-b1f5-c42009dd41d9
2019-09-05 10:57:21,668 [pool-57-thread-1] INFO  server.RaftServerConfigKeys (ConfUtils.java:logGet(43)) - raft.server.log.queue.byte-limit = 2147483647 (custom)
2019-09-05 10:57:21,668 [pool-57-thread-1] INFO  server.RaftServerConfigKeys (ConfUtils.java:logGet(43)) - raft.server.log.queue.element-limit = 1024 (custom)
2019-09-05 10:57:21,669 [pool-57-thread-1] INFO  server.RaftServerConfigKeys (ConfUtils.java:logGet(43)) - raft.server.log.segment.size.max = 1048576 (custom)
2019-09-05 10:57:21,669 [pool-57-thread-1] INFO  server.RaftServerConfigKeys (ConfUtils.java:logGet(43)) - raft.server.log.preallocated.size = 16384 (custom)
2019-09-05 10:57:21,669 [pool-57-thread-1] INFO  server.RaftServerConfigKeys (ConfUtils.java:logGet(43)) - raft.server.log.write.buffer.size = 33554432 (custom)
2019-09-05 10:57:21,669 [pool-57-thread-1] INFO  server.RaftServerConfigKeys (ConfUtils.java:logGet(43)) - raft.server.log.force.sync.num = 128 (default)
2019-09-05 10:57:21,670 [pool-57-thread-1] INFO  server.RaftServerConfigKeys (ConfUtils.java:logGet(43)) - raft.server.log.statemachine.data.sync = true (default)
2019-09-05 10:57:21,670 [pool-57-thread-1] INFO  server.RaftServerConfigKeys (ConfUtils.java:logGet(43)) - raft.server.log.statemachine.data.sync.timeout = 10s (default)
2019-09-05 10:57:21,670 [pool-57-thread-1] INFO  server.RaftServerConfigKeys (ConfUtils.java:logGet(43)) - raft.server.log.statemachine.data.sync.timeout.retry = -1 (default)
2019-09-05 10:57:21,670 [pool-57-thread-1] INFO  server.RaftServerConfigKeys (ConfUtils.java:logGet(43)) - raft.server.log.statemachine.data.caching.enabled = true (custom)
2019-09-05 10:57:21,671 [pool-57-thread-1] INFO  segmented.SegmentedRaftLogWorker (SegmentedRaftLogWorker.java:lambda$new$0(132)) - f6e8258f-1280-422a-9f5c-7c2b00930eeb@group-C42009DD41D9-SegmentedRaftLogWorker: flushIndex: setUnconditionally 0 -> -1
2019-09-05 10:57:21,671 [pool-57-thread-1] INFO  server.RaftServerConfigKeys (ConfUtils.java:logGet(43)) - raft.server.snapshot.auto.trigger.enabled = true (custom)
2019-09-05 10:57:21,671 [pool-57-thread-1] INFO  server.RaftServerConfigKeys (ConfUtils.java:logGet(43)) - raft.server.snapshot.auto.trigger.threshold = 10000 (custom)
2019-09-05 10:57:21,672 [pool-57-thread-1] INFO  server.RaftServerConfigKeys (ConfUtils.java:logGet(43)) - raft.server.snapshot.retention.num.files = -1 (default)
2019-09-05 10:57:21,672 [pool-57-thread-1] INFO  server.RaftServerConfigKeys (ConfUtils.java:logGet(43)) - raft.server.retrycache.expirytime = 600000ms (custom)
2019-09-05 10:57:21,677 [pool-57-thread-1] INFO  impl.RaftServerImpl (RaftServerImpl.java:start(185)) - f6e8258f-1280-422a-9f5c-7c2b00930eeb@group-C42009DD41D9: start as a follower, conf=-1: [f6e8258f-1280-422a-9f5c-7c2b00930eeb:192.168.36.83:44549], old=null
2019-09-05 10:57:21,677 [pool-57-thread-1] INFO  impl.RaftServerImpl (RaftServerImpl.java:setRole(174)) - f6e8258f-1280-422a-9f5c-7c2b00930eeb@group-C42009DD41D9: changes role from      null to FOLLOWER at term 0 for startAsFollower
2019-09-05 10:57:21,678 [pool-57-thread-1] INFO  impl.RoleInfo (RoleInfo.java:updateAndGet(143)) - f6e8258f-1280-422a-9f5c-7c2b00930eeb: start FollowerState
2019-09-05 10:57:21,678 [pool-57-thread-1] INFO  util.JmxRegister (JmxRegister.java:tryRegister(44)) - Successfully registered JMX Bean with object name Ratis:service=RaftServer,group=group-C42009DD41D9,id=f6e8258f-1280-422a-9f5c-7c2b00930eeb
2019-09-05 10:57:21,691 [RatisPipelineUtilsThread] INFO  pipeline.PipelineStateManager (PipelineStateManager.java:addPipeline(56)) - Created pipeline Pipeline[ Id: 3e5fa703-fd52-42e8-b1f5-c42009dd41d9, Nodes: f6e8258f-1280-422a-9f5c-7c2b00930eeb{ip: 192.168.36.83, host: pr-hdds-1561-gm47z-337254333, networkLocation: /default-rack, certSerialId: null}, Type:RATIS, Factor:ONE, State:OPEN]
2019-09-05 10:57:21,711 [grpc-default-executor-0] INFO  impl.RaftServerProxy (RaftServerProxy.java:addNew(89)) - 29dabda3-762d-47b4-97f9-ce603194a1e8: addNew group-878BD23D7E3B:[29dabda3-762d-47b4-97f9-ce603194a1e8:192.168.36.83:39827] returns group-878BD23D7E3B:java.util.concurrent.CompletableFuture@767f794b[Not completed]
2019-09-05 10:57:21,716 [pool-67-thread-1] INFO  impl.RaftServerImpl (RaftServerImpl.java:<init>(95)) - 29dabda3-762d-47b4-97f9-ce603194a1e8: new RaftServerImpl for group-878BD23D7E3B:[29dabda3-762d-47b4-97f9-ce603194a1e8:192.168.36.83:39827] with ContainerStateMachine:uninitialized
2019-09-05 10:57:21,716 [pool-67-thread-1] INFO  server.RaftServerConfigKeys (ConfUtils.java:logGet(43)) - raft.server.rpc.timeout.min = 5s (custom)
2019-09-05 10:57:21,716 [pool-67-thread-1] INFO  server.RaftServerConfigKeys (ConfUtils.java:logGet(43)) - raft.server.rpc.timeout.max = 5200ms (custom)
2019-09-05 10:57:21,716 [pool-67-thread-1] INFO  server.RaftServerConfigKeys (ConfUtils.java:logGet(43)) - raft.server.rpcslowness.timeout = 120s (custom)
2019-09-05 10:57:21,717 [pool-67-thread-1] INFO  server.RaftServerConfigKeys (ConfUtils.java:logGet(43)) - raft.server.sleep.deviation.threshold = 300 (default)
2019-09-05 10:57:21,717 [pool-67-thread-1] INFO  server.RaftServerConfigKeys (ConfUtils.java:logGet(43)) - raft.server.log.appender.install.snapshot.enabled = false (custom)
2019-09-05 10:57:21,717 [pool-67-thread-1] INFO  impl.RaftServerImpl (ServerState.java:<init>(103)) - 29dabda3-762d-47b4-97f9-ce603194a1e8@group-878BD23D7E3B: ConfigurationManager, init=-1: [29dabda3-762d-47b4-97f9-ce603194a1e8:192.168.36.83:39827], old=null, confs=<EMPTY_MAP>
2019-09-05 10:57:21,717 [pool-67-thread-1] INFO  server.RaftServerConfigKeys (ConfUtils.java:logGet(43)) - raft.server.storage.dir = [/workdir/hadoop-ozone/integration-test/target/test-dir/MiniOzoneClusterImpl-677ba508-865f-4285-99f6-8f2053594021/datanode-4/data/ratis] (custom)
2019-09-05 10:57:21,718 [pool-67-thread-1] INFO  storage.RaftStorageDirectory (RaftStorageDirectory.java:analyzeStorage(246)) - The storage directory /workdir/hadoop-ozone/integration-test/target/test-dir/MiniOzoneClusterImpl-677ba508-865f-4285-99f6-8f2053594021/datanode-4/data/ratis/a9c3e03e-8994-4b34-ac04-878bd23d7e3b does not exist. Creating ...
2019-09-05 10:57:21,734 [pool-67-thread-1] INFO  storage.RaftStorageDirectory (RaftStorageDirectory.java:tryLock(328)) - Lock on /workdir/hadoop-ozone/integration-test/target/test-dir/MiniOzoneClusterImpl-677ba508-865f-4285-99f6-8f2053594021/datanode-4/data/ratis/a9c3e03e-8994-4b34-ac04-878bd23d7e3b/in_use.lock acquired by nodename 23600@pr-hdds-1561-gm47z-337254333
2019-09-05 10:57:21,801 [pool-67-thread-1] INFO  storage.RaftStorage (RaftStorage.java:format(72)) - Storage directory /workdir/hadoop-ozone/integration-test/target/test-dir/MiniOzoneClusterImpl-677ba508-865f-4285-99f6-8f2053594021/datanode-4/data/ratis/a9c3e03e-8994-4b34-ac04-878bd23d7e3b has been successfully formatted.
2019-09-05 10:57:21,802 [pool-67-thread-1] INFO  ratis.ContainerStateMachine (ContainerStateMachine.java:loadSnapshot(232)) - group-878BD23D7E3B: The snapshot info is null. Setting the last applied indexto:(t:0, i:~)
2019-09-05 10:57:21,802 [pool-67-thread-1] INFO  server.RaftServerConfigKeys (ConfUtils.java:logGet(43)) - raft.server.notification.no-leader.timeout = 120s (custom)
2019-09-05 10:57:21,802 [pool-67-thread-1] INFO  server.RaftServerConfigKeys (ConfUtils.java:logGet(43)) - raft.server.log.use.memory = false (default)
2019-09-05 10:57:21,802 [pool-67-thread-1] INFO  server.RaftServerConfigKeys (ConfUtils.java:logGet(43)) - raft.server.log.purge.gap = 1000000 (custom)
2019-09-05 10:57:21,803 [pool-67-thread-1] INFO  server.RaftServerConfigKeys (ConfUtils.java:logGet(43)) - raft.server.log.appender.buffer.byte-limit = 33554432 (custom)
2019-09-05 10:57:21,803 [pool-67-thread-1] INFO  server.RaftServerConfigKeys (ConfUtils.java:logGet(43)) - raft.server.log.segment.size.max = 1048576 (custom)
2019-09-05 10:57:21,803 [pool-67-thread-1] INFO  server.RaftServerConfigKeys (ConfUtils.java:logGet(43)) - raft.server.log.segment.cache.num.max = 2 (custom)
2019-09-05 10:57:21,803 [pool-67-thread-1] INFO  segmented.SegmentedRaftLogWorker (SegmentedRaftLogWorker.java:<init>(172)) - new 29dabda3-762d-47b4-97f9-ce603194a1e8@group-878BD23D7E3B-SegmentedRaftLogWorker for RaftStorage:Storage Directory /workdir/hadoop-ozone/integration-test/target/test-dir/MiniOzoneClusterImpl-677ba508-865f-4285-99f6-8f2053594021/datanode-4/data/ratis/a9c3e03e-8994-4b34-ac04-878bd23d7e3b
2019-09-05 10:57:21,809 [pool-67-thread-1] INFO  server.RaftServerConfigKeys (ConfUtils.java:logGet(43)) - raft.server.log.queue.byte-limit = 2147483647 (custom)
2019-09-05 10:57:21,809 [pool-67-thread-1] INFO  server.RaftServerConfigKeys (ConfUtils.java:logGet(43)) - raft.server.log.queue.element-limit = 1024 (custom)
2019-09-05 10:57:21,810 [pool-67-thread-1] INFO  server.RaftServerConfigKeys (ConfUtils.java:logGet(43)) - raft.server.log.segment.size.max = 1048576 (custom)
2019-09-05 10:57:21,810 [pool-67-thread-1] INFO  server.RaftServerConfigKeys (ConfUtils.java:logGet(43)) - raft.server.log.preallocated.size = 16384 (custom)
2019-09-05 10:57:21,810 [pool-67-thread-1] INFO  server.RaftServerConfigKeys (ConfUtils.java:logGet(43)) - raft.server.log.write.buffer.size = 33554432 (custom)
2019-09-05 10:57:21,810 [pool-67-thread-1] INFO  server.RaftServerConfigKeys (ConfUtils.java:logGet(43)) - raft.server.log.force.sync.num = 128 (default)
2019-09-05 10:57:21,810 [pool-67-thread-1] INFO  server.RaftServerConfigKeys (ConfUtils.java:logGet(43)) - raft.server.log.statemachine.data.sync = true (default)
2019-09-05 10:57:21,811 [pool-67-thread-1] INFO  server.RaftServerConfigKeys (ConfUtils.java:logGet(43)) - raft.server.log.statemachine.data.sync.timeout = 10s (default)
2019-09-05 10:57:21,811 [pool-67-thread-1] INFO  server.RaftServerConfigKeys (ConfUtils.java:logGet(43)) - raft.server.log.statemachine.data.sync.timeout.retry = -1 (default)
2019-09-05 10:57:21,811 [pool-67-thread-1] INFO  server.RaftServerConfigKeys (ConfUtils.java:logGet(43)) - raft.server.log.statemachine.data.caching.enabled = true (custom)
2019-09-05 10:57:21,812 [pool-67-thread-1] INFO  segmented.SegmentedRaftLogWorker (SegmentedRaftLogWorker.java:lambda$new$0(132)) - 29dabda3-762d-47b4-97f9-ce603194a1e8@group-878BD23D7E3B-SegmentedRaftLogWorker: flushIndex: setUnconditionally 0 -> -1
2019-09-05 10:57:21,812 [pool-67-thread-1] INFO  server.RaftServerConfigKeys (ConfUtils.java:logGet(43)) - raft.server.snapshot.auto.trigger.enabled = true (custom)
2019-09-05 10:57:21,812 [pool-67-thread-1] INFO  server.RaftServerConfigKeys (ConfUtils.java:logGet(43)) - raft.server.snapshot.auto.trigger.threshold = 10000 (custom)
2019-09-05 10:57:21,812 [pool-67-thread-1] INFO  server.RaftServerConfigKeys (ConfUtils.java:logGet(43)) - raft.server.snapshot.retention.num.files = -1 (default)
2019-09-05 10:57:21,813 [pool-67-thread-1] INFO  server.RaftServerConfigKeys (ConfUtils.java:logGet(43)) - raft.server.retrycache.expirytime = 600000ms (custom)
2019-09-05 10:57:21,819 [pool-67-thread-1] INFO  impl.RaftServerImpl (RaftServerImpl.java:start(185)) - 29dabda3-762d-47b4-97f9-ce603194a1e8@group-878BD23D7E3B: start as a follower, conf=-1: [29dabda3-762d-47b4-97f9-ce603194a1e8:192.168.36.83:39827], old=null
2019-09-05 10:57:21,819 [pool-67-thread-1] INFO  impl.RaftServerImpl (RaftServerImpl.java:setRole(174)) - 29dabda3-762d-47b4-97f9-ce603194a1e8@group-878BD23D7E3B: changes role from      null to FOLLOWER at term 0 for startAsFollower
2019-09-05 10:57:21,819 [pool-67-thread-1] INFO  impl.RoleInfo (RoleInfo.java:updateAndGet(143)) - 29dabda3-762d-47b4-97f9-ce603194a1e8: start FollowerState
2019-09-05 10:57:21,820 [pool-67-thread-1] INFO  util.JmxRegister (JmxRegister.java:tryRegister(44)) - Successfully registered JMX Bean with object name Ratis:service=RaftServer,group=group-878BD23D7E3B,id=29dabda3-762d-47b4-97f9-ce603194a1e8
2019-09-05 10:57:21,833 [RatisPipelineUtilsThread] INFO  pipeline.PipelineStateManager (PipelineStateManager.java:addPipeline(56)) - Created pipeline Pipeline[ Id: a9c3e03e-8994-4b34-ac04-878bd23d7e3b, Nodes: 29dabda3-762d-47b4-97f9-ce603194a1e8{ip: 192.168.36.83, host: pr-hdds-1561-gm47z-337254333, networkLocation: /default-rack, certSerialId: null}, Type:RATIS, Factor:ONE, State:OPEN]
2019-09-05 10:57:21,858 [grpc-default-executor-0] INFO  impl.RaftServerProxy (RaftServerProxy.java:addNew(89)) - 9b1bb9e7-35a8-460d-b103-c20534a62010: addNew group-6A566236AA86:[9b1bb9e7-35a8-460d-b103-c20534a62010:192.168.36.83:44031] returns group-6A566236AA86:java.util.concurrent.CompletableFuture@691642ac[Not completed]
2019-09-05 10:57:21,860 [pool-37-thread-1] INFO  impl.RaftServerImpl (RaftServerImpl.java:<init>(95)) - 9b1bb9e7-35a8-460d-b103-c20534a62010: new RaftServerImpl for group-6A566236AA86:[9b1bb9e7-35a8-460d-b103-c20534a62010:192.168.36.83:44031] with ContainerStateMachine:uninitialized
2019-09-05 10:57:21,860 [pool-37-thread-1] INFO  server.RaftServerConfigKeys (ConfUtils.java:logGet(43)) - raft.server.rpc.timeout.min = 5s (custom)
2019-09-05 10:57:21,861 [pool-37-thread-1] INFO  server.RaftServerConfigKeys (ConfUtils.java:logGet(43)) - raft.server.rpc.timeout.max = 5200ms (custom)
2019-09-05 10:57:21,861 [pool-37-thread-1] INFO  server.RaftServerConfigKeys (ConfUtils.java:logGet(43)) - raft.server.rpcslowness.timeout = 120s (custom)
2019-09-05 10:57:21,861 [pool-37-thread-1] INFO  server.RaftServerConfigKeys (ConfUtils.java:logGet(43)) - raft.server.sleep.deviation.threshold = 300 (default)
2019-09-05 10:57:21,861 [pool-37-thread-1] INFO  server.RaftServerConfigKeys (ConfUtils.java:logGet(43)) - raft.server.log.appender.install.snapshot.enabled = false (custom)
2019-09-05 10:57:21,861 [pool-37-thread-1] INFO  impl.RaftServerImpl (ServerState.java:<init>(103)) - 9b1bb9e7-35a8-460d-b103-c20534a62010@group-6A566236AA86: ConfigurationManager, init=-1: [9b1bb9e7-35a8-460d-b103-c20534a62010:192.168.36.83:44031], old=null, confs=<EMPTY_MAP>
2019-09-05 10:57:21,862 [pool-37-thread-1] INFO  server.RaftServerConfigKeys (ConfUtils.java:logGet(43)) - raft.server.storage.dir = [/workdir/hadoop-ozone/integration-test/target/test-dir/MiniOzoneClusterImpl-677ba508-865f-4285-99f6-8f2053594021/datanode-1/data/ratis] (custom)
2019-09-05 10:57:21,862 [pool-37-thread-1] INFO  storage.RaftStorageDirectory (RaftStorageDirectory.java:analyzeStorage(246)) - The storage directory /workdir/hadoop-ozone/integration-test/target/test-dir/MiniOzoneClusterImpl-677ba508-865f-4285-99f6-8f2053594021/datanode-1/data/ratis/c2f19951-1ae8-4b05-9412-6a566236aa86 does not exist. Creating ...
2019-09-05 10:57:21,901 [pool-37-thread-1] INFO  storage.RaftStorageDirectory (RaftStorageDirectory.java:tryLock(328)) - Lock on /workdir/hadoop-ozone/integration-test/target/test-dir/MiniOzoneClusterImpl-677ba508-865f-4285-99f6-8f2053594021/datanode-1/data/ratis/c2f19951-1ae8-4b05-9412-6a566236aa86/in_use.lock acquired by nodename 23600@pr-hdds-1561-gm47z-337254333
2019-09-05 10:57:21,969 [pool-37-thread-1] INFO  storage.RaftStorage (RaftStorage.java:format(72)) - Storage directory /workdir/hadoop-ozone/integration-test/target/test-dir/MiniOzoneClusterImpl-677ba508-865f-4285-99f6-8f2053594021/datanode-1/data/ratis/c2f19951-1ae8-4b05-9412-6a566236aa86 has been successfully formatted.
2019-09-05 10:57:21,970 [pool-37-thread-1] INFO  ratis.ContainerStateMachine (ContainerStateMachine.java:loadSnapshot(232)) - group-6A566236AA86: The snapshot info is null. Setting the last applied indexto:(t:0, i:~)
2019-09-05 10:57:21,970 [pool-37-thread-1] INFO  server.RaftServerConfigKeys (ConfUtils.java:logGet(43)) - raft.server.notification.no-leader.timeout = 120s (custom)
2019-09-05 10:57:21,971 [pool-37-thread-1] INFO  server.RaftServerConfigKeys (ConfUtils.java:logGet(43)) - raft.server.log.use.memory = false (default)
2019-09-05 10:57:21,971 [pool-37-thread-1] INFO  server.RaftServerConfigKeys (ConfUtils.java:logGet(43)) - raft.server.log.purge.gap = 1000000 (custom)
2019-09-05 10:57:21,971 [pool-37-thread-1] INFO  server.RaftServerConfigKeys (ConfUtils.java:logGet(43)) - raft.server.log.appender.buffer.byte-limit = 33554432 (custom)
2019-09-05 10:57:21,971 [pool-37-thread-1] INFO  server.RaftServerConfigKeys (ConfUtils.java:logGet(43)) - raft.server.log.segment.size.max = 1048576 (custom)
2019-09-05 10:57:21,972 [pool-37-thread-1] INFO  server.RaftServerConfigKeys (ConfUtils.java:logGet(43)) - raft.server.log.segment.cache.num.max = 2 (custom)
2019-09-05 10:57:21,972 [pool-37-thread-1] INFO  segmented.SegmentedRaftLogWorker (SegmentedRaftLogWorker.java:<init>(172)) - new 9b1bb9e7-35a8-460d-b103-c20534a62010@group-6A566236AA86-SegmentedRaftLogWorker for RaftStorage:Storage Directory /workdir/hadoop-ozone/integration-test/target/test-dir/MiniOzoneClusterImpl-677ba508-865f-4285-99f6-8f2053594021/datanode-1/data/ratis/c2f19951-1ae8-4b05-9412-6a566236aa86
2019-09-05 10:57:21,977 [pool-37-thread-1] INFO  server.RaftServerConfigKeys (ConfUtils.java:logGet(43)) - raft.server.log.queue.byte-limit = 2147483647 (custom)
2019-09-05 10:57:21,977 [pool-37-thread-1] INFO  server.RaftServerConfigKeys (ConfUtils.java:logGet(43)) - raft.server.log.queue.element-limit = 1024 (custom)
2019-09-05 10:57:21,977 [pool-37-thread-1] INFO  server.RaftServerConfigKeys (ConfUtils.java:logGet(43)) - raft.server.log.segment.size.max = 1048576 (custom)
2019-09-05 10:57:21,978 [pool-37-thread-1] INFO  server.RaftServerConfigKeys (ConfUtils.java:logGet(43)) - raft.server.log.preallocated.size = 16384 (custom)
2019-09-05 10:57:21,978 [pool-37-thread-1] INFO  server.RaftServerConfigKeys (ConfUtils.java:logGet(43)) - raft.server.log.write.buffer.size = 33554432 (custom)
2019-09-05 10:57:21,978 [pool-37-thread-1] INFO  server.RaftServerConfigKeys (ConfUtils.java:logGet(43)) - raft.server.log.force.sync.num = 128 (default)
2019-09-05 10:57:21,978 [pool-37-thread-1] INFO  server.RaftServerConfigKeys (ConfUtils.java:logGet(43)) - raft.server.log.statemachine.data.sync = true (default)
2019-09-05 10:57:21,978 [pool-37-thread-1] INFO  server.RaftServerConfigKeys (ConfUtils.java:logGet(43)) - raft.server.log.statemachine.data.sync.timeout = 10s (default)
2019-09-05 10:57:21,980 [pool-37-thread-1] INFO  server.RaftServerConfigKeys (ConfUtils.java:logGet(43)) - raft.server.log.statemachine.data.sync.timeout.retry = -1 (default)
2019-09-05 10:57:21,981 [pool-37-thread-1] INFO  server.RaftServerConfigKeys (ConfUtils.java:logGet(43)) - raft.server.log.statemachine.data.caching.enabled = true (custom)
2019-09-05 10:57:21,981 [pool-37-thread-1] INFO  segmented.SegmentedRaftLogWorker (SegmentedRaftLogWorker.java:lambda$new$0(132)) - 9b1bb9e7-35a8-460d-b103-c20534a62010@group-6A566236AA86-SegmentedRaftLogWorker: flushIndex: setUnconditionally 0 -> -1
2019-09-05 10:57:21,982 [pool-37-thread-1] INFO  server.RaftServerConfigKeys (ConfUtils.java:logGet(43)) - raft.server.snapshot.auto.trigger.enabled = true (custom)
2019-09-05 10:57:21,982 [pool-37-thread-1] INFO  server.RaftServerConfigKeys (ConfUtils.java:logGet(43)) - raft.server.snapshot.auto.trigger.threshold = 10000 (custom)
2019-09-05 10:57:21,982 [pool-37-thread-1] INFO  server.RaftServerConfigKeys (ConfUtils.java:logGet(43)) - raft.server.snapshot.retention.num.files = -1 (default)
2019-09-05 10:57:21,982 [pool-37-thread-1] INFO  server.RaftServerConfigKeys (ConfUtils.java:logGet(43)) - raft.server.retrycache.expirytime = 600000ms (custom)
2019-09-05 10:57:21,986 [pool-37-thread-1] INFO  impl.RaftServerImpl (RaftServerImpl.java:start(185)) - 9b1bb9e7-35a8-460d-b103-c20534a62010@group-6A566236AA86: start as a follower, conf=-1: [9b1bb9e7-35a8-460d-b103-c20534a62010:192.168.36.83:44031], old=null
2019-09-05 10:57:21,987 [pool-37-thread-1] INFO  impl.RaftServerImpl (RaftServerImpl.java:setRole(174)) - 9b1bb9e7-35a8-460d-b103-c20534a62010@group-6A566236AA86: changes role from      null to FOLLOWER at term 0 for startAsFollower
2019-09-05 10:57:21,987 [pool-37-thread-1] INFO  impl.RoleInfo (RoleInfo.java:updateAndGet(143)) - 9b1bb9e7-35a8-460d-b103-c20534a62010: start FollowerState
2019-09-05 10:57:21,987 [pool-37-thread-1] INFO  util.JmxRegister (JmxRegister.java:tryRegister(44)) - Successfully registered JMX Bean with object name Ratis:service=RaftServer,group=group-6A566236AA86,id=9b1bb9e7-35a8-460d-b103-c20534a62010
2019-09-05 10:57:22,002 [RatisPipelineUtilsThread] INFO  pipeline.PipelineStateManager (PipelineStateManager.java:addPipeline(56)) - Created pipeline Pipeline[ Id: c2f19951-1ae8-4b05-9412-6a566236aa86, Nodes: 9b1bb9e7-35a8-460d-b103-c20534a62010{ip: 192.168.36.83, host: pr-hdds-1561-gm47z-337254333, networkLocation: /default-rack, certSerialId: null}, Type:RATIS, Factor:ONE, State:OPEN]
2019-09-05 10:57:22,034 [grpc-default-executor-0] INFO  impl.RaftServerProxy (RaftServerProxy.java:addNew(89)) - cefd773d-a65b-476c-b903-2f020490a58a: addNew group-0B37D73C1FC2:[cefd773d-a65b-476c-b903-2f020490a58a:192.168.36.83:45105] returns group-0B37D73C1FC2:java.util.concurrent.CompletableFuture@30cb6122[Not completed]
2019-09-05 10:57:22,041 [pool-87-thread-1] INFO  impl.RaftServerImpl (RaftServerImpl.java:<init>(95)) - cefd773d-a65b-476c-b903-2f020490a58a: new RaftServerImpl for group-0B37D73C1FC2:[cefd773d-a65b-476c-b903-2f020490a58a:192.168.36.83:45105] with ContainerStateMachine:uninitialized
2019-09-05 10:57:22,042 [pool-87-thread-1] INFO  server.RaftServerConfigKeys (ConfUtils.java:logGet(43)) - raft.server.rpc.timeout.min = 5s (custom)
2019-09-05 10:57:22,042 [pool-87-thread-1] INFO  server.RaftServerConfigKeys (ConfUtils.java:logGet(43)) - raft.server.rpc.timeout.max = 5200ms (custom)
2019-09-05 10:57:22,042 [pool-87-thread-1] INFO  server.RaftServerConfigKeys (ConfUtils.java:logGet(43)) - raft.server.rpcslowness.timeout = 120s (custom)
2019-09-05 10:57:22,042 [pool-87-thread-1] INFO  server.RaftServerConfigKeys (ConfUtils.java:logGet(43)) - raft.server.sleep.deviation.threshold = 300 (default)
2019-09-05 10:57:22,042 [pool-87-thread-1] INFO  server.RaftServerConfigKeys (ConfUtils.java:logGet(43)) - raft.server.log.appender.install.snapshot.enabled = false (custom)
2019-09-05 10:57:22,043 [pool-87-thread-1] INFO  impl.RaftServerImpl (ServerState.java:<init>(103)) - cefd773d-a65b-476c-b903-2f020490a58a@group-0B37D73C1FC2: ConfigurationManager, init=-1: [cefd773d-a65b-476c-b903-2f020490a58a:192.168.36.83:45105], old=null, confs=<EMPTY_MAP>
2019-09-05 10:57:22,043 [pool-87-thread-1] INFO  server.RaftServerConfigKeys (ConfUtils.java:logGet(43)) - raft.server.storage.dir = [/workdir/hadoop-ozone/integration-test/target/test-dir/MiniOzoneClusterImpl-677ba508-865f-4285-99f6-8f2053594021/datanode-6/data/ratis] (custom)
2019-09-05 10:57:22,044 [pool-87-thread-1] INFO  storage.RaftStorageDirectory (RaftStorageDirectory.java:analyzeStorage(246)) - The storage directory /workdir/hadoop-ozone/integration-test/target/test-dir/MiniOzoneClusterImpl-677ba508-865f-4285-99f6-8f2053594021/datanode-6/data/ratis/53f7eb5a-0b5d-4d4b-a8b2-0b37d73c1fc2 does not exist. Creating ...
2019-09-05 10:57:22,086 [pool-87-thread-1] INFO  storage.RaftStorageDirectory (RaftStorageDirectory.java:tryLock(328)) - Lock on /workdir/hadoop-ozone/integration-test/target/test-dir/MiniOzoneClusterImpl-677ba508-865f-4285-99f6-8f2053594021/datanode-6/data/ratis/53f7eb5a-0b5d-4d4b-a8b2-0b37d73c1fc2/in_use.lock acquired by nodename 23600@pr-hdds-1561-gm47z-337254333
2019-09-05 10:57:22,112 [pool-87-thread-1] INFO  storage.RaftStorage (RaftStorage.java:format(72)) - Storage directory /workdir/hadoop-ozone/integration-test/target/test-dir/MiniOzoneClusterImpl-677ba508-865f-4285-99f6-8f2053594021/datanode-6/data/ratis/53f7eb5a-0b5d-4d4b-a8b2-0b37d73c1fc2 has been successfully formatted.
2019-09-05 10:57:22,112 [pool-87-thread-1] INFO  ratis.ContainerStateMachine (ContainerStateMachine.java:loadSnapshot(232)) - group-0B37D73C1FC2: The snapshot info is null. Setting the last applied indexto:(t:0, i:~)
2019-09-05 10:57:22,112 [pool-87-thread-1] INFO  server.RaftServerConfigKeys (ConfUtils.java:logGet(43)) - raft.server.notification.no-leader.timeout = 120s (custom)
2019-09-05 10:57:22,113 [pool-87-thread-1] INFO  server.RaftServerConfigKeys (ConfUtils.java:logGet(43)) - raft.server.log.use.memory = false (default)
2019-09-05 10:57:22,113 [pool-87-thread-1] INFO  server.RaftServerConfigKeys (ConfUtils.java:logGet(43)) - raft.server.log.purge.gap = 1000000 (custom)
2019-09-05 10:57:22,113 [pool-87-thread-1] INFO  server.RaftServerConfigKeys (ConfUtils.java:logGet(43)) - raft.server.log.appender.buffer.byte-limit = 33554432 (custom)
2019-09-05 10:57:22,113 [pool-87-thread-1] INFO  server.RaftServerConfigKeys (ConfUtils.java:logGet(43)) - raft.server.log.segment.size.max = 1048576 (custom)
2019-09-05 10:57:22,113 [pool-87-thread-1] INFO  server.RaftServerConfigKeys (ConfUtils.java:logGet(43)) - raft.server.log.segment.cache.num.max = 2 (custom)
2019-09-05 10:57:22,114 [pool-87-thread-1] INFO  segmented.SegmentedRaftLogWorker (SegmentedRaftLogWorker.java:<init>(172)) - new cefd773d-a65b-476c-b903-2f020490a58a@group-0B37D73C1FC2-SegmentedRaftLogWorker for RaftStorage:Storage Directory /workdir/hadoop-ozone/integration-test/target/test-dir/MiniOzoneClusterImpl-677ba508-865f-4285-99f6-8f2053594021/datanode-6/data/ratis/53f7eb5a-0b5d-4d4b-a8b2-0b37d73c1fc2
2019-09-05 10:57:22,118 [pool-87-thread-1] INFO  server.RaftServerConfigKeys (ConfUtils.java:logGet(43)) - raft.server.log.queue.byte-limit = 2147483647 (custom)
2019-09-05 10:57:22,118 [pool-87-thread-1] INFO  server.RaftServerConfigKeys (ConfUtils.java:logGet(43)) - raft.server.log.queue.element-limit = 1024 (custom)
2019-09-05 10:57:22,118 [pool-87-thread-1] INFO  server.RaftServerConfigKeys (ConfUtils.java:logGet(43)) - raft.server.log.segment.size.max = 1048576 (custom)
2019-09-05 10:57:22,118 [pool-87-thread-1] INFO  server.RaftServerConfigKeys (ConfUtils.java:logGet(43)) - raft.server.log.preallocated.size = 16384 (custom)
2019-09-05 10:57:22,119 [pool-87-thread-1] INFO  server.RaftServerConfigKeys (ConfUtils.java:logGet(43)) - raft.server.log.write.buffer.size = 33554432 (custom)
2019-09-05 10:57:22,119 [pool-87-thread-1] INFO  server.RaftServerConfigKeys (ConfUtils.java:logGet(43)) - raft.server.log.force.sync.num = 128 (default)
2019-09-05 10:57:22,119 [pool-87-thread-1] INFO  server.RaftServerConfigKeys (ConfUtils.java:logGet(43)) - raft.server.log.statemachine.data.sync = true (default)
2019-09-05 10:57:22,119 [pool-87-thread-1] INFO  server.RaftServerConfigKeys (ConfUtils.java:logGet(43)) - raft.server.log.statemachine.data.sync.timeout = 10s (default)
2019-09-05 10:57:22,119 [pool-87-thread-1] INFO  server.RaftServerConfigKeys (ConfUtils.java:logGet(43)) - raft.server.log.statemachine.data.sync.timeout.retry = -1 (default)
2019-09-05 10:57:22,120 [pool-87-thread-1] INFO  server.RaftServerConfigKeys (ConfUtils.java:logGet(43)) - raft.server.log.statemachine.data.caching.enabled = true (custom)
2019-09-05 10:57:22,120 [pool-87-thread-1] INFO  segmented.SegmentedRaftLogWorker (SegmentedRaftLogWorker.java:lambda$new$0(132)) - cefd773d-a65b-476c-b903-2f020490a58a@group-0B37D73C1FC2-SegmentedRaftLogWorker: flushIndex: setUnconditionally 0 -> -1
2019-09-05 10:57:22,121 [pool-87-thread-1] INFO  server.RaftServerConfigKeys (ConfUtils.java:logGet(43)) - raft.server.snapshot.auto.trigger.enabled = true (custom)
2019-09-05 10:57:22,121 [pool-87-thread-1] INFO  server.RaftServerConfigKeys (ConfUtils.java:logGet(43)) - raft.server.snapshot.auto.trigger.threshold = 10000 (custom)
2019-09-05 10:57:22,121 [pool-87-thread-1] INFO  server.RaftServerConfigKeys (ConfUtils.java:logGet(43)) - raft.server.snapshot.retention.num.files = -1 (default)
2019-09-05 10:57:22,121 [pool-87-thread-1] INFO  server.RaftServerConfigKeys (ConfUtils.java:logGet(43)) - raft.server.retrycache.expirytime = 600000ms (custom)
2019-09-05 10:57:22,125 [pool-87-thread-1] INFO  impl.RaftServerImpl (RaftServerImpl.java:start(185)) - cefd773d-a65b-476c-b903-2f020490a58a@group-0B37D73C1FC2: start as a follower, conf=-1: [cefd773d-a65b-476c-b903-2f020490a58a:192.168.36.83:45105], old=null
2019-09-05 10:57:22,125 [pool-87-thread-1] INFO  impl.RaftServerImpl (RaftServerImpl.java:setRole(174)) - cefd773d-a65b-476c-b903-2f020490a58a@group-0B37D73C1FC2: changes role from      null to FOLLOWER at term 0 for startAsFollower
2019-09-05 10:57:22,126 [pool-87-thread-1] INFO  impl.RoleInfo (RoleInfo.java:updateAndGet(143)) - cefd773d-a65b-476c-b903-2f020490a58a: start FollowerState
2019-09-05 10:57:22,126 [pool-87-thread-1] INFO  util.JmxRegister (JmxRegister.java:tryRegister(44)) - Successfully registered JMX Bean with object name Ratis:service=RaftServer,group=group-0B37D73C1FC2,id=cefd773d-a65b-476c-b903-2f020490a58a
2019-09-05 10:57:22,138 [RatisPipelineUtilsThread] INFO  pipeline.PipelineStateManager (PipelineStateManager.java:addPipeline(56)) - Created pipeline Pipeline[ Id: 53f7eb5a-0b5d-4d4b-a8b2-0b37d73c1fc2, Nodes: cefd773d-a65b-476c-b903-2f020490a58a{ip: 192.168.36.83, host: pr-hdds-1561-gm47z-337254333, networkLocation: /default-rack, certSerialId: null}, Type:RATIS, Factor:ONE, State:OPEN]
2019-09-05 10:57:22,154 [grpc-default-executor-0] INFO  impl.RaftServerProxy (RaftServerProxy.java:addNew(89)) - 30c09380-d5b8-4c4e-a2ad-47e9cd9a2c37: addNew group-1A541FFE150F:[30c09380-d5b8-4c4e-a2ad-47e9cd9a2c37:192.168.36.83:41949] returns group-1A541FFE150F:java.util.concurrent.CompletableFuture@463ef2a0[Not completed]
2019-09-05 10:57:22,158 [pool-47-thread-1] INFO  impl.RaftServerImpl (RaftServerImpl.java:<init>(95)) - 30c09380-d5b8-4c4e-a2ad-47e9cd9a2c37: new RaftServerImpl for group-1A541FFE150F:[30c09380-d5b8-4c4e-a2ad-47e9cd9a2c37:192.168.36.83:41949] with ContainerStateMachine:uninitialized
2019-09-05 10:57:22,158 [pool-47-thread-1] INFO  server.RaftServerConfigKeys (ConfUtils.java:logGet(43)) - raft.server.rpc.timeout.min = 5s (custom)
2019-09-05 10:57:22,158 [pool-47-thread-1] INFO  server.RaftServerConfigKeys (ConfUtils.java:logGet(43)) - raft.server.rpc.timeout.max = 5200ms (custom)
2019-09-05 10:57:22,158 [pool-47-thread-1] INFO  server.RaftServerConfigKeys (ConfUtils.java:logGet(43)) - raft.server.rpcslowness.timeout = 120s (custom)
2019-09-05 10:57:22,159 [pool-47-thread-1] INFO  server.RaftServerConfigKeys (ConfUtils.java:logGet(43)) - raft.server.sleep.deviation.threshold = 300 (default)
2019-09-05 10:57:22,159 [pool-47-thread-1] INFO  server.RaftServerConfigKeys (ConfUtils.java:logGet(43)) - raft.server.log.appender.install.snapshot.enabled = false (custom)
2019-09-05 10:57:22,159 [pool-47-thread-1] INFO  impl.RaftServerImpl (ServerState.java:<init>(103)) - 30c09380-d5b8-4c4e-a2ad-47e9cd9a2c37@group-1A541FFE150F: ConfigurationManager, init=-1: [30c09380-d5b8-4c4e-a2ad-47e9cd9a2c37:192.168.36.83:41949], old=null, confs=<EMPTY_MAP>
2019-09-05 10:57:22,159 [pool-47-thread-1] INFO  server.RaftServerConfigKeys (ConfUtils.java:logGet(43)) - raft.server.storage.dir = [/workdir/hadoop-ozone/integration-test/target/test-dir/MiniOzoneClusterImpl-677ba508-865f-4285-99f6-8f2053594021/datanode-2/data/ratis] (custom)
2019-09-05 10:57:22,160 [pool-47-thread-1] INFO  storage.RaftStorageDirectory (RaftStorageDirectory.java:analyzeStorage(246)) - The storage directory /workdir/hadoop-ozone/integration-test/target/test-dir/MiniOzoneClusterImpl-677ba508-865f-4285-99f6-8f2053594021/datanode-2/data/ratis/81d70730-3b46-4ab6-af00-1a541ffe150f does not exist. Creating ...
2019-09-05 10:57:22,179 [pool-47-thread-1] INFO  storage.RaftStorageDirectory (RaftStorageDirectory.java:tryLock(328)) - Lock on /workdir/hadoop-ozone/integration-test/target/test-dir/MiniOzoneClusterImpl-677ba508-865f-4285-99f6-8f2053594021/datanode-2/data/ratis/81d70730-3b46-4ab6-af00-1a541ffe150f/in_use.lock acquired by nodename 23600@pr-hdds-1561-gm47z-337254333
2019-09-05 10:57:22,229 [pool-47-thread-1] INFO  storage.RaftStorage (RaftStorage.java:format(72)) - Storage directory /workdir/hadoop-ozone/integration-test/target/test-dir/MiniOzoneClusterImpl-677ba508-865f-4285-99f6-8f2053594021/datanode-2/data/ratis/81d70730-3b46-4ab6-af00-1a541ffe150f has been successfully formatted.
2019-09-05 10:57:22,230 [pool-47-thread-1] INFO  ratis.ContainerStateMachine (ContainerStateMachine.java:loadSnapshot(232)) - group-1A541FFE150F: The snapshot info is null. Setting the last applied indexto:(t:0, i:~)
2019-09-05 10:57:22,230 [pool-47-thread-1] INFO  server.RaftServerConfigKeys (ConfUtils.java:logGet(43)) - raft.server.notification.no-leader.timeout = 120s (custom)
2019-09-05 10:57:22,230 [pool-47-thread-1] INFO  server.RaftServerConfigKeys (ConfUtils.java:logGet(43)) - raft.server.log.use.memory = false (default)
2019-09-05 10:57:22,231 [pool-47-thread-1] INFO  server.RaftServerConfigKeys (ConfUtils.java:logGet(43)) - raft.server.log.purge.gap = 1000000 (custom)
2019-09-05 10:57:22,231 [pool-47-thread-1] INFO  server.RaftServerConfigKeys (ConfUtils.java:logGet(43)) - raft.server.log.appender.buffer.byte-limit = 33554432 (custom)
2019-09-05 10:57:22,231 [pool-47-thread-1] INFO  server.RaftServerConfigKeys (ConfUtils.java:logGet(43)) - raft.server.log.segment.size.max = 1048576 (custom)
2019-09-05 10:57:22,231 [pool-47-thread-1] INFO  server.RaftServerConfigKeys (ConfUtils.java:logGet(43)) - raft.server.log.segment.cache.num.max = 2 (custom)
2019-09-05 10:57:22,231 [pool-47-thread-1] INFO  segmented.SegmentedRaftLogWorker (SegmentedRaftLogWorker.java:<init>(172)) - new 30c09380-d5b8-4c4e-a2ad-47e9cd9a2c37@group-1A541FFE150F-SegmentedRaftLogWorker for RaftStorage:Storage Directory /workdir/hadoop-ozone/integration-test/target/test-dir/MiniOzoneClusterImpl-677ba508-865f-4285-99f6-8f2053594021/datanode-2/data/ratis/81d70730-3b46-4ab6-af00-1a541ffe150f
2019-09-05 10:57:22,236 [pool-47-thread-1] INFO  server.RaftServerConfigKeys (ConfUtils.java:logGet(43)) - raft.server.log.queue.byte-limit = 2147483647 (custom)
2019-09-05 10:57:22,236 [pool-47-thread-1] INFO  server.RaftServerConfigKeys (ConfUtils.java:logGet(43)) - raft.server.log.queue.element-limit = 1024 (custom)
2019-09-05 10:57:22,236 [pool-47-thread-1] INFO  server.RaftServerConfigKeys (ConfUtils.java:logGet(43)) - raft.server.log.segment.size.max = 1048576 (custom)
2019-09-05 10:57:22,236 [pool-47-thread-1] INFO  server.RaftServerConfigKeys (ConfUtils.java:logGet(43)) - raft.server.log.preallocated.size = 16384 (custom)
2019-09-05 10:57:22,237 [pool-47-thread-1] INFO  server.RaftServerConfigKeys (ConfUtils.java:logGet(43)) - raft.server.log.write.buffer.size = 33554432 (custom)
2019-09-05 10:57:22,237 [pool-47-thread-1] INFO  server.RaftServerConfigKeys (ConfUtils.java:logGet(43)) - raft.server.log.force.sync.num = 128 (default)
2019-09-05 10:57:22,237 [pool-47-thread-1] INFO  server.RaftServerConfigKeys (ConfUtils.java:logGet(43)) - raft.server.log.statemachine.data.sync = true (default)
2019-09-05 10:57:22,237 [pool-47-thread-1] INFO  server.RaftServerConfigKeys (ConfUtils.java:logGet(43)) - raft.server.log.statemachine.data.sync.timeout = 10s (default)
2019-09-05 10:57:22,237 [pool-47-thread-1] INFO  server.RaftServerConfigKeys (ConfUtils.java:logGet(43)) - raft.server.log.statemachine.data.sync.timeout.retry = -1 (default)
2019-09-05 10:57:22,238 [pool-47-thread-1] INFO  server.RaftServerConfigKeys (ConfUtils.java:logGet(43)) - raft.server.log.statemachine.data.caching.enabled = true (custom)
2019-09-05 10:57:22,238 [pool-47-thread-1] INFO  segmented.SegmentedRaftLogWorker (SegmentedRaftLogWorker.java:lambda$new$0(132)) - 30c09380-d5b8-4c4e-a2ad-47e9cd9a2c37@group-1A541FFE150F-SegmentedRaftLogWorker: flushIndex: setUnconditionally 0 -> -1
2019-09-05 10:57:22,239 [pool-47-thread-1] INFO  server.RaftServerConfigKeys (ConfUtils.java:logGet(43)) - raft.server.snapshot.auto.trigger.enabled = true (custom)
2019-09-05 10:57:22,239 [pool-47-thread-1] INFO  server.RaftServerConfigKeys (ConfUtils.java:logGet(43)) - raft.server.snapshot.auto.trigger.threshold = 10000 (custom)
2019-09-05 10:57:22,239 [pool-47-thread-1] INFO  server.RaftServerConfigKeys (ConfUtils.java:logGet(43)) - raft.server.snapshot.retention.num.files = -1 (default)
2019-09-05 10:57:22,239 [pool-47-thread-1] INFO  server.RaftServerConfigKeys (ConfUtils.java:logGet(43)) - raft.server.retrycache.expirytime = 600000ms (custom)
2019-09-05 10:57:22,243 [pool-47-thread-1] INFO  impl.RaftServerImpl (RaftServerImpl.java:start(185)) - 30c09380-d5b8-4c4e-a2ad-47e9cd9a2c37@group-1A541FFE150F: start as a follower, conf=-1: [30c09380-d5b8-4c4e-a2ad-47e9cd9a2c37:192.168.36.83:41949], old=null
2019-09-05 10:57:22,243 [pool-47-thread-1] INFO  impl.RaftServerImpl (RaftServerImpl.java:setRole(174)) - 30c09380-d5b8-4c4e-a2ad-47e9cd9a2c37@group-1A541FFE150F: changes role from      null to FOLLOWER at term 0 for startAsFollower
2019-09-05 10:57:22,243 [pool-47-thread-1] INFO  impl.RoleInfo (RoleInfo.java:updateAndGet(143)) - 30c09380-d5b8-4c4e-a2ad-47e9cd9a2c37: start FollowerState
2019-09-05 10:57:22,244 [pool-47-thread-1] INFO  util.JmxRegister (JmxRegister.java:tryRegister(44)) - Successfully registered JMX Bean with object name Ratis:service=RaftServer,group=group-1A541FFE150F,id=30c09380-d5b8-4c4e-a2ad-47e9cd9a2c37
2019-09-05 10:57:22,265 [RatisPipelineUtilsThread] INFO  pipeline.PipelineStateManager (PipelineStateManager.java:addPipeline(56)) - Created pipeline Pipeline[ Id: 81d70730-3b46-4ab6-af00-1a541ffe150f, Nodes: 30c09380-d5b8-4c4e-a2ad-47e9cd9a2c37{ip: 192.168.36.83, host: pr-hdds-1561-gm47z-337254333, networkLocation: /default-rack, certSerialId: null}, Type:RATIS, Factor:ONE, State:OPEN]
2019-09-05 10:57:22,312 [grpc-default-executor-1] INFO  impl.RaftServerProxy (RaftServerProxy.java:addNew(89)) - f6e8258f-1280-422a-9f5c-7c2b00930eeb: addNew group-CA9E18B8BDAC:[5d8d3527-2a3e-4bcd-b079-5fbdf7aae7f6:192.168.36.83:34246, 29dabda3-762d-47b4-97f9-ce603194a1e8:192.168.36.83:39827, f6e8258f-1280-422a-9f5c-7c2b00930eeb:192.168.36.83:44549] returns group-CA9E18B8BDAC:java.util.concurrent.CompletableFuture@37907ead[Not completed]
2019-09-05 10:57:22,312 [grpc-default-executor-2] INFO  impl.RaftServerProxy (RaftServerProxy.java:addNew(89)) - 5d8d3527-2a3e-4bcd-b079-5fbdf7aae7f6: addNew group-CA9E18B8BDAC:[5d8d3527-2a3e-4bcd-b079-5fbdf7aae7f6:192.168.36.83:34246, 29dabda3-762d-47b4-97f9-ce603194a1e8:192.168.36.83:39827, f6e8258f-1280-422a-9f5c-7c2b00930eeb:192.168.36.83:44549] returns group-CA9E18B8BDAC:java.util.concurrent.CompletableFuture@70f86077[Not completed]
2019-09-05 10:57:22,312 [grpc-default-executor-0] INFO  impl.RaftServerProxy (RaftServerProxy.java:addNew(89)) - 29dabda3-762d-47b4-97f9-ce603194a1e8: addNew group-CA9E18B8BDAC:[5d8d3527-2a3e-4bcd-b079-5fbdf7aae7f6:192.168.36.83:34246, 29dabda3-762d-47b4-97f9-ce603194a1e8:192.168.36.83:39827, f6e8258f-1280-422a-9f5c-7c2b00930eeb:192.168.36.83:44549] returns group-CA9E18B8BDAC:java.util.concurrent.CompletableFuture@5c4004dd[Not completed]
2019-09-05 10:57:22,317 [pool-77-thread-1] INFO  impl.RaftServerImpl (RaftServerImpl.java:<init>(95)) - 5d8d3527-2a3e-4bcd-b079-5fbdf7aae7f6: new RaftServerImpl for group-CA9E18B8BDAC:[5d8d3527-2a3e-4bcd-b079-5fbdf7aae7f6:192.168.36.83:34246, 29dabda3-762d-47b4-97f9-ce603194a1e8:192.168.36.83:39827, f6e8258f-1280-422a-9f5c-7c2b00930eeb:192.168.36.83:44549] with ContainerStateMachine:uninitialized
2019-09-05 10:57:22,317 [pool-77-thread-1] INFO  server.RaftServerConfigKeys (ConfUtils.java:logGet(43)) - raft.server.rpc.timeout.min = 5s (custom)
2019-09-05 10:57:22,317 [pool-77-thread-1] INFO  server.RaftServerConfigKeys (ConfUtils.java:logGet(43)) - raft.server.rpc.timeout.max = 5200ms (custom)
2019-09-05 10:57:22,318 [pool-77-thread-1] INFO  server.RaftServerConfigKeys (ConfUtils.java:logGet(43)) - raft.server.rpcslowness.timeout = 120s (custom)
2019-09-05 10:57:22,318 [pool-77-thread-1] INFO  server.RaftServerConfigKeys (ConfUtils.java:logGet(43)) - raft.server.sleep.deviation.threshold = 300 (default)
2019-09-05 10:57:22,318 [pool-77-thread-1] INFO  server.RaftServerConfigKeys (ConfUtils.java:logGet(43)) - raft.server.log.appender.install.snapshot.enabled = false (custom)
2019-09-05 10:57:22,318 [pool-67-thread-1] INFO  impl.RaftServerImpl (RaftServerImpl.java:<init>(95)) - 29dabda3-762d-47b4-97f9-ce603194a1e8: new RaftServerImpl for group-CA9E18B8BDAC:[5d8d3527-2a3e-4bcd-b079-5fbdf7aae7f6:192.168.36.83:34246, 29dabda3-762d-47b4-97f9-ce603194a1e8:192.168.36.83:39827, f6e8258f-1280-422a-9f5c-7c2b00930eeb:192.168.36.83:44549] with ContainerStateMachine:uninitialized
2019-09-05 10:57:22,318 [pool-77-thread-1] INFO  impl.RaftServerImpl (ServerState.java:<init>(103)) - 5d8d3527-2a3e-4bcd-b079-5fbdf7aae7f6@group-CA9E18B8BDAC: ConfigurationManager, init=-1: [5d8d3527-2a3e-4bcd-b079-5fbdf7aae7f6:192.168.36.83:34246, 29dabda3-762d-47b4-97f9-ce603194a1e8:192.168.36.83:39827, f6e8258f-1280-422a-9f5c-7c2b00930eeb:192.168.36.83:44549], old=null, confs=<EMPTY_MAP>
2019-09-05 10:57:22,318 [pool-67-thread-1] INFO  server.RaftServerConfigKeys (ConfUtils.java:logGet(43)) - raft.server.rpc.timeout.min = 5s (custom)
2019-09-05 10:57:22,319 [pool-77-thread-1] INFO  server.RaftServerConfigKeys (ConfUtils.java:logGet(43)) - raft.server.storage.dir = [/workdir/hadoop-ozone/integration-test/target/test-dir/MiniOzoneClusterImpl-677ba508-865f-4285-99f6-8f2053594021/datanode-5/data/ratis] (custom)
2019-09-05 10:57:22,319 [pool-67-thread-1] INFO  server.RaftServerConfigKeys (ConfUtils.java:logGet(43)) - raft.server.rpc.timeout.max = 5200ms (custom)
2019-09-05 10:57:22,319 [pool-67-thread-1] INFO  server.RaftServerConfigKeys (ConfUtils.java:logGet(43)) - raft.server.rpcslowness.timeout = 120s (custom)
2019-09-05 10:57:22,319 [pool-67-thread-1] INFO  server.RaftServerConfigKeys (ConfUtils.java:logGet(43)) - raft.server.sleep.deviation.threshold = 300 (default)
2019-09-05 10:57:22,319 [pool-77-thread-1] INFO  storage.RaftStorageDirectory (RaftStorageDirectory.java:analyzeStorage(246)) - The storage directory /workdir/hadoop-ozone/integration-test/target/test-dir/MiniOzoneClusterImpl-677ba508-865f-4285-99f6-8f2053594021/datanode-5/data/ratis/e648b64c-e37f-4c89-8154-ca9e18b8bdac does not exist. Creating ...
2019-09-05 10:57:22,319 [pool-57-thread-1] INFO  impl.RaftServerImpl (RaftServerImpl.java:<init>(95)) - f6e8258f-1280-422a-9f5c-7c2b00930eeb: new RaftServerImpl for group-CA9E18B8BDAC:[5d8d3527-2a3e-4bcd-b079-5fbdf7aae7f6:192.168.36.83:34246, 29dabda3-762d-47b4-97f9-ce603194a1e8:192.168.36.83:39827, f6e8258f-1280-422a-9f5c-7c2b00930eeb:192.168.36.83:44549] with ContainerStateMachine:uninitialized
2019-09-05 10:57:22,319 [pool-67-thread-1] INFO  server.RaftServerConfigKeys (ConfUtils.java:logGet(43)) - raft.server.log.appender.install.snapshot.enabled = false (custom)
2019-09-05 10:57:22,320 [pool-57-thread-1] INFO  server.RaftServerConfigKeys (ConfUtils.java:logGet(43)) - raft.server.rpc.timeout.min = 5s (custom)
2019-09-05 10:57:22,320 [pool-67-thread-1] INFO  impl.RaftServerImpl (ServerState.java:<init>(103)) - 29dabda3-762d-47b4-97f9-ce603194a1e8@group-CA9E18B8BDAC: ConfigurationManager, init=-1: [5d8d3527-2a3e-4bcd-b079-5fbdf7aae7f6:192.168.36.83:34246, 29dabda3-762d-47b4-97f9-ce603194a1e8:192.168.36.83:39827, f6e8258f-1280-422a-9f5c-7c2b00930eeb:192.168.36.83:44549], old=null, confs=<EMPTY_MAP>
2019-09-05 10:57:22,320 [pool-57-thread-1] INFO  server.RaftServerConfigKeys (ConfUtils.java:logGet(43)) - raft.server.rpc.timeout.max = 5200ms (custom)
2019-09-05 10:57:22,320 [pool-67-thread-1] INFO  server.RaftServerConfigKeys (ConfUtils.java:logGet(43)) - raft.server.storage.dir = [/workdir/hadoop-ozone/integration-test/target/test-dir/MiniOzoneClusterImpl-677ba508-865f-4285-99f6-8f2053594021/datanode-4/data/ratis] (custom)
2019-09-05 10:57:22,320 [pool-57-thread-1] INFO  server.RaftServerConfigKeys (ConfUtils.java:logGet(43)) - raft.server.rpcslowness.timeout = 120s (custom)
2019-09-05 10:57:22,321 [pool-57-thread-1] INFO  server.RaftServerConfigKeys (ConfUtils.java:logGet(43)) - raft.server.sleep.deviation.threshold = 300 (default)
2019-09-05 10:57:22,321 [pool-67-thread-1] INFO  storage.RaftStorageDirectory (RaftStorageDirectory.java:analyzeStorage(246)) - The storage directory /workdir/hadoop-ozone/integration-test/target/test-dir/MiniOzoneClusterImpl-677ba508-865f-4285-99f6-8f2053594021/datanode-4/data/ratis/e648b64c-e37f-4c89-8154-ca9e18b8bdac does not exist. Creating ...
2019-09-05 10:57:22,321 [pool-57-thread-1] INFO  server.RaftServerConfigKeys (ConfUtils.java:logGet(43)) - raft.server.log.appender.install.snapshot.enabled = false (custom)
2019-09-05 10:57:22,321 [pool-57-thread-1] INFO  impl.RaftServerImpl (ServerState.java:<init>(103)) - f6e8258f-1280-422a-9f5c-7c2b00930eeb@group-CA9E18B8BDAC: ConfigurationManager, init=-1: [5d8d3527-2a3e-4bcd-b079-5fbdf7aae7f6:192.168.36.83:34246, 29dabda3-762d-47b4-97f9-ce603194a1e8:192.168.36.83:39827, f6e8258f-1280-422a-9f5c-7c2b00930eeb:192.168.36.83:44549], old=null, confs=<EMPTY_MAP>
2019-09-05 10:57:22,322 [pool-57-thread-1] INFO  server.RaftServerConfigKeys (ConfUtils.java:logGet(43)) - raft.server.storage.dir = [/workdir/hadoop-ozone/integration-test/target/test-dir/MiniOzoneClusterImpl-677ba508-865f-4285-99f6-8f2053594021/datanode-3/data/ratis] (custom)
2019-09-05 10:57:22,322 [pool-57-thread-1] INFO  storage.RaftStorageDirectory (RaftStorageDirectory.java:analyzeStorage(246)) - The storage directory /workdir/hadoop-ozone/integration-test/target/test-dir/MiniOzoneClusterImpl-677ba508-865f-4285-99f6-8f2053594021/datanode-3/data/ratis/e648b64c-e37f-4c89-8154-ca9e18b8bdac does not exist. Creating ...
2019-09-05 10:57:22,346 [pool-67-thread-1] INFO  storage.RaftStorageDirectory (RaftStorageDirectory.java:tryLock(328)) - Lock on /workdir/hadoop-ozone/integration-test/target/test-dir/MiniOzoneClusterImpl-677ba508-865f-4285-99f6-8f2053594021/datanode-4/data/ratis/e648b64c-e37f-4c89-8154-ca9e18b8bdac/in_use.lock acquired by nodename 23600@pr-hdds-1561-gm47z-337254333
2019-09-05 10:57:22,346 [pool-77-thread-1] INFO  storage.RaftStorageDirectory (RaftStorageDirectory.java:tryLock(328)) - Lock on /workdir/hadoop-ozone/integration-test/target/test-dir/MiniOzoneClusterImpl-677ba508-865f-4285-99f6-8f2053594021/datanode-5/data/ratis/e648b64c-e37f-4c89-8154-ca9e18b8bdac/in_use.lock acquired by nodename 23600@pr-hdds-1561-gm47z-337254333
2019-09-05 10:57:22,346 [pool-57-thread-1] INFO  storage.RaftStorageDirectory (RaftStorageDirectory.java:tryLock(328)) - Lock on /workdir/hadoop-ozone/integration-test/target/test-dir/MiniOzoneClusterImpl-677ba508-865f-4285-99f6-8f2053594021/datanode-3/data/ratis/e648b64c-e37f-4c89-8154-ca9e18b8bdac/in_use.lock acquired by nodename 23600@pr-hdds-1561-gm47z-337254333
2019-09-05 10:57:22,380 [pool-67-thread-1] INFO  storage.RaftStorage (RaftStorage.java:format(72)) - Storage directory /workdir/hadoop-ozone/integration-test/target/test-dir/MiniOzoneClusterImpl-677ba508-865f-4285-99f6-8f2053594021/datanode-4/data/ratis/e648b64c-e37f-4c89-8154-ca9e18b8bdac has been successfully formatted.
2019-09-05 10:57:22,380 [pool-57-thread-1] INFO  storage.RaftStorage (RaftStorage.java:format(72)) - Storage directory /workdir/hadoop-ozone/integration-test/target/test-dir/MiniOzoneClusterImpl-677ba508-865f-4285-99f6-8f2053594021/datanode-3/data/ratis/e648b64c-e37f-4c89-8154-ca9e18b8bdac has been successfully formatted.
2019-09-05 10:57:22,381 [pool-67-thread-1] INFO  ratis.ContainerStateMachine (ContainerStateMachine.java:loadSnapshot(232)) - group-CA9E18B8BDAC: The snapshot info is null. Setting the last applied indexto:(t:0, i:~)
2019-09-05 10:57:22,380 [pool-77-thread-1] INFO  storage.RaftStorage (RaftStorage.java:format(72)) - Storage directory /workdir/hadoop-ozone/integration-test/target/test-dir/MiniOzoneClusterImpl-677ba508-865f-4285-99f6-8f2053594021/datanode-5/data/ratis/e648b64c-e37f-4c89-8154-ca9e18b8bdac has been successfully formatted.
2019-09-05 10:57:22,381 [pool-57-thread-1] INFO  ratis.ContainerStateMachine (ContainerStateMachine.java:loadSnapshot(232)) - group-CA9E18B8BDAC: The snapshot info is null. Setting the last applied indexto:(t:0, i:~)
2019-09-05 10:57:22,381 [pool-67-thread-1] INFO  server.RaftServerConfigKeys (ConfUtils.java:logGet(43)) - raft.server.notification.no-leader.timeout = 120s (custom)
2019-09-05 10:57:22,381 [pool-57-thread-1] INFO  server.RaftServerConfigKeys (ConfUtils.java:logGet(43)) - raft.server.notification.no-leader.timeout = 120s (custom)
2019-09-05 10:57:22,381 [pool-77-thread-1] INFO  ratis.ContainerStateMachine (ContainerStateMachine.java:loadSnapshot(232)) - group-CA9E18B8BDAC: The snapshot info is null. Setting the last applied indexto:(t:0, i:~)
2019-09-05 10:57:22,382 [pool-57-thread-1] INFO  server.RaftServerConfigKeys (ConfUtils.java:logGet(43)) - raft.server.log.use.memory = false (default)
2019-09-05 10:57:22,381 [pool-67-thread-1] INFO  server.RaftServerConfigKeys (ConfUtils.java:logGet(43)) - raft.server.log.use.memory = false (default)
2019-09-05 10:57:22,382 [pool-57-thread-1] INFO  server.RaftServerConfigKeys (ConfUtils.java:logGet(43)) - raft.server.log.purge.gap = 1000000 (custom)
2019-09-05 10:57:22,382 [pool-77-thread-1] INFO  server.RaftServerConfigKeys (ConfUtils.java:logGet(43)) - raft.server.notification.no-leader.timeout = 120s (custom)
2019-09-05 10:57:22,382 [pool-57-thread-1] INFO  server.RaftServerConfigKeys (ConfUtils.java:logGet(43)) - raft.server.log.appender.buffer.byte-limit = 33554432 (custom)
2019-09-05 10:57:22,382 [pool-67-thread-1] INFO  server.RaftServerConfigKeys (ConfUtils.java:logGet(43)) - raft.server.log.purge.gap = 1000000 (custom)
2019-09-05 10:57:22,383 [pool-57-thread-1] INFO  server.RaftServerConfigKeys (ConfUtils.java:logGet(43)) - raft.server.log.segment.size.max = 1048576 (custom)
2019-09-05 10:57:22,382 [pool-77-thread-1] INFO  server.RaftServerConfigKeys (ConfUtils.java:logGet(43)) - raft.server.log.use.memory = false (default)
2019-09-05 10:57:22,383 [pool-57-thread-1] INFO  server.RaftServerConfigKeys (ConfUtils.java:logGet(43)) - raft.server.log.segment.cache.num.max = 2 (custom)
2019-09-05 10:57:22,383 [pool-67-thread-1] INFO  server.RaftServerConfigKeys (ConfUtils.java:logGet(43)) - raft.server.log.appender.buffer.byte-limit = 33554432 (custom)
2019-09-05 10:57:22,383 [pool-57-thread-1] INFO  segmented.SegmentedRaftLogWorker (SegmentedRaftLogWorker.java:<init>(172)) - new f6e8258f-1280-422a-9f5c-7c2b00930eeb@group-CA9E18B8BDAC-SegmentedRaftLogWorker for RaftStorage:Storage Directory /workdir/hadoop-ozone/integration-test/target/test-dir/MiniOzoneClusterImpl-677ba508-865f-4285-99f6-8f2053594021/datanode-3/data/ratis/e648b64c-e37f-4c89-8154-ca9e18b8bdac
2019-09-05 10:57:22,383 [pool-77-thread-1] INFO  server.RaftServerConfigKeys (ConfUtils.java:logGet(43)) - raft.server.log.purge.gap = 1000000 (custom)
2019-09-05 10:57:22,384 [pool-57-thread-1] INFO  server.RaftServerConfigKeys (ConfUtils.java:logGet(43)) - raft.server.log.queue.byte-limit = 2147483647 (custom)
2019-09-05 10:57:22,384 [pool-67-thread-1] INFO  server.RaftServerConfigKeys (ConfUtils.java:logGet(43)) - raft.server.log.segment.size.max = 1048576 (custom)
2019-09-05 10:57:22,384 [pool-57-thread-1] INFO  server.RaftServerConfigKeys (ConfUtils.java:logGet(43)) - raft.server.log.queue.element-limit = 1024 (custom)
2019-09-05 10:57:22,384 [pool-77-thread-1] INFO  server.RaftServerConfigKeys (ConfUtils.java:logGet(43)) - raft.server.log.appender.buffer.byte-limit = 33554432 (custom)
2019-09-05 10:57:22,385 [pool-57-thread-1] INFO  server.RaftServerConfigKeys (ConfUtils.java:logGet(43)) - raft.server.log.segment.size.max = 1048576 (custom)
2019-09-05 10:57:22,384 [pool-67-thread-1] INFO  server.RaftServerConfigKeys (ConfUtils.java:logGet(43)) - raft.server.log.segment.cache.num.max = 2 (custom)
2019-09-05 10:57:22,385 [pool-57-thread-1] INFO  server.RaftServerConfigKeys (ConfUtils.java:logGet(43)) - raft.server.log.preallocated.size = 16384 (custom)
2019-09-05 10:57:22,385 [pool-77-thread-1] INFO  server.RaftServerConfigKeys (ConfUtils.java:logGet(43)) - raft.server.log.segment.size.max = 1048576 (custom)
2019-09-05 10:57:22,385 [pool-57-thread-1] INFO  server.RaftServerConfigKeys (ConfUtils.java:logGet(43)) - raft.server.log.write.buffer.size = 33554432 (custom)
2019-09-05 10:57:22,385 [pool-67-thread-1] INFO  segmented.SegmentedRaftLogWorker (SegmentedRaftLogWorker.java:<init>(172)) - new 29dabda3-762d-47b4-97f9-ce603194a1e8@group-CA9E18B8BDAC-SegmentedRaftLogWorker for RaftStorage:Storage Directory /workdir/hadoop-ozone/integration-test/target/test-dir/MiniOzoneClusterImpl-677ba508-865f-4285-99f6-8f2053594021/datanode-4/data/ratis/e648b64c-e37f-4c89-8154-ca9e18b8bdac
2019-09-05 10:57:22,385 [pool-57-thread-1] INFO  server.RaftServerConfigKeys (ConfUtils.java:logGet(43)) - raft.server.log.force.sync.num = 128 (default)
2019-09-05 10:57:22,385 [pool-77-thread-1] INFO  server.RaftServerConfigKeys (ConfUtils.java:logGet(43)) - raft.server.log.segment.cache.num.max = 2 (custom)
2019-09-05 10:57:22,386 [pool-57-thread-1] INFO  server.RaftServerConfigKeys (ConfUtils.java:logGet(43)) - raft.server.log.statemachine.data.sync = true (default)
2019-09-05 10:57:22,386 [pool-67-thread-1] INFO  server.RaftServerConfigKeys (ConfUtils.java:logGet(43)) - raft.server.log.queue.byte-limit = 2147483647 (custom)
2019-09-05 10:57:22,386 [pool-57-thread-1] INFO  server.RaftServerConfigKeys (ConfUtils.java:logGet(43)) - raft.server.log.statemachine.data.sync.timeout = 10s (default)
2019-09-05 10:57:22,386 [pool-77-thread-1] INFO  segmented.SegmentedRaftLogWorker (SegmentedRaftLogWorker.java:<init>(172)) - new 5d8d3527-2a3e-4bcd-b079-5fbdf7aae7f6@group-CA9E18B8BDAC-SegmentedRaftLogWorker for RaftStorage:Storage Directory /workdir/hadoop-ozone/integration-test/target/test-dir/MiniOzoneClusterImpl-677ba508-865f-4285-99f6-8f2053594021/datanode-5/data/ratis/e648b64c-e37f-4c89-8154-ca9e18b8bdac
2019-09-05 10:57:22,387 [pool-57-thread-1] INFO  server.RaftServerConfigKeys (ConfUtils.java:logGet(43)) - raft.server.log.statemachine.data.sync.timeout.retry = -1 (default)
2019-09-05 10:57:22,386 [pool-67-thread-1] INFO  server.RaftServerConfigKeys (ConfUtils.java:logGet(43)) - raft.server.log.queue.element-limit = 1024 (custom)
2019-09-05 10:57:22,387 [pool-77-thread-1] INFO  server.RaftServerConfigKeys (ConfUtils.java:logGet(43)) - raft.server.log.queue.byte-limit = 2147483647 (custom)
2019-09-05 10:57:22,387 [pool-67-thread-1] INFO  server.RaftServerConfigKeys (ConfUtils.java:logGet(43)) - raft.server.log.segment.size.max = 1048576 (custom)
2019-09-05 10:57:22,387 [pool-57-thread-1] INFO  server.RaftServerConfigKeys (ConfUtils.java:logGet(43)) - raft.server.log.statemachine.data.caching.enabled = true (custom)
2019-09-05 10:57:22,387 [pool-67-thread-1] INFO  server.RaftServerConfigKeys (ConfUtils.java:logGet(43)) - raft.server.log.preallocated.size = 16384 (custom)
2019-09-05 10:57:22,387 [pool-77-thread-1] INFO  server.RaftServerConfigKeys (ConfUtils.java:logGet(43)) - raft.server.log.queue.element-limit = 1024 (custom)
2019-09-05 10:57:22,388 [pool-67-thread-1] INFO  server.RaftServerConfigKeys (ConfUtils.java:logGet(43)) - raft.server.log.write.buffer.size = 33554432 (custom)
2019-09-05 10:57:22,388 [pool-57-thread-1] INFO  segmented.SegmentedRaftLogWorker (SegmentedRaftLogWorker.java:lambda$new$0(132)) - f6e8258f-1280-422a-9f5c-7c2b00930eeb@group-CA9E18B8BDAC-SegmentedRaftLogWorker: flushIndex: setUnconditionally 0 -> -1
2019-09-05 10:57:22,388 [pool-77-thread-1] INFO  server.RaftServerConfigKeys (ConfUtils.java:logGet(43)) - raft.server.log.segment.size.max = 1048576 (custom)
2019-09-05 10:57:22,388 [pool-67-thread-1] INFO  server.RaftServerConfigKeys (ConfUtils.java:logGet(43)) - raft.server.log.force.sync.num = 128 (default)
2019-09-05 10:57:22,388 [pool-77-thread-1] INFO  server.RaftServerConfigKeys (ConfUtils.java:logGet(43)) - raft.server.log.preallocated.size = 16384 (custom)
2019-09-05 10:57:22,388 [pool-57-thread-1] INFO  server.RaftServerConfigKeys (ConfUtils.java:logGet(43)) - raft.server.snapshot.auto.trigger.enabled = true (custom)
2019-09-05 10:57:22,388 [pool-67-thread-1] INFO  server.RaftServerConfigKeys (ConfUtils.java:logGet(43)) - raft.server.log.statemachine.data.sync = true (default)
2019-09-05 10:57:22,389 [pool-57-thread-1] INFO  server.RaftServerConfigKeys (ConfUtils.java:logGet(43)) - raft.server.snapshot.auto.trigger.threshold = 10000 (custom)
2019-09-05 10:57:22,389 [pool-77-thread-1] INFO  server.RaftServerConfigKeys (ConfUtils.java:logGet(43)) - raft.server.log.write.buffer.size = 33554432 (custom)
2019-09-05 10:57:22,389 [pool-57-thread-1] INFO  server.RaftServerConfigKeys (ConfUtils.java:logGet(43)) - raft.server.snapshot.retention.num.files = -1 (default)
2019-09-05 10:57:22,389 [pool-67-thread-1] INFO  server.RaftServerConfigKeys (ConfUtils.java:logGet(43)) - raft.server.log.statemachine.data.sync.timeout = 10s (default)
2019-09-05 10:57:22,389 [pool-77-thread-1] INFO  server.RaftServerConfigKeys (ConfUtils.java:logGet(43)) - raft.server.log.force.sync.num = 128 (default)
2019-09-05 10:57:22,390 [pool-57-thread-1] INFO  server.RaftServerConfigKeys (ConfUtils.java:logGet(43)) - raft.server.retrycache.expirytime = 600000ms (custom)
2019-09-05 10:57:22,390 [pool-67-thread-1] INFO  server.RaftServerConfigKeys (ConfUtils.java:logGet(43)) - raft.server.log.statemachine.data.sync.timeout.retry = -1 (default)
2019-09-05 10:57:22,390 [pool-77-thread-1] INFO  server.RaftServerConfigKeys (ConfUtils.java:logGet(43)) - raft.server.log.statemachine.data.sync = true (default)
2019-09-05 10:57:22,390 [pool-67-thread-1] INFO  server.RaftServerConfigKeys (ConfUtils.java:logGet(43)) - raft.server.log.statemachine.data.caching.enabled = true (custom)
2019-09-05 10:57:22,390 [pool-77-thread-1] INFO  server.RaftServerConfigKeys (ConfUtils.java:logGet(43)) - raft.server.log.statemachine.data.sync.timeout = 10s (default)
2019-09-05 10:57:22,391 [pool-77-thread-1] INFO  server.RaftServerConfigKeys (ConfUtils.java:logGet(43)) - raft.server.log.statemachine.data.sync.timeout.retry = -1 (default)
2019-09-05 10:57:22,391 [pool-67-thread-1] INFO  segmented.SegmentedRaftLogWorker (SegmentedRaftLogWorker.java:lambda$new$0(132)) - 29dabda3-762d-47b4-97f9-ce603194a1e8@group-CA9E18B8BDAC-SegmentedRaftLogWorker: flushIndex: setUnconditionally 0 -> -1
2019-09-05 10:57:22,391 [pool-77-thread-1] INFO  server.RaftServerConfigKeys (ConfUtils.java:logGet(43)) - raft.server.log.statemachine.data.caching.enabled = true (custom)
2019-09-05 10:57:22,391 [pool-67-thread-1] INFO  server.RaftServerConfigKeys (ConfUtils.java:logGet(43)) - raft.server.snapshot.auto.trigger.enabled = true (custom)
2019-09-05 10:57:22,391 [pool-77-thread-1] INFO  segmented.SegmentedRaftLogWorker (SegmentedRaftLogWorker.java:lambda$new$0(132)) - 5d8d3527-2a3e-4bcd-b079-5fbdf7aae7f6@group-CA9E18B8BDAC-SegmentedRaftLogWorker: flushIndex: setUnconditionally 0 -> -1
2019-09-05 10:57:22,391 [pool-67-thread-1] INFO  server.RaftServerConfigKeys (ConfUtils.java:logGet(43)) - raft.server.snapshot.auto.trigger.threshold = 10000 (custom)
2019-09-05 10:57:22,392 [pool-67-thread-1] INFO  server.RaftServerConfigKeys (ConfUtils.java:logGet(43)) - raft.server.snapshot.retention.num.files = -1 (default)
2019-09-05 10:57:22,392 [pool-77-thread-1] INFO  server.RaftServerConfigKeys (ConfUtils.java:logGet(43)) - raft.server.snapshot.auto.trigger.enabled = true (custom)
2019-09-05 10:57:22,392 [pool-67-thread-1] INFO  server.RaftServerConfigKeys (ConfUtils.java:logGet(43)) - raft.server.retrycache.expirytime = 600000ms (custom)
2019-09-05 10:57:22,392 [pool-77-thread-1] INFO  server.RaftServerConfigKeys (ConfUtils.java:logGet(43)) - raft.server.snapshot.auto.trigger.threshold = 10000 (custom)
2019-09-05 10:57:22,392 [pool-77-thread-1] INFO  server.RaftServerConfigKeys (ConfUtils.java:logGet(43)) - raft.server.snapshot.retention.num.files = -1 (default)
2019-09-05 10:57:22,392 [pool-77-thread-1] INFO  server.RaftServerConfigKeys (ConfUtils.java:logGet(43)) - raft.server.retrycache.expirytime = 600000ms (custom)
2019-09-05 10:57:22,395 [pool-57-thread-1] INFO  impl.RaftServerImpl (RaftServerImpl.java:start(185)) - f6e8258f-1280-422a-9f5c-7c2b00930eeb@group-CA9E18B8BDAC: start as a follower, conf=-1: [5d8d3527-2a3e-4bcd-b079-5fbdf7aae7f6:192.168.36.83:34246, 29dabda3-762d-47b4-97f9-ce603194a1e8:192.168.36.83:39827, f6e8258f-1280-422a-9f5c-7c2b00930eeb:192.168.36.83:44549], old=null
2019-09-05 10:57:22,395 [pool-57-thread-1] INFO  impl.RaftServerImpl (RaftServerImpl.java:setRole(174)) - f6e8258f-1280-422a-9f5c-7c2b00930eeb@group-CA9E18B8BDAC: changes role from      null to FOLLOWER at term 0 for startAsFollower
2019-09-05 10:57:22,395 [pool-57-thread-1] INFO  impl.RoleInfo (RoleInfo.java:updateAndGet(143)) - f6e8258f-1280-422a-9f5c-7c2b00930eeb: start FollowerState
2019-09-05 10:57:22,396 [pool-57-thread-1] INFO  util.JmxRegister (JmxRegister.java:tryRegister(44)) - Successfully registered JMX Bean with object name Ratis:service=RaftServer,group=group-CA9E18B8BDAC,id=f6e8258f-1280-422a-9f5c-7c2b00930eeb
2019-09-05 10:57:22,396 [pool-67-thread-1] INFO  impl.RaftServerImpl (RaftServerImpl.java:start(185)) - 29dabda3-762d-47b4-97f9-ce603194a1e8@group-CA9E18B8BDAC: start as a follower, conf=-1: [5d8d3527-2a3e-4bcd-b079-5fbdf7aae7f6:192.168.36.83:34246, 29dabda3-762d-47b4-97f9-ce603194a1e8:192.168.36.83:39827, f6e8258f-1280-422a-9f5c-7c2b00930eeb:192.168.36.83:44549], old=null
2019-09-05 10:57:22,397 [pool-67-thread-1] INFO  impl.RaftServerImpl (RaftServerImpl.java:setRole(174)) - 29dabda3-762d-47b4-97f9-ce603194a1e8@group-CA9E18B8BDAC: changes role from      null to FOLLOWER at term 0 for startAsFollower
2019-09-05 10:57:22,397 [pool-67-thread-1] INFO  impl.RoleInfo (RoleInfo.java:updateAndGet(143)) - 29dabda3-762d-47b4-97f9-ce603194a1e8: start FollowerState
2019-09-05 10:57:22,397 [pool-77-thread-1] INFO  impl.RaftServerImpl (RaftServerImpl.java:start(185)) - 5d8d3527-2a3e-4bcd-b079-5fbdf7aae7f6@group-CA9E18B8BDAC: start as a follower, conf=-1: [5d8d3527-2a3e-4bcd-b079-5fbdf7aae7f6:192.168.36.83:34246, 29dabda3-762d-47b4-97f9-ce603194a1e8:192.168.36.83:39827, f6e8258f-1280-422a-9f5c-7c2b00930eeb:192.168.36.83:44549], old=null
2019-09-05 10:57:22,397 [pool-67-thread-1] INFO  util.JmxRegister (JmxRegister.java:tryRegister(44)) - Successfully registered JMX Bean with object name Ratis:service=RaftServer,group=group-CA9E18B8BDAC,id=29dabda3-762d-47b4-97f9-ce603194a1e8
2019-09-05 10:57:22,397 [pool-77-thread-1] INFO  impl.RaftServerImpl (RaftServerImpl.java:setRole(174)) - 5d8d3527-2a3e-4bcd-b079-5fbdf7aae7f6@group-CA9E18B8BDAC: changes role from      null to FOLLOWER at term 0 for startAsFollower
2019-09-05 10:57:22,398 [pool-77-thread-1] INFO  impl.RoleInfo (RoleInfo.java:updateAndGet(143)) - 5d8d3527-2a3e-4bcd-b079-5fbdf7aae7f6: start FollowerState
2019-09-05 10:57:22,398 [pool-77-thread-1] INFO  util.JmxRegister (JmxRegister.java:tryRegister(44)) - Successfully registered JMX Bean with object name Ratis:service=RaftServer,group=group-CA9E18B8BDAC,id=5d8d3527-2a3e-4bcd-b079-5fbdf7aae7f6
2019-09-05 10:57:22,423 [RatisPipelineUtilsThread] INFO  pipeline.PipelineStateManager (PipelineStateManager.java:addPipeline(56)) - Created pipeline Pipeline[ Id: e648b64c-e37f-4c89-8154-ca9e18b8bdac, Nodes: 5d8d3527-2a3e-4bcd-b079-5fbdf7aae7f6{ip: 192.168.36.83, host: pr-hdds-1561-gm47z-337254333, networkLocation: /default-rack, certSerialId: null}f6e8258f-1280-422a-9f5c-7c2b00930eeb{ip: 192.168.36.83, host: pr-hdds-1561-gm47z-337254333, networkLocation: /default-rack, certSerialId: null}29dabda3-762d-47b4-97f9-ce603194a1e8{ip: 192.168.36.83, host: pr-hdds-1561-gm47z-337254333, networkLocation: /default-rack, certSerialId: null}, Type:RATIS, Factor:THREE, State:OPEN]
2019-09-05 10:57:22,464 [grpc-default-executor-0] INFO  impl.RaftServerProxy (RaftServerProxy.java:addNew(89)) - 3f95e3dc-0a00-4224-befc-5244f1a3079e: addNew group-BF12A8481C91:[cefd773d-a65b-476c-b903-2f020490a58a:192.168.36.83:45105, 3f95e3dc-0a00-4224-befc-5244f1a3079e:192.168.36.83:36493, 9b1bb9e7-35a8-460d-b103-c20534a62010:192.168.36.83:44031] returns group-BF12A8481C91:java.util.concurrent.CompletableFuture@165fbd26[Not completed]
2019-09-05 10:57:22,464 [grpc-default-executor-2] INFO  impl.RaftServerProxy (RaftServerProxy.java:addNew(89)) - 9b1bb9e7-35a8-460d-b103-c20534a62010: addNew group-BF12A8481C91:[cefd773d-a65b-476c-b903-2f020490a58a:192.168.36.83:45105, 3f95e3dc-0a00-4224-befc-5244f1a3079e:192.168.36.83:36493, 9b1bb9e7-35a8-460d-b103-c20534a62010:192.168.36.83:44031] returns group-BF12A8481C91:java.util.concurrent.CompletableFuture@4fd88d87[Not completed]
2019-09-05 10:57:22,468 [grpc-default-executor-2] INFO  impl.RaftServerProxy (RaftServerProxy.java:addNew(89)) - cefd773d-a65b-476c-b903-2f020490a58a: addNew group-BF12A8481C91:[cefd773d-a65b-476c-b903-2f020490a58a:192.168.36.83:45105, 3f95e3dc-0a00-4224-befc-5244f1a3079e:192.168.36.83:36493, 9b1bb9e7-35a8-460d-b103-c20534a62010:192.168.36.83:44031] returns group-BF12A8481C91:java.util.concurrent.CompletableFuture@405c009[Not completed]
2019-09-05 10:57:22,469 [pool-27-thread-1] INFO  impl.RaftServerImpl (RaftServerImpl.java:<init>(95)) - 3f95e3dc-0a00-4224-befc-5244f1a3079e: new RaftServerImpl for group-BF12A8481C91:[cefd773d-a65b-476c-b903-2f020490a58a:192.168.36.83:45105, 3f95e3dc-0a00-4224-befc-5244f1a3079e:192.168.36.83:36493, 9b1bb9e7-35a8-460d-b103-c20534a62010:192.168.36.83:44031] with ContainerStateMachine:uninitialized
2019-09-05 10:57:22,469 [pool-27-thread-1] INFO  server.RaftServerConfigKeys (ConfUtils.java:logGet(43)) - raft.server.rpc.timeout.min = 5s (custom)
2019-09-05 10:57:22,469 [pool-27-thread-1] INFO  server.RaftServerConfigKeys (ConfUtils.java:logGet(43)) - raft.server.rpc.timeout.max = 5200ms (custom)
2019-09-05 10:57:22,469 [pool-27-thread-1] INFO  server.RaftServerConfigKeys (ConfUtils.java:logGet(43)) - raft.server.rpcslowness.timeout = 120s (custom)
2019-09-05 10:57:22,469 [pool-27-thread-1] INFO  server.RaftServerConfigKeys (ConfUtils.java:logGet(43)) - raft.server.sleep.deviation.threshold = 300 (default)
2019-09-05 10:57:22,470 [pool-27-thread-1] INFO  server.RaftServerConfigKeys (ConfUtils.java:logGet(43)) - raft.server.log.appender.install.snapshot.enabled = false (custom)
2019-09-05 10:57:22,470 [pool-27-thread-1] INFO  impl.RaftServerImpl (ServerState.java:<init>(103)) - 3f95e3dc-0a00-4224-befc-5244f1a3079e@group-BF12A8481C91: ConfigurationManager, init=-1: [cefd773d-a65b-476c-b903-2f020490a58a:192.168.36.83:45105, 3f95e3dc-0a00-4224-befc-5244f1a3079e:192.168.36.83:36493, 9b1bb9e7-35a8-460d-b103-c20534a62010:192.168.36.83:44031], old=null, confs=<EMPTY_MAP>
2019-09-05 10:57:22,470 [pool-27-thread-1] INFO  server.RaftServerConfigKeys (ConfUtils.java:logGet(43)) - raft.server.storage.dir = [/workdir/hadoop-ozone/integration-test/target/test-dir/MiniOzoneClusterImpl-677ba508-865f-4285-99f6-8f2053594021/datanode-0/data/ratis] (custom)
2019-09-05 10:57:22,470 [pool-87-thread-1] INFO  impl.RaftServerImpl (RaftServerImpl.java:<init>(95)) - cefd773d-a65b-476c-b903-2f020490a58a: new RaftServerImpl for group-BF12A8481C91:[cefd773d-a65b-476c-b903-2f020490a58a:192.168.36.83:45105, 3f95e3dc-0a00-4224-befc-5244f1a3079e:192.168.36.83:36493, 9b1bb9e7-35a8-460d-b103-c20534a62010:192.168.36.83:44031] with ContainerStateMachine:uninitialized
2019-09-05 10:57:22,470 [pool-27-thread-1] INFO  storage.RaftStorageDirectory (RaftStorageDirectory.java:analyzeStorage(246)) - The storage directory /workdir/hadoop-ozone/integration-test/target/test-dir/MiniOzoneClusterImpl-677ba508-865f-4285-99f6-8f2053594021/datanode-0/data/ratis/68f2a6b0-23c1-41d4-a9d9-bf12a8481c91 does not exist. Creating ...
2019-09-05 10:57:22,470 [pool-87-thread-1] INFO  server.RaftServerConfigKeys (ConfUtils.java:logGet(43)) - raft.server.rpc.timeout.min = 5s (custom)
2019-09-05 10:57:22,471 [pool-87-thread-1] INFO  server.RaftServerConfigKeys (ConfUtils.java:logGet(43)) - raft.server.rpc.timeout.max = 5200ms (custom)
2019-09-05 10:57:22,471 [pool-87-thread-1] INFO  server.RaftServerConfigKeys (ConfUtils.java:logGet(43)) - raft.server.rpcslowness.timeout = 120s (custom)
2019-09-05 10:57:22,471 [pool-87-thread-1] INFO  server.RaftServerConfigKeys (ConfUtils.java:logGet(43)) - raft.server.sleep.deviation.threshold = 300 (default)
2019-09-05 10:57:22,471 [pool-87-thread-1] INFO  server.RaftServerConfigKeys (ConfUtils.java:logGet(43)) - raft.server.log.appender.install.snapshot.enabled = false (custom)
2019-09-05 10:57:22,471 [pool-37-thread-1] INFO  impl.RaftServerImpl (RaftServerImpl.java:<init>(95)) - 9b1bb9e7-35a8-460d-b103-c20534a62010: new RaftServerImpl for group-BF12A8481C91:[cefd773d-a65b-476c-b903-2f020490a58a:192.168.36.83:45105, 3f95e3dc-0a00-4224-befc-5244f1a3079e:192.168.36.83:36493, 9b1bb9e7-35a8-460d-b103-c20534a62010:192.168.36.83:44031] with ContainerStateMachine:uninitialized
2019-09-05 10:57:22,471 [pool-87-thread-1] INFO  impl.RaftServerImpl (ServerState.java:<init>(103)) - cefd773d-a65b-476c-b903-2f020490a58a@group-BF12A8481C91: ConfigurationManager, init=-1: [cefd773d-a65b-476c-b903-2f020490a58a:192.168.36.83:45105, 3f95e3dc-0a00-4224-befc-5244f1a3079e:192.168.36.83:36493, 9b1bb9e7-35a8-460d-b103-c20534a62010:192.168.36.83:44031], old=null, confs=<EMPTY_MAP>
2019-09-05 10:57:22,472 [pool-37-thread-1] INFO  server.RaftServerConfigKeys (ConfUtils.java:logGet(43)) - raft.server.rpc.timeout.min = 5s (custom)
2019-09-05 10:57:22,472 [pool-87-thread-1] INFO  server.RaftServerConfigKeys (ConfUtils.java:logGet(43)) - raft.server.storage.dir = [/workdir/hadoop-ozone/integration-test/target/test-dir/MiniOzoneClusterImpl-677ba508-865f-4285-99f6-8f2053594021/datanode-6/data/ratis] (custom)
2019-09-05 10:57:22,472 [pool-37-thread-1] INFO  server.RaftServerConfigKeys (ConfUtils.java:logGet(43)) - raft.server.rpc.timeout.max = 5200ms (custom)
2019-09-05 10:57:22,472 [pool-37-thread-1] INFO  server.RaftServerConfigKeys (ConfUtils.java:logGet(43)) - raft.server.rpcslowness.timeout = 120s (custom)
2019-09-05 10:57:22,472 [pool-87-thread-1] INFO  storage.RaftStorageDirectory (RaftStorageDirectory.java:analyzeStorage(246)) - The storage directory /workdir/hadoop-ozone/integration-test/target/test-dir/MiniOzoneClusterImpl-677ba508-865f-4285-99f6-8f2053594021/datanode-6/data/ratis/68f2a6b0-23c1-41d4-a9d9-bf12a8481c91 does not exist. Creating ...
2019-09-05 10:57:22,473 [pool-37-thread-1] INFO  server.RaftServerConfigKeys (ConfUtils.java:logGet(43)) - raft.server.sleep.deviation.threshold = 300 (default)
2019-09-05 10:57:22,473 [pool-37-thread-1] INFO  server.RaftServerConfigKeys (ConfUtils.java:logGet(43)) - raft.server.log.appender.install.snapshot.enabled = false (custom)
2019-09-05 10:57:22,473 [pool-37-thread-1] INFO  impl.RaftServerImpl (ServerState.java:<init>(103)) - 9b1bb9e7-35a8-460d-b103-c20534a62010@group-BF12A8481C91: ConfigurationManager, init=-1: [cefd773d-a65b-476c-b903-2f020490a58a:192.168.36.83:45105, 3f95e3dc-0a00-4224-befc-5244f1a3079e:192.168.36.83:36493, 9b1bb9e7-35a8-460d-b103-c20534a62010:192.168.36.83:44031], old=null, confs=<EMPTY_MAP>
2019-09-05 10:57:22,475 [pool-37-thread-1] INFO  server.RaftServerConfigKeys (ConfUtils.java:logGet(43)) - raft.server.storage.dir = [/workdir/hadoop-ozone/integration-test/target/test-dir/MiniOzoneClusterImpl-677ba508-865f-4285-99f6-8f2053594021/datanode-1/data/ratis] (custom)
2019-09-05 10:57:22,475 [pool-37-thread-1] INFO  storage.RaftStorageDirectory (RaftStorageDirectory.java:analyzeStorage(246)) - The storage directory /workdir/hadoop-ozone/integration-test/target/test-dir/MiniOzoneClusterImpl-677ba508-865f-4285-99f6-8f2053594021/datanode-1/data/ratis/68f2a6b0-23c1-41d4-a9d9-bf12a8481c91 does not exist. Creating ...
2019-09-05 10:57:22,489 [pool-27-thread-1] INFO  storage.RaftStorageDirectory (RaftStorageDirectory.java:tryLock(328)) - Lock on /workdir/hadoop-ozone/integration-test/target/test-dir/MiniOzoneClusterImpl-677ba508-865f-4285-99f6-8f2053594021/datanode-0/data/ratis/68f2a6b0-23c1-41d4-a9d9-bf12a8481c91/in_use.lock acquired by nodename 23600@pr-hdds-1561-gm47z-337254333
2019-09-05 10:57:22,490 [pool-37-thread-1] INFO  storage.RaftStorageDirectory (RaftStorageDirectory.java:tryLock(328)) - Lock on /workdir/hadoop-ozone/integration-test/target/test-dir/MiniOzoneClusterImpl-677ba508-865f-4285-99f6-8f2053594021/datanode-1/data/ratis/68f2a6b0-23c1-41d4-a9d9-bf12a8481c91/in_use.lock acquired by nodename 23600@pr-hdds-1561-gm47z-337254333
2019-09-05 10:57:22,490 [pool-87-thread-1] INFO  storage.RaftStorageDirectory (RaftStorageDirectory.java:tryLock(328)) - Lock on /workdir/hadoop-ozone/integration-test/target/test-dir/MiniOzoneClusterImpl-677ba508-865f-4285-99f6-8f2053594021/datanode-6/data/ratis/68f2a6b0-23c1-41d4-a9d9-bf12a8481c91/in_use.lock acquired by nodename 23600@pr-hdds-1561-gm47z-337254333
2019-09-05 10:57:22,524 [pool-37-thread-1] INFO  storage.RaftStorage (RaftStorage.java:format(72)) - Storage directory /workdir/hadoop-ozone/integration-test/target/test-dir/MiniOzoneClusterImpl-677ba508-865f-4285-99f6-8f2053594021/datanode-1/data/ratis/68f2a6b0-23c1-41d4-a9d9-bf12a8481c91 has been successfully formatted.
2019-09-05 10:57:22,524 [pool-87-thread-1] INFO  storage.RaftStorage (RaftStorage.java:format(72)) - Storage directory /workdir/hadoop-ozone/integration-test/target/test-dir/MiniOzoneClusterImpl-677ba508-865f-4285-99f6-8f2053594021/datanode-6/data/ratis/68f2a6b0-23c1-41d4-a9d9-bf12a8481c91 has been successfully formatted.
2019-09-05 10:57:22,524 [pool-27-thread-1] INFO  storage.RaftStorage (RaftStorage.java:format(72)) - Storage directory /workdir/hadoop-ozone/integration-test/target/test-dir/MiniOzoneClusterImpl-677ba508-865f-4285-99f6-8f2053594021/datanode-0/data/ratis/68f2a6b0-23c1-41d4-a9d9-bf12a8481c91 has been successfully formatted.
2019-09-05 10:57:22,524 [pool-87-thread-1] INFO  ratis.ContainerStateMachine (ContainerStateMachine.java:loadSnapshot(232)) - group-BF12A8481C91: The snapshot info is null. Setting the last applied indexto:(t:0, i:~)
2019-09-05 10:57:22,524 [pool-37-thread-1] INFO  ratis.ContainerStateMachine (ContainerStateMachine.java:loadSnapshot(232)) - group-BF12A8481C91: The snapshot info is null. Setting the last applied indexto:(t:0, i:~)
2019-09-05 10:57:22,524 [pool-87-thread-1] INFO  server.RaftServerConfigKeys (ConfUtils.java:logGet(43)) - raft.server.notification.no-leader.timeout = 120s (custom)
2019-09-05 10:57:22,524 [pool-27-thread-1] INFO  ratis.ContainerStateMachine (ContainerStateMachine.java:loadSnapshot(232)) - group-BF12A8481C91: The snapshot info is null. Setting the last applied indexto:(t:0, i:~)
2019-09-05 10:57:22,525 [pool-87-thread-1] INFO  server.RaftServerConfigKeys (ConfUtils.java:logGet(43)) - raft.server.log.use.memory = false (default)
2019-09-05 10:57:22,525 [pool-37-thread-1] INFO  server.RaftServerConfigKeys (ConfUtils.java:logGet(43)) - raft.server.notification.no-leader.timeout = 120s (custom)
2019-09-05 10:57:22,525 [pool-87-thread-1] INFO  server.RaftServerConfigKeys (ConfUtils.java:logGet(43)) - raft.server.log.purge.gap = 1000000 (custom)
2019-09-05 10:57:22,525 [pool-27-thread-1] INFO  server.RaftServerConfigKeys (ConfUtils.java:logGet(43)) - raft.server.notification.no-leader.timeout = 120s (custom)
2019-09-05 10:57:22,526 [pool-87-thread-1] INFO  server.RaftServerConfigKeys (ConfUtils.java:logGet(43)) - raft.server.log.appender.buffer.byte-limit = 33554432 (custom)
2019-09-05 10:57:22,525 [pool-37-thread-1] INFO  server.RaftServerConfigKeys (ConfUtils.java:logGet(43)) - raft.server.log.use.memory = false (default)
2019-09-05 10:57:22,526 [pool-87-thread-1] INFO  server.RaftServerConfigKeys (ConfUtils.java:logGet(43)) - raft.server.log.segment.size.max = 1048576 (custom)
2019-09-05 10:57:22,526 [pool-27-thread-1] INFO  server.RaftServerConfigKeys (ConfUtils.java:logGet(43)) - raft.server.log.use.memory = false (default)
2019-09-05 10:57:22,526 [pool-87-thread-1] INFO  server.RaftServerConfigKeys (ConfUtils.java:logGet(43)) - raft.server.log.segment.cache.num.max = 2 (custom)
2019-09-05 10:57:22,526 [pool-37-thread-1] INFO  server.RaftServerConfigKeys (ConfUtils.java:logGet(43)) - raft.server.log.purge.gap = 1000000 (custom)
2019-09-05 10:57:22,527 [pool-87-thread-1] INFO  segmented.SegmentedRaftLogWorker (SegmentedRaftLogWorker.java:<init>(172)) - new cefd773d-a65b-476c-b903-2f020490a58a@group-BF12A8481C91-SegmentedRaftLogWorker for RaftStorage:Storage Directory /workdir/hadoop-ozone/integration-test/target/test-dir/MiniOzoneClusterImpl-677ba508-865f-4285-99f6-8f2053594021/datanode-6/data/ratis/68f2a6b0-23c1-41d4-a9d9-bf12a8481c91
2019-09-05 10:57:22,527 [pool-27-thread-1] INFO  server.RaftServerConfigKeys (ConfUtils.java:logGet(43)) - raft.server.log.purge.gap = 1000000 (custom)
2019-09-05 10:57:22,527 [pool-87-thread-1] INFO  server.RaftServerConfigKeys (ConfUtils.java:logGet(43)) - raft.server.log.queue.byte-limit = 2147483647 (custom)
2019-09-05 10:57:22,527 [pool-37-thread-1] INFO  server.RaftServerConfigKeys (ConfUtils.java:logGet(43)) - raft.server.log.appender.buffer.byte-limit = 33554432 (custom)
2019-09-05 10:57:22,527 [pool-87-thread-1] INFO  server.RaftServerConfigKeys (ConfUtils.java:logGet(43)) - raft.server.log.queue.element-limit = 1024 (custom)
2019-09-05 10:57:22,527 [pool-27-thread-1] INFO  server.RaftServerConfigKeys (ConfUtils.java:logGet(43)) - raft.server.log.appender.buffer.byte-limit = 33554432 (custom)
2019-09-05 10:57:22,528 [pool-87-thread-1] INFO  server.RaftServerConfigKeys (ConfUtils.java:logGet(43)) - raft.server.log.segment.size.max = 1048576 (custom)
2019-09-05 10:57:22,528 [pool-37-thread-1] INFO  server.RaftServerConfigKeys (ConfUtils.java:logGet(43)) - raft.server.log.segment.size.max = 1048576 (custom)
2019-09-05 10:57:22,528 [pool-87-thread-1] INFO  server.RaftServerConfigKeys (ConfUtils.java:logGet(43)) - raft.server.log.preallocated.size = 16384 (custom)
2019-09-05 10:57:22,528 [pool-27-thread-1] INFO  server.RaftServerConfigKeys (ConfUtils.java:logGet(43)) - raft.server.log.segment.size.max = 1048576 (custom)
2019-09-05 10:57:22,529 [pool-87-thread-1] INFO  server.RaftServerConfigKeys (ConfUtils.java:logGet(43)) - raft.server.log.write.buffer.size = 33554432 (custom)
2019-09-05 10:57:22,528 [pool-37-thread-1] INFO  server.RaftServerConfigKeys (ConfUtils.java:logGet(43)) - raft.server.log.segment.cache.num.max = 2 (custom)
2019-09-05 10:57:22,529 [pool-87-thread-1] INFO  server.RaftServerConfigKeys (ConfUtils.java:logGet(43)) - raft.server.log.force.sync.num = 128 (default)
2019-09-05 10:57:22,529 [pool-27-thread-1] INFO  server.RaftServerConfigKeys (ConfUtils.java:logGet(43)) - raft.server.log.segment.cache.num.max = 2 (custom)
2019-09-05 10:57:22,529 [pool-87-thread-1] INFO  server.RaftServerConfigKeys (ConfUtils.java:logGet(43)) - raft.server.log.statemachine.data.sync = true (default)
2019-09-05 10:57:22,529 [pool-37-thread-1] INFO  segmented.SegmentedRaftLogWorker (SegmentedRaftLogWorker.java:<init>(172)) - new 9b1bb9e7-35a8-460d-b103-c20534a62010@group-BF12A8481C91-SegmentedRaftLogWorker for RaftStorage:Storage Directory /workdir/hadoop-ozone/integration-test/target/test-dir/MiniOzoneClusterImpl-677ba508-865f-4285-99f6-8f2053594021/datanode-1/data/ratis/68f2a6b0-23c1-41d4-a9d9-bf12a8481c91
2019-09-05 10:57:22,530 [pool-87-thread-1] INFO  server.RaftServerConfigKeys (ConfUtils.java:logGet(43)) - raft.server.log.statemachine.data.sync.timeout = 10s (default)
2019-09-05 10:57:22,530 [pool-27-thread-1] INFO  segmented.SegmentedRaftLogWorker (SegmentedRaftLogWorker.java:<init>(172)) - new 3f95e3dc-0a00-4224-befc-5244f1a3079e@group-BF12A8481C91-SegmentedRaftLogWorker for RaftStorage:Storage Directory /workdir/hadoop-ozone/integration-test/target/test-dir/MiniOzoneClusterImpl-677ba508-865f-4285-99f6-8f2053594021/datanode-0/data/ratis/68f2a6b0-23c1-41d4-a9d9-bf12a8481c91
2019-09-05 10:57:22,530 [pool-87-thread-1] INFO  server.RaftServerConfigKeys (ConfUtils.java:logGet(43)) - raft.server.log.statemachine.data.sync.timeout.retry = -1 (default)
2019-09-05 10:57:22,530 [pool-37-thread-1] INFO  server.RaftServerConfigKeys (ConfUtils.java:logGet(43)) - raft.server.log.queue.byte-limit = 2147483647 (custom)
2019-09-05 10:57:22,531 [pool-87-thread-1] INFO  server.RaftServerConfigKeys (ConfUtils.java:logGet(43)) - raft.server.log.statemachine.data.caching.enabled = true (custom)
2019-09-05 10:57:22,531 [pool-27-thread-1] INFO  server.RaftServerConfigKeys (ConfUtils.java:logGet(43)) - raft.server.log.queue.byte-limit = 2147483647 (custom)
2019-09-05 10:57:22,531 [pool-37-thread-1] INFO  server.RaftServerConfigKeys (ConfUtils.java:logGet(43)) - raft.server.log.queue.element-limit = 1024 (custom)
2019-09-05 10:57:22,531 [pool-87-thread-1] INFO  segmented.SegmentedRaftLogWorker (SegmentedRaftLogWorker.java:lambda$new$0(132)) - cefd773d-a65b-476c-b903-2f020490a58a@group-BF12A8481C91-SegmentedRaftLogWorker: flushIndex: setUnconditionally 0 -> -1
2019-09-05 10:57:22,531 [pool-27-thread-1] INFO  server.RaftServerConfigKeys (ConfUtils.java:logGet(43)) - raft.server.log.queue.element-limit = 1024 (custom)
2019-09-05 10:57:22,531 [pool-37-thread-1] INFO  server.RaftServerConfigKeys (ConfUtils.java:logGet(43)) - raft.server.log.segment.size.max = 1048576 (custom)
2019-09-05 10:57:22,532 [pool-27-thread-1] INFO  server.RaftServerConfigKeys (ConfUtils.java:logGet(43)) - raft.server.log.segment.size.max = 1048576 (custom)
2019-09-05 10:57:22,532 [pool-87-thread-1] INFO  server.RaftServerConfigKeys (ConfUtils.java:logGet(43)) - raft.server.snapshot.auto.trigger.enabled = true (custom)
2019-09-05 10:57:22,532 [pool-27-thread-1] INFO  server.RaftServerConfigKeys (ConfUtils.java:logGet(43)) - raft.server.log.preallocated.size = 16384 (custom)
2019-09-05 10:57:22,532 [pool-37-thread-1] INFO  server.RaftServerConfigKeys (ConfUtils.java:logGet(43)) - raft.server.log.preallocated.size = 16384 (custom)
2019-09-05 10:57:22,533 [pool-27-thread-1] INFO  server.RaftServerConfigKeys (ConfUtils.java:logGet(43)) - raft.server.log.write.buffer.size = 33554432 (custom)
2019-09-05 10:57:22,532 [pool-87-thread-1] INFO  server.RaftServerConfigKeys (ConfUtils.java:logGet(43)) - raft.server.snapshot.auto.trigger.threshold = 10000 (custom)
2019-09-05 10:57:22,533 [pool-27-thread-1] INFO  server.RaftServerConfigKeys (ConfUtils.java:logGet(43)) - raft.server.log.force.sync.num = 128 (default)
2019-09-05 10:57:22,533 [pool-37-thread-1] INFO  server.RaftServerConfigKeys (ConfUtils.java:logGet(43)) - raft.server.log.write.buffer.size = 33554432 (custom)
2019-09-05 10:57:22,533 [pool-27-thread-1] INFO  server.RaftServerConfigKeys (ConfUtils.java:logGet(43)) - raft.server.log.statemachine.data.sync = true (default)
2019-09-05 10:57:22,533 [pool-87-thread-1] INFO  server.RaftServerConfigKeys (ConfUtils.java:logGet(43)) - raft.server.snapshot.retention.num.files = -1 (default)
2019-09-05 10:57:22,534 [pool-27-thread-1] INFO  server.RaftServerConfigKeys (ConfUtils.java:logGet(43)) - raft.server.log.statemachine.data.sync.timeout = 10s (default)
2019-09-05 10:57:22,534 [pool-87-thread-1] INFO  server.RaftServerConfigKeys (ConfUtils.java:logGet(43)) - raft.server.retrycache.expirytime = 600000ms (custom)
2019-09-05 10:57:22,533 [pool-37-thread-1] INFO  server.RaftServerConfigKeys (ConfUtils.java:logGet(43)) - raft.server.log.force.sync.num = 128 (default)
2019-09-05 10:57:22,534 [pool-27-thread-1] INFO  server.RaftServerConfigKeys (ConfUtils.java:logGet(43)) - raft.server.log.statemachine.data.sync.timeout.retry = -1 (default)
2019-09-05 10:57:22,534 [pool-37-thread-1] INFO  server.RaftServerConfigKeys (ConfUtils.java:logGet(43)) - raft.server.log.statemachine.data.sync = true (default)
2019-09-05 10:57:22,535 [pool-27-thread-1] INFO  server.RaftServerConfigKeys (ConfUtils.java:logGet(43)) - raft.server.log.statemachine.data.caching.enabled = true (custom)
2019-09-05 10:57:22,535 [pool-37-thread-1] INFO  server.RaftServerConfigKeys (ConfUtils.java:logGet(43)) - raft.server.log.statemachine.data.sync.timeout = 10s (default)
2019-09-05 10:57:22,535 [pool-27-thread-1] INFO  segmented.SegmentedRaftLogWorker (SegmentedRaftLogWorker.java:lambda$new$0(132)) - 3f95e3dc-0a00-4224-befc-5244f1a3079e@group-BF12A8481C91-SegmentedRaftLogWorker: flushIndex: setUnconditionally 0 -> -1
2019-09-05 10:57:22,535 [pool-37-thread-1] INFO  server.RaftServerConfigKeys (ConfUtils.java:logGet(43)) - raft.server.log.statemachine.data.sync.timeout.retry = -1 (default)
2019-09-05 10:57:22,536 [pool-37-thread-1] INFO  server.RaftServerConfigKeys (ConfUtils.java:logGet(43)) - raft.server.log.statemachine.data.caching.enabled = true (custom)
2019-09-05 10:57:22,536 [pool-27-thread-1] INFO  server.RaftServerConfigKeys (ConfUtils.java:logGet(43)) - raft.server.snapshot.auto.trigger.enabled = true (custom)
2019-09-05 10:57:22,536 [pool-27-thread-1] INFO  server.RaftServerConfigKeys (ConfUtils.java:logGet(43)) - raft.server.snapshot.auto.trigger.threshold = 10000 (custom)
2019-09-05 10:57:22,536 [pool-37-thread-1] INFO  segmented.SegmentedRaftLogWorker (SegmentedRaftLogWorker.java:lambda$new$0(132)) - 9b1bb9e7-35a8-460d-b103-c20534a62010@group-BF12A8481C91-SegmentedRaftLogWorker: flushIndex: setUnconditionally 0 -> -1
2019-09-05 10:57:22,536 [pool-27-thread-1] INFO  server.RaftServerConfigKeys (ConfUtils.java:logGet(43)) - raft.server.snapshot.retention.num.files = -1 (default)
2019-09-05 10:57:22,537 [pool-37-thread-1] INFO  server.RaftServerConfigKeys (ConfUtils.java:logGet(43)) - raft.server.snapshot.auto.trigger.enabled = true (custom)
2019-09-05 10:57:22,537 [pool-27-thread-1] INFO  server.RaftServerConfigKeys (ConfUtils.java:logGet(43)) - raft.server.retrycache.expirytime = 600000ms (custom)
2019-09-05 10:57:22,537 [pool-37-thread-1] INFO  server.RaftServerConfigKeys (ConfUtils.java:logGet(43)) - raft.server.snapshot.auto.trigger.threshold = 10000 (custom)
2019-09-05 10:57:22,537 [pool-37-thread-1] INFO  server.RaftServerConfigKeys (ConfUtils.java:logGet(43)) - raft.server.snapshot.retention.num.files = -1 (default)
2019-09-05 10:57:22,537 [pool-37-thread-1] INFO  server.RaftServerConfigKeys (ConfUtils.java:logGet(43)) - raft.server.retrycache.expirytime = 600000ms (custom)
2019-09-05 10:57:22,538 [pool-87-thread-1] INFO  impl.RaftServerImpl (RaftServerImpl.java:start(185)) - cefd773d-a65b-476c-b903-2f020490a58a@group-BF12A8481C91: start as a follower, conf=-1: [cefd773d-a65b-476c-b903-2f020490a58a:192.168.36.83:45105, 3f95e3dc-0a00-4224-befc-5244f1a3079e:192.168.36.83:36493, 9b1bb9e7-35a8-460d-b103-c20534a62010:192.168.36.83:44031], old=null
2019-09-05 10:57:22,538 [pool-87-thread-1] INFO  impl.RaftServerImpl (RaftServerImpl.java:setRole(174)) - cefd773d-a65b-476c-b903-2f020490a58a@group-BF12A8481C91: changes role from      null to FOLLOWER at term 0 for startAsFollower
2019-09-05 10:57:22,539 [pool-87-thread-1] INFO  impl.RoleInfo (RoleInfo.java:updateAndGet(143)) - cefd773d-a65b-476c-b903-2f020490a58a: start FollowerState
2019-09-05 10:57:22,539 [pool-87-thread-1] INFO  util.JmxRegister (JmxRegister.java:tryRegister(44)) - Successfully registered JMX Bean with object name Ratis:service=RaftServer,group=group-BF12A8481C91,id=cefd773d-a65b-476c-b903-2f020490a58a
2019-09-05 10:57:22,541 [pool-27-thread-1] INFO  impl.RaftServerImpl (RaftServerImpl.java:start(185)) - 3f95e3dc-0a00-4224-befc-5244f1a3079e@group-BF12A8481C91: start as a follower, conf=-1: [cefd773d-a65b-476c-b903-2f020490a58a:192.168.36.83:45105, 3f95e3dc-0a00-4224-befc-5244f1a3079e:192.168.36.83:36493, 9b1bb9e7-35a8-460d-b103-c20534a62010:192.168.36.83:44031], old=null
2019-09-05 10:57:22,544 [pool-27-thread-1] INFO  impl.RaftServerImpl (RaftServerImpl.java:setRole(174)) - 3f95e3dc-0a00-4224-befc-5244f1a3079e@group-BF12A8481C91: changes role from      null to FOLLOWER at term 0 for startAsFollower
2019-09-05 10:57:22,544 [pool-27-thread-1] INFO  impl.RoleInfo (RoleInfo.java:updateAndGet(143)) - 3f95e3dc-0a00-4224-befc-5244f1a3079e: start FollowerState
2019-09-05 10:57:22,544 [pool-37-thread-1] INFO  impl.RaftServerImpl (RaftServerImpl.java:start(185)) - 9b1bb9e7-35a8-460d-b103-c20534a62010@group-BF12A8481C91: start as a follower, conf=-1: [cefd773d-a65b-476c-b903-2f020490a58a:192.168.36.83:45105, 3f95e3dc-0a00-4224-befc-5244f1a3079e:192.168.36.83:36493, 9b1bb9e7-35a8-460d-b103-c20534a62010:192.168.36.83:44031], old=null
2019-09-05 10:57:22,544 [pool-37-thread-1] INFO  impl.RaftServerImpl (RaftServerImpl.java:setRole(174)) - 9b1bb9e7-35a8-460d-b103-c20534a62010@group-BF12A8481C91: changes role from      null to FOLLOWER at term 0 for startAsFollower
2019-09-05 10:57:22,544 [pool-27-thread-1] INFO  util.JmxRegister (JmxRegister.java:tryRegister(44)) - Successfully registered JMX Bean with object name Ratis:service=RaftServer,group=group-BF12A8481C91,id=3f95e3dc-0a00-4224-befc-5244f1a3079e
2019-09-05 10:57:22,544 [pool-37-thread-1] INFO  impl.RoleInfo (RoleInfo.java:updateAndGet(143)) - 9b1bb9e7-35a8-460d-b103-c20534a62010: start FollowerState
2019-09-05 10:57:22,545 [pool-37-thread-1] INFO  util.JmxRegister (JmxRegister.java:tryRegister(44)) - Successfully registered JMX Bean with object name Ratis:service=RaftServer,group=group-BF12A8481C91,id=9b1bb9e7-35a8-460d-b103-c20534a62010
2019-09-05 10:57:22,568 [RatisPipelineUtilsThread] INFO  pipeline.PipelineStateManager (PipelineStateManager.java:addPipeline(56)) - Created pipeline Pipeline[ Id: 68f2a6b0-23c1-41d4-a9d9-bf12a8481c91, Nodes: 3f95e3dc-0a00-4224-befc-5244f1a3079e{ip: 192.168.36.83, host: pr-hdds-1561-gm47z-337254333, networkLocation: /default-rack, certSerialId: null}9b1bb9e7-35a8-460d-b103-c20534a62010{ip: 192.168.36.83, host: pr-hdds-1561-gm47z-337254333, networkLocation: /default-rack, certSerialId: null}cefd773d-a65b-476c-b903-2f020490a58a{ip: 192.168.36.83, host: pr-hdds-1561-gm47z-337254333, networkLocation: /default-rack, certSerialId: null}, Type:RATIS, Factor:THREE, State:OPEN]
2019-09-05 10:57:22,575 [IPC Server handler 0 on 46060] WARN  block.BlockManagerImpl (BlockManagerImpl.java:allocateBlock(192)) - Pipeline creation failed for type:RATIS factor:THREE. Retrying get pipelines call once.
org.apache.hadoop.hdds.scm.pipeline.InsufficientDatanodesException: Cannot create pipeline of factor 3 using 1 nodes.
	at org.apache.hadoop.hdds.scm.pipeline.RatisPipelineProvider.create(RatisPipelineProvider.java:151)
	at org.apache.hadoop.hdds.scm.pipeline.PipelineFactory.create(PipelineFactory.java:57)
	at org.apache.hadoop.hdds.scm.pipeline.SCMPipelineManager.createPipeline(SCMPipelineManager.java:149)
	at org.apache.hadoop.hdds.scm.block.BlockManagerImpl.allocateBlock(BlockManagerImpl.java:190)
	at org.apache.hadoop.hdds.scm.server.SCMBlockProtocolServer.allocateBlock(SCMBlockProtocolServer.java:182)
	at org.apache.hadoop.ozone.protocolPB.ScmBlockLocationProtocolServerSideTranslatorPB.allocateScmBlock(ScmBlockLocationProtocolServerSideTranslatorPB.java:183)
	at org.apache.hadoop.ozone.protocolPB.ScmBlockLocationProtocolServerSideTranslatorPB.processMessage(ScmBlockLocationProtocolServerSideTranslatorPB.java:141)
	at org.apache.hadoop.ozone.protocolPB.ScmBlockLocationProtocolServerSideTranslatorPB.send(ScmBlockLocationProtocolServerSideTranslatorPB.java:116)
	at org.apache.hadoop.hdds.protocol.proto.ScmBlockLocationProtocolProtos$ScmBlockLocationProtocolService$2.callBlockingMethod(ScmBlockLocationProtocolProtos.java:13157)
	at org.apache.hadoop.ipc.ProtobufRpcEngine$Server$ProtoBufRpcInvoker.call(ProtobufRpcEngine.java:524)
	at org.apache.hadoop.ipc.RPC$Server.call(RPC.java:1025)
	at org.apache.hadoop.ipc.Server$RpcCall.run(Server.java:876)
	at org.apache.hadoop.ipc.Server$RpcCall.run(Server.java:822)
	at java.security.AccessController.doPrivileged(Native Method)
	at javax.security.auth.Subject.doAs(Subject.java:422)
	at org.apache.hadoop.security.UserGroupInformation.doAs(UserGroupInformation.java:1730)
	at org.apache.hadoop.ipc.Server$Handler.run(Server.java:2682)
2019-09-05 10:57:23,395 [grpc-default-executor-2] INFO  client.GrpcClientProtocolClient (GrpcClientProtocolClient.java:onNext(264)) - client-D5CF13D806DD->3f95e3dc-0a00-4224-befc-5244f1a3079e: receive RaftClientReply:client-D5CF13D806DD->3f95e3dc-0a00-4224-befc-5244f1a3079e@group-BF12A8481C91, cid=13, FAILED org.apache.ratis.protocol.NotLeaderException: Server 3f95e3dc-0a00-4224-befc-5244f1a3079e@group-BF12A8481C91 is not the leader, logIndex=0, commits[3f95e3dc-0a00-4224-befc-5244f1a3079e:c-1]
2019-09-05 10:57:23,401 [Thread-238] INFO  container.ReplicationManager (ReplicationManager.java:start(162)) - Starting Replication Monitor Thread.
2019-09-05 10:57:23,416 [ReplicationMonitor] INFO  container.ReplicationManager (ReplicationManager.java:run(225)) - Replication Monitor Thread took 14 milliseconds for processing 1 containers.
2019-09-05 10:57:24,441 [grpc-default-executor-2] INFO  client.GrpcClientProtocolClient (GrpcClientProtocolClient.java:onNext(264)) - client-D5CF13D806DD->cefd773d-a65b-476c-b903-2f020490a58a: receive RaftClientReply:client-D5CF13D806DD->cefd773d-a65b-476c-b903-2f020490a58a@group-BF12A8481C91, cid=13, FAILED org.apache.ratis.protocol.NotLeaderException: Server cefd773d-a65b-476c-b903-2f020490a58a@group-BF12A8481C91 is not the leader, logIndex=0, commits[cefd773d-a65b-476c-b903-2f020490a58a:c-1]
2019-09-05 10:57:25,475 [grpc-default-executor-2] INFO  client.GrpcClientProtocolClient (GrpcClientProtocolClient.java:onNext(264)) - client-D5CF13D806DD->3f95e3dc-0a00-4224-befc-5244f1a3079e: receive RaftClientReply:client-D5CF13D806DD->3f95e3dc-0a00-4224-befc-5244f1a3079e@group-BF12A8481C91, cid=13, FAILED org.apache.ratis.protocol.NotLeaderException: Server 3f95e3dc-0a00-4224-befc-5244f1a3079e@group-BF12A8481C91 is not the leader, logIndex=0, commits[3f95e3dc-0a00-4224-befc-5244f1a3079e:c-1]
2019-09-05 10:57:25,872 [Thread-242] INFO  impl.FollowerState (FollowerState.java:run(106)) - 3f95e3dc-0a00-4224-befc-5244f1a3079e:group-C175EF273E87 changes to CANDIDATE, lastRpcTime:5025, electionTimeout:5024ms
2019-09-05 10:57:25,880 [Thread-242] INFO  impl.RoleInfo (RoleInfo.java:shutdownFollowerState(121)) - 3f95e3dc-0a00-4224-befc-5244f1a3079e: shutdown FollowerState
2019-09-05 10:57:25,880 [Thread-242] INFO  impl.RaftServerImpl (RaftServerImpl.java:setRole(174)) - 3f95e3dc-0a00-4224-befc-5244f1a3079e@group-C175EF273E87: changes role from  FOLLOWER to CANDIDATE at term 0 for changeToCandidate
2019-09-05 10:57:25,890 [Thread-242] INFO  impl.RoleInfo (RoleInfo.java:updateAndGet(143)) - 3f95e3dc-0a00-4224-befc-5244f1a3079e: start LeaderElection
2019-09-05 10:57:25,933 [3f95e3dc-0a00-4224-befc-5244f1a3079e@group-C175EF273E87:LeaderElection1] INFO  impl.LeaderElection (LeaderElection.java:askForVotes(182)) - 3f95e3dc-0a00-4224-befc-5244f1a3079e@group-C175EF273E87:LeaderElection1: begin an election at term 1 for -1: [3f95e3dc-0a00-4224-befc-5244f1a3079e:192.168.36.83:36493], old=null
2019-09-05 10:57:25,935 [3f95e3dc-0a00-4224-befc-5244f1a3079e@group-C175EF273E87:LeaderElection1] INFO  impl.RoleInfo (RoleInfo.java:shutdownLeaderElection(134)) - 3f95e3dc-0a00-4224-befc-5244f1a3079e: shutdown LeaderElection
2019-09-05 10:57:25,936 [3f95e3dc-0a00-4224-befc-5244f1a3079e@group-C175EF273E87:LeaderElection1] INFO  impl.RaftServerImpl (RaftServerImpl.java:setRole(174)) - 3f95e3dc-0a00-4224-befc-5244f1a3079e@group-C175EF273E87: changes role from CANDIDATE to LEADER at term 1 for changeToLeader
2019-09-05 10:57:25,936 [3f95e3dc-0a00-4224-befc-5244f1a3079e@group-C175EF273E87:LeaderElection1] INFO  impl.RaftServerImpl (ServerState.java:setLeader(253)) - 3f95e3dc-0a00-4224-befc-5244f1a3079e@group-C175EF273E87: change Leader from null to 3f95e3dc-0a00-4224-befc-5244f1a3079e at term 1 for becomeLeader, leader elected after 5226ms
2019-09-05 10:57:25,946 [3f95e3dc-0a00-4224-befc-5244f1a3079e@group-C175EF273E87:LeaderElection1] INFO  server.RaftServerConfigKeys (ConfUtils.java:logGet(43)) - raft.server.staging.catchup.gap = 1000 (default)
2019-09-05 10:57:25,946 [3f95e3dc-0a00-4224-befc-5244f1a3079e@group-C175EF273E87:LeaderElection1] INFO  server.RaftServerConfigKeys (ConfUtils.java:logGet(43)) - raft.server.rpc.sleep.time = 25ms (default)
2019-09-05 10:57:25,949 [3f95e3dc-0a00-4224-befc-5244f1a3079e@group-C175EF273E87:LeaderElection1] INFO  server.RaftServerConfigKeys (ConfUtils.java:logGet(43)) - raft.server.write.element-limit = 4096 (default)
2019-09-05 10:57:25,952 [3f95e3dc-0a00-4224-befc-5244f1a3079e@group-C175EF273E87:LeaderElection1] INFO  server.RaftServerConfigKeys (ConfUtils.java:logGet(43)) - raft.server.watch.timeout = 10s (default)
2019-09-05 10:57:25,953 [3f95e3dc-0a00-4224-befc-5244f1a3079e@group-C175EF273E87:LeaderElection1] INFO  server.RaftServerConfigKeys (ConfUtils.java:logGet(43)) - raft.server.watch.timeout.denomination = 1s (default)
2019-09-05 10:57:25,954 [3f95e3dc-0a00-4224-befc-5244f1a3079e@group-C175EF273E87:LeaderElection1] INFO  server.RaftServerConfigKeys (ConfUtils.java:logGet(43)) - raft.server.watch.element-limit = 65536 (default)
2019-09-05 10:57:25,967 [3f95e3dc-0a00-4224-befc-5244f1a3079e@group-C175EF273E87:LeaderElection1] INFO  impl.RoleInfo (RoleInfo.java:updateAndGet(143)) - 3f95e3dc-0a00-4224-befc-5244f1a3079e: start LeaderState
2019-09-05 10:57:25,992 [3f95e3dc-0a00-4224-befc-5244f1a3079e@group-C175EF273E87:LeaderElection1] INFO  segmented.SegmentedRaftLogWorker (SegmentedRaftLogWorker.java:startLogSegment(380)) - 3f95e3dc-0a00-4224-befc-5244f1a3079e@group-C175EF273E87-SegmentedRaftLogWorker: Starting segment from index:0
2019-09-05 10:57:26,003 [3f95e3dc-0a00-4224-befc-5244f1a3079e@group-C175EF273E87:LeaderElection1] INFO  impl.RaftServerImpl (ServerState.java:setRaftConf(354)) - 3f95e3dc-0a00-4224-befc-5244f1a3079e@group-C175EF273E87: set configuration 0: [3f95e3dc-0a00-4224-befc-5244f1a3079e:192.168.36.83:36493], old=null at 0
2019-09-05 10:57:26,224 [3f95e3dc-0a00-4224-befc-5244f1a3079e@group-C175EF273E87-SegmentedRaftLogWorker] INFO  segmented.SegmentedRaftLogWorker (SegmentedRaftLogWorker.java:execute(569)) - 3f95e3dc-0a00-4224-befc-5244f1a3079e@group-C175EF273E87-SegmentedRaftLogWorker: created new log segment /workdir/hadoop-ozone/integration-test/target/test-dir/MiniOzoneClusterImpl-677ba508-865f-4285-99f6-8f2053594021/datanode-0/data/ratis/34ba1fa3-f4e4-401a-b88e-c175ef273e87/current/log_inprogress_0
2019-09-05 10:57:26,507 [grpc-default-executor-0] INFO  client.GrpcClientProtocolClient (GrpcClientProtocolClient.java:onNext(264)) - client-D5CF13D806DD->9b1bb9e7-35a8-460d-b103-c20534a62010: receive RaftClientReply:client-D5CF13D806DD->9b1bb9e7-35a8-460d-b103-c20534a62010@group-BF12A8481C91, cid=13, FAILED org.apache.ratis.protocol.NotLeaderException: Server 9b1bb9e7-35a8-460d-b103-c20534a62010@group-BF12A8481C91 is not the leader, logIndex=0, commits[9b1bb9e7-35a8-460d-b103-c20534a62010:c-1]
2019-09-05 10:57:26,559 [Thread-246] INFO  impl.FollowerState (FollowerState.java:run(106)) - 5d8d3527-2a3e-4bcd-b079-5fbdf7aae7f6:group-B3AEEA22DC97 changes to CANDIDATE, lastRpcTime:5074, electionTimeout:5072ms
2019-09-05 10:57:26,562 [Thread-246] INFO  impl.RoleInfo (RoleInfo.java:shutdownFollowerState(121)) - 5d8d3527-2a3e-4bcd-b079-5fbdf7aae7f6: shutdown FollowerState
2019-09-05 10:57:26,563 [Thread-246] INFO  impl.RaftServerImpl (RaftServerImpl.java:setRole(174)) - 5d8d3527-2a3e-4bcd-b079-5fbdf7aae7f6@group-B3AEEA22DC97: changes role from  FOLLOWER to CANDIDATE at term 0 for changeToCandidate
2019-09-05 10:57:26,563 [Thread-246] INFO  impl.RoleInfo (RoleInfo.java:updateAndGet(143)) - 5d8d3527-2a3e-4bcd-b079-5fbdf7aae7f6: start LeaderElection
2019-09-05 10:57:26,592 [5d8d3527-2a3e-4bcd-b079-5fbdf7aae7f6@group-B3AEEA22DC97:LeaderElection2] INFO  impl.LeaderElection (LeaderElection.java:askForVotes(182)) - 5d8d3527-2a3e-4bcd-b079-5fbdf7aae7f6@group-B3AEEA22DC97:LeaderElection2: begin an election at term 1 for -1: [5d8d3527-2a3e-4bcd-b079-5fbdf7aae7f6:192.168.36.83:34246], old=null
2019-09-05 10:57:26,601 [5d8d3527-2a3e-4bcd-b079-5fbdf7aae7f6@group-B3AEEA22DC97:LeaderElection2] INFO  impl.RoleInfo (RoleInfo.java:shutdownLeaderElection(134)) - 5d8d3527-2a3e-4bcd-b079-5fbdf7aae7f6: shutdown LeaderElection
2019-09-05 10:57:26,601 [5d8d3527-2a3e-4bcd-b079-5fbdf7aae7f6@group-B3AEEA22DC97:LeaderElection2] INFO  impl.RaftServerImpl (RaftServerImpl.java:setRole(174)) - 5d8d3527-2a3e-4bcd-b079-5fbdf7aae7f6@group-B3AEEA22DC97: changes role from CANDIDATE to LEADER at term 1 for changeToLeader
2019-09-05 10:57:26,601 [5d8d3527-2a3e-4bcd-b079-5fbdf7aae7f6@group-B3AEEA22DC97:LeaderElection2] INFO  impl.RaftServerImpl (ServerState.java:setLeader(253)) - 5d8d3527-2a3e-4bcd-b079-5fbdf7aae7f6@group-B3AEEA22DC97: change Leader from null to 5d8d3527-2a3e-4bcd-b079-5fbdf7aae7f6 at term 1 for becomeLeader, leader elected after 5138ms
2019-09-05 10:57:26,603 [5d8d3527-2a3e-4bcd-b079-5fbdf7aae7f6@group-B3AEEA22DC97:LeaderElection2] INFO  server.RaftServerConfigKeys (ConfUtils.java:logGet(43)) - raft.server.staging.catchup.gap = 1000 (default)
2019-09-05 10:57:26,604 [5d8d3527-2a3e-4bcd-b079-5fbdf7aae7f6@group-B3AEEA22DC97:LeaderElection2] INFO  server.RaftServerConfigKeys (ConfUtils.java:logGet(43)) - raft.server.rpc.sleep.time = 25ms (default)
2019-09-05 10:57:26,604 [5d8d3527-2a3e-4bcd-b079-5fbdf7aae7f6@group-B3AEEA22DC97:LeaderElection2] INFO  server.RaftServerConfigKeys (ConfUtils.java:logGet(43)) - raft.server.write.element-limit = 4096 (default)
2019-09-05 10:57:26,604 [5d8d3527-2a3e-4bcd-b079-5fbdf7aae7f6@group-B3AEEA22DC97:LeaderElection2] INFO  server.RaftServerConfigKeys (ConfUtils.java:logGet(43)) - raft.server.watch.timeout = 10s (default)
2019-09-05 10:57:26,604 [5d8d3527-2a3e-4bcd-b079-5fbdf7aae7f6@group-B3AEEA22DC97:LeaderElection2] INFO  server.RaftServerConfigKeys (ConfUtils.java:logGet(43)) - raft.server.watch.timeout.denomination = 1s (default)
2019-09-05 10:57:26,604 [5d8d3527-2a3e-4bcd-b079-5fbdf7aae7f6@group-B3AEEA22DC97:LeaderElection2] INFO  server.RaftServerConfigKeys (ConfUtils.java:logGet(43)) - raft.server.watch.element-limit = 65536 (default)
2019-09-05 10:57:26,609 [5d8d3527-2a3e-4bcd-b079-5fbdf7aae7f6@group-B3AEEA22DC97:LeaderElection2] INFO  impl.RoleInfo (RoleInfo.java:updateAndGet(143)) - 5d8d3527-2a3e-4bcd-b079-5fbdf7aae7f6: start LeaderState
2019-09-05 10:57:26,609 [5d8d3527-2a3e-4bcd-b079-5fbdf7aae7f6@group-B3AEEA22DC97:LeaderElection2] INFO  segmented.SegmentedRaftLogWorker (SegmentedRaftLogWorker.java:startLogSegment(380)) - 5d8d3527-2a3e-4bcd-b079-5fbdf7aae7f6@group-B3AEEA22DC97-SegmentedRaftLogWorker: Starting segment from index:0
2019-09-05 10:57:26,610 [5d8d3527-2a3e-4bcd-b079-5fbdf7aae7f6@group-B3AEEA22DC97:LeaderElection2] INFO  impl.RaftServerImpl (ServerState.java:setRaftConf(354)) - 5d8d3527-2a3e-4bcd-b079-5fbdf7aae7f6@group-B3AEEA22DC97: set configuration 0: [5d8d3527-2a3e-4bcd-b079-5fbdf7aae7f6:192.168.36.83:34246], old=null at 0
2019-09-05 10:57:26,675 [5d8d3527-2a3e-4bcd-b079-5fbdf7aae7f6@group-B3AEEA22DC97-SegmentedRaftLogWorker] INFO  segmented.SegmentedRaftLogWorker (SegmentedRaftLogWorker.java:execute(569)) - 5d8d3527-2a3e-4bcd-b079-5fbdf7aae7f6@group-B3AEEA22DC97-SegmentedRaftLogWorker: created new log segment /workdir/hadoop-ozone/integration-test/target/test-dir/MiniOzoneClusterImpl-677ba508-865f-4285-99f6-8f2053594021/datanode-5/data/ratis/4091436f-2a4d-47af-8d62-b3aeea22dc97/current/log_inprogress_0
2019-09-05 10:57:26,857 [Thread-249] INFO  impl.FollowerState (FollowerState.java:run(106)) - f6e8258f-1280-422a-9f5c-7c2b00930eeb:group-C42009DD41D9 changes to CANDIDATE, lastRpcTime:5179, electionTimeout:5179ms
2019-09-05 10:57:26,858 [Thread-249] INFO  impl.RoleInfo (RoleInfo.java:shutdownFollowerState(121)) - f6e8258f-1280-422a-9f5c-7c2b00930eeb: shutdown FollowerState
2019-09-05 10:57:26,858 [Thread-249] INFO  impl.RaftServerImpl (RaftServerImpl.java:setRole(174)) - f6e8258f-1280-422a-9f5c-7c2b00930eeb@group-C42009DD41D9: changes role from  FOLLOWER to CANDIDATE at term 0 for changeToCandidate
2019-09-05 10:57:26,858 [Thread-249] INFO  impl.RoleInfo (RoleInfo.java:updateAndGet(143)) - f6e8258f-1280-422a-9f5c-7c2b00930eeb: start LeaderElection
2019-09-05 10:57:26,876 [Thread-252] INFO  impl.FollowerState (FollowerState.java:run(106)) - 29dabda3-762d-47b4-97f9-ce603194a1e8:group-878BD23D7E3B changes to CANDIDATE, lastRpcTime:5056, electionTimeout:5056ms
2019-09-05 10:57:26,876 [Thread-252] INFO  impl.RoleInfo (RoleInfo.java:shutdownFollowerState(121)) - 29dabda3-762d-47b4-97f9-ce603194a1e8: shutdown FollowerState
2019-09-05 10:57:26,876 [Thread-252] INFO  impl.RaftServerImpl (RaftServerImpl.java:setRole(174)) - 29dabda3-762d-47b4-97f9-ce603194a1e8@group-878BD23D7E3B: changes role from  FOLLOWER to CANDIDATE at term 0 for changeToCandidate
2019-09-05 10:57:26,876 [Thread-252] INFO  impl.RoleInfo (RoleInfo.java:updateAndGet(143)) - 29dabda3-762d-47b4-97f9-ce603194a1e8: start LeaderElection
2019-09-05 10:57:26,909 [f6e8258f-1280-422a-9f5c-7c2b00930eeb@group-C42009DD41D9:LeaderElection3] INFO  impl.LeaderElection (LeaderElection.java:askForVotes(182)) - f6e8258f-1280-422a-9f5c-7c2b00930eeb@group-C42009DD41D9:LeaderElection3: begin an election at term 1 for -1: [f6e8258f-1280-422a-9f5c-7c2b00930eeb:192.168.36.83:44549], old=null
2019-09-05 10:57:26,910 [f6e8258f-1280-422a-9f5c-7c2b00930eeb@group-C42009DD41D9:LeaderElection3] INFO  impl.RoleInfo (RoleInfo.java:shutdownLeaderElection(134)) - f6e8258f-1280-422a-9f5c-7c2b00930eeb: shutdown LeaderElection
2019-09-05 10:57:26,910 [f6e8258f-1280-422a-9f5c-7c2b00930eeb@group-C42009DD41D9:LeaderElection3] INFO  impl.RaftServerImpl (RaftServerImpl.java:setRole(174)) - f6e8258f-1280-422a-9f5c-7c2b00930eeb@group-C42009DD41D9: changes role from CANDIDATE to LEADER at term 1 for changeToLeader
2019-09-05 10:57:26,910 [f6e8258f-1280-422a-9f5c-7c2b00930eeb@group-C42009DD41D9:LeaderElection3] INFO  impl.RaftServerImpl (ServerState.java:setLeader(253)) - f6e8258f-1280-422a-9f5c-7c2b00930eeb@group-C42009DD41D9: change Leader from null to f6e8258f-1280-422a-9f5c-7c2b00930eeb at term 1 for becomeLeader, leader elected after 5300ms
2019-09-05 10:57:26,912 [f6e8258f-1280-422a-9f5c-7c2b00930eeb@group-C42009DD41D9:LeaderElection3] INFO  server.RaftServerConfigKeys (ConfUtils.java:logGet(43)) - raft.server.staging.catchup.gap = 1000 (default)
2019-09-05 10:57:26,912 [f6e8258f-1280-422a-9f5c-7c2b00930eeb@group-C42009DD41D9:LeaderElection3] INFO  server.RaftServerConfigKeys (ConfUtils.java:logGet(43)) - raft.server.rpc.sleep.time = 25ms (default)
2019-09-05 10:57:26,912 [f6e8258f-1280-422a-9f5c-7c2b00930eeb@group-C42009DD41D9:LeaderElection3] INFO  server.RaftServerConfigKeys (ConfUtils.java:logGet(43)) - raft.server.write.element-limit = 4096 (default)
2019-09-05 10:57:26,913 [f6e8258f-1280-422a-9f5c-7c2b00930eeb@group-C42009DD41D9:LeaderElection3] INFO  server.RaftServerConfigKeys (ConfUtils.java:logGet(43)) - raft.server.watch.timeout = 10s (default)
2019-09-05 10:57:26,913 [f6e8258f-1280-422a-9f5c-7c2b00930eeb@group-C42009DD41D9:LeaderElection3] INFO  server.RaftServerConfigKeys (ConfUtils.java:logGet(43)) - raft.server.watch.timeout.denomination = 1s (default)
2019-09-05 10:57:26,913 [f6e8258f-1280-422a-9f5c-7c2b00930eeb@group-C42009DD41D9:LeaderElection3] INFO  server.RaftServerConfigKeys (ConfUtils.java:logGet(43)) - raft.server.watch.element-limit = 65536 (default)
2019-09-05 10:57:26,917 [f6e8258f-1280-422a-9f5c-7c2b00930eeb@group-C42009DD41D9:LeaderElection3] INFO  impl.RoleInfo (RoleInfo.java:updateAndGet(143)) - f6e8258f-1280-422a-9f5c-7c2b00930eeb: start LeaderState
2019-09-05 10:57:26,917 [f6e8258f-1280-422a-9f5c-7c2b00930eeb@group-C42009DD41D9:LeaderElection3] INFO  segmented.SegmentedRaftLogWorker (SegmentedRaftLogWorker.java:startLogSegment(380)) - f6e8258f-1280-422a-9f5c-7c2b00930eeb@group-C42009DD41D9-SegmentedRaftLogWorker: Starting segment from index:0
2019-09-05 10:57:26,917 [29dabda3-762d-47b4-97f9-ce603194a1e8@group-878BD23D7E3B:LeaderElection4] INFO  impl.LeaderElection (LeaderElection.java:askForVotes(182)) - 29dabda3-762d-47b4-97f9-ce603194a1e8@group-878BD23D7E3B:LeaderElection4: begin an election at term 1 for -1: [29dabda3-762d-47b4-97f9-ce603194a1e8:192.168.36.83:39827], old=null
2019-09-05 10:57:26,920 [29dabda3-762d-47b4-97f9-ce603194a1e8@group-878BD23D7E3B:LeaderElection4] INFO  impl.RoleInfo (RoleInfo.java:shutdownLeaderElection(134)) - 29dabda3-762d-47b4-97f9-ce603194a1e8: shutdown LeaderElection
2019-09-05 10:57:26,920 [29dabda3-762d-47b4-97f9-ce603194a1e8@group-878BD23D7E3B:LeaderElection4] INFO  impl.RaftServerImpl (RaftServerImpl.java:setRole(174)) - 29dabda3-762d-47b4-97f9-ce603194a1e8@group-878BD23D7E3B: changes role from CANDIDATE to LEADER at term 1 for changeToLeader
2019-09-05 10:57:26,920 [29dabda3-762d-47b4-97f9-ce603194a1e8@group-878BD23D7E3B:LeaderElection4] INFO  impl.RaftServerImpl (ServerState.java:setLeader(253)) - 29dabda3-762d-47b4-97f9-ce603194a1e8@group-878BD23D7E3B: change Leader from null to 29dabda3-762d-47b4-97f9-ce603194a1e8 at term 1 for becomeLeader, leader elected after 5118ms
2019-09-05 10:57:26,920 [f6e8258f-1280-422a-9f5c-7c2b00930eeb@group-C42009DD41D9:LeaderElection3] INFO  impl.RaftServerImpl (ServerState.java:setRaftConf(354)) - f6e8258f-1280-422a-9f5c-7c2b00930eeb@group-C42009DD41D9: set configuration 0: [f6e8258f-1280-422a-9f5c-7c2b00930eeb:192.168.36.83:44549], old=null at 0
2019-09-05 10:57:26,959 [29dabda3-762d-47b4-97f9-ce603194a1e8@group-878BD23D7E3B:LeaderElection4] INFO  server.RaftServerConfigKeys (ConfUtils.java:logGet(43)) - raft.server.staging.catchup.gap = 1000 (default)
2019-09-05 10:57:26,961 [29dabda3-762d-47b4-97f9-ce603194a1e8@group-878BD23D7E3B:LeaderElection4] INFO  server.RaftServerConfigKeys (ConfUtils.java:logGet(43)) - raft.server.rpc.sleep.time = 25ms (default)
2019-09-05 10:57:26,962 [29dabda3-762d-47b4-97f9-ce603194a1e8@group-878BD23D7E3B:LeaderElection4] INFO  server.RaftServerConfigKeys (ConfUtils.java:logGet(43)) - raft.server.write.element-limit = 4096 (default)
2019-09-05 10:57:26,962 [29dabda3-762d-47b4-97f9-ce603194a1e8@group-878BD23D7E3B:LeaderElection4] INFO  server.RaftServerConfigKeys (ConfUtils.java:logGet(43)) - raft.server.watch.timeout = 10s (default)
2019-09-05 10:57:26,962 [29dabda3-762d-47b4-97f9-ce603194a1e8@group-878BD23D7E3B:LeaderElection4] INFO  server.RaftServerConfigKeys (ConfUtils.java:logGet(43)) - raft.server.watch.timeout.denomination = 1s (default)
2019-09-05 10:57:26,962 [29dabda3-762d-47b4-97f9-ce603194a1e8@group-878BD23D7E3B:LeaderElection4] INFO  server.RaftServerConfigKeys (ConfUtils.java:logGet(43)) - raft.server.watch.element-limit = 65536 (default)
2019-09-05 10:57:26,966 [29dabda3-762d-47b4-97f9-ce603194a1e8@group-878BD23D7E3B:LeaderElection4] INFO  impl.RoleInfo (RoleInfo.java:updateAndGet(143)) - 29dabda3-762d-47b4-97f9-ce603194a1e8: start LeaderState
2019-09-05 10:57:26,966 [29dabda3-762d-47b4-97f9-ce603194a1e8@group-878BD23D7E3B:LeaderElection4] INFO  segmented.SegmentedRaftLogWorker (SegmentedRaftLogWorker.java:startLogSegment(380)) - 29dabda3-762d-47b4-97f9-ce603194a1e8@group-878BD23D7E3B-SegmentedRaftLogWorker: Starting segment from index:0
2019-09-05 10:57:26,967 [29dabda3-762d-47b4-97f9-ce603194a1e8@group-878BD23D7E3B:LeaderElection4] INFO  impl.RaftServerImpl (ServerState.java:setRaftConf(354)) - 29dabda3-762d-47b4-97f9-ce603194a1e8@group-878BD23D7E3B: set configuration 0: [29dabda3-762d-47b4-97f9-ce603194a1e8:192.168.36.83:39827], old=null at 0
2019-09-05 10:57:27,003 [f6e8258f-1280-422a-9f5c-7c2b00930eeb@group-C42009DD41D9-SegmentedRaftLogWorker] INFO  segmented.SegmentedRaftLogWorker (SegmentedRaftLogWorker.java:execute(569)) - f6e8258f-1280-422a-9f5c-7c2b00930eeb@group-C42009DD41D9-SegmentedRaftLogWorker: created new log segment /workdir/hadoop-ozone/integration-test/target/test-dir/MiniOzoneClusterImpl-677ba508-865f-4285-99f6-8f2053594021/datanode-3/data/ratis/3e5fa703-fd52-42e8-b1f5-c42009dd41d9/current/log_inprogress_0
2019-09-05 10:57:27,035 [29dabda3-762d-47b4-97f9-ce603194a1e8@group-878BD23D7E3B-SegmentedRaftLogWorker] INFO  segmented.SegmentedRaftLogWorker (SegmentedRaftLogWorker.java:execute(569)) - 29dabda3-762d-47b4-97f9-ce603194a1e8@group-878BD23D7E3B-SegmentedRaftLogWorker: created new log segment /workdir/hadoop-ozone/integration-test/target/test-dir/MiniOzoneClusterImpl-677ba508-865f-4285-99f6-8f2053594021/datanode-4/data/ratis/a9c3e03e-8994-4b34-ac04-878bd23d7e3b/current/log_inprogress_0
2019-09-05 10:57:27,184 [Thread-255] INFO  impl.FollowerState (FollowerState.java:run(106)) - 9b1bb9e7-35a8-460d-b103-c20534a62010:group-6A566236AA86 changes to CANDIDATE, lastRpcTime:5197, electionTimeout:5197ms
2019-09-05 10:57:27,185 [Thread-255] INFO  impl.RoleInfo (RoleInfo.java:shutdownFollowerState(121)) - 9b1bb9e7-35a8-460d-b103-c20534a62010: shutdown FollowerState
2019-09-05 10:57:27,185 [Thread-255] INFO  impl.RaftServerImpl (RaftServerImpl.java:setRole(174)) - 9b1bb9e7-35a8-460d-b103-c20534a62010@group-6A566236AA86: changes role from  FOLLOWER to CANDIDATE at term 0 for changeToCandidate
2019-09-05 10:57:27,185 [Thread-255] INFO  impl.RoleInfo (RoleInfo.java:updateAndGet(143)) - 9b1bb9e7-35a8-460d-b103-c20534a62010: start LeaderElection
2019-09-05 10:57:27,218 [9b1bb9e7-35a8-460d-b103-c20534a62010@group-6A566236AA86:LeaderElection5] INFO  impl.LeaderElection (LeaderElection.java:askForVotes(182)) - 9b1bb9e7-35a8-460d-b103-c20534a62010@group-6A566236AA86:LeaderElection5: begin an election at term 1 for -1: [9b1bb9e7-35a8-460d-b103-c20534a62010:192.168.36.83:44031], old=null
2019-09-05 10:57:27,219 [9b1bb9e7-35a8-460d-b103-c20534a62010@group-6A566236AA86:LeaderElection5] INFO  impl.RoleInfo (RoleInfo.java:shutdownLeaderElection(134)) - 9b1bb9e7-35a8-460d-b103-c20534a62010: shutdown LeaderElection
2019-09-05 10:57:27,219 [9b1bb9e7-35a8-460d-b103-c20534a62010@group-6A566236AA86:LeaderElection5] INFO  impl.RaftServerImpl (RaftServerImpl.java:setRole(174)) - 9b1bb9e7-35a8-460d-b103-c20534a62010@group-6A566236AA86: changes role from CANDIDATE to LEADER at term 1 for changeToLeader
2019-09-05 10:57:27,219 [9b1bb9e7-35a8-460d-b103-c20534a62010@group-6A566236AA86:LeaderElection5] INFO  impl.RaftServerImpl (ServerState.java:setLeader(253)) - 9b1bb9e7-35a8-460d-b103-c20534a62010@group-6A566236AA86: change Leader from null to 9b1bb9e7-35a8-460d-b103-c20534a62010 at term 1 for becomeLeader, leader elected after 5248ms
2019-09-05 10:57:27,221 [9b1bb9e7-35a8-460d-b103-c20534a62010@group-6A566236AA86:LeaderElection5] INFO  server.RaftServerConfigKeys (ConfUtils.java:logGet(43)) - raft.server.staging.catchup.gap = 1000 (default)
2019-09-05 10:57:27,221 [9b1bb9e7-35a8-460d-b103-c20534a62010@group-6A566236AA86:LeaderElection5] INFO  server.RaftServerConfigKeys (ConfUtils.java:logGet(43)) - raft.server.rpc.sleep.time = 25ms (default)
2019-09-05 10:57:27,221 [9b1bb9e7-35a8-460d-b103-c20534a62010@group-6A566236AA86:LeaderElection5] INFO  server.RaftServerConfigKeys (ConfUtils.java:logGet(43)) - raft.server.write.element-limit = 4096 (default)
2019-09-05 10:57:27,222 [9b1bb9e7-35a8-460d-b103-c20534a62010@group-6A566236AA86:LeaderElection5] INFO  server.RaftServerConfigKeys (ConfUtils.java:logGet(43)) - raft.server.watch.timeout = 10s (default)
2019-09-05 10:57:27,222 [9b1bb9e7-35a8-460d-b103-c20534a62010@group-6A566236AA86:LeaderElection5] INFO  server.RaftServerConfigKeys (ConfUtils.java:logGet(43)) - raft.server.watch.timeout.denomination = 1s (default)
2019-09-05 10:57:27,222 [9b1bb9e7-35a8-460d-b103-c20534a62010@group-6A566236AA86:LeaderElection5] INFO  server.RaftServerConfigKeys (ConfUtils.java:logGet(43)) - raft.server.watch.element-limit = 65536 (default)
2019-09-05 10:57:27,224 [9b1bb9e7-35a8-460d-b103-c20534a62010@group-6A566236AA86:LeaderElection5] INFO  impl.RoleInfo (RoleInfo.java:updateAndGet(143)) - 9b1bb9e7-35a8-460d-b103-c20534a62010: start LeaderState
2019-09-05 10:57:27,224 [9b1bb9e7-35a8-460d-b103-c20534a62010@group-6A566236AA86:LeaderElection5] INFO  segmented.SegmentedRaftLogWorker (SegmentedRaftLogWorker.java:startLogSegment(380)) - 9b1bb9e7-35a8-460d-b103-c20534a62010@group-6A566236AA86-SegmentedRaftLogWorker: Starting segment from index:0
2019-09-05 10:57:27,225 [9b1bb9e7-35a8-460d-b103-c20534a62010@group-6A566236AA86:LeaderElection5] INFO  impl.RaftServerImpl (ServerState.java:setRaftConf(354)) - 9b1bb9e7-35a8-460d-b103-c20534a62010@group-6A566236AA86: set configuration 0: [9b1bb9e7-35a8-460d-b103-c20534a62010:192.168.36.83:44031], old=null at 0
2019-09-05 10:57:27,261 [Thread-261] INFO  impl.FollowerState (FollowerState.java:run(106)) - 30c09380-d5b8-4c4e-a2ad-47e9cd9a2c37:group-1A541FFE150F changes to CANDIDATE, lastRpcTime:5017, electionTimeout:5005ms
2019-09-05 10:57:27,261 [Thread-258] INFO  impl.FollowerState (FollowerState.java:run(106)) - cefd773d-a65b-476c-b903-2f020490a58a:group-0B37D73C1FC2 changes to CANDIDATE, lastRpcTime:5135, electionTimeout:5135ms
2019-09-05 10:57:27,262 [Thread-261] INFO  impl.RoleInfo (RoleInfo.java:shutdownFollowerState(121)) - 30c09380-d5b8-4c4e-a2ad-47e9cd9a2c37: shutdown FollowerState
2019-09-05 10:57:27,262 [Thread-261] INFO  impl.RaftServerImpl (RaftServerImpl.java:setRole(174)) - 30c09380-d5b8-4c4e-a2ad-47e9cd9a2c37@group-1A541FFE150F: changes role from  FOLLOWER to CANDIDATE at term 0 for changeToCandidate
2019-09-05 10:57:27,262 [Thread-258] INFO  impl.RoleInfo (RoleInfo.java:shutdownFollowerState(121)) - cefd773d-a65b-476c-b903-2f020490a58a: shutdown FollowerState
2019-09-05 10:57:27,262 [Thread-261] INFO  impl.RoleInfo (RoleInfo.java:updateAndGet(143)) - 30c09380-d5b8-4c4e-a2ad-47e9cd9a2c37: start LeaderElection
2019-09-05 10:57:27,262 [Thread-258] INFO  impl.RaftServerImpl (RaftServerImpl.java:setRole(174)) - cefd773d-a65b-476c-b903-2f020490a58a@group-0B37D73C1FC2: changes role from  FOLLOWER to CANDIDATE at term 0 for changeToCandidate
2019-09-05 10:57:27,264 [Thread-258] INFO  impl.RoleInfo (RoleInfo.java:updateAndGet(143)) - cefd773d-a65b-476c-b903-2f020490a58a: start LeaderElection
2019-09-05 10:57:27,294 [9b1bb9e7-35a8-460d-b103-c20534a62010@group-6A566236AA86-SegmentedRaftLogWorker] INFO  segmented.SegmentedRaftLogWorker (SegmentedRaftLogWorker.java:execute(569)) - 9b1bb9e7-35a8-460d-b103-c20534a62010@group-6A566236AA86-SegmentedRaftLogWorker: created new log segment /workdir/hadoop-ozone/integration-test/target/test-dir/MiniOzoneClusterImpl-677ba508-865f-4285-99f6-8f2053594021/datanode-1/data/ratis/c2f19951-1ae8-4b05-9412-6a566236aa86/current/log_inprogress_0
2019-09-05 10:57:27,294 [30c09380-d5b8-4c4e-a2ad-47e9cd9a2c37@group-1A541FFE150F:LeaderElection6] INFO  impl.LeaderElection (LeaderElection.java:askForVotes(182)) - 30c09380-d5b8-4c4e-a2ad-47e9cd9a2c37@group-1A541FFE150F:LeaderElection6: begin an election at term 1 for -1: [30c09380-d5b8-4c4e-a2ad-47e9cd9a2c37:192.168.36.83:41949], old=null
2019-09-05 10:57:27,294 [cefd773d-a65b-476c-b903-2f020490a58a@group-0B37D73C1FC2:LeaderElection7] INFO  impl.LeaderElection (LeaderElection.java:askForVotes(182)) - cefd773d-a65b-476c-b903-2f020490a58a@group-0B37D73C1FC2:LeaderElection7: begin an election at term 1 for -1: [cefd773d-a65b-476c-b903-2f020490a58a:192.168.36.83:45105], old=null
2019-09-05 10:57:27,294 [30c09380-d5b8-4c4e-a2ad-47e9cd9a2c37@group-1A541FFE150F:LeaderElection6] INFO  impl.RoleInfo (RoleInfo.java:shutdownLeaderElection(134)) - 30c09380-d5b8-4c4e-a2ad-47e9cd9a2c37: shutdown LeaderElection
2019-09-05 10:57:27,294 [cefd773d-a65b-476c-b903-2f020490a58a@group-0B37D73C1FC2:LeaderElection7] INFO  impl.RoleInfo (RoleInfo.java:shutdownLeaderElection(134)) - cefd773d-a65b-476c-b903-2f020490a58a: shutdown LeaderElection
2019-09-05 10:57:27,295 [30c09380-d5b8-4c4e-a2ad-47e9cd9a2c37@group-1A541FFE150F:LeaderElection6] INFO  impl.RaftServerImpl (RaftServerImpl.java:setRole(174)) - 30c09380-d5b8-4c4e-a2ad-47e9cd9a2c37@group-1A541FFE150F: changes role from CANDIDATE to LEADER at term 1 for changeToLeader
2019-09-05 10:57:27,295 [cefd773d-a65b-476c-b903-2f020490a58a@group-0B37D73C1FC2:LeaderElection7] INFO  impl.RaftServerImpl (RaftServerImpl.java:setRole(174)) - cefd773d-a65b-476c-b903-2f020490a58a@group-0B37D73C1FC2: changes role from CANDIDATE to LEADER at term 1 for changeToLeader
2019-09-05 10:57:27,295 [30c09380-d5b8-4c4e-a2ad-47e9cd9a2c37@group-1A541FFE150F:LeaderElection6] INFO  impl.RaftServerImpl (ServerState.java:setLeader(253)) - 30c09380-d5b8-4c4e-a2ad-47e9cd9a2c37@group-1A541FFE150F: change Leader from null to 30c09380-d5b8-4c4e-a2ad-47e9cd9a2c37 at term 1 for becomeLeader, leader elected after 5064ms
2019-09-05 10:57:27,295 [cefd773d-a65b-476c-b903-2f020490a58a@group-0B37D73C1FC2:LeaderElection7] INFO  impl.RaftServerImpl (ServerState.java:setLeader(253)) - cefd773d-a65b-476c-b903-2f020490a58a@group-0B37D73C1FC2: change Leader from null to cefd773d-a65b-476c-b903-2f020490a58a at term 1 for becomeLeader, leader elected after 5182ms
2019-09-05 10:57:27,298 [cefd773d-a65b-476c-b903-2f020490a58a@group-0B37D73C1FC2:LeaderElection7] INFO  server.RaftServerConfigKeys (ConfUtils.java:logGet(43)) - raft.server.staging.catchup.gap = 1000 (default)
2019-09-05 10:57:27,299 [30c09380-d5b8-4c4e-a2ad-47e9cd9a2c37@group-1A541FFE150F:LeaderElection6] INFO  server.RaftServerConfigKeys (ConfUtils.java:logGet(43)) - raft.server.staging.catchup.gap = 1000 (default)
2019-09-05 10:57:27,299 [cefd773d-a65b-476c-b903-2f020490a58a@group-0B37D73C1FC2:LeaderElection7] INFO  server.RaftServerConfigKeys (ConfUtils.java:logGet(43)) - raft.server.rpc.sleep.time = 25ms (default)
2019-09-05 10:57:27,299 [30c09380-d5b8-4c4e-a2ad-47e9cd9a2c37@group-1A541FFE150F:LeaderElection6] INFO  server.RaftServerConfigKeys (ConfUtils.java:logGet(43)) - raft.server.rpc.sleep.time = 25ms (default)
2019-09-05 10:57:27,299 [cefd773d-a65b-476c-b903-2f020490a58a@group-0B37D73C1FC2:LeaderElection7] INFO  server.RaftServerConfigKeys (ConfUtils.java:logGet(43)) - raft.server.write.element-limit = 4096 (default)
2019-09-05 10:57:27,299 [30c09380-d5b8-4c4e-a2ad-47e9cd9a2c37@group-1A541FFE150F:LeaderElection6] INFO  server.RaftServerConfigKeys (ConfUtils.java:logGet(43)) - raft.server.write.element-limit = 4096 (default)
2019-09-05 10:57:27,299 [cefd773d-a65b-476c-b903-2f020490a58a@group-0B37D73C1FC2:LeaderElection7] INFO  server.RaftServerConfigKeys (ConfUtils.java:logGet(43)) - raft.server.watch.timeout = 10s (default)
2019-09-05 10:57:27,300 [30c09380-d5b8-4c4e-a2ad-47e9cd9a2c37@group-1A541FFE150F:LeaderElection6] INFO  server.RaftServerConfigKeys (ConfUtils.java:logGet(43)) - raft.server.watch.timeout = 10s (default)
2019-09-05 10:57:27,300 [cefd773d-a65b-476c-b903-2f020490a58a@group-0B37D73C1FC2:LeaderElection7] INFO  server.RaftServerConfigKeys (ConfUtils.java:logGet(43)) - raft.server.watch.timeout.denomination = 1s (default)
2019-09-05 10:57:27,300 [30c09380-d5b8-4c4e-a2ad-47e9cd9a2c37@group-1A541FFE150F:LeaderElection6] INFO  server.RaftServerConfigKeys (ConfUtils.java:logGet(43)) - raft.server.watch.timeout.denomination = 1s (default)
2019-09-05 10:57:27,300 [cefd773d-a65b-476c-b903-2f020490a58a@group-0B37D73C1FC2:LeaderElection7] INFO  server.RaftServerConfigKeys (ConfUtils.java:logGet(43)) - raft.server.watch.element-limit = 65536 (default)
2019-09-05 10:57:27,300 [30c09380-d5b8-4c4e-a2ad-47e9cd9a2c37@group-1A541FFE150F:LeaderElection6] INFO  server.RaftServerConfigKeys (ConfUtils.java:logGet(43)) - raft.server.watch.element-limit = 65536 (default)
2019-09-05 10:57:27,304 [cefd773d-a65b-476c-b903-2f020490a58a@group-0B37D73C1FC2:LeaderElection7] INFO  impl.RoleInfo (RoleInfo.java:updateAndGet(143)) - cefd773d-a65b-476c-b903-2f020490a58a: start LeaderState
2019-09-05 10:57:27,304 [cefd773d-a65b-476c-b903-2f020490a58a@group-0B37D73C1FC2:LeaderElection7] INFO  segmented.SegmentedRaftLogWorker (SegmentedRaftLogWorker.java:startLogSegment(380)) - cefd773d-a65b-476c-b903-2f020490a58a@group-0B37D73C1FC2-SegmentedRaftLogWorker: Starting segment from index:0
2019-09-05 10:57:27,304 [cefd773d-a65b-476c-b903-2f020490a58a@group-0B37D73C1FC2:LeaderElection7] INFO  impl.RaftServerImpl (ServerState.java:setRaftConf(354)) - cefd773d-a65b-476c-b903-2f020490a58a@group-0B37D73C1FC2: set configuration 0: [cefd773d-a65b-476c-b903-2f020490a58a:192.168.36.83:45105], old=null at 0
2019-09-05 10:57:27,339 [30c09380-d5b8-4c4e-a2ad-47e9cd9a2c37@group-1A541FFE150F:LeaderElection6] INFO  impl.RoleInfo (RoleInfo.java:updateAndGet(143)) - 30c09380-d5b8-4c4e-a2ad-47e9cd9a2c37: start LeaderState
2019-09-05 10:57:27,339 [30c09380-d5b8-4c4e-a2ad-47e9cd9a2c37@group-1A541FFE150F:LeaderElection6] INFO  segmented.SegmentedRaftLogWorker (SegmentedRaftLogWorker.java:startLogSegment(380)) - 30c09380-d5b8-4c4e-a2ad-47e9cd9a2c37@group-1A541FFE150F-SegmentedRaftLogWorker: Starting segment from index:0
2019-09-05 10:57:27,340 [30c09380-d5b8-4c4e-a2ad-47e9cd9a2c37@group-1A541FFE150F:LeaderElection6] INFO  impl.RaftServerImpl (ServerState.java:setRaftConf(354)) - 30c09380-d5b8-4c4e-a2ad-47e9cd9a2c37@group-1A541FFE150F: set configuration 0: [30c09380-d5b8-4c4e-a2ad-47e9cd9a2c37:192.168.36.83:41949], old=null at 0
2019-09-05 10:57:27,379 [cefd773d-a65b-476c-b903-2f020490a58a@group-0B37D73C1FC2-SegmentedRaftLogWorker] INFO  segmented.SegmentedRaftLogWorker (SegmentedRaftLogWorker.java:execute(569)) - cefd773d-a65b-476c-b903-2f020490a58a@group-0B37D73C1FC2-SegmentedRaftLogWorker: created new log segment /workdir/hadoop-ozone/integration-test/target/test-dir/MiniOzoneClusterImpl-677ba508-865f-4285-99f6-8f2053594021/datanode-6/data/ratis/53f7eb5a-0b5d-4d4b-a8b2-0b37d73c1fc2/current/log_inprogress_0
2019-09-05 10:57:27,395 [30c09380-d5b8-4c4e-a2ad-47e9cd9a2c37@group-1A541FFE150F-SegmentedRaftLogWorker] INFO  segmented.SegmentedRaftLogWorker (SegmentedRaftLogWorker.java:execute(569)) - 30c09380-d5b8-4c4e-a2ad-47e9cd9a2c37@group-1A541FFE150F-SegmentedRaftLogWorker: created new log segment /workdir/hadoop-ozone/integration-test/target/test-dir/MiniOzoneClusterImpl-677ba508-865f-4285-99f6-8f2053594021/datanode-2/data/ratis/81d70730-3b46-4ab6-af00-1a541ffe150f/current/log_inprogress_0
2019-09-05 10:57:27,513 [Thread-269] INFO  impl.FollowerState (FollowerState.java:run(106)) - 5d8d3527-2a3e-4bcd-b079-5fbdf7aae7f6:group-CA9E18B8BDAC changes to CANDIDATE, lastRpcTime:5115, electionTimeout:5115ms
2019-09-05 10:57:27,514 [Thread-269] INFO  impl.RoleInfo (RoleInfo.java:shutdownFollowerState(121)) - 5d8d3527-2a3e-4bcd-b079-5fbdf7aae7f6: shutdown FollowerState
2019-09-05 10:57:27,514 [Thread-269] INFO  impl.RaftServerImpl (RaftServerImpl.java:setRole(174)) - 5d8d3527-2a3e-4bcd-b079-5fbdf7aae7f6@group-CA9E18B8BDAC: changes role from  FOLLOWER to CANDIDATE at term 0 for changeToCandidate
2019-09-05 10:57:27,514 [Thread-269] INFO  impl.RoleInfo (RoleInfo.java:updateAndGet(143)) - 5d8d3527-2a3e-4bcd-b079-5fbdf7aae7f6: start LeaderElection
2019-09-05 10:57:27,532 [grpc-default-executor-0] INFO  client.GrpcClientProtocolClient (GrpcClientProtocolClient.java:onNext(264)) - client-D5CF13D806DD->cefd773d-a65b-476c-b903-2f020490a58a: receive RaftClientReply:client-D5CF13D806DD->cefd773d-a65b-476c-b903-2f020490a58a@group-BF12A8481C91, cid=13, FAILED org.apache.ratis.protocol.NotLeaderException: Server cefd773d-a65b-476c-b903-2f020490a58a@group-BF12A8481C91 is not the leader, logIndex=0, commits[cefd773d-a65b-476c-b903-2f020490a58a:c-1]
2019-09-05 10:57:27,546 [5d8d3527-2a3e-4bcd-b079-5fbdf7aae7f6@group-CA9E18B8BDAC:LeaderElection8] INFO  impl.LeaderElection (LeaderElection.java:askForVotes(182)) - 5d8d3527-2a3e-4bcd-b079-5fbdf7aae7f6@group-CA9E18B8BDAC:LeaderElection8: begin an election at term 1 for -1: [5d8d3527-2a3e-4bcd-b079-5fbdf7aae7f6:192.168.36.83:34246, 29dabda3-762d-47b4-97f9-ce603194a1e8:192.168.36.83:39827, f6e8258f-1280-422a-9f5c-7c2b00930eeb:192.168.36.83:44549], old=null
2019-09-05 10:57:27,547 [Thread-275] INFO  impl.FollowerState (FollowerState.java:run(106)) - cefd773d-a65b-476c-b903-2f020490a58a:group-BF12A8481C91 changes to CANDIDATE, lastRpcTime:5008, electionTimeout:5008ms
2019-09-05 10:57:27,548 [Thread-275] INFO  impl.RoleInfo (RoleInfo.java:shutdownFollowerState(121)) - cefd773d-a65b-476c-b903-2f020490a58a: shutdown FollowerState
2019-09-05 10:57:27,548 [Thread-275] INFO  impl.RaftServerImpl (RaftServerImpl.java:setRole(174)) - cefd773d-a65b-476c-b903-2f020490a58a@group-BF12A8481C91: changes role from  FOLLOWER to CANDIDATE at term 0 for changeToCandidate
2019-09-05 10:57:27,548 [Thread-275] INFO  impl.RoleInfo (RoleInfo.java:updateAndGet(143)) - cefd773d-a65b-476c-b903-2f020490a58a: start LeaderElection
2019-09-05 10:57:27,577 [grpc-default-executor-2] INFO  impl.RaftServerImpl (RaftServerImpl.java:setRole(174)) - f6e8258f-1280-422a-9f5c-7c2b00930eeb@group-CA9E18B8BDAC: changes role from  FOLLOWER to FOLLOWER at term 1 for recognizeCandidate:5d8d3527-2a3e-4bcd-b079-5fbdf7aae7f6
2019-09-05 10:57:27,577 [grpc-default-executor-0] INFO  impl.RaftServerImpl (RaftServerImpl.java:setRole(174)) - 29dabda3-762d-47b4-97f9-ce603194a1e8@group-CA9E18B8BDAC: changes role from  FOLLOWER to FOLLOWER at term 1 for recognizeCandidate:5d8d3527-2a3e-4bcd-b079-5fbdf7aae7f6
2019-09-05 10:57:27,577 [grpc-default-executor-2] INFO  impl.RoleInfo (RoleInfo.java:shutdownFollowerState(121)) - f6e8258f-1280-422a-9f5c-7c2b00930eeb: shutdown FollowerState
2019-09-05 10:57:27,577 [grpc-default-executor-0] INFO  impl.RoleInfo (RoleInfo.java:shutdownFollowerState(121)) - 29dabda3-762d-47b4-97f9-ce603194a1e8: shutdown FollowerState
2019-09-05 10:57:27,578 [grpc-default-executor-2] INFO  impl.RoleInfo (RoleInfo.java:updateAndGet(143)) - f6e8258f-1280-422a-9f5c-7c2b00930eeb: start FollowerState
2019-09-05 10:57:27,578 [grpc-default-executor-0] INFO  impl.RoleInfo (RoleInfo.java:updateAndGet(143)) - 29dabda3-762d-47b4-97f9-ce603194a1e8: start FollowerState
2019-09-05 10:57:27,578 [Thread-268] INFO  impl.FollowerState (FollowerState.java:run(115)) - 29dabda3-762d-47b4-97f9-ce603194a1e8: FollowerState was interrupted: java.lang.InterruptedException: sleep interrupted
2019-09-05 10:57:27,578 [Thread-266] INFO  impl.FollowerState (FollowerState.java:run(115)) - f6e8258f-1280-422a-9f5c-7c2b00930eeb: FollowerState was interrupted: java.lang.InterruptedException: sleep interrupted
2019-09-05 10:57:27,581 [cefd773d-a65b-476c-b903-2f020490a58a@group-BF12A8481C91:LeaderElection9] INFO  impl.LeaderElection (LeaderElection.java:askForVotes(182)) - cefd773d-a65b-476c-b903-2f020490a58a@group-BF12A8481C91:LeaderElection9: begin an election at term 1 for -1: [cefd773d-a65b-476c-b903-2f020490a58a:192.168.36.83:45105, 3f95e3dc-0a00-4224-befc-5244f1a3079e:192.168.36.83:36493, 9b1bb9e7-35a8-460d-b103-c20534a62010:192.168.36.83:44031], old=null
2019-09-05 10:57:27,584 [Thread-277] INFO  impl.FollowerState (FollowerState.java:run(106)) - 3f95e3dc-0a00-4224-befc-5244f1a3079e:group-BF12A8481C91 changes to CANDIDATE, lastRpcTime:5039, electionTimeout:5039ms
2019-09-05 10:57:27,585 [Thread-277] INFO  impl.RoleInfo (RoleInfo.java:shutdownFollowerState(121)) - 3f95e3dc-0a00-4224-befc-5244f1a3079e: shutdown FollowerState
2019-09-05 10:57:27,586 [Thread-277] INFO  impl.RaftServerImpl (RaftServerImpl.java:setRole(174)) - 3f95e3dc-0a00-4224-befc-5244f1a3079e@group-BF12A8481C91: changes role from  FOLLOWER to CANDIDATE at term 0 for changeToCandidate
2019-09-05 10:57:27,586 [Thread-277] INFO  impl.RoleInfo (RoleInfo.java:updateAndGet(143)) - 3f95e3dc-0a00-4224-befc-5244f1a3079e: start LeaderElection
2019-09-05 10:57:27,599 [grpc-default-executor-3] INFO  impl.RaftServerImpl (RaftServerImpl.java:setRole(174)) - 9b1bb9e7-35a8-460d-b103-c20534a62010@group-BF12A8481C91: changes role from  FOLLOWER to FOLLOWER at term 1 for recognizeCandidate:cefd773d-a65b-476c-b903-2f020490a58a
2019-09-05 10:57:27,599 [grpc-default-executor-3] INFO  impl.RoleInfo (RoleInfo.java:shutdownFollowerState(121)) - 9b1bb9e7-35a8-460d-b103-c20534a62010: shutdown FollowerState
2019-09-05 10:57:27,600 [grpc-default-executor-3] INFO  impl.RoleInfo (RoleInfo.java:updateAndGet(143)) - 9b1bb9e7-35a8-460d-b103-c20534a62010: start FollowerState
2019-09-05 10:57:27,600 [Thread-278] INFO  impl.FollowerState (FollowerState.java:run(115)) - 9b1bb9e7-35a8-460d-b103-c20534a62010: FollowerState was interrupted: java.lang.InterruptedException: sleep interrupted
2019-09-05 10:57:27,605 [3f95e3dc-0a00-4224-befc-5244f1a3079e@group-BF12A8481C91:LeaderElection10] INFO  impl.LeaderElection (LeaderElection.java:askForVotes(182)) - 3f95e3dc-0a00-4224-befc-5244f1a3079e@group-BF12A8481C91:LeaderElection10: begin an election at term 1 for -1: [cefd773d-a65b-476c-b903-2f020490a58a:192.168.36.83:45105, 3f95e3dc-0a00-4224-befc-5244f1a3079e:192.168.36.83:36493, 9b1bb9e7-35a8-460d-b103-c20534a62010:192.168.36.83:44031], old=null
2019-09-05 10:57:27,621 [5d8d3527-2a3e-4bcd-b079-5fbdf7aae7f6@group-CA9E18B8BDAC:LeaderElection8] INFO  impl.LeaderElection (LeaderElection.java:logAndReturn(56)) - 5d8d3527-2a3e-4bcd-b079-5fbdf7aae7f6@group-CA9E18B8BDAC:LeaderElection8: Election PASSED; received 1 response(s) [5d8d3527-2a3e-4bcd-b079-5fbdf7aae7f6<-f6e8258f-1280-422a-9f5c-7c2b00930eeb#0:OK-t1] and 0 exception(s); 5d8d3527-2a3e-4bcd-b079-5fbdf7aae7f6@group-CA9E18B8BDAC:t1, leader=null, voted=5d8d3527-2a3e-4bcd-b079-5fbdf7aae7f6, raftlog=5d8d3527-2a3e-4bcd-b079-5fbdf7aae7f6@group-CA9E18B8BDAC-SegmentedRaftLog:OPENED:c-1,f-1,i0, conf=-1: [5d8d3527-2a3e-4bcd-b079-5fbdf7aae7f6:192.168.36.83:34246, 29dabda3-762d-47b4-97f9-ce603194a1e8:192.168.36.83:39827, f6e8258f-1280-422a-9f5c-7c2b00930eeb:192.168.36.83:44549], old=null
2019-09-05 10:57:27,622 [5d8d3527-2a3e-4bcd-b079-5fbdf7aae7f6@group-CA9E18B8BDAC:LeaderElection8] INFO  impl.RoleInfo (RoleInfo.java:shutdownLeaderElection(134)) - 5d8d3527-2a3e-4bcd-b079-5fbdf7aae7f6: shutdown LeaderElection
2019-09-05 10:57:27,625 [5d8d3527-2a3e-4bcd-b079-5fbdf7aae7f6@group-CA9E18B8BDAC:LeaderElection8] INFO  impl.RaftServerImpl (RaftServerImpl.java:setRole(174)) - 5d8d3527-2a3e-4bcd-b079-5fbdf7aae7f6@group-CA9E18B8BDAC: changes role from CANDIDATE to LEADER at term 1 for changeToLeader
2019-09-05 10:57:27,625 [5d8d3527-2a3e-4bcd-b079-5fbdf7aae7f6@group-CA9E18B8BDAC:LeaderElection8] INFO  impl.RaftServerImpl (ServerState.java:setLeader(253)) - 5d8d3527-2a3e-4bcd-b079-5fbdf7aae7f6@group-CA9E18B8BDAC: change Leader from null to 5d8d3527-2a3e-4bcd-b079-5fbdf7aae7f6 at term 1 for becomeLeader, leader elected after 5243ms
2019-09-05 10:57:27,625 [5d8d3527-2a3e-4bcd-b079-5fbdf7aae7f6@group-CA9E18B8BDAC:LeaderElection8] INFO  server.RaftServerConfigKeys (ConfUtils.java:logGet(43)) - raft.server.staging.catchup.gap = 1000 (default)
2019-09-05 10:57:27,625 [5d8d3527-2a3e-4bcd-b079-5fbdf7aae7f6@group-CA9E18B8BDAC:LeaderElection8] INFO  server.RaftServerConfigKeys (ConfUtils.java:logGet(43)) - raft.server.rpc.sleep.time = 25ms (default)
2019-09-05 10:57:27,625 [5d8d3527-2a3e-4bcd-b079-5fbdf7aae7f6@group-CA9E18B8BDAC:LeaderElection8] INFO  server.RaftServerConfigKeys (ConfUtils.java:logGet(43)) - raft.server.write.element-limit = 4096 (default)
2019-09-05 10:57:27,626 [5d8d3527-2a3e-4bcd-b079-5fbdf7aae7f6@group-CA9E18B8BDAC:LeaderElection8] INFO  server.RaftServerConfigKeys (ConfUtils.java:logGet(43)) - raft.server.watch.timeout = 10s (default)
2019-09-05 10:57:27,626 [5d8d3527-2a3e-4bcd-b079-5fbdf7aae7f6@group-CA9E18B8BDAC:LeaderElection8] INFO  server.RaftServerConfigKeys (ConfUtils.java:logGet(43)) - raft.server.watch.timeout.denomination = 1s (default)
2019-09-05 10:57:27,626 [5d8d3527-2a3e-4bcd-b079-5fbdf7aae7f6@group-CA9E18B8BDAC:LeaderElection8] INFO  server.RaftServerConfigKeys (ConfUtils.java:logGet(43)) - raft.server.watch.element-limit = 65536 (default)
2019-09-05 10:57:27,637 [3f95e3dc-0a00-4224-befc-5244f1a3079e@group-BF12A8481C91:LeaderElection10] INFO  impl.LeaderElection (LeaderElection.java:logAndReturn(56)) - 3f95e3dc-0a00-4224-befc-5244f1a3079e@group-BF12A8481C91:LeaderElection10: Election REJECTED; received 2 response(s) [3f95e3dc-0a00-4224-befc-5244f1a3079e<-cefd773d-a65b-476c-b903-2f020490a58a#0:FAIL-t1, 3f95e3dc-0a00-4224-befc-5244f1a3079e<-9b1bb9e7-35a8-460d-b103-c20534a62010#0:FAIL-t1] and 0 exception(s); 3f95e3dc-0a00-4224-befc-5244f1a3079e@group-BF12A8481C91:t1, leader=null, voted=3f95e3dc-0a00-4224-befc-5244f1a3079e, raftlog=3f95e3dc-0a00-4224-befc-5244f1a3079e@group-BF12A8481C91-SegmentedRaftLog:OPENED:c-1,f-1,i0, conf=-1: [cefd773d-a65b-476c-b903-2f020490a58a:192.168.36.83:45105, 3f95e3dc-0a00-4224-befc-5244f1a3079e:192.168.36.83:36493, 9b1bb9e7-35a8-460d-b103-c20534a62010:192.168.36.83:44031], old=null
2019-09-05 10:57:27,639 [3f95e3dc-0a00-4224-befc-5244f1a3079e@group-BF12A8481C91:LeaderElection10] INFO  impl.RaftServerImpl (RaftServerImpl.java:setRole(174)) - 3f95e3dc-0a00-4224-befc-5244f1a3079e@group-BF12A8481C91: changes role from CANDIDATE to FOLLOWER at term 1 for DISCOVERED_A_NEW_TERM
2019-09-05 10:57:27,642 [5d8d3527-2a3e-4bcd-b079-5fbdf7aae7f6@group-CA9E18B8BDAC:LeaderElection8] INFO  server.RaftServerConfigKeys (ConfUtils.java:logGet(43)) - raft.server.log.appender.snapshot.chunk.size.max = 16MB (=16777216) (default)
2019-09-05 10:57:27,643 [cefd773d-a65b-476c-b903-2f020490a58a@group-BF12A8481C91:LeaderElection9] INFO  impl.LeaderElection (LeaderElection.java:logAndReturn(56)) - cefd773d-a65b-476c-b903-2f020490a58a@group-BF12A8481C91:LeaderElection9: Election PASSED; received 2 response(s) [cefd773d-a65b-476c-b903-2f020490a58a<-3f95e3dc-0a00-4224-befc-5244f1a3079e#0:FAIL-t1, cefd773d-a65b-476c-b903-2f020490a58a<-9b1bb9e7-35a8-460d-b103-c20534a62010#0:OK-t1] and 0 exception(s); cefd773d-a65b-476c-b903-2f020490a58a@group-BF12A8481C91:t1, leader=null, voted=cefd773d-a65b-476c-b903-2f020490a58a, raftlog=cefd773d-a65b-476c-b903-2f020490a58a@group-BF12A8481C91-SegmentedRaftLog:OPENED:c-1,f-1,i0, conf=-1: [cefd773d-a65b-476c-b903-2f020490a58a:192.168.36.83:45105, 3f95e3dc-0a00-4224-befc-5244f1a3079e:192.168.36.83:36493, 9b1bb9e7-35a8-460d-b103-c20534a62010:192.168.36.83:44031], old=null
2019-09-05 10:57:27,643 [3f95e3dc-0a00-4224-befc-5244f1a3079e@group-BF12A8481C91:LeaderElection10] INFO  impl.RoleInfo (RoleInfo.java:shutdownLeaderElection(134)) - 3f95e3dc-0a00-4224-befc-5244f1a3079e: shutdown LeaderElection
2019-09-05 10:57:27,644 [cefd773d-a65b-476c-b903-2f020490a58a@group-BF12A8481C91:LeaderElection9] INFO  impl.RoleInfo (RoleInfo.java:shutdownLeaderElection(134)) - cefd773d-a65b-476c-b903-2f020490a58a: shutdown LeaderElection
2019-09-05 10:57:27,644 [5d8d3527-2a3e-4bcd-b079-5fbdf7aae7f6@group-CA9E18B8BDAC:LeaderElection8] INFO  server.RaftServerConfigKeys (ConfUtils.java:logGet(43)) - raft.server.log.appender.buffer.byte-limit = 33554432 (custom)
2019-09-05 10:57:27,647 [3f95e3dc-0a00-4224-befc-5244f1a3079e@group-BF12A8481C91:LeaderElection10] INFO  impl.RoleInfo (RoleInfo.java:updateAndGet(143)) - 3f95e3dc-0a00-4224-befc-5244f1a3079e: start FollowerState
2019-09-05 10:57:27,647 [cefd773d-a65b-476c-b903-2f020490a58a@group-BF12A8481C91:LeaderElection9] INFO  impl.RaftServerImpl (RaftServerImpl.java:setRole(174)) - cefd773d-a65b-476c-b903-2f020490a58a@group-BF12A8481C91: changes role from CANDIDATE to LEADER at term 1 for changeToLeader
2019-09-05 10:57:27,648 [cefd773d-a65b-476c-b903-2f020490a58a@group-BF12A8481C91:LeaderElection9] INFO  impl.RaftServerImpl (ServerState.java:setLeader(253)) - cefd773d-a65b-476c-b903-2f020490a58a@group-BF12A8481C91: change Leader from null to cefd773d-a65b-476c-b903-2f020490a58a at term 1 for becomeLeader, leader elected after 5123ms
2019-09-05 10:57:27,648 [cefd773d-a65b-476c-b903-2f020490a58a@group-BF12A8481C91:LeaderElection9] INFO  server.RaftServerConfigKeys (ConfUtils.java:logGet(43)) - raft.server.staging.catchup.gap = 1000 (default)
2019-09-05 10:57:27,648 [5d8d3527-2a3e-4bcd-b079-5fbdf7aae7f6@group-CA9E18B8BDAC:LeaderElection8] INFO  server.RaftServerConfigKeys (ConfUtils.java:logGet(43)) - raft.server.log.appender.buffer.element-limit = 1 (custom)
2019-09-05 10:57:27,650 [cefd773d-a65b-476c-b903-2f020490a58a@group-BF12A8481C91:LeaderElection9] INFO  server.RaftServerConfigKeys (ConfUtils.java:logGet(43)) - raft.server.rpc.sleep.time = 25ms (default)
2019-09-05 10:57:27,650 [cefd773d-a65b-476c-b903-2f020490a58a@group-BF12A8481C91:LeaderElection9] INFO  server.RaftServerConfigKeys (ConfUtils.java:logGet(43)) - raft.server.write.element-limit = 4096 (default)
2019-09-05 10:57:27,650 [cefd773d-a65b-476c-b903-2f020490a58a@group-BF12A8481C91:LeaderElection9] INFO  server.RaftServerConfigKeys (ConfUtils.java:logGet(43)) - raft.server.watch.timeout = 10s (default)
2019-09-05 10:57:27,650 [cefd773d-a65b-476c-b903-2f020490a58a@group-BF12A8481C91:LeaderElection9] INFO  server.RaftServerConfigKeys (ConfUtils.java:logGet(43)) - raft.server.watch.timeout.denomination = 1s (default)
2019-09-05 10:57:27,650 [cefd773d-a65b-476c-b903-2f020490a58a@group-BF12A8481C91:LeaderElection9] INFO  server.RaftServerConfigKeys (ConfUtils.java:logGet(43)) - raft.server.watch.element-limit = 65536 (default)
2019-09-05 10:57:27,652 [cefd773d-a65b-476c-b903-2f020490a58a@group-BF12A8481C91:LeaderElection9] INFO  server.RaftServerConfigKeys (ConfUtils.java:logGet(43)) - raft.server.log.appender.snapshot.chunk.size.max = 16MB (=16777216) (default)
2019-09-05 10:57:27,652 [cefd773d-a65b-476c-b903-2f020490a58a@group-BF12A8481C91:LeaderElection9] INFO  server.RaftServerConfigKeys (ConfUtils.java:logGet(43)) - raft.server.log.appender.buffer.byte-limit = 33554432 (custom)
2019-09-05 10:57:27,652 [cefd773d-a65b-476c-b903-2f020490a58a@group-BF12A8481C91:LeaderElection9] INFO  server.RaftServerConfigKeys (ConfUtils.java:logGet(43)) - raft.server.log.appender.buffer.element-limit = 1 (custom)
2019-09-05 10:57:27,652 [5d8d3527-2a3e-4bcd-b079-5fbdf7aae7f6@group-CA9E18B8BDAC:LeaderElection8] INFO  grpc.GrpcConfigKeys$Server (ConfUtils.java:logGet(43)) - raft.grpc.server.leader.outstanding.appends.max = 128 (default)
2019-09-05 10:57:27,652 [cefd773d-a65b-476c-b903-2f020490a58a@group-BF12A8481C91:LeaderElection9] INFO  grpc.GrpcConfigKeys$Server (ConfUtils.java:logGet(43)) - raft.grpc.server.leader.outstanding.appends.max = 128 (default)
2019-09-05 10:57:27,654 [5d8d3527-2a3e-4bcd-b079-5fbdf7aae7f6@group-CA9E18B8BDAC:LeaderElection8] INFO  server.RaftServerConfigKeys (ConfUtils.java:logGet(43)) - raft.server.rpc.request.timeout = 3000ms (default)
2019-09-05 10:57:27,654 [cefd773d-a65b-476c-b903-2f020490a58a@group-BF12A8481C91:LeaderElection9] INFO  server.RaftServerConfigKeys (ConfUtils.java:logGet(43)) - raft.server.rpc.request.timeout = 3000ms (default)
2019-09-05 10:57:27,654 [5d8d3527-2a3e-4bcd-b079-5fbdf7aae7f6@group-CA9E18B8BDAC:LeaderElection8] INFO  server.RaftServerConfigKeys (ConfUtils.java:logGet(43)) - raft.server.log.appender.install.snapshot.enabled = false (custom)
2019-09-05 10:57:27,654 [cefd773d-a65b-476c-b903-2f020490a58a@group-BF12A8481C91:LeaderElection9] INFO  server.RaftServerConfigKeys (ConfUtils.java:logGet(43)) - raft.server.log.appender.install.snapshot.enabled = false (custom)
2019-09-05 10:57:27,655 [5d8d3527-2a3e-4bcd-b079-5fbdf7aae7f6@group-CA9E18B8BDAC:LeaderElection8] INFO  server.RaftServerConfigKeys (ConfUtils.java:logGet(43)) - raft.server.log.appender.snapshot.chunk.size.max = 16MB (=16777216) (default)
2019-09-05 10:57:27,655 [cefd773d-a65b-476c-b903-2f020490a58a@group-BF12A8481C91:LeaderElection9] INFO  server.RaftServerConfigKeys (ConfUtils.java:logGet(43)) - raft.server.log.appender.snapshot.chunk.size.max = 16MB (=16777216) (default)
2019-09-05 10:57:27,655 [5d8d3527-2a3e-4bcd-b079-5fbdf7aae7f6@group-CA9E18B8BDAC:LeaderElection8] INFO  server.RaftServerConfigKeys (ConfUtils.java:logGet(43)) - raft.server.log.appender.buffer.byte-limit = 33554432 (custom)
2019-09-05 10:57:27,655 [cefd773d-a65b-476c-b903-2f020490a58a@group-BF12A8481C91:LeaderElection9] INFO  server.RaftServerConfigKeys (ConfUtils.java:logGet(43)) - raft.server.log.appender.buffer.byte-limit = 33554432 (custom)
2019-09-05 10:57:27,655 [5d8d3527-2a3e-4bcd-b079-5fbdf7aae7f6@group-CA9E18B8BDAC:LeaderElection8] INFO  server.RaftServerConfigKeys (ConfUtils.java:logGet(43)) - raft.server.log.appender.buffer.element-limit = 1 (custom)
2019-09-05 10:57:27,656 [cefd773d-a65b-476c-b903-2f020490a58a@group-BF12A8481C91:LeaderElection9] INFO  server.RaftServerConfigKeys (ConfUtils.java:logGet(43)) - raft.server.log.appender.buffer.element-limit = 1 (custom)
2019-09-05 10:57:27,656 [5d8d3527-2a3e-4bcd-b079-5fbdf7aae7f6@group-CA9E18B8BDAC:LeaderElection8] INFO  grpc.GrpcConfigKeys$Server (ConfUtils.java:logGet(43)) - raft.grpc.server.leader.outstanding.appends.max = 128 (default)
2019-09-05 10:57:27,656 [cefd773d-a65b-476c-b903-2f020490a58a@group-BF12A8481C91:LeaderElection9] INFO  grpc.GrpcConfigKeys$Server (ConfUtils.java:logGet(43)) - raft.grpc.server.leader.outstanding.appends.max = 128 (default)
2019-09-05 10:57:27,656 [5d8d3527-2a3e-4bcd-b079-5fbdf7aae7f6@group-CA9E18B8BDAC:LeaderElection8] INFO  server.RaftServerConfigKeys (ConfUtils.java:logGet(43)) - raft.server.rpc.request.timeout = 3000ms (default)
2019-09-05 10:57:27,656 [cefd773d-a65b-476c-b903-2f020490a58a@group-BF12A8481C91:LeaderElection9] INFO  server.RaftServerConfigKeys (ConfUtils.java:logGet(43)) - raft.server.rpc.request.timeout = 3000ms (default)
2019-09-05 10:57:27,656 [5d8d3527-2a3e-4bcd-b079-5fbdf7aae7f6@group-CA9E18B8BDAC:LeaderElection8] INFO  server.RaftServerConfigKeys (ConfUtils.java:logGet(43)) - raft.server.log.appender.install.snapshot.enabled = false (custom)
2019-09-05 10:57:27,656 [cefd773d-a65b-476c-b903-2f020490a58a@group-BF12A8481C91:LeaderElection9] INFO  server.RaftServerConfigKeys (ConfUtils.java:logGet(43)) - raft.server.log.appender.install.snapshot.enabled = false (custom)
2019-09-05 10:57:27,657 [cefd773d-a65b-476c-b903-2f020490a58a@group-BF12A8481C91:LeaderElection9] INFO  impl.RoleInfo (RoleInfo.java:updateAndGet(143)) - cefd773d-a65b-476c-b903-2f020490a58a: start LeaderState
2019-09-05 10:57:27,657 [5d8d3527-2a3e-4bcd-b079-5fbdf7aae7f6@group-CA9E18B8BDAC:LeaderElection8] INFO  impl.RoleInfo (RoleInfo.java:updateAndGet(143)) - 5d8d3527-2a3e-4bcd-b079-5fbdf7aae7f6: start LeaderState
2019-09-05 10:57:27,658 [cefd773d-a65b-476c-b903-2f020490a58a@group-BF12A8481C91:LeaderElection9] INFO  segmented.SegmentedRaftLogWorker (SegmentedRaftLogWorker.java:startLogSegment(380)) - cefd773d-a65b-476c-b903-2f020490a58a@group-BF12A8481C91-SegmentedRaftLogWorker: Starting segment from index:0
2019-09-05 10:57:27,658 [5d8d3527-2a3e-4bcd-b079-5fbdf7aae7f6@group-CA9E18B8BDAC:LeaderElection8] INFO  segmented.SegmentedRaftLogWorker (SegmentedRaftLogWorker.java:startLogSegment(380)) - 5d8d3527-2a3e-4bcd-b079-5fbdf7aae7f6@group-CA9E18B8BDAC-SegmentedRaftLogWorker: Starting segment from index:0
2019-09-05 10:57:27,659 [cefd773d-a65b-476c-b903-2f020490a58a@group-BF12A8481C91:LeaderElection9] INFO  impl.RaftServerImpl (ServerState.java:setRaftConf(354)) - cefd773d-a65b-476c-b903-2f020490a58a@group-BF12A8481C91: set configuration 0: [cefd773d-a65b-476c-b903-2f020490a58a:192.168.36.83:45105, 3f95e3dc-0a00-4224-befc-5244f1a3079e:192.168.36.83:36493, 9b1bb9e7-35a8-460d-b103-c20534a62010:192.168.36.83:44031], old=null at 0
2019-09-05 10:57:27,707 [5d8d3527-2a3e-4bcd-b079-5fbdf7aae7f6@group-CA9E18B8BDAC:LeaderElection8] INFO  impl.RaftServerImpl (ServerState.java:setRaftConf(354)) - 5d8d3527-2a3e-4bcd-b079-5fbdf7aae7f6@group-CA9E18B8BDAC: set configuration 0: [5d8d3527-2a3e-4bcd-b079-5fbdf7aae7f6:192.168.36.83:34246, 29dabda3-762d-47b4-97f9-ce603194a1e8:192.168.36.83:39827, f6e8258f-1280-422a-9f5c-7c2b00930eeb:192.168.36.83:44549], old=null at 0
2019-09-05 10:57:27,741 [grpc-default-executor-1] INFO  impl.RaftServerImpl (ServerState.java:setLeader(253)) - f6e8258f-1280-422a-9f5c-7c2b00930eeb@group-CA9E18B8BDAC: change Leader from null to 5d8d3527-2a3e-4bcd-b079-5fbdf7aae7f6 at term 1 for appendEntries, leader elected after 5359ms
2019-09-05 10:57:27,742 [grpc-default-executor-0] INFO  impl.RaftServerImpl (ServerState.java:setLeader(253)) - 29dabda3-762d-47b4-97f9-ce603194a1e8@group-CA9E18B8BDAC: change Leader from null to 5d8d3527-2a3e-4bcd-b079-5fbdf7aae7f6 at term 1 for appendEntries, leader elected after 5360ms
2019-09-05 10:57:27,742 [grpc-default-executor-2] INFO  impl.RaftServerImpl (ServerState.java:setLeader(253)) - 3f95e3dc-0a00-4224-befc-5244f1a3079e@group-BF12A8481C91: change Leader from null to cefd773d-a65b-476c-b903-2f020490a58a at term 1 for appendEntries, leader elected after 5216ms
2019-09-05 10:57:27,741 [cefd773d-a65b-476c-b903-2f020490a58a@group-BF12A8481C91-SegmentedRaftLogWorker] INFO  segmented.SegmentedRaftLogWorker (SegmentedRaftLogWorker.java:execute(569)) - cefd773d-a65b-476c-b903-2f020490a58a@group-BF12A8481C91-SegmentedRaftLogWorker: created new log segment /workdir/hadoop-ozone/integration-test/target/test-dir/MiniOzoneClusterImpl-677ba508-865f-4285-99f6-8f2053594021/datanode-6/data/ratis/68f2a6b0-23c1-41d4-a9d9-bf12a8481c91/current/log_inprogress_0
2019-09-05 10:57:27,741 [5d8d3527-2a3e-4bcd-b079-5fbdf7aae7f6@group-CA9E18B8BDAC-SegmentedRaftLogWorker] INFO  segmented.SegmentedRaftLogWorker (SegmentedRaftLogWorker.java:execute(569)) - 5d8d3527-2a3e-4bcd-b079-5fbdf7aae7f6@group-CA9E18B8BDAC-SegmentedRaftLogWorker: created new log segment /workdir/hadoop-ozone/integration-test/target/test-dir/MiniOzoneClusterImpl-677ba508-865f-4285-99f6-8f2053594021/datanode-5/data/ratis/e648b64c-e37f-4c89-8154-ca9e18b8bdac/current/log_inprogress_0
2019-09-05 10:57:27,741 [grpc-default-executor-3] INFO  impl.RaftServerImpl (ServerState.java:setLeader(253)) - 9b1bb9e7-35a8-460d-b103-c20534a62010@group-BF12A8481C91: change Leader from null to cefd773d-a65b-476c-b903-2f020490a58a at term 1 for appendEntries, leader elected after 5216ms
2019-09-05 10:57:27,789 [grpc-default-executor-2] INFO  impl.RaftServerImpl (ServerState.java:setRaftConf(354)) - 3f95e3dc-0a00-4224-befc-5244f1a3079e@group-BF12A8481C91: set configuration 0: [cefd773d-a65b-476c-b903-2f020490a58a:192.168.36.83:45105, 3f95e3dc-0a00-4224-befc-5244f1a3079e:192.168.36.83:36493, 9b1bb9e7-35a8-460d-b103-c20534a62010:192.168.36.83:44031], old=null at 0
2019-09-05 10:57:27,789 [grpc-default-executor-1] INFO  impl.RaftServerImpl (ServerState.java:setRaftConf(354)) - f6e8258f-1280-422a-9f5c-7c2b00930eeb@group-CA9E18B8BDAC: set configuration 0: [5d8d3527-2a3e-4bcd-b079-5fbdf7aae7f6:192.168.36.83:34246, 29dabda3-762d-47b4-97f9-ce603194a1e8:192.168.36.83:39827, f6e8258f-1280-422a-9f5c-7c2b00930eeb:192.168.36.83:44549], old=null at 0
2019-09-05 10:57:27,789 [grpc-default-executor-3] INFO  impl.RaftServerImpl (ServerState.java:setRaftConf(354)) - 9b1bb9e7-35a8-460d-b103-c20534a62010@group-BF12A8481C91: set configuration 0: [cefd773d-a65b-476c-b903-2f020490a58a:192.168.36.83:45105, 3f95e3dc-0a00-4224-befc-5244f1a3079e:192.168.36.83:36493, 9b1bb9e7-35a8-460d-b103-c20534a62010:192.168.36.83:44031], old=null at 0
2019-09-05 10:57:27,789 [grpc-default-executor-1] INFO  segmented.SegmentedRaftLogWorker (SegmentedRaftLogWorker.java:startLogSegment(380)) - f6e8258f-1280-422a-9f5c-7c2b00930eeb@group-CA9E18B8BDAC-SegmentedRaftLogWorker: Starting segment from index:0
2019-09-05 10:57:27,789 [grpc-default-executor-0] INFO  impl.RaftServerImpl (ServerState.java:setRaftConf(354)) - 29dabda3-762d-47b4-97f9-ce603194a1e8@group-CA9E18B8BDAC: set configuration 0: [5d8d3527-2a3e-4bcd-b079-5fbdf7aae7f6:192.168.36.83:34246, 29dabda3-762d-47b4-97f9-ce603194a1e8:192.168.36.83:39827, f6e8258f-1280-422a-9f5c-7c2b00930eeb:192.168.36.83:44549], old=null at 0
2019-09-05 10:57:27,789 [grpc-default-executor-2] INFO  segmented.SegmentedRaftLogWorker (SegmentedRaftLogWorker.java:startLogSegment(380)) - 3f95e3dc-0a00-4224-befc-5244f1a3079e@group-BF12A8481C91-SegmentedRaftLogWorker: Starting segment from index:0
2019-09-05 10:57:27,790 [grpc-default-executor-0] INFO  segmented.SegmentedRaftLogWorker (SegmentedRaftLogWorker.java:startLogSegment(380)) - 29dabda3-762d-47b4-97f9-ce603194a1e8@group-CA9E18B8BDAC-SegmentedRaftLogWorker: Starting segment from index:0
2019-09-05 10:57:27,789 [grpc-default-executor-3] INFO  segmented.SegmentedRaftLogWorker (SegmentedRaftLogWorker.java:startLogSegment(380)) - 9b1bb9e7-35a8-460d-b103-c20534a62010@group-BF12A8481C91-SegmentedRaftLogWorker: Starting segment from index:0
2019-09-05 10:57:27,848 [9b1bb9e7-35a8-460d-b103-c20534a62010@group-BF12A8481C91-SegmentedRaftLogWorker] INFO  segmented.SegmentedRaftLogWorker (SegmentedRaftLogWorker.java:execute(569)) - 9b1bb9e7-35a8-460d-b103-c20534a62010@group-BF12A8481C91-SegmentedRaftLogWorker: created new log segment /workdir/hadoop-ozone/integration-test/target/test-dir/MiniOzoneClusterImpl-677ba508-865f-4285-99f6-8f2053594021/datanode-1/data/ratis/68f2a6b0-23c1-41d4-a9d9-bf12a8481c91/current/log_inprogress_0
2019-09-05 10:57:27,848 [29dabda3-762d-47b4-97f9-ce603194a1e8@group-CA9E18B8BDAC-SegmentedRaftLogWorker] INFO  segmented.SegmentedRaftLogWorker (SegmentedRaftLogWorker.java:execute(569)) - 29dabda3-762d-47b4-97f9-ce603194a1e8@group-CA9E18B8BDAC-SegmentedRaftLogWorker: created new log segment /workdir/hadoop-ozone/integration-test/target/test-dir/MiniOzoneClusterImpl-677ba508-865f-4285-99f6-8f2053594021/datanode-4/data/ratis/e648b64c-e37f-4c89-8154-ca9e18b8bdac/current/log_inprogress_0
2019-09-05 10:57:27,848 [f6e8258f-1280-422a-9f5c-7c2b00930eeb@group-CA9E18B8BDAC-SegmentedRaftLogWorker] INFO  segmented.SegmentedRaftLogWorker (SegmentedRaftLogWorker.java:execute(569)) - f6e8258f-1280-422a-9f5c-7c2b00930eeb@group-CA9E18B8BDAC-SegmentedRaftLogWorker: created new log segment /workdir/hadoop-ozone/integration-test/target/test-dir/MiniOzoneClusterImpl-677ba508-865f-4285-99f6-8f2053594021/datanode-3/data/ratis/e648b64c-e37f-4c89-8154-ca9e18b8bdac/current/log_inprogress_0
2019-09-05 10:57:27,848 [3f95e3dc-0a00-4224-befc-5244f1a3079e@group-BF12A8481C91-SegmentedRaftLogWorker] INFO  segmented.SegmentedRaftLogWorker (SegmentedRaftLogWorker.java:execute(569)) - 3f95e3dc-0a00-4224-befc-5244f1a3079e@group-BF12A8481C91-SegmentedRaftLogWorker: created new log segment /workdir/hadoop-ozone/integration-test/target/test-dir/MiniOzoneClusterImpl-677ba508-865f-4285-99f6-8f2053594021/datanode-0/data/ratis/68f2a6b0-23c1-41d4-a9d9-bf12a8481c91/current/log_inprogress_0
2019-09-05 10:57:28,555 [grpc-default-executor-0] INFO  client.GrpcClientProtocolClient (GrpcClientProtocolClient.java:onNext(264)) - client-D5CF13D806DD->9b1bb9e7-35a8-460d-b103-c20534a62010: receive RaftClientReply:client-D5CF13D806DD->9b1bb9e7-35a8-460d-b103-c20534a62010@group-BF12A8481C91, cid=13, FAILED org.apache.ratis.protocol.NotLeaderException: Server 9b1bb9e7-35a8-460d-b103-c20534a62010@group-BF12A8481C91 is not the leader cefd773d-a65b-476c-b903-2f020490a58a:192.168.36.83:45105, logIndex=0, commits[9b1bb9e7-35a8-460d-b103-c20534a62010:c0, cefd773d-a65b-476c-b903-2f020490a58a:c0, 3f95e3dc-0a00-4224-befc-5244f1a3079e:c-1]
2019-09-05 10:57:28,945 [grpc-default-executor-0] INFO  client.GrpcClientProtocolClient (GrpcClientProtocolClient.java:onNext(264)) - client-D5CF13D806DD->cefd773d-a65b-476c-b903-2f020490a58a: receive RaftClientReply:client-D5CF13D806DD->cefd773d-a65b-476c-b903-2f020490a58a@group-BF12A8481C91, cid=13, SUCCESS, logIndex=1, commits[cefd773d-a65b-476c-b903-2f020490a58a:c2, 3f95e3dc-0a00-4224-befc-5244f1a3079e:c1, 9b1bb9e7-35a8-460d-b103-c20534a62010:c1]
2019-09-05 10:57:29,001 [grpc-default-executor-2] INFO  client.GrpcClientProtocolClient (GrpcClientProtocolClient.java:onNext(264)) - client-D5CF13D806DD->cefd773d-a65b-476c-b903-2f020490a58a: receive RaftClientReply:client-D5CF13D806DD->cefd773d-a65b-476c-b903-2f020490a58a@group-BF12A8481C91, cid=14, SUCCESS, logIndex=3, commits[cefd773d-a65b-476c-b903-2f020490a58a:c3, 3f95e3dc-0a00-4224-befc-5244f1a3079e:c2, 9b1bb9e7-35a8-460d-b103-c20534a62010:c2]
2019-09-05 10:57:29,328 [grpc-default-executor-0] INFO  client.GrpcClientProtocolClient (GrpcClientProtocolClient.java:onNext(264)) - client-D5CF13D806DD->cefd773d-a65b-476c-b903-2f020490a58a: receive RaftClientReply:client-D5CF13D806DD->cefd773d-a65b-476c-b903-2f020490a58a@group-BF12A8481C91, cid=15, SUCCESS, logIndex=4, commits[cefd773d-a65b-476c-b903-2f020490a58a:c12, 3f95e3dc-0a00-4224-befc-5244f1a3079e:c8, 9b1bb9e7-35a8-460d-b103-c20534a62010:c8]
2019-09-05 10:57:29,337 [grpc-default-executor-0] INFO  client.GrpcClientProtocolClient (GrpcClientProtocolClient.java:onNext(264)) - client-D5CF13D806DD->cefd773d-a65b-476c-b903-2f020490a58a: receive RaftClientReply:client-D5CF13D806DD->cefd773d-a65b-476c-b903-2f020490a58a@group-BF12A8481C91, cid=16, SUCCESS, logIndex=5, commits[cefd773d-a65b-476c-b903-2f020490a58a:c12, 3f95e3dc-0a00-4224-befc-5244f1a3079e:c8, 9b1bb9e7-35a8-460d-b103-c20534a62010:c8]
2019-09-05 10:57:29,338 [grpc-default-executor-0] INFO  client.GrpcClientProtocolClient (GrpcClientProtocolClient.java:onNext(264)) - client-D5CF13D806DD->cefd773d-a65b-476c-b903-2f020490a58a: receive RaftClientReply:client-D5CF13D806DD->cefd773d-a65b-476c-b903-2f020490a58a@group-BF12A8481C91, cid=17, SUCCESS, logIndex=6, commits[cefd773d-a65b-476c-b903-2f020490a58a:c12, 3f95e3dc-0a00-4224-befc-5244f1a3079e:c8, 9b1bb9e7-35a8-460d-b103-c20534a62010:c8]
2019-09-05 10:57:29,413 [grpc-default-executor-0] INFO  client.GrpcClientProtocolClient (GrpcClientProtocolClient.java:onNext(264)) - client-D5CF13D806DD->cefd773d-a65b-476c-b903-2f020490a58a: receive RaftClientReply:client-D5CF13D806DD->cefd773d-a65b-476c-b903-2f020490a58a@group-BF12A8481C91, cid=18, SUCCESS, logIndex=7, commits[cefd773d-a65b-476c-b903-2f020490a58a:c12, 3f95e3dc-0a00-4224-befc-5244f1a3079e:c8, 9b1bb9e7-35a8-460d-b103-c20534a62010:c8]
2019-09-05 10:57:29,484 [grpc-default-executor-2] INFO  client.GrpcClientProtocolClient (GrpcClientProtocolClient.java:onNext(264)) - client-D5CF13D806DD->cefd773d-a65b-476c-b903-2f020490a58a: receive RaftClientReply:client-D5CF13D806DD->cefd773d-a65b-476c-b903-2f020490a58a@group-BF12A8481C91, cid=19, SUCCESS, logIndex=13, commits[cefd773d-a65b-476c-b903-2f020490a58a:c13, 3f95e3dc-0a00-4224-befc-5244f1a3079e:c12, 9b1bb9e7-35a8-460d-b103-c20534a62010:c12]
2019-09-05 10:57:29,497 [grpc-default-executor-2] INFO  client.GrpcClientProtocolClient (GrpcClientProtocolClient.java:onNext(264)) - client-D5CF13D806DD->cefd773d-a65b-476c-b903-2f020490a58a: receive RaftClientReply:client-D5CF13D806DD->cefd773d-a65b-476c-b903-2f020490a58a@group-BF12A8481C91, cid=20, SUCCESS, logIndex=14, commits[cefd773d-a65b-476c-b903-2f020490a58a:c14, 3f95e3dc-0a00-4224-befc-5244f1a3079e:c12, 9b1bb9e7-35a8-460d-b103-c20534a62010:c12]
2019-09-05 10:57:30,512 [main] WARN  scm.XceiverClientRatis (XceiverClientRatis.java:watchForCommit(262)) - 3 way commit failed on pipeline Pipeline[ Id: 68f2a6b0-23c1-41d4-a9d9-bf12a8481c91, Nodes: 3f95e3dc-0a00-4224-befc-5244f1a3079e{ip: 192.168.36.83, host: pr-hdds-1561-gm47z-337254333, networkLocation: /default-rack, certSerialId: null}9b1bb9e7-35a8-460d-b103-c20534a62010{ip: 192.168.36.83, host: pr-hdds-1561-gm47z-337254333, networkLocation: /default-rack, certSerialId: null}cefd773d-a65b-476c-b903-2f020490a58a{ip: 192.168.36.83, host: pr-hdds-1561-gm47z-337254333, networkLocation: /default-rack, certSerialId: null}, Type:RATIS, Factor:THREE, State:OPEN]
java.util.concurrent.TimeoutException
	at java.util.concurrent.CompletableFuture.timedGet(CompletableFuture.java:1771)
	at java.util.concurrent.CompletableFuture.get(CompletableFuture.java:1915)
	at org.apache.hadoop.hdds.scm.XceiverClientRatis.watchForCommit(XceiverClientRatis.java:259)
	at org.apache.hadoop.hdds.scm.storage.CommitWatcher.watchForCommit(CommitWatcher.java:194)
	at org.apache.hadoop.hdds.scm.storage.CommitWatcher.watchOnLastIndex(CommitWatcher.java:157)
	at org.apache.hadoop.hdds.scm.storage.BlockOutputStream.watchForCommit(BlockOutputStream.java:347)
	at org.apache.hadoop.hdds.scm.storage.BlockOutputStream.handleFlush(BlockOutputStream.java:479)
	at org.apache.hadoop.hdds.scm.storage.BlockOutputStream.flush(BlockOutputStream.java:428)
	at org.apache.hadoop.ozone.client.io.BlockOutputStreamEntry.flush(BlockOutputStreamEntry.java:136)
	at org.apache.hadoop.ozone.client.io.KeyOutputStream.handleFlushOrClose(KeyOutputStream.java:442)
	at org.apache.hadoop.ozone.client.io.KeyOutputStream.flush(KeyOutputStream.java:396)
	at org.apache.hadoop.ozone.client.io.OzoneOutputStream.flush(OzoneOutputStream.java:54)
	at org.apache.hadoop.ozone.client.rpc.TestBlockOutputStreamWithFailures.test2DatanodesFailure(TestBlockOutputStreamWithFailures.java:461)
	at sun.reflect.NativeMethodAccessorImpl.invoke0(Native Method)
	at sun.reflect.NativeMethodAccessorImpl.invoke(NativeMethodAccessorImpl.java:62)
	at sun.reflect.DelegatingMethodAccessorImpl.invoke(DelegatingMethodAccessorImpl.java:43)
	at java.lang.reflect.Method.invoke(Method.java:498)
	at org.junit.runners.model.FrameworkMethod$1.runReflectiveCall(FrameworkMethod.java:47)
	at org.junit.internal.runners.model.ReflectiveCallable.run(ReflectiveCallable.java:12)
	at org.junit.runners.model.FrameworkMethod.invokeExplosively(FrameworkMethod.java:44)
	at org.junit.internal.runners.statements.InvokeMethod.evaluate(InvokeMethod.java:17)
	at org.junit.internal.runners.statements.RunBefores.evaluate(RunBefores.java:26)
	at org.junit.internal.runners.statements.RunAfters.evaluate(RunAfters.java:27)
	at org.junit.runners.ParentRunner.runLeaf(ParentRunner.java:271)
	at org.junit.runners.BlockJUnit4ClassRunner.runChild(BlockJUnit4ClassRunner.java:70)
	at org.junit.runners.BlockJUnit4ClassRunner.runChild(BlockJUnit4ClassRunner.java:50)
	at org.junit.runners.ParentRunner$3.run(ParentRunner.java:238)
	at org.junit.runners.ParentRunner$1.schedule(ParentRunner.java:63)
	at org.junit.runners.ParentRunner.runChildren(ParentRunner.java:236)
	at org.junit.runners.ParentRunner.access$000(ParentRunner.java:53)
	at org.junit.runners.ParentRunner$2.evaluate(ParentRunner.java:229)
	at org.junit.runners.ParentRunner.run(ParentRunner.java:309)
	at org.apache.maven.surefire.junit4.JUnit4Provider.execute(JUnit4Provider.java:365)
	at org.apache.maven.surefire.junit4.JUnit4Provider.executeWithRerun(JUnit4Provider.java:273)
	at org.apache.maven.surefire.junit4.JUnit4Provider.executeTestSet(JUnit4Provider.java:238)
	at org.apache.maven.surefire.junit4.JUnit4Provider.invoke(JUnit4Provider.java:159)
	at org.apache.maven.surefire.booter.ForkedBooter.invokeProviderInSameClassLoader(ForkedBooter.java:384)
	at org.apache.maven.surefire.booter.ForkedBooter.runSuitesInProcess(ForkedBooter.java:345)
	at org.apache.maven.surefire.booter.ForkedBooter.execute(ForkedBooter.java:126)
	at org.apache.maven.surefire.booter.ForkedBooter.main(ForkedBooter.java:418)
2019-09-05 10:57:31,514 [main] WARN  storage.CommitWatcher (CommitWatcher.java:watchForCommit(203)) - watchForCommit failed for index 14
java.util.concurrent.TimeoutException
	at java.util.concurrent.CompletableFuture.timedGet(CompletableFuture.java:1771)
	at java.util.concurrent.CompletableFuture.get(CompletableFuture.java:1915)
	at org.apache.hadoop.hdds.scm.XceiverClientRatis.watchForCommit(XceiverClientRatis.java:268)
	at org.apache.hadoop.hdds.scm.storage.CommitWatcher.watchForCommit(CommitWatcher.java:194)
	at org.apache.hadoop.hdds.scm.storage.CommitWatcher.watchOnLastIndex(CommitWatcher.java:157)
	at org.apache.hadoop.hdds.scm.storage.BlockOutputStream.watchForCommit(BlockOutputStream.java:347)
	at org.apache.hadoop.hdds.scm.storage.BlockOutputStream.handleFlush(BlockOutputStream.java:479)
	at org.apache.hadoop.hdds.scm.storage.BlockOutputStream.flush(BlockOutputStream.java:428)
	at org.apache.hadoop.ozone.client.io.BlockOutputStreamEntry.flush(BlockOutputStreamEntry.java:136)
	at org.apache.hadoop.ozone.client.io.KeyOutputStream.handleFlushOrClose(KeyOutputStream.java:442)
	at org.apache.hadoop.ozone.client.io.KeyOutputStream.flush(KeyOutputStream.java:396)
	at org.apache.hadoop.ozone.client.io.OzoneOutputStream.flush(OzoneOutputStream.java:54)
	at org.apache.hadoop.ozone.client.rpc.TestBlockOutputStreamWithFailures.test2DatanodesFailure(TestBlockOutputStreamWithFailures.java:461)
	at sun.reflect.NativeMethodAccessorImpl.invoke0(Native Method)
	at sun.reflect.NativeMethodAccessorImpl.invoke(NativeMethodAccessorImpl.java:62)
	at sun.reflect.DelegatingMethodAccessorImpl.invoke(DelegatingMethodAccessorImpl.java:43)
	at java.lang.reflect.Method.invoke(Method.java:498)
	at org.junit.runners.model.FrameworkMethod$1.runReflectiveCall(FrameworkMethod.java:47)
	at org.junit.internal.runners.model.ReflectiveCallable.run(ReflectiveCallable.java:12)
	at org.junit.runners.model.FrameworkMethod.invokeExplosively(FrameworkMethod.java:44)
	at org.junit.internal.runners.statements.InvokeMethod.evaluate(InvokeMethod.java:17)
	at org.junit.internal.runners.statements.RunBefores.evaluate(RunBefores.java:26)
	at org.junit.internal.runners.statements.RunAfters.evaluate(RunAfters.java:27)
	at org.junit.runners.ParentRunner.runLeaf(ParentRunner.java:271)
	at org.junit.runners.BlockJUnit4ClassRunner.runChild(BlockJUnit4ClassRunner.java:70)
	at org.junit.runners.BlockJUnit4ClassRunner.runChild(BlockJUnit4ClassRunner.java:50)
	at org.junit.runners.ParentRunner$3.run(ParentRunner.java:238)
	at org.junit.runners.ParentRunner$1.schedule(ParentRunner.java:63)
	at org.junit.runners.ParentRunner.runChildren(ParentRunner.java:236)
	at org.junit.runners.ParentRunner.access$000(ParentRunner.java:53)
	at org.junit.runners.ParentRunner$2.evaluate(ParentRunner.java:229)
	at org.junit.runners.ParentRunner.run(ParentRunner.java:309)
	at org.apache.maven.surefire.junit4.JUnit4Provider.execute(JUnit4Provider.java:365)
	at org.apache.maven.surefire.junit4.JUnit4Provider.executeWithRerun(JUnit4Provider.java:273)
	at org.apache.maven.surefire.junit4.JUnit4Provider.executeTestSet(JUnit4Provider.java:238)
	at org.apache.maven.surefire.junit4.JUnit4Provider.invoke(JUnit4Provider.java:159)
	at org.apache.maven.surefire.booter.ForkedBooter.invokeProviderInSameClassLoader(ForkedBooter.java:384)
	at org.apache.maven.surefire.booter.ForkedBooter.runSuitesInProcess(ForkedBooter.java:345)
	at org.apache.maven.surefire.booter.ForkedBooter.execute(ForkedBooter.java:126)
	at org.apache.maven.surefire.booter.ForkedBooter.main(ForkedBooter.java:418)
2019-09-05 10:57:31,516 [main] WARN  io.KeyOutputStream (KeyOutputStream.java:handleException(276)) - Encountered exception java.io.IOException: Unexpected Storage Container Exception: java.io.IOException: Unexpected Storage Container Exception: java.util.concurrent.TimeoutException on the pipeline Pipeline[ Id: 68f2a6b0-23c1-41d4-a9d9-bf12a8481c91, Nodes: 3f95e3dc-0a00-4224-befc-5244f1a3079e{ip: 192.168.36.83, host: pr-hdds-1561-gm47z-337254333, networkLocation: /default-rack, certSerialId: null}9b1bb9e7-35a8-460d-b103-c20534a62010{ip: 192.168.36.83, host: pr-hdds-1561-gm47z-337254333, networkLocation: /default-rack, certSerialId: null}cefd773d-a65b-476c-b903-2f020490a58a{ip: 192.168.36.83, host: pr-hdds-1561-gm47z-337254333, networkLocation: /default-rack, certSerialId: null}, Type:RATIS, Factor:THREE, State:OPEN]. The last committed block length is 400, uncommitted data length is 50 retry count 0
2019-09-05 10:57:31,909 [grpc-default-executor-0] INFO  client.GrpcClientProtocolClient (GrpcClientProtocolClient.java:onNext(264)) - client-C0CBE5393621->5d8d3527-2a3e-4bcd-b079-5fbdf7aae7f6: receive RaftClientReply:client-C0CBE5393621->5d8d3527-2a3e-4bcd-b079-5fbdf7aae7f6@group-CA9E18B8BDAC, cid=23, SUCCESS, logIndex=1, commits[5d8d3527-2a3e-4bcd-b079-5fbdf7aae7f6:c1, 29dabda3-762d-47b4-97f9-ce603194a1e8:c0, f6e8258f-1280-422a-9f5c-7c2b00930eeb:c0]
2019-09-05 10:57:32,009 [grpc-default-executor-0] INFO  client.GrpcClientProtocolClient (GrpcClientProtocolClient.java:onNext(264)) - client-D5CF13D806DD->cefd773d-a65b-476c-b903-2f020490a58a: receive RaftClientReply:client-D5CF13D806DD->cefd773d-a65b-476c-b903-2f020490a58a@group-BF12A8481C91, cid=22, SUCCESS, logIndex=0, commits[cefd773d-a65b-476c-b903-2f020490a58a:c16, 3f95e3dc-0a00-4224-befc-5244f1a3079e:c16, 9b1bb9e7-35a8-460d-b103-c20534a62010:c13]
2019-09-05 10:57:32,010 [grpc-default-executor-0] INFO  client.GrpcClientProtocolClient (GrpcClientProtocolClient.java:onNext(264)) - client-D5CF13D806DD->cefd773d-a65b-476c-b903-2f020490a58a: receive RaftClientReply:client-D5CF13D806DD->cefd773d-a65b-476c-b903-2f020490a58a@group-BF12A8481C91, cid=21, SUCCESS, logIndex=0, commits[cefd773d-a65b-476c-b903-2f020490a58a:c16, 3f95e3dc-0a00-4224-befc-5244f1a3079e:c16, 9b1bb9e7-35a8-460d-b103-c20534a62010:c16]
2019-09-05 10:57:32,065 [grpc-default-executor-0] INFO  client.GrpcClientProtocolClient (GrpcClientProtocolClient.java:onNext(264)) - client-C0CBE5393621->5d8d3527-2a3e-4bcd-b079-5fbdf7aae7f6: receive RaftClientReply:client-C0CBE5393621->5d8d3527-2a3e-4bcd-b079-5fbdf7aae7f6@group-CA9E18B8BDAC, cid=24, SUCCESS, logIndex=3, commits[5d8d3527-2a3e-4bcd-b079-5fbdf7aae7f6:c4, 29dabda3-762d-47b4-97f9-ce603194a1e8:c3, f6e8258f-1280-422a-9f5c-7c2b00930eeb:c3]
2019-09-05 10:57:32,066 [main] INFO  ozone.MiniOzoneClusterImpl (MiniOzoneClusterImpl.java:shutdown(307)) - Shutting down the Mini Ozone Cluster
2019-09-05 10:57:32,068 [main] INFO  ozone.MiniOzoneClusterImpl (MiniOzoneClusterImpl.java:stop(322)) - Stopping the Mini Ozone Cluster
2019-09-05 10:57:32,069 [main] INFO  ozone.MiniOzoneClusterImpl (MiniOzoneClusterImpl.java:stop(324)) - Stopping the OzoneManager
2019-09-05 10:57:32,069 [main] INFO  ipc.Server (Server.java:stop(3082)) - Stopping server on 40915
2019-09-05 10:57:32,077 [IPC Server listener on 40915] INFO  ipc.Server (Server.java:run(1185)) - Stopping IPC Server listener on 40915
2019-09-05 10:57:32,079 [main] INFO  ratis.OzoneManagerDoubleBuffer (OzoneManagerDoubleBuffer.java:stop(248)) - Stopping OMDoubleBuffer flush thread
2019-09-05 10:57:32,082 [IPC Server Responder] INFO  ipc.Server (Server.java:run(1319)) - Stopping IPC Server Responder
2019-09-05 10:57:32,086 [OMDoubleBufferFlushThread] INFO  ratis.OzoneManagerDoubleBuffer (OzoneManagerDoubleBuffer.java:flushTransactions(191)) - OMDoubleBuffer flush thread OMDoubleBufferFlushThread is interrupted and will exit. OMDoubleBufferFlushThread
2019-09-05 10:57:32,093 [main] INFO  utils.BackgroundService (BackgroundService.java:shutdown(148)) - Shutting down service KeyDeletingService
2019-09-05 10:57:32,120 [main] INFO  handler.ContextHandler (ContextHandler.java:doStop(910)) - Stopped o.e.j.w.WebAppContext@5cf8edcf{/,null,UNAVAILABLE}{/ozoneManager}
2019-09-05 10:57:32,127 [main] INFO  server.AbstractConnector (AbstractConnector.java:doStop(318)) - Stopped ServerConnector@58cec85b{HTTP/1.1,[http/1.1]}{0.0.0.0:0}
2019-09-05 10:57:32,127 [main] INFO  handler.ContextHandler (ContextHandler.java:doStop(910)) - Stopped o.e.j.s.ServletContextHandler@4d8126f{/static,file:///workdir/hadoop-ozone/integration-test/target/test-classes/webapps/static,UNAVAILABLE}
2019-09-05 10:57:32,127 [main] INFO  handler.ContextHandler (ContextHandler.java:doStop(910)) - Stopped o.e.j.s.ServletContextHandler@7f02251{/logs,file:///workdir/hadoop-ozone/integration-test/target/log,UNAVAILABLE}
2019-09-05 10:57:32,131 [main] INFO  ozone.MiniOzoneClusterImpl (MiniOzoneClusterImpl.java:stop(330)) - Shutting the HddsDatanodes
2019-09-05 10:57:32,824 [Datanode State Machine Thread - 0] INFO  statemachine.DatanodeStateMachine (DatanodeStateMachine.java:lambda$startDaemon$0(350)) - Ozone container server started.
2019-09-05 10:57:32,900 [Datanode State Machine Thread - 0] INFO  statemachine.DatanodeStateMachine (DatanodeStateMachine.java:lambda$startDaemon$0(350)) - Ozone container server started.
2019-09-05 10:57:36,849 [EventQueue-StaleNodeForStaleNodeHandler] INFO  node.StaleNodeHandler (StaleNodeHandler.java:onMessage(58)) - Datanode 29dabda3-762d-47b4-97f9-ce603194a1e8{ip: 192.168.36.83, host: pr-hdds-1561-gm47z-337254333, networkLocation: /default-rack, certSerialId: null} moved to stale state. Finalizing its pipelines [PipelineID=a9c3e03e-8994-4b34-ac04-878bd23d7e3b, PipelineID=e648b64c-e37f-4c89-8154-ca9e18b8bdac]
2019-09-05 10:57:36,849 [EventQueue-StaleNodeForStaleNodeHandler] INFO  pipeline.SCMPipelineManager (SCMPipelineManager.java:finalizeAndDestroyPipeline(309)) - destroying pipeline:Pipeline[ Id: a9c3e03e-8994-4b34-ac04-878bd23d7e3b, Nodes: 29dabda3-762d-47b4-97f9-ce603194a1e8{ip: 192.168.36.83, host: pr-hdds-1561-gm47z-337254333, networkLocation: /default-rack, certSerialId: null}, Type:RATIS, Factor:ONE, State:OPEN]
2019-09-05 10:57:36,851 [EventQueue-StaleNodeForStaleNodeHandler] INFO  pipeline.PipelineStateManager (PipelineStateManager.java:finalizePipeline(123)) - Pipeline Pipeline[ Id: a9c3e03e-8994-4b34-ac04-878bd23d7e3b, Nodes: 29dabda3-762d-47b4-97f9-ce603194a1e8{ip: 192.168.36.83, host: pr-hdds-1561-gm47z-337254333, networkLocation: /default-rack, certSerialId: null}, Type:RATIS, Factor:ONE, State:CLOSED] moved to CLOSED state
2019-09-05 10:57:36,853 [EventQueue-StaleNodeForStaleNodeHandler] INFO  pipeline.SCMPipelineManager (SCMPipelineManager.java:finalizeAndDestroyPipeline(309)) - destroying pipeline:Pipeline[ Id: e648b64c-e37f-4c89-8154-ca9e18b8bdac, Nodes: 5d8d3527-2a3e-4bcd-b079-5fbdf7aae7f6{ip: 192.168.36.83, host: pr-hdds-1561-gm47z-337254333, networkLocation: /default-rack, certSerialId: null}f6e8258f-1280-422a-9f5c-7c2b00930eeb{ip: 192.168.36.83, host: pr-hdds-1561-gm47z-337254333, networkLocation: /default-rack, certSerialId: null}29dabda3-762d-47b4-97f9-ce603194a1e8{ip: 192.168.36.83, host: pr-hdds-1561-gm47z-337254333, networkLocation: /default-rack, certSerialId: null}, Type:RATIS, Factor:THREE, State:OPEN]
2019-09-05 10:57:36,853 [EventQueue-StaleNodeForStaleNodeHandler] INFO  pipeline.PipelineStateManager (PipelineStateManager.java:finalizePipeline(123)) - Pipeline Pipeline[ Id: e648b64c-e37f-4c89-8154-ca9e18b8bdac, Nodes: 5d8d3527-2a3e-4bcd-b079-5fbdf7aae7f6{ip: 192.168.36.83, host: pr-hdds-1561-gm47z-337254333, networkLocation: /default-rack, certSerialId: null}f6e8258f-1280-422a-9f5c-7c2b00930eeb{ip: 192.168.36.83, host: pr-hdds-1561-gm47z-337254333, networkLocation: /default-rack, certSerialId: null}29dabda3-762d-47b4-97f9-ce603194a1e8{ip: 192.168.36.83, host: pr-hdds-1561-gm47z-337254333, networkLocation: /default-rack, certSerialId: null}, Type:RATIS, Factor:THREE, State:CLOSED] moved to CLOSED state
2019-09-05 10:57:36,854 [EventQueue-CloseContainerForCloseContainerEventHandler] INFO  container.CloseContainerEventHandler (CloseContainerEventHandler.java:onMessage(61)) - Close container Event triggered for container : #2
2019-09-05 10:57:36,949 [EventQueue-StaleNodeForStaleNodeHandler] INFO  node.StaleNodeHandler (StaleNodeHandler.java:onMessage(58)) - Datanode 9b1bb9e7-35a8-460d-b103-c20534a62010{ip: 192.168.36.83, host: pr-hdds-1561-gm47z-337254333, networkLocation: /default-rack, certSerialId: null} moved to stale state. Finalizing its pipelines [PipelineID=68f2a6b0-23c1-41d4-a9d9-bf12a8481c91, PipelineID=c2f19951-1ae8-4b05-9412-6a566236aa86]
2019-09-05 10:57:36,952 [EventQueue-StaleNodeForStaleNodeHandler] INFO  pipeline.SCMPipelineManager (SCMPipelineManager.java:finalizeAndDestroyPipeline(309)) - destroying pipeline:Pipeline[ Id: 68f2a6b0-23c1-41d4-a9d9-bf12a8481c91, Nodes: 3f95e3dc-0a00-4224-befc-5244f1a3079e{ip: 192.168.36.83, host: pr-hdds-1561-gm47z-337254333, networkLocation: /default-rack, certSerialId: null}9b1bb9e7-35a8-460d-b103-c20534a62010{ip: 192.168.36.83, host: pr-hdds-1561-gm47z-337254333, networkLocation: /default-rack, certSerialId: null}cefd773d-a65b-476c-b903-2f020490a58a{ip: 192.168.36.83, host: pr-hdds-1561-gm47z-337254333, networkLocation: /default-rack, certSerialId: null}, Type:RATIS, Factor:THREE, State:OPEN]
2019-09-05 10:57:36,952 [EventQueue-StaleNodeForStaleNodeHandler] INFO  pipeline.PipelineStateManager (PipelineStateManager.java:finalizePipeline(123)) - Pipeline Pipeline[ Id: 68f2a6b0-23c1-41d4-a9d9-bf12a8481c91, Nodes: 3f95e3dc-0a00-4224-befc-5244f1a3079e{ip: 192.168.36.83, host: pr-hdds-1561-gm47z-337254333, networkLocation: /default-rack, certSerialId: null}9b1bb9e7-35a8-460d-b103-c20534a62010{ip: 192.168.36.83, host: pr-hdds-1561-gm47z-337254333, networkLocation: /default-rack, certSerialId: null}cefd773d-a65b-476c-b903-2f020490a58a{ip: 192.168.36.83, host: pr-hdds-1561-gm47z-337254333, networkLocation: /default-rack, certSerialId: null}, Type:RATIS, Factor:THREE, State:CLOSED] moved to CLOSED state
2019-09-05 10:57:36,953 [EventQueue-CloseContainerForCloseContainerEventHandler] INFO  container.CloseContainerEventHandler (CloseContainerEventHandler.java:onMessage(61)) - Close container Event triggered for container : #1
2019-09-05 10:57:36,955 [EventQueue-StaleNodeForStaleNodeHandler] INFO  pipeline.SCMPipelineManager (SCMPipelineManager.java:finalizeAndDestroyPipeline(309)) - destroying pipeline:Pipeline[ Id: c2f19951-1ae8-4b05-9412-6a566236aa86, Nodes: 9b1bb9e7-35a8-460d-b103-c20534a62010{ip: 192.168.36.83, host: pr-hdds-1561-gm47z-337254333, networkLocation: /default-rack, certSerialId: null}, Type:RATIS, Factor:ONE, State:OPEN]
2019-09-05 10:57:36,957 [EventQueue-StaleNodeForStaleNodeHandler] INFO  pipeline.PipelineStateManager (PipelineStateManager.java:finalizePipeline(123)) - Pipeline Pipeline[ Id: c2f19951-1ae8-4b05-9412-6a566236aa86, Nodes: 9b1bb9e7-35a8-460d-b103-c20534a62010{ip: 192.168.36.83, host: pr-hdds-1561-gm47z-337254333, networkLocation: /default-rack, certSerialId: null}, Type:RATIS, Factor:ONE, State:CLOSED] moved to CLOSED state
2019-09-05 10:57:37,134 [ForkJoinPool.commonPool-worker-1] INFO  ozoneimpl.OzoneContainer (OzoneContainer.java:stop(216)) - Attempting to stop container services.
2019-09-05 10:57:37,134 [main] INFO  ozoneimpl.OzoneContainer (OzoneContainer.java:stop(216)) - Attempting to stop container services.
2019-09-05 10:57:37,135 [ForkJoinPool.commonPool-worker-1] INFO  impl.RaftServerProxy (RaftServerProxy.java:lambda$close$4(314)) - 9b1bb9e7-35a8-460d-b103-c20534a62010: close
2019-09-05 10:57:37,135 [main] INFO  impl.RaftServerProxy (RaftServerProxy.java:lambda$close$4(314)) - 29dabda3-762d-47b4-97f9-ce603194a1e8: close
2019-09-05 10:57:37,136 [ForkJoinPool.commonPool-worker-1] INFO  impl.RaftServerImpl (RaftServerImpl.java:lambda$shutdown$3(251)) - 9b1bb9e7-35a8-460d-b103-c20534a62010@group-BF12A8481C91: shutdown
2019-09-05 10:57:37,137 [ForkJoinPool.commonPool-worker-1] INFO  util.JmxRegister (JmxRegister.java:unregister(73)) - Successfully un-registered JMX Bean with object name Ratis:service=RaftServer,group=group-BF12A8481C91,id=9b1bb9e7-35a8-460d-b103-c20534a62010
2019-09-05 10:57:37,137 [main] INFO  impl.RaftServerImpl (RaftServerImpl.java:lambda$shutdown$3(251)) - 29dabda3-762d-47b4-97f9-ce603194a1e8@group-878BD23D7E3B: shutdown
2019-09-05 10:57:37,137 [ForkJoinPool.commonPool-worker-1] INFO  impl.RoleInfo (RoleInfo.java:shutdownFollowerState(121)) - 9b1bb9e7-35a8-460d-b103-c20534a62010: shutdown FollowerState
2019-09-05 10:57:37,137 [main] INFO  util.JmxRegister (JmxRegister.java:unregister(73)) - Successfully un-registered JMX Bean with object name Ratis:service=RaftServer,group=group-878BD23D7E3B,id=29dabda3-762d-47b4-97f9-ce603194a1e8
2019-09-05 10:57:37,138 [9b1bb9e7-35a8-460d-b103-c20534a62010@group-BF12A8481C91-StateMachineUpdater] INFO  ratis.ContainerStateMachine (ContainerStateMachine.java:takeSnapshot(289)) - group-BF12A8481C91: Taking a snapshot at:(t:1, i:16) file /workdir/hadoop-ozone/integration-test/target/test-dir/MiniOzoneClusterImpl-677ba508-865f-4285-99f6-8f2053594021/datanode-1/data/ratis/68f2a6b0-23c1-41d4-a9d9-bf12a8481c91/sm/snapshot.1_16
2019-09-05 10:57:37,138 [ForkJoinPool.commonPool-worker-1] INFO  impl.StateMachineUpdater (StateMachineUpdater.java:stopAndJoin(125)) - 9b1bb9e7-35a8-460d-b103-c20534a62010@group-BF12A8481C91-StateMachineUpdater: set stopIndex = 16
2019-09-05 10:57:37,138 [Thread-316] INFO  impl.FollowerState (FollowerState.java:run(115)) - 9b1bb9e7-35a8-460d-b103-c20534a62010: FollowerState was interrupted: java.lang.InterruptedException: sleep interrupted
2019-09-05 10:57:37,138 [main] INFO  impl.RoleInfo (RoleInfo.java:shutdownLeaderState(104)) - 29dabda3-762d-47b4-97f9-ce603194a1e8: shutdown LeaderState
2019-09-05 10:57:37,142 [main] INFO  impl.PendingRequests (PendingRequests.java:sendNotLeaderResponses(202)) - 29dabda3-762d-47b4-97f9-ce603194a1e8-PendingRequests: sendNotLeaderResponses
2019-09-05 10:57:37,145 [main] INFO  impl.StateMachineUpdater (StateMachineUpdater.java:stopAndJoin(125)) - 29dabda3-762d-47b4-97f9-ce603194a1e8@group-878BD23D7E3B-StateMachineUpdater: set stopIndex = 0
2019-09-05 10:57:37,147 [main] INFO  impl.RaftServerImpl (ServerState.java:close(385)) - 29dabda3-762d-47b4-97f9-ce603194a1e8@group-878BD23D7E3B: closes. applyIndex: 0
2019-09-05 10:57:37,149 [29dabda3-762d-47b4-97f9-ce603194a1e8@group-878BD23D7E3B-SegmentedRaftLogWorker] INFO  segmented.SegmentedRaftLogWorker (SegmentedRaftLogWorker.java:run(313)) - 29dabda3-762d-47b4-97f9-ce603194a1e8@group-878BD23D7E3B-SegmentedRaftLogWorker was interrupted, exiting. There are 0 tasks remaining in the queue.
2019-09-05 10:57:37,151 [main] INFO  segmented.SegmentedRaftLogWorker (SegmentedRaftLogWorker.java:close(228)) - 29dabda3-762d-47b4-97f9-ce603194a1e8@group-878BD23D7E3B-SegmentedRaftLogWorker close()
2019-09-05 10:57:37,154 [main] INFO  impl.RaftServerImpl (RaftServerImpl.java:lambda$shutdown$3(251)) - 29dabda3-762d-47b4-97f9-ce603194a1e8@group-CA9E18B8BDAC: shutdown
2019-09-05 10:57:37,155 [main] INFO  util.JmxRegister (JmxRegister.java:unregister(73)) - Successfully un-registered JMX Bean with object name Ratis:service=RaftServer,group=group-CA9E18B8BDAC,id=29dabda3-762d-47b4-97f9-ce603194a1e8
2019-09-05 10:57:37,155 [main] INFO  impl.RoleInfo (RoleInfo.java:shutdownFollowerState(121)) - 29dabda3-762d-47b4-97f9-ce603194a1e8: shutdown FollowerState
2019-09-05 10:57:37,155 [main] INFO  impl.StateMachineUpdater (StateMachineUpdater.java:stopAndJoin(125)) - 29dabda3-762d-47b4-97f9-ce603194a1e8@group-CA9E18B8BDAC-StateMachineUpdater: set stopIndex = 4
2019-09-05 10:57:37,156 [29dabda3-762d-47b4-97f9-ce603194a1e8@group-CA9E18B8BDAC-StateMachineUpdater] INFO  ratis.ContainerStateMachine (ContainerStateMachine.java:takeSnapshot(289)) - group-CA9E18B8BDAC: Taking a snapshot at:(t:1, i:3) file /workdir/hadoop-ozone/integration-test/target/test-dir/MiniOzoneClusterImpl-677ba508-865f-4285-99f6-8f2053594021/datanode-4/data/ratis/e648b64c-e37f-4c89-8154-ca9e18b8bdac/sm/snapshot.1_3
2019-09-05 10:57:37,156 [Thread-312] INFO  impl.FollowerState (FollowerState.java:run(115)) - 29dabda3-762d-47b4-97f9-ce603194a1e8: FollowerState was interrupted: java.lang.InterruptedException: sleep interrupted
2019-09-05 10:57:37,186 [9b1bb9e7-35a8-460d-b103-c20534a62010@group-BF12A8481C91-StateMachineUpdater] INFO  ratis.ContainerStateMachine (ContainerStateMachine.java:takeSnapshot(300)) - group-BF12A8481C91: Finished taking a snapshot at:(t:1, i:16) file:/workdir/hadoop-ozone/integration-test/target/test-dir/MiniOzoneClusterImpl-677ba508-865f-4285-99f6-8f2053594021/datanode-1/data/ratis/68f2a6b0-23c1-41d4-a9d9-bf12a8481c91/sm/snapshot.1_16 time:48
2019-09-05 10:57:37,186 [9b1bb9e7-35a8-460d-b103-c20534a62010@group-BF12A8481C91-StateMachineUpdater] INFO  impl.StateMachineUpdater (StateMachineUpdater.java:takeSnapshot(258)) - 9b1bb9e7-35a8-460d-b103-c20534a62010@group-BF12A8481C91-StateMachineUpdater: Took a snapshot at index 16
2019-09-05 10:57:37,186 [9b1bb9e7-35a8-460d-b103-c20534a62010@group-BF12A8481C91-StateMachineUpdater] INFO  impl.StateMachineUpdater (StateMachineUpdater.java:lambda$new$0(83)) - 9b1bb9e7-35a8-460d-b103-c20534a62010@group-BF12A8481C91-StateMachineUpdater: snapshotIndex: updateIncreasingly -1 -> 16
2019-09-05 10:57:37,193 [ForkJoinPool.commonPool-worker-1] INFO  impl.RaftServerImpl (ServerState.java:close(385)) - 9b1bb9e7-35a8-460d-b103-c20534a62010@group-BF12A8481C91: closes. applyIndex: 16
2019-09-05 10:57:37,194 [9b1bb9e7-35a8-460d-b103-c20534a62010@group-BF12A8481C91-SegmentedRaftLogWorker] INFO  segmented.SegmentedRaftLogWorker (SegmentedRaftLogWorker.java:run(313)) - 9b1bb9e7-35a8-460d-b103-c20534a62010@group-BF12A8481C91-SegmentedRaftLogWorker was interrupted, exiting. There are 0 tasks remaining in the queue.
2019-09-05 10:57:37,198 [ForkJoinPool.commonPool-worker-1] INFO  segmented.SegmentedRaftLogWorker (SegmentedRaftLogWorker.java:close(228)) - 9b1bb9e7-35a8-460d-b103-c20534a62010@group-BF12A8481C91-SegmentedRaftLogWorker close()
2019-09-05 10:57:37,203 [29dabda3-762d-47b4-97f9-ce603194a1e8@group-CA9E18B8BDAC-StateMachineUpdater] INFO  ratis.ContainerStateMachine (ContainerStateMachine.java:takeSnapshot(300)) - group-CA9E18B8BDAC: Finished taking a snapshot at:(t:1, i:3) file:/workdir/hadoop-ozone/integration-test/target/test-dir/MiniOzoneClusterImpl-677ba508-865f-4285-99f6-8f2053594021/datanode-4/data/ratis/e648b64c-e37f-4c89-8154-ca9e18b8bdac/sm/snapshot.1_3 time:47
2019-09-05 10:57:37,203 [ForkJoinPool.commonPool-worker-1] INFO  impl.RaftServerImpl (RaftServerImpl.java:lambda$shutdown$3(251)) - 9b1bb9e7-35a8-460d-b103-c20534a62010@group-6A566236AA86: shutdown
2019-09-05 10:57:37,203 [29dabda3-762d-47b4-97f9-ce603194a1e8@group-CA9E18B8BDAC-StateMachineUpdater] INFO  impl.StateMachineUpdater (StateMachineUpdater.java:takeSnapshot(258)) - 29dabda3-762d-47b4-97f9-ce603194a1e8@group-CA9E18B8BDAC-StateMachineUpdater: Took a snapshot at index 3
2019-09-05 10:57:37,203 [ForkJoinPool.commonPool-worker-1] INFO  util.JmxRegister (JmxRegister.java:unregister(73)) - Successfully un-registered JMX Bean with object name Ratis:service=RaftServer,group=group-6A566236AA86,id=9b1bb9e7-35a8-460d-b103-c20534a62010
2019-09-05 10:57:37,203 [29dabda3-762d-47b4-97f9-ce603194a1e8@group-CA9E18B8BDAC-StateMachineUpdater] INFO  impl.StateMachineUpdater (StateMachineUpdater.java:lambda$new$0(83)) - 29dabda3-762d-47b4-97f9-ce603194a1e8@group-CA9E18B8BDAC-StateMachineUpdater: snapshotIndex: updateIncreasingly -1 -> 3
2019-09-05 10:57:37,203 [ForkJoinPool.commonPool-worker-1] INFO  impl.RoleInfo (RoleInfo.java:shutdownLeaderState(104)) - 9b1bb9e7-35a8-460d-b103-c20534a62010: shutdown LeaderState
2019-09-05 10:57:37,204 [29dabda3-762d-47b4-97f9-ce603194a1e8@group-CA9E18B8BDAC-StateMachineUpdater] INFO  ratis.ContainerStateMachine (ContainerStateMachine.java:takeSnapshot(289)) - group-CA9E18B8BDAC: Taking a snapshot at:(t:1, i:3) file /workdir/hadoop-ozone/integration-test/target/test-dir/MiniOzoneClusterImpl-677ba508-865f-4285-99f6-8f2053594021/datanode-4/data/ratis/e648b64c-e37f-4c89-8154-ca9e18b8bdac/sm/snapshot.1_3
2019-09-05 10:57:37,204 [ForkJoinPool.commonPool-worker-1] INFO  impl.PendingRequests (PendingRequests.java:sendNotLeaderResponses(202)) - 9b1bb9e7-35a8-460d-b103-c20534a62010-PendingRequests: sendNotLeaderResponses
2019-09-05 10:57:37,206 [ForkJoinPool.commonPool-worker-1] INFO  impl.StateMachineUpdater (StateMachineUpdater.java:stopAndJoin(125)) - 9b1bb9e7-35a8-460d-b103-c20534a62010@group-6A566236AA86-StateMachineUpdater: set stopIndex = 0
2019-09-05 10:57:37,208 [ForkJoinPool.commonPool-worker-1] INFO  impl.RaftServerImpl (ServerState.java:close(385)) - 9b1bb9e7-35a8-460d-b103-c20534a62010@group-6A566236AA86: closes. applyIndex: 0
2019-09-05 10:57:37,208 [9b1bb9e7-35a8-460d-b103-c20534a62010@group-6A566236AA86-SegmentedRaftLogWorker] INFO  segmented.SegmentedRaftLogWorker (SegmentedRaftLogWorker.java:run(313)) - 9b1bb9e7-35a8-460d-b103-c20534a62010@group-6A566236AA86-SegmentedRaftLogWorker was interrupted, exiting. There are 0 tasks remaining in the queue.
2019-09-05 10:57:37,209 [ForkJoinPool.commonPool-worker-1] INFO  segmented.SegmentedRaftLogWorker (SegmentedRaftLogWorker.java:close(228)) - 9b1bb9e7-35a8-460d-b103-c20534a62010@group-6A566236AA86-SegmentedRaftLogWorker close()
2019-09-05 10:57:37,212 [ForkJoinPool.commonPool-worker-1] INFO  server.GrpcService (GrpcService.java:closeImpl(164)) - 9b1bb9e7-35a8-460d-b103-c20534a62010: shutdown server with port 44031 now
2019-09-05 10:57:37,216 [ForkJoinPool.commonPool-worker-1] INFO  server.GrpcService (GrpcService.java:closeImpl(172)) - 9b1bb9e7-35a8-460d-b103-c20534a62010: shutdown server with port 44031 successfully
2019-09-05 10:57:37,218 [grpc-default-executor-3] WARN  server.GrpcLogAppender (LogUtils.java:warn(134)) - cefd773d-a65b-476c-b903-2f020490a58a@group-BF12A8481C91->9b1bb9e7-35a8-460d-b103-c20534a62010-AppendLogResponseHandler: Failed appendEntries: org.apache.ratis.thirdparty.io.grpc.StatusRuntimeException: CANCELLED: HTTP/2 error code: CANCEL
Received Rst Stream
2019-09-05 10:57:37,218 [grpc-default-executor-2] WARN  server.GrpcServerProtocolService (LogUtils.java:warn(134)) - 9b1bb9e7-35a8-460d-b103-c20534a62010: installSnapshot onError, lastRequest: cefd773d-a65b-476c-b903-2f020490a58a->9b1bb9e7-35a8-460d-b103-c20534a62010#20-t1, previous=(t:1, i:16), leaderCommit=16, initializing? false, entries: <empty>: org.apache.ratis.thirdparty.io.grpc.StatusRuntimeException: CANCELLED: cancelled before receiving half close
2019-09-05 10:57:37,221 [grpc-default-executor-3] INFO  impl.FollowerInfo (FollowerInfo.java:lambda$new$0(51)) - cefd773d-a65b-476c-b903-2f020490a58a@group-BF12A8481C91->9b1bb9e7-35a8-460d-b103-c20534a62010: nextIndex: updateUnconditionally 17 -> 16
2019-09-05 10:57:37,229 [29dabda3-762d-47b4-97f9-ce603194a1e8@group-CA9E18B8BDAC-StateMachineUpdater] INFO  ratis.ContainerStateMachine (ContainerStateMachine.java:takeSnapshot(300)) - group-CA9E18B8BDAC: Finished taking a snapshot at:(t:1, i:3) file:/workdir/hadoop-ozone/integration-test/target/test-dir/MiniOzoneClusterImpl-677ba508-865f-4285-99f6-8f2053594021/datanode-4/data/ratis/e648b64c-e37f-4c89-8154-ca9e18b8bdac/sm/snapshot.1_3 time:24
2019-09-05 10:57:37,229 [29dabda3-762d-47b4-97f9-ce603194a1e8@group-CA9E18B8BDAC-StateMachineUpdater] INFO  impl.StateMachineUpdater (StateMachineUpdater.java:takeSnapshot(258)) - 29dabda3-762d-47b4-97f9-ce603194a1e8@group-CA9E18B8BDAC-StateMachineUpdater: Took a snapshot at index 3
2019-09-05 10:57:37,230 [29dabda3-762d-47b4-97f9-ce603194a1e8@group-CA9E18B8BDAC-StateMachineUpdater] INFO  impl.StateMachineUpdater (StateMachineUpdater.java:lambda$new$0(83)) - 29dabda3-762d-47b4-97f9-ce603194a1e8@group-CA9E18B8BDAC-StateMachineUpdater: snapshotIndex: updateIncreasingly 3 -> 3
2019-09-05 10:57:37,230 [main] INFO  impl.RaftServerImpl (ServerState.java:close(385)) - 29dabda3-762d-47b4-97f9-ce603194a1e8@group-CA9E18B8BDAC: closes. applyIndex: 4
2019-09-05 10:57:37,230 [refreshUsed-/workdir/hadoop-ozone/integration-test/target/test-dir/MiniOzoneClusterImpl-677ba508-865f-4285-99f6-8f2053594021/datanode-1/data/containers] WARN  fs.CachingGetSpaceUsed (CachingGetSpaceUsed.java:run(183)) - Thread Interrupted waiting to refresh disk information: sleep interrupted
2019-09-05 10:57:37,231 [29dabda3-762d-47b4-97f9-ce603194a1e8@group-CA9E18B8BDAC-SegmentedRaftLogWorker] INFO  segmented.SegmentedRaftLogWorker (SegmentedRaftLogWorker.java:run(313)) - 29dabda3-762d-47b4-97f9-ce603194a1e8@group-CA9E18B8BDAC-SegmentedRaftLogWorker was interrupted, exiting. There are 0 tasks remaining in the queue.
2019-09-05 10:57:37,232 [main] INFO  segmented.SegmentedRaftLogWorker (SegmentedRaftLogWorker.java:close(228)) - 29dabda3-762d-47b4-97f9-ce603194a1e8@group-CA9E18B8BDAC-SegmentedRaftLogWorker close()
2019-09-05 10:57:37,235 [main] INFO  server.GrpcService (GrpcService.java:closeImpl(164)) - 29dabda3-762d-47b4-97f9-ce603194a1e8: shutdown server with port 39827 now
2019-09-05 10:57:37,237 [grpc-default-executor-3] WARN  server.GrpcServerProtocolService (LogUtils.java:warn(134)) - 29dabda3-762d-47b4-97f9-ce603194a1e8: installSnapshot onError, lastRequest: 5d8d3527-2a3e-4bcd-b079-5fbdf7aae7f6->29dabda3-762d-47b4-97f9-ce603194a1e8#8-t1, previous=(t:1, i:4), leaderCommit=4, initializing? false, entries: <empty>: org.apache.ratis.thirdparty.io.grpc.StatusRuntimeException: CANCELLED: cancelled before receiving half close
2019-09-05 10:57:37,238 [main] INFO  server.GrpcService (GrpcService.java:closeImpl(172)) - 29dabda3-762d-47b4-97f9-ce603194a1e8: shutdown server with port 39827 successfully
2019-09-05 10:57:37,240 [grpc-default-executor-2] WARN  server.GrpcLogAppender (LogUtils.java:warn(134)) - 5d8d3527-2a3e-4bcd-b079-5fbdf7aae7f6@group-CA9E18B8BDAC->29dabda3-762d-47b4-97f9-ce603194a1e8-AppendLogResponseHandler: Failed appendEntries: org.apache.ratis.thirdparty.io.grpc.StatusRuntimeException: CANCELLED: HTTP/2 error code: CANCEL
Received Rst Stream
2019-09-05 10:57:37,243 [grpc-default-executor-2] INFO  impl.FollowerInfo (FollowerInfo.java:lambda$new$0(51)) - 5d8d3527-2a3e-4bcd-b079-5fbdf7aae7f6@group-CA9E18B8BDAC->29dabda3-762d-47b4-97f9-ce603194a1e8: nextIndex: updateUnconditionally 5 -> 4
2019-09-05 10:57:37,246 [refreshUsed-/workdir/hadoop-ozone/integration-test/target/test-dir/MiniOzoneClusterImpl-677ba508-865f-4285-99f6-8f2053594021/datanode-4/data/containers] WARN  fs.CachingGetSpaceUsed (CachingGetSpaceUsed.java:run(183)) - Thread Interrupted waiting to refresh disk information: sleep interrupted
2019-09-05 10:57:37,263 [ForkJoinPool.commonPool-worker-1] INFO  utils.BackgroundService (BackgroundService.java:shutdown(148)) - Shutting down service BlockDeletingService
2019-09-05 10:57:37,267 [ForkJoinPool.commonPool-worker-1] INFO  statemachine.DatanodeStateMachine (DatanodeStateMachine.java:stopDaemon(395)) - Ozone container server stopped.
2019-09-05 10:57:37,274 [main] INFO  utils.BackgroundService (BackgroundService.java:shutdown(148)) - Shutting down service BlockDeletingService
2019-09-05 10:57:37,278 [main] INFO  statemachine.DatanodeStateMachine (DatanodeStateMachine.java:stopDaemon(395)) - Ozone container server stopped.
2019-09-05 10:57:37,283 [ForkJoinPool.commonPool-worker-1] INFO  handler.ContextHandler (ContextHandler.java:doStop(910)) - Stopped o.e.j.w.WebAppContext@6cd64ee8{/,null,UNAVAILABLE}{/hddsDatanode}
2019-09-05 10:57:37,283 [main] INFO  handler.ContextHandler (ContextHandler.java:doStop(910)) - Stopped o.e.j.w.WebAppContext@67e13bd0{/,null,UNAVAILABLE}{/hddsDatanode}
2019-09-05 10:57:37,284 [ForkJoinPool.commonPool-worker-1] INFO  server.AbstractConnector (AbstractConnector.java:doStop(318)) - Stopped ServerConnector@620c8641{HTTP/1.1,[http/1.1]}{0.0.0.0:0}
2019-09-05 10:57:37,285 [main] INFO  server.AbstractConnector (AbstractConnector.java:doStop(318)) - Stopped ServerConnector@50fb33a{HTTP/1.1,[http/1.1]}{0.0.0.0:0}
2019-09-05 10:57:37,285 [ForkJoinPool.commonPool-worker-1] INFO  handler.ContextHandler (ContextHandler.java:doStop(910)) - Stopped o.e.j.s.ServletContextHandler@6981f8f3{/static,jar:file:/home/user/.m2/repository/org/apache/hadoop/hadoop-hdds-container-service/0.5.0-SNAPSHOT/hadoop-hdds-container-service-0.5.0-SNAPSHOT.jar!/webapps/static,UNAVAILABLE}
2019-09-05 10:57:37,285 [main] INFO  handler.ContextHandler (ContextHandler.java:doStop(910)) - Stopped o.e.j.s.ServletContextHandler@1e253c9d{/static,jar:file:/home/user/.m2/repository/org/apache/hadoop/hadoop-hdds-container-service/0.5.0-SNAPSHOT/hadoop-hdds-container-service-0.5.0-SNAPSHOT.jar!/webapps/static,UNAVAILABLE}
2019-09-05 10:57:37,287 [ForkJoinPool.commonPool-worker-1] INFO  handler.ContextHandler (ContextHandler.java:doStop(910)) - Stopped o.e.j.s.ServletContextHandler@4c6007fb{/logs,file:///workdir/hadoop-ozone/integration-test/target/log,UNAVAILABLE}
2019-09-05 10:57:37,287 [main] INFO  handler.ContextHandler (ContextHandler.java:doStop(910)) - Stopped o.e.j.s.ServletContextHandler@715b886f{/logs,file:///workdir/hadoop-ozone/integration-test/target/log,UNAVAILABLE}
2019-09-05 10:57:37,859 [Datanode State Machine Thread - 0] INFO  statemachine.DatanodeStateMachine (DatanodeStateMachine.java:lambda$startDaemon$0(350)) - Ozone container server started.
2019-09-05 10:57:38,274 [Datanode State Machine Thread - 0] INFO  statemachine.DatanodeStateMachine (DatanodeStateMachine.java:lambda$startDaemon$0(350)) - Ozone container server started.
2019-09-05 10:57:39,489 [grpc-default-executor-2] WARN  server.GrpcLogAppender (LogUtils.java:warn(134)) - 5d8d3527-2a3e-4bcd-b079-5fbdf7aae7f6@group-CA9E18B8BDAC->29dabda3-762d-47b4-97f9-ce603194a1e8-AppendLogResponseHandler: Failed appendEntries: org.apache.ratis.thirdparty.io.grpc.StatusRuntimeException: UNAVAILABLE: io exception
2019-09-05 10:57:39,491 [grpc-default-executor-2] INFO  impl.FollowerInfo (FollowerInfo.java:lambda$new$0(51)) - 5d8d3527-2a3e-4bcd-b079-5fbdf7aae7f6@group-CA9E18B8BDAC->29dabda3-762d-47b4-97f9-ce603194a1e8: nextIndex: updateUnconditionally 4 -> 3
2019-09-05 10:57:39,518 [grpc-default-executor-0] WARN  server.GrpcLogAppender (LogUtils.java:warn(134)) - cefd773d-a65b-476c-b903-2f020490a58a@group-BF12A8481C91->9b1bb9e7-35a8-460d-b103-c20534a62010-AppendLogResponseHandler: Failed appendEntries: org.apache.ratis.thirdparty.io.grpc.StatusRuntimeException: UNAVAILABLE: io exception
2019-09-05 10:57:39,520 [grpc-default-executor-0] INFO  impl.FollowerInfo (FollowerInfo.java:lambda$new$0(51)) - cefd773d-a65b-476c-b903-2f020490a58a@group-BF12A8481C91->9b1bb9e7-35a8-460d-b103-c20534a62010: nextIndex: updateUnconditionally 16 -> 15
2019-09-05 10:57:39,942 [grpc-default-executor-4] WARN  server.GrpcLogAppender (LogUtils.java:warn(134)) - cefd773d-a65b-476c-b903-2f020490a58a@group-BF12A8481C91->9b1bb9e7-35a8-460d-b103-c20534a62010-AppendLogResponseHandler: Failed appendEntries: org.apache.ratis.thirdparty.io.grpc.StatusRuntimeException: UNAVAILABLE: io exception
2019-09-05 10:57:39,942 [grpc-default-executor-5] WARN  server.GrpcLogAppender (LogUtils.java:warn(134)) - 5d8d3527-2a3e-4bcd-b079-5fbdf7aae7f6@group-CA9E18B8BDAC->29dabda3-762d-47b4-97f9-ce603194a1e8-AppendLogResponseHandler: Failed appendEntries: org.apache.ratis.thirdparty.io.grpc.StatusRuntimeException: UNAVAILABLE: io exception
2019-09-05 10:57:39,944 [grpc-default-executor-4] INFO  impl.FollowerInfo (FollowerInfo.java:lambda$new$0(51)) - cefd773d-a65b-476c-b903-2f020490a58a@group-BF12A8481C91->9b1bb9e7-35a8-460d-b103-c20534a62010: nextIndex: updateUnconditionally 16 -> 15
2019-09-05 10:57:39,946 [grpc-default-executor-5] INFO  impl.FollowerInfo (FollowerInfo.java:lambda$new$0(51)) - 5d8d3527-2a3e-4bcd-b079-5fbdf7aae7f6@group-CA9E18B8BDAC->29dabda3-762d-47b4-97f9-ce603194a1e8: nextIndex: updateUnconditionally 4 -> 3
2019-09-05 10:57:39,971 [grpc-default-executor-4] WARN  server.GrpcLogAppender (LogUtils.java:warn(134)) - 5d8d3527-2a3e-4bcd-b079-5fbdf7aae7f6@group-CA9E18B8BDAC->29dabda3-762d-47b4-97f9-ce603194a1e8-AppendLogResponseHandler: Failed appendEntries: org.apache.ratis.thirdparty.io.grpc.StatusRuntimeException: UNAVAILABLE: io exception
2019-09-05 10:57:39,971 [grpc-default-executor-1] WARN  server.GrpcLogAppender (LogUtils.java:warn(134)) - cefd773d-a65b-476c-b903-2f020490a58a@group-BF12A8481C91->9b1bb9e7-35a8-460d-b103-c20534a62010-AppendLogResponseHandler: Failed appendEntries: org.apache.ratis.thirdparty.io.grpc.StatusRuntimeException: UNAVAILABLE: io exception
2019-09-05 10:57:39,972 [grpc-default-executor-4] INFO  impl.FollowerInfo (FollowerInfo.java:lambda$new$0(51)) - 5d8d3527-2a3e-4bcd-b079-5fbdf7aae7f6@group-CA9E18B8BDAC->29dabda3-762d-47b4-97f9-ce603194a1e8: nextIndex: updateUnconditionally 4 -> 3
2019-09-05 10:57:39,974 [grpc-default-executor-1] INFO  impl.FollowerInfo (FollowerInfo.java:lambda$new$0(51)) - cefd773d-a65b-476c-b903-2f020490a58a@group-BF12A8481C91->9b1bb9e7-35a8-460d-b103-c20534a62010: nextIndex: updateUnconditionally 16 -> 15
2019-09-05 10:57:39,993 [grpc-default-executor-5] WARN  server.GrpcLogAppender (LogUtils.java:warn(134)) - 5d8d3527-2a3e-4bcd-b079-5fbdf7aae7f6@group-CA9E18B8BDAC->29dabda3-762d-47b4-97f9-ce603194a1e8-AppendLogResponseHandler: Failed appendEntries: org.apache.ratis.thirdparty.io.grpc.StatusRuntimeException: UNAVAILABLE: io exception
2019-09-05 10:57:39,995 [grpc-default-executor-5] INFO  impl.FollowerInfo (FollowerInfo.java:lambda$new$0(51)) - 5d8d3527-2a3e-4bcd-b079-5fbdf7aae7f6@group-CA9E18B8BDAC->29dabda3-762d-47b4-97f9-ce603194a1e8: nextIndex: updateUnconditionally 4 -> 3
2019-09-05 10:57:39,995 [grpc-default-executor-2] WARN  server.GrpcLogAppender (LogUtils.java:warn(134)) - cefd773d-a65b-476c-b903-2f020490a58a@group-BF12A8481C91->9b1bb9e7-35a8-460d-b103-c20534a62010-AppendLogResponseHandler: Failed appendEntries: org.apache.ratis.thirdparty.io.grpc.StatusRuntimeException: UNAVAILABLE: io exception
2019-09-05 10:57:39,997 [grpc-default-executor-2] INFO  impl.FollowerInfo (FollowerInfo.java:lambda$new$0(51)) - cefd773d-a65b-476c-b903-2f020490a58a@group-BF12A8481C91->9b1bb9e7-35a8-460d-b103-c20534a62010: nextIndex: updateUnconditionally 16 -> 15
2019-09-05 10:57:40,063 [RatisApplyTransactionExecutor 1] INFO  interfaces.Container (KeyValueContainer.java:flushAndSyncDB(382)) - Container 1 is synced with bcsId 14.
2019-09-05 10:57:40,063 [RatisApplyTransactionExecutor 2] INFO  interfaces.Container (KeyValueContainer.java:flushAndSyncDB(382)) - Container 2 is synced with bcsId 3.
2019-09-05 10:57:40,065 [RatisApplyTransactionExecutor 1] INFO  interfaces.Container (KeyValueContainer.java:flushAndSyncDB(382)) - Container 1 is synced with bcsId 14.
2019-09-05 10:57:40,066 [RatisApplyTransactionExecutor 2] INFO  interfaces.Container (KeyValueContainer.java:flushAndSyncDB(382)) - Container 2 is synced with bcsId 3.
2019-09-05 10:57:40,080 [RatisApplyTransactionExecutor 1] INFO  interfaces.Container (KeyValueContainer.java:flushAndSyncDB(382)) - Container 1 is synced with bcsId 14.
2019-09-05 10:57:40,080 [RatisApplyTransactionExecutor 1] INFO  interfaces.Container (KeyValueContainer.java:flushAndSyncDB(382)) - Container 1 is synced with bcsId 14.
2019-09-05 10:57:40,173 [RatisApplyTransactionExecutor 2] INFO  interfaces.Container (KeyValueContainer.java:flushAndSyncDB(382)) - Container 2 is synced with bcsId 3.
2019-09-05 10:57:40,174 [RatisApplyTransactionExecutor 2] INFO  interfaces.Container (KeyValueContainer.java:flushAndSyncDB(382)) - Container 2 is synced with bcsId 3.
2019-09-05 10:57:40,175 [EventQueue-IncrementalContainerReportForIncrementalContainerReportHandler] INFO  container.IncrementalContainerReportHandler (AbstractContainerReportHandler.java:updateContainerState(176)) - Moving container #1 to CLOSED state, datanode 3f95e3dc-0a00-4224-befc-5244f1a3079e{ip: 192.168.36.83, host: pr-hdds-1561-gm47z-337254333, networkLocation: /default-rack, certSerialId: null} reported CLOSED replica.
2019-09-05 10:57:40,176 [EventQueue-IncrementalContainerReportForIncrementalContainerReportHandler] INFO  container.IncrementalContainerReportHandler (AbstractContainerReportHandler.java:updateContainerState(176)) - Moving container #2 to CLOSED state, datanode 5d8d3527-2a3e-4bcd-b079-5fbdf7aae7f6{ip: 192.168.36.83, host: pr-hdds-1561-gm47z-337254333, networkLocation: /default-rack, certSerialId: null} reported CLOSED replica.
2019-09-05 10:57:41,959 [EventQueue-StaleNodeForStaleNodeHandler] INFO  node.StaleNodeHandler (StaleNodeHandler.java:onMessage(58)) - Datanode f6e8258f-1280-422a-9f5c-7c2b00930eeb{ip: 192.168.36.83, host: pr-hdds-1561-gm47z-337254333, networkLocation: /default-rack, certSerialId: null} moved to stale state. Finalizing its pipelines [PipelineID=3e5fa703-fd52-42e8-b1f5-c42009dd41d9, PipelineID=e648b64c-e37f-4c89-8154-ca9e18b8bdac]
2019-09-05 10:57:41,960 [EventQueue-StaleNodeForStaleNodeHandler] INFO  pipeline.SCMPipelineManager (SCMPipelineManager.java:finalizeAndDestroyPipeline(309)) - destroying pipeline:Pipeline[ Id: 3e5fa703-fd52-42e8-b1f5-c42009dd41d9, Nodes: f6e8258f-1280-422a-9f5c-7c2b00930eeb{ip: 192.168.36.83, host: pr-hdds-1561-gm47z-337254333, networkLocation: /default-rack, certSerialId: null}, Type:RATIS, Factor:ONE, State:OPEN]
2019-09-05 10:57:41,961 [EventQueue-StaleNodeForStaleNodeHandler] INFO  pipeline.PipelineStateManager (PipelineStateManager.java:finalizePipeline(123)) - Pipeline Pipeline[ Id: 3e5fa703-fd52-42e8-b1f5-c42009dd41d9, Nodes: f6e8258f-1280-422a-9f5c-7c2b00930eeb{ip: 192.168.36.83, host: pr-hdds-1561-gm47z-337254333, networkLocation: /default-rack, certSerialId: null}, Type:RATIS, Factor:ONE, State:CLOSED] moved to CLOSED state
2019-09-05 10:57:41,961 [EventQueue-StaleNodeForStaleNodeHandler] INFO  pipeline.SCMPipelineManager (SCMPipelineManager.java:finalizeAndDestroyPipeline(309)) - destroying pipeline:Pipeline[ Id: e648b64c-e37f-4c89-8154-ca9e18b8bdac, Nodes: 5d8d3527-2a3e-4bcd-b079-5fbdf7aae7f6{ip: 192.168.36.83, host: pr-hdds-1561-gm47z-337254333, networkLocation: /default-rack, certSerialId: null}f6e8258f-1280-422a-9f5c-7c2b00930eeb{ip: 192.168.36.83, host: pr-hdds-1561-gm47z-337254333, networkLocation: /default-rack, certSerialId: null}29dabda3-762d-47b4-97f9-ce603194a1e8{ip: 192.168.36.83, host: pr-hdds-1561-gm47z-337254333, networkLocation: /default-rack, certSerialId: null}, Type:RATIS, Factor:THREE, State:CLOSED]
2019-09-05 10:57:42,291 [ForkJoinPool.commonPool-worker-1] INFO  ozoneimpl.OzoneContainer (OzoneContainer.java:stop(216)) - Attempting to stop container services.
2019-09-05 10:57:42,291 [main] INFO  ozoneimpl.OzoneContainer (OzoneContainer.java:stop(216)) - Attempting to stop container services.
2019-09-05 10:57:42,294 [ForkJoinPool.commonPool-worker-1] INFO  impl.RaftServerProxy (RaftServerProxy.java:lambda$close$4(314)) - 30c09380-d5b8-4c4e-a2ad-47e9cd9a2c37: close
2019-09-05 10:57:42,294 [main] INFO  impl.RaftServerProxy (RaftServerProxy.java:lambda$close$4(314)) - f6e8258f-1280-422a-9f5c-7c2b00930eeb: close
2019-09-05 10:57:42,294 [ForkJoinPool.commonPool-worker-1] INFO  impl.RaftServerImpl (RaftServerImpl.java:lambda$shutdown$3(251)) - 30c09380-d5b8-4c4e-a2ad-47e9cd9a2c37@group-1A541FFE150F: shutdown
2019-09-05 10:57:42,295 [main] INFO  impl.RaftServerImpl (RaftServerImpl.java:lambda$shutdown$3(251)) - f6e8258f-1280-422a-9f5c-7c2b00930eeb@group-C42009DD41D9: shutdown
2019-09-05 10:57:42,295 [ForkJoinPool.commonPool-worker-1] INFO  util.JmxRegister (JmxRegister.java:unregister(73)) - Successfully un-registered JMX Bean with object name Ratis:service=RaftServer,group=group-1A541FFE150F,id=30c09380-d5b8-4c4e-a2ad-47e9cd9a2c37
2019-09-05 10:57:42,295 [main] INFO  util.JmxRegister (JmxRegister.java:unregister(73)) - Successfully un-registered JMX Bean with object name Ratis:service=RaftServer,group=group-C42009DD41D9,id=f6e8258f-1280-422a-9f5c-7c2b00930eeb
2019-09-05 10:57:42,296 [ForkJoinPool.commonPool-worker-1] INFO  impl.RoleInfo (RoleInfo.java:shutdownLeaderState(104)) - 30c09380-d5b8-4c4e-a2ad-47e9cd9a2c37: shutdown LeaderState
2019-09-05 10:57:42,296 [main] INFO  impl.RoleInfo (RoleInfo.java:shutdownLeaderState(104)) - f6e8258f-1280-422a-9f5c-7c2b00930eeb: shutdown LeaderState
2019-09-05 10:57:42,296 [ForkJoinPool.commonPool-worker-1] INFO  impl.PendingRequests (PendingRequests.java:sendNotLeaderResponses(202)) - 30c09380-d5b8-4c4e-a2ad-47e9cd9a2c37-PendingRequests: sendNotLeaderResponses
2019-09-05 10:57:42,297 [main] INFO  impl.PendingRequests (PendingRequests.java:sendNotLeaderResponses(202)) - f6e8258f-1280-422a-9f5c-7c2b00930eeb-PendingRequests: sendNotLeaderResponses
2019-09-05 10:57:42,297 [ForkJoinPool.commonPool-worker-1] INFO  impl.StateMachineUpdater (StateMachineUpdater.java:stopAndJoin(125)) - 30c09380-d5b8-4c4e-a2ad-47e9cd9a2c37@group-1A541FFE150F-StateMachineUpdater: set stopIndex = 0
2019-09-05 10:57:42,297 [main] INFO  impl.StateMachineUpdater (StateMachineUpdater.java:stopAndJoin(125)) - f6e8258f-1280-422a-9f5c-7c2b00930eeb@group-C42009DD41D9-StateMachineUpdater: set stopIndex = 0
2019-09-05 10:57:42,297 [ForkJoinPool.commonPool-worker-1] INFO  impl.RaftServerImpl (ServerState.java:close(385)) - 30c09380-d5b8-4c4e-a2ad-47e9cd9a2c37@group-1A541FFE150F: closes. applyIndex: 0
2019-09-05 10:57:42,298 [main] INFO  impl.RaftServerImpl (ServerState.java:close(385)) - f6e8258f-1280-422a-9f5c-7c2b00930eeb@group-C42009DD41D9: closes. applyIndex: 0
2019-09-05 10:57:42,298 [30c09380-d5b8-4c4e-a2ad-47e9cd9a2c37@group-1A541FFE150F-SegmentedRaftLogWorker] INFO  segmented.SegmentedRaftLogWorker (SegmentedRaftLogWorker.java:run(313)) - 30c09380-d5b8-4c4e-a2ad-47e9cd9a2c37@group-1A541FFE150F-SegmentedRaftLogWorker was interrupted, exiting. There are 0 tasks remaining in the queue.
2019-09-05 10:57:42,300 [ForkJoinPool.commonPool-worker-1] INFO  segmented.SegmentedRaftLogWorker (SegmentedRaftLogWorker.java:close(228)) - 30c09380-d5b8-4c4e-a2ad-47e9cd9a2c37@group-1A541FFE150F-SegmentedRaftLogWorker close()
2019-09-05 10:57:42,300 [f6e8258f-1280-422a-9f5c-7c2b00930eeb@group-C42009DD41D9-SegmentedRaftLogWorker] INFO  segmented.SegmentedRaftLogWorker (SegmentedRaftLogWorker.java:run(313)) - f6e8258f-1280-422a-9f5c-7c2b00930eeb@group-C42009DD41D9-SegmentedRaftLogWorker was interrupted, exiting. There are 0 tasks remaining in the queue.
2019-09-05 10:57:42,303 [ForkJoinPool.commonPool-worker-1] INFO  server.GrpcService (GrpcService.java:closeImpl(164)) - 30c09380-d5b8-4c4e-a2ad-47e9cd9a2c37: shutdown server with port 41949 now
2019-09-05 10:57:42,304 [main] INFO  segmented.SegmentedRaftLogWorker (SegmentedRaftLogWorker.java:close(228)) - f6e8258f-1280-422a-9f5c-7c2b00930eeb@group-C42009DD41D9-SegmentedRaftLogWorker close()
2019-09-05 10:57:42,307 [main] INFO  impl.RaftServerImpl (RaftServerImpl.java:lambda$shutdown$3(251)) - f6e8258f-1280-422a-9f5c-7c2b00930eeb@group-CA9E18B8BDAC: shutdown
2019-09-05 10:57:42,308 [ForkJoinPool.commonPool-worker-1] INFO  server.GrpcService (GrpcService.java:closeImpl(172)) - 30c09380-d5b8-4c4e-a2ad-47e9cd9a2c37: shutdown server with port 41949 successfully
2019-09-05 10:57:42,308 [main] INFO  util.JmxRegister (JmxRegister.java:unregister(73)) - Successfully un-registered JMX Bean with object name Ratis:service=RaftServer,group=group-CA9E18B8BDAC,id=f6e8258f-1280-422a-9f5c-7c2b00930eeb
2019-09-05 10:57:42,309 [main] INFO  impl.RoleInfo (RoleInfo.java:shutdownFollowerState(121)) - f6e8258f-1280-422a-9f5c-7c2b00930eeb: shutdown FollowerState
2019-09-05 10:57:42,309 [main] INFO  impl.StateMachineUpdater (StateMachineUpdater.java:stopAndJoin(125)) - f6e8258f-1280-422a-9f5c-7c2b00930eeb@group-CA9E18B8BDAC-StateMachineUpdater: set stopIndex = 5
2019-09-05 10:57:42,310 [refreshUsed-/workdir/hadoop-ozone/integration-test/target/test-dir/MiniOzoneClusterImpl-677ba508-865f-4285-99f6-8f2053594021/datanode-2/data/containers] WARN  fs.CachingGetSpaceUsed (CachingGetSpaceUsed.java:run(183)) - Thread Interrupted waiting to refresh disk information: sleep interrupted
2019-09-05 10:57:42,310 [f6e8258f-1280-422a-9f5c-7c2b00930eeb@group-CA9E18B8BDAC-StateMachineUpdater] INFO  ratis.ContainerStateMachine (ContainerStateMachine.java:takeSnapshot(289)) - group-CA9E18B8BDAC: Taking a snapshot at:(t:1, i:5) file /workdir/hadoop-ozone/integration-test/target/test-dir/MiniOzoneClusterImpl-677ba508-865f-4285-99f6-8f2053594021/datanode-3/data/ratis/e648b64c-e37f-4c89-8154-ca9e18b8bdac/sm/snapshot.1_5
2019-09-05 10:57:42,310 [Thread-311] INFO  impl.FollowerState (FollowerState.java:run(115)) - f6e8258f-1280-422a-9f5c-7c2b00930eeb: FollowerState was interrupted: java.lang.InterruptedException: sleep interrupted
2019-09-05 10:57:42,334 [ForkJoinPool.commonPool-worker-1] INFO  utils.BackgroundService (BackgroundService.java:shutdown(148)) - Shutting down service BlockDeletingService
2019-09-05 10:57:42,338 [ForkJoinPool.commonPool-worker-1] INFO  statemachine.DatanodeStateMachine (DatanodeStateMachine.java:stopDaemon(395)) - Ozone container server stopped.
2019-09-05 10:57:42,343 [ForkJoinPool.commonPool-worker-1] INFO  handler.ContextHandler (ContextHandler.java:doStop(910)) - Stopped o.e.j.w.WebAppContext@77b919a3{/,null,UNAVAILABLE}{/hddsDatanode}
2019-09-05 10:57:42,344 [ForkJoinPool.commonPool-worker-1] INFO  server.AbstractConnector (AbstractConnector.java:doStop(318)) - Stopped ServerConnector@5624657a{HTTP/1.1,[http/1.1]}{0.0.0.0:0}
2019-09-05 10:57:42,346 [ForkJoinPool.commonPool-worker-1] INFO  handler.ContextHandler (ContextHandler.java:doStop(910)) - Stopped o.e.j.s.ServletContextHandler@30b131b2{/static,jar:file:/home/user/.m2/repository/org/apache/hadoop/hadoop-hdds-container-service/0.5.0-SNAPSHOT/hadoop-hdds-container-service-0.5.0-SNAPSHOT.jar!/webapps/static,UNAVAILABLE}
2019-09-05 10:57:42,348 [ForkJoinPool.commonPool-worker-1] INFO  handler.ContextHandler (ContextHandler.java:doStop(910)) - Stopped o.e.j.s.ServletContextHandler@4da6d664{/logs,file:///workdir/hadoop-ozone/integration-test/target/log,UNAVAILABLE}
2019-09-05 10:57:42,359 [EventQueue-StaleNodeForStaleNodeHandler] INFO  node.StaleNodeHandler (StaleNodeHandler.java:onMessage(58)) - Datanode 30c09380-d5b8-4c4e-a2ad-47e9cd9a2c37{ip: 192.168.36.83, host: pr-hdds-1561-gm47z-337254333, networkLocation: /default-rack, certSerialId: null} moved to stale state. Finalizing its pipelines [PipelineID=81d70730-3b46-4ab6-af00-1a541ffe150f]
2019-09-05 10:57:42,359 [EventQueue-StaleNodeForStaleNodeHandler] INFO  pipeline.SCMPipelineManager (SCMPipelineManager.java:finalizeAndDestroyPipeline(309)) - destroying pipeline:Pipeline[ Id: 81d70730-3b46-4ab6-af00-1a541ffe150f, Nodes: 30c09380-d5b8-4c4e-a2ad-47e9cd9a2c37{ip: 192.168.36.83, host: pr-hdds-1561-gm47z-337254333, networkLocation: /default-rack, certSerialId: null}, Type:RATIS, Factor:ONE, State:OPEN]
2019-09-05 10:57:42,359 [EventQueue-StaleNodeForStaleNodeHandler] INFO  pipeline.PipelineStateManager (PipelineStateManager.java:finalizePipeline(123)) - Pipeline Pipeline[ Id: 81d70730-3b46-4ab6-af00-1a541ffe150f, Nodes: 30c09380-d5b8-4c4e-a2ad-47e9cd9a2c37{ip: 192.168.36.83, host: pr-hdds-1561-gm47z-337254333, networkLocation: /default-rack, certSerialId: null}, Type:RATIS, Factor:ONE, State:CLOSED] moved to CLOSED state
2019-09-05 10:57:42,395 [f6e8258f-1280-422a-9f5c-7c2b00930eeb@group-CA9E18B8BDAC-StateMachineUpdater] INFO  ratis.ContainerStateMachine (ContainerStateMachine.java:takeSnapshot(300)) - group-CA9E18B8BDAC: Finished taking a snapshot at:(t:1, i:5) file:/workdir/hadoop-ozone/integration-test/target/test-dir/MiniOzoneClusterImpl-677ba508-865f-4285-99f6-8f2053594021/datanode-3/data/ratis/e648b64c-e37f-4c89-8154-ca9e18b8bdac/sm/snapshot.1_5 time:85
2019-09-05 10:57:42,395 [f6e8258f-1280-422a-9f5c-7c2b00930eeb@group-CA9E18B8BDAC-StateMachineUpdater] INFO  impl.StateMachineUpdater (StateMachineUpdater.java:takeSnapshot(258)) - f6e8258f-1280-422a-9f5c-7c2b00930eeb@group-CA9E18B8BDAC-StateMachineUpdater: Took a snapshot at index 5
2019-09-05 10:57:42,395 [f6e8258f-1280-422a-9f5c-7c2b00930eeb@group-CA9E18B8BDAC-StateMachineUpdater] INFO  impl.StateMachineUpdater (StateMachineUpdater.java:lambda$new$0(83)) - f6e8258f-1280-422a-9f5c-7c2b00930eeb@group-CA9E18B8BDAC-StateMachineUpdater: snapshotIndex: updateIncreasingly -1 -> 5
2019-09-05 10:57:42,396 [main] INFO  impl.RaftServerImpl (ServerState.java:close(385)) - f6e8258f-1280-422a-9f5c-7c2b00930eeb@group-CA9E18B8BDAC: closes. applyIndex: 5
2019-09-05 10:57:42,396 [f6e8258f-1280-422a-9f5c-7c2b00930eeb@group-CA9E18B8BDAC-SegmentedRaftLogWorker] INFO  segmented.SegmentedRaftLogWorker (SegmentedRaftLogWorker.java:run(313)) - f6e8258f-1280-422a-9f5c-7c2b00930eeb@group-CA9E18B8BDAC-SegmentedRaftLogWorker was interrupted, exiting. There are 0 tasks remaining in the queue.
2019-09-05 10:57:42,398 [main] INFO  segmented.SegmentedRaftLogWorker (SegmentedRaftLogWorker.java:close(228)) - f6e8258f-1280-422a-9f5c-7c2b00930eeb@group-CA9E18B8BDAC-SegmentedRaftLogWorker close()
2019-09-05 10:57:42,399 [main] INFO  server.GrpcService (GrpcService.java:closeImpl(164)) - f6e8258f-1280-422a-9f5c-7c2b00930eeb: shutdown server with port 44549 now
2019-09-05 10:57:42,401 [main] INFO  server.GrpcService (GrpcService.java:closeImpl(172)) - f6e8258f-1280-422a-9f5c-7c2b00930eeb: shutdown server with port 44549 successfully
2019-09-05 10:57:42,401 [grpc-default-executor-5] WARN  server.GrpcServerProtocolService (LogUtils.java:warn(134)) - f6e8258f-1280-422a-9f5c-7c2b00930eeb: installSnapshot onError, lastRequest: 5d8d3527-2a3e-4bcd-b079-5fbdf7aae7f6->f6e8258f-1280-422a-9f5c-7c2b00930eeb#11-t1, previous=(t:1, i:5), leaderCommit=5, initializing? false, entries: size=1, first=(t:1, i:6), METADATAENTRY(c5): org.apache.ratis.thirdparty.io.grpc.StatusRuntimeException: CANCELLED: cancelled before receiving half close
2019-09-05 10:57:42,404 [grpc-default-executor-1] WARN  server.GrpcLogAppender (LogUtils.java:warn(134)) - 5d8d3527-2a3e-4bcd-b079-5fbdf7aae7f6@group-CA9E18B8BDAC->f6e8258f-1280-422a-9f5c-7c2b00930eeb-AppendLogResponseHandler: Failed appendEntries: org.apache.ratis.thirdparty.io.grpc.StatusRuntimeException: CANCELLED: HTTP/2 error code: CANCEL
Received Rst Stream
2019-09-05 10:57:42,406 [grpc-default-executor-1] INFO  impl.FollowerInfo (FollowerInfo.java:lambda$new$0(51)) - 5d8d3527-2a3e-4bcd-b079-5fbdf7aae7f6@group-CA9E18B8BDAC->f6e8258f-1280-422a-9f5c-7c2b00930eeb: nextIndex: updateUnconditionally 7 -> 6
2019-09-05 10:57:42,406 [refreshUsed-/workdir/hadoop-ozone/integration-test/target/test-dir/MiniOzoneClusterImpl-677ba508-865f-4285-99f6-8f2053594021/datanode-3/data/containers] WARN  fs.CachingGetSpaceUsed (CachingGetSpaceUsed.java:run(183)) - Thread Interrupted waiting to refresh disk information: sleep interrupted
2019-09-05 10:57:42,425 [main] INFO  utils.BackgroundService (BackgroundService.java:shutdown(148)) - Shutting down service BlockDeletingService
2019-09-05 10:57:42,429 [main] INFO  statemachine.DatanodeStateMachine (DatanodeStateMachine.java:stopDaemon(395)) - Ozone container server stopped.
2019-09-05 10:57:42,430 [main] INFO  handler.ContextHandler (ContextHandler.java:doStop(910)) - Stopped o.e.j.w.WebAppContext@97d0c06{/,null,UNAVAILABLE}{/hddsDatanode}
2019-09-05 10:57:42,431 [main] INFO  server.AbstractConnector (AbstractConnector.java:doStop(318)) - Stopped ServerConnector@5e7c141d{HTTP/1.1,[http/1.1]}{0.0.0.0:0}
2019-09-05 10:57:42,431 [main] INFO  handler.ContextHandler (ContextHandler.java:doStop(910)) - Stopped o.e.j.s.ServletContextHandler@53f4c1e6{/static,jar:file:/home/user/.m2/repository/org/apache/hadoop/hadoop-hdds-container-service/0.5.0-SNAPSHOT/hadoop-hdds-container-service-0.5.0-SNAPSHOT.jar!/webapps/static,UNAVAILABLE}
2019-09-05 10:57:42,431 [main] INFO  handler.ContextHandler (ContextHandler.java:doStop(910)) - Stopped o.e.j.s.ServletContextHandler@1981d861{/logs,file:///workdir/hadoop-ozone/integration-test/target/log,UNAVAILABLE}
2019-09-05 10:57:42,494 [grpc-default-executor-4] WARN  server.GrpcLogAppender (LogUtils.java:warn(134)) - 5d8d3527-2a3e-4bcd-b079-5fbdf7aae7f6@group-CA9E18B8BDAC->f6e8258f-1280-422a-9f5c-7c2b00930eeb-AppendLogResponseHandler: Failed appendEntries: org.apache.ratis.thirdparty.io.grpc.StatusRuntimeException: UNAVAILABLE: io exception
2019-09-05 10:57:42,495 [grpc-default-executor-4] INFO  impl.FollowerInfo (FollowerInfo.java:lambda$new$0(51)) - 5d8d3527-2a3e-4bcd-b079-5fbdf7aae7f6@group-CA9E18B8BDAC->f6e8258f-1280-422a-9f5c-7c2b00930eeb: nextIndex: updateUnconditionally 6 -> 5
2019-09-05 10:57:42,496 [grpc-default-executor-3] WARN  server.GrpcLogAppender (LogUtils.java:warn(134)) - cefd773d-a65b-476c-b903-2f020490a58a@group-BF12A8481C91->9b1bb9e7-35a8-460d-b103-c20534a62010-AppendLogResponseHandler: Failed appendEntries: org.apache.ratis.thirdparty.io.grpc.StatusRuntimeException: UNAVAILABLE: io exception
2019-09-05 10:57:42,496 [grpc-default-executor-1] WARN  server.GrpcLogAppender (LogUtils.java:warn(134)) - 5d8d3527-2a3e-4bcd-b079-5fbdf7aae7f6@group-CA9E18B8BDAC->29dabda3-762d-47b4-97f9-ce603194a1e8-AppendLogResponseHandler: Failed appendEntries: org.apache.ratis.thirdparty.io.grpc.StatusRuntimeException: UNAVAILABLE: io exception
2019-09-05 10:57:42,497 [grpc-default-executor-3] INFO  impl.FollowerInfo (FollowerInfo.java:lambda$new$0(51)) - cefd773d-a65b-476c-b903-2f020490a58a@group-BF12A8481C91->9b1bb9e7-35a8-460d-b103-c20534a62010: nextIndex: updateUnconditionally 15 -> 14
2019-09-05 10:57:42,501 [grpc-default-executor-1] INFO  impl.FollowerInfo (FollowerInfo.java:lambda$new$0(51)) - 5d8d3527-2a3e-4bcd-b079-5fbdf7aae7f6@group-CA9E18B8BDAC->29dabda3-762d-47b4-97f9-ce603194a1e8: nextIndex: updateUnconditionally 3 -> 2
2019-09-05 10:57:43,174 [Datanode State Machine Thread - 0] INFO  statemachine.DatanodeStateMachine (DatanodeStateMachine.java:lambda$startDaemon$0(350)) - Ozone container server started.
2019-09-05 10:57:43,175 [Datanode State Machine Thread - 0] INFO  statemachine.DatanodeStateMachine (DatanodeStateMachine.java:lambda$startDaemon$0(350)) - Ozone container server started.
2019-09-05 10:57:44,999 [grpc-default-executor-3] WARN  server.GrpcLogAppender (LogUtils.java:warn(134)) - 5d8d3527-2a3e-4bcd-b079-5fbdf7aae7f6@group-CA9E18B8BDAC->29dabda3-762d-47b4-97f9-ce603194a1e8-AppendLogResponseHandler: Failed appendEntries: org.apache.ratis.thirdparty.io.grpc.StatusRuntimeException: UNAVAILABLE: io exception
2019-09-05 10:57:44,999 [grpc-default-executor-4] WARN  server.GrpcLogAppender (LogUtils.java:warn(134)) - 5d8d3527-2a3e-4bcd-b079-5fbdf7aae7f6@group-CA9E18B8BDAC->f6e8258f-1280-422a-9f5c-7c2b00930eeb-AppendLogResponseHandler: Failed appendEntries: org.apache.ratis.thirdparty.io.grpc.StatusRuntimeException: UNAVAILABLE: io exception
2019-09-05 10:57:45,001 [grpc-default-executor-3] INFO  impl.FollowerInfo (FollowerInfo.java:lambda$new$0(51)) - 5d8d3527-2a3e-4bcd-b079-5fbdf7aae7f6@group-CA9E18B8BDAC->29dabda3-762d-47b4-97f9-ce603194a1e8: nextIndex: updateUnconditionally 2 -> 1
2019-09-05 10:57:45,002 [grpc-default-executor-4] INFO  impl.FollowerInfo (FollowerInfo.java:lambda$new$0(51)) - 5d8d3527-2a3e-4bcd-b079-5fbdf7aae7f6@group-CA9E18B8BDAC->f6e8258f-1280-422a-9f5c-7c2b00930eeb: nextIndex: updateUnconditionally 5 -> 4
2019-09-05 10:57:45,002 [grpc-default-executor-3] WARN  server.GrpcLogAppender (LogUtils.java:warn(134)) - cefd773d-a65b-476c-b903-2f020490a58a@group-BF12A8481C91->9b1bb9e7-35a8-460d-b103-c20534a62010-AppendLogResponseHandler: Failed appendEntries: org.apache.ratis.thirdparty.io.grpc.StatusRuntimeException: UNAVAILABLE: io exception
2019-09-05 10:57:45,003 [grpc-default-executor-3] INFO  impl.FollowerInfo (FollowerInfo.java:lambda$new$0(51)) - cefd773d-a65b-476c-b903-2f020490a58a@group-BF12A8481C91->9b1bb9e7-35a8-460d-b103-c20534a62010: nextIndex: updateUnconditionally 14 -> 13
2019-09-05 10:57:47,266 [EventQueue-StaleNodeForStaleNodeHandler] INFO  node.StaleNodeHandler (StaleNodeHandler.java:onMessage(58)) - Datanode 3f95e3dc-0a00-4224-befc-5244f1a3079e{ip: 192.168.36.83, host: pr-hdds-1561-gm47z-337254333, networkLocation: /default-rack, certSerialId: null} moved to stale state. Finalizing its pipelines [PipelineID=68f2a6b0-23c1-41d4-a9d9-bf12a8481c91, PipelineID=34ba1fa3-f4e4-401a-b88e-c175ef273e87]
2019-09-05 10:57:47,266 [EventQueue-StaleNodeForStaleNodeHandler] INFO  pipeline.SCMPipelineManager (SCMPipelineManager.java:finalizeAndDestroyPipeline(309)) - destroying pipeline:Pipeline[ Id: 68f2a6b0-23c1-41d4-a9d9-bf12a8481c91, Nodes: 3f95e3dc-0a00-4224-befc-5244f1a3079e{ip: 192.168.36.83, host: pr-hdds-1561-gm47z-337254333, networkLocation: /default-rack, certSerialId: null}9b1bb9e7-35a8-460d-b103-c20534a62010{ip: 192.168.36.83, host: pr-hdds-1561-gm47z-337254333, networkLocation: /default-rack, certSerialId: null}cefd773d-a65b-476c-b903-2f020490a58a{ip: 192.168.36.83, host: pr-hdds-1561-gm47z-337254333, networkLocation: /default-rack, certSerialId: null}, Type:RATIS, Factor:THREE, State:CLOSED]
2019-09-05 10:57:47,267 [EventQueue-StaleNodeForStaleNodeHandler] INFO  pipeline.SCMPipelineManager (SCMPipelineManager.java:finalizeAndDestroyPipeline(309)) - destroying pipeline:Pipeline[ Id: 34ba1fa3-f4e4-401a-b88e-c175ef273e87, Nodes: 3f95e3dc-0a00-4224-befc-5244f1a3079e{ip: 192.168.36.83, host: pr-hdds-1561-gm47z-337254333, networkLocation: /default-rack, certSerialId: null}, Type:RATIS, Factor:ONE, State:OPEN]
2019-09-05 10:57:47,267 [EventQueue-StaleNodeForStaleNodeHandler] INFO  pipeline.PipelineStateManager (PipelineStateManager.java:finalizePipeline(123)) - Pipeline Pipeline[ Id: 34ba1fa3-f4e4-401a-b88e-c175ef273e87, Nodes: 3f95e3dc-0a00-4224-befc-5244f1a3079e{ip: 192.168.36.83, host: pr-hdds-1561-gm47z-337254333, networkLocation: /default-rack, certSerialId: null}, Type:RATIS, Factor:ONE, State:CLOSED] moved to CLOSED state
2019-09-05 10:57:47,267 [EventQueue-StaleNodeForStaleNodeHandler] INFO  node.StaleNodeHandler (StaleNodeHandler.java:onMessage(58)) - Datanode cefd773d-a65b-476c-b903-2f020490a58a{ip: 192.168.36.83, host: pr-hdds-1561-gm47z-337254333, networkLocation: /default-rack, certSerialId: null} moved to stale state. Finalizing its pipelines [PipelineID=53f7eb5a-0b5d-4d4b-a8b2-0b37d73c1fc2, PipelineID=68f2a6b0-23c1-41d4-a9d9-bf12a8481c91]
2019-09-05 10:57:47,267 [EventQueue-StaleNodeForStaleNodeHandler] INFO  pipeline.SCMPipelineManager (SCMPipelineManager.java:finalizeAndDestroyPipeline(309)) - destroying pipeline:Pipeline[ Id: 53f7eb5a-0b5d-4d4b-a8b2-0b37d73c1fc2, Nodes: cefd773d-a65b-476c-b903-2f020490a58a{ip: 192.168.36.83, host: pr-hdds-1561-gm47z-337254333, networkLocation: /default-rack, certSerialId: null}, Type:RATIS, Factor:ONE, State:OPEN]
2019-09-05 10:57:47,267 [EventQueue-StaleNodeForStaleNodeHandler] INFO  pipeline.PipelineStateManager (PipelineStateManager.java:finalizePipeline(123)) - Pipeline Pipeline[ Id: 53f7eb5a-0b5d-4d4b-a8b2-0b37d73c1fc2, Nodes: cefd773d-a65b-476c-b903-2f020490a58a{ip: 192.168.36.83, host: pr-hdds-1561-gm47z-337254333, networkLocation: /default-rack, certSerialId: null}, Type:RATIS, Factor:ONE, State:CLOSED] moved to CLOSED state
2019-09-05 10:57:47,268 [EventQueue-StaleNodeForStaleNodeHandler] INFO  pipeline.SCMPipelineManager (SCMPipelineManager.java:finalizeAndDestroyPipeline(309)) - destroying pipeline:Pipeline[ Id: 68f2a6b0-23c1-41d4-a9d9-bf12a8481c91, Nodes: 3f95e3dc-0a00-4224-befc-5244f1a3079e{ip: 192.168.36.83, host: pr-hdds-1561-gm47z-337254333, networkLocation: /default-rack, certSerialId: null}9b1bb9e7-35a8-460d-b103-c20534a62010{ip: 192.168.36.83, host: pr-hdds-1561-gm47z-337254333, networkLocation: /default-rack, certSerialId: null}cefd773d-a65b-476c-b903-2f020490a58a{ip: 192.168.36.83, host: pr-hdds-1561-gm47z-337254333, networkLocation: /default-rack, certSerialId: null}, Type:RATIS, Factor:THREE, State:CLOSED]
2019-09-05 10:57:47,350 [ForkJoinPool.commonPool-worker-1] INFO  ozoneimpl.OzoneContainer (OzoneContainer.java:stop(216)) - Attempting to stop container services.
2019-09-05 10:57:47,352 [ForkJoinPool.commonPool-worker-1] INFO  impl.RaftServerProxy (RaftServerProxy.java:lambda$close$4(314)) - 3f95e3dc-0a00-4224-befc-5244f1a3079e: close
2019-09-05 10:57:47,352 [ForkJoinPool.commonPool-worker-1] INFO  impl.RaftServerImpl (RaftServerImpl.java:lambda$shutdown$3(251)) - 3f95e3dc-0a00-4224-befc-5244f1a3079e@group-BF12A8481C91: shutdown
2019-09-05 10:57:47,353 [ForkJoinPool.commonPool-worker-1] INFO  util.JmxRegister (JmxRegister.java:unregister(73)) - Successfully un-registered JMX Bean with object name Ratis:service=RaftServer,group=group-BF12A8481C91,id=3f95e3dc-0a00-4224-befc-5244f1a3079e
2019-09-05 10:57:47,353 [ForkJoinPool.commonPool-worker-1] INFO  impl.RoleInfo (RoleInfo.java:shutdownFollowerState(121)) - 3f95e3dc-0a00-4224-befc-5244f1a3079e: shutdown FollowerState
2019-09-05 10:57:47,353 [ForkJoinPool.commonPool-worker-1] INFO  impl.StateMachineUpdater (StateMachineUpdater.java:stopAndJoin(125)) - 3f95e3dc-0a00-4224-befc-5244f1a3079e@group-BF12A8481C91-StateMachineUpdater: set stopIndex = 18
2019-09-05 10:57:47,353 [3f95e3dc-0a00-4224-befc-5244f1a3079e@group-BF12A8481C91-StateMachineUpdater] INFO  ratis.ContainerStateMachine (ContainerStateMachine.java:takeSnapshot(289)) - group-BF12A8481C91: Taking a snapshot at:(t:1, i:17) file /workdir/hadoop-ozone/integration-test/target/test-dir/MiniOzoneClusterImpl-677ba508-865f-4285-99f6-8f2053594021/datanode-0/data/ratis/68f2a6b0-23c1-41d4-a9d9-bf12a8481c91/sm/snapshot.1_17
2019-09-05 10:57:47,353 [Thread-320] INFO  impl.FollowerState (FollowerState.java:run(115)) - 3f95e3dc-0a00-4224-befc-5244f1a3079e: FollowerState was interrupted: java.lang.InterruptedException: sleep interrupted
2019-09-05 10:57:47,376 [3f95e3dc-0a00-4224-befc-5244f1a3079e@group-BF12A8481C91-StateMachineUpdater] INFO  ratis.ContainerStateMachine (ContainerStateMachine.java:takeSnapshot(300)) - group-BF12A8481C91: Finished taking a snapshot at:(t:1, i:17) file:/workdir/hadoop-ozone/integration-test/target/test-dir/MiniOzoneClusterImpl-677ba508-865f-4285-99f6-8f2053594021/datanode-0/data/ratis/68f2a6b0-23c1-41d4-a9d9-bf12a8481c91/sm/snapshot.1_17 time:22
2019-09-05 10:57:47,376 [3f95e3dc-0a00-4224-befc-5244f1a3079e@group-BF12A8481C91-StateMachineUpdater] INFO  impl.StateMachineUpdater (StateMachineUpdater.java:takeSnapshot(258)) - 3f95e3dc-0a00-4224-befc-5244f1a3079e@group-BF12A8481C91-StateMachineUpdater: Took a snapshot at index 17
2019-09-05 10:57:47,376 [3f95e3dc-0a00-4224-befc-5244f1a3079e@group-BF12A8481C91-StateMachineUpdater] INFO  impl.StateMachineUpdater (StateMachineUpdater.java:lambda$new$0(83)) - 3f95e3dc-0a00-4224-befc-5244f1a3079e@group-BF12A8481C91-StateMachineUpdater: snapshotIndex: updateIncreasingly -1 -> 17
2019-09-05 10:57:47,376 [3f95e3dc-0a00-4224-befc-5244f1a3079e@group-BF12A8481C91-StateMachineUpdater] INFO  ratis.ContainerStateMachine (ContainerStateMachine.java:takeSnapshot(289)) - group-BF12A8481C91: Taking a snapshot at:(t:1, i:17) file /workdir/hadoop-ozone/integration-test/target/test-dir/MiniOzoneClusterImpl-677ba508-865f-4285-99f6-8f2053594021/datanode-0/data/ratis/68f2a6b0-23c1-41d4-a9d9-bf12a8481c91/sm/snapshot.1_17
2019-09-05 10:57:47,400 [3f95e3dc-0a00-4224-befc-5244f1a3079e@group-BF12A8481C91-StateMachineUpdater] INFO  ratis.ContainerStateMachine (ContainerStateMachine.java:takeSnapshot(300)) - group-BF12A8481C91: Finished taking a snapshot at:(t:1, i:17) file:/workdir/hadoop-ozone/integration-test/target/test-dir/MiniOzoneClusterImpl-677ba508-865f-4285-99f6-8f2053594021/datanode-0/data/ratis/68f2a6b0-23c1-41d4-a9d9-bf12a8481c91/sm/snapshot.1_17 time:23
2019-09-05 10:57:47,400 [3f95e3dc-0a00-4224-befc-5244f1a3079e@group-BF12A8481C91-StateMachineUpdater] INFO  impl.StateMachineUpdater (StateMachineUpdater.java:takeSnapshot(258)) - 3f95e3dc-0a00-4224-befc-5244f1a3079e@group-BF12A8481C91-StateMachineUpdater: Took a snapshot at index 17
2019-09-05 10:57:47,400 [3f95e3dc-0a00-4224-befc-5244f1a3079e@group-BF12A8481C91-StateMachineUpdater] INFO  impl.StateMachineUpdater (StateMachineUpdater.java:lambda$new$0(83)) - 3f95e3dc-0a00-4224-befc-5244f1a3079e@group-BF12A8481C91-StateMachineUpdater: snapshotIndex: updateIncreasingly 17 -> 17
2019-09-05 10:57:47,400 [ForkJoinPool.commonPool-worker-1] INFO  impl.RaftServerImpl (ServerState.java:close(385)) - 3f95e3dc-0a00-4224-befc-5244f1a3079e@group-BF12A8481C91: closes. applyIndex: 18
2019-09-05 10:57:47,401 [3f95e3dc-0a00-4224-befc-5244f1a3079e@group-BF12A8481C91-SegmentedRaftLogWorker] INFO  segmented.SegmentedRaftLogWorker (SegmentedRaftLogWorker.java:run(313)) - 3f95e3dc-0a00-4224-befc-5244f1a3079e@group-BF12A8481C91-SegmentedRaftLogWorker was interrupted, exiting. There are 0 tasks remaining in the queue.
2019-09-05 10:57:47,403 [ForkJoinPool.commonPool-worker-1] INFO  segmented.SegmentedRaftLogWorker (SegmentedRaftLogWorker.java:close(228)) - 3f95e3dc-0a00-4224-befc-5244f1a3079e@group-BF12A8481C91-SegmentedRaftLogWorker close()
2019-09-05 10:57:47,405 [ForkJoinPool.commonPool-worker-1] INFO  impl.RaftServerImpl (RaftServerImpl.java:lambda$shutdown$3(251)) - 3f95e3dc-0a00-4224-befc-5244f1a3079e@group-C175EF273E87: shutdown
2019-09-05 10:57:47,405 [ForkJoinPool.commonPool-worker-1] INFO  util.JmxRegister (JmxRegister.java:unregister(73)) - Successfully un-registered JMX Bean with object name Ratis:service=RaftServer,group=group-C175EF273E87,id=3f95e3dc-0a00-4224-befc-5244f1a3079e
2019-09-05 10:57:47,405 [ForkJoinPool.commonPool-worker-1] INFO  impl.RoleInfo (RoleInfo.java:shutdownLeaderState(104)) - 3f95e3dc-0a00-4224-befc-5244f1a3079e: shutdown LeaderState
2019-09-05 10:57:47,406 [ForkJoinPool.commonPool-worker-1] INFO  impl.PendingRequests (PendingRequests.java:sendNotLeaderResponses(202)) - 3f95e3dc-0a00-4224-befc-5244f1a3079e-PendingRequests: sendNotLeaderResponses
2019-09-05 10:57:47,406 [ForkJoinPool.commonPool-worker-1] INFO  impl.StateMachineUpdater (StateMachineUpdater.java:stopAndJoin(125)) - 3f95e3dc-0a00-4224-befc-5244f1a3079e@group-C175EF273E87-StateMachineUpdater: set stopIndex = 0
2019-09-05 10:57:47,407 [ForkJoinPool.commonPool-worker-1] INFO  impl.RaftServerImpl (ServerState.java:close(385)) - 3f95e3dc-0a00-4224-befc-5244f1a3079e@group-C175EF273E87: closes. applyIndex: 0
2019-09-05 10:57:47,408 [3f95e3dc-0a00-4224-befc-5244f1a3079e@group-C175EF273E87-SegmentedRaftLogWorker] INFO  segmented.SegmentedRaftLogWorker (SegmentedRaftLogWorker.java:run(313)) - 3f95e3dc-0a00-4224-befc-5244f1a3079e@group-C175EF273E87-SegmentedRaftLogWorker was interrupted, exiting. There are 0 tasks remaining in the queue.
2019-09-05 10:57:47,409 [ForkJoinPool.commonPool-worker-1] INFO  segmented.SegmentedRaftLogWorker (SegmentedRaftLogWorker.java:close(228)) - 3f95e3dc-0a00-4224-befc-5244f1a3079e@group-C175EF273E87-SegmentedRaftLogWorker close()
2019-09-05 10:57:47,411 [ForkJoinPool.commonPool-worker-1] INFO  server.GrpcService (GrpcService.java:closeImpl(164)) - 3f95e3dc-0a00-4224-befc-5244f1a3079e: shutdown server with port 36493 now
2019-09-05 10:57:47,414 [grpc-default-executor-0] WARN  server.GrpcServerProtocolService (LogUtils.java:warn(134)) - 3f95e3dc-0a00-4224-befc-5244f1a3079e: installSnapshot onError, lastRequest: cefd773d-a65b-476c-b903-2f020490a58a->3f95e3dc-0a00-4224-befc-5244f1a3079e#25-t1, previous=(t:1, i:18), leaderCommit=18, initializing? false, entries: <empty>: org.apache.ratis.thirdparty.io.grpc.StatusRuntimeException: CANCELLED: cancelled before receiving half close
2019-09-05 10:57:47,414 [ForkJoinPool.commonPool-worker-1] INFO  server.GrpcService (GrpcService.java:closeImpl(172)) - 3f95e3dc-0a00-4224-befc-5244f1a3079e: shutdown server with port 36493 successfully
2019-09-05 10:57:47,414 [grpc-default-executor-4] WARN  server.GrpcLogAppender (LogUtils.java:warn(134)) - cefd773d-a65b-476c-b903-2f020490a58a@group-BF12A8481C91->3f95e3dc-0a00-4224-befc-5244f1a3079e-AppendLogResponseHandler: Failed appendEntries: org.apache.ratis.thirdparty.io.grpc.StatusRuntimeException: CANCELLED: HTTP/2 error code: CANCEL
Received Rst Stream
2019-09-05 10:57:47,415 [grpc-default-executor-4] INFO  impl.FollowerInfo (FollowerInfo.java:lambda$new$0(51)) - cefd773d-a65b-476c-b903-2f020490a58a@group-BF12A8481C91->3f95e3dc-0a00-4224-befc-5244f1a3079e: nextIndex: updateUnconditionally 19 -> 18
2019-09-05 10:57:47,418 [refreshUsed-/workdir/hadoop-ozone/integration-test/target/test-dir/MiniOzoneClusterImpl-677ba508-865f-4285-99f6-8f2053594021/datanode-0/data/containers] WARN  fs.CachingGetSpaceUsed (CachingGetSpaceUsed.java:run(183)) - Thread Interrupted waiting to refresh disk information: sleep interrupted
2019-09-05 10:57:47,433 [ForkJoinPool.commonPool-worker-1] INFO  utils.BackgroundService (BackgroundService.java:shutdown(148)) - Shutting down service BlockDeletingService
2019-09-05 10:57:47,433 [main] INFO  ozoneimpl.OzoneContainer (OzoneContainer.java:stop(216)) - Attempting to stop container services.
2019-09-05 10:57:47,436 [ForkJoinPool.commonPool-worker-1] INFO  statemachine.DatanodeStateMachine (DatanodeStateMachine.java:stopDaemon(395)) - Ozone container server stopped.
2019-09-05 10:57:47,437 [main] INFO  impl.RaftServerProxy (RaftServerProxy.java:lambda$close$4(314)) - cefd773d-a65b-476c-b903-2f020490a58a: close
2019-09-05 10:57:47,439 [main] INFO  impl.RaftServerImpl (RaftServerImpl.java:lambda$shutdown$3(251)) - cefd773d-a65b-476c-b903-2f020490a58a@group-0B37D73C1FC2: shutdown
2019-09-05 10:57:47,440 [main] INFO  util.JmxRegister (JmxRegister.java:unregister(73)) - Successfully un-registered JMX Bean with object name Ratis:service=RaftServer,group=group-0B37D73C1FC2,id=cefd773d-a65b-476c-b903-2f020490a58a
2019-09-05 10:57:47,440 [ForkJoinPool.commonPool-worker-1] INFO  handler.ContextHandler (ContextHandler.java:doStop(910)) - Stopped o.e.j.w.WebAppContext@7ff35a3f{/,null,UNAVAILABLE}{/hddsDatanode}
2019-09-05 10:57:47,440 [main] INFO  impl.RoleInfo (RoleInfo.java:shutdownLeaderState(104)) - cefd773d-a65b-476c-b903-2f020490a58a: shutdown LeaderState
2019-09-05 10:57:47,441 [main] INFO  impl.PendingRequests (PendingRequests.java:sendNotLeaderResponses(202)) - cefd773d-a65b-476c-b903-2f020490a58a-PendingRequests: sendNotLeaderResponses
2019-09-05 10:57:47,441 [ForkJoinPool.commonPool-worker-1] INFO  server.AbstractConnector (AbstractConnector.java:doStop(318)) - Stopped ServerConnector@26dc9bd5{HTTP/1.1,[http/1.1]}{0.0.0.0:0}
2019-09-05 10:57:47,441 [main] INFO  impl.StateMachineUpdater (StateMachineUpdater.java:stopAndJoin(125)) - cefd773d-a65b-476c-b903-2f020490a58a@group-0B37D73C1FC2-StateMachineUpdater: set stopIndex = 0
2019-09-05 10:57:47,442 [ForkJoinPool.commonPool-worker-1] INFO  handler.ContextHandler (ContextHandler.java:doStop(910)) - Stopped o.e.j.s.ServletContextHandler@508a65bf{/static,jar:file:/home/user/.m2/repository/org/apache/hadoop/hadoop-hdds-container-service/0.5.0-SNAPSHOT/hadoop-hdds-container-service-0.5.0-SNAPSHOT.jar!/webapps/static,UNAVAILABLE}
2019-09-05 10:57:47,442 [main] INFO  impl.RaftServerImpl (ServerState.java:close(385)) - cefd773d-a65b-476c-b903-2f020490a58a@group-0B37D73C1FC2: closes. applyIndex: 0
2019-09-05 10:57:47,444 [ForkJoinPool.commonPool-worker-1] INFO  handler.ContextHandler (ContextHandler.java:doStop(910)) - Stopped o.e.j.s.ServletContextHandler@4ac86d6a{/logs,file:///workdir/hadoop-ozone/integration-test/target/log,UNAVAILABLE}
2019-09-05 10:57:47,444 [cefd773d-a65b-476c-b903-2f020490a58a@group-0B37D73C1FC2-SegmentedRaftLogWorker] INFO  segmented.SegmentedRaftLogWorker (SegmentedRaftLogWorker.java:run(313)) - cefd773d-a65b-476c-b903-2f020490a58a@group-0B37D73C1FC2-SegmentedRaftLogWorker was interrupted, exiting. There are 0 tasks remaining in the queue.
2019-09-05 10:57:47,445 [main] INFO  segmented.SegmentedRaftLogWorker (SegmentedRaftLogWorker.java:close(228)) - cefd773d-a65b-476c-b903-2f020490a58a@group-0B37D73C1FC2-SegmentedRaftLogWorker close()
2019-09-05 10:57:47,449 [main] INFO  impl.RaftServerImpl (RaftServerImpl.java:lambda$shutdown$3(251)) - cefd773d-a65b-476c-b903-2f020490a58a@group-BF12A8481C91: shutdown
2019-09-05 10:57:47,449 [main] INFO  util.JmxRegister (JmxRegister.java:unregister(73)) - Successfully un-registered JMX Bean with object name Ratis:service=RaftServer,group=group-BF12A8481C91,id=cefd773d-a65b-476c-b903-2f020490a58a
2019-09-05 10:57:47,449 [main] INFO  impl.RoleInfo (RoleInfo.java:shutdownLeaderState(104)) - cefd773d-a65b-476c-b903-2f020490a58a: shutdown LeaderState
2019-09-05 10:57:47,452 [main] INFO  impl.PendingRequests (PendingRequests.java:sendNotLeaderResponses(202)) - cefd773d-a65b-476c-b903-2f020490a58a-PendingRequests: sendNotLeaderResponses
2019-09-05 10:57:47,452 [org.apache.ratis.server.impl.LogAppender$AppenderDaemon$$Lambda$473/1880504537@753e0ead] WARN  server.GrpcLogAppender (GrpcLogAppender.java:mayWait(143)) - cefd773d-a65b-476c-b903-2f020490a58a@group-BF12A8481C91->3f95e3dc-0a00-4224-befc-5244f1a3079e-GrpcLogAppender: Wait interrupted by java.lang.InterruptedException
2019-09-05 10:57:47,452 [org.apache.ratis.server.impl.LogAppender$AppenderDaemon$$Lambda$473/1880504537@10dfde32] WARN  server.GrpcLogAppender (GrpcLogAppender.java:mayWait(143)) - cefd773d-a65b-476c-b903-2f020490a58a@group-BF12A8481C91->9b1bb9e7-35a8-460d-b103-c20534a62010-GrpcLogAppender: Wait interrupted by java.lang.InterruptedException
2019-09-05 10:57:47,456 [main] INFO  impl.StateMachineUpdater (StateMachineUpdater.java:stopAndJoin(125)) - cefd773d-a65b-476c-b903-2f020490a58a@group-BF12A8481C91-StateMachineUpdater: set stopIndex = 18
2019-09-05 10:57:47,456 [cefd773d-a65b-476c-b903-2f020490a58a@group-BF12A8481C91-StateMachineUpdater] INFO  ratis.ContainerStateMachine (ContainerStateMachine.java:takeSnapshot(289)) - group-BF12A8481C91: Taking a snapshot at:(t:1, i:18) file /workdir/hadoop-ozone/integration-test/target/test-dir/MiniOzoneClusterImpl-677ba508-865f-4285-99f6-8f2053594021/datanode-6/data/ratis/68f2a6b0-23c1-41d4-a9d9-bf12a8481c91/sm/snapshot.1_18
2019-09-05 10:57:47,471 [cefd773d-a65b-476c-b903-2f020490a58a@group-BF12A8481C91-StateMachineUpdater] INFO  ratis.ContainerStateMachine (ContainerStateMachine.java:takeSnapshot(300)) - group-BF12A8481C91: Finished taking a snapshot at:(t:1, i:18) file:/workdir/hadoop-ozone/integration-test/target/test-dir/MiniOzoneClusterImpl-677ba508-865f-4285-99f6-8f2053594021/datanode-6/data/ratis/68f2a6b0-23c1-41d4-a9d9-bf12a8481c91/sm/snapshot.1_18 time:15
2019-09-05 10:57:47,471 [cefd773d-a65b-476c-b903-2f020490a58a@group-BF12A8481C91-StateMachineUpdater] INFO  impl.StateMachineUpdater (StateMachineUpdater.java:takeSnapshot(258)) - cefd773d-a65b-476c-b903-2f020490a58a@group-BF12A8481C91-StateMachineUpdater: Took a snapshot at index 18
2019-09-05 10:57:47,472 [cefd773d-a65b-476c-b903-2f020490a58a@group-BF12A8481C91-StateMachineUpdater] INFO  impl.StateMachineUpdater (StateMachineUpdater.java:lambda$new$0(83)) - cefd773d-a65b-476c-b903-2f020490a58a@group-BF12A8481C91-StateMachineUpdater: snapshotIndex: updateIncreasingly -1 -> 18
2019-09-05 10:57:47,472 [main] INFO  impl.RaftServerImpl (ServerState.java:close(385)) - cefd773d-a65b-476c-b903-2f020490a58a@group-BF12A8481C91: closes. applyIndex: 18
2019-09-05 10:57:47,472 [cefd773d-a65b-476c-b903-2f020490a58a@group-BF12A8481C91-SegmentedRaftLogWorker] INFO  segmented.SegmentedRaftLogWorker (SegmentedRaftLogWorker.java:run(313)) - cefd773d-a65b-476c-b903-2f020490a58a@group-BF12A8481C91-SegmentedRaftLogWorker was interrupted, exiting. There are 0 tasks remaining in the queue.
2019-09-05 10:57:47,472 [main] INFO  segmented.SegmentedRaftLogWorker (SegmentedRaftLogWorker.java:close(228)) - cefd773d-a65b-476c-b903-2f020490a58a@group-BF12A8481C91-SegmentedRaftLogWorker close()
2019-09-05 10:57:47,474 [main] INFO  server.GrpcService (GrpcService.java:closeImpl(164)) - cefd773d-a65b-476c-b903-2f020490a58a: shutdown server with port 45105 now
2019-09-05 10:57:47,475 [main] INFO  server.GrpcService (GrpcService.java:closeImpl(172)) - cefd773d-a65b-476c-b903-2f020490a58a: shutdown server with port 45105 successfully
2019-09-05 10:57:47,476 [grpc-default-executor-4] WARN  client.GrpcClientProtocolService (LogUtils.java:warn(134)) - 3-UnorderedRequestStreamObserver3: onError: org.apache.ratis.thirdparty.io.grpc.StatusRuntimeException: CANCELLED: cancelled before receiving half close
2019-09-05 10:57:47,479 [refreshUsed-/workdir/hadoop-ozone/integration-test/target/test-dir/MiniOzoneClusterImpl-677ba508-865f-4285-99f6-8f2053594021/datanode-6/data/containers] WARN  fs.CachingGetSpaceUsed (CachingGetSpaceUsed.java:run(183)) - Thread Interrupted waiting to refresh disk information: sleep interrupted
2019-09-05 10:57:47,497 [main] INFO  utils.BackgroundService (BackgroundService.java:shutdown(148)) - Shutting down service BlockDeletingService
2019-09-05 10:57:47,499 [main] INFO  statemachine.DatanodeStateMachine (DatanodeStateMachine.java:stopDaemon(395)) - Ozone container server stopped.
2019-09-05 10:57:47,500 [main] INFO  handler.ContextHandler (ContextHandler.java:doStop(910)) - Stopped o.e.j.w.WebAppContext@7c8c70d6{/,null,UNAVAILABLE}{/hddsDatanode}
2019-09-05 10:57:47,501 [main] INFO  server.AbstractConnector (AbstractConnector.java:doStop(318)) - Stopped ServerConnector@1ab5f08a{HTTP/1.1,[http/1.1]}{0.0.0.0:0}
2019-09-05 10:57:47,501 [grpc-default-executor-3] WARN  server.GrpcLogAppender (LogUtils.java:warn(134)) - 5d8d3527-2a3e-4bcd-b079-5fbdf7aae7f6@group-CA9E18B8BDAC->29dabda3-762d-47b4-97f9-ce603194a1e8-AppendLogResponseHandler: Failed appendEntries: org.apache.ratis.thirdparty.io.grpc.StatusRuntimeException: UNAVAILABLE: io exception
2019-09-05 10:57:47,502 [main] INFO  handler.ContextHandler (ContextHandler.java:doStop(910)) - Stopped o.e.j.s.ServletContextHandler@3ba46e63{/static,jar:file:/home/user/.m2/repository/org/apache/hadoop/hadoop-hdds-container-service/0.5.0-SNAPSHOT/hadoop-hdds-container-service-0.5.0-SNAPSHOT.jar!/webapps/static,UNAVAILABLE}
2019-09-05 10:57:47,502 [grpc-default-executor-3] INFO  impl.FollowerInfo (FollowerInfo.java:lambda$new$0(51)) - 5d8d3527-2a3e-4bcd-b079-5fbdf7aae7f6@group-CA9E18B8BDAC->29dabda3-762d-47b4-97f9-ce603194a1e8: nextIndex: updateUnconditionally 1 -> 0
2019-09-05 10:57:47,501 [grpc-default-executor-5] WARN  server.GrpcLogAppender (LogUtils.java:warn(134)) - 5d8d3527-2a3e-4bcd-b079-5fbdf7aae7f6@group-CA9E18B8BDAC->f6e8258f-1280-422a-9f5c-7c2b00930eeb-AppendLogResponseHandler: Failed appendEntries: org.apache.ratis.thirdparty.io.grpc.StatusRuntimeException: UNAVAILABLE: io exception
2019-09-05 10:57:47,503 [main] INFO  handler.ContextHandler (ContextHandler.java:doStop(910)) - Stopped o.e.j.s.ServletContextHandler@54e02f6a{/logs,file:///workdir/hadoop-ozone/integration-test/target/log,UNAVAILABLE}
2019-09-05 10:57:47,504 [grpc-default-executor-5] INFO  impl.FollowerInfo (FollowerInfo.java:lambda$new$0(51)) - 5d8d3527-2a3e-4bcd-b079-5fbdf7aae7f6@group-CA9E18B8BDAC->f6e8258f-1280-422a-9f5c-7c2b00930eeb: nextIndex: updateUnconditionally 4 -> 3
2019-09-05 10:57:48,173 [Datanode State Machine Thread - 0] INFO  statemachine.DatanodeStateMachine (DatanodeStateMachine.java:lambda$startDaemon$0(350)) - Ozone container server started.
2019-09-05 10:57:50,004 [grpc-default-executor-5] WARN  server.GrpcLogAppender (LogUtils.java:warn(134)) - 5d8d3527-2a3e-4bcd-b079-5fbdf7aae7f6@group-CA9E18B8BDAC->f6e8258f-1280-422a-9f5c-7c2b00930eeb-AppendLogResponseHandler: Failed appendEntries: org.apache.ratis.thirdparty.io.grpc.StatusRuntimeException: UNAVAILABLE: io exception
2019-09-05 10:57:50,004 [grpc-default-executor-4] WARN  server.GrpcLogAppender (LogUtils.java:warn(134)) - 5d8d3527-2a3e-4bcd-b079-5fbdf7aae7f6@group-CA9E18B8BDAC->29dabda3-762d-47b4-97f9-ce603194a1e8-AppendLogResponseHandler: Failed appendEntries: org.apache.ratis.thirdparty.io.grpc.StatusRuntimeException: UNAVAILABLE: io exception
2019-09-05 10:57:50,009 [grpc-default-executor-5] INFO  impl.FollowerInfo (FollowerInfo.java:lambda$new$0(51)) - 5d8d3527-2a3e-4bcd-b079-5fbdf7aae7f6@group-CA9E18B8BDAC->f6e8258f-1280-422a-9f5c-7c2b00930eeb: nextIndex: updateUnconditionally 3 -> 2
2019-09-05 10:57:50,010 [grpc-default-executor-4] INFO  impl.FollowerInfo (FollowerInfo.java:lambda$new$0(51)) - 5d8d3527-2a3e-4bcd-b079-5fbdf7aae7f6@group-CA9E18B8BDAC->29dabda3-762d-47b4-97f9-ce603194a1e8: nextIndex: updateUnconditionally 0 -> 0
2019-09-05 10:57:52,276 [EventQueue-StaleNodeForStaleNodeHandler] INFO  node.StaleNodeHandler (StaleNodeHandler.java:onMessage(58)) - Datanode 5d8d3527-2a3e-4bcd-b079-5fbdf7aae7f6{ip: 192.168.36.83, host: pr-hdds-1561-gm47z-337254333, networkLocation: /default-rack, certSerialId: null} moved to stale state. Finalizing its pipelines [PipelineID=4091436f-2a4d-47af-8d62-b3aeea22dc97, PipelineID=e648b64c-e37f-4c89-8154-ca9e18b8bdac]
2019-09-05 10:57:52,280 [EventQueue-StaleNodeForStaleNodeHandler] INFO  pipeline.SCMPipelineManager (SCMPipelineManager.java:finalizeAndDestroyPipeline(309)) - destroying pipeline:Pipeline[ Id: 4091436f-2a4d-47af-8d62-b3aeea22dc97, Nodes: 5d8d3527-2a3e-4bcd-b079-5fbdf7aae7f6{ip: 192.168.36.83, host: pr-hdds-1561-gm47z-337254333, networkLocation: /default-rack, certSerialId: null}, Type:RATIS, Factor:ONE, State:OPEN]
2019-09-05 10:57:52,281 [EventQueue-StaleNodeForStaleNodeHandler] INFO  pipeline.PipelineStateManager (PipelineStateManager.java:finalizePipeline(123)) - Pipeline Pipeline[ Id: 4091436f-2a4d-47af-8d62-b3aeea22dc97, Nodes: 5d8d3527-2a3e-4bcd-b079-5fbdf7aae7f6{ip: 192.168.36.83, host: pr-hdds-1561-gm47z-337254333, networkLocation: /default-rack, certSerialId: null}, Type:RATIS, Factor:ONE, State:CLOSED] moved to CLOSED state
2019-09-05 10:57:52,282 [EventQueue-StaleNodeForStaleNodeHandler] INFO  pipeline.SCMPipelineManager (SCMPipelineManager.java:finalizeAndDestroyPipeline(309)) - destroying pipeline:Pipeline[ Id: e648b64c-e37f-4c89-8154-ca9e18b8bdac, Nodes: 5d8d3527-2a3e-4bcd-b079-5fbdf7aae7f6{ip: 192.168.36.83, host: pr-hdds-1561-gm47z-337254333, networkLocation: /default-rack, certSerialId: null}f6e8258f-1280-422a-9f5c-7c2b00930eeb{ip: 192.168.36.83, host: pr-hdds-1561-gm47z-337254333, networkLocation: /default-rack, certSerialId: null}29dabda3-762d-47b4-97f9-ce603194a1e8{ip: 192.168.36.83, host: pr-hdds-1561-gm47z-337254333, networkLocation: /default-rack, certSerialId: null}, Type:RATIS, Factor:THREE, State:CLOSED]
2019-09-05 10:57:52,450 [ForkJoinPool.commonPool-worker-1] INFO  ozoneimpl.OzoneContainer (OzoneContainer.java:stop(216)) - Attempting to stop container services.
2019-09-05 10:57:52,451 [ForkJoinPool.commonPool-worker-1] INFO  impl.RaftServerProxy (RaftServerProxy.java:lambda$close$4(314)) - 5d8d3527-2a3e-4bcd-b079-5fbdf7aae7f6: close
2019-09-05 10:57:52,452 [ForkJoinPool.commonPool-worker-1] INFO  impl.RaftServerImpl (RaftServerImpl.java:lambda$shutdown$3(251)) - 5d8d3527-2a3e-4bcd-b079-5fbdf7aae7f6@group-B3AEEA22DC97: shutdown
2019-09-05 10:57:52,452 [ForkJoinPool.commonPool-worker-1] INFO  util.JmxRegister (JmxRegister.java:unregister(73)) - Successfully un-registered JMX Bean with object name Ratis:service=RaftServer,group=group-B3AEEA22DC97,id=5d8d3527-2a3e-4bcd-b079-5fbdf7aae7f6
2019-09-05 10:57:52,452 [ForkJoinPool.commonPool-worker-1] INFO  impl.RoleInfo (RoleInfo.java:shutdownLeaderState(104)) - 5d8d3527-2a3e-4bcd-b079-5fbdf7aae7f6: shutdown LeaderState
2019-09-05 10:57:52,453 [ForkJoinPool.commonPool-worker-1] INFO  impl.PendingRequests (PendingRequests.java:sendNotLeaderResponses(202)) - 5d8d3527-2a3e-4bcd-b079-5fbdf7aae7f6-PendingRequests: sendNotLeaderResponses
2019-09-05 10:57:52,453 [ForkJoinPool.commonPool-worker-1] INFO  impl.StateMachineUpdater (StateMachineUpdater.java:stopAndJoin(125)) - 5d8d3527-2a3e-4bcd-b079-5fbdf7aae7f6@group-B3AEEA22DC97-StateMachineUpdater: set stopIndex = 0
2019-09-05 10:57:52,454 [ForkJoinPool.commonPool-worker-1] INFO  impl.RaftServerImpl (ServerState.java:close(385)) - 5d8d3527-2a3e-4bcd-b079-5fbdf7aae7f6@group-B3AEEA22DC97: closes. applyIndex: 0
2019-09-05 10:57:52,454 [5d8d3527-2a3e-4bcd-b079-5fbdf7aae7f6@group-B3AEEA22DC97-SegmentedRaftLogWorker] INFO  segmented.SegmentedRaftLogWorker (SegmentedRaftLogWorker.java:run(313)) - 5d8d3527-2a3e-4bcd-b079-5fbdf7aae7f6@group-B3AEEA22DC97-SegmentedRaftLogWorker was interrupted, exiting. There are 0 tasks remaining in the queue.
2019-09-05 10:57:52,456 [ForkJoinPool.commonPool-worker-1] INFO  segmented.SegmentedRaftLogWorker (SegmentedRaftLogWorker.java:close(228)) - 5d8d3527-2a3e-4bcd-b079-5fbdf7aae7f6@group-B3AEEA22DC97-SegmentedRaftLogWorker close()
2019-09-05 10:57:52,457 [ForkJoinPool.commonPool-worker-1] INFO  impl.RaftServerImpl (RaftServerImpl.java:lambda$shutdown$3(251)) - 5d8d3527-2a3e-4bcd-b079-5fbdf7aae7f6@group-CA9E18B8BDAC: shutdown
2019-09-05 10:57:52,457 [ForkJoinPool.commonPool-worker-1] INFO  util.JmxRegister (JmxRegister.java:unregister(73)) - Successfully un-registered JMX Bean with object name Ratis:service=RaftServer,group=group-CA9E18B8BDAC,id=5d8d3527-2a3e-4bcd-b079-5fbdf7aae7f6
2019-09-05 10:57:52,457 [ForkJoinPool.commonPool-worker-1] INFO  impl.RoleInfo (RoleInfo.java:shutdownLeaderState(104)) - 5d8d3527-2a3e-4bcd-b079-5fbdf7aae7f6: shutdown LeaderState
2019-09-05 10:57:52,459 [ForkJoinPool.commonPool-worker-1] INFO  impl.PendingRequests (PendingRequests.java:sendNotLeaderResponses(202)) - 5d8d3527-2a3e-4bcd-b079-5fbdf7aae7f6-PendingRequests: sendNotLeaderResponses
2019-09-05 10:57:52,460 [org.apache.ratis.server.impl.LogAppender$AppenderDaemon$$Lambda$473/1880504537@577dddca] WARN  server.GrpcLogAppender (GrpcLogAppender.java:mayWait(143)) - 5d8d3527-2a3e-4bcd-b079-5fbdf7aae7f6@group-CA9E18B8BDAC->29dabda3-762d-47b4-97f9-ce603194a1e8-GrpcLogAppender: Wait interrupted by java.lang.InterruptedException
2019-09-05 10:57:52,460 [org.apache.ratis.server.impl.LogAppender$AppenderDaemon$$Lambda$473/1880504537@59bee480] WARN  server.GrpcLogAppender (GrpcLogAppender.java:mayWait(143)) - 5d8d3527-2a3e-4bcd-b079-5fbdf7aae7f6@group-CA9E18B8BDAC->f6e8258f-1280-422a-9f5c-7c2b00930eeb-GrpcLogAppender: Wait interrupted by java.lang.InterruptedException
2019-09-05 10:57:52,462 [ForkJoinPool.commonPool-worker-1] INFO  impl.StateMachineUpdater (StateMachineUpdater.java:stopAndJoin(125)) - 5d8d3527-2a3e-4bcd-b079-5fbdf7aae7f6@group-CA9E18B8BDAC-StateMachineUpdater: set stopIndex = 6
2019-09-05 10:57:52,462 [5d8d3527-2a3e-4bcd-b079-5fbdf7aae7f6@group-CA9E18B8BDAC-StateMachineUpdater] INFO  ratis.ContainerStateMachine (ContainerStateMachine.java:takeSnapshot(289)) - group-CA9E18B8BDAC: Taking a snapshot at:(t:1, i:6) file /workdir/hadoop-ozone/integration-test/target/test-dir/MiniOzoneClusterImpl-677ba508-865f-4285-99f6-8f2053594021/datanode-5/data/ratis/e648b64c-e37f-4c89-8154-ca9e18b8bdac/sm/snapshot.1_6
2019-09-05 10:57:52,484 [5d8d3527-2a3e-4bcd-b079-5fbdf7aae7f6@group-CA9E18B8BDAC-StateMachineUpdater] INFO  ratis.ContainerStateMachine (ContainerStateMachine.java:takeSnapshot(300)) - group-CA9E18B8BDAC: Finished taking a snapshot at:(t:1, i:6) file:/workdir/hadoop-ozone/integration-test/target/test-dir/MiniOzoneClusterImpl-677ba508-865f-4285-99f6-8f2053594021/datanode-5/data/ratis/e648b64c-e37f-4c89-8154-ca9e18b8bdac/sm/snapshot.1_6 time:22
2019-09-05 10:57:52,484 [5d8d3527-2a3e-4bcd-b079-5fbdf7aae7f6@group-CA9E18B8BDAC-StateMachineUpdater] INFO  impl.StateMachineUpdater (StateMachineUpdater.java:takeSnapshot(258)) - 5d8d3527-2a3e-4bcd-b079-5fbdf7aae7f6@group-CA9E18B8BDAC-StateMachineUpdater: Took a snapshot at index 6
2019-09-05 10:57:52,484 [5d8d3527-2a3e-4bcd-b079-5fbdf7aae7f6@group-CA9E18B8BDAC-StateMachineUpdater] INFO  impl.StateMachineUpdater (StateMachineUpdater.java:lambda$new$0(83)) - 5d8d3527-2a3e-4bcd-b079-5fbdf7aae7f6@group-CA9E18B8BDAC-StateMachineUpdater: snapshotIndex: updateIncreasingly -1 -> 6
2019-09-05 10:57:52,485 [ForkJoinPool.commonPool-worker-1] INFO  impl.RaftServerImpl (ServerState.java:close(385)) - 5d8d3527-2a3e-4bcd-b079-5fbdf7aae7f6@group-CA9E18B8BDAC: closes. applyIndex: 6
2019-09-05 10:57:52,485 [5d8d3527-2a3e-4bcd-b079-5fbdf7aae7f6@group-CA9E18B8BDAC-SegmentedRaftLogWorker] INFO  segmented.SegmentedRaftLogWorker (SegmentedRaftLogWorker.java:run(313)) - 5d8d3527-2a3e-4bcd-b079-5fbdf7aae7f6@group-CA9E18B8BDAC-SegmentedRaftLogWorker was interrupted, exiting. There are 0 tasks remaining in the queue.
2019-09-05 10:57:52,486 [ForkJoinPool.commonPool-worker-1] INFO  segmented.SegmentedRaftLogWorker (SegmentedRaftLogWorker.java:close(228)) - 5d8d3527-2a3e-4bcd-b079-5fbdf7aae7f6@group-CA9E18B8BDAC-SegmentedRaftLogWorker close()
2019-09-05 10:57:52,486 [ForkJoinPool.commonPool-worker-1] INFO  server.GrpcService (GrpcService.java:closeImpl(164)) - 5d8d3527-2a3e-4bcd-b079-5fbdf7aae7f6: shutdown server with port 34246 now
2019-09-05 10:57:52,487 [ForkJoinPool.commonPool-worker-1] INFO  server.GrpcService (GrpcService.java:closeImpl(172)) - 5d8d3527-2a3e-4bcd-b079-5fbdf7aae7f6: shutdown server with port 34246 successfully
2019-09-05 10:57:52,489 [refreshUsed-/workdir/hadoop-ozone/integration-test/target/test-dir/MiniOzoneClusterImpl-677ba508-865f-4285-99f6-8f2053594021/datanode-5/data/containers] WARN  fs.CachingGetSpaceUsed (CachingGetSpaceUsed.java:run(183)) - Thread Interrupted waiting to refresh disk information: sleep interrupted
2019-09-05 10:57:52,505 [ForkJoinPool.commonPool-worker-1] INFO  utils.BackgroundService (BackgroundService.java:shutdown(148)) - Shutting down service BlockDeletingService
2019-09-05 10:57:52,507 [ForkJoinPool.commonPool-worker-1] INFO  statemachine.DatanodeStateMachine (DatanodeStateMachine.java:stopDaemon(395)) - Ozone container server stopped.
2019-09-05 10:57:52,522 [ForkJoinPool.commonPool-worker-1] INFO  handler.ContextHandler (ContextHandler.java:doStop(910)) - Stopped o.e.j.w.WebAppContext@7e53339{/,null,UNAVAILABLE}{/hddsDatanode}
2019-09-05 10:57:52,523 [ForkJoinPool.commonPool-worker-1] INFO  server.AbstractConnector (AbstractConnector.java:doStop(318)) - Stopped ServerConnector@58fef7f7{HTTP/1.1,[http/1.1]}{0.0.0.0:0}
2019-09-05 10:57:52,524 [ForkJoinPool.commonPool-worker-1] INFO  handler.ContextHandler (ContextHandler.java:doStop(910)) - Stopped o.e.j.s.ServletContextHandler@76ad6715{/static,jar:file:/home/user/.m2/repository/org/apache/hadoop/hadoop-hdds-container-service/0.5.0-SNAPSHOT/hadoop-hdds-container-service-0.5.0-SNAPSHOT.jar!/webapps/static,UNAVAILABLE}
2019-09-05 10:57:52,525 [ForkJoinPool.commonPool-worker-1] INFO  handler.ContextHandler (ContextHandler.java:doStop(910)) - Stopped o.e.j.s.ServletContextHandler@5ea4300e{/logs,file:///workdir/hadoop-ozone/integration-test/target/log,UNAVAILABLE}
2019-09-05 10:57:52,527 [main] INFO  ozone.MiniOzoneClusterImpl (MiniOzoneClusterImpl.java:stop(339)) - Stopping the StorageContainerManager
2019-09-05 10:57:52,527 [main] INFO  server.StorageContainerManager (StorageContainerManager.java:stop(797)) - Stopping Replication Manager Service.
2019-09-05 10:57:52,528 [main] INFO  container.ReplicationManager (ReplicationManager.java:stop(203)) - Stopping Replication Monitor Thread.
2019-09-05 10:57:52,528 [main] INFO  server.StorageContainerManager (StorageContainerManager.java:stop(804)) - Stopping Lease Manager of the command watchers
2019-09-05 10:57:52,528 [main] INFO  server.StorageContainerManager (StorageContainerManager.java:stop(811)) - Stopping datanode service RPC server
2019-09-05 10:57:52,529 [main] INFO  server.SCMDatanodeProtocolServer (SCMDatanodeProtocolServer.java:stop(367)) - Stopping the RPC server for DataNodes
2019-09-05 10:57:52,529 [main] INFO  ipc.Server (Server.java:stop(3082)) - Stopping server on 42312
2019-09-05 10:57:52,530 [IPC Server listener on 42312] INFO  ipc.Server (Server.java:run(1185)) - Stopping IPC Server listener on 42312
2019-09-05 10:57:52,531 [IPC Server Responder] INFO  ipc.Server (Server.java:run(1319)) - Stopping IPC Server Responder
2019-09-05 10:57:52,575 [SCM Heartbeat Processing Thread - 0] WARN  node.NodeStateManager (NodeStateManager.java:scheduleNextHealthCheck(646)) - Current Thread is interrupted, shutting down HB processing thread for Node Manager.
2019-09-05 10:57:52,575 [main] INFO  server.StorageContainerManager (StorageContainerManager.java:stop(819)) - Stopping block service RPC server
2019-09-05 10:57:52,576 [main] INFO  server.SCMBlockProtocolServer (SCMBlockProtocolServer.java:stop(155)) - Stopping the RPC server for Block Protocol
2019-09-05 10:57:52,576 [main] INFO  ipc.Server (Server.java:stop(3082)) - Stopping server on 46060
2019-09-05 10:57:52,577 [IPC Server listener on 46060] INFO  ipc.Server (Server.java:run(1185)) - Stopping IPC Server listener on 46060
2019-09-05 10:57:52,578 [main] INFO  server.StorageContainerManager (StorageContainerManager.java:stop(826)) - Stopping the StorageContainerLocationProtocol RPC server
2019-09-05 10:57:52,578 [main] INFO  server.SCMClientProtocolServer (SCMClientProtocolServer.java:stop(159)) - Stopping the RPC server for Client Protocol
2019-09-05 10:57:52,579 [main] INFO  ipc.Server (Server.java:stop(3082)) - Stopping server on 35483
2019-09-05 10:57:52,579 [IPC Server Responder] INFO  ipc.Server (Server.java:run(1319)) - Stopping IPC Server Responder
2019-09-05 10:57:52,580 [main] INFO  server.StorageContainerManager (StorageContainerManager.java:stop(833)) - Stopping Storage Container Manager HTTP server.
2019-09-05 10:57:52,580 [IPC Server listener on 35483] INFO  ipc.Server (Server.java:run(1185)) - Stopping IPC Server listener on 35483
2019-09-05 10:57:52,581 [IPC Server Responder] INFO  ipc.Server (Server.java:run(1319)) - Stopping IPC Server Responder
2019-09-05 10:57:52,582 [main] INFO  handler.ContextHandler (ContextHandler.java:doStop(910)) - Stopped o.e.j.w.WebAppContext@7e094740{/,null,UNAVAILABLE}{/scm}
2019-09-05 10:57:52,583 [main] INFO  server.AbstractConnector (AbstractConnector.java:doStop(318)) - Stopped ServerConnector@9cd25ff{HTTP/1.1,[http/1.1]}{0.0.0.0:0}
2019-09-05 10:57:52,583 [main] INFO  handler.ContextHandler (ContextHandler.java:doStop(910)) - Stopped o.e.j.s.ServletContextHandler@45815ffc{/static,file:///workdir/hadoop-ozone/integration-test/target/test-classes/webapps/static,UNAVAILABLE}
2019-09-05 10:57:52,584 [main] INFO  handler.ContextHandler (ContextHandler.java:doStop(910)) - Stopped o.e.j.s.ServletContextHandler@35a9782c{/logs,file:///workdir/hadoop-ozone/integration-test/target/log,UNAVAILABLE}
2019-09-05 10:57:52,585 [main] INFO  server.StorageContainerManager (StorageContainerManager.java:stop(844)) - Stopping Block Manager Service.
2019-09-05 10:57:52,585 [main] INFO  utils.BackgroundService (BackgroundService.java:shutdown(148)) - Shutting down service SCMBlockDeletingService
2019-09-05 10:57:52,586 [main] INFO  utils.BackgroundService (BackgroundService.java:shutdown(148)) - Shutting down service SCMBlockDeletingService
2019-09-05 10:57:52,586 [main] INFO  server.StorageContainerManager (StorageContainerManager.java:stop(866)) - Stopping SCM Event Queue.
2019-09-05 10:57:52,596 [main] INFO  impl.MetricsSystemImpl (MetricsSystemImpl.java:stop(210)) - Stopping XceiverClientMetrics metrics system...
2019-09-05 10:57:52,610 [prometheus] INFO  impl.MetricsSinkAdapter (MetricsSinkAdapter.java:publishMetricsFromQueue(141)) - prometheus thread interrupted.
2019-09-05 10:57:52,610 [main] INFO  impl.MetricsSystemImpl (MetricsSystemImpl.java:stop(216)) - XceiverClientMetrics metrics system stopped.
]]></system-out>
    <system-err><![CDATA[ERROR StatusLogger No Log4j 2 configuration file found. Using default configuration (logging only errors to the console), or user programmatically provided configurations. Set system property 'log4j2.debug' to show Log4j 2 internal initialization logging. See https://logging.apache.org/log4j/2.x/manual/configuration.html for instructions on how to configure Log4j 2
Sep 05, 2019 10:57:37 AM org.apache.ratis.thirdparty.io.grpc.internal.SerializingExecutor run
SEVERE: Exception while executing runnable org.apache.ratis.thirdparty.io.grpc.internal.ServerImpl$JumpToApplicationThreadServerStreamListener$1Closed@45460ab4
org.apache.ratis.thirdparty.io.grpc.StatusRuntimeException: CANCELLED: call already cancelled
	at org.apache.ratis.thirdparty.io.grpc.Status.asRuntimeException(Status.java:517)
	at org.apache.ratis.thirdparty.io.grpc.stub.ServerCalls$ServerCallStreamObserverImpl.onCompleted(ServerCalls.java:356)
	at org.apache.ratis.grpc.server.GrpcServerProtocolService$ServerRequestStreamObserver.onError(GrpcServerProtocolService.java:121)
	at org.apache.ratis.thirdparty.io.grpc.stub.ServerCalls$StreamingServerCallHandler$StreamingServerCallListener.onCancel(ServerCalls.java:269)
	at org.apache.ratis.thirdparty.io.grpc.internal.ServerCallImpl$ServerStreamListenerImpl.closed(ServerCallImpl.java:293)
	at org.apache.ratis.thirdparty.io.grpc.internal.ServerImpl$JumpToApplicationThreadServerStreamListener$1Closed.runInContext(ServerImpl.java:741)
	at org.apache.ratis.thirdparty.io.grpc.internal.ContextRunnable.run(ContextRunnable.java:37)
	at org.apache.ratis.thirdparty.io.grpc.internal.SerializingExecutor.run(SerializingExecutor.java:123)
	at java.util.concurrent.ThreadPoolExecutor.runWorker(ThreadPoolExecutor.java:1149)
	at java.util.concurrent.ThreadPoolExecutor$Worker.run(ThreadPoolExecutor.java:624)
	at java.lang.Thread.run(Thread.java:748)

Sep 05, 2019 10:57:37 AM org.apache.ratis.thirdparty.io.grpc.internal.SerializingExecutor run
SEVERE: Exception while executing runnable org.apache.ratis.thirdparty.io.grpc.internal.ServerImpl$JumpToApplicationThreadServerStreamListener$1Closed@74b13544
org.apache.ratis.thirdparty.io.grpc.StatusRuntimeException: CANCELLED: call already cancelled
	at org.apache.ratis.thirdparty.io.grpc.Status.asRuntimeException(Status.java:517)
	at org.apache.ratis.thirdparty.io.grpc.stub.ServerCalls$ServerCallStreamObserverImpl.onCompleted(ServerCalls.java:356)
	at org.apache.ratis.grpc.server.GrpcServerProtocolService$ServerRequestStreamObserver.onError(GrpcServerProtocolService.java:121)
	at org.apache.ratis.thirdparty.io.grpc.stub.ServerCalls$StreamingServerCallHandler$StreamingServerCallListener.onCancel(ServerCalls.java:269)
	at org.apache.ratis.thirdparty.io.grpc.internal.ServerCallImpl$ServerStreamListenerImpl.closed(ServerCallImpl.java:293)
	at org.apache.ratis.thirdparty.io.grpc.internal.ServerImpl$JumpToApplicationThreadServerStreamListener$1Closed.runInContext(ServerImpl.java:741)
	at org.apache.ratis.thirdparty.io.grpc.internal.ContextRunnable.run(ContextRunnable.java:37)
	at org.apache.ratis.thirdparty.io.grpc.internal.SerializingExecutor.run(SerializingExecutor.java:123)
	at java.util.concurrent.ThreadPoolExecutor.runWorker(ThreadPoolExecutor.java:1149)
	at java.util.concurrent.ThreadPoolExecutor$Worker.run(ThreadPoolExecutor.java:624)
	at java.lang.Thread.run(Thread.java:748)

Sep 05, 2019 10:57:42 AM org.apache.ratis.thirdparty.io.grpc.internal.SerializingExecutor run
SEVERE: Exception while executing runnable org.apache.ratis.thirdparty.io.grpc.internal.ServerImpl$JumpToApplicationThreadServerStreamListener$1Closed@21ce8b80
org.apache.ratis.thirdparty.io.grpc.StatusRuntimeException: CANCELLED: call already cancelled
	at org.apache.ratis.thirdparty.io.grpc.Status.asRuntimeException(Status.java:517)
	at org.apache.ratis.thirdparty.io.grpc.stub.ServerCalls$ServerCallStreamObserverImpl.onCompleted(ServerCalls.java:356)
	at org.apache.ratis.grpc.server.GrpcServerProtocolService$ServerRequestStreamObserver.onError(GrpcServerProtocolService.java:121)
	at org.apache.ratis.thirdparty.io.grpc.stub.ServerCalls$StreamingServerCallHandler$StreamingServerCallListener.onCancel(ServerCalls.java:269)
	at org.apache.ratis.thirdparty.io.grpc.internal.ServerCallImpl$ServerStreamListenerImpl.closed(ServerCallImpl.java:293)
	at org.apache.ratis.thirdparty.io.grpc.internal.ServerImpl$JumpToApplicationThreadServerStreamListener$1Closed.runInContext(ServerImpl.java:741)
	at org.apache.ratis.thirdparty.io.grpc.internal.ContextRunnable.run(ContextRunnable.java:37)
	at org.apache.ratis.thirdparty.io.grpc.internal.SerializingExecutor.run(SerializingExecutor.java:123)
	at java.util.concurrent.ThreadPoolExecutor.runWorker(ThreadPoolExecutor.java:1149)
	at java.util.concurrent.ThreadPoolExecutor$Worker.run(ThreadPoolExecutor.java:624)
	at java.lang.Thread.run(Thread.java:748)

Sep 05, 2019 10:57:47 AM org.apache.ratis.thirdparty.io.grpc.internal.SerializingExecutor run
SEVERE: Exception while executing runnable org.apache.ratis.thirdparty.io.grpc.internal.ServerImpl$JumpToApplicationThreadServerStreamListener$1Closed@6c08b9c5
org.apache.ratis.thirdparty.io.grpc.StatusRuntimeException: CANCELLED: call already cancelled
	at org.apache.ratis.thirdparty.io.grpc.Status.asRuntimeException(Status.java:517)
	at org.apache.ratis.thirdparty.io.grpc.stub.ServerCalls$ServerCallStreamObserverImpl.onCompleted(ServerCalls.java:356)
	at org.apache.ratis.grpc.server.GrpcServerProtocolService$ServerRequestStreamObserver.onError(GrpcServerProtocolService.java:121)
	at org.apache.ratis.thirdparty.io.grpc.stub.ServerCalls$StreamingServerCallHandler$StreamingServerCallListener.onCancel(ServerCalls.java:269)
	at org.apache.ratis.thirdparty.io.grpc.internal.ServerCallImpl$ServerStreamListenerImpl.closed(ServerCallImpl.java:293)
	at org.apache.ratis.thirdparty.io.grpc.internal.ServerImpl$JumpToApplicationThreadServerStreamListener$1Closed.runInContext(ServerImpl.java:741)
	at org.apache.ratis.thirdparty.io.grpc.internal.ContextRunnable.run(ContextRunnable.java:37)
	at org.apache.ratis.thirdparty.io.grpc.internal.SerializingExecutor.run(SerializingExecutor.java:123)
	at java.util.concurrent.ThreadPoolExecutor.runWorker(ThreadPoolExecutor.java:1149)
	at java.util.concurrent.ThreadPoolExecutor$Worker.run(ThreadPoolExecutor.java:624)
	at java.lang.Thread.run(Thread.java:748)

]]></system-err>
  </testcase>
  <testcase name="testDatanodeFailureWithPreAllocation" classname="org.apache.hadoop.ozone.client.rpc.TestBlockOutputStreamWithFailures" time="229.872"/>
  <testcase name="testDatanodeFailureWithSingleNodeRatis" classname="org.apache.hadoop.ozone.client.rpc.TestBlockOutputStreamWithFailures" time="223.487"/>
  <testcase name="testWatchForCommitWithSingleNodeRatis" classname="org.apache.hadoop.ozone.client.rpc.TestBlockOutputStreamWithFailures" time="37.839"/>
  <testcase name="testWatchForCommitDatanodeFailure" classname="org.apache.hadoop.ozone.client.rpc.TestBlockOutputStreamWithFailures" time="119.077">
    <failure message="expected:&lt;2&gt; but was:&lt;3&gt;" type="java.lang.AssertionError"><![CDATA[java.lang.AssertionError: expected:<2> but was:<3>
	at org.junit.Assert.fail(Assert.java:88)
	at org.junit.Assert.failNotEquals(Assert.java:743)
	at org.junit.Assert.assertEquals(Assert.java:118)
	at org.junit.Assert.assertEquals(Assert.java:555)
	at org.junit.Assert.assertEquals(Assert.java:542)
	at org.apache.hadoop.ozone.client.rpc.TestBlockOutputStreamWithFailures.testWatchForCommitDatanodeFailure(TestBlockOutputStreamWithFailures.java:366)
	at sun.reflect.NativeMethodAccessorImpl.invoke0(Native Method)
	at sun.reflect.NativeMethodAccessorImpl.invoke(NativeMethodAccessorImpl.java:62)
	at sun.reflect.DelegatingMethodAccessorImpl.invoke(DelegatingMethodAccessorImpl.java:43)
	at java.lang.reflect.Method.invoke(Method.java:498)
	at org.junit.runners.model.FrameworkMethod$1.runReflectiveCall(FrameworkMethod.java:47)
	at org.junit.internal.runners.model.ReflectiveCallable.run(ReflectiveCallable.java:12)
	at org.junit.runners.model.FrameworkMethod.invokeExplosively(FrameworkMethod.java:44)
	at org.junit.internal.runners.statements.InvokeMethod.evaluate(InvokeMethod.java:17)
	at org.junit.internal.runners.statements.RunBefores.evaluate(RunBefores.java:26)
	at org.junit.internal.runners.statements.RunAfters.evaluate(RunAfters.java:27)
	at org.junit.runners.ParentRunner.runLeaf(ParentRunner.java:271)
	at org.junit.runners.BlockJUnit4ClassRunner.runChild(BlockJUnit4ClassRunner.java:70)
	at org.junit.runners.BlockJUnit4ClassRunner.runChild(BlockJUnit4ClassRunner.java:50)
	at org.junit.runners.ParentRunner$3.run(ParentRunner.java:238)
	at org.junit.runners.ParentRunner$1.schedule(ParentRunner.java:63)
	at org.junit.runners.ParentRunner.runChildren(ParentRunner.java:236)
	at org.junit.runners.ParentRunner.access$000(ParentRunner.java:53)
	at org.junit.runners.ParentRunner$2.evaluate(ParentRunner.java:229)
	at org.junit.runners.ParentRunner.run(ParentRunner.java:309)
	at org.apache.maven.surefire.junit4.JUnit4Provider.execute(JUnit4Provider.java:365)
	at org.apache.maven.surefire.junit4.JUnit4Provider.executeWithRerun(JUnit4Provider.java:273)
	at org.apache.maven.surefire.junit4.JUnit4Provider.executeTestSet(JUnit4Provider.java:238)
	at org.apache.maven.surefire.junit4.JUnit4Provider.invoke(JUnit4Provider.java:159)
	at org.apache.maven.surefire.booter.ForkedBooter.invokeProviderInSameClassLoader(ForkedBooter.java:384)
	at org.apache.maven.surefire.booter.ForkedBooter.runSuitesInProcess(ForkedBooter.java:345)
	at org.apache.maven.surefire.booter.ForkedBooter.execute(ForkedBooter.java:126)
	at org.apache.maven.surefire.booter.ForkedBooter.main(ForkedBooter.java:418)
]]></failure>
    <system-out><![CDATA[2019-09-05 11:06:03,885 [main] WARN  server.ServerUtils (ServerUtils.java:getScmDbDir(145)) - ozone.scm.db.dirs is not configured. We recommend adding this setting. Falling back to ozone.metadata.dirs instead.
2019-09-05 11:06:04,062 [main] WARN  server.ServerUtils (ServerUtils.java:getScmDbDir(145)) - ozone.scm.db.dirs is not configured. We recommend adding this setting. Falling back to ozone.metadata.dirs instead.
2019-09-05 11:06:04,063 [main] WARN  server.ServerUtils (ServerUtils.java:getScmDbDir(145)) - ozone.scm.db.dirs is not configured. We recommend adding this setting. Falling back to ozone.metadata.dirs instead.
2019-09-05 11:06:04,064 [main] INFO  db.DBStoreBuilder (DBStoreBuilder.java:addTable(110)) - using custom profile for table: deletedBlocks
2019-09-05 11:06:04,064 [main] INFO  db.DBStoreBuilder (DBStoreBuilder.java:processTables(161)) - Using default column profile:DBProfile.DISK for Table:deletedBlocks
2019-09-05 11:06:04,064 [main] INFO  db.DBStoreBuilder (DBStoreBuilder.java:addTable(110)) - using custom profile for table: validCerts
2019-09-05 11:06:04,065 [main] INFO  db.DBStoreBuilder (DBStoreBuilder.java:processTables(161)) - Using default column profile:DBProfile.DISK for Table:validCerts
2019-09-05 11:06:04,065 [main] INFO  db.DBStoreBuilder (DBStoreBuilder.java:addTable(110)) - using custom profile for table: revokedCerts
2019-09-05 11:06:04,065 [main] INFO  db.DBStoreBuilder (DBStoreBuilder.java:processTables(161)) - Using default column profile:DBProfile.DISK for Table:revokedCerts
2019-09-05 11:06:04,066 [main] INFO  db.DBStoreBuilder (DBStoreBuilder.java:addTable(110)) - using custom profile for table: default
2019-09-05 11:06:04,066 [main] INFO  db.DBStoreBuilder (DBStoreBuilder.java:processTables(167)) - Using default column profile:DBProfile.DISK for Table:default
2019-09-05 11:06:04,066 [main] INFO  db.DBStoreBuilder (DBStoreBuilder.java:getDbProfile(198)) - Using default options. DBProfile.DISK
2019-09-05 11:06:05,112 [main] INFO  net.NodeSchemaLoader (NodeSchemaLoader.java:loadSchemaFromFile(125)) - Loading file from sun.misc.CompoundEnumeration@6dcab9d9
2019-09-05 11:06:05,112 [main] INFO  net.NodeSchemaLoader (NodeSchemaLoader.java:loadSchema(171)) - Loading network topology layer schema file
2019-09-05 11:06:05,118 [main] INFO  node.SCMNodeManager (SCMNodeManager.java:<init>(114)) - Entering startup safe mode.
2019-09-05 11:06:05,119 [main] INFO  algorithms.ContainerPlacementPolicyFactory (ContainerPlacementPolicyFactory.java:getPolicy(55)) - Create container placement policy of type org.apache.hadoop.hdds.scm.container.placement.algorithms.SCMContainerPlacementRandom
2019-09-05 11:06:05,119 [main] WARN  server.ServerUtils (ServerUtils.java:getScmDbDir(145)) - ozone.scm.db.dirs is not configured. We recommend adding this setting. Falling back to ozone.metadata.dirs instead.
2019-09-05 11:06:05,361 [main] INFO  pipeline.SCMPipelineManager (SCMPipelineManager.java:initializePipelineState(126)) - No pipeline exists in current db
2019-09-05 11:06:05,361 [main] WARN  server.ServerUtils (ServerUtils.java:getScmDbDir(145)) - ozone.scm.db.dirs is not configured. We recommend adding this setting. Falling back to ozone.metadata.dirs instead.
2019-09-05 11:06:05,542 [main] WARN  events.EventQueue (EventQueue.java:fireEvent(183)) - No event handler registered for event TypedEvent{payloadType=SafeModeStatus, name='SafeModeStatus'}
2019-09-05 11:06:05,543 [main] INFO  ipc.CallQueueManager (CallQueueManager.java:<init>(84)) - Using callQueue: class java.util.concurrent.LinkedBlockingQueue, queueCapacity: 2000, scheduler: class org.apache.hadoop.ipc.DefaultRpcScheduler, ipcBackoff: false.
2019-09-05 11:06:05,544 [Socket Reader #1 for port 44129] INFO  ipc.Server (Server.java:run(1074)) - Starting Socket Reader #1 for port 44129
2019-09-05 11:06:05,546 [main] INFO  ipc.CallQueueManager (CallQueueManager.java:<init>(84)) - Using callQueue: class java.util.concurrent.LinkedBlockingQueue, queueCapacity: 2000, scheduler: class org.apache.hadoop.ipc.DefaultRpcScheduler, ipcBackoff: false.
2019-09-05 11:06:05,547 [Socket Reader #1 for port 42220] INFO  ipc.Server (Server.java:run(1074)) - Starting Socket Reader #1 for port 42220
2019-09-05 11:06:05,549 [main] INFO  ipc.CallQueueManager (CallQueueManager.java:<init>(84)) - Using callQueue: class java.util.concurrent.LinkedBlockingQueue, queueCapacity: 2000, scheduler: class org.apache.hadoop.ipc.DefaultRpcScheduler, ipcBackoff: false.
2019-09-05 11:06:05,550 [Socket Reader #1 for port 33572] INFO  ipc.Server (Server.java:run(1074)) - Starting Socket Reader #1 for port 33572
2019-09-05 11:06:05,552 [main] INFO  hdfs.DFSUtil (DFSUtil.java:httpServerTemplateForNNAndJN(1641)) - Starting Web-server for scm at: http://0.0.0.0:0
2019-09-05 11:06:05,555 [main] INFO  server.AuthenticationFilter (AuthenticationFilter.java:constructSecretProvider(240)) - Unable to initialize FileSignerSecretProvider, falling back to use random secrets.
2019-09-05 11:06:05,555 [main] WARN  http.HttpRequestLog (HttpRequestLog.java:getRequestLog(97)) - Jetty request log can only be enabled using Log4j
2019-09-05 11:06:05,558 [main] INFO  http.HttpServer2 (HttpServer2.java:addGlobalFilter(975)) - Added global filter 'safety' (class=org.apache.hadoop.http.HttpServer2$QuotingInputFilter)
2019-09-05 11:06:05,559 [main] INFO  http.HttpServer2 (HttpServer2.java:addFilter(948)) - Added filter static_user_filter (class=org.apache.hadoop.http.lib.StaticUserWebFilter$StaticUserFilter) to context scm
2019-09-05 11:06:05,559 [main] INFO  http.HttpServer2 (HttpServer2.java:addFilter(958)) - Added filter static_user_filter (class=org.apache.hadoop.http.lib.StaticUserWebFilter$StaticUserFilter) to context logs
2019-09-05 11:06:05,559 [main] INFO  http.HttpServer2 (HttpServer2.java:addFilter(958)) - Added filter static_user_filter (class=org.apache.hadoop.http.lib.StaticUserWebFilter$StaticUserFilter) to context static
2019-09-05 11:06:05,562 [main] INFO  server.StorageContainerManager (StorageContainerManager.java:start(759)) - StorageContainerLocationProtocol RPC server is listening at /0.0.0.0:33572
2019-09-05 11:06:05,564 [main] WARN  impl.MetricsConfig (MetricsConfig.java:loadFirst(134)) - Cannot locate configuration: tried hadoop-metrics2-storagecontainermanager.properties,hadoop-metrics2.properties
2019-09-05 11:06:05,565 [main] INFO  impl.MetricsSystemImpl (MetricsSystemImpl.java:startTimer(374)) - Scheduled Metric snapshot period at 10 second(s).
2019-09-05 11:06:05,566 [main] INFO  impl.MetricsSystemImpl (MetricsSystemImpl.java:start(191)) - StorageContainerManager metrics system started
2019-09-05 11:06:05,615 [main] WARN  impl.MetricsSystemImpl (MetricsSystemImpl.java:register(276)) - Sink prometheus already exists!
2019-09-05 11:06:05,694 [main] INFO  server.SCMClientProtocolServer (SCMClientProtocolServer.java:start(151)) - RPC server for Client  is listening at /0.0.0.0:33572
2019-09-05 11:06:05,695 [IPC Server Responder] INFO  ipc.Server (Server.java:run(1314)) - IPC Server Responder: starting
2019-09-05 11:06:05,695 [IPC Server listener on 33572] INFO  ipc.Server (Server.java:run(1153)) - IPC Server listener on 33572: starting
2019-09-05 11:06:05,701 [main] INFO  server.StorageContainerManager (StorageContainerManager.java:start(769)) - ScmBlockLocationProtocol RPC server is listening at /0.0.0.0:42220
2019-09-05 11:06:05,701 [main] INFO  server.SCMBlockProtocolServer (SCMBlockProtocolServer.java:start(146)) - RPC server for Block Protocol is listening at /0.0.0.0:42220
2019-09-05 11:06:05,702 [IPC Server listener on 42220] INFO  ipc.Server (Server.java:run(1153)) - IPC Server listener on 42220: starting
2019-09-05 11:06:05,702 [IPC Server Responder] INFO  ipc.Server (Server.java:run(1314)) - IPC Server Responder: starting
2019-09-05 11:06:05,705 [main] INFO  server.StorageContainerManager (StorageContainerManager.java:start(773)) - ScmDatanodeProtocl RPC server is listening at /0.0.0.0:44129
2019-09-05 11:06:05,705 [main] INFO  server.SCMDatanodeProtocolServer (SCMDatanodeProtocolServer.java:start(191)) - RPC server for DataNodes is listening at /0.0.0.0:44129
2019-09-05 11:06:05,705 [IPC Server Responder] INFO  ipc.Server (Server.java:run(1314)) - IPC Server Responder: starting
2019-09-05 11:06:05,705 [IPC Server listener on 44129] INFO  ipc.Server (Server.java:run(1153)) - IPC Server listener on 44129: starting
2019-09-05 11:06:05,708 [main] INFO  http.HttpServer2 (HttpServer2.java:bindListener(1191)) - Jetty bound to port 39117
2019-09-05 11:06:05,708 [main] INFO  server.Server (Server.java:doStart(351)) - jetty-9.3.24.v20180605, build timestamp: 2018-06-05T17:11:56Z, git hash: 84205aa28f11a4f31f2a3b86d1bba2cc8ab69827
2019-09-05 11:06:05,710 [main] INFO  handler.ContextHandler (ContextHandler.java:doStart(781)) - Started o.e.j.s.ServletContextHandler@448c92fc{/logs,file:///workdir/hadoop-ozone/integration-test/target/log,AVAILABLE}
2019-09-05 11:06:05,710 [main] INFO  handler.ContextHandler (ContextHandler.java:doStart(781)) - Started o.e.j.s.ServletContextHandler@17c0274c{/static,file:///workdir/hadoop-ozone/integration-test/target/test-classes/webapps/static,AVAILABLE}
2019-09-05 11:06:05,714 [main] INFO  handler.ContextHandler (ContextHandler.java:doStart(781)) - Started o.e.j.w.WebAppContext@482c351d{/,file:///workdir/hadoop-ozone/integration-test/target/test-classes/webapps/scm/,AVAILABLE}{/scm}
2019-09-05 11:06:05,714 [main] INFO  server.AbstractConnector (AbstractConnector.java:doStart(278)) - Started ServerConnector@75eaba95{HTTP/1.1,[http/1.1]}{0.0.0.0:39117}
2019-09-05 11:06:05,715 [main] INFO  server.Server (Server.java:doStart(419)) - Started @536009ms
2019-09-05 11:06:05,715 [main] WARN  impl.MetricsSystemImpl (MetricsSystemImpl.java:register(276)) - Sink prometheus already exists!
2019-09-05 11:06:05,716 [main] INFO  server.BaseHttpServer (BaseHttpServer.java:updateConnectorAddress(215)) - HTTP server of SCM is listening at http://0.0.0.0:39117
2019-09-05 11:06:05,717 [main] WARN  server.ServerUtils (ServerUtils.java:getDBPath(222)) - ozone.om.db.dirs is not configured. We recommend adding this setting. Falling back to ozone.metadata.dirs instead.
2019-09-05 11:06:05,717 [org.apache.hadoop.util.JvmPauseMonitor$Monitor@435e416c] INFO  util.JvmPauseMonitor (JvmPauseMonitor.java:run(188)) - Starting JVM pause monitor
2019-09-05 11:06:05,813 [main] WARN  server.ServerUtils (ServerUtils.java:getDBPath(222)) - ozone.om.db.dirs is not configured. We recommend adding this setting. Falling back to ozone.metadata.dirs instead.
2019-09-05 11:06:05,814 [main] WARN  server.ServerUtils (ServerUtils.java:getDBPath(222)) - ozone.om.db.dirs is not configured. We recommend adding this setting. Falling back to ozone.metadata.dirs instead.
2019-09-05 11:06:05,815 [main] INFO  om.OzoneManager (OzoneManager.java:setOMNodeDetails(649)) - OM Service ID is not set. Setting it to the default ID: omServiceIdDefault
2019-09-05 11:06:05,815 [main] INFO  om.OzoneManager (OzoneManager.java:setOMNodeDetails(655)) - OM Node ID is not set. Setting it to the OmStorage's OmID: 83a5d301-369f-4e1f-8199-74577b4215a4
2019-09-05 11:06:05,815 [main] INFO  om.OzoneManager (OzoneManager.java:loadOMHAConfigs(606)) - Found matching OM address with OMServiceId: null, OMNodeId: null, RPC Address: localhost:0 and Ratis port: 9872
2019-09-05 11:06:05,823 [main] WARN  server.ServerUtils (ServerUtils.java:getDBPath(222)) - ozone.om.db.dirs is not configured. We recommend adding this setting. Falling back to ozone.metadata.dirs instead.
2019-09-05 11:06:05,824 [main] INFO  db.DBStoreBuilder (DBStoreBuilder.java:addTable(110)) - using custom profile for table: userTable
2019-09-05 11:06:05,824 [main] INFO  db.DBStoreBuilder (DBStoreBuilder.java:processTables(161)) - Using default column profile:DBProfile.DISK for Table:userTable
2019-09-05 11:06:05,825 [main] INFO  db.DBStoreBuilder (DBStoreBuilder.java:addTable(110)) - using custom profile for table: volumeTable
2019-09-05 11:06:05,825 [main] INFO  db.DBStoreBuilder (DBStoreBuilder.java:processTables(161)) - Using default column profile:DBProfile.DISK for Table:volumeTable
2019-09-05 11:06:05,825 [main] INFO  db.DBStoreBuilder (DBStoreBuilder.java:addTable(110)) - using custom profile for table: bucketTable
2019-09-05 11:06:05,825 [main] INFO  db.DBStoreBuilder (DBStoreBuilder.java:processTables(161)) - Using default column profile:DBProfile.DISK for Table:bucketTable
2019-09-05 11:06:05,826 [main] INFO  db.DBStoreBuilder (DBStoreBuilder.java:addTable(110)) - using custom profile for table: keyTable
2019-09-05 11:06:05,826 [main] INFO  db.DBStoreBuilder (DBStoreBuilder.java:processTables(161)) - Using default column profile:DBProfile.DISK for Table:keyTable
2019-09-05 11:06:05,826 [main] INFO  db.DBStoreBuilder (DBStoreBuilder.java:addTable(110)) - using custom profile for table: deletedTable
2019-09-05 11:06:05,826 [main] INFO  db.DBStoreBuilder (DBStoreBuilder.java:processTables(161)) - Using default column profile:DBProfile.DISK for Table:deletedTable
2019-09-05 11:06:05,827 [main] INFO  db.DBStoreBuilder (DBStoreBuilder.java:addTable(110)) - using custom profile for table: openKeyTable
2019-09-05 11:06:05,827 [main] INFO  db.DBStoreBuilder (DBStoreBuilder.java:processTables(161)) - Using default column profile:DBProfile.DISK for Table:openKeyTable
2019-09-05 11:06:05,827 [main] INFO  db.DBStoreBuilder (DBStoreBuilder.java:addTable(110)) - using custom profile for table: s3Table
2019-09-05 11:06:05,827 [main] INFO  db.DBStoreBuilder (DBStoreBuilder.java:processTables(161)) - Using default column profile:DBProfile.DISK for Table:s3Table
2019-09-05 11:06:05,827 [main] INFO  db.DBStoreBuilder (DBStoreBuilder.java:addTable(110)) - using custom profile for table: multipartInfoTable
2019-09-05 11:06:05,828 [main] INFO  db.DBStoreBuilder (DBStoreBuilder.java:processTables(161)) - Using default column profile:DBProfile.DISK for Table:multipartInfoTable
2019-09-05 11:06:05,828 [main] INFO  db.DBStoreBuilder (DBStoreBuilder.java:addTable(110)) - using custom profile for table: dTokenTable
2019-09-05 11:06:05,828 [main] INFO  db.DBStoreBuilder (DBStoreBuilder.java:processTables(161)) - Using default column profile:DBProfile.DISK for Table:dTokenTable
2019-09-05 11:06:05,829 [main] INFO  db.DBStoreBuilder (DBStoreBuilder.java:addTable(110)) - using custom profile for table: s3SecretTable
2019-09-05 11:06:05,829 [main] INFO  db.DBStoreBuilder (DBStoreBuilder.java:processTables(161)) - Using default column profile:DBProfile.DISK for Table:s3SecretTable
2019-09-05 11:06:05,829 [main] INFO  db.DBStoreBuilder (DBStoreBuilder.java:addTable(110)) - using custom profile for table: prefixTable
2019-09-05 11:06:05,829 [main] INFO  db.DBStoreBuilder (DBStoreBuilder.java:processTables(161)) - Using default column profile:DBProfile.DISK for Table:prefixTable
2019-09-05 11:06:05,830 [main] INFO  db.DBStoreBuilder (DBStoreBuilder.java:addTable(110)) - using custom profile for table: default
2019-09-05 11:06:05,830 [main] INFO  db.DBStoreBuilder (DBStoreBuilder.java:processTables(167)) - Using default column profile:DBProfile.DISK for Table:default
2019-09-05 11:06:05,830 [main] INFO  db.DBStoreBuilder (DBStoreBuilder.java:getDbProfile(198)) - Using default options. DBProfile.DISK
2019-09-05 11:06:07,282 [main] INFO  ipc.CallQueueManager (CallQueueManager.java:<init>(84)) - Using callQueue: class java.util.concurrent.LinkedBlockingQueue, queueCapacity: 2000, scheduler: class org.apache.hadoop.ipc.DefaultRpcScheduler, ipcBackoff: false.
2019-09-05 11:06:07,284 [Socket Reader #1 for port 34503] INFO  ipc.Server (Server.java:run(1074)) - Starting Socket Reader #1 for port 34503
2019-09-05 11:06:07,299 [main] INFO  om.OzoneManager (OzoneManager.java:start(1240)) - OzoneManager RPC server is listening at localhost/127.0.0.1:34503
2019-09-05 11:06:07,299 [main] INFO  impl.MetricsSystemImpl (MetricsSystemImpl.java:init(158)) - OzoneManager metrics system started (again)
2019-09-05 11:06:07,300 [IPC Server Responder] INFO  ipc.Server (Server.java:run(1314)) - IPC Server Responder: starting
2019-09-05 11:06:07,300 [IPC Server listener on 34503] INFO  ipc.Server (Server.java:run(1153)) - IPC Server listener on 34503: starting
2019-09-05 11:06:07,306 [main] INFO  hdfs.DFSUtil (DFSUtil.java:httpServerTemplateForNNAndJN(1641)) - Starting Web-server for ozoneManager at: http://0.0.0.0:0
2019-09-05 11:06:07,308 [main] INFO  server.AuthenticationFilter (AuthenticationFilter.java:constructSecretProvider(240)) - Unable to initialize FileSignerSecretProvider, falling back to use random secrets.
2019-09-05 11:06:07,308 [main] WARN  http.HttpRequestLog (HttpRequestLog.java:getRequestLog(97)) - Jetty request log can only be enabled using Log4j
2019-09-05 11:06:07,311 [main] INFO  http.HttpServer2 (HttpServer2.java:addGlobalFilter(975)) - Added global filter 'safety' (class=org.apache.hadoop.http.HttpServer2$QuotingInputFilter)
2019-09-05 11:06:07,311 [main] INFO  http.HttpServer2 (HttpServer2.java:addFilter(948)) - Added filter static_user_filter (class=org.apache.hadoop.http.lib.StaticUserWebFilter$StaticUserFilter) to context ozoneManager
2019-09-05 11:06:07,312 [main] INFO  http.HttpServer2 (HttpServer2.java:addFilter(958)) - Added filter static_user_filter (class=org.apache.hadoop.http.lib.StaticUserWebFilter$StaticUserFilter) to context static
2019-09-05 11:06:07,312 [main] INFO  http.HttpServer2 (HttpServer2.java:addFilter(958)) - Added filter static_user_filter (class=org.apache.hadoop.http.lib.StaticUserWebFilter$StaticUserFilter) to context logs
2019-09-05 11:06:07,313 [main] INFO  http.HttpServer2 (HttpServer2.java:bindListener(1191)) - Jetty bound to port 45848
2019-09-05 11:06:07,313 [main] INFO  server.Server (Server.java:doStart(351)) - jetty-9.3.24.v20180605, build timestamp: 2018-06-05T17:11:56Z, git hash: 84205aa28f11a4f31f2a3b86d1bba2cc8ab69827
2019-09-05 11:06:07,315 [main] INFO  handler.ContextHandler (ContextHandler.java:doStart(781)) - Started o.e.j.s.ServletContextHandler@3d3c886f{/logs,file:///workdir/hadoop-ozone/integration-test/target/log,AVAILABLE}
2019-09-05 11:06:07,315 [main] INFO  handler.ContextHandler (ContextHandler.java:doStart(781)) - Started o.e.j.s.ServletContextHandler@666618d6{/static,file:///workdir/hadoop-ozone/integration-test/target/test-classes/webapps/static,AVAILABLE}
2019-09-05 11:06:07,320 [main] INFO  handler.ContextHandler (ContextHandler.java:doStart(781)) - Started o.e.j.w.WebAppContext@29d25e65{/,file:///workdir/hadoop-ozone/integration-test/target/test-classes/webapps/ozoneManager/,AVAILABLE}{/ozoneManager}
2019-09-05 11:06:07,321 [main] INFO  server.AbstractConnector (AbstractConnector.java:doStart(278)) - Started ServerConnector@19b75b2b{HTTP/1.1,[http/1.1]}{0.0.0.0:45848}
2019-09-05 11:06:07,322 [main] INFO  server.Server (Server.java:doStart(419)) - Started @537616ms
2019-09-05 11:06:07,322 [main] WARN  impl.MetricsSystemImpl (MetricsSystemImpl.java:register(276)) - Sink prometheus already exists!
2019-09-05 11:06:07,323 [main] INFO  server.BaseHttpServer (BaseHttpServer.java:updateConnectorAddress(215)) - HTTP server of OZONEMANAGER is listening at http://0.0.0.0:45848
2019-09-05 11:06:07,340 [main] INFO  impl.MetricsSystemImpl (MetricsSystemImpl.java:init(158)) - HddsDatanode metrics system started (again)
2019-09-05 11:06:07,344 [main] INFO  ozone.HddsDatanodeService (HddsDatanodeService.java:start(184)) - HddsDatanodeService host:pr-hdds-1561-gm47z-337254333 ip:192.168.36.83
2019-09-05 11:06:07,349 [main] INFO  volume.HddsVolume (HddsVolume.java:<init>(176)) - Creating Volume: /workdir/hadoop-ozone/integration-test/target/test-dir/MiniOzoneClusterImpl-06581d8d-c2e4-4d94-a862-518568baa486/datanode-0/data/containers/hdds of  storage type : DISK and capacity : 1482555576320
2019-09-05 11:06:07,350 [main] INFO  volume.VolumeSet (VolumeSet.java:initializeVolumeSet(170)) - Added Volume : /workdir/hadoop-ozone/integration-test/target/test-dir/MiniOzoneClusterImpl-06581d8d-c2e4-4d94-a862-518568baa486/datanode-0/data/containers/hdds to VolumeSet
2019-09-05 11:06:07,350 [main] INFO  volume.ThrottledAsyncChecker (ThrottledAsyncChecker.java:schedule(140)) - Scheduling a check for org.apache.hadoop.ozone.container.common.volume.HddsVolume@615efd1c
2019-09-05 11:06:07,351 [main] INFO  volume.HddsVolumeChecker (HddsVolumeChecker.java:checkAllVolumes(203)) - Scheduled health check for volume org.apache.hadoop.ozone.container.common.volume.HddsVolume@615efd1c
2019-09-05 11:06:07,366 [main] INFO  impl.RaftServerProxy (ConfUtils.java:logGet(43)) - raft.rpc.type = GRPC (default)
2019-09-05 11:06:07,367 [main] INFO  grpc.GrpcFactory (GrpcFactory.java:checkPooledByteBufAllocatorUseCacheForAllThreads(45)) - PERFORMANCE WARNING: useCacheForAllThreads is true that may cause Netty to create a lot garbage objects and, as a result, trigger GC.
	It is recommended to disable useCacheForAllThreads by setting -Dorg.apache.ratis.thirdparty.io.netty.allocator.useCacheForAllThreads=false in command line.
2019-09-05 11:06:07,367 [main] INFO  grpc.GrpcConfigKeys$Server (ConfUtils.java:logGet(43)) - raft.grpc.server.port = 0 (default)
2019-09-05 11:06:07,367 [main] INFO  server.GrpcService (ConfUtils.java:logGet(43)) - raft.grpc.message.size.max = 33570816 (custom)
2019-09-05 11:06:07,367 [main] INFO  server.RaftServerConfigKeys (ConfUtils.java:logGet(43)) - raft.server.log.appender.buffer.byte-limit = 33554432 (custom)
2019-09-05 11:06:07,368 [main] INFO  server.GrpcService (ConfUtils.java:logGet(43)) - raft.grpc.flow.control.window = 1MB (=1048576) (default)
2019-09-05 11:06:07,368 [main] INFO  server.RaftServerConfigKeys (ConfUtils.java:logGet(43)) - raft.server.rpc.request.timeout = 3000ms (default)
2019-09-05 11:06:07,369 [main] INFO  server.RaftServerConfigKeys (ConfUtils.java:logGet(43)) - raft.server.storage.dir = [/workdir/hadoop-ozone/integration-test/target/test-dir/MiniOzoneClusterImpl-06581d8d-c2e4-4d94-a862-518568baa486/datanode-0/data/ratis] (custom)
2019-09-05 11:06:07,370 [main] INFO  hdfs.DFSUtil (DFSUtil.java:httpServerTemplateForNNAndJN(1641)) - Starting Web-server for hddsDatanode at: http://0.0.0.0:0
2019-09-05 11:06:07,371 [main] INFO  server.AuthenticationFilter (AuthenticationFilter.java:constructSecretProvider(240)) - Unable to initialize FileSignerSecretProvider, falling back to use random secrets.
2019-09-05 11:06:07,372 [main] WARN  http.HttpRequestLog (HttpRequestLog.java:getRequestLog(97)) - Jetty request log can only be enabled using Log4j
2019-09-05 11:06:07,373 [main] INFO  http.HttpServer2 (HttpServer2.java:addGlobalFilter(975)) - Added global filter 'safety' (class=org.apache.hadoop.http.HttpServer2$QuotingInputFilter)
2019-09-05 11:06:07,374 [main] INFO  http.HttpServer2 (HttpServer2.java:addFilter(948)) - Added filter static_user_filter (class=org.apache.hadoop.http.lib.StaticUserWebFilter$StaticUserFilter) to context hddsDatanode
2019-09-05 11:06:07,374 [main] INFO  http.HttpServer2 (HttpServer2.java:addFilter(958)) - Added filter static_user_filter (class=org.apache.hadoop.http.lib.StaticUserWebFilter$StaticUserFilter) to context logs
2019-09-05 11:06:07,374 [main] INFO  http.HttpServer2 (HttpServer2.java:addFilter(958)) - Added filter static_user_filter (class=org.apache.hadoop.http.lib.StaticUserWebFilter$StaticUserFilter) to context static
2019-09-05 11:06:07,375 [main] INFO  http.HttpServer2 (HttpServer2.java:bindListener(1191)) - Jetty bound to port 40615
2019-09-05 11:06:07,375 [main] INFO  server.Server (Server.java:doStart(351)) - jetty-9.3.24.v20180605, build timestamp: 2018-06-05T17:11:56Z, git hash: 84205aa28f11a4f31f2a3b86d1bba2cc8ab69827
2019-09-05 11:06:07,376 [main] INFO  handler.ContextHandler (ContextHandler.java:doStart(781)) - Started o.e.j.s.ServletContextHandler@492521c4{/logs,file:///workdir/hadoop-ozone/integration-test/target/log,AVAILABLE}
2019-09-05 11:06:07,377 [main] INFO  handler.ContextHandler (ContextHandler.java:doStart(781)) - Started o.e.j.s.ServletContextHandler@6ddd1c51{/static,jar:file:/home/user/.m2/repository/org/apache/hadoop/hadoop-hdds-container-service/0.5.0-SNAPSHOT/hadoop-hdds-container-service-0.5.0-SNAPSHOT.jar!/webapps/static,AVAILABLE}
2019-09-05 11:06:07,404 [main] INFO  handler.ContextHandler (ContextHandler.java:doStart(781)) - Started o.e.j.w.WebAppContext@62cbc478{/,file:///tmp/jetty-0.0.0.0-40615-hddsDatanode-_-any-7074077786611944906.dir/webapp/,AVAILABLE}{/hddsDatanode}
2019-09-05 11:06:07,404 [main] INFO  server.AbstractConnector (AbstractConnector.java:doStart(278)) - Started ServerConnector@5438fa43{HTTP/1.1,[http/1.1]}{0.0.0.0:40615}
2019-09-05 11:06:07,405 [main] INFO  server.Server (Server.java:doStart(419)) - Started @537700ms
2019-09-05 11:06:07,405 [main] WARN  impl.MetricsSystemImpl (MetricsSystemImpl.java:register(276)) - Sink prometheus already exists!
2019-09-05 11:06:07,406 [main] INFO  server.BaseHttpServer (BaseHttpServer.java:updateConnectorAddress(215)) - HTTP server of HDDSDATANODE is listening at http://0.0.0.0:40615
2019-09-05 11:06:07,406 [main] INFO  impl.MetricsSystemImpl (MetricsSystemImpl.java:init(158)) - HddsDatanode metrics system started (again)
2019-09-05 11:06:07,409 [org.apache.hadoop.util.JvmPauseMonitor$Monitor@52afd42f] INFO  util.JvmPauseMonitor (JvmPauseMonitor.java:run(188)) - Starting JVM pause monitor
2019-09-05 11:06:07,409 [main] INFO  ozone.HddsDatanodeService (HddsDatanodeService.java:start(184)) - HddsDatanodeService host:pr-hdds-1561-gm47z-337254333 ip:192.168.36.83
2019-09-05 11:06:07,410 [Datanode State Machine Thread - 0] INFO  datanode.InitDatanodeState (InitDatanodeState.java:persistContainerDatanodeDetails(140)) - DatanodeDetails is persisted to /workdir/hadoop-ozone/integration-test/target/test-dir/MiniOzoneClusterImpl-06581d8d-c2e4-4d94-a862-518568baa486/datanode-0/meta/datanode.id
2019-09-05 11:06:07,414 [main] INFO  volume.HddsVolume (HddsVolume.java:<init>(176)) - Creating Volume: /workdir/hadoop-ozone/integration-test/target/test-dir/MiniOzoneClusterImpl-06581d8d-c2e4-4d94-a862-518568baa486/datanode-1/data/containers/hdds of  storage type : DISK and capacity : 1482555576320
2019-09-05 11:06:07,414 [main] INFO  volume.VolumeSet (VolumeSet.java:initializeVolumeSet(170)) - Added Volume : /workdir/hadoop-ozone/integration-test/target/test-dir/MiniOzoneClusterImpl-06581d8d-c2e4-4d94-a862-518568baa486/datanode-1/data/containers/hdds to VolumeSet
2019-09-05 11:06:07,414 [main] INFO  volume.ThrottledAsyncChecker (ThrottledAsyncChecker.java:schedule(140)) - Scheduling a check for org.apache.hadoop.ozone.container.common.volume.HddsVolume@2ca54da9
2019-09-05 11:06:07,414 [main] INFO  volume.HddsVolumeChecker (HddsVolumeChecker.java:checkAllVolumes(203)) - Scheduled health check for volume org.apache.hadoop.ozone.container.common.volume.HddsVolume@2ca54da9
2019-09-05 11:06:07,425 [main] INFO  impl.RaftServerProxy (ConfUtils.java:logGet(43)) - raft.rpc.type = GRPC (default)
2019-09-05 11:06:07,426 [main] INFO  grpc.GrpcFactory (GrpcFactory.java:checkPooledByteBufAllocatorUseCacheForAllThreads(45)) - PERFORMANCE WARNING: useCacheForAllThreads is true that may cause Netty to create a lot garbage objects and, as a result, trigger GC.
	It is recommended to disable useCacheForAllThreads by setting -Dorg.apache.ratis.thirdparty.io.netty.allocator.useCacheForAllThreads=false in command line.
2019-09-05 11:06:07,426 [main] INFO  grpc.GrpcConfigKeys$Server (ConfUtils.java:logGet(43)) - raft.grpc.server.port = 0 (default)
2019-09-05 11:06:07,426 [main] INFO  server.GrpcService (ConfUtils.java:logGet(43)) - raft.grpc.message.size.max = 33570816 (custom)
2019-09-05 11:06:07,426 [main] INFO  server.RaftServerConfigKeys (ConfUtils.java:logGet(43)) - raft.server.log.appender.buffer.byte-limit = 33554432 (custom)
2019-09-05 11:06:07,426 [main] INFO  server.GrpcService (ConfUtils.java:logGet(43)) - raft.grpc.flow.control.window = 1MB (=1048576) (default)
2019-09-05 11:06:07,427 [main] INFO  server.RaftServerConfigKeys (ConfUtils.java:logGet(43)) - raft.server.rpc.request.timeout = 3000ms (default)
2019-09-05 11:06:07,427 [main] INFO  server.RaftServerConfigKeys (ConfUtils.java:logGet(43)) - raft.server.storage.dir = [/workdir/hadoop-ozone/integration-test/target/test-dir/MiniOzoneClusterImpl-06581d8d-c2e4-4d94-a862-518568baa486/datanode-1/data/ratis] (custom)
2019-09-05 11:06:07,428 [main] INFO  hdfs.DFSUtil (DFSUtil.java:httpServerTemplateForNNAndJN(1641)) - Starting Web-server for hddsDatanode at: http://0.0.0.0:0
2019-09-05 11:06:07,429 [main] INFO  server.AuthenticationFilter (AuthenticationFilter.java:constructSecretProvider(240)) - Unable to initialize FileSignerSecretProvider, falling back to use random secrets.
2019-09-05 11:06:07,429 [main] WARN  http.HttpRequestLog (HttpRequestLog.java:getRequestLog(97)) - Jetty request log can only be enabled using Log4j
2019-09-05 11:06:07,430 [main] INFO  http.HttpServer2 (HttpServer2.java:addGlobalFilter(975)) - Added global filter 'safety' (class=org.apache.hadoop.http.HttpServer2$QuotingInputFilter)
2019-09-05 11:06:07,431 [main] INFO  http.HttpServer2 (HttpServer2.java:addFilter(948)) - Added filter static_user_filter (class=org.apache.hadoop.http.lib.StaticUserWebFilter$StaticUserFilter) to context hddsDatanode
2019-09-05 11:06:07,431 [main] INFO  http.HttpServer2 (HttpServer2.java:addFilter(958)) - Added filter static_user_filter (class=org.apache.hadoop.http.lib.StaticUserWebFilter$StaticUserFilter) to context static
2019-09-05 11:06:07,431 [main] INFO  http.HttpServer2 (HttpServer2.java:addFilter(958)) - Added filter static_user_filter (class=org.apache.hadoop.http.lib.StaticUserWebFilter$StaticUserFilter) to context logs
2019-09-05 11:06:07,431 [main] INFO  http.HttpServer2 (HttpServer2.java:bindListener(1191)) - Jetty bound to port 38437
2019-09-05 11:06:07,432 [main] INFO  server.Server (Server.java:doStart(351)) - jetty-9.3.24.v20180605, build timestamp: 2018-06-05T17:11:56Z, git hash: 84205aa28f11a4f31f2a3b86d1bba2cc8ab69827
2019-09-05 11:06:07,433 [main] INFO  handler.ContextHandler (ContextHandler.java:doStart(781)) - Started o.e.j.s.ServletContextHandler@26f0141{/logs,file:///workdir/hadoop-ozone/integration-test/target/log,AVAILABLE}
2019-09-05 11:06:07,433 [main] INFO  handler.ContextHandler (ContextHandler.java:doStart(781)) - Started o.e.j.s.ServletContextHandler@6de7778f{/static,jar:file:/home/user/.m2/repository/org/apache/hadoop/hadoop-hdds-container-service/0.5.0-SNAPSHOT/hadoop-hdds-container-service-0.5.0-SNAPSHOT.jar!/webapps/static,AVAILABLE}
2019-09-05 11:06:07,460 [main] INFO  handler.ContextHandler (ContextHandler.java:doStart(781)) - Started o.e.j.w.WebAppContext@538a2f0e{/,file:///tmp/jetty-0.0.0.0-38437-hddsDatanode-_-any-7109973311719296406.dir/webapp/,AVAILABLE}{/hddsDatanode}
2019-09-05 11:06:07,461 [main] INFO  server.AbstractConnector (AbstractConnector.java:doStart(278)) - Started ServerConnector@d2708a7{HTTP/1.1,[http/1.1]}{0.0.0.0:38437}
2019-09-05 11:06:07,462 [main] INFO  server.Server (Server.java:doStart(419)) - Started @537757ms
2019-09-05 11:06:07,462 [main] WARN  impl.MetricsSystemImpl (MetricsSystemImpl.java:register(276)) - Sink prometheus already exists!
2019-09-05 11:06:07,463 [main] INFO  server.BaseHttpServer (BaseHttpServer.java:updateConnectorAddress(215)) - HTTP server of HDDSDATANODE is listening at http://0.0.0.0:38437
2019-09-05 11:06:07,464 [main] INFO  impl.MetricsSystemImpl (MetricsSystemImpl.java:init(158)) - HddsDatanode metrics system started (again)
2019-09-05 11:06:07,466 [org.apache.hadoop.util.JvmPauseMonitor$Monitor@7beaa540] INFO  util.JvmPauseMonitor (JvmPauseMonitor.java:run(188)) - Starting JVM pause monitor
2019-09-05 11:06:07,468 [Datanode State Machine Thread - 0] INFO  datanode.InitDatanodeState (InitDatanodeState.java:persistContainerDatanodeDetails(140)) - DatanodeDetails is persisted to /workdir/hadoop-ozone/integration-test/target/test-dir/MiniOzoneClusterImpl-06581d8d-c2e4-4d94-a862-518568baa486/datanode-1/meta/datanode.id
2019-09-05 11:06:07,468 [main] INFO  ozone.HddsDatanodeService (HddsDatanodeService.java:start(184)) - HddsDatanodeService host:pr-hdds-1561-gm47z-337254333 ip:192.168.36.83
2019-09-05 11:06:07,476 [main] INFO  volume.HddsVolume (HddsVolume.java:<init>(176)) - Creating Volume: /workdir/hadoop-ozone/integration-test/target/test-dir/MiniOzoneClusterImpl-06581d8d-c2e4-4d94-a862-518568baa486/datanode-2/data/containers/hdds of  storage type : DISK and capacity : 1482555576320
2019-09-05 11:06:07,476 [main] INFO  volume.VolumeSet (VolumeSet.java:initializeVolumeSet(170)) - Added Volume : /workdir/hadoop-ozone/integration-test/target/test-dir/MiniOzoneClusterImpl-06581d8d-c2e4-4d94-a862-518568baa486/datanode-2/data/containers/hdds to VolumeSet
2019-09-05 11:06:07,476 [main] INFO  volume.ThrottledAsyncChecker (ThrottledAsyncChecker.java:schedule(140)) - Scheduling a check for org.apache.hadoop.ozone.container.common.volume.HddsVolume@42c12b3e
2019-09-05 11:06:07,477 [main] INFO  volume.HddsVolumeChecker (HddsVolumeChecker.java:checkAllVolumes(203)) - Scheduled health check for volume org.apache.hadoop.ozone.container.common.volume.HddsVolume@42c12b3e
2019-09-05 11:06:07,494 [main] INFO  impl.RaftServerProxy (ConfUtils.java:logGet(43)) - raft.rpc.type = GRPC (default)
2019-09-05 11:06:07,494 [main] INFO  grpc.GrpcFactory (GrpcFactory.java:checkPooledByteBufAllocatorUseCacheForAllThreads(45)) - PERFORMANCE WARNING: useCacheForAllThreads is true that may cause Netty to create a lot garbage objects and, as a result, trigger GC.
	It is recommended to disable useCacheForAllThreads by setting -Dorg.apache.ratis.thirdparty.io.netty.allocator.useCacheForAllThreads=false in command line.
2019-09-05 11:06:07,495 [main] INFO  grpc.GrpcConfigKeys$Server (ConfUtils.java:logGet(43)) - raft.grpc.server.port = 0 (default)
2019-09-05 11:06:07,495 [main] INFO  server.GrpcService (ConfUtils.java:logGet(43)) - raft.grpc.message.size.max = 33570816 (custom)
2019-09-05 11:06:07,495 [main] INFO  server.RaftServerConfigKeys (ConfUtils.java:logGet(43)) - raft.server.log.appender.buffer.byte-limit = 33554432 (custom)
2019-09-05 11:06:07,495 [main] INFO  server.GrpcService (ConfUtils.java:logGet(43)) - raft.grpc.flow.control.window = 1MB (=1048576) (default)
2019-09-05 11:06:07,495 [main] INFO  server.RaftServerConfigKeys (ConfUtils.java:logGet(43)) - raft.server.rpc.request.timeout = 3000ms (default)
2019-09-05 11:06:07,496 [main] INFO  server.RaftServerConfigKeys (ConfUtils.java:logGet(43)) - raft.server.storage.dir = [/workdir/hadoop-ozone/integration-test/target/test-dir/MiniOzoneClusterImpl-06581d8d-c2e4-4d94-a862-518568baa486/datanode-2/data/ratis] (custom)
2019-09-05 11:06:07,497 [main] INFO  hdfs.DFSUtil (DFSUtil.java:httpServerTemplateForNNAndJN(1641)) - Starting Web-server for hddsDatanode at: http://0.0.0.0:0
2019-09-05 11:06:07,499 [main] INFO  server.AuthenticationFilter (AuthenticationFilter.java:constructSecretProvider(240)) - Unable to initialize FileSignerSecretProvider, falling back to use random secrets.
2019-09-05 11:06:07,499 [main] WARN  http.HttpRequestLog (HttpRequestLog.java:getRequestLog(97)) - Jetty request log can only be enabled using Log4j
2019-09-05 11:06:07,500 [main] INFO  http.HttpServer2 (HttpServer2.java:addGlobalFilter(975)) - Added global filter 'safety' (class=org.apache.hadoop.http.HttpServer2$QuotingInputFilter)
2019-09-05 11:06:07,501 [main] INFO  http.HttpServer2 (HttpServer2.java:addFilter(948)) - Added filter static_user_filter (class=org.apache.hadoop.http.lib.StaticUserWebFilter$StaticUserFilter) to context hddsDatanode
2019-09-05 11:06:07,501 [main] INFO  http.HttpServer2 (HttpServer2.java:addFilter(958)) - Added filter static_user_filter (class=org.apache.hadoop.http.lib.StaticUserWebFilter$StaticUserFilter) to context static
2019-09-05 11:06:07,501 [main] INFO  http.HttpServer2 (HttpServer2.java:addFilter(958)) - Added filter static_user_filter (class=org.apache.hadoop.http.lib.StaticUserWebFilter$StaticUserFilter) to context logs
2019-09-05 11:06:07,502 [main] INFO  http.HttpServer2 (HttpServer2.java:bindListener(1191)) - Jetty bound to port 34948
2019-09-05 11:06:07,502 [main] INFO  server.Server (Server.java:doStart(351)) - jetty-9.3.24.v20180605, build timestamp: 2018-06-05T17:11:56Z, git hash: 84205aa28f11a4f31f2a3b86d1bba2cc8ab69827
2019-09-05 11:06:07,503 [main] INFO  handler.ContextHandler (ContextHandler.java:doStart(781)) - Started o.e.j.s.ServletContextHandler@6094de13{/logs,file:///workdir/hadoop-ozone/integration-test/target/log,AVAILABLE}
2019-09-05 11:06:07,504 [main] INFO  handler.ContextHandler (ContextHandler.java:doStart(781)) - Started o.e.j.s.ServletContextHandler@3e6ec74{/static,jar:file:/home/user/.m2/repository/org/apache/hadoop/hadoop-hdds-container-service/0.5.0-SNAPSHOT/hadoop-hdds-container-service-0.5.0-SNAPSHOT.jar!/webapps/static,AVAILABLE}
2019-09-05 11:06:07,533 [main] INFO  handler.ContextHandler (ContextHandler.java:doStart(781)) - Started o.e.j.w.WebAppContext@17c4dc5b{/,file:///tmp/jetty-0.0.0.0-34948-hddsDatanode-_-any-7832731706626900264.dir/webapp/,AVAILABLE}{/hddsDatanode}
2019-09-05 11:06:07,534 [main] INFO  server.AbstractConnector (AbstractConnector.java:doStart(278)) - Started ServerConnector@6b0f266e{HTTP/1.1,[http/1.1]}{0.0.0.0:34948}
2019-09-05 11:06:07,536 [main] INFO  server.Server (Server.java:doStart(419)) - Started @537830ms
2019-09-05 11:06:07,536 [main] WARN  impl.MetricsSystemImpl (MetricsSystemImpl.java:register(276)) - Sink prometheus already exists!
2019-09-05 11:06:07,536 [main] INFO  server.BaseHttpServer (BaseHttpServer.java:updateConnectorAddress(215)) - HTTP server of HDDSDATANODE is listening at http://0.0.0.0:34948
2019-09-05 11:06:07,537 [main] INFO  impl.MetricsSystemImpl (MetricsSystemImpl.java:init(158)) - HddsDatanode metrics system started (again)
2019-09-05 11:06:07,540 [org.apache.hadoop.util.JvmPauseMonitor$Monitor@5016d0b2] INFO  util.JvmPauseMonitor (JvmPauseMonitor.java:run(188)) - Starting JVM pause monitor
2019-09-05 11:06:07,540 [main] INFO  ozone.HddsDatanodeService (HddsDatanodeService.java:start(184)) - HddsDatanodeService host:pr-hdds-1561-gm47z-337254333 ip:192.168.36.83
2019-09-05 11:06:07,541 [Datanode State Machine Thread - 0] INFO  datanode.InitDatanodeState (InitDatanodeState.java:persistContainerDatanodeDetails(140)) - DatanodeDetails is persisted to /workdir/hadoop-ozone/integration-test/target/test-dir/MiniOzoneClusterImpl-06581d8d-c2e4-4d94-a862-518568baa486/datanode-2/meta/datanode.id
2019-09-05 11:06:07,545 [main] INFO  volume.HddsVolume (HddsVolume.java:<init>(176)) - Creating Volume: /workdir/hadoop-ozone/integration-test/target/test-dir/MiniOzoneClusterImpl-06581d8d-c2e4-4d94-a862-518568baa486/datanode-3/data/containers/hdds of  storage type : DISK and capacity : 1482555576320
2019-09-05 11:06:07,545 [main] INFO  volume.VolumeSet (VolumeSet.java:initializeVolumeSet(170)) - Added Volume : /workdir/hadoop-ozone/integration-test/target/test-dir/MiniOzoneClusterImpl-06581d8d-c2e4-4d94-a862-518568baa486/datanode-3/data/containers/hdds to VolumeSet
2019-09-05 11:06:07,545 [main] INFO  volume.ThrottledAsyncChecker (ThrottledAsyncChecker.java:schedule(140)) - Scheduling a check for org.apache.hadoop.ozone.container.common.volume.HddsVolume@5d7dd549
2019-09-05 11:06:07,546 [main] INFO  volume.HddsVolumeChecker (HddsVolumeChecker.java:checkAllVolumes(203)) - Scheduled health check for volume org.apache.hadoop.ozone.container.common.volume.HddsVolume@5d7dd549
2019-09-05 11:06:07,557 [main] INFO  impl.RaftServerProxy (ConfUtils.java:logGet(43)) - raft.rpc.type = GRPC (default)
2019-09-05 11:06:07,558 [main] INFO  grpc.GrpcFactory (GrpcFactory.java:checkPooledByteBufAllocatorUseCacheForAllThreads(45)) - PERFORMANCE WARNING: useCacheForAllThreads is true that may cause Netty to create a lot garbage objects and, as a result, trigger GC.
	It is recommended to disable useCacheForAllThreads by setting -Dorg.apache.ratis.thirdparty.io.netty.allocator.useCacheForAllThreads=false in command line.
2019-09-05 11:06:07,558 [main] INFO  grpc.GrpcConfigKeys$Server (ConfUtils.java:logGet(43)) - raft.grpc.server.port = 0 (default)
2019-09-05 11:06:07,558 [main] INFO  server.GrpcService (ConfUtils.java:logGet(43)) - raft.grpc.message.size.max = 33570816 (custom)
2019-09-05 11:06:07,558 [main] INFO  server.RaftServerConfigKeys (ConfUtils.java:logGet(43)) - raft.server.log.appender.buffer.byte-limit = 33554432 (custom)
2019-09-05 11:06:07,558 [main] INFO  server.GrpcService (ConfUtils.java:logGet(43)) - raft.grpc.flow.control.window = 1MB (=1048576) (default)
2019-09-05 11:06:07,558 [main] INFO  server.RaftServerConfigKeys (ConfUtils.java:logGet(43)) - raft.server.rpc.request.timeout = 3000ms (default)
2019-09-05 11:06:07,559 [main] INFO  server.RaftServerConfigKeys (ConfUtils.java:logGet(43)) - raft.server.storage.dir = [/workdir/hadoop-ozone/integration-test/target/test-dir/MiniOzoneClusterImpl-06581d8d-c2e4-4d94-a862-518568baa486/datanode-3/data/ratis] (custom)
2019-09-05 11:06:07,560 [main] INFO  hdfs.DFSUtil (DFSUtil.java:httpServerTemplateForNNAndJN(1641)) - Starting Web-server for hddsDatanode at: http://0.0.0.0:0
2019-09-05 11:06:07,561 [main] INFO  server.AuthenticationFilter (AuthenticationFilter.java:constructSecretProvider(240)) - Unable to initialize FileSignerSecretProvider, falling back to use random secrets.
2019-09-05 11:06:07,561 [main] WARN  http.HttpRequestLog (HttpRequestLog.java:getRequestLog(97)) - Jetty request log can only be enabled using Log4j
2019-09-05 11:06:07,562 [main] INFO  http.HttpServer2 (HttpServer2.java:addGlobalFilter(975)) - Added global filter 'safety' (class=org.apache.hadoop.http.HttpServer2$QuotingInputFilter)
2019-09-05 11:06:07,563 [main] INFO  http.HttpServer2 (HttpServer2.java:addFilter(948)) - Added filter static_user_filter (class=org.apache.hadoop.http.lib.StaticUserWebFilter$StaticUserFilter) to context hddsDatanode
2019-09-05 11:06:07,563 [main] INFO  http.HttpServer2 (HttpServer2.java:addFilter(958)) - Added filter static_user_filter (class=org.apache.hadoop.http.lib.StaticUserWebFilter$StaticUserFilter) to context static
2019-09-05 11:06:07,563 [main] INFO  http.HttpServer2 (HttpServer2.java:addFilter(958)) - Added filter static_user_filter (class=org.apache.hadoop.http.lib.StaticUserWebFilter$StaticUserFilter) to context logs
2019-09-05 11:06:07,563 [main] INFO  http.HttpServer2 (HttpServer2.java:bindListener(1191)) - Jetty bound to port 44972
2019-09-05 11:06:07,564 [main] INFO  server.Server (Server.java:doStart(351)) - jetty-9.3.24.v20180605, build timestamp: 2018-06-05T17:11:56Z, git hash: 84205aa28f11a4f31f2a3b86d1bba2cc8ab69827
2019-09-05 11:06:07,565 [main] INFO  handler.ContextHandler (ContextHandler.java:doStart(781)) - Started o.e.j.s.ServletContextHandler@6d4a82{/logs,file:///workdir/hadoop-ozone/integration-test/target/log,AVAILABLE}
2019-09-05 11:06:07,565 [main] INFO  handler.ContextHandler (ContextHandler.java:doStart(781)) - Started o.e.j.s.ServletContextHandler@7a0ab480{/static,jar:file:/home/user/.m2/repository/org/apache/hadoop/hadoop-hdds-container-service/0.5.0-SNAPSHOT/hadoop-hdds-container-service-0.5.0-SNAPSHOT.jar!/webapps/static,AVAILABLE}
2019-09-05 11:06:07,591 [main] INFO  handler.ContextHandler (ContextHandler.java:doStart(781)) - Started o.e.j.w.WebAppContext@4aaecabd{/,file:///tmp/jetty-0.0.0.0-44972-hddsDatanode-_-any-5902657602196270282.dir/webapp/,AVAILABLE}{/hddsDatanode}
2019-09-05 11:06:07,591 [main] INFO  server.AbstractConnector (AbstractConnector.java:doStart(278)) - Started ServerConnector@23bd0c81{HTTP/1.1,[http/1.1]}{0.0.0.0:44972}
2019-09-05 11:06:07,593 [main] INFO  server.Server (Server.java:doStart(419)) - Started @537887ms
2019-09-05 11:06:07,594 [main] WARN  impl.MetricsSystemImpl (MetricsSystemImpl.java:register(276)) - Sink prometheus already exists!
2019-09-05 11:06:07,594 [main] INFO  server.BaseHttpServer (BaseHttpServer.java:updateConnectorAddress(215)) - HTTP server of HDDSDATANODE is listening at http://0.0.0.0:44972
2019-09-05 11:06:07,594 [main] INFO  impl.MetricsSystemImpl (MetricsSystemImpl.java:init(158)) - HddsDatanode metrics system started (again)
2019-09-05 11:06:07,597 [org.apache.hadoop.util.JvmPauseMonitor$Monitor@2646b818] INFO  util.JvmPauseMonitor (JvmPauseMonitor.java:run(188)) - Starting JVM pause monitor
2019-09-05 11:06:07,598 [main] INFO  ozone.HddsDatanodeService (HddsDatanodeService.java:start(184)) - HddsDatanodeService host:pr-hdds-1561-gm47z-337254333 ip:192.168.36.83
2019-09-05 11:06:07,598 [Datanode State Machine Thread - 0] INFO  datanode.InitDatanodeState (InitDatanodeState.java:persistContainerDatanodeDetails(140)) - DatanodeDetails is persisted to /workdir/hadoop-ozone/integration-test/target/test-dir/MiniOzoneClusterImpl-06581d8d-c2e4-4d94-a862-518568baa486/datanode-3/meta/datanode.id
2019-09-05 11:06:07,605 [main] INFO  volume.HddsVolume (HddsVolume.java:<init>(176)) - Creating Volume: /workdir/hadoop-ozone/integration-test/target/test-dir/MiniOzoneClusterImpl-06581d8d-c2e4-4d94-a862-518568baa486/datanode-4/data/containers/hdds of  storage type : DISK and capacity : 1482555576320
2019-09-05 11:06:07,605 [main] INFO  volume.VolumeSet (VolumeSet.java:initializeVolumeSet(170)) - Added Volume : /workdir/hadoop-ozone/integration-test/target/test-dir/MiniOzoneClusterImpl-06581d8d-c2e4-4d94-a862-518568baa486/datanode-4/data/containers/hdds to VolumeSet
2019-09-05 11:06:07,605 [main] INFO  volume.ThrottledAsyncChecker (ThrottledAsyncChecker.java:schedule(140)) - Scheduling a check for org.apache.hadoop.ozone.container.common.volume.HddsVolume@7d37ee0c
2019-09-05 11:06:07,605 [main] INFO  volume.HddsVolumeChecker (HddsVolumeChecker.java:checkAllVolumes(203)) - Scheduled health check for volume org.apache.hadoop.ozone.container.common.volume.HddsVolume@7d37ee0c
2019-09-05 11:06:07,618 [main] INFO  impl.RaftServerProxy (ConfUtils.java:logGet(43)) - raft.rpc.type = GRPC (default)
2019-09-05 11:06:07,618 [main] INFO  grpc.GrpcFactory (GrpcFactory.java:checkPooledByteBufAllocatorUseCacheForAllThreads(45)) - PERFORMANCE WARNING: useCacheForAllThreads is true that may cause Netty to create a lot garbage objects and, as a result, trigger GC.
	It is recommended to disable useCacheForAllThreads by setting -Dorg.apache.ratis.thirdparty.io.netty.allocator.useCacheForAllThreads=false in command line.
2019-09-05 11:06:07,618 [main] INFO  grpc.GrpcConfigKeys$Server (ConfUtils.java:logGet(43)) - raft.grpc.server.port = 0 (default)
2019-09-05 11:06:07,618 [main] INFO  server.GrpcService (ConfUtils.java:logGet(43)) - raft.grpc.message.size.max = 33570816 (custom)
2019-09-05 11:06:07,618 [main] INFO  server.RaftServerConfigKeys (ConfUtils.java:logGet(43)) - raft.server.log.appender.buffer.byte-limit = 33554432 (custom)
2019-09-05 11:06:07,618 [main] INFO  server.GrpcService (ConfUtils.java:logGet(43)) - raft.grpc.flow.control.window = 1MB (=1048576) (default)
2019-09-05 11:06:07,619 [main] INFO  server.RaftServerConfigKeys (ConfUtils.java:logGet(43)) - raft.server.rpc.request.timeout = 3000ms (default)
2019-09-05 11:06:07,619 [main] INFO  server.RaftServerConfigKeys (ConfUtils.java:logGet(43)) - raft.server.storage.dir = [/workdir/hadoop-ozone/integration-test/target/test-dir/MiniOzoneClusterImpl-06581d8d-c2e4-4d94-a862-518568baa486/datanode-4/data/ratis] (custom)
2019-09-05 11:06:07,620 [main] INFO  hdfs.DFSUtil (DFSUtil.java:httpServerTemplateForNNAndJN(1641)) - Starting Web-server for hddsDatanode at: http://0.0.0.0:0
2019-09-05 11:06:07,622 [main] INFO  server.AuthenticationFilter (AuthenticationFilter.java:constructSecretProvider(240)) - Unable to initialize FileSignerSecretProvider, falling back to use random secrets.
2019-09-05 11:06:07,623 [main] WARN  http.HttpRequestLog (HttpRequestLog.java:getRequestLog(97)) - Jetty request log can only be enabled using Log4j
2019-09-05 11:06:07,624 [main] INFO  http.HttpServer2 (HttpServer2.java:addGlobalFilter(975)) - Added global filter 'safety' (class=org.apache.hadoop.http.HttpServer2$QuotingInputFilter)
2019-09-05 11:06:07,625 [main] INFO  http.HttpServer2 (HttpServer2.java:addFilter(948)) - Added filter static_user_filter (class=org.apache.hadoop.http.lib.StaticUserWebFilter$StaticUserFilter) to context hddsDatanode
2019-09-05 11:06:07,625 [main] INFO  http.HttpServer2 (HttpServer2.java:addFilter(958)) - Added filter static_user_filter (class=org.apache.hadoop.http.lib.StaticUserWebFilter$StaticUserFilter) to context static
2019-09-05 11:06:07,625 [main] INFO  http.HttpServer2 (HttpServer2.java:addFilter(958)) - Added filter static_user_filter (class=org.apache.hadoop.http.lib.StaticUserWebFilter$StaticUserFilter) to context logs
2019-09-05 11:06:07,626 [main] INFO  http.HttpServer2 (HttpServer2.java:bindListener(1191)) - Jetty bound to port 37428
2019-09-05 11:06:07,626 [main] INFO  server.Server (Server.java:doStart(351)) - jetty-9.3.24.v20180605, build timestamp: 2018-06-05T17:11:56Z, git hash: 84205aa28f11a4f31f2a3b86d1bba2cc8ab69827
2019-09-05 11:06:07,627 [main] INFO  handler.ContextHandler (ContextHandler.java:doStart(781)) - Started o.e.j.s.ServletContextHandler@21b51e59{/logs,file:///workdir/hadoop-ozone/integration-test/target/log,AVAILABLE}
2019-09-05 11:06:07,628 [main] INFO  handler.ContextHandler (ContextHandler.java:doStart(781)) - Started o.e.j.s.ServletContextHandler@6b4a4e40{/static,jar:file:/home/user/.m2/repository/org/apache/hadoop/hadoop-hdds-container-service/0.5.0-SNAPSHOT/hadoop-hdds-container-service-0.5.0-SNAPSHOT.jar!/webapps/static,AVAILABLE}
2019-09-05 11:06:07,662 [main] INFO  handler.ContextHandler (ContextHandler.java:doStart(781)) - Started o.e.j.w.WebAppContext@3bbf1c0d{/,file:///tmp/jetty-0.0.0.0-37428-hddsDatanode-_-any-8733192808984306957.dir/webapp/,AVAILABLE}{/hddsDatanode}
2019-09-05 11:06:07,663 [main] INFO  server.AbstractConnector (AbstractConnector.java:doStart(278)) - Started ServerConnector@19662208{HTTP/1.1,[http/1.1]}{0.0.0.0:37428}
2019-09-05 11:06:07,664 [main] INFO  server.Server (Server.java:doStart(419)) - Started @537959ms
2019-09-05 11:06:07,665 [main] WARN  impl.MetricsSystemImpl (MetricsSystemImpl.java:register(276)) - Sink prometheus already exists!
2019-09-05 11:06:07,665 [main] INFO  server.BaseHttpServer (BaseHttpServer.java:updateConnectorAddress(215)) - HTTP server of HDDSDATANODE is listening at http://0.0.0.0:37428
2019-09-05 11:06:07,665 [main] INFO  impl.MetricsSystemImpl (MetricsSystemImpl.java:init(158)) - HddsDatanode metrics system started (again)
2019-09-05 11:06:07,669 [org.apache.hadoop.util.JvmPauseMonitor$Monitor@7eae093b] INFO  util.JvmPauseMonitor (JvmPauseMonitor.java:run(188)) - Starting JVM pause monitor
2019-09-05 11:06:07,670 [main] INFO  ozone.HddsDatanodeService (HddsDatanodeService.java:start(184)) - HddsDatanodeService host:pr-hdds-1561-gm47z-337254333 ip:192.168.36.83
2019-09-05 11:06:07,671 [Datanode State Machine Thread - 0] INFO  datanode.InitDatanodeState (InitDatanodeState.java:persistContainerDatanodeDetails(140)) - DatanodeDetails is persisted to /workdir/hadoop-ozone/integration-test/target/test-dir/MiniOzoneClusterImpl-06581d8d-c2e4-4d94-a862-518568baa486/datanode-4/meta/datanode.id
2019-09-05 11:06:07,676 [main] INFO  volume.HddsVolume (HddsVolume.java:<init>(176)) - Creating Volume: /workdir/hadoop-ozone/integration-test/target/test-dir/MiniOzoneClusterImpl-06581d8d-c2e4-4d94-a862-518568baa486/datanode-5/data/containers/hdds of  storage type : DISK and capacity : 1482555576320
2019-09-05 11:06:07,676 [main] INFO  volume.VolumeSet (VolumeSet.java:initializeVolumeSet(170)) - Added Volume : /workdir/hadoop-ozone/integration-test/target/test-dir/MiniOzoneClusterImpl-06581d8d-c2e4-4d94-a862-518568baa486/datanode-5/data/containers/hdds to VolumeSet
2019-09-05 11:06:07,677 [main] INFO  volume.ThrottledAsyncChecker (ThrottledAsyncChecker.java:schedule(140)) - Scheduling a check for org.apache.hadoop.ozone.container.common.volume.HddsVolume@143fefaf
2019-09-05 11:06:07,677 [main] INFO  volume.HddsVolumeChecker (HddsVolumeChecker.java:checkAllVolumes(203)) - Scheduled health check for volume org.apache.hadoop.ozone.container.common.volume.HddsVolume@143fefaf
2019-09-05 11:06:07,689 [main] INFO  impl.RaftServerProxy (ConfUtils.java:logGet(43)) - raft.rpc.type = GRPC (default)
2019-09-05 11:06:07,689 [main] INFO  grpc.GrpcFactory (GrpcFactory.java:checkPooledByteBufAllocatorUseCacheForAllThreads(45)) - PERFORMANCE WARNING: useCacheForAllThreads is true that may cause Netty to create a lot garbage objects and, as a result, trigger GC.
	It is recommended to disable useCacheForAllThreads by setting -Dorg.apache.ratis.thirdparty.io.netty.allocator.useCacheForAllThreads=false in command line.
2019-09-05 11:06:07,690 [main] INFO  grpc.GrpcConfigKeys$Server (ConfUtils.java:logGet(43)) - raft.grpc.server.port = 0 (default)
2019-09-05 11:06:07,690 [main] INFO  server.GrpcService (ConfUtils.java:logGet(43)) - raft.grpc.message.size.max = 33570816 (custom)
2019-09-05 11:06:07,690 [main] INFO  server.RaftServerConfigKeys (ConfUtils.java:logGet(43)) - raft.server.log.appender.buffer.byte-limit = 33554432 (custom)
2019-09-05 11:06:07,690 [main] INFO  server.GrpcService (ConfUtils.java:logGet(43)) - raft.grpc.flow.control.window = 1MB (=1048576) (default)
2019-09-05 11:06:07,690 [main] INFO  server.RaftServerConfigKeys (ConfUtils.java:logGet(43)) - raft.server.rpc.request.timeout = 3000ms (default)
2019-09-05 11:06:07,691 [main] INFO  server.RaftServerConfigKeys (ConfUtils.java:logGet(43)) - raft.server.storage.dir = [/workdir/hadoop-ozone/integration-test/target/test-dir/MiniOzoneClusterImpl-06581d8d-c2e4-4d94-a862-518568baa486/datanode-5/data/ratis] (custom)
2019-09-05 11:06:07,692 [main] INFO  hdfs.DFSUtil (DFSUtil.java:httpServerTemplateForNNAndJN(1641)) - Starting Web-server for hddsDatanode at: http://0.0.0.0:0
2019-09-05 11:06:07,693 [main] INFO  server.AuthenticationFilter (AuthenticationFilter.java:constructSecretProvider(240)) - Unable to initialize FileSignerSecretProvider, falling back to use random secrets.
2019-09-05 11:06:07,693 [main] WARN  http.HttpRequestLog (HttpRequestLog.java:getRequestLog(97)) - Jetty request log can only be enabled using Log4j
2019-09-05 11:06:07,695 [main] INFO  http.HttpServer2 (HttpServer2.java:addGlobalFilter(975)) - Added global filter 'safety' (class=org.apache.hadoop.http.HttpServer2$QuotingInputFilter)
2019-09-05 11:06:07,695 [main] INFO  http.HttpServer2 (HttpServer2.java:addFilter(948)) - Added filter static_user_filter (class=org.apache.hadoop.http.lib.StaticUserWebFilter$StaticUserFilter) to context hddsDatanode
2019-09-05 11:06:07,695 [main] INFO  http.HttpServer2 (HttpServer2.java:addFilter(958)) - Added filter static_user_filter (class=org.apache.hadoop.http.lib.StaticUserWebFilter$StaticUserFilter) to context logs
2019-09-05 11:06:07,695 [main] INFO  http.HttpServer2 (HttpServer2.java:addFilter(958)) - Added filter static_user_filter (class=org.apache.hadoop.http.lib.StaticUserWebFilter$StaticUserFilter) to context static
2019-09-05 11:06:07,696 [main] INFO  http.HttpServer2 (HttpServer2.java:bindListener(1191)) - Jetty bound to port 42717
2019-09-05 11:06:07,696 [main] INFO  server.Server (Server.java:doStart(351)) - jetty-9.3.24.v20180605, build timestamp: 2018-06-05T17:11:56Z, git hash: 84205aa28f11a4f31f2a3b86d1bba2cc8ab69827
2019-09-05 11:06:07,697 [main] INFO  handler.ContextHandler (ContextHandler.java:doStart(781)) - Started o.e.j.s.ServletContextHandler@28ee882c{/logs,file:///workdir/hadoop-ozone/integration-test/target/log,AVAILABLE}
2019-09-05 11:06:07,698 [main] INFO  handler.ContextHandler (ContextHandler.java:doStart(781)) - Started o.e.j.s.ServletContextHandler@238291d4{/static,jar:file:/home/user/.m2/repository/org/apache/hadoop/hadoop-hdds-container-service/0.5.0-SNAPSHOT/hadoop-hdds-container-service-0.5.0-SNAPSHOT.jar!/webapps/static,AVAILABLE}
2019-09-05 11:06:07,724 [main] INFO  handler.ContextHandler (ContextHandler.java:doStart(781)) - Started o.e.j.w.WebAppContext@47fcefb3{/,file:///tmp/jetty-0.0.0.0-42717-hddsDatanode-_-any-352442903536326718.dir/webapp/,AVAILABLE}{/hddsDatanode}
2019-09-05 11:06:07,725 [main] INFO  server.AbstractConnector (AbstractConnector.java:doStart(278)) - Started ServerConnector@236c098{HTTP/1.1,[http/1.1]}{0.0.0.0:42717}
2019-09-05 11:06:07,726 [main] INFO  server.Server (Server.java:doStart(419)) - Started @538020ms
2019-09-05 11:06:07,726 [main] WARN  impl.MetricsSystemImpl (MetricsSystemImpl.java:register(276)) - Sink prometheus already exists!
2019-09-05 11:06:07,727 [main] INFO  server.BaseHttpServer (BaseHttpServer.java:updateConnectorAddress(215)) - HTTP server of HDDSDATANODE is listening at http://0.0.0.0:42717
2019-09-05 11:06:07,727 [main] INFO  impl.MetricsSystemImpl (MetricsSystemImpl.java:init(158)) - HddsDatanode metrics system started (again)
2019-09-05 11:06:07,731 [org.apache.hadoop.util.JvmPauseMonitor$Monitor@278c2d43] INFO  util.JvmPauseMonitor (JvmPauseMonitor.java:run(188)) - Starting JVM pause monitor
2019-09-05 11:06:07,731 [main] INFO  ozone.HddsDatanodeService (HddsDatanodeService.java:start(184)) - HddsDatanodeService host:pr-hdds-1561-gm47z-337254333 ip:192.168.36.83
2019-09-05 11:06:07,731 [Datanode State Machine Thread - 0] INFO  datanode.InitDatanodeState (InitDatanodeState.java:persistContainerDatanodeDetails(140)) - DatanodeDetails is persisted to /workdir/hadoop-ozone/integration-test/target/test-dir/MiniOzoneClusterImpl-06581d8d-c2e4-4d94-a862-518568baa486/datanode-5/meta/datanode.id
2019-09-05 11:06:07,737 [main] INFO  volume.HddsVolume (HddsVolume.java:<init>(176)) - Creating Volume: /workdir/hadoop-ozone/integration-test/target/test-dir/MiniOzoneClusterImpl-06581d8d-c2e4-4d94-a862-518568baa486/datanode-6/data/containers/hdds of  storage type : DISK and capacity : 1482555576320
2019-09-05 11:06:07,738 [main] INFO  volume.VolumeSet (VolumeSet.java:initializeVolumeSet(170)) - Added Volume : /workdir/hadoop-ozone/integration-test/target/test-dir/MiniOzoneClusterImpl-06581d8d-c2e4-4d94-a862-518568baa486/datanode-6/data/containers/hdds to VolumeSet
2019-09-05 11:06:07,738 [main] INFO  volume.ThrottledAsyncChecker (ThrottledAsyncChecker.java:schedule(140)) - Scheduling a check for org.apache.hadoop.ozone.container.common.volume.HddsVolume@7b6141f0
2019-09-05 11:06:07,738 [main] INFO  volume.HddsVolumeChecker (HddsVolumeChecker.java:checkAllVolumes(203)) - Scheduled health check for volume org.apache.hadoop.ozone.container.common.volume.HddsVolume@7b6141f0
2019-09-05 11:06:07,749 [main] INFO  impl.RaftServerProxy (ConfUtils.java:logGet(43)) - raft.rpc.type = GRPC (default)
2019-09-05 11:06:07,749 [main] INFO  grpc.GrpcFactory (GrpcFactory.java:checkPooledByteBufAllocatorUseCacheForAllThreads(45)) - PERFORMANCE WARNING: useCacheForAllThreads is true that may cause Netty to create a lot garbage objects and, as a result, trigger GC.
	It is recommended to disable useCacheForAllThreads by setting -Dorg.apache.ratis.thirdparty.io.netty.allocator.useCacheForAllThreads=false in command line.
2019-09-05 11:06:07,750 [main] INFO  grpc.GrpcConfigKeys$Server (ConfUtils.java:logGet(43)) - raft.grpc.server.port = 0 (default)
2019-09-05 11:06:07,750 [main] INFO  server.GrpcService (ConfUtils.java:logGet(43)) - raft.grpc.message.size.max = 33570816 (custom)
2019-09-05 11:06:07,750 [main] INFO  server.RaftServerConfigKeys (ConfUtils.java:logGet(43)) - raft.server.log.appender.buffer.byte-limit = 33554432 (custom)
2019-09-05 11:06:07,750 [main] INFO  server.GrpcService (ConfUtils.java:logGet(43)) - raft.grpc.flow.control.window = 1MB (=1048576) (default)
2019-09-05 11:06:07,750 [main] INFO  server.RaftServerConfigKeys (ConfUtils.java:logGet(43)) - raft.server.rpc.request.timeout = 3000ms (default)
2019-09-05 11:06:07,751 [main] INFO  server.RaftServerConfigKeys (ConfUtils.java:logGet(43)) - raft.server.storage.dir = [/workdir/hadoop-ozone/integration-test/target/test-dir/MiniOzoneClusterImpl-06581d8d-c2e4-4d94-a862-518568baa486/datanode-6/data/ratis] (custom)
2019-09-05 11:06:07,752 [main] INFO  hdfs.DFSUtil (DFSUtil.java:httpServerTemplateForNNAndJN(1641)) - Starting Web-server for hddsDatanode at: http://0.0.0.0:0
2019-09-05 11:06:07,753 [main] INFO  server.AuthenticationFilter (AuthenticationFilter.java:constructSecretProvider(240)) - Unable to initialize FileSignerSecretProvider, falling back to use random secrets.
2019-09-05 11:06:07,753 [main] WARN  http.HttpRequestLog (HttpRequestLog.java:getRequestLog(97)) - Jetty request log can only be enabled using Log4j
2019-09-05 11:06:07,754 [main] INFO  http.HttpServer2 (HttpServer2.java:addGlobalFilter(975)) - Added global filter 'safety' (class=org.apache.hadoop.http.HttpServer2$QuotingInputFilter)
2019-09-05 11:06:07,755 [main] INFO  http.HttpServer2 (HttpServer2.java:addFilter(948)) - Added filter static_user_filter (class=org.apache.hadoop.http.lib.StaticUserWebFilter$StaticUserFilter) to context hddsDatanode
2019-09-05 11:06:07,755 [main] INFO  http.HttpServer2 (HttpServer2.java:addFilter(958)) - Added filter static_user_filter (class=org.apache.hadoop.http.lib.StaticUserWebFilter$StaticUserFilter) to context logs
2019-09-05 11:06:07,755 [main] INFO  http.HttpServer2 (HttpServer2.java:addFilter(958)) - Added filter static_user_filter (class=org.apache.hadoop.http.lib.StaticUserWebFilter$StaticUserFilter) to context static
2019-09-05 11:06:07,755 [main] INFO  http.HttpServer2 (HttpServer2.java:bindListener(1191)) - Jetty bound to port 40049
2019-09-05 11:06:07,756 [main] INFO  server.Server (Server.java:doStart(351)) - jetty-9.3.24.v20180605, build timestamp: 2018-06-05T17:11:56Z, git hash: 84205aa28f11a4f31f2a3b86d1bba2cc8ab69827
2019-09-05 11:06:07,757 [main] INFO  handler.ContextHandler (ContextHandler.java:doStart(781)) - Started o.e.j.s.ServletContextHandler@4f2ac7e0{/logs,file:///workdir/hadoop-ozone/integration-test/target/log,AVAILABLE}
2019-09-05 11:06:07,757 [main] INFO  handler.ContextHandler (ContextHandler.java:doStart(781)) - Started o.e.j.s.ServletContextHandler@111cba40{/static,jar:file:/home/user/.m2/repository/org/apache/hadoop/hadoop-hdds-container-service/0.5.0-SNAPSHOT/hadoop-hdds-container-service-0.5.0-SNAPSHOT.jar!/webapps/static,AVAILABLE}
2019-09-05 11:06:07,781 [main] INFO  handler.ContextHandler (ContextHandler.java:doStart(781)) - Started o.e.j.w.WebAppContext@5396eeb1{/,file:///tmp/jetty-0.0.0.0-40049-hddsDatanode-_-any-4326338822833621775.dir/webapp/,AVAILABLE}{/hddsDatanode}
2019-09-05 11:06:07,781 [main] INFO  server.AbstractConnector (AbstractConnector.java:doStart(278)) - Started ServerConnector@279126f5{HTTP/1.1,[http/1.1]}{0.0.0.0:40049}
2019-09-05 11:06:07,789 [main] INFO  server.Server (Server.java:doStart(419)) - Started @538083ms
2019-09-05 11:06:07,789 [main] WARN  impl.MetricsSystemImpl (MetricsSystemImpl.java:register(276)) - Sink prometheus already exists!
2019-09-05 11:06:07,789 [main] INFO  server.BaseHttpServer (BaseHttpServer.java:updateConnectorAddress(215)) - HTTP server of HDDSDATANODE is listening at http://0.0.0.0:40049
2019-09-05 11:06:07,790 [main] INFO  ozone.MiniOzoneClusterImpl (MiniOzoneClusterImpl.java:lambda$waitForClusterToBeReady$0(140)) - Waiting for cluster to be ready. Got 0 of 7 DN Heartbeats.
2019-09-05 11:06:07,791 [org.apache.hadoop.util.JvmPauseMonitor$Monitor@6a68374c] INFO  util.JvmPauseMonitor (JvmPauseMonitor.java:run(188)) - Starting JVM pause monitor
2019-09-05 11:06:07,792 [Datanode State Machine Thread - 0] INFO  datanode.InitDatanodeState (InitDatanodeState.java:persistContainerDatanodeDetails(140)) - DatanodeDetails is persisted to /workdir/hadoop-ozone/integration-test/target/test-dir/MiniOzoneClusterImpl-06581d8d-c2e4-4d94-a862-518568baa486/datanode-6/meta/datanode.id
2019-09-05 11:06:08,790 [main] INFO  ozone.MiniOzoneClusterImpl (MiniOzoneClusterImpl.java:lambda$waitForClusterToBeReady$0(140)) - Waiting for cluster to be ready. Got 0 of 7 DN Heartbeats.
2019-09-05 11:06:09,608 [Datanode State Machine Thread - 0] INFO  ozoneimpl.OzoneContainer (OzoneContainer.java:start(202)) - Attempting to start container services.
2019-09-05 11:06:09,608 [Datanode State Machine Thread - 0] INFO  ozoneimpl.OzoneContainer (OzoneContainer.java:start(202)) - Attempting to start container services.
2019-09-05 11:06:09,608 [Datanode State Machine Thread - 0] INFO  ozoneimpl.OzoneContainer (OzoneContainer.java:start(202)) - Attempting to start container services.
2019-09-05 11:06:09,608 [Datanode State Machine Thread - 0] INFO  ozoneimpl.OzoneContainer (OzoneContainer.java:startContainerScrub(176)) - Background container scrubber has been disabled by hdds.containerscrub.enabled
2019-09-05 11:06:09,608 [Datanode State Machine Thread - 0] INFO  ozoneimpl.OzoneContainer (OzoneContainer.java:startContainerScrub(176)) - Background container scrubber has been disabled by hdds.containerscrub.enabled
2019-09-05 11:06:09,608 [Datanode State Machine Thread - 0] INFO  ratis.XceiverServerRatis (XceiverServerRatis.java:start(404)) - Starting XceiverServerRatis 6cb8c19f-8595-423c-829a-79f04dbd8de3 at port 0
2019-09-05 11:06:09,608 [Datanode State Machine Thread - 0] INFO  ozoneimpl.OzoneContainer (OzoneContainer.java:startContainerScrub(176)) - Background container scrubber has been disabled by hdds.containerscrub.enabled
2019-09-05 11:06:09,609 [Datanode State Machine Thread - 0] INFO  ratis.XceiverServerRatis (XceiverServerRatis.java:start(404)) - Starting XceiverServerRatis 91f1ec4b-d07c-4bfe-85d9-e7c7373ee128 at port 0
2019-09-05 11:06:09,609 [Datanode State Machine Thread - 0] INFO  ratis.XceiverServerRatis (XceiverServerRatis.java:start(404)) - Starting XceiverServerRatis 89f16946-17a7-47cd-87e0-140db9ee23a2 at port 0
2019-09-05 11:06:09,623 [Datanode State Machine Thread - 0] INFO  impl.RaftServerProxy (RaftServerProxy.java:lambda$start$3(299)) - 91f1ec4b-d07c-4bfe-85d9-e7c7373ee128: start RPC server
2019-09-05 11:06:09,625 [Datanode State Machine Thread - 0] INFO  server.GrpcService (GrpcService.java:startImpl(158)) - 91f1ec4b-d07c-4bfe-85d9-e7c7373ee128: GrpcService started, listening on 0.0.0.0/0.0.0.0:38975
2019-09-05 11:06:09,626 [Datanode State Machine Thread - 0] INFO  ratis.XceiverServerRatis (XceiverServerRatis.java:start(414)) - XceiverServerRatis 91f1ec4b-d07c-4bfe-85d9-e7c7373ee128 is started using port 38975
2019-09-05 11:06:09,626 [Datanode State Machine Thread - 0] INFO  server.XceiverServerGrpc (XceiverServerGrpc.java:start(163)) - XceiverServerGrpc 91f1ec4b-d07c-4bfe-85d9-e7c7373ee128 is started using port 36107
2019-09-05 11:06:09,626 [Datanode State Machine Thread - 0] INFO  impl.RaftServerProxy (RaftServerProxy.java:lambda$start$3(299)) - 89f16946-17a7-47cd-87e0-140db9ee23a2: start RPC server
2019-09-05 11:06:09,630 [Datanode State Machine Thread - 0] INFO  server.GrpcService (GrpcService.java:startImpl(158)) - 89f16946-17a7-47cd-87e0-140db9ee23a2: GrpcService started, listening on 0.0.0.0/0.0.0.0:33461
2019-09-05 11:06:09,630 [Datanode State Machine Thread - 0] INFO  ratis.XceiverServerRatis (XceiverServerRatis.java:start(414)) - XceiverServerRatis 89f16946-17a7-47cd-87e0-140db9ee23a2 is started using port 33461
2019-09-05 11:06:09,631 [Datanode State Machine Thread - 0] INFO  server.XceiverServerGrpc (XceiverServerGrpc.java:start(163)) - XceiverServerGrpc 89f16946-17a7-47cd-87e0-140db9ee23a2 is started using port 46149
2019-09-05 11:06:09,631 [Datanode State Machine Thread - 0] INFO  impl.RaftServerProxy (RaftServerProxy.java:lambda$start$3(299)) - 6cb8c19f-8595-423c-829a-79f04dbd8de3: start RPC server
2019-09-05 11:06:09,634 [Datanode State Machine Thread - 0] INFO  server.GrpcService (GrpcService.java:startImpl(158)) - 6cb8c19f-8595-423c-829a-79f04dbd8de3: GrpcService started, listening on 0.0.0.0/0.0.0.0:38750
2019-09-05 11:06:09,634 [Datanode State Machine Thread - 0] INFO  ratis.XceiverServerRatis (XceiverServerRatis.java:start(414)) - XceiverServerRatis 6cb8c19f-8595-423c-829a-79f04dbd8de3 is started using port 38750
2019-09-05 11:06:09,636 [Datanode State Machine Thread - 0] INFO  server.XceiverServerGrpc (XceiverServerGrpc.java:start(163)) - XceiverServerGrpc 6cb8c19f-8595-423c-829a-79f04dbd8de3 is started using port 40507
2019-09-05 11:06:09,684 [Datanode State Machine Thread - 0] INFO  ozoneimpl.OzoneContainer (OzoneContainer.java:start(202)) - Attempting to start container services.
2019-09-05 11:06:09,684 [Datanode State Machine Thread - 0] INFO  ozoneimpl.OzoneContainer (OzoneContainer.java:startContainerScrub(176)) - Background container scrubber has been disabled by hdds.containerscrub.enabled
2019-09-05 11:06:09,684 [Datanode State Machine Thread - 0] INFO  ratis.XceiverServerRatis (XceiverServerRatis.java:start(404)) - Starting XceiverServerRatis 54fad45f-1182-4a0a-b101-60c94ba267c1 at port 0
2019-09-05 11:06:09,690 [Datanode State Machine Thread - 0] INFO  impl.RaftServerProxy (RaftServerProxy.java:lambda$start$3(299)) - 54fad45f-1182-4a0a-b101-60c94ba267c1: start RPC server
2019-09-05 11:06:09,693 [Datanode State Machine Thread - 0] INFO  server.GrpcService (GrpcService.java:startImpl(158)) - 54fad45f-1182-4a0a-b101-60c94ba267c1: GrpcService started, listening on 0.0.0.0/0.0.0.0:41045
2019-09-05 11:06:09,694 [Datanode State Machine Thread - 0] INFO  ratis.XceiverServerRatis (XceiverServerRatis.java:start(414)) - XceiverServerRatis 54fad45f-1182-4a0a-b101-60c94ba267c1 is started using port 41045
2019-09-05 11:06:09,694 [Datanode State Machine Thread - 0] INFO  server.XceiverServerGrpc (XceiverServerGrpc.java:start(163)) - XceiverServerGrpc 54fad45f-1182-4a0a-b101-60c94ba267c1 is started using port 35810
2019-09-05 11:06:09,790 [main] INFO  ozone.MiniOzoneClusterImpl (MiniOzoneClusterImpl.java:lambda$waitForClusterToBeReady$0(140)) - Waiting for cluster to be ready. Got 0 of 7 DN Heartbeats.
2019-09-05 11:06:09,796 [Datanode State Machine Thread - 0] INFO  ozoneimpl.OzoneContainer (OzoneContainer.java:start(202)) - Attempting to start container services.
2019-09-05 11:06:09,796 [Datanode State Machine Thread - 0] INFO  ozoneimpl.OzoneContainer (OzoneContainer.java:start(202)) - Attempting to start container services.
2019-09-05 11:06:09,796 [Datanode State Machine Thread - 0] INFO  ozoneimpl.OzoneContainer (OzoneContainer.java:startContainerScrub(176)) - Background container scrubber has been disabled by hdds.containerscrub.enabled
2019-09-05 11:06:09,796 [Datanode State Machine Thread - 0] INFO  ozoneimpl.OzoneContainer (OzoneContainer.java:startContainerScrub(176)) - Background container scrubber has been disabled by hdds.containerscrub.enabled
2019-09-05 11:06:09,796 [Datanode State Machine Thread - 0] INFO  ratis.XceiverServerRatis (XceiverServerRatis.java:start(404)) - Starting XceiverServerRatis fa08243c-f5b4-405f-a071-e3cbc8c99dd0 at port 0
2019-09-05 11:06:09,796 [Datanode State Machine Thread - 0] INFO  ratis.XceiverServerRatis (XceiverServerRatis.java:start(404)) - Starting XceiverServerRatis 4fc6afb9-3f9c-4be8-93ce-657a33e3c6ff at port 0
2019-09-05 11:06:09,809 [Datanode State Machine Thread - 0] INFO  impl.RaftServerProxy (RaftServerProxy.java:lambda$start$3(299)) - fa08243c-f5b4-405f-a071-e3cbc8c99dd0: start RPC server
2019-09-05 11:06:09,813 [Datanode State Machine Thread - 0] INFO  server.GrpcService (GrpcService.java:startImpl(158)) - fa08243c-f5b4-405f-a071-e3cbc8c99dd0: GrpcService started, listening on 0.0.0.0/0.0.0.0:34411
2019-09-05 11:06:09,813 [Datanode State Machine Thread - 0] INFO  impl.RaftServerProxy (RaftServerProxy.java:lambda$start$3(299)) - 4fc6afb9-3f9c-4be8-93ce-657a33e3c6ff: start RPC server
2019-09-05 11:06:09,813 [Datanode State Machine Thread - 0] INFO  ratis.XceiverServerRatis (XceiverServerRatis.java:start(414)) - XceiverServerRatis fa08243c-f5b4-405f-a071-e3cbc8c99dd0 is started using port 34411
2019-09-05 11:06:09,814 [Datanode State Machine Thread - 0] INFO  server.GrpcService (GrpcService.java:startImpl(158)) - 4fc6afb9-3f9c-4be8-93ce-657a33e3c6ff: GrpcService started, listening on 0.0.0.0/0.0.0.0:46330
2019-09-05 11:06:09,814 [Datanode State Machine Thread - 0] INFO  server.XceiverServerGrpc (XceiverServerGrpc.java:start(163)) - XceiverServerGrpc fa08243c-f5b4-405f-a071-e3cbc8c99dd0 is started using port 34711
2019-09-05 11:06:09,814 [Datanode State Machine Thread - 0] INFO  ratis.XceiverServerRatis (XceiverServerRatis.java:start(414)) - XceiverServerRatis 4fc6afb9-3f9c-4be8-93ce-657a33e3c6ff is started using port 46330
2019-09-05 11:06:09,814 [Datanode State Machine Thread - 0] INFO  server.XceiverServerGrpc (XceiverServerGrpc.java:start(163)) - XceiverServerGrpc 4fc6afb9-3f9c-4be8-93ce-657a33e3c6ff is started using port 39969
2019-09-05 11:06:09,827 [Datanode State Machine Thread - 0] INFO  ozoneimpl.OzoneContainer (OzoneContainer.java:start(202)) - Attempting to start container services.
2019-09-05 11:06:09,827 [Datanode State Machine Thread - 0] INFO  ozoneimpl.OzoneContainer (OzoneContainer.java:startContainerScrub(176)) - Background container scrubber has been disabled by hdds.containerscrub.enabled
2019-09-05 11:06:09,827 [Datanode State Machine Thread - 0] INFO  ratis.XceiverServerRatis (XceiverServerRatis.java:start(404)) - Starting XceiverServerRatis e3a08138-bcbc-4acb-87dc-f1195608ab57 at port 0
2019-09-05 11:06:09,832 [Datanode State Machine Thread - 0] INFO  impl.RaftServerProxy (RaftServerProxy.java:lambda$start$3(299)) - e3a08138-bcbc-4acb-87dc-f1195608ab57: start RPC server
2019-09-05 11:06:09,833 [Datanode State Machine Thread - 0] INFO  server.GrpcService (GrpcService.java:startImpl(158)) - e3a08138-bcbc-4acb-87dc-f1195608ab57: GrpcService started, listening on 0.0.0.0/0.0.0.0:36559
2019-09-05 11:06:09,833 [Datanode State Machine Thread - 0] INFO  ratis.XceiverServerRatis (XceiverServerRatis.java:start(414)) - XceiverServerRatis e3a08138-bcbc-4acb-87dc-f1195608ab57 is started using port 36559
2019-09-05 11:06:09,834 [Datanode State Machine Thread - 0] INFO  server.XceiverServerGrpc (XceiverServerGrpc.java:start(163)) - XceiverServerGrpc e3a08138-bcbc-4acb-87dc-f1195608ab57 is started using port 40074
2019-09-05 11:06:10,791 [main] INFO  ozone.MiniOzoneClusterImpl (MiniOzoneClusterImpl.java:lambda$waitForClusterToBeReady$0(140)) - Waiting for cluster to be ready. Got 0 of 7 DN Heartbeats.
2019-09-05 11:06:11,426 [IPC Server handler 2 on 44129] INFO  net.NetworkTopology (NetworkTopologyImpl.java:add(110)) - Added a new node: /default-rack/91f1ec4b-d07c-4bfe-85d9-e7c7373ee128
2019-09-05 11:06:11,430 [IPC Server handler 2 on 44129] INFO  node.SCMNodeManager (SCMNodeManager.java:register(266)) - Registered Data node : 91f1ec4b-d07c-4bfe-85d9-e7c7373ee128{ip: 192.168.36.83, host: pr-hdds-1561-gm47z-337254333, networkLocation: /default-rack, certSerialId: null}
2019-09-05 11:06:11,431 [EventQueue-NodeRegistrationContainerReportForDataNodeSafeModeRule] INFO  safemode.SCMSafeModeManager (DataNodeSafeModeRule.java:process(71)) - SCM in safe mode. 1 DataNodes registered, 1 required.
2019-09-05 11:06:11,434 [EventQueue-NodeRegistrationContainerReportForDataNodeSafeModeRule] INFO  safemode.SCMSafeModeManager (SCMSafeModeManager.java:validateSafeModeExitRules(177)) - ScmSafeModeManager, all rules are successfully validated
2019-09-05 11:06:11,434 [EventQueue-NodeRegistrationContainerReportForDataNodeSafeModeRule] INFO  safemode.SCMSafeModeManager (SCMSafeModeManager.java:exitSafeMode(193)) - SCM exiting safe mode.
2019-09-05 11:06:11,472 [IPC Server handler 3 on 44129] INFO  net.NetworkTopology (NetworkTopologyImpl.java:add(110)) - Added a new node: /default-rack/6cb8c19f-8595-423c-829a-79f04dbd8de3
2019-09-05 11:06:11,472 [grpc-default-executor-10] INFO  impl.RaftServerProxy (RaftServerProxy.java:addNew(89)) - 91f1ec4b-d07c-4bfe-85d9-e7c7373ee128: addNew group-DBF9AA144527:[91f1ec4b-d07c-4bfe-85d9-e7c7373ee128:192.168.36.83:38975] returns group-DBF9AA144527:java.util.concurrent.CompletableFuture@fdbc4fc[Not completed]
2019-09-05 11:06:11,472 [IPC Server handler 3 on 44129] INFO  node.SCMNodeManager (SCMNodeManager.java:register(266)) - Registered Data node : 6cb8c19f-8595-423c-829a-79f04dbd8de3{ip: 192.168.36.83, host: pr-hdds-1561-gm47z-337254333, networkLocation: /default-rack, certSerialId: null}
2019-09-05 11:06:11,474 [pool-409-thread-1] INFO  impl.RaftServerImpl (RaftServerImpl.java:<init>(95)) - 91f1ec4b-d07c-4bfe-85d9-e7c7373ee128: new RaftServerImpl for group-DBF9AA144527:[91f1ec4b-d07c-4bfe-85d9-e7c7373ee128:192.168.36.83:38975] with ContainerStateMachine:uninitialized
2019-09-05 11:06:11,475 [pool-409-thread-1] INFO  server.RaftServerConfigKeys (ConfUtils.java:logGet(43)) - raft.server.rpc.timeout.min = 5s (custom)
2019-09-05 11:06:11,475 [pool-409-thread-1] INFO  server.RaftServerConfigKeys (ConfUtils.java:logGet(43)) - raft.server.rpc.timeout.max = 5200ms (custom)
2019-09-05 11:06:11,475 [pool-409-thread-1] INFO  server.RaftServerConfigKeys (ConfUtils.java:logGet(43)) - raft.server.rpcslowness.timeout = 120s (custom)
2019-09-05 11:06:11,475 [pool-409-thread-1] INFO  server.RaftServerConfigKeys (ConfUtils.java:logGet(43)) - raft.server.sleep.deviation.threshold = 300 (default)
2019-09-05 11:06:11,475 [pool-409-thread-1] INFO  server.RaftServerConfigKeys (ConfUtils.java:logGet(43)) - raft.server.log.appender.install.snapshot.enabled = false (custom)
2019-09-05 11:06:11,476 [pool-409-thread-1] INFO  impl.RaftServerImpl (ServerState.java:<init>(103)) - 91f1ec4b-d07c-4bfe-85d9-e7c7373ee128@group-DBF9AA144527: ConfigurationManager, init=-1: [91f1ec4b-d07c-4bfe-85d9-e7c7373ee128:192.168.36.83:38975], old=null, confs=<EMPTY_MAP>
2019-09-05 11:06:11,476 [pool-409-thread-1] INFO  server.RaftServerConfigKeys (ConfUtils.java:logGet(43)) - raft.server.storage.dir = [/workdir/hadoop-ozone/integration-test/target/test-dir/MiniOzoneClusterImpl-06581d8d-c2e4-4d94-a862-518568baa486/datanode-0/data/ratis] (custom)
2019-09-05 11:06:11,477 [pool-409-thread-1] INFO  storage.RaftStorageDirectory (RaftStorageDirectory.java:analyzeStorage(246)) - The storage directory /workdir/hadoop-ozone/integration-test/target/test-dir/MiniOzoneClusterImpl-06581d8d-c2e4-4d94-a862-518568baa486/datanode-0/data/ratis/c30b98ab-c355-48e8-9d92-dbf9aa144527 does not exist. Creating ...
2019-09-05 11:06:11,539 [pool-409-thread-1] INFO  storage.RaftStorageDirectory (RaftStorageDirectory.java:tryLock(328)) - Lock on /workdir/hadoop-ozone/integration-test/target/test-dir/MiniOzoneClusterImpl-06581d8d-c2e4-4d94-a862-518568baa486/datanode-0/data/ratis/c30b98ab-c355-48e8-9d92-dbf9aa144527/in_use.lock acquired by nodename 23600@pr-hdds-1561-gm47z-337254333
2019-09-05 11:06:11,541 [IPC Server handler 4 on 44129] INFO  net.NetworkTopology (NetworkTopologyImpl.java:add(110)) - Added a new node: /default-rack/89f16946-17a7-47cd-87e0-140db9ee23a2
2019-09-05 11:06:11,541 [IPC Server handler 4 on 44129] INFO  node.SCMNodeManager (SCMNodeManager.java:register(266)) - Registered Data node : 89f16946-17a7-47cd-87e0-140db9ee23a2{ip: 192.168.36.83, host: pr-hdds-1561-gm47z-337254333, networkLocation: /default-rack, certSerialId: null}
2019-09-05 11:06:11,573 [pool-409-thread-1] INFO  storage.RaftStorage (RaftStorage.java:format(72)) - Storage directory /workdir/hadoop-ozone/integration-test/target/test-dir/MiniOzoneClusterImpl-06581d8d-c2e4-4d94-a862-518568baa486/datanode-0/data/ratis/c30b98ab-c355-48e8-9d92-dbf9aa144527 has been successfully formatted.
2019-09-05 11:06:11,573 [pool-409-thread-1] INFO  ratis.ContainerStateMachine (ContainerStateMachine.java:loadSnapshot(232)) - group-DBF9AA144527: The snapshot info is null. Setting the last applied indexto:(t:0, i:~)
2019-09-05 11:06:11,573 [pool-409-thread-1] INFO  server.RaftServerConfigKeys (ConfUtils.java:logGet(43)) - raft.server.notification.no-leader.timeout = 120s (custom)
2019-09-05 11:06:11,573 [pool-409-thread-1] INFO  server.RaftServerConfigKeys (ConfUtils.java:logGet(43)) - raft.server.log.use.memory = false (default)
2019-09-05 11:06:11,574 [pool-409-thread-1] INFO  server.RaftServerConfigKeys (ConfUtils.java:logGet(43)) - raft.server.log.purge.gap = 1000000 (custom)
2019-09-05 11:06:11,574 [pool-409-thread-1] INFO  server.RaftServerConfigKeys (ConfUtils.java:logGet(43)) - raft.server.log.appender.buffer.byte-limit = 33554432 (custom)
2019-09-05 11:06:11,574 [pool-409-thread-1] INFO  server.RaftServerConfigKeys (ConfUtils.java:logGet(43)) - raft.server.log.segment.size.max = 1048576 (custom)
2019-09-05 11:06:11,574 [pool-409-thread-1] INFO  server.RaftServerConfigKeys (ConfUtils.java:logGet(43)) - raft.server.log.segment.cache.num.max = 2 (custom)
2019-09-05 11:06:11,574 [pool-409-thread-1] INFO  segmented.SegmentedRaftLogWorker (SegmentedRaftLogWorker.java:<init>(172)) - new 91f1ec4b-d07c-4bfe-85d9-e7c7373ee128@group-DBF9AA144527-SegmentedRaftLogWorker for RaftStorage:Storage Directory /workdir/hadoop-ozone/integration-test/target/test-dir/MiniOzoneClusterImpl-06581d8d-c2e4-4d94-a862-518568baa486/datanode-0/data/ratis/c30b98ab-c355-48e8-9d92-dbf9aa144527
2019-09-05 11:06:11,577 [pool-409-thread-1] INFO  server.RaftServerConfigKeys (ConfUtils.java:logGet(43)) - raft.server.log.queue.byte-limit = 2147483647 (custom)
2019-09-05 11:06:11,577 [pool-409-thread-1] INFO  server.RaftServerConfigKeys (ConfUtils.java:logGet(43)) - raft.server.log.queue.element-limit = 1024 (custom)
2019-09-05 11:06:11,577 [pool-409-thread-1] INFO  server.RaftServerConfigKeys (ConfUtils.java:logGet(43)) - raft.server.log.segment.size.max = 1048576 (custom)
2019-09-05 11:06:11,577 [pool-409-thread-1] INFO  server.RaftServerConfigKeys (ConfUtils.java:logGet(43)) - raft.server.log.preallocated.size = 16384 (custom)
2019-09-05 11:06:11,577 [pool-409-thread-1] INFO  server.RaftServerConfigKeys (ConfUtils.java:logGet(43)) - raft.server.log.write.buffer.size = 33554432 (custom)
2019-09-05 11:06:11,578 [pool-409-thread-1] INFO  server.RaftServerConfigKeys (ConfUtils.java:logGet(43)) - raft.server.log.force.sync.num = 128 (default)
2019-09-05 11:06:11,578 [pool-409-thread-1] INFO  server.RaftServerConfigKeys (ConfUtils.java:logGet(43)) - raft.server.log.statemachine.data.sync = true (default)
2019-09-05 11:06:11,578 [pool-409-thread-1] INFO  server.RaftServerConfigKeys (ConfUtils.java:logGet(43)) - raft.server.log.statemachine.data.sync.timeout = 10s (default)
2019-09-05 11:06:11,578 [pool-409-thread-1] INFO  server.RaftServerConfigKeys (ConfUtils.java:logGet(43)) - raft.server.log.statemachine.data.sync.timeout.retry = -1 (default)
2019-09-05 11:06:11,579 [pool-409-thread-1] INFO  server.RaftServerConfigKeys (ConfUtils.java:logGet(43)) - raft.server.log.statemachine.data.caching.enabled = true (custom)
2019-09-05 11:06:11,579 [pool-409-thread-1] INFO  segmented.SegmentedRaftLogWorker (SegmentedRaftLogWorker.java:lambda$new$0(132)) - 91f1ec4b-d07c-4bfe-85d9-e7c7373ee128@group-DBF9AA144527-SegmentedRaftLogWorker: flushIndex: setUnconditionally 0 -> -1
2019-09-05 11:06:11,579 [pool-409-thread-1] INFO  server.RaftServerConfigKeys (ConfUtils.java:logGet(43)) - raft.server.snapshot.auto.trigger.enabled = true (custom)
2019-09-05 11:06:11,580 [pool-409-thread-1] INFO  server.RaftServerConfigKeys (ConfUtils.java:logGet(43)) - raft.server.snapshot.auto.trigger.threshold = 10000 (custom)
2019-09-05 11:06:11,580 [pool-409-thread-1] INFO  server.RaftServerConfigKeys (ConfUtils.java:logGet(43)) - raft.server.snapshot.retention.num.files = -1 (default)
2019-09-05 11:06:11,580 [pool-409-thread-1] INFO  server.RaftServerConfigKeys (ConfUtils.java:logGet(43)) - raft.server.retrycache.expirytime = 600000ms (custom)
2019-09-05 11:06:11,582 [pool-409-thread-1] INFO  impl.RaftServerImpl (RaftServerImpl.java:start(185)) - 91f1ec4b-d07c-4bfe-85d9-e7c7373ee128@group-DBF9AA144527: start as a follower, conf=-1: [91f1ec4b-d07c-4bfe-85d9-e7c7373ee128:192.168.36.83:38975], old=null
2019-09-05 11:06:11,582 [pool-409-thread-1] INFO  impl.RaftServerImpl (RaftServerImpl.java:setRole(174)) - 91f1ec4b-d07c-4bfe-85d9-e7c7373ee128@group-DBF9AA144527: changes role from      null to FOLLOWER at term 0 for startAsFollower
2019-09-05 11:06:11,582 [pool-409-thread-1] INFO  impl.RoleInfo (RoleInfo.java:updateAndGet(143)) - 91f1ec4b-d07c-4bfe-85d9-e7c7373ee128: start FollowerState
2019-09-05 11:06:11,583 [pool-409-thread-1] INFO  util.JmxRegister (JmxRegister.java:tryRegister(44)) - Successfully registered JMX Bean with object name Ratis:service=RaftServer,group=group-DBF9AA144527,id=91f1ec4b-d07c-4bfe-85d9-e7c7373ee128
2019-09-05 11:06:11,599 [IPC Server handler 5 on 44129] INFO  net.NetworkTopology (NetworkTopologyImpl.java:add(110)) - Added a new node: /default-rack/54fad45f-1182-4a0a-b101-60c94ba267c1
2019-09-05 11:06:11,599 [IPC Server handler 5 on 44129] INFO  node.SCMNodeManager (SCMNodeManager.java:register(266)) - Registered Data node : 54fad45f-1182-4a0a-b101-60c94ba267c1{ip: 192.168.36.83, host: pr-hdds-1561-gm47z-337254333, networkLocation: /default-rack, certSerialId: null}
2019-09-05 11:06:11,628 [RatisPipelineUtilsThread] INFO  pipeline.PipelineStateManager (PipelineStateManager.java:addPipeline(56)) - Created pipeline Pipeline[ Id: c30b98ab-c355-48e8-9d92-dbf9aa144527, Nodes: 91f1ec4b-d07c-4bfe-85d9-e7c7373ee128{ip: 192.168.36.83, host: pr-hdds-1561-gm47z-337254333, networkLocation: /default-rack, certSerialId: null}, Type:RATIS, Factor:ONE, State:OPEN]
2019-09-05 11:06:11,636 [grpc-default-executor-10] INFO  impl.RaftServerProxy (RaftServerProxy.java:addNew(89)) - 54fad45f-1182-4a0a-b101-60c94ba267c1: addNew group-0F0D9DB6E2A4:[54fad45f-1182-4a0a-b101-60c94ba267c1:192.168.36.83:41045] returns group-0F0D9DB6E2A4:java.util.concurrent.CompletableFuture@f6d1739[Not completed]
2019-09-05 11:06:11,637 [pool-439-thread-1] INFO  impl.RaftServerImpl (RaftServerImpl.java:<init>(95)) - 54fad45f-1182-4a0a-b101-60c94ba267c1: new RaftServerImpl for group-0F0D9DB6E2A4:[54fad45f-1182-4a0a-b101-60c94ba267c1:192.168.36.83:41045] with ContainerStateMachine:uninitialized
2019-09-05 11:06:11,637 [pool-439-thread-1] INFO  server.RaftServerConfigKeys (ConfUtils.java:logGet(43)) - raft.server.rpc.timeout.min = 5s (custom)
2019-09-05 11:06:11,638 [pool-439-thread-1] INFO  server.RaftServerConfigKeys (ConfUtils.java:logGet(43)) - raft.server.rpc.timeout.max = 5200ms (custom)
2019-09-05 11:06:11,638 [pool-439-thread-1] INFO  server.RaftServerConfigKeys (ConfUtils.java:logGet(43)) - raft.server.rpcslowness.timeout = 120s (custom)
2019-09-05 11:06:11,638 [pool-439-thread-1] INFO  server.RaftServerConfigKeys (ConfUtils.java:logGet(43)) - raft.server.sleep.deviation.threshold = 300 (default)
2019-09-05 11:06:11,638 [pool-439-thread-1] INFO  server.RaftServerConfigKeys (ConfUtils.java:logGet(43)) - raft.server.log.appender.install.snapshot.enabled = false (custom)
2019-09-05 11:06:11,638 [pool-439-thread-1] INFO  impl.RaftServerImpl (ServerState.java:<init>(103)) - 54fad45f-1182-4a0a-b101-60c94ba267c1@group-0F0D9DB6E2A4: ConfigurationManager, init=-1: [54fad45f-1182-4a0a-b101-60c94ba267c1:192.168.36.83:41045], old=null, confs=<EMPTY_MAP>
2019-09-05 11:06:11,638 [pool-439-thread-1] INFO  server.RaftServerConfigKeys (ConfUtils.java:logGet(43)) - raft.server.storage.dir = [/workdir/hadoop-ozone/integration-test/target/test-dir/MiniOzoneClusterImpl-06581d8d-c2e4-4d94-a862-518568baa486/datanode-3/data/ratis] (custom)
2019-09-05 11:06:11,639 [pool-439-thread-1] INFO  storage.RaftStorageDirectory (RaftStorageDirectory.java:analyzeStorage(246)) - The storage directory /workdir/hadoop-ozone/integration-test/target/test-dir/MiniOzoneClusterImpl-06581d8d-c2e4-4d94-a862-518568baa486/datanode-3/data/ratis/0308621e-7ddf-4bbb-8fa6-0f0d9db6e2a4 does not exist. Creating ...
2019-09-05 11:06:11,670 [IPC Server handler 6 on 44129] INFO  net.NetworkTopology (NetworkTopologyImpl.java:add(110)) - Added a new node: /default-rack/fa08243c-f5b4-405f-a071-e3cbc8c99dd0
2019-09-05 11:06:11,670 [IPC Server handler 6 on 44129] INFO  node.SCMNodeManager (SCMNodeManager.java:register(266)) - Registered Data node : fa08243c-f5b4-405f-a071-e3cbc8c99dd0{ip: 192.168.36.83, host: pr-hdds-1561-gm47z-337254333, networkLocation: /default-rack, certSerialId: null}
2019-09-05 11:06:11,674 [pool-439-thread-1] INFO  storage.RaftStorageDirectory (RaftStorageDirectory.java:tryLock(328)) - Lock on /workdir/hadoop-ozone/integration-test/target/test-dir/MiniOzoneClusterImpl-06581d8d-c2e4-4d94-a862-518568baa486/datanode-3/data/ratis/0308621e-7ddf-4bbb-8fa6-0f0d9db6e2a4/in_use.lock acquired by nodename 23600@pr-hdds-1561-gm47z-337254333
2019-09-05 11:06:11,732 [IPC Server handler 1 on 44129] INFO  net.NetworkTopology (NetworkTopologyImpl.java:add(110)) - Added a new node: /default-rack/4fc6afb9-3f9c-4be8-93ce-657a33e3c6ff
2019-09-05 11:06:11,732 [IPC Server handler 1 on 44129] INFO  node.SCMNodeManager (SCMNodeManager.java:register(266)) - Registered Data node : 4fc6afb9-3f9c-4be8-93ce-657a33e3c6ff{ip: 192.168.36.83, host: pr-hdds-1561-gm47z-337254333, networkLocation: /default-rack, certSerialId: null}
2019-09-05 11:06:11,741 [pool-439-thread-1] INFO  storage.RaftStorage (RaftStorage.java:format(72)) - Storage directory /workdir/hadoop-ozone/integration-test/target/test-dir/MiniOzoneClusterImpl-06581d8d-c2e4-4d94-a862-518568baa486/datanode-3/data/ratis/0308621e-7ddf-4bbb-8fa6-0f0d9db6e2a4 has been successfully formatted.
2019-09-05 11:06:11,741 [pool-439-thread-1] INFO  ratis.ContainerStateMachine (ContainerStateMachine.java:loadSnapshot(232)) - group-0F0D9DB6E2A4: The snapshot info is null. Setting the last applied indexto:(t:0, i:~)
2019-09-05 11:06:11,741 [pool-439-thread-1] INFO  server.RaftServerConfigKeys (ConfUtils.java:logGet(43)) - raft.server.notification.no-leader.timeout = 120s (custom)
2019-09-05 11:06:11,741 [pool-439-thread-1] INFO  server.RaftServerConfigKeys (ConfUtils.java:logGet(43)) - raft.server.log.use.memory = false (default)
2019-09-05 11:06:11,741 [pool-439-thread-1] INFO  server.RaftServerConfigKeys (ConfUtils.java:logGet(43)) - raft.server.log.purge.gap = 1000000 (custom)
2019-09-05 11:06:11,741 [pool-439-thread-1] INFO  server.RaftServerConfigKeys (ConfUtils.java:logGet(43)) - raft.server.log.appender.buffer.byte-limit = 33554432 (custom)
2019-09-05 11:06:11,742 [pool-439-thread-1] INFO  server.RaftServerConfigKeys (ConfUtils.java:logGet(43)) - raft.server.log.segment.size.max = 1048576 (custom)
2019-09-05 11:06:11,742 [pool-439-thread-1] INFO  server.RaftServerConfigKeys (ConfUtils.java:logGet(43)) - raft.server.log.segment.cache.num.max = 2 (custom)
2019-09-05 11:06:11,742 [pool-439-thread-1] INFO  segmented.SegmentedRaftLogWorker (SegmentedRaftLogWorker.java:<init>(172)) - new 54fad45f-1182-4a0a-b101-60c94ba267c1@group-0F0D9DB6E2A4-SegmentedRaftLogWorker for RaftStorage:Storage Directory /workdir/hadoop-ozone/integration-test/target/test-dir/MiniOzoneClusterImpl-06581d8d-c2e4-4d94-a862-518568baa486/datanode-3/data/ratis/0308621e-7ddf-4bbb-8fa6-0f0d9db6e2a4
2019-09-05 11:06:11,743 [pool-439-thread-1] INFO  server.RaftServerConfigKeys (ConfUtils.java:logGet(43)) - raft.server.log.queue.byte-limit = 2147483647 (custom)
2019-09-05 11:06:11,743 [pool-439-thread-1] INFO  server.RaftServerConfigKeys (ConfUtils.java:logGet(43)) - raft.server.log.queue.element-limit = 1024 (custom)
2019-09-05 11:06:11,743 [pool-439-thread-1] INFO  server.RaftServerConfigKeys (ConfUtils.java:logGet(43)) - raft.server.log.segment.size.max = 1048576 (custom)
2019-09-05 11:06:11,743 [pool-439-thread-1] INFO  server.RaftServerConfigKeys (ConfUtils.java:logGet(43)) - raft.server.log.preallocated.size = 16384 (custom)
2019-09-05 11:06:11,743 [pool-439-thread-1] INFO  server.RaftServerConfigKeys (ConfUtils.java:logGet(43)) - raft.server.log.write.buffer.size = 33554432 (custom)
2019-09-05 11:06:11,743 [pool-439-thread-1] INFO  server.RaftServerConfigKeys (ConfUtils.java:logGet(43)) - raft.server.log.force.sync.num = 128 (default)
2019-09-05 11:06:11,744 [pool-439-thread-1] INFO  server.RaftServerConfigKeys (ConfUtils.java:logGet(43)) - raft.server.log.statemachine.data.sync = true (default)
2019-09-05 11:06:11,744 [pool-439-thread-1] INFO  server.RaftServerConfigKeys (ConfUtils.java:logGet(43)) - raft.server.log.statemachine.data.sync.timeout = 10s (default)
2019-09-05 11:06:11,744 [pool-439-thread-1] INFO  server.RaftServerConfigKeys (ConfUtils.java:logGet(43)) - raft.server.log.statemachine.data.sync.timeout.retry = -1 (default)
2019-09-05 11:06:11,744 [pool-439-thread-1] INFO  server.RaftServerConfigKeys (ConfUtils.java:logGet(43)) - raft.server.log.statemachine.data.caching.enabled = true (custom)
2019-09-05 11:06:11,744 [pool-439-thread-1] INFO  segmented.SegmentedRaftLogWorker (SegmentedRaftLogWorker.java:lambda$new$0(132)) - 54fad45f-1182-4a0a-b101-60c94ba267c1@group-0F0D9DB6E2A4-SegmentedRaftLogWorker: flushIndex: setUnconditionally 0 -> -1
2019-09-05 11:06:11,744 [pool-439-thread-1] INFO  server.RaftServerConfigKeys (ConfUtils.java:logGet(43)) - raft.server.snapshot.auto.trigger.enabled = true (custom)
2019-09-05 11:06:11,744 [pool-439-thread-1] INFO  server.RaftServerConfigKeys (ConfUtils.java:logGet(43)) - raft.server.snapshot.auto.trigger.threshold = 10000 (custom)
2019-09-05 11:06:11,745 [pool-439-thread-1] INFO  server.RaftServerConfigKeys (ConfUtils.java:logGet(43)) - raft.server.snapshot.retention.num.files = -1 (default)
2019-09-05 11:06:11,745 [pool-439-thread-1] INFO  server.RaftServerConfigKeys (ConfUtils.java:logGet(43)) - raft.server.retrycache.expirytime = 600000ms (custom)
2019-09-05 11:06:11,746 [pool-439-thread-1] INFO  impl.RaftServerImpl (RaftServerImpl.java:start(185)) - 54fad45f-1182-4a0a-b101-60c94ba267c1@group-0F0D9DB6E2A4: start as a follower, conf=-1: [54fad45f-1182-4a0a-b101-60c94ba267c1:192.168.36.83:41045], old=null
2019-09-05 11:06:11,746 [pool-439-thread-1] INFO  impl.RaftServerImpl (RaftServerImpl.java:setRole(174)) - 54fad45f-1182-4a0a-b101-60c94ba267c1@group-0F0D9DB6E2A4: changes role from      null to FOLLOWER at term 0 for startAsFollower
2019-09-05 11:06:11,746 [pool-439-thread-1] INFO  impl.RoleInfo (RoleInfo.java:updateAndGet(143)) - 54fad45f-1182-4a0a-b101-60c94ba267c1: start FollowerState
2019-09-05 11:06:11,746 [pool-439-thread-1] INFO  util.JmxRegister (JmxRegister.java:tryRegister(44)) - Successfully registered JMX Bean with object name Ratis:service=RaftServer,group=group-0F0D9DB6E2A4,id=54fad45f-1182-4a0a-b101-60c94ba267c1
2019-09-05 11:06:11,752 [RatisPipelineUtilsThread] INFO  pipeline.PipelineStateManager (PipelineStateManager.java:addPipeline(56)) - Created pipeline Pipeline[ Id: 0308621e-7ddf-4bbb-8fa6-0f0d9db6e2a4, Nodes: 54fad45f-1182-4a0a-b101-60c94ba267c1{ip: 192.168.36.83, host: pr-hdds-1561-gm47z-337254333, networkLocation: /default-rack, certSerialId: null}, Type:RATIS, Factor:ONE, State:OPEN]
2019-09-05 11:06:11,758 [grpc-default-executor-10] INFO  impl.RaftServerProxy (RaftServerProxy.java:addNew(89)) - 4fc6afb9-3f9c-4be8-93ce-657a33e3c6ff: addNew group-E977172CF44D:[4fc6afb9-3f9c-4be8-93ce-657a33e3c6ff:192.168.36.83:46330] returns group-E977172CF44D:java.util.concurrent.CompletableFuture@6c907a81[Not completed]
2019-09-05 11:06:11,759 [pool-459-thread-1] INFO  impl.RaftServerImpl (RaftServerImpl.java:<init>(95)) - 4fc6afb9-3f9c-4be8-93ce-657a33e3c6ff: new RaftServerImpl for group-E977172CF44D:[4fc6afb9-3f9c-4be8-93ce-657a33e3c6ff:192.168.36.83:46330] with ContainerStateMachine:uninitialized
2019-09-05 11:06:11,759 [pool-459-thread-1] INFO  server.RaftServerConfigKeys (ConfUtils.java:logGet(43)) - raft.server.rpc.timeout.min = 5s (custom)
2019-09-05 11:06:11,759 [pool-459-thread-1] INFO  server.RaftServerConfigKeys (ConfUtils.java:logGet(43)) - raft.server.rpc.timeout.max = 5200ms (custom)
2019-09-05 11:06:11,759 [pool-459-thread-1] INFO  server.RaftServerConfigKeys (ConfUtils.java:logGet(43)) - raft.server.rpcslowness.timeout = 120s (custom)
2019-09-05 11:06:11,759 [pool-459-thread-1] INFO  server.RaftServerConfigKeys (ConfUtils.java:logGet(43)) - raft.server.sleep.deviation.threshold = 300 (default)
2019-09-05 11:06:11,760 [pool-459-thread-1] INFO  server.RaftServerConfigKeys (ConfUtils.java:logGet(43)) - raft.server.log.appender.install.snapshot.enabled = false (custom)
2019-09-05 11:06:11,760 [pool-459-thread-1] INFO  impl.RaftServerImpl (ServerState.java:<init>(103)) - 4fc6afb9-3f9c-4be8-93ce-657a33e3c6ff@group-E977172CF44D: ConfigurationManager, init=-1: [4fc6afb9-3f9c-4be8-93ce-657a33e3c6ff:192.168.36.83:46330], old=null, confs=<EMPTY_MAP>
2019-09-05 11:06:11,760 [pool-459-thread-1] INFO  server.RaftServerConfigKeys (ConfUtils.java:logGet(43)) - raft.server.storage.dir = [/workdir/hadoop-ozone/integration-test/target/test-dir/MiniOzoneClusterImpl-06581d8d-c2e4-4d94-a862-518568baa486/datanode-5/data/ratis] (custom)
2019-09-05 11:06:11,760 [pool-459-thread-1] INFO  storage.RaftStorageDirectory (RaftStorageDirectory.java:analyzeStorage(246)) - The storage directory /workdir/hadoop-ozone/integration-test/target/test-dir/MiniOzoneClusterImpl-06581d8d-c2e4-4d94-a862-518568baa486/datanode-5/data/ratis/89e21d88-2bfb-4e43-8a7e-e977172cf44d does not exist. Creating ...
2019-09-05 11:06:11,792 [main] INFO  ozone.MiniOzoneClusterImpl (MiniOzoneClusterImpl.java:lambda$waitForClusterToBeReady$0(140)) - Waiting for cluster to be ready. Got 6 of 7 DN Heartbeats.
2019-09-05 11:06:11,792 [IPC Server handler 2 on 44129] INFO  net.NetworkTopology (NetworkTopologyImpl.java:add(110)) - Added a new node: /default-rack/e3a08138-bcbc-4acb-87dc-f1195608ab57
2019-09-05 11:06:11,793 [IPC Server handler 2 on 44129] INFO  node.SCMNodeManager (SCMNodeManager.java:register(266)) - Registered Data node : e3a08138-bcbc-4acb-87dc-f1195608ab57{ip: 192.168.36.83, host: pr-hdds-1561-gm47z-337254333, networkLocation: /default-rack, certSerialId: null}
2019-09-05 11:06:11,799 [pool-459-thread-1] INFO  storage.RaftStorageDirectory (RaftStorageDirectory.java:tryLock(328)) - Lock on /workdir/hadoop-ozone/integration-test/target/test-dir/MiniOzoneClusterImpl-06581d8d-c2e4-4d94-a862-518568baa486/datanode-5/data/ratis/89e21d88-2bfb-4e43-8a7e-e977172cf44d/in_use.lock acquired by nodename 23600@pr-hdds-1561-gm47z-337254333
2019-09-05 11:06:11,842 [pool-459-thread-1] INFO  storage.RaftStorage (RaftStorage.java:format(72)) - Storage directory /workdir/hadoop-ozone/integration-test/target/test-dir/MiniOzoneClusterImpl-06581d8d-c2e4-4d94-a862-518568baa486/datanode-5/data/ratis/89e21d88-2bfb-4e43-8a7e-e977172cf44d has been successfully formatted.
2019-09-05 11:06:11,842 [pool-459-thread-1] INFO  ratis.ContainerStateMachine (ContainerStateMachine.java:loadSnapshot(232)) - group-E977172CF44D: The snapshot info is null. Setting the last applied indexto:(t:0, i:~)
2019-09-05 11:06:11,842 [pool-459-thread-1] INFO  server.RaftServerConfigKeys (ConfUtils.java:logGet(43)) - raft.server.notification.no-leader.timeout = 120s (custom)
2019-09-05 11:06:11,843 [pool-459-thread-1] INFO  server.RaftServerConfigKeys (ConfUtils.java:logGet(43)) - raft.server.log.use.memory = false (default)
2019-09-05 11:06:11,843 [pool-459-thread-1] INFO  server.RaftServerConfigKeys (ConfUtils.java:logGet(43)) - raft.server.log.purge.gap = 1000000 (custom)
2019-09-05 11:06:11,843 [pool-459-thread-1] INFO  server.RaftServerConfigKeys (ConfUtils.java:logGet(43)) - raft.server.log.appender.buffer.byte-limit = 33554432 (custom)
2019-09-05 11:06:11,843 [pool-459-thread-1] INFO  server.RaftServerConfigKeys (ConfUtils.java:logGet(43)) - raft.server.log.segment.size.max = 1048576 (custom)
2019-09-05 11:06:11,843 [pool-459-thread-1] INFO  server.RaftServerConfigKeys (ConfUtils.java:logGet(43)) - raft.server.log.segment.cache.num.max = 2 (custom)
2019-09-05 11:06:11,843 [pool-459-thread-1] INFO  segmented.SegmentedRaftLogWorker (SegmentedRaftLogWorker.java:<init>(172)) - new 4fc6afb9-3f9c-4be8-93ce-657a33e3c6ff@group-E977172CF44D-SegmentedRaftLogWorker for RaftStorage:Storage Directory /workdir/hadoop-ozone/integration-test/target/test-dir/MiniOzoneClusterImpl-06581d8d-c2e4-4d94-a862-518568baa486/datanode-5/data/ratis/89e21d88-2bfb-4e43-8a7e-e977172cf44d
2019-09-05 11:06:11,847 [pool-459-thread-1] INFO  server.RaftServerConfigKeys (ConfUtils.java:logGet(43)) - raft.server.log.queue.byte-limit = 2147483647 (custom)
2019-09-05 11:06:11,847 [pool-459-thread-1] INFO  server.RaftServerConfigKeys (ConfUtils.java:logGet(43)) - raft.server.log.queue.element-limit = 1024 (custom)
2019-09-05 11:06:11,847 [pool-459-thread-1] INFO  server.RaftServerConfigKeys (ConfUtils.java:logGet(43)) - raft.server.log.segment.size.max = 1048576 (custom)
2019-09-05 11:06:11,847 [pool-459-thread-1] INFO  server.RaftServerConfigKeys (ConfUtils.java:logGet(43)) - raft.server.log.preallocated.size = 16384 (custom)
2019-09-05 11:06:11,847 [pool-459-thread-1] INFO  server.RaftServerConfigKeys (ConfUtils.java:logGet(43)) - raft.server.log.write.buffer.size = 33554432 (custom)
2019-09-05 11:06:11,848 [pool-459-thread-1] INFO  server.RaftServerConfigKeys (ConfUtils.java:logGet(43)) - raft.server.log.force.sync.num = 128 (default)
2019-09-05 11:06:11,848 [pool-459-thread-1] INFO  server.RaftServerConfigKeys (ConfUtils.java:logGet(43)) - raft.server.log.statemachine.data.sync = true (default)
2019-09-05 11:06:11,848 [pool-459-thread-1] INFO  server.RaftServerConfigKeys (ConfUtils.java:logGet(43)) - raft.server.log.statemachine.data.sync.timeout = 10s (default)
2019-09-05 11:06:11,848 [pool-459-thread-1] INFO  server.RaftServerConfigKeys (ConfUtils.java:logGet(43)) - raft.server.log.statemachine.data.sync.timeout.retry = -1 (default)
2019-09-05 11:06:11,848 [pool-459-thread-1] INFO  server.RaftServerConfigKeys (ConfUtils.java:logGet(43)) - raft.server.log.statemachine.data.caching.enabled = true (custom)
2019-09-05 11:06:11,849 [pool-459-thread-1] INFO  segmented.SegmentedRaftLogWorker (SegmentedRaftLogWorker.java:lambda$new$0(132)) - 4fc6afb9-3f9c-4be8-93ce-657a33e3c6ff@group-E977172CF44D-SegmentedRaftLogWorker: flushIndex: setUnconditionally 0 -> -1
2019-09-05 11:06:11,849 [pool-459-thread-1] INFO  server.RaftServerConfigKeys (ConfUtils.java:logGet(43)) - raft.server.snapshot.auto.trigger.enabled = true (custom)
2019-09-05 11:06:11,849 [pool-459-thread-1] INFO  server.RaftServerConfigKeys (ConfUtils.java:logGet(43)) - raft.server.snapshot.auto.trigger.threshold = 10000 (custom)
2019-09-05 11:06:11,849 [pool-459-thread-1] INFO  server.RaftServerConfigKeys (ConfUtils.java:logGet(43)) - raft.server.snapshot.retention.num.files = -1 (default)
2019-09-05 11:06:11,850 [pool-459-thread-1] INFO  server.RaftServerConfigKeys (ConfUtils.java:logGet(43)) - raft.server.retrycache.expirytime = 600000ms (custom)
2019-09-05 11:06:11,852 [pool-459-thread-1] INFO  impl.RaftServerImpl (RaftServerImpl.java:start(185)) - 4fc6afb9-3f9c-4be8-93ce-657a33e3c6ff@group-E977172CF44D: start as a follower, conf=-1: [4fc6afb9-3f9c-4be8-93ce-657a33e3c6ff:192.168.36.83:46330], old=null
2019-09-05 11:06:11,852 [pool-459-thread-1] INFO  impl.RaftServerImpl (RaftServerImpl.java:setRole(174)) - 4fc6afb9-3f9c-4be8-93ce-657a33e3c6ff@group-E977172CF44D: changes role from      null to FOLLOWER at term 0 for startAsFollower
2019-09-05 11:06:11,852 [pool-459-thread-1] INFO  impl.RoleInfo (RoleInfo.java:updateAndGet(143)) - 4fc6afb9-3f9c-4be8-93ce-657a33e3c6ff: start FollowerState
2019-09-05 11:06:11,853 [pool-459-thread-1] INFO  util.JmxRegister (JmxRegister.java:tryRegister(44)) - Successfully registered JMX Bean with object name Ratis:service=RaftServer,group=group-E977172CF44D,id=4fc6afb9-3f9c-4be8-93ce-657a33e3c6ff
2019-09-05 11:06:11,859 [RatisPipelineUtilsThread] INFO  pipeline.PipelineStateManager (PipelineStateManager.java:addPipeline(56)) - Created pipeline Pipeline[ Id: 89e21d88-2bfb-4e43-8a7e-e977172cf44d, Nodes: 4fc6afb9-3f9c-4be8-93ce-657a33e3c6ff{ip: 192.168.36.83, host: pr-hdds-1561-gm47z-337254333, networkLocation: /default-rack, certSerialId: null}, Type:RATIS, Factor:ONE, State:OPEN]
2019-09-05 11:06:11,873 [grpc-default-executor-10] INFO  impl.RaftServerProxy (RaftServerProxy.java:addNew(89)) - e3a08138-bcbc-4acb-87dc-f1195608ab57: addNew group-4809F4167C0F:[e3a08138-bcbc-4acb-87dc-f1195608ab57:192.168.36.83:36559] returns group-4809F4167C0F:java.util.concurrent.CompletableFuture@5a25385a[Not completed]
2019-09-05 11:06:11,874 [pool-469-thread-1] INFO  impl.RaftServerImpl (RaftServerImpl.java:<init>(95)) - e3a08138-bcbc-4acb-87dc-f1195608ab57: new RaftServerImpl for group-4809F4167C0F:[e3a08138-bcbc-4acb-87dc-f1195608ab57:192.168.36.83:36559] with ContainerStateMachine:uninitialized
2019-09-05 11:06:11,874 [pool-469-thread-1] INFO  server.RaftServerConfigKeys (ConfUtils.java:logGet(43)) - raft.server.rpc.timeout.min = 5s (custom)
2019-09-05 11:06:11,874 [pool-469-thread-1] INFO  server.RaftServerConfigKeys (ConfUtils.java:logGet(43)) - raft.server.rpc.timeout.max = 5200ms (custom)
2019-09-05 11:06:11,874 [pool-469-thread-1] INFO  server.RaftServerConfigKeys (ConfUtils.java:logGet(43)) - raft.server.rpcslowness.timeout = 120s (custom)
2019-09-05 11:06:11,874 [pool-469-thread-1] INFO  server.RaftServerConfigKeys (ConfUtils.java:logGet(43)) - raft.server.sleep.deviation.threshold = 300 (default)
2019-09-05 11:06:11,875 [pool-469-thread-1] INFO  server.RaftServerConfigKeys (ConfUtils.java:logGet(43)) - raft.server.log.appender.install.snapshot.enabled = false (custom)
2019-09-05 11:06:11,875 [pool-469-thread-1] INFO  impl.RaftServerImpl (ServerState.java:<init>(103)) - e3a08138-bcbc-4acb-87dc-f1195608ab57@group-4809F4167C0F: ConfigurationManager, init=-1: [e3a08138-bcbc-4acb-87dc-f1195608ab57:192.168.36.83:36559], old=null, confs=<EMPTY_MAP>
2019-09-05 11:06:11,875 [pool-469-thread-1] INFO  server.RaftServerConfigKeys (ConfUtils.java:logGet(43)) - raft.server.storage.dir = [/workdir/hadoop-ozone/integration-test/target/test-dir/MiniOzoneClusterImpl-06581d8d-c2e4-4d94-a862-518568baa486/datanode-6/data/ratis] (custom)
2019-09-05 11:06:11,875 [pool-469-thread-1] INFO  storage.RaftStorageDirectory (RaftStorageDirectory.java:analyzeStorage(246)) - The storage directory /workdir/hadoop-ozone/integration-test/target/test-dir/MiniOzoneClusterImpl-06581d8d-c2e4-4d94-a862-518568baa486/datanode-6/data/ratis/606b3d88-2065-45a8-92fd-4809f4167c0f does not exist. Creating ...
2019-09-05 11:06:11,900 [pool-469-thread-1] INFO  storage.RaftStorageDirectory (RaftStorageDirectory.java:tryLock(328)) - Lock on /workdir/hadoop-ozone/integration-test/target/test-dir/MiniOzoneClusterImpl-06581d8d-c2e4-4d94-a862-518568baa486/datanode-6/data/ratis/606b3d88-2065-45a8-92fd-4809f4167c0f/in_use.lock acquired by nodename 23600@pr-hdds-1561-gm47z-337254333
2019-09-05 11:06:11,926 [pool-469-thread-1] INFO  storage.RaftStorage (RaftStorage.java:format(72)) - Storage directory /workdir/hadoop-ozone/integration-test/target/test-dir/MiniOzoneClusterImpl-06581d8d-c2e4-4d94-a862-518568baa486/datanode-6/data/ratis/606b3d88-2065-45a8-92fd-4809f4167c0f has been successfully formatted.
2019-09-05 11:06:11,926 [pool-469-thread-1] INFO  ratis.ContainerStateMachine (ContainerStateMachine.java:loadSnapshot(232)) - group-4809F4167C0F: The snapshot info is null. Setting the last applied indexto:(t:0, i:~)
2019-09-05 11:06:11,926 [pool-469-thread-1] INFO  server.RaftServerConfigKeys (ConfUtils.java:logGet(43)) - raft.server.notification.no-leader.timeout = 120s (custom)
2019-09-05 11:06:11,926 [pool-469-thread-1] INFO  server.RaftServerConfigKeys (ConfUtils.java:logGet(43)) - raft.server.log.use.memory = false (default)
2019-09-05 11:06:11,926 [pool-469-thread-1] INFO  server.RaftServerConfigKeys (ConfUtils.java:logGet(43)) - raft.server.log.purge.gap = 1000000 (custom)
2019-09-05 11:06:11,926 [pool-469-thread-1] INFO  server.RaftServerConfigKeys (ConfUtils.java:logGet(43)) - raft.server.log.appender.buffer.byte-limit = 33554432 (custom)
2019-09-05 11:06:11,927 [pool-469-thread-1] INFO  server.RaftServerConfigKeys (ConfUtils.java:logGet(43)) - raft.server.log.segment.size.max = 1048576 (custom)
2019-09-05 11:06:11,927 [pool-469-thread-1] INFO  server.RaftServerConfigKeys (ConfUtils.java:logGet(43)) - raft.server.log.segment.cache.num.max = 2 (custom)
2019-09-05 11:06:11,927 [pool-469-thread-1] INFO  segmented.SegmentedRaftLogWorker (SegmentedRaftLogWorker.java:<init>(172)) - new e3a08138-bcbc-4acb-87dc-f1195608ab57@group-4809F4167C0F-SegmentedRaftLogWorker for RaftStorage:Storage Directory /workdir/hadoop-ozone/integration-test/target/test-dir/MiniOzoneClusterImpl-06581d8d-c2e4-4d94-a862-518568baa486/datanode-6/data/ratis/606b3d88-2065-45a8-92fd-4809f4167c0f
2019-09-05 11:06:11,928 [pool-469-thread-1] INFO  server.RaftServerConfigKeys (ConfUtils.java:logGet(43)) - raft.server.log.queue.byte-limit = 2147483647 (custom)
2019-09-05 11:06:11,928 [pool-469-thread-1] INFO  server.RaftServerConfigKeys (ConfUtils.java:logGet(43)) - raft.server.log.queue.element-limit = 1024 (custom)
2019-09-05 11:06:11,928 [pool-469-thread-1] INFO  server.RaftServerConfigKeys (ConfUtils.java:logGet(43)) - raft.server.log.segment.size.max = 1048576 (custom)
2019-09-05 11:06:11,929 [pool-469-thread-1] INFO  server.RaftServerConfigKeys (ConfUtils.java:logGet(43)) - raft.server.log.preallocated.size = 16384 (custom)
2019-09-05 11:06:11,929 [pool-469-thread-1] INFO  server.RaftServerConfigKeys (ConfUtils.java:logGet(43)) - raft.server.log.write.buffer.size = 33554432 (custom)
2019-09-05 11:06:11,929 [pool-469-thread-1] INFO  server.RaftServerConfigKeys (ConfUtils.java:logGet(43)) - raft.server.log.force.sync.num = 128 (default)
2019-09-05 11:06:11,929 [pool-469-thread-1] INFO  server.RaftServerConfigKeys (ConfUtils.java:logGet(43)) - raft.server.log.statemachine.data.sync = true (default)
2019-09-05 11:06:11,929 [pool-469-thread-1] INFO  server.RaftServerConfigKeys (ConfUtils.java:logGet(43)) - raft.server.log.statemachine.data.sync.timeout = 10s (default)
2019-09-05 11:06:11,929 [pool-469-thread-1] INFO  server.RaftServerConfigKeys (ConfUtils.java:logGet(43)) - raft.server.log.statemachine.data.sync.timeout.retry = -1 (default)
2019-09-05 11:06:11,929 [pool-469-thread-1] INFO  server.RaftServerConfigKeys (ConfUtils.java:logGet(43)) - raft.server.log.statemachine.data.caching.enabled = true (custom)
2019-09-05 11:06:11,929 [pool-469-thread-1] INFO  segmented.SegmentedRaftLogWorker (SegmentedRaftLogWorker.java:lambda$new$0(132)) - e3a08138-bcbc-4acb-87dc-f1195608ab57@group-4809F4167C0F-SegmentedRaftLogWorker: flushIndex: setUnconditionally 0 -> -1
2019-09-05 11:06:11,930 [pool-469-thread-1] INFO  server.RaftServerConfigKeys (ConfUtils.java:logGet(43)) - raft.server.snapshot.auto.trigger.enabled = true (custom)
2019-09-05 11:06:11,930 [pool-469-thread-1] INFO  server.RaftServerConfigKeys (ConfUtils.java:logGet(43)) - raft.server.snapshot.auto.trigger.threshold = 10000 (custom)
2019-09-05 11:06:11,930 [pool-469-thread-1] INFO  server.RaftServerConfigKeys (ConfUtils.java:logGet(43)) - raft.server.snapshot.retention.num.files = -1 (default)
2019-09-05 11:06:11,930 [pool-469-thread-1] INFO  server.RaftServerConfigKeys (ConfUtils.java:logGet(43)) - raft.server.retrycache.expirytime = 600000ms (custom)
2019-09-05 11:06:11,931 [pool-469-thread-1] INFO  impl.RaftServerImpl (RaftServerImpl.java:start(185)) - e3a08138-bcbc-4acb-87dc-f1195608ab57@group-4809F4167C0F: start as a follower, conf=-1: [e3a08138-bcbc-4acb-87dc-f1195608ab57:192.168.36.83:36559], old=null
2019-09-05 11:06:11,931 [pool-469-thread-1] INFO  impl.RaftServerImpl (RaftServerImpl.java:setRole(174)) - e3a08138-bcbc-4acb-87dc-f1195608ab57@group-4809F4167C0F: changes role from      null to FOLLOWER at term 0 for startAsFollower
2019-09-05 11:06:11,931 [pool-469-thread-1] INFO  impl.RoleInfo (RoleInfo.java:updateAndGet(143)) - e3a08138-bcbc-4acb-87dc-f1195608ab57: start FollowerState
2019-09-05 11:06:11,932 [pool-469-thread-1] INFO  util.JmxRegister (JmxRegister.java:tryRegister(44)) - Successfully registered JMX Bean with object name Ratis:service=RaftServer,group=group-4809F4167C0F,id=e3a08138-bcbc-4acb-87dc-f1195608ab57
2019-09-05 11:06:11,936 [RatisPipelineUtilsThread] INFO  pipeline.PipelineStateManager (PipelineStateManager.java:addPipeline(56)) - Created pipeline Pipeline[ Id: 606b3d88-2065-45a8-92fd-4809f4167c0f, Nodes: e3a08138-bcbc-4acb-87dc-f1195608ab57{ip: 192.168.36.83, host: pr-hdds-1561-gm47z-337254333, networkLocation: /default-rack, certSerialId: null}, Type:RATIS, Factor:ONE, State:OPEN]
2019-09-05 11:06:11,943 [grpc-default-executor-10] INFO  impl.RaftServerProxy (RaftServerProxy.java:addNew(89)) - 6cb8c19f-8595-423c-829a-79f04dbd8de3: addNew group-B783AA89886C:[6cb8c19f-8595-423c-829a-79f04dbd8de3:192.168.36.83:38750] returns group-B783AA89886C:java.util.concurrent.CompletableFuture@29043e8e[Not completed]
2019-09-05 11:06:11,944 [pool-419-thread-1] INFO  impl.RaftServerImpl (RaftServerImpl.java:<init>(95)) - 6cb8c19f-8595-423c-829a-79f04dbd8de3: new RaftServerImpl for group-B783AA89886C:[6cb8c19f-8595-423c-829a-79f04dbd8de3:192.168.36.83:38750] with ContainerStateMachine:uninitialized
2019-09-05 11:06:11,944 [pool-419-thread-1] INFO  server.RaftServerConfigKeys (ConfUtils.java:logGet(43)) - raft.server.rpc.timeout.min = 5s (custom)
2019-09-05 11:06:11,944 [pool-419-thread-1] INFO  server.RaftServerConfigKeys (ConfUtils.java:logGet(43)) - raft.server.rpc.timeout.max = 5200ms (custom)
2019-09-05 11:06:11,944 [pool-419-thread-1] INFO  server.RaftServerConfigKeys (ConfUtils.java:logGet(43)) - raft.server.rpcslowness.timeout = 120s (custom)
2019-09-05 11:06:11,944 [pool-419-thread-1] INFO  server.RaftServerConfigKeys (ConfUtils.java:logGet(43)) - raft.server.sleep.deviation.threshold = 300 (default)
2019-09-05 11:06:11,944 [pool-419-thread-1] INFO  server.RaftServerConfigKeys (ConfUtils.java:logGet(43)) - raft.server.log.appender.install.snapshot.enabled = false (custom)
2019-09-05 11:06:11,945 [pool-419-thread-1] INFO  impl.RaftServerImpl (ServerState.java:<init>(103)) - 6cb8c19f-8595-423c-829a-79f04dbd8de3@group-B783AA89886C: ConfigurationManager, init=-1: [6cb8c19f-8595-423c-829a-79f04dbd8de3:192.168.36.83:38750], old=null, confs=<EMPTY_MAP>
2019-09-05 11:06:11,945 [pool-419-thread-1] INFO  server.RaftServerConfigKeys (ConfUtils.java:logGet(43)) - raft.server.storage.dir = [/workdir/hadoop-ozone/integration-test/target/test-dir/MiniOzoneClusterImpl-06581d8d-c2e4-4d94-a862-518568baa486/datanode-1/data/ratis] (custom)
2019-09-05 11:06:11,945 [pool-419-thread-1] INFO  storage.RaftStorageDirectory (RaftStorageDirectory.java:analyzeStorage(246)) - The storage directory /workdir/hadoop-ozone/integration-test/target/test-dir/MiniOzoneClusterImpl-06581d8d-c2e4-4d94-a862-518568baa486/datanode-1/data/ratis/9eb08446-0c1f-43f0-a161-b783aa89886c does not exist. Creating ...
2019-09-05 11:06:12,011 [pool-419-thread-1] INFO  storage.RaftStorageDirectory (RaftStorageDirectory.java:tryLock(328)) - Lock on /workdir/hadoop-ozone/integration-test/target/test-dir/MiniOzoneClusterImpl-06581d8d-c2e4-4d94-a862-518568baa486/datanode-1/data/ratis/9eb08446-0c1f-43f0-a161-b783aa89886c/in_use.lock acquired by nodename 23600@pr-hdds-1561-gm47z-337254333
2019-09-05 11:06:12,036 [pool-419-thread-1] INFO  storage.RaftStorage (RaftStorage.java:format(72)) - Storage directory /workdir/hadoop-ozone/integration-test/target/test-dir/MiniOzoneClusterImpl-06581d8d-c2e4-4d94-a862-518568baa486/datanode-1/data/ratis/9eb08446-0c1f-43f0-a161-b783aa89886c has been successfully formatted.
2019-09-05 11:06:12,037 [pool-419-thread-1] INFO  ratis.ContainerStateMachine (ContainerStateMachine.java:loadSnapshot(232)) - group-B783AA89886C: The snapshot info is null. Setting the last applied indexto:(t:0, i:~)
2019-09-05 11:06:12,037 [pool-419-thread-1] INFO  server.RaftServerConfigKeys (ConfUtils.java:logGet(43)) - raft.server.notification.no-leader.timeout = 120s (custom)
2019-09-05 11:06:12,037 [pool-419-thread-1] INFO  server.RaftServerConfigKeys (ConfUtils.java:logGet(43)) - raft.server.log.use.memory = false (default)
2019-09-05 11:06:12,037 [pool-419-thread-1] INFO  server.RaftServerConfigKeys (ConfUtils.java:logGet(43)) - raft.server.log.purge.gap = 1000000 (custom)
2019-09-05 11:06:12,037 [pool-419-thread-1] INFO  server.RaftServerConfigKeys (ConfUtils.java:logGet(43)) - raft.server.log.appender.buffer.byte-limit = 33554432 (custom)
2019-09-05 11:06:12,037 [pool-419-thread-1] INFO  server.RaftServerConfigKeys (ConfUtils.java:logGet(43)) - raft.server.log.segment.size.max = 1048576 (custom)
2019-09-05 11:06:12,037 [pool-419-thread-1] INFO  server.RaftServerConfigKeys (ConfUtils.java:logGet(43)) - raft.server.log.segment.cache.num.max = 2 (custom)
2019-09-05 11:06:12,037 [pool-419-thread-1] INFO  segmented.SegmentedRaftLogWorker (SegmentedRaftLogWorker.java:<init>(172)) - new 6cb8c19f-8595-423c-829a-79f04dbd8de3@group-B783AA89886C-SegmentedRaftLogWorker for RaftStorage:Storage Directory /workdir/hadoop-ozone/integration-test/target/test-dir/MiniOzoneClusterImpl-06581d8d-c2e4-4d94-a862-518568baa486/datanode-1/data/ratis/9eb08446-0c1f-43f0-a161-b783aa89886c
2019-09-05 11:06:12,039 [pool-419-thread-1] INFO  server.RaftServerConfigKeys (ConfUtils.java:logGet(43)) - raft.server.log.queue.byte-limit = 2147483647 (custom)
2019-09-05 11:06:12,039 [pool-419-thread-1] INFO  server.RaftServerConfigKeys (ConfUtils.java:logGet(43)) - raft.server.log.queue.element-limit = 1024 (custom)
2019-09-05 11:06:12,039 [pool-419-thread-1] INFO  server.RaftServerConfigKeys (ConfUtils.java:logGet(43)) - raft.server.log.segment.size.max = 1048576 (custom)
2019-09-05 11:06:12,039 [pool-419-thread-1] INFO  server.RaftServerConfigKeys (ConfUtils.java:logGet(43)) - raft.server.log.preallocated.size = 16384 (custom)
2019-09-05 11:06:12,039 [pool-419-thread-1] INFO  server.RaftServerConfigKeys (ConfUtils.java:logGet(43)) - raft.server.log.write.buffer.size = 33554432 (custom)
2019-09-05 11:06:12,039 [pool-419-thread-1] INFO  server.RaftServerConfigKeys (ConfUtils.java:logGet(43)) - raft.server.log.force.sync.num = 128 (default)
2019-09-05 11:06:12,039 [pool-419-thread-1] INFO  server.RaftServerConfigKeys (ConfUtils.java:logGet(43)) - raft.server.log.statemachine.data.sync = true (default)
2019-09-05 11:06:12,040 [pool-419-thread-1] INFO  server.RaftServerConfigKeys (ConfUtils.java:logGet(43)) - raft.server.log.statemachine.data.sync.timeout = 10s (default)
2019-09-05 11:06:12,040 [pool-419-thread-1] INFO  server.RaftServerConfigKeys (ConfUtils.java:logGet(43)) - raft.server.log.statemachine.data.sync.timeout.retry = -1 (default)
2019-09-05 11:06:12,040 [pool-419-thread-1] INFO  server.RaftServerConfigKeys (ConfUtils.java:logGet(43)) - raft.server.log.statemachine.data.caching.enabled = true (custom)
2019-09-05 11:06:12,040 [pool-419-thread-1] INFO  segmented.SegmentedRaftLogWorker (SegmentedRaftLogWorker.java:lambda$new$0(132)) - 6cb8c19f-8595-423c-829a-79f04dbd8de3@group-B783AA89886C-SegmentedRaftLogWorker: flushIndex: setUnconditionally 0 -> -1
2019-09-05 11:06:12,040 [pool-419-thread-1] INFO  server.RaftServerConfigKeys (ConfUtils.java:logGet(43)) - raft.server.snapshot.auto.trigger.enabled = true (custom)
2019-09-05 11:06:12,040 [pool-419-thread-1] INFO  server.RaftServerConfigKeys (ConfUtils.java:logGet(43)) - raft.server.snapshot.auto.trigger.threshold = 10000 (custom)
2019-09-05 11:06:12,040 [pool-419-thread-1] INFO  server.RaftServerConfigKeys (ConfUtils.java:logGet(43)) - raft.server.snapshot.retention.num.files = -1 (default)
2019-09-05 11:06:12,040 [pool-419-thread-1] INFO  server.RaftServerConfigKeys (ConfUtils.java:logGet(43)) - raft.server.retrycache.expirytime = 600000ms (custom)
2019-09-05 11:06:12,042 [pool-419-thread-1] INFO  impl.RaftServerImpl (RaftServerImpl.java:start(185)) - 6cb8c19f-8595-423c-829a-79f04dbd8de3@group-B783AA89886C: start as a follower, conf=-1: [6cb8c19f-8595-423c-829a-79f04dbd8de3:192.168.36.83:38750], old=null
2019-09-05 11:06:12,042 [pool-419-thread-1] INFO  impl.RaftServerImpl (RaftServerImpl.java:setRole(174)) - 6cb8c19f-8595-423c-829a-79f04dbd8de3@group-B783AA89886C: changes role from      null to FOLLOWER at term 0 for startAsFollower
2019-09-05 11:06:12,042 [pool-419-thread-1] INFO  impl.RoleInfo (RoleInfo.java:updateAndGet(143)) - 6cb8c19f-8595-423c-829a-79f04dbd8de3: start FollowerState
2019-09-05 11:06:12,042 [pool-419-thread-1] INFO  util.JmxRegister (JmxRegister.java:tryRegister(44)) - Successfully registered JMX Bean with object name Ratis:service=RaftServer,group=group-B783AA89886C,id=6cb8c19f-8595-423c-829a-79f04dbd8de3
2019-09-05 11:06:12,047 [RatisPipelineUtilsThread] INFO  pipeline.PipelineStateManager (PipelineStateManager.java:addPipeline(56)) - Created pipeline Pipeline[ Id: 9eb08446-0c1f-43f0-a161-b783aa89886c, Nodes: 6cb8c19f-8595-423c-829a-79f04dbd8de3{ip: 192.168.36.83, host: pr-hdds-1561-gm47z-337254333, networkLocation: /default-rack, certSerialId: null}, Type:RATIS, Factor:ONE, State:OPEN]
2019-09-05 11:06:12,055 [grpc-default-executor-10] INFO  impl.RaftServerProxy (RaftServerProxy.java:addNew(89)) - 89f16946-17a7-47cd-87e0-140db9ee23a2: addNew group-69A34162831A:[89f16946-17a7-47cd-87e0-140db9ee23a2:192.168.36.83:33461] returns group-69A34162831A:java.util.concurrent.CompletableFuture@6e44ca26[Not completed]
2019-09-05 11:06:12,055 [pool-429-thread-1] INFO  impl.RaftServerImpl (RaftServerImpl.java:<init>(95)) - 89f16946-17a7-47cd-87e0-140db9ee23a2: new RaftServerImpl for group-69A34162831A:[89f16946-17a7-47cd-87e0-140db9ee23a2:192.168.36.83:33461] with ContainerStateMachine:uninitialized
2019-09-05 11:06:12,056 [pool-429-thread-1] INFO  server.RaftServerConfigKeys (ConfUtils.java:logGet(43)) - raft.server.rpc.timeout.min = 5s (custom)
2019-09-05 11:06:12,056 [pool-429-thread-1] INFO  server.RaftServerConfigKeys (ConfUtils.java:logGet(43)) - raft.server.rpc.timeout.max = 5200ms (custom)
2019-09-05 11:06:12,056 [pool-429-thread-1] INFO  server.RaftServerConfigKeys (ConfUtils.java:logGet(43)) - raft.server.rpcslowness.timeout = 120s (custom)
2019-09-05 11:06:12,056 [pool-429-thread-1] INFO  server.RaftServerConfigKeys (ConfUtils.java:logGet(43)) - raft.server.sleep.deviation.threshold = 300 (default)
2019-09-05 11:06:12,056 [pool-429-thread-1] INFO  server.RaftServerConfigKeys (ConfUtils.java:logGet(43)) - raft.server.log.appender.install.snapshot.enabled = false (custom)
2019-09-05 11:06:12,056 [pool-429-thread-1] INFO  impl.RaftServerImpl (ServerState.java:<init>(103)) - 89f16946-17a7-47cd-87e0-140db9ee23a2@group-69A34162831A: ConfigurationManager, init=-1: [89f16946-17a7-47cd-87e0-140db9ee23a2:192.168.36.83:33461], old=null, confs=<EMPTY_MAP>
2019-09-05 11:06:12,056 [pool-429-thread-1] INFO  server.RaftServerConfigKeys (ConfUtils.java:logGet(43)) - raft.server.storage.dir = [/workdir/hadoop-ozone/integration-test/target/test-dir/MiniOzoneClusterImpl-06581d8d-c2e4-4d94-a862-518568baa486/datanode-2/data/ratis] (custom)
2019-09-05 11:06:12,056 [pool-429-thread-1] INFO  storage.RaftStorageDirectory (RaftStorageDirectory.java:analyzeStorage(246)) - The storage directory /workdir/hadoop-ozone/integration-test/target/test-dir/MiniOzoneClusterImpl-06581d8d-c2e4-4d94-a862-518568baa486/datanode-2/data/ratis/2906686e-c104-4e5d-a1a9-69a34162831a does not exist. Creating ...
2019-09-05 11:06:12,097 [pool-429-thread-1] INFO  storage.RaftStorageDirectory (RaftStorageDirectory.java:tryLock(328)) - Lock on /workdir/hadoop-ozone/integration-test/target/test-dir/MiniOzoneClusterImpl-06581d8d-c2e4-4d94-a862-518568baa486/datanode-2/data/ratis/2906686e-c104-4e5d-a1a9-69a34162831a/in_use.lock acquired by nodename 23600@pr-hdds-1561-gm47z-337254333
2019-09-05 11:06:12,123 [pool-429-thread-1] INFO  storage.RaftStorage (RaftStorage.java:format(72)) - Storage directory /workdir/hadoop-ozone/integration-test/target/test-dir/MiniOzoneClusterImpl-06581d8d-c2e4-4d94-a862-518568baa486/datanode-2/data/ratis/2906686e-c104-4e5d-a1a9-69a34162831a has been successfully formatted.
2019-09-05 11:06:12,123 [pool-429-thread-1] INFO  ratis.ContainerStateMachine (ContainerStateMachine.java:loadSnapshot(232)) - group-69A34162831A: The snapshot info is null. Setting the last applied indexto:(t:0, i:~)
2019-09-05 11:06:12,123 [pool-429-thread-1] INFO  server.RaftServerConfigKeys (ConfUtils.java:logGet(43)) - raft.server.notification.no-leader.timeout = 120s (custom)
2019-09-05 11:06:12,123 [pool-429-thread-1] INFO  server.RaftServerConfigKeys (ConfUtils.java:logGet(43)) - raft.server.log.use.memory = false (default)
2019-09-05 11:06:12,124 [pool-429-thread-1] INFO  server.RaftServerConfigKeys (ConfUtils.java:logGet(43)) - raft.server.log.purge.gap = 1000000 (custom)
2019-09-05 11:06:12,124 [pool-429-thread-1] INFO  server.RaftServerConfigKeys (ConfUtils.java:logGet(43)) - raft.server.log.appender.buffer.byte-limit = 33554432 (custom)
2019-09-05 11:06:12,124 [pool-429-thread-1] INFO  server.RaftServerConfigKeys (ConfUtils.java:logGet(43)) - raft.server.log.segment.size.max = 1048576 (custom)
2019-09-05 11:06:12,124 [pool-429-thread-1] INFO  server.RaftServerConfigKeys (ConfUtils.java:logGet(43)) - raft.server.log.segment.cache.num.max = 2 (custom)
2019-09-05 11:06:12,124 [pool-429-thread-1] INFO  segmented.SegmentedRaftLogWorker (SegmentedRaftLogWorker.java:<init>(172)) - new 89f16946-17a7-47cd-87e0-140db9ee23a2@group-69A34162831A-SegmentedRaftLogWorker for RaftStorage:Storage Directory /workdir/hadoop-ozone/integration-test/target/test-dir/MiniOzoneClusterImpl-06581d8d-c2e4-4d94-a862-518568baa486/datanode-2/data/ratis/2906686e-c104-4e5d-a1a9-69a34162831a
2019-09-05 11:06:12,125 [pool-429-thread-1] INFO  server.RaftServerConfigKeys (ConfUtils.java:logGet(43)) - raft.server.log.queue.byte-limit = 2147483647 (custom)
2019-09-05 11:06:12,125 [pool-429-thread-1] INFO  server.RaftServerConfigKeys (ConfUtils.java:logGet(43)) - raft.server.log.queue.element-limit = 1024 (custom)
2019-09-05 11:06:12,126 [pool-429-thread-1] INFO  server.RaftServerConfigKeys (ConfUtils.java:logGet(43)) - raft.server.log.segment.size.max = 1048576 (custom)
2019-09-05 11:06:12,126 [pool-429-thread-1] INFO  server.RaftServerConfigKeys (ConfUtils.java:logGet(43)) - raft.server.log.preallocated.size = 16384 (custom)
2019-09-05 11:06:12,126 [pool-429-thread-1] INFO  server.RaftServerConfigKeys (ConfUtils.java:logGet(43)) - raft.server.log.write.buffer.size = 33554432 (custom)
2019-09-05 11:06:12,126 [pool-429-thread-1] INFO  server.RaftServerConfigKeys (ConfUtils.java:logGet(43)) - raft.server.log.force.sync.num = 128 (default)
2019-09-05 11:06:12,126 [pool-429-thread-1] INFO  server.RaftServerConfigKeys (ConfUtils.java:logGet(43)) - raft.server.log.statemachine.data.sync = true (default)
2019-09-05 11:06:12,126 [pool-429-thread-1] INFO  server.RaftServerConfigKeys (ConfUtils.java:logGet(43)) - raft.server.log.statemachine.data.sync.timeout = 10s (default)
2019-09-05 11:06:12,126 [pool-429-thread-1] INFO  server.RaftServerConfigKeys (ConfUtils.java:logGet(43)) - raft.server.log.statemachine.data.sync.timeout.retry = -1 (default)
2019-09-05 11:06:12,126 [pool-429-thread-1] INFO  server.RaftServerConfigKeys (ConfUtils.java:logGet(43)) - raft.server.log.statemachine.data.caching.enabled = true (custom)
2019-09-05 11:06:12,126 [pool-429-thread-1] INFO  segmented.SegmentedRaftLogWorker (SegmentedRaftLogWorker.java:lambda$new$0(132)) - 89f16946-17a7-47cd-87e0-140db9ee23a2@group-69A34162831A-SegmentedRaftLogWorker: flushIndex: setUnconditionally 0 -> -1
2019-09-05 11:06:12,127 [pool-429-thread-1] INFO  server.RaftServerConfigKeys (ConfUtils.java:logGet(43)) - raft.server.snapshot.auto.trigger.enabled = true (custom)
2019-09-05 11:06:12,127 [pool-429-thread-1] INFO  server.RaftServerConfigKeys (ConfUtils.java:logGet(43)) - raft.server.snapshot.auto.trigger.threshold = 10000 (custom)
2019-09-05 11:06:12,127 [pool-429-thread-1] INFO  server.RaftServerConfigKeys (ConfUtils.java:logGet(43)) - raft.server.snapshot.retention.num.files = -1 (default)
2019-09-05 11:06:12,127 [pool-429-thread-1] INFO  server.RaftServerConfigKeys (ConfUtils.java:logGet(43)) - raft.server.retrycache.expirytime = 600000ms (custom)
2019-09-05 11:06:12,128 [pool-429-thread-1] INFO  impl.RaftServerImpl (RaftServerImpl.java:start(185)) - 89f16946-17a7-47cd-87e0-140db9ee23a2@group-69A34162831A: start as a follower, conf=-1: [89f16946-17a7-47cd-87e0-140db9ee23a2:192.168.36.83:33461], old=null
2019-09-05 11:06:12,128 [pool-429-thread-1] INFO  impl.RaftServerImpl (RaftServerImpl.java:setRole(174)) - 89f16946-17a7-47cd-87e0-140db9ee23a2@group-69A34162831A: changes role from      null to FOLLOWER at term 0 for startAsFollower
2019-09-05 11:06:12,128 [pool-429-thread-1] INFO  impl.RoleInfo (RoleInfo.java:updateAndGet(143)) - 89f16946-17a7-47cd-87e0-140db9ee23a2: start FollowerState
2019-09-05 11:06:12,129 [pool-429-thread-1] INFO  util.JmxRegister (JmxRegister.java:tryRegister(44)) - Successfully registered JMX Bean with object name Ratis:service=RaftServer,group=group-69A34162831A,id=89f16946-17a7-47cd-87e0-140db9ee23a2
2019-09-05 11:06:12,134 [RatisPipelineUtilsThread] INFO  pipeline.PipelineStateManager (PipelineStateManager.java:addPipeline(56)) - Created pipeline Pipeline[ Id: 2906686e-c104-4e5d-a1a9-69a34162831a, Nodes: 89f16946-17a7-47cd-87e0-140db9ee23a2{ip: 192.168.36.83, host: pr-hdds-1561-gm47z-337254333, networkLocation: /default-rack, certSerialId: null}, Type:RATIS, Factor:ONE, State:OPEN]
2019-09-05 11:06:12,141 [grpc-default-executor-10] INFO  impl.RaftServerProxy (RaftServerProxy.java:addNew(89)) - fa08243c-f5b4-405f-a071-e3cbc8c99dd0: addNew group-1F31AC3EAA8E:[fa08243c-f5b4-405f-a071-e3cbc8c99dd0:192.168.36.83:34411] returns group-1F31AC3EAA8E:java.util.concurrent.CompletableFuture@1817f46[Not completed]
2019-09-05 11:06:12,142 [pool-449-thread-1] INFO  impl.RaftServerImpl (RaftServerImpl.java:<init>(95)) - fa08243c-f5b4-405f-a071-e3cbc8c99dd0: new RaftServerImpl for group-1F31AC3EAA8E:[fa08243c-f5b4-405f-a071-e3cbc8c99dd0:192.168.36.83:34411] with ContainerStateMachine:uninitialized
2019-09-05 11:06:12,142 [pool-449-thread-1] INFO  server.RaftServerConfigKeys (ConfUtils.java:logGet(43)) - raft.server.rpc.timeout.min = 5s (custom)
2019-09-05 11:06:12,142 [pool-449-thread-1] INFO  server.RaftServerConfigKeys (ConfUtils.java:logGet(43)) - raft.server.rpc.timeout.max = 5200ms (custom)
2019-09-05 11:06:12,142 [pool-449-thread-1] INFO  server.RaftServerConfigKeys (ConfUtils.java:logGet(43)) - raft.server.rpcslowness.timeout = 120s (custom)
2019-09-05 11:06:12,142 [pool-449-thread-1] INFO  server.RaftServerConfigKeys (ConfUtils.java:logGet(43)) - raft.server.sleep.deviation.threshold = 300 (default)
2019-09-05 11:06:12,143 [pool-449-thread-1] INFO  server.RaftServerConfigKeys (ConfUtils.java:logGet(43)) - raft.server.log.appender.install.snapshot.enabled = false (custom)
2019-09-05 11:06:12,143 [pool-449-thread-1] INFO  impl.RaftServerImpl (ServerState.java:<init>(103)) - fa08243c-f5b4-405f-a071-e3cbc8c99dd0@group-1F31AC3EAA8E: ConfigurationManager, init=-1: [fa08243c-f5b4-405f-a071-e3cbc8c99dd0:192.168.36.83:34411], old=null, confs=<EMPTY_MAP>
2019-09-05 11:06:12,143 [pool-449-thread-1] INFO  server.RaftServerConfigKeys (ConfUtils.java:logGet(43)) - raft.server.storage.dir = [/workdir/hadoop-ozone/integration-test/target/test-dir/MiniOzoneClusterImpl-06581d8d-c2e4-4d94-a862-518568baa486/datanode-4/data/ratis] (custom)
2019-09-05 11:06:12,143 [pool-449-thread-1] INFO  storage.RaftStorageDirectory (RaftStorageDirectory.java:analyzeStorage(246)) - The storage directory /workdir/hadoop-ozone/integration-test/target/test-dir/MiniOzoneClusterImpl-06581d8d-c2e4-4d94-a862-518568baa486/datanode-4/data/ratis/ea3772ca-b73b-474a-824b-1f31ac3eaa8e does not exist. Creating ...
2019-09-05 11:06:12,174 [pool-449-thread-1] INFO  storage.RaftStorageDirectory (RaftStorageDirectory.java:tryLock(328)) - Lock on /workdir/hadoop-ozone/integration-test/target/test-dir/MiniOzoneClusterImpl-06581d8d-c2e4-4d94-a862-518568baa486/datanode-4/data/ratis/ea3772ca-b73b-474a-824b-1f31ac3eaa8e/in_use.lock acquired by nodename 23600@pr-hdds-1561-gm47z-337254333
2019-09-05 11:06:12,200 [pool-449-thread-1] INFO  storage.RaftStorage (RaftStorage.java:format(72)) - Storage directory /workdir/hadoop-ozone/integration-test/target/test-dir/MiniOzoneClusterImpl-06581d8d-c2e4-4d94-a862-518568baa486/datanode-4/data/ratis/ea3772ca-b73b-474a-824b-1f31ac3eaa8e has been successfully formatted.
2019-09-05 11:06:12,201 [pool-449-thread-1] INFO  ratis.ContainerStateMachine (ContainerStateMachine.java:loadSnapshot(232)) - group-1F31AC3EAA8E: The snapshot info is null. Setting the last applied indexto:(t:0, i:~)
2019-09-05 11:06:12,201 [pool-449-thread-1] INFO  server.RaftServerConfigKeys (ConfUtils.java:logGet(43)) - raft.server.notification.no-leader.timeout = 120s (custom)
2019-09-05 11:06:12,201 [pool-449-thread-1] INFO  server.RaftServerConfigKeys (ConfUtils.java:logGet(43)) - raft.server.log.use.memory = false (default)
2019-09-05 11:06:12,201 [pool-449-thread-1] INFO  server.RaftServerConfigKeys (ConfUtils.java:logGet(43)) - raft.server.log.purge.gap = 1000000 (custom)
2019-09-05 11:06:12,201 [pool-449-thread-1] INFO  server.RaftServerConfigKeys (ConfUtils.java:logGet(43)) - raft.server.log.appender.buffer.byte-limit = 33554432 (custom)
2019-09-05 11:06:12,201 [pool-449-thread-1] INFO  server.RaftServerConfigKeys (ConfUtils.java:logGet(43)) - raft.server.log.segment.size.max = 1048576 (custom)
2019-09-05 11:06:12,201 [pool-449-thread-1] INFO  server.RaftServerConfigKeys (ConfUtils.java:logGet(43)) - raft.server.log.segment.cache.num.max = 2 (custom)
2019-09-05 11:06:12,201 [pool-449-thread-1] INFO  segmented.SegmentedRaftLogWorker (SegmentedRaftLogWorker.java:<init>(172)) - new fa08243c-f5b4-405f-a071-e3cbc8c99dd0@group-1F31AC3EAA8E-SegmentedRaftLogWorker for RaftStorage:Storage Directory /workdir/hadoop-ozone/integration-test/target/test-dir/MiniOzoneClusterImpl-06581d8d-c2e4-4d94-a862-518568baa486/datanode-4/data/ratis/ea3772ca-b73b-474a-824b-1f31ac3eaa8e
2019-09-05 11:06:12,203 [pool-449-thread-1] INFO  server.RaftServerConfigKeys (ConfUtils.java:logGet(43)) - raft.server.log.queue.byte-limit = 2147483647 (custom)
2019-09-05 11:06:12,203 [pool-449-thread-1] INFO  server.RaftServerConfigKeys (ConfUtils.java:logGet(43)) - raft.server.log.queue.element-limit = 1024 (custom)
2019-09-05 11:06:12,203 [pool-449-thread-1] INFO  server.RaftServerConfigKeys (ConfUtils.java:logGet(43)) - raft.server.log.segment.size.max = 1048576 (custom)
2019-09-05 11:06:12,203 [pool-449-thread-1] INFO  server.RaftServerConfigKeys (ConfUtils.java:logGet(43)) - raft.server.log.preallocated.size = 16384 (custom)
2019-09-05 11:06:12,203 [pool-449-thread-1] INFO  server.RaftServerConfigKeys (ConfUtils.java:logGet(43)) - raft.server.log.write.buffer.size = 33554432 (custom)
2019-09-05 11:06:12,203 [pool-449-thread-1] INFO  server.RaftServerConfigKeys (ConfUtils.java:logGet(43)) - raft.server.log.force.sync.num = 128 (default)
2019-09-05 11:06:12,203 [pool-449-thread-1] INFO  server.RaftServerConfigKeys (ConfUtils.java:logGet(43)) - raft.server.log.statemachine.data.sync = true (default)
2019-09-05 11:06:12,204 [pool-449-thread-1] INFO  server.RaftServerConfigKeys (ConfUtils.java:logGet(43)) - raft.server.log.statemachine.data.sync.timeout = 10s (default)
2019-09-05 11:06:12,204 [pool-449-thread-1] INFO  server.RaftServerConfigKeys (ConfUtils.java:logGet(43)) - raft.server.log.statemachine.data.sync.timeout.retry = -1 (default)
2019-09-05 11:06:12,204 [pool-449-thread-1] INFO  server.RaftServerConfigKeys (ConfUtils.java:logGet(43)) - raft.server.log.statemachine.data.caching.enabled = true (custom)
2019-09-05 11:06:12,204 [pool-449-thread-1] INFO  segmented.SegmentedRaftLogWorker (SegmentedRaftLogWorker.java:lambda$new$0(132)) - fa08243c-f5b4-405f-a071-e3cbc8c99dd0@group-1F31AC3EAA8E-SegmentedRaftLogWorker: flushIndex: setUnconditionally 0 -> -1
2019-09-05 11:06:12,204 [pool-449-thread-1] INFO  server.RaftServerConfigKeys (ConfUtils.java:logGet(43)) - raft.server.snapshot.auto.trigger.enabled = true (custom)
2019-09-05 11:06:12,204 [pool-449-thread-1] INFO  server.RaftServerConfigKeys (ConfUtils.java:logGet(43)) - raft.server.snapshot.auto.trigger.threshold = 10000 (custom)
2019-09-05 11:06:12,205 [pool-449-thread-1] INFO  server.RaftServerConfigKeys (ConfUtils.java:logGet(43)) - raft.server.snapshot.retention.num.files = -1 (default)
2019-09-05 11:06:12,205 [pool-449-thread-1] INFO  server.RaftServerConfigKeys (ConfUtils.java:logGet(43)) - raft.server.retrycache.expirytime = 600000ms (custom)
2019-09-05 11:06:12,206 [pool-449-thread-1] INFO  impl.RaftServerImpl (RaftServerImpl.java:start(185)) - fa08243c-f5b4-405f-a071-e3cbc8c99dd0@group-1F31AC3EAA8E: start as a follower, conf=-1: [fa08243c-f5b4-405f-a071-e3cbc8c99dd0:192.168.36.83:34411], old=null
2019-09-05 11:06:12,206 [pool-449-thread-1] INFO  impl.RaftServerImpl (RaftServerImpl.java:setRole(174)) - fa08243c-f5b4-405f-a071-e3cbc8c99dd0@group-1F31AC3EAA8E: changes role from      null to FOLLOWER at term 0 for startAsFollower
2019-09-05 11:06:12,206 [pool-449-thread-1] INFO  impl.RoleInfo (RoleInfo.java:updateAndGet(143)) - fa08243c-f5b4-405f-a071-e3cbc8c99dd0: start FollowerState
2019-09-05 11:06:12,214 [pool-449-thread-1] INFO  util.JmxRegister (JmxRegister.java:tryRegister(44)) - Successfully registered JMX Bean with object name Ratis:service=RaftServer,group=group-1F31AC3EAA8E,id=fa08243c-f5b4-405f-a071-e3cbc8c99dd0
2019-09-05 11:06:12,227 [RatisPipelineUtilsThread] INFO  pipeline.PipelineStateManager (PipelineStateManager.java:addPipeline(56)) - Created pipeline Pipeline[ Id: ea3772ca-b73b-474a-824b-1f31ac3eaa8e, Nodes: fa08243c-f5b4-405f-a071-e3cbc8c99dd0{ip: 192.168.36.83, host: pr-hdds-1561-gm47z-337254333, networkLocation: /default-rack, certSerialId: null}, Type:RATIS, Factor:ONE, State:OPEN]
2019-09-05 11:06:12,240 [grpc-default-executor-6] INFO  impl.RaftServerProxy (RaftServerProxy.java:addNew(89)) - 4fc6afb9-3f9c-4be8-93ce-657a33e3c6ff: addNew group-A05EB53D3152:[4fc6afb9-3f9c-4be8-93ce-657a33e3c6ff:192.168.36.83:46330, e3a08138-bcbc-4acb-87dc-f1195608ab57:192.168.36.83:36559, 91f1ec4b-d07c-4bfe-85d9-e7c7373ee128:192.168.36.83:38975] returns group-A05EB53D3152:java.util.concurrent.CompletableFuture@68e66342[Not completed]
2019-09-05 11:06:12,240 [grpc-default-executor-8] INFO  impl.RaftServerProxy (RaftServerProxy.java:addNew(89)) - 91f1ec4b-d07c-4bfe-85d9-e7c7373ee128: addNew group-A05EB53D3152:[4fc6afb9-3f9c-4be8-93ce-657a33e3c6ff:192.168.36.83:46330, e3a08138-bcbc-4acb-87dc-f1195608ab57:192.168.36.83:36559, 91f1ec4b-d07c-4bfe-85d9-e7c7373ee128:192.168.36.83:38975] returns group-A05EB53D3152:java.util.concurrent.CompletableFuture@21050fbd[Not completed]
2019-09-05 11:06:12,240 [grpc-default-executor-6] INFO  impl.RaftServerProxy (RaftServerProxy.java:addNew(89)) - e3a08138-bcbc-4acb-87dc-f1195608ab57: addNew group-A05EB53D3152:[4fc6afb9-3f9c-4be8-93ce-657a33e3c6ff:192.168.36.83:46330, e3a08138-bcbc-4acb-87dc-f1195608ab57:192.168.36.83:36559, 91f1ec4b-d07c-4bfe-85d9-e7c7373ee128:192.168.36.83:38975] returns group-A05EB53D3152:java.util.concurrent.CompletableFuture@1f92410d[Not completed]
2019-09-05 11:06:12,241 [pool-459-thread-1] INFO  impl.RaftServerImpl (RaftServerImpl.java:<init>(95)) - 4fc6afb9-3f9c-4be8-93ce-657a33e3c6ff: new RaftServerImpl for group-A05EB53D3152:[4fc6afb9-3f9c-4be8-93ce-657a33e3c6ff:192.168.36.83:46330, e3a08138-bcbc-4acb-87dc-f1195608ab57:192.168.36.83:36559, 91f1ec4b-d07c-4bfe-85d9-e7c7373ee128:192.168.36.83:38975] with ContainerStateMachine:uninitialized
2019-09-05 11:06:12,242 [pool-459-thread-1] INFO  server.RaftServerConfigKeys (ConfUtils.java:logGet(43)) - raft.server.rpc.timeout.min = 5s (custom)
2019-09-05 11:06:12,242 [pool-459-thread-1] INFO  server.RaftServerConfigKeys (ConfUtils.java:logGet(43)) - raft.server.rpc.timeout.max = 5200ms (custom)
2019-09-05 11:06:12,242 [pool-459-thread-1] INFO  server.RaftServerConfigKeys (ConfUtils.java:logGet(43)) - raft.server.rpcslowness.timeout = 120s (custom)
2019-09-05 11:06:12,242 [pool-409-thread-1] INFO  impl.RaftServerImpl (RaftServerImpl.java:<init>(95)) - 91f1ec4b-d07c-4bfe-85d9-e7c7373ee128: new RaftServerImpl for group-A05EB53D3152:[4fc6afb9-3f9c-4be8-93ce-657a33e3c6ff:192.168.36.83:46330, e3a08138-bcbc-4acb-87dc-f1195608ab57:192.168.36.83:36559, 91f1ec4b-d07c-4bfe-85d9-e7c7373ee128:192.168.36.83:38975] with ContainerStateMachine:uninitialized
2019-09-05 11:06:12,242 [pool-459-thread-1] INFO  server.RaftServerConfigKeys (ConfUtils.java:logGet(43)) - raft.server.sleep.deviation.threshold = 300 (default)
2019-09-05 11:06:12,242 [pool-409-thread-1] INFO  server.RaftServerConfigKeys (ConfUtils.java:logGet(43)) - raft.server.rpc.timeout.min = 5s (custom)
2019-09-05 11:06:12,245 [pool-459-thread-1] INFO  server.RaftServerConfigKeys (ConfUtils.java:logGet(43)) - raft.server.log.appender.install.snapshot.enabled = false (custom)
2019-09-05 11:06:12,248 [pool-409-thread-1] INFO  server.RaftServerConfigKeys (ConfUtils.java:logGet(43)) - raft.server.rpc.timeout.max = 5200ms (custom)
2019-09-05 11:06:12,248 [pool-459-thread-1] INFO  impl.RaftServerImpl (ServerState.java:<init>(103)) - 4fc6afb9-3f9c-4be8-93ce-657a33e3c6ff@group-A05EB53D3152: ConfigurationManager, init=-1: [4fc6afb9-3f9c-4be8-93ce-657a33e3c6ff:192.168.36.83:46330, e3a08138-bcbc-4acb-87dc-f1195608ab57:192.168.36.83:36559, 91f1ec4b-d07c-4bfe-85d9-e7c7373ee128:192.168.36.83:38975], old=null, confs=<EMPTY_MAP>
2019-09-05 11:06:12,248 [pool-409-thread-1] INFO  server.RaftServerConfigKeys (ConfUtils.java:logGet(43)) - raft.server.rpcslowness.timeout = 120s (custom)
2019-09-05 11:06:12,249 [pool-459-thread-1] INFO  server.RaftServerConfigKeys (ConfUtils.java:logGet(43)) - raft.server.storage.dir = [/workdir/hadoop-ozone/integration-test/target/test-dir/MiniOzoneClusterImpl-06581d8d-c2e4-4d94-a862-518568baa486/datanode-5/data/ratis] (custom)
2019-09-05 11:06:12,249 [pool-409-thread-1] INFO  server.RaftServerConfigKeys (ConfUtils.java:logGet(43)) - raft.server.sleep.deviation.threshold = 300 (default)
2019-09-05 11:06:12,249 [pool-409-thread-1] INFO  server.RaftServerConfigKeys (ConfUtils.java:logGet(43)) - raft.server.log.appender.install.snapshot.enabled = false (custom)
2019-09-05 11:06:12,249 [pool-469-thread-1] INFO  impl.RaftServerImpl (RaftServerImpl.java:<init>(95)) - e3a08138-bcbc-4acb-87dc-f1195608ab57: new RaftServerImpl for group-A05EB53D3152:[4fc6afb9-3f9c-4be8-93ce-657a33e3c6ff:192.168.36.83:46330, e3a08138-bcbc-4acb-87dc-f1195608ab57:192.168.36.83:36559, 91f1ec4b-d07c-4bfe-85d9-e7c7373ee128:192.168.36.83:38975] with ContainerStateMachine:uninitialized
2019-09-05 11:06:12,249 [pool-409-thread-1] INFO  impl.RaftServerImpl (ServerState.java:<init>(103)) - 91f1ec4b-d07c-4bfe-85d9-e7c7373ee128@group-A05EB53D3152: ConfigurationManager, init=-1: [4fc6afb9-3f9c-4be8-93ce-657a33e3c6ff:192.168.36.83:46330, e3a08138-bcbc-4acb-87dc-f1195608ab57:192.168.36.83:36559, 91f1ec4b-d07c-4bfe-85d9-e7c7373ee128:192.168.36.83:38975], old=null, confs=<EMPTY_MAP>
2019-09-05 11:06:12,249 [pool-459-thread-1] INFO  storage.RaftStorageDirectory (RaftStorageDirectory.java:analyzeStorage(246)) - The storage directory /workdir/hadoop-ozone/integration-test/target/test-dir/MiniOzoneClusterImpl-06581d8d-c2e4-4d94-a862-518568baa486/datanode-5/data/ratis/c72930a9-1d25-4188-aa9d-a05eb53d3152 does not exist. Creating ...
2019-09-05 11:06:12,249 [pool-409-thread-1] INFO  server.RaftServerConfigKeys (ConfUtils.java:logGet(43)) - raft.server.storage.dir = [/workdir/hadoop-ozone/integration-test/target/test-dir/MiniOzoneClusterImpl-06581d8d-c2e4-4d94-a862-518568baa486/datanode-0/data/ratis] (custom)
2019-09-05 11:06:12,249 [pool-469-thread-1] INFO  server.RaftServerConfigKeys (ConfUtils.java:logGet(43)) - raft.server.rpc.timeout.min = 5s (custom)
2019-09-05 11:06:12,250 [pool-469-thread-1] INFO  server.RaftServerConfigKeys (ConfUtils.java:logGet(43)) - raft.server.rpc.timeout.max = 5200ms (custom)
2019-09-05 11:06:12,250 [pool-409-thread-1] INFO  storage.RaftStorageDirectory (RaftStorageDirectory.java:analyzeStorage(246)) - The storage directory /workdir/hadoop-ozone/integration-test/target/test-dir/MiniOzoneClusterImpl-06581d8d-c2e4-4d94-a862-518568baa486/datanode-0/data/ratis/c72930a9-1d25-4188-aa9d-a05eb53d3152 does not exist. Creating ...
2019-09-05 11:06:12,250 [pool-469-thread-1] INFO  server.RaftServerConfigKeys (ConfUtils.java:logGet(43)) - raft.server.rpcslowness.timeout = 120s (custom)
2019-09-05 11:06:12,250 [pool-469-thread-1] INFO  server.RaftServerConfigKeys (ConfUtils.java:logGet(43)) - raft.server.sleep.deviation.threshold = 300 (default)
2019-09-05 11:06:12,250 [pool-469-thread-1] INFO  server.RaftServerConfigKeys (ConfUtils.java:logGet(43)) - raft.server.log.appender.install.snapshot.enabled = false (custom)
2019-09-05 11:06:12,251 [pool-469-thread-1] INFO  impl.RaftServerImpl (ServerState.java:<init>(103)) - e3a08138-bcbc-4acb-87dc-f1195608ab57@group-A05EB53D3152: ConfigurationManager, init=-1: [4fc6afb9-3f9c-4be8-93ce-657a33e3c6ff:192.168.36.83:46330, e3a08138-bcbc-4acb-87dc-f1195608ab57:192.168.36.83:36559, 91f1ec4b-d07c-4bfe-85d9-e7c7373ee128:192.168.36.83:38975], old=null, confs=<EMPTY_MAP>
2019-09-05 11:06:12,251 [pool-469-thread-1] INFO  server.RaftServerConfigKeys (ConfUtils.java:logGet(43)) - raft.server.storage.dir = [/workdir/hadoop-ozone/integration-test/target/test-dir/MiniOzoneClusterImpl-06581d8d-c2e4-4d94-a862-518568baa486/datanode-6/data/ratis] (custom)
2019-09-05 11:06:12,251 [pool-469-thread-1] INFO  storage.RaftStorageDirectory (RaftStorageDirectory.java:analyzeStorage(246)) - The storage directory /workdir/hadoop-ozone/integration-test/target/test-dir/MiniOzoneClusterImpl-06581d8d-c2e4-4d94-a862-518568baa486/datanode-6/data/ratis/c72930a9-1d25-4188-aa9d-a05eb53d3152 does not exist. Creating ...
2019-09-05 11:06:12,285 [pool-469-thread-1] INFO  storage.RaftStorageDirectory (RaftStorageDirectory.java:tryLock(328)) - Lock on /workdir/hadoop-ozone/integration-test/target/test-dir/MiniOzoneClusterImpl-06581d8d-c2e4-4d94-a862-518568baa486/datanode-6/data/ratis/c72930a9-1d25-4188-aa9d-a05eb53d3152/in_use.lock acquired by nodename 23600@pr-hdds-1561-gm47z-337254333
2019-09-05 11:06:12,285 [pool-459-thread-1] INFO  storage.RaftStorageDirectory (RaftStorageDirectory.java:tryLock(328)) - Lock on /workdir/hadoop-ozone/integration-test/target/test-dir/MiniOzoneClusterImpl-06581d8d-c2e4-4d94-a862-518568baa486/datanode-5/data/ratis/c72930a9-1d25-4188-aa9d-a05eb53d3152/in_use.lock acquired by nodename 23600@pr-hdds-1561-gm47z-337254333
2019-09-05 11:06:12,285 [pool-409-thread-1] INFO  storage.RaftStorageDirectory (RaftStorageDirectory.java:tryLock(328)) - Lock on /workdir/hadoop-ozone/integration-test/target/test-dir/MiniOzoneClusterImpl-06581d8d-c2e4-4d94-a862-518568baa486/datanode-0/data/ratis/c72930a9-1d25-4188-aa9d-a05eb53d3152/in_use.lock acquired by nodename 23600@pr-hdds-1561-gm47z-337254333
2019-09-05 11:06:12,320 [pool-469-thread-1] INFO  storage.RaftStorage (RaftStorage.java:format(72)) - Storage directory /workdir/hadoop-ozone/integration-test/target/test-dir/MiniOzoneClusterImpl-06581d8d-c2e4-4d94-a862-518568baa486/datanode-6/data/ratis/c72930a9-1d25-4188-aa9d-a05eb53d3152 has been successfully formatted.
2019-09-05 11:06:12,320 [pool-409-thread-1] INFO  storage.RaftStorage (RaftStorage.java:format(72)) - Storage directory /workdir/hadoop-ozone/integration-test/target/test-dir/MiniOzoneClusterImpl-06581d8d-c2e4-4d94-a862-518568baa486/datanode-0/data/ratis/c72930a9-1d25-4188-aa9d-a05eb53d3152 has been successfully formatted.
2019-09-05 11:06:12,321 [pool-469-thread-1] INFO  ratis.ContainerStateMachine (ContainerStateMachine.java:loadSnapshot(232)) - group-A05EB53D3152: The snapshot info is null. Setting the last applied indexto:(t:0, i:~)
2019-09-05 11:06:12,321 [pool-409-thread-1] INFO  ratis.ContainerStateMachine (ContainerStateMachine.java:loadSnapshot(232)) - group-A05EB53D3152: The snapshot info is null. Setting the last applied indexto:(t:0, i:~)
2019-09-05 11:06:12,320 [pool-459-thread-1] INFO  storage.RaftStorage (RaftStorage.java:format(72)) - Storage directory /workdir/hadoop-ozone/integration-test/target/test-dir/MiniOzoneClusterImpl-06581d8d-c2e4-4d94-a862-518568baa486/datanode-5/data/ratis/c72930a9-1d25-4188-aa9d-a05eb53d3152 has been successfully formatted.
2019-09-05 11:06:12,321 [pool-409-thread-1] INFO  server.RaftServerConfigKeys (ConfUtils.java:logGet(43)) - raft.server.notification.no-leader.timeout = 120s (custom)
2019-09-05 11:06:12,321 [pool-459-thread-1] INFO  ratis.ContainerStateMachine (ContainerStateMachine.java:loadSnapshot(232)) - group-A05EB53D3152: The snapshot info is null. Setting the last applied indexto:(t:0, i:~)
2019-09-05 11:06:12,321 [pool-469-thread-1] INFO  server.RaftServerConfigKeys (ConfUtils.java:logGet(43)) - raft.server.notification.no-leader.timeout = 120s (custom)
2019-09-05 11:06:12,322 [pool-459-thread-1] INFO  server.RaftServerConfigKeys (ConfUtils.java:logGet(43)) - raft.server.notification.no-leader.timeout = 120s (custom)
2019-09-05 11:06:12,322 [pool-459-thread-1] INFO  server.RaftServerConfigKeys (ConfUtils.java:logGet(43)) - raft.server.log.use.memory = false (default)
2019-09-05 11:06:12,321 [pool-409-thread-1] INFO  server.RaftServerConfigKeys (ConfUtils.java:logGet(43)) - raft.server.log.use.memory = false (default)
2019-09-05 11:06:12,322 [pool-459-thread-1] INFO  server.RaftServerConfigKeys (ConfUtils.java:logGet(43)) - raft.server.log.purge.gap = 1000000 (custom)
2019-09-05 11:06:12,322 [pool-469-thread-1] INFO  server.RaftServerConfigKeys (ConfUtils.java:logGet(43)) - raft.server.log.use.memory = false (default)
2019-09-05 11:06:12,322 [pool-459-thread-1] INFO  server.RaftServerConfigKeys (ConfUtils.java:logGet(43)) - raft.server.log.appender.buffer.byte-limit = 33554432 (custom)
2019-09-05 11:06:12,322 [pool-409-thread-1] INFO  server.RaftServerConfigKeys (ConfUtils.java:logGet(43)) - raft.server.log.purge.gap = 1000000 (custom)
2019-09-05 11:06:12,323 [pool-459-thread-1] INFO  server.RaftServerConfigKeys (ConfUtils.java:logGet(43)) - raft.server.log.segment.size.max = 1048576 (custom)
2019-09-05 11:06:12,322 [pool-469-thread-1] INFO  server.RaftServerConfigKeys (ConfUtils.java:logGet(43)) - raft.server.log.purge.gap = 1000000 (custom)
2019-09-05 11:06:12,323 [pool-459-thread-1] INFO  server.RaftServerConfigKeys (ConfUtils.java:logGet(43)) - raft.server.log.segment.cache.num.max = 2 (custom)
2019-09-05 11:06:12,323 [pool-409-thread-1] INFO  server.RaftServerConfigKeys (ConfUtils.java:logGet(43)) - raft.server.log.appender.buffer.byte-limit = 33554432 (custom)
2019-09-05 11:06:12,323 [pool-459-thread-1] INFO  segmented.SegmentedRaftLogWorker (SegmentedRaftLogWorker.java:<init>(172)) - new 4fc6afb9-3f9c-4be8-93ce-657a33e3c6ff@group-A05EB53D3152-SegmentedRaftLogWorker for RaftStorage:Storage Directory /workdir/hadoop-ozone/integration-test/target/test-dir/MiniOzoneClusterImpl-06581d8d-c2e4-4d94-a862-518568baa486/datanode-5/data/ratis/c72930a9-1d25-4188-aa9d-a05eb53d3152
2019-09-05 11:06:12,324 [pool-459-thread-1] INFO  server.RaftServerConfigKeys (ConfUtils.java:logGet(43)) - raft.server.log.queue.byte-limit = 2147483647 (custom)
2019-09-05 11:06:12,323 [pool-469-thread-1] INFO  server.RaftServerConfigKeys (ConfUtils.java:logGet(43)) - raft.server.log.appender.buffer.byte-limit = 33554432 (custom)
2019-09-05 11:06:12,324 [pool-459-thread-1] INFO  server.RaftServerConfigKeys (ConfUtils.java:logGet(43)) - raft.server.log.queue.element-limit = 1024 (custom)
2019-09-05 11:06:12,323 [pool-409-thread-1] INFO  server.RaftServerConfigKeys (ConfUtils.java:logGet(43)) - raft.server.log.segment.size.max = 1048576 (custom)
2019-09-05 11:06:12,324 [pool-459-thread-1] INFO  server.RaftServerConfigKeys (ConfUtils.java:logGet(43)) - raft.server.log.segment.size.max = 1048576 (custom)
2019-09-05 11:06:12,324 [pool-469-thread-1] INFO  server.RaftServerConfigKeys (ConfUtils.java:logGet(43)) - raft.server.log.segment.size.max = 1048576 (custom)
2019-09-05 11:06:12,324 [pool-459-thread-1] INFO  server.RaftServerConfigKeys (ConfUtils.java:logGet(43)) - raft.server.log.preallocated.size = 16384 (custom)
2019-09-05 11:06:12,325 [pool-459-thread-1] INFO  server.RaftServerConfigKeys (ConfUtils.java:logGet(43)) - raft.server.log.write.buffer.size = 33554432 (custom)
2019-09-05 11:06:12,324 [pool-409-thread-1] INFO  server.RaftServerConfigKeys (ConfUtils.java:logGet(43)) - raft.server.log.segment.cache.num.max = 2 (custom)
2019-09-05 11:06:12,325 [pool-459-thread-1] INFO  server.RaftServerConfigKeys (ConfUtils.java:logGet(43)) - raft.server.log.force.sync.num = 128 (default)
2019-09-05 11:06:12,325 [pool-459-thread-1] INFO  server.RaftServerConfigKeys (ConfUtils.java:logGet(43)) - raft.server.log.statemachine.data.sync = true (default)
2019-09-05 11:06:12,324 [pool-469-thread-1] INFO  server.RaftServerConfigKeys (ConfUtils.java:logGet(43)) - raft.server.log.segment.cache.num.max = 2 (custom)
2019-09-05 11:06:12,325 [pool-459-thread-1] INFO  server.RaftServerConfigKeys (ConfUtils.java:logGet(43)) - raft.server.log.statemachine.data.sync.timeout = 10s (default)
2019-09-05 11:06:12,325 [pool-409-thread-1] INFO  segmented.SegmentedRaftLogWorker (SegmentedRaftLogWorker.java:<init>(172)) - new 91f1ec4b-d07c-4bfe-85d9-e7c7373ee128@group-A05EB53D3152-SegmentedRaftLogWorker for RaftStorage:Storage Directory /workdir/hadoop-ozone/integration-test/target/test-dir/MiniOzoneClusterImpl-06581d8d-c2e4-4d94-a862-518568baa486/datanode-0/data/ratis/c72930a9-1d25-4188-aa9d-a05eb53d3152
2019-09-05 11:06:12,325 [pool-459-thread-1] INFO  server.RaftServerConfigKeys (ConfUtils.java:logGet(43)) - raft.server.log.statemachine.data.sync.timeout.retry = -1 (default)
2019-09-05 11:06:12,325 [pool-469-thread-1] INFO  segmented.SegmentedRaftLogWorker (SegmentedRaftLogWorker.java:<init>(172)) - new e3a08138-bcbc-4acb-87dc-f1195608ab57@group-A05EB53D3152-SegmentedRaftLogWorker for RaftStorage:Storage Directory /workdir/hadoop-ozone/integration-test/target/test-dir/MiniOzoneClusterImpl-06581d8d-c2e4-4d94-a862-518568baa486/datanode-6/data/ratis/c72930a9-1d25-4188-aa9d-a05eb53d3152
2019-09-05 11:06:12,326 [pool-459-thread-1] INFO  server.RaftServerConfigKeys (ConfUtils.java:logGet(43)) - raft.server.log.statemachine.data.caching.enabled = true (custom)
2019-09-05 11:06:12,326 [pool-409-thread-1] INFO  server.RaftServerConfigKeys (ConfUtils.java:logGet(43)) - raft.server.log.queue.byte-limit = 2147483647 (custom)
2019-09-05 11:06:12,326 [pool-469-thread-1] INFO  server.RaftServerConfigKeys (ConfUtils.java:logGet(43)) - raft.server.log.queue.byte-limit = 2147483647 (custom)
2019-09-05 11:06:12,326 [pool-409-thread-1] INFO  server.RaftServerConfigKeys (ConfUtils.java:logGet(43)) - raft.server.log.queue.element-limit = 1024 (custom)
2019-09-05 11:06:12,326 [pool-459-thread-1] INFO  segmented.SegmentedRaftLogWorker (SegmentedRaftLogWorker.java:lambda$new$0(132)) - 4fc6afb9-3f9c-4be8-93ce-657a33e3c6ff@group-A05EB53D3152-SegmentedRaftLogWorker: flushIndex: setUnconditionally 0 -> -1
2019-09-05 11:06:12,326 [pool-409-thread-1] INFO  server.RaftServerConfigKeys (ConfUtils.java:logGet(43)) - raft.server.log.segment.size.max = 1048576 (custom)
2019-09-05 11:06:12,326 [pool-469-thread-1] INFO  server.RaftServerConfigKeys (ConfUtils.java:logGet(43)) - raft.server.log.queue.element-limit = 1024 (custom)
2019-09-05 11:06:12,327 [pool-459-thread-1] INFO  server.RaftServerConfigKeys (ConfUtils.java:logGet(43)) - raft.server.snapshot.auto.trigger.enabled = true (custom)
2019-09-05 11:06:12,327 [pool-409-thread-1] INFO  server.RaftServerConfigKeys (ConfUtils.java:logGet(43)) - raft.server.log.preallocated.size = 16384 (custom)
2019-09-05 11:06:12,327 [pool-459-thread-1] INFO  server.RaftServerConfigKeys (ConfUtils.java:logGet(43)) - raft.server.snapshot.auto.trigger.threshold = 10000 (custom)
2019-09-05 11:06:12,327 [pool-469-thread-1] INFO  server.RaftServerConfigKeys (ConfUtils.java:logGet(43)) - raft.server.log.segment.size.max = 1048576 (custom)
2019-09-05 11:06:12,327 [pool-459-thread-1] INFO  server.RaftServerConfigKeys (ConfUtils.java:logGet(43)) - raft.server.snapshot.retention.num.files = -1 (default)
2019-09-05 11:06:12,327 [pool-409-thread-1] INFO  server.RaftServerConfigKeys (ConfUtils.java:logGet(43)) - raft.server.log.write.buffer.size = 33554432 (custom)
2019-09-05 11:06:12,328 [pool-459-thread-1] INFO  server.RaftServerConfigKeys (ConfUtils.java:logGet(43)) - raft.server.retrycache.expirytime = 600000ms (custom)
2019-09-05 11:06:12,327 [pool-469-thread-1] INFO  server.RaftServerConfigKeys (ConfUtils.java:logGet(43)) - raft.server.log.preallocated.size = 16384 (custom)
2019-09-05 11:06:12,328 [pool-469-thread-1] INFO  server.RaftServerConfigKeys (ConfUtils.java:logGet(43)) - raft.server.log.write.buffer.size = 33554432 (custom)
2019-09-05 11:06:12,328 [pool-409-thread-1] INFO  server.RaftServerConfigKeys (ConfUtils.java:logGet(43)) - raft.server.log.force.sync.num = 128 (default)
2019-09-05 11:06:12,328 [pool-469-thread-1] INFO  server.RaftServerConfigKeys (ConfUtils.java:logGet(43)) - raft.server.log.force.sync.num = 128 (default)
2019-09-05 11:06:12,329 [pool-409-thread-1] INFO  server.RaftServerConfigKeys (ConfUtils.java:logGet(43)) - raft.server.log.statemachine.data.sync = true (default)
2019-09-05 11:06:12,329 [pool-469-thread-1] INFO  server.RaftServerConfigKeys (ConfUtils.java:logGet(43)) - raft.server.log.statemachine.data.sync = true (default)
2019-09-05 11:06:12,329 [pool-409-thread-1] INFO  server.RaftServerConfigKeys (ConfUtils.java:logGet(43)) - raft.server.log.statemachine.data.sync.timeout = 10s (default)
2019-09-05 11:06:12,329 [pool-469-thread-1] INFO  server.RaftServerConfigKeys (ConfUtils.java:logGet(43)) - raft.server.log.statemachine.data.sync.timeout = 10s (default)
2019-09-05 11:06:12,329 [pool-409-thread-1] INFO  server.RaftServerConfigKeys (ConfUtils.java:logGet(43)) - raft.server.log.statemachine.data.sync.timeout.retry = -1 (default)
2019-09-05 11:06:12,329 [pool-469-thread-1] INFO  server.RaftServerConfigKeys (ConfUtils.java:logGet(43)) - raft.server.log.statemachine.data.sync.timeout.retry = -1 (default)
2019-09-05 11:06:12,329 [pool-409-thread-1] INFO  server.RaftServerConfigKeys (ConfUtils.java:logGet(43)) - raft.server.log.statemachine.data.caching.enabled = true (custom)
2019-09-05 11:06:12,329 [pool-469-thread-1] INFO  server.RaftServerConfigKeys (ConfUtils.java:logGet(43)) - raft.server.log.statemachine.data.caching.enabled = true (custom)
2019-09-05 11:06:12,330 [pool-409-thread-1] INFO  segmented.SegmentedRaftLogWorker (SegmentedRaftLogWorker.java:lambda$new$0(132)) - 91f1ec4b-d07c-4bfe-85d9-e7c7373ee128@group-A05EB53D3152-SegmentedRaftLogWorker: flushIndex: setUnconditionally 0 -> -1
2019-09-05 11:06:12,330 [pool-469-thread-1] INFO  segmented.SegmentedRaftLogWorker (SegmentedRaftLogWorker.java:lambda$new$0(132)) - e3a08138-bcbc-4acb-87dc-f1195608ab57@group-A05EB53D3152-SegmentedRaftLogWorker: flushIndex: setUnconditionally 0 -> -1
2019-09-05 11:06:12,330 [pool-459-thread-1] INFO  impl.RaftServerImpl (RaftServerImpl.java:start(185)) - 4fc6afb9-3f9c-4be8-93ce-657a33e3c6ff@group-A05EB53D3152: start as a follower, conf=-1: [4fc6afb9-3f9c-4be8-93ce-657a33e3c6ff:192.168.36.83:46330, e3a08138-bcbc-4acb-87dc-f1195608ab57:192.168.36.83:36559, 91f1ec4b-d07c-4bfe-85d9-e7c7373ee128:192.168.36.83:38975], old=null
2019-09-05 11:06:12,330 [pool-409-thread-1] INFO  server.RaftServerConfigKeys (ConfUtils.java:logGet(43)) - raft.server.snapshot.auto.trigger.enabled = true (custom)
2019-09-05 11:06:12,330 [pool-459-thread-1] INFO  impl.RaftServerImpl (RaftServerImpl.java:setRole(174)) - 4fc6afb9-3f9c-4be8-93ce-657a33e3c6ff@group-A05EB53D3152: changes role from      null to FOLLOWER at term 0 for startAsFollower
2019-09-05 11:06:12,330 [pool-409-thread-1] INFO  server.RaftServerConfigKeys (ConfUtils.java:logGet(43)) - raft.server.snapshot.auto.trigger.threshold = 10000 (custom)
2019-09-05 11:06:12,330 [pool-469-thread-1] INFO  server.RaftServerConfigKeys (ConfUtils.java:logGet(43)) - raft.server.snapshot.auto.trigger.enabled = true (custom)
2019-09-05 11:06:12,330 [pool-409-thread-1] INFO  server.RaftServerConfigKeys (ConfUtils.java:logGet(43)) - raft.server.snapshot.retention.num.files = -1 (default)
2019-09-05 11:06:12,330 [pool-459-thread-1] INFO  impl.RoleInfo (RoleInfo.java:updateAndGet(143)) - 4fc6afb9-3f9c-4be8-93ce-657a33e3c6ff: start FollowerState
2019-09-05 11:06:12,331 [pool-409-thread-1] INFO  server.RaftServerConfigKeys (ConfUtils.java:logGet(43)) - raft.server.retrycache.expirytime = 600000ms (custom)
2019-09-05 11:06:12,331 [pool-469-thread-1] INFO  server.RaftServerConfigKeys (ConfUtils.java:logGet(43)) - raft.server.snapshot.auto.trigger.threshold = 10000 (custom)
2019-09-05 11:06:12,331 [pool-469-thread-1] INFO  server.RaftServerConfigKeys (ConfUtils.java:logGet(43)) - raft.server.snapshot.retention.num.files = -1 (default)
2019-09-05 11:06:12,331 [pool-459-thread-1] INFO  util.JmxRegister (JmxRegister.java:tryRegister(44)) - Successfully registered JMX Bean with object name Ratis:service=RaftServer,group=group-A05EB53D3152,id=4fc6afb9-3f9c-4be8-93ce-657a33e3c6ff
2019-09-05 11:06:12,331 [pool-469-thread-1] INFO  server.RaftServerConfigKeys (ConfUtils.java:logGet(43)) - raft.server.retrycache.expirytime = 600000ms (custom)
2019-09-05 11:06:12,337 [pool-409-thread-1] INFO  impl.RaftServerImpl (RaftServerImpl.java:start(185)) - 91f1ec4b-d07c-4bfe-85d9-e7c7373ee128@group-A05EB53D3152: start as a follower, conf=-1: [4fc6afb9-3f9c-4be8-93ce-657a33e3c6ff:192.168.36.83:46330, e3a08138-bcbc-4acb-87dc-f1195608ab57:192.168.36.83:36559, 91f1ec4b-d07c-4bfe-85d9-e7c7373ee128:192.168.36.83:38975], old=null
2019-09-05 11:06:12,337 [pool-409-thread-1] INFO  impl.RaftServerImpl (RaftServerImpl.java:setRole(174)) - 91f1ec4b-d07c-4bfe-85d9-e7c7373ee128@group-A05EB53D3152: changes role from      null to FOLLOWER at term 0 for startAsFollower
2019-09-05 11:06:12,337 [pool-409-thread-1] INFO  impl.RoleInfo (RoleInfo.java:updateAndGet(143)) - 91f1ec4b-d07c-4bfe-85d9-e7c7373ee128: start FollowerState
2019-09-05 11:06:12,338 [pool-409-thread-1] INFO  util.JmxRegister (JmxRegister.java:tryRegister(44)) - Successfully registered JMX Bean with object name Ratis:service=RaftServer,group=group-A05EB53D3152,id=91f1ec4b-d07c-4bfe-85d9-e7c7373ee128
2019-09-05 11:06:12,338 [pool-469-thread-1] INFO  impl.RaftServerImpl (RaftServerImpl.java:start(185)) - e3a08138-bcbc-4acb-87dc-f1195608ab57@group-A05EB53D3152: start as a follower, conf=-1: [4fc6afb9-3f9c-4be8-93ce-657a33e3c6ff:192.168.36.83:46330, e3a08138-bcbc-4acb-87dc-f1195608ab57:192.168.36.83:36559, 91f1ec4b-d07c-4bfe-85d9-e7c7373ee128:192.168.36.83:38975], old=null
2019-09-05 11:06:12,338 [pool-469-thread-1] INFO  impl.RaftServerImpl (RaftServerImpl.java:setRole(174)) - e3a08138-bcbc-4acb-87dc-f1195608ab57@group-A05EB53D3152: changes role from      null to FOLLOWER at term 0 for startAsFollower
2019-09-05 11:06:12,338 [pool-469-thread-1] INFO  impl.RoleInfo (RoleInfo.java:updateAndGet(143)) - e3a08138-bcbc-4acb-87dc-f1195608ab57: start FollowerState
2019-09-05 11:06:12,338 [pool-469-thread-1] INFO  util.JmxRegister (JmxRegister.java:tryRegister(44)) - Successfully registered JMX Bean with object name Ratis:service=RaftServer,group=group-A05EB53D3152,id=e3a08138-bcbc-4acb-87dc-f1195608ab57
2019-09-05 11:06:12,347 [RatisPipelineUtilsThread] INFO  pipeline.PipelineStateManager (PipelineStateManager.java:addPipeline(56)) - Created pipeline Pipeline[ Id: c72930a9-1d25-4188-aa9d-a05eb53d3152, Nodes: 91f1ec4b-d07c-4bfe-85d9-e7c7373ee128{ip: 192.168.36.83, host: pr-hdds-1561-gm47z-337254333, networkLocation: /default-rack, certSerialId: null}4fc6afb9-3f9c-4be8-93ce-657a33e3c6ff{ip: 192.168.36.83, host: pr-hdds-1561-gm47z-337254333, networkLocation: /default-rack, certSerialId: null}e3a08138-bcbc-4acb-87dc-f1195608ab57{ip: 192.168.36.83, host: pr-hdds-1561-gm47z-337254333, networkLocation: /default-rack, certSerialId: null}, Type:RATIS, Factor:THREE, State:OPEN]
2019-09-05 11:06:12,363 [grpc-default-executor-10] INFO  impl.RaftServerProxy (RaftServerProxy.java:addNew(89)) - 54fad45f-1182-4a0a-b101-60c94ba267c1: addNew group-69654C14B0FF:[6cb8c19f-8595-423c-829a-79f04dbd8de3:192.168.36.83:38750, 54fad45f-1182-4a0a-b101-60c94ba267c1:192.168.36.83:41045, 89f16946-17a7-47cd-87e0-140db9ee23a2:192.168.36.83:33461] returns group-69654C14B0FF:java.util.concurrent.CompletableFuture@49772b8b[Not completed]
2019-09-05 11:06:12,363 [grpc-default-executor-8] INFO  impl.RaftServerProxy (RaftServerProxy.java:addNew(89)) - 89f16946-17a7-47cd-87e0-140db9ee23a2: addNew group-69654C14B0FF:[6cb8c19f-8595-423c-829a-79f04dbd8de3:192.168.36.83:38750, 54fad45f-1182-4a0a-b101-60c94ba267c1:192.168.36.83:41045, 89f16946-17a7-47cd-87e0-140db9ee23a2:192.168.36.83:33461] returns group-69654C14B0FF:java.util.concurrent.CompletableFuture@7070c089[Not completed]
2019-09-05 11:06:12,363 [grpc-default-executor-6] INFO  impl.RaftServerProxy (RaftServerProxy.java:addNew(89)) - 6cb8c19f-8595-423c-829a-79f04dbd8de3: addNew group-69654C14B0FF:[6cb8c19f-8595-423c-829a-79f04dbd8de3:192.168.36.83:38750, 54fad45f-1182-4a0a-b101-60c94ba267c1:192.168.36.83:41045, 89f16946-17a7-47cd-87e0-140db9ee23a2:192.168.36.83:33461] returns group-69654C14B0FF:java.util.concurrent.CompletableFuture@7d40ed42[Not completed]
2019-09-05 11:06:12,367 [pool-429-thread-1] INFO  impl.RaftServerImpl (RaftServerImpl.java:<init>(95)) - 89f16946-17a7-47cd-87e0-140db9ee23a2: new RaftServerImpl for group-69654C14B0FF:[6cb8c19f-8595-423c-829a-79f04dbd8de3:192.168.36.83:38750, 54fad45f-1182-4a0a-b101-60c94ba267c1:192.168.36.83:41045, 89f16946-17a7-47cd-87e0-140db9ee23a2:192.168.36.83:33461] with ContainerStateMachine:uninitialized
2019-09-05 11:06:12,368 [pool-429-thread-1] INFO  server.RaftServerConfigKeys (ConfUtils.java:logGet(43)) - raft.server.rpc.timeout.min = 5s (custom)
2019-09-05 11:06:12,368 [pool-429-thread-1] INFO  server.RaftServerConfigKeys (ConfUtils.java:logGet(43)) - raft.server.rpc.timeout.max = 5200ms (custom)
2019-09-05 11:06:12,368 [pool-439-thread-1] INFO  impl.RaftServerImpl (RaftServerImpl.java:<init>(95)) - 54fad45f-1182-4a0a-b101-60c94ba267c1: new RaftServerImpl for group-69654C14B0FF:[6cb8c19f-8595-423c-829a-79f04dbd8de3:192.168.36.83:38750, 54fad45f-1182-4a0a-b101-60c94ba267c1:192.168.36.83:41045, 89f16946-17a7-47cd-87e0-140db9ee23a2:192.168.36.83:33461] with ContainerStateMachine:uninitialized
2019-09-05 11:06:12,368 [pool-429-thread-1] INFO  server.RaftServerConfigKeys (ConfUtils.java:logGet(43)) - raft.server.rpcslowness.timeout = 120s (custom)
2019-09-05 11:06:12,368 [pool-439-thread-1] INFO  server.RaftServerConfigKeys (ConfUtils.java:logGet(43)) - raft.server.rpc.timeout.min = 5s (custom)
2019-09-05 11:06:12,368 [pool-429-thread-1] INFO  server.RaftServerConfigKeys (ConfUtils.java:logGet(43)) - raft.server.sleep.deviation.threshold = 300 (default)
2019-09-05 11:06:12,368 [pool-439-thread-1] INFO  server.RaftServerConfigKeys (ConfUtils.java:logGet(43)) - raft.server.rpc.timeout.max = 5200ms (custom)
2019-09-05 11:06:12,368 [pool-429-thread-1] INFO  server.RaftServerConfigKeys (ConfUtils.java:logGet(43)) - raft.server.log.appender.install.snapshot.enabled = false (custom)
2019-09-05 11:06:12,369 [pool-439-thread-1] INFO  server.RaftServerConfigKeys (ConfUtils.java:logGet(43)) - raft.server.rpcslowness.timeout = 120s (custom)
2019-09-05 11:06:12,369 [pool-439-thread-1] INFO  server.RaftServerConfigKeys (ConfUtils.java:logGet(43)) - raft.server.sleep.deviation.threshold = 300 (default)
2019-09-05 11:06:12,369 [pool-419-thread-1] INFO  impl.RaftServerImpl (RaftServerImpl.java:<init>(95)) - 6cb8c19f-8595-423c-829a-79f04dbd8de3: new RaftServerImpl for group-69654C14B0FF:[6cb8c19f-8595-423c-829a-79f04dbd8de3:192.168.36.83:38750, 54fad45f-1182-4a0a-b101-60c94ba267c1:192.168.36.83:41045, 89f16946-17a7-47cd-87e0-140db9ee23a2:192.168.36.83:33461] with ContainerStateMachine:uninitialized
2019-09-05 11:06:12,369 [pool-429-thread-1] INFO  impl.RaftServerImpl (ServerState.java:<init>(103)) - 89f16946-17a7-47cd-87e0-140db9ee23a2@group-69654C14B0FF: ConfigurationManager, init=-1: [6cb8c19f-8595-423c-829a-79f04dbd8de3:192.168.36.83:38750, 54fad45f-1182-4a0a-b101-60c94ba267c1:192.168.36.83:41045, 89f16946-17a7-47cd-87e0-140db9ee23a2:192.168.36.83:33461], old=null, confs=<EMPTY_MAP>
2019-09-05 11:06:12,369 [pool-419-thread-1] INFO  server.RaftServerConfigKeys (ConfUtils.java:logGet(43)) - raft.server.rpc.timeout.min = 5s (custom)
2019-09-05 11:06:12,369 [pool-439-thread-1] INFO  server.RaftServerConfigKeys (ConfUtils.java:logGet(43)) - raft.server.log.appender.install.snapshot.enabled = false (custom)
2019-09-05 11:06:12,369 [pool-419-thread-1] INFO  server.RaftServerConfigKeys (ConfUtils.java:logGet(43)) - raft.server.rpc.timeout.max = 5200ms (custom)
2019-09-05 11:06:12,369 [pool-429-thread-1] INFO  server.RaftServerConfigKeys (ConfUtils.java:logGet(43)) - raft.server.storage.dir = [/workdir/hadoop-ozone/integration-test/target/test-dir/MiniOzoneClusterImpl-06581d8d-c2e4-4d94-a862-518568baa486/datanode-2/data/ratis] (custom)
2019-09-05 11:06:12,370 [pool-419-thread-1] INFO  server.RaftServerConfigKeys (ConfUtils.java:logGet(43)) - raft.server.rpcslowness.timeout = 120s (custom)
2019-09-05 11:06:12,369 [pool-439-thread-1] INFO  impl.RaftServerImpl (ServerState.java:<init>(103)) - 54fad45f-1182-4a0a-b101-60c94ba267c1@group-69654C14B0FF: ConfigurationManager, init=-1: [6cb8c19f-8595-423c-829a-79f04dbd8de3:192.168.36.83:38750, 54fad45f-1182-4a0a-b101-60c94ba267c1:192.168.36.83:41045, 89f16946-17a7-47cd-87e0-140db9ee23a2:192.168.36.83:33461], old=null, confs=<EMPTY_MAP>
2019-09-05 11:06:12,370 [pool-419-thread-1] INFO  server.RaftServerConfigKeys (ConfUtils.java:logGet(43)) - raft.server.sleep.deviation.threshold = 300 (default)
2019-09-05 11:06:12,370 [pool-439-thread-1] INFO  server.RaftServerConfigKeys (ConfUtils.java:logGet(43)) - raft.server.storage.dir = [/workdir/hadoop-ozone/integration-test/target/test-dir/MiniOzoneClusterImpl-06581d8d-c2e4-4d94-a862-518568baa486/datanode-3/data/ratis] (custom)
2019-09-05 11:06:12,370 [pool-429-thread-1] INFO  storage.RaftStorageDirectory (RaftStorageDirectory.java:analyzeStorage(246)) - The storage directory /workdir/hadoop-ozone/integration-test/target/test-dir/MiniOzoneClusterImpl-06581d8d-c2e4-4d94-a862-518568baa486/datanode-2/data/ratis/d968c93c-9d88-466d-afc1-69654c14b0ff does not exist. Creating ...
2019-09-05 11:06:12,370 [pool-419-thread-1] INFO  server.RaftServerConfigKeys (ConfUtils.java:logGet(43)) - raft.server.log.appender.install.snapshot.enabled = false (custom)
2019-09-05 11:06:12,370 [pool-439-thread-1] INFO  storage.RaftStorageDirectory (RaftStorageDirectory.java:analyzeStorage(246)) - The storage directory /workdir/hadoop-ozone/integration-test/target/test-dir/MiniOzoneClusterImpl-06581d8d-c2e4-4d94-a862-518568baa486/datanode-3/data/ratis/d968c93c-9d88-466d-afc1-69654c14b0ff does not exist. Creating ...
2019-09-05 11:06:12,371 [pool-419-thread-1] INFO  impl.RaftServerImpl (ServerState.java:<init>(103)) - 6cb8c19f-8595-423c-829a-79f04dbd8de3@group-69654C14B0FF: ConfigurationManager, init=-1: [6cb8c19f-8595-423c-829a-79f04dbd8de3:192.168.36.83:38750, 54fad45f-1182-4a0a-b101-60c94ba267c1:192.168.36.83:41045, 89f16946-17a7-47cd-87e0-140db9ee23a2:192.168.36.83:33461], old=null, confs=<EMPTY_MAP>
2019-09-05 11:06:12,371 [pool-419-thread-1] INFO  server.RaftServerConfigKeys (ConfUtils.java:logGet(43)) - raft.server.storage.dir = [/workdir/hadoop-ozone/integration-test/target/test-dir/MiniOzoneClusterImpl-06581d8d-c2e4-4d94-a862-518568baa486/datanode-1/data/ratis] (custom)
2019-09-05 11:06:12,371 [pool-419-thread-1] INFO  storage.RaftStorageDirectory (RaftStorageDirectory.java:analyzeStorage(246)) - The storage directory /workdir/hadoop-ozone/integration-test/target/test-dir/MiniOzoneClusterImpl-06581d8d-c2e4-4d94-a862-518568baa486/datanode-1/data/ratis/d968c93c-9d88-466d-afc1-69654c14b0ff does not exist. Creating ...
2019-09-05 11:06:12,407 [pool-429-thread-1] INFO  storage.RaftStorageDirectory (RaftStorageDirectory.java:tryLock(328)) - Lock on /workdir/hadoop-ozone/integration-test/target/test-dir/MiniOzoneClusterImpl-06581d8d-c2e4-4d94-a862-518568baa486/datanode-2/data/ratis/d968c93c-9d88-466d-afc1-69654c14b0ff/in_use.lock acquired by nodename 23600@pr-hdds-1561-gm47z-337254333
2019-09-05 11:06:12,407 [pool-439-thread-1] INFO  storage.RaftStorageDirectory (RaftStorageDirectory.java:tryLock(328)) - Lock on /workdir/hadoop-ozone/integration-test/target/test-dir/MiniOzoneClusterImpl-06581d8d-c2e4-4d94-a862-518568baa486/datanode-3/data/ratis/d968c93c-9d88-466d-afc1-69654c14b0ff/in_use.lock acquired by nodename 23600@pr-hdds-1561-gm47z-337254333
2019-09-05 11:06:12,407 [pool-419-thread-1] INFO  storage.RaftStorageDirectory (RaftStorageDirectory.java:tryLock(328)) - Lock on /workdir/hadoop-ozone/integration-test/target/test-dir/MiniOzoneClusterImpl-06581d8d-c2e4-4d94-a862-518568baa486/datanode-1/data/ratis/d968c93c-9d88-466d-afc1-69654c14b0ff/in_use.lock acquired by nodename 23600@pr-hdds-1561-gm47z-337254333
2019-09-05 11:06:12,442 [pool-419-thread-1] INFO  storage.RaftStorage (RaftStorage.java:format(72)) - Storage directory /workdir/hadoop-ozone/integration-test/target/test-dir/MiniOzoneClusterImpl-06581d8d-c2e4-4d94-a862-518568baa486/datanode-1/data/ratis/d968c93c-9d88-466d-afc1-69654c14b0ff has been successfully formatted.
2019-09-05 11:06:12,442 [pool-429-thread-1] INFO  storage.RaftStorage (RaftStorage.java:format(72)) - Storage directory /workdir/hadoop-ozone/integration-test/target/test-dir/MiniOzoneClusterImpl-06581d8d-c2e4-4d94-a862-518568baa486/datanode-2/data/ratis/d968c93c-9d88-466d-afc1-69654c14b0ff has been successfully formatted.
2019-09-05 11:06:12,442 [pool-439-thread-1] INFO  storage.RaftStorage (RaftStorage.java:format(72)) - Storage directory /workdir/hadoop-ozone/integration-test/target/test-dir/MiniOzoneClusterImpl-06581d8d-c2e4-4d94-a862-518568baa486/datanode-3/data/ratis/d968c93c-9d88-466d-afc1-69654c14b0ff has been successfully formatted.
2019-09-05 11:06:12,442 [pool-429-thread-1] INFO  ratis.ContainerStateMachine (ContainerStateMachine.java:loadSnapshot(232)) - group-69654C14B0FF: The snapshot info is null. Setting the last applied indexto:(t:0, i:~)
2019-09-05 11:06:12,443 [pool-439-thread-1] INFO  ratis.ContainerStateMachine (ContainerStateMachine.java:loadSnapshot(232)) - group-69654C14B0FF: The snapshot info is null. Setting the last applied indexto:(t:0, i:~)
2019-09-05 11:06:12,442 [pool-419-thread-1] INFO  ratis.ContainerStateMachine (ContainerStateMachine.java:loadSnapshot(232)) - group-69654C14B0FF: The snapshot info is null. Setting the last applied indexto:(t:0, i:~)
2019-09-05 11:06:12,443 [pool-439-thread-1] INFO  server.RaftServerConfigKeys (ConfUtils.java:logGet(43)) - raft.server.notification.no-leader.timeout = 120s (custom)
2019-09-05 11:06:12,443 [pool-429-thread-1] INFO  server.RaftServerConfigKeys (ConfUtils.java:logGet(43)) - raft.server.notification.no-leader.timeout = 120s (custom)
2019-09-05 11:06:12,443 [pool-439-thread-1] INFO  server.RaftServerConfigKeys (ConfUtils.java:logGet(43)) - raft.server.log.use.memory = false (default)
2019-09-05 11:06:12,443 [pool-419-thread-1] INFO  server.RaftServerConfigKeys (ConfUtils.java:logGet(43)) - raft.server.notification.no-leader.timeout = 120s (custom)
2019-09-05 11:06:12,443 [pool-439-thread-1] INFO  server.RaftServerConfigKeys (ConfUtils.java:logGet(43)) - raft.server.log.purge.gap = 1000000 (custom)
2019-09-05 11:06:12,443 [pool-429-thread-1] INFO  server.RaftServerConfigKeys (ConfUtils.java:logGet(43)) - raft.server.log.use.memory = false (default)
2019-09-05 11:06:12,443 [pool-439-thread-1] INFO  server.RaftServerConfigKeys (ConfUtils.java:logGet(43)) - raft.server.log.appender.buffer.byte-limit = 33554432 (custom)
2019-09-05 11:06:12,443 [pool-419-thread-1] INFO  server.RaftServerConfigKeys (ConfUtils.java:logGet(43)) - raft.server.log.use.memory = false (default)
2019-09-05 11:06:12,444 [pool-439-thread-1] INFO  server.RaftServerConfigKeys (ConfUtils.java:logGet(43)) - raft.server.log.segment.size.max = 1048576 (custom)
2019-09-05 11:06:12,444 [pool-429-thread-1] INFO  server.RaftServerConfigKeys (ConfUtils.java:logGet(43)) - raft.server.log.purge.gap = 1000000 (custom)
2019-09-05 11:06:12,444 [pool-439-thread-1] INFO  server.RaftServerConfigKeys (ConfUtils.java:logGet(43)) - raft.server.log.segment.cache.num.max = 2 (custom)
2019-09-05 11:06:12,444 [pool-419-thread-1] INFO  server.RaftServerConfigKeys (ConfUtils.java:logGet(43)) - raft.server.log.purge.gap = 1000000 (custom)
2019-09-05 11:06:12,444 [pool-439-thread-1] INFO  segmented.SegmentedRaftLogWorker (SegmentedRaftLogWorker.java:<init>(172)) - new 54fad45f-1182-4a0a-b101-60c94ba267c1@group-69654C14B0FF-SegmentedRaftLogWorker for RaftStorage:Storage Directory /workdir/hadoop-ozone/integration-test/target/test-dir/MiniOzoneClusterImpl-06581d8d-c2e4-4d94-a862-518568baa486/datanode-3/data/ratis/d968c93c-9d88-466d-afc1-69654c14b0ff
2019-09-05 11:06:12,444 [pool-429-thread-1] INFO  server.RaftServerConfigKeys (ConfUtils.java:logGet(43)) - raft.server.log.appender.buffer.byte-limit = 33554432 (custom)
2019-09-05 11:06:12,445 [pool-439-thread-1] INFO  server.RaftServerConfigKeys (ConfUtils.java:logGet(43)) - raft.server.log.queue.byte-limit = 2147483647 (custom)
2019-09-05 11:06:12,445 [pool-419-thread-1] INFO  server.RaftServerConfigKeys (ConfUtils.java:logGet(43)) - raft.server.log.appender.buffer.byte-limit = 33554432 (custom)
2019-09-05 11:06:12,445 [pool-439-thread-1] INFO  server.RaftServerConfigKeys (ConfUtils.java:logGet(43)) - raft.server.log.queue.element-limit = 1024 (custom)
2019-09-05 11:06:12,445 [pool-429-thread-1] INFO  server.RaftServerConfigKeys (ConfUtils.java:logGet(43)) - raft.server.log.segment.size.max = 1048576 (custom)
2019-09-05 11:06:12,445 [pool-439-thread-1] INFO  server.RaftServerConfigKeys (ConfUtils.java:logGet(43)) - raft.server.log.segment.size.max = 1048576 (custom)
2019-09-05 11:06:12,445 [pool-419-thread-1] INFO  server.RaftServerConfigKeys (ConfUtils.java:logGet(43)) - raft.server.log.segment.size.max = 1048576 (custom)
2019-09-05 11:06:12,445 [pool-439-thread-1] INFO  server.RaftServerConfigKeys (ConfUtils.java:logGet(43)) - raft.server.log.preallocated.size = 16384 (custom)
2019-09-05 11:06:12,445 [pool-429-thread-1] INFO  server.RaftServerConfigKeys (ConfUtils.java:logGet(43)) - raft.server.log.segment.cache.num.max = 2 (custom)
2019-09-05 11:06:12,446 [pool-439-thread-1] INFO  server.RaftServerConfigKeys (ConfUtils.java:logGet(43)) - raft.server.log.write.buffer.size = 33554432 (custom)
2019-09-05 11:06:12,446 [pool-419-thread-1] INFO  server.RaftServerConfigKeys (ConfUtils.java:logGet(43)) - raft.server.log.segment.cache.num.max = 2 (custom)
2019-09-05 11:06:12,446 [pool-439-thread-1] INFO  server.RaftServerConfigKeys (ConfUtils.java:logGet(43)) - raft.server.log.force.sync.num = 128 (default)
2019-09-05 11:06:12,446 [pool-429-thread-1] INFO  segmented.SegmentedRaftLogWorker (SegmentedRaftLogWorker.java:<init>(172)) - new 89f16946-17a7-47cd-87e0-140db9ee23a2@group-69654C14B0FF-SegmentedRaftLogWorker for RaftStorage:Storage Directory /workdir/hadoop-ozone/integration-test/target/test-dir/MiniOzoneClusterImpl-06581d8d-c2e4-4d94-a862-518568baa486/datanode-2/data/ratis/d968c93c-9d88-466d-afc1-69654c14b0ff
2019-09-05 11:06:12,446 [pool-439-thread-1] INFO  server.RaftServerConfigKeys (ConfUtils.java:logGet(43)) - raft.server.log.statemachine.data.sync = true (default)
2019-09-05 11:06:12,446 [pool-419-thread-1] INFO  segmented.SegmentedRaftLogWorker (SegmentedRaftLogWorker.java:<init>(172)) - new 6cb8c19f-8595-423c-829a-79f04dbd8de3@group-69654C14B0FF-SegmentedRaftLogWorker for RaftStorage:Storage Directory /workdir/hadoop-ozone/integration-test/target/test-dir/MiniOzoneClusterImpl-06581d8d-c2e4-4d94-a862-518568baa486/datanode-1/data/ratis/d968c93c-9d88-466d-afc1-69654c14b0ff
2019-09-05 11:06:12,447 [pool-439-thread-1] INFO  server.RaftServerConfigKeys (ConfUtils.java:logGet(43)) - raft.server.log.statemachine.data.sync.timeout = 10s (default)
2019-09-05 11:06:12,446 [pool-429-thread-1] INFO  server.RaftServerConfigKeys (ConfUtils.java:logGet(43)) - raft.server.log.queue.byte-limit = 2147483647 (custom)
2019-09-05 11:06:12,447 [pool-439-thread-1] INFO  server.RaftServerConfigKeys (ConfUtils.java:logGet(43)) - raft.server.log.statemachine.data.sync.timeout.retry = -1 (default)
2019-09-05 11:06:12,447 [pool-419-thread-1] INFO  server.RaftServerConfigKeys (ConfUtils.java:logGet(43)) - raft.server.log.queue.byte-limit = 2147483647 (custom)
2019-09-05 11:06:12,447 [pool-439-thread-1] INFO  server.RaftServerConfigKeys (ConfUtils.java:logGet(43)) - raft.server.log.statemachine.data.caching.enabled = true (custom)
2019-09-05 11:06:12,447 [pool-429-thread-1] INFO  server.RaftServerConfigKeys (ConfUtils.java:logGet(43)) - raft.server.log.queue.element-limit = 1024 (custom)
2019-09-05 11:06:12,447 [pool-419-thread-1] INFO  server.RaftServerConfigKeys (ConfUtils.java:logGet(43)) - raft.server.log.queue.element-limit = 1024 (custom)
2019-09-05 11:06:12,448 [pool-439-thread-1] INFO  segmented.SegmentedRaftLogWorker (SegmentedRaftLogWorker.java:lambda$new$0(132)) - 54fad45f-1182-4a0a-b101-60c94ba267c1@group-69654C14B0FF-SegmentedRaftLogWorker: flushIndex: setUnconditionally 0 -> -1
2019-09-05 11:06:12,448 [pool-429-thread-1] INFO  server.RaftServerConfigKeys (ConfUtils.java:logGet(43)) - raft.server.log.segment.size.max = 1048576 (custom)
2019-09-05 11:06:12,448 [pool-419-thread-1] INFO  server.RaftServerConfigKeys (ConfUtils.java:logGet(43)) - raft.server.log.segment.size.max = 1048576 (custom)
2019-09-05 11:06:12,448 [pool-439-thread-1] INFO  server.RaftServerConfigKeys (ConfUtils.java:logGet(43)) - raft.server.snapshot.auto.trigger.enabled = true (custom)
2019-09-05 11:06:12,448 [pool-429-thread-1] INFO  server.RaftServerConfigKeys (ConfUtils.java:logGet(43)) - raft.server.log.preallocated.size = 16384 (custom)
2019-09-05 11:06:12,448 [pool-439-thread-1] INFO  server.RaftServerConfigKeys (ConfUtils.java:logGet(43)) - raft.server.snapshot.auto.trigger.threshold = 10000 (custom)
2019-09-05 11:06:12,448 [pool-419-thread-1] INFO  server.RaftServerConfigKeys (ConfUtils.java:logGet(43)) - raft.server.log.preallocated.size = 16384 (custom)
2019-09-05 11:06:12,448 [pool-439-thread-1] INFO  server.RaftServerConfigKeys (ConfUtils.java:logGet(43)) - raft.server.snapshot.retention.num.files = -1 (default)
2019-09-05 11:06:12,448 [pool-429-thread-1] INFO  server.RaftServerConfigKeys (ConfUtils.java:logGet(43)) - raft.server.log.write.buffer.size = 33554432 (custom)
2019-09-05 11:06:12,449 [pool-439-thread-1] INFO  server.RaftServerConfigKeys (ConfUtils.java:logGet(43)) - raft.server.retrycache.expirytime = 600000ms (custom)
2019-09-05 11:06:12,449 [pool-419-thread-1] INFO  server.RaftServerConfigKeys (ConfUtils.java:logGet(43)) - raft.server.log.write.buffer.size = 33554432 (custom)
2019-09-05 11:06:12,449 [pool-429-thread-1] INFO  server.RaftServerConfigKeys (ConfUtils.java:logGet(43)) - raft.server.log.force.sync.num = 128 (default)
2019-09-05 11:06:12,449 [pool-419-thread-1] INFO  server.RaftServerConfigKeys (ConfUtils.java:logGet(43)) - raft.server.log.force.sync.num = 128 (default)
2019-09-05 11:06:12,449 [pool-429-thread-1] INFO  server.RaftServerConfigKeys (ConfUtils.java:logGet(43)) - raft.server.log.statemachine.data.sync = true (default)
2019-09-05 11:06:12,449 [pool-419-thread-1] INFO  server.RaftServerConfigKeys (ConfUtils.java:logGet(43)) - raft.server.log.statemachine.data.sync = true (default)
2019-09-05 11:06:12,449 [pool-429-thread-1] INFO  server.RaftServerConfigKeys (ConfUtils.java:logGet(43)) - raft.server.log.statemachine.data.sync.timeout = 10s (default)
2019-09-05 11:06:12,450 [pool-419-thread-1] INFO  server.RaftServerConfigKeys (ConfUtils.java:logGet(43)) - raft.server.log.statemachine.data.sync.timeout = 10s (default)
2019-09-05 11:06:12,450 [pool-429-thread-1] INFO  server.RaftServerConfigKeys (ConfUtils.java:logGet(43)) - raft.server.log.statemachine.data.sync.timeout.retry = -1 (default)
2019-09-05 11:06:12,450 [pool-419-thread-1] INFO  server.RaftServerConfigKeys (ConfUtils.java:logGet(43)) - raft.server.log.statemachine.data.sync.timeout.retry = -1 (default)
2019-09-05 11:06:12,450 [pool-429-thread-1] INFO  server.RaftServerConfigKeys (ConfUtils.java:logGet(43)) - raft.server.log.statemachine.data.caching.enabled = true (custom)
2019-09-05 11:06:12,450 [pool-419-thread-1] INFO  server.RaftServerConfigKeys (ConfUtils.java:logGet(43)) - raft.server.log.statemachine.data.caching.enabled = true (custom)
2019-09-05 11:06:12,450 [pool-429-thread-1] INFO  segmented.SegmentedRaftLogWorker (SegmentedRaftLogWorker.java:lambda$new$0(132)) - 89f16946-17a7-47cd-87e0-140db9ee23a2@group-69654C14B0FF-SegmentedRaftLogWorker: flushIndex: setUnconditionally 0 -> -1
2019-09-05 11:06:12,450 [pool-419-thread-1] INFO  segmented.SegmentedRaftLogWorker (SegmentedRaftLogWorker.java:lambda$new$0(132)) - 6cb8c19f-8595-423c-829a-79f04dbd8de3@group-69654C14B0FF-SegmentedRaftLogWorker: flushIndex: setUnconditionally 0 -> -1
2019-09-05 11:06:12,451 [pool-429-thread-1] INFO  server.RaftServerConfigKeys (ConfUtils.java:logGet(43)) - raft.server.snapshot.auto.trigger.enabled = true (custom)
2019-09-05 11:06:12,451 [pool-419-thread-1] INFO  server.RaftServerConfigKeys (ConfUtils.java:logGet(43)) - raft.server.snapshot.auto.trigger.enabled = true (custom)
2019-09-05 11:06:12,451 [pool-429-thread-1] INFO  server.RaftServerConfigKeys (ConfUtils.java:logGet(43)) - raft.server.snapshot.auto.trigger.threshold = 10000 (custom)
2019-09-05 11:06:12,451 [pool-419-thread-1] INFO  server.RaftServerConfigKeys (ConfUtils.java:logGet(43)) - raft.server.snapshot.auto.trigger.threshold = 10000 (custom)
2019-09-05 11:06:12,451 [pool-429-thread-1] INFO  server.RaftServerConfigKeys (ConfUtils.java:logGet(43)) - raft.server.snapshot.retention.num.files = -1 (default)
2019-09-05 11:06:12,451 [pool-419-thread-1] INFO  server.RaftServerConfigKeys (ConfUtils.java:logGet(43)) - raft.server.snapshot.retention.num.files = -1 (default)
2019-09-05 11:06:12,451 [pool-429-thread-1] INFO  server.RaftServerConfigKeys (ConfUtils.java:logGet(43)) - raft.server.retrycache.expirytime = 600000ms (custom)
2019-09-05 11:06:12,451 [pool-419-thread-1] INFO  server.RaftServerConfigKeys (ConfUtils.java:logGet(43)) - raft.server.retrycache.expirytime = 600000ms (custom)
2019-09-05 11:06:12,455 [pool-439-thread-1] INFO  impl.RaftServerImpl (RaftServerImpl.java:start(185)) - 54fad45f-1182-4a0a-b101-60c94ba267c1@group-69654C14B0FF: start as a follower, conf=-1: [6cb8c19f-8595-423c-829a-79f04dbd8de3:192.168.36.83:38750, 54fad45f-1182-4a0a-b101-60c94ba267c1:192.168.36.83:41045, 89f16946-17a7-47cd-87e0-140db9ee23a2:192.168.36.83:33461], old=null
2019-09-05 11:06:12,455 [pool-429-thread-1] INFO  impl.RaftServerImpl (RaftServerImpl.java:start(185)) - 89f16946-17a7-47cd-87e0-140db9ee23a2@group-69654C14B0FF: start as a follower, conf=-1: [6cb8c19f-8595-423c-829a-79f04dbd8de3:192.168.36.83:38750, 54fad45f-1182-4a0a-b101-60c94ba267c1:192.168.36.83:41045, 89f16946-17a7-47cd-87e0-140db9ee23a2:192.168.36.83:33461], old=null
2019-09-05 11:06:12,455 [pool-419-thread-1] INFO  impl.RaftServerImpl (RaftServerImpl.java:start(185)) - 6cb8c19f-8595-423c-829a-79f04dbd8de3@group-69654C14B0FF: start as a follower, conf=-1: [6cb8c19f-8595-423c-829a-79f04dbd8de3:192.168.36.83:38750, 54fad45f-1182-4a0a-b101-60c94ba267c1:192.168.36.83:41045, 89f16946-17a7-47cd-87e0-140db9ee23a2:192.168.36.83:33461], old=null
2019-09-05 11:06:12,455 [pool-429-thread-1] INFO  impl.RaftServerImpl (RaftServerImpl.java:setRole(174)) - 89f16946-17a7-47cd-87e0-140db9ee23a2@group-69654C14B0FF: changes role from      null to FOLLOWER at term 0 for startAsFollower
2019-09-05 11:06:12,455 [pool-439-thread-1] INFO  impl.RaftServerImpl (RaftServerImpl.java:setRole(174)) - 54fad45f-1182-4a0a-b101-60c94ba267c1@group-69654C14B0FF: changes role from      null to FOLLOWER at term 0 for startAsFollower
2019-09-05 11:06:12,455 [pool-429-thread-1] INFO  impl.RoleInfo (RoleInfo.java:updateAndGet(143)) - 89f16946-17a7-47cd-87e0-140db9ee23a2: start FollowerState
2019-09-05 11:06:12,455 [pool-419-thread-1] INFO  impl.RaftServerImpl (RaftServerImpl.java:setRole(174)) - 6cb8c19f-8595-423c-829a-79f04dbd8de3@group-69654C14B0FF: changes role from      null to FOLLOWER at term 0 for startAsFollower
2019-09-05 11:06:12,455 [pool-439-thread-1] INFO  impl.RoleInfo (RoleInfo.java:updateAndGet(143)) - 54fad45f-1182-4a0a-b101-60c94ba267c1: start FollowerState
2019-09-05 11:06:12,456 [pool-429-thread-1] INFO  util.JmxRegister (JmxRegister.java:tryRegister(44)) - Successfully registered JMX Bean with object name Ratis:service=RaftServer,group=group-69654C14B0FF,id=89f16946-17a7-47cd-87e0-140db9ee23a2
2019-09-05 11:06:12,456 [pool-419-thread-1] INFO  impl.RoleInfo (RoleInfo.java:updateAndGet(143)) - 6cb8c19f-8595-423c-829a-79f04dbd8de3: start FollowerState
2019-09-05 11:06:12,456 [pool-439-thread-1] INFO  util.JmxRegister (JmxRegister.java:tryRegister(44)) - Successfully registered JMX Bean with object name Ratis:service=RaftServer,group=group-69654C14B0FF,id=54fad45f-1182-4a0a-b101-60c94ba267c1
2019-09-05 11:06:12,456 [pool-419-thread-1] INFO  util.JmxRegister (JmxRegister.java:tryRegister(44)) - Successfully registered JMX Bean with object name Ratis:service=RaftServer,group=group-69654C14B0FF,id=6cb8c19f-8595-423c-829a-79f04dbd8de3
2019-09-05 11:06:12,464 [RatisPipelineUtilsThread] INFO  pipeline.PipelineStateManager (PipelineStateManager.java:addPipeline(56)) - Created pipeline Pipeline[ Id: d968c93c-9d88-466d-afc1-69654c14b0ff, Nodes: 54fad45f-1182-4a0a-b101-60c94ba267c1{ip: 192.168.36.83, host: pr-hdds-1561-gm47z-337254333, networkLocation: /default-rack, certSerialId: null}6cb8c19f-8595-423c-829a-79f04dbd8de3{ip: 192.168.36.83, host: pr-hdds-1561-gm47z-337254333, networkLocation: /default-rack, certSerialId: null}89f16946-17a7-47cd-87e0-140db9ee23a2{ip: 192.168.36.83, host: pr-hdds-1561-gm47z-337254333, networkLocation: /default-rack, certSerialId: null}, Type:RATIS, Factor:THREE, State:OPEN]
2019-09-05 11:06:12,792 [main] INFO  ozone.MiniOzoneClusterImpl (MiniOzoneClusterImpl.java:lambda$waitForClusterToBeReady$0(140)) - Cluster is ready. Got 7 of 7 DN Heartbeats.
2019-09-05 11:06:12,823 [main] INFO  rpc.RpcClient (RpcClient.java:createVolume(293)) - Creating Volume: testblockoutputstream, with jenkins1000 as owner.
2019-09-05 11:06:12,853 [main] INFO  rpc.RpcClient (RpcClient.java:createBucket(432)) - Creating Bucket: testblockoutputstream/testblockoutputstream, with Versioning false and Storage Type set to DISK and Encryption set to false 
2019-09-05 11:06:12,895 [grpc-default-executor-6] INFO  client.GrpcClientProtocolClient (GrpcClientProtocolClient.java:onNext(264)) - client-ADF75DF0F9D1->54fad45f-1182-4a0a-b101-60c94ba267c1: receive RaftClientReply:client-ADF75DF0F9D1->54fad45f-1182-4a0a-b101-60c94ba267c1@group-69654C14B0FF, cid=156, FAILED org.apache.ratis.protocol.NotLeaderException: Server 54fad45f-1182-4a0a-b101-60c94ba267c1@group-69654C14B0FF is not the leader, logIndex=0, commits[54fad45f-1182-4a0a-b101-60c94ba267c1:c-1]
2019-09-05 11:06:13,926 [grpc-default-executor-6] INFO  client.GrpcClientProtocolClient (GrpcClientProtocolClient.java:onNext(264)) - client-ADF75DF0F9D1->6cb8c19f-8595-423c-829a-79f04dbd8de3: receive RaftClientReply:client-ADF75DF0F9D1->6cb8c19f-8595-423c-829a-79f04dbd8de3@group-69654C14B0FF, cid=156, FAILED org.apache.ratis.protocol.NotLeaderException: Server 6cb8c19f-8595-423c-829a-79f04dbd8de3@group-69654C14B0FF is not the leader, logIndex=0, commits[6cb8c19f-8595-423c-829a-79f04dbd8de3:c-1]
2019-09-05 11:06:14,436 [Thread-2865] INFO  container.ReplicationManager (ReplicationManager.java:start(162)) - Starting Replication Monitor Thread.
2019-09-05 11:06:14,444 [ReplicationMonitor] INFO  container.ReplicationManager (ReplicationManager.java:run(225)) - Replication Monitor Thread took 0 milliseconds for processing 1 containers.
2019-09-05 11:06:14,945 [grpc-default-executor-8] INFO  client.GrpcClientProtocolClient (GrpcClientProtocolClient.java:onNext(264)) - client-ADF75DF0F9D1->54fad45f-1182-4a0a-b101-60c94ba267c1: receive RaftClientReply:client-ADF75DF0F9D1->54fad45f-1182-4a0a-b101-60c94ba267c1@group-69654C14B0FF, cid=156, FAILED org.apache.ratis.protocol.NotLeaderException: Server 54fad45f-1182-4a0a-b101-60c94ba267c1@group-69654C14B0FF is not the leader, logIndex=0, commits[54fad45f-1182-4a0a-b101-60c94ba267c1:c-1]
2019-09-05 11:06:15,957 [grpc-default-executor-6] INFO  client.GrpcClientProtocolClient (GrpcClientProtocolClient.java:onNext(264)) - client-ADF75DF0F9D1->89f16946-17a7-47cd-87e0-140db9ee23a2: receive RaftClientReply:client-ADF75DF0F9D1->89f16946-17a7-47cd-87e0-140db9ee23a2@group-69654C14B0FF, cid=156, FAILED org.apache.ratis.protocol.NotLeaderException: Server 89f16946-17a7-47cd-87e0-140db9ee23a2@group-69654C14B0FF is not the leader, logIndex=0, commits[89f16946-17a7-47cd-87e0-140db9ee23a2:c-1]
2019-09-05 11:06:16,731 [Thread-2867] INFO  impl.FollowerState (FollowerState.java:run(106)) - 91f1ec4b-d07c-4bfe-85d9-e7c7373ee128:group-DBF9AA144527 changes to CANDIDATE, lastRpcTime:5148, electionTimeout:5148ms
2019-09-05 11:06:16,731 [Thread-2867] INFO  impl.RoleInfo (RoleInfo.java:shutdownFollowerState(121)) - 91f1ec4b-d07c-4bfe-85d9-e7c7373ee128: shutdown FollowerState
2019-09-05 11:06:16,732 [Thread-2867] INFO  impl.RaftServerImpl (RaftServerImpl.java:setRole(174)) - 91f1ec4b-d07c-4bfe-85d9-e7c7373ee128@group-DBF9AA144527: changes role from  FOLLOWER to CANDIDATE at term 0 for changeToCandidate
2019-09-05 11:06:16,732 [Thread-2867] INFO  impl.RoleInfo (RoleInfo.java:updateAndGet(143)) - 91f1ec4b-d07c-4bfe-85d9-e7c7373ee128: start LeaderElection
2019-09-05 11:06:16,749 [Thread-2870] INFO  impl.FollowerState (FollowerState.java:run(106)) - 54fad45f-1182-4a0a-b101-60c94ba267c1:group-0F0D9DB6E2A4 changes to CANDIDATE, lastRpcTime:5003, electionTimeout:5003ms
2019-09-05 11:06:16,750 [Thread-2870] INFO  impl.RoleInfo (RoleInfo.java:shutdownFollowerState(121)) - 54fad45f-1182-4a0a-b101-60c94ba267c1: shutdown FollowerState
2019-09-05 11:06:16,750 [Thread-2870] INFO  impl.RaftServerImpl (RaftServerImpl.java:setRole(174)) - 54fad45f-1182-4a0a-b101-60c94ba267c1@group-0F0D9DB6E2A4: changes role from  FOLLOWER to CANDIDATE at term 0 for changeToCandidate
2019-09-05 11:06:16,750 [Thread-2870] INFO  impl.RoleInfo (RoleInfo.java:updateAndGet(143)) - 54fad45f-1182-4a0a-b101-60c94ba267c1: start LeaderElection
2019-09-05 11:06:16,969 [grpc-default-executor-6] INFO  client.GrpcClientProtocolClient (GrpcClientProtocolClient.java:onNext(264)) - client-ADF75DF0F9D1->6cb8c19f-8595-423c-829a-79f04dbd8de3: receive RaftClientReply:client-ADF75DF0F9D1->6cb8c19f-8595-423c-829a-79f04dbd8de3@group-69654C14B0FF, cid=156, FAILED org.apache.ratis.protocol.NotLeaderException: Server 6cb8c19f-8595-423c-829a-79f04dbd8de3@group-69654C14B0FF is not the leader, logIndex=0, commits[6cb8c19f-8595-423c-829a-79f04dbd8de3:c-1]
2019-09-05 11:06:17,015 [Thread-2873] INFO  impl.FollowerState (FollowerState.java:run(106)) - 4fc6afb9-3f9c-4be8-93ce-657a33e3c6ff:group-E977172CF44D changes to CANDIDATE, lastRpcTime:5162, electionTimeout:5162ms
2019-09-05 11:06:17,015 [Thread-2873] INFO  impl.RoleInfo (RoleInfo.java:shutdownFollowerState(121)) - 4fc6afb9-3f9c-4be8-93ce-657a33e3c6ff: shutdown FollowerState
2019-09-05 11:06:17,015 [Thread-2873] INFO  impl.RaftServerImpl (RaftServerImpl.java:setRole(174)) - 4fc6afb9-3f9c-4be8-93ce-657a33e3c6ff@group-E977172CF44D: changes role from  FOLLOWER to CANDIDATE at term 0 for changeToCandidate
2019-09-05 11:06:17,015 [Thread-2873] INFO  impl.RoleInfo (RoleInfo.java:updateAndGet(143)) - 4fc6afb9-3f9c-4be8-93ce-657a33e3c6ff: start LeaderElection
2019-09-05 11:06:17,076 [Thread-2876] INFO  impl.FollowerState (FollowerState.java:run(106)) - e3a08138-bcbc-4acb-87dc-f1195608ab57:group-4809F4167C0F changes to CANDIDATE, lastRpcTime:5144, electionTimeout:5144ms
2019-09-05 11:06:17,076 [Thread-2876] INFO  impl.RoleInfo (RoleInfo.java:shutdownFollowerState(121)) - e3a08138-bcbc-4acb-87dc-f1195608ab57: shutdown FollowerState
2019-09-05 11:06:17,076 [Thread-2876] INFO  impl.RaftServerImpl (RaftServerImpl.java:setRole(174)) - e3a08138-bcbc-4acb-87dc-f1195608ab57@group-4809F4167C0F: changes role from  FOLLOWER to CANDIDATE at term 0 for changeToCandidate
2019-09-05 11:06:17,076 [Thread-2876] INFO  impl.RoleInfo (RoleInfo.java:updateAndGet(143)) - e3a08138-bcbc-4acb-87dc-f1195608ab57: start LeaderElection
2019-09-05 11:06:17,112 [Thread-2879] INFO  impl.FollowerState (FollowerState.java:run(106)) - 6cb8c19f-8595-423c-829a-79f04dbd8de3:group-B783AA89886C changes to CANDIDATE, lastRpcTime:5070, electionTimeout:5070ms
2019-09-05 11:06:17,113 [Thread-2879] INFO  impl.RoleInfo (RoleInfo.java:shutdownFollowerState(121)) - 6cb8c19f-8595-423c-829a-79f04dbd8de3: shutdown FollowerState
2019-09-05 11:06:17,113 [Thread-2879] INFO  impl.RaftServerImpl (RaftServerImpl.java:setRole(174)) - 6cb8c19f-8595-423c-829a-79f04dbd8de3@group-B783AA89886C: changes role from  FOLLOWER to CANDIDATE at term 0 for changeToCandidate
2019-09-05 11:06:17,113 [Thread-2879] INFO  impl.RoleInfo (RoleInfo.java:updateAndGet(143)) - 6cb8c19f-8595-423c-829a-79f04dbd8de3: start LeaderElection
2019-09-05 11:06:17,300 [Thread-2882] INFO  impl.FollowerState (FollowerState.java:run(106)) - 89f16946-17a7-47cd-87e0-140db9ee23a2:group-69A34162831A changes to CANDIDATE, lastRpcTime:5171, electionTimeout:5171ms
2019-09-05 11:06:17,300 [Thread-2882] INFO  impl.RoleInfo (RoleInfo.java:shutdownFollowerState(121)) - 89f16946-17a7-47cd-87e0-140db9ee23a2: shutdown FollowerState
2019-09-05 11:06:17,300 [Thread-2882] INFO  impl.RaftServerImpl (RaftServerImpl.java:setRole(174)) - 89f16946-17a7-47cd-87e0-140db9ee23a2@group-69A34162831A: changes role from  FOLLOWER to CANDIDATE at term 0 for changeToCandidate
2019-09-05 11:06:17,300 [Thread-2882] INFO  impl.RoleInfo (RoleInfo.java:updateAndGet(143)) - 89f16946-17a7-47cd-87e0-140db9ee23a2: start LeaderElection
2019-09-05 11:06:17,370 [Thread-2888] INFO  impl.FollowerState (FollowerState.java:run(106)) - 4fc6afb9-3f9c-4be8-93ce-657a33e3c6ff:group-A05EB53D3152 changes to CANDIDATE, lastRpcTime:5039, electionTimeout:5039ms
2019-09-05 11:06:17,371 [Thread-2888] INFO  impl.RoleInfo (RoleInfo.java:shutdownFollowerState(121)) - 4fc6afb9-3f9c-4be8-93ce-657a33e3c6ff: shutdown FollowerState
2019-09-05 11:06:17,371 [Thread-2888] INFO  impl.RaftServerImpl (RaftServerImpl.java:setRole(174)) - 4fc6afb9-3f9c-4be8-93ce-657a33e3c6ff@group-A05EB53D3152: changes role from  FOLLOWER to CANDIDATE at term 0 for changeToCandidate
2019-09-05 11:06:17,371 [Thread-2888] INFO  impl.RoleInfo (RoleInfo.java:updateAndGet(143)) - 4fc6afb9-3f9c-4be8-93ce-657a33e3c6ff: start LeaderElection
2019-09-05 11:06:17,375 [Thread-2885] INFO  impl.FollowerState (FollowerState.java:run(106)) - fa08243c-f5b4-405f-a071-e3cbc8c99dd0:group-1F31AC3EAA8E changes to CANDIDATE, lastRpcTime:5168, electionTimeout:5159ms
2019-09-05 11:06:17,375 [Thread-2894] INFO  impl.FollowerState (FollowerState.java:run(106)) - e3a08138-bcbc-4acb-87dc-f1195608ab57:group-A05EB53D3152 changes to CANDIDATE, lastRpcTime:5036, electionTimeout:5034ms
2019-09-05 11:06:17,378 [Thread-2885] INFO  impl.RoleInfo (RoleInfo.java:shutdownFollowerState(121)) - fa08243c-f5b4-405f-a071-e3cbc8c99dd0: shutdown FollowerState
2019-09-05 11:06:17,379 [Thread-2885] INFO  impl.RaftServerImpl (RaftServerImpl.java:setRole(174)) - fa08243c-f5b4-405f-a071-e3cbc8c99dd0@group-1F31AC3EAA8E: changes role from  FOLLOWER to CANDIDATE at term 0 for changeToCandidate
2019-09-05 11:06:17,379 [Thread-2894] INFO  impl.RoleInfo (RoleInfo.java:shutdownFollowerState(121)) - e3a08138-bcbc-4acb-87dc-f1195608ab57: shutdown FollowerState
2019-09-05 11:06:17,379 [Thread-2885] INFO  impl.RoleInfo (RoleInfo.java:updateAndGet(143)) - fa08243c-f5b4-405f-a071-e3cbc8c99dd0: start LeaderElection
2019-09-05 11:06:17,379 [Thread-2894] INFO  impl.RaftServerImpl (RaftServerImpl.java:setRole(174)) - e3a08138-bcbc-4acb-87dc-f1195608ab57@group-A05EB53D3152: changes role from  FOLLOWER to CANDIDATE at term 0 for changeToCandidate
2019-09-05 11:06:17,379 [Thread-2894] INFO  impl.RoleInfo (RoleInfo.java:updateAndGet(143)) - e3a08138-bcbc-4acb-87dc-f1195608ab57: start LeaderElection
2019-09-05 11:06:17,387 [91f1ec4b-d07c-4bfe-85d9-e7c7373ee128@group-DBF9AA144527:LeaderElection62] INFO  impl.LeaderElection (LeaderElection.java:askForVotes(182)) - 91f1ec4b-d07c-4bfe-85d9-e7c7373ee128@group-DBF9AA144527:LeaderElection62: begin an election at term 1 for -1: [91f1ec4b-d07c-4bfe-85d9-e7c7373ee128:192.168.36.83:38975], old=null
2019-09-05 11:06:17,387 [54fad45f-1182-4a0a-b101-60c94ba267c1@group-0F0D9DB6E2A4:LeaderElection63] INFO  impl.LeaderElection (LeaderElection.java:askForVotes(182)) - 54fad45f-1182-4a0a-b101-60c94ba267c1@group-0F0D9DB6E2A4:LeaderElection63: begin an election at term 1 for -1: [54fad45f-1182-4a0a-b101-60c94ba267c1:192.168.36.83:41045], old=null
2019-09-05 11:06:17,387 [91f1ec4b-d07c-4bfe-85d9-e7c7373ee128@group-DBF9AA144527:LeaderElection62] INFO  impl.RoleInfo (RoleInfo.java:shutdownLeaderElection(134)) - 91f1ec4b-d07c-4bfe-85d9-e7c7373ee128: shutdown LeaderElection
2019-09-05 11:06:17,387 [54fad45f-1182-4a0a-b101-60c94ba267c1@group-0F0D9DB6E2A4:LeaderElection63] INFO  impl.RoleInfo (RoleInfo.java:shutdownLeaderElection(134)) - 54fad45f-1182-4a0a-b101-60c94ba267c1: shutdown LeaderElection
2019-09-05 11:06:17,387 [91f1ec4b-d07c-4bfe-85d9-e7c7373ee128@group-DBF9AA144527:LeaderElection62] INFO  impl.RaftServerImpl (RaftServerImpl.java:setRole(174)) - 91f1ec4b-d07c-4bfe-85d9-e7c7373ee128@group-DBF9AA144527: changes role from CANDIDATE to LEADER at term 1 for changeToLeader
2019-09-05 11:06:17,387 [54fad45f-1182-4a0a-b101-60c94ba267c1@group-0F0D9DB6E2A4:LeaderElection63] INFO  impl.RaftServerImpl (RaftServerImpl.java:setRole(174)) - 54fad45f-1182-4a0a-b101-60c94ba267c1@group-0F0D9DB6E2A4: changes role from CANDIDATE to LEADER at term 1 for changeToLeader
2019-09-05 11:06:17,387 [91f1ec4b-d07c-4bfe-85d9-e7c7373ee128@group-DBF9AA144527:LeaderElection62] INFO  impl.RaftServerImpl (ServerState.java:setLeader(253)) - 91f1ec4b-d07c-4bfe-85d9-e7c7373ee128@group-DBF9AA144527: change Leader from null to 91f1ec4b-d07c-4bfe-85d9-e7c7373ee128 at term 1 for becomeLeader, leader elected after 5813ms
2019-09-05 11:06:17,387 [54fad45f-1182-4a0a-b101-60c94ba267c1@group-0F0D9DB6E2A4:LeaderElection63] INFO  impl.RaftServerImpl (ServerState.java:setLeader(253)) - 54fad45f-1182-4a0a-b101-60c94ba267c1@group-0F0D9DB6E2A4: change Leader from null to 54fad45f-1182-4a0a-b101-60c94ba267c1 at term 1 for becomeLeader, leader elected after 5646ms
2019-09-05 11:06:17,388 [54fad45f-1182-4a0a-b101-60c94ba267c1@group-0F0D9DB6E2A4:LeaderElection63] INFO  server.RaftServerConfigKeys (ConfUtils.java:logGet(43)) - raft.server.staging.catchup.gap = 1000 (default)
2019-09-05 11:06:17,388 [91f1ec4b-d07c-4bfe-85d9-e7c7373ee128@group-DBF9AA144527:LeaderElection62] INFO  server.RaftServerConfigKeys (ConfUtils.java:logGet(43)) - raft.server.staging.catchup.gap = 1000 (default)
2019-09-05 11:06:17,388 [54fad45f-1182-4a0a-b101-60c94ba267c1@group-0F0D9DB6E2A4:LeaderElection63] INFO  server.RaftServerConfigKeys (ConfUtils.java:logGet(43)) - raft.server.rpc.sleep.time = 25ms (default)
2019-09-05 11:06:17,388 [91f1ec4b-d07c-4bfe-85d9-e7c7373ee128@group-DBF9AA144527:LeaderElection62] INFO  server.RaftServerConfigKeys (ConfUtils.java:logGet(43)) - raft.server.rpc.sleep.time = 25ms (default)
2019-09-05 11:06:17,388 [54fad45f-1182-4a0a-b101-60c94ba267c1@group-0F0D9DB6E2A4:LeaderElection63] INFO  server.RaftServerConfigKeys (ConfUtils.java:logGet(43)) - raft.server.write.element-limit = 4096 (default)
2019-09-05 11:06:17,388 [91f1ec4b-d07c-4bfe-85d9-e7c7373ee128@group-DBF9AA144527:LeaderElection62] INFO  server.RaftServerConfigKeys (ConfUtils.java:logGet(43)) - raft.server.write.element-limit = 4096 (default)
2019-09-05 11:06:17,388 [54fad45f-1182-4a0a-b101-60c94ba267c1@group-0F0D9DB6E2A4:LeaderElection63] INFO  server.RaftServerConfigKeys (ConfUtils.java:logGet(43)) - raft.server.watch.timeout = 10s (default)
2019-09-05 11:06:17,389 [91f1ec4b-d07c-4bfe-85d9-e7c7373ee128@group-DBF9AA144527:LeaderElection62] INFO  server.RaftServerConfigKeys (ConfUtils.java:logGet(43)) - raft.server.watch.timeout = 10s (default)
2019-09-05 11:06:17,389 [54fad45f-1182-4a0a-b101-60c94ba267c1@group-0F0D9DB6E2A4:LeaderElection63] INFO  server.RaftServerConfigKeys (ConfUtils.java:logGet(43)) - raft.server.watch.timeout.denomination = 1s (default)
2019-09-05 11:06:17,389 [91f1ec4b-d07c-4bfe-85d9-e7c7373ee128@group-DBF9AA144527:LeaderElection62] INFO  server.RaftServerConfigKeys (ConfUtils.java:logGet(43)) - raft.server.watch.timeout.denomination = 1s (default)
2019-09-05 11:06:17,389 [54fad45f-1182-4a0a-b101-60c94ba267c1@group-0F0D9DB6E2A4:LeaderElection63] INFO  server.RaftServerConfigKeys (ConfUtils.java:logGet(43)) - raft.server.watch.element-limit = 65536 (default)
2019-09-05 11:06:17,389 [91f1ec4b-d07c-4bfe-85d9-e7c7373ee128@group-DBF9AA144527:LeaderElection62] INFO  server.RaftServerConfigKeys (ConfUtils.java:logGet(43)) - raft.server.watch.element-limit = 65536 (default)
2019-09-05 11:06:17,393 [54fad45f-1182-4a0a-b101-60c94ba267c1@group-0F0D9DB6E2A4:LeaderElection63] INFO  impl.RoleInfo (RoleInfo.java:updateAndGet(143)) - 54fad45f-1182-4a0a-b101-60c94ba267c1: start LeaderState
2019-09-05 11:06:17,393 [91f1ec4b-d07c-4bfe-85d9-e7c7373ee128@group-DBF9AA144527:LeaderElection62] INFO  impl.RoleInfo (RoleInfo.java:updateAndGet(143)) - 91f1ec4b-d07c-4bfe-85d9-e7c7373ee128: start LeaderState
2019-09-05 11:06:17,393 [91f1ec4b-d07c-4bfe-85d9-e7c7373ee128@group-DBF9AA144527:LeaderElection62] INFO  segmented.SegmentedRaftLogWorker (SegmentedRaftLogWorker.java:startLogSegment(380)) - 91f1ec4b-d07c-4bfe-85d9-e7c7373ee128@group-DBF9AA144527-SegmentedRaftLogWorker: Starting segment from index:0
2019-09-05 11:06:17,393 [54fad45f-1182-4a0a-b101-60c94ba267c1@group-0F0D9DB6E2A4:LeaderElection63] INFO  segmented.SegmentedRaftLogWorker (SegmentedRaftLogWorker.java:startLogSegment(380)) - 54fad45f-1182-4a0a-b101-60c94ba267c1@group-0F0D9DB6E2A4-SegmentedRaftLogWorker: Starting segment from index:0
2019-09-05 11:06:17,394 [54fad45f-1182-4a0a-b101-60c94ba267c1@group-0F0D9DB6E2A4:LeaderElection63] INFO  impl.RaftServerImpl (ServerState.java:setRaftConf(354)) - 54fad45f-1182-4a0a-b101-60c94ba267c1@group-0F0D9DB6E2A4: set configuration 0: [54fad45f-1182-4a0a-b101-60c94ba267c1:192.168.36.83:41045], old=null at 0
2019-09-05 11:06:17,394 [91f1ec4b-d07c-4bfe-85d9-e7c7373ee128@group-DBF9AA144527:LeaderElection62] INFO  impl.RaftServerImpl (ServerState.java:setRaftConf(354)) - 91f1ec4b-d07c-4bfe-85d9-e7c7373ee128@group-DBF9AA144527: set configuration 0: [91f1ec4b-d07c-4bfe-85d9-e7c7373ee128:192.168.36.83:38975], old=null at 0
2019-09-05 11:06:17,484 [Thread-2899] INFO  impl.FollowerState (FollowerState.java:run(106)) - 89f16946-17a7-47cd-87e0-140db9ee23a2:group-69654C14B0FF changes to CANDIDATE, lastRpcTime:5028, electionTimeout:5028ms
2019-09-05 11:06:17,484 [Thread-2899] INFO  impl.RoleInfo (RoleInfo.java:shutdownFollowerState(121)) - 89f16946-17a7-47cd-87e0-140db9ee23a2: shutdown FollowerState
2019-09-05 11:06:17,484 [Thread-2899] INFO  impl.RaftServerImpl (RaftServerImpl.java:setRole(174)) - 89f16946-17a7-47cd-87e0-140db9ee23a2@group-69654C14B0FF: changes role from  FOLLOWER to CANDIDATE at term 0 for changeToCandidate
2019-09-05 11:06:17,484 [Thread-2899] INFO  impl.RoleInfo (RoleInfo.java:updateAndGet(143)) - 89f16946-17a7-47cd-87e0-140db9ee23a2: start LeaderElection
2019-09-05 11:06:17,511 [Thread-2892] INFO  impl.FollowerState (FollowerState.java:run(106)) - 91f1ec4b-d07c-4bfe-85d9-e7c7373ee128:group-A05EB53D3152 changes to CANDIDATE, lastRpcTime:5173, electionTimeout:5173ms
2019-09-05 11:06:17,511 [Thread-2892] INFO  impl.RoleInfo (RoleInfo.java:shutdownFollowerState(121)) - 91f1ec4b-d07c-4bfe-85d9-e7c7373ee128: shutdown FollowerState
2019-09-05 11:06:17,511 [Thread-2892] INFO  impl.RaftServerImpl (RaftServerImpl.java:setRole(174)) - 91f1ec4b-d07c-4bfe-85d9-e7c7373ee128@group-A05EB53D3152: changes role from  FOLLOWER to CANDIDATE at term 0 for changeToCandidate
2019-09-05 11:06:17,511 [Thread-2892] INFO  impl.RoleInfo (RoleInfo.java:updateAndGet(143)) - 91f1ec4b-d07c-4bfe-85d9-e7c7373ee128: start LeaderElection
2019-09-05 11:06:17,647 [Thread-2900] INFO  impl.FollowerState (FollowerState.java:run(106)) - 54fad45f-1182-4a0a-b101-60c94ba267c1:group-69654C14B0FF changes to CANDIDATE, lastRpcTime:5191, electionTimeout:5191ms
2019-09-05 11:06:17,647 [Thread-2900] INFO  impl.RoleInfo (RoleInfo.java:shutdownFollowerState(121)) - 54fad45f-1182-4a0a-b101-60c94ba267c1: shutdown FollowerState
2019-09-05 11:06:17,648 [Thread-2900] INFO  impl.RaftServerImpl (RaftServerImpl.java:setRole(174)) - 54fad45f-1182-4a0a-b101-60c94ba267c1@group-69654C14B0FF: changes role from  FOLLOWER to CANDIDATE at term 0 for changeToCandidate
2019-09-05 11:06:17,648 [Thread-2900] INFO  impl.RoleInfo (RoleInfo.java:updateAndGet(143)) - 54fad45f-1182-4a0a-b101-60c94ba267c1: start LeaderElection
2019-09-05 11:06:17,651 [Thread-2901] INFO  impl.FollowerState (FollowerState.java:run(106)) - 6cb8c19f-8595-423c-829a-79f04dbd8de3:group-69654C14B0FF changes to CANDIDATE, lastRpcTime:5195, electionTimeout:5195ms
2019-09-05 11:06:17,652 [Thread-2901] INFO  impl.RoleInfo (RoleInfo.java:shutdownFollowerState(121)) - 6cb8c19f-8595-423c-829a-79f04dbd8de3: shutdown FollowerState
2019-09-05 11:06:17,652 [Thread-2901] INFO  impl.RaftServerImpl (RaftServerImpl.java:setRole(174)) - 6cb8c19f-8595-423c-829a-79f04dbd8de3@group-69654C14B0FF: changes role from  FOLLOWER to CANDIDATE at term 0 for changeToCandidate
2019-09-05 11:06:17,652 [Thread-2901] INFO  impl.RoleInfo (RoleInfo.java:updateAndGet(143)) - 6cb8c19f-8595-423c-829a-79f04dbd8de3: start LeaderElection
2019-09-05 11:06:17,804 [91f1ec4b-d07c-4bfe-85d9-e7c7373ee128@group-DBF9AA144527-SegmentedRaftLogWorker] INFO  segmented.SegmentedRaftLogWorker (SegmentedRaftLogWorker.java:execute(569)) - 91f1ec4b-d07c-4bfe-85d9-e7c7373ee128@group-DBF9AA144527-SegmentedRaftLogWorker: created new log segment /workdir/hadoop-ozone/integration-test/target/test-dir/MiniOzoneClusterImpl-06581d8d-c2e4-4d94-a862-518568baa486/datanode-0/data/ratis/c30b98ab-c355-48e8-9d92-dbf9aa144527/current/log_inprogress_0
2019-09-05 11:06:17,804 [e3a08138-bcbc-4acb-87dc-f1195608ab57@group-4809F4167C0F:LeaderElection65] INFO  impl.LeaderElection (LeaderElection.java:askForVotes(182)) - e3a08138-bcbc-4acb-87dc-f1195608ab57@group-4809F4167C0F:LeaderElection65: begin an election at term 1 for -1: [e3a08138-bcbc-4acb-87dc-f1195608ab57:192.168.36.83:36559], old=null
2019-09-05 11:06:17,804 [4fc6afb9-3f9c-4be8-93ce-657a33e3c6ff@group-E977172CF44D:LeaderElection64] INFO  impl.LeaderElection (LeaderElection.java:askForVotes(182)) - 4fc6afb9-3f9c-4be8-93ce-657a33e3c6ff@group-E977172CF44D:LeaderElection64: begin an election at term 1 for -1: [4fc6afb9-3f9c-4be8-93ce-657a33e3c6ff:192.168.36.83:46330], old=null
2019-09-05 11:06:17,804 [e3a08138-bcbc-4acb-87dc-f1195608ab57@group-A05EB53D3152:LeaderElection70] INFO  impl.LeaderElection (LeaderElection.java:askForVotes(182)) - e3a08138-bcbc-4acb-87dc-f1195608ab57@group-A05EB53D3152:LeaderElection70: begin an election at term 1 for -1: [4fc6afb9-3f9c-4be8-93ce-657a33e3c6ff:192.168.36.83:46330, e3a08138-bcbc-4acb-87dc-f1195608ab57:192.168.36.83:36559, 91f1ec4b-d07c-4bfe-85d9-e7c7373ee128:192.168.36.83:38975], old=null
2019-09-05 11:06:17,804 [6cb8c19f-8595-423c-829a-79f04dbd8de3@group-B783AA89886C:LeaderElection66] INFO  impl.LeaderElection (LeaderElection.java:askForVotes(182)) - 6cb8c19f-8595-423c-829a-79f04dbd8de3@group-B783AA89886C:LeaderElection66: begin an election at term 1 for -1: [6cb8c19f-8595-423c-829a-79f04dbd8de3:192.168.36.83:38750], old=null
2019-09-05 11:06:17,804 [89f16946-17a7-47cd-87e0-140db9ee23a2@group-69A34162831A:LeaderElection67] INFO  impl.LeaderElection (LeaderElection.java:askForVotes(182)) - 89f16946-17a7-47cd-87e0-140db9ee23a2@group-69A34162831A:LeaderElection67: begin an election at term 1 for -1: [89f16946-17a7-47cd-87e0-140db9ee23a2:192.168.36.83:33461], old=null
2019-09-05 11:06:17,804 [4fc6afb9-3f9c-4be8-93ce-657a33e3c6ff@group-A05EB53D3152:LeaderElection68] INFO  impl.LeaderElection (LeaderElection.java:askForVotes(182)) - 4fc6afb9-3f9c-4be8-93ce-657a33e3c6ff@group-A05EB53D3152:LeaderElection68: begin an election at term 1 for -1: [4fc6afb9-3f9c-4be8-93ce-657a33e3c6ff:192.168.36.83:46330, e3a08138-bcbc-4acb-87dc-f1195608ab57:192.168.36.83:36559, 91f1ec4b-d07c-4bfe-85d9-e7c7373ee128:192.168.36.83:38975], old=null
2019-09-05 11:06:17,804 [fa08243c-f5b4-405f-a071-e3cbc8c99dd0@group-1F31AC3EAA8E:LeaderElection69] INFO  impl.LeaderElection (LeaderElection.java:askForVotes(182)) - fa08243c-f5b4-405f-a071-e3cbc8c99dd0@group-1F31AC3EAA8E:LeaderElection69: begin an election at term 1 for -1: [fa08243c-f5b4-405f-a071-e3cbc8c99dd0:192.168.36.83:34411], old=null
2019-09-05 11:06:17,804 [54fad45f-1182-4a0a-b101-60c94ba267c1@group-0F0D9DB6E2A4-SegmentedRaftLogWorker] INFO  segmented.SegmentedRaftLogWorker (SegmentedRaftLogWorker.java:execute(569)) - 54fad45f-1182-4a0a-b101-60c94ba267c1@group-0F0D9DB6E2A4-SegmentedRaftLogWorker: created new log segment /workdir/hadoop-ozone/integration-test/target/test-dir/MiniOzoneClusterImpl-06581d8d-c2e4-4d94-a862-518568baa486/datanode-3/data/ratis/0308621e-7ddf-4bbb-8fa6-0f0d9db6e2a4/current/log_inprogress_0
2019-09-05 11:06:17,805 [fa08243c-f5b4-405f-a071-e3cbc8c99dd0@group-1F31AC3EAA8E:LeaderElection69] INFO  impl.RoleInfo (RoleInfo.java:shutdownLeaderElection(134)) - fa08243c-f5b4-405f-a071-e3cbc8c99dd0: shutdown LeaderElection
2019-09-05 11:06:17,805 [89f16946-17a7-47cd-87e0-140db9ee23a2@group-69A34162831A:LeaderElection67] INFO  impl.RoleInfo (RoleInfo.java:shutdownLeaderElection(134)) - 89f16946-17a7-47cd-87e0-140db9ee23a2: shutdown LeaderElection
2019-09-05 11:06:17,804 [6cb8c19f-8595-423c-829a-79f04dbd8de3@group-B783AA89886C:LeaderElection66] INFO  impl.RoleInfo (RoleInfo.java:shutdownLeaderElection(134)) - 6cb8c19f-8595-423c-829a-79f04dbd8de3: shutdown LeaderElection
2019-09-05 11:06:17,805 [6cb8c19f-8595-423c-829a-79f04dbd8de3@group-B783AA89886C:LeaderElection66] INFO  impl.RaftServerImpl (RaftServerImpl.java:setRole(174)) - 6cb8c19f-8595-423c-829a-79f04dbd8de3@group-B783AA89886C: changes role from CANDIDATE to LEADER at term 1 for changeToLeader
2019-09-05 11:06:17,805 [6cb8c19f-8595-423c-829a-79f04dbd8de3@group-B783AA89886C:LeaderElection66] INFO  impl.RaftServerImpl (ServerState.java:setLeader(253)) - 6cb8c19f-8595-423c-829a-79f04dbd8de3@group-B783AA89886C: change Leader from null to 6cb8c19f-8595-423c-829a-79f04dbd8de3 at term 1 for becomeLeader, leader elected after 5768ms
2019-09-05 11:06:17,806 [6cb8c19f-8595-423c-829a-79f04dbd8de3@group-B783AA89886C:LeaderElection66] INFO  server.RaftServerConfigKeys (ConfUtils.java:logGet(43)) - raft.server.staging.catchup.gap = 1000 (default)
2019-09-05 11:06:17,806 [6cb8c19f-8595-423c-829a-79f04dbd8de3@group-B783AA89886C:LeaderElection66] INFO  server.RaftServerConfigKeys (ConfUtils.java:logGet(43)) - raft.server.rpc.sleep.time = 25ms (default)
2019-09-05 11:06:17,806 [6cb8c19f-8595-423c-829a-79f04dbd8de3@group-B783AA89886C:LeaderElection66] INFO  server.RaftServerConfigKeys (ConfUtils.java:logGet(43)) - raft.server.write.element-limit = 4096 (default)
2019-09-05 11:06:17,804 [4fc6afb9-3f9c-4be8-93ce-657a33e3c6ff@group-E977172CF44D:LeaderElection64] INFO  impl.RoleInfo (RoleInfo.java:shutdownLeaderElection(134)) - 4fc6afb9-3f9c-4be8-93ce-657a33e3c6ff: shutdown LeaderElection
2019-09-05 11:06:17,804 [e3a08138-bcbc-4acb-87dc-f1195608ab57@group-4809F4167C0F:LeaderElection65] INFO  impl.RoleInfo (RoleInfo.java:shutdownLeaderElection(134)) - e3a08138-bcbc-4acb-87dc-f1195608ab57: shutdown LeaderElection
2019-09-05 11:06:17,806 [4fc6afb9-3f9c-4be8-93ce-657a33e3c6ff@group-E977172CF44D:LeaderElection64] INFO  impl.RaftServerImpl (RaftServerImpl.java:setRole(174)) - 4fc6afb9-3f9c-4be8-93ce-657a33e3c6ff@group-E977172CF44D: changes role from CANDIDATE to LEADER at term 1 for changeToLeader
2019-09-05 11:06:17,806 [6cb8c19f-8595-423c-829a-79f04dbd8de3@group-B783AA89886C:LeaderElection66] INFO  server.RaftServerConfigKeys (ConfUtils.java:logGet(43)) - raft.server.watch.timeout = 10s (default)
2019-09-05 11:06:17,805 [89f16946-17a7-47cd-87e0-140db9ee23a2@group-69A34162831A:LeaderElection67] INFO  impl.RaftServerImpl (RaftServerImpl.java:setRole(174)) - 89f16946-17a7-47cd-87e0-140db9ee23a2@group-69A34162831A: changes role from CANDIDATE to LEADER at term 1 for changeToLeader
2019-09-05 11:06:17,805 [fa08243c-f5b4-405f-a071-e3cbc8c99dd0@group-1F31AC3EAA8E:LeaderElection69] INFO  impl.RaftServerImpl (RaftServerImpl.java:setRole(174)) - fa08243c-f5b4-405f-a071-e3cbc8c99dd0@group-1F31AC3EAA8E: changes role from CANDIDATE to LEADER at term 1 for changeToLeader
2019-09-05 11:06:17,815 [89f16946-17a7-47cd-87e0-140db9ee23a2@group-69A34162831A:LeaderElection67] INFO  impl.RaftServerImpl (ServerState.java:setLeader(253)) - 89f16946-17a7-47cd-87e0-140db9ee23a2@group-69A34162831A: change Leader from null to 89f16946-17a7-47cd-87e0-140db9ee23a2 at term 1 for becomeLeader, leader elected after 5692ms
2019-09-05 11:06:17,806 [6cb8c19f-8595-423c-829a-79f04dbd8de3@group-B783AA89886C:LeaderElection66] INFO  server.RaftServerConfigKeys (ConfUtils.java:logGet(43)) - raft.server.watch.timeout.denomination = 1s (default)
2019-09-05 11:06:17,806 [4fc6afb9-3f9c-4be8-93ce-657a33e3c6ff@group-E977172CF44D:LeaderElection64] INFO  impl.RaftServerImpl (ServerState.java:setLeader(253)) - 4fc6afb9-3f9c-4be8-93ce-657a33e3c6ff@group-E977172CF44D: change Leader from null to 4fc6afb9-3f9c-4be8-93ce-657a33e3c6ff at term 1 for becomeLeader, leader elected after 5963ms
2019-09-05 11:06:17,806 [e3a08138-bcbc-4acb-87dc-f1195608ab57@group-4809F4167C0F:LeaderElection65] INFO  impl.RaftServerImpl (RaftServerImpl.java:setRole(174)) - e3a08138-bcbc-4acb-87dc-f1195608ab57@group-4809F4167C0F: changes role from CANDIDATE to LEADER at term 1 for changeToLeader
2019-09-05 11:06:17,816 [4fc6afb9-3f9c-4be8-93ce-657a33e3c6ff@group-E977172CF44D:LeaderElection64] INFO  server.RaftServerConfigKeys (ConfUtils.java:logGet(43)) - raft.server.staging.catchup.gap = 1000 (default)
2019-09-05 11:06:17,816 [89f16946-17a7-47cd-87e0-140db9ee23a2@group-69A34162831A:LeaderElection67] INFO  server.RaftServerConfigKeys (ConfUtils.java:logGet(43)) - raft.server.staging.catchup.gap = 1000 (default)
2019-09-05 11:06:17,816 [6cb8c19f-8595-423c-829a-79f04dbd8de3@group-B783AA89886C:LeaderElection66] INFO  server.RaftServerConfigKeys (ConfUtils.java:logGet(43)) - raft.server.watch.element-limit = 65536 (default)
2019-09-05 11:06:17,815 [fa08243c-f5b4-405f-a071-e3cbc8c99dd0@group-1F31AC3EAA8E:LeaderElection69] INFO  impl.RaftServerImpl (ServerState.java:setLeader(253)) - fa08243c-f5b4-405f-a071-e3cbc8c99dd0@group-1F31AC3EAA8E: change Leader from null to fa08243c-f5b4-405f-a071-e3cbc8c99dd0 at term 1 for becomeLeader, leader elected after 5614ms
2019-09-05 11:06:17,816 [89f16946-17a7-47cd-87e0-140db9ee23a2@group-69A34162831A:LeaderElection67] INFO  server.RaftServerConfigKeys (ConfUtils.java:logGet(43)) - raft.server.rpc.sleep.time = 25ms (default)
2019-09-05 11:06:17,816 [4fc6afb9-3f9c-4be8-93ce-657a33e3c6ff@group-E977172CF44D:LeaderElection64] INFO  server.RaftServerConfigKeys (ConfUtils.java:logGet(43)) - raft.server.rpc.sleep.time = 25ms (default)
2019-09-05 11:06:17,816 [e3a08138-bcbc-4acb-87dc-f1195608ab57@group-4809F4167C0F:LeaderElection65] INFO  impl.RaftServerImpl (ServerState.java:setLeader(253)) - e3a08138-bcbc-4acb-87dc-f1195608ab57@group-4809F4167C0F: change Leader from null to e3a08138-bcbc-4acb-87dc-f1195608ab57 at term 1 for becomeLeader, leader elected after 5889ms
2019-09-05 11:06:17,817 [4fc6afb9-3f9c-4be8-93ce-657a33e3c6ff@group-E977172CF44D:LeaderElection64] INFO  server.RaftServerConfigKeys (ConfUtils.java:logGet(43)) - raft.server.write.element-limit = 4096 (default)
2019-09-05 11:06:17,817 [89f16946-17a7-47cd-87e0-140db9ee23a2@group-69A34162831A:LeaderElection67] INFO  server.RaftServerConfigKeys (ConfUtils.java:logGet(43)) - raft.server.write.element-limit = 4096 (default)
2019-09-05 11:06:17,817 [fa08243c-f5b4-405f-a071-e3cbc8c99dd0@group-1F31AC3EAA8E:LeaderElection69] INFO  server.RaftServerConfigKeys (ConfUtils.java:logGet(43)) - raft.server.staging.catchup.gap = 1000 (default)
2019-09-05 11:06:17,820 [89f16946-17a7-47cd-87e0-140db9ee23a2@group-69A34162831A:LeaderElection67] INFO  server.RaftServerConfigKeys (ConfUtils.java:logGet(43)) - raft.server.watch.timeout = 10s (default)
2019-09-05 11:06:17,817 [4fc6afb9-3f9c-4be8-93ce-657a33e3c6ff@group-E977172CF44D:LeaderElection64] INFO  server.RaftServerConfigKeys (ConfUtils.java:logGet(43)) - raft.server.watch.timeout = 10s (default)
2019-09-05 11:06:17,817 [e3a08138-bcbc-4acb-87dc-f1195608ab57@group-4809F4167C0F:LeaderElection65] INFO  server.RaftServerConfigKeys (ConfUtils.java:logGet(43)) - raft.server.staging.catchup.gap = 1000 (default)
2019-09-05 11:06:17,823 [4fc6afb9-3f9c-4be8-93ce-657a33e3c6ff@group-E977172CF44D:LeaderElection64] INFO  server.RaftServerConfigKeys (ConfUtils.java:logGet(43)) - raft.server.watch.timeout.denomination = 1s (default)
2019-09-05 11:06:17,820 [89f16946-17a7-47cd-87e0-140db9ee23a2@group-69A34162831A:LeaderElection67] INFO  server.RaftServerConfigKeys (ConfUtils.java:logGet(43)) - raft.server.watch.timeout.denomination = 1s (default)
2019-09-05 11:06:17,820 [fa08243c-f5b4-405f-a071-e3cbc8c99dd0@group-1F31AC3EAA8E:LeaderElection69] INFO  server.RaftServerConfigKeys (ConfUtils.java:logGet(43)) - raft.server.rpc.sleep.time = 25ms (default)
2019-09-05 11:06:17,832 [89f16946-17a7-47cd-87e0-140db9ee23a2@group-69A34162831A:LeaderElection67] INFO  server.RaftServerConfigKeys (ConfUtils.java:logGet(43)) - raft.server.watch.element-limit = 65536 (default)
2019-09-05 11:06:17,824 [4fc6afb9-3f9c-4be8-93ce-657a33e3c6ff@group-E977172CF44D:LeaderElection64] INFO  server.RaftServerConfigKeys (ConfUtils.java:logGet(43)) - raft.server.watch.element-limit = 65536 (default)
2019-09-05 11:06:17,823 [e3a08138-bcbc-4acb-87dc-f1195608ab57@group-4809F4167C0F:LeaderElection65] INFO  server.RaftServerConfigKeys (ConfUtils.java:logGet(43)) - raft.server.rpc.sleep.time = 25ms (default)
2019-09-05 11:06:17,832 [fa08243c-f5b4-405f-a071-e3cbc8c99dd0@group-1F31AC3EAA8E:LeaderElection69] INFO  server.RaftServerConfigKeys (ConfUtils.java:logGet(43)) - raft.server.write.element-limit = 4096 (default)
2019-09-05 11:06:17,832 [e3a08138-bcbc-4acb-87dc-f1195608ab57@group-4809F4167C0F:LeaderElection65] INFO  server.RaftServerConfigKeys (ConfUtils.java:logGet(43)) - raft.server.write.element-limit = 4096 (default)
2019-09-05 11:06:17,832 [fa08243c-f5b4-405f-a071-e3cbc8c99dd0@group-1F31AC3EAA8E:LeaderElection69] INFO  server.RaftServerConfigKeys (ConfUtils.java:logGet(43)) - raft.server.watch.timeout = 10s (default)
2019-09-05 11:06:17,833 [e3a08138-bcbc-4acb-87dc-f1195608ab57@group-4809F4167C0F:LeaderElection65] INFO  server.RaftServerConfigKeys (ConfUtils.java:logGet(43)) - raft.server.watch.timeout = 10s (default)
2019-09-05 11:06:17,833 [6cb8c19f-8595-423c-829a-79f04dbd8de3@group-B783AA89886C:LeaderElection66] INFO  impl.RoleInfo (RoleInfo.java:updateAndGet(143)) - 6cb8c19f-8595-423c-829a-79f04dbd8de3: start LeaderState
2019-09-05 11:06:17,833 [fa08243c-f5b4-405f-a071-e3cbc8c99dd0@group-1F31AC3EAA8E:LeaderElection69] INFO  server.RaftServerConfigKeys (ConfUtils.java:logGet(43)) - raft.server.watch.timeout.denomination = 1s (default)
2019-09-05 11:06:17,833 [e3a08138-bcbc-4acb-87dc-f1195608ab57@group-4809F4167C0F:LeaderElection65] INFO  server.RaftServerConfigKeys (ConfUtils.java:logGet(43)) - raft.server.watch.timeout.denomination = 1s (default)
2019-09-05 11:06:17,833 [6cb8c19f-8595-423c-829a-79f04dbd8de3@group-B783AA89886C:LeaderElection66] INFO  segmented.SegmentedRaftLogWorker (SegmentedRaftLogWorker.java:startLogSegment(380)) - 6cb8c19f-8595-423c-829a-79f04dbd8de3@group-B783AA89886C-SegmentedRaftLogWorker: Starting segment from index:0
2019-09-05 11:06:17,833 [fa08243c-f5b4-405f-a071-e3cbc8c99dd0@group-1F31AC3EAA8E:LeaderElection69] INFO  server.RaftServerConfigKeys (ConfUtils.java:logGet(43)) - raft.server.watch.element-limit = 65536 (default)
2019-09-05 11:06:17,833 [e3a08138-bcbc-4acb-87dc-f1195608ab57@group-4809F4167C0F:LeaderElection65] INFO  server.RaftServerConfigKeys (ConfUtils.java:logGet(43)) - raft.server.watch.element-limit = 65536 (default)
2019-09-05 11:06:17,834 [6cb8c19f-8595-423c-829a-79f04dbd8de3@group-B783AA89886C:LeaderElection66] INFO  impl.RaftServerImpl (ServerState.java:setRaftConf(354)) - 6cb8c19f-8595-423c-829a-79f04dbd8de3@group-B783AA89886C: set configuration 0: [6cb8c19f-8595-423c-829a-79f04dbd8de3:192.168.36.83:38750], old=null at 0
2019-09-05 11:06:17,863 [4fc6afb9-3f9c-4be8-93ce-657a33e3c6ff@group-E977172CF44D:LeaderElection64] INFO  impl.RoleInfo (RoleInfo.java:updateAndGet(143)) - 4fc6afb9-3f9c-4be8-93ce-657a33e3c6ff: start LeaderState
2019-09-05 11:06:17,863 [89f16946-17a7-47cd-87e0-140db9ee23a2@group-69A34162831A:LeaderElection67] INFO  impl.RoleInfo (RoleInfo.java:updateAndGet(143)) - 89f16946-17a7-47cd-87e0-140db9ee23a2: start LeaderState
2019-09-05 11:06:17,863 [4fc6afb9-3f9c-4be8-93ce-657a33e3c6ff@group-E977172CF44D:LeaderElection64] INFO  segmented.SegmentedRaftLogWorker (SegmentedRaftLogWorker.java:startLogSegment(380)) - 4fc6afb9-3f9c-4be8-93ce-657a33e3c6ff@group-E977172CF44D-SegmentedRaftLogWorker: Starting segment from index:0
2019-09-05 11:06:17,863 [89f16946-17a7-47cd-87e0-140db9ee23a2@group-69A34162831A:LeaderElection67] INFO  segmented.SegmentedRaftLogWorker (SegmentedRaftLogWorker.java:startLogSegment(380)) - 89f16946-17a7-47cd-87e0-140db9ee23a2@group-69A34162831A-SegmentedRaftLogWorker: Starting segment from index:0
2019-09-05 11:06:17,864 [fa08243c-f5b4-405f-a071-e3cbc8c99dd0@group-1F31AC3EAA8E:LeaderElection69] INFO  impl.RoleInfo (RoleInfo.java:updateAndGet(143)) - fa08243c-f5b4-405f-a071-e3cbc8c99dd0: start LeaderState
2019-09-05 11:06:17,864 [4fc6afb9-3f9c-4be8-93ce-657a33e3c6ff@group-E977172CF44D:LeaderElection64] INFO  impl.RaftServerImpl (ServerState.java:setRaftConf(354)) - 4fc6afb9-3f9c-4be8-93ce-657a33e3c6ff@group-E977172CF44D: set configuration 0: [4fc6afb9-3f9c-4be8-93ce-657a33e3c6ff:192.168.36.83:46330], old=null at 0
2019-09-05 11:06:17,864 [e3a08138-bcbc-4acb-87dc-f1195608ab57@group-4809F4167C0F:LeaderElection65] INFO  impl.RoleInfo (RoleInfo.java:updateAndGet(143)) - e3a08138-bcbc-4acb-87dc-f1195608ab57: start LeaderState
2019-09-05 11:06:17,864 [fa08243c-f5b4-405f-a071-e3cbc8c99dd0@group-1F31AC3EAA8E:LeaderElection69] INFO  segmented.SegmentedRaftLogWorker (SegmentedRaftLogWorker.java:startLogSegment(380)) - fa08243c-f5b4-405f-a071-e3cbc8c99dd0@group-1F31AC3EAA8E-SegmentedRaftLogWorker: Starting segment from index:0
2019-09-05 11:06:17,864 [89f16946-17a7-47cd-87e0-140db9ee23a2@group-69A34162831A:LeaderElection67] INFO  impl.RaftServerImpl (ServerState.java:setRaftConf(354)) - 89f16946-17a7-47cd-87e0-140db9ee23a2@group-69A34162831A: set configuration 0: [89f16946-17a7-47cd-87e0-140db9ee23a2:192.168.36.83:33461], old=null at 0
2019-09-05 11:06:17,864 [e3a08138-bcbc-4acb-87dc-f1195608ab57@group-4809F4167C0F:LeaderElection65] INFO  segmented.SegmentedRaftLogWorker (SegmentedRaftLogWorker.java:startLogSegment(380)) - e3a08138-bcbc-4acb-87dc-f1195608ab57@group-4809F4167C0F-SegmentedRaftLogWorker: Starting segment from index:0
2019-09-05 11:06:17,908 [fa08243c-f5b4-405f-a071-e3cbc8c99dd0@group-1F31AC3EAA8E:LeaderElection69] INFO  impl.RaftServerImpl (ServerState.java:setRaftConf(354)) - fa08243c-f5b4-405f-a071-e3cbc8c99dd0@group-1F31AC3EAA8E: set configuration 0: [fa08243c-f5b4-405f-a071-e3cbc8c99dd0:192.168.36.83:34411], old=null at 0
2019-09-05 11:06:17,908 [e3a08138-bcbc-4acb-87dc-f1195608ab57@group-4809F4167C0F:LeaderElection65] INFO  impl.RaftServerImpl (ServerState.java:setRaftConf(354)) - e3a08138-bcbc-4acb-87dc-f1195608ab57@group-4809F4167C0F: set configuration 0: [e3a08138-bcbc-4acb-87dc-f1195608ab57:192.168.36.83:36559], old=null at 0
2019-09-05 11:06:17,979 [grpc-default-executor-9] INFO  client.GrpcClientProtocolClient (GrpcClientProtocolClient.java:onNext(264)) - client-ADF75DF0F9D1->54fad45f-1182-4a0a-b101-60c94ba267c1: receive RaftClientReply:client-ADF75DF0F9D1->54fad45f-1182-4a0a-b101-60c94ba267c1@group-69654C14B0FF, cid=156, FAILED org.apache.ratis.protocol.NotLeaderException: Server 54fad45f-1182-4a0a-b101-60c94ba267c1@group-69654C14B0FF is not the leader, logIndex=0, commits[54fad45f-1182-4a0a-b101-60c94ba267c1:c-1]
2019-09-05 11:06:18,424 [91f1ec4b-d07c-4bfe-85d9-e7c7373ee128@group-A05EB53D3152:LeaderElection72] INFO  impl.LeaderElection (LeaderElection.java:askForVotes(182)) - 91f1ec4b-d07c-4bfe-85d9-e7c7373ee128@group-A05EB53D3152:LeaderElection72: begin an election at term 1 for -1: [4fc6afb9-3f9c-4be8-93ce-657a33e3c6ff:192.168.36.83:46330, e3a08138-bcbc-4acb-87dc-f1195608ab57:192.168.36.83:36559, 91f1ec4b-d07c-4bfe-85d9-e7c7373ee128:192.168.36.83:38975], old=null
2019-09-05 11:06:18,424 [54fad45f-1182-4a0a-b101-60c94ba267c1@group-69654C14B0FF:LeaderElection73] INFO  impl.LeaderElection (LeaderElection.java:askForVotes(182)) - 54fad45f-1182-4a0a-b101-60c94ba267c1@group-69654C14B0FF:LeaderElection73: begin an election at term 1 for -1: [6cb8c19f-8595-423c-829a-79f04dbd8de3:192.168.36.83:38750, 54fad45f-1182-4a0a-b101-60c94ba267c1:192.168.36.83:41045, 89f16946-17a7-47cd-87e0-140db9ee23a2:192.168.36.83:33461], old=null
2019-09-05 11:06:18,424 [6cb8c19f-8595-423c-829a-79f04dbd8de3@group-69654C14B0FF:LeaderElection74] INFO  impl.LeaderElection (LeaderElection.java:askForVotes(182)) - 6cb8c19f-8595-423c-829a-79f04dbd8de3@group-69654C14B0FF:LeaderElection74: begin an election at term 1 for -1: [6cb8c19f-8595-423c-829a-79f04dbd8de3:192.168.36.83:38750, 54fad45f-1182-4a0a-b101-60c94ba267c1:192.168.36.83:41045, 89f16946-17a7-47cd-87e0-140db9ee23a2:192.168.36.83:33461], old=null
2019-09-05 11:06:18,427 [89f16946-17a7-47cd-87e0-140db9ee23a2@group-69654C14B0FF:LeaderElection71] INFO  impl.LeaderElection (LeaderElection.java:askForVotes(182)) - 89f16946-17a7-47cd-87e0-140db9ee23a2@group-69654C14B0FF:LeaderElection71: begin an election at term 1 for -1: [6cb8c19f-8595-423c-829a-79f04dbd8de3:192.168.36.83:38750, 54fad45f-1182-4a0a-b101-60c94ba267c1:192.168.36.83:41045, 89f16946-17a7-47cd-87e0-140db9ee23a2:192.168.36.83:33461], old=null
2019-09-05 11:06:18,428 [e3a08138-bcbc-4acb-87dc-f1195608ab57@group-A05EB53D3152:LeaderElection70] INFO  impl.LeaderElection (LeaderElection.java:logAndReturn(56)) - e3a08138-bcbc-4acb-87dc-f1195608ab57@group-A05EB53D3152:LeaderElection70: Election REJECTED; received 2 response(s) [e3a08138-bcbc-4acb-87dc-f1195608ab57<-4fc6afb9-3f9c-4be8-93ce-657a33e3c6ff#0:FAIL-t1, e3a08138-bcbc-4acb-87dc-f1195608ab57<-91f1ec4b-d07c-4bfe-85d9-e7c7373ee128#0:FAIL-t1] and 0 exception(s); e3a08138-bcbc-4acb-87dc-f1195608ab57@group-A05EB53D3152:t1, leader=null, voted=e3a08138-bcbc-4acb-87dc-f1195608ab57, raftlog=e3a08138-bcbc-4acb-87dc-f1195608ab57@group-A05EB53D3152-SegmentedRaftLog:OPENED:c-1,f-1,i0, conf=-1: [4fc6afb9-3f9c-4be8-93ce-657a33e3c6ff:192.168.36.83:46330, e3a08138-bcbc-4acb-87dc-f1195608ab57:192.168.36.83:36559, 91f1ec4b-d07c-4bfe-85d9-e7c7373ee128:192.168.36.83:38975], old=null
2019-09-05 11:06:18,428 [4fc6afb9-3f9c-4be8-93ce-657a33e3c6ff@group-A05EB53D3152:LeaderElection68] INFO  impl.LeaderElection (LeaderElection.java:logAndReturn(56)) - 4fc6afb9-3f9c-4be8-93ce-657a33e3c6ff@group-A05EB53D3152:LeaderElection68: Election REJECTED; received 2 response(s) [4fc6afb9-3f9c-4be8-93ce-657a33e3c6ff<-e3a08138-bcbc-4acb-87dc-f1195608ab57#0:FAIL-t1, 4fc6afb9-3f9c-4be8-93ce-657a33e3c6ff<-91f1ec4b-d07c-4bfe-85d9-e7c7373ee128#0:FAIL-t1] and 0 exception(s); 4fc6afb9-3f9c-4be8-93ce-657a33e3c6ff@group-A05EB53D3152:t1, leader=null, voted=4fc6afb9-3f9c-4be8-93ce-657a33e3c6ff, raftlog=4fc6afb9-3f9c-4be8-93ce-657a33e3c6ff@group-A05EB53D3152-SegmentedRaftLog:OPENED:c-1,f-1,i0, conf=-1: [4fc6afb9-3f9c-4be8-93ce-657a33e3c6ff:192.168.36.83:46330, e3a08138-bcbc-4acb-87dc-f1195608ab57:192.168.36.83:36559, 91f1ec4b-d07c-4bfe-85d9-e7c7373ee128:192.168.36.83:38975], old=null
2019-09-05 11:06:18,428 [e3a08138-bcbc-4acb-87dc-f1195608ab57@group-A05EB53D3152:LeaderElection70] INFO  impl.RaftServerImpl (RaftServerImpl.java:setRole(174)) - e3a08138-bcbc-4acb-87dc-f1195608ab57@group-A05EB53D3152: changes role from CANDIDATE to FOLLOWER at term 1 for DISCOVERED_A_NEW_TERM
2019-09-05 11:06:18,432 [4fc6afb9-3f9c-4be8-93ce-657a33e3c6ff@group-A05EB53D3152:LeaderElection68] INFO  impl.RaftServerImpl (RaftServerImpl.java:setRole(174)) - 4fc6afb9-3f9c-4be8-93ce-657a33e3c6ff@group-A05EB53D3152: changes role from CANDIDATE to FOLLOWER at term 1 for DISCOVERED_A_NEW_TERM
2019-09-05 11:06:18,432 [e3a08138-bcbc-4acb-87dc-f1195608ab57@group-A05EB53D3152:LeaderElection70] INFO  impl.RoleInfo (RoleInfo.java:shutdownLeaderElection(134)) - e3a08138-bcbc-4acb-87dc-f1195608ab57: shutdown LeaderElection
2019-09-05 11:06:18,434 [4fc6afb9-3f9c-4be8-93ce-657a33e3c6ff@group-A05EB53D3152:LeaderElection68] INFO  impl.RoleInfo (RoleInfo.java:shutdownLeaderElection(134)) - 4fc6afb9-3f9c-4be8-93ce-657a33e3c6ff: shutdown LeaderElection
2019-09-05 11:06:18,434 [e3a08138-bcbc-4acb-87dc-f1195608ab57@group-A05EB53D3152:LeaderElection70] INFO  impl.RoleInfo (RoleInfo.java:updateAndGet(143)) - e3a08138-bcbc-4acb-87dc-f1195608ab57: start FollowerState
2019-09-05 11:06:18,436 [4fc6afb9-3f9c-4be8-93ce-657a33e3c6ff@group-A05EB53D3152:LeaderElection68] INFO  impl.RoleInfo (RoleInfo.java:updateAndGet(143)) - 4fc6afb9-3f9c-4be8-93ce-657a33e3c6ff: start FollowerState
2019-09-05 11:06:18,453 [6cb8c19f-8595-423c-829a-79f04dbd8de3@group-69654C14B0FF:LeaderElection74] INFO  impl.LeaderElection (LeaderElection.java:logAndReturn(56)) - 6cb8c19f-8595-423c-829a-79f04dbd8de3@group-69654C14B0FF:LeaderElection74: Election REJECTED; received 2 response(s) [6cb8c19f-8595-423c-829a-79f04dbd8de3<-54fad45f-1182-4a0a-b101-60c94ba267c1#0:FAIL-t1, 6cb8c19f-8595-423c-829a-79f04dbd8de3<-89f16946-17a7-47cd-87e0-140db9ee23a2#0:FAIL-t1] and 0 exception(s); 6cb8c19f-8595-423c-829a-79f04dbd8de3@group-69654C14B0FF:t1, leader=null, voted=6cb8c19f-8595-423c-829a-79f04dbd8de3, raftlog=6cb8c19f-8595-423c-829a-79f04dbd8de3@group-69654C14B0FF-SegmentedRaftLog:OPENED:c-1,f-1,i0, conf=-1: [6cb8c19f-8595-423c-829a-79f04dbd8de3:192.168.36.83:38750, 54fad45f-1182-4a0a-b101-60c94ba267c1:192.168.36.83:41045, 89f16946-17a7-47cd-87e0-140db9ee23a2:192.168.36.83:33461], old=null
2019-09-05 11:06:18,455 [6cb8c19f-8595-423c-829a-79f04dbd8de3@group-69654C14B0FF:LeaderElection74] INFO  impl.RaftServerImpl (RaftServerImpl.java:setRole(174)) - 6cb8c19f-8595-423c-829a-79f04dbd8de3@group-69654C14B0FF: changes role from CANDIDATE to FOLLOWER at term 1 for DISCOVERED_A_NEW_TERM
2019-09-05 11:06:18,455 [6cb8c19f-8595-423c-829a-79f04dbd8de3@group-69654C14B0FF:LeaderElection74] INFO  impl.RoleInfo (RoleInfo.java:shutdownLeaderElection(134)) - 6cb8c19f-8595-423c-829a-79f04dbd8de3: shutdown LeaderElection
2019-09-05 11:06:18,455 [6cb8c19f-8595-423c-829a-79f04dbd8de3@group-69654C14B0FF:LeaderElection74] INFO  impl.RoleInfo (RoleInfo.java:updateAndGet(143)) - 6cb8c19f-8595-423c-829a-79f04dbd8de3: start FollowerState
2019-09-05 11:06:18,455 [91f1ec4b-d07c-4bfe-85d9-e7c7373ee128@group-A05EB53D3152:LeaderElection72] INFO  impl.LeaderElection (LeaderElection.java:logAndReturn(56)) - 91f1ec4b-d07c-4bfe-85d9-e7c7373ee128@group-A05EB53D3152:LeaderElection72: Election REJECTED; received 2 response(s) [91f1ec4b-d07c-4bfe-85d9-e7c7373ee128<-4fc6afb9-3f9c-4be8-93ce-657a33e3c6ff#0:FAIL-t1, 91f1ec4b-d07c-4bfe-85d9-e7c7373ee128<-e3a08138-bcbc-4acb-87dc-f1195608ab57#0:FAIL-t1] and 0 exception(s); 91f1ec4b-d07c-4bfe-85d9-e7c7373ee128@group-A05EB53D3152:t1, leader=null, voted=91f1ec4b-d07c-4bfe-85d9-e7c7373ee128, raftlog=91f1ec4b-d07c-4bfe-85d9-e7c7373ee128@group-A05EB53D3152-SegmentedRaftLog:OPENED:c-1,f-1,i0, conf=-1: [4fc6afb9-3f9c-4be8-93ce-657a33e3c6ff:192.168.36.83:46330, e3a08138-bcbc-4acb-87dc-f1195608ab57:192.168.36.83:36559, 91f1ec4b-d07c-4bfe-85d9-e7c7373ee128:192.168.36.83:38975], old=null
2019-09-05 11:06:18,458 [91f1ec4b-d07c-4bfe-85d9-e7c7373ee128@group-A05EB53D3152:LeaderElection72] INFO  impl.RaftServerImpl (RaftServerImpl.java:setRole(174)) - 91f1ec4b-d07c-4bfe-85d9-e7c7373ee128@group-A05EB53D3152: changes role from CANDIDATE to FOLLOWER at term 1 for DISCOVERED_A_NEW_TERM
2019-09-05 11:06:18,461 [91f1ec4b-d07c-4bfe-85d9-e7c7373ee128@group-A05EB53D3152:LeaderElection72] INFO  impl.RoleInfo (RoleInfo.java:shutdownLeaderElection(134)) - 91f1ec4b-d07c-4bfe-85d9-e7c7373ee128: shutdown LeaderElection
2019-09-05 11:06:18,461 [89f16946-17a7-47cd-87e0-140db9ee23a2@group-69654C14B0FF:LeaderElection71] INFO  impl.LeaderElection (LeaderElection.java:logAndReturn(56)) - 89f16946-17a7-47cd-87e0-140db9ee23a2@group-69654C14B0FF:LeaderElection71: Election REJECTED; received 2 response(s) [89f16946-17a7-47cd-87e0-140db9ee23a2<-6cb8c19f-8595-423c-829a-79f04dbd8de3#0:FAIL-t1, 89f16946-17a7-47cd-87e0-140db9ee23a2<-54fad45f-1182-4a0a-b101-60c94ba267c1#0:FAIL-t1] and 0 exception(s); 89f16946-17a7-47cd-87e0-140db9ee23a2@group-69654C14B0FF:t1, leader=null, voted=89f16946-17a7-47cd-87e0-140db9ee23a2, raftlog=89f16946-17a7-47cd-87e0-140db9ee23a2@group-69654C14B0FF-SegmentedRaftLog:OPENED:c-1,f-1,i0, conf=-1: [6cb8c19f-8595-423c-829a-79f04dbd8de3:192.168.36.83:38750, 54fad45f-1182-4a0a-b101-60c94ba267c1:192.168.36.83:41045, 89f16946-17a7-47cd-87e0-140db9ee23a2:192.168.36.83:33461], old=null
2019-09-05 11:06:18,463 [54fad45f-1182-4a0a-b101-60c94ba267c1@group-69654C14B0FF:LeaderElection73] INFO  impl.LeaderElection (LeaderElection.java:logAndReturn(56)) - 54fad45f-1182-4a0a-b101-60c94ba267c1@group-69654C14B0FF:LeaderElection73: Election REJECTED; received 2 response(s) [54fad45f-1182-4a0a-b101-60c94ba267c1<-6cb8c19f-8595-423c-829a-79f04dbd8de3#0:FAIL-t1, 54fad45f-1182-4a0a-b101-60c94ba267c1<-89f16946-17a7-47cd-87e0-140db9ee23a2#0:FAIL-t1] and 0 exception(s); 54fad45f-1182-4a0a-b101-60c94ba267c1@group-69654C14B0FF:t1, leader=null, voted=54fad45f-1182-4a0a-b101-60c94ba267c1, raftlog=54fad45f-1182-4a0a-b101-60c94ba267c1@group-69654C14B0FF-SegmentedRaftLog:OPENED:c-1,f-1,i0, conf=-1: [6cb8c19f-8595-423c-829a-79f04dbd8de3:192.168.36.83:38750, 54fad45f-1182-4a0a-b101-60c94ba267c1:192.168.36.83:41045, 89f16946-17a7-47cd-87e0-140db9ee23a2:192.168.36.83:33461], old=null
2019-09-05 11:06:18,461 [91f1ec4b-d07c-4bfe-85d9-e7c7373ee128@group-A05EB53D3152:LeaderElection72] INFO  impl.RoleInfo (RoleInfo.java:updateAndGet(143)) - 91f1ec4b-d07c-4bfe-85d9-e7c7373ee128: start FollowerState
2019-09-05 11:06:18,464 [54fad45f-1182-4a0a-b101-60c94ba267c1@group-69654C14B0FF:LeaderElection73] INFO  impl.RaftServerImpl (RaftServerImpl.java:setRole(174)) - 54fad45f-1182-4a0a-b101-60c94ba267c1@group-69654C14B0FF: changes role from CANDIDATE to FOLLOWER at term 1 for DISCOVERED_A_NEW_TERM
2019-09-05 11:06:18,464 [89f16946-17a7-47cd-87e0-140db9ee23a2@group-69654C14B0FF:LeaderElection71] INFO  impl.RaftServerImpl (RaftServerImpl.java:setRole(174)) - 89f16946-17a7-47cd-87e0-140db9ee23a2@group-69654C14B0FF: changes role from CANDIDATE to FOLLOWER at term 1 for DISCOVERED_A_NEW_TERM
2019-09-05 11:06:18,469 [54fad45f-1182-4a0a-b101-60c94ba267c1@group-69654C14B0FF:LeaderElection73] INFO  impl.RoleInfo (RoleInfo.java:shutdownLeaderElection(134)) - 54fad45f-1182-4a0a-b101-60c94ba267c1: shutdown LeaderElection
2019-09-05 11:06:18,471 [89f16946-17a7-47cd-87e0-140db9ee23a2@group-69654C14B0FF:LeaderElection71] INFO  impl.RoleInfo (RoleInfo.java:shutdownLeaderElection(134)) - 89f16946-17a7-47cd-87e0-140db9ee23a2: shutdown LeaderElection
2019-09-05 11:06:18,472 [54fad45f-1182-4a0a-b101-60c94ba267c1@group-69654C14B0FF:LeaderElection73] INFO  impl.RoleInfo (RoleInfo.java:updateAndGet(143)) - 54fad45f-1182-4a0a-b101-60c94ba267c1: start FollowerState
2019-09-05 11:06:18,472 [89f16946-17a7-47cd-87e0-140db9ee23a2@group-69654C14B0FF:LeaderElection71] INFO  impl.RoleInfo (RoleInfo.java:updateAndGet(143)) - 89f16946-17a7-47cd-87e0-140db9ee23a2: start FollowerState
2019-09-05 11:06:18,853 [fa08243c-f5b4-405f-a071-e3cbc8c99dd0@group-1F31AC3EAA8E-SegmentedRaftLogWorker] INFO  segmented.SegmentedRaftLogWorker (SegmentedRaftLogWorker.java:execute(569)) - fa08243c-f5b4-405f-a071-e3cbc8c99dd0@group-1F31AC3EAA8E-SegmentedRaftLogWorker: created new log segment /workdir/hadoop-ozone/integration-test/target/test-dir/MiniOzoneClusterImpl-06581d8d-c2e4-4d94-a862-518568baa486/datanode-4/data/ratis/ea3772ca-b73b-474a-824b-1f31ac3eaa8e/current/log_inprogress_0
2019-09-05 11:06:18,853 [e3a08138-bcbc-4acb-87dc-f1195608ab57@group-4809F4167C0F-SegmentedRaftLogWorker] INFO  segmented.SegmentedRaftLogWorker (SegmentedRaftLogWorker.java:execute(569)) - e3a08138-bcbc-4acb-87dc-f1195608ab57@group-4809F4167C0F-SegmentedRaftLogWorker: created new log segment /workdir/hadoop-ozone/integration-test/target/test-dir/MiniOzoneClusterImpl-06581d8d-c2e4-4d94-a862-518568baa486/datanode-6/data/ratis/606b3d88-2065-45a8-92fd-4809f4167c0f/current/log_inprogress_0
2019-09-05 11:06:18,853 [89f16946-17a7-47cd-87e0-140db9ee23a2@group-69A34162831A-SegmentedRaftLogWorker] INFO  segmented.SegmentedRaftLogWorker (SegmentedRaftLogWorker.java:execute(569)) - 89f16946-17a7-47cd-87e0-140db9ee23a2@group-69A34162831A-SegmentedRaftLogWorker: created new log segment /workdir/hadoop-ozone/integration-test/target/test-dir/MiniOzoneClusterImpl-06581d8d-c2e4-4d94-a862-518568baa486/datanode-2/data/ratis/2906686e-c104-4e5d-a1a9-69a34162831a/current/log_inprogress_0
2019-09-05 11:06:18,853 [4fc6afb9-3f9c-4be8-93ce-657a33e3c6ff@group-E977172CF44D-SegmentedRaftLogWorker] INFO  segmented.SegmentedRaftLogWorker (SegmentedRaftLogWorker.java:execute(569)) - 4fc6afb9-3f9c-4be8-93ce-657a33e3c6ff@group-E977172CF44D-SegmentedRaftLogWorker: created new log segment /workdir/hadoop-ozone/integration-test/target/test-dir/MiniOzoneClusterImpl-06581d8d-c2e4-4d94-a862-518568baa486/datanode-5/data/ratis/89e21d88-2bfb-4e43-8a7e-e977172cf44d/current/log_inprogress_0
2019-09-05 11:06:18,853 [6cb8c19f-8595-423c-829a-79f04dbd8de3@group-B783AA89886C-SegmentedRaftLogWorker] INFO  segmented.SegmentedRaftLogWorker (SegmentedRaftLogWorker.java:execute(569)) - 6cb8c19f-8595-423c-829a-79f04dbd8de3@group-B783AA89886C-SegmentedRaftLogWorker: created new log segment /workdir/hadoop-ozone/integration-test/target/test-dir/MiniOzoneClusterImpl-06581d8d-c2e4-4d94-a862-518568baa486/datanode-1/data/ratis/9eb08446-0c1f-43f0-a161-b783aa89886c/current/log_inprogress_0
2019-09-05 11:06:18,992 [grpc-default-executor-10] INFO  client.GrpcClientProtocolClient (GrpcClientProtocolClient.java:onNext(264)) - client-ADF75DF0F9D1->6cb8c19f-8595-423c-829a-79f04dbd8de3: receive RaftClientReply:client-ADF75DF0F9D1->6cb8c19f-8595-423c-829a-79f04dbd8de3@group-69654C14B0FF, cid=156, FAILED org.apache.ratis.protocol.NotLeaderException: Server 6cb8c19f-8595-423c-829a-79f04dbd8de3@group-69654C14B0FF is not the leader, logIndex=0, commits[6cb8c19f-8595-423c-829a-79f04dbd8de3:c-1]
2019-09-05 11:06:20,005 [grpc-default-executor-10] INFO  client.GrpcClientProtocolClient (GrpcClientProtocolClient.java:onNext(264)) - client-ADF75DF0F9D1->54fad45f-1182-4a0a-b101-60c94ba267c1: receive RaftClientReply:client-ADF75DF0F9D1->54fad45f-1182-4a0a-b101-60c94ba267c1@group-69654C14B0FF, cid=156, FAILED org.apache.ratis.protocol.NotLeaderException: Server 54fad45f-1182-4a0a-b101-60c94ba267c1@group-69654C14B0FF is not the leader, logIndex=0, commits[54fad45f-1182-4a0a-b101-60c94ba267c1:c-1]
2019-09-05 11:06:21,017 [grpc-default-executor-8] INFO  client.GrpcClientProtocolClient (GrpcClientProtocolClient.java:onNext(264)) - client-ADF75DF0F9D1->89f16946-17a7-47cd-87e0-140db9ee23a2: receive RaftClientReply:client-ADF75DF0F9D1->89f16946-17a7-47cd-87e0-140db9ee23a2@group-69654C14B0FF, cid=156, FAILED org.apache.ratis.protocol.NotLeaderException: Server 89f16946-17a7-47cd-87e0-140db9ee23a2@group-69654C14B0FF is not the leader, logIndex=0, commits[89f16946-17a7-47cd-87e0-140db9ee23a2:c-1]
2019-09-05 11:06:22,039 [grpc-default-executor-8] INFO  client.GrpcClientProtocolClient (GrpcClientProtocolClient.java:onNext(264)) - client-ADF75DF0F9D1->54fad45f-1182-4a0a-b101-60c94ba267c1: receive RaftClientReply:client-ADF75DF0F9D1->54fad45f-1182-4a0a-b101-60c94ba267c1@group-69654C14B0FF, cid=156, FAILED org.apache.ratis.protocol.NotLeaderException: Server 54fad45f-1182-4a0a-b101-60c94ba267c1@group-69654C14B0FF is not the leader, logIndex=0, commits[54fad45f-1182-4a0a-b101-60c94ba267c1:c-1]
2019-09-05 11:06:23,059 [grpc-default-executor-10] INFO  client.GrpcClientProtocolClient (GrpcClientProtocolClient.java:onNext(264)) - client-ADF75DF0F9D1->89f16946-17a7-47cd-87e0-140db9ee23a2: receive RaftClientReply:client-ADF75DF0F9D1->89f16946-17a7-47cd-87e0-140db9ee23a2@group-69654C14B0FF, cid=156, FAILED org.apache.ratis.protocol.NotLeaderException: Server 89f16946-17a7-47cd-87e0-140db9ee23a2@group-69654C14B0FF is not the leader, logIndex=0, commits[89f16946-17a7-47cd-87e0-140db9ee23a2:c-1]
2019-09-05 11:06:23,477 [Thread-2954] INFO  impl.FollowerState (FollowerState.java:run(106)) - 4fc6afb9-3f9c-4be8-93ce-657a33e3c6ff:group-A05EB53D3152 changes to CANDIDATE, lastRpcTime:5040, electionTimeout:5040ms
2019-09-05 11:06:23,478 [Thread-2954] INFO  impl.RoleInfo (RoleInfo.java:shutdownFollowerState(121)) - 4fc6afb9-3f9c-4be8-93ce-657a33e3c6ff: shutdown FollowerState
2019-09-05 11:06:23,478 [Thread-2954] INFO  impl.RaftServerImpl (RaftServerImpl.java:setRole(174)) - 4fc6afb9-3f9c-4be8-93ce-657a33e3c6ff@group-A05EB53D3152: changes role from  FOLLOWER to CANDIDATE at term 1 for changeToCandidate
2019-09-05 11:06:23,478 [Thread-2954] INFO  impl.RoleInfo (RoleInfo.java:updateAndGet(143)) - 4fc6afb9-3f9c-4be8-93ce-657a33e3c6ff: start LeaderElection
2019-09-05 11:06:23,491 [Thread-2958] INFO  impl.FollowerState (FollowerState.java:run(106)) - 89f16946-17a7-47cd-87e0-140db9ee23a2:group-69654C14B0FF changes to CANDIDATE, lastRpcTime:5019, electionTimeout:5019ms
2019-09-05 11:06:23,492 [Thread-2958] INFO  impl.RoleInfo (RoleInfo.java:shutdownFollowerState(121)) - 89f16946-17a7-47cd-87e0-140db9ee23a2: shutdown FollowerState
2019-09-05 11:06:23,492 [Thread-2958] INFO  impl.RaftServerImpl (RaftServerImpl.java:setRole(174)) - 89f16946-17a7-47cd-87e0-140db9ee23a2@group-69654C14B0FF: changes role from  FOLLOWER to CANDIDATE at term 1 for changeToCandidate
2019-09-05 11:06:23,492 [Thread-2958] INFO  impl.RoleInfo (RoleInfo.java:updateAndGet(143)) - 89f16946-17a7-47cd-87e0-140db9ee23a2: start LeaderElection
2019-09-05 11:06:23,524 [Thread-2953] INFO  impl.FollowerState (FollowerState.java:run(106)) - e3a08138-bcbc-4acb-87dc-f1195608ab57:group-A05EB53D3152 changes to CANDIDATE, lastRpcTime:5089, electionTimeout:5087ms
2019-09-05 11:06:23,524 [Thread-2953] INFO  impl.RoleInfo (RoleInfo.java:shutdownFollowerState(121)) - e3a08138-bcbc-4acb-87dc-f1195608ab57: shutdown FollowerState
2019-09-05 11:06:23,524 [Thread-2953] INFO  impl.RaftServerImpl (RaftServerImpl.java:setRole(174)) - e3a08138-bcbc-4acb-87dc-f1195608ab57@group-A05EB53D3152: changes role from  FOLLOWER to CANDIDATE at term 1 for changeToCandidate
2019-09-05 11:06:23,524 [Thread-2953] INFO  impl.RoleInfo (RoleInfo.java:updateAndGet(143)) - e3a08138-bcbc-4acb-87dc-f1195608ab57: start LeaderElection
2019-09-05 11:06:23,556 [Thread-2956] INFO  impl.FollowerState (FollowerState.java:run(106)) - 91f1ec4b-d07c-4bfe-85d9-e7c7373ee128:group-A05EB53D3152 changes to CANDIDATE, lastRpcTime:5095, electionTimeout:5087ms
2019-09-05 11:06:23,556 [Thread-2956] INFO  impl.RoleInfo (RoleInfo.java:shutdownFollowerState(121)) - 91f1ec4b-d07c-4bfe-85d9-e7c7373ee128: shutdown FollowerState
2019-09-05 11:06:23,556 [Thread-2956] INFO  impl.RaftServerImpl (RaftServerImpl.java:setRole(174)) - 91f1ec4b-d07c-4bfe-85d9-e7c7373ee128@group-A05EB53D3152: changes role from  FOLLOWER to CANDIDATE at term 1 for changeToCandidate
2019-09-05 11:06:23,557 [Thread-2956] INFO  impl.RoleInfo (RoleInfo.java:updateAndGet(143)) - 91f1ec4b-d07c-4bfe-85d9-e7c7373ee128: start LeaderElection
2019-09-05 11:06:23,619 [Thread-2957] INFO  impl.FollowerState (FollowerState.java:run(106)) - 54fad45f-1182-4a0a-b101-60c94ba267c1:group-69654C14B0FF changes to CANDIDATE, lastRpcTime:5147, electionTimeout:5147ms
2019-09-05 11:06:23,619 [Thread-2957] INFO  impl.RoleInfo (RoleInfo.java:shutdownFollowerState(121)) - 54fad45f-1182-4a0a-b101-60c94ba267c1: shutdown FollowerState
2019-09-05 11:06:23,619 [Thread-2957] INFO  impl.RaftServerImpl (RaftServerImpl.java:setRole(174)) - 54fad45f-1182-4a0a-b101-60c94ba267c1@group-69654C14B0FF: changes role from  FOLLOWER to CANDIDATE at term 1 for changeToCandidate
2019-09-05 11:06:23,620 [Thread-2957] INFO  impl.RoleInfo (RoleInfo.java:updateAndGet(143)) - 54fad45f-1182-4a0a-b101-60c94ba267c1: start LeaderElection
2019-09-05 11:06:23,658 [Thread-2955] INFO  impl.FollowerState (FollowerState.java:run(106)) - 6cb8c19f-8595-423c-829a-79f04dbd8de3:group-69654C14B0FF changes to CANDIDATE, lastRpcTime:5202, electionTimeout:5197ms
2019-09-05 11:06:23,658 [Thread-2955] INFO  impl.RoleInfo (RoleInfo.java:shutdownFollowerState(121)) - 6cb8c19f-8595-423c-829a-79f04dbd8de3: shutdown FollowerState
2019-09-05 11:06:23,658 [Thread-2955] INFO  impl.RaftServerImpl (RaftServerImpl.java:setRole(174)) - 6cb8c19f-8595-423c-829a-79f04dbd8de3@group-69654C14B0FF: changes role from  FOLLOWER to CANDIDATE at term 1 for changeToCandidate
2019-09-05 11:06:23,659 [Thread-2955] INFO  impl.RoleInfo (RoleInfo.java:updateAndGet(143)) - 6cb8c19f-8595-423c-829a-79f04dbd8de3: start LeaderElection
2019-09-05 11:06:23,804 [89f16946-17a7-47cd-87e0-140db9ee23a2@group-69654C14B0FF:LeaderElection76] INFO  impl.LeaderElection (LeaderElection.java:askForVotes(182)) - 89f16946-17a7-47cd-87e0-140db9ee23a2@group-69654C14B0FF:LeaderElection76: begin an election at term 2 for -1: [6cb8c19f-8595-423c-829a-79f04dbd8de3:192.168.36.83:38750, 54fad45f-1182-4a0a-b101-60c94ba267c1:192.168.36.83:41045, 89f16946-17a7-47cd-87e0-140db9ee23a2:192.168.36.83:33461], old=null
2019-09-05 11:06:23,804 [4fc6afb9-3f9c-4be8-93ce-657a33e3c6ff@group-A05EB53D3152:LeaderElection75] INFO  impl.LeaderElection (LeaderElection.java:askForVotes(182)) - 4fc6afb9-3f9c-4be8-93ce-657a33e3c6ff@group-A05EB53D3152:LeaderElection75: begin an election at term 2 for -1: [4fc6afb9-3f9c-4be8-93ce-657a33e3c6ff:192.168.36.83:46330, e3a08138-bcbc-4acb-87dc-f1195608ab57:192.168.36.83:36559, 91f1ec4b-d07c-4bfe-85d9-e7c7373ee128:192.168.36.83:38975], old=null
2019-09-05 11:06:24,073 [grpc-default-executor-1] INFO  client.GrpcClientProtocolClient (GrpcClientProtocolClient.java:onNext(264)) - client-ADF75DF0F9D1->54fad45f-1182-4a0a-b101-60c94ba267c1: receive RaftClientReply:client-ADF75DF0F9D1->54fad45f-1182-4a0a-b101-60c94ba267c1@group-69654C14B0FF, cid=156, FAILED org.apache.ratis.protocol.NotLeaderException: Server 54fad45f-1182-4a0a-b101-60c94ba267c1@group-69654C14B0FF is not the leader, logIndex=0, commits[54fad45f-1182-4a0a-b101-60c94ba267c1:c-1]
2019-09-05 11:06:24,246 [54fad45f-1182-4a0a-b101-60c94ba267c1@group-69654C14B0FF:LeaderElection79] INFO  impl.LeaderElection (LeaderElection.java:askForVotes(182)) - 54fad45f-1182-4a0a-b101-60c94ba267c1@group-69654C14B0FF:LeaderElection79: begin an election at term 2 for -1: [6cb8c19f-8595-423c-829a-79f04dbd8de3:192.168.36.83:38750, 54fad45f-1182-4a0a-b101-60c94ba267c1:192.168.36.83:41045, 89f16946-17a7-47cd-87e0-140db9ee23a2:192.168.36.83:33461], old=null
2019-09-05 11:06:24,246 [6cb8c19f-8595-423c-829a-79f04dbd8de3@group-69654C14B0FF:LeaderElection80] INFO  impl.LeaderElection (LeaderElection.java:askForVotes(182)) - 6cb8c19f-8595-423c-829a-79f04dbd8de3@group-69654C14B0FF:LeaderElection80: begin an election at term 2 for -1: [6cb8c19f-8595-423c-829a-79f04dbd8de3:192.168.36.83:38750, 54fad45f-1182-4a0a-b101-60c94ba267c1:192.168.36.83:41045, 89f16946-17a7-47cd-87e0-140db9ee23a2:192.168.36.83:33461], old=null
2019-09-05 11:06:24,246 [91f1ec4b-d07c-4bfe-85d9-e7c7373ee128@group-A05EB53D3152:LeaderElection78] INFO  impl.LeaderElection (LeaderElection.java:askForVotes(182)) - 91f1ec4b-d07c-4bfe-85d9-e7c7373ee128@group-A05EB53D3152:LeaderElection78: begin an election at term 2 for -1: [4fc6afb9-3f9c-4be8-93ce-657a33e3c6ff:192.168.36.83:46330, e3a08138-bcbc-4acb-87dc-f1195608ab57:192.168.36.83:36559, 91f1ec4b-d07c-4bfe-85d9-e7c7373ee128:192.168.36.83:38975], old=null
2019-09-05 11:06:24,246 [e3a08138-bcbc-4acb-87dc-f1195608ab57@group-A05EB53D3152:LeaderElection77] INFO  impl.LeaderElection (LeaderElection.java:askForVotes(182)) - e3a08138-bcbc-4acb-87dc-f1195608ab57@group-A05EB53D3152:LeaderElection77: begin an election at term 2 for -1: [4fc6afb9-3f9c-4be8-93ce-657a33e3c6ff:192.168.36.83:46330, e3a08138-bcbc-4acb-87dc-f1195608ab57:192.168.36.83:36559, 91f1ec4b-d07c-4bfe-85d9-e7c7373ee128:192.168.36.83:38975], old=null
2019-09-05 11:06:24,248 [4fc6afb9-3f9c-4be8-93ce-657a33e3c6ff@group-A05EB53D3152:LeaderElection75] INFO  impl.LeaderElection (LeaderElection.java:logAndReturn(56)) - 4fc6afb9-3f9c-4be8-93ce-657a33e3c6ff@group-A05EB53D3152:LeaderElection75: Election REJECTED; received 2 response(s) [4fc6afb9-3f9c-4be8-93ce-657a33e3c6ff<-e3a08138-bcbc-4acb-87dc-f1195608ab57#0:FAIL-t2, 4fc6afb9-3f9c-4be8-93ce-657a33e3c6ff<-91f1ec4b-d07c-4bfe-85d9-e7c7373ee128#0:FAIL-t2] and 0 exception(s); 4fc6afb9-3f9c-4be8-93ce-657a33e3c6ff@group-A05EB53D3152:t2, leader=null, voted=4fc6afb9-3f9c-4be8-93ce-657a33e3c6ff, raftlog=4fc6afb9-3f9c-4be8-93ce-657a33e3c6ff@group-A05EB53D3152-SegmentedRaftLog:OPENED:c-1,f-1,i0, conf=-1: [4fc6afb9-3f9c-4be8-93ce-657a33e3c6ff:192.168.36.83:46330, e3a08138-bcbc-4acb-87dc-f1195608ab57:192.168.36.83:36559, 91f1ec4b-d07c-4bfe-85d9-e7c7373ee128:192.168.36.83:38975], old=null
2019-09-05 11:06:24,248 [89f16946-17a7-47cd-87e0-140db9ee23a2@group-69654C14B0FF:LeaderElection76] INFO  impl.LeaderElection (LeaderElection.java:logAndReturn(56)) - 89f16946-17a7-47cd-87e0-140db9ee23a2@group-69654C14B0FF:LeaderElection76: Election REJECTED; received 2 response(s) [89f16946-17a7-47cd-87e0-140db9ee23a2<-6cb8c19f-8595-423c-829a-79f04dbd8de3#0:FAIL-t2, 89f16946-17a7-47cd-87e0-140db9ee23a2<-54fad45f-1182-4a0a-b101-60c94ba267c1#0:FAIL-t2] and 0 exception(s); 89f16946-17a7-47cd-87e0-140db9ee23a2@group-69654C14B0FF:t2, leader=null, voted=89f16946-17a7-47cd-87e0-140db9ee23a2, raftlog=89f16946-17a7-47cd-87e0-140db9ee23a2@group-69654C14B0FF-SegmentedRaftLog:OPENED:c-1,f-1,i0, conf=-1: [6cb8c19f-8595-423c-829a-79f04dbd8de3:192.168.36.83:38750, 54fad45f-1182-4a0a-b101-60c94ba267c1:192.168.36.83:41045, 89f16946-17a7-47cd-87e0-140db9ee23a2:192.168.36.83:33461], old=null
2019-09-05 11:06:24,248 [4fc6afb9-3f9c-4be8-93ce-657a33e3c6ff@group-A05EB53D3152:LeaderElection75] INFO  impl.RaftServerImpl (RaftServerImpl.java:setRole(174)) - 4fc6afb9-3f9c-4be8-93ce-657a33e3c6ff@group-A05EB53D3152: changes role from CANDIDATE to FOLLOWER at term 2 for DISCOVERED_A_NEW_TERM
2019-09-05 11:06:24,249 [89f16946-17a7-47cd-87e0-140db9ee23a2@group-69654C14B0FF:LeaderElection76] INFO  impl.RaftServerImpl (RaftServerImpl.java:setRole(174)) - 89f16946-17a7-47cd-87e0-140db9ee23a2@group-69654C14B0FF: changes role from CANDIDATE to FOLLOWER at term 2 for DISCOVERED_A_NEW_TERM
2019-09-05 11:06:24,253 [4fc6afb9-3f9c-4be8-93ce-657a33e3c6ff@group-A05EB53D3152:LeaderElection75] INFO  impl.RoleInfo (RoleInfo.java:shutdownLeaderElection(134)) - 4fc6afb9-3f9c-4be8-93ce-657a33e3c6ff: shutdown LeaderElection
2019-09-05 11:06:24,256 [89f16946-17a7-47cd-87e0-140db9ee23a2@group-69654C14B0FF:LeaderElection76] INFO  impl.RoleInfo (RoleInfo.java:shutdownLeaderElection(134)) - 89f16946-17a7-47cd-87e0-140db9ee23a2: shutdown LeaderElection
2019-09-05 11:06:24,256 [4fc6afb9-3f9c-4be8-93ce-657a33e3c6ff@group-A05EB53D3152:LeaderElection75] INFO  impl.RoleInfo (RoleInfo.java:updateAndGet(143)) - 4fc6afb9-3f9c-4be8-93ce-657a33e3c6ff: start FollowerState
2019-09-05 11:06:24,256 [89f16946-17a7-47cd-87e0-140db9ee23a2@group-69654C14B0FF:LeaderElection76] INFO  impl.RoleInfo (RoleInfo.java:updateAndGet(143)) - 89f16946-17a7-47cd-87e0-140db9ee23a2: start FollowerState
2019-09-05 11:06:24,258 [91f1ec4b-d07c-4bfe-85d9-e7c7373ee128@group-A05EB53D3152:LeaderElection78] INFO  impl.LeaderElection (LeaderElection.java:logAndReturn(56)) - 91f1ec4b-d07c-4bfe-85d9-e7c7373ee128@group-A05EB53D3152:LeaderElection78: Election REJECTED; received 2 response(s) [91f1ec4b-d07c-4bfe-85d9-e7c7373ee128<-4fc6afb9-3f9c-4be8-93ce-657a33e3c6ff#0:FAIL-t2, 91f1ec4b-d07c-4bfe-85d9-e7c7373ee128<-e3a08138-bcbc-4acb-87dc-f1195608ab57#0:FAIL-t2] and 0 exception(s); 91f1ec4b-d07c-4bfe-85d9-e7c7373ee128@group-A05EB53D3152:t2, leader=null, voted=91f1ec4b-d07c-4bfe-85d9-e7c7373ee128, raftlog=91f1ec4b-d07c-4bfe-85d9-e7c7373ee128@group-A05EB53D3152-SegmentedRaftLog:OPENED:c-1,f-1,i0, conf=-1: [4fc6afb9-3f9c-4be8-93ce-657a33e3c6ff:192.168.36.83:46330, e3a08138-bcbc-4acb-87dc-f1195608ab57:192.168.36.83:36559, 91f1ec4b-d07c-4bfe-85d9-e7c7373ee128:192.168.36.83:38975], old=null
2019-09-05 11:06:24,259 [91f1ec4b-d07c-4bfe-85d9-e7c7373ee128@group-A05EB53D3152:LeaderElection78] INFO  impl.RaftServerImpl (RaftServerImpl.java:setRole(174)) - 91f1ec4b-d07c-4bfe-85d9-e7c7373ee128@group-A05EB53D3152: changes role from CANDIDATE to FOLLOWER at term 2 for DISCOVERED_A_NEW_TERM
2019-09-05 11:06:24,259 [91f1ec4b-d07c-4bfe-85d9-e7c7373ee128@group-A05EB53D3152:LeaderElection78] INFO  impl.RoleInfo (RoleInfo.java:shutdownLeaderElection(134)) - 91f1ec4b-d07c-4bfe-85d9-e7c7373ee128: shutdown LeaderElection
2019-09-05 11:06:24,259 [91f1ec4b-d07c-4bfe-85d9-e7c7373ee128@group-A05EB53D3152:LeaderElection78] INFO  impl.RoleInfo (RoleInfo.java:updateAndGet(143)) - 91f1ec4b-d07c-4bfe-85d9-e7c7373ee128: start FollowerState
2019-09-05 11:06:24,259 [e3a08138-bcbc-4acb-87dc-f1195608ab57@group-A05EB53D3152:LeaderElection77] INFO  impl.LeaderElection (LeaderElection.java:logAndReturn(56)) - e3a08138-bcbc-4acb-87dc-f1195608ab57@group-A05EB53D3152:LeaderElection77: Election REJECTED; received 2 response(s) [e3a08138-bcbc-4acb-87dc-f1195608ab57<-4fc6afb9-3f9c-4be8-93ce-657a33e3c6ff#0:FAIL-t2, e3a08138-bcbc-4acb-87dc-f1195608ab57<-91f1ec4b-d07c-4bfe-85d9-e7c7373ee128#0:FAIL-t2] and 0 exception(s); e3a08138-bcbc-4acb-87dc-f1195608ab57@group-A05EB53D3152:t2, leader=null, voted=e3a08138-bcbc-4acb-87dc-f1195608ab57, raftlog=e3a08138-bcbc-4acb-87dc-f1195608ab57@group-A05EB53D3152-SegmentedRaftLog:OPENED:c-1,f-1,i0, conf=-1: [4fc6afb9-3f9c-4be8-93ce-657a33e3c6ff:192.168.36.83:46330, e3a08138-bcbc-4acb-87dc-f1195608ab57:192.168.36.83:36559, 91f1ec4b-d07c-4bfe-85d9-e7c7373ee128:192.168.36.83:38975], old=null
2019-09-05 11:06:24,259 [6cb8c19f-8595-423c-829a-79f04dbd8de3@group-69654C14B0FF:LeaderElection80] INFO  impl.LeaderElection (LeaderElection.java:logAndReturn(56)) - 6cb8c19f-8595-423c-829a-79f04dbd8de3@group-69654C14B0FF:LeaderElection80: Election REJECTED; received 2 response(s) [6cb8c19f-8595-423c-829a-79f04dbd8de3<-54fad45f-1182-4a0a-b101-60c94ba267c1#0:FAIL-t2, 6cb8c19f-8595-423c-829a-79f04dbd8de3<-89f16946-17a7-47cd-87e0-140db9ee23a2#0:FAIL-t2] and 0 exception(s); 6cb8c19f-8595-423c-829a-79f04dbd8de3@group-69654C14B0FF:t2, leader=null, voted=6cb8c19f-8595-423c-829a-79f04dbd8de3, raftlog=6cb8c19f-8595-423c-829a-79f04dbd8de3@group-69654C14B0FF-SegmentedRaftLog:OPENED:c-1,f-1,i0, conf=-1: [6cb8c19f-8595-423c-829a-79f04dbd8de3:192.168.36.83:38750, 54fad45f-1182-4a0a-b101-60c94ba267c1:192.168.36.83:41045, 89f16946-17a7-47cd-87e0-140db9ee23a2:192.168.36.83:33461], old=null
2019-09-05 11:06:24,262 [e3a08138-bcbc-4acb-87dc-f1195608ab57@group-A05EB53D3152:LeaderElection77] INFO  impl.RaftServerImpl (RaftServerImpl.java:setRole(174)) - e3a08138-bcbc-4acb-87dc-f1195608ab57@group-A05EB53D3152: changes role from CANDIDATE to FOLLOWER at term 2 for DISCOVERED_A_NEW_TERM
2019-09-05 11:06:24,265 [6cb8c19f-8595-423c-829a-79f04dbd8de3@group-69654C14B0FF:LeaderElection80] INFO  impl.RaftServerImpl (RaftServerImpl.java:setRole(174)) - 6cb8c19f-8595-423c-829a-79f04dbd8de3@group-69654C14B0FF: changes role from CANDIDATE to FOLLOWER at term 2 for DISCOVERED_A_NEW_TERM
2019-09-05 11:06:24,268 [6cb8c19f-8595-423c-829a-79f04dbd8de3@group-69654C14B0FF:LeaderElection80] INFO  impl.RoleInfo (RoleInfo.java:shutdownLeaderElection(134)) - 6cb8c19f-8595-423c-829a-79f04dbd8de3: shutdown LeaderElection
2019-09-05 11:06:24,259 [54fad45f-1182-4a0a-b101-60c94ba267c1@group-69654C14B0FF:LeaderElection79] INFO  impl.LeaderElection (LeaderElection.java:logAndReturn(56)) - 54fad45f-1182-4a0a-b101-60c94ba267c1@group-69654C14B0FF:LeaderElection79: Election REJECTED; received 2 response(s) [54fad45f-1182-4a0a-b101-60c94ba267c1<-6cb8c19f-8595-423c-829a-79f04dbd8de3#0:FAIL-t2, 54fad45f-1182-4a0a-b101-60c94ba267c1<-89f16946-17a7-47cd-87e0-140db9ee23a2#0:FAIL-t2] and 0 exception(s); 54fad45f-1182-4a0a-b101-60c94ba267c1@group-69654C14B0FF:t2, leader=null, voted=54fad45f-1182-4a0a-b101-60c94ba267c1, raftlog=54fad45f-1182-4a0a-b101-60c94ba267c1@group-69654C14B0FF-SegmentedRaftLog:OPENED:c-1,f-1,i0, conf=-1: [6cb8c19f-8595-423c-829a-79f04dbd8de3:192.168.36.83:38750, 54fad45f-1182-4a0a-b101-60c94ba267c1:192.168.36.83:41045, 89f16946-17a7-47cd-87e0-140db9ee23a2:192.168.36.83:33461], old=null
2019-09-05 11:06:24,268 [6cb8c19f-8595-423c-829a-79f04dbd8de3@group-69654C14B0FF:LeaderElection80] INFO  impl.RoleInfo (RoleInfo.java:updateAndGet(143)) - 6cb8c19f-8595-423c-829a-79f04dbd8de3: start FollowerState
2019-09-05 11:06:24,265 [e3a08138-bcbc-4acb-87dc-f1195608ab57@group-A05EB53D3152:LeaderElection77] INFO  impl.RoleInfo (RoleInfo.java:shutdownLeaderElection(134)) - e3a08138-bcbc-4acb-87dc-f1195608ab57: shutdown LeaderElection
2019-09-05 11:06:24,268 [54fad45f-1182-4a0a-b101-60c94ba267c1@group-69654C14B0FF:LeaderElection79] INFO  impl.RaftServerImpl (RaftServerImpl.java:setRole(174)) - 54fad45f-1182-4a0a-b101-60c94ba267c1@group-69654C14B0FF: changes role from CANDIDATE to FOLLOWER at term 2 for DISCOVERED_A_NEW_TERM
2019-09-05 11:06:24,271 [e3a08138-bcbc-4acb-87dc-f1195608ab57@group-A05EB53D3152:LeaderElection77] INFO  impl.RoleInfo (RoleInfo.java:updateAndGet(143)) - e3a08138-bcbc-4acb-87dc-f1195608ab57: start FollowerState
2019-09-05 11:06:24,271 [54fad45f-1182-4a0a-b101-60c94ba267c1@group-69654C14B0FF:LeaderElection79] INFO  impl.RoleInfo (RoleInfo.java:shutdownLeaderElection(134)) - 54fad45f-1182-4a0a-b101-60c94ba267c1: shutdown LeaderElection
2019-09-05 11:06:24,272 [54fad45f-1182-4a0a-b101-60c94ba267c1@group-69654C14B0FF:LeaderElection79] INFO  impl.RoleInfo (RoleInfo.java:updateAndGet(143)) - 54fad45f-1182-4a0a-b101-60c94ba267c1: start FollowerState
2019-09-05 11:06:25,085 [grpc-default-executor-9] INFO  client.GrpcClientProtocolClient (GrpcClientProtocolClient.java:onNext(264)) - client-ADF75DF0F9D1->89f16946-17a7-47cd-87e0-140db9ee23a2: receive RaftClientReply:client-ADF75DF0F9D1->89f16946-17a7-47cd-87e0-140db9ee23a2@group-69654C14B0FF, cid=156, FAILED org.apache.ratis.protocol.NotLeaderException: Server 89f16946-17a7-47cd-87e0-140db9ee23a2@group-69654C14B0FF is not the leader, logIndex=0, commits[89f16946-17a7-47cd-87e0-140db9ee23a2:c-1]
2019-09-05 11:06:26,107 [grpc-default-executor-9] INFO  client.GrpcClientProtocolClient (GrpcClientProtocolClient.java:onNext(264)) - client-ADF75DF0F9D1->6cb8c19f-8595-423c-829a-79f04dbd8de3: receive RaftClientReply:client-ADF75DF0F9D1->6cb8c19f-8595-423c-829a-79f04dbd8de3@group-69654C14B0FF, cid=156, FAILED org.apache.ratis.protocol.NotLeaderException: Server 6cb8c19f-8595-423c-829a-79f04dbd8de3@group-69654C14B0FF is not the leader, logIndex=0, commits[6cb8c19f-8595-423c-829a-79f04dbd8de3:c-1]
2019-09-05 11:06:27,123 [grpc-default-executor-10] INFO  client.GrpcClientProtocolClient (GrpcClientProtocolClient.java:onNext(264)) - client-ADF75DF0F9D1->89f16946-17a7-47cd-87e0-140db9ee23a2: receive RaftClientReply:client-ADF75DF0F9D1->89f16946-17a7-47cd-87e0-140db9ee23a2@group-69654C14B0FF, cid=156, FAILED org.apache.ratis.protocol.NotLeaderException: Server 89f16946-17a7-47cd-87e0-140db9ee23a2@group-69654C14B0FF is not the leader, logIndex=0, commits[89f16946-17a7-47cd-87e0-140db9ee23a2:c-1]
2019-09-05 11:06:28,141 [grpc-default-executor-10] INFO  client.GrpcClientProtocolClient (GrpcClientProtocolClient.java:onNext(264)) - client-ADF75DF0F9D1->6cb8c19f-8595-423c-829a-79f04dbd8de3: receive RaftClientReply:client-ADF75DF0F9D1->6cb8c19f-8595-423c-829a-79f04dbd8de3@group-69654C14B0FF, cid=156, FAILED org.apache.ratis.protocol.NotLeaderException: Server 6cb8c19f-8595-423c-829a-79f04dbd8de3@group-69654C14B0FF is not the leader, logIndex=0, commits[6cb8c19f-8595-423c-829a-79f04dbd8de3:c-1]
2019-09-05 11:06:29,166 [grpc-default-executor-10] INFO  client.GrpcClientProtocolClient (GrpcClientProtocolClient.java:onNext(264)) - client-ADF75DF0F9D1->54fad45f-1182-4a0a-b101-60c94ba267c1: receive RaftClientReply:client-ADF75DF0F9D1->54fad45f-1182-4a0a-b101-60c94ba267c1@group-69654C14B0FF, cid=156, FAILED org.apache.ratis.protocol.NotLeaderException: Server 54fad45f-1182-4a0a-b101-60c94ba267c1@group-69654C14B0FF is not the leader, logIndex=0, commits[54fad45f-1182-4a0a-b101-60c94ba267c1:c-1]
2019-09-05 11:06:29,355 [Thread-2991] INFO  impl.FollowerState (FollowerState.java:run(106)) - 91f1ec4b-d07c-4bfe-85d9-e7c7373ee128:group-A05EB53D3152 changes to CANDIDATE, lastRpcTime:5096, electionTimeout:5093ms
2019-09-05 11:06:29,356 [Thread-2991] INFO  impl.RoleInfo (RoleInfo.java:shutdownFollowerState(121)) - 91f1ec4b-d07c-4bfe-85d9-e7c7373ee128: shutdown FollowerState
2019-09-05 11:06:29,356 [Thread-2991] INFO  impl.RaftServerImpl (RaftServerImpl.java:setRole(174)) - 91f1ec4b-d07c-4bfe-85d9-e7c7373ee128@group-A05EB53D3152: changes role from  FOLLOWER to CANDIDATE at term 2 for changeToCandidate
2019-09-05 11:06:29,356 [Thread-2991] INFO  impl.RoleInfo (RoleInfo.java:updateAndGet(143)) - 91f1ec4b-d07c-4bfe-85d9-e7c7373ee128: start LeaderElection
2019-09-05 11:06:29,380 [Thread-2993] INFO  impl.FollowerState (FollowerState.java:run(106)) - e3a08138-bcbc-4acb-87dc-f1195608ab57:group-A05EB53D3152 changes to CANDIDATE, lastRpcTime:5108, electionTimeout:5108ms
2019-09-05 11:06:29,380 [Thread-2994] INFO  impl.FollowerState (FollowerState.java:run(106)) - 54fad45f-1182-4a0a-b101-60c94ba267c1:group-69654C14B0FF changes to CANDIDATE, lastRpcTime:5108, electionTimeout:5108ms
2019-09-05 11:06:29,380 [Thread-2993] INFO  impl.RoleInfo (RoleInfo.java:shutdownFollowerState(121)) - e3a08138-bcbc-4acb-87dc-f1195608ab57: shutdown FollowerState
2019-09-05 11:06:29,380 [Thread-2994] INFO  impl.RoleInfo (RoleInfo.java:shutdownFollowerState(121)) - 54fad45f-1182-4a0a-b101-60c94ba267c1: shutdown FollowerState
2019-09-05 11:06:29,380 [Thread-2993] INFO  impl.RaftServerImpl (RaftServerImpl.java:setRole(174)) - e3a08138-bcbc-4acb-87dc-f1195608ab57@group-A05EB53D3152: changes role from  FOLLOWER to CANDIDATE at term 2 for changeToCandidate
2019-09-05 11:06:29,381 [Thread-2994] INFO  impl.RaftServerImpl (RaftServerImpl.java:setRole(174)) - 54fad45f-1182-4a0a-b101-60c94ba267c1@group-69654C14B0FF: changes role from  FOLLOWER to CANDIDATE at term 2 for changeToCandidate
2019-09-05 11:06:29,381 [Thread-2993] INFO  impl.RoleInfo (RoleInfo.java:updateAndGet(143)) - e3a08138-bcbc-4acb-87dc-f1195608ab57: start LeaderElection
2019-09-05 11:06:29,381 [Thread-2994] INFO  impl.RoleInfo (RoleInfo.java:updateAndGet(143)) - 54fad45f-1182-4a0a-b101-60c94ba267c1: start LeaderElection
2019-09-05 11:06:29,387 [Thread-2990] INFO  impl.FollowerState (FollowerState.java:run(106)) - 89f16946-17a7-47cd-87e0-140db9ee23a2:group-69654C14B0FF changes to CANDIDATE, lastRpcTime:5131, electionTimeout:5130ms
2019-09-05 11:06:29,388 [Thread-2990] INFO  impl.RoleInfo (RoleInfo.java:shutdownFollowerState(121)) - 89f16946-17a7-47cd-87e0-140db9ee23a2: shutdown FollowerState
2019-09-05 11:06:29,388 [Thread-2990] INFO  impl.RaftServerImpl (RaftServerImpl.java:setRole(174)) - 89f16946-17a7-47cd-87e0-140db9ee23a2@group-69654C14B0FF: changes role from  FOLLOWER to CANDIDATE at term 2 for changeToCandidate
2019-09-05 11:06:29,388 [Thread-2990] INFO  impl.RoleInfo (RoleInfo.java:updateAndGet(143)) - 89f16946-17a7-47cd-87e0-140db9ee23a2: start LeaderElection
2019-09-05 11:06:29,438 [Thread-2992] INFO  impl.FollowerState (FollowerState.java:run(106)) - 6cb8c19f-8595-423c-829a-79f04dbd8de3:group-69654C14B0FF changes to CANDIDATE, lastRpcTime:5169, electionTimeout:5166ms
2019-09-05 11:06:29,438 [Thread-2992] INFO  impl.RoleInfo (RoleInfo.java:shutdownFollowerState(121)) - 6cb8c19f-8595-423c-829a-79f04dbd8de3: shutdown FollowerState
2019-09-05 11:06:29,438 [Thread-2992] INFO  impl.RaftServerImpl (RaftServerImpl.java:setRole(174)) - 6cb8c19f-8595-423c-829a-79f04dbd8de3@group-69654C14B0FF: changes role from  FOLLOWER to CANDIDATE at term 2 for changeToCandidate
2019-09-05 11:06:29,438 [Thread-2992] INFO  impl.RoleInfo (RoleInfo.java:updateAndGet(143)) - 6cb8c19f-8595-423c-829a-79f04dbd8de3: start LeaderElection
2019-09-05 11:06:29,446 [54fad45f-1182-4a0a-b101-60c94ba267c1@group-69654C14B0FF:LeaderElection83] INFO  impl.LeaderElection (LeaderElection.java:askForVotes(182)) - 54fad45f-1182-4a0a-b101-60c94ba267c1@group-69654C14B0FF:LeaderElection83: begin an election at term 3 for -1: [6cb8c19f-8595-423c-829a-79f04dbd8de3:192.168.36.83:38750, 54fad45f-1182-4a0a-b101-60c94ba267c1:192.168.36.83:41045, 89f16946-17a7-47cd-87e0-140db9ee23a2:192.168.36.83:33461], old=null
2019-09-05 11:06:29,446 [91f1ec4b-d07c-4bfe-85d9-e7c7373ee128@group-A05EB53D3152:LeaderElection81] INFO  impl.LeaderElection (LeaderElection.java:askForVotes(182)) - 91f1ec4b-d07c-4bfe-85d9-e7c7373ee128@group-A05EB53D3152:LeaderElection81: begin an election at term 3 for -1: [4fc6afb9-3f9c-4be8-93ce-657a33e3c6ff:192.168.36.83:46330, e3a08138-bcbc-4acb-87dc-f1195608ab57:192.168.36.83:36559, 91f1ec4b-d07c-4bfe-85d9-e7c7373ee128:192.168.36.83:38975], old=null
2019-09-05 11:06:29,446 [e3a08138-bcbc-4acb-87dc-f1195608ab57@group-A05EB53D3152:LeaderElection82] INFO  impl.LeaderElection (LeaderElection.java:askForVotes(182)) - e3a08138-bcbc-4acb-87dc-f1195608ab57@group-A05EB53D3152:LeaderElection82: begin an election at term 3 for -1: [4fc6afb9-3f9c-4be8-93ce-657a33e3c6ff:192.168.36.83:46330, e3a08138-bcbc-4acb-87dc-f1195608ab57:192.168.36.83:36559, 91f1ec4b-d07c-4bfe-85d9-e7c7373ee128:192.168.36.83:38975], old=null
2019-09-05 11:06:29,446 [89f16946-17a7-47cd-87e0-140db9ee23a2@group-69654C14B0FF:LeaderElection84] INFO  impl.LeaderElection (LeaderElection.java:askForVotes(182)) - 89f16946-17a7-47cd-87e0-140db9ee23a2@group-69654C14B0FF:LeaderElection84: begin an election at term 3 for -1: [6cb8c19f-8595-423c-829a-79f04dbd8de3:192.168.36.83:38750, 54fad45f-1182-4a0a-b101-60c94ba267c1:192.168.36.83:41045, 89f16946-17a7-47cd-87e0-140db9ee23a2:192.168.36.83:33461], old=null
2019-09-05 11:06:29,450 [grpc-default-executor-9] INFO  impl.RaftServerImpl (RaftServerImpl.java:setRole(174)) - 4fc6afb9-3f9c-4be8-93ce-657a33e3c6ff@group-A05EB53D3152: changes role from  FOLLOWER to FOLLOWER at term 3 for recognizeCandidate:e3a08138-bcbc-4acb-87dc-f1195608ab57
2019-09-05 11:06:29,450 [grpc-default-executor-9] INFO  impl.RoleInfo (RoleInfo.java:shutdownFollowerState(121)) - 4fc6afb9-3f9c-4be8-93ce-657a33e3c6ff: shutdown FollowerState
2019-09-05 11:06:29,451 [grpc-default-executor-9] INFO  impl.RoleInfo (RoleInfo.java:updateAndGet(143)) - 4fc6afb9-3f9c-4be8-93ce-657a33e3c6ff: start FollowerState
2019-09-05 11:06:29,451 [Thread-2989] INFO  impl.FollowerState (FollowerState.java:run(115)) - 4fc6afb9-3f9c-4be8-93ce-657a33e3c6ff: FollowerState was interrupted: java.lang.InterruptedException: sleep interrupted
2019-09-05 11:06:29,472 [6cb8c19f-8595-423c-829a-79f04dbd8de3@group-69654C14B0FF:LeaderElection85] INFO  impl.LeaderElection (LeaderElection.java:askForVotes(182)) - 6cb8c19f-8595-423c-829a-79f04dbd8de3@group-69654C14B0FF:LeaderElection85: begin an election at term 3 for -1: [6cb8c19f-8595-423c-829a-79f04dbd8de3:192.168.36.83:38750, 54fad45f-1182-4a0a-b101-60c94ba267c1:192.168.36.83:41045, 89f16946-17a7-47cd-87e0-140db9ee23a2:192.168.36.83:33461], old=null
2019-09-05 11:06:29,473 [91f1ec4b-d07c-4bfe-85d9-e7c7373ee128@group-A05EB53D3152:LeaderElection81] INFO  impl.LeaderElection (LeaderElection.java:logAndReturn(56)) - 91f1ec4b-d07c-4bfe-85d9-e7c7373ee128@group-A05EB53D3152:LeaderElection81: Election REJECTED; received 2 response(s) [91f1ec4b-d07c-4bfe-85d9-e7c7373ee128<-4fc6afb9-3f9c-4be8-93ce-657a33e3c6ff#0:FAIL-t3, 91f1ec4b-d07c-4bfe-85d9-e7c7373ee128<-e3a08138-bcbc-4acb-87dc-f1195608ab57#0:FAIL-t3] and 0 exception(s); 91f1ec4b-d07c-4bfe-85d9-e7c7373ee128@group-A05EB53D3152:t3, leader=null, voted=91f1ec4b-d07c-4bfe-85d9-e7c7373ee128, raftlog=91f1ec4b-d07c-4bfe-85d9-e7c7373ee128@group-A05EB53D3152-SegmentedRaftLog:OPENED:c-1,f-1,i0, conf=-1: [4fc6afb9-3f9c-4be8-93ce-657a33e3c6ff:192.168.36.83:46330, e3a08138-bcbc-4acb-87dc-f1195608ab57:192.168.36.83:36559, 91f1ec4b-d07c-4bfe-85d9-e7c7373ee128:192.168.36.83:38975], old=null
2019-09-05 11:06:29,473 [e3a08138-bcbc-4acb-87dc-f1195608ab57@group-A05EB53D3152:LeaderElection82] INFO  impl.LeaderElection (LeaderElection.java:logAndReturn(56)) - e3a08138-bcbc-4acb-87dc-f1195608ab57@group-A05EB53D3152:LeaderElection82: Election PASSED; received 2 response(s) [e3a08138-bcbc-4acb-87dc-f1195608ab57<-4fc6afb9-3f9c-4be8-93ce-657a33e3c6ff#0:OK-t3, e3a08138-bcbc-4acb-87dc-f1195608ab57<-91f1ec4b-d07c-4bfe-85d9-e7c7373ee128#0:FAIL-t3] and 0 exception(s); e3a08138-bcbc-4acb-87dc-f1195608ab57@group-A05EB53D3152:t3, leader=null, voted=e3a08138-bcbc-4acb-87dc-f1195608ab57, raftlog=e3a08138-bcbc-4acb-87dc-f1195608ab57@group-A05EB53D3152-SegmentedRaftLog:OPENED:c-1,f-1,i0, conf=-1: [4fc6afb9-3f9c-4be8-93ce-657a33e3c6ff:192.168.36.83:46330, e3a08138-bcbc-4acb-87dc-f1195608ab57:192.168.36.83:36559, 91f1ec4b-d07c-4bfe-85d9-e7c7373ee128:192.168.36.83:38975], old=null
2019-09-05 11:06:29,473 [54fad45f-1182-4a0a-b101-60c94ba267c1@group-69654C14B0FF:LeaderElection83] INFO  impl.LeaderElection (LeaderElection.java:logAndReturn(56)) - 54fad45f-1182-4a0a-b101-60c94ba267c1@group-69654C14B0FF:LeaderElection83: Election REJECTED; received 2 response(s) [54fad45f-1182-4a0a-b101-60c94ba267c1<-6cb8c19f-8595-423c-829a-79f04dbd8de3#0:FAIL-t3, 54fad45f-1182-4a0a-b101-60c94ba267c1<-89f16946-17a7-47cd-87e0-140db9ee23a2#0:FAIL-t3] and 0 exception(s); 54fad45f-1182-4a0a-b101-60c94ba267c1@group-69654C14B0FF:t3, leader=null, voted=54fad45f-1182-4a0a-b101-60c94ba267c1, raftlog=54fad45f-1182-4a0a-b101-60c94ba267c1@group-69654C14B0FF-SegmentedRaftLog:OPENED:c-1,f-1,i0, conf=-1: [6cb8c19f-8595-423c-829a-79f04dbd8de3:192.168.36.83:38750, 54fad45f-1182-4a0a-b101-60c94ba267c1:192.168.36.83:41045, 89f16946-17a7-47cd-87e0-140db9ee23a2:192.168.36.83:33461], old=null
2019-09-05 11:06:29,473 [89f16946-17a7-47cd-87e0-140db9ee23a2@group-69654C14B0FF:LeaderElection84] INFO  impl.LeaderElection (LeaderElection.java:logAndReturn(56)) - 89f16946-17a7-47cd-87e0-140db9ee23a2@group-69654C14B0FF:LeaderElection84: Election REJECTED; received 2 response(s) [89f16946-17a7-47cd-87e0-140db9ee23a2<-6cb8c19f-8595-423c-829a-79f04dbd8de3#0:FAIL-t3, 89f16946-17a7-47cd-87e0-140db9ee23a2<-54fad45f-1182-4a0a-b101-60c94ba267c1#0:FAIL-t3] and 0 exception(s); 89f16946-17a7-47cd-87e0-140db9ee23a2@group-69654C14B0FF:t3, leader=null, voted=89f16946-17a7-47cd-87e0-140db9ee23a2, raftlog=89f16946-17a7-47cd-87e0-140db9ee23a2@group-69654C14B0FF-SegmentedRaftLog:OPENED:c-1,f-1,i0, conf=-1: [6cb8c19f-8595-423c-829a-79f04dbd8de3:192.168.36.83:38750, 54fad45f-1182-4a0a-b101-60c94ba267c1:192.168.36.83:41045, 89f16946-17a7-47cd-87e0-140db9ee23a2:192.168.36.83:33461], old=null
2019-09-05 11:06:29,474 [e3a08138-bcbc-4acb-87dc-f1195608ab57@group-A05EB53D3152:LeaderElection82] INFO  impl.RoleInfo (RoleInfo.java:shutdownLeaderElection(134)) - e3a08138-bcbc-4acb-87dc-f1195608ab57: shutdown LeaderElection
2019-09-05 11:06:29,473 [91f1ec4b-d07c-4bfe-85d9-e7c7373ee128@group-A05EB53D3152:LeaderElection81] INFO  impl.RaftServerImpl (RaftServerImpl.java:setRole(174)) - 91f1ec4b-d07c-4bfe-85d9-e7c7373ee128@group-A05EB53D3152: changes role from CANDIDATE to FOLLOWER at term 3 for DISCOVERED_A_NEW_TERM
2019-09-05 11:06:29,485 [91f1ec4b-d07c-4bfe-85d9-e7c7373ee128@group-A05EB53D3152:LeaderElection81] INFO  impl.RoleInfo (RoleInfo.java:shutdownLeaderElection(134)) - 91f1ec4b-d07c-4bfe-85d9-e7c7373ee128: shutdown LeaderElection
2019-09-05 11:06:29,485 [89f16946-17a7-47cd-87e0-140db9ee23a2@group-69654C14B0FF:LeaderElection84] INFO  impl.RaftServerImpl (RaftServerImpl.java:setRole(174)) - 89f16946-17a7-47cd-87e0-140db9ee23a2@group-69654C14B0FF: changes role from CANDIDATE to FOLLOWER at term 3 for DISCOVERED_A_NEW_TERM
2019-09-05 11:06:29,482 [54fad45f-1182-4a0a-b101-60c94ba267c1@group-69654C14B0FF:LeaderElection83] INFO  impl.RaftServerImpl (RaftServerImpl.java:setRole(174)) - 54fad45f-1182-4a0a-b101-60c94ba267c1@group-69654C14B0FF: changes role from CANDIDATE to FOLLOWER at term 3 for DISCOVERED_A_NEW_TERM
2019-09-05 11:06:29,485 [89f16946-17a7-47cd-87e0-140db9ee23a2@group-69654C14B0FF:LeaderElection84] INFO  impl.RoleInfo (RoleInfo.java:shutdownLeaderElection(134)) - 89f16946-17a7-47cd-87e0-140db9ee23a2: shutdown LeaderElection
2019-09-05 11:06:29,485 [e3a08138-bcbc-4acb-87dc-f1195608ab57@group-A05EB53D3152:LeaderElection82] INFO  impl.RaftServerImpl (RaftServerImpl.java:setRole(174)) - e3a08138-bcbc-4acb-87dc-f1195608ab57@group-A05EB53D3152: changes role from CANDIDATE to LEADER at term 3 for changeToLeader
2019-09-05 11:06:29,485 [91f1ec4b-d07c-4bfe-85d9-e7c7373ee128@group-A05EB53D3152:LeaderElection81] INFO  impl.RoleInfo (RoleInfo.java:updateAndGet(143)) - 91f1ec4b-d07c-4bfe-85d9-e7c7373ee128: start FollowerState
2019-09-05 11:06:29,488 [e3a08138-bcbc-4acb-87dc-f1195608ab57@group-A05EB53D3152:LeaderElection82] INFO  impl.RaftServerImpl (ServerState.java:setLeader(253)) - e3a08138-bcbc-4acb-87dc-f1195608ab57@group-A05EB53D3152: change Leader from null to e3a08138-bcbc-4acb-87dc-f1195608ab57 at term 3 for becomeLeader, leader elected after 17166ms
2019-09-05 11:06:29,488 [89f16946-17a7-47cd-87e0-140db9ee23a2@group-69654C14B0FF:LeaderElection84] INFO  impl.RoleInfo (RoleInfo.java:updateAndGet(143)) - 89f16946-17a7-47cd-87e0-140db9ee23a2: start FollowerState
2019-09-05 11:06:29,485 [54fad45f-1182-4a0a-b101-60c94ba267c1@group-69654C14B0FF:LeaderElection83] INFO  impl.RoleInfo (RoleInfo.java:shutdownLeaderElection(134)) - 54fad45f-1182-4a0a-b101-60c94ba267c1: shutdown LeaderElection
2019-09-05 11:06:29,489 [e3a08138-bcbc-4acb-87dc-f1195608ab57@group-A05EB53D3152:LeaderElection82] INFO  server.RaftServerConfigKeys (ConfUtils.java:logGet(43)) - raft.server.staging.catchup.gap = 1000 (default)
2019-09-05 11:06:29,489 [54fad45f-1182-4a0a-b101-60c94ba267c1@group-69654C14B0FF:LeaderElection83] INFO  impl.RoleInfo (RoleInfo.java:updateAndGet(143)) - 54fad45f-1182-4a0a-b101-60c94ba267c1: start FollowerState
2019-09-05 11:06:29,489 [e3a08138-bcbc-4acb-87dc-f1195608ab57@group-A05EB53D3152:LeaderElection82] INFO  server.RaftServerConfigKeys (ConfUtils.java:logGet(43)) - raft.server.rpc.sleep.time = 25ms (default)
2019-09-05 11:06:29,490 [e3a08138-bcbc-4acb-87dc-f1195608ab57@group-A05EB53D3152:LeaderElection82] INFO  server.RaftServerConfigKeys (ConfUtils.java:logGet(43)) - raft.server.write.element-limit = 4096 (default)
2019-09-05 11:06:29,490 [e3a08138-bcbc-4acb-87dc-f1195608ab57@group-A05EB53D3152:LeaderElection82] INFO  server.RaftServerConfigKeys (ConfUtils.java:logGet(43)) - raft.server.watch.timeout = 10s (default)
2019-09-05 11:06:29,490 [6cb8c19f-8595-423c-829a-79f04dbd8de3@group-69654C14B0FF:LeaderElection85] INFO  impl.LeaderElection (LeaderElection.java:logAndReturn(56)) - 6cb8c19f-8595-423c-829a-79f04dbd8de3@group-69654C14B0FF:LeaderElection85: Election REJECTED; received 2 response(s) [6cb8c19f-8595-423c-829a-79f04dbd8de3<-54fad45f-1182-4a0a-b101-60c94ba267c1#0:FAIL-t3, 6cb8c19f-8595-423c-829a-79f04dbd8de3<-89f16946-17a7-47cd-87e0-140db9ee23a2#0:FAIL-t3] and 0 exception(s); 6cb8c19f-8595-423c-829a-79f04dbd8de3@group-69654C14B0FF:t3, leader=null, voted=6cb8c19f-8595-423c-829a-79f04dbd8de3, raftlog=6cb8c19f-8595-423c-829a-79f04dbd8de3@group-69654C14B0FF-SegmentedRaftLog:OPENED:c-1,f-1,i0, conf=-1: [6cb8c19f-8595-423c-829a-79f04dbd8de3:192.168.36.83:38750, 54fad45f-1182-4a0a-b101-60c94ba267c1:192.168.36.83:41045, 89f16946-17a7-47cd-87e0-140db9ee23a2:192.168.36.83:33461], old=null
2019-09-05 11:06:29,490 [e3a08138-bcbc-4acb-87dc-f1195608ab57@group-A05EB53D3152:LeaderElection82] INFO  server.RaftServerConfigKeys (ConfUtils.java:logGet(43)) - raft.server.watch.timeout.denomination = 1s (default)
2019-09-05 11:06:29,490 [6cb8c19f-8595-423c-829a-79f04dbd8de3@group-69654C14B0FF:LeaderElection85] INFO  impl.RaftServerImpl (RaftServerImpl.java:setRole(174)) - 6cb8c19f-8595-423c-829a-79f04dbd8de3@group-69654C14B0FF: changes role from CANDIDATE to FOLLOWER at term 3 for DISCOVERED_A_NEW_TERM
2019-09-05 11:06:29,490 [e3a08138-bcbc-4acb-87dc-f1195608ab57@group-A05EB53D3152:LeaderElection82] INFO  server.RaftServerConfigKeys (ConfUtils.java:logGet(43)) - raft.server.watch.element-limit = 65536 (default)
2019-09-05 11:06:29,493 [6cb8c19f-8595-423c-829a-79f04dbd8de3@group-69654C14B0FF:LeaderElection85] INFO  impl.RoleInfo (RoleInfo.java:shutdownLeaderElection(134)) - 6cb8c19f-8595-423c-829a-79f04dbd8de3: shutdown LeaderElection
2019-09-05 11:06:29,493 [6cb8c19f-8595-423c-829a-79f04dbd8de3@group-69654C14B0FF:LeaderElection85] INFO  impl.RoleInfo (RoleInfo.java:updateAndGet(143)) - 6cb8c19f-8595-423c-829a-79f04dbd8de3: start FollowerState
2019-09-05 11:06:29,497 [e3a08138-bcbc-4acb-87dc-f1195608ab57@group-A05EB53D3152:LeaderElection82] INFO  server.RaftServerConfigKeys (ConfUtils.java:logGet(43)) - raft.server.log.appender.snapshot.chunk.size.max = 16MB (=16777216) (default)
2019-09-05 11:06:29,497 [e3a08138-bcbc-4acb-87dc-f1195608ab57@group-A05EB53D3152:LeaderElection82] INFO  server.RaftServerConfigKeys (ConfUtils.java:logGet(43)) - raft.server.log.appender.buffer.byte-limit = 33554432 (custom)
2019-09-05 11:06:29,497 [e3a08138-bcbc-4acb-87dc-f1195608ab57@group-A05EB53D3152:LeaderElection82] INFO  server.RaftServerConfigKeys (ConfUtils.java:logGet(43)) - raft.server.log.appender.buffer.element-limit = 1 (custom)
2019-09-05 11:06:29,497 [e3a08138-bcbc-4acb-87dc-f1195608ab57@group-A05EB53D3152:LeaderElection82] INFO  grpc.GrpcConfigKeys$Server (ConfUtils.java:logGet(43)) - raft.grpc.server.leader.outstanding.appends.max = 128 (default)
2019-09-05 11:06:29,497 [e3a08138-bcbc-4acb-87dc-f1195608ab57@group-A05EB53D3152:LeaderElection82] INFO  server.RaftServerConfigKeys (ConfUtils.java:logGet(43)) - raft.server.rpc.request.timeout = 3000ms (default)
2019-09-05 11:06:29,498 [e3a08138-bcbc-4acb-87dc-f1195608ab57@group-A05EB53D3152:LeaderElection82] INFO  server.RaftServerConfigKeys (ConfUtils.java:logGet(43)) - raft.server.log.appender.install.snapshot.enabled = false (custom)
2019-09-05 11:06:29,498 [e3a08138-bcbc-4acb-87dc-f1195608ab57@group-A05EB53D3152:LeaderElection82] INFO  server.RaftServerConfigKeys (ConfUtils.java:logGet(43)) - raft.server.log.appender.snapshot.chunk.size.max = 16MB (=16777216) (default)
2019-09-05 11:06:29,498 [e3a08138-bcbc-4acb-87dc-f1195608ab57@group-A05EB53D3152:LeaderElection82] INFO  server.RaftServerConfigKeys (ConfUtils.java:logGet(43)) - raft.server.log.appender.buffer.byte-limit = 33554432 (custom)
2019-09-05 11:06:29,498 [e3a08138-bcbc-4acb-87dc-f1195608ab57@group-A05EB53D3152:LeaderElection82] INFO  server.RaftServerConfigKeys (ConfUtils.java:logGet(43)) - raft.server.log.appender.buffer.element-limit = 1 (custom)
2019-09-05 11:06:29,498 [e3a08138-bcbc-4acb-87dc-f1195608ab57@group-A05EB53D3152:LeaderElection82] INFO  grpc.GrpcConfigKeys$Server (ConfUtils.java:logGet(43)) - raft.grpc.server.leader.outstanding.appends.max = 128 (default)
2019-09-05 11:06:29,498 [e3a08138-bcbc-4acb-87dc-f1195608ab57@group-A05EB53D3152:LeaderElection82] INFO  server.RaftServerConfigKeys (ConfUtils.java:logGet(43)) - raft.server.rpc.request.timeout = 3000ms (default)
2019-09-05 11:06:29,498 [e3a08138-bcbc-4acb-87dc-f1195608ab57@group-A05EB53D3152:LeaderElection82] INFO  server.RaftServerConfigKeys (ConfUtils.java:logGet(43)) - raft.server.log.appender.install.snapshot.enabled = false (custom)
2019-09-05 11:06:29,499 [e3a08138-bcbc-4acb-87dc-f1195608ab57@group-A05EB53D3152:LeaderElection82] INFO  impl.RoleInfo (RoleInfo.java:updateAndGet(143)) - e3a08138-bcbc-4acb-87dc-f1195608ab57: start LeaderState
2019-09-05 11:06:29,499 [e3a08138-bcbc-4acb-87dc-f1195608ab57@group-A05EB53D3152:LeaderElection82] INFO  segmented.SegmentedRaftLogWorker (SegmentedRaftLogWorker.java:startLogSegment(380)) - e3a08138-bcbc-4acb-87dc-f1195608ab57@group-A05EB53D3152-SegmentedRaftLogWorker: Starting segment from index:0
2019-09-05 11:06:29,500 [e3a08138-bcbc-4acb-87dc-f1195608ab57@group-A05EB53D3152:LeaderElection82] INFO  impl.RaftServerImpl (ServerState.java:setRaftConf(354)) - e3a08138-bcbc-4acb-87dc-f1195608ab57@group-A05EB53D3152: set configuration 0: [4fc6afb9-3f9c-4be8-93ce-657a33e3c6ff:192.168.36.83:46330, e3a08138-bcbc-4acb-87dc-f1195608ab57:192.168.36.83:36559, 91f1ec4b-d07c-4bfe-85d9-e7c7373ee128:192.168.36.83:38975], old=null at 0
2019-09-05 11:06:29,547 [grpc-default-executor-6] INFO  impl.RaftServerImpl (ServerState.java:setLeader(253)) - 91f1ec4b-d07c-4bfe-85d9-e7c7373ee128@group-A05EB53D3152: change Leader from null to e3a08138-bcbc-4acb-87dc-f1195608ab57 at term 3 for appendEntries, leader elected after 17225ms
2019-09-05 11:06:29,547 [grpc-default-executor-9] INFO  impl.RaftServerImpl (ServerState.java:setLeader(253)) - 4fc6afb9-3f9c-4be8-93ce-657a33e3c6ff@group-A05EB53D3152: change Leader from null to e3a08138-bcbc-4acb-87dc-f1195608ab57 at term 3 for appendEntries, leader elected after 17225ms
2019-09-05 11:06:29,550 [grpc-default-executor-6] INFO  impl.RaftServerImpl (ServerState.java:setRaftConf(354)) - 4fc6afb9-3f9c-4be8-93ce-657a33e3c6ff@group-A05EB53D3152: set configuration 0: [4fc6afb9-3f9c-4be8-93ce-657a33e3c6ff:192.168.36.83:46330, e3a08138-bcbc-4acb-87dc-f1195608ab57:192.168.36.83:36559, 91f1ec4b-d07c-4bfe-85d9-e7c7373ee128:192.168.36.83:38975], old=null at 0
2019-09-05 11:06:29,550 [grpc-default-executor-9] INFO  impl.RaftServerImpl (ServerState.java:setRaftConf(354)) - 91f1ec4b-d07c-4bfe-85d9-e7c7373ee128@group-A05EB53D3152: set configuration 0: [4fc6afb9-3f9c-4be8-93ce-657a33e3c6ff:192.168.36.83:46330, e3a08138-bcbc-4acb-87dc-f1195608ab57:192.168.36.83:36559, 91f1ec4b-d07c-4bfe-85d9-e7c7373ee128:192.168.36.83:38975], old=null at 0
2019-09-05 11:06:29,550 [grpc-default-executor-6] INFO  segmented.SegmentedRaftLogWorker (SegmentedRaftLogWorker.java:startLogSegment(380)) - 4fc6afb9-3f9c-4be8-93ce-657a33e3c6ff@group-A05EB53D3152-SegmentedRaftLogWorker: Starting segment from index:0
2019-09-05 11:06:29,550 [grpc-default-executor-9] INFO  segmented.SegmentedRaftLogWorker (SegmentedRaftLogWorker.java:startLogSegment(380)) - 91f1ec4b-d07c-4bfe-85d9-e7c7373ee128@group-A05EB53D3152-SegmentedRaftLogWorker: Starting segment from index:0
2019-09-05 11:06:29,757 [e3a08138-bcbc-4acb-87dc-f1195608ab57@group-A05EB53D3152-SegmentedRaftLogWorker] INFO  segmented.SegmentedRaftLogWorker (SegmentedRaftLogWorker.java:execute(569)) - e3a08138-bcbc-4acb-87dc-f1195608ab57@group-A05EB53D3152-SegmentedRaftLogWorker: created new log segment /workdir/hadoop-ozone/integration-test/target/test-dir/MiniOzoneClusterImpl-06581d8d-c2e4-4d94-a862-518568baa486/datanode-6/data/ratis/c72930a9-1d25-4188-aa9d-a05eb53d3152/current/log_inprogress_0
2019-09-05 11:06:29,887 [4fc6afb9-3f9c-4be8-93ce-657a33e3c6ff@group-A05EB53D3152-SegmentedRaftLogWorker] INFO  segmented.SegmentedRaftLogWorker (SegmentedRaftLogWorker.java:execute(569)) - 4fc6afb9-3f9c-4be8-93ce-657a33e3c6ff@group-A05EB53D3152-SegmentedRaftLogWorker: created new log segment /workdir/hadoop-ozone/integration-test/target/test-dir/MiniOzoneClusterImpl-06581d8d-c2e4-4d94-a862-518568baa486/datanode-5/data/ratis/c72930a9-1d25-4188-aa9d-a05eb53d3152/current/log_inprogress_0
2019-09-05 11:06:29,887 [91f1ec4b-d07c-4bfe-85d9-e7c7373ee128@group-A05EB53D3152-SegmentedRaftLogWorker] INFO  segmented.SegmentedRaftLogWorker (SegmentedRaftLogWorker.java:execute(569)) - 91f1ec4b-d07c-4bfe-85d9-e7c7373ee128@group-A05EB53D3152-SegmentedRaftLogWorker: created new log segment /workdir/hadoop-ozone/integration-test/target/test-dir/MiniOzoneClusterImpl-06581d8d-c2e4-4d94-a862-518568baa486/datanode-0/data/ratis/c72930a9-1d25-4188-aa9d-a05eb53d3152/current/log_inprogress_0
2019-09-05 11:06:30,182 [grpc-default-executor-9] INFO  client.GrpcClientProtocolClient (GrpcClientProtocolClient.java:onNext(264)) - client-ADF75DF0F9D1->6cb8c19f-8595-423c-829a-79f04dbd8de3: receive RaftClientReply:client-ADF75DF0F9D1->6cb8c19f-8595-423c-829a-79f04dbd8de3@group-69654C14B0FF, cid=156, FAILED org.apache.ratis.protocol.NotLeaderException: Server 6cb8c19f-8595-423c-829a-79f04dbd8de3@group-69654C14B0FF is not the leader, logIndex=0, commits[6cb8c19f-8595-423c-829a-79f04dbd8de3:c-1]
2019-09-05 11:06:31,194 [grpc-default-executor-6] INFO  client.GrpcClientProtocolClient (GrpcClientProtocolClient.java:onNext(264)) - client-ADF75DF0F9D1->54fad45f-1182-4a0a-b101-60c94ba267c1: receive RaftClientReply:client-ADF75DF0F9D1->54fad45f-1182-4a0a-b101-60c94ba267c1@group-69654C14B0FF, cid=156, FAILED org.apache.ratis.protocol.NotLeaderException: Server 54fad45f-1182-4a0a-b101-60c94ba267c1@group-69654C14B0FF is not the leader, logIndex=0, commits[54fad45f-1182-4a0a-b101-60c94ba267c1:c-1]
2019-09-05 11:06:32,231 [grpc-default-executor-9] INFO  client.GrpcClientProtocolClient (GrpcClientProtocolClient.java:onNext(264)) - client-ADF75DF0F9D1->89f16946-17a7-47cd-87e0-140db9ee23a2: receive RaftClientReply:client-ADF75DF0F9D1->89f16946-17a7-47cd-87e0-140db9ee23a2@group-69654C14B0FF, cid=156, FAILED org.apache.ratis.protocol.NotLeaderException: Server 89f16946-17a7-47cd-87e0-140db9ee23a2@group-69654C14B0FF is not the leader, logIndex=0, commits[89f16946-17a7-47cd-87e0-140db9ee23a2:c-1]
2019-09-05 11:06:33,243 [grpc-default-executor-9] INFO  client.GrpcClientProtocolClient (GrpcClientProtocolClient.java:onNext(264)) - client-ADF75DF0F9D1->54fad45f-1182-4a0a-b101-60c94ba267c1: receive RaftClientReply:client-ADF75DF0F9D1->54fad45f-1182-4a0a-b101-60c94ba267c1@group-69654C14B0FF, cid=156, FAILED org.apache.ratis.protocol.NotLeaderException: Server 54fad45f-1182-4a0a-b101-60c94ba267c1@group-69654C14B0FF is not the leader, logIndex=0, commits[54fad45f-1182-4a0a-b101-60c94ba267c1:c-1]
2019-09-05 11:06:34,260 [grpc-default-executor-9] INFO  client.GrpcClientProtocolClient (GrpcClientProtocolClient.java:onNext(264)) - client-ADF75DF0F9D1->89f16946-17a7-47cd-87e0-140db9ee23a2: receive RaftClientReply:client-ADF75DF0F9D1->89f16946-17a7-47cd-87e0-140db9ee23a2@group-69654C14B0FF, cid=156, FAILED org.apache.ratis.protocol.NotLeaderException: Server 89f16946-17a7-47cd-87e0-140db9ee23a2@group-69654C14B0FF is not the leader, logIndex=0, commits[89f16946-17a7-47cd-87e0-140db9ee23a2:c-1]
2019-09-05 11:06:34,496 [Thread-3023] INFO  impl.FollowerState (FollowerState.java:run(106)) - 54fad45f-1182-4a0a-b101-60c94ba267c1:group-69654C14B0FF changes to CANDIDATE, lastRpcTime:5006, electionTimeout:5006ms
2019-09-05 11:06:34,496 [Thread-3023] INFO  impl.RoleInfo (RoleInfo.java:shutdownFollowerState(121)) - 54fad45f-1182-4a0a-b101-60c94ba267c1: shutdown FollowerState
2019-09-05 11:06:34,497 [Thread-3023] INFO  impl.RaftServerImpl (RaftServerImpl.java:setRole(174)) - 54fad45f-1182-4a0a-b101-60c94ba267c1@group-69654C14B0FF: changes role from  FOLLOWER to CANDIDATE at term 3 for changeToCandidate
2019-09-05 11:06:34,497 [Thread-3023] INFO  impl.RoleInfo (RoleInfo.java:updateAndGet(143)) - 54fad45f-1182-4a0a-b101-60c94ba267c1: start LeaderElection
2019-09-05 11:06:34,527 [Thread-3022] INFO  impl.FollowerState (FollowerState.java:run(106)) - 89f16946-17a7-47cd-87e0-140db9ee23a2:group-69654C14B0FF changes to CANDIDATE, lastRpcTime:5039, electionTimeout:5038ms
2019-09-05 11:06:34,527 [Thread-3022] INFO  impl.RoleInfo (RoleInfo.java:shutdownFollowerState(121)) - 89f16946-17a7-47cd-87e0-140db9ee23a2: shutdown FollowerState
2019-09-05 11:06:34,527 [Thread-3022] INFO  impl.RaftServerImpl (RaftServerImpl.java:setRole(174)) - 89f16946-17a7-47cd-87e0-140db9ee23a2@group-69654C14B0FF: changes role from  FOLLOWER to CANDIDATE at term 3 for changeToCandidate
2019-09-05 11:06:34,527 [Thread-3022] INFO  impl.RoleInfo (RoleInfo.java:updateAndGet(143)) - 89f16946-17a7-47cd-87e0-140db9ee23a2: start LeaderElection
2019-09-05 11:06:34,575 [Thread-3025] INFO  impl.FollowerState (FollowerState.java:run(106)) - 6cb8c19f-8595-423c-829a-79f04dbd8de3:group-69654C14B0FF changes to CANDIDATE, lastRpcTime:5081, electionTimeout:5081ms
2019-09-05 11:06:34,575 [Thread-3025] INFO  impl.RoleInfo (RoleInfo.java:shutdownFollowerState(121)) - 6cb8c19f-8595-423c-829a-79f04dbd8de3: shutdown FollowerState
2019-09-05 11:06:34,575 [Thread-3025] INFO  impl.RaftServerImpl (RaftServerImpl.java:setRole(174)) - 6cb8c19f-8595-423c-829a-79f04dbd8de3@group-69654C14B0FF: changes role from  FOLLOWER to CANDIDATE at term 3 for changeToCandidate
2019-09-05 11:06:34,575 [Thread-3025] INFO  impl.RoleInfo (RoleInfo.java:updateAndGet(143)) - 6cb8c19f-8595-423c-829a-79f04dbd8de3: start LeaderElection
2019-09-05 11:06:34,708 [54fad45f-1182-4a0a-b101-60c94ba267c1@group-69654C14B0FF:LeaderElection86] INFO  impl.LeaderElection (LeaderElection.java:askForVotes(182)) - 54fad45f-1182-4a0a-b101-60c94ba267c1@group-69654C14B0FF:LeaderElection86: begin an election at term 4 for -1: [6cb8c19f-8595-423c-829a-79f04dbd8de3:192.168.36.83:38750, 54fad45f-1182-4a0a-b101-60c94ba267c1:192.168.36.83:41045, 89f16946-17a7-47cd-87e0-140db9ee23a2:192.168.36.83:33461], old=null
2019-09-05 11:06:34,709 [89f16946-17a7-47cd-87e0-140db9ee23a2@group-69654C14B0FF:LeaderElection87] INFO  impl.LeaderElection (LeaderElection.java:askForVotes(182)) - 89f16946-17a7-47cd-87e0-140db9ee23a2@group-69654C14B0FF:LeaderElection87: begin an election at term 4 for -1: [6cb8c19f-8595-423c-829a-79f04dbd8de3:192.168.36.83:38750, 54fad45f-1182-4a0a-b101-60c94ba267c1:192.168.36.83:41045, 89f16946-17a7-47cd-87e0-140db9ee23a2:192.168.36.83:33461], old=null
2019-09-05 11:06:34,709 [6cb8c19f-8595-423c-829a-79f04dbd8de3@group-69654C14B0FF:LeaderElection88] INFO  impl.LeaderElection (LeaderElection.java:askForVotes(182)) - 6cb8c19f-8595-423c-829a-79f04dbd8de3@group-69654C14B0FF:LeaderElection88: begin an election at term 4 for -1: [6cb8c19f-8595-423c-829a-79f04dbd8de3:192.168.36.83:38750, 54fad45f-1182-4a0a-b101-60c94ba267c1:192.168.36.83:41045, 89f16946-17a7-47cd-87e0-140db9ee23a2:192.168.36.83:33461], old=null
2019-09-05 11:06:34,714 [89f16946-17a7-47cd-87e0-140db9ee23a2@group-69654C14B0FF:LeaderElection87] INFO  impl.LeaderElection (LeaderElection.java:logAndReturn(56)) - 89f16946-17a7-47cd-87e0-140db9ee23a2@group-69654C14B0FF:LeaderElection87: Election REJECTED; received 2 response(s) [89f16946-17a7-47cd-87e0-140db9ee23a2<-6cb8c19f-8595-423c-829a-79f04dbd8de3#0:FAIL-t4, 89f16946-17a7-47cd-87e0-140db9ee23a2<-54fad45f-1182-4a0a-b101-60c94ba267c1#0:FAIL-t4] and 0 exception(s); 89f16946-17a7-47cd-87e0-140db9ee23a2@group-69654C14B0FF:t4, leader=null, voted=89f16946-17a7-47cd-87e0-140db9ee23a2, raftlog=89f16946-17a7-47cd-87e0-140db9ee23a2@group-69654C14B0FF-SegmentedRaftLog:OPENED:c-1,f-1,i0, conf=-1: [6cb8c19f-8595-423c-829a-79f04dbd8de3:192.168.36.83:38750, 54fad45f-1182-4a0a-b101-60c94ba267c1:192.168.36.83:41045, 89f16946-17a7-47cd-87e0-140db9ee23a2:192.168.36.83:33461], old=null
2019-09-05 11:06:34,714 [54fad45f-1182-4a0a-b101-60c94ba267c1@group-69654C14B0FF:LeaderElection86] INFO  impl.LeaderElection (LeaderElection.java:logAndReturn(56)) - 54fad45f-1182-4a0a-b101-60c94ba267c1@group-69654C14B0FF:LeaderElection86: Election REJECTED; received 2 response(s) [54fad45f-1182-4a0a-b101-60c94ba267c1<-6cb8c19f-8595-423c-829a-79f04dbd8de3#0:FAIL-t4, 54fad45f-1182-4a0a-b101-60c94ba267c1<-89f16946-17a7-47cd-87e0-140db9ee23a2#0:FAIL-t4] and 0 exception(s); 54fad45f-1182-4a0a-b101-60c94ba267c1@group-69654C14B0FF:t4, leader=null, voted=54fad45f-1182-4a0a-b101-60c94ba267c1, raftlog=54fad45f-1182-4a0a-b101-60c94ba267c1@group-69654C14B0FF-SegmentedRaftLog:OPENED:c-1,f-1,i0, conf=-1: [6cb8c19f-8595-423c-829a-79f04dbd8de3:192.168.36.83:38750, 54fad45f-1182-4a0a-b101-60c94ba267c1:192.168.36.83:41045, 89f16946-17a7-47cd-87e0-140db9ee23a2:192.168.36.83:33461], old=null
2019-09-05 11:06:34,714 [89f16946-17a7-47cd-87e0-140db9ee23a2@group-69654C14B0FF:LeaderElection87] INFO  impl.RaftServerImpl (RaftServerImpl.java:setRole(174)) - 89f16946-17a7-47cd-87e0-140db9ee23a2@group-69654C14B0FF: changes role from CANDIDATE to FOLLOWER at term 4 for DISCOVERED_A_NEW_TERM
2019-09-05 11:06:34,725 [54fad45f-1182-4a0a-b101-60c94ba267c1@group-69654C14B0FF:LeaderElection86] INFO  impl.RaftServerImpl (RaftServerImpl.java:setRole(174)) - 54fad45f-1182-4a0a-b101-60c94ba267c1@group-69654C14B0FF: changes role from CANDIDATE to FOLLOWER at term 4 for DISCOVERED_A_NEW_TERM
2019-09-05 11:06:34,727 [54fad45f-1182-4a0a-b101-60c94ba267c1@group-69654C14B0FF:LeaderElection86] INFO  impl.RoleInfo (RoleInfo.java:shutdownLeaderElection(134)) - 54fad45f-1182-4a0a-b101-60c94ba267c1: shutdown LeaderElection
2019-09-05 11:06:34,725 [89f16946-17a7-47cd-87e0-140db9ee23a2@group-69654C14B0FF:LeaderElection87] INFO  impl.RoleInfo (RoleInfo.java:shutdownLeaderElection(134)) - 89f16946-17a7-47cd-87e0-140db9ee23a2: shutdown LeaderElection
2019-09-05 11:06:34,727 [54fad45f-1182-4a0a-b101-60c94ba267c1@group-69654C14B0FF:LeaderElection86] INFO  impl.RoleInfo (RoleInfo.java:updateAndGet(143)) - 54fad45f-1182-4a0a-b101-60c94ba267c1: start FollowerState
2019-09-05 11:06:34,727 [6cb8c19f-8595-423c-829a-79f04dbd8de3@group-69654C14B0FF:LeaderElection88] INFO  impl.LeaderElection (LeaderElection.java:logAndReturn(56)) - 6cb8c19f-8595-423c-829a-79f04dbd8de3@group-69654C14B0FF:LeaderElection88: Election REJECTED; received 2 response(s) [6cb8c19f-8595-423c-829a-79f04dbd8de3<-54fad45f-1182-4a0a-b101-60c94ba267c1#0:FAIL-t4, 6cb8c19f-8595-423c-829a-79f04dbd8de3<-89f16946-17a7-47cd-87e0-140db9ee23a2#0:FAIL-t4] and 0 exception(s); 6cb8c19f-8595-423c-829a-79f04dbd8de3@group-69654C14B0FF:t4, leader=null, voted=6cb8c19f-8595-423c-829a-79f04dbd8de3, raftlog=6cb8c19f-8595-423c-829a-79f04dbd8de3@group-69654C14B0FF-SegmentedRaftLog:OPENED:c-1,f-1,i0, conf=-1: [6cb8c19f-8595-423c-829a-79f04dbd8de3:192.168.36.83:38750, 54fad45f-1182-4a0a-b101-60c94ba267c1:192.168.36.83:41045, 89f16946-17a7-47cd-87e0-140db9ee23a2:192.168.36.83:33461], old=null
2019-09-05 11:06:34,727 [89f16946-17a7-47cd-87e0-140db9ee23a2@group-69654C14B0FF:LeaderElection87] INFO  impl.RoleInfo (RoleInfo.java:updateAndGet(143)) - 89f16946-17a7-47cd-87e0-140db9ee23a2: start FollowerState
2019-09-05 11:06:34,727 [6cb8c19f-8595-423c-829a-79f04dbd8de3@group-69654C14B0FF:LeaderElection88] INFO  impl.RaftServerImpl (RaftServerImpl.java:setRole(174)) - 6cb8c19f-8595-423c-829a-79f04dbd8de3@group-69654C14B0FF: changes role from CANDIDATE to FOLLOWER at term 4 for DISCOVERED_A_NEW_TERM
2019-09-05 11:06:34,730 [6cb8c19f-8595-423c-829a-79f04dbd8de3@group-69654C14B0FF:LeaderElection88] INFO  impl.RoleInfo (RoleInfo.java:shutdownLeaderElection(134)) - 6cb8c19f-8595-423c-829a-79f04dbd8de3: shutdown LeaderElection
2019-09-05 11:06:34,730 [6cb8c19f-8595-423c-829a-79f04dbd8de3@group-69654C14B0FF:LeaderElection88] INFO  impl.RoleInfo (RoleInfo.java:updateAndGet(143)) - 6cb8c19f-8595-423c-829a-79f04dbd8de3: start FollowerState
2019-09-05 11:06:35,269 [grpc-default-executor-10] INFO  client.GrpcClientProtocolClient (GrpcClientProtocolClient.java:onNext(264)) - client-ADF75DF0F9D1->54fad45f-1182-4a0a-b101-60c94ba267c1: receive RaftClientReply:client-ADF75DF0F9D1->54fad45f-1182-4a0a-b101-60c94ba267c1@group-69654C14B0FF, cid=156, FAILED org.apache.ratis.protocol.NotLeaderException: Server 54fad45f-1182-4a0a-b101-60c94ba267c1@group-69654C14B0FF is not the leader, logIndex=0, commits[54fad45f-1182-4a0a-b101-60c94ba267c1:c-1]
2019-09-05 11:06:36,283 [grpc-default-executor-9] INFO  client.GrpcClientProtocolClient (GrpcClientProtocolClient.java:onNext(264)) - client-ADF75DF0F9D1->6cb8c19f-8595-423c-829a-79f04dbd8de3: receive RaftClientReply:client-ADF75DF0F9D1->6cb8c19f-8595-423c-829a-79f04dbd8de3@group-69654C14B0FF, cid=156, FAILED org.apache.ratis.protocol.NotLeaderException: Server 6cb8c19f-8595-423c-829a-79f04dbd8de3@group-69654C14B0FF is not the leader, logIndex=0, commits[6cb8c19f-8595-423c-829a-79f04dbd8de3:c-1]
2019-09-05 11:06:37,292 [grpc-default-executor-9] INFO  client.GrpcClientProtocolClient (GrpcClientProtocolClient.java:onNext(264)) - client-ADF75DF0F9D1->89f16946-17a7-47cd-87e0-140db9ee23a2: receive RaftClientReply:client-ADF75DF0F9D1->89f16946-17a7-47cd-87e0-140db9ee23a2@group-69654C14B0FF, cid=156, FAILED org.apache.ratis.protocol.NotLeaderException: Server 89f16946-17a7-47cd-87e0-140db9ee23a2@group-69654C14B0FF is not the leader, logIndex=0, commits[89f16946-17a7-47cd-87e0-140db9ee23a2:c-1]
2019-09-05 11:06:38,301 [grpc-default-executor-10] INFO  client.GrpcClientProtocolClient (GrpcClientProtocolClient.java:onNext(264)) - client-ADF75DF0F9D1->54fad45f-1182-4a0a-b101-60c94ba267c1: receive RaftClientReply:client-ADF75DF0F9D1->54fad45f-1182-4a0a-b101-60c94ba267c1@group-69654C14B0FF, cid=156, FAILED org.apache.ratis.protocol.NotLeaderException: Server 54fad45f-1182-4a0a-b101-60c94ba267c1@group-69654C14B0FF is not the leader, logIndex=0, commits[54fad45f-1182-4a0a-b101-60c94ba267c1:c-1]
2019-09-05 11:06:39,310 [grpc-default-executor-10] INFO  client.GrpcClientProtocolClient (GrpcClientProtocolClient.java:onNext(264)) - client-ADF75DF0F9D1->6cb8c19f-8595-423c-829a-79f04dbd8de3: receive RaftClientReply:client-ADF75DF0F9D1->6cb8c19f-8595-423c-829a-79f04dbd8de3@group-69654C14B0FF, cid=156, FAILED org.apache.ratis.protocol.NotLeaderException: Server 6cb8c19f-8595-423c-829a-79f04dbd8de3@group-69654C14B0FF is not the leader, logIndex=0, commits[6cb8c19f-8595-423c-829a-79f04dbd8de3:c-1]
2019-09-05 11:06:39,750 [Thread-3055] INFO  impl.FollowerState (FollowerState.java:run(106)) - 54fad45f-1182-4a0a-b101-60c94ba267c1:group-69654C14B0FF changes to CANDIDATE, lastRpcTime:5023, electionTimeout:5023ms
2019-09-05 11:06:39,751 [Thread-3055] INFO  impl.RoleInfo (RoleInfo.java:shutdownFollowerState(121)) - 54fad45f-1182-4a0a-b101-60c94ba267c1: shutdown FollowerState
2019-09-05 11:06:39,751 [Thread-3055] INFO  impl.RaftServerImpl (RaftServerImpl.java:setRole(174)) - 54fad45f-1182-4a0a-b101-60c94ba267c1@group-69654C14B0FF: changes role from  FOLLOWER to CANDIDATE at term 4 for changeToCandidate
2019-09-05 11:06:39,751 [Thread-3055] INFO  impl.RoleInfo (RoleInfo.java:updateAndGet(143)) - 54fad45f-1182-4a0a-b101-60c94ba267c1: start LeaderElection
2019-09-05 11:06:39,812 [54fad45f-1182-4a0a-b101-60c94ba267c1@group-69654C14B0FF:LeaderElection89] INFO  impl.LeaderElection (LeaderElection.java:askForVotes(182)) - 54fad45f-1182-4a0a-b101-60c94ba267c1@group-69654C14B0FF:LeaderElection89: begin an election at term 5 for -1: [6cb8c19f-8595-423c-829a-79f04dbd8de3:192.168.36.83:38750, 54fad45f-1182-4a0a-b101-60c94ba267c1:192.168.36.83:41045, 89f16946-17a7-47cd-87e0-140db9ee23a2:192.168.36.83:33461], old=null
2019-09-05 11:06:39,814 [grpc-default-executor-9] INFO  impl.RaftServerImpl (RaftServerImpl.java:setRole(174)) - 89f16946-17a7-47cd-87e0-140db9ee23a2@group-69654C14B0FF: changes role from  FOLLOWER to FOLLOWER at term 5 for recognizeCandidate:54fad45f-1182-4a0a-b101-60c94ba267c1
2019-09-05 11:06:39,814 [grpc-default-executor-9] INFO  impl.RoleInfo (RoleInfo.java:shutdownFollowerState(121)) - 89f16946-17a7-47cd-87e0-140db9ee23a2: shutdown FollowerState
2019-09-05 11:06:39,815 [grpc-default-executor-10] INFO  impl.RaftServerImpl (RaftServerImpl.java:setRole(174)) - 6cb8c19f-8595-423c-829a-79f04dbd8de3@group-69654C14B0FF: changes role from  FOLLOWER to FOLLOWER at term 5 for recognizeCandidate:54fad45f-1182-4a0a-b101-60c94ba267c1
2019-09-05 11:06:39,815 [Thread-3056] INFO  impl.FollowerState (FollowerState.java:run(115)) - 89f16946-17a7-47cd-87e0-140db9ee23a2: FollowerState was interrupted: java.lang.InterruptedException: sleep interrupted
2019-09-05 11:06:39,815 [grpc-default-executor-9] INFO  impl.RoleInfo (RoleInfo.java:updateAndGet(143)) - 89f16946-17a7-47cd-87e0-140db9ee23a2: start FollowerState
2019-09-05 11:06:39,815 [grpc-default-executor-10] INFO  impl.RoleInfo (RoleInfo.java:shutdownFollowerState(121)) - 6cb8c19f-8595-423c-829a-79f04dbd8de3: shutdown FollowerState
2019-09-05 11:06:39,819 [grpc-default-executor-10] INFO  impl.RoleInfo (RoleInfo.java:updateAndGet(143)) - 6cb8c19f-8595-423c-829a-79f04dbd8de3: start FollowerState
2019-09-05 11:06:39,819 [Thread-3057] INFO  impl.FollowerState (FollowerState.java:run(115)) - 6cb8c19f-8595-423c-829a-79f04dbd8de3: FollowerState was interrupted: java.lang.InterruptedException: sleep interrupted
2019-09-05 11:06:39,880 [54fad45f-1182-4a0a-b101-60c94ba267c1@group-69654C14B0FF:LeaderElection89] INFO  impl.LeaderElection (LeaderElection.java:logAndReturn(56)) - 54fad45f-1182-4a0a-b101-60c94ba267c1@group-69654C14B0FF:LeaderElection89: Election PASSED; received 1 response(s) [54fad45f-1182-4a0a-b101-60c94ba267c1<-89f16946-17a7-47cd-87e0-140db9ee23a2#0:OK-t5] and 0 exception(s); 54fad45f-1182-4a0a-b101-60c94ba267c1@group-69654C14B0FF:t5, leader=null, voted=54fad45f-1182-4a0a-b101-60c94ba267c1, raftlog=54fad45f-1182-4a0a-b101-60c94ba267c1@group-69654C14B0FF-SegmentedRaftLog:OPENED:c-1,f-1,i0, conf=-1: [6cb8c19f-8595-423c-829a-79f04dbd8de3:192.168.36.83:38750, 54fad45f-1182-4a0a-b101-60c94ba267c1:192.168.36.83:41045, 89f16946-17a7-47cd-87e0-140db9ee23a2:192.168.36.83:33461], old=null
2019-09-05 11:06:39,881 [54fad45f-1182-4a0a-b101-60c94ba267c1@group-69654C14B0FF:LeaderElection89] INFO  impl.RoleInfo (RoleInfo.java:shutdownLeaderElection(134)) - 54fad45f-1182-4a0a-b101-60c94ba267c1: shutdown LeaderElection
2019-09-05 11:06:39,881 [54fad45f-1182-4a0a-b101-60c94ba267c1@group-69654C14B0FF:LeaderElection89] INFO  impl.RaftServerImpl (RaftServerImpl.java:setRole(174)) - 54fad45f-1182-4a0a-b101-60c94ba267c1@group-69654C14B0FF: changes role from CANDIDATE to LEADER at term 5 for changeToLeader
2019-09-05 11:06:39,881 [54fad45f-1182-4a0a-b101-60c94ba267c1@group-69654C14B0FF:LeaderElection89] INFO  impl.RaftServerImpl (ServerState.java:setLeader(253)) - 54fad45f-1182-4a0a-b101-60c94ba267c1@group-69654C14B0FF: change Leader from null to 54fad45f-1182-4a0a-b101-60c94ba267c1 at term 5 for becomeLeader, leader elected after 27438ms
2019-09-05 11:06:39,881 [54fad45f-1182-4a0a-b101-60c94ba267c1@group-69654C14B0FF:LeaderElection89] INFO  server.RaftServerConfigKeys (ConfUtils.java:logGet(43)) - raft.server.staging.catchup.gap = 1000 (default)
2019-09-05 11:06:39,882 [54fad45f-1182-4a0a-b101-60c94ba267c1@group-69654C14B0FF:LeaderElection89] INFO  server.RaftServerConfigKeys (ConfUtils.java:logGet(43)) - raft.server.rpc.sleep.time = 25ms (default)
2019-09-05 11:06:39,882 [54fad45f-1182-4a0a-b101-60c94ba267c1@group-69654C14B0FF:LeaderElection89] INFO  server.RaftServerConfigKeys (ConfUtils.java:logGet(43)) - raft.server.write.element-limit = 4096 (default)
2019-09-05 11:06:39,882 [54fad45f-1182-4a0a-b101-60c94ba267c1@group-69654C14B0FF:LeaderElection89] INFO  server.RaftServerConfigKeys (ConfUtils.java:logGet(43)) - raft.server.watch.timeout = 10s (default)
2019-09-05 11:06:39,882 [54fad45f-1182-4a0a-b101-60c94ba267c1@group-69654C14B0FF:LeaderElection89] INFO  server.RaftServerConfigKeys (ConfUtils.java:logGet(43)) - raft.server.watch.timeout.denomination = 1s (default)
2019-09-05 11:06:39,882 [54fad45f-1182-4a0a-b101-60c94ba267c1@group-69654C14B0FF:LeaderElection89] INFO  server.RaftServerConfigKeys (ConfUtils.java:logGet(43)) - raft.server.watch.element-limit = 65536 (default)
2019-09-05 11:06:39,886 [54fad45f-1182-4a0a-b101-60c94ba267c1@group-69654C14B0FF:LeaderElection89] INFO  server.RaftServerConfigKeys (ConfUtils.java:logGet(43)) - raft.server.log.appender.snapshot.chunk.size.max = 16MB (=16777216) (default)
2019-09-05 11:06:39,886 [54fad45f-1182-4a0a-b101-60c94ba267c1@group-69654C14B0FF:LeaderElection89] INFO  server.RaftServerConfigKeys (ConfUtils.java:logGet(43)) - raft.server.log.appender.buffer.byte-limit = 33554432 (custom)
2019-09-05 11:06:39,887 [54fad45f-1182-4a0a-b101-60c94ba267c1@group-69654C14B0FF:LeaderElection89] INFO  server.RaftServerConfigKeys (ConfUtils.java:logGet(43)) - raft.server.log.appender.buffer.element-limit = 1 (custom)
2019-09-05 11:06:39,887 [54fad45f-1182-4a0a-b101-60c94ba267c1@group-69654C14B0FF:LeaderElection89] INFO  grpc.GrpcConfigKeys$Server (ConfUtils.java:logGet(43)) - raft.grpc.server.leader.outstanding.appends.max = 128 (default)
2019-09-05 11:06:39,887 [54fad45f-1182-4a0a-b101-60c94ba267c1@group-69654C14B0FF:LeaderElection89] INFO  server.RaftServerConfigKeys (ConfUtils.java:logGet(43)) - raft.server.rpc.request.timeout = 3000ms (default)
2019-09-05 11:06:39,887 [54fad45f-1182-4a0a-b101-60c94ba267c1@group-69654C14B0FF:LeaderElection89] INFO  server.RaftServerConfigKeys (ConfUtils.java:logGet(43)) - raft.server.log.appender.install.snapshot.enabled = false (custom)
2019-09-05 11:06:39,888 [54fad45f-1182-4a0a-b101-60c94ba267c1@group-69654C14B0FF:LeaderElection89] INFO  server.RaftServerConfigKeys (ConfUtils.java:logGet(43)) - raft.server.log.appender.snapshot.chunk.size.max = 16MB (=16777216) (default)
2019-09-05 11:06:39,888 [54fad45f-1182-4a0a-b101-60c94ba267c1@group-69654C14B0FF:LeaderElection89] INFO  server.RaftServerConfigKeys (ConfUtils.java:logGet(43)) - raft.server.log.appender.buffer.byte-limit = 33554432 (custom)
2019-09-05 11:06:39,888 [54fad45f-1182-4a0a-b101-60c94ba267c1@group-69654C14B0FF:LeaderElection89] INFO  server.RaftServerConfigKeys (ConfUtils.java:logGet(43)) - raft.server.log.appender.buffer.element-limit = 1 (custom)
2019-09-05 11:06:39,888 [54fad45f-1182-4a0a-b101-60c94ba267c1@group-69654C14B0FF:LeaderElection89] INFO  grpc.GrpcConfigKeys$Server (ConfUtils.java:logGet(43)) - raft.grpc.server.leader.outstanding.appends.max = 128 (default)
2019-09-05 11:06:39,888 [54fad45f-1182-4a0a-b101-60c94ba267c1@group-69654C14B0FF:LeaderElection89] INFO  server.RaftServerConfigKeys (ConfUtils.java:logGet(43)) - raft.server.rpc.request.timeout = 3000ms (default)
2019-09-05 11:06:39,889 [54fad45f-1182-4a0a-b101-60c94ba267c1@group-69654C14B0FF:LeaderElection89] INFO  server.RaftServerConfigKeys (ConfUtils.java:logGet(43)) - raft.server.log.appender.install.snapshot.enabled = false (custom)
2019-09-05 11:06:39,889 [54fad45f-1182-4a0a-b101-60c94ba267c1@group-69654C14B0FF:LeaderElection89] INFO  impl.RoleInfo (RoleInfo.java:updateAndGet(143)) - 54fad45f-1182-4a0a-b101-60c94ba267c1: start LeaderState
2019-09-05 11:06:39,889 [54fad45f-1182-4a0a-b101-60c94ba267c1@group-69654C14B0FF:LeaderElection89] INFO  segmented.SegmentedRaftLogWorker (SegmentedRaftLogWorker.java:startLogSegment(380)) - 54fad45f-1182-4a0a-b101-60c94ba267c1@group-69654C14B0FF-SegmentedRaftLogWorker: Starting segment from index:0
2019-09-05 11:06:39,891 [54fad45f-1182-4a0a-b101-60c94ba267c1@group-69654C14B0FF:LeaderElection89] INFO  impl.RaftServerImpl (ServerState.java:setRaftConf(354)) - 54fad45f-1182-4a0a-b101-60c94ba267c1@group-69654C14B0FF: set configuration 0: [6cb8c19f-8595-423c-829a-79f04dbd8de3:192.168.36.83:38750, 54fad45f-1182-4a0a-b101-60c94ba267c1:192.168.36.83:41045, 89f16946-17a7-47cd-87e0-140db9ee23a2:192.168.36.83:33461], old=null at 0
2019-09-05 11:06:39,892 [grpc-default-executor-9] INFO  impl.RaftServerImpl (ServerState.java:setLeader(253)) - 89f16946-17a7-47cd-87e0-140db9ee23a2@group-69654C14B0FF: change Leader from null to 54fad45f-1182-4a0a-b101-60c94ba267c1 at term 5 for appendEntries, leader elected after 27449ms
2019-09-05 11:06:39,924 [grpc-default-executor-10] INFO  impl.RaftServerImpl (ServerState.java:setLeader(253)) - 6cb8c19f-8595-423c-829a-79f04dbd8de3@group-69654C14B0FF: change Leader from null to 54fad45f-1182-4a0a-b101-60c94ba267c1 at term 5 for appendEntries, leader elected after 27481ms
2019-09-05 11:06:39,927 [grpc-default-executor-6] INFO  impl.RaftServerImpl (ServerState.java:setRaftConf(354)) - 6cb8c19f-8595-423c-829a-79f04dbd8de3@group-69654C14B0FF: set configuration 0: [6cb8c19f-8595-423c-829a-79f04dbd8de3:192.168.36.83:38750, 54fad45f-1182-4a0a-b101-60c94ba267c1:192.168.36.83:41045, 89f16946-17a7-47cd-87e0-140db9ee23a2:192.168.36.83:33461], old=null at 0
2019-09-05 11:06:39,927 [grpc-default-executor-6] INFO  segmented.SegmentedRaftLogWorker (SegmentedRaftLogWorker.java:startLogSegment(380)) - 6cb8c19f-8595-423c-829a-79f04dbd8de3@group-69654C14B0FF-SegmentedRaftLogWorker: Starting segment from index:0
2019-09-05 11:06:39,927 [grpc-default-executor-10] INFO  impl.RaftServerImpl (ServerState.java:setRaftConf(354)) - 89f16946-17a7-47cd-87e0-140db9ee23a2@group-69654C14B0FF: set configuration 0: [6cb8c19f-8595-423c-829a-79f04dbd8de3:192.168.36.83:38750, 54fad45f-1182-4a0a-b101-60c94ba267c1:192.168.36.83:41045, 89f16946-17a7-47cd-87e0-140db9ee23a2:192.168.36.83:33461], old=null at 0
2019-09-05 11:06:39,928 [grpc-default-executor-10] INFO  segmented.SegmentedRaftLogWorker (SegmentedRaftLogWorker.java:startLogSegment(380)) - 89f16946-17a7-47cd-87e0-140db9ee23a2@group-69654C14B0FF-SegmentedRaftLogWorker: Starting segment from index:0
2019-09-05 11:06:40,036 [54fad45f-1182-4a0a-b101-60c94ba267c1@group-69654C14B0FF-SegmentedRaftLogWorker] INFO  segmented.SegmentedRaftLogWorker (SegmentedRaftLogWorker.java:execute(569)) - 54fad45f-1182-4a0a-b101-60c94ba267c1@group-69654C14B0FF-SegmentedRaftLogWorker: created new log segment /workdir/hadoop-ozone/integration-test/target/test-dir/MiniOzoneClusterImpl-06581d8d-c2e4-4d94-a862-518568baa486/datanode-3/data/ratis/d968c93c-9d88-466d-afc1-69654c14b0ff/current/log_inprogress_0
2019-09-05 11:06:40,036 [6cb8c19f-8595-423c-829a-79f04dbd8de3@group-69654C14B0FF-SegmentedRaftLogWorker] INFO  segmented.SegmentedRaftLogWorker (SegmentedRaftLogWorker.java:execute(569)) - 6cb8c19f-8595-423c-829a-79f04dbd8de3@group-69654C14B0FF-SegmentedRaftLogWorker: created new log segment /workdir/hadoop-ozone/integration-test/target/test-dir/MiniOzoneClusterImpl-06581d8d-c2e4-4d94-a862-518568baa486/datanode-1/data/ratis/d968c93c-9d88-466d-afc1-69654c14b0ff/current/log_inprogress_0
2019-09-05 11:06:40,036 [89f16946-17a7-47cd-87e0-140db9ee23a2@group-69654C14B0FF-SegmentedRaftLogWorker] INFO  segmented.SegmentedRaftLogWorker (SegmentedRaftLogWorker.java:execute(569)) - 89f16946-17a7-47cd-87e0-140db9ee23a2@group-69654C14B0FF-SegmentedRaftLogWorker: created new log segment /workdir/hadoop-ozone/integration-test/target/test-dir/MiniOzoneClusterImpl-06581d8d-c2e4-4d94-a862-518568baa486/datanode-2/data/ratis/d968c93c-9d88-466d-afc1-69654c14b0ff/current/log_inprogress_0
2019-09-05 11:06:40,663 [grpc-default-executor-10] INFO  client.GrpcClientProtocolClient (GrpcClientProtocolClient.java:onNext(264)) - client-ADF75DF0F9D1->54fad45f-1182-4a0a-b101-60c94ba267c1: receive RaftClientReply:client-ADF75DF0F9D1->54fad45f-1182-4a0a-b101-60c94ba267c1@group-69654C14B0FF, cid=156, SUCCESS, logIndex=1, commits[54fad45f-1182-4a0a-b101-60c94ba267c1:c1, 6cb8c19f-8595-423c-829a-79f04dbd8de3:c0, 89f16946-17a7-47cd-87e0-140db9ee23a2:c0]
2019-09-05 11:06:40,717 [grpc-default-executor-1] INFO  client.GrpcClientProtocolClient (GrpcClientProtocolClient.java:onNext(264)) - client-ADF75DF0F9D1->54fad45f-1182-4a0a-b101-60c94ba267c1: receive RaftClientReply:client-ADF75DF0F9D1->54fad45f-1182-4a0a-b101-60c94ba267c1@group-69654C14B0FF, cid=157, SUCCESS, logIndex=3, commits[54fad45f-1182-4a0a-b101-60c94ba267c1:c5, 6cb8c19f-8595-423c-829a-79f04dbd8de3:c1, 89f16946-17a7-47cd-87e0-140db9ee23a2:c1]
2019-09-05 11:06:40,872 [grpc-default-executor-1] INFO  client.GrpcClientProtocolClient (GrpcClientProtocolClient.java:onNext(264)) - client-ADF75DF0F9D1->54fad45f-1182-4a0a-b101-60c94ba267c1: receive RaftClientReply:client-ADF75DF0F9D1->54fad45f-1182-4a0a-b101-60c94ba267c1@group-69654C14B0FF, cid=158, SUCCESS, logIndex=4, commits[54fad45f-1182-4a0a-b101-60c94ba267c1:c11, 6cb8c19f-8595-423c-829a-79f04dbd8de3:c7, 89f16946-17a7-47cd-87e0-140db9ee23a2:c7]
2019-09-05 11:06:40,877 [grpc-default-executor-1] INFO  client.GrpcClientProtocolClient (GrpcClientProtocolClient.java:onNext(264)) - client-ADF75DF0F9D1->54fad45f-1182-4a0a-b101-60c94ba267c1: receive RaftClientReply:client-ADF75DF0F9D1->54fad45f-1182-4a0a-b101-60c94ba267c1@group-69654C14B0FF, cid=159, SUCCESS, logIndex=5, commits[54fad45f-1182-4a0a-b101-60c94ba267c1:c11, 6cb8c19f-8595-423c-829a-79f04dbd8de3:c7, 89f16946-17a7-47cd-87e0-140db9ee23a2:c7]
2019-09-05 11:06:40,877 [grpc-default-executor-1] INFO  client.GrpcClientProtocolClient (GrpcClientProtocolClient.java:onNext(264)) - client-ADF75DF0F9D1->54fad45f-1182-4a0a-b101-60c94ba267c1: receive RaftClientReply:client-ADF75DF0F9D1->54fad45f-1182-4a0a-b101-60c94ba267c1@group-69654C14B0FF, cid=160, SUCCESS, logIndex=6, commits[54fad45f-1182-4a0a-b101-60c94ba267c1:c11, 6cb8c19f-8595-423c-829a-79f04dbd8de3:c7, 89f16946-17a7-47cd-87e0-140db9ee23a2:c7]
2019-09-05 11:06:41,146 [grpc-default-executor-1] INFO  client.GrpcClientProtocolClient (GrpcClientProtocolClient.java:onNext(264)) - client-ADF75DF0F9D1->54fad45f-1182-4a0a-b101-60c94ba267c1: receive RaftClientReply:client-ADF75DF0F9D1->54fad45f-1182-4a0a-b101-60c94ba267c1@group-69654C14B0FF, cid=161, SUCCESS, logIndex=7, commits[54fad45f-1182-4a0a-b101-60c94ba267c1:c11, 6cb8c19f-8595-423c-829a-79f04dbd8de3:c7, 89f16946-17a7-47cd-87e0-140db9ee23a2:c7]
2019-09-05 11:06:41,186 [grpc-default-executor-6] INFO  client.GrpcClientProtocolClient (GrpcClientProtocolClient.java:onNext(264)) - client-ADF75DF0F9D1->54fad45f-1182-4a0a-b101-60c94ba267c1: receive RaftClientReply:client-ADF75DF0F9D1->54fad45f-1182-4a0a-b101-60c94ba267c1@group-69654C14B0FF, cid=162, SUCCESS, logIndex=12, commits[54fad45f-1182-4a0a-b101-60c94ba267c1:c13, 6cb8c19f-8595-423c-829a-79f04dbd8de3:c11, 89f16946-17a7-47cd-87e0-140db9ee23a2:c11]
2019-09-05 11:06:41,190 [grpc-default-executor-6] INFO  client.GrpcClientProtocolClient (GrpcClientProtocolClient.java:onNext(264)) - client-ADF75DF0F9D1->54fad45f-1182-4a0a-b101-60c94ba267c1: receive RaftClientReply:client-ADF75DF0F9D1->54fad45f-1182-4a0a-b101-60c94ba267c1@group-69654C14B0FF, cid=163, SUCCESS, logIndex=13, commits[54fad45f-1182-4a0a-b101-60c94ba267c1:c13, 6cb8c19f-8595-423c-829a-79f04dbd8de3:c11, 89f16946-17a7-47cd-87e0-140db9ee23a2:c11]
2019-09-05 11:06:41,208 [grpc-default-executor-1] INFO  client.GrpcClientProtocolClient (GrpcClientProtocolClient.java:onNext(264)) - client-ADF75DF0F9D1->54fad45f-1182-4a0a-b101-60c94ba267c1: receive RaftClientReply:client-ADF75DF0F9D1->54fad45f-1182-4a0a-b101-60c94ba267c1@group-69654C14B0FF, cid=164, SUCCESS, logIndex=0, commits[54fad45f-1182-4a0a-b101-60c94ba267c1:c15, 6cb8c19f-8595-423c-829a-79f04dbd8de3:c13, 89f16946-17a7-47cd-87e0-140db9ee23a2:c13]
2019-09-05 11:06:41,618 [Datanode State Machine Thread - 0] INFO  statemachine.DatanodeStateMachine (DatanodeStateMachine.java:lambda$startDaemon$0(350)) - Ozone container server started.
2019-09-05 11:06:45,631 [EventQueue-StaleNodeForStaleNodeHandler] INFO  node.StaleNodeHandler (StaleNodeHandler.java:onMessage(58)) - Datanode 54fad45f-1182-4a0a-b101-60c94ba267c1{ip: 192.168.36.83, host: pr-hdds-1561-gm47z-337254333, networkLocation: /default-rack, certSerialId: null} moved to stale state. Finalizing its pipelines [PipelineID=0308621e-7ddf-4bbb-8fa6-0f0d9db6e2a4, PipelineID=d968c93c-9d88-466d-afc1-69654c14b0ff]
2019-09-05 11:06:45,632 [EventQueue-StaleNodeForStaleNodeHandler] INFO  pipeline.SCMPipelineManager (SCMPipelineManager.java:finalizeAndDestroyPipeline(309)) - destroying pipeline:Pipeline[ Id: 0308621e-7ddf-4bbb-8fa6-0f0d9db6e2a4, Nodes: 54fad45f-1182-4a0a-b101-60c94ba267c1{ip: 192.168.36.83, host: pr-hdds-1561-gm47z-337254333, networkLocation: /default-rack, certSerialId: null}, Type:RATIS, Factor:ONE, State:OPEN]
2019-09-05 11:06:45,633 [EventQueue-StaleNodeForStaleNodeHandler] INFO  pipeline.PipelineStateManager (PipelineStateManager.java:finalizePipeline(123)) - Pipeline Pipeline[ Id: 0308621e-7ddf-4bbb-8fa6-0f0d9db6e2a4, Nodes: 54fad45f-1182-4a0a-b101-60c94ba267c1{ip: 192.168.36.83, host: pr-hdds-1561-gm47z-337254333, networkLocation: /default-rack, certSerialId: null}, Type:RATIS, Factor:ONE, State:CLOSED] moved to CLOSED state
2019-09-05 11:06:45,633 [EventQueue-StaleNodeForStaleNodeHandler] INFO  pipeline.SCMPipelineManager (SCMPipelineManager.java:finalizeAndDestroyPipeline(309)) - destroying pipeline:Pipeline[ Id: d968c93c-9d88-466d-afc1-69654c14b0ff, Nodes: 54fad45f-1182-4a0a-b101-60c94ba267c1{ip: 192.168.36.83, host: pr-hdds-1561-gm47z-337254333, networkLocation: /default-rack, certSerialId: null}6cb8c19f-8595-423c-829a-79f04dbd8de3{ip: 192.168.36.83, host: pr-hdds-1561-gm47z-337254333, networkLocation: /default-rack, certSerialId: null}89f16946-17a7-47cd-87e0-140db9ee23a2{ip: 192.168.36.83, host: pr-hdds-1561-gm47z-337254333, networkLocation: /default-rack, certSerialId: null}, Type:RATIS, Factor:THREE, State:OPEN]
2019-09-05 11:06:45,633 [EventQueue-StaleNodeForStaleNodeHandler] INFO  pipeline.PipelineStateManager (PipelineStateManager.java:finalizePipeline(123)) - Pipeline Pipeline[ Id: d968c93c-9d88-466d-afc1-69654c14b0ff, Nodes: 54fad45f-1182-4a0a-b101-60c94ba267c1{ip: 192.168.36.83, host: pr-hdds-1561-gm47z-337254333, networkLocation: /default-rack, certSerialId: null}6cb8c19f-8595-423c-829a-79f04dbd8de3{ip: 192.168.36.83, host: pr-hdds-1561-gm47z-337254333, networkLocation: /default-rack, certSerialId: null}89f16946-17a7-47cd-87e0-140db9ee23a2{ip: 192.168.36.83, host: pr-hdds-1561-gm47z-337254333, networkLocation: /default-rack, certSerialId: null}, Type:RATIS, Factor:THREE, State:CLOSED] moved to CLOSED state
2019-09-05 11:06:45,634 [EventQueue-CloseContainerForCloseContainerEventHandler] INFO  container.CloseContainerEventHandler (CloseContainerEventHandler.java:onMessage(61)) - Close container Event triggered for container : #1
2019-09-05 11:06:46,209 [main] INFO  ozoneimpl.OzoneContainer (OzoneContainer.java:stop(216)) - Attempting to stop container services.
2019-09-05 11:06:46,214 [main] INFO  impl.RaftServerProxy (RaftServerProxy.java:lambda$close$4(314)) - 54fad45f-1182-4a0a-b101-60c94ba267c1: close
2019-09-05 11:06:46,215 [main] INFO  impl.RaftServerImpl (RaftServerImpl.java:lambda$shutdown$3(251)) - 54fad45f-1182-4a0a-b101-60c94ba267c1@group-0F0D9DB6E2A4: shutdown
2019-09-05 11:06:46,215 [main] INFO  util.JmxRegister (JmxRegister.java:unregister(73)) - Successfully un-registered JMX Bean with object name Ratis:service=RaftServer,group=group-0F0D9DB6E2A4,id=54fad45f-1182-4a0a-b101-60c94ba267c1
2019-09-05 11:06:46,216 [main] INFO  impl.RoleInfo (RoleInfo.java:shutdownLeaderState(104)) - 54fad45f-1182-4a0a-b101-60c94ba267c1: shutdown LeaderState
2019-09-05 11:06:46,216 [main] INFO  impl.PendingRequests (PendingRequests.java:sendNotLeaderResponses(202)) - 54fad45f-1182-4a0a-b101-60c94ba267c1-PendingRequests: sendNotLeaderResponses
2019-09-05 11:06:46,217 [main] INFO  impl.StateMachineUpdater (StateMachineUpdater.java:stopAndJoin(125)) - 54fad45f-1182-4a0a-b101-60c94ba267c1@group-0F0D9DB6E2A4-StateMachineUpdater: set stopIndex = 0
2019-09-05 11:06:46,217 [main] INFO  impl.RaftServerImpl (ServerState.java:close(385)) - 54fad45f-1182-4a0a-b101-60c94ba267c1@group-0F0D9DB6E2A4: closes. applyIndex: 0
2019-09-05 11:06:46,218 [54fad45f-1182-4a0a-b101-60c94ba267c1@group-0F0D9DB6E2A4-SegmentedRaftLogWorker] INFO  segmented.SegmentedRaftLogWorker (SegmentedRaftLogWorker.java:run(313)) - 54fad45f-1182-4a0a-b101-60c94ba267c1@group-0F0D9DB6E2A4-SegmentedRaftLogWorker was interrupted, exiting. There are 0 tasks remaining in the queue.
2019-09-05 11:06:46,221 [main] INFO  segmented.SegmentedRaftLogWorker (SegmentedRaftLogWorker.java:close(228)) - 54fad45f-1182-4a0a-b101-60c94ba267c1@group-0F0D9DB6E2A4-SegmentedRaftLogWorker close()
2019-09-05 11:06:46,226 [main] INFO  impl.RaftServerImpl (RaftServerImpl.java:lambda$shutdown$3(251)) - 54fad45f-1182-4a0a-b101-60c94ba267c1@group-69654C14B0FF: shutdown
2019-09-05 11:06:46,227 [main] INFO  util.JmxRegister (JmxRegister.java:unregister(73)) - Successfully un-registered JMX Bean with object name Ratis:service=RaftServer,group=group-69654C14B0FF,id=54fad45f-1182-4a0a-b101-60c94ba267c1
2019-09-05 11:06:46,227 [main] INFO  impl.RoleInfo (RoleInfo.java:shutdownLeaderState(104)) - 54fad45f-1182-4a0a-b101-60c94ba267c1: shutdown LeaderState
2019-09-05 11:06:46,245 [main] INFO  impl.PendingRequests (PendingRequests.java:sendNotLeaderResponses(202)) - 54fad45f-1182-4a0a-b101-60c94ba267c1-PendingRequests: sendNotLeaderResponses
2019-09-05 11:06:46,245 [org.apache.ratis.server.impl.LogAppender$AppenderDaemon$$Lambda$473/1880504537@10ba68c2] WARN  server.GrpcLogAppender (GrpcLogAppender.java:mayWait(143)) - 54fad45f-1182-4a0a-b101-60c94ba267c1@group-69654C14B0FF->6cb8c19f-8595-423c-829a-79f04dbd8de3-GrpcLogAppender: Wait interrupted by java.lang.InterruptedException
2019-09-05 11:06:46,245 [org.apache.ratis.server.impl.LogAppender$AppenderDaemon$$Lambda$473/1880504537@4b1a1e2b] WARN  server.GrpcLogAppender (GrpcLogAppender.java:mayWait(143)) - 54fad45f-1182-4a0a-b101-60c94ba267c1@group-69654C14B0FF->89f16946-17a7-47cd-87e0-140db9ee23a2-GrpcLogAppender: Wait interrupted by java.lang.InterruptedException
2019-09-05 11:06:46,254 [main] INFO  impl.StateMachineUpdater (StateMachineUpdater.java:stopAndJoin(125)) - 54fad45f-1182-4a0a-b101-60c94ba267c1@group-69654C14B0FF-StateMachineUpdater: set stopIndex = 15
2019-09-05 11:06:46,254 [54fad45f-1182-4a0a-b101-60c94ba267c1@group-69654C14B0FF-StateMachineUpdater] INFO  ratis.ContainerStateMachine (ContainerStateMachine.java:takeSnapshot(289)) - group-69654C14B0FF: Taking a snapshot at:(t:5, i:13) file /workdir/hadoop-ozone/integration-test/target/test-dir/MiniOzoneClusterImpl-06581d8d-c2e4-4d94-a862-518568baa486/datanode-3/data/ratis/d968c93c-9d88-466d-afc1-69654c14b0ff/sm/snapshot.5_13
2019-09-05 11:06:46,255 [grpc-default-executor-6] INFO  server.GrpcServerProtocolService (GrpcServerProtocolService.java:onCompleted(113)) - 89f16946-17a7-47cd-87e0-140db9ee23a2: Completed APPEND_ENTRIES, lastRequest: 54fad45f-1182-4a0a-b101-60c94ba267c1->89f16946-17a7-47cd-87e0-140db9ee23a2#18-t5, previous=(t:5, i:15), leaderCommit=15, initializing? false, entries: <empty>
2019-09-05 11:06:46,255 [grpc-default-executor-6] INFO  server.GrpcLogAppender (GrpcLogAppender.java:onCompleted(293)) - 54fad45f-1182-4a0a-b101-60c94ba267c1@group-69654C14B0FF->89f16946-17a7-47cd-87e0-140db9ee23a2-AppendLogResponseHandler: follower responses appendEntries COMPLETED
2019-09-05 11:06:46,256 [grpc-default-executor-1] INFO  server.GrpcServerProtocolService (GrpcServerProtocolService.java:onCompleted(113)) - 6cb8c19f-8595-423c-829a-79f04dbd8de3: Completed APPEND_ENTRIES, lastRequest: 54fad45f-1182-4a0a-b101-60c94ba267c1->6cb8c19f-8595-423c-829a-79f04dbd8de3#18-t5, previous=(t:5, i:15), leaderCommit=15, initializing? false, entries: <empty>
2019-09-05 11:06:46,256 [grpc-default-executor-6] INFO  impl.FollowerInfo (FollowerInfo.java:lambda$new$0(51)) - 54fad45f-1182-4a0a-b101-60c94ba267c1@group-69654C14B0FF->89f16946-17a7-47cd-87e0-140db9ee23a2: nextIndex: updateUnconditionally 16 -> 15
2019-09-05 11:06:46,256 [grpc-default-executor-1] INFO  server.GrpcLogAppender (GrpcLogAppender.java:onCompleted(293)) - 54fad45f-1182-4a0a-b101-60c94ba267c1@group-69654C14B0FF->6cb8c19f-8595-423c-829a-79f04dbd8de3-AppendLogResponseHandler: follower responses appendEntries COMPLETED
2019-09-05 11:06:46,257 [grpc-default-executor-1] INFO  impl.FollowerInfo (FollowerInfo.java:lambda$new$0(51)) - 54fad45f-1182-4a0a-b101-60c94ba267c1@group-69654C14B0FF->6cb8c19f-8595-423c-829a-79f04dbd8de3: nextIndex: updateUnconditionally 16 -> 15
2019-09-05 11:06:46,297 [54fad45f-1182-4a0a-b101-60c94ba267c1@group-69654C14B0FF-StateMachineUpdater] INFO  ratis.ContainerStateMachine (ContainerStateMachine.java:takeSnapshot(300)) - group-69654C14B0FF: Finished taking a snapshot at:(t:5, i:13) file:/workdir/hadoop-ozone/integration-test/target/test-dir/MiniOzoneClusterImpl-06581d8d-c2e4-4d94-a862-518568baa486/datanode-3/data/ratis/d968c93c-9d88-466d-afc1-69654c14b0ff/sm/snapshot.5_13 time:43
2019-09-05 11:06:46,297 [54fad45f-1182-4a0a-b101-60c94ba267c1@group-69654C14B0FF-StateMachineUpdater] INFO  impl.StateMachineUpdater (StateMachineUpdater.java:takeSnapshot(258)) - 54fad45f-1182-4a0a-b101-60c94ba267c1@group-69654C14B0FF-StateMachineUpdater: Took a snapshot at index 13
2019-09-05 11:06:46,298 [54fad45f-1182-4a0a-b101-60c94ba267c1@group-69654C14B0FF-StateMachineUpdater] INFO  impl.StateMachineUpdater (StateMachineUpdater.java:lambda$new$0(83)) - 54fad45f-1182-4a0a-b101-60c94ba267c1@group-69654C14B0FF-StateMachineUpdater: snapshotIndex: updateIncreasingly -1 -> 13
2019-09-05 11:06:46,298 [54fad45f-1182-4a0a-b101-60c94ba267c1@group-69654C14B0FF-StateMachineUpdater] INFO  ratis.ContainerStateMachine (ContainerStateMachine.java:takeSnapshot(289)) - group-69654C14B0FF: Taking a snapshot at:(t:5, i:13) file /workdir/hadoop-ozone/integration-test/target/test-dir/MiniOzoneClusterImpl-06581d8d-c2e4-4d94-a862-518568baa486/datanode-3/data/ratis/d968c93c-9d88-466d-afc1-69654c14b0ff/sm/snapshot.5_13
2019-09-05 11:06:46,325 [54fad45f-1182-4a0a-b101-60c94ba267c1@group-69654C14B0FF-StateMachineUpdater] INFO  ratis.ContainerStateMachine (ContainerStateMachine.java:takeSnapshot(300)) - group-69654C14B0FF: Finished taking a snapshot at:(t:5, i:13) file:/workdir/hadoop-ozone/integration-test/target/test-dir/MiniOzoneClusterImpl-06581d8d-c2e4-4d94-a862-518568baa486/datanode-3/data/ratis/d968c93c-9d88-466d-afc1-69654c14b0ff/sm/snapshot.5_13 time:27
2019-09-05 11:06:46,325 [54fad45f-1182-4a0a-b101-60c94ba267c1@group-69654C14B0FF-StateMachineUpdater] INFO  impl.StateMachineUpdater (StateMachineUpdater.java:takeSnapshot(258)) - 54fad45f-1182-4a0a-b101-60c94ba267c1@group-69654C14B0FF-StateMachineUpdater: Took a snapshot at index 13
2019-09-05 11:06:46,325 [54fad45f-1182-4a0a-b101-60c94ba267c1@group-69654C14B0FF-StateMachineUpdater] INFO  impl.StateMachineUpdater (StateMachineUpdater.java:lambda$new$0(83)) - 54fad45f-1182-4a0a-b101-60c94ba267c1@group-69654C14B0FF-StateMachineUpdater: snapshotIndex: updateIncreasingly 13 -> 13
2019-09-05 11:06:46,325 [main] INFO  impl.RaftServerImpl (ServerState.java:close(385)) - 54fad45f-1182-4a0a-b101-60c94ba267c1@group-69654C14B0FF: closes. applyIndex: 15
2019-09-05 11:06:46,326 [54fad45f-1182-4a0a-b101-60c94ba267c1@group-69654C14B0FF-SegmentedRaftLogWorker] INFO  segmented.SegmentedRaftLogWorker (SegmentedRaftLogWorker.java:run(313)) - 54fad45f-1182-4a0a-b101-60c94ba267c1@group-69654C14B0FF-SegmentedRaftLogWorker was interrupted, exiting. There are 0 tasks remaining in the queue.
2019-09-05 11:06:46,330 [main] INFO  segmented.SegmentedRaftLogWorker (SegmentedRaftLogWorker.java:close(228)) - 54fad45f-1182-4a0a-b101-60c94ba267c1@group-69654C14B0FF-SegmentedRaftLogWorker close()
2019-09-05 11:06:46,335 [main] INFO  server.GrpcService (GrpcService.java:closeImpl(164)) - 54fad45f-1182-4a0a-b101-60c94ba267c1: shutdown server with port 41045 now
2019-09-05 11:06:46,336 [grpc-default-executor-6] WARN  client.GrpcClientProtocolService (LogUtils.java:warn(134)) - 12-UnorderedRequestStreamObserver12: onError: org.apache.ratis.thirdparty.io.grpc.StatusRuntimeException: CANCELLED: cancelled before receiving half close
2019-09-05 11:06:46,339 [main] INFO  server.GrpcService (GrpcService.java:closeImpl(172)) - 54fad45f-1182-4a0a-b101-60c94ba267c1: shutdown server with port 41045 successfully
2019-09-05 11:06:46,341 [refreshUsed-/workdir/hadoop-ozone/integration-test/target/test-dir/MiniOzoneClusterImpl-06581d8d-c2e4-4d94-a862-518568baa486/datanode-3/data/containers] WARN  fs.CachingGetSpaceUsed (CachingGetSpaceUsed.java:run(183)) - Thread Interrupted waiting to refresh disk information: sleep interrupted
2019-09-05 11:06:46,359 [main] INFO  utils.BackgroundService (BackgroundService.java:shutdown(148)) - Shutting down service BlockDeletingService
2019-09-05 11:06:46,365 [main] INFO  statemachine.DatanodeStateMachine (DatanodeStateMachine.java:stopDaemon(395)) - Ozone container server stopped.
2019-09-05 11:06:46,367 [main] INFO  handler.ContextHandler (ContextHandler.java:doStop(910)) - Stopped o.e.j.w.WebAppContext@4aaecabd{/,null,UNAVAILABLE}{/hddsDatanode}
2019-09-05 11:06:46,368 [main] INFO  server.AbstractConnector (AbstractConnector.java:doStop(318)) - Stopped ServerConnector@23bd0c81{HTTP/1.1,[http/1.1]}{0.0.0.0:0}
2019-09-05 11:06:46,368 [main] INFO  handler.ContextHandler (ContextHandler.java:doStop(910)) - Stopped o.e.j.s.ServletContextHandler@7a0ab480{/static,jar:file:/home/user/.m2/repository/org/apache/hadoop/hadoop-hdds-container-service/0.5.0-SNAPSHOT/hadoop-hdds-container-service-0.5.0-SNAPSHOT.jar!/webapps/static,UNAVAILABLE}
2019-09-05 11:06:46,369 [main] INFO  handler.ContextHandler (ContextHandler.java:doStop(910)) - Stopped o.e.j.s.ServletContextHandler@6d4a82{/logs,file:///workdir/hadoop-ozone/integration-test/target/log,UNAVAILABLE}
2019-09-05 11:06:48,383 [grpc-default-executor-9] INFO  client.GrpcClientProtocolClient (GrpcClientProtocolClient.java:onNext(264)) - client-ADF75DF0F9D1->89f16946-17a7-47cd-87e0-140db9ee23a2: receive RaftClientReply:client-ADF75DF0F9D1->89f16946-17a7-47cd-87e0-140db9ee23a2@group-69654C14B0FF, cid=165, FAILED org.apache.ratis.protocol.NotLeaderException: Server 89f16946-17a7-47cd-87e0-140db9ee23a2@group-69654C14B0FF is not the leader 54fad45f-1182-4a0a-b101-60c94ba267c1:192.168.36.83:41045, logIndex=0, commits[89f16946-17a7-47cd-87e0-140db9ee23a2:c15, 6cb8c19f-8595-423c-829a-79f04dbd8de3:c15, 54fad45f-1182-4a0a-b101-60c94ba267c1:c15]
2019-09-05 11:06:49,396 [grpc-default-executor-1] INFO  client.GrpcClientProtocolClient (GrpcClientProtocolClient.java:onNext(264)) - client-ADF75DF0F9D1->89f16946-17a7-47cd-87e0-140db9ee23a2: receive RaftClientReply:client-ADF75DF0F9D1->89f16946-17a7-47cd-87e0-140db9ee23a2@group-69654C14B0FF, cid=165, FAILED org.apache.ratis.protocol.NotLeaderException: Server 89f16946-17a7-47cd-87e0-140db9ee23a2@group-69654C14B0FF is not the leader 54fad45f-1182-4a0a-b101-60c94ba267c1:192.168.36.83:41045, logIndex=0, commits[89f16946-17a7-47cd-87e0-140db9ee23a2:c15, 6cb8c19f-8595-423c-829a-79f04dbd8de3:c15, 54fad45f-1182-4a0a-b101-60c94ba267c1:c15]
2019-09-05 11:06:50,409 [grpc-default-executor-10] INFO  client.GrpcClientProtocolClient (GrpcClientProtocolClient.java:onNext(264)) - client-ADF75DF0F9D1->6cb8c19f-8595-423c-829a-79f04dbd8de3: receive RaftClientReply:client-ADF75DF0F9D1->6cb8c19f-8595-423c-829a-79f04dbd8de3@group-69654C14B0FF, cid=165, FAILED org.apache.ratis.protocol.NotLeaderException: Server 6cb8c19f-8595-423c-829a-79f04dbd8de3@group-69654C14B0FF is not the leader 54fad45f-1182-4a0a-b101-60c94ba267c1:192.168.36.83:41045, logIndex=0, commits[6cb8c19f-8595-423c-829a-79f04dbd8de3:c15, 54fad45f-1182-4a0a-b101-60c94ba267c1:c15, 89f16946-17a7-47cd-87e0-140db9ee23a2:c15]
2019-09-05 11:06:51,427 [grpc-default-executor-10] INFO  client.GrpcClientProtocolClient (GrpcClientProtocolClient.java:onNext(264)) - client-ADF75DF0F9D1->89f16946-17a7-47cd-87e0-140db9ee23a2: receive RaftClientReply:client-ADF75DF0F9D1->89f16946-17a7-47cd-87e0-140db9ee23a2@group-69654C14B0FF, cid=165, FAILED org.apache.ratis.protocol.NotLeaderException: Server 89f16946-17a7-47cd-87e0-140db9ee23a2@group-69654C14B0FF is not the leader 54fad45f-1182-4a0a-b101-60c94ba267c1:192.168.36.83:41045, logIndex=0, commits[89f16946-17a7-47cd-87e0-140db9ee23a2:c15, 6cb8c19f-8595-423c-829a-79f04dbd8de3:c15, 54fad45f-1182-4a0a-b101-60c94ba267c1:c15]
2019-09-05 11:06:52,448 [grpc-default-executor-10] INFO  client.GrpcClientProtocolClient (GrpcClientProtocolClient.java:onNext(264)) - client-ADF75DF0F9D1->89f16946-17a7-47cd-87e0-140db9ee23a2: receive RaftClientReply:client-ADF75DF0F9D1->89f16946-17a7-47cd-87e0-140db9ee23a2@group-69654C14B0FF, cid=165, FAILED org.apache.ratis.protocol.NotLeaderException: Server 89f16946-17a7-47cd-87e0-140db9ee23a2@group-69654C14B0FF is not the leader 54fad45f-1182-4a0a-b101-60c94ba267c1:192.168.36.83:41045, logIndex=0, commits[89f16946-17a7-47cd-87e0-140db9ee23a2:c15, 6cb8c19f-8595-423c-829a-79f04dbd8de3:c15, 54fad45f-1182-4a0a-b101-60c94ba267c1:c15]
2019-09-05 11:06:53,474 [grpc-default-executor-1] INFO  client.GrpcClientProtocolClient (GrpcClientProtocolClient.java:onNext(264)) - client-ADF75DF0F9D1->89f16946-17a7-47cd-87e0-140db9ee23a2: receive RaftClientReply:client-ADF75DF0F9D1->89f16946-17a7-47cd-87e0-140db9ee23a2@group-69654C14B0FF, cid=165, FAILED org.apache.ratis.protocol.NotLeaderException: Server 89f16946-17a7-47cd-87e0-140db9ee23a2@group-69654C14B0FF is not the leader 54fad45f-1182-4a0a-b101-60c94ba267c1:192.168.36.83:41045, logIndex=0, commits[89f16946-17a7-47cd-87e0-140db9ee23a2:c15, 6cb8c19f-8595-423c-829a-79f04dbd8de3:c15, 54fad45f-1182-4a0a-b101-60c94ba267c1:c15]
2019-09-05 11:06:54,501 [grpc-default-executor-10] INFO  client.GrpcClientProtocolClient (GrpcClientProtocolClient.java:onNext(264)) - client-ADF75DF0F9D1->6cb8c19f-8595-423c-829a-79f04dbd8de3: receive RaftClientReply:client-ADF75DF0F9D1->6cb8c19f-8595-423c-829a-79f04dbd8de3@group-69654C14B0FF, cid=165, FAILED org.apache.ratis.protocol.NotLeaderException: Server 6cb8c19f-8595-423c-829a-79f04dbd8de3@group-69654C14B0FF is not the leader 54fad45f-1182-4a0a-b101-60c94ba267c1:192.168.36.83:41045, logIndex=0, commits[6cb8c19f-8595-423c-829a-79f04dbd8de3:c15, 54fad45f-1182-4a0a-b101-60c94ba267c1:c15, 89f16946-17a7-47cd-87e0-140db9ee23a2:c15]
2019-09-05 11:06:55,167 [Thread-3075] INFO  impl.FollowerState (FollowerState.java:run(106)) - 89f16946-17a7-47cd-87e0-140db9ee23a2:group-69654C14B0FF changes to CANDIDATE, lastRpcTime:8961, electionTimeout:5090ms
2019-09-05 11:06:55,170 [Thread-3076] INFO  impl.FollowerState (FollowerState.java:run(106)) - 6cb8c19f-8595-423c-829a-79f04dbd8de3:group-69654C14B0FF changes to CANDIDATE, lastRpcTime:8961, electionTimeout:5194ms
2019-09-05 11:06:55,172 [Thread-3075] INFO  impl.RoleInfo (RoleInfo.java:shutdownFollowerState(121)) - 89f16946-17a7-47cd-87e0-140db9ee23a2: shutdown FollowerState
2019-09-05 11:06:55,172 [Thread-3076] INFO  impl.RoleInfo (RoleInfo.java:shutdownFollowerState(121)) - 6cb8c19f-8595-423c-829a-79f04dbd8de3: shutdown FollowerState
2019-09-05 11:06:55,172 [Thread-3075] INFO  impl.RaftServerImpl (RaftServerImpl.java:setRole(174)) - 89f16946-17a7-47cd-87e0-140db9ee23a2@group-69654C14B0FF: changes role from  FOLLOWER to CANDIDATE at term 5 for changeToCandidate
2019-09-05 11:06:55,172 [Thread-3076] INFO  impl.RaftServerImpl (RaftServerImpl.java:setRole(174)) - 6cb8c19f-8595-423c-829a-79f04dbd8de3@group-69654C14B0FF: changes role from  FOLLOWER to CANDIDATE at term 5 for changeToCandidate
2019-09-05 11:06:55,172 [Thread-3075] INFO  impl.RoleInfo (RoleInfo.java:updateAndGet(143)) - 89f16946-17a7-47cd-87e0-140db9ee23a2: start LeaderElection
2019-09-05 11:06:55,172 [Thread-3076] INFO  impl.RoleInfo (RoleInfo.java:updateAndGet(143)) - 6cb8c19f-8595-423c-829a-79f04dbd8de3: start LeaderElection
2019-09-05 11:06:55,175 [89f16946-17a7-47cd-87e0-140db9ee23a2@group-69654C14B0FF:LeaderElection90] INFO  impl.RaftServerImpl (ServerState.java:setLeader(253)) - 89f16946-17a7-47cd-87e0-140db9ee23a2@group-69654C14B0FF: change Leader from 54fad45f-1182-4a0a-b101-60c94ba267c1 to null at term 5 for initElection
2019-09-05 11:06:55,175 [6cb8c19f-8595-423c-829a-79f04dbd8de3@group-69654C14B0FF:LeaderElection91] INFO  impl.RaftServerImpl (ServerState.java:setLeader(253)) - 6cb8c19f-8595-423c-829a-79f04dbd8de3@group-69654C14B0FF: change Leader from 54fad45f-1182-4a0a-b101-60c94ba267c1 to null at term 5 for initElection
2019-09-05 11:06:55,234 [6cb8c19f-8595-423c-829a-79f04dbd8de3@group-69654C14B0FF:LeaderElection91] INFO  impl.LeaderElection (LeaderElection.java:askForVotes(182)) - 6cb8c19f-8595-423c-829a-79f04dbd8de3@group-69654C14B0FF:LeaderElection91: begin an election at term 6 for 0: [6cb8c19f-8595-423c-829a-79f04dbd8de3:192.168.36.83:38750, 54fad45f-1182-4a0a-b101-60c94ba267c1:192.168.36.83:41045, 89f16946-17a7-47cd-87e0-140db9ee23a2:192.168.36.83:33461], old=null
2019-09-05 11:06:55,234 [89f16946-17a7-47cd-87e0-140db9ee23a2@group-69654C14B0FF:LeaderElection90] INFO  impl.LeaderElection (LeaderElection.java:askForVotes(182)) - 89f16946-17a7-47cd-87e0-140db9ee23a2@group-69654C14B0FF:LeaderElection90: begin an election at term 6 for 0: [6cb8c19f-8595-423c-829a-79f04dbd8de3:192.168.36.83:38750, 54fad45f-1182-4a0a-b101-60c94ba267c1:192.168.36.83:41045, 89f16946-17a7-47cd-87e0-140db9ee23a2:192.168.36.83:33461], old=null
2019-09-05 11:06:55,237 [6cb8c19f-8595-423c-829a-79f04dbd8de3@group-69654C14B0FF:LeaderElection91] INFO  impl.LeaderElection (LogUtils.java:infoOrTrace(149)) - 6cb8c19f-8595-423c-829a-79f04dbd8de3@group-69654C14B0FF:LeaderElection91 got exception when requesting votes: {}
java.util.concurrent.ExecutionException: org.apache.ratis.thirdparty.io.grpc.StatusRuntimeException: UNAVAILABLE: io exception
	at java.util.concurrent.FutureTask.report(FutureTask.java:122)
	at java.util.concurrent.FutureTask.get(FutureTask.java:192)
	at org.apache.ratis.server.impl.LeaderElection.waitForResults(LeaderElection.java:263)
	at org.apache.ratis.server.impl.LeaderElection.askForVotes(LeaderElection.java:201)
	at org.apache.ratis.server.impl.LeaderElection.run(LeaderElection.java:133)
	at java.lang.Thread.run(Thread.java:748)
Caused by: org.apache.ratis.thirdparty.io.grpc.StatusRuntimeException: UNAVAILABLE: io exception
	at org.apache.ratis.thirdparty.io.grpc.stub.ClientCalls.toStatusRuntimeException(ClientCalls.java:233)
	at org.apache.ratis.thirdparty.io.grpc.stub.ClientCalls.getUnchecked(ClientCalls.java:214)
	at org.apache.ratis.thirdparty.io.grpc.stub.ClientCalls.blockingUnaryCall(ClientCalls.java:139)
	at org.apache.ratis.proto.grpc.RaftServerProtocolServiceGrpc$RaftServerProtocolServiceBlockingStub.requestVote(RaftServerProtocolServiceGrpc.java:265)
	at org.apache.ratis.grpc.server.GrpcServerProtocolClient.requestVote(GrpcServerProtocolClient.java:90)
	at org.apache.ratis.grpc.server.GrpcService.requestVote(GrpcService.java:204)
	at org.apache.ratis.server.impl.LeaderElection.lambda$submitRequests$1(LeaderElection.java:238)
	at java.util.concurrent.FutureTask.run(FutureTask.java:266)
	at java.util.concurrent.Executors$RunnableAdapter.call(Executors.java:511)
	at java.util.concurrent.FutureTask.run(FutureTask.java:266)
	at java.util.concurrent.ThreadPoolExecutor.runWorker(ThreadPoolExecutor.java:1149)
	at java.util.concurrent.ThreadPoolExecutor$Worker.run(ThreadPoolExecutor.java:624)
	... 1 more
Caused by: org.apache.ratis.thirdparty.io.netty.channel.AbstractChannel$AnnotatedConnectException: Connection refused: /192.168.36.83:41045
	at sun.nio.ch.SocketChannelImpl.checkConnect(Native Method)
	at sun.nio.ch.SocketChannelImpl.finishConnect(SocketChannelImpl.java:717)
	at org.apache.ratis.thirdparty.io.netty.channel.socket.nio.NioSocketChannel.doFinishConnect(NioSocketChannel.java:327)
	at org.apache.ratis.thirdparty.io.netty.channel.nio.AbstractNioChannel$AbstractNioUnsafe.finishConnect(AbstractNioChannel.java:340)
	at org.apache.ratis.thirdparty.io.netty.channel.nio.NioEventLoop.processSelectedKey(NioEventLoop.java:632)
	at org.apache.ratis.thirdparty.io.netty.channel.nio.NioEventLoop.processSelectedKeysOptimized(NioEventLoop.java:579)
	at org.apache.ratis.thirdparty.io.netty.channel.nio.NioEventLoop.processSelectedKeys(NioEventLoop.java:496)
	at org.apache.ratis.thirdparty.io.netty.channel.nio.NioEventLoop.run(NioEventLoop.java:458)
	at org.apache.ratis.thirdparty.io.netty.util.concurrent.SingleThreadEventExecutor$5.run(SingleThreadEventExecutor.java:897)
	at org.apache.ratis.thirdparty.io.netty.util.concurrent.FastThreadLocalRunnable.run(FastThreadLocalRunnable.java:30)
	... 1 more
Caused by: java.net.ConnectException: Connection refused
	... 11 more
2019-09-05 11:06:55,237 [89f16946-17a7-47cd-87e0-140db9ee23a2@group-69654C14B0FF:LeaderElection90] INFO  impl.LeaderElection (LogUtils.java:infoOrTrace(149)) - 89f16946-17a7-47cd-87e0-140db9ee23a2@group-69654C14B0FF:LeaderElection90 got exception when requesting votes: {}
java.util.concurrent.ExecutionException: org.apache.ratis.thirdparty.io.grpc.StatusRuntimeException: UNAVAILABLE: io exception
	at java.util.concurrent.FutureTask.report(FutureTask.java:122)
	at java.util.concurrent.FutureTask.get(FutureTask.java:192)
	at org.apache.ratis.server.impl.LeaderElection.waitForResults(LeaderElection.java:263)
	at org.apache.ratis.server.impl.LeaderElection.askForVotes(LeaderElection.java:201)
	at org.apache.ratis.server.impl.LeaderElection.run(LeaderElection.java:133)
	at java.lang.Thread.run(Thread.java:748)
Caused by: org.apache.ratis.thirdparty.io.grpc.StatusRuntimeException: UNAVAILABLE: io exception
	at org.apache.ratis.thirdparty.io.grpc.stub.ClientCalls.toStatusRuntimeException(ClientCalls.java:233)
	at org.apache.ratis.thirdparty.io.grpc.stub.ClientCalls.getUnchecked(ClientCalls.java:214)
	at org.apache.ratis.thirdparty.io.grpc.stub.ClientCalls.blockingUnaryCall(ClientCalls.java:139)
	at org.apache.ratis.proto.grpc.RaftServerProtocolServiceGrpc$RaftServerProtocolServiceBlockingStub.requestVote(RaftServerProtocolServiceGrpc.java:265)
	at org.apache.ratis.grpc.server.GrpcServerProtocolClient.requestVote(GrpcServerProtocolClient.java:90)
	at org.apache.ratis.grpc.server.GrpcService.requestVote(GrpcService.java:204)
	at org.apache.ratis.server.impl.LeaderElection.lambda$submitRequests$1(LeaderElection.java:238)
	at java.util.concurrent.FutureTask.run(FutureTask.java:266)
	at java.util.concurrent.Executors$RunnableAdapter.call(Executors.java:511)
	at java.util.concurrent.FutureTask.run(FutureTask.java:266)
	at java.util.concurrent.ThreadPoolExecutor.runWorker(ThreadPoolExecutor.java:1149)
	at java.util.concurrent.ThreadPoolExecutor$Worker.run(ThreadPoolExecutor.java:624)
	... 1 more
Caused by: org.apache.ratis.thirdparty.io.netty.channel.AbstractChannel$AnnotatedConnectException: Connection refused: /192.168.36.83:41045
	at sun.nio.ch.SocketChannelImpl.checkConnect(Native Method)
	at sun.nio.ch.SocketChannelImpl.finishConnect(SocketChannelImpl.java:717)
	at org.apache.ratis.thirdparty.io.netty.channel.socket.nio.NioSocketChannel.doFinishConnect(NioSocketChannel.java:327)
	at org.apache.ratis.thirdparty.io.netty.channel.nio.AbstractNioChannel$AbstractNioUnsafe.finishConnect(AbstractNioChannel.java:340)
	at org.apache.ratis.thirdparty.io.netty.channel.nio.NioEventLoop.processSelectedKey(NioEventLoop.java:632)
	at org.apache.ratis.thirdparty.io.netty.channel.nio.NioEventLoop.processSelectedKeysOptimized(NioEventLoop.java:579)
	at org.apache.ratis.thirdparty.io.netty.channel.nio.NioEventLoop.processSelectedKeys(NioEventLoop.java:496)
	at org.apache.ratis.thirdparty.io.netty.channel.nio.NioEventLoop.run(NioEventLoop.java:458)
	at org.apache.ratis.thirdparty.io.netty.util.concurrent.SingleThreadEventExecutor$5.run(SingleThreadEventExecutor.java:897)
	at org.apache.ratis.thirdparty.io.netty.util.concurrent.FastThreadLocalRunnable.run(FastThreadLocalRunnable.java:30)
	... 1 more
Caused by: java.net.ConnectException: Connection refused
	... 11 more
2019-09-05 11:06:55,245 [6cb8c19f-8595-423c-829a-79f04dbd8de3@group-69654C14B0FF:LeaderElection91] INFO  impl.LeaderElection (LeaderElection.java:logAndReturn(56)) - 6cb8c19f-8595-423c-829a-79f04dbd8de3@group-69654C14B0FF:LeaderElection91: Election REJECTED; received 1 response(s) [6cb8c19f-8595-423c-829a-79f04dbd8de3<-89f16946-17a7-47cd-87e0-140db9ee23a2#0:FAIL-t6] and 1 exception(s); 6cb8c19f-8595-423c-829a-79f04dbd8de3@group-69654C14B0FF:t6, leader=null, voted=6cb8c19f-8595-423c-829a-79f04dbd8de3, raftlog=6cb8c19f-8595-423c-829a-79f04dbd8de3@group-69654C14B0FF-SegmentedRaftLog:OPENED:c15,f15,i15, conf=0: [6cb8c19f-8595-423c-829a-79f04dbd8de3:192.168.36.83:38750, 54fad45f-1182-4a0a-b101-60c94ba267c1:192.168.36.83:41045, 89f16946-17a7-47cd-87e0-140db9ee23a2:192.168.36.83:33461], old=null
2019-09-05 11:06:55,245 [89f16946-17a7-47cd-87e0-140db9ee23a2@group-69654C14B0FF:LeaderElection90] INFO  impl.LeaderElection (LeaderElection.java:logAndReturn(56)) - 89f16946-17a7-47cd-87e0-140db9ee23a2@group-69654C14B0FF:LeaderElection90: Election REJECTED; received 1 response(s) [89f16946-17a7-47cd-87e0-140db9ee23a2<-6cb8c19f-8595-423c-829a-79f04dbd8de3#0:FAIL-t6] and 1 exception(s); 89f16946-17a7-47cd-87e0-140db9ee23a2@group-69654C14B0FF:t6, leader=null, voted=89f16946-17a7-47cd-87e0-140db9ee23a2, raftlog=89f16946-17a7-47cd-87e0-140db9ee23a2@group-69654C14B0FF-SegmentedRaftLog:OPENED:c15,f15,i15, conf=0: [6cb8c19f-8595-423c-829a-79f04dbd8de3:192.168.36.83:38750, 54fad45f-1182-4a0a-b101-60c94ba267c1:192.168.36.83:41045, 89f16946-17a7-47cd-87e0-140db9ee23a2:192.168.36.83:33461], old=null
2019-09-05 11:06:55,245 [6cb8c19f-8595-423c-829a-79f04dbd8de3@group-69654C14B0FF:LeaderElection91] INFO  impl.LeaderElection (LogUtils.java:infoOrTrace(149)) -   Exception 0: {}
java.util.concurrent.ExecutionException: org.apache.ratis.thirdparty.io.grpc.StatusRuntimeException: UNAVAILABLE: io exception
	at java.util.concurrent.FutureTask.report(FutureTask.java:122)
	at java.util.concurrent.FutureTask.get(FutureTask.java:192)
	at org.apache.ratis.server.impl.LeaderElection.waitForResults(LeaderElection.java:263)
	at org.apache.ratis.server.impl.LeaderElection.askForVotes(LeaderElection.java:201)
	at org.apache.ratis.server.impl.LeaderElection.run(LeaderElection.java:133)
	at java.lang.Thread.run(Thread.java:748)
Caused by: org.apache.ratis.thirdparty.io.grpc.StatusRuntimeException: UNAVAILABLE: io exception
	at org.apache.ratis.thirdparty.io.grpc.stub.ClientCalls.toStatusRuntimeException(ClientCalls.java:233)
	at org.apache.ratis.thirdparty.io.grpc.stub.ClientCalls.getUnchecked(ClientCalls.java:214)
	at org.apache.ratis.thirdparty.io.grpc.stub.ClientCalls.blockingUnaryCall(ClientCalls.java:139)
	at org.apache.ratis.proto.grpc.RaftServerProtocolServiceGrpc$RaftServerProtocolServiceBlockingStub.requestVote(RaftServerProtocolServiceGrpc.java:265)
	at org.apache.ratis.grpc.server.GrpcServerProtocolClient.requestVote(GrpcServerProtocolClient.java:90)
	at org.apache.ratis.grpc.server.GrpcService.requestVote(GrpcService.java:204)
	at org.apache.ratis.server.impl.LeaderElection.lambda$submitRequests$1(LeaderElection.java:238)
	at java.util.concurrent.FutureTask.run(FutureTask.java:266)
	at java.util.concurrent.Executors$RunnableAdapter.call(Executors.java:511)
	at java.util.concurrent.FutureTask.run(FutureTask.java:266)
	at java.util.concurrent.ThreadPoolExecutor.runWorker(ThreadPoolExecutor.java:1149)
	at java.util.concurrent.ThreadPoolExecutor$Worker.run(ThreadPoolExecutor.java:624)
	... 1 more
Caused by: org.apache.ratis.thirdparty.io.netty.channel.AbstractChannel$AnnotatedConnectException: Connection refused: /192.168.36.83:41045
	at sun.nio.ch.SocketChannelImpl.checkConnect(Native Method)
	at sun.nio.ch.SocketChannelImpl.finishConnect(SocketChannelImpl.java:717)
	at org.apache.ratis.thirdparty.io.netty.channel.socket.nio.NioSocketChannel.doFinishConnect(NioSocketChannel.java:327)
	at org.apache.ratis.thirdparty.io.netty.channel.nio.AbstractNioChannel$AbstractNioUnsafe.finishConnect(AbstractNioChannel.java:340)
	at org.apache.ratis.thirdparty.io.netty.channel.nio.NioEventLoop.processSelectedKey(NioEventLoop.java:632)
	at org.apache.ratis.thirdparty.io.netty.channel.nio.NioEventLoop.processSelectedKeysOptimized(NioEventLoop.java:579)
	at org.apache.ratis.thirdparty.io.netty.channel.nio.NioEventLoop.processSelectedKeys(NioEventLoop.java:496)
	at org.apache.ratis.thirdparty.io.netty.channel.nio.NioEventLoop.run(NioEventLoop.java:458)
	at org.apache.ratis.thirdparty.io.netty.util.concurrent.SingleThreadEventExecutor$5.run(SingleThreadEventExecutor.java:897)
	at org.apache.ratis.thirdparty.io.netty.util.concurrent.FastThreadLocalRunnable.run(FastThreadLocalRunnable.java:30)
	... 1 more
Caused by: java.net.ConnectException: Connection refused
	... 11 more
2019-09-05 11:06:55,245 [89f16946-17a7-47cd-87e0-140db9ee23a2@group-69654C14B0FF:LeaderElection90] INFO  impl.LeaderElection (LogUtils.java:infoOrTrace(149)) -   Exception 0: {}
java.util.concurrent.ExecutionException: org.apache.ratis.thirdparty.io.grpc.StatusRuntimeException: UNAVAILABLE: io exception
	at java.util.concurrent.FutureTask.report(FutureTask.java:122)
	at java.util.concurrent.FutureTask.get(FutureTask.java:192)
	at org.apache.ratis.server.impl.LeaderElection.waitForResults(LeaderElection.java:263)
	at org.apache.ratis.server.impl.LeaderElection.askForVotes(LeaderElection.java:201)
	at org.apache.ratis.server.impl.LeaderElection.run(LeaderElection.java:133)
	at java.lang.Thread.run(Thread.java:748)
Caused by: org.apache.ratis.thirdparty.io.grpc.StatusRuntimeException: UNAVAILABLE: io exception
	at org.apache.ratis.thirdparty.io.grpc.stub.ClientCalls.toStatusRuntimeException(ClientCalls.java:233)
	at org.apache.ratis.thirdparty.io.grpc.stub.ClientCalls.getUnchecked(ClientCalls.java:214)
	at org.apache.ratis.thirdparty.io.grpc.stub.ClientCalls.blockingUnaryCall(ClientCalls.java:139)
	at org.apache.ratis.proto.grpc.RaftServerProtocolServiceGrpc$RaftServerProtocolServiceBlockingStub.requestVote(RaftServerProtocolServiceGrpc.java:265)
	at org.apache.ratis.grpc.server.GrpcServerProtocolClient.requestVote(GrpcServerProtocolClient.java:90)
	at org.apache.ratis.grpc.server.GrpcService.requestVote(GrpcService.java:204)
	at org.apache.ratis.server.impl.LeaderElection.lambda$submitRequests$1(LeaderElection.java:238)
	at java.util.concurrent.FutureTask.run(FutureTask.java:266)
	at java.util.concurrent.Executors$RunnableAdapter.call(Executors.java:511)
	at java.util.concurrent.FutureTask.run(FutureTask.java:266)
	at java.util.concurrent.ThreadPoolExecutor.runWorker(ThreadPoolExecutor.java:1149)
	at java.util.concurrent.ThreadPoolExecutor$Worker.run(ThreadPoolExecutor.java:624)
	... 1 more
Caused by: org.apache.ratis.thirdparty.io.netty.channel.AbstractChannel$AnnotatedConnectException: Connection refused: /192.168.36.83:41045
	at sun.nio.ch.SocketChannelImpl.checkConnect(Native Method)
	at sun.nio.ch.SocketChannelImpl.finishConnect(SocketChannelImpl.java:717)
	at org.apache.ratis.thirdparty.io.netty.channel.socket.nio.NioSocketChannel.doFinishConnect(NioSocketChannel.java:327)
	at org.apache.ratis.thirdparty.io.netty.channel.nio.AbstractNioChannel$AbstractNioUnsafe.finishConnect(AbstractNioChannel.java:340)
	at org.apache.ratis.thirdparty.io.netty.channel.nio.NioEventLoop.processSelectedKey(NioEventLoop.java:632)
	at org.apache.ratis.thirdparty.io.netty.channel.nio.NioEventLoop.processSelectedKeysOptimized(NioEventLoop.java:579)
	at org.apache.ratis.thirdparty.io.netty.channel.nio.NioEventLoop.processSelectedKeys(NioEventLoop.java:496)
	at org.apache.ratis.thirdparty.io.netty.channel.nio.NioEventLoop.run(NioEventLoop.java:458)
	at org.apache.ratis.thirdparty.io.netty.util.concurrent.SingleThreadEventExecutor$5.run(SingleThreadEventExecutor.java:897)
	at org.apache.ratis.thirdparty.io.netty.util.concurrent.FastThreadLocalRunnable.run(FastThreadLocalRunnable.java:30)
	... 1 more
Caused by: java.net.ConnectException: Connection refused
	... 11 more
2019-09-05 11:06:55,250 [6cb8c19f-8595-423c-829a-79f04dbd8de3@group-69654C14B0FF:LeaderElection91] INFO  impl.RaftServerImpl (RaftServerImpl.java:setRole(174)) - 6cb8c19f-8595-423c-829a-79f04dbd8de3@group-69654C14B0FF: changes role from CANDIDATE to FOLLOWER at term 6 for DISCOVERED_A_NEW_TERM
2019-09-05 11:06:55,251 [89f16946-17a7-47cd-87e0-140db9ee23a2@group-69654C14B0FF:LeaderElection90] INFO  impl.RaftServerImpl (RaftServerImpl.java:setRole(174)) - 89f16946-17a7-47cd-87e0-140db9ee23a2@group-69654C14B0FF: changes role from CANDIDATE to FOLLOWER at term 6 for DISCOVERED_A_NEW_TERM
2019-09-05 11:06:55,251 [6cb8c19f-8595-423c-829a-79f04dbd8de3@group-69654C14B0FF:LeaderElection91] INFO  impl.RoleInfo (RoleInfo.java:shutdownLeaderElection(134)) - 6cb8c19f-8595-423c-829a-79f04dbd8de3: shutdown LeaderElection
2019-09-05 11:06:55,251 [89f16946-17a7-47cd-87e0-140db9ee23a2@group-69654C14B0FF:LeaderElection90] INFO  impl.RoleInfo (RoleInfo.java:shutdownLeaderElection(134)) - 89f16946-17a7-47cd-87e0-140db9ee23a2: shutdown LeaderElection
2019-09-05 11:06:55,251 [6cb8c19f-8595-423c-829a-79f04dbd8de3@group-69654C14B0FF:LeaderElection91] INFO  impl.RoleInfo (RoleInfo.java:updateAndGet(143)) - 6cb8c19f-8595-423c-829a-79f04dbd8de3: start FollowerState
2019-09-05 11:06:55,251 [89f16946-17a7-47cd-87e0-140db9ee23a2@group-69654C14B0FF:LeaderElection90] INFO  impl.RoleInfo (RoleInfo.java:updateAndGet(143)) - 89f16946-17a7-47cd-87e0-140db9ee23a2: start FollowerState
2019-09-05 11:06:55,517 [grpc-default-executor-9] INFO  client.GrpcClientProtocolClient (GrpcClientProtocolClient.java:onNext(264)) - client-ADF75DF0F9D1->6cb8c19f-8595-423c-829a-79f04dbd8de3: receive RaftClientReply:client-ADF75DF0F9D1->6cb8c19f-8595-423c-829a-79f04dbd8de3@group-69654C14B0FF, cid=165, FAILED org.apache.ratis.protocol.NotLeaderException: Server 6cb8c19f-8595-423c-829a-79f04dbd8de3@group-69654C14B0FF is not the leader, logIndex=0, commits[6cb8c19f-8595-423c-829a-79f04dbd8de3:c15, 54fad45f-1182-4a0a-b101-60c94ba267c1:c15, 89f16946-17a7-47cd-87e0-140db9ee23a2:c15]
2019-09-05 11:06:57,537 [grpc-default-executor-9] INFO  client.GrpcClientProtocolClient (GrpcClientProtocolClient.java:onNext(264)) - client-ADF75DF0F9D1->6cb8c19f-8595-423c-829a-79f04dbd8de3: receive RaftClientReply:client-ADF75DF0F9D1->6cb8c19f-8595-423c-829a-79f04dbd8de3@group-69654C14B0FF, cid=165, FAILED org.apache.ratis.protocol.NotLeaderException: Server 6cb8c19f-8595-423c-829a-79f04dbd8de3@group-69654C14B0FF is not the leader, logIndex=0, commits[6cb8c19f-8595-423c-829a-79f04dbd8de3:c15, 54fad45f-1182-4a0a-b101-60c94ba267c1:c15, 89f16946-17a7-47cd-87e0-140db9ee23a2:c15]
2019-09-05 11:06:58,550 [grpc-default-executor-1] INFO  client.GrpcClientProtocolClient (GrpcClientProtocolClient.java:onNext(264)) - client-ADF75DF0F9D1->89f16946-17a7-47cd-87e0-140db9ee23a2: receive RaftClientReply:client-ADF75DF0F9D1->89f16946-17a7-47cd-87e0-140db9ee23a2@group-69654C14B0FF, cid=165, FAILED org.apache.ratis.protocol.NotLeaderException: Server 89f16946-17a7-47cd-87e0-140db9ee23a2@group-69654C14B0FF is not the leader, logIndex=0, commits[89f16946-17a7-47cd-87e0-140db9ee23a2:c15, 6cb8c19f-8595-423c-829a-79f04dbd8de3:c15, 54fad45f-1182-4a0a-b101-60c94ba267c1:c15]
2019-09-05 11:06:59,564 [grpc-default-executor-1] INFO  client.GrpcClientProtocolClient (GrpcClientProtocolClient.java:onNext(264)) - client-ADF75DF0F9D1->6cb8c19f-8595-423c-829a-79f04dbd8de3: receive RaftClientReply:client-ADF75DF0F9D1->6cb8c19f-8595-423c-829a-79f04dbd8de3@group-69654C14B0FF, cid=165, FAILED org.apache.ratis.protocol.NotLeaderException: Server 6cb8c19f-8595-423c-829a-79f04dbd8de3@group-69654C14B0FF is not the leader, logIndex=0, commits[6cb8c19f-8595-423c-829a-79f04dbd8de3:c15, 54fad45f-1182-4a0a-b101-60c94ba267c1:c15, 89f16946-17a7-47cd-87e0-140db9ee23a2:c15]
2019-09-05 11:07:00,408 [Thread-3182] INFO  impl.FollowerState (FollowerState.java:run(106)) - 89f16946-17a7-47cd-87e0-140db9ee23a2:group-69654C14B0FF changes to CANDIDATE, lastRpcTime:5156, electionTimeout:5156ms
2019-09-05 11:07:00,412 [Thread-3182] INFO  impl.RoleInfo (RoleInfo.java:shutdownFollowerState(121)) - 89f16946-17a7-47cd-87e0-140db9ee23a2: shutdown FollowerState
2019-09-05 11:07:00,412 [Thread-3182] INFO  impl.RaftServerImpl (RaftServerImpl.java:setRole(174)) - 89f16946-17a7-47cd-87e0-140db9ee23a2@group-69654C14B0FF: changes role from  FOLLOWER to CANDIDATE at term 6 for changeToCandidate
2019-09-05 11:07:00,412 [Thread-3182] INFO  impl.RoleInfo (RoleInfo.java:updateAndGet(143)) - 89f16946-17a7-47cd-87e0-140db9ee23a2: start LeaderElection
2019-09-05 11:07:00,422 [Thread-3181] INFO  impl.FollowerState (FollowerState.java:run(106)) - 6cb8c19f-8595-423c-829a-79f04dbd8de3:group-69654C14B0FF changes to CANDIDATE, lastRpcTime:5170, electionTimeout:5170ms
2019-09-05 11:07:00,424 [Thread-3181] INFO  impl.RoleInfo (RoleInfo.java:shutdownFollowerState(121)) - 6cb8c19f-8595-423c-829a-79f04dbd8de3: shutdown FollowerState
2019-09-05 11:07:00,424 [Thread-3181] INFO  impl.RaftServerImpl (RaftServerImpl.java:setRole(174)) - 6cb8c19f-8595-423c-829a-79f04dbd8de3@group-69654C14B0FF: changes role from  FOLLOWER to CANDIDATE at term 6 for changeToCandidate
2019-09-05 11:07:00,424 [Thread-3181] INFO  impl.RoleInfo (RoleInfo.java:updateAndGet(143)) - 6cb8c19f-8595-423c-829a-79f04dbd8de3: start LeaderElection
2019-09-05 11:07:01,434 [89f16946-17a7-47cd-87e0-140db9ee23a2@group-69654C14B0FF:LeaderElection92] INFO  impl.LeaderElection (LeaderElection.java:askForVotes(182)) - 89f16946-17a7-47cd-87e0-140db9ee23a2@group-69654C14B0FF:LeaderElection92: begin an election at term 7 for 0: [6cb8c19f-8595-423c-829a-79f04dbd8de3:192.168.36.83:38750, 54fad45f-1182-4a0a-b101-60c94ba267c1:192.168.36.83:41045, 89f16946-17a7-47cd-87e0-140db9ee23a2:192.168.36.83:33461], old=null
2019-09-05 11:07:01,434 [6cb8c19f-8595-423c-829a-79f04dbd8de3@group-69654C14B0FF:LeaderElection93] INFO  impl.LeaderElection (LeaderElection.java:askForVotes(182)) - 6cb8c19f-8595-423c-829a-79f04dbd8de3@group-69654C14B0FF:LeaderElection93: begin an election at term 7 for 0: [6cb8c19f-8595-423c-829a-79f04dbd8de3:192.168.36.83:38750, 54fad45f-1182-4a0a-b101-60c94ba267c1:192.168.36.83:41045, 89f16946-17a7-47cd-87e0-140db9ee23a2:192.168.36.83:33461], old=null
2019-09-05 11:07:01,437 [89f16946-17a7-47cd-87e0-140db9ee23a2@group-69654C14B0FF:LeaderElection92] INFO  impl.LeaderElection (LogUtils.java:infoOrTrace(149)) - 89f16946-17a7-47cd-87e0-140db9ee23a2@group-69654C14B0FF:LeaderElection92 got exception when requesting votes: {}
java.util.concurrent.ExecutionException: org.apache.ratis.thirdparty.io.grpc.StatusRuntimeException: UNAVAILABLE: io exception
	at java.util.concurrent.FutureTask.report(FutureTask.java:122)
	at java.util.concurrent.FutureTask.get(FutureTask.java:192)
	at org.apache.ratis.server.impl.LeaderElection.waitForResults(LeaderElection.java:263)
	at org.apache.ratis.server.impl.LeaderElection.askForVotes(LeaderElection.java:201)
	at org.apache.ratis.server.impl.LeaderElection.run(LeaderElection.java:133)
	at java.lang.Thread.run(Thread.java:748)
Caused by: org.apache.ratis.thirdparty.io.grpc.StatusRuntimeException: UNAVAILABLE: io exception
	at org.apache.ratis.thirdparty.io.grpc.stub.ClientCalls.toStatusRuntimeException(ClientCalls.java:233)
	at org.apache.ratis.thirdparty.io.grpc.stub.ClientCalls.getUnchecked(ClientCalls.java:214)
	at org.apache.ratis.thirdparty.io.grpc.stub.ClientCalls.blockingUnaryCall(ClientCalls.java:139)
	at org.apache.ratis.proto.grpc.RaftServerProtocolServiceGrpc$RaftServerProtocolServiceBlockingStub.requestVote(RaftServerProtocolServiceGrpc.java:265)
	at org.apache.ratis.grpc.server.GrpcServerProtocolClient.requestVote(GrpcServerProtocolClient.java:90)
	at org.apache.ratis.grpc.server.GrpcService.requestVote(GrpcService.java:204)
	at org.apache.ratis.server.impl.LeaderElection.lambda$submitRequests$1(LeaderElection.java:238)
	at java.util.concurrent.FutureTask.run(FutureTask.java:266)
	at java.util.concurrent.Executors$RunnableAdapter.call(Executors.java:511)
	at java.util.concurrent.FutureTask.run(FutureTask.java:266)
	at java.util.concurrent.ThreadPoolExecutor.runWorker(ThreadPoolExecutor.java:1149)
	at java.util.concurrent.ThreadPoolExecutor$Worker.run(ThreadPoolExecutor.java:624)
	... 1 more
Caused by: org.apache.ratis.thirdparty.io.netty.channel.AbstractChannel$AnnotatedConnectException: Connection refused: /192.168.36.83:41045
	at sun.nio.ch.SocketChannelImpl.checkConnect(Native Method)
	at sun.nio.ch.SocketChannelImpl.finishConnect(SocketChannelImpl.java:717)
	at org.apache.ratis.thirdparty.io.netty.channel.socket.nio.NioSocketChannel.doFinishConnect(NioSocketChannel.java:327)
	at org.apache.ratis.thirdparty.io.netty.channel.nio.AbstractNioChannel$AbstractNioUnsafe.finishConnect(AbstractNioChannel.java:340)
	at org.apache.ratis.thirdparty.io.netty.channel.nio.NioEventLoop.processSelectedKey(NioEventLoop.java:632)
	at org.apache.ratis.thirdparty.io.netty.channel.nio.NioEventLoop.processSelectedKeysOptimized(NioEventLoop.java:579)
	at org.apache.ratis.thirdparty.io.netty.channel.nio.NioEventLoop.processSelectedKeys(NioEventLoop.java:496)
	at org.apache.ratis.thirdparty.io.netty.channel.nio.NioEventLoop.run(NioEventLoop.java:458)
	at org.apache.ratis.thirdparty.io.netty.util.concurrent.SingleThreadEventExecutor$5.run(SingleThreadEventExecutor.java:897)
	at org.apache.ratis.thirdparty.io.netty.util.concurrent.FastThreadLocalRunnable.run(FastThreadLocalRunnable.java:30)
	... 1 more
Caused by: java.net.ConnectException: Connection refused
	... 11 more
2019-09-05 11:07:01,437 [6cb8c19f-8595-423c-829a-79f04dbd8de3@group-69654C14B0FF:LeaderElection93] INFO  impl.LeaderElection (LogUtils.java:infoOrTrace(149)) - 6cb8c19f-8595-423c-829a-79f04dbd8de3@group-69654C14B0FF:LeaderElection93 got exception when requesting votes: {}
java.util.concurrent.ExecutionException: org.apache.ratis.thirdparty.io.grpc.StatusRuntimeException: UNAVAILABLE: io exception
	at java.util.concurrent.FutureTask.report(FutureTask.java:122)
	at java.util.concurrent.FutureTask.get(FutureTask.java:192)
	at org.apache.ratis.server.impl.LeaderElection.waitForResults(LeaderElection.java:263)
	at org.apache.ratis.server.impl.LeaderElection.askForVotes(LeaderElection.java:201)
	at org.apache.ratis.server.impl.LeaderElection.run(LeaderElection.java:133)
	at java.lang.Thread.run(Thread.java:748)
Caused by: org.apache.ratis.thirdparty.io.grpc.StatusRuntimeException: UNAVAILABLE: io exception
	at org.apache.ratis.thirdparty.io.grpc.stub.ClientCalls.toStatusRuntimeException(ClientCalls.java:233)
	at org.apache.ratis.thirdparty.io.grpc.stub.ClientCalls.getUnchecked(ClientCalls.java:214)
	at org.apache.ratis.thirdparty.io.grpc.stub.ClientCalls.blockingUnaryCall(ClientCalls.java:139)
	at org.apache.ratis.proto.grpc.RaftServerProtocolServiceGrpc$RaftServerProtocolServiceBlockingStub.requestVote(RaftServerProtocolServiceGrpc.java:265)
	at org.apache.ratis.grpc.server.GrpcServerProtocolClient.requestVote(GrpcServerProtocolClient.java:90)
	at org.apache.ratis.grpc.server.GrpcService.requestVote(GrpcService.java:204)
	at org.apache.ratis.server.impl.LeaderElection.lambda$submitRequests$1(LeaderElection.java:238)
	at java.util.concurrent.FutureTask.run(FutureTask.java:266)
	at java.util.concurrent.Executors$RunnableAdapter.call(Executors.java:511)
	at java.util.concurrent.FutureTask.run(FutureTask.java:266)
	at java.util.concurrent.ThreadPoolExecutor.runWorker(ThreadPoolExecutor.java:1149)
	at java.util.concurrent.ThreadPoolExecutor$Worker.run(ThreadPoolExecutor.java:624)
	... 1 more
Caused by: org.apache.ratis.thirdparty.io.netty.channel.AbstractChannel$AnnotatedConnectException: Connection refused: /192.168.36.83:41045
	at sun.nio.ch.SocketChannelImpl.checkConnect(Native Method)
	at sun.nio.ch.SocketChannelImpl.finishConnect(SocketChannelImpl.java:717)
	at org.apache.ratis.thirdparty.io.netty.channel.socket.nio.NioSocketChannel.doFinishConnect(NioSocketChannel.java:327)
	at org.apache.ratis.thirdparty.io.netty.channel.nio.AbstractNioChannel$AbstractNioUnsafe.finishConnect(AbstractNioChannel.java:340)
	at org.apache.ratis.thirdparty.io.netty.channel.nio.NioEventLoop.processSelectedKey(NioEventLoop.java:632)
	at org.apache.ratis.thirdparty.io.netty.channel.nio.NioEventLoop.processSelectedKeysOptimized(NioEventLoop.java:579)
	at org.apache.ratis.thirdparty.io.netty.channel.nio.NioEventLoop.processSelectedKeys(NioEventLoop.java:496)
	at org.apache.ratis.thirdparty.io.netty.channel.nio.NioEventLoop.run(NioEventLoop.java:458)
	at org.apache.ratis.thirdparty.io.netty.util.concurrent.SingleThreadEventExecutor$5.run(SingleThreadEventExecutor.java:897)
	at org.apache.ratis.thirdparty.io.netty.util.concurrent.FastThreadLocalRunnable.run(FastThreadLocalRunnable.java:30)
	... 1 more
Caused by: java.net.ConnectException: Connection refused
	... 11 more
2019-09-05 11:07:01,452 [89f16946-17a7-47cd-87e0-140db9ee23a2@group-69654C14B0FF:LeaderElection92] INFO  impl.LeaderElection (LeaderElection.java:logAndReturn(56)) - 89f16946-17a7-47cd-87e0-140db9ee23a2@group-69654C14B0FF:LeaderElection92: Election REJECTED; received 1 response(s) [89f16946-17a7-47cd-87e0-140db9ee23a2<-6cb8c19f-8595-423c-829a-79f04dbd8de3#0:FAIL-t7] and 1 exception(s); 89f16946-17a7-47cd-87e0-140db9ee23a2@group-69654C14B0FF:t7, leader=null, voted=89f16946-17a7-47cd-87e0-140db9ee23a2, raftlog=89f16946-17a7-47cd-87e0-140db9ee23a2@group-69654C14B0FF-SegmentedRaftLog:OPENED:c15,f15,i15, conf=0: [6cb8c19f-8595-423c-829a-79f04dbd8de3:192.168.36.83:38750, 54fad45f-1182-4a0a-b101-60c94ba267c1:192.168.36.83:41045, 89f16946-17a7-47cd-87e0-140db9ee23a2:192.168.36.83:33461], old=null
2019-09-05 11:07:01,452 [6cb8c19f-8595-423c-829a-79f04dbd8de3@group-69654C14B0FF:LeaderElection93] INFO  impl.LeaderElection (LeaderElection.java:logAndReturn(56)) - 6cb8c19f-8595-423c-829a-79f04dbd8de3@group-69654C14B0FF:LeaderElection93: Election REJECTED; received 1 response(s) [6cb8c19f-8595-423c-829a-79f04dbd8de3<-89f16946-17a7-47cd-87e0-140db9ee23a2#0:FAIL-t7] and 1 exception(s); 6cb8c19f-8595-423c-829a-79f04dbd8de3@group-69654C14B0FF:t7, leader=null, voted=6cb8c19f-8595-423c-829a-79f04dbd8de3, raftlog=6cb8c19f-8595-423c-829a-79f04dbd8de3@group-69654C14B0FF-SegmentedRaftLog:OPENED:c15,f15,i15, conf=0: [6cb8c19f-8595-423c-829a-79f04dbd8de3:192.168.36.83:38750, 54fad45f-1182-4a0a-b101-60c94ba267c1:192.168.36.83:41045, 89f16946-17a7-47cd-87e0-140db9ee23a2:192.168.36.83:33461], old=null
2019-09-05 11:07:01,453 [89f16946-17a7-47cd-87e0-140db9ee23a2@group-69654C14B0FF:LeaderElection92] INFO  impl.LeaderElection (LogUtils.java:infoOrTrace(149)) -   Exception 0: {}
java.util.concurrent.ExecutionException: org.apache.ratis.thirdparty.io.grpc.StatusRuntimeException: UNAVAILABLE: io exception
	at java.util.concurrent.FutureTask.report(FutureTask.java:122)
	at java.util.concurrent.FutureTask.get(FutureTask.java:192)
	at org.apache.ratis.server.impl.LeaderElection.waitForResults(LeaderElection.java:263)
	at org.apache.ratis.server.impl.LeaderElection.askForVotes(LeaderElection.java:201)
	at org.apache.ratis.server.impl.LeaderElection.run(LeaderElection.java:133)
	at java.lang.Thread.run(Thread.java:748)
Caused by: org.apache.ratis.thirdparty.io.grpc.StatusRuntimeException: UNAVAILABLE: io exception
	at org.apache.ratis.thirdparty.io.grpc.stub.ClientCalls.toStatusRuntimeException(ClientCalls.java:233)
	at org.apache.ratis.thirdparty.io.grpc.stub.ClientCalls.getUnchecked(ClientCalls.java:214)
	at org.apache.ratis.thirdparty.io.grpc.stub.ClientCalls.blockingUnaryCall(ClientCalls.java:139)
	at org.apache.ratis.proto.grpc.RaftServerProtocolServiceGrpc$RaftServerProtocolServiceBlockingStub.requestVote(RaftServerProtocolServiceGrpc.java:265)
	at org.apache.ratis.grpc.server.GrpcServerProtocolClient.requestVote(GrpcServerProtocolClient.java:90)
	at org.apache.ratis.grpc.server.GrpcService.requestVote(GrpcService.java:204)
	at org.apache.ratis.server.impl.LeaderElection.lambda$submitRequests$1(LeaderElection.java:238)
	at java.util.concurrent.FutureTask.run(FutureTask.java:266)
	at java.util.concurrent.Executors$RunnableAdapter.call(Executors.java:511)
	at java.util.concurrent.FutureTask.run(FutureTask.java:266)
	at java.util.concurrent.ThreadPoolExecutor.runWorker(ThreadPoolExecutor.java:1149)
	at java.util.concurrent.ThreadPoolExecutor$Worker.run(ThreadPoolExecutor.java:624)
	... 1 more
Caused by: org.apache.ratis.thirdparty.io.netty.channel.AbstractChannel$AnnotatedConnectException: Connection refused: /192.168.36.83:41045
	at sun.nio.ch.SocketChannelImpl.checkConnect(Native Method)
	at sun.nio.ch.SocketChannelImpl.finishConnect(SocketChannelImpl.java:717)
	at org.apache.ratis.thirdparty.io.netty.channel.socket.nio.NioSocketChannel.doFinishConnect(NioSocketChannel.java:327)
	at org.apache.ratis.thirdparty.io.netty.channel.nio.AbstractNioChannel$AbstractNioUnsafe.finishConnect(AbstractNioChannel.java:340)
	at org.apache.ratis.thirdparty.io.netty.channel.nio.NioEventLoop.processSelectedKey(NioEventLoop.java:632)
	at org.apache.ratis.thirdparty.io.netty.channel.nio.NioEventLoop.processSelectedKeysOptimized(NioEventLoop.java:579)
	at org.apache.ratis.thirdparty.io.netty.channel.nio.NioEventLoop.processSelectedKeys(NioEventLoop.java:496)
	at org.apache.ratis.thirdparty.io.netty.channel.nio.NioEventLoop.run(NioEventLoop.java:458)
	at org.apache.ratis.thirdparty.io.netty.util.concurrent.SingleThreadEventExecutor$5.run(SingleThreadEventExecutor.java:897)
	at org.apache.ratis.thirdparty.io.netty.util.concurrent.FastThreadLocalRunnable.run(FastThreadLocalRunnable.java:30)
	... 1 more
Caused by: java.net.ConnectException: Connection refused
	... 11 more
2019-09-05 11:07:01,453 [6cb8c19f-8595-423c-829a-79f04dbd8de3@group-69654C14B0FF:LeaderElection93] INFO  impl.LeaderElection (LogUtils.java:infoOrTrace(149)) -   Exception 0: {}
java.util.concurrent.ExecutionException: org.apache.ratis.thirdparty.io.grpc.StatusRuntimeException: UNAVAILABLE: io exception
	at java.util.concurrent.FutureTask.report(FutureTask.java:122)
	at java.util.concurrent.FutureTask.get(FutureTask.java:192)
	at org.apache.ratis.server.impl.LeaderElection.waitForResults(LeaderElection.java:263)
	at org.apache.ratis.server.impl.LeaderElection.askForVotes(LeaderElection.java:201)
	at org.apache.ratis.server.impl.LeaderElection.run(LeaderElection.java:133)
	at java.lang.Thread.run(Thread.java:748)
Caused by: org.apache.ratis.thirdparty.io.grpc.StatusRuntimeException: UNAVAILABLE: io exception
	at org.apache.ratis.thirdparty.io.grpc.stub.ClientCalls.toStatusRuntimeException(ClientCalls.java:233)
	at org.apache.ratis.thirdparty.io.grpc.stub.ClientCalls.getUnchecked(ClientCalls.java:214)
	at org.apache.ratis.thirdparty.io.grpc.stub.ClientCalls.blockingUnaryCall(ClientCalls.java:139)
	at org.apache.ratis.proto.grpc.RaftServerProtocolServiceGrpc$RaftServerProtocolServiceBlockingStub.requestVote(RaftServerProtocolServiceGrpc.java:265)
	at org.apache.ratis.grpc.server.GrpcServerProtocolClient.requestVote(GrpcServerProtocolClient.java:90)
	at org.apache.ratis.grpc.server.GrpcService.requestVote(GrpcService.java:204)
	at org.apache.ratis.server.impl.LeaderElection.lambda$submitRequests$1(LeaderElection.java:238)
	at java.util.concurrent.FutureTask.run(FutureTask.java:266)
	at java.util.concurrent.Executors$RunnableAdapter.call(Executors.java:511)
	at java.util.concurrent.FutureTask.run(FutureTask.java:266)
	at java.util.concurrent.ThreadPoolExecutor.runWorker(ThreadPoolExecutor.java:1149)
	at java.util.concurrent.ThreadPoolExecutor$Worker.run(ThreadPoolExecutor.java:624)
	... 1 more
Caused by: org.apache.ratis.thirdparty.io.netty.channel.AbstractChannel$AnnotatedConnectException: Connection refused: /192.168.36.83:41045
	at sun.nio.ch.SocketChannelImpl.checkConnect(Native Method)
	at sun.nio.ch.SocketChannelImpl.finishConnect(SocketChannelImpl.java:717)
	at org.apache.ratis.thirdparty.io.netty.channel.socket.nio.NioSocketChannel.doFinishConnect(NioSocketChannel.java:327)
	at org.apache.ratis.thirdparty.io.netty.channel.nio.AbstractNioChannel$AbstractNioUnsafe.finishConnect(AbstractNioChannel.java:340)
	at org.apache.ratis.thirdparty.io.netty.channel.nio.NioEventLoop.processSelectedKey(NioEventLoop.java:632)
	at org.apache.ratis.thirdparty.io.netty.channel.nio.NioEventLoop.processSelectedKeysOptimized(NioEventLoop.java:579)
	at org.apache.ratis.thirdparty.io.netty.channel.nio.NioEventLoop.processSelectedKeys(NioEventLoop.java:496)
	at org.apache.ratis.thirdparty.io.netty.channel.nio.NioEventLoop.run(NioEventLoop.java:458)
	at org.apache.ratis.thirdparty.io.netty.util.concurrent.SingleThreadEventExecutor$5.run(SingleThreadEventExecutor.java:897)
	at org.apache.ratis.thirdparty.io.netty.util.concurrent.FastThreadLocalRunnable.run(FastThreadLocalRunnable.java:30)
	... 1 more
Caused by: java.net.ConnectException: Connection refused
	... 11 more
2019-09-05 11:07:01,458 [89f16946-17a7-47cd-87e0-140db9ee23a2@group-69654C14B0FF:LeaderElection92] INFO  impl.RaftServerImpl (RaftServerImpl.java:setRole(174)) - 89f16946-17a7-47cd-87e0-140db9ee23a2@group-69654C14B0FF: changes role from CANDIDATE to FOLLOWER at term 7 for DISCOVERED_A_NEW_TERM
2019-09-05 11:07:01,458 [6cb8c19f-8595-423c-829a-79f04dbd8de3@group-69654C14B0FF:LeaderElection93] INFO  impl.RaftServerImpl (RaftServerImpl.java:setRole(174)) - 6cb8c19f-8595-423c-829a-79f04dbd8de3@group-69654C14B0FF: changes role from CANDIDATE to FOLLOWER at term 7 for DISCOVERED_A_NEW_TERM
2019-09-05 11:07:01,459 [89f16946-17a7-47cd-87e0-140db9ee23a2@group-69654C14B0FF:LeaderElection92] INFO  impl.RoleInfo (RoleInfo.java:shutdownLeaderElection(134)) - 89f16946-17a7-47cd-87e0-140db9ee23a2: shutdown LeaderElection
2019-09-05 11:07:01,459 [6cb8c19f-8595-423c-829a-79f04dbd8de3@group-69654C14B0FF:LeaderElection93] INFO  impl.RoleInfo (RoleInfo.java:shutdownLeaderElection(134)) - 6cb8c19f-8595-423c-829a-79f04dbd8de3: shutdown LeaderElection
2019-09-05 11:07:01,459 [6cb8c19f-8595-423c-829a-79f04dbd8de3@group-69654C14B0FF:LeaderElection93] INFO  impl.RoleInfo (RoleInfo.java:updateAndGet(143)) - 6cb8c19f-8595-423c-829a-79f04dbd8de3: start FollowerState
2019-09-05 11:07:01,459 [89f16946-17a7-47cd-87e0-140db9ee23a2@group-69654C14B0FF:LeaderElection92] INFO  impl.RoleInfo (RoleInfo.java:updateAndGet(143)) - 89f16946-17a7-47cd-87e0-140db9ee23a2: start FollowerState
2019-09-05 11:07:01,576 [grpc-default-executor-9] INFO  client.GrpcClientProtocolClient (GrpcClientProtocolClient.java:onNext(264)) - client-ADF75DF0F9D1->89f16946-17a7-47cd-87e0-140db9ee23a2: receive RaftClientReply:client-ADF75DF0F9D1->89f16946-17a7-47cd-87e0-140db9ee23a2@group-69654C14B0FF, cid=165, FAILED org.apache.ratis.protocol.NotLeaderException: Server 89f16946-17a7-47cd-87e0-140db9ee23a2@group-69654C14B0FF is not the leader, logIndex=0, commits[89f16946-17a7-47cd-87e0-140db9ee23a2:c15, 6cb8c19f-8595-423c-829a-79f04dbd8de3:c15, 54fad45f-1182-4a0a-b101-60c94ba267c1:c15]
2019-09-05 11:07:03,600 [grpc-default-executor-1] INFO  client.GrpcClientProtocolClient (GrpcClientProtocolClient.java:onNext(264)) - client-ADF75DF0F9D1->89f16946-17a7-47cd-87e0-140db9ee23a2: receive RaftClientReply:client-ADF75DF0F9D1->89f16946-17a7-47cd-87e0-140db9ee23a2@group-69654C14B0FF, cid=165, FAILED org.apache.ratis.protocol.NotLeaderException: Server 89f16946-17a7-47cd-87e0-140db9ee23a2@group-69654C14B0FF is not the leader, logIndex=0, commits[89f16946-17a7-47cd-87e0-140db9ee23a2:c15, 6cb8c19f-8595-423c-829a-79f04dbd8de3:c15, 54fad45f-1182-4a0a-b101-60c94ba267c1:c15]
2019-09-05 11:07:04,609 [grpc-default-executor-9] INFO  client.GrpcClientProtocolClient (GrpcClientProtocolClient.java:onNext(264)) - client-ADF75DF0F9D1->6cb8c19f-8595-423c-829a-79f04dbd8de3: receive RaftClientReply:client-ADF75DF0F9D1->6cb8c19f-8595-423c-829a-79f04dbd8de3@group-69654C14B0FF, cid=165, FAILED org.apache.ratis.protocol.NotLeaderException: Server 6cb8c19f-8595-423c-829a-79f04dbd8de3@group-69654C14B0FF is not the leader, logIndex=0, commits[6cb8c19f-8595-423c-829a-79f04dbd8de3:c15, 54fad45f-1182-4a0a-b101-60c94ba267c1:c15, 89f16946-17a7-47cd-87e0-140db9ee23a2:c15]
2019-09-05 11:07:06,513 [Thread-3204] INFO  impl.FollowerState (FollowerState.java:run(106)) - 6cb8c19f-8595-423c-829a-79f04dbd8de3:group-69654C14B0FF changes to CANDIDATE, lastRpcTime:5054, electionTimeout:5054ms
2019-09-05 11:07:06,520 [Thread-3204] INFO  impl.RoleInfo (RoleInfo.java:shutdownFollowerState(121)) - 6cb8c19f-8595-423c-829a-79f04dbd8de3: shutdown FollowerState
2019-09-05 11:07:06,521 [Thread-3204] INFO  impl.RaftServerImpl (RaftServerImpl.java:setRole(174)) - 6cb8c19f-8595-423c-829a-79f04dbd8de3@group-69654C14B0FF: changes role from  FOLLOWER to CANDIDATE at term 7 for changeToCandidate
2019-09-05 11:07:06,521 [Thread-3204] INFO  impl.RoleInfo (RoleInfo.java:updateAndGet(143)) - 6cb8c19f-8595-423c-829a-79f04dbd8de3: start LeaderElection
2019-09-05 11:07:06,530 [Thread-3203] INFO  impl.FollowerState (FollowerState.java:run(106)) - 89f16946-17a7-47cd-87e0-140db9ee23a2:group-69654C14B0FF changes to CANDIDATE, lastRpcTime:5070, electionTimeout:5070ms
2019-09-05 11:07:06,532 [Thread-3203] INFO  impl.RoleInfo (RoleInfo.java:shutdownFollowerState(121)) - 89f16946-17a7-47cd-87e0-140db9ee23a2: shutdown FollowerState
2019-09-05 11:07:06,532 [Thread-3203] INFO  impl.RaftServerImpl (RaftServerImpl.java:setRole(174)) - 89f16946-17a7-47cd-87e0-140db9ee23a2@group-69654C14B0FF: changes role from  FOLLOWER to CANDIDATE at term 7 for changeToCandidate
2019-09-05 11:07:06,532 [Thread-3203] INFO  impl.RoleInfo (RoleInfo.java:updateAndGet(143)) - 89f16946-17a7-47cd-87e0-140db9ee23a2: start LeaderElection
2019-09-05 11:07:06,636 [grpc-default-executor-9] INFO  client.GrpcClientProtocolClient (GrpcClientProtocolClient.java:onNext(264)) - client-ADF75DF0F9D1->6cb8c19f-8595-423c-829a-79f04dbd8de3: receive RaftClientReply:client-ADF75DF0F9D1->6cb8c19f-8595-423c-829a-79f04dbd8de3@group-69654C14B0FF, cid=165, FAILED org.apache.ratis.protocol.NotLeaderException: Server 6cb8c19f-8595-423c-829a-79f04dbd8de3@group-69654C14B0FF is not the leader, logIndex=0, commits[6cb8c19f-8595-423c-829a-79f04dbd8de3:c15, 54fad45f-1182-4a0a-b101-60c94ba267c1:c15, 89f16946-17a7-47cd-87e0-140db9ee23a2:c15]
2019-09-05 11:07:07,045 [89f16946-17a7-47cd-87e0-140db9ee23a2@group-69654C14B0FF:LeaderElection95] INFO  impl.LeaderElection (LeaderElection.java:askForVotes(182)) - 89f16946-17a7-47cd-87e0-140db9ee23a2@group-69654C14B0FF:LeaderElection95: begin an election at term 8 for 0: [6cb8c19f-8595-423c-829a-79f04dbd8de3:192.168.36.83:38750, 54fad45f-1182-4a0a-b101-60c94ba267c1:192.168.36.83:41045, 89f16946-17a7-47cd-87e0-140db9ee23a2:192.168.36.83:33461], old=null
2019-09-05 11:07:07,048 [89f16946-17a7-47cd-87e0-140db9ee23a2@group-69654C14B0FF:LeaderElection95] INFO  impl.LeaderElection (LogUtils.java:infoOrTrace(149)) - 89f16946-17a7-47cd-87e0-140db9ee23a2@group-69654C14B0FF:LeaderElection95 got exception when requesting votes: {}
java.util.concurrent.ExecutionException: org.apache.ratis.thirdparty.io.grpc.StatusRuntimeException: UNAVAILABLE: io exception
	at java.util.concurrent.FutureTask.report(FutureTask.java:122)
	at java.util.concurrent.FutureTask.get(FutureTask.java:192)
	at org.apache.ratis.server.impl.LeaderElection.waitForResults(LeaderElection.java:263)
	at org.apache.ratis.server.impl.LeaderElection.askForVotes(LeaderElection.java:201)
	at org.apache.ratis.server.impl.LeaderElection.run(LeaderElection.java:133)
	at java.lang.Thread.run(Thread.java:748)
Caused by: org.apache.ratis.thirdparty.io.grpc.StatusRuntimeException: UNAVAILABLE: io exception
	at org.apache.ratis.thirdparty.io.grpc.stub.ClientCalls.toStatusRuntimeException(ClientCalls.java:233)
	at org.apache.ratis.thirdparty.io.grpc.stub.ClientCalls.getUnchecked(ClientCalls.java:214)
	at org.apache.ratis.thirdparty.io.grpc.stub.ClientCalls.blockingUnaryCall(ClientCalls.java:139)
	at org.apache.ratis.proto.grpc.RaftServerProtocolServiceGrpc$RaftServerProtocolServiceBlockingStub.requestVote(RaftServerProtocolServiceGrpc.java:265)
	at org.apache.ratis.grpc.server.GrpcServerProtocolClient.requestVote(GrpcServerProtocolClient.java:90)
	at org.apache.ratis.grpc.server.GrpcService.requestVote(GrpcService.java:204)
	at org.apache.ratis.server.impl.LeaderElection.lambda$submitRequests$1(LeaderElection.java:238)
	at java.util.concurrent.FutureTask.run(FutureTask.java:266)
	at java.util.concurrent.Executors$RunnableAdapter.call(Executors.java:511)
	at java.util.concurrent.FutureTask.run(FutureTask.java:266)
	at java.util.concurrent.ThreadPoolExecutor.runWorker(ThreadPoolExecutor.java:1149)
	at java.util.concurrent.ThreadPoolExecutor$Worker.run(ThreadPoolExecutor.java:624)
	... 1 more
Caused by: org.apache.ratis.thirdparty.io.netty.channel.AbstractChannel$AnnotatedConnectException: Connection refused: /192.168.36.83:41045
	at sun.nio.ch.SocketChannelImpl.checkConnect(Native Method)
	at sun.nio.ch.SocketChannelImpl.finishConnect(SocketChannelImpl.java:717)
	at org.apache.ratis.thirdparty.io.netty.channel.socket.nio.NioSocketChannel.doFinishConnect(NioSocketChannel.java:327)
	at org.apache.ratis.thirdparty.io.netty.channel.nio.AbstractNioChannel$AbstractNioUnsafe.finishConnect(AbstractNioChannel.java:340)
	at org.apache.ratis.thirdparty.io.netty.channel.nio.NioEventLoop.processSelectedKey(NioEventLoop.java:632)
	at org.apache.ratis.thirdparty.io.netty.channel.nio.NioEventLoop.processSelectedKeysOptimized(NioEventLoop.java:579)
	at org.apache.ratis.thirdparty.io.netty.channel.nio.NioEventLoop.processSelectedKeys(NioEventLoop.java:496)
	at org.apache.ratis.thirdparty.io.netty.channel.nio.NioEventLoop.run(NioEventLoop.java:458)
	at org.apache.ratis.thirdparty.io.netty.util.concurrent.SingleThreadEventExecutor$5.run(SingleThreadEventExecutor.java:897)
	at org.apache.ratis.thirdparty.io.netty.util.concurrent.FastThreadLocalRunnable.run(FastThreadLocalRunnable.java:30)
	... 1 more
Caused by: java.net.ConnectException: Connection refused
	... 11 more
2019-09-05 11:07:07,045 [6cb8c19f-8595-423c-829a-79f04dbd8de3@group-69654C14B0FF:LeaderElection94] INFO  impl.LeaderElection (LeaderElection.java:askForVotes(182)) - 6cb8c19f-8595-423c-829a-79f04dbd8de3@group-69654C14B0FF:LeaderElection94: begin an election at term 8 for 0: [6cb8c19f-8595-423c-829a-79f04dbd8de3:192.168.36.83:38750, 54fad45f-1182-4a0a-b101-60c94ba267c1:192.168.36.83:41045, 89f16946-17a7-47cd-87e0-140db9ee23a2:192.168.36.83:33461], old=null
2019-09-05 11:07:07,063 [89f16946-17a7-47cd-87e0-140db9ee23a2@group-69654C14B0FF:LeaderElection95] INFO  impl.LeaderElection (LeaderElection.java:logAndReturn(56)) - 89f16946-17a7-47cd-87e0-140db9ee23a2@group-69654C14B0FF:LeaderElection95: Election REJECTED; received 1 response(s) [89f16946-17a7-47cd-87e0-140db9ee23a2<-6cb8c19f-8595-423c-829a-79f04dbd8de3#0:FAIL-t8] and 1 exception(s); 89f16946-17a7-47cd-87e0-140db9ee23a2@group-69654C14B0FF:t8, leader=null, voted=89f16946-17a7-47cd-87e0-140db9ee23a2, raftlog=89f16946-17a7-47cd-87e0-140db9ee23a2@group-69654C14B0FF-SegmentedRaftLog:OPENED:c15,f15,i15, conf=0: [6cb8c19f-8595-423c-829a-79f04dbd8de3:192.168.36.83:38750, 54fad45f-1182-4a0a-b101-60c94ba267c1:192.168.36.83:41045, 89f16946-17a7-47cd-87e0-140db9ee23a2:192.168.36.83:33461], old=null
2019-09-05 11:07:07,063 [89f16946-17a7-47cd-87e0-140db9ee23a2@group-69654C14B0FF:LeaderElection95] INFO  impl.LeaderElection (LogUtils.java:infoOrTrace(149)) -   Exception 0: {}
java.util.concurrent.ExecutionException: org.apache.ratis.thirdparty.io.grpc.StatusRuntimeException: UNAVAILABLE: io exception
	at java.util.concurrent.FutureTask.report(FutureTask.java:122)
	at java.util.concurrent.FutureTask.get(FutureTask.java:192)
	at org.apache.ratis.server.impl.LeaderElection.waitForResults(LeaderElection.java:263)
	at org.apache.ratis.server.impl.LeaderElection.askForVotes(LeaderElection.java:201)
	at org.apache.ratis.server.impl.LeaderElection.run(LeaderElection.java:133)
	at java.lang.Thread.run(Thread.java:748)
Caused by: org.apache.ratis.thirdparty.io.grpc.StatusRuntimeException: UNAVAILABLE: io exception
	at org.apache.ratis.thirdparty.io.grpc.stub.ClientCalls.toStatusRuntimeException(ClientCalls.java:233)
	at org.apache.ratis.thirdparty.io.grpc.stub.ClientCalls.getUnchecked(ClientCalls.java:214)
	at org.apache.ratis.thirdparty.io.grpc.stub.ClientCalls.blockingUnaryCall(ClientCalls.java:139)
	at org.apache.ratis.proto.grpc.RaftServerProtocolServiceGrpc$RaftServerProtocolServiceBlockingStub.requestVote(RaftServerProtocolServiceGrpc.java:265)
	at org.apache.ratis.grpc.server.GrpcServerProtocolClient.requestVote(GrpcServerProtocolClient.java:90)
	at org.apache.ratis.grpc.server.GrpcService.requestVote(GrpcService.java:204)
	at org.apache.ratis.server.impl.LeaderElection.lambda$submitRequests$1(LeaderElection.java:238)
	at java.util.concurrent.FutureTask.run(FutureTask.java:266)
	at java.util.concurrent.Executors$RunnableAdapter.call(Executors.java:511)
	at java.util.concurrent.FutureTask.run(FutureTask.java:266)
	at java.util.concurrent.ThreadPoolExecutor.runWorker(ThreadPoolExecutor.java:1149)
	at java.util.concurrent.ThreadPoolExecutor$Worker.run(ThreadPoolExecutor.java:624)
	... 1 more
Caused by: org.apache.ratis.thirdparty.io.netty.channel.AbstractChannel$AnnotatedConnectException: Connection refused: /192.168.36.83:41045
	at sun.nio.ch.SocketChannelImpl.checkConnect(Native Method)
	at sun.nio.ch.SocketChannelImpl.finishConnect(SocketChannelImpl.java:717)
	at org.apache.ratis.thirdparty.io.netty.channel.socket.nio.NioSocketChannel.doFinishConnect(NioSocketChannel.java:327)
	at org.apache.ratis.thirdparty.io.netty.channel.nio.AbstractNioChannel$AbstractNioUnsafe.finishConnect(AbstractNioChannel.java:340)
	at org.apache.ratis.thirdparty.io.netty.channel.nio.NioEventLoop.processSelectedKey(NioEventLoop.java:632)
	at org.apache.ratis.thirdparty.io.netty.channel.nio.NioEventLoop.processSelectedKeysOptimized(NioEventLoop.java:579)
	at org.apache.ratis.thirdparty.io.netty.channel.nio.NioEventLoop.processSelectedKeys(NioEventLoop.java:496)
	at org.apache.ratis.thirdparty.io.netty.channel.nio.NioEventLoop.run(NioEventLoop.java:458)
	at org.apache.ratis.thirdparty.io.netty.util.concurrent.SingleThreadEventExecutor$5.run(SingleThreadEventExecutor.java:897)
	at org.apache.ratis.thirdparty.io.netty.util.concurrent.FastThreadLocalRunnable.run(FastThreadLocalRunnable.java:30)
	... 1 more
Caused by: java.net.ConnectException: Connection refused
	... 11 more
2019-09-05 11:07:07,063 [6cb8c19f-8595-423c-829a-79f04dbd8de3@group-69654C14B0FF:LeaderElection94] INFO  impl.LeaderElection (LogUtils.java:infoOrTrace(149)) - 6cb8c19f-8595-423c-829a-79f04dbd8de3@group-69654C14B0FF:LeaderElection94 got exception when requesting votes: {}
java.util.concurrent.ExecutionException: org.apache.ratis.thirdparty.io.grpc.StatusRuntimeException: UNAVAILABLE: io exception
	at java.util.concurrent.FutureTask.report(FutureTask.java:122)
	at java.util.concurrent.FutureTask.get(FutureTask.java:192)
	at org.apache.ratis.server.impl.LeaderElection.waitForResults(LeaderElection.java:263)
	at org.apache.ratis.server.impl.LeaderElection.askForVotes(LeaderElection.java:201)
	at org.apache.ratis.server.impl.LeaderElection.run(LeaderElection.java:133)
	at java.lang.Thread.run(Thread.java:748)
Caused by: org.apache.ratis.thirdparty.io.grpc.StatusRuntimeException: UNAVAILABLE: io exception
	at org.apache.ratis.thirdparty.io.grpc.stub.ClientCalls.toStatusRuntimeException(ClientCalls.java:233)
	at org.apache.ratis.thirdparty.io.grpc.stub.ClientCalls.getUnchecked(ClientCalls.java:214)
	at org.apache.ratis.thirdparty.io.grpc.stub.ClientCalls.blockingUnaryCall(ClientCalls.java:139)
	at org.apache.ratis.proto.grpc.RaftServerProtocolServiceGrpc$RaftServerProtocolServiceBlockingStub.requestVote(RaftServerProtocolServiceGrpc.java:265)
	at org.apache.ratis.grpc.server.GrpcServerProtocolClient.requestVote(GrpcServerProtocolClient.java:90)
	at org.apache.ratis.grpc.server.GrpcService.requestVote(GrpcService.java:204)
	at org.apache.ratis.server.impl.LeaderElection.lambda$submitRequests$1(LeaderElection.java:238)
	at java.util.concurrent.FutureTask.run(FutureTask.java:266)
	at java.util.concurrent.Executors$RunnableAdapter.call(Executors.java:511)
	at java.util.concurrent.FutureTask.run(FutureTask.java:266)
	at java.util.concurrent.ThreadPoolExecutor.runWorker(ThreadPoolExecutor.java:1149)
	at java.util.concurrent.ThreadPoolExecutor$Worker.run(ThreadPoolExecutor.java:624)
	... 1 more
Caused by: org.apache.ratis.thirdparty.io.netty.channel.AbstractChannel$AnnotatedConnectException: Connection refused: /192.168.36.83:41045
	at sun.nio.ch.SocketChannelImpl.checkConnect(Native Method)
	at sun.nio.ch.SocketChannelImpl.finishConnect(SocketChannelImpl.java:717)
	at org.apache.ratis.thirdparty.io.netty.channel.socket.nio.NioSocketChannel.doFinishConnect(NioSocketChannel.java:327)
	at org.apache.ratis.thirdparty.io.netty.channel.nio.AbstractNioChannel$AbstractNioUnsafe.finishConnect(AbstractNioChannel.java:340)
	at org.apache.ratis.thirdparty.io.netty.channel.nio.NioEventLoop.processSelectedKey(NioEventLoop.java:632)
	at org.apache.ratis.thirdparty.io.netty.channel.nio.NioEventLoop.processSelectedKeysOptimized(NioEventLoop.java:579)
	at org.apache.ratis.thirdparty.io.netty.channel.nio.NioEventLoop.processSelectedKeys(NioEventLoop.java:496)
	at org.apache.ratis.thirdparty.io.netty.channel.nio.NioEventLoop.run(NioEventLoop.java:458)
	at org.apache.ratis.thirdparty.io.netty.util.concurrent.SingleThreadEventExecutor$5.run(SingleThreadEventExecutor.java:897)
	at org.apache.ratis.thirdparty.io.netty.util.concurrent.FastThreadLocalRunnable.run(FastThreadLocalRunnable.java:30)
	... 1 more
Caused by: java.net.ConnectException: Connection refused
	... 11 more
2019-09-05 11:07:07,067 [89f16946-17a7-47cd-87e0-140db9ee23a2@group-69654C14B0FF:LeaderElection95] INFO  impl.RaftServerImpl (RaftServerImpl.java:setRole(174)) - 89f16946-17a7-47cd-87e0-140db9ee23a2@group-69654C14B0FF: changes role from CANDIDATE to FOLLOWER at term 8 for DISCOVERED_A_NEW_TERM
2019-09-05 11:07:07,086 [89f16946-17a7-47cd-87e0-140db9ee23a2@group-69654C14B0FF:LeaderElection95] INFO  impl.RoleInfo (RoleInfo.java:shutdownLeaderElection(134)) - 89f16946-17a7-47cd-87e0-140db9ee23a2: shutdown LeaderElection
2019-09-05 11:07:07,086 [89f16946-17a7-47cd-87e0-140db9ee23a2@group-69654C14B0FF:LeaderElection95] INFO  impl.RoleInfo (RoleInfo.java:updateAndGet(143)) - 89f16946-17a7-47cd-87e0-140db9ee23a2: start FollowerState
2019-09-05 11:07:07,088 [6cb8c19f-8595-423c-829a-79f04dbd8de3@group-69654C14B0FF:LeaderElection94] INFO  impl.LeaderElection (LeaderElection.java:logAndReturn(56)) - 6cb8c19f-8595-423c-829a-79f04dbd8de3@group-69654C14B0FF:LeaderElection94: Election REJECTED; received 1 response(s) [6cb8c19f-8595-423c-829a-79f04dbd8de3<-89f16946-17a7-47cd-87e0-140db9ee23a2#0:FAIL-t8] and 1 exception(s); 6cb8c19f-8595-423c-829a-79f04dbd8de3@group-69654C14B0FF:t8, leader=null, voted=6cb8c19f-8595-423c-829a-79f04dbd8de3, raftlog=6cb8c19f-8595-423c-829a-79f04dbd8de3@group-69654C14B0FF-SegmentedRaftLog:OPENED:c15,f15,i15, conf=0: [6cb8c19f-8595-423c-829a-79f04dbd8de3:192.168.36.83:38750, 54fad45f-1182-4a0a-b101-60c94ba267c1:192.168.36.83:41045, 89f16946-17a7-47cd-87e0-140db9ee23a2:192.168.36.83:33461], old=null
2019-09-05 11:07:07,088 [6cb8c19f-8595-423c-829a-79f04dbd8de3@group-69654C14B0FF:LeaderElection94] INFO  impl.LeaderElection (LogUtils.java:infoOrTrace(149)) -   Exception 0: {}
java.util.concurrent.ExecutionException: org.apache.ratis.thirdparty.io.grpc.StatusRuntimeException: UNAVAILABLE: io exception
	at java.util.concurrent.FutureTask.report(FutureTask.java:122)
	at java.util.concurrent.FutureTask.get(FutureTask.java:192)
	at org.apache.ratis.server.impl.LeaderElection.waitForResults(LeaderElection.java:263)
	at org.apache.ratis.server.impl.LeaderElection.askForVotes(LeaderElection.java:201)
	at org.apache.ratis.server.impl.LeaderElection.run(LeaderElection.java:133)
	at java.lang.Thread.run(Thread.java:748)
Caused by: org.apache.ratis.thirdparty.io.grpc.StatusRuntimeException: UNAVAILABLE: io exception
	at org.apache.ratis.thirdparty.io.grpc.stub.ClientCalls.toStatusRuntimeException(ClientCalls.java:233)
	at org.apache.ratis.thirdparty.io.grpc.stub.ClientCalls.getUnchecked(ClientCalls.java:214)
	at org.apache.ratis.thirdparty.io.grpc.stub.ClientCalls.blockingUnaryCall(ClientCalls.java:139)
	at org.apache.ratis.proto.grpc.RaftServerProtocolServiceGrpc$RaftServerProtocolServiceBlockingStub.requestVote(RaftServerProtocolServiceGrpc.java:265)
	at org.apache.ratis.grpc.server.GrpcServerProtocolClient.requestVote(GrpcServerProtocolClient.java:90)
	at org.apache.ratis.grpc.server.GrpcService.requestVote(GrpcService.java:204)
	at org.apache.ratis.server.impl.LeaderElection.lambda$submitRequests$1(LeaderElection.java:238)
	at java.util.concurrent.FutureTask.run(FutureTask.java:266)
	at java.util.concurrent.Executors$RunnableAdapter.call(Executors.java:511)
	at java.util.concurrent.FutureTask.run(FutureTask.java:266)
	at java.util.concurrent.ThreadPoolExecutor.runWorker(ThreadPoolExecutor.java:1149)
	at java.util.concurrent.ThreadPoolExecutor$Worker.run(ThreadPoolExecutor.java:624)
	... 1 more
Caused by: org.apache.ratis.thirdparty.io.netty.channel.AbstractChannel$AnnotatedConnectException: Connection refused: /192.168.36.83:41045
	at sun.nio.ch.SocketChannelImpl.checkConnect(Native Method)
	at sun.nio.ch.SocketChannelImpl.finishConnect(SocketChannelImpl.java:717)
	at org.apache.ratis.thirdparty.io.netty.channel.socket.nio.NioSocketChannel.doFinishConnect(NioSocketChannel.java:327)
	at org.apache.ratis.thirdparty.io.netty.channel.nio.AbstractNioChannel$AbstractNioUnsafe.finishConnect(AbstractNioChannel.java:340)
	at org.apache.ratis.thirdparty.io.netty.channel.nio.NioEventLoop.processSelectedKey(NioEventLoop.java:632)
	at org.apache.ratis.thirdparty.io.netty.channel.nio.NioEventLoop.processSelectedKeysOptimized(NioEventLoop.java:579)
	at org.apache.ratis.thirdparty.io.netty.channel.nio.NioEventLoop.processSelectedKeys(NioEventLoop.java:496)
	at org.apache.ratis.thirdparty.io.netty.channel.nio.NioEventLoop.run(NioEventLoop.java:458)
	at org.apache.ratis.thirdparty.io.netty.util.concurrent.SingleThreadEventExecutor$5.run(SingleThreadEventExecutor.java:897)
	at org.apache.ratis.thirdparty.io.netty.util.concurrent.FastThreadLocalRunnable.run(FastThreadLocalRunnable.java:30)
	... 1 more
Caused by: java.net.ConnectException: Connection refused
	... 11 more
2019-09-05 11:07:07,088 [6cb8c19f-8595-423c-829a-79f04dbd8de3@group-69654C14B0FF:LeaderElection94] INFO  impl.RaftServerImpl (RaftServerImpl.java:setRole(174)) - 6cb8c19f-8595-423c-829a-79f04dbd8de3@group-69654C14B0FF: changes role from CANDIDATE to FOLLOWER at term 8 for DISCOVERED_A_NEW_TERM
2019-09-05 11:07:07,089 [6cb8c19f-8595-423c-829a-79f04dbd8de3@group-69654C14B0FF:LeaderElection94] INFO  impl.RoleInfo (RoleInfo.java:shutdownLeaderElection(134)) - 6cb8c19f-8595-423c-829a-79f04dbd8de3: shutdown LeaderElection
2019-09-05 11:07:07,089 [6cb8c19f-8595-423c-829a-79f04dbd8de3@group-69654C14B0FF:LeaderElection94] INFO  impl.RoleInfo (RoleInfo.java:updateAndGet(143)) - 6cb8c19f-8595-423c-829a-79f04dbd8de3: start FollowerState
2019-09-05 11:07:07,645 [grpc-default-executor-1] INFO  client.GrpcClientProtocolClient (GrpcClientProtocolClient.java:onNext(264)) - client-ADF75DF0F9D1->89f16946-17a7-47cd-87e0-140db9ee23a2: receive RaftClientReply:client-ADF75DF0F9D1->89f16946-17a7-47cd-87e0-140db9ee23a2@group-69654C14B0FF, cid=165, FAILED org.apache.ratis.protocol.NotLeaderException: Server 89f16946-17a7-47cd-87e0-140db9ee23a2@group-69654C14B0FF is not the leader, logIndex=0, commits[89f16946-17a7-47cd-87e0-140db9ee23a2:c15, 6cb8c19f-8595-423c-829a-79f04dbd8de3:c15, 54fad45f-1182-4a0a-b101-60c94ba267c1:c15]
2019-09-05 11:07:08,654 [grpc-default-executor-9] INFO  client.GrpcClientProtocolClient (GrpcClientProtocolClient.java:onNext(264)) - client-ADF75DF0F9D1->6cb8c19f-8595-423c-829a-79f04dbd8de3: receive RaftClientReply:client-ADF75DF0F9D1->6cb8c19f-8595-423c-829a-79f04dbd8de3@group-69654C14B0FF, cid=165, FAILED org.apache.ratis.protocol.NotLeaderException: Server 6cb8c19f-8595-423c-829a-79f04dbd8de3@group-69654C14B0FF is not the leader, logIndex=0, commits[6cb8c19f-8595-423c-829a-79f04dbd8de3:c15, 54fad45f-1182-4a0a-b101-60c94ba267c1:c15, 89f16946-17a7-47cd-87e0-140db9ee23a2:c15]
2019-09-05 11:07:10,669 [grpc-default-executor-10] INFO  client.GrpcClientProtocolClient (GrpcClientProtocolClient.java:onNext(264)) - client-ADF75DF0F9D1->89f16946-17a7-47cd-87e0-140db9ee23a2: receive RaftClientReply:client-ADF75DF0F9D1->89f16946-17a7-47cd-87e0-140db9ee23a2@group-69654C14B0FF, cid=165, FAILED org.apache.ratis.protocol.NotLeaderException: Server 89f16946-17a7-47cd-87e0-140db9ee23a2@group-69654C14B0FF is not the leader, logIndex=0, commits[89f16946-17a7-47cd-87e0-140db9ee23a2:c15, 6cb8c19f-8595-423c-829a-79f04dbd8de3:c15, 54fad45f-1182-4a0a-b101-60c94ba267c1:c15]
2019-09-05 11:07:12,144 [Thread-3226] INFO  impl.FollowerState (FollowerState.java:run(106)) - 6cb8c19f-8595-423c-829a-79f04dbd8de3:group-69654C14B0FF changes to CANDIDATE, lastRpcTime:5054, electionTimeout:5054ms
2019-09-05 11:07:12,155 [Thread-3226] INFO  impl.RoleInfo (RoleInfo.java:shutdownFollowerState(121)) - 6cb8c19f-8595-423c-829a-79f04dbd8de3: shutdown FollowerState
2019-09-05 11:07:12,156 [Thread-3226] INFO  impl.RaftServerImpl (RaftServerImpl.java:setRole(174)) - 6cb8c19f-8595-423c-829a-79f04dbd8de3@group-69654C14B0FF: changes role from  FOLLOWER to CANDIDATE at term 8 for changeToCandidate
2019-09-05 11:07:12,157 [Thread-3226] INFO  impl.RoleInfo (RoleInfo.java:updateAndGet(143)) - 6cb8c19f-8595-423c-829a-79f04dbd8de3: start LeaderElection
2019-09-05 11:07:12,233 [Thread-3225] INFO  impl.FollowerState (FollowerState.java:run(106)) - 89f16946-17a7-47cd-87e0-140db9ee23a2:group-69654C14B0FF changes to CANDIDATE, lastRpcTime:5146, electionTimeout:5146ms
2019-09-05 11:07:12,236 [Thread-3225] INFO  impl.RoleInfo (RoleInfo.java:shutdownFollowerState(121)) - 89f16946-17a7-47cd-87e0-140db9ee23a2: shutdown FollowerState
2019-09-05 11:07:12,236 [Thread-3225] INFO  impl.RaftServerImpl (RaftServerImpl.java:setRole(174)) - 89f16946-17a7-47cd-87e0-140db9ee23a2@group-69654C14B0FF: changes role from  FOLLOWER to CANDIDATE at term 8 for changeToCandidate
2019-09-05 11:07:12,237 [Thread-3225] INFO  impl.RoleInfo (RoleInfo.java:updateAndGet(143)) - 89f16946-17a7-47cd-87e0-140db9ee23a2: start LeaderElection
2019-09-05 11:07:12,689 [grpc-default-executor-9] INFO  client.GrpcClientProtocolClient (GrpcClientProtocolClient.java:onNext(264)) - client-ADF75DF0F9D1->89f16946-17a7-47cd-87e0-140db9ee23a2: receive RaftClientReply:client-ADF75DF0F9D1->89f16946-17a7-47cd-87e0-140db9ee23a2@group-69654C14B0FF, cid=165, FAILED org.apache.ratis.protocol.NotLeaderException: Server 89f16946-17a7-47cd-87e0-140db9ee23a2@group-69654C14B0FF is not the leader, logIndex=0, commits[89f16946-17a7-47cd-87e0-140db9ee23a2:c15, 6cb8c19f-8595-423c-829a-79f04dbd8de3:c15, 54fad45f-1182-4a0a-b101-60c94ba267c1:c15]
2019-09-05 11:07:13,706 [grpc-default-executor-10] INFO  client.GrpcClientProtocolClient (GrpcClientProtocolClient.java:onNext(264)) - client-ADF75DF0F9D1->6cb8c19f-8595-423c-829a-79f04dbd8de3: receive RaftClientReply:client-ADF75DF0F9D1->6cb8c19f-8595-423c-829a-79f04dbd8de3@group-69654C14B0FF, cid=165, FAILED org.apache.ratis.protocol.NotLeaderException: Server 6cb8c19f-8595-423c-829a-79f04dbd8de3@group-69654C14B0FF is not the leader, logIndex=0, commits[6cb8c19f-8595-423c-829a-79f04dbd8de3:c15, 54fad45f-1182-4a0a-b101-60c94ba267c1:c15, 89f16946-17a7-47cd-87e0-140db9ee23a2:c15]
2019-09-05 11:07:14,098 [6cb8c19f-8595-423c-829a-79f04dbd8de3@group-69654C14B0FF:LeaderElection96] INFO  impl.LeaderElection (LeaderElection.java:askForVotes(182)) - 6cb8c19f-8595-423c-829a-79f04dbd8de3@group-69654C14B0FF:LeaderElection96: begin an election at term 9 for 0: [6cb8c19f-8595-423c-829a-79f04dbd8de3:192.168.36.83:38750, 54fad45f-1182-4a0a-b101-60c94ba267c1:192.168.36.83:41045, 89f16946-17a7-47cd-87e0-140db9ee23a2:192.168.36.83:33461], old=null
2019-09-05 11:07:14,098 [89f16946-17a7-47cd-87e0-140db9ee23a2@group-69654C14B0FF:LeaderElection97] INFO  impl.LeaderElection (LeaderElection.java:askForVotes(182)) - 89f16946-17a7-47cd-87e0-140db9ee23a2@group-69654C14B0FF:LeaderElection97: begin an election at term 9 for 0: [6cb8c19f-8595-423c-829a-79f04dbd8de3:192.168.36.83:38750, 54fad45f-1182-4a0a-b101-60c94ba267c1:192.168.36.83:41045, 89f16946-17a7-47cd-87e0-140db9ee23a2:192.168.36.83:33461], old=null
2019-09-05 11:07:14,110 [6cb8c19f-8595-423c-829a-79f04dbd8de3@group-69654C14B0FF:LeaderElection96] INFO  impl.LeaderElection (LogUtils.java:infoOrTrace(149)) - 6cb8c19f-8595-423c-829a-79f04dbd8de3@group-69654C14B0FF:LeaderElection96 got exception when requesting votes: {}
java.util.concurrent.ExecutionException: org.apache.ratis.thirdparty.io.grpc.StatusRuntimeException: UNAVAILABLE: io exception
	at java.util.concurrent.FutureTask.report(FutureTask.java:122)
	at java.util.concurrent.FutureTask.get(FutureTask.java:192)
	at org.apache.ratis.server.impl.LeaderElection.waitForResults(LeaderElection.java:263)
	at org.apache.ratis.server.impl.LeaderElection.askForVotes(LeaderElection.java:201)
	at org.apache.ratis.server.impl.LeaderElection.run(LeaderElection.java:133)
	at java.lang.Thread.run(Thread.java:748)
Caused by: org.apache.ratis.thirdparty.io.grpc.StatusRuntimeException: UNAVAILABLE: io exception
	at org.apache.ratis.thirdparty.io.grpc.stub.ClientCalls.toStatusRuntimeException(ClientCalls.java:233)
	at org.apache.ratis.thirdparty.io.grpc.stub.ClientCalls.getUnchecked(ClientCalls.java:214)
	at org.apache.ratis.thirdparty.io.grpc.stub.ClientCalls.blockingUnaryCall(ClientCalls.java:139)
	at org.apache.ratis.proto.grpc.RaftServerProtocolServiceGrpc$RaftServerProtocolServiceBlockingStub.requestVote(RaftServerProtocolServiceGrpc.java:265)
	at org.apache.ratis.grpc.server.GrpcServerProtocolClient.requestVote(GrpcServerProtocolClient.java:90)
	at org.apache.ratis.grpc.server.GrpcService.requestVote(GrpcService.java:204)
	at org.apache.ratis.server.impl.LeaderElection.lambda$submitRequests$1(LeaderElection.java:238)
	at java.util.concurrent.FutureTask.run(FutureTask.java:266)
	at java.util.concurrent.Executors$RunnableAdapter.call(Executors.java:511)
	at java.util.concurrent.FutureTask.run(FutureTask.java:266)
	at java.util.concurrent.ThreadPoolExecutor.runWorker(ThreadPoolExecutor.java:1149)
	at java.util.concurrent.ThreadPoolExecutor$Worker.run(ThreadPoolExecutor.java:624)
	... 1 more
Caused by: org.apache.ratis.thirdparty.io.netty.channel.AbstractChannel$AnnotatedConnectException: Connection refused: /192.168.36.83:41045
	at sun.nio.ch.SocketChannelImpl.checkConnect(Native Method)
	at sun.nio.ch.SocketChannelImpl.finishConnect(SocketChannelImpl.java:717)
	at org.apache.ratis.thirdparty.io.netty.channel.socket.nio.NioSocketChannel.doFinishConnect(NioSocketChannel.java:327)
	at org.apache.ratis.thirdparty.io.netty.channel.nio.AbstractNioChannel$AbstractNioUnsafe.finishConnect(AbstractNioChannel.java:340)
	at org.apache.ratis.thirdparty.io.netty.channel.nio.NioEventLoop.processSelectedKey(NioEventLoop.java:632)
	at org.apache.ratis.thirdparty.io.netty.channel.nio.NioEventLoop.processSelectedKeysOptimized(NioEventLoop.java:579)
	at org.apache.ratis.thirdparty.io.netty.channel.nio.NioEventLoop.processSelectedKeys(NioEventLoop.java:496)
	at org.apache.ratis.thirdparty.io.netty.channel.nio.NioEventLoop.run(NioEventLoop.java:458)
	at org.apache.ratis.thirdparty.io.netty.util.concurrent.SingleThreadEventExecutor$5.run(SingleThreadEventExecutor.java:897)
	at org.apache.ratis.thirdparty.io.netty.util.concurrent.FastThreadLocalRunnable.run(FastThreadLocalRunnable.java:30)
	... 1 more
Caused by: java.net.ConnectException: Connection refused
	... 11 more
2019-09-05 11:07:14,110 [89f16946-17a7-47cd-87e0-140db9ee23a2@group-69654C14B0FF:LeaderElection97] INFO  impl.LeaderElection (LogUtils.java:infoOrTrace(149)) - 89f16946-17a7-47cd-87e0-140db9ee23a2@group-69654C14B0FF:LeaderElection97 got exception when requesting votes: {}
java.util.concurrent.ExecutionException: org.apache.ratis.thirdparty.io.grpc.StatusRuntimeException: UNAVAILABLE: io exception
	at java.util.concurrent.FutureTask.report(FutureTask.java:122)
	at java.util.concurrent.FutureTask.get(FutureTask.java:192)
	at org.apache.ratis.server.impl.LeaderElection.waitForResults(LeaderElection.java:263)
	at org.apache.ratis.server.impl.LeaderElection.askForVotes(LeaderElection.java:201)
	at org.apache.ratis.server.impl.LeaderElection.run(LeaderElection.java:133)
	at java.lang.Thread.run(Thread.java:748)
Caused by: org.apache.ratis.thirdparty.io.grpc.StatusRuntimeException: UNAVAILABLE: io exception
	at org.apache.ratis.thirdparty.io.grpc.stub.ClientCalls.toStatusRuntimeException(ClientCalls.java:233)
	at org.apache.ratis.thirdparty.io.grpc.stub.ClientCalls.getUnchecked(ClientCalls.java:214)
	at org.apache.ratis.thirdparty.io.grpc.stub.ClientCalls.blockingUnaryCall(ClientCalls.java:139)
	at org.apache.ratis.proto.grpc.RaftServerProtocolServiceGrpc$RaftServerProtocolServiceBlockingStub.requestVote(RaftServerProtocolServiceGrpc.java:265)
	at org.apache.ratis.grpc.server.GrpcServerProtocolClient.requestVote(GrpcServerProtocolClient.java:90)
	at org.apache.ratis.grpc.server.GrpcService.requestVote(GrpcService.java:204)
	at org.apache.ratis.server.impl.LeaderElection.lambda$submitRequests$1(LeaderElection.java:238)
	at java.util.concurrent.FutureTask.run(FutureTask.java:266)
	at java.util.concurrent.Executors$RunnableAdapter.call(Executors.java:511)
	at java.util.concurrent.FutureTask.run(FutureTask.java:266)
	at java.util.concurrent.ThreadPoolExecutor.runWorker(ThreadPoolExecutor.java:1149)
	at java.util.concurrent.ThreadPoolExecutor$Worker.run(ThreadPoolExecutor.java:624)
	... 1 more
Caused by: org.apache.ratis.thirdparty.io.netty.channel.AbstractChannel$AnnotatedConnectException: Connection refused: /192.168.36.83:41045
	at sun.nio.ch.SocketChannelImpl.checkConnect(Native Method)
	at sun.nio.ch.SocketChannelImpl.finishConnect(SocketChannelImpl.java:717)
	at org.apache.ratis.thirdparty.io.netty.channel.socket.nio.NioSocketChannel.doFinishConnect(NioSocketChannel.java:327)
	at org.apache.ratis.thirdparty.io.netty.channel.nio.AbstractNioChannel$AbstractNioUnsafe.finishConnect(AbstractNioChannel.java:340)
	at org.apache.ratis.thirdparty.io.netty.channel.nio.NioEventLoop.processSelectedKey(NioEventLoop.java:632)
	at org.apache.ratis.thirdparty.io.netty.channel.nio.NioEventLoop.processSelectedKeysOptimized(NioEventLoop.java:579)
	at org.apache.ratis.thirdparty.io.netty.channel.nio.NioEventLoop.processSelectedKeys(NioEventLoop.java:496)
	at org.apache.ratis.thirdparty.io.netty.channel.nio.NioEventLoop.run(NioEventLoop.java:458)
	at org.apache.ratis.thirdparty.io.netty.util.concurrent.SingleThreadEventExecutor$5.run(SingleThreadEventExecutor.java:897)
	at org.apache.ratis.thirdparty.io.netty.util.concurrent.FastThreadLocalRunnable.run(FastThreadLocalRunnable.java:30)
	... 1 more
Caused by: java.net.ConnectException: Connection refused
	... 11 more
2019-09-05 11:07:14,118 [6cb8c19f-8595-423c-829a-79f04dbd8de3@group-69654C14B0FF:LeaderElection96] INFO  impl.LeaderElection (LeaderElection.java:logAndReturn(56)) - 6cb8c19f-8595-423c-829a-79f04dbd8de3@group-69654C14B0FF:LeaderElection96: Election REJECTED; received 1 response(s) [6cb8c19f-8595-423c-829a-79f04dbd8de3<-89f16946-17a7-47cd-87e0-140db9ee23a2#0:FAIL-t9] and 1 exception(s); 6cb8c19f-8595-423c-829a-79f04dbd8de3@group-69654C14B0FF:t9, leader=null, voted=6cb8c19f-8595-423c-829a-79f04dbd8de3, raftlog=6cb8c19f-8595-423c-829a-79f04dbd8de3@group-69654C14B0FF-SegmentedRaftLog:OPENED:c15,f15,i15, conf=0: [6cb8c19f-8595-423c-829a-79f04dbd8de3:192.168.36.83:38750, 54fad45f-1182-4a0a-b101-60c94ba267c1:192.168.36.83:41045, 89f16946-17a7-47cd-87e0-140db9ee23a2:192.168.36.83:33461], old=null
2019-09-05 11:07:14,118 [89f16946-17a7-47cd-87e0-140db9ee23a2@group-69654C14B0FF:LeaderElection97] INFO  impl.LeaderElection (LeaderElection.java:logAndReturn(56)) - 89f16946-17a7-47cd-87e0-140db9ee23a2@group-69654C14B0FF:LeaderElection97: Election REJECTED; received 1 response(s) [89f16946-17a7-47cd-87e0-140db9ee23a2<-6cb8c19f-8595-423c-829a-79f04dbd8de3#0:FAIL-t9] and 1 exception(s); 89f16946-17a7-47cd-87e0-140db9ee23a2@group-69654C14B0FF:t9, leader=null, voted=89f16946-17a7-47cd-87e0-140db9ee23a2, raftlog=89f16946-17a7-47cd-87e0-140db9ee23a2@group-69654C14B0FF-SegmentedRaftLog:OPENED:c15,f15,i15, conf=0: [6cb8c19f-8595-423c-829a-79f04dbd8de3:192.168.36.83:38750, 54fad45f-1182-4a0a-b101-60c94ba267c1:192.168.36.83:41045, 89f16946-17a7-47cd-87e0-140db9ee23a2:192.168.36.83:33461], old=null
2019-09-05 11:07:14,118 [6cb8c19f-8595-423c-829a-79f04dbd8de3@group-69654C14B0FF:LeaderElection96] INFO  impl.LeaderElection (LogUtils.java:infoOrTrace(149)) -   Exception 0: {}
java.util.concurrent.ExecutionException: org.apache.ratis.thirdparty.io.grpc.StatusRuntimeException: UNAVAILABLE: io exception
	at java.util.concurrent.FutureTask.report(FutureTask.java:122)
	at java.util.concurrent.FutureTask.get(FutureTask.java:192)
	at org.apache.ratis.server.impl.LeaderElection.waitForResults(LeaderElection.java:263)
	at org.apache.ratis.server.impl.LeaderElection.askForVotes(LeaderElection.java:201)
	at org.apache.ratis.server.impl.LeaderElection.run(LeaderElection.java:133)
	at java.lang.Thread.run(Thread.java:748)
Caused by: org.apache.ratis.thirdparty.io.grpc.StatusRuntimeException: UNAVAILABLE: io exception
	at org.apache.ratis.thirdparty.io.grpc.stub.ClientCalls.toStatusRuntimeException(ClientCalls.java:233)
	at org.apache.ratis.thirdparty.io.grpc.stub.ClientCalls.getUnchecked(ClientCalls.java:214)
	at org.apache.ratis.thirdparty.io.grpc.stub.ClientCalls.blockingUnaryCall(ClientCalls.java:139)
	at org.apache.ratis.proto.grpc.RaftServerProtocolServiceGrpc$RaftServerProtocolServiceBlockingStub.requestVote(RaftServerProtocolServiceGrpc.java:265)
	at org.apache.ratis.grpc.server.GrpcServerProtocolClient.requestVote(GrpcServerProtocolClient.java:90)
	at org.apache.ratis.grpc.server.GrpcService.requestVote(GrpcService.java:204)
	at org.apache.ratis.server.impl.LeaderElection.lambda$submitRequests$1(LeaderElection.java:238)
	at java.util.concurrent.FutureTask.run(FutureTask.java:266)
	at java.util.concurrent.Executors$RunnableAdapter.call(Executors.java:511)
	at java.util.concurrent.FutureTask.run(FutureTask.java:266)
	at java.util.concurrent.ThreadPoolExecutor.runWorker(ThreadPoolExecutor.java:1149)
	at java.util.concurrent.ThreadPoolExecutor$Worker.run(ThreadPoolExecutor.java:624)
	... 1 more
Caused by: org.apache.ratis.thirdparty.io.netty.channel.AbstractChannel$AnnotatedConnectException: Connection refused: /192.168.36.83:41045
	at sun.nio.ch.SocketChannelImpl.checkConnect(Native Method)
	at sun.nio.ch.SocketChannelImpl.finishConnect(SocketChannelImpl.java:717)
	at org.apache.ratis.thirdparty.io.netty.channel.socket.nio.NioSocketChannel.doFinishConnect(NioSocketChannel.java:327)
	at org.apache.ratis.thirdparty.io.netty.channel.nio.AbstractNioChannel$AbstractNioUnsafe.finishConnect(AbstractNioChannel.java:340)
	at org.apache.ratis.thirdparty.io.netty.channel.nio.NioEventLoop.processSelectedKey(NioEventLoop.java:632)
	at org.apache.ratis.thirdparty.io.netty.channel.nio.NioEventLoop.processSelectedKeysOptimized(NioEventLoop.java:579)
	at org.apache.ratis.thirdparty.io.netty.channel.nio.NioEventLoop.processSelectedKeys(NioEventLoop.java:496)
	at org.apache.ratis.thirdparty.io.netty.channel.nio.NioEventLoop.run(NioEventLoop.java:458)
	at org.apache.ratis.thirdparty.io.netty.util.concurrent.SingleThreadEventExecutor$5.run(SingleThreadEventExecutor.java:897)
	at org.apache.ratis.thirdparty.io.netty.util.concurrent.FastThreadLocalRunnable.run(FastThreadLocalRunnable.java:30)
	... 1 more
Caused by: java.net.ConnectException: Connection refused
	... 11 more
2019-09-05 11:07:14,118 [89f16946-17a7-47cd-87e0-140db9ee23a2@group-69654C14B0FF:LeaderElection97] INFO  impl.LeaderElection (LogUtils.java:infoOrTrace(149)) -   Exception 0: {}
java.util.concurrent.ExecutionException: org.apache.ratis.thirdparty.io.grpc.StatusRuntimeException: UNAVAILABLE: io exception
	at java.util.concurrent.FutureTask.report(FutureTask.java:122)
	at java.util.concurrent.FutureTask.get(FutureTask.java:192)
	at org.apache.ratis.server.impl.LeaderElection.waitForResults(LeaderElection.java:263)
	at org.apache.ratis.server.impl.LeaderElection.askForVotes(LeaderElection.java:201)
	at org.apache.ratis.server.impl.LeaderElection.run(LeaderElection.java:133)
	at java.lang.Thread.run(Thread.java:748)
Caused by: org.apache.ratis.thirdparty.io.grpc.StatusRuntimeException: UNAVAILABLE: io exception
	at org.apache.ratis.thirdparty.io.grpc.stub.ClientCalls.toStatusRuntimeException(ClientCalls.java:233)
	at org.apache.ratis.thirdparty.io.grpc.stub.ClientCalls.getUnchecked(ClientCalls.java:214)
	at org.apache.ratis.thirdparty.io.grpc.stub.ClientCalls.blockingUnaryCall(ClientCalls.java:139)
	at org.apache.ratis.proto.grpc.RaftServerProtocolServiceGrpc$RaftServerProtocolServiceBlockingStub.requestVote(RaftServerProtocolServiceGrpc.java:265)
	at org.apache.ratis.grpc.server.GrpcServerProtocolClient.requestVote(GrpcServerProtocolClient.java:90)
	at org.apache.ratis.grpc.server.GrpcService.requestVote(GrpcService.java:204)
	at org.apache.ratis.server.impl.LeaderElection.lambda$submitRequests$1(LeaderElection.java:238)
	at java.util.concurrent.FutureTask.run(FutureTask.java:266)
	at java.util.concurrent.Executors$RunnableAdapter.call(Executors.java:511)
	at java.util.concurrent.FutureTask.run(FutureTask.java:266)
	at java.util.concurrent.ThreadPoolExecutor.runWorker(ThreadPoolExecutor.java:1149)
	at java.util.concurrent.ThreadPoolExecutor$Worker.run(ThreadPoolExecutor.java:624)
	... 1 more
Caused by: org.apache.ratis.thirdparty.io.netty.channel.AbstractChannel$AnnotatedConnectException: Connection refused: /192.168.36.83:41045
	at sun.nio.ch.SocketChannelImpl.checkConnect(Native Method)
	at sun.nio.ch.SocketChannelImpl.finishConnect(SocketChannelImpl.java:717)
	at org.apache.ratis.thirdparty.io.netty.channel.socket.nio.NioSocketChannel.doFinishConnect(NioSocketChannel.java:327)
	at org.apache.ratis.thirdparty.io.netty.channel.nio.AbstractNioChannel$AbstractNioUnsafe.finishConnect(AbstractNioChannel.java:340)
	at org.apache.ratis.thirdparty.io.netty.channel.nio.NioEventLoop.processSelectedKey(NioEventLoop.java:632)
	at org.apache.ratis.thirdparty.io.netty.channel.nio.NioEventLoop.processSelectedKeysOptimized(NioEventLoop.java:579)
	at org.apache.ratis.thirdparty.io.netty.channel.nio.NioEventLoop.processSelectedKeys(NioEventLoop.java:496)
	at org.apache.ratis.thirdparty.io.netty.channel.nio.NioEventLoop.run(NioEventLoop.java:458)
	at org.apache.ratis.thirdparty.io.netty.util.concurrent.SingleThreadEventExecutor$5.run(SingleThreadEventExecutor.java:897)
	at org.apache.ratis.thirdparty.io.netty.util.concurrent.FastThreadLocalRunnable.run(FastThreadLocalRunnable.java:30)
	... 1 more
Caused by: java.net.ConnectException: Connection refused
	... 11 more
2019-09-05 11:07:14,123 [6cb8c19f-8595-423c-829a-79f04dbd8de3@group-69654C14B0FF:LeaderElection96] INFO  impl.RaftServerImpl (RaftServerImpl.java:setRole(174)) - 6cb8c19f-8595-423c-829a-79f04dbd8de3@group-69654C14B0FF: changes role from CANDIDATE to FOLLOWER at term 9 for DISCOVERED_A_NEW_TERM
2019-09-05 11:07:14,123 [89f16946-17a7-47cd-87e0-140db9ee23a2@group-69654C14B0FF:LeaderElection97] INFO  impl.RaftServerImpl (RaftServerImpl.java:setRole(174)) - 89f16946-17a7-47cd-87e0-140db9ee23a2@group-69654C14B0FF: changes role from CANDIDATE to FOLLOWER at term 9 for DISCOVERED_A_NEW_TERM
2019-09-05 11:07:14,123 [6cb8c19f-8595-423c-829a-79f04dbd8de3@group-69654C14B0FF:LeaderElection96] INFO  impl.RoleInfo (RoleInfo.java:shutdownLeaderElection(134)) - 6cb8c19f-8595-423c-829a-79f04dbd8de3: shutdown LeaderElection
2019-09-05 11:07:14,123 [89f16946-17a7-47cd-87e0-140db9ee23a2@group-69654C14B0FF:LeaderElection97] INFO  impl.RoleInfo (RoleInfo.java:shutdownLeaderElection(134)) - 89f16946-17a7-47cd-87e0-140db9ee23a2: shutdown LeaderElection
2019-09-05 11:07:14,123 [6cb8c19f-8595-423c-829a-79f04dbd8de3@group-69654C14B0FF:LeaderElection96] INFO  impl.RoleInfo (RoleInfo.java:updateAndGet(143)) - 6cb8c19f-8595-423c-829a-79f04dbd8de3: start FollowerState
2019-09-05 11:07:14,124 [89f16946-17a7-47cd-87e0-140db9ee23a2@group-69654C14B0FF:LeaderElection97] INFO  impl.RoleInfo (RoleInfo.java:updateAndGet(143)) - 89f16946-17a7-47cd-87e0-140db9ee23a2: start FollowerState
2019-09-05 11:07:14,724 [grpc-default-executor-9] INFO  client.GrpcClientProtocolClient (GrpcClientProtocolClient.java:onNext(264)) - client-ADF75DF0F9D1->89f16946-17a7-47cd-87e0-140db9ee23a2: receive RaftClientReply:client-ADF75DF0F9D1->89f16946-17a7-47cd-87e0-140db9ee23a2@group-69654C14B0FF, cid=165, FAILED org.apache.ratis.protocol.NotLeaderException: Server 89f16946-17a7-47cd-87e0-140db9ee23a2@group-69654C14B0FF is not the leader, logIndex=0, commits[89f16946-17a7-47cd-87e0-140db9ee23a2:c15, 6cb8c19f-8595-423c-829a-79f04dbd8de3:c15, 54fad45f-1182-4a0a-b101-60c94ba267c1:c15]
2019-09-05 11:07:15,738 [grpc-default-executor-9] INFO  client.GrpcClientProtocolClient (GrpcClientProtocolClient.java:onNext(264)) - client-ADF75DF0F9D1->6cb8c19f-8595-423c-829a-79f04dbd8de3: receive RaftClientReply:client-ADF75DF0F9D1->6cb8c19f-8595-423c-829a-79f04dbd8de3@group-69654C14B0FF, cid=165, FAILED org.apache.ratis.protocol.NotLeaderException: Server 6cb8c19f-8595-423c-829a-79f04dbd8de3@group-69654C14B0FF is not the leader, logIndex=0, commits[6cb8c19f-8595-423c-829a-79f04dbd8de3:c15, 54fad45f-1182-4a0a-b101-60c94ba267c1:c15, 89f16946-17a7-47cd-87e0-140db9ee23a2:c15]
2019-09-05 11:07:17,748 [grpc-default-executor-9] INFO  client.GrpcClientProtocolClient (GrpcClientProtocolClient.java:onNext(264)) - client-ADF75DF0F9D1->89f16946-17a7-47cd-87e0-140db9ee23a2: receive RaftClientReply:client-ADF75DF0F9D1->89f16946-17a7-47cd-87e0-140db9ee23a2@group-69654C14B0FF, cid=165, FAILED org.apache.ratis.protocol.NotLeaderException: Server 89f16946-17a7-47cd-87e0-140db9ee23a2@group-69654C14B0FF is not the leader, logIndex=0, commits[89f16946-17a7-47cd-87e0-140db9ee23a2:c15, 6cb8c19f-8595-423c-829a-79f04dbd8de3:c15, 54fad45f-1182-4a0a-b101-60c94ba267c1:c15]
2019-09-05 11:07:18,761 [grpc-default-executor-9] INFO  client.GrpcClientProtocolClient (GrpcClientProtocolClient.java:onNext(264)) - client-ADF75DF0F9D1->6cb8c19f-8595-423c-829a-79f04dbd8de3: receive RaftClientReply:client-ADF75DF0F9D1->6cb8c19f-8595-423c-829a-79f04dbd8de3@group-69654C14B0FF, cid=165, FAILED org.apache.ratis.protocol.NotLeaderException: Server 6cb8c19f-8595-423c-829a-79f04dbd8de3@group-69654C14B0FF is not the leader, logIndex=0, commits[6cb8c19f-8595-423c-829a-79f04dbd8de3:c15, 54fad45f-1182-4a0a-b101-60c94ba267c1:c15, 89f16946-17a7-47cd-87e0-140db9ee23a2:c15]
2019-09-05 11:07:19,216 [Thread-3259] INFO  impl.FollowerState (FollowerState.java:run(106)) - 89f16946-17a7-47cd-87e0-140db9ee23a2:group-69654C14B0FF changes to CANDIDATE, lastRpcTime:5092, electionTimeout:5092ms
2019-09-05 11:07:19,220 [Thread-3259] INFO  impl.RoleInfo (RoleInfo.java:shutdownFollowerState(121)) - 89f16946-17a7-47cd-87e0-140db9ee23a2: shutdown FollowerState
2019-09-05 11:07:19,220 [Thread-3259] INFO  impl.RaftServerImpl (RaftServerImpl.java:setRole(174)) - 89f16946-17a7-47cd-87e0-140db9ee23a2@group-69654C14B0FF: changes role from  FOLLOWER to CANDIDATE at term 9 for changeToCandidate
2019-09-05 11:07:19,221 [Thread-3259] INFO  impl.RoleInfo (RoleInfo.java:updateAndGet(143)) - 89f16946-17a7-47cd-87e0-140db9ee23a2: start LeaderElection
2019-09-05 11:07:19,250 [Thread-3258] INFO  impl.FollowerState (FollowerState.java:run(106)) - 6cb8c19f-8595-423c-829a-79f04dbd8de3:group-69654C14B0FF changes to CANDIDATE, lastRpcTime:5126, electionTimeout:5126ms
2019-09-05 11:07:19,252 [Thread-3258] INFO  impl.RoleInfo (RoleInfo.java:shutdownFollowerState(121)) - 6cb8c19f-8595-423c-829a-79f04dbd8de3: shutdown FollowerState
2019-09-05 11:07:19,253 [Thread-3258] INFO  impl.RaftServerImpl (RaftServerImpl.java:setRole(174)) - 6cb8c19f-8595-423c-829a-79f04dbd8de3@group-69654C14B0FF: changes role from  FOLLOWER to CANDIDATE at term 9 for changeToCandidate
2019-09-05 11:07:19,253 [Thread-3258] INFO  impl.RoleInfo (RoleInfo.java:updateAndGet(143)) - 6cb8c19f-8595-423c-829a-79f04dbd8de3: start LeaderElection
2019-09-05 11:07:19,267 [89f16946-17a7-47cd-87e0-140db9ee23a2@group-69654C14B0FF:LeaderElection98] INFO  impl.LeaderElection (LeaderElection.java:askForVotes(182)) - 89f16946-17a7-47cd-87e0-140db9ee23a2@group-69654C14B0FF:LeaderElection98: begin an election at term 10 for 0: [6cb8c19f-8595-423c-829a-79f04dbd8de3:192.168.36.83:38750, 54fad45f-1182-4a0a-b101-60c94ba267c1:192.168.36.83:41045, 89f16946-17a7-47cd-87e0-140db9ee23a2:192.168.36.83:33461], old=null
2019-09-05 11:07:19,269 [89f16946-17a7-47cd-87e0-140db9ee23a2@group-69654C14B0FF:LeaderElection98] INFO  impl.LeaderElection (LogUtils.java:infoOrTrace(149)) - 89f16946-17a7-47cd-87e0-140db9ee23a2@group-69654C14B0FF:LeaderElection98 got exception when requesting votes: {}
java.util.concurrent.ExecutionException: org.apache.ratis.thirdparty.io.grpc.StatusRuntimeException: UNAVAILABLE: io exception
	at java.util.concurrent.FutureTask.report(FutureTask.java:122)
	at java.util.concurrent.FutureTask.get(FutureTask.java:192)
	at org.apache.ratis.server.impl.LeaderElection.waitForResults(LeaderElection.java:263)
	at org.apache.ratis.server.impl.LeaderElection.askForVotes(LeaderElection.java:201)
	at org.apache.ratis.server.impl.LeaderElection.run(LeaderElection.java:133)
	at java.lang.Thread.run(Thread.java:748)
Caused by: org.apache.ratis.thirdparty.io.grpc.StatusRuntimeException: UNAVAILABLE: io exception
	at org.apache.ratis.thirdparty.io.grpc.stub.ClientCalls.toStatusRuntimeException(ClientCalls.java:233)
	at org.apache.ratis.thirdparty.io.grpc.stub.ClientCalls.getUnchecked(ClientCalls.java:214)
	at org.apache.ratis.thirdparty.io.grpc.stub.ClientCalls.blockingUnaryCall(ClientCalls.java:139)
	at org.apache.ratis.proto.grpc.RaftServerProtocolServiceGrpc$RaftServerProtocolServiceBlockingStub.requestVote(RaftServerProtocolServiceGrpc.java:265)
	at org.apache.ratis.grpc.server.GrpcServerProtocolClient.requestVote(GrpcServerProtocolClient.java:90)
	at org.apache.ratis.grpc.server.GrpcService.requestVote(GrpcService.java:204)
	at org.apache.ratis.server.impl.LeaderElection.lambda$submitRequests$1(LeaderElection.java:238)
	at java.util.concurrent.FutureTask.run(FutureTask.java:266)
	at java.util.concurrent.Executors$RunnableAdapter.call(Executors.java:511)
	at java.util.concurrent.FutureTask.run(FutureTask.java:266)
	at java.util.concurrent.ThreadPoolExecutor.runWorker(ThreadPoolExecutor.java:1149)
	at java.util.concurrent.ThreadPoolExecutor$Worker.run(ThreadPoolExecutor.java:624)
	... 1 more
Caused by: org.apache.ratis.thirdparty.io.netty.channel.AbstractChannel$AnnotatedConnectException: Connection refused: /192.168.36.83:41045
	at sun.nio.ch.SocketChannelImpl.checkConnect(Native Method)
	at sun.nio.ch.SocketChannelImpl.finishConnect(SocketChannelImpl.java:717)
	at org.apache.ratis.thirdparty.io.netty.channel.socket.nio.NioSocketChannel.doFinishConnect(NioSocketChannel.java:327)
	at org.apache.ratis.thirdparty.io.netty.channel.nio.AbstractNioChannel$AbstractNioUnsafe.finishConnect(AbstractNioChannel.java:340)
	at org.apache.ratis.thirdparty.io.netty.channel.nio.NioEventLoop.processSelectedKey(NioEventLoop.java:632)
	at org.apache.ratis.thirdparty.io.netty.channel.nio.NioEventLoop.processSelectedKeysOptimized(NioEventLoop.java:579)
	at org.apache.ratis.thirdparty.io.netty.channel.nio.NioEventLoop.processSelectedKeys(NioEventLoop.java:496)
	at org.apache.ratis.thirdparty.io.netty.channel.nio.NioEventLoop.run(NioEventLoop.java:458)
	at org.apache.ratis.thirdparty.io.netty.util.concurrent.SingleThreadEventExecutor$5.run(SingleThreadEventExecutor.java:897)
	at org.apache.ratis.thirdparty.io.netty.util.concurrent.FastThreadLocalRunnable.run(FastThreadLocalRunnable.java:30)
	... 1 more
Caused by: java.net.ConnectException: Connection refused
	... 11 more
2019-09-05 11:07:19,342 [6cb8c19f-8595-423c-829a-79f04dbd8de3@group-69654C14B0FF:LeaderElection99] INFO  impl.LeaderElection (LeaderElection.java:askForVotes(182)) - 6cb8c19f-8595-423c-829a-79f04dbd8de3@group-69654C14B0FF:LeaderElection99: begin an election at term 10 for 0: [6cb8c19f-8595-423c-829a-79f04dbd8de3:192.168.36.83:38750, 54fad45f-1182-4a0a-b101-60c94ba267c1:192.168.36.83:41045, 89f16946-17a7-47cd-87e0-140db9ee23a2:192.168.36.83:33461], old=null
2019-09-05 11:07:19,344 [6cb8c19f-8595-423c-829a-79f04dbd8de3@group-69654C14B0FF:LeaderElection99] INFO  impl.LeaderElection (LogUtils.java:infoOrTrace(149)) - 6cb8c19f-8595-423c-829a-79f04dbd8de3@group-69654C14B0FF:LeaderElection99 got exception when requesting votes: {}
java.util.concurrent.ExecutionException: org.apache.ratis.thirdparty.io.grpc.StatusRuntimeException: UNAVAILABLE: io exception
	at java.util.concurrent.FutureTask.report(FutureTask.java:122)
	at java.util.concurrent.FutureTask.get(FutureTask.java:192)
	at org.apache.ratis.server.impl.LeaderElection.waitForResults(LeaderElection.java:263)
	at org.apache.ratis.server.impl.LeaderElection.askForVotes(LeaderElection.java:201)
	at org.apache.ratis.server.impl.LeaderElection.run(LeaderElection.java:133)
	at java.lang.Thread.run(Thread.java:748)
Caused by: org.apache.ratis.thirdparty.io.grpc.StatusRuntimeException: UNAVAILABLE: io exception
	at org.apache.ratis.thirdparty.io.grpc.stub.ClientCalls.toStatusRuntimeException(ClientCalls.java:233)
	at org.apache.ratis.thirdparty.io.grpc.stub.ClientCalls.getUnchecked(ClientCalls.java:214)
	at org.apache.ratis.thirdparty.io.grpc.stub.ClientCalls.blockingUnaryCall(ClientCalls.java:139)
	at org.apache.ratis.proto.grpc.RaftServerProtocolServiceGrpc$RaftServerProtocolServiceBlockingStub.requestVote(RaftServerProtocolServiceGrpc.java:265)
	at org.apache.ratis.grpc.server.GrpcServerProtocolClient.requestVote(GrpcServerProtocolClient.java:90)
	at org.apache.ratis.grpc.server.GrpcService.requestVote(GrpcService.java:204)
	at org.apache.ratis.server.impl.LeaderElection.lambda$submitRequests$1(LeaderElection.java:238)
	at java.util.concurrent.FutureTask.run(FutureTask.java:266)
	at java.util.concurrent.Executors$RunnableAdapter.call(Executors.java:511)
	at java.util.concurrent.FutureTask.run(FutureTask.java:266)
	at java.util.concurrent.ThreadPoolExecutor.runWorker(ThreadPoolExecutor.java:1149)
	at java.util.concurrent.ThreadPoolExecutor$Worker.run(ThreadPoolExecutor.java:624)
	... 1 more
Caused by: org.apache.ratis.thirdparty.io.netty.channel.AbstractChannel$AnnotatedConnectException: Connection refused: /192.168.36.83:41045
	at sun.nio.ch.SocketChannelImpl.checkConnect(Native Method)
	at sun.nio.ch.SocketChannelImpl.finishConnect(SocketChannelImpl.java:717)
	at org.apache.ratis.thirdparty.io.netty.channel.socket.nio.NioSocketChannel.doFinishConnect(NioSocketChannel.java:327)
	at org.apache.ratis.thirdparty.io.netty.channel.nio.AbstractNioChannel$AbstractNioUnsafe.finishConnect(AbstractNioChannel.java:340)
	at org.apache.ratis.thirdparty.io.netty.channel.nio.NioEventLoop.processSelectedKey(NioEventLoop.java:632)
	at org.apache.ratis.thirdparty.io.netty.channel.nio.NioEventLoop.processSelectedKeysOptimized(NioEventLoop.java:579)
	at org.apache.ratis.thirdparty.io.netty.channel.nio.NioEventLoop.processSelectedKeys(NioEventLoop.java:496)
	at org.apache.ratis.thirdparty.io.netty.channel.nio.NioEventLoop.run(NioEventLoop.java:458)
	at org.apache.ratis.thirdparty.io.netty.util.concurrent.SingleThreadEventExecutor$5.run(SingleThreadEventExecutor.java:897)
	at org.apache.ratis.thirdparty.io.netty.util.concurrent.FastThreadLocalRunnable.run(FastThreadLocalRunnable.java:30)
	... 1 more
Caused by: java.net.ConnectException: Connection refused
	... 11 more
2019-09-05 11:07:19,347 [89f16946-17a7-47cd-87e0-140db9ee23a2@group-69654C14B0FF:LeaderElection98] INFO  impl.LeaderElection (LeaderElection.java:logAndReturn(56)) - 89f16946-17a7-47cd-87e0-140db9ee23a2@group-69654C14B0FF:LeaderElection98: Election REJECTED; received 1 response(s) [89f16946-17a7-47cd-87e0-140db9ee23a2<-6cb8c19f-8595-423c-829a-79f04dbd8de3#0:FAIL-t10] and 1 exception(s); 89f16946-17a7-47cd-87e0-140db9ee23a2@group-69654C14B0FF:t10, leader=null, voted=89f16946-17a7-47cd-87e0-140db9ee23a2, raftlog=89f16946-17a7-47cd-87e0-140db9ee23a2@group-69654C14B0FF-SegmentedRaftLog:OPENED:c15,f15,i15, conf=0: [6cb8c19f-8595-423c-829a-79f04dbd8de3:192.168.36.83:38750, 54fad45f-1182-4a0a-b101-60c94ba267c1:192.168.36.83:41045, 89f16946-17a7-47cd-87e0-140db9ee23a2:192.168.36.83:33461], old=null
2019-09-05 11:07:19,348 [89f16946-17a7-47cd-87e0-140db9ee23a2@group-69654C14B0FF:LeaderElection98] INFO  impl.LeaderElection (LogUtils.java:infoOrTrace(149)) -   Exception 0: {}
java.util.concurrent.ExecutionException: org.apache.ratis.thirdparty.io.grpc.StatusRuntimeException: UNAVAILABLE: io exception
	at java.util.concurrent.FutureTask.report(FutureTask.java:122)
	at java.util.concurrent.FutureTask.get(FutureTask.java:192)
	at org.apache.ratis.server.impl.LeaderElection.waitForResults(LeaderElection.java:263)
	at org.apache.ratis.server.impl.LeaderElection.askForVotes(LeaderElection.java:201)
	at org.apache.ratis.server.impl.LeaderElection.run(LeaderElection.java:133)
	at java.lang.Thread.run(Thread.java:748)
Caused by: org.apache.ratis.thirdparty.io.grpc.StatusRuntimeException: UNAVAILABLE: io exception
	at org.apache.ratis.thirdparty.io.grpc.stub.ClientCalls.toStatusRuntimeException(ClientCalls.java:233)
	at org.apache.ratis.thirdparty.io.grpc.stub.ClientCalls.getUnchecked(ClientCalls.java:214)
	at org.apache.ratis.thirdparty.io.grpc.stub.ClientCalls.blockingUnaryCall(ClientCalls.java:139)
	at org.apache.ratis.proto.grpc.RaftServerProtocolServiceGrpc$RaftServerProtocolServiceBlockingStub.requestVote(RaftServerProtocolServiceGrpc.java:265)
	at org.apache.ratis.grpc.server.GrpcServerProtocolClient.requestVote(GrpcServerProtocolClient.java:90)
	at org.apache.ratis.grpc.server.GrpcService.requestVote(GrpcService.java:204)
	at org.apache.ratis.server.impl.LeaderElection.lambda$submitRequests$1(LeaderElection.java:238)
	at java.util.concurrent.FutureTask.run(FutureTask.java:266)
	at java.util.concurrent.Executors$RunnableAdapter.call(Executors.java:511)
	at java.util.concurrent.FutureTask.run(FutureTask.java:266)
	at java.util.concurrent.ThreadPoolExecutor.runWorker(ThreadPoolExecutor.java:1149)
	at java.util.concurrent.ThreadPoolExecutor$Worker.run(ThreadPoolExecutor.java:624)
	... 1 more
Caused by: org.apache.ratis.thirdparty.io.netty.channel.AbstractChannel$AnnotatedConnectException: Connection refused: /192.168.36.83:41045
	at sun.nio.ch.SocketChannelImpl.checkConnect(Native Method)
	at sun.nio.ch.SocketChannelImpl.finishConnect(SocketChannelImpl.java:717)
	at org.apache.ratis.thirdparty.io.netty.channel.socket.nio.NioSocketChannel.doFinishConnect(NioSocketChannel.java:327)
	at org.apache.ratis.thirdparty.io.netty.channel.nio.AbstractNioChannel$AbstractNioUnsafe.finishConnect(AbstractNioChannel.java:340)
	at org.apache.ratis.thirdparty.io.netty.channel.nio.NioEventLoop.processSelectedKey(NioEventLoop.java:632)
	at org.apache.ratis.thirdparty.io.netty.channel.nio.NioEventLoop.processSelectedKeysOptimized(NioEventLoop.java:579)
	at org.apache.ratis.thirdparty.io.netty.channel.nio.NioEventLoop.processSelectedKeys(NioEventLoop.java:496)
	at org.apache.ratis.thirdparty.io.netty.channel.nio.NioEventLoop.run(NioEventLoop.java:458)
	at org.apache.ratis.thirdparty.io.netty.util.concurrent.SingleThreadEventExecutor$5.run(SingleThreadEventExecutor.java:897)
	at org.apache.ratis.thirdparty.io.netty.util.concurrent.FastThreadLocalRunnable.run(FastThreadLocalRunnable.java:30)
	... 1 more
Caused by: java.net.ConnectException: Connection refused
	... 11 more
2019-09-05 11:07:19,348 [89f16946-17a7-47cd-87e0-140db9ee23a2@group-69654C14B0FF:LeaderElection98] INFO  impl.RaftServerImpl (RaftServerImpl.java:setRole(174)) - 89f16946-17a7-47cd-87e0-140db9ee23a2@group-69654C14B0FF: changes role from CANDIDATE to FOLLOWER at term 10 for DISCOVERED_A_NEW_TERM
2019-09-05 11:07:19,348 [89f16946-17a7-47cd-87e0-140db9ee23a2@group-69654C14B0FF:LeaderElection98] INFO  impl.RoleInfo (RoleInfo.java:shutdownLeaderElection(134)) - 89f16946-17a7-47cd-87e0-140db9ee23a2: shutdown LeaderElection
2019-09-05 11:07:19,349 [89f16946-17a7-47cd-87e0-140db9ee23a2@group-69654C14B0FF:LeaderElection98] INFO  impl.RoleInfo (RoleInfo.java:updateAndGet(143)) - 89f16946-17a7-47cd-87e0-140db9ee23a2: start FollowerState
2019-09-05 11:07:19,350 [6cb8c19f-8595-423c-829a-79f04dbd8de3@group-69654C14B0FF:LeaderElection99] INFO  impl.LeaderElection (LeaderElection.java:logAndReturn(56)) - 6cb8c19f-8595-423c-829a-79f04dbd8de3@group-69654C14B0FF:LeaderElection99: Election REJECTED; received 1 response(s) [6cb8c19f-8595-423c-829a-79f04dbd8de3<-89f16946-17a7-47cd-87e0-140db9ee23a2#0:FAIL-t10] and 1 exception(s); 6cb8c19f-8595-423c-829a-79f04dbd8de3@group-69654C14B0FF:t10, leader=null, voted=6cb8c19f-8595-423c-829a-79f04dbd8de3, raftlog=6cb8c19f-8595-423c-829a-79f04dbd8de3@group-69654C14B0FF-SegmentedRaftLog:OPENED:c15,f15,i15, conf=0: [6cb8c19f-8595-423c-829a-79f04dbd8de3:192.168.36.83:38750, 54fad45f-1182-4a0a-b101-60c94ba267c1:192.168.36.83:41045, 89f16946-17a7-47cd-87e0-140db9ee23a2:192.168.36.83:33461], old=null
2019-09-05 11:07:19,369 [6cb8c19f-8595-423c-829a-79f04dbd8de3@group-69654C14B0FF:LeaderElection99] INFO  impl.LeaderElection (LogUtils.java:infoOrTrace(149)) -   Exception 0: {}
java.util.concurrent.ExecutionException: org.apache.ratis.thirdparty.io.grpc.StatusRuntimeException: UNAVAILABLE: io exception
	at java.util.concurrent.FutureTask.report(FutureTask.java:122)
	at java.util.concurrent.FutureTask.get(FutureTask.java:192)
	at org.apache.ratis.server.impl.LeaderElection.waitForResults(LeaderElection.java:263)
	at org.apache.ratis.server.impl.LeaderElection.askForVotes(LeaderElection.java:201)
	at org.apache.ratis.server.impl.LeaderElection.run(LeaderElection.java:133)
	at java.lang.Thread.run(Thread.java:748)
Caused by: org.apache.ratis.thirdparty.io.grpc.StatusRuntimeException: UNAVAILABLE: io exception
	at org.apache.ratis.thirdparty.io.grpc.stub.ClientCalls.toStatusRuntimeException(ClientCalls.java:233)
	at org.apache.ratis.thirdparty.io.grpc.stub.ClientCalls.getUnchecked(ClientCalls.java:214)
	at org.apache.ratis.thirdparty.io.grpc.stub.ClientCalls.blockingUnaryCall(ClientCalls.java:139)
	at org.apache.ratis.proto.grpc.RaftServerProtocolServiceGrpc$RaftServerProtocolServiceBlockingStub.requestVote(RaftServerProtocolServiceGrpc.java:265)
	at org.apache.ratis.grpc.server.GrpcServerProtocolClient.requestVote(GrpcServerProtocolClient.java:90)
	at org.apache.ratis.grpc.server.GrpcService.requestVote(GrpcService.java:204)
	at org.apache.ratis.server.impl.LeaderElection.lambda$submitRequests$1(LeaderElection.java:238)
	at java.util.concurrent.FutureTask.run(FutureTask.java:266)
	at java.util.concurrent.Executors$RunnableAdapter.call(Executors.java:511)
	at java.util.concurrent.FutureTask.run(FutureTask.java:266)
	at java.util.concurrent.ThreadPoolExecutor.runWorker(ThreadPoolExecutor.java:1149)
	at java.util.concurrent.ThreadPoolExecutor$Worker.run(ThreadPoolExecutor.java:624)
	... 1 more
Caused by: org.apache.ratis.thirdparty.io.netty.channel.AbstractChannel$AnnotatedConnectException: Connection refused: /192.168.36.83:41045
	at sun.nio.ch.SocketChannelImpl.checkConnect(Native Method)
	at sun.nio.ch.SocketChannelImpl.finishConnect(SocketChannelImpl.java:717)
	at org.apache.ratis.thirdparty.io.netty.channel.socket.nio.NioSocketChannel.doFinishConnect(NioSocketChannel.java:327)
	at org.apache.ratis.thirdparty.io.netty.channel.nio.AbstractNioChannel$AbstractNioUnsafe.finishConnect(AbstractNioChannel.java:340)
	at org.apache.ratis.thirdparty.io.netty.channel.nio.NioEventLoop.processSelectedKey(NioEventLoop.java:632)
	at org.apache.ratis.thirdparty.io.netty.channel.nio.NioEventLoop.processSelectedKeysOptimized(NioEventLoop.java:579)
	at org.apache.ratis.thirdparty.io.netty.channel.nio.NioEventLoop.processSelectedKeys(NioEventLoop.java:496)
	at org.apache.ratis.thirdparty.io.netty.channel.nio.NioEventLoop.run(NioEventLoop.java:458)
	at org.apache.ratis.thirdparty.io.netty.util.concurrent.SingleThreadEventExecutor$5.run(SingleThreadEventExecutor.java:897)
	at org.apache.ratis.thirdparty.io.netty.util.concurrent.FastThreadLocalRunnable.run(FastThreadLocalRunnable.java:30)
	... 1 more
Caused by: java.net.ConnectException: Connection refused
	... 11 more
2019-09-05 11:07:19,369 [6cb8c19f-8595-423c-829a-79f04dbd8de3@group-69654C14B0FF:LeaderElection99] INFO  impl.RaftServerImpl (RaftServerImpl.java:setRole(174)) - 6cb8c19f-8595-423c-829a-79f04dbd8de3@group-69654C14B0FF: changes role from CANDIDATE to FOLLOWER at term 10 for DISCOVERED_A_NEW_TERM
2019-09-05 11:07:19,370 [6cb8c19f-8595-423c-829a-79f04dbd8de3@group-69654C14B0FF:LeaderElection99] INFO  impl.RoleInfo (RoleInfo.java:shutdownLeaderElection(134)) - 6cb8c19f-8595-423c-829a-79f04dbd8de3: shutdown LeaderElection
2019-09-05 11:07:19,370 [6cb8c19f-8595-423c-829a-79f04dbd8de3@group-69654C14B0FF:LeaderElection99] INFO  impl.RoleInfo (RoleInfo.java:updateAndGet(143)) - 6cb8c19f-8595-423c-829a-79f04dbd8de3: start FollowerState
2019-09-05 11:07:19,772 [grpc-default-executor-9] INFO  client.GrpcClientProtocolClient (GrpcClientProtocolClient.java:onNext(264)) - client-ADF75DF0F9D1->89f16946-17a7-47cd-87e0-140db9ee23a2: receive RaftClientReply:client-ADF75DF0F9D1->89f16946-17a7-47cd-87e0-140db9ee23a2@group-69654C14B0FF, cid=165, FAILED org.apache.ratis.protocol.NotLeaderException: Server 89f16946-17a7-47cd-87e0-140db9ee23a2@group-69654C14B0FF is not the leader, logIndex=0, commits[89f16946-17a7-47cd-87e0-140db9ee23a2:c15, 6cb8c19f-8595-423c-829a-79f04dbd8de3:c15, 54fad45f-1182-4a0a-b101-60c94ba267c1:c15]
2019-09-05 11:07:21,803 [grpc-default-executor-1] INFO  client.GrpcClientProtocolClient (GrpcClientProtocolClient.java:onNext(264)) - client-ADF75DF0F9D1->6cb8c19f-8595-423c-829a-79f04dbd8de3: receive RaftClientReply:client-ADF75DF0F9D1->6cb8c19f-8595-423c-829a-79f04dbd8de3@group-69654C14B0FF, cid=165, FAILED org.apache.ratis.protocol.NotLeaderException: Server 6cb8c19f-8595-423c-829a-79f04dbd8de3@group-69654C14B0FF is not the leader, logIndex=0, commits[6cb8c19f-8595-423c-829a-79f04dbd8de3:c15, 54fad45f-1182-4a0a-b101-60c94ba267c1:c15, 89f16946-17a7-47cd-87e0-140db9ee23a2:c15]
2019-09-05 11:07:22,815 [grpc-default-executor-1] INFO  client.GrpcClientProtocolClient (GrpcClientProtocolClient.java:onNext(264)) - client-ADF75DF0F9D1->89f16946-17a7-47cd-87e0-140db9ee23a2: receive RaftClientReply:client-ADF75DF0F9D1->89f16946-17a7-47cd-87e0-140db9ee23a2@group-69654C14B0FF, cid=165, FAILED org.apache.ratis.protocol.NotLeaderException: Server 89f16946-17a7-47cd-87e0-140db9ee23a2@group-69654C14B0FF is not the leader, logIndex=0, commits[89f16946-17a7-47cd-87e0-140db9ee23a2:c15, 6cb8c19f-8595-423c-829a-79f04dbd8de3:c15, 54fad45f-1182-4a0a-b101-60c94ba267c1:c15]
2019-09-05 11:07:24,376 [Thread-3279] INFO  impl.FollowerState (FollowerState.java:run(106)) - 89f16946-17a7-47cd-87e0-140db9ee23a2:group-69654C14B0FF changes to CANDIDATE, lastRpcTime:5027, electionTimeout:5027ms
2019-09-05 11:07:24,383 [Thread-3279] INFO  impl.RoleInfo (RoleInfo.java:shutdownFollowerState(121)) - 89f16946-17a7-47cd-87e0-140db9ee23a2: shutdown FollowerState
2019-09-05 11:07:24,383 [Thread-3279] INFO  impl.RaftServerImpl (RaftServerImpl.java:setRole(174)) - 89f16946-17a7-47cd-87e0-140db9ee23a2@group-69654C14B0FF: changes role from  FOLLOWER to CANDIDATE at term 10 for changeToCandidate
2019-09-05 11:07:24,384 [Thread-3279] INFO  impl.RoleInfo (RoleInfo.java:updateAndGet(143)) - 89f16946-17a7-47cd-87e0-140db9ee23a2: start LeaderElection
2019-09-05 11:07:24,415 [Thread-3280] INFO  impl.FollowerState (FollowerState.java:run(106)) - 6cb8c19f-8595-423c-829a-79f04dbd8de3:group-69654C14B0FF changes to CANDIDATE, lastRpcTime:5045, electionTimeout:5045ms
2019-09-05 11:07:24,418 [Thread-3280] INFO  impl.RoleInfo (RoleInfo.java:shutdownFollowerState(121)) - 6cb8c19f-8595-423c-829a-79f04dbd8de3: shutdown FollowerState
2019-09-05 11:07:24,419 [Thread-3280] INFO  impl.RaftServerImpl (RaftServerImpl.java:setRole(174)) - 6cb8c19f-8595-423c-829a-79f04dbd8de3@group-69654C14B0FF: changes role from  FOLLOWER to CANDIDATE at term 10 for changeToCandidate
2019-09-05 11:07:24,419 [Thread-3280] INFO  impl.RoleInfo (RoleInfo.java:updateAndGet(143)) - 6cb8c19f-8595-423c-829a-79f04dbd8de3: start LeaderElection
2019-09-05 11:07:24,441 [89f16946-17a7-47cd-87e0-140db9ee23a2@group-69654C14B0FF:LeaderElection100] INFO  impl.LeaderElection (LeaderElection.java:askForVotes(182)) - 89f16946-17a7-47cd-87e0-140db9ee23a2@group-69654C14B0FF:LeaderElection100: begin an election at term 11 for 0: [6cb8c19f-8595-423c-829a-79f04dbd8de3:192.168.36.83:38750, 54fad45f-1182-4a0a-b101-60c94ba267c1:192.168.36.83:41045, 89f16946-17a7-47cd-87e0-140db9ee23a2:192.168.36.83:33461], old=null
2019-09-05 11:07:24,441 [6cb8c19f-8595-423c-829a-79f04dbd8de3@group-69654C14B0FF:LeaderElection101] INFO  impl.LeaderElection (LeaderElection.java:askForVotes(182)) - 6cb8c19f-8595-423c-829a-79f04dbd8de3@group-69654C14B0FF:LeaderElection101: begin an election at term 11 for 0: [6cb8c19f-8595-423c-829a-79f04dbd8de3:192.168.36.83:38750, 54fad45f-1182-4a0a-b101-60c94ba267c1:192.168.36.83:41045, 89f16946-17a7-47cd-87e0-140db9ee23a2:192.168.36.83:33461], old=null
2019-09-05 11:07:24,443 [89f16946-17a7-47cd-87e0-140db9ee23a2@group-69654C14B0FF:LeaderElection100] INFO  impl.LeaderElection (LogUtils.java:infoOrTrace(149)) - 89f16946-17a7-47cd-87e0-140db9ee23a2@group-69654C14B0FF:LeaderElection100 got exception when requesting votes: {}
java.util.concurrent.ExecutionException: org.apache.ratis.thirdparty.io.grpc.StatusRuntimeException: UNAVAILABLE: io exception
	at java.util.concurrent.FutureTask.report(FutureTask.java:122)
	at java.util.concurrent.FutureTask.get(FutureTask.java:192)
	at org.apache.ratis.server.impl.LeaderElection.waitForResults(LeaderElection.java:263)
	at org.apache.ratis.server.impl.LeaderElection.askForVotes(LeaderElection.java:201)
	at org.apache.ratis.server.impl.LeaderElection.run(LeaderElection.java:133)
	at java.lang.Thread.run(Thread.java:748)
Caused by: org.apache.ratis.thirdparty.io.grpc.StatusRuntimeException: UNAVAILABLE: io exception
	at org.apache.ratis.thirdparty.io.grpc.stub.ClientCalls.toStatusRuntimeException(ClientCalls.java:233)
	at org.apache.ratis.thirdparty.io.grpc.stub.ClientCalls.getUnchecked(ClientCalls.java:214)
	at org.apache.ratis.thirdparty.io.grpc.stub.ClientCalls.blockingUnaryCall(ClientCalls.java:139)
	at org.apache.ratis.proto.grpc.RaftServerProtocolServiceGrpc$RaftServerProtocolServiceBlockingStub.requestVote(RaftServerProtocolServiceGrpc.java:265)
	at org.apache.ratis.grpc.server.GrpcServerProtocolClient.requestVote(GrpcServerProtocolClient.java:90)
	at org.apache.ratis.grpc.server.GrpcService.requestVote(GrpcService.java:204)
	at org.apache.ratis.server.impl.LeaderElection.lambda$submitRequests$1(LeaderElection.java:238)
	at java.util.concurrent.FutureTask.run(FutureTask.java:266)
	at java.util.concurrent.Executors$RunnableAdapter.call(Executors.java:511)
	at java.util.concurrent.FutureTask.run(FutureTask.java:266)
	at java.util.concurrent.ThreadPoolExecutor.runWorker(ThreadPoolExecutor.java:1149)
	at java.util.concurrent.ThreadPoolExecutor$Worker.run(ThreadPoolExecutor.java:624)
	... 1 more
Caused by: org.apache.ratis.thirdparty.io.netty.channel.AbstractChannel$AnnotatedConnectException: Connection refused: /192.168.36.83:41045
	at sun.nio.ch.SocketChannelImpl.checkConnect(Native Method)
	at sun.nio.ch.SocketChannelImpl.finishConnect(SocketChannelImpl.java:717)
	at org.apache.ratis.thirdparty.io.netty.channel.socket.nio.NioSocketChannel.doFinishConnect(NioSocketChannel.java:327)
	at org.apache.ratis.thirdparty.io.netty.channel.nio.AbstractNioChannel$AbstractNioUnsafe.finishConnect(AbstractNioChannel.java:340)
	at org.apache.ratis.thirdparty.io.netty.channel.nio.NioEventLoop.processSelectedKey(NioEventLoop.java:632)
	at org.apache.ratis.thirdparty.io.netty.channel.nio.NioEventLoop.processSelectedKeysOptimized(NioEventLoop.java:579)
	at org.apache.ratis.thirdparty.io.netty.channel.nio.NioEventLoop.processSelectedKeys(NioEventLoop.java:496)
	at org.apache.ratis.thirdparty.io.netty.channel.nio.NioEventLoop.run(NioEventLoop.java:458)
	at org.apache.ratis.thirdparty.io.netty.util.concurrent.SingleThreadEventExecutor$5.run(SingleThreadEventExecutor.java:897)
	at org.apache.ratis.thirdparty.io.netty.util.concurrent.FastThreadLocalRunnable.run(FastThreadLocalRunnable.java:30)
	... 1 more
Caused by: java.net.ConnectException: Connection refused
	... 11 more
2019-09-05 11:07:24,443 [6cb8c19f-8595-423c-829a-79f04dbd8de3@group-69654C14B0FF:LeaderElection101] INFO  impl.LeaderElection (LogUtils.java:infoOrTrace(149)) - 6cb8c19f-8595-423c-829a-79f04dbd8de3@group-69654C14B0FF:LeaderElection101 got exception when requesting votes: {}
java.util.concurrent.ExecutionException: org.apache.ratis.thirdparty.io.grpc.StatusRuntimeException: UNAVAILABLE: io exception
	at java.util.concurrent.FutureTask.report(FutureTask.java:122)
	at java.util.concurrent.FutureTask.get(FutureTask.java:192)
	at org.apache.ratis.server.impl.LeaderElection.waitForResults(LeaderElection.java:263)
	at org.apache.ratis.server.impl.LeaderElection.askForVotes(LeaderElection.java:201)
	at org.apache.ratis.server.impl.LeaderElection.run(LeaderElection.java:133)
	at java.lang.Thread.run(Thread.java:748)
Caused by: org.apache.ratis.thirdparty.io.grpc.StatusRuntimeException: UNAVAILABLE: io exception
	at org.apache.ratis.thirdparty.io.grpc.stub.ClientCalls.toStatusRuntimeException(ClientCalls.java:233)
	at org.apache.ratis.thirdparty.io.grpc.stub.ClientCalls.getUnchecked(ClientCalls.java:214)
	at org.apache.ratis.thirdparty.io.grpc.stub.ClientCalls.blockingUnaryCall(ClientCalls.java:139)
	at org.apache.ratis.proto.grpc.RaftServerProtocolServiceGrpc$RaftServerProtocolServiceBlockingStub.requestVote(RaftServerProtocolServiceGrpc.java:265)
	at org.apache.ratis.grpc.server.GrpcServerProtocolClient.requestVote(GrpcServerProtocolClient.java:90)
	at org.apache.ratis.grpc.server.GrpcService.requestVote(GrpcService.java:204)
	at org.apache.ratis.server.impl.LeaderElection.lambda$submitRequests$1(LeaderElection.java:238)
	at java.util.concurrent.FutureTask.run(FutureTask.java:266)
	at java.util.concurrent.Executors$RunnableAdapter.call(Executors.java:511)
	at java.util.concurrent.FutureTask.run(FutureTask.java:266)
	at java.util.concurrent.ThreadPoolExecutor.runWorker(ThreadPoolExecutor.java:1149)
	at java.util.concurrent.ThreadPoolExecutor$Worker.run(ThreadPoolExecutor.java:624)
	... 1 more
Caused by: org.apache.ratis.thirdparty.io.netty.channel.AbstractChannel$AnnotatedConnectException: Connection refused: /192.168.36.83:41045
	at sun.nio.ch.SocketChannelImpl.checkConnect(Native Method)
	at sun.nio.ch.SocketChannelImpl.finishConnect(SocketChannelImpl.java:717)
	at org.apache.ratis.thirdparty.io.netty.channel.socket.nio.NioSocketChannel.doFinishConnect(NioSocketChannel.java:327)
	at org.apache.ratis.thirdparty.io.netty.channel.nio.AbstractNioChannel$AbstractNioUnsafe.finishConnect(AbstractNioChannel.java:340)
	at org.apache.ratis.thirdparty.io.netty.channel.nio.NioEventLoop.processSelectedKey(NioEventLoop.java:632)
	at org.apache.ratis.thirdparty.io.netty.channel.nio.NioEventLoop.processSelectedKeysOptimized(NioEventLoop.java:579)
	at org.apache.ratis.thirdparty.io.netty.channel.nio.NioEventLoop.processSelectedKeys(NioEventLoop.java:496)
	at org.apache.ratis.thirdparty.io.netty.channel.nio.NioEventLoop.run(NioEventLoop.java:458)
	at org.apache.ratis.thirdparty.io.netty.util.concurrent.SingleThreadEventExecutor$5.run(SingleThreadEventExecutor.java:897)
	at org.apache.ratis.thirdparty.io.netty.util.concurrent.FastThreadLocalRunnable.run(FastThreadLocalRunnable.java:30)
	... 1 more
Caused by: java.net.ConnectException: Connection refused
	... 11 more
2019-09-05 11:07:24,471 [89f16946-17a7-47cd-87e0-140db9ee23a2@group-69654C14B0FF:LeaderElection100] INFO  impl.LeaderElection (LeaderElection.java:logAndReturn(56)) - 89f16946-17a7-47cd-87e0-140db9ee23a2@group-69654C14B0FF:LeaderElection100: Election REJECTED; received 1 response(s) [89f16946-17a7-47cd-87e0-140db9ee23a2<-6cb8c19f-8595-423c-829a-79f04dbd8de3#0:FAIL-t11] and 1 exception(s); 89f16946-17a7-47cd-87e0-140db9ee23a2@group-69654C14B0FF:t11, leader=null, voted=89f16946-17a7-47cd-87e0-140db9ee23a2, raftlog=89f16946-17a7-47cd-87e0-140db9ee23a2@group-69654C14B0FF-SegmentedRaftLog:OPENED:c15,f15,i15, conf=0: [6cb8c19f-8595-423c-829a-79f04dbd8de3:192.168.36.83:38750, 54fad45f-1182-4a0a-b101-60c94ba267c1:192.168.36.83:41045, 89f16946-17a7-47cd-87e0-140db9ee23a2:192.168.36.83:33461], old=null
2019-09-05 11:07:24,471 [6cb8c19f-8595-423c-829a-79f04dbd8de3@group-69654C14B0FF:LeaderElection101] INFO  impl.LeaderElection (LeaderElection.java:logAndReturn(56)) - 6cb8c19f-8595-423c-829a-79f04dbd8de3@group-69654C14B0FF:LeaderElection101: Election REJECTED; received 1 response(s) [6cb8c19f-8595-423c-829a-79f04dbd8de3<-89f16946-17a7-47cd-87e0-140db9ee23a2#0:FAIL-t11] and 1 exception(s); 6cb8c19f-8595-423c-829a-79f04dbd8de3@group-69654C14B0FF:t11, leader=null, voted=6cb8c19f-8595-423c-829a-79f04dbd8de3, raftlog=6cb8c19f-8595-423c-829a-79f04dbd8de3@group-69654C14B0FF-SegmentedRaftLog:OPENED:c15,f15,i15, conf=0: [6cb8c19f-8595-423c-829a-79f04dbd8de3:192.168.36.83:38750, 54fad45f-1182-4a0a-b101-60c94ba267c1:192.168.36.83:41045, 89f16946-17a7-47cd-87e0-140db9ee23a2:192.168.36.83:33461], old=null
2019-09-05 11:07:24,471 [89f16946-17a7-47cd-87e0-140db9ee23a2@group-69654C14B0FF:LeaderElection100] INFO  impl.LeaderElection (LogUtils.java:infoOrTrace(149)) -   Exception 0: {}
java.util.concurrent.ExecutionException: org.apache.ratis.thirdparty.io.grpc.StatusRuntimeException: UNAVAILABLE: io exception
	at java.util.concurrent.FutureTask.report(FutureTask.java:122)
	at java.util.concurrent.FutureTask.get(FutureTask.java:192)
	at org.apache.ratis.server.impl.LeaderElection.waitForResults(LeaderElection.java:263)
	at org.apache.ratis.server.impl.LeaderElection.askForVotes(LeaderElection.java:201)
	at org.apache.ratis.server.impl.LeaderElection.run(LeaderElection.java:133)
	at java.lang.Thread.run(Thread.java:748)
Caused by: org.apache.ratis.thirdparty.io.grpc.StatusRuntimeException: UNAVAILABLE: io exception
	at org.apache.ratis.thirdparty.io.grpc.stub.ClientCalls.toStatusRuntimeException(ClientCalls.java:233)
	at org.apache.ratis.thirdparty.io.grpc.stub.ClientCalls.getUnchecked(ClientCalls.java:214)
	at org.apache.ratis.thirdparty.io.grpc.stub.ClientCalls.blockingUnaryCall(ClientCalls.java:139)
	at org.apache.ratis.proto.grpc.RaftServerProtocolServiceGrpc$RaftServerProtocolServiceBlockingStub.requestVote(RaftServerProtocolServiceGrpc.java:265)
	at org.apache.ratis.grpc.server.GrpcServerProtocolClient.requestVote(GrpcServerProtocolClient.java:90)
	at org.apache.ratis.grpc.server.GrpcService.requestVote(GrpcService.java:204)
	at org.apache.ratis.server.impl.LeaderElection.lambda$submitRequests$1(LeaderElection.java:238)
	at java.util.concurrent.FutureTask.run(FutureTask.java:266)
	at java.util.concurrent.Executors$RunnableAdapter.call(Executors.java:511)
	at java.util.concurrent.FutureTask.run(FutureTask.java:266)
	at java.util.concurrent.ThreadPoolExecutor.runWorker(ThreadPoolExecutor.java:1149)
	at java.util.concurrent.ThreadPoolExecutor$Worker.run(ThreadPoolExecutor.java:624)
	... 1 more
Caused by: org.apache.ratis.thirdparty.io.netty.channel.AbstractChannel$AnnotatedConnectException: Connection refused: /192.168.36.83:41045
	at sun.nio.ch.SocketChannelImpl.checkConnect(Native Method)
	at sun.nio.ch.SocketChannelImpl.finishConnect(SocketChannelImpl.java:717)
	at org.apache.ratis.thirdparty.io.netty.channel.socket.nio.NioSocketChannel.doFinishConnect(NioSocketChannel.java:327)
	at org.apache.ratis.thirdparty.io.netty.channel.nio.AbstractNioChannel$AbstractNioUnsafe.finishConnect(AbstractNioChannel.java:340)
	at org.apache.ratis.thirdparty.io.netty.channel.nio.NioEventLoop.processSelectedKey(NioEventLoop.java:632)
	at org.apache.ratis.thirdparty.io.netty.channel.nio.NioEventLoop.processSelectedKeysOptimized(NioEventLoop.java:579)
	at org.apache.ratis.thirdparty.io.netty.channel.nio.NioEventLoop.processSelectedKeys(NioEventLoop.java:496)
	at org.apache.ratis.thirdparty.io.netty.channel.nio.NioEventLoop.run(NioEventLoop.java:458)
	at org.apache.ratis.thirdparty.io.netty.util.concurrent.SingleThreadEventExecutor$5.run(SingleThreadEventExecutor.java:897)
	at org.apache.ratis.thirdparty.io.netty.util.concurrent.FastThreadLocalRunnable.run(FastThreadLocalRunnable.java:30)
	... 1 more
Caused by: java.net.ConnectException: Connection refused
	... 11 more
2019-09-05 11:07:24,471 [6cb8c19f-8595-423c-829a-79f04dbd8de3@group-69654C14B0FF:LeaderElection101] INFO  impl.LeaderElection (LogUtils.java:infoOrTrace(149)) -   Exception 0: {}
java.util.concurrent.ExecutionException: org.apache.ratis.thirdparty.io.grpc.StatusRuntimeException: UNAVAILABLE: io exception
	at java.util.concurrent.FutureTask.report(FutureTask.java:122)
	at java.util.concurrent.FutureTask.get(FutureTask.java:192)
	at org.apache.ratis.server.impl.LeaderElection.waitForResults(LeaderElection.java:263)
	at org.apache.ratis.server.impl.LeaderElection.askForVotes(LeaderElection.java:201)
	at org.apache.ratis.server.impl.LeaderElection.run(LeaderElection.java:133)
	at java.lang.Thread.run(Thread.java:748)
Caused by: org.apache.ratis.thirdparty.io.grpc.StatusRuntimeException: UNAVAILABLE: io exception
	at org.apache.ratis.thirdparty.io.grpc.stub.ClientCalls.toStatusRuntimeException(ClientCalls.java:233)
	at org.apache.ratis.thirdparty.io.grpc.stub.ClientCalls.getUnchecked(ClientCalls.java:214)
	at org.apache.ratis.thirdparty.io.grpc.stub.ClientCalls.blockingUnaryCall(ClientCalls.java:139)
	at org.apache.ratis.proto.grpc.RaftServerProtocolServiceGrpc$RaftServerProtocolServiceBlockingStub.requestVote(RaftServerProtocolServiceGrpc.java:265)
	at org.apache.ratis.grpc.server.GrpcServerProtocolClient.requestVote(GrpcServerProtocolClient.java:90)
	at org.apache.ratis.grpc.server.GrpcService.requestVote(GrpcService.java:204)
	at org.apache.ratis.server.impl.LeaderElection.lambda$submitRequests$1(LeaderElection.java:238)
	at java.util.concurrent.FutureTask.run(FutureTask.java:266)
	at java.util.concurrent.Executors$RunnableAdapter.call(Executors.java:511)
	at java.util.concurrent.FutureTask.run(FutureTask.java:266)
	at java.util.concurrent.ThreadPoolExecutor.runWorker(ThreadPoolExecutor.java:1149)
	at java.util.concurrent.ThreadPoolExecutor$Worker.run(ThreadPoolExecutor.java:624)
	... 1 more
Caused by: org.apache.ratis.thirdparty.io.netty.channel.AbstractChannel$AnnotatedConnectException: Connection refused: /192.168.36.83:41045
	at sun.nio.ch.SocketChannelImpl.checkConnect(Native Method)
	at sun.nio.ch.SocketChannelImpl.finishConnect(SocketChannelImpl.java:717)
	at org.apache.ratis.thirdparty.io.netty.channel.socket.nio.NioSocketChannel.doFinishConnect(NioSocketChannel.java:327)
	at org.apache.ratis.thirdparty.io.netty.channel.nio.AbstractNioChannel$AbstractNioUnsafe.finishConnect(AbstractNioChannel.java:340)
	at org.apache.ratis.thirdparty.io.netty.channel.nio.NioEventLoop.processSelectedKey(NioEventLoop.java:632)
	at org.apache.ratis.thirdparty.io.netty.channel.nio.NioEventLoop.processSelectedKeysOptimized(NioEventLoop.java:579)
	at org.apache.ratis.thirdparty.io.netty.channel.nio.NioEventLoop.processSelectedKeys(NioEventLoop.java:496)
	at org.apache.ratis.thirdparty.io.netty.channel.nio.NioEventLoop.run(NioEventLoop.java:458)
	at org.apache.ratis.thirdparty.io.netty.util.concurrent.SingleThreadEventExecutor$5.run(SingleThreadEventExecutor.java:897)
	at org.apache.ratis.thirdparty.io.netty.util.concurrent.FastThreadLocalRunnable.run(FastThreadLocalRunnable.java:30)
	... 1 more
Caused by: java.net.ConnectException: Connection refused
	... 11 more
2019-09-05 11:07:24,476 [89f16946-17a7-47cd-87e0-140db9ee23a2@group-69654C14B0FF:LeaderElection100] INFO  impl.RaftServerImpl (RaftServerImpl.java:setRole(174)) - 89f16946-17a7-47cd-87e0-140db9ee23a2@group-69654C14B0FF: changes role from CANDIDATE to FOLLOWER at term 11 for DISCOVERED_A_NEW_TERM
2019-09-05 11:07:24,477 [6cb8c19f-8595-423c-829a-79f04dbd8de3@group-69654C14B0FF:LeaderElection101] INFO  impl.RaftServerImpl (RaftServerImpl.java:setRole(174)) - 6cb8c19f-8595-423c-829a-79f04dbd8de3@group-69654C14B0FF: changes role from CANDIDATE to FOLLOWER at term 11 for DISCOVERED_A_NEW_TERM
2019-09-05 11:07:24,477 [89f16946-17a7-47cd-87e0-140db9ee23a2@group-69654C14B0FF:LeaderElection100] INFO  impl.RoleInfo (RoleInfo.java:shutdownLeaderElection(134)) - 89f16946-17a7-47cd-87e0-140db9ee23a2: shutdown LeaderElection
2019-09-05 11:07:24,477 [6cb8c19f-8595-423c-829a-79f04dbd8de3@group-69654C14B0FF:LeaderElection101] INFO  impl.RoleInfo (RoleInfo.java:shutdownLeaderElection(134)) - 6cb8c19f-8595-423c-829a-79f04dbd8de3: shutdown LeaderElection
2019-09-05 11:07:24,477 [89f16946-17a7-47cd-87e0-140db9ee23a2@group-69654C14B0FF:LeaderElection100] INFO  impl.RoleInfo (RoleInfo.java:updateAndGet(143)) - 89f16946-17a7-47cd-87e0-140db9ee23a2: start FollowerState
2019-09-05 11:07:24,477 [6cb8c19f-8595-423c-829a-79f04dbd8de3@group-69654C14B0FF:LeaderElection101] INFO  impl.RoleInfo (RoleInfo.java:updateAndGet(143)) - 6cb8c19f-8595-423c-829a-79f04dbd8de3: start FollowerState
2019-09-05 11:07:24,838 [grpc-default-executor-9] INFO  client.GrpcClientProtocolClient (GrpcClientProtocolClient.java:onNext(264)) - client-ADF75DF0F9D1->6cb8c19f-8595-423c-829a-79f04dbd8de3: receive RaftClientReply:client-ADF75DF0F9D1->6cb8c19f-8595-423c-829a-79f04dbd8de3@group-69654C14B0FF, cid=165, FAILED org.apache.ratis.protocol.NotLeaderException: Server 6cb8c19f-8595-423c-829a-79f04dbd8de3@group-69654C14B0FF is not the leader, logIndex=0, commits[6cb8c19f-8595-423c-829a-79f04dbd8de3:c15, 54fad45f-1182-4a0a-b101-60c94ba267c1:c15, 89f16946-17a7-47cd-87e0-140db9ee23a2:c15]
2019-09-05 11:07:25,853 [grpc-default-executor-9] INFO  client.GrpcClientProtocolClient (GrpcClientProtocolClient.java:onNext(264)) - client-ADF75DF0F9D1->89f16946-17a7-47cd-87e0-140db9ee23a2: receive RaftClientReply:client-ADF75DF0F9D1->89f16946-17a7-47cd-87e0-140db9ee23a2@group-69654C14B0FF, cid=165, FAILED org.apache.ratis.protocol.NotLeaderException: Server 89f16946-17a7-47cd-87e0-140db9ee23a2@group-69654C14B0FF is not the leader, logIndex=0, commits[89f16946-17a7-47cd-87e0-140db9ee23a2:c15, 6cb8c19f-8595-423c-829a-79f04dbd8de3:c15, 54fad45f-1182-4a0a-b101-60c94ba267c1:c15]
2019-09-05 11:07:26,862 [grpc-default-executor-9] INFO  client.GrpcClientProtocolClient (GrpcClientProtocolClient.java:onNext(264)) - client-ADF75DF0F9D1->6cb8c19f-8595-423c-829a-79f04dbd8de3: receive RaftClientReply:client-ADF75DF0F9D1->6cb8c19f-8595-423c-829a-79f04dbd8de3@group-69654C14B0FF, cid=165, FAILED org.apache.ratis.protocol.NotLeaderException: Server 6cb8c19f-8595-423c-829a-79f04dbd8de3@group-69654C14B0FF is not the leader, logIndex=0, commits[6cb8c19f-8595-423c-829a-79f04dbd8de3:c15, 54fad45f-1182-4a0a-b101-60c94ba267c1:c15, 89f16946-17a7-47cd-87e0-140db9ee23a2:c15]
2019-09-05 11:07:27,875 [grpc-default-executor-9] INFO  client.GrpcClientProtocolClient (GrpcClientProtocolClient.java:onNext(264)) - client-ADF75DF0F9D1->89f16946-17a7-47cd-87e0-140db9ee23a2: receive RaftClientReply:client-ADF75DF0F9D1->89f16946-17a7-47cd-87e0-140db9ee23a2@group-69654C14B0FF, cid=165, FAILED org.apache.ratis.protocol.NotLeaderException: Server 89f16946-17a7-47cd-87e0-140db9ee23a2@group-69654C14B0FF is not the leader, logIndex=0, commits[89f16946-17a7-47cd-87e0-140db9ee23a2:c15, 6cb8c19f-8595-423c-829a-79f04dbd8de3:c15, 54fad45f-1182-4a0a-b101-60c94ba267c1:c15]
2019-09-05 11:07:29,481 [Thread-3300] INFO  impl.FollowerState (FollowerState.java:run(106)) - 6cb8c19f-8595-423c-829a-79f04dbd8de3:group-69654C14B0FF changes to CANDIDATE, lastRpcTime:5003, electionTimeout:5003ms
2019-09-05 11:07:29,486 [Thread-3300] INFO  impl.RoleInfo (RoleInfo.java:shutdownFollowerState(121)) - 6cb8c19f-8595-423c-829a-79f04dbd8de3: shutdown FollowerState
2019-09-05 11:07:29,487 [Thread-3300] INFO  impl.RaftServerImpl (RaftServerImpl.java:setRole(174)) - 6cb8c19f-8595-423c-829a-79f04dbd8de3@group-69654C14B0FF: changes role from  FOLLOWER to CANDIDATE at term 11 for changeToCandidate
2019-09-05 11:07:29,487 [Thread-3300] INFO  impl.RoleInfo (RoleInfo.java:updateAndGet(143)) - 6cb8c19f-8595-423c-829a-79f04dbd8de3: start LeaderElection
2019-09-05 11:07:29,561 [6cb8c19f-8595-423c-829a-79f04dbd8de3@group-69654C14B0FF:LeaderElection102] INFO  impl.LeaderElection (LeaderElection.java:askForVotes(182)) - 6cb8c19f-8595-423c-829a-79f04dbd8de3@group-69654C14B0FF:LeaderElection102: begin an election at term 12 for 0: [6cb8c19f-8595-423c-829a-79f04dbd8de3:192.168.36.83:38750, 54fad45f-1182-4a0a-b101-60c94ba267c1:192.168.36.83:41045, 89f16946-17a7-47cd-87e0-140db9ee23a2:192.168.36.83:33461], old=null
2019-09-05 11:07:29,566 [Thread-3299] INFO  impl.FollowerState (FollowerState.java:run(106)) - 89f16946-17a7-47cd-87e0-140db9ee23a2:group-69654C14B0FF changes to CANDIDATE, lastRpcTime:5088, electionTimeout:5088ms
2019-09-05 11:07:29,566 [6cb8c19f-8595-423c-829a-79f04dbd8de3@group-69654C14B0FF:LeaderElection102] INFO  impl.LeaderElection (LogUtils.java:infoOrTrace(149)) - 6cb8c19f-8595-423c-829a-79f04dbd8de3@group-69654C14B0FF:LeaderElection102 got exception when requesting votes: {}
java.util.concurrent.ExecutionException: org.apache.ratis.thirdparty.io.grpc.StatusRuntimeException: UNAVAILABLE: io exception
	at java.util.concurrent.FutureTask.report(FutureTask.java:122)
	at java.util.concurrent.FutureTask.get(FutureTask.java:192)
	at org.apache.ratis.server.impl.LeaderElection.waitForResults(LeaderElection.java:263)
	at org.apache.ratis.server.impl.LeaderElection.askForVotes(LeaderElection.java:201)
	at org.apache.ratis.server.impl.LeaderElection.run(LeaderElection.java:133)
	at java.lang.Thread.run(Thread.java:748)
Caused by: org.apache.ratis.thirdparty.io.grpc.StatusRuntimeException: UNAVAILABLE: io exception
	at org.apache.ratis.thirdparty.io.grpc.stub.ClientCalls.toStatusRuntimeException(ClientCalls.java:233)
	at org.apache.ratis.thirdparty.io.grpc.stub.ClientCalls.getUnchecked(ClientCalls.java:214)
	at org.apache.ratis.thirdparty.io.grpc.stub.ClientCalls.blockingUnaryCall(ClientCalls.java:139)
	at org.apache.ratis.proto.grpc.RaftServerProtocolServiceGrpc$RaftServerProtocolServiceBlockingStub.requestVote(RaftServerProtocolServiceGrpc.java:265)
	at org.apache.ratis.grpc.server.GrpcServerProtocolClient.requestVote(GrpcServerProtocolClient.java:90)
	at org.apache.ratis.grpc.server.GrpcService.requestVote(GrpcService.java:204)
	at org.apache.ratis.server.impl.LeaderElection.lambda$submitRequests$1(LeaderElection.java:238)
	at java.util.concurrent.FutureTask.run(FutureTask.java:266)
	at java.util.concurrent.Executors$RunnableAdapter.call(Executors.java:511)
	at java.util.concurrent.FutureTask.run(FutureTask.java:266)
	at java.util.concurrent.ThreadPoolExecutor.runWorker(ThreadPoolExecutor.java:1149)
	at java.util.concurrent.ThreadPoolExecutor$Worker.run(ThreadPoolExecutor.java:624)
	... 1 more
Caused by: org.apache.ratis.thirdparty.io.netty.channel.AbstractChannel$AnnotatedConnectException: Connection refused: /192.168.36.83:41045
	at sun.nio.ch.SocketChannelImpl.checkConnect(Native Method)
	at sun.nio.ch.SocketChannelImpl.finishConnect(SocketChannelImpl.java:717)
	at org.apache.ratis.thirdparty.io.netty.channel.socket.nio.NioSocketChannel.doFinishConnect(NioSocketChannel.java:327)
	at org.apache.ratis.thirdparty.io.netty.channel.nio.AbstractNioChannel$AbstractNioUnsafe.finishConnect(AbstractNioChannel.java:340)
	at org.apache.ratis.thirdparty.io.netty.channel.nio.NioEventLoop.processSelectedKey(NioEventLoop.java:632)
	at org.apache.ratis.thirdparty.io.netty.channel.nio.NioEventLoop.processSelectedKeysOptimized(NioEventLoop.java:579)
	at org.apache.ratis.thirdparty.io.netty.channel.nio.NioEventLoop.processSelectedKeys(NioEventLoop.java:496)
	at org.apache.ratis.thirdparty.io.netty.channel.nio.NioEventLoop.run(NioEventLoop.java:458)
	at org.apache.ratis.thirdparty.io.netty.util.concurrent.SingleThreadEventExecutor$5.run(SingleThreadEventExecutor.java:897)
	at org.apache.ratis.thirdparty.io.netty.util.concurrent.FastThreadLocalRunnable.run(FastThreadLocalRunnable.java:30)
	... 1 more
Caused by: java.net.ConnectException: Connection refused
	... 11 more
2019-09-05 11:07:29,566 [Thread-3299] INFO  impl.RoleInfo (RoleInfo.java:shutdownFollowerState(121)) - 89f16946-17a7-47cd-87e0-140db9ee23a2: shutdown FollowerState
2019-09-05 11:07:29,569 [Thread-3299] INFO  impl.RaftServerImpl (RaftServerImpl.java:setRole(174)) - 89f16946-17a7-47cd-87e0-140db9ee23a2@group-69654C14B0FF: changes role from  FOLLOWER to CANDIDATE at term 11 for changeToCandidate
2019-09-05 11:07:29,569 [Thread-3299] INFO  impl.RoleInfo (RoleInfo.java:updateAndGet(143)) - 89f16946-17a7-47cd-87e0-140db9ee23a2: start LeaderElection
2019-09-05 11:07:29,620 [89f16946-17a7-47cd-87e0-140db9ee23a2@group-69654C14B0FF:LeaderElection103] INFO  impl.LeaderElection (LeaderElection.java:askForVotes(182)) - 89f16946-17a7-47cd-87e0-140db9ee23a2@group-69654C14B0FF:LeaderElection103: begin an election at term 12 for 0: [6cb8c19f-8595-423c-829a-79f04dbd8de3:192.168.36.83:38750, 54fad45f-1182-4a0a-b101-60c94ba267c1:192.168.36.83:41045, 89f16946-17a7-47cd-87e0-140db9ee23a2:192.168.36.83:33461], old=null
2019-09-05 11:07:29,622 [89f16946-17a7-47cd-87e0-140db9ee23a2@group-69654C14B0FF:LeaderElection103] INFO  impl.LeaderElection (LogUtils.java:infoOrTrace(149)) - 89f16946-17a7-47cd-87e0-140db9ee23a2@group-69654C14B0FF:LeaderElection103 got exception when requesting votes: {}
java.util.concurrent.ExecutionException: org.apache.ratis.thirdparty.io.grpc.StatusRuntimeException: UNAVAILABLE: io exception
	at java.util.concurrent.FutureTask.report(FutureTask.java:122)
	at java.util.concurrent.FutureTask.get(FutureTask.java:192)
	at org.apache.ratis.server.impl.LeaderElection.waitForResults(LeaderElection.java:263)
	at org.apache.ratis.server.impl.LeaderElection.askForVotes(LeaderElection.java:201)
	at org.apache.ratis.server.impl.LeaderElection.run(LeaderElection.java:133)
	at java.lang.Thread.run(Thread.java:748)
Caused by: org.apache.ratis.thirdparty.io.grpc.StatusRuntimeException: UNAVAILABLE: io exception
	at org.apache.ratis.thirdparty.io.grpc.stub.ClientCalls.toStatusRuntimeException(ClientCalls.java:233)
	at org.apache.ratis.thirdparty.io.grpc.stub.ClientCalls.getUnchecked(ClientCalls.java:214)
	at org.apache.ratis.thirdparty.io.grpc.stub.ClientCalls.blockingUnaryCall(ClientCalls.java:139)
	at org.apache.ratis.proto.grpc.RaftServerProtocolServiceGrpc$RaftServerProtocolServiceBlockingStub.requestVote(RaftServerProtocolServiceGrpc.java:265)
	at org.apache.ratis.grpc.server.GrpcServerProtocolClient.requestVote(GrpcServerProtocolClient.java:90)
	at org.apache.ratis.grpc.server.GrpcService.requestVote(GrpcService.java:204)
	at org.apache.ratis.server.impl.LeaderElection.lambda$submitRequests$1(LeaderElection.java:238)
	at java.util.concurrent.FutureTask.run(FutureTask.java:266)
	at java.util.concurrent.Executors$RunnableAdapter.call(Executors.java:511)
	at java.util.concurrent.FutureTask.run(FutureTask.java:266)
	at java.util.concurrent.ThreadPoolExecutor.runWorker(ThreadPoolExecutor.java:1149)
	at java.util.concurrent.ThreadPoolExecutor$Worker.run(ThreadPoolExecutor.java:624)
	... 1 more
Caused by: org.apache.ratis.thirdparty.io.netty.channel.AbstractChannel$AnnotatedConnectException: Connection refused: /192.168.36.83:41045
	at sun.nio.ch.SocketChannelImpl.checkConnect(Native Method)
	at sun.nio.ch.SocketChannelImpl.finishConnect(SocketChannelImpl.java:717)
	at org.apache.ratis.thirdparty.io.netty.channel.socket.nio.NioSocketChannel.doFinishConnect(NioSocketChannel.java:327)
	at org.apache.ratis.thirdparty.io.netty.channel.nio.AbstractNioChannel$AbstractNioUnsafe.finishConnect(AbstractNioChannel.java:340)
	at org.apache.ratis.thirdparty.io.netty.channel.nio.NioEventLoop.processSelectedKey(NioEventLoop.java:632)
	at org.apache.ratis.thirdparty.io.netty.channel.nio.NioEventLoop.processSelectedKeysOptimized(NioEventLoop.java:579)
	at org.apache.ratis.thirdparty.io.netty.channel.nio.NioEventLoop.processSelectedKeys(NioEventLoop.java:496)
	at org.apache.ratis.thirdparty.io.netty.channel.nio.NioEventLoop.run(NioEventLoop.java:458)
	at org.apache.ratis.thirdparty.io.netty.util.concurrent.SingleThreadEventExecutor$5.run(SingleThreadEventExecutor.java:897)
	at org.apache.ratis.thirdparty.io.netty.util.concurrent.FastThreadLocalRunnable.run(FastThreadLocalRunnable.java:30)
	... 1 more
Caused by: java.net.ConnectException: Connection refused
	... 11 more
2019-09-05 11:07:29,628 [6cb8c19f-8595-423c-829a-79f04dbd8de3@group-69654C14B0FF:LeaderElection102] INFO  impl.LeaderElection (LeaderElection.java:logAndReturn(56)) - 6cb8c19f-8595-423c-829a-79f04dbd8de3@group-69654C14B0FF:LeaderElection102: Election REJECTED; received 1 response(s) [6cb8c19f-8595-423c-829a-79f04dbd8de3<-89f16946-17a7-47cd-87e0-140db9ee23a2#0:FAIL-t12] and 1 exception(s); 6cb8c19f-8595-423c-829a-79f04dbd8de3@group-69654C14B0FF:t12, leader=null, voted=6cb8c19f-8595-423c-829a-79f04dbd8de3, raftlog=6cb8c19f-8595-423c-829a-79f04dbd8de3@group-69654C14B0FF-SegmentedRaftLog:OPENED:c15,f15,i15, conf=0: [6cb8c19f-8595-423c-829a-79f04dbd8de3:192.168.36.83:38750, 54fad45f-1182-4a0a-b101-60c94ba267c1:192.168.36.83:41045, 89f16946-17a7-47cd-87e0-140db9ee23a2:192.168.36.83:33461], old=null
2019-09-05 11:07:29,628 [6cb8c19f-8595-423c-829a-79f04dbd8de3@group-69654C14B0FF:LeaderElection102] INFO  impl.LeaderElection (LogUtils.java:infoOrTrace(149)) -   Exception 0: {}
java.util.concurrent.ExecutionException: org.apache.ratis.thirdparty.io.grpc.StatusRuntimeException: UNAVAILABLE: io exception
	at java.util.concurrent.FutureTask.report(FutureTask.java:122)
	at java.util.concurrent.FutureTask.get(FutureTask.java:192)
	at org.apache.ratis.server.impl.LeaderElection.waitForResults(LeaderElection.java:263)
	at org.apache.ratis.server.impl.LeaderElection.askForVotes(LeaderElection.java:201)
	at org.apache.ratis.server.impl.LeaderElection.run(LeaderElection.java:133)
	at java.lang.Thread.run(Thread.java:748)
Caused by: org.apache.ratis.thirdparty.io.grpc.StatusRuntimeException: UNAVAILABLE: io exception
	at org.apache.ratis.thirdparty.io.grpc.stub.ClientCalls.toStatusRuntimeException(ClientCalls.java:233)
	at org.apache.ratis.thirdparty.io.grpc.stub.ClientCalls.getUnchecked(ClientCalls.java:214)
	at org.apache.ratis.thirdparty.io.grpc.stub.ClientCalls.blockingUnaryCall(ClientCalls.java:139)
	at org.apache.ratis.proto.grpc.RaftServerProtocolServiceGrpc$RaftServerProtocolServiceBlockingStub.requestVote(RaftServerProtocolServiceGrpc.java:265)
	at org.apache.ratis.grpc.server.GrpcServerProtocolClient.requestVote(GrpcServerProtocolClient.java:90)
	at org.apache.ratis.grpc.server.GrpcService.requestVote(GrpcService.java:204)
	at org.apache.ratis.server.impl.LeaderElection.lambda$submitRequests$1(LeaderElection.java:238)
	at java.util.concurrent.FutureTask.run(FutureTask.java:266)
	at java.util.concurrent.Executors$RunnableAdapter.call(Executors.java:511)
	at java.util.concurrent.FutureTask.run(FutureTask.java:266)
	at java.util.concurrent.ThreadPoolExecutor.runWorker(ThreadPoolExecutor.java:1149)
	at java.util.concurrent.ThreadPoolExecutor$Worker.run(ThreadPoolExecutor.java:624)
	... 1 more
Caused by: org.apache.ratis.thirdparty.io.netty.channel.AbstractChannel$AnnotatedConnectException: Connection refused: /192.168.36.83:41045
	at sun.nio.ch.SocketChannelImpl.checkConnect(Native Method)
	at sun.nio.ch.SocketChannelImpl.finishConnect(SocketChannelImpl.java:717)
	at org.apache.ratis.thirdparty.io.netty.channel.socket.nio.NioSocketChannel.doFinishConnect(NioSocketChannel.java:327)
	at org.apache.ratis.thirdparty.io.netty.channel.nio.AbstractNioChannel$AbstractNioUnsafe.finishConnect(AbstractNioChannel.java:340)
	at org.apache.ratis.thirdparty.io.netty.channel.nio.NioEventLoop.processSelectedKey(NioEventLoop.java:632)
	at org.apache.ratis.thirdparty.io.netty.channel.nio.NioEventLoop.processSelectedKeysOptimized(NioEventLoop.java:579)
	at org.apache.ratis.thirdparty.io.netty.channel.nio.NioEventLoop.processSelectedKeys(NioEventLoop.java:496)
	at org.apache.ratis.thirdparty.io.netty.channel.nio.NioEventLoop.run(NioEventLoop.java:458)
	at org.apache.ratis.thirdparty.io.netty.util.concurrent.SingleThreadEventExecutor$5.run(SingleThreadEventExecutor.java:897)
	at org.apache.ratis.thirdparty.io.netty.util.concurrent.FastThreadLocalRunnable.run(FastThreadLocalRunnable.java:30)
	... 1 more
Caused by: java.net.ConnectException: Connection refused
	... 11 more
2019-09-05 11:07:29,629 [6cb8c19f-8595-423c-829a-79f04dbd8de3@group-69654C14B0FF:LeaderElection102] INFO  impl.RaftServerImpl (RaftServerImpl.java:setRole(174)) - 6cb8c19f-8595-423c-829a-79f04dbd8de3@group-69654C14B0FF: changes role from CANDIDATE to FOLLOWER at term 12 for DISCOVERED_A_NEW_TERM
2019-09-05 11:07:29,629 [6cb8c19f-8595-423c-829a-79f04dbd8de3@group-69654C14B0FF:LeaderElection102] INFO  impl.RoleInfo (RoleInfo.java:shutdownLeaderElection(134)) - 6cb8c19f-8595-423c-829a-79f04dbd8de3: shutdown LeaderElection
2019-09-05 11:07:29,629 [6cb8c19f-8595-423c-829a-79f04dbd8de3@group-69654C14B0FF:LeaderElection102] INFO  impl.RoleInfo (RoleInfo.java:updateAndGet(143)) - 6cb8c19f-8595-423c-829a-79f04dbd8de3: start FollowerState
2019-09-05 11:07:29,630 [89f16946-17a7-47cd-87e0-140db9ee23a2@group-69654C14B0FF:LeaderElection103] INFO  impl.LeaderElection (LeaderElection.java:logAndReturn(56)) - 89f16946-17a7-47cd-87e0-140db9ee23a2@group-69654C14B0FF:LeaderElection103: Election REJECTED; received 1 response(s) [89f16946-17a7-47cd-87e0-140db9ee23a2<-6cb8c19f-8595-423c-829a-79f04dbd8de3#0:FAIL-t12] and 1 exception(s); 89f16946-17a7-47cd-87e0-140db9ee23a2@group-69654C14B0FF:t12, leader=null, voted=89f16946-17a7-47cd-87e0-140db9ee23a2, raftlog=89f16946-17a7-47cd-87e0-140db9ee23a2@group-69654C14B0FF-SegmentedRaftLog:OPENED:c15,f15,i15, conf=0: [6cb8c19f-8595-423c-829a-79f04dbd8de3:192.168.36.83:38750, 54fad45f-1182-4a0a-b101-60c94ba267c1:192.168.36.83:41045, 89f16946-17a7-47cd-87e0-140db9ee23a2:192.168.36.83:33461], old=null
2019-09-05 11:07:29,632 [89f16946-17a7-47cd-87e0-140db9ee23a2@group-69654C14B0FF:LeaderElection103] INFO  impl.LeaderElection (LogUtils.java:infoOrTrace(149)) -   Exception 0: {}
java.util.concurrent.ExecutionException: org.apache.ratis.thirdparty.io.grpc.StatusRuntimeException: UNAVAILABLE: io exception
	at java.util.concurrent.FutureTask.report(FutureTask.java:122)
	at java.util.concurrent.FutureTask.get(FutureTask.java:192)
	at org.apache.ratis.server.impl.LeaderElection.waitForResults(LeaderElection.java:263)
	at org.apache.ratis.server.impl.LeaderElection.askForVotes(LeaderElection.java:201)
	at org.apache.ratis.server.impl.LeaderElection.run(LeaderElection.java:133)
	at java.lang.Thread.run(Thread.java:748)
Caused by: org.apache.ratis.thirdparty.io.grpc.StatusRuntimeException: UNAVAILABLE: io exception
	at org.apache.ratis.thirdparty.io.grpc.stub.ClientCalls.toStatusRuntimeException(ClientCalls.java:233)
	at org.apache.ratis.thirdparty.io.grpc.stub.ClientCalls.getUnchecked(ClientCalls.java:214)
	at org.apache.ratis.thirdparty.io.grpc.stub.ClientCalls.blockingUnaryCall(ClientCalls.java:139)
	at org.apache.ratis.proto.grpc.RaftServerProtocolServiceGrpc$RaftServerProtocolServiceBlockingStub.requestVote(RaftServerProtocolServiceGrpc.java:265)
	at org.apache.ratis.grpc.server.GrpcServerProtocolClient.requestVote(GrpcServerProtocolClient.java:90)
	at org.apache.ratis.grpc.server.GrpcService.requestVote(GrpcService.java:204)
	at org.apache.ratis.server.impl.LeaderElection.lambda$submitRequests$1(LeaderElection.java:238)
	at java.util.concurrent.FutureTask.run(FutureTask.java:266)
	at java.util.concurrent.Executors$RunnableAdapter.call(Executors.java:511)
	at java.util.concurrent.FutureTask.run(FutureTask.java:266)
	at java.util.concurrent.ThreadPoolExecutor.runWorker(ThreadPoolExecutor.java:1149)
	at java.util.concurrent.ThreadPoolExecutor$Worker.run(ThreadPoolExecutor.java:624)
	... 1 more
Caused by: org.apache.ratis.thirdparty.io.netty.channel.AbstractChannel$AnnotatedConnectException: Connection refused: /192.168.36.83:41045
	at sun.nio.ch.SocketChannelImpl.checkConnect(Native Method)
	at sun.nio.ch.SocketChannelImpl.finishConnect(SocketChannelImpl.java:717)
	at org.apache.ratis.thirdparty.io.netty.channel.socket.nio.NioSocketChannel.doFinishConnect(NioSocketChannel.java:327)
	at org.apache.ratis.thirdparty.io.netty.channel.nio.AbstractNioChannel$AbstractNioUnsafe.finishConnect(AbstractNioChannel.java:340)
	at org.apache.ratis.thirdparty.io.netty.channel.nio.NioEventLoop.processSelectedKey(NioEventLoop.java:632)
	at org.apache.ratis.thirdparty.io.netty.channel.nio.NioEventLoop.processSelectedKeysOptimized(NioEventLoop.java:579)
	at org.apache.ratis.thirdparty.io.netty.channel.nio.NioEventLoop.processSelectedKeys(NioEventLoop.java:496)
	at org.apache.ratis.thirdparty.io.netty.channel.nio.NioEventLoop.run(NioEventLoop.java:458)
	at org.apache.ratis.thirdparty.io.netty.util.concurrent.SingleThreadEventExecutor$5.run(SingleThreadEventExecutor.java:897)
	at org.apache.ratis.thirdparty.io.netty.util.concurrent.FastThreadLocalRunnable.run(FastThreadLocalRunnable.java:30)
	... 1 more
Caused by: java.net.ConnectException: Connection refused
	... 11 more
2019-09-05 11:07:29,633 [89f16946-17a7-47cd-87e0-140db9ee23a2@group-69654C14B0FF:LeaderElection103] INFO  impl.RaftServerImpl (RaftServerImpl.java:setRole(174)) - 89f16946-17a7-47cd-87e0-140db9ee23a2@group-69654C14B0FF: changes role from CANDIDATE to FOLLOWER at term 12 for DISCOVERED_A_NEW_TERM
2019-09-05 11:07:29,633 [89f16946-17a7-47cd-87e0-140db9ee23a2@group-69654C14B0FF:LeaderElection103] INFO  impl.RoleInfo (RoleInfo.java:shutdownLeaderElection(134)) - 89f16946-17a7-47cd-87e0-140db9ee23a2: shutdown LeaderElection
2019-09-05 11:07:29,633 [89f16946-17a7-47cd-87e0-140db9ee23a2@group-69654C14B0FF:LeaderElection103] INFO  impl.RoleInfo (RoleInfo.java:updateAndGet(143)) - 89f16946-17a7-47cd-87e0-140db9ee23a2: start FollowerState
2019-09-05 11:07:29,889 [grpc-default-executor-10] INFO  client.GrpcClientProtocolClient (GrpcClientProtocolClient.java:onNext(264)) - client-ADF75DF0F9D1->89f16946-17a7-47cd-87e0-140db9ee23a2: receive RaftClientReply:client-ADF75DF0F9D1->89f16946-17a7-47cd-87e0-140db9ee23a2@group-69654C14B0FF, cid=165, FAILED org.apache.ratis.protocol.NotLeaderException: Server 89f16946-17a7-47cd-87e0-140db9ee23a2@group-69654C14B0FF is not the leader, logIndex=0, commits[89f16946-17a7-47cd-87e0-140db9ee23a2:c15, 6cb8c19f-8595-423c-829a-79f04dbd8de3:c15, 54fad45f-1182-4a0a-b101-60c94ba267c1:c15]
2019-09-05 11:07:30,905 [grpc-default-executor-10] INFO  client.GrpcClientProtocolClient (GrpcClientProtocolClient.java:onNext(264)) - client-ADF75DF0F9D1->6cb8c19f-8595-423c-829a-79f04dbd8de3: receive RaftClientReply:client-ADF75DF0F9D1->6cb8c19f-8595-423c-829a-79f04dbd8de3@group-69654C14B0FF, cid=165, FAILED org.apache.ratis.protocol.NotLeaderException: Server 6cb8c19f-8595-423c-829a-79f04dbd8de3@group-69654C14B0FF is not the leader, logIndex=0, commits[6cb8c19f-8595-423c-829a-79f04dbd8de3:c15, 54fad45f-1182-4a0a-b101-60c94ba267c1:c15, 89f16946-17a7-47cd-87e0-140db9ee23a2:c15]
2019-09-05 11:07:32,922 [grpc-default-executor-9] INFO  client.GrpcClientProtocolClient (GrpcClientProtocolClient.java:onNext(264)) - client-ADF75DF0F9D1->89f16946-17a7-47cd-87e0-140db9ee23a2: receive RaftClientReply:client-ADF75DF0F9D1->89f16946-17a7-47cd-87e0-140db9ee23a2@group-69654C14B0FF, cid=165, FAILED org.apache.ratis.protocol.NotLeaderException: Server 89f16946-17a7-47cd-87e0-140db9ee23a2@group-69654C14B0FF is not the leader, logIndex=0, commits[89f16946-17a7-47cd-87e0-140db9ee23a2:c15, 6cb8c19f-8595-423c-829a-79f04dbd8de3:c15, 54fad45f-1182-4a0a-b101-60c94ba267c1:c15]
2019-09-05 11:07:34,680 [Thread-3320] INFO  impl.FollowerState (FollowerState.java:run(106)) - 6cb8c19f-8595-423c-829a-79f04dbd8de3:group-69654C14B0FF changes to CANDIDATE, lastRpcTime:5050, electionTimeout:5050ms
2019-09-05 11:07:34,687 [Thread-3320] INFO  impl.RoleInfo (RoleInfo.java:shutdownFollowerState(121)) - 6cb8c19f-8595-423c-829a-79f04dbd8de3: shutdown FollowerState
2019-09-05 11:07:34,687 [Thread-3320] INFO  impl.RaftServerImpl (RaftServerImpl.java:setRole(174)) - 6cb8c19f-8595-423c-829a-79f04dbd8de3@group-69654C14B0FF: changes role from  FOLLOWER to CANDIDATE at term 12 for changeToCandidate
2019-09-05 11:07:34,688 [Thread-3320] INFO  impl.RoleInfo (RoleInfo.java:updateAndGet(143)) - 6cb8c19f-8595-423c-829a-79f04dbd8de3: start LeaderElection
2019-09-05 11:07:34,699 [Thread-3321] INFO  impl.FollowerState (FollowerState.java:run(106)) - 89f16946-17a7-47cd-87e0-140db9ee23a2:group-69654C14B0FF changes to CANDIDATE, lastRpcTime:5066, electionTimeout:5066ms
2019-09-05 11:07:34,702 [Thread-3321] INFO  impl.RoleInfo (RoleInfo.java:shutdownFollowerState(121)) - 89f16946-17a7-47cd-87e0-140db9ee23a2: shutdown FollowerState
2019-09-05 11:07:34,702 [Thread-3321] INFO  impl.RaftServerImpl (RaftServerImpl.java:setRole(174)) - 89f16946-17a7-47cd-87e0-140db9ee23a2@group-69654C14B0FF: changes role from  FOLLOWER to CANDIDATE at term 12 for changeToCandidate
2019-09-05 11:07:34,702 [Thread-3321] INFO  impl.RoleInfo (RoleInfo.java:updateAndGet(143)) - 89f16946-17a7-47cd-87e0-140db9ee23a2: start LeaderElection
2019-09-05 11:07:34,738 [6cb8c19f-8595-423c-829a-79f04dbd8de3@group-69654C14B0FF:LeaderElection104] INFO  impl.LeaderElection (LeaderElection.java:askForVotes(182)) - 6cb8c19f-8595-423c-829a-79f04dbd8de3@group-69654C14B0FF:LeaderElection104: begin an election at term 13 for 0: [6cb8c19f-8595-423c-829a-79f04dbd8de3:192.168.36.83:38750, 54fad45f-1182-4a0a-b101-60c94ba267c1:192.168.36.83:41045, 89f16946-17a7-47cd-87e0-140db9ee23a2:192.168.36.83:33461], old=null
2019-09-05 11:07:34,738 [89f16946-17a7-47cd-87e0-140db9ee23a2@group-69654C14B0FF:LeaderElection105] INFO  impl.LeaderElection (LeaderElection.java:askForVotes(182)) - 89f16946-17a7-47cd-87e0-140db9ee23a2@group-69654C14B0FF:LeaderElection105: begin an election at term 13 for 0: [6cb8c19f-8595-423c-829a-79f04dbd8de3:192.168.36.83:38750, 54fad45f-1182-4a0a-b101-60c94ba267c1:192.168.36.83:41045, 89f16946-17a7-47cd-87e0-140db9ee23a2:192.168.36.83:33461], old=null
2019-09-05 11:07:34,740 [6cb8c19f-8595-423c-829a-79f04dbd8de3@group-69654C14B0FF:LeaderElection104] INFO  impl.LeaderElection (LogUtils.java:infoOrTrace(149)) - 6cb8c19f-8595-423c-829a-79f04dbd8de3@group-69654C14B0FF:LeaderElection104 got exception when requesting votes: {}
java.util.concurrent.ExecutionException: org.apache.ratis.thirdparty.io.grpc.StatusRuntimeException: UNAVAILABLE: io exception
	at java.util.concurrent.FutureTask.report(FutureTask.java:122)
	at java.util.concurrent.FutureTask.get(FutureTask.java:192)
	at org.apache.ratis.server.impl.LeaderElection.waitForResults(LeaderElection.java:263)
	at org.apache.ratis.server.impl.LeaderElection.askForVotes(LeaderElection.java:201)
	at org.apache.ratis.server.impl.LeaderElection.run(LeaderElection.java:133)
	at java.lang.Thread.run(Thread.java:748)
Caused by: org.apache.ratis.thirdparty.io.grpc.StatusRuntimeException: UNAVAILABLE: io exception
	at org.apache.ratis.thirdparty.io.grpc.stub.ClientCalls.toStatusRuntimeException(ClientCalls.java:233)
	at org.apache.ratis.thirdparty.io.grpc.stub.ClientCalls.getUnchecked(ClientCalls.java:214)
	at org.apache.ratis.thirdparty.io.grpc.stub.ClientCalls.blockingUnaryCall(ClientCalls.java:139)
	at org.apache.ratis.proto.grpc.RaftServerProtocolServiceGrpc$RaftServerProtocolServiceBlockingStub.requestVote(RaftServerProtocolServiceGrpc.java:265)
	at org.apache.ratis.grpc.server.GrpcServerProtocolClient.requestVote(GrpcServerProtocolClient.java:90)
	at org.apache.ratis.grpc.server.GrpcService.requestVote(GrpcService.java:204)
	at org.apache.ratis.server.impl.LeaderElection.lambda$submitRequests$1(LeaderElection.java:238)
	at java.util.concurrent.FutureTask.run(FutureTask.java:266)
	at java.util.concurrent.Executors$RunnableAdapter.call(Executors.java:511)
	at java.util.concurrent.FutureTask.run(FutureTask.java:266)
	at java.util.concurrent.ThreadPoolExecutor.runWorker(ThreadPoolExecutor.java:1149)
	at java.util.concurrent.ThreadPoolExecutor$Worker.run(ThreadPoolExecutor.java:624)
	... 1 more
Caused by: org.apache.ratis.thirdparty.io.netty.channel.AbstractChannel$AnnotatedConnectException: Connection refused: /192.168.36.83:41045
	at sun.nio.ch.SocketChannelImpl.checkConnect(Native Method)
	at sun.nio.ch.SocketChannelImpl.finishConnect(SocketChannelImpl.java:717)
	at org.apache.ratis.thirdparty.io.netty.channel.socket.nio.NioSocketChannel.doFinishConnect(NioSocketChannel.java:327)
	at org.apache.ratis.thirdparty.io.netty.channel.nio.AbstractNioChannel$AbstractNioUnsafe.finishConnect(AbstractNioChannel.java:340)
	at org.apache.ratis.thirdparty.io.netty.channel.nio.NioEventLoop.processSelectedKey(NioEventLoop.java:632)
	at org.apache.ratis.thirdparty.io.netty.channel.nio.NioEventLoop.processSelectedKeysOptimized(NioEventLoop.java:579)
	at org.apache.ratis.thirdparty.io.netty.channel.nio.NioEventLoop.processSelectedKeys(NioEventLoop.java:496)
	at org.apache.ratis.thirdparty.io.netty.channel.nio.NioEventLoop.run(NioEventLoop.java:458)
	at org.apache.ratis.thirdparty.io.netty.util.concurrent.SingleThreadEventExecutor$5.run(SingleThreadEventExecutor.java:897)
	at org.apache.ratis.thirdparty.io.netty.util.concurrent.FastThreadLocalRunnable.run(FastThreadLocalRunnable.java:30)
	... 1 more
Caused by: java.net.ConnectException: Connection refused
	... 11 more
2019-09-05 11:07:34,740 [89f16946-17a7-47cd-87e0-140db9ee23a2@group-69654C14B0FF:LeaderElection105] INFO  impl.LeaderElection (LogUtils.java:infoOrTrace(149)) - 89f16946-17a7-47cd-87e0-140db9ee23a2@group-69654C14B0FF:LeaderElection105 got exception when requesting votes: {}
java.util.concurrent.ExecutionException: org.apache.ratis.thirdparty.io.grpc.StatusRuntimeException: UNAVAILABLE: io exception
	at java.util.concurrent.FutureTask.report(FutureTask.java:122)
	at java.util.concurrent.FutureTask.get(FutureTask.java:192)
	at org.apache.ratis.server.impl.LeaderElection.waitForResults(LeaderElection.java:263)
	at org.apache.ratis.server.impl.LeaderElection.askForVotes(LeaderElection.java:201)
	at org.apache.ratis.server.impl.LeaderElection.run(LeaderElection.java:133)
	at java.lang.Thread.run(Thread.java:748)
Caused by: org.apache.ratis.thirdparty.io.grpc.StatusRuntimeException: UNAVAILABLE: io exception
	at org.apache.ratis.thirdparty.io.grpc.stub.ClientCalls.toStatusRuntimeException(ClientCalls.java:233)
	at org.apache.ratis.thirdparty.io.grpc.stub.ClientCalls.getUnchecked(ClientCalls.java:214)
	at org.apache.ratis.thirdparty.io.grpc.stub.ClientCalls.blockingUnaryCall(ClientCalls.java:139)
	at org.apache.ratis.proto.grpc.RaftServerProtocolServiceGrpc$RaftServerProtocolServiceBlockingStub.requestVote(RaftServerProtocolServiceGrpc.java:265)
	at org.apache.ratis.grpc.server.GrpcServerProtocolClient.requestVote(GrpcServerProtocolClient.java:90)
	at org.apache.ratis.grpc.server.GrpcService.requestVote(GrpcService.java:204)
	at org.apache.ratis.server.impl.LeaderElection.lambda$submitRequests$1(LeaderElection.java:238)
	at java.util.concurrent.FutureTask.run(FutureTask.java:266)
	at java.util.concurrent.Executors$RunnableAdapter.call(Executors.java:511)
	at java.util.concurrent.FutureTask.run(FutureTask.java:266)
	at java.util.concurrent.ThreadPoolExecutor.runWorker(ThreadPoolExecutor.java:1149)
	at java.util.concurrent.ThreadPoolExecutor$Worker.run(ThreadPoolExecutor.java:624)
	... 1 more
Caused by: org.apache.ratis.thirdparty.io.netty.channel.AbstractChannel$AnnotatedConnectException: Connection refused: /192.168.36.83:41045
	at sun.nio.ch.SocketChannelImpl.checkConnect(Native Method)
	at sun.nio.ch.SocketChannelImpl.finishConnect(SocketChannelImpl.java:717)
	at org.apache.ratis.thirdparty.io.netty.channel.socket.nio.NioSocketChannel.doFinishConnect(NioSocketChannel.java:327)
	at org.apache.ratis.thirdparty.io.netty.channel.nio.AbstractNioChannel$AbstractNioUnsafe.finishConnect(AbstractNioChannel.java:340)
	at org.apache.ratis.thirdparty.io.netty.channel.nio.NioEventLoop.processSelectedKey(NioEventLoop.java:632)
	at org.apache.ratis.thirdparty.io.netty.channel.nio.NioEventLoop.processSelectedKeysOptimized(NioEventLoop.java:579)
	at org.apache.ratis.thirdparty.io.netty.channel.nio.NioEventLoop.processSelectedKeys(NioEventLoop.java:496)
	at org.apache.ratis.thirdparty.io.netty.channel.nio.NioEventLoop.run(NioEventLoop.java:458)
	at org.apache.ratis.thirdparty.io.netty.util.concurrent.SingleThreadEventExecutor$5.run(SingleThreadEventExecutor.java:897)
	at org.apache.ratis.thirdparty.io.netty.util.concurrent.FastThreadLocalRunnable.run(FastThreadLocalRunnable.java:30)
	... 1 more
Caused by: java.net.ConnectException: Connection refused
	... 11 more
2019-09-05 11:07:34,750 [89f16946-17a7-47cd-87e0-140db9ee23a2@group-69654C14B0FF:LeaderElection105] INFO  impl.LeaderElection (LeaderElection.java:logAndReturn(56)) - 89f16946-17a7-47cd-87e0-140db9ee23a2@group-69654C14B0FF:LeaderElection105: Election REJECTED; received 1 response(s) [89f16946-17a7-47cd-87e0-140db9ee23a2<-6cb8c19f-8595-423c-829a-79f04dbd8de3#0:FAIL-t13] and 1 exception(s); 89f16946-17a7-47cd-87e0-140db9ee23a2@group-69654C14B0FF:t13, leader=null, voted=89f16946-17a7-47cd-87e0-140db9ee23a2, raftlog=89f16946-17a7-47cd-87e0-140db9ee23a2@group-69654C14B0FF-SegmentedRaftLog:OPENED:c15,f15,i15, conf=0: [6cb8c19f-8595-423c-829a-79f04dbd8de3:192.168.36.83:38750, 54fad45f-1182-4a0a-b101-60c94ba267c1:192.168.36.83:41045, 89f16946-17a7-47cd-87e0-140db9ee23a2:192.168.36.83:33461], old=null
2019-09-05 11:07:34,750 [6cb8c19f-8595-423c-829a-79f04dbd8de3@group-69654C14B0FF:LeaderElection104] INFO  impl.LeaderElection (LeaderElection.java:logAndReturn(56)) - 6cb8c19f-8595-423c-829a-79f04dbd8de3@group-69654C14B0FF:LeaderElection104: Election REJECTED; received 1 response(s) [6cb8c19f-8595-423c-829a-79f04dbd8de3<-89f16946-17a7-47cd-87e0-140db9ee23a2#0:FAIL-t13] and 1 exception(s); 6cb8c19f-8595-423c-829a-79f04dbd8de3@group-69654C14B0FF:t13, leader=null, voted=6cb8c19f-8595-423c-829a-79f04dbd8de3, raftlog=6cb8c19f-8595-423c-829a-79f04dbd8de3@group-69654C14B0FF-SegmentedRaftLog:OPENED:c15,f15,i15, conf=0: [6cb8c19f-8595-423c-829a-79f04dbd8de3:192.168.36.83:38750, 54fad45f-1182-4a0a-b101-60c94ba267c1:192.168.36.83:41045, 89f16946-17a7-47cd-87e0-140db9ee23a2:192.168.36.83:33461], old=null
2019-09-05 11:07:34,750 [89f16946-17a7-47cd-87e0-140db9ee23a2@group-69654C14B0FF:LeaderElection105] INFO  impl.LeaderElection (LogUtils.java:infoOrTrace(149)) -   Exception 0: {}
java.util.concurrent.ExecutionException: org.apache.ratis.thirdparty.io.grpc.StatusRuntimeException: UNAVAILABLE: io exception
	at java.util.concurrent.FutureTask.report(FutureTask.java:122)
	at java.util.concurrent.FutureTask.get(FutureTask.java:192)
	at org.apache.ratis.server.impl.LeaderElection.waitForResults(LeaderElection.java:263)
	at org.apache.ratis.server.impl.LeaderElection.askForVotes(LeaderElection.java:201)
	at org.apache.ratis.server.impl.LeaderElection.run(LeaderElection.java:133)
	at java.lang.Thread.run(Thread.java:748)
Caused by: org.apache.ratis.thirdparty.io.grpc.StatusRuntimeException: UNAVAILABLE: io exception
	at org.apache.ratis.thirdparty.io.grpc.stub.ClientCalls.toStatusRuntimeException(ClientCalls.java:233)
	at org.apache.ratis.thirdparty.io.grpc.stub.ClientCalls.getUnchecked(ClientCalls.java:214)
	at org.apache.ratis.thirdparty.io.grpc.stub.ClientCalls.blockingUnaryCall(ClientCalls.java:139)
	at org.apache.ratis.proto.grpc.RaftServerProtocolServiceGrpc$RaftServerProtocolServiceBlockingStub.requestVote(RaftServerProtocolServiceGrpc.java:265)
	at org.apache.ratis.grpc.server.GrpcServerProtocolClient.requestVote(GrpcServerProtocolClient.java:90)
	at org.apache.ratis.grpc.server.GrpcService.requestVote(GrpcService.java:204)
	at org.apache.ratis.server.impl.LeaderElection.lambda$submitRequests$1(LeaderElection.java:238)
	at java.util.concurrent.FutureTask.run(FutureTask.java:266)
	at java.util.concurrent.Executors$RunnableAdapter.call(Executors.java:511)
	at java.util.concurrent.FutureTask.run(FutureTask.java:266)
	at java.util.concurrent.ThreadPoolExecutor.runWorker(ThreadPoolExecutor.java:1149)
	at java.util.concurrent.ThreadPoolExecutor$Worker.run(ThreadPoolExecutor.java:624)
	... 1 more
Caused by: org.apache.ratis.thirdparty.io.netty.channel.AbstractChannel$AnnotatedConnectException: Connection refused: /192.168.36.83:41045
	at sun.nio.ch.SocketChannelImpl.checkConnect(Native Method)
	at sun.nio.ch.SocketChannelImpl.finishConnect(SocketChannelImpl.java:717)
	at org.apache.ratis.thirdparty.io.netty.channel.socket.nio.NioSocketChannel.doFinishConnect(NioSocketChannel.java:327)
	at org.apache.ratis.thirdparty.io.netty.channel.nio.AbstractNioChannel$AbstractNioUnsafe.finishConnect(AbstractNioChannel.java:340)
	at org.apache.ratis.thirdparty.io.netty.channel.nio.NioEventLoop.processSelectedKey(NioEventLoop.java:632)
	at org.apache.ratis.thirdparty.io.netty.channel.nio.NioEventLoop.processSelectedKeysOptimized(NioEventLoop.java:579)
	at org.apache.ratis.thirdparty.io.netty.channel.nio.NioEventLoop.processSelectedKeys(NioEventLoop.java:496)
	at org.apache.ratis.thirdparty.io.netty.channel.nio.NioEventLoop.run(NioEventLoop.java:458)
	at org.apache.ratis.thirdparty.io.netty.util.concurrent.SingleThreadEventExecutor$5.run(SingleThreadEventExecutor.java:897)
	at org.apache.ratis.thirdparty.io.netty.util.concurrent.FastThreadLocalRunnable.run(FastThreadLocalRunnable.java:30)
	... 1 more
Caused by: java.net.ConnectException: Connection refused
	... 11 more
2019-09-05 11:07:34,750 [6cb8c19f-8595-423c-829a-79f04dbd8de3@group-69654C14B0FF:LeaderElection104] INFO  impl.LeaderElection (LogUtils.java:infoOrTrace(149)) -   Exception 0: {}
java.util.concurrent.ExecutionException: org.apache.ratis.thirdparty.io.grpc.StatusRuntimeException: UNAVAILABLE: io exception
	at java.util.concurrent.FutureTask.report(FutureTask.java:122)
	at java.util.concurrent.FutureTask.get(FutureTask.java:192)
	at org.apache.ratis.server.impl.LeaderElection.waitForResults(LeaderElection.java:263)
	at org.apache.ratis.server.impl.LeaderElection.askForVotes(LeaderElection.java:201)
	at org.apache.ratis.server.impl.LeaderElection.run(LeaderElection.java:133)
	at java.lang.Thread.run(Thread.java:748)
Caused by: org.apache.ratis.thirdparty.io.grpc.StatusRuntimeException: UNAVAILABLE: io exception
	at org.apache.ratis.thirdparty.io.grpc.stub.ClientCalls.toStatusRuntimeException(ClientCalls.java:233)
	at org.apache.ratis.thirdparty.io.grpc.stub.ClientCalls.getUnchecked(ClientCalls.java:214)
	at org.apache.ratis.thirdparty.io.grpc.stub.ClientCalls.blockingUnaryCall(ClientCalls.java:139)
	at org.apache.ratis.proto.grpc.RaftServerProtocolServiceGrpc$RaftServerProtocolServiceBlockingStub.requestVote(RaftServerProtocolServiceGrpc.java:265)
	at org.apache.ratis.grpc.server.GrpcServerProtocolClient.requestVote(GrpcServerProtocolClient.java:90)
	at org.apache.ratis.grpc.server.GrpcService.requestVote(GrpcService.java:204)
	at org.apache.ratis.server.impl.LeaderElection.lambda$submitRequests$1(LeaderElection.java:238)
	at java.util.concurrent.FutureTask.run(FutureTask.java:266)
	at java.util.concurrent.Executors$RunnableAdapter.call(Executors.java:511)
	at java.util.concurrent.FutureTask.run(FutureTask.java:266)
	at java.util.concurrent.ThreadPoolExecutor.runWorker(ThreadPoolExecutor.java:1149)
	at java.util.concurrent.ThreadPoolExecutor$Worker.run(ThreadPoolExecutor.java:624)
	... 1 more
Caused by: org.apache.ratis.thirdparty.io.netty.channel.AbstractChannel$AnnotatedConnectException: Connection refused: /192.168.36.83:41045
	at sun.nio.ch.SocketChannelImpl.checkConnect(Native Method)
	at sun.nio.ch.SocketChannelImpl.finishConnect(SocketChannelImpl.java:717)
	at org.apache.ratis.thirdparty.io.netty.channel.socket.nio.NioSocketChannel.doFinishConnect(NioSocketChannel.java:327)
	at org.apache.ratis.thirdparty.io.netty.channel.nio.AbstractNioChannel$AbstractNioUnsafe.finishConnect(AbstractNioChannel.java:340)
	at org.apache.ratis.thirdparty.io.netty.channel.nio.NioEventLoop.processSelectedKey(NioEventLoop.java:632)
	at org.apache.ratis.thirdparty.io.netty.channel.nio.NioEventLoop.processSelectedKeysOptimized(NioEventLoop.java:579)
	at org.apache.ratis.thirdparty.io.netty.channel.nio.NioEventLoop.processSelectedKeys(NioEventLoop.java:496)
	at org.apache.ratis.thirdparty.io.netty.channel.nio.NioEventLoop.run(NioEventLoop.java:458)
	at org.apache.ratis.thirdparty.io.netty.util.concurrent.SingleThreadEventExecutor$5.run(SingleThreadEventExecutor.java:897)
	at org.apache.ratis.thirdparty.io.netty.util.concurrent.FastThreadLocalRunnable.run(FastThreadLocalRunnable.java:30)
	... 1 more
Caused by: java.net.ConnectException: Connection refused
	... 11 more
2019-09-05 11:07:34,755 [89f16946-17a7-47cd-87e0-140db9ee23a2@group-69654C14B0FF:LeaderElection105] INFO  impl.RaftServerImpl (RaftServerImpl.java:setRole(174)) - 89f16946-17a7-47cd-87e0-140db9ee23a2@group-69654C14B0FF: changes role from CANDIDATE to FOLLOWER at term 13 for DISCOVERED_A_NEW_TERM
2019-09-05 11:07:34,756 [6cb8c19f-8595-423c-829a-79f04dbd8de3@group-69654C14B0FF:LeaderElection104] INFO  impl.RaftServerImpl (RaftServerImpl.java:setRole(174)) - 6cb8c19f-8595-423c-829a-79f04dbd8de3@group-69654C14B0FF: changes role from CANDIDATE to FOLLOWER at term 13 for DISCOVERED_A_NEW_TERM
2019-09-05 11:07:34,756 [89f16946-17a7-47cd-87e0-140db9ee23a2@group-69654C14B0FF:LeaderElection105] INFO  impl.RoleInfo (RoleInfo.java:shutdownLeaderElection(134)) - 89f16946-17a7-47cd-87e0-140db9ee23a2: shutdown LeaderElection
2019-09-05 11:07:34,756 [6cb8c19f-8595-423c-829a-79f04dbd8de3@group-69654C14B0FF:LeaderElection104] INFO  impl.RoleInfo (RoleInfo.java:shutdownLeaderElection(134)) - 6cb8c19f-8595-423c-829a-79f04dbd8de3: shutdown LeaderElection
2019-09-05 11:07:34,756 [89f16946-17a7-47cd-87e0-140db9ee23a2@group-69654C14B0FF:LeaderElection105] INFO  impl.RoleInfo (RoleInfo.java:updateAndGet(143)) - 89f16946-17a7-47cd-87e0-140db9ee23a2: start FollowerState
2019-09-05 11:07:34,756 [6cb8c19f-8595-423c-829a-79f04dbd8de3@group-69654C14B0FF:LeaderElection104] INFO  impl.RoleInfo (RoleInfo.java:updateAndGet(143)) - 6cb8c19f-8595-423c-829a-79f04dbd8de3: start FollowerState
2019-09-05 11:07:34,938 [grpc-default-executor-9] INFO  client.GrpcClientProtocolClient (GrpcClientProtocolClient.java:onNext(264)) - client-ADF75DF0F9D1->6cb8c19f-8595-423c-829a-79f04dbd8de3: receive RaftClientReply:client-ADF75DF0F9D1->6cb8c19f-8595-423c-829a-79f04dbd8de3@group-69654C14B0FF, cid=165, FAILED org.apache.ratis.protocol.NotLeaderException: Server 6cb8c19f-8595-423c-829a-79f04dbd8de3@group-69654C14B0FF is not the leader, logIndex=0, commits[6cb8c19f-8595-423c-829a-79f04dbd8de3:c15, 54fad45f-1182-4a0a-b101-60c94ba267c1:c15, 89f16946-17a7-47cd-87e0-140db9ee23a2:c15]
2019-09-05 11:07:36,958 [grpc-default-executor-1] INFO  client.GrpcClientProtocolClient (GrpcClientProtocolClient.java:onNext(264)) - client-ADF75DF0F9D1->6cb8c19f-8595-423c-829a-79f04dbd8de3: receive RaftClientReply:client-ADF75DF0F9D1->6cb8c19f-8595-423c-829a-79f04dbd8de3@group-69654C14B0FF, cid=165, FAILED org.apache.ratis.protocol.NotLeaderException: Server 6cb8c19f-8595-423c-829a-79f04dbd8de3@group-69654C14B0FF is not the leader, logIndex=0, commits[6cb8c19f-8595-423c-829a-79f04dbd8de3:c15, 54fad45f-1182-4a0a-b101-60c94ba267c1:c15, 89f16946-17a7-47cd-87e0-140db9ee23a2:c15]
2019-09-05 11:07:37,968 [grpc-default-executor-1] INFO  client.GrpcClientProtocolClient (GrpcClientProtocolClient.java:onNext(264)) - client-ADF75DF0F9D1->89f16946-17a7-47cd-87e0-140db9ee23a2: receive RaftClientReply:client-ADF75DF0F9D1->89f16946-17a7-47cd-87e0-140db9ee23a2@group-69654C14B0FF, cid=165, FAILED org.apache.ratis.protocol.NotLeaderException: Server 89f16946-17a7-47cd-87e0-140db9ee23a2@group-69654C14B0FF is not the leader, logIndex=0, commits[89f16946-17a7-47cd-87e0-140db9ee23a2:c15, 6cb8c19f-8595-423c-829a-79f04dbd8de3:c15, 54fad45f-1182-4a0a-b101-60c94ba267c1:c15]
2019-09-05 11:07:39,807 [Thread-3341] INFO  impl.FollowerState (FollowerState.java:run(106)) - 6cb8c19f-8595-423c-829a-79f04dbd8de3:group-69654C14B0FF changes to CANDIDATE, lastRpcTime:5050, electionTimeout:5050ms
2019-09-05 11:07:39,810 [Thread-3341] INFO  impl.RoleInfo (RoleInfo.java:shutdownFollowerState(121)) - 6cb8c19f-8595-423c-829a-79f04dbd8de3: shutdown FollowerState
2019-09-05 11:07:39,810 [Thread-3341] INFO  impl.RaftServerImpl (RaftServerImpl.java:setRole(174)) - 6cb8c19f-8595-423c-829a-79f04dbd8de3@group-69654C14B0FF: changes role from  FOLLOWER to CANDIDATE at term 13 for changeToCandidate
2019-09-05 11:07:39,811 [Thread-3341] INFO  impl.RoleInfo (RoleInfo.java:updateAndGet(143)) - 6cb8c19f-8595-423c-829a-79f04dbd8de3: start LeaderElection
2019-09-05 11:07:39,874 [6cb8c19f-8595-423c-829a-79f04dbd8de3@group-69654C14B0FF:LeaderElection106] INFO  impl.LeaderElection (LeaderElection.java:askForVotes(182)) - 6cb8c19f-8595-423c-829a-79f04dbd8de3@group-69654C14B0FF:LeaderElection106: begin an election at term 14 for 0: [6cb8c19f-8595-423c-829a-79f04dbd8de3:192.168.36.83:38750, 54fad45f-1182-4a0a-b101-60c94ba267c1:192.168.36.83:41045, 89f16946-17a7-47cd-87e0-140db9ee23a2:192.168.36.83:33461], old=null
2019-09-05 11:07:39,878 [6cb8c19f-8595-423c-829a-79f04dbd8de3@group-69654C14B0FF:LeaderElection106] INFO  impl.LeaderElection (LogUtils.java:infoOrTrace(149)) - 6cb8c19f-8595-423c-829a-79f04dbd8de3@group-69654C14B0FF:LeaderElection106 got exception when requesting votes: {}
java.util.concurrent.ExecutionException: org.apache.ratis.thirdparty.io.grpc.StatusRuntimeException: UNAVAILABLE: io exception
	at java.util.concurrent.FutureTask.report(FutureTask.java:122)
	at java.util.concurrent.FutureTask.get(FutureTask.java:192)
	at org.apache.ratis.server.impl.LeaderElection.waitForResults(LeaderElection.java:263)
	at org.apache.ratis.server.impl.LeaderElection.askForVotes(LeaderElection.java:201)
	at org.apache.ratis.server.impl.LeaderElection.run(LeaderElection.java:133)
	at java.lang.Thread.run(Thread.java:748)
Caused by: org.apache.ratis.thirdparty.io.grpc.StatusRuntimeException: UNAVAILABLE: io exception
	at org.apache.ratis.thirdparty.io.grpc.stub.ClientCalls.toStatusRuntimeException(ClientCalls.java:233)
	at org.apache.ratis.thirdparty.io.grpc.stub.ClientCalls.getUnchecked(ClientCalls.java:214)
	at org.apache.ratis.thirdparty.io.grpc.stub.ClientCalls.blockingUnaryCall(ClientCalls.java:139)
	at org.apache.ratis.proto.grpc.RaftServerProtocolServiceGrpc$RaftServerProtocolServiceBlockingStub.requestVote(RaftServerProtocolServiceGrpc.java:265)
	at org.apache.ratis.grpc.server.GrpcServerProtocolClient.requestVote(GrpcServerProtocolClient.java:90)
	at org.apache.ratis.grpc.server.GrpcService.requestVote(GrpcService.java:204)
	at org.apache.ratis.server.impl.LeaderElection.lambda$submitRequests$1(LeaderElection.java:238)
	at java.util.concurrent.FutureTask.run(FutureTask.java:266)
	at java.util.concurrent.Executors$RunnableAdapter.call(Executors.java:511)
	at java.util.concurrent.FutureTask.run(FutureTask.java:266)
	at java.util.concurrent.ThreadPoolExecutor.runWorker(ThreadPoolExecutor.java:1149)
	at java.util.concurrent.ThreadPoolExecutor$Worker.run(ThreadPoolExecutor.java:624)
	... 1 more
Caused by: org.apache.ratis.thirdparty.io.netty.channel.AbstractChannel$AnnotatedConnectException: Connection refused: /192.168.36.83:41045
	at sun.nio.ch.SocketChannelImpl.checkConnect(Native Method)
	at sun.nio.ch.SocketChannelImpl.finishConnect(SocketChannelImpl.java:717)
	at org.apache.ratis.thirdparty.io.netty.channel.socket.nio.NioSocketChannel.doFinishConnect(NioSocketChannel.java:327)
	at org.apache.ratis.thirdparty.io.netty.channel.nio.AbstractNioChannel$AbstractNioUnsafe.finishConnect(AbstractNioChannel.java:340)
	at org.apache.ratis.thirdparty.io.netty.channel.nio.NioEventLoop.processSelectedKey(NioEventLoop.java:632)
	at org.apache.ratis.thirdparty.io.netty.channel.nio.NioEventLoop.processSelectedKeysOptimized(NioEventLoop.java:579)
	at org.apache.ratis.thirdparty.io.netty.channel.nio.NioEventLoop.processSelectedKeys(NioEventLoop.java:496)
	at org.apache.ratis.thirdparty.io.netty.channel.nio.NioEventLoop.run(NioEventLoop.java:458)
	at org.apache.ratis.thirdparty.io.netty.util.concurrent.SingleThreadEventExecutor$5.run(SingleThreadEventExecutor.java:897)
	at org.apache.ratis.thirdparty.io.netty.util.concurrent.FastThreadLocalRunnable.run(FastThreadLocalRunnable.java:30)
	... 1 more
Caused by: java.net.ConnectException: Connection refused
	... 11 more
2019-09-05 11:07:39,881 [grpc-default-executor-10] INFO  impl.RaftServerImpl (RaftServerImpl.java:setRole(174)) - 89f16946-17a7-47cd-87e0-140db9ee23a2@group-69654C14B0FF: changes role from  FOLLOWER to FOLLOWER at term 14 for recognizeCandidate:6cb8c19f-8595-423c-829a-79f04dbd8de3
2019-09-05 11:07:39,882 [grpc-default-executor-10] INFO  impl.RoleInfo (RoleInfo.java:shutdownFollowerState(121)) - 89f16946-17a7-47cd-87e0-140db9ee23a2: shutdown FollowerState
2019-09-05 11:07:39,882 [grpc-default-executor-10] INFO  impl.RoleInfo (RoleInfo.java:updateAndGet(143)) - 89f16946-17a7-47cd-87e0-140db9ee23a2: start FollowerState
2019-09-05 11:07:39,882 [Thread-3340] INFO  impl.FollowerState (FollowerState.java:run(115)) - 89f16946-17a7-47cd-87e0-140db9ee23a2: FollowerState was interrupted: java.lang.InterruptedException: sleep interrupted
2019-09-05 11:07:39,928 [6cb8c19f-8595-423c-829a-79f04dbd8de3@group-69654C14B0FF:LeaderElection106] INFO  impl.LeaderElection (LeaderElection.java:logAndReturn(56)) - 6cb8c19f-8595-423c-829a-79f04dbd8de3@group-69654C14B0FF:LeaderElection106: Election PASSED; received 1 response(s) [6cb8c19f-8595-423c-829a-79f04dbd8de3<-89f16946-17a7-47cd-87e0-140db9ee23a2#0:OK-t14] and 1 exception(s); 6cb8c19f-8595-423c-829a-79f04dbd8de3@group-69654C14B0FF:t14, leader=null, voted=6cb8c19f-8595-423c-829a-79f04dbd8de3, raftlog=6cb8c19f-8595-423c-829a-79f04dbd8de3@group-69654C14B0FF-SegmentedRaftLog:OPENED:c15,f15,i15, conf=0: [6cb8c19f-8595-423c-829a-79f04dbd8de3:192.168.36.83:38750, 54fad45f-1182-4a0a-b101-60c94ba267c1:192.168.36.83:41045, 89f16946-17a7-47cd-87e0-140db9ee23a2:192.168.36.83:33461], old=null
2019-09-05 11:07:39,928 [6cb8c19f-8595-423c-829a-79f04dbd8de3@group-69654C14B0FF:LeaderElection106] INFO  impl.LeaderElection (LogUtils.java:infoOrTrace(149)) -   Exception 0: {}
java.util.concurrent.ExecutionException: org.apache.ratis.thirdparty.io.grpc.StatusRuntimeException: UNAVAILABLE: io exception
	at java.util.concurrent.FutureTask.report(FutureTask.java:122)
	at java.util.concurrent.FutureTask.get(FutureTask.java:192)
	at org.apache.ratis.server.impl.LeaderElection.waitForResults(LeaderElection.java:263)
	at org.apache.ratis.server.impl.LeaderElection.askForVotes(LeaderElection.java:201)
	at org.apache.ratis.server.impl.LeaderElection.run(LeaderElection.java:133)
	at java.lang.Thread.run(Thread.java:748)
Caused by: org.apache.ratis.thirdparty.io.grpc.StatusRuntimeException: UNAVAILABLE: io exception
	at org.apache.ratis.thirdparty.io.grpc.stub.ClientCalls.toStatusRuntimeException(ClientCalls.java:233)
	at org.apache.ratis.thirdparty.io.grpc.stub.ClientCalls.getUnchecked(ClientCalls.java:214)
	at org.apache.ratis.thirdparty.io.grpc.stub.ClientCalls.blockingUnaryCall(ClientCalls.java:139)
	at org.apache.ratis.proto.grpc.RaftServerProtocolServiceGrpc$RaftServerProtocolServiceBlockingStub.requestVote(RaftServerProtocolServiceGrpc.java:265)
	at org.apache.ratis.grpc.server.GrpcServerProtocolClient.requestVote(GrpcServerProtocolClient.java:90)
	at org.apache.ratis.grpc.server.GrpcService.requestVote(GrpcService.java:204)
	at org.apache.ratis.server.impl.LeaderElection.lambda$submitRequests$1(LeaderElection.java:238)
	at java.util.concurrent.FutureTask.run(FutureTask.java:266)
	at java.util.concurrent.Executors$RunnableAdapter.call(Executors.java:511)
	at java.util.concurrent.FutureTask.run(FutureTask.java:266)
	at java.util.concurrent.ThreadPoolExecutor.runWorker(ThreadPoolExecutor.java:1149)
	at java.util.concurrent.ThreadPoolExecutor$Worker.run(ThreadPoolExecutor.java:624)
	... 1 more
Caused by: org.apache.ratis.thirdparty.io.netty.channel.AbstractChannel$AnnotatedConnectException: Connection refused: /192.168.36.83:41045
	at sun.nio.ch.SocketChannelImpl.checkConnect(Native Method)
	at sun.nio.ch.SocketChannelImpl.finishConnect(SocketChannelImpl.java:717)
	at org.apache.ratis.thirdparty.io.netty.channel.socket.nio.NioSocketChannel.doFinishConnect(NioSocketChannel.java:327)
	at org.apache.ratis.thirdparty.io.netty.channel.nio.AbstractNioChannel$AbstractNioUnsafe.finishConnect(AbstractNioChannel.java:340)
	at org.apache.ratis.thirdparty.io.netty.channel.nio.NioEventLoop.processSelectedKey(NioEventLoop.java:632)
	at org.apache.ratis.thirdparty.io.netty.channel.nio.NioEventLoop.processSelectedKeysOptimized(NioEventLoop.java:579)
	at org.apache.ratis.thirdparty.io.netty.channel.nio.NioEventLoop.processSelectedKeys(NioEventLoop.java:496)
	at org.apache.ratis.thirdparty.io.netty.channel.nio.NioEventLoop.run(NioEventLoop.java:458)
	at org.apache.ratis.thirdparty.io.netty.util.concurrent.SingleThreadEventExecutor$5.run(SingleThreadEventExecutor.java:897)
	at org.apache.ratis.thirdparty.io.netty.util.concurrent.FastThreadLocalRunnable.run(FastThreadLocalRunnable.java:30)
	... 1 more
Caused by: java.net.ConnectException: Connection refused
	... 11 more
2019-09-05 11:07:39,929 [6cb8c19f-8595-423c-829a-79f04dbd8de3@group-69654C14B0FF:LeaderElection106] INFO  impl.RoleInfo (RoleInfo.java:shutdownLeaderElection(134)) - 6cb8c19f-8595-423c-829a-79f04dbd8de3: shutdown LeaderElection
2019-09-05 11:07:39,929 [6cb8c19f-8595-423c-829a-79f04dbd8de3@group-69654C14B0FF:LeaderElection106] INFO  impl.RaftServerImpl (RaftServerImpl.java:setRole(174)) - 6cb8c19f-8595-423c-829a-79f04dbd8de3@group-69654C14B0FF: changes role from CANDIDATE to LEADER at term 14 for changeToLeader
2019-09-05 11:07:39,929 [6cb8c19f-8595-423c-829a-79f04dbd8de3@group-69654C14B0FF:LeaderElection106] INFO  impl.RaftServerImpl (ServerState.java:setLeader(253)) - 6cb8c19f-8595-423c-829a-79f04dbd8de3@group-69654C14B0FF: change Leader from null to 6cb8c19f-8595-423c-829a-79f04dbd8de3 at term 14 for becomeLeader, leader elected after 44753ms
2019-09-05 11:07:39,929 [6cb8c19f-8595-423c-829a-79f04dbd8de3@group-69654C14B0FF:LeaderElection106] INFO  server.RaftServerConfigKeys (ConfUtils.java:logGet(43)) - raft.server.staging.catchup.gap = 1000 (default)
2019-09-05 11:07:39,930 [6cb8c19f-8595-423c-829a-79f04dbd8de3@group-69654C14B0FF:LeaderElection106] INFO  server.RaftServerConfigKeys (ConfUtils.java:logGet(43)) - raft.server.rpc.sleep.time = 25ms (default)
2019-09-05 11:07:39,930 [6cb8c19f-8595-423c-829a-79f04dbd8de3@group-69654C14B0FF:LeaderElection106] INFO  server.RaftServerConfigKeys (ConfUtils.java:logGet(43)) - raft.server.write.element-limit = 4096 (default)
2019-09-05 11:07:39,930 [6cb8c19f-8595-423c-829a-79f04dbd8de3@group-69654C14B0FF:LeaderElection106] INFO  server.RaftServerConfigKeys (ConfUtils.java:logGet(43)) - raft.server.watch.timeout = 10s (default)
2019-09-05 11:07:39,930 [6cb8c19f-8595-423c-829a-79f04dbd8de3@group-69654C14B0FF:LeaderElection106] INFO  server.RaftServerConfigKeys (ConfUtils.java:logGet(43)) - raft.server.watch.timeout.denomination = 1s (default)
2019-09-05 11:07:39,930 [6cb8c19f-8595-423c-829a-79f04dbd8de3@group-69654C14B0FF:LeaderElection106] INFO  server.RaftServerConfigKeys (ConfUtils.java:logGet(43)) - raft.server.watch.element-limit = 65536 (default)
2019-09-05 11:07:39,934 [6cb8c19f-8595-423c-829a-79f04dbd8de3@group-69654C14B0FF:LeaderElection106] INFO  server.RaftServerConfigKeys (ConfUtils.java:logGet(43)) - raft.server.log.appender.snapshot.chunk.size.max = 16MB (=16777216) (default)
2019-09-05 11:07:39,934 [6cb8c19f-8595-423c-829a-79f04dbd8de3@group-69654C14B0FF:LeaderElection106] INFO  server.RaftServerConfigKeys (ConfUtils.java:logGet(43)) - raft.server.log.appender.buffer.byte-limit = 33554432 (custom)
2019-09-05 11:07:39,934 [6cb8c19f-8595-423c-829a-79f04dbd8de3@group-69654C14B0FF:LeaderElection106] INFO  server.RaftServerConfigKeys (ConfUtils.java:logGet(43)) - raft.server.log.appender.buffer.element-limit = 1 (custom)
2019-09-05 11:07:39,935 [6cb8c19f-8595-423c-829a-79f04dbd8de3@group-69654C14B0FF:LeaderElection106] INFO  grpc.GrpcConfigKeys$Server (ConfUtils.java:logGet(43)) - raft.grpc.server.leader.outstanding.appends.max = 128 (default)
2019-09-05 11:07:39,935 [6cb8c19f-8595-423c-829a-79f04dbd8de3@group-69654C14B0FF:LeaderElection106] INFO  server.RaftServerConfigKeys (ConfUtils.java:logGet(43)) - raft.server.rpc.request.timeout = 3000ms (default)
2019-09-05 11:07:39,935 [6cb8c19f-8595-423c-829a-79f04dbd8de3@group-69654C14B0FF:LeaderElection106] INFO  server.RaftServerConfigKeys (ConfUtils.java:logGet(43)) - raft.server.log.appender.install.snapshot.enabled = false (custom)
2019-09-05 11:07:39,936 [6cb8c19f-8595-423c-829a-79f04dbd8de3@group-69654C14B0FF:LeaderElection106] INFO  server.RaftServerConfigKeys (ConfUtils.java:logGet(43)) - raft.server.log.appender.snapshot.chunk.size.max = 16MB (=16777216) (default)
2019-09-05 11:07:39,936 [6cb8c19f-8595-423c-829a-79f04dbd8de3@group-69654C14B0FF:LeaderElection106] INFO  server.RaftServerConfigKeys (ConfUtils.java:logGet(43)) - raft.server.log.appender.buffer.byte-limit = 33554432 (custom)
2019-09-05 11:07:39,936 [6cb8c19f-8595-423c-829a-79f04dbd8de3@group-69654C14B0FF:LeaderElection106] INFO  server.RaftServerConfigKeys (ConfUtils.java:logGet(43)) - raft.server.log.appender.buffer.element-limit = 1 (custom)
2019-09-05 11:07:39,936 [6cb8c19f-8595-423c-829a-79f04dbd8de3@group-69654C14B0FF:LeaderElection106] INFO  grpc.GrpcConfigKeys$Server (ConfUtils.java:logGet(43)) - raft.grpc.server.leader.outstanding.appends.max = 128 (default)
2019-09-05 11:07:39,936 [6cb8c19f-8595-423c-829a-79f04dbd8de3@group-69654C14B0FF:LeaderElection106] INFO  server.RaftServerConfigKeys (ConfUtils.java:logGet(43)) - raft.server.rpc.request.timeout = 3000ms (default)
2019-09-05 11:07:39,937 [6cb8c19f-8595-423c-829a-79f04dbd8de3@group-69654C14B0FF:LeaderElection106] INFO  server.RaftServerConfigKeys (ConfUtils.java:logGet(43)) - raft.server.log.appender.install.snapshot.enabled = false (custom)
2019-09-05 11:07:39,937 [6cb8c19f-8595-423c-829a-79f04dbd8de3@group-69654C14B0FF:LeaderElection106] INFO  impl.RoleInfo (RoleInfo.java:updateAndGet(143)) - 6cb8c19f-8595-423c-829a-79f04dbd8de3: start LeaderState
2019-09-05 11:07:39,937 [6cb8c19f-8595-423c-829a-79f04dbd8de3@group-69654C14B0FF:LeaderElection106] INFO  segmented.SegmentedRaftLogWorker (SegmentedRaftLogWorker.java:rollLogSegment(385)) - 6cb8c19f-8595-423c-829a-79f04dbd8de3@group-69654C14B0FF-SegmentedRaftLogWorker: Rolling segment log-0_15 to index:15
2019-09-05 11:07:39,938 [6cb8c19f-8595-423c-829a-79f04dbd8de3@group-69654C14B0FF:LeaderElection106] INFO  impl.RaftServerImpl (ServerState.java:setRaftConf(354)) - 6cb8c19f-8595-423c-829a-79f04dbd8de3@group-69654C14B0FF: set configuration 16: [6cb8c19f-8595-423c-829a-79f04dbd8de3:192.168.36.83:38750, 54fad45f-1182-4a0a-b101-60c94ba267c1:192.168.36.83:41045, 89f16946-17a7-47cd-87e0-140db9ee23a2:192.168.36.83:33461], old=null at 16
2019-09-05 11:07:39,939 [6cb8c19f-8595-423c-829a-79f04dbd8de3@group-69654C14B0FF-SegmentedRaftLogWorker] INFO  segmented.SegmentedRaftLogWorker (SegmentedRaftLogWorker.java:execute(526)) - 6cb8c19f-8595-423c-829a-79f04dbd8de3@group-69654C14B0FF-SegmentedRaftLogWorker: Rolled log segment from /workdir/hadoop-ozone/integration-test/target/test-dir/MiniOzoneClusterImpl-06581d8d-c2e4-4d94-a862-518568baa486/datanode-1/data/ratis/d968c93c-9d88-466d-afc1-69654c14b0ff/current/log_inprogress_0 to /workdir/hadoop-ozone/integration-test/target/test-dir/MiniOzoneClusterImpl-06581d8d-c2e4-4d94-a862-518568baa486/datanode-1/data/ratis/d968c93c-9d88-466d-afc1-69654c14b0ff/current/log_0-15
2019-09-05 11:07:39,942 [grpc-default-executor-10] WARN  server.GrpcLogAppender (LogUtils.java:warn(134)) - 6cb8c19f-8595-423c-829a-79f04dbd8de3@group-69654C14B0FF->54fad45f-1182-4a0a-b101-60c94ba267c1-AppendLogResponseHandler: Failed appendEntries: org.apache.ratis.thirdparty.io.grpc.StatusRuntimeException: UNAVAILABLE: io exception
2019-09-05 11:07:39,943 [grpc-default-executor-10] INFO  impl.FollowerInfo (FollowerInfo.java:lambda$new$0(51)) - 6cb8c19f-8595-423c-829a-79f04dbd8de3@group-69654C14B0FF->54fad45f-1182-4a0a-b101-60c94ba267c1: nextIndex: updateUnconditionally 16 -> 1
2019-09-05 11:07:39,943 [grpc-default-executor-1] INFO  impl.RaftServerImpl (ServerState.java:setLeader(253)) - 89f16946-17a7-47cd-87e0-140db9ee23a2@group-69654C14B0FF: change Leader from null to 6cb8c19f-8595-423c-829a-79f04dbd8de3 at term 14 for appendEntries, leader elected after 44767ms
2019-09-05 11:07:39,984 [grpc-default-executor-1] INFO  impl.RaftServerImpl (ServerState.java:setRaftConf(354)) - 89f16946-17a7-47cd-87e0-140db9ee23a2@group-69654C14B0FF: set configuration 16: [6cb8c19f-8595-423c-829a-79f04dbd8de3:192.168.36.83:38750, 54fad45f-1182-4a0a-b101-60c94ba267c1:192.168.36.83:41045, 89f16946-17a7-47cd-87e0-140db9ee23a2:192.168.36.83:33461], old=null at 16
2019-09-05 11:07:39,984 [grpc-default-executor-1] INFO  segmented.SegmentedRaftLogWorker (SegmentedRaftLogWorker.java:rollLogSegment(385)) - 89f16946-17a7-47cd-87e0-140db9ee23a2@group-69654C14B0FF-SegmentedRaftLogWorker: Rolling segment log-0_15 to index:15
2019-09-05 11:07:39,987 [89f16946-17a7-47cd-87e0-140db9ee23a2@group-69654C14B0FF-SegmentedRaftLogWorker] INFO  segmented.SegmentedRaftLogWorker (SegmentedRaftLogWorker.java:execute(526)) - 89f16946-17a7-47cd-87e0-140db9ee23a2@group-69654C14B0FF-SegmentedRaftLogWorker: Rolled log segment from /workdir/hadoop-ozone/integration-test/target/test-dir/MiniOzoneClusterImpl-06581d8d-c2e4-4d94-a862-518568baa486/datanode-2/data/ratis/d968c93c-9d88-466d-afc1-69654c14b0ff/current/log_inprogress_0 to /workdir/hadoop-ozone/integration-test/target/test-dir/MiniOzoneClusterImpl-06581d8d-c2e4-4d94-a862-518568baa486/datanode-2/data/ratis/d968c93c-9d88-466d-afc1-69654c14b0ff/current/log_0-15
2019-09-05 11:07:39,987 [grpc-default-executor-1] INFO  client.GrpcClientProtocolClient (GrpcClientProtocolClient.java:onNext(264)) - client-ADF75DF0F9D1->89f16946-17a7-47cd-87e0-140db9ee23a2: receive RaftClientReply:client-ADF75DF0F9D1->89f16946-17a7-47cd-87e0-140db9ee23a2@group-69654C14B0FF, cid=165, FAILED org.apache.ratis.protocol.NotLeaderException: Server 89f16946-17a7-47cd-87e0-140db9ee23a2@group-69654C14B0FF is not the leader 6cb8c19f-8595-423c-829a-79f04dbd8de3:192.168.36.83:38750, logIndex=0, commits[89f16946-17a7-47cd-87e0-140db9ee23a2:c15, 6cb8c19f-8595-423c-829a-79f04dbd8de3:c15, 54fad45f-1182-4a0a-b101-60c94ba267c1:c15]
2019-09-05 11:07:40,036 [grpc-default-executor-9] INFO  client.GrpcClientProtocolClient (GrpcClientProtocolClient.java:onNext(264)) - client-ADF75DF0F9D1->6cb8c19f-8595-423c-829a-79f04dbd8de3: receive RaftClientReply:client-ADF75DF0F9D1->6cb8c19f-8595-423c-829a-79f04dbd8de3@group-69654C14B0FF, cid=165, FAILED org.apache.ratis.protocol.LeaderNotReadyException: 6cb8c19f-8595-423c-829a-79f04dbd8de3@group-69654C14B0FF is in LEADER state but not ready yet., logIndex=0, commits[6cb8c19f-8595-423c-829a-79f04dbd8de3:c15, 54fad45f-1182-4a0a-b101-60c94ba267c1:c15, 89f16946-17a7-47cd-87e0-140db9ee23a2:c15]
2019-09-05 11:07:40,048 [6cb8c19f-8595-423c-829a-79f04dbd8de3@group-69654C14B0FF-SegmentedRaftLogWorker] INFO  segmented.SegmentedRaftLogWorker (SegmentedRaftLogWorker.java:execute(569)) - 6cb8c19f-8595-423c-829a-79f04dbd8de3@group-69654C14B0FF-SegmentedRaftLogWorker: created new log segment /workdir/hadoop-ozone/integration-test/target/test-dir/MiniOzoneClusterImpl-06581d8d-c2e4-4d94-a862-518568baa486/datanode-1/data/ratis/d968c93c-9d88-466d-afc1-69654c14b0ff/current/log_inprogress_16
2019-09-05 11:07:40,048 [89f16946-17a7-47cd-87e0-140db9ee23a2@group-69654C14B0FF-SegmentedRaftLogWorker] INFO  segmented.SegmentedRaftLogWorker (SegmentedRaftLogWorker.java:execute(569)) - 89f16946-17a7-47cd-87e0-140db9ee23a2@group-69654C14B0FF-SegmentedRaftLogWorker: created new log segment /workdir/hadoop-ozone/integration-test/target/test-dir/MiniOzoneClusterImpl-06581d8d-c2e4-4d94-a862-518568baa486/datanode-2/data/ratis/d968c93c-9d88-466d-afc1-69654c14b0ff/current/log_inprogress_16
2019-09-05 11:07:40,091 [grpc-default-executor-10] WARN  server.GrpcLogAppender (LogUtils.java:warn(134)) - 6cb8c19f-8595-423c-829a-79f04dbd8de3@group-69654C14B0FF->54fad45f-1182-4a0a-b101-60c94ba267c1-AppendLogResponseHandler: Failed appendEntries: org.apache.ratis.thirdparty.io.grpc.StatusRuntimeException: UNAVAILABLE: io exception
2019-09-05 11:07:40,091 [grpc-default-executor-10] INFO  impl.FollowerInfo (FollowerInfo.java:lambda$new$0(51)) - 6cb8c19f-8595-423c-829a-79f04dbd8de3@group-69654C14B0FF->54fad45f-1182-4a0a-b101-60c94ba267c1: nextIndex: updateUnconditionally 2 -> 1
2019-09-05 11:07:40,110 [grpc-default-executor-9] WARN  server.GrpcLogAppender (LogUtils.java:warn(134)) - 6cb8c19f-8595-423c-829a-79f04dbd8de3@group-69654C14B0FF->54fad45f-1182-4a0a-b101-60c94ba267c1-AppendLogResponseHandler: Failed appendEntries: org.apache.ratis.thirdparty.io.grpc.StatusRuntimeException: UNAVAILABLE: io exception
2019-09-05 11:07:40,110 [grpc-default-executor-9] INFO  impl.FollowerInfo (FollowerInfo.java:lambda$new$0(51)) - 6cb8c19f-8595-423c-829a-79f04dbd8de3@group-69654C14B0FF->54fad45f-1182-4a0a-b101-60c94ba267c1: nextIndex: updateUnconditionally 2 -> 1
11:07:42.042 [grpc-default-executor-10] ERROR DNAudit - user=null | ip=null | op=WRITE_CHUNK {blockData=conID: 1 locID: 102739579559804942 bcsId: 13} | ret=FAILURE
org.apache.hadoop.hdds.scm.container.common.helpers.ContainerNotOpenException: Container 1 in CLOSING state
	at org.apache.hadoop.ozone.container.common.impl.HddsDispatcher.validateContainerCommand(HddsDispatcher.java:408) ~[hadoop-hdds-container-service-0.5.0-SNAPSHOT.jar:?]
	at org.apache.hadoop.ozone.container.common.transport.server.ratis.ContainerStateMachine.startTransaction(ContainerStateMachine.java:315) ~[hadoop-hdds-container-service-0.5.0-SNAPSHOT.jar:?]
	at org.apache.ratis.server.impl.RaftServerImpl.submitClientRequestAsync(RaftServerImpl.java:573) ~[ratis-server-0.4.0-78e95b9-SNAPSHOT.jar:0.4.0-78e95b9-SNAPSHOT]
	at org.apache.ratis.server.impl.RaftServerProxy.lambda$submitClientRequestAsync$7(RaftServerProxy.java:333) ~[ratis-server-0.4.0-78e95b9-SNAPSHOT.jar:0.4.0-78e95b9-SNAPSHOT]
	at org.apache.ratis.server.impl.RaftServerProxy.lambda$null$5(RaftServerProxy.java:328) ~[ratis-server-0.4.0-78e95b9-SNAPSHOT.jar:0.4.0-78e95b9-SNAPSHOT]
	at org.apache.ratis.util.JavaUtils.callAsUnchecked(JavaUtils.java:109) ~[ratis-common-0.4.0-78e95b9-SNAPSHOT.jar:0.4.0-78e95b9-SNAPSHOT]
	at org.apache.ratis.server.impl.RaftServerProxy.lambda$submitRequest$6(RaftServerProxy.java:328) ~[ratis-server-0.4.0-78e95b9-SNAPSHOT.jar:0.4.0-78e95b9-SNAPSHOT]
	at java.util.concurrent.CompletableFuture.uniComposeStage(CompletableFuture.java:981) ~[?:1.8.0_212]
	at java.util.concurrent.CompletableFuture.thenCompose(CompletableFuture.java:2124) ~[?:1.8.0_212]
	at org.apache.ratis.server.impl.RaftServerProxy.submitRequest(RaftServerProxy.java:327) ~[ratis-server-0.4.0-78e95b9-SNAPSHOT.jar:0.4.0-78e95b9-SNAPSHOT]
	at org.apache.ratis.server.impl.RaftServerProxy.submitClientRequestAsync(RaftServerProxy.java:333) ~[ratis-server-0.4.0-78e95b9-SNAPSHOT.jar:0.4.0-78e95b9-SNAPSHOT]
	at org.apache.ratis.grpc.client.GrpcClientProtocolService$RequestStreamObserver.processClientRequest(GrpcClientProtocolService.java:220) ~[ratis-grpc-0.4.0-78e95b9-SNAPSHOT.jar:0.4.0-78e95b9-SNAPSHOT]
	at org.apache.ratis.grpc.client.GrpcClientProtocolService$OrderedRequestStreamObserver.processClientRequest(GrpcClientProtocolService.java:326) ~[ratis-grpc-0.4.0-78e95b9-SNAPSHOT.jar:0.4.0-78e95b9-SNAPSHOT]
	at org.apache.ratis.util.SlidingWindow$Server.processRequestsFromHead(SlidingWindow.java:429) [ratis-common-0.4.0-78e95b9-SNAPSHOT.jar:0.4.0-78e95b9-SNAPSHOT]
	at org.apache.ratis.util.SlidingWindow$Server.receivedRequest(SlidingWindow.java:421) [ratis-common-0.4.0-78e95b9-SNAPSHOT.jar:0.4.0-78e95b9-SNAPSHOT]
	at org.apache.ratis.grpc.client.GrpcClientProtocolService$OrderedRequestStreamObserver.processClientRequest(GrpcClientProtocolService.java:345) [ratis-grpc-0.4.0-78e95b9-SNAPSHOT.jar:0.4.0-78e95b9-SNAPSHOT]
	at org.apache.ratis.grpc.client.GrpcClientProtocolService$RequestStreamObserver.onNext(GrpcClientProtocolService.java:240) [ratis-grpc-0.4.0-78e95b9-SNAPSHOT.jar:0.4.0-78e95b9-SNAPSHOT]
	at org.apache.ratis.grpc.client.GrpcClientProtocolService$RequestStreamObserver.onNext(GrpcClientProtocolService.java:168) [ratis-grpc-0.4.0-78e95b9-SNAPSHOT.jar:0.4.0-78e95b9-SNAPSHOT]
	at org.apache.ratis.thirdparty.io.grpc.stub.ServerCalls$StreamingServerCallHandler$StreamingServerCallListener.onMessage(ServerCalls.java:248) [ratis-thirdparty-misc-0.2.0.jar:0.2.0]
	at org.apache.ratis.thirdparty.io.grpc.internal.ServerCallImpl$ServerStreamListenerImpl.messagesAvailable(ServerCallImpl.java:263) [ratis-thirdparty-misc-0.2.0.jar:0.2.0]
	at org.apache.ratis.thirdparty.io.grpc.internal.ServerImpl$JumpToApplicationThreadServerStreamListener$1MessagesAvailable.runInContext(ServerImpl.java:686) [ratis-thirdparty-misc-0.2.0.jar:0.2.0]
	at org.apache.ratis.thirdparty.io.grpc.internal.ContextRunnable.run(ContextRunnable.java:37) [ratis-thirdparty-misc-0.2.0.jar:0.2.0]
	at org.apache.ratis.thirdparty.io.grpc.internal.SerializingExecutor.run(SerializingExecutor.java:123) [ratis-thirdparty-misc-0.2.0.jar:0.2.0]
	at java.util.concurrent.ThreadPoolExecutor.runWorker(ThreadPoolExecutor.java:1149) [?:1.8.0_212]
	at java.util.concurrent.ThreadPoolExecutor$Worker.run(ThreadPoolExecutor.java:624) [?:1.8.0_212]
	at java.lang.Thread.run(Thread.java:748) [?:1.8.0_212]
2019-09-05 11:07:42,056 [grpc-default-executor-10] INFO  client.GrpcClientProtocolClient (GrpcClientProtocolClient.java:onNext(264)) - client-ADF75DF0F9D1->6cb8c19f-8595-423c-829a-79f04dbd8de3: receive RaftClientReply:client-ADF75DF0F9D1->6cb8c19f-8595-423c-829a-79f04dbd8de3@group-69654C14B0FF, cid=165, FAILED org.apache.ratis.protocol.StateMachineException: org.apache.hadoop.hdds.scm.container.common.helpers.ContainerNotOpenException from Server 6cb8c19f-8595-423c-829a-79f04dbd8de3@group-69654C14B0FF: Container 1 in CLOSING state, logIndex=0, commits[6cb8c19f-8595-423c-829a-79f04dbd8de3:c17, 54fad45f-1182-4a0a-b101-60c94ba267c1:c15, 89f16946-17a7-47cd-87e0-140db9ee23a2:c16]
11:07:42.057 [grpc-default-executor-10] ERROR DNAudit - user=null | ip=null | op=WRITE_CHUNK {blockData=conID: 1 locID: 102739579559804942 bcsId: 13} | ret=FAILURE
org.apache.hadoop.hdds.scm.container.common.helpers.ContainerNotOpenException: Container 1 in CLOSING state
	at org.apache.hadoop.ozone.container.common.impl.HddsDispatcher.validateContainerCommand(HddsDispatcher.java:408) ~[hadoop-hdds-container-service-0.5.0-SNAPSHOT.jar:?]
	at org.apache.hadoop.ozone.container.common.transport.server.ratis.ContainerStateMachine.startTransaction(ContainerStateMachine.java:315) ~[hadoop-hdds-container-service-0.5.0-SNAPSHOT.jar:?]
	at org.apache.ratis.server.impl.RaftServerImpl.submitClientRequestAsync(RaftServerImpl.java:573) ~[ratis-server-0.4.0-78e95b9-SNAPSHOT.jar:0.4.0-78e95b9-SNAPSHOT]
	at org.apache.ratis.server.impl.RaftServerProxy.lambda$submitClientRequestAsync$7(RaftServerProxy.java:333) ~[ratis-server-0.4.0-78e95b9-SNAPSHOT.jar:0.4.0-78e95b9-SNAPSHOT]
	at org.apache.ratis.server.impl.RaftServerProxy.lambda$null$5(RaftServerProxy.java:328) ~[ratis-server-0.4.0-78e95b9-SNAPSHOT.jar:0.4.0-78e95b9-SNAPSHOT]
	at org.apache.ratis.util.JavaUtils.callAsUnchecked(JavaUtils.java:109) ~[ratis-common-0.4.0-78e95b9-SNAPSHOT.jar:0.4.0-78e95b9-SNAPSHOT]
	at org.apache.ratis.server.impl.RaftServerProxy.lambda$submitRequest$6(RaftServerProxy.java:328) ~[ratis-server-0.4.0-78e95b9-SNAPSHOT.jar:0.4.0-78e95b9-SNAPSHOT]
	at java.util.concurrent.CompletableFuture.uniComposeStage(CompletableFuture.java:981) ~[?:1.8.0_212]
	at java.util.concurrent.CompletableFuture.thenCompose(CompletableFuture.java:2124) ~[?:1.8.0_212]
	at org.apache.ratis.server.impl.RaftServerProxy.submitRequest(RaftServerProxy.java:327) ~[ratis-server-0.4.0-78e95b9-SNAPSHOT.jar:0.4.0-78e95b9-SNAPSHOT]
	at org.apache.ratis.server.impl.RaftServerProxy.submitClientRequestAsync(RaftServerProxy.java:333) ~[ratis-server-0.4.0-78e95b9-SNAPSHOT.jar:0.4.0-78e95b9-SNAPSHOT]
	at org.apache.ratis.grpc.client.GrpcClientProtocolService$RequestStreamObserver.processClientRequest(GrpcClientProtocolService.java:220) ~[ratis-grpc-0.4.0-78e95b9-SNAPSHOT.jar:0.4.0-78e95b9-SNAPSHOT]
	at org.apache.ratis.grpc.client.GrpcClientProtocolService$OrderedRequestStreamObserver.processClientRequest(GrpcClientProtocolService.java:326) ~[ratis-grpc-0.4.0-78e95b9-SNAPSHOT.jar:0.4.0-78e95b9-SNAPSHOT]
	at org.apache.ratis.util.SlidingWindow$Server.processRequestsFromHead(SlidingWindow.java:429) [ratis-common-0.4.0-78e95b9-SNAPSHOT.jar:0.4.0-78e95b9-SNAPSHOT]
	at org.apache.ratis.util.SlidingWindow$Server.receivedRequest(SlidingWindow.java:421) [ratis-common-0.4.0-78e95b9-SNAPSHOT.jar:0.4.0-78e95b9-SNAPSHOT]
	at org.apache.ratis.grpc.client.GrpcClientProtocolService$OrderedRequestStreamObserver.processClientRequest(GrpcClientProtocolService.java:345) [ratis-grpc-0.4.0-78e95b9-SNAPSHOT.jar:0.4.0-78e95b9-SNAPSHOT]
	at org.apache.ratis.grpc.client.GrpcClientProtocolService$RequestStreamObserver.onNext(GrpcClientProtocolService.java:240) [ratis-grpc-0.4.0-78e95b9-SNAPSHOT.jar:0.4.0-78e95b9-SNAPSHOT]
	at org.apache.ratis.grpc.client.GrpcClientProtocolService$RequestStreamObserver.onNext(GrpcClientProtocolService.java:168) [ratis-grpc-0.4.0-78e95b9-SNAPSHOT.jar:0.4.0-78e95b9-SNAPSHOT]
	at org.apache.ratis.thirdparty.io.grpc.stub.ServerCalls$StreamingServerCallHandler$StreamingServerCallListener.onMessage(ServerCalls.java:248) [ratis-thirdparty-misc-0.2.0.jar:0.2.0]
	at org.apache.ratis.thirdparty.io.grpc.internal.ServerCallImpl$ServerStreamListenerImpl.messagesAvailable(ServerCallImpl.java:263) [ratis-thirdparty-misc-0.2.0.jar:0.2.0]
	at org.apache.ratis.thirdparty.io.grpc.internal.ServerImpl$JumpToApplicationThreadServerStreamListener$1MessagesAvailable.runInContext(ServerImpl.java:686) [ratis-thirdparty-misc-0.2.0.jar:0.2.0]
	at org.apache.ratis.thirdparty.io.grpc.internal.ContextRunnable.run(ContextRunnable.java:37) [ratis-thirdparty-misc-0.2.0.jar:0.2.0]
	at org.apache.ratis.thirdparty.io.grpc.internal.SerializingExecutor.run(SerializingExecutor.java:123) [ratis-thirdparty-misc-0.2.0.jar:0.2.0]
	at java.util.concurrent.ThreadPoolExecutor.runWorker(ThreadPoolExecutor.java:1149) [?:1.8.0_212]
	at java.util.concurrent.ThreadPoolExecutor$Worker.run(ThreadPoolExecutor.java:624) [?:1.8.0_212]
	at java.lang.Thread.run(Thread.java:748) [?:1.8.0_212]
11:07:42.064 [grpc-default-executor-10] ERROR DNAudit - user=null | ip=null | op=PUT_BLOCK {blockData=[blockId=conID: 1 locID: 102739579559804942 bcsId: 0,size=650]} | ret=FAILURE
org.apache.hadoop.hdds.scm.container.common.helpers.ContainerNotOpenException: Container 1 in CLOSING state
	at org.apache.hadoop.ozone.container.common.impl.HddsDispatcher.validateContainerCommand(HddsDispatcher.java:408) ~[hadoop-hdds-container-service-0.5.0-SNAPSHOT.jar:?]
	at org.apache.hadoop.ozone.container.common.transport.server.ratis.ContainerStateMachine.startTransaction(ContainerStateMachine.java:315) ~[hadoop-hdds-container-service-0.5.0-SNAPSHOT.jar:?]
	at org.apache.ratis.server.impl.RaftServerImpl.submitClientRequestAsync(RaftServerImpl.java:573) ~[ratis-server-0.4.0-78e95b9-SNAPSHOT.jar:0.4.0-78e95b9-SNAPSHOT]
	at org.apache.ratis.server.impl.RaftServerProxy.lambda$submitClientRequestAsync$7(RaftServerProxy.java:333) ~[ratis-server-0.4.0-78e95b9-SNAPSHOT.jar:0.4.0-78e95b9-SNAPSHOT]
	at org.apache.ratis.server.impl.RaftServerProxy.lambda$null$5(RaftServerProxy.java:328) ~[ratis-server-0.4.0-78e95b9-SNAPSHOT.jar:0.4.0-78e95b9-SNAPSHOT]
	at org.apache.ratis.util.JavaUtils.callAsUnchecked(JavaUtils.java:109) ~[ratis-common-0.4.0-78e95b9-SNAPSHOT.jar:0.4.0-78e95b9-SNAPSHOT]
	at org.apache.ratis.server.impl.RaftServerProxy.lambda$submitRequest$6(RaftServerProxy.java:328) ~[ratis-server-0.4.0-78e95b9-SNAPSHOT.jar:0.4.0-78e95b9-SNAPSHOT]
	at java.util.concurrent.CompletableFuture.uniComposeStage(CompletableFuture.java:981) ~[?:1.8.0_212]
	at java.util.concurrent.CompletableFuture.thenCompose(CompletableFuture.java:2124) ~[?:1.8.0_212]
	at org.apache.ratis.server.impl.RaftServerProxy.submitRequest(RaftServerProxy.java:327) ~[ratis-server-0.4.0-78e95b9-SNAPSHOT.jar:0.4.0-78e95b9-SNAPSHOT]
	at org.apache.ratis.server.impl.RaftServerProxy.submitClientRequestAsync(RaftServerProxy.java:333) ~[ratis-server-0.4.0-78e95b9-SNAPSHOT.jar:0.4.0-78e95b9-SNAPSHOT]
	at org.apache.ratis.grpc.client.GrpcClientProtocolService$RequestStreamObserver.processClientRequest(GrpcClientProtocolService.java:220) ~[ratis-grpc-0.4.0-78e95b9-SNAPSHOT.jar:0.4.0-78e95b9-SNAPSHOT]
	at org.apache.ratis.grpc.client.GrpcClientProtocolService$OrderedRequestStreamObserver.processClientRequest(GrpcClientProtocolService.java:326) ~[ratis-grpc-0.4.0-78e95b9-SNAPSHOT.jar:0.4.0-78e95b9-SNAPSHOT]
	at org.apache.ratis.util.SlidingWindow$Server.processRequestsFromHead(SlidingWindow.java:429) [ratis-common-0.4.0-78e95b9-SNAPSHOT.jar:0.4.0-78e95b9-SNAPSHOT]
	at org.apache.ratis.util.SlidingWindow$Server.receivedRequest(SlidingWindow.java:421) [ratis-common-0.4.0-78e95b9-SNAPSHOT.jar:0.4.0-78e95b9-SNAPSHOT]
	at org.apache.ratis.grpc.client.GrpcClientProtocolService$OrderedRequestStreamObserver.processClientRequest(GrpcClientProtocolService.java:345) [ratis-grpc-0.4.0-78e95b9-SNAPSHOT.jar:0.4.0-78e95b9-SNAPSHOT]
	at org.apache.ratis.grpc.client.GrpcClientProtocolService$RequestStreamObserver.onNext(GrpcClientProtocolService.java:240) [ratis-grpc-0.4.0-78e95b9-SNAPSHOT.jar:0.4.0-78e95b9-SNAPSHOT]
	at org.apache.ratis.grpc.client.GrpcClientProtocolService$RequestStreamObserver.onNext(GrpcClientProtocolService.java:168) [ratis-grpc-0.4.0-78e95b9-SNAPSHOT.jar:0.4.0-78e95b9-SNAPSHOT]
	at org.apache.ratis.thirdparty.io.grpc.stub.ServerCalls$StreamingServerCallHandler$StreamingServerCallListener.onMessage(ServerCalls.java:248) [ratis-thirdparty-misc-0.2.0.jar:0.2.0]
	at org.apache.ratis.thirdparty.io.grpc.internal.ServerCallImpl$ServerStreamListenerImpl.messagesAvailable(ServerCallImpl.java:263) [ratis-thirdparty-misc-0.2.0.jar:0.2.0]
	at org.apache.ratis.thirdparty.io.grpc.internal.ServerImpl$JumpToApplicationThreadServerStreamListener$1MessagesAvailable.runInContext(ServerImpl.java:686) [ratis-thirdparty-misc-0.2.0.jar:0.2.0]
	at org.apache.ratis.thirdparty.io.grpc.internal.ContextRunnable.run(ContextRunnable.java:37) [ratis-thirdparty-misc-0.2.0.jar:0.2.0]
	at org.apache.ratis.thirdparty.io.grpc.internal.SerializingExecutor.run(SerializingExecutor.java:123) [ratis-thirdparty-misc-0.2.0.jar:0.2.0]
	at java.util.concurrent.ThreadPoolExecutor.runWorker(ThreadPoolExecutor.java:1149) [?:1.8.0_212]
	at java.util.concurrent.ThreadPoolExecutor$Worker.run(ThreadPoolExecutor.java:624) [?:1.8.0_212]
	at java.lang.Thread.run(Thread.java:748) [?:1.8.0_212]
2019-09-05 11:07:42,065 [grpc-default-executor-9] INFO  client.GrpcClientProtocolClient (GrpcClientProtocolClient.java:onNext(264)) - client-ADF75DF0F9D1->6cb8c19f-8595-423c-829a-79f04dbd8de3: receive RaftClientReply:client-ADF75DF0F9D1->6cb8c19f-8595-423c-829a-79f04dbd8de3@group-69654C14B0FF, cid=166, FAILED org.apache.ratis.protocol.StateMachineException: org.apache.hadoop.hdds.scm.container.common.helpers.ContainerNotOpenException from Server 6cb8c19f-8595-423c-829a-79f04dbd8de3@group-69654C14B0FF: Container 1 in CLOSING state, logIndex=0, commits[6cb8c19f-8595-423c-829a-79f04dbd8de3:c17, 54fad45f-1182-4a0a-b101-60c94ba267c1:c15, 89f16946-17a7-47cd-87e0-140db9ee23a2:c16]
11:07:42.073 [grpc-default-executor-9] ERROR DNAudit - user=null | ip=null | op=WRITE_CHUNK {blockData=conID: 1 locID: 102739579559804942 bcsId: 13} | ret=FAILURE
org.apache.hadoop.hdds.scm.container.common.helpers.ContainerNotOpenException: Container 1 in CLOSING state
	at org.apache.hadoop.ozone.container.common.impl.HddsDispatcher.validateContainerCommand(HddsDispatcher.java:408) ~[hadoop-hdds-container-service-0.5.0-SNAPSHOT.jar:?]
	at org.apache.hadoop.ozone.container.common.transport.server.ratis.ContainerStateMachine.startTransaction(ContainerStateMachine.java:315) ~[hadoop-hdds-container-service-0.5.0-SNAPSHOT.jar:?]
	at org.apache.ratis.server.impl.RaftServerImpl.submitClientRequestAsync(RaftServerImpl.java:573) ~[ratis-server-0.4.0-78e95b9-SNAPSHOT.jar:0.4.0-78e95b9-SNAPSHOT]
	at org.apache.ratis.server.impl.RaftServerProxy.lambda$submitClientRequestAsync$7(RaftServerProxy.java:333) ~[ratis-server-0.4.0-78e95b9-SNAPSHOT.jar:0.4.0-78e95b9-SNAPSHOT]
	at org.apache.ratis.server.impl.RaftServerProxy.lambda$null$5(RaftServerProxy.java:328) ~[ratis-server-0.4.0-78e95b9-SNAPSHOT.jar:0.4.0-78e95b9-SNAPSHOT]
	at org.apache.ratis.util.JavaUtils.callAsUnchecked(JavaUtils.java:109) ~[ratis-common-0.4.0-78e95b9-SNAPSHOT.jar:0.4.0-78e95b9-SNAPSHOT]
	at org.apache.ratis.server.impl.RaftServerProxy.lambda$submitRequest$6(RaftServerProxy.java:328) ~[ratis-server-0.4.0-78e95b9-SNAPSHOT.jar:0.4.0-78e95b9-SNAPSHOT]
	at java.util.concurrent.CompletableFuture.uniComposeStage(CompletableFuture.java:981) ~[?:1.8.0_212]
	at java.util.concurrent.CompletableFuture.thenCompose(CompletableFuture.java:2124) ~[?:1.8.0_212]
	at org.apache.ratis.server.impl.RaftServerProxy.submitRequest(RaftServerProxy.java:327) ~[ratis-server-0.4.0-78e95b9-SNAPSHOT.jar:0.4.0-78e95b9-SNAPSHOT]
	at org.apache.ratis.server.impl.RaftServerProxy.submitClientRequestAsync(RaftServerProxy.java:333) ~[ratis-server-0.4.0-78e95b9-SNAPSHOT.jar:0.4.0-78e95b9-SNAPSHOT]
	at org.apache.ratis.grpc.client.GrpcClientProtocolService$RequestStreamObserver.processClientRequest(GrpcClientProtocolService.java:220) ~[ratis-grpc-0.4.0-78e95b9-SNAPSHOT.jar:0.4.0-78e95b9-SNAPSHOT]
	at org.apache.ratis.grpc.client.GrpcClientProtocolService$OrderedRequestStreamObserver.processClientRequest(GrpcClientProtocolService.java:326) ~[ratis-grpc-0.4.0-78e95b9-SNAPSHOT.jar:0.4.0-78e95b9-SNAPSHOT]
	at org.apache.ratis.util.SlidingWindow$Server.processRequestsFromHead(SlidingWindow.java:429) [ratis-common-0.4.0-78e95b9-SNAPSHOT.jar:0.4.0-78e95b9-SNAPSHOT]
	at org.apache.ratis.util.SlidingWindow$Server.receivedRequest(SlidingWindow.java:421) [ratis-common-0.4.0-78e95b9-SNAPSHOT.jar:0.4.0-78e95b9-SNAPSHOT]
	at org.apache.ratis.grpc.client.GrpcClientProtocolService$OrderedRequestStreamObserver.processClientRequest(GrpcClientProtocolService.java:345) [ratis-grpc-0.4.0-78e95b9-SNAPSHOT.jar:0.4.0-78e95b9-SNAPSHOT]
	at org.apache.ratis.grpc.client.GrpcClientProtocolService$RequestStreamObserver.onNext(GrpcClientProtocolService.java:240) [ratis-grpc-0.4.0-78e95b9-SNAPSHOT.jar:0.4.0-78e95b9-SNAPSHOT]
	at org.apache.ratis.grpc.client.GrpcClientProtocolService$RequestStreamObserver.onNext(GrpcClientProtocolService.java:168) [ratis-grpc-0.4.0-78e95b9-SNAPSHOT.jar:0.4.0-78e95b9-SNAPSHOT]
	at org.apache.ratis.thirdparty.io.grpc.stub.ServerCalls$StreamingServerCallHandler$StreamingServerCallListener.onMessage(ServerCalls.java:248) [ratis-thirdparty-misc-0.2.0.jar:0.2.0]
	at org.apache.ratis.thirdparty.io.grpc.internal.ServerCallImpl$ServerStreamListenerImpl.messagesAvailable(ServerCallImpl.java:263) [ratis-thirdparty-misc-0.2.0.jar:0.2.0]
	at org.apache.ratis.thirdparty.io.grpc.internal.ServerImpl$JumpToApplicationThreadServerStreamListener$1MessagesAvailable.runInContext(ServerImpl.java:686) [ratis-thirdparty-misc-0.2.0.jar:0.2.0]
	at org.apache.ratis.thirdparty.io.grpc.internal.ContextRunnable.run(ContextRunnable.java:37) [ratis-thirdparty-misc-0.2.0.jar:0.2.0]
	at org.apache.ratis.thirdparty.io.grpc.internal.SerializingExecutor.run(SerializingExecutor.java:123) [ratis-thirdparty-misc-0.2.0.jar:0.2.0]
	at java.util.concurrent.ThreadPoolExecutor.runWorker(ThreadPoolExecutor.java:1149) [?:1.8.0_212]
	at java.util.concurrent.ThreadPoolExecutor$Worker.run(ThreadPoolExecutor.java:624) [?:1.8.0_212]
	at java.lang.Thread.run(Thread.java:748) [?:1.8.0_212]
2019-09-05 11:07:42,074 [grpc-default-executor-10] INFO  client.GrpcClientProtocolClient (GrpcClientProtocolClient.java:onNext(264)) - client-ADF75DF0F9D1->6cb8c19f-8595-423c-829a-79f04dbd8de3: receive RaftClientReply:client-ADF75DF0F9D1->6cb8c19f-8595-423c-829a-79f04dbd8de3@group-69654C14B0FF, cid=167, FAILED org.apache.ratis.protocol.StateMachineException: org.apache.hadoop.hdds.scm.container.common.helpers.ContainerNotOpenException from Server 6cb8c19f-8595-423c-829a-79f04dbd8de3@group-69654C14B0FF: Container 1 in CLOSING state, logIndex=0, commits[6cb8c19f-8595-423c-829a-79f04dbd8de3:c17, 54fad45f-1182-4a0a-b101-60c94ba267c1:c15, 89f16946-17a7-47cd-87e0-140db9ee23a2:c16]
11:07:42.074 [grpc-default-executor-9] ERROR DNAudit - user=null | ip=null | op=WRITE_CHUNK {blockData=conID: 1 locID: 102739579559804942 bcsId: 13} | ret=FAILURE
org.apache.hadoop.hdds.scm.container.common.helpers.ContainerNotOpenException: Container 1 in CLOSING state
	at org.apache.hadoop.ozone.container.common.impl.HddsDispatcher.validateContainerCommand(HddsDispatcher.java:408) ~[hadoop-hdds-container-service-0.5.0-SNAPSHOT.jar:?]
	at org.apache.hadoop.ozone.container.common.transport.server.ratis.ContainerStateMachine.startTransaction(ContainerStateMachine.java:315) ~[hadoop-hdds-container-service-0.5.0-SNAPSHOT.jar:?]
	at org.apache.ratis.server.impl.RaftServerImpl.submitClientRequestAsync(RaftServerImpl.java:573) ~[ratis-server-0.4.0-78e95b9-SNAPSHOT.jar:0.4.0-78e95b9-SNAPSHOT]
	at org.apache.ratis.server.impl.RaftServerProxy.lambda$submitClientRequestAsync$7(RaftServerProxy.java:333) ~[ratis-server-0.4.0-78e95b9-SNAPSHOT.jar:0.4.0-78e95b9-SNAPSHOT]
	at org.apache.ratis.server.impl.RaftServerProxy.lambda$null$5(RaftServerProxy.java:328) ~[ratis-server-0.4.0-78e95b9-SNAPSHOT.jar:0.4.0-78e95b9-SNAPSHOT]
	at org.apache.ratis.util.JavaUtils.callAsUnchecked(JavaUtils.java:109) ~[ratis-common-0.4.0-78e95b9-SNAPSHOT.jar:0.4.0-78e95b9-SNAPSHOT]
	at org.apache.ratis.server.impl.RaftServerProxy.lambda$submitRequest$6(RaftServerProxy.java:328) ~[ratis-server-0.4.0-78e95b9-SNAPSHOT.jar:0.4.0-78e95b9-SNAPSHOT]
	at java.util.concurrent.CompletableFuture.uniComposeStage(CompletableFuture.java:981) ~[?:1.8.0_212]
	at java.util.concurrent.CompletableFuture.thenCompose(CompletableFuture.java:2124) ~[?:1.8.0_212]
	at org.apache.ratis.server.impl.RaftServerProxy.submitRequest(RaftServerProxy.java:327) ~[ratis-server-0.4.0-78e95b9-SNAPSHOT.jar:0.4.0-78e95b9-SNAPSHOT]
	at org.apache.ratis.server.impl.RaftServerProxy.submitClientRequestAsync(RaftServerProxy.java:333) ~[ratis-server-0.4.0-78e95b9-SNAPSHOT.jar:0.4.0-78e95b9-SNAPSHOT]
	at org.apache.ratis.grpc.client.GrpcClientProtocolService$RequestStreamObserver.processClientRequest(GrpcClientProtocolService.java:220) ~[ratis-grpc-0.4.0-78e95b9-SNAPSHOT.jar:0.4.0-78e95b9-SNAPSHOT]
	at org.apache.ratis.grpc.client.GrpcClientProtocolService$OrderedRequestStreamObserver.processClientRequest(GrpcClientProtocolService.java:326) ~[ratis-grpc-0.4.0-78e95b9-SNAPSHOT.jar:0.4.0-78e95b9-SNAPSHOT]
	at org.apache.ratis.util.SlidingWindow$Server.processRequestsFromHead(SlidingWindow.java:429) [ratis-common-0.4.0-78e95b9-SNAPSHOT.jar:0.4.0-78e95b9-SNAPSHOT]
	at org.apache.ratis.util.SlidingWindow$Server.receivedRequest(SlidingWindow.java:421) [ratis-common-0.4.0-78e95b9-SNAPSHOT.jar:0.4.0-78e95b9-SNAPSHOT]
	at org.apache.ratis.grpc.client.GrpcClientProtocolService$OrderedRequestStreamObserver.processClientRequest(GrpcClientProtocolService.java:345) [ratis-grpc-0.4.0-78e95b9-SNAPSHOT.jar:0.4.0-78e95b9-SNAPSHOT]
	at org.apache.ratis.grpc.client.GrpcClientProtocolService$RequestStreamObserver.onNext(GrpcClientProtocolService.java:240) [ratis-grpc-0.4.0-78e95b9-SNAPSHOT.jar:0.4.0-78e95b9-SNAPSHOT]
	at org.apache.ratis.grpc.client.GrpcClientProtocolService$RequestStreamObserver.onNext(GrpcClientProtocolService.java:168) [ratis-grpc-0.4.0-78e95b9-SNAPSHOT.jar:0.4.0-78e95b9-SNAPSHOT]
	at org.apache.ratis.thirdparty.io.grpc.stub.ServerCalls$StreamingServerCallHandler$StreamingServerCallListener.onMessage(ServerCalls.java:248) [ratis-thirdparty-misc-0.2.0.jar:0.2.0]
	at org.apache.ratis.thirdparty.io.grpc.internal.ServerCallImpl$ServerStreamListenerImpl.messagesAvailable(ServerCallImpl.java:263) [ratis-thirdparty-misc-0.2.0.jar:0.2.0]
	at org.apache.ratis.thirdparty.io.grpc.internal.ServerImpl$JumpToApplicationThreadServerStreamListener$1MessagesAvailable.runInContext(ServerImpl.java:686) [ratis-thirdparty-misc-0.2.0.jar:0.2.0]
	at org.apache.ratis.thirdparty.io.grpc.internal.ContextRunnable.run(ContextRunnable.java:37) [ratis-thirdparty-misc-0.2.0.jar:0.2.0]
	at org.apache.ratis.thirdparty.io.grpc.internal.SerializingExecutor.run(SerializingExecutor.java:123) [ratis-thirdparty-misc-0.2.0.jar:0.2.0]
	at java.util.concurrent.ThreadPoolExecutor.runWorker(ThreadPoolExecutor.java:1149) [?:1.8.0_212]
	at java.util.concurrent.ThreadPoolExecutor$Worker.run(ThreadPoolExecutor.java:624) [?:1.8.0_212]
	at java.lang.Thread.run(Thread.java:748) [?:1.8.0_212]
11:07:42.080 [grpc-default-executor-9] ERROR DNAudit - user=null | ip=null | op=PUT_BLOCK {blockData=[blockId=conID: 1 locID: 102739579559804942 bcsId: 0,size=800]} | ret=FAILURE
org.apache.hadoop.hdds.scm.container.common.helpers.ContainerNotOpenException: Container 1 in CLOSING state
	at org.apache.hadoop.ozone.container.common.impl.HddsDispatcher.validateContainerCommand(HddsDispatcher.java:408) ~[hadoop-hdds-container-service-0.5.0-SNAPSHOT.jar:?]
	at org.apache.hadoop.ozone.container.common.transport.server.ratis.ContainerStateMachine.startTransaction(ContainerStateMachine.java:315) ~[hadoop-hdds-container-service-0.5.0-SNAPSHOT.jar:?]
	at org.apache.ratis.server.impl.RaftServerImpl.submitClientRequestAsync(RaftServerImpl.java:573) ~[ratis-server-0.4.0-78e95b9-SNAPSHOT.jar:0.4.0-78e95b9-SNAPSHOT]
	at org.apache.ratis.server.impl.RaftServerProxy.lambda$submitClientRequestAsync$7(RaftServerProxy.java:333) ~[ratis-server-0.4.0-78e95b9-SNAPSHOT.jar:0.4.0-78e95b9-SNAPSHOT]
	at org.apache.ratis.server.impl.RaftServerProxy.lambda$null$5(RaftServerProxy.java:328) ~[ratis-server-0.4.0-78e95b9-SNAPSHOT.jar:0.4.0-78e95b9-SNAPSHOT]
	at org.apache.ratis.util.JavaUtils.callAsUnchecked(JavaUtils.java:109) ~[ratis-common-0.4.0-78e95b9-SNAPSHOT.jar:0.4.0-78e95b9-SNAPSHOT]
	at org.apache.ratis.server.impl.RaftServerProxy.lambda$submitRequest$6(RaftServerProxy.java:328) ~[ratis-server-0.4.0-78e95b9-SNAPSHOT.jar:0.4.0-78e95b9-SNAPSHOT]
	at java.util.concurrent.CompletableFuture.uniComposeStage(CompletableFuture.java:981) ~[?:1.8.0_212]
	at java.util.concurrent.CompletableFuture.thenCompose(CompletableFuture.java:2124) ~[?:1.8.0_212]
	at org.apache.ratis.server.impl.RaftServerProxy.submitRequest(RaftServerProxy.java:327) ~[ratis-server-0.4.0-78e95b9-SNAPSHOT.jar:0.4.0-78e95b9-SNAPSHOT]
	at org.apache.ratis.server.impl.RaftServerProxy.submitClientRequestAsync(RaftServerProxy.java:333) ~[ratis-server-0.4.0-78e95b9-SNAPSHOT.jar:0.4.0-78e95b9-SNAPSHOT]
	at org.apache.ratis.grpc.client.GrpcClientProtocolService$RequestStreamObserver.processClientRequest(GrpcClientProtocolService.java:220) ~[ratis-grpc-0.4.0-78e95b9-SNAPSHOT.jar:0.4.0-78e95b9-SNAPSHOT]
	at org.apache.ratis.grpc.client.GrpcClientProtocolService$OrderedRequestStreamObserver.processClientRequest(GrpcClientProtocolService.java:326) ~[ratis-grpc-0.4.0-78e95b9-SNAPSHOT.jar:0.4.0-78e95b9-SNAPSHOT]
	at org.apache.ratis.util.SlidingWindow$Server.processRequestsFromHead(SlidingWindow.java:429) [ratis-common-0.4.0-78e95b9-SNAPSHOT.jar:0.4.0-78e95b9-SNAPSHOT]
	at org.apache.ratis.util.SlidingWindow$Server.receivedRequest(SlidingWindow.java:421) [ratis-common-0.4.0-78e95b9-SNAPSHOT.jar:0.4.0-78e95b9-SNAPSHOT]
	at org.apache.ratis.grpc.client.GrpcClientProtocolService$OrderedRequestStreamObserver.processClientRequest(GrpcClientProtocolService.java:345) [ratis-grpc-0.4.0-78e95b9-SNAPSHOT.jar:0.4.0-78e95b9-SNAPSHOT]
	at org.apache.ratis.grpc.client.GrpcClientProtocolService$RequestStreamObserver.onNext(GrpcClientProtocolService.java:240) [ratis-grpc-0.4.0-78e95b9-SNAPSHOT.jar:0.4.0-78e95b9-SNAPSHOT]
	at org.apache.ratis.grpc.client.GrpcClientProtocolService$RequestStreamObserver.onNext(GrpcClientProtocolService.java:168) [ratis-grpc-0.4.0-78e95b9-SNAPSHOT.jar:0.4.0-78e95b9-SNAPSHOT]
	at org.apache.ratis.thirdparty.io.grpc.stub.ServerCalls$StreamingServerCallHandler$StreamingServerCallListener.onMessage(ServerCalls.java:248) [ratis-thirdparty-misc-0.2.0.jar:0.2.0]
	at org.apache.ratis.thirdparty.io.grpc.internal.ServerCallImpl$ServerStreamListenerImpl.messagesAvailable(ServerCallImpl.java:263) [ratis-thirdparty-misc-0.2.0.jar:0.2.0]
	at org.apache.ratis.thirdparty.io.grpc.internal.ServerImpl$JumpToApplicationThreadServerStreamListener$1MessagesAvailable.runInContext(ServerImpl.java:686) [ratis-thirdparty-misc-0.2.0.jar:0.2.0]
	at org.apache.ratis.thirdparty.io.grpc.internal.ContextRunnable.run(ContextRunnable.java:37) [ratis-thirdparty-misc-0.2.0.jar:0.2.0]
	at org.apache.ratis.thirdparty.io.grpc.internal.SerializingExecutor.run(SerializingExecutor.java:123) [ratis-thirdparty-misc-0.2.0.jar:0.2.0]
	at java.util.concurrent.ThreadPoolExecutor.runWorker(ThreadPoolExecutor.java:1149) [?:1.8.0_212]
	at java.util.concurrent.ThreadPoolExecutor$Worker.run(ThreadPoolExecutor.java:624) [?:1.8.0_212]
	at java.lang.Thread.run(Thread.java:748) [?:1.8.0_212]
2019-09-05 11:07:42,081 [grpc-default-executor-10] INFO  client.GrpcClientProtocolClient (GrpcClientProtocolClient.java:onNext(264)) - client-ADF75DF0F9D1->6cb8c19f-8595-423c-829a-79f04dbd8de3: receive RaftClientReply:client-ADF75DF0F9D1->6cb8c19f-8595-423c-829a-79f04dbd8de3@group-69654C14B0FF, cid=168, FAILED org.apache.ratis.protocol.StateMachineException: org.apache.hadoop.hdds.scm.container.common.helpers.ContainerNotOpenException from Server 6cb8c19f-8595-423c-829a-79f04dbd8de3@group-69654C14B0FF: Container 1 in CLOSING state, logIndex=0, commits[6cb8c19f-8595-423c-829a-79f04dbd8de3:c17, 54fad45f-1182-4a0a-b101-60c94ba267c1:c15, 89f16946-17a7-47cd-87e0-140db9ee23a2:c16]
2019-09-05 11:07:42,092 [grpc-default-executor-10] INFO  client.GrpcClientProtocolClient (GrpcClientProtocolClient.java:onNext(264)) - client-ADF75DF0F9D1->6cb8c19f-8595-423c-829a-79f04dbd8de3: receive RaftClientReply:client-ADF75DF0F9D1->6cb8c19f-8595-423c-829a-79f04dbd8de3@group-69654C14B0FF, cid=169, FAILED org.apache.ratis.protocol.StateMachineException: org.apache.hadoop.hdds.scm.container.common.helpers.ContainerNotOpenException from Server 6cb8c19f-8595-423c-829a-79f04dbd8de3@group-69654C14B0FF: Container 1 in CLOSING state, logIndex=0, commits[6cb8c19f-8595-423c-829a-79f04dbd8de3:c17, 54fad45f-1182-4a0a-b101-60c94ba267c1:c15, 89f16946-17a7-47cd-87e0-140db9ee23a2:c16]
2019-09-05 11:07:42,094 [grpc-default-executor-10] INFO  client.GrpcClientProtocolClient (GrpcClientProtocolClient.java:onNext(264)) - client-ADF75DF0F9D1->6cb8c19f-8595-423c-829a-79f04dbd8de3: receive RaftClientReply:client-ADF75DF0F9D1->6cb8c19f-8595-423c-829a-79f04dbd8de3@group-69654C14B0FF, cid=170, FAILED org.apache.ratis.protocol.StateMachineException: org.apache.hadoop.hdds.scm.container.common.helpers.ContainerNotOpenException from Server 6cb8c19f-8595-423c-829a-79f04dbd8de3@group-69654C14B0FF: Container 1 in CLOSING state, logIndex=0, commits[6cb8c19f-8595-423c-829a-79f04dbd8de3:c17, 54fad45f-1182-4a0a-b101-60c94ba267c1:c15, 89f16946-17a7-47cd-87e0-140db9ee23a2:c16]
2019-09-05 11:07:42,139 [grpc-default-executor-10] INFO  client.GrpcClientProtocolClient (GrpcClientProtocolClient.java:onNext(264)) - client-717851854B68->91f1ec4b-d07c-4bfe-85d9-e7c7373ee128: receive RaftClientReply:client-717851854B68->91f1ec4b-d07c-4bfe-85d9-e7c7373ee128@group-A05EB53D3152, cid=171, FAILED org.apache.ratis.protocol.NotLeaderException: Server 91f1ec4b-d07c-4bfe-85d9-e7c7373ee128@group-A05EB53D3152 is not the leader e3a08138-bcbc-4acb-87dc-f1195608ab57:192.168.36.83:36559, logIndex=0, commits[91f1ec4b-d07c-4bfe-85d9-e7c7373ee128:c0, 4fc6afb9-3f9c-4be8-93ce-657a33e3c6ff:c0, e3a08138-bcbc-4acb-87dc-f1195608ab57:c0]
2019-09-05 11:07:42,587 [grpc-default-executor-9] INFO  client.GrpcClientProtocolClient (GrpcClientProtocolClient.java:onNext(264)) - client-717851854B68->e3a08138-bcbc-4acb-87dc-f1195608ab57: receive RaftClientReply:client-717851854B68->e3a08138-bcbc-4acb-87dc-f1195608ab57@group-A05EB53D3152, cid=171, SUCCESS, logIndex=1, commits[e3a08138-bcbc-4acb-87dc-f1195608ab57:c1, 4fc6afb9-3f9c-4be8-93ce-657a33e3c6ff:c0, 91f1ec4b-d07c-4bfe-85d9-e7c7373ee128:c0]
2019-09-05 11:07:42,613 [grpc-default-executor-10] WARN  server.GrpcLogAppender (LogUtils.java:warn(134)) - 6cb8c19f-8595-423c-829a-79f04dbd8de3@group-69654C14B0FF->54fad45f-1182-4a0a-b101-60c94ba267c1-AppendLogResponseHandler: Failed appendEntries: org.apache.ratis.thirdparty.io.grpc.StatusRuntimeException: UNAVAILABLE: io exception
2019-09-05 11:07:42,613 [grpc-default-executor-10] INFO  impl.FollowerInfo (FollowerInfo.java:lambda$new$0(51)) - 6cb8c19f-8595-423c-829a-79f04dbd8de3@group-69654C14B0FF->54fad45f-1182-4a0a-b101-60c94ba267c1: nextIndex: updateUnconditionally 1 -> 0
2019-09-05 11:07:42,639 [grpc-default-executor-10] INFO  client.GrpcClientProtocolClient (GrpcClientProtocolClient.java:onNext(264)) - client-717851854B68->e3a08138-bcbc-4acb-87dc-f1195608ab57: receive RaftClientReply:client-717851854B68->e3a08138-bcbc-4acb-87dc-f1195608ab57@group-A05EB53D3152, cid=172, SUCCESS, logIndex=3, commits[e3a08138-bcbc-4acb-87dc-f1195608ab57:c4, 4fc6afb9-3f9c-4be8-93ce-657a33e3c6ff:c1, 91f1ec4b-d07c-4bfe-85d9-e7c7373ee128:c1]
2019-09-05 11:07:42,773 [grpc-default-executor-1] INFO  client.GrpcClientProtocolClient (GrpcClientProtocolClient.java:onNext(264)) - client-717851854B68->e3a08138-bcbc-4acb-87dc-f1195608ab57: receive RaftClientReply:client-717851854B68->e3a08138-bcbc-4acb-87dc-f1195608ab57@group-A05EB53D3152, cid=173, SUCCESS, logIndex=4, commits[e3a08138-bcbc-4acb-87dc-f1195608ab57:c12, 4fc6afb9-3f9c-4be8-93ce-657a33e3c6ff:c7, 91f1ec4b-d07c-4bfe-85d9-e7c7373ee128:c7]
2019-09-05 11:07:42,788 [grpc-default-executor-1] INFO  client.GrpcClientProtocolClient (GrpcClientProtocolClient.java:onNext(264)) - client-717851854B68->e3a08138-bcbc-4acb-87dc-f1195608ab57: receive RaftClientReply:client-717851854B68->e3a08138-bcbc-4acb-87dc-f1195608ab57@group-A05EB53D3152, cid=174, SUCCESS, logIndex=5, commits[e3a08138-bcbc-4acb-87dc-f1195608ab57:c12, 4fc6afb9-3f9c-4be8-93ce-657a33e3c6ff:c7, 91f1ec4b-d07c-4bfe-85d9-e7c7373ee128:c7]
2019-09-05 11:07:42,789 [grpc-default-executor-1] INFO  client.GrpcClientProtocolClient (GrpcClientProtocolClient.java:onNext(264)) - client-717851854B68->e3a08138-bcbc-4acb-87dc-f1195608ab57: receive RaftClientReply:client-717851854B68->e3a08138-bcbc-4acb-87dc-f1195608ab57@group-A05EB53D3152, cid=175, SUCCESS, logIndex=6, commits[e3a08138-bcbc-4acb-87dc-f1195608ab57:c12, 4fc6afb9-3f9c-4be8-93ce-657a33e3c6ff:c7, 91f1ec4b-d07c-4bfe-85d9-e7c7373ee128:c7]
2019-09-05 11:07:42,999 [grpc-default-executor-1] INFO  client.GrpcClientProtocolClient (GrpcClientProtocolClient.java:onNext(264)) - client-717851854B68->e3a08138-bcbc-4acb-87dc-f1195608ab57: receive RaftClientReply:client-717851854B68->e3a08138-bcbc-4acb-87dc-f1195608ab57@group-A05EB53D3152, cid=176, SUCCESS, logIndex=7, commits[e3a08138-bcbc-4acb-87dc-f1195608ab57:c12, 4fc6afb9-3f9c-4be8-93ce-657a33e3c6ff:c7, 91f1ec4b-d07c-4bfe-85d9-e7c7373ee128:c7]
2019-09-05 11:07:43,079 [grpc-default-executor-6] INFO  client.GrpcClientProtocolClient (GrpcClientProtocolClient.java:onNext(264)) - client-717851854B68->e3a08138-bcbc-4acb-87dc-f1195608ab57: receive RaftClientReply:client-717851854B68->e3a08138-bcbc-4acb-87dc-f1195608ab57@group-A05EB53D3152, cid=177, SUCCESS, logIndex=13, commits[e3a08138-bcbc-4acb-87dc-f1195608ab57:c14, 4fc6afb9-3f9c-4be8-93ce-657a33e3c6ff:c12, 91f1ec4b-d07c-4bfe-85d9-e7c7373ee128:c12]
2019-09-05 11:07:43,083 [grpc-default-executor-6] INFO  client.GrpcClientProtocolClient (GrpcClientProtocolClient.java:onNext(264)) - client-717851854B68->e3a08138-bcbc-4acb-87dc-f1195608ab57: receive RaftClientReply:client-717851854B68->e3a08138-bcbc-4acb-87dc-f1195608ab57@group-A05EB53D3152, cid=178, SUCCESS, logIndex=14, commits[e3a08138-bcbc-4acb-87dc-f1195608ab57:c14, 4fc6afb9-3f9c-4be8-93ce-657a33e3c6ff:c12, 91f1ec4b-d07c-4bfe-85d9-e7c7373ee128:c12]
2019-09-05 11:07:43,094 [grpc-default-executor-6] INFO  client.GrpcClientProtocolClient (GrpcClientProtocolClient.java:onNext(264)) - client-717851854B68->e3a08138-bcbc-4acb-87dc-f1195608ab57: receive RaftClientReply:client-717851854B68->e3a08138-bcbc-4acb-87dc-f1195608ab57@group-A05EB53D3152, cid=179, SUCCESS, logIndex=0, commits[e3a08138-bcbc-4acb-87dc-f1195608ab57:c15, 4fc6afb9-3f9c-4be8-93ce-657a33e3c6ff:c14, 91f1ec4b-d07c-4bfe-85d9-e7c7373ee128:c14]
2019-09-05 11:07:43,094 [main] INFO  ozone.MiniOzoneClusterImpl (MiniOzoneClusterImpl.java:shutdown(307)) - Shutting down the Mini Ozone Cluster
2019-09-05 11:07:43,095 [main] INFO  ozone.MiniOzoneClusterImpl (MiniOzoneClusterImpl.java:stop(322)) - Stopping the Mini Ozone Cluster
2019-09-05 11:07:43,095 [main] INFO  ozone.MiniOzoneClusterImpl (MiniOzoneClusterImpl.java:stop(324)) - Stopping the OzoneManager
2019-09-05 11:07:43,095 [main] INFO  ipc.Server (Server.java:stop(3082)) - Stopping server on 34503
2019-09-05 11:07:43,107 [IPC Server listener on 34503] INFO  ipc.Server (Server.java:run(1185)) - Stopping IPC Server listener on 34503
2019-09-05 11:07:43,109 [main] INFO  ratis.OzoneManagerDoubleBuffer (OzoneManagerDoubleBuffer.java:stop(248)) - Stopping OMDoubleBuffer flush thread
2019-09-05 11:07:43,120 [IPC Server Responder] INFO  ipc.Server (Server.java:run(1319)) - Stopping IPC Server Responder
2019-09-05 11:07:43,122 [OMDoubleBufferFlushThread] INFO  ratis.OzoneManagerDoubleBuffer (OzoneManagerDoubleBuffer.java:flushTransactions(191)) - OMDoubleBuffer flush thread OMDoubleBufferFlushThread is interrupted and will exit. OMDoubleBufferFlushThread
2019-09-05 11:07:43,122 [main] INFO  utils.BackgroundService (BackgroundService.java:shutdown(148)) - Shutting down service KeyDeletingService
2019-09-05 11:07:43,124 [main] INFO  handler.ContextHandler (ContextHandler.java:doStop(910)) - Stopped o.e.j.w.WebAppContext@29d25e65{/,null,UNAVAILABLE}{/ozoneManager}
2019-09-05 11:07:43,125 [main] INFO  server.AbstractConnector (AbstractConnector.java:doStop(318)) - Stopped ServerConnector@19b75b2b{HTTP/1.1,[http/1.1]}{0.0.0.0:0}
2019-09-05 11:07:43,125 [main] INFO  handler.ContextHandler (ContextHandler.java:doStop(910)) - Stopped o.e.j.s.ServletContextHandler@666618d6{/static,file:///workdir/hadoop-ozone/integration-test/target/test-classes/webapps/static,UNAVAILABLE}
2019-09-05 11:07:43,125 [main] INFO  handler.ContextHandler (ContextHandler.java:doStop(910)) - Stopped o.e.j.s.ServletContextHandler@3d3c886f{/logs,file:///workdir/hadoop-ozone/integration-test/target/log,UNAVAILABLE}
2019-09-05 11:07:43,128 [main] INFO  ozone.MiniOzoneClusterImpl (MiniOzoneClusterImpl.java:stop(330)) - Shutting the HddsDatanodes
2019-09-05 11:07:43,665 [Datanode State Machine Thread - 0] INFO  statemachine.DatanodeStateMachine (DatanodeStateMachine.java:lambda$startDaemon$0(350)) - Ozone container server started.
2019-09-05 11:07:43,681 [Datanode State Machine Thread - 0] INFO  statemachine.DatanodeStateMachine (DatanodeStateMachine.java:lambda$startDaemon$0(350)) - Ozone container server started.
2019-09-05 11:07:45,111 [grpc-default-executor-6] WARN  server.GrpcLogAppender (LogUtils.java:warn(134)) - 6cb8c19f-8595-423c-829a-79f04dbd8de3@group-69654C14B0FF->54fad45f-1182-4a0a-b101-60c94ba267c1-AppendLogResponseHandler: Failed appendEntries: org.apache.ratis.thirdparty.io.grpc.StatusRuntimeException: UNAVAILABLE: io exception
2019-09-05 11:07:45,112 [grpc-default-executor-6] INFO  impl.FollowerInfo (FollowerInfo.java:lambda$new$0(51)) - 6cb8c19f-8595-423c-829a-79f04dbd8de3@group-69654C14B0FF->54fad45f-1182-4a0a-b101-60c94ba267c1: nextIndex: updateUnconditionally 0 -> 0
2019-09-05 11:07:47,619 [grpc-default-executor-10] WARN  server.GrpcLogAppender (LogUtils.java:warn(134)) - 6cb8c19f-8595-423c-829a-79f04dbd8de3@group-69654C14B0FF->54fad45f-1182-4a0a-b101-60c94ba267c1-AppendLogResponseHandler: Failed appendEntries: org.apache.ratis.thirdparty.io.grpc.StatusRuntimeException: UNAVAILABLE: io exception
2019-09-05 11:07:47,622 [grpc-default-executor-10] INFO  impl.FollowerInfo (FollowerInfo.java:lambda$new$0(51)) - 6cb8c19f-8595-423c-829a-79f04dbd8de3@group-69654C14B0FF->54fad45f-1182-4a0a-b101-60c94ba267c1: nextIndex: updateUnconditionally 0 -> 0
2019-09-05 11:07:47,739 [EventQueue-StaleNodeForStaleNodeHandler] INFO  node.StaleNodeHandler (StaleNodeHandler.java:onMessage(58)) - Datanode 6cb8c19f-8595-423c-829a-79f04dbd8de3{ip: 192.168.36.83, host: pr-hdds-1561-gm47z-337254333, networkLocation: /default-rack, certSerialId: null} moved to stale state. Finalizing its pipelines [PipelineID=9eb08446-0c1f-43f0-a161-b783aa89886c, PipelineID=d968c93c-9d88-466d-afc1-69654c14b0ff]
2019-09-05 11:07:47,739 [EventQueue-StaleNodeForStaleNodeHandler] INFO  pipeline.SCMPipelineManager (SCMPipelineManager.java:finalizeAndDestroyPipeline(309)) - destroying pipeline:Pipeline[ Id: 9eb08446-0c1f-43f0-a161-b783aa89886c, Nodes: 6cb8c19f-8595-423c-829a-79f04dbd8de3{ip: 192.168.36.83, host: pr-hdds-1561-gm47z-337254333, networkLocation: /default-rack, certSerialId: null}, Type:RATIS, Factor:ONE, State:OPEN]
2019-09-05 11:07:47,740 [EventQueue-StaleNodeForStaleNodeHandler] INFO  pipeline.PipelineStateManager (PipelineStateManager.java:finalizePipeline(123)) - Pipeline Pipeline[ Id: 9eb08446-0c1f-43f0-a161-b783aa89886c, Nodes: 6cb8c19f-8595-423c-829a-79f04dbd8de3{ip: 192.168.36.83, host: pr-hdds-1561-gm47z-337254333, networkLocation: /default-rack, certSerialId: null}, Type:RATIS, Factor:ONE, State:CLOSED] moved to CLOSED state
2019-09-05 11:07:47,740 [EventQueue-StaleNodeForStaleNodeHandler] INFO  pipeline.SCMPipelineManager (SCMPipelineManager.java:finalizeAndDestroyPipeline(309)) - destroying pipeline:Pipeline[ Id: d968c93c-9d88-466d-afc1-69654c14b0ff, Nodes: 54fad45f-1182-4a0a-b101-60c94ba267c1{ip: 192.168.36.83, host: pr-hdds-1561-gm47z-337254333, networkLocation: /default-rack, certSerialId: null}6cb8c19f-8595-423c-829a-79f04dbd8de3{ip: 192.168.36.83, host: pr-hdds-1561-gm47z-337254333, networkLocation: /default-rack, certSerialId: null}89f16946-17a7-47cd-87e0-140db9ee23a2{ip: 192.168.36.83, host: pr-hdds-1561-gm47z-337254333, networkLocation: /default-rack, certSerialId: null}, Type:RATIS, Factor:THREE, State:CLOSED]
2019-09-05 11:07:47,740 [EventQueue-StaleNodeForStaleNodeHandler] INFO  node.StaleNodeHandler (StaleNodeHandler.java:onMessage(58)) - Datanode fa08243c-f5b4-405f-a071-e3cbc8c99dd0{ip: 192.168.36.83, host: pr-hdds-1561-gm47z-337254333, networkLocation: /default-rack, certSerialId: null} moved to stale state. Finalizing its pipelines [PipelineID=ea3772ca-b73b-474a-824b-1f31ac3eaa8e]
2019-09-05 11:07:47,740 [EventQueue-StaleNodeForStaleNodeHandler] INFO  pipeline.SCMPipelineManager (SCMPipelineManager.java:finalizeAndDestroyPipeline(309)) - destroying pipeline:Pipeline[ Id: ea3772ca-b73b-474a-824b-1f31ac3eaa8e, Nodes: fa08243c-f5b4-405f-a071-e3cbc8c99dd0{ip: 192.168.36.83, host: pr-hdds-1561-gm47z-337254333, networkLocation: /default-rack, certSerialId: null}, Type:RATIS, Factor:ONE, State:OPEN]
2019-09-05 11:07:47,741 [EventQueue-StaleNodeForStaleNodeHandler] INFO  pipeline.PipelineStateManager (PipelineStateManager.java:finalizePipeline(123)) - Pipeline Pipeline[ Id: ea3772ca-b73b-474a-824b-1f31ac3eaa8e, Nodes: fa08243c-f5b4-405f-a071-e3cbc8c99dd0{ip: 192.168.36.83, host: pr-hdds-1561-gm47z-337254333, networkLocation: /default-rack, certSerialId: null}, Type:RATIS, Factor:ONE, State:CLOSED] moved to CLOSED state
2019-09-05 11:07:48,129 [main] INFO  ozoneimpl.OzoneContainer (OzoneContainer.java:stop(216)) - Attempting to stop container services.
2019-09-05 11:07:48,129 [ForkJoinPool.commonPool-worker-0] INFO  ozoneimpl.OzoneContainer (OzoneContainer.java:stop(216)) - Attempting to stop container services.
2019-09-05 11:07:48,131 [main] INFO  impl.RaftServerProxy (RaftServerProxy.java:lambda$close$4(314)) - fa08243c-f5b4-405f-a071-e3cbc8c99dd0: close
2019-09-05 11:07:48,131 [ForkJoinPool.commonPool-worker-0] INFO  impl.RaftServerProxy (RaftServerProxy.java:lambda$close$4(314)) - 6cb8c19f-8595-423c-829a-79f04dbd8de3: close
2019-09-05 11:07:48,132 [main] INFO  impl.RaftServerImpl (RaftServerImpl.java:lambda$shutdown$3(251)) - fa08243c-f5b4-405f-a071-e3cbc8c99dd0@group-1F31AC3EAA8E: shutdown
2019-09-05 11:07:48,132 [ForkJoinPool.commonPool-worker-0] INFO  impl.RaftServerImpl (RaftServerImpl.java:lambda$shutdown$3(251)) - 6cb8c19f-8595-423c-829a-79f04dbd8de3@group-B783AA89886C: shutdown
2019-09-05 11:07:48,132 [main] INFO  util.JmxRegister (JmxRegister.java:unregister(73)) - Successfully un-registered JMX Bean with object name Ratis:service=RaftServer,group=group-1F31AC3EAA8E,id=fa08243c-f5b4-405f-a071-e3cbc8c99dd0
2019-09-05 11:07:48,132 [ForkJoinPool.commonPool-worker-0] INFO  util.JmxRegister (JmxRegister.java:unregister(73)) - Successfully un-registered JMX Bean with object name Ratis:service=RaftServer,group=group-B783AA89886C,id=6cb8c19f-8595-423c-829a-79f04dbd8de3
2019-09-05 11:07:48,133 [main] INFO  impl.RoleInfo (RoleInfo.java:shutdownLeaderState(104)) - fa08243c-f5b4-405f-a071-e3cbc8c99dd0: shutdown LeaderState
2019-09-05 11:07:48,133 [ForkJoinPool.commonPool-worker-0] INFO  impl.RoleInfo (RoleInfo.java:shutdownLeaderState(104)) - 6cb8c19f-8595-423c-829a-79f04dbd8de3: shutdown LeaderState
2019-09-05 11:07:48,133 [main] INFO  impl.PendingRequests (PendingRequests.java:sendNotLeaderResponses(202)) - fa08243c-f5b4-405f-a071-e3cbc8c99dd0-PendingRequests: sendNotLeaderResponses
2019-09-05 11:07:48,133 [ForkJoinPool.commonPool-worker-0] INFO  impl.PendingRequests (PendingRequests.java:sendNotLeaderResponses(202)) - 6cb8c19f-8595-423c-829a-79f04dbd8de3-PendingRequests: sendNotLeaderResponses
2019-09-05 11:07:48,134 [main] INFO  impl.StateMachineUpdater (StateMachineUpdater.java:stopAndJoin(125)) - fa08243c-f5b4-405f-a071-e3cbc8c99dd0@group-1F31AC3EAA8E-StateMachineUpdater: set stopIndex = 0
2019-09-05 11:07:48,134 [ForkJoinPool.commonPool-worker-0] INFO  impl.StateMachineUpdater (StateMachineUpdater.java:stopAndJoin(125)) - 6cb8c19f-8595-423c-829a-79f04dbd8de3@group-B783AA89886C-StateMachineUpdater: set stopIndex = 0
2019-09-05 11:07:48,135 [main] INFO  impl.RaftServerImpl (ServerState.java:close(385)) - fa08243c-f5b4-405f-a071-e3cbc8c99dd0@group-1F31AC3EAA8E: closes. applyIndex: 0
2019-09-05 11:07:48,135 [ForkJoinPool.commonPool-worker-0] INFO  impl.RaftServerImpl (ServerState.java:close(385)) - 6cb8c19f-8595-423c-829a-79f04dbd8de3@group-B783AA89886C: closes. applyIndex: 0
2019-09-05 11:07:48,136 [fa08243c-f5b4-405f-a071-e3cbc8c99dd0@group-1F31AC3EAA8E-SegmentedRaftLogWorker] INFO  segmented.SegmentedRaftLogWorker (SegmentedRaftLogWorker.java:run(313)) - fa08243c-f5b4-405f-a071-e3cbc8c99dd0@group-1F31AC3EAA8E-SegmentedRaftLogWorker was interrupted, exiting. There are 0 tasks remaining in the queue.
2019-09-05 11:07:48,136 [6cb8c19f-8595-423c-829a-79f04dbd8de3@group-B783AA89886C-SegmentedRaftLogWorker] INFO  segmented.SegmentedRaftLogWorker (SegmentedRaftLogWorker.java:run(313)) - 6cb8c19f-8595-423c-829a-79f04dbd8de3@group-B783AA89886C-SegmentedRaftLogWorker was interrupted, exiting. There are 0 tasks remaining in the queue.
2019-09-05 11:07:48,146 [ForkJoinPool.commonPool-worker-0] INFO  segmented.SegmentedRaftLogWorker (SegmentedRaftLogWorker.java:close(228)) - 6cb8c19f-8595-423c-829a-79f04dbd8de3@group-B783AA89886C-SegmentedRaftLogWorker close()
2019-09-05 11:07:48,146 [main] INFO  segmented.SegmentedRaftLogWorker (SegmentedRaftLogWorker.java:close(228)) - fa08243c-f5b4-405f-a071-e3cbc8c99dd0@group-1F31AC3EAA8E-SegmentedRaftLogWorker close()
2019-09-05 11:07:48,149 [ForkJoinPool.commonPool-worker-0] INFO  impl.RaftServerImpl (RaftServerImpl.java:lambda$shutdown$3(251)) - 6cb8c19f-8595-423c-829a-79f04dbd8de3@group-69654C14B0FF: shutdown
2019-09-05 11:07:48,152 [main] INFO  server.GrpcService (GrpcService.java:closeImpl(164)) - fa08243c-f5b4-405f-a071-e3cbc8c99dd0: shutdown server with port 34411 now
2019-09-05 11:07:48,153 [ForkJoinPool.commonPool-worker-0] INFO  util.JmxRegister (JmxRegister.java:unregister(73)) - Successfully un-registered JMX Bean with object name Ratis:service=RaftServer,group=group-69654C14B0FF,id=6cb8c19f-8595-423c-829a-79f04dbd8de3
2019-09-05 11:07:48,153 [ForkJoinPool.commonPool-worker-0] INFO  impl.RoleInfo (RoleInfo.java:shutdownLeaderState(104)) - 6cb8c19f-8595-423c-829a-79f04dbd8de3: shutdown LeaderState
2019-09-05 11:07:48,153 [main] INFO  server.GrpcService (GrpcService.java:closeImpl(172)) - fa08243c-f5b4-405f-a071-e3cbc8c99dd0: shutdown server with port 34411 successfully
2019-09-05 11:07:48,156 [org.apache.ratis.server.impl.LogAppender$AppenderDaemon$$Lambda$473/1880504537@33a911c] WARN  server.GrpcLogAppender (GrpcLogAppender.java:mayWait(143)) - 6cb8c19f-8595-423c-829a-79f04dbd8de3@group-69654C14B0FF->54fad45f-1182-4a0a-b101-60c94ba267c1-GrpcLogAppender: Wait interrupted by java.lang.InterruptedException
2019-09-05 11:07:48,156 [org.apache.ratis.server.impl.LogAppender$AppenderDaemon$$Lambda$473/1880504537@743f6db6] WARN  server.GrpcLogAppender (GrpcLogAppender.java:mayWait(143)) - 6cb8c19f-8595-423c-829a-79f04dbd8de3@group-69654C14B0FF->89f16946-17a7-47cd-87e0-140db9ee23a2-GrpcLogAppender: Wait interrupted by java.lang.InterruptedException
2019-09-05 11:07:48,156 [ForkJoinPool.commonPool-worker-0] INFO  impl.PendingRequests (PendingRequests.java:sendNotLeaderResponses(202)) - 6cb8c19f-8595-423c-829a-79f04dbd8de3-PendingRequests: sendNotLeaderResponses
2019-09-05 11:07:48,157 [grpc-default-executor-1] INFO  server.GrpcServerProtocolService (GrpcServerProtocolService.java:onCompleted(113)) - 89f16946-17a7-47cd-87e0-140db9ee23a2: Completed APPEND_ENTRIES, lastRequest: 6cb8c19f-8595-423c-829a-79f04dbd8de3->89f16946-17a7-47cd-87e0-140db9ee23a2#5-t14, previous=(t:14, i:17), leaderCommit=17, initializing? false, entries: <empty>
2019-09-05 11:07:48,158 [ForkJoinPool.commonPool-worker-0] INFO  impl.StateMachineUpdater (StateMachineUpdater.java:stopAndJoin(125)) - 6cb8c19f-8595-423c-829a-79f04dbd8de3@group-69654C14B0FF-StateMachineUpdater: set stopIndex = 17
2019-09-05 11:07:48,158 [6cb8c19f-8595-423c-829a-79f04dbd8de3@group-69654C14B0FF-StateMachineUpdater] INFO  ratis.ContainerStateMachine (ContainerStateMachine.java:takeSnapshot(289)) - group-69654C14B0FF: Taking a snapshot at:(t:5, i:13) file /workdir/hadoop-ozone/integration-test/target/test-dir/MiniOzoneClusterImpl-06581d8d-c2e4-4d94-a862-518568baa486/datanode-1/data/ratis/d968c93c-9d88-466d-afc1-69654c14b0ff/sm/snapshot.5_13
2019-09-05 11:07:48,158 [grpc-default-executor-1] INFO  server.GrpcLogAppender (GrpcLogAppender.java:onCompleted(293)) - 6cb8c19f-8595-423c-829a-79f04dbd8de3@group-69654C14B0FF->89f16946-17a7-47cd-87e0-140db9ee23a2-AppendLogResponseHandler: follower responses appendEntries COMPLETED
2019-09-05 11:07:48,159 [grpc-default-executor-1] INFO  impl.FollowerInfo (FollowerInfo.java:lambda$new$0(51)) - 6cb8c19f-8595-423c-829a-79f04dbd8de3@group-69654C14B0FF->89f16946-17a7-47cd-87e0-140db9ee23a2: nextIndex: updateUnconditionally 18 -> 17
2019-09-05 11:07:48,162 [refreshUsed-/workdir/hadoop-ozone/integration-test/target/test-dir/MiniOzoneClusterImpl-06581d8d-c2e4-4d94-a862-518568baa486/datanode-4/data/containers] WARN  fs.CachingGetSpaceUsed (CachingGetSpaceUsed.java:run(183)) - Thread Interrupted waiting to refresh disk information: sleep interrupted
2019-09-05 11:07:48,175 [main] INFO  utils.BackgroundService (BackgroundService.java:shutdown(148)) - Shutting down service BlockDeletingService
2019-09-05 11:07:48,183 [main] INFO  statemachine.DatanodeStateMachine (DatanodeStateMachine.java:stopDaemon(395)) - Ozone container server stopped.
2019-09-05 11:07:48,185 [main] INFO  handler.ContextHandler (ContextHandler.java:doStop(910)) - Stopped o.e.j.w.WebAppContext@3bbf1c0d{/,null,UNAVAILABLE}{/hddsDatanode}
2019-09-05 11:07:48,185 [main] INFO  server.AbstractConnector (AbstractConnector.java:doStop(318)) - Stopped ServerConnector@19662208{HTTP/1.1,[http/1.1]}{0.0.0.0:0}
2019-09-05 11:07:48,186 [main] INFO  handler.ContextHandler (ContextHandler.java:doStop(910)) - Stopped o.e.j.s.ServletContextHandler@6b4a4e40{/static,jar:file:/home/user/.m2/repository/org/apache/hadoop/hadoop-hdds-container-service/0.5.0-SNAPSHOT/hadoop-hdds-container-service-0.5.0-SNAPSHOT.jar!/webapps/static,UNAVAILABLE}
2019-09-05 11:07:48,186 [main] INFO  handler.ContextHandler (ContextHandler.java:doStop(910)) - Stopped o.e.j.s.ServletContextHandler@21b51e59{/logs,file:///workdir/hadoop-ozone/integration-test/target/log,UNAVAILABLE}
2019-09-05 11:07:48,554 [Datanode State Machine Thread - 0] INFO  statemachine.DatanodeStateMachine (DatanodeStateMachine.java:lambda$startDaemon$0(350)) - Ozone container server started.
2019-09-05 11:07:49,793 [6cb8c19f-8595-423c-829a-79f04dbd8de3@group-69654C14B0FF-StateMachineUpdater] INFO  ratis.ContainerStateMachine (ContainerStateMachine.java:takeSnapshot(300)) - group-69654C14B0FF: Finished taking a snapshot at:(t:5, i:13) file:/workdir/hadoop-ozone/integration-test/target/test-dir/MiniOzoneClusterImpl-06581d8d-c2e4-4d94-a862-518568baa486/datanode-1/data/ratis/d968c93c-9d88-466d-afc1-69654c14b0ff/sm/snapshot.5_13 time:1635
2019-09-05 11:07:49,793 [6cb8c19f-8595-423c-829a-79f04dbd8de3@group-69654C14B0FF-StateMachineUpdater] INFO  impl.StateMachineUpdater (StateMachineUpdater.java:takeSnapshot(258)) - 6cb8c19f-8595-423c-829a-79f04dbd8de3@group-69654C14B0FF-StateMachineUpdater: Took a snapshot at index 13
2019-09-05 11:07:49,793 [6cb8c19f-8595-423c-829a-79f04dbd8de3@group-69654C14B0FF-StateMachineUpdater] INFO  impl.StateMachineUpdater (StateMachineUpdater.java:lambda$new$0(83)) - 6cb8c19f-8595-423c-829a-79f04dbd8de3@group-69654C14B0FF-StateMachineUpdater: snapshotIndex: updateIncreasingly -1 -> 13
2019-09-05 11:07:49,794 [6cb8c19f-8595-423c-829a-79f04dbd8de3@group-69654C14B0FF-StateMachineUpdater] INFO  ratis.ContainerStateMachine (ContainerStateMachine.java:takeSnapshot(289)) - group-69654C14B0FF: Taking a snapshot at:(t:5, i:13) file /workdir/hadoop-ozone/integration-test/target/test-dir/MiniOzoneClusterImpl-06581d8d-c2e4-4d94-a862-518568baa486/datanode-1/data/ratis/d968c93c-9d88-466d-afc1-69654c14b0ff/sm/snapshot.5_13
2019-09-05 11:07:51,636 [RatisPipelineUtilsThread] WARN  pipeline.RatisPipelineUtils (RatisPipelineUtils.java:destroyPipeline(66)) - Pipeline destroy failed for pipeline=PipelineID=0308621e-7ddf-4bbb-8fa6-0f0d9db6e2a4 dn=54fad45f-1182-4a0a-b101-60c94ba267c1{ip: 192.168.36.83, host: pr-hdds-1561-gm47z-337254333, networkLocation: /default-rack, certSerialId: null}
2019-09-05 11:07:51,637 [RatisPipelineUtilsThread] INFO  pipeline.PipelineStateManager (PipelineStateManager.java:removePipeline(108)) - Pipeline Pipeline[ Id: 0308621e-7ddf-4bbb-8fa6-0f0d9db6e2a4, Nodes: 54fad45f-1182-4a0a-b101-60c94ba267c1{ip: 192.168.36.83, host: pr-hdds-1561-gm47z-337254333, networkLocation: /default-rack, certSerialId: null}, Type:RATIS, Factor:ONE, State:CLOSED] removed from db
2019-09-05 11:07:51,639 [RatisPipelineUtilsThread] WARN  pipeline.RatisPipelineUtils (RatisPipelineUtils.java:destroyPipeline(66)) - Pipeline destroy failed for pipeline=PipelineID=d968c93c-9d88-466d-afc1-69654c14b0ff dn=54fad45f-1182-4a0a-b101-60c94ba267c1{ip: 192.168.36.83, host: pr-hdds-1561-gm47z-337254333, networkLocation: /default-rack, certSerialId: null}
2019-09-05 11:07:52,540 [6cb8c19f-8595-423c-829a-79f04dbd8de3@group-69654C14B0FF-StateMachineUpdater] INFO  ratis.ContainerStateMachine (ContainerStateMachine.java:takeSnapshot(300)) - group-69654C14B0FF: Finished taking a snapshot at:(t:5, i:13) file:/workdir/hadoop-ozone/integration-test/target/test-dir/MiniOzoneClusterImpl-06581d8d-c2e4-4d94-a862-518568baa486/datanode-1/data/ratis/d968c93c-9d88-466d-afc1-69654c14b0ff/sm/snapshot.5_13 time:2746
2019-09-05 11:07:52,540 [6cb8c19f-8595-423c-829a-79f04dbd8de3@group-69654C14B0FF-StateMachineUpdater] INFO  impl.StateMachineUpdater (StateMachineUpdater.java:takeSnapshot(258)) - 6cb8c19f-8595-423c-829a-79f04dbd8de3@group-69654C14B0FF-StateMachineUpdater: Took a snapshot at index 13
2019-09-05 11:07:52,540 [6cb8c19f-8595-423c-829a-79f04dbd8de3@group-69654C14B0FF-StateMachineUpdater] INFO  impl.StateMachineUpdater (StateMachineUpdater.java:lambda$new$0(83)) - 6cb8c19f-8595-423c-829a-79f04dbd8de3@group-69654C14B0FF-StateMachineUpdater: snapshotIndex: updateIncreasingly 13 -> 13
2019-09-05 11:07:52,541 [ForkJoinPool.commonPool-worker-0] INFO  impl.RaftServerImpl (ServerState.java:close(385)) - 6cb8c19f-8595-423c-829a-79f04dbd8de3@group-69654C14B0FF: closes. applyIndex: 17
2019-09-05 11:07:52,543 [6cb8c19f-8595-423c-829a-79f04dbd8de3@group-69654C14B0FF-SegmentedRaftLogWorker] INFO  segmented.SegmentedRaftLogWorker (SegmentedRaftLogWorker.java:run(313)) - 6cb8c19f-8595-423c-829a-79f04dbd8de3@group-69654C14B0FF-SegmentedRaftLogWorker was interrupted, exiting. There are 0 tasks remaining in the queue.
2019-09-05 11:07:52,549 [ForkJoinPool.commonPool-worker-0] INFO  segmented.SegmentedRaftLogWorker (SegmentedRaftLogWorker.java:close(228)) - 6cb8c19f-8595-423c-829a-79f04dbd8de3@group-69654C14B0FF-SegmentedRaftLogWorker close()
2019-09-05 11:07:52,553 [ForkJoinPool.commonPool-worker-0] INFO  server.GrpcService (GrpcService.java:closeImpl(164)) - 6cb8c19f-8595-423c-829a-79f04dbd8de3: shutdown server with port 38750 now
2019-09-05 11:07:52,553 [grpc-default-executor-10] INFO  impl.RaftServerProxy (RaftServerProxy.java:remove(95)) - 6cb8c19f-8595-423c-829a-79f04dbd8de3: remove    LEADER 6cb8c19f-8595-423c-829a-79f04dbd8de3@group-69654C14B0FF:t14, leader=6cb8c19f-8595-423c-829a-79f04dbd8de3, voted=6cb8c19f-8595-423c-829a-79f04dbd8de3, raftlog=6cb8c19f-8595-423c-829a-79f04dbd8de3@group-69654C14B0FF-SegmentedRaftLog:CLOSED:c17, conf=16: [6cb8c19f-8595-423c-829a-79f04dbd8de3:192.168.36.83:38750, 54fad45f-1182-4a0a-b101-60c94ba267c1:192.168.36.83:41045, 89f16946-17a7-47cd-87e0-140db9ee23a2:192.168.36.83:33461], old=null CLOSED
2019-09-05 11:07:52,554 [ForkJoinPool.commonPool-worker-0] INFO  server.GrpcService (GrpcService.java:closeImpl(172)) - 6cb8c19f-8595-423c-829a-79f04dbd8de3: shutdown server with port 38750 successfully
2019-09-05 11:07:52,555 [RatisPipelineUtilsThread] WARN  pipeline.RatisPipelineUtils (RatisPipelineUtils.java:destroyPipeline(66)) - Pipeline destroy failed for pipeline=PipelineID=d968c93c-9d88-466d-afc1-69654c14b0ff dn=6cb8c19f-8595-423c-829a-79f04dbd8de3{ip: 192.168.36.83, host: pr-hdds-1561-gm47z-337254333, networkLocation: /default-rack, certSerialId: null}
2019-09-05 11:07:52,562 [grpc-default-executor-6] INFO  impl.RaftServerProxy (RaftServerProxy.java:remove(95)) - 89f16946-17a7-47cd-87e0-140db9ee23a2: remove  FOLLOWER 89f16946-17a7-47cd-87e0-140db9ee23a2@group-69654C14B0FF:t14, leader=6cb8c19f-8595-423c-829a-79f04dbd8de3, voted=6cb8c19f-8595-423c-829a-79f04dbd8de3, raftlog=89f16946-17a7-47cd-87e0-140db9ee23a2@group-69654C14B0FF-SegmentedRaftLog:OPENED:c17,f17,i17, conf=16: [6cb8c19f-8595-423c-829a-79f04dbd8de3:192.168.36.83:38750, 54fad45f-1182-4a0a-b101-60c94ba267c1:192.168.36.83:41045, 89f16946-17a7-47cd-87e0-140db9ee23a2:192.168.36.83:33461], old=null RUNNING
2019-09-05 11:07:52,562 [grpc-default-executor-6] INFO  impl.RaftServerImpl (RaftServerImpl.java:lambda$shutdown$3(251)) - 89f16946-17a7-47cd-87e0-140db9ee23a2@group-69654C14B0FF: shutdown
2019-09-05 11:07:52,562 [grpc-default-executor-6] INFO  util.JmxRegister (JmxRegister.java:unregister(73)) - Successfully un-registered JMX Bean with object name Ratis:service=RaftServer,group=group-69654C14B0FF,id=89f16946-17a7-47cd-87e0-140db9ee23a2
2019-09-05 11:07:52,563 [grpc-default-executor-6] INFO  impl.RoleInfo (RoleInfo.java:shutdownFollowerState(121)) - 89f16946-17a7-47cd-87e0-140db9ee23a2: shutdown FollowerState
2019-09-05 11:07:52,563 [grpc-default-executor-6] INFO  impl.StateMachineUpdater (StateMachineUpdater.java:stopAndJoin(125)) - 89f16946-17a7-47cd-87e0-140db9ee23a2@group-69654C14B0FF-StateMachineUpdater: set stopIndex = 17
2019-09-05 11:07:52,563 [Thread-3357] INFO  impl.FollowerState (FollowerState.java:run(115)) - 89f16946-17a7-47cd-87e0-140db9ee23a2: FollowerState was interrupted: java.lang.InterruptedException: sleep interrupted
2019-09-05 11:07:52,563 [89f16946-17a7-47cd-87e0-140db9ee23a2@group-69654C14B0FF-StateMachineUpdater] INFO  ratis.ContainerStateMachine (ContainerStateMachine.java:takeSnapshot(289)) - group-69654C14B0FF: Taking a snapshot at:(t:5, i:13) file /workdir/hadoop-ozone/integration-test/target/test-dir/MiniOzoneClusterImpl-06581d8d-c2e4-4d94-a862-518568baa486/datanode-2/data/ratis/d968c93c-9d88-466d-afc1-69654c14b0ff/sm/snapshot.5_13
2019-09-05 11:07:52,566 [refreshUsed-/workdir/hadoop-ozone/integration-test/target/test-dir/MiniOzoneClusterImpl-06581d8d-c2e4-4d94-a862-518568baa486/datanode-1/data/containers] WARN  fs.CachingGetSpaceUsed (CachingGetSpaceUsed.java:run(183)) - Thread Interrupted waiting to refresh disk information: sleep interrupted
2019-09-05 11:07:52,584 [ForkJoinPool.commonPool-worker-0] INFO  utils.BackgroundService (BackgroundService.java:shutdown(148)) - Shutting down service BlockDeletingService
2019-09-05 11:07:52,589 [ForkJoinPool.commonPool-worker-0] INFO  statemachine.DatanodeStateMachine (DatanodeStateMachine.java:stopDaemon(395)) - Ozone container server stopped.
2019-09-05 11:07:52,601 [ForkJoinPool.commonPool-worker-0] INFO  handler.ContextHandler (ContextHandler.java:doStop(910)) - Stopped o.e.j.w.WebAppContext@538a2f0e{/,null,UNAVAILABLE}{/hddsDatanode}
2019-09-05 11:07:52,602 [ForkJoinPool.commonPool-worker-0] INFO  server.AbstractConnector (AbstractConnector.java:doStop(318)) - Stopped ServerConnector@d2708a7{HTTP/1.1,[http/1.1]}{0.0.0.0:0}
2019-09-05 11:07:52,603 [ForkJoinPool.commonPool-worker-0] INFO  handler.ContextHandler (ContextHandler.java:doStop(910)) - Stopped o.e.j.s.ServletContextHandler@6de7778f{/static,jar:file:/home/user/.m2/repository/org/apache/hadoop/hadoop-hdds-container-service/0.5.0-SNAPSHOT/hadoop-hdds-container-service-0.5.0-SNAPSHOT.jar!/webapps/static,UNAVAILABLE}
2019-09-05 11:07:52,605 [ForkJoinPool.commonPool-worker-0] INFO  handler.ContextHandler (ContextHandler.java:doStop(910)) - Stopped o.e.j.s.ServletContextHandler@26f0141{/logs,file:///workdir/hadoop-ozone/integration-test/target/log,UNAVAILABLE}
2019-09-05 11:07:52,630 [Datanode State Machine Thread - 0] INFO  statemachine.DatanodeStateMachine (DatanodeStateMachine.java:lambda$startDaemon$0(350)) - Ozone container server started.
2019-09-05 11:07:52,651 [EventQueue-StaleNodeForStaleNodeHandler] INFO  node.StaleNodeHandler (StaleNodeHandler.java:onMessage(58)) - Datanode e3a08138-bcbc-4acb-87dc-f1195608ab57{ip: 192.168.36.83, host: pr-hdds-1561-gm47z-337254333, networkLocation: /default-rack, certSerialId: null} moved to stale state. Finalizing its pipelines [PipelineID=c72930a9-1d25-4188-aa9d-a05eb53d3152, PipelineID=606b3d88-2065-45a8-92fd-4809f4167c0f]
2019-09-05 11:07:52,651 [EventQueue-StaleNodeForStaleNodeHandler] INFO  pipeline.SCMPipelineManager (SCMPipelineManager.java:finalizeAndDestroyPipeline(309)) - destroying pipeline:Pipeline[ Id: c72930a9-1d25-4188-aa9d-a05eb53d3152, Nodes: 91f1ec4b-d07c-4bfe-85d9-e7c7373ee128{ip: 192.168.36.83, host: pr-hdds-1561-gm47z-337254333, networkLocation: /default-rack, certSerialId: null}4fc6afb9-3f9c-4be8-93ce-657a33e3c6ff{ip: 192.168.36.83, host: pr-hdds-1561-gm47z-337254333, networkLocation: /default-rack, certSerialId: null}e3a08138-bcbc-4acb-87dc-f1195608ab57{ip: 192.168.36.83, host: pr-hdds-1561-gm47z-337254333, networkLocation: /default-rack, certSerialId: null}, Type:RATIS, Factor:THREE, State:OPEN]
2019-09-05 11:07:52,652 [EventQueue-StaleNodeForStaleNodeHandler] INFO  pipeline.PipelineStateManager (PipelineStateManager.java:finalizePipeline(123)) - Pipeline Pipeline[ Id: c72930a9-1d25-4188-aa9d-a05eb53d3152, Nodes: 91f1ec4b-d07c-4bfe-85d9-e7c7373ee128{ip: 192.168.36.83, host: pr-hdds-1561-gm47z-337254333, networkLocation: /default-rack, certSerialId: null}4fc6afb9-3f9c-4be8-93ce-657a33e3c6ff{ip: 192.168.36.83, host: pr-hdds-1561-gm47z-337254333, networkLocation: /default-rack, certSerialId: null}e3a08138-bcbc-4acb-87dc-f1195608ab57{ip: 192.168.36.83, host: pr-hdds-1561-gm47z-337254333, networkLocation: /default-rack, certSerialId: null}, Type:RATIS, Factor:THREE, State:CLOSED] moved to CLOSED state
2019-09-05 11:07:52,652 [EventQueue-CloseContainerForCloseContainerEventHandler] INFO  container.CloseContainerEventHandler (CloseContainerEventHandler.java:onMessage(61)) - Close container Event triggered for container : #2
2019-09-05 11:07:52,652 [EventQueue-StaleNodeForStaleNodeHandler] INFO  pipeline.SCMPipelineManager (SCMPipelineManager.java:finalizeAndDestroyPipeline(309)) - destroying pipeline:Pipeline[ Id: 606b3d88-2065-45a8-92fd-4809f4167c0f, Nodes: e3a08138-bcbc-4acb-87dc-f1195608ab57{ip: 192.168.36.83, host: pr-hdds-1561-gm47z-337254333, networkLocation: /default-rack, certSerialId: null}, Type:RATIS, Factor:ONE, State:OPEN]
2019-09-05 11:07:52,652 [EventQueue-StaleNodeForStaleNodeHandler] INFO  pipeline.PipelineStateManager (PipelineStateManager.java:finalizePipeline(123)) - Pipeline Pipeline[ Id: 606b3d88-2065-45a8-92fd-4809f4167c0f, Nodes: e3a08138-bcbc-4acb-87dc-f1195608ab57{ip: 192.168.36.83, host: pr-hdds-1561-gm47z-337254333, networkLocation: /default-rack, certSerialId: null}, Type:RATIS, Factor:ONE, State:CLOSED] moved to CLOSED state
2019-09-05 11:07:52,711 [grpc-default-executor-10] INFO  interfaces.Container (KeyValueContainer.java:flushAndSyncDB(382)) - Container 1 is synced with bcsId 13.
2019-09-05 11:07:52,711 [grpc-default-executor-10] INFO  interfaces.Container (KeyValueContainer.java:flushAndSyncDB(382)) - Container 1 is synced with bcsId 13.
2019-09-05 11:07:52,712 [89f16946-17a7-47cd-87e0-140db9ee23a2@group-69654C14B0FF-StateMachineUpdater] INFO  ratis.ContainerStateMachine (ContainerStateMachine.java:takeSnapshot(300)) - group-69654C14B0FF: Finished taking a snapshot at:(t:5, i:13) file:/workdir/hadoop-ozone/integration-test/target/test-dir/MiniOzoneClusterImpl-06581d8d-c2e4-4d94-a862-518568baa486/datanode-2/data/ratis/d968c93c-9d88-466d-afc1-69654c14b0ff/sm/snapshot.5_13 time:150
2019-09-05 11:07:52,713 [89f16946-17a7-47cd-87e0-140db9ee23a2@group-69654C14B0FF-StateMachineUpdater] INFO  impl.StateMachineUpdater (StateMachineUpdater.java:takeSnapshot(258)) - 89f16946-17a7-47cd-87e0-140db9ee23a2@group-69654C14B0FF-StateMachineUpdater: Took a snapshot at index 13
2019-09-05 11:07:52,713 [89f16946-17a7-47cd-87e0-140db9ee23a2@group-69654C14B0FF-StateMachineUpdater] INFO  impl.StateMachineUpdater (StateMachineUpdater.java:lambda$new$0(83)) - 89f16946-17a7-47cd-87e0-140db9ee23a2@group-69654C14B0FF-StateMachineUpdater: snapshotIndex: updateIncreasingly -1 -> 13
2019-09-05 11:07:52,713 [89f16946-17a7-47cd-87e0-140db9ee23a2@group-69654C14B0FF-StateMachineUpdater] INFO  ratis.ContainerStateMachine (ContainerStateMachine.java:takeSnapshot(289)) - group-69654C14B0FF: Taking a snapshot at:(t:5, i:13) file /workdir/hadoop-ozone/integration-test/target/test-dir/MiniOzoneClusterImpl-06581d8d-c2e4-4d94-a862-518568baa486/datanode-2/data/ratis/d968c93c-9d88-466d-afc1-69654c14b0ff/sm/snapshot.5_13
2019-09-05 11:07:52,763 [89f16946-17a7-47cd-87e0-140db9ee23a2@group-69654C14B0FF-StateMachineUpdater] INFO  ratis.ContainerStateMachine (ContainerStateMachine.java:takeSnapshot(300)) - group-69654C14B0FF: Finished taking a snapshot at:(t:5, i:13) file:/workdir/hadoop-ozone/integration-test/target/test-dir/MiniOzoneClusterImpl-06581d8d-c2e4-4d94-a862-518568baa486/datanode-2/data/ratis/d968c93c-9d88-466d-afc1-69654c14b0ff/sm/snapshot.5_13 time:51
2019-09-05 11:07:52,763 [89f16946-17a7-47cd-87e0-140db9ee23a2@group-69654C14B0FF-StateMachineUpdater] INFO  impl.StateMachineUpdater (StateMachineUpdater.java:takeSnapshot(258)) - 89f16946-17a7-47cd-87e0-140db9ee23a2@group-69654C14B0FF-StateMachineUpdater: Took a snapshot at index 13
2019-09-05 11:07:52,764 [89f16946-17a7-47cd-87e0-140db9ee23a2@group-69654C14B0FF-StateMachineUpdater] INFO  impl.StateMachineUpdater (StateMachineUpdater.java:lambda$new$0(83)) - 89f16946-17a7-47cd-87e0-140db9ee23a2@group-69654C14B0FF-StateMachineUpdater: snapshotIndex: updateIncreasingly 13 -> 13
2019-09-05 11:07:52,764 [grpc-default-executor-6] INFO  impl.RaftServerImpl (ServerState.java:close(385)) - 89f16946-17a7-47cd-87e0-140db9ee23a2@group-69654C14B0FF: closes. applyIndex: 17
2019-09-05 11:07:52,764 [89f16946-17a7-47cd-87e0-140db9ee23a2@group-69654C14B0FF-SegmentedRaftLogWorker] INFO  segmented.SegmentedRaftLogWorker (SegmentedRaftLogWorker.java:run(313)) - 89f16946-17a7-47cd-87e0-140db9ee23a2@group-69654C14B0FF-SegmentedRaftLogWorker was interrupted, exiting. There are 0 tasks remaining in the queue.
2019-09-05 11:07:52,766 [grpc-default-executor-6] INFO  segmented.SegmentedRaftLogWorker (SegmentedRaftLogWorker.java:close(228)) - 89f16946-17a7-47cd-87e0-140db9ee23a2@group-69654C14B0FF-SegmentedRaftLogWorker close()
2019-09-05 11:07:52,790 [grpc-default-executor-6] INFO  interfaces.Container (KeyValueContainer.java:flushAndSyncDB(382)) - Container 1 is synced with bcsId 13.
2019-09-05 11:07:52,790 [grpc-default-executor-6] INFO  interfaces.Container (KeyValueContainer.java:flushAndSyncDB(382)) - Container 1 is synced with bcsId 13.
2019-09-05 11:07:52,869 [RatisPipelineUtilsThread] INFO  pipeline.PipelineStateManager (PipelineStateManager.java:removePipeline(108)) - Pipeline Pipeline[ Id: d968c93c-9d88-466d-afc1-69654c14b0ff, Nodes: 54fad45f-1182-4a0a-b101-60c94ba267c1{ip: 192.168.36.83, host: pr-hdds-1561-gm47z-337254333, networkLocation: /default-rack, certSerialId: null}6cb8c19f-8595-423c-829a-79f04dbd8de3{ip: 192.168.36.83, host: pr-hdds-1561-gm47z-337254333, networkLocation: /default-rack, certSerialId: null}89f16946-17a7-47cd-87e0-140db9ee23a2{ip: 192.168.36.83, host: pr-hdds-1561-gm47z-337254333, networkLocation: /default-rack, certSerialId: null}, Type:RATIS, Factor:THREE, State:CLOSED] removed from db
2019-09-05 11:07:52,876 [grpc-default-executor-6] INFO  impl.RaftServerProxy (RaftServerProxy.java:addNew(89)) - 91f1ec4b-d07c-4bfe-85d9-e7c7373ee128: addNew group-BBFEA7A1B957:[4fc6afb9-3f9c-4be8-93ce-657a33e3c6ff:192.168.36.83:46330, 91f1ec4b-d07c-4bfe-85d9-e7c7373ee128:192.168.36.83:38975, 89f16946-17a7-47cd-87e0-140db9ee23a2:192.168.36.83:33461] returns group-BBFEA7A1B957:java.util.concurrent.CompletableFuture@786109d1[Not completed]
2019-09-05 11:07:52,877 [grpc-default-executor-6] INFO  impl.RaftServerProxy (RaftServerProxy.java:addNew(89)) - 89f16946-17a7-47cd-87e0-140db9ee23a2: addNew group-BBFEA7A1B957:[4fc6afb9-3f9c-4be8-93ce-657a33e3c6ff:192.168.36.83:46330, 91f1ec4b-d07c-4bfe-85d9-e7c7373ee128:192.168.36.83:38975, 89f16946-17a7-47cd-87e0-140db9ee23a2:192.168.36.83:33461] returns group-BBFEA7A1B957:java.util.concurrent.CompletableFuture@14e12337[Not completed]
2019-09-05 11:07:52,877 [grpc-default-executor-10] INFO  impl.RaftServerProxy (RaftServerProxy.java:addNew(89)) - 4fc6afb9-3f9c-4be8-93ce-657a33e3c6ff: addNew group-BBFEA7A1B957:[4fc6afb9-3f9c-4be8-93ce-657a33e3c6ff:192.168.36.83:46330, 91f1ec4b-d07c-4bfe-85d9-e7c7373ee128:192.168.36.83:38975, 89f16946-17a7-47cd-87e0-140db9ee23a2:192.168.36.83:33461] returns group-BBFEA7A1B957:java.util.concurrent.CompletableFuture@7e2bdb99[Not completed]
2019-09-05 11:07:52,879 [pool-429-thread-1] INFO  impl.RaftServerImpl (RaftServerImpl.java:<init>(95)) - 89f16946-17a7-47cd-87e0-140db9ee23a2: new RaftServerImpl for group-BBFEA7A1B957:[4fc6afb9-3f9c-4be8-93ce-657a33e3c6ff:192.168.36.83:46330, 91f1ec4b-d07c-4bfe-85d9-e7c7373ee128:192.168.36.83:38975, 89f16946-17a7-47cd-87e0-140db9ee23a2:192.168.36.83:33461] with ContainerStateMachine:uninitialized
2019-09-05 11:07:52,880 [pool-429-thread-1] INFO  server.RaftServerConfigKeys (ConfUtils.java:logGet(43)) - raft.server.rpc.timeout.min = 5s (custom)
2019-09-05 11:07:52,880 [pool-459-thread-1] INFO  impl.RaftServerImpl (RaftServerImpl.java:<init>(95)) - 4fc6afb9-3f9c-4be8-93ce-657a33e3c6ff: new RaftServerImpl for group-BBFEA7A1B957:[4fc6afb9-3f9c-4be8-93ce-657a33e3c6ff:192.168.36.83:46330, 91f1ec4b-d07c-4bfe-85d9-e7c7373ee128:192.168.36.83:38975, 89f16946-17a7-47cd-87e0-140db9ee23a2:192.168.36.83:33461] with ContainerStateMachine:uninitialized
2019-09-05 11:07:52,880 [pool-429-thread-1] INFO  server.RaftServerConfigKeys (ConfUtils.java:logGet(43)) - raft.server.rpc.timeout.max = 5200ms (custom)
2019-09-05 11:07:52,880 [pool-459-thread-1] INFO  server.RaftServerConfigKeys (ConfUtils.java:logGet(43)) - raft.server.rpc.timeout.min = 5s (custom)
2019-09-05 11:07:52,880 [pool-429-thread-1] INFO  server.RaftServerConfigKeys (ConfUtils.java:logGet(43)) - raft.server.rpcslowness.timeout = 120s (custom)
2019-09-05 11:07:52,880 [pool-409-thread-1] INFO  impl.RaftServerImpl (RaftServerImpl.java:<init>(95)) - 91f1ec4b-d07c-4bfe-85d9-e7c7373ee128: new RaftServerImpl for group-BBFEA7A1B957:[4fc6afb9-3f9c-4be8-93ce-657a33e3c6ff:192.168.36.83:46330, 91f1ec4b-d07c-4bfe-85d9-e7c7373ee128:192.168.36.83:38975, 89f16946-17a7-47cd-87e0-140db9ee23a2:192.168.36.83:33461] with ContainerStateMachine:uninitialized
2019-09-05 11:07:52,881 [pool-429-thread-1] INFO  server.RaftServerConfigKeys (ConfUtils.java:logGet(43)) - raft.server.sleep.deviation.threshold = 300 (default)
2019-09-05 11:07:52,880 [pool-459-thread-1] INFO  server.RaftServerConfigKeys (ConfUtils.java:logGet(43)) - raft.server.rpc.timeout.max = 5200ms (custom)
2019-09-05 11:07:52,881 [pool-429-thread-1] INFO  server.RaftServerConfigKeys (ConfUtils.java:logGet(43)) - raft.server.log.appender.install.snapshot.enabled = false (custom)
2019-09-05 11:07:52,881 [pool-409-thread-1] INFO  server.RaftServerConfigKeys (ConfUtils.java:logGet(43)) - raft.server.rpc.timeout.min = 5s (custom)
2019-09-05 11:07:52,881 [pool-429-thread-1] INFO  impl.RaftServerImpl (ServerState.java:<init>(103)) - 89f16946-17a7-47cd-87e0-140db9ee23a2@group-BBFEA7A1B957: ConfigurationManager, init=-1: [4fc6afb9-3f9c-4be8-93ce-657a33e3c6ff:192.168.36.83:46330, 91f1ec4b-d07c-4bfe-85d9-e7c7373ee128:192.168.36.83:38975, 89f16946-17a7-47cd-87e0-140db9ee23a2:192.168.36.83:33461], old=null, confs=<EMPTY_MAP>
2019-09-05 11:07:52,881 [pool-459-thread-1] INFO  server.RaftServerConfigKeys (ConfUtils.java:logGet(43)) - raft.server.rpcslowness.timeout = 120s (custom)
2019-09-05 11:07:52,882 [pool-429-thread-1] INFO  server.RaftServerConfigKeys (ConfUtils.java:logGet(43)) - raft.server.storage.dir = [/workdir/hadoop-ozone/integration-test/target/test-dir/MiniOzoneClusterImpl-06581d8d-c2e4-4d94-a862-518568baa486/datanode-2/data/ratis] (custom)
2019-09-05 11:07:52,881 [pool-409-thread-1] INFO  server.RaftServerConfigKeys (ConfUtils.java:logGet(43)) - raft.server.rpc.timeout.max = 5200ms (custom)
2019-09-05 11:07:52,882 [pool-459-thread-1] INFO  server.RaftServerConfigKeys (ConfUtils.java:logGet(43)) - raft.server.sleep.deviation.threshold = 300 (default)
2019-09-05 11:07:52,882 [pool-409-thread-1] INFO  server.RaftServerConfigKeys (ConfUtils.java:logGet(43)) - raft.server.rpcslowness.timeout = 120s (custom)
2019-09-05 11:07:52,882 [pool-459-thread-1] INFO  server.RaftServerConfigKeys (ConfUtils.java:logGet(43)) - raft.server.log.appender.install.snapshot.enabled = false (custom)
2019-09-05 11:07:52,882 [pool-429-thread-1] INFO  storage.RaftStorageDirectory (RaftStorageDirectory.java:analyzeStorage(246)) - The storage directory /workdir/hadoop-ozone/integration-test/target/test-dir/MiniOzoneClusterImpl-06581d8d-c2e4-4d94-a862-518568baa486/datanode-2/data/ratis/063bb4f7-dfa3-4b97-8a9e-bbfea7a1b957 does not exist. Creating ...
2019-09-05 11:07:52,882 [pool-409-thread-1] INFO  server.RaftServerConfigKeys (ConfUtils.java:logGet(43)) - raft.server.sleep.deviation.threshold = 300 (default)
2019-09-05 11:07:52,882 [pool-459-thread-1] INFO  impl.RaftServerImpl (ServerState.java:<init>(103)) - 4fc6afb9-3f9c-4be8-93ce-657a33e3c6ff@group-BBFEA7A1B957: ConfigurationManager, init=-1: [4fc6afb9-3f9c-4be8-93ce-657a33e3c6ff:192.168.36.83:46330, 91f1ec4b-d07c-4bfe-85d9-e7c7373ee128:192.168.36.83:38975, 89f16946-17a7-47cd-87e0-140db9ee23a2:192.168.36.83:33461], old=null, confs=<EMPTY_MAP>
2019-09-05 11:07:52,883 [pool-409-thread-1] INFO  server.RaftServerConfigKeys (ConfUtils.java:logGet(43)) - raft.server.log.appender.install.snapshot.enabled = false (custom)
2019-09-05 11:07:52,883 [pool-459-thread-1] INFO  server.RaftServerConfigKeys (ConfUtils.java:logGet(43)) - raft.server.storage.dir = [/workdir/hadoop-ozone/integration-test/target/test-dir/MiniOzoneClusterImpl-06581d8d-c2e4-4d94-a862-518568baa486/datanode-5/data/ratis] (custom)
2019-09-05 11:07:52,883 [pool-409-thread-1] INFO  impl.RaftServerImpl (ServerState.java:<init>(103)) - 91f1ec4b-d07c-4bfe-85d9-e7c7373ee128@group-BBFEA7A1B957: ConfigurationManager, init=-1: [4fc6afb9-3f9c-4be8-93ce-657a33e3c6ff:192.168.36.83:46330, 91f1ec4b-d07c-4bfe-85d9-e7c7373ee128:192.168.36.83:38975, 89f16946-17a7-47cd-87e0-140db9ee23a2:192.168.36.83:33461], old=null, confs=<EMPTY_MAP>
2019-09-05 11:07:52,883 [pool-409-thread-1] INFO  server.RaftServerConfigKeys (ConfUtils.java:logGet(43)) - raft.server.storage.dir = [/workdir/hadoop-ozone/integration-test/target/test-dir/MiniOzoneClusterImpl-06581d8d-c2e4-4d94-a862-518568baa486/datanode-0/data/ratis] (custom)
2019-09-05 11:07:52,883 [pool-459-thread-1] INFO  storage.RaftStorageDirectory (RaftStorageDirectory.java:analyzeStorage(246)) - The storage directory /workdir/hadoop-ozone/integration-test/target/test-dir/MiniOzoneClusterImpl-06581d8d-c2e4-4d94-a862-518568baa486/datanode-5/data/ratis/063bb4f7-dfa3-4b97-8a9e-bbfea7a1b957 does not exist. Creating ...
2019-09-05 11:07:52,884 [pool-409-thread-1] INFO  storage.RaftStorageDirectory (RaftStorageDirectory.java:analyzeStorage(246)) - The storage directory /workdir/hadoop-ozone/integration-test/target/test-dir/MiniOzoneClusterImpl-06581d8d-c2e4-4d94-a862-518568baa486/datanode-0/data/ratis/063bb4f7-dfa3-4b97-8a9e-bbfea7a1b957 does not exist. Creating ...
2019-09-05 11:07:52,938 [pool-409-thread-1] INFO  storage.RaftStorageDirectory (RaftStorageDirectory.java:tryLock(328)) - Lock on /workdir/hadoop-ozone/integration-test/target/test-dir/MiniOzoneClusterImpl-06581d8d-c2e4-4d94-a862-518568baa486/datanode-0/data/ratis/063bb4f7-dfa3-4b97-8a9e-bbfea7a1b957/in_use.lock acquired by nodename 23600@pr-hdds-1561-gm47z-337254333
2019-09-05 11:07:52,938 [pool-459-thread-1] INFO  storage.RaftStorageDirectory (RaftStorageDirectory.java:tryLock(328)) - Lock on /workdir/hadoop-ozone/integration-test/target/test-dir/MiniOzoneClusterImpl-06581d8d-c2e4-4d94-a862-518568baa486/datanode-5/data/ratis/063bb4f7-dfa3-4b97-8a9e-bbfea7a1b957/in_use.lock acquired by nodename 23600@pr-hdds-1561-gm47z-337254333
2019-09-05 11:07:52,938 [pool-429-thread-1] INFO  storage.RaftStorageDirectory (RaftStorageDirectory.java:tryLock(328)) - Lock on /workdir/hadoop-ozone/integration-test/target/test-dir/MiniOzoneClusterImpl-06581d8d-c2e4-4d94-a862-518568baa486/datanode-2/data/ratis/063bb4f7-dfa3-4b97-8a9e-bbfea7a1b957/in_use.lock acquired by nodename 23600@pr-hdds-1561-gm47z-337254333
2019-09-05 11:07:53,188 [main] INFO  ozoneimpl.OzoneContainer (OzoneContainer.java:stop(216)) - Attempting to stop container services.
2019-09-05 11:07:53,188 [main] INFO  impl.RaftServerProxy (RaftServerProxy.java:lambda$close$4(314)) - e3a08138-bcbc-4acb-87dc-f1195608ab57: close
2019-09-05 11:07:53,189 [main] INFO  impl.RaftServerImpl (RaftServerImpl.java:lambda$shutdown$3(251)) - e3a08138-bcbc-4acb-87dc-f1195608ab57@group-A05EB53D3152: shutdown
2019-09-05 11:07:53,189 [main] INFO  util.JmxRegister (JmxRegister.java:unregister(73)) - Successfully un-registered JMX Bean with object name Ratis:service=RaftServer,group=group-A05EB53D3152,id=e3a08138-bcbc-4acb-87dc-f1195608ab57
2019-09-05 11:07:53,189 [main] INFO  impl.RoleInfo (RoleInfo.java:shutdownLeaderState(104)) - e3a08138-bcbc-4acb-87dc-f1195608ab57: shutdown LeaderState
2019-09-05 11:07:53,190 [main] INFO  impl.PendingRequests (PendingRequests.java:sendNotLeaderResponses(202)) - e3a08138-bcbc-4acb-87dc-f1195608ab57-PendingRequests: sendNotLeaderResponses
2019-09-05 11:07:53,190 [org.apache.ratis.server.impl.LogAppender$AppenderDaemon$$Lambda$473/1880504537@1f192c6b] WARN  server.GrpcLogAppender (GrpcLogAppender.java:mayWait(143)) - e3a08138-bcbc-4acb-87dc-f1195608ab57@group-A05EB53D3152->4fc6afb9-3f9c-4be8-93ce-657a33e3c6ff-GrpcLogAppender: Wait interrupted by java.lang.InterruptedException
2019-09-05 11:07:53,190 [org.apache.ratis.server.impl.LogAppender$AppenderDaemon$$Lambda$473/1880504537@51257f86] WARN  server.GrpcLogAppender (GrpcLogAppender.java:mayWait(143)) - e3a08138-bcbc-4acb-87dc-f1195608ab57@group-A05EB53D3152->91f1ec4b-d07c-4bfe-85d9-e7c7373ee128-GrpcLogAppender: Wait interrupted by java.lang.InterruptedException
2019-09-05 11:07:53,195 [main] INFO  impl.StateMachineUpdater (StateMachineUpdater.java:stopAndJoin(125)) - e3a08138-bcbc-4acb-87dc-f1195608ab57@group-A05EB53D3152-StateMachineUpdater: set stopIndex = 16
2019-09-05 11:07:53,195 [e3a08138-bcbc-4acb-87dc-f1195608ab57@group-A05EB53D3152-StateMachineUpdater] INFO  ratis.ContainerStateMachine (ContainerStateMachine.java:takeSnapshot(289)) - group-A05EB53D3152: Taking a snapshot at:(t:3, i:14) file /workdir/hadoop-ozone/integration-test/target/test-dir/MiniOzoneClusterImpl-06581d8d-c2e4-4d94-a862-518568baa486/datanode-6/data/ratis/c72930a9-1d25-4188-aa9d-a05eb53d3152/sm/snapshot.3_14
2019-09-05 11:07:53,195 [grpc-default-executor-10] INFO  server.GrpcServerProtocolService (GrpcServerProtocolService.java:onCompleted(113)) - 91f1ec4b-d07c-4bfe-85d9-e7c7373ee128: Completed APPEND_ENTRIES, lastRequest: e3a08138-bcbc-4acb-87dc-f1195608ab57->91f1ec4b-d07c-4bfe-85d9-e7c7373ee128#49-t3, previous=(t:3, i:16), leaderCommit=16, initializing? false, entries: <empty>
2019-09-05 11:07:53,195 [grpc-default-executor-6] INFO  server.GrpcServerProtocolService (GrpcServerProtocolService.java:onCompleted(113)) - 4fc6afb9-3f9c-4be8-93ce-657a33e3c6ff: Completed APPEND_ENTRIES, lastRequest: e3a08138-bcbc-4acb-87dc-f1195608ab57->4fc6afb9-3f9c-4be8-93ce-657a33e3c6ff#49-t3, previous=(t:3, i:16), leaderCommit=16, initializing? false, entries: <empty>
2019-09-05 11:07:53,196 [grpc-default-executor-10] INFO  server.GrpcLogAppender (GrpcLogAppender.java:onCompleted(293)) - e3a08138-bcbc-4acb-87dc-f1195608ab57@group-A05EB53D3152->91f1ec4b-d07c-4bfe-85d9-e7c7373ee128-AppendLogResponseHandler: follower responses appendEntries COMPLETED
2019-09-05 11:07:53,196 [grpc-default-executor-6] INFO  server.GrpcLogAppender (GrpcLogAppender.java:onCompleted(293)) - e3a08138-bcbc-4acb-87dc-f1195608ab57@group-A05EB53D3152->4fc6afb9-3f9c-4be8-93ce-657a33e3c6ff-AppendLogResponseHandler: follower responses appendEntries COMPLETED
2019-09-05 11:07:53,196 [grpc-default-executor-10] INFO  impl.FollowerInfo (FollowerInfo.java:lambda$new$0(51)) - e3a08138-bcbc-4acb-87dc-f1195608ab57@group-A05EB53D3152->91f1ec4b-d07c-4bfe-85d9-e7c7373ee128: nextIndex: updateUnconditionally 17 -> 16
2019-09-05 11:07:53,196 [grpc-default-executor-6] INFO  impl.FollowerInfo (FollowerInfo.java:lambda$new$0(51)) - e3a08138-bcbc-4acb-87dc-f1195608ab57@group-A05EB53D3152->4fc6afb9-3f9c-4be8-93ce-657a33e3c6ff: nextIndex: updateUnconditionally 17 -> 16
2019-09-05 11:07:53,217 [pool-429-thread-1] INFO  storage.RaftStorage (RaftStorage.java:format(72)) - Storage directory /workdir/hadoop-ozone/integration-test/target/test-dir/MiniOzoneClusterImpl-06581d8d-c2e4-4d94-a862-518568baa486/datanode-2/data/ratis/063bb4f7-dfa3-4b97-8a9e-bbfea7a1b957 has been successfully formatted.
2019-09-05 11:07:53,217 [pool-459-thread-1] INFO  storage.RaftStorage (RaftStorage.java:format(72)) - Storage directory /workdir/hadoop-ozone/integration-test/target/test-dir/MiniOzoneClusterImpl-06581d8d-c2e4-4d94-a862-518568baa486/datanode-5/data/ratis/063bb4f7-dfa3-4b97-8a9e-bbfea7a1b957 has been successfully formatted.
2019-09-05 11:07:53,217 [pool-409-thread-1] INFO  storage.RaftStorage (RaftStorage.java:format(72)) - Storage directory /workdir/hadoop-ozone/integration-test/target/test-dir/MiniOzoneClusterImpl-06581d8d-c2e4-4d94-a862-518568baa486/datanode-0/data/ratis/063bb4f7-dfa3-4b97-8a9e-bbfea7a1b957 has been successfully formatted.
2019-09-05 11:07:53,218 [pool-429-thread-1] INFO  ratis.ContainerStateMachine (ContainerStateMachine.java:loadSnapshot(232)) - group-BBFEA7A1B957: The snapshot info is null. Setting the last applied indexto:(t:0, i:~)
2019-09-05 11:07:53,218 [pool-409-thread-1] INFO  ratis.ContainerStateMachine (ContainerStateMachine.java:loadSnapshot(232)) - group-BBFEA7A1B957: The snapshot info is null. Setting the last applied indexto:(t:0, i:~)
2019-09-05 11:07:53,218 [pool-459-thread-1] INFO  ratis.ContainerStateMachine (ContainerStateMachine.java:loadSnapshot(232)) - group-BBFEA7A1B957: The snapshot info is null. Setting the last applied indexto:(t:0, i:~)
2019-09-05 11:07:53,218 [pool-409-thread-1] INFO  server.RaftServerConfigKeys (ConfUtils.java:logGet(43)) - raft.server.notification.no-leader.timeout = 120s (custom)
2019-09-05 11:07:53,218 [pool-429-thread-1] INFO  server.RaftServerConfigKeys (ConfUtils.java:logGet(43)) - raft.server.notification.no-leader.timeout = 120s (custom)
2019-09-05 11:07:53,218 [pool-409-thread-1] INFO  server.RaftServerConfigKeys (ConfUtils.java:logGet(43)) - raft.server.log.use.memory = false (default)
2019-09-05 11:07:53,218 [pool-459-thread-1] INFO  server.RaftServerConfigKeys (ConfUtils.java:logGet(43)) - raft.server.notification.no-leader.timeout = 120s (custom)
2019-09-05 11:07:53,218 [pool-409-thread-1] INFO  server.RaftServerConfigKeys (ConfUtils.java:logGet(43)) - raft.server.log.purge.gap = 1000000 (custom)
2019-09-05 11:07:53,218 [pool-429-thread-1] INFO  server.RaftServerConfigKeys (ConfUtils.java:logGet(43)) - raft.server.log.use.memory = false (default)
2019-09-05 11:07:53,219 [pool-409-thread-1] INFO  server.RaftServerConfigKeys (ConfUtils.java:logGet(43)) - raft.server.log.appender.buffer.byte-limit = 33554432 (custom)
2019-09-05 11:07:53,219 [pool-459-thread-1] INFO  server.RaftServerConfigKeys (ConfUtils.java:logGet(43)) - raft.server.log.use.memory = false (default)
2019-09-05 11:07:53,219 [pool-409-thread-1] INFO  server.RaftServerConfigKeys (ConfUtils.java:logGet(43)) - raft.server.log.segment.size.max = 1048576 (custom)
2019-09-05 11:07:53,219 [pool-429-thread-1] INFO  server.RaftServerConfigKeys (ConfUtils.java:logGet(43)) - raft.server.log.purge.gap = 1000000 (custom)
2019-09-05 11:07:53,219 [pool-409-thread-1] INFO  server.RaftServerConfigKeys (ConfUtils.java:logGet(43)) - raft.server.log.segment.cache.num.max = 2 (custom)
2019-09-05 11:07:53,219 [pool-459-thread-1] INFO  server.RaftServerConfigKeys (ConfUtils.java:logGet(43)) - raft.server.log.purge.gap = 1000000 (custom)
2019-09-05 11:07:53,220 [pool-409-thread-1] INFO  segmented.SegmentedRaftLogWorker (SegmentedRaftLogWorker.java:<init>(172)) - new 91f1ec4b-d07c-4bfe-85d9-e7c7373ee128@group-BBFEA7A1B957-SegmentedRaftLogWorker for RaftStorage:Storage Directory /workdir/hadoop-ozone/integration-test/target/test-dir/MiniOzoneClusterImpl-06581d8d-c2e4-4d94-a862-518568baa486/datanode-0/data/ratis/063bb4f7-dfa3-4b97-8a9e-bbfea7a1b957
2019-09-05 11:07:53,219 [pool-429-thread-1] INFO  server.RaftServerConfigKeys (ConfUtils.java:logGet(43)) - raft.server.log.appender.buffer.byte-limit = 33554432 (custom)
2019-09-05 11:07:53,220 [pool-459-thread-1] INFO  server.RaftServerConfigKeys (ConfUtils.java:logGet(43)) - raft.server.log.appender.buffer.byte-limit = 33554432 (custom)
2019-09-05 11:07:53,220 [pool-409-thread-1] INFO  server.RaftServerConfigKeys (ConfUtils.java:logGet(43)) - raft.server.log.queue.byte-limit = 2147483647 (custom)
2019-09-05 11:07:53,220 [pool-429-thread-1] INFO  server.RaftServerConfigKeys (ConfUtils.java:logGet(43)) - raft.server.log.segment.size.max = 1048576 (custom)
2019-09-05 11:07:53,220 [pool-409-thread-1] INFO  server.RaftServerConfigKeys (ConfUtils.java:logGet(43)) - raft.server.log.queue.element-limit = 1024 (custom)
2019-09-05 11:07:53,220 [pool-459-thread-1] INFO  server.RaftServerConfigKeys (ConfUtils.java:logGet(43)) - raft.server.log.segment.size.max = 1048576 (custom)
2019-09-05 11:07:53,220 [pool-409-thread-1] INFO  server.RaftServerConfigKeys (ConfUtils.java:logGet(43)) - raft.server.log.segment.size.max = 1048576 (custom)
2019-09-05 11:07:53,220 [pool-429-thread-1] INFO  server.RaftServerConfigKeys (ConfUtils.java:logGet(43)) - raft.server.log.segment.cache.num.max = 2 (custom)
2019-09-05 11:07:53,221 [pool-409-thread-1] INFO  server.RaftServerConfigKeys (ConfUtils.java:logGet(43)) - raft.server.log.preallocated.size = 16384 (custom)
2019-09-05 11:07:53,221 [pool-459-thread-1] INFO  server.RaftServerConfigKeys (ConfUtils.java:logGet(43)) - raft.server.log.segment.cache.num.max = 2 (custom)
2019-09-05 11:07:53,221 [pool-409-thread-1] INFO  server.RaftServerConfigKeys (ConfUtils.java:logGet(43)) - raft.server.log.write.buffer.size = 33554432 (custom)
2019-09-05 11:07:53,221 [pool-429-thread-1] INFO  segmented.SegmentedRaftLogWorker (SegmentedRaftLogWorker.java:<init>(172)) - new 89f16946-17a7-47cd-87e0-140db9ee23a2@group-BBFEA7A1B957-SegmentedRaftLogWorker for RaftStorage:Storage Directory /workdir/hadoop-ozone/integration-test/target/test-dir/MiniOzoneClusterImpl-06581d8d-c2e4-4d94-a862-518568baa486/datanode-2/data/ratis/063bb4f7-dfa3-4b97-8a9e-bbfea7a1b957
2019-09-05 11:07:53,221 [pool-409-thread-1] INFO  server.RaftServerConfigKeys (ConfUtils.java:logGet(43)) - raft.server.log.force.sync.num = 128 (default)
2019-09-05 11:07:53,221 [pool-459-thread-1] INFO  segmented.SegmentedRaftLogWorker (SegmentedRaftLogWorker.java:<init>(172)) - new 4fc6afb9-3f9c-4be8-93ce-657a33e3c6ff@group-BBFEA7A1B957-SegmentedRaftLogWorker for RaftStorage:Storage Directory /workdir/hadoop-ozone/integration-test/target/test-dir/MiniOzoneClusterImpl-06581d8d-c2e4-4d94-a862-518568baa486/datanode-5/data/ratis/063bb4f7-dfa3-4b97-8a9e-bbfea7a1b957
2019-09-05 11:07:53,221 [pool-409-thread-1] INFO  server.RaftServerConfigKeys (ConfUtils.java:logGet(43)) - raft.server.log.statemachine.data.sync = true (default)
2019-09-05 11:07:53,221 [pool-429-thread-1] INFO  server.RaftServerConfigKeys (ConfUtils.java:logGet(43)) - raft.server.log.queue.byte-limit = 2147483647 (custom)
2019-09-05 11:07:53,221 [pool-409-thread-1] INFO  server.RaftServerConfigKeys (ConfUtils.java:logGet(43)) - raft.server.log.statemachine.data.sync.timeout = 10s (default)
2019-09-05 11:07:53,222 [pool-409-thread-1] INFO  server.RaftServerConfigKeys (ConfUtils.java:logGet(43)) - raft.server.log.statemachine.data.sync.timeout.retry = -1 (default)
2019-09-05 11:07:53,221 [pool-459-thread-1] INFO  server.RaftServerConfigKeys (ConfUtils.java:logGet(43)) - raft.server.log.queue.byte-limit = 2147483647 (custom)
2019-09-05 11:07:53,222 [pool-409-thread-1] INFO  server.RaftServerConfigKeys (ConfUtils.java:logGet(43)) - raft.server.log.statemachine.data.caching.enabled = true (custom)
2019-09-05 11:07:53,222 [pool-429-thread-1] INFO  server.RaftServerConfigKeys (ConfUtils.java:logGet(43)) - raft.server.log.queue.element-limit = 1024 (custom)
2019-09-05 11:07:53,222 [pool-459-thread-1] INFO  server.RaftServerConfigKeys (ConfUtils.java:logGet(43)) - raft.server.log.queue.element-limit = 1024 (custom)
2019-09-05 11:07:53,222 [pool-429-thread-1] INFO  server.RaftServerConfigKeys (ConfUtils.java:logGet(43)) - raft.server.log.segment.size.max = 1048576 (custom)
2019-09-05 11:07:53,222 [pool-409-thread-1] INFO  segmented.SegmentedRaftLogWorker (SegmentedRaftLogWorker.java:lambda$new$0(132)) - 91f1ec4b-d07c-4bfe-85d9-e7c7373ee128@group-BBFEA7A1B957-SegmentedRaftLogWorker: flushIndex: setUnconditionally 0 -> -1
2019-09-05 11:07:53,222 [pool-429-thread-1] INFO  server.RaftServerConfigKeys (ConfUtils.java:logGet(43)) - raft.server.log.preallocated.size = 16384 (custom)
2019-09-05 11:07:53,222 [pool-459-thread-1] INFO  server.RaftServerConfigKeys (ConfUtils.java:logGet(43)) - raft.server.log.segment.size.max = 1048576 (custom)
2019-09-05 11:07:53,223 [pool-409-thread-1] INFO  server.RaftServerConfigKeys (ConfUtils.java:logGet(43)) - raft.server.snapshot.auto.trigger.enabled = true (custom)
2019-09-05 11:07:53,223 [pool-429-thread-1] INFO  server.RaftServerConfigKeys (ConfUtils.java:logGet(43)) - raft.server.log.write.buffer.size = 33554432 (custom)
2019-09-05 11:07:53,223 [pool-409-thread-1] INFO  server.RaftServerConfigKeys (ConfUtils.java:logGet(43)) - raft.server.snapshot.auto.trigger.threshold = 10000 (custom)
2019-09-05 11:07:53,223 [pool-459-thread-1] INFO  server.RaftServerConfigKeys (ConfUtils.java:logGet(43)) - raft.server.log.preallocated.size = 16384 (custom)
2019-09-05 11:07:53,223 [pool-409-thread-1] INFO  server.RaftServerConfigKeys (ConfUtils.java:logGet(43)) - raft.server.snapshot.retention.num.files = -1 (default)
2019-09-05 11:07:53,223 [pool-429-thread-1] INFO  server.RaftServerConfigKeys (ConfUtils.java:logGet(43)) - raft.server.log.force.sync.num = 128 (default)
2019-09-05 11:07:53,223 [pool-409-thread-1] INFO  server.RaftServerConfigKeys (ConfUtils.java:logGet(43)) - raft.server.retrycache.expirytime = 600000ms (custom)
2019-09-05 11:07:53,223 [pool-459-thread-1] INFO  server.RaftServerConfigKeys (ConfUtils.java:logGet(43)) - raft.server.log.write.buffer.size = 33554432 (custom)
2019-09-05 11:07:53,224 [pool-429-thread-1] INFO  server.RaftServerConfigKeys (ConfUtils.java:logGet(43)) - raft.server.log.statemachine.data.sync = true (default)
2019-09-05 11:07:53,224 [pool-459-thread-1] INFO  server.RaftServerConfigKeys (ConfUtils.java:logGet(43)) - raft.server.log.force.sync.num = 128 (default)
2019-09-05 11:07:53,224 [pool-429-thread-1] INFO  server.RaftServerConfigKeys (ConfUtils.java:logGet(43)) - raft.server.log.statemachine.data.sync.timeout = 10s (default)
2019-09-05 11:07:53,224 [pool-459-thread-1] INFO  server.RaftServerConfigKeys (ConfUtils.java:logGet(43)) - raft.server.log.statemachine.data.sync = true (default)
2019-09-05 11:07:53,224 [pool-429-thread-1] INFO  server.RaftServerConfigKeys (ConfUtils.java:logGet(43)) - raft.server.log.statemachine.data.sync.timeout.retry = -1 (default)
2019-09-05 11:07:53,224 [pool-459-thread-1] INFO  server.RaftServerConfigKeys (ConfUtils.java:logGet(43)) - raft.server.log.statemachine.data.sync.timeout = 10s (default)
2019-09-05 11:07:53,225 [pool-429-thread-1] INFO  server.RaftServerConfigKeys (ConfUtils.java:logGet(43)) - raft.server.log.statemachine.data.caching.enabled = true (custom)
2019-09-05 11:07:53,225 [pool-459-thread-1] INFO  server.RaftServerConfigKeys (ConfUtils.java:logGet(43)) - raft.server.log.statemachine.data.sync.timeout.retry = -1 (default)
2019-09-05 11:07:53,225 [pool-429-thread-1] INFO  segmented.SegmentedRaftLogWorker (SegmentedRaftLogWorker.java:lambda$new$0(132)) - 89f16946-17a7-47cd-87e0-140db9ee23a2@group-BBFEA7A1B957-SegmentedRaftLogWorker: flushIndex: setUnconditionally 0 -> -1
2019-09-05 11:07:53,225 [pool-459-thread-1] INFO  server.RaftServerConfigKeys (ConfUtils.java:logGet(43)) - raft.server.log.statemachine.data.caching.enabled = true (custom)
2019-09-05 11:07:53,225 [pool-429-thread-1] INFO  server.RaftServerConfigKeys (ConfUtils.java:logGet(43)) - raft.server.snapshot.auto.trigger.enabled = true (custom)
2019-09-05 11:07:53,226 [pool-459-thread-1] INFO  segmented.SegmentedRaftLogWorker (SegmentedRaftLogWorker.java:lambda$new$0(132)) - 4fc6afb9-3f9c-4be8-93ce-657a33e3c6ff@group-BBFEA7A1B957-SegmentedRaftLogWorker: flushIndex: setUnconditionally 0 -> -1
2019-09-05 11:07:53,226 [pool-429-thread-1] INFO  server.RaftServerConfigKeys (ConfUtils.java:logGet(43)) - raft.server.snapshot.auto.trigger.threshold = 10000 (custom)
2019-09-05 11:07:53,226 [pool-429-thread-1] INFO  server.RaftServerConfigKeys (ConfUtils.java:logGet(43)) - raft.server.snapshot.retention.num.files = -1 (default)
2019-09-05 11:07:53,226 [pool-459-thread-1] INFO  server.RaftServerConfigKeys (ConfUtils.java:logGet(43)) - raft.server.snapshot.auto.trigger.enabled = true (custom)
2019-09-05 11:07:53,226 [pool-429-thread-1] INFO  server.RaftServerConfigKeys (ConfUtils.java:logGet(43)) - raft.server.retrycache.expirytime = 600000ms (custom)
2019-09-05 11:07:53,226 [pool-459-thread-1] INFO  server.RaftServerConfigKeys (ConfUtils.java:logGet(43)) - raft.server.snapshot.auto.trigger.threshold = 10000 (custom)
2019-09-05 11:07:53,226 [pool-459-thread-1] INFO  server.RaftServerConfigKeys (ConfUtils.java:logGet(43)) - raft.server.snapshot.retention.num.files = -1 (default)
2019-09-05 11:07:53,227 [pool-459-thread-1] INFO  server.RaftServerConfigKeys (ConfUtils.java:logGet(43)) - raft.server.retrycache.expirytime = 600000ms (custom)
2019-09-05 11:07:53,230 [pool-409-thread-1] INFO  impl.RaftServerImpl (RaftServerImpl.java:start(185)) - 91f1ec4b-d07c-4bfe-85d9-e7c7373ee128@group-BBFEA7A1B957: start as a follower, conf=-1: [4fc6afb9-3f9c-4be8-93ce-657a33e3c6ff:192.168.36.83:46330, 91f1ec4b-d07c-4bfe-85d9-e7c7373ee128:192.168.36.83:38975, 89f16946-17a7-47cd-87e0-140db9ee23a2:192.168.36.83:33461], old=null
2019-09-05 11:07:53,230 [pool-409-thread-1] INFO  impl.RaftServerImpl (RaftServerImpl.java:setRole(174)) - 91f1ec4b-d07c-4bfe-85d9-e7c7373ee128@group-BBFEA7A1B957: changes role from      null to FOLLOWER at term 0 for startAsFollower
2019-09-05 11:07:53,230 [pool-429-thread-1] INFO  impl.RaftServerImpl (RaftServerImpl.java:start(185)) - 89f16946-17a7-47cd-87e0-140db9ee23a2@group-BBFEA7A1B957: start as a follower, conf=-1: [4fc6afb9-3f9c-4be8-93ce-657a33e3c6ff:192.168.36.83:46330, 91f1ec4b-d07c-4bfe-85d9-e7c7373ee128:192.168.36.83:38975, 89f16946-17a7-47cd-87e0-140db9ee23a2:192.168.36.83:33461], old=null
2019-09-05 11:07:53,231 [pool-459-thread-1] INFO  impl.RaftServerImpl (RaftServerImpl.java:start(185)) - 4fc6afb9-3f9c-4be8-93ce-657a33e3c6ff@group-BBFEA7A1B957: start as a follower, conf=-1: [4fc6afb9-3f9c-4be8-93ce-657a33e3c6ff:192.168.36.83:46330, 91f1ec4b-d07c-4bfe-85d9-e7c7373ee128:192.168.36.83:38975, 89f16946-17a7-47cd-87e0-140db9ee23a2:192.168.36.83:33461], old=null
2019-09-05 11:07:53,230 [pool-409-thread-1] INFO  impl.RoleInfo (RoleInfo.java:updateAndGet(143)) - 91f1ec4b-d07c-4bfe-85d9-e7c7373ee128: start FollowerState
2019-09-05 11:07:53,231 [pool-459-thread-1] INFO  impl.RaftServerImpl (RaftServerImpl.java:setRole(174)) - 4fc6afb9-3f9c-4be8-93ce-657a33e3c6ff@group-BBFEA7A1B957: changes role from      null to FOLLOWER at term 0 for startAsFollower
2019-09-05 11:07:53,231 [pool-429-thread-1] INFO  impl.RaftServerImpl (RaftServerImpl.java:setRole(174)) - 89f16946-17a7-47cd-87e0-140db9ee23a2@group-BBFEA7A1B957: changes role from      null to FOLLOWER at term 0 for startAsFollower
2019-09-05 11:07:53,231 [pool-459-thread-1] INFO  impl.RoleInfo (RoleInfo.java:updateAndGet(143)) - 4fc6afb9-3f9c-4be8-93ce-657a33e3c6ff: start FollowerState
2019-09-05 11:07:53,231 [pool-409-thread-1] INFO  util.JmxRegister (JmxRegister.java:tryRegister(44)) - Successfully registered JMX Bean with object name Ratis:service=RaftServer,group=group-BBFEA7A1B957,id=91f1ec4b-d07c-4bfe-85d9-e7c7373ee128
2019-09-05 11:07:53,231 [pool-429-thread-1] INFO  impl.RoleInfo (RoleInfo.java:updateAndGet(143)) - 89f16946-17a7-47cd-87e0-140db9ee23a2: start FollowerState
2019-09-05 11:07:53,231 [pool-459-thread-1] INFO  util.JmxRegister (JmxRegister.java:tryRegister(44)) - Successfully registered JMX Bean with object name Ratis:service=RaftServer,group=group-BBFEA7A1B957,id=4fc6afb9-3f9c-4be8-93ce-657a33e3c6ff
2019-09-05 11:07:53,232 [pool-429-thread-1] INFO  util.JmxRegister (JmxRegister.java:tryRegister(44)) - Successfully registered JMX Bean with object name Ratis:service=RaftServer,group=group-BBFEA7A1B957,id=89f16946-17a7-47cd-87e0-140db9ee23a2
2019-09-05 11:07:53,234 [RatisPipelineUtilsThread] INFO  pipeline.PipelineStateManager (PipelineStateManager.java:addPipeline(56)) - Created pipeline Pipeline[ Id: 063bb4f7-dfa3-4b97-8a9e-bbfea7a1b957, Nodes: 91f1ec4b-d07c-4bfe-85d9-e7c7373ee128{ip: 192.168.36.83, host: pr-hdds-1561-gm47z-337254333, networkLocation: /default-rack, certSerialId: null}4fc6afb9-3f9c-4be8-93ce-657a33e3c6ff{ip: 192.168.36.83, host: pr-hdds-1561-gm47z-337254333, networkLocation: /default-rack, certSerialId: null}89f16946-17a7-47cd-87e0-140db9ee23a2{ip: 192.168.36.83, host: pr-hdds-1561-gm47z-337254333, networkLocation: /default-rack, certSerialId: null}, Type:RATIS, Factor:THREE, State:OPEN]
2019-09-05 11:07:53,300 [e3a08138-bcbc-4acb-87dc-f1195608ab57@group-A05EB53D3152-StateMachineUpdater] INFO  ratis.ContainerStateMachine (ContainerStateMachine.java:takeSnapshot(300)) - group-A05EB53D3152: Finished taking a snapshot at:(t:3, i:14) file:/workdir/hadoop-ozone/integration-test/target/test-dir/MiniOzoneClusterImpl-06581d8d-c2e4-4d94-a862-518568baa486/datanode-6/data/ratis/c72930a9-1d25-4188-aa9d-a05eb53d3152/sm/snapshot.3_14 time:105
2019-09-05 11:07:53,300 [e3a08138-bcbc-4acb-87dc-f1195608ab57@group-A05EB53D3152-StateMachineUpdater] INFO  impl.StateMachineUpdater (StateMachineUpdater.java:takeSnapshot(258)) - e3a08138-bcbc-4acb-87dc-f1195608ab57@group-A05EB53D3152-StateMachineUpdater: Took a snapshot at index 14
2019-09-05 11:07:53,300 [e3a08138-bcbc-4acb-87dc-f1195608ab57@group-A05EB53D3152-StateMachineUpdater] INFO  impl.StateMachineUpdater (StateMachineUpdater.java:lambda$new$0(83)) - e3a08138-bcbc-4acb-87dc-f1195608ab57@group-A05EB53D3152-StateMachineUpdater: snapshotIndex: updateIncreasingly -1 -> 14
2019-09-05 11:07:53,300 [e3a08138-bcbc-4acb-87dc-f1195608ab57@group-A05EB53D3152-StateMachineUpdater] INFO  ratis.ContainerStateMachine (ContainerStateMachine.java:takeSnapshot(289)) - group-A05EB53D3152: Taking a snapshot at:(t:3, i:14) file /workdir/hadoop-ozone/integration-test/target/test-dir/MiniOzoneClusterImpl-06581d8d-c2e4-4d94-a862-518568baa486/datanode-6/data/ratis/c72930a9-1d25-4188-aa9d-a05eb53d3152/sm/snapshot.3_14
2019-09-05 11:07:53,362 [e3a08138-bcbc-4acb-87dc-f1195608ab57@group-A05EB53D3152-StateMachineUpdater] INFO  ratis.ContainerStateMachine (ContainerStateMachine.java:takeSnapshot(300)) - group-A05EB53D3152: Finished taking a snapshot at:(t:3, i:14) file:/workdir/hadoop-ozone/integration-test/target/test-dir/MiniOzoneClusterImpl-06581d8d-c2e4-4d94-a862-518568baa486/datanode-6/data/ratis/c72930a9-1d25-4188-aa9d-a05eb53d3152/sm/snapshot.3_14 time:62
2019-09-05 11:07:53,362 [e3a08138-bcbc-4acb-87dc-f1195608ab57@group-A05EB53D3152-StateMachineUpdater] INFO  impl.StateMachineUpdater (StateMachineUpdater.java:takeSnapshot(258)) - e3a08138-bcbc-4acb-87dc-f1195608ab57@group-A05EB53D3152-StateMachineUpdater: Took a snapshot at index 14
2019-09-05 11:07:53,363 [e3a08138-bcbc-4acb-87dc-f1195608ab57@group-A05EB53D3152-StateMachineUpdater] INFO  impl.StateMachineUpdater (StateMachineUpdater.java:lambda$new$0(83)) - e3a08138-bcbc-4acb-87dc-f1195608ab57@group-A05EB53D3152-StateMachineUpdater: snapshotIndex: updateIncreasingly 14 -> 14
2019-09-05 11:07:53,363 [main] INFO  impl.RaftServerImpl (ServerState.java:close(385)) - e3a08138-bcbc-4acb-87dc-f1195608ab57@group-A05EB53D3152: closes. applyIndex: 16
2019-09-05 11:07:53,363 [e3a08138-bcbc-4acb-87dc-f1195608ab57@group-A05EB53D3152-SegmentedRaftLogWorker] INFO  segmented.SegmentedRaftLogWorker (SegmentedRaftLogWorker.java:run(313)) - e3a08138-bcbc-4acb-87dc-f1195608ab57@group-A05EB53D3152-SegmentedRaftLogWorker was interrupted, exiting. There are 0 tasks remaining in the queue.
2019-09-05 11:07:53,366 [main] INFO  segmented.SegmentedRaftLogWorker (SegmentedRaftLogWorker.java:close(228)) - e3a08138-bcbc-4acb-87dc-f1195608ab57@group-A05EB53D3152-SegmentedRaftLogWorker close()
2019-09-05 11:07:53,371 [main] INFO  impl.RaftServerImpl (RaftServerImpl.java:lambda$shutdown$3(251)) - e3a08138-bcbc-4acb-87dc-f1195608ab57@group-4809F4167C0F: shutdown
2019-09-05 11:07:53,371 [main] INFO  util.JmxRegister (JmxRegister.java:unregister(73)) - Successfully un-registered JMX Bean with object name Ratis:service=RaftServer,group=group-4809F4167C0F,id=e3a08138-bcbc-4acb-87dc-f1195608ab57
2019-09-05 11:07:53,371 [main] INFO  impl.RoleInfo (RoleInfo.java:shutdownLeaderState(104)) - e3a08138-bcbc-4acb-87dc-f1195608ab57: shutdown LeaderState
2019-09-05 11:07:53,372 [main] INFO  impl.PendingRequests (PendingRequests.java:sendNotLeaderResponses(202)) - e3a08138-bcbc-4acb-87dc-f1195608ab57-PendingRequests: sendNotLeaderResponses
2019-09-05 11:07:53,372 [main] INFO  impl.StateMachineUpdater (StateMachineUpdater.java:stopAndJoin(125)) - e3a08138-bcbc-4acb-87dc-f1195608ab57@group-4809F4167C0F-StateMachineUpdater: set stopIndex = 0
2019-09-05 11:07:53,372 [main] INFO  impl.RaftServerImpl (ServerState.java:close(385)) - e3a08138-bcbc-4acb-87dc-f1195608ab57@group-4809F4167C0F: closes. applyIndex: 0
2019-09-05 11:07:53,373 [e3a08138-bcbc-4acb-87dc-f1195608ab57@group-4809F4167C0F-SegmentedRaftLogWorker] INFO  segmented.SegmentedRaftLogWorker (SegmentedRaftLogWorker.java:run(313)) - e3a08138-bcbc-4acb-87dc-f1195608ab57@group-4809F4167C0F-SegmentedRaftLogWorker was interrupted, exiting. There are 0 tasks remaining in the queue.
2019-09-05 11:07:53,375 [main] INFO  segmented.SegmentedRaftLogWorker (SegmentedRaftLogWorker.java:close(228)) - e3a08138-bcbc-4acb-87dc-f1195608ab57@group-4809F4167C0F-SegmentedRaftLogWorker close()
2019-09-05 11:07:53,379 [main] INFO  server.GrpcService (GrpcService.java:closeImpl(164)) - e3a08138-bcbc-4acb-87dc-f1195608ab57: shutdown server with port 36559 now
2019-09-05 11:07:53,380 [grpc-default-executor-1] WARN  client.GrpcClientProtocolService (LogUtils.java:warn(134)) - 1-UnorderedRequestStreamObserver1: onError: org.apache.ratis.thirdparty.io.grpc.StatusRuntimeException: CANCELLED: cancelled before receiving half close
2019-09-05 11:07:53,380 [main] INFO  server.GrpcService (GrpcService.java:closeImpl(172)) - e3a08138-bcbc-4acb-87dc-f1195608ab57: shutdown server with port 36559 successfully
2019-09-05 11:07:53,382 [refreshUsed-/workdir/hadoop-ozone/integration-test/target/test-dir/MiniOzoneClusterImpl-06581d8d-c2e4-4d94-a862-518568baa486/datanode-6/data/containers] WARN  fs.CachingGetSpaceUsed (CachingGetSpaceUsed.java:run(183)) - Thread Interrupted waiting to refresh disk information: sleep interrupted
2019-09-05 11:07:53,396 [main] INFO  utils.BackgroundService (BackgroundService.java:shutdown(148)) - Shutting down service BlockDeletingService
2019-09-05 11:07:53,402 [main] INFO  statemachine.DatanodeStateMachine (DatanodeStateMachine.java:stopDaemon(395)) - Ozone container server stopped.
2019-09-05 11:07:53,403 [main] INFO  handler.ContextHandler (ContextHandler.java:doStop(910)) - Stopped o.e.j.w.WebAppContext@5396eeb1{/,null,UNAVAILABLE}{/hddsDatanode}
2019-09-05 11:07:53,405 [main] INFO  server.AbstractConnector (AbstractConnector.java:doStop(318)) - Stopped ServerConnector@279126f5{HTTP/1.1,[http/1.1]}{0.0.0.0:0}
2019-09-05 11:07:53,405 [main] INFO  handler.ContextHandler (ContextHandler.java:doStop(910)) - Stopped o.e.j.s.ServletContextHandler@111cba40{/static,jar:file:/home/user/.m2/repository/org/apache/hadoop/hadoop-hdds-container-service/0.5.0-SNAPSHOT/hadoop-hdds-container-service-0.5.0-SNAPSHOT.jar!/webapps/static,UNAVAILABLE}
2019-09-05 11:07:53,406 [main] INFO  handler.ContextHandler (ContextHandler.java:doStop(910)) - Stopped o.e.j.s.ServletContextHandler@4f2ac7e0{/logs,file:///workdir/hadoop-ozone/integration-test/target/log,UNAVAILABLE}
2019-09-05 11:07:53,553 [Datanode State Machine Thread - 0] INFO  statemachine.DatanodeStateMachine (DatanodeStateMachine.java:lambda$startDaemon$0(350)) - Ozone container server started.
2019-09-05 11:07:56,657 [EventQueue-StaleNodeForStaleNodeHandler] INFO  node.StaleNodeHandler (StaleNodeHandler.java:onMessage(58)) - Datanode 89f16946-17a7-47cd-87e0-140db9ee23a2{ip: 192.168.36.83, host: pr-hdds-1561-gm47z-337254333, networkLocation: /default-rack, certSerialId: null} moved to stale state. Finalizing its pipelines [PipelineID=2906686e-c104-4e5d-a1a9-69a34162831a, PipelineID=063bb4f7-dfa3-4b97-8a9e-bbfea7a1b957]
2019-09-05 11:07:56,658 [EventQueue-StaleNodeForStaleNodeHandler] INFO  pipeline.SCMPipelineManager (SCMPipelineManager.java:finalizeAndDestroyPipeline(309)) - destroying pipeline:Pipeline[ Id: 2906686e-c104-4e5d-a1a9-69a34162831a, Nodes: 89f16946-17a7-47cd-87e0-140db9ee23a2{ip: 192.168.36.83, host: pr-hdds-1561-gm47z-337254333, networkLocation: /default-rack, certSerialId: null}, Type:RATIS, Factor:ONE, State:OPEN]
2019-09-05 11:07:56,658 [EventQueue-StaleNodeForStaleNodeHandler] INFO  pipeline.PipelineStateManager (PipelineStateManager.java:finalizePipeline(123)) - Pipeline Pipeline[ Id: 2906686e-c104-4e5d-a1a9-69a34162831a, Nodes: 89f16946-17a7-47cd-87e0-140db9ee23a2{ip: 192.168.36.83, host: pr-hdds-1561-gm47z-337254333, networkLocation: /default-rack, certSerialId: null}, Type:RATIS, Factor:ONE, State:CLOSED] moved to CLOSED state
2019-09-05 11:07:56,659 [EventQueue-StaleNodeForStaleNodeHandler] INFO  pipeline.SCMPipelineManager (SCMPipelineManager.java:finalizeAndDestroyPipeline(309)) - destroying pipeline:Pipeline[ Id: 063bb4f7-dfa3-4b97-8a9e-bbfea7a1b957, Nodes: 91f1ec4b-d07c-4bfe-85d9-e7c7373ee128{ip: 192.168.36.83, host: pr-hdds-1561-gm47z-337254333, networkLocation: /default-rack, certSerialId: null}4fc6afb9-3f9c-4be8-93ce-657a33e3c6ff{ip: 192.168.36.83, host: pr-hdds-1561-gm47z-337254333, networkLocation: /default-rack, certSerialId: null}89f16946-17a7-47cd-87e0-140db9ee23a2{ip: 192.168.36.83, host: pr-hdds-1561-gm47z-337254333, networkLocation: /default-rack, certSerialId: null}, Type:RATIS, Factor:THREE, State:OPEN]
2019-09-05 11:07:56,659 [EventQueue-StaleNodeForStaleNodeHandler] INFO  pipeline.PipelineStateManager (PipelineStateManager.java:finalizePipeline(123)) - Pipeline Pipeline[ Id: 063bb4f7-dfa3-4b97-8a9e-bbfea7a1b957, Nodes: 91f1ec4b-d07c-4bfe-85d9-e7c7373ee128{ip: 192.168.36.83, host: pr-hdds-1561-gm47z-337254333, networkLocation: /default-rack, certSerialId: null}4fc6afb9-3f9c-4be8-93ce-657a33e3c6ff{ip: 192.168.36.83, host: pr-hdds-1561-gm47z-337254333, networkLocation: /default-rack, certSerialId: null}89f16946-17a7-47cd-87e0-140db9ee23a2{ip: 192.168.36.83, host: pr-hdds-1561-gm47z-337254333, networkLocation: /default-rack, certSerialId: null}, Type:RATIS, Factor:THREE, State:CLOSED] moved to CLOSED state
2019-09-05 11:07:57,558 [EventQueue-StaleNodeForStaleNodeHandler] INFO  node.StaleNodeHandler (StaleNodeHandler.java:onMessage(58)) - Datanode 4fc6afb9-3f9c-4be8-93ce-657a33e3c6ff{ip: 192.168.36.83, host: pr-hdds-1561-gm47z-337254333, networkLocation: /default-rack, certSerialId: null} moved to stale state. Finalizing its pipelines [PipelineID=c72930a9-1d25-4188-aa9d-a05eb53d3152, PipelineID=89e21d88-2bfb-4e43-8a7e-e977172cf44d, PipelineID=063bb4f7-dfa3-4b97-8a9e-bbfea7a1b957]
2019-09-05 11:07:57,559 [EventQueue-StaleNodeForStaleNodeHandler] INFO  pipeline.SCMPipelineManager (SCMPipelineManager.java:finalizeAndDestroyPipeline(309)) - destroying pipeline:Pipeline[ Id: c72930a9-1d25-4188-aa9d-a05eb53d3152, Nodes: 91f1ec4b-d07c-4bfe-85d9-e7c7373ee128{ip: 192.168.36.83, host: pr-hdds-1561-gm47z-337254333, networkLocation: /default-rack, certSerialId: null}4fc6afb9-3f9c-4be8-93ce-657a33e3c6ff{ip: 192.168.36.83, host: pr-hdds-1561-gm47z-337254333, networkLocation: /default-rack, certSerialId: null}e3a08138-bcbc-4acb-87dc-f1195608ab57{ip: 192.168.36.83, host: pr-hdds-1561-gm47z-337254333, networkLocation: /default-rack, certSerialId: null}, Type:RATIS, Factor:THREE, State:CLOSED]
2019-09-05 11:07:57,560 [EventQueue-StaleNodeForStaleNodeHandler] INFO  pipeline.SCMPipelineManager (SCMPipelineManager.java:finalizeAndDestroyPipeline(309)) - destroying pipeline:Pipeline[ Id: 89e21d88-2bfb-4e43-8a7e-e977172cf44d, Nodes: 4fc6afb9-3f9c-4be8-93ce-657a33e3c6ff{ip: 192.168.36.83, host: pr-hdds-1561-gm47z-337254333, networkLocation: /default-rack, certSerialId: null}, Type:RATIS, Factor:ONE, State:OPEN]
2019-09-05 11:07:57,561 [EventQueue-StaleNodeForStaleNodeHandler] INFO  pipeline.PipelineStateManager (PipelineStateManager.java:finalizePipeline(123)) - Pipeline Pipeline[ Id: 89e21d88-2bfb-4e43-8a7e-e977172cf44d, Nodes: 4fc6afb9-3f9c-4be8-93ce-657a33e3c6ff{ip: 192.168.36.83, host: pr-hdds-1561-gm47z-337254333, networkLocation: /default-rack, certSerialId: null}, Type:RATIS, Factor:ONE, State:CLOSED] moved to CLOSED state
2019-09-05 11:07:57,561 [EventQueue-StaleNodeForStaleNodeHandler] INFO  pipeline.SCMPipelineManager (SCMPipelineManager.java:finalizeAndDestroyPipeline(309)) - destroying pipeline:Pipeline[ Id: 063bb4f7-dfa3-4b97-8a9e-bbfea7a1b957, Nodes: 91f1ec4b-d07c-4bfe-85d9-e7c7373ee128{ip: 192.168.36.83, host: pr-hdds-1561-gm47z-337254333, networkLocation: /default-rack, certSerialId: null}4fc6afb9-3f9c-4be8-93ce-657a33e3c6ff{ip: 192.168.36.83, host: pr-hdds-1561-gm47z-337254333, networkLocation: /default-rack, certSerialId: null}89f16946-17a7-47cd-87e0-140db9ee23a2{ip: 192.168.36.83, host: pr-hdds-1561-gm47z-337254333, networkLocation: /default-rack, certSerialId: null}, Type:RATIS, Factor:THREE, State:CLOSED]
2019-09-05 11:07:57,607 [ForkJoinPool.commonPool-worker-0] INFO  ozoneimpl.OzoneContainer (OzoneContainer.java:stop(216)) - Attempting to stop container services.
2019-09-05 11:07:57,608 [ForkJoinPool.commonPool-worker-0] INFO  impl.RaftServerProxy (RaftServerProxy.java:lambda$close$4(314)) - 89f16946-17a7-47cd-87e0-140db9ee23a2: close
2019-09-05 11:07:57,609 [ForkJoinPool.commonPool-worker-0] INFO  impl.RaftServerImpl (RaftServerImpl.java:lambda$shutdown$3(251)) - 89f16946-17a7-47cd-87e0-140db9ee23a2@group-69A34162831A: shutdown
2019-09-05 11:07:57,609 [ForkJoinPool.commonPool-worker-0] INFO  util.JmxRegister (JmxRegister.java:unregister(73)) - Successfully un-registered JMX Bean with object name Ratis:service=RaftServer,group=group-69A34162831A,id=89f16946-17a7-47cd-87e0-140db9ee23a2
2019-09-05 11:07:57,609 [ForkJoinPool.commonPool-worker-0] INFO  impl.RoleInfo (RoleInfo.java:shutdownLeaderState(104)) - 89f16946-17a7-47cd-87e0-140db9ee23a2: shutdown LeaderState
2019-09-05 11:07:57,610 [ForkJoinPool.commonPool-worker-0] INFO  impl.PendingRequests (PendingRequests.java:sendNotLeaderResponses(202)) - 89f16946-17a7-47cd-87e0-140db9ee23a2-PendingRequests: sendNotLeaderResponses
2019-09-05 11:07:57,610 [ForkJoinPool.commonPool-worker-0] INFO  impl.StateMachineUpdater (StateMachineUpdater.java:stopAndJoin(125)) - 89f16946-17a7-47cd-87e0-140db9ee23a2@group-69A34162831A-StateMachineUpdater: set stopIndex = 0
2019-09-05 11:07:57,611 [ForkJoinPool.commonPool-worker-0] INFO  impl.RaftServerImpl (ServerState.java:close(385)) - 89f16946-17a7-47cd-87e0-140db9ee23a2@group-69A34162831A: closes. applyIndex: 0
2019-09-05 11:07:57,611 [89f16946-17a7-47cd-87e0-140db9ee23a2@group-69A34162831A-SegmentedRaftLogWorker] INFO  segmented.SegmentedRaftLogWorker (SegmentedRaftLogWorker.java:run(313)) - 89f16946-17a7-47cd-87e0-140db9ee23a2@group-69A34162831A-SegmentedRaftLogWorker was interrupted, exiting. There are 0 tasks remaining in the queue.
2019-09-05 11:07:57,615 [ForkJoinPool.commonPool-worker-0] INFO  segmented.SegmentedRaftLogWorker (SegmentedRaftLogWorker.java:close(228)) - 89f16946-17a7-47cd-87e0-140db9ee23a2@group-69A34162831A-SegmentedRaftLogWorker close()
2019-09-05 11:07:57,617 [ForkJoinPool.commonPool-worker-0] INFO  impl.RaftServerImpl (RaftServerImpl.java:lambda$shutdown$3(251)) - 89f16946-17a7-47cd-87e0-140db9ee23a2@group-BBFEA7A1B957: shutdown
2019-09-05 11:07:57,618 [ForkJoinPool.commonPool-worker-0] INFO  util.JmxRegister (JmxRegister.java:unregister(73)) - Successfully un-registered JMX Bean with object name Ratis:service=RaftServer,group=group-BBFEA7A1B957,id=89f16946-17a7-47cd-87e0-140db9ee23a2
2019-09-05 11:07:57,618 [ForkJoinPool.commonPool-worker-0] INFO  impl.RoleInfo (RoleInfo.java:shutdownFollowerState(121)) - 89f16946-17a7-47cd-87e0-140db9ee23a2: shutdown FollowerState
2019-09-05 11:07:57,618 [ForkJoinPool.commonPool-worker-0] INFO  impl.StateMachineUpdater (StateMachineUpdater.java:stopAndJoin(125)) - 89f16946-17a7-47cd-87e0-140db9ee23a2@group-BBFEA7A1B957-StateMachineUpdater: set stopIndex = -1
2019-09-05 11:07:57,618 [ForkJoinPool.commonPool-worker-0] INFO  impl.RaftServerImpl (ServerState.java:close(385)) - 89f16946-17a7-47cd-87e0-140db9ee23a2@group-BBFEA7A1B957: closes. applyIndex: -1
2019-09-05 11:07:57,618 [Thread-3449] INFO  impl.FollowerState (FollowerState.java:run(115)) - 89f16946-17a7-47cd-87e0-140db9ee23a2: FollowerState was interrupted: java.lang.InterruptedException: sleep interrupted
2019-09-05 11:07:57,627 [89f16946-17a7-47cd-87e0-140db9ee23a2@group-BBFEA7A1B957-SegmentedRaftLogWorker] INFO  segmented.SegmentedRaftLogWorker (SegmentedRaftLogWorker.java:run(313)) - 89f16946-17a7-47cd-87e0-140db9ee23a2@group-BBFEA7A1B957-SegmentedRaftLogWorker was interrupted, exiting. There are 0 tasks remaining in the queue.
2019-09-05 11:07:57,627 [ForkJoinPool.commonPool-worker-0] INFO  segmented.SegmentedRaftLogWorker (SegmentedRaftLogWorker.java:close(228)) - 89f16946-17a7-47cd-87e0-140db9ee23a2@group-BBFEA7A1B957-SegmentedRaftLogWorker close()
2019-09-05 11:07:57,630 [ForkJoinPool.commonPool-worker-0] INFO  server.GrpcService (GrpcService.java:closeImpl(164)) - 89f16946-17a7-47cd-87e0-140db9ee23a2: shutdown server with port 33461 now
2019-09-05 11:07:57,632 [ForkJoinPool.commonPool-worker-0] INFO  server.GrpcService (GrpcService.java:closeImpl(172)) - 89f16946-17a7-47cd-87e0-140db9ee23a2: shutdown server with port 33461 successfully
2019-09-05 11:07:57,636 [refreshUsed-/workdir/hadoop-ozone/integration-test/target/test-dir/MiniOzoneClusterImpl-06581d8d-c2e4-4d94-a862-518568baa486/datanode-2/data/containers] WARN  fs.CachingGetSpaceUsed (CachingGetSpaceUsed.java:run(183)) - Thread Interrupted waiting to refresh disk information: sleep interrupted
2019-09-05 11:07:57,658 [ForkJoinPool.commonPool-worker-0] INFO  utils.BackgroundService (BackgroundService.java:shutdown(148)) - Shutting down service BlockDeletingService
2019-09-05 11:07:57,661 [ForkJoinPool.commonPool-worker-0] INFO  statemachine.DatanodeStateMachine (DatanodeStateMachine.java:stopDaemon(395)) - Ozone container server stopped.
2019-09-05 11:07:57,666 [ForkJoinPool.commonPool-worker-0] INFO  handler.ContextHandler (ContextHandler.java:doStop(910)) - Stopped o.e.j.w.WebAppContext@17c4dc5b{/,null,UNAVAILABLE}{/hddsDatanode}
2019-09-05 11:07:57,667 [ForkJoinPool.commonPool-worker-0] INFO  server.AbstractConnector (AbstractConnector.java:doStop(318)) - Stopped ServerConnector@6b0f266e{HTTP/1.1,[http/1.1]}{0.0.0.0:0}
2019-09-05 11:07:57,668 [ForkJoinPool.commonPool-worker-0] INFO  handler.ContextHandler (ContextHandler.java:doStop(910)) - Stopped o.e.j.s.ServletContextHandler@3e6ec74{/static,jar:file:/home/user/.m2/repository/org/apache/hadoop/hadoop-hdds-container-service/0.5.0-SNAPSHOT/hadoop-hdds-container-service-0.5.0-SNAPSHOT.jar!/webapps/static,UNAVAILABLE}
2019-09-05 11:07:57,669 [ForkJoinPool.commonPool-worker-0] INFO  handler.ContextHandler (ContextHandler.java:doStop(910)) - Stopped o.e.j.s.ServletContextHandler@6094de13{/logs,file:///workdir/hadoop-ozone/integration-test/target/log,UNAVAILABLE}
2019-09-05 11:07:58,266 [Thread-3447] INFO  impl.FollowerState (FollowerState.java:run(106)) - 91f1ec4b-d07c-4bfe-85d9-e7c7373ee128:group-BBFEA7A1B957 changes to CANDIDATE, lastRpcTime:5035, electionTimeout:5035ms
2019-09-05 11:07:58,267 [Thread-3447] INFO  impl.RoleInfo (RoleInfo.java:shutdownFollowerState(121)) - 91f1ec4b-d07c-4bfe-85d9-e7c7373ee128: shutdown FollowerState
2019-09-05 11:07:58,267 [Thread-3447] INFO  impl.RaftServerImpl (RaftServerImpl.java:setRole(174)) - 91f1ec4b-d07c-4bfe-85d9-e7c7373ee128@group-BBFEA7A1B957: changes role from  FOLLOWER to CANDIDATE at term 0 for changeToCandidate
2019-09-05 11:07:58,267 [Thread-3447] INFO  impl.RoleInfo (RoleInfo.java:updateAndGet(143)) - 91f1ec4b-d07c-4bfe-85d9-e7c7373ee128: start LeaderElection
2019-09-05 11:07:58,312 [91f1ec4b-d07c-4bfe-85d9-e7c7373ee128@group-BBFEA7A1B957:LeaderElection107] INFO  impl.LeaderElection (LeaderElection.java:askForVotes(182)) - 91f1ec4b-d07c-4bfe-85d9-e7c7373ee128@group-BBFEA7A1B957:LeaderElection107: begin an election at term 1 for -1: [4fc6afb9-3f9c-4be8-93ce-657a33e3c6ff:192.168.36.83:46330, 91f1ec4b-d07c-4bfe-85d9-e7c7373ee128:192.168.36.83:38975, 89f16946-17a7-47cd-87e0-140db9ee23a2:192.168.36.83:33461], old=null
2019-09-05 11:07:58,319 [grpc-default-executor-1] INFO  impl.RaftServerImpl (RaftServerImpl.java:setRole(174)) - 4fc6afb9-3f9c-4be8-93ce-657a33e3c6ff@group-BBFEA7A1B957: changes role from  FOLLOWER to FOLLOWER at term 1 for recognizeCandidate:91f1ec4b-d07c-4bfe-85d9-e7c7373ee128
2019-09-05 11:07:58,319 [91f1ec4b-d07c-4bfe-85d9-e7c7373ee128@group-BBFEA7A1B957:LeaderElection107] INFO  impl.LeaderElection (LogUtils.java:infoOrTrace(149)) - 91f1ec4b-d07c-4bfe-85d9-e7c7373ee128@group-BBFEA7A1B957:LeaderElection107 got exception when requesting votes: {}
java.util.concurrent.ExecutionException: org.apache.ratis.thirdparty.io.grpc.StatusRuntimeException: UNAVAILABLE: io exception
	at java.util.concurrent.FutureTask.report(FutureTask.java:122)
	at java.util.concurrent.FutureTask.get(FutureTask.java:192)
	at org.apache.ratis.server.impl.LeaderElection.waitForResults(LeaderElection.java:263)
	at org.apache.ratis.server.impl.LeaderElection.askForVotes(LeaderElection.java:201)
	at org.apache.ratis.server.impl.LeaderElection.run(LeaderElection.java:133)
	at java.lang.Thread.run(Thread.java:748)
Caused by: org.apache.ratis.thirdparty.io.grpc.StatusRuntimeException: UNAVAILABLE: io exception
	at org.apache.ratis.thirdparty.io.grpc.stub.ClientCalls.toStatusRuntimeException(ClientCalls.java:233)
	at org.apache.ratis.thirdparty.io.grpc.stub.ClientCalls.getUnchecked(ClientCalls.java:214)
	at org.apache.ratis.thirdparty.io.grpc.stub.ClientCalls.blockingUnaryCall(ClientCalls.java:139)
	at org.apache.ratis.proto.grpc.RaftServerProtocolServiceGrpc$RaftServerProtocolServiceBlockingStub.requestVote(RaftServerProtocolServiceGrpc.java:265)
	at org.apache.ratis.grpc.server.GrpcServerProtocolClient.requestVote(GrpcServerProtocolClient.java:90)
	at org.apache.ratis.grpc.server.GrpcService.requestVote(GrpcService.java:204)
	at org.apache.ratis.server.impl.LeaderElection.lambda$submitRequests$1(LeaderElection.java:238)
	at java.util.concurrent.FutureTask.run(FutureTask.java:266)
	at java.util.concurrent.Executors$RunnableAdapter.call(Executors.java:511)
	at java.util.concurrent.FutureTask.run(FutureTask.java:266)
	at java.util.concurrent.ThreadPoolExecutor.runWorker(ThreadPoolExecutor.java:1149)
	at java.util.concurrent.ThreadPoolExecutor$Worker.run(ThreadPoolExecutor.java:624)
	... 1 more
Caused by: org.apache.ratis.thirdparty.io.netty.channel.AbstractChannel$AnnotatedConnectException: Connection refused: /192.168.36.83:33461
	at sun.nio.ch.SocketChannelImpl.checkConnect(Native Method)
	at sun.nio.ch.SocketChannelImpl.finishConnect(SocketChannelImpl.java:717)
	at org.apache.ratis.thirdparty.io.netty.channel.socket.nio.NioSocketChannel.doFinishConnect(NioSocketChannel.java:327)
	at org.apache.ratis.thirdparty.io.netty.channel.nio.AbstractNioChannel$AbstractNioUnsafe.finishConnect(AbstractNioChannel.java:340)
	at org.apache.ratis.thirdparty.io.netty.channel.nio.NioEventLoop.processSelectedKey(NioEventLoop.java:632)
	at org.apache.ratis.thirdparty.io.netty.channel.nio.NioEventLoop.processSelectedKeysOptimized(NioEventLoop.java:579)
	at org.apache.ratis.thirdparty.io.netty.channel.nio.NioEventLoop.processSelectedKeys(NioEventLoop.java:496)
	at org.apache.ratis.thirdparty.io.netty.channel.nio.NioEventLoop.run(NioEventLoop.java:458)
	at org.apache.ratis.thirdparty.io.netty.util.concurrent.SingleThreadEventExecutor$5.run(SingleThreadEventExecutor.java:897)
	at org.apache.ratis.thirdparty.io.netty.util.concurrent.FastThreadLocalRunnable.run(FastThreadLocalRunnable.java:30)
	... 1 more
Caused by: java.net.ConnectException: Connection refused
	... 11 more
2019-09-05 11:07:58,319 [grpc-default-executor-1] INFO  impl.RoleInfo (RoleInfo.java:shutdownFollowerState(121)) - 4fc6afb9-3f9c-4be8-93ce-657a33e3c6ff: shutdown FollowerState
2019-09-05 11:07:58,321 [grpc-default-executor-1] INFO  impl.RoleInfo (RoleInfo.java:updateAndGet(143)) - 4fc6afb9-3f9c-4be8-93ce-657a33e3c6ff: start FollowerState
2019-09-05 11:07:58,321 [Thread-3448] INFO  impl.FollowerState (FollowerState.java:run(115)) - 4fc6afb9-3f9c-4be8-93ce-657a33e3c6ff: FollowerState was interrupted: java.lang.InterruptedException: sleep interrupted
2019-09-05 11:07:58,356 [91f1ec4b-d07c-4bfe-85d9-e7c7373ee128@group-BBFEA7A1B957:LeaderElection107] INFO  impl.LeaderElection (LeaderElection.java:logAndReturn(56)) - 91f1ec4b-d07c-4bfe-85d9-e7c7373ee128@group-BBFEA7A1B957:LeaderElection107: Election PASSED; received 1 response(s) [91f1ec4b-d07c-4bfe-85d9-e7c7373ee128<-4fc6afb9-3f9c-4be8-93ce-657a33e3c6ff#0:OK-t1] and 1 exception(s); 91f1ec4b-d07c-4bfe-85d9-e7c7373ee128@group-BBFEA7A1B957:t1, leader=null, voted=91f1ec4b-d07c-4bfe-85d9-e7c7373ee128, raftlog=91f1ec4b-d07c-4bfe-85d9-e7c7373ee128@group-BBFEA7A1B957-SegmentedRaftLog:OPENED:c-1,f-1,i0, conf=-1: [4fc6afb9-3f9c-4be8-93ce-657a33e3c6ff:192.168.36.83:46330, 91f1ec4b-d07c-4bfe-85d9-e7c7373ee128:192.168.36.83:38975, 89f16946-17a7-47cd-87e0-140db9ee23a2:192.168.36.83:33461], old=null
2019-09-05 11:07:58,356 [91f1ec4b-d07c-4bfe-85d9-e7c7373ee128@group-BBFEA7A1B957:LeaderElection107] INFO  impl.LeaderElection (LogUtils.java:infoOrTrace(149)) -   Exception 0: {}
java.util.concurrent.ExecutionException: org.apache.ratis.thirdparty.io.grpc.StatusRuntimeException: UNAVAILABLE: io exception
	at java.util.concurrent.FutureTask.report(FutureTask.java:122)
	at java.util.concurrent.FutureTask.get(FutureTask.java:192)
	at org.apache.ratis.server.impl.LeaderElection.waitForResults(LeaderElection.java:263)
	at org.apache.ratis.server.impl.LeaderElection.askForVotes(LeaderElection.java:201)
	at org.apache.ratis.server.impl.LeaderElection.run(LeaderElection.java:133)
	at java.lang.Thread.run(Thread.java:748)
Caused by: org.apache.ratis.thirdparty.io.grpc.StatusRuntimeException: UNAVAILABLE: io exception
	at org.apache.ratis.thirdparty.io.grpc.stub.ClientCalls.toStatusRuntimeException(ClientCalls.java:233)
	at org.apache.ratis.thirdparty.io.grpc.stub.ClientCalls.getUnchecked(ClientCalls.java:214)
	at org.apache.ratis.thirdparty.io.grpc.stub.ClientCalls.blockingUnaryCall(ClientCalls.java:139)
	at org.apache.ratis.proto.grpc.RaftServerProtocolServiceGrpc$RaftServerProtocolServiceBlockingStub.requestVote(RaftServerProtocolServiceGrpc.java:265)
	at org.apache.ratis.grpc.server.GrpcServerProtocolClient.requestVote(GrpcServerProtocolClient.java:90)
	at org.apache.ratis.grpc.server.GrpcService.requestVote(GrpcService.java:204)
	at org.apache.ratis.server.impl.LeaderElection.lambda$submitRequests$1(LeaderElection.java:238)
	at java.util.concurrent.FutureTask.run(FutureTask.java:266)
	at java.util.concurrent.Executors$RunnableAdapter.call(Executors.java:511)
	at java.util.concurrent.FutureTask.run(FutureTask.java:266)
	at java.util.concurrent.ThreadPoolExecutor.runWorker(ThreadPoolExecutor.java:1149)
	at java.util.concurrent.ThreadPoolExecutor$Worker.run(ThreadPoolExecutor.java:624)
	... 1 more
Caused by: org.apache.ratis.thirdparty.io.netty.channel.AbstractChannel$AnnotatedConnectException: Connection refused: /192.168.36.83:33461
	at sun.nio.ch.SocketChannelImpl.checkConnect(Native Method)
	at sun.nio.ch.SocketChannelImpl.finishConnect(SocketChannelImpl.java:717)
	at org.apache.ratis.thirdparty.io.netty.channel.socket.nio.NioSocketChannel.doFinishConnect(NioSocketChannel.java:327)
	at org.apache.ratis.thirdparty.io.netty.channel.nio.AbstractNioChannel$AbstractNioUnsafe.finishConnect(AbstractNioChannel.java:340)
	at org.apache.ratis.thirdparty.io.netty.channel.nio.NioEventLoop.processSelectedKey(NioEventLoop.java:632)
	at org.apache.ratis.thirdparty.io.netty.channel.nio.NioEventLoop.processSelectedKeysOptimized(NioEventLoop.java:579)
	at org.apache.ratis.thirdparty.io.netty.channel.nio.NioEventLoop.processSelectedKeys(NioEventLoop.java:496)
	at org.apache.ratis.thirdparty.io.netty.channel.nio.NioEventLoop.run(NioEventLoop.java:458)
	at org.apache.ratis.thirdparty.io.netty.util.concurrent.SingleThreadEventExecutor$5.run(SingleThreadEventExecutor.java:897)
	at org.apache.ratis.thirdparty.io.netty.util.concurrent.FastThreadLocalRunnable.run(FastThreadLocalRunnable.java:30)
	... 1 more
Caused by: java.net.ConnectException: Connection refused
	... 11 more
2019-09-05 11:07:58,357 [91f1ec4b-d07c-4bfe-85d9-e7c7373ee128@group-BBFEA7A1B957:LeaderElection107] INFO  impl.RoleInfo (RoleInfo.java:shutdownLeaderElection(134)) - 91f1ec4b-d07c-4bfe-85d9-e7c7373ee128: shutdown LeaderElection
2019-09-05 11:07:58,357 [91f1ec4b-d07c-4bfe-85d9-e7c7373ee128@group-BBFEA7A1B957:LeaderElection107] INFO  impl.RaftServerImpl (RaftServerImpl.java:setRole(174)) - 91f1ec4b-d07c-4bfe-85d9-e7c7373ee128@group-BBFEA7A1B957: changes role from CANDIDATE to LEADER at term 1 for changeToLeader
2019-09-05 11:07:58,357 [91f1ec4b-d07c-4bfe-85d9-e7c7373ee128@group-BBFEA7A1B957:LeaderElection107] INFO  impl.RaftServerImpl (ServerState.java:setLeader(253)) - 91f1ec4b-d07c-4bfe-85d9-e7c7373ee128@group-BBFEA7A1B957: change Leader from null to 91f1ec4b-d07c-4bfe-85d9-e7c7373ee128 at term 1 for becomeLeader, leader elected after 5139ms
2019-09-05 11:07:58,357 [91f1ec4b-d07c-4bfe-85d9-e7c7373ee128@group-BBFEA7A1B957:LeaderElection107] INFO  server.RaftServerConfigKeys (ConfUtils.java:logGet(43)) - raft.server.staging.catchup.gap = 1000 (default)
2019-09-05 11:07:58,357 [91f1ec4b-d07c-4bfe-85d9-e7c7373ee128@group-BBFEA7A1B957:LeaderElection107] INFO  server.RaftServerConfigKeys (ConfUtils.java:logGet(43)) - raft.server.rpc.sleep.time = 25ms (default)
2019-09-05 11:07:58,358 [91f1ec4b-d07c-4bfe-85d9-e7c7373ee128@group-BBFEA7A1B957:LeaderElection107] INFO  server.RaftServerConfigKeys (ConfUtils.java:logGet(43)) - raft.server.write.element-limit = 4096 (default)
2019-09-05 11:07:58,358 [91f1ec4b-d07c-4bfe-85d9-e7c7373ee128@group-BBFEA7A1B957:LeaderElection107] INFO  server.RaftServerConfigKeys (ConfUtils.java:logGet(43)) - raft.server.watch.timeout = 10s (default)
2019-09-05 11:07:58,358 [91f1ec4b-d07c-4bfe-85d9-e7c7373ee128@group-BBFEA7A1B957:LeaderElection107] INFO  server.RaftServerConfigKeys (ConfUtils.java:logGet(43)) - raft.server.watch.timeout.denomination = 1s (default)
2019-09-05 11:07:58,358 [91f1ec4b-d07c-4bfe-85d9-e7c7373ee128@group-BBFEA7A1B957:LeaderElection107] INFO  server.RaftServerConfigKeys (ConfUtils.java:logGet(43)) - raft.server.watch.element-limit = 65536 (default)
2019-09-05 11:07:58,361 [91f1ec4b-d07c-4bfe-85d9-e7c7373ee128@group-BBFEA7A1B957:LeaderElection107] INFO  server.RaftServerConfigKeys (ConfUtils.java:logGet(43)) - raft.server.log.appender.snapshot.chunk.size.max = 16MB (=16777216) (default)
2019-09-05 11:07:58,361 [91f1ec4b-d07c-4bfe-85d9-e7c7373ee128@group-BBFEA7A1B957:LeaderElection107] INFO  server.RaftServerConfigKeys (ConfUtils.java:logGet(43)) - raft.server.log.appender.buffer.byte-limit = 33554432 (custom)
2019-09-05 11:07:58,361 [91f1ec4b-d07c-4bfe-85d9-e7c7373ee128@group-BBFEA7A1B957:LeaderElection107] INFO  server.RaftServerConfigKeys (ConfUtils.java:logGet(43)) - raft.server.log.appender.buffer.element-limit = 1 (custom)
2019-09-05 11:07:58,361 [91f1ec4b-d07c-4bfe-85d9-e7c7373ee128@group-BBFEA7A1B957:LeaderElection107] INFO  grpc.GrpcConfigKeys$Server (ConfUtils.java:logGet(43)) - raft.grpc.server.leader.outstanding.appends.max = 128 (default)
2019-09-05 11:07:58,361 [91f1ec4b-d07c-4bfe-85d9-e7c7373ee128@group-BBFEA7A1B957:LeaderElection107] INFO  server.RaftServerConfigKeys (ConfUtils.java:logGet(43)) - raft.server.rpc.request.timeout = 3000ms (default)
2019-09-05 11:07:58,362 [91f1ec4b-d07c-4bfe-85d9-e7c7373ee128@group-BBFEA7A1B957:LeaderElection107] INFO  server.RaftServerConfigKeys (ConfUtils.java:logGet(43)) - raft.server.log.appender.install.snapshot.enabled = false (custom)
2019-09-05 11:07:58,362 [91f1ec4b-d07c-4bfe-85d9-e7c7373ee128@group-BBFEA7A1B957:LeaderElection107] INFO  server.RaftServerConfigKeys (ConfUtils.java:logGet(43)) - raft.server.log.appender.snapshot.chunk.size.max = 16MB (=16777216) (default)
2019-09-05 11:07:58,362 [91f1ec4b-d07c-4bfe-85d9-e7c7373ee128@group-BBFEA7A1B957:LeaderElection107] INFO  server.RaftServerConfigKeys (ConfUtils.java:logGet(43)) - raft.server.log.appender.buffer.byte-limit = 33554432 (custom)
2019-09-05 11:07:58,362 [91f1ec4b-d07c-4bfe-85d9-e7c7373ee128@group-BBFEA7A1B957:LeaderElection107] INFO  server.RaftServerConfigKeys (ConfUtils.java:logGet(43)) - raft.server.log.appender.buffer.element-limit = 1 (custom)
2019-09-05 11:07:58,362 [91f1ec4b-d07c-4bfe-85d9-e7c7373ee128@group-BBFEA7A1B957:LeaderElection107] INFO  grpc.GrpcConfigKeys$Server (ConfUtils.java:logGet(43)) - raft.grpc.server.leader.outstanding.appends.max = 128 (default)
2019-09-05 11:07:58,362 [91f1ec4b-d07c-4bfe-85d9-e7c7373ee128@group-BBFEA7A1B957:LeaderElection107] INFO  server.RaftServerConfigKeys (ConfUtils.java:logGet(43)) - raft.server.rpc.request.timeout = 3000ms (default)
2019-09-05 11:07:58,362 [91f1ec4b-d07c-4bfe-85d9-e7c7373ee128@group-BBFEA7A1B957:LeaderElection107] INFO  server.RaftServerConfigKeys (ConfUtils.java:logGet(43)) - raft.server.log.appender.install.snapshot.enabled = false (custom)
2019-09-05 11:07:58,362 [91f1ec4b-d07c-4bfe-85d9-e7c7373ee128@group-BBFEA7A1B957:LeaderElection107] INFO  impl.RoleInfo (RoleInfo.java:updateAndGet(143)) - 91f1ec4b-d07c-4bfe-85d9-e7c7373ee128: start LeaderState
2019-09-05 11:07:58,363 [91f1ec4b-d07c-4bfe-85d9-e7c7373ee128@group-BBFEA7A1B957:LeaderElection107] INFO  segmented.SegmentedRaftLogWorker (SegmentedRaftLogWorker.java:startLogSegment(380)) - 91f1ec4b-d07c-4bfe-85d9-e7c7373ee128@group-BBFEA7A1B957-SegmentedRaftLogWorker: Starting segment from index:0
2019-09-05 11:07:58,364 [91f1ec4b-d07c-4bfe-85d9-e7c7373ee128@group-BBFEA7A1B957:LeaderElection107] INFO  impl.RaftServerImpl (ServerState.java:setRaftConf(354)) - 91f1ec4b-d07c-4bfe-85d9-e7c7373ee128@group-BBFEA7A1B957: set configuration 0: [4fc6afb9-3f9c-4be8-93ce-657a33e3c6ff:192.168.36.83:46330, 91f1ec4b-d07c-4bfe-85d9-e7c7373ee128:192.168.36.83:38975, 89f16946-17a7-47cd-87e0-140db9ee23a2:192.168.36.83:33461], old=null at 0
2019-09-05 11:07:58,398 [grpc-default-executor-1] WARN  server.GrpcLogAppender (LogUtils.java:warn(134)) - 91f1ec4b-d07c-4bfe-85d9-e7c7373ee128@group-BBFEA7A1B957->89f16946-17a7-47cd-87e0-140db9ee23a2-AppendLogResponseHandler: Failed appendEntries: org.apache.ratis.thirdparty.io.grpc.StatusRuntimeException: UNAVAILABLE: io exception
2019-09-05 11:07:58,399 [grpc-default-executor-1] INFO  impl.FollowerInfo (FollowerInfo.java:lambda$new$0(51)) - 91f1ec4b-d07c-4bfe-85d9-e7c7373ee128@group-BBFEA7A1B957->89f16946-17a7-47cd-87e0-140db9ee23a2: nextIndex: updateUnconditionally 0 -> 0
2019-09-05 11:07:58,401 [grpc-default-executor-10] INFO  impl.RaftServerImpl (ServerState.java:setLeader(253)) - 4fc6afb9-3f9c-4be8-93ce-657a33e3c6ff@group-BBFEA7A1B957: change Leader from null to 91f1ec4b-d07c-4bfe-85d9-e7c7373ee128 at term 1 for appendEntries, leader elected after 5182ms
2019-09-05 11:07:58,403 [grpc-default-executor-10] INFO  impl.RaftServerImpl (ServerState.java:setRaftConf(354)) - 4fc6afb9-3f9c-4be8-93ce-657a33e3c6ff@group-BBFEA7A1B957: set configuration 0: [4fc6afb9-3f9c-4be8-93ce-657a33e3c6ff:192.168.36.83:46330, 91f1ec4b-d07c-4bfe-85d9-e7c7373ee128:192.168.36.83:38975, 89f16946-17a7-47cd-87e0-140db9ee23a2:192.168.36.83:33461], old=null at 0
2019-09-05 11:07:58,403 [grpc-default-executor-10] INFO  segmented.SegmentedRaftLogWorker (SegmentedRaftLogWorker.java:startLogSegment(380)) - 4fc6afb9-3f9c-4be8-93ce-657a33e3c6ff@group-BBFEA7A1B957-SegmentedRaftLogWorker: Starting segment from index:0
2019-09-05 11:07:58,407 [main] INFO  ozoneimpl.OzoneContainer (OzoneContainer.java:stop(216)) - Attempting to stop container services.
2019-09-05 11:07:58,408 [main] INFO  impl.RaftServerProxy (RaftServerProxy.java:lambda$close$4(314)) - 4fc6afb9-3f9c-4be8-93ce-657a33e3c6ff: close
2019-09-05 11:07:58,408 [main] INFO  impl.RaftServerImpl (RaftServerImpl.java:lambda$shutdown$3(251)) - 4fc6afb9-3f9c-4be8-93ce-657a33e3c6ff@group-A05EB53D3152: shutdown
2019-09-05 11:07:58,409 [main] INFO  util.JmxRegister (JmxRegister.java:unregister(73)) - Successfully un-registered JMX Bean with object name Ratis:service=RaftServer,group=group-A05EB53D3152,id=4fc6afb9-3f9c-4be8-93ce-657a33e3c6ff
2019-09-05 11:07:58,409 [main] INFO  impl.RoleInfo (RoleInfo.java:shutdownFollowerState(121)) - 4fc6afb9-3f9c-4be8-93ce-657a33e3c6ff: shutdown FollowerState
2019-09-05 11:07:58,409 [main] INFO  impl.StateMachineUpdater (StateMachineUpdater.java:stopAndJoin(125)) - 4fc6afb9-3f9c-4be8-93ce-657a33e3c6ff@group-A05EB53D3152-StateMachineUpdater: set stopIndex = 16
2019-09-05 11:07:58,409 [Thread-3018] INFO  impl.FollowerState (FollowerState.java:run(115)) - 4fc6afb9-3f9c-4be8-93ce-657a33e3c6ff: FollowerState was interrupted: java.lang.InterruptedException: sleep interrupted
2019-09-05 11:07:58,409 [4fc6afb9-3f9c-4be8-93ce-657a33e3c6ff@group-A05EB53D3152-StateMachineUpdater] INFO  ratis.ContainerStateMachine (ContainerStateMachine.java:takeSnapshot(289)) - group-A05EB53D3152: Taking a snapshot at:(t:3, i:14) file /workdir/hadoop-ozone/integration-test/target/test-dir/MiniOzoneClusterImpl-06581d8d-c2e4-4d94-a862-518568baa486/datanode-5/data/ratis/c72930a9-1d25-4188-aa9d-a05eb53d3152/sm/snapshot.3_14
2019-09-05 11:07:58,459 [4fc6afb9-3f9c-4be8-93ce-657a33e3c6ff@group-A05EB53D3152-StateMachineUpdater] INFO  ratis.ContainerStateMachine (ContainerStateMachine.java:takeSnapshot(300)) - group-A05EB53D3152: Finished taking a snapshot at:(t:3, i:14) file:/workdir/hadoop-ozone/integration-test/target/test-dir/MiniOzoneClusterImpl-06581d8d-c2e4-4d94-a862-518568baa486/datanode-5/data/ratis/c72930a9-1d25-4188-aa9d-a05eb53d3152/sm/snapshot.3_14 time:51
2019-09-05 11:07:58,459 [91f1ec4b-d07c-4bfe-85d9-e7c7373ee128@group-BBFEA7A1B957-SegmentedRaftLogWorker] INFO  segmented.SegmentedRaftLogWorker (SegmentedRaftLogWorker.java:execute(569)) - 91f1ec4b-d07c-4bfe-85d9-e7c7373ee128@group-BBFEA7A1B957-SegmentedRaftLogWorker: created new log segment /workdir/hadoop-ozone/integration-test/target/test-dir/MiniOzoneClusterImpl-06581d8d-c2e4-4d94-a862-518568baa486/datanode-0/data/ratis/063bb4f7-dfa3-4b97-8a9e-bbfea7a1b957/current/log_inprogress_0
2019-09-05 11:07:58,460 [4fc6afb9-3f9c-4be8-93ce-657a33e3c6ff@group-A05EB53D3152-StateMachineUpdater] INFO  impl.StateMachineUpdater (StateMachineUpdater.java:takeSnapshot(258)) - 4fc6afb9-3f9c-4be8-93ce-657a33e3c6ff@group-A05EB53D3152-StateMachineUpdater: Took a snapshot at index 14
2019-09-05 11:07:58,460 [4fc6afb9-3f9c-4be8-93ce-657a33e3c6ff@group-A05EB53D3152-StateMachineUpdater] INFO  impl.StateMachineUpdater (StateMachineUpdater.java:lambda$new$0(83)) - 4fc6afb9-3f9c-4be8-93ce-657a33e3c6ff@group-A05EB53D3152-StateMachineUpdater: snapshotIndex: updateIncreasingly -1 -> 14
2019-09-05 11:07:58,460 [4fc6afb9-3f9c-4be8-93ce-657a33e3c6ff@group-A05EB53D3152-StateMachineUpdater] INFO  ratis.ContainerStateMachine (ContainerStateMachine.java:takeSnapshot(289)) - group-A05EB53D3152: Taking a snapshot at:(t:3, i:14) file /workdir/hadoop-ozone/integration-test/target/test-dir/MiniOzoneClusterImpl-06581d8d-c2e4-4d94-a862-518568baa486/datanode-5/data/ratis/c72930a9-1d25-4188-aa9d-a05eb53d3152/sm/snapshot.3_14
2019-09-05 11:07:58,461 [4fc6afb9-3f9c-4be8-93ce-657a33e3c6ff@group-BBFEA7A1B957-SegmentedRaftLogWorker] INFO  segmented.SegmentedRaftLogWorker (SegmentedRaftLogWorker.java:execute(569)) - 4fc6afb9-3f9c-4be8-93ce-657a33e3c6ff@group-BBFEA7A1B957-SegmentedRaftLogWorker: created new log segment /workdir/hadoop-ozone/integration-test/target/test-dir/MiniOzoneClusterImpl-06581d8d-c2e4-4d94-a862-518568baa486/datanode-5/data/ratis/063bb4f7-dfa3-4b97-8a9e-bbfea7a1b957/current/log_inprogress_0
2019-09-05 11:07:58,488 [grpc-default-executor-6] WARN  server.GrpcLogAppender (LogUtils.java:warn(134)) - 91f1ec4b-d07c-4bfe-85d9-e7c7373ee128@group-BBFEA7A1B957->89f16946-17a7-47cd-87e0-140db9ee23a2-AppendLogResponseHandler: Failed appendEntries: org.apache.ratis.thirdparty.io.grpc.StatusRuntimeException: UNAVAILABLE: io exception
2019-09-05 11:07:58,488 [grpc-default-executor-6] INFO  impl.FollowerInfo (FollowerInfo.java:lambda$new$0(51)) - 91f1ec4b-d07c-4bfe-85d9-e7c7373ee128@group-BBFEA7A1B957->89f16946-17a7-47cd-87e0-140db9ee23a2: nextIndex: updateUnconditionally 1 -> 0
2019-09-05 11:07:58,497 [4fc6afb9-3f9c-4be8-93ce-657a33e3c6ff@group-A05EB53D3152-StateMachineUpdater] INFO  ratis.ContainerStateMachine (ContainerStateMachine.java:takeSnapshot(300)) - group-A05EB53D3152: Finished taking a snapshot at:(t:3, i:14) file:/workdir/hadoop-ozone/integration-test/target/test-dir/MiniOzoneClusterImpl-06581d8d-c2e4-4d94-a862-518568baa486/datanode-5/data/ratis/c72930a9-1d25-4188-aa9d-a05eb53d3152/sm/snapshot.3_14 time:38
2019-09-05 11:07:58,497 [4fc6afb9-3f9c-4be8-93ce-657a33e3c6ff@group-A05EB53D3152-StateMachineUpdater] INFO  impl.StateMachineUpdater (StateMachineUpdater.java:takeSnapshot(258)) - 4fc6afb9-3f9c-4be8-93ce-657a33e3c6ff@group-A05EB53D3152-StateMachineUpdater: Took a snapshot at index 14
2019-09-05 11:07:58,498 [4fc6afb9-3f9c-4be8-93ce-657a33e3c6ff@group-A05EB53D3152-StateMachineUpdater] INFO  impl.StateMachineUpdater (StateMachineUpdater.java:lambda$new$0(83)) - 4fc6afb9-3f9c-4be8-93ce-657a33e3c6ff@group-A05EB53D3152-StateMachineUpdater: snapshotIndex: updateIncreasingly 14 -> 14
2019-09-05 11:07:58,498 [main] INFO  impl.RaftServerImpl (ServerState.java:close(385)) - 4fc6afb9-3f9c-4be8-93ce-657a33e3c6ff@group-A05EB53D3152: closes. applyIndex: 16
2019-09-05 11:07:58,498 [4fc6afb9-3f9c-4be8-93ce-657a33e3c6ff@group-A05EB53D3152-SegmentedRaftLogWorker] INFO  segmented.SegmentedRaftLogWorker (SegmentedRaftLogWorker.java:run(313)) - 4fc6afb9-3f9c-4be8-93ce-657a33e3c6ff@group-A05EB53D3152-SegmentedRaftLogWorker was interrupted, exiting. There are 0 tasks remaining in the queue.
2019-09-05 11:07:58,502 [main] INFO  segmented.SegmentedRaftLogWorker (SegmentedRaftLogWorker.java:close(228)) - 4fc6afb9-3f9c-4be8-93ce-657a33e3c6ff@group-A05EB53D3152-SegmentedRaftLogWorker close()
2019-09-05 11:07:58,504 [main] INFO  impl.RaftServerImpl (RaftServerImpl.java:lambda$shutdown$3(251)) - 4fc6afb9-3f9c-4be8-93ce-657a33e3c6ff@group-E977172CF44D: shutdown
2019-09-05 11:07:58,504 [main] INFO  util.JmxRegister (JmxRegister.java:unregister(73)) - Successfully un-registered JMX Bean with object name Ratis:service=RaftServer,group=group-E977172CF44D,id=4fc6afb9-3f9c-4be8-93ce-657a33e3c6ff
2019-09-05 11:07:58,504 [main] INFO  impl.RoleInfo (RoleInfo.java:shutdownLeaderState(104)) - 4fc6afb9-3f9c-4be8-93ce-657a33e3c6ff: shutdown LeaderState
2019-09-05 11:07:58,505 [main] INFO  impl.PendingRequests (PendingRequests.java:sendNotLeaderResponses(202)) - 4fc6afb9-3f9c-4be8-93ce-657a33e3c6ff-PendingRequests: sendNotLeaderResponses
2019-09-05 11:07:58,505 [main] INFO  impl.StateMachineUpdater (StateMachineUpdater.java:stopAndJoin(125)) - 4fc6afb9-3f9c-4be8-93ce-657a33e3c6ff@group-E977172CF44D-StateMachineUpdater: set stopIndex = 0
2019-09-05 11:07:58,505 [main] INFO  impl.RaftServerImpl (ServerState.java:close(385)) - 4fc6afb9-3f9c-4be8-93ce-657a33e3c6ff@group-E977172CF44D: closes. applyIndex: 0
2019-09-05 11:07:58,506 [4fc6afb9-3f9c-4be8-93ce-657a33e3c6ff@group-E977172CF44D-SegmentedRaftLogWorker] INFO  segmented.SegmentedRaftLogWorker (SegmentedRaftLogWorker.java:run(313)) - 4fc6afb9-3f9c-4be8-93ce-657a33e3c6ff@group-E977172CF44D-SegmentedRaftLogWorker was interrupted, exiting. There are 0 tasks remaining in the queue.
2019-09-05 11:07:58,506 [main] INFO  segmented.SegmentedRaftLogWorker (SegmentedRaftLogWorker.java:close(228)) - 4fc6afb9-3f9c-4be8-93ce-657a33e3c6ff@group-E977172CF44D-SegmentedRaftLogWorker close()
2019-09-05 11:07:58,507 [main] INFO  impl.RaftServerImpl (RaftServerImpl.java:lambda$shutdown$3(251)) - 4fc6afb9-3f9c-4be8-93ce-657a33e3c6ff@group-BBFEA7A1B957: shutdown
2019-09-05 11:07:58,507 [main] INFO  util.JmxRegister (JmxRegister.java:unregister(73)) - Successfully un-registered JMX Bean with object name Ratis:service=RaftServer,group=group-BBFEA7A1B957,id=4fc6afb9-3f9c-4be8-93ce-657a33e3c6ff
2019-09-05 11:07:58,508 [main] INFO  impl.RoleInfo (RoleInfo.java:shutdownFollowerState(121)) - 4fc6afb9-3f9c-4be8-93ce-657a33e3c6ff: shutdown FollowerState
2019-09-05 11:07:58,508 [main] INFO  impl.StateMachineUpdater (StateMachineUpdater.java:stopAndJoin(125)) - 4fc6afb9-3f9c-4be8-93ce-657a33e3c6ff@group-BBFEA7A1B957-StateMachineUpdater: set stopIndex = -1
2019-09-05 11:07:58,508 [main] INFO  impl.RaftServerImpl (ServerState.java:close(385)) - 4fc6afb9-3f9c-4be8-93ce-657a33e3c6ff@group-BBFEA7A1B957: closes. applyIndex: -1
2019-09-05 11:07:58,508 [Thread-3456] INFO  impl.FollowerState (FollowerState.java:run(115)) - 4fc6afb9-3f9c-4be8-93ce-657a33e3c6ff: FollowerState was interrupted: java.lang.InterruptedException: sleep interrupted
2019-09-05 11:07:58,508 [4fc6afb9-3f9c-4be8-93ce-657a33e3c6ff@group-BBFEA7A1B957-SegmentedRaftLogWorker] INFO  segmented.SegmentedRaftLogWorker (SegmentedRaftLogWorker.java:run(313)) - 4fc6afb9-3f9c-4be8-93ce-657a33e3c6ff@group-BBFEA7A1B957-SegmentedRaftLogWorker was interrupted, exiting. There are 0 tasks remaining in the queue.
2019-09-05 11:07:58,509 [main] INFO  segmented.SegmentedRaftLogWorker (SegmentedRaftLogWorker.java:close(228)) - 4fc6afb9-3f9c-4be8-93ce-657a33e3c6ff@group-BBFEA7A1B957-SegmentedRaftLogWorker close()
2019-09-05 11:07:58,511 [main] INFO  server.GrpcService (GrpcService.java:closeImpl(164)) - 4fc6afb9-3f9c-4be8-93ce-657a33e3c6ff: shutdown server with port 46330 now
2019-09-05 11:07:58,511 [grpc-default-executor-1] WARN  server.GrpcServerProtocolService (LogUtils.java:warn(134)) - 4fc6afb9-3f9c-4be8-93ce-657a33e3c6ff: installSnapshot onError, lastRequest: 91f1ec4b-d07c-4bfe-85d9-e7c7373ee128->4fc6afb9-3f9c-4be8-93ce-657a33e3c6ff#1-t1, previous=(t:0, i:0), leaderCommit=-1, initializing? false, entries: size=1, first=(t:1, i:0), CONFIGURATIONENTRY: org.apache.ratis.thirdparty.io.grpc.StatusRuntimeException: CANCELLED: cancelled before receiving half close
2019-09-05 11:07:58,511 [main] INFO  server.GrpcService (GrpcService.java:closeImpl(172)) - 4fc6afb9-3f9c-4be8-93ce-657a33e3c6ff: shutdown server with port 46330 successfully
2019-09-05 11:07:58,512 [grpc-default-executor-10] WARN  server.GrpcLogAppender (LogUtils.java:warn(134)) - 91f1ec4b-d07c-4bfe-85d9-e7c7373ee128@group-BBFEA7A1B957->4fc6afb9-3f9c-4be8-93ce-657a33e3c6ff-AppendLogResponseHandler: Failed appendEntries: org.apache.ratis.thirdparty.io.grpc.StatusRuntimeException: CANCELLED: HTTP/2 error code: CANCEL
Received Rst Stream
2019-09-05 11:07:58,512 [grpc-default-executor-10] INFO  impl.FollowerInfo (FollowerInfo.java:lambda$new$0(51)) - 91f1ec4b-d07c-4bfe-85d9-e7c7373ee128@group-BBFEA7A1B957->4fc6afb9-3f9c-4be8-93ce-657a33e3c6ff: nextIndex: updateUnconditionally 1 -> 0
2019-09-05 11:07:58,513 [refreshUsed-/workdir/hadoop-ozone/integration-test/target/test-dir/MiniOzoneClusterImpl-06581d8d-c2e4-4d94-a862-518568baa486/datanode-5/data/containers] WARN  fs.CachingGetSpaceUsed (CachingGetSpaceUsed.java:run(183)) - Thread Interrupted waiting to refresh disk information: sleep interrupted
2019-09-05 11:07:58,524 [main] INFO  utils.BackgroundService (BackgroundService.java:shutdown(148)) - Shutting down service BlockDeletingService
2019-09-05 11:07:58,528 [main] INFO  statemachine.DatanodeStateMachine (DatanodeStateMachine.java:stopDaemon(395)) - Ozone container server stopped.
2019-09-05 11:07:58,589 [main] INFO  handler.ContextHandler (ContextHandler.java:doStop(910)) - Stopped o.e.j.w.WebAppContext@47fcefb3{/,null,UNAVAILABLE}{/hddsDatanode}
2019-09-05 11:07:58,589 [main] INFO  server.AbstractConnector (AbstractConnector.java:doStop(318)) - Stopped ServerConnector@236c098{HTTP/1.1,[http/1.1]}{0.0.0.0:0}
2019-09-05 11:07:58,590 [main] INFO  handler.ContextHandler (ContextHandler.java:doStop(910)) - Stopped o.e.j.s.ServletContextHandler@238291d4{/static,jar:file:/home/user/.m2/repository/org/apache/hadoop/hadoop-hdds-container-service/0.5.0-SNAPSHOT/hadoop-hdds-container-service-0.5.0-SNAPSHOT.jar!/webapps/static,UNAVAILABLE}
2019-09-05 11:07:58,590 [main] INFO  handler.ContextHandler (ContextHandler.java:doStop(910)) - Stopped o.e.j.s.ServletContextHandler@28ee882c{/logs,file:///workdir/hadoop-ozone/integration-test/target/log,UNAVAILABLE}
2019-09-05 11:07:58,627 [Datanode State Machine Thread - 0] INFO  statemachine.DatanodeStateMachine (DatanodeStateMachine.java:lambda$startDaemon$0(350)) - Ozone container server started.
2019-09-05 11:08:00,681 [Thread-3021] INFO  impl.FollowerState (FollowerState.java:run(106)) - 91f1ec4b-d07c-4bfe-85d9-e7c7373ee128:group-A05EB53D3152 changes to CANDIDATE, lastRpcTime:7549, electionTimeout:5190ms
2019-09-05 11:08:00,682 [Thread-3021] INFO  impl.RoleInfo (RoleInfo.java:shutdownFollowerState(121)) - 91f1ec4b-d07c-4bfe-85d9-e7c7373ee128: shutdown FollowerState
2019-09-05 11:08:00,682 [Thread-3021] INFO  impl.RaftServerImpl (RaftServerImpl.java:setRole(174)) - 91f1ec4b-d07c-4bfe-85d9-e7c7373ee128@group-A05EB53D3152: changes role from  FOLLOWER to CANDIDATE at term 3 for changeToCandidate
2019-09-05 11:08:00,682 [Thread-3021] INFO  impl.RoleInfo (RoleInfo.java:updateAndGet(143)) - 91f1ec4b-d07c-4bfe-85d9-e7c7373ee128: start LeaderElection
2019-09-05 11:08:00,683 [91f1ec4b-d07c-4bfe-85d9-e7c7373ee128@group-A05EB53D3152:LeaderElection108] INFO  impl.RaftServerImpl (ServerState.java:setLeader(253)) - 91f1ec4b-d07c-4bfe-85d9-e7c7373ee128@group-A05EB53D3152: change Leader from e3a08138-bcbc-4acb-87dc-f1195608ab57 to null at term 3 for initElection
2019-09-05 11:08:00,722 [91f1ec4b-d07c-4bfe-85d9-e7c7373ee128@group-A05EB53D3152:LeaderElection108] INFO  impl.LeaderElection (LeaderElection.java:askForVotes(182)) - 91f1ec4b-d07c-4bfe-85d9-e7c7373ee128@group-A05EB53D3152:LeaderElection108: begin an election at term 4 for 0: [4fc6afb9-3f9c-4be8-93ce-657a33e3c6ff:192.168.36.83:46330, e3a08138-bcbc-4acb-87dc-f1195608ab57:192.168.36.83:36559, 91f1ec4b-d07c-4bfe-85d9-e7c7373ee128:192.168.36.83:38975], old=null
2019-09-05 11:08:00,725 [91f1ec4b-d07c-4bfe-85d9-e7c7373ee128@group-A05EB53D3152:LeaderElection108] INFO  impl.LeaderElection (LogUtils.java:infoOrTrace(149)) - 91f1ec4b-d07c-4bfe-85d9-e7c7373ee128@group-A05EB53D3152:LeaderElection108 got exception when requesting votes: {}
java.util.concurrent.ExecutionException: org.apache.ratis.thirdparty.io.grpc.StatusRuntimeException: UNAVAILABLE: io exception
	at java.util.concurrent.FutureTask.report(FutureTask.java:122)
	at java.util.concurrent.FutureTask.get(FutureTask.java:192)
	at org.apache.ratis.server.impl.LeaderElection.waitForResults(LeaderElection.java:263)
	at org.apache.ratis.server.impl.LeaderElection.askForVotes(LeaderElection.java:201)
	at org.apache.ratis.server.impl.LeaderElection.run(LeaderElection.java:133)
	at java.lang.Thread.run(Thread.java:748)
Caused by: org.apache.ratis.thirdparty.io.grpc.StatusRuntimeException: UNAVAILABLE: io exception
	at org.apache.ratis.thirdparty.io.grpc.stub.ClientCalls.toStatusRuntimeException(ClientCalls.java:233)
	at org.apache.ratis.thirdparty.io.grpc.stub.ClientCalls.getUnchecked(ClientCalls.java:214)
	at org.apache.ratis.thirdparty.io.grpc.stub.ClientCalls.blockingUnaryCall(ClientCalls.java:139)
	at org.apache.ratis.proto.grpc.RaftServerProtocolServiceGrpc$RaftServerProtocolServiceBlockingStub.requestVote(RaftServerProtocolServiceGrpc.java:265)
	at org.apache.ratis.grpc.server.GrpcServerProtocolClient.requestVote(GrpcServerProtocolClient.java:90)
	at org.apache.ratis.grpc.server.GrpcService.requestVote(GrpcService.java:204)
	at org.apache.ratis.server.impl.LeaderElection.lambda$submitRequests$1(LeaderElection.java:238)
	at java.util.concurrent.FutureTask.run(FutureTask.java:266)
	at java.util.concurrent.Executors$RunnableAdapter.call(Executors.java:511)
	at java.util.concurrent.FutureTask.run(FutureTask.java:266)
	at java.util.concurrent.ThreadPoolExecutor.runWorker(ThreadPoolExecutor.java:1149)
	at java.util.concurrent.ThreadPoolExecutor$Worker.run(ThreadPoolExecutor.java:624)
	... 1 more
Caused by: org.apache.ratis.thirdparty.io.netty.channel.AbstractChannel$AnnotatedConnectException: Connection refused: /192.168.36.83:36559
	at sun.nio.ch.SocketChannelImpl.checkConnect(Native Method)
	at sun.nio.ch.SocketChannelImpl.finishConnect(SocketChannelImpl.java:717)
	at org.apache.ratis.thirdparty.io.netty.channel.socket.nio.NioSocketChannel.doFinishConnect(NioSocketChannel.java:327)
	at org.apache.ratis.thirdparty.io.netty.channel.nio.AbstractNioChannel$AbstractNioUnsafe.finishConnect(AbstractNioChannel.java:340)
	at org.apache.ratis.thirdparty.io.netty.channel.nio.NioEventLoop.processSelectedKey(NioEventLoop.java:632)
	at org.apache.ratis.thirdparty.io.netty.channel.nio.NioEventLoop.processSelectedKeysOptimized(NioEventLoop.java:579)
	at org.apache.ratis.thirdparty.io.netty.channel.nio.NioEventLoop.processSelectedKeys(NioEventLoop.java:496)
	at org.apache.ratis.thirdparty.io.netty.channel.nio.NioEventLoop.run(NioEventLoop.java:458)
	at org.apache.ratis.thirdparty.io.netty.util.concurrent.SingleThreadEventExecutor$5.run(SingleThreadEventExecutor.java:897)
	at org.apache.ratis.thirdparty.io.netty.util.concurrent.FastThreadLocalRunnable.run(FastThreadLocalRunnable.java:30)
	... 1 more
Caused by: java.net.ConnectException: Connection refused
	... 11 more
2019-09-05 11:08:00,727 [91f1ec4b-d07c-4bfe-85d9-e7c7373ee128@group-A05EB53D3152:LeaderElection108] INFO  impl.LeaderElection (LogUtils.java:infoOrTrace(149)) - 91f1ec4b-d07c-4bfe-85d9-e7c7373ee128@group-A05EB53D3152:LeaderElection108 got exception when requesting votes: {}
java.util.concurrent.ExecutionException: org.apache.ratis.thirdparty.io.grpc.StatusRuntimeException: UNAVAILABLE: io exception
	at java.util.concurrent.FutureTask.report(FutureTask.java:122)
	at java.util.concurrent.FutureTask.get(FutureTask.java:192)
	at org.apache.ratis.server.impl.LeaderElection.waitForResults(LeaderElection.java:263)
	at org.apache.ratis.server.impl.LeaderElection.askForVotes(LeaderElection.java:201)
	at org.apache.ratis.server.impl.LeaderElection.run(LeaderElection.java:133)
	at java.lang.Thread.run(Thread.java:748)
Caused by: org.apache.ratis.thirdparty.io.grpc.StatusRuntimeException: UNAVAILABLE: io exception
	at org.apache.ratis.thirdparty.io.grpc.stub.ClientCalls.toStatusRuntimeException(ClientCalls.java:233)
	at org.apache.ratis.thirdparty.io.grpc.stub.ClientCalls.getUnchecked(ClientCalls.java:214)
	at org.apache.ratis.thirdparty.io.grpc.stub.ClientCalls.blockingUnaryCall(ClientCalls.java:139)
	at org.apache.ratis.proto.grpc.RaftServerProtocolServiceGrpc$RaftServerProtocolServiceBlockingStub.requestVote(RaftServerProtocolServiceGrpc.java:265)
	at org.apache.ratis.grpc.server.GrpcServerProtocolClient.requestVote(GrpcServerProtocolClient.java:90)
	at org.apache.ratis.grpc.server.GrpcService.requestVote(GrpcService.java:204)
	at org.apache.ratis.server.impl.LeaderElection.lambda$submitRequests$1(LeaderElection.java:238)
	at java.util.concurrent.FutureTask.run(FutureTask.java:266)
	at java.util.concurrent.Executors$RunnableAdapter.call(Executors.java:511)
	at java.util.concurrent.FutureTask.run(FutureTask.java:266)
	at java.util.concurrent.ThreadPoolExecutor.runWorker(ThreadPoolExecutor.java:1149)
	at java.util.concurrent.ThreadPoolExecutor$Worker.run(ThreadPoolExecutor.java:624)
	... 1 more
Caused by: org.apache.ratis.thirdparty.io.netty.channel.AbstractChannel$AnnotatedConnectException: Connection refused: /192.168.36.83:46330
	at sun.nio.ch.SocketChannelImpl.checkConnect(Native Method)
	at sun.nio.ch.SocketChannelImpl.finishConnect(SocketChannelImpl.java:717)
	at org.apache.ratis.thirdparty.io.netty.channel.socket.nio.NioSocketChannel.doFinishConnect(NioSocketChannel.java:327)
	at org.apache.ratis.thirdparty.io.netty.channel.nio.AbstractNioChannel$AbstractNioUnsafe.finishConnect(AbstractNioChannel.java:340)
	at org.apache.ratis.thirdparty.io.netty.channel.nio.NioEventLoop.processSelectedKey(NioEventLoop.java:632)
	at org.apache.ratis.thirdparty.io.netty.channel.nio.NioEventLoop.processSelectedKeysOptimized(NioEventLoop.java:579)
	at org.apache.ratis.thirdparty.io.netty.channel.nio.NioEventLoop.processSelectedKeys(NioEventLoop.java:496)
	at org.apache.ratis.thirdparty.io.netty.channel.nio.NioEventLoop.run(NioEventLoop.java:458)
	at org.apache.ratis.thirdparty.io.netty.util.concurrent.SingleThreadEventExecutor$5.run(SingleThreadEventExecutor.java:897)
	at org.apache.ratis.thirdparty.io.netty.util.concurrent.FastThreadLocalRunnable.run(FastThreadLocalRunnable.java:30)
	... 1 more
Caused by: java.net.ConnectException: Connection refused
	... 11 more
2019-09-05 11:08:00,728 [91f1ec4b-d07c-4bfe-85d9-e7c7373ee128@group-A05EB53D3152:LeaderElection108] INFO  impl.LeaderElection (LeaderElection.java:logAndReturn(56)) - 91f1ec4b-d07c-4bfe-85d9-e7c7373ee128@group-A05EB53D3152:LeaderElection108: Election REJECTED; received 0 response(s) [] and 2 exception(s); 91f1ec4b-d07c-4bfe-85d9-e7c7373ee128@group-A05EB53D3152:t4, leader=null, voted=91f1ec4b-d07c-4bfe-85d9-e7c7373ee128, raftlog=91f1ec4b-d07c-4bfe-85d9-e7c7373ee128@group-A05EB53D3152-SegmentedRaftLog:OPENED:c16,f16,i16, conf=0: [4fc6afb9-3f9c-4be8-93ce-657a33e3c6ff:192.168.36.83:46330, e3a08138-bcbc-4acb-87dc-f1195608ab57:192.168.36.83:36559, 91f1ec4b-d07c-4bfe-85d9-e7c7373ee128:192.168.36.83:38975], old=null
2019-09-05 11:08:00,729 [91f1ec4b-d07c-4bfe-85d9-e7c7373ee128@group-A05EB53D3152:LeaderElection108] INFO  impl.LeaderElection (LogUtils.java:infoOrTrace(149)) -   Exception 0: {}
java.util.concurrent.ExecutionException: org.apache.ratis.thirdparty.io.grpc.StatusRuntimeException: UNAVAILABLE: io exception
	at java.util.concurrent.FutureTask.report(FutureTask.java:122)
	at java.util.concurrent.FutureTask.get(FutureTask.java:192)
	at org.apache.ratis.server.impl.LeaderElection.waitForResults(LeaderElection.java:263)
	at org.apache.ratis.server.impl.LeaderElection.askForVotes(LeaderElection.java:201)
	at org.apache.ratis.server.impl.LeaderElection.run(LeaderElection.java:133)
	at java.lang.Thread.run(Thread.java:748)
Caused by: org.apache.ratis.thirdparty.io.grpc.StatusRuntimeException: UNAVAILABLE: io exception
	at org.apache.ratis.thirdparty.io.grpc.stub.ClientCalls.toStatusRuntimeException(ClientCalls.java:233)
	at org.apache.ratis.thirdparty.io.grpc.stub.ClientCalls.getUnchecked(ClientCalls.java:214)
	at org.apache.ratis.thirdparty.io.grpc.stub.ClientCalls.blockingUnaryCall(ClientCalls.java:139)
	at org.apache.ratis.proto.grpc.RaftServerProtocolServiceGrpc$RaftServerProtocolServiceBlockingStub.requestVote(RaftServerProtocolServiceGrpc.java:265)
	at org.apache.ratis.grpc.server.GrpcServerProtocolClient.requestVote(GrpcServerProtocolClient.java:90)
	at org.apache.ratis.grpc.server.GrpcService.requestVote(GrpcService.java:204)
	at org.apache.ratis.server.impl.LeaderElection.lambda$submitRequests$1(LeaderElection.java:238)
	at java.util.concurrent.FutureTask.run(FutureTask.java:266)
	at java.util.concurrent.Executors$RunnableAdapter.call(Executors.java:511)
	at java.util.concurrent.FutureTask.run(FutureTask.java:266)
	at java.util.concurrent.ThreadPoolExecutor.runWorker(ThreadPoolExecutor.java:1149)
	at java.util.concurrent.ThreadPoolExecutor$Worker.run(ThreadPoolExecutor.java:624)
	... 1 more
Caused by: org.apache.ratis.thirdparty.io.netty.channel.AbstractChannel$AnnotatedConnectException: Connection refused: /192.168.36.83:36559
	at sun.nio.ch.SocketChannelImpl.checkConnect(Native Method)
	at sun.nio.ch.SocketChannelImpl.finishConnect(SocketChannelImpl.java:717)
	at org.apache.ratis.thirdparty.io.netty.channel.socket.nio.NioSocketChannel.doFinishConnect(NioSocketChannel.java:327)
	at org.apache.ratis.thirdparty.io.netty.channel.nio.AbstractNioChannel$AbstractNioUnsafe.finishConnect(AbstractNioChannel.java:340)
	at org.apache.ratis.thirdparty.io.netty.channel.nio.NioEventLoop.processSelectedKey(NioEventLoop.java:632)
	at org.apache.ratis.thirdparty.io.netty.channel.nio.NioEventLoop.processSelectedKeysOptimized(NioEventLoop.java:579)
	at org.apache.ratis.thirdparty.io.netty.channel.nio.NioEventLoop.processSelectedKeys(NioEventLoop.java:496)
	at org.apache.ratis.thirdparty.io.netty.channel.nio.NioEventLoop.run(NioEventLoop.java:458)
	at org.apache.ratis.thirdparty.io.netty.util.concurrent.SingleThreadEventExecutor$5.run(SingleThreadEventExecutor.java:897)
	at org.apache.ratis.thirdparty.io.netty.util.concurrent.FastThreadLocalRunnable.run(FastThreadLocalRunnable.java:30)
	... 1 more
Caused by: java.net.ConnectException: Connection refused
	... 11 more
2019-09-05 11:08:00,729 [91f1ec4b-d07c-4bfe-85d9-e7c7373ee128@group-A05EB53D3152:LeaderElection108] INFO  impl.LeaderElection (LogUtils.java:infoOrTrace(149)) -   Exception 1: {}
java.util.concurrent.ExecutionException: org.apache.ratis.thirdparty.io.grpc.StatusRuntimeException: UNAVAILABLE: io exception
	at java.util.concurrent.FutureTask.report(FutureTask.java:122)
	at java.util.concurrent.FutureTask.get(FutureTask.java:192)
	at org.apache.ratis.server.impl.LeaderElection.waitForResults(LeaderElection.java:263)
	at org.apache.ratis.server.impl.LeaderElection.askForVotes(LeaderElection.java:201)
	at org.apache.ratis.server.impl.LeaderElection.run(LeaderElection.java:133)
	at java.lang.Thread.run(Thread.java:748)
Caused by: org.apache.ratis.thirdparty.io.grpc.StatusRuntimeException: UNAVAILABLE: io exception
	at org.apache.ratis.thirdparty.io.grpc.stub.ClientCalls.toStatusRuntimeException(ClientCalls.java:233)
	at org.apache.ratis.thirdparty.io.grpc.stub.ClientCalls.getUnchecked(ClientCalls.java:214)
	at org.apache.ratis.thirdparty.io.grpc.stub.ClientCalls.blockingUnaryCall(ClientCalls.java:139)
	at org.apache.ratis.proto.grpc.RaftServerProtocolServiceGrpc$RaftServerProtocolServiceBlockingStub.requestVote(RaftServerProtocolServiceGrpc.java:265)
	at org.apache.ratis.grpc.server.GrpcServerProtocolClient.requestVote(GrpcServerProtocolClient.java:90)
	at org.apache.ratis.grpc.server.GrpcService.requestVote(GrpcService.java:204)
	at org.apache.ratis.server.impl.LeaderElection.lambda$submitRequests$1(LeaderElection.java:238)
	at java.util.concurrent.FutureTask.run(FutureTask.java:266)
	at java.util.concurrent.Executors$RunnableAdapter.call(Executors.java:511)
	at java.util.concurrent.FutureTask.run(FutureTask.java:266)
	at java.util.concurrent.ThreadPoolExecutor.runWorker(ThreadPoolExecutor.java:1149)
	at java.util.concurrent.ThreadPoolExecutor$Worker.run(ThreadPoolExecutor.java:624)
	... 1 more
Caused by: org.apache.ratis.thirdparty.io.netty.channel.AbstractChannel$AnnotatedConnectException: Connection refused: /192.168.36.83:46330
	at sun.nio.ch.SocketChannelImpl.checkConnect(Native Method)
	at sun.nio.ch.SocketChannelImpl.finishConnect(SocketChannelImpl.java:717)
	at org.apache.ratis.thirdparty.io.netty.channel.socket.nio.NioSocketChannel.doFinishConnect(NioSocketChannel.java:327)
	at org.apache.ratis.thirdparty.io.netty.channel.nio.AbstractNioChannel$AbstractNioUnsafe.finishConnect(AbstractNioChannel.java:340)
	at org.apache.ratis.thirdparty.io.netty.channel.nio.NioEventLoop.processSelectedKey(NioEventLoop.java:632)
	at org.apache.ratis.thirdparty.io.netty.channel.nio.NioEventLoop.processSelectedKeysOptimized(NioEventLoop.java:579)
	at org.apache.ratis.thirdparty.io.netty.channel.nio.NioEventLoop.processSelectedKeys(NioEventLoop.java:496)
	at org.apache.ratis.thirdparty.io.netty.channel.nio.NioEventLoop.run(NioEventLoop.java:458)
	at org.apache.ratis.thirdparty.io.netty.util.concurrent.SingleThreadEventExecutor$5.run(SingleThreadEventExecutor.java:897)
	at org.apache.ratis.thirdparty.io.netty.util.concurrent.FastThreadLocalRunnable.run(FastThreadLocalRunnable.java:30)
	... 1 more
Caused by: java.net.ConnectException: Connection refused
	... 11 more
2019-09-05 11:08:00,729 [91f1ec4b-d07c-4bfe-85d9-e7c7373ee128@group-A05EB53D3152:LeaderElection108] INFO  impl.RaftServerImpl (RaftServerImpl.java:setRole(174)) - 91f1ec4b-d07c-4bfe-85d9-e7c7373ee128@group-A05EB53D3152: changes role from CANDIDATE to FOLLOWER at term 4 for DISCOVERED_A_NEW_TERM
2019-09-05 11:08:00,729 [91f1ec4b-d07c-4bfe-85d9-e7c7373ee128@group-A05EB53D3152:LeaderElection108] INFO  impl.RoleInfo (RoleInfo.java:shutdownLeaderElection(134)) - 91f1ec4b-d07c-4bfe-85d9-e7c7373ee128: shutdown LeaderElection
2019-09-05 11:08:00,730 [91f1ec4b-d07c-4bfe-85d9-e7c7373ee128@group-A05EB53D3152:LeaderElection108] INFO  impl.RoleInfo (RoleInfo.java:updateAndGet(143)) - 91f1ec4b-d07c-4bfe-85d9-e7c7373ee128: start FollowerState
2019-09-05 11:08:00,988 [grpc-default-executor-10] WARN  server.GrpcLogAppender (LogUtils.java:warn(134)) - 91f1ec4b-d07c-4bfe-85d9-e7c7373ee128@group-BBFEA7A1B957->4fc6afb9-3f9c-4be8-93ce-657a33e3c6ff-AppendLogResponseHandler: Failed appendEntries: org.apache.ratis.thirdparty.io.grpc.StatusRuntimeException: UNAVAILABLE: io exception
2019-09-05 11:08:00,988 [grpc-default-executor-10] INFO  impl.FollowerInfo (FollowerInfo.java:lambda$new$0(51)) - 91f1ec4b-d07c-4bfe-85d9-e7c7373ee128@group-BBFEA7A1B957->4fc6afb9-3f9c-4be8-93ce-657a33e3c6ff: nextIndex: updateUnconditionally 0 -> 0
2019-09-05 11:08:00,990 [grpc-default-executor-10] WARN  server.GrpcLogAppender (LogUtils.java:warn(134)) - 91f1ec4b-d07c-4bfe-85d9-e7c7373ee128@group-BBFEA7A1B957->89f16946-17a7-47cd-87e0-140db9ee23a2-AppendLogResponseHandler: Failed appendEntries: org.apache.ratis.thirdparty.io.grpc.StatusRuntimeException: UNAVAILABLE: io exception
2019-09-05 11:08:00,990 [grpc-default-executor-10] INFO  impl.FollowerInfo (FollowerInfo.java:lambda$new$0(51)) - 91f1ec4b-d07c-4bfe-85d9-e7c7373ee128@group-BBFEA7A1B957->89f16946-17a7-47cd-87e0-140db9ee23a2: nextIndex: updateUnconditionally 0 -> 0
2019-09-05 11:08:02,666 [EventQueue-StaleNodeForStaleNodeHandler] INFO  node.StaleNodeHandler (StaleNodeHandler.java:onMessage(58)) - Datanode 91f1ec4b-d07c-4bfe-85d9-e7c7373ee128{ip: 192.168.36.83, host: pr-hdds-1561-gm47z-337254333, networkLocation: /default-rack, certSerialId: null} moved to stale state. Finalizing its pipelines [PipelineID=c72930a9-1d25-4188-aa9d-a05eb53d3152, PipelineID=c30b98ab-c355-48e8-9d92-dbf9aa144527, PipelineID=063bb4f7-dfa3-4b97-8a9e-bbfea7a1b957]
2019-09-05 11:08:02,667 [EventQueue-StaleNodeForStaleNodeHandler] INFO  pipeline.SCMPipelineManager (SCMPipelineManager.java:finalizeAndDestroyPipeline(309)) - destroying pipeline:Pipeline[ Id: c72930a9-1d25-4188-aa9d-a05eb53d3152, Nodes: 91f1ec4b-d07c-4bfe-85d9-e7c7373ee128{ip: 192.168.36.83, host: pr-hdds-1561-gm47z-337254333, networkLocation: /default-rack, certSerialId: null}4fc6afb9-3f9c-4be8-93ce-657a33e3c6ff{ip: 192.168.36.83, host: pr-hdds-1561-gm47z-337254333, networkLocation: /default-rack, certSerialId: null}e3a08138-bcbc-4acb-87dc-f1195608ab57{ip: 192.168.36.83, host: pr-hdds-1561-gm47z-337254333, networkLocation: /default-rack, certSerialId: null}, Type:RATIS, Factor:THREE, State:CLOSED]
2019-09-05 11:08:02,669 [EventQueue-StaleNodeForStaleNodeHandler] INFO  pipeline.SCMPipelineManager (SCMPipelineManager.java:finalizeAndDestroyPipeline(309)) - destroying pipeline:Pipeline[ Id: c30b98ab-c355-48e8-9d92-dbf9aa144527, Nodes: 91f1ec4b-d07c-4bfe-85d9-e7c7373ee128{ip: 192.168.36.83, host: pr-hdds-1561-gm47z-337254333, networkLocation: /default-rack, certSerialId: null}, Type:RATIS, Factor:ONE, State:OPEN]
2019-09-05 11:08:02,670 [EventQueue-StaleNodeForStaleNodeHandler] INFO  pipeline.PipelineStateManager (PipelineStateManager.java:finalizePipeline(123)) - Pipeline Pipeline[ Id: c30b98ab-c355-48e8-9d92-dbf9aa144527, Nodes: 91f1ec4b-d07c-4bfe-85d9-e7c7373ee128{ip: 192.168.36.83, host: pr-hdds-1561-gm47z-337254333, networkLocation: /default-rack, certSerialId: null}, Type:RATIS, Factor:ONE, State:CLOSED] moved to CLOSED state
2019-09-05 11:08:02,670 [EventQueue-StaleNodeForStaleNodeHandler] INFO  pipeline.SCMPipelineManager (SCMPipelineManager.java:finalizeAndDestroyPipeline(309)) - destroying pipeline:Pipeline[ Id: 063bb4f7-dfa3-4b97-8a9e-bbfea7a1b957, Nodes: 91f1ec4b-d07c-4bfe-85d9-e7c7373ee128{ip: 192.168.36.83, host: pr-hdds-1561-gm47z-337254333, networkLocation: /default-rack, certSerialId: null}4fc6afb9-3f9c-4be8-93ce-657a33e3c6ff{ip: 192.168.36.83, host: pr-hdds-1561-gm47z-337254333, networkLocation: /default-rack, certSerialId: null}89f16946-17a7-47cd-87e0-140db9ee23a2{ip: 192.168.36.83, host: pr-hdds-1561-gm47z-337254333, networkLocation: /default-rack, certSerialId: null}, Type:RATIS, Factor:THREE, State:CLOSED]
2019-09-05 11:08:02,672 [ForkJoinPool.commonPool-worker-0] INFO  ozoneimpl.OzoneContainer (OzoneContainer.java:stop(216)) - Attempting to stop container services.
2019-09-05 11:08:02,672 [ForkJoinPool.commonPool-worker-0] INFO  impl.RaftServerProxy (RaftServerProxy.java:lambda$close$4(314)) - 91f1ec4b-d07c-4bfe-85d9-e7c7373ee128: close
2019-09-05 11:08:02,673 [ForkJoinPool.commonPool-worker-0] INFO  impl.RaftServerImpl (RaftServerImpl.java:lambda$shutdown$3(251)) - 91f1ec4b-d07c-4bfe-85d9-e7c7373ee128@group-A05EB53D3152: shutdown
2019-09-05 11:08:02,673 [ForkJoinPool.commonPool-worker-0] INFO  util.JmxRegister (JmxRegister.java:unregister(73)) - Successfully un-registered JMX Bean with object name Ratis:service=RaftServer,group=group-A05EB53D3152,id=91f1ec4b-d07c-4bfe-85d9-e7c7373ee128
2019-09-05 11:08:02,673 [ForkJoinPool.commonPool-worker-0] INFO  impl.RoleInfo (RoleInfo.java:shutdownFollowerState(121)) - 91f1ec4b-d07c-4bfe-85d9-e7c7373ee128: shutdown FollowerState
2019-09-05 11:08:02,673 [ForkJoinPool.commonPool-worker-0] INFO  impl.StateMachineUpdater (StateMachineUpdater.java:stopAndJoin(125)) - 91f1ec4b-d07c-4bfe-85d9-e7c7373ee128@group-A05EB53D3152-StateMachineUpdater: set stopIndex = 16
2019-09-05 11:08:02,673 [Thread-3467] INFO  impl.FollowerState (FollowerState.java:run(115)) - 91f1ec4b-d07c-4bfe-85d9-e7c7373ee128: FollowerState was interrupted: java.lang.InterruptedException: sleep interrupted
2019-09-05 11:08:02,677 [91f1ec4b-d07c-4bfe-85d9-e7c7373ee128@group-A05EB53D3152-StateMachineUpdater] INFO  ratis.ContainerStateMachine (ContainerStateMachine.java:takeSnapshot(289)) - group-A05EB53D3152: Taking a snapshot at:(t:3, i:14) file /workdir/hadoop-ozone/integration-test/target/test-dir/MiniOzoneClusterImpl-06581d8d-c2e4-4d94-a862-518568baa486/datanode-0/data/ratis/c72930a9-1d25-4188-aa9d-a05eb53d3152/sm/snapshot.3_14
2019-09-05 11:08:02,720 [91f1ec4b-d07c-4bfe-85d9-e7c7373ee128@group-A05EB53D3152-StateMachineUpdater] INFO  ratis.ContainerStateMachine (ContainerStateMachine.java:takeSnapshot(300)) - group-A05EB53D3152: Finished taking a snapshot at:(t:3, i:14) file:/workdir/hadoop-ozone/integration-test/target/test-dir/MiniOzoneClusterImpl-06581d8d-c2e4-4d94-a862-518568baa486/datanode-0/data/ratis/c72930a9-1d25-4188-aa9d-a05eb53d3152/sm/snapshot.3_14 time:47
2019-09-05 11:08:02,721 [91f1ec4b-d07c-4bfe-85d9-e7c7373ee128@group-A05EB53D3152-StateMachineUpdater] INFO  impl.StateMachineUpdater (StateMachineUpdater.java:takeSnapshot(258)) - 91f1ec4b-d07c-4bfe-85d9-e7c7373ee128@group-A05EB53D3152-StateMachineUpdater: Took a snapshot at index 14
2019-09-05 11:08:02,721 [91f1ec4b-d07c-4bfe-85d9-e7c7373ee128@group-A05EB53D3152-StateMachineUpdater] INFO  impl.StateMachineUpdater (StateMachineUpdater.java:lambda$new$0(83)) - 91f1ec4b-d07c-4bfe-85d9-e7c7373ee128@group-A05EB53D3152-StateMachineUpdater: snapshotIndex: updateIncreasingly -1 -> 14
2019-09-05 11:08:02,721 [91f1ec4b-d07c-4bfe-85d9-e7c7373ee128@group-A05EB53D3152-StateMachineUpdater] INFO  ratis.ContainerStateMachine (ContainerStateMachine.java:takeSnapshot(289)) - group-A05EB53D3152: Taking a snapshot at:(t:3, i:14) file /workdir/hadoop-ozone/integration-test/target/test-dir/MiniOzoneClusterImpl-06581d8d-c2e4-4d94-a862-518568baa486/datanode-0/data/ratis/c72930a9-1d25-4188-aa9d-a05eb53d3152/sm/snapshot.3_14
2019-09-05 11:08:02,760 [91f1ec4b-d07c-4bfe-85d9-e7c7373ee128@group-A05EB53D3152-StateMachineUpdater] INFO  ratis.ContainerStateMachine (ContainerStateMachine.java:takeSnapshot(300)) - group-A05EB53D3152: Finished taking a snapshot at:(t:3, i:14) file:/workdir/hadoop-ozone/integration-test/target/test-dir/MiniOzoneClusterImpl-06581d8d-c2e4-4d94-a862-518568baa486/datanode-0/data/ratis/c72930a9-1d25-4188-aa9d-a05eb53d3152/sm/snapshot.3_14 time:38
2019-09-05 11:08:02,760 [91f1ec4b-d07c-4bfe-85d9-e7c7373ee128@group-A05EB53D3152-StateMachineUpdater] INFO  impl.StateMachineUpdater (StateMachineUpdater.java:takeSnapshot(258)) - 91f1ec4b-d07c-4bfe-85d9-e7c7373ee128@group-A05EB53D3152-StateMachineUpdater: Took a snapshot at index 14
2019-09-05 11:08:02,760 [91f1ec4b-d07c-4bfe-85d9-e7c7373ee128@group-A05EB53D3152-StateMachineUpdater] INFO  impl.StateMachineUpdater (StateMachineUpdater.java:lambda$new$0(83)) - 91f1ec4b-d07c-4bfe-85d9-e7c7373ee128@group-A05EB53D3152-StateMachineUpdater: snapshotIndex: updateIncreasingly 14 -> 14
2019-09-05 11:08:02,760 [ForkJoinPool.commonPool-worker-0] INFO  impl.RaftServerImpl (ServerState.java:close(385)) - 91f1ec4b-d07c-4bfe-85d9-e7c7373ee128@group-A05EB53D3152: closes. applyIndex: 16
2019-09-05 11:08:02,761 [91f1ec4b-d07c-4bfe-85d9-e7c7373ee128@group-A05EB53D3152-SegmentedRaftLogWorker] INFO  segmented.SegmentedRaftLogWorker (SegmentedRaftLogWorker.java:run(313)) - 91f1ec4b-d07c-4bfe-85d9-e7c7373ee128@group-A05EB53D3152-SegmentedRaftLogWorker was interrupted, exiting. There are 0 tasks remaining in the queue.
2019-09-05 11:08:02,762 [ForkJoinPool.commonPool-worker-0] INFO  segmented.SegmentedRaftLogWorker (SegmentedRaftLogWorker.java:close(228)) - 91f1ec4b-d07c-4bfe-85d9-e7c7373ee128@group-A05EB53D3152-SegmentedRaftLogWorker close()
2019-09-05 11:08:02,763 [ForkJoinPool.commonPool-worker-0] INFO  impl.RaftServerImpl (RaftServerImpl.java:lambda$shutdown$3(251)) - 91f1ec4b-d07c-4bfe-85d9-e7c7373ee128@group-DBF9AA144527: shutdown
2019-09-05 11:08:02,763 [ForkJoinPool.commonPool-worker-0] INFO  util.JmxRegister (JmxRegister.java:unregister(73)) - Successfully un-registered JMX Bean with object name Ratis:service=RaftServer,group=group-DBF9AA144527,id=91f1ec4b-d07c-4bfe-85d9-e7c7373ee128
2019-09-05 11:08:02,764 [ForkJoinPool.commonPool-worker-0] INFO  impl.RoleInfo (RoleInfo.java:shutdownLeaderState(104)) - 91f1ec4b-d07c-4bfe-85d9-e7c7373ee128: shutdown LeaderState
2019-09-05 11:08:02,764 [ForkJoinPool.commonPool-worker-0] INFO  impl.PendingRequests (PendingRequests.java:sendNotLeaderResponses(202)) - 91f1ec4b-d07c-4bfe-85d9-e7c7373ee128-PendingRequests: sendNotLeaderResponses
2019-09-05 11:08:02,765 [ForkJoinPool.commonPool-worker-0] INFO  impl.StateMachineUpdater (StateMachineUpdater.java:stopAndJoin(125)) - 91f1ec4b-d07c-4bfe-85d9-e7c7373ee128@group-DBF9AA144527-StateMachineUpdater: set stopIndex = 0
2019-09-05 11:08:02,765 [ForkJoinPool.commonPool-worker-0] INFO  impl.RaftServerImpl (ServerState.java:close(385)) - 91f1ec4b-d07c-4bfe-85d9-e7c7373ee128@group-DBF9AA144527: closes. applyIndex: 0
2019-09-05 11:08:02,765 [91f1ec4b-d07c-4bfe-85d9-e7c7373ee128@group-DBF9AA144527-SegmentedRaftLogWorker] INFO  segmented.SegmentedRaftLogWorker (SegmentedRaftLogWorker.java:run(313)) - 91f1ec4b-d07c-4bfe-85d9-e7c7373ee128@group-DBF9AA144527-SegmentedRaftLogWorker was interrupted, exiting. There are 0 tasks remaining in the queue.
2019-09-05 11:08:02,766 [ForkJoinPool.commonPool-worker-0] INFO  segmented.SegmentedRaftLogWorker (SegmentedRaftLogWorker.java:close(228)) - 91f1ec4b-d07c-4bfe-85d9-e7c7373ee128@group-DBF9AA144527-SegmentedRaftLogWorker close()
2019-09-05 11:08:02,768 [ForkJoinPool.commonPool-worker-0] INFO  impl.RaftServerImpl (RaftServerImpl.java:lambda$shutdown$3(251)) - 91f1ec4b-d07c-4bfe-85d9-e7c7373ee128@group-BBFEA7A1B957: shutdown
2019-09-05 11:08:02,768 [ForkJoinPool.commonPool-worker-0] INFO  util.JmxRegister (JmxRegister.java:unregister(73)) - Successfully un-registered JMX Bean with object name Ratis:service=RaftServer,group=group-BBFEA7A1B957,id=91f1ec4b-d07c-4bfe-85d9-e7c7373ee128
2019-09-05 11:08:02,768 [ForkJoinPool.commonPool-worker-0] INFO  impl.RoleInfo (RoleInfo.java:shutdownLeaderState(104)) - 91f1ec4b-d07c-4bfe-85d9-e7c7373ee128: shutdown LeaderState
2019-09-05 11:08:02,771 [ForkJoinPool.commonPool-worker-0] INFO  impl.PendingRequests (PendingRequests.java:sendNotLeaderResponses(202)) - 91f1ec4b-d07c-4bfe-85d9-e7c7373ee128-PendingRequests: sendNotLeaderResponses
2019-09-05 11:08:02,771 [org.apache.ratis.server.impl.LogAppender$AppenderDaemon$$Lambda$473/1880504537@643903f5] WARN  server.GrpcLogAppender (GrpcLogAppender.java:mayWait(143)) - 91f1ec4b-d07c-4bfe-85d9-e7c7373ee128@group-BBFEA7A1B957->4fc6afb9-3f9c-4be8-93ce-657a33e3c6ff-GrpcLogAppender: Wait interrupted by java.lang.InterruptedException
2019-09-05 11:08:02,771 [org.apache.ratis.server.impl.LogAppender$AppenderDaemon$$Lambda$473/1880504537@507001ae] WARN  server.GrpcLogAppender (GrpcLogAppender.java:mayWait(143)) - 91f1ec4b-d07c-4bfe-85d9-e7c7373ee128@group-BBFEA7A1B957->89f16946-17a7-47cd-87e0-140db9ee23a2-GrpcLogAppender: Wait interrupted by java.lang.InterruptedException
2019-09-05 11:08:02,771 [ForkJoinPool.commonPool-worker-0] INFO  impl.StateMachineUpdater (StateMachineUpdater.java:stopAndJoin(125)) - 91f1ec4b-d07c-4bfe-85d9-e7c7373ee128@group-BBFEA7A1B957-StateMachineUpdater: set stopIndex = 0
2019-09-05 11:08:02,772 [ForkJoinPool.commonPool-worker-0] INFO  impl.RaftServerImpl (ServerState.java:close(385)) - 91f1ec4b-d07c-4bfe-85d9-e7c7373ee128@group-BBFEA7A1B957: closes. applyIndex: 0
2019-09-05 11:08:02,772 [91f1ec4b-d07c-4bfe-85d9-e7c7373ee128@group-BBFEA7A1B957-SegmentedRaftLogWorker] INFO  segmented.SegmentedRaftLogWorker (SegmentedRaftLogWorker.java:run(313)) - 91f1ec4b-d07c-4bfe-85d9-e7c7373ee128@group-BBFEA7A1B957-SegmentedRaftLogWorker was interrupted, exiting. There are 0 tasks remaining in the queue.
2019-09-05 11:08:02,772 [ForkJoinPool.commonPool-worker-0] INFO  segmented.SegmentedRaftLogWorker (SegmentedRaftLogWorker.java:close(228)) - 91f1ec4b-d07c-4bfe-85d9-e7c7373ee128@group-BBFEA7A1B957-SegmentedRaftLogWorker close()
2019-09-05 11:08:02,774 [ForkJoinPool.commonPool-worker-0] INFO  server.GrpcService (GrpcService.java:closeImpl(164)) - 91f1ec4b-d07c-4bfe-85d9-e7c7373ee128: shutdown server with port 38975 now
2019-09-05 11:08:02,775 [ForkJoinPool.commonPool-worker-0] INFO  server.GrpcService (GrpcService.java:closeImpl(172)) - 91f1ec4b-d07c-4bfe-85d9-e7c7373ee128: shutdown server with port 38975 successfully
2019-09-05 11:08:02,779 [refreshUsed-/workdir/hadoop-ozone/integration-test/target/test-dir/MiniOzoneClusterImpl-06581d8d-c2e4-4d94-a862-518568baa486/datanode-0/data/containers] WARN  fs.CachingGetSpaceUsed (CachingGetSpaceUsed.java:run(183)) - Thread Interrupted waiting to refresh disk information: sleep interrupted
2019-09-05 11:08:02,803 [ForkJoinPool.commonPool-worker-0] INFO  utils.BackgroundService (BackgroundService.java:shutdown(148)) - Shutting down service BlockDeletingService
2019-09-05 11:08:02,807 [ForkJoinPool.commonPool-worker-0] INFO  statemachine.DatanodeStateMachine (DatanodeStateMachine.java:stopDaemon(395)) - Ozone container server stopped.
2019-09-05 11:08:02,813 [ForkJoinPool.commonPool-worker-0] INFO  handler.ContextHandler (ContextHandler.java:doStop(910)) - Stopped o.e.j.w.WebAppContext@62cbc478{/,null,UNAVAILABLE}{/hddsDatanode}
2019-09-05 11:08:02,814 [ForkJoinPool.commonPool-worker-0] INFO  server.AbstractConnector (AbstractConnector.java:doStop(318)) - Stopped ServerConnector@5438fa43{HTTP/1.1,[http/1.1]}{0.0.0.0:0}
2019-09-05 11:08:02,815 [ForkJoinPool.commonPool-worker-0] INFO  handler.ContextHandler (ContextHandler.java:doStop(910)) - Stopped o.e.j.s.ServletContextHandler@6ddd1c51{/static,jar:file:/home/user/.m2/repository/org/apache/hadoop/hadoop-hdds-container-service/0.5.0-SNAPSHOT/hadoop-hdds-container-service-0.5.0-SNAPSHOT.jar!/webapps/static,UNAVAILABLE}
2019-09-05 11:08:02,816 [ForkJoinPool.commonPool-worker-0] INFO  handler.ContextHandler (ContextHandler.java:doStop(910)) - Stopped o.e.j.s.ServletContextHandler@492521c4{/logs,file:///workdir/hadoop-ozone/integration-test/target/log,UNAVAILABLE}
2019-09-05 11:08:02,817 [main] INFO  ozone.MiniOzoneClusterImpl (MiniOzoneClusterImpl.java:stop(339)) - Stopping the StorageContainerManager
2019-09-05 11:08:02,818 [main] INFO  server.StorageContainerManager (StorageContainerManager.java:stop(797)) - Stopping Replication Manager Service.
2019-09-05 11:08:02,818 [main] INFO  container.ReplicationManager (ReplicationManager.java:stop(203)) - Stopping Replication Monitor Thread.
2019-09-05 11:08:02,818 [main] INFO  server.StorageContainerManager (StorageContainerManager.java:stop(804)) - Stopping Lease Manager of the command watchers
2019-09-05 11:08:02,819 [main] INFO  server.StorageContainerManager (StorageContainerManager.java:stop(811)) - Stopping datanode service RPC server
2019-09-05 11:08:02,819 [main] INFO  server.SCMDatanodeProtocolServer (SCMDatanodeProtocolServer.java:stop(367)) - Stopping the RPC server for DataNodes
2019-09-05 11:08:02,819 [main] INFO  ipc.Server (Server.java:stop(3082)) - Stopping server on 44129
2019-09-05 11:08:02,823 [IPC Server listener on 44129] INFO  ipc.Server (Server.java:run(1185)) - Stopping IPC Server listener on 44129
2019-09-05 11:08:02,823 [IPC Server Responder] INFO  ipc.Server (Server.java:run(1319)) - Stopping IPC Server Responder
2019-09-05 11:08:02,865 [SCM Heartbeat Processing Thread - 0] WARN  node.NodeStateManager (NodeStateManager.java:scheduleNextHealthCheck(646)) - Current Thread is interrupted, shutting down HB processing thread for Node Manager.
2019-09-05 11:08:02,865 [main] INFO  server.StorageContainerManager (StorageContainerManager.java:stop(819)) - Stopping block service RPC server
2019-09-05 11:08:02,866 [main] INFO  server.SCMBlockProtocolServer (SCMBlockProtocolServer.java:stop(155)) - Stopping the RPC server for Block Protocol
2019-09-05 11:08:02,866 [main] INFO  ipc.Server (Server.java:stop(3082)) - Stopping server on 42220
2019-09-05 11:08:02,868 [IPC Server listener on 42220] INFO  ipc.Server (Server.java:run(1185)) - Stopping IPC Server listener on 42220
2019-09-05 11:08:02,868 [main] INFO  server.StorageContainerManager (StorageContainerManager.java:stop(826)) - Stopping the StorageContainerLocationProtocol RPC server
2019-09-05 11:08:02,869 [main] INFO  server.SCMClientProtocolServer (SCMClientProtocolServer.java:stop(159)) - Stopping the RPC server for Client Protocol
2019-09-05 11:08:02,870 [main] INFO  ipc.Server (Server.java:stop(3082)) - Stopping server on 33572
2019-09-05 11:08:02,869 [IPC Server Responder] INFO  ipc.Server (Server.java:run(1319)) - Stopping IPC Server Responder
2019-09-05 11:08:02,873 [IPC Server listener on 33572] INFO  ipc.Server (Server.java:run(1185)) - Stopping IPC Server listener on 33572
2019-09-05 11:08:02,873 [main] INFO  server.StorageContainerManager (StorageContainerManager.java:stop(833)) - Stopping Storage Container Manager HTTP server.
2019-09-05 11:08:02,873 [IPC Server Responder] INFO  ipc.Server (Server.java:run(1319)) - Stopping IPC Server Responder
2019-09-05 11:08:02,875 [main] INFO  handler.ContextHandler (ContextHandler.java:doStop(910)) - Stopped o.e.j.w.WebAppContext@482c351d{/,null,UNAVAILABLE}{/scm}
2019-09-05 11:08:02,875 [main] INFO  server.AbstractConnector (AbstractConnector.java:doStop(318)) - Stopped ServerConnector@75eaba95{HTTP/1.1,[http/1.1]}{0.0.0.0:0}
2019-09-05 11:08:02,876 [main] INFO  handler.ContextHandler (ContextHandler.java:doStop(910)) - Stopped o.e.j.s.ServletContextHandler@17c0274c{/static,file:///workdir/hadoop-ozone/integration-test/target/test-classes/webapps/static,UNAVAILABLE}
2019-09-05 11:08:02,876 [main] INFO  handler.ContextHandler (ContextHandler.java:doStop(910)) - Stopped o.e.j.s.ServletContextHandler@448c92fc{/logs,file:///workdir/hadoop-ozone/integration-test/target/log,UNAVAILABLE}
2019-09-05 11:08:02,877 [main] INFO  server.StorageContainerManager (StorageContainerManager.java:stop(844)) - Stopping Block Manager Service.
2019-09-05 11:08:02,877 [main] INFO  utils.BackgroundService (BackgroundService.java:shutdown(148)) - Shutting down service SCMBlockDeletingService
2019-09-05 11:08:02,878 [main] INFO  utils.BackgroundService (BackgroundService.java:shutdown(148)) - Shutting down service SCMBlockDeletingService
2019-09-05 11:08:02,878 [main] INFO  server.StorageContainerManager (StorageContainerManager.java:stop(866)) - Stopping SCM Event Queue.
2019-09-05 11:08:02,884 [main] INFO  impl.MetricsSystemImpl (MetricsSystemImpl.java:stop(210)) - Stopping HddsDatanode metrics system...
2019-09-05 11:08:02,911 [main] INFO  impl.MetricsSystemImpl (MetricsSystemImpl.java:stop(216)) - HddsDatanode metrics system stopped.
]]></system-out>
    <system-err><![CDATA[Sep 05, 2019 11:07:58 AM org.apache.ratis.thirdparty.io.grpc.internal.SerializingExecutor run
SEVERE: Exception while executing runnable org.apache.ratis.thirdparty.io.grpc.internal.ServerImpl$JumpToApplicationThreadServerStreamListener$1Closed@2aac50cd
org.apache.ratis.thirdparty.io.grpc.StatusRuntimeException: CANCELLED: call already cancelled
	at org.apache.ratis.thirdparty.io.grpc.Status.asRuntimeException(Status.java:517)
	at org.apache.ratis.thirdparty.io.grpc.stub.ServerCalls$ServerCallStreamObserverImpl.onCompleted(ServerCalls.java:356)
	at org.apache.ratis.grpc.server.GrpcServerProtocolService$ServerRequestStreamObserver.onError(GrpcServerProtocolService.java:121)
	at org.apache.ratis.thirdparty.io.grpc.stub.ServerCalls$StreamingServerCallHandler$StreamingServerCallListener.onCancel(ServerCalls.java:269)
	at org.apache.ratis.thirdparty.io.grpc.internal.ServerCallImpl$ServerStreamListenerImpl.closed(ServerCallImpl.java:293)
	at org.apache.ratis.thirdparty.io.grpc.internal.ServerImpl$JumpToApplicationThreadServerStreamListener$1Closed.runInContext(ServerImpl.java:741)
	at org.apache.ratis.thirdparty.io.grpc.internal.ContextRunnable.run(ContextRunnable.java:37)
	at org.apache.ratis.thirdparty.io.grpc.internal.SerializingExecutor.run(SerializingExecutor.java:123)
	at java.util.concurrent.ThreadPoolExecutor.runWorker(ThreadPoolExecutor.java:1149)
	at java.util.concurrent.ThreadPoolExecutor$Worker.run(ThreadPoolExecutor.java:624)
	at java.lang.Thread.run(Thread.java:748)

]]></system-err>
  </testcase>
  <testcase name="testFailureWithPrimeSizedData" classname="org.apache.hadoop.ozone.client.rpc.TestBlockOutputStreamWithFailures" time="41.403"/>
  <testcase name="testWatchForCommitWithCloseContainerException" classname="org.apache.hadoop.ozone.client.rpc.TestBlockOutputStreamWithFailures" time="69.504">
    <failure message="expected:&lt;73&gt; but was:&lt;74&gt;" type="java.lang.AssertionError"><![CDATA[java.lang.AssertionError: expected:<73> but was:<74>
	at org.junit.Assert.fail(Assert.java:88)
	at org.junit.Assert.failNotEquals(Assert.java:743)
	at org.junit.Assert.assertEquals(Assert.java:118)
	at org.junit.Assert.assertEquals(Assert.java:555)
	at org.junit.Assert.assertEquals(Assert.java:542)
	at org.apache.hadoop.ozone.client.rpc.TestBlockOutputStreamWithFailures.testWatchForCommitWithCloseContainerException(TestBlockOutputStreamWithFailures.java:196)
	at sun.reflect.NativeMethodAccessorImpl.invoke0(Native Method)
	at sun.reflect.NativeMethodAccessorImpl.invoke(NativeMethodAccessorImpl.java:62)
	at sun.reflect.DelegatingMethodAccessorImpl.invoke(DelegatingMethodAccessorImpl.java:43)
	at java.lang.reflect.Method.invoke(Method.java:498)
	at org.junit.runners.model.FrameworkMethod$1.runReflectiveCall(FrameworkMethod.java:47)
	at org.junit.internal.runners.model.ReflectiveCallable.run(ReflectiveCallable.java:12)
	at org.junit.runners.model.FrameworkMethod.invokeExplosively(FrameworkMethod.java:44)
	at org.junit.internal.runners.statements.InvokeMethod.evaluate(InvokeMethod.java:17)
	at org.junit.internal.runners.statements.RunBefores.evaluate(RunBefores.java:26)
	at org.junit.internal.runners.statements.RunAfters.evaluate(RunAfters.java:27)
	at org.junit.runners.ParentRunner.runLeaf(ParentRunner.java:271)
	at org.junit.runners.BlockJUnit4ClassRunner.runChild(BlockJUnit4ClassRunner.java:70)
	at org.junit.runners.BlockJUnit4ClassRunner.runChild(BlockJUnit4ClassRunner.java:50)
	at org.junit.runners.ParentRunner$3.run(ParentRunner.java:238)
	at org.junit.runners.ParentRunner$1.schedule(ParentRunner.java:63)
	at org.junit.runners.ParentRunner.runChildren(ParentRunner.java:236)
	at org.junit.runners.ParentRunner.access$000(ParentRunner.java:53)
	at org.junit.runners.ParentRunner$2.evaluate(ParentRunner.java:229)
	at org.junit.runners.ParentRunner.run(ParentRunner.java:309)
	at org.apache.maven.surefire.junit4.JUnit4Provider.execute(JUnit4Provider.java:365)
	at org.apache.maven.surefire.junit4.JUnit4Provider.executeWithRerun(JUnit4Provider.java:273)
	at org.apache.maven.surefire.junit4.JUnit4Provider.executeTestSet(JUnit4Provider.java:238)
	at org.apache.maven.surefire.junit4.JUnit4Provider.invoke(JUnit4Provider.java:159)
	at org.apache.maven.surefire.booter.ForkedBooter.invokeProviderInSameClassLoader(ForkedBooter.java:384)
	at org.apache.maven.surefire.booter.ForkedBooter.runSuitesInProcess(ForkedBooter.java:345)
	at org.apache.maven.surefire.booter.ForkedBooter.execute(ForkedBooter.java:126)
	at org.apache.maven.surefire.booter.ForkedBooter.main(ForkedBooter.java:418)
]]></failure>
    <system-out><![CDATA[2019-09-05 11:08:44,374 [main] WARN  server.ServerUtils (ServerUtils.java:getScmDbDir(145)) - ozone.scm.db.dirs is not configured. We recommend adding this setting. Falling back to ozone.metadata.dirs instead.
2019-09-05 11:08:44,420 [main] WARN  server.ServerUtils (ServerUtils.java:getScmDbDir(145)) - ozone.scm.db.dirs is not configured. We recommend adding this setting. Falling back to ozone.metadata.dirs instead.
2019-09-05 11:08:44,420 [main] WARN  server.ServerUtils (ServerUtils.java:getScmDbDir(145)) - ozone.scm.db.dirs is not configured. We recommend adding this setting. Falling back to ozone.metadata.dirs instead.
2019-09-05 11:08:44,421 [main] INFO  db.DBStoreBuilder (DBStoreBuilder.java:addTable(110)) - using custom profile for table: deletedBlocks
2019-09-05 11:08:44,421 [main] INFO  db.DBStoreBuilder (DBStoreBuilder.java:processTables(161)) - Using default column profile:DBProfile.DISK for Table:deletedBlocks
2019-09-05 11:08:44,421 [main] INFO  db.DBStoreBuilder (DBStoreBuilder.java:addTable(110)) - using custom profile for table: validCerts
2019-09-05 11:08:44,422 [main] INFO  db.DBStoreBuilder (DBStoreBuilder.java:processTables(161)) - Using default column profile:DBProfile.DISK for Table:validCerts
2019-09-05 11:08:44,422 [main] INFO  db.DBStoreBuilder (DBStoreBuilder.java:addTable(110)) - using custom profile for table: revokedCerts
2019-09-05 11:08:44,422 [main] INFO  db.DBStoreBuilder (DBStoreBuilder.java:processTables(161)) - Using default column profile:DBProfile.DISK for Table:revokedCerts
2019-09-05 11:08:44,422 [main] INFO  db.DBStoreBuilder (DBStoreBuilder.java:addTable(110)) - using custom profile for table: default
2019-09-05 11:08:44,422 [main] INFO  db.DBStoreBuilder (DBStoreBuilder.java:processTables(167)) - Using default column profile:DBProfile.DISK for Table:default
2019-09-05 11:08:44,423 [main] INFO  db.DBStoreBuilder (DBStoreBuilder.java:getDbProfile(198)) - Using default options. DBProfile.DISK
2019-09-05 11:08:51,096 [main] INFO  net.NodeSchemaLoader (NodeSchemaLoader.java:loadSchemaFromFile(125)) - Loading file from sun.misc.CompoundEnumeration@45eab322
2019-09-05 11:08:51,098 [main] INFO  net.NodeSchemaLoader (NodeSchemaLoader.java:loadSchema(171)) - Loading network topology layer schema file
2019-09-05 11:08:51,106 [main] INFO  node.SCMNodeManager (SCMNodeManager.java:<init>(114)) - Entering startup safe mode.
2019-09-05 11:08:51,108 [main] INFO  algorithms.ContainerPlacementPolicyFactory (ContainerPlacementPolicyFactory.java:getPolicy(55)) - Create container placement policy of type org.apache.hadoop.hdds.scm.container.placement.algorithms.SCMContainerPlacementRandom
2019-09-05 11:08:51,109 [main] WARN  server.ServerUtils (ServerUtils.java:getScmDbDir(145)) - ozone.scm.db.dirs is not configured. We recommend adding this setting. Falling back to ozone.metadata.dirs instead.
2019-09-05 11:08:51,560 [main] INFO  pipeline.SCMPipelineManager (SCMPipelineManager.java:initializePipelineState(126)) - No pipeline exists in current db
2019-09-05 11:08:51,561 [main] WARN  server.ServerUtils (ServerUtils.java:getScmDbDir(145)) - ozone.scm.db.dirs is not configured. We recommend adding this setting. Falling back to ozone.metadata.dirs instead.
2019-09-05 11:08:51,797 [main] WARN  events.EventQueue (EventQueue.java:fireEvent(183)) - No event handler registered for event TypedEvent{payloadType=SafeModeStatus, name='SafeModeStatus'}
2019-09-05 11:08:51,799 [main] INFO  ipc.CallQueueManager (CallQueueManager.java:<init>(84)) - Using callQueue: class java.util.concurrent.LinkedBlockingQueue, queueCapacity: 2000, scheduler: class org.apache.hadoop.ipc.DefaultRpcScheduler, ipcBackoff: false.
2019-09-05 11:08:51,801 [Socket Reader #1 for port 43143] INFO  ipc.Server (Server.java:run(1074)) - Starting Socket Reader #1 for port 43143
2019-09-05 11:08:51,805 [main] INFO  ipc.CallQueueManager (CallQueueManager.java:<init>(84)) - Using callQueue: class java.util.concurrent.LinkedBlockingQueue, queueCapacity: 2000, scheduler: class org.apache.hadoop.ipc.DefaultRpcScheduler, ipcBackoff: false.
2019-09-05 11:08:51,806 [Socket Reader #1 for port 36803] INFO  ipc.Server (Server.java:run(1074)) - Starting Socket Reader #1 for port 36803
2019-09-05 11:08:51,808 [main] INFO  ipc.CallQueueManager (CallQueueManager.java:<init>(84)) - Using callQueue: class java.util.concurrent.LinkedBlockingQueue, queueCapacity: 2000, scheduler: class org.apache.hadoop.ipc.DefaultRpcScheduler, ipcBackoff: false.
2019-09-05 11:08:51,809 [Socket Reader #1 for port 43048] INFO  ipc.Server (Server.java:run(1074)) - Starting Socket Reader #1 for port 43048
2019-09-05 11:08:51,812 [main] INFO  hdfs.DFSUtil (DFSUtil.java:httpServerTemplateForNNAndJN(1641)) - Starting Web-server for scm at: http://0.0.0.0:0
2019-09-05 11:08:51,815 [main] INFO  server.AuthenticationFilter (AuthenticationFilter.java:constructSecretProvider(240)) - Unable to initialize FileSignerSecretProvider, falling back to use random secrets.
2019-09-05 11:08:51,816 [main] WARN  http.HttpRequestLog (HttpRequestLog.java:getRequestLog(97)) - Jetty request log can only be enabled using Log4j
2019-09-05 11:08:51,819 [main] INFO  http.HttpServer2 (HttpServer2.java:addGlobalFilter(975)) - Added global filter 'safety' (class=org.apache.hadoop.http.HttpServer2$QuotingInputFilter)
2019-09-05 11:08:51,820 [main] INFO  http.HttpServer2 (HttpServer2.java:addFilter(948)) - Added filter static_user_filter (class=org.apache.hadoop.http.lib.StaticUserWebFilter$StaticUserFilter) to context scm
2019-09-05 11:08:51,820 [main] INFO  http.HttpServer2 (HttpServer2.java:addFilter(958)) - Added filter static_user_filter (class=org.apache.hadoop.http.lib.StaticUserWebFilter$StaticUserFilter) to context static
2019-09-05 11:08:51,821 [main] INFO  http.HttpServer2 (HttpServer2.java:addFilter(958)) - Added filter static_user_filter (class=org.apache.hadoop.http.lib.StaticUserWebFilter$StaticUserFilter) to context logs
2019-09-05 11:08:51,823 [main] INFO  server.StorageContainerManager (StorageContainerManager.java:start(759)) - StorageContainerLocationProtocol RPC server is listening at /0.0.0.0:43048
2019-09-05 11:08:51,826 [main] WARN  impl.MetricsConfig (MetricsConfig.java:loadFirst(134)) - Cannot locate configuration: tried hadoop-metrics2-storagecontainermanager.properties,hadoop-metrics2.properties
2019-09-05 11:08:51,828 [main] INFO  impl.MetricsSystemImpl (MetricsSystemImpl.java:startTimer(374)) - Scheduled Metric snapshot period at 10 second(s).
2019-09-05 11:08:51,828 [main] INFO  impl.MetricsSystemImpl (MetricsSystemImpl.java:start(191)) - StorageContainerManager metrics system started
2019-09-05 11:08:51,835 [main] INFO  lib.Interns (Interns.java:removeEldestEntry(50)) - Metrics intern cache overflow at 2011 for MetricsSystem={MetricsSystem=MetricsInfoImpl{name=MetricsSystem, description=MetricsSystem}, MetricsSystem record=MetricsInfoImpl{name=MetricsSystem, description=MetricsSystem record}}
2019-09-05 11:08:51,991 [main] WARN  impl.MetricsSystemImpl (MetricsSystemImpl.java:register(276)) - Sink prometheus already exists!
2019-09-05 11:08:52,046 [main] INFO  server.SCMClientProtocolServer (SCMClientProtocolServer.java:start(151)) - RPC server for Client  is listening at /0.0.0.0:43048
2019-09-05 11:08:52,047 [IPC Server Responder] INFO  ipc.Server (Server.java:run(1314)) - IPC Server Responder: starting
2019-09-05 11:08:52,047 [IPC Server listener on 43048] INFO  ipc.Server (Server.java:run(1153)) - IPC Server listener on 43048: starting
2019-09-05 11:08:52,052 [main] INFO  server.StorageContainerManager (StorageContainerManager.java:start(769)) - ScmBlockLocationProtocol RPC server is listening at /0.0.0.0:36803
2019-09-05 11:08:52,052 [main] INFO  server.SCMBlockProtocolServer (SCMBlockProtocolServer.java:start(146)) - RPC server for Block Protocol is listening at /0.0.0.0:36803
2019-09-05 11:08:52,053 [IPC Server Responder] INFO  ipc.Server (Server.java:run(1314)) - IPC Server Responder: starting
2019-09-05 11:08:52,053 [IPC Server listener on 36803] INFO  ipc.Server (Server.java:run(1153)) - IPC Server listener on 36803: starting
2019-09-05 11:08:52,057 [main] INFO  server.StorageContainerManager (StorageContainerManager.java:start(773)) - ScmDatanodeProtocl RPC server is listening at /0.0.0.0:43143
2019-09-05 11:08:52,057 [main] INFO  server.SCMDatanodeProtocolServer (SCMDatanodeProtocolServer.java:start(191)) - RPC server for DataNodes is listening at /0.0.0.0:43143
2019-09-05 11:08:52,058 [IPC Server Responder] INFO  ipc.Server (Server.java:run(1314)) - IPC Server Responder: starting
2019-09-05 11:08:52,058 [IPC Server listener on 43143] INFO  ipc.Server (Server.java:run(1153)) - IPC Server listener on 43143: starting
2019-09-05 11:08:52,063 [main] INFO  http.HttpServer2 (HttpServer2.java:bindListener(1191)) - Jetty bound to port 41392
2019-09-05 11:08:52,063 [main] INFO  server.Server (Server.java:doStart(351)) - jetty-9.3.24.v20180605, build timestamp: 2018-06-05T17:11:56Z, git hash: 84205aa28f11a4f31f2a3b86d1bba2cc8ab69827
2019-09-05 11:08:52,065 [main] INFO  handler.ContextHandler (ContextHandler.java:doStart(781)) - Started o.e.j.s.ServletContextHandler@4044589a{/logs,file:///workdir/hadoop-ozone/integration-test/target/log,AVAILABLE}
2019-09-05 11:08:52,066 [main] INFO  handler.ContextHandler (ContextHandler.java:doStart(781)) - Started o.e.j.s.ServletContextHandler@216f01{/static,file:///workdir/hadoop-ozone/integration-test/target/test-classes/webapps/static,AVAILABLE}
2019-09-05 11:08:52,070 [main] INFO  handler.ContextHandler (ContextHandler.java:doStart(781)) - Started o.e.j.w.WebAppContext@64440065{/,file:///workdir/hadoop-ozone/integration-test/target/test-classes/webapps/scm/,AVAILABLE}{/scm}
2019-09-05 11:08:52,071 [main] INFO  server.AbstractConnector (AbstractConnector.java:doStart(278)) - Started ServerConnector@4aa22cc2{HTTP/1.1,[http/1.1]}{0.0.0.0:41392}
2019-09-05 11:08:52,071 [main] INFO  server.Server (Server.java:doStart(419)) - Started @702366ms
2019-09-05 11:08:52,072 [main] WARN  impl.MetricsSystemImpl (MetricsSystemImpl.java:register(276)) - Sink prometheus already exists!
2019-09-05 11:08:52,077 [main] INFO  server.BaseHttpServer (BaseHttpServer.java:updateConnectorAddress(215)) - HTTP server of SCM is listening at http://0.0.0.0:41392
2019-09-05 11:08:52,079 [main] WARN  server.ServerUtils (ServerUtils.java:getDBPath(222)) - ozone.om.db.dirs is not configured. We recommend adding this setting. Falling back to ozone.metadata.dirs instead.
2019-09-05 11:08:52,080 [org.apache.hadoop.util.JvmPauseMonitor$Monitor@464aeb09] INFO  util.JvmPauseMonitor (JvmPauseMonitor.java:run(188)) - Starting JVM pause monitor
2019-09-05 11:08:52,113 [main] WARN  server.ServerUtils (ServerUtils.java:getDBPath(222)) - ozone.om.db.dirs is not configured. We recommend adding this setting. Falling back to ozone.metadata.dirs instead.
2019-09-05 11:08:52,113 [main] WARN  server.ServerUtils (ServerUtils.java:getDBPath(222)) - ozone.om.db.dirs is not configured. We recommend adding this setting. Falling back to ozone.metadata.dirs instead.
2019-09-05 11:08:52,114 [main] INFO  om.OzoneManager (OzoneManager.java:setOMNodeDetails(649)) - OM Service ID is not set. Setting it to the default ID: omServiceIdDefault
2019-09-05 11:08:52,114 [main] INFO  om.OzoneManager (OzoneManager.java:setOMNodeDetails(655)) - OM Node ID is not set. Setting it to the OmStorage's OmID: 6f3ae5d4-e86e-47f1-a66f-bc8a3065a31f
2019-09-05 11:08:52,114 [main] INFO  om.OzoneManager (OzoneManager.java:loadOMHAConfigs(606)) - Found matching OM address with OMServiceId: null, OMNodeId: null, RPC Address: localhost:0 and Ratis port: 9872
2019-09-05 11:08:52,122 [main] WARN  server.ServerUtils (ServerUtils.java:getDBPath(222)) - ozone.om.db.dirs is not configured. We recommend adding this setting. Falling back to ozone.metadata.dirs instead.
2019-09-05 11:08:52,123 [main] INFO  db.DBStoreBuilder (DBStoreBuilder.java:addTable(110)) - using custom profile for table: userTable
2019-09-05 11:08:52,123 [main] INFO  db.DBStoreBuilder (DBStoreBuilder.java:processTables(161)) - Using default column profile:DBProfile.DISK for Table:userTable
2019-09-05 11:08:52,123 [main] INFO  db.DBStoreBuilder (DBStoreBuilder.java:addTable(110)) - using custom profile for table: volumeTable
2019-09-05 11:08:52,123 [main] INFO  db.DBStoreBuilder (DBStoreBuilder.java:processTables(161)) - Using default column profile:DBProfile.DISK for Table:volumeTable
2019-09-05 11:08:52,123 [main] INFO  db.DBStoreBuilder (DBStoreBuilder.java:addTable(110)) - using custom profile for table: bucketTable
2019-09-05 11:08:52,124 [main] INFO  db.DBStoreBuilder (DBStoreBuilder.java:processTables(161)) - Using default column profile:DBProfile.DISK for Table:bucketTable
2019-09-05 11:08:52,124 [main] INFO  db.DBStoreBuilder (DBStoreBuilder.java:addTable(110)) - using custom profile for table: keyTable
2019-09-05 11:08:52,124 [main] INFO  db.DBStoreBuilder (DBStoreBuilder.java:processTables(161)) - Using default column profile:DBProfile.DISK for Table:keyTable
2019-09-05 11:08:52,124 [main] INFO  db.DBStoreBuilder (DBStoreBuilder.java:addTable(110)) - using custom profile for table: deletedTable
2019-09-05 11:08:52,124 [main] INFO  db.DBStoreBuilder (DBStoreBuilder.java:processTables(161)) - Using default column profile:DBProfile.DISK for Table:deletedTable
2019-09-05 11:08:52,125 [main] INFO  db.DBStoreBuilder (DBStoreBuilder.java:addTable(110)) - using custom profile for table: openKeyTable
2019-09-05 11:08:52,125 [main] INFO  db.DBStoreBuilder (DBStoreBuilder.java:processTables(161)) - Using default column profile:DBProfile.DISK for Table:openKeyTable
2019-09-05 11:08:52,125 [main] INFO  db.DBStoreBuilder (DBStoreBuilder.java:addTable(110)) - using custom profile for table: s3Table
2019-09-05 11:08:52,125 [main] INFO  db.DBStoreBuilder (DBStoreBuilder.java:processTables(161)) - Using default column profile:DBProfile.DISK for Table:s3Table
2019-09-05 11:08:52,126 [main] INFO  db.DBStoreBuilder (DBStoreBuilder.java:addTable(110)) - using custom profile for table: multipartInfoTable
2019-09-05 11:08:52,126 [main] INFO  db.DBStoreBuilder (DBStoreBuilder.java:processTables(161)) - Using default column profile:DBProfile.DISK for Table:multipartInfoTable
2019-09-05 11:08:52,126 [main] INFO  db.DBStoreBuilder (DBStoreBuilder.java:addTable(110)) - using custom profile for table: dTokenTable
2019-09-05 11:08:52,126 [main] INFO  db.DBStoreBuilder (DBStoreBuilder.java:processTables(161)) - Using default column profile:DBProfile.DISK for Table:dTokenTable
2019-09-05 11:08:52,126 [main] INFO  db.DBStoreBuilder (DBStoreBuilder.java:addTable(110)) - using custom profile for table: s3SecretTable
2019-09-05 11:08:52,127 [main] INFO  db.DBStoreBuilder (DBStoreBuilder.java:processTables(161)) - Using default column profile:DBProfile.DISK for Table:s3SecretTable
2019-09-05 11:08:52,127 [main] INFO  db.DBStoreBuilder (DBStoreBuilder.java:addTable(110)) - using custom profile for table: prefixTable
2019-09-05 11:08:52,127 [main] INFO  db.DBStoreBuilder (DBStoreBuilder.java:processTables(161)) - Using default column profile:DBProfile.DISK for Table:prefixTable
2019-09-05 11:08:52,127 [main] INFO  db.DBStoreBuilder (DBStoreBuilder.java:addTable(110)) - using custom profile for table: default
2019-09-05 11:08:52,127 [main] INFO  db.DBStoreBuilder (DBStoreBuilder.java:processTables(167)) - Using default column profile:DBProfile.DISK for Table:default
2019-09-05 11:08:52,128 [main] INFO  db.DBStoreBuilder (DBStoreBuilder.java:getDbProfile(198)) - Using default options. DBProfile.DISK
2019-09-05 11:08:53,905 [main] INFO  ipc.CallQueueManager (CallQueueManager.java:<init>(84)) - Using callQueue: class java.util.concurrent.LinkedBlockingQueue, queueCapacity: 2000, scheduler: class org.apache.hadoop.ipc.DefaultRpcScheduler, ipcBackoff: false.
2019-09-05 11:08:53,906 [Socket Reader #1 for port 42167] INFO  ipc.Server (Server.java:run(1074)) - Starting Socket Reader #1 for port 42167
2019-09-05 11:08:53,926 [main] INFO  om.OzoneManager (OzoneManager.java:start(1240)) - OzoneManager RPC server is listening at localhost/127.0.0.1:42167
2019-09-05 11:08:53,926 [main] INFO  impl.MetricsSystemImpl (MetricsSystemImpl.java:init(158)) - OzoneManager metrics system started (again)
2019-09-05 11:08:53,927 [IPC Server Responder] INFO  ipc.Server (Server.java:run(1314)) - IPC Server Responder: starting
2019-09-05 11:08:53,927 [IPC Server listener on 42167] INFO  ipc.Server (Server.java:run(1153)) - IPC Server listener on 42167: starting
2019-09-05 11:08:53,933 [main] INFO  hdfs.DFSUtil (DFSUtil.java:httpServerTemplateForNNAndJN(1641)) - Starting Web-server for ozoneManager at: http://0.0.0.0:0
2019-09-05 11:08:53,935 [main] INFO  server.AuthenticationFilter (AuthenticationFilter.java:constructSecretProvider(240)) - Unable to initialize FileSignerSecretProvider, falling back to use random secrets.
2019-09-05 11:08:53,936 [main] WARN  http.HttpRequestLog (HttpRequestLog.java:getRequestLog(97)) - Jetty request log can only be enabled using Log4j
2019-09-05 11:08:53,938 [main] INFO  http.HttpServer2 (HttpServer2.java:addGlobalFilter(975)) - Added global filter 'safety' (class=org.apache.hadoop.http.HttpServer2$QuotingInputFilter)
2019-09-05 11:08:53,939 [main] INFO  http.HttpServer2 (HttpServer2.java:addFilter(948)) - Added filter static_user_filter (class=org.apache.hadoop.http.lib.StaticUserWebFilter$StaticUserFilter) to context ozoneManager
2019-09-05 11:08:53,939 [main] INFO  http.HttpServer2 (HttpServer2.java:addFilter(958)) - Added filter static_user_filter (class=org.apache.hadoop.http.lib.StaticUserWebFilter$StaticUserFilter) to context logs
2019-09-05 11:08:53,939 [main] INFO  http.HttpServer2 (HttpServer2.java:addFilter(958)) - Added filter static_user_filter (class=org.apache.hadoop.http.lib.StaticUserWebFilter$StaticUserFilter) to context static
2019-09-05 11:08:53,940 [main] INFO  http.HttpServer2 (HttpServer2.java:bindListener(1191)) - Jetty bound to port 34357
2019-09-05 11:08:53,941 [main] INFO  server.Server (Server.java:doStart(351)) - jetty-9.3.24.v20180605, build timestamp: 2018-06-05T17:11:56Z, git hash: 84205aa28f11a4f31f2a3b86d1bba2cc8ab69827
2019-09-05 11:08:53,942 [main] INFO  handler.ContextHandler (ContextHandler.java:doStart(781)) - Started o.e.j.s.ServletContextHandler@4601047{/logs,file:///workdir/hadoop-ozone/integration-test/target/log,AVAILABLE}
2019-09-05 11:08:53,943 [main] INFO  handler.ContextHandler (ContextHandler.java:doStart(781)) - Started o.e.j.s.ServletContextHandler@3a0896b3{/static,file:///workdir/hadoop-ozone/integration-test/target/test-classes/webapps/static,AVAILABLE}
2019-09-05 11:08:53,948 [main] INFO  handler.ContextHandler (ContextHandler.java:doStart(781)) - Started o.e.j.w.WebAppContext@66a82a13{/,file:///workdir/hadoop-ozone/integration-test/target/test-classes/webapps/ozoneManager/,AVAILABLE}{/ozoneManager}
2019-09-05 11:08:53,949 [main] INFO  server.AbstractConnector (AbstractConnector.java:doStart(278)) - Started ServerConnector@675ec28b{HTTP/1.1,[http/1.1]}{0.0.0.0:34357}
2019-09-05 11:08:53,950 [main] INFO  server.Server (Server.java:doStart(419)) - Started @704245ms
2019-09-05 11:08:53,951 [main] WARN  impl.MetricsSystemImpl (MetricsSystemImpl.java:register(276)) - Sink prometheus already exists!
2019-09-05 11:08:53,951 [main] INFO  server.BaseHttpServer (BaseHttpServer.java:updateConnectorAddress(215)) - HTTP server of OZONEMANAGER is listening at http://0.0.0.0:34357
2019-09-05 11:08:53,971 [main] INFO  impl.MetricsSystemImpl (MetricsSystemImpl.java:init(158)) - HddsDatanode metrics system started (again)
2019-09-05 11:08:53,976 [main] INFO  ozone.HddsDatanodeService (HddsDatanodeService.java:start(184)) - HddsDatanodeService host:pr-hdds-1561-gm47z-337254333 ip:192.168.36.83
2019-09-05 11:08:53,984 [main] INFO  volume.HddsVolume (HddsVolume.java:<init>(176)) - Creating Volume: /workdir/hadoop-ozone/integration-test/target/test-dir/MiniOzoneClusterImpl-844c3fa4-9b6f-47fc-a83e-e9a93d390c1e/datanode-0/data/containers/hdds of  storage type : DISK and capacity : 1482555576320
2019-09-05 11:08:53,984 [main] INFO  volume.VolumeSet (VolumeSet.java:initializeVolumeSet(170)) - Added Volume : /workdir/hadoop-ozone/integration-test/target/test-dir/MiniOzoneClusterImpl-844c3fa4-9b6f-47fc-a83e-e9a93d390c1e/datanode-0/data/containers/hdds to VolumeSet
2019-09-05 11:08:53,984 [main] INFO  volume.ThrottledAsyncChecker (ThrottledAsyncChecker.java:schedule(140)) - Scheduling a check for org.apache.hadoop.ozone.container.common.volume.HddsVolume@3af36922
2019-09-05 11:08:53,985 [main] INFO  volume.HddsVolumeChecker (HddsVolumeChecker.java:checkAllVolumes(203)) - Scheduled health check for volume org.apache.hadoop.ozone.container.common.volume.HddsVolume@3af36922
2019-09-05 11:08:53,999 [main] INFO  impl.RaftServerProxy (ConfUtils.java:logGet(43)) - raft.rpc.type = GRPC (default)
2019-09-05 11:08:53,999 [main] INFO  grpc.GrpcFactory (GrpcFactory.java:checkPooledByteBufAllocatorUseCacheForAllThreads(45)) - PERFORMANCE WARNING: useCacheForAllThreads is true that may cause Netty to create a lot garbage objects and, as a result, trigger GC.
	It is recommended to disable useCacheForAllThreads by setting -Dorg.apache.ratis.thirdparty.io.netty.allocator.useCacheForAllThreads=false in command line.
2019-09-05 11:08:53,999 [main] INFO  grpc.GrpcConfigKeys$Server (ConfUtils.java:logGet(43)) - raft.grpc.server.port = 0 (default)
2019-09-05 11:08:54,000 [main] INFO  server.GrpcService (ConfUtils.java:logGet(43)) - raft.grpc.message.size.max = 33570816 (custom)
2019-09-05 11:08:54,000 [main] INFO  server.RaftServerConfigKeys (ConfUtils.java:logGet(43)) - raft.server.log.appender.buffer.byte-limit = 33554432 (custom)
2019-09-05 11:08:54,000 [main] INFO  server.GrpcService (ConfUtils.java:logGet(43)) - raft.grpc.flow.control.window = 1MB (=1048576) (default)
2019-09-05 11:08:54,000 [main] INFO  server.RaftServerConfigKeys (ConfUtils.java:logGet(43)) - raft.server.rpc.request.timeout = 3000ms (default)
2019-09-05 11:08:54,001 [main] INFO  server.RaftServerConfigKeys (ConfUtils.java:logGet(43)) - raft.server.storage.dir = [/workdir/hadoop-ozone/integration-test/target/test-dir/MiniOzoneClusterImpl-844c3fa4-9b6f-47fc-a83e-e9a93d390c1e/datanode-0/data/ratis] (custom)
2019-09-05 11:08:54,002 [main] INFO  hdfs.DFSUtil (DFSUtil.java:httpServerTemplateForNNAndJN(1641)) - Starting Web-server for hddsDatanode at: http://0.0.0.0:0
2019-09-05 11:08:54,003 [main] INFO  server.AuthenticationFilter (AuthenticationFilter.java:constructSecretProvider(240)) - Unable to initialize FileSignerSecretProvider, falling back to use random secrets.
2019-09-05 11:08:54,004 [main] WARN  http.HttpRequestLog (HttpRequestLog.java:getRequestLog(97)) - Jetty request log can only be enabled using Log4j
2019-09-05 11:08:54,005 [main] INFO  http.HttpServer2 (HttpServer2.java:addGlobalFilter(975)) - Added global filter 'safety' (class=org.apache.hadoop.http.HttpServer2$QuotingInputFilter)
2019-09-05 11:08:54,005 [main] INFO  http.HttpServer2 (HttpServer2.java:addFilter(948)) - Added filter static_user_filter (class=org.apache.hadoop.http.lib.StaticUserWebFilter$StaticUserFilter) to context hddsDatanode
2019-09-05 11:08:54,006 [main] INFO  http.HttpServer2 (HttpServer2.java:addFilter(958)) - Added filter static_user_filter (class=org.apache.hadoop.http.lib.StaticUserWebFilter$StaticUserFilter) to context static
2019-09-05 11:08:54,006 [main] INFO  http.HttpServer2 (HttpServer2.java:addFilter(958)) - Added filter static_user_filter (class=org.apache.hadoop.http.lib.StaticUserWebFilter$StaticUserFilter) to context logs
2019-09-05 11:08:54,006 [main] INFO  http.HttpServer2 (HttpServer2.java:bindListener(1191)) - Jetty bound to port 39557
2019-09-05 11:08:54,006 [main] INFO  server.Server (Server.java:doStart(351)) - jetty-9.3.24.v20180605, build timestamp: 2018-06-05T17:11:56Z, git hash: 84205aa28f11a4f31f2a3b86d1bba2cc8ab69827
2019-09-05 11:08:54,008 [main] INFO  handler.ContextHandler (ContextHandler.java:doStart(781)) - Started o.e.j.s.ServletContextHandler@53bb71e5{/logs,file:///workdir/hadoop-ozone/integration-test/target/log,AVAILABLE}
2019-09-05 11:08:54,008 [main] INFO  handler.ContextHandler (ContextHandler.java:doStart(781)) - Started o.e.j.s.ServletContextHandler@15994b0b{/static,jar:file:/home/user/.m2/repository/org/apache/hadoop/hadoop-hdds-container-service/0.5.0-SNAPSHOT/hadoop-hdds-container-service-0.5.0-SNAPSHOT.jar!/webapps/static,AVAILABLE}
2019-09-05 11:08:54,035 [main] INFO  handler.ContextHandler (ContextHandler.java:doStart(781)) - Started o.e.j.w.WebAppContext@4ff66917{/,file:///tmp/jetty-0.0.0.0-39557-hddsDatanode-_-any-3443034904836591407.dir/webapp/,AVAILABLE}{/hddsDatanode}
2019-09-05 11:08:54,036 [main] INFO  server.AbstractConnector (AbstractConnector.java:doStart(278)) - Started ServerConnector@4264beb8{HTTP/1.1,[http/1.1]}{0.0.0.0:39557}
2019-09-05 11:08:54,037 [main] INFO  server.Server (Server.java:doStart(419)) - Started @704331ms
2019-09-05 11:08:54,037 [main] WARN  impl.MetricsSystemImpl (MetricsSystemImpl.java:register(276)) - Sink prometheus already exists!
2019-09-05 11:08:54,038 [main] INFO  server.BaseHttpServer (BaseHttpServer.java:updateConnectorAddress(215)) - HTTP server of HDDSDATANODE is listening at http://0.0.0.0:39557
2019-09-05 11:08:54,039 [main] INFO  impl.MetricsSystemImpl (MetricsSystemImpl.java:init(158)) - HddsDatanode metrics system started (again)
2019-09-05 11:08:54,042 [org.apache.hadoop.util.JvmPauseMonitor$Monitor@4c6f016f] INFO  util.JvmPauseMonitor (JvmPauseMonitor.java:run(188)) - Starting JVM pause monitor
2019-09-05 11:08:54,043 [main] INFO  ozone.HddsDatanodeService (HddsDatanodeService.java:start(184)) - HddsDatanodeService host:pr-hdds-1561-gm47z-337254333 ip:192.168.36.83
2019-09-05 11:08:54,044 [Datanode State Machine Thread - 0] INFO  datanode.InitDatanodeState (InitDatanodeState.java:persistContainerDatanodeDetails(140)) - DatanodeDetails is persisted to /workdir/hadoop-ozone/integration-test/target/test-dir/MiniOzoneClusterImpl-844c3fa4-9b6f-47fc-a83e-e9a93d390c1e/datanode-0/meta/datanode.id
2019-09-05 11:08:54,049 [main] INFO  volume.HddsVolume (HddsVolume.java:<init>(176)) - Creating Volume: /workdir/hadoop-ozone/integration-test/target/test-dir/MiniOzoneClusterImpl-844c3fa4-9b6f-47fc-a83e-e9a93d390c1e/datanode-1/data/containers/hdds of  storage type : DISK and capacity : 1482555576320
2019-09-05 11:08:54,050 [main] INFO  volume.VolumeSet (VolumeSet.java:initializeVolumeSet(170)) - Added Volume : /workdir/hadoop-ozone/integration-test/target/test-dir/MiniOzoneClusterImpl-844c3fa4-9b6f-47fc-a83e-e9a93d390c1e/datanode-1/data/containers/hdds to VolumeSet
2019-09-05 11:08:54,050 [main] INFO  volume.ThrottledAsyncChecker (ThrottledAsyncChecker.java:schedule(140)) - Scheduling a check for org.apache.hadoop.ozone.container.common.volume.HddsVolume@75ad30c1
2019-09-05 11:08:54,050 [main] INFO  volume.HddsVolumeChecker (HddsVolumeChecker.java:checkAllVolumes(203)) - Scheduled health check for volume org.apache.hadoop.ozone.container.common.volume.HddsVolume@75ad30c1
2019-09-05 11:08:54,065 [main] INFO  impl.RaftServerProxy (ConfUtils.java:logGet(43)) - raft.rpc.type = GRPC (default)
2019-09-05 11:08:54,065 [main] INFO  grpc.GrpcFactory (GrpcFactory.java:checkPooledByteBufAllocatorUseCacheForAllThreads(45)) - PERFORMANCE WARNING: useCacheForAllThreads is true that may cause Netty to create a lot garbage objects and, as a result, trigger GC.
	It is recommended to disable useCacheForAllThreads by setting -Dorg.apache.ratis.thirdparty.io.netty.allocator.useCacheForAllThreads=false in command line.
2019-09-05 11:08:54,065 [main] INFO  grpc.GrpcConfigKeys$Server (ConfUtils.java:logGet(43)) - raft.grpc.server.port = 0 (default)
2019-09-05 11:08:54,065 [main] INFO  server.GrpcService (ConfUtils.java:logGet(43)) - raft.grpc.message.size.max = 33570816 (custom)
2019-09-05 11:08:54,065 [main] INFO  server.RaftServerConfigKeys (ConfUtils.java:logGet(43)) - raft.server.log.appender.buffer.byte-limit = 33554432 (custom)
2019-09-05 11:08:54,066 [main] INFO  server.GrpcService (ConfUtils.java:logGet(43)) - raft.grpc.flow.control.window = 1MB (=1048576) (default)
2019-09-05 11:08:54,066 [main] INFO  server.RaftServerConfigKeys (ConfUtils.java:logGet(43)) - raft.server.rpc.request.timeout = 3000ms (default)
2019-09-05 11:08:54,066 [main] INFO  server.RaftServerConfigKeys (ConfUtils.java:logGet(43)) - raft.server.storage.dir = [/workdir/hadoop-ozone/integration-test/target/test-dir/MiniOzoneClusterImpl-844c3fa4-9b6f-47fc-a83e-e9a93d390c1e/datanode-1/data/ratis] (custom)
2019-09-05 11:08:54,068 [main] INFO  hdfs.DFSUtil (DFSUtil.java:httpServerTemplateForNNAndJN(1641)) - Starting Web-server for hddsDatanode at: http://0.0.0.0:0
2019-09-05 11:08:54,069 [main] INFO  server.AuthenticationFilter (AuthenticationFilter.java:constructSecretProvider(240)) - Unable to initialize FileSignerSecretProvider, falling back to use random secrets.
2019-09-05 11:08:54,069 [main] WARN  http.HttpRequestLog (HttpRequestLog.java:getRequestLog(97)) - Jetty request log can only be enabled using Log4j
2019-09-05 11:08:54,071 [main] INFO  http.HttpServer2 (HttpServer2.java:addGlobalFilter(975)) - Added global filter 'safety' (class=org.apache.hadoop.http.HttpServer2$QuotingInputFilter)
2019-09-05 11:08:54,072 [main] INFO  http.HttpServer2 (HttpServer2.java:addFilter(948)) - Added filter static_user_filter (class=org.apache.hadoop.http.lib.StaticUserWebFilter$StaticUserFilter) to context hddsDatanode
2019-09-05 11:08:54,072 [main] INFO  http.HttpServer2 (HttpServer2.java:addFilter(958)) - Added filter static_user_filter (class=org.apache.hadoop.http.lib.StaticUserWebFilter$StaticUserFilter) to context static
2019-09-05 11:08:54,072 [main] INFO  http.HttpServer2 (HttpServer2.java:addFilter(958)) - Added filter static_user_filter (class=org.apache.hadoop.http.lib.StaticUserWebFilter$StaticUserFilter) to context logs
2019-09-05 11:08:54,073 [main] INFO  http.HttpServer2 (HttpServer2.java:bindListener(1191)) - Jetty bound to port 35569
2019-09-05 11:08:54,073 [main] INFO  server.Server (Server.java:doStart(351)) - jetty-9.3.24.v20180605, build timestamp: 2018-06-05T17:11:56Z, git hash: 84205aa28f11a4f31f2a3b86d1bba2cc8ab69827
2019-09-05 11:08:54,075 [main] INFO  handler.ContextHandler (ContextHandler.java:doStart(781)) - Started o.e.j.s.ServletContextHandler@49ced9c7{/logs,file:///workdir/hadoop-ozone/integration-test/target/log,AVAILABLE}
2019-09-05 11:08:54,075 [main] INFO  handler.ContextHandler (ContextHandler.java:doStart(781)) - Started o.e.j.s.ServletContextHandler@75ed125a{/static,jar:file:/home/user/.m2/repository/org/apache/hadoop/hadoop-hdds-container-service/0.5.0-SNAPSHOT/hadoop-hdds-container-service-0.5.0-SNAPSHOT.jar!/webapps/static,AVAILABLE}
2019-09-05 11:08:54,149 [main] INFO  handler.ContextHandler (ContextHandler.java:doStart(781)) - Started o.e.j.w.WebAppContext@b75b890{/,file:///tmp/jetty-0.0.0.0-35569-hddsDatanode-_-any-936188238880814181.dir/webapp/,AVAILABLE}{/hddsDatanode}
2019-09-05 11:08:54,152 [main] INFO  server.AbstractConnector (AbstractConnector.java:doStart(278)) - Started ServerConnector@4492c4ff{HTTP/1.1,[http/1.1]}{0.0.0.0:35569}
2019-09-05 11:08:54,152 [main] INFO  server.Server (Server.java:doStart(419)) - Started @704446ms
2019-09-05 11:08:54,152 [main] WARN  impl.MetricsSystemImpl (MetricsSystemImpl.java:register(276)) - Sink prometheus already exists!
2019-09-05 11:08:54,153 [main] INFO  server.BaseHttpServer (BaseHttpServer.java:updateConnectorAddress(215)) - HTTP server of HDDSDATANODE is listening at http://0.0.0.0:35569
2019-09-05 11:08:54,154 [main] INFO  impl.MetricsSystemImpl (MetricsSystemImpl.java:init(158)) - HddsDatanode metrics system started (again)
2019-09-05 11:08:54,169 [org.apache.hadoop.util.JvmPauseMonitor$Monitor@c470639] INFO  util.JvmPauseMonitor (JvmPauseMonitor.java:run(188)) - Starting JVM pause monitor
2019-09-05 11:08:54,170 [main] INFO  ozone.HddsDatanodeService (HddsDatanodeService.java:start(184)) - HddsDatanodeService host:pr-hdds-1561-gm47z-337254333 ip:192.168.36.83
2019-09-05 11:08:54,171 [Datanode State Machine Thread - 0] INFO  datanode.InitDatanodeState (InitDatanodeState.java:persistContainerDatanodeDetails(140)) - DatanodeDetails is persisted to /workdir/hadoop-ozone/integration-test/target/test-dir/MiniOzoneClusterImpl-844c3fa4-9b6f-47fc-a83e-e9a93d390c1e/datanode-1/meta/datanode.id
2019-09-05 11:08:54,179 [main] INFO  volume.HddsVolume (HddsVolume.java:<init>(176)) - Creating Volume: /workdir/hadoop-ozone/integration-test/target/test-dir/MiniOzoneClusterImpl-844c3fa4-9b6f-47fc-a83e-e9a93d390c1e/datanode-2/data/containers/hdds of  storage type : DISK and capacity : 1482555576320
2019-09-05 11:08:54,179 [main] INFO  volume.VolumeSet (VolumeSet.java:initializeVolumeSet(170)) - Added Volume : /workdir/hadoop-ozone/integration-test/target/test-dir/MiniOzoneClusterImpl-844c3fa4-9b6f-47fc-a83e-e9a93d390c1e/datanode-2/data/containers/hdds to VolumeSet
2019-09-05 11:08:54,180 [main] INFO  volume.ThrottledAsyncChecker (ThrottledAsyncChecker.java:schedule(140)) - Scheduling a check for org.apache.hadoop.ozone.container.common.volume.HddsVolume@49038f97
2019-09-05 11:08:54,180 [main] INFO  volume.HddsVolumeChecker (HddsVolumeChecker.java:checkAllVolumes(203)) - Scheduled health check for volume org.apache.hadoop.ozone.container.common.volume.HddsVolume@49038f97
2019-09-05 11:08:54,196 [main] INFO  impl.RaftServerProxy (ConfUtils.java:logGet(43)) - raft.rpc.type = GRPC (default)
2019-09-05 11:08:54,196 [main] INFO  grpc.GrpcFactory (GrpcFactory.java:checkPooledByteBufAllocatorUseCacheForAllThreads(45)) - PERFORMANCE WARNING: useCacheForAllThreads is true that may cause Netty to create a lot garbage objects and, as a result, trigger GC.
	It is recommended to disable useCacheForAllThreads by setting -Dorg.apache.ratis.thirdparty.io.netty.allocator.useCacheForAllThreads=false in command line.
2019-09-05 11:08:54,197 [main] INFO  grpc.GrpcConfigKeys$Server (ConfUtils.java:logGet(43)) - raft.grpc.server.port = 0 (default)
2019-09-05 11:08:54,197 [main] INFO  server.GrpcService (ConfUtils.java:logGet(43)) - raft.grpc.message.size.max = 33570816 (custom)
2019-09-05 11:08:54,197 [main] INFO  server.RaftServerConfigKeys (ConfUtils.java:logGet(43)) - raft.server.log.appender.buffer.byte-limit = 33554432 (custom)
2019-09-05 11:08:54,197 [main] INFO  server.GrpcService (ConfUtils.java:logGet(43)) - raft.grpc.flow.control.window = 1MB (=1048576) (default)
2019-09-05 11:08:54,198 [main] INFO  server.RaftServerConfigKeys (ConfUtils.java:logGet(43)) - raft.server.rpc.request.timeout = 3000ms (default)
2019-09-05 11:08:54,198 [main] INFO  server.RaftServerConfigKeys (ConfUtils.java:logGet(43)) - raft.server.storage.dir = [/workdir/hadoop-ozone/integration-test/target/test-dir/MiniOzoneClusterImpl-844c3fa4-9b6f-47fc-a83e-e9a93d390c1e/datanode-2/data/ratis] (custom)
2019-09-05 11:08:54,200 [main] INFO  hdfs.DFSUtil (DFSUtil.java:httpServerTemplateForNNAndJN(1641)) - Starting Web-server for hddsDatanode at: http://0.0.0.0:0
2019-09-05 11:08:54,201 [main] INFO  server.AuthenticationFilter (AuthenticationFilter.java:constructSecretProvider(240)) - Unable to initialize FileSignerSecretProvider, falling back to use random secrets.
2019-09-05 11:08:54,202 [main] WARN  http.HttpRequestLog (HttpRequestLog.java:getRequestLog(97)) - Jetty request log can only be enabled using Log4j
2019-09-05 11:08:54,203 [main] INFO  http.HttpServer2 (HttpServer2.java:addGlobalFilter(975)) - Added global filter 'safety' (class=org.apache.hadoop.http.HttpServer2$QuotingInputFilter)
2019-09-05 11:08:54,204 [main] INFO  http.HttpServer2 (HttpServer2.java:addFilter(948)) - Added filter static_user_filter (class=org.apache.hadoop.http.lib.StaticUserWebFilter$StaticUserFilter) to context hddsDatanode
2019-09-05 11:08:54,204 [main] INFO  http.HttpServer2 (HttpServer2.java:addFilter(958)) - Added filter static_user_filter (class=org.apache.hadoop.http.lib.StaticUserWebFilter$StaticUserFilter) to context logs
2019-09-05 11:08:54,204 [main] INFO  http.HttpServer2 (HttpServer2.java:addFilter(958)) - Added filter static_user_filter (class=org.apache.hadoop.http.lib.StaticUserWebFilter$StaticUserFilter) to context static
2019-09-05 11:08:54,205 [main] INFO  http.HttpServer2 (HttpServer2.java:bindListener(1191)) - Jetty bound to port 40458
2019-09-05 11:08:54,205 [main] INFO  server.Server (Server.java:doStart(351)) - jetty-9.3.24.v20180605, build timestamp: 2018-06-05T17:11:56Z, git hash: 84205aa28f11a4f31f2a3b86d1bba2cc8ab69827
2019-09-05 11:08:54,207 [main] INFO  handler.ContextHandler (ContextHandler.java:doStart(781)) - Started o.e.j.s.ServletContextHandler@60dcf9ec{/logs,file:///workdir/hadoop-ozone/integration-test/target/log,AVAILABLE}
2019-09-05 11:08:54,207 [main] INFO  handler.ContextHandler (ContextHandler.java:doStart(781)) - Started o.e.j.s.ServletContextHandler@afee63{/static,jar:file:/home/user/.m2/repository/org/apache/hadoop/hadoop-hdds-container-service/0.5.0-SNAPSHOT/hadoop-hdds-container-service-0.5.0-SNAPSHOT.jar!/webapps/static,AVAILABLE}
2019-09-05 11:08:54,241 [main] INFO  handler.ContextHandler (ContextHandler.java:doStart(781)) - Started o.e.j.w.WebAppContext@7be38eba{/,file:///tmp/jetty-0.0.0.0-40458-hddsDatanode-_-any-6189015220581750464.dir/webapp/,AVAILABLE}{/hddsDatanode}
2019-09-05 11:08:54,241 [main] INFO  server.AbstractConnector (AbstractConnector.java:doStart(278)) - Started ServerConnector@2296127{HTTP/1.1,[http/1.1]}{0.0.0.0:40458}
2019-09-05 11:08:54,243 [main] INFO  server.Server (Server.java:doStart(419)) - Started @704537ms
2019-09-05 11:08:54,243 [main] WARN  impl.MetricsSystemImpl (MetricsSystemImpl.java:register(276)) - Sink prometheus already exists!
2019-09-05 11:08:54,244 [main] INFO  server.BaseHttpServer (BaseHttpServer.java:updateConnectorAddress(215)) - HTTP server of HDDSDATANODE is listening at http://0.0.0.0:40458
2019-09-05 11:08:54,245 [main] INFO  impl.MetricsSystemImpl (MetricsSystemImpl.java:init(158)) - HddsDatanode metrics system started (again)
2019-09-05 11:08:54,249 [org.apache.hadoop.util.JvmPauseMonitor$Monitor@33302da8] INFO  util.JvmPauseMonitor (JvmPauseMonitor.java:run(188)) - Starting JVM pause monitor
2019-09-05 11:08:54,249 [main] INFO  ozone.HddsDatanodeService (HddsDatanodeService.java:start(184)) - HddsDatanodeService host:pr-hdds-1561-gm47z-337254333 ip:192.168.36.83
2019-09-05 11:08:54,250 [Datanode State Machine Thread - 0] INFO  datanode.InitDatanodeState (InitDatanodeState.java:persistContainerDatanodeDetails(140)) - DatanodeDetails is persisted to /workdir/hadoop-ozone/integration-test/target/test-dir/MiniOzoneClusterImpl-844c3fa4-9b6f-47fc-a83e-e9a93d390c1e/datanode-2/meta/datanode.id
2019-09-05 11:08:54,255 [main] INFO  volume.HddsVolume (HddsVolume.java:<init>(176)) - Creating Volume: /workdir/hadoop-ozone/integration-test/target/test-dir/MiniOzoneClusterImpl-844c3fa4-9b6f-47fc-a83e-e9a93d390c1e/datanode-3/data/containers/hdds of  storage type : DISK and capacity : 1482555576320
2019-09-05 11:08:54,256 [main] INFO  volume.VolumeSet (VolumeSet.java:initializeVolumeSet(170)) - Added Volume : /workdir/hadoop-ozone/integration-test/target/test-dir/MiniOzoneClusterImpl-844c3fa4-9b6f-47fc-a83e-e9a93d390c1e/datanode-3/data/containers/hdds to VolumeSet
2019-09-05 11:08:54,256 [main] INFO  volume.ThrottledAsyncChecker (ThrottledAsyncChecker.java:schedule(140)) - Scheduling a check for org.apache.hadoop.ozone.container.common.volume.HddsVolume@5e37fb82
2019-09-05 11:08:54,256 [main] INFO  volume.HddsVolumeChecker (HddsVolumeChecker.java:checkAllVolumes(203)) - Scheduled health check for volume org.apache.hadoop.ozone.container.common.volume.HddsVolume@5e37fb82
2019-09-05 11:08:54,268 [main] INFO  impl.RaftServerProxy (ConfUtils.java:logGet(43)) - raft.rpc.type = GRPC (default)
2019-09-05 11:08:54,269 [main] INFO  grpc.GrpcFactory (GrpcFactory.java:checkPooledByteBufAllocatorUseCacheForAllThreads(45)) - PERFORMANCE WARNING: useCacheForAllThreads is true that may cause Netty to create a lot garbage objects and, as a result, trigger GC.
	It is recommended to disable useCacheForAllThreads by setting -Dorg.apache.ratis.thirdparty.io.netty.allocator.useCacheForAllThreads=false in command line.
2019-09-05 11:08:54,269 [main] INFO  grpc.GrpcConfigKeys$Server (ConfUtils.java:logGet(43)) - raft.grpc.server.port = 0 (default)
2019-09-05 11:08:54,269 [main] INFO  server.GrpcService (ConfUtils.java:logGet(43)) - raft.grpc.message.size.max = 33570816 (custom)
2019-09-05 11:08:54,269 [main] INFO  server.RaftServerConfigKeys (ConfUtils.java:logGet(43)) - raft.server.log.appender.buffer.byte-limit = 33554432 (custom)
2019-09-05 11:08:54,269 [main] INFO  server.GrpcService (ConfUtils.java:logGet(43)) - raft.grpc.flow.control.window = 1MB (=1048576) (default)
2019-09-05 11:08:54,270 [main] INFO  server.RaftServerConfigKeys (ConfUtils.java:logGet(43)) - raft.server.rpc.request.timeout = 3000ms (default)
2019-09-05 11:08:54,270 [main] INFO  server.RaftServerConfigKeys (ConfUtils.java:logGet(43)) - raft.server.storage.dir = [/workdir/hadoop-ozone/integration-test/target/test-dir/MiniOzoneClusterImpl-844c3fa4-9b6f-47fc-a83e-e9a93d390c1e/datanode-3/data/ratis] (custom)
2019-09-05 11:08:54,271 [main] INFO  hdfs.DFSUtil (DFSUtil.java:httpServerTemplateForNNAndJN(1641)) - Starting Web-server for hddsDatanode at: http://0.0.0.0:0
2019-09-05 11:08:54,273 [main] INFO  server.AuthenticationFilter (AuthenticationFilter.java:constructSecretProvider(240)) - Unable to initialize FileSignerSecretProvider, falling back to use random secrets.
2019-09-05 11:08:54,273 [main] WARN  http.HttpRequestLog (HttpRequestLog.java:getRequestLog(97)) - Jetty request log can only be enabled using Log4j
2019-09-05 11:08:54,275 [main] INFO  http.HttpServer2 (HttpServer2.java:addGlobalFilter(975)) - Added global filter 'safety' (class=org.apache.hadoop.http.HttpServer2$QuotingInputFilter)
2019-09-05 11:08:54,276 [main] INFO  http.HttpServer2 (HttpServer2.java:addFilter(948)) - Added filter static_user_filter (class=org.apache.hadoop.http.lib.StaticUserWebFilter$StaticUserFilter) to context hddsDatanode
2019-09-05 11:08:54,276 [main] INFO  http.HttpServer2 (HttpServer2.java:addFilter(958)) - Added filter static_user_filter (class=org.apache.hadoop.http.lib.StaticUserWebFilter$StaticUserFilter) to context logs
2019-09-05 11:08:54,276 [main] INFO  http.HttpServer2 (HttpServer2.java:addFilter(958)) - Added filter static_user_filter (class=org.apache.hadoop.http.lib.StaticUserWebFilter$StaticUserFilter) to context static
2019-09-05 11:08:54,277 [main] INFO  http.HttpServer2 (HttpServer2.java:bindListener(1191)) - Jetty bound to port 36983
2019-09-05 11:08:54,277 [main] INFO  server.Server (Server.java:doStart(351)) - jetty-9.3.24.v20180605, build timestamp: 2018-06-05T17:11:56Z, git hash: 84205aa28f11a4f31f2a3b86d1bba2cc8ab69827
2019-09-05 11:08:54,279 [main] INFO  handler.ContextHandler (ContextHandler.java:doStart(781)) - Started o.e.j.s.ServletContextHandler@2bb717d7{/logs,file:///workdir/hadoop-ozone/integration-test/target/log,AVAILABLE}
2019-09-05 11:08:54,279 [main] INFO  handler.ContextHandler (ContextHandler.java:doStart(781)) - Started o.e.j.s.ServletContextHandler@6121a7dd{/static,jar:file:/home/user/.m2/repository/org/apache/hadoop/hadoop-hdds-container-service/0.5.0-SNAPSHOT/hadoop-hdds-container-service-0.5.0-SNAPSHOT.jar!/webapps/static,AVAILABLE}
2019-09-05 11:08:54,314 [main] INFO  handler.ContextHandler (ContextHandler.java:doStart(781)) - Started o.e.j.w.WebAppContext@25ae1f80{/,file:///tmp/jetty-0.0.0.0-36983-hddsDatanode-_-any-5154561397886366511.dir/webapp/,AVAILABLE}{/hddsDatanode}
2019-09-05 11:08:54,314 [main] INFO  server.AbstractConnector (AbstractConnector.java:doStart(278)) - Started ServerConnector@54f2df29{HTTP/1.1,[http/1.1]}{0.0.0.0:36983}
2019-09-05 11:08:54,316 [main] INFO  server.Server (Server.java:doStart(419)) - Started @704610ms
2019-09-05 11:08:54,316 [main] WARN  impl.MetricsSystemImpl (MetricsSystemImpl.java:register(276)) - Sink prometheus already exists!
2019-09-05 11:08:54,317 [main] INFO  server.BaseHttpServer (BaseHttpServer.java:updateConnectorAddress(215)) - HTTP server of HDDSDATANODE is listening at http://0.0.0.0:36983
2019-09-05 11:08:54,317 [main] INFO  impl.MetricsSystemImpl (MetricsSystemImpl.java:init(158)) - HddsDatanode metrics system started (again)
2019-09-05 11:08:54,324 [org.apache.hadoop.util.JvmPauseMonitor$Monitor@54c6efc7] INFO  util.JvmPauseMonitor (JvmPauseMonitor.java:run(188)) - Starting JVM pause monitor
2019-09-05 11:08:54,325 [Datanode State Machine Thread - 0] INFO  datanode.InitDatanodeState (InitDatanodeState.java:persistContainerDatanodeDetails(140)) - DatanodeDetails is persisted to /workdir/hadoop-ozone/integration-test/target/test-dir/MiniOzoneClusterImpl-844c3fa4-9b6f-47fc-a83e-e9a93d390c1e/datanode-3/meta/datanode.id
2019-09-05 11:08:54,326 [main] INFO  ozone.HddsDatanodeService (HddsDatanodeService.java:start(184)) - HddsDatanodeService host:pr-hdds-1561-gm47z-337254333 ip:192.168.36.83
2019-09-05 11:08:54,332 [main] INFO  volume.HddsVolume (HddsVolume.java:<init>(176)) - Creating Volume: /workdir/hadoop-ozone/integration-test/target/test-dir/MiniOzoneClusterImpl-844c3fa4-9b6f-47fc-a83e-e9a93d390c1e/datanode-4/data/containers/hdds of  storage type : DISK and capacity : 1482555576320
2019-09-05 11:08:54,333 [main] INFO  volume.VolumeSet (VolumeSet.java:initializeVolumeSet(170)) - Added Volume : /workdir/hadoop-ozone/integration-test/target/test-dir/MiniOzoneClusterImpl-844c3fa4-9b6f-47fc-a83e-e9a93d390c1e/datanode-4/data/containers/hdds to VolumeSet
2019-09-05 11:08:54,333 [main] INFO  volume.ThrottledAsyncChecker (ThrottledAsyncChecker.java:schedule(140)) - Scheduling a check for org.apache.hadoop.ozone.container.common.volume.HddsVolume@5280688
2019-09-05 11:08:54,339 [main] INFO  volume.HddsVolumeChecker (HddsVolumeChecker.java:checkAllVolumes(203)) - Scheduled health check for volume org.apache.hadoop.ozone.container.common.volume.HddsVolume@5280688
2019-09-05 11:08:54,358 [main] INFO  impl.RaftServerProxy (ConfUtils.java:logGet(43)) - raft.rpc.type = GRPC (default)
2019-09-05 11:08:54,358 [main] INFO  grpc.GrpcFactory (GrpcFactory.java:checkPooledByteBufAllocatorUseCacheForAllThreads(45)) - PERFORMANCE WARNING: useCacheForAllThreads is true that may cause Netty to create a lot garbage objects and, as a result, trigger GC.
	It is recommended to disable useCacheForAllThreads by setting -Dorg.apache.ratis.thirdparty.io.netty.allocator.useCacheForAllThreads=false in command line.
2019-09-05 11:08:54,358 [main] INFO  grpc.GrpcConfigKeys$Server (ConfUtils.java:logGet(43)) - raft.grpc.server.port = 0 (default)
2019-09-05 11:08:54,359 [main] INFO  server.GrpcService (ConfUtils.java:logGet(43)) - raft.grpc.message.size.max = 33570816 (custom)
2019-09-05 11:08:54,359 [main] INFO  server.RaftServerConfigKeys (ConfUtils.java:logGet(43)) - raft.server.log.appender.buffer.byte-limit = 33554432 (custom)
2019-09-05 11:08:54,359 [main] INFO  server.GrpcService (ConfUtils.java:logGet(43)) - raft.grpc.flow.control.window = 1MB (=1048576) (default)
2019-09-05 11:08:54,359 [main] INFO  server.RaftServerConfigKeys (ConfUtils.java:logGet(43)) - raft.server.rpc.request.timeout = 3000ms (default)
2019-09-05 11:08:54,360 [main] INFO  server.RaftServerConfigKeys (ConfUtils.java:logGet(43)) - raft.server.storage.dir = [/workdir/hadoop-ozone/integration-test/target/test-dir/MiniOzoneClusterImpl-844c3fa4-9b6f-47fc-a83e-e9a93d390c1e/datanode-4/data/ratis] (custom)
2019-09-05 11:08:54,361 [main] INFO  hdfs.DFSUtil (DFSUtil.java:httpServerTemplateForNNAndJN(1641)) - Starting Web-server for hddsDatanode at: http://0.0.0.0:0
2019-09-05 11:08:54,363 [main] INFO  server.AuthenticationFilter (AuthenticationFilter.java:constructSecretProvider(240)) - Unable to initialize FileSignerSecretProvider, falling back to use random secrets.
2019-09-05 11:08:54,364 [main] WARN  http.HttpRequestLog (HttpRequestLog.java:getRequestLog(97)) - Jetty request log can only be enabled using Log4j
2019-09-05 11:08:54,365 [main] INFO  http.HttpServer2 (HttpServer2.java:addGlobalFilter(975)) - Added global filter 'safety' (class=org.apache.hadoop.http.HttpServer2$QuotingInputFilter)
2019-09-05 11:08:54,366 [main] INFO  http.HttpServer2 (HttpServer2.java:addFilter(948)) - Added filter static_user_filter (class=org.apache.hadoop.http.lib.StaticUserWebFilter$StaticUserFilter) to context hddsDatanode
2019-09-05 11:08:54,366 [main] INFO  http.HttpServer2 (HttpServer2.java:addFilter(958)) - Added filter static_user_filter (class=org.apache.hadoop.http.lib.StaticUserWebFilter$StaticUserFilter) to context static
2019-09-05 11:08:54,367 [main] INFO  http.HttpServer2 (HttpServer2.java:addFilter(958)) - Added filter static_user_filter (class=org.apache.hadoop.http.lib.StaticUserWebFilter$StaticUserFilter) to context logs
2019-09-05 11:08:54,367 [main] INFO  http.HttpServer2 (HttpServer2.java:bindListener(1191)) - Jetty bound to port 33822
2019-09-05 11:08:54,368 [main] INFO  server.Server (Server.java:doStart(351)) - jetty-9.3.24.v20180605, build timestamp: 2018-06-05T17:11:56Z, git hash: 84205aa28f11a4f31f2a3b86d1bba2cc8ab69827
2019-09-05 11:08:54,370 [main] INFO  handler.ContextHandler (ContextHandler.java:doStart(781)) - Started o.e.j.s.ServletContextHandler@dd737ea{/logs,file:///workdir/hadoop-ozone/integration-test/target/log,AVAILABLE}
2019-09-05 11:08:54,370 [main] INFO  handler.ContextHandler (ContextHandler.java:doStart(781)) - Started o.e.j.s.ServletContextHandler@2a0963be{/static,jar:file:/home/user/.m2/repository/org/apache/hadoop/hadoop-hdds-container-service/0.5.0-SNAPSHOT/hadoop-hdds-container-service-0.5.0-SNAPSHOT.jar!/webapps/static,AVAILABLE}
2019-09-05 11:08:54,408 [main] INFO  handler.ContextHandler (ContextHandler.java:doStart(781)) - Started o.e.j.w.WebAppContext@7c7ed72a{/,file:///tmp/jetty-0.0.0.0-33822-hddsDatanode-_-any-8975936127321643288.dir/webapp/,AVAILABLE}{/hddsDatanode}
2019-09-05 11:08:54,409 [main] INFO  server.AbstractConnector (AbstractConnector.java:doStart(278)) - Started ServerConnector@22b7ef2b{HTTP/1.1,[http/1.1]}{0.0.0.0:33822}
2019-09-05 11:08:54,411 [main] INFO  server.Server (Server.java:doStart(419)) - Started @704705ms
2019-09-05 11:08:54,411 [main] WARN  impl.MetricsSystemImpl (MetricsSystemImpl.java:register(276)) - Sink prometheus already exists!
2019-09-05 11:08:54,412 [main] INFO  server.BaseHttpServer (BaseHttpServer.java:updateConnectorAddress(215)) - HTTP server of HDDSDATANODE is listening at http://0.0.0.0:33822
2019-09-05 11:08:54,412 [main] INFO  impl.MetricsSystemImpl (MetricsSystemImpl.java:init(158)) - HddsDatanode metrics system started (again)
2019-09-05 11:08:54,418 [org.apache.hadoop.util.JvmPauseMonitor$Monitor@7ba7965c] INFO  util.JvmPauseMonitor (JvmPauseMonitor.java:run(188)) - Starting JVM pause monitor
2019-09-05 11:08:54,420 [Datanode State Machine Thread - 0] INFO  datanode.InitDatanodeState (InitDatanodeState.java:persistContainerDatanodeDetails(140)) - DatanodeDetails is persisted to /workdir/hadoop-ozone/integration-test/target/test-dir/MiniOzoneClusterImpl-844c3fa4-9b6f-47fc-a83e-e9a93d390c1e/datanode-4/meta/datanode.id
2019-09-05 11:08:54,420 [main] INFO  ozone.HddsDatanodeService (HddsDatanodeService.java:start(184)) - HddsDatanodeService host:pr-hdds-1561-gm47z-337254333 ip:192.168.36.83
2019-09-05 11:08:54,427 [main] INFO  volume.HddsVolume (HddsVolume.java:<init>(176)) - Creating Volume: /workdir/hadoop-ozone/integration-test/target/test-dir/MiniOzoneClusterImpl-844c3fa4-9b6f-47fc-a83e-e9a93d390c1e/datanode-5/data/containers/hdds of  storage type : DISK and capacity : 1482555576320
2019-09-05 11:08:54,428 [main] INFO  volume.VolumeSet (VolumeSet.java:initializeVolumeSet(170)) - Added Volume : /workdir/hadoop-ozone/integration-test/target/test-dir/MiniOzoneClusterImpl-844c3fa4-9b6f-47fc-a83e-e9a93d390c1e/datanode-5/data/containers/hdds to VolumeSet
2019-09-05 11:08:54,428 [main] INFO  volume.ThrottledAsyncChecker (ThrottledAsyncChecker.java:schedule(140)) - Scheduling a check for org.apache.hadoop.ozone.container.common.volume.HddsVolume@505d2bac
2019-09-05 11:08:54,429 [main] INFO  volume.HddsVolumeChecker (HddsVolumeChecker.java:checkAllVolumes(203)) - Scheduled health check for volume org.apache.hadoop.ozone.container.common.volume.HddsVolume@505d2bac
2019-09-05 11:08:54,445 [main] INFO  impl.RaftServerProxy (ConfUtils.java:logGet(43)) - raft.rpc.type = GRPC (default)
2019-09-05 11:08:54,445 [main] INFO  grpc.GrpcFactory (GrpcFactory.java:checkPooledByteBufAllocatorUseCacheForAllThreads(45)) - PERFORMANCE WARNING: useCacheForAllThreads is true that may cause Netty to create a lot garbage objects and, as a result, trigger GC.
	It is recommended to disable useCacheForAllThreads by setting -Dorg.apache.ratis.thirdparty.io.netty.allocator.useCacheForAllThreads=false in command line.
2019-09-05 11:08:54,446 [main] INFO  grpc.GrpcConfigKeys$Server (ConfUtils.java:logGet(43)) - raft.grpc.server.port = 0 (default)
2019-09-05 11:08:54,446 [main] INFO  server.GrpcService (ConfUtils.java:logGet(43)) - raft.grpc.message.size.max = 33570816 (custom)
2019-09-05 11:08:54,446 [main] INFO  server.RaftServerConfigKeys (ConfUtils.java:logGet(43)) - raft.server.log.appender.buffer.byte-limit = 33554432 (custom)
2019-09-05 11:08:54,446 [main] INFO  server.GrpcService (ConfUtils.java:logGet(43)) - raft.grpc.flow.control.window = 1MB (=1048576) (default)
2019-09-05 11:08:54,446 [main] INFO  server.RaftServerConfigKeys (ConfUtils.java:logGet(43)) - raft.server.rpc.request.timeout = 3000ms (default)
2019-09-05 11:08:54,447 [main] INFO  server.RaftServerConfigKeys (ConfUtils.java:logGet(43)) - raft.server.storage.dir = [/workdir/hadoop-ozone/integration-test/target/test-dir/MiniOzoneClusterImpl-844c3fa4-9b6f-47fc-a83e-e9a93d390c1e/datanode-5/data/ratis] (custom)
2019-09-05 11:08:54,448 [main] INFO  hdfs.DFSUtil (DFSUtil.java:httpServerTemplateForNNAndJN(1641)) - Starting Web-server for hddsDatanode at: http://0.0.0.0:0
2019-09-05 11:08:54,450 [main] INFO  server.AuthenticationFilter (AuthenticationFilter.java:constructSecretProvider(240)) - Unable to initialize FileSignerSecretProvider, falling back to use random secrets.
2019-09-05 11:08:54,450 [main] WARN  http.HttpRequestLog (HttpRequestLog.java:getRequestLog(97)) - Jetty request log can only be enabled using Log4j
2019-09-05 11:08:54,452 [main] INFO  http.HttpServer2 (HttpServer2.java:addGlobalFilter(975)) - Added global filter 'safety' (class=org.apache.hadoop.http.HttpServer2$QuotingInputFilter)
2019-09-05 11:08:54,452 [main] INFO  http.HttpServer2 (HttpServer2.java:addFilter(948)) - Added filter static_user_filter (class=org.apache.hadoop.http.lib.StaticUserWebFilter$StaticUserFilter) to context hddsDatanode
2019-09-05 11:08:54,453 [main] INFO  http.HttpServer2 (HttpServer2.java:addFilter(958)) - Added filter static_user_filter (class=org.apache.hadoop.http.lib.StaticUserWebFilter$StaticUserFilter) to context logs
2019-09-05 11:08:54,453 [main] INFO  http.HttpServer2 (HttpServer2.java:addFilter(958)) - Added filter static_user_filter (class=org.apache.hadoop.http.lib.StaticUserWebFilter$StaticUserFilter) to context static
2019-09-05 11:08:54,454 [main] INFO  http.HttpServer2 (HttpServer2.java:bindListener(1191)) - Jetty bound to port 43813
2019-09-05 11:08:54,454 [main] INFO  server.Server (Server.java:doStart(351)) - jetty-9.3.24.v20180605, build timestamp: 2018-06-05T17:11:56Z, git hash: 84205aa28f11a4f31f2a3b86d1bba2cc8ab69827
2019-09-05 11:08:54,455 [main] INFO  handler.ContextHandler (ContextHandler.java:doStart(781)) - Started o.e.j.s.ServletContextHandler@3ea48c37{/logs,file:///workdir/hadoop-ozone/integration-test/target/log,AVAILABLE}
2019-09-05 11:08:54,456 [main] INFO  handler.ContextHandler (ContextHandler.java:doStart(781)) - Started o.e.j.s.ServletContextHandler@710ae6a7{/static,jar:file:/home/user/.m2/repository/org/apache/hadoop/hadoop-hdds-container-service/0.5.0-SNAPSHOT/hadoop-hdds-container-service-0.5.0-SNAPSHOT.jar!/webapps/static,AVAILABLE}
2019-09-05 11:08:54,492 [main] INFO  handler.ContextHandler (ContextHandler.java:doStart(781)) - Started o.e.j.w.WebAppContext@734fbae3{/,file:///tmp/jetty-0.0.0.0-43813-hddsDatanode-_-any-3960135071637231220.dir/webapp/,AVAILABLE}{/hddsDatanode}
2019-09-05 11:08:54,492 [main] INFO  server.AbstractConnector (AbstractConnector.java:doStart(278)) - Started ServerConnector@223967ea{HTTP/1.1,[http/1.1]}{0.0.0.0:43813}
2019-09-05 11:08:54,494 [main] INFO  server.Server (Server.java:doStart(419)) - Started @704788ms
2019-09-05 11:08:54,494 [main] WARN  impl.MetricsSystemImpl (MetricsSystemImpl.java:register(276)) - Sink prometheus already exists!
2019-09-05 11:08:54,495 [main] INFO  server.BaseHttpServer (BaseHttpServer.java:updateConnectorAddress(215)) - HTTP server of HDDSDATANODE is listening at http://0.0.0.0:43813
2019-09-05 11:08:54,495 [main] INFO  impl.MetricsSystemImpl (MetricsSystemImpl.java:init(158)) - HddsDatanode metrics system started (again)
2019-09-05 11:08:54,501 [org.apache.hadoop.util.JvmPauseMonitor$Monitor@2f653c0a] INFO  util.JvmPauseMonitor (JvmPauseMonitor.java:run(188)) - Starting JVM pause monitor
2019-09-05 11:08:54,502 [Datanode State Machine Thread - 0] INFO  datanode.InitDatanodeState (InitDatanodeState.java:persistContainerDatanodeDetails(140)) - DatanodeDetails is persisted to /workdir/hadoop-ozone/integration-test/target/test-dir/MiniOzoneClusterImpl-844c3fa4-9b6f-47fc-a83e-e9a93d390c1e/datanode-5/meta/datanode.id
2019-09-05 11:08:54,502 [main] INFO  ozone.HddsDatanodeService (HddsDatanodeService.java:start(184)) - HddsDatanodeService host:pr-hdds-1561-gm47z-337254333 ip:192.168.36.83
2019-09-05 11:08:54,508 [main] INFO  volume.HddsVolume (HddsVolume.java:<init>(176)) - Creating Volume: /workdir/hadoop-ozone/integration-test/target/test-dir/MiniOzoneClusterImpl-844c3fa4-9b6f-47fc-a83e-e9a93d390c1e/datanode-6/data/containers/hdds of  storage type : DISK and capacity : 1482555576320
2019-09-05 11:08:54,509 [main] INFO  volume.VolumeSet (VolumeSet.java:initializeVolumeSet(170)) - Added Volume : /workdir/hadoop-ozone/integration-test/target/test-dir/MiniOzoneClusterImpl-844c3fa4-9b6f-47fc-a83e-e9a93d390c1e/datanode-6/data/containers/hdds to VolumeSet
2019-09-05 11:08:54,509 [main] INFO  volume.ThrottledAsyncChecker (ThrottledAsyncChecker.java:schedule(140)) - Scheduling a check for org.apache.hadoop.ozone.container.common.volume.HddsVolume@3a588b5f
2019-09-05 11:08:54,509 [main] INFO  volume.HddsVolumeChecker (HddsVolumeChecker.java:checkAllVolumes(203)) - Scheduled health check for volume org.apache.hadoop.ozone.container.common.volume.HddsVolume@3a588b5f
2019-09-05 11:08:54,526 [main] INFO  impl.RaftServerProxy (ConfUtils.java:logGet(43)) - raft.rpc.type = GRPC (default)
2019-09-05 11:08:54,526 [main] INFO  grpc.GrpcFactory (GrpcFactory.java:checkPooledByteBufAllocatorUseCacheForAllThreads(45)) - PERFORMANCE WARNING: useCacheForAllThreads is true that may cause Netty to create a lot garbage objects and, as a result, trigger GC.
	It is recommended to disable useCacheForAllThreads by setting -Dorg.apache.ratis.thirdparty.io.netty.allocator.useCacheForAllThreads=false in command line.
2019-09-05 11:08:54,526 [main] INFO  grpc.GrpcConfigKeys$Server (ConfUtils.java:logGet(43)) - raft.grpc.server.port = 0 (default)
2019-09-05 11:08:54,526 [main] INFO  server.GrpcService (ConfUtils.java:logGet(43)) - raft.grpc.message.size.max = 33570816 (custom)
2019-09-05 11:08:54,527 [main] INFO  server.RaftServerConfigKeys (ConfUtils.java:logGet(43)) - raft.server.log.appender.buffer.byte-limit = 33554432 (custom)
2019-09-05 11:08:54,527 [main] INFO  server.GrpcService (ConfUtils.java:logGet(43)) - raft.grpc.flow.control.window = 1MB (=1048576) (default)
2019-09-05 11:08:54,527 [main] INFO  server.RaftServerConfigKeys (ConfUtils.java:logGet(43)) - raft.server.rpc.request.timeout = 3000ms (default)
2019-09-05 11:08:54,528 [main] INFO  server.RaftServerConfigKeys (ConfUtils.java:logGet(43)) - raft.server.storage.dir = [/workdir/hadoop-ozone/integration-test/target/test-dir/MiniOzoneClusterImpl-844c3fa4-9b6f-47fc-a83e-e9a93d390c1e/datanode-6/data/ratis] (custom)
2019-09-05 11:08:54,529 [main] INFO  hdfs.DFSUtil (DFSUtil.java:httpServerTemplateForNNAndJN(1641)) - Starting Web-server for hddsDatanode at: http://0.0.0.0:0
2019-09-05 11:08:54,530 [main] INFO  server.AuthenticationFilter (AuthenticationFilter.java:constructSecretProvider(240)) - Unable to initialize FileSignerSecretProvider, falling back to use random secrets.
2019-09-05 11:08:54,531 [main] WARN  http.HttpRequestLog (HttpRequestLog.java:getRequestLog(97)) - Jetty request log can only be enabled using Log4j
2019-09-05 11:08:54,533 [main] INFO  http.HttpServer2 (HttpServer2.java:addGlobalFilter(975)) - Added global filter 'safety' (class=org.apache.hadoop.http.HttpServer2$QuotingInputFilter)
2019-09-05 11:08:54,533 [main] INFO  http.HttpServer2 (HttpServer2.java:addFilter(948)) - Added filter static_user_filter (class=org.apache.hadoop.http.lib.StaticUserWebFilter$StaticUserFilter) to context hddsDatanode
2019-09-05 11:08:54,533 [main] INFO  http.HttpServer2 (HttpServer2.java:addFilter(958)) - Added filter static_user_filter (class=org.apache.hadoop.http.lib.StaticUserWebFilter$StaticUserFilter) to context logs
2019-09-05 11:08:54,534 [main] INFO  http.HttpServer2 (HttpServer2.java:addFilter(958)) - Added filter static_user_filter (class=org.apache.hadoop.http.lib.StaticUserWebFilter$StaticUserFilter) to context static
2019-09-05 11:08:54,534 [main] INFO  http.HttpServer2 (HttpServer2.java:bindListener(1191)) - Jetty bound to port 46624
2019-09-05 11:08:54,535 [main] INFO  server.Server (Server.java:doStart(351)) - jetty-9.3.24.v20180605, build timestamp: 2018-06-05T17:11:56Z, git hash: 84205aa28f11a4f31f2a3b86d1bba2cc8ab69827
2019-09-05 11:08:54,537 [main] INFO  handler.ContextHandler (ContextHandler.java:doStart(781)) - Started o.e.j.s.ServletContextHandler@4d67d5a4{/logs,file:///workdir/hadoop-ozone/integration-test/target/log,AVAILABLE}
2019-09-05 11:08:54,537 [main] INFO  handler.ContextHandler (ContextHandler.java:doStart(781)) - Started o.e.j.s.ServletContextHandler@600bbf9e{/static,jar:file:/home/user/.m2/repository/org/apache/hadoop/hadoop-hdds-container-service/0.5.0-SNAPSHOT/hadoop-hdds-container-service-0.5.0-SNAPSHOT.jar!/webapps/static,AVAILABLE}
2019-09-05 11:08:54,568 [main] INFO  handler.ContextHandler (ContextHandler.java:doStart(781)) - Started o.e.j.w.WebAppContext@2e2b9f53{/,file:///tmp/jetty-0.0.0.0-46624-hddsDatanode-_-any-4810967125941685590.dir/webapp/,AVAILABLE}{/hddsDatanode}
2019-09-05 11:08:54,568 [main] INFO  server.AbstractConnector (AbstractConnector.java:doStart(278)) - Started ServerConnector@749baa0c{HTTP/1.1,[http/1.1]}{0.0.0.0:46624}
2019-09-05 11:08:54,571 [main] INFO  server.Server (Server.java:doStart(419)) - Started @704865ms
2019-09-05 11:08:54,571 [main] WARN  impl.MetricsSystemImpl (MetricsSystemImpl.java:register(276)) - Sink prometheus already exists!
2019-09-05 11:08:54,572 [main] INFO  server.BaseHttpServer (BaseHttpServer.java:updateConnectorAddress(215)) - HTTP server of HDDSDATANODE is listening at http://0.0.0.0:46624
2019-09-05 11:08:54,572 [main] INFO  ozone.MiniOzoneClusterImpl (MiniOzoneClusterImpl.java:lambda$waitForClusterToBeReady$0(140)) - Waiting for cluster to be ready. Got 0 of 7 DN Heartbeats.
2019-09-05 11:08:54,574 [org.apache.hadoop.util.JvmPauseMonitor$Monitor@159dfe95] INFO  util.JvmPauseMonitor (JvmPauseMonitor.java:run(188)) - Starting JVM pause monitor
2019-09-05 11:08:54,575 [Datanode State Machine Thread - 0] INFO  datanode.InitDatanodeState (InitDatanodeState.java:persistContainerDatanodeDetails(140)) - DatanodeDetails is persisted to /workdir/hadoop-ozone/integration-test/target/test-dir/MiniOzoneClusterImpl-844c3fa4-9b6f-47fc-a83e-e9a93d390c1e/datanode-6/meta/datanode.id
2019-09-05 11:08:55,573 [main] INFO  ozone.MiniOzoneClusterImpl (MiniOzoneClusterImpl.java:lambda$waitForClusterToBeReady$0(140)) - Waiting for cluster to be ready. Got 0 of 7 DN Heartbeats.
2019-09-05 11:08:56,133 [Datanode State Machine Thread - 0] INFO  ozoneimpl.OzoneContainer (OzoneContainer.java:start(202)) - Attempting to start container services.
2019-09-05 11:08:56,133 [Datanode State Machine Thread - 0] INFO  ozoneimpl.OzoneContainer (OzoneContainer.java:startContainerScrub(176)) - Background container scrubber has been disabled by hdds.containerscrub.enabled
2019-09-05 11:08:56,134 [Datanode State Machine Thread - 0] INFO  ratis.XceiverServerRatis (XceiverServerRatis.java:start(404)) - Starting XceiverServerRatis 9fc77e25-aa5c-460f-a7c3-4d68bf1388cb at port 0
2019-09-05 11:08:56,141 [Datanode State Machine Thread - 0] INFO  impl.RaftServerProxy (RaftServerProxy.java:lambda$start$3(299)) - 9fc77e25-aa5c-460f-a7c3-4d68bf1388cb: start RPC server
2019-09-05 11:08:56,145 [Datanode State Machine Thread - 0] INFO  server.GrpcService (GrpcService.java:startImpl(158)) - 9fc77e25-aa5c-460f-a7c3-4d68bf1388cb: GrpcService started, listening on 0.0.0.0/0.0.0.0:45703
2019-09-05 11:08:56,146 [Datanode State Machine Thread - 0] INFO  ratis.XceiverServerRatis (XceiverServerRatis.java:start(414)) - XceiverServerRatis 9fc77e25-aa5c-460f-a7c3-4d68bf1388cb is started using port 45703
2019-09-05 11:08:56,146 [Datanode State Machine Thread - 0] INFO  server.XceiverServerGrpc (XceiverServerGrpc.java:start(163)) - XceiverServerGrpc 9fc77e25-aa5c-460f-a7c3-4d68bf1388cb is started using port 42950
2019-09-05 11:08:56,247 [Datanode State Machine Thread - 0] INFO  ozoneimpl.OzoneContainer (OzoneContainer.java:start(202)) - Attempting to start container services.
2019-09-05 11:08:56,247 [Datanode State Machine Thread - 0] INFO  ozoneimpl.OzoneContainer (OzoneContainer.java:startContainerScrub(176)) - Background container scrubber has been disabled by hdds.containerscrub.enabled
2019-09-05 11:08:56,247 [Datanode State Machine Thread - 0] INFO  ratis.XceiverServerRatis (XceiverServerRatis.java:start(404)) - Starting XceiverServerRatis f298343a-9d6f-44c1-b3fe-897e14769cc7 at port 0
2019-09-05 11:08:56,256 [Datanode State Machine Thread - 0] INFO  impl.RaftServerProxy (RaftServerProxy.java:lambda$start$3(299)) - f298343a-9d6f-44c1-b3fe-897e14769cc7: start RPC server
2019-09-05 11:08:56,264 [Datanode State Machine Thread - 0] INFO  server.GrpcService (GrpcService.java:startImpl(158)) - f298343a-9d6f-44c1-b3fe-897e14769cc7: GrpcService started, listening on 0.0.0.0/0.0.0.0:34398
2019-09-05 11:08:56,264 [Datanode State Machine Thread - 0] INFO  ratis.XceiverServerRatis (XceiverServerRatis.java:start(414)) - XceiverServerRatis f298343a-9d6f-44c1-b3fe-897e14769cc7 is started using port 34398
2019-09-05 11:08:56,264 [Datanode State Machine Thread - 0] INFO  server.XceiverServerGrpc (XceiverServerGrpc.java:start(163)) - XceiverServerGrpc f298343a-9d6f-44c1-b3fe-897e14769cc7 is started using port 38883
2019-09-05 11:08:56,301 [Datanode State Machine Thread - 0] INFO  ozoneimpl.OzoneContainer (OzoneContainer.java:start(202)) - Attempting to start container services.
2019-09-05 11:08:56,301 [Datanode State Machine Thread - 0] INFO  ozoneimpl.OzoneContainer (OzoneContainer.java:startContainerScrub(176)) - Background container scrubber has been disabled by hdds.containerscrub.enabled
2019-09-05 11:08:56,301 [Datanode State Machine Thread - 0] INFO  ratis.XceiverServerRatis (XceiverServerRatis.java:start(404)) - Starting XceiverServerRatis 83e7b670-d8f5-4375-adb8-3b49caecfda0 at port 0
2019-09-05 11:08:56,308 [Datanode State Machine Thread - 0] INFO  impl.RaftServerProxy (RaftServerProxy.java:lambda$start$3(299)) - 83e7b670-d8f5-4375-adb8-3b49caecfda0: start RPC server
2019-09-05 11:08:56,311 [Datanode State Machine Thread - 0] INFO  server.GrpcService (GrpcService.java:startImpl(158)) - 83e7b670-d8f5-4375-adb8-3b49caecfda0: GrpcService started, listening on 0.0.0.0/0.0.0.0:41766
2019-09-05 11:08:56,311 [Datanode State Machine Thread - 0] INFO  ratis.XceiverServerRatis (XceiverServerRatis.java:start(414)) - XceiverServerRatis 83e7b670-d8f5-4375-adb8-3b49caecfda0 is started using port 41766
2019-09-05 11:08:56,313 [Datanode State Machine Thread - 0] INFO  server.XceiverServerGrpc (XceiverServerGrpc.java:start(163)) - XceiverServerGrpc 83e7b670-d8f5-4375-adb8-3b49caecfda0 is started using port 35715
2019-09-05 11:08:56,383 [Datanode State Machine Thread - 0] INFO  ozoneimpl.OzoneContainer (OzoneContainer.java:start(202)) - Attempting to start container services.
2019-09-05 11:08:56,383 [Datanode State Machine Thread - 0] INFO  ozoneimpl.OzoneContainer (OzoneContainer.java:startContainerScrub(176)) - Background container scrubber has been disabled by hdds.containerscrub.enabled
2019-09-05 11:08:56,383 [Datanode State Machine Thread - 0] INFO  ratis.XceiverServerRatis (XceiverServerRatis.java:start(404)) - Starting XceiverServerRatis 51496804-6984-4711-896a-dcdac4e82398 at port 0
2019-09-05 11:08:56,390 [Datanode State Machine Thread - 0] INFO  impl.RaftServerProxy (RaftServerProxy.java:lambda$start$3(299)) - 51496804-6984-4711-896a-dcdac4e82398: start RPC server
2019-09-05 11:08:56,392 [Datanode State Machine Thread - 0] INFO  server.GrpcService (GrpcService.java:startImpl(158)) - 51496804-6984-4711-896a-dcdac4e82398: GrpcService started, listening on 0.0.0.0/0.0.0.0:32887
2019-09-05 11:08:56,392 [Datanode State Machine Thread - 0] INFO  ratis.XceiverServerRatis (XceiverServerRatis.java:start(414)) - XceiverServerRatis 51496804-6984-4711-896a-dcdac4e82398 is started using port 32887
2019-09-05 11:08:56,394 [Datanode State Machine Thread - 0] INFO  server.XceiverServerGrpc (XceiverServerGrpc.java:start(163)) - XceiverServerGrpc 51496804-6984-4711-896a-dcdac4e82398 is started using port 46253
2019-09-05 11:08:56,493 [Datanode State Machine Thread - 0] INFO  ozoneimpl.OzoneContainer (OzoneContainer.java:start(202)) - Attempting to start container services.
2019-09-05 11:08:56,493 [Datanode State Machine Thread - 0] INFO  ozoneimpl.OzoneContainer (OzoneContainer.java:startContainerScrub(176)) - Background container scrubber has been disabled by hdds.containerscrub.enabled
2019-09-05 11:08:56,493 [Datanode State Machine Thread - 0] INFO  ratis.XceiverServerRatis (XceiverServerRatis.java:start(404)) - Starting XceiverServerRatis 1aa8c9aa-d82a-4fa9-80dc-356d427b97f3 at port 0
2019-09-05 11:08:56,501 [Datanode State Machine Thread - 0] INFO  impl.RaftServerProxy (RaftServerProxy.java:lambda$start$3(299)) - 1aa8c9aa-d82a-4fa9-80dc-356d427b97f3: start RPC server
2019-09-05 11:08:56,504 [Datanode State Machine Thread - 0] INFO  server.GrpcService (GrpcService.java:startImpl(158)) - 1aa8c9aa-d82a-4fa9-80dc-356d427b97f3: GrpcService started, listening on 0.0.0.0/0.0.0.0:34970
2019-09-05 11:08:56,504 [Datanode State Machine Thread - 0] INFO  ratis.XceiverServerRatis (XceiverServerRatis.java:start(414)) - XceiverServerRatis 1aa8c9aa-d82a-4fa9-80dc-356d427b97f3 is started using port 34970
2019-09-05 11:08:56,507 [Datanode State Machine Thread - 0] INFO  server.XceiverServerGrpc (XceiverServerGrpc.java:start(163)) - XceiverServerGrpc 1aa8c9aa-d82a-4fa9-80dc-356d427b97f3 is started using port 45597
2019-09-05 11:08:56,561 [Datanode State Machine Thread - 0] INFO  ozoneimpl.OzoneContainer (OzoneContainer.java:start(202)) - Attempting to start container services.
2019-09-05 11:08:56,561 [Datanode State Machine Thread - 0] INFO  ozoneimpl.OzoneContainer (OzoneContainer.java:startContainerScrub(176)) - Background container scrubber has been disabled by hdds.containerscrub.enabled
2019-09-05 11:08:56,561 [Datanode State Machine Thread - 0] INFO  ratis.XceiverServerRatis (XceiverServerRatis.java:start(404)) - Starting XceiverServerRatis fa38275b-b6c1-4443-ac3f-7d574d73b3ca at port 0
2019-09-05 11:08:56,567 [Datanode State Machine Thread - 0] INFO  impl.RaftServerProxy (RaftServerProxy.java:lambda$start$3(299)) - fa38275b-b6c1-4443-ac3f-7d574d73b3ca: start RPC server
2019-09-05 11:08:56,581 [main] INFO  ozone.MiniOzoneClusterImpl (MiniOzoneClusterImpl.java:lambda$waitForClusterToBeReady$0(140)) - Waiting for cluster to be ready. Got 0 of 7 DN Heartbeats.
2019-09-05 11:08:56,584 [Datanode State Machine Thread - 0] INFO  server.GrpcService (GrpcService.java:startImpl(158)) - fa38275b-b6c1-4443-ac3f-7d574d73b3ca: GrpcService started, listening on 0.0.0.0/0.0.0.0:40471
2019-09-05 11:08:56,584 [Datanode State Machine Thread - 0] INFO  ratis.XceiverServerRatis (XceiverServerRatis.java:start(414)) - XceiverServerRatis fa38275b-b6c1-4443-ac3f-7d574d73b3ca is started using port 40471
2019-09-05 11:08:56,586 [Datanode State Machine Thread - 0] INFO  server.XceiverServerGrpc (XceiverServerGrpc.java:start(163)) - XceiverServerGrpc fa38275b-b6c1-4443-ac3f-7d574d73b3ca is started using port 41762
2019-09-05 11:08:56,648 [Datanode State Machine Thread - 0] INFO  ozoneimpl.OzoneContainer (OzoneContainer.java:start(202)) - Attempting to start container services.
2019-09-05 11:08:56,648 [Datanode State Machine Thread - 0] INFO  ozoneimpl.OzoneContainer (OzoneContainer.java:startContainerScrub(176)) - Background container scrubber has been disabled by hdds.containerscrub.enabled
2019-09-05 11:08:56,648 [Datanode State Machine Thread - 0] INFO  ratis.XceiverServerRatis (XceiverServerRatis.java:start(404)) - Starting XceiverServerRatis 66668c9f-d169-4830-982b-36ce67e74237 at port 0
2019-09-05 11:08:56,655 [Datanode State Machine Thread - 0] INFO  impl.RaftServerProxy (RaftServerProxy.java:lambda$start$3(299)) - 66668c9f-d169-4830-982b-36ce67e74237: start RPC server
2019-09-05 11:08:56,664 [Datanode State Machine Thread - 0] INFO  server.GrpcService (GrpcService.java:startImpl(158)) - 66668c9f-d169-4830-982b-36ce67e74237: GrpcService started, listening on 0.0.0.0/0.0.0.0:35689
2019-09-05 11:08:56,664 [Datanode State Machine Thread - 0] INFO  ratis.XceiverServerRatis (XceiverServerRatis.java:start(414)) - XceiverServerRatis 66668c9f-d169-4830-982b-36ce67e74237 is started using port 35689
2019-09-05 11:08:56,665 [Datanode State Machine Thread - 0] INFO  server.XceiverServerGrpc (XceiverServerGrpc.java:start(163)) - XceiverServerGrpc 66668c9f-d169-4830-982b-36ce67e74237 is started using port 40682
2019-09-05 11:08:57,584 [main] INFO  ozone.MiniOzoneClusterImpl (MiniOzoneClusterImpl.java:lambda$waitForClusterToBeReady$0(140)) - Waiting for cluster to be ready. Got 0 of 7 DN Heartbeats.
2019-09-05 11:08:58,049 [IPC Server handler 7 on 43143] INFO  net.NetworkTopology (NetworkTopologyImpl.java:add(110)) - Added a new node: /default-rack/9fc77e25-aa5c-460f-a7c3-4d68bf1388cb
2019-09-05 11:08:58,052 [IPC Server handler 7 on 43143] INFO  node.SCMNodeManager (SCMNodeManager.java:register(266)) - Registered Data node : 9fc77e25-aa5c-460f-a7c3-4d68bf1388cb{ip: 192.168.36.83, host: pr-hdds-1561-gm47z-337254333, networkLocation: /default-rack, certSerialId: null}
2019-09-05 11:08:58,053 [EventQueue-NodeRegistrationContainerReportForDataNodeSafeModeRule] INFO  safemode.SCMSafeModeManager (DataNodeSafeModeRule.java:process(71)) - SCM in safe mode. 1 DataNodes registered, 1 required.
2019-09-05 11:08:58,056 [EventQueue-NodeRegistrationContainerReportForDataNodeSafeModeRule] INFO  safemode.SCMSafeModeManager (SCMSafeModeManager.java:validateSafeModeExitRules(177)) - ScmSafeModeManager, all rules are successfully validated
2019-09-05 11:08:58,056 [EventQueue-NodeRegistrationContainerReportForDataNodeSafeModeRule] INFO  safemode.SCMSafeModeManager (SCMSafeModeManager.java:exitSafeMode(193)) - SCM exiting safe mode.
2019-09-05 11:08:58,068 [grpc-default-executor-10] INFO  impl.RaftServerProxy (RaftServerProxy.java:addNew(89)) - 9fc77e25-aa5c-460f-a7c3-4d68bf1388cb: addNew group-F46C0A5B86FF:[9fc77e25-aa5c-460f-a7c3-4d68bf1388cb:192.168.36.83:45703] returns group-F46C0A5B86FF:java.util.concurrent.CompletableFuture@f0e67fe[Not completed]
2019-09-05 11:08:58,071 [pool-589-thread-1] INFO  impl.RaftServerImpl (RaftServerImpl.java:<init>(95)) - 9fc77e25-aa5c-460f-a7c3-4d68bf1388cb: new RaftServerImpl for group-F46C0A5B86FF:[9fc77e25-aa5c-460f-a7c3-4d68bf1388cb:192.168.36.83:45703] with ContainerStateMachine:uninitialized
2019-09-05 11:08:58,071 [pool-589-thread-1] INFO  server.RaftServerConfigKeys (ConfUtils.java:logGet(43)) - raft.server.rpc.timeout.min = 5s (custom)
2019-09-05 11:08:58,071 [pool-589-thread-1] INFO  server.RaftServerConfigKeys (ConfUtils.java:logGet(43)) - raft.server.rpc.timeout.max = 5200ms (custom)
2019-09-05 11:08:58,071 [pool-589-thread-1] INFO  server.RaftServerConfigKeys (ConfUtils.java:logGet(43)) - raft.server.rpcslowness.timeout = 120s (custom)
2019-09-05 11:08:58,072 [pool-589-thread-1] INFO  server.RaftServerConfigKeys (ConfUtils.java:logGet(43)) - raft.server.sleep.deviation.threshold = 300 (default)
2019-09-05 11:08:58,072 [pool-589-thread-1] INFO  server.RaftServerConfigKeys (ConfUtils.java:logGet(43)) - raft.server.log.appender.install.snapshot.enabled = false (custom)
2019-09-05 11:08:58,072 [pool-589-thread-1] INFO  impl.RaftServerImpl (ServerState.java:<init>(103)) - 9fc77e25-aa5c-460f-a7c3-4d68bf1388cb@group-F46C0A5B86FF: ConfigurationManager, init=-1: [9fc77e25-aa5c-460f-a7c3-4d68bf1388cb:192.168.36.83:45703], old=null, confs=<EMPTY_MAP>
2019-09-05 11:08:58,072 [pool-589-thread-1] INFO  server.RaftServerConfigKeys (ConfUtils.java:logGet(43)) - raft.server.storage.dir = [/workdir/hadoop-ozone/integration-test/target/test-dir/MiniOzoneClusterImpl-844c3fa4-9b6f-47fc-a83e-e9a93d390c1e/datanode-0/data/ratis] (custom)
2019-09-05 11:08:58,073 [pool-589-thread-1] INFO  storage.RaftStorageDirectory (RaftStorageDirectory.java:analyzeStorage(246)) - The storage directory /workdir/hadoop-ozone/integration-test/target/test-dir/MiniOzoneClusterImpl-844c3fa4-9b6f-47fc-a83e-e9a93d390c1e/datanode-0/data/ratis/fb0754ad-f668-4dc7-a2cd-f46c0a5b86ff does not exist. Creating ...
2019-09-05 11:08:58,130 [pool-589-thread-1] INFO  storage.RaftStorageDirectory (RaftStorageDirectory.java:tryLock(328)) - Lock on /workdir/hadoop-ozone/integration-test/target/test-dir/MiniOzoneClusterImpl-844c3fa4-9b6f-47fc-a83e-e9a93d390c1e/datanode-0/data/ratis/fb0754ad-f668-4dc7-a2cd-f46c0a5b86ff/in_use.lock acquired by nodename 23600@pr-hdds-1561-gm47z-337254333
2019-09-05 11:08:58,170 [IPC Server handler 0 on 43143] INFO  net.NetworkTopology (NetworkTopologyImpl.java:add(110)) - Added a new node: /default-rack/f298343a-9d6f-44c1-b3fe-897e14769cc7
2019-09-05 11:08:58,170 [IPC Server handler 0 on 43143] INFO  node.SCMNodeManager (SCMNodeManager.java:register(266)) - Registered Data node : f298343a-9d6f-44c1-b3fe-897e14769cc7{ip: 192.168.36.83, host: pr-hdds-1561-gm47z-337254333, networkLocation: /default-rack, certSerialId: null}
2019-09-05 11:08:58,182 [pool-589-thread-1] INFO  storage.RaftStorage (RaftStorage.java:format(72)) - Storage directory /workdir/hadoop-ozone/integration-test/target/test-dir/MiniOzoneClusterImpl-844c3fa4-9b6f-47fc-a83e-e9a93d390c1e/datanode-0/data/ratis/fb0754ad-f668-4dc7-a2cd-f46c0a5b86ff has been successfully formatted.
2019-09-05 11:08:58,183 [pool-589-thread-1] INFO  ratis.ContainerStateMachine (ContainerStateMachine.java:loadSnapshot(232)) - group-F46C0A5B86FF: The snapshot info is null. Setting the last applied indexto:(t:0, i:~)
2019-09-05 11:08:58,183 [pool-589-thread-1] INFO  server.RaftServerConfigKeys (ConfUtils.java:logGet(43)) - raft.server.notification.no-leader.timeout = 120s (custom)
2019-09-05 11:08:58,183 [pool-589-thread-1] INFO  server.RaftServerConfigKeys (ConfUtils.java:logGet(43)) - raft.server.log.use.memory = false (default)
2019-09-05 11:08:58,183 [pool-589-thread-1] INFO  server.RaftServerConfigKeys (ConfUtils.java:logGet(43)) - raft.server.log.purge.gap = 1000000 (custom)
2019-09-05 11:08:58,183 [pool-589-thread-1] INFO  server.RaftServerConfigKeys (ConfUtils.java:logGet(43)) - raft.server.log.appender.buffer.byte-limit = 33554432 (custom)
2019-09-05 11:08:58,183 [pool-589-thread-1] INFO  server.RaftServerConfigKeys (ConfUtils.java:logGet(43)) - raft.server.log.segment.size.max = 1048576 (custom)
2019-09-05 11:08:58,183 [pool-589-thread-1] INFO  server.RaftServerConfigKeys (ConfUtils.java:logGet(43)) - raft.server.log.segment.cache.num.max = 2 (custom)
2019-09-05 11:08:58,184 [pool-589-thread-1] INFO  segmented.SegmentedRaftLogWorker (SegmentedRaftLogWorker.java:<init>(172)) - new 9fc77e25-aa5c-460f-a7c3-4d68bf1388cb@group-F46C0A5B86FF-SegmentedRaftLogWorker for RaftStorage:Storage Directory /workdir/hadoop-ozone/integration-test/target/test-dir/MiniOzoneClusterImpl-844c3fa4-9b6f-47fc-a83e-e9a93d390c1e/datanode-0/data/ratis/fb0754ad-f668-4dc7-a2cd-f46c0a5b86ff
2019-09-05 11:08:58,185 [pool-589-thread-1] INFO  server.RaftServerConfigKeys (ConfUtils.java:logGet(43)) - raft.server.log.queue.byte-limit = 2147483647 (custom)
2019-09-05 11:08:58,185 [pool-589-thread-1] INFO  server.RaftServerConfigKeys (ConfUtils.java:logGet(43)) - raft.server.log.queue.element-limit = 1024 (custom)
2019-09-05 11:08:58,186 [pool-589-thread-1] INFO  server.RaftServerConfigKeys (ConfUtils.java:logGet(43)) - raft.server.log.segment.size.max = 1048576 (custom)
2019-09-05 11:08:58,186 [pool-589-thread-1] INFO  server.RaftServerConfigKeys (ConfUtils.java:logGet(43)) - raft.server.log.preallocated.size = 16384 (custom)
2019-09-05 11:08:58,186 [pool-589-thread-1] INFO  server.RaftServerConfigKeys (ConfUtils.java:logGet(43)) - raft.server.log.write.buffer.size = 33554432 (custom)
2019-09-05 11:08:58,186 [pool-589-thread-1] INFO  server.RaftServerConfigKeys (ConfUtils.java:logGet(43)) - raft.server.log.force.sync.num = 128 (default)
2019-09-05 11:08:58,186 [pool-589-thread-1] INFO  server.RaftServerConfigKeys (ConfUtils.java:logGet(43)) - raft.server.log.statemachine.data.sync = true (default)
2019-09-05 11:08:58,186 [pool-589-thread-1] INFO  server.RaftServerConfigKeys (ConfUtils.java:logGet(43)) - raft.server.log.statemachine.data.sync.timeout = 10s (default)
2019-09-05 11:08:58,186 [pool-589-thread-1] INFO  server.RaftServerConfigKeys (ConfUtils.java:logGet(43)) - raft.server.log.statemachine.data.sync.timeout.retry = -1 (default)
2019-09-05 11:08:58,187 [pool-589-thread-1] INFO  server.RaftServerConfigKeys (ConfUtils.java:logGet(43)) - raft.server.log.statemachine.data.caching.enabled = true (custom)
2019-09-05 11:08:58,187 [pool-589-thread-1] INFO  segmented.SegmentedRaftLogWorker (SegmentedRaftLogWorker.java:lambda$new$0(132)) - 9fc77e25-aa5c-460f-a7c3-4d68bf1388cb@group-F46C0A5B86FF-SegmentedRaftLogWorker: flushIndex: setUnconditionally 0 -> -1
2019-09-05 11:08:58,187 [pool-589-thread-1] INFO  server.RaftServerConfigKeys (ConfUtils.java:logGet(43)) - raft.server.snapshot.auto.trigger.enabled = true (custom)
2019-09-05 11:08:58,187 [pool-589-thread-1] INFO  server.RaftServerConfigKeys (ConfUtils.java:logGet(43)) - raft.server.snapshot.auto.trigger.threshold = 10000 (custom)
2019-09-05 11:08:58,188 [pool-589-thread-1] INFO  server.RaftServerConfigKeys (ConfUtils.java:logGet(43)) - raft.server.snapshot.retention.num.files = -1 (default)
2019-09-05 11:08:58,188 [pool-589-thread-1] INFO  server.RaftServerConfigKeys (ConfUtils.java:logGet(43)) - raft.server.retrycache.expirytime = 600000ms (custom)
2019-09-05 11:08:58,189 [pool-589-thread-1] INFO  impl.RaftServerImpl (RaftServerImpl.java:start(185)) - 9fc77e25-aa5c-460f-a7c3-4d68bf1388cb@group-F46C0A5B86FF: start as a follower, conf=-1: [9fc77e25-aa5c-460f-a7c3-4d68bf1388cb:192.168.36.83:45703], old=null
2019-09-05 11:08:58,189 [pool-589-thread-1] INFO  impl.RaftServerImpl (RaftServerImpl.java:setRole(174)) - 9fc77e25-aa5c-460f-a7c3-4d68bf1388cb@group-F46C0A5B86FF: changes role from      null to FOLLOWER at term 0 for startAsFollower
2019-09-05 11:08:58,190 [pool-589-thread-1] INFO  impl.RoleInfo (RoleInfo.java:updateAndGet(143)) - 9fc77e25-aa5c-460f-a7c3-4d68bf1388cb: start FollowerState
2019-09-05 11:08:58,190 [pool-589-thread-1] INFO  util.JmxRegister (JmxRegister.java:tryRegister(44)) - Successfully registered JMX Bean with object name Ratis:service=RaftServer,group=group-F46C0A5B86FF,id=9fc77e25-aa5c-460f-a7c3-4d68bf1388cb
2019-09-05 11:08:58,221 [RatisPipelineUtilsThread] INFO  pipeline.PipelineStateManager (PipelineStateManager.java:addPipeline(56)) - Created pipeline Pipeline[ Id: fb0754ad-f668-4dc7-a2cd-f46c0a5b86ff, Nodes: 9fc77e25-aa5c-460f-a7c3-4d68bf1388cb{ip: 192.168.36.83, host: pr-hdds-1561-gm47z-337254333, networkLocation: /default-rack, certSerialId: null}, Type:RATIS, Factor:ONE, State:OPEN]
2019-09-05 11:08:58,228 [grpc-default-executor-10] INFO  impl.RaftServerProxy (RaftServerProxy.java:addNew(89)) - f298343a-9d6f-44c1-b3fe-897e14769cc7: addNew group-D5AE8263EA51:[f298343a-9d6f-44c1-b3fe-897e14769cc7:192.168.36.83:34398] returns group-D5AE8263EA51:java.util.concurrent.CompletableFuture@39b163b5[Not completed]
2019-09-05 11:08:58,229 [pool-599-thread-1] INFO  impl.RaftServerImpl (RaftServerImpl.java:<init>(95)) - f298343a-9d6f-44c1-b3fe-897e14769cc7: new RaftServerImpl for group-D5AE8263EA51:[f298343a-9d6f-44c1-b3fe-897e14769cc7:192.168.36.83:34398] with ContainerStateMachine:uninitialized
2019-09-05 11:08:58,229 [pool-599-thread-1] INFO  server.RaftServerConfigKeys (ConfUtils.java:logGet(43)) - raft.server.rpc.timeout.min = 5s (custom)
2019-09-05 11:08:58,229 [pool-599-thread-1] INFO  server.RaftServerConfigKeys (ConfUtils.java:logGet(43)) - raft.server.rpc.timeout.max = 5200ms (custom)
2019-09-05 11:08:58,229 [pool-599-thread-1] INFO  server.RaftServerConfigKeys (ConfUtils.java:logGet(43)) - raft.server.rpcslowness.timeout = 120s (custom)
2019-09-05 11:08:58,229 [pool-599-thread-1] INFO  server.RaftServerConfigKeys (ConfUtils.java:logGet(43)) - raft.server.sleep.deviation.threshold = 300 (default)
2019-09-05 11:08:58,229 [pool-599-thread-1] INFO  server.RaftServerConfigKeys (ConfUtils.java:logGet(43)) - raft.server.log.appender.install.snapshot.enabled = false (custom)
2019-09-05 11:08:58,229 [pool-599-thread-1] INFO  impl.RaftServerImpl (ServerState.java:<init>(103)) - f298343a-9d6f-44c1-b3fe-897e14769cc7@group-D5AE8263EA51: ConfigurationManager, init=-1: [f298343a-9d6f-44c1-b3fe-897e14769cc7:192.168.36.83:34398], old=null, confs=<EMPTY_MAP>
2019-09-05 11:08:58,229 [pool-599-thread-1] INFO  server.RaftServerConfigKeys (ConfUtils.java:logGet(43)) - raft.server.storage.dir = [/workdir/hadoop-ozone/integration-test/target/test-dir/MiniOzoneClusterImpl-844c3fa4-9b6f-47fc-a83e-e9a93d390c1e/datanode-1/data/ratis] (custom)
2019-09-05 11:08:58,230 [pool-599-thread-1] INFO  storage.RaftStorageDirectory (RaftStorageDirectory.java:analyzeStorage(246)) - The storage directory /workdir/hadoop-ozone/integration-test/target/test-dir/MiniOzoneClusterImpl-844c3fa4-9b6f-47fc-a83e-e9a93d390c1e/datanode-1/data/ratis/dbe41414-fa9c-40dd-8bd3-d5ae8263ea51 does not exist. Creating ...
2019-09-05 11:08:58,249 [IPC Server handler 2 on 43143] INFO  net.NetworkTopology (NetworkTopologyImpl.java:add(110)) - Added a new node: /default-rack/83e7b670-d8f5-4375-adb8-3b49caecfda0
2019-09-05 11:08:58,249 [IPC Server handler 2 on 43143] INFO  node.SCMNodeManager (SCMNodeManager.java:register(266)) - Registered Data node : 83e7b670-d8f5-4375-adb8-3b49caecfda0{ip: 192.168.36.83, host: pr-hdds-1561-gm47z-337254333, networkLocation: /default-rack, certSerialId: null}
2019-09-05 11:08:58,291 [pool-599-thread-1] INFO  storage.RaftStorageDirectory (RaftStorageDirectory.java:tryLock(328)) - Lock on /workdir/hadoop-ozone/integration-test/target/test-dir/MiniOzoneClusterImpl-844c3fa4-9b6f-47fc-a83e-e9a93d390c1e/datanode-1/data/ratis/dbe41414-fa9c-40dd-8bd3-d5ae8263ea51/in_use.lock acquired by nodename 23600@pr-hdds-1561-gm47z-337254333
2019-09-05 11:08:58,325 [IPC Server handler 1 on 43143] INFO  net.NetworkTopology (NetworkTopologyImpl.java:add(110)) - Added a new node: /default-rack/51496804-6984-4711-896a-dcdac4e82398
2019-09-05 11:08:58,325 [IPC Server handler 1 on 43143] INFO  node.SCMNodeManager (SCMNodeManager.java:register(266)) - Registered Data node : 51496804-6984-4711-896a-dcdac4e82398{ip: 192.168.36.83, host: pr-hdds-1561-gm47z-337254333, networkLocation: /default-rack, certSerialId: null}
2019-09-05 11:08:58,364 [pool-599-thread-1] INFO  storage.RaftStorage (RaftStorage.java:format(72)) - Storage directory /workdir/hadoop-ozone/integration-test/target/test-dir/MiniOzoneClusterImpl-844c3fa4-9b6f-47fc-a83e-e9a93d390c1e/datanode-1/data/ratis/dbe41414-fa9c-40dd-8bd3-d5ae8263ea51 has been successfully formatted.
2019-09-05 11:08:58,364 [pool-599-thread-1] INFO  ratis.ContainerStateMachine (ContainerStateMachine.java:loadSnapshot(232)) - group-D5AE8263EA51: The snapshot info is null. Setting the last applied indexto:(t:0, i:~)
2019-09-05 11:08:58,365 [pool-599-thread-1] INFO  server.RaftServerConfigKeys (ConfUtils.java:logGet(43)) - raft.server.notification.no-leader.timeout = 120s (custom)
2019-09-05 11:08:58,365 [pool-599-thread-1] INFO  server.RaftServerConfigKeys (ConfUtils.java:logGet(43)) - raft.server.log.use.memory = false (default)
2019-09-05 11:08:58,365 [pool-599-thread-1] INFO  server.RaftServerConfigKeys (ConfUtils.java:logGet(43)) - raft.server.log.purge.gap = 1000000 (custom)
2019-09-05 11:08:58,365 [pool-599-thread-1] INFO  server.RaftServerConfigKeys (ConfUtils.java:logGet(43)) - raft.server.log.appender.buffer.byte-limit = 33554432 (custom)
2019-09-05 11:08:58,365 [pool-599-thread-1] INFO  server.RaftServerConfigKeys (ConfUtils.java:logGet(43)) - raft.server.log.segment.size.max = 1048576 (custom)
2019-09-05 11:08:58,365 [pool-599-thread-1] INFO  server.RaftServerConfigKeys (ConfUtils.java:logGet(43)) - raft.server.log.segment.cache.num.max = 2 (custom)
2019-09-05 11:08:58,365 [pool-599-thread-1] INFO  segmented.SegmentedRaftLogWorker (SegmentedRaftLogWorker.java:<init>(172)) - new f298343a-9d6f-44c1-b3fe-897e14769cc7@group-D5AE8263EA51-SegmentedRaftLogWorker for RaftStorage:Storage Directory /workdir/hadoop-ozone/integration-test/target/test-dir/MiniOzoneClusterImpl-844c3fa4-9b6f-47fc-a83e-e9a93d390c1e/datanode-1/data/ratis/dbe41414-fa9c-40dd-8bd3-d5ae8263ea51
2019-09-05 11:08:58,367 [pool-599-thread-1] INFO  server.RaftServerConfigKeys (ConfUtils.java:logGet(43)) - raft.server.log.queue.byte-limit = 2147483647 (custom)
2019-09-05 11:08:58,367 [pool-599-thread-1] INFO  server.RaftServerConfigKeys (ConfUtils.java:logGet(43)) - raft.server.log.queue.element-limit = 1024 (custom)
2019-09-05 11:08:58,367 [pool-599-thread-1] INFO  server.RaftServerConfigKeys (ConfUtils.java:logGet(43)) - raft.server.log.segment.size.max = 1048576 (custom)
2019-09-05 11:08:58,367 [pool-599-thread-1] INFO  server.RaftServerConfigKeys (ConfUtils.java:logGet(43)) - raft.server.log.preallocated.size = 16384 (custom)
2019-09-05 11:08:58,367 [pool-599-thread-1] INFO  server.RaftServerConfigKeys (ConfUtils.java:logGet(43)) - raft.server.log.write.buffer.size = 33554432 (custom)
2019-09-05 11:08:58,367 [pool-599-thread-1] INFO  server.RaftServerConfigKeys (ConfUtils.java:logGet(43)) - raft.server.log.force.sync.num = 128 (default)
2019-09-05 11:08:58,367 [pool-599-thread-1] INFO  server.RaftServerConfigKeys (ConfUtils.java:logGet(43)) - raft.server.log.statemachine.data.sync = true (default)
2019-09-05 11:08:58,368 [pool-599-thread-1] INFO  server.RaftServerConfigKeys (ConfUtils.java:logGet(43)) - raft.server.log.statemachine.data.sync.timeout = 10s (default)
2019-09-05 11:08:58,368 [pool-599-thread-1] INFO  server.RaftServerConfigKeys (ConfUtils.java:logGet(43)) - raft.server.log.statemachine.data.sync.timeout.retry = -1 (default)
2019-09-05 11:08:58,368 [pool-599-thread-1] INFO  server.RaftServerConfigKeys (ConfUtils.java:logGet(43)) - raft.server.log.statemachine.data.caching.enabled = true (custom)
2019-09-05 11:08:58,368 [pool-599-thread-1] INFO  segmented.SegmentedRaftLogWorker (SegmentedRaftLogWorker.java:lambda$new$0(132)) - f298343a-9d6f-44c1-b3fe-897e14769cc7@group-D5AE8263EA51-SegmentedRaftLogWorker: flushIndex: setUnconditionally 0 -> -1
2019-09-05 11:08:58,368 [pool-599-thread-1] INFO  server.RaftServerConfigKeys (ConfUtils.java:logGet(43)) - raft.server.snapshot.auto.trigger.enabled = true (custom)
2019-09-05 11:08:58,369 [pool-599-thread-1] INFO  server.RaftServerConfigKeys (ConfUtils.java:logGet(43)) - raft.server.snapshot.auto.trigger.threshold = 10000 (custom)
2019-09-05 11:08:58,369 [pool-599-thread-1] INFO  server.RaftServerConfigKeys (ConfUtils.java:logGet(43)) - raft.server.snapshot.retention.num.files = -1 (default)
2019-09-05 11:08:58,369 [pool-599-thread-1] INFO  server.RaftServerConfigKeys (ConfUtils.java:logGet(43)) - raft.server.retrycache.expirytime = 600000ms (custom)
2019-09-05 11:08:58,370 [pool-599-thread-1] INFO  impl.RaftServerImpl (RaftServerImpl.java:start(185)) - f298343a-9d6f-44c1-b3fe-897e14769cc7@group-D5AE8263EA51: start as a follower, conf=-1: [f298343a-9d6f-44c1-b3fe-897e14769cc7:192.168.36.83:34398], old=null
2019-09-05 11:08:58,370 [pool-599-thread-1] INFO  impl.RaftServerImpl (RaftServerImpl.java:setRole(174)) - f298343a-9d6f-44c1-b3fe-897e14769cc7@group-D5AE8263EA51: changes role from      null to FOLLOWER at term 0 for startAsFollower
2019-09-05 11:08:58,370 [pool-599-thread-1] INFO  impl.RoleInfo (RoleInfo.java:updateAndGet(143)) - f298343a-9d6f-44c1-b3fe-897e14769cc7: start FollowerState
2019-09-05 11:08:58,371 [pool-599-thread-1] INFO  util.JmxRegister (JmxRegister.java:tryRegister(44)) - Successfully registered JMX Bean with object name Ratis:service=RaftServer,group=group-D5AE8263EA51,id=f298343a-9d6f-44c1-b3fe-897e14769cc7
2019-09-05 11:08:58,373 [RatisPipelineUtilsThread] INFO  pipeline.PipelineStateManager (PipelineStateManager.java:addPipeline(56)) - Created pipeline Pipeline[ Id: dbe41414-fa9c-40dd-8bd3-d5ae8263ea51, Nodes: f298343a-9d6f-44c1-b3fe-897e14769cc7{ip: 192.168.36.83, host: pr-hdds-1561-gm47z-337254333, networkLocation: /default-rack, certSerialId: null}, Type:RATIS, Factor:ONE, State:OPEN]
2019-09-05 11:08:58,383 [grpc-default-executor-10] INFO  impl.RaftServerProxy (RaftServerProxy.java:addNew(89)) - 51496804-6984-4711-896a-dcdac4e82398: addNew group-9D16D2E5D7A7:[51496804-6984-4711-896a-dcdac4e82398:192.168.36.83:32887] returns group-9D16D2E5D7A7:java.util.concurrent.CompletableFuture@3b584e04[Not completed]
2019-09-05 11:08:58,384 [pool-619-thread-1] INFO  impl.RaftServerImpl (RaftServerImpl.java:<init>(95)) - 51496804-6984-4711-896a-dcdac4e82398: new RaftServerImpl for group-9D16D2E5D7A7:[51496804-6984-4711-896a-dcdac4e82398:192.168.36.83:32887] with ContainerStateMachine:uninitialized
2019-09-05 11:08:58,384 [pool-619-thread-1] INFO  server.RaftServerConfigKeys (ConfUtils.java:logGet(43)) - raft.server.rpc.timeout.min = 5s (custom)
2019-09-05 11:08:58,384 [pool-619-thread-1] INFO  server.RaftServerConfigKeys (ConfUtils.java:logGet(43)) - raft.server.rpc.timeout.max = 5200ms (custom)
2019-09-05 11:08:58,385 [pool-619-thread-1] INFO  server.RaftServerConfigKeys (ConfUtils.java:logGet(43)) - raft.server.rpcslowness.timeout = 120s (custom)
2019-09-05 11:08:58,385 [pool-619-thread-1] INFO  server.RaftServerConfigKeys (ConfUtils.java:logGet(43)) - raft.server.sleep.deviation.threshold = 300 (default)
2019-09-05 11:08:58,385 [pool-619-thread-1] INFO  server.RaftServerConfigKeys (ConfUtils.java:logGet(43)) - raft.server.log.appender.install.snapshot.enabled = false (custom)
2019-09-05 11:08:58,385 [pool-619-thread-1] INFO  impl.RaftServerImpl (ServerState.java:<init>(103)) - 51496804-6984-4711-896a-dcdac4e82398@group-9D16D2E5D7A7: ConfigurationManager, init=-1: [51496804-6984-4711-896a-dcdac4e82398:192.168.36.83:32887], old=null, confs=<EMPTY_MAP>
2019-09-05 11:08:58,385 [pool-619-thread-1] INFO  server.RaftServerConfigKeys (ConfUtils.java:logGet(43)) - raft.server.storage.dir = [/workdir/hadoop-ozone/integration-test/target/test-dir/MiniOzoneClusterImpl-844c3fa4-9b6f-47fc-a83e-e9a93d390c1e/datanode-3/data/ratis] (custom)
2019-09-05 11:08:58,385 [pool-619-thread-1] INFO  storage.RaftStorageDirectory (RaftStorageDirectory.java:analyzeStorage(246)) - The storage directory /workdir/hadoop-ozone/integration-test/target/test-dir/MiniOzoneClusterImpl-844c3fa4-9b6f-47fc-a83e-e9a93d390c1e/datanode-3/data/ratis/c1c7e622-024e-4cf9-a3e1-9d16d2e5d7a7 does not exist. Creating ...
2019-09-05 11:08:58,414 [pool-619-thread-1] INFO  storage.RaftStorageDirectory (RaftStorageDirectory.java:tryLock(328)) - Lock on /workdir/hadoop-ozone/integration-test/target/test-dir/MiniOzoneClusterImpl-844c3fa4-9b6f-47fc-a83e-e9a93d390c1e/datanode-3/data/ratis/c1c7e622-024e-4cf9-a3e1-9d16d2e5d7a7/in_use.lock acquired by nodename 23600@pr-hdds-1561-gm47z-337254333
2019-09-05 11:08:58,420 [IPC Server handler 4 on 43143] INFO  net.NetworkTopology (NetworkTopologyImpl.java:add(110)) - Added a new node: /default-rack/1aa8c9aa-d82a-4fa9-80dc-356d427b97f3
2019-09-05 11:08:58,420 [IPC Server handler 4 on 43143] INFO  node.SCMNodeManager (SCMNodeManager.java:register(266)) - Registered Data node : 1aa8c9aa-d82a-4fa9-80dc-356d427b97f3{ip: 192.168.36.83, host: pr-hdds-1561-gm47z-337254333, networkLocation: /default-rack, certSerialId: null}
2019-09-05 11:08:58,476 [pool-619-thread-1] INFO  storage.RaftStorage (RaftStorage.java:format(72)) - Storage directory /workdir/hadoop-ozone/integration-test/target/test-dir/MiniOzoneClusterImpl-844c3fa4-9b6f-47fc-a83e-e9a93d390c1e/datanode-3/data/ratis/c1c7e622-024e-4cf9-a3e1-9d16d2e5d7a7 has been successfully formatted.
2019-09-05 11:08:58,476 [pool-619-thread-1] INFO  ratis.ContainerStateMachine (ContainerStateMachine.java:loadSnapshot(232)) - group-9D16D2E5D7A7: The snapshot info is null. Setting the last applied indexto:(t:0, i:~)
2019-09-05 11:08:58,477 [pool-619-thread-1] INFO  server.RaftServerConfigKeys (ConfUtils.java:logGet(43)) - raft.server.notification.no-leader.timeout = 120s (custom)
2019-09-05 11:08:58,477 [pool-619-thread-1] INFO  server.RaftServerConfigKeys (ConfUtils.java:logGet(43)) - raft.server.log.use.memory = false (default)
2019-09-05 11:08:58,477 [pool-619-thread-1] INFO  server.RaftServerConfigKeys (ConfUtils.java:logGet(43)) - raft.server.log.purge.gap = 1000000 (custom)
2019-09-05 11:08:58,477 [pool-619-thread-1] INFO  server.RaftServerConfigKeys (ConfUtils.java:logGet(43)) - raft.server.log.appender.buffer.byte-limit = 33554432 (custom)
2019-09-05 11:08:58,477 [pool-619-thread-1] INFO  server.RaftServerConfigKeys (ConfUtils.java:logGet(43)) - raft.server.log.segment.size.max = 1048576 (custom)
2019-09-05 11:08:58,477 [pool-619-thread-1] INFO  server.RaftServerConfigKeys (ConfUtils.java:logGet(43)) - raft.server.log.segment.cache.num.max = 2 (custom)
2019-09-05 11:08:58,478 [pool-619-thread-1] INFO  segmented.SegmentedRaftLogWorker (SegmentedRaftLogWorker.java:<init>(172)) - new 51496804-6984-4711-896a-dcdac4e82398@group-9D16D2E5D7A7-SegmentedRaftLogWorker for RaftStorage:Storage Directory /workdir/hadoop-ozone/integration-test/target/test-dir/MiniOzoneClusterImpl-844c3fa4-9b6f-47fc-a83e-e9a93d390c1e/datanode-3/data/ratis/c1c7e622-024e-4cf9-a3e1-9d16d2e5d7a7
2019-09-05 11:08:58,479 [pool-619-thread-1] INFO  server.RaftServerConfigKeys (ConfUtils.java:logGet(43)) - raft.server.log.queue.byte-limit = 2147483647 (custom)
2019-09-05 11:08:58,480 [pool-619-thread-1] INFO  server.RaftServerConfigKeys (ConfUtils.java:logGet(43)) - raft.server.log.queue.element-limit = 1024 (custom)
2019-09-05 11:08:58,480 [pool-619-thread-1] INFO  server.RaftServerConfigKeys (ConfUtils.java:logGet(43)) - raft.server.log.segment.size.max = 1048576 (custom)
2019-09-05 11:08:58,480 [pool-619-thread-1] INFO  server.RaftServerConfigKeys (ConfUtils.java:logGet(43)) - raft.server.log.preallocated.size = 16384 (custom)
2019-09-05 11:08:58,480 [pool-619-thread-1] INFO  server.RaftServerConfigKeys (ConfUtils.java:logGet(43)) - raft.server.log.write.buffer.size = 33554432 (custom)
2019-09-05 11:08:58,480 [pool-619-thread-1] INFO  server.RaftServerConfigKeys (ConfUtils.java:logGet(43)) - raft.server.log.force.sync.num = 128 (default)
2019-09-05 11:08:58,480 [pool-619-thread-1] INFO  server.RaftServerConfigKeys (ConfUtils.java:logGet(43)) - raft.server.log.statemachine.data.sync = true (default)
2019-09-05 11:08:58,481 [pool-619-thread-1] INFO  server.RaftServerConfigKeys (ConfUtils.java:logGet(43)) - raft.server.log.statemachine.data.sync.timeout = 10s (default)
2019-09-05 11:08:58,481 [pool-619-thread-1] INFO  server.RaftServerConfigKeys (ConfUtils.java:logGet(43)) - raft.server.log.statemachine.data.sync.timeout.retry = -1 (default)
2019-09-05 11:08:58,481 [pool-619-thread-1] INFO  server.RaftServerConfigKeys (ConfUtils.java:logGet(43)) - raft.server.log.statemachine.data.caching.enabled = true (custom)
2019-09-05 11:08:58,481 [pool-619-thread-1] INFO  segmented.SegmentedRaftLogWorker (SegmentedRaftLogWorker.java:lambda$new$0(132)) - 51496804-6984-4711-896a-dcdac4e82398@group-9D16D2E5D7A7-SegmentedRaftLogWorker: flushIndex: setUnconditionally 0 -> -1
2019-09-05 11:08:58,481 [pool-619-thread-1] INFO  server.RaftServerConfigKeys (ConfUtils.java:logGet(43)) - raft.server.snapshot.auto.trigger.enabled = true (custom)
2019-09-05 11:08:58,482 [pool-619-thread-1] INFO  server.RaftServerConfigKeys (ConfUtils.java:logGet(43)) - raft.server.snapshot.auto.trigger.threshold = 10000 (custom)
2019-09-05 11:08:58,482 [pool-619-thread-1] INFO  server.RaftServerConfigKeys (ConfUtils.java:logGet(43)) - raft.server.snapshot.retention.num.files = -1 (default)
2019-09-05 11:08:58,482 [pool-619-thread-1] INFO  server.RaftServerConfigKeys (ConfUtils.java:logGet(43)) - raft.server.retrycache.expirytime = 600000ms (custom)
2019-09-05 11:08:58,484 [pool-619-thread-1] INFO  impl.RaftServerImpl (RaftServerImpl.java:start(185)) - 51496804-6984-4711-896a-dcdac4e82398@group-9D16D2E5D7A7: start as a follower, conf=-1: [51496804-6984-4711-896a-dcdac4e82398:192.168.36.83:32887], old=null
2019-09-05 11:08:58,484 [pool-619-thread-1] INFO  impl.RaftServerImpl (RaftServerImpl.java:setRole(174)) - 51496804-6984-4711-896a-dcdac4e82398@group-9D16D2E5D7A7: changes role from      null to FOLLOWER at term 0 for startAsFollower
2019-09-05 11:08:58,484 [pool-619-thread-1] INFO  impl.RoleInfo (RoleInfo.java:updateAndGet(143)) - 51496804-6984-4711-896a-dcdac4e82398: start FollowerState
2019-09-05 11:08:58,484 [pool-619-thread-1] INFO  util.JmxRegister (JmxRegister.java:tryRegister(44)) - Successfully registered JMX Bean with object name Ratis:service=RaftServer,group=group-9D16D2E5D7A7,id=51496804-6984-4711-896a-dcdac4e82398
2019-09-05 11:08:58,486 [RatisPipelineUtilsThread] INFO  pipeline.PipelineStateManager (PipelineStateManager.java:addPipeline(56)) - Created pipeline Pipeline[ Id: c1c7e622-024e-4cf9-a3e1-9d16d2e5d7a7, Nodes: 51496804-6984-4711-896a-dcdac4e82398{ip: 192.168.36.83, host: pr-hdds-1561-gm47z-337254333, networkLocation: /default-rack, certSerialId: null}, Type:RATIS, Factor:ONE, State:OPEN]
2019-09-05 11:08:58,497 [grpc-default-executor-10] INFO  impl.RaftServerProxy (RaftServerProxy.java:addNew(89)) - 1aa8c9aa-d82a-4fa9-80dc-356d427b97f3: addNew group-947DA3E7CF48:[1aa8c9aa-d82a-4fa9-80dc-356d427b97f3:192.168.36.83:34970] returns group-947DA3E7CF48:java.util.concurrent.CompletableFuture@4117b7c9[Not completed]
2019-09-05 11:08:58,498 [pool-629-thread-1] INFO  impl.RaftServerImpl (RaftServerImpl.java:<init>(95)) - 1aa8c9aa-d82a-4fa9-80dc-356d427b97f3: new RaftServerImpl for group-947DA3E7CF48:[1aa8c9aa-d82a-4fa9-80dc-356d427b97f3:192.168.36.83:34970] with ContainerStateMachine:uninitialized
2019-09-05 11:08:58,498 [pool-629-thread-1] INFO  server.RaftServerConfigKeys (ConfUtils.java:logGet(43)) - raft.server.rpc.timeout.min = 5s (custom)
2019-09-05 11:08:58,498 [pool-629-thread-1] INFO  server.RaftServerConfigKeys (ConfUtils.java:logGet(43)) - raft.server.rpc.timeout.max = 5200ms (custom)
2019-09-05 11:08:58,498 [pool-629-thread-1] INFO  server.RaftServerConfigKeys (ConfUtils.java:logGet(43)) - raft.server.rpcslowness.timeout = 120s (custom)
2019-09-05 11:08:58,498 [pool-629-thread-1] INFO  server.RaftServerConfigKeys (ConfUtils.java:logGet(43)) - raft.server.sleep.deviation.threshold = 300 (default)
2019-09-05 11:08:58,499 [pool-629-thread-1] INFO  server.RaftServerConfigKeys (ConfUtils.java:logGet(43)) - raft.server.log.appender.install.snapshot.enabled = false (custom)
2019-09-05 11:08:58,499 [pool-629-thread-1] INFO  impl.RaftServerImpl (ServerState.java:<init>(103)) - 1aa8c9aa-d82a-4fa9-80dc-356d427b97f3@group-947DA3E7CF48: ConfigurationManager, init=-1: [1aa8c9aa-d82a-4fa9-80dc-356d427b97f3:192.168.36.83:34970], old=null, confs=<EMPTY_MAP>
2019-09-05 11:08:58,499 [pool-629-thread-1] INFO  server.RaftServerConfigKeys (ConfUtils.java:logGet(43)) - raft.server.storage.dir = [/workdir/hadoop-ozone/integration-test/target/test-dir/MiniOzoneClusterImpl-844c3fa4-9b6f-47fc-a83e-e9a93d390c1e/datanode-4/data/ratis] (custom)
2019-09-05 11:08:58,499 [pool-629-thread-1] INFO  storage.RaftStorageDirectory (RaftStorageDirectory.java:analyzeStorage(246)) - The storage directory /workdir/hadoop-ozone/integration-test/target/test-dir/MiniOzoneClusterImpl-844c3fa4-9b6f-47fc-a83e-e9a93d390c1e/datanode-4/data/ratis/29245f3a-b525-4b2a-b82a-947da3e7cf48 does not exist. Creating ...
2019-09-05 11:08:58,503 [IPC Server handler 5 on 43143] INFO  net.NetworkTopology (NetworkTopologyImpl.java:add(110)) - Added a new node: /default-rack/fa38275b-b6c1-4443-ac3f-7d574d73b3ca
2019-09-05 11:08:58,503 [IPC Server handler 5 on 43143] INFO  node.SCMNodeManager (SCMNodeManager.java:register(266)) - Registered Data node : fa38275b-b6c1-4443-ac3f-7d574d73b3ca{ip: 192.168.36.83, host: pr-hdds-1561-gm47z-337254333, networkLocation: /default-rack, certSerialId: null}
2019-09-05 11:08:58,534 [pool-629-thread-1] INFO  storage.RaftStorageDirectory (RaftStorageDirectory.java:tryLock(328)) - Lock on /workdir/hadoop-ozone/integration-test/target/test-dir/MiniOzoneClusterImpl-844c3fa4-9b6f-47fc-a83e-e9a93d390c1e/datanode-4/data/ratis/29245f3a-b525-4b2a-b82a-947da3e7cf48/in_use.lock acquired by nodename 23600@pr-hdds-1561-gm47z-337254333
2019-09-05 11:08:58,561 [pool-629-thread-1] INFO  storage.RaftStorage (RaftStorage.java:format(72)) - Storage directory /workdir/hadoop-ozone/integration-test/target/test-dir/MiniOzoneClusterImpl-844c3fa4-9b6f-47fc-a83e-e9a93d390c1e/datanode-4/data/ratis/29245f3a-b525-4b2a-b82a-947da3e7cf48 has been successfully formatted.
2019-09-05 11:08:58,562 [pool-629-thread-1] INFO  ratis.ContainerStateMachine (ContainerStateMachine.java:loadSnapshot(232)) - group-947DA3E7CF48: The snapshot info is null. Setting the last applied indexto:(t:0, i:~)
2019-09-05 11:08:58,562 [pool-629-thread-1] INFO  server.RaftServerConfigKeys (ConfUtils.java:logGet(43)) - raft.server.notification.no-leader.timeout = 120s (custom)
2019-09-05 11:08:58,562 [pool-629-thread-1] INFO  server.RaftServerConfigKeys (ConfUtils.java:logGet(43)) - raft.server.log.use.memory = false (default)
2019-09-05 11:08:58,562 [pool-629-thread-1] INFO  server.RaftServerConfigKeys (ConfUtils.java:logGet(43)) - raft.server.log.purge.gap = 1000000 (custom)
2019-09-05 11:08:58,562 [pool-629-thread-1] INFO  server.RaftServerConfigKeys (ConfUtils.java:logGet(43)) - raft.server.log.appender.buffer.byte-limit = 33554432 (custom)
2019-09-05 11:08:58,563 [pool-629-thread-1] INFO  server.RaftServerConfigKeys (ConfUtils.java:logGet(43)) - raft.server.log.segment.size.max = 1048576 (custom)
2019-09-05 11:08:58,563 [pool-629-thread-1] INFO  server.RaftServerConfigKeys (ConfUtils.java:logGet(43)) - raft.server.log.segment.cache.num.max = 2 (custom)
2019-09-05 11:08:58,563 [pool-629-thread-1] INFO  segmented.SegmentedRaftLogWorker (SegmentedRaftLogWorker.java:<init>(172)) - new 1aa8c9aa-d82a-4fa9-80dc-356d427b97f3@group-947DA3E7CF48-SegmentedRaftLogWorker for RaftStorage:Storage Directory /workdir/hadoop-ozone/integration-test/target/test-dir/MiniOzoneClusterImpl-844c3fa4-9b6f-47fc-a83e-e9a93d390c1e/datanode-4/data/ratis/29245f3a-b525-4b2a-b82a-947da3e7cf48
2019-09-05 11:08:58,564 [pool-629-thread-1] INFO  server.RaftServerConfigKeys (ConfUtils.java:logGet(43)) - raft.server.log.queue.byte-limit = 2147483647 (custom)
2019-09-05 11:08:58,564 [pool-629-thread-1] INFO  server.RaftServerConfigKeys (ConfUtils.java:logGet(43)) - raft.server.log.queue.element-limit = 1024 (custom)
2019-09-05 11:08:58,564 [pool-629-thread-1] INFO  server.RaftServerConfigKeys (ConfUtils.java:logGet(43)) - raft.server.log.segment.size.max = 1048576 (custom)
2019-09-05 11:08:58,565 [pool-629-thread-1] INFO  server.RaftServerConfigKeys (ConfUtils.java:logGet(43)) - raft.server.log.preallocated.size = 16384 (custom)
2019-09-05 11:08:58,565 [pool-629-thread-1] INFO  server.RaftServerConfigKeys (ConfUtils.java:logGet(43)) - raft.server.log.write.buffer.size = 33554432 (custom)
2019-09-05 11:08:58,565 [pool-629-thread-1] INFO  server.RaftServerConfigKeys (ConfUtils.java:logGet(43)) - raft.server.log.force.sync.num = 128 (default)
2019-09-05 11:08:58,565 [pool-629-thread-1] INFO  server.RaftServerConfigKeys (ConfUtils.java:logGet(43)) - raft.server.log.statemachine.data.sync = true (default)
2019-09-05 11:08:58,565 [pool-629-thread-1] INFO  server.RaftServerConfigKeys (ConfUtils.java:logGet(43)) - raft.server.log.statemachine.data.sync.timeout = 10s (default)
2019-09-05 11:08:58,565 [pool-629-thread-1] INFO  server.RaftServerConfigKeys (ConfUtils.java:logGet(43)) - raft.server.log.statemachine.data.sync.timeout.retry = -1 (default)
2019-09-05 11:08:58,565 [pool-629-thread-1] INFO  server.RaftServerConfigKeys (ConfUtils.java:logGet(43)) - raft.server.log.statemachine.data.caching.enabled = true (custom)
2019-09-05 11:08:58,565 [pool-629-thread-1] INFO  segmented.SegmentedRaftLogWorker (SegmentedRaftLogWorker.java:lambda$new$0(132)) - 1aa8c9aa-d82a-4fa9-80dc-356d427b97f3@group-947DA3E7CF48-SegmentedRaftLogWorker: flushIndex: setUnconditionally 0 -> -1
2019-09-05 11:08:58,566 [pool-629-thread-1] INFO  server.RaftServerConfigKeys (ConfUtils.java:logGet(43)) - raft.server.snapshot.auto.trigger.enabled = true (custom)
2019-09-05 11:08:58,566 [pool-629-thread-1] INFO  server.RaftServerConfigKeys (ConfUtils.java:logGet(43)) - raft.server.snapshot.auto.trigger.threshold = 10000 (custom)
2019-09-05 11:08:58,566 [pool-629-thread-1] INFO  server.RaftServerConfigKeys (ConfUtils.java:logGet(43)) - raft.server.snapshot.retention.num.files = -1 (default)
2019-09-05 11:08:58,566 [pool-629-thread-1] INFO  server.RaftServerConfigKeys (ConfUtils.java:logGet(43)) - raft.server.retrycache.expirytime = 600000ms (custom)
2019-09-05 11:08:58,567 [pool-629-thread-1] INFO  impl.RaftServerImpl (RaftServerImpl.java:start(185)) - 1aa8c9aa-d82a-4fa9-80dc-356d427b97f3@group-947DA3E7CF48: start as a follower, conf=-1: [1aa8c9aa-d82a-4fa9-80dc-356d427b97f3:192.168.36.83:34970], old=null
2019-09-05 11:08:58,567 [pool-629-thread-1] INFO  impl.RaftServerImpl (RaftServerImpl.java:setRole(174)) - 1aa8c9aa-d82a-4fa9-80dc-356d427b97f3@group-947DA3E7CF48: changes role from      null to FOLLOWER at term 0 for startAsFollower
2019-09-05 11:08:58,567 [pool-629-thread-1] INFO  impl.RoleInfo (RoleInfo.java:updateAndGet(143)) - 1aa8c9aa-d82a-4fa9-80dc-356d427b97f3: start FollowerState
2019-09-05 11:08:58,577 [pool-629-thread-1] INFO  util.JmxRegister (JmxRegister.java:tryRegister(44)) - Successfully registered JMX Bean with object name Ratis:service=RaftServer,group=group-947DA3E7CF48,id=1aa8c9aa-d82a-4fa9-80dc-356d427b97f3
2019-09-05 11:08:58,585 [main] INFO  ozone.MiniOzoneClusterImpl (MiniOzoneClusterImpl.java:lambda$waitForClusterToBeReady$0(140)) - Waiting for cluster to be ready. Got 6 of 7 DN Heartbeats.
2019-09-05 11:08:58,585 [IPC Server handler 7 on 43143] INFO  net.NetworkTopology (NetworkTopologyImpl.java:add(110)) - Added a new node: /default-rack/66668c9f-d169-4830-982b-36ce67e74237
2019-09-05 11:08:58,585 [IPC Server handler 7 on 43143] INFO  node.SCMNodeManager (SCMNodeManager.java:register(266)) - Registered Data node : 66668c9f-d169-4830-982b-36ce67e74237{ip: 192.168.36.83, host: pr-hdds-1561-gm47z-337254333, networkLocation: /default-rack, certSerialId: null}
2019-09-05 11:08:58,585 [RatisPipelineUtilsThread] INFO  pipeline.PipelineStateManager (PipelineStateManager.java:addPipeline(56)) - Created pipeline Pipeline[ Id: 29245f3a-b525-4b2a-b82a-947da3e7cf48, Nodes: 1aa8c9aa-d82a-4fa9-80dc-356d427b97f3{ip: 192.168.36.83, host: pr-hdds-1561-gm47z-337254333, networkLocation: /default-rack, certSerialId: null}, Type:RATIS, Factor:ONE, State:OPEN]
2019-09-05 11:08:58,598 [grpc-default-executor-10] INFO  impl.RaftServerProxy (RaftServerProxy.java:addNew(89)) - fa38275b-b6c1-4443-ac3f-7d574d73b3ca: addNew group-CF2D3D6AC4D1:[fa38275b-b6c1-4443-ac3f-7d574d73b3ca:192.168.36.83:40471] returns group-CF2D3D6AC4D1:java.util.concurrent.CompletableFuture@5ca81cb8[Not completed]
2019-09-05 11:08:58,599 [pool-639-thread-1] INFO  impl.RaftServerImpl (RaftServerImpl.java:<init>(95)) - fa38275b-b6c1-4443-ac3f-7d574d73b3ca: new RaftServerImpl for group-CF2D3D6AC4D1:[fa38275b-b6c1-4443-ac3f-7d574d73b3ca:192.168.36.83:40471] with ContainerStateMachine:uninitialized
2019-09-05 11:08:58,600 [pool-639-thread-1] INFO  server.RaftServerConfigKeys (ConfUtils.java:logGet(43)) - raft.server.rpc.timeout.min = 5s (custom)
2019-09-05 11:08:58,600 [pool-639-thread-1] INFO  server.RaftServerConfigKeys (ConfUtils.java:logGet(43)) - raft.server.rpc.timeout.max = 5200ms (custom)
2019-09-05 11:08:58,600 [pool-639-thread-1] INFO  server.RaftServerConfigKeys (ConfUtils.java:logGet(43)) - raft.server.rpcslowness.timeout = 120s (custom)
2019-09-05 11:08:58,600 [pool-639-thread-1] INFO  server.RaftServerConfigKeys (ConfUtils.java:logGet(43)) - raft.server.sleep.deviation.threshold = 300 (default)
2019-09-05 11:08:58,600 [pool-639-thread-1] INFO  server.RaftServerConfigKeys (ConfUtils.java:logGet(43)) - raft.server.log.appender.install.snapshot.enabled = false (custom)
2019-09-05 11:08:58,600 [pool-639-thread-1] INFO  impl.RaftServerImpl (ServerState.java:<init>(103)) - fa38275b-b6c1-4443-ac3f-7d574d73b3ca@group-CF2D3D6AC4D1: ConfigurationManager, init=-1: [fa38275b-b6c1-4443-ac3f-7d574d73b3ca:192.168.36.83:40471], old=null, confs=<EMPTY_MAP>
2019-09-05 11:08:58,600 [pool-639-thread-1] INFO  server.RaftServerConfigKeys (ConfUtils.java:logGet(43)) - raft.server.storage.dir = [/workdir/hadoop-ozone/integration-test/target/test-dir/MiniOzoneClusterImpl-844c3fa4-9b6f-47fc-a83e-e9a93d390c1e/datanode-5/data/ratis] (custom)
2019-09-05 11:08:58,600 [pool-639-thread-1] INFO  storage.RaftStorageDirectory (RaftStorageDirectory.java:analyzeStorage(246)) - The storage directory /workdir/hadoop-ozone/integration-test/target/test-dir/MiniOzoneClusterImpl-844c3fa4-9b6f-47fc-a83e-e9a93d390c1e/datanode-5/data/ratis/c6c495e3-c4de-4fd0-926f-cf2d3d6ac4d1 does not exist. Creating ...
2019-09-05 11:08:58,633 [pool-639-thread-1] INFO  storage.RaftStorageDirectory (RaftStorageDirectory.java:tryLock(328)) - Lock on /workdir/hadoop-ozone/integration-test/target/test-dir/MiniOzoneClusterImpl-844c3fa4-9b6f-47fc-a83e-e9a93d390c1e/datanode-5/data/ratis/c6c495e3-c4de-4fd0-926f-cf2d3d6ac4d1/in_use.lock acquired by nodename 23600@pr-hdds-1561-gm47z-337254333
2019-09-05 11:08:58,678 [pool-639-thread-1] INFO  storage.RaftStorage (RaftStorage.java:format(72)) - Storage directory /workdir/hadoop-ozone/integration-test/target/test-dir/MiniOzoneClusterImpl-844c3fa4-9b6f-47fc-a83e-e9a93d390c1e/datanode-5/data/ratis/c6c495e3-c4de-4fd0-926f-cf2d3d6ac4d1 has been successfully formatted.
2019-09-05 11:08:58,679 [pool-639-thread-1] INFO  ratis.ContainerStateMachine (ContainerStateMachine.java:loadSnapshot(232)) - group-CF2D3D6AC4D1: The snapshot info is null. Setting the last applied indexto:(t:0, i:~)
2019-09-05 11:08:58,679 [pool-639-thread-1] INFO  server.RaftServerConfigKeys (ConfUtils.java:logGet(43)) - raft.server.notification.no-leader.timeout = 120s (custom)
2019-09-05 11:08:58,679 [pool-639-thread-1] INFO  server.RaftServerConfigKeys (ConfUtils.java:logGet(43)) - raft.server.log.use.memory = false (default)
2019-09-05 11:08:58,679 [pool-639-thread-1] INFO  server.RaftServerConfigKeys (ConfUtils.java:logGet(43)) - raft.server.log.purge.gap = 1000000 (custom)
2019-09-05 11:08:58,679 [pool-639-thread-1] INFO  server.RaftServerConfigKeys (ConfUtils.java:logGet(43)) - raft.server.log.appender.buffer.byte-limit = 33554432 (custom)
2019-09-05 11:08:58,679 [pool-639-thread-1] INFO  server.RaftServerConfigKeys (ConfUtils.java:logGet(43)) - raft.server.log.segment.size.max = 1048576 (custom)
2019-09-05 11:08:58,679 [pool-639-thread-1] INFO  server.RaftServerConfigKeys (ConfUtils.java:logGet(43)) - raft.server.log.segment.cache.num.max = 2 (custom)
2019-09-05 11:08:58,680 [pool-639-thread-1] INFO  segmented.SegmentedRaftLogWorker (SegmentedRaftLogWorker.java:<init>(172)) - new fa38275b-b6c1-4443-ac3f-7d574d73b3ca@group-CF2D3D6AC4D1-SegmentedRaftLogWorker for RaftStorage:Storage Directory /workdir/hadoop-ozone/integration-test/target/test-dir/MiniOzoneClusterImpl-844c3fa4-9b6f-47fc-a83e-e9a93d390c1e/datanode-5/data/ratis/c6c495e3-c4de-4fd0-926f-cf2d3d6ac4d1
2019-09-05 11:08:58,681 [pool-639-thread-1] INFO  server.RaftServerConfigKeys (ConfUtils.java:logGet(43)) - raft.server.log.queue.byte-limit = 2147483647 (custom)
2019-09-05 11:08:58,681 [pool-639-thread-1] INFO  server.RaftServerConfigKeys (ConfUtils.java:logGet(43)) - raft.server.log.queue.element-limit = 1024 (custom)
2019-09-05 11:08:58,682 [pool-639-thread-1] INFO  server.RaftServerConfigKeys (ConfUtils.java:logGet(43)) - raft.server.log.segment.size.max = 1048576 (custom)
2019-09-05 11:08:58,682 [pool-639-thread-1] INFO  server.RaftServerConfigKeys (ConfUtils.java:logGet(43)) - raft.server.log.preallocated.size = 16384 (custom)
2019-09-05 11:08:58,682 [pool-639-thread-1] INFO  server.RaftServerConfigKeys (ConfUtils.java:logGet(43)) - raft.server.log.write.buffer.size = 33554432 (custom)
2019-09-05 11:08:58,682 [pool-639-thread-1] INFO  server.RaftServerConfigKeys (ConfUtils.java:logGet(43)) - raft.server.log.force.sync.num = 128 (default)
2019-09-05 11:08:58,682 [pool-639-thread-1] INFO  server.RaftServerConfigKeys (ConfUtils.java:logGet(43)) - raft.server.log.statemachine.data.sync = true (default)
2019-09-05 11:08:58,682 [pool-639-thread-1] INFO  server.RaftServerConfigKeys (ConfUtils.java:logGet(43)) - raft.server.log.statemachine.data.sync.timeout = 10s (default)
2019-09-05 11:08:58,682 [pool-639-thread-1] INFO  server.RaftServerConfigKeys (ConfUtils.java:logGet(43)) - raft.server.log.statemachine.data.sync.timeout.retry = -1 (default)
2019-09-05 11:08:58,682 [pool-639-thread-1] INFO  server.RaftServerConfigKeys (ConfUtils.java:logGet(43)) - raft.server.log.statemachine.data.caching.enabled = true (custom)
2019-09-05 11:08:58,683 [pool-639-thread-1] INFO  segmented.SegmentedRaftLogWorker (SegmentedRaftLogWorker.java:lambda$new$0(132)) - fa38275b-b6c1-4443-ac3f-7d574d73b3ca@group-CF2D3D6AC4D1-SegmentedRaftLogWorker: flushIndex: setUnconditionally 0 -> -1
2019-09-05 11:08:58,683 [pool-639-thread-1] INFO  server.RaftServerConfigKeys (ConfUtils.java:logGet(43)) - raft.server.snapshot.auto.trigger.enabled = true (custom)
2019-09-05 11:08:58,683 [pool-639-thread-1] INFO  server.RaftServerConfigKeys (ConfUtils.java:logGet(43)) - raft.server.snapshot.auto.trigger.threshold = 10000 (custom)
2019-09-05 11:08:58,683 [pool-639-thread-1] INFO  server.RaftServerConfigKeys (ConfUtils.java:logGet(43)) - raft.server.snapshot.retention.num.files = -1 (default)
2019-09-05 11:08:58,683 [pool-639-thread-1] INFO  server.RaftServerConfigKeys (ConfUtils.java:logGet(43)) - raft.server.retrycache.expirytime = 600000ms (custom)
2019-09-05 11:08:58,688 [pool-639-thread-1] INFO  impl.RaftServerImpl (RaftServerImpl.java:start(185)) - fa38275b-b6c1-4443-ac3f-7d574d73b3ca@group-CF2D3D6AC4D1: start as a follower, conf=-1: [fa38275b-b6c1-4443-ac3f-7d574d73b3ca:192.168.36.83:40471], old=null
2019-09-05 11:08:58,688 [pool-639-thread-1] INFO  impl.RaftServerImpl (RaftServerImpl.java:setRole(174)) - fa38275b-b6c1-4443-ac3f-7d574d73b3ca@group-CF2D3D6AC4D1: changes role from      null to FOLLOWER at term 0 for startAsFollower
2019-09-05 11:08:58,688 [pool-639-thread-1] INFO  impl.RoleInfo (RoleInfo.java:updateAndGet(143)) - fa38275b-b6c1-4443-ac3f-7d574d73b3ca: start FollowerState
2019-09-05 11:08:58,690 [pool-639-thread-1] INFO  util.JmxRegister (JmxRegister.java:tryRegister(44)) - Successfully registered JMX Bean with object name Ratis:service=RaftServer,group=group-CF2D3D6AC4D1,id=fa38275b-b6c1-4443-ac3f-7d574d73b3ca
2019-09-05 11:08:58,692 [RatisPipelineUtilsThread] INFO  pipeline.PipelineStateManager (PipelineStateManager.java:addPipeline(56)) - Created pipeline Pipeline[ Id: c6c495e3-c4de-4fd0-926f-cf2d3d6ac4d1, Nodes: fa38275b-b6c1-4443-ac3f-7d574d73b3ca{ip: 192.168.36.83, host: pr-hdds-1561-gm47z-337254333, networkLocation: /default-rack, certSerialId: null}, Type:RATIS, Factor:ONE, State:OPEN]
2019-09-05 11:08:58,697 [grpc-default-executor-10] INFO  impl.RaftServerProxy (RaftServerProxy.java:addNew(89)) - 66668c9f-d169-4830-982b-36ce67e74237: addNew group-A8EE43C316B9:[66668c9f-d169-4830-982b-36ce67e74237:192.168.36.83:35689] returns group-A8EE43C316B9:java.util.concurrent.CompletableFuture@68061c2b[Not completed]
2019-09-05 11:08:58,698 [pool-649-thread-1] INFO  impl.RaftServerImpl (RaftServerImpl.java:<init>(95)) - 66668c9f-d169-4830-982b-36ce67e74237: new RaftServerImpl for group-A8EE43C316B9:[66668c9f-d169-4830-982b-36ce67e74237:192.168.36.83:35689] with ContainerStateMachine:uninitialized
2019-09-05 11:08:58,698 [pool-649-thread-1] INFO  server.RaftServerConfigKeys (ConfUtils.java:logGet(43)) - raft.server.rpc.timeout.min = 5s (custom)
2019-09-05 11:08:58,698 [pool-649-thread-1] INFO  server.RaftServerConfigKeys (ConfUtils.java:logGet(43)) - raft.server.rpc.timeout.max = 5200ms (custom)
2019-09-05 11:08:58,698 [pool-649-thread-1] INFO  server.RaftServerConfigKeys (ConfUtils.java:logGet(43)) - raft.server.rpcslowness.timeout = 120s (custom)
2019-09-05 11:08:58,698 [pool-649-thread-1] INFO  server.RaftServerConfigKeys (ConfUtils.java:logGet(43)) - raft.server.sleep.deviation.threshold = 300 (default)
2019-09-05 11:08:58,698 [pool-649-thread-1] INFO  server.RaftServerConfigKeys (ConfUtils.java:logGet(43)) - raft.server.log.appender.install.snapshot.enabled = false (custom)
2019-09-05 11:08:58,698 [pool-649-thread-1] INFO  impl.RaftServerImpl (ServerState.java:<init>(103)) - 66668c9f-d169-4830-982b-36ce67e74237@group-A8EE43C316B9: ConfigurationManager, init=-1: [66668c9f-d169-4830-982b-36ce67e74237:192.168.36.83:35689], old=null, confs=<EMPTY_MAP>
2019-09-05 11:08:58,699 [pool-649-thread-1] INFO  server.RaftServerConfigKeys (ConfUtils.java:logGet(43)) - raft.server.storage.dir = [/workdir/hadoop-ozone/integration-test/target/test-dir/MiniOzoneClusterImpl-844c3fa4-9b6f-47fc-a83e-e9a93d390c1e/datanode-6/data/ratis] (custom)
2019-09-05 11:08:58,699 [pool-649-thread-1] INFO  storage.RaftStorageDirectory (RaftStorageDirectory.java:analyzeStorage(246)) - The storage directory /workdir/hadoop-ozone/integration-test/target/test-dir/MiniOzoneClusterImpl-844c3fa4-9b6f-47fc-a83e-e9a93d390c1e/datanode-6/data/ratis/7b1ccc92-9bf4-454d-b38d-a8ee43c316b9 does not exist. Creating ...
2019-09-05 11:08:58,719 [pool-649-thread-1] INFO  storage.RaftStorageDirectory (RaftStorageDirectory.java:tryLock(328)) - Lock on /workdir/hadoop-ozone/integration-test/target/test-dir/MiniOzoneClusterImpl-844c3fa4-9b6f-47fc-a83e-e9a93d390c1e/datanode-6/data/ratis/7b1ccc92-9bf4-454d-b38d-a8ee43c316b9/in_use.lock acquired by nodename 23600@pr-hdds-1561-gm47z-337254333
2019-09-05 11:08:58,760 [pool-649-thread-1] INFO  storage.RaftStorage (RaftStorage.java:format(72)) - Storage directory /workdir/hadoop-ozone/integration-test/target/test-dir/MiniOzoneClusterImpl-844c3fa4-9b6f-47fc-a83e-e9a93d390c1e/datanode-6/data/ratis/7b1ccc92-9bf4-454d-b38d-a8ee43c316b9 has been successfully formatted.
2019-09-05 11:08:58,761 [pool-649-thread-1] INFO  ratis.ContainerStateMachine (ContainerStateMachine.java:loadSnapshot(232)) - group-A8EE43C316B9: The snapshot info is null. Setting the last applied indexto:(t:0, i:~)
2019-09-05 11:08:58,761 [pool-649-thread-1] INFO  server.RaftServerConfigKeys (ConfUtils.java:logGet(43)) - raft.server.notification.no-leader.timeout = 120s (custom)
2019-09-05 11:08:58,761 [pool-649-thread-1] INFO  server.RaftServerConfigKeys (ConfUtils.java:logGet(43)) - raft.server.log.use.memory = false (default)
2019-09-05 11:08:58,761 [pool-649-thread-1] INFO  server.RaftServerConfigKeys (ConfUtils.java:logGet(43)) - raft.server.log.purge.gap = 1000000 (custom)
2019-09-05 11:08:58,761 [pool-649-thread-1] INFO  server.RaftServerConfigKeys (ConfUtils.java:logGet(43)) - raft.server.log.appender.buffer.byte-limit = 33554432 (custom)
2019-09-05 11:08:58,761 [pool-649-thread-1] INFO  server.RaftServerConfigKeys (ConfUtils.java:logGet(43)) - raft.server.log.segment.size.max = 1048576 (custom)
2019-09-05 11:08:58,762 [pool-649-thread-1] INFO  server.RaftServerConfigKeys (ConfUtils.java:logGet(43)) - raft.server.log.segment.cache.num.max = 2 (custom)
2019-09-05 11:08:58,762 [pool-649-thread-1] INFO  segmented.SegmentedRaftLogWorker (SegmentedRaftLogWorker.java:<init>(172)) - new 66668c9f-d169-4830-982b-36ce67e74237@group-A8EE43C316B9-SegmentedRaftLogWorker for RaftStorage:Storage Directory /workdir/hadoop-ozone/integration-test/target/test-dir/MiniOzoneClusterImpl-844c3fa4-9b6f-47fc-a83e-e9a93d390c1e/datanode-6/data/ratis/7b1ccc92-9bf4-454d-b38d-a8ee43c316b9
2019-09-05 11:08:58,763 [pool-649-thread-1] INFO  server.RaftServerConfigKeys (ConfUtils.java:logGet(43)) - raft.server.log.queue.byte-limit = 2147483647 (custom)
2019-09-05 11:08:58,763 [pool-649-thread-1] INFO  server.RaftServerConfigKeys (ConfUtils.java:logGet(43)) - raft.server.log.queue.element-limit = 1024 (custom)
2019-09-05 11:08:58,764 [pool-649-thread-1] INFO  server.RaftServerConfigKeys (ConfUtils.java:logGet(43)) - raft.server.log.segment.size.max = 1048576 (custom)
2019-09-05 11:08:58,764 [pool-649-thread-1] INFO  server.RaftServerConfigKeys (ConfUtils.java:logGet(43)) - raft.server.log.preallocated.size = 16384 (custom)
2019-09-05 11:08:58,764 [pool-649-thread-1] INFO  server.RaftServerConfigKeys (ConfUtils.java:logGet(43)) - raft.server.log.write.buffer.size = 33554432 (custom)
2019-09-05 11:08:58,764 [pool-649-thread-1] INFO  server.RaftServerConfigKeys (ConfUtils.java:logGet(43)) - raft.server.log.force.sync.num = 128 (default)
2019-09-05 11:08:58,764 [pool-649-thread-1] INFO  server.RaftServerConfigKeys (ConfUtils.java:logGet(43)) - raft.server.log.statemachine.data.sync = true (default)
2019-09-05 11:08:58,764 [pool-649-thread-1] INFO  server.RaftServerConfigKeys (ConfUtils.java:logGet(43)) - raft.server.log.statemachine.data.sync.timeout = 10s (default)
2019-09-05 11:08:58,764 [pool-649-thread-1] INFO  server.RaftServerConfigKeys (ConfUtils.java:logGet(43)) - raft.server.log.statemachine.data.sync.timeout.retry = -1 (default)
2019-09-05 11:08:58,765 [pool-649-thread-1] INFO  server.RaftServerConfigKeys (ConfUtils.java:logGet(43)) - raft.server.log.statemachine.data.caching.enabled = true (custom)
2019-09-05 11:08:58,765 [pool-649-thread-1] INFO  segmented.SegmentedRaftLogWorker (SegmentedRaftLogWorker.java:lambda$new$0(132)) - 66668c9f-d169-4830-982b-36ce67e74237@group-A8EE43C316B9-SegmentedRaftLogWorker: flushIndex: setUnconditionally 0 -> -1
2019-09-05 11:08:58,765 [pool-649-thread-1] INFO  server.RaftServerConfigKeys (ConfUtils.java:logGet(43)) - raft.server.snapshot.auto.trigger.enabled = true (custom)
2019-09-05 11:08:58,765 [pool-649-thread-1] INFO  server.RaftServerConfigKeys (ConfUtils.java:logGet(43)) - raft.server.snapshot.auto.trigger.threshold = 10000 (custom)
2019-09-05 11:08:58,765 [pool-649-thread-1] INFO  server.RaftServerConfigKeys (ConfUtils.java:logGet(43)) - raft.server.snapshot.retention.num.files = -1 (default)
2019-09-05 11:08:58,765 [pool-649-thread-1] INFO  server.RaftServerConfigKeys (ConfUtils.java:logGet(43)) - raft.server.retrycache.expirytime = 600000ms (custom)
2019-09-05 11:08:58,767 [pool-649-thread-1] INFO  impl.RaftServerImpl (RaftServerImpl.java:start(185)) - 66668c9f-d169-4830-982b-36ce67e74237@group-A8EE43C316B9: start as a follower, conf=-1: [66668c9f-d169-4830-982b-36ce67e74237:192.168.36.83:35689], old=null
2019-09-05 11:08:58,767 [pool-649-thread-1] INFO  impl.RaftServerImpl (RaftServerImpl.java:setRole(174)) - 66668c9f-d169-4830-982b-36ce67e74237@group-A8EE43C316B9: changes role from      null to FOLLOWER at term 0 for startAsFollower
2019-09-05 11:08:58,767 [pool-649-thread-1] INFO  impl.RoleInfo (RoleInfo.java:updateAndGet(143)) - 66668c9f-d169-4830-982b-36ce67e74237: start FollowerState
2019-09-05 11:08:58,767 [pool-649-thread-1] INFO  util.JmxRegister (JmxRegister.java:tryRegister(44)) - Successfully registered JMX Bean with object name Ratis:service=RaftServer,group=group-A8EE43C316B9,id=66668c9f-d169-4830-982b-36ce67e74237
2019-09-05 11:08:58,769 [RatisPipelineUtilsThread] INFO  pipeline.PipelineStateManager (PipelineStateManager.java:addPipeline(56)) - Created pipeline Pipeline[ Id: 7b1ccc92-9bf4-454d-b38d-a8ee43c316b9, Nodes: 66668c9f-d169-4830-982b-36ce67e74237{ip: 192.168.36.83, host: pr-hdds-1561-gm47z-337254333, networkLocation: /default-rack, certSerialId: null}, Type:RATIS, Factor:ONE, State:OPEN]
2019-09-05 11:08:58,775 [grpc-default-executor-10] INFO  impl.RaftServerProxy (RaftServerProxy.java:addNew(89)) - 83e7b670-d8f5-4375-adb8-3b49caecfda0: addNew group-BE70AAC74FCC:[83e7b670-d8f5-4375-adb8-3b49caecfda0:192.168.36.83:41766] returns group-BE70AAC74FCC:java.util.concurrent.CompletableFuture@540960f0[Not completed]
2019-09-05 11:08:58,776 [pool-609-thread-1] INFO  impl.RaftServerImpl (RaftServerImpl.java:<init>(95)) - 83e7b670-d8f5-4375-adb8-3b49caecfda0: new RaftServerImpl for group-BE70AAC74FCC:[83e7b670-d8f5-4375-adb8-3b49caecfda0:192.168.36.83:41766] with ContainerStateMachine:uninitialized
2019-09-05 11:08:58,776 [pool-609-thread-1] INFO  server.RaftServerConfigKeys (ConfUtils.java:logGet(43)) - raft.server.rpc.timeout.min = 5s (custom)
2019-09-05 11:08:58,776 [pool-609-thread-1] INFO  server.RaftServerConfigKeys (ConfUtils.java:logGet(43)) - raft.server.rpc.timeout.max = 5200ms (custom)
2019-09-05 11:08:58,777 [pool-609-thread-1] INFO  server.RaftServerConfigKeys (ConfUtils.java:logGet(43)) - raft.server.rpcslowness.timeout = 120s (custom)
2019-09-05 11:08:58,777 [pool-609-thread-1] INFO  server.RaftServerConfigKeys (ConfUtils.java:logGet(43)) - raft.server.sleep.deviation.threshold = 300 (default)
2019-09-05 11:08:58,777 [pool-609-thread-1] INFO  server.RaftServerConfigKeys (ConfUtils.java:logGet(43)) - raft.server.log.appender.install.snapshot.enabled = false (custom)
2019-09-05 11:08:58,777 [pool-609-thread-1] INFO  impl.RaftServerImpl (ServerState.java:<init>(103)) - 83e7b670-d8f5-4375-adb8-3b49caecfda0@group-BE70AAC74FCC: ConfigurationManager, init=-1: [83e7b670-d8f5-4375-adb8-3b49caecfda0:192.168.36.83:41766], old=null, confs=<EMPTY_MAP>
2019-09-05 11:08:58,777 [pool-609-thread-1] INFO  server.RaftServerConfigKeys (ConfUtils.java:logGet(43)) - raft.server.storage.dir = [/workdir/hadoop-ozone/integration-test/target/test-dir/MiniOzoneClusterImpl-844c3fa4-9b6f-47fc-a83e-e9a93d390c1e/datanode-2/data/ratis] (custom)
2019-09-05 11:08:58,777 [pool-609-thread-1] INFO  storage.RaftStorageDirectory (RaftStorageDirectory.java:analyzeStorage(246)) - The storage directory /workdir/hadoop-ozone/integration-test/target/test-dir/MiniOzoneClusterImpl-844c3fa4-9b6f-47fc-a83e-e9a93d390c1e/datanode-2/data/ratis/76974db5-0e91-4213-814d-be70aac74fcc does not exist. Creating ...
2019-09-05 11:08:58,805 [pool-609-thread-1] INFO  storage.RaftStorageDirectory (RaftStorageDirectory.java:tryLock(328)) - Lock on /workdir/hadoop-ozone/integration-test/target/test-dir/MiniOzoneClusterImpl-844c3fa4-9b6f-47fc-a83e-e9a93d390c1e/datanode-2/data/ratis/76974db5-0e91-4213-814d-be70aac74fcc/in_use.lock acquired by nodename 23600@pr-hdds-1561-gm47z-337254333
2019-09-05 11:08:58,836 [pool-609-thread-1] INFO  storage.RaftStorage (RaftStorage.java:format(72)) - Storage directory /workdir/hadoop-ozone/integration-test/target/test-dir/MiniOzoneClusterImpl-844c3fa4-9b6f-47fc-a83e-e9a93d390c1e/datanode-2/data/ratis/76974db5-0e91-4213-814d-be70aac74fcc has been successfully formatted.
2019-09-05 11:08:58,836 [pool-609-thread-1] INFO  ratis.ContainerStateMachine (ContainerStateMachine.java:loadSnapshot(232)) - group-BE70AAC74FCC: The snapshot info is null. Setting the last applied indexto:(t:0, i:~)
2019-09-05 11:08:58,836 [pool-609-thread-1] INFO  server.RaftServerConfigKeys (ConfUtils.java:logGet(43)) - raft.server.notification.no-leader.timeout = 120s (custom)
2019-09-05 11:08:58,836 [pool-609-thread-1] INFO  server.RaftServerConfigKeys (ConfUtils.java:logGet(43)) - raft.server.log.use.memory = false (default)
2019-09-05 11:08:58,836 [pool-609-thread-1] INFO  server.RaftServerConfigKeys (ConfUtils.java:logGet(43)) - raft.server.log.purge.gap = 1000000 (custom)
2019-09-05 11:08:58,836 [pool-609-thread-1] INFO  server.RaftServerConfigKeys (ConfUtils.java:logGet(43)) - raft.server.log.appender.buffer.byte-limit = 33554432 (custom)
2019-09-05 11:08:58,836 [pool-609-thread-1] INFO  server.RaftServerConfigKeys (ConfUtils.java:logGet(43)) - raft.server.log.segment.size.max = 1048576 (custom)
2019-09-05 11:08:58,837 [pool-609-thread-1] INFO  server.RaftServerConfigKeys (ConfUtils.java:logGet(43)) - raft.server.log.segment.cache.num.max = 2 (custom)
2019-09-05 11:08:58,837 [pool-609-thread-1] INFO  segmented.SegmentedRaftLogWorker (SegmentedRaftLogWorker.java:<init>(172)) - new 83e7b670-d8f5-4375-adb8-3b49caecfda0@group-BE70AAC74FCC-SegmentedRaftLogWorker for RaftStorage:Storage Directory /workdir/hadoop-ozone/integration-test/target/test-dir/MiniOzoneClusterImpl-844c3fa4-9b6f-47fc-a83e-e9a93d390c1e/datanode-2/data/ratis/76974db5-0e91-4213-814d-be70aac74fcc
2019-09-05 11:08:58,838 [pool-609-thread-1] INFO  server.RaftServerConfigKeys (ConfUtils.java:logGet(43)) - raft.server.log.queue.byte-limit = 2147483647 (custom)
2019-09-05 11:08:58,838 [pool-609-thread-1] INFO  server.RaftServerConfigKeys (ConfUtils.java:logGet(43)) - raft.server.log.queue.element-limit = 1024 (custom)
2019-09-05 11:08:58,839 [pool-609-thread-1] INFO  server.RaftServerConfigKeys (ConfUtils.java:logGet(43)) - raft.server.log.segment.size.max = 1048576 (custom)
2019-09-05 11:08:58,839 [pool-609-thread-1] INFO  server.RaftServerConfigKeys (ConfUtils.java:logGet(43)) - raft.server.log.preallocated.size = 16384 (custom)
2019-09-05 11:08:58,839 [pool-609-thread-1] INFO  server.RaftServerConfigKeys (ConfUtils.java:logGet(43)) - raft.server.log.write.buffer.size = 33554432 (custom)
2019-09-05 11:08:58,839 [pool-609-thread-1] INFO  server.RaftServerConfigKeys (ConfUtils.java:logGet(43)) - raft.server.log.force.sync.num = 128 (default)
2019-09-05 11:08:58,839 [pool-609-thread-1] INFO  server.RaftServerConfigKeys (ConfUtils.java:logGet(43)) - raft.server.log.statemachine.data.sync = true (default)
2019-09-05 11:08:58,839 [pool-609-thread-1] INFO  server.RaftServerConfigKeys (ConfUtils.java:logGet(43)) - raft.server.log.statemachine.data.sync.timeout = 10s (default)
2019-09-05 11:08:58,839 [pool-609-thread-1] INFO  server.RaftServerConfigKeys (ConfUtils.java:logGet(43)) - raft.server.log.statemachine.data.sync.timeout.retry = -1 (default)
2019-09-05 11:08:58,839 [pool-609-thread-1] INFO  server.RaftServerConfigKeys (ConfUtils.java:logGet(43)) - raft.server.log.statemachine.data.caching.enabled = true (custom)
2019-09-05 11:08:58,840 [pool-609-thread-1] INFO  segmented.SegmentedRaftLogWorker (SegmentedRaftLogWorker.java:lambda$new$0(132)) - 83e7b670-d8f5-4375-adb8-3b49caecfda0@group-BE70AAC74FCC-SegmentedRaftLogWorker: flushIndex: setUnconditionally 0 -> -1
2019-09-05 11:08:58,840 [pool-609-thread-1] INFO  server.RaftServerConfigKeys (ConfUtils.java:logGet(43)) - raft.server.snapshot.auto.trigger.enabled = true (custom)
2019-09-05 11:08:58,840 [pool-609-thread-1] INFO  server.RaftServerConfigKeys (ConfUtils.java:logGet(43)) - raft.server.snapshot.auto.trigger.threshold = 10000 (custom)
2019-09-05 11:08:58,840 [pool-609-thread-1] INFO  server.RaftServerConfigKeys (ConfUtils.java:logGet(43)) - raft.server.snapshot.retention.num.files = -1 (default)
2019-09-05 11:08:58,840 [pool-609-thread-1] INFO  server.RaftServerConfigKeys (ConfUtils.java:logGet(43)) - raft.server.retrycache.expirytime = 600000ms (custom)
2019-09-05 11:08:58,842 [pool-609-thread-1] INFO  impl.RaftServerImpl (RaftServerImpl.java:start(185)) - 83e7b670-d8f5-4375-adb8-3b49caecfda0@group-BE70AAC74FCC: start as a follower, conf=-1: [83e7b670-d8f5-4375-adb8-3b49caecfda0:192.168.36.83:41766], old=null
2019-09-05 11:08:58,842 [pool-609-thread-1] INFO  impl.RaftServerImpl (RaftServerImpl.java:setRole(174)) - 83e7b670-d8f5-4375-adb8-3b49caecfda0@group-BE70AAC74FCC: changes role from      null to FOLLOWER at term 0 for startAsFollower
2019-09-05 11:08:58,842 [pool-609-thread-1] INFO  impl.RoleInfo (RoleInfo.java:updateAndGet(143)) - 83e7b670-d8f5-4375-adb8-3b49caecfda0: start FollowerState
2019-09-05 11:08:58,843 [pool-609-thread-1] INFO  util.JmxRegister (JmxRegister.java:tryRegister(44)) - Successfully registered JMX Bean with object name Ratis:service=RaftServer,group=group-BE70AAC74FCC,id=83e7b670-d8f5-4375-adb8-3b49caecfda0
2019-09-05 11:08:58,844 [RatisPipelineUtilsThread] INFO  pipeline.PipelineStateManager (PipelineStateManager.java:addPipeline(56)) - Created pipeline Pipeline[ Id: 76974db5-0e91-4213-814d-be70aac74fcc, Nodes: 83e7b670-d8f5-4375-adb8-3b49caecfda0{ip: 192.168.36.83, host: pr-hdds-1561-gm47z-337254333, networkLocation: /default-rack, certSerialId: null}, Type:RATIS, Factor:ONE, State:OPEN]
2019-09-05 11:08:58,856 [grpc-default-executor-6] INFO  impl.RaftServerProxy (RaftServerProxy.java:addNew(89)) - 9fc77e25-aa5c-460f-a7c3-4d68bf1388cb: addNew group-4349743B73F7:[66668c9f-d169-4830-982b-36ce67e74237:192.168.36.83:35689, 9fc77e25-aa5c-460f-a7c3-4d68bf1388cb:192.168.36.83:45703, fa38275b-b6c1-4443-ac3f-7d574d73b3ca:192.168.36.83:40471] returns group-4349743B73F7:java.util.concurrent.CompletableFuture@ca580bf[Not completed]
2019-09-05 11:08:58,856 [grpc-default-executor-10] INFO  impl.RaftServerProxy (RaftServerProxy.java:addNew(89)) - 66668c9f-d169-4830-982b-36ce67e74237: addNew group-4349743B73F7:[66668c9f-d169-4830-982b-36ce67e74237:192.168.36.83:35689, 9fc77e25-aa5c-460f-a7c3-4d68bf1388cb:192.168.36.83:45703, fa38275b-b6c1-4443-ac3f-7d574d73b3ca:192.168.36.83:40471] returns group-4349743B73F7:java.util.concurrent.CompletableFuture@44ab653f[Not completed]
2019-09-05 11:08:58,856 [grpc-default-executor-9] INFO  impl.RaftServerProxy (RaftServerProxy.java:addNew(89)) - fa38275b-b6c1-4443-ac3f-7d574d73b3ca: addNew group-4349743B73F7:[66668c9f-d169-4830-982b-36ce67e74237:192.168.36.83:35689, 9fc77e25-aa5c-460f-a7c3-4d68bf1388cb:192.168.36.83:45703, fa38275b-b6c1-4443-ac3f-7d574d73b3ca:192.168.36.83:40471] returns group-4349743B73F7:java.util.concurrent.CompletableFuture@11447bdf[Not completed]
2019-09-05 11:08:58,857 [pool-589-thread-1] INFO  impl.RaftServerImpl (RaftServerImpl.java:<init>(95)) - 9fc77e25-aa5c-460f-a7c3-4d68bf1388cb: new RaftServerImpl for group-4349743B73F7:[66668c9f-d169-4830-982b-36ce67e74237:192.168.36.83:35689, 9fc77e25-aa5c-460f-a7c3-4d68bf1388cb:192.168.36.83:45703, fa38275b-b6c1-4443-ac3f-7d574d73b3ca:192.168.36.83:40471] with ContainerStateMachine:uninitialized
2019-09-05 11:08:58,857 [pool-589-thread-1] INFO  server.RaftServerConfigKeys (ConfUtils.java:logGet(43)) - raft.server.rpc.timeout.min = 5s (custom)
2019-09-05 11:08:58,858 [pool-589-thread-1] INFO  server.RaftServerConfigKeys (ConfUtils.java:logGet(43)) - raft.server.rpc.timeout.max = 5200ms (custom)
2019-09-05 11:08:58,858 [pool-589-thread-1] INFO  server.RaftServerConfigKeys (ConfUtils.java:logGet(43)) - raft.server.rpcslowness.timeout = 120s (custom)
2019-09-05 11:08:58,858 [pool-589-thread-1] INFO  server.RaftServerConfigKeys (ConfUtils.java:logGet(43)) - raft.server.sleep.deviation.threshold = 300 (default)
2019-09-05 11:08:58,858 [pool-639-thread-1] INFO  impl.RaftServerImpl (RaftServerImpl.java:<init>(95)) - fa38275b-b6c1-4443-ac3f-7d574d73b3ca: new RaftServerImpl for group-4349743B73F7:[66668c9f-d169-4830-982b-36ce67e74237:192.168.36.83:35689, 9fc77e25-aa5c-460f-a7c3-4d68bf1388cb:192.168.36.83:45703, fa38275b-b6c1-4443-ac3f-7d574d73b3ca:192.168.36.83:40471] with ContainerStateMachine:uninitialized
2019-09-05 11:08:58,858 [pool-589-thread-1] INFO  server.RaftServerConfigKeys (ConfUtils.java:logGet(43)) - raft.server.log.appender.install.snapshot.enabled = false (custom)
2019-09-05 11:08:58,858 [pool-639-thread-1] INFO  server.RaftServerConfigKeys (ConfUtils.java:logGet(43)) - raft.server.rpc.timeout.min = 5s (custom)
2019-09-05 11:08:58,858 [pool-589-thread-1] INFO  impl.RaftServerImpl (ServerState.java:<init>(103)) - 9fc77e25-aa5c-460f-a7c3-4d68bf1388cb@group-4349743B73F7: ConfigurationManager, init=-1: [66668c9f-d169-4830-982b-36ce67e74237:192.168.36.83:35689, 9fc77e25-aa5c-460f-a7c3-4d68bf1388cb:192.168.36.83:45703, fa38275b-b6c1-4443-ac3f-7d574d73b3ca:192.168.36.83:40471], old=null, confs=<EMPTY_MAP>
2019-09-05 11:08:58,858 [pool-639-thread-1] INFO  server.RaftServerConfigKeys (ConfUtils.java:logGet(43)) - raft.server.rpc.timeout.max = 5200ms (custom)
2019-09-05 11:08:58,858 [pool-589-thread-1] INFO  server.RaftServerConfigKeys (ConfUtils.java:logGet(43)) - raft.server.storage.dir = [/workdir/hadoop-ozone/integration-test/target/test-dir/MiniOzoneClusterImpl-844c3fa4-9b6f-47fc-a83e-e9a93d390c1e/datanode-0/data/ratis] (custom)
2019-09-05 11:08:58,858 [pool-649-thread-1] INFO  impl.RaftServerImpl (RaftServerImpl.java:<init>(95)) - 66668c9f-d169-4830-982b-36ce67e74237: new RaftServerImpl for group-4349743B73F7:[66668c9f-d169-4830-982b-36ce67e74237:192.168.36.83:35689, 9fc77e25-aa5c-460f-a7c3-4d68bf1388cb:192.168.36.83:45703, fa38275b-b6c1-4443-ac3f-7d574d73b3ca:192.168.36.83:40471] with ContainerStateMachine:uninitialized
2019-09-05 11:08:58,858 [pool-639-thread-1] INFO  server.RaftServerConfigKeys (ConfUtils.java:logGet(43)) - raft.server.rpcslowness.timeout = 120s (custom)
2019-09-05 11:08:58,859 [pool-589-thread-1] INFO  storage.RaftStorageDirectory (RaftStorageDirectory.java:analyzeStorage(246)) - The storage directory /workdir/hadoop-ozone/integration-test/target/test-dir/MiniOzoneClusterImpl-844c3fa4-9b6f-47fc-a83e-e9a93d390c1e/datanode-0/data/ratis/9a3bb825-394a-494f-8ea0-4349743b73f7 does not exist. Creating ...
2019-09-05 11:08:58,859 [pool-649-thread-1] INFO  server.RaftServerConfigKeys (ConfUtils.java:logGet(43)) - raft.server.rpc.timeout.min = 5s (custom)
2019-09-05 11:08:58,859 [pool-639-thread-1] INFO  server.RaftServerConfigKeys (ConfUtils.java:logGet(43)) - raft.server.sleep.deviation.threshold = 300 (default)
2019-09-05 11:08:58,859 [pool-649-thread-1] INFO  server.RaftServerConfigKeys (ConfUtils.java:logGet(43)) - raft.server.rpc.timeout.max = 5200ms (custom)
2019-09-05 11:08:58,859 [pool-639-thread-1] INFO  server.RaftServerConfigKeys (ConfUtils.java:logGet(43)) - raft.server.log.appender.install.snapshot.enabled = false (custom)
2019-09-05 11:08:58,859 [pool-649-thread-1] INFO  server.RaftServerConfigKeys (ConfUtils.java:logGet(43)) - raft.server.rpcslowness.timeout = 120s (custom)
2019-09-05 11:08:58,859 [pool-639-thread-1] INFO  impl.RaftServerImpl (ServerState.java:<init>(103)) - fa38275b-b6c1-4443-ac3f-7d574d73b3ca@group-4349743B73F7: ConfigurationManager, init=-1: [66668c9f-d169-4830-982b-36ce67e74237:192.168.36.83:35689, 9fc77e25-aa5c-460f-a7c3-4d68bf1388cb:192.168.36.83:45703, fa38275b-b6c1-4443-ac3f-7d574d73b3ca:192.168.36.83:40471], old=null, confs=<EMPTY_MAP>
2019-09-05 11:08:58,859 [pool-649-thread-1] INFO  server.RaftServerConfigKeys (ConfUtils.java:logGet(43)) - raft.server.sleep.deviation.threshold = 300 (default)
2019-09-05 11:08:58,860 [pool-639-thread-1] INFO  server.RaftServerConfigKeys (ConfUtils.java:logGet(43)) - raft.server.storage.dir = [/workdir/hadoop-ozone/integration-test/target/test-dir/MiniOzoneClusterImpl-844c3fa4-9b6f-47fc-a83e-e9a93d390c1e/datanode-5/data/ratis] (custom)
2019-09-05 11:08:58,860 [pool-649-thread-1] INFO  server.RaftServerConfigKeys (ConfUtils.java:logGet(43)) - raft.server.log.appender.install.snapshot.enabled = false (custom)
2019-09-05 11:08:58,860 [pool-649-thread-1] INFO  impl.RaftServerImpl (ServerState.java:<init>(103)) - 66668c9f-d169-4830-982b-36ce67e74237@group-4349743B73F7: ConfigurationManager, init=-1: [66668c9f-d169-4830-982b-36ce67e74237:192.168.36.83:35689, 9fc77e25-aa5c-460f-a7c3-4d68bf1388cb:192.168.36.83:45703, fa38275b-b6c1-4443-ac3f-7d574d73b3ca:192.168.36.83:40471], old=null, confs=<EMPTY_MAP>
2019-09-05 11:08:58,860 [pool-639-thread-1] INFO  storage.RaftStorageDirectory (RaftStorageDirectory.java:analyzeStorage(246)) - The storage directory /workdir/hadoop-ozone/integration-test/target/test-dir/MiniOzoneClusterImpl-844c3fa4-9b6f-47fc-a83e-e9a93d390c1e/datanode-5/data/ratis/9a3bb825-394a-494f-8ea0-4349743b73f7 does not exist. Creating ...
2019-09-05 11:08:58,860 [pool-649-thread-1] INFO  server.RaftServerConfigKeys (ConfUtils.java:logGet(43)) - raft.server.storage.dir = [/workdir/hadoop-ozone/integration-test/target/test-dir/MiniOzoneClusterImpl-844c3fa4-9b6f-47fc-a83e-e9a93d390c1e/datanode-6/data/ratis] (custom)
2019-09-05 11:08:58,860 [pool-649-thread-1] INFO  storage.RaftStorageDirectory (RaftStorageDirectory.java:analyzeStorage(246)) - The storage directory /workdir/hadoop-ozone/integration-test/target/test-dir/MiniOzoneClusterImpl-844c3fa4-9b6f-47fc-a83e-e9a93d390c1e/datanode-6/data/ratis/9a3bb825-394a-494f-8ea0-4349743b73f7 does not exist. Creating ...
2019-09-05 11:08:58,919 [pool-649-thread-1] INFO  storage.RaftStorageDirectory (RaftStorageDirectory.java:tryLock(328)) - Lock on /workdir/hadoop-ozone/integration-test/target/test-dir/MiniOzoneClusterImpl-844c3fa4-9b6f-47fc-a83e-e9a93d390c1e/datanode-6/data/ratis/9a3bb825-394a-494f-8ea0-4349743b73f7/in_use.lock acquired by nodename 23600@pr-hdds-1561-gm47z-337254333
2019-09-05 11:08:58,919 [pool-589-thread-1] INFO  storage.RaftStorageDirectory (RaftStorageDirectory.java:tryLock(328)) - Lock on /workdir/hadoop-ozone/integration-test/target/test-dir/MiniOzoneClusterImpl-844c3fa4-9b6f-47fc-a83e-e9a93d390c1e/datanode-0/data/ratis/9a3bb825-394a-494f-8ea0-4349743b73f7/in_use.lock acquired by nodename 23600@pr-hdds-1561-gm47z-337254333
2019-09-05 11:08:58,919 [pool-639-thread-1] INFO  storage.RaftStorageDirectory (RaftStorageDirectory.java:tryLock(328)) - Lock on /workdir/hadoop-ozone/integration-test/target/test-dir/MiniOzoneClusterImpl-844c3fa4-9b6f-47fc-a83e-e9a93d390c1e/datanode-5/data/ratis/9a3bb825-394a-494f-8ea0-4349743b73f7/in_use.lock acquired by nodename 23600@pr-hdds-1561-gm47z-337254333
2019-09-05 11:08:58,985 [pool-649-thread-1] INFO  storage.RaftStorage (RaftStorage.java:format(72)) - Storage directory /workdir/hadoop-ozone/integration-test/target/test-dir/MiniOzoneClusterImpl-844c3fa4-9b6f-47fc-a83e-e9a93d390c1e/datanode-6/data/ratis/9a3bb825-394a-494f-8ea0-4349743b73f7 has been successfully formatted.
2019-09-05 11:08:58,985 [pool-639-thread-1] INFO  storage.RaftStorage (RaftStorage.java:format(72)) - Storage directory /workdir/hadoop-ozone/integration-test/target/test-dir/MiniOzoneClusterImpl-844c3fa4-9b6f-47fc-a83e-e9a93d390c1e/datanode-5/data/ratis/9a3bb825-394a-494f-8ea0-4349743b73f7 has been successfully formatted.
2019-09-05 11:08:58,985 [pool-589-thread-1] INFO  storage.RaftStorage (RaftStorage.java:format(72)) - Storage directory /workdir/hadoop-ozone/integration-test/target/test-dir/MiniOzoneClusterImpl-844c3fa4-9b6f-47fc-a83e-e9a93d390c1e/datanode-0/data/ratis/9a3bb825-394a-494f-8ea0-4349743b73f7 has been successfully formatted.
2019-09-05 11:08:58,986 [pool-639-thread-1] INFO  ratis.ContainerStateMachine (ContainerStateMachine.java:loadSnapshot(232)) - group-4349743B73F7: The snapshot info is null. Setting the last applied indexto:(t:0, i:~)
2019-09-05 11:08:58,986 [pool-649-thread-1] INFO  ratis.ContainerStateMachine (ContainerStateMachine.java:loadSnapshot(232)) - group-4349743B73F7: The snapshot info is null. Setting the last applied indexto:(t:0, i:~)
2019-09-05 11:08:58,986 [pool-639-thread-1] INFO  server.RaftServerConfigKeys (ConfUtils.java:logGet(43)) - raft.server.notification.no-leader.timeout = 120s (custom)
2019-09-05 11:08:58,986 [pool-589-thread-1] INFO  ratis.ContainerStateMachine (ContainerStateMachine.java:loadSnapshot(232)) - group-4349743B73F7: The snapshot info is null. Setting the last applied indexto:(t:0, i:~)
2019-09-05 11:08:58,986 [pool-639-thread-1] INFO  server.RaftServerConfigKeys (ConfUtils.java:logGet(43)) - raft.server.log.use.memory = false (default)
2019-09-05 11:08:58,986 [pool-649-thread-1] INFO  server.RaftServerConfigKeys (ConfUtils.java:logGet(43)) - raft.server.notification.no-leader.timeout = 120s (custom)
2019-09-05 11:08:58,986 [pool-639-thread-1] INFO  server.RaftServerConfigKeys (ConfUtils.java:logGet(43)) - raft.server.log.purge.gap = 1000000 (custom)
2019-09-05 11:08:58,986 [pool-589-thread-1] INFO  server.RaftServerConfigKeys (ConfUtils.java:logGet(43)) - raft.server.notification.no-leader.timeout = 120s (custom)
2019-09-05 11:08:58,987 [pool-639-thread-1] INFO  server.RaftServerConfigKeys (ConfUtils.java:logGet(43)) - raft.server.log.appender.buffer.byte-limit = 33554432 (custom)
2019-09-05 11:08:58,987 [pool-649-thread-1] INFO  server.RaftServerConfigKeys (ConfUtils.java:logGet(43)) - raft.server.log.use.memory = false (default)
2019-09-05 11:08:58,987 [pool-639-thread-1] INFO  server.RaftServerConfigKeys (ConfUtils.java:logGet(43)) - raft.server.log.segment.size.max = 1048576 (custom)
2019-09-05 11:08:58,987 [pool-589-thread-1] INFO  server.RaftServerConfigKeys (ConfUtils.java:logGet(43)) - raft.server.log.use.memory = false (default)
2019-09-05 11:08:58,987 [pool-639-thread-1] INFO  server.RaftServerConfigKeys (ConfUtils.java:logGet(43)) - raft.server.log.segment.cache.num.max = 2 (custom)
2019-09-05 11:08:58,987 [pool-649-thread-1] INFO  server.RaftServerConfigKeys (ConfUtils.java:logGet(43)) - raft.server.log.purge.gap = 1000000 (custom)
2019-09-05 11:08:58,988 [pool-639-thread-1] INFO  segmented.SegmentedRaftLogWorker (SegmentedRaftLogWorker.java:<init>(172)) - new fa38275b-b6c1-4443-ac3f-7d574d73b3ca@group-4349743B73F7-SegmentedRaftLogWorker for RaftStorage:Storage Directory /workdir/hadoop-ozone/integration-test/target/test-dir/MiniOzoneClusterImpl-844c3fa4-9b6f-47fc-a83e-e9a93d390c1e/datanode-5/data/ratis/9a3bb825-394a-494f-8ea0-4349743b73f7
2019-09-05 11:08:58,988 [pool-589-thread-1] INFO  server.RaftServerConfigKeys (ConfUtils.java:logGet(43)) - raft.server.log.purge.gap = 1000000 (custom)
2019-09-05 11:08:58,988 [pool-639-thread-1] INFO  server.RaftServerConfigKeys (ConfUtils.java:logGet(43)) - raft.server.log.queue.byte-limit = 2147483647 (custom)
2019-09-05 11:08:58,988 [pool-649-thread-1] INFO  server.RaftServerConfigKeys (ConfUtils.java:logGet(43)) - raft.server.log.appender.buffer.byte-limit = 33554432 (custom)
2019-09-05 11:08:58,988 [pool-639-thread-1] INFO  server.RaftServerConfigKeys (ConfUtils.java:logGet(43)) - raft.server.log.queue.element-limit = 1024 (custom)
2019-09-05 11:08:58,988 [pool-589-thread-1] INFO  server.RaftServerConfigKeys (ConfUtils.java:logGet(43)) - raft.server.log.appender.buffer.byte-limit = 33554432 (custom)
2019-09-05 11:08:58,989 [pool-639-thread-1] INFO  server.RaftServerConfigKeys (ConfUtils.java:logGet(43)) - raft.server.log.segment.size.max = 1048576 (custom)
2019-09-05 11:08:58,988 [pool-649-thread-1] INFO  server.RaftServerConfigKeys (ConfUtils.java:logGet(43)) - raft.server.log.segment.size.max = 1048576 (custom)
2019-09-05 11:08:58,989 [pool-639-thread-1] INFO  server.RaftServerConfigKeys (ConfUtils.java:logGet(43)) - raft.server.log.preallocated.size = 16384 (custom)
2019-09-05 11:08:58,989 [pool-639-thread-1] INFO  server.RaftServerConfigKeys (ConfUtils.java:logGet(43)) - raft.server.log.write.buffer.size = 33554432 (custom)
2019-09-05 11:08:58,989 [pool-589-thread-1] INFO  server.RaftServerConfigKeys (ConfUtils.java:logGet(43)) - raft.server.log.segment.size.max = 1048576 (custom)
2019-09-05 11:08:58,989 [pool-639-thread-1] INFO  server.RaftServerConfigKeys (ConfUtils.java:logGet(43)) - raft.server.log.force.sync.num = 128 (default)
2019-09-05 11:08:58,989 [pool-649-thread-1] INFO  server.RaftServerConfigKeys (ConfUtils.java:logGet(43)) - raft.server.log.segment.cache.num.max = 2 (custom)
2019-09-05 11:08:58,990 [pool-639-thread-1] INFO  server.RaftServerConfigKeys (ConfUtils.java:logGet(43)) - raft.server.log.statemachine.data.sync = true (default)
2019-09-05 11:08:58,990 [pool-589-thread-1] INFO  server.RaftServerConfigKeys (ConfUtils.java:logGet(43)) - raft.server.log.segment.cache.num.max = 2 (custom)
2019-09-05 11:08:58,990 [pool-639-thread-1] INFO  server.RaftServerConfigKeys (ConfUtils.java:logGet(43)) - raft.server.log.statemachine.data.sync.timeout = 10s (default)
2019-09-05 11:08:58,990 [pool-649-thread-1] INFO  segmented.SegmentedRaftLogWorker (SegmentedRaftLogWorker.java:<init>(172)) - new 66668c9f-d169-4830-982b-36ce67e74237@group-4349743B73F7-SegmentedRaftLogWorker for RaftStorage:Storage Directory /workdir/hadoop-ozone/integration-test/target/test-dir/MiniOzoneClusterImpl-844c3fa4-9b6f-47fc-a83e-e9a93d390c1e/datanode-6/data/ratis/9a3bb825-394a-494f-8ea0-4349743b73f7
2019-09-05 11:08:58,990 [pool-639-thread-1] INFO  server.RaftServerConfigKeys (ConfUtils.java:logGet(43)) - raft.server.log.statemachine.data.sync.timeout.retry = -1 (default)
2019-09-05 11:08:58,990 [pool-589-thread-1] INFO  segmented.SegmentedRaftLogWorker (SegmentedRaftLogWorker.java:<init>(172)) - new 9fc77e25-aa5c-460f-a7c3-4d68bf1388cb@group-4349743B73F7-SegmentedRaftLogWorker for RaftStorage:Storage Directory /workdir/hadoop-ozone/integration-test/target/test-dir/MiniOzoneClusterImpl-844c3fa4-9b6f-47fc-a83e-e9a93d390c1e/datanode-0/data/ratis/9a3bb825-394a-494f-8ea0-4349743b73f7
2019-09-05 11:08:58,991 [pool-639-thread-1] INFO  server.RaftServerConfigKeys (ConfUtils.java:logGet(43)) - raft.server.log.statemachine.data.caching.enabled = true (custom)
2019-09-05 11:08:58,990 [pool-649-thread-1] INFO  server.RaftServerConfigKeys (ConfUtils.java:logGet(43)) - raft.server.log.queue.byte-limit = 2147483647 (custom)
2019-09-05 11:08:58,991 [pool-589-thread-1] INFO  server.RaftServerConfigKeys (ConfUtils.java:logGet(43)) - raft.server.log.queue.byte-limit = 2147483647 (custom)
2019-09-05 11:08:58,991 [pool-639-thread-1] INFO  segmented.SegmentedRaftLogWorker (SegmentedRaftLogWorker.java:lambda$new$0(132)) - fa38275b-b6c1-4443-ac3f-7d574d73b3ca@group-4349743B73F7-SegmentedRaftLogWorker: flushIndex: setUnconditionally 0 -> -1
2019-09-05 11:08:58,991 [pool-649-thread-1] INFO  server.RaftServerConfigKeys (ConfUtils.java:logGet(43)) - raft.server.log.queue.element-limit = 1024 (custom)
2019-09-05 11:08:58,991 [pool-589-thread-1] INFO  server.RaftServerConfigKeys (ConfUtils.java:logGet(43)) - raft.server.log.queue.element-limit = 1024 (custom)
2019-09-05 11:08:58,992 [pool-639-thread-1] INFO  server.RaftServerConfigKeys (ConfUtils.java:logGet(43)) - raft.server.snapshot.auto.trigger.enabled = true (custom)
2019-09-05 11:08:58,992 [pool-649-thread-1] INFO  server.RaftServerConfigKeys (ConfUtils.java:logGet(43)) - raft.server.log.segment.size.max = 1048576 (custom)
2019-09-05 11:08:58,992 [pool-639-thread-1] INFO  server.RaftServerConfigKeys (ConfUtils.java:logGet(43)) - raft.server.snapshot.auto.trigger.threshold = 10000 (custom)
2019-09-05 11:08:58,992 [pool-589-thread-1] INFO  server.RaftServerConfigKeys (ConfUtils.java:logGet(43)) - raft.server.log.segment.size.max = 1048576 (custom)
2019-09-05 11:08:58,992 [pool-639-thread-1] INFO  server.RaftServerConfigKeys (ConfUtils.java:logGet(43)) - raft.server.snapshot.retention.num.files = -1 (default)
2019-09-05 11:08:58,992 [pool-649-thread-1] INFO  server.RaftServerConfigKeys (ConfUtils.java:logGet(43)) - raft.server.log.preallocated.size = 16384 (custom)
2019-09-05 11:08:58,992 [pool-639-thread-1] INFO  server.RaftServerConfigKeys (ConfUtils.java:logGet(43)) - raft.server.retrycache.expirytime = 600000ms (custom)
2019-09-05 11:08:58,992 [pool-589-thread-1] INFO  server.RaftServerConfigKeys (ConfUtils.java:logGet(43)) - raft.server.log.preallocated.size = 16384 (custom)
2019-09-05 11:08:58,992 [pool-649-thread-1] INFO  server.RaftServerConfigKeys (ConfUtils.java:logGet(43)) - raft.server.log.write.buffer.size = 33554432 (custom)
2019-09-05 11:08:58,993 [pool-589-thread-1] INFO  server.RaftServerConfigKeys (ConfUtils.java:logGet(43)) - raft.server.log.write.buffer.size = 33554432 (custom)
2019-09-05 11:08:58,993 [pool-649-thread-1] INFO  server.RaftServerConfigKeys (ConfUtils.java:logGet(43)) - raft.server.log.force.sync.num = 128 (default)
2019-09-05 11:08:58,993 [pool-589-thread-1] INFO  server.RaftServerConfigKeys (ConfUtils.java:logGet(43)) - raft.server.log.force.sync.num = 128 (default)
2019-09-05 11:08:58,993 [pool-649-thread-1] INFO  server.RaftServerConfigKeys (ConfUtils.java:logGet(43)) - raft.server.log.statemachine.data.sync = true (default)
2019-09-05 11:08:58,993 [pool-589-thread-1] INFO  server.RaftServerConfigKeys (ConfUtils.java:logGet(43)) - raft.server.log.statemachine.data.sync = true (default)
2019-09-05 11:08:58,994 [pool-649-thread-1] INFO  server.RaftServerConfigKeys (ConfUtils.java:logGet(43)) - raft.server.log.statemachine.data.sync.timeout = 10s (default)
2019-09-05 11:08:58,994 [pool-589-thread-1] INFO  server.RaftServerConfigKeys (ConfUtils.java:logGet(43)) - raft.server.log.statemachine.data.sync.timeout = 10s (default)
2019-09-05 11:08:58,994 [pool-649-thread-1] INFO  server.RaftServerConfigKeys (ConfUtils.java:logGet(43)) - raft.server.log.statemachine.data.sync.timeout.retry = -1 (default)
2019-09-05 11:08:58,994 [pool-589-thread-1] INFO  server.RaftServerConfigKeys (ConfUtils.java:logGet(43)) - raft.server.log.statemachine.data.sync.timeout.retry = -1 (default)
2019-09-05 11:08:58,994 [pool-649-thread-1] INFO  server.RaftServerConfigKeys (ConfUtils.java:logGet(43)) - raft.server.log.statemachine.data.caching.enabled = true (custom)
2019-09-05 11:08:58,994 [pool-589-thread-1] INFO  server.RaftServerConfigKeys (ConfUtils.java:logGet(43)) - raft.server.log.statemachine.data.caching.enabled = true (custom)
2019-09-05 11:08:58,995 [pool-649-thread-1] INFO  segmented.SegmentedRaftLogWorker (SegmentedRaftLogWorker.java:lambda$new$0(132)) - 66668c9f-d169-4830-982b-36ce67e74237@group-4349743B73F7-SegmentedRaftLogWorker: flushIndex: setUnconditionally 0 -> -1
2019-09-05 11:08:58,995 [pool-589-thread-1] INFO  segmented.SegmentedRaftLogWorker (SegmentedRaftLogWorker.java:lambda$new$0(132)) - 9fc77e25-aa5c-460f-a7c3-4d68bf1388cb@group-4349743B73F7-SegmentedRaftLogWorker: flushIndex: setUnconditionally 0 -> -1
2019-09-05 11:08:58,995 [pool-649-thread-1] INFO  server.RaftServerConfigKeys (ConfUtils.java:logGet(43)) - raft.server.snapshot.auto.trigger.enabled = true (custom)
2019-09-05 11:08:58,995 [pool-639-thread-1] INFO  impl.RaftServerImpl (RaftServerImpl.java:start(185)) - fa38275b-b6c1-4443-ac3f-7d574d73b3ca@group-4349743B73F7: start as a follower, conf=-1: [66668c9f-d169-4830-982b-36ce67e74237:192.168.36.83:35689, 9fc77e25-aa5c-460f-a7c3-4d68bf1388cb:192.168.36.83:45703, fa38275b-b6c1-4443-ac3f-7d574d73b3ca:192.168.36.83:40471], old=null
2019-09-05 11:08:58,995 [pool-589-thread-1] INFO  server.RaftServerConfigKeys (ConfUtils.java:logGet(43)) - raft.server.snapshot.auto.trigger.enabled = true (custom)
2019-09-05 11:08:58,995 [pool-649-thread-1] INFO  server.RaftServerConfigKeys (ConfUtils.java:logGet(43)) - raft.server.snapshot.auto.trigger.threshold = 10000 (custom)
2019-09-05 11:08:58,995 [pool-589-thread-1] INFO  server.RaftServerConfigKeys (ConfUtils.java:logGet(43)) - raft.server.snapshot.auto.trigger.threshold = 10000 (custom)
2019-09-05 11:08:58,995 [pool-639-thread-1] INFO  impl.RaftServerImpl (RaftServerImpl.java:setRole(174)) - fa38275b-b6c1-4443-ac3f-7d574d73b3ca@group-4349743B73F7: changes role from      null to FOLLOWER at term 0 for startAsFollower
2019-09-05 11:08:58,996 [pool-589-thread-1] INFO  server.RaftServerConfigKeys (ConfUtils.java:logGet(43)) - raft.server.snapshot.retention.num.files = -1 (default)
2019-09-05 11:08:58,995 [pool-649-thread-1] INFO  server.RaftServerConfigKeys (ConfUtils.java:logGet(43)) - raft.server.snapshot.retention.num.files = -1 (default)
2019-09-05 11:08:58,996 [pool-589-thread-1] INFO  server.RaftServerConfigKeys (ConfUtils.java:logGet(43)) - raft.server.retrycache.expirytime = 600000ms (custom)
2019-09-05 11:08:58,996 [pool-639-thread-1] INFO  impl.RoleInfo (RoleInfo.java:updateAndGet(143)) - fa38275b-b6c1-4443-ac3f-7d574d73b3ca: start FollowerState
2019-09-05 11:08:58,996 [pool-649-thread-1] INFO  server.RaftServerConfigKeys (ConfUtils.java:logGet(43)) - raft.server.retrycache.expirytime = 600000ms (custom)
2019-09-05 11:08:58,997 [pool-639-thread-1] INFO  util.JmxRegister (JmxRegister.java:tryRegister(44)) - Successfully registered JMX Bean with object name Ratis:service=RaftServer,group=group-4349743B73F7,id=fa38275b-b6c1-4443-ac3f-7d574d73b3ca
2019-09-05 11:08:58,999 [pool-589-thread-1] INFO  impl.RaftServerImpl (RaftServerImpl.java:start(185)) - 9fc77e25-aa5c-460f-a7c3-4d68bf1388cb@group-4349743B73F7: start as a follower, conf=-1: [66668c9f-d169-4830-982b-36ce67e74237:192.168.36.83:35689, 9fc77e25-aa5c-460f-a7c3-4d68bf1388cb:192.168.36.83:45703, fa38275b-b6c1-4443-ac3f-7d574d73b3ca:192.168.36.83:40471], old=null
2019-09-05 11:08:58,999 [pool-649-thread-1] INFO  impl.RaftServerImpl (RaftServerImpl.java:start(185)) - 66668c9f-d169-4830-982b-36ce67e74237@group-4349743B73F7: start as a follower, conf=-1: [66668c9f-d169-4830-982b-36ce67e74237:192.168.36.83:35689, 9fc77e25-aa5c-460f-a7c3-4d68bf1388cb:192.168.36.83:45703, fa38275b-b6c1-4443-ac3f-7d574d73b3ca:192.168.36.83:40471], old=null
2019-09-05 11:08:58,999 [pool-589-thread-1] INFO  impl.RaftServerImpl (RaftServerImpl.java:setRole(174)) - 9fc77e25-aa5c-460f-a7c3-4d68bf1388cb@group-4349743B73F7: changes role from      null to FOLLOWER at term 0 for startAsFollower
2019-09-05 11:08:58,999 [pool-649-thread-1] INFO  impl.RaftServerImpl (RaftServerImpl.java:setRole(174)) - 66668c9f-d169-4830-982b-36ce67e74237@group-4349743B73F7: changes role from      null to FOLLOWER at term 0 for startAsFollower
2019-09-05 11:08:58,999 [pool-589-thread-1] INFO  impl.RoleInfo (RoleInfo.java:updateAndGet(143)) - 9fc77e25-aa5c-460f-a7c3-4d68bf1388cb: start FollowerState
2019-09-05 11:08:58,999 [pool-649-thread-1] INFO  impl.RoleInfo (RoleInfo.java:updateAndGet(143)) - 66668c9f-d169-4830-982b-36ce67e74237: start FollowerState
2019-09-05 11:08:59,000 [pool-589-thread-1] INFO  util.JmxRegister (JmxRegister.java:tryRegister(44)) - Successfully registered JMX Bean with object name Ratis:service=RaftServer,group=group-4349743B73F7,id=9fc77e25-aa5c-460f-a7c3-4d68bf1388cb
2019-09-05 11:08:59,000 [pool-649-thread-1] INFO  util.JmxRegister (JmxRegister.java:tryRegister(44)) - Successfully registered JMX Bean with object name Ratis:service=RaftServer,group=group-4349743B73F7,id=66668c9f-d169-4830-982b-36ce67e74237
2019-09-05 11:08:59,002 [RatisPipelineUtilsThread] INFO  pipeline.PipelineStateManager (PipelineStateManager.java:addPipeline(56)) - Created pipeline Pipeline[ Id: 9a3bb825-394a-494f-8ea0-4349743b73f7, Nodes: fa38275b-b6c1-4443-ac3f-7d574d73b3ca{ip: 192.168.36.83, host: pr-hdds-1561-gm47z-337254333, networkLocation: /default-rack, certSerialId: null}9fc77e25-aa5c-460f-a7c3-4d68bf1388cb{ip: 192.168.36.83, host: pr-hdds-1561-gm47z-337254333, networkLocation: /default-rack, certSerialId: null}66668c9f-d169-4830-982b-36ce67e74237{ip: 192.168.36.83, host: pr-hdds-1561-gm47z-337254333, networkLocation: /default-rack, certSerialId: null}, Type:RATIS, Factor:THREE, State:OPEN]
2019-09-05 11:08:59,020 [grpc-default-executor-10] INFO  impl.RaftServerProxy (RaftServerProxy.java:addNew(89)) - 51496804-6984-4711-896a-dcdac4e82398: addNew group-E8741A9C9FC2:[1aa8c9aa-d82a-4fa9-80dc-356d427b97f3:192.168.36.83:34970, 51496804-6984-4711-896a-dcdac4e82398:192.168.36.83:32887, 83e7b670-d8f5-4375-adb8-3b49caecfda0:192.168.36.83:41766] returns group-E8741A9C9FC2:java.util.concurrent.CompletableFuture@22392492[Not completed]
2019-09-05 11:08:59,020 [grpc-default-executor-9] INFO  impl.RaftServerProxy (RaftServerProxy.java:addNew(89)) - 1aa8c9aa-d82a-4fa9-80dc-356d427b97f3: addNew group-E8741A9C9FC2:[1aa8c9aa-d82a-4fa9-80dc-356d427b97f3:192.168.36.83:34970, 51496804-6984-4711-896a-dcdac4e82398:192.168.36.83:32887, 83e7b670-d8f5-4375-adb8-3b49caecfda0:192.168.36.83:41766] returns group-E8741A9C9FC2:java.util.concurrent.CompletableFuture@58727fe2[Not completed]
2019-09-05 11:08:59,020 [grpc-default-executor-6] INFO  impl.RaftServerProxy (RaftServerProxy.java:addNew(89)) - 83e7b670-d8f5-4375-adb8-3b49caecfda0: addNew group-E8741A9C9FC2:[1aa8c9aa-d82a-4fa9-80dc-356d427b97f3:192.168.36.83:34970, 51496804-6984-4711-896a-dcdac4e82398:192.168.36.83:32887, 83e7b670-d8f5-4375-adb8-3b49caecfda0:192.168.36.83:41766] returns group-E8741A9C9FC2:java.util.concurrent.CompletableFuture@6a99da10[Not completed]
2019-09-05 11:08:59,021 [pool-609-thread-1] INFO  impl.RaftServerImpl (RaftServerImpl.java:<init>(95)) - 83e7b670-d8f5-4375-adb8-3b49caecfda0: new RaftServerImpl for group-E8741A9C9FC2:[1aa8c9aa-d82a-4fa9-80dc-356d427b97f3:192.168.36.83:34970, 51496804-6984-4711-896a-dcdac4e82398:192.168.36.83:32887, 83e7b670-d8f5-4375-adb8-3b49caecfda0:192.168.36.83:41766] with ContainerStateMachine:uninitialized
2019-09-05 11:08:59,021 [pool-609-thread-1] INFO  server.RaftServerConfigKeys (ConfUtils.java:logGet(43)) - raft.server.rpc.timeout.min = 5s (custom)
2019-09-05 11:08:59,021 [pool-609-thread-1] INFO  server.RaftServerConfigKeys (ConfUtils.java:logGet(43)) - raft.server.rpc.timeout.max = 5200ms (custom)
2019-09-05 11:08:59,022 [pool-609-thread-1] INFO  server.RaftServerConfigKeys (ConfUtils.java:logGet(43)) - raft.server.rpcslowness.timeout = 120s (custom)
2019-09-05 11:08:59,022 [pool-609-thread-1] INFO  server.RaftServerConfigKeys (ConfUtils.java:logGet(43)) - raft.server.sleep.deviation.threshold = 300 (default)
2019-09-05 11:08:59,022 [pool-619-thread-1] INFO  impl.RaftServerImpl (RaftServerImpl.java:<init>(95)) - 51496804-6984-4711-896a-dcdac4e82398: new RaftServerImpl for group-E8741A9C9FC2:[1aa8c9aa-d82a-4fa9-80dc-356d427b97f3:192.168.36.83:34970, 51496804-6984-4711-896a-dcdac4e82398:192.168.36.83:32887, 83e7b670-d8f5-4375-adb8-3b49caecfda0:192.168.36.83:41766] with ContainerStateMachine:uninitialized
2019-09-05 11:08:59,022 [pool-609-thread-1] INFO  server.RaftServerConfigKeys (ConfUtils.java:logGet(43)) - raft.server.log.appender.install.snapshot.enabled = false (custom)
2019-09-05 11:08:59,022 [pool-619-thread-1] INFO  server.RaftServerConfigKeys (ConfUtils.java:logGet(43)) - raft.server.rpc.timeout.min = 5s (custom)
2019-09-05 11:08:59,022 [pool-609-thread-1] INFO  impl.RaftServerImpl (ServerState.java:<init>(103)) - 83e7b670-d8f5-4375-adb8-3b49caecfda0@group-E8741A9C9FC2: ConfigurationManager, init=-1: [1aa8c9aa-d82a-4fa9-80dc-356d427b97f3:192.168.36.83:34970, 51496804-6984-4711-896a-dcdac4e82398:192.168.36.83:32887, 83e7b670-d8f5-4375-adb8-3b49caecfda0:192.168.36.83:41766], old=null, confs=<EMPTY_MAP>
2019-09-05 11:08:59,022 [pool-619-thread-1] INFO  server.RaftServerConfigKeys (ConfUtils.java:logGet(43)) - raft.server.rpc.timeout.max = 5200ms (custom)
2019-09-05 11:08:59,022 [pool-629-thread-1] INFO  impl.RaftServerImpl (RaftServerImpl.java:<init>(95)) - 1aa8c9aa-d82a-4fa9-80dc-356d427b97f3: new RaftServerImpl for group-E8741A9C9FC2:[1aa8c9aa-d82a-4fa9-80dc-356d427b97f3:192.168.36.83:34970, 51496804-6984-4711-896a-dcdac4e82398:192.168.36.83:32887, 83e7b670-d8f5-4375-adb8-3b49caecfda0:192.168.36.83:41766] with ContainerStateMachine:uninitialized
2019-09-05 11:08:59,022 [pool-609-thread-1] INFO  server.RaftServerConfigKeys (ConfUtils.java:logGet(43)) - raft.server.storage.dir = [/workdir/hadoop-ozone/integration-test/target/test-dir/MiniOzoneClusterImpl-844c3fa4-9b6f-47fc-a83e-e9a93d390c1e/datanode-2/data/ratis] (custom)
2019-09-05 11:08:59,022 [pool-619-thread-1] INFO  server.RaftServerConfigKeys (ConfUtils.java:logGet(43)) - raft.server.rpcslowness.timeout = 120s (custom)
2019-09-05 11:08:59,023 [pool-629-thread-1] INFO  server.RaftServerConfigKeys (ConfUtils.java:logGet(43)) - raft.server.rpc.timeout.min = 5s (custom)
2019-09-05 11:08:59,023 [pool-619-thread-1] INFO  server.RaftServerConfigKeys (ConfUtils.java:logGet(43)) - raft.server.sleep.deviation.threshold = 300 (default)
2019-09-05 11:08:59,023 [pool-629-thread-1] INFO  server.RaftServerConfigKeys (ConfUtils.java:logGet(43)) - raft.server.rpc.timeout.max = 5200ms (custom)
2019-09-05 11:08:59,023 [pool-609-thread-1] INFO  storage.RaftStorageDirectory (RaftStorageDirectory.java:analyzeStorage(246)) - The storage directory /workdir/hadoop-ozone/integration-test/target/test-dir/MiniOzoneClusterImpl-844c3fa4-9b6f-47fc-a83e-e9a93d390c1e/datanode-2/data/ratis/8196b794-fbd5-4265-ad6f-e8741a9c9fc2 does not exist. Creating ...
2019-09-05 11:08:59,023 [pool-629-thread-1] INFO  server.RaftServerConfigKeys (ConfUtils.java:logGet(43)) - raft.server.rpcslowness.timeout = 120s (custom)
2019-09-05 11:08:59,023 [pool-619-thread-1] INFO  server.RaftServerConfigKeys (ConfUtils.java:logGet(43)) - raft.server.log.appender.install.snapshot.enabled = false (custom)
2019-09-05 11:08:59,023 [pool-629-thread-1] INFO  server.RaftServerConfigKeys (ConfUtils.java:logGet(43)) - raft.server.sleep.deviation.threshold = 300 (default)
2019-09-05 11:08:59,024 [pool-619-thread-1] INFO  impl.RaftServerImpl (ServerState.java:<init>(103)) - 51496804-6984-4711-896a-dcdac4e82398@group-E8741A9C9FC2: ConfigurationManager, init=-1: [1aa8c9aa-d82a-4fa9-80dc-356d427b97f3:192.168.36.83:34970, 51496804-6984-4711-896a-dcdac4e82398:192.168.36.83:32887, 83e7b670-d8f5-4375-adb8-3b49caecfda0:192.168.36.83:41766], old=null, confs=<EMPTY_MAP>
2019-09-05 11:08:59,024 [pool-629-thread-1] INFO  server.RaftServerConfigKeys (ConfUtils.java:logGet(43)) - raft.server.log.appender.install.snapshot.enabled = false (custom)
2019-09-05 11:08:59,024 [pool-619-thread-1] INFO  server.RaftServerConfigKeys (ConfUtils.java:logGet(43)) - raft.server.storage.dir = [/workdir/hadoop-ozone/integration-test/target/test-dir/MiniOzoneClusterImpl-844c3fa4-9b6f-47fc-a83e-e9a93d390c1e/datanode-3/data/ratis] (custom)
2019-09-05 11:08:59,024 [pool-629-thread-1] INFO  impl.RaftServerImpl (ServerState.java:<init>(103)) - 1aa8c9aa-d82a-4fa9-80dc-356d427b97f3@group-E8741A9C9FC2: ConfigurationManager, init=-1: [1aa8c9aa-d82a-4fa9-80dc-356d427b97f3:192.168.36.83:34970, 51496804-6984-4711-896a-dcdac4e82398:192.168.36.83:32887, 83e7b670-d8f5-4375-adb8-3b49caecfda0:192.168.36.83:41766], old=null, confs=<EMPTY_MAP>
2019-09-05 11:08:59,024 [pool-619-thread-1] INFO  storage.RaftStorageDirectory (RaftStorageDirectory.java:analyzeStorage(246)) - The storage directory /workdir/hadoop-ozone/integration-test/target/test-dir/MiniOzoneClusterImpl-844c3fa4-9b6f-47fc-a83e-e9a93d390c1e/datanode-3/data/ratis/8196b794-fbd5-4265-ad6f-e8741a9c9fc2 does not exist. Creating ...
2019-09-05 11:08:59,024 [pool-629-thread-1] INFO  server.RaftServerConfigKeys (ConfUtils.java:logGet(43)) - raft.server.storage.dir = [/workdir/hadoop-ozone/integration-test/target/test-dir/MiniOzoneClusterImpl-844c3fa4-9b6f-47fc-a83e-e9a93d390c1e/datanode-4/data/ratis] (custom)
2019-09-05 11:08:59,025 [pool-629-thread-1] INFO  storage.RaftStorageDirectory (RaftStorageDirectory.java:analyzeStorage(246)) - The storage directory /workdir/hadoop-ozone/integration-test/target/test-dir/MiniOzoneClusterImpl-844c3fa4-9b6f-47fc-a83e-e9a93d390c1e/datanode-4/data/ratis/8196b794-fbd5-4265-ad6f-e8741a9c9fc2 does not exist. Creating ...
2019-09-05 11:08:59,102 [pool-629-thread-1] INFO  storage.RaftStorageDirectory (RaftStorageDirectory.java:tryLock(328)) - Lock on /workdir/hadoop-ozone/integration-test/target/test-dir/MiniOzoneClusterImpl-844c3fa4-9b6f-47fc-a83e-e9a93d390c1e/datanode-4/data/ratis/8196b794-fbd5-4265-ad6f-e8741a9c9fc2/in_use.lock acquired by nodename 23600@pr-hdds-1561-gm47z-337254333
2019-09-05 11:08:59,102 [pool-609-thread-1] INFO  storage.RaftStorageDirectory (RaftStorageDirectory.java:tryLock(328)) - Lock on /workdir/hadoop-ozone/integration-test/target/test-dir/MiniOzoneClusterImpl-844c3fa4-9b6f-47fc-a83e-e9a93d390c1e/datanode-2/data/ratis/8196b794-fbd5-4265-ad6f-e8741a9c9fc2/in_use.lock acquired by nodename 23600@pr-hdds-1561-gm47z-337254333
2019-09-05 11:08:59,102 [pool-619-thread-1] INFO  storage.RaftStorageDirectory (RaftStorageDirectory.java:tryLock(328)) - Lock on /workdir/hadoop-ozone/integration-test/target/test-dir/MiniOzoneClusterImpl-844c3fa4-9b6f-47fc-a83e-e9a93d390c1e/datanode-3/data/ratis/8196b794-fbd5-4265-ad6f-e8741a9c9fc2/in_use.lock acquired by nodename 23600@pr-hdds-1561-gm47z-337254333
2019-09-05 11:08:59,166 [pool-619-thread-1] INFO  storage.RaftStorage (RaftStorage.java:format(72)) - Storage directory /workdir/hadoop-ozone/integration-test/target/test-dir/MiniOzoneClusterImpl-844c3fa4-9b6f-47fc-a83e-e9a93d390c1e/datanode-3/data/ratis/8196b794-fbd5-4265-ad6f-e8741a9c9fc2 has been successfully formatted.
2019-09-05 11:08:59,166 [pool-629-thread-1] INFO  storage.RaftStorage (RaftStorage.java:format(72)) - Storage directory /workdir/hadoop-ozone/integration-test/target/test-dir/MiniOzoneClusterImpl-844c3fa4-9b6f-47fc-a83e-e9a93d390c1e/datanode-4/data/ratis/8196b794-fbd5-4265-ad6f-e8741a9c9fc2 has been successfully formatted.
2019-09-05 11:08:59,166 [pool-619-thread-1] INFO  ratis.ContainerStateMachine (ContainerStateMachine.java:loadSnapshot(232)) - group-E8741A9C9FC2: The snapshot info is null. Setting the last applied indexto:(t:0, i:~)
2019-09-05 11:08:59,166 [pool-609-thread-1] INFO  storage.RaftStorage (RaftStorage.java:format(72)) - Storage directory /workdir/hadoop-ozone/integration-test/target/test-dir/MiniOzoneClusterImpl-844c3fa4-9b6f-47fc-a83e-e9a93d390c1e/datanode-2/data/ratis/8196b794-fbd5-4265-ad6f-e8741a9c9fc2 has been successfully formatted.
2019-09-05 11:08:59,166 [pool-629-thread-1] INFO  ratis.ContainerStateMachine (ContainerStateMachine.java:loadSnapshot(232)) - group-E8741A9C9FC2: The snapshot info is null. Setting the last applied indexto:(t:0, i:~)
2019-09-05 11:08:59,166 [pool-619-thread-1] INFO  server.RaftServerConfigKeys (ConfUtils.java:logGet(43)) - raft.server.notification.no-leader.timeout = 120s (custom)
2019-09-05 11:08:59,166 [pool-629-thread-1] INFO  server.RaftServerConfigKeys (ConfUtils.java:logGet(43)) - raft.server.notification.no-leader.timeout = 120s (custom)
2019-09-05 11:08:59,166 [pool-609-thread-1] INFO  ratis.ContainerStateMachine (ContainerStateMachine.java:loadSnapshot(232)) - group-E8741A9C9FC2: The snapshot info is null. Setting the last applied indexto:(t:0, i:~)
2019-09-05 11:08:59,167 [pool-629-thread-1] INFO  server.RaftServerConfigKeys (ConfUtils.java:logGet(43)) - raft.server.log.use.memory = false (default)
2019-09-05 11:08:59,166 [pool-619-thread-1] INFO  server.RaftServerConfigKeys (ConfUtils.java:logGet(43)) - raft.server.log.use.memory = false (default)
2019-09-05 11:08:59,167 [pool-629-thread-1] INFO  server.RaftServerConfigKeys (ConfUtils.java:logGet(43)) - raft.server.log.purge.gap = 1000000 (custom)
2019-09-05 11:08:59,167 [pool-609-thread-1] INFO  server.RaftServerConfigKeys (ConfUtils.java:logGet(43)) - raft.server.notification.no-leader.timeout = 120s (custom)
2019-09-05 11:08:59,167 [pool-629-thread-1] INFO  server.RaftServerConfigKeys (ConfUtils.java:logGet(43)) - raft.server.log.appender.buffer.byte-limit = 33554432 (custom)
2019-09-05 11:08:59,167 [pool-619-thread-1] INFO  server.RaftServerConfigKeys (ConfUtils.java:logGet(43)) - raft.server.log.purge.gap = 1000000 (custom)
2019-09-05 11:08:59,167 [pool-629-thread-1] INFO  server.RaftServerConfigKeys (ConfUtils.java:logGet(43)) - raft.server.log.segment.size.max = 1048576 (custom)
2019-09-05 11:08:59,167 [pool-609-thread-1] INFO  server.RaftServerConfigKeys (ConfUtils.java:logGet(43)) - raft.server.log.use.memory = false (default)
2019-09-05 11:08:59,168 [pool-629-thread-1] INFO  server.RaftServerConfigKeys (ConfUtils.java:logGet(43)) - raft.server.log.segment.cache.num.max = 2 (custom)
2019-09-05 11:08:59,168 [pool-629-thread-1] INFO  segmented.SegmentedRaftLogWorker (SegmentedRaftLogWorker.java:<init>(172)) - new 1aa8c9aa-d82a-4fa9-80dc-356d427b97f3@group-E8741A9C9FC2-SegmentedRaftLogWorker for RaftStorage:Storage Directory /workdir/hadoop-ozone/integration-test/target/test-dir/MiniOzoneClusterImpl-844c3fa4-9b6f-47fc-a83e-e9a93d390c1e/datanode-4/data/ratis/8196b794-fbd5-4265-ad6f-e8741a9c9fc2
2019-09-05 11:08:59,168 [pool-619-thread-1] INFO  server.RaftServerConfigKeys (ConfUtils.java:logGet(43)) - raft.server.log.appender.buffer.byte-limit = 33554432 (custom)
2019-09-05 11:08:59,168 [pool-629-thread-1] INFO  server.RaftServerConfigKeys (ConfUtils.java:logGet(43)) - raft.server.log.queue.byte-limit = 2147483647 (custom)
2019-09-05 11:08:59,168 [pool-609-thread-1] INFO  server.RaftServerConfigKeys (ConfUtils.java:logGet(43)) - raft.server.log.purge.gap = 1000000 (custom)
2019-09-05 11:08:59,169 [pool-629-thread-1] INFO  server.RaftServerConfigKeys (ConfUtils.java:logGet(43)) - raft.server.log.queue.element-limit = 1024 (custom)
2019-09-05 11:08:59,168 [pool-619-thread-1] INFO  server.RaftServerConfigKeys (ConfUtils.java:logGet(43)) - raft.server.log.segment.size.max = 1048576 (custom)
2019-09-05 11:08:59,169 [pool-629-thread-1] INFO  server.RaftServerConfigKeys (ConfUtils.java:logGet(43)) - raft.server.log.segment.size.max = 1048576 (custom)
2019-09-05 11:08:59,169 [pool-629-thread-1] INFO  server.RaftServerConfigKeys (ConfUtils.java:logGet(43)) - raft.server.log.preallocated.size = 16384 (custom)
2019-09-05 11:08:59,169 [pool-609-thread-1] INFO  server.RaftServerConfigKeys (ConfUtils.java:logGet(43)) - raft.server.log.appender.buffer.byte-limit = 33554432 (custom)
2019-09-05 11:08:59,169 [pool-629-thread-1] INFO  server.RaftServerConfigKeys (ConfUtils.java:logGet(43)) - raft.server.log.write.buffer.size = 33554432 (custom)
2019-09-05 11:08:59,170 [pool-629-thread-1] INFO  server.RaftServerConfigKeys (ConfUtils.java:logGet(43)) - raft.server.log.force.sync.num = 128 (default)
2019-09-05 11:08:59,169 [pool-619-thread-1] INFO  server.RaftServerConfigKeys (ConfUtils.java:logGet(43)) - raft.server.log.segment.cache.num.max = 2 (custom)
2019-09-05 11:08:59,170 [pool-629-thread-1] INFO  server.RaftServerConfigKeys (ConfUtils.java:logGet(43)) - raft.server.log.statemachine.data.sync = true (default)
2019-09-05 11:08:59,169 [pool-609-thread-1] INFO  server.RaftServerConfigKeys (ConfUtils.java:logGet(43)) - raft.server.log.segment.size.max = 1048576 (custom)
2019-09-05 11:08:59,170 [pool-629-thread-1] INFO  server.RaftServerConfigKeys (ConfUtils.java:logGet(43)) - raft.server.log.statemachine.data.sync.timeout = 10s (default)
2019-09-05 11:08:59,170 [pool-619-thread-1] INFO  segmented.SegmentedRaftLogWorker (SegmentedRaftLogWorker.java:<init>(172)) - new 51496804-6984-4711-896a-dcdac4e82398@group-E8741A9C9FC2-SegmentedRaftLogWorker for RaftStorage:Storage Directory /workdir/hadoop-ozone/integration-test/target/test-dir/MiniOzoneClusterImpl-844c3fa4-9b6f-47fc-a83e-e9a93d390c1e/datanode-3/data/ratis/8196b794-fbd5-4265-ad6f-e8741a9c9fc2
2019-09-05 11:08:59,170 [pool-629-thread-1] INFO  server.RaftServerConfigKeys (ConfUtils.java:logGet(43)) - raft.server.log.statemachine.data.sync.timeout.retry = -1 (default)
2019-09-05 11:08:59,170 [pool-609-thread-1] INFO  server.RaftServerConfigKeys (ConfUtils.java:logGet(43)) - raft.server.log.segment.cache.num.max = 2 (custom)
2019-09-05 11:08:59,171 [pool-629-thread-1] INFO  server.RaftServerConfigKeys (ConfUtils.java:logGet(43)) - raft.server.log.statemachine.data.caching.enabled = true (custom)
2019-09-05 11:08:59,171 [pool-619-thread-1] INFO  server.RaftServerConfigKeys (ConfUtils.java:logGet(43)) - raft.server.log.queue.byte-limit = 2147483647 (custom)
2019-09-05 11:08:59,171 [pool-609-thread-1] INFO  segmented.SegmentedRaftLogWorker (SegmentedRaftLogWorker.java:<init>(172)) - new 83e7b670-d8f5-4375-adb8-3b49caecfda0@group-E8741A9C9FC2-SegmentedRaftLogWorker for RaftStorage:Storage Directory /workdir/hadoop-ozone/integration-test/target/test-dir/MiniOzoneClusterImpl-844c3fa4-9b6f-47fc-a83e-e9a93d390c1e/datanode-2/data/ratis/8196b794-fbd5-4265-ad6f-e8741a9c9fc2
2019-09-05 11:08:59,171 [pool-629-thread-1] INFO  segmented.SegmentedRaftLogWorker (SegmentedRaftLogWorker.java:lambda$new$0(132)) - 1aa8c9aa-d82a-4fa9-80dc-356d427b97f3@group-E8741A9C9FC2-SegmentedRaftLogWorker: flushIndex: setUnconditionally 0 -> -1
2019-09-05 11:08:59,171 [pool-619-thread-1] INFO  server.RaftServerConfigKeys (ConfUtils.java:logGet(43)) - raft.server.log.queue.element-limit = 1024 (custom)
2019-09-05 11:08:59,171 [pool-609-thread-1] INFO  server.RaftServerConfigKeys (ConfUtils.java:logGet(43)) - raft.server.log.queue.byte-limit = 2147483647 (custom)
2019-09-05 11:08:59,172 [pool-619-thread-1] INFO  server.RaftServerConfigKeys (ConfUtils.java:logGet(43)) - raft.server.log.segment.size.max = 1048576 (custom)
2019-09-05 11:08:59,172 [pool-629-thread-1] INFO  server.RaftServerConfigKeys (ConfUtils.java:logGet(43)) - raft.server.snapshot.auto.trigger.enabled = true (custom)
2019-09-05 11:08:59,172 [pool-619-thread-1] INFO  server.RaftServerConfigKeys (ConfUtils.java:logGet(43)) - raft.server.log.preallocated.size = 16384 (custom)
2019-09-05 11:08:59,172 [pool-609-thread-1] INFO  server.RaftServerConfigKeys (ConfUtils.java:logGet(43)) - raft.server.log.queue.element-limit = 1024 (custom)
2019-09-05 11:08:59,172 [pool-619-thread-1] INFO  server.RaftServerConfigKeys (ConfUtils.java:logGet(43)) - raft.server.log.write.buffer.size = 33554432 (custom)
2019-09-05 11:08:59,173 [pool-619-thread-1] INFO  server.RaftServerConfigKeys (ConfUtils.java:logGet(43)) - raft.server.log.force.sync.num = 128 (default)
2019-09-05 11:08:59,172 [pool-629-thread-1] INFO  server.RaftServerConfigKeys (ConfUtils.java:logGet(43)) - raft.server.snapshot.auto.trigger.threshold = 10000 (custom)
2019-09-05 11:08:59,173 [pool-619-thread-1] INFO  server.RaftServerConfigKeys (ConfUtils.java:logGet(43)) - raft.server.log.statemachine.data.sync = true (default)
2019-09-05 11:08:59,172 [pool-609-thread-1] INFO  server.RaftServerConfigKeys (ConfUtils.java:logGet(43)) - raft.server.log.segment.size.max = 1048576 (custom)
2019-09-05 11:08:59,173 [pool-619-thread-1] INFO  server.RaftServerConfigKeys (ConfUtils.java:logGet(43)) - raft.server.log.statemachine.data.sync.timeout = 10s (default)
2019-09-05 11:08:59,173 [pool-629-thread-1] INFO  server.RaftServerConfigKeys (ConfUtils.java:logGet(43)) - raft.server.snapshot.retention.num.files = -1 (default)
2019-09-05 11:08:59,173 [pool-619-thread-1] INFO  server.RaftServerConfigKeys (ConfUtils.java:logGet(43)) - raft.server.log.statemachine.data.sync.timeout.retry = -1 (default)
2019-09-05 11:08:59,173 [pool-609-thread-1] INFO  server.RaftServerConfigKeys (ConfUtils.java:logGet(43)) - raft.server.log.preallocated.size = 16384 (custom)
2019-09-05 11:08:59,174 [pool-619-thread-1] INFO  server.RaftServerConfigKeys (ConfUtils.java:logGet(43)) - raft.server.log.statemachine.data.caching.enabled = true (custom)
2019-09-05 11:08:59,173 [pool-629-thread-1] INFO  server.RaftServerConfigKeys (ConfUtils.java:logGet(43)) - raft.server.retrycache.expirytime = 600000ms (custom)
2019-09-05 11:08:59,174 [pool-609-thread-1] INFO  server.RaftServerConfigKeys (ConfUtils.java:logGet(43)) - raft.server.log.write.buffer.size = 33554432 (custom)
2019-09-05 11:08:59,174 [pool-619-thread-1] INFO  segmented.SegmentedRaftLogWorker (SegmentedRaftLogWorker.java:lambda$new$0(132)) - 51496804-6984-4711-896a-dcdac4e82398@group-E8741A9C9FC2-SegmentedRaftLogWorker: flushIndex: setUnconditionally 0 -> -1
2019-09-05 11:08:59,174 [pool-609-thread-1] INFO  server.RaftServerConfigKeys (ConfUtils.java:logGet(43)) - raft.server.log.force.sync.num = 128 (default)
2019-09-05 11:08:59,174 [pool-609-thread-1] INFO  server.RaftServerConfigKeys (ConfUtils.java:logGet(43)) - raft.server.log.statemachine.data.sync = true (default)
2019-09-05 11:08:59,174 [pool-619-thread-1] INFO  server.RaftServerConfigKeys (ConfUtils.java:logGet(43)) - raft.server.snapshot.auto.trigger.enabled = true (custom)
2019-09-05 11:08:59,175 [pool-609-thread-1] INFO  server.RaftServerConfigKeys (ConfUtils.java:logGet(43)) - raft.server.log.statemachine.data.sync.timeout = 10s (default)
2019-09-05 11:08:59,175 [pool-619-thread-1] INFO  server.RaftServerConfigKeys (ConfUtils.java:logGet(43)) - raft.server.snapshot.auto.trigger.threshold = 10000 (custom)
2019-09-05 11:08:59,175 [pool-609-thread-1] INFO  server.RaftServerConfigKeys (ConfUtils.java:logGet(43)) - raft.server.log.statemachine.data.sync.timeout.retry = -1 (default)
2019-09-05 11:08:59,175 [pool-619-thread-1] INFO  server.RaftServerConfigKeys (ConfUtils.java:logGet(43)) - raft.server.snapshot.retention.num.files = -1 (default)
2019-09-05 11:08:59,175 [pool-609-thread-1] INFO  server.RaftServerConfigKeys (ConfUtils.java:logGet(43)) - raft.server.log.statemachine.data.caching.enabled = true (custom)
2019-09-05 11:08:59,175 [pool-619-thread-1] INFO  server.RaftServerConfigKeys (ConfUtils.java:logGet(43)) - raft.server.retrycache.expirytime = 600000ms (custom)
2019-09-05 11:08:59,175 [pool-609-thread-1] INFO  segmented.SegmentedRaftLogWorker (SegmentedRaftLogWorker.java:lambda$new$0(132)) - 83e7b670-d8f5-4375-adb8-3b49caecfda0@group-E8741A9C9FC2-SegmentedRaftLogWorker: flushIndex: setUnconditionally 0 -> -1
2019-09-05 11:08:59,176 [pool-609-thread-1] INFO  server.RaftServerConfigKeys (ConfUtils.java:logGet(43)) - raft.server.snapshot.auto.trigger.enabled = true (custom)
2019-09-05 11:08:59,176 [pool-609-thread-1] INFO  server.RaftServerConfigKeys (ConfUtils.java:logGet(43)) - raft.server.snapshot.auto.trigger.threshold = 10000 (custom)
2019-09-05 11:08:59,176 [pool-609-thread-1] INFO  server.RaftServerConfigKeys (ConfUtils.java:logGet(43)) - raft.server.snapshot.retention.num.files = -1 (default)
2019-09-05 11:08:59,176 [pool-609-thread-1] INFO  server.RaftServerConfigKeys (ConfUtils.java:logGet(43)) - raft.server.retrycache.expirytime = 600000ms (custom)
2019-09-05 11:08:59,176 [pool-629-thread-1] INFO  impl.RaftServerImpl (RaftServerImpl.java:start(185)) - 1aa8c9aa-d82a-4fa9-80dc-356d427b97f3@group-E8741A9C9FC2: start as a follower, conf=-1: [1aa8c9aa-d82a-4fa9-80dc-356d427b97f3:192.168.36.83:34970, 51496804-6984-4711-896a-dcdac4e82398:192.168.36.83:32887, 83e7b670-d8f5-4375-adb8-3b49caecfda0:192.168.36.83:41766], old=null
2019-09-05 11:08:59,176 [pool-629-thread-1] INFO  impl.RaftServerImpl (RaftServerImpl.java:setRole(174)) - 1aa8c9aa-d82a-4fa9-80dc-356d427b97f3@group-E8741A9C9FC2: changes role from      null to FOLLOWER at term 0 for startAsFollower
2019-09-05 11:08:59,177 [pool-629-thread-1] INFO  impl.RoleInfo (RoleInfo.java:updateAndGet(143)) - 1aa8c9aa-d82a-4fa9-80dc-356d427b97f3: start FollowerState
2019-09-05 11:08:59,177 [pool-629-thread-1] INFO  util.JmxRegister (JmxRegister.java:tryRegister(44)) - Successfully registered JMX Bean with object name Ratis:service=RaftServer,group=group-E8741A9C9FC2,id=1aa8c9aa-d82a-4fa9-80dc-356d427b97f3
2019-09-05 11:08:59,177 [pool-619-thread-1] INFO  impl.RaftServerImpl (RaftServerImpl.java:start(185)) - 51496804-6984-4711-896a-dcdac4e82398@group-E8741A9C9FC2: start as a follower, conf=-1: [1aa8c9aa-d82a-4fa9-80dc-356d427b97f3:192.168.36.83:34970, 51496804-6984-4711-896a-dcdac4e82398:192.168.36.83:32887, 83e7b670-d8f5-4375-adb8-3b49caecfda0:192.168.36.83:41766], old=null
2019-09-05 11:08:59,178 [pool-619-thread-1] INFO  impl.RaftServerImpl (RaftServerImpl.java:setRole(174)) - 51496804-6984-4711-896a-dcdac4e82398@group-E8741A9C9FC2: changes role from      null to FOLLOWER at term 0 for startAsFollower
2019-09-05 11:08:59,178 [pool-619-thread-1] INFO  impl.RoleInfo (RoleInfo.java:updateAndGet(143)) - 51496804-6984-4711-896a-dcdac4e82398: start FollowerState
2019-09-05 11:08:59,178 [pool-609-thread-1] INFO  impl.RaftServerImpl (RaftServerImpl.java:start(185)) - 83e7b670-d8f5-4375-adb8-3b49caecfda0@group-E8741A9C9FC2: start as a follower, conf=-1: [1aa8c9aa-d82a-4fa9-80dc-356d427b97f3:192.168.36.83:34970, 51496804-6984-4711-896a-dcdac4e82398:192.168.36.83:32887, 83e7b670-d8f5-4375-adb8-3b49caecfda0:192.168.36.83:41766], old=null
2019-09-05 11:08:59,178 [pool-619-thread-1] INFO  util.JmxRegister (JmxRegister.java:tryRegister(44)) - Successfully registered JMX Bean with object name Ratis:service=RaftServer,group=group-E8741A9C9FC2,id=51496804-6984-4711-896a-dcdac4e82398
2019-09-05 11:08:59,178 [pool-609-thread-1] INFO  impl.RaftServerImpl (RaftServerImpl.java:setRole(174)) - 83e7b670-d8f5-4375-adb8-3b49caecfda0@group-E8741A9C9FC2: changes role from      null to FOLLOWER at term 0 for startAsFollower
2019-09-05 11:08:59,178 [pool-609-thread-1] INFO  impl.RoleInfo (RoleInfo.java:updateAndGet(143)) - 83e7b670-d8f5-4375-adb8-3b49caecfda0: start FollowerState
2019-09-05 11:08:59,179 [pool-609-thread-1] INFO  util.JmxRegister (JmxRegister.java:tryRegister(44)) - Successfully registered JMX Bean with object name Ratis:service=RaftServer,group=group-E8741A9C9FC2,id=83e7b670-d8f5-4375-adb8-3b49caecfda0
2019-09-05 11:08:59,199 [RatisPipelineUtilsThread] INFO  pipeline.PipelineStateManager (PipelineStateManager.java:addPipeline(56)) - Created pipeline Pipeline[ Id: 8196b794-fbd5-4265-ad6f-e8741a9c9fc2, Nodes: 51496804-6984-4711-896a-dcdac4e82398{ip: 192.168.36.83, host: pr-hdds-1561-gm47z-337254333, networkLocation: /default-rack, certSerialId: null}1aa8c9aa-d82a-4fa9-80dc-356d427b97f3{ip: 192.168.36.83, host: pr-hdds-1561-gm47z-337254333, networkLocation: /default-rack, certSerialId: null}83e7b670-d8f5-4375-adb8-3b49caecfda0{ip: 192.168.36.83, host: pr-hdds-1561-gm47z-337254333, networkLocation: /default-rack, certSerialId: null}, Type:RATIS, Factor:THREE, State:OPEN]
2019-09-05 11:08:59,585 [main] INFO  ozone.MiniOzoneClusterImpl (MiniOzoneClusterImpl.java:lambda$waitForClusterToBeReady$0(140)) - Cluster is ready. Got 7 of 7 DN Heartbeats.
2019-09-05 11:08:59,632 [main] INFO  rpc.RpcClient (RpcClient.java:createVolume(293)) - Creating Volume: testblockoutputstream, with jenkins1000 as owner.
2019-09-05 11:08:59,801 [main] INFO  rpc.RpcClient (RpcClient.java:createBucket(432)) - Creating Bucket: testblockoutputstream/testblockoutputstream, with Versioning false and Storage Type set to DISK and Encryption set to false 
2019-09-05 11:08:59,833 [grpc-default-executor-6] INFO  client.GrpcClientProtocolClient (GrpcClientProtocolClient.java:onNext(264)) - client-8A0AD3197E19->fa38275b-b6c1-4443-ac3f-7d574d73b3ca: receive RaftClientReply:client-8A0AD3197E19->fa38275b-b6c1-4443-ac3f-7d574d73b3ca@group-4349743B73F7, cid=222, FAILED org.apache.ratis.protocol.NotLeaderException: Server fa38275b-b6c1-4443-ac3f-7d574d73b3ca@group-4349743B73F7 is not the leader, logIndex=0, commits[fa38275b-b6c1-4443-ac3f-7d574d73b3ca:c-1]
2019-09-05 11:09:00,855 [grpc-default-executor-9] INFO  client.GrpcClientProtocolClient (GrpcClientProtocolClient.java:onNext(264)) - client-8A0AD3197E19->9fc77e25-aa5c-460f-a7c3-4d68bf1388cb: receive RaftClientReply:client-8A0AD3197E19->9fc77e25-aa5c-460f-a7c3-4d68bf1388cb@group-4349743B73F7, cid=222, FAILED org.apache.ratis.protocol.NotLeaderException: Server 9fc77e25-aa5c-460f-a7c3-4d68bf1388cb@group-4349743B73F7 is not the leader, logIndex=0, commits[9fc77e25-aa5c-460f-a7c3-4d68bf1388cb:c-1]
2019-09-05 11:09:01,057 [Thread-4104] INFO  container.ReplicationManager (ReplicationManager.java:start(162)) - Starting Replication Monitor Thread.
2019-09-05 11:09:01,064 [ReplicationMonitor] INFO  container.ReplicationManager (ReplicationManager.java:run(225)) - Replication Monitor Thread took 0 milliseconds for processing 1 containers.
2019-09-05 11:09:01,867 [grpc-default-executor-9] INFO  client.GrpcClientProtocolClient (GrpcClientProtocolClient.java:onNext(264)) - client-8A0AD3197E19->66668c9f-d169-4830-982b-36ce67e74237: receive RaftClientReply:client-8A0AD3197E19->66668c9f-d169-4830-982b-36ce67e74237@group-4349743B73F7, cid=222, FAILED org.apache.ratis.protocol.NotLeaderException: Server 66668c9f-d169-4830-982b-36ce67e74237@group-4349743B73F7 is not the leader, logIndex=0, commits[66668c9f-d169-4830-982b-36ce67e74237:c-1]
2019-09-05 11:09:02,883 [grpc-default-executor-9] INFO  client.GrpcClientProtocolClient (GrpcClientProtocolClient.java:onNext(264)) - client-8A0AD3197E19->fa38275b-b6c1-4443-ac3f-7d574d73b3ca: receive RaftClientReply:client-8A0AD3197E19->fa38275b-b6c1-4443-ac3f-7d574d73b3ca@group-4349743B73F7, cid=222, FAILED org.apache.ratis.protocol.NotLeaderException: Server fa38275b-b6c1-4443-ac3f-7d574d73b3ca@group-4349743B73F7 is not the leader, logIndex=0, commits[fa38275b-b6c1-4443-ac3f-7d574d73b3ca:c-1]
2019-09-05 11:09:03,299 [Thread-4106] INFO  impl.FollowerState (FollowerState.java:run(106)) - 9fc77e25-aa5c-460f-a7c3-4d68bf1388cb:group-F46C0A5B86FF changes to CANDIDATE, lastRpcTime:5109, electionTimeout:5109ms
2019-09-05 11:09:03,299 [Thread-4106] INFO  impl.RoleInfo (RoleInfo.java:shutdownFollowerState(121)) - 9fc77e25-aa5c-460f-a7c3-4d68bf1388cb: shutdown FollowerState
2019-09-05 11:09:03,300 [Thread-4106] INFO  impl.RaftServerImpl (RaftServerImpl.java:setRole(174)) - 9fc77e25-aa5c-460f-a7c3-4d68bf1388cb@group-F46C0A5B86FF: changes role from  FOLLOWER to CANDIDATE at term 0 for changeToCandidate
2019-09-05 11:09:03,300 [Thread-4106] INFO  impl.RoleInfo (RoleInfo.java:updateAndGet(143)) - 9fc77e25-aa5c-460f-a7c3-4d68bf1388cb: start LeaderElection
2019-09-05 11:09:03,360 [9fc77e25-aa5c-460f-a7c3-4d68bf1388cb@group-F46C0A5B86FF:LeaderElection120] INFO  impl.LeaderElection (LeaderElection.java:askForVotes(182)) - 9fc77e25-aa5c-460f-a7c3-4d68bf1388cb@group-F46C0A5B86FF:LeaderElection120: begin an election at term 1 for -1: [9fc77e25-aa5c-460f-a7c3-4d68bf1388cb:192.168.36.83:45703], old=null
2019-09-05 11:09:03,360 [9fc77e25-aa5c-460f-a7c3-4d68bf1388cb@group-F46C0A5B86FF:LeaderElection120] INFO  impl.RoleInfo (RoleInfo.java:shutdownLeaderElection(134)) - 9fc77e25-aa5c-460f-a7c3-4d68bf1388cb: shutdown LeaderElection
2019-09-05 11:09:03,360 [9fc77e25-aa5c-460f-a7c3-4d68bf1388cb@group-F46C0A5B86FF:LeaderElection120] INFO  impl.RaftServerImpl (RaftServerImpl.java:setRole(174)) - 9fc77e25-aa5c-460f-a7c3-4d68bf1388cb@group-F46C0A5B86FF: changes role from CANDIDATE to LEADER at term 1 for changeToLeader
2019-09-05 11:09:03,361 [9fc77e25-aa5c-460f-a7c3-4d68bf1388cb@group-F46C0A5B86FF:LeaderElection120] INFO  impl.RaftServerImpl (ServerState.java:setLeader(253)) - 9fc77e25-aa5c-460f-a7c3-4d68bf1388cb@group-F46C0A5B86FF: change Leader from null to 9fc77e25-aa5c-460f-a7c3-4d68bf1388cb at term 1 for becomeLeader, leader elected after 5177ms
2019-09-05 11:09:03,361 [9fc77e25-aa5c-460f-a7c3-4d68bf1388cb@group-F46C0A5B86FF:LeaderElection120] INFO  server.RaftServerConfigKeys (ConfUtils.java:logGet(43)) - raft.server.staging.catchup.gap = 1000 (default)
2019-09-05 11:09:03,361 [9fc77e25-aa5c-460f-a7c3-4d68bf1388cb@group-F46C0A5B86FF:LeaderElection120] INFO  server.RaftServerConfigKeys (ConfUtils.java:logGet(43)) - raft.server.rpc.sleep.time = 25ms (default)
2019-09-05 11:09:03,362 [9fc77e25-aa5c-460f-a7c3-4d68bf1388cb@group-F46C0A5B86FF:LeaderElection120] INFO  server.RaftServerConfigKeys (ConfUtils.java:logGet(43)) - raft.server.write.element-limit = 4096 (default)
2019-09-05 11:09:03,362 [9fc77e25-aa5c-460f-a7c3-4d68bf1388cb@group-F46C0A5B86FF:LeaderElection120] INFO  server.RaftServerConfigKeys (ConfUtils.java:logGet(43)) - raft.server.watch.timeout = 10s (default)
2019-09-05 11:09:03,362 [9fc77e25-aa5c-460f-a7c3-4d68bf1388cb@group-F46C0A5B86FF:LeaderElection120] INFO  server.RaftServerConfigKeys (ConfUtils.java:logGet(43)) - raft.server.watch.timeout.denomination = 1s (default)
2019-09-05 11:09:03,362 [9fc77e25-aa5c-460f-a7c3-4d68bf1388cb@group-F46C0A5B86FF:LeaderElection120] INFO  server.RaftServerConfigKeys (ConfUtils.java:logGet(43)) - raft.server.watch.element-limit = 65536 (default)
2019-09-05 11:09:03,365 [9fc77e25-aa5c-460f-a7c3-4d68bf1388cb@group-F46C0A5B86FF:LeaderElection120] INFO  impl.RoleInfo (RoleInfo.java:updateAndGet(143)) - 9fc77e25-aa5c-460f-a7c3-4d68bf1388cb: start LeaderState
2019-09-05 11:09:03,366 [9fc77e25-aa5c-460f-a7c3-4d68bf1388cb@group-F46C0A5B86FF:LeaderElection120] INFO  segmented.SegmentedRaftLogWorker (SegmentedRaftLogWorker.java:startLogSegment(380)) - 9fc77e25-aa5c-460f-a7c3-4d68bf1388cb@group-F46C0A5B86FF-SegmentedRaftLogWorker: Starting segment from index:0
2019-09-05 11:09:03,367 [9fc77e25-aa5c-460f-a7c3-4d68bf1388cb@group-F46C0A5B86FF:LeaderElection120] INFO  impl.RaftServerImpl (ServerState.java:setRaftConf(354)) - 9fc77e25-aa5c-460f-a7c3-4d68bf1388cb@group-F46C0A5B86FF: set configuration 0: [9fc77e25-aa5c-460f-a7c3-4d68bf1388cb:192.168.36.83:45703], old=null at 0
2019-09-05 11:09:03,452 [9fc77e25-aa5c-460f-a7c3-4d68bf1388cb@group-F46C0A5B86FF-SegmentedRaftLogWorker] INFO  segmented.SegmentedRaftLogWorker (SegmentedRaftLogWorker.java:execute(569)) - 9fc77e25-aa5c-460f-a7c3-4d68bf1388cb@group-F46C0A5B86FF-SegmentedRaftLogWorker: created new log segment /workdir/hadoop-ozone/integration-test/target/test-dir/MiniOzoneClusterImpl-844c3fa4-9b6f-47fc-a83e-e9a93d390c1e/datanode-0/data/ratis/fb0754ad-f668-4dc7-a2cd-f46c0a5b86ff/current/log_inprogress_0
2019-09-05 11:09:03,553 [Thread-4109] INFO  impl.FollowerState (FollowerState.java:run(106)) - f298343a-9d6f-44c1-b3fe-897e14769cc7:group-D5AE8263EA51 changes to CANDIDATE, lastRpcTime:5182, electionTimeout:5182ms
2019-09-05 11:09:03,553 [Thread-4109] INFO  impl.RoleInfo (RoleInfo.java:shutdownFollowerState(121)) - f298343a-9d6f-44c1-b3fe-897e14769cc7: shutdown FollowerState
2019-09-05 11:09:03,553 [Thread-4109] INFO  impl.RaftServerImpl (RaftServerImpl.java:setRole(174)) - f298343a-9d6f-44c1-b3fe-897e14769cc7@group-D5AE8263EA51: changes role from  FOLLOWER to CANDIDATE at term 0 for changeToCandidate
2019-09-05 11:09:03,554 [Thread-4109] INFO  impl.RoleInfo (RoleInfo.java:updateAndGet(143)) - f298343a-9d6f-44c1-b3fe-897e14769cc7: start LeaderElection
2019-09-05 11:09:03,638 [Thread-4115] INFO  impl.FollowerState (FollowerState.java:run(106)) - 1aa8c9aa-d82a-4fa9-80dc-356d427b97f3:group-947DA3E7CF48 changes to CANDIDATE, lastRpcTime:5070, electionTimeout:5060ms
2019-09-05 11:09:03,638 [Thread-4115] INFO  impl.RoleInfo (RoleInfo.java:shutdownFollowerState(121)) - 1aa8c9aa-d82a-4fa9-80dc-356d427b97f3: shutdown FollowerState
2019-09-05 11:09:03,638 [Thread-4115] INFO  impl.RaftServerImpl (RaftServerImpl.java:setRole(174)) - 1aa8c9aa-d82a-4fa9-80dc-356d427b97f3@group-947DA3E7CF48: changes role from  FOLLOWER to CANDIDATE at term 0 for changeToCandidate
2019-09-05 11:09:03,638 [Thread-4115] INFO  impl.RoleInfo (RoleInfo.java:updateAndGet(143)) - 1aa8c9aa-d82a-4fa9-80dc-356d427b97f3: start LeaderElection
2019-09-05 11:09:03,650 [Thread-4112] INFO  impl.FollowerState (FollowerState.java:run(106)) - 51496804-6984-4711-896a-dcdac4e82398:group-9D16D2E5D7A7 changes to CANDIDATE, lastRpcTime:5166, electionTimeout:5166ms
2019-09-05 11:09:03,651 [Thread-4112] INFO  impl.RoleInfo (RoleInfo.java:shutdownFollowerState(121)) - 51496804-6984-4711-896a-dcdac4e82398: shutdown FollowerState
2019-09-05 11:09:03,651 [Thread-4112] INFO  impl.RaftServerImpl (RaftServerImpl.java:setRole(174)) - 51496804-6984-4711-896a-dcdac4e82398@group-9D16D2E5D7A7: changes role from  FOLLOWER to CANDIDATE at term 0 for changeToCandidate
2019-09-05 11:09:03,651 [Thread-4112] INFO  impl.RoleInfo (RoleInfo.java:updateAndGet(143)) - 51496804-6984-4711-896a-dcdac4e82398: start LeaderElection
2019-09-05 11:09:03,698 [f298343a-9d6f-44c1-b3fe-897e14769cc7@group-D5AE8263EA51:LeaderElection121] INFO  impl.LeaderElection (LeaderElection.java:askForVotes(182)) - f298343a-9d6f-44c1-b3fe-897e14769cc7@group-D5AE8263EA51:LeaderElection121: begin an election at term 1 for -1: [f298343a-9d6f-44c1-b3fe-897e14769cc7:192.168.36.83:34398], old=null
2019-09-05 11:09:03,698 [1aa8c9aa-d82a-4fa9-80dc-356d427b97f3@group-947DA3E7CF48:LeaderElection122] INFO  impl.LeaderElection (LeaderElection.java:askForVotes(182)) - 1aa8c9aa-d82a-4fa9-80dc-356d427b97f3@group-947DA3E7CF48:LeaderElection122: begin an election at term 1 for -1: [1aa8c9aa-d82a-4fa9-80dc-356d427b97f3:192.168.36.83:34970], old=null
2019-09-05 11:09:03,698 [51496804-6984-4711-896a-dcdac4e82398@group-9D16D2E5D7A7:LeaderElection123] INFO  impl.LeaderElection (LeaderElection.java:askForVotes(182)) - 51496804-6984-4711-896a-dcdac4e82398@group-9D16D2E5D7A7:LeaderElection123: begin an election at term 1 for -1: [51496804-6984-4711-896a-dcdac4e82398:192.168.36.83:32887], old=null
2019-09-05 11:09:03,698 [f298343a-9d6f-44c1-b3fe-897e14769cc7@group-D5AE8263EA51:LeaderElection121] INFO  impl.RoleInfo (RoleInfo.java:shutdownLeaderElection(134)) - f298343a-9d6f-44c1-b3fe-897e14769cc7: shutdown LeaderElection
2019-09-05 11:09:03,698 [1aa8c9aa-d82a-4fa9-80dc-356d427b97f3@group-947DA3E7CF48:LeaderElection122] INFO  impl.RoleInfo (RoleInfo.java:shutdownLeaderElection(134)) - 1aa8c9aa-d82a-4fa9-80dc-356d427b97f3: shutdown LeaderElection
2019-09-05 11:09:03,698 [51496804-6984-4711-896a-dcdac4e82398@group-9D16D2E5D7A7:LeaderElection123] INFO  impl.RoleInfo (RoleInfo.java:shutdownLeaderElection(134)) - 51496804-6984-4711-896a-dcdac4e82398: shutdown LeaderElection
2019-09-05 11:09:03,699 [f298343a-9d6f-44c1-b3fe-897e14769cc7@group-D5AE8263EA51:LeaderElection121] INFO  impl.RaftServerImpl (RaftServerImpl.java:setRole(174)) - f298343a-9d6f-44c1-b3fe-897e14769cc7@group-D5AE8263EA51: changes role from CANDIDATE to LEADER at term 1 for changeToLeader
2019-09-05 11:09:03,699 [1aa8c9aa-d82a-4fa9-80dc-356d427b97f3@group-947DA3E7CF48:LeaderElection122] INFO  impl.RaftServerImpl (RaftServerImpl.java:setRole(174)) - 1aa8c9aa-d82a-4fa9-80dc-356d427b97f3@group-947DA3E7CF48: changes role from CANDIDATE to LEADER at term 1 for changeToLeader
2019-09-05 11:09:03,699 [f298343a-9d6f-44c1-b3fe-897e14769cc7@group-D5AE8263EA51:LeaderElection121] INFO  impl.RaftServerImpl (ServerState.java:setLeader(253)) - f298343a-9d6f-44c1-b3fe-897e14769cc7@group-D5AE8263EA51: change Leader from null to f298343a-9d6f-44c1-b3fe-897e14769cc7 at term 1 for becomeLeader, leader elected after 5334ms
2019-09-05 11:09:03,699 [51496804-6984-4711-896a-dcdac4e82398@group-9D16D2E5D7A7:LeaderElection123] INFO  impl.RaftServerImpl (RaftServerImpl.java:setRole(174)) - 51496804-6984-4711-896a-dcdac4e82398@group-9D16D2E5D7A7: changes role from CANDIDATE to LEADER at term 1 for changeToLeader
2019-09-05 11:09:03,699 [1aa8c9aa-d82a-4fa9-80dc-356d427b97f3@group-947DA3E7CF48:LeaderElection122] INFO  impl.RaftServerImpl (ServerState.java:setLeader(253)) - 1aa8c9aa-d82a-4fa9-80dc-356d427b97f3@group-947DA3E7CF48: change Leader from null to 1aa8c9aa-d82a-4fa9-80dc-356d427b97f3 at term 1 for becomeLeader, leader elected after 5137ms
2019-09-05 11:09:03,699 [51496804-6984-4711-896a-dcdac4e82398@group-9D16D2E5D7A7:LeaderElection123] INFO  impl.RaftServerImpl (ServerState.java:setLeader(253)) - 51496804-6984-4711-896a-dcdac4e82398@group-9D16D2E5D7A7: change Leader from null to 51496804-6984-4711-896a-dcdac4e82398 at term 1 for becomeLeader, leader elected after 5222ms
2019-09-05 11:09:03,700 [1aa8c9aa-d82a-4fa9-80dc-356d427b97f3@group-947DA3E7CF48:LeaderElection122] INFO  server.RaftServerConfigKeys (ConfUtils.java:logGet(43)) - raft.server.staging.catchup.gap = 1000 (default)
2019-09-05 11:09:03,699 [f298343a-9d6f-44c1-b3fe-897e14769cc7@group-D5AE8263EA51:LeaderElection121] INFO  server.RaftServerConfigKeys (ConfUtils.java:logGet(43)) - raft.server.staging.catchup.gap = 1000 (default)
2019-09-05 11:09:03,700 [1aa8c9aa-d82a-4fa9-80dc-356d427b97f3@group-947DA3E7CF48:LeaderElection122] INFO  server.RaftServerConfigKeys (ConfUtils.java:logGet(43)) - raft.server.rpc.sleep.time = 25ms (default)
2019-09-05 11:09:03,700 [51496804-6984-4711-896a-dcdac4e82398@group-9D16D2E5D7A7:LeaderElection123] INFO  server.RaftServerConfigKeys (ConfUtils.java:logGet(43)) - raft.server.staging.catchup.gap = 1000 (default)
2019-09-05 11:09:03,700 [f298343a-9d6f-44c1-b3fe-897e14769cc7@group-D5AE8263EA51:LeaderElection121] INFO  server.RaftServerConfigKeys (ConfUtils.java:logGet(43)) - raft.server.rpc.sleep.time = 25ms (default)
2019-09-05 11:09:03,700 [51496804-6984-4711-896a-dcdac4e82398@group-9D16D2E5D7A7:LeaderElection123] INFO  server.RaftServerConfigKeys (ConfUtils.java:logGet(43)) - raft.server.rpc.sleep.time = 25ms (default)
2019-09-05 11:09:03,700 [1aa8c9aa-d82a-4fa9-80dc-356d427b97f3@group-947DA3E7CF48:LeaderElection122] INFO  server.RaftServerConfigKeys (ConfUtils.java:logGet(43)) - raft.server.write.element-limit = 4096 (default)
2019-09-05 11:09:03,701 [51496804-6984-4711-896a-dcdac4e82398@group-9D16D2E5D7A7:LeaderElection123] INFO  server.RaftServerConfigKeys (ConfUtils.java:logGet(43)) - raft.server.write.element-limit = 4096 (default)
2019-09-05 11:09:03,700 [f298343a-9d6f-44c1-b3fe-897e14769cc7@group-D5AE8263EA51:LeaderElection121] INFO  server.RaftServerConfigKeys (ConfUtils.java:logGet(43)) - raft.server.write.element-limit = 4096 (default)
2019-09-05 11:09:03,701 [51496804-6984-4711-896a-dcdac4e82398@group-9D16D2E5D7A7:LeaderElection123] INFO  server.RaftServerConfigKeys (ConfUtils.java:logGet(43)) - raft.server.watch.timeout = 10s (default)
2019-09-05 11:09:03,701 [1aa8c9aa-d82a-4fa9-80dc-356d427b97f3@group-947DA3E7CF48:LeaderElection122] INFO  server.RaftServerConfigKeys (ConfUtils.java:logGet(43)) - raft.server.watch.timeout = 10s (default)
2019-09-05 11:09:03,701 [51496804-6984-4711-896a-dcdac4e82398@group-9D16D2E5D7A7:LeaderElection123] INFO  server.RaftServerConfigKeys (ConfUtils.java:logGet(43)) - raft.server.watch.timeout.denomination = 1s (default)
2019-09-05 11:09:03,701 [f298343a-9d6f-44c1-b3fe-897e14769cc7@group-D5AE8263EA51:LeaderElection121] INFO  server.RaftServerConfigKeys (ConfUtils.java:logGet(43)) - raft.server.watch.timeout = 10s (default)
2019-09-05 11:09:03,701 [51496804-6984-4711-896a-dcdac4e82398@group-9D16D2E5D7A7:LeaderElection123] INFO  server.RaftServerConfigKeys (ConfUtils.java:logGet(43)) - raft.server.watch.element-limit = 65536 (default)
2019-09-05 11:09:03,701 [1aa8c9aa-d82a-4fa9-80dc-356d427b97f3@group-947DA3E7CF48:LeaderElection122] INFO  server.RaftServerConfigKeys (ConfUtils.java:logGet(43)) - raft.server.watch.timeout.denomination = 1s (default)
2019-09-05 11:09:03,702 [f298343a-9d6f-44c1-b3fe-897e14769cc7@group-D5AE8263EA51:LeaderElection121] INFO  server.RaftServerConfigKeys (ConfUtils.java:logGet(43)) - raft.server.watch.timeout.denomination = 1s (default)
2019-09-05 11:09:03,702 [1aa8c9aa-d82a-4fa9-80dc-356d427b97f3@group-947DA3E7CF48:LeaderElection122] INFO  server.RaftServerConfigKeys (ConfUtils.java:logGet(43)) - raft.server.watch.element-limit = 65536 (default)
2019-09-05 11:09:03,702 [f298343a-9d6f-44c1-b3fe-897e14769cc7@group-D5AE8263EA51:LeaderElection121] INFO  server.RaftServerConfigKeys (ConfUtils.java:logGet(43)) - raft.server.watch.element-limit = 65536 (default)
2019-09-05 11:09:03,707 [1aa8c9aa-d82a-4fa9-80dc-356d427b97f3@group-947DA3E7CF48:LeaderElection122] INFO  impl.RoleInfo (RoleInfo.java:updateAndGet(143)) - 1aa8c9aa-d82a-4fa9-80dc-356d427b97f3: start LeaderState
2019-09-05 11:09:03,707 [f298343a-9d6f-44c1-b3fe-897e14769cc7@group-D5AE8263EA51:LeaderElection121] INFO  impl.RoleInfo (RoleInfo.java:updateAndGet(143)) - f298343a-9d6f-44c1-b3fe-897e14769cc7: start LeaderState
2019-09-05 11:09:03,707 [51496804-6984-4711-896a-dcdac4e82398@group-9D16D2E5D7A7:LeaderElection123] INFO  impl.RoleInfo (RoleInfo.java:updateAndGet(143)) - 51496804-6984-4711-896a-dcdac4e82398: start LeaderState
2019-09-05 11:09:03,708 [1aa8c9aa-d82a-4fa9-80dc-356d427b97f3@group-947DA3E7CF48:LeaderElection122] INFO  segmented.SegmentedRaftLogWorker (SegmentedRaftLogWorker.java:startLogSegment(380)) - 1aa8c9aa-d82a-4fa9-80dc-356d427b97f3@group-947DA3E7CF48-SegmentedRaftLogWorker: Starting segment from index:0
2019-09-05 11:09:03,708 [51496804-6984-4711-896a-dcdac4e82398@group-9D16D2E5D7A7:LeaderElection123] INFO  segmented.SegmentedRaftLogWorker (SegmentedRaftLogWorker.java:startLogSegment(380)) - 51496804-6984-4711-896a-dcdac4e82398@group-9D16D2E5D7A7-SegmentedRaftLogWorker: Starting segment from index:0
2019-09-05 11:09:03,708 [f298343a-9d6f-44c1-b3fe-897e14769cc7@group-D5AE8263EA51:LeaderElection121] INFO  segmented.SegmentedRaftLogWorker (SegmentedRaftLogWorker.java:startLogSegment(380)) - f298343a-9d6f-44c1-b3fe-897e14769cc7@group-D5AE8263EA51-SegmentedRaftLogWorker: Starting segment from index:0
2019-09-05 11:09:03,709 [f298343a-9d6f-44c1-b3fe-897e14769cc7@group-D5AE8263EA51:LeaderElection121] INFO  impl.RaftServerImpl (ServerState.java:setRaftConf(354)) - f298343a-9d6f-44c1-b3fe-897e14769cc7@group-D5AE8263EA51: set configuration 0: [f298343a-9d6f-44c1-b3fe-897e14769cc7:192.168.36.83:34398], old=null at 0
2019-09-05 11:09:03,709 [1aa8c9aa-d82a-4fa9-80dc-356d427b97f3@group-947DA3E7CF48:LeaderElection122] INFO  impl.RaftServerImpl (ServerState.java:setRaftConf(354)) - 1aa8c9aa-d82a-4fa9-80dc-356d427b97f3@group-947DA3E7CF48: set configuration 0: [1aa8c9aa-d82a-4fa9-80dc-356d427b97f3:192.168.36.83:34970], old=null at 0
2019-09-05 11:09:03,709 [51496804-6984-4711-896a-dcdac4e82398@group-9D16D2E5D7A7:LeaderElection123] INFO  impl.RaftServerImpl (ServerState.java:setRaftConf(354)) - 51496804-6984-4711-896a-dcdac4e82398@group-9D16D2E5D7A7: set configuration 0: [51496804-6984-4711-896a-dcdac4e82398:192.168.36.83:32887], old=null at 0
2019-09-05 11:09:03,752 [Thread-4118] INFO  impl.FollowerState (FollowerState.java:run(106)) - fa38275b-b6c1-4443-ac3f-7d574d73b3ca:group-CF2D3D6AC4D1 changes to CANDIDATE, lastRpcTime:5063, electionTimeout:5058ms
2019-09-05 11:09:03,754 [Thread-4118] INFO  impl.RoleInfo (RoleInfo.java:shutdownFollowerState(121)) - fa38275b-b6c1-4443-ac3f-7d574d73b3ca: shutdown FollowerState
2019-09-05 11:09:03,754 [Thread-4118] INFO  impl.RaftServerImpl (RaftServerImpl.java:setRole(174)) - fa38275b-b6c1-4443-ac3f-7d574d73b3ca@group-CF2D3D6AC4D1: changes role from  FOLLOWER to CANDIDATE at term 0 for changeToCandidate
2019-09-05 11:09:03,755 [Thread-4118] INFO  impl.RoleInfo (RoleInfo.java:updateAndGet(143)) - fa38275b-b6c1-4443-ac3f-7d574d73b3ca: start LeaderElection
2019-09-05 11:09:03,771 [51496804-6984-4711-896a-dcdac4e82398@group-9D16D2E5D7A7-SegmentedRaftLogWorker] INFO  segmented.SegmentedRaftLogWorker (SegmentedRaftLogWorker.java:execute(569)) - 51496804-6984-4711-896a-dcdac4e82398@group-9D16D2E5D7A7-SegmentedRaftLogWorker: created new log segment /workdir/hadoop-ozone/integration-test/target/test-dir/MiniOzoneClusterImpl-844c3fa4-9b6f-47fc-a83e-e9a93d390c1e/datanode-3/data/ratis/c1c7e622-024e-4cf9-a3e1-9d16d2e5d7a7/current/log_inprogress_0
2019-09-05 11:09:03,771 [1aa8c9aa-d82a-4fa9-80dc-356d427b97f3@group-947DA3E7CF48-SegmentedRaftLogWorker] INFO  segmented.SegmentedRaftLogWorker (SegmentedRaftLogWorker.java:execute(569)) - 1aa8c9aa-d82a-4fa9-80dc-356d427b97f3@group-947DA3E7CF48-SegmentedRaftLogWorker: created new log segment /workdir/hadoop-ozone/integration-test/target/test-dir/MiniOzoneClusterImpl-844c3fa4-9b6f-47fc-a83e-e9a93d390c1e/datanode-4/data/ratis/29245f3a-b525-4b2a-b82a-947da3e7cf48/current/log_inprogress_0
2019-09-05 11:09:03,771 [f298343a-9d6f-44c1-b3fe-897e14769cc7@group-D5AE8263EA51-SegmentedRaftLogWorker] INFO  segmented.SegmentedRaftLogWorker (SegmentedRaftLogWorker.java:execute(569)) - f298343a-9d6f-44c1-b3fe-897e14769cc7@group-D5AE8263EA51-SegmentedRaftLogWorker: created new log segment /workdir/hadoop-ozone/integration-test/target/test-dir/MiniOzoneClusterImpl-844c3fa4-9b6f-47fc-a83e-e9a93d390c1e/datanode-1/data/ratis/dbe41414-fa9c-40dd-8bd3-d5ae8263ea51/current/log_inprogress_0
2019-09-05 11:09:03,807 [fa38275b-b6c1-4443-ac3f-7d574d73b3ca@group-CF2D3D6AC4D1:LeaderElection124] INFO  impl.LeaderElection (LeaderElection.java:askForVotes(182)) - fa38275b-b6c1-4443-ac3f-7d574d73b3ca@group-CF2D3D6AC4D1:LeaderElection124: begin an election at term 1 for -1: [fa38275b-b6c1-4443-ac3f-7d574d73b3ca:192.168.36.83:40471], old=null
2019-09-05 11:09:03,807 [fa38275b-b6c1-4443-ac3f-7d574d73b3ca@group-CF2D3D6AC4D1:LeaderElection124] INFO  impl.RoleInfo (RoleInfo.java:shutdownLeaderElection(134)) - fa38275b-b6c1-4443-ac3f-7d574d73b3ca: shutdown LeaderElection
2019-09-05 11:09:03,807 [fa38275b-b6c1-4443-ac3f-7d574d73b3ca@group-CF2D3D6AC4D1:LeaderElection124] INFO  impl.RaftServerImpl (RaftServerImpl.java:setRole(174)) - fa38275b-b6c1-4443-ac3f-7d574d73b3ca@group-CF2D3D6AC4D1: changes role from CANDIDATE to LEADER at term 1 for changeToLeader
2019-09-05 11:09:03,807 [fa38275b-b6c1-4443-ac3f-7d574d73b3ca@group-CF2D3D6AC4D1:LeaderElection124] INFO  impl.RaftServerImpl (ServerState.java:setLeader(253)) - fa38275b-b6c1-4443-ac3f-7d574d73b3ca@group-CF2D3D6AC4D1: change Leader from null to fa38275b-b6c1-4443-ac3f-7d574d73b3ca at term 1 for becomeLeader, leader elected after 5128ms
2019-09-05 11:09:03,807 [fa38275b-b6c1-4443-ac3f-7d574d73b3ca@group-CF2D3D6AC4D1:LeaderElection124] INFO  server.RaftServerConfigKeys (ConfUtils.java:logGet(43)) - raft.server.staging.catchup.gap = 1000 (default)
2019-09-05 11:09:03,808 [fa38275b-b6c1-4443-ac3f-7d574d73b3ca@group-CF2D3D6AC4D1:LeaderElection124] INFO  server.RaftServerConfigKeys (ConfUtils.java:logGet(43)) - raft.server.rpc.sleep.time = 25ms (default)
2019-09-05 11:09:03,808 [fa38275b-b6c1-4443-ac3f-7d574d73b3ca@group-CF2D3D6AC4D1:LeaderElection124] INFO  server.RaftServerConfigKeys (ConfUtils.java:logGet(43)) - raft.server.write.element-limit = 4096 (default)
2019-09-05 11:09:03,808 [fa38275b-b6c1-4443-ac3f-7d574d73b3ca@group-CF2D3D6AC4D1:LeaderElection124] INFO  server.RaftServerConfigKeys (ConfUtils.java:logGet(43)) - raft.server.watch.timeout = 10s (default)
2019-09-05 11:09:03,808 [fa38275b-b6c1-4443-ac3f-7d574d73b3ca@group-CF2D3D6AC4D1:LeaderElection124] INFO  server.RaftServerConfigKeys (ConfUtils.java:logGet(43)) - raft.server.watch.timeout.denomination = 1s (default)
2019-09-05 11:09:03,808 [fa38275b-b6c1-4443-ac3f-7d574d73b3ca@group-CF2D3D6AC4D1:LeaderElection124] INFO  server.RaftServerConfigKeys (ConfUtils.java:logGet(43)) - raft.server.watch.element-limit = 65536 (default)
2019-09-05 11:09:03,810 [fa38275b-b6c1-4443-ac3f-7d574d73b3ca@group-CF2D3D6AC4D1:LeaderElection124] INFO  impl.RoleInfo (RoleInfo.java:updateAndGet(143)) - fa38275b-b6c1-4443-ac3f-7d574d73b3ca: start LeaderState
2019-09-05 11:09:03,810 [fa38275b-b6c1-4443-ac3f-7d574d73b3ca@group-CF2D3D6AC4D1:LeaderElection124] INFO  segmented.SegmentedRaftLogWorker (SegmentedRaftLogWorker.java:startLogSegment(380)) - fa38275b-b6c1-4443-ac3f-7d574d73b3ca@group-CF2D3D6AC4D1-SegmentedRaftLogWorker: Starting segment from index:0
2019-09-05 11:09:03,811 [fa38275b-b6c1-4443-ac3f-7d574d73b3ca@group-CF2D3D6AC4D1:LeaderElection124] INFO  impl.RaftServerImpl (ServerState.java:setRaftConf(354)) - fa38275b-b6c1-4443-ac3f-7d574d73b3ca@group-CF2D3D6AC4D1: set configuration 0: [fa38275b-b6c1-4443-ac3f-7d574d73b3ca:192.168.36.83:40471], old=null at 0
2019-09-05 11:09:03,866 [fa38275b-b6c1-4443-ac3f-7d574d73b3ca@group-CF2D3D6AC4D1-SegmentedRaftLogWorker] INFO  segmented.SegmentedRaftLogWorker (SegmentedRaftLogWorker.java:execute(569)) - fa38275b-b6c1-4443-ac3f-7d574d73b3ca@group-CF2D3D6AC4D1-SegmentedRaftLogWorker: created new log segment /workdir/hadoop-ozone/integration-test/target/test-dir/MiniOzoneClusterImpl-844c3fa4-9b6f-47fc-a83e-e9a93d390c1e/datanode-5/data/ratis/c6c495e3-c4de-4fd0-926f-cf2d3d6ac4d1/current/log_inprogress_0
2019-09-05 11:09:03,895 [grpc-default-executor-6] INFO  client.GrpcClientProtocolClient (GrpcClientProtocolClient.java:onNext(264)) - client-8A0AD3197E19->66668c9f-d169-4830-982b-36ce67e74237: receive RaftClientReply:client-8A0AD3197E19->66668c9f-d169-4830-982b-36ce67e74237@group-4349743B73F7, cid=222, FAILED org.apache.ratis.protocol.NotLeaderException: Server 66668c9f-d169-4830-982b-36ce67e74237@group-4349743B73F7 is not the leader, logIndex=0, commits[66668c9f-d169-4830-982b-36ce67e74237:c-1]
2019-09-05 11:09:03,932 [Thread-4121] INFO  impl.FollowerState (FollowerState.java:run(106)) - 66668c9f-d169-4830-982b-36ce67e74237:group-A8EE43C316B9 changes to CANDIDATE, lastRpcTime:5164, electionTimeout:5164ms
2019-09-05 11:09:03,932 [Thread-4121] INFO  impl.RoleInfo (RoleInfo.java:shutdownFollowerState(121)) - 66668c9f-d169-4830-982b-36ce67e74237: shutdown FollowerState
2019-09-05 11:09:03,932 [Thread-4121] INFO  impl.RaftServerImpl (RaftServerImpl.java:setRole(174)) - 66668c9f-d169-4830-982b-36ce67e74237@group-A8EE43C316B9: changes role from  FOLLOWER to CANDIDATE at term 0 for changeToCandidate
2019-09-05 11:09:03,932 [Thread-4121] INFO  impl.RoleInfo (RoleInfo.java:updateAndGet(143)) - 66668c9f-d169-4830-982b-36ce67e74237: start LeaderElection
2019-09-05 11:09:03,963 [66668c9f-d169-4830-982b-36ce67e74237@group-A8EE43C316B9:LeaderElection125] INFO  impl.LeaderElection (LeaderElection.java:askForVotes(182)) - 66668c9f-d169-4830-982b-36ce67e74237@group-A8EE43C316B9:LeaderElection125: begin an election at term 1 for -1: [66668c9f-d169-4830-982b-36ce67e74237:192.168.36.83:35689], old=null
2019-09-05 11:09:03,963 [66668c9f-d169-4830-982b-36ce67e74237@group-A8EE43C316B9:LeaderElection125] INFO  impl.RoleInfo (RoleInfo.java:shutdownLeaderElection(134)) - 66668c9f-d169-4830-982b-36ce67e74237: shutdown LeaderElection
2019-09-05 11:09:03,963 [66668c9f-d169-4830-982b-36ce67e74237@group-A8EE43C316B9:LeaderElection125] INFO  impl.RaftServerImpl (RaftServerImpl.java:setRole(174)) - 66668c9f-d169-4830-982b-36ce67e74237@group-A8EE43C316B9: changes role from CANDIDATE to LEADER at term 1 for changeToLeader
2019-09-05 11:09:03,963 [66668c9f-d169-4830-982b-36ce67e74237@group-A8EE43C316B9:LeaderElection125] INFO  impl.RaftServerImpl (ServerState.java:setLeader(253)) - 66668c9f-d169-4830-982b-36ce67e74237@group-A8EE43C316B9: change Leader from null to 66668c9f-d169-4830-982b-36ce67e74237 at term 1 for becomeLeader, leader elected after 5202ms
2019-09-05 11:09:03,963 [66668c9f-d169-4830-982b-36ce67e74237@group-A8EE43C316B9:LeaderElection125] INFO  server.RaftServerConfigKeys (ConfUtils.java:logGet(43)) - raft.server.staging.catchup.gap = 1000 (default)
2019-09-05 11:09:03,963 [66668c9f-d169-4830-982b-36ce67e74237@group-A8EE43C316B9:LeaderElection125] INFO  server.RaftServerConfigKeys (ConfUtils.java:logGet(43)) - raft.server.rpc.sleep.time = 25ms (default)
2019-09-05 11:09:03,963 [66668c9f-d169-4830-982b-36ce67e74237@group-A8EE43C316B9:LeaderElection125] INFO  server.RaftServerConfigKeys (ConfUtils.java:logGet(43)) - raft.server.write.element-limit = 4096 (default)
2019-09-05 11:09:03,964 [66668c9f-d169-4830-982b-36ce67e74237@group-A8EE43C316B9:LeaderElection125] INFO  server.RaftServerConfigKeys (ConfUtils.java:logGet(43)) - raft.server.watch.timeout = 10s (default)
2019-09-05 11:09:03,964 [66668c9f-d169-4830-982b-36ce67e74237@group-A8EE43C316B9:LeaderElection125] INFO  server.RaftServerConfigKeys (ConfUtils.java:logGet(43)) - raft.server.watch.timeout.denomination = 1s (default)
2019-09-05 11:09:03,964 [66668c9f-d169-4830-982b-36ce67e74237@group-A8EE43C316B9:LeaderElection125] INFO  server.RaftServerConfigKeys (ConfUtils.java:logGet(43)) - raft.server.watch.element-limit = 65536 (default)
2019-09-05 11:09:03,965 [66668c9f-d169-4830-982b-36ce67e74237@group-A8EE43C316B9:LeaderElection125] INFO  impl.RoleInfo (RoleInfo.java:updateAndGet(143)) - 66668c9f-d169-4830-982b-36ce67e74237: start LeaderState
2019-09-05 11:09:03,965 [66668c9f-d169-4830-982b-36ce67e74237@group-A8EE43C316B9:LeaderElection125] INFO  segmented.SegmentedRaftLogWorker (SegmentedRaftLogWorker.java:startLogSegment(380)) - 66668c9f-d169-4830-982b-36ce67e74237@group-A8EE43C316B9-SegmentedRaftLogWorker: Starting segment from index:0
2019-09-05 11:09:03,966 [66668c9f-d169-4830-982b-36ce67e74237@group-A8EE43C316B9:LeaderElection125] INFO  impl.RaftServerImpl (ServerState.java:setRaftConf(354)) - 66668c9f-d169-4830-982b-36ce67e74237@group-A8EE43C316B9: set configuration 0: [66668c9f-d169-4830-982b-36ce67e74237:192.168.36.83:35689], old=null at 0
2019-09-05 11:09:03,986 [Thread-4124] INFO  impl.FollowerState (FollowerState.java:run(106)) - 83e7b670-d8f5-4375-adb8-3b49caecfda0:group-BE70AAC74FCC changes to CANDIDATE, lastRpcTime:5143, electionTimeout:5143ms
2019-09-05 11:09:03,986 [Thread-4124] INFO  impl.RoleInfo (RoleInfo.java:shutdownFollowerState(121)) - 83e7b670-d8f5-4375-adb8-3b49caecfda0: shutdown FollowerState
2019-09-05 11:09:03,986 [Thread-4124] INFO  impl.RaftServerImpl (RaftServerImpl.java:setRole(174)) - 83e7b670-d8f5-4375-adb8-3b49caecfda0@group-BE70AAC74FCC: changes role from  FOLLOWER to CANDIDATE at term 0 for changeToCandidate
2019-09-05 11:09:03,986 [Thread-4124] INFO  impl.RoleInfo (RoleInfo.java:updateAndGet(143)) - 83e7b670-d8f5-4375-adb8-3b49caecfda0: start LeaderElection
2019-09-05 11:09:04,037 [Thread-4132] INFO  impl.FollowerState (FollowerState.java:run(106)) - 66668c9f-d169-4830-982b-36ce67e74237:group-4349743B73F7 changes to CANDIDATE, lastRpcTime:5037, electionTimeout:5037ms
2019-09-05 11:09:04,037 [Thread-4132] INFO  impl.RoleInfo (RoleInfo.java:shutdownFollowerState(121)) - 66668c9f-d169-4830-982b-36ce67e74237: shutdown FollowerState
2019-09-05 11:09:04,037 [Thread-4132] INFO  impl.RaftServerImpl (RaftServerImpl.java:setRole(174)) - 66668c9f-d169-4830-982b-36ce67e74237@group-4349743B73F7: changes role from  FOLLOWER to CANDIDATE at term 0 for changeToCandidate
2019-09-05 11:09:04,038 [Thread-4132] INFO  impl.RoleInfo (RoleInfo.java:updateAndGet(143)) - 66668c9f-d169-4830-982b-36ce67e74237: start LeaderElection
2019-09-05 11:09:04,077 [66668c9f-d169-4830-982b-36ce67e74237@group-A8EE43C316B9-SegmentedRaftLogWorker] INFO  segmented.SegmentedRaftLogWorker (SegmentedRaftLogWorker.java:execute(569)) - 66668c9f-d169-4830-982b-36ce67e74237@group-A8EE43C316B9-SegmentedRaftLogWorker: created new log segment /workdir/hadoop-ozone/integration-test/target/test-dir/MiniOzoneClusterImpl-844c3fa4-9b6f-47fc-a83e-e9a93d390c1e/datanode-6/data/ratis/7b1ccc92-9bf4-454d-b38d-a8ee43c316b9/current/log_inprogress_0
2019-09-05 11:09:04,077 [83e7b670-d8f5-4375-adb8-3b49caecfda0@group-BE70AAC74FCC:LeaderElection126] INFO  impl.LeaderElection (LeaderElection.java:askForVotes(182)) - 83e7b670-d8f5-4375-adb8-3b49caecfda0@group-BE70AAC74FCC:LeaderElection126: begin an election at term 1 for -1: [83e7b670-d8f5-4375-adb8-3b49caecfda0:192.168.36.83:41766], old=null
2019-09-05 11:09:04,077 [66668c9f-d169-4830-982b-36ce67e74237@group-4349743B73F7:LeaderElection127] INFO  impl.LeaderElection (LeaderElection.java:askForVotes(182)) - 66668c9f-d169-4830-982b-36ce67e74237@group-4349743B73F7:LeaderElection127: begin an election at term 1 for -1: [66668c9f-d169-4830-982b-36ce67e74237:192.168.36.83:35689, 9fc77e25-aa5c-460f-a7c3-4d68bf1388cb:192.168.36.83:45703, fa38275b-b6c1-4443-ac3f-7d574d73b3ca:192.168.36.83:40471], old=null
2019-09-05 11:09:04,077 [83e7b670-d8f5-4375-adb8-3b49caecfda0@group-BE70AAC74FCC:LeaderElection126] INFO  impl.RoleInfo (RoleInfo.java:shutdownLeaderElection(134)) - 83e7b670-d8f5-4375-adb8-3b49caecfda0: shutdown LeaderElection
2019-09-05 11:09:04,077 [83e7b670-d8f5-4375-adb8-3b49caecfda0@group-BE70AAC74FCC:LeaderElection126] INFO  impl.RaftServerImpl (RaftServerImpl.java:setRole(174)) - 83e7b670-d8f5-4375-adb8-3b49caecfda0@group-BE70AAC74FCC: changes role from CANDIDATE to LEADER at term 1 for changeToLeader
2019-09-05 11:09:04,077 [83e7b670-d8f5-4375-adb8-3b49caecfda0@group-BE70AAC74FCC:LeaderElection126] INFO  impl.RaftServerImpl (ServerState.java:setLeader(253)) - 83e7b670-d8f5-4375-adb8-3b49caecfda0@group-BE70AAC74FCC: change Leader from null to 83e7b670-d8f5-4375-adb8-3b49caecfda0 at term 1 for becomeLeader, leader elected after 5241ms
2019-09-05 11:09:04,078 [83e7b670-d8f5-4375-adb8-3b49caecfda0@group-BE70AAC74FCC:LeaderElection126] INFO  server.RaftServerConfigKeys (ConfUtils.java:logGet(43)) - raft.server.staging.catchup.gap = 1000 (default)
2019-09-05 11:09:04,078 [83e7b670-d8f5-4375-adb8-3b49caecfda0@group-BE70AAC74FCC:LeaderElection126] INFO  server.RaftServerConfigKeys (ConfUtils.java:logGet(43)) - raft.server.rpc.sleep.time = 25ms (default)
2019-09-05 11:09:04,078 [83e7b670-d8f5-4375-adb8-3b49caecfda0@group-BE70AAC74FCC:LeaderElection126] INFO  server.RaftServerConfigKeys (ConfUtils.java:logGet(43)) - raft.server.write.element-limit = 4096 (default)
2019-09-05 11:09:04,078 [83e7b670-d8f5-4375-adb8-3b49caecfda0@group-BE70AAC74FCC:LeaderElection126] INFO  server.RaftServerConfigKeys (ConfUtils.java:logGet(43)) - raft.server.watch.timeout = 10s (default)
2019-09-05 11:09:04,078 [83e7b670-d8f5-4375-adb8-3b49caecfda0@group-BE70AAC74FCC:LeaderElection126] INFO  server.RaftServerConfigKeys (ConfUtils.java:logGet(43)) - raft.server.watch.timeout.denomination = 1s (default)
2019-09-05 11:09:04,078 [83e7b670-d8f5-4375-adb8-3b49caecfda0@group-BE70AAC74FCC:LeaderElection126] INFO  server.RaftServerConfigKeys (ConfUtils.java:logGet(43)) - raft.server.watch.element-limit = 65536 (default)
2019-09-05 11:09:04,080 [83e7b670-d8f5-4375-adb8-3b49caecfda0@group-BE70AAC74FCC:LeaderElection126] INFO  impl.RoleInfo (RoleInfo.java:updateAndGet(143)) - 83e7b670-d8f5-4375-adb8-3b49caecfda0: start LeaderState
2019-09-05 11:09:04,080 [83e7b670-d8f5-4375-adb8-3b49caecfda0@group-BE70AAC74FCC:LeaderElection126] INFO  segmented.SegmentedRaftLogWorker (SegmentedRaftLogWorker.java:startLogSegment(380)) - 83e7b670-d8f5-4375-adb8-3b49caecfda0@group-BE70AAC74FCC-SegmentedRaftLogWorker: Starting segment from index:0
2019-09-05 11:09:04,080 [83e7b670-d8f5-4375-adb8-3b49caecfda0@group-BE70AAC74FCC:LeaderElection126] INFO  impl.RaftServerImpl (ServerState.java:setRaftConf(354)) - 83e7b670-d8f5-4375-adb8-3b49caecfda0@group-BE70AAC74FCC: set configuration 0: [83e7b670-d8f5-4375-adb8-3b49caecfda0:192.168.36.83:41766], old=null at 0
2019-09-05 11:09:04,103 [Thread-4131] INFO  impl.FollowerState (FollowerState.java:run(106)) - 9fc77e25-aa5c-460f-a7c3-4d68bf1388cb:group-4349743B73F7 changes to CANDIDATE, lastRpcTime:5104, electionTimeout:5096ms
2019-09-05 11:09:04,104 [Thread-4131] INFO  impl.RoleInfo (RoleInfo.java:shutdownFollowerState(121)) - 9fc77e25-aa5c-460f-a7c3-4d68bf1388cb: shutdown FollowerState
2019-09-05 11:09:04,104 [grpc-default-executor-6] INFO  impl.RaftServerImpl (RaftServerImpl.java:setRole(174)) - fa38275b-b6c1-4443-ac3f-7d574d73b3ca@group-4349743B73F7: changes role from  FOLLOWER to FOLLOWER at term 1 for recognizeCandidate:66668c9f-d169-4830-982b-36ce67e74237
2019-09-05 11:09:04,104 [Thread-4131] INFO  impl.RaftServerImpl (RaftServerImpl.java:setRole(174)) - 9fc77e25-aa5c-460f-a7c3-4d68bf1388cb@group-4349743B73F7: changes role from  FOLLOWER to CANDIDATE at term 0 for changeToCandidate
2019-09-05 11:09:04,107 [grpc-default-executor-6] INFO  impl.RoleInfo (RoleInfo.java:shutdownFollowerState(121)) - fa38275b-b6c1-4443-ac3f-7d574d73b3ca: shutdown FollowerState
2019-09-05 11:09:04,107 [Thread-4131] INFO  impl.RoleInfo (RoleInfo.java:updateAndGet(143)) - 9fc77e25-aa5c-460f-a7c3-4d68bf1388cb: start LeaderElection
2019-09-05 11:09:04,107 [grpc-default-executor-6] INFO  impl.RoleInfo (RoleInfo.java:updateAndGet(143)) - fa38275b-b6c1-4443-ac3f-7d574d73b3ca: start FollowerState
2019-09-05 11:09:04,108 [Thread-4127] INFO  impl.FollowerState (FollowerState.java:run(115)) - fa38275b-b6c1-4443-ac3f-7d574d73b3ca: FollowerState was interrupted: java.lang.InterruptedException: sleep interrupted
2019-09-05 11:09:04,108 [grpc-default-executor-9] INFO  impl.RaftServerImpl (RaftServerImpl.java:setRole(174)) - 9fc77e25-aa5c-460f-a7c3-4d68bf1388cb@group-4349743B73F7: changes role from CANDIDATE to FOLLOWER at term 1 for recognizeCandidate:66668c9f-d169-4830-982b-36ce67e74237
2019-09-05 11:09:04,111 [grpc-default-executor-9] INFO  impl.RoleInfo (RoleInfo.java:shutdownLeaderElection(134)) - 9fc77e25-aa5c-460f-a7c3-4d68bf1388cb: shutdown LeaderElection
2019-09-05 11:09:04,111 [grpc-default-executor-9] INFO  impl.RoleInfo (RoleInfo.java:updateAndGet(143)) - 9fc77e25-aa5c-460f-a7c3-4d68bf1388cb: start FollowerState
2019-09-05 11:09:04,144 [83e7b670-d8f5-4375-adb8-3b49caecfda0@group-BE70AAC74FCC-SegmentedRaftLogWorker] INFO  segmented.SegmentedRaftLogWorker (SegmentedRaftLogWorker.java:execute(569)) - 83e7b670-d8f5-4375-adb8-3b49caecfda0@group-BE70AAC74FCC-SegmentedRaftLogWorker: created new log segment /workdir/hadoop-ozone/integration-test/target/test-dir/MiniOzoneClusterImpl-844c3fa4-9b6f-47fc-a83e-e9a93d390c1e/datanode-2/data/ratis/76974db5-0e91-4213-814d-be70aac74fcc/current/log_inprogress_0
2019-09-05 11:09:04,145 [66668c9f-d169-4830-982b-36ce67e74237@group-4349743B73F7:LeaderElection127] INFO  impl.LeaderElection (LeaderElection.java:logAndReturn(56)) - 66668c9f-d169-4830-982b-36ce67e74237@group-4349743B73F7:LeaderElection127: Election PASSED; received 2 response(s) [66668c9f-d169-4830-982b-36ce67e74237<-9fc77e25-aa5c-460f-a7c3-4d68bf1388cb#0:FAIL-t1, 66668c9f-d169-4830-982b-36ce67e74237<-fa38275b-b6c1-4443-ac3f-7d574d73b3ca#0:OK-t1] and 0 exception(s); 66668c9f-d169-4830-982b-36ce67e74237@group-4349743B73F7:t1, leader=null, voted=66668c9f-d169-4830-982b-36ce67e74237, raftlog=66668c9f-d169-4830-982b-36ce67e74237@group-4349743B73F7-SegmentedRaftLog:OPENED:c-1,f-1,i0, conf=-1: [66668c9f-d169-4830-982b-36ce67e74237:192.168.36.83:35689, 9fc77e25-aa5c-460f-a7c3-4d68bf1388cb:192.168.36.83:45703, fa38275b-b6c1-4443-ac3f-7d574d73b3ca:192.168.36.83:40471], old=null
2019-09-05 11:09:04,145 [66668c9f-d169-4830-982b-36ce67e74237@group-4349743B73F7:LeaderElection127] INFO  impl.RoleInfo (RoleInfo.java:shutdownLeaderElection(134)) - 66668c9f-d169-4830-982b-36ce67e74237: shutdown LeaderElection
2019-09-05 11:09:04,145 [66668c9f-d169-4830-982b-36ce67e74237@group-4349743B73F7:LeaderElection127] INFO  impl.RaftServerImpl (RaftServerImpl.java:setRole(174)) - 66668c9f-d169-4830-982b-36ce67e74237@group-4349743B73F7: changes role from CANDIDATE to LEADER at term 1 for changeToLeader
2019-09-05 11:09:04,145 [66668c9f-d169-4830-982b-36ce67e74237@group-4349743B73F7:LeaderElection127] INFO  impl.RaftServerImpl (ServerState.java:setLeader(253)) - 66668c9f-d169-4830-982b-36ce67e74237@group-4349743B73F7: change Leader from null to 66668c9f-d169-4830-982b-36ce67e74237 at term 1 for becomeLeader, leader elected after 5159ms
2019-09-05 11:09:04,146 [66668c9f-d169-4830-982b-36ce67e74237@group-4349743B73F7:LeaderElection127] INFO  server.RaftServerConfigKeys (ConfUtils.java:logGet(43)) - raft.server.staging.catchup.gap = 1000 (default)
2019-09-05 11:09:04,146 [66668c9f-d169-4830-982b-36ce67e74237@group-4349743B73F7:LeaderElection127] INFO  server.RaftServerConfigKeys (ConfUtils.java:logGet(43)) - raft.server.rpc.sleep.time = 25ms (default)
2019-09-05 11:09:04,146 [66668c9f-d169-4830-982b-36ce67e74237@group-4349743B73F7:LeaderElection127] INFO  server.RaftServerConfigKeys (ConfUtils.java:logGet(43)) - raft.server.write.element-limit = 4096 (default)
2019-09-05 11:09:04,146 [66668c9f-d169-4830-982b-36ce67e74237@group-4349743B73F7:LeaderElection127] INFO  server.RaftServerConfigKeys (ConfUtils.java:logGet(43)) - raft.server.watch.timeout = 10s (default)
2019-09-05 11:09:04,146 [66668c9f-d169-4830-982b-36ce67e74237@group-4349743B73F7:LeaderElection127] INFO  server.RaftServerConfigKeys (ConfUtils.java:logGet(43)) - raft.server.watch.timeout.denomination = 1s (default)
2019-09-05 11:09:04,146 [66668c9f-d169-4830-982b-36ce67e74237@group-4349743B73F7:LeaderElection127] INFO  server.RaftServerConfigKeys (ConfUtils.java:logGet(43)) - raft.server.watch.element-limit = 65536 (default)
2019-09-05 11:09:04,148 [66668c9f-d169-4830-982b-36ce67e74237@group-4349743B73F7:LeaderElection127] INFO  server.RaftServerConfigKeys (ConfUtils.java:logGet(43)) - raft.server.log.appender.snapshot.chunk.size.max = 16MB (=16777216) (default)
2019-09-05 11:09:04,149 [66668c9f-d169-4830-982b-36ce67e74237@group-4349743B73F7:LeaderElection127] INFO  server.RaftServerConfigKeys (ConfUtils.java:logGet(43)) - raft.server.log.appender.buffer.byte-limit = 33554432 (custom)
2019-09-05 11:09:04,149 [66668c9f-d169-4830-982b-36ce67e74237@group-4349743B73F7:LeaderElection127] INFO  server.RaftServerConfigKeys (ConfUtils.java:logGet(43)) - raft.server.log.appender.buffer.element-limit = 1 (custom)
2019-09-05 11:09:04,149 [66668c9f-d169-4830-982b-36ce67e74237@group-4349743B73F7:LeaderElection127] INFO  grpc.GrpcConfigKeys$Server (ConfUtils.java:logGet(43)) - raft.grpc.server.leader.outstanding.appends.max = 128 (default)
2019-09-05 11:09:04,150 [66668c9f-d169-4830-982b-36ce67e74237@group-4349743B73F7:LeaderElection127] INFO  server.RaftServerConfigKeys (ConfUtils.java:logGet(43)) - raft.server.rpc.request.timeout = 3000ms (default)
2019-09-05 11:09:04,150 [66668c9f-d169-4830-982b-36ce67e74237@group-4349743B73F7:LeaderElection127] INFO  server.RaftServerConfigKeys (ConfUtils.java:logGet(43)) - raft.server.log.appender.install.snapshot.enabled = false (custom)
2019-09-05 11:09:04,150 [66668c9f-d169-4830-982b-36ce67e74237@group-4349743B73F7:LeaderElection127] INFO  server.RaftServerConfigKeys (ConfUtils.java:logGet(43)) - raft.server.log.appender.snapshot.chunk.size.max = 16MB (=16777216) (default)
2019-09-05 11:09:04,150 [66668c9f-d169-4830-982b-36ce67e74237@group-4349743B73F7:LeaderElection127] INFO  server.RaftServerConfigKeys (ConfUtils.java:logGet(43)) - raft.server.log.appender.buffer.byte-limit = 33554432 (custom)
2019-09-05 11:09:04,150 [66668c9f-d169-4830-982b-36ce67e74237@group-4349743B73F7:LeaderElection127] INFO  server.RaftServerConfigKeys (ConfUtils.java:logGet(43)) - raft.server.log.appender.buffer.element-limit = 1 (custom)
2019-09-05 11:09:04,151 [66668c9f-d169-4830-982b-36ce67e74237@group-4349743B73F7:LeaderElection127] INFO  grpc.GrpcConfigKeys$Server (ConfUtils.java:logGet(43)) - raft.grpc.server.leader.outstanding.appends.max = 128 (default)
2019-09-05 11:09:04,151 [66668c9f-d169-4830-982b-36ce67e74237@group-4349743B73F7:LeaderElection127] INFO  server.RaftServerConfigKeys (ConfUtils.java:logGet(43)) - raft.server.rpc.request.timeout = 3000ms (default)
2019-09-05 11:09:04,151 [66668c9f-d169-4830-982b-36ce67e74237@group-4349743B73F7:LeaderElection127] INFO  server.RaftServerConfigKeys (ConfUtils.java:logGet(43)) - raft.server.log.appender.install.snapshot.enabled = false (custom)
2019-09-05 11:09:04,151 [66668c9f-d169-4830-982b-36ce67e74237@group-4349743B73F7:LeaderElection127] INFO  impl.RoleInfo (RoleInfo.java:updateAndGet(143)) - 66668c9f-d169-4830-982b-36ce67e74237: start LeaderState
2019-09-05 11:09:04,151 [66668c9f-d169-4830-982b-36ce67e74237@group-4349743B73F7:LeaderElection127] INFO  segmented.SegmentedRaftLogWorker (SegmentedRaftLogWorker.java:startLogSegment(380)) - 66668c9f-d169-4830-982b-36ce67e74237@group-4349743B73F7-SegmentedRaftLogWorker: Starting segment from index:0
2019-09-05 11:09:04,152 [66668c9f-d169-4830-982b-36ce67e74237@group-4349743B73F7:LeaderElection127] INFO  impl.RaftServerImpl (ServerState.java:setRaftConf(354)) - 66668c9f-d169-4830-982b-36ce67e74237@group-4349743B73F7: set configuration 0: [66668c9f-d169-4830-982b-36ce67e74237:192.168.36.83:35689, 9fc77e25-aa5c-460f-a7c3-4d68bf1388cb:192.168.36.83:45703, fa38275b-b6c1-4443-ac3f-7d574d73b3ca:192.168.36.83:40471], old=null at 0
2019-09-05 11:09:04,187 [grpc-default-executor-9] INFO  impl.RaftServerImpl (ServerState.java:setLeader(253)) - fa38275b-b6c1-4443-ac3f-7d574d73b3ca@group-4349743B73F7: change Leader from null to 66668c9f-d169-4830-982b-36ce67e74237 at term 1 for appendEntries, leader elected after 5201ms
2019-09-05 11:09:04,187 [Thread-4140] INFO  impl.FollowerState (FollowerState.java:run(106)) - 51496804-6984-4711-896a-dcdac4e82398:group-E8741A9C9FC2 changes to CANDIDATE, lastRpcTime:5009, electionTimeout:5000ms
2019-09-05 11:09:04,188 [9fc77e25-aa5c-460f-a7c3-4d68bf1388cb@group-4349743B73F7:LeaderElection128] INFO  impl.LeaderElection (LeaderElection.java:askForVotes(182)) - 9fc77e25-aa5c-460f-a7c3-4d68bf1388cb@group-4349743B73F7:LeaderElection128: begin an election at term 2 for -1: [66668c9f-d169-4830-982b-36ce67e74237:192.168.36.83:35689, 9fc77e25-aa5c-460f-a7c3-4d68bf1388cb:192.168.36.83:45703, fa38275b-b6c1-4443-ac3f-7d574d73b3ca:192.168.36.83:40471], old=null
2019-09-05 11:09:04,188 [Thread-4140] INFO  impl.RoleInfo (RoleInfo.java:shutdownFollowerState(121)) - 51496804-6984-4711-896a-dcdac4e82398: shutdown FollowerState
2019-09-05 11:09:04,188 [Thread-4140] INFO  impl.RaftServerImpl (RaftServerImpl.java:setRole(174)) - 51496804-6984-4711-896a-dcdac4e82398@group-E8741A9C9FC2: changes role from  FOLLOWER to CANDIDATE at term 0 for changeToCandidate
2019-09-05 11:09:04,188 [Thread-4140] INFO  impl.RoleInfo (RoleInfo.java:updateAndGet(143)) - 51496804-6984-4711-896a-dcdac4e82398: start LeaderElection
2019-09-05 11:09:04,188 [9fc77e25-aa5c-460f-a7c3-4d68bf1388cb@group-4349743B73F7:LeaderElection128] INFO  impl.LeaderElection (LeaderElection.java:logAndReturn(56)) - 9fc77e25-aa5c-460f-a7c3-4d68bf1388cb@group-4349743B73F7:LeaderElection128: Election REJECTED; received 0 response(s) [] and 0 exception(s); 9fc77e25-aa5c-460f-a7c3-4d68bf1388cb@group-4349743B73F7:t2, leader=null, voted=9fc77e25-aa5c-460f-a7c3-4d68bf1388cb, raftlog=9fc77e25-aa5c-460f-a7c3-4d68bf1388cb@group-4349743B73F7-SegmentedRaftLog:OPENED:c-1,f-1,i0, conf=-1: [66668c9f-d169-4830-982b-36ce67e74237:192.168.36.83:35689, 9fc77e25-aa5c-460f-a7c3-4d68bf1388cb:192.168.36.83:45703, fa38275b-b6c1-4443-ac3f-7d574d73b3ca:192.168.36.83:40471], old=null
2019-09-05 11:09:04,198 [grpc-default-executor-1] INFO  impl.RaftServerImpl (ServerState.java:setRaftConf(354)) - fa38275b-b6c1-4443-ac3f-7d574d73b3ca@group-4349743B73F7: set configuration 0: [66668c9f-d169-4830-982b-36ce67e74237:192.168.36.83:35689, 9fc77e25-aa5c-460f-a7c3-4d68bf1388cb:192.168.36.83:45703, fa38275b-b6c1-4443-ac3f-7d574d73b3ca:192.168.36.83:40471], old=null at 0
2019-09-05 11:09:04,198 [grpc-default-executor-1] INFO  segmented.SegmentedRaftLogWorker (SegmentedRaftLogWorker.java:startLogSegment(380)) - fa38275b-b6c1-4443-ac3f-7d574d73b3ca@group-4349743B73F7-SegmentedRaftLogWorker: Starting segment from index:0
2019-09-05 11:09:04,198 [grpc-default-executor-1] INFO  impl.RaftServerImpl (ServerState.java:setLeader(253)) - fa38275b-b6c1-4443-ac3f-7d574d73b3ca@group-4349743B73F7: change Leader from 66668c9f-d169-4830-982b-36ce67e74237 to null at term 2 for updateCurrentTerm
2019-09-05 11:09:04,198 [Thread-4178] INFO  impl.RaftServerImpl (ServerState.java:setLeader(253)) - 66668c9f-d169-4830-982b-36ce67e74237@group-4349743B73F7: change Leader from 66668c9f-d169-4830-982b-36ce67e74237 to null at term 2 for updateCurrentTerm
2019-09-05 11:09:04,198 [grpc-default-executor-1] INFO  impl.RaftServerImpl (RaftServerImpl.java:setRole(174)) - fa38275b-b6c1-4443-ac3f-7d574d73b3ca@group-4349743B73F7: changes role from  FOLLOWER to FOLLOWER at term 2 for recognizeCandidate:9fc77e25-aa5c-460f-a7c3-4d68bf1388cb
2019-09-05 11:09:04,198 [Thread-4178] INFO  impl.RaftServerImpl (RaftServerImpl.java:setRole(174)) - 66668c9f-d169-4830-982b-36ce67e74237@group-4349743B73F7: changes role from    LEADER to FOLLOWER at term 2 for stepDown
2019-09-05 11:09:04,199 [grpc-default-executor-1] INFO  impl.RoleInfo (RoleInfo.java:shutdownFollowerState(121)) - fa38275b-b6c1-4443-ac3f-7d574d73b3ca: shutdown FollowerState
2019-09-05 11:09:04,199 [Thread-4178] INFO  impl.RoleInfo (RoleInfo.java:shutdownLeaderState(104)) - 66668c9f-d169-4830-982b-36ce67e74237: shutdown LeaderState
2019-09-05 11:09:04,199 [grpc-default-executor-1] INFO  impl.RoleInfo (RoleInfo.java:updateAndGet(143)) - fa38275b-b6c1-4443-ac3f-7d574d73b3ca: start FollowerState
2019-09-05 11:09:04,224 [Thread-4141] INFO  impl.FollowerState (FollowerState.java:run(106)) - 83e7b670-d8f5-4375-adb8-3b49caecfda0:group-E8741A9C9FC2 changes to CANDIDATE, lastRpcTime:5045, electionTimeout:5024ms
2019-09-05 11:09:04,225 [Thread-4176] INFO  impl.FollowerState (FollowerState.java:run(115)) - fa38275b-b6c1-4443-ac3f-7d574d73b3ca: FollowerState was interrupted: java.lang.InterruptedException: sleep interrupted
2019-09-05 11:09:04,225 [Thread-4141] INFO  impl.RoleInfo (RoleInfo.java:shutdownFollowerState(121)) - 83e7b670-d8f5-4375-adb8-3b49caecfda0: shutdown FollowerState
2019-09-05 11:09:04,227 [51496804-6984-4711-896a-dcdac4e82398@group-E8741A9C9FC2:LeaderElection129] INFO  impl.LeaderElection (LeaderElection.java:askForVotes(182)) - 51496804-6984-4711-896a-dcdac4e82398@group-E8741A9C9FC2:LeaderElection129: begin an election at term 1 for -1: [1aa8c9aa-d82a-4fa9-80dc-356d427b97f3:192.168.36.83:34970, 51496804-6984-4711-896a-dcdac4e82398:192.168.36.83:32887, 83e7b670-d8f5-4375-adb8-3b49caecfda0:192.168.36.83:41766], old=null
2019-09-05 11:09:04,227 [org.apache.ratis.server.impl.LogAppender$AppenderDaemon$$Lambda$473/1880504537@69015d6f] WARN  server.GrpcLogAppender (GrpcLogAppender.java:mayWait(143)) - 66668c9f-d169-4830-982b-36ce67e74237@group-4349743B73F7->9fc77e25-aa5c-460f-a7c3-4d68bf1388cb-GrpcLogAppender: Wait interrupted by java.lang.InterruptedException
2019-09-05 11:09:04,227 [66668c9f-d169-4830-982b-36ce67e74237@group-4349743B73F7-SegmentedRaftLogWorker] INFO  segmented.SegmentedRaftLogWorker (SegmentedRaftLogWorker.java:execute(569)) - 66668c9f-d169-4830-982b-36ce67e74237@group-4349743B73F7-SegmentedRaftLogWorker: created new log segment /workdir/hadoop-ozone/integration-test/target/test-dir/MiniOzoneClusterImpl-844c3fa4-9b6f-47fc-a83e-e9a93d390c1e/datanode-6/data/ratis/9a3bb825-394a-494f-8ea0-4349743b73f7/current/log_inprogress_0
2019-09-05 11:09:04,227 [Thread-4178] INFO  impl.PendingRequests (PendingRequests.java:sendNotLeaderResponses(202)) - 66668c9f-d169-4830-982b-36ce67e74237-PendingRequests: sendNotLeaderResponses
2019-09-05 11:09:04,225 [org.apache.ratis.server.impl.LogAppender$AppenderDaemon$$Lambda$473/1880504537@126ea1c1] WARN  server.GrpcLogAppender (GrpcLogAppender.java:mayWait(143)) - 66668c9f-d169-4830-982b-36ce67e74237@group-4349743B73F7->fa38275b-b6c1-4443-ac3f-7d574d73b3ca-GrpcLogAppender: Wait interrupted by java.lang.InterruptedException
2019-09-05 11:09:04,227 [Thread-4141] INFO  impl.RaftServerImpl (RaftServerImpl.java:setRole(174)) - 83e7b670-d8f5-4375-adb8-3b49caecfda0@group-E8741A9C9FC2: changes role from  FOLLOWER to CANDIDATE at term 0 for changeToCandidate
2019-09-05 11:09:04,228 [Thread-4178] INFO  impl.RoleInfo (RoleInfo.java:updateAndGet(143)) - 66668c9f-d169-4830-982b-36ce67e74237: start FollowerState
2019-09-05 11:09:04,228 [grpc-default-executor-10] INFO  server.GrpcServerProtocolService (GrpcServerProtocolService.java:onCompleted(113)) - 9fc77e25-aa5c-460f-a7c3-4d68bf1388cb: Completed APPEND_ENTRIES, lastRequest: 66668c9f-d169-4830-982b-36ce67e74237->9fc77e25-aa5c-460f-a7c3-4d68bf1388cb#0-t1, previous=(t:0, i:0), leaderCommit=-1, initializing? false, entries: <empty>
2019-09-05 11:09:04,228 [Thread-4141] INFO  impl.RoleInfo (RoleInfo.java:updateAndGet(143)) - 83e7b670-d8f5-4375-adb8-3b49caecfda0: start LeaderElection
2019-09-05 11:09:04,229 [grpc-default-executor-10] INFO  server.GrpcLogAppender (GrpcLogAppender.java:onCompleted(293)) - 66668c9f-d169-4830-982b-36ce67e74237@group-4349743B73F7->9fc77e25-aa5c-460f-a7c3-4d68bf1388cb-AppendLogResponseHandler: follower responses appendEntries COMPLETED
2019-09-05 11:09:04,229 [grpc-default-executor-10] INFO  impl.FollowerInfo (FollowerInfo.java:lambda$new$0(51)) - 66668c9f-d169-4830-982b-36ce67e74237@group-4349743B73F7->9fc77e25-aa5c-460f-a7c3-4d68bf1388cb: nextIndex: updateUnconditionally 0 -> 0
2019-09-05 11:09:04,234 [grpc-default-executor-11] INFO  server.GrpcServerProtocolService (GrpcServerProtocolService.java:onCompleted(113)) - fa38275b-b6c1-4443-ac3f-7d574d73b3ca: Completed APPEND_ENTRIES, lastRequest: 66668c9f-d169-4830-982b-36ce67e74237->fa38275b-b6c1-4443-ac3f-7d574d73b3ca#1-t1, previous=(t:0, i:0), leaderCommit=-1, initializing? false, entries: size=1, first=(t:1, i:0), CONFIGURATIONENTRY
2019-09-05 11:09:04,237 [grpc-default-executor-12] INFO  server.GrpcLogAppender (GrpcLogAppender.java:onCompleted(293)) - 66668c9f-d169-4830-982b-36ce67e74237@group-4349743B73F7->fa38275b-b6c1-4443-ac3f-7d574d73b3ca-AppendLogResponseHandler: follower responses appendEntries COMPLETED
2019-09-05 11:09:04,237 [grpc-default-executor-12] INFO  impl.FollowerInfo (FollowerInfo.java:lambda$new$0(51)) - 66668c9f-d169-4830-982b-36ce67e74237@group-4349743B73F7->fa38275b-b6c1-4443-ac3f-7d574d73b3ca: nextIndex: updateUnconditionally 1 -> 0
2019-09-05 11:09:04,238 [grpc-default-executor-11] INFO  impl.RaftServerImpl (RaftServerImpl.java:setRole(174)) - 1aa8c9aa-d82a-4fa9-80dc-356d427b97f3@group-E8741A9C9FC2: changes role from  FOLLOWER to FOLLOWER at term 1 for recognizeCandidate:51496804-6984-4711-896a-dcdac4e82398
2019-09-05 11:09:04,238 [grpc-default-executor-11] INFO  impl.RoleInfo (RoleInfo.java:shutdownFollowerState(121)) - 1aa8c9aa-d82a-4fa9-80dc-356d427b97f3: shutdown FollowerState
2019-09-05 11:09:04,238 [grpc-default-executor-11] INFO  impl.RoleInfo (RoleInfo.java:updateAndGet(143)) - 1aa8c9aa-d82a-4fa9-80dc-356d427b97f3: start FollowerState
2019-09-05 11:09:04,238 [Thread-4138] INFO  impl.FollowerState (FollowerState.java:run(115)) - 1aa8c9aa-d82a-4fa9-80dc-356d427b97f3: FollowerState was interrupted: java.lang.InterruptedException: sleep interrupted
2019-09-05 11:09:04,279 [fa38275b-b6c1-4443-ac3f-7d574d73b3ca@group-4349743B73F7-SegmentedRaftLogWorker] INFO  segmented.SegmentedRaftLogWorker (SegmentedRaftLogWorker.java:execute(569)) - fa38275b-b6c1-4443-ac3f-7d574d73b3ca@group-4349743B73F7-SegmentedRaftLogWorker: created new log segment /workdir/hadoop-ozone/integration-test/target/test-dir/MiniOzoneClusterImpl-844c3fa4-9b6f-47fc-a83e-e9a93d390c1e/datanode-5/data/ratis/9a3bb825-394a-494f-8ea0-4349743b73f7/current/log_inprogress_0
2019-09-05 11:09:04,279 [83e7b670-d8f5-4375-adb8-3b49caecfda0@group-E8741A9C9FC2:LeaderElection130] INFO  impl.LeaderElection (LeaderElection.java:askForVotes(182)) - 83e7b670-d8f5-4375-adb8-3b49caecfda0@group-E8741A9C9FC2:LeaderElection130: begin an election at term 1 for -1: [1aa8c9aa-d82a-4fa9-80dc-356d427b97f3:192.168.36.83:34970, 51496804-6984-4711-896a-dcdac4e82398:192.168.36.83:32887, 83e7b670-d8f5-4375-adb8-3b49caecfda0:192.168.36.83:41766], old=null
2019-09-05 11:09:04,282 [grpc-default-executor-6] INFO  impl.RaftServerImpl (RaftServerImpl.java:setRole(174)) - 66668c9f-d169-4830-982b-36ce67e74237@group-4349743B73F7: changes role from  FOLLOWER to FOLLOWER at term 2 for recognizeCandidate:9fc77e25-aa5c-460f-a7c3-4d68bf1388cb
2019-09-05 11:09:04,283 [grpc-default-executor-6] INFO  impl.RoleInfo (RoleInfo.java:shutdownFollowerState(121)) - 66668c9f-d169-4830-982b-36ce67e74237: shutdown FollowerState
2019-09-05 11:09:04,283 [grpc-default-executor-6] INFO  impl.RoleInfo (RoleInfo.java:updateAndGet(143)) - 66668c9f-d169-4830-982b-36ce67e74237: start FollowerState
2019-09-05 11:09:04,283 [Thread-4190] INFO  impl.FollowerState (FollowerState.java:run(115)) - 66668c9f-d169-4830-982b-36ce67e74237: FollowerState was interrupted: java.lang.InterruptedException: sleep interrupted
2019-09-05 11:09:04,293 [51496804-6984-4711-896a-dcdac4e82398@group-E8741A9C9FC2:LeaderElection129] INFO  impl.LeaderElection (LeaderElection.java:logAndReturn(56)) - 51496804-6984-4711-896a-dcdac4e82398@group-E8741A9C9FC2:LeaderElection129: Election PASSED; received 1 response(s) [51496804-6984-4711-896a-dcdac4e82398<-1aa8c9aa-d82a-4fa9-80dc-356d427b97f3#0:OK-t1] and 0 exception(s); 51496804-6984-4711-896a-dcdac4e82398@group-E8741A9C9FC2:t1, leader=null, voted=51496804-6984-4711-896a-dcdac4e82398, raftlog=51496804-6984-4711-896a-dcdac4e82398@group-E8741A9C9FC2-SegmentedRaftLog:OPENED:c-1,f-1,i0, conf=-1: [1aa8c9aa-d82a-4fa9-80dc-356d427b97f3:192.168.36.83:34970, 51496804-6984-4711-896a-dcdac4e82398:192.168.36.83:32887, 83e7b670-d8f5-4375-adb8-3b49caecfda0:192.168.36.83:41766], old=null
2019-09-05 11:09:04,294 [51496804-6984-4711-896a-dcdac4e82398@group-E8741A9C9FC2:LeaderElection129] INFO  impl.RoleInfo (RoleInfo.java:shutdownLeaderElection(134)) - 51496804-6984-4711-896a-dcdac4e82398: shutdown LeaderElection
2019-09-05 11:09:04,294 [51496804-6984-4711-896a-dcdac4e82398@group-E8741A9C9FC2:LeaderElection129] INFO  impl.RaftServerImpl (RaftServerImpl.java:setRole(174)) - 51496804-6984-4711-896a-dcdac4e82398@group-E8741A9C9FC2: changes role from CANDIDATE to LEADER at term 1 for changeToLeader
2019-09-05 11:09:04,294 [51496804-6984-4711-896a-dcdac4e82398@group-E8741A9C9FC2:LeaderElection129] INFO  impl.RaftServerImpl (ServerState.java:setLeader(253)) - 51496804-6984-4711-896a-dcdac4e82398@group-E8741A9C9FC2: change Leader from null to 51496804-6984-4711-896a-dcdac4e82398 at term 1 for becomeLeader, leader elected after 5127ms
2019-09-05 11:09:04,294 [51496804-6984-4711-896a-dcdac4e82398@group-E8741A9C9FC2:LeaderElection129] INFO  server.RaftServerConfigKeys (ConfUtils.java:logGet(43)) - raft.server.staging.catchup.gap = 1000 (default)
2019-09-05 11:09:04,294 [51496804-6984-4711-896a-dcdac4e82398@group-E8741A9C9FC2:LeaderElection129] INFO  server.RaftServerConfigKeys (ConfUtils.java:logGet(43)) - raft.server.rpc.sleep.time = 25ms (default)
2019-09-05 11:09:04,294 [51496804-6984-4711-896a-dcdac4e82398@group-E8741A9C9FC2:LeaderElection129] INFO  server.RaftServerConfigKeys (ConfUtils.java:logGet(43)) - raft.server.write.element-limit = 4096 (default)
2019-09-05 11:09:04,294 [51496804-6984-4711-896a-dcdac4e82398@group-E8741A9C9FC2:LeaderElection129] INFO  server.RaftServerConfigKeys (ConfUtils.java:logGet(43)) - raft.server.watch.timeout = 10s (default)
2019-09-05 11:09:04,294 [51496804-6984-4711-896a-dcdac4e82398@group-E8741A9C9FC2:LeaderElection129] INFO  server.RaftServerConfigKeys (ConfUtils.java:logGet(43)) - raft.server.watch.timeout.denomination = 1s (default)
2019-09-05 11:09:04,294 [51496804-6984-4711-896a-dcdac4e82398@group-E8741A9C9FC2:LeaderElection129] INFO  server.RaftServerConfigKeys (ConfUtils.java:logGet(43)) - raft.server.watch.element-limit = 65536 (default)
2019-09-05 11:09:04,296 [51496804-6984-4711-896a-dcdac4e82398@group-E8741A9C9FC2:LeaderElection129] INFO  server.RaftServerConfigKeys (ConfUtils.java:logGet(43)) - raft.server.log.appender.snapshot.chunk.size.max = 16MB (=16777216) (default)
2019-09-05 11:09:04,296 [51496804-6984-4711-896a-dcdac4e82398@group-E8741A9C9FC2:LeaderElection129] INFO  server.RaftServerConfigKeys (ConfUtils.java:logGet(43)) - raft.server.log.appender.buffer.byte-limit = 33554432 (custom)
2019-09-05 11:09:04,296 [51496804-6984-4711-896a-dcdac4e82398@group-E8741A9C9FC2:LeaderElection129] INFO  server.RaftServerConfigKeys (ConfUtils.java:logGet(43)) - raft.server.log.appender.buffer.element-limit = 1 (custom)
2019-09-05 11:09:04,296 [51496804-6984-4711-896a-dcdac4e82398@group-E8741A9C9FC2:LeaderElection129] INFO  grpc.GrpcConfigKeys$Server (ConfUtils.java:logGet(43)) - raft.grpc.server.leader.outstanding.appends.max = 128 (default)
2019-09-05 11:09:04,296 [51496804-6984-4711-896a-dcdac4e82398@group-E8741A9C9FC2:LeaderElection129] INFO  server.RaftServerConfigKeys (ConfUtils.java:logGet(43)) - raft.server.rpc.request.timeout = 3000ms (default)
2019-09-05 11:09:04,296 [51496804-6984-4711-896a-dcdac4e82398@group-E8741A9C9FC2:LeaderElection129] INFO  server.RaftServerConfigKeys (ConfUtils.java:logGet(43)) - raft.server.log.appender.install.snapshot.enabled = false (custom)
2019-09-05 11:09:04,296 [51496804-6984-4711-896a-dcdac4e82398@group-E8741A9C9FC2:LeaderElection129] INFO  server.RaftServerConfigKeys (ConfUtils.java:logGet(43)) - raft.server.log.appender.snapshot.chunk.size.max = 16MB (=16777216) (default)
2019-09-05 11:09:04,297 [51496804-6984-4711-896a-dcdac4e82398@group-E8741A9C9FC2:LeaderElection129] INFO  server.RaftServerConfigKeys (ConfUtils.java:logGet(43)) - raft.server.log.appender.buffer.byte-limit = 33554432 (custom)
2019-09-05 11:09:04,297 [51496804-6984-4711-896a-dcdac4e82398@group-E8741A9C9FC2:LeaderElection129] INFO  server.RaftServerConfigKeys (ConfUtils.java:logGet(43)) - raft.server.log.appender.buffer.element-limit = 1 (custom)
2019-09-05 11:09:04,297 [51496804-6984-4711-896a-dcdac4e82398@group-E8741A9C9FC2:LeaderElection129] INFO  grpc.GrpcConfigKeys$Server (ConfUtils.java:logGet(43)) - raft.grpc.server.leader.outstanding.appends.max = 128 (default)
2019-09-05 11:09:04,297 [51496804-6984-4711-896a-dcdac4e82398@group-E8741A9C9FC2:LeaderElection129] INFO  server.RaftServerConfigKeys (ConfUtils.java:logGet(43)) - raft.server.rpc.request.timeout = 3000ms (default)
2019-09-05 11:09:04,297 [51496804-6984-4711-896a-dcdac4e82398@group-E8741A9C9FC2:LeaderElection129] INFO  server.RaftServerConfigKeys (ConfUtils.java:logGet(43)) - raft.server.log.appender.install.snapshot.enabled = false (custom)
2019-09-05 11:09:04,297 [51496804-6984-4711-896a-dcdac4e82398@group-E8741A9C9FC2:LeaderElection129] INFO  impl.RoleInfo (RoleInfo.java:updateAndGet(143)) - 51496804-6984-4711-896a-dcdac4e82398: start LeaderState
2019-09-05 11:09:04,297 [51496804-6984-4711-896a-dcdac4e82398@group-E8741A9C9FC2:LeaderElection129] INFO  segmented.SegmentedRaftLogWorker (SegmentedRaftLogWorker.java:startLogSegment(380)) - 51496804-6984-4711-896a-dcdac4e82398@group-E8741A9C9FC2-SegmentedRaftLogWorker: Starting segment from index:0
2019-09-05 11:09:04,298 [51496804-6984-4711-896a-dcdac4e82398@group-E8741A9C9FC2:LeaderElection129] INFO  impl.RaftServerImpl (ServerState.java:setRaftConf(354)) - 51496804-6984-4711-896a-dcdac4e82398@group-E8741A9C9FC2: set configuration 0: [1aa8c9aa-d82a-4fa9-80dc-356d427b97f3:192.168.36.83:34970, 51496804-6984-4711-896a-dcdac4e82398:192.168.36.83:32887, 83e7b670-d8f5-4375-adb8-3b49caecfda0:192.168.36.83:41766], old=null at 0
2019-09-05 11:09:04,326 [grpc-default-executor-12] INFO  impl.RaftServerImpl (RaftServerImpl.java:requestVote(758)) - 51496804-6984-4711-896a-dcdac4e82398@group-E8741A9C9FC2-   LEADER: Withhold vote from candidate 83e7b670-d8f5-4375-adb8-3b49caecfda0 with term 1. State: leader=51496804-6984-4711-896a-dcdac4e82398, term=1, lastRpcElapsed=null
2019-09-05 11:09:04,329 [83e7b670-d8f5-4375-adb8-3b49caecfda0@group-E8741A9C9FC2:LeaderElection130] INFO  impl.LeaderElection (LeaderElection.java:logAndReturn(56)) - 83e7b670-d8f5-4375-adb8-3b49caecfda0@group-E8741A9C9FC2:LeaderElection130: Election REJECTED; received 2 response(s) [83e7b670-d8f5-4375-adb8-3b49caecfda0<-1aa8c9aa-d82a-4fa9-80dc-356d427b97f3#0:FAIL-t1, 83e7b670-d8f5-4375-adb8-3b49caecfda0<-51496804-6984-4711-896a-dcdac4e82398#0:FAIL-t1] and 0 exception(s); 83e7b670-d8f5-4375-adb8-3b49caecfda0@group-E8741A9C9FC2:t1, leader=null, voted=83e7b670-d8f5-4375-adb8-3b49caecfda0, raftlog=83e7b670-d8f5-4375-adb8-3b49caecfda0@group-E8741A9C9FC2-SegmentedRaftLog:OPENED:c-1,f-1,i0, conf=-1: [1aa8c9aa-d82a-4fa9-80dc-356d427b97f3:192.168.36.83:34970, 51496804-6984-4711-896a-dcdac4e82398:192.168.36.83:32887, 83e7b670-d8f5-4375-adb8-3b49caecfda0:192.168.36.83:41766], old=null
2019-09-05 11:09:04,329 [grpc-default-executor-11] INFO  impl.RaftServerImpl (ServerState.java:setLeader(253)) - 1aa8c9aa-d82a-4fa9-80dc-356d427b97f3@group-E8741A9C9FC2: change Leader from null to 51496804-6984-4711-896a-dcdac4e82398 at term 1 for appendEntries, leader elected after 5163ms
2019-09-05 11:09:04,330 [83e7b670-d8f5-4375-adb8-3b49caecfda0@group-E8741A9C9FC2:LeaderElection130] INFO  impl.RaftServerImpl (RaftServerImpl.java:setRole(174)) - 83e7b670-d8f5-4375-adb8-3b49caecfda0@group-E8741A9C9FC2: changes role from CANDIDATE to FOLLOWER at term 1 for DISCOVERED_A_NEW_TERM
2019-09-05 11:09:04,330 [83e7b670-d8f5-4375-adb8-3b49caecfda0@group-E8741A9C9FC2:LeaderElection130] INFO  impl.RoleInfo (RoleInfo.java:shutdownLeaderElection(134)) - 83e7b670-d8f5-4375-adb8-3b49caecfda0: shutdown LeaderElection
2019-09-05 11:09:04,330 [83e7b670-d8f5-4375-adb8-3b49caecfda0@group-E8741A9C9FC2:LeaderElection130] INFO  impl.RoleInfo (RoleInfo.java:updateAndGet(143)) - 83e7b670-d8f5-4375-adb8-3b49caecfda0: start FollowerState
2019-09-05 11:09:04,332 [grpc-default-executor-11] INFO  impl.RaftServerImpl (ServerState.java:setLeader(253)) - 83e7b670-d8f5-4375-adb8-3b49caecfda0@group-E8741A9C9FC2: change Leader from null to 51496804-6984-4711-896a-dcdac4e82398 at term 1 for appendEntries, leader elected after 5165ms
2019-09-05 11:09:04,333 [grpc-default-executor-11] INFO  impl.RaftServerImpl (ServerState.java:setRaftConf(354)) - 1aa8c9aa-d82a-4fa9-80dc-356d427b97f3@group-E8741A9C9FC2: set configuration 0: [1aa8c9aa-d82a-4fa9-80dc-356d427b97f3:192.168.36.83:34970, 51496804-6984-4711-896a-dcdac4e82398:192.168.36.83:32887, 83e7b670-d8f5-4375-adb8-3b49caecfda0:192.168.36.83:41766], old=null at 0
2019-09-05 11:09:04,333 [grpc-default-executor-11] INFO  segmented.SegmentedRaftLogWorker (SegmentedRaftLogWorker.java:startLogSegment(380)) - 1aa8c9aa-d82a-4fa9-80dc-356d427b97f3@group-E8741A9C9FC2-SegmentedRaftLogWorker: Starting segment from index:0
2019-09-05 11:09:04,334 [grpc-default-executor-12] INFO  impl.RaftServerImpl (ServerState.java:setRaftConf(354)) - 83e7b670-d8f5-4375-adb8-3b49caecfda0@group-E8741A9C9FC2: set configuration 0: [1aa8c9aa-d82a-4fa9-80dc-356d427b97f3:192.168.36.83:34970, 51496804-6984-4711-896a-dcdac4e82398:192.168.36.83:32887, 83e7b670-d8f5-4375-adb8-3b49caecfda0:192.168.36.83:41766], old=null at 0
2019-09-05 11:09:04,334 [grpc-default-executor-12] INFO  segmented.SegmentedRaftLogWorker (SegmentedRaftLogWorker.java:startLogSegment(380)) - 83e7b670-d8f5-4375-adb8-3b49caecfda0@group-E8741A9C9FC2-SegmentedRaftLogWorker: Starting segment from index:0
2019-09-05 11:09:04,364 [51496804-6984-4711-896a-dcdac4e82398@group-E8741A9C9FC2-SegmentedRaftLogWorker] INFO  segmented.SegmentedRaftLogWorker (SegmentedRaftLogWorker.java:execute(569)) - 51496804-6984-4711-896a-dcdac4e82398@group-E8741A9C9FC2-SegmentedRaftLogWorker: created new log segment /workdir/hadoop-ozone/integration-test/target/test-dir/MiniOzoneClusterImpl-844c3fa4-9b6f-47fc-a83e-e9a93d390c1e/datanode-3/data/ratis/8196b794-fbd5-4265-ad6f-e8741a9c9fc2/current/log_inprogress_0
2019-09-05 11:09:04,389 [1aa8c9aa-d82a-4fa9-80dc-356d427b97f3@group-E8741A9C9FC2-SegmentedRaftLogWorker] INFO  segmented.SegmentedRaftLogWorker (SegmentedRaftLogWorker.java:execute(569)) - 1aa8c9aa-d82a-4fa9-80dc-356d427b97f3@group-E8741A9C9FC2-SegmentedRaftLogWorker: created new log segment /workdir/hadoop-ozone/integration-test/target/test-dir/MiniOzoneClusterImpl-844c3fa4-9b6f-47fc-a83e-e9a93d390c1e/datanode-4/data/ratis/8196b794-fbd5-4265-ad6f-e8741a9c9fc2/current/log_inprogress_0
2019-09-05 11:09:04,389 [83e7b670-d8f5-4375-adb8-3b49caecfda0@group-E8741A9C9FC2-SegmentedRaftLogWorker] INFO  segmented.SegmentedRaftLogWorker (SegmentedRaftLogWorker.java:execute(569)) - 83e7b670-d8f5-4375-adb8-3b49caecfda0@group-E8741A9C9FC2-SegmentedRaftLogWorker: created new log segment /workdir/hadoop-ozone/integration-test/target/test-dir/MiniOzoneClusterImpl-844c3fa4-9b6f-47fc-a83e-e9a93d390c1e/datanode-2/data/ratis/8196b794-fbd5-4265-ad6f-e8741a9c9fc2/current/log_inprogress_0
2019-09-05 11:09:04,905 [grpc-default-executor-12] INFO  client.GrpcClientProtocolClient (GrpcClientProtocolClient.java:onNext(264)) - client-8A0AD3197E19->9fc77e25-aa5c-460f-a7c3-4d68bf1388cb: receive RaftClientReply:client-8A0AD3197E19->9fc77e25-aa5c-460f-a7c3-4d68bf1388cb@group-4349743B73F7, cid=222, FAILED org.apache.ratis.protocol.NotLeaderException: Server 9fc77e25-aa5c-460f-a7c3-4d68bf1388cb@group-4349743B73F7 is not the leader, logIndex=0, commits[9fc77e25-aa5c-460f-a7c3-4d68bf1388cb:c-1]
2019-09-05 11:09:05,914 [grpc-default-executor-11] INFO  client.GrpcClientProtocolClient (GrpcClientProtocolClient.java:onNext(264)) - client-8A0AD3197E19->fa38275b-b6c1-4443-ac3f-7d574d73b3ca: receive RaftClientReply:client-8A0AD3197E19->fa38275b-b6c1-4443-ac3f-7d574d73b3ca@group-4349743B73F7, cid=222, FAILED org.apache.ratis.protocol.NotLeaderException: Server fa38275b-b6c1-4443-ac3f-7d574d73b3ca@group-4349743B73F7 is not the leader, logIndex=0, commits[fa38275b-b6c1-4443-ac3f-7d574d73b3ca:c-1, 66668c9f-d169-4830-982b-36ce67e74237:c-1, 9fc77e25-aa5c-460f-a7c3-4d68bf1388cb:c-1]
2019-09-05 11:09:06,926 [grpc-default-executor-12] INFO  client.GrpcClientProtocolClient (GrpcClientProtocolClient.java:onNext(264)) - client-8A0AD3197E19->9fc77e25-aa5c-460f-a7c3-4d68bf1388cb: receive RaftClientReply:client-8A0AD3197E19->9fc77e25-aa5c-460f-a7c3-4d68bf1388cb@group-4349743B73F7, cid=222, FAILED org.apache.ratis.protocol.NotLeaderException: Server 9fc77e25-aa5c-460f-a7c3-4d68bf1388cb@group-4349743B73F7 is not the leader, logIndex=0, commits[9fc77e25-aa5c-460f-a7c3-4d68bf1388cb:c-1]
2019-09-05 11:09:07,939 [grpc-default-executor-6] INFO  client.GrpcClientProtocolClient (GrpcClientProtocolClient.java:onNext(264)) - client-8A0AD3197E19->66668c9f-d169-4830-982b-36ce67e74237: receive RaftClientReply:client-8A0AD3197E19->66668c9f-d169-4830-982b-36ce67e74237@group-4349743B73F7, cid=222, FAILED org.apache.ratis.protocol.NotLeaderException: Server 66668c9f-d169-4830-982b-36ce67e74237@group-4349743B73F7 is not the leader, logIndex=0, commits[66668c9f-d169-4830-982b-36ce67e74237:c-1, 9fc77e25-aa5c-460f-a7c3-4d68bf1388cb:c-1, fa38275b-b6c1-4443-ac3f-7d574d73b3ca:c-1]
2019-09-05 11:09:08,956 [grpc-default-executor-6] INFO  client.GrpcClientProtocolClient (GrpcClientProtocolClient.java:onNext(264)) - client-8A0AD3197E19->9fc77e25-aa5c-460f-a7c3-4d68bf1388cb: receive RaftClientReply:client-8A0AD3197E19->9fc77e25-aa5c-460f-a7c3-4d68bf1388cb@group-4349743B73F7, cid=222, FAILED org.apache.ratis.protocol.NotLeaderException: Server 9fc77e25-aa5c-460f-a7c3-4d68bf1388cb@group-4349743B73F7 is not the leader, logIndex=0, commits[9fc77e25-aa5c-460f-a7c3-4d68bf1388cb:c-1]
2019-09-05 11:09:09,196 [Thread-4177] INFO  impl.FollowerState (FollowerState.java:run(106)) - 9fc77e25-aa5c-460f-a7c3-4d68bf1388cb:group-4349743B73F7 changes to CANDIDATE, lastRpcTime:5084, electionTimeout:5084ms
2019-09-05 11:09:09,196 [Thread-4177] INFO  impl.RoleInfo (RoleInfo.java:shutdownFollowerState(121)) - 9fc77e25-aa5c-460f-a7c3-4d68bf1388cb: shutdown FollowerState
2019-09-05 11:09:09,197 [Thread-4177] INFO  impl.RaftServerImpl (RaftServerImpl.java:setRole(174)) - 9fc77e25-aa5c-460f-a7c3-4d68bf1388cb@group-4349743B73F7: changes role from  FOLLOWER to CANDIDATE at term 2 for changeToCandidate
2019-09-05 11:09:09,197 [Thread-4177] INFO  impl.RoleInfo (RoleInfo.java:updateAndGet(143)) - 9fc77e25-aa5c-460f-a7c3-4d68bf1388cb: start LeaderElection
2019-09-05 11:09:09,241 [Thread-4187] INFO  impl.FollowerState (FollowerState.java:run(106)) - fa38275b-b6c1-4443-ac3f-7d574d73b3ca:group-4349743B73F7 changes to CANDIDATE, lastRpcTime:5042, electionTimeout:5014ms
2019-09-05 11:09:09,241 [Thread-4187] INFO  impl.RoleInfo (RoleInfo.java:shutdownFollowerState(121)) - fa38275b-b6c1-4443-ac3f-7d574d73b3ca: shutdown FollowerState
2019-09-05 11:09:09,242 [Thread-4187] INFO  impl.RaftServerImpl (RaftServerImpl.java:setRole(174)) - fa38275b-b6c1-4443-ac3f-7d574d73b3ca@group-4349743B73F7: changes role from  FOLLOWER to CANDIDATE at term 2 for changeToCandidate
2019-09-05 11:09:09,242 [Thread-4187] INFO  impl.RoleInfo (RoleInfo.java:updateAndGet(143)) - fa38275b-b6c1-4443-ac3f-7d574d73b3ca: start LeaderElection
2019-09-05 11:09:09,249 [9fc77e25-aa5c-460f-a7c3-4d68bf1388cb@group-4349743B73F7:LeaderElection131] INFO  impl.LeaderElection (LeaderElection.java:askForVotes(182)) - 9fc77e25-aa5c-460f-a7c3-4d68bf1388cb@group-4349743B73F7:LeaderElection131: begin an election at term 3 for -1: [66668c9f-d169-4830-982b-36ce67e74237:192.168.36.83:35689, 9fc77e25-aa5c-460f-a7c3-4d68bf1388cb:192.168.36.83:45703, fa38275b-b6c1-4443-ac3f-7d574d73b3ca:192.168.36.83:40471], old=null
2019-09-05 11:09:09,252 [grpc-default-executor-12] INFO  impl.RaftServerImpl (RaftServerImpl.java:setRole(174)) - 66668c9f-d169-4830-982b-36ce67e74237@group-4349743B73F7: changes role from  FOLLOWER to FOLLOWER at term 3 for recognizeCandidate:9fc77e25-aa5c-460f-a7c3-4d68bf1388cb
2019-09-05 11:09:09,252 [grpc-default-executor-12] INFO  impl.RoleInfo (RoleInfo.java:shutdownFollowerState(121)) - 66668c9f-d169-4830-982b-36ce67e74237: shutdown FollowerState
2019-09-05 11:09:09,252 [grpc-default-executor-12] INFO  impl.RoleInfo (RoleInfo.java:updateAndGet(143)) - 66668c9f-d169-4830-982b-36ce67e74237: start FollowerState
2019-09-05 11:09:09,253 [Thread-4195] INFO  impl.FollowerState (FollowerState.java:run(115)) - 66668c9f-d169-4830-982b-36ce67e74237: FollowerState was interrupted: java.lang.InterruptedException: sleep interrupted
2019-09-05 11:09:09,294 [fa38275b-b6c1-4443-ac3f-7d574d73b3ca@group-4349743B73F7:LeaderElection132] INFO  impl.LeaderElection (LeaderElection.java:askForVotes(182)) - fa38275b-b6c1-4443-ac3f-7d574d73b3ca@group-4349743B73F7:LeaderElection132: begin an election at term 3 for 0: [66668c9f-d169-4830-982b-36ce67e74237:192.168.36.83:35689, 9fc77e25-aa5c-460f-a7c3-4d68bf1388cb:192.168.36.83:45703, fa38275b-b6c1-4443-ac3f-7d574d73b3ca:192.168.36.83:40471], old=null
2019-09-05 11:09:09,295 [9fc77e25-aa5c-460f-a7c3-4d68bf1388cb@group-4349743B73F7:LeaderElection131] INFO  impl.LeaderElection (LeaderElection.java:logAndReturn(56)) - 9fc77e25-aa5c-460f-a7c3-4d68bf1388cb@group-4349743B73F7:LeaderElection131: Election REJECTED; received 2 response(s) [9fc77e25-aa5c-460f-a7c3-4d68bf1388cb<-66668c9f-d169-4830-982b-36ce67e74237#0:FAIL-t3, 9fc77e25-aa5c-460f-a7c3-4d68bf1388cb<-fa38275b-b6c1-4443-ac3f-7d574d73b3ca#0:FAIL-t3] and 0 exception(s); 9fc77e25-aa5c-460f-a7c3-4d68bf1388cb@group-4349743B73F7:t3, leader=null, voted=9fc77e25-aa5c-460f-a7c3-4d68bf1388cb, raftlog=9fc77e25-aa5c-460f-a7c3-4d68bf1388cb@group-4349743B73F7-SegmentedRaftLog:OPENED:c-1,f-1,i0, conf=-1: [66668c9f-d169-4830-982b-36ce67e74237:192.168.36.83:35689, 9fc77e25-aa5c-460f-a7c3-4d68bf1388cb:192.168.36.83:45703, fa38275b-b6c1-4443-ac3f-7d574d73b3ca:192.168.36.83:40471], old=null
2019-09-05 11:09:09,295 [9fc77e25-aa5c-460f-a7c3-4d68bf1388cb@group-4349743B73F7:LeaderElection131] INFO  impl.RaftServerImpl (RaftServerImpl.java:setRole(174)) - 9fc77e25-aa5c-460f-a7c3-4d68bf1388cb@group-4349743B73F7: changes role from CANDIDATE to FOLLOWER at term 3 for DISCOVERED_A_NEW_TERM
2019-09-05 11:09:09,295 [9fc77e25-aa5c-460f-a7c3-4d68bf1388cb@group-4349743B73F7:LeaderElection131] INFO  impl.RoleInfo (RoleInfo.java:shutdownLeaderElection(134)) - 9fc77e25-aa5c-460f-a7c3-4d68bf1388cb: shutdown LeaderElection
2019-09-05 11:09:09,296 [9fc77e25-aa5c-460f-a7c3-4d68bf1388cb@group-4349743B73F7:LeaderElection131] INFO  impl.RoleInfo (RoleInfo.java:updateAndGet(143)) - 9fc77e25-aa5c-460f-a7c3-4d68bf1388cb: start FollowerState
2019-09-05 11:09:09,298 [grpc-default-executor-12] INFO  impl.RaftServerImpl (RaftServerImpl.java:setRole(174)) - 66668c9f-d169-4830-982b-36ce67e74237@group-4349743B73F7: changes role from  FOLLOWER to FOLLOWER at term 3 for recognizeCandidate:fa38275b-b6c1-4443-ac3f-7d574d73b3ca
2019-09-05 11:09:09,298 [grpc-default-executor-12] INFO  impl.RoleInfo (RoleInfo.java:shutdownFollowerState(121)) - 66668c9f-d169-4830-982b-36ce67e74237: shutdown FollowerState
2019-09-05 11:09:09,299 [grpc-default-executor-12] INFO  impl.RoleInfo (RoleInfo.java:updateAndGet(143)) - 66668c9f-d169-4830-982b-36ce67e74237: start FollowerState
2019-09-05 11:09:09,299 [Thread-4223] INFO  impl.FollowerState (FollowerState.java:run(115)) - 66668c9f-d169-4830-982b-36ce67e74237: FollowerState was interrupted: java.lang.InterruptedException: sleep interrupted
2019-09-05 11:09:09,336 [fa38275b-b6c1-4443-ac3f-7d574d73b3ca@group-4349743B73F7:LeaderElection132] INFO  impl.LeaderElection (LeaderElection.java:logAndReturn(56)) - fa38275b-b6c1-4443-ac3f-7d574d73b3ca@group-4349743B73F7:LeaderElection132: Election PASSED; received 2 response(s) [fa38275b-b6c1-4443-ac3f-7d574d73b3ca<-66668c9f-d169-4830-982b-36ce67e74237#0:OK-t3, fa38275b-b6c1-4443-ac3f-7d574d73b3ca<-9fc77e25-aa5c-460f-a7c3-4d68bf1388cb#0:FAIL-t3] and 0 exception(s); fa38275b-b6c1-4443-ac3f-7d574d73b3ca@group-4349743B73F7:t3, leader=null, voted=fa38275b-b6c1-4443-ac3f-7d574d73b3ca, raftlog=fa38275b-b6c1-4443-ac3f-7d574d73b3ca@group-4349743B73F7-SegmentedRaftLog:OPENED:c-1,f0,i0, conf=0: [66668c9f-d169-4830-982b-36ce67e74237:192.168.36.83:35689, 9fc77e25-aa5c-460f-a7c3-4d68bf1388cb:192.168.36.83:45703, fa38275b-b6c1-4443-ac3f-7d574d73b3ca:192.168.36.83:40471], old=null
2019-09-05 11:09:09,336 [fa38275b-b6c1-4443-ac3f-7d574d73b3ca@group-4349743B73F7:LeaderElection132] INFO  impl.RoleInfo (RoleInfo.java:shutdownLeaderElection(134)) - fa38275b-b6c1-4443-ac3f-7d574d73b3ca: shutdown LeaderElection
2019-09-05 11:09:09,337 [fa38275b-b6c1-4443-ac3f-7d574d73b3ca@group-4349743B73F7:LeaderElection132] INFO  impl.RaftServerImpl (RaftServerImpl.java:setRole(174)) - fa38275b-b6c1-4443-ac3f-7d574d73b3ca@group-4349743B73F7: changes role from CANDIDATE to LEADER at term 3 for changeToLeader
2019-09-05 11:09:09,337 [fa38275b-b6c1-4443-ac3f-7d574d73b3ca@group-4349743B73F7:LeaderElection132] INFO  impl.RaftServerImpl (ServerState.java:setLeader(253)) - fa38275b-b6c1-4443-ac3f-7d574d73b3ca@group-4349743B73F7: change Leader from null to fa38275b-b6c1-4443-ac3f-7d574d73b3ca at term 3 for becomeLeader, leader elected after 5138ms
2019-09-05 11:09:09,337 [fa38275b-b6c1-4443-ac3f-7d574d73b3ca@group-4349743B73F7:LeaderElection132] INFO  server.RaftServerConfigKeys (ConfUtils.java:logGet(43)) - raft.server.staging.catchup.gap = 1000 (default)
2019-09-05 11:09:09,337 [fa38275b-b6c1-4443-ac3f-7d574d73b3ca@group-4349743B73F7:LeaderElection132] INFO  server.RaftServerConfigKeys (ConfUtils.java:logGet(43)) - raft.server.rpc.sleep.time = 25ms (default)
2019-09-05 11:09:09,337 [fa38275b-b6c1-4443-ac3f-7d574d73b3ca@group-4349743B73F7:LeaderElection132] INFO  server.RaftServerConfigKeys (ConfUtils.java:logGet(43)) - raft.server.write.element-limit = 4096 (default)
2019-09-05 11:09:09,337 [fa38275b-b6c1-4443-ac3f-7d574d73b3ca@group-4349743B73F7:LeaderElection132] INFO  server.RaftServerConfigKeys (ConfUtils.java:logGet(43)) - raft.server.watch.timeout = 10s (default)
2019-09-05 11:09:09,337 [fa38275b-b6c1-4443-ac3f-7d574d73b3ca@group-4349743B73F7:LeaderElection132] INFO  server.RaftServerConfigKeys (ConfUtils.java:logGet(43)) - raft.server.watch.timeout.denomination = 1s (default)
2019-09-05 11:09:09,337 [fa38275b-b6c1-4443-ac3f-7d574d73b3ca@group-4349743B73F7:LeaderElection132] INFO  server.RaftServerConfigKeys (ConfUtils.java:logGet(43)) - raft.server.watch.element-limit = 65536 (default)
2019-09-05 11:09:09,339 [fa38275b-b6c1-4443-ac3f-7d574d73b3ca@group-4349743B73F7:LeaderElection132] INFO  server.RaftServerConfigKeys (ConfUtils.java:logGet(43)) - raft.server.log.appender.snapshot.chunk.size.max = 16MB (=16777216) (default)
2019-09-05 11:09:09,340 [fa38275b-b6c1-4443-ac3f-7d574d73b3ca@group-4349743B73F7:LeaderElection132] INFO  server.RaftServerConfigKeys (ConfUtils.java:logGet(43)) - raft.server.log.appender.buffer.byte-limit = 33554432 (custom)
2019-09-05 11:09:09,340 [fa38275b-b6c1-4443-ac3f-7d574d73b3ca@group-4349743B73F7:LeaderElection132] INFO  server.RaftServerConfigKeys (ConfUtils.java:logGet(43)) - raft.server.log.appender.buffer.element-limit = 1 (custom)
2019-09-05 11:09:09,340 [fa38275b-b6c1-4443-ac3f-7d574d73b3ca@group-4349743B73F7:LeaderElection132] INFO  grpc.GrpcConfigKeys$Server (ConfUtils.java:logGet(43)) - raft.grpc.server.leader.outstanding.appends.max = 128 (default)
2019-09-05 11:09:09,340 [fa38275b-b6c1-4443-ac3f-7d574d73b3ca@group-4349743B73F7:LeaderElection132] INFO  server.RaftServerConfigKeys (ConfUtils.java:logGet(43)) - raft.server.rpc.request.timeout = 3000ms (default)
2019-09-05 11:09:09,340 [fa38275b-b6c1-4443-ac3f-7d574d73b3ca@group-4349743B73F7:LeaderElection132] INFO  server.RaftServerConfigKeys (ConfUtils.java:logGet(43)) - raft.server.log.appender.install.snapshot.enabled = false (custom)
2019-09-05 11:09:09,340 [fa38275b-b6c1-4443-ac3f-7d574d73b3ca@group-4349743B73F7:LeaderElection132] INFO  server.RaftServerConfigKeys (ConfUtils.java:logGet(43)) - raft.server.log.appender.snapshot.chunk.size.max = 16MB (=16777216) (default)
2019-09-05 11:09:09,340 [fa38275b-b6c1-4443-ac3f-7d574d73b3ca@group-4349743B73F7:LeaderElection132] INFO  server.RaftServerConfigKeys (ConfUtils.java:logGet(43)) - raft.server.log.appender.buffer.byte-limit = 33554432 (custom)
2019-09-05 11:09:09,340 [fa38275b-b6c1-4443-ac3f-7d574d73b3ca@group-4349743B73F7:LeaderElection132] INFO  server.RaftServerConfigKeys (ConfUtils.java:logGet(43)) - raft.server.log.appender.buffer.element-limit = 1 (custom)
2019-09-05 11:09:09,341 [fa38275b-b6c1-4443-ac3f-7d574d73b3ca@group-4349743B73F7:LeaderElection132] INFO  grpc.GrpcConfigKeys$Server (ConfUtils.java:logGet(43)) - raft.grpc.server.leader.outstanding.appends.max = 128 (default)
2019-09-05 11:09:09,341 [fa38275b-b6c1-4443-ac3f-7d574d73b3ca@group-4349743B73F7:LeaderElection132] INFO  server.RaftServerConfigKeys (ConfUtils.java:logGet(43)) - raft.server.rpc.request.timeout = 3000ms (default)
2019-09-05 11:09:09,341 [fa38275b-b6c1-4443-ac3f-7d574d73b3ca@group-4349743B73F7:LeaderElection132] INFO  server.RaftServerConfigKeys (ConfUtils.java:logGet(43)) - raft.server.log.appender.install.snapshot.enabled = false (custom)
2019-09-05 11:09:09,341 [fa38275b-b6c1-4443-ac3f-7d574d73b3ca@group-4349743B73F7:LeaderElection132] INFO  impl.RoleInfo (RoleInfo.java:updateAndGet(143)) - fa38275b-b6c1-4443-ac3f-7d574d73b3ca: start LeaderState
2019-09-05 11:09:09,341 [fa38275b-b6c1-4443-ac3f-7d574d73b3ca@group-4349743B73F7:LeaderElection132] INFO  segmented.SegmentedRaftLogWorker (SegmentedRaftLogWorker.java:rollLogSegment(385)) - fa38275b-b6c1-4443-ac3f-7d574d73b3ca@group-4349743B73F7-SegmentedRaftLogWorker: Rolling segment log-0_0 to index:0
2019-09-05 11:09:09,342 [fa38275b-b6c1-4443-ac3f-7d574d73b3ca@group-4349743B73F7:LeaderElection132] INFO  impl.RaftServerImpl (ServerState.java:setRaftConf(354)) - fa38275b-b6c1-4443-ac3f-7d574d73b3ca@group-4349743B73F7: set configuration 1: [66668c9f-d169-4830-982b-36ce67e74237:192.168.36.83:35689, 9fc77e25-aa5c-460f-a7c3-4d68bf1388cb:192.168.36.83:45703, fa38275b-b6c1-4443-ac3f-7d574d73b3ca:192.168.36.83:40471], old=null at 1
2019-09-05 11:09:09,342 [fa38275b-b6c1-4443-ac3f-7d574d73b3ca@group-4349743B73F7-SegmentedRaftLogWorker] INFO  segmented.SegmentedRaftLogWorker (SegmentedRaftLogWorker.java:execute(526)) - fa38275b-b6c1-4443-ac3f-7d574d73b3ca@group-4349743B73F7-SegmentedRaftLogWorker: Rolled log segment from /workdir/hadoop-ozone/integration-test/target/test-dir/MiniOzoneClusterImpl-844c3fa4-9b6f-47fc-a83e-e9a93d390c1e/datanode-5/data/ratis/9a3bb825-394a-494f-8ea0-4349743b73f7/current/log_inprogress_0 to /workdir/hadoop-ozone/integration-test/target/test-dir/MiniOzoneClusterImpl-844c3fa4-9b6f-47fc-a83e-e9a93d390c1e/datanode-5/data/ratis/9a3bb825-394a-494f-8ea0-4349743b73f7/current/log_0-0
2019-09-05 11:09:09,343 [grpc-default-executor-12] INFO  impl.RaftServerImpl (ServerState.java:setLeader(253)) - 66668c9f-d169-4830-982b-36ce67e74237@group-4349743B73F7: change Leader from null to fa38275b-b6c1-4443-ac3f-7d574d73b3ca at term 3 for appendEntries, leader elected after 5144ms
2019-09-05 11:09:09,343 [grpc-default-executor-6] INFO  impl.RaftServerImpl (ServerState.java:setLeader(253)) - 9fc77e25-aa5c-460f-a7c3-4d68bf1388cb@group-4349743B73F7: change Leader from null to fa38275b-b6c1-4443-ac3f-7d574d73b3ca at term 3 for appendEntries, leader elected after 10357ms
2019-09-05 11:09:09,344 [grpc-default-executor-6] INFO  impl.RaftServerImpl (RaftServerImpl.java:checkInconsistentAppendEntries(1003)) - 9fc77e25-aa5c-460f-a7c3-4d68bf1388cb@group-4349743B73F7: Failed appendEntries as previous log entry ((t:1, i:0)) is not found
2019-09-05 11:09:09,344 [grpc-default-executor-6] INFO  impl.RaftServerImpl (RaftServerImpl.java:checkInconsistentAppendEntries(976)) - 9fc77e25-aa5c-460f-a7c3-4d68bf1388cb@group-4349743B73F7: inconsistency entries. Reply:fa38275b-b6c1-4443-ac3f-7d574d73b3ca<-9fc77e25-aa5c-460f-a7c3-4d68bf1388cb#0:FAIL,INCONSISTENCY,nextIndex:0,term:3,followerCommit:-1
2019-09-05 11:09:09,345 [grpc-default-executor-12] INFO  impl.RaftServerImpl (ServerState.java:setRaftConf(354)) - 66668c9f-d169-4830-982b-36ce67e74237@group-4349743B73F7: set configuration 1: [66668c9f-d169-4830-982b-36ce67e74237:192.168.36.83:35689, 9fc77e25-aa5c-460f-a7c3-4d68bf1388cb:192.168.36.83:45703, fa38275b-b6c1-4443-ac3f-7d574d73b3ca:192.168.36.83:40471], old=null at 1
2019-09-05 11:09:09,345 [grpc-default-executor-12] INFO  segmented.SegmentedRaftLogWorker (SegmentedRaftLogWorker.java:rollLogSegment(385)) - 66668c9f-d169-4830-982b-36ce67e74237@group-4349743B73F7-SegmentedRaftLogWorker: Rolling segment log-0_0 to index:0
2019-09-05 11:09:09,346 [66668c9f-d169-4830-982b-36ce67e74237@group-4349743B73F7-SegmentedRaftLogWorker] INFO  segmented.SegmentedRaftLogWorker (SegmentedRaftLogWorker.java:execute(526)) - 66668c9f-d169-4830-982b-36ce67e74237@group-4349743B73F7-SegmentedRaftLogWorker: Rolled log segment from /workdir/hadoop-ozone/integration-test/target/test-dir/MiniOzoneClusterImpl-844c3fa4-9b6f-47fc-a83e-e9a93d390c1e/datanode-6/data/ratis/9a3bb825-394a-494f-8ea0-4349743b73f7/current/log_inprogress_0 to /workdir/hadoop-ozone/integration-test/target/test-dir/MiniOzoneClusterImpl-844c3fa4-9b6f-47fc-a83e-e9a93d390c1e/datanode-6/data/ratis/9a3bb825-394a-494f-8ea0-4349743b73f7/current/log_0-0
2019-09-05 11:09:09,346 [grpc-default-executor-6] INFO  impl.FollowerInfo (FollowerInfo.java:lambda$new$0(51)) - fa38275b-b6c1-4443-ac3f-7d574d73b3ca@group-4349743B73F7->9fc77e25-aa5c-460f-a7c3-4d68bf1388cb: nextIndex: updateUnconditionally 1 -> 0
2019-09-05 11:09:09,349 [grpc-default-executor-6] INFO  impl.RaftServerImpl (ServerState.java:setRaftConf(354)) - 9fc77e25-aa5c-460f-a7c3-4d68bf1388cb@group-4349743B73F7: set configuration 0: [66668c9f-d169-4830-982b-36ce67e74237:192.168.36.83:35689, 9fc77e25-aa5c-460f-a7c3-4d68bf1388cb:192.168.36.83:45703, fa38275b-b6c1-4443-ac3f-7d574d73b3ca:192.168.36.83:40471], old=null at 0
2019-09-05 11:09:09,350 [grpc-default-executor-6] INFO  segmented.SegmentedRaftLogWorker (SegmentedRaftLogWorker.java:startLogSegment(380)) - 9fc77e25-aa5c-460f-a7c3-4d68bf1388cb@group-4349743B73F7-SegmentedRaftLogWorker: Starting segment from index:0
2019-09-05 11:09:09,350 [grpc-default-executor-6] INFO  impl.RaftServerImpl (ServerState.java:setRaftConf(354)) - 9fc77e25-aa5c-460f-a7c3-4d68bf1388cb@group-4349743B73F7: set configuration 1: [66668c9f-d169-4830-982b-36ce67e74237:192.168.36.83:35689, 9fc77e25-aa5c-460f-a7c3-4d68bf1388cb:192.168.36.83:45703, fa38275b-b6c1-4443-ac3f-7d574d73b3ca:192.168.36.83:40471], old=null at 1
2019-09-05 11:09:09,351 [grpc-default-executor-6] INFO  segmented.SegmentedRaftLogWorker (SegmentedRaftLogWorker.java:rollLogSegment(385)) - 9fc77e25-aa5c-460f-a7c3-4d68bf1388cb@group-4349743B73F7-SegmentedRaftLogWorker: Rolling segment log-0_0 to index:0
2019-09-05 11:09:09,436 [66668c9f-d169-4830-982b-36ce67e74237@group-4349743B73F7-SegmentedRaftLogWorker] INFO  segmented.SegmentedRaftLogWorker (SegmentedRaftLogWorker.java:execute(569)) - 66668c9f-d169-4830-982b-36ce67e74237@group-4349743B73F7-SegmentedRaftLogWorker: created new log segment /workdir/hadoop-ozone/integration-test/target/test-dir/MiniOzoneClusterImpl-844c3fa4-9b6f-47fc-a83e-e9a93d390c1e/datanode-6/data/ratis/9a3bb825-394a-494f-8ea0-4349743b73f7/current/log_inprogress_1
2019-09-05 11:09:09,436 [fa38275b-b6c1-4443-ac3f-7d574d73b3ca@group-4349743B73F7-SegmentedRaftLogWorker] INFO  segmented.SegmentedRaftLogWorker (SegmentedRaftLogWorker.java:execute(569)) - fa38275b-b6c1-4443-ac3f-7d574d73b3ca@group-4349743B73F7-SegmentedRaftLogWorker: created new log segment /workdir/hadoop-ozone/integration-test/target/test-dir/MiniOzoneClusterImpl-844c3fa4-9b6f-47fc-a83e-e9a93d390c1e/datanode-5/data/ratis/9a3bb825-394a-494f-8ea0-4349743b73f7/current/log_inprogress_1
2019-09-05 11:09:09,436 [9fc77e25-aa5c-460f-a7c3-4d68bf1388cb@group-4349743B73F7-SegmentedRaftLogWorker] INFO  segmented.SegmentedRaftLogWorker (SegmentedRaftLogWorker.java:execute(569)) - 9fc77e25-aa5c-460f-a7c3-4d68bf1388cb@group-4349743B73F7-SegmentedRaftLogWorker: created new log segment /workdir/hadoop-ozone/integration-test/target/test-dir/MiniOzoneClusterImpl-844c3fa4-9b6f-47fc-a83e-e9a93d390c1e/datanode-0/data/ratis/9a3bb825-394a-494f-8ea0-4349743b73f7/current/log_inprogress_0
2019-09-05 11:09:09,496 [9fc77e25-aa5c-460f-a7c3-4d68bf1388cb@group-4349743B73F7-SegmentedRaftLogWorker] INFO  segmented.SegmentedRaftLogWorker (SegmentedRaftLogWorker.java:execute(526)) - 9fc77e25-aa5c-460f-a7c3-4d68bf1388cb@group-4349743B73F7-SegmentedRaftLogWorker: Rolled log segment from /workdir/hadoop-ozone/integration-test/target/test-dir/MiniOzoneClusterImpl-844c3fa4-9b6f-47fc-a83e-e9a93d390c1e/datanode-0/data/ratis/9a3bb825-394a-494f-8ea0-4349743b73f7/current/log_inprogress_0 to /workdir/hadoop-ozone/integration-test/target/test-dir/MiniOzoneClusterImpl-844c3fa4-9b6f-47fc-a83e-e9a93d390c1e/datanode-0/data/ratis/9a3bb825-394a-494f-8ea0-4349743b73f7/current/log_0-0
2019-09-05 11:09:09,569 [9fc77e25-aa5c-460f-a7c3-4d68bf1388cb@group-4349743B73F7-SegmentedRaftLogWorker] INFO  segmented.SegmentedRaftLogWorker (SegmentedRaftLogWorker.java:execute(569)) - 9fc77e25-aa5c-460f-a7c3-4d68bf1388cb@group-4349743B73F7-SegmentedRaftLogWorker: created new log segment /workdir/hadoop-ozone/integration-test/target/test-dir/MiniOzoneClusterImpl-844c3fa4-9b6f-47fc-a83e-e9a93d390c1e/datanode-0/data/ratis/9a3bb825-394a-494f-8ea0-4349743b73f7/current/log_inprogress_1
2019-09-05 11:09:10,428 [grpc-default-executor-6] INFO  client.GrpcClientProtocolClient (GrpcClientProtocolClient.java:onNext(264)) - client-8A0AD3197E19->fa38275b-b6c1-4443-ac3f-7d574d73b3ca: receive RaftClientReply:client-8A0AD3197E19->fa38275b-b6c1-4443-ac3f-7d574d73b3ca@group-4349743B73F7, cid=222, SUCCESS, logIndex=3, commits[fa38275b-b6c1-4443-ac3f-7d574d73b3ca:c3, 66668c9f-d169-4830-982b-36ce67e74237:c2, 9fc77e25-aa5c-460f-a7c3-4d68bf1388cb:c2]
2019-09-05 11:09:10,456 [grpc-default-executor-11] INFO  client.GrpcClientProtocolClient (GrpcClientProtocolClient.java:onNext(264)) - client-8A0AD3197E19->fa38275b-b6c1-4443-ac3f-7d574d73b3ca: receive RaftClientReply:client-8A0AD3197E19->fa38275b-b6c1-4443-ac3f-7d574d73b3ca@group-4349743B73F7, cid=223, SUCCESS, logIndex=5, commits[fa38275b-b6c1-4443-ac3f-7d574d73b3ca:c9, 66668c9f-d169-4830-982b-36ce67e74237:c3, 9fc77e25-aa5c-460f-a7c3-4d68bf1388cb:c3]
2019-09-05 11:09:10,644 [grpc-default-executor-11] INFO  client.GrpcClientProtocolClient (GrpcClientProtocolClient.java:onNext(264)) - client-8A0AD3197E19->fa38275b-b6c1-4443-ac3f-7d574d73b3ca: receive RaftClientReply:client-8A0AD3197E19->fa38275b-b6c1-4443-ac3f-7d574d73b3ca@group-4349743B73F7, cid=224, SUCCESS, logIndex=6, commits[fa38275b-b6c1-4443-ac3f-7d574d73b3ca:c14, 66668c9f-d169-4830-982b-36ce67e74237:c9, 9fc77e25-aa5c-460f-a7c3-4d68bf1388cb:c9]
2019-09-05 11:09:10,645 [grpc-default-executor-11] INFO  client.GrpcClientProtocolClient (GrpcClientProtocolClient.java:onNext(264)) - client-8A0AD3197E19->fa38275b-b6c1-4443-ac3f-7d574d73b3ca: receive RaftClientReply:client-8A0AD3197E19->fa38275b-b6c1-4443-ac3f-7d574d73b3ca@group-4349743B73F7, cid=225, SUCCESS, logIndex=7, commits[fa38275b-b6c1-4443-ac3f-7d574d73b3ca:c14, 66668c9f-d169-4830-982b-36ce67e74237:c9, 9fc77e25-aa5c-460f-a7c3-4d68bf1388cb:c9]
2019-09-05 11:09:10,645 [grpc-default-executor-11] INFO  client.GrpcClientProtocolClient (GrpcClientProtocolClient.java:onNext(264)) - client-8A0AD3197E19->fa38275b-b6c1-4443-ac3f-7d574d73b3ca: receive RaftClientReply:client-8A0AD3197E19->fa38275b-b6c1-4443-ac3f-7d574d73b3ca@group-4349743B73F7, cid=226, SUCCESS, logIndex=8, commits[fa38275b-b6c1-4443-ac3f-7d574d73b3ca:c14, 66668c9f-d169-4830-982b-36ce67e74237:c9, 9fc77e25-aa5c-460f-a7c3-4d68bf1388cb:c9]
2019-09-05 11:09:12,586 [grpc-default-executor-11] INFO  client.GrpcClientProtocolClient (GrpcClientProtocolClient.java:onNext(264)) - client-8A0AD3197E19->fa38275b-b6c1-4443-ac3f-7d574d73b3ca: receive RaftClientReply:client-8A0AD3197E19->fa38275b-b6c1-4443-ac3f-7d574d73b3ca@group-4349743B73F7, cid=227, SUCCESS, logIndex=9, commits[fa38275b-b6c1-4443-ac3f-7d574d73b3ca:c14, 66668c9f-d169-4830-982b-36ce67e74237:c9, 9fc77e25-aa5c-460f-a7c3-4d68bf1388cb:c9]
2019-09-05 11:09:12,634 [grpc-default-executor-1] INFO  client.GrpcClientProtocolClient (GrpcClientProtocolClient.java:onNext(264)) - client-8A0AD3197E19->fa38275b-b6c1-4443-ac3f-7d574d73b3ca: receive RaftClientReply:client-8A0AD3197E19->fa38275b-b6c1-4443-ac3f-7d574d73b3ca@group-4349743B73F7, cid=228, SUCCESS, logIndex=15, commits[fa38275b-b6c1-4443-ac3f-7d574d73b3ca:c15, 66668c9f-d169-4830-982b-36ce67e74237:c14, 9fc77e25-aa5c-460f-a7c3-4d68bf1388cb:c14]
2019-09-05 11:09:12,660 [grpc-default-executor-1] INFO  client.GrpcClientProtocolClient (GrpcClientProtocolClient.java:onNext(264)) - client-8A0AD3197E19->fa38275b-b6c1-4443-ac3f-7d574d73b3ca: receive RaftClientReply:client-8A0AD3197E19->fa38275b-b6c1-4443-ac3f-7d574d73b3ca@group-4349743B73F7, cid=229, SUCCESS, logIndex=16, commits[fa38275b-b6c1-4443-ac3f-7d574d73b3ca:c16, 66668c9f-d169-4830-982b-36ce67e74237:c14, 9fc77e25-aa5c-460f-a7c3-4d68bf1388cb:c14]
2019-09-05 11:09:13,665 [main] WARN  scm.XceiverClientRatis (XceiverClientRatis.java:watchForCommit(262)) - 3 way commit failed on pipeline Pipeline[ Id: 9a3bb825-394a-494f-8ea0-4349743b73f7, Nodes: fa38275b-b6c1-4443-ac3f-7d574d73b3ca{ip: 192.168.36.83, host: pr-hdds-1561-gm47z-337254333, networkLocation: /default-rack, certSerialId: null}9fc77e25-aa5c-460f-a7c3-4d68bf1388cb{ip: 192.168.36.83, host: pr-hdds-1561-gm47z-337254333, networkLocation: /default-rack, certSerialId: null}66668c9f-d169-4830-982b-36ce67e74237{ip: 192.168.36.83, host: pr-hdds-1561-gm47z-337254333, networkLocation: /default-rack, certSerialId: null}, Type:RATIS, Factor:THREE, State:OPEN]
java.util.concurrent.TimeoutException
	at java.util.concurrent.CompletableFuture.timedGet(CompletableFuture.java:1771)
	at java.util.concurrent.CompletableFuture.get(CompletableFuture.java:1915)
	at org.apache.hadoop.hdds.scm.XceiverClientRatis.watchForCommit(XceiverClientRatis.java:259)
	at org.apache.hadoop.hdds.scm.storage.CommitWatcher.watchForCommit(CommitWatcher.java:194)
	at org.apache.hadoop.hdds.scm.storage.CommitWatcher.watchOnLastIndex(CommitWatcher.java:157)
	at org.apache.hadoop.hdds.scm.storage.BlockOutputStream.watchForCommit(BlockOutputStream.java:347)
	at org.apache.hadoop.hdds.scm.storage.BlockOutputStream.handleFlush(BlockOutputStream.java:479)
	at org.apache.hadoop.hdds.scm.storage.BlockOutputStream.flush(BlockOutputStream.java:428)
	at org.apache.hadoop.ozone.client.io.BlockOutputStreamEntry.flush(BlockOutputStreamEntry.java:136)
	at org.apache.hadoop.ozone.client.io.KeyOutputStream.handleFlushOrClose(KeyOutputStream.java:442)
	at org.apache.hadoop.ozone.client.io.KeyOutputStream.flush(KeyOutputStream.java:396)
	at org.apache.hadoop.ozone.client.io.OzoneOutputStream.flush(OzoneOutputStream.java:54)
	at org.apache.hadoop.ozone.client.rpc.TestBlockOutputStreamWithFailures.testWatchForCommitWithCloseContainerException(TestBlockOutputStreamWithFailures.java:190)
	at sun.reflect.NativeMethodAccessorImpl.invoke0(Native Method)
	at sun.reflect.NativeMethodAccessorImpl.invoke(NativeMethodAccessorImpl.java:62)
	at sun.reflect.DelegatingMethodAccessorImpl.invoke(DelegatingMethodAccessorImpl.java:43)
	at java.lang.reflect.Method.invoke(Method.java:498)
	at org.junit.runners.model.FrameworkMethod$1.runReflectiveCall(FrameworkMethod.java:47)
	at org.junit.internal.runners.model.ReflectiveCallable.run(ReflectiveCallable.java:12)
	at org.junit.runners.model.FrameworkMethod.invokeExplosively(FrameworkMethod.java:44)
	at org.junit.internal.runners.statements.InvokeMethod.evaluate(InvokeMethod.java:17)
	at org.junit.internal.runners.statements.RunBefores.evaluate(RunBefores.java:26)
	at org.junit.internal.runners.statements.RunAfters.evaluate(RunAfters.java:27)
	at org.junit.runners.ParentRunner.runLeaf(ParentRunner.java:271)
	at org.junit.runners.BlockJUnit4ClassRunner.runChild(BlockJUnit4ClassRunner.java:70)
	at org.junit.runners.BlockJUnit4ClassRunner.runChild(BlockJUnit4ClassRunner.java:50)
	at org.junit.runners.ParentRunner$3.run(ParentRunner.java:238)
	at org.junit.runners.ParentRunner$1.schedule(ParentRunner.java:63)
	at org.junit.runners.ParentRunner.runChildren(ParentRunner.java:236)
	at org.junit.runners.ParentRunner.access$000(ParentRunner.java:53)
	at org.junit.runners.ParentRunner$2.evaluate(ParentRunner.java:229)
	at org.junit.runners.ParentRunner.run(ParentRunner.java:309)
	at org.apache.maven.surefire.junit4.JUnit4Provider.execute(JUnit4Provider.java:365)
	at org.apache.maven.surefire.junit4.JUnit4Provider.executeWithRerun(JUnit4Provider.java:273)
	at org.apache.maven.surefire.junit4.JUnit4Provider.executeTestSet(JUnit4Provider.java:238)
	at org.apache.maven.surefire.junit4.JUnit4Provider.invoke(JUnit4Provider.java:159)
	at org.apache.maven.surefire.booter.ForkedBooter.invokeProviderInSameClassLoader(ForkedBooter.java:384)
	at org.apache.maven.surefire.booter.ForkedBooter.runSuitesInProcess(ForkedBooter.java:345)
	at org.apache.maven.surefire.booter.ForkedBooter.execute(ForkedBooter.java:126)
	at org.apache.maven.surefire.booter.ForkedBooter.main(ForkedBooter.java:418)
2019-09-05 11:09:14,671 [main] WARN  storage.CommitWatcher (CommitWatcher.java:watchForCommit(203)) - watchForCommit failed for index 16
java.util.concurrent.TimeoutException
	at java.util.concurrent.CompletableFuture.timedGet(CompletableFuture.java:1771)
	at java.util.concurrent.CompletableFuture.get(CompletableFuture.java:1915)
	at org.apache.hadoop.hdds.scm.XceiverClientRatis.watchForCommit(XceiverClientRatis.java:268)
	at org.apache.hadoop.hdds.scm.storage.CommitWatcher.watchForCommit(CommitWatcher.java:194)
	at org.apache.hadoop.hdds.scm.storage.CommitWatcher.watchOnLastIndex(CommitWatcher.java:157)
	at org.apache.hadoop.hdds.scm.storage.BlockOutputStream.watchForCommit(BlockOutputStream.java:347)
	at org.apache.hadoop.hdds.scm.storage.BlockOutputStream.handleFlush(BlockOutputStream.java:479)
	at org.apache.hadoop.hdds.scm.storage.BlockOutputStream.flush(BlockOutputStream.java:428)
	at org.apache.hadoop.ozone.client.io.BlockOutputStreamEntry.flush(BlockOutputStreamEntry.java:136)
	at org.apache.hadoop.ozone.client.io.KeyOutputStream.handleFlushOrClose(KeyOutputStream.java:442)
	at org.apache.hadoop.ozone.client.io.KeyOutputStream.flush(KeyOutputStream.java:396)
	at org.apache.hadoop.ozone.client.io.OzoneOutputStream.flush(OzoneOutputStream.java:54)
	at org.apache.hadoop.ozone.client.rpc.TestBlockOutputStreamWithFailures.testWatchForCommitWithCloseContainerException(TestBlockOutputStreamWithFailures.java:190)
	at sun.reflect.NativeMethodAccessorImpl.invoke0(Native Method)
	at sun.reflect.NativeMethodAccessorImpl.invoke(NativeMethodAccessorImpl.java:62)
	at sun.reflect.DelegatingMethodAccessorImpl.invoke(DelegatingMethodAccessorImpl.java:43)
	at java.lang.reflect.Method.invoke(Method.java:498)
	at org.junit.runners.model.FrameworkMethod$1.runReflectiveCall(FrameworkMethod.java:47)
	at org.junit.internal.runners.model.ReflectiveCallable.run(ReflectiveCallable.java:12)
	at org.junit.runners.model.FrameworkMethod.invokeExplosively(FrameworkMethod.java:44)
	at org.junit.internal.runners.statements.InvokeMethod.evaluate(InvokeMethod.java:17)
	at org.junit.internal.runners.statements.RunBefores.evaluate(RunBefores.java:26)
	at org.junit.internal.runners.statements.RunAfters.evaluate(RunAfters.java:27)
	at org.junit.runners.ParentRunner.runLeaf(ParentRunner.java:271)
	at org.junit.runners.BlockJUnit4ClassRunner.runChild(BlockJUnit4ClassRunner.java:70)
	at org.junit.runners.BlockJUnit4ClassRunner.runChild(BlockJUnit4ClassRunner.java:50)
	at org.junit.runners.ParentRunner$3.run(ParentRunner.java:238)
	at org.junit.runners.ParentRunner$1.schedule(ParentRunner.java:63)
	at org.junit.runners.ParentRunner.runChildren(ParentRunner.java:236)
	at org.junit.runners.ParentRunner.access$000(ParentRunner.java:53)
	at org.junit.runners.ParentRunner$2.evaluate(ParentRunner.java:229)
	at org.junit.runners.ParentRunner.run(ParentRunner.java:309)
	at org.apache.maven.surefire.junit4.JUnit4Provider.execute(JUnit4Provider.java:365)
	at org.apache.maven.surefire.junit4.JUnit4Provider.executeWithRerun(JUnit4Provider.java:273)
	at org.apache.maven.surefire.junit4.JUnit4Provider.executeTestSet(JUnit4Provider.java:238)
	at org.apache.maven.surefire.junit4.JUnit4Provider.invoke(JUnit4Provider.java:159)
	at org.apache.maven.surefire.booter.ForkedBooter.invokeProviderInSameClassLoader(ForkedBooter.java:384)
	at org.apache.maven.surefire.booter.ForkedBooter.runSuitesInProcess(ForkedBooter.java:345)
	at org.apache.maven.surefire.booter.ForkedBooter.execute(ForkedBooter.java:126)
	at org.apache.maven.surefire.booter.ForkedBooter.main(ForkedBooter.java:418)
2019-09-05 11:09:14,673 [main] WARN  io.KeyOutputStream (KeyOutputStream.java:handleException(276)) - Encountered exception java.io.IOException: Unexpected Storage Container Exception: java.io.IOException: Unexpected Storage Container Exception: java.util.concurrent.TimeoutException on the pipeline Pipeline[ Id: 9a3bb825-394a-494f-8ea0-4349743b73f7, Nodes: fa38275b-b6c1-4443-ac3f-7d574d73b3ca{ip: 192.168.36.83, host: pr-hdds-1561-gm47z-337254333, networkLocation: /default-rack, certSerialId: null}9fc77e25-aa5c-460f-a7c3-4d68bf1388cb{ip: 192.168.36.83, host: pr-hdds-1561-gm47z-337254333, networkLocation: /default-rack, certSerialId: null}66668c9f-d169-4830-982b-36ce67e74237{ip: 192.168.36.83, host: pr-hdds-1561-gm47z-337254333, networkLocation: /default-rack, certSerialId: null}, Type:RATIS, Factor:THREE, State:OPEN]. The last committed block length is 400, uncommitted data length is 50 retry count 0
2019-09-05 11:09:15,190 [grpc-default-executor-1] INFO  client.GrpcClientProtocolClient (GrpcClientProtocolClient.java:onNext(264)) - client-8A0AD3197E19->fa38275b-b6c1-4443-ac3f-7d574d73b3ca: receive RaftClientReply:client-8A0AD3197E19->fa38275b-b6c1-4443-ac3f-7d574d73b3ca@group-4349743B73F7, cid=231, SUCCESS, logIndex=0, commits[fa38275b-b6c1-4443-ac3f-7d574d73b3ca:c18, 66668c9f-d169-4830-982b-36ce67e74237:c15, 9fc77e25-aa5c-460f-a7c3-4d68bf1388cb:c18]
2019-09-05 11:09:15,191 [grpc-default-executor-1] INFO  client.GrpcClientProtocolClient (GrpcClientProtocolClient.java:onNext(264)) - client-8A0AD3197E19->fa38275b-b6c1-4443-ac3f-7d574d73b3ca: receive RaftClientReply:client-8A0AD3197E19->fa38275b-b6c1-4443-ac3f-7d574d73b3ca@group-4349743B73F7, cid=230, SUCCESS, logIndex=0, commits[fa38275b-b6c1-4443-ac3f-7d574d73b3ca:c18, 66668c9f-d169-4830-982b-36ce67e74237:c18, 9fc77e25-aa5c-460f-a7c3-4d68bf1388cb:c18]
2019-09-05 11:09:17,740 [java.util.concurrent.ThreadPoolExecutor$Worker@78399a3d[State = -1, empty queue]] WARN  server.GrpcLogAppender (GrpcLogAppender.java:timeoutAppendRequest(200)) - 51496804-6984-4711-896a-dcdac4e82398@group-E8741A9C9FC2->83e7b670-d8f5-4375-adb8-3b49caecfda0-GrpcLogAppender: appendEntries Timeout, request=51496804-6984-4711-896a-dcdac4e82398->83e7b670-d8f5-4375-adb8-3b49caecfda0#6-t1, previous=(t:1, i:0), leaderCommit=0, initializing? false, entries: size=1, first=(t:1, i:1), STATEMACHINELOGENTRY, client-BD7600B2929F, cid=232
2019-09-05 11:09:17,740 [java.util.concurrent.ThreadPoolExecutor$Worker@26a09add[State = -1, empty queue]] WARN  server.GrpcLogAppender (GrpcLogAppender.java:timeoutAppendRequest(200)) - 51496804-6984-4711-896a-dcdac4e82398@group-E8741A9C9FC2->1aa8c9aa-d82a-4fa9-80dc-356d427b97f3-GrpcLogAppender: appendEntries Timeout, request=51496804-6984-4711-896a-dcdac4e82398->1aa8c9aa-d82a-4fa9-80dc-356d427b97f3#6-t1, previous=(t:1, i:0), leaderCommit=0, initializing? false, entries: size=1, first=(t:1, i:1), STATEMACHINELOGENTRY, client-BD7600B2929F, cid=232
2019-09-05 11:09:19,786 [grpc-default-executor-1] INFO  client.GrpcClientProtocolClient (GrpcClientProtocolClient.java:onNext(264)) - client-BD7600B2929F->1aa8c9aa-d82a-4fa9-80dc-356d427b97f3: receive RaftClientReply:client-BD7600B2929F->1aa8c9aa-d82a-4fa9-80dc-356d427b97f3@group-E8741A9C9FC2, cid=232, FAILED org.apache.ratis.protocol.NotLeaderException: Server 1aa8c9aa-d82a-4fa9-80dc-356d427b97f3@group-E8741A9C9FC2 is not the leader 51496804-6984-4711-896a-dcdac4e82398:192.168.36.83:32887, logIndex=0, commits[1aa8c9aa-d82a-4fa9-80dc-356d427b97f3:c0, 51496804-6984-4711-896a-dcdac4e82398:c0, 83e7b670-d8f5-4375-adb8-3b49caecfda0:c0]
2019-09-05 11:09:20,240 [java.util.concurrent.ThreadPoolExecutor$Worker@26a09add[State = -1, empty queue]] WARN  server.GrpcLogAppender (GrpcLogAppender.java:timeoutAppendRequest(200)) - 51496804-6984-4711-896a-dcdac4e82398@group-E8741A9C9FC2->1aa8c9aa-d82a-4fa9-80dc-356d427b97f3-GrpcLogAppender: appendEntries Timeout, request=51496804-6984-4711-896a-dcdac4e82398->1aa8c9aa-d82a-4fa9-80dc-356d427b97f3#7-t1, previous=(t:1, i:1), leaderCommit=0, initializing? false, entries: <empty>
2019-09-05 11:09:20,240 [java.util.concurrent.ThreadPoolExecutor$Worker@78399a3d[State = -1, empty queue]] WARN  server.GrpcLogAppender (GrpcLogAppender.java:timeoutAppendRequest(200)) - 51496804-6984-4711-896a-dcdac4e82398@group-E8741A9C9FC2->83e7b670-d8f5-4375-adb8-3b49caecfda0-GrpcLogAppender: appendEntries Timeout, request=51496804-6984-4711-896a-dcdac4e82398->83e7b670-d8f5-4375-adb8-3b49caecfda0#7-t1, previous=(t:1, i:1), leaderCommit=0, initializing? false, entries: <empty>
2019-09-05 11:09:22,749 [java.util.concurrent.ThreadPoolExecutor$Worker@26a09add[State = -1, empty queue]] WARN  server.GrpcLogAppender (GrpcLogAppender.java:timeoutAppendRequest(200)) - 51496804-6984-4711-896a-dcdac4e82398@group-E8741A9C9FC2->1aa8c9aa-d82a-4fa9-80dc-356d427b97f3-GrpcLogAppender: appendEntries Timeout, request=51496804-6984-4711-896a-dcdac4e82398->1aa8c9aa-d82a-4fa9-80dc-356d427b97f3#8-t1, previous=(t:1, i:1), leaderCommit=0, initializing? false, entries: <empty>
2019-09-05 11:09:22,749 [java.util.concurrent.ThreadPoolExecutor$Worker@78399a3d[State = -1, empty queue]] WARN  server.GrpcLogAppender (GrpcLogAppender.java:timeoutAppendRequest(200)) - 51496804-6984-4711-896a-dcdac4e82398@group-E8741A9C9FC2->83e7b670-d8f5-4375-adb8-3b49caecfda0-GrpcLogAppender: appendEntries Timeout, request=51496804-6984-4711-896a-dcdac4e82398->83e7b670-d8f5-4375-adb8-3b49caecfda0#8-t1, previous=(t:1, i:1), leaderCommit=0, initializing? false, entries: <empty>
2019-09-05 11:09:24,739 [51496804-6984-4711-896a-dcdac4e82398@group-E8741A9C9FC2-SegmentedRaftLogWorker] WARN  segmented.SegmentedRaftLogWorker (SegmentedRaftLogWorker.java:getFromFuture(90)) - Timeout 0/~
org.apache.ratis.protocol.TimeoutIOException: Timeout 10s: WriteLog:1: (t:1, i:1), STATEMACHINELOGENTRY, client-BD7600B2929F, cid=232-writeStateMachineData
	at org.apache.ratis.util.IOUtils.getFromFuture(IOUtils.java:87)
	at org.apache.ratis.server.raftlog.segmented.SegmentedRaftLogWorker$StateMachineDataPolicy.getFromFuture(SegmentedRaftLogWorker.java:87)
	at org.apache.ratis.server.raftlog.segmented.SegmentedRaftLogWorker$WriteLog.execute(SegmentedRaftLogWorker.java:477)
	at org.apache.ratis.server.raftlog.segmented.SegmentedRaftLogWorker.run(SegmentedRaftLogWorker.java:289)
	at java.lang.Thread.run(Thread.java:748)
Caused by: java.util.concurrent.TimeoutException
	at java.util.concurrent.CompletableFuture.timedGet(CompletableFuture.java:1771)
	at java.util.concurrent.CompletableFuture.get(CompletableFuture.java:1915)
	at org.apache.ratis.util.IOUtils.getFromFuture(IOUtils.java:79)
	... 4 more
2019-09-05 11:09:24,742 [83e7b670-d8f5-4375-adb8-3b49caecfda0@group-E8741A9C9FC2-SegmentedRaftLogWorker] WARN  segmented.SegmentedRaftLogWorker (SegmentedRaftLogWorker.java:getFromFuture(90)) - Timeout 0/~
org.apache.ratis.protocol.TimeoutIOException: Timeout 10s: WriteLog:1: (t:1, i:1), STATEMACHINELOGENTRY, client-BD7600B2929F, cid=232-writeStateMachineData
	at org.apache.ratis.util.IOUtils.getFromFuture(IOUtils.java:87)
	at org.apache.ratis.server.raftlog.segmented.SegmentedRaftLogWorker$StateMachineDataPolicy.getFromFuture(SegmentedRaftLogWorker.java:87)
	at org.apache.ratis.server.raftlog.segmented.SegmentedRaftLogWorker$WriteLog.execute(SegmentedRaftLogWorker.java:477)
	at org.apache.ratis.server.raftlog.segmented.SegmentedRaftLogWorker.run(SegmentedRaftLogWorker.java:289)
	at java.lang.Thread.run(Thread.java:748)
Caused by: java.util.concurrent.TimeoutException
	at java.util.concurrent.CompletableFuture.timedGet(CompletableFuture.java:1771)
	at java.util.concurrent.CompletableFuture.get(CompletableFuture.java:1915)
	at org.apache.ratis.util.IOUtils.getFromFuture(IOUtils.java:79)
	... 4 more
2019-09-05 11:09:24,743 [1aa8c9aa-d82a-4fa9-80dc-356d427b97f3@group-E8741A9C9FC2-SegmentedRaftLogWorker] WARN  segmented.SegmentedRaftLogWorker (SegmentedRaftLogWorker.java:getFromFuture(90)) - Timeout 0/~
org.apache.ratis.protocol.TimeoutIOException: Timeout 10s: WriteLog:1: (t:1, i:1), STATEMACHINELOGENTRY, client-BD7600B2929F, cid=232-writeStateMachineData
	at org.apache.ratis.util.IOUtils.getFromFuture(IOUtils.java:87)
	at org.apache.ratis.server.raftlog.segmented.SegmentedRaftLogWorker$StateMachineDataPolicy.getFromFuture(SegmentedRaftLogWorker.java:87)
	at org.apache.ratis.server.raftlog.segmented.SegmentedRaftLogWorker$WriteLog.execute(SegmentedRaftLogWorker.java:477)
	at org.apache.ratis.server.raftlog.segmented.SegmentedRaftLogWorker.run(SegmentedRaftLogWorker.java:289)
	at java.lang.Thread.run(Thread.java:748)
Caused by: java.util.concurrent.TimeoutException
	at java.util.concurrent.CompletableFuture.timedGet(CompletableFuture.java:1771)
	at java.util.concurrent.CompletableFuture.get(CompletableFuture.java:1915)
	at org.apache.ratis.util.IOUtils.getFromFuture(IOUtils.java:79)
	... 4 more
2019-09-05 11:09:24,845 [grpc-default-executor-1] INFO  client.GrpcClientProtocolClient (GrpcClientProtocolClient.java:onNext(264)) - client-BD7600B2929F->1aa8c9aa-d82a-4fa9-80dc-356d427b97f3: receive RaftClientReply:client-BD7600B2929F->1aa8c9aa-d82a-4fa9-80dc-356d427b97f3@group-E8741A9C9FC2, cid=232, FAILED org.apache.ratis.protocol.NotLeaderException: Server 1aa8c9aa-d82a-4fa9-80dc-356d427b97f3@group-E8741A9C9FC2 is not the leader 51496804-6984-4711-896a-dcdac4e82398:192.168.36.83:32887, logIndex=0, commits[1aa8c9aa-d82a-4fa9-80dc-356d427b97f3:c0, 51496804-6984-4711-896a-dcdac4e82398:c0, 83e7b670-d8f5-4375-adb8-3b49caecfda0:c0]
2019-09-05 11:09:25,251 [java.util.concurrent.ThreadPoolExecutor$Worker@78399a3d[State = -1, empty queue]] WARN  server.GrpcLogAppender (GrpcLogAppender.java:timeoutAppendRequest(200)) - 51496804-6984-4711-896a-dcdac4e82398@group-E8741A9C9FC2->83e7b670-d8f5-4375-adb8-3b49caecfda0-GrpcLogAppender: appendEntries Timeout, request=51496804-6984-4711-896a-dcdac4e82398->83e7b670-d8f5-4375-adb8-3b49caecfda0#9-t1, previous=(t:1, i:1), leaderCommit=0, initializing? false, entries: <empty>
2019-09-05 11:09:25,251 [java.util.concurrent.ThreadPoolExecutor$Worker@26a09add[State = -1, empty queue]] WARN  server.GrpcLogAppender (GrpcLogAppender.java:timeoutAppendRequest(200)) - 51496804-6984-4711-896a-dcdac4e82398@group-E8741A9C9FC2->1aa8c9aa-d82a-4fa9-80dc-356d427b97f3-GrpcLogAppender: appendEntries Timeout, request=51496804-6984-4711-896a-dcdac4e82398->1aa8c9aa-d82a-4fa9-80dc-356d427b97f3#9-t1, previous=(t:1, i:1), leaderCommit=0, initializing? false, entries: <empty>
2019-09-05 11:09:27,754 [java.util.concurrent.ThreadPoolExecutor$Worker@26a09add[State = -1, empty queue]] WARN  server.GrpcLogAppender (GrpcLogAppender.java:timeoutAppendRequest(200)) - 51496804-6984-4711-896a-dcdac4e82398@group-E8741A9C9FC2->1aa8c9aa-d82a-4fa9-80dc-356d427b97f3-GrpcLogAppender: appendEntries Timeout, request=51496804-6984-4711-896a-dcdac4e82398->1aa8c9aa-d82a-4fa9-80dc-356d427b97f3#10-t1, previous=(t:1, i:1), leaderCommit=0, initializing? false, entries: <empty>
2019-09-05 11:09:27,754 [java.util.concurrent.ThreadPoolExecutor$Worker@78399a3d[State = -1, empty queue]] WARN  server.GrpcLogAppender (GrpcLogAppender.java:timeoutAppendRequest(200)) - 51496804-6984-4711-896a-dcdac4e82398@group-E8741A9C9FC2->83e7b670-d8f5-4375-adb8-3b49caecfda0-GrpcLogAppender: appendEntries Timeout, request=51496804-6984-4711-896a-dcdac4e82398->83e7b670-d8f5-4375-adb8-3b49caecfda0#10-t1, previous=(t:1, i:1), leaderCommit=0, initializing? false, entries: <empty>
2019-09-05 11:09:29,895 [grpc-default-executor-1] INFO  client.GrpcClientProtocolClient (GrpcClientProtocolClient.java:onNext(264)) - client-BD7600B2929F->1aa8c9aa-d82a-4fa9-80dc-356d427b97f3: receive RaftClientReply:client-BD7600B2929F->1aa8c9aa-d82a-4fa9-80dc-356d427b97f3@group-E8741A9C9FC2, cid=232, FAILED org.apache.ratis.protocol.NotLeaderException: Server 1aa8c9aa-d82a-4fa9-80dc-356d427b97f3@group-E8741A9C9FC2 is not the leader 51496804-6984-4711-896a-dcdac4e82398:192.168.36.83:32887, logIndex=0, commits[1aa8c9aa-d82a-4fa9-80dc-356d427b97f3:c0, 51496804-6984-4711-896a-dcdac4e82398:c0, 83e7b670-d8f5-4375-adb8-3b49caecfda0:c0]
2019-09-05 11:09:30,254 [java.util.concurrent.ThreadPoolExecutor$Worker@26a09add[State = -1, empty queue]] WARN  server.GrpcLogAppender (GrpcLogAppender.java:timeoutAppendRequest(200)) - 51496804-6984-4711-896a-dcdac4e82398@group-E8741A9C9FC2->1aa8c9aa-d82a-4fa9-80dc-356d427b97f3-GrpcLogAppender: appendEntries Timeout, request=51496804-6984-4711-896a-dcdac4e82398->1aa8c9aa-d82a-4fa9-80dc-356d427b97f3#11-t1, previous=(t:1, i:1), leaderCommit=0, initializing? false, entries: <empty>
2019-09-05 11:09:30,254 [java.util.concurrent.ThreadPoolExecutor$Worker@78399a3d[State = -1, empty queue]] WARN  server.GrpcLogAppender (GrpcLogAppender.java:timeoutAppendRequest(200)) - 51496804-6984-4711-896a-dcdac4e82398@group-E8741A9C9FC2->83e7b670-d8f5-4375-adb8-3b49caecfda0-GrpcLogAppender: appendEntries Timeout, request=51496804-6984-4711-896a-dcdac4e82398->83e7b670-d8f5-4375-adb8-3b49caecfda0#11-t1, previous=(t:1, i:1), leaderCommit=0, initializing? false, entries: <empty>
2019-09-05 11:09:32,578 [grpc-default-executor-11] WARN  server.GrpcLogAppender (GrpcLogAppender.java:onNextImpl(251)) - 51496804-6984-4711-896a-dcdac4e82398@group-E8741A9C9FC2->1aa8c9aa-d82a-4fa9-80dc-356d427b97f3-AppendLogResponseHandler: Request not found, ignoring reply: 51496804-6984-4711-896a-dcdac4e82398<-1aa8c9aa-d82a-4fa9-80dc-356d427b97f3#6:OK,SUCCESS,nextIndex:2,term:1,followerCommit:0
2019-09-05 11:09:32,578 [grpc-default-executor-1] WARN  server.GrpcLogAppender (GrpcLogAppender.java:onNextImpl(251)) - 51496804-6984-4711-896a-dcdac4e82398@group-E8741A9C9FC2->83e7b670-d8f5-4375-adb8-3b49caecfda0-AppendLogResponseHandler: Request not found, ignoring reply: 51496804-6984-4711-896a-dcdac4e82398<-83e7b670-d8f5-4375-adb8-3b49caecfda0#6:OK,SUCCESS,nextIndex:2,term:1,followerCommit:0
2019-09-05 11:09:32,579 [grpc-default-executor-11] WARN  server.GrpcLogAppender (GrpcLogAppender.java:onNextImpl(251)) - 51496804-6984-4711-896a-dcdac4e82398@group-E8741A9C9FC2->1aa8c9aa-d82a-4fa9-80dc-356d427b97f3-AppendLogResponseHandler: Request not found, ignoring reply: 51496804-6984-4711-896a-dcdac4e82398<-1aa8c9aa-d82a-4fa9-80dc-356d427b97f3#7:OK,SUCCESS,nextIndex:2,term:1,followerCommit:0
2019-09-05 11:09:32,579 [grpc-default-executor-1] WARN  server.GrpcLogAppender (GrpcLogAppender.java:onNextImpl(251)) - 51496804-6984-4711-896a-dcdac4e82398@group-E8741A9C9FC2->83e7b670-d8f5-4375-adb8-3b49caecfda0-AppendLogResponseHandler: Request not found, ignoring reply: 51496804-6984-4711-896a-dcdac4e82398<-83e7b670-d8f5-4375-adb8-3b49caecfda0#7:OK,SUCCESS,nextIndex:2,term:1,followerCommit:0
2019-09-05 11:09:32,580 [grpc-default-executor-11] WARN  server.GrpcLogAppender (GrpcLogAppender.java:onNextImpl(251)) - 51496804-6984-4711-896a-dcdac4e82398@group-E8741A9C9FC2->1aa8c9aa-d82a-4fa9-80dc-356d427b97f3-AppendLogResponseHandler: Request not found, ignoring reply: 51496804-6984-4711-896a-dcdac4e82398<-1aa8c9aa-d82a-4fa9-80dc-356d427b97f3#8:OK,SUCCESS,nextIndex:2,term:1,followerCommit:0
2019-09-05 11:09:32,580 [grpc-default-executor-1] WARN  server.GrpcLogAppender (GrpcLogAppender.java:onNextImpl(251)) - 51496804-6984-4711-896a-dcdac4e82398@group-E8741A9C9FC2->83e7b670-d8f5-4375-adb8-3b49caecfda0-AppendLogResponseHandler: Request not found, ignoring reply: 51496804-6984-4711-896a-dcdac4e82398<-83e7b670-d8f5-4375-adb8-3b49caecfda0#8:OK,SUCCESS,nextIndex:2,term:1,followerCommit:0
2019-09-05 11:09:32,580 [grpc-default-executor-11] WARN  server.GrpcLogAppender (GrpcLogAppender.java:onNextImpl(251)) - 51496804-6984-4711-896a-dcdac4e82398@group-E8741A9C9FC2->1aa8c9aa-d82a-4fa9-80dc-356d427b97f3-AppendLogResponseHandler: Request not found, ignoring reply: 51496804-6984-4711-896a-dcdac4e82398<-1aa8c9aa-d82a-4fa9-80dc-356d427b97f3#9:OK,SUCCESS,nextIndex:2,term:1,followerCommit:0
2019-09-05 11:09:32,580 [grpc-default-executor-1] WARN  server.GrpcLogAppender (GrpcLogAppender.java:onNextImpl(251)) - 51496804-6984-4711-896a-dcdac4e82398@group-E8741A9C9FC2->83e7b670-d8f5-4375-adb8-3b49caecfda0-AppendLogResponseHandler: Request not found, ignoring reply: 51496804-6984-4711-896a-dcdac4e82398<-83e7b670-d8f5-4375-adb8-3b49caecfda0#9:OK,SUCCESS,nextIndex:2,term:1,followerCommit:0
2019-09-05 11:09:32,580 [grpc-default-executor-11] WARN  server.GrpcLogAppender (GrpcLogAppender.java:onNextImpl(251)) - 51496804-6984-4711-896a-dcdac4e82398@group-E8741A9C9FC2->1aa8c9aa-d82a-4fa9-80dc-356d427b97f3-AppendLogResponseHandler: Request not found, ignoring reply: 51496804-6984-4711-896a-dcdac4e82398<-1aa8c9aa-d82a-4fa9-80dc-356d427b97f3#10:OK,SUCCESS,nextIndex:2,term:1,followerCommit:0
2019-09-05 11:09:32,580 [grpc-default-executor-1] WARN  server.GrpcLogAppender (GrpcLogAppender.java:onNextImpl(251)) - 51496804-6984-4711-896a-dcdac4e82398@group-E8741A9C9FC2->83e7b670-d8f5-4375-adb8-3b49caecfda0-AppendLogResponseHandler: Request not found, ignoring reply: 51496804-6984-4711-896a-dcdac4e82398<-83e7b670-d8f5-4375-adb8-3b49caecfda0#10:OK,SUCCESS,nextIndex:2,term:1,followerCommit:0
2019-09-05 11:09:32,581 [grpc-default-executor-11] WARN  server.GrpcLogAppender (GrpcLogAppender.java:onNextImpl(251)) - 51496804-6984-4711-896a-dcdac4e82398@group-E8741A9C9FC2->1aa8c9aa-d82a-4fa9-80dc-356d427b97f3-AppendLogResponseHandler: Request not found, ignoring reply: 51496804-6984-4711-896a-dcdac4e82398<-1aa8c9aa-d82a-4fa9-80dc-356d427b97f3#11:OK,SUCCESS,nextIndex:2,term:1,followerCommit:0
2019-09-05 11:09:32,581 [grpc-default-executor-1] WARN  server.GrpcLogAppender (GrpcLogAppender.java:onNextImpl(251)) - 51496804-6984-4711-896a-dcdac4e82398@group-E8741A9C9FC2->83e7b670-d8f5-4375-adb8-3b49caecfda0-AppendLogResponseHandler: Request not found, ignoring reply: 51496804-6984-4711-896a-dcdac4e82398<-83e7b670-d8f5-4375-adb8-3b49caecfda0#11:OK,SUCCESS,nextIndex:2,term:1,followerCommit:0
2019-09-05 11:09:32,591 [grpc-default-executor-11] INFO  client.GrpcClientProtocolClient (GrpcClientProtocolClient.java:onNext(264)) - client-BD7600B2929F->51496804-6984-4711-896a-dcdac4e82398: receive RaftClientReply:client-BD7600B2929F->51496804-6984-4711-896a-dcdac4e82398@group-E8741A9C9FC2, cid=232, SUCCESS, logIndex=1, commits[51496804-6984-4711-896a-dcdac4e82398:c1, 1aa8c9aa-d82a-4fa9-80dc-356d427b97f3:c0, 83e7b670-d8f5-4375-adb8-3b49caecfda0:c0]
2019-09-05 11:09:32,742 [grpc-default-executor-1] INFO  client.GrpcClientProtocolClient (GrpcClientProtocolClient.java:onNext(264)) - client-BD7600B2929F->51496804-6984-4711-896a-dcdac4e82398: receive RaftClientReply:client-BD7600B2929F->51496804-6984-4711-896a-dcdac4e82398@group-E8741A9C9FC2, cid=233, SUCCESS, logIndex=3, commits[51496804-6984-4711-896a-dcdac4e82398:c4, 1aa8c9aa-d82a-4fa9-80dc-356d427b97f3:c3, 83e7b670-d8f5-4375-adb8-3b49caecfda0:c3]
2019-09-05 11:09:32,744 [main] INFO  ozone.MiniOzoneClusterImpl (MiniOzoneClusterImpl.java:shutdown(307)) - Shutting down the Mini Ozone Cluster
2019-09-05 11:09:32,744 [main] INFO  ozone.MiniOzoneClusterImpl (MiniOzoneClusterImpl.java:stop(322)) - Stopping the Mini Ozone Cluster
2019-09-05 11:09:32,745 [main] INFO  ozone.MiniOzoneClusterImpl (MiniOzoneClusterImpl.java:stop(324)) - Stopping the OzoneManager
2019-09-05 11:09:32,745 [main] INFO  ipc.Server (Server.java:stop(3082)) - Stopping server on 42167
2019-09-05 11:09:32,777 [IPC Server listener on 42167] INFO  ipc.Server (Server.java:run(1185)) - Stopping IPC Server listener on 42167
2019-09-05 11:09:32,785 [IPC Server Responder] INFO  ipc.Server (Server.java:run(1319)) - Stopping IPC Server Responder
2019-09-05 11:09:32,785 [main] INFO  ratis.OzoneManagerDoubleBuffer (OzoneManagerDoubleBuffer.java:stop(248)) - Stopping OMDoubleBuffer flush thread
2019-09-05 11:09:32,800 [OMDoubleBufferFlushThread] INFO  ratis.OzoneManagerDoubleBuffer (OzoneManagerDoubleBuffer.java:flushTransactions(191)) - OMDoubleBuffer flush thread OMDoubleBufferFlushThread is interrupted and will exit. OMDoubleBufferFlushThread
2019-09-05 11:09:32,801 [main] INFO  utils.BackgroundService (BackgroundService.java:shutdown(148)) - Shutting down service KeyDeletingService
2019-09-05 11:09:32,804 [main] INFO  handler.ContextHandler (ContextHandler.java:doStop(910)) - Stopped o.e.j.w.WebAppContext@66a82a13{/,null,UNAVAILABLE}{/ozoneManager}
2019-09-05 11:09:32,805 [main] INFO  server.AbstractConnector (AbstractConnector.java:doStop(318)) - Stopped ServerConnector@675ec28b{HTTP/1.1,[http/1.1]}{0.0.0.0:0}
2019-09-05 11:09:32,805 [main] INFO  handler.ContextHandler (ContextHandler.java:doStop(910)) - Stopped o.e.j.s.ServletContextHandler@3a0896b3{/static,file:///workdir/hadoop-ozone/integration-test/target/test-classes/webapps/static,UNAVAILABLE}
2019-09-05 11:09:32,806 [main] INFO  handler.ContextHandler (ContextHandler.java:doStop(910)) - Stopped o.e.j.s.ServletContextHandler@4601047{/logs,file:///workdir/hadoop-ozone/integration-test/target/log,UNAVAILABLE}
2019-09-05 11:09:32,808 [main] INFO  ozone.MiniOzoneClusterImpl (MiniOzoneClusterImpl.java:stop(330)) - Shutting the HddsDatanodes
2019-09-05 11:09:33,191 [Datanode State Machine Thread - 0] INFO  statemachine.DatanodeStateMachine (DatanodeStateMachine.java:lambda$startDaemon$0(350)) - Ozone container server started.
2019-09-05 11:09:33,549 [Datanode State Machine Thread - 0] INFO  statemachine.DatanodeStateMachine (DatanodeStateMachine.java:lambda$startDaemon$0(350)) - Ozone container server started.
2019-09-05 11:09:37,292 [EventQueue-StaleNodeForStaleNodeHandler] INFO  node.StaleNodeHandler (StaleNodeHandler.java:onMessage(58)) - Datanode f298343a-9d6f-44c1-b3fe-897e14769cc7{ip: 192.168.36.83, host: pr-hdds-1561-gm47z-337254333, networkLocation: /default-rack, certSerialId: null} moved to stale state. Finalizing its pipelines [PipelineID=dbe41414-fa9c-40dd-8bd3-d5ae8263ea51]
2019-09-05 11:09:37,293 [EventQueue-StaleNodeForStaleNodeHandler] INFO  pipeline.SCMPipelineManager (SCMPipelineManager.java:finalizeAndDestroyPipeline(309)) - destroying pipeline:Pipeline[ Id: dbe41414-fa9c-40dd-8bd3-d5ae8263ea51, Nodes: f298343a-9d6f-44c1-b3fe-897e14769cc7{ip: 192.168.36.83, host: pr-hdds-1561-gm47z-337254333, networkLocation: /default-rack, certSerialId: null}, Type:RATIS, Factor:ONE, State:OPEN]
2019-09-05 11:09:37,294 [EventQueue-StaleNodeForStaleNodeHandler] INFO  pipeline.PipelineStateManager (PipelineStateManager.java:finalizePipeline(123)) - Pipeline Pipeline[ Id: dbe41414-fa9c-40dd-8bd3-d5ae8263ea51, Nodes: f298343a-9d6f-44c1-b3fe-897e14769cc7{ip: 192.168.36.83, host: pr-hdds-1561-gm47z-337254333, networkLocation: /default-rack, certSerialId: null}, Type:RATIS, Factor:ONE, State:CLOSED] moved to CLOSED state
2019-09-05 11:09:37,592 [EventQueue-StaleNodeForStaleNodeHandler] INFO  node.StaleNodeHandler (StaleNodeHandler.java:onMessage(58)) - Datanode 1aa8c9aa-d82a-4fa9-80dc-356d427b97f3{ip: 192.168.36.83, host: pr-hdds-1561-gm47z-337254333, networkLocation: /default-rack, certSerialId: null} moved to stale state. Finalizing its pipelines [PipelineID=8196b794-fbd5-4265-ad6f-e8741a9c9fc2, PipelineID=29245f3a-b525-4b2a-b82a-947da3e7cf48]
2019-09-05 11:09:37,592 [EventQueue-StaleNodeForStaleNodeHandler] INFO  pipeline.SCMPipelineManager (SCMPipelineManager.java:finalizeAndDestroyPipeline(309)) - destroying pipeline:Pipeline[ Id: 8196b794-fbd5-4265-ad6f-e8741a9c9fc2, Nodes: 51496804-6984-4711-896a-dcdac4e82398{ip: 192.168.36.83, host: pr-hdds-1561-gm47z-337254333, networkLocation: /default-rack, certSerialId: null}1aa8c9aa-d82a-4fa9-80dc-356d427b97f3{ip: 192.168.36.83, host: pr-hdds-1561-gm47z-337254333, networkLocation: /default-rack, certSerialId: null}83e7b670-d8f5-4375-adb8-3b49caecfda0{ip: 192.168.36.83, host: pr-hdds-1561-gm47z-337254333, networkLocation: /default-rack, certSerialId: null}, Type:RATIS, Factor:THREE, State:OPEN]
2019-09-05 11:09:37,592 [EventQueue-StaleNodeForStaleNodeHandler] INFO  pipeline.PipelineStateManager (PipelineStateManager.java:finalizePipeline(123)) - Pipeline Pipeline[ Id: 8196b794-fbd5-4265-ad6f-e8741a9c9fc2, Nodes: 51496804-6984-4711-896a-dcdac4e82398{ip: 192.168.36.83, host: pr-hdds-1561-gm47z-337254333, networkLocation: /default-rack, certSerialId: null}1aa8c9aa-d82a-4fa9-80dc-356d427b97f3{ip: 192.168.36.83, host: pr-hdds-1561-gm47z-337254333, networkLocation: /default-rack, certSerialId: null}83e7b670-d8f5-4375-adb8-3b49caecfda0{ip: 192.168.36.83, host: pr-hdds-1561-gm47z-337254333, networkLocation: /default-rack, certSerialId: null}, Type:RATIS, Factor:THREE, State:CLOSED] moved to CLOSED state
2019-09-05 11:09:37,593 [EventQueue-StaleNodeForStaleNodeHandler] INFO  pipeline.SCMPipelineManager (SCMPipelineManager.java:finalizeAndDestroyPipeline(309)) - destroying pipeline:Pipeline[ Id: 29245f3a-b525-4b2a-b82a-947da3e7cf48, Nodes: 1aa8c9aa-d82a-4fa9-80dc-356d427b97f3{ip: 192.168.36.83, host: pr-hdds-1561-gm47z-337254333, networkLocation: /default-rack, certSerialId: null}, Type:RATIS, Factor:ONE, State:OPEN]
2019-09-05 11:09:37,593 [EventQueue-CloseContainerForCloseContainerEventHandler] INFO  container.CloseContainerEventHandler (CloseContainerEventHandler.java:onMessage(61)) - Close container Event triggered for container : #2
2019-09-05 11:09:37,593 [EventQueue-StaleNodeForStaleNodeHandler] INFO  pipeline.PipelineStateManager (PipelineStateManager.java:finalizePipeline(123)) - Pipeline Pipeline[ Id: 29245f3a-b525-4b2a-b82a-947da3e7cf48, Nodes: 1aa8c9aa-d82a-4fa9-80dc-356d427b97f3{ip: 192.168.36.83, host: pr-hdds-1561-gm47z-337254333, networkLocation: /default-rack, certSerialId: null}, Type:RATIS, Factor:ONE, State:CLOSED] moved to CLOSED state
2019-09-05 11:09:37,810 [ForkJoinPool.commonPool-worker-0] INFO  ozoneimpl.OzoneContainer (OzoneContainer.java:stop(216)) - Attempting to stop container services.
2019-09-05 11:09:37,810 [main] INFO  ozoneimpl.OzoneContainer (OzoneContainer.java:stop(216)) - Attempting to stop container services.
2019-09-05 11:09:37,811 [ForkJoinPool.commonPool-worker-0] INFO  impl.RaftServerProxy (RaftServerProxy.java:lambda$close$4(314)) - f298343a-9d6f-44c1-b3fe-897e14769cc7: close
2019-09-05 11:09:37,812 [main] INFO  impl.RaftServerProxy (RaftServerProxy.java:lambda$close$4(314)) - 1aa8c9aa-d82a-4fa9-80dc-356d427b97f3: close
2019-09-05 11:09:37,812 [main] INFO  impl.RaftServerImpl (RaftServerImpl.java:lambda$shutdown$3(251)) - 1aa8c9aa-d82a-4fa9-80dc-356d427b97f3@group-E8741A9C9FC2: shutdown
2019-09-05 11:09:37,812 [ForkJoinPool.commonPool-worker-0] INFO  impl.RaftServerImpl (RaftServerImpl.java:lambda$shutdown$3(251)) - f298343a-9d6f-44c1-b3fe-897e14769cc7@group-D5AE8263EA51: shutdown
2019-09-05 11:09:37,812 [main] INFO  util.JmxRegister (JmxRegister.java:unregister(73)) - Successfully un-registered JMX Bean with object name Ratis:service=RaftServer,group=group-E8741A9C9FC2,id=1aa8c9aa-d82a-4fa9-80dc-356d427b97f3
2019-09-05 11:09:37,812 [ForkJoinPool.commonPool-worker-0] INFO  util.JmxRegister (JmxRegister.java:unregister(73)) - Successfully un-registered JMX Bean with object name Ratis:service=RaftServer,group=group-D5AE8263EA51,id=f298343a-9d6f-44c1-b3fe-897e14769cc7
2019-09-05 11:09:37,813 [main] INFO  impl.RoleInfo (RoleInfo.java:shutdownFollowerState(121)) - 1aa8c9aa-d82a-4fa9-80dc-356d427b97f3: shutdown FollowerState
2019-09-05 11:09:37,813 [ForkJoinPool.commonPool-worker-0] INFO  impl.RoleInfo (RoleInfo.java:shutdownLeaderState(104)) - f298343a-9d6f-44c1-b3fe-897e14769cc7: shutdown LeaderState
2019-09-05 11:09:37,813 [main] INFO  impl.StateMachineUpdater (StateMachineUpdater.java:stopAndJoin(125)) - 1aa8c9aa-d82a-4fa9-80dc-356d427b97f3@group-E8741A9C9FC2-StateMachineUpdater: set stopIndex = 4
2019-09-05 11:09:37,813 [ForkJoinPool.commonPool-worker-0] INFO  impl.PendingRequests (PendingRequests.java:sendNotLeaderResponses(202)) - f298343a-9d6f-44c1-b3fe-897e14769cc7-PendingRequests: sendNotLeaderResponses
2019-09-05 11:09:37,813 [1aa8c9aa-d82a-4fa9-80dc-356d427b97f3@group-E8741A9C9FC2-StateMachineUpdater] INFO  ratis.ContainerStateMachine (ContainerStateMachine.java:takeSnapshot(289)) - group-E8741A9C9FC2: Taking a snapshot at:(t:1, i:3) file /workdir/hadoop-ozone/integration-test/target/test-dir/MiniOzoneClusterImpl-844c3fa4-9b6f-47fc-a83e-e9a93d390c1e/datanode-4/data/ratis/8196b794-fbd5-4265-ad6f-e8741a9c9fc2/sm/snapshot.1_3
2019-09-05 11:09:37,813 [Thread-4192] INFO  impl.FollowerState (FollowerState.java:run(115)) - 1aa8c9aa-d82a-4fa9-80dc-356d427b97f3: FollowerState was interrupted: java.lang.InterruptedException: sleep interrupted
2019-09-05 11:09:37,814 [ForkJoinPool.commonPool-worker-0] INFO  impl.StateMachineUpdater (StateMachineUpdater.java:stopAndJoin(125)) - f298343a-9d6f-44c1-b3fe-897e14769cc7@group-D5AE8263EA51-StateMachineUpdater: set stopIndex = 0
2019-09-05 11:09:37,815 [ForkJoinPool.commonPool-worker-0] INFO  impl.RaftServerImpl (ServerState.java:close(385)) - f298343a-9d6f-44c1-b3fe-897e14769cc7@group-D5AE8263EA51: closes. applyIndex: 0
2019-09-05 11:09:37,815 [f298343a-9d6f-44c1-b3fe-897e14769cc7@group-D5AE8263EA51-SegmentedRaftLogWorker] INFO  segmented.SegmentedRaftLogWorker (SegmentedRaftLogWorker.java:run(313)) - f298343a-9d6f-44c1-b3fe-897e14769cc7@group-D5AE8263EA51-SegmentedRaftLogWorker was interrupted, exiting. There are 0 tasks remaining in the queue.
2019-09-05 11:09:37,821 [ForkJoinPool.commonPool-worker-0] INFO  segmented.SegmentedRaftLogWorker (SegmentedRaftLogWorker.java:close(228)) - f298343a-9d6f-44c1-b3fe-897e14769cc7@group-D5AE8263EA51-SegmentedRaftLogWorker close()
2019-09-05 11:09:37,824 [ForkJoinPool.commonPool-worker-0] INFO  server.GrpcService (GrpcService.java:closeImpl(164)) - f298343a-9d6f-44c1-b3fe-897e14769cc7: shutdown server with port 34398 now
2019-09-05 11:09:37,826 [ForkJoinPool.commonPool-worker-0] INFO  server.GrpcService (GrpcService.java:closeImpl(172)) - f298343a-9d6f-44c1-b3fe-897e14769cc7: shutdown server with port 34398 successfully
2019-09-05 11:09:37,829 [refreshUsed-/workdir/hadoop-ozone/integration-test/target/test-dir/MiniOzoneClusterImpl-844c3fa4-9b6f-47fc-a83e-e9a93d390c1e/datanode-1/data/containers] WARN  fs.CachingGetSpaceUsed (CachingGetSpaceUsed.java:run(183)) - Thread Interrupted waiting to refresh disk information: sleep interrupted
2019-09-05 11:09:37,859 [ForkJoinPool.commonPool-worker-0] INFO  utils.BackgroundService (BackgroundService.java:shutdown(148)) - Shutting down service BlockDeletingService
2019-09-05 11:09:37,868 [ForkJoinPool.commonPool-worker-0] INFO  statemachine.DatanodeStateMachine (DatanodeStateMachine.java:stopDaemon(395)) - Ozone container server stopped.
2019-09-05 11:09:37,872 [1aa8c9aa-d82a-4fa9-80dc-356d427b97f3@group-E8741A9C9FC2-StateMachineUpdater] INFO  ratis.ContainerStateMachine (ContainerStateMachine.java:takeSnapshot(300)) - group-E8741A9C9FC2: Finished taking a snapshot at:(t:1, i:3) file:/workdir/hadoop-ozone/integration-test/target/test-dir/MiniOzoneClusterImpl-844c3fa4-9b6f-47fc-a83e-e9a93d390c1e/datanode-4/data/ratis/8196b794-fbd5-4265-ad6f-e8741a9c9fc2/sm/snapshot.1_3 time:59
2019-09-05 11:09:37,872 [1aa8c9aa-d82a-4fa9-80dc-356d427b97f3@group-E8741A9C9FC2-StateMachineUpdater] INFO  impl.StateMachineUpdater (StateMachineUpdater.java:takeSnapshot(258)) - 1aa8c9aa-d82a-4fa9-80dc-356d427b97f3@group-E8741A9C9FC2-StateMachineUpdater: Took a snapshot at index 3
2019-09-05 11:09:37,874 [1aa8c9aa-d82a-4fa9-80dc-356d427b97f3@group-E8741A9C9FC2-StateMachineUpdater] INFO  impl.StateMachineUpdater (StateMachineUpdater.java:lambda$new$0(83)) - 1aa8c9aa-d82a-4fa9-80dc-356d427b97f3@group-E8741A9C9FC2-StateMachineUpdater: snapshotIndex: updateIncreasingly -1 -> 3
2019-09-05 11:09:37,874 [1aa8c9aa-d82a-4fa9-80dc-356d427b97f3@group-E8741A9C9FC2-StateMachineUpdater] INFO  ratis.ContainerStateMachine (ContainerStateMachine.java:takeSnapshot(289)) - group-E8741A9C9FC2: Taking a snapshot at:(t:1, i:3) file /workdir/hadoop-ozone/integration-test/target/test-dir/MiniOzoneClusterImpl-844c3fa4-9b6f-47fc-a83e-e9a93d390c1e/datanode-4/data/ratis/8196b794-fbd5-4265-ad6f-e8741a9c9fc2/sm/snapshot.1_3
2019-09-05 11:09:37,877 [ForkJoinPool.commonPool-worker-0] INFO  handler.ContextHandler (ContextHandler.java:doStop(910)) - Stopped o.e.j.w.WebAppContext@b75b890{/,null,UNAVAILABLE}{/hddsDatanode}
2019-09-05 11:09:37,878 [ForkJoinPool.commonPool-worker-0] INFO  server.AbstractConnector (AbstractConnector.java:doStop(318)) - Stopped ServerConnector@4492c4ff{HTTP/1.1,[http/1.1]}{0.0.0.0:0}
2019-09-05 11:09:37,893 [ForkJoinPool.commonPool-worker-0] INFO  handler.ContextHandler (ContextHandler.java:doStop(910)) - Stopped o.e.j.s.ServletContextHandler@75ed125a{/static,jar:file:/home/user/.m2/repository/org/apache/hadoop/hadoop-hdds-container-service/0.5.0-SNAPSHOT/hadoop-hdds-container-service-0.5.0-SNAPSHOT.jar!/webapps/static,UNAVAILABLE}
2019-09-05 11:09:37,893 [ForkJoinPool.commonPool-worker-0] INFO  handler.ContextHandler (ContextHandler.java:doStop(910)) - Stopped o.e.j.s.ServletContextHandler@49ced9c7{/logs,file:///workdir/hadoop-ozone/integration-test/target/log,UNAVAILABLE}
2019-09-05 11:09:37,900 [1aa8c9aa-d82a-4fa9-80dc-356d427b97f3@group-E8741A9C9FC2-StateMachineUpdater] INFO  ratis.ContainerStateMachine (ContainerStateMachine.java:takeSnapshot(300)) - group-E8741A9C9FC2: Finished taking a snapshot at:(t:1, i:3) file:/workdir/hadoop-ozone/integration-test/target/test-dir/MiniOzoneClusterImpl-844c3fa4-9b6f-47fc-a83e-e9a93d390c1e/datanode-4/data/ratis/8196b794-fbd5-4265-ad6f-e8741a9c9fc2/sm/snapshot.1_3 time:25
2019-09-05 11:09:37,900 [1aa8c9aa-d82a-4fa9-80dc-356d427b97f3@group-E8741A9C9FC2-StateMachineUpdater] INFO  impl.StateMachineUpdater (StateMachineUpdater.java:takeSnapshot(258)) - 1aa8c9aa-d82a-4fa9-80dc-356d427b97f3@group-E8741A9C9FC2-StateMachineUpdater: Took a snapshot at index 3
2019-09-05 11:09:37,900 [1aa8c9aa-d82a-4fa9-80dc-356d427b97f3@group-E8741A9C9FC2-StateMachineUpdater] INFO  impl.StateMachineUpdater (StateMachineUpdater.java:lambda$new$0(83)) - 1aa8c9aa-d82a-4fa9-80dc-356d427b97f3@group-E8741A9C9FC2-StateMachineUpdater: snapshotIndex: updateIncreasingly 3 -> 3
2019-09-05 11:09:37,901 [main] INFO  impl.RaftServerImpl (ServerState.java:close(385)) - 1aa8c9aa-d82a-4fa9-80dc-356d427b97f3@group-E8741A9C9FC2: closes. applyIndex: 4
2019-09-05 11:09:37,901 [1aa8c9aa-d82a-4fa9-80dc-356d427b97f3@group-E8741A9C9FC2-SegmentedRaftLogWorker] INFO  segmented.SegmentedRaftLogWorker (SegmentedRaftLogWorker.java:run(313)) - 1aa8c9aa-d82a-4fa9-80dc-356d427b97f3@group-E8741A9C9FC2-SegmentedRaftLogWorker was interrupted, exiting. There are 0 tasks remaining in the queue.
2019-09-05 11:09:37,904 [main] INFO  segmented.SegmentedRaftLogWorker (SegmentedRaftLogWorker.java:close(228)) - 1aa8c9aa-d82a-4fa9-80dc-356d427b97f3@group-E8741A9C9FC2-SegmentedRaftLogWorker close()
2019-09-05 11:09:37,910 [main] INFO  impl.RaftServerImpl (RaftServerImpl.java:lambda$shutdown$3(251)) - 1aa8c9aa-d82a-4fa9-80dc-356d427b97f3@group-947DA3E7CF48: shutdown
2019-09-05 11:09:37,910 [main] INFO  util.JmxRegister (JmxRegister.java:unregister(73)) - Successfully un-registered JMX Bean with object name Ratis:service=RaftServer,group=group-947DA3E7CF48,id=1aa8c9aa-d82a-4fa9-80dc-356d427b97f3
2019-09-05 11:09:37,911 [main] INFO  impl.RoleInfo (RoleInfo.java:shutdownLeaderState(104)) - 1aa8c9aa-d82a-4fa9-80dc-356d427b97f3: shutdown LeaderState
2019-09-05 11:09:37,911 [main] INFO  impl.PendingRequests (PendingRequests.java:sendNotLeaderResponses(202)) - 1aa8c9aa-d82a-4fa9-80dc-356d427b97f3-PendingRequests: sendNotLeaderResponses
2019-09-05 11:09:37,911 [main] INFO  impl.StateMachineUpdater (StateMachineUpdater.java:stopAndJoin(125)) - 1aa8c9aa-d82a-4fa9-80dc-356d427b97f3@group-947DA3E7CF48-StateMachineUpdater: set stopIndex = 0
2019-09-05 11:09:37,912 [main] INFO  impl.RaftServerImpl (ServerState.java:close(385)) - 1aa8c9aa-d82a-4fa9-80dc-356d427b97f3@group-947DA3E7CF48: closes. applyIndex: 0
2019-09-05 11:09:37,912 [1aa8c9aa-d82a-4fa9-80dc-356d427b97f3@group-947DA3E7CF48-SegmentedRaftLogWorker] INFO  segmented.SegmentedRaftLogWorker (SegmentedRaftLogWorker.java:run(313)) - 1aa8c9aa-d82a-4fa9-80dc-356d427b97f3@group-947DA3E7CF48-SegmentedRaftLogWorker was interrupted, exiting. There are 0 tasks remaining in the queue.
2019-09-05 11:09:37,915 [main] INFO  segmented.SegmentedRaftLogWorker (SegmentedRaftLogWorker.java:close(228)) - 1aa8c9aa-d82a-4fa9-80dc-356d427b97f3@group-947DA3E7CF48-SegmentedRaftLogWorker close()
2019-09-05 11:09:37,920 [main] INFO  server.GrpcService (GrpcService.java:closeImpl(164)) - 1aa8c9aa-d82a-4fa9-80dc-356d427b97f3: shutdown server with port 34970 now
2019-09-05 11:09:37,921 [main] INFO  server.GrpcService (GrpcService.java:closeImpl(172)) - 1aa8c9aa-d82a-4fa9-80dc-356d427b97f3: shutdown server with port 34970 successfully
2019-09-05 11:09:37,921 [grpc-default-executor-11] WARN  server.GrpcServerProtocolService (LogUtils.java:warn(134)) - 1aa8c9aa-d82a-4fa9-80dc-356d427b97f3: installSnapshot onError, lastRequest: 51496804-6984-4711-896a-dcdac4e82398->1aa8c9aa-d82a-4fa9-80dc-356d427b97f3#18-t1, previous=(t:1, i:4), leaderCommit=4, initializing? false, entries: <empty>: org.apache.ratis.thirdparty.io.grpc.StatusRuntimeException: CANCELLED: cancelled before receiving half close
2019-09-05 11:09:37,922 [grpc-default-executor-12] WARN  server.GrpcLogAppender (LogUtils.java:warn(134)) - 51496804-6984-4711-896a-dcdac4e82398@group-E8741A9C9FC2->1aa8c9aa-d82a-4fa9-80dc-356d427b97f3-AppendLogResponseHandler: Failed appendEntries: org.apache.ratis.thirdparty.io.grpc.StatusRuntimeException: CANCELLED: HTTP/2 error code: CANCEL
Received Rst Stream
2019-09-05 11:09:37,923 [grpc-default-executor-12] INFO  impl.FollowerInfo (FollowerInfo.java:lambda$new$0(51)) - 51496804-6984-4711-896a-dcdac4e82398@group-E8741A9C9FC2->1aa8c9aa-d82a-4fa9-80dc-356d427b97f3: nextIndex: updateUnconditionally 5 -> 4
2019-09-05 11:09:37,926 [refreshUsed-/workdir/hadoop-ozone/integration-test/target/test-dir/MiniOzoneClusterImpl-844c3fa4-9b6f-47fc-a83e-e9a93d390c1e/datanode-4/data/containers] WARN  fs.CachingGetSpaceUsed (CachingGetSpaceUsed.java:run(183)) - Thread Interrupted waiting to refresh disk information: sleep interrupted
2019-09-05 11:09:37,936 [main] INFO  utils.BackgroundService (BackgroundService.java:shutdown(148)) - Shutting down service BlockDeletingService
2019-09-05 11:09:37,943 [main] INFO  statemachine.DatanodeStateMachine (DatanodeStateMachine.java:stopDaemon(395)) - Ozone container server stopped.
2019-09-05 11:09:37,944 [main] INFO  handler.ContextHandler (ContextHandler.java:doStop(910)) - Stopped o.e.j.w.WebAppContext@7c7ed72a{/,null,UNAVAILABLE}{/hddsDatanode}
2019-09-05 11:09:37,944 [main] INFO  server.AbstractConnector (AbstractConnector.java:doStop(318)) - Stopped ServerConnector@22b7ef2b{HTTP/1.1,[http/1.1]}{0.0.0.0:0}
2019-09-05 11:09:37,945 [main] INFO  handler.ContextHandler (ContextHandler.java:doStop(910)) - Stopped o.e.j.s.ServletContextHandler@2a0963be{/static,jar:file:/home/user/.m2/repository/org/apache/hadoop/hadoop-hdds-container-service/0.5.0-SNAPSHOT/hadoop-hdds-container-service-0.5.0-SNAPSHOT.jar!/webapps/static,UNAVAILABLE}
2019-09-05 11:09:37,945 [main] INFO  handler.ContextHandler (ContextHandler.java:doStop(910)) - Stopped o.e.j.s.ServletContextHandler@dd737ea{/logs,file:///workdir/hadoop-ozone/integration-test/target/log,UNAVAILABLE}
2019-09-05 11:09:38,549 [Datanode State Machine Thread - 0] INFO  statemachine.DatanodeStateMachine (DatanodeStateMachine.java:lambda$startDaemon$0(350)) - Ozone container server started.
2019-09-05 11:09:38,549 [Datanode State Machine Thread - 0] INFO  statemachine.DatanodeStateMachine (DatanodeStateMachine.java:lambda$startDaemon$0(350)) - Ozone container server started.
2019-09-05 11:09:40,134 [grpc-default-executor-11] WARN  server.GrpcLogAppender (LogUtils.java:warn(134)) - 51496804-6984-4711-896a-dcdac4e82398@group-E8741A9C9FC2->1aa8c9aa-d82a-4fa9-80dc-356d427b97f3-AppendLogResponseHandler: Failed appendEntries: org.apache.ratis.thirdparty.io.grpc.StatusRuntimeException: UNAVAILABLE: io exception
2019-09-05 11:09:40,135 [grpc-default-executor-11] INFO  impl.FollowerInfo (FollowerInfo.java:lambda$new$0(51)) - 51496804-6984-4711-896a-dcdac4e82398@group-E8741A9C9FC2->1aa8c9aa-d82a-4fa9-80dc-356d427b97f3: nextIndex: updateUnconditionally 4 -> 3
2019-09-05 11:09:42,599 [EventQueue-StaleNodeForStaleNodeHandler] INFO  node.StaleNodeHandler (StaleNodeHandler.java:onMessage(58)) - Datanode 51496804-6984-4711-896a-dcdac4e82398{ip: 192.168.36.83, host: pr-hdds-1561-gm47z-337254333, networkLocation: /default-rack, certSerialId: null} moved to stale state. Finalizing its pipelines [PipelineID=c1c7e622-024e-4cf9-a3e1-9d16d2e5d7a7, PipelineID=8196b794-fbd5-4265-ad6f-e8741a9c9fc2]
2019-09-05 11:09:42,600 [EventQueue-StaleNodeForStaleNodeHandler] INFO  pipeline.SCMPipelineManager (SCMPipelineManager.java:finalizeAndDestroyPipeline(309)) - destroying pipeline:Pipeline[ Id: c1c7e622-024e-4cf9-a3e1-9d16d2e5d7a7, Nodes: 51496804-6984-4711-896a-dcdac4e82398{ip: 192.168.36.83, host: pr-hdds-1561-gm47z-337254333, networkLocation: /default-rack, certSerialId: null}, Type:RATIS, Factor:ONE, State:OPEN]
2019-09-05 11:09:42,601 [EventQueue-StaleNodeForStaleNodeHandler] INFO  pipeline.PipelineStateManager (PipelineStateManager.java:finalizePipeline(123)) - Pipeline Pipeline[ Id: c1c7e622-024e-4cf9-a3e1-9d16d2e5d7a7, Nodes: 51496804-6984-4711-896a-dcdac4e82398{ip: 192.168.36.83, host: pr-hdds-1561-gm47z-337254333, networkLocation: /default-rack, certSerialId: null}, Type:RATIS, Factor:ONE, State:CLOSED] moved to CLOSED state
2019-09-05 11:09:42,602 [EventQueue-StaleNodeForStaleNodeHandler] INFO  pipeline.SCMPipelineManager (SCMPipelineManager.java:finalizeAndDestroyPipeline(309)) - destroying pipeline:Pipeline[ Id: 8196b794-fbd5-4265-ad6f-e8741a9c9fc2, Nodes: 51496804-6984-4711-896a-dcdac4e82398{ip: 192.168.36.83, host: pr-hdds-1561-gm47z-337254333, networkLocation: /default-rack, certSerialId: null}1aa8c9aa-d82a-4fa9-80dc-356d427b97f3{ip: 192.168.36.83, host: pr-hdds-1561-gm47z-337254333, networkLocation: /default-rack, certSerialId: null}83e7b670-d8f5-4375-adb8-3b49caecfda0{ip: 192.168.36.83, host: pr-hdds-1561-gm47z-337254333, networkLocation: /default-rack, certSerialId: null}, Type:RATIS, Factor:THREE, State:CLOSED]
2019-09-05 11:09:42,602 [EventQueue-StaleNodeForStaleNodeHandler] INFO  node.StaleNodeHandler (StaleNodeHandler.java:onMessage(58)) - Datanode 83e7b670-d8f5-4375-adb8-3b49caecfda0{ip: 192.168.36.83, host: pr-hdds-1561-gm47z-337254333, networkLocation: /default-rack, certSerialId: null} moved to stale state. Finalizing its pipelines [PipelineID=76974db5-0e91-4213-814d-be70aac74fcc, PipelineID=8196b794-fbd5-4265-ad6f-e8741a9c9fc2]
2019-09-05 11:09:42,602 [EventQueue-StaleNodeForStaleNodeHandler] INFO  pipeline.SCMPipelineManager (SCMPipelineManager.java:finalizeAndDestroyPipeline(309)) - destroying pipeline:Pipeline[ Id: 76974db5-0e91-4213-814d-be70aac74fcc, Nodes: 83e7b670-d8f5-4375-adb8-3b49caecfda0{ip: 192.168.36.83, host: pr-hdds-1561-gm47z-337254333, networkLocation: /default-rack, certSerialId: null}, Type:RATIS, Factor:ONE, State:OPEN]
2019-09-05 11:09:42,602 [EventQueue-StaleNodeForStaleNodeHandler] INFO  pipeline.PipelineStateManager (PipelineStateManager.java:finalizePipeline(123)) - Pipeline Pipeline[ Id: 76974db5-0e91-4213-814d-be70aac74fcc, Nodes: 83e7b670-d8f5-4375-adb8-3b49caecfda0{ip: 192.168.36.83, host: pr-hdds-1561-gm47z-337254333, networkLocation: /default-rack, certSerialId: null}, Type:RATIS, Factor:ONE, State:CLOSED] moved to CLOSED state
2019-09-05 11:09:42,602 [EventQueue-StaleNodeForStaleNodeHandler] INFO  pipeline.SCMPipelineManager (SCMPipelineManager.java:finalizeAndDestroyPipeline(309)) - destroying pipeline:Pipeline[ Id: 8196b794-fbd5-4265-ad6f-e8741a9c9fc2, Nodes: 51496804-6984-4711-896a-dcdac4e82398{ip: 192.168.36.83, host: pr-hdds-1561-gm47z-337254333, networkLocation: /default-rack, certSerialId: null}1aa8c9aa-d82a-4fa9-80dc-356d427b97f3{ip: 192.168.36.83, host: pr-hdds-1561-gm47z-337254333, networkLocation: /default-rack, certSerialId: null}83e7b670-d8f5-4375-adb8-3b49caecfda0{ip: 192.168.36.83, host: pr-hdds-1561-gm47z-337254333, networkLocation: /default-rack, certSerialId: null}, Type:RATIS, Factor:THREE, State:CLOSED]
2019-09-05 11:09:42,641 [grpc-default-executor-10] WARN  server.GrpcLogAppender (LogUtils.java:warn(134)) - 51496804-6984-4711-896a-dcdac4e82398@group-E8741A9C9FC2->1aa8c9aa-d82a-4fa9-80dc-356d427b97f3-AppendLogResponseHandler: Failed appendEntries: org.apache.ratis.thirdparty.io.grpc.StatusRuntimeException: UNAVAILABLE: io exception
2019-09-05 11:09:42,642 [grpc-default-executor-10] INFO  impl.FollowerInfo (FollowerInfo.java:lambda$new$0(51)) - 51496804-6984-4711-896a-dcdac4e82398@group-E8741A9C9FC2->1aa8c9aa-d82a-4fa9-80dc-356d427b97f3: nextIndex: updateUnconditionally 3 -> 2
2019-09-05 11:09:42,896 [ForkJoinPool.commonPool-worker-0] INFO  ozoneimpl.OzoneContainer (OzoneContainer.java:stop(216)) - Attempting to stop container services.
2019-09-05 11:09:42,897 [ForkJoinPool.commonPool-worker-0] INFO  impl.RaftServerProxy (RaftServerProxy.java:lambda$close$4(314)) - 83e7b670-d8f5-4375-adb8-3b49caecfda0: close
2019-09-05 11:09:42,898 [ForkJoinPool.commonPool-worker-0] INFO  impl.RaftServerImpl (RaftServerImpl.java:lambda$shutdown$3(251)) - 83e7b670-d8f5-4375-adb8-3b49caecfda0@group-BE70AAC74FCC: shutdown
2019-09-05 11:09:42,898 [ForkJoinPool.commonPool-worker-0] INFO  util.JmxRegister (JmxRegister.java:unregister(73)) - Successfully un-registered JMX Bean with object name Ratis:service=RaftServer,group=group-BE70AAC74FCC,id=83e7b670-d8f5-4375-adb8-3b49caecfda0
2019-09-05 11:09:42,898 [ForkJoinPool.commonPool-worker-0] INFO  impl.RoleInfo (RoleInfo.java:shutdownLeaderState(104)) - 83e7b670-d8f5-4375-adb8-3b49caecfda0: shutdown LeaderState
2019-09-05 11:09:42,899 [ForkJoinPool.commonPool-worker-0] INFO  impl.PendingRequests (PendingRequests.java:sendNotLeaderResponses(202)) - 83e7b670-d8f5-4375-adb8-3b49caecfda0-PendingRequests: sendNotLeaderResponses
2019-09-05 11:09:42,899 [ForkJoinPool.commonPool-worker-0] INFO  impl.StateMachineUpdater (StateMachineUpdater.java:stopAndJoin(125)) - 83e7b670-d8f5-4375-adb8-3b49caecfda0@group-BE70AAC74FCC-StateMachineUpdater: set stopIndex = 0
2019-09-05 11:09:42,902 [ForkJoinPool.commonPool-worker-0] INFO  impl.RaftServerImpl (ServerState.java:close(385)) - 83e7b670-d8f5-4375-adb8-3b49caecfda0@group-BE70AAC74FCC: closes. applyIndex: 0
2019-09-05 11:09:42,902 [83e7b670-d8f5-4375-adb8-3b49caecfda0@group-BE70AAC74FCC-SegmentedRaftLogWorker] INFO  segmented.SegmentedRaftLogWorker (SegmentedRaftLogWorker.java:run(313)) - 83e7b670-d8f5-4375-adb8-3b49caecfda0@group-BE70AAC74FCC-SegmentedRaftLogWorker was interrupted, exiting. There are 0 tasks remaining in the queue.
2019-09-05 11:09:42,915 [ForkJoinPool.commonPool-worker-0] INFO  segmented.SegmentedRaftLogWorker (SegmentedRaftLogWorker.java:close(228)) - 83e7b670-d8f5-4375-adb8-3b49caecfda0@group-BE70AAC74FCC-SegmentedRaftLogWorker close()
2019-09-05 11:09:42,922 [ForkJoinPool.commonPool-worker-0] INFO  impl.RaftServerImpl (RaftServerImpl.java:lambda$shutdown$3(251)) - 83e7b670-d8f5-4375-adb8-3b49caecfda0@group-E8741A9C9FC2: shutdown
2019-09-05 11:09:42,922 [ForkJoinPool.commonPool-worker-0] INFO  util.JmxRegister (JmxRegister.java:unregister(73)) - Successfully un-registered JMX Bean with object name Ratis:service=RaftServer,group=group-E8741A9C9FC2,id=83e7b670-d8f5-4375-adb8-3b49caecfda0
2019-09-05 11:09:42,922 [ForkJoinPool.commonPool-worker-0] INFO  impl.RoleInfo (RoleInfo.java:shutdownFollowerState(121)) - 83e7b670-d8f5-4375-adb8-3b49caecfda0: shutdown FollowerState
2019-09-05 11:09:42,922 [ForkJoinPool.commonPool-worker-0] INFO  impl.StateMachineUpdater (StateMachineUpdater.java:stopAndJoin(125)) - 83e7b670-d8f5-4375-adb8-3b49caecfda0@group-E8741A9C9FC2-StateMachineUpdater: set stopIndex = 4
2019-09-05 11:09:42,923 [83e7b670-d8f5-4375-adb8-3b49caecfda0@group-E8741A9C9FC2-StateMachineUpdater] INFO  ratis.ContainerStateMachine (ContainerStateMachine.java:takeSnapshot(289)) - group-E8741A9C9FC2: Taking a snapshot at:(t:1, i:3) file /workdir/hadoop-ozone/integration-test/target/test-dir/MiniOzoneClusterImpl-844c3fa4-9b6f-47fc-a83e-e9a93d390c1e/datanode-2/data/ratis/8196b794-fbd5-4265-ad6f-e8741a9c9fc2/sm/snapshot.1_3
2019-09-05 11:09:42,923 [Thread-4202] INFO  impl.FollowerState (FollowerState.java:run(115)) - 83e7b670-d8f5-4375-adb8-3b49caecfda0: FollowerState was interrupted: java.lang.InterruptedException: sleep interrupted
2019-09-05 11:09:42,947 [main] INFO  ozoneimpl.OzoneContainer (OzoneContainer.java:stop(216)) - Attempting to stop container services.
2019-09-05 11:09:42,948 [main] INFO  impl.RaftServerProxy (RaftServerProxy.java:lambda$close$4(314)) - 51496804-6984-4711-896a-dcdac4e82398: close
2019-09-05 11:09:42,948 [main] INFO  impl.RaftServerImpl (RaftServerImpl.java:lambda$shutdown$3(251)) - 51496804-6984-4711-896a-dcdac4e82398@group-9D16D2E5D7A7: shutdown
2019-09-05 11:09:42,948 [main] INFO  util.JmxRegister (JmxRegister.java:unregister(73)) - Successfully un-registered JMX Bean with object name Ratis:service=RaftServer,group=group-9D16D2E5D7A7,id=51496804-6984-4711-896a-dcdac4e82398
2019-09-05 11:09:42,949 [main] INFO  impl.RoleInfo (RoleInfo.java:shutdownLeaderState(104)) - 51496804-6984-4711-896a-dcdac4e82398: shutdown LeaderState
2019-09-05 11:09:42,949 [main] INFO  impl.PendingRequests (PendingRequests.java:sendNotLeaderResponses(202)) - 51496804-6984-4711-896a-dcdac4e82398-PendingRequests: sendNotLeaderResponses
2019-09-05 11:09:42,949 [main] INFO  impl.StateMachineUpdater (StateMachineUpdater.java:stopAndJoin(125)) - 51496804-6984-4711-896a-dcdac4e82398@group-9D16D2E5D7A7-StateMachineUpdater: set stopIndex = 0
2019-09-05 11:09:42,950 [main] INFO  impl.RaftServerImpl (ServerState.java:close(385)) - 51496804-6984-4711-896a-dcdac4e82398@group-9D16D2E5D7A7: closes. applyIndex: 0
2019-09-05 11:09:42,950 [51496804-6984-4711-896a-dcdac4e82398@group-9D16D2E5D7A7-SegmentedRaftLogWorker] INFO  segmented.SegmentedRaftLogWorker (SegmentedRaftLogWorker.java:run(313)) - 51496804-6984-4711-896a-dcdac4e82398@group-9D16D2E5D7A7-SegmentedRaftLogWorker was interrupted, exiting. There are 0 tasks remaining in the queue.
2019-09-05 11:09:42,953 [main] INFO  segmented.SegmentedRaftLogWorker (SegmentedRaftLogWorker.java:close(228)) - 51496804-6984-4711-896a-dcdac4e82398@group-9D16D2E5D7A7-SegmentedRaftLogWorker close()
2019-09-05 11:09:42,961 [main] INFO  impl.RaftServerImpl (RaftServerImpl.java:lambda$shutdown$3(251)) - 51496804-6984-4711-896a-dcdac4e82398@group-E8741A9C9FC2: shutdown
2019-09-05 11:09:42,961 [main] INFO  util.JmxRegister (JmxRegister.java:unregister(73)) - Successfully un-registered JMX Bean with object name Ratis:service=RaftServer,group=group-E8741A9C9FC2,id=51496804-6984-4711-896a-dcdac4e82398
2019-09-05 11:09:42,962 [main] INFO  impl.RoleInfo (RoleInfo.java:shutdownLeaderState(104)) - 51496804-6984-4711-896a-dcdac4e82398: shutdown LeaderState
2019-09-05 11:09:42,967 [org.apache.ratis.server.impl.LogAppender$AppenderDaemon$$Lambda$473/1880504537@4b0bce4f] WARN  server.GrpcLogAppender (GrpcLogAppender.java:mayWait(143)) - 51496804-6984-4711-896a-dcdac4e82398@group-E8741A9C9FC2->1aa8c9aa-d82a-4fa9-80dc-356d427b97f3-GrpcLogAppender: Wait interrupted by java.lang.InterruptedException
2019-09-05 11:09:42,967 [main] INFO  impl.PendingRequests (PendingRequests.java:sendNotLeaderResponses(202)) - 51496804-6984-4711-896a-dcdac4e82398-PendingRequests: sendNotLeaderResponses
2019-09-05 11:09:42,967 [org.apache.ratis.server.impl.LogAppender$AppenderDaemon$$Lambda$473/1880504537@46a3984e] WARN  server.GrpcLogAppender (GrpcLogAppender.java:mayWait(143)) - 51496804-6984-4711-896a-dcdac4e82398@group-E8741A9C9FC2->83e7b670-d8f5-4375-adb8-3b49caecfda0-GrpcLogAppender: Wait interrupted by java.lang.InterruptedException
2019-09-05 11:09:42,976 [main] INFO  impl.StateMachineUpdater (StateMachineUpdater.java:stopAndJoin(125)) - 51496804-6984-4711-896a-dcdac4e82398@group-E8741A9C9FC2-StateMachineUpdater: set stopIndex = 4
2019-09-05 11:09:42,976 [grpc-default-executor-10] INFO  server.GrpcServerProtocolService (GrpcServerProtocolService.java:onCompleted(113)) - 83e7b670-d8f5-4375-adb8-3b49caecfda0: Completed APPEND_ENTRIES, lastRequest: 51496804-6984-4711-896a-dcdac4e82398->83e7b670-d8f5-4375-adb8-3b49caecfda0#20-t1, previous=(t:1, i:4), leaderCommit=4, initializing? false, entries: <empty>
2019-09-05 11:09:42,976 [51496804-6984-4711-896a-dcdac4e82398@group-E8741A9C9FC2-StateMachineUpdater] INFO  ratis.ContainerStateMachine (ContainerStateMachine.java:takeSnapshot(289)) - group-E8741A9C9FC2: Taking a snapshot at:(t:1, i:4) file /workdir/hadoop-ozone/integration-test/target/test-dir/MiniOzoneClusterImpl-844c3fa4-9b6f-47fc-a83e-e9a93d390c1e/datanode-3/data/ratis/8196b794-fbd5-4265-ad6f-e8741a9c9fc2/sm/snapshot.1_4
2019-09-05 11:09:42,979 [grpc-default-executor-11] INFO  server.GrpcLogAppender (GrpcLogAppender.java:onCompleted(293)) - 51496804-6984-4711-896a-dcdac4e82398@group-E8741A9C9FC2->83e7b670-d8f5-4375-adb8-3b49caecfda0-AppendLogResponseHandler: follower responses appendEntries COMPLETED
2019-09-05 11:09:42,979 [grpc-default-executor-11] INFO  impl.FollowerInfo (FollowerInfo.java:lambda$new$0(51)) - 51496804-6984-4711-896a-dcdac4e82398@group-E8741A9C9FC2->83e7b670-d8f5-4375-adb8-3b49caecfda0: nextIndex: updateUnconditionally 5 -> 4
2019-09-05 11:09:42,991 [83e7b670-d8f5-4375-adb8-3b49caecfda0@group-E8741A9C9FC2-StateMachineUpdater] INFO  ratis.ContainerStateMachine (ContainerStateMachine.java:takeSnapshot(300)) - group-E8741A9C9FC2: Finished taking a snapshot at:(t:1, i:3) file:/workdir/hadoop-ozone/integration-test/target/test-dir/MiniOzoneClusterImpl-844c3fa4-9b6f-47fc-a83e-e9a93d390c1e/datanode-2/data/ratis/8196b794-fbd5-4265-ad6f-e8741a9c9fc2/sm/snapshot.1_3 time:69
2019-09-05 11:09:42,991 [51496804-6984-4711-896a-dcdac4e82398@group-E8741A9C9FC2-StateMachineUpdater] INFO  ratis.ContainerStateMachine (ContainerStateMachine.java:takeSnapshot(300)) - group-E8741A9C9FC2: Finished taking a snapshot at:(t:1, i:4) file:/workdir/hadoop-ozone/integration-test/target/test-dir/MiniOzoneClusterImpl-844c3fa4-9b6f-47fc-a83e-e9a93d390c1e/datanode-3/data/ratis/8196b794-fbd5-4265-ad6f-e8741a9c9fc2/sm/snapshot.1_4 time:16
2019-09-05 11:09:42,992 [83e7b670-d8f5-4375-adb8-3b49caecfda0@group-E8741A9C9FC2-StateMachineUpdater] INFO  impl.StateMachineUpdater (StateMachineUpdater.java:takeSnapshot(258)) - 83e7b670-d8f5-4375-adb8-3b49caecfda0@group-E8741A9C9FC2-StateMachineUpdater: Took a snapshot at index 3
2019-09-05 11:09:42,992 [51496804-6984-4711-896a-dcdac4e82398@group-E8741A9C9FC2-StateMachineUpdater] INFO  impl.StateMachineUpdater (StateMachineUpdater.java:takeSnapshot(258)) - 51496804-6984-4711-896a-dcdac4e82398@group-E8741A9C9FC2-StateMachineUpdater: Took a snapshot at index 4
2019-09-05 11:09:42,992 [83e7b670-d8f5-4375-adb8-3b49caecfda0@group-E8741A9C9FC2-StateMachineUpdater] INFO  impl.StateMachineUpdater (StateMachineUpdater.java:lambda$new$0(83)) - 83e7b670-d8f5-4375-adb8-3b49caecfda0@group-E8741A9C9FC2-StateMachineUpdater: snapshotIndex: updateIncreasingly -1 -> 3
2019-09-05 11:09:42,992 [51496804-6984-4711-896a-dcdac4e82398@group-E8741A9C9FC2-StateMachineUpdater] INFO  impl.StateMachineUpdater (StateMachineUpdater.java:lambda$new$0(83)) - 51496804-6984-4711-896a-dcdac4e82398@group-E8741A9C9FC2-StateMachineUpdater: snapshotIndex: updateIncreasingly -1 -> 4
2019-09-05 11:09:42,992 [83e7b670-d8f5-4375-adb8-3b49caecfda0@group-E8741A9C9FC2-StateMachineUpdater] INFO  ratis.ContainerStateMachine (ContainerStateMachine.java:takeSnapshot(289)) - group-E8741A9C9FC2: Taking a snapshot at:(t:1, i:3) file /workdir/hadoop-ozone/integration-test/target/test-dir/MiniOzoneClusterImpl-844c3fa4-9b6f-47fc-a83e-e9a93d390c1e/datanode-2/data/ratis/8196b794-fbd5-4265-ad6f-e8741a9c9fc2/sm/snapshot.1_3
2019-09-05 11:09:42,992 [main] INFO  impl.RaftServerImpl (ServerState.java:close(385)) - 51496804-6984-4711-896a-dcdac4e82398@group-E8741A9C9FC2: closes. applyIndex: 4
2019-09-05 11:09:42,993 [51496804-6984-4711-896a-dcdac4e82398@group-E8741A9C9FC2-SegmentedRaftLogWorker] INFO  segmented.SegmentedRaftLogWorker (SegmentedRaftLogWorker.java:run(313)) - 51496804-6984-4711-896a-dcdac4e82398@group-E8741A9C9FC2-SegmentedRaftLogWorker was interrupted, exiting. There are 0 tasks remaining in the queue.
2019-09-05 11:09:42,996 [main] INFO  segmented.SegmentedRaftLogWorker (SegmentedRaftLogWorker.java:close(228)) - 51496804-6984-4711-896a-dcdac4e82398@group-E8741A9C9FC2-SegmentedRaftLogWorker close()
2019-09-05 11:09:43,007 [main] INFO  server.GrpcService (GrpcService.java:closeImpl(164)) - 51496804-6984-4711-896a-dcdac4e82398: shutdown server with port 32887 now
2019-09-05 11:09:43,008 [main] INFO  server.GrpcService (GrpcService.java:closeImpl(172)) - 51496804-6984-4711-896a-dcdac4e82398: shutdown server with port 32887 successfully
2019-09-05 11:09:43,016 [refreshUsed-/workdir/hadoop-ozone/integration-test/target/test-dir/MiniOzoneClusterImpl-844c3fa4-9b6f-47fc-a83e-e9a93d390c1e/datanode-3/data/containers] WARN  fs.CachingGetSpaceUsed (CachingGetSpaceUsed.java:run(183)) - Thread Interrupted waiting to refresh disk information: sleep interrupted
2019-09-05 11:09:43,035 [main] INFO  utils.BackgroundService (BackgroundService.java:shutdown(148)) - Shutting down service BlockDeletingService
2019-09-05 11:09:43,040 [83e7b670-d8f5-4375-adb8-3b49caecfda0@group-E8741A9C9FC2-StateMachineUpdater] INFO  ratis.ContainerStateMachine (ContainerStateMachine.java:takeSnapshot(300)) - group-E8741A9C9FC2: Finished taking a snapshot at:(t:1, i:3) file:/workdir/hadoop-ozone/integration-test/target/test-dir/MiniOzoneClusterImpl-844c3fa4-9b6f-47fc-a83e-e9a93d390c1e/datanode-2/data/ratis/8196b794-fbd5-4265-ad6f-e8741a9c9fc2/sm/snapshot.1_3 time:47
2019-09-05 11:09:43,040 [83e7b670-d8f5-4375-adb8-3b49caecfda0@group-E8741A9C9FC2-StateMachineUpdater] INFO  impl.StateMachineUpdater (StateMachineUpdater.java:takeSnapshot(258)) - 83e7b670-d8f5-4375-adb8-3b49caecfda0@group-E8741A9C9FC2-StateMachineUpdater: Took a snapshot at index 3
2019-09-05 11:09:43,042 [main] INFO  statemachine.DatanodeStateMachine (DatanodeStateMachine.java:stopDaemon(395)) - Ozone container server stopped.
2019-09-05 11:09:43,042 [83e7b670-d8f5-4375-adb8-3b49caecfda0@group-E8741A9C9FC2-StateMachineUpdater] INFO  impl.StateMachineUpdater (StateMachineUpdater.java:lambda$new$0(83)) - 83e7b670-d8f5-4375-adb8-3b49caecfda0@group-E8741A9C9FC2-StateMachineUpdater: snapshotIndex: updateIncreasingly 3 -> 3
2019-09-05 11:09:43,043 [ForkJoinPool.commonPool-worker-0] INFO  impl.RaftServerImpl (ServerState.java:close(385)) - 83e7b670-d8f5-4375-adb8-3b49caecfda0@group-E8741A9C9FC2: closes. applyIndex: 4
2019-09-05 11:09:43,044 [83e7b670-d8f5-4375-adb8-3b49caecfda0@group-E8741A9C9FC2-SegmentedRaftLogWorker] INFO  segmented.SegmentedRaftLogWorker (SegmentedRaftLogWorker.java:run(313)) - 83e7b670-d8f5-4375-adb8-3b49caecfda0@group-E8741A9C9FC2-SegmentedRaftLogWorker was interrupted, exiting. There are 0 tasks remaining in the queue.
2019-09-05 11:09:43,047 [ForkJoinPool.commonPool-worker-0] INFO  segmented.SegmentedRaftLogWorker (SegmentedRaftLogWorker.java:close(228)) - 83e7b670-d8f5-4375-adb8-3b49caecfda0@group-E8741A9C9FC2-SegmentedRaftLogWorker close()
2019-09-05 11:09:43,050 [ForkJoinPool.commonPool-worker-0] INFO  server.GrpcService (GrpcService.java:closeImpl(164)) - 83e7b670-d8f5-4375-adb8-3b49caecfda0: shutdown server with port 41766 now
2019-09-05 11:09:43,051 [main] INFO  handler.ContextHandler (ContextHandler.java:doStop(910)) - Stopped o.e.j.w.WebAppContext@25ae1f80{/,null,UNAVAILABLE}{/hddsDatanode}
2019-09-05 11:09:43,051 [ForkJoinPool.commonPool-worker-0] INFO  server.GrpcService (GrpcService.java:closeImpl(172)) - 83e7b670-d8f5-4375-adb8-3b49caecfda0: shutdown server with port 41766 successfully
2019-09-05 11:09:43,053 [main] INFO  server.AbstractConnector (AbstractConnector.java:doStop(318)) - Stopped ServerConnector@54f2df29{HTTP/1.1,[http/1.1]}{0.0.0.0:0}
2019-09-05 11:09:43,054 [main] INFO  handler.ContextHandler (ContextHandler.java:doStop(910)) - Stopped o.e.j.s.ServletContextHandler@6121a7dd{/static,jar:file:/home/user/.m2/repository/org/apache/hadoop/hadoop-hdds-container-service/0.5.0-SNAPSHOT/hadoop-hdds-container-service-0.5.0-SNAPSHOT.jar!/webapps/static,UNAVAILABLE}
2019-09-05 11:09:43,057 [main] INFO  handler.ContextHandler (ContextHandler.java:doStop(910)) - Stopped o.e.j.s.ServletContextHandler@2bb717d7{/logs,file:///workdir/hadoop-ozone/integration-test/target/log,UNAVAILABLE}
2019-09-05 11:09:43,072 [refreshUsed-/workdir/hadoop-ozone/integration-test/target/test-dir/MiniOzoneClusterImpl-844c3fa4-9b6f-47fc-a83e-e9a93d390c1e/datanode-2/data/containers] WARN  fs.CachingGetSpaceUsed (CachingGetSpaceUsed.java:run(183)) - Thread Interrupted waiting to refresh disk information: sleep interrupted
2019-09-05 11:09:43,087 [ForkJoinPool.commonPool-worker-0] INFO  utils.BackgroundService (BackgroundService.java:shutdown(148)) - Shutting down service BlockDeletingService
2019-09-05 11:09:43,094 [ForkJoinPool.commonPool-worker-0] INFO  statemachine.DatanodeStateMachine (DatanodeStateMachine.java:stopDaemon(395)) - Ozone container server stopped.
2019-09-05 11:09:43,100 [ForkJoinPool.commonPool-worker-0] INFO  handler.ContextHandler (ContextHandler.java:doStop(910)) - Stopped o.e.j.w.WebAppContext@7be38eba{/,null,UNAVAILABLE}{/hddsDatanode}
2019-09-05 11:09:43,101 [ForkJoinPool.commonPool-worker-0] INFO  server.AbstractConnector (AbstractConnector.java:doStop(318)) - Stopped ServerConnector@2296127{HTTP/1.1,[http/1.1]}{0.0.0.0:0}
2019-09-05 11:09:43,101 [ForkJoinPool.commonPool-worker-0] INFO  handler.ContextHandler (ContextHandler.java:doStop(910)) - Stopped o.e.j.s.ServletContextHandler@afee63{/static,jar:file:/home/user/.m2/repository/org/apache/hadoop/hadoop-hdds-container-service/0.5.0-SNAPSHOT/hadoop-hdds-container-service-0.5.0-SNAPSHOT.jar!/webapps/static,UNAVAILABLE}
2019-09-05 11:09:43,102 [ForkJoinPool.commonPool-worker-0] INFO  handler.ContextHandler (ContextHandler.java:doStop(910)) - Stopped o.e.j.s.ServletContextHandler@60dcf9ec{/logs,file:///workdir/hadoop-ozone/integration-test/target/log,UNAVAILABLE}
2019-09-05 11:09:43,397 [Datanode State Machine Thread - 0] INFO  statemachine.DatanodeStateMachine (DatanodeStateMachine.java:lambda$startDaemon$0(350)) - Ozone container server started.
2019-09-05 11:09:43,400 [Datanode State Machine Thread - 0] INFO  statemachine.DatanodeStateMachine (DatanodeStateMachine.java:lambda$startDaemon$0(350)) - Ozone container server started.
2019-09-05 11:09:47,438 [EventQueue-StaleNodeForStaleNodeHandler] INFO  node.StaleNodeHandler (StaleNodeHandler.java:onMessage(58)) - Datanode 9fc77e25-aa5c-460f-a7c3-4d68bf1388cb{ip: 192.168.36.83, host: pr-hdds-1561-gm47z-337254333, networkLocation: /default-rack, certSerialId: null} moved to stale state. Finalizing its pipelines [PipelineID=fb0754ad-f668-4dc7-a2cd-f46c0a5b86ff, PipelineID=9a3bb825-394a-494f-8ea0-4349743b73f7]
2019-09-05 11:09:47,439 [EventQueue-StaleNodeForStaleNodeHandler] INFO  pipeline.SCMPipelineManager (SCMPipelineManager.java:finalizeAndDestroyPipeline(309)) - destroying pipeline:Pipeline[ Id: fb0754ad-f668-4dc7-a2cd-f46c0a5b86ff, Nodes: 9fc77e25-aa5c-460f-a7c3-4d68bf1388cb{ip: 192.168.36.83, host: pr-hdds-1561-gm47z-337254333, networkLocation: /default-rack, certSerialId: null}, Type:RATIS, Factor:ONE, State:OPEN]
2019-09-05 11:09:47,439 [EventQueue-StaleNodeForStaleNodeHandler] INFO  pipeline.PipelineStateManager (PipelineStateManager.java:finalizePipeline(123)) - Pipeline Pipeline[ Id: fb0754ad-f668-4dc7-a2cd-f46c0a5b86ff, Nodes: 9fc77e25-aa5c-460f-a7c3-4d68bf1388cb{ip: 192.168.36.83, host: pr-hdds-1561-gm47z-337254333, networkLocation: /default-rack, certSerialId: null}, Type:RATIS, Factor:ONE, State:CLOSED] moved to CLOSED state
2019-09-05 11:09:47,439 [EventQueue-StaleNodeForStaleNodeHandler] INFO  pipeline.SCMPipelineManager (SCMPipelineManager.java:finalizeAndDestroyPipeline(309)) - destroying pipeline:Pipeline[ Id: 9a3bb825-394a-494f-8ea0-4349743b73f7, Nodes: fa38275b-b6c1-4443-ac3f-7d574d73b3ca{ip: 192.168.36.83, host: pr-hdds-1561-gm47z-337254333, networkLocation: /default-rack, certSerialId: null}9fc77e25-aa5c-460f-a7c3-4d68bf1388cb{ip: 192.168.36.83, host: pr-hdds-1561-gm47z-337254333, networkLocation: /default-rack, certSerialId: null}66668c9f-d169-4830-982b-36ce67e74237{ip: 192.168.36.83, host: pr-hdds-1561-gm47z-337254333, networkLocation: /default-rack, certSerialId: null}, Type:RATIS, Factor:THREE, State:OPEN]
2019-09-05 11:09:47,439 [EventQueue-StaleNodeForStaleNodeHandler] INFO  pipeline.PipelineStateManager (PipelineStateManager.java:finalizePipeline(123)) - Pipeline Pipeline[ Id: 9a3bb825-394a-494f-8ea0-4349743b73f7, Nodes: fa38275b-b6c1-4443-ac3f-7d574d73b3ca{ip: 192.168.36.83, host: pr-hdds-1561-gm47z-337254333, networkLocation: /default-rack, certSerialId: null}9fc77e25-aa5c-460f-a7c3-4d68bf1388cb{ip: 192.168.36.83, host: pr-hdds-1561-gm47z-337254333, networkLocation: /default-rack, certSerialId: null}66668c9f-d169-4830-982b-36ce67e74237{ip: 192.168.36.83, host: pr-hdds-1561-gm47z-337254333, networkLocation: /default-rack, certSerialId: null}, Type:RATIS, Factor:THREE, State:CLOSED] moved to CLOSED state
2019-09-05 11:09:47,440 [EventQueue-StaleNodeForStaleNodeHandler] INFO  node.StaleNodeHandler (StaleNodeHandler.java:onMessage(58)) - Datanode 66668c9f-d169-4830-982b-36ce67e74237{ip: 192.168.36.83, host: pr-hdds-1561-gm47z-337254333, networkLocation: /default-rack, certSerialId: null} moved to stale state. Finalizing its pipelines [PipelineID=7b1ccc92-9bf4-454d-b38d-a8ee43c316b9, PipelineID=9a3bb825-394a-494f-8ea0-4349743b73f7]
2019-09-05 11:09:47,440 [EventQueue-StaleNodeForStaleNodeHandler] INFO  pipeline.SCMPipelineManager (SCMPipelineManager.java:finalizeAndDestroyPipeline(309)) - destroying pipeline:Pipeline[ Id: 7b1ccc92-9bf4-454d-b38d-a8ee43c316b9, Nodes: 66668c9f-d169-4830-982b-36ce67e74237{ip: 192.168.36.83, host: pr-hdds-1561-gm47z-337254333, networkLocation: /default-rack, certSerialId: null}, Type:RATIS, Factor:ONE, State:OPEN]
2019-09-05 11:09:47,440 [EventQueue-StaleNodeForStaleNodeHandler] INFO  pipeline.PipelineStateManager (PipelineStateManager.java:finalizePipeline(123)) - Pipeline Pipeline[ Id: 7b1ccc92-9bf4-454d-b38d-a8ee43c316b9, Nodes: 66668c9f-d169-4830-982b-36ce67e74237{ip: 192.168.36.83, host: pr-hdds-1561-gm47z-337254333, networkLocation: /default-rack, certSerialId: null}, Type:RATIS, Factor:ONE, State:CLOSED] moved to CLOSED state
2019-09-05 11:09:47,440 [EventQueue-StaleNodeForStaleNodeHandler] INFO  pipeline.SCMPipelineManager (SCMPipelineManager.java:finalizeAndDestroyPipeline(309)) - destroying pipeline:Pipeline[ Id: 9a3bb825-394a-494f-8ea0-4349743b73f7, Nodes: fa38275b-b6c1-4443-ac3f-7d574d73b3ca{ip: 192.168.36.83, host: pr-hdds-1561-gm47z-337254333, networkLocation: /default-rack, certSerialId: null}9fc77e25-aa5c-460f-a7c3-4d68bf1388cb{ip: 192.168.36.83, host: pr-hdds-1561-gm47z-337254333, networkLocation: /default-rack, certSerialId: null}66668c9f-d169-4830-982b-36ce67e74237{ip: 192.168.36.83, host: pr-hdds-1561-gm47z-337254333, networkLocation: /default-rack, certSerialId: null}, Type:RATIS, Factor:THREE, State:CLOSED]
2019-09-05 11:09:47,440 [EventQueue-CloseContainerForCloseContainerEventHandler] INFO  container.CloseContainerEventHandler (CloseContainerEventHandler.java:onMessage(61)) - Close container Event triggered for container : #1
2019-09-05 11:09:47,442 [EventQueue-CloseContainerForCloseContainerEventHandler] INFO  container.CloseContainerEventHandler (CloseContainerEventHandler.java:onMessage(61)) - Close container Event triggered for container : #1
2019-09-05 11:09:48,073 [main] INFO  ozoneimpl.OzoneContainer (OzoneContainer.java:stop(216)) - Attempting to stop container services.
2019-09-05 11:09:48,075 [main] INFO  impl.RaftServerProxy (RaftServerProxy.java:lambda$close$4(314)) - 66668c9f-d169-4830-982b-36ce67e74237: close
2019-09-05 11:09:48,076 [main] INFO  impl.RaftServerImpl (RaftServerImpl.java:lambda$shutdown$3(251)) - 66668c9f-d169-4830-982b-36ce67e74237@group-A8EE43C316B9: shutdown
2019-09-05 11:09:48,076 [main] INFO  util.JmxRegister (JmxRegister.java:unregister(73)) - Successfully un-registered JMX Bean with object name Ratis:service=RaftServer,group=group-A8EE43C316B9,id=66668c9f-d169-4830-982b-36ce67e74237
2019-09-05 11:09:48,076 [main] INFO  impl.RoleInfo (RoleInfo.java:shutdownLeaderState(104)) - 66668c9f-d169-4830-982b-36ce67e74237: shutdown LeaderState
2019-09-05 11:09:48,077 [main] INFO  impl.PendingRequests (PendingRequests.java:sendNotLeaderResponses(202)) - 66668c9f-d169-4830-982b-36ce67e74237-PendingRequests: sendNotLeaderResponses
2019-09-05 11:09:48,078 [main] INFO  impl.StateMachineUpdater (StateMachineUpdater.java:stopAndJoin(125)) - 66668c9f-d169-4830-982b-36ce67e74237@group-A8EE43C316B9-StateMachineUpdater: set stopIndex = 0
2019-09-05 11:09:48,078 [main] INFO  impl.RaftServerImpl (ServerState.java:close(385)) - 66668c9f-d169-4830-982b-36ce67e74237@group-A8EE43C316B9: closes. applyIndex: 0
2019-09-05 11:09:48,079 [66668c9f-d169-4830-982b-36ce67e74237@group-A8EE43C316B9-SegmentedRaftLogWorker] INFO  segmented.SegmentedRaftLogWorker (SegmentedRaftLogWorker.java:run(313)) - 66668c9f-d169-4830-982b-36ce67e74237@group-A8EE43C316B9-SegmentedRaftLogWorker was interrupted, exiting. There are 0 tasks remaining in the queue.
2019-09-05 11:09:48,083 [main] INFO  segmented.SegmentedRaftLogWorker (SegmentedRaftLogWorker.java:close(228)) - 66668c9f-d169-4830-982b-36ce67e74237@group-A8EE43C316B9-SegmentedRaftLogWorker close()
2019-09-05 11:09:48,086 [main] INFO  impl.RaftServerImpl (RaftServerImpl.java:lambda$shutdown$3(251)) - 66668c9f-d169-4830-982b-36ce67e74237@group-4349743B73F7: shutdown
2019-09-05 11:09:48,087 [main] INFO  util.JmxRegister (JmxRegister.java:unregister(73)) - Successfully un-registered JMX Bean with object name Ratis:service=RaftServer,group=group-4349743B73F7,id=66668c9f-d169-4830-982b-36ce67e74237
2019-09-05 11:09:48,087 [main] INFO  impl.RoleInfo (RoleInfo.java:shutdownFollowerState(121)) - 66668c9f-d169-4830-982b-36ce67e74237: shutdown FollowerState
2019-09-05 11:09:48,088 [main] INFO  impl.StateMachineUpdater (StateMachineUpdater.java:stopAndJoin(125)) - 66668c9f-d169-4830-982b-36ce67e74237@group-4349743B73F7-StateMachineUpdater: set stopIndex = 18
2019-09-05 11:09:48,088 [Thread-4227] INFO  impl.FollowerState (FollowerState.java:run(115)) - 66668c9f-d169-4830-982b-36ce67e74237: FollowerState was interrupted: java.lang.InterruptedException: sleep interrupted
2019-09-05 11:09:48,088 [66668c9f-d169-4830-982b-36ce67e74237@group-4349743B73F7-StateMachineUpdater] INFO  ratis.ContainerStateMachine (ContainerStateMachine.java:takeSnapshot(289)) - group-4349743B73F7: Taking a snapshot at:(t:3, i:18) file /workdir/hadoop-ozone/integration-test/target/test-dir/MiniOzoneClusterImpl-844c3fa4-9b6f-47fc-a83e-e9a93d390c1e/datanode-6/data/ratis/9a3bb825-394a-494f-8ea0-4349743b73f7/sm/snapshot.3_18
2019-09-05 11:09:48,106 [ForkJoinPool.commonPool-worker-0] INFO  ozoneimpl.OzoneContainer (OzoneContainer.java:stop(216)) - Attempting to stop container services.
2019-09-05 11:09:48,106 [ForkJoinPool.commonPool-worker-0] INFO  impl.RaftServerProxy (RaftServerProxy.java:lambda$close$4(314)) - 9fc77e25-aa5c-460f-a7c3-4d68bf1388cb: close
2019-09-05 11:09:48,106 [ForkJoinPool.commonPool-worker-0] INFO  impl.RaftServerImpl (RaftServerImpl.java:lambda$shutdown$3(251)) - 9fc77e25-aa5c-460f-a7c3-4d68bf1388cb@group-F46C0A5B86FF: shutdown
2019-09-05 11:09:48,107 [ForkJoinPool.commonPool-worker-0] INFO  util.JmxRegister (JmxRegister.java:unregister(73)) - Successfully un-registered JMX Bean with object name Ratis:service=RaftServer,group=group-F46C0A5B86FF,id=9fc77e25-aa5c-460f-a7c3-4d68bf1388cb
2019-09-05 11:09:48,107 [ForkJoinPool.commonPool-worker-0] INFO  impl.RoleInfo (RoleInfo.java:shutdownLeaderState(104)) - 9fc77e25-aa5c-460f-a7c3-4d68bf1388cb: shutdown LeaderState
2019-09-05 11:09:48,107 [ForkJoinPool.commonPool-worker-0] INFO  impl.PendingRequests (PendingRequests.java:sendNotLeaderResponses(202)) - 9fc77e25-aa5c-460f-a7c3-4d68bf1388cb-PendingRequests: sendNotLeaderResponses
2019-09-05 11:09:48,107 [ForkJoinPool.commonPool-worker-0] INFO  impl.StateMachineUpdater (StateMachineUpdater.java:stopAndJoin(125)) - 9fc77e25-aa5c-460f-a7c3-4d68bf1388cb@group-F46C0A5B86FF-StateMachineUpdater: set stopIndex = 0
2019-09-05 11:09:48,108 [ForkJoinPool.commonPool-worker-0] INFO  impl.RaftServerImpl (ServerState.java:close(385)) - 9fc77e25-aa5c-460f-a7c3-4d68bf1388cb@group-F46C0A5B86FF: closes. applyIndex: 0
2019-09-05 11:09:48,108 [9fc77e25-aa5c-460f-a7c3-4d68bf1388cb@group-F46C0A5B86FF-SegmentedRaftLogWorker] INFO  segmented.SegmentedRaftLogWorker (SegmentedRaftLogWorker.java:run(313)) - 9fc77e25-aa5c-460f-a7c3-4d68bf1388cb@group-F46C0A5B86FF-SegmentedRaftLogWorker was interrupted, exiting. There are 0 tasks remaining in the queue.
2019-09-05 11:09:48,110 [ForkJoinPool.commonPool-worker-0] INFO  segmented.SegmentedRaftLogWorker (SegmentedRaftLogWorker.java:close(228)) - 9fc77e25-aa5c-460f-a7c3-4d68bf1388cb@group-F46C0A5B86FF-SegmentedRaftLogWorker close()
2019-09-05 11:09:48,114 [ForkJoinPool.commonPool-worker-0] INFO  impl.RaftServerImpl (RaftServerImpl.java:lambda$shutdown$3(251)) - 9fc77e25-aa5c-460f-a7c3-4d68bf1388cb@group-4349743B73F7: shutdown
2019-09-05 11:09:48,114 [ForkJoinPool.commonPool-worker-0] INFO  util.JmxRegister (JmxRegister.java:unregister(73)) - Successfully un-registered JMX Bean with object name Ratis:service=RaftServer,group=group-4349743B73F7,id=9fc77e25-aa5c-460f-a7c3-4d68bf1388cb
2019-09-05 11:09:48,114 [ForkJoinPool.commonPool-worker-0] INFO  impl.RoleInfo (RoleInfo.java:shutdownFollowerState(121)) - 9fc77e25-aa5c-460f-a7c3-4d68bf1388cb: shutdown FollowerState
2019-09-05 11:09:48,115 [ForkJoinPool.commonPool-worker-0] INFO  impl.StateMachineUpdater (StateMachineUpdater.java:stopAndJoin(125)) - 9fc77e25-aa5c-460f-a7c3-4d68bf1388cb@group-4349743B73F7-StateMachineUpdater: set stopIndex = 18
2019-09-05 11:09:48,115 [9fc77e25-aa5c-460f-a7c3-4d68bf1388cb@group-4349743B73F7-StateMachineUpdater] INFO  ratis.ContainerStateMachine (ContainerStateMachine.java:takeSnapshot(289)) - group-4349743B73F7: Taking a snapshot at:(t:3, i:18) file /workdir/hadoop-ozone/integration-test/target/test-dir/MiniOzoneClusterImpl-844c3fa4-9b6f-47fc-a83e-e9a93d390c1e/datanode-0/data/ratis/9a3bb825-394a-494f-8ea0-4349743b73f7/sm/snapshot.3_18
2019-09-05 11:09:48,115 [Thread-4226] INFO  impl.FollowerState (FollowerState.java:run(115)) - 9fc77e25-aa5c-460f-a7c3-4d68bf1388cb: FollowerState was interrupted: java.lang.InterruptedException: sleep interrupted
2019-09-05 11:09:48,190 [9fc77e25-aa5c-460f-a7c3-4d68bf1388cb@group-4349743B73F7-StateMachineUpdater] INFO  ratis.ContainerStateMachine (ContainerStateMachine.java:takeSnapshot(300)) - group-4349743B73F7: Finished taking a snapshot at:(t:3, i:18) file:/workdir/hadoop-ozone/integration-test/target/test-dir/MiniOzoneClusterImpl-844c3fa4-9b6f-47fc-a83e-e9a93d390c1e/datanode-0/data/ratis/9a3bb825-394a-494f-8ea0-4349743b73f7/sm/snapshot.3_18 time:76
2019-09-05 11:09:48,191 [9fc77e25-aa5c-460f-a7c3-4d68bf1388cb@group-4349743B73F7-StateMachineUpdater] INFO  impl.StateMachineUpdater (StateMachineUpdater.java:takeSnapshot(258)) - 9fc77e25-aa5c-460f-a7c3-4d68bf1388cb@group-4349743B73F7-StateMachineUpdater: Took a snapshot at index 18
2019-09-05 11:09:48,191 [9fc77e25-aa5c-460f-a7c3-4d68bf1388cb@group-4349743B73F7-StateMachineUpdater] INFO  impl.StateMachineUpdater (StateMachineUpdater.java:lambda$new$0(83)) - 9fc77e25-aa5c-460f-a7c3-4d68bf1388cb@group-4349743B73F7-StateMachineUpdater: snapshotIndex: updateIncreasingly -1 -> 18
2019-09-05 11:09:48,191 [ForkJoinPool.commonPool-worker-0] INFO  impl.RaftServerImpl (ServerState.java:close(385)) - 9fc77e25-aa5c-460f-a7c3-4d68bf1388cb@group-4349743B73F7: closes. applyIndex: 18
2019-09-05 11:09:48,191 [66668c9f-d169-4830-982b-36ce67e74237@group-4349743B73F7-StateMachineUpdater] INFO  ratis.ContainerStateMachine (ContainerStateMachine.java:takeSnapshot(300)) - group-4349743B73F7: Finished taking a snapshot at:(t:3, i:18) file:/workdir/hadoop-ozone/integration-test/target/test-dir/MiniOzoneClusterImpl-844c3fa4-9b6f-47fc-a83e-e9a93d390c1e/datanode-6/data/ratis/9a3bb825-394a-494f-8ea0-4349743b73f7/sm/snapshot.3_18 time:104
2019-09-05 11:09:48,192 [66668c9f-d169-4830-982b-36ce67e74237@group-4349743B73F7-StateMachineUpdater] INFO  impl.StateMachineUpdater (StateMachineUpdater.java:takeSnapshot(258)) - 66668c9f-d169-4830-982b-36ce67e74237@group-4349743B73F7-StateMachineUpdater: Took a snapshot at index 18
2019-09-05 11:09:48,192 [66668c9f-d169-4830-982b-36ce67e74237@group-4349743B73F7-StateMachineUpdater] INFO  impl.StateMachineUpdater (StateMachineUpdater.java:lambda$new$0(83)) - 66668c9f-d169-4830-982b-36ce67e74237@group-4349743B73F7-StateMachineUpdater: snapshotIndex: updateIncreasingly -1 -> 18
2019-09-05 11:09:48,192 [9fc77e25-aa5c-460f-a7c3-4d68bf1388cb@group-4349743B73F7-SegmentedRaftLogWorker] INFO  segmented.SegmentedRaftLogWorker (SegmentedRaftLogWorker.java:run(313)) - 9fc77e25-aa5c-460f-a7c3-4d68bf1388cb@group-4349743B73F7-SegmentedRaftLogWorker was interrupted, exiting. There are 0 tasks remaining in the queue.
2019-09-05 11:09:48,192 [main] INFO  impl.RaftServerImpl (ServerState.java:close(385)) - 66668c9f-d169-4830-982b-36ce67e74237@group-4349743B73F7: closes. applyIndex: 18
2019-09-05 11:09:48,194 [ForkJoinPool.commonPool-worker-0] INFO  segmented.SegmentedRaftLogWorker (SegmentedRaftLogWorker.java:close(228)) - 9fc77e25-aa5c-460f-a7c3-4d68bf1388cb@group-4349743B73F7-SegmentedRaftLogWorker close()
2019-09-05 11:09:48,195 [66668c9f-d169-4830-982b-36ce67e74237@group-4349743B73F7-SegmentedRaftLogWorker] INFO  segmented.SegmentedRaftLogWorker (SegmentedRaftLogWorker.java:run(313)) - 66668c9f-d169-4830-982b-36ce67e74237@group-4349743B73F7-SegmentedRaftLogWorker was interrupted, exiting. There are 0 tasks remaining in the queue.
2019-09-05 11:09:48,205 [ForkJoinPool.commonPool-worker-0] INFO  server.GrpcService (GrpcService.java:closeImpl(164)) - 9fc77e25-aa5c-460f-a7c3-4d68bf1388cb: shutdown server with port 45703 now
2019-09-05 11:09:48,206 [main] INFO  segmented.SegmentedRaftLogWorker (SegmentedRaftLogWorker.java:close(228)) - 66668c9f-d169-4830-982b-36ce67e74237@group-4349743B73F7-SegmentedRaftLogWorker close()
2019-09-05 11:09:48,210 [main] INFO  server.GrpcService (GrpcService.java:closeImpl(164)) - 66668c9f-d169-4830-982b-36ce67e74237: shutdown server with port 35689 now
2019-09-05 11:09:48,211 [ForkJoinPool.commonPool-worker-0] INFO  server.GrpcService (GrpcService.java:closeImpl(172)) - 9fc77e25-aa5c-460f-a7c3-4d68bf1388cb: shutdown server with port 45703 successfully
2019-09-05 11:09:48,212 [main] INFO  server.GrpcService (GrpcService.java:closeImpl(172)) - 66668c9f-d169-4830-982b-36ce67e74237: shutdown server with port 35689 successfully
2019-09-05 11:09:48,213 [grpc-default-executor-11] WARN  server.GrpcServerProtocolService (LogUtils.java:warn(134)) - 9fc77e25-aa5c-460f-a7c3-4d68bf1388cb: installSnapshot onError, lastRequest: fa38275b-b6c1-4443-ac3f-7d574d73b3ca->9fc77e25-aa5c-460f-a7c3-4d68bf1388cb#33-t3, previous=(t:3, i:18), leaderCommit=18, initializing? false, entries: <empty>: org.apache.ratis.thirdparty.io.grpc.StatusRuntimeException: CANCELLED: cancelled before receiving half close
2019-09-05 11:09:48,214 [grpc-default-executor-9] WARN  server.GrpcLogAppender (LogUtils.java:warn(134)) - fa38275b-b6c1-4443-ac3f-7d574d73b3ca@group-4349743B73F7->9fc77e25-aa5c-460f-a7c3-4d68bf1388cb-AppendLogResponseHandler: Failed appendEntries: org.apache.ratis.thirdparty.io.grpc.StatusRuntimeException: CANCELLED: HTTP/2 error code: CANCEL
Received Rst Stream
2019-09-05 11:09:48,213 [grpc-default-executor-10] WARN  server.GrpcServerProtocolService (LogUtils.java:warn(134)) - 66668c9f-d169-4830-982b-36ce67e74237: installSnapshot onError, lastRequest: fa38275b-b6c1-4443-ac3f-7d574d73b3ca->66668c9f-d169-4830-982b-36ce67e74237#32-t3, previous=(t:3, i:18), leaderCommit=18, initializing? false, entries: <empty>: org.apache.ratis.thirdparty.io.grpc.StatusRuntimeException: CANCELLED: cancelled before receiving half close
2019-09-05 11:09:48,216 [grpc-default-executor-9] INFO  impl.FollowerInfo (FollowerInfo.java:lambda$new$0(51)) - fa38275b-b6c1-4443-ac3f-7d574d73b3ca@group-4349743B73F7->9fc77e25-aa5c-460f-a7c3-4d68bf1388cb: nextIndex: updateUnconditionally 19 -> 18
2019-09-05 11:09:48,215 [grpc-default-executor-13] WARN  server.GrpcLogAppender (LogUtils.java:warn(134)) - fa38275b-b6c1-4443-ac3f-7d574d73b3ca@group-4349743B73F7->66668c9f-d169-4830-982b-36ce67e74237-AppendLogResponseHandler: Failed appendEntries: org.apache.ratis.thirdparty.io.grpc.StatusRuntimeException: CANCELLED: HTTP/2 error code: CANCEL
Received Rst Stream
2019-09-05 11:09:48,215 [refreshUsed-/workdir/hadoop-ozone/integration-test/target/test-dir/MiniOzoneClusterImpl-844c3fa4-9b6f-47fc-a83e-e9a93d390c1e/datanode-0/data/containers] WARN  fs.CachingGetSpaceUsed (CachingGetSpaceUsed.java:run(183)) - Thread Interrupted waiting to refresh disk information: sleep interrupted
2019-09-05 11:09:48,218 [grpc-default-executor-13] INFO  impl.FollowerInfo (FollowerInfo.java:lambda$new$0(51)) - fa38275b-b6c1-4443-ac3f-7d574d73b3ca@group-4349743B73F7->66668c9f-d169-4830-982b-36ce67e74237: nextIndex: updateUnconditionally 19 -> 18
2019-09-05 11:09:48,231 [refreshUsed-/workdir/hadoop-ozone/integration-test/target/test-dir/MiniOzoneClusterImpl-844c3fa4-9b6f-47fc-a83e-e9a93d390c1e/datanode-6/data/containers] WARN  fs.CachingGetSpaceUsed (CachingGetSpaceUsed.java:run(183)) - Thread Interrupted waiting to refresh disk information: sleep interrupted
2019-09-05 11:09:48,271 [ForkJoinPool.commonPool-worker-0] INFO  utils.BackgroundService (BackgroundService.java:shutdown(148)) - Shutting down service BlockDeletingService
2019-09-05 11:09:48,273 [main] INFO  utils.BackgroundService (BackgroundService.java:shutdown(148)) - Shutting down service BlockDeletingService
2019-09-05 11:09:48,279 [main] INFO  statemachine.DatanodeStateMachine (DatanodeStateMachine.java:stopDaemon(395)) - Ozone container server stopped.
2019-09-05 11:09:48,280 [ForkJoinPool.commonPool-worker-0] INFO  statemachine.DatanodeStateMachine (DatanodeStateMachine.java:stopDaemon(395)) - Ozone container server stopped.
2019-09-05 11:09:48,298 [ForkJoinPool.commonPool-worker-0] INFO  handler.ContextHandler (ContextHandler.java:doStop(910)) - Stopped o.e.j.w.WebAppContext@4ff66917{/,null,UNAVAILABLE}{/hddsDatanode}
2019-09-05 11:09:48,299 [ForkJoinPool.commonPool-worker-0] INFO  server.AbstractConnector (AbstractConnector.java:doStop(318)) - Stopped ServerConnector@4264beb8{HTTP/1.1,[http/1.1]}{0.0.0.0:0}
2019-09-05 11:09:48,300 [main] INFO  handler.ContextHandler (ContextHandler.java:doStop(910)) - Stopped o.e.j.w.WebAppContext@2e2b9f53{/,null,UNAVAILABLE}{/hddsDatanode}
2019-09-05 11:09:48,300 [ForkJoinPool.commonPool-worker-0] INFO  handler.ContextHandler (ContextHandler.java:doStop(910)) - Stopped o.e.j.s.ServletContextHandler@15994b0b{/static,jar:file:/home/user/.m2/repository/org/apache/hadoop/hadoop-hdds-container-service/0.5.0-SNAPSHOT/hadoop-hdds-container-service-0.5.0-SNAPSHOT.jar!/webapps/static,UNAVAILABLE}
2019-09-05 11:09:48,300 [ForkJoinPool.commonPool-worker-0] INFO  handler.ContextHandler (ContextHandler.java:doStop(910)) - Stopped o.e.j.s.ServletContextHandler@53bb71e5{/logs,file:///workdir/hadoop-ozone/integration-test/target/log,UNAVAILABLE}
2019-09-05 11:09:48,301 [main] INFO  server.AbstractConnector (AbstractConnector.java:doStop(318)) - Stopped ServerConnector@749baa0c{HTTP/1.1,[http/1.1]}{0.0.0.0:0}
2019-09-05 11:09:48,303 [main] INFO  handler.ContextHandler (ContextHandler.java:doStop(910)) - Stopped o.e.j.s.ServletContextHandler@600bbf9e{/static,jar:file:/home/user/.m2/repository/org/apache/hadoop/hadoop-hdds-container-service/0.5.0-SNAPSHOT/hadoop-hdds-container-service-0.5.0-SNAPSHOT.jar!/webapps/static,UNAVAILABLE}
2019-09-05 11:09:48,304 [main] INFO  handler.ContextHandler (ContextHandler.java:doStop(910)) - Stopped o.e.j.s.ServletContextHandler@4d67d5a4{/logs,file:///workdir/hadoop-ozone/integration-test/target/log,UNAVAILABLE}
2019-09-05 11:09:48,401 [Datanode State Machine Thread - 0] INFO  statemachine.DatanodeStateMachine (DatanodeStateMachine.java:lambda$startDaemon$0(350)) - Ozone container server started.
2019-09-05 11:09:50,218 [grpc-default-executor-10] WARN  server.GrpcLogAppender (LogUtils.java:warn(134)) - fa38275b-b6c1-4443-ac3f-7d574d73b3ca@group-4349743B73F7->66668c9f-d169-4830-982b-36ce67e74237-AppendLogResponseHandler: Failed appendEntries: org.apache.ratis.thirdparty.io.grpc.StatusRuntimeException: UNAVAILABLE: io exception
2019-09-05 11:09:50,218 [grpc-default-executor-11] WARN  server.GrpcLogAppender (LogUtils.java:warn(134)) - fa38275b-b6c1-4443-ac3f-7d574d73b3ca@group-4349743B73F7->9fc77e25-aa5c-460f-a7c3-4d68bf1388cb-AppendLogResponseHandler: Failed appendEntries: org.apache.ratis.thirdparty.io.grpc.StatusRuntimeException: UNAVAILABLE: io exception
2019-09-05 11:09:50,218 [grpc-default-executor-10] INFO  impl.FollowerInfo (FollowerInfo.java:lambda$new$0(51)) - fa38275b-b6c1-4443-ac3f-7d574d73b3ca@group-4349743B73F7->66668c9f-d169-4830-982b-36ce67e74237: nextIndex: updateUnconditionally 18 -> 17
2019-09-05 11:09:50,218 [grpc-default-executor-11] INFO  impl.FollowerInfo (FollowerInfo.java:lambda$new$0(51)) - fa38275b-b6c1-4443-ac3f-7d574d73b3ca@group-4349743B73F7->9fc77e25-aa5c-460f-a7c3-4d68bf1388cb: nextIndex: updateUnconditionally 18 -> 17
2019-09-05 11:09:52,453 [EventQueue-StaleNodeForStaleNodeHandler] INFO  node.StaleNodeHandler (StaleNodeHandler.java:onMessage(58)) - Datanode fa38275b-b6c1-4443-ac3f-7d574d73b3ca{ip: 192.168.36.83, host: pr-hdds-1561-gm47z-337254333, networkLocation: /default-rack, certSerialId: null} moved to stale state. Finalizing its pipelines [PipelineID=c6c495e3-c4de-4fd0-926f-cf2d3d6ac4d1, PipelineID=9a3bb825-394a-494f-8ea0-4349743b73f7]
2019-09-05 11:09:52,454 [EventQueue-StaleNodeForStaleNodeHandler] INFO  pipeline.SCMPipelineManager (SCMPipelineManager.java:finalizeAndDestroyPipeline(309)) - destroying pipeline:Pipeline[ Id: c6c495e3-c4de-4fd0-926f-cf2d3d6ac4d1, Nodes: fa38275b-b6c1-4443-ac3f-7d574d73b3ca{ip: 192.168.36.83, host: pr-hdds-1561-gm47z-337254333, networkLocation: /default-rack, certSerialId: null}, Type:RATIS, Factor:ONE, State:OPEN]
2019-09-05 11:09:52,454 [EventQueue-StaleNodeForStaleNodeHandler] INFO  pipeline.PipelineStateManager (PipelineStateManager.java:finalizePipeline(123)) - Pipeline Pipeline[ Id: c6c495e3-c4de-4fd0-926f-cf2d3d6ac4d1, Nodes: fa38275b-b6c1-4443-ac3f-7d574d73b3ca{ip: 192.168.36.83, host: pr-hdds-1561-gm47z-337254333, networkLocation: /default-rack, certSerialId: null}, Type:RATIS, Factor:ONE, State:CLOSED] moved to CLOSED state
2019-09-05 11:09:52,455 [EventQueue-StaleNodeForStaleNodeHandler] INFO  pipeline.SCMPipelineManager (SCMPipelineManager.java:finalizeAndDestroyPipeline(309)) - destroying pipeline:Pipeline[ Id: 9a3bb825-394a-494f-8ea0-4349743b73f7, Nodes: fa38275b-b6c1-4443-ac3f-7d574d73b3ca{ip: 192.168.36.83, host: pr-hdds-1561-gm47z-337254333, networkLocation: /default-rack, certSerialId: null}9fc77e25-aa5c-460f-a7c3-4d68bf1388cb{ip: 192.168.36.83, host: pr-hdds-1561-gm47z-337254333, networkLocation: /default-rack, certSerialId: null}66668c9f-d169-4830-982b-36ce67e74237{ip: 192.168.36.83, host: pr-hdds-1561-gm47z-337254333, networkLocation: /default-rack, certSerialId: null}, Type:RATIS, Factor:THREE, State:CLOSED]
2019-09-05 11:09:52,721 [grpc-default-executor-11] WARN  server.GrpcLogAppender (LogUtils.java:warn(134)) - fa38275b-b6c1-4443-ac3f-7d574d73b3ca@group-4349743B73F7->66668c9f-d169-4830-982b-36ce67e74237-AppendLogResponseHandler: Failed appendEntries: org.apache.ratis.thirdparty.io.grpc.StatusRuntimeException: UNAVAILABLE: io exception
2019-09-05 11:09:52,721 [grpc-default-executor-13] WARN  server.GrpcLogAppender (LogUtils.java:warn(134)) - fa38275b-b6c1-4443-ac3f-7d574d73b3ca@group-4349743B73F7->9fc77e25-aa5c-460f-a7c3-4d68bf1388cb-AppendLogResponseHandler: Failed appendEntries: org.apache.ratis.thirdparty.io.grpc.StatusRuntimeException: UNAVAILABLE: io exception
2019-09-05 11:09:52,722 [grpc-default-executor-11] INFO  impl.FollowerInfo (FollowerInfo.java:lambda$new$0(51)) - fa38275b-b6c1-4443-ac3f-7d574d73b3ca@group-4349743B73F7->66668c9f-d169-4830-982b-36ce67e74237: nextIndex: updateUnconditionally 17 -> 16
2019-09-05 11:09:52,722 [grpc-default-executor-13] INFO  impl.FollowerInfo (FollowerInfo.java:lambda$new$0(51)) - fa38275b-b6c1-4443-ac3f-7d574d73b3ca@group-4349743B73F7->9fc77e25-aa5c-460f-a7c3-4d68bf1388cb: nextIndex: updateUnconditionally 17 -> 16
2019-09-05 11:09:53,302 [ForkJoinPool.commonPool-worker-0] INFO  ozoneimpl.OzoneContainer (OzoneContainer.java:stop(216)) - Attempting to stop container services.
2019-09-05 11:09:53,303 [ForkJoinPool.commonPool-worker-0] INFO  impl.RaftServerProxy (RaftServerProxy.java:lambda$close$4(314)) - fa38275b-b6c1-4443-ac3f-7d574d73b3ca: close
2019-09-05 11:09:53,303 [ForkJoinPool.commonPool-worker-0] INFO  impl.RaftServerImpl (RaftServerImpl.java:lambda$shutdown$3(251)) - fa38275b-b6c1-4443-ac3f-7d574d73b3ca@group-CF2D3D6AC4D1: shutdown
2019-09-05 11:09:53,304 [ForkJoinPool.commonPool-worker-0] INFO  util.JmxRegister (JmxRegister.java:unregister(73)) - Successfully un-registered JMX Bean with object name Ratis:service=RaftServer,group=group-CF2D3D6AC4D1,id=fa38275b-b6c1-4443-ac3f-7d574d73b3ca
2019-09-05 11:09:53,304 [ForkJoinPool.commonPool-worker-0] INFO  impl.RoleInfo (RoleInfo.java:shutdownLeaderState(104)) - fa38275b-b6c1-4443-ac3f-7d574d73b3ca: shutdown LeaderState
2019-09-05 11:09:53,304 [ForkJoinPool.commonPool-worker-0] INFO  impl.PendingRequests (PendingRequests.java:sendNotLeaderResponses(202)) - fa38275b-b6c1-4443-ac3f-7d574d73b3ca-PendingRequests: sendNotLeaderResponses
2019-09-05 11:09:53,304 [ForkJoinPool.commonPool-worker-0] INFO  impl.StateMachineUpdater (StateMachineUpdater.java:stopAndJoin(125)) - fa38275b-b6c1-4443-ac3f-7d574d73b3ca@group-CF2D3D6AC4D1-StateMachineUpdater: set stopIndex = 0
2019-09-05 11:09:53,305 [ForkJoinPool.commonPool-worker-0] INFO  impl.RaftServerImpl (ServerState.java:close(385)) - fa38275b-b6c1-4443-ac3f-7d574d73b3ca@group-CF2D3D6AC4D1: closes. applyIndex: 0
2019-09-05 11:09:53,305 [fa38275b-b6c1-4443-ac3f-7d574d73b3ca@group-CF2D3D6AC4D1-SegmentedRaftLogWorker] INFO  segmented.SegmentedRaftLogWorker (SegmentedRaftLogWorker.java:run(313)) - fa38275b-b6c1-4443-ac3f-7d574d73b3ca@group-CF2D3D6AC4D1-SegmentedRaftLogWorker was interrupted, exiting. There are 0 tasks remaining in the queue.
2019-09-05 11:09:53,559 [ForkJoinPool.commonPool-worker-0] INFO  segmented.SegmentedRaftLogWorker (SegmentedRaftLogWorker.java:close(228)) - fa38275b-b6c1-4443-ac3f-7d574d73b3ca@group-CF2D3D6AC4D1-SegmentedRaftLogWorker close()
2019-09-05 11:09:53,563 [ForkJoinPool.commonPool-worker-0] INFO  impl.RaftServerImpl (RaftServerImpl.java:lambda$shutdown$3(251)) - fa38275b-b6c1-4443-ac3f-7d574d73b3ca@group-4349743B73F7: shutdown
2019-09-05 11:09:53,563 [ForkJoinPool.commonPool-worker-0] INFO  util.JmxRegister (JmxRegister.java:unregister(73)) - Successfully un-registered JMX Bean with object name Ratis:service=RaftServer,group=group-4349743B73F7,id=fa38275b-b6c1-4443-ac3f-7d574d73b3ca
2019-09-05 11:09:53,563 [ForkJoinPool.commonPool-worker-0] INFO  impl.RoleInfo (RoleInfo.java:shutdownLeaderState(104)) - fa38275b-b6c1-4443-ac3f-7d574d73b3ca: shutdown LeaderState
2019-09-05 11:09:53,567 [ForkJoinPool.commonPool-worker-0] INFO  impl.PendingRequests (PendingRequests.java:sendNotLeaderResponses(202)) - fa38275b-b6c1-4443-ac3f-7d574d73b3ca-PendingRequests: sendNotLeaderResponses
2019-09-05 11:09:53,567 [org.apache.ratis.server.impl.LogAppender$AppenderDaemon$$Lambda$473/1880504537@5ed51c1a] WARN  server.GrpcLogAppender (GrpcLogAppender.java:mayWait(143)) - fa38275b-b6c1-4443-ac3f-7d574d73b3ca@group-4349743B73F7->9fc77e25-aa5c-460f-a7c3-4d68bf1388cb-GrpcLogAppender: Wait interrupted by java.lang.InterruptedException
2019-09-05 11:09:53,567 [org.apache.ratis.server.impl.LogAppender$AppenderDaemon$$Lambda$473/1880504537@268c38b] WARN  server.GrpcLogAppender (GrpcLogAppender.java:mayWait(143)) - fa38275b-b6c1-4443-ac3f-7d574d73b3ca@group-4349743B73F7->66668c9f-d169-4830-982b-36ce67e74237-GrpcLogAppender: Wait interrupted by java.lang.InterruptedException
2019-09-05 11:09:53,570 [ForkJoinPool.commonPool-worker-0] INFO  impl.StateMachineUpdater (StateMachineUpdater.java:stopAndJoin(125)) - fa38275b-b6c1-4443-ac3f-7d574d73b3ca@group-4349743B73F7-StateMachineUpdater: set stopIndex = 18
2019-09-05 11:09:53,571 [fa38275b-b6c1-4443-ac3f-7d574d73b3ca@group-4349743B73F7-StateMachineUpdater] INFO  ratis.ContainerStateMachine (ContainerStateMachine.java:takeSnapshot(289)) - group-4349743B73F7: Taking a snapshot at:(t:3, i:16) file /workdir/hadoop-ozone/integration-test/target/test-dir/MiniOzoneClusterImpl-844c3fa4-9b6f-47fc-a83e-e9a93d390c1e/datanode-5/data/ratis/9a3bb825-394a-494f-8ea0-4349743b73f7/sm/snapshot.3_16
2019-09-05 11:09:53,601 [fa38275b-b6c1-4443-ac3f-7d574d73b3ca@group-4349743B73F7-StateMachineUpdater] INFO  ratis.ContainerStateMachine (ContainerStateMachine.java:takeSnapshot(300)) - group-4349743B73F7: Finished taking a snapshot at:(t:3, i:16) file:/workdir/hadoop-ozone/integration-test/target/test-dir/MiniOzoneClusterImpl-844c3fa4-9b6f-47fc-a83e-e9a93d390c1e/datanode-5/data/ratis/9a3bb825-394a-494f-8ea0-4349743b73f7/sm/snapshot.3_16 time:30
2019-09-05 11:09:53,601 [fa38275b-b6c1-4443-ac3f-7d574d73b3ca@group-4349743B73F7-StateMachineUpdater] INFO  impl.StateMachineUpdater (StateMachineUpdater.java:takeSnapshot(258)) - fa38275b-b6c1-4443-ac3f-7d574d73b3ca@group-4349743B73F7-StateMachineUpdater: Took a snapshot at index 16
2019-09-05 11:09:53,601 [fa38275b-b6c1-4443-ac3f-7d574d73b3ca@group-4349743B73F7-StateMachineUpdater] INFO  impl.StateMachineUpdater (StateMachineUpdater.java:lambda$new$0(83)) - fa38275b-b6c1-4443-ac3f-7d574d73b3ca@group-4349743B73F7-StateMachineUpdater: snapshotIndex: updateIncreasingly -1 -> 16
2019-09-05 11:09:53,602 [fa38275b-b6c1-4443-ac3f-7d574d73b3ca@group-4349743B73F7-StateMachineUpdater] INFO  ratis.ContainerStateMachine (ContainerStateMachine.java:takeSnapshot(289)) - group-4349743B73F7: Taking a snapshot at:(t:3, i:16) file /workdir/hadoop-ozone/integration-test/target/test-dir/MiniOzoneClusterImpl-844c3fa4-9b6f-47fc-a83e-e9a93d390c1e/datanode-5/data/ratis/9a3bb825-394a-494f-8ea0-4349743b73f7/sm/snapshot.3_16
2019-09-05 11:09:53,623 [fa38275b-b6c1-4443-ac3f-7d574d73b3ca@group-4349743B73F7-StateMachineUpdater] INFO  ratis.ContainerStateMachine (ContainerStateMachine.java:takeSnapshot(300)) - group-4349743B73F7: Finished taking a snapshot at:(t:3, i:16) file:/workdir/hadoop-ozone/integration-test/target/test-dir/MiniOzoneClusterImpl-844c3fa4-9b6f-47fc-a83e-e9a93d390c1e/datanode-5/data/ratis/9a3bb825-394a-494f-8ea0-4349743b73f7/sm/snapshot.3_16 time:21
2019-09-05 11:09:53,623 [fa38275b-b6c1-4443-ac3f-7d574d73b3ca@group-4349743B73F7-StateMachineUpdater] INFO  impl.StateMachineUpdater (StateMachineUpdater.java:takeSnapshot(258)) - fa38275b-b6c1-4443-ac3f-7d574d73b3ca@group-4349743B73F7-StateMachineUpdater: Took a snapshot at index 16
2019-09-05 11:09:53,624 [fa38275b-b6c1-4443-ac3f-7d574d73b3ca@group-4349743B73F7-StateMachineUpdater] INFO  impl.StateMachineUpdater (StateMachineUpdater.java:lambda$new$0(83)) - fa38275b-b6c1-4443-ac3f-7d574d73b3ca@group-4349743B73F7-StateMachineUpdater: snapshotIndex: updateIncreasingly 16 -> 16
2019-09-05 11:09:53,624 [ForkJoinPool.commonPool-worker-0] INFO  impl.RaftServerImpl (ServerState.java:close(385)) - fa38275b-b6c1-4443-ac3f-7d574d73b3ca@group-4349743B73F7: closes. applyIndex: 18
2019-09-05 11:09:53,624 [fa38275b-b6c1-4443-ac3f-7d574d73b3ca@group-4349743B73F7-SegmentedRaftLogWorker] INFO  segmented.SegmentedRaftLogWorker (SegmentedRaftLogWorker.java:run(313)) - fa38275b-b6c1-4443-ac3f-7d574d73b3ca@group-4349743B73F7-SegmentedRaftLogWorker was interrupted, exiting. There are 0 tasks remaining in the queue.
2019-09-05 11:09:53,625 [ForkJoinPool.commonPool-worker-0] INFO  segmented.SegmentedRaftLogWorker (SegmentedRaftLogWorker.java:close(228)) - fa38275b-b6c1-4443-ac3f-7d574d73b3ca@group-4349743B73F7-SegmentedRaftLogWorker close()
2019-09-05 11:09:53,627 [ForkJoinPool.commonPool-worker-0] INFO  server.GrpcService (GrpcService.java:closeImpl(164)) - fa38275b-b6c1-4443-ac3f-7d574d73b3ca: shutdown server with port 40471 now
2019-09-05 11:09:53,628 [grpc-default-executor-11] WARN  client.GrpcClientProtocolService (LogUtils.java:warn(134)) - 4-UnorderedRequestStreamObserver4: onError: org.apache.ratis.thirdparty.io.grpc.StatusRuntimeException: CANCELLED: cancelled before receiving half close
2019-09-05 11:09:53,628 [ForkJoinPool.commonPool-worker-0] INFO  server.GrpcService (GrpcService.java:closeImpl(172)) - fa38275b-b6c1-4443-ac3f-7d574d73b3ca: shutdown server with port 40471 successfully
2019-09-05 11:09:53,631 [refreshUsed-/workdir/hadoop-ozone/integration-test/target/test-dir/MiniOzoneClusterImpl-844c3fa4-9b6f-47fc-a83e-e9a93d390c1e/datanode-5/data/containers] WARN  fs.CachingGetSpaceUsed (CachingGetSpaceUsed.java:run(183)) - Thread Interrupted waiting to refresh disk information: sleep interrupted
2019-09-05 11:09:53,650 [ForkJoinPool.commonPool-worker-0] INFO  utils.BackgroundService (BackgroundService.java:shutdown(148)) - Shutting down service BlockDeletingService
2019-09-05 11:09:53,654 [ForkJoinPool.commonPool-worker-0] INFO  statemachine.DatanodeStateMachine (DatanodeStateMachine.java:stopDaemon(395)) - Ozone container server stopped.
2019-09-05 11:09:53,657 [ForkJoinPool.commonPool-worker-0] INFO  handler.ContextHandler (ContextHandler.java:doStop(910)) - Stopped o.e.j.w.WebAppContext@734fbae3{/,null,UNAVAILABLE}{/hddsDatanode}
2019-09-05 11:09:53,658 [ForkJoinPool.commonPool-worker-0] INFO  server.AbstractConnector (AbstractConnector.java:doStop(318)) - Stopped ServerConnector@223967ea{HTTP/1.1,[http/1.1]}{0.0.0.0:0}
2019-09-05 11:09:53,658 [ForkJoinPool.commonPool-worker-0] INFO  handler.ContextHandler (ContextHandler.java:doStop(910)) - Stopped o.e.j.s.ServletContextHandler@710ae6a7{/static,jar:file:/home/user/.m2/repository/org/apache/hadoop/hadoop-hdds-container-service/0.5.0-SNAPSHOT/hadoop-hdds-container-service-0.5.0-SNAPSHOT.jar!/webapps/static,UNAVAILABLE}
2019-09-05 11:09:53,659 [ForkJoinPool.commonPool-worker-0] INFO  handler.ContextHandler (ContextHandler.java:doStop(910)) - Stopped o.e.j.s.ServletContextHandler@3ea48c37{/logs,file:///workdir/hadoop-ozone/integration-test/target/log,UNAVAILABLE}
2019-09-05 11:09:53,660 [main] INFO  ozone.MiniOzoneClusterImpl (MiniOzoneClusterImpl.java:stop(339)) - Stopping the StorageContainerManager
2019-09-05 11:09:53,660 [main] INFO  server.StorageContainerManager (StorageContainerManager.java:stop(797)) - Stopping Replication Manager Service.
2019-09-05 11:09:53,660 [main] INFO  container.ReplicationManager (ReplicationManager.java:stop(203)) - Stopping Replication Monitor Thread.
2019-09-05 11:09:53,660 [main] INFO  server.StorageContainerManager (StorageContainerManager.java:stop(804)) - Stopping Lease Manager of the command watchers
2019-09-05 11:09:53,660 [main] INFO  server.StorageContainerManager (StorageContainerManager.java:stop(811)) - Stopping datanode service RPC server
2019-09-05 11:09:53,660 [main] INFO  server.SCMDatanodeProtocolServer (SCMDatanodeProtocolServer.java:stop(367)) - Stopping the RPC server for DataNodes
2019-09-05 11:09:53,660 [main] INFO  ipc.Server (Server.java:stop(3082)) - Stopping server on 43143
2019-09-05 11:09:53,663 [IPC Server listener on 43143] INFO  ipc.Server (Server.java:run(1185)) - Stopping IPC Server listener on 43143
2019-09-05 11:09:53,663 [IPC Server Responder] INFO  ipc.Server (Server.java:run(1319)) - Stopping IPC Server Responder
2019-09-05 11:09:53,755 [SCM Heartbeat Processing Thread - 0] WARN  node.NodeStateManager (NodeStateManager.java:scheduleNextHealthCheck(646)) - Current Thread is interrupted, shutting down HB processing thread for Node Manager.
2019-09-05 11:09:53,756 [main] INFO  server.StorageContainerManager (StorageContainerManager.java:stop(819)) - Stopping block service RPC server
2019-09-05 11:09:53,756 [main] INFO  server.SCMBlockProtocolServer (SCMBlockProtocolServer.java:stop(155)) - Stopping the RPC server for Block Protocol
2019-09-05 11:09:53,756 [main] INFO  ipc.Server (Server.java:stop(3082)) - Stopping server on 36803
2019-09-05 11:09:53,759 [IPC Server listener on 36803] INFO  ipc.Server (Server.java:run(1185)) - Stopping IPC Server listener on 36803
2019-09-05 11:09:53,759 [main] INFO  server.StorageContainerManager (StorageContainerManager.java:stop(826)) - Stopping the StorageContainerLocationProtocol RPC server
2019-09-05 11:09:53,759 [IPC Server Responder] INFO  ipc.Server (Server.java:run(1319)) - Stopping IPC Server Responder
2019-09-05 11:09:53,759 [main] INFO  server.SCMClientProtocolServer (SCMClientProtocolServer.java:stop(159)) - Stopping the RPC server for Client Protocol
2019-09-05 11:09:53,761 [main] INFO  ipc.Server (Server.java:stop(3082)) - Stopping server on 43048
2019-09-05 11:09:53,762 [IPC Server listener on 43048] INFO  ipc.Server (Server.java:run(1185)) - Stopping IPC Server listener on 43048
2019-09-05 11:09:53,763 [main] INFO  server.StorageContainerManager (StorageContainerManager.java:stop(833)) - Stopping Storage Container Manager HTTP server.
2019-09-05 11:09:53,763 [IPC Server Responder] INFO  ipc.Server (Server.java:run(1319)) - Stopping IPC Server Responder
2019-09-05 11:09:53,765 [main] INFO  handler.ContextHandler (ContextHandler.java:doStop(910)) - Stopped o.e.j.w.WebAppContext@64440065{/,null,UNAVAILABLE}{/scm}
2019-09-05 11:09:53,766 [main] INFO  server.AbstractConnector (AbstractConnector.java:doStop(318)) - Stopped ServerConnector@4aa22cc2{HTTP/1.1,[http/1.1]}{0.0.0.0:0}
2019-09-05 11:09:53,766 [main] INFO  handler.ContextHandler (ContextHandler.java:doStop(910)) - Stopped o.e.j.s.ServletContextHandler@216f01{/static,file:///workdir/hadoop-ozone/integration-test/target/test-classes/webapps/static,UNAVAILABLE}
2019-09-05 11:09:53,766 [main] INFO  handler.ContextHandler (ContextHandler.java:doStop(910)) - Stopped o.e.j.s.ServletContextHandler@4044589a{/logs,file:///workdir/hadoop-ozone/integration-test/target/log,UNAVAILABLE}
2019-09-05 11:09:53,767 [main] INFO  server.StorageContainerManager (StorageContainerManager.java:stop(844)) - Stopping Block Manager Service.
2019-09-05 11:09:53,767 [main] INFO  utils.BackgroundService (BackgroundService.java:shutdown(148)) - Shutting down service SCMBlockDeletingService
2019-09-05 11:09:53,767 [main] INFO  utils.BackgroundService (BackgroundService.java:shutdown(148)) - Shutting down service SCMBlockDeletingService
2019-09-05 11:09:53,767 [main] INFO  server.StorageContainerManager (StorageContainerManager.java:stop(866)) - Stopping SCM Event Queue.
2019-09-05 11:09:53,771 [main] INFO  impl.MetricsSystemImpl (MetricsSystemImpl.java:stop(210)) - Stopping HddsDatanode metrics system...
2019-09-05 11:09:53,799 [main] INFO  impl.MetricsSystemImpl (MetricsSystemImpl.java:stop(216)) - HddsDatanode metrics system stopped.
]]></system-out>
    <system-err><![CDATA[Sep 05, 2019 11:09:37 AM org.apache.ratis.thirdparty.io.grpc.internal.SerializingExecutor run
SEVERE: Exception while executing runnable org.apache.ratis.thirdparty.io.grpc.internal.ServerImpl$JumpToApplicationThreadServerStreamListener$1Closed@1a0e702c
org.apache.ratis.thirdparty.io.grpc.StatusRuntimeException: CANCELLED: call already cancelled
	at org.apache.ratis.thirdparty.io.grpc.Status.asRuntimeException(Status.java:517)
	at org.apache.ratis.thirdparty.io.grpc.stub.ServerCalls$ServerCallStreamObserverImpl.onCompleted(ServerCalls.java:356)
	at org.apache.ratis.grpc.server.GrpcServerProtocolService$ServerRequestStreamObserver.onError(GrpcServerProtocolService.java:121)
	at org.apache.ratis.thirdparty.io.grpc.stub.ServerCalls$StreamingServerCallHandler$StreamingServerCallListener.onCancel(ServerCalls.java:269)
	at org.apache.ratis.thirdparty.io.grpc.internal.ServerCallImpl$ServerStreamListenerImpl.closed(ServerCallImpl.java:293)
	at org.apache.ratis.thirdparty.io.grpc.internal.ServerImpl$JumpToApplicationThreadServerStreamListener$1Closed.runInContext(ServerImpl.java:741)
	at org.apache.ratis.thirdparty.io.grpc.internal.ContextRunnable.run(ContextRunnable.java:37)
	at org.apache.ratis.thirdparty.io.grpc.internal.SerializingExecutor.run(SerializingExecutor.java:123)
	at java.util.concurrent.ThreadPoolExecutor.runWorker(ThreadPoolExecutor.java:1149)
	at java.util.concurrent.ThreadPoolExecutor$Worker.run(ThreadPoolExecutor.java:624)
	at java.lang.Thread.run(Thread.java:748)

Sep 05, 2019 11:09:48 AM org.apache.ratis.thirdparty.io.grpc.internal.SerializingExecutor run
SEVERE: Exception while executing runnable org.apache.ratis.thirdparty.io.grpc.internal.ServerImpl$JumpToApplicationThreadServerStreamListener$1Closed@38d248b6
org.apache.ratis.thirdparty.io.grpc.StatusRuntimeException: CANCELLED: call already cancelled
	at org.apache.ratis.thirdparty.io.grpc.Status.asRuntimeException(Status.java:517)
	at org.apache.ratis.thirdparty.io.grpc.stub.ServerCalls$ServerCallStreamObserverImpl.onCompleted(ServerCalls.java:356)
	at org.apache.ratis.grpc.server.GrpcServerProtocolService$ServerRequestStreamObserver.onError(GrpcServerProtocolService.java:121)
	at org.apache.ratis.thirdparty.io.grpc.stub.ServerCalls$StreamingServerCallHandler$StreamingServerCallListener.onCancel(ServerCalls.java:269)
	at org.apache.ratis.thirdparty.io.grpc.internal.ServerCallImpl$ServerStreamListenerImpl.closed(ServerCallImpl.java:293)
	at org.apache.ratis.thirdparty.io.grpc.internal.ServerImpl$JumpToApplicationThreadServerStreamListener$1Closed.runInContext(ServerImpl.java:741)
	at org.apache.ratis.thirdparty.io.grpc.internal.ContextRunnable.run(ContextRunnable.java:37)
	at org.apache.ratis.thirdparty.io.grpc.internal.SerializingExecutor.run(SerializingExecutor.java:123)
	at java.util.concurrent.ThreadPoolExecutor.runWorker(ThreadPoolExecutor.java:1149)
	at java.util.concurrent.ThreadPoolExecutor$Worker.run(ThreadPoolExecutor.java:624)
	at java.lang.Thread.run(Thread.java:748)

Sep 05, 2019 11:09:48 AM org.apache.ratis.thirdparty.io.grpc.internal.SerializingExecutor run
SEVERE: Exception while executing runnable org.apache.ratis.thirdparty.io.grpc.internal.ServerImpl$JumpToApplicationThreadServerStreamListener$1Closed@760fb4f
org.apache.ratis.thirdparty.io.grpc.StatusRuntimeException: CANCELLED: call already cancelled
	at org.apache.ratis.thirdparty.io.grpc.Status.asRuntimeException(Status.java:517)
	at org.apache.ratis.thirdparty.io.grpc.stub.ServerCalls$ServerCallStreamObserverImpl.onCompleted(ServerCalls.java:356)
	at org.apache.ratis.grpc.server.GrpcServerProtocolService$ServerRequestStreamObserver.onError(GrpcServerProtocolService.java:121)
	at org.apache.ratis.thirdparty.io.grpc.stub.ServerCalls$StreamingServerCallHandler$StreamingServerCallListener.onCancel(ServerCalls.java:269)
	at org.apache.ratis.thirdparty.io.grpc.internal.ServerCallImpl$ServerStreamListenerImpl.closed(ServerCallImpl.java:293)
	at org.apache.ratis.thirdparty.io.grpc.internal.ServerImpl$JumpToApplicationThreadServerStreamListener$1Closed.runInContext(ServerImpl.java:741)
	at org.apache.ratis.thirdparty.io.grpc.internal.ContextRunnable.run(ContextRunnable.java:37)
	at org.apache.ratis.thirdparty.io.grpc.internal.SerializingExecutor.run(SerializingExecutor.java:123)
	at java.util.concurrent.ThreadPoolExecutor.runWorker(ThreadPoolExecutor.java:1149)
	at java.util.concurrent.ThreadPoolExecutor$Worker.run(ThreadPoolExecutor.java:624)
	at java.lang.Thread.run(Thread.java:748)

]]></system-err>
  </testcase>
  <testcase name="testExceptionDuringClose" classname="org.apache.hadoop.ozone.client.rpc.TestBlockOutputStreamWithFailures" time="67.068"/>
</testsuite>