<?xml version="1.0" encoding="UTF-8"?>
<testsuite xmlns:xsi="http://www.w3.org/2001/XMLSchema-instance" xsi:noNamespaceSchemaLocation="https://maven.apache.org/surefire/maven-surefire-plugin/xsd/surefire-test-report.xsd" name="org.apache.hadoop.ozone.freon.TestRandomKeyGenerator" time="146.032" tests="5" errors="1" skipped="0" failures="0">
  <properties>
    <property name="awt.toolkit" value="sun.awt.X11.XToolkit"/>
    <property name="file.encoding.pkg" value="sun.io"/>
    <property name="java.specification.version" value="1.8"/>
    <property name="sun.cpu.isalist" value=""/>
    <property name="sun.jnu.encoding" value="UTF-8"/>
    <property name="java.class.path" value="/workdir/hadoop-ozone/tools/target/test-classes:/workdir/hadoop-ozone/tools/target/classes:/workdir/hadoop-ozone/ozone-manager/target/classes:/workdir/hadoop-hdds/docs/target/classes:/home/user/.m2/repository/org/bouncycastle/bcprov-jdk15on/1.60/bcprov-jdk15on-1.60.jar:/workdir/hadoop-ozone/common/target/classes:/home/user/.m2/repository/org/apache/commons/commons-compress/1.4.1/commons-compress-1.4.1.jar:/home/user/.m2/repository/org/tukaani/xz/1.0/xz-1.0.jar:/home/user/.m2/repository/org/apache/hadoop/hadoop-hdfs-client/3.2.0/hadoop-hdfs-client-3.2.0.jar:/home/user/.m2/repository/com/fasterxml/jackson/core/jackson-annotations/2.9.5/jackson-annotations-2.9.5.jar:/workdir/hadoop-hdds/common/target/classes:/workdir/hadoop-hdds/config/target/classes:/home/user/.m2/repository/javax/annotation/javax.annotation-api/1.2/javax.annotation-api-1.2.jar:/home/user/.m2/repository/org/apache/ratis/ratis-server/0.4.0-2337318-SNAPSHOT/ratis-server-0.4.0-2337318-SNAPSHOT.jar:/home/user/.m2/repository/org/apache/ratis/ratis-thirdparty-misc/0.2.0/ratis-thirdparty-misc-0.2.0.jar:/home/user/.m2/repository/org/apache/ratis/ratis-proto/0.4.0-2337318-SNAPSHOT/ratis-proto-0.4.0-2337318-SNAPSHOT.jar:/home/user/.m2/repository/org/apache/ratis/ratis-common/0.4.0-2337318-SNAPSHOT/ratis-common-0.4.0-2337318-SNAPSHOT.jar:/home/user/.m2/repository/org/apache/ratis/ratis-client/0.4.0-2337318-SNAPSHOT/ratis-client-0.4.0-2337318-SNAPSHOT.jar:/home/user/.m2/repository/org/apache/ratis/ratis-metrics/0.4.0-2337318-SNAPSHOT/ratis-metrics-0.4.0-2337318-SNAPSHOT.jar:/home/user/.m2/repository/org/apache/ratis/ratis-netty/0.4.0-2337318-SNAPSHOT/ratis-netty-0.4.0-2337318-SNAPSHOT.jar:/home/user/.m2/repository/org/apache/ratis/ratis-grpc/0.4.0-2337318-SNAPSHOT/ratis-grpc-0.4.0-2337318-SNAPSHOT.jar:/home/user/.m2/repository/org/rocksdb/rocksdbjni/6.0.1/rocksdbjni-6.0.1.jar:/home/user/.m2/repository/org/apache/logging/log4j/log4j-api/2.11.0/log4j-api-2.11.0.jar:/home/user/.m2/repository/org/apache/logging/log4j/log4j-core/2.11.0/log4j-core-2.11.0.jar:/home/user/.m2/repository/com/lmax/disruptor/3.4.2/disruptor-3.4.2.jar:/home/user/.m2/repository/org/apache/commons/commons-pool2/2.6.0/commons-pool2-2.6.0.jar:/home/user/.m2/repository/org/bouncycastle/bcpkix-jdk15on/1.60/bcpkix-jdk15on-1.60.jar:/home/user/.m2/repository/commons-validator/commons-validator/1.6/commons-validator-1.6.jar:/home/user/.m2/repository/commons-digester/commons-digester/1.8.1/commons-digester-1.8.1.jar:/home/user/.m2/repository/io/jaegertracing/jaeger-client/0.33.1/jaeger-client-0.33.1.jar:/home/user/.m2/repository/io/jaegertracing/jaeger-thrift/0.33.1/jaeger-thrift-0.33.1.jar:/home/user/.m2/repository/org/apache/thrift/libthrift/0.11.0/libthrift-0.11.0.jar:/home/user/.m2/repository/com/squareup/okhttp3/okhttp/3.9.0/okhttp-3.9.0.jar:/home/user/.m2/repository/com/squareup/okio/okio/1.13.0/okio-1.13.0.jar:/home/user/.m2/repository/io/jaegertracing/jaeger-core/0.33.1/jaeger-core-0.33.1.jar:/home/user/.m2/repository/io/jaegertracing/jaeger-tracerresolver/0.33.1/jaeger-tracerresolver-0.33.1.jar:/home/user/.m2/repository/io/opentracing/contrib/opentracing-tracerresolver/0.1.5/opentracing-tracerresolver-0.1.5.jar:/home/user/.m2/repository/io/opentracing/opentracing-util/0.31.0/opentracing-util-0.31.0.jar:/home/user/.m2/repository/io/opentracing/opentracing-api/0.31.0/opentracing-api-0.31.0.jar:/home/user/.m2/repository/io/opentracing/opentracing-noop/0.31.0/opentracing-noop-0.31.0.jar:/home/user/.m2/repository/org/yaml/snakeyaml/1.16/snakeyaml-1.16.jar:/workdir/hadoop-hdds/container-service/target/classes:/workdir/hadoop-hdds/client/target/classes:/workdir/hadoop-hdds/tools/target/classes:/home/user/.m2/repository/org/xerial/sqlite-jdbc/3.25.2/sqlite-jdbc-3.25.2.jar:/workdir/hadoop-hdds/server-scm/target/classes:/home/user/.m2/repository/org/hamcrest/hamcrest-all/1.3/hamcrest-all-1.3.jar:/home/user/.m2/repository/info/picocli/picocli/3.9.6/picocli-3.9.6.jar:/home/user/.m2/repository/com/google/protobuf/protobuf-java/2.5.0/protobuf-java-2.5.0.jar:/home/user/.m2/repository/com/google/guava/guava/11.0.2/guava-11.0.2.jar:/workdir/hadoop-ozone/client/target/classes:/home/user/.m2/repository/org/apache/hadoop/hadoop-ozone-filesystem/0.4.1-SNAPSHOT/hadoop-ozone-filesystem-0.4.1-SNAPSHOT.jar:/workdir/hadoop-hdds/framework/target/classes:/home/user/.m2/repository/org/apache/hadoop/hadoop-common/3.2.0/hadoop-common-3.2.0.jar:/home/user/.m2/repository/org/apache/hadoop/hadoop-annotations/3.2.0/hadoop-annotations-3.2.0.jar:/usr/lib/jvm/java-1.8-openjdk/jre/../lib/tools.jar:/home/user/.m2/repository/commons-cli/commons-cli/1.2/commons-cli-1.2.jar:/home/user/.m2/repository/org/apache/commons/commons-math3/3.1.1/commons-math3-3.1.1.jar:/home/user/.m2/repository/org/apache/httpcomponents/httpclient/4.5.2/httpclient-4.5.2.jar:/home/user/.m2/repository/org/apache/httpcomponents/httpcore/4.4.4/httpcore-4.4.4.jar:/home/user/.m2/repository/commons-codec/commons-codec/1.11/commons-codec-1.11.jar:/home/user/.m2/repository/commons-io/commons-io/2.5/commons-io-2.5.jar:/home/user/.m2/repository/commons-net/commons-net/3.6/commons-net-3.6.jar:/home/user/.m2/repository/commons-collections/commons-collections/3.2.2/commons-collections-3.2.2.jar:/home/user/.m2/repository/javax/servlet/javax.servlet-api/3.1.0/javax.servlet-api-3.1.0.jar:/home/user/.m2/repository/org/eclipse/jetty/jetty-server/9.3.24.v20180605/jetty-server-9.3.24.v20180605.jar:/home/user/.m2/repository/org/eclipse/jetty/jetty-http/9.3.24.v20180605/jetty-http-9.3.24.v20180605.jar:/home/user/.m2/repository/org/eclipse/jetty/jetty-io/9.3.24.v20180605/jetty-io-9.3.24.v20180605.jar:/home/user/.m2/repository/org/eclipse/jetty/jetty-util/9.3.24.v20180605/jetty-util-9.3.24.v20180605.jar:/home/user/.m2/repository/org/eclipse/jetty/jetty-servlet/9.3.24.v20180605/jetty-servlet-9.3.24.v20180605.jar:/home/user/.m2/repository/org/eclipse/jetty/jetty-security/9.3.24.v20180605/jetty-security-9.3.24.v20180605.jar:/home/user/.m2/repository/org/eclipse/jetty/jetty-webapp/9.3.24.v20180605/jetty-webapp-9.3.24.v20180605.jar:/home/user/.m2/repository/org/eclipse/jetty/jetty-xml/9.3.24.v20180605/jetty-xml-9.3.24.v20180605.jar:/home/user/.m2/repository/javax/servlet/jsp/jsp-api/2.1/jsp-api-2.1.jar:/home/user/.m2/repository/com/sun/jersey/jersey-core/1.19/jersey-core-1.19.jar:/home/user/.m2/repository/javax/ws/rs/jsr311-api/1.1.1/jsr311-api-1.1.1.jar:/home/user/.m2/repository/com/sun/jersey/jersey-servlet/1.19/jersey-servlet-1.19.jar:/home/user/.m2/repository/com/sun/jersey/jersey-json/1.19/jersey-json-1.19.jar:/home/user/.m2/repository/org/codehaus/jettison/jettison/1.1/jettison-1.1.jar:/home/user/.m2/repository/com/sun/xml/bind/jaxb-impl/2.3.0.1/jaxb-impl-2.3.0.1.jar:/home/user/.m2/repository/org/codehaus/jackson/jackson-core-asl/1.9.13/jackson-core-asl-1.9.13.jar:/home/user/.m2/repository/org/codehaus/jackson/jackson-mapper-asl/1.9.13/jackson-mapper-asl-1.9.13.jar:/home/user/.m2/repository/org/codehaus/jackson/jackson-jaxrs/1.9.13/jackson-jaxrs-1.9.13.jar:/home/user/.m2/repository/org/codehaus/jackson/jackson-xc/1.9.13/jackson-xc-1.9.13.jar:/home/user/.m2/repository/com/sun/jersey/jersey-server/1.19/jersey-server-1.19.jar:/home/user/.m2/repository/commons-logging/commons-logging/1.1.3/commons-logging-1.1.3.jar:/home/user/.m2/repository/log4j/log4j/1.2.17/log4j-1.2.17.jar:/home/user/.m2/repository/commons-beanutils/commons-beanutils/1.9.3/commons-beanutils-1.9.3.jar:/home/user/.m2/repository/org/apache/commons/commons-configuration2/2.1.1/commons-configuration2-2.1.1.jar:/home/user/.m2/repository/org/apache/commons/commons-lang3/3.7/commons-lang3-3.7.jar:/home/user/.m2/repository/org/apache/commons/commons-text/1.4/commons-text-1.4.jar:/home/user/.m2/repository/org/slf4j/slf4j-api/1.7.25/slf4j-api-1.7.25.jar:/home/user/.m2/repository/org/slf4j/slf4j-log4j12/1.7.25/slf4j-log4j12-1.7.25.jar:/home/user/.m2/repository/org/apache/avro/avro/1.7.7/avro-1.7.7.jar:/home/user/.m2/repository/com/thoughtworks/paranamer/paranamer/2.3/paranamer-2.3.jar:/home/user/.m2/repository/org/xerial/snappy/snappy-java/1.0.5/snappy-java-1.0.5.jar:/home/user/.m2/repository/com/google/re2j/re2j/1.1/re2j-1.1.jar:/home/user/.m2/repository/com/google/code/gson/gson/2.2.4/gson-2.2.4.jar:/home/user/.m2/repository/org/apache/hadoop/hadoop-auth/3.2.0/hadoop-auth-3.2.0.jar:/home/user/.m2/repository/com/nimbusds/nimbus-jose-jwt/4.41.1/nimbus-jose-jwt-4.41.1.jar:/home/user/.m2/repository/com/github/stephenc/jcip/jcip-annotations/1.0-1/jcip-annotations-1.0-1.jar:/home/user/.m2/repository/net/minidev/json-smart/2.3/json-smart-2.3.jar:/home/user/.m2/repository/net/minidev/accessors-smart/1.2/accessors-smart-1.2.jar:/home/user/.m2/repository/org/apache/curator/curator-framework/2.12.0/curator-framework-2.12.0.jar:/home/user/.m2/repository/com/jcraft/jsch/0.1.54/jsch-0.1.54.jar:/home/user/.m2/repository/org/apache/curator/curator-client/2.12.0/curator-client-2.12.0.jar:/home/user/.m2/repository/org/apache/curator/curator-recipes/2.12.0/curator-recipes-2.12.0.jar:/home/user/.m2/repository/com/google/code/findbugs/jsr305/3.0.0/jsr305-3.0.0.jar:/home/user/.m2/repository/org/apache/htrace/htrace-core4/4.1.0-incubating/htrace-core4-4.1.0-incubating.jar:/home/user/.m2/repository/org/apache/zookeeper/zookeeper/3.4.13/zookeeper-3.4.13.jar:/home/user/.m2/repository/org/apache/yetus/audience-annotations/0.5.0/audience-annotations-0.5.0.jar:/home/user/.m2/repository/org/apache/kerby/kerb-simplekdc/1.0.1/kerb-simplekdc-1.0.1.jar:/home/user/.m2/repository/org/apache/kerby/kerb-client/1.0.1/kerb-client-1.0.1.jar:/home/user/.m2/repository/org/apache/kerby/kerby-config/1.0.1/kerby-config-1.0.1.jar:/home/user/.m2/repository/org/apache/kerby/kerb-core/1.0.1/kerb-core-1.0.1.jar:/home/user/.m2/repository/org/apache/kerby/kerby-pkix/1.0.1/kerby-pkix-1.0.1.jar:/home/user/.m2/repository/org/apache/kerby/kerby-asn1/1.0.1/kerby-asn1-1.0.1.jar:/home/user/.m2/repository/org/apache/kerby/kerby-util/1.0.1/kerby-util-1.0.1.jar:/home/user/.m2/repository/org/apache/kerby/kerb-common/1.0.1/kerb-common-1.0.1.jar:/home/user/.m2/repository/org/apache/kerby/kerb-crypto/1.0.1/kerb-crypto-1.0.1.jar:/home/user/.m2/repository/org/apache/kerby/kerb-util/1.0.1/kerb-util-1.0.1.jar:/home/user/.m2/repository/org/apache/kerby/token-provider/1.0.1/token-provider-1.0.1.jar:/home/user/.m2/repository/org/apache/kerby/kerb-admin/1.0.1/kerb-admin-1.0.1.jar:/home/user/.m2/repository/org/apache/kerby/kerb-server/1.0.1/kerb-server-1.0.1.jar:/home/user/.m2/repository/org/apache/kerby/kerb-identity/1.0.1/kerb-identity-1.0.1.jar:/home/user/.m2/repository/org/apache/kerby/kerby-xdr/1.0.1/kerby-xdr-1.0.1.jar:/home/user/.m2/repository/com/fasterxml/jackson/core/jackson-databind/2.9.5/jackson-databind-2.9.5.jar:/home/user/.m2/repository/com/fasterxml/jackson/core/jackson-core/2.9.5/jackson-core-2.9.5.jar:/home/user/.m2/repository/org/codehaus/woodstox/stax2-api/3.1.4/stax2-api-3.1.4.jar:/home/user/.m2/repository/com/fasterxml/woodstox/woodstox-core/5.0.3/woodstox-core-5.0.3.jar:/home/user/.m2/repository/dnsjava/dnsjava/2.1.7/dnsjava-2.1.7.jar:/home/user/.m2/repository/org/apache/hadoop/hadoop-hdfs/3.2.0/hadoop-hdfs-3.2.0.jar:/home/user/.m2/repository/org/eclipse/jetty/jetty-util-ajax/9.3.24.v20180605/jetty-util-ajax-9.3.24.v20180605.jar:/home/user/.m2/repository/commons-daemon/commons-daemon/1.0.13/commons-daemon-1.0.13.jar:/home/user/.m2/repository/io/netty/netty/3.10.5.Final/netty-3.10.5.Final.jar:/home/user/.m2/repository/io/netty/netty-all/4.0.52.Final/netty-all-4.0.52.Final.jar:/home/user/.m2/repository/org/fusesource/leveldbjni/leveldbjni-all/1.8/leveldbjni-all-1.8.jar:/home/user/.m2/repository/com/sun/xml/bind/jaxb-core/2.3.0.1/jaxb-core-2.3.0.1.jar:/home/user/.m2/repository/javax/xml/bind/jaxb-api/2.3.0/jaxb-api-2.3.0.jar:/home/user/.m2/repository/javax/activation/activation/1.1.1/activation-1.1.1.jar:/home/user/.m2/repository/io/dropwizard/metrics/metrics-core/3.2.4/metrics-core-3.2.4.jar:/home/user/.m2/repository/org/openjdk/jmh/jmh-core/1.19/jmh-core-1.19.jar:/home/user/.m2/repository/net/sf/jopt-simple/jopt-simple/4.6/jopt-simple-4.6.jar:/home/user/.m2/repository/org/openjdk/jmh/jmh-generator-annprocess/1.19/jmh-generator-annprocess-1.19.jar:/home/user/.m2/repository/com/google/code/findbugs/findbugs/3.0.1/findbugs-3.0.1.jar:/home/user/.m2/repository/net/jcip/jcip-annotations/1.0/jcip-annotations-1.0.jar:/home/user/.m2/repository/com/google/code/findbugs/bcel-findbugs/6.0/bcel-findbugs-6.0.jar:/home/user/.m2/repository/com/google/code/findbugs/jFormatString/2.0.1/jFormatString-2.0.1.jar:/home/user/.m2/repository/dom4j/dom4j/1.6.1/dom4j-1.6.1.jar:/home/user/.m2/repository/xml-apis/xml-apis/1.0.b2/xml-apis-1.0.b2.jar:/home/user/.m2/repository/org/ow2/asm/asm-debug-all/5.0.2/asm-debug-all-5.0.2.jar:/home/user/.m2/repository/org/ow2/asm/asm-commons/5.0.2/asm-commons-5.0.2.jar:/home/user/.m2/repository/org/ow2/asm/asm-tree/5.0.2/asm-tree-5.0.2.jar:/home/user/.m2/repository/org/ow2/asm/asm/5.0.4/asm-5.0.4.jar:/home/user/.m2/repository/commons-lang/commons-lang/2.6/commons-lang-2.6.jar:/home/user/.m2/repository/com/apple/AppleJavaExtensions/1.4/AppleJavaExtensions-1.4.jar:/home/user/.m2/repository/jaxen/jaxen/1.1.6/jaxen-1.1.6.jar:/home/user/.m2/repository/junit/junit/4.11/junit-4.11.jar:/home/user/.m2/repository/org/hamcrest/hamcrest-core/1.3/hamcrest-core-1.3.jar:/home/user/.m2/repository/org/apache/hadoop/hadoop-common/3.2.0/hadoop-common-3.2.0-tests.jar:/home/user/.m2/repository/org/apache/hadoop/hadoop-ozone-integration-test/0.4.1-SNAPSHOT/hadoop-ozone-integration-test-0.4.1-SNAPSHOT-tests.jar:/workdir/hadoop-ozone/objectstore-service/target/classes:/workdir/hadoop-ozone/s3gateway/target/classes:/home/user/.m2/repository/org/jboss/weld/servlet/weld-servlet/2.4.7.Final/weld-servlet-2.4.7.Final.jar:/home/user/.m2/repository/org/glassfish/jersey/containers/jersey-container-servlet-core/2.27/jersey-container-servlet-core-2.27.jar:/home/user/.m2/repository/org/glassfish/hk2/external/javax.inject/2.5.0-b42/javax.inject-2.5.0-b42.jar:/home/user/.m2/repository/org/glassfish/jersey/core/jersey-common/2.27/jersey-common-2.27.jar:/home/user/.m2/repository/org/glassfish/hk2/osgi-resource-locator/1.0.1/osgi-resource-locator-1.0.1.jar:/home/user/.m2/repository/javax/ws/rs/javax.ws.rs-api/2.1/javax.ws.rs-api-2.1.jar:/home/user/.m2/repository/org/glassfish/jersey/ext/cdi/jersey-cdi1x/2.27/jersey-cdi1x-2.27.jar:/home/user/.m2/repository/org/glassfish/jersey/inject/jersey-hk2/2.27/jersey-hk2-2.27.jar:/home/user/.m2/repository/org/glassfish/hk2/hk2-locator/2.5.0-b42/hk2-locator-2.5.0-b42.jar:/home/user/.m2/repository/org/javassist/javassist/3.22.0-CR2/javassist-3.22.0-CR2.jar:/home/user/.m2/repository/org/glassfish/hk2/hk2-api/2.5.0/hk2-api-2.5.0.jar:/home/user/.m2/repository/org/glassfish/hk2/external/jakarta.inject/2.5.0/jakarta.inject-2.5.0.jar:/home/user/.m2/repository/org/glassfish/hk2/hk2-utils/2.5.0/hk2-utils-2.5.0.jar:/home/user/.m2/repository/jakarta/annotation/jakarta.annotation-api/1.3.4/jakarta.annotation-api-1.3.4.jar:/home/user/.m2/repository/org/glassfish/hk2/external/aopalliance-repackaged/2.5.0/aopalliance-repackaged-2.5.0.jar:/home/user/.m2/repository/com/fasterxml/jackson/dataformat/jackson-dataformat-xml/2.9.0/jackson-dataformat-xml-2.9.0.jar:/home/user/.m2/repository/com/fasterxml/jackson/module/jackson-module-jaxb-annotations/2.9.5/jackson-module-jaxb-annotations-2.9.5.jar:/home/user/.m2/repository/javax/enterprise/cdi-api/1.2/cdi-api-1.2.jar:/home/user/.m2/repository/javax/el/javax.el-api/3.0.0/javax.el-api-3.0.0.jar:/home/user/.m2/repository/javax/interceptor/javax.interceptor-api/1.2/javax.interceptor-api-1.2.jar:/home/user/.m2/repository/javax/inject/javax.inject/1/javax.inject-1.jar:/workdir/hadoop-ozone/csi/target/classes:/home/user/.m2/repository/com/google/protobuf/protobuf-java-util/3.5.1/protobuf-java-util-3.5.1.jar:/home/user/.m2/repository/io/grpc/grpc-netty/1.17.1/grpc-netty-1.17.1.jar:/home/user/.m2/repository/io/grpc/grpc-core/1.17.1/grpc-core-1.17.1.jar:/home/user/.m2/repository/io/grpc/grpc-context/1.17.1/grpc-context-1.17.1.jar:/home/user/.m2/repository/com/google/errorprone/error_prone_annotations/2.2.0/error_prone_annotations-2.2.0.jar:/home/user/.m2/repository/org/codehaus/mojo/animal-sniffer-annotations/1.17/animal-sniffer-annotations-1.17.jar:/home/user/.m2/repository/io/opencensus/opencensus-api/0.17.0/opencensus-api-0.17.0.jar:/home/user/.m2/repository/io/opencensus/opencensus-contrib-grpc-metrics/0.17.0/opencensus-contrib-grpc-metrics-0.17.0.jar:/home/user/.m2/repository/io/netty/netty-codec-http2/4.1.30.Final/netty-codec-http2-4.1.30.Final.jar:/home/user/.m2/repository/io/netty/netty-codec-http/4.1.30.Final/netty-codec-http-4.1.30.Final.jar:/home/user/.m2/repository/io/netty/netty-codec/4.1.30.Final/netty-codec-4.1.30.Final.jar:/home/user/.m2/repository/io/netty/netty-handler/4.1.30.Final/netty-handler-4.1.30.Final.jar:/home/user/.m2/repository/io/netty/netty-handler-proxy/4.1.30.Final/netty-handler-proxy-4.1.30.Final.jar:/home/user/.m2/repository/io/netty/netty-codec-socks/4.1.30.Final/netty-codec-socks-4.1.30.Final.jar:/home/user/.m2/repository/io/netty/netty-transport-native-epoll/4.1.30.Final/netty-transport-native-epoll-4.1.30.Final.jar:/home/user/.m2/repository/io/netty/netty-common/4.1.30.Final/netty-common-4.1.30.Final.jar:/home/user/.m2/repository/io/netty/netty-buffer/4.1.30.Final/netty-buffer-4.1.30.Final.jar:/home/user/.m2/repository/io/netty/netty-transport/4.1.30.Final/netty-transport-4.1.30.Final.jar:/home/user/.m2/repository/io/netty/netty-resolver/4.1.30.Final/netty-resolver-4.1.30.Final.jar:/home/user/.m2/repository/io/netty/netty-transport-native-unix-common/4.1.30.Final/netty-transport-native-unix-common-4.1.30.Final.jar:/home/user/.m2/repository/io/grpc/grpc-protobuf/1.17.1/grpc-protobuf-1.17.1.jar:/home/user/.m2/repository/com/google/api/grpc/proto-google-common-protos/1.0.0/proto-google-common-protos-1.0.0.jar:/home/user/.m2/repository/io/grpc/grpc-protobuf-lite/1.17.1/grpc-protobuf-lite-1.17.1.jar:/home/user/.m2/repository/io/grpc/grpc-stub/1.17.1/grpc-stub-1.17.1.jar:/workdir/hadoop-ozone/ozone-recon/target/classes:/workdir/hadoop-ozone/ozone-recon-codegen/target/classes:/home/user/.m2/repository/com/google/inject/extensions/guice-multibindings/4.0/guice-multibindings-4.0.jar:/home/user/.m2/repository/com/google/inject/guice/4.0/guice-4.0.jar:/home/user/.m2/repository/aopalliance/aopalliance/1.0/aopalliance-1.0.jar:/home/user/.m2/repository/com/google/inject/extensions/guice-servlet/4.0/guice-servlet-4.0.jar:/home/user/.m2/repository/org/glassfish/jersey/containers/jersey-container-servlet/2.27/jersey-container-servlet-2.27.jar:/home/user/.m2/repository/org/glassfish/hk2/guice-bridge/2.5.0/guice-bridge-2.5.0.jar:/home/user/.m2/repository/org/glassfish/jersey/core/jersey-server/2.27/jersey-server-2.27.jar:/home/user/.m2/repository/org/glassfish/jersey/core/jersey-client/2.27/jersey-client-2.27.jar:/home/user/.m2/repository/org/glassfish/jersey/media/jersey-media-jaxb/2.27/jersey-media-jaxb-2.27.jar:/home/user/.m2/repository/javax/validation/validation-api/1.1.0.Final/validation-api-1.1.0.Final.jar:/home/user/.m2/repository/org/glassfish/jersey/media/jersey-media-json-jackson/2.27/jersey-media-json-jackson-2.27.jar:/home/user/.m2/repository/org/glassfish/jersey/ext/jersey-entity-filtering/2.27/jersey-entity-filtering-2.27.jar:/home/user/.m2/repository/com/google/inject/extensions/guice-assistedinject/4.0/guice-assistedinject-4.0.jar:/home/user/.m2/repository/org/jooq/jooq/3.11.10/jooq-3.11.10.jar:/home/user/.m2/repository/org/jooq/jooq-meta/3.11.10/jooq-meta-3.11.10.jar:/home/user/.m2/repository/org/jooq/jooq-codegen/3.11.10/jooq-codegen-3.11.10.jar:/home/user/.m2/repository/com/jolbox/bonecp/0.8.0.RELEASE/bonecp-0.8.0.RELEASE.jar:/home/user/.m2/repository/org/springframework/spring-jdbc/5.1.3.RELEASE/spring-jdbc-5.1.3.RELEASE.jar:/home/user/.m2/repository/org/springframework/spring-beans/5.1.3.RELEASE/spring-beans-5.1.3.RELEASE.jar:/home/user/.m2/repository/org/springframework/spring-core/5.1.3.RELEASE/spring-core-5.1.3.RELEASE.jar:/home/user/.m2/repository/org/springframework/spring-jcl/5.1.3.RELEASE/spring-jcl-5.1.3.RELEASE.jar:/home/user/.m2/repository/org/springframework/spring-tx/5.1.3.RELEASE/spring-tx-5.1.3.RELEASE.jar:/home/user/.m2/repository/org/mockito/mockito-core/2.15.0/mockito-core-2.15.0.jar:/home/user/.m2/repository/net/bytebuddy/byte-buddy/1.7.9/byte-buddy-1.7.9.jar:/home/user/.m2/repository/net/bytebuddy/byte-buddy-agent/1.7.9/byte-buddy-agent-1.7.9.jar:/home/user/.m2/repository/org/objenesis/objenesis/1.0/objenesis-1.0.jar:"/>
    <property name="java.vm.vendor" value="IcedTea"/>
    <property name="sun.arch.data.model" value="64"/>
    <property name="test.build.dir" value="/workdir/hadoop-ozone/tools/target/test-dir"/>
    <property name="test.cache.data" value=""/>
    <property name="java.vendor.url" value="https://icedtea.classpath.org"/>
    <property name="user.timezone" value=""/>
    <property name="java.vm.specification.version" value="1.8"/>
    <property name="os.name" value="Linux"/>
    <property name="test.build.data" value="/workdir/hadoop-ozone/tools/target/test-dir"/>
    <property name="user.country" value="US"/>
    <property name="sun.java.launcher" value="SUN_STANDARD"/>
    <property name="sun.boot.library.path" value="/usr/lib/jvm/java-1.8-openjdk/jre/lib/amd64"/>
    <property name="sun.java.command" value="/workdir/hadoop-ozone/tools/target/surefire/surefirebooter3878193494792239730.jar /workdir/hadoop-ozone/tools/target/surefire 2019-08-07T03-12-59_077-jvmRun1 surefire8695388165958801171tmp surefire_1135947596836665346540tmp"/>
    <property name="surefire.test.class.path" value="/workdir/hadoop-ozone/tools/target/test-classes:/workdir/hadoop-ozone/tools/target/classes:/workdir/hadoop-ozone/ozone-manager/target/classes:/workdir/hadoop-hdds/docs/target/classes:/home/user/.m2/repository/org/bouncycastle/bcprov-jdk15on/1.60/bcprov-jdk15on-1.60.jar:/workdir/hadoop-ozone/common/target/classes:/home/user/.m2/repository/org/apache/commons/commons-compress/1.4.1/commons-compress-1.4.1.jar:/home/user/.m2/repository/org/tukaani/xz/1.0/xz-1.0.jar:/home/user/.m2/repository/org/apache/hadoop/hadoop-hdfs-client/3.2.0/hadoop-hdfs-client-3.2.0.jar:/home/user/.m2/repository/com/fasterxml/jackson/core/jackson-annotations/2.9.5/jackson-annotations-2.9.5.jar:/workdir/hadoop-hdds/common/target/classes:/workdir/hadoop-hdds/config/target/classes:/home/user/.m2/repository/javax/annotation/javax.annotation-api/1.2/javax.annotation-api-1.2.jar:/home/user/.m2/repository/org/apache/ratis/ratis-server/0.4.0-2337318-SNAPSHOT/ratis-server-0.4.0-2337318-SNAPSHOT.jar:/home/user/.m2/repository/org/apache/ratis/ratis-thirdparty-misc/0.2.0/ratis-thirdparty-misc-0.2.0.jar:/home/user/.m2/repository/org/apache/ratis/ratis-proto/0.4.0-2337318-SNAPSHOT/ratis-proto-0.4.0-2337318-SNAPSHOT.jar:/home/user/.m2/repository/org/apache/ratis/ratis-common/0.4.0-2337318-SNAPSHOT/ratis-common-0.4.0-2337318-SNAPSHOT.jar:/home/user/.m2/repository/org/apache/ratis/ratis-client/0.4.0-2337318-SNAPSHOT/ratis-client-0.4.0-2337318-SNAPSHOT.jar:/home/user/.m2/repository/org/apache/ratis/ratis-metrics/0.4.0-2337318-SNAPSHOT/ratis-metrics-0.4.0-2337318-SNAPSHOT.jar:/home/user/.m2/repository/org/apache/ratis/ratis-netty/0.4.0-2337318-SNAPSHOT/ratis-netty-0.4.0-2337318-SNAPSHOT.jar:/home/user/.m2/repository/org/apache/ratis/ratis-grpc/0.4.0-2337318-SNAPSHOT/ratis-grpc-0.4.0-2337318-SNAPSHOT.jar:/home/user/.m2/repository/org/rocksdb/rocksdbjni/6.0.1/rocksdbjni-6.0.1.jar:/home/user/.m2/repository/org/apache/logging/log4j/log4j-api/2.11.0/log4j-api-2.11.0.jar:/home/user/.m2/repository/org/apache/logging/log4j/log4j-core/2.11.0/log4j-core-2.11.0.jar:/home/user/.m2/repository/com/lmax/disruptor/3.4.2/disruptor-3.4.2.jar:/home/user/.m2/repository/org/apache/commons/commons-pool2/2.6.0/commons-pool2-2.6.0.jar:/home/user/.m2/repository/org/bouncycastle/bcpkix-jdk15on/1.60/bcpkix-jdk15on-1.60.jar:/home/user/.m2/repository/commons-validator/commons-validator/1.6/commons-validator-1.6.jar:/home/user/.m2/repository/commons-digester/commons-digester/1.8.1/commons-digester-1.8.1.jar:/home/user/.m2/repository/io/jaegertracing/jaeger-client/0.33.1/jaeger-client-0.33.1.jar:/home/user/.m2/repository/io/jaegertracing/jaeger-thrift/0.33.1/jaeger-thrift-0.33.1.jar:/home/user/.m2/repository/org/apache/thrift/libthrift/0.11.0/libthrift-0.11.0.jar:/home/user/.m2/repository/com/squareup/okhttp3/okhttp/3.9.0/okhttp-3.9.0.jar:/home/user/.m2/repository/com/squareup/okio/okio/1.13.0/okio-1.13.0.jar:/home/user/.m2/repository/io/jaegertracing/jaeger-core/0.33.1/jaeger-core-0.33.1.jar:/home/user/.m2/repository/io/jaegertracing/jaeger-tracerresolver/0.33.1/jaeger-tracerresolver-0.33.1.jar:/home/user/.m2/repository/io/opentracing/contrib/opentracing-tracerresolver/0.1.5/opentracing-tracerresolver-0.1.5.jar:/home/user/.m2/repository/io/opentracing/opentracing-util/0.31.0/opentracing-util-0.31.0.jar:/home/user/.m2/repository/io/opentracing/opentracing-api/0.31.0/opentracing-api-0.31.0.jar:/home/user/.m2/repository/io/opentracing/opentracing-noop/0.31.0/opentracing-noop-0.31.0.jar:/home/user/.m2/repository/org/yaml/snakeyaml/1.16/snakeyaml-1.16.jar:/workdir/hadoop-hdds/container-service/target/classes:/workdir/hadoop-hdds/client/target/classes:/workdir/hadoop-hdds/tools/target/classes:/home/user/.m2/repository/org/xerial/sqlite-jdbc/3.25.2/sqlite-jdbc-3.25.2.jar:/workdir/hadoop-hdds/server-scm/target/classes:/home/user/.m2/repository/org/hamcrest/hamcrest-all/1.3/hamcrest-all-1.3.jar:/home/user/.m2/repository/info/picocli/picocli/3.9.6/picocli-3.9.6.jar:/home/user/.m2/repository/com/google/protobuf/protobuf-java/2.5.0/protobuf-java-2.5.0.jar:/home/user/.m2/repository/com/google/guava/guava/11.0.2/guava-11.0.2.jar:/workdir/hadoop-ozone/client/target/classes:/home/user/.m2/repository/org/apache/hadoop/hadoop-ozone-filesystem/0.4.1-SNAPSHOT/hadoop-ozone-filesystem-0.4.1-SNAPSHOT.jar:/workdir/hadoop-hdds/framework/target/classes:/home/user/.m2/repository/org/apache/hadoop/hadoop-common/3.2.0/hadoop-common-3.2.0.jar:/home/user/.m2/repository/org/apache/hadoop/hadoop-annotations/3.2.0/hadoop-annotations-3.2.0.jar:/usr/lib/jvm/java-1.8-openjdk/jre/../lib/tools.jar:/home/user/.m2/repository/commons-cli/commons-cli/1.2/commons-cli-1.2.jar:/home/user/.m2/repository/org/apache/commons/commons-math3/3.1.1/commons-math3-3.1.1.jar:/home/user/.m2/repository/org/apache/httpcomponents/httpclient/4.5.2/httpclient-4.5.2.jar:/home/user/.m2/repository/org/apache/httpcomponents/httpcore/4.4.4/httpcore-4.4.4.jar:/home/user/.m2/repository/commons-codec/commons-codec/1.11/commons-codec-1.11.jar:/home/user/.m2/repository/commons-io/commons-io/2.5/commons-io-2.5.jar:/home/user/.m2/repository/commons-net/commons-net/3.6/commons-net-3.6.jar:/home/user/.m2/repository/commons-collections/commons-collections/3.2.2/commons-collections-3.2.2.jar:/home/user/.m2/repository/javax/servlet/javax.servlet-api/3.1.0/javax.servlet-api-3.1.0.jar:/home/user/.m2/repository/org/eclipse/jetty/jetty-server/9.3.24.v20180605/jetty-server-9.3.24.v20180605.jar:/home/user/.m2/repository/org/eclipse/jetty/jetty-http/9.3.24.v20180605/jetty-http-9.3.24.v20180605.jar:/home/user/.m2/repository/org/eclipse/jetty/jetty-io/9.3.24.v20180605/jetty-io-9.3.24.v20180605.jar:/home/user/.m2/repository/org/eclipse/jetty/jetty-util/9.3.24.v20180605/jetty-util-9.3.24.v20180605.jar:/home/user/.m2/repository/org/eclipse/jetty/jetty-servlet/9.3.24.v20180605/jetty-servlet-9.3.24.v20180605.jar:/home/user/.m2/repository/org/eclipse/jetty/jetty-security/9.3.24.v20180605/jetty-security-9.3.24.v20180605.jar:/home/user/.m2/repository/org/eclipse/jetty/jetty-webapp/9.3.24.v20180605/jetty-webapp-9.3.24.v20180605.jar:/home/user/.m2/repository/org/eclipse/jetty/jetty-xml/9.3.24.v20180605/jetty-xml-9.3.24.v20180605.jar:/home/user/.m2/repository/javax/servlet/jsp/jsp-api/2.1/jsp-api-2.1.jar:/home/user/.m2/repository/com/sun/jersey/jersey-core/1.19/jersey-core-1.19.jar:/home/user/.m2/repository/javax/ws/rs/jsr311-api/1.1.1/jsr311-api-1.1.1.jar:/home/user/.m2/repository/com/sun/jersey/jersey-servlet/1.19/jersey-servlet-1.19.jar:/home/user/.m2/repository/com/sun/jersey/jersey-json/1.19/jersey-json-1.19.jar:/home/user/.m2/repository/org/codehaus/jettison/jettison/1.1/jettison-1.1.jar:/home/user/.m2/repository/com/sun/xml/bind/jaxb-impl/2.3.0.1/jaxb-impl-2.3.0.1.jar:/home/user/.m2/repository/org/codehaus/jackson/jackson-core-asl/1.9.13/jackson-core-asl-1.9.13.jar:/home/user/.m2/repository/org/codehaus/jackson/jackson-mapper-asl/1.9.13/jackson-mapper-asl-1.9.13.jar:/home/user/.m2/repository/org/codehaus/jackson/jackson-jaxrs/1.9.13/jackson-jaxrs-1.9.13.jar:/home/user/.m2/repository/org/codehaus/jackson/jackson-xc/1.9.13/jackson-xc-1.9.13.jar:/home/user/.m2/repository/com/sun/jersey/jersey-server/1.19/jersey-server-1.19.jar:/home/user/.m2/repository/commons-logging/commons-logging/1.1.3/commons-logging-1.1.3.jar:/home/user/.m2/repository/log4j/log4j/1.2.17/log4j-1.2.17.jar:/home/user/.m2/repository/commons-beanutils/commons-beanutils/1.9.3/commons-beanutils-1.9.3.jar:/home/user/.m2/repository/org/apache/commons/commons-configuration2/2.1.1/commons-configuration2-2.1.1.jar:/home/user/.m2/repository/org/apache/commons/commons-lang3/3.7/commons-lang3-3.7.jar:/home/user/.m2/repository/org/apache/commons/commons-text/1.4/commons-text-1.4.jar:/home/user/.m2/repository/org/slf4j/slf4j-api/1.7.25/slf4j-api-1.7.25.jar:/home/user/.m2/repository/org/slf4j/slf4j-log4j12/1.7.25/slf4j-log4j12-1.7.25.jar:/home/user/.m2/repository/org/apache/avro/avro/1.7.7/avro-1.7.7.jar:/home/user/.m2/repository/com/thoughtworks/paranamer/paranamer/2.3/paranamer-2.3.jar:/home/user/.m2/repository/org/xerial/snappy/snappy-java/1.0.5/snappy-java-1.0.5.jar:/home/user/.m2/repository/com/google/re2j/re2j/1.1/re2j-1.1.jar:/home/user/.m2/repository/com/google/code/gson/gson/2.2.4/gson-2.2.4.jar:/home/user/.m2/repository/org/apache/hadoop/hadoop-auth/3.2.0/hadoop-auth-3.2.0.jar:/home/user/.m2/repository/com/nimbusds/nimbus-jose-jwt/4.41.1/nimbus-jose-jwt-4.41.1.jar:/home/user/.m2/repository/com/github/stephenc/jcip/jcip-annotations/1.0-1/jcip-annotations-1.0-1.jar:/home/user/.m2/repository/net/minidev/json-smart/2.3/json-smart-2.3.jar:/home/user/.m2/repository/net/minidev/accessors-smart/1.2/accessors-smart-1.2.jar:/home/user/.m2/repository/org/apache/curator/curator-framework/2.12.0/curator-framework-2.12.0.jar:/home/user/.m2/repository/com/jcraft/jsch/0.1.54/jsch-0.1.54.jar:/home/user/.m2/repository/org/apache/curator/curator-client/2.12.0/curator-client-2.12.0.jar:/home/user/.m2/repository/org/apache/curator/curator-recipes/2.12.0/curator-recipes-2.12.0.jar:/home/user/.m2/repository/com/google/code/findbugs/jsr305/3.0.0/jsr305-3.0.0.jar:/home/user/.m2/repository/org/apache/htrace/htrace-core4/4.1.0-incubating/htrace-core4-4.1.0-incubating.jar:/home/user/.m2/repository/org/apache/zookeeper/zookeeper/3.4.13/zookeeper-3.4.13.jar:/home/user/.m2/repository/org/apache/yetus/audience-annotations/0.5.0/audience-annotations-0.5.0.jar:/home/user/.m2/repository/org/apache/kerby/kerb-simplekdc/1.0.1/kerb-simplekdc-1.0.1.jar:/home/user/.m2/repository/org/apache/kerby/kerb-client/1.0.1/kerb-client-1.0.1.jar:/home/user/.m2/repository/org/apache/kerby/kerby-config/1.0.1/kerby-config-1.0.1.jar:/home/user/.m2/repository/org/apache/kerby/kerb-core/1.0.1/kerb-core-1.0.1.jar:/home/user/.m2/repository/org/apache/kerby/kerby-pkix/1.0.1/kerby-pkix-1.0.1.jar:/home/user/.m2/repository/org/apache/kerby/kerby-asn1/1.0.1/kerby-asn1-1.0.1.jar:/home/user/.m2/repository/org/apache/kerby/kerby-util/1.0.1/kerby-util-1.0.1.jar:/home/user/.m2/repository/org/apache/kerby/kerb-common/1.0.1/kerb-common-1.0.1.jar:/home/user/.m2/repository/org/apache/kerby/kerb-crypto/1.0.1/kerb-crypto-1.0.1.jar:/home/user/.m2/repository/org/apache/kerby/kerb-util/1.0.1/kerb-util-1.0.1.jar:/home/user/.m2/repository/org/apache/kerby/token-provider/1.0.1/token-provider-1.0.1.jar:/home/user/.m2/repository/org/apache/kerby/kerb-admin/1.0.1/kerb-admin-1.0.1.jar:/home/user/.m2/repository/org/apache/kerby/kerb-server/1.0.1/kerb-server-1.0.1.jar:/home/user/.m2/repository/org/apache/kerby/kerb-identity/1.0.1/kerb-identity-1.0.1.jar:/home/user/.m2/repository/org/apache/kerby/kerby-xdr/1.0.1/kerby-xdr-1.0.1.jar:/home/user/.m2/repository/com/fasterxml/jackson/core/jackson-databind/2.9.5/jackson-databind-2.9.5.jar:/home/user/.m2/repository/com/fasterxml/jackson/core/jackson-core/2.9.5/jackson-core-2.9.5.jar:/home/user/.m2/repository/org/codehaus/woodstox/stax2-api/3.1.4/stax2-api-3.1.4.jar:/home/user/.m2/repository/com/fasterxml/woodstox/woodstox-core/5.0.3/woodstox-core-5.0.3.jar:/home/user/.m2/repository/dnsjava/dnsjava/2.1.7/dnsjava-2.1.7.jar:/home/user/.m2/repository/org/apache/hadoop/hadoop-hdfs/3.2.0/hadoop-hdfs-3.2.0.jar:/home/user/.m2/repository/org/eclipse/jetty/jetty-util-ajax/9.3.24.v20180605/jetty-util-ajax-9.3.24.v20180605.jar:/home/user/.m2/repository/commons-daemon/commons-daemon/1.0.13/commons-daemon-1.0.13.jar:/home/user/.m2/repository/io/netty/netty/3.10.5.Final/netty-3.10.5.Final.jar:/home/user/.m2/repository/io/netty/netty-all/4.0.52.Final/netty-all-4.0.52.Final.jar:/home/user/.m2/repository/org/fusesource/leveldbjni/leveldbjni-all/1.8/leveldbjni-all-1.8.jar:/home/user/.m2/repository/com/sun/xml/bind/jaxb-core/2.3.0.1/jaxb-core-2.3.0.1.jar:/home/user/.m2/repository/javax/xml/bind/jaxb-api/2.3.0/jaxb-api-2.3.0.jar:/home/user/.m2/repository/javax/activation/activation/1.1.1/activation-1.1.1.jar:/home/user/.m2/repository/io/dropwizard/metrics/metrics-core/3.2.4/metrics-core-3.2.4.jar:/home/user/.m2/repository/org/openjdk/jmh/jmh-core/1.19/jmh-core-1.19.jar:/home/user/.m2/repository/net/sf/jopt-simple/jopt-simple/4.6/jopt-simple-4.6.jar:/home/user/.m2/repository/org/openjdk/jmh/jmh-generator-annprocess/1.19/jmh-generator-annprocess-1.19.jar:/home/user/.m2/repository/com/google/code/findbugs/findbugs/3.0.1/findbugs-3.0.1.jar:/home/user/.m2/repository/net/jcip/jcip-annotations/1.0/jcip-annotations-1.0.jar:/home/user/.m2/repository/com/google/code/findbugs/bcel-findbugs/6.0/bcel-findbugs-6.0.jar:/home/user/.m2/repository/com/google/code/findbugs/jFormatString/2.0.1/jFormatString-2.0.1.jar:/home/user/.m2/repository/dom4j/dom4j/1.6.1/dom4j-1.6.1.jar:/home/user/.m2/repository/xml-apis/xml-apis/1.0.b2/xml-apis-1.0.b2.jar:/home/user/.m2/repository/org/ow2/asm/asm-debug-all/5.0.2/asm-debug-all-5.0.2.jar:/home/user/.m2/repository/org/ow2/asm/asm-commons/5.0.2/asm-commons-5.0.2.jar:/home/user/.m2/repository/org/ow2/asm/asm-tree/5.0.2/asm-tree-5.0.2.jar:/home/user/.m2/repository/org/ow2/asm/asm/5.0.4/asm-5.0.4.jar:/home/user/.m2/repository/commons-lang/commons-lang/2.6/commons-lang-2.6.jar:/home/user/.m2/repository/com/apple/AppleJavaExtensions/1.4/AppleJavaExtensions-1.4.jar:/home/user/.m2/repository/jaxen/jaxen/1.1.6/jaxen-1.1.6.jar:/home/user/.m2/repository/junit/junit/4.11/junit-4.11.jar:/home/user/.m2/repository/org/hamcrest/hamcrest-core/1.3/hamcrest-core-1.3.jar:/home/user/.m2/repository/org/apache/hadoop/hadoop-common/3.2.0/hadoop-common-3.2.0-tests.jar:/home/user/.m2/repository/org/apache/hadoop/hadoop-ozone-integration-test/0.4.1-SNAPSHOT/hadoop-ozone-integration-test-0.4.1-SNAPSHOT-tests.jar:/workdir/hadoop-ozone/objectstore-service/target/classes:/workdir/hadoop-ozone/s3gateway/target/classes:/home/user/.m2/repository/org/jboss/weld/servlet/weld-servlet/2.4.7.Final/weld-servlet-2.4.7.Final.jar:/home/user/.m2/repository/org/glassfish/jersey/containers/jersey-container-servlet-core/2.27/jersey-container-servlet-core-2.27.jar:/home/user/.m2/repository/org/glassfish/hk2/external/javax.inject/2.5.0-b42/javax.inject-2.5.0-b42.jar:/home/user/.m2/repository/org/glassfish/jersey/core/jersey-common/2.27/jersey-common-2.27.jar:/home/user/.m2/repository/org/glassfish/hk2/osgi-resource-locator/1.0.1/osgi-resource-locator-1.0.1.jar:/home/user/.m2/repository/javax/ws/rs/javax.ws.rs-api/2.1/javax.ws.rs-api-2.1.jar:/home/user/.m2/repository/org/glassfish/jersey/ext/cdi/jersey-cdi1x/2.27/jersey-cdi1x-2.27.jar:/home/user/.m2/repository/org/glassfish/jersey/inject/jersey-hk2/2.27/jersey-hk2-2.27.jar:/home/user/.m2/repository/org/glassfish/hk2/hk2-locator/2.5.0-b42/hk2-locator-2.5.0-b42.jar:/home/user/.m2/repository/org/javassist/javassist/3.22.0-CR2/javassist-3.22.0-CR2.jar:/home/user/.m2/repository/org/glassfish/hk2/hk2-api/2.5.0/hk2-api-2.5.0.jar:/home/user/.m2/repository/org/glassfish/hk2/external/jakarta.inject/2.5.0/jakarta.inject-2.5.0.jar:/home/user/.m2/repository/org/glassfish/hk2/hk2-utils/2.5.0/hk2-utils-2.5.0.jar:/home/user/.m2/repository/jakarta/annotation/jakarta.annotation-api/1.3.4/jakarta.annotation-api-1.3.4.jar:/home/user/.m2/repository/org/glassfish/hk2/external/aopalliance-repackaged/2.5.0/aopalliance-repackaged-2.5.0.jar:/home/user/.m2/repository/com/fasterxml/jackson/dataformat/jackson-dataformat-xml/2.9.0/jackson-dataformat-xml-2.9.0.jar:/home/user/.m2/repository/com/fasterxml/jackson/module/jackson-module-jaxb-annotations/2.9.5/jackson-module-jaxb-annotations-2.9.5.jar:/home/user/.m2/repository/javax/enterprise/cdi-api/1.2/cdi-api-1.2.jar:/home/user/.m2/repository/javax/el/javax.el-api/3.0.0/javax.el-api-3.0.0.jar:/home/user/.m2/repository/javax/interceptor/javax.interceptor-api/1.2/javax.interceptor-api-1.2.jar:/home/user/.m2/repository/javax/inject/javax.inject/1/javax.inject-1.jar:/workdir/hadoop-ozone/csi/target/classes:/home/user/.m2/repository/com/google/protobuf/protobuf-java-util/3.5.1/protobuf-java-util-3.5.1.jar:/home/user/.m2/repository/io/grpc/grpc-netty/1.17.1/grpc-netty-1.17.1.jar:/home/user/.m2/repository/io/grpc/grpc-core/1.17.1/grpc-core-1.17.1.jar:/home/user/.m2/repository/io/grpc/grpc-context/1.17.1/grpc-context-1.17.1.jar:/home/user/.m2/repository/com/google/errorprone/error_prone_annotations/2.2.0/error_prone_annotations-2.2.0.jar:/home/user/.m2/repository/org/codehaus/mojo/animal-sniffer-annotations/1.17/animal-sniffer-annotations-1.17.jar:/home/user/.m2/repository/io/opencensus/opencensus-api/0.17.0/opencensus-api-0.17.0.jar:/home/user/.m2/repository/io/opencensus/opencensus-contrib-grpc-metrics/0.17.0/opencensus-contrib-grpc-metrics-0.17.0.jar:/home/user/.m2/repository/io/netty/netty-codec-http2/4.1.30.Final/netty-codec-http2-4.1.30.Final.jar:/home/user/.m2/repository/io/netty/netty-codec-http/4.1.30.Final/netty-codec-http-4.1.30.Final.jar:/home/user/.m2/repository/io/netty/netty-codec/4.1.30.Final/netty-codec-4.1.30.Final.jar:/home/user/.m2/repository/io/netty/netty-handler/4.1.30.Final/netty-handler-4.1.30.Final.jar:/home/user/.m2/repository/io/netty/netty-handler-proxy/4.1.30.Final/netty-handler-proxy-4.1.30.Final.jar:/home/user/.m2/repository/io/netty/netty-codec-socks/4.1.30.Final/netty-codec-socks-4.1.30.Final.jar:/home/user/.m2/repository/io/netty/netty-transport-native-epoll/4.1.30.Final/netty-transport-native-epoll-4.1.30.Final.jar:/home/user/.m2/repository/io/netty/netty-common/4.1.30.Final/netty-common-4.1.30.Final.jar:/home/user/.m2/repository/io/netty/netty-buffer/4.1.30.Final/netty-buffer-4.1.30.Final.jar:/home/user/.m2/repository/io/netty/netty-transport/4.1.30.Final/netty-transport-4.1.30.Final.jar:/home/user/.m2/repository/io/netty/netty-resolver/4.1.30.Final/netty-resolver-4.1.30.Final.jar:/home/user/.m2/repository/io/netty/netty-transport-native-unix-common/4.1.30.Final/netty-transport-native-unix-common-4.1.30.Final.jar:/home/user/.m2/repository/io/grpc/grpc-protobuf/1.17.1/grpc-protobuf-1.17.1.jar:/home/user/.m2/repository/com/google/api/grpc/proto-google-common-protos/1.0.0/proto-google-common-protos-1.0.0.jar:/home/user/.m2/repository/io/grpc/grpc-protobuf-lite/1.17.1/grpc-protobuf-lite-1.17.1.jar:/home/user/.m2/repository/io/grpc/grpc-stub/1.17.1/grpc-stub-1.17.1.jar:/workdir/hadoop-ozone/ozone-recon/target/classes:/workdir/hadoop-ozone/ozone-recon-codegen/target/classes:/home/user/.m2/repository/com/google/inject/extensions/guice-multibindings/4.0/guice-multibindings-4.0.jar:/home/user/.m2/repository/com/google/inject/guice/4.0/guice-4.0.jar:/home/user/.m2/repository/aopalliance/aopalliance/1.0/aopalliance-1.0.jar:/home/user/.m2/repository/com/google/inject/extensions/guice-servlet/4.0/guice-servlet-4.0.jar:/home/user/.m2/repository/org/glassfish/jersey/containers/jersey-container-servlet/2.27/jersey-container-servlet-2.27.jar:/home/user/.m2/repository/org/glassfish/hk2/guice-bridge/2.5.0/guice-bridge-2.5.0.jar:/home/user/.m2/repository/org/glassfish/jersey/core/jersey-server/2.27/jersey-server-2.27.jar:/home/user/.m2/repository/org/glassfish/jersey/core/jersey-client/2.27/jersey-client-2.27.jar:/home/user/.m2/repository/org/glassfish/jersey/media/jersey-media-jaxb/2.27/jersey-media-jaxb-2.27.jar:/home/user/.m2/repository/javax/validation/validation-api/1.1.0.Final/validation-api-1.1.0.Final.jar:/home/user/.m2/repository/org/glassfish/jersey/media/jersey-media-json-jackson/2.27/jersey-media-json-jackson-2.27.jar:/home/user/.m2/repository/org/glassfish/jersey/ext/jersey-entity-filtering/2.27/jersey-entity-filtering-2.27.jar:/home/user/.m2/repository/com/google/inject/extensions/guice-assistedinject/4.0/guice-assistedinject-4.0.jar:/home/user/.m2/repository/org/jooq/jooq/3.11.10/jooq-3.11.10.jar:/home/user/.m2/repository/org/jooq/jooq-meta/3.11.10/jooq-meta-3.11.10.jar:/home/user/.m2/repository/org/jooq/jooq-codegen/3.11.10/jooq-codegen-3.11.10.jar:/home/user/.m2/repository/com/jolbox/bonecp/0.8.0.RELEASE/bonecp-0.8.0.RELEASE.jar:/home/user/.m2/repository/org/springframework/spring-jdbc/5.1.3.RELEASE/spring-jdbc-5.1.3.RELEASE.jar:/home/user/.m2/repository/org/springframework/spring-beans/5.1.3.RELEASE/spring-beans-5.1.3.RELEASE.jar:/home/user/.m2/repository/org/springframework/spring-core/5.1.3.RELEASE/spring-core-5.1.3.RELEASE.jar:/home/user/.m2/repository/org/springframework/spring-jcl/5.1.3.RELEASE/spring-jcl-5.1.3.RELEASE.jar:/home/user/.m2/repository/org/springframework/spring-tx/5.1.3.RELEASE/spring-tx-5.1.3.RELEASE.jar:/home/user/.m2/repository/org/mockito/mockito-core/2.15.0/mockito-core-2.15.0.jar:/home/user/.m2/repository/net/bytebuddy/byte-buddy/1.7.9/byte-buddy-1.7.9.jar:/home/user/.m2/repository/net/bytebuddy/byte-buddy-agent/1.7.9/byte-buddy-agent-1.7.9.jar:/home/user/.m2/repository/org/objenesis/objenesis/1.0/objenesis-1.0.jar:"/>
    <property name="sun.cpu.endian" value="little"/>
    <property name="user.home" value="/home/user"/>
    <property name="user.language" value="en"/>
    <property name="java.specification.vendor" value="Oracle Corporation"/>
    <property name="java.home" value="/usr/lib/jvm/java-1.8-openjdk/jre"/>
    <property name="java.security.krb5.conf" value="/workdir/hadoop-ozone/tools/target/test-classes/krb5.conf"/>
    <property name="basedir" value="/workdir/hadoop-ozone/tools"/>
    <property name="file.separator" value="/"/>
    <property name="line.separator" value="&#10;"/>
    <property name="java.vm.specification.vendor" value="Oracle Corporation"/>
    <property name="java.specification.name" value="Java Platform API Specification"/>
    <property name="java.awt.graphicsenv" value="sun.awt.X11GraphicsEnvironment"/>
    <property name="surefire.real.class.path" value="/workdir/hadoop-ozone/tools/target/surefire/surefirebooter3878193494792239730.jar"/>
    <property name="hadoop.log.dir" value="/workdir/hadoop-ozone/tools/target/log"/>
    <property name="sun.boot.class.path" value="/usr/lib/jvm/java-1.8-openjdk/jre/lib/resources.jar:/usr/lib/jvm/java-1.8-openjdk/jre/lib/rt.jar:/usr/lib/jvm/java-1.8-openjdk/jre/lib/sunrsasign.jar:/usr/lib/jvm/java-1.8-openjdk/jre/lib/jsse.jar:/usr/lib/jvm/java-1.8-openjdk/jre/lib/jce.jar:/usr/lib/jvm/java-1.8-openjdk/jre/lib/charsets.jar:/usr/lib/jvm/java-1.8-openjdk/jre/lib/jfr.jar:/usr/lib/jvm/java-1.8-openjdk/jre/classes"/>
    <property name="sun.management.compiler" value="HotSpot 64-Bit Tiered Compilers"/>
    <property name="java.runtime.version" value="1.8.0_212-b04"/>
    <property name="java.net.preferIPv4Stack" value="true"/>
    <property name="user.name" value="jenkins1000"/>
    <property name="path.separator" value=":"/>
    <property name="java.security.egd" value="file:///dev/urandom"/>
    <property name="os.version" value="3.10.0-957.12.2.el7.x86_64"/>
    <property name="java.endorsed.dirs" value="/usr/lib/jvm/java-1.8-openjdk/jre/lib/endorsed"/>
    <property name="java.runtime.name" value="OpenJDK Runtime Environment"/>
    <property name="file.encoding" value="UTF-8"/>
    <property name="java.vm.name" value="OpenJDK 64-Bit Server VM"/>
    <property name="test.build.webapps" value=""/>
    <property name="localRepository" value="/home/user/.m2/repository"/>
    <property name="java.vendor.url.bug" value="https://icedtea.classpath.org/bugzilla"/>
    <property name="java.io.tmpdir" value="/tmp"/>
    <property name="require.test.libhadoop" value=""/>
    <property name="java.version" value="1.8.0_212"/>
    <property name="user.dir" value="/workdir/hadoop-ozone/tools"/>
    <property name="os.arch" value="amd64"/>
    <property name="java.vm.specification.name" value="Java Virtual Machine Specification"/>
    <property name="test.build.classes" value="/workdir/hadoop-ozone/tools/target/test-classes"/>
    <property name="java.awt.printerjob" value="sun.print.PSPrinterJob"/>
    <property name="sun.os.patch.level" value="unknown"/>
    <property name="hadoop.tmp.dir" value="/workdir/hadoop-ozone/tools/target/tmp"/>
    <property name="java.library.path" value="/usr/lib/jvm/java-1.8-openjdk/jre/lib/amd64/server:/usr/lib/jvm/java-1.8-openjdk/jre/lib/amd64:/usr/lib/jvm/java-1.8-openjdk/jre/../lib/amd64:/workdir/hadoop-ozone/tools/target/native/target/usr/local/lib:/workdir/hadoop-ozone/tools/../../hadoop-common-project/hadoop-common/target/native/target/usr/local/lib:/usr/java/packages/lib/amd64:/usr/lib64:/lib64:/lib:/usr/lib"/>
    <property name="java.vm.info" value="mixed mode"/>
    <property name="java.vendor" value="IcedTea"/>
    <property name="java.vm.version" value="25.212-b04"/>
    <property name="java.ext.dirs" value="/usr/lib/jvm/java-1.8-openjdk/jre/lib/ext:/usr/java/packages/lib/ext"/>
    <property name="sun.io.unicode.encoding" value="UnicodeLittle"/>
    <property name="java.class.version" value="52.0"/>
  </properties>
  <testcase name="ratisTest3" classname="org.apache.hadoop.ozone.freon.TestRandomKeyGenerator" time="10.331"/>
  <testcase name="testThreadPoolSize" classname="org.apache.hadoop.ozone.freon.TestRandomKeyGenerator" time="5.037"/>
  <testcase name="defaultTest" classname="org.apache.hadoop.ozone.freon.TestRandomKeyGenerator" time="5.029"/>
  <testcase name="bigFileThan2GB" classname="org.apache.hadoop.ozone.freon.TestRandomKeyGenerator" time="92.16">
    <error message="Allocated 0 blocks. Requested 1 blocks" type="INTERNAL_ERROR org.apache.hadoop.ozone.om.exceptions.OMException">INTERNAL_ERROR org.apache.hadoop.ozone.om.exceptions.OMException: Allocated 0 blocks. Requested 1 blocks
	at org.apache.hadoop.ozone.om.protocolPB.OzoneManagerProtocolClientSideTranslatorPB.handleError(OzoneManagerProtocolClientSideTranslatorPB.java:720)
	at org.apache.hadoop.ozone.om.protocolPB.OzoneManagerProtocolClientSideTranslatorPB.allocateBlock(OzoneManagerProtocolClientSideTranslatorPB.java:752)
	at org.apache.hadoop.ozone.client.io.BlockOutputStreamEntryPool.allocateNewBlock(BlockOutputStreamEntryPool.java:248)
	at org.apache.hadoop.ozone.client.io.BlockOutputStreamEntryPool.allocateBlockIfNeeded(BlockOutputStreamEntryPool.java:296)
	at org.apache.hadoop.ozone.client.io.KeyOutputStream.handleWrite(KeyOutputStream.java:201)
	at org.apache.hadoop.ozone.client.io.KeyOutputStream.write(KeyOutputStream.java:193)
	at org.apache.hadoop.ozone.client.io.OzoneOutputStream.write(OzoneOutputStream.java:49)
	at org.apache.hadoop.ozone.freon.RandomKeyGenerator.createKey(RandomKeyGenerator.java:703)
	at org.apache.hadoop.ozone.freon.RandomKeyGenerator.access$1100(RandomKeyGenerator.java:88)
	at org.apache.hadoop.ozone.freon.RandomKeyGenerator$ObjectCreator.run(RandomKeyGenerator.java:609)
	at java.util.concurrent.Executors$RunnableAdapter.call(Executors.java:511)
	at java.util.concurrent.FutureTask.run(FutureTask.java:266)
	at java.util.concurrent.ThreadPoolExecutor.runWorker(ThreadPoolExecutor.java:1149)
	at java.util.concurrent.ThreadPoolExecutor$Worker.run(ThreadPoolExecutor.java:624)
	at java.lang.Thread.run(Thread.java:748)
</error>
    <system-out><![CDATA[2019-08-07 03:26:57,116 WARN  client.GrpcClientProtocolService (LogUtils.java:warn(134)) - 9-UnorderedRequestStreamObserver9: onError: org.apache.ratis.thirdparty.io.grpc.StatusRuntimeException: CANCELLED: cancelled before receiving half close
2019-08-07 03:27:04,174 INFO  freon.RandomKeyGenerator (RandomKeyGenerator.java:call(278)) - Number of Threads: 1
2019-08-07 03:27:04,175 INFO  freon.RandomKeyGenerator (RandomKeyGenerator.java:call(283)) - Number of Volumes: 1.
2019-08-07 03:27:04,175 INFO  freon.RandomKeyGenerator (RandomKeyGenerator.java:call(284)) - Number of Buckets per Volume: 1.
2019-08-07 03:27:04,175 INFO  freon.RandomKeyGenerator (RandomKeyGenerator.java:call(285)) - Number of Keys per Bucket: 1.
2019-08-07 03:27:04,175 INFO  freon.RandomKeyGenerator (RandomKeyGenerator.java:call(286)) - Key size: 2147483657 bytes
2019-08-07 03:27:04,175 INFO  freon.RandomKeyGenerator (RandomKeyGenerator.java:call(287)) - Buffer size: 4096 bytes
2019-08-07 03:27:04,177 INFO  freon.RandomKeyGenerator (RandomKeyGenerator.java:call(301)) - Data validation is enabled.
2019-08-07 03:27:04,177 INFO  freon.RandomKeyGenerator (RandomKeyGenerator.java:call(307)) - Starting progress bar Thread.

2019-08-07 03:27:04,177 INFO  rpc.RpcClient (RpcClient.java:createVolume(288)) - Creating Volume: vol-0-89986, with jenkins1000 as owner.
 0.00% |█                                                                                                    |  0/1 Time: 0:00:002019-08-07 03:27:04,185 INFO  rpc.RpcClient (RpcClient.java:createBucket(425)) - Creating Bucket: vol-0-89986/bucket-0-28547, with Versioning false and Storage Type set to DISK and Encryption set to false 
2019-08-07 03:27:04,267 INFO  client.GrpcClientProtocolClient (GrpcClientProtocolClient.java:onNext(255)) - client-23C834B07313->f9704f82-adf1-457c-ad29-9b573bc67fa6: receive RaftClientReply:client-23C834B07313->f9704f82-adf1-457c-ad29-9b573bc67fa6@group-ED32739C8BBB, cid=599, FAILED org.apache.ratis.protocol.NotLeaderException: Server f9704f82-adf1-457c-ad29-9b573bc67fa6 is not the leader (edccc055-c3f5-47df-b30f-76e8836f4c59:192.168.69.96:33039). Request must be sent to leader., logIndex=0, commits[f9704f82-adf1-457c-ad29-9b573bc67fa6:c717, edccc055-c3f5-47df-b30f-76e8836f4c59:c717, 932806d8-5f5d-4457-8f95-c9b7f9036eae:c717]
2019-08-07 03:27:04,315 INFO  client.GrpcClientProtocolClient (GrpcClientProtocolClient.java:onNext(255)) - client-23C834B07313->edccc055-c3f5-47df-b30f-76e8836f4c59: receive RaftClientReply:client-23C834B07313->edccc055-c3f5-47df-b30f-76e8836f4c59@group-ED32739C8BBB, cid=599, SUCCESS, logIndex=718, commits[edccc055-c3f5-47df-b30f-76e8836f4c59:c718, f9704f82-adf1-457c-ad29-9b573bc67fa6:c717, 932806d8-5f5d-4457-8f95-c9b7f9036eae:c717]
2019-08-07 03:27:04,339 INFO  client.GrpcClientProtocolClient (GrpcClientProtocolClient.java:onNext(255)) - client-23C834B07313->edccc055-c3f5-47df-b30f-76e8836f4c59: receive RaftClientReply:client-23C834B07313->edccc055-c3f5-47df-b30f-76e8836f4c59@group-ED32739C8BBB, cid=600, SUCCESS, logIndex=720, commits[edccc055-c3f5-47df-b30f-76e8836f4c59:c720, f9704f82-adf1-457c-ad29-9b573bc67fa6:c718, 932806d8-5f5d-4457-8f95-c9b7f9036eae:c718]
2019-08-07 03:27:04,350 INFO  client.GrpcClientProtocolClient (GrpcClientProtocolClient.java:onNext(255)) - client-23C834B07313->edccc055-c3f5-47df-b30f-76e8836f4c59: receive RaftClientReply:client-23C834B07313->edccc055-c3f5-47df-b30f-76e8836f4c59@group-ED32739C8BBB, cid=601, SUCCESS, logIndex=721, commits[edccc055-c3f5-47df-b30f-76e8836f4c59:c722, f9704f82-adf1-457c-ad29-9b573bc67fa6:c719, 932806d8-5f5d-4457-8f95-c9b7f9036eae:c720]
2019-08-07 03:27:04,350 INFO  client.GrpcClientProtocolClient (GrpcClientProtocolClient.java:onNext(255)) - client-23C834B07313->edccc055-c3f5-47df-b30f-76e8836f4c59: receive RaftClientReply:client-23C834B07313->edccc055-c3f5-47df-b30f-76e8836f4c59@group-ED32739C8BBB, cid=602, SUCCESS, logIndex=722, commits[edccc055-c3f5-47df-b30f-76e8836f4c59:c723, f9704f82-adf1-457c-ad29-9b573bc67fa6:c720, 932806d8-5f5d-4457-8f95-c9b7f9036eae:c720]
2019-08-07 03:27:04,379 INFO  client.GrpcClientProtocolClient (GrpcClientProtocolClient.java:onNext(255)) - client-23C834B07313->edccc055-c3f5-47df-b30f-76e8836f4c59: receive RaftClientReply:client-23C834B07313->edccc055-c3f5-47df-b30f-76e8836f4c59@group-ED32739C8BBB, cid=603, SUCCESS, logIndex=726, commits[edccc055-c3f5-47df-b30f-76e8836f4c59:c727, f9704f82-adf1-457c-ad29-9b573bc67fa6:c725, 932806d8-5f5d-4457-8f95-c9b7f9036eae:c725]
2019-08-07 03:27:04,380 INFO  client.GrpcClientProtocolClient (GrpcClientProtocolClient.java:onNext(255)) - client-23C834B07313->edccc055-c3f5-47df-b30f-76e8836f4c59: receive RaftClientReply:client-23C834B07313->edccc055-c3f5-47df-b30f-76e8836f4c59@group-ED32739C8BBB, cid=604, SUCCESS, logIndex=727, commits[edccc055-c3f5-47df-b30f-76e8836f4c59:c727, f9704f82-adf1-457c-ad29-9b573bc67fa6:c725, 932806d8-5f5d-4457-8f95-c9b7f9036eae:c725]
2019-08-07 03:27:04,409 INFO  client.GrpcClientProtocolClient (GrpcClientProtocolClient.java:onNext(255)) - client-23C834B07313->edccc055-c3f5-47df-b30f-76e8836f4c59: receive RaftClientReply:client-23C834B07313->edccc055-c3f5-47df-b30f-76e8836f4c59@group-ED32739C8BBB, cid=605, SUCCESS, logIndex=730, commits[edccc055-c3f5-47df-b30f-76e8836f4c59:c731, f9704f82-adf1-457c-ad29-9b573bc67fa6:c727, 932806d8-5f5d-4457-8f95-c9b7f9036eae:c727]
2019-08-07 03:27:04,409 INFO  client.GrpcClientProtocolClient (GrpcClientProtocolClient.java:onNext(255)) - client-23C834B07313->edccc055-c3f5-47df-b30f-76e8836f4c59: receive RaftClientReply:client-23C834B07313->edccc055-c3f5-47df-b30f-76e8836f4c59@group-ED32739C8BBB, cid=606, SUCCESS, logIndex=731, commits[edccc055-c3f5-47df-b30f-76e8836f4c59:c731, f9704f82-adf1-457c-ad29-9b573bc67fa6:c727, 932806d8-5f5d-4457-8f95-c9b7f9036eae:c727]
2019-08-07 03:27:04,423 INFO  client.GrpcClientProtocolClient (GrpcClientProtocolClient.java:onNext(255)) - client-23C834B07313->edccc055-c3f5-47df-b30f-76e8836f4c59: receive RaftClientReply:client-23C834B07313->edccc055-c3f5-47df-b30f-76e8836f4c59@group-ED32739C8BBB, cid=607, SUCCESS, logIndex=0, commits[edccc055-c3f5-47df-b30f-76e8836f4c59:c732, f9704f82-adf1-457c-ad29-9b573bc67fa6:c731, 932806d8-5f5d-4457-8f95-c9b7f9036eae:c731]
2019-08-07 03:27:04,450 INFO  client.GrpcClientProtocolClient (GrpcClientProtocolClient.java:onNext(255)) - client-23C834B07313->edccc055-c3f5-47df-b30f-76e8836f4c59: receive RaftClientReply:client-23C834B07313->edccc055-c3f5-47df-b30f-76e8836f4c59@group-ED32739C8BBB, cid=608, SUCCESS, logIndex=734, commits[edccc055-c3f5-47df-b30f-76e8836f4c59:c737, f9704f82-adf1-457c-ad29-9b573bc67fa6:c733, 932806d8-5f5d-4457-8f95-c9b7f9036eae:c733]
2019-08-07 03:27:04,451 INFO  client.GrpcClientProtocolClient (GrpcClientProtocolClient.java:onNext(255)) - client-23C834B07313->edccc055-c3f5-47df-b30f-76e8836f4c59: receive RaftClientReply:client-23C834B07313->edccc055-c3f5-47df-b30f-76e8836f4c59@group-ED32739C8BBB, cid=609, SUCCESS, logIndex=735, commits[edccc055-c3f5-47df-b30f-76e8836f4c59:c737, f9704f82-adf1-457c-ad29-9b573bc67fa6:c733, 932806d8-5f5d-4457-8f95-c9b7f9036eae:c733]
2019-08-07 03:27:04,452 INFO  client.GrpcClientProtocolClient (GrpcClientProtocolClient.java:onNext(255)) - client-23C834B07313->edccc055-c3f5-47df-b30f-76e8836f4c59: receive RaftClientReply:client-23C834B07313->edccc055-c3f5-47df-b30f-76e8836f4c59@group-ED32739C8BBB, cid=610, SUCCESS, logIndex=736, commits[edccc055-c3f5-47df-b30f-76e8836f4c59:c737, f9704f82-adf1-457c-ad29-9b573bc67fa6:c733, 932806d8-5f5d-4457-8f95-c9b7f9036eae:c733]
2019-08-07 03:27:04,453 INFO  client.GrpcClientProtocolClient (GrpcClientProtocolClient.java:onNext(255)) - client-23C834B07313->edccc055-c3f5-47df-b30f-76e8836f4c59: receive RaftClientReply:client-23C834B07313->edccc055-c3f5-47df-b30f-76e8836f4c59@group-ED32739C8BBB, cid=611, SUCCESS, logIndex=737, commits[edccc055-c3f5-47df-b30f-76e8836f4c59:c737, f9704f82-adf1-457c-ad29-9b573bc67fa6:c733, 932806d8-5f5d-4457-8f95-c9b7f9036eae:c733]
2019-08-07 03:27:04,662 INFO  client.GrpcClientProtocolClient (GrpcClientProtocolClient.java:onNext(255)) - client-23C834B07313->edccc055-c3f5-47df-b30f-76e8836f4c59: receive RaftClientReply:client-23C834B07313->edccc055-c3f5-47df-b30f-76e8836f4c59@group-ED32739C8BBB, cid=612, SUCCESS, logIndex=0, commits[edccc055-c3f5-47df-b30f-76e8836f4c59:c741, f9704f82-adf1-457c-ad29-9b573bc67fa6:c736, 932806d8-5f5d-4457-8f95-c9b7f9036eae:c737]
2019-08-07 03:27:04,690 INFO  client.GrpcClientProtocolClient (GrpcClientProtocolClient.java:onNext(255)) - client-23C834B07313->edccc055-c3f5-47df-b30f-76e8836f4c59: receive RaftClientReply:client-23C834B07313->edccc055-c3f5-47df-b30f-76e8836f4c59@group-ED32739C8BBB, cid=613, SUCCESS, logIndex=742, commits[edccc055-c3f5-47df-b30f-76e8836f4c59:c743, f9704f82-adf1-457c-ad29-9b573bc67fa6:c741, 932806d8-5f5d-4457-8f95-c9b7f9036eae:c741]
2019-08-07 03:27:04,691 INFO  client.GrpcClientProtocolClient (GrpcClientProtocolClient.java:onNext(255)) - client-23C834B07313->edccc055-c3f5-47df-b30f-76e8836f4c59: receive RaftClientReply:client-23C834B07313->edccc055-c3f5-47df-b30f-76e8836f4c59@group-ED32739C8BBB, cid=614, SUCCESS, logIndex=743, commits[edccc055-c3f5-47df-b30f-76e8836f4c59:c743, f9704f82-adf1-457c-ad29-9b573bc67fa6:c741, 932806d8-5f5d-4457-8f95-c9b7f9036eae:c741]
2019-08-07 03:27:04,719 INFO  client.GrpcClientProtocolClient (GrpcClientProtocolClient.java:onNext(255)) - client-23C834B07313->edccc055-c3f5-47df-b30f-76e8836f4c59: receive RaftClientReply:client-23C834B07313->edccc055-c3f5-47df-b30f-76e8836f4c59@group-ED32739C8BBB, cid=615, SUCCESS, logIndex=746, commits[edccc055-c3f5-47df-b30f-76e8836f4c59:c747, f9704f82-adf1-457c-ad29-9b573bc67fa6:c743, 932806d8-5f5d-4457-8f95-c9b7f9036eae:c743]
2019-08-07 03:27:04,720 INFO  client.GrpcClientProtocolClient (GrpcClientProtocolClient.java:onNext(255)) - client-23C834B07313->edccc055-c3f5-47df-b30f-76e8836f4c59: receive RaftClientReply:client-23C834B07313->edccc055-c3f5-47df-b30f-76e8836f4c59@group-ED32739C8BBB, cid=616, SUCCESS, logIndex=747, commits[edccc055-c3f5-47df-b30f-76e8836f4c59:c747, f9704f82-adf1-457c-ad29-9b573bc67fa6:c743, 932806d8-5f5d-4457-8f95-c9b7f9036eae:c743]
2019-08-07 03:27:04,731 INFO  client.GrpcClientProtocolClient (GrpcClientProtocolClient.java:onNext(255)) - client-23C834B07313->edccc055-c3f5-47df-b30f-76e8836f4c59: receive RaftClientReply:client-23C834B07313->edccc055-c3f5-47df-b30f-76e8836f4c59@group-ED32739C8BBB, cid=617, SUCCESS, logIndex=0, commits[edccc055-c3f5-47df-b30f-76e8836f4c59:c748, f9704f82-adf1-457c-ad29-9b573bc67fa6:c747, 932806d8-5f5d-4457-8f95-c9b7f9036eae:c747]
2019-08-07 03:27:04,757 INFO  client.GrpcClientProtocolClient (GrpcClientProtocolClient.java:onNext(255)) - client-23C834B07313->edccc055-c3f5-47df-b30f-76e8836f4c59: receive RaftClientReply:client-23C834B07313->edccc055-c3f5-47df-b30f-76e8836f4c59@group-ED32739C8BBB, cid=618, SUCCESS, logIndex=750, commits[edccc055-c3f5-47df-b30f-76e8836f4c59:c753, f9704f82-adf1-457c-ad29-9b573bc67fa6:c749, 932806d8-5f5d-4457-8f95-c9b7f9036eae:c749]
2019-08-07 03:27:04,758 INFO  client.GrpcClientProtocolClient (GrpcClientProtocolClient.java:onNext(255)) - client-23C834B07313->edccc055-c3f5-47df-b30f-76e8836f4c59: receive RaftClientReply:client-23C834B07313->edccc055-c3f5-47df-b30f-76e8836f4c59@group-ED32739C8BBB, cid=619, SUCCESS, logIndex=751, commits[edccc055-c3f5-47df-b30f-76e8836f4c59:c753, f9704f82-adf1-457c-ad29-9b573bc67fa6:c749, 932806d8-5f5d-4457-8f95-c9b7f9036eae:c749]
2019-08-07 03:27:04,758 INFO  client.GrpcClientProtocolClient (GrpcClientProtocolClient.java:onNext(255)) - client-23C834B07313->edccc055-c3f5-47df-b30f-76e8836f4c59: receive RaftClientReply:client-23C834B07313->edccc055-c3f5-47df-b30f-76e8836f4c59@group-ED32739C8BBB, cid=620, SUCCESS, logIndex=752, commits[edccc055-c3f5-47df-b30f-76e8836f4c59:c753, f9704f82-adf1-457c-ad29-9b573bc67fa6:c749, 932806d8-5f5d-4457-8f95-c9b7f9036eae:c749]
2019-08-07 03:27:04,758 INFO  client.GrpcClientProtocolClient (GrpcClientProtocolClient.java:onNext(255)) - client-23C834B07313->edccc055-c3f5-47df-b30f-76e8836f4c59: receive RaftClientReply:client-23C834B07313->edccc055-c3f5-47df-b30f-76e8836f4c59@group-ED32739C8BBB, cid=621, SUCCESS, logIndex=753, commits[edccc055-c3f5-47df-b30f-76e8836f4c59:c753, f9704f82-adf1-457c-ad29-9b573bc67fa6:c749, 932806d8-5f5d-4457-8f95-c9b7f9036eae:c749]
2019-08-07 03:27:04,768 INFO  client.GrpcClientProtocolClient (GrpcClientProtocolClient.java:onNext(255)) - client-23C834B07313->edccc055-c3f5-47df-b30f-76e8836f4c59: receive RaftClientReply:client-23C834B07313->edccc055-c3f5-47df-b30f-76e8836f4c59@group-ED32739C8BBB, cid=622, SUCCESS, logIndex=0, commits[edccc055-c3f5-47df-b30f-76e8836f4c59:c754, f9704f82-adf1-457c-ad29-9b573bc67fa6:c751, 932806d8-5f5d-4457-8f95-c9b7f9036eae:c751]
2019-08-07 03:27:04,791 INFO  client.GrpcClientProtocolClient (GrpcClientProtocolClient.java:onNext(255)) - client-23C834B07313->edccc055-c3f5-47df-b30f-76e8836f4c59: receive RaftClientReply:client-23C834B07313->edccc055-c3f5-47df-b30f-76e8836f4c59@group-ED32739C8BBB, cid=623, SUCCESS, logIndex=758, commits[edccc055-c3f5-47df-b30f-76e8836f4c59:c759, f9704f82-adf1-457c-ad29-9b573bc67fa6:c757, 932806d8-5f5d-4457-8f95-c9b7f9036eae:c757]
2019-08-07 03:27:04,792 INFO  client.GrpcClientProtocolClient (GrpcClientProtocolClient.java:onNext(255)) - client-23C834B07313->edccc055-c3f5-47df-b30f-76e8836f4c59: receive RaftClientReply:client-23C834B07313->edccc055-c3f5-47df-b30f-76e8836f4c59@group-ED32739C8BBB, cid=624, SUCCESS, logIndex=759, commits[edccc055-c3f5-47df-b30f-76e8836f4c59:c759, f9704f82-adf1-457c-ad29-9b573bc67fa6:c757, 932806d8-5f5d-4457-8f95-c9b7f9036eae:c757]
2019-08-07 03:27:04,819 INFO  client.GrpcClientProtocolClient (GrpcClientProtocolClient.java:onNext(255)) - client-23C834B07313->edccc055-c3f5-47df-b30f-76e8836f4c59: receive RaftClientReply:client-23C834B07313->edccc055-c3f5-47df-b30f-76e8836f4c59@group-ED32739C8BBB, cid=625, SUCCESS, logIndex=762, commits[edccc055-c3f5-47df-b30f-76e8836f4c59:c763, f9704f82-adf1-457c-ad29-9b573bc67fa6:c759, 932806d8-5f5d-4457-8f95-c9b7f9036eae:c759]
2019-08-07 03:27:04,820 INFO  client.GrpcClientProtocolClient (GrpcClientProtocolClient.java:onNext(255)) - client-23C834B07313->edccc055-c3f5-47df-b30f-76e8836f4c59: receive RaftClientReply:client-23C834B07313->edccc055-c3f5-47df-b30f-76e8836f4c59@group-ED32739C8BBB, cid=626, SUCCESS, logIndex=763, commits[edccc055-c3f5-47df-b30f-76e8836f4c59:c763, f9704f82-adf1-457c-ad29-9b573bc67fa6:c759, 932806d8-5f5d-4457-8f95-c9b7f9036eae:c759]
2019-08-07 03:27:04,831 INFO  client.GrpcClientProtocolClient (GrpcClientProtocolClient.java:onNext(255)) - client-23C834B07313->edccc055-c3f5-47df-b30f-76e8836f4c59: receive RaftClientReply:client-23C834B07313->edccc055-c3f5-47df-b30f-76e8836f4c59@group-ED32739C8BBB, cid=627, SUCCESS, logIndex=0, commits[edccc055-c3f5-47df-b30f-76e8836f4c59:c764, f9704f82-adf1-457c-ad29-9b573bc67fa6:c763, 932806d8-5f5d-4457-8f95-c9b7f9036eae:c763]
2019-08-07 03:27:04,853 INFO  client.GrpcClientProtocolClient (GrpcClientProtocolClient.java:onNext(255)) - client-23C834B07313->edccc055-c3f5-47df-b30f-76e8836f4c59: receive RaftClientReply:client-23C834B07313->edccc055-c3f5-47df-b30f-76e8836f4c59@group-ED32739C8BBB, cid=628, SUCCESS, logIndex=766, commits[edccc055-c3f5-47df-b30f-76e8836f4c59:c767, f9704f82-adf1-457c-ad29-9b573bc67fa6:c765, 932806d8-5f5d-4457-8f95-c9b7f9036eae:c765]
2019-08-07 03:27:04,854 INFO  client.GrpcClientProtocolClient (GrpcClientProtocolClient.java:onNext(255)) - client-23C834B07313->edccc055-c3f5-47df-b30f-76e8836f4c59: receive RaftClientReply:client-23C834B07313->edccc055-c3f5-47df-b30f-76e8836f4c59@group-ED32739C8BBB, cid=629, SUCCESS, logIndex=767, commits[edccc055-c3f5-47df-b30f-76e8836f4c59:c769, f9704f82-adf1-457c-ad29-9b573bc67fa6:c765, 932806d8-5f5d-4457-8f95-c9b7f9036eae:c765]
2019-08-07 03:27:04,855 INFO  client.GrpcClientProtocolClient (GrpcClientProtocolClient.java:onNext(255)) - client-23C834B07313->edccc055-c3f5-47df-b30f-76e8836f4c59: receive RaftClientReply:client-23C834B07313->edccc055-c3f5-47df-b30f-76e8836f4c59@group-ED32739C8BBB, cid=630, SUCCESS, logIndex=768, commits[edccc055-c3f5-47df-b30f-76e8836f4c59:c769, f9704f82-adf1-457c-ad29-9b573bc67fa6:c765, 932806d8-5f5d-4457-8f95-c9b7f9036eae:c765]
2019-08-07 03:27:04,855 INFO  client.GrpcClientProtocolClient (GrpcClientProtocolClient.java:onNext(255)) - client-23C834B07313->edccc055-c3f5-47df-b30f-76e8836f4c59: receive RaftClientReply:client-23C834B07313->edccc055-c3f5-47df-b30f-76e8836f4c59@group-ED32739C8BBB, cid=631, SUCCESS, logIndex=769, commits[edccc055-c3f5-47df-b30f-76e8836f4c59:c769, f9704f82-adf1-457c-ad29-9b573bc67fa6:c765, 932806d8-5f5d-4457-8f95-c9b7f9036eae:c767]
2019-08-07 03:27:04,856 INFO  client.GrpcClientProtocolClient (GrpcClientProtocolClient.java:onNext(255)) - client-23C834B07313->edccc055-c3f5-47df-b30f-76e8836f4c59: receive RaftClientReply:client-23C834B07313->edccc055-c3f5-47df-b30f-76e8836f4c59@group-ED32739C8BBB, cid=632, SUCCESS, logIndex=0, commits[edccc055-c3f5-47df-b30f-76e8836f4c59:c772, f9704f82-adf1-457c-ad29-9b573bc67fa6:c767, 932806d8-5f5d-4457-8f95-c9b7f9036eae:c768]
2019-08-07 03:27:04,872 INFO  client.GrpcClientProtocolClient (GrpcClientProtocolClient.java:onNext(255)) - client-23C834B07313->edccc055-c3f5-47df-b30f-76e8836f4c59: receive RaftClientReply:client-23C834B07313->edccc055-c3f5-47df-b30f-76e8836f4c59@group-ED32739C8BBB, cid=633, SUCCESS, logIndex=774, commits[edccc055-c3f5-47df-b30f-76e8836f4c59:c775, f9704f82-adf1-457c-ad29-9b573bc67fa6:c773, 932806d8-5f5d-4457-8f95-c9b7f9036eae:c773]
2019-08-07 03:27:04,873 INFO  client.GrpcClientProtocolClient (GrpcClientProtocolClient.java:onNext(255)) - client-23C834B07313->edccc055-c3f5-47df-b30f-76e8836f4c59: receive RaftClientReply:client-23C834B07313->edccc055-c3f5-47df-b30f-76e8836f4c59@group-ED32739C8BBB, cid=634, SUCCESS, logIndex=775, commits[edccc055-c3f5-47df-b30f-76e8836f4c59:c775, f9704f82-adf1-457c-ad29-9b573bc67fa6:c773, 932806d8-5f5d-4457-8f95-c9b7f9036eae:c773]
2019-08-07 03:27:04,888 INFO  client.GrpcClientProtocolClient (GrpcClientProtocolClient.java:onNext(255)) - client-23C834B07313->edccc055-c3f5-47df-b30f-76e8836f4c59: receive RaftClientReply:client-23C834B07313->edccc055-c3f5-47df-b30f-76e8836f4c59@group-ED32739C8BBB, cid=635, SUCCESS, logIndex=778, commits[edccc055-c3f5-47df-b30f-76e8836f4c59:c779, f9704f82-adf1-457c-ad29-9b573bc67fa6:c777, 932806d8-5f5d-4457-8f95-c9b7f9036eae:c775]
2019-08-07 03:27:04,889 INFO  client.GrpcClientProtocolClient (GrpcClientProtocolClient.java:onNext(255)) - client-23C834B07313->edccc055-c3f5-47df-b30f-76e8836f4c59: receive RaftClientReply:client-23C834B07313->edccc055-c3f5-47df-b30f-76e8836f4c59@group-ED32739C8BBB, cid=636, SUCCESS, logIndex=779, commits[edccc055-c3f5-47df-b30f-76e8836f4c59:c779, f9704f82-adf1-457c-ad29-9b573bc67fa6:c777, 932806d8-5f5d-4457-8f95-c9b7f9036eae:c777]
2019-08-07 03:27:04,891 INFO  client.GrpcClientProtocolClient (GrpcClientProtocolClient.java:onNext(255)) - client-23C834B07313->edccc055-c3f5-47df-b30f-76e8836f4c59: receive RaftClientReply:client-23C834B07313->edccc055-c3f5-47df-b30f-76e8836f4c59@group-ED32739C8BBB, cid=637, SUCCESS, logIndex=0, commits[edccc055-c3f5-47df-b30f-76e8836f4c59:c780, f9704f82-adf1-457c-ad29-9b573bc67fa6:c779, 932806d8-5f5d-4457-8f95-c9b7f9036eae:c779]
2019-08-07 03:27:04,909 INFO  client.GrpcClientProtocolClient (GrpcClientProtocolClient.java:onNext(255)) - client-23C834B07313->edccc055-c3f5-47df-b30f-76e8836f4c59: receive RaftClientReply:client-23C834B07313->edccc055-c3f5-47df-b30f-76e8836f4c59@group-ED32739C8BBB, cid=638, SUCCESS, logIndex=782, commits[edccc055-c3f5-47df-b30f-76e8836f4c59:c783, f9704f82-adf1-457c-ad29-9b573bc67fa6:c779, 932806d8-5f5d-4457-8f95-c9b7f9036eae:c781]
2019-08-07 03:27:04,910 INFO  client.GrpcClientProtocolClient (GrpcClientProtocolClient.java:onNext(255)) - client-23C834B07313->edccc055-c3f5-47df-b30f-76e8836f4c59: receive RaftClientReply:client-23C834B07313->edccc055-c3f5-47df-b30f-76e8836f4c59@group-ED32739C8BBB, cid=639, SUCCESS, logIndex=783, commits[edccc055-c3f5-47df-b30f-76e8836f4c59:c783, f9704f82-adf1-457c-ad29-9b573bc67fa6:c779, 932806d8-5f5d-4457-8f95-c9b7f9036eae:c781]
2019-08-07 03:27:04,912 INFO  client.GrpcClientProtocolClient (GrpcClientProtocolClient.java:onNext(255)) - client-23C834B07313->edccc055-c3f5-47df-b30f-76e8836f4c59: receive RaftClientReply:client-23C834B07313->edccc055-c3f5-47df-b30f-76e8836f4c59@group-ED32739C8BBB, cid=640, SUCCESS, logIndex=784, commits[edccc055-c3f5-47df-b30f-76e8836f4c59:c784, f9704f82-adf1-457c-ad29-9b573bc67fa6:c781, 932806d8-5f5d-4457-8f95-c9b7f9036eae:c781]
2019-08-07 03:27:04,913 INFO  client.GrpcClientProtocolClient (GrpcClientProtocolClient.java:onNext(255)) - client-23C834B07313->edccc055-c3f5-47df-b30f-76e8836f4c59: receive RaftClientReply:client-23C834B07313->edccc055-c3f5-47df-b30f-76e8836f4c59@group-ED32739C8BBB, cid=641, SUCCESS, logIndex=785, commits[edccc055-c3f5-47df-b30f-76e8836f4c59:c786, f9704f82-adf1-457c-ad29-9b573bc67fa6:c781, 932806d8-5f5d-4457-8f95-c9b7f9036eae:c782]
2019-08-07 03:27:04,914 INFO  client.GrpcClientProtocolClient (GrpcClientProtocolClient.java:onNext(255)) - client-23C834B07313->edccc055-c3f5-47df-b30f-76e8836f4c59: receive RaftClientReply:client-23C834B07313->edccc055-c3f5-47df-b30f-76e8836f4c59@group-ED32739C8BBB, cid=642, SUCCESS, logIndex=0, commits[edccc055-c3f5-47df-b30f-76e8836f4c59:c788, f9704f82-adf1-457c-ad29-9b573bc67fa6:c783, 932806d8-5f5d-4457-8f95-c9b7f9036eae:c784]
2019-08-07 03:27:04,930 INFO  client.GrpcClientProtocolClient (GrpcClientProtocolClient.java:onNext(255)) - client-23C834B07313->edccc055-c3f5-47df-b30f-76e8836f4c59: receive RaftClientReply:client-23C834B07313->edccc055-c3f5-47df-b30f-76e8836f4c59@group-ED32739C8BBB, cid=643, SUCCESS, logIndex=790, commits[edccc055-c3f5-47df-b30f-76e8836f4c59:c791, f9704f82-adf1-457c-ad29-9b573bc67fa6:c789, 932806d8-5f5d-4457-8f95-c9b7f9036eae:c785]
2019-08-07 03:27:04,930 INFO  client.GrpcClientProtocolClient (GrpcClientProtocolClient.java:onNext(255)) - client-23C834B07313->edccc055-c3f5-47df-b30f-76e8836f4c59: receive RaftClientReply:client-23C834B07313->edccc055-c3f5-47df-b30f-76e8836f4c59@group-ED32739C8BBB, cid=644, SUCCESS, logIndex=791, commits[edccc055-c3f5-47df-b30f-76e8836f4c59:c791, f9704f82-adf1-457c-ad29-9b573bc67fa6:c789, 932806d8-5f5d-4457-8f95-c9b7f9036eae:c789]
2019-08-07 03:27:04,964 INFO  client.GrpcClientProtocolClient (GrpcClientProtocolClient.java:onNext(255)) - client-23C834B07313->edccc055-c3f5-47df-b30f-76e8836f4c59: receive RaftClientReply:client-23C834B07313->edccc055-c3f5-47df-b30f-76e8836f4c59@group-ED32739C8BBB, cid=645, SUCCESS, logIndex=794, commits[edccc055-c3f5-47df-b30f-76e8836f4c59:c795, f9704f82-adf1-457c-ad29-9b573bc67fa6:c793, 932806d8-5f5d-4457-8f95-c9b7f9036eae:c793]
2019-08-07 03:27:04,965 INFO  client.GrpcClientProtocolClient (GrpcClientProtocolClient.java:onNext(255)) - client-23C834B07313->edccc055-c3f5-47df-b30f-76e8836f4c59: receive RaftClientReply:client-23C834B07313->edccc055-c3f5-47df-b30f-76e8836f4c59@group-ED32739C8BBB, cid=646, SUCCESS, logIndex=795, commits[edccc055-c3f5-47df-b30f-76e8836f4c59:c795, f9704f82-adf1-457c-ad29-9b573bc67fa6:c793, 932806d8-5f5d-4457-8f95-c9b7f9036eae:c793]
2019-08-07 03:27:04,995 INFO  client.GrpcClientProtocolClient (GrpcClientProtocolClient.java:onNext(255)) - client-23C834B07313->edccc055-c3f5-47df-b30f-76e8836f4c59: receive RaftClientReply:client-23C834B07313->edccc055-c3f5-47df-b30f-76e8836f4c59@group-ED32739C8BBB, cid=647, SUCCESS, logIndex=0, commits[edccc055-c3f5-47df-b30f-76e8836f4c59:c796, f9704f82-adf1-457c-ad29-9b573bc67fa6:c795, 932806d8-5f5d-4457-8f95-c9b7f9036eae:c795]
2019-08-07 03:27:05,021 INFO  client.GrpcClientProtocolClient (GrpcClientProtocolClient.java:onNext(255)) - client-23C834B07313->edccc055-c3f5-47df-b30f-76e8836f4c59: receive RaftClientReply:client-23C834B07313->edccc055-c3f5-47df-b30f-76e8836f4c59@group-ED32739C8BBB, cid=648, SUCCESS, logIndex=798, commits[edccc055-c3f5-47df-b30f-76e8836f4c59:c800, f9704f82-adf1-457c-ad29-9b573bc67fa6:c797, 932806d8-5f5d-4457-8f95-c9b7f9036eae:c797]
2019-08-07 03:27:05,022 INFO  client.GrpcClientProtocolClient (GrpcClientProtocolClient.java:onNext(255)) - client-23C834B07313->edccc055-c3f5-47df-b30f-76e8836f4c59: receive RaftClientReply:client-23C834B07313->edccc055-c3f5-47df-b30f-76e8836f4c59@group-ED32739C8BBB, cid=649, SUCCESS, logIndex=799, commits[edccc055-c3f5-47df-b30f-76e8836f4c59:c801, f9704f82-adf1-457c-ad29-9b573bc67fa6:c797, 932806d8-5f5d-4457-8f95-c9b7f9036eae:c797]
2019-08-07 03:27:05,022 INFO  client.GrpcClientProtocolClient (GrpcClientProtocolClient.java:onNext(255)) - client-23C834B07313->edccc055-c3f5-47df-b30f-76e8836f4c59: receive RaftClientReply:client-23C834B07313->edccc055-c3f5-47df-b30f-76e8836f4c59@group-ED32739C8BBB, cid=650, SUCCESS, logIndex=800, commits[edccc055-c3f5-47df-b30f-76e8836f4c59:c801, f9704f82-adf1-457c-ad29-9b573bc67fa6:c797, 932806d8-5f5d-4457-8f95-c9b7f9036eae:c797]
2019-08-07 03:27:05,022 INFO  client.GrpcClientProtocolClient (GrpcClientProtocolClient.java:onNext(255)) - client-23C834B07313->edccc055-c3f5-47df-b30f-76e8836f4c59: receive RaftClientReply:client-23C834B07313->edccc055-c3f5-47df-b30f-76e8836f4c59@group-ED32739C8BBB, cid=651, SUCCESS, logIndex=801, commits[edccc055-c3f5-47df-b30f-76e8836f4c59:c801, f9704f82-adf1-457c-ad29-9b573bc67fa6:c797, 932806d8-5f5d-4457-8f95-c9b7f9036eae:c797]
 0.00% |█                                                                                                    |  0/1 Time: 0:00:012019-08-07 03:27:05,326 INFO  client.GrpcClientProtocolClient (GrpcClientProtocolClient.java:onNext(255)) - client-23C834B07313->edccc055-c3f5-47df-b30f-76e8836f4c59: receive RaftClientReply:client-23C834B07313->edccc055-c3f5-47df-b30f-76e8836f4c59@group-ED32739C8BBB, cid=652, SUCCESS, logIndex=0, commits[edccc055-c3f5-47df-b30f-76e8836f4c59:c803, f9704f82-adf1-457c-ad29-9b573bc67fa6:c799, 932806d8-5f5d-4457-8f95-c9b7f9036eae:c799]
2019-08-07 03:27:05,537 INFO  client.GrpcClientProtocolClient (GrpcClientProtocolClient.java:onNext(255)) - client-23C834B07313->edccc055-c3f5-47df-b30f-76e8836f4c59: receive RaftClientReply:client-23C834B07313->edccc055-c3f5-47df-b30f-76e8836f4c59@group-ED32739C8BBB, cid=653, SUCCESS, logIndex=806, commits[edccc055-c3f5-47df-b30f-76e8836f4c59:c807, f9704f82-adf1-457c-ad29-9b573bc67fa6:c805, 932806d8-5f5d-4457-8f95-c9b7f9036eae:c805]
2019-08-07 03:27:05,538 INFO  client.GrpcClientProtocolClient (GrpcClientProtocolClient.java:onNext(255)) - client-23C834B07313->edccc055-c3f5-47df-b30f-76e8836f4c59: receive RaftClientReply:client-23C834B07313->edccc055-c3f5-47df-b30f-76e8836f4c59@group-ED32739C8BBB, cid=654, SUCCESS, logIndex=807, commits[edccc055-c3f5-47df-b30f-76e8836f4c59:c807, f9704f82-adf1-457c-ad29-9b573bc67fa6:c805, 932806d8-5f5d-4457-8f95-c9b7f9036eae:c805]
2019-08-07 03:27:05,568 INFO  client.GrpcClientProtocolClient (GrpcClientProtocolClient.java:onNext(255)) - client-23C834B07313->edccc055-c3f5-47df-b30f-76e8836f4c59: receive RaftClientReply:client-23C834B07313->edccc055-c3f5-47df-b30f-76e8836f4c59@group-ED32739C8BBB, cid=655, SUCCESS, logIndex=810, commits[edccc055-c3f5-47df-b30f-76e8836f4c59:c811, f9704f82-adf1-457c-ad29-9b573bc67fa6:c809, 932806d8-5f5d-4457-8f95-c9b7f9036eae:c809]
2019-08-07 03:27:05,569 INFO  client.GrpcClientProtocolClient (GrpcClientProtocolClient.java:onNext(255)) - client-23C834B07313->edccc055-c3f5-47df-b30f-76e8836f4c59: receive RaftClientReply:client-23C834B07313->edccc055-c3f5-47df-b30f-76e8836f4c59@group-ED32739C8BBB, cid=656, SUCCESS, logIndex=811, commits[edccc055-c3f5-47df-b30f-76e8836f4c59:c811, f9704f82-adf1-457c-ad29-9b573bc67fa6:c809, 932806d8-5f5d-4457-8f95-c9b7f9036eae:c809]
2019-08-07 03:27:05,575 INFO  client.GrpcClientProtocolClient (GrpcClientProtocolClient.java:onNext(255)) - client-23C834B07313->edccc055-c3f5-47df-b30f-76e8836f4c59: receive RaftClientReply:client-23C834B07313->edccc055-c3f5-47df-b30f-76e8836f4c59@group-ED32739C8BBB, cid=657, SUCCESS, logIndex=0, commits[edccc055-c3f5-47df-b30f-76e8836f4c59:c812, f9704f82-adf1-457c-ad29-9b573bc67fa6:c811, 932806d8-5f5d-4457-8f95-c9b7f9036eae:c811]
2019-08-07 03:27:05,601 INFO  client.GrpcClientProtocolClient (GrpcClientProtocolClient.java:onNext(255)) - client-23C834B07313->edccc055-c3f5-47df-b30f-76e8836f4c59: receive RaftClientReply:client-23C834B07313->edccc055-c3f5-47df-b30f-76e8836f4c59@group-ED32739C8BBB, cid=658, SUCCESS, logIndex=814, commits[edccc055-c3f5-47df-b30f-76e8836f4c59:c815, f9704f82-adf1-457c-ad29-9b573bc67fa6:c813, 932806d8-5f5d-4457-8f95-c9b7f9036eae:c813]
2019-08-07 03:27:05,603 INFO  client.GrpcClientProtocolClient (GrpcClientProtocolClient.java:onNext(255)) - client-23C834B07313->edccc055-c3f5-47df-b30f-76e8836f4c59: receive RaftClientReply:client-23C834B07313->edccc055-c3f5-47df-b30f-76e8836f4c59@group-ED32739C8BBB, cid=659, SUCCESS, logIndex=815, commits[edccc055-c3f5-47df-b30f-76e8836f4c59:c817, f9704f82-adf1-457c-ad29-9b573bc67fa6:c813, 932806d8-5f5d-4457-8f95-c9b7f9036eae:c813]
2019-08-07 03:27:05,604 INFO  client.GrpcClientProtocolClient (GrpcClientProtocolClient.java:onNext(255)) - client-23C834B07313->edccc055-c3f5-47df-b30f-76e8836f4c59: receive RaftClientReply:client-23C834B07313->edccc055-c3f5-47df-b30f-76e8836f4c59@group-ED32739C8BBB, cid=660, SUCCESS, logIndex=816, commits[edccc055-c3f5-47df-b30f-76e8836f4c59:c817, f9704f82-adf1-457c-ad29-9b573bc67fa6:c813, 932806d8-5f5d-4457-8f95-c9b7f9036eae:c813]
2019-08-07 03:27:05,604 INFO  client.GrpcClientProtocolClient (GrpcClientProtocolClient.java:onNext(255)) - client-23C834B07313->edccc055-c3f5-47df-b30f-76e8836f4c59: receive RaftClientReply:client-23C834B07313->edccc055-c3f5-47df-b30f-76e8836f4c59@group-ED32739C8BBB, cid=661, SUCCESS, logIndex=817, commits[edccc055-c3f5-47df-b30f-76e8836f4c59:c818, f9704f82-adf1-457c-ad29-9b573bc67fa6:c815, 932806d8-5f5d-4457-8f95-c9b7f9036eae:c813]
2019-08-07 03:27:05,606 INFO  client.GrpcClientProtocolClient (GrpcClientProtocolClient.java:onNext(255)) - client-23C834B07313->edccc055-c3f5-47df-b30f-76e8836f4c59: receive RaftClientReply:client-23C834B07313->edccc055-c3f5-47df-b30f-76e8836f4c59@group-ED32739C8BBB, cid=662, SUCCESS, logIndex=0, commits[edccc055-c3f5-47df-b30f-76e8836f4c59:c821, f9704f82-adf1-457c-ad29-9b573bc67fa6:c817, 932806d8-5f5d-4457-8f95-c9b7f9036eae:c817]
2019-08-07 03:27:05,629 INFO  client.GrpcClientProtocolClient (GrpcClientProtocolClient.java:onNext(255)) - client-23C834B07313->edccc055-c3f5-47df-b30f-76e8836f4c59: receive RaftClientReply:client-23C834B07313->edccc055-c3f5-47df-b30f-76e8836f4c59@group-ED32739C8BBB, cid=663, SUCCESS, logIndex=822, commits[edccc055-c3f5-47df-b30f-76e8836f4c59:c823, f9704f82-adf1-457c-ad29-9b573bc67fa6:c821, 932806d8-5f5d-4457-8f95-c9b7f9036eae:c821]
2019-08-07 03:27:05,630 INFO  client.GrpcClientProtocolClient (GrpcClientProtocolClient.java:onNext(255)) - client-23C834B07313->edccc055-c3f5-47df-b30f-76e8836f4c59: receive RaftClientReply:client-23C834B07313->edccc055-c3f5-47df-b30f-76e8836f4c59@group-ED32739C8BBB, cid=664, SUCCESS, logIndex=823, commits[edccc055-c3f5-47df-b30f-76e8836f4c59:c823, f9704f82-adf1-457c-ad29-9b573bc67fa6:c821, 932806d8-5f5d-4457-8f95-c9b7f9036eae:c821]
2019-08-07 03:27:05,664 INFO  client.GrpcClientProtocolClient (GrpcClientProtocolClient.java:onNext(255)) - client-23C834B07313->edccc055-c3f5-47df-b30f-76e8836f4c59: receive RaftClientReply:client-23C834B07313->edccc055-c3f5-47df-b30f-76e8836f4c59@group-ED32739C8BBB, cid=665, SUCCESS, logIndex=826, commits[edccc055-c3f5-47df-b30f-76e8836f4c59:c827, f9704f82-adf1-457c-ad29-9b573bc67fa6:c823, 932806d8-5f5d-4457-8f95-c9b7f9036eae:c823]
2019-08-07 03:27:05,664 INFO  client.GrpcClientProtocolClient (GrpcClientProtocolClient.java:onNext(255)) - client-23C834B07313->edccc055-c3f5-47df-b30f-76e8836f4c59: receive RaftClientReply:client-23C834B07313->edccc055-c3f5-47df-b30f-76e8836f4c59@group-ED32739C8BBB, cid=666, SUCCESS, logIndex=827, commits[edccc055-c3f5-47df-b30f-76e8836f4c59:c827, f9704f82-adf1-457c-ad29-9b573bc67fa6:c823, 932806d8-5f5d-4457-8f95-c9b7f9036eae:c823]
2019-08-07 03:27:05,676 INFO  client.GrpcClientProtocolClient (GrpcClientProtocolClient.java:onNext(255)) - client-23C834B07313->edccc055-c3f5-47df-b30f-76e8836f4c59: receive RaftClientReply:client-23C834B07313->edccc055-c3f5-47df-b30f-76e8836f4c59@group-ED32739C8BBB, cid=667, SUCCESS, logIndex=0, commits[edccc055-c3f5-47df-b30f-76e8836f4c59:c828, f9704f82-adf1-457c-ad29-9b573bc67fa6:c827, 932806d8-5f5d-4457-8f95-c9b7f9036eae:c827]
2019-08-07 03:27:05,702 INFO  client.GrpcClientProtocolClient (GrpcClientProtocolClient.java:onNext(255)) - client-23C834B07313->edccc055-c3f5-47df-b30f-76e8836f4c59: receive RaftClientReply:client-23C834B07313->edccc055-c3f5-47df-b30f-76e8836f4c59@group-ED32739C8BBB, cid=668, SUCCESS, logIndex=830, commits[edccc055-c3f5-47df-b30f-76e8836f4c59:c831, f9704f82-adf1-457c-ad29-9b573bc67fa6:c829, 932806d8-5f5d-4457-8f95-c9b7f9036eae:c829]
2019-08-07 03:27:05,703 INFO  client.GrpcClientProtocolClient (GrpcClientProtocolClient.java:onNext(255)) - client-23C834B07313->edccc055-c3f5-47df-b30f-76e8836f4c59: receive RaftClientReply:client-23C834B07313->edccc055-c3f5-47df-b30f-76e8836f4c59@group-ED32739C8BBB, cid=669, SUCCESS, logIndex=831, commits[edccc055-c3f5-47df-b30f-76e8836f4c59:c832, f9704f82-adf1-457c-ad29-9b573bc67fa6:c829, 932806d8-5f5d-4457-8f95-c9b7f9036eae:c829]
2019-08-07 03:27:05,703 INFO  client.GrpcClientProtocolClient (GrpcClientProtocolClient.java:onNext(255)) - client-23C834B07313->edccc055-c3f5-47df-b30f-76e8836f4c59: receive RaftClientReply:client-23C834B07313->edccc055-c3f5-47df-b30f-76e8836f4c59@group-ED32739C8BBB, cid=670, SUCCESS, logIndex=832, commits[edccc055-c3f5-47df-b30f-76e8836f4c59:c832, f9704f82-adf1-457c-ad29-9b573bc67fa6:c829, 932806d8-5f5d-4457-8f95-c9b7f9036eae:c829]
2019-08-07 03:27:05,703 INFO  client.GrpcClientProtocolClient (GrpcClientProtocolClient.java:onNext(255)) - client-23C834B07313->edccc055-c3f5-47df-b30f-76e8836f4c59: receive RaftClientReply:client-23C834B07313->edccc055-c3f5-47df-b30f-76e8836f4c59@group-ED32739C8BBB, cid=671, SUCCESS, logIndex=833, commits[edccc055-c3f5-47df-b30f-76e8836f4c59:c833, f9704f82-adf1-457c-ad29-9b573bc67fa6:c829, 932806d8-5f5d-4457-8f95-c9b7f9036eae:c829]
2019-08-07 03:27:05,705 INFO  client.GrpcClientProtocolClient (GrpcClientProtocolClient.java:onNext(255)) - client-23C834B07313->edccc055-c3f5-47df-b30f-76e8836f4c59: receive RaftClientReply:client-23C834B07313->edccc055-c3f5-47df-b30f-76e8836f4c59@group-ED32739C8BBB, cid=672, SUCCESS, logIndex=0, commits[edccc055-c3f5-47df-b30f-76e8836f4c59:c836, f9704f82-adf1-457c-ad29-9b573bc67fa6:c831, 932806d8-5f5d-4457-8f95-c9b7f9036eae:c832]
2019-08-07 03:27:05,727 INFO  client.GrpcClientProtocolClient (GrpcClientProtocolClient.java:onNext(255)) - client-23C834B07313->edccc055-c3f5-47df-b30f-76e8836f4c59: receive RaftClientReply:client-23C834B07313->edccc055-c3f5-47df-b30f-76e8836f4c59@group-ED32739C8BBB, cid=673, SUCCESS, logIndex=838, commits[edccc055-c3f5-47df-b30f-76e8836f4c59:c839, f9704f82-adf1-457c-ad29-9b573bc67fa6:c837, 932806d8-5f5d-4457-8f95-c9b7f9036eae:c837]
2019-08-07 03:27:05,727 INFO  client.GrpcClientProtocolClient (GrpcClientProtocolClient.java:onNext(255)) - client-23C834B07313->edccc055-c3f5-47df-b30f-76e8836f4c59: receive RaftClientReply:client-23C834B07313->edccc055-c3f5-47df-b30f-76e8836f4c59@group-ED32739C8BBB, cid=674, SUCCESS, logIndex=839, commits[edccc055-c3f5-47df-b30f-76e8836f4c59:c839, f9704f82-adf1-457c-ad29-9b573bc67fa6:c837, 932806d8-5f5d-4457-8f95-c9b7f9036eae:c837]
2019-08-07 03:27:05,753 INFO  client.GrpcClientProtocolClient (GrpcClientProtocolClient.java:onNext(255)) - client-23C834B07313->edccc055-c3f5-47df-b30f-76e8836f4c59: receive RaftClientReply:client-23C834B07313->edccc055-c3f5-47df-b30f-76e8836f4c59@group-ED32739C8BBB, cid=675, SUCCESS, logIndex=842, commits[edccc055-c3f5-47df-b30f-76e8836f4c59:c843, f9704f82-adf1-457c-ad29-9b573bc67fa6:c839, 932806d8-5f5d-4457-8f95-c9b7f9036eae:c839]
2019-08-07 03:27:05,753 INFO  client.GrpcClientProtocolClient (GrpcClientProtocolClient.java:onNext(255)) - client-23C834B07313->edccc055-c3f5-47df-b30f-76e8836f4c59: receive RaftClientReply:client-23C834B07313->edccc055-c3f5-47df-b30f-76e8836f4c59@group-ED32739C8BBB, cid=676, SUCCESS, logIndex=843, commits[edccc055-c3f5-47df-b30f-76e8836f4c59:c843, f9704f82-adf1-457c-ad29-9b573bc67fa6:c839, 932806d8-5f5d-4457-8f95-c9b7f9036eae:c839]
2019-08-07 03:27:05,766 INFO  client.GrpcClientProtocolClient (GrpcClientProtocolClient.java:onNext(255)) - client-23C834B07313->edccc055-c3f5-47df-b30f-76e8836f4c59: receive RaftClientReply:client-23C834B07313->edccc055-c3f5-47df-b30f-76e8836f4c59@group-ED32739C8BBB, cid=677, SUCCESS, logIndex=0, commits[edccc055-c3f5-47df-b30f-76e8836f4c59:c845, f9704f82-adf1-457c-ad29-9b573bc67fa6:c843, 932806d8-5f5d-4457-8f95-c9b7f9036eae:c843]
2019-08-07 03:27:05,788 INFO  client.GrpcClientProtocolClient (GrpcClientProtocolClient.java:onNext(255)) - client-23C834B07313->edccc055-c3f5-47df-b30f-76e8836f4c59: receive RaftClientReply:client-23C834B07313->edccc055-c3f5-47df-b30f-76e8836f4c59@group-ED32739C8BBB, cid=678, SUCCESS, logIndex=846, commits[edccc055-c3f5-47df-b30f-76e8836f4c59:c847, f9704f82-adf1-457c-ad29-9b573bc67fa6:c845, 932806d8-5f5d-4457-8f95-c9b7f9036eae:c845]
2019-08-07 03:27:05,789 INFO  client.GrpcClientProtocolClient (GrpcClientProtocolClient.java:onNext(255)) - client-23C834B07313->edccc055-c3f5-47df-b30f-76e8836f4c59: receive RaftClientReply:client-23C834B07313->edccc055-c3f5-47df-b30f-76e8836f4c59@group-ED32739C8BBB, cid=679, SUCCESS, logIndex=847, commits[edccc055-c3f5-47df-b30f-76e8836f4c59:c849, f9704f82-adf1-457c-ad29-9b573bc67fa6:c845, 932806d8-5f5d-4457-8f95-c9b7f9036eae:c845]
2019-08-07 03:27:05,790 INFO  client.GrpcClientProtocolClient (GrpcClientProtocolClient.java:onNext(255)) - client-23C834B07313->edccc055-c3f5-47df-b30f-76e8836f4c59: receive RaftClientReply:client-23C834B07313->edccc055-c3f5-47df-b30f-76e8836f4c59@group-ED32739C8BBB, cid=680, SUCCESS, logIndex=848, commits[edccc055-c3f5-47df-b30f-76e8836f4c59:c849, f9704f82-adf1-457c-ad29-9b573bc67fa6:c845, 932806d8-5f5d-4457-8f95-c9b7f9036eae:c845]
2019-08-07 03:27:05,790 INFO  client.GrpcClientProtocolClient (GrpcClientProtocolClient.java:onNext(255)) - client-23C834B07313->edccc055-c3f5-47df-b30f-76e8836f4c59: receive RaftClientReply:client-23C834B07313->edccc055-c3f5-47df-b30f-76e8836f4c59@group-ED32739C8BBB, cid=681, SUCCESS, logIndex=849, commits[edccc055-c3f5-47df-b30f-76e8836f4c59:c849, f9704f82-adf1-457c-ad29-9b573bc67fa6:c845, 932806d8-5f5d-4457-8f95-c9b7f9036eae:c845]
2019-08-07 03:27:05,792 INFO  client.GrpcClientProtocolClient (GrpcClientProtocolClient.java:onNext(255)) - client-23C834B07313->edccc055-c3f5-47df-b30f-76e8836f4c59: receive RaftClientReply:client-23C834B07313->edccc055-c3f5-47df-b30f-76e8836f4c59@group-ED32739C8BBB, cid=682, SUCCESS, logIndex=0, commits[edccc055-c3f5-47df-b30f-76e8836f4c59:c853, f9704f82-adf1-457c-ad29-9b573bc67fa6:c849, 932806d8-5f5d-4457-8f95-c9b7f9036eae:c849]
2019-08-07 03:27:05,814 INFO  client.GrpcClientProtocolClient (GrpcClientProtocolClient.java:onNext(255)) - client-23C834B07313->edccc055-c3f5-47df-b30f-76e8836f4c59: receive RaftClientReply:client-23C834B07313->edccc055-c3f5-47df-b30f-76e8836f4c59@group-ED32739C8BBB, cid=683, SUCCESS, logIndex=854, commits[edccc055-c3f5-47df-b30f-76e8836f4c59:c855, f9704f82-adf1-457c-ad29-9b573bc67fa6:c853, 932806d8-5f5d-4457-8f95-c9b7f9036eae:c853]
2019-08-07 03:27:05,814 INFO  client.GrpcClientProtocolClient (GrpcClientProtocolClient.java:onNext(255)) - client-23C834B07313->edccc055-c3f5-47df-b30f-76e8836f4c59: receive RaftClientReply:client-23C834B07313->edccc055-c3f5-47df-b30f-76e8836f4c59@group-ED32739C8BBB, cid=684, SUCCESS, logIndex=855, commits[edccc055-c3f5-47df-b30f-76e8836f4c59:c855, f9704f82-adf1-457c-ad29-9b573bc67fa6:c853, 932806d8-5f5d-4457-8f95-c9b7f9036eae:c853]
2019-08-07 03:27:05,839 INFO  client.GrpcClientProtocolClient (GrpcClientProtocolClient.java:onNext(255)) - client-23C834B07313->edccc055-c3f5-47df-b30f-76e8836f4c59: receive RaftClientReply:client-23C834B07313->edccc055-c3f5-47df-b30f-76e8836f4c59@group-ED32739C8BBB, cid=685, SUCCESS, logIndex=858, commits[edccc055-c3f5-47df-b30f-76e8836f4c59:c859, f9704f82-adf1-457c-ad29-9b573bc67fa6:c855, 932806d8-5f5d-4457-8f95-c9b7f9036eae:c855]
2019-08-07 03:27:05,839 INFO  client.GrpcClientProtocolClient (GrpcClientProtocolClient.java:onNext(255)) - client-23C834B07313->edccc055-c3f5-47df-b30f-76e8836f4c59: receive RaftClientReply:client-23C834B07313->edccc055-c3f5-47df-b30f-76e8836f4c59@group-ED32739C8BBB, cid=686, SUCCESS, logIndex=859, commits[edccc055-c3f5-47df-b30f-76e8836f4c59:c859, f9704f82-adf1-457c-ad29-9b573bc67fa6:c855, 932806d8-5f5d-4457-8f95-c9b7f9036eae:c855]
2019-08-07 03:27:05,841 INFO  client.GrpcClientProtocolClient (GrpcClientProtocolClient.java:onNext(255)) - client-23C834B07313->edccc055-c3f5-47df-b30f-76e8836f4c59: receive RaftClientReply:client-23C834B07313->edccc055-c3f5-47df-b30f-76e8836f4c59@group-ED32739C8BBB, cid=687, SUCCESS, logIndex=0, commits[edccc055-c3f5-47df-b30f-76e8836f4c59:c861, f9704f82-adf1-457c-ad29-9b573bc67fa6:c859, 932806d8-5f5d-4457-8f95-c9b7f9036eae:c859]
2019-08-07 03:27:05,863 INFO  client.GrpcClientProtocolClient (GrpcClientProtocolClient.java:onNext(255)) - client-23C834B07313->edccc055-c3f5-47df-b30f-76e8836f4c59: receive RaftClientReply:client-23C834B07313->edccc055-c3f5-47df-b30f-76e8836f4c59@group-ED32739C8BBB, cid=688, SUCCESS, logIndex=862, commits[edccc055-c3f5-47df-b30f-76e8836f4c59:c862, f9704f82-adf1-457c-ad29-9b573bc67fa6:c861, 932806d8-5f5d-4457-8f95-c9b7f9036eae:c861]
2019-08-07 03:27:05,864 INFO  client.GrpcClientProtocolClient (GrpcClientProtocolClient.java:onNext(255)) - client-23C834B07313->edccc055-c3f5-47df-b30f-76e8836f4c59: receive RaftClientReply:client-23C834B07313->edccc055-c3f5-47df-b30f-76e8836f4c59@group-ED32739C8BBB, cid=689, SUCCESS, logIndex=863, commits[edccc055-c3f5-47df-b30f-76e8836f4c59:c865, f9704f82-adf1-457c-ad29-9b573bc67fa6:c861, 932806d8-5f5d-4457-8f95-c9b7f9036eae:c861]
2019-08-07 03:27:05,864 INFO  client.GrpcClientProtocolClient (GrpcClientProtocolClient.java:onNext(255)) - client-23C834B07313->edccc055-c3f5-47df-b30f-76e8836f4c59: receive RaftClientReply:client-23C834B07313->edccc055-c3f5-47df-b30f-76e8836f4c59@group-ED32739C8BBB, cid=690, SUCCESS, logIndex=864, commits[edccc055-c3f5-47df-b30f-76e8836f4c59:c865, f9704f82-adf1-457c-ad29-9b573bc67fa6:c861, 932806d8-5f5d-4457-8f95-c9b7f9036eae:c861]
2019-08-07 03:27:05,864 INFO  client.GrpcClientProtocolClient (GrpcClientProtocolClient.java:onNext(255)) - client-23C834B07313->edccc055-c3f5-47df-b30f-76e8836f4c59: receive RaftClientReply:client-23C834B07313->edccc055-c3f5-47df-b30f-76e8836f4c59@group-ED32739C8BBB, cid=691, SUCCESS, logIndex=865, commits[edccc055-c3f5-47df-b30f-76e8836f4c59:c866, f9704f82-adf1-457c-ad29-9b573bc67fa6:c862, 932806d8-5f5d-4457-8f95-c9b7f9036eae:c862]
2019-08-07 03:27:05,866 INFO  client.GrpcClientProtocolClient (GrpcClientProtocolClient.java:onNext(255)) - client-23C834B07313->edccc055-c3f5-47df-b30f-76e8836f4c59: receive RaftClientReply:client-23C834B07313->edccc055-c3f5-47df-b30f-76e8836f4c59@group-ED32739C8BBB, cid=692, SUCCESS, logIndex=0, commits[edccc055-c3f5-47df-b30f-76e8836f4c59:c868, f9704f82-adf1-457c-ad29-9b573bc67fa6:c865, 932806d8-5f5d-4457-8f95-c9b7f9036eae:c865]
2019-08-07 03:27:05,887 INFO  client.GrpcClientProtocolClient (GrpcClientProtocolClient.java:onNext(255)) - client-23C834B07313->edccc055-c3f5-47df-b30f-76e8836f4c59: receive RaftClientReply:client-23C834B07313->edccc055-c3f5-47df-b30f-76e8836f4c59@group-ED32739C8BBB, cid=693, SUCCESS, logIndex=869, commits[edccc055-c3f5-47df-b30f-76e8836f4c59:c870, f9704f82-adf1-457c-ad29-9b573bc67fa6:c868, 932806d8-5f5d-4457-8f95-c9b7f9036eae:c868]
2019-08-07 03:27:05,887 INFO  client.GrpcClientProtocolClient (GrpcClientProtocolClient.java:onNext(255)) - client-23C834B07313->edccc055-c3f5-47df-b30f-76e8836f4c59: receive RaftClientReply:client-23C834B07313->edccc055-c3f5-47df-b30f-76e8836f4c59@group-ED32739C8BBB, cid=694, SUCCESS, logIndex=870, commits[edccc055-c3f5-47df-b30f-76e8836f4c59:c870, f9704f82-adf1-457c-ad29-9b573bc67fa6:c868, 932806d8-5f5d-4457-8f95-c9b7f9036eae:c868]
2019-08-07 03:27:05,921 INFO  client.GrpcClientProtocolClient (GrpcClientProtocolClient.java:onNext(255)) - client-23C834B07313->edccc055-c3f5-47df-b30f-76e8836f4c59: receive RaftClientReply:client-23C834B07313->edccc055-c3f5-47df-b30f-76e8836f4c59@group-ED32739C8BBB, cid=695, SUCCESS, logIndex=873, commits[edccc055-c3f5-47df-b30f-76e8836f4c59:c874, f9704f82-adf1-457c-ad29-9b573bc67fa6:c870, 932806d8-5f5d-4457-8f95-c9b7f9036eae:c870]
2019-08-07 03:27:05,922 INFO  client.GrpcClientProtocolClient (GrpcClientProtocolClient.java:onNext(255)) - client-23C834B07313->edccc055-c3f5-47df-b30f-76e8836f4c59: receive RaftClientReply:client-23C834B07313->edccc055-c3f5-47df-b30f-76e8836f4c59@group-ED32739C8BBB, cid=696, SUCCESS, logIndex=874, commits[edccc055-c3f5-47df-b30f-76e8836f4c59:c874, f9704f82-adf1-457c-ad29-9b573bc67fa6:c870, 932806d8-5f5d-4457-8f95-c9b7f9036eae:c870]
2019-08-07 03:27:06,027 INFO  client.GrpcClientProtocolClient (GrpcClientProtocolClient.java:onNext(255)) - client-23C834B07313->edccc055-c3f5-47df-b30f-76e8836f4c59: receive RaftClientReply:client-23C834B07313->edccc055-c3f5-47df-b30f-76e8836f4c59@group-ED32739C8BBB, cid=697, SUCCESS, logIndex=0, commits[edccc055-c3f5-47df-b30f-76e8836f4c59:c876, f9704f82-adf1-457c-ad29-9b573bc67fa6:c874, 932806d8-5f5d-4457-8f95-c9b7f9036eae:c874]
2019-08-07 03:27:06,051 INFO  client.GrpcClientProtocolClient (GrpcClientProtocolClient.java:onNext(255)) - client-23C834B07313->edccc055-c3f5-47df-b30f-76e8836f4c59: receive RaftClientReply:client-23C834B07313->edccc055-c3f5-47df-b30f-76e8836f4c59@group-ED32739C8BBB, cid=698, SUCCESS, logIndex=877, commits[edccc055-c3f5-47df-b30f-76e8836f4c59:c878, f9704f82-adf1-457c-ad29-9b573bc67fa6:c876, 932806d8-5f5d-4457-8f95-c9b7f9036eae:c876]
2019-08-07 03:27:06,052 INFO  client.GrpcClientProtocolClient (GrpcClientProtocolClient.java:onNext(255)) - client-23C834B07313->edccc055-c3f5-47df-b30f-76e8836f4c59: receive RaftClientReply:client-23C834B07313->edccc055-c3f5-47df-b30f-76e8836f4c59@group-ED32739C8BBB, cid=699, SUCCESS, logIndex=878, commits[edccc055-c3f5-47df-b30f-76e8836f4c59:c880, f9704f82-adf1-457c-ad29-9b573bc67fa6:c876, 932806d8-5f5d-4457-8f95-c9b7f9036eae:c876]
2019-08-07 03:27:06,053 INFO  client.GrpcClientProtocolClient (GrpcClientProtocolClient.java:onNext(255)) - client-23C834B07313->edccc055-c3f5-47df-b30f-76e8836f4c59: receive RaftClientReply:client-23C834B07313->edccc055-c3f5-47df-b30f-76e8836f4c59@group-ED32739C8BBB, cid=700, SUCCESS, logIndex=879, commits[edccc055-c3f5-47df-b30f-76e8836f4c59:c880, f9704f82-adf1-457c-ad29-9b573bc67fa6:c876, 932806d8-5f5d-4457-8f95-c9b7f9036eae:c876]
2019-08-07 03:27:06,053 INFO  client.GrpcClientProtocolClient (GrpcClientProtocolClient.java:onNext(255)) - client-23C834B07313->edccc055-c3f5-47df-b30f-76e8836f4c59: receive RaftClientReply:client-23C834B07313->edccc055-c3f5-47df-b30f-76e8836f4c59@group-ED32739C8BBB, cid=701, SUCCESS, logIndex=880, commits[edccc055-c3f5-47df-b30f-76e8836f4c59:c880, f9704f82-adf1-457c-ad29-9b573bc67fa6:c876, 932806d8-5f5d-4457-8f95-c9b7f9036eae:c876]
2019-08-07 03:27:06,055 INFO  client.GrpcClientProtocolClient (GrpcClientProtocolClient.java:onNext(255)) - client-23C834B07313->edccc055-c3f5-47df-b30f-76e8836f4c59: receive RaftClientReply:client-23C834B07313->edccc055-c3f5-47df-b30f-76e8836f4c59@group-ED32739C8BBB, cid=702, SUCCESS, logIndex=0, commits[edccc055-c3f5-47df-b30f-76e8836f4c59:c884, f9704f82-adf1-457c-ad29-9b573bc67fa6:c880, 932806d8-5f5d-4457-8f95-c9b7f9036eae:c880]
2019-08-07 03:27:06,076 INFO  client.GrpcClientProtocolClient (GrpcClientProtocolClient.java:onNext(255)) - client-23C834B07313->edccc055-c3f5-47df-b30f-76e8836f4c59: receive RaftClientReply:client-23C834B07313->edccc055-c3f5-47df-b30f-76e8836f4c59@group-ED32739C8BBB, cid=703, SUCCESS, logIndex=885, commits[edccc055-c3f5-47df-b30f-76e8836f4c59:c886, f9704f82-adf1-457c-ad29-9b573bc67fa6:c884, 932806d8-5f5d-4457-8f95-c9b7f9036eae:c884]
2019-08-07 03:27:06,077 INFO  client.GrpcClientProtocolClient (GrpcClientProtocolClient.java:onNext(255)) - client-23C834B07313->edccc055-c3f5-47df-b30f-76e8836f4c59: receive RaftClientReply:client-23C834B07313->edccc055-c3f5-47df-b30f-76e8836f4c59@group-ED32739C8BBB, cid=704, SUCCESS, logIndex=886, commits[edccc055-c3f5-47df-b30f-76e8836f4c59:c886, f9704f82-adf1-457c-ad29-9b573bc67fa6:c884, 932806d8-5f5d-4457-8f95-c9b7f9036eae:c884]
2019-08-07 03:27:06,102 INFO  client.GrpcClientProtocolClient (GrpcClientProtocolClient.java:onNext(255)) - client-23C834B07313->edccc055-c3f5-47df-b30f-76e8836f4c59: receive RaftClientReply:client-23C834B07313->edccc055-c3f5-47df-b30f-76e8836f4c59@group-ED32739C8BBB, cid=705, SUCCESS, logIndex=889, commits[edccc055-c3f5-47df-b30f-76e8836f4c59:c890, f9704f82-adf1-457c-ad29-9b573bc67fa6:c886, 932806d8-5f5d-4457-8f95-c9b7f9036eae:c886]
2019-08-07 03:27:06,103 INFO  client.GrpcClientProtocolClient (GrpcClientProtocolClient.java:onNext(255)) - client-23C834B07313->edccc055-c3f5-47df-b30f-76e8836f4c59: receive RaftClientReply:client-23C834B07313->edccc055-c3f5-47df-b30f-76e8836f4c59@group-ED32739C8BBB, cid=706, SUCCESS, logIndex=890, commits[edccc055-c3f5-47df-b30f-76e8836f4c59:c890, f9704f82-adf1-457c-ad29-9b573bc67fa6:c886, 932806d8-5f5d-4457-8f95-c9b7f9036eae:c886]
2019-08-07 03:27:06,113 INFO  client.GrpcClientProtocolClient (GrpcClientProtocolClient.java:onNext(255)) - client-23C834B07313->edccc055-c3f5-47df-b30f-76e8836f4c59: receive RaftClientReply:client-23C834B07313->edccc055-c3f5-47df-b30f-76e8836f4c59@group-ED32739C8BBB, cid=707, SUCCESS, logIndex=0, commits[edccc055-c3f5-47df-b30f-76e8836f4c59:c890, f9704f82-adf1-457c-ad29-9b573bc67fa6:c890, 932806d8-5f5d-4457-8f95-c9b7f9036eae:c890]
2019-08-07 03:27:06,136 INFO  client.GrpcClientProtocolClient (GrpcClientProtocolClient.java:onNext(255)) - client-23C834B07313->edccc055-c3f5-47df-b30f-76e8836f4c59: receive RaftClientReply:client-23C834B07313->edccc055-c3f5-47df-b30f-76e8836f4c59@group-ED32739C8BBB, cid=708, SUCCESS, logIndex=893, commits[edccc055-c3f5-47df-b30f-76e8836f4c59:c894, f9704f82-adf1-457c-ad29-9b573bc67fa6:c892, 932806d8-5f5d-4457-8f95-c9b7f9036eae:c892]
2019-08-07 03:27:06,137 INFO  client.GrpcClientProtocolClient (GrpcClientProtocolClient.java:onNext(255)) - client-23C834B07313->edccc055-c3f5-47df-b30f-76e8836f4c59: receive RaftClientReply:client-23C834B07313->edccc055-c3f5-47df-b30f-76e8836f4c59@group-ED32739C8BBB, cid=709, SUCCESS, logIndex=894, commits[edccc055-c3f5-47df-b30f-76e8836f4c59:c896, f9704f82-adf1-457c-ad29-9b573bc67fa6:c892, 932806d8-5f5d-4457-8f95-c9b7f9036eae:c892]
2019-08-07 03:27:06,137 INFO  client.GrpcClientProtocolClient (GrpcClientProtocolClient.java:onNext(255)) - client-23C834B07313->edccc055-c3f5-47df-b30f-76e8836f4c59: receive RaftClientReply:client-23C834B07313->edccc055-c3f5-47df-b30f-76e8836f4c59@group-ED32739C8BBB, cid=710, SUCCESS, logIndex=895, commits[edccc055-c3f5-47df-b30f-76e8836f4c59:c896, f9704f82-adf1-457c-ad29-9b573bc67fa6:c892, 932806d8-5f5d-4457-8f95-c9b7f9036eae:c892]
2019-08-07 03:27:06,138 INFO  client.GrpcClientProtocolClient (GrpcClientProtocolClient.java:onNext(255)) - client-23C834B07313->edccc055-c3f5-47df-b30f-76e8836f4c59: receive RaftClientReply:client-23C834B07313->edccc055-c3f5-47df-b30f-76e8836f4c59@group-ED32739C8BBB, cid=711, SUCCESS, logIndex=896, commits[edccc055-c3f5-47df-b30f-76e8836f4c59:c896, f9704f82-adf1-457c-ad29-9b573bc67fa6:c892, 932806d8-5f5d-4457-8f95-c9b7f9036eae:c892]
2019-08-07 03:27:06,139 INFO  client.GrpcClientProtocolClient (GrpcClientProtocolClient.java:onNext(255)) - client-23C834B07313->edccc055-c3f5-47df-b30f-76e8836f4c59: receive RaftClientReply:client-23C834B07313->edccc055-c3f5-47df-b30f-76e8836f4c59@group-ED32739C8BBB, cid=712, SUCCESS, logIndex=0, commits[edccc055-c3f5-47df-b30f-76e8836f4c59:c898, f9704f82-adf1-457c-ad29-9b573bc67fa6:c894, 932806d8-5f5d-4457-8f95-c9b7f9036eae:c894]
2019-08-07 03:27:06,161 INFO  client.GrpcClientProtocolClient (GrpcClientProtocolClient.java:onNext(255)) - client-23C834B07313->edccc055-c3f5-47df-b30f-76e8836f4c59: receive RaftClientReply:client-23C834B07313->edccc055-c3f5-47df-b30f-76e8836f4c59@group-ED32739C8BBB, cid=713, SUCCESS, logIndex=901, commits[edccc055-c3f5-47df-b30f-76e8836f4c59:c902, f9704f82-adf1-457c-ad29-9b573bc67fa6:c900, 932806d8-5f5d-4457-8f95-c9b7f9036eae:c900]
2019-08-07 03:27:06,161 INFO  client.GrpcClientProtocolClient (GrpcClientProtocolClient.java:onNext(255)) - client-23C834B07313->edccc055-c3f5-47df-b30f-76e8836f4c59: receive RaftClientReply:client-23C834B07313->edccc055-c3f5-47df-b30f-76e8836f4c59@group-ED32739C8BBB, cid=714, SUCCESS, logIndex=902, commits[edccc055-c3f5-47df-b30f-76e8836f4c59:c902, f9704f82-adf1-457c-ad29-9b573bc67fa6:c900, 932806d8-5f5d-4457-8f95-c9b7f9036eae:c900]
 0.00% |█                                                                                                    |  0/1 Time: 0:00:022019-08-07 03:27:06,180 INFO  client.GrpcClientProtocolClient (GrpcClientProtocolClient.java:onNext(255)) - client-23C834B07313->edccc055-c3f5-47df-b30f-76e8836f4c59: receive RaftClientReply:client-23C834B07313->edccc055-c3f5-47df-b30f-76e8836f4c59@group-ED32739C8BBB, cid=715, SUCCESS, logIndex=905, commits[edccc055-c3f5-47df-b30f-76e8836f4c59:c906, f9704f82-adf1-457c-ad29-9b573bc67fa6:c902, 932806d8-5f5d-4457-8f95-c9b7f9036eae:c902]
2019-08-07 03:27:06,180 INFO  client.GrpcClientProtocolClient (GrpcClientProtocolClient.java:onNext(255)) - client-23C834B07313->edccc055-c3f5-47df-b30f-76e8836f4c59: receive RaftClientReply:client-23C834B07313->edccc055-c3f5-47df-b30f-76e8836f4c59@group-ED32739C8BBB, cid=716, SUCCESS, logIndex=906, commits[edccc055-c3f5-47df-b30f-76e8836f4c59:c906, f9704f82-adf1-457c-ad29-9b573bc67fa6:c902, 932806d8-5f5d-4457-8f95-c9b7f9036eae:c902]
2019-08-07 03:27:06,190 INFO  client.GrpcClientProtocolClient (GrpcClientProtocolClient.java:onNext(255)) - client-23C834B07313->edccc055-c3f5-47df-b30f-76e8836f4c59: receive RaftClientReply:client-23C834B07313->edccc055-c3f5-47df-b30f-76e8836f4c59@group-ED32739C8BBB, cid=717, SUCCESS, logIndex=0, commits[edccc055-c3f5-47df-b30f-76e8836f4c59:c908, f9704f82-adf1-457c-ad29-9b573bc67fa6:c906, 932806d8-5f5d-4457-8f95-c9b7f9036eae:c906]
2019-08-07 03:27:06,211 INFO  client.GrpcClientProtocolClient (GrpcClientProtocolClient.java:onNext(255)) - client-23C834B07313->edccc055-c3f5-47df-b30f-76e8836f4c59: receive RaftClientReply:client-23C834B07313->edccc055-c3f5-47df-b30f-76e8836f4c59@group-ED32739C8BBB, cid=718, SUCCESS, logIndex=909, commits[edccc055-c3f5-47df-b30f-76e8836f4c59:c910, f9704f82-adf1-457c-ad29-9b573bc67fa6:c908, 932806d8-5f5d-4457-8f95-c9b7f9036eae:c908]
2019-08-07 03:27:06,212 INFO  client.GrpcClientProtocolClient (GrpcClientProtocolClient.java:onNext(255)) - client-23C834B07313->edccc055-c3f5-47df-b30f-76e8836f4c59: receive RaftClientReply:client-23C834B07313->edccc055-c3f5-47df-b30f-76e8836f4c59@group-ED32739C8BBB, cid=719, SUCCESS, logIndex=910, commits[edccc055-c3f5-47df-b30f-76e8836f4c59:c912, f9704f82-adf1-457c-ad29-9b573bc67fa6:c908, 932806d8-5f5d-4457-8f95-c9b7f9036eae:c908]
2019-08-07 03:27:06,213 INFO  client.GrpcClientProtocolClient (GrpcClientProtocolClient.java:onNext(255)) - client-23C834B07313->edccc055-c3f5-47df-b30f-76e8836f4c59: receive RaftClientReply:client-23C834B07313->edccc055-c3f5-47df-b30f-76e8836f4c59@group-ED32739C8BBB, cid=720, SUCCESS, logIndex=911, commits[edccc055-c3f5-47df-b30f-76e8836f4c59:c912, f9704f82-adf1-457c-ad29-9b573bc67fa6:c908, 932806d8-5f5d-4457-8f95-c9b7f9036eae:c908]
2019-08-07 03:27:06,213 INFO  client.GrpcClientProtocolClient (GrpcClientProtocolClient.java:onNext(255)) - client-23C834B07313->edccc055-c3f5-47df-b30f-76e8836f4c59: receive RaftClientReply:client-23C834B07313->edccc055-c3f5-47df-b30f-76e8836f4c59@group-ED32739C8BBB, cid=721, SUCCESS, logIndex=912, commits[edccc055-c3f5-47df-b30f-76e8836f4c59:c912, f9704f82-adf1-457c-ad29-9b573bc67fa6:c908, 932806d8-5f5d-4457-8f95-c9b7f9036eae:c908]
2019-08-07 03:27:06,215 INFO  client.GrpcClientProtocolClient (GrpcClientProtocolClient.java:onNext(255)) - client-23C834B07313->edccc055-c3f5-47df-b30f-76e8836f4c59: receive RaftClientReply:client-23C834B07313->edccc055-c3f5-47df-b30f-76e8836f4c59@group-ED32739C8BBB, cid=722, SUCCESS, logIndex=0, commits[edccc055-c3f5-47df-b30f-76e8836f4c59:c915, f9704f82-adf1-457c-ad29-9b573bc67fa6:c912, 932806d8-5f5d-4457-8f95-c9b7f9036eae:c912]
2019-08-07 03:27:06,236 INFO  client.GrpcClientProtocolClient (GrpcClientProtocolClient.java:onNext(255)) - client-23C834B07313->edccc055-c3f5-47df-b30f-76e8836f4c59: receive RaftClientReply:client-23C834B07313->edccc055-c3f5-47df-b30f-76e8836f4c59@group-ED32739C8BBB, cid=723, SUCCESS, logIndex=916, commits[edccc055-c3f5-47df-b30f-76e8836f4c59:c917, f9704f82-adf1-457c-ad29-9b573bc67fa6:c915, 932806d8-5f5d-4457-8f95-c9b7f9036eae:c915]
2019-08-07 03:27:06,236 INFO  client.GrpcClientProtocolClient (GrpcClientProtocolClient.java:onNext(255)) - client-23C834B07313->edccc055-c3f5-47df-b30f-76e8836f4c59: receive RaftClientReply:client-23C834B07313->edccc055-c3f5-47df-b30f-76e8836f4c59@group-ED32739C8BBB, cid=724, SUCCESS, logIndex=917, commits[edccc055-c3f5-47df-b30f-76e8836f4c59:c917, f9704f82-adf1-457c-ad29-9b573bc67fa6:c915, 932806d8-5f5d-4457-8f95-c9b7f9036eae:c915]
2019-08-07 03:27:06,261 INFO  client.GrpcClientProtocolClient (GrpcClientProtocolClient.java:onNext(255)) - client-23C834B07313->edccc055-c3f5-47df-b30f-76e8836f4c59: receive RaftClientReply:client-23C834B07313->edccc055-c3f5-47df-b30f-76e8836f4c59@group-ED32739C8BBB, cid=725, SUCCESS, logIndex=920, commits[edccc055-c3f5-47df-b30f-76e8836f4c59:c921, f9704f82-adf1-457c-ad29-9b573bc67fa6:c917, 932806d8-5f5d-4457-8f95-c9b7f9036eae:c917]
2019-08-07 03:27:06,262 INFO  client.GrpcClientProtocolClient (GrpcClientProtocolClient.java:onNext(255)) - client-23C834B07313->edccc055-c3f5-47df-b30f-76e8836f4c59: receive RaftClientReply:client-23C834B07313->edccc055-c3f5-47df-b30f-76e8836f4c59@group-ED32739C8BBB, cid=726, SUCCESS, logIndex=921, commits[edccc055-c3f5-47df-b30f-76e8836f4c59:c921, f9704f82-adf1-457c-ad29-9b573bc67fa6:c917, 932806d8-5f5d-4457-8f95-c9b7f9036eae:c917]
2019-08-07 03:27:06,276 INFO  client.GrpcClientProtocolClient (GrpcClientProtocolClient.java:onNext(255)) - client-23C834B07313->edccc055-c3f5-47df-b30f-76e8836f4c59: receive RaftClientReply:client-23C834B07313->edccc055-c3f5-47df-b30f-76e8836f4c59@group-ED32739C8BBB, cid=727, SUCCESS, logIndex=0, commits[edccc055-c3f5-47df-b30f-76e8836f4c59:c923, f9704f82-adf1-457c-ad29-9b573bc67fa6:c921, 932806d8-5f5d-4457-8f95-c9b7f9036eae:c921]
2019-08-07 03:27:06,298 INFO  client.GrpcClientProtocolClient (GrpcClientProtocolClient.java:onNext(255)) - client-23C834B07313->edccc055-c3f5-47df-b30f-76e8836f4c59: receive RaftClientReply:client-23C834B07313->edccc055-c3f5-47df-b30f-76e8836f4c59@group-ED32739C8BBB, cid=728, SUCCESS, logIndex=924, commits[edccc055-c3f5-47df-b30f-76e8836f4c59:c925, f9704f82-adf1-457c-ad29-9b573bc67fa6:c923, 932806d8-5f5d-4457-8f95-c9b7f9036eae:c923]
2019-08-07 03:27:06,299 INFO  client.GrpcClientProtocolClient (GrpcClientProtocolClient.java:onNext(255)) - client-23C834B07313->edccc055-c3f5-47df-b30f-76e8836f4c59: receive RaftClientReply:client-23C834B07313->edccc055-c3f5-47df-b30f-76e8836f4c59@group-ED32739C8BBB, cid=729, SUCCESS, logIndex=925, commits[edccc055-c3f5-47df-b30f-76e8836f4c59:c927, f9704f82-adf1-457c-ad29-9b573bc67fa6:c923, 932806d8-5f5d-4457-8f95-c9b7f9036eae:c923]
2019-08-07 03:27:06,299 INFO  client.GrpcClientProtocolClient (GrpcClientProtocolClient.java:onNext(255)) - client-23C834B07313->edccc055-c3f5-47df-b30f-76e8836f4c59: receive RaftClientReply:client-23C834B07313->edccc055-c3f5-47df-b30f-76e8836f4c59@group-ED32739C8BBB, cid=730, SUCCESS, logIndex=926, commits[edccc055-c3f5-47df-b30f-76e8836f4c59:c927, f9704f82-adf1-457c-ad29-9b573bc67fa6:c923, 932806d8-5f5d-4457-8f95-c9b7f9036eae:c923]
2019-08-07 03:27:06,299 INFO  client.GrpcClientProtocolClient (GrpcClientProtocolClient.java:onNext(255)) - client-23C834B07313->edccc055-c3f5-47df-b30f-76e8836f4c59: receive RaftClientReply:client-23C834B07313->edccc055-c3f5-47df-b30f-76e8836f4c59@group-ED32739C8BBB, cid=731, SUCCESS, logIndex=927, commits[edccc055-c3f5-47df-b30f-76e8836f4c59:c928, f9704f82-adf1-457c-ad29-9b573bc67fa6:c923, 932806d8-5f5d-4457-8f95-c9b7f9036eae:c924]
2019-08-07 03:27:06,302 INFO  client.GrpcClientProtocolClient (GrpcClientProtocolClient.java:onNext(255)) - client-23C834B07313->edccc055-c3f5-47df-b30f-76e8836f4c59: receive RaftClientReply:client-23C834B07313->edccc055-c3f5-47df-b30f-76e8836f4c59@group-ED32739C8BBB, cid=732, SUCCESS, logIndex=0, commits[edccc055-c3f5-47df-b30f-76e8836f4c59:c930, f9704f82-adf1-457c-ad29-9b573bc67fa6:c925, 932806d8-5f5d-4457-8f95-c9b7f9036eae:c927]
2019-08-07 03:27:06,316 INFO  client.GrpcClientProtocolClient (GrpcClientProtocolClient.java:onNext(255)) - client-23C834B07313->edccc055-c3f5-47df-b30f-76e8836f4c59: receive RaftClientReply:client-23C834B07313->edccc055-c3f5-47df-b30f-76e8836f4c59@group-ED32739C8BBB, cid=733, SUCCESS, logIndex=932, commits[edccc055-c3f5-47df-b30f-76e8836f4c59:c933, f9704f82-adf1-457c-ad29-9b573bc67fa6:c930, 932806d8-5f5d-4457-8f95-c9b7f9036eae:c927]
2019-08-07 03:27:06,316 INFO  client.GrpcClientProtocolClient (GrpcClientProtocolClient.java:onNext(255)) - client-23C834B07313->edccc055-c3f5-47df-b30f-76e8836f4c59: receive RaftClientReply:client-23C834B07313->edccc055-c3f5-47df-b30f-76e8836f4c59@group-ED32739C8BBB, cid=734, SUCCESS, logIndex=933, commits[edccc055-c3f5-47df-b30f-76e8836f4c59:c933, f9704f82-adf1-457c-ad29-9b573bc67fa6:c930, 932806d8-5f5d-4457-8f95-c9b7f9036eae:c930]
2019-08-07 03:27:06,340 INFO  client.GrpcClientProtocolClient (GrpcClientProtocolClient.java:onNext(255)) - client-23C834B07313->edccc055-c3f5-47df-b30f-76e8836f4c59: receive RaftClientReply:client-23C834B07313->edccc055-c3f5-47df-b30f-76e8836f4c59@group-ED32739C8BBB, cid=735, SUCCESS, logIndex=936, commits[edccc055-c3f5-47df-b30f-76e8836f4c59:c937, f9704f82-adf1-457c-ad29-9b573bc67fa6:c935, 932806d8-5f5d-4457-8f95-c9b7f9036eae:c935]
2019-08-07 03:27:06,341 INFO  client.GrpcClientProtocolClient (GrpcClientProtocolClient.java:onNext(255)) - client-23C834B07313->edccc055-c3f5-47df-b30f-76e8836f4c59: receive RaftClientReply:client-23C834B07313->edccc055-c3f5-47df-b30f-76e8836f4c59@group-ED32739C8BBB, cid=736, SUCCESS, logIndex=937, commits[edccc055-c3f5-47df-b30f-76e8836f4c59:c937, f9704f82-adf1-457c-ad29-9b573bc67fa6:c935, 932806d8-5f5d-4457-8f95-c9b7f9036eae:c935]
2019-08-07 03:27:06,354 INFO  client.GrpcClientProtocolClient (GrpcClientProtocolClient.java:onNext(255)) - client-23C834B07313->edccc055-c3f5-47df-b30f-76e8836f4c59: receive RaftClientReply:client-23C834B07313->edccc055-c3f5-47df-b30f-76e8836f4c59@group-ED32739C8BBB, cid=737, SUCCESS, logIndex=0, commits[edccc055-c3f5-47df-b30f-76e8836f4c59:c939, f9704f82-adf1-457c-ad29-9b573bc67fa6:c937, 932806d8-5f5d-4457-8f95-c9b7f9036eae:c937]
2019-08-07 03:27:06,376 INFO  client.GrpcClientProtocolClient (GrpcClientProtocolClient.java:onNext(255)) - client-23C834B07313->edccc055-c3f5-47df-b30f-76e8836f4c59: receive RaftClientReply:client-23C834B07313->edccc055-c3f5-47df-b30f-76e8836f4c59@group-ED32739C8BBB, cid=738, SUCCESS, logIndex=940, commits[edccc055-c3f5-47df-b30f-76e8836f4c59:c941, f9704f82-adf1-457c-ad29-9b573bc67fa6:c939, 932806d8-5f5d-4457-8f95-c9b7f9036eae:c939]
2019-08-07 03:27:06,376 INFO  client.GrpcClientProtocolClient (GrpcClientProtocolClient.java:onNext(255)) - client-23C834B07313->edccc055-c3f5-47df-b30f-76e8836f4c59: receive RaftClientReply:client-23C834B07313->edccc055-c3f5-47df-b30f-76e8836f4c59@group-ED32739C8BBB, cid=739, SUCCESS, logIndex=941, commits[edccc055-c3f5-47df-b30f-76e8836f4c59:c941, f9704f82-adf1-457c-ad29-9b573bc67fa6:c939, 932806d8-5f5d-4457-8f95-c9b7f9036eae:c939]
2019-08-07 03:27:06,377 INFO  client.GrpcClientProtocolClient (GrpcClientProtocolClient.java:onNext(255)) - client-23C834B07313->edccc055-c3f5-47df-b30f-76e8836f4c59: receive RaftClientReply:client-23C834B07313->edccc055-c3f5-47df-b30f-76e8836f4c59@group-ED32739C8BBB, cid=740, SUCCESS, logIndex=942, commits[edccc055-c3f5-47df-b30f-76e8836f4c59:c943, f9704f82-adf1-457c-ad29-9b573bc67fa6:c939, 932806d8-5f5d-4457-8f95-c9b7f9036eae:c939]
2019-08-07 03:27:06,377 INFO  client.GrpcClientProtocolClient (GrpcClientProtocolClient.java:onNext(255)) - client-23C834B07313->edccc055-c3f5-47df-b30f-76e8836f4c59: receive RaftClientReply:client-23C834B07313->edccc055-c3f5-47df-b30f-76e8836f4c59@group-ED32739C8BBB, cid=741, SUCCESS, logIndex=943, commits[edccc055-c3f5-47df-b30f-76e8836f4c59:c943, f9704f82-adf1-457c-ad29-9b573bc67fa6:c939, 932806d8-5f5d-4457-8f95-c9b7f9036eae:c939]
2019-08-07 03:27:06,390 INFO  client.GrpcClientProtocolClient (GrpcClientProtocolClient.java:onNext(255)) - client-23C834B07313->edccc055-c3f5-47df-b30f-76e8836f4c59: receive RaftClientReply:client-23C834B07313->edccc055-c3f5-47df-b30f-76e8836f4c59@group-ED32739C8BBB, cid=742, SUCCESS, logIndex=0, commits[edccc055-c3f5-47df-b30f-76e8836f4c59:c945, f9704f82-adf1-457c-ad29-9b573bc67fa6:c941, 932806d8-5f5d-4457-8f95-c9b7f9036eae:c941]
2019-08-07 03:27:06,411 INFO  client.GrpcClientProtocolClient (GrpcClientProtocolClient.java:onNext(255)) - client-23C834B07313->edccc055-c3f5-47df-b30f-76e8836f4c59: receive RaftClientReply:client-23C834B07313->edccc055-c3f5-47df-b30f-76e8836f4c59@group-ED32739C8BBB, cid=743, SUCCESS, logIndex=948, commits[edccc055-c3f5-47df-b30f-76e8836f4c59:c949, f9704f82-adf1-457c-ad29-9b573bc67fa6:c947, 932806d8-5f5d-4457-8f95-c9b7f9036eae:c947]
2019-08-07 03:27:06,411 INFO  client.GrpcClientProtocolClient (GrpcClientProtocolClient.java:onNext(255)) - client-23C834B07313->edccc055-c3f5-47df-b30f-76e8836f4c59: receive RaftClientReply:client-23C834B07313->edccc055-c3f5-47df-b30f-76e8836f4c59@group-ED32739C8BBB, cid=744, SUCCESS, logIndex=949, commits[edccc055-c3f5-47df-b30f-76e8836f4c59:c949, f9704f82-adf1-457c-ad29-9b573bc67fa6:c947, 932806d8-5f5d-4457-8f95-c9b7f9036eae:c947]
2019-08-07 03:27:06,440 INFO  client.GrpcClientProtocolClient (GrpcClientProtocolClient.java:onNext(255)) - client-23C834B07313->edccc055-c3f5-47df-b30f-76e8836f4c59: receive RaftClientReply:client-23C834B07313->edccc055-c3f5-47df-b30f-76e8836f4c59@group-ED32739C8BBB, cid=745, SUCCESS, logIndex=952, commits[edccc055-c3f5-47df-b30f-76e8836f4c59:c953, f9704f82-adf1-457c-ad29-9b573bc67fa6:c949, 932806d8-5f5d-4457-8f95-c9b7f9036eae:c949]
2019-08-07 03:27:06,440 INFO  client.GrpcClientProtocolClient (GrpcClientProtocolClient.java:onNext(255)) - client-23C834B07313->edccc055-c3f5-47df-b30f-76e8836f4c59: receive RaftClientReply:client-23C834B07313->edccc055-c3f5-47df-b30f-76e8836f4c59@group-ED32739C8BBB, cid=746, SUCCESS, logIndex=953, commits[edccc055-c3f5-47df-b30f-76e8836f4c59:c953, f9704f82-adf1-457c-ad29-9b573bc67fa6:c949, 932806d8-5f5d-4457-8f95-c9b7f9036eae:c949]
2019-08-07 03:27:06,448 INFO  client.GrpcClientProtocolClient (GrpcClientProtocolClient.java:onNext(255)) - client-23C834B07313->edccc055-c3f5-47df-b30f-76e8836f4c59: receive RaftClientReply:client-23C834B07313->edccc055-c3f5-47df-b30f-76e8836f4c59@group-ED32739C8BBB, cid=747, SUCCESS, logIndex=0, commits[edccc055-c3f5-47df-b30f-76e8836f4c59:c955, f9704f82-adf1-457c-ad29-9b573bc67fa6:c953, 932806d8-5f5d-4457-8f95-c9b7f9036eae:c953]
2019-08-07 03:27:06,470 INFO  client.GrpcClientProtocolClient (GrpcClientProtocolClient.java:onNext(255)) - client-23C834B07313->edccc055-c3f5-47df-b30f-76e8836f4c59: receive RaftClientReply:client-23C834B07313->edccc055-c3f5-47df-b30f-76e8836f4c59@group-ED32739C8BBB, cid=748, SUCCESS, logIndex=956, commits[edccc055-c3f5-47df-b30f-76e8836f4c59:c957, f9704f82-adf1-457c-ad29-9b573bc67fa6:c955, 932806d8-5f5d-4457-8f95-c9b7f9036eae:c955]
2019-08-07 03:27:06,471 INFO  client.GrpcClientProtocolClient (GrpcClientProtocolClient.java:onNext(255)) - client-23C834B07313->edccc055-c3f5-47df-b30f-76e8836f4c59: receive RaftClientReply:client-23C834B07313->edccc055-c3f5-47df-b30f-76e8836f4c59@group-ED32739C8BBB, cid=749, SUCCESS, logIndex=957, commits[edccc055-c3f5-47df-b30f-76e8836f4c59:c957, f9704f82-adf1-457c-ad29-9b573bc67fa6:c955, 932806d8-5f5d-4457-8f95-c9b7f9036eae:c955]
2019-08-07 03:27:06,472 INFO  client.GrpcClientProtocolClient (GrpcClientProtocolClient.java:onNext(255)) - client-23C834B07313->edccc055-c3f5-47df-b30f-76e8836f4c59: receive RaftClientReply:client-23C834B07313->edccc055-c3f5-47df-b30f-76e8836f4c59@group-ED32739C8BBB, cid=750, SUCCESS, logIndex=958, commits[edccc055-c3f5-47df-b30f-76e8836f4c59:c959, f9704f82-adf1-457c-ad29-9b573bc67fa6:c955, 932806d8-5f5d-4457-8f95-c9b7f9036eae:c955]
2019-08-07 03:27:06,472 INFO  client.GrpcClientProtocolClient (GrpcClientProtocolClient.java:onNext(255)) - client-23C834B07313->edccc055-c3f5-47df-b30f-76e8836f4c59: receive RaftClientReply:client-23C834B07313->edccc055-c3f5-47df-b30f-76e8836f4c59@group-ED32739C8BBB, cid=751, SUCCESS, logIndex=959, commits[edccc055-c3f5-47df-b30f-76e8836f4c59:c959, f9704f82-adf1-457c-ad29-9b573bc67fa6:c955, 932806d8-5f5d-4457-8f95-c9b7f9036eae:c955]
2019-08-07 03:27:06,483 INFO  client.GrpcClientProtocolClient (GrpcClientProtocolClient.java:onNext(255)) - client-23C834B07313->edccc055-c3f5-47df-b30f-76e8836f4c59: receive RaftClientReply:client-23C834B07313->edccc055-c3f5-47df-b30f-76e8836f4c59@group-ED32739C8BBB, cid=752, SUCCESS, logIndex=0, commits[edccc055-c3f5-47df-b30f-76e8836f4c59:c961, f9704f82-adf1-457c-ad29-9b573bc67fa6:c957, 932806d8-5f5d-4457-8f95-c9b7f9036eae:c957]
2019-08-07 03:27:06,504 INFO  client.GrpcClientProtocolClient (GrpcClientProtocolClient.java:onNext(255)) - client-23C834B07313->edccc055-c3f5-47df-b30f-76e8836f4c59: receive RaftClientReply:client-23C834B07313->edccc055-c3f5-47df-b30f-76e8836f4c59@group-ED32739C8BBB, cid=753, SUCCESS, logIndex=964, commits[edccc055-c3f5-47df-b30f-76e8836f4c59:c965, f9704f82-adf1-457c-ad29-9b573bc67fa6:c963, 932806d8-5f5d-4457-8f95-c9b7f9036eae:c963]
2019-08-07 03:27:06,504 INFO  client.GrpcClientProtocolClient (GrpcClientProtocolClient.java:onNext(255)) - client-23C834B07313->edccc055-c3f5-47df-b30f-76e8836f4c59: receive RaftClientReply:client-23C834B07313->edccc055-c3f5-47df-b30f-76e8836f4c59@group-ED32739C8BBB, cid=754, SUCCESS, logIndex=965, commits[edccc055-c3f5-47df-b30f-76e8836f4c59:c965, f9704f82-adf1-457c-ad29-9b573bc67fa6:c963, 932806d8-5f5d-4457-8f95-c9b7f9036eae:c963]
2019-08-07 03:27:06,529 INFO  client.GrpcClientProtocolClient (GrpcClientProtocolClient.java:onNext(255)) - client-23C834B07313->edccc055-c3f5-47df-b30f-76e8836f4c59: receive RaftClientReply:client-23C834B07313->edccc055-c3f5-47df-b30f-76e8836f4c59@group-ED32739C8BBB, cid=755, SUCCESS, logIndex=968, commits[edccc055-c3f5-47df-b30f-76e8836f4c59:c969, f9704f82-adf1-457c-ad29-9b573bc67fa6:c965, 932806d8-5f5d-4457-8f95-c9b7f9036eae:c965]
2019-08-07 03:27:06,530 INFO  client.GrpcClientProtocolClient (GrpcClientProtocolClient.java:onNext(255)) - client-23C834B07313->edccc055-c3f5-47df-b30f-76e8836f4c59: receive RaftClientReply:client-23C834B07313->edccc055-c3f5-47df-b30f-76e8836f4c59@group-ED32739C8BBB, cid=756, SUCCESS, logIndex=969, commits[edccc055-c3f5-47df-b30f-76e8836f4c59:c969, f9704f82-adf1-457c-ad29-9b573bc67fa6:c965, 932806d8-5f5d-4457-8f95-c9b7f9036eae:c965]
2019-08-07 03:27:06,531 INFO  client.GrpcClientProtocolClient (GrpcClientProtocolClient.java:onNext(255)) - client-23C834B07313->edccc055-c3f5-47df-b30f-76e8836f4c59: receive RaftClientReply:client-23C834B07313->edccc055-c3f5-47df-b30f-76e8836f4c59@group-ED32739C8BBB, cid=757, SUCCESS, logIndex=0, commits[edccc055-c3f5-47df-b30f-76e8836f4c59:c970, f9704f82-adf1-457c-ad29-9b573bc67fa6:c969, 932806d8-5f5d-4457-8f95-c9b7f9036eae:c969]
2019-08-07 03:27:06,553 INFO  client.GrpcClientProtocolClient (GrpcClientProtocolClient.java:onNext(255)) - client-23C834B07313->edccc055-c3f5-47df-b30f-76e8836f4c59: receive RaftClientReply:client-23C834B07313->edccc055-c3f5-47df-b30f-76e8836f4c59@group-ED32739C8BBB, cid=758, SUCCESS, logIndex=972, commits[edccc055-c3f5-47df-b30f-76e8836f4c59:c973, f9704f82-adf1-457c-ad29-9b573bc67fa6:c971, 932806d8-5f5d-4457-8f95-c9b7f9036eae:c971]
2019-08-07 03:27:06,553 INFO  client.GrpcClientProtocolClient (GrpcClientProtocolClient.java:onNext(255)) - client-23C834B07313->edccc055-c3f5-47df-b30f-76e8836f4c59: receive RaftClientReply:client-23C834B07313->edccc055-c3f5-47df-b30f-76e8836f4c59@group-ED32739C8BBB, cid=759, SUCCESS, logIndex=973, commits[edccc055-c3f5-47df-b30f-76e8836f4c59:c973, f9704f82-adf1-457c-ad29-9b573bc67fa6:c971, 932806d8-5f5d-4457-8f95-c9b7f9036eae:c971]
2019-08-07 03:27:06,554 INFO  client.GrpcClientProtocolClient (GrpcClientProtocolClient.java:onNext(255)) - client-23C834B07313->edccc055-c3f5-47df-b30f-76e8836f4c59: receive RaftClientReply:client-23C834B07313->edccc055-c3f5-47df-b30f-76e8836f4c59@group-ED32739C8BBB, cid=760, SUCCESS, logIndex=974, commits[edccc055-c3f5-47df-b30f-76e8836f4c59:c975, f9704f82-adf1-457c-ad29-9b573bc67fa6:c971, 932806d8-5f5d-4457-8f95-c9b7f9036eae:c971]
2019-08-07 03:27:06,554 INFO  client.GrpcClientProtocolClient (GrpcClientProtocolClient.java:onNext(255)) - client-23C834B07313->edccc055-c3f5-47df-b30f-76e8836f4c59: receive RaftClientReply:client-23C834B07313->edccc055-c3f5-47df-b30f-76e8836f4c59@group-ED32739C8BBB, cid=761, SUCCESS, logIndex=975, commits[edccc055-c3f5-47df-b30f-76e8836f4c59:c975, f9704f82-adf1-457c-ad29-9b573bc67fa6:c971, 932806d8-5f5d-4457-8f95-c9b7f9036eae:c971]
2019-08-07 03:27:06,557 INFO  client.GrpcClientProtocolClient (GrpcClientProtocolClient.java:onNext(255)) - client-23C834B07313->edccc055-c3f5-47df-b30f-76e8836f4c59: receive RaftClientReply:client-23C834B07313->edccc055-c3f5-47df-b30f-76e8836f4c59@group-ED32739C8BBB, cid=762, SUCCESS, logIndex=0, commits[edccc055-c3f5-47df-b30f-76e8836f4c59:c977, f9704f82-adf1-457c-ad29-9b573bc67fa6:c973, 932806d8-5f5d-4457-8f95-c9b7f9036eae:c973]
2019-08-07 03:27:06,572 INFO  client.GrpcClientProtocolClient (GrpcClientProtocolClient.java:onNext(255)) - client-23C834B07313->edccc055-c3f5-47df-b30f-76e8836f4c59: receive RaftClientReply:client-23C834B07313->edccc055-c3f5-47df-b30f-76e8836f4c59@group-ED32739C8BBB, cid=763, SUCCESS, logIndex=980, commits[edccc055-c3f5-47df-b30f-76e8836f4c59:c981, f9704f82-adf1-457c-ad29-9b573bc67fa6:c977, 932806d8-5f5d-4457-8f95-c9b7f9036eae:c975]
2019-08-07 03:27:06,572 INFO  client.GrpcClientProtocolClient (GrpcClientProtocolClient.java:onNext(255)) - client-23C834B07313->edccc055-c3f5-47df-b30f-76e8836f4c59: receive RaftClientReply:client-23C834B07313->edccc055-c3f5-47df-b30f-76e8836f4c59@group-ED32739C8BBB, cid=764, SUCCESS, logIndex=981, commits[edccc055-c3f5-47df-b30f-76e8836f4c59:c981, f9704f82-adf1-457c-ad29-9b573bc67fa6:c977, 932806d8-5f5d-4457-8f95-c9b7f9036eae:c977]
2019-08-07 03:27:06,595 INFO  client.GrpcClientProtocolClient (GrpcClientProtocolClient.java:onNext(255)) - client-23C834B07313->edccc055-c3f5-47df-b30f-76e8836f4c59: receive RaftClientReply:client-23C834B07313->edccc055-c3f5-47df-b30f-76e8836f4c59@group-ED32739C8BBB, cid=765, SUCCESS, logIndex=983, commits[edccc055-c3f5-47df-b30f-76e8836f4c59:c984, f9704f82-adf1-457c-ad29-9b573bc67fa6:c981, 932806d8-5f5d-4457-8f95-c9b7f9036eae:c981]
2019-08-07 03:27:06,596 INFO  client.GrpcClientProtocolClient (GrpcClientProtocolClient.java:onNext(255)) - client-23C834B07313->edccc055-c3f5-47df-b30f-76e8836f4c59: receive RaftClientReply:client-23C834B07313->edccc055-c3f5-47df-b30f-76e8836f4c59@group-ED32739C8BBB, cid=766, SUCCESS, logIndex=984, commits[edccc055-c3f5-47df-b30f-76e8836f4c59:c984, f9704f82-adf1-457c-ad29-9b573bc67fa6:c981, 932806d8-5f5d-4457-8f95-c9b7f9036eae:c981]
2019-08-07 03:27:06,598 INFO  client.GrpcClientProtocolClient (GrpcClientProtocolClient.java:onNext(255)) - client-23C834B07313->edccc055-c3f5-47df-b30f-76e8836f4c59: receive RaftClientReply:client-23C834B07313->edccc055-c3f5-47df-b30f-76e8836f4c59@group-ED32739C8BBB, cid=767, SUCCESS, logIndex=0, commits[edccc055-c3f5-47df-b30f-76e8836f4c59:c985, f9704f82-adf1-457c-ad29-9b573bc67fa6:c984, 932806d8-5f5d-4457-8f95-c9b7f9036eae:c984]
2019-08-07 03:27:06,620 INFO  client.GrpcClientProtocolClient (GrpcClientProtocolClient.java:onNext(255)) - client-23C834B07313->edccc055-c3f5-47df-b30f-76e8836f4c59: receive RaftClientReply:client-23C834B07313->edccc055-c3f5-47df-b30f-76e8836f4c59@group-ED32739C8BBB, cid=768, SUCCESS, logIndex=987, commits[edccc055-c3f5-47df-b30f-76e8836f4c59:c988, f9704f82-adf1-457c-ad29-9b573bc67fa6:c986, 932806d8-5f5d-4457-8f95-c9b7f9036eae:c986]
2019-08-07 03:27:06,621 INFO  client.GrpcClientProtocolClient (GrpcClientProtocolClient.java:onNext(255)) - client-23C834B07313->edccc055-c3f5-47df-b30f-76e8836f4c59: receive RaftClientReply:client-23C834B07313->edccc055-c3f5-47df-b30f-76e8836f4c59@group-ED32739C8BBB, cid=769, SUCCESS, logIndex=988, commits[edccc055-c3f5-47df-b30f-76e8836f4c59:c988, f9704f82-adf1-457c-ad29-9b573bc67fa6:c986, 932806d8-5f5d-4457-8f95-c9b7f9036eae:c986]
2019-08-07 03:27:06,621 INFO  client.GrpcClientProtocolClient (GrpcClientProtocolClient.java:onNext(255)) - client-23C834B07313->edccc055-c3f5-47df-b30f-76e8836f4c59: receive RaftClientReply:client-23C834B07313->edccc055-c3f5-47df-b30f-76e8836f4c59@group-ED32739C8BBB, cid=770, SUCCESS, logIndex=989, commits[edccc055-c3f5-47df-b30f-76e8836f4c59:c990, f9704f82-adf1-457c-ad29-9b573bc67fa6:c986, 932806d8-5f5d-4457-8f95-c9b7f9036eae:c986]
2019-08-07 03:27:06,622 INFO  client.GrpcClientProtocolClient (GrpcClientProtocolClient.java:onNext(255)) - client-23C834B07313->edccc055-c3f5-47df-b30f-76e8836f4c59: receive RaftClientReply:client-23C834B07313->edccc055-c3f5-47df-b30f-76e8836f4c59@group-ED32739C8BBB, cid=771, SUCCESS, logIndex=990, commits[edccc055-c3f5-47df-b30f-76e8836f4c59:c990, f9704f82-adf1-457c-ad29-9b573bc67fa6:c986, 932806d8-5f5d-4457-8f95-c9b7f9036eae:c986]
2019-08-07 03:27:06,624 INFO  client.GrpcClientProtocolClient (GrpcClientProtocolClient.java:onNext(255)) - client-23C834B07313->edccc055-c3f5-47df-b30f-76e8836f4c59: receive RaftClientReply:client-23C834B07313->edccc055-c3f5-47df-b30f-76e8836f4c59@group-ED32739C8BBB, cid=772, SUCCESS, logIndex=0, commits[edccc055-c3f5-47df-b30f-76e8836f4c59:c992, f9704f82-adf1-457c-ad29-9b573bc67fa6:c988, 932806d8-5f5d-4457-8f95-c9b7f9036eae:c988]
2019-08-07 03:27:06,639 INFO  client.GrpcClientProtocolClient (GrpcClientProtocolClient.java:onNext(255)) - client-23C834B07313->edccc055-c3f5-47df-b30f-76e8836f4c59: receive RaftClientReply:client-23C834B07313->edccc055-c3f5-47df-b30f-76e8836f4c59@group-ED32739C8BBB, cid=773, SUCCESS, logIndex=995, commits[edccc055-c3f5-47df-b30f-76e8836f4c59:c996, f9704f82-adf1-457c-ad29-9b573bc67fa6:c992, 932806d8-5f5d-4457-8f95-c9b7f9036eae:c992]
2019-08-07 03:27:06,639 INFO  client.GrpcClientProtocolClient (GrpcClientProtocolClient.java:onNext(255)) - client-23C834B07313->edccc055-c3f5-47df-b30f-76e8836f4c59: receive RaftClientReply:client-23C834B07313->edccc055-c3f5-47df-b30f-76e8836f4c59@group-ED32739C8BBB, cid=774, SUCCESS, logIndex=996, commits[edccc055-c3f5-47df-b30f-76e8836f4c59:c996, f9704f82-adf1-457c-ad29-9b573bc67fa6:c992, 932806d8-5f5d-4457-8f95-c9b7f9036eae:c992]
2019-08-07 03:27:06,652 INFO  client.GrpcClientProtocolClient (GrpcClientProtocolClient.java:onNext(255)) - client-23C834B07313->edccc055-c3f5-47df-b30f-76e8836f4c59: receive RaftClientReply:client-23C834B07313->edccc055-c3f5-47df-b30f-76e8836f4c59@group-ED32739C8BBB, cid=775, SUCCESS, logIndex=999, commits[edccc055-c3f5-47df-b30f-76e8836f4c59:c1000, f9704f82-adf1-457c-ad29-9b573bc67fa6:c996, 932806d8-5f5d-4457-8f95-c9b7f9036eae:c996]
2019-08-07 03:27:06,653 INFO  client.GrpcClientProtocolClient (GrpcClientProtocolClient.java:onNext(255)) - client-23C834B07313->edccc055-c3f5-47df-b30f-76e8836f4c59: receive RaftClientReply:client-23C834B07313->edccc055-c3f5-47df-b30f-76e8836f4c59@group-ED32739C8BBB, cid=776, SUCCESS, logIndex=1000, commits[edccc055-c3f5-47df-b30f-76e8836f4c59:c1000, f9704f82-adf1-457c-ad29-9b573bc67fa6:c996, 932806d8-5f5d-4457-8f95-c9b7f9036eae:c996]
2019-08-07 03:27:06,656 INFO  client.GrpcClientProtocolClient (GrpcClientProtocolClient.java:onNext(255)) - client-23C834B07313->edccc055-c3f5-47df-b30f-76e8836f4c59: receive RaftClientReply:client-23C834B07313->edccc055-c3f5-47df-b30f-76e8836f4c59@group-ED32739C8BBB, cid=777, SUCCESS, logIndex=0, commits[edccc055-c3f5-47df-b30f-76e8836f4c59:c1002, f9704f82-adf1-457c-ad29-9b573bc67fa6:c1000, 932806d8-5f5d-4457-8f95-c9b7f9036eae:c1000]
2019-08-07 03:27:06,798 INFO  client.GrpcClientProtocolClient (GrpcClientProtocolClient.java:onNext(255)) - client-23C834B07313->edccc055-c3f5-47df-b30f-76e8836f4c59: receive RaftClientReply:client-23C834B07313->edccc055-c3f5-47df-b30f-76e8836f4c59@group-ED32739C8BBB, cid=778, SUCCESS, logIndex=1003, commits[edccc055-c3f5-47df-b30f-76e8836f4c59:c1004, f9704f82-adf1-457c-ad29-9b573bc67fa6:c1002, 932806d8-5f5d-4457-8f95-c9b7f9036eae:c1002]
2019-08-07 03:27:06,799 INFO  client.GrpcClientProtocolClient (GrpcClientProtocolClient.java:onNext(255)) - client-23C834B07313->edccc055-c3f5-47df-b30f-76e8836f4c59: receive RaftClientReply:client-23C834B07313->edccc055-c3f5-47df-b30f-76e8836f4c59@group-ED32739C8BBB, cid=779, SUCCESS, logIndex=1004, commits[edccc055-c3f5-47df-b30f-76e8836f4c59:c1004, f9704f82-adf1-457c-ad29-9b573bc67fa6:c1002, 932806d8-5f5d-4457-8f95-c9b7f9036eae:c1002]
2019-08-07 03:27:06,805 INFO  client.GrpcClientProtocolClient (GrpcClientProtocolClient.java:onNext(255)) - client-23C834B07313->edccc055-c3f5-47df-b30f-76e8836f4c59: receive RaftClientReply:client-23C834B07313->edccc055-c3f5-47df-b30f-76e8836f4c59@group-ED32739C8BBB, cid=780, SUCCESS, logIndex=1005, commits[edccc055-c3f5-47df-b30f-76e8836f4c59:c1008, f9704f82-adf1-457c-ad29-9b573bc67fa6:c1004, 932806d8-5f5d-4457-8f95-c9b7f9036eae:c1002]
2019-08-07 03:27:06,806 INFO  client.GrpcClientProtocolClient (GrpcClientProtocolClient.java:onNext(255)) - client-23C834B07313->edccc055-c3f5-47df-b30f-76e8836f4c59: receive RaftClientReply:client-23C834B07313->edccc055-c3f5-47df-b30f-76e8836f4c59@group-ED32739C8BBB, cid=781, SUCCESS, logIndex=1006, commits[edccc055-c3f5-47df-b30f-76e8836f4c59:c1008, f9704f82-adf1-457c-ad29-9b573bc67fa6:c1004, 932806d8-5f5d-4457-8f95-c9b7f9036eae:c1002]
2019-08-07 03:27:06,807 INFO  client.GrpcClientProtocolClient (GrpcClientProtocolClient.java:onNext(255)) - client-23C834B07313->edccc055-c3f5-47df-b30f-76e8836f4c59: receive RaftClientReply:client-23C834B07313->edccc055-c3f5-47df-b30f-76e8836f4c59@group-ED32739C8BBB, cid=782, SUCCESS, logIndex=0, commits[edccc055-c3f5-47df-b30f-76e8836f4c59:c1009, f9704f82-adf1-457c-ad29-9b573bc67fa6:c1006, 932806d8-5f5d-4457-8f95-c9b7f9036eae:c1006]
2019-08-07 03:27:06,832 INFO  client.GrpcClientProtocolClient (GrpcClientProtocolClient.java:onNext(255)) - client-23C834B07313->edccc055-c3f5-47df-b30f-76e8836f4c59: receive RaftClientReply:client-23C834B07313->edccc055-c3f5-47df-b30f-76e8836f4c59@group-ED32739C8BBB, cid=783, SUCCESS, logIndex=1010, commits[edccc055-c3f5-47df-b30f-76e8836f4c59:c1011, f9704f82-adf1-457c-ad29-9b573bc67fa6:c1009, 932806d8-5f5d-4457-8f95-c9b7f9036eae:c1009]
2019-08-07 03:27:06,832 INFO  client.GrpcClientProtocolClient (GrpcClientProtocolClient.java:onNext(255)) - client-23C834B07313->edccc055-c3f5-47df-b30f-76e8836f4c59: receive RaftClientReply:client-23C834B07313->edccc055-c3f5-47df-b30f-76e8836f4c59@group-ED32739C8BBB, cid=784, SUCCESS, logIndex=1011, commits[edccc055-c3f5-47df-b30f-76e8836f4c59:c1011, f9704f82-adf1-457c-ad29-9b573bc67fa6:c1009, 932806d8-5f5d-4457-8f95-c9b7f9036eae:c1009]
2019-08-07 03:27:06,856 INFO  client.GrpcClientProtocolClient (GrpcClientProtocolClient.java:onNext(255)) - client-23C834B07313->edccc055-c3f5-47df-b30f-76e8836f4c59: receive RaftClientReply:client-23C834B07313->edccc055-c3f5-47df-b30f-76e8836f4c59@group-ED32739C8BBB, cid=785, SUCCESS, logIndex=1014, commits[edccc055-c3f5-47df-b30f-76e8836f4c59:c1015, f9704f82-adf1-457c-ad29-9b573bc67fa6:c1011, 932806d8-5f5d-4457-8f95-c9b7f9036eae:c1010]
2019-08-07 03:27:06,857 INFO  client.GrpcClientProtocolClient (GrpcClientProtocolClient.java:onNext(255)) - client-23C834B07313->edccc055-c3f5-47df-b30f-76e8836f4c59: receive RaftClientReply:client-23C834B07313->edccc055-c3f5-47df-b30f-76e8836f4c59@group-ED32739C8BBB, cid=786, SUCCESS, logIndex=1015, commits[edccc055-c3f5-47df-b30f-76e8836f4c59:c1015, f9704f82-adf1-457c-ad29-9b573bc67fa6:c1011, 932806d8-5f5d-4457-8f95-c9b7f9036eae:c1011]
2019-08-07 03:27:06,871 INFO  client.GrpcClientProtocolClient (GrpcClientProtocolClient.java:onNext(255)) - client-23C834B07313->edccc055-c3f5-47df-b30f-76e8836f4c59: receive RaftClientReply:client-23C834B07313->edccc055-c3f5-47df-b30f-76e8836f4c59@group-ED32739C8BBB, cid=787, SUCCESS, logIndex=0, commits[edccc055-c3f5-47df-b30f-76e8836f4c59:c1017, f9704f82-adf1-457c-ad29-9b573bc67fa6:c1015, 932806d8-5f5d-4457-8f95-c9b7f9036eae:c1015]
2019-08-07 03:27:06,892 INFO  client.GrpcClientProtocolClient (GrpcClientProtocolClient.java:onNext(255)) - client-23C834B07313->edccc055-c3f5-47df-b30f-76e8836f4c59: receive RaftClientReply:client-23C834B07313->edccc055-c3f5-47df-b30f-76e8836f4c59@group-ED32739C8BBB, cid=788, SUCCESS, logIndex=1018, commits[edccc055-c3f5-47df-b30f-76e8836f4c59:c1018, f9704f82-adf1-457c-ad29-9b573bc67fa6:c1017, 932806d8-5f5d-4457-8f95-c9b7f9036eae:c1017]
2019-08-07 03:27:06,893 INFO  client.GrpcClientProtocolClient (GrpcClientProtocolClient.java:onNext(255)) - client-23C834B07313->edccc055-c3f5-47df-b30f-76e8836f4c59: receive RaftClientReply:client-23C834B07313->edccc055-c3f5-47df-b30f-76e8836f4c59@group-ED32739C8BBB, cid=789, SUCCESS, logIndex=1019, commits[edccc055-c3f5-47df-b30f-76e8836f4c59:c1019, f9704f82-adf1-457c-ad29-9b573bc67fa6:c1017, 932806d8-5f5d-4457-8f95-c9b7f9036eae:c1017]
2019-08-07 03:27:06,893 INFO  client.GrpcClientProtocolClient (GrpcClientProtocolClient.java:onNext(255)) - client-23C834B07313->edccc055-c3f5-47df-b30f-76e8836f4c59: receive RaftClientReply:client-23C834B07313->edccc055-c3f5-47df-b30f-76e8836f4c59@group-ED32739C8BBB, cid=790, SUCCESS, logIndex=1020, commits[edccc055-c3f5-47df-b30f-76e8836f4c59:c1020, f9704f82-adf1-457c-ad29-9b573bc67fa6:c1017, 932806d8-5f5d-4457-8f95-c9b7f9036eae:c1017]
2019-08-07 03:27:06,893 INFO  client.GrpcClientProtocolClient (GrpcClientProtocolClient.java:onNext(255)) - client-23C834B07313->edccc055-c3f5-47df-b30f-76e8836f4c59: receive RaftClientReply:client-23C834B07313->edccc055-c3f5-47df-b30f-76e8836f4c59@group-ED32739C8BBB, cid=791, SUCCESS, logIndex=1021, commits[edccc055-c3f5-47df-b30f-76e8836f4c59:c1021, f9704f82-adf1-457c-ad29-9b573bc67fa6:c1017, 932806d8-5f5d-4457-8f95-c9b7f9036eae:c1017]
2019-08-07 03:27:06,907 INFO  client.GrpcClientProtocolClient (GrpcClientProtocolClient.java:onNext(255)) - client-23C834B07313->edccc055-c3f5-47df-b30f-76e8836f4c59: receive RaftClientReply:client-23C834B07313->edccc055-c3f5-47df-b30f-76e8836f4c59@group-ED32739C8BBB, cid=792, SUCCESS, logIndex=0, commits[edccc055-c3f5-47df-b30f-76e8836f4c59:c1024, f9704f82-adf1-457c-ad29-9b573bc67fa6:c1019, 932806d8-5f5d-4457-8f95-c9b7f9036eae:c1020]
2019-08-07 03:27:06,930 INFO  client.GrpcClientProtocolClient (GrpcClientProtocolClient.java:onNext(255)) - client-23C834B07313->edccc055-c3f5-47df-b30f-76e8836f4c59: receive RaftClientReply:client-23C834B07313->edccc055-c3f5-47df-b30f-76e8836f4c59@group-ED32739C8BBB, cid=793, SUCCESS, logIndex=1026, commits[edccc055-c3f5-47df-b30f-76e8836f4c59:c1027, f9704f82-adf1-457c-ad29-9b573bc67fa6:c1025, 932806d8-5f5d-4457-8f95-c9b7f9036eae:c1025]
2019-08-07 03:27:06,931 INFO  client.GrpcClientProtocolClient (GrpcClientProtocolClient.java:onNext(255)) - client-23C834B07313->edccc055-c3f5-47df-b30f-76e8836f4c59: receive RaftClientReply:client-23C834B07313->edccc055-c3f5-47df-b30f-76e8836f4c59@group-ED32739C8BBB, cid=794, SUCCESS, logIndex=1027, commits[edccc055-c3f5-47df-b30f-76e8836f4c59:c1027, f9704f82-adf1-457c-ad29-9b573bc67fa6:c1025, 932806d8-5f5d-4457-8f95-c9b7f9036eae:c1025]
2019-08-07 03:27:06,956 INFO  client.GrpcClientProtocolClient (GrpcClientProtocolClient.java:onNext(255)) - client-23C834B07313->edccc055-c3f5-47df-b30f-76e8836f4c59: receive RaftClientReply:client-23C834B07313->edccc055-c3f5-47df-b30f-76e8836f4c59@group-ED32739C8BBB, cid=795, SUCCESS, logIndex=1030, commits[edccc055-c3f5-47df-b30f-76e8836f4c59:c1031, f9704f82-adf1-457c-ad29-9b573bc67fa6:c1027, 932806d8-5f5d-4457-8f95-c9b7f9036eae:c1027]
2019-08-07 03:27:06,957 INFO  client.GrpcClientProtocolClient (GrpcClientProtocolClient.java:onNext(255)) - client-23C834B07313->edccc055-c3f5-47df-b30f-76e8836f4c59: receive RaftClientReply:client-23C834B07313->edccc055-c3f5-47df-b30f-76e8836f4c59@group-ED32739C8BBB, cid=796, SUCCESS, logIndex=1031, commits[edccc055-c3f5-47df-b30f-76e8836f4c59:c1031, f9704f82-adf1-457c-ad29-9b573bc67fa6:c1027, 932806d8-5f5d-4457-8f95-c9b7f9036eae:c1027]
2019-08-07 03:27:06,978 INFO  client.GrpcClientProtocolClient (GrpcClientProtocolClient.java:onNext(255)) - client-23C834B07313->edccc055-c3f5-47df-b30f-76e8836f4c59: receive RaftClientReply:client-23C834B07313->edccc055-c3f5-47df-b30f-76e8836f4c59@group-ED32739C8BBB, cid=797, SUCCESS, logIndex=0, commits[edccc055-c3f5-47df-b30f-76e8836f4c59:c1033, f9704f82-adf1-457c-ad29-9b573bc67fa6:c1031, 932806d8-5f5d-4457-8f95-c9b7f9036eae:c1031]
2019-08-07 03:27:06,999 INFO  client.GrpcClientProtocolClient (GrpcClientProtocolClient.java:onNext(255)) - client-23C834B07313->edccc055-c3f5-47df-b30f-76e8836f4c59: receive RaftClientReply:client-23C834B07313->edccc055-c3f5-47df-b30f-76e8836f4c59@group-ED32739C8BBB, cid=798, SUCCESS, logIndex=1034, commits[edccc055-c3f5-47df-b30f-76e8836f4c59:c1035, f9704f82-adf1-457c-ad29-9b573bc67fa6:c1033, 932806d8-5f5d-4457-8f95-c9b7f9036eae:c1033]
2019-08-07 03:27:07,000 INFO  client.GrpcClientProtocolClient (GrpcClientProtocolClient.java:onNext(255)) - client-23C834B07313->edccc055-c3f5-47df-b30f-76e8836f4c59: receive RaftClientReply:client-23C834B07313->edccc055-c3f5-47df-b30f-76e8836f4c59@group-ED32739C8BBB, cid=799, SUCCESS, logIndex=1035, commits[edccc055-c3f5-47df-b30f-76e8836f4c59:c1035, f9704f82-adf1-457c-ad29-9b573bc67fa6:c1033, 932806d8-5f5d-4457-8f95-c9b7f9036eae:c1033]
2019-08-07 03:27:07,000 INFO  client.GrpcClientProtocolClient (GrpcClientProtocolClient.java:onNext(255)) - client-23C834B07313->edccc055-c3f5-47df-b30f-76e8836f4c59: receive RaftClientReply:client-23C834B07313->edccc055-c3f5-47df-b30f-76e8836f4c59@group-ED32739C8BBB, cid=800, SUCCESS, logIndex=1036, commits[edccc055-c3f5-47df-b30f-76e8836f4c59:c1037, f9704f82-adf1-457c-ad29-9b573bc67fa6:c1033, 932806d8-5f5d-4457-8f95-c9b7f9036eae:c1033]
2019-08-07 03:27:07,001 INFO  client.GrpcClientProtocolClient (GrpcClientProtocolClient.java:onNext(255)) - client-23C834B07313->edccc055-c3f5-47df-b30f-76e8836f4c59: receive RaftClientReply:client-23C834B07313->edccc055-c3f5-47df-b30f-76e8836f4c59@group-ED32739C8BBB, cid=801, SUCCESS, logIndex=1037, commits[edccc055-c3f5-47df-b30f-76e8836f4c59:c1037, f9704f82-adf1-457c-ad29-9b573bc67fa6:c1033, 932806d8-5f5d-4457-8f95-c9b7f9036eae:c1033]
2019-08-07 03:27:07,002 INFO  client.GrpcClientProtocolClient (GrpcClientProtocolClient.java:onNext(255)) - client-23C834B07313->edccc055-c3f5-47df-b30f-76e8836f4c59: receive RaftClientReply:client-23C834B07313->edccc055-c3f5-47df-b30f-76e8836f4c59@group-ED32739C8BBB, cid=802, SUCCESS, logIndex=0, commits[edccc055-c3f5-47df-b30f-76e8836f4c59:c1039, f9704f82-adf1-457c-ad29-9b573bc67fa6:c1035, 932806d8-5f5d-4457-8f95-c9b7f9036eae:c1035]
2019-08-07 03:27:07,023 INFO  client.GrpcClientProtocolClient (GrpcClientProtocolClient.java:onNext(255)) - client-23C834B07313->edccc055-c3f5-47df-b30f-76e8836f4c59: receive RaftClientReply:client-23C834B07313->edccc055-c3f5-47df-b30f-76e8836f4c59@group-ED32739C8BBB, cid=803, SUCCESS, logIndex=1042, commits[edccc055-c3f5-47df-b30f-76e8836f4c59:c1042, f9704f82-adf1-457c-ad29-9b573bc67fa6:c1041, 932806d8-5f5d-4457-8f95-c9b7f9036eae:c1041]
2019-08-07 03:27:07,024 INFO  client.GrpcClientProtocolClient (GrpcClientProtocolClient.java:onNext(255)) - client-23C834B07313->edccc055-c3f5-47df-b30f-76e8836f4c59: receive RaftClientReply:client-23C834B07313->edccc055-c3f5-47df-b30f-76e8836f4c59@group-ED32739C8BBB, cid=804, SUCCESS, logIndex=1043, commits[edccc055-c3f5-47df-b30f-76e8836f4c59:c1043, f9704f82-adf1-457c-ad29-9b573bc67fa6:c1041, 932806d8-5f5d-4457-8f95-c9b7f9036eae:c1041]
2019-08-07 03:27:07,050 INFO  client.GrpcClientProtocolClient (GrpcClientProtocolClient.java:onNext(255)) - client-23C834B07313->edccc055-c3f5-47df-b30f-76e8836f4c59: receive RaftClientReply:client-23C834B07313->edccc055-c3f5-47df-b30f-76e8836f4c59@group-ED32739C8BBB, cid=805, SUCCESS, logIndex=1046, commits[edccc055-c3f5-47df-b30f-76e8836f4c59:c1047, f9704f82-adf1-457c-ad29-9b573bc67fa6:c1043, 932806d8-5f5d-4457-8f95-c9b7f9036eae:c1043]
2019-08-07 03:27:07,051 INFO  client.GrpcClientProtocolClient (GrpcClientProtocolClient.java:onNext(255)) - client-23C834B07313->edccc055-c3f5-47df-b30f-76e8836f4c59: receive RaftClientReply:client-23C834B07313->edccc055-c3f5-47df-b30f-76e8836f4c59@group-ED32739C8BBB, cid=806, SUCCESS, logIndex=1047, commits[edccc055-c3f5-47df-b30f-76e8836f4c59:c1047, f9704f82-adf1-457c-ad29-9b573bc67fa6:c1043, 932806d8-5f5d-4457-8f95-c9b7f9036eae:c1043]
2019-08-07 03:27:07,063 INFO  client.GrpcClientProtocolClient (GrpcClientProtocolClient.java:onNext(255)) - client-23C834B07313->edccc055-c3f5-47df-b30f-76e8836f4c59: receive RaftClientReply:client-23C834B07313->edccc055-c3f5-47df-b30f-76e8836f4c59@group-ED32739C8BBB, cid=807, SUCCESS, logIndex=0, commits[edccc055-c3f5-47df-b30f-76e8836f4c59:c1049, f9704f82-adf1-457c-ad29-9b573bc67fa6:c1047, 932806d8-5f5d-4457-8f95-c9b7f9036eae:c1047]
2019-08-07 03:27:07,083 INFO  client.GrpcClientProtocolClient (GrpcClientProtocolClient.java:onNext(255)) - client-23C834B07313->edccc055-c3f5-47df-b30f-76e8836f4c59: receive RaftClientReply:client-23C834B07313->edccc055-c3f5-47df-b30f-76e8836f4c59@group-ED32739C8BBB, cid=808, SUCCESS, logIndex=1050, commits[edccc055-c3f5-47df-b30f-76e8836f4c59:c1051, f9704f82-adf1-457c-ad29-9b573bc67fa6:c1049, 932806d8-5f5d-4457-8f95-c9b7f9036eae:c1049]
2019-08-07 03:27:07,084 INFO  client.GrpcClientProtocolClient (GrpcClientProtocolClient.java:onNext(255)) - client-23C834B07313->edccc055-c3f5-47df-b30f-76e8836f4c59: receive RaftClientReply:client-23C834B07313->edccc055-c3f5-47df-b30f-76e8836f4c59@group-ED32739C8BBB, cid=809, SUCCESS, logIndex=1051, commits[edccc055-c3f5-47df-b30f-76e8836f4c59:c1051, f9704f82-adf1-457c-ad29-9b573bc67fa6:c1049, 932806d8-5f5d-4457-8f95-c9b7f9036eae:c1049]
2019-08-07 03:27:07,085 INFO  client.GrpcClientProtocolClient (GrpcClientProtocolClient.java:onNext(255)) - client-23C834B07313->edccc055-c3f5-47df-b30f-76e8836f4c59: receive RaftClientReply:client-23C834B07313->edccc055-c3f5-47df-b30f-76e8836f4c59@group-ED32739C8BBB, cid=810, SUCCESS, logIndex=1052, commits[edccc055-c3f5-47df-b30f-76e8836f4c59:c1052, f9704f82-adf1-457c-ad29-9b573bc67fa6:c1049, 932806d8-5f5d-4457-8f95-c9b7f9036eae:c1049]
2019-08-07 03:27:07,086 INFO  client.GrpcClientProtocolClient (GrpcClientProtocolClient.java:onNext(255)) - client-23C834B07313->edccc055-c3f5-47df-b30f-76e8836f4c59: receive RaftClientReply:client-23C834B07313->edccc055-c3f5-47df-b30f-76e8836f4c59@group-ED32739C8BBB, cid=811, SUCCESS, logIndex=1053, commits[edccc055-c3f5-47df-b30f-76e8836f4c59:c1053, f9704f82-adf1-457c-ad29-9b573bc67fa6:c1049, 932806d8-5f5d-4457-8f95-c9b7f9036eae:c1049]
2019-08-07 03:27:07,097 INFO  client.GrpcClientProtocolClient (GrpcClientProtocolClient.java:onNext(255)) - client-23C834B07313->edccc055-c3f5-47df-b30f-76e8836f4c59: receive RaftClientReply:client-23C834B07313->edccc055-c3f5-47df-b30f-76e8836f4c59@group-ED32739C8BBB, cid=812, SUCCESS, logIndex=0, commits[edccc055-c3f5-47df-b30f-76e8836f4c59:c1055, f9704f82-adf1-457c-ad29-9b573bc67fa6:c1051, 932806d8-5f5d-4457-8f95-c9b7f9036eae:c1051]
2019-08-07 03:27:07,116 INFO  client.GrpcClientProtocolClient (GrpcClientProtocolClient.java:onNext(255)) - client-23C834B07313->edccc055-c3f5-47df-b30f-76e8836f4c59: receive RaftClientReply:client-23C834B07313->edccc055-c3f5-47df-b30f-76e8836f4c59@group-ED32739C8BBB, cid=813, SUCCESS, logIndex=1058, commits[edccc055-c3f5-47df-b30f-76e8836f4c59:c1058, f9704f82-adf1-457c-ad29-9b573bc67fa6:c1057, 932806d8-5f5d-4457-8f95-c9b7f9036eae:c1057]
2019-08-07 03:27:07,116 INFO  client.GrpcClientProtocolClient (GrpcClientProtocolClient.java:onNext(255)) - client-23C834B07313->edccc055-c3f5-47df-b30f-76e8836f4c59: receive RaftClientReply:client-23C834B07313->edccc055-c3f5-47df-b30f-76e8836f4c59@group-ED32739C8BBB, cid=814, SUCCESS, logIndex=1059, commits[edccc055-c3f5-47df-b30f-76e8836f4c59:c1059, f9704f82-adf1-457c-ad29-9b573bc67fa6:c1057, 932806d8-5f5d-4457-8f95-c9b7f9036eae:c1057]
2019-08-07 03:27:07,131 INFO  client.GrpcClientProtocolClient (GrpcClientProtocolClient.java:onNext(255)) - client-23C834B07313->edccc055-c3f5-47df-b30f-76e8836f4c59: receive RaftClientReply:client-23C834B07313->edccc055-c3f5-47df-b30f-76e8836f4c59@group-ED32739C8BBB, cid=815, SUCCESS, logIndex=1062, commits[edccc055-c3f5-47df-b30f-76e8836f4c59:c1063, f9704f82-adf1-457c-ad29-9b573bc67fa6:c1059, 932806d8-5f5d-4457-8f95-c9b7f9036eae:c1059]
2019-08-07 03:27:07,132 INFO  client.GrpcClientProtocolClient (GrpcClientProtocolClient.java:onNext(255)) - client-23C834B07313->edccc055-c3f5-47df-b30f-76e8836f4c59: receive RaftClientReply:client-23C834B07313->edccc055-c3f5-47df-b30f-76e8836f4c59@group-ED32739C8BBB, cid=816, SUCCESS, logIndex=1063, commits[edccc055-c3f5-47df-b30f-76e8836f4c59:c1063, f9704f82-adf1-457c-ad29-9b573bc67fa6:c1059, 932806d8-5f5d-4457-8f95-c9b7f9036eae:c1059]
2019-08-07 03:27:07,143 INFO  client.GrpcClientProtocolClient (GrpcClientProtocolClient.java:onNext(255)) - client-23C834B07313->edccc055-c3f5-47df-b30f-76e8836f4c59: receive RaftClientReply:client-23C834B07313->edccc055-c3f5-47df-b30f-76e8836f4c59@group-ED32739C8BBB, cid=817, SUCCESS, logIndex=0, commits[edccc055-c3f5-47df-b30f-76e8836f4c59:c1065, f9704f82-adf1-457c-ad29-9b573bc67fa6:c1063, 932806d8-5f5d-4457-8f95-c9b7f9036eae:c1063]
2019-08-07 03:27:07,165 INFO  client.GrpcClientProtocolClient (GrpcClientProtocolClient.java:onNext(255)) - client-23C834B07313->edccc055-c3f5-47df-b30f-76e8836f4c59: receive RaftClientReply:client-23C834B07313->edccc055-c3f5-47df-b30f-76e8836f4c59@group-ED32739C8BBB, cid=818, SUCCESS, logIndex=1066, commits[edccc055-c3f5-47df-b30f-76e8836f4c59:c1067, f9704f82-adf1-457c-ad29-9b573bc67fa6:c1065, 932806d8-5f5d-4457-8f95-c9b7f9036eae:c1065]
2019-08-07 03:27:07,166 INFO  client.GrpcClientProtocolClient (GrpcClientProtocolClient.java:onNext(255)) - client-23C834B07313->edccc055-c3f5-47df-b30f-76e8836f4c59: receive RaftClientReply:client-23C834B07313->edccc055-c3f5-47df-b30f-76e8836f4c59@group-ED32739C8BBB, cid=819, SUCCESS, logIndex=1067, commits[edccc055-c3f5-47df-b30f-76e8836f4c59:c1067, f9704f82-adf1-457c-ad29-9b573bc67fa6:c1065, 932806d8-5f5d-4457-8f95-c9b7f9036eae:c1065]
2019-08-07 03:27:07,176 INFO  client.GrpcClientProtocolClient (GrpcClientProtocolClient.java:onNext(255)) - client-23C834B07313->edccc055-c3f5-47df-b30f-76e8836f4c59: receive RaftClientReply:client-23C834B07313->edccc055-c3f5-47df-b30f-76e8836f4c59@group-ED32739C8BBB, cid=820, SUCCESS, logIndex=1068, commits[edccc055-c3f5-47df-b30f-76e8836f4c59:c1068, f9704f82-adf1-457c-ad29-9b573bc67fa6:c1065, 932806d8-5f5d-4457-8f95-c9b7f9036eae:c1065]
2019-08-07 03:27:07,177 INFO  client.GrpcClientProtocolClient (GrpcClientProtocolClient.java:onNext(255)) - client-23C834B07313->edccc055-c3f5-47df-b30f-76e8836f4c59: receive RaftClientReply:client-23C834B07313->edccc055-c3f5-47df-b30f-76e8836f4c59@group-ED32739C8BBB, cid=821, SUCCESS, logIndex=1069, commits[edccc055-c3f5-47df-b30f-76e8836f4c59:c1069, f9704f82-adf1-457c-ad29-9b573bc67fa6:c1065, 932806d8-5f5d-4457-8f95-c9b7f9036eae:c1065]
 0.00% |█                                                                                                    |  0/1 Time: 0:00:032019-08-07 03:27:07,178 INFO  client.GrpcClientProtocolClient (GrpcClientProtocolClient.java:onNext(255)) - client-23C834B07313->edccc055-c3f5-47df-b30f-76e8836f4c59: receive RaftClientReply:client-23C834B07313->edccc055-c3f5-47df-b30f-76e8836f4c59@group-ED32739C8BBB, cid=822, SUCCESS, logIndex=0, commits[edccc055-c3f5-47df-b30f-76e8836f4c59:c1071, f9704f82-adf1-457c-ad29-9b573bc67fa6:c1067, 932806d8-5f5d-4457-8f95-c9b7f9036eae:c1067]
2019-08-07 03:27:07,199 INFO  client.GrpcClientProtocolClient (GrpcClientProtocolClient.java:onNext(255)) - client-23C834B07313->edccc055-c3f5-47df-b30f-76e8836f4c59: receive RaftClientReply:client-23C834B07313->edccc055-c3f5-47df-b30f-76e8836f4c59@group-ED32739C8BBB, cid=823, SUCCESS, logIndex=1074, commits[edccc055-c3f5-47df-b30f-76e8836f4c59:c1075, f9704f82-adf1-457c-ad29-9b573bc67fa6:c1073, 932806d8-5f5d-4457-8f95-c9b7f9036eae:c1073]
2019-08-07 03:27:07,200 INFO  client.GrpcClientProtocolClient (GrpcClientProtocolClient.java:onNext(255)) - client-23C834B07313->edccc055-c3f5-47df-b30f-76e8836f4c59: receive RaftClientReply:client-23C834B07313->edccc055-c3f5-47df-b30f-76e8836f4c59@group-ED32739C8BBB, cid=824, SUCCESS, logIndex=1075, commits[edccc055-c3f5-47df-b30f-76e8836f4c59:c1075, f9704f82-adf1-457c-ad29-9b573bc67fa6:c1073, 932806d8-5f5d-4457-8f95-c9b7f9036eae:c1073]
2019-08-07 03:27:07,217 INFO  client.GrpcClientProtocolClient (GrpcClientProtocolClient.java:onNext(255)) - client-23C834B07313->edccc055-c3f5-47df-b30f-76e8836f4c59: receive RaftClientReply:client-23C834B07313->edccc055-c3f5-47df-b30f-76e8836f4c59@group-ED32739C8BBB, cid=825, SUCCESS, logIndex=1078, commits[edccc055-c3f5-47df-b30f-76e8836f4c59:c1078, f9704f82-adf1-457c-ad29-9b573bc67fa6:c1075, 932806d8-5f5d-4457-8f95-c9b7f9036eae:c1075]
2019-08-07 03:27:07,217 INFO  client.GrpcClientProtocolClient (GrpcClientProtocolClient.java:onNext(255)) - client-23C834B07313->edccc055-c3f5-47df-b30f-76e8836f4c59: receive RaftClientReply:client-23C834B07313->edccc055-c3f5-47df-b30f-76e8836f4c59@group-ED32739C8BBB, cid=826, SUCCESS, logIndex=1079, commits[edccc055-c3f5-47df-b30f-76e8836f4c59:c1079, f9704f82-adf1-457c-ad29-9b573bc67fa6:c1075, 932806d8-5f5d-4457-8f95-c9b7f9036eae:c1075]
2019-08-07 03:27:07,231 INFO  client.GrpcClientProtocolClient (GrpcClientProtocolClient.java:onNext(255)) - client-23C834B07313->edccc055-c3f5-47df-b30f-76e8836f4c59: receive RaftClientReply:client-23C834B07313->edccc055-c3f5-47df-b30f-76e8836f4c59@group-ED32739C8BBB, cid=827, SUCCESS, logIndex=0, commits[edccc055-c3f5-47df-b30f-76e8836f4c59:c1081, f9704f82-adf1-457c-ad29-9b573bc67fa6:c1079, 932806d8-5f5d-4457-8f95-c9b7f9036eae:c1079]
2019-08-07 03:27:07,254 INFO  client.GrpcClientProtocolClient (GrpcClientProtocolClient.java:onNext(255)) - client-23C834B07313->edccc055-c3f5-47df-b30f-76e8836f4c59: receive RaftClientReply:client-23C834B07313->edccc055-c3f5-47df-b30f-76e8836f4c59@group-ED32739C8BBB, cid=828, SUCCESS, logIndex=1082, commits[edccc055-c3f5-47df-b30f-76e8836f4c59:c1083, f9704f82-adf1-457c-ad29-9b573bc67fa6:c1079, 932806d8-5f5d-4457-8f95-c9b7f9036eae:c1081]
2019-08-07 03:27:07,255 INFO  client.GrpcClientProtocolClient (GrpcClientProtocolClient.java:onNext(255)) - client-23C834B07313->edccc055-c3f5-47df-b30f-76e8836f4c59: receive RaftClientReply:client-23C834B07313->edccc055-c3f5-47df-b30f-76e8836f4c59@group-ED32739C8BBB, cid=829, SUCCESS, logIndex=1083, commits[edccc055-c3f5-47df-b30f-76e8836f4c59:c1083, f9704f82-adf1-457c-ad29-9b573bc67fa6:c1079, 932806d8-5f5d-4457-8f95-c9b7f9036eae:c1081]
2019-08-07 03:27:07,265 INFO  client.GrpcClientProtocolClient (GrpcClientProtocolClient.java:onNext(255)) - client-23C834B07313->edccc055-c3f5-47df-b30f-76e8836f4c59: receive RaftClientReply:client-23C834B07313->edccc055-c3f5-47df-b30f-76e8836f4c59@group-ED32739C8BBB, cid=830, SUCCESS, logIndex=1084, commits[edccc055-c3f5-47df-b30f-76e8836f4c59:c1084, f9704f82-adf1-457c-ad29-9b573bc67fa6:c1081, 932806d8-5f5d-4457-8f95-c9b7f9036eae:c1081]
2019-08-07 03:27:07,266 INFO  client.GrpcClientProtocolClient (GrpcClientProtocolClient.java:onNext(255)) - client-23C834B07313->edccc055-c3f5-47df-b30f-76e8836f4c59: receive RaftClientReply:client-23C834B07313->edccc055-c3f5-47df-b30f-76e8836f4c59@group-ED32739C8BBB, cid=831, SUCCESS, logIndex=1085, commits[edccc055-c3f5-47df-b30f-76e8836f4c59:c1085, f9704f82-adf1-457c-ad29-9b573bc67fa6:c1081, 932806d8-5f5d-4457-8f95-c9b7f9036eae:c1081]
2019-08-07 03:27:07,268 INFO  client.GrpcClientProtocolClient (GrpcClientProtocolClient.java:onNext(255)) - client-23C834B07313->edccc055-c3f5-47df-b30f-76e8836f4c59: receive RaftClientReply:client-23C834B07313->edccc055-c3f5-47df-b30f-76e8836f4c59@group-ED32739C8BBB, cid=832, SUCCESS, logIndex=0, commits[edccc055-c3f5-47df-b30f-76e8836f4c59:c1087, f9704f82-adf1-457c-ad29-9b573bc67fa6:c1083, 932806d8-5f5d-4457-8f95-c9b7f9036eae:c1083]
2019-08-07 03:27:07,282 INFO  client.GrpcClientProtocolClient (GrpcClientProtocolClient.java:onNext(255)) - client-23C834B07313->edccc055-c3f5-47df-b30f-76e8836f4c59: receive RaftClientReply:client-23C834B07313->edccc055-c3f5-47df-b30f-76e8836f4c59@group-ED32739C8BBB, cid=833, SUCCESS, logIndex=1090, commits[edccc055-c3f5-47df-b30f-76e8836f4c59:c1091, f9704f82-adf1-457c-ad29-9b573bc67fa6:c1087, 932806d8-5f5d-4457-8f95-c9b7f9036eae:c1085]
2019-08-07 03:27:07,282 INFO  client.GrpcClientProtocolClient (GrpcClientProtocolClient.java:onNext(255)) - client-23C834B07313->edccc055-c3f5-47df-b30f-76e8836f4c59: receive RaftClientReply:client-23C834B07313->edccc055-c3f5-47df-b30f-76e8836f4c59@group-ED32739C8BBB, cid=834, SUCCESS, logIndex=1091, commits[edccc055-c3f5-47df-b30f-76e8836f4c59:c1091, f9704f82-adf1-457c-ad29-9b573bc67fa6:c1087, 932806d8-5f5d-4457-8f95-c9b7f9036eae:c1085]
2019-08-07 03:27:07,302 INFO  client.GrpcClientProtocolClient (GrpcClientProtocolClient.java:onNext(255)) - client-23C834B07313->edccc055-c3f5-47df-b30f-76e8836f4c59: receive RaftClientReply:client-23C834B07313->edccc055-c3f5-47df-b30f-76e8836f4c59@group-ED32739C8BBB, cid=835, SUCCESS, logIndex=1093, commits[edccc055-c3f5-47df-b30f-76e8836f4c59:c1094, f9704f82-adf1-457c-ad29-9b573bc67fa6:c1092, 932806d8-5f5d-4457-8f95-c9b7f9036eae:c1092]
2019-08-07 03:27:07,302 INFO  client.GrpcClientProtocolClient (GrpcClientProtocolClient.java:onNext(255)) - client-23C834B07313->edccc055-c3f5-47df-b30f-76e8836f4c59: receive RaftClientReply:client-23C834B07313->edccc055-c3f5-47df-b30f-76e8836f4c59@group-ED32739C8BBB, cid=836, SUCCESS, logIndex=1094, commits[edccc055-c3f5-47df-b30f-76e8836f4c59:c1094, f9704f82-adf1-457c-ad29-9b573bc67fa6:c1092, 932806d8-5f5d-4457-8f95-c9b7f9036eae:c1092]
2019-08-07 03:27:07,316 INFO  client.GrpcClientProtocolClient (GrpcClientProtocolClient.java:onNext(255)) - client-23C834B07313->edccc055-c3f5-47df-b30f-76e8836f4c59: receive RaftClientReply:client-23C834B07313->edccc055-c3f5-47df-b30f-76e8836f4c59@group-ED32739C8BBB, cid=837, SUCCESS, logIndex=0, commits[edccc055-c3f5-47df-b30f-76e8836f4c59:c1096, f9704f82-adf1-457c-ad29-9b573bc67fa6:c1094, 932806d8-5f5d-4457-8f95-c9b7f9036eae:c1094]
2019-08-07 03:27:07,337 INFO  client.GrpcClientProtocolClient (GrpcClientProtocolClient.java:onNext(255)) - client-23C834B07313->edccc055-c3f5-47df-b30f-76e8836f4c59: receive RaftClientReply:client-23C834B07313->edccc055-c3f5-47df-b30f-76e8836f4c59@group-ED32739C8BBB, cid=838, SUCCESS, logIndex=1097, commits[edccc055-c3f5-47df-b30f-76e8836f4c59:c1098, f9704f82-adf1-457c-ad29-9b573bc67fa6:c1096, 932806d8-5f5d-4457-8f95-c9b7f9036eae:c1096]
2019-08-07 03:27:07,337 INFO  client.GrpcClientProtocolClient (GrpcClientProtocolClient.java:onNext(255)) - client-23C834B07313->edccc055-c3f5-47df-b30f-76e8836f4c59: receive RaftClientReply:client-23C834B07313->edccc055-c3f5-47df-b30f-76e8836f4c59@group-ED32739C8BBB, cid=839, SUCCESS, logIndex=1098, commits[edccc055-c3f5-47df-b30f-76e8836f4c59:c1098, f9704f82-adf1-457c-ad29-9b573bc67fa6:c1096, 932806d8-5f5d-4457-8f95-c9b7f9036eae:c1096]
2019-08-07 03:27:07,338 INFO  client.GrpcClientProtocolClient (GrpcClientProtocolClient.java:onNext(255)) - client-23C834B07313->edccc055-c3f5-47df-b30f-76e8836f4c59: receive RaftClientReply:client-23C834B07313->edccc055-c3f5-47df-b30f-76e8836f4c59@group-ED32739C8BBB, cid=840, SUCCESS, logIndex=1099, commits[edccc055-c3f5-47df-b30f-76e8836f4c59:c1099, f9704f82-adf1-457c-ad29-9b573bc67fa6:c1096, 932806d8-5f5d-4457-8f95-c9b7f9036eae:c1096]
2019-08-07 03:27:07,338 INFO  client.GrpcClientProtocolClient (GrpcClientProtocolClient.java:onNext(255)) - client-23C834B07313->edccc055-c3f5-47df-b30f-76e8836f4c59: receive RaftClientReply:client-23C834B07313->edccc055-c3f5-47df-b30f-76e8836f4c59@group-ED32739C8BBB, cid=841, SUCCESS, logIndex=1100, commits[edccc055-c3f5-47df-b30f-76e8836f4c59:c1100, f9704f82-adf1-457c-ad29-9b573bc67fa6:c1096, 932806d8-5f5d-4457-8f95-c9b7f9036eae:c1096]
2019-08-07 03:27:07,341 INFO  client.GrpcClientProtocolClient (GrpcClientProtocolClient.java:onNext(255)) - client-23C834B07313->edccc055-c3f5-47df-b30f-76e8836f4c59: receive RaftClientReply:client-23C834B07313->edccc055-c3f5-47df-b30f-76e8836f4c59@group-ED32739C8BBB, cid=842, SUCCESS, logIndex=0, commits[edccc055-c3f5-47df-b30f-76e8836f4c59:c1102, f9704f82-adf1-457c-ad29-9b573bc67fa6:c1098, 932806d8-5f5d-4457-8f95-c9b7f9036eae:c1098]
2019-08-07 03:27:07,354 INFO  client.GrpcClientProtocolClient (GrpcClientProtocolClient.java:onNext(255)) - client-23C834B07313->edccc055-c3f5-47df-b30f-76e8836f4c59: receive RaftClientReply:client-23C834B07313->edccc055-c3f5-47df-b30f-76e8836f4c59@group-ED32739C8BBB, cid=843, SUCCESS, logIndex=1105, commits[edccc055-c3f5-47df-b30f-76e8836f4c59:c1106, f9704f82-adf1-457c-ad29-9b573bc67fa6:c1103, 932806d8-5f5d-4457-8f95-c9b7f9036eae:c1100]
2019-08-07 03:27:07,354 INFO  client.GrpcClientProtocolClient (GrpcClientProtocolClient.java:onNext(255)) - client-23C834B07313->edccc055-c3f5-47df-b30f-76e8836f4c59: receive RaftClientReply:client-23C834B07313->edccc055-c3f5-47df-b30f-76e8836f4c59@group-ED32739C8BBB, cid=844, SUCCESS, logIndex=1106, commits[edccc055-c3f5-47df-b30f-76e8836f4c59:c1106, f9704f82-adf1-457c-ad29-9b573bc67fa6:c1103, 932806d8-5f5d-4457-8f95-c9b7f9036eae:c1100]
2019-08-07 03:27:07,368 INFO  client.GrpcClientProtocolClient (GrpcClientProtocolClient.java:onNext(255)) - client-23C834B07313->edccc055-c3f5-47df-b30f-76e8836f4c59: receive RaftClientReply:client-23C834B07313->edccc055-c3f5-47df-b30f-76e8836f4c59@group-ED32739C8BBB, cid=845, SUCCESS, logIndex=1108, commits[edccc055-c3f5-47df-b30f-76e8836f4c59:c1109, f9704f82-adf1-457c-ad29-9b573bc67fa6:c1107, 932806d8-5f5d-4457-8f95-c9b7f9036eae:c1106]
2019-08-07 03:27:07,369 INFO  client.GrpcClientProtocolClient (GrpcClientProtocolClient.java:onNext(255)) - client-23C834B07313->edccc055-c3f5-47df-b30f-76e8836f4c59: receive RaftClientReply:client-23C834B07313->edccc055-c3f5-47df-b30f-76e8836f4c59@group-ED32739C8BBB, cid=846, SUCCESS, logIndex=1109, commits[edccc055-c3f5-47df-b30f-76e8836f4c59:c1109, f9704f82-adf1-457c-ad29-9b573bc67fa6:c1107, 932806d8-5f5d-4457-8f95-c9b7f9036eae:c1107]
2019-08-07 03:27:07,371 INFO  client.GrpcClientProtocolClient (GrpcClientProtocolClient.java:onNext(255)) - client-23C834B07313->edccc055-c3f5-47df-b30f-76e8836f4c59: receive RaftClientReply:client-23C834B07313->edccc055-c3f5-47df-b30f-76e8836f4c59@group-ED32739C8BBB, cid=847, SUCCESS, logIndex=0, commits[edccc055-c3f5-47df-b30f-76e8836f4c59:c1110, f9704f82-adf1-457c-ad29-9b573bc67fa6:c1109, 932806d8-5f5d-4457-8f95-c9b7f9036eae:c1109]
2019-08-07 03:27:07,392 INFO  client.GrpcClientProtocolClient (GrpcClientProtocolClient.java:onNext(255)) - client-23C834B07313->edccc055-c3f5-47df-b30f-76e8836f4c59: receive RaftClientReply:client-23C834B07313->edccc055-c3f5-47df-b30f-76e8836f4c59@group-ED32739C8BBB, cid=848, SUCCESS, logIndex=1112, commits[edccc055-c3f5-47df-b30f-76e8836f4c59:c1113, f9704f82-adf1-457c-ad29-9b573bc67fa6:c1111, 932806d8-5f5d-4457-8f95-c9b7f9036eae:c1111]
2019-08-07 03:27:07,393 INFO  client.GrpcClientProtocolClient (GrpcClientProtocolClient.java:onNext(255)) - client-23C834B07313->edccc055-c3f5-47df-b30f-76e8836f4c59: receive RaftClientReply:client-23C834B07313->edccc055-c3f5-47df-b30f-76e8836f4c59@group-ED32739C8BBB, cid=849, SUCCESS, logIndex=1113, commits[edccc055-c3f5-47df-b30f-76e8836f4c59:c1113, f9704f82-adf1-457c-ad29-9b573bc67fa6:c1111, 932806d8-5f5d-4457-8f95-c9b7f9036eae:c1111]
2019-08-07 03:27:07,403 INFO  client.GrpcClientProtocolClient (GrpcClientProtocolClient.java:onNext(255)) - client-23C834B07313->edccc055-c3f5-47df-b30f-76e8836f4c59: receive RaftClientReply:client-23C834B07313->edccc055-c3f5-47df-b30f-76e8836f4c59@group-ED32739C8BBB, cid=850, SUCCESS, logIndex=1114, commits[edccc055-c3f5-47df-b30f-76e8836f4c59:c1115, f9704f82-adf1-457c-ad29-9b573bc67fa6:c1111, 932806d8-5f5d-4457-8f95-c9b7f9036eae:c1111]
2019-08-07 03:27:07,404 INFO  client.GrpcClientProtocolClient (GrpcClientProtocolClient.java:onNext(255)) - client-23C834B07313->edccc055-c3f5-47df-b30f-76e8836f4c59: receive RaftClientReply:client-23C834B07313->edccc055-c3f5-47df-b30f-76e8836f4c59@group-ED32739C8BBB, cid=851, SUCCESS, logIndex=1115, commits[edccc055-c3f5-47df-b30f-76e8836f4c59:c1115, f9704f82-adf1-457c-ad29-9b573bc67fa6:c1111, 932806d8-5f5d-4457-8f95-c9b7f9036eae:c1111]
2019-08-07 03:27:07,528 INFO  client.GrpcClientProtocolClient (GrpcClientProtocolClient.java:onNext(255)) - client-23C834B07313->edccc055-c3f5-47df-b30f-76e8836f4c59: receive RaftClientReply:client-23C834B07313->edccc055-c3f5-47df-b30f-76e8836f4c59@group-ED32739C8BBB, cid=852, SUCCESS, logIndex=0, commits[edccc055-c3f5-47df-b30f-76e8836f4c59:c1117, f9704f82-adf1-457c-ad29-9b573bc67fa6:c1113, 932806d8-5f5d-4457-8f95-c9b7f9036eae:c1113]
2019-08-07 03:27:07,552 INFO  client.GrpcClientProtocolClient (GrpcClientProtocolClient.java:onNext(255)) - client-23C834B07313->edccc055-c3f5-47df-b30f-76e8836f4c59: receive RaftClientReply:client-23C834B07313->edccc055-c3f5-47df-b30f-76e8836f4c59@group-ED32739C8BBB, cid=853, SUCCESS, logIndex=1120, commits[edccc055-c3f5-47df-b30f-76e8836f4c59:c1121, f9704f82-adf1-457c-ad29-9b573bc67fa6:c1119, 932806d8-5f5d-4457-8f95-c9b7f9036eae:c1119]
2019-08-07 03:27:07,553 INFO  client.GrpcClientProtocolClient (GrpcClientProtocolClient.java:onNext(255)) - client-23C834B07313->edccc055-c3f5-47df-b30f-76e8836f4c59: receive RaftClientReply:client-23C834B07313->edccc055-c3f5-47df-b30f-76e8836f4c59@group-ED32739C8BBB, cid=854, SUCCESS, logIndex=1121, commits[edccc055-c3f5-47df-b30f-76e8836f4c59:c1121, f9704f82-adf1-457c-ad29-9b573bc67fa6:c1119, 932806d8-5f5d-4457-8f95-c9b7f9036eae:c1119]
2019-08-07 03:27:07,579 INFO  client.GrpcClientProtocolClient (GrpcClientProtocolClient.java:onNext(255)) - client-23C834B07313->edccc055-c3f5-47df-b30f-76e8836f4c59: receive RaftClientReply:client-23C834B07313->edccc055-c3f5-47df-b30f-76e8836f4c59@group-ED32739C8BBB, cid=855, SUCCESS, logIndex=1124, commits[edccc055-c3f5-47df-b30f-76e8836f4c59:c1125, f9704f82-adf1-457c-ad29-9b573bc67fa6:c1121, 932806d8-5f5d-4457-8f95-c9b7f9036eae:c1121]
2019-08-07 03:27:07,580 INFO  client.GrpcClientProtocolClient (GrpcClientProtocolClient.java:onNext(255)) - client-23C834B07313->edccc055-c3f5-47df-b30f-76e8836f4c59: receive RaftClientReply:client-23C834B07313->edccc055-c3f5-47df-b30f-76e8836f4c59@group-ED32739C8BBB, cid=856, SUCCESS, logIndex=1125, commits[edccc055-c3f5-47df-b30f-76e8836f4c59:c1125, f9704f82-adf1-457c-ad29-9b573bc67fa6:c1121, 932806d8-5f5d-4457-8f95-c9b7f9036eae:c1121]
2019-08-07 03:27:07,591 INFO  client.GrpcClientProtocolClient (GrpcClientProtocolClient.java:onNext(255)) - client-23C834B07313->edccc055-c3f5-47df-b30f-76e8836f4c59: receive RaftClientReply:client-23C834B07313->edccc055-c3f5-47df-b30f-76e8836f4c59@group-ED32739C8BBB, cid=857, SUCCESS, logIndex=0, commits[edccc055-c3f5-47df-b30f-76e8836f4c59:c1125, f9704f82-adf1-457c-ad29-9b573bc67fa6:c1125, 932806d8-5f5d-4457-8f95-c9b7f9036eae:c1125]
2019-08-07 03:27:07,615 INFO  client.GrpcClientProtocolClient (GrpcClientProtocolClient.java:onNext(255)) - client-23C834B07313->edccc055-c3f5-47df-b30f-76e8836f4c59: receive RaftClientReply:client-23C834B07313->edccc055-c3f5-47df-b30f-76e8836f4c59@group-ED32739C8BBB, cid=858, SUCCESS, logIndex=1128, commits[edccc055-c3f5-47df-b30f-76e8836f4c59:c1129, f9704f82-adf1-457c-ad29-9b573bc67fa6:c1127, 932806d8-5f5d-4457-8f95-c9b7f9036eae:c1127]
2019-08-07 03:27:07,616 INFO  client.GrpcClientProtocolClient (GrpcClientProtocolClient.java:onNext(255)) - client-23C834B07313->edccc055-c3f5-47df-b30f-76e8836f4c59: receive RaftClientReply:client-23C834B07313->edccc055-c3f5-47df-b30f-76e8836f4c59@group-ED32739C8BBB, cid=859, SUCCESS, logIndex=1129, commits[edccc055-c3f5-47df-b30f-76e8836f4c59:c1129, f9704f82-adf1-457c-ad29-9b573bc67fa6:c1127, 932806d8-5f5d-4457-8f95-c9b7f9036eae:c1127]
2019-08-07 03:27:07,616 INFO  client.GrpcClientProtocolClient (GrpcClientProtocolClient.java:onNext(255)) - client-23C834B07313->edccc055-c3f5-47df-b30f-76e8836f4c59: receive RaftClientReply:client-23C834B07313->edccc055-c3f5-47df-b30f-76e8836f4c59@group-ED32739C8BBB, cid=860, SUCCESS, logIndex=1130, commits[edccc055-c3f5-47df-b30f-76e8836f4c59:c1131, f9704f82-adf1-457c-ad29-9b573bc67fa6:c1127, 932806d8-5f5d-4457-8f95-c9b7f9036eae:c1127]
2019-08-07 03:27:07,617 INFO  client.GrpcClientProtocolClient (GrpcClientProtocolClient.java:onNext(255)) - client-23C834B07313->edccc055-c3f5-47df-b30f-76e8836f4c59: receive RaftClientReply:client-23C834B07313->edccc055-c3f5-47df-b30f-76e8836f4c59@group-ED32739C8BBB, cid=861, SUCCESS, logIndex=1131, commits[edccc055-c3f5-47df-b30f-76e8836f4c59:c1131, f9704f82-adf1-457c-ad29-9b573bc67fa6:c1127, 932806d8-5f5d-4457-8f95-c9b7f9036eae:c1127]
2019-08-07 03:27:07,629 INFO  client.GrpcClientProtocolClient (GrpcClientProtocolClient.java:onNext(255)) - client-23C834B07313->edccc055-c3f5-47df-b30f-76e8836f4c59: receive RaftClientReply:client-23C834B07313->edccc055-c3f5-47df-b30f-76e8836f4c59@group-ED32739C8BBB, cid=862, SUCCESS, logIndex=0, commits[edccc055-c3f5-47df-b30f-76e8836f4c59:c1133, f9704f82-adf1-457c-ad29-9b573bc67fa6:c1129, 932806d8-5f5d-4457-8f95-c9b7f9036eae:c1129]
2019-08-07 03:27:07,651 INFO  client.GrpcClientProtocolClient (GrpcClientProtocolClient.java:onNext(255)) - client-23C834B07313->edccc055-c3f5-47df-b30f-76e8836f4c59: receive RaftClientReply:client-23C834B07313->edccc055-c3f5-47df-b30f-76e8836f4c59@group-ED32739C8BBB, cid=863, SUCCESS, logIndex=1136, commits[edccc055-c3f5-47df-b30f-76e8836f4c59:c1137, f9704f82-adf1-457c-ad29-9b573bc67fa6:c1135, 932806d8-5f5d-4457-8f95-c9b7f9036eae:c1135]
2019-08-07 03:27:07,652 INFO  client.GrpcClientProtocolClient (GrpcClientProtocolClient.java:onNext(255)) - client-23C834B07313->edccc055-c3f5-47df-b30f-76e8836f4c59: receive RaftClientReply:client-23C834B07313->edccc055-c3f5-47df-b30f-76e8836f4c59@group-ED32739C8BBB, cid=864, SUCCESS, logIndex=1137, commits[edccc055-c3f5-47df-b30f-76e8836f4c59:c1137, f9704f82-adf1-457c-ad29-9b573bc67fa6:c1135, 932806d8-5f5d-4457-8f95-c9b7f9036eae:c1135]
2019-08-07 03:27:07,666 INFO  client.GrpcClientProtocolClient (GrpcClientProtocolClient.java:onNext(255)) - client-23C834B07313->edccc055-c3f5-47df-b30f-76e8836f4c59: receive RaftClientReply:client-23C834B07313->edccc055-c3f5-47df-b30f-76e8836f4c59@group-ED32739C8BBB, cid=865, SUCCESS, logIndex=1140, commits[edccc055-c3f5-47df-b30f-76e8836f4c59:c1141, f9704f82-adf1-457c-ad29-9b573bc67fa6:c1137, 932806d8-5f5d-4457-8f95-c9b7f9036eae:c1137]
2019-08-07 03:27:07,667 INFO  client.GrpcClientProtocolClient (GrpcClientProtocolClient.java:onNext(255)) - client-23C834B07313->edccc055-c3f5-47df-b30f-76e8836f4c59: receive RaftClientReply:client-23C834B07313->edccc055-c3f5-47df-b30f-76e8836f4c59@group-ED32739C8BBB, cid=866, SUCCESS, logIndex=1141, commits[edccc055-c3f5-47df-b30f-76e8836f4c59:c1141, f9704f82-adf1-457c-ad29-9b573bc67fa6:c1137, 932806d8-5f5d-4457-8f95-c9b7f9036eae:c1137]
2019-08-07 03:27:07,690 INFO  client.GrpcClientProtocolClient (GrpcClientProtocolClient.java:onNext(255)) - client-23C834B07313->edccc055-c3f5-47df-b30f-76e8836f4c59: receive RaftClientReply:client-23C834B07313->edccc055-c3f5-47df-b30f-76e8836f4c59@group-ED32739C8BBB, cid=867, SUCCESS, logIndex=0, commits[edccc055-c3f5-47df-b30f-76e8836f4c59:c1142, f9704f82-adf1-457c-ad29-9b573bc67fa6:c1141, 932806d8-5f5d-4457-8f95-c9b7f9036eae:c1141]
2019-08-07 03:27:07,712 INFO  client.GrpcClientProtocolClient (GrpcClientProtocolClient.java:onNext(255)) - client-23C834B07313->edccc055-c3f5-47df-b30f-76e8836f4c59: receive RaftClientReply:client-23C834B07313->edccc055-c3f5-47df-b30f-76e8836f4c59@group-ED32739C8BBB, cid=868, SUCCESS, logIndex=1144, commits[edccc055-c3f5-47df-b30f-76e8836f4c59:c1145, f9704f82-adf1-457c-ad29-9b573bc67fa6:c1143, 932806d8-5f5d-4457-8f95-c9b7f9036eae:c1143]
2019-08-07 03:27:07,713 INFO  client.GrpcClientProtocolClient (GrpcClientProtocolClient.java:onNext(255)) - client-23C834B07313->edccc055-c3f5-47df-b30f-76e8836f4c59: receive RaftClientReply:client-23C834B07313->edccc055-c3f5-47df-b30f-76e8836f4c59@group-ED32739C8BBB, cid=869, SUCCESS, logIndex=1145, commits[edccc055-c3f5-47df-b30f-76e8836f4c59:c1145, f9704f82-adf1-457c-ad29-9b573bc67fa6:c1143, 932806d8-5f5d-4457-8f95-c9b7f9036eae:c1143]
2019-08-07 03:27:07,713 INFO  client.GrpcClientProtocolClient (GrpcClientProtocolClient.java:onNext(255)) - client-23C834B07313->edccc055-c3f5-47df-b30f-76e8836f4c59: receive RaftClientReply:client-23C834B07313->edccc055-c3f5-47df-b30f-76e8836f4c59@group-ED32739C8BBB, cid=870, SUCCESS, logIndex=1146, commits[edccc055-c3f5-47df-b30f-76e8836f4c59:c1147, f9704f82-adf1-457c-ad29-9b573bc67fa6:c1143, 932806d8-5f5d-4457-8f95-c9b7f9036eae:c1143]
2019-08-07 03:27:07,714 INFO  client.GrpcClientProtocolClient (GrpcClientProtocolClient.java:onNext(255)) - client-23C834B07313->edccc055-c3f5-47df-b30f-76e8836f4c59: receive RaftClientReply:client-23C834B07313->edccc055-c3f5-47df-b30f-76e8836f4c59@group-ED32739C8BBB, cid=871, SUCCESS, logIndex=1147, commits[edccc055-c3f5-47df-b30f-76e8836f4c59:c1147, f9704f82-adf1-457c-ad29-9b573bc67fa6:c1143, 932806d8-5f5d-4457-8f95-c9b7f9036eae:c1143]
2019-08-07 03:27:07,726 INFO  client.GrpcClientProtocolClient (GrpcClientProtocolClient.java:onNext(255)) - client-23C834B07313->edccc055-c3f5-47df-b30f-76e8836f4c59: receive RaftClientReply:client-23C834B07313->edccc055-c3f5-47df-b30f-76e8836f4c59@group-ED32739C8BBB, cid=872, SUCCESS, logIndex=0, commits[edccc055-c3f5-47df-b30f-76e8836f4c59:c1149, f9704f82-adf1-457c-ad29-9b573bc67fa6:c1145, 932806d8-5f5d-4457-8f95-c9b7f9036eae:c1145]
2019-08-07 03:27:07,763 INFO  client.GrpcClientProtocolClient (GrpcClientProtocolClient.java:onNext(255)) - client-23C834B07313->edccc055-c3f5-47df-b30f-76e8836f4c59: receive RaftClientReply:client-23C834B07313->edccc055-c3f5-47df-b30f-76e8836f4c59@group-ED32739C8BBB, cid=873, SUCCESS, logIndex=1152, commits[edccc055-c3f5-47df-b30f-76e8836f4c59:c1153, f9704f82-adf1-457c-ad29-9b573bc67fa6:c1151, 932806d8-5f5d-4457-8f95-c9b7f9036eae:c1151]
2019-08-07 03:27:07,764 INFO  client.GrpcClientProtocolClient (GrpcClientProtocolClient.java:onNext(255)) - client-23C834B07313->edccc055-c3f5-47df-b30f-76e8836f4c59: receive RaftClientReply:client-23C834B07313->edccc055-c3f5-47df-b30f-76e8836f4c59@group-ED32739C8BBB, cid=874, SUCCESS, logIndex=1153, commits[edccc055-c3f5-47df-b30f-76e8836f4c59:c1153, f9704f82-adf1-457c-ad29-9b573bc67fa6:c1151, 932806d8-5f5d-4457-8f95-c9b7f9036eae:c1151]
2019-08-07 03:27:07,783 INFO  client.GrpcClientProtocolClient (GrpcClientProtocolClient.java:onNext(255)) - client-23C834B07313->edccc055-c3f5-47df-b30f-76e8836f4c59: receive RaftClientReply:client-23C834B07313->edccc055-c3f5-47df-b30f-76e8836f4c59@group-ED32739C8BBB, cid=875, SUCCESS, logIndex=1156, commits[edccc055-c3f5-47df-b30f-76e8836f4c59:c1156, f9704f82-adf1-457c-ad29-9b573bc67fa6:c1153, 932806d8-5f5d-4457-8f95-c9b7f9036eae:c1153]
2019-08-07 03:27:07,784 INFO  client.GrpcClientProtocolClient (GrpcClientProtocolClient.java:onNext(255)) - client-23C834B07313->edccc055-c3f5-47df-b30f-76e8836f4c59: receive RaftClientReply:client-23C834B07313->edccc055-c3f5-47df-b30f-76e8836f4c59@group-ED32739C8BBB, cid=876, SUCCESS, logIndex=1157, commits[edccc055-c3f5-47df-b30f-76e8836f4c59:c1157, f9704f82-adf1-457c-ad29-9b573bc67fa6:c1153, 932806d8-5f5d-4457-8f95-c9b7f9036eae:c1153]
2019-08-07 03:27:07,797 INFO  client.GrpcClientProtocolClient (GrpcClientProtocolClient.java:onNext(255)) - client-23C834B07313->edccc055-c3f5-47df-b30f-76e8836f4c59: receive RaftClientReply:client-23C834B07313->edccc055-c3f5-47df-b30f-76e8836f4c59@group-ED32739C8BBB, cid=877, SUCCESS, logIndex=0, commits[edccc055-c3f5-47df-b30f-76e8836f4c59:c1159, f9704f82-adf1-457c-ad29-9b573bc67fa6:c1157, 932806d8-5f5d-4457-8f95-c9b7f9036eae:c1157]
2019-08-07 03:27:07,820 INFO  client.GrpcClientProtocolClient (GrpcClientProtocolClient.java:onNext(255)) - client-23C834B07313->edccc055-c3f5-47df-b30f-76e8836f4c59: receive RaftClientReply:client-23C834B07313->edccc055-c3f5-47df-b30f-76e8836f4c59@group-ED32739C8BBB, cid=878, SUCCESS, logIndex=1160, commits[edccc055-c3f5-47df-b30f-76e8836f4c59:c1161, f9704f82-adf1-457c-ad29-9b573bc67fa6:c1159, 932806d8-5f5d-4457-8f95-c9b7f9036eae:c1159]
2019-08-07 03:27:07,821 INFO  client.GrpcClientProtocolClient (GrpcClientProtocolClient.java:onNext(255)) - client-23C834B07313->edccc055-c3f5-47df-b30f-76e8836f4c59: receive RaftClientReply:client-23C834B07313->edccc055-c3f5-47df-b30f-76e8836f4c59@group-ED32739C8BBB, cid=879, SUCCESS, logIndex=1161, commits[edccc055-c3f5-47df-b30f-76e8836f4c59:c1162, f9704f82-adf1-457c-ad29-9b573bc67fa6:c1159, 932806d8-5f5d-4457-8f95-c9b7f9036eae:c1159]
2019-08-07 03:27:07,821 INFO  client.GrpcClientProtocolClient (GrpcClientProtocolClient.java:onNext(255)) - client-23C834B07313->edccc055-c3f5-47df-b30f-76e8836f4c59: receive RaftClientReply:client-23C834B07313->edccc055-c3f5-47df-b30f-76e8836f4c59@group-ED32739C8BBB, cid=880, SUCCESS, logIndex=1162, commits[edccc055-c3f5-47df-b30f-76e8836f4c59:c1163, f9704f82-adf1-457c-ad29-9b573bc67fa6:c1159, 932806d8-5f5d-4457-8f95-c9b7f9036eae:c1159]
2019-08-07 03:27:07,821 INFO  client.GrpcClientProtocolClient (GrpcClientProtocolClient.java:onNext(255)) - client-23C834B07313->edccc055-c3f5-47df-b30f-76e8836f4c59: receive RaftClientReply:client-23C834B07313->edccc055-c3f5-47df-b30f-76e8836f4c59@group-ED32739C8BBB, cid=881, SUCCESS, logIndex=1163, commits[edccc055-c3f5-47df-b30f-76e8836f4c59:c1163, f9704f82-adf1-457c-ad29-9b573bc67fa6:c1159, 932806d8-5f5d-4457-8f95-c9b7f9036eae:c1159]
2019-08-07 03:27:07,823 INFO  client.GrpcClientProtocolClient (GrpcClientProtocolClient.java:onNext(255)) - client-23C834B07313->edccc055-c3f5-47df-b30f-76e8836f4c59: receive RaftClientReply:client-23C834B07313->edccc055-c3f5-47df-b30f-76e8836f4c59@group-ED32739C8BBB, cid=882, SUCCESS, logIndex=0, commits[edccc055-c3f5-47df-b30f-76e8836f4c59:c1165, f9704f82-adf1-457c-ad29-9b573bc67fa6:c1161, 932806d8-5f5d-4457-8f95-c9b7f9036eae:c1161]
2019-08-07 03:27:07,847 INFO  client.GrpcClientProtocolClient (GrpcClientProtocolClient.java:onNext(255)) - client-23C834B07313->edccc055-c3f5-47df-b30f-76e8836f4c59: receive RaftClientReply:client-23C834B07313->edccc055-c3f5-47df-b30f-76e8836f4c59@group-ED32739C8BBB, cid=883, SUCCESS, logIndex=1168, commits[edccc055-c3f5-47df-b30f-76e8836f4c59:c1169, f9704f82-adf1-457c-ad29-9b573bc67fa6:c1165, 932806d8-5f5d-4457-8f95-c9b7f9036eae:c1165]
2019-08-07 03:27:07,848 INFO  client.GrpcClientProtocolClient (GrpcClientProtocolClient.java:onNext(255)) - client-23C834B07313->edccc055-c3f5-47df-b30f-76e8836f4c59: receive RaftClientReply:client-23C834B07313->edccc055-c3f5-47df-b30f-76e8836f4c59@group-ED32739C8BBB, cid=884, SUCCESS, logIndex=1169, commits[edccc055-c3f5-47df-b30f-76e8836f4c59:c1169, f9704f82-adf1-457c-ad29-9b573bc67fa6:c1165, 932806d8-5f5d-4457-8f95-c9b7f9036eae:c1165]
2019-08-07 03:27:07,861 INFO  client.GrpcClientProtocolClient (GrpcClientProtocolClient.java:onNext(255)) - client-23C834B07313->edccc055-c3f5-47df-b30f-76e8836f4c59: receive RaftClientReply:client-23C834B07313->edccc055-c3f5-47df-b30f-76e8836f4c59@group-ED32739C8BBB, cid=885, SUCCESS, logIndex=1172, commits[edccc055-c3f5-47df-b30f-76e8836f4c59:c1173, f9704f82-adf1-457c-ad29-9b573bc67fa6:c1169, 932806d8-5f5d-4457-8f95-c9b7f9036eae:c1169]
2019-08-07 03:27:07,862 INFO  client.GrpcClientProtocolClient (GrpcClientProtocolClient.java:onNext(255)) - client-23C834B07313->edccc055-c3f5-47df-b30f-76e8836f4c59: receive RaftClientReply:client-23C834B07313->edccc055-c3f5-47df-b30f-76e8836f4c59@group-ED32739C8BBB, cid=886, SUCCESS, logIndex=1173, commits[edccc055-c3f5-47df-b30f-76e8836f4c59:c1173, f9704f82-adf1-457c-ad29-9b573bc67fa6:c1169, 932806d8-5f5d-4457-8f95-c9b7f9036eae:c1169]
2019-08-07 03:27:07,864 INFO  client.GrpcClientProtocolClient (GrpcClientProtocolClient.java:onNext(255)) - client-23C834B07313->edccc055-c3f5-47df-b30f-76e8836f4c59: receive RaftClientReply:client-23C834B07313->edccc055-c3f5-47df-b30f-76e8836f4c59@group-ED32739C8BBB, cid=887, SUCCESS, logIndex=0, commits[edccc055-c3f5-47df-b30f-76e8836f4c59:c1175, f9704f82-adf1-457c-ad29-9b573bc67fa6:c1173, 932806d8-5f5d-4457-8f95-c9b7f9036eae:c1173]
2019-08-07 03:27:07,885 INFO  client.GrpcClientProtocolClient (GrpcClientProtocolClient.java:onNext(255)) - client-23C834B07313->edccc055-c3f5-47df-b30f-76e8836f4c59: receive RaftClientReply:client-23C834B07313->edccc055-c3f5-47df-b30f-76e8836f4c59@group-ED32739C8BBB, cid=888, SUCCESS, logIndex=1176, commits[edccc055-c3f5-47df-b30f-76e8836f4c59:c1177, f9704f82-adf1-457c-ad29-9b573bc67fa6:c1175, 932806d8-5f5d-4457-8f95-c9b7f9036eae:c1175]
2019-08-07 03:27:07,887 INFO  client.GrpcClientProtocolClient (GrpcClientProtocolClient.java:onNext(255)) - client-23C834B07313->edccc055-c3f5-47df-b30f-76e8836f4c59: receive RaftClientReply:client-23C834B07313->edccc055-c3f5-47df-b30f-76e8836f4c59@group-ED32739C8BBB, cid=889, SUCCESS, logIndex=1177, commits[edccc055-c3f5-47df-b30f-76e8836f4c59:c1178, f9704f82-adf1-457c-ad29-9b573bc67fa6:c1175, 932806d8-5f5d-4457-8f95-c9b7f9036eae:c1175]
2019-08-07 03:27:07,887 INFO  client.GrpcClientProtocolClient (GrpcClientProtocolClient.java:onNext(255)) - client-23C834B07313->edccc055-c3f5-47df-b30f-76e8836f4c59: receive RaftClientReply:client-23C834B07313->edccc055-c3f5-47df-b30f-76e8836f4c59@group-ED32739C8BBB, cid=890, SUCCESS, logIndex=1178, commits[edccc055-c3f5-47df-b30f-76e8836f4c59:c1178, f9704f82-adf1-457c-ad29-9b573bc67fa6:c1175, 932806d8-5f5d-4457-8f95-c9b7f9036eae:c1175]
2019-08-07 03:27:07,888 INFO  client.GrpcClientProtocolClient (GrpcClientProtocolClient.java:onNext(255)) - client-23C834B07313->edccc055-c3f5-47df-b30f-76e8836f4c59: receive RaftClientReply:client-23C834B07313->edccc055-c3f5-47df-b30f-76e8836f4c59@group-ED32739C8BBB, cid=891, SUCCESS, logIndex=1179, commits[edccc055-c3f5-47df-b30f-76e8836f4c59:c1179, f9704f82-adf1-457c-ad29-9b573bc67fa6:c1175, 932806d8-5f5d-4457-8f95-c9b7f9036eae:c1175]
2019-08-07 03:27:07,889 INFO  client.GrpcClientProtocolClient (GrpcClientProtocolClient.java:onNext(255)) - client-23C834B07313->edccc055-c3f5-47df-b30f-76e8836f4c59: receive RaftClientReply:client-23C834B07313->edccc055-c3f5-47df-b30f-76e8836f4c59@group-ED32739C8BBB, cid=892, SUCCESS, logIndex=0, commits[edccc055-c3f5-47df-b30f-76e8836f4c59:c1182, f9704f82-adf1-457c-ad29-9b573bc67fa6:c1179, 932806d8-5f5d-4457-8f95-c9b7f9036eae:c1177]
2019-08-07 03:27:07,902 INFO  client.GrpcClientProtocolClient (GrpcClientProtocolClient.java:onNext(255)) - client-23C834B07313->edccc055-c3f5-47df-b30f-76e8836f4c59: receive RaftClientReply:client-23C834B07313->edccc055-c3f5-47df-b30f-76e8836f4c59@group-ED32739C8BBB, cid=893, SUCCESS, logIndex=1184, commits[edccc055-c3f5-47df-b30f-76e8836f4c59:c1185, f9704f82-adf1-457c-ad29-9b573bc67fa6:c1183, 932806d8-5f5d-4457-8f95-c9b7f9036eae:c1179]
2019-08-07 03:27:07,903 INFO  client.GrpcClientProtocolClient (GrpcClientProtocolClient.java:onNext(255)) - client-23C834B07313->edccc055-c3f5-47df-b30f-76e8836f4c59: receive RaftClientReply:client-23C834B07313->edccc055-c3f5-47df-b30f-76e8836f4c59@group-ED32739C8BBB, cid=894, SUCCESS, logIndex=1185, commits[edccc055-c3f5-47df-b30f-76e8836f4c59:c1185, f9704f82-adf1-457c-ad29-9b573bc67fa6:c1183, 932806d8-5f5d-4457-8f95-c9b7f9036eae:c1183]
2019-08-07 03:27:07,923 INFO  client.GrpcClientProtocolClient (GrpcClientProtocolClient.java:onNext(255)) - client-23C834B07313->edccc055-c3f5-47df-b30f-76e8836f4c59: receive RaftClientReply:client-23C834B07313->edccc055-c3f5-47df-b30f-76e8836f4c59@group-ED32739C8BBB, cid=895, SUCCESS, logIndex=1188, commits[edccc055-c3f5-47df-b30f-76e8836f4c59:c1189, f9704f82-adf1-457c-ad29-9b573bc67fa6:c1187, 932806d8-5f5d-4457-8f95-c9b7f9036eae:c1187]
2019-08-07 03:27:07,924 INFO  client.GrpcClientProtocolClient (GrpcClientProtocolClient.java:onNext(255)) - client-23C834B07313->edccc055-c3f5-47df-b30f-76e8836f4c59: receive RaftClientReply:client-23C834B07313->edccc055-c3f5-47df-b30f-76e8836f4c59@group-ED32739C8BBB, cid=896, SUCCESS, logIndex=1189, commits[edccc055-c3f5-47df-b30f-76e8836f4c59:c1189, f9704f82-adf1-457c-ad29-9b573bc67fa6:c1187, 932806d8-5f5d-4457-8f95-c9b7f9036eae:c1187]
2019-08-07 03:27:07,937 INFO  client.GrpcClientProtocolClient (GrpcClientProtocolClient.java:onNext(255)) - client-23C834B07313->edccc055-c3f5-47df-b30f-76e8836f4c59: receive RaftClientReply:client-23C834B07313->edccc055-c3f5-47df-b30f-76e8836f4c59@group-ED32739C8BBB, cid=897, SUCCESS, logIndex=0, commits[edccc055-c3f5-47df-b30f-76e8836f4c59:c1191, f9704f82-adf1-457c-ad29-9b573bc67fa6:c1189, 932806d8-5f5d-4457-8f95-c9b7f9036eae:c1189]
2019-08-07 03:27:07,958 INFO  client.GrpcClientProtocolClient (GrpcClientProtocolClient.java:onNext(255)) - client-23C834B07313->edccc055-c3f5-47df-b30f-76e8836f4c59: receive RaftClientReply:client-23C834B07313->edccc055-c3f5-47df-b30f-76e8836f4c59@group-ED32739C8BBB, cid=898, SUCCESS, logIndex=1192, commits[edccc055-c3f5-47df-b30f-76e8836f4c59:c1193, f9704f82-adf1-457c-ad29-9b573bc67fa6:c1191, 932806d8-5f5d-4457-8f95-c9b7f9036eae:c1191]
2019-08-07 03:27:07,959 INFO  client.GrpcClientProtocolClient (GrpcClientProtocolClient.java:onNext(255)) - client-23C834B07313->edccc055-c3f5-47df-b30f-76e8836f4c59: receive RaftClientReply:client-23C834B07313->edccc055-c3f5-47df-b30f-76e8836f4c59@group-ED32739C8BBB, cid=899, SUCCESS, logIndex=1193, commits[edccc055-c3f5-47df-b30f-76e8836f4c59:c1193, f9704f82-adf1-457c-ad29-9b573bc67fa6:c1191, 932806d8-5f5d-4457-8f95-c9b7f9036eae:c1191]
2019-08-07 03:27:07,959 INFO  client.GrpcClientProtocolClient (GrpcClientProtocolClient.java:onNext(255)) - client-23C834B07313->edccc055-c3f5-47df-b30f-76e8836f4c59: receive RaftClientReply:client-23C834B07313->edccc055-c3f5-47df-b30f-76e8836f4c59@group-ED32739C8BBB, cid=900, SUCCESS, logIndex=1194, commits[edccc055-c3f5-47df-b30f-76e8836f4c59:c1195, f9704f82-adf1-457c-ad29-9b573bc67fa6:c1191, 932806d8-5f5d-4457-8f95-c9b7f9036eae:c1191]
2019-08-07 03:27:07,959 INFO  client.GrpcClientProtocolClient (GrpcClientProtocolClient.java:onNext(255)) - client-23C834B07313->edccc055-c3f5-47df-b30f-76e8836f4c59: receive RaftClientReply:client-23C834B07313->edccc055-c3f5-47df-b30f-76e8836f4c59@group-ED32739C8BBB, cid=901, SUCCESS, logIndex=1195, commits[edccc055-c3f5-47df-b30f-76e8836f4c59:c1195, f9704f82-adf1-457c-ad29-9b573bc67fa6:c1191, 932806d8-5f5d-4457-8f95-c9b7f9036eae:c1191]
2019-08-07 03:27:07,972 INFO  client.GrpcClientProtocolClient (GrpcClientProtocolClient.java:onNext(255)) - client-23C834B07313->edccc055-c3f5-47df-b30f-76e8836f4c59: receive RaftClientReply:client-23C834B07313->edccc055-c3f5-47df-b30f-76e8836f4c59@group-ED32739C8BBB, cid=902, SUCCESS, logIndex=0, commits[edccc055-c3f5-47df-b30f-76e8836f4c59:c1197, f9704f82-adf1-457c-ad29-9b573bc67fa6:c1193, 932806d8-5f5d-4457-8f95-c9b7f9036eae:c1193]
2019-08-07 03:27:08,010 INFO  client.GrpcClientProtocolClient (GrpcClientProtocolClient.java:onNext(255)) - client-23C834B07313->edccc055-c3f5-47df-b30f-76e8836f4c59: receive RaftClientReply:client-23C834B07313->edccc055-c3f5-47df-b30f-76e8836f4c59@group-ED32739C8BBB, cid=903, SUCCESS, logIndex=1200, commits[edccc055-c3f5-47df-b30f-76e8836f4c59:c1201, f9704f82-adf1-457c-ad29-9b573bc67fa6:c1199, 932806d8-5f5d-4457-8f95-c9b7f9036eae:c1199]
2019-08-07 03:27:08,010 INFO  client.GrpcClientProtocolClient (GrpcClientProtocolClient.java:onNext(255)) - client-23C834B07313->edccc055-c3f5-47df-b30f-76e8836f4c59: receive RaftClientReply:client-23C834B07313->edccc055-c3f5-47df-b30f-76e8836f4c59@group-ED32739C8BBB, cid=904, SUCCESS, logIndex=1201, commits[edccc055-c3f5-47df-b30f-76e8836f4c59:c1201, f9704f82-adf1-457c-ad29-9b573bc67fa6:c1199, 932806d8-5f5d-4457-8f95-c9b7f9036eae:c1199]
2019-08-07 03:27:08,029 INFO  client.GrpcClientProtocolClient (GrpcClientProtocolClient.java:onNext(255)) - client-23C834B07313->edccc055-c3f5-47df-b30f-76e8836f4c59: receive RaftClientReply:client-23C834B07313->edccc055-c3f5-47df-b30f-76e8836f4c59@group-ED32739C8BBB, cid=905, SUCCESS, logIndex=1203, commits[edccc055-c3f5-47df-b30f-76e8836f4c59:c1204, f9704f82-adf1-457c-ad29-9b573bc67fa6:c1201, 932806d8-5f5d-4457-8f95-c9b7f9036eae:c1201]
2019-08-07 03:27:08,029 INFO  client.GrpcClientProtocolClient (GrpcClientProtocolClient.java:onNext(255)) - client-23C834B07313->edccc055-c3f5-47df-b30f-76e8836f4c59: receive RaftClientReply:client-23C834B07313->edccc055-c3f5-47df-b30f-76e8836f4c59@group-ED32739C8BBB, cid=906, SUCCESS, logIndex=1204, commits[edccc055-c3f5-47df-b30f-76e8836f4c59:c1204, f9704f82-adf1-457c-ad29-9b573bc67fa6:c1201, 932806d8-5f5d-4457-8f95-c9b7f9036eae:c1201]
2019-08-07 03:27:08,051 INFO  client.GrpcClientProtocolClient (GrpcClientProtocolClient.java:onNext(255)) - client-23C834B07313->edccc055-c3f5-47df-b30f-76e8836f4c59: receive RaftClientReply:client-23C834B07313->edccc055-c3f5-47df-b30f-76e8836f4c59@group-ED32739C8BBB, cid=907, SUCCESS, logIndex=0, commits[edccc055-c3f5-47df-b30f-76e8836f4c59:c1206, f9704f82-adf1-457c-ad29-9b573bc67fa6:c1204, 932806d8-5f5d-4457-8f95-c9b7f9036eae:c1204]
2019-08-07 03:27:08,072 INFO  client.GrpcClientProtocolClient (GrpcClientProtocolClient.java:onNext(255)) - client-23C834B07313->edccc055-c3f5-47df-b30f-76e8836f4c59: receive RaftClientReply:client-23C834B07313->edccc055-c3f5-47df-b30f-76e8836f4c59@group-ED32739C8BBB, cid=908, SUCCESS, logIndex=1207, commits[edccc055-c3f5-47df-b30f-76e8836f4c59:c1208, f9704f82-adf1-457c-ad29-9b573bc67fa6:c1206, 932806d8-5f5d-4457-8f95-c9b7f9036eae:c1206]
2019-08-07 03:27:08,073 INFO  client.GrpcClientProtocolClient (GrpcClientProtocolClient.java:onNext(255)) - client-23C834B07313->edccc055-c3f5-47df-b30f-76e8836f4c59: receive RaftClientReply:client-23C834B07313->edccc055-c3f5-47df-b30f-76e8836f4c59@group-ED32739C8BBB, cid=909, SUCCESS, logIndex=1208, commits[edccc055-c3f5-47df-b30f-76e8836f4c59:c1209, f9704f82-adf1-457c-ad29-9b573bc67fa6:c1206, 932806d8-5f5d-4457-8f95-c9b7f9036eae:c1206]
2019-08-07 03:27:08,073 INFO  client.GrpcClientProtocolClient (GrpcClientProtocolClient.java:onNext(255)) - client-23C834B07313->edccc055-c3f5-47df-b30f-76e8836f4c59: receive RaftClientReply:client-23C834B07313->edccc055-c3f5-47df-b30f-76e8836f4c59@group-ED32739C8BBB, cid=910, SUCCESS, logIndex=1209, commits[edccc055-c3f5-47df-b30f-76e8836f4c59:c1210, f9704f82-adf1-457c-ad29-9b573bc67fa6:c1206, 932806d8-5f5d-4457-8f95-c9b7f9036eae:c1206]
2019-08-07 03:27:08,073 INFO  client.GrpcClientProtocolClient (GrpcClientProtocolClient.java:onNext(255)) - client-23C834B07313->edccc055-c3f5-47df-b30f-76e8836f4c59: receive RaftClientReply:client-23C834B07313->edccc055-c3f5-47df-b30f-76e8836f4c59@group-ED32739C8BBB, cid=911, SUCCESS, logIndex=1210, commits[edccc055-c3f5-47df-b30f-76e8836f4c59:c1210, f9704f82-adf1-457c-ad29-9b573bc67fa6:c1206, 932806d8-5f5d-4457-8f95-c9b7f9036eae:c1206]
2019-08-07 03:27:08,075 INFO  client.GrpcClientProtocolClient (GrpcClientProtocolClient.java:onNext(255)) - client-23C834B07313->edccc055-c3f5-47df-b30f-76e8836f4c59: receive RaftClientReply:client-23C834B07313->edccc055-c3f5-47df-b30f-76e8836f4c59@group-ED32739C8BBB, cid=912, SUCCESS, logIndex=0, commits[edccc055-c3f5-47df-b30f-76e8836f4c59:c1212, f9704f82-adf1-457c-ad29-9b573bc67fa6:c1208, 932806d8-5f5d-4457-8f95-c9b7f9036eae:c1208]
2019-08-07 03:27:08,087 INFO  client.GrpcClientProtocolClient (GrpcClientProtocolClient.java:onNext(255)) - client-23C834B07313->edccc055-c3f5-47df-b30f-76e8836f4c59: receive RaftClientReply:client-23C834B07313->edccc055-c3f5-47df-b30f-76e8836f4c59@group-ED32739C8BBB, cid=913, SUCCESS, logIndex=1215, commits[edccc055-c3f5-47df-b30f-76e8836f4c59:c1216, f9704f82-adf1-457c-ad29-9b573bc67fa6:c1212, 932806d8-5f5d-4457-8f95-c9b7f9036eae:c1210]
2019-08-07 03:27:08,088 INFO  client.GrpcClientProtocolClient (GrpcClientProtocolClient.java:onNext(255)) - client-23C834B07313->edccc055-c3f5-47df-b30f-76e8836f4c59: receive RaftClientReply:client-23C834B07313->edccc055-c3f5-47df-b30f-76e8836f4c59@group-ED32739C8BBB, cid=914, SUCCESS, logIndex=1216, commits[edccc055-c3f5-47df-b30f-76e8836f4c59:c1216, f9704f82-adf1-457c-ad29-9b573bc67fa6:c1212, 932806d8-5f5d-4457-8f95-c9b7f9036eae:c1210]
2019-08-07 03:27:08,106 INFO  client.GrpcClientProtocolClient (GrpcClientProtocolClient.java:onNext(255)) - client-23C834B07313->edccc055-c3f5-47df-b30f-76e8836f4c59: receive RaftClientReply:client-23C834B07313->edccc055-c3f5-47df-b30f-76e8836f4c59@group-ED32739C8BBB, cid=915, SUCCESS, logIndex=1218, commits[edccc055-c3f5-47df-b30f-76e8836f4c59:c1219, f9704f82-adf1-457c-ad29-9b573bc67fa6:c1217, 932806d8-5f5d-4457-8f95-c9b7f9036eae:c1217]
2019-08-07 03:27:08,107 INFO  client.GrpcClientProtocolClient (GrpcClientProtocolClient.java:onNext(255)) - client-23C834B07313->edccc055-c3f5-47df-b30f-76e8836f4c59: receive RaftClientReply:client-23C834B07313->edccc055-c3f5-47df-b30f-76e8836f4c59@group-ED32739C8BBB, cid=916, SUCCESS, logIndex=1219, commits[edccc055-c3f5-47df-b30f-76e8836f4c59:c1219, f9704f82-adf1-457c-ad29-9b573bc67fa6:c1217, 932806d8-5f5d-4457-8f95-c9b7f9036eae:c1217]
2019-08-07 03:27:08,118 INFO  client.GrpcClientProtocolClient (GrpcClientProtocolClient.java:onNext(255)) - client-23C834B07313->edccc055-c3f5-47df-b30f-76e8836f4c59: receive RaftClientReply:client-23C834B07313->edccc055-c3f5-47df-b30f-76e8836f4c59@group-ED32739C8BBB, cid=917, SUCCESS, logIndex=0, commits[edccc055-c3f5-47df-b30f-76e8836f4c59:c1220, f9704f82-adf1-457c-ad29-9b573bc67fa6:c1219, 932806d8-5f5d-4457-8f95-c9b7f9036eae:c1219]
2019-08-07 03:27:08,137 INFO  client.GrpcClientProtocolClient (GrpcClientProtocolClient.java:onNext(255)) - client-23C834B07313->edccc055-c3f5-47df-b30f-76e8836f4c59: receive RaftClientReply:client-23C834B07313->edccc055-c3f5-47df-b30f-76e8836f4c59@group-ED32739C8BBB, cid=918, SUCCESS, logIndex=1222, commits[edccc055-c3f5-47df-b30f-76e8836f4c59:c1224, f9704f82-adf1-457c-ad29-9b573bc67fa6:c1221, 932806d8-5f5d-4457-8f95-c9b7f9036eae:c1221]
2019-08-07 03:27:08,138 INFO  client.GrpcClientProtocolClient (GrpcClientProtocolClient.java:onNext(255)) - client-23C834B07313->edccc055-c3f5-47df-b30f-76e8836f4c59: receive RaftClientReply:client-23C834B07313->edccc055-c3f5-47df-b30f-76e8836f4c59@group-ED32739C8BBB, cid=919, SUCCESS, logIndex=1223, commits[edccc055-c3f5-47df-b30f-76e8836f4c59:c1225, f9704f82-adf1-457c-ad29-9b573bc67fa6:c1221, 932806d8-5f5d-4457-8f95-c9b7f9036eae:c1221]
2019-08-07 03:27:08,138 INFO  client.GrpcClientProtocolClient (GrpcClientProtocolClient.java:onNext(255)) - client-23C834B07313->edccc055-c3f5-47df-b30f-76e8836f4c59: receive RaftClientReply:client-23C834B07313->edccc055-c3f5-47df-b30f-76e8836f4c59@group-ED32739C8BBB, cid=920, SUCCESS, logIndex=1224, commits[edccc055-c3f5-47df-b30f-76e8836f4c59:c1225, f9704f82-adf1-457c-ad29-9b573bc67fa6:c1221, 932806d8-5f5d-4457-8f95-c9b7f9036eae:c1221]
2019-08-07 03:27:08,139 INFO  client.GrpcClientProtocolClient (GrpcClientProtocolClient.java:onNext(255)) - client-23C834B07313->edccc055-c3f5-47df-b30f-76e8836f4c59: receive RaftClientReply:client-23C834B07313->edccc055-c3f5-47df-b30f-76e8836f4c59@group-ED32739C8BBB, cid=921, SUCCESS, logIndex=1225, commits[edccc055-c3f5-47df-b30f-76e8836f4c59:c1225, f9704f82-adf1-457c-ad29-9b573bc67fa6:c1221, 932806d8-5f5d-4457-8f95-c9b7f9036eae:c1221]
2019-08-07 03:27:08,140 INFO  client.GrpcClientProtocolClient (GrpcClientProtocolClient.java:onNext(255)) - client-23C834B07313->edccc055-c3f5-47df-b30f-76e8836f4c59: receive RaftClientReply:client-23C834B07313->edccc055-c3f5-47df-b30f-76e8836f4c59@group-ED32739C8BBB, cid=922, SUCCESS, logIndex=0, commits[edccc055-c3f5-47df-b30f-76e8836f4c59:c1229, f9704f82-adf1-457c-ad29-9b573bc67fa6:c1223, 932806d8-5f5d-4457-8f95-c9b7f9036eae:c1225]
 0.00% |█                                                                                                    |  0/1 Time: 0:00:042019-08-07 03:27:08,293 INFO  client.GrpcClientProtocolClient (GrpcClientProtocolClient.java:onNext(255)) - client-23C834B07313->edccc055-c3f5-47df-b30f-76e8836f4c59: receive RaftClientReply:client-23C834B07313->edccc055-c3f5-47df-b30f-76e8836f4c59@group-ED32739C8BBB, cid=923, SUCCESS, logIndex=1230, commits[edccc055-c3f5-47df-b30f-76e8836f4c59:c1231, f9704f82-adf1-457c-ad29-9b573bc67fa6:c1229, 932806d8-5f5d-4457-8f95-c9b7f9036eae:c1229]
2019-08-07 03:27:08,294 INFO  client.GrpcClientProtocolClient (GrpcClientProtocolClient.java:onNext(255)) - client-23C834B07313->edccc055-c3f5-47df-b30f-76e8836f4c59: receive RaftClientReply:client-23C834B07313->edccc055-c3f5-47df-b30f-76e8836f4c59@group-ED32739C8BBB, cid=924, SUCCESS, logIndex=1231, commits[edccc055-c3f5-47df-b30f-76e8836f4c59:c1231, f9704f82-adf1-457c-ad29-9b573bc67fa6:c1229, 932806d8-5f5d-4457-8f95-c9b7f9036eae:c1229]
2019-08-07 03:27:08,314 INFO  client.GrpcClientProtocolClient (GrpcClientProtocolClient.java:onNext(255)) - client-23C834B07313->edccc055-c3f5-47df-b30f-76e8836f4c59: receive RaftClientReply:client-23C834B07313->edccc055-c3f5-47df-b30f-76e8836f4c59@group-ED32739C8BBB, cid=925, SUCCESS, logIndex=1234, commits[edccc055-c3f5-47df-b30f-76e8836f4c59:c1235, f9704f82-adf1-457c-ad29-9b573bc67fa6:c1232, 932806d8-5f5d-4457-8f95-c9b7f9036eae:c1232]
2019-08-07 03:27:08,314 INFO  client.GrpcClientProtocolClient (GrpcClientProtocolClient.java:onNext(255)) - client-23C834B07313->edccc055-c3f5-47df-b30f-76e8836f4c59: receive RaftClientReply:client-23C834B07313->edccc055-c3f5-47df-b30f-76e8836f4c59@group-ED32739C8BBB, cid=926, SUCCESS, logIndex=1235, commits[edccc055-c3f5-47df-b30f-76e8836f4c59:c1235, f9704f82-adf1-457c-ad29-9b573bc67fa6:c1232, 932806d8-5f5d-4457-8f95-c9b7f9036eae:c1232]
2019-08-07 03:27:08,325 INFO  client.GrpcClientProtocolClient (GrpcClientProtocolClient.java:onNext(255)) - client-23C834B07313->edccc055-c3f5-47df-b30f-76e8836f4c59: receive RaftClientReply:client-23C834B07313->edccc055-c3f5-47df-b30f-76e8836f4c59@group-ED32739C8BBB, cid=927, SUCCESS, logIndex=0, commits[edccc055-c3f5-47df-b30f-76e8836f4c59:c1236, f9704f82-adf1-457c-ad29-9b573bc67fa6:c1235, 932806d8-5f5d-4457-8f95-c9b7f9036eae:c1235]
2019-08-07 03:27:08,345 INFO  client.GrpcClientProtocolClient (GrpcClientProtocolClient.java:onNext(255)) - client-23C834B07313->edccc055-c3f5-47df-b30f-76e8836f4c59: receive RaftClientReply:client-23C834B07313->edccc055-c3f5-47df-b30f-76e8836f4c59@group-ED32739C8BBB, cid=928, SUCCESS, logIndex=1238, commits[edccc055-c3f5-47df-b30f-76e8836f4c59:c1239, f9704f82-adf1-457c-ad29-9b573bc67fa6:c1237, 932806d8-5f5d-4457-8f95-c9b7f9036eae:c1237]
2019-08-07 03:27:08,346 INFO  client.GrpcClientProtocolClient (GrpcClientProtocolClient.java:onNext(255)) - client-23C834B07313->edccc055-c3f5-47df-b30f-76e8836f4c59: receive RaftClientReply:client-23C834B07313->edccc055-c3f5-47df-b30f-76e8836f4c59@group-ED32739C8BBB, cid=929, SUCCESS, logIndex=1239, commits[edccc055-c3f5-47df-b30f-76e8836f4c59:c1239, f9704f82-adf1-457c-ad29-9b573bc67fa6:c1237, 932806d8-5f5d-4457-8f95-c9b7f9036eae:c1237]
2019-08-07 03:27:08,346 INFO  client.GrpcClientProtocolClient (GrpcClientProtocolClient.java:onNext(255)) - client-23C834B07313->edccc055-c3f5-47df-b30f-76e8836f4c59: receive RaftClientReply:client-23C834B07313->edccc055-c3f5-47df-b30f-76e8836f4c59@group-ED32739C8BBB, cid=930, SUCCESS, logIndex=1240, commits[edccc055-c3f5-47df-b30f-76e8836f4c59:c1241, f9704f82-adf1-457c-ad29-9b573bc67fa6:c1237, 932806d8-5f5d-4457-8f95-c9b7f9036eae:c1237]
2019-08-07 03:27:08,347 INFO  client.GrpcClientProtocolClient (GrpcClientProtocolClient.java:onNext(255)) - client-23C834B07313->edccc055-c3f5-47df-b30f-76e8836f4c59: receive RaftClientReply:client-23C834B07313->edccc055-c3f5-47df-b30f-76e8836f4c59@group-ED32739C8BBB, cid=931, SUCCESS, logIndex=1241, commits[edccc055-c3f5-47df-b30f-76e8836f4c59:c1241, f9704f82-adf1-457c-ad29-9b573bc67fa6:c1237, 932806d8-5f5d-4457-8f95-c9b7f9036eae:c1237]
2019-08-07 03:27:08,359 INFO  client.GrpcClientProtocolClient (GrpcClientProtocolClient.java:onNext(255)) - client-23C834B07313->edccc055-c3f5-47df-b30f-76e8836f4c59: receive RaftClientReply:client-23C834B07313->edccc055-c3f5-47df-b30f-76e8836f4c59@group-ED32739C8BBB, cid=932, SUCCESS, logIndex=0, commits[edccc055-c3f5-47df-b30f-76e8836f4c59:c1243, f9704f82-adf1-457c-ad29-9b573bc67fa6:c1239, 932806d8-5f5d-4457-8f95-c9b7f9036eae:c1239]
2019-08-07 03:27:08,379 INFO  client.GrpcClientProtocolClient (GrpcClientProtocolClient.java:onNext(255)) - client-23C834B07313->edccc055-c3f5-47df-b30f-76e8836f4c59: receive RaftClientReply:client-23C834B07313->edccc055-c3f5-47df-b30f-76e8836f4c59@group-ED32739C8BBB, cid=933, SUCCESS, logIndex=1246, commits[edccc055-c3f5-47df-b30f-76e8836f4c59:c1247, f9704f82-adf1-457c-ad29-9b573bc67fa6:c1245, 932806d8-5f5d-4457-8f95-c9b7f9036eae:c1245]
2019-08-07 03:27:08,379 INFO  client.GrpcClientProtocolClient (GrpcClientProtocolClient.java:onNext(255)) - client-23C834B07313->edccc055-c3f5-47df-b30f-76e8836f4c59: receive RaftClientReply:client-23C834B07313->edccc055-c3f5-47df-b30f-76e8836f4c59@group-ED32739C8BBB, cid=934, SUCCESS, logIndex=1247, commits[edccc055-c3f5-47df-b30f-76e8836f4c59:c1247, f9704f82-adf1-457c-ad29-9b573bc67fa6:c1245, 932806d8-5f5d-4457-8f95-c9b7f9036eae:c1245]
2019-08-07 03:27:08,394 INFO  client.GrpcClientProtocolClient (GrpcClientProtocolClient.java:onNext(255)) - client-23C834B07313->edccc055-c3f5-47df-b30f-76e8836f4c59: receive RaftClientReply:client-23C834B07313->edccc055-c3f5-47df-b30f-76e8836f4c59@group-ED32739C8BBB, cid=935, SUCCESS, logIndex=1250, commits[edccc055-c3f5-47df-b30f-76e8836f4c59:c1251, f9704f82-adf1-457c-ad29-9b573bc67fa6:c1247, 932806d8-5f5d-4457-8f95-c9b7f9036eae:c1247]
2019-08-07 03:27:08,394 INFO  client.GrpcClientProtocolClient (GrpcClientProtocolClient.java:onNext(255)) - client-23C834B07313->edccc055-c3f5-47df-b30f-76e8836f4c59: receive RaftClientReply:client-23C834B07313->edccc055-c3f5-47df-b30f-76e8836f4c59@group-ED32739C8BBB, cid=936, SUCCESS, logIndex=1251, commits[edccc055-c3f5-47df-b30f-76e8836f4c59:c1251, f9704f82-adf1-457c-ad29-9b573bc67fa6:c1247, 932806d8-5f5d-4457-8f95-c9b7f9036eae:c1247]
2019-08-07 03:27:08,405 INFO  client.GrpcClientProtocolClient (GrpcClientProtocolClient.java:onNext(255)) - client-23C834B07313->edccc055-c3f5-47df-b30f-76e8836f4c59: receive RaftClientReply:client-23C834B07313->edccc055-c3f5-47df-b30f-76e8836f4c59@group-ED32739C8BBB, cid=937, SUCCESS, logIndex=0, commits[edccc055-c3f5-47df-b30f-76e8836f4c59:c1252, f9704f82-adf1-457c-ad29-9b573bc67fa6:c1251, 932806d8-5f5d-4457-8f95-c9b7f9036eae:c1251]
2019-08-07 03:27:08,424 INFO  client.GrpcClientProtocolClient (GrpcClientProtocolClient.java:onNext(255)) - client-23C834B07313->edccc055-c3f5-47df-b30f-76e8836f4c59: receive RaftClientReply:client-23C834B07313->edccc055-c3f5-47df-b30f-76e8836f4c59@group-ED32739C8BBB, cid=938, SUCCESS, logIndex=1254, commits[edccc055-c3f5-47df-b30f-76e8836f4c59:c1255, f9704f82-adf1-457c-ad29-9b573bc67fa6:c1253, 932806d8-5f5d-4457-8f95-c9b7f9036eae:c1251]
2019-08-07 03:27:08,425 INFO  client.GrpcClientProtocolClient (GrpcClientProtocolClient.java:onNext(255)) - client-23C834B07313->edccc055-c3f5-47df-b30f-76e8836f4c59: receive RaftClientReply:client-23C834B07313->edccc055-c3f5-47df-b30f-76e8836f4c59@group-ED32739C8BBB, cid=939, SUCCESS, logIndex=1255, commits[edccc055-c3f5-47df-b30f-76e8836f4c59:c1257, f9704f82-adf1-457c-ad29-9b573bc67fa6:c1253, 932806d8-5f5d-4457-8f95-c9b7f9036eae:c1253]
2019-08-07 03:27:08,425 INFO  client.GrpcClientProtocolClient (GrpcClientProtocolClient.java:onNext(255)) - client-23C834B07313->edccc055-c3f5-47df-b30f-76e8836f4c59: receive RaftClientReply:client-23C834B07313->edccc055-c3f5-47df-b30f-76e8836f4c59@group-ED32739C8BBB, cid=940, SUCCESS, logIndex=1256, commits[edccc055-c3f5-47df-b30f-76e8836f4c59:c1257, f9704f82-adf1-457c-ad29-9b573bc67fa6:c1253, 932806d8-5f5d-4457-8f95-c9b7f9036eae:c1253]
2019-08-07 03:27:08,426 INFO  client.GrpcClientProtocolClient (GrpcClientProtocolClient.java:onNext(255)) - client-23C834B07313->edccc055-c3f5-47df-b30f-76e8836f4c59: receive RaftClientReply:client-23C834B07313->edccc055-c3f5-47df-b30f-76e8836f4c59@group-ED32739C8BBB, cid=941, SUCCESS, logIndex=1257, commits[edccc055-c3f5-47df-b30f-76e8836f4c59:c1257, f9704f82-adf1-457c-ad29-9b573bc67fa6:c1253, 932806d8-5f5d-4457-8f95-c9b7f9036eae:c1253]
2019-08-07 03:27:08,440 INFO  client.GrpcClientProtocolClient (GrpcClientProtocolClient.java:onNext(255)) - client-23C834B07313->edccc055-c3f5-47df-b30f-76e8836f4c59: receive RaftClientReply:client-23C834B07313->edccc055-c3f5-47df-b30f-76e8836f4c59@group-ED32739C8BBB, cid=942, SUCCESS, logIndex=0, commits[edccc055-c3f5-47df-b30f-76e8836f4c59:c1260, f9704f82-adf1-457c-ad29-9b573bc67fa6:c1257, 932806d8-5f5d-4457-8f95-c9b7f9036eae:c1255]
2019-08-07 03:27:08,459 INFO  client.GrpcClientProtocolClient (GrpcClientProtocolClient.java:onNext(255)) - client-23C834B07313->edccc055-c3f5-47df-b30f-76e8836f4c59: receive RaftClientReply:client-23C834B07313->edccc055-c3f5-47df-b30f-76e8836f4c59@group-ED32739C8BBB, cid=943, SUCCESS, logIndex=1261, commits[edccc055-c3f5-47df-b30f-76e8836f4c59:c1262, f9704f82-adf1-457c-ad29-9b573bc67fa6:c1260, 932806d8-5f5d-4457-8f95-c9b7f9036eae:c1260]
2019-08-07 03:27:08,459 INFO  client.GrpcClientProtocolClient (GrpcClientProtocolClient.java:onNext(255)) - client-23C834B07313->edccc055-c3f5-47df-b30f-76e8836f4c59: receive RaftClientReply:client-23C834B07313->edccc055-c3f5-47df-b30f-76e8836f4c59@group-ED32739C8BBB, cid=944, SUCCESS, logIndex=1262, commits[edccc055-c3f5-47df-b30f-76e8836f4c59:c1262, f9704f82-adf1-457c-ad29-9b573bc67fa6:c1260, 932806d8-5f5d-4457-8f95-c9b7f9036eae:c1260]
2019-08-07 03:27:08,474 INFO  client.GrpcClientProtocolClient (GrpcClientProtocolClient.java:onNext(255)) - client-23C834B07313->edccc055-c3f5-47df-b30f-76e8836f4c59: receive RaftClientReply:client-23C834B07313->edccc055-c3f5-47df-b30f-76e8836f4c59@group-ED32739C8BBB, cid=945, SUCCESS, logIndex=1265, commits[edccc055-c3f5-47df-b30f-76e8836f4c59:c1266, f9704f82-adf1-457c-ad29-9b573bc67fa6:c1262, 932806d8-5f5d-4457-8f95-c9b7f9036eae:c1262]
2019-08-07 03:27:08,475 INFO  client.GrpcClientProtocolClient (GrpcClientProtocolClient.java:onNext(255)) - client-23C834B07313->edccc055-c3f5-47df-b30f-76e8836f4c59: receive RaftClientReply:client-23C834B07313->edccc055-c3f5-47df-b30f-76e8836f4c59@group-ED32739C8BBB, cid=946, SUCCESS, logIndex=1266, commits[edccc055-c3f5-47df-b30f-76e8836f4c59:c1266, f9704f82-adf1-457c-ad29-9b573bc67fa6:c1262, 932806d8-5f5d-4457-8f95-c9b7f9036eae:c1262]
2019-08-07 03:27:08,487 INFO  client.GrpcClientProtocolClient (GrpcClientProtocolClient.java:onNext(255)) - client-23C834B07313->edccc055-c3f5-47df-b30f-76e8836f4c59: receive RaftClientReply:client-23C834B07313->edccc055-c3f5-47df-b30f-76e8836f4c59@group-ED32739C8BBB, cid=947, SUCCESS, logIndex=0, commits[edccc055-c3f5-47df-b30f-76e8836f4c59:c1267, f9704f82-adf1-457c-ad29-9b573bc67fa6:c1266, 932806d8-5f5d-4457-8f95-c9b7f9036eae:c1266]
2019-08-07 03:27:08,500 INFO  client.GrpcClientProtocolClient (GrpcClientProtocolClient.java:onNext(255)) - client-23C834B07313->edccc055-c3f5-47df-b30f-76e8836f4c59: receive RaftClientReply:client-23C834B07313->edccc055-c3f5-47df-b30f-76e8836f4c59@group-ED32739C8BBB, cid=948, SUCCESS, logIndex=1269, commits[edccc055-c3f5-47df-b30f-76e8836f4c59:c1270, f9704f82-adf1-457c-ad29-9b573bc67fa6:c1266, 932806d8-5f5d-4457-8f95-c9b7f9036eae:c1268]
2019-08-07 03:27:08,500 INFO  client.GrpcClientProtocolClient (GrpcClientProtocolClient.java:onNext(255)) - client-23C834B07313->edccc055-c3f5-47df-b30f-76e8836f4c59: receive RaftClientReply:client-23C834B07313->edccc055-c3f5-47df-b30f-76e8836f4c59@group-ED32739C8BBB, cid=949, SUCCESS, logIndex=1270, commits[edccc055-c3f5-47df-b30f-76e8836f4c59:c1270, f9704f82-adf1-457c-ad29-9b573bc67fa6:c1266, 932806d8-5f5d-4457-8f95-c9b7f9036eae:c1268]
2019-08-07 03:27:08,503 INFO  client.GrpcClientProtocolClient (GrpcClientProtocolClient.java:onNext(255)) - client-23C834B07313->edccc055-c3f5-47df-b30f-76e8836f4c59: receive RaftClientReply:client-23C834B07313->edccc055-c3f5-47df-b30f-76e8836f4c59@group-ED32739C8BBB, cid=950, SUCCESS, logIndex=1271, commits[edccc055-c3f5-47df-b30f-76e8836f4c59:c1272, f9704f82-adf1-457c-ad29-9b573bc67fa6:c1268, 932806d8-5f5d-4457-8f95-c9b7f9036eae:c1268]
2019-08-07 03:27:08,503 INFO  client.GrpcClientProtocolClient (GrpcClientProtocolClient.java:onNext(255)) - client-23C834B07313->edccc055-c3f5-47df-b30f-76e8836f4c59: receive RaftClientReply:client-23C834B07313->edccc055-c3f5-47df-b30f-76e8836f4c59@group-ED32739C8BBB, cid=951, SUCCESS, logIndex=1272, commits[edccc055-c3f5-47df-b30f-76e8836f4c59:c1273, f9704f82-adf1-457c-ad29-9b573bc67fa6:c1268, 932806d8-5f5d-4457-8f95-c9b7f9036eae:c1270]
2019-08-07 03:27:08,504 INFO  client.GrpcClientProtocolClient (GrpcClientProtocolClient.java:onNext(255)) - client-23C834B07313->edccc055-c3f5-47df-b30f-76e8836f4c59: receive RaftClientReply:client-23C834B07313->edccc055-c3f5-47df-b30f-76e8836f4c59@group-ED32739C8BBB, cid=952, SUCCESS, logIndex=0, commits[edccc055-c3f5-47df-b30f-76e8836f4c59:c1274, f9704f82-adf1-457c-ad29-9b573bc67fa6:c1270, 932806d8-5f5d-4457-8f95-c9b7f9036eae:c1270]
2019-08-07 03:27:08,528 INFO  client.GrpcClientProtocolClient (GrpcClientProtocolClient.java:onNext(255)) - client-23C834B07313->edccc055-c3f5-47df-b30f-76e8836f4c59: receive RaftClientReply:client-23C834B07313->edccc055-c3f5-47df-b30f-76e8836f4c59@group-ED32739C8BBB, cid=953, SUCCESS, logIndex=1277, commits[edccc055-c3f5-47df-b30f-76e8836f4c59:c1278, f9704f82-adf1-457c-ad29-9b573bc67fa6:c1276, 932806d8-5f5d-4457-8f95-c9b7f9036eae:c1276]
2019-08-07 03:27:08,528 INFO  client.GrpcClientProtocolClient (GrpcClientProtocolClient.java:onNext(255)) - client-23C834B07313->edccc055-c3f5-47df-b30f-76e8836f4c59: receive RaftClientReply:client-23C834B07313->edccc055-c3f5-47df-b30f-76e8836f4c59@group-ED32739C8BBB, cid=954, SUCCESS, logIndex=1278, commits[edccc055-c3f5-47df-b30f-76e8836f4c59:c1278, f9704f82-adf1-457c-ad29-9b573bc67fa6:c1276, 932806d8-5f5d-4457-8f95-c9b7f9036eae:c1276]
2019-08-07 03:27:08,541 INFO  client.GrpcClientProtocolClient (GrpcClientProtocolClient.java:onNext(255)) - client-23C834B07313->edccc055-c3f5-47df-b30f-76e8836f4c59: receive RaftClientReply:client-23C834B07313->edccc055-c3f5-47df-b30f-76e8836f4c59@group-ED32739C8BBB, cid=955, SUCCESS, logIndex=1281, commits[edccc055-c3f5-47df-b30f-76e8836f4c59:c1281, f9704f82-adf1-457c-ad29-9b573bc67fa6:c1278, 932806d8-5f5d-4457-8f95-c9b7f9036eae:c1278]
2019-08-07 03:27:08,541 INFO  client.GrpcClientProtocolClient (GrpcClientProtocolClient.java:onNext(255)) - client-23C834B07313->edccc055-c3f5-47df-b30f-76e8836f4c59: receive RaftClientReply:client-23C834B07313->edccc055-c3f5-47df-b30f-76e8836f4c59@group-ED32739C8BBB, cid=956, SUCCESS, logIndex=1282, commits[edccc055-c3f5-47df-b30f-76e8836f4c59:c1282, f9704f82-adf1-457c-ad29-9b573bc67fa6:c1278, 932806d8-5f5d-4457-8f95-c9b7f9036eae:c1278]
2019-08-07 03:27:08,556 INFO  client.GrpcClientProtocolClient (GrpcClientProtocolClient.java:onNext(255)) - client-23C834B07313->edccc055-c3f5-47df-b30f-76e8836f4c59: receive RaftClientReply:client-23C834B07313->edccc055-c3f5-47df-b30f-76e8836f4c59@group-ED32739C8BBB, cid=957, SUCCESS, logIndex=0, commits[edccc055-c3f5-47df-b30f-76e8836f4c59:c1284, f9704f82-adf1-457c-ad29-9b573bc67fa6:c1282, 932806d8-5f5d-4457-8f95-c9b7f9036eae:c1282]
2019-08-07 03:27:08,574 INFO  client.GrpcClientProtocolClient (GrpcClientProtocolClient.java:onNext(255)) - client-23C834B07313->edccc055-c3f5-47df-b30f-76e8836f4c59: receive RaftClientReply:client-23C834B07313->edccc055-c3f5-47df-b30f-76e8836f4c59@group-ED32739C8BBB, cid=958, SUCCESS, logIndex=1285, commits[edccc055-c3f5-47df-b30f-76e8836f4c59:c1286, f9704f82-adf1-457c-ad29-9b573bc67fa6:c1284, 932806d8-5f5d-4457-8f95-c9b7f9036eae:c1284]
2019-08-07 03:27:08,575 INFO  client.GrpcClientProtocolClient (GrpcClientProtocolClient.java:onNext(255)) - client-23C834B07313->edccc055-c3f5-47df-b30f-76e8836f4c59: receive RaftClientReply:client-23C834B07313->edccc055-c3f5-47df-b30f-76e8836f4c59@group-ED32739C8BBB, cid=959, SUCCESS, logIndex=1286, commits[edccc055-c3f5-47df-b30f-76e8836f4c59:c1288, f9704f82-adf1-457c-ad29-9b573bc67fa6:c1284, 932806d8-5f5d-4457-8f95-c9b7f9036eae:c1284]
2019-08-07 03:27:08,575 INFO  client.GrpcClientProtocolClient (GrpcClientProtocolClient.java:onNext(255)) - client-23C834B07313->edccc055-c3f5-47df-b30f-76e8836f4c59: receive RaftClientReply:client-23C834B07313->edccc055-c3f5-47df-b30f-76e8836f4c59@group-ED32739C8BBB, cid=960, SUCCESS, logIndex=1287, commits[edccc055-c3f5-47df-b30f-76e8836f4c59:c1288, f9704f82-adf1-457c-ad29-9b573bc67fa6:c1284, 932806d8-5f5d-4457-8f95-c9b7f9036eae:c1284]
2019-08-07 03:27:08,576 INFO  client.GrpcClientProtocolClient (GrpcClientProtocolClient.java:onNext(255)) - client-23C834B07313->edccc055-c3f5-47df-b30f-76e8836f4c59: receive RaftClientReply:client-23C834B07313->edccc055-c3f5-47df-b30f-76e8836f4c59@group-ED32739C8BBB, cid=961, SUCCESS, logIndex=1288, commits[edccc055-c3f5-47df-b30f-76e8836f4c59:c1288, f9704f82-adf1-457c-ad29-9b573bc67fa6:c1284, 932806d8-5f5d-4457-8f95-c9b7f9036eae:c1284]
2019-08-07 03:27:08,577 INFO  client.GrpcClientProtocolClient (GrpcClientProtocolClient.java:onNext(255)) - client-23C834B07313->edccc055-c3f5-47df-b30f-76e8836f4c59: receive RaftClientReply:client-23C834B07313->edccc055-c3f5-47df-b30f-76e8836f4c59@group-ED32739C8BBB, cid=962, SUCCESS, logIndex=0, commits[edccc055-c3f5-47df-b30f-76e8836f4c59:c1291, f9704f82-adf1-457c-ad29-9b573bc67fa6:c1288, 932806d8-5f5d-4457-8f95-c9b7f9036eae:c1288]
2019-08-07 03:27:08,596 INFO  client.GrpcClientProtocolClient (GrpcClientProtocolClient.java:onNext(255)) - client-23C834B07313->edccc055-c3f5-47df-b30f-76e8836f4c59: receive RaftClientReply:client-23C834B07313->edccc055-c3f5-47df-b30f-76e8836f4c59@group-ED32739C8BBB, cid=963, SUCCESS, logIndex=1292, commits[edccc055-c3f5-47df-b30f-76e8836f4c59:c1293, f9704f82-adf1-457c-ad29-9b573bc67fa6:c1291, 932806d8-5f5d-4457-8f95-c9b7f9036eae:c1291]
2019-08-07 03:27:08,596 INFO  client.GrpcClientProtocolClient (GrpcClientProtocolClient.java:onNext(255)) - client-23C834B07313->edccc055-c3f5-47df-b30f-76e8836f4c59: receive RaftClientReply:client-23C834B07313->edccc055-c3f5-47df-b30f-76e8836f4c59@group-ED32739C8BBB, cid=964, SUCCESS, logIndex=1293, commits[edccc055-c3f5-47df-b30f-76e8836f4c59:c1293, f9704f82-adf1-457c-ad29-9b573bc67fa6:c1291, 932806d8-5f5d-4457-8f95-c9b7f9036eae:c1291]
2019-08-07 03:27:08,611 INFO  client.GrpcClientProtocolClient (GrpcClientProtocolClient.java:onNext(255)) - client-23C834B07313->edccc055-c3f5-47df-b30f-76e8836f4c59: receive RaftClientReply:client-23C834B07313->edccc055-c3f5-47df-b30f-76e8836f4c59@group-ED32739C8BBB, cid=965, SUCCESS, logIndex=1296, commits[edccc055-c3f5-47df-b30f-76e8836f4c59:c1297, f9704f82-adf1-457c-ad29-9b573bc67fa6:c1293, 932806d8-5f5d-4457-8f95-c9b7f9036eae:c1293]
2019-08-07 03:27:08,612 INFO  client.GrpcClientProtocolClient (GrpcClientProtocolClient.java:onNext(255)) - client-23C834B07313->edccc055-c3f5-47df-b30f-76e8836f4c59: receive RaftClientReply:client-23C834B07313->edccc055-c3f5-47df-b30f-76e8836f4c59@group-ED32739C8BBB, cid=966, SUCCESS, logIndex=1297, commits[edccc055-c3f5-47df-b30f-76e8836f4c59:c1297, f9704f82-adf1-457c-ad29-9b573bc67fa6:c1293, 932806d8-5f5d-4457-8f95-c9b7f9036eae:c1293]
2019-08-07 03:27:08,625 INFO  client.GrpcClientProtocolClient (GrpcClientProtocolClient.java:onNext(255)) - client-23C834B07313->edccc055-c3f5-47df-b30f-76e8836f4c59: receive RaftClientReply:client-23C834B07313->edccc055-c3f5-47df-b30f-76e8836f4c59@group-ED32739C8BBB, cid=967, SUCCESS, logIndex=0, commits[edccc055-c3f5-47df-b30f-76e8836f4c59:c1299, f9704f82-adf1-457c-ad29-9b573bc67fa6:c1297, 932806d8-5f5d-4457-8f95-c9b7f9036eae:c1297]
2019-08-07 03:27:08,645 INFO  client.GrpcClientProtocolClient (GrpcClientProtocolClient.java:onNext(255)) - client-23C834B07313->edccc055-c3f5-47df-b30f-76e8836f4c59: receive RaftClientReply:client-23C834B07313->edccc055-c3f5-47df-b30f-76e8836f4c59@group-ED32739C8BBB, cid=968, SUCCESS, logIndex=1300, commits[edccc055-c3f5-47df-b30f-76e8836f4c59:c1301, f9704f82-adf1-457c-ad29-9b573bc67fa6:c1299, 932806d8-5f5d-4457-8f95-c9b7f9036eae:c1299]
2019-08-07 03:27:08,646 INFO  client.GrpcClientProtocolClient (GrpcClientProtocolClient.java:onNext(255)) - client-23C834B07313->edccc055-c3f5-47df-b30f-76e8836f4c59: receive RaftClientReply:client-23C834B07313->edccc055-c3f5-47df-b30f-76e8836f4c59@group-ED32739C8BBB, cid=969, SUCCESS, logIndex=1301, commits[edccc055-c3f5-47df-b30f-76e8836f4c59:c1301, f9704f82-adf1-457c-ad29-9b573bc67fa6:c1299, 932806d8-5f5d-4457-8f95-c9b7f9036eae:c1299]
2019-08-07 03:27:08,656 INFO  client.GrpcClientProtocolClient (GrpcClientProtocolClient.java:onNext(255)) - client-23C834B07313->edccc055-c3f5-47df-b30f-76e8836f4c59: receive RaftClientReply:client-23C834B07313->edccc055-c3f5-47df-b30f-76e8836f4c59@group-ED32739C8BBB, cid=970, SUCCESS, logIndex=1302, commits[edccc055-c3f5-47df-b30f-76e8836f4c59:c1303, f9704f82-adf1-457c-ad29-9b573bc67fa6:c1299, 932806d8-5f5d-4457-8f95-c9b7f9036eae:c1299]
2019-08-07 03:27:08,656 INFO  client.GrpcClientProtocolClient (GrpcClientProtocolClient.java:onNext(255)) - client-23C834B07313->edccc055-c3f5-47df-b30f-76e8836f4c59: receive RaftClientReply:client-23C834B07313->edccc055-c3f5-47df-b30f-76e8836f4c59@group-ED32739C8BBB, cid=971, SUCCESS, logIndex=1303, commits[edccc055-c3f5-47df-b30f-76e8836f4c59:c1303, f9704f82-adf1-457c-ad29-9b573bc67fa6:c1299, 932806d8-5f5d-4457-8f95-c9b7f9036eae:c1299]
2019-08-07 03:27:08,678 INFO  client.GrpcClientProtocolClient (GrpcClientProtocolClient.java:onNext(255)) - client-23C834B07313->edccc055-c3f5-47df-b30f-76e8836f4c59: receive RaftClientReply:client-23C834B07313->edccc055-c3f5-47df-b30f-76e8836f4c59@group-ED32739C8BBB, cid=972, SUCCESS, logIndex=0, commits[edccc055-c3f5-47df-b30f-76e8836f4c59:c1305, f9704f82-adf1-457c-ad29-9b573bc67fa6:c1301, 932806d8-5f5d-4457-8f95-c9b7f9036eae:c1301]
2019-08-07 03:27:08,700 INFO  client.GrpcClientProtocolClient (GrpcClientProtocolClient.java:onNext(255)) - client-23C834B07313->edccc055-c3f5-47df-b30f-76e8836f4c59: receive RaftClientReply:client-23C834B07313->edccc055-c3f5-47df-b30f-76e8836f4c59@group-ED32739C8BBB, cid=973, SUCCESS, logIndex=1308, commits[edccc055-c3f5-47df-b30f-76e8836f4c59:c1309, f9704f82-adf1-457c-ad29-9b573bc67fa6:c1307, 932806d8-5f5d-4457-8f95-c9b7f9036eae:c1307]
2019-08-07 03:27:08,700 INFO  client.GrpcClientProtocolClient (GrpcClientProtocolClient.java:onNext(255)) - client-23C834B07313->edccc055-c3f5-47df-b30f-76e8836f4c59: receive RaftClientReply:client-23C834B07313->edccc055-c3f5-47df-b30f-76e8836f4c59@group-ED32739C8BBB, cid=974, SUCCESS, logIndex=1309, commits[edccc055-c3f5-47df-b30f-76e8836f4c59:c1309, f9704f82-adf1-457c-ad29-9b573bc67fa6:c1307, 932806d8-5f5d-4457-8f95-c9b7f9036eae:c1307]
2019-08-07 03:27:08,727 INFO  client.GrpcClientProtocolClient (GrpcClientProtocolClient.java:onNext(255)) - client-23C834B07313->edccc055-c3f5-47df-b30f-76e8836f4c59: receive RaftClientReply:client-23C834B07313->edccc055-c3f5-47df-b30f-76e8836f4c59@group-ED32739C8BBB, cid=975, SUCCESS, logIndex=1312, commits[edccc055-c3f5-47df-b30f-76e8836f4c59:c1313, f9704f82-adf1-457c-ad29-9b573bc67fa6:c1309, 932806d8-5f5d-4457-8f95-c9b7f9036eae:c1309]
2019-08-07 03:27:08,727 INFO  client.GrpcClientProtocolClient (GrpcClientProtocolClient.java:onNext(255)) - client-23C834B07313->edccc055-c3f5-47df-b30f-76e8836f4c59: receive RaftClientReply:client-23C834B07313->edccc055-c3f5-47df-b30f-76e8836f4c59@group-ED32739C8BBB, cid=976, SUCCESS, logIndex=1313, commits[edccc055-c3f5-47df-b30f-76e8836f4c59:c1313, f9704f82-adf1-457c-ad29-9b573bc67fa6:c1309, 932806d8-5f5d-4457-8f95-c9b7f9036eae:c1309]
2019-08-07 03:27:08,729 INFO  client.GrpcClientProtocolClient (GrpcClientProtocolClient.java:onNext(255)) - client-23C834B07313->edccc055-c3f5-47df-b30f-76e8836f4c59: receive RaftClientReply:client-23C834B07313->edccc055-c3f5-47df-b30f-76e8836f4c59@group-ED32739C8BBB, cid=977, SUCCESS, logIndex=0, commits[edccc055-c3f5-47df-b30f-76e8836f4c59:c1314, f9704f82-adf1-457c-ad29-9b573bc67fa6:c1313, 932806d8-5f5d-4457-8f95-c9b7f9036eae:c1313]
2019-08-07 03:27:08,749 INFO  client.GrpcClientProtocolClient (GrpcClientProtocolClient.java:onNext(255)) - client-23C834B07313->edccc055-c3f5-47df-b30f-76e8836f4c59: receive RaftClientReply:client-23C834B07313->edccc055-c3f5-47df-b30f-76e8836f4c59@group-ED32739C8BBB, cid=978, SUCCESS, logIndex=1316, commits[edccc055-c3f5-47df-b30f-76e8836f4c59:c1317, f9704f82-adf1-457c-ad29-9b573bc67fa6:c1315, 932806d8-5f5d-4457-8f95-c9b7f9036eae:c1315]
2019-08-07 03:27:08,750 INFO  client.GrpcClientProtocolClient (GrpcClientProtocolClient.java:onNext(255)) - client-23C834B07313->edccc055-c3f5-47df-b30f-76e8836f4c59: receive RaftClientReply:client-23C834B07313->edccc055-c3f5-47df-b30f-76e8836f4c59@group-ED32739C8BBB, cid=979, SUCCESS, logIndex=1317, commits[edccc055-c3f5-47df-b30f-76e8836f4c59:c1317, f9704f82-adf1-457c-ad29-9b573bc67fa6:c1315, 932806d8-5f5d-4457-8f95-c9b7f9036eae:c1315]
2019-08-07 03:27:08,750 INFO  client.GrpcClientProtocolClient (GrpcClientProtocolClient.java:onNext(255)) - client-23C834B07313->edccc055-c3f5-47df-b30f-76e8836f4c59: receive RaftClientReply:client-23C834B07313->edccc055-c3f5-47df-b30f-76e8836f4c59@group-ED32739C8BBB, cid=980, SUCCESS, logIndex=1318, commits[edccc055-c3f5-47df-b30f-76e8836f4c59:c1319, f9704f82-adf1-457c-ad29-9b573bc67fa6:c1315, 932806d8-5f5d-4457-8f95-c9b7f9036eae:c1315]
2019-08-07 03:27:08,750 INFO  client.GrpcClientProtocolClient (GrpcClientProtocolClient.java:onNext(255)) - client-23C834B07313->edccc055-c3f5-47df-b30f-76e8836f4c59: receive RaftClientReply:client-23C834B07313->edccc055-c3f5-47df-b30f-76e8836f4c59@group-ED32739C8BBB, cid=981, SUCCESS, logIndex=1319, commits[edccc055-c3f5-47df-b30f-76e8836f4c59:c1319, f9704f82-adf1-457c-ad29-9b573bc67fa6:c1315, 932806d8-5f5d-4457-8f95-c9b7f9036eae:c1315]
2019-08-07 03:27:08,763 INFO  client.GrpcClientProtocolClient (GrpcClientProtocolClient.java:onNext(255)) - client-23C834B07313->edccc055-c3f5-47df-b30f-76e8836f4c59: receive RaftClientReply:client-23C834B07313->edccc055-c3f5-47df-b30f-76e8836f4c59@group-ED32739C8BBB, cid=982, SUCCESS, logIndex=0, commits[edccc055-c3f5-47df-b30f-76e8836f4c59:c1321, f9704f82-adf1-457c-ad29-9b573bc67fa6:c1317, 932806d8-5f5d-4457-8f95-c9b7f9036eae:c1317]
2019-08-07 03:27:08,783 INFO  client.GrpcClientProtocolClient (GrpcClientProtocolClient.java:onNext(255)) - client-23C834B07313->edccc055-c3f5-47df-b30f-76e8836f4c59: receive RaftClientReply:client-23C834B07313->edccc055-c3f5-47df-b30f-76e8836f4c59@group-ED32739C8BBB, cid=983, SUCCESS, logIndex=1324, commits[edccc055-c3f5-47df-b30f-76e8836f4c59:c1324, f9704f82-adf1-457c-ad29-9b573bc67fa6:c1323, 932806d8-5f5d-4457-8f95-c9b7f9036eae:c1323]
2019-08-07 03:27:08,783 INFO  client.GrpcClientProtocolClient (GrpcClientProtocolClient.java:onNext(255)) - client-23C834B07313->edccc055-c3f5-47df-b30f-76e8836f4c59: receive RaftClientReply:client-23C834B07313->edccc055-c3f5-47df-b30f-76e8836f4c59@group-ED32739C8BBB, cid=984, SUCCESS, logIndex=1325, commits[edccc055-c3f5-47df-b30f-76e8836f4c59:c1325, f9704f82-adf1-457c-ad29-9b573bc67fa6:c1323, 932806d8-5f5d-4457-8f95-c9b7f9036eae:c1323]
2019-08-07 03:27:08,799 INFO  client.GrpcClientProtocolClient (GrpcClientProtocolClient.java:onNext(255)) - client-23C834B07313->edccc055-c3f5-47df-b30f-76e8836f4c59: receive RaftClientReply:client-23C834B07313->edccc055-c3f5-47df-b30f-76e8836f4c59@group-ED32739C8BBB, cid=985, SUCCESS, logIndex=1328, commits[edccc055-c3f5-47df-b30f-76e8836f4c59:c1329, f9704f82-adf1-457c-ad29-9b573bc67fa6:c1325, 932806d8-5f5d-4457-8f95-c9b7f9036eae:c1325]
2019-08-07 03:27:08,799 INFO  client.GrpcClientProtocolClient (GrpcClientProtocolClient.java:onNext(255)) - client-23C834B07313->edccc055-c3f5-47df-b30f-76e8836f4c59: receive RaftClientReply:client-23C834B07313->edccc055-c3f5-47df-b30f-76e8836f4c59@group-ED32739C8BBB, cid=986, SUCCESS, logIndex=1329, commits[edccc055-c3f5-47df-b30f-76e8836f4c59:c1329, f9704f82-adf1-457c-ad29-9b573bc67fa6:c1325, 932806d8-5f5d-4457-8f95-c9b7f9036eae:c1325]
2019-08-07 03:27:08,812 INFO  client.GrpcClientProtocolClient (GrpcClientProtocolClient.java:onNext(255)) - client-23C834B07313->edccc055-c3f5-47df-b30f-76e8836f4c59: receive RaftClientReply:client-23C834B07313->edccc055-c3f5-47df-b30f-76e8836f4c59@group-ED32739C8BBB, cid=987, SUCCESS, logIndex=0, commits[edccc055-c3f5-47df-b30f-76e8836f4c59:c1330, f9704f82-adf1-457c-ad29-9b573bc67fa6:c1329, 932806d8-5f5d-4457-8f95-c9b7f9036eae:c1329]
2019-08-07 03:27:08,832 INFO  client.GrpcClientProtocolClient (GrpcClientProtocolClient.java:onNext(255)) - client-23C834B07313->edccc055-c3f5-47df-b30f-76e8836f4c59: receive RaftClientReply:client-23C834B07313->edccc055-c3f5-47df-b30f-76e8836f4c59@group-ED32739C8BBB, cid=988, SUCCESS, logIndex=1332, commits[edccc055-c3f5-47df-b30f-76e8836f4c59:c1333, f9704f82-adf1-457c-ad29-9b573bc67fa6:c1331, 932806d8-5f5d-4457-8f95-c9b7f9036eae:c1331]
2019-08-07 03:27:08,833 INFO  client.GrpcClientProtocolClient (GrpcClientProtocolClient.java:onNext(255)) - client-23C834B07313->edccc055-c3f5-47df-b30f-76e8836f4c59: receive RaftClientReply:client-23C834B07313->edccc055-c3f5-47df-b30f-76e8836f4c59@group-ED32739C8BBB, cid=989, SUCCESS, logIndex=1333, commits[edccc055-c3f5-47df-b30f-76e8836f4c59:c1334, f9704f82-adf1-457c-ad29-9b573bc67fa6:c1331, 932806d8-5f5d-4457-8f95-c9b7f9036eae:c1331]
2019-08-07 03:27:08,833 INFO  client.GrpcClientProtocolClient (GrpcClientProtocolClient.java:onNext(255)) - client-23C834B07313->edccc055-c3f5-47df-b30f-76e8836f4c59: receive RaftClientReply:client-23C834B07313->edccc055-c3f5-47df-b30f-76e8836f4c59@group-ED32739C8BBB, cid=990, SUCCESS, logIndex=1334, commits[edccc055-c3f5-47df-b30f-76e8836f4c59:c1335, f9704f82-adf1-457c-ad29-9b573bc67fa6:c1331, 932806d8-5f5d-4457-8f95-c9b7f9036eae:c1331]
2019-08-07 03:27:08,834 INFO  client.GrpcClientProtocolClient (GrpcClientProtocolClient.java:onNext(255)) - client-23C834B07313->edccc055-c3f5-47df-b30f-76e8836f4c59: receive RaftClientReply:client-23C834B07313->edccc055-c3f5-47df-b30f-76e8836f4c59@group-ED32739C8BBB, cid=991, SUCCESS, logIndex=1335, commits[edccc055-c3f5-47df-b30f-76e8836f4c59:c1335, f9704f82-adf1-457c-ad29-9b573bc67fa6:c1331, 932806d8-5f5d-4457-8f95-c9b7f9036eae:c1331]
2019-08-07 03:27:08,845 INFO  client.GrpcClientProtocolClient (GrpcClientProtocolClient.java:onNext(255)) - client-23C834B07313->edccc055-c3f5-47df-b30f-76e8836f4c59: receive RaftClientReply:client-23C834B07313->edccc055-c3f5-47df-b30f-76e8836f4c59@group-ED32739C8BBB, cid=992, SUCCESS, logIndex=0, commits[edccc055-c3f5-47df-b30f-76e8836f4c59:c1337, f9704f82-adf1-457c-ad29-9b573bc67fa6:c1333, 932806d8-5f5d-4457-8f95-c9b7f9036eae:c1333]
2019-08-07 03:27:08,865 INFO  client.GrpcClientProtocolClient (GrpcClientProtocolClient.java:onNext(255)) - client-23C834B07313->edccc055-c3f5-47df-b30f-76e8836f4c59: receive RaftClientReply:client-23C834B07313->edccc055-c3f5-47df-b30f-76e8836f4c59@group-ED32739C8BBB, cid=993, SUCCESS, logIndex=1340, commits[edccc055-c3f5-47df-b30f-76e8836f4c59:c1341, f9704f82-adf1-457c-ad29-9b573bc67fa6:c1339, 932806d8-5f5d-4457-8f95-c9b7f9036eae:c1339]
2019-08-07 03:27:08,865 INFO  client.GrpcClientProtocolClient (GrpcClientProtocolClient.java:onNext(255)) - client-23C834B07313->edccc055-c3f5-47df-b30f-76e8836f4c59: receive RaftClientReply:client-23C834B07313->edccc055-c3f5-47df-b30f-76e8836f4c59@group-ED32739C8BBB, cid=994, SUCCESS, logIndex=1341, commits[edccc055-c3f5-47df-b30f-76e8836f4c59:c1341, f9704f82-adf1-457c-ad29-9b573bc67fa6:c1339, 932806d8-5f5d-4457-8f95-c9b7f9036eae:c1339]
2019-08-07 03:27:08,979 INFO  client.GrpcClientProtocolClient (GrpcClientProtocolClient.java:onNext(255)) - client-23C834B07313->edccc055-c3f5-47df-b30f-76e8836f4c59: receive RaftClientReply:client-23C834B07313->edccc055-c3f5-47df-b30f-76e8836f4c59@group-ED32739C8BBB, cid=995, SUCCESS, logIndex=1344, commits[edccc055-c3f5-47df-b30f-76e8836f4c59:c1345, f9704f82-adf1-457c-ad29-9b573bc67fa6:c1341, 932806d8-5f5d-4457-8f95-c9b7f9036eae:c1341]
2019-08-07 03:27:08,979 INFO  client.GrpcClientProtocolClient (GrpcClientProtocolClient.java:onNext(255)) - client-23C834B07313->edccc055-c3f5-47df-b30f-76e8836f4c59: receive RaftClientReply:client-23C834B07313->edccc055-c3f5-47df-b30f-76e8836f4c59@group-ED32739C8BBB, cid=996, SUCCESS, logIndex=1345, commits[edccc055-c3f5-47df-b30f-76e8836f4c59:c1345, f9704f82-adf1-457c-ad29-9b573bc67fa6:c1341, 932806d8-5f5d-4457-8f95-c9b7f9036eae:c1341]
2019-08-07 03:27:08,990 INFO  client.GrpcClientProtocolClient (GrpcClientProtocolClient.java:onNext(255)) - client-23C834B07313->edccc055-c3f5-47df-b30f-76e8836f4c59: receive RaftClientReply:client-23C834B07313->edccc055-c3f5-47df-b30f-76e8836f4c59@group-ED32739C8BBB, cid=997, SUCCESS, logIndex=0, commits[edccc055-c3f5-47df-b30f-76e8836f4c59:c1346, f9704f82-adf1-457c-ad29-9b573bc67fa6:c1345, 932806d8-5f5d-4457-8f95-c9b7f9036eae:c1345]
2019-08-07 03:27:09,012 INFO  client.GrpcClientProtocolClient (GrpcClientProtocolClient.java:onNext(255)) - client-23C834B07313->edccc055-c3f5-47df-b30f-76e8836f4c59: receive RaftClientReply:client-23C834B07313->edccc055-c3f5-47df-b30f-76e8836f4c59@group-ED32739C8BBB, cid=998, SUCCESS, logIndex=1348, commits[edccc055-c3f5-47df-b30f-76e8836f4c59:c1349, f9704f82-adf1-457c-ad29-9b573bc67fa6:c1347, 932806d8-5f5d-4457-8f95-c9b7f9036eae:c1347]
2019-08-07 03:27:09,013 INFO  client.GrpcClientProtocolClient (GrpcClientProtocolClient.java:onNext(255)) - client-23C834B07313->edccc055-c3f5-47df-b30f-76e8836f4c59: receive RaftClientReply:client-23C834B07313->edccc055-c3f5-47df-b30f-76e8836f4c59@group-ED32739C8BBB, cid=999, SUCCESS, logIndex=1349, commits[edccc055-c3f5-47df-b30f-76e8836f4c59:c1351, f9704f82-adf1-457c-ad29-9b573bc67fa6:c1347, 932806d8-5f5d-4457-8f95-c9b7f9036eae:c1347]
2019-08-07 03:27:09,014 INFO  client.GrpcClientProtocolClient (GrpcClientProtocolClient.java:onNext(255)) - client-23C834B07313->edccc055-c3f5-47df-b30f-76e8836f4c59: receive RaftClientReply:client-23C834B07313->edccc055-c3f5-47df-b30f-76e8836f4c59@group-ED32739C8BBB, cid=1000, SUCCESS, logIndex=1350, commits[edccc055-c3f5-47df-b30f-76e8836f4c59:c1351, f9704f82-adf1-457c-ad29-9b573bc67fa6:c1347, 932806d8-5f5d-4457-8f95-c9b7f9036eae:c1347]
2019-08-07 03:27:09,014 INFO  client.GrpcClientProtocolClient (GrpcClientProtocolClient.java:onNext(255)) - client-23C834B07313->edccc055-c3f5-47df-b30f-76e8836f4c59: receive RaftClientReply:client-23C834B07313->edccc055-c3f5-47df-b30f-76e8836f4c59@group-ED32739C8BBB, cid=1001, SUCCESS, logIndex=1351, commits[edccc055-c3f5-47df-b30f-76e8836f4c59:c1351, f9704f82-adf1-457c-ad29-9b573bc67fa6:c1347, 932806d8-5f5d-4457-8f95-c9b7f9036eae:c1347]
2019-08-07 03:27:09,027 INFO  client.GrpcClientProtocolClient (GrpcClientProtocolClient.java:onNext(255)) - client-23C834B07313->edccc055-c3f5-47df-b30f-76e8836f4c59: receive RaftClientReply:client-23C834B07313->edccc055-c3f5-47df-b30f-76e8836f4c59@group-ED32739C8BBB, cid=1002, SUCCESS, logIndex=0, commits[edccc055-c3f5-47df-b30f-76e8836f4c59:c1353, f9704f82-adf1-457c-ad29-9b573bc67fa6:c1349, 932806d8-5f5d-4457-8f95-c9b7f9036eae:c1349]
2019-08-07 03:27:09,045 INFO  client.GrpcClientProtocolClient (GrpcClientProtocolClient.java:onNext(255)) - client-23C834B07313->edccc055-c3f5-47df-b30f-76e8836f4c59: receive RaftClientReply:client-23C834B07313->edccc055-c3f5-47df-b30f-76e8836f4c59@group-ED32739C8BBB, cid=1003, SUCCESS, logIndex=1356, commits[edccc055-c3f5-47df-b30f-76e8836f4c59:c1357, f9704f82-adf1-457c-ad29-9b573bc67fa6:c1355, 932806d8-5f5d-4457-8f95-c9b7f9036eae:c1355]
2019-08-07 03:27:09,045 INFO  client.GrpcClientProtocolClient (GrpcClientProtocolClient.java:onNext(255)) - client-23C834B07313->edccc055-c3f5-47df-b30f-76e8836f4c59: receive RaftClientReply:client-23C834B07313->edccc055-c3f5-47df-b30f-76e8836f4c59@group-ED32739C8BBB, cid=1004, SUCCESS, logIndex=1357, commits[edccc055-c3f5-47df-b30f-76e8836f4c59:c1357, f9704f82-adf1-457c-ad29-9b573bc67fa6:c1355, 932806d8-5f5d-4457-8f95-c9b7f9036eae:c1355]
2019-08-07 03:27:09,066 INFO  client.GrpcClientProtocolClient (GrpcClientProtocolClient.java:onNext(255)) - client-23C834B07313->edccc055-c3f5-47df-b30f-76e8836f4c59: receive RaftClientReply:client-23C834B07313->edccc055-c3f5-47df-b30f-76e8836f4c59@group-ED32739C8BBB, cid=1005, SUCCESS, logIndex=1360, commits[edccc055-c3f5-47df-b30f-76e8836f4c59:c1361, f9704f82-adf1-457c-ad29-9b573bc67fa6:c1358, 932806d8-5f5d-4457-8f95-c9b7f9036eae:c1358]
2019-08-07 03:27:09,066 INFO  client.GrpcClientProtocolClient (GrpcClientProtocolClient.java:onNext(255)) - client-23C834B07313->edccc055-c3f5-47df-b30f-76e8836f4c59: receive RaftClientReply:client-23C834B07313->edccc055-c3f5-47df-b30f-76e8836f4c59@group-ED32739C8BBB, cid=1006, SUCCESS, logIndex=1361, commits[edccc055-c3f5-47df-b30f-76e8836f4c59:c1361, f9704f82-adf1-457c-ad29-9b573bc67fa6:c1358, 932806d8-5f5d-4457-8f95-c9b7f9036eae:c1358]
2019-08-07 03:27:09,080 INFO  client.GrpcClientProtocolClient (GrpcClientProtocolClient.java:onNext(255)) - client-23C834B07313->edccc055-c3f5-47df-b30f-76e8836f4c59: receive RaftClientReply:client-23C834B07313->edccc055-c3f5-47df-b30f-76e8836f4c59@group-ED32739C8BBB, cid=1007, SUCCESS, logIndex=0, commits[edccc055-c3f5-47df-b30f-76e8836f4c59:c1363, f9704f82-adf1-457c-ad29-9b573bc67fa6:c1361, 932806d8-5f5d-4457-8f95-c9b7f9036eae:c1361]
2019-08-07 03:27:09,100 INFO  client.GrpcClientProtocolClient (GrpcClientProtocolClient.java:onNext(255)) - client-23C834B07313->edccc055-c3f5-47df-b30f-76e8836f4c59: receive RaftClientReply:client-23C834B07313->edccc055-c3f5-47df-b30f-76e8836f4c59@group-ED32739C8BBB, cid=1008, SUCCESS, logIndex=1364, commits[edccc055-c3f5-47df-b30f-76e8836f4c59:c1365, f9704f82-adf1-457c-ad29-9b573bc67fa6:c1363, 932806d8-5f5d-4457-8f95-c9b7f9036eae:c1363]
2019-08-07 03:27:09,101 INFO  client.GrpcClientProtocolClient (GrpcClientProtocolClient.java:onNext(255)) - client-23C834B07313->edccc055-c3f5-47df-b30f-76e8836f4c59: receive RaftClientReply:client-23C834B07313->edccc055-c3f5-47df-b30f-76e8836f4c59@group-ED32739C8BBB, cid=1009, SUCCESS, logIndex=1365, commits[edccc055-c3f5-47df-b30f-76e8836f4c59:c1365, f9704f82-adf1-457c-ad29-9b573bc67fa6:c1363, 932806d8-5f5d-4457-8f95-c9b7f9036eae:c1363]
2019-08-07 03:27:09,101 INFO  client.GrpcClientProtocolClient (GrpcClientProtocolClient.java:onNext(255)) - client-23C834B07313->edccc055-c3f5-47df-b30f-76e8836f4c59: receive RaftClientReply:client-23C834B07313->edccc055-c3f5-47df-b30f-76e8836f4c59@group-ED32739C8BBB, cid=1010, SUCCESS, logIndex=1366, commits[edccc055-c3f5-47df-b30f-76e8836f4c59:c1367, f9704f82-adf1-457c-ad29-9b573bc67fa6:c1363, 932806d8-5f5d-4457-8f95-c9b7f9036eae:c1363]
2019-08-07 03:27:09,102 INFO  client.GrpcClientProtocolClient (GrpcClientProtocolClient.java:onNext(255)) - client-23C834B07313->edccc055-c3f5-47df-b30f-76e8836f4c59: receive RaftClientReply:client-23C834B07313->edccc055-c3f5-47df-b30f-76e8836f4c59@group-ED32739C8BBB, cid=1011, SUCCESS, logIndex=1367, commits[edccc055-c3f5-47df-b30f-76e8836f4c59:c1367, f9704f82-adf1-457c-ad29-9b573bc67fa6:c1363, 932806d8-5f5d-4457-8f95-c9b7f9036eae:c1363]
2019-08-07 03:27:09,115 INFO  client.GrpcClientProtocolClient (GrpcClientProtocolClient.java:onNext(255)) - client-23C834B07313->edccc055-c3f5-47df-b30f-76e8836f4c59: receive RaftClientReply:client-23C834B07313->edccc055-c3f5-47df-b30f-76e8836f4c59@group-ED32739C8BBB, cid=1012, SUCCESS, logIndex=0, commits[edccc055-c3f5-47df-b30f-76e8836f4c59:c1368, f9704f82-adf1-457c-ad29-9b573bc67fa6:c1365, 932806d8-5f5d-4457-8f95-c9b7f9036eae:c1365]
2019-08-07 03:27:09,137 INFO  client.GrpcClientProtocolClient (GrpcClientProtocolClient.java:onNext(255)) - client-23C834B07313->edccc055-c3f5-47df-b30f-76e8836f4c59: receive RaftClientReply:client-23C834B07313->edccc055-c3f5-47df-b30f-76e8836f4c59@group-ED32739C8BBB, cid=1013, SUCCESS, logIndex=1372, commits[edccc055-c3f5-47df-b30f-76e8836f4c59:c1373, f9704f82-adf1-457c-ad29-9b573bc67fa6:c1371, 932806d8-5f5d-4457-8f95-c9b7f9036eae:c1371]
2019-08-07 03:27:09,138 INFO  client.GrpcClientProtocolClient (GrpcClientProtocolClient.java:onNext(255)) - client-23C834B07313->edccc055-c3f5-47df-b30f-76e8836f4c59: receive RaftClientReply:client-23C834B07313->edccc055-c3f5-47df-b30f-76e8836f4c59@group-ED32739C8BBB, cid=1014, SUCCESS, logIndex=1373, commits[edccc055-c3f5-47df-b30f-76e8836f4c59:c1373, f9704f82-adf1-457c-ad29-9b573bc67fa6:c1371, 932806d8-5f5d-4457-8f95-c9b7f9036eae:c1371]
2019-08-07 03:27:09,154 INFO  client.GrpcClientProtocolClient (GrpcClientProtocolClient.java:onNext(255)) - client-23C834B07313->edccc055-c3f5-47df-b30f-76e8836f4c59: receive RaftClientReply:client-23C834B07313->edccc055-c3f5-47df-b30f-76e8836f4c59@group-ED32739C8BBB, cid=1015, SUCCESS, logIndex=1376, commits[edccc055-c3f5-47df-b30f-76e8836f4c59:c1377, f9704f82-adf1-457c-ad29-9b573bc67fa6:c1373, 932806d8-5f5d-4457-8f95-c9b7f9036eae:c1373]
2019-08-07 03:27:09,155 INFO  client.GrpcClientProtocolClient (GrpcClientProtocolClient.java:onNext(255)) - client-23C834B07313->edccc055-c3f5-47df-b30f-76e8836f4c59: receive RaftClientReply:client-23C834B07313->edccc055-c3f5-47df-b30f-76e8836f4c59@group-ED32739C8BBB, cid=1016, SUCCESS, logIndex=1377, commits[edccc055-c3f5-47df-b30f-76e8836f4c59:c1377, f9704f82-adf1-457c-ad29-9b573bc67fa6:c1373, 932806d8-5f5d-4457-8f95-c9b7f9036eae:c1373]
2019-08-07 03:27:09,169 INFO  client.GrpcClientProtocolClient (GrpcClientProtocolClient.java:onNext(255)) - client-23C834B07313->edccc055-c3f5-47df-b30f-76e8836f4c59: receive RaftClientReply:client-23C834B07313->edccc055-c3f5-47df-b30f-76e8836f4c59@group-ED32739C8BBB, cid=1017, SUCCESS, logIndex=0, commits[edccc055-c3f5-47df-b30f-76e8836f4c59:c1379, f9704f82-adf1-457c-ad29-9b573bc67fa6:c1377, 932806d8-5f5d-4457-8f95-c9b7f9036eae:c1377]
2019-08-07 03:27:09,189 INFO  client.GrpcClientProtocolClient (GrpcClientProtocolClient.java:onNext(255)) - client-23C834B07313->edccc055-c3f5-47df-b30f-76e8836f4c59: receive RaftClientReply:client-23C834B07313->edccc055-c3f5-47df-b30f-76e8836f4c59@group-ED32739C8BBB, cid=1018, SUCCESS, logIndex=1380, commits[edccc055-c3f5-47df-b30f-76e8836f4c59:c1381, f9704f82-adf1-457c-ad29-9b573bc67fa6:c1379, 932806d8-5f5d-4457-8f95-c9b7f9036eae:c1379]
2019-08-07 03:27:09,190 INFO  client.GrpcClientProtocolClient (GrpcClientProtocolClient.java:onNext(255)) - client-23C834B07313->edccc055-c3f5-47df-b30f-76e8836f4c59: receive RaftClientReply:client-23C834B07313->edccc055-c3f5-47df-b30f-76e8836f4c59@group-ED32739C8BBB, cid=1019, SUCCESS, logIndex=1381, commits[edccc055-c3f5-47df-b30f-76e8836f4c59:c1381, f9704f82-adf1-457c-ad29-9b573bc67fa6:c1379, 932806d8-5f5d-4457-8f95-c9b7f9036eae:c1379]
2019-08-07 03:27:09,191 INFO  client.GrpcClientProtocolClient (GrpcClientProtocolClient.java:onNext(255)) - client-23C834B07313->edccc055-c3f5-47df-b30f-76e8836f4c59: receive RaftClientReply:client-23C834B07313->edccc055-c3f5-47df-b30f-76e8836f4c59@group-ED32739C8BBB, cid=1020, SUCCESS, logIndex=1382, commits[edccc055-c3f5-47df-b30f-76e8836f4c59:c1383, f9704f82-adf1-457c-ad29-9b573bc67fa6:c1379, 932806d8-5f5d-4457-8f95-c9b7f9036eae:c1379]
2019-08-07 03:27:09,191 INFO  client.GrpcClientProtocolClient (GrpcClientProtocolClient.java:onNext(255)) - client-23C834B07313->edccc055-c3f5-47df-b30f-76e8836f4c59: receive RaftClientReply:client-23C834B07313->edccc055-c3f5-47df-b30f-76e8836f4c59@group-ED32739C8BBB, cid=1021, SUCCESS, logIndex=1383, commits[edccc055-c3f5-47df-b30f-76e8836f4c59:c1383, f9704f82-adf1-457c-ad29-9b573bc67fa6:c1379, 932806d8-5f5d-4457-8f95-c9b7f9036eae:c1379]
2019-08-07 03:27:09,204 INFO  client.GrpcClientProtocolClient (GrpcClientProtocolClient.java:onNext(255)) - client-23C834B07313->edccc055-c3f5-47df-b30f-76e8836f4c59: receive RaftClientReply:client-23C834B07313->edccc055-c3f5-47df-b30f-76e8836f4c59@group-ED32739C8BBB, cid=1022, SUCCESS, logIndex=0, commits[edccc055-c3f5-47df-b30f-76e8836f4c59:c1385, f9704f82-adf1-457c-ad29-9b573bc67fa6:c1381, 932806d8-5f5d-4457-8f95-c9b7f9036eae:c1381]
2019-08-07 03:27:09,224 INFO  client.GrpcClientProtocolClient (GrpcClientProtocolClient.java:onNext(255)) - client-23C834B07313->edccc055-c3f5-47df-b30f-76e8836f4c59: receive RaftClientReply:client-23C834B07313->edccc055-c3f5-47df-b30f-76e8836f4c59@group-ED32739C8BBB, cid=1023, SUCCESS, logIndex=1388, commits[edccc055-c3f5-47df-b30f-76e8836f4c59:c1389, f9704f82-adf1-457c-ad29-9b573bc67fa6:c1387, 932806d8-5f5d-4457-8f95-c9b7f9036eae:c1387]
2019-08-07 03:27:09,224 INFO  client.GrpcClientProtocolClient (GrpcClientProtocolClient.java:onNext(255)) - client-23C834B07313->edccc055-c3f5-47df-b30f-76e8836f4c59: receive RaftClientReply:client-23C834B07313->edccc055-c3f5-47df-b30f-76e8836f4c59@group-ED32739C8BBB, cid=1024, SUCCESS, logIndex=1389, commits[edccc055-c3f5-47df-b30f-76e8836f4c59:c1389, f9704f82-adf1-457c-ad29-9b573bc67fa6:c1387, 932806d8-5f5d-4457-8f95-c9b7f9036eae:c1387]
2019-08-07 03:27:09,237 INFO  client.GrpcClientProtocolClient (GrpcClientProtocolClient.java:onNext(255)) - client-23C834B07313->edccc055-c3f5-47df-b30f-76e8836f4c59: receive RaftClientReply:client-23C834B07313->edccc055-c3f5-47df-b30f-76e8836f4c59@group-ED32739C8BBB, cid=1025, SUCCESS, logIndex=1392, commits[edccc055-c3f5-47df-b30f-76e8836f4c59:c1393, f9704f82-adf1-457c-ad29-9b573bc67fa6:c1389, 932806d8-5f5d-4457-8f95-c9b7f9036eae:c1388]
2019-08-07 03:27:09,237 INFO  client.GrpcClientProtocolClient (GrpcClientProtocolClient.java:onNext(255)) - client-23C834B07313->edccc055-c3f5-47df-b30f-76e8836f4c59: receive RaftClientReply:client-23C834B07313->edccc055-c3f5-47df-b30f-76e8836f4c59@group-ED32739C8BBB, cid=1026, SUCCESS, logIndex=1393, commits[edccc055-c3f5-47df-b30f-76e8836f4c59:c1393, f9704f82-adf1-457c-ad29-9b573bc67fa6:c1389, 932806d8-5f5d-4457-8f95-c9b7f9036eae:c1389]
2019-08-07 03:27:09,239 INFO  client.GrpcClientProtocolClient (GrpcClientProtocolClient.java:onNext(255)) - client-23C834B07313->edccc055-c3f5-47df-b30f-76e8836f4c59: receive RaftClientReply:client-23C834B07313->edccc055-c3f5-47df-b30f-76e8836f4c59@group-ED32739C8BBB, cid=1027, SUCCESS, logIndex=0, commits[edccc055-c3f5-47df-b30f-76e8836f4c59:c1394, f9704f82-adf1-457c-ad29-9b573bc67fa6:c1393, 932806d8-5f5d-4457-8f95-c9b7f9036eae:c1393]
 0.00% |█                                                                                                    |  0/1 Time: 0:00:052019-08-07 03:27:09,260 INFO  client.GrpcClientProtocolClient (GrpcClientProtocolClient.java:onNext(255)) - client-23C834B07313->edccc055-c3f5-47df-b30f-76e8836f4c59: receive RaftClientReply:client-23C834B07313->edccc055-c3f5-47df-b30f-76e8836f4c59@group-ED32739C8BBB, cid=1028, SUCCESS, logIndex=1396, commits[edccc055-c3f5-47df-b30f-76e8836f4c59:c1397, f9704f82-adf1-457c-ad29-9b573bc67fa6:c1395, 932806d8-5f5d-4457-8f95-c9b7f9036eae:c1395]
2019-08-07 03:27:09,260 INFO  client.GrpcClientProtocolClient (GrpcClientProtocolClient.java:onNext(255)) - client-23C834B07313->edccc055-c3f5-47df-b30f-76e8836f4c59: receive RaftClientReply:client-23C834B07313->edccc055-c3f5-47df-b30f-76e8836f4c59@group-ED32739C8BBB, cid=1029, SUCCESS, logIndex=1397, commits[edccc055-c3f5-47df-b30f-76e8836f4c59:c1399, f9704f82-adf1-457c-ad29-9b573bc67fa6:c1395, 932806d8-5f5d-4457-8f95-c9b7f9036eae:c1395]
2019-08-07 03:27:09,261 INFO  client.GrpcClientProtocolClient (GrpcClientProtocolClient.java:onNext(255)) - client-23C834B07313->edccc055-c3f5-47df-b30f-76e8836f4c59: receive RaftClientReply:client-23C834B07313->edccc055-c3f5-47df-b30f-76e8836f4c59@group-ED32739C8BBB, cid=1030, SUCCESS, logIndex=1398, commits[edccc055-c3f5-47df-b30f-76e8836f4c59:c1399, f9704f82-adf1-457c-ad29-9b573bc67fa6:c1395, 932806d8-5f5d-4457-8f95-c9b7f9036eae:c1395]
2019-08-07 03:27:09,261 INFO  client.GrpcClientProtocolClient (GrpcClientProtocolClient.java:onNext(255)) - client-23C834B07313->edccc055-c3f5-47df-b30f-76e8836f4c59: receive RaftClientReply:client-23C834B07313->edccc055-c3f5-47df-b30f-76e8836f4c59@group-ED32739C8BBB, cid=1031, SUCCESS, logIndex=1399, commits[edccc055-c3f5-47df-b30f-76e8836f4c59:c1399, f9704f82-adf1-457c-ad29-9b573bc67fa6:c1395, 932806d8-5f5d-4457-8f95-c9b7f9036eae:c1395]
2019-08-07 03:27:09,264 INFO  client.GrpcClientProtocolClient (GrpcClientProtocolClient.java:onNext(255)) - client-23C834B07313->edccc055-c3f5-47df-b30f-76e8836f4c59: receive RaftClientReply:client-23C834B07313->edccc055-c3f5-47df-b30f-76e8836f4c59@group-ED32739C8BBB, cid=1032, SUCCESS, logIndex=0, commits[edccc055-c3f5-47df-b30f-76e8836f4c59:c1400, f9704f82-adf1-457c-ad29-9b573bc67fa6:c1397, 932806d8-5f5d-4457-8f95-c9b7f9036eae:c1397]
2019-08-07 03:27:09,289 INFO  client.GrpcClientProtocolClient (GrpcClientProtocolClient.java:onNext(255)) - client-23C834B07313->edccc055-c3f5-47df-b30f-76e8836f4c59: receive RaftClientReply:client-23C834B07313->edccc055-c3f5-47df-b30f-76e8836f4c59@group-ED32739C8BBB, cid=1033, SUCCESS, logIndex=1404, commits[edccc055-c3f5-47df-b30f-76e8836f4c59:c1405, f9704f82-adf1-457c-ad29-9b573bc67fa6:c1403, 932806d8-5f5d-4457-8f95-c9b7f9036eae:c1403]
2019-08-07 03:27:09,289 INFO  client.GrpcClientProtocolClient (GrpcClientProtocolClient.java:onNext(255)) - client-23C834B07313->edccc055-c3f5-47df-b30f-76e8836f4c59: receive RaftClientReply:client-23C834B07313->edccc055-c3f5-47df-b30f-76e8836f4c59@group-ED32739C8BBB, cid=1034, SUCCESS, logIndex=1405, commits[edccc055-c3f5-47df-b30f-76e8836f4c59:c1405, f9704f82-adf1-457c-ad29-9b573bc67fa6:c1403, 932806d8-5f5d-4457-8f95-c9b7f9036eae:c1403]
2019-08-07 03:27:09,304 INFO  client.GrpcClientProtocolClient (GrpcClientProtocolClient.java:onNext(255)) - client-23C834B07313->edccc055-c3f5-47df-b30f-76e8836f4c59: receive RaftClientReply:client-23C834B07313->edccc055-c3f5-47df-b30f-76e8836f4c59@group-ED32739C8BBB, cid=1035, SUCCESS, logIndex=1408, commits[edccc055-c3f5-47df-b30f-76e8836f4c59:c1409, f9704f82-adf1-457c-ad29-9b573bc67fa6:c1405, 932806d8-5f5d-4457-8f95-c9b7f9036eae:c1405]
2019-08-07 03:27:09,305 INFO  client.GrpcClientProtocolClient (GrpcClientProtocolClient.java:onNext(255)) - client-23C834B07313->edccc055-c3f5-47df-b30f-76e8836f4c59: receive RaftClientReply:client-23C834B07313->edccc055-c3f5-47df-b30f-76e8836f4c59@group-ED32739C8BBB, cid=1036, SUCCESS, logIndex=1409, commits[edccc055-c3f5-47df-b30f-76e8836f4c59:c1409, f9704f82-adf1-457c-ad29-9b573bc67fa6:c1405, 932806d8-5f5d-4457-8f95-c9b7f9036eae:c1405]
2019-08-07 03:27:09,323 INFO  client.GrpcClientProtocolClient (GrpcClientProtocolClient.java:onNext(255)) - client-23C834B07313->edccc055-c3f5-47df-b30f-76e8836f4c59: receive RaftClientReply:client-23C834B07313->edccc055-c3f5-47df-b30f-76e8836f4c59@group-ED32739C8BBB, cid=1037, SUCCESS, logIndex=0, commits[edccc055-c3f5-47df-b30f-76e8836f4c59:c1411, f9704f82-adf1-457c-ad29-9b573bc67fa6:c1409, 932806d8-5f5d-4457-8f95-c9b7f9036eae:c1409]
2019-08-07 03:27:09,344 INFO  client.GrpcClientProtocolClient (GrpcClientProtocolClient.java:onNext(255)) - client-23C834B07313->edccc055-c3f5-47df-b30f-76e8836f4c59: receive RaftClientReply:client-23C834B07313->edccc055-c3f5-47df-b30f-76e8836f4c59@group-ED32739C8BBB, cid=1038, SUCCESS, logIndex=1412, commits[edccc055-c3f5-47df-b30f-76e8836f4c59:c1413, f9704f82-adf1-457c-ad29-9b573bc67fa6:c1411, 932806d8-5f5d-4457-8f95-c9b7f9036eae:c1411]
2019-08-07 03:27:09,345 INFO  client.GrpcClientProtocolClient (GrpcClientProtocolClient.java:onNext(255)) - client-23C834B07313->edccc055-c3f5-47df-b30f-76e8836f4c59: receive RaftClientReply:client-23C834B07313->edccc055-c3f5-47df-b30f-76e8836f4c59@group-ED32739C8BBB, cid=1039, SUCCESS, logIndex=1413, commits[edccc055-c3f5-47df-b30f-76e8836f4c59:c1415, f9704f82-adf1-457c-ad29-9b573bc67fa6:c1411, 932806d8-5f5d-4457-8f95-c9b7f9036eae:c1411]
2019-08-07 03:27:09,345 INFO  client.GrpcClientProtocolClient (GrpcClientProtocolClient.java:onNext(255)) - client-23C834B07313->edccc055-c3f5-47df-b30f-76e8836f4c59: receive RaftClientReply:client-23C834B07313->edccc055-c3f5-47df-b30f-76e8836f4c59@group-ED32739C8BBB, cid=1040, SUCCESS, logIndex=1414, commits[edccc055-c3f5-47df-b30f-76e8836f4c59:c1415, f9704f82-adf1-457c-ad29-9b573bc67fa6:c1411, 932806d8-5f5d-4457-8f95-c9b7f9036eae:c1411]
2019-08-07 03:27:09,346 INFO  client.GrpcClientProtocolClient (GrpcClientProtocolClient.java:onNext(255)) - client-23C834B07313->edccc055-c3f5-47df-b30f-76e8836f4c59: receive RaftClientReply:client-23C834B07313->edccc055-c3f5-47df-b30f-76e8836f4c59@group-ED32739C8BBB, cid=1041, SUCCESS, logIndex=1415, commits[edccc055-c3f5-47df-b30f-76e8836f4c59:c1415, f9704f82-adf1-457c-ad29-9b573bc67fa6:c1411, 932806d8-5f5d-4457-8f95-c9b7f9036eae:c1411]
2019-08-07 03:27:09,359 INFO  client.GrpcClientProtocolClient (GrpcClientProtocolClient.java:onNext(255)) - client-23C834B07313->edccc055-c3f5-47df-b30f-76e8836f4c59: receive RaftClientReply:client-23C834B07313->edccc055-c3f5-47df-b30f-76e8836f4c59@group-ED32739C8BBB, cid=1042, SUCCESS, logIndex=0, commits[edccc055-c3f5-47df-b30f-76e8836f4c59:c1417, f9704f82-adf1-457c-ad29-9b573bc67fa6:c1413, 932806d8-5f5d-4457-8f95-c9b7f9036eae:c1413]
2019-08-07 03:27:09,380 INFO  client.GrpcClientProtocolClient (GrpcClientProtocolClient.java:onNext(255)) - client-23C834B07313->edccc055-c3f5-47df-b30f-76e8836f4c59: receive RaftClientReply:client-23C834B07313->edccc055-c3f5-47df-b30f-76e8836f4c59@group-ED32739C8BBB, cid=1043, SUCCESS, logIndex=1420, commits[edccc055-c3f5-47df-b30f-76e8836f4c59:c1421, f9704f82-adf1-457c-ad29-9b573bc67fa6:c1419, 932806d8-5f5d-4457-8f95-c9b7f9036eae:c1419]
2019-08-07 03:27:09,380 INFO  client.GrpcClientProtocolClient (GrpcClientProtocolClient.java:onNext(255)) - client-23C834B07313->edccc055-c3f5-47df-b30f-76e8836f4c59: receive RaftClientReply:client-23C834B07313->edccc055-c3f5-47df-b30f-76e8836f4c59@group-ED32739C8BBB, cid=1044, SUCCESS, logIndex=1421, commits[edccc055-c3f5-47df-b30f-76e8836f4c59:c1421, f9704f82-adf1-457c-ad29-9b573bc67fa6:c1419, 932806d8-5f5d-4457-8f95-c9b7f9036eae:c1419]
2019-08-07 03:27:09,393 INFO  client.GrpcClientProtocolClient (GrpcClientProtocolClient.java:onNext(255)) - client-23C834B07313->edccc055-c3f5-47df-b30f-76e8836f4c59: receive RaftClientReply:client-23C834B07313->edccc055-c3f5-47df-b30f-76e8836f4c59@group-ED32739C8BBB, cid=1045, SUCCESS, logIndex=1424, commits[edccc055-c3f5-47df-b30f-76e8836f4c59:c1425, f9704f82-adf1-457c-ad29-9b573bc67fa6:c1420, 932806d8-5f5d-4457-8f95-c9b7f9036eae:c1421]
2019-08-07 03:27:09,394 INFO  client.GrpcClientProtocolClient (GrpcClientProtocolClient.java:onNext(255)) - client-23C834B07313->edccc055-c3f5-47df-b30f-76e8836f4c59: receive RaftClientReply:client-23C834B07313->edccc055-c3f5-47df-b30f-76e8836f4c59@group-ED32739C8BBB, cid=1046, SUCCESS, logIndex=1425, commits[edccc055-c3f5-47df-b30f-76e8836f4c59:c1425, f9704f82-adf1-457c-ad29-9b573bc67fa6:c1421, 932806d8-5f5d-4457-8f95-c9b7f9036eae:c1421]
2019-08-07 03:27:09,408 INFO  client.GrpcClientProtocolClient (GrpcClientProtocolClient.java:onNext(255)) - client-23C834B07313->edccc055-c3f5-47df-b30f-76e8836f4c59: receive RaftClientReply:client-23C834B07313->edccc055-c3f5-47df-b30f-76e8836f4c59@group-ED32739C8BBB, cid=1047, SUCCESS, logIndex=0, commits[edccc055-c3f5-47df-b30f-76e8836f4c59:c1426, f9704f82-adf1-457c-ad29-9b573bc67fa6:c1425, 932806d8-5f5d-4457-8f95-c9b7f9036eae:c1425]
2019-08-07 03:27:09,429 INFO  client.GrpcClientProtocolClient (GrpcClientProtocolClient.java:onNext(255)) - client-23C834B07313->edccc055-c3f5-47df-b30f-76e8836f4c59: receive RaftClientReply:client-23C834B07313->edccc055-c3f5-47df-b30f-76e8836f4c59@group-ED32739C8BBB, cid=1048, SUCCESS, logIndex=1428, commits[edccc055-c3f5-47df-b30f-76e8836f4c59:c1428, f9704f82-adf1-457c-ad29-9b573bc67fa6:c1427, 932806d8-5f5d-4457-8f95-c9b7f9036eae:c1427]
2019-08-07 03:27:09,430 INFO  client.GrpcClientProtocolClient (GrpcClientProtocolClient.java:onNext(255)) - client-23C834B07313->edccc055-c3f5-47df-b30f-76e8836f4c59: receive RaftClientReply:client-23C834B07313->edccc055-c3f5-47df-b30f-76e8836f4c59@group-ED32739C8BBB, cid=1049, SUCCESS, logIndex=1429, commits[edccc055-c3f5-47df-b30f-76e8836f4c59:c1429, f9704f82-adf1-457c-ad29-9b573bc67fa6:c1427, 932806d8-5f5d-4457-8f95-c9b7f9036eae:c1427]
2019-08-07 03:27:09,430 INFO  client.GrpcClientProtocolClient (GrpcClientProtocolClient.java:onNext(255)) - client-23C834B07313->edccc055-c3f5-47df-b30f-76e8836f4c59: receive RaftClientReply:client-23C834B07313->edccc055-c3f5-47df-b30f-76e8836f4c59@group-ED32739C8BBB, cid=1050, SUCCESS, logIndex=1430, commits[edccc055-c3f5-47df-b30f-76e8836f4c59:c1431, f9704f82-adf1-457c-ad29-9b573bc67fa6:c1427, 932806d8-5f5d-4457-8f95-c9b7f9036eae:c1427]
2019-08-07 03:27:09,430 INFO  client.GrpcClientProtocolClient (GrpcClientProtocolClient.java:onNext(255)) - client-23C834B07313->edccc055-c3f5-47df-b30f-76e8836f4c59: receive RaftClientReply:client-23C834B07313->edccc055-c3f5-47df-b30f-76e8836f4c59@group-ED32739C8BBB, cid=1051, SUCCESS, logIndex=1431, commits[edccc055-c3f5-47df-b30f-76e8836f4c59:c1431, f9704f82-adf1-457c-ad29-9b573bc67fa6:c1427, 932806d8-5f5d-4457-8f95-c9b7f9036eae:c1427]
2019-08-07 03:27:09,445 INFO  client.GrpcClientProtocolClient (GrpcClientProtocolClient.java:onNext(255)) - client-23C834B07313->edccc055-c3f5-47df-b30f-76e8836f4c59: receive RaftClientReply:client-23C834B07313->edccc055-c3f5-47df-b30f-76e8836f4c59@group-ED32739C8BBB, cid=1052, SUCCESS, logIndex=0, commits[edccc055-c3f5-47df-b30f-76e8836f4c59:c1433, f9704f82-adf1-457c-ad29-9b573bc67fa6:c1429, 932806d8-5f5d-4457-8f95-c9b7f9036eae:c1429]
2019-08-07 03:27:09,464 INFO  client.GrpcClientProtocolClient (GrpcClientProtocolClient.java:onNext(255)) - client-23C834B07313->edccc055-c3f5-47df-b30f-76e8836f4c59: receive RaftClientReply:client-23C834B07313->edccc055-c3f5-47df-b30f-76e8836f4c59@group-ED32739C8BBB, cid=1053, SUCCESS, logIndex=1436, commits[edccc055-c3f5-47df-b30f-76e8836f4c59:c1437, f9704f82-adf1-457c-ad29-9b573bc67fa6:c1435, 932806d8-5f5d-4457-8f95-c9b7f9036eae:c1435]
2019-08-07 03:27:09,465 INFO  client.GrpcClientProtocolClient (GrpcClientProtocolClient.java:onNext(255)) - client-23C834B07313->edccc055-c3f5-47df-b30f-76e8836f4c59: receive RaftClientReply:client-23C834B07313->edccc055-c3f5-47df-b30f-76e8836f4c59@group-ED32739C8BBB, cid=1054, SUCCESS, logIndex=1437, commits[edccc055-c3f5-47df-b30f-76e8836f4c59:c1437, f9704f82-adf1-457c-ad29-9b573bc67fa6:c1435, 932806d8-5f5d-4457-8f95-c9b7f9036eae:c1435]
2019-08-07 03:27:09,479 INFO  client.GrpcClientProtocolClient (GrpcClientProtocolClient.java:onNext(255)) - client-23C834B07313->edccc055-c3f5-47df-b30f-76e8836f4c59: receive RaftClientReply:client-23C834B07313->edccc055-c3f5-47df-b30f-76e8836f4c59@group-ED32739C8BBB, cid=1055, SUCCESS, logIndex=1440, commits[edccc055-c3f5-47df-b30f-76e8836f4c59:c1440, f9704f82-adf1-457c-ad29-9b573bc67fa6:c1437, 932806d8-5f5d-4457-8f95-c9b7f9036eae:c1437]
2019-08-07 03:27:09,480 INFO  client.GrpcClientProtocolClient (GrpcClientProtocolClient.java:onNext(255)) - client-23C834B07313->edccc055-c3f5-47df-b30f-76e8836f4c59: receive RaftClientReply:client-23C834B07313->edccc055-c3f5-47df-b30f-76e8836f4c59@group-ED32739C8BBB, cid=1056, SUCCESS, logIndex=1441, commits[edccc055-c3f5-47df-b30f-76e8836f4c59:c1441, f9704f82-adf1-457c-ad29-9b573bc67fa6:c1437, 932806d8-5f5d-4457-8f95-c9b7f9036eae:c1437]
2019-08-07 03:27:09,494 INFO  client.GrpcClientProtocolClient (GrpcClientProtocolClient.java:onNext(255)) - client-23C834B07313->edccc055-c3f5-47df-b30f-76e8836f4c59: receive RaftClientReply:client-23C834B07313->edccc055-c3f5-47df-b30f-76e8836f4c59@group-ED32739C8BBB, cid=1057, SUCCESS, logIndex=0, commits[edccc055-c3f5-47df-b30f-76e8836f4c59:c1443, f9704f82-adf1-457c-ad29-9b573bc67fa6:c1441, 932806d8-5f5d-4457-8f95-c9b7f9036eae:c1441]
2019-08-07 03:27:09,515 INFO  client.GrpcClientProtocolClient (GrpcClientProtocolClient.java:onNext(255)) - client-23C834B07313->edccc055-c3f5-47df-b30f-76e8836f4c59: receive RaftClientReply:client-23C834B07313->edccc055-c3f5-47df-b30f-76e8836f4c59@group-ED32739C8BBB, cid=1058, SUCCESS, logIndex=1444, commits[edccc055-c3f5-47df-b30f-76e8836f4c59:c1445, f9704f82-adf1-457c-ad29-9b573bc67fa6:c1443, 932806d8-5f5d-4457-8f95-c9b7f9036eae:c1443]
2019-08-07 03:27:09,516 INFO  client.GrpcClientProtocolClient (GrpcClientProtocolClient.java:onNext(255)) - client-23C834B07313->edccc055-c3f5-47df-b30f-76e8836f4c59: receive RaftClientReply:client-23C834B07313->edccc055-c3f5-47df-b30f-76e8836f4c59@group-ED32739C8BBB, cid=1059, SUCCESS, logIndex=1445, commits[edccc055-c3f5-47df-b30f-76e8836f4c59:c1445, f9704f82-adf1-457c-ad29-9b573bc67fa6:c1443, 932806d8-5f5d-4457-8f95-c9b7f9036eae:c1443]
2019-08-07 03:27:09,527 INFO  client.GrpcClientProtocolClient (GrpcClientProtocolClient.java:onNext(255)) - client-23C834B07313->edccc055-c3f5-47df-b30f-76e8836f4c59: receive RaftClientReply:client-23C834B07313->edccc055-c3f5-47df-b30f-76e8836f4c59@group-ED32739C8BBB, cid=1060, SUCCESS, logIndex=1446, commits[edccc055-c3f5-47df-b30f-76e8836f4c59:c1447, f9704f82-adf1-457c-ad29-9b573bc67fa6:c1443, 932806d8-5f5d-4457-8f95-c9b7f9036eae:c1443]
2019-08-07 03:27:09,527 INFO  client.GrpcClientProtocolClient (GrpcClientProtocolClient.java:onNext(255)) - client-23C834B07313->edccc055-c3f5-47df-b30f-76e8836f4c59: receive RaftClientReply:client-23C834B07313->edccc055-c3f5-47df-b30f-76e8836f4c59@group-ED32739C8BBB, cid=1061, SUCCESS, logIndex=1447, commits[edccc055-c3f5-47df-b30f-76e8836f4c59:c1447, f9704f82-adf1-457c-ad29-9b573bc67fa6:c1443, 932806d8-5f5d-4457-8f95-c9b7f9036eae:c1443]
2019-08-07 03:27:09,530 INFO  client.GrpcClientProtocolClient (GrpcClientProtocolClient.java:onNext(255)) - client-23C834B07313->edccc055-c3f5-47df-b30f-76e8836f4c59: receive RaftClientReply:client-23C834B07313->edccc055-c3f5-47df-b30f-76e8836f4c59@group-ED32739C8BBB, cid=1062, SUCCESS, logIndex=0, commits[edccc055-c3f5-47df-b30f-76e8836f4c59:c1449, f9704f82-adf1-457c-ad29-9b573bc67fa6:c1445, 932806d8-5f5d-4457-8f95-c9b7f9036eae:c1445]
2019-08-07 03:27:09,555 INFO  client.GrpcClientProtocolClient (GrpcClientProtocolClient.java:onNext(255)) - client-23C834B07313->edccc055-c3f5-47df-b30f-76e8836f4c59: receive RaftClientReply:client-23C834B07313->edccc055-c3f5-47df-b30f-76e8836f4c59@group-ED32739C8BBB, cid=1063, SUCCESS, logIndex=1452, commits[edccc055-c3f5-47df-b30f-76e8836f4c59:c1453, f9704f82-adf1-457c-ad29-9b573bc67fa6:c1451, 932806d8-5f5d-4457-8f95-c9b7f9036eae:c1451]
2019-08-07 03:27:09,556 INFO  client.GrpcClientProtocolClient (GrpcClientProtocolClient.java:onNext(255)) - client-23C834B07313->edccc055-c3f5-47df-b30f-76e8836f4c59: receive RaftClientReply:client-23C834B07313->edccc055-c3f5-47df-b30f-76e8836f4c59@group-ED32739C8BBB, cid=1064, SUCCESS, logIndex=1453, commits[edccc055-c3f5-47df-b30f-76e8836f4c59:c1453, f9704f82-adf1-457c-ad29-9b573bc67fa6:c1451, 932806d8-5f5d-4457-8f95-c9b7f9036eae:c1451]
2019-08-07 03:27:09,690 INFO  client.GrpcClientProtocolClient (GrpcClientProtocolClient.java:onNext(255)) - client-23C834B07313->edccc055-c3f5-47df-b30f-76e8836f4c59: receive RaftClientReply:client-23C834B07313->edccc055-c3f5-47df-b30f-76e8836f4c59@group-ED32739C8BBB, cid=1065, SUCCESS, logIndex=1456, commits[edccc055-c3f5-47df-b30f-76e8836f4c59:c1457, f9704f82-adf1-457c-ad29-9b573bc67fa6:c1453, 932806d8-5f5d-4457-8f95-c9b7f9036eae:c1453]
2019-08-07 03:27:09,690 INFO  client.GrpcClientProtocolClient (GrpcClientProtocolClient.java:onNext(255)) - client-23C834B07313->edccc055-c3f5-47df-b30f-76e8836f4c59: receive RaftClientReply:client-23C834B07313->edccc055-c3f5-47df-b30f-76e8836f4c59@group-ED32739C8BBB, cid=1066, SUCCESS, logIndex=1457, commits[edccc055-c3f5-47df-b30f-76e8836f4c59:c1457, f9704f82-adf1-457c-ad29-9b573bc67fa6:c1453, 932806d8-5f5d-4457-8f95-c9b7f9036eae:c1453]
2019-08-07 03:27:09,702 INFO  client.GrpcClientProtocolClient (GrpcClientProtocolClient.java:onNext(255)) - client-23C834B07313->edccc055-c3f5-47df-b30f-76e8836f4c59: receive RaftClientReply:client-23C834B07313->edccc055-c3f5-47df-b30f-76e8836f4c59@group-ED32739C8BBB, cid=1067, SUCCESS, logIndex=0, commits[edccc055-c3f5-47df-b30f-76e8836f4c59:c1457, f9704f82-adf1-457c-ad29-9b573bc67fa6:c1457, 932806d8-5f5d-4457-8f95-c9b7f9036eae:c1457]
2019-08-07 03:27:09,726 INFO  client.GrpcClientProtocolClient (GrpcClientProtocolClient.java:onNext(255)) - client-23C834B07313->edccc055-c3f5-47df-b30f-76e8836f4c59: receive RaftClientReply:client-23C834B07313->edccc055-c3f5-47df-b30f-76e8836f4c59@group-ED32739C8BBB, cid=1068, SUCCESS, logIndex=1460, commits[edccc055-c3f5-47df-b30f-76e8836f4c59:c1461, f9704f82-adf1-457c-ad29-9b573bc67fa6:c1459, 932806d8-5f5d-4457-8f95-c9b7f9036eae:c1459]
2019-08-07 03:27:09,727 INFO  client.GrpcClientProtocolClient (GrpcClientProtocolClient.java:onNext(255)) - client-23C834B07313->edccc055-c3f5-47df-b30f-76e8836f4c59: receive RaftClientReply:client-23C834B07313->edccc055-c3f5-47df-b30f-76e8836f4c59@group-ED32739C8BBB, cid=1069, SUCCESS, logIndex=1461, commits[edccc055-c3f5-47df-b30f-76e8836f4c59:c1462, f9704f82-adf1-457c-ad29-9b573bc67fa6:c1459, 932806d8-5f5d-4457-8f95-c9b7f9036eae:c1459]
2019-08-07 03:27:09,727 INFO  client.GrpcClientProtocolClient (GrpcClientProtocolClient.java:onNext(255)) - client-23C834B07313->edccc055-c3f5-47df-b30f-76e8836f4c59: receive RaftClientReply:client-23C834B07313->edccc055-c3f5-47df-b30f-76e8836f4c59@group-ED32739C8BBB, cid=1070, SUCCESS, logIndex=1462, commits[edccc055-c3f5-47df-b30f-76e8836f4c59:c1463, f9704f82-adf1-457c-ad29-9b573bc67fa6:c1459, 932806d8-5f5d-4457-8f95-c9b7f9036eae:c1459]
2019-08-07 03:27:09,728 INFO  client.GrpcClientProtocolClient (GrpcClientProtocolClient.java:onNext(255)) - client-23C834B07313->edccc055-c3f5-47df-b30f-76e8836f4c59: receive RaftClientReply:client-23C834B07313->edccc055-c3f5-47df-b30f-76e8836f4c59@group-ED32739C8BBB, cid=1071, SUCCESS, logIndex=1463, commits[edccc055-c3f5-47df-b30f-76e8836f4c59:c1463, f9704f82-adf1-457c-ad29-9b573bc67fa6:c1459, 932806d8-5f5d-4457-8f95-c9b7f9036eae:c1459]
2019-08-07 03:27:09,741 INFO  client.GrpcClientProtocolClient (GrpcClientProtocolClient.java:onNext(255)) - client-23C834B07313->edccc055-c3f5-47df-b30f-76e8836f4c59: receive RaftClientReply:client-23C834B07313->edccc055-c3f5-47df-b30f-76e8836f4c59@group-ED32739C8BBB, cid=1072, SUCCESS, logIndex=0, commits[edccc055-c3f5-47df-b30f-76e8836f4c59:c1465, f9704f82-adf1-457c-ad29-9b573bc67fa6:c1461, 932806d8-5f5d-4457-8f95-c9b7f9036eae:c1461]
2019-08-07 03:27:09,763 INFO  client.GrpcClientProtocolClient (GrpcClientProtocolClient.java:onNext(255)) - client-23C834B07313->edccc055-c3f5-47df-b30f-76e8836f4c59: receive RaftClientReply:client-23C834B07313->edccc055-c3f5-47df-b30f-76e8836f4c59@group-ED32739C8BBB, cid=1073, SUCCESS, logIndex=1468, commits[edccc055-c3f5-47df-b30f-76e8836f4c59:c1469, f9704f82-adf1-457c-ad29-9b573bc67fa6:c1467, 932806d8-5f5d-4457-8f95-c9b7f9036eae:c1467]
2019-08-07 03:27:09,763 INFO  client.GrpcClientProtocolClient (GrpcClientProtocolClient.java:onNext(255)) - client-23C834B07313->edccc055-c3f5-47df-b30f-76e8836f4c59: receive RaftClientReply:client-23C834B07313->edccc055-c3f5-47df-b30f-76e8836f4c59@group-ED32739C8BBB, cid=1074, SUCCESS, logIndex=1469, commits[edccc055-c3f5-47df-b30f-76e8836f4c59:c1469, f9704f82-adf1-457c-ad29-9b573bc67fa6:c1467, 932806d8-5f5d-4457-8f95-c9b7f9036eae:c1467]
2019-08-07 03:27:09,788 INFO  client.GrpcClientProtocolClient (GrpcClientProtocolClient.java:onNext(255)) - client-23C834B07313->edccc055-c3f5-47df-b30f-76e8836f4c59: receive RaftClientReply:client-23C834B07313->edccc055-c3f5-47df-b30f-76e8836f4c59@group-ED32739C8BBB, cid=1075, SUCCESS, logIndex=1472, commits[edccc055-c3f5-47df-b30f-76e8836f4c59:c1473, f9704f82-adf1-457c-ad29-9b573bc67fa6:c1469, 932806d8-5f5d-4457-8f95-c9b7f9036eae:c1469]
2019-08-07 03:27:09,788 INFO  client.GrpcClientProtocolClient (GrpcClientProtocolClient.java:onNext(255)) - client-23C834B07313->edccc055-c3f5-47df-b30f-76e8836f4c59: receive RaftClientReply:client-23C834B07313->edccc055-c3f5-47df-b30f-76e8836f4c59@group-ED32739C8BBB, cid=1076, SUCCESS, logIndex=1473, commits[edccc055-c3f5-47df-b30f-76e8836f4c59:c1473, f9704f82-adf1-457c-ad29-9b573bc67fa6:c1469, 932806d8-5f5d-4457-8f95-c9b7f9036eae:c1469]
2019-08-07 03:27:09,828 INFO  client.GrpcClientProtocolClient (GrpcClientProtocolClient.java:onNext(255)) - client-23C834B07313->edccc055-c3f5-47df-b30f-76e8836f4c59: receive RaftClientReply:client-23C834B07313->edccc055-c3f5-47df-b30f-76e8836f4c59@group-ED32739C8BBB, cid=1077, SUCCESS, logIndex=0, commits[edccc055-c3f5-47df-b30f-76e8836f4c59:c1474, f9704f82-adf1-457c-ad29-9b573bc67fa6:c1473, 932806d8-5f5d-4457-8f95-c9b7f9036eae:c1473]
2019-08-07 03:27:09,854 INFO  client.GrpcClientProtocolClient (GrpcClientProtocolClient.java:onNext(255)) - client-23C834B07313->edccc055-c3f5-47df-b30f-76e8836f4c59: receive RaftClientReply:client-23C834B07313->edccc055-c3f5-47df-b30f-76e8836f4c59@group-ED32739C8BBB, cid=1078, SUCCESS, logIndex=1476, commits[edccc055-c3f5-47df-b30f-76e8836f4c59:c1476, f9704f82-adf1-457c-ad29-9b573bc67fa6:c1475, 932806d8-5f5d-4457-8f95-c9b7f9036eae:c1475]
2019-08-07 03:27:09,855 INFO  client.GrpcClientProtocolClient (GrpcClientProtocolClient.java:onNext(255)) - client-23C834B07313->edccc055-c3f5-47df-b30f-76e8836f4c59: receive RaftClientReply:client-23C834B07313->edccc055-c3f5-47df-b30f-76e8836f4c59@group-ED32739C8BBB, cid=1079, SUCCESS, logIndex=1477, commits[edccc055-c3f5-47df-b30f-76e8836f4c59:c1478, f9704f82-adf1-457c-ad29-9b573bc67fa6:c1475, 932806d8-5f5d-4457-8f95-c9b7f9036eae:c1475]
2019-08-07 03:27:09,855 INFO  client.GrpcClientProtocolClient (GrpcClientProtocolClient.java:onNext(255)) - client-23C834B07313->edccc055-c3f5-47df-b30f-76e8836f4c59: receive RaftClientReply:client-23C834B07313->edccc055-c3f5-47df-b30f-76e8836f4c59@group-ED32739C8BBB, cid=1080, SUCCESS, logIndex=1478, commits[edccc055-c3f5-47df-b30f-76e8836f4c59:c1479, f9704f82-adf1-457c-ad29-9b573bc67fa6:c1475, 932806d8-5f5d-4457-8f95-c9b7f9036eae:c1475]
2019-08-07 03:27:09,856 INFO  client.GrpcClientProtocolClient (GrpcClientProtocolClient.java:onNext(255)) - client-23C834B07313->edccc055-c3f5-47df-b30f-76e8836f4c59: receive RaftClientReply:client-23C834B07313->edccc055-c3f5-47df-b30f-76e8836f4c59@group-ED32739C8BBB, cid=1081, SUCCESS, logIndex=1479, commits[edccc055-c3f5-47df-b30f-76e8836f4c59:c1479, f9704f82-adf1-457c-ad29-9b573bc67fa6:c1475, 932806d8-5f5d-4457-8f95-c9b7f9036eae:c1475]
2019-08-07 03:27:09,858 INFO  client.GrpcClientProtocolClient (GrpcClientProtocolClient.java:onNext(255)) - client-23C834B07313->edccc055-c3f5-47df-b30f-76e8836f4c59: receive RaftClientReply:client-23C834B07313->edccc055-c3f5-47df-b30f-76e8836f4c59@group-ED32739C8BBB, cid=1082, SUCCESS, logIndex=0, commits[edccc055-c3f5-47df-b30f-76e8836f4c59:c1483, f9704f82-adf1-457c-ad29-9b573bc67fa6:c1479, 932806d8-5f5d-4457-8f95-c9b7f9036eae:c1477]
2019-08-07 03:27:09,877 INFO  client.GrpcClientProtocolClient (GrpcClientProtocolClient.java:onNext(255)) - client-23C834B07313->edccc055-c3f5-47df-b30f-76e8836f4c59: receive RaftClientReply:client-23C834B07313->edccc055-c3f5-47df-b30f-76e8836f4c59@group-ED32739C8BBB, cid=1083, SUCCESS, logIndex=1484, commits[edccc055-c3f5-47df-b30f-76e8836f4c59:c1485, f9704f82-adf1-457c-ad29-9b573bc67fa6:c1483, 932806d8-5f5d-4457-8f95-c9b7f9036eae:c1483]
2019-08-07 03:27:09,878 INFO  client.GrpcClientProtocolClient (GrpcClientProtocolClient.java:onNext(255)) - client-23C834B07313->edccc055-c3f5-47df-b30f-76e8836f4c59: receive RaftClientReply:client-23C834B07313->edccc055-c3f5-47df-b30f-76e8836f4c59@group-ED32739C8BBB, cid=1084, SUCCESS, logIndex=1485, commits[edccc055-c3f5-47df-b30f-76e8836f4c59:c1485, f9704f82-adf1-457c-ad29-9b573bc67fa6:c1483, 932806d8-5f5d-4457-8f95-c9b7f9036eae:c1483]
2019-08-07 03:27:09,905 INFO  client.GrpcClientProtocolClient (GrpcClientProtocolClient.java:onNext(255)) - client-23C834B07313->edccc055-c3f5-47df-b30f-76e8836f4c59: receive RaftClientReply:client-23C834B07313->edccc055-c3f5-47df-b30f-76e8836f4c59@group-ED32739C8BBB, cid=1085, SUCCESS, logIndex=1488, commits[edccc055-c3f5-47df-b30f-76e8836f4c59:c1489, f9704f82-adf1-457c-ad29-9b573bc67fa6:c1485, 932806d8-5f5d-4457-8f95-c9b7f9036eae:c1485]
2019-08-07 03:27:09,906 INFO  client.GrpcClientProtocolClient (GrpcClientProtocolClient.java:onNext(255)) - client-23C834B07313->edccc055-c3f5-47df-b30f-76e8836f4c59: receive RaftClientReply:client-23C834B07313->edccc055-c3f5-47df-b30f-76e8836f4c59@group-ED32739C8BBB, cid=1086, SUCCESS, logIndex=1489, commits[edccc055-c3f5-47df-b30f-76e8836f4c59:c1489, f9704f82-adf1-457c-ad29-9b573bc67fa6:c1485, 932806d8-5f5d-4457-8f95-c9b7f9036eae:c1485]
2019-08-07 03:27:09,916 INFO  client.GrpcClientProtocolClient (GrpcClientProtocolClient.java:onNext(255)) - client-23C834B07313->edccc055-c3f5-47df-b30f-76e8836f4c59: receive RaftClientReply:client-23C834B07313->edccc055-c3f5-47df-b30f-76e8836f4c59@group-ED32739C8BBB, cid=1087, SUCCESS, logIndex=0, commits[edccc055-c3f5-47df-b30f-76e8836f4c59:c1490, f9704f82-adf1-457c-ad29-9b573bc67fa6:c1489, 932806d8-5f5d-4457-8f95-c9b7f9036eae:c1489]
2019-08-07 03:27:09,937 INFO  client.GrpcClientProtocolClient (GrpcClientProtocolClient.java:onNext(255)) - client-23C834B07313->edccc055-c3f5-47df-b30f-76e8836f4c59: receive RaftClientReply:client-23C834B07313->edccc055-c3f5-47df-b30f-76e8836f4c59@group-ED32739C8BBB, cid=1088, SUCCESS, logIndex=1492, commits[edccc055-c3f5-47df-b30f-76e8836f4c59:c1493, f9704f82-adf1-457c-ad29-9b573bc67fa6:c1491, 932806d8-5f5d-4457-8f95-c9b7f9036eae:c1491]
2019-08-07 03:27:09,938 INFO  client.GrpcClientProtocolClient (GrpcClientProtocolClient.java:onNext(255)) - client-23C834B07313->edccc055-c3f5-47df-b30f-76e8836f4c59: receive RaftClientReply:client-23C834B07313->edccc055-c3f5-47df-b30f-76e8836f4c59@group-ED32739C8BBB, cid=1089, SUCCESS, logIndex=1493, commits[edccc055-c3f5-47df-b30f-76e8836f4c59:c1493, f9704f82-adf1-457c-ad29-9b573bc67fa6:c1491, 932806d8-5f5d-4457-8f95-c9b7f9036eae:c1491]
2019-08-07 03:27:09,938 INFO  client.GrpcClientProtocolClient (GrpcClientProtocolClient.java:onNext(255)) - client-23C834B07313->edccc055-c3f5-47df-b30f-76e8836f4c59: receive RaftClientReply:client-23C834B07313->edccc055-c3f5-47df-b30f-76e8836f4c59@group-ED32739C8BBB, cid=1090, SUCCESS, logIndex=1494, commits[edccc055-c3f5-47df-b30f-76e8836f4c59:c1495, f9704f82-adf1-457c-ad29-9b573bc67fa6:c1491, 932806d8-5f5d-4457-8f95-c9b7f9036eae:c1491]
2019-08-07 03:27:09,939 INFO  client.GrpcClientProtocolClient (GrpcClientProtocolClient.java:onNext(255)) - client-23C834B07313->edccc055-c3f5-47df-b30f-76e8836f4c59: receive RaftClientReply:client-23C834B07313->edccc055-c3f5-47df-b30f-76e8836f4c59@group-ED32739C8BBB, cid=1091, SUCCESS, logIndex=1495, commits[edccc055-c3f5-47df-b30f-76e8836f4c59:c1495, f9704f82-adf1-457c-ad29-9b573bc67fa6:c1491, 932806d8-5f5d-4457-8f95-c9b7f9036eae:c1491]
2019-08-07 03:27:09,951 INFO  client.GrpcClientProtocolClient (GrpcClientProtocolClient.java:onNext(255)) - client-23C834B07313->edccc055-c3f5-47df-b30f-76e8836f4c59: receive RaftClientReply:client-23C834B07313->edccc055-c3f5-47df-b30f-76e8836f4c59@group-ED32739C8BBB, cid=1092, SUCCESS, logIndex=0, commits[edccc055-c3f5-47df-b30f-76e8836f4c59:c1497, f9704f82-adf1-457c-ad29-9b573bc67fa6:c1493, 932806d8-5f5d-4457-8f95-c9b7f9036eae:c1493]
2019-08-07 03:27:09,973 INFO  client.GrpcClientProtocolClient (GrpcClientProtocolClient.java:onNext(255)) - client-23C834B07313->edccc055-c3f5-47df-b30f-76e8836f4c59: receive RaftClientReply:client-23C834B07313->edccc055-c3f5-47df-b30f-76e8836f4c59@group-ED32739C8BBB, cid=1093, SUCCESS, logIndex=1499, commits[edccc055-c3f5-47df-b30f-76e8836f4c59:c1500, f9704f82-adf1-457c-ad29-9b573bc67fa6:c1498, 932806d8-5f5d-4457-8f95-c9b7f9036eae:c1498]
2019-08-07 03:27:09,974 INFO  client.GrpcClientProtocolClient (GrpcClientProtocolClient.java:onNext(255)) - client-23C834B07313->edccc055-c3f5-47df-b30f-76e8836f4c59: receive RaftClientReply:client-23C834B07313->edccc055-c3f5-47df-b30f-76e8836f4c59@group-ED32739C8BBB, cid=1094, SUCCESS, logIndex=1500, commits[edccc055-c3f5-47df-b30f-76e8836f4c59:c1500, f9704f82-adf1-457c-ad29-9b573bc67fa6:c1498, 932806d8-5f5d-4457-8f95-c9b7f9036eae:c1498]
2019-08-07 03:27:09,989 INFO  client.GrpcClientProtocolClient (GrpcClientProtocolClient.java:onNext(255)) - client-23C834B07313->edccc055-c3f5-47df-b30f-76e8836f4c59: receive RaftClientReply:client-23C834B07313->edccc055-c3f5-47df-b30f-76e8836f4c59@group-ED32739C8BBB, cid=1095, SUCCESS, logIndex=1503, commits[edccc055-c3f5-47df-b30f-76e8836f4c59:c1504, f9704f82-adf1-457c-ad29-9b573bc67fa6:c1500, 932806d8-5f5d-4457-8f95-c9b7f9036eae:c1500]
2019-08-07 03:27:09,989 INFO  client.GrpcClientProtocolClient (GrpcClientProtocolClient.java:onNext(255)) - client-23C834B07313->edccc055-c3f5-47df-b30f-76e8836f4c59: receive RaftClientReply:client-23C834B07313->edccc055-c3f5-47df-b30f-76e8836f4c59@group-ED32739C8BBB, cid=1096, SUCCESS, logIndex=1504, commits[edccc055-c3f5-47df-b30f-76e8836f4c59:c1504, f9704f82-adf1-457c-ad29-9b573bc67fa6:c1500, 932806d8-5f5d-4457-8f95-c9b7f9036eae:c1500]
2019-08-07 03:27:10,013 INFO  client.GrpcClientProtocolClient (GrpcClientProtocolClient.java:onNext(255)) - client-23C834B07313->edccc055-c3f5-47df-b30f-76e8836f4c59: receive RaftClientReply:client-23C834B07313->edccc055-c3f5-47df-b30f-76e8836f4c59@group-ED32739C8BBB, cid=1097, SUCCESS, logIndex=0, commits[edccc055-c3f5-47df-b30f-76e8836f4c59:c1506, f9704f82-adf1-457c-ad29-9b573bc67fa6:c1504, 932806d8-5f5d-4457-8f95-c9b7f9036eae:c1504]
2019-08-07 03:27:10,029 INFO  client.GrpcClientProtocolClient (GrpcClientProtocolClient.java:onNext(255)) - client-23C834B07313->edccc055-c3f5-47df-b30f-76e8836f4c59: receive RaftClientReply:client-23C834B07313->edccc055-c3f5-47df-b30f-76e8836f4c59@group-ED32739C8BBB, cid=1098, SUCCESS, logIndex=1507, commits[edccc055-c3f5-47df-b30f-76e8836f4c59:c1508, f9704f82-adf1-457c-ad29-9b573bc67fa6:c1506, 932806d8-5f5d-4457-8f95-c9b7f9036eae:c1506]
2019-08-07 03:27:10,029 INFO  client.GrpcClientProtocolClient (GrpcClientProtocolClient.java:onNext(255)) - client-23C834B07313->edccc055-c3f5-47df-b30f-76e8836f4c59: receive RaftClientReply:client-23C834B07313->edccc055-c3f5-47df-b30f-76e8836f4c59@group-ED32739C8BBB, cid=1099, SUCCESS, logIndex=1508, commits[edccc055-c3f5-47df-b30f-76e8836f4c59:c1508, f9704f82-adf1-457c-ad29-9b573bc67fa6:c1506, 932806d8-5f5d-4457-8f95-c9b7f9036eae:c1506]
2019-08-07 03:27:10,033 INFO  client.GrpcClientProtocolClient (GrpcClientProtocolClient.java:onNext(255)) - client-23C834B07313->edccc055-c3f5-47df-b30f-76e8836f4c59: receive RaftClientReply:client-23C834B07313->edccc055-c3f5-47df-b30f-76e8836f4c59@group-ED32739C8BBB, cid=1100, SUCCESS, logIndex=1509, commits[edccc055-c3f5-47df-b30f-76e8836f4c59:c1512, f9704f82-adf1-457c-ad29-9b573bc67fa6:c1508, 932806d8-5f5d-4457-8f95-c9b7f9036eae:c1506]
2019-08-07 03:27:10,033 INFO  client.GrpcClientProtocolClient (GrpcClientProtocolClient.java:onNext(255)) - client-23C834B07313->edccc055-c3f5-47df-b30f-76e8836f4c59: receive RaftClientReply:client-23C834B07313->edccc055-c3f5-47df-b30f-76e8836f4c59@group-ED32739C8BBB, cid=1101, SUCCESS, logIndex=1510, commits[edccc055-c3f5-47df-b30f-76e8836f4c59:c1512, f9704f82-adf1-457c-ad29-9b573bc67fa6:c1508, 932806d8-5f5d-4457-8f95-c9b7f9036eae:c1508]
2019-08-07 03:27:10,061 INFO  client.GrpcClientProtocolClient (GrpcClientProtocolClient.java:onNext(255)) - client-23C834B07313->edccc055-c3f5-47df-b30f-76e8836f4c59: receive RaftClientReply:client-23C834B07313->edccc055-c3f5-47df-b30f-76e8836f4c59@group-ED32739C8BBB, cid=1102, SUCCESS, logIndex=1514, commits[edccc055-c3f5-47df-b30f-76e8836f4c59:c1515, f9704f82-adf1-457c-ad29-9b573bc67fa6:c1513, 932806d8-5f5d-4457-8f95-c9b7f9036eae:c1513]
2019-08-07 03:27:10,061 INFO  client.GrpcClientProtocolClient (GrpcClientProtocolClient.java:onNext(255)) - client-23C834B07313->edccc055-c3f5-47df-b30f-76e8836f4c59: receive RaftClientReply:client-23C834B07313->edccc055-c3f5-47df-b30f-76e8836f4c59@group-ED32739C8BBB, cid=1103, SUCCESS, logIndex=1515, commits[edccc055-c3f5-47df-b30f-76e8836f4c59:c1515, f9704f82-adf1-457c-ad29-9b573bc67fa6:c1513, 932806d8-5f5d-4457-8f95-c9b7f9036eae:c1513]
2019-08-07 03:27:10,085 INFO  client.GrpcClientProtocolClient (GrpcClientProtocolClient.java:onNext(255)) - client-23C834B07313->edccc055-c3f5-47df-b30f-76e8836f4c59: receive RaftClientReply:client-23C834B07313->edccc055-c3f5-47df-b30f-76e8836f4c59@group-ED32739C8BBB, cid=1104, SUCCESS, logIndex=1518, commits[edccc055-c3f5-47df-b30f-76e8836f4c59:c1519, f9704f82-adf1-457c-ad29-9b573bc67fa6:c1515, 932806d8-5f5d-4457-8f95-c9b7f9036eae:c1515]
2019-08-07 03:27:10,085 INFO  client.GrpcClientProtocolClient (GrpcClientProtocolClient.java:onNext(255)) - client-23C834B07313->edccc055-c3f5-47df-b30f-76e8836f4c59: receive RaftClientReply:client-23C834B07313->edccc055-c3f5-47df-b30f-76e8836f4c59@group-ED32739C8BBB, cid=1105, SUCCESS, logIndex=1519, commits[edccc055-c3f5-47df-b30f-76e8836f4c59:c1519, f9704f82-adf1-457c-ad29-9b573bc67fa6:c1515, 932806d8-5f5d-4457-8f95-c9b7f9036eae:c1515]
2019-08-07 03:27:10,087 INFO  client.GrpcClientProtocolClient (GrpcClientProtocolClient.java:onNext(255)) - client-23C834B07313->edccc055-c3f5-47df-b30f-76e8836f4c59: receive RaftClientReply:client-23C834B07313->edccc055-c3f5-47df-b30f-76e8836f4c59@group-ED32739C8BBB, cid=1106, SUCCESS, logIndex=0, commits[edccc055-c3f5-47df-b30f-76e8836f4c59:c1520, f9704f82-adf1-457c-ad29-9b573bc67fa6:c1519, 932806d8-5f5d-4457-8f95-c9b7f9036eae:c1519]
2019-08-07 03:27:10,116 INFO  client.GrpcClientProtocolClient (GrpcClientProtocolClient.java:onNext(255)) - client-23C834B07313->edccc055-c3f5-47df-b30f-76e8836f4c59: receive RaftClientReply:client-23C834B07313->edccc055-c3f5-47df-b30f-76e8836f4c59@group-ED32739C8BBB, cid=1107, SUCCESS, logIndex=1522, commits[edccc055-c3f5-47df-b30f-76e8836f4c59:c1523, f9704f82-adf1-457c-ad29-9b573bc67fa6:c1521, 932806d8-5f5d-4457-8f95-c9b7f9036eae:c1521]
2019-08-07 03:27:10,117 INFO  client.GrpcClientProtocolClient (GrpcClientProtocolClient.java:onNext(255)) - client-23C834B07313->edccc055-c3f5-47df-b30f-76e8836f4c59: receive RaftClientReply:client-23C834B07313->edccc055-c3f5-47df-b30f-76e8836f4c59@group-ED32739C8BBB, cid=1108, SUCCESS, logIndex=1523, commits[edccc055-c3f5-47df-b30f-76e8836f4c59:c1525, f9704f82-adf1-457c-ad29-9b573bc67fa6:c1521, 932806d8-5f5d-4457-8f95-c9b7f9036eae:c1521]
2019-08-07 03:27:10,117 INFO  client.GrpcClientProtocolClient (GrpcClientProtocolClient.java:onNext(255)) - client-23C834B07313->edccc055-c3f5-47df-b30f-76e8836f4c59: receive RaftClientReply:client-23C834B07313->edccc055-c3f5-47df-b30f-76e8836f4c59@group-ED32739C8BBB, cid=1109, SUCCESS, logIndex=1524, commits[edccc055-c3f5-47df-b30f-76e8836f4c59:c1525, f9704f82-adf1-457c-ad29-9b573bc67fa6:c1521, 932806d8-5f5d-4457-8f95-c9b7f9036eae:c1521]
2019-08-07 03:27:10,118 INFO  client.GrpcClientProtocolClient (GrpcClientProtocolClient.java:onNext(255)) - client-23C834B07313->edccc055-c3f5-47df-b30f-76e8836f4c59: receive RaftClientReply:client-23C834B07313->edccc055-c3f5-47df-b30f-76e8836f4c59@group-ED32739C8BBB, cid=1110, SUCCESS, logIndex=1525, commits[edccc055-c3f5-47df-b30f-76e8836f4c59:c1525, f9704f82-adf1-457c-ad29-9b573bc67fa6:c1521, 932806d8-5f5d-4457-8f95-c9b7f9036eae:c1521]
2019-08-07 03:27:10,119 INFO  client.GrpcClientProtocolClient (GrpcClientProtocolClient.java:onNext(255)) - client-23C834B07313->edccc055-c3f5-47df-b30f-76e8836f4c59: receive RaftClientReply:client-23C834B07313->edccc055-c3f5-47df-b30f-76e8836f4c59@group-ED32739C8BBB, cid=1111, SUCCESS, logIndex=0, commits[edccc055-c3f5-47df-b30f-76e8836f4c59:c1528, f9704f82-adf1-457c-ad29-9b573bc67fa6:c1525, 932806d8-5f5d-4457-8f95-c9b7f9036eae:c1523]
2019-08-07 03:27:10,142 INFO  client.GrpcClientProtocolClient (GrpcClientProtocolClient.java:onNext(255)) - client-23C834B07313->edccc055-c3f5-47df-b30f-76e8836f4c59: receive RaftClientReply:client-23C834B07313->edccc055-c3f5-47df-b30f-76e8836f4c59@group-ED32739C8BBB, cid=1112, SUCCESS, logIndex=1530, commits[edccc055-c3f5-47df-b30f-76e8836f4c59:c1531, f9704f82-adf1-457c-ad29-9b573bc67fa6:c1529, 932806d8-5f5d-4457-8f95-c9b7f9036eae:c1529]
2019-08-07 03:27:10,143 INFO  client.GrpcClientProtocolClient (GrpcClientProtocolClient.java:onNext(255)) - client-23C834B07313->edccc055-c3f5-47df-b30f-76e8836f4c59: receive RaftClientReply:client-23C834B07313->edccc055-c3f5-47df-b30f-76e8836f4c59@group-ED32739C8BBB, cid=1113, SUCCESS, logIndex=1531, commits[edccc055-c3f5-47df-b30f-76e8836f4c59:c1531, f9704f82-adf1-457c-ad29-9b573bc67fa6:c1529, 932806d8-5f5d-4457-8f95-c9b7f9036eae:c1529]
2019-08-07 03:27:10,166 INFO  client.GrpcClientProtocolClient (GrpcClientProtocolClient.java:onNext(255)) - client-23C834B07313->edccc055-c3f5-47df-b30f-76e8836f4c59: receive RaftClientReply:client-23C834B07313->edccc055-c3f5-47df-b30f-76e8836f4c59@group-ED32739C8BBB, cid=1114, SUCCESS, logIndex=1534, commits[edccc055-c3f5-47df-b30f-76e8836f4c59:c1535, f9704f82-adf1-457c-ad29-9b573bc67fa6:c1531, 932806d8-5f5d-4457-8f95-c9b7f9036eae:c1530]
2019-08-07 03:27:10,167 INFO  client.GrpcClientProtocolClient (GrpcClientProtocolClient.java:onNext(255)) - client-23C834B07313->edccc055-c3f5-47df-b30f-76e8836f4c59: receive RaftClientReply:client-23C834B07313->edccc055-c3f5-47df-b30f-76e8836f4c59@group-ED32739C8BBB, cid=1115, SUCCESS, logIndex=1535, commits[edccc055-c3f5-47df-b30f-76e8836f4c59:c1535, f9704f82-adf1-457c-ad29-9b573bc67fa6:c1531, 932806d8-5f5d-4457-8f95-c9b7f9036eae:c1530]
2019-08-07 03:27:10,168 INFO  client.GrpcClientProtocolClient (GrpcClientProtocolClient.java:onNext(255)) - client-23C834B07313->edccc055-c3f5-47df-b30f-76e8836f4c59: receive RaftClientReply:client-23C834B07313->edccc055-c3f5-47df-b30f-76e8836f4c59@group-ED32739C8BBB, cid=1116, SUCCESS, logIndex=0, commits[edccc055-c3f5-47df-b30f-76e8836f4c59:c1535, f9704f82-adf1-457c-ad29-9b573bc67fa6:c1531, 932806d8-5f5d-4457-8f95-c9b7f9036eae:c1531]
 0.00% |█                                                                                                    |  0/1 Time: 0:00:062019-08-07 03:27:10,757 INFO  client.GrpcClientProtocolClient (GrpcClientProtocolClient.java:onNext(255)) - client-23C834B07313->edccc055-c3f5-47df-b30f-76e8836f4c59: receive RaftClientReply:client-23C834B07313->edccc055-c3f5-47df-b30f-76e8836f4c59@group-ED32739C8BBB, cid=1117, SUCCESS, logIndex=0, commits[edccc055-c3f5-47df-b30f-76e8836f4c59:c1536, f9704f82-adf1-457c-ad29-9b573bc67fa6:c1535, 932806d8-5f5d-4457-8f95-c9b7f9036eae:c1535]
2019-08-07 03:27:10,792 INFO  client.GrpcClientProtocolClient (GrpcClientProtocolClient.java:onNext(255)) - client-23C834B07313->edccc055-c3f5-47df-b30f-76e8836f4c59: receive RaftClientReply:client-23C834B07313->edccc055-c3f5-47df-b30f-76e8836f4c59@group-ED32739C8BBB, cid=1118, SUCCESS, logIndex=1538, commits[edccc055-c3f5-47df-b30f-76e8836f4c59:c1539, f9704f82-adf1-457c-ad29-9b573bc67fa6:c1537, 932806d8-5f5d-4457-8f95-c9b7f9036eae:c1537]
2019-08-07 03:27:10,793 INFO  client.GrpcClientProtocolClient (GrpcClientProtocolClient.java:onNext(255)) - client-23C834B07313->edccc055-c3f5-47df-b30f-76e8836f4c59: receive RaftClientReply:client-23C834B07313->edccc055-c3f5-47df-b30f-76e8836f4c59@group-ED32739C8BBB, cid=1119, SUCCESS, logIndex=1539, commits[edccc055-c3f5-47df-b30f-76e8836f4c59:c1541, f9704f82-adf1-457c-ad29-9b573bc67fa6:c1537, 932806d8-5f5d-4457-8f95-c9b7f9036eae:c1537]
2019-08-07 03:27:10,793 INFO  client.GrpcClientProtocolClient (GrpcClientProtocolClient.java:onNext(255)) - client-23C834B07313->edccc055-c3f5-47df-b30f-76e8836f4c59: receive RaftClientReply:client-23C834B07313->edccc055-c3f5-47df-b30f-76e8836f4c59@group-ED32739C8BBB, cid=1120, SUCCESS, logIndex=1540, commits[edccc055-c3f5-47df-b30f-76e8836f4c59:c1541, f9704f82-adf1-457c-ad29-9b573bc67fa6:c1537, 932806d8-5f5d-4457-8f95-c9b7f9036eae:c1537]
2019-08-07 03:27:10,794 INFO  client.GrpcClientProtocolClient (GrpcClientProtocolClient.java:onNext(255)) - client-23C834B07313->edccc055-c3f5-47df-b30f-76e8836f4c59: receive RaftClientReply:client-23C834B07313->edccc055-c3f5-47df-b30f-76e8836f4c59@group-ED32739C8BBB, cid=1121, SUCCESS, logIndex=1541, commits[edccc055-c3f5-47df-b30f-76e8836f4c59:c1541, f9704f82-adf1-457c-ad29-9b573bc67fa6:c1537, 932806d8-5f5d-4457-8f95-c9b7f9036eae:c1537]
2019-08-07 03:27:10,795 INFO  client.GrpcClientProtocolClient (GrpcClientProtocolClient.java:onNext(255)) - client-23C834B07313->edccc055-c3f5-47df-b30f-76e8836f4c59: receive RaftClientReply:client-23C834B07313->edccc055-c3f5-47df-b30f-76e8836f4c59@group-ED32739C8BBB, cid=1122, SUCCESS, logIndex=0, commits[edccc055-c3f5-47df-b30f-76e8836f4c59:c1543, f9704f82-adf1-457c-ad29-9b573bc67fa6:c1539, 932806d8-5f5d-4457-8f95-c9b7f9036eae:c1539]
2019-08-07 03:27:10,814 INFO  client.GrpcClientProtocolClient (GrpcClientProtocolClient.java:onNext(255)) - client-23C834B07313->edccc055-c3f5-47df-b30f-76e8836f4c59: receive RaftClientReply:client-23C834B07313->edccc055-c3f5-47df-b30f-76e8836f4c59@group-ED32739C8BBB, cid=1123, SUCCESS, logIndex=1545, commits[edccc055-c3f5-47df-b30f-76e8836f4c59:c1546, f9704f82-adf1-457c-ad29-9b573bc67fa6:c1544, 932806d8-5f5d-4457-8f95-c9b7f9036eae:c1544]
2019-08-07 03:27:10,815 INFO  client.GrpcClientProtocolClient (GrpcClientProtocolClient.java:onNext(255)) - client-23C834B07313->edccc055-c3f5-47df-b30f-76e8836f4c59: receive RaftClientReply:client-23C834B07313->edccc055-c3f5-47df-b30f-76e8836f4c59@group-ED32739C8BBB, cid=1124, SUCCESS, logIndex=1546, commits[edccc055-c3f5-47df-b30f-76e8836f4c59:c1546, f9704f82-adf1-457c-ad29-9b573bc67fa6:c1544, 932806d8-5f5d-4457-8f95-c9b7f9036eae:c1544]
2019-08-07 03:27:10,829 INFO  client.GrpcClientProtocolClient (GrpcClientProtocolClient.java:onNext(255)) - client-23C834B07313->edccc055-c3f5-47df-b30f-76e8836f4c59: receive RaftClientReply:client-23C834B07313->edccc055-c3f5-47df-b30f-76e8836f4c59@group-ED32739C8BBB, cid=1125, SUCCESS, logIndex=1549, commits[edccc055-c3f5-47df-b30f-76e8836f4c59:c1550, f9704f82-adf1-457c-ad29-9b573bc67fa6:c1545, 932806d8-5f5d-4457-8f95-c9b7f9036eae:c1546]
2019-08-07 03:27:10,829 INFO  client.GrpcClientProtocolClient (GrpcClientProtocolClient.java:onNext(255)) - client-23C834B07313->edccc055-c3f5-47df-b30f-76e8836f4c59: receive RaftClientReply:client-23C834B07313->edccc055-c3f5-47df-b30f-76e8836f4c59@group-ED32739C8BBB, cid=1126, SUCCESS, logIndex=1550, commits[edccc055-c3f5-47df-b30f-76e8836f4c59:c1550, f9704f82-adf1-457c-ad29-9b573bc67fa6:c1545, 932806d8-5f5d-4457-8f95-c9b7f9036eae:c1546]
2019-08-07 03:27:10,844 INFO  client.GrpcClientProtocolClient (GrpcClientProtocolClient.java:onNext(255)) - client-23C834B07313->edccc055-c3f5-47df-b30f-76e8836f4c59: receive RaftClientReply:client-23C834B07313->edccc055-c3f5-47df-b30f-76e8836f4c59@group-ED32739C8BBB, cid=1127, SUCCESS, logIndex=0, commits[edccc055-c3f5-47df-b30f-76e8836f4c59:c1550, f9704f82-adf1-457c-ad29-9b573bc67fa6:c1546, 932806d8-5f5d-4457-8f95-c9b7f9036eae:c1546]
2019-08-07 03:27:10,846 INFO  client.GrpcClientProtocolClient (GrpcClientProtocolClient.java:onNext(255)) - client-23C834B07313->edccc055-c3f5-47df-b30f-76e8836f4c59: receive RaftClientReply:client-23C834B07313->edccc055-c3f5-47df-b30f-76e8836f4c59@group-ED32739C8BBB, cid=1128, SUCCESS, logIndex=0, commits[edccc055-c3f5-47df-b30f-76e8836f4c59:c1552, f9704f82-adf1-457c-ad29-9b573bc67fa6:c1550, 932806d8-5f5d-4457-8f95-c9b7f9036eae:c1550]
2019-08-07 03:27:10,865 INFO  client.GrpcClientProtocolClient (GrpcClientProtocolClient.java:onNext(255)) - client-23C834B07313->edccc055-c3f5-47df-b30f-76e8836f4c59: receive RaftClientReply:client-23C834B07313->edccc055-c3f5-47df-b30f-76e8836f4c59@group-ED32739C8BBB, cid=1129, SUCCESS, logIndex=1553, commits[edccc055-c3f5-47df-b30f-76e8836f4c59:c1554, f9704f82-adf1-457c-ad29-9b573bc67fa6:c1552, 932806d8-5f5d-4457-8f95-c9b7f9036eae:c1552]
2019-08-07 03:27:10,866 INFO  client.GrpcClientProtocolClient (GrpcClientProtocolClient.java:onNext(255)) - client-23C834B07313->edccc055-c3f5-47df-b30f-76e8836f4c59: receive RaftClientReply:client-23C834B07313->edccc055-c3f5-47df-b30f-76e8836f4c59@group-ED32739C8BBB, cid=1130, SUCCESS, logIndex=1554, commits[edccc055-c3f5-47df-b30f-76e8836f4c59:c1554, f9704f82-adf1-457c-ad29-9b573bc67fa6:c1552, 932806d8-5f5d-4457-8f95-c9b7f9036eae:c1552]
2019-08-07 03:27:10,866 INFO  client.GrpcClientProtocolClient (GrpcClientProtocolClient.java:onNext(255)) - client-23C834B07313->edccc055-c3f5-47df-b30f-76e8836f4c59: receive RaftClientReply:client-23C834B07313->edccc055-c3f5-47df-b30f-76e8836f4c59@group-ED32739C8BBB, cid=1131, SUCCESS, logIndex=1555, commits[edccc055-c3f5-47df-b30f-76e8836f4c59:c1556, f9704f82-adf1-457c-ad29-9b573bc67fa6:c1552, 932806d8-5f5d-4457-8f95-c9b7f9036eae:c1552]
2019-08-07 03:27:10,867 INFO  client.GrpcClientProtocolClient (GrpcClientProtocolClient.java:onNext(255)) - client-23C834B07313->edccc055-c3f5-47df-b30f-76e8836f4c59: receive RaftClientReply:client-23C834B07313->edccc055-c3f5-47df-b30f-76e8836f4c59@group-ED32739C8BBB, cid=1132, SUCCESS, logIndex=1556, commits[edccc055-c3f5-47df-b30f-76e8836f4c59:c1556, f9704f82-adf1-457c-ad29-9b573bc67fa6:c1552, 932806d8-5f5d-4457-8f95-c9b7f9036eae:c1552]
2019-08-07 03:27:10,880 INFO  client.GrpcClientProtocolClient (GrpcClientProtocolClient.java:onNext(255)) - client-23C834B07313->edccc055-c3f5-47df-b30f-76e8836f4c59: receive RaftClientReply:client-23C834B07313->edccc055-c3f5-47df-b30f-76e8836f4c59@group-ED32739C8BBB, cid=1133, SUCCESS, logIndex=0, commits[edccc055-c3f5-47df-b30f-76e8836f4c59:c1558, f9704f82-adf1-457c-ad29-9b573bc67fa6:c1554, 932806d8-5f5d-4457-8f95-c9b7f9036eae:c1554]
2019-08-07 03:27:10,899 INFO  client.GrpcClientProtocolClient (GrpcClientProtocolClient.java:onNext(255)) - client-23C834B07313->edccc055-c3f5-47df-b30f-76e8836f4c59: receive RaftClientReply:client-23C834B07313->edccc055-c3f5-47df-b30f-76e8836f4c59@group-ED32739C8BBB, cid=1134, SUCCESS, logIndex=1561, commits[edccc055-c3f5-47df-b30f-76e8836f4c59:c1562, f9704f82-adf1-457c-ad29-9b573bc67fa6:c1560, 932806d8-5f5d-4457-8f95-c9b7f9036eae:c1560]
2019-08-07 03:27:10,900 INFO  client.GrpcClientProtocolClient (GrpcClientProtocolClient.java:onNext(255)) - client-23C834B07313->edccc055-c3f5-47df-b30f-76e8836f4c59: receive RaftClientReply:client-23C834B07313->edccc055-c3f5-47df-b30f-76e8836f4c59@group-ED32739C8BBB, cid=1135, SUCCESS, logIndex=1562, commits[edccc055-c3f5-47df-b30f-76e8836f4c59:c1562, f9704f82-adf1-457c-ad29-9b573bc67fa6:c1560, 932806d8-5f5d-4457-8f95-c9b7f9036eae:c1560]
2019-08-07 03:27:10,914 INFO  client.GrpcClientProtocolClient (GrpcClientProtocolClient.java:onNext(255)) - client-23C834B07313->edccc055-c3f5-47df-b30f-76e8836f4c59: receive RaftClientReply:client-23C834B07313->edccc055-c3f5-47df-b30f-76e8836f4c59@group-ED32739C8BBB, cid=1136, SUCCESS, logIndex=1565, commits[edccc055-c3f5-47df-b30f-76e8836f4c59:c1566, f9704f82-adf1-457c-ad29-9b573bc67fa6:c1562, 932806d8-5f5d-4457-8f95-c9b7f9036eae:c1562]
2019-08-07 03:27:10,915 INFO  client.GrpcClientProtocolClient (GrpcClientProtocolClient.java:onNext(255)) - client-23C834B07313->edccc055-c3f5-47df-b30f-76e8836f4c59: receive RaftClientReply:client-23C834B07313->edccc055-c3f5-47df-b30f-76e8836f4c59@group-ED32739C8BBB, cid=1137, SUCCESS, logIndex=1566, commits[edccc055-c3f5-47df-b30f-76e8836f4c59:c1566, f9704f82-adf1-457c-ad29-9b573bc67fa6:c1562, 932806d8-5f5d-4457-8f95-c9b7f9036eae:c1562]
2019-08-07 03:27:11,040 INFO  client.GrpcClientProtocolClient (GrpcClientProtocolClient.java:onNext(255)) - client-23C834B07313->edccc055-c3f5-47df-b30f-76e8836f4c59: receive RaftClientReply:client-23C834B07313->edccc055-c3f5-47df-b30f-76e8836f4c59@group-ED32739C8BBB, cid=1138, SUCCESS, logIndex=0, commits[edccc055-c3f5-47df-b30f-76e8836f4c59:c1568, f9704f82-adf1-457c-ad29-9b573bc67fa6:c1566, 932806d8-5f5d-4457-8f95-c9b7f9036eae:c1566]
2019-08-07 03:27:11,072 INFO  client.GrpcClientProtocolClient (GrpcClientProtocolClient.java:onNext(255)) - client-23C834B07313->edccc055-c3f5-47df-b30f-76e8836f4c59: receive RaftClientReply:client-23C834B07313->edccc055-c3f5-47df-b30f-76e8836f4c59@group-ED32739C8BBB, cid=1139, SUCCESS, logIndex=1569, commits[edccc055-c3f5-47df-b30f-76e8836f4c59:c1570, f9704f82-adf1-457c-ad29-9b573bc67fa6:c1568, 932806d8-5f5d-4457-8f95-c9b7f9036eae:c1568]
2019-08-07 03:27:11,073 INFO  client.GrpcClientProtocolClient (GrpcClientProtocolClient.java:onNext(255)) - client-23C834B07313->edccc055-c3f5-47df-b30f-76e8836f4c59: receive RaftClientReply:client-23C834B07313->edccc055-c3f5-47df-b30f-76e8836f4c59@group-ED32739C8BBB, cid=1140, SUCCESS, logIndex=1570, commits[edccc055-c3f5-47df-b30f-76e8836f4c59:c1572, f9704f82-adf1-457c-ad29-9b573bc67fa6:c1568, 932806d8-5f5d-4457-8f95-c9b7f9036eae:c1568]
2019-08-07 03:27:11,073 INFO  client.GrpcClientProtocolClient (GrpcClientProtocolClient.java:onNext(255)) - client-23C834B07313->edccc055-c3f5-47df-b30f-76e8836f4c59: receive RaftClientReply:client-23C834B07313->edccc055-c3f5-47df-b30f-76e8836f4c59@group-ED32739C8BBB, cid=1141, SUCCESS, logIndex=1571, commits[edccc055-c3f5-47df-b30f-76e8836f4c59:c1572, f9704f82-adf1-457c-ad29-9b573bc67fa6:c1568, 932806d8-5f5d-4457-8f95-c9b7f9036eae:c1568]
2019-08-07 03:27:11,073 INFO  client.GrpcClientProtocolClient (GrpcClientProtocolClient.java:onNext(255)) - client-23C834B07313->edccc055-c3f5-47df-b30f-76e8836f4c59: receive RaftClientReply:client-23C834B07313->edccc055-c3f5-47df-b30f-76e8836f4c59@group-ED32739C8BBB, cid=1142, SUCCESS, logIndex=1572, commits[edccc055-c3f5-47df-b30f-76e8836f4c59:c1572, f9704f82-adf1-457c-ad29-9b573bc67fa6:c1568, 932806d8-5f5d-4457-8f95-c9b7f9036eae:c1568]
2019-08-07 03:27:11,081 INFO  client.GrpcClientProtocolClient (GrpcClientProtocolClient.java:onNext(255)) - client-23C834B07313->edccc055-c3f5-47df-b30f-76e8836f4c59: receive RaftClientReply:client-23C834B07313->edccc055-c3f5-47df-b30f-76e8836f4c59@group-ED32739C8BBB, cid=1143, SUCCESS, logIndex=0, commits[edccc055-c3f5-47df-b30f-76e8836f4c59:c1574, f9704f82-adf1-457c-ad29-9b573bc67fa6:c1570, 932806d8-5f5d-4457-8f95-c9b7f9036eae:c1570]
2019-08-07 03:27:11,105 INFO  client.GrpcClientProtocolClient (GrpcClientProtocolClient.java:onNext(255)) - client-23C834B07313->edccc055-c3f5-47df-b30f-76e8836f4c59: receive RaftClientReply:client-23C834B07313->edccc055-c3f5-47df-b30f-76e8836f4c59@group-ED32739C8BBB, cid=1144, SUCCESS, logIndex=1577, commits[edccc055-c3f5-47df-b30f-76e8836f4c59:c1578, f9704f82-adf1-457c-ad29-9b573bc67fa6:c1576, 932806d8-5f5d-4457-8f95-c9b7f9036eae:c1576]
2019-08-07 03:27:11,105 INFO  client.GrpcClientProtocolClient (GrpcClientProtocolClient.java:onNext(255)) - client-23C834B07313->edccc055-c3f5-47df-b30f-76e8836f4c59: receive RaftClientReply:client-23C834B07313->edccc055-c3f5-47df-b30f-76e8836f4c59@group-ED32739C8BBB, cid=1145, SUCCESS, logIndex=1578, commits[edccc055-c3f5-47df-b30f-76e8836f4c59:c1578, f9704f82-adf1-457c-ad29-9b573bc67fa6:c1576, 932806d8-5f5d-4457-8f95-c9b7f9036eae:c1576]
2019-08-07 03:27:11,128 INFO  client.GrpcClientProtocolClient (GrpcClientProtocolClient.java:onNext(255)) - client-23C834B07313->edccc055-c3f5-47df-b30f-76e8836f4c59: receive RaftClientReply:client-23C834B07313->edccc055-c3f5-47df-b30f-76e8836f4c59@group-ED32739C8BBB, cid=1146, SUCCESS, logIndex=1581, commits[edccc055-c3f5-47df-b30f-76e8836f4c59:c1582, f9704f82-adf1-457c-ad29-9b573bc67fa6:c1578, 932806d8-5f5d-4457-8f95-c9b7f9036eae:c1578]
2019-08-07 03:27:11,129 INFO  client.GrpcClientProtocolClient (GrpcClientProtocolClient.java:onNext(255)) - client-23C834B07313->edccc055-c3f5-47df-b30f-76e8836f4c59: receive RaftClientReply:client-23C834B07313->edccc055-c3f5-47df-b30f-76e8836f4c59@group-ED32739C8BBB, cid=1147, SUCCESS, logIndex=1582, commits[edccc055-c3f5-47df-b30f-76e8836f4c59:c1582, f9704f82-adf1-457c-ad29-9b573bc67fa6:c1578, 932806d8-5f5d-4457-8f95-c9b7f9036eae:c1578]
2019-08-07 03:27:11,132 INFO  client.GrpcClientProtocolClient (GrpcClientProtocolClient.java:onNext(255)) - client-23C834B07313->edccc055-c3f5-47df-b30f-76e8836f4c59: receive RaftClientReply:client-23C834B07313->edccc055-c3f5-47df-b30f-76e8836f4c59@group-ED32739C8BBB, cid=1148, SUCCESS, logIndex=0, commits[edccc055-c3f5-47df-b30f-76e8836f4c59:c1584, f9704f82-adf1-457c-ad29-9b573bc67fa6:c1582, 932806d8-5f5d-4457-8f95-c9b7f9036eae:c1582]
2019-08-07 03:27:11,154 INFO  client.GrpcClientProtocolClient (GrpcClientProtocolClient.java:onNext(255)) - client-23C834B07313->edccc055-c3f5-47df-b30f-76e8836f4c59: receive RaftClientReply:client-23C834B07313->edccc055-c3f5-47df-b30f-76e8836f4c59@group-ED32739C8BBB, cid=1149, SUCCESS, logIndex=1585, commits[edccc055-c3f5-47df-b30f-76e8836f4c59:c1586, f9704f82-adf1-457c-ad29-9b573bc67fa6:c1584, 932806d8-5f5d-4457-8f95-c9b7f9036eae:c1584]
2019-08-07 03:27:11,154 INFO  client.GrpcClientProtocolClient (GrpcClientProtocolClient.java:onNext(255)) - client-23C834B07313->edccc055-c3f5-47df-b30f-76e8836f4c59: receive RaftClientReply:client-23C834B07313->edccc055-c3f5-47df-b30f-76e8836f4c59@group-ED32739C8BBB, cid=1150, SUCCESS, logIndex=1586, commits[edccc055-c3f5-47df-b30f-76e8836f4c59:c1588, f9704f82-adf1-457c-ad29-9b573bc67fa6:c1584, 932806d8-5f5d-4457-8f95-c9b7f9036eae:c1584]
2019-08-07 03:27:11,155 INFO  client.GrpcClientProtocolClient (GrpcClientProtocolClient.java:onNext(255)) - client-23C834B07313->edccc055-c3f5-47df-b30f-76e8836f4c59: receive RaftClientReply:client-23C834B07313->edccc055-c3f5-47df-b30f-76e8836f4c59@group-ED32739C8BBB, cid=1151, SUCCESS, logIndex=1587, commits[edccc055-c3f5-47df-b30f-76e8836f4c59:c1588, f9704f82-adf1-457c-ad29-9b573bc67fa6:c1584, 932806d8-5f5d-4457-8f95-c9b7f9036eae:c1584]
2019-08-07 03:27:11,156 INFO  client.GrpcClientProtocolClient (GrpcClientProtocolClient.java:onNext(255)) - client-23C834B07313->edccc055-c3f5-47df-b30f-76e8836f4c59: receive RaftClientReply:client-23C834B07313->edccc055-c3f5-47df-b30f-76e8836f4c59@group-ED32739C8BBB, cid=1152, SUCCESS, logIndex=1588, commits[edccc055-c3f5-47df-b30f-76e8836f4c59:c1588, f9704f82-adf1-457c-ad29-9b573bc67fa6:c1584, 932806d8-5f5d-4457-8f95-c9b7f9036eae:c1584]
2019-08-07 03:27:11,168 INFO  client.GrpcClientProtocolClient (GrpcClientProtocolClient.java:onNext(255)) - client-23C834B07313->edccc055-c3f5-47df-b30f-76e8836f4c59: receive RaftClientReply:client-23C834B07313->edccc055-c3f5-47df-b30f-76e8836f4c59@group-ED32739C8BBB, cid=1153, SUCCESS, logIndex=0, commits[edccc055-c3f5-47df-b30f-76e8836f4c59:c1592, f9704f82-adf1-457c-ad29-9b573bc67fa6:c1588, 932806d8-5f5d-4457-8f95-c9b7f9036eae:c1586]
2019-08-07 03:27:11,192 INFO  client.GrpcClientProtocolClient (GrpcClientProtocolClient.java:onNext(255)) - client-23C834B07313->edccc055-c3f5-47df-b30f-76e8836f4c59: receive RaftClientReply:client-23C834B07313->edccc055-c3f5-47df-b30f-76e8836f4c59@group-ED32739C8BBB, cid=1154, SUCCESS, logIndex=1593, commits[edccc055-c3f5-47df-b30f-76e8836f4c59:c1594, f9704f82-adf1-457c-ad29-9b573bc67fa6:c1592, 932806d8-5f5d-4457-8f95-c9b7f9036eae:c1588]
2019-08-07 03:27:11,192 INFO  client.GrpcClientProtocolClient (GrpcClientProtocolClient.java:onNext(255)) - client-23C834B07313->edccc055-c3f5-47df-b30f-76e8836f4c59: receive RaftClientReply:client-23C834B07313->edccc055-c3f5-47df-b30f-76e8836f4c59@group-ED32739C8BBB, cid=1155, SUCCESS, logIndex=1594, commits[edccc055-c3f5-47df-b30f-76e8836f4c59:c1594, f9704f82-adf1-457c-ad29-9b573bc67fa6:c1592, 932806d8-5f5d-4457-8f95-c9b7f9036eae:c1592]
2019-08-07 03:27:11,207 INFO  client.GrpcClientProtocolClient (GrpcClientProtocolClient.java:onNext(255)) - client-23C834B07313->edccc055-c3f5-47df-b30f-76e8836f4c59: receive RaftClientReply:client-23C834B07313->edccc055-c3f5-47df-b30f-76e8836f4c59@group-ED32739C8BBB, cid=1156, SUCCESS, logIndex=1597, commits[edccc055-c3f5-47df-b30f-76e8836f4c59:c1598, f9704f82-adf1-457c-ad29-9b573bc67fa6:c1594, 932806d8-5f5d-4457-8f95-c9b7f9036eae:c1594]
2019-08-07 03:27:11,207 INFO  client.GrpcClientProtocolClient (GrpcClientProtocolClient.java:onNext(255)) - client-23C834B07313->edccc055-c3f5-47df-b30f-76e8836f4c59: receive RaftClientReply:client-23C834B07313->edccc055-c3f5-47df-b30f-76e8836f4c59@group-ED32739C8BBB, cid=1157, SUCCESS, logIndex=1598, commits[edccc055-c3f5-47df-b30f-76e8836f4c59:c1598, f9704f82-adf1-457c-ad29-9b573bc67fa6:c1594, 932806d8-5f5d-4457-8f95-c9b7f9036eae:c1594]
2019-08-07 03:27:11,228 INFO  client.GrpcClientProtocolClient (GrpcClientProtocolClient.java:onNext(255)) - client-23C834B07313->edccc055-c3f5-47df-b30f-76e8836f4c59: receive RaftClientReply:client-23C834B07313->edccc055-c3f5-47df-b30f-76e8836f4c59@group-ED32739C8BBB, cid=1158, SUCCESS, logIndex=0, commits[edccc055-c3f5-47df-b30f-76e8836f4c59:c1600, f9704f82-adf1-457c-ad29-9b573bc67fa6:c1598, 932806d8-5f5d-4457-8f95-c9b7f9036eae:c1598]
2019-08-07 03:27:11,250 INFO  client.GrpcClientProtocolClient (GrpcClientProtocolClient.java:onNext(255)) - client-23C834B07313->edccc055-c3f5-47df-b30f-76e8836f4c59: receive RaftClientReply:client-23C834B07313->edccc055-c3f5-47df-b30f-76e8836f4c59@group-ED32739C8BBB, cid=1159, SUCCESS, logIndex=1601, commits[edccc055-c3f5-47df-b30f-76e8836f4c59:c1602, f9704f82-adf1-457c-ad29-9b573bc67fa6:c1600, 932806d8-5f5d-4457-8f95-c9b7f9036eae:c1600]
2019-08-07 03:27:11,250 INFO  client.GrpcClientProtocolClient (GrpcClientProtocolClient.java:onNext(255)) - client-23C834B07313->edccc055-c3f5-47df-b30f-76e8836f4c59: receive RaftClientReply:client-23C834B07313->edccc055-c3f5-47df-b30f-76e8836f4c59@group-ED32739C8BBB, cid=1160, SUCCESS, logIndex=1602, commits[edccc055-c3f5-47df-b30f-76e8836f4c59:c1602, f9704f82-adf1-457c-ad29-9b573bc67fa6:c1600, 932806d8-5f5d-4457-8f95-c9b7f9036eae:c1600]
2019-08-07 03:27:11,259 INFO  client.GrpcClientProtocolClient (GrpcClientProtocolClient.java:onNext(255)) - client-23C834B07313->edccc055-c3f5-47df-b30f-76e8836f4c59: receive RaftClientReply:client-23C834B07313->edccc055-c3f5-47df-b30f-76e8836f4c59@group-ED32739C8BBB, cid=1161, SUCCESS, logIndex=1603, commits[edccc055-c3f5-47df-b30f-76e8836f4c59:c1604, f9704f82-adf1-457c-ad29-9b573bc67fa6:c1600, 932806d8-5f5d-4457-8f95-c9b7f9036eae:c1600]
2019-08-07 03:27:11,259 INFO  client.GrpcClientProtocolClient (GrpcClientProtocolClient.java:onNext(255)) - client-23C834B07313->edccc055-c3f5-47df-b30f-76e8836f4c59: receive RaftClientReply:client-23C834B07313->edccc055-c3f5-47df-b30f-76e8836f4c59@group-ED32739C8BBB, cid=1162, SUCCESS, logIndex=1604, commits[edccc055-c3f5-47df-b30f-76e8836f4c59:c1604, f9704f82-adf1-457c-ad29-9b573bc67fa6:c1600, 932806d8-5f5d-4457-8f95-c9b7f9036eae:c1600]
 0.00% |█                                                                                                    |  0/1 Time: 0:00:072019-08-07 03:27:11,275 INFO  client.GrpcClientProtocolClient (GrpcClientProtocolClient.java:onNext(255)) - client-23C834B07313->edccc055-c3f5-47df-b30f-76e8836f4c59: receive RaftClientReply:client-23C834B07313->edccc055-c3f5-47df-b30f-76e8836f4c59@group-ED32739C8BBB, cid=1163, SUCCESS, logIndex=0, commits[edccc055-c3f5-47df-b30f-76e8836f4c59:c1607, f9704f82-adf1-457c-ad29-9b573bc67fa6:c1602, 932806d8-5f5d-4457-8f95-c9b7f9036eae:c1602]
2019-08-07 03:27:11,294 INFO  client.GrpcClientProtocolClient (GrpcClientProtocolClient.java:onNext(255)) - client-23C834B07313->edccc055-c3f5-47df-b30f-76e8836f4c59: receive RaftClientReply:client-23C834B07313->edccc055-c3f5-47df-b30f-76e8836f4c59@group-ED32739C8BBB, cid=1164, SUCCESS, logIndex=1609, commits[edccc055-c3f5-47df-b30f-76e8836f4c59:c1610, f9704f82-adf1-457c-ad29-9b573bc67fa6:c1608, 932806d8-5f5d-4457-8f95-c9b7f9036eae:c1608]
2019-08-07 03:27:11,294 INFO  client.GrpcClientProtocolClient (GrpcClientProtocolClient.java:onNext(255)) - client-23C834B07313->edccc055-c3f5-47df-b30f-76e8836f4c59: receive RaftClientReply:client-23C834B07313->edccc055-c3f5-47df-b30f-76e8836f4c59@group-ED32739C8BBB, cid=1165, SUCCESS, logIndex=1610, commits[edccc055-c3f5-47df-b30f-76e8836f4c59:c1610, f9704f82-adf1-457c-ad29-9b573bc67fa6:c1608, 932806d8-5f5d-4457-8f95-c9b7f9036eae:c1608]
2019-08-07 03:27:11,321 INFO  client.GrpcClientProtocolClient (GrpcClientProtocolClient.java:onNext(255)) - client-23C834B07313->edccc055-c3f5-47df-b30f-76e8836f4c59: receive RaftClientReply:client-23C834B07313->edccc055-c3f5-47df-b30f-76e8836f4c59@group-ED32739C8BBB, cid=1166, SUCCESS, logIndex=1613, commits[edccc055-c3f5-47df-b30f-76e8836f4c59:c1614, f9704f82-adf1-457c-ad29-9b573bc67fa6:c1610, 932806d8-5f5d-4457-8f95-c9b7f9036eae:c1610]
2019-08-07 03:27:11,321 INFO  client.GrpcClientProtocolClient (GrpcClientProtocolClient.java:onNext(255)) - client-23C834B07313->edccc055-c3f5-47df-b30f-76e8836f4c59: receive RaftClientReply:client-23C834B07313->edccc055-c3f5-47df-b30f-76e8836f4c59@group-ED32739C8BBB, cid=1167, SUCCESS, logIndex=1614, commits[edccc055-c3f5-47df-b30f-76e8836f4c59:c1614, f9704f82-adf1-457c-ad29-9b573bc67fa6:c1610, 932806d8-5f5d-4457-8f95-c9b7f9036eae:c1610]
2019-08-07 03:27:11,348 INFO  client.GrpcClientProtocolClient (GrpcClientProtocolClient.java:onNext(255)) - client-23C834B07313->edccc055-c3f5-47df-b30f-76e8836f4c59: receive RaftClientReply:client-23C834B07313->edccc055-c3f5-47df-b30f-76e8836f4c59@group-ED32739C8BBB, cid=1168, SUCCESS, logIndex=0, commits[edccc055-c3f5-47df-b30f-76e8836f4c59:c1616, f9704f82-adf1-457c-ad29-9b573bc67fa6:c1614, 932806d8-5f5d-4457-8f95-c9b7f9036eae:c1614]
2019-08-07 03:27:11,367 INFO  client.GrpcClientProtocolClient (GrpcClientProtocolClient.java:onNext(255)) - client-23C834B07313->edccc055-c3f5-47df-b30f-76e8836f4c59: receive RaftClientReply:client-23C834B07313->edccc055-c3f5-47df-b30f-76e8836f4c59@group-ED32739C8BBB, cid=1169, SUCCESS, logIndex=1617, commits[edccc055-c3f5-47df-b30f-76e8836f4c59:c1618, f9704f82-adf1-457c-ad29-9b573bc67fa6:c1616, 932806d8-5f5d-4457-8f95-c9b7f9036eae:c1616]
2019-08-07 03:27:11,367 INFO  client.GrpcClientProtocolClient (GrpcClientProtocolClient.java:onNext(255)) - client-23C834B07313->edccc055-c3f5-47df-b30f-76e8836f4c59: receive RaftClientReply:client-23C834B07313->edccc055-c3f5-47df-b30f-76e8836f4c59@group-ED32739C8BBB, cid=1170, SUCCESS, logIndex=1618, commits[edccc055-c3f5-47df-b30f-76e8836f4c59:c1620, f9704f82-adf1-457c-ad29-9b573bc67fa6:c1616, 932806d8-5f5d-4457-8f95-c9b7f9036eae:c1616]
2019-08-07 03:27:11,368 INFO  client.GrpcClientProtocolClient (GrpcClientProtocolClient.java:onNext(255)) - client-23C834B07313->edccc055-c3f5-47df-b30f-76e8836f4c59: receive RaftClientReply:client-23C834B07313->edccc055-c3f5-47df-b30f-76e8836f4c59@group-ED32739C8BBB, cid=1171, SUCCESS, logIndex=1619, commits[edccc055-c3f5-47df-b30f-76e8836f4c59:c1620, f9704f82-adf1-457c-ad29-9b573bc67fa6:c1616, 932806d8-5f5d-4457-8f95-c9b7f9036eae:c1616]
2019-08-07 03:27:11,368 INFO  client.GrpcClientProtocolClient (GrpcClientProtocolClient.java:onNext(255)) - client-23C834B07313->edccc055-c3f5-47df-b30f-76e8836f4c59: receive RaftClientReply:client-23C834B07313->edccc055-c3f5-47df-b30f-76e8836f4c59@group-ED32739C8BBB, cid=1172, SUCCESS, logIndex=1620, commits[edccc055-c3f5-47df-b30f-76e8836f4c59:c1620, f9704f82-adf1-457c-ad29-9b573bc67fa6:c1616, 932806d8-5f5d-4457-8f95-c9b7f9036eae:c1616]
2019-08-07 03:27:11,381 INFO  client.GrpcClientProtocolClient (GrpcClientProtocolClient.java:onNext(255)) - client-23C834B07313->edccc055-c3f5-47df-b30f-76e8836f4c59: receive RaftClientReply:client-23C834B07313->edccc055-c3f5-47df-b30f-76e8836f4c59@group-ED32739C8BBB, cid=1173, SUCCESS, logIndex=0, commits[edccc055-c3f5-47df-b30f-76e8836f4c59:c1621, f9704f82-adf1-457c-ad29-9b573bc67fa6:c1618, 932806d8-5f5d-4457-8f95-c9b7f9036eae:c1618]
2019-08-07 03:27:11,393 INFO  client.GrpcClientProtocolClient (GrpcClientProtocolClient.java:onNext(255)) - client-23C834B07313->edccc055-c3f5-47df-b30f-76e8836f4c59: receive RaftClientReply:client-23C834B07313->edccc055-c3f5-47df-b30f-76e8836f4c59@group-ED32739C8BBB, cid=1174, SUCCESS, logIndex=1625, commits[edccc055-c3f5-47df-b30f-76e8836f4c59:c1626, f9704f82-adf1-457c-ad29-9b573bc67fa6:c1620, 932806d8-5f5d-4457-8f95-c9b7f9036eae:c1622]
2019-08-07 03:27:11,393 INFO  client.GrpcClientProtocolClient (GrpcClientProtocolClient.java:onNext(255)) - client-23C834B07313->edccc055-c3f5-47df-b30f-76e8836f4c59: receive RaftClientReply:client-23C834B07313->edccc055-c3f5-47df-b30f-76e8836f4c59@group-ED32739C8BBB, cid=1175, SUCCESS, logIndex=1626, commits[edccc055-c3f5-47df-b30f-76e8836f4c59:c1626, f9704f82-adf1-457c-ad29-9b573bc67fa6:c1622, 932806d8-5f5d-4457-8f95-c9b7f9036eae:c1622]
2019-08-07 03:27:11,423 INFO  client.GrpcClientProtocolClient (GrpcClientProtocolClient.java:onNext(255)) - client-23C834B07313->edccc055-c3f5-47df-b30f-76e8836f4c59: receive RaftClientReply:client-23C834B07313->edccc055-c3f5-47df-b30f-76e8836f4c59@group-ED32739C8BBB, cid=1176, SUCCESS, logIndex=1629, commits[edccc055-c3f5-47df-b30f-76e8836f4c59:c1630, f9704f82-adf1-457c-ad29-9b573bc67fa6:c1627, 932806d8-5f5d-4457-8f95-c9b7f9036eae:c1627]
2019-08-07 03:27:11,424 INFO  client.GrpcClientProtocolClient (GrpcClientProtocolClient.java:onNext(255)) - client-23C834B07313->edccc055-c3f5-47df-b30f-76e8836f4c59: receive RaftClientReply:client-23C834B07313->edccc055-c3f5-47df-b30f-76e8836f4c59@group-ED32739C8BBB, cid=1177, SUCCESS, logIndex=1630, commits[edccc055-c3f5-47df-b30f-76e8836f4c59:c1630, f9704f82-adf1-457c-ad29-9b573bc67fa6:c1627, 932806d8-5f5d-4457-8f95-c9b7f9036eae:c1627]
2019-08-07 03:27:11,435 INFO  client.GrpcClientProtocolClient (GrpcClientProtocolClient.java:onNext(255)) - client-23C834B07313->edccc055-c3f5-47df-b30f-76e8836f4c59: receive RaftClientReply:client-23C834B07313->edccc055-c3f5-47df-b30f-76e8836f4c59@group-ED32739C8BBB, cid=1178, SUCCESS, logIndex=0, commits[edccc055-c3f5-47df-b30f-76e8836f4c59:c1631, f9704f82-adf1-457c-ad29-9b573bc67fa6:c1630, 932806d8-5f5d-4457-8f95-c9b7f9036eae:c1630]
2019-08-07 03:27:11,456 INFO  client.GrpcClientProtocolClient (GrpcClientProtocolClient.java:onNext(255)) - client-23C834B07313->edccc055-c3f5-47df-b30f-76e8836f4c59: receive RaftClientReply:client-23C834B07313->edccc055-c3f5-47df-b30f-76e8836f4c59@group-ED32739C8BBB, cid=1179, SUCCESS, logIndex=1633, commits[edccc055-c3f5-47df-b30f-76e8836f4c59:c1634, f9704f82-adf1-457c-ad29-9b573bc67fa6:c1632, 932806d8-5f5d-4457-8f95-c9b7f9036eae:c1632]
2019-08-07 03:27:11,457 INFO  client.GrpcClientProtocolClient (GrpcClientProtocolClient.java:onNext(255)) - client-23C834B07313->edccc055-c3f5-47df-b30f-76e8836f4c59: receive RaftClientReply:client-23C834B07313->edccc055-c3f5-47df-b30f-76e8836f4c59@group-ED32739C8BBB, cid=1180, SUCCESS, logIndex=1634, commits[edccc055-c3f5-47df-b30f-76e8836f4c59:c1634, f9704f82-adf1-457c-ad29-9b573bc67fa6:c1632, 932806d8-5f5d-4457-8f95-c9b7f9036eae:c1632]
2019-08-07 03:27:11,468 INFO  client.GrpcClientProtocolClient (GrpcClientProtocolClient.java:onNext(255)) - client-23C834B07313->edccc055-c3f5-47df-b30f-76e8836f4c59: receive RaftClientReply:client-23C834B07313->edccc055-c3f5-47df-b30f-76e8836f4c59@group-ED32739C8BBB, cid=1181, SUCCESS, logIndex=1635, commits[edccc055-c3f5-47df-b30f-76e8836f4c59:c1636, f9704f82-adf1-457c-ad29-9b573bc67fa6:c1632, 932806d8-5f5d-4457-8f95-c9b7f9036eae:c1632]
2019-08-07 03:27:11,468 INFO  client.GrpcClientProtocolClient (GrpcClientProtocolClient.java:onNext(255)) - client-23C834B07313->edccc055-c3f5-47df-b30f-76e8836f4c59: receive RaftClientReply:client-23C834B07313->edccc055-c3f5-47df-b30f-76e8836f4c59@group-ED32739C8BBB, cid=1182, SUCCESS, logIndex=1636, commits[edccc055-c3f5-47df-b30f-76e8836f4c59:c1636, f9704f82-adf1-457c-ad29-9b573bc67fa6:c1632, 932806d8-5f5d-4457-8f95-c9b7f9036eae:c1632]
2019-08-07 03:27:11,471 INFO  client.GrpcClientProtocolClient (GrpcClientProtocolClient.java:onNext(255)) - client-23C834B07313->edccc055-c3f5-47df-b30f-76e8836f4c59: receive RaftClientReply:client-23C834B07313->edccc055-c3f5-47df-b30f-76e8836f4c59@group-ED32739C8BBB, cid=1183, SUCCESS, logIndex=0, commits[edccc055-c3f5-47df-b30f-76e8836f4c59:c1636, f9704f82-adf1-457c-ad29-9b573bc67fa6:c1634, 932806d8-5f5d-4457-8f95-c9b7f9036eae:c1634]
2019-08-07 03:27:11,495 INFO  client.GrpcClientProtocolClient (GrpcClientProtocolClient.java:onNext(255)) - client-23C834B07313->edccc055-c3f5-47df-b30f-76e8836f4c59: receive RaftClientReply:client-23C834B07313->edccc055-c3f5-47df-b30f-76e8836f4c59@group-ED32739C8BBB, cid=1184, SUCCESS, logIndex=1641, commits[edccc055-c3f5-47df-b30f-76e8836f4c59:c1641, f9704f82-adf1-457c-ad29-9b573bc67fa6:c1638, 932806d8-5f5d-4457-8f95-c9b7f9036eae:c1638]
2019-08-07 03:27:11,495 INFO  client.GrpcClientProtocolClient (GrpcClientProtocolClient.java:onNext(255)) - client-23C834B07313->edccc055-c3f5-47df-b30f-76e8836f4c59: receive RaftClientReply:client-23C834B07313->edccc055-c3f5-47df-b30f-76e8836f4c59@group-ED32739C8BBB, cid=1185, SUCCESS, logIndex=1642, commits[edccc055-c3f5-47df-b30f-76e8836f4c59:c1642, f9704f82-adf1-457c-ad29-9b573bc67fa6:c1638, 932806d8-5f5d-4457-8f95-c9b7f9036eae:c1638]
2019-08-07 03:27:11,522 INFO  client.GrpcClientProtocolClient (GrpcClientProtocolClient.java:onNext(255)) - client-23C834B07313->edccc055-c3f5-47df-b30f-76e8836f4c59: receive RaftClientReply:client-23C834B07313->edccc055-c3f5-47df-b30f-76e8836f4c59@group-ED32739C8BBB, cid=1186, SUCCESS, logIndex=1645, commits[edccc055-c3f5-47df-b30f-76e8836f4c59:c1646, f9704f82-adf1-457c-ad29-9b573bc67fa6:c1642, 932806d8-5f5d-4457-8f95-c9b7f9036eae:c1642]
2019-08-07 03:27:11,522 INFO  client.GrpcClientProtocolClient (GrpcClientProtocolClient.java:onNext(255)) - client-23C834B07313->edccc055-c3f5-47df-b30f-76e8836f4c59: receive RaftClientReply:client-23C834B07313->edccc055-c3f5-47df-b30f-76e8836f4c59@group-ED32739C8BBB, cid=1187, SUCCESS, logIndex=1646, commits[edccc055-c3f5-47df-b30f-76e8836f4c59:c1646, f9704f82-adf1-457c-ad29-9b573bc67fa6:c1642, 932806d8-5f5d-4457-8f95-c9b7f9036eae:c1642]
2019-08-07 03:27:11,539 INFO  client.GrpcClientProtocolClient (GrpcClientProtocolClient.java:onNext(255)) - client-23C834B07313->edccc055-c3f5-47df-b30f-76e8836f4c59: receive RaftClientReply:client-23C834B07313->edccc055-c3f5-47df-b30f-76e8836f4c59@group-ED32739C8BBB, cid=1188, SUCCESS, logIndex=0, commits[edccc055-c3f5-47df-b30f-76e8836f4c59:c1648, f9704f82-adf1-457c-ad29-9b573bc67fa6:c1646, 932806d8-5f5d-4457-8f95-c9b7f9036eae:c1646]
2019-08-07 03:27:11,553 INFO  client.GrpcClientProtocolClient (GrpcClientProtocolClient.java:onNext(255)) - client-23C834B07313->edccc055-c3f5-47df-b30f-76e8836f4c59: receive RaftClientReply:client-23C834B07313->edccc055-c3f5-47df-b30f-76e8836f4c59@group-ED32739C8BBB, cid=1189, SUCCESS, logIndex=1649, commits[edccc055-c3f5-47df-b30f-76e8836f4c59:c1650, f9704f82-adf1-457c-ad29-9b573bc67fa6:c1646, 932806d8-5f5d-4457-8f95-c9b7f9036eae:c1648]
2019-08-07 03:27:11,553 INFO  client.GrpcClientProtocolClient (GrpcClientProtocolClient.java:onNext(255)) - client-23C834B07313->edccc055-c3f5-47df-b30f-76e8836f4c59: receive RaftClientReply:client-23C834B07313->edccc055-c3f5-47df-b30f-76e8836f4c59@group-ED32739C8BBB, cid=1190, SUCCESS, logIndex=1650, commits[edccc055-c3f5-47df-b30f-76e8836f4c59:c1650, f9704f82-adf1-457c-ad29-9b573bc67fa6:c1646, 932806d8-5f5d-4457-8f95-c9b7f9036eae:c1648]
2019-08-07 03:27:11,557 INFO  client.GrpcClientProtocolClient (GrpcClientProtocolClient.java:onNext(255)) - client-23C834B07313->edccc055-c3f5-47df-b30f-76e8836f4c59: receive RaftClientReply:client-23C834B07313->edccc055-c3f5-47df-b30f-76e8836f4c59@group-ED32739C8BBB, cid=1191, SUCCESS, logIndex=1651, commits[edccc055-c3f5-47df-b30f-76e8836f4c59:c1653, f9704f82-adf1-457c-ad29-9b573bc67fa6:c1648, 932806d8-5f5d-4457-8f95-c9b7f9036eae:c1650]
2019-08-07 03:27:11,557 INFO  client.GrpcClientProtocolClient (GrpcClientProtocolClient.java:onNext(255)) - client-23C834B07313->edccc055-c3f5-47df-b30f-76e8836f4c59: receive RaftClientReply:client-23C834B07313->edccc055-c3f5-47df-b30f-76e8836f4c59@group-ED32739C8BBB, cid=1192, SUCCESS, logIndex=1652, commits[edccc055-c3f5-47df-b30f-76e8836f4c59:c1654, f9704f82-adf1-457c-ad29-9b573bc67fa6:c1650, 932806d8-5f5d-4457-8f95-c9b7f9036eae:c1650]
2019-08-07 03:27:11,584 INFO  client.GrpcClientProtocolClient (GrpcClientProtocolClient.java:onNext(255)) - client-23C834B07313->edccc055-c3f5-47df-b30f-76e8836f4c59: receive RaftClientReply:client-23C834B07313->edccc055-c3f5-47df-b30f-76e8836f4c59@group-ED32739C8BBB, cid=1193, SUCCESS, logIndex=1657, commits[edccc055-c3f5-47df-b30f-76e8836f4c59:c1658, f9704f82-adf1-457c-ad29-9b573bc67fa6:c1656, 932806d8-5f5d-4457-8f95-c9b7f9036eae:c1656]
2019-08-07 03:27:11,585 INFO  client.GrpcClientProtocolClient (GrpcClientProtocolClient.java:onNext(255)) - client-23C834B07313->edccc055-c3f5-47df-b30f-76e8836f4c59: receive RaftClientReply:client-23C834B07313->edccc055-c3f5-47df-b30f-76e8836f4c59@group-ED32739C8BBB, cid=1194, SUCCESS, logIndex=1658, commits[edccc055-c3f5-47df-b30f-76e8836f4c59:c1658, f9704f82-adf1-457c-ad29-9b573bc67fa6:c1656, 932806d8-5f5d-4457-8f95-c9b7f9036eae:c1656]
2019-08-07 03:27:11,600 INFO  client.GrpcClientProtocolClient (GrpcClientProtocolClient.java:onNext(255)) - client-23C834B07313->edccc055-c3f5-47df-b30f-76e8836f4c59: receive RaftClientReply:client-23C834B07313->edccc055-c3f5-47df-b30f-76e8836f4c59@group-ED32739C8BBB, cid=1195, SUCCESS, logIndex=1661, commits[edccc055-c3f5-47df-b30f-76e8836f4c59:c1662, f9704f82-adf1-457c-ad29-9b573bc67fa6:c1658, 932806d8-5f5d-4457-8f95-c9b7f9036eae:c1658]
2019-08-07 03:27:11,600 INFO  client.GrpcClientProtocolClient (GrpcClientProtocolClient.java:onNext(255)) - client-23C834B07313->edccc055-c3f5-47df-b30f-76e8836f4c59: receive RaftClientReply:client-23C834B07313->edccc055-c3f5-47df-b30f-76e8836f4c59@group-ED32739C8BBB, cid=1196, SUCCESS, logIndex=1662, commits[edccc055-c3f5-47df-b30f-76e8836f4c59:c1662, f9704f82-adf1-457c-ad29-9b573bc67fa6:c1658, 932806d8-5f5d-4457-8f95-c9b7f9036eae:c1658]
2019-08-07 03:27:11,623 INFO  client.GrpcClientProtocolClient (GrpcClientProtocolClient.java:onNext(255)) - client-23C834B07313->edccc055-c3f5-47df-b30f-76e8836f4c59: receive RaftClientReply:client-23C834B07313->edccc055-c3f5-47df-b30f-76e8836f4c59@group-ED32739C8BBB, cid=1197, SUCCESS, logIndex=0, commits[edccc055-c3f5-47df-b30f-76e8836f4c59:c1664, f9704f82-adf1-457c-ad29-9b573bc67fa6:c1662, 932806d8-5f5d-4457-8f95-c9b7f9036eae:c1662]
2019-08-07 03:27:11,645 INFO  client.GrpcClientProtocolClient (GrpcClientProtocolClient.java:onNext(255)) - client-23C834B07313->edccc055-c3f5-47df-b30f-76e8836f4c59: receive RaftClientReply:client-23C834B07313->edccc055-c3f5-47df-b30f-76e8836f4c59@group-ED32739C8BBB, cid=1198, SUCCESS, logIndex=1665, commits[edccc055-c3f5-47df-b30f-76e8836f4c59:c1666, f9704f82-adf1-457c-ad29-9b573bc67fa6:c1664, 932806d8-5f5d-4457-8f95-c9b7f9036eae:c1664]
2019-08-07 03:27:11,646 INFO  client.GrpcClientProtocolClient (GrpcClientProtocolClient.java:onNext(255)) - client-23C834B07313->edccc055-c3f5-47df-b30f-76e8836f4c59: receive RaftClientReply:client-23C834B07313->edccc055-c3f5-47df-b30f-76e8836f4c59@group-ED32739C8BBB, cid=1199, SUCCESS, logIndex=1666, commits[edccc055-c3f5-47df-b30f-76e8836f4c59:c1666, f9704f82-adf1-457c-ad29-9b573bc67fa6:c1664, 932806d8-5f5d-4457-8f95-c9b7f9036eae:c1664]
2019-08-07 03:27:11,648 INFO  client.GrpcClientProtocolClient (GrpcClientProtocolClient.java:onNext(255)) - client-23C834B07313->edccc055-c3f5-47df-b30f-76e8836f4c59: receive RaftClientReply:client-23C834B07313->edccc055-c3f5-47df-b30f-76e8836f4c59@group-ED32739C8BBB, cid=1200, SUCCESS, logIndex=1667, commits[edccc055-c3f5-47df-b30f-76e8836f4c59:c1667, f9704f82-adf1-457c-ad29-9b573bc67fa6:c1664, 932806d8-5f5d-4457-8f95-c9b7f9036eae:c1664]
2019-08-07 03:27:11,649 INFO  client.GrpcClientProtocolClient (GrpcClientProtocolClient.java:onNext(255)) - client-23C834B07313->edccc055-c3f5-47df-b30f-76e8836f4c59: receive RaftClientReply:client-23C834B07313->edccc055-c3f5-47df-b30f-76e8836f4c59@group-ED32739C8BBB, cid=1201, SUCCESS, logIndex=1668, commits[edccc055-c3f5-47df-b30f-76e8836f4c59:c1668, f9704f82-adf1-457c-ad29-9b573bc67fa6:c1664, 932806d8-5f5d-4457-8f95-c9b7f9036eae:c1664]
2019-08-07 03:27:11,660 INFO  client.GrpcClientProtocolClient (GrpcClientProtocolClient.java:onNext(255)) - client-23C834B07313->edccc055-c3f5-47df-b30f-76e8836f4c59: receive RaftClientReply:client-23C834B07313->edccc055-c3f5-47df-b30f-76e8836f4c59@group-ED32739C8BBB, cid=1202, SUCCESS, logIndex=0, commits[edccc055-c3f5-47df-b30f-76e8836f4c59:c1670, f9704f82-adf1-457c-ad29-9b573bc67fa6:c1666, 932806d8-5f5d-4457-8f95-c9b7f9036eae:c1666]
2019-08-07 03:27:11,683 INFO  client.GrpcClientProtocolClient (GrpcClientProtocolClient.java:onNext(255)) - client-23C834B07313->edccc055-c3f5-47df-b30f-76e8836f4c59: receive RaftClientReply:client-23C834B07313->edccc055-c3f5-47df-b30f-76e8836f4c59@group-ED32739C8BBB, cid=1203, SUCCESS, logIndex=1673, commits[edccc055-c3f5-47df-b30f-76e8836f4c59:c1673, f9704f82-adf1-457c-ad29-9b573bc67fa6:c1672, 932806d8-5f5d-4457-8f95-c9b7f9036eae:c1672]
2019-08-07 03:27:11,683 INFO  client.GrpcClientProtocolClient (GrpcClientProtocolClient.java:onNext(255)) - client-23C834B07313->edccc055-c3f5-47df-b30f-76e8836f4c59: receive RaftClientReply:client-23C834B07313->edccc055-c3f5-47df-b30f-76e8836f4c59@group-ED32739C8BBB, cid=1204, SUCCESS, logIndex=1674, commits[edccc055-c3f5-47df-b30f-76e8836f4c59:c1674, f9704f82-adf1-457c-ad29-9b573bc67fa6:c1672, 932806d8-5f5d-4457-8f95-c9b7f9036eae:c1672]
2019-08-07 03:27:11,708 INFO  client.GrpcClientProtocolClient (GrpcClientProtocolClient.java:onNext(255)) - client-23C834B07313->edccc055-c3f5-47df-b30f-76e8836f4c59: receive RaftClientReply:client-23C834B07313->edccc055-c3f5-47df-b30f-76e8836f4c59@group-ED32739C8BBB, cid=1205, SUCCESS, logIndex=1677, commits[edccc055-c3f5-47df-b30f-76e8836f4c59:c1678, f9704f82-adf1-457c-ad29-9b573bc67fa6:c1674, 932806d8-5f5d-4457-8f95-c9b7f9036eae:c1674]
2019-08-07 03:27:11,708 INFO  client.GrpcClientProtocolClient (GrpcClientProtocolClient.java:onNext(255)) - client-23C834B07313->edccc055-c3f5-47df-b30f-76e8836f4c59: receive RaftClientReply:client-23C834B07313->edccc055-c3f5-47df-b30f-76e8836f4c59@group-ED32739C8BBB, cid=1206, SUCCESS, logIndex=1678, commits[edccc055-c3f5-47df-b30f-76e8836f4c59:c1678, f9704f82-adf1-457c-ad29-9b573bc67fa6:c1674, 932806d8-5f5d-4457-8f95-c9b7f9036eae:c1674]
2019-08-07 03:27:11,824 INFO  client.GrpcClientProtocolClient (GrpcClientProtocolClient.java:onNext(255)) - client-23C834B07313->edccc055-c3f5-47df-b30f-76e8836f4c59: receive RaftClientReply:client-23C834B07313->edccc055-c3f5-47df-b30f-76e8836f4c59@group-ED32739C8BBB, cid=1207, SUCCESS, logIndex=0, commits[edccc055-c3f5-47df-b30f-76e8836f4c59:c1680, f9704f82-adf1-457c-ad29-9b573bc67fa6:c1678, 932806d8-5f5d-4457-8f95-c9b7f9036eae:c1678]
2019-08-07 03:27:11,847 INFO  client.GrpcClientProtocolClient (GrpcClientProtocolClient.java:onNext(255)) - client-23C834B07313->edccc055-c3f5-47df-b30f-76e8836f4c59: receive RaftClientReply:client-23C834B07313->edccc055-c3f5-47df-b30f-76e8836f4c59@group-ED32739C8BBB, cid=1208, SUCCESS, logIndex=1681, commits[edccc055-c3f5-47df-b30f-76e8836f4c59:c1682, f9704f82-adf1-457c-ad29-9b573bc67fa6:c1680, 932806d8-5f5d-4457-8f95-c9b7f9036eae:c1680]
2019-08-07 03:27:11,848 INFO  client.GrpcClientProtocolClient (GrpcClientProtocolClient.java:onNext(255)) - client-23C834B07313->edccc055-c3f5-47df-b30f-76e8836f4c59: receive RaftClientReply:client-23C834B07313->edccc055-c3f5-47df-b30f-76e8836f4c59@group-ED32739C8BBB, cid=1209, SUCCESS, logIndex=1682, commits[edccc055-c3f5-47df-b30f-76e8836f4c59:c1682, f9704f82-adf1-457c-ad29-9b573bc67fa6:c1680, 932806d8-5f5d-4457-8f95-c9b7f9036eae:c1680]
2019-08-07 03:27:11,849 INFO  client.GrpcClientProtocolClient (GrpcClientProtocolClient.java:onNext(255)) - client-23C834B07313->edccc055-c3f5-47df-b30f-76e8836f4c59: receive RaftClientReply:client-23C834B07313->edccc055-c3f5-47df-b30f-76e8836f4c59@group-ED32739C8BBB, cid=1210, SUCCESS, logIndex=1683, commits[edccc055-c3f5-47df-b30f-76e8836f4c59:c1684, f9704f82-adf1-457c-ad29-9b573bc67fa6:c1680, 932806d8-5f5d-4457-8f95-c9b7f9036eae:c1680]
2019-08-07 03:27:11,850 INFO  client.GrpcClientProtocolClient (GrpcClientProtocolClient.java:onNext(255)) - client-23C834B07313->edccc055-c3f5-47df-b30f-76e8836f4c59: receive RaftClientReply:client-23C834B07313->edccc055-c3f5-47df-b30f-76e8836f4c59@group-ED32739C8BBB, cid=1211, SUCCESS, logIndex=1684, commits[edccc055-c3f5-47df-b30f-76e8836f4c59:c1684, f9704f82-adf1-457c-ad29-9b573bc67fa6:c1680, 932806d8-5f5d-4457-8f95-c9b7f9036eae:c1680]
2019-08-07 03:27:11,862 INFO  client.GrpcClientProtocolClient (GrpcClientProtocolClient.java:onNext(255)) - client-23C834B07313->edccc055-c3f5-47df-b30f-76e8836f4c59: receive RaftClientReply:client-23C834B07313->edccc055-c3f5-47df-b30f-76e8836f4c59@group-ED32739C8BBB, cid=1212, SUCCESS, logIndex=0, commits[edccc055-c3f5-47df-b30f-76e8836f4c59:c1686, f9704f82-adf1-457c-ad29-9b573bc67fa6:c1682, 932806d8-5f5d-4457-8f95-c9b7f9036eae:c1682]
2019-08-07 03:27:11,884 INFO  client.GrpcClientProtocolClient (GrpcClientProtocolClient.java:onNext(255)) - client-23C834B07313->edccc055-c3f5-47df-b30f-76e8836f4c59: receive RaftClientReply:client-23C834B07313->edccc055-c3f5-47df-b30f-76e8836f4c59@group-ED32739C8BBB, cid=1213, SUCCESS, logIndex=1689, commits[edccc055-c3f5-47df-b30f-76e8836f4c59:c1690, f9704f82-adf1-457c-ad29-9b573bc67fa6:c1688, 932806d8-5f5d-4457-8f95-c9b7f9036eae:c1688]
2019-08-07 03:27:11,884 INFO  client.GrpcClientProtocolClient (GrpcClientProtocolClient.java:onNext(255)) - client-23C834B07313->edccc055-c3f5-47df-b30f-76e8836f4c59: receive RaftClientReply:client-23C834B07313->edccc055-c3f5-47df-b30f-76e8836f4c59@group-ED32739C8BBB, cid=1214, SUCCESS, logIndex=1690, commits[edccc055-c3f5-47df-b30f-76e8836f4c59:c1690, f9704f82-adf1-457c-ad29-9b573bc67fa6:c1688, 932806d8-5f5d-4457-8f95-c9b7f9036eae:c1688]
2019-08-07 03:27:11,911 INFO  client.GrpcClientProtocolClient (GrpcClientProtocolClient.java:onNext(255)) - client-23C834B07313->edccc055-c3f5-47df-b30f-76e8836f4c59: receive RaftClientReply:client-23C834B07313->edccc055-c3f5-47df-b30f-76e8836f4c59@group-ED32739C8BBB, cid=1215, SUCCESS, logIndex=1693, commits[edccc055-c3f5-47df-b30f-76e8836f4c59:c1693, f9704f82-adf1-457c-ad29-9b573bc67fa6:c1690, 932806d8-5f5d-4457-8f95-c9b7f9036eae:c1690]
2019-08-07 03:27:11,912 INFO  client.GrpcClientProtocolClient (GrpcClientProtocolClient.java:onNext(255)) - client-23C834B07313->edccc055-c3f5-47df-b30f-76e8836f4c59: receive RaftClientReply:client-23C834B07313->edccc055-c3f5-47df-b30f-76e8836f4c59@group-ED32739C8BBB, cid=1216, SUCCESS, logIndex=1694, commits[edccc055-c3f5-47df-b30f-76e8836f4c59:c1694, f9704f82-adf1-457c-ad29-9b573bc67fa6:c1690, 932806d8-5f5d-4457-8f95-c9b7f9036eae:c1690]
2019-08-07 03:27:11,925 INFO  client.GrpcClientProtocolClient (GrpcClientProtocolClient.java:onNext(255)) - client-23C834B07313->edccc055-c3f5-47df-b30f-76e8836f4c59: receive RaftClientReply:client-23C834B07313->edccc055-c3f5-47df-b30f-76e8836f4c59@group-ED32739C8BBB, cid=1217, SUCCESS, logIndex=0, commits[edccc055-c3f5-47df-b30f-76e8836f4c59:c1696, f9704f82-adf1-457c-ad29-9b573bc67fa6:c1694, 932806d8-5f5d-4457-8f95-c9b7f9036eae:c1694]
2019-08-07 03:27:11,947 INFO  client.GrpcClientProtocolClient (GrpcClientProtocolClient.java:onNext(255)) - client-23C834B07313->edccc055-c3f5-47df-b30f-76e8836f4c59: receive RaftClientReply:client-23C834B07313->edccc055-c3f5-47df-b30f-76e8836f4c59@group-ED32739C8BBB, cid=1218, SUCCESS, logIndex=1697, commits[edccc055-c3f5-47df-b30f-76e8836f4c59:c1698, f9704f82-adf1-457c-ad29-9b573bc67fa6:c1696, 932806d8-5f5d-4457-8f95-c9b7f9036eae:c1696]
2019-08-07 03:27:11,947 INFO  client.GrpcClientProtocolClient (GrpcClientProtocolClient.java:onNext(255)) - client-23C834B07313->edccc055-c3f5-47df-b30f-76e8836f4c59: receive RaftClientReply:client-23C834B07313->edccc055-c3f5-47df-b30f-76e8836f4c59@group-ED32739C8BBB, cid=1219, SUCCESS, logIndex=1698, commits[edccc055-c3f5-47df-b30f-76e8836f4c59:c1698, f9704f82-adf1-457c-ad29-9b573bc67fa6:c1696, 932806d8-5f5d-4457-8f95-c9b7f9036eae:c1696]
2019-08-07 03:27:11,959 INFO  client.GrpcClientProtocolClient (GrpcClientProtocolClient.java:onNext(255)) - client-23C834B07313->edccc055-c3f5-47df-b30f-76e8836f4c59: receive RaftClientReply:client-23C834B07313->edccc055-c3f5-47df-b30f-76e8836f4c59@group-ED32739C8BBB, cid=1220, SUCCESS, logIndex=1699, commits[edccc055-c3f5-47df-b30f-76e8836f4c59:c1699, f9704f82-adf1-457c-ad29-9b573bc67fa6:c1696, 932806d8-5f5d-4457-8f95-c9b7f9036eae:c1696]
2019-08-07 03:27:11,960 INFO  client.GrpcClientProtocolClient (GrpcClientProtocolClient.java:onNext(255)) - client-23C834B07313->edccc055-c3f5-47df-b30f-76e8836f4c59: receive RaftClientReply:client-23C834B07313->edccc055-c3f5-47df-b30f-76e8836f4c59@group-ED32739C8BBB, cid=1221, SUCCESS, logIndex=1700, commits[edccc055-c3f5-47df-b30f-76e8836f4c59:c1700, f9704f82-adf1-457c-ad29-9b573bc67fa6:c1696, 932806d8-5f5d-4457-8f95-c9b7f9036eae:c1696]
2019-08-07 03:27:11,972 INFO  client.GrpcClientProtocolClient (GrpcClientProtocolClient.java:onNext(255)) - client-23C834B07313->edccc055-c3f5-47df-b30f-76e8836f4c59: receive RaftClientReply:client-23C834B07313->edccc055-c3f5-47df-b30f-76e8836f4c59@group-ED32739C8BBB, cid=1222, SUCCESS, logIndex=0, commits[edccc055-c3f5-47df-b30f-76e8836f4c59:c1702, f9704f82-adf1-457c-ad29-9b573bc67fa6:c1698, 932806d8-5f5d-4457-8f95-c9b7f9036eae:c1698]
2019-08-07 03:27:11,998 INFO  client.GrpcClientProtocolClient (GrpcClientProtocolClient.java:onNext(255)) - client-23C834B07313->edccc055-c3f5-47df-b30f-76e8836f4c59: receive RaftClientReply:client-23C834B07313->edccc055-c3f5-47df-b30f-76e8836f4c59@group-ED32739C8BBB, cid=1223, SUCCESS, logIndex=1705, commits[edccc055-c3f5-47df-b30f-76e8836f4c59:c1706, f9704f82-adf1-457c-ad29-9b573bc67fa6:c1702, 932806d8-5f5d-4457-8f95-c9b7f9036eae:c1702]
2019-08-07 03:27:11,998 INFO  client.GrpcClientProtocolClient (GrpcClientProtocolClient.java:onNext(255)) - client-23C834B07313->edccc055-c3f5-47df-b30f-76e8836f4c59: receive RaftClientReply:client-23C834B07313->edccc055-c3f5-47df-b30f-76e8836f4c59@group-ED32739C8BBB, cid=1224, SUCCESS, logIndex=1706, commits[edccc055-c3f5-47df-b30f-76e8836f4c59:c1706, f9704f82-adf1-457c-ad29-9b573bc67fa6:c1702, 932806d8-5f5d-4457-8f95-c9b7f9036eae:c1702]
2019-08-07 03:27:12,028 INFO  client.GrpcClientProtocolClient (GrpcClientProtocolClient.java:onNext(255)) - client-23C834B07313->edccc055-c3f5-47df-b30f-76e8836f4c59: receive RaftClientReply:client-23C834B07313->edccc055-c3f5-47df-b30f-76e8836f4c59@group-ED32739C8BBB, cid=1225, SUCCESS, logIndex=1709, commits[edccc055-c3f5-47df-b30f-76e8836f4c59:c1710, f9704f82-adf1-457c-ad29-9b573bc67fa6:c1706, 932806d8-5f5d-4457-8f95-c9b7f9036eae:c1706]
2019-08-07 03:27:12,029 INFO  client.GrpcClientProtocolClient (GrpcClientProtocolClient.java:onNext(255)) - client-23C834B07313->edccc055-c3f5-47df-b30f-76e8836f4c59: receive RaftClientReply:client-23C834B07313->edccc055-c3f5-47df-b30f-76e8836f4c59@group-ED32739C8BBB, cid=1226, SUCCESS, logIndex=1710, commits[edccc055-c3f5-47df-b30f-76e8836f4c59:c1710, f9704f82-adf1-457c-ad29-9b573bc67fa6:c1706, 932806d8-5f5d-4457-8f95-c9b7f9036eae:c1706]
2019-08-07 03:27:12,031 INFO  client.GrpcClientProtocolClient (GrpcClientProtocolClient.java:onNext(255)) - client-23C834B07313->edccc055-c3f5-47df-b30f-76e8836f4c59: receive RaftClientReply:client-23C834B07313->edccc055-c3f5-47df-b30f-76e8836f4c59@group-ED32739C8BBB, cid=1227, SUCCESS, logIndex=0, commits[edccc055-c3f5-47df-b30f-76e8836f4c59:c1711, f9704f82-adf1-457c-ad29-9b573bc67fa6:c1710, 932806d8-5f5d-4457-8f95-c9b7f9036eae:c1710]
2019-08-07 03:27:12,047 INFO  client.GrpcClientProtocolClient (GrpcClientProtocolClient.java:onNext(255)) - client-23C834B07313->edccc055-c3f5-47df-b30f-76e8836f4c59: receive RaftClientReply:client-23C834B07313->edccc055-c3f5-47df-b30f-76e8836f4c59@group-ED32739C8BBB, cid=1228, SUCCESS, logIndex=1713, commits[edccc055-c3f5-47df-b30f-76e8836f4c59:c1714, f9704f82-adf1-457c-ad29-9b573bc67fa6:c1712, 932806d8-5f5d-4457-8f95-c9b7f9036eae:c1710]
2019-08-07 03:27:12,048 INFO  client.GrpcClientProtocolClient (GrpcClientProtocolClient.java:onNext(255)) - client-23C834B07313->edccc055-c3f5-47df-b30f-76e8836f4c59: receive RaftClientReply:client-23C834B07313->edccc055-c3f5-47df-b30f-76e8836f4c59@group-ED32739C8BBB, cid=1229, SUCCESS, logIndex=1714, commits[edccc055-c3f5-47df-b30f-76e8836f4c59:c1714, f9704f82-adf1-457c-ad29-9b573bc67fa6:c1712, 932806d8-5f5d-4457-8f95-c9b7f9036eae:c1710]
2019-08-07 03:27:12,052 INFO  client.GrpcClientProtocolClient (GrpcClientProtocolClient.java:onNext(255)) - client-23C834B07313->edccc055-c3f5-47df-b30f-76e8836f4c59: receive RaftClientReply:client-23C834B07313->edccc055-c3f5-47df-b30f-76e8836f4c59@group-ED32739C8BBB, cid=1230, SUCCESS, logIndex=1715, commits[edccc055-c3f5-47df-b30f-76e8836f4c59:c1715, f9704f82-adf1-457c-ad29-9b573bc67fa6:c1712, 932806d8-5f5d-4457-8f95-c9b7f9036eae:c1710]
2019-08-07 03:27:12,052 INFO  client.GrpcClientProtocolClient (GrpcClientProtocolClient.java:onNext(255)) - client-23C834B07313->edccc055-c3f5-47df-b30f-76e8836f4c59: receive RaftClientReply:client-23C834B07313->edccc055-c3f5-47df-b30f-76e8836f4c59@group-ED32739C8BBB, cid=1231, SUCCESS, logIndex=1716, commits[edccc055-c3f5-47df-b30f-76e8836f4c59:c1718, f9704f82-adf1-457c-ad29-9b573bc67fa6:c1714, 932806d8-5f5d-4457-8f95-c9b7f9036eae:c1712]
2019-08-07 03:27:12,053 INFO  client.GrpcClientProtocolClient (GrpcClientProtocolClient.java:onNext(255)) - client-23C834B07313->edccc055-c3f5-47df-b30f-76e8836f4c59: receive RaftClientReply:client-23C834B07313->edccc055-c3f5-47df-b30f-76e8836f4c59@group-ED32739C8BBB, cid=1232, SUCCESS, logIndex=0, commits[edccc055-c3f5-47df-b30f-76e8836f4c59:c1719, f9704f82-adf1-457c-ad29-9b573bc67fa6:c1715, 932806d8-5f5d-4457-8f95-c9b7f9036eae:c1714]
2019-08-07 03:27:12,098 INFO  client.GrpcClientProtocolClient (GrpcClientProtocolClient.java:onNext(255)) - client-23C834B07313->edccc055-c3f5-47df-b30f-76e8836f4c59: receive RaftClientReply:client-23C834B07313->edccc055-c3f5-47df-b30f-76e8836f4c59@group-ED32739C8BBB, cid=1233, SUCCESS, logIndex=1721, commits[edccc055-c3f5-47df-b30f-76e8836f4c59:c1722, f9704f82-adf1-457c-ad29-9b573bc67fa6:c1720, 932806d8-5f5d-4457-8f95-c9b7f9036eae:c1720]
2019-08-07 03:27:12,098 INFO  client.GrpcClientProtocolClient (GrpcClientProtocolClient.java:onNext(255)) - client-23C834B07313->edccc055-c3f5-47df-b30f-76e8836f4c59: receive RaftClientReply:client-23C834B07313->edccc055-c3f5-47df-b30f-76e8836f4c59@group-ED32739C8BBB, cid=1234, SUCCESS, logIndex=1722, commits[edccc055-c3f5-47df-b30f-76e8836f4c59:c1722, f9704f82-adf1-457c-ad29-9b573bc67fa6:c1720, 932806d8-5f5d-4457-8f95-c9b7f9036eae:c1720]
2019-08-07 03:27:12,124 INFO  client.GrpcClientProtocolClient (GrpcClientProtocolClient.java:onNext(255)) - client-23C834B07313->edccc055-c3f5-47df-b30f-76e8836f4c59: receive RaftClientReply:client-23C834B07313->edccc055-c3f5-47df-b30f-76e8836f4c59@group-ED32739C8BBB, cid=1235, SUCCESS, logIndex=1725, commits[edccc055-c3f5-47df-b30f-76e8836f4c59:c1725, f9704f82-adf1-457c-ad29-9b573bc67fa6:c1722, 932806d8-5f5d-4457-8f95-c9b7f9036eae:c1722]
2019-08-07 03:27:12,124 INFO  client.GrpcClientProtocolClient (GrpcClientProtocolClient.java:onNext(255)) - client-23C834B07313->edccc055-c3f5-47df-b30f-76e8836f4c59: receive RaftClientReply:client-23C834B07313->edccc055-c3f5-47df-b30f-76e8836f4c59@group-ED32739C8BBB, cid=1236, SUCCESS, logIndex=1726, commits[edccc055-c3f5-47df-b30f-76e8836f4c59:c1726, f9704f82-adf1-457c-ad29-9b573bc67fa6:c1722, 932806d8-5f5d-4457-8f95-c9b7f9036eae:c1722]
2019-08-07 03:27:12,158 INFO  client.GrpcClientProtocolClient (GrpcClientProtocolClient.java:onNext(255)) - client-23C834B07313->edccc055-c3f5-47df-b30f-76e8836f4c59: receive RaftClientReply:client-23C834B07313->edccc055-c3f5-47df-b30f-76e8836f4c59@group-ED32739C8BBB, cid=1237, SUCCESS, logIndex=0, commits[edccc055-c3f5-47df-b30f-76e8836f4c59:c1728, f9704f82-adf1-457c-ad29-9b573bc67fa6:c1726, 932806d8-5f5d-4457-8f95-c9b7f9036eae:c1726]
2019-08-07 03:27:12,208 INFO  client.GrpcClientProtocolClient (GrpcClientProtocolClient.java:onNext(255)) - client-23C834B07313->edccc055-c3f5-47df-b30f-76e8836f4c59: receive RaftClientReply:client-23C834B07313->edccc055-c3f5-47df-b30f-76e8836f4c59@group-ED32739C8BBB, cid=1238, SUCCESS, logIndex=1729, commits[edccc055-c3f5-47df-b30f-76e8836f4c59:c1731, f9704f82-adf1-457c-ad29-9b573bc67fa6:c1728, 932806d8-5f5d-4457-8f95-c9b7f9036eae:c1728]
2019-08-07 03:27:12,208 INFO  client.GrpcClientProtocolClient (GrpcClientProtocolClient.java:onNext(255)) - client-23C834B07313->edccc055-c3f5-47df-b30f-76e8836f4c59: receive RaftClientReply:client-23C834B07313->edccc055-c3f5-47df-b30f-76e8836f4c59@group-ED32739C8BBB, cid=1239, SUCCESS, logIndex=1730, commits[edccc055-c3f5-47df-b30f-76e8836f4c59:c1732, f9704f82-adf1-457c-ad29-9b573bc67fa6:c1728, 932806d8-5f5d-4457-8f95-c9b7f9036eae:c1728]
2019-08-07 03:27:12,209 INFO  client.GrpcClientProtocolClient (GrpcClientProtocolClient.java:onNext(255)) - client-23C834B07313->edccc055-c3f5-47df-b30f-76e8836f4c59: receive RaftClientReply:client-23C834B07313->edccc055-c3f5-47df-b30f-76e8836f4c59@group-ED32739C8BBB, cid=1240, SUCCESS, logIndex=1731, commits[edccc055-c3f5-47df-b30f-76e8836f4c59:c1732, f9704f82-adf1-457c-ad29-9b573bc67fa6:c1728, 932806d8-5f5d-4457-8f95-c9b7f9036eae:c1728]
2019-08-07 03:27:12,209 INFO  client.GrpcClientProtocolClient (GrpcClientProtocolClient.java:onNext(255)) - client-23C834B07313->edccc055-c3f5-47df-b30f-76e8836f4c59: receive RaftClientReply:client-23C834B07313->edccc055-c3f5-47df-b30f-76e8836f4c59@group-ED32739C8BBB, cid=1241, SUCCESS, logIndex=1732, commits[edccc055-c3f5-47df-b30f-76e8836f4c59:c1732, f9704f82-adf1-457c-ad29-9b573bc67fa6:c1728, 932806d8-5f5d-4457-8f95-c9b7f9036eae:c1728]
2019-08-07 03:27:12,224 INFO  client.GrpcClientProtocolClient (GrpcClientProtocolClient.java:onNext(255)) - client-23C834B07313->edccc055-c3f5-47df-b30f-76e8836f4c59: receive RaftClientReply:client-23C834B07313->edccc055-c3f5-47df-b30f-76e8836f4c59@group-ED32739C8BBB, cid=1242, SUCCESS, logIndex=0, commits[edccc055-c3f5-47df-b30f-76e8836f4c59:c1736, f9704f82-adf1-457c-ad29-9b573bc67fa6:c1730, 932806d8-5f5d-4457-8f95-c9b7f9036eae:c1732]
2019-08-07 03:27:12,248 INFO  client.GrpcClientProtocolClient (GrpcClientProtocolClient.java:onNext(255)) - client-23C834B07313->edccc055-c3f5-47df-b30f-76e8836f4c59: receive RaftClientReply:client-23C834B07313->edccc055-c3f5-47df-b30f-76e8836f4c59@group-ED32739C8BBB, cid=1243, SUCCESS, logIndex=1737, commits[edccc055-c3f5-47df-b30f-76e8836f4c59:c1738, f9704f82-adf1-457c-ad29-9b573bc67fa6:c1736, 932806d8-5f5d-4457-8f95-c9b7f9036eae:c1736]
2019-08-07 03:27:12,248 INFO  client.GrpcClientProtocolClient (GrpcClientProtocolClient.java:onNext(255)) - client-23C834B07313->edccc055-c3f5-47df-b30f-76e8836f4c59: receive RaftClientReply:client-23C834B07313->edccc055-c3f5-47df-b30f-76e8836f4c59@group-ED32739C8BBB, cid=1244, SUCCESS, logIndex=1738, commits[edccc055-c3f5-47df-b30f-76e8836f4c59:c1738, f9704f82-adf1-457c-ad29-9b573bc67fa6:c1736, 932806d8-5f5d-4457-8f95-c9b7f9036eae:c1736]
 0.00% |█                                                                                                    |  0/1 Time: 0:00:082019-08-07 03:27:12,270 INFO  client.GrpcClientProtocolClient (GrpcClientProtocolClient.java:onNext(255)) - client-23C834B07313->edccc055-c3f5-47df-b30f-76e8836f4c59: receive RaftClientReply:client-23C834B07313->edccc055-c3f5-47df-b30f-76e8836f4c59@group-ED32739C8BBB, cid=1245, SUCCESS, logIndex=1741, commits[edccc055-c3f5-47df-b30f-76e8836f4c59:c1742, f9704f82-adf1-457c-ad29-9b573bc67fa6:c1738, 932806d8-5f5d-4457-8f95-c9b7f9036eae:c1738]
2019-08-07 03:27:12,270 INFO  client.GrpcClientProtocolClient (GrpcClientProtocolClient.java:onNext(255)) - client-23C834B07313->edccc055-c3f5-47df-b30f-76e8836f4c59: receive RaftClientReply:client-23C834B07313->edccc055-c3f5-47df-b30f-76e8836f4c59@group-ED32739C8BBB, cid=1246, SUCCESS, logIndex=1742, commits[edccc055-c3f5-47df-b30f-76e8836f4c59:c1742, f9704f82-adf1-457c-ad29-9b573bc67fa6:c1738, 932806d8-5f5d-4457-8f95-c9b7f9036eae:c1738]
2019-08-07 03:27:12,272 INFO  client.GrpcClientProtocolClient (GrpcClientProtocolClient.java:onNext(255)) - client-23C834B07313->edccc055-c3f5-47df-b30f-76e8836f4c59: receive RaftClientReply:client-23C834B07313->edccc055-c3f5-47df-b30f-76e8836f4c59@group-ED32739C8BBB, cid=1247, SUCCESS, logIndex=0, commits[edccc055-c3f5-47df-b30f-76e8836f4c59:c1743, f9704f82-adf1-457c-ad29-9b573bc67fa6:c1742, 932806d8-5f5d-4457-8f95-c9b7f9036eae:c1742]
2019-08-07 03:27:12,308 INFO  client.GrpcClientProtocolClient (GrpcClientProtocolClient.java:onNext(255)) - client-23C834B07313->edccc055-c3f5-47df-b30f-76e8836f4c59: receive RaftClientReply:client-23C834B07313->edccc055-c3f5-47df-b30f-76e8836f4c59@group-ED32739C8BBB, cid=1248, SUCCESS, logIndex=1745, commits[edccc055-c3f5-47df-b30f-76e8836f4c59:c1746, f9704f82-adf1-457c-ad29-9b573bc67fa6:c1744, 932806d8-5f5d-4457-8f95-c9b7f9036eae:c1744]
2019-08-07 03:27:12,308 INFO  client.GrpcClientProtocolClient (GrpcClientProtocolClient.java:onNext(255)) - client-23C834B07313->edccc055-c3f5-47df-b30f-76e8836f4c59: receive RaftClientReply:client-23C834B07313->edccc055-c3f5-47df-b30f-76e8836f4c59@group-ED32739C8BBB, cid=1249, SUCCESS, logIndex=1746, commits[edccc055-c3f5-47df-b30f-76e8836f4c59:c1746, f9704f82-adf1-457c-ad29-9b573bc67fa6:c1744, 932806d8-5f5d-4457-8f95-c9b7f9036eae:c1744]
2019-08-07 03:27:12,309 INFO  client.GrpcClientProtocolClient (GrpcClientProtocolClient.java:onNext(255)) - client-23C834B07313->edccc055-c3f5-47df-b30f-76e8836f4c59: receive RaftClientReply:client-23C834B07313->edccc055-c3f5-47df-b30f-76e8836f4c59@group-ED32739C8BBB, cid=1250, SUCCESS, logIndex=1747, commits[edccc055-c3f5-47df-b30f-76e8836f4c59:c1748, f9704f82-adf1-457c-ad29-9b573bc67fa6:c1744, 932806d8-5f5d-4457-8f95-c9b7f9036eae:c1744]
2019-08-07 03:27:12,309 INFO  client.GrpcClientProtocolClient (GrpcClientProtocolClient.java:onNext(255)) - client-23C834B07313->edccc055-c3f5-47df-b30f-76e8836f4c59: receive RaftClientReply:client-23C834B07313->edccc055-c3f5-47df-b30f-76e8836f4c59@group-ED32739C8BBB, cid=1251, SUCCESS, logIndex=1748, commits[edccc055-c3f5-47df-b30f-76e8836f4c59:c1748, f9704f82-adf1-457c-ad29-9b573bc67fa6:c1744, 932806d8-5f5d-4457-8f95-c9b7f9036eae:c1744]
2019-08-07 03:27:12,323 INFO  client.GrpcClientProtocolClient (GrpcClientProtocolClient.java:onNext(255)) - client-23C834B07313->edccc055-c3f5-47df-b30f-76e8836f4c59: receive RaftClientReply:client-23C834B07313->edccc055-c3f5-47df-b30f-76e8836f4c59@group-ED32739C8BBB, cid=1252, SUCCESS, logIndex=0, commits[edccc055-c3f5-47df-b30f-76e8836f4c59:c1750, f9704f82-adf1-457c-ad29-9b573bc67fa6:c1746, 932806d8-5f5d-4457-8f95-c9b7f9036eae:c1746]
2019-08-07 03:27:12,336 INFO  client.GrpcClientProtocolClient (GrpcClientProtocolClient.java:onNext(255)) - client-23C834B07313->edccc055-c3f5-47df-b30f-76e8836f4c59: receive RaftClientReply:client-23C834B07313->edccc055-c3f5-47df-b30f-76e8836f4c59@group-ED32739C8BBB, cid=1253, SUCCESS, logIndex=1753, commits[edccc055-c3f5-47df-b30f-76e8836f4c59:c1754, f9704f82-adf1-457c-ad29-9b573bc67fa6:c1752, 932806d8-5f5d-4457-8f95-c9b7f9036eae:c1748]
2019-08-07 03:27:12,336 INFO  client.GrpcClientProtocolClient (GrpcClientProtocolClient.java:onNext(255)) - client-23C834B07313->edccc055-c3f5-47df-b30f-76e8836f4c59: receive RaftClientReply:client-23C834B07313->edccc055-c3f5-47df-b30f-76e8836f4c59@group-ED32739C8BBB, cid=1254, SUCCESS, logIndex=1754, commits[edccc055-c3f5-47df-b30f-76e8836f4c59:c1754, f9704f82-adf1-457c-ad29-9b573bc67fa6:c1752, 932806d8-5f5d-4457-8f95-c9b7f9036eae:c1752]
2019-08-07 03:27:12,363 INFO  client.GrpcClientProtocolClient (GrpcClientProtocolClient.java:onNext(255)) - client-23C834B07313->edccc055-c3f5-47df-b30f-76e8836f4c59: receive RaftClientReply:client-23C834B07313->edccc055-c3f5-47df-b30f-76e8836f4c59@group-ED32739C8BBB, cid=1255, SUCCESS, logIndex=1757, commits[edccc055-c3f5-47df-b30f-76e8836f4c59:c1758, f9704f82-adf1-457c-ad29-9b573bc67fa6:c1755, 932806d8-5f5d-4457-8f95-c9b7f9036eae:c1755]
2019-08-07 03:27:12,363 INFO  client.GrpcClientProtocolClient (GrpcClientProtocolClient.java:onNext(255)) - client-23C834B07313->edccc055-c3f5-47df-b30f-76e8836f4c59: receive RaftClientReply:client-23C834B07313->edccc055-c3f5-47df-b30f-76e8836f4c59@group-ED32739C8BBB, cid=1256, SUCCESS, logIndex=1758, commits[edccc055-c3f5-47df-b30f-76e8836f4c59:c1758, f9704f82-adf1-457c-ad29-9b573bc67fa6:c1755, 932806d8-5f5d-4457-8f95-c9b7f9036eae:c1755]
2019-08-07 03:27:12,394 INFO  client.GrpcClientProtocolClient (GrpcClientProtocolClient.java:onNext(255)) - client-23C834B07313->edccc055-c3f5-47df-b30f-76e8836f4c59: receive RaftClientReply:client-23C834B07313->edccc055-c3f5-47df-b30f-76e8836f4c59@group-ED32739C8BBB, cid=1257, SUCCESS, logIndex=0, commits[edccc055-c3f5-47df-b30f-76e8836f4c59:c1760, f9704f82-adf1-457c-ad29-9b573bc67fa6:c1758, 932806d8-5f5d-4457-8f95-c9b7f9036eae:c1758]
2019-08-07 03:27:12,429 INFO  client.GrpcClientProtocolClient (GrpcClientProtocolClient.java:onNext(255)) - client-23C834B07313->edccc055-c3f5-47df-b30f-76e8836f4c59: receive RaftClientReply:client-23C834B07313->edccc055-c3f5-47df-b30f-76e8836f4c59@group-ED32739C8BBB, cid=1258, SUCCESS, logIndex=1761, commits[edccc055-c3f5-47df-b30f-76e8836f4c59:c1764, f9704f82-adf1-457c-ad29-9b573bc67fa6:c1760, 932806d8-5f5d-4457-8f95-c9b7f9036eae:c1760]
2019-08-07 03:27:12,430 INFO  client.GrpcClientProtocolClient (GrpcClientProtocolClient.java:onNext(255)) - client-23C834B07313->edccc055-c3f5-47df-b30f-76e8836f4c59: receive RaftClientReply:client-23C834B07313->edccc055-c3f5-47df-b30f-76e8836f4c59@group-ED32739C8BBB, cid=1259, SUCCESS, logIndex=1762, commits[edccc055-c3f5-47df-b30f-76e8836f4c59:c1764, f9704f82-adf1-457c-ad29-9b573bc67fa6:c1760, 932806d8-5f5d-4457-8f95-c9b7f9036eae:c1760]
2019-08-07 03:27:12,431 INFO  client.GrpcClientProtocolClient (GrpcClientProtocolClient.java:onNext(255)) - client-23C834B07313->edccc055-c3f5-47df-b30f-76e8836f4c59: receive RaftClientReply:client-23C834B07313->edccc055-c3f5-47df-b30f-76e8836f4c59@group-ED32739C8BBB, cid=1260, SUCCESS, logIndex=1763, commits[edccc055-c3f5-47df-b30f-76e8836f4c59:c1764, f9704f82-adf1-457c-ad29-9b573bc67fa6:c1760, 932806d8-5f5d-4457-8f95-c9b7f9036eae:c1760]
2019-08-07 03:27:12,431 INFO  client.GrpcClientProtocolClient (GrpcClientProtocolClient.java:onNext(255)) - client-23C834B07313->edccc055-c3f5-47df-b30f-76e8836f4c59: receive RaftClientReply:client-23C834B07313->edccc055-c3f5-47df-b30f-76e8836f4c59@group-ED32739C8BBB, cid=1261, SUCCESS, logIndex=1764, commits[edccc055-c3f5-47df-b30f-76e8836f4c59:c1764, f9704f82-adf1-457c-ad29-9b573bc67fa6:c1760, 932806d8-5f5d-4457-8f95-c9b7f9036eae:c1760]
2019-08-07 03:27:12,445 INFO  client.GrpcClientProtocolClient (GrpcClientProtocolClient.java:onNext(255)) - client-23C834B07313->edccc055-c3f5-47df-b30f-76e8836f4c59: receive RaftClientReply:client-23C834B07313->edccc055-c3f5-47df-b30f-76e8836f4c59@group-ED32739C8BBB, cid=1262, SUCCESS, logIndex=0, commits[edccc055-c3f5-47df-b30f-76e8836f4c59:c1766, f9704f82-adf1-457c-ad29-9b573bc67fa6:c1762, 932806d8-5f5d-4457-8f95-c9b7f9036eae:c1762]
2019-08-07 03:27:12,467 INFO  client.GrpcClientProtocolClient (GrpcClientProtocolClient.java:onNext(255)) - client-23C834B07313->edccc055-c3f5-47df-b30f-76e8836f4c59: receive RaftClientReply:client-23C834B07313->edccc055-c3f5-47df-b30f-76e8836f4c59@group-ED32739C8BBB, cid=1263, SUCCESS, logIndex=1769, commits[edccc055-c3f5-47df-b30f-76e8836f4c59:c1770, f9704f82-adf1-457c-ad29-9b573bc67fa6:c1768, 932806d8-5f5d-4457-8f95-c9b7f9036eae:c1768]
2019-08-07 03:27:12,467 INFO  client.GrpcClientProtocolClient (GrpcClientProtocolClient.java:onNext(255)) - client-23C834B07313->edccc055-c3f5-47df-b30f-76e8836f4c59: receive RaftClientReply:client-23C834B07313->edccc055-c3f5-47df-b30f-76e8836f4c59@group-ED32739C8BBB, cid=1264, SUCCESS, logIndex=1770, commits[edccc055-c3f5-47df-b30f-76e8836f4c59:c1770, f9704f82-adf1-457c-ad29-9b573bc67fa6:c1768, 932806d8-5f5d-4457-8f95-c9b7f9036eae:c1768]
2019-08-07 03:27:12,491 INFO  client.GrpcClientProtocolClient (GrpcClientProtocolClient.java:onNext(255)) - client-23C834B07313->edccc055-c3f5-47df-b30f-76e8836f4c59: receive RaftClientReply:client-23C834B07313->edccc055-c3f5-47df-b30f-76e8836f4c59@group-ED32739C8BBB, cid=1265, SUCCESS, logIndex=1773, commits[edccc055-c3f5-47df-b30f-76e8836f4c59:c1774, f9704f82-adf1-457c-ad29-9b573bc67fa6:c1770, 932806d8-5f5d-4457-8f95-c9b7f9036eae:c1770]
2019-08-07 03:27:12,491 INFO  client.GrpcClientProtocolClient (GrpcClientProtocolClient.java:onNext(255)) - client-23C834B07313->edccc055-c3f5-47df-b30f-76e8836f4c59: receive RaftClientReply:client-23C834B07313->edccc055-c3f5-47df-b30f-76e8836f4c59@group-ED32739C8BBB, cid=1266, SUCCESS, logIndex=1774, commits[edccc055-c3f5-47df-b30f-76e8836f4c59:c1774, f9704f82-adf1-457c-ad29-9b573bc67fa6:c1770, 932806d8-5f5d-4457-8f95-c9b7f9036eae:c1770]
2019-08-07 03:27:12,503 INFO  client.GrpcClientProtocolClient (GrpcClientProtocolClient.java:onNext(255)) - client-23C834B07313->edccc055-c3f5-47df-b30f-76e8836f4c59: receive RaftClientReply:client-23C834B07313->edccc055-c3f5-47df-b30f-76e8836f4c59@group-ED32739C8BBB, cid=1267, SUCCESS, logIndex=0, commits[edccc055-c3f5-47df-b30f-76e8836f4c59:c1775, f9704f82-adf1-457c-ad29-9b573bc67fa6:c1774, 932806d8-5f5d-4457-8f95-c9b7f9036eae:c1774]
2019-08-07 03:27:12,544 INFO  client.GrpcClientProtocolClient (GrpcClientProtocolClient.java:onNext(255)) - client-23C834B07313->edccc055-c3f5-47df-b30f-76e8836f4c59: receive RaftClientReply:client-23C834B07313->edccc055-c3f5-47df-b30f-76e8836f4c59@group-ED32739C8BBB, cid=1268, SUCCESS, logIndex=1777, commits[edccc055-c3f5-47df-b30f-76e8836f4c59:c1777, f9704f82-adf1-457c-ad29-9b573bc67fa6:c1776, 932806d8-5f5d-4457-8f95-c9b7f9036eae:c1776]
2019-08-07 03:27:12,545 INFO  client.GrpcClientProtocolClient (GrpcClientProtocolClient.java:onNext(255)) - client-23C834B07313->edccc055-c3f5-47df-b30f-76e8836f4c59: receive RaftClientReply:client-23C834B07313->edccc055-c3f5-47df-b30f-76e8836f4c59@group-ED32739C8BBB, cid=1269, SUCCESS, logIndex=1778, commits[edccc055-c3f5-47df-b30f-76e8836f4c59:c1778, f9704f82-adf1-457c-ad29-9b573bc67fa6:c1776, 932806d8-5f5d-4457-8f95-c9b7f9036eae:c1776]
2019-08-07 03:27:12,558 INFO  client.GrpcClientProtocolClient (GrpcClientProtocolClient.java:onNext(255)) - client-23C834B07313->edccc055-c3f5-47df-b30f-76e8836f4c59: receive RaftClientReply:client-23C834B07313->edccc055-c3f5-47df-b30f-76e8836f4c59@group-ED32739C8BBB, cid=1270, SUCCESS, logIndex=1779, commits[edccc055-c3f5-47df-b30f-76e8836f4c59:c1780, f9704f82-adf1-457c-ad29-9b573bc67fa6:c1776, 932806d8-5f5d-4457-8f95-c9b7f9036eae:c1776]
2019-08-07 03:27:12,559 INFO  client.GrpcClientProtocolClient (GrpcClientProtocolClient.java:onNext(255)) - client-23C834B07313->edccc055-c3f5-47df-b30f-76e8836f4c59: receive RaftClientReply:client-23C834B07313->edccc055-c3f5-47df-b30f-76e8836f4c59@group-ED32739C8BBB, cid=1271, SUCCESS, logIndex=1780, commits[edccc055-c3f5-47df-b30f-76e8836f4c59:c1780, f9704f82-adf1-457c-ad29-9b573bc67fa6:c1776, 932806d8-5f5d-4457-8f95-c9b7f9036eae:c1776]
2019-08-07 03:27:12,570 INFO  client.GrpcClientProtocolClient (GrpcClientProtocolClient.java:onNext(255)) - client-23C834B07313->edccc055-c3f5-47df-b30f-76e8836f4c59: receive RaftClientReply:client-23C834B07313->edccc055-c3f5-47df-b30f-76e8836f4c59@group-ED32739C8BBB, cid=1272, SUCCESS, logIndex=0, commits[edccc055-c3f5-47df-b30f-76e8836f4c59:c1782, f9704f82-adf1-457c-ad29-9b573bc67fa6:c1778, 932806d8-5f5d-4457-8f95-c9b7f9036eae:c1778]
2019-08-07 03:27:12,596 INFO  client.GrpcClientProtocolClient (GrpcClientProtocolClient.java:onNext(255)) - client-23C834B07313->edccc055-c3f5-47df-b30f-76e8836f4c59: receive RaftClientReply:client-23C834B07313->edccc055-c3f5-47df-b30f-76e8836f4c59@group-ED32739C8BBB, cid=1273, SUCCESS, logIndex=1785, commits[edccc055-c3f5-47df-b30f-76e8836f4c59:c1786, f9704f82-adf1-457c-ad29-9b573bc67fa6:c1782, 932806d8-5f5d-4457-8f95-c9b7f9036eae:c1782]
2019-08-07 03:27:12,596 INFO  client.GrpcClientProtocolClient (GrpcClientProtocolClient.java:onNext(255)) - client-23C834B07313->edccc055-c3f5-47df-b30f-76e8836f4c59: receive RaftClientReply:client-23C834B07313->edccc055-c3f5-47df-b30f-76e8836f4c59@group-ED32739C8BBB, cid=1274, SUCCESS, logIndex=1786, commits[edccc055-c3f5-47df-b30f-76e8836f4c59:c1786, f9704f82-adf1-457c-ad29-9b573bc67fa6:c1782, 932806d8-5f5d-4457-8f95-c9b7f9036eae:c1782]
2019-08-07 03:27:12,722 INFO  client.GrpcClientProtocolClient (GrpcClientProtocolClient.java:onNext(255)) - client-23C834B07313->edccc055-c3f5-47df-b30f-76e8836f4c59: receive RaftClientReply:client-23C834B07313->edccc055-c3f5-47df-b30f-76e8836f4c59@group-ED32739C8BBB, cid=1275, SUCCESS, logIndex=1789, commits[edccc055-c3f5-47df-b30f-76e8836f4c59:c1790, f9704f82-adf1-457c-ad29-9b573bc67fa6:c1786, 932806d8-5f5d-4457-8f95-c9b7f9036eae:c1786]
2019-08-07 03:27:12,724 INFO  client.GrpcClientProtocolClient (GrpcClientProtocolClient.java:onNext(255)) - client-23C834B07313->edccc055-c3f5-47df-b30f-76e8836f4c59: receive RaftClientReply:client-23C834B07313->edccc055-c3f5-47df-b30f-76e8836f4c59@group-ED32739C8BBB, cid=1276, SUCCESS, logIndex=1790, commits[edccc055-c3f5-47df-b30f-76e8836f4c59:c1790, f9704f82-adf1-457c-ad29-9b573bc67fa6:c1786, 932806d8-5f5d-4457-8f95-c9b7f9036eae:c1786]
2019-08-07 03:27:12,734 INFO  client.GrpcClientProtocolClient (GrpcClientProtocolClient.java:onNext(255)) - client-23C834B07313->edccc055-c3f5-47df-b30f-76e8836f4c59: receive RaftClientReply:client-23C834B07313->edccc055-c3f5-47df-b30f-76e8836f4c59@group-ED32739C8BBB, cid=1277, SUCCESS, logIndex=0, commits[edccc055-c3f5-47df-b30f-76e8836f4c59:c1791, f9704f82-adf1-457c-ad29-9b573bc67fa6:c1790, 932806d8-5f5d-4457-8f95-c9b7f9036eae:c1790]
2019-08-07 03:27:12,769 INFO  client.GrpcClientProtocolClient (GrpcClientProtocolClient.java:onNext(255)) - client-23C834B07313->edccc055-c3f5-47df-b30f-76e8836f4c59: receive RaftClientReply:client-23C834B07313->edccc055-c3f5-47df-b30f-76e8836f4c59@group-ED32739C8BBB, cid=1278, SUCCESS, logIndex=1793, commits[edccc055-c3f5-47df-b30f-76e8836f4c59:c1796, f9704f82-adf1-457c-ad29-9b573bc67fa6:c1792, 932806d8-5f5d-4457-8f95-c9b7f9036eae:c1792]
2019-08-07 03:27:12,769 INFO  client.GrpcClientProtocolClient (GrpcClientProtocolClient.java:onNext(255)) - client-23C834B07313->edccc055-c3f5-47df-b30f-76e8836f4c59: receive RaftClientReply:client-23C834B07313->edccc055-c3f5-47df-b30f-76e8836f4c59@group-ED32739C8BBB, cid=1279, SUCCESS, logIndex=1794, commits[edccc055-c3f5-47df-b30f-76e8836f4c59:c1796, f9704f82-adf1-457c-ad29-9b573bc67fa6:c1792, 932806d8-5f5d-4457-8f95-c9b7f9036eae:c1792]
2019-08-07 03:27:12,770 INFO  client.GrpcClientProtocolClient (GrpcClientProtocolClient.java:onNext(255)) - client-23C834B07313->edccc055-c3f5-47df-b30f-76e8836f4c59: receive RaftClientReply:client-23C834B07313->edccc055-c3f5-47df-b30f-76e8836f4c59@group-ED32739C8BBB, cid=1280, SUCCESS, logIndex=1795, commits[edccc055-c3f5-47df-b30f-76e8836f4c59:c1796, f9704f82-adf1-457c-ad29-9b573bc67fa6:c1792, 932806d8-5f5d-4457-8f95-c9b7f9036eae:c1792]
2019-08-07 03:27:12,770 INFO  client.GrpcClientProtocolClient (GrpcClientProtocolClient.java:onNext(255)) - client-23C834B07313->edccc055-c3f5-47df-b30f-76e8836f4c59: receive RaftClientReply:client-23C834B07313->edccc055-c3f5-47df-b30f-76e8836f4c59@group-ED32739C8BBB, cid=1281, SUCCESS, logIndex=1796, commits[edccc055-c3f5-47df-b30f-76e8836f4c59:c1796, f9704f82-adf1-457c-ad29-9b573bc67fa6:c1792, 932806d8-5f5d-4457-8f95-c9b7f9036eae:c1792]
2019-08-07 03:27:12,781 INFO  client.GrpcClientProtocolClient (GrpcClientProtocolClient.java:onNext(255)) - client-23C834B07313->edccc055-c3f5-47df-b30f-76e8836f4c59: receive RaftClientReply:client-23C834B07313->edccc055-c3f5-47df-b30f-76e8836f4c59@group-ED32739C8BBB, cid=1282, SUCCESS, logIndex=0, commits[edccc055-c3f5-47df-b30f-76e8836f4c59:c1797, f9704f82-adf1-457c-ad29-9b573bc67fa6:c1794, 932806d8-5f5d-4457-8f95-c9b7f9036eae:c1794]
2019-08-07 03:27:12,808 INFO  client.GrpcClientProtocolClient (GrpcClientProtocolClient.java:onNext(255)) - client-23C834B07313->edccc055-c3f5-47df-b30f-76e8836f4c59: receive RaftClientReply:client-23C834B07313->edccc055-c3f5-47df-b30f-76e8836f4c59@group-ED32739C8BBB, cid=1283, SUCCESS, logIndex=1801, commits[edccc055-c3f5-47df-b30f-76e8836f4c59:c1802, f9704f82-adf1-457c-ad29-9b573bc67fa6:c1797, 932806d8-5f5d-4457-8f95-c9b7f9036eae:c1797]
2019-08-07 03:27:12,809 INFO  client.GrpcClientProtocolClient (GrpcClientProtocolClient.java:onNext(255)) - client-23C834B07313->edccc055-c3f5-47df-b30f-76e8836f4c59: receive RaftClientReply:client-23C834B07313->edccc055-c3f5-47df-b30f-76e8836f4c59@group-ED32739C8BBB, cid=1284, SUCCESS, logIndex=1802, commits[edccc055-c3f5-47df-b30f-76e8836f4c59:c1802, f9704f82-adf1-457c-ad29-9b573bc67fa6:c1797, 932806d8-5f5d-4457-8f95-c9b7f9036eae:c1797]
2019-08-07 03:27:12,821 INFO  client.GrpcClientProtocolClient (GrpcClientProtocolClient.java:onNext(255)) - client-23C834B07313->edccc055-c3f5-47df-b30f-76e8836f4c59: receive RaftClientReply:client-23C834B07313->edccc055-c3f5-47df-b30f-76e8836f4c59@group-ED32739C8BBB, cid=1285, SUCCESS, logIndex=1805, commits[edccc055-c3f5-47df-b30f-76e8836f4c59:c1806, f9704f82-adf1-457c-ad29-9b573bc67fa6:c1802, 932806d8-5f5d-4457-8f95-c9b7f9036eae:c1801]
2019-08-07 03:27:12,822 INFO  client.GrpcClientProtocolClient (GrpcClientProtocolClient.java:onNext(255)) - client-23C834B07313->edccc055-c3f5-47df-b30f-76e8836f4c59: receive RaftClientReply:client-23C834B07313->edccc055-c3f5-47df-b30f-76e8836f4c59@group-ED32739C8BBB, cid=1286, SUCCESS, logIndex=1806, commits[edccc055-c3f5-47df-b30f-76e8836f4c59:c1806, f9704f82-adf1-457c-ad29-9b573bc67fa6:c1802, 932806d8-5f5d-4457-8f95-c9b7f9036eae:c1801]
2019-08-07 03:27:12,823 INFO  client.GrpcClientProtocolClient (GrpcClientProtocolClient.java:onNext(255)) - client-23C834B07313->edccc055-c3f5-47df-b30f-76e8836f4c59: receive RaftClientReply:client-23C834B07313->edccc055-c3f5-47df-b30f-76e8836f4c59@group-ED32739C8BBB, cid=1287, SUCCESS, logIndex=0, commits[edccc055-c3f5-47df-b30f-76e8836f4c59:c1806, f9704f82-adf1-457c-ad29-9b573bc67fa6:c1802, 932806d8-5f5d-4457-8f95-c9b7f9036eae:c1802]
2019-08-07 03:27:12,847 INFO  client.GrpcClientProtocolClient (GrpcClientProtocolClient.java:onNext(255)) - client-23C834B07313->edccc055-c3f5-47df-b30f-76e8836f4c59: receive RaftClientReply:client-23C834B07313->edccc055-c3f5-47df-b30f-76e8836f4c59@group-ED32739C8BBB, cid=1288, SUCCESS, logIndex=0, commits[edccc055-c3f5-47df-b30f-76e8836f4c59:c1808, f9704f82-adf1-457c-ad29-9b573bc67fa6:c1806, 932806d8-5f5d-4457-8f95-c9b7f9036eae:c1806]
2019-08-07 03:27:12,877 INFO  client.GrpcClientProtocolClient (GrpcClientProtocolClient.java:onNext(255)) - client-23C834B07313->edccc055-c3f5-47df-b30f-76e8836f4c59: receive RaftClientReply:client-23C834B07313->edccc055-c3f5-47df-b30f-76e8836f4c59@group-ED32739C8BBB, cid=1289, SUCCESS, logIndex=1809, commits[edccc055-c3f5-47df-b30f-76e8836f4c59:c1811, f9704f82-adf1-457c-ad29-9b573bc67fa6:c1808, 932806d8-5f5d-4457-8f95-c9b7f9036eae:c1808]
2019-08-07 03:27:12,877 INFO  client.GrpcClientProtocolClient (GrpcClientProtocolClient.java:onNext(255)) - client-23C834B07313->edccc055-c3f5-47df-b30f-76e8836f4c59: receive RaftClientReply:client-23C834B07313->edccc055-c3f5-47df-b30f-76e8836f4c59@group-ED32739C8BBB, cid=1290, SUCCESS, logIndex=1810, commits[edccc055-c3f5-47df-b30f-76e8836f4c59:c1812, f9704f82-adf1-457c-ad29-9b573bc67fa6:c1808, 932806d8-5f5d-4457-8f95-c9b7f9036eae:c1808]
2019-08-07 03:27:12,878 INFO  client.GrpcClientProtocolClient (GrpcClientProtocolClient.java:onNext(255)) - client-23C834B07313->edccc055-c3f5-47df-b30f-76e8836f4c59: receive RaftClientReply:client-23C834B07313->edccc055-c3f5-47df-b30f-76e8836f4c59@group-ED32739C8BBB, cid=1291, SUCCESS, logIndex=1811, commits[edccc055-c3f5-47df-b30f-76e8836f4c59:c1812, f9704f82-adf1-457c-ad29-9b573bc67fa6:c1808, 932806d8-5f5d-4457-8f95-c9b7f9036eae:c1808]
2019-08-07 03:27:12,878 INFO  client.GrpcClientProtocolClient (GrpcClientProtocolClient.java:onNext(255)) - client-23C834B07313->edccc055-c3f5-47df-b30f-76e8836f4c59: receive RaftClientReply:client-23C834B07313->edccc055-c3f5-47df-b30f-76e8836f4c59@group-ED32739C8BBB, cid=1292, SUCCESS, logIndex=1812, commits[edccc055-c3f5-47df-b30f-76e8836f4c59:c1812, f9704f82-adf1-457c-ad29-9b573bc67fa6:c1808, 932806d8-5f5d-4457-8f95-c9b7f9036eae:c1808]
2019-08-07 03:27:12,892 INFO  client.GrpcClientProtocolClient (GrpcClientProtocolClient.java:onNext(255)) - client-23C834B07313->edccc055-c3f5-47df-b30f-76e8836f4c59: receive RaftClientReply:client-23C834B07313->edccc055-c3f5-47df-b30f-76e8836f4c59@group-ED32739C8BBB, cid=1293, SUCCESS, logIndex=0, commits[edccc055-c3f5-47df-b30f-76e8836f4c59:c1814, f9704f82-adf1-457c-ad29-9b573bc67fa6:c1810, 932806d8-5f5d-4457-8f95-c9b7f9036eae:c1810]
2019-08-07 03:27:12,916 INFO  client.GrpcClientProtocolClient (GrpcClientProtocolClient.java:onNext(255)) - client-23C834B07313->edccc055-c3f5-47df-b30f-76e8836f4c59: receive RaftClientReply:client-23C834B07313->edccc055-c3f5-47df-b30f-76e8836f4c59@group-ED32739C8BBB, cid=1294, SUCCESS, logIndex=1817, commits[edccc055-c3f5-47df-b30f-76e8836f4c59:c1818, f9704f82-adf1-457c-ad29-9b573bc67fa6:c1816, 932806d8-5f5d-4457-8f95-c9b7f9036eae:c1816]
2019-08-07 03:27:12,916 INFO  client.GrpcClientProtocolClient (GrpcClientProtocolClient.java:onNext(255)) - client-23C834B07313->edccc055-c3f5-47df-b30f-76e8836f4c59: receive RaftClientReply:client-23C834B07313->edccc055-c3f5-47df-b30f-76e8836f4c59@group-ED32739C8BBB, cid=1295, SUCCESS, logIndex=1818, commits[edccc055-c3f5-47df-b30f-76e8836f4c59:c1818, f9704f82-adf1-457c-ad29-9b573bc67fa6:c1816, 932806d8-5f5d-4457-8f95-c9b7f9036eae:c1816]
2019-08-07 03:27:12,943 INFO  client.GrpcClientProtocolClient (GrpcClientProtocolClient.java:onNext(255)) - client-23C834B07313->edccc055-c3f5-47df-b30f-76e8836f4c59: receive RaftClientReply:client-23C834B07313->edccc055-c3f5-47df-b30f-76e8836f4c59@group-ED32739C8BBB, cid=1296, SUCCESS, logIndex=1821, commits[edccc055-c3f5-47df-b30f-76e8836f4c59:c1821, f9704f82-adf1-457c-ad29-9b573bc67fa6:c1818, 932806d8-5f5d-4457-8f95-c9b7f9036eae:c1818]
2019-08-07 03:27:12,943 INFO  client.GrpcClientProtocolClient (GrpcClientProtocolClient.java:onNext(255)) - client-23C834B07313->edccc055-c3f5-47df-b30f-76e8836f4c59: receive RaftClientReply:client-23C834B07313->edccc055-c3f5-47df-b30f-76e8836f4c59@group-ED32739C8BBB, cid=1297, SUCCESS, logIndex=1822, commits[edccc055-c3f5-47df-b30f-76e8836f4c59:c1822, f9704f82-adf1-457c-ad29-9b573bc67fa6:c1818, 932806d8-5f5d-4457-8f95-c9b7f9036eae:c1818]
2019-08-07 03:27:12,958 INFO  client.GrpcClientProtocolClient (GrpcClientProtocolClient.java:onNext(255)) - client-23C834B07313->edccc055-c3f5-47df-b30f-76e8836f4c59: receive RaftClientReply:client-23C834B07313->edccc055-c3f5-47df-b30f-76e8836f4c59@group-ED32739C8BBB, cid=1298, SUCCESS, logIndex=0, commits[edccc055-c3f5-47df-b30f-76e8836f4c59:c1824, f9704f82-adf1-457c-ad29-9b573bc67fa6:c1822, 932806d8-5f5d-4457-8f95-c9b7f9036eae:c1822]
2019-08-07 03:27:12,993 INFO  client.GrpcClientProtocolClient (GrpcClientProtocolClient.java:onNext(255)) - client-23C834B07313->edccc055-c3f5-47df-b30f-76e8836f4c59: receive RaftClientReply:client-23C834B07313->edccc055-c3f5-47df-b30f-76e8836f4c59@group-ED32739C8BBB, cid=1299, SUCCESS, logIndex=1825, commits[edccc055-c3f5-47df-b30f-76e8836f4c59:c1826, f9704f82-adf1-457c-ad29-9b573bc67fa6:c1824, 932806d8-5f5d-4457-8f95-c9b7f9036eae:c1824]
2019-08-07 03:27:12,993 INFO  client.GrpcClientProtocolClient (GrpcClientProtocolClient.java:onNext(255)) - client-23C834B07313->edccc055-c3f5-47df-b30f-76e8836f4c59: receive RaftClientReply:client-23C834B07313->edccc055-c3f5-47df-b30f-76e8836f4c59@group-ED32739C8BBB, cid=1300, SUCCESS, logIndex=1826, commits[edccc055-c3f5-47df-b30f-76e8836f4c59:c1828, f9704f82-adf1-457c-ad29-9b573bc67fa6:c1824, 932806d8-5f5d-4457-8f95-c9b7f9036eae:c1824]
2019-08-07 03:27:12,994 INFO  client.GrpcClientProtocolClient (GrpcClientProtocolClient.java:onNext(255)) - client-23C834B07313->edccc055-c3f5-47df-b30f-76e8836f4c59: receive RaftClientReply:client-23C834B07313->edccc055-c3f5-47df-b30f-76e8836f4c59@group-ED32739C8BBB, cid=1301, SUCCESS, logIndex=1827, commits[edccc055-c3f5-47df-b30f-76e8836f4c59:c1828, f9704f82-adf1-457c-ad29-9b573bc67fa6:c1824, 932806d8-5f5d-4457-8f95-c9b7f9036eae:c1824]
2019-08-07 03:27:12,994 INFO  client.GrpcClientProtocolClient (GrpcClientProtocolClient.java:onNext(255)) - client-23C834B07313->edccc055-c3f5-47df-b30f-76e8836f4c59: receive RaftClientReply:client-23C834B07313->edccc055-c3f5-47df-b30f-76e8836f4c59@group-ED32739C8BBB, cid=1302, SUCCESS, logIndex=1828, commits[edccc055-c3f5-47df-b30f-76e8836f4c59:c1828, f9704f82-adf1-457c-ad29-9b573bc67fa6:c1824, 932806d8-5f5d-4457-8f95-c9b7f9036eae:c1824]
2019-08-07 03:27:13,008 INFO  client.GrpcClientProtocolClient (GrpcClientProtocolClient.java:onNext(255)) - client-23C834B07313->edccc055-c3f5-47df-b30f-76e8836f4c59: receive RaftClientReply:client-23C834B07313->edccc055-c3f5-47df-b30f-76e8836f4c59@group-ED32739C8BBB, cid=1303, SUCCESS, logIndex=0, commits[edccc055-c3f5-47df-b30f-76e8836f4c59:c1830, f9704f82-adf1-457c-ad29-9b573bc67fa6:c1826, 932806d8-5f5d-4457-8f95-c9b7f9036eae:c1826]
2019-08-07 03:27:13,030 INFO  client.GrpcClientProtocolClient (GrpcClientProtocolClient.java:onNext(255)) - client-23C834B07313->edccc055-c3f5-47df-b30f-76e8836f4c59: receive RaftClientReply:client-23C834B07313->edccc055-c3f5-47df-b30f-76e8836f4c59@group-ED32739C8BBB, cid=1304, SUCCESS, logIndex=1832, commits[edccc055-c3f5-47df-b30f-76e8836f4c59:c1832, f9704f82-adf1-457c-ad29-9b573bc67fa6:c1831, 932806d8-5f5d-4457-8f95-c9b7f9036eae:c1831]
2019-08-07 03:27:13,030 INFO  client.GrpcClientProtocolClient (GrpcClientProtocolClient.java:onNext(255)) - client-23C834B07313->edccc055-c3f5-47df-b30f-76e8836f4c59: receive RaftClientReply:client-23C834B07313->edccc055-c3f5-47df-b30f-76e8836f4c59@group-ED32739C8BBB, cid=1305, SUCCESS, logIndex=1833, commits[edccc055-c3f5-47df-b30f-76e8836f4c59:c1833, f9704f82-adf1-457c-ad29-9b573bc67fa6:c1831, 932806d8-5f5d-4457-8f95-c9b7f9036eae:c1831]
2019-08-07 03:27:13,056 INFO  client.GrpcClientProtocolClient (GrpcClientProtocolClient.java:onNext(255)) - client-23C834B07313->edccc055-c3f5-47df-b30f-76e8836f4c59: receive RaftClientReply:client-23C834B07313->edccc055-c3f5-47df-b30f-76e8836f4c59@group-ED32739C8BBB, cid=1306, SUCCESS, logIndex=1836, commits[edccc055-c3f5-47df-b30f-76e8836f4c59:c1836, f9704f82-adf1-457c-ad29-9b573bc67fa6:c1833, 932806d8-5f5d-4457-8f95-c9b7f9036eae:c1833]
2019-08-07 03:27:13,057 INFO  client.GrpcClientProtocolClient (GrpcClientProtocolClient.java:onNext(255)) - client-23C834B07313->edccc055-c3f5-47df-b30f-76e8836f4c59: receive RaftClientReply:client-23C834B07313->edccc055-c3f5-47df-b30f-76e8836f4c59@group-ED32739C8BBB, cid=1307, SUCCESS, logIndex=1837, commits[edccc055-c3f5-47df-b30f-76e8836f4c59:c1837, f9704f82-adf1-457c-ad29-9b573bc67fa6:c1833, 932806d8-5f5d-4457-8f95-c9b7f9036eae:c1833]
2019-08-07 03:27:13,083 INFO  client.GrpcClientProtocolClient (GrpcClientProtocolClient.java:onNext(255)) - client-23C834B07313->edccc055-c3f5-47df-b30f-76e8836f4c59: receive RaftClientReply:client-23C834B07313->edccc055-c3f5-47df-b30f-76e8836f4c59@group-ED32739C8BBB, cid=1308, SUCCESS, logIndex=0, commits[edccc055-c3f5-47df-b30f-76e8836f4c59:c1839, f9704f82-adf1-457c-ad29-9b573bc67fa6:c1837, 932806d8-5f5d-4457-8f95-c9b7f9036eae:c1837]
2019-08-07 03:27:13,117 INFO  client.GrpcClientProtocolClient (GrpcClientProtocolClient.java:onNext(255)) - client-23C834B07313->edccc055-c3f5-47df-b30f-76e8836f4c59: receive RaftClientReply:client-23C834B07313->edccc055-c3f5-47df-b30f-76e8836f4c59@group-ED32739C8BBB, cid=1309, SUCCESS, logIndex=1840, commits[edccc055-c3f5-47df-b30f-76e8836f4c59:c1841, f9704f82-adf1-457c-ad29-9b573bc67fa6:c1839, 932806d8-5f5d-4457-8f95-c9b7f9036eae:c1839]
2019-08-07 03:27:13,118 INFO  client.GrpcClientProtocolClient (GrpcClientProtocolClient.java:onNext(255)) - client-23C834B07313->edccc055-c3f5-47df-b30f-76e8836f4c59: receive RaftClientReply:client-23C834B07313->edccc055-c3f5-47df-b30f-76e8836f4c59@group-ED32739C8BBB, cid=1310, SUCCESS, logIndex=1841, commits[edccc055-c3f5-47df-b30f-76e8836f4c59:c1841, f9704f82-adf1-457c-ad29-9b573bc67fa6:c1839, 932806d8-5f5d-4457-8f95-c9b7f9036eae:c1839]
2019-08-07 03:27:13,125 INFO  client.GrpcClientProtocolClient (GrpcClientProtocolClient.java:onNext(255)) - client-23C834B07313->edccc055-c3f5-47df-b30f-76e8836f4c59: receive RaftClientReply:client-23C834B07313->edccc055-c3f5-47df-b30f-76e8836f4c59@group-ED32739C8BBB, cid=1311, SUCCESS, logIndex=1842, commits[edccc055-c3f5-47df-b30f-76e8836f4c59:c1843, f9704f82-adf1-457c-ad29-9b573bc67fa6:c1839, 932806d8-5f5d-4457-8f95-c9b7f9036eae:c1839]
2019-08-07 03:27:13,125 INFO  client.GrpcClientProtocolClient (GrpcClientProtocolClient.java:onNext(255)) - client-23C834B07313->edccc055-c3f5-47df-b30f-76e8836f4c59: receive RaftClientReply:client-23C834B07313->edccc055-c3f5-47df-b30f-76e8836f4c59@group-ED32739C8BBB, cid=1312, SUCCESS, logIndex=1843, commits[edccc055-c3f5-47df-b30f-76e8836f4c59:c1843, f9704f82-adf1-457c-ad29-9b573bc67fa6:c1839, 932806d8-5f5d-4457-8f95-c9b7f9036eae:c1839]
2019-08-07 03:27:13,140 INFO  client.GrpcClientProtocolClient (GrpcClientProtocolClient.java:onNext(255)) - client-23C834B07313->edccc055-c3f5-47df-b30f-76e8836f4c59: receive RaftClientReply:client-23C834B07313->edccc055-c3f5-47df-b30f-76e8836f4c59@group-ED32739C8BBB, cid=1313, SUCCESS, logIndex=0, commits[edccc055-c3f5-47df-b30f-76e8836f4c59:c1845, f9704f82-adf1-457c-ad29-9b573bc67fa6:c1841, 932806d8-5f5d-4457-8f95-c9b7f9036eae:c1841]
2019-08-07 03:27:13,172 INFO  client.GrpcClientProtocolClient (GrpcClientProtocolClient.java:onNext(255)) - client-23C834B07313->edccc055-c3f5-47df-b30f-76e8836f4c59: receive RaftClientReply:client-23C834B07313->edccc055-c3f5-47df-b30f-76e8836f4c59@group-ED32739C8BBB, cid=1314, SUCCESS, logIndex=1848, commits[edccc055-c3f5-47df-b30f-76e8836f4c59:c1849, f9704f82-adf1-457c-ad29-9b573bc67fa6:c1847, 932806d8-5f5d-4457-8f95-c9b7f9036eae:c1847]
2019-08-07 03:27:13,173 INFO  client.GrpcClientProtocolClient (GrpcClientProtocolClient.java:onNext(255)) - client-23C834B07313->edccc055-c3f5-47df-b30f-76e8836f4c59: receive RaftClientReply:client-23C834B07313->edccc055-c3f5-47df-b30f-76e8836f4c59@group-ED32739C8BBB, cid=1315, SUCCESS, logIndex=1849, commits[edccc055-c3f5-47df-b30f-76e8836f4c59:c1849, f9704f82-adf1-457c-ad29-9b573bc67fa6:c1847, 932806d8-5f5d-4457-8f95-c9b7f9036eae:c1847]
2019-08-07 03:27:13,198 INFO  client.GrpcClientProtocolClient (GrpcClientProtocolClient.java:onNext(255)) - client-23C834B07313->edccc055-c3f5-47df-b30f-76e8836f4c59: receive RaftClientReply:client-23C834B07313->edccc055-c3f5-47df-b30f-76e8836f4c59@group-ED32739C8BBB, cid=1316, SUCCESS, logIndex=1852, commits[edccc055-c3f5-47df-b30f-76e8836f4c59:c1853, f9704f82-adf1-457c-ad29-9b573bc67fa6:c1849, 932806d8-5f5d-4457-8f95-c9b7f9036eae:c1849]
2019-08-07 03:27:13,198 INFO  client.GrpcClientProtocolClient (GrpcClientProtocolClient.java:onNext(255)) - client-23C834B07313->edccc055-c3f5-47df-b30f-76e8836f4c59: receive RaftClientReply:client-23C834B07313->edccc055-c3f5-47df-b30f-76e8836f4c59@group-ED32739C8BBB, cid=1317, SUCCESS, logIndex=1853, commits[edccc055-c3f5-47df-b30f-76e8836f4c59:c1853, f9704f82-adf1-457c-ad29-9b573bc67fa6:c1849, 932806d8-5f5d-4457-8f95-c9b7f9036eae:c1849]
2019-08-07 03:27:13,213 INFO  client.GrpcClientProtocolClient (GrpcClientProtocolClient.java:onNext(255)) - client-23C834B07313->edccc055-c3f5-47df-b30f-76e8836f4c59: receive RaftClientReply:client-23C834B07313->edccc055-c3f5-47df-b30f-76e8836f4c59@group-ED32739C8BBB, cid=1318, SUCCESS, logIndex=0, commits[edccc055-c3f5-47df-b30f-76e8836f4c59:c1854, f9704f82-adf1-457c-ad29-9b573bc67fa6:c1853, 932806d8-5f5d-4457-8f95-c9b7f9036eae:c1853]
2019-08-07 03:27:13,247 INFO  client.GrpcClientProtocolClient (GrpcClientProtocolClient.java:onNext(255)) - client-23C834B07313->edccc055-c3f5-47df-b30f-76e8836f4c59: receive RaftClientReply:client-23C834B07313->edccc055-c3f5-47df-b30f-76e8836f4c59@group-ED32739C8BBB, cid=1319, SUCCESS, logIndex=1856, commits[edccc055-c3f5-47df-b30f-76e8836f4c59:c1858, f9704f82-adf1-457c-ad29-9b573bc67fa6:c1855, 932806d8-5f5d-4457-8f95-c9b7f9036eae:c1855]
2019-08-07 03:27:13,248 INFO  client.GrpcClientProtocolClient (GrpcClientProtocolClient.java:onNext(255)) - client-23C834B07313->edccc055-c3f5-47df-b30f-76e8836f4c59: receive RaftClientReply:client-23C834B07313->edccc055-c3f5-47df-b30f-76e8836f4c59@group-ED32739C8BBB, cid=1320, SUCCESS, logIndex=1857, commits[edccc055-c3f5-47df-b30f-76e8836f4c59:c1859, f9704f82-adf1-457c-ad29-9b573bc67fa6:c1855, 932806d8-5f5d-4457-8f95-c9b7f9036eae:c1855]
2019-08-07 03:27:13,248 INFO  client.GrpcClientProtocolClient (GrpcClientProtocolClient.java:onNext(255)) - client-23C834B07313->edccc055-c3f5-47df-b30f-76e8836f4c59: receive RaftClientReply:client-23C834B07313->edccc055-c3f5-47df-b30f-76e8836f4c59@group-ED32739C8BBB, cid=1321, SUCCESS, logIndex=1858, commits[edccc055-c3f5-47df-b30f-76e8836f4c59:c1859, f9704f82-adf1-457c-ad29-9b573bc67fa6:c1855, 932806d8-5f5d-4457-8f95-c9b7f9036eae:c1855]
2019-08-07 03:27:13,249 INFO  client.GrpcClientProtocolClient (GrpcClientProtocolClient.java:onNext(255)) - client-23C834B07313->edccc055-c3f5-47df-b30f-76e8836f4c59: receive RaftClientReply:client-23C834B07313->edccc055-c3f5-47df-b30f-76e8836f4c59@group-ED32739C8BBB, cid=1322, SUCCESS, logIndex=1859, commits[edccc055-c3f5-47df-b30f-76e8836f4c59:c1859, f9704f82-adf1-457c-ad29-9b573bc67fa6:c1855, 932806d8-5f5d-4457-8f95-c9b7f9036eae:c1855]
 0.00% |█                                                                                                    |  0/1 Time: 0:00:092019-08-07 03:27:13,263 INFO  client.GrpcClientProtocolClient (GrpcClientProtocolClient.java:onNext(255)) - client-23C834B07313->edccc055-c3f5-47df-b30f-76e8836f4c59: receive RaftClientReply:client-23C834B07313->edccc055-c3f5-47df-b30f-76e8836f4c59@group-ED32739C8BBB, cid=1323, SUCCESS, logIndex=0, commits[edccc055-c3f5-47df-b30f-76e8836f4c59:c1860, f9704f82-adf1-457c-ad29-9b573bc67fa6:c1857, 932806d8-5f5d-4457-8f95-c9b7f9036eae:c1858]
2019-08-07 03:27:13,286 INFO  client.GrpcClientProtocolClient (GrpcClientProtocolClient.java:onNext(255)) - client-23C834B07313->edccc055-c3f5-47df-b30f-76e8836f4c59: receive RaftClientReply:client-23C834B07313->edccc055-c3f5-47df-b30f-76e8836f4c59@group-ED32739C8BBB, cid=1324, SUCCESS, logIndex=1864, commits[edccc055-c3f5-47df-b30f-76e8836f4c59:c1865, f9704f82-adf1-457c-ad29-9b573bc67fa6:c1863, 932806d8-5f5d-4457-8f95-c9b7f9036eae:c1859]
2019-08-07 03:27:13,286 INFO  client.GrpcClientProtocolClient (GrpcClientProtocolClient.java:onNext(255)) - client-23C834B07313->edccc055-c3f5-47df-b30f-76e8836f4c59: receive RaftClientReply:client-23C834B07313->edccc055-c3f5-47df-b30f-76e8836f4c59@group-ED32739C8BBB, cid=1325, SUCCESS, logIndex=1865, commits[edccc055-c3f5-47df-b30f-76e8836f4c59:c1865, f9704f82-adf1-457c-ad29-9b573bc67fa6:c1863, 932806d8-5f5d-4457-8f95-c9b7f9036eae:c1863]
2019-08-07 03:27:13,301 INFO  client.GrpcClientProtocolClient (GrpcClientProtocolClient.java:onNext(255)) - client-23C834B07313->edccc055-c3f5-47df-b30f-76e8836f4c59: receive RaftClientReply:client-23C834B07313->edccc055-c3f5-47df-b30f-76e8836f4c59@group-ED32739C8BBB, cid=1326, SUCCESS, logIndex=1868, commits[edccc055-c3f5-47df-b30f-76e8836f4c59:c1869, f9704f82-adf1-457c-ad29-9b573bc67fa6:c1865, 932806d8-5f5d-4457-8f95-c9b7f9036eae:c1865]
2019-08-07 03:27:13,301 INFO  client.GrpcClientProtocolClient (GrpcClientProtocolClient.java:onNext(255)) - client-23C834B07313->edccc055-c3f5-47df-b30f-76e8836f4c59: receive RaftClientReply:client-23C834B07313->edccc055-c3f5-47df-b30f-76e8836f4c59@group-ED32739C8BBB, cid=1327, SUCCESS, logIndex=1869, commits[edccc055-c3f5-47df-b30f-76e8836f4c59:c1869, f9704f82-adf1-457c-ad29-9b573bc67fa6:c1865, 932806d8-5f5d-4457-8f95-c9b7f9036eae:c1865]
2019-08-07 03:27:13,316 INFO  client.GrpcClientProtocolClient (GrpcClientProtocolClient.java:onNext(255)) - client-23C834B07313->edccc055-c3f5-47df-b30f-76e8836f4c59: receive RaftClientReply:client-23C834B07313->edccc055-c3f5-47df-b30f-76e8836f4c59@group-ED32739C8BBB, cid=1328, SUCCESS, logIndex=0, commits[edccc055-c3f5-47df-b30f-76e8836f4c59:c1871, f9704f82-adf1-457c-ad29-9b573bc67fa6:c1869, 932806d8-5f5d-4457-8f95-c9b7f9036eae:c1869]
2019-08-07 03:27:13,343 INFO  client.GrpcClientProtocolClient (GrpcClientProtocolClient.java:onNext(255)) - client-23C834B07313->edccc055-c3f5-47df-b30f-76e8836f4c59: receive RaftClientReply:client-23C834B07313->edccc055-c3f5-47df-b30f-76e8836f4c59@group-ED32739C8BBB, cid=1329, SUCCESS, logIndex=1872, commits[edccc055-c3f5-47df-b30f-76e8836f4c59:c1873, f9704f82-adf1-457c-ad29-9b573bc67fa6:c1871, 932806d8-5f5d-4457-8f95-c9b7f9036eae:c1871]
2019-08-07 03:27:13,344 INFO  client.GrpcClientProtocolClient (GrpcClientProtocolClient.java:onNext(255)) - client-23C834B07313->edccc055-c3f5-47df-b30f-76e8836f4c59: receive RaftClientReply:client-23C834B07313->edccc055-c3f5-47df-b30f-76e8836f4c59@group-ED32739C8BBB, cid=1330, SUCCESS, logIndex=1873, commits[edccc055-c3f5-47df-b30f-76e8836f4c59:c1873, f9704f82-adf1-457c-ad29-9b573bc67fa6:c1871, 932806d8-5f5d-4457-8f95-c9b7f9036eae:c1871]
2019-08-07 03:27:13,345 INFO  client.GrpcClientProtocolClient (GrpcClientProtocolClient.java:onNext(255)) - client-23C834B07313->edccc055-c3f5-47df-b30f-76e8836f4c59: receive RaftClientReply:client-23C834B07313->edccc055-c3f5-47df-b30f-76e8836f4c59@group-ED32739C8BBB, cid=1331, SUCCESS, logIndex=1874, commits[edccc055-c3f5-47df-b30f-76e8836f4c59:c1875, f9704f82-adf1-457c-ad29-9b573bc67fa6:c1871, 932806d8-5f5d-4457-8f95-c9b7f9036eae:c1871]
2019-08-07 03:27:13,345 INFO  client.GrpcClientProtocolClient (GrpcClientProtocolClient.java:onNext(255)) - client-23C834B07313->edccc055-c3f5-47df-b30f-76e8836f4c59: receive RaftClientReply:client-23C834B07313->edccc055-c3f5-47df-b30f-76e8836f4c59@group-ED32739C8BBB, cid=1332, SUCCESS, logIndex=1875, commits[edccc055-c3f5-47df-b30f-76e8836f4c59:c1875, f9704f82-adf1-457c-ad29-9b573bc67fa6:c1871, 932806d8-5f5d-4457-8f95-c9b7f9036eae:c1871]
2019-08-07 03:27:13,360 INFO  client.GrpcClientProtocolClient (GrpcClientProtocolClient.java:onNext(255)) - client-23C834B07313->edccc055-c3f5-47df-b30f-76e8836f4c59: receive RaftClientReply:client-23C834B07313->edccc055-c3f5-47df-b30f-76e8836f4c59@group-ED32739C8BBB, cid=1333, SUCCESS, logIndex=0, commits[edccc055-c3f5-47df-b30f-76e8836f4c59:c1877, f9704f82-adf1-457c-ad29-9b573bc67fa6:c1873, 932806d8-5f5d-4457-8f95-c9b7f9036eae:c1873]
2019-08-07 03:27:13,373 INFO  client.GrpcClientProtocolClient (GrpcClientProtocolClient.java:onNext(255)) - client-23C834B07313->edccc055-c3f5-47df-b30f-76e8836f4c59: receive RaftClientReply:client-23C834B07313->edccc055-c3f5-47df-b30f-76e8836f4c59@group-ED32739C8BBB, cid=1334, SUCCESS, logIndex=1880, commits[edccc055-c3f5-47df-b30f-76e8836f4c59:c1881, f9704f82-adf1-457c-ad29-9b573bc67fa6:c1879, 932806d8-5f5d-4457-8f95-c9b7f9036eae:c1875]
2019-08-07 03:27:13,373 INFO  client.GrpcClientProtocolClient (GrpcClientProtocolClient.java:onNext(255)) - client-23C834B07313->edccc055-c3f5-47df-b30f-76e8836f4c59: receive RaftClientReply:client-23C834B07313->edccc055-c3f5-47df-b30f-76e8836f4c59@group-ED32739C8BBB, cid=1335, SUCCESS, logIndex=1881, commits[edccc055-c3f5-47df-b30f-76e8836f4c59:c1881, f9704f82-adf1-457c-ad29-9b573bc67fa6:c1879, 932806d8-5f5d-4457-8f95-c9b7f9036eae:c1875]
2019-08-07 03:27:13,388 INFO  client.GrpcClientProtocolClient (GrpcClientProtocolClient.java:onNext(255)) - client-23C834B07313->edccc055-c3f5-47df-b30f-76e8836f4c59: receive RaftClientReply:client-23C834B07313->edccc055-c3f5-47df-b30f-76e8836f4c59@group-ED32739C8BBB, cid=1336, SUCCESS, logIndex=1884, commits[edccc055-c3f5-47df-b30f-76e8836f4c59:c1885, f9704f82-adf1-457c-ad29-9b573bc67fa6:c1881, 932806d8-5f5d-4457-8f95-c9b7f9036eae:c1883]
2019-08-07 03:27:13,389 INFO  client.GrpcClientProtocolClient (GrpcClientProtocolClient.java:onNext(255)) - client-23C834B07313->edccc055-c3f5-47df-b30f-76e8836f4c59: receive RaftClientReply:client-23C834B07313->edccc055-c3f5-47df-b30f-76e8836f4c59@group-ED32739C8BBB, cid=1337, SUCCESS, logIndex=1885, commits[edccc055-c3f5-47df-b30f-76e8836f4c59:c1885, f9704f82-adf1-457c-ad29-9b573bc67fa6:c1883, 932806d8-5f5d-4457-8f95-c9b7f9036eae:c1883]
2019-08-07 03:27:13,404 INFO  client.GrpcClientProtocolClient (GrpcClientProtocolClient.java:onNext(255)) - client-23C834B07313->edccc055-c3f5-47df-b30f-76e8836f4c59: receive RaftClientReply:client-23C834B07313->edccc055-c3f5-47df-b30f-76e8836f4c59@group-ED32739C8BBB, cid=1338, SUCCESS, logIndex=0, commits[edccc055-c3f5-47df-b30f-76e8836f4c59:c1887, f9704f82-adf1-457c-ad29-9b573bc67fa6:c1885, 932806d8-5f5d-4457-8f95-c9b7f9036eae:c1885]
2019-08-07 03:27:13,440 INFO  client.GrpcClientProtocolClient (GrpcClientProtocolClient.java:onNext(255)) - client-23C834B07313->edccc055-c3f5-47df-b30f-76e8836f4c59: receive RaftClientReply:client-23C834B07313->edccc055-c3f5-47df-b30f-76e8836f4c59@group-ED32739C8BBB, cid=1339, SUCCESS, logIndex=1888, commits[edccc055-c3f5-47df-b30f-76e8836f4c59:c1889, f9704f82-adf1-457c-ad29-9b573bc67fa6:c1887, 932806d8-5f5d-4457-8f95-c9b7f9036eae:c1887]
2019-08-07 03:27:13,441 INFO  client.GrpcClientProtocolClient (GrpcClientProtocolClient.java:onNext(255)) - client-23C834B07313->edccc055-c3f5-47df-b30f-76e8836f4c59: receive RaftClientReply:client-23C834B07313->edccc055-c3f5-47df-b30f-76e8836f4c59@group-ED32739C8BBB, cid=1340, SUCCESS, logIndex=1889, commits[edccc055-c3f5-47df-b30f-76e8836f4c59:c1889, f9704f82-adf1-457c-ad29-9b573bc67fa6:c1887, 932806d8-5f5d-4457-8f95-c9b7f9036eae:c1887]
2019-08-07 03:27:13,443 INFO  client.GrpcClientProtocolClient (GrpcClientProtocolClient.java:onNext(255)) - client-23C834B07313->edccc055-c3f5-47df-b30f-76e8836f4c59: receive RaftClientReply:client-23C834B07313->edccc055-c3f5-47df-b30f-76e8836f4c59@group-ED32739C8BBB, cid=1341, SUCCESS, logIndex=1890, commits[edccc055-c3f5-47df-b30f-76e8836f4c59:c1891, f9704f82-adf1-457c-ad29-9b573bc67fa6:c1887, 932806d8-5f5d-4457-8f95-c9b7f9036eae:c1887]
2019-08-07 03:27:13,443 INFO  client.GrpcClientProtocolClient (GrpcClientProtocolClient.java:onNext(255)) - client-23C834B07313->edccc055-c3f5-47df-b30f-76e8836f4c59: receive RaftClientReply:client-23C834B07313->edccc055-c3f5-47df-b30f-76e8836f4c59@group-ED32739C8BBB, cid=1342, SUCCESS, logIndex=1891, commits[edccc055-c3f5-47df-b30f-76e8836f4c59:c1891, f9704f82-adf1-457c-ad29-9b573bc67fa6:c1887, 932806d8-5f5d-4457-8f95-c9b7f9036eae:c1887]
2019-08-07 03:27:13,455 INFO  client.GrpcClientProtocolClient (GrpcClientProtocolClient.java:onNext(255)) - client-23C834B07313->edccc055-c3f5-47df-b30f-76e8836f4c59: receive RaftClientReply:client-23C834B07313->edccc055-c3f5-47df-b30f-76e8836f4c59@group-ED32739C8BBB, cid=1343, SUCCESS, logIndex=0, commits[edccc055-c3f5-47df-b30f-76e8836f4c59:c1893, f9704f82-adf1-457c-ad29-9b573bc67fa6:c1889, 932806d8-5f5d-4457-8f95-c9b7f9036eae:c1889]
2019-08-07 03:27:13,580 INFO  client.GrpcClientProtocolClient (GrpcClientProtocolClient.java:onNext(255)) - client-23C834B07313->edccc055-c3f5-47df-b30f-76e8836f4c59: receive RaftClientReply:client-23C834B07313->edccc055-c3f5-47df-b30f-76e8836f4c59@group-ED32739C8BBB, cid=1344, SUCCESS, logIndex=1896, commits[edccc055-c3f5-47df-b30f-76e8836f4c59:c1897, f9704f82-adf1-457c-ad29-9b573bc67fa6:c1895, 932806d8-5f5d-4457-8f95-c9b7f9036eae:c1895]
2019-08-07 03:27:13,581 INFO  client.GrpcClientProtocolClient (GrpcClientProtocolClient.java:onNext(255)) - client-23C834B07313->edccc055-c3f5-47df-b30f-76e8836f4c59: receive RaftClientReply:client-23C834B07313->edccc055-c3f5-47df-b30f-76e8836f4c59@group-ED32739C8BBB, cid=1345, SUCCESS, logIndex=1897, commits[edccc055-c3f5-47df-b30f-76e8836f4c59:c1897, f9704f82-adf1-457c-ad29-9b573bc67fa6:c1895, 932806d8-5f5d-4457-8f95-c9b7f9036eae:c1895]
2019-08-07 03:27:13,605 INFO  client.GrpcClientProtocolClient (GrpcClientProtocolClient.java:onNext(255)) - client-23C834B07313->edccc055-c3f5-47df-b30f-76e8836f4c59: receive RaftClientReply:client-23C834B07313->edccc055-c3f5-47df-b30f-76e8836f4c59@group-ED32739C8BBB, cid=1346, SUCCESS, logIndex=1900, commits[edccc055-c3f5-47df-b30f-76e8836f4c59:c1901, f9704f82-adf1-457c-ad29-9b573bc67fa6:c1897, 932806d8-5f5d-4457-8f95-c9b7f9036eae:c1897]
2019-08-07 03:27:13,606 INFO  client.GrpcClientProtocolClient (GrpcClientProtocolClient.java:onNext(255)) - client-23C834B07313->edccc055-c3f5-47df-b30f-76e8836f4c59: receive RaftClientReply:client-23C834B07313->edccc055-c3f5-47df-b30f-76e8836f4c59@group-ED32739C8BBB, cid=1347, SUCCESS, logIndex=1901, commits[edccc055-c3f5-47df-b30f-76e8836f4c59:c1901, f9704f82-adf1-457c-ad29-9b573bc67fa6:c1897, 932806d8-5f5d-4457-8f95-c9b7f9036eae:c1897]
2019-08-07 03:27:13,620 INFO  client.GrpcClientProtocolClient (GrpcClientProtocolClient.java:onNext(255)) - client-23C834B07313->edccc055-c3f5-47df-b30f-76e8836f4c59: receive RaftClientReply:client-23C834B07313->edccc055-c3f5-47df-b30f-76e8836f4c59@group-ED32739C8BBB, cid=1348, SUCCESS, logIndex=0, commits[edccc055-c3f5-47df-b30f-76e8836f4c59:c1903, f9704f82-adf1-457c-ad29-9b573bc67fa6:c1901, 932806d8-5f5d-4457-8f95-c9b7f9036eae:c1901]
2019-08-07 03:27:13,652 INFO  client.GrpcClientProtocolClient (GrpcClientProtocolClient.java:onNext(255)) - client-23C834B07313->edccc055-c3f5-47df-b30f-76e8836f4c59: receive RaftClientReply:client-23C834B07313->edccc055-c3f5-47df-b30f-76e8836f4c59@group-ED32739C8BBB, cid=1349, SUCCESS, logIndex=1904, commits[edccc055-c3f5-47df-b30f-76e8836f4c59:c1906, f9704f82-adf1-457c-ad29-9b573bc67fa6:c1903, 932806d8-5f5d-4457-8f95-c9b7f9036eae:c1903]
2019-08-07 03:27:13,653 INFO  client.GrpcClientProtocolClient (GrpcClientProtocolClient.java:onNext(255)) - client-23C834B07313->edccc055-c3f5-47df-b30f-76e8836f4c59: receive RaftClientReply:client-23C834B07313->edccc055-c3f5-47df-b30f-76e8836f4c59@group-ED32739C8BBB, cid=1350, SUCCESS, logIndex=1905, commits[edccc055-c3f5-47df-b30f-76e8836f4c59:c1907, f9704f82-adf1-457c-ad29-9b573bc67fa6:c1903, 932806d8-5f5d-4457-8f95-c9b7f9036eae:c1903]
2019-08-07 03:27:13,654 INFO  client.GrpcClientProtocolClient (GrpcClientProtocolClient.java:onNext(255)) - client-23C834B07313->edccc055-c3f5-47df-b30f-76e8836f4c59: receive RaftClientReply:client-23C834B07313->edccc055-c3f5-47df-b30f-76e8836f4c59@group-ED32739C8BBB, cid=1351, SUCCESS, logIndex=1906, commits[edccc055-c3f5-47df-b30f-76e8836f4c59:c1907, f9704f82-adf1-457c-ad29-9b573bc67fa6:c1903, 932806d8-5f5d-4457-8f95-c9b7f9036eae:c1903]
2019-08-07 03:27:13,654 INFO  client.GrpcClientProtocolClient (GrpcClientProtocolClient.java:onNext(255)) - client-23C834B07313->edccc055-c3f5-47df-b30f-76e8836f4c59: receive RaftClientReply:client-23C834B07313->edccc055-c3f5-47df-b30f-76e8836f4c59@group-ED32739C8BBB, cid=1352, SUCCESS, logIndex=1907, commits[edccc055-c3f5-47df-b30f-76e8836f4c59:c1907, f9704f82-adf1-457c-ad29-9b573bc67fa6:c1903, 932806d8-5f5d-4457-8f95-c9b7f9036eae:c1903]
2019-08-07 03:27:13,656 INFO  client.GrpcClientProtocolClient (GrpcClientProtocolClient.java:onNext(255)) - client-23C834B07313->edccc055-c3f5-47df-b30f-76e8836f4c59: receive RaftClientReply:client-23C834B07313->edccc055-c3f5-47df-b30f-76e8836f4c59@group-ED32739C8BBB, cid=1353, SUCCESS, logIndex=0, commits[edccc055-c3f5-47df-b30f-76e8836f4c59:c1908, f9704f82-adf1-457c-ad29-9b573bc67fa6:c1905, 932806d8-5f5d-4457-8f95-c9b7f9036eae:c1905]
2019-08-07 03:27:13,678 INFO  client.GrpcClientProtocolClient (GrpcClientProtocolClient.java:onNext(255)) - client-23C834B07313->edccc055-c3f5-47df-b30f-76e8836f4c59: receive RaftClientReply:client-23C834B07313->edccc055-c3f5-47df-b30f-76e8836f4c59@group-ED32739C8BBB, cid=1354, SUCCESS, logIndex=1912, commits[edccc055-c3f5-47df-b30f-76e8836f4c59:c1913, f9704f82-adf1-457c-ad29-9b573bc67fa6:c1908, 932806d8-5f5d-4457-8f95-c9b7f9036eae:c1907]
2019-08-07 03:27:13,679 INFO  client.GrpcClientProtocolClient (GrpcClientProtocolClient.java:onNext(255)) - client-23C834B07313->edccc055-c3f5-47df-b30f-76e8836f4c59: receive RaftClientReply:client-23C834B07313->edccc055-c3f5-47df-b30f-76e8836f4c59@group-ED32739C8BBB, cid=1355, SUCCESS, logIndex=1913, commits[edccc055-c3f5-47df-b30f-76e8836f4c59:c1913, f9704f82-adf1-457c-ad29-9b573bc67fa6:c1908, 932806d8-5f5d-4457-8f95-c9b7f9036eae:c1908]
2019-08-07 03:27:13,695 INFO  client.GrpcClientProtocolClient (GrpcClientProtocolClient.java:onNext(255)) - client-23C834B07313->edccc055-c3f5-47df-b30f-76e8836f4c59: receive RaftClientReply:client-23C834B07313->edccc055-c3f5-47df-b30f-76e8836f4c59@group-ED32739C8BBB, cid=1356, SUCCESS, logIndex=1916, commits[edccc055-c3f5-47df-b30f-76e8836f4c59:c1917, f9704f82-adf1-457c-ad29-9b573bc67fa6:c1913, 932806d8-5f5d-4457-8f95-c9b7f9036eae:c1913]
2019-08-07 03:27:13,695 INFO  client.GrpcClientProtocolClient (GrpcClientProtocolClient.java:onNext(255)) - client-23C834B07313->edccc055-c3f5-47df-b30f-76e8836f4c59: receive RaftClientReply:client-23C834B07313->edccc055-c3f5-47df-b30f-76e8836f4c59@group-ED32739C8BBB, cid=1357, SUCCESS, logIndex=1917, commits[edccc055-c3f5-47df-b30f-76e8836f4c59:c1917, f9704f82-adf1-457c-ad29-9b573bc67fa6:c1913, 932806d8-5f5d-4457-8f95-c9b7f9036eae:c1913]
2019-08-07 03:27:13,708 INFO  client.GrpcClientProtocolClient (GrpcClientProtocolClient.java:onNext(255)) - client-23C834B07313->edccc055-c3f5-47df-b30f-76e8836f4c59: receive RaftClientReply:client-23C834B07313->edccc055-c3f5-47df-b30f-76e8836f4c59@group-ED32739C8BBB, cid=1358, SUCCESS, logIndex=0, commits[edccc055-c3f5-47df-b30f-76e8836f4c59:c1918, f9704f82-adf1-457c-ad29-9b573bc67fa6:c1917, 932806d8-5f5d-4457-8f95-c9b7f9036eae:c1917]
2019-08-07 03:27:13,746 INFO  client.GrpcClientProtocolClient (GrpcClientProtocolClient.java:onNext(255)) - client-23C834B07313->edccc055-c3f5-47df-b30f-76e8836f4c59: receive RaftClientReply:client-23C834B07313->edccc055-c3f5-47df-b30f-76e8836f4c59@group-ED32739C8BBB, cid=1359, SUCCESS, logIndex=1919, commits[edccc055-c3f5-47df-b30f-76e8836f4c59:c1920, f9704f82-adf1-457c-ad29-9b573bc67fa6:c1918, 932806d8-5f5d-4457-8f95-c9b7f9036eae:c1918]
2019-08-07 03:27:13,746 INFO  client.GrpcClientProtocolClient (GrpcClientProtocolClient.java:onNext(255)) - client-23C834B07313->edccc055-c3f5-47df-b30f-76e8836f4c59: receive RaftClientReply:client-23C834B07313->edccc055-c3f5-47df-b30f-76e8836f4c59@group-ED32739C8BBB, cid=1360, SUCCESS, logIndex=1920, commits[edccc055-c3f5-47df-b30f-76e8836f4c59:c1920, f9704f82-adf1-457c-ad29-9b573bc67fa6:c1918, 932806d8-5f5d-4457-8f95-c9b7f9036eae:c1918]
2019-08-07 03:27:13,752 INFO  client.GrpcClientProtocolClient (GrpcClientProtocolClient.java:onNext(255)) - client-23C834B07313->edccc055-c3f5-47df-b30f-76e8836f4c59: receive RaftClientReply:client-23C834B07313->edccc055-c3f5-47df-b30f-76e8836f4c59@group-ED32739C8BBB, cid=1361, SUCCESS, logIndex=1921, commits[edccc055-c3f5-47df-b30f-76e8836f4c59:c1922, f9704f82-adf1-457c-ad29-9b573bc67fa6:c1918, 932806d8-5f5d-4457-8f95-c9b7f9036eae:c1918]
2019-08-07 03:27:13,752 INFO  client.GrpcClientProtocolClient (GrpcClientProtocolClient.java:onNext(255)) - client-23C834B07313->edccc055-c3f5-47df-b30f-76e8836f4c59: receive RaftClientReply:client-23C834B07313->edccc055-c3f5-47df-b30f-76e8836f4c59@group-ED32739C8BBB, cid=1362, SUCCESS, logIndex=1922, commits[edccc055-c3f5-47df-b30f-76e8836f4c59:c1922, f9704f82-adf1-457c-ad29-9b573bc67fa6:c1918, 932806d8-5f5d-4457-8f95-c9b7f9036eae:c1918]
2019-08-07 03:27:13,764 INFO  client.GrpcClientProtocolClient (GrpcClientProtocolClient.java:onNext(255)) - client-23C834B07313->edccc055-c3f5-47df-b30f-76e8836f4c59: receive RaftClientReply:client-23C834B07313->edccc055-c3f5-47df-b30f-76e8836f4c59@group-ED32739C8BBB, cid=1363, SUCCESS, logIndex=0, commits[edccc055-c3f5-47df-b30f-76e8836f4c59:c1923, f9704f82-adf1-457c-ad29-9b573bc67fa6:c1920, 932806d8-5f5d-4457-8f95-c9b7f9036eae:c1920]
2019-08-07 03:27:13,790 INFO  client.GrpcClientProtocolClient (GrpcClientProtocolClient.java:onNext(255)) - client-23C834B07313->edccc055-c3f5-47df-b30f-76e8836f4c59: receive RaftClientReply:client-23C834B07313->edccc055-c3f5-47df-b30f-76e8836f4c59@group-ED32739C8BBB, cid=1364, SUCCESS, logIndex=1926, commits[edccc055-c3f5-47df-b30f-76e8836f4c59:c1927, f9704f82-adf1-457c-ad29-9b573bc67fa6:c1923, 932806d8-5f5d-4457-8f95-c9b7f9036eae:c1923]
2019-08-07 03:27:13,791 INFO  client.GrpcClientProtocolClient (GrpcClientProtocolClient.java:onNext(255)) - client-23C834B07313->edccc055-c3f5-47df-b30f-76e8836f4c59: receive RaftClientReply:client-23C834B07313->edccc055-c3f5-47df-b30f-76e8836f4c59@group-ED32739C8BBB, cid=1365, SUCCESS, logIndex=1927, commits[edccc055-c3f5-47df-b30f-76e8836f4c59:c1927, f9704f82-adf1-457c-ad29-9b573bc67fa6:c1923, 932806d8-5f5d-4457-8f95-c9b7f9036eae:c1923]
2019-08-07 03:27:13,808 INFO  client.GrpcClientProtocolClient (GrpcClientProtocolClient.java:onNext(255)) - client-23C834B07313->edccc055-c3f5-47df-b30f-76e8836f4c59: receive RaftClientReply:client-23C834B07313->edccc055-c3f5-47df-b30f-76e8836f4c59@group-ED32739C8BBB, cid=1366, SUCCESS, logIndex=1930, commits[edccc055-c3f5-47df-b30f-76e8836f4c59:c1931, f9704f82-adf1-457c-ad29-9b573bc67fa6:c1926, 932806d8-5f5d-4457-8f95-c9b7f9036eae:c1927]
2019-08-07 03:27:13,811 INFO  client.GrpcClientProtocolClient (GrpcClientProtocolClient.java:onNext(255)) - client-23C834B07313->edccc055-c3f5-47df-b30f-76e8836f4c59: receive RaftClientReply:client-23C834B07313->edccc055-c3f5-47df-b30f-76e8836f4c59@group-ED32739C8BBB, cid=1367, SUCCESS, logIndex=1931, commits[edccc055-c3f5-47df-b30f-76e8836f4c59:c1931, f9704f82-adf1-457c-ad29-9b573bc67fa6:c1926, 932806d8-5f5d-4457-8f95-c9b7f9036eae:c1927]
2019-08-07 03:27:13,813 INFO  client.GrpcClientProtocolClient (GrpcClientProtocolClient.java:onNext(255)) - client-23C834B07313->edccc055-c3f5-47df-b30f-76e8836f4c59: receive RaftClientReply:client-23C834B07313->edccc055-c3f5-47df-b30f-76e8836f4c59@group-ED32739C8BBB, cid=1368, SUCCESS, logIndex=0, commits[edccc055-c3f5-47df-b30f-76e8836f4c59:c1932, f9704f82-adf1-457c-ad29-9b573bc67fa6:c1927, 932806d8-5f5d-4457-8f95-c9b7f9036eae:c1930]
2019-08-07 03:27:13,817 INFO  client.GrpcClientProtocolClient (GrpcClientProtocolClient.java:onNext(255)) - client-23C834B07313->edccc055-c3f5-47df-b30f-76e8836f4c59: receive RaftClientReply:client-23C834B07313->edccc055-c3f5-47df-b30f-76e8836f4c59@group-ED32739C8BBB, cid=1369, SUCCESS, logIndex=0, commits[edccc055-c3f5-47df-b30f-76e8836f4c59:c1933, f9704f82-adf1-457c-ad29-9b573bc67fa6:c1931, 932806d8-5f5d-4457-8f95-c9b7f9036eae:c1931]
2019-08-07 03:27:13,841 INFO  client.GrpcClientProtocolClient (GrpcClientProtocolClient.java:onNext(255)) - client-23C834B07313->edccc055-c3f5-47df-b30f-76e8836f4c59: receive RaftClientReply:client-23C834B07313->edccc055-c3f5-47df-b30f-76e8836f4c59@group-ED32739C8BBB, cid=1370, SUCCESS, logIndex=1934, commits[edccc055-c3f5-47df-b30f-76e8836f4c59:c1935, f9704f82-adf1-457c-ad29-9b573bc67fa6:c1933, 932806d8-5f5d-4457-8f95-c9b7f9036eae:c1933]
2019-08-07 03:27:13,842 INFO  client.GrpcClientProtocolClient (GrpcClientProtocolClient.java:onNext(255)) - client-23C834B07313->edccc055-c3f5-47df-b30f-76e8836f4c59: receive RaftClientReply:client-23C834B07313->edccc055-c3f5-47df-b30f-76e8836f4c59@group-ED32739C8BBB, cid=1371, SUCCESS, logIndex=1935, commits[edccc055-c3f5-47df-b30f-76e8836f4c59:c1935, f9704f82-adf1-457c-ad29-9b573bc67fa6:c1933, 932806d8-5f5d-4457-8f95-c9b7f9036eae:c1933]
2019-08-07 03:27:13,843 INFO  client.GrpcClientProtocolClient (GrpcClientProtocolClient.java:onNext(255)) - client-23C834B07313->edccc055-c3f5-47df-b30f-76e8836f4c59: receive RaftClientReply:client-23C834B07313->edccc055-c3f5-47df-b30f-76e8836f4c59@group-ED32739C8BBB, cid=1372, SUCCESS, logIndex=1936, commits[edccc055-c3f5-47df-b30f-76e8836f4c59:c1937, f9704f82-adf1-457c-ad29-9b573bc67fa6:c1933, 932806d8-5f5d-4457-8f95-c9b7f9036eae:c1933]
2019-08-07 03:27:13,843 INFO  client.GrpcClientProtocolClient (GrpcClientProtocolClient.java:onNext(255)) - client-23C834B07313->edccc055-c3f5-47df-b30f-76e8836f4c59: receive RaftClientReply:client-23C834B07313->edccc055-c3f5-47df-b30f-76e8836f4c59@group-ED32739C8BBB, cid=1373, SUCCESS, logIndex=1937, commits[edccc055-c3f5-47df-b30f-76e8836f4c59:c1937, f9704f82-adf1-457c-ad29-9b573bc67fa6:c1933, 932806d8-5f5d-4457-8f95-c9b7f9036eae:c1933]
2019-08-07 03:27:13,848 INFO  client.GrpcClientProtocolClient (GrpcClientProtocolClient.java:onNext(255)) - client-23C834B07313->edccc055-c3f5-47df-b30f-76e8836f4c59: receive RaftClientReply:client-23C834B07313->edccc055-c3f5-47df-b30f-76e8836f4c59@group-ED32739C8BBB, cid=1374, SUCCESS, logIndex=0, commits[edccc055-c3f5-47df-b30f-76e8836f4c59:c1939, f9704f82-adf1-457c-ad29-9b573bc67fa6:c1935, 932806d8-5f5d-4457-8f95-c9b7f9036eae:c1935]
2019-08-07 03:27:13,861 INFO  client.GrpcClientProtocolClient (GrpcClientProtocolClient.java:onNext(255)) - client-23C834B07313->edccc055-c3f5-47df-b30f-76e8836f4c59: receive RaftClientReply:client-23C834B07313->edccc055-c3f5-47df-b30f-76e8836f4c59@group-ED32739C8BBB, cid=1375, SUCCESS, logIndex=1942, commits[edccc055-c3f5-47df-b30f-76e8836f4c59:c1942, f9704f82-adf1-457c-ad29-9b573bc67fa6:c1937, 932806d8-5f5d-4457-8f95-c9b7f9036eae:c1941]
2019-08-07 03:27:13,861 INFO  client.GrpcClientProtocolClient (GrpcClientProtocolClient.java:onNext(255)) - client-23C834B07313->edccc055-c3f5-47df-b30f-76e8836f4c59: receive RaftClientReply:client-23C834B07313->edccc055-c3f5-47df-b30f-76e8836f4c59@group-ED32739C8BBB, cid=1376, SUCCESS, logIndex=1943, commits[edccc055-c3f5-47df-b30f-76e8836f4c59:c1943, f9704f82-adf1-457c-ad29-9b573bc67fa6:c1941, 932806d8-5f5d-4457-8f95-c9b7f9036eae:c1941]
2019-08-07 03:27:13,902 INFO  client.GrpcClientProtocolClient (GrpcClientProtocolClient.java:onNext(255)) - client-23C834B07313->edccc055-c3f5-47df-b30f-76e8836f4c59: receive RaftClientReply:client-23C834B07313->edccc055-c3f5-47df-b30f-76e8836f4c59@group-ED32739C8BBB, cid=1377, SUCCESS, logIndex=1946, commits[edccc055-c3f5-47df-b30f-76e8836f4c59:c1947, f9704f82-adf1-457c-ad29-9b573bc67fa6:c1945, 932806d8-5f5d-4457-8f95-c9b7f9036eae:c1945]
2019-08-07 03:27:13,903 INFO  client.GrpcClientProtocolClient (GrpcClientProtocolClient.java:onNext(255)) - client-23C834B07313->edccc055-c3f5-47df-b30f-76e8836f4c59: receive RaftClientReply:client-23C834B07313->edccc055-c3f5-47df-b30f-76e8836f4c59@group-ED32739C8BBB, cid=1378, SUCCESS, logIndex=1947, commits[edccc055-c3f5-47df-b30f-76e8836f4c59:c1947, f9704f82-adf1-457c-ad29-9b573bc67fa6:c1945, 932806d8-5f5d-4457-8f95-c9b7f9036eae:c1945]
2019-08-07 03:27:13,914 INFO  client.GrpcClientProtocolClient (GrpcClientProtocolClient.java:onNext(255)) - client-23C834B07313->edccc055-c3f5-47df-b30f-76e8836f4c59: receive RaftClientReply:client-23C834B07313->edccc055-c3f5-47df-b30f-76e8836f4c59@group-ED32739C8BBB, cid=1379, SUCCESS, logIndex=0, commits[edccc055-c3f5-47df-b30f-76e8836f4c59:c1948, f9704f82-adf1-457c-ad29-9b573bc67fa6:c1947, 932806d8-5f5d-4457-8f95-c9b7f9036eae:c1947]
2019-08-07 03:27:13,942 INFO  client.GrpcClientProtocolClient (GrpcClientProtocolClient.java:onNext(255)) - client-23C834B07313->edccc055-c3f5-47df-b30f-76e8836f4c59: receive RaftClientReply:client-23C834B07313->edccc055-c3f5-47df-b30f-76e8836f4c59@group-ED32739C8BBB, cid=1380, SUCCESS, logIndex=1950, commits[edccc055-c3f5-47df-b30f-76e8836f4c59:c1952, f9704f82-adf1-457c-ad29-9b573bc67fa6:c1949, 932806d8-5f5d-4457-8f95-c9b7f9036eae:c1949]
2019-08-07 03:27:13,943 INFO  client.GrpcClientProtocolClient (GrpcClientProtocolClient.java:onNext(255)) - client-23C834B07313->edccc055-c3f5-47df-b30f-76e8836f4c59: receive RaftClientReply:client-23C834B07313->edccc055-c3f5-47df-b30f-76e8836f4c59@group-ED32739C8BBB, cid=1381, SUCCESS, logIndex=1951, commits[edccc055-c3f5-47df-b30f-76e8836f4c59:c1953, f9704f82-adf1-457c-ad29-9b573bc67fa6:c1949, 932806d8-5f5d-4457-8f95-c9b7f9036eae:c1949]
2019-08-07 03:27:13,943 INFO  client.GrpcClientProtocolClient (GrpcClientProtocolClient.java:onNext(255)) - client-23C834B07313->edccc055-c3f5-47df-b30f-76e8836f4c59: receive RaftClientReply:client-23C834B07313->edccc055-c3f5-47df-b30f-76e8836f4c59@group-ED32739C8BBB, cid=1382, SUCCESS, logIndex=1952, commits[edccc055-c3f5-47df-b30f-76e8836f4c59:c1953, f9704f82-adf1-457c-ad29-9b573bc67fa6:c1949, 932806d8-5f5d-4457-8f95-c9b7f9036eae:c1949]
2019-08-07 03:27:13,943 INFO  client.GrpcClientProtocolClient (GrpcClientProtocolClient.java:onNext(255)) - client-23C834B07313->edccc055-c3f5-47df-b30f-76e8836f4c59: receive RaftClientReply:client-23C834B07313->edccc055-c3f5-47df-b30f-76e8836f4c59@group-ED32739C8BBB, cid=1383, SUCCESS, logIndex=1953, commits[edccc055-c3f5-47df-b30f-76e8836f4c59:c1953, f9704f82-adf1-457c-ad29-9b573bc67fa6:c1949, 932806d8-5f5d-4457-8f95-c9b7f9036eae:c1949]
2019-08-07 03:27:13,945 INFO  client.GrpcClientProtocolClient (GrpcClientProtocolClient.java:onNext(255)) - client-23C834B07313->edccc055-c3f5-47df-b30f-76e8836f4c59: receive RaftClientReply:client-23C834B07313->edccc055-c3f5-47df-b30f-76e8836f4c59@group-ED32739C8BBB, cid=1384, SUCCESS, logIndex=0, commits[edccc055-c3f5-47df-b30f-76e8836f4c59:c1954, f9704f82-adf1-457c-ad29-9b573bc67fa6:c1951, 932806d8-5f5d-4457-8f95-c9b7f9036eae:c1951]
2019-08-07 03:27:13,958 INFO  client.GrpcClientProtocolClient (GrpcClientProtocolClient.java:onNext(255)) - client-23C834B07313->edccc055-c3f5-47df-b30f-76e8836f4c59: receive RaftClientReply:client-23C834B07313->edccc055-c3f5-47df-b30f-76e8836f4c59@group-ED32739C8BBB, cid=1385, SUCCESS, logIndex=1958, commits[edccc055-c3f5-47df-b30f-76e8836f4c59:c1959, f9704f82-adf1-457c-ad29-9b573bc67fa6:c1953, 932806d8-5f5d-4457-8f95-c9b7f9036eae:c1954]
2019-08-07 03:27:13,958 INFO  client.GrpcClientProtocolClient (GrpcClientProtocolClient.java:onNext(255)) - client-23C834B07313->edccc055-c3f5-47df-b30f-76e8836f4c59: receive RaftClientReply:client-23C834B07313->edccc055-c3f5-47df-b30f-76e8836f4c59@group-ED32739C8BBB, cid=1386, SUCCESS, logIndex=1959, commits[edccc055-c3f5-47df-b30f-76e8836f4c59:c1959, f9704f82-adf1-457c-ad29-9b573bc67fa6:c1953, 932806d8-5f5d-4457-8f95-c9b7f9036eae:c1954]
2019-08-07 03:27:13,973 INFO  client.GrpcClientProtocolClient (GrpcClientProtocolClient.java:onNext(255)) - client-23C834B07313->edccc055-c3f5-47df-b30f-76e8836f4c59: receive RaftClientReply:client-23C834B07313->edccc055-c3f5-47df-b30f-76e8836f4c59@group-ED32739C8BBB, cid=1387, SUCCESS, logIndex=1962, commits[edccc055-c3f5-47df-b30f-76e8836f4c59:c1963, f9704f82-adf1-457c-ad29-9b573bc67fa6:c1960, 932806d8-5f5d-4457-8f95-c9b7f9036eae:c1959]
2019-08-07 03:27:13,973 INFO  client.GrpcClientProtocolClient (GrpcClientProtocolClient.java:onNext(255)) - client-23C834B07313->edccc055-c3f5-47df-b30f-76e8836f4c59: receive RaftClientReply:client-23C834B07313->edccc055-c3f5-47df-b30f-76e8836f4c59@group-ED32739C8BBB, cid=1388, SUCCESS, logIndex=1963, commits[edccc055-c3f5-47df-b30f-76e8836f4c59:c1963, f9704f82-adf1-457c-ad29-9b573bc67fa6:c1960, 932806d8-5f5d-4457-8f95-c9b7f9036eae:c1959]
2019-08-07 03:27:13,988 INFO  client.GrpcClientProtocolClient (GrpcClientProtocolClient.java:onNext(255)) - client-23C834B07313->edccc055-c3f5-47df-b30f-76e8836f4c59: receive RaftClientReply:client-23C834B07313->edccc055-c3f5-47df-b30f-76e8836f4c59@group-ED32739C8BBB, cid=1389, SUCCESS, logIndex=0, commits[edccc055-c3f5-47df-b30f-76e8836f4c59:c1964, f9704f82-adf1-457c-ad29-9b573bc67fa6:c1963, 932806d8-5f5d-4457-8f95-c9b7f9036eae:c1963]
2019-08-07 03:27:14,014 INFO  client.GrpcClientProtocolClient (GrpcClientProtocolClient.java:onNext(255)) - client-23C834B07313->edccc055-c3f5-47df-b30f-76e8836f4c59: receive RaftClientReply:client-23C834B07313->edccc055-c3f5-47df-b30f-76e8836f4c59@group-ED32739C8BBB, cid=1390, SUCCESS, logIndex=1966, commits[edccc055-c3f5-47df-b30f-76e8836f4c59:c1967, f9704f82-adf1-457c-ad29-9b573bc67fa6:c1965, 932806d8-5f5d-4457-8f95-c9b7f9036eae:c1965]
2019-08-07 03:27:14,016 INFO  client.GrpcClientProtocolClient (GrpcClientProtocolClient.java:onNext(255)) - client-23C834B07313->edccc055-c3f5-47df-b30f-76e8836f4c59: receive RaftClientReply:client-23C834B07313->edccc055-c3f5-47df-b30f-76e8836f4c59@group-ED32739C8BBB, cid=1391, SUCCESS, logIndex=1967, commits[edccc055-c3f5-47df-b30f-76e8836f4c59:c1967, f9704f82-adf1-457c-ad29-9b573bc67fa6:c1965, 932806d8-5f5d-4457-8f95-c9b7f9036eae:c1965]
2019-08-07 03:27:14,024 INFO  client.GrpcClientProtocolClient (GrpcClientProtocolClient.java:onNext(255)) - client-23C834B07313->edccc055-c3f5-47df-b30f-76e8836f4c59: receive RaftClientReply:client-23C834B07313->edccc055-c3f5-47df-b30f-76e8836f4c59@group-ED32739C8BBB, cid=1392, SUCCESS, logIndex=1968, commits[edccc055-c3f5-47df-b30f-76e8836f4c59:c1969, f9704f82-adf1-457c-ad29-9b573bc67fa6:c1965, 932806d8-5f5d-4457-8f95-c9b7f9036eae:c1965]
2019-08-07 03:27:14,024 INFO  client.GrpcClientProtocolClient (GrpcClientProtocolClient.java:onNext(255)) - client-23C834B07313->edccc055-c3f5-47df-b30f-76e8836f4c59: receive RaftClientReply:client-23C834B07313->edccc055-c3f5-47df-b30f-76e8836f4c59@group-ED32739C8BBB, cid=1393, SUCCESS, logIndex=1969, commits[edccc055-c3f5-47df-b30f-76e8836f4c59:c1969, f9704f82-adf1-457c-ad29-9b573bc67fa6:c1965, 932806d8-5f5d-4457-8f95-c9b7f9036eae:c1965]
2019-08-07 03:27:14,039 INFO  client.GrpcClientProtocolClient (GrpcClientProtocolClient.java:onNext(255)) - client-23C834B07313->edccc055-c3f5-47df-b30f-76e8836f4c59: receive RaftClientReply:client-23C834B07313->edccc055-c3f5-47df-b30f-76e8836f4c59@group-ED32739C8BBB, cid=1394, SUCCESS, logIndex=0, commits[edccc055-c3f5-47df-b30f-76e8836f4c59:c1971, f9704f82-adf1-457c-ad29-9b573bc67fa6:c1967, 932806d8-5f5d-4457-8f95-c9b7f9036eae:c1967]
2019-08-07 03:27:14,061 INFO  client.GrpcClientProtocolClient (GrpcClientProtocolClient.java:onNext(255)) - client-23C834B07313->edccc055-c3f5-47df-b30f-76e8836f4c59: receive RaftClientReply:client-23C834B07313->edccc055-c3f5-47df-b30f-76e8836f4c59@group-ED32739C8BBB, cid=1395, SUCCESS, logIndex=1974, commits[edccc055-c3f5-47df-b30f-76e8836f4c59:c1975, f9704f82-adf1-457c-ad29-9b573bc67fa6:c1973, 932806d8-5f5d-4457-8f95-c9b7f9036eae:c1973]
2019-08-07 03:27:14,062 INFO  client.GrpcClientProtocolClient (GrpcClientProtocolClient.java:onNext(255)) - client-23C834B07313->edccc055-c3f5-47df-b30f-76e8836f4c59: receive RaftClientReply:client-23C834B07313->edccc055-c3f5-47df-b30f-76e8836f4c59@group-ED32739C8BBB, cid=1396, SUCCESS, logIndex=1975, commits[edccc055-c3f5-47df-b30f-76e8836f4c59:c1975, f9704f82-adf1-457c-ad29-9b573bc67fa6:c1973, 932806d8-5f5d-4457-8f95-c9b7f9036eae:c1973]
2019-08-07 03:27:14,088 INFO  client.GrpcClientProtocolClient (GrpcClientProtocolClient.java:onNext(255)) - client-23C834B07313->edccc055-c3f5-47df-b30f-76e8836f4c59: receive RaftClientReply:client-23C834B07313->edccc055-c3f5-47df-b30f-76e8836f4c59@group-ED32739C8BBB, cid=1397, SUCCESS, logIndex=1978, commits[edccc055-c3f5-47df-b30f-76e8836f4c59:c1979, f9704f82-adf1-457c-ad29-9b573bc67fa6:c1975, 932806d8-5f5d-4457-8f95-c9b7f9036eae:c1975]
2019-08-07 03:27:14,089 INFO  client.GrpcClientProtocolClient (GrpcClientProtocolClient.java:onNext(255)) - client-23C834B07313->edccc055-c3f5-47df-b30f-76e8836f4c59: receive RaftClientReply:client-23C834B07313->edccc055-c3f5-47df-b30f-76e8836f4c59@group-ED32739C8BBB, cid=1398, SUCCESS, logIndex=1979, commits[edccc055-c3f5-47df-b30f-76e8836f4c59:c1979, f9704f82-adf1-457c-ad29-9b573bc67fa6:c1975, 932806d8-5f5d-4457-8f95-c9b7f9036eae:c1975]
2019-08-07 03:27:14,111 INFO  client.GrpcClientProtocolClient (GrpcClientProtocolClient.java:onNext(255)) - client-23C834B07313->edccc055-c3f5-47df-b30f-76e8836f4c59: receive RaftClientReply:client-23C834B07313->edccc055-c3f5-47df-b30f-76e8836f4c59@group-ED32739C8BBB, cid=1399, SUCCESS, logIndex=0, commits[edccc055-c3f5-47df-b30f-76e8836f4c59:c1981, f9704f82-adf1-457c-ad29-9b573bc67fa6:c1979, 932806d8-5f5d-4457-8f95-c9b7f9036eae:c1979]
2019-08-07 03:27:14,151 INFO  client.GrpcClientProtocolClient (GrpcClientProtocolClient.java:onNext(255)) - client-23C834B07313->edccc055-c3f5-47df-b30f-76e8836f4c59: receive RaftClientReply:client-23C834B07313->edccc055-c3f5-47df-b30f-76e8836f4c59@group-ED32739C8BBB, cid=1400, SUCCESS, logIndex=1982, commits[edccc055-c3f5-47df-b30f-76e8836f4c59:c1983, f9704f82-adf1-457c-ad29-9b573bc67fa6:c1981, 932806d8-5f5d-4457-8f95-c9b7f9036eae:c1981]
2019-08-07 03:27:14,151 INFO  client.GrpcClientProtocolClient (GrpcClientProtocolClient.java:onNext(255)) - client-23C834B07313->edccc055-c3f5-47df-b30f-76e8836f4c59: receive RaftClientReply:client-23C834B07313->edccc055-c3f5-47df-b30f-76e8836f4c59@group-ED32739C8BBB, cid=1401, SUCCESS, logIndex=1983, commits[edccc055-c3f5-47df-b30f-76e8836f4c59:c1985, f9704f82-adf1-457c-ad29-9b573bc67fa6:c1981, 932806d8-5f5d-4457-8f95-c9b7f9036eae:c1981]
2019-08-07 03:27:14,152 INFO  client.GrpcClientProtocolClient (GrpcClientProtocolClient.java:onNext(255)) - client-23C834B07313->edccc055-c3f5-47df-b30f-76e8836f4c59: receive RaftClientReply:client-23C834B07313->edccc055-c3f5-47df-b30f-76e8836f4c59@group-ED32739C8BBB, cid=1402, SUCCESS, logIndex=1984, commits[edccc055-c3f5-47df-b30f-76e8836f4c59:c1985, f9704f82-adf1-457c-ad29-9b573bc67fa6:c1981, 932806d8-5f5d-4457-8f95-c9b7f9036eae:c1981]
2019-08-07 03:27:14,152 INFO  client.GrpcClientProtocolClient (GrpcClientProtocolClient.java:onNext(255)) - client-23C834B07313->edccc055-c3f5-47df-b30f-76e8836f4c59: receive RaftClientReply:client-23C834B07313->edccc055-c3f5-47df-b30f-76e8836f4c59@group-ED32739C8BBB, cid=1403, SUCCESS, logIndex=1985, commits[edccc055-c3f5-47df-b30f-76e8836f4c59:c1985, f9704f82-adf1-457c-ad29-9b573bc67fa6:c1981, 932806d8-5f5d-4457-8f95-c9b7f9036eae:c1981]
2019-08-07 03:27:14,154 INFO  client.GrpcClientProtocolClient (GrpcClientProtocolClient.java:onNext(255)) - client-23C834B07313->edccc055-c3f5-47df-b30f-76e8836f4c59: receive RaftClientReply:client-23C834B07313->edccc055-c3f5-47df-b30f-76e8836f4c59@group-ED32739C8BBB, cid=1404, SUCCESS, logIndex=0, commits[edccc055-c3f5-47df-b30f-76e8836f4c59:c1986, f9704f82-adf1-457c-ad29-9b573bc67fa6:c1983, 932806d8-5f5d-4457-8f95-c9b7f9036eae:c1983]
2019-08-07 03:27:14,179 INFO  client.GrpcClientProtocolClient (GrpcClientProtocolClient.java:onNext(255)) - client-23C834B07313->edccc055-c3f5-47df-b30f-76e8836f4c59: receive RaftClientReply:client-23C834B07313->edccc055-c3f5-47df-b30f-76e8836f4c59@group-ED32739C8BBB, cid=1405, SUCCESS, logIndex=1989, commits[edccc055-c3f5-47df-b30f-76e8836f4c59:c1990, f9704f82-adf1-457c-ad29-9b573bc67fa6:c1986, 932806d8-5f5d-4457-8f95-c9b7f9036eae:c1985]
2019-08-07 03:27:14,180 INFO  client.GrpcClientProtocolClient (GrpcClientProtocolClient.java:onNext(255)) - client-23C834B07313->edccc055-c3f5-47df-b30f-76e8836f4c59: receive RaftClientReply:client-23C834B07313->edccc055-c3f5-47df-b30f-76e8836f4c59@group-ED32739C8BBB, cid=1406, SUCCESS, logIndex=1990, commits[edccc055-c3f5-47df-b30f-76e8836f4c59:c1990, f9704f82-adf1-457c-ad29-9b573bc67fa6:c1986, 932806d8-5f5d-4457-8f95-c9b7f9036eae:c1986]
2019-08-07 03:27:14,195 INFO  client.GrpcClientProtocolClient (GrpcClientProtocolClient.java:onNext(255)) - client-23C834B07313->edccc055-c3f5-47df-b30f-76e8836f4c59: receive RaftClientReply:client-23C834B07313->edccc055-c3f5-47df-b30f-76e8836f4c59@group-ED32739C8BBB, cid=1407, SUCCESS, logIndex=1993, commits[edccc055-c3f5-47df-b30f-76e8836f4c59:c1994, f9704f82-adf1-457c-ad29-9b573bc67fa6:c1991, 932806d8-5f5d-4457-8f95-c9b7f9036eae:c1990]
2019-08-07 03:27:14,195 INFO  client.GrpcClientProtocolClient (GrpcClientProtocolClient.java:onNext(255)) - client-23C834B07313->edccc055-c3f5-47df-b30f-76e8836f4c59: receive RaftClientReply:client-23C834B07313->edccc055-c3f5-47df-b30f-76e8836f4c59@group-ED32739C8BBB, cid=1408, SUCCESS, logIndex=1994, commits[edccc055-c3f5-47df-b30f-76e8836f4c59:c1994, f9704f82-adf1-457c-ad29-9b573bc67fa6:c1991, 932806d8-5f5d-4457-8f95-c9b7f9036eae:c1990]
2019-08-07 03:27:14,210 INFO  client.GrpcClientProtocolClient (GrpcClientProtocolClient.java:onNext(255)) - client-23C834B07313->edccc055-c3f5-47df-b30f-76e8836f4c59: receive RaftClientReply:client-23C834B07313->edccc055-c3f5-47df-b30f-76e8836f4c59@group-ED32739C8BBB, cid=1409, SUCCESS, logIndex=0, commits[edccc055-c3f5-47df-b30f-76e8836f4c59:c1996, f9704f82-adf1-457c-ad29-9b573bc67fa6:c1994, 932806d8-5f5d-4457-8f95-c9b7f9036eae:c1994]
2019-08-07 03:27:14,242 INFO  client.GrpcClientProtocolClient (GrpcClientProtocolClient.java:onNext(255)) - client-23C834B07313->edccc055-c3f5-47df-b30f-76e8836f4c59: receive RaftClientReply:client-23C834B07313->edccc055-c3f5-47df-b30f-76e8836f4c59@group-ED32739C8BBB, cid=1410, SUCCESS, logIndex=1997, commits[edccc055-c3f5-47df-b30f-76e8836f4c59:c1998, f9704f82-adf1-457c-ad29-9b573bc67fa6:c1996, 932806d8-5f5d-4457-8f95-c9b7f9036eae:c1996]
2019-08-07 03:27:14,243 INFO  client.GrpcClientProtocolClient (GrpcClientProtocolClient.java:onNext(255)) - client-23C834B07313->edccc055-c3f5-47df-b30f-76e8836f4c59: receive RaftClientReply:client-23C834B07313->edccc055-c3f5-47df-b30f-76e8836f4c59@group-ED32739C8BBB, cid=1411, SUCCESS, logIndex=1998, commits[edccc055-c3f5-47df-b30f-76e8836f4c59:c1998, f9704f82-adf1-457c-ad29-9b573bc67fa6:c1996, 932806d8-5f5d-4457-8f95-c9b7f9036eae:c1996]
2019-08-07 03:27:14,254 INFO  client.GrpcClientProtocolClient (GrpcClientProtocolClient.java:onNext(255)) - client-23C834B07313->edccc055-c3f5-47df-b30f-76e8836f4c59: receive RaftClientReply:client-23C834B07313->edccc055-c3f5-47df-b30f-76e8836f4c59@group-ED32739C8BBB, cid=1412, SUCCESS, logIndex=1999, commits[edccc055-c3f5-47df-b30f-76e8836f4c59:c2000, f9704f82-adf1-457c-ad29-9b573bc67fa6:c1996, 932806d8-5f5d-4457-8f95-c9b7f9036eae:c1996]
2019-08-07 03:27:14,254 INFO  client.GrpcClientProtocolClient (GrpcClientProtocolClient.java:onNext(255)) - client-23C834B07313->edccc055-c3f5-47df-b30f-76e8836f4c59: receive RaftClientReply:client-23C834B07313->edccc055-c3f5-47df-b30f-76e8836f4c59@group-ED32739C8BBB, cid=1413, SUCCESS, logIndex=2000, commits[edccc055-c3f5-47df-b30f-76e8836f4c59:c2000, f9704f82-adf1-457c-ad29-9b573bc67fa6:c1996, 932806d8-5f5d-4457-8f95-c9b7f9036eae:c1996]
 0.00% |█                                                                                                    |  0/1 Time: 0:00:102019-08-07 03:27:14,270 INFO  client.GrpcClientProtocolClient (GrpcClientProtocolClient.java:onNext(255)) - client-23C834B07313->edccc055-c3f5-47df-b30f-76e8836f4c59: receive RaftClientReply:client-23C834B07313->edccc055-c3f5-47df-b30f-76e8836f4c59@group-ED32739C8BBB, cid=1414, SUCCESS, logIndex=0, commits[edccc055-c3f5-47df-b30f-76e8836f4c59:c2003, f9704f82-adf1-457c-ad29-9b573bc67fa6:c2000, 932806d8-5f5d-4457-8f95-c9b7f9036eae:c1998]
2019-08-07 03:27:14,389 INFO  client.GrpcClientProtocolClient (GrpcClientProtocolClient.java:onNext(255)) - client-23C834B07313->edccc055-c3f5-47df-b30f-76e8836f4c59: receive RaftClientReply:client-23C834B07313->edccc055-c3f5-47df-b30f-76e8836f4c59@group-ED32739C8BBB, cid=1415, SUCCESS, logIndex=2005, commits[edccc055-c3f5-47df-b30f-76e8836f4c59:c2006, f9704f82-adf1-457c-ad29-9b573bc67fa6:c2004, 932806d8-5f5d-4457-8f95-c9b7f9036eae:c2004]
2019-08-07 03:27:14,390 INFO  client.GrpcClientProtocolClient (GrpcClientProtocolClient.java:onNext(255)) - client-23C834B07313->edccc055-c3f5-47df-b30f-76e8836f4c59: receive RaftClientReply:client-23C834B07313->edccc055-c3f5-47df-b30f-76e8836f4c59@group-ED32739C8BBB, cid=1416, SUCCESS, logIndex=2006, commits[edccc055-c3f5-47df-b30f-76e8836f4c59:c2006, f9704f82-adf1-457c-ad29-9b573bc67fa6:c2004, 932806d8-5f5d-4457-8f95-c9b7f9036eae:c2004]
2019-08-07 03:27:14,413 INFO  client.GrpcClientProtocolClient (GrpcClientProtocolClient.java:onNext(255)) - client-23C834B07313->edccc055-c3f5-47df-b30f-76e8836f4c59: receive RaftClientReply:client-23C834B07313->edccc055-c3f5-47df-b30f-76e8836f4c59@group-ED32739C8BBB, cid=1417, SUCCESS, logIndex=2009, commits[edccc055-c3f5-47df-b30f-76e8836f4c59:c2010, f9704f82-adf1-457c-ad29-9b573bc67fa6:c2006, 932806d8-5f5d-4457-8f95-c9b7f9036eae:c2006]
2019-08-07 03:27:14,414 INFO  client.GrpcClientProtocolClient (GrpcClientProtocolClient.java:onNext(255)) - client-23C834B07313->edccc055-c3f5-47df-b30f-76e8836f4c59: receive RaftClientReply:client-23C834B07313->edccc055-c3f5-47df-b30f-76e8836f4c59@group-ED32739C8BBB, cid=1418, SUCCESS, logIndex=2010, commits[edccc055-c3f5-47df-b30f-76e8836f4c59:c2010, f9704f82-adf1-457c-ad29-9b573bc67fa6:c2006, 932806d8-5f5d-4457-8f95-c9b7f9036eae:c2006]
2019-08-07 03:27:14,428 INFO  client.GrpcClientProtocolClient (GrpcClientProtocolClient.java:onNext(255)) - client-23C834B07313->edccc055-c3f5-47df-b30f-76e8836f4c59: receive RaftClientReply:client-23C834B07313->edccc055-c3f5-47df-b30f-76e8836f4c59@group-ED32739C8BBB, cid=1419, SUCCESS, logIndex=0, commits[edccc055-c3f5-47df-b30f-76e8836f4c59:c2012, f9704f82-adf1-457c-ad29-9b573bc67fa6:c2010, 932806d8-5f5d-4457-8f95-c9b7f9036eae:c2010]
2019-08-07 03:27:14,459 INFO  client.GrpcClientProtocolClient (GrpcClientProtocolClient.java:onNext(255)) - client-23C834B07313->edccc055-c3f5-47df-b30f-76e8836f4c59: receive RaftClientReply:client-23C834B07313->edccc055-c3f5-47df-b30f-76e8836f4c59@group-ED32739C8BBB, cid=1420, SUCCESS, logIndex=2013, commits[edccc055-c3f5-47df-b30f-76e8836f4c59:c2014, f9704f82-adf1-457c-ad29-9b573bc67fa6:c2012, 932806d8-5f5d-4457-8f95-c9b7f9036eae:c2012]
2019-08-07 03:27:14,460 INFO  client.GrpcClientProtocolClient (GrpcClientProtocolClient.java:onNext(255)) - client-23C834B07313->edccc055-c3f5-47df-b30f-76e8836f4c59: receive RaftClientReply:client-23C834B07313->edccc055-c3f5-47df-b30f-76e8836f4c59@group-ED32739C8BBB, cid=1421, SUCCESS, logIndex=2014, commits[edccc055-c3f5-47df-b30f-76e8836f4c59:c2014, f9704f82-adf1-457c-ad29-9b573bc67fa6:c2012, 932806d8-5f5d-4457-8f95-c9b7f9036eae:c2012]
2019-08-07 03:27:14,470 INFO  client.GrpcClientProtocolClient (GrpcClientProtocolClient.java:onNext(255)) - client-23C834B07313->edccc055-c3f5-47df-b30f-76e8836f4c59: receive RaftClientReply:client-23C834B07313->edccc055-c3f5-47df-b30f-76e8836f4c59@group-ED32739C8BBB, cid=1422, SUCCESS, logIndex=2015, commits[edccc055-c3f5-47df-b30f-76e8836f4c59:c2016, f9704f82-adf1-457c-ad29-9b573bc67fa6:c2012, 932806d8-5f5d-4457-8f95-c9b7f9036eae:c2012]
2019-08-07 03:27:14,470 INFO  client.GrpcClientProtocolClient (GrpcClientProtocolClient.java:onNext(255)) - client-23C834B07313->edccc055-c3f5-47df-b30f-76e8836f4c59: receive RaftClientReply:client-23C834B07313->edccc055-c3f5-47df-b30f-76e8836f4c59@group-ED32739C8BBB, cid=1423, SUCCESS, logIndex=2016, commits[edccc055-c3f5-47df-b30f-76e8836f4c59:c2016, f9704f82-adf1-457c-ad29-9b573bc67fa6:c2012, 932806d8-5f5d-4457-8f95-c9b7f9036eae:c2012]
2019-08-07 03:27:14,473 INFO  client.GrpcClientProtocolClient (GrpcClientProtocolClient.java:onNext(255)) - client-23C834B07313->edccc055-c3f5-47df-b30f-76e8836f4c59: receive RaftClientReply:client-23C834B07313->edccc055-c3f5-47df-b30f-76e8836f4c59@group-ED32739C8BBB, cid=1424, SUCCESS, logIndex=0, commits[edccc055-c3f5-47df-b30f-76e8836f4c59:c2018, f9704f82-adf1-457c-ad29-9b573bc67fa6:c2014, 932806d8-5f5d-4457-8f95-c9b7f9036eae:c2014]
2019-08-07 03:27:14,486 INFO  client.GrpcClientProtocolClient (GrpcClientProtocolClient.java:onNext(255)) - client-23C834B07313->edccc055-c3f5-47df-b30f-76e8836f4c59: receive RaftClientReply:client-23C834B07313->edccc055-c3f5-47df-b30f-76e8836f4c59@group-ED32739C8BBB, cid=1425, SUCCESS, logIndex=2021, commits[edccc055-c3f5-47df-b30f-76e8836f4c59:c2022, f9704f82-adf1-457c-ad29-9b573bc67fa6:c2018, 932806d8-5f5d-4457-8f95-c9b7f9036eae:c2016]
2019-08-07 03:27:14,487 INFO  client.GrpcClientProtocolClient (GrpcClientProtocolClient.java:onNext(255)) - client-23C834B07313->edccc055-c3f5-47df-b30f-76e8836f4c59: receive RaftClientReply:client-23C834B07313->edccc055-c3f5-47df-b30f-76e8836f4c59@group-ED32739C8BBB, cid=1426, SUCCESS, logIndex=2022, commits[edccc055-c3f5-47df-b30f-76e8836f4c59:c2022, f9704f82-adf1-457c-ad29-9b573bc67fa6:c2018, 932806d8-5f5d-4457-8f95-c9b7f9036eae:c2016]
2019-08-07 03:27:14,515 INFO  client.GrpcClientProtocolClient (GrpcClientProtocolClient.java:onNext(255)) - client-23C834B07313->edccc055-c3f5-47df-b30f-76e8836f4c59: receive RaftClientReply:client-23C834B07313->edccc055-c3f5-47df-b30f-76e8836f4c59@group-ED32739C8BBB, cid=1427, SUCCESS, logIndex=2025, commits[edccc055-c3f5-47df-b30f-76e8836f4c59:c2025, f9704f82-adf1-457c-ad29-9b573bc67fa6:c2022, 932806d8-5f5d-4457-8f95-c9b7f9036eae:c2022]
2019-08-07 03:27:14,516 INFO  client.GrpcClientProtocolClient (GrpcClientProtocolClient.java:onNext(255)) - client-23C834B07313->edccc055-c3f5-47df-b30f-76e8836f4c59: receive RaftClientReply:client-23C834B07313->edccc055-c3f5-47df-b30f-76e8836f4c59@group-ED32739C8BBB, cid=1428, SUCCESS, logIndex=2026, commits[edccc055-c3f5-47df-b30f-76e8836f4c59:c2026, f9704f82-adf1-457c-ad29-9b573bc67fa6:c2022, 932806d8-5f5d-4457-8f95-c9b7f9036eae:c2022]
2019-08-07 03:27:14,541 INFO  client.GrpcClientProtocolClient (GrpcClientProtocolClient.java:onNext(255)) - client-23C834B07313->edccc055-c3f5-47df-b30f-76e8836f4c59: receive RaftClientReply:client-23C834B07313->edccc055-c3f5-47df-b30f-76e8836f4c59@group-ED32739C8BBB, cid=1429, SUCCESS, logIndex=0, commits[edccc055-c3f5-47df-b30f-76e8836f4c59:c2028, f9704f82-adf1-457c-ad29-9b573bc67fa6:c2026, 932806d8-5f5d-4457-8f95-c9b7f9036eae:c2026]
2019-08-07 03:27:14,572 INFO  client.GrpcClientProtocolClient (GrpcClientProtocolClient.java:onNext(255)) - client-23C834B07313->edccc055-c3f5-47df-b30f-76e8836f4c59: receive RaftClientReply:client-23C834B07313->edccc055-c3f5-47df-b30f-76e8836f4c59@group-ED32739C8BBB, cid=1430, SUCCESS, logIndex=2029, commits[edccc055-c3f5-47df-b30f-76e8836f4c59:c2030, f9704f82-adf1-457c-ad29-9b573bc67fa6:c2028, 932806d8-5f5d-4457-8f95-c9b7f9036eae:c2028]
2019-08-07 03:27:14,573 INFO  client.GrpcClientProtocolClient (GrpcClientProtocolClient.java:onNext(255)) - client-23C834B07313->edccc055-c3f5-47df-b30f-76e8836f4c59: receive RaftClientReply:client-23C834B07313->edccc055-c3f5-47df-b30f-76e8836f4c59@group-ED32739C8BBB, cid=1431, SUCCESS, logIndex=2030, commits[edccc055-c3f5-47df-b30f-76e8836f4c59:c2031, f9704f82-adf1-457c-ad29-9b573bc67fa6:c2028, 932806d8-5f5d-4457-8f95-c9b7f9036eae:c2028]
2019-08-07 03:27:14,573 INFO  client.GrpcClientProtocolClient (GrpcClientProtocolClient.java:onNext(255)) - client-23C834B07313->edccc055-c3f5-47df-b30f-76e8836f4c59: receive RaftClientReply:client-23C834B07313->edccc055-c3f5-47df-b30f-76e8836f4c59@group-ED32739C8BBB, cid=1432, SUCCESS, logIndex=2031, commits[edccc055-c3f5-47df-b30f-76e8836f4c59:c2032, f9704f82-adf1-457c-ad29-9b573bc67fa6:c2028, 932806d8-5f5d-4457-8f95-c9b7f9036eae:c2028]
2019-08-07 03:27:14,573 INFO  client.GrpcClientProtocolClient (GrpcClientProtocolClient.java:onNext(255)) - client-23C834B07313->edccc055-c3f5-47df-b30f-76e8836f4c59: receive RaftClientReply:client-23C834B07313->edccc055-c3f5-47df-b30f-76e8836f4c59@group-ED32739C8BBB, cid=1433, SUCCESS, logIndex=2032, commits[edccc055-c3f5-47df-b30f-76e8836f4c59:c2032, f9704f82-adf1-457c-ad29-9b573bc67fa6:c2028, 932806d8-5f5d-4457-8f95-c9b7f9036eae:c2028]
2019-08-07 03:27:14,587 INFO  client.GrpcClientProtocolClient (GrpcClientProtocolClient.java:onNext(255)) - client-23C834B07313->edccc055-c3f5-47df-b30f-76e8836f4c59: receive RaftClientReply:client-23C834B07313->edccc055-c3f5-47df-b30f-76e8836f4c59@group-ED32739C8BBB, cid=1434, SUCCESS, logIndex=0, commits[edccc055-c3f5-47df-b30f-76e8836f4c59:c2034, f9704f82-adf1-457c-ad29-9b573bc67fa6:c2030, 932806d8-5f5d-4457-8f95-c9b7f9036eae:c2030]
2019-08-07 03:27:14,608 INFO  client.GrpcClientProtocolClient (GrpcClientProtocolClient.java:onNext(255)) - client-23C834B07313->edccc055-c3f5-47df-b30f-76e8836f4c59: receive RaftClientReply:client-23C834B07313->edccc055-c3f5-47df-b30f-76e8836f4c59@group-ED32739C8BBB, cid=1435, SUCCESS, logIndex=2037, commits[edccc055-c3f5-47df-b30f-76e8836f4c59:c2038, f9704f82-adf1-457c-ad29-9b573bc67fa6:c2036, 932806d8-5f5d-4457-8f95-c9b7f9036eae:c2036]
2019-08-07 03:27:14,609 INFO  client.GrpcClientProtocolClient (GrpcClientProtocolClient.java:onNext(255)) - client-23C834B07313->edccc055-c3f5-47df-b30f-76e8836f4c59: receive RaftClientReply:client-23C834B07313->edccc055-c3f5-47df-b30f-76e8836f4c59@group-ED32739C8BBB, cid=1436, SUCCESS, logIndex=2038, commits[edccc055-c3f5-47df-b30f-76e8836f4c59:c2038, f9704f82-adf1-457c-ad29-9b573bc67fa6:c2036, 932806d8-5f5d-4457-8f95-c9b7f9036eae:c2036]
2019-08-07 03:27:14,626 INFO  client.GrpcClientProtocolClient (GrpcClientProtocolClient.java:onNext(255)) - client-23C834B07313->edccc055-c3f5-47df-b30f-76e8836f4c59: receive RaftClientReply:client-23C834B07313->edccc055-c3f5-47df-b30f-76e8836f4c59@group-ED32739C8BBB, cid=1437, SUCCESS, logIndex=2041, commits[edccc055-c3f5-47df-b30f-76e8836f4c59:c2042, f9704f82-adf1-457c-ad29-9b573bc67fa6:c2038, 932806d8-5f5d-4457-8f95-c9b7f9036eae:c2038]
2019-08-07 03:27:14,626 INFO  client.GrpcClientProtocolClient (GrpcClientProtocolClient.java:onNext(255)) - client-23C834B07313->edccc055-c3f5-47df-b30f-76e8836f4c59: receive RaftClientReply:client-23C834B07313->edccc055-c3f5-47df-b30f-76e8836f4c59@group-ED32739C8BBB, cid=1438, SUCCESS, logIndex=2042, commits[edccc055-c3f5-47df-b30f-76e8836f4c59:c2042, f9704f82-adf1-457c-ad29-9b573bc67fa6:c2038, 932806d8-5f5d-4457-8f95-c9b7f9036eae:c2038]
2019-08-07 03:27:14,630 INFO  client.GrpcClientProtocolClient (GrpcClientProtocolClient.java:onNext(255)) - client-23C834B07313->edccc055-c3f5-47df-b30f-76e8836f4c59: receive RaftClientReply:client-23C834B07313->edccc055-c3f5-47df-b30f-76e8836f4c59@group-ED32739C8BBB, cid=1439, SUCCESS, logIndex=0, commits[edccc055-c3f5-47df-b30f-76e8836f4c59:c2044, f9704f82-adf1-457c-ad29-9b573bc67fa6:c2042, 932806d8-5f5d-4457-8f95-c9b7f9036eae:c2042]
2019-08-07 03:27:14,671 INFO  client.GrpcClientProtocolClient (GrpcClientProtocolClient.java:onNext(255)) - client-23C834B07313->edccc055-c3f5-47df-b30f-76e8836f4c59: receive RaftClientReply:client-23C834B07313->edccc055-c3f5-47df-b30f-76e8836f4c59@group-ED32739C8BBB, cid=1440, SUCCESS, logIndex=2045, commits[edccc055-c3f5-47df-b30f-76e8836f4c59:c2046, f9704f82-adf1-457c-ad29-9b573bc67fa6:c2044, 932806d8-5f5d-4457-8f95-c9b7f9036eae:c2044]
2019-08-07 03:27:14,672 INFO  client.GrpcClientProtocolClient (GrpcClientProtocolClient.java:onNext(255)) - client-23C834B07313->edccc055-c3f5-47df-b30f-76e8836f4c59: receive RaftClientReply:client-23C834B07313->edccc055-c3f5-47df-b30f-76e8836f4c59@group-ED32739C8BBB, cid=1441, SUCCESS, logIndex=2046, commits[edccc055-c3f5-47df-b30f-76e8836f4c59:c2046, f9704f82-adf1-457c-ad29-9b573bc67fa6:c2044, 932806d8-5f5d-4457-8f95-c9b7f9036eae:c2044]
2019-08-07 03:27:14,682 INFO  client.GrpcClientProtocolClient (GrpcClientProtocolClient.java:onNext(255)) - client-23C834B07313->edccc055-c3f5-47df-b30f-76e8836f4c59: receive RaftClientReply:client-23C834B07313->edccc055-c3f5-47df-b30f-76e8836f4c59@group-ED32739C8BBB, cid=1442, SUCCESS, logIndex=2047, commits[edccc055-c3f5-47df-b30f-76e8836f4c59:c2048, f9704f82-adf1-457c-ad29-9b573bc67fa6:c2044, 932806d8-5f5d-4457-8f95-c9b7f9036eae:c2044]
2019-08-07 03:27:14,683 INFO  client.GrpcClientProtocolClient (GrpcClientProtocolClient.java:onNext(255)) - client-23C834B07313->edccc055-c3f5-47df-b30f-76e8836f4c59: receive RaftClientReply:client-23C834B07313->edccc055-c3f5-47df-b30f-76e8836f4c59@group-ED32739C8BBB, cid=1443, SUCCESS, logIndex=2048, commits[edccc055-c3f5-47df-b30f-76e8836f4c59:c2048, f9704f82-adf1-457c-ad29-9b573bc67fa6:c2044, 932806d8-5f5d-4457-8f95-c9b7f9036eae:c2044]
2019-08-07 03:27:14,685 INFO  client.GrpcClientProtocolClient (GrpcClientProtocolClient.java:onNext(255)) - client-23C834B07313->edccc055-c3f5-47df-b30f-76e8836f4c59: receive RaftClientReply:client-23C834B07313->edccc055-c3f5-47df-b30f-76e8836f4c59@group-ED32739C8BBB, cid=1444, SUCCESS, logIndex=0, commits[edccc055-c3f5-47df-b30f-76e8836f4c59:c2050, f9704f82-adf1-457c-ad29-9b573bc67fa6:c2046, 932806d8-5f5d-4457-8f95-c9b7f9036eae:c2046]
2019-08-07 03:27:14,710 INFO  client.GrpcClientProtocolClient (GrpcClientProtocolClient.java:onNext(255)) - client-23C834B07313->edccc055-c3f5-47df-b30f-76e8836f4c59: receive RaftClientReply:client-23C834B07313->edccc055-c3f5-47df-b30f-76e8836f4c59@group-ED32739C8BBB, cid=1445, SUCCESS, logIndex=2053, commits[edccc055-c3f5-47df-b30f-76e8836f4c59:c2054, f9704f82-adf1-457c-ad29-9b573bc67fa6:c2050, 932806d8-5f5d-4457-8f95-c9b7f9036eae:c2048]
2019-08-07 03:27:14,710 INFO  client.GrpcClientProtocolClient (GrpcClientProtocolClient.java:onNext(255)) - client-23C834B07313->edccc055-c3f5-47df-b30f-76e8836f4c59: receive RaftClientReply:client-23C834B07313->edccc055-c3f5-47df-b30f-76e8836f4c59@group-ED32739C8BBB, cid=1446, SUCCESS, logIndex=2054, commits[edccc055-c3f5-47df-b30f-76e8836f4c59:c2054, f9704f82-adf1-457c-ad29-9b573bc67fa6:c2050, 932806d8-5f5d-4457-8f95-c9b7f9036eae:c2050]
2019-08-07 03:27:14,725 INFO  client.GrpcClientProtocolClient (GrpcClientProtocolClient.java:onNext(255)) - client-23C834B07313->edccc055-c3f5-47df-b30f-76e8836f4c59: receive RaftClientReply:client-23C834B07313->edccc055-c3f5-47df-b30f-76e8836f4c59@group-ED32739C8BBB, cid=1447, SUCCESS, logIndex=2057, commits[edccc055-c3f5-47df-b30f-76e8836f4c59:c2058, f9704f82-adf1-457c-ad29-9b573bc67fa6:c2054, 932806d8-5f5d-4457-8f95-c9b7f9036eae:c2053]
2019-08-07 03:27:14,725 INFO  client.GrpcClientProtocolClient (GrpcClientProtocolClient.java:onNext(255)) - client-23C834B07313->edccc055-c3f5-47df-b30f-76e8836f4c59: receive RaftClientReply:client-23C834B07313->edccc055-c3f5-47df-b30f-76e8836f4c59@group-ED32739C8BBB, cid=1448, SUCCESS, logIndex=2058, commits[edccc055-c3f5-47df-b30f-76e8836f4c59:c2058, f9704f82-adf1-457c-ad29-9b573bc67fa6:c2054, 932806d8-5f5d-4457-8f95-c9b7f9036eae:c2054]
2019-08-07 03:27:14,736 INFO  client.GrpcClientProtocolClient (GrpcClientProtocolClient.java:onNext(255)) - client-23C834B07313->edccc055-c3f5-47df-b30f-76e8836f4c59: receive RaftClientReply:client-23C834B07313->edccc055-c3f5-47df-b30f-76e8836f4c59@group-ED32739C8BBB, cid=1449, SUCCESS, logIndex=0, commits[edccc055-c3f5-47df-b30f-76e8836f4c59:c2059, f9704f82-adf1-457c-ad29-9b573bc67fa6:c2058, 932806d8-5f5d-4457-8f95-c9b7f9036eae:c2058]
2019-08-07 03:27:14,766 INFO  client.GrpcClientProtocolClient (GrpcClientProtocolClient.java:onNext(255)) - client-23C834B07313->edccc055-c3f5-47df-b30f-76e8836f4c59: receive RaftClientReply:client-23C834B07313->edccc055-c3f5-47df-b30f-76e8836f4c59@group-ED32739C8BBB, cid=1450, SUCCESS, logIndex=2060, commits[edccc055-c3f5-47df-b30f-76e8836f4c59:c2061, f9704f82-adf1-457c-ad29-9b573bc67fa6:c2059, 932806d8-5f5d-4457-8f95-c9b7f9036eae:c2059]
2019-08-07 03:27:14,766 INFO  client.GrpcClientProtocolClient (GrpcClientProtocolClient.java:onNext(255)) - client-23C834B07313->edccc055-c3f5-47df-b30f-76e8836f4c59: receive RaftClientReply:client-23C834B07313->edccc055-c3f5-47df-b30f-76e8836f4c59@group-ED32739C8BBB, cid=1451, SUCCESS, logIndex=2061, commits[edccc055-c3f5-47df-b30f-76e8836f4c59:c2062, f9704f82-adf1-457c-ad29-9b573bc67fa6:c2059, 932806d8-5f5d-4457-8f95-c9b7f9036eae:c2059]
2019-08-07 03:27:14,766 INFO  client.GrpcClientProtocolClient (GrpcClientProtocolClient.java:onNext(255)) - client-23C834B07313->edccc055-c3f5-47df-b30f-76e8836f4c59: receive RaftClientReply:client-23C834B07313->edccc055-c3f5-47df-b30f-76e8836f4c59@group-ED32739C8BBB, cid=1452, SUCCESS, logIndex=2062, commits[edccc055-c3f5-47df-b30f-76e8836f4c59:c2063, f9704f82-adf1-457c-ad29-9b573bc67fa6:c2059, 932806d8-5f5d-4457-8f95-c9b7f9036eae:c2059]
2019-08-07 03:27:14,767 INFO  client.GrpcClientProtocolClient (GrpcClientProtocolClient.java:onNext(255)) - client-23C834B07313->edccc055-c3f5-47df-b30f-76e8836f4c59: receive RaftClientReply:client-23C834B07313->edccc055-c3f5-47df-b30f-76e8836f4c59@group-ED32739C8BBB, cid=1453, SUCCESS, logIndex=2063, commits[edccc055-c3f5-47df-b30f-76e8836f4c59:c2063, f9704f82-adf1-457c-ad29-9b573bc67fa6:c2059, 932806d8-5f5d-4457-8f95-c9b7f9036eae:c2059]
2019-08-07 03:27:14,771 INFO  client.GrpcClientProtocolClient (GrpcClientProtocolClient.java:onNext(255)) - client-23C834B07313->edccc055-c3f5-47df-b30f-76e8836f4c59: receive RaftClientReply:client-23C834B07313->edccc055-c3f5-47df-b30f-76e8836f4c59@group-ED32739C8BBB, cid=1454, SUCCESS, logIndex=0, commits[edccc055-c3f5-47df-b30f-76e8836f4c59:c2067, f9704f82-adf1-457c-ad29-9b573bc67fa6:c2063, 932806d8-5f5d-4457-8f95-c9b7f9036eae:c2061]
2019-08-07 03:27:14,789 INFO  client.GrpcClientProtocolClient (GrpcClientProtocolClient.java:onNext(255)) - client-23C834B07313->edccc055-c3f5-47df-b30f-76e8836f4c59: receive RaftClientReply:client-23C834B07313->edccc055-c3f5-47df-b30f-76e8836f4c59@group-ED32739C8BBB, cid=1455, SUCCESS, logIndex=2068, commits[edccc055-c3f5-47df-b30f-76e8836f4c59:c2069, f9704f82-adf1-457c-ad29-9b573bc67fa6:c2067, 932806d8-5f5d-4457-8f95-c9b7f9036eae:c2067]
2019-08-07 03:27:14,790 INFO  client.GrpcClientProtocolClient (GrpcClientProtocolClient.java:onNext(255)) - client-23C834B07313->edccc055-c3f5-47df-b30f-76e8836f4c59: receive RaftClientReply:client-23C834B07313->edccc055-c3f5-47df-b30f-76e8836f4c59@group-ED32739C8BBB, cid=1456, SUCCESS, logIndex=2069, commits[edccc055-c3f5-47df-b30f-76e8836f4c59:c2069, f9704f82-adf1-457c-ad29-9b573bc67fa6:c2067, 932806d8-5f5d-4457-8f95-c9b7f9036eae:c2067]
2019-08-07 03:27:14,804 INFO  client.GrpcClientProtocolClient (GrpcClientProtocolClient.java:onNext(255)) - client-23C834B07313->edccc055-c3f5-47df-b30f-76e8836f4c59: receive RaftClientReply:client-23C834B07313->edccc055-c3f5-47df-b30f-76e8836f4c59@group-ED32739C8BBB, cid=1457, SUCCESS, logIndex=2072, commits[edccc055-c3f5-47df-b30f-76e8836f4c59:c2073, f9704f82-adf1-457c-ad29-9b573bc67fa6:c2069, 932806d8-5f5d-4457-8f95-c9b7f9036eae:c2069]
2019-08-07 03:27:14,805 INFO  client.GrpcClientProtocolClient (GrpcClientProtocolClient.java:onNext(255)) - client-23C834B07313->edccc055-c3f5-47df-b30f-76e8836f4c59: receive RaftClientReply:client-23C834B07313->edccc055-c3f5-47df-b30f-76e8836f4c59@group-ED32739C8BBB, cid=1458, SUCCESS, logIndex=2073, commits[edccc055-c3f5-47df-b30f-76e8836f4c59:c2073, f9704f82-adf1-457c-ad29-9b573bc67fa6:c2069, 932806d8-5f5d-4457-8f95-c9b7f9036eae:c2069]
2019-08-07 03:27:14,826 INFO  client.GrpcClientProtocolClient (GrpcClientProtocolClient.java:onNext(255)) - client-23C834B07313->edccc055-c3f5-47df-b30f-76e8836f4c59: receive RaftClientReply:client-23C834B07313->edccc055-c3f5-47df-b30f-76e8836f4c59@group-ED32739C8BBB, cid=1459, SUCCESS, logIndex=0, commits[edccc055-c3f5-47df-b30f-76e8836f4c59:c2074, f9704f82-adf1-457c-ad29-9b573bc67fa6:c2073, 932806d8-5f5d-4457-8f95-c9b7f9036eae:c2073]
2019-08-07 03:27:14,853 INFO  client.GrpcClientProtocolClient (GrpcClientProtocolClient.java:onNext(255)) - client-23C834B07313->edccc055-c3f5-47df-b30f-76e8836f4c59: receive RaftClientReply:client-23C834B07313->edccc055-c3f5-47df-b30f-76e8836f4c59@group-ED32739C8BBB, cid=1460, SUCCESS, logIndex=2076, commits[edccc055-c3f5-47df-b30f-76e8836f4c59:c2077, f9704f82-adf1-457c-ad29-9b573bc67fa6:c2075, 932806d8-5f5d-4457-8f95-c9b7f9036eae:c2075]
2019-08-07 03:27:14,854 INFO  client.GrpcClientProtocolClient (GrpcClientProtocolClient.java:onNext(255)) - client-23C834B07313->edccc055-c3f5-47df-b30f-76e8836f4c59: receive RaftClientReply:client-23C834B07313->edccc055-c3f5-47df-b30f-76e8836f4c59@group-ED32739C8BBB, cid=1461, SUCCESS, logIndex=2077, commits[edccc055-c3f5-47df-b30f-76e8836f4c59:c2077, f9704f82-adf1-457c-ad29-9b573bc67fa6:c2075, 932806d8-5f5d-4457-8f95-c9b7f9036eae:c2075]
2019-08-07 03:27:14,863 INFO  client.GrpcClientProtocolClient (GrpcClientProtocolClient.java:onNext(255)) - client-23C834B07313->edccc055-c3f5-47df-b30f-76e8836f4c59: receive RaftClientReply:client-23C834B07313->edccc055-c3f5-47df-b30f-76e8836f4c59@group-ED32739C8BBB, cid=1462, SUCCESS, logIndex=2078, commits[edccc055-c3f5-47df-b30f-76e8836f4c59:c2079, f9704f82-adf1-457c-ad29-9b573bc67fa6:c2075, 932806d8-5f5d-4457-8f95-c9b7f9036eae:c2075]
2019-08-07 03:27:14,863 INFO  client.GrpcClientProtocolClient (GrpcClientProtocolClient.java:onNext(255)) - client-23C834B07313->edccc055-c3f5-47df-b30f-76e8836f4c59: receive RaftClientReply:client-23C834B07313->edccc055-c3f5-47df-b30f-76e8836f4c59@group-ED32739C8BBB, cid=1463, SUCCESS, logIndex=2079, commits[edccc055-c3f5-47df-b30f-76e8836f4c59:c2079, f9704f82-adf1-457c-ad29-9b573bc67fa6:c2075, 932806d8-5f5d-4457-8f95-c9b7f9036eae:c2075]
2019-08-07 03:27:14,879 INFO  client.GrpcClientProtocolClient (GrpcClientProtocolClient.java:onNext(255)) - client-23C834B07313->edccc055-c3f5-47df-b30f-76e8836f4c59: receive RaftClientReply:client-23C834B07313->edccc055-c3f5-47df-b30f-76e8836f4c59@group-ED32739C8BBB, cid=1464, SUCCESS, logIndex=0, commits[edccc055-c3f5-47df-b30f-76e8836f4c59:c2081, f9704f82-adf1-457c-ad29-9b573bc67fa6:c2077, 932806d8-5f5d-4457-8f95-c9b7f9036eae:c2077]
2019-08-07 03:27:14,902 INFO  client.GrpcClientProtocolClient (GrpcClientProtocolClient.java:onNext(255)) - client-23C834B07313->edccc055-c3f5-47df-b30f-76e8836f4c59: receive RaftClientReply:client-23C834B07313->edccc055-c3f5-47df-b30f-76e8836f4c59@group-ED32739C8BBB, cid=1465, SUCCESS, logIndex=2083, commits[edccc055-c3f5-47df-b30f-76e8836f4c59:c2084, f9704f82-adf1-457c-ad29-9b573bc67fa6:c2081, 932806d8-5f5d-4457-8f95-c9b7f9036eae:c2081]
2019-08-07 03:27:14,903 INFO  client.GrpcClientProtocolClient (GrpcClientProtocolClient.java:onNext(255)) - client-23C834B07313->edccc055-c3f5-47df-b30f-76e8836f4c59: receive RaftClientReply:client-23C834B07313->edccc055-c3f5-47df-b30f-76e8836f4c59@group-ED32739C8BBB, cid=1466, SUCCESS, logIndex=2084, commits[edccc055-c3f5-47df-b30f-76e8836f4c59:c2084, f9704f82-adf1-457c-ad29-9b573bc67fa6:c2081, 932806d8-5f5d-4457-8f95-c9b7f9036eae:c2081]
2019-08-07 03:27:14,928 INFO  client.GrpcClientProtocolClient (GrpcClientProtocolClient.java:onNext(255)) - client-23C834B07313->edccc055-c3f5-47df-b30f-76e8836f4c59: receive RaftClientReply:client-23C834B07313->edccc055-c3f5-47df-b30f-76e8836f4c59@group-ED32739C8BBB, cid=1467, SUCCESS, logIndex=2087, commits[edccc055-c3f5-47df-b30f-76e8836f4c59:c2087, f9704f82-adf1-457c-ad29-9b573bc67fa6:c2084, 932806d8-5f5d-4457-8f95-c9b7f9036eae:c2084]
2019-08-07 03:27:14,929 INFO  client.GrpcClientProtocolClient (GrpcClientProtocolClient.java:onNext(255)) - client-23C834B07313->edccc055-c3f5-47df-b30f-76e8836f4c59: receive RaftClientReply:client-23C834B07313->edccc055-c3f5-47df-b30f-76e8836f4c59@group-ED32739C8BBB, cid=1468, SUCCESS, logIndex=2088, commits[edccc055-c3f5-47df-b30f-76e8836f4c59:c2088, f9704f82-adf1-457c-ad29-9b573bc67fa6:c2084, 932806d8-5f5d-4457-8f95-c9b7f9036eae:c2084]
2019-08-07 03:27:14,933 INFO  client.GrpcClientProtocolClient (GrpcClientProtocolClient.java:onNext(255)) - client-23C834B07313->edccc055-c3f5-47df-b30f-76e8836f4c59: receive RaftClientReply:client-23C834B07313->edccc055-c3f5-47df-b30f-76e8836f4c59@group-ED32739C8BBB, cid=1469, SUCCESS, logIndex=0, commits[edccc055-c3f5-47df-b30f-76e8836f4c59:c2090, f9704f82-adf1-457c-ad29-9b573bc67fa6:c2088, 932806d8-5f5d-4457-8f95-c9b7f9036eae:c2088]
2019-08-07 03:27:14,955 INFO  client.GrpcClientProtocolClient (GrpcClientProtocolClient.java:onNext(255)) - client-23C834B07313->edccc055-c3f5-47df-b30f-76e8836f4c59: receive RaftClientReply:client-23C834B07313->edccc055-c3f5-47df-b30f-76e8836f4c59@group-ED32739C8BBB, cid=1470, SUCCESS, logIndex=2091, commits[edccc055-c3f5-47df-b30f-76e8836f4c59:c2092, f9704f82-adf1-457c-ad29-9b573bc67fa6:c2090, 932806d8-5f5d-4457-8f95-c9b7f9036eae:c2090]
2019-08-07 03:27:14,956 INFO  client.GrpcClientProtocolClient (GrpcClientProtocolClient.java:onNext(255)) - client-23C834B07313->edccc055-c3f5-47df-b30f-76e8836f4c59: receive RaftClientReply:client-23C834B07313->edccc055-c3f5-47df-b30f-76e8836f4c59@group-ED32739C8BBB, cid=1471, SUCCESS, logIndex=2092, commits[edccc055-c3f5-47df-b30f-76e8836f4c59:c2093, f9704f82-adf1-457c-ad29-9b573bc67fa6:c2090, 932806d8-5f5d-4457-8f95-c9b7f9036eae:c2090]
2019-08-07 03:27:14,956 INFO  client.GrpcClientProtocolClient (GrpcClientProtocolClient.java:onNext(255)) - client-23C834B07313->edccc055-c3f5-47df-b30f-76e8836f4c59: receive RaftClientReply:client-23C834B07313->edccc055-c3f5-47df-b30f-76e8836f4c59@group-ED32739C8BBB, cid=1472, SUCCESS, logIndex=2093, commits[edccc055-c3f5-47df-b30f-76e8836f4c59:c2094, f9704f82-adf1-457c-ad29-9b573bc67fa6:c2090, 932806d8-5f5d-4457-8f95-c9b7f9036eae:c2090]
2019-08-07 03:27:14,956 INFO  client.GrpcClientProtocolClient (GrpcClientProtocolClient.java:onNext(255)) - client-23C834B07313->edccc055-c3f5-47df-b30f-76e8836f4c59: receive RaftClientReply:client-23C834B07313->edccc055-c3f5-47df-b30f-76e8836f4c59@group-ED32739C8BBB, cid=1473, SUCCESS, logIndex=2094, commits[edccc055-c3f5-47df-b30f-76e8836f4c59:c2094, f9704f82-adf1-457c-ad29-9b573bc67fa6:c2090, 932806d8-5f5d-4457-8f95-c9b7f9036eae:c2090]
2019-08-07 03:27:14,969 INFO  client.GrpcClientProtocolClient (GrpcClientProtocolClient.java:onNext(255)) - client-23C834B07313->edccc055-c3f5-47df-b30f-76e8836f4c59: receive RaftClientReply:client-23C834B07313->edccc055-c3f5-47df-b30f-76e8836f4c59@group-ED32739C8BBB, cid=1474, SUCCESS, logIndex=0, commits[edccc055-c3f5-47df-b30f-76e8836f4c59:c2096, f9704f82-adf1-457c-ad29-9b573bc67fa6:c2092, 932806d8-5f5d-4457-8f95-c9b7f9036eae:c2092]
2019-08-07 03:27:14,981 INFO  client.GrpcClientProtocolClient (GrpcClientProtocolClient.java:onNext(255)) - client-23C834B07313->edccc055-c3f5-47df-b30f-76e8836f4c59: receive RaftClientReply:client-23C834B07313->edccc055-c3f5-47df-b30f-76e8836f4c59@group-ED32739C8BBB, cid=1475, SUCCESS, logIndex=2099, commits[edccc055-c3f5-47df-b30f-76e8836f4c59:c2100, f9704f82-adf1-457c-ad29-9b573bc67fa6:c2098, 932806d8-5f5d-4457-8f95-c9b7f9036eae:c2098]
2019-08-07 03:27:14,981 INFO  client.GrpcClientProtocolClient (GrpcClientProtocolClient.java:onNext(255)) - client-23C834B07313->edccc055-c3f5-47df-b30f-76e8836f4c59: receive RaftClientReply:client-23C834B07313->edccc055-c3f5-47df-b30f-76e8836f4c59@group-ED32739C8BBB, cid=1476, SUCCESS, logIndex=2100, commits[edccc055-c3f5-47df-b30f-76e8836f4c59:c2100, f9704f82-adf1-457c-ad29-9b573bc67fa6:c2098, 932806d8-5f5d-4457-8f95-c9b7f9036eae:c2098]
2019-08-07 03:27:15,003 INFO  client.GrpcClientProtocolClient (GrpcClientProtocolClient.java:onNext(255)) - client-23C834B07313->edccc055-c3f5-47df-b30f-76e8836f4c59: receive RaftClientReply:client-23C834B07313->edccc055-c3f5-47df-b30f-76e8836f4c59@group-ED32739C8BBB, cid=1477, SUCCESS, logIndex=2103, commits[edccc055-c3f5-47df-b30f-76e8836f4c59:c2104, f9704f82-adf1-457c-ad29-9b573bc67fa6:c2102, 932806d8-5f5d-4457-8f95-c9b7f9036eae:c2102]
2019-08-07 03:27:15,003 INFO  client.GrpcClientProtocolClient (GrpcClientProtocolClient.java:onNext(255)) - client-23C834B07313->edccc055-c3f5-47df-b30f-76e8836f4c59: receive RaftClientReply:client-23C834B07313->edccc055-c3f5-47df-b30f-76e8836f4c59@group-ED32739C8BBB, cid=1478, SUCCESS, logIndex=2104, commits[edccc055-c3f5-47df-b30f-76e8836f4c59:c2104, f9704f82-adf1-457c-ad29-9b573bc67fa6:c2102, 932806d8-5f5d-4457-8f95-c9b7f9036eae:c2102]
2019-08-07 03:27:15,015 INFO  client.GrpcClientProtocolClient (GrpcClientProtocolClient.java:onNext(255)) - client-23C834B07313->edccc055-c3f5-47df-b30f-76e8836f4c59: receive RaftClientReply:client-23C834B07313->edccc055-c3f5-47df-b30f-76e8836f4c59@group-ED32739C8BBB, cid=1479, SUCCESS, logIndex=0, commits[edccc055-c3f5-47df-b30f-76e8836f4c59:c2104, f9704f82-adf1-457c-ad29-9b573bc67fa6:c2104, 932806d8-5f5d-4457-8f95-c9b7f9036eae:c2104]
2019-08-07 03:27:15,126 INFO  client.GrpcClientProtocolClient (GrpcClientProtocolClient.java:onNext(255)) - client-23C834B07313->edccc055-c3f5-47df-b30f-76e8836f4c59: receive RaftClientReply:client-23C834B07313->edccc055-c3f5-47df-b30f-76e8836f4c59@group-ED32739C8BBB, cid=1480, SUCCESS, logIndex=2107, commits[edccc055-c3f5-47df-b30f-76e8836f4c59:c2108, f9704f82-adf1-457c-ad29-9b573bc67fa6:c2106, 932806d8-5f5d-4457-8f95-c9b7f9036eae:c2106]
2019-08-07 03:27:15,127 INFO  client.GrpcClientProtocolClient (GrpcClientProtocolClient.java:onNext(255)) - client-23C834B07313->edccc055-c3f5-47df-b30f-76e8836f4c59: receive RaftClientReply:client-23C834B07313->edccc055-c3f5-47df-b30f-76e8836f4c59@group-ED32739C8BBB, cid=1481, SUCCESS, logIndex=2108, commits[edccc055-c3f5-47df-b30f-76e8836f4c59:c2108, f9704f82-adf1-457c-ad29-9b573bc67fa6:c2106, 932806d8-5f5d-4457-8f95-c9b7f9036eae:c2106]
2019-08-07 03:27:15,140 INFO  client.GrpcClientProtocolClient (GrpcClientProtocolClient.java:onNext(255)) - client-23C834B07313->edccc055-c3f5-47df-b30f-76e8836f4c59: receive RaftClientReply:client-23C834B07313->edccc055-c3f5-47df-b30f-76e8836f4c59@group-ED32739C8BBB, cid=1482, SUCCESS, logIndex=2109, commits[edccc055-c3f5-47df-b30f-76e8836f4c59:c2110, f9704f82-adf1-457c-ad29-9b573bc67fa6:c2106, 932806d8-5f5d-4457-8f95-c9b7f9036eae:c2108]
2019-08-07 03:27:15,140 INFO  client.GrpcClientProtocolClient (GrpcClientProtocolClient.java:onNext(255)) - client-23C834B07313->edccc055-c3f5-47df-b30f-76e8836f4c59: receive RaftClientReply:client-23C834B07313->edccc055-c3f5-47df-b30f-76e8836f4c59@group-ED32739C8BBB, cid=1483, SUCCESS, logIndex=2110, commits[edccc055-c3f5-47df-b30f-76e8836f4c59:c2110, f9704f82-adf1-457c-ad29-9b573bc67fa6:c2108, 932806d8-5f5d-4457-8f95-c9b7f9036eae:c2108]
2019-08-07 03:27:15,162 INFO  client.GrpcClientProtocolClient (GrpcClientProtocolClient.java:onNext(255)) - client-23C834B07313->edccc055-c3f5-47df-b30f-76e8836f4c59: receive RaftClientReply:client-23C834B07313->edccc055-c3f5-47df-b30f-76e8836f4c59@group-ED32739C8BBB, cid=1484, SUCCESS, logIndex=2115, commits[edccc055-c3f5-47df-b30f-76e8836f4c59:c2116, f9704f82-adf1-457c-ad29-9b573bc67fa6:c2110, 932806d8-5f5d-4457-8f95-c9b7f9036eae:c2110]
2019-08-07 03:27:15,163 INFO  client.GrpcClientProtocolClient (GrpcClientProtocolClient.java:onNext(255)) - client-23C834B07313->edccc055-c3f5-47df-b30f-76e8836f4c59: receive RaftClientReply:client-23C834B07313->edccc055-c3f5-47df-b30f-76e8836f4c59@group-ED32739C8BBB, cid=1485, SUCCESS, logIndex=2116, commits[edccc055-c3f5-47df-b30f-76e8836f4c59:c2116, f9704f82-adf1-457c-ad29-9b573bc67fa6:c2110, 932806d8-5f5d-4457-8f95-c9b7f9036eae:c2110]
2019-08-07 03:27:15,188 INFO  client.GrpcClientProtocolClient (GrpcClientProtocolClient.java:onNext(255)) - client-23C834B07313->edccc055-c3f5-47df-b30f-76e8836f4c59: receive RaftClientReply:client-23C834B07313->edccc055-c3f5-47df-b30f-76e8836f4c59@group-ED32739C8BBB, cid=1486, SUCCESS, logIndex=2119, commits[edccc055-c3f5-47df-b30f-76e8836f4c59:c2120, f9704f82-adf1-457c-ad29-9b573bc67fa6:c2116, 932806d8-5f5d-4457-8f95-c9b7f9036eae:c2116]
2019-08-07 03:27:15,189 INFO  client.GrpcClientProtocolClient (GrpcClientProtocolClient.java:onNext(255)) - client-23C834B07313->edccc055-c3f5-47df-b30f-76e8836f4c59: receive RaftClientReply:client-23C834B07313->edccc055-c3f5-47df-b30f-76e8836f4c59@group-ED32739C8BBB, cid=1487, SUCCESS, logIndex=2120, commits[edccc055-c3f5-47df-b30f-76e8836f4c59:c2120, f9704f82-adf1-457c-ad29-9b573bc67fa6:c2116, 932806d8-5f5d-4457-8f95-c9b7f9036eae:c2116]
2019-08-07 03:27:15,210 INFO  client.GrpcClientProtocolClient (GrpcClientProtocolClient.java:onNext(255)) - client-23C834B07313->edccc055-c3f5-47df-b30f-76e8836f4c59: receive RaftClientReply:client-23C834B07313->edccc055-c3f5-47df-b30f-76e8836f4c59@group-ED32739C8BBB, cid=1488, SUCCESS, logIndex=0, commits[edccc055-c3f5-47df-b30f-76e8836f4c59:c2122, f9704f82-adf1-457c-ad29-9b573bc67fa6:c2120, 932806d8-5f5d-4457-8f95-c9b7f9036eae:c2120]
2019-08-07 03:27:15,241 INFO  client.GrpcClientProtocolClient (GrpcClientProtocolClient.java:onNext(255)) - client-23C834B07313->edccc055-c3f5-47df-b30f-76e8836f4c59: receive RaftClientReply:client-23C834B07313->edccc055-c3f5-47df-b30f-76e8836f4c59@group-ED32739C8BBB, cid=1489, SUCCESS, logIndex=2123, commits[edccc055-c3f5-47df-b30f-76e8836f4c59:c2124, f9704f82-adf1-457c-ad29-9b573bc67fa6:c2122, 932806d8-5f5d-4457-8f95-c9b7f9036eae:c2122]
2019-08-07 03:27:15,242 INFO  client.GrpcClientProtocolClient (GrpcClientProtocolClient.java:onNext(255)) - client-23C834B07313->edccc055-c3f5-47df-b30f-76e8836f4c59: receive RaftClientReply:client-23C834B07313->edccc055-c3f5-47df-b30f-76e8836f4c59@group-ED32739C8BBB, cid=1490, SUCCESS, logIndex=2124, commits[edccc055-c3f5-47df-b30f-76e8836f4c59:c2126, f9704f82-adf1-457c-ad29-9b573bc67fa6:c2122, 932806d8-5f5d-4457-8f95-c9b7f9036eae:c2122]
2019-08-07 03:27:15,242 INFO  client.GrpcClientProtocolClient (GrpcClientProtocolClient.java:onNext(255)) - client-23C834B07313->edccc055-c3f5-47df-b30f-76e8836f4c59: receive RaftClientReply:client-23C834B07313->edccc055-c3f5-47df-b30f-76e8836f4c59@group-ED32739C8BBB, cid=1491, SUCCESS, logIndex=2125, commits[edccc055-c3f5-47df-b30f-76e8836f4c59:c2126, f9704f82-adf1-457c-ad29-9b573bc67fa6:c2122, 932806d8-5f5d-4457-8f95-c9b7f9036eae:c2122]
2019-08-07 03:27:15,242 INFO  client.GrpcClientProtocolClient (GrpcClientProtocolClient.java:onNext(255)) - client-23C834B07313->edccc055-c3f5-47df-b30f-76e8836f4c59: receive RaftClientReply:client-23C834B07313->edccc055-c3f5-47df-b30f-76e8836f4c59@group-ED32739C8BBB, cid=1492, SUCCESS, logIndex=2126, commits[edccc055-c3f5-47df-b30f-76e8836f4c59:c2126, f9704f82-adf1-457c-ad29-9b573bc67fa6:c2122, 932806d8-5f5d-4457-8f95-c9b7f9036eae:c2122]
2019-08-07 03:27:15,255 INFO  client.GrpcClientProtocolClient (GrpcClientProtocolClient.java:onNext(255)) - client-23C834B07313->edccc055-c3f5-47df-b30f-76e8836f4c59: receive RaftClientReply:client-23C834B07313->edccc055-c3f5-47df-b30f-76e8836f4c59@group-ED32739C8BBB, cid=1493, SUCCESS, logIndex=0, commits[edccc055-c3f5-47df-b30f-76e8836f4c59:c2128, f9704f82-adf1-457c-ad29-9b573bc67fa6:c2124, 932806d8-5f5d-4457-8f95-c9b7f9036eae:c2124]
 0.00% |█                                                                                                    |  0/1 Time: 0:00:112019-08-07 03:27:15,273 INFO  client.GrpcClientProtocolClient (GrpcClientProtocolClient.java:onNext(255)) - client-23C834B07313->edccc055-c3f5-47df-b30f-76e8836f4c59: receive RaftClientReply:client-23C834B07313->edccc055-c3f5-47df-b30f-76e8836f4c59@group-ED32739C8BBB, cid=1494, SUCCESS, logIndex=2131, commits[edccc055-c3f5-47df-b30f-76e8836f4c59:c2132, f9704f82-adf1-457c-ad29-9b573bc67fa6:c2130, 932806d8-5f5d-4457-8f95-c9b7f9036eae:c2130]
2019-08-07 03:27:15,274 INFO  client.GrpcClientProtocolClient (GrpcClientProtocolClient.java:onNext(255)) - client-23C834B07313->edccc055-c3f5-47df-b30f-76e8836f4c59: receive RaftClientReply:client-23C834B07313->edccc055-c3f5-47df-b30f-76e8836f4c59@group-ED32739C8BBB, cid=1495, SUCCESS, logIndex=2132, commits[edccc055-c3f5-47df-b30f-76e8836f4c59:c2132, f9704f82-adf1-457c-ad29-9b573bc67fa6:c2130, 932806d8-5f5d-4457-8f95-c9b7f9036eae:c2130]
2019-08-07 03:27:15,301 INFO  client.GrpcClientProtocolClient (GrpcClientProtocolClient.java:onNext(255)) - client-23C834B07313->edccc055-c3f5-47df-b30f-76e8836f4c59: receive RaftClientReply:client-23C834B07313->edccc055-c3f5-47df-b30f-76e8836f4c59@group-ED32739C8BBB, cid=1496, SUCCESS, logIndex=2135, commits[edccc055-c3f5-47df-b30f-76e8836f4c59:c2136, f9704f82-adf1-457c-ad29-9b573bc67fa6:c2132, 932806d8-5f5d-4457-8f95-c9b7f9036eae:c2132]
2019-08-07 03:27:15,301 INFO  client.GrpcClientProtocolClient (GrpcClientProtocolClient.java:onNext(255)) - client-23C834B07313->edccc055-c3f5-47df-b30f-76e8836f4c59: receive RaftClientReply:client-23C834B07313->edccc055-c3f5-47df-b30f-76e8836f4c59@group-ED32739C8BBB, cid=1497, SUCCESS, logIndex=2136, commits[edccc055-c3f5-47df-b30f-76e8836f4c59:c2136, f9704f82-adf1-457c-ad29-9b573bc67fa6:c2132, 932806d8-5f5d-4457-8f95-c9b7f9036eae:c2132]
2019-08-07 03:27:15,326 INFO  client.GrpcClientProtocolClient (GrpcClientProtocolClient.java:onNext(255)) - client-23C834B07313->edccc055-c3f5-47df-b30f-76e8836f4c59: receive RaftClientReply:client-23C834B07313->edccc055-c3f5-47df-b30f-76e8836f4c59@group-ED32739C8BBB, cid=1498, SUCCESS, logIndex=0, commits[edccc055-c3f5-47df-b30f-76e8836f4c59:c2138, f9704f82-adf1-457c-ad29-9b573bc67fa6:c2136, 932806d8-5f5d-4457-8f95-c9b7f9036eae:c2136]
2019-08-07 03:27:15,358 INFO  client.GrpcClientProtocolClient (GrpcClientProtocolClient.java:onNext(255)) - client-23C834B07313->edccc055-c3f5-47df-b30f-76e8836f4c59: receive RaftClientReply:client-23C834B07313->edccc055-c3f5-47df-b30f-76e8836f4c59@group-ED32739C8BBB, cid=1499, SUCCESS, logIndex=2139, commits[edccc055-c3f5-47df-b30f-76e8836f4c59:c2140, f9704f82-adf1-457c-ad29-9b573bc67fa6:c2138, 932806d8-5f5d-4457-8f95-c9b7f9036eae:c2138]
2019-08-07 03:27:15,358 INFO  client.GrpcClientProtocolClient (GrpcClientProtocolClient.java:onNext(255)) - client-23C834B07313->edccc055-c3f5-47df-b30f-76e8836f4c59: receive RaftClientReply:client-23C834B07313->edccc055-c3f5-47df-b30f-76e8836f4c59@group-ED32739C8BBB, cid=1500, SUCCESS, logIndex=2140, commits[edccc055-c3f5-47df-b30f-76e8836f4c59:c2140, f9704f82-adf1-457c-ad29-9b573bc67fa6:c2138, 932806d8-5f5d-4457-8f95-c9b7f9036eae:c2138]
2019-08-07 03:27:15,370 INFO  client.GrpcClientProtocolClient (GrpcClientProtocolClient.java:onNext(255)) - client-23C834B07313->edccc055-c3f5-47df-b30f-76e8836f4c59: receive RaftClientReply:client-23C834B07313->edccc055-c3f5-47df-b30f-76e8836f4c59@group-ED32739C8BBB, cid=1501, SUCCESS, logIndex=2141, commits[edccc055-c3f5-47df-b30f-76e8836f4c59:c2142, f9704f82-adf1-457c-ad29-9b573bc67fa6:c2138, 932806d8-5f5d-4457-8f95-c9b7f9036eae:c2138]
2019-08-07 03:27:15,371 INFO  client.GrpcClientProtocolClient (GrpcClientProtocolClient.java:onNext(255)) - client-23C834B07313->edccc055-c3f5-47df-b30f-76e8836f4c59: receive RaftClientReply:client-23C834B07313->edccc055-c3f5-47df-b30f-76e8836f4c59@group-ED32739C8BBB, cid=1502, SUCCESS, logIndex=2142, commits[edccc055-c3f5-47df-b30f-76e8836f4c59:c2142, f9704f82-adf1-457c-ad29-9b573bc67fa6:c2138, 932806d8-5f5d-4457-8f95-c9b7f9036eae:c2138]
2019-08-07 03:27:15,384 INFO  client.GrpcClientProtocolClient (GrpcClientProtocolClient.java:onNext(255)) - client-23C834B07313->edccc055-c3f5-47df-b30f-76e8836f4c59: receive RaftClientReply:client-23C834B07313->edccc055-c3f5-47df-b30f-76e8836f4c59@group-ED32739C8BBB, cid=1503, SUCCESS, logIndex=0, commits[edccc055-c3f5-47df-b30f-76e8836f4c59:c2144, f9704f82-adf1-457c-ad29-9b573bc67fa6:c2140, 932806d8-5f5d-4457-8f95-c9b7f9036eae:c2140]
2019-08-07 03:27:15,407 INFO  client.GrpcClientProtocolClient (GrpcClientProtocolClient.java:onNext(255)) - client-23C834B07313->edccc055-c3f5-47df-b30f-76e8836f4c59: receive RaftClientReply:client-23C834B07313->edccc055-c3f5-47df-b30f-76e8836f4c59@group-ED32739C8BBB, cid=1504, SUCCESS, logIndex=2147, commits[edccc055-c3f5-47df-b30f-76e8836f4c59:c2148, f9704f82-adf1-457c-ad29-9b573bc67fa6:c2144, 932806d8-5f5d-4457-8f95-c9b7f9036eae:c2144]
2019-08-07 03:27:15,407 INFO  client.GrpcClientProtocolClient (GrpcClientProtocolClient.java:onNext(255)) - client-23C834B07313->edccc055-c3f5-47df-b30f-76e8836f4c59: receive RaftClientReply:client-23C834B07313->edccc055-c3f5-47df-b30f-76e8836f4c59@group-ED32739C8BBB, cid=1505, SUCCESS, logIndex=2148, commits[edccc055-c3f5-47df-b30f-76e8836f4c59:c2148, f9704f82-adf1-457c-ad29-9b573bc67fa6:c2144, 932806d8-5f5d-4457-8f95-c9b7f9036eae:c2144]
2019-08-07 03:27:15,458 INFO  client.GrpcClientProtocolClient (GrpcClientProtocolClient.java:onNext(255)) - client-23C834B07313->edccc055-c3f5-47df-b30f-76e8836f4c59: receive RaftClientReply:client-23C834B07313->edccc055-c3f5-47df-b30f-76e8836f4c59@group-ED32739C8BBB, cid=1506, SUCCESS, logIndex=2151, commits[edccc055-c3f5-47df-b30f-76e8836f4c59:c2152, f9704f82-adf1-457c-ad29-9b573bc67fa6:c2150, 932806d8-5f5d-4457-8f95-c9b7f9036eae:c2150]
2019-08-07 03:27:15,459 INFO  client.GrpcClientProtocolClient (GrpcClientProtocolClient.java:onNext(255)) - client-23C834B07313->edccc055-c3f5-47df-b30f-76e8836f4c59: receive RaftClientReply:client-23C834B07313->edccc055-c3f5-47df-b30f-76e8836f4c59@group-ED32739C8BBB, cid=1507, SUCCESS, logIndex=2152, commits[edccc055-c3f5-47df-b30f-76e8836f4c59:c2152, f9704f82-adf1-457c-ad29-9b573bc67fa6:c2150, 932806d8-5f5d-4457-8f95-c9b7f9036eae:c2150]
2019-08-07 03:27:15,470 INFO  client.GrpcClientProtocolClient (GrpcClientProtocolClient.java:onNext(255)) - client-23C834B07313->edccc055-c3f5-47df-b30f-76e8836f4c59: receive RaftClientReply:client-23C834B07313->edccc055-c3f5-47df-b30f-76e8836f4c59@group-ED32739C8BBB, cid=1508, SUCCESS, logIndex=0, commits[edccc055-c3f5-47df-b30f-76e8836f4c59:c2153, f9704f82-adf1-457c-ad29-9b573bc67fa6:c2152, 932806d8-5f5d-4457-8f95-c9b7f9036eae:c2152]
2019-08-07 03:27:15,503 INFO  client.GrpcClientProtocolClient (GrpcClientProtocolClient.java:onNext(255)) - client-23C834B07313->edccc055-c3f5-47df-b30f-76e8836f4c59: receive RaftClientReply:client-23C834B07313->edccc055-c3f5-47df-b30f-76e8836f4c59@group-ED32739C8BBB, cid=1509, SUCCESS, logIndex=2155, commits[edccc055-c3f5-47df-b30f-76e8836f4c59:c2156, f9704f82-adf1-457c-ad29-9b573bc67fa6:c2154, 932806d8-5f5d-4457-8f95-c9b7f9036eae:c2154]
2019-08-07 03:27:15,504 INFO  client.GrpcClientProtocolClient (GrpcClientProtocolClient.java:onNext(255)) - client-23C834B07313->edccc055-c3f5-47df-b30f-76e8836f4c59: receive RaftClientReply:client-23C834B07313->edccc055-c3f5-47df-b30f-76e8836f4c59@group-ED32739C8BBB, cid=1510, SUCCESS, logIndex=2156, commits[edccc055-c3f5-47df-b30f-76e8836f4c59:c2158, f9704f82-adf1-457c-ad29-9b573bc67fa6:c2154, 932806d8-5f5d-4457-8f95-c9b7f9036eae:c2154]
2019-08-07 03:27:15,504 INFO  client.GrpcClientProtocolClient (GrpcClientProtocolClient.java:onNext(255)) - client-23C834B07313->edccc055-c3f5-47df-b30f-76e8836f4c59: receive RaftClientReply:client-23C834B07313->edccc055-c3f5-47df-b30f-76e8836f4c59@group-ED32739C8BBB, cid=1511, SUCCESS, logIndex=2157, commits[edccc055-c3f5-47df-b30f-76e8836f4c59:c2158, f9704f82-adf1-457c-ad29-9b573bc67fa6:c2154, 932806d8-5f5d-4457-8f95-c9b7f9036eae:c2154]
2019-08-07 03:27:15,504 INFO  client.GrpcClientProtocolClient (GrpcClientProtocolClient.java:onNext(255)) - client-23C834B07313->edccc055-c3f5-47df-b30f-76e8836f4c59: receive RaftClientReply:client-23C834B07313->edccc055-c3f5-47df-b30f-76e8836f4c59@group-ED32739C8BBB, cid=1512, SUCCESS, logIndex=2158, commits[edccc055-c3f5-47df-b30f-76e8836f4c59:c2158, f9704f82-adf1-457c-ad29-9b573bc67fa6:c2154, 932806d8-5f5d-4457-8f95-c9b7f9036eae:c2154]
2019-08-07 03:27:15,518 INFO  client.GrpcClientProtocolClient (GrpcClientProtocolClient.java:onNext(255)) - client-23C834B07313->edccc055-c3f5-47df-b30f-76e8836f4c59: receive RaftClientReply:client-23C834B07313->edccc055-c3f5-47df-b30f-76e8836f4c59@group-ED32739C8BBB, cid=1513, SUCCESS, logIndex=0, commits[edccc055-c3f5-47df-b30f-76e8836f4c59:c2161, f9704f82-adf1-457c-ad29-9b573bc67fa6:c2156, 932806d8-5f5d-4457-8f95-c9b7f9036eae:c2157]
2019-08-07 03:27:15,542 INFO  client.GrpcClientProtocolClient (GrpcClientProtocolClient.java:onNext(255)) - client-23C834B07313->edccc055-c3f5-47df-b30f-76e8836f4c59: receive RaftClientReply:client-23C834B07313->edccc055-c3f5-47df-b30f-76e8836f4c59@group-ED32739C8BBB, cid=1514, SUCCESS, logIndex=2163, commits[edccc055-c3f5-47df-b30f-76e8836f4c59:c2164, f9704f82-adf1-457c-ad29-9b573bc67fa6:c2162, 932806d8-5f5d-4457-8f95-c9b7f9036eae:c2162]
2019-08-07 03:27:15,542 INFO  client.GrpcClientProtocolClient (GrpcClientProtocolClient.java:onNext(255)) - client-23C834B07313->edccc055-c3f5-47df-b30f-76e8836f4c59: receive RaftClientReply:client-23C834B07313->edccc055-c3f5-47df-b30f-76e8836f4c59@group-ED32739C8BBB, cid=1515, SUCCESS, logIndex=2164, commits[edccc055-c3f5-47df-b30f-76e8836f4c59:c2164, f9704f82-adf1-457c-ad29-9b573bc67fa6:c2162, 932806d8-5f5d-4457-8f95-c9b7f9036eae:c2162]
2019-08-07 03:27:15,555 INFO  client.GrpcClientProtocolClient (GrpcClientProtocolClient.java:onNext(255)) - client-23C834B07313->edccc055-c3f5-47df-b30f-76e8836f4c59: receive RaftClientReply:client-23C834B07313->edccc055-c3f5-47df-b30f-76e8836f4c59@group-ED32739C8BBB, cid=1516, SUCCESS, logIndex=2167, commits[edccc055-c3f5-47df-b30f-76e8836f4c59:c2168, f9704f82-adf1-457c-ad29-9b573bc67fa6:c2164, 932806d8-5f5d-4457-8f95-c9b7f9036eae:c2163]
2019-08-07 03:27:15,556 INFO  client.GrpcClientProtocolClient (GrpcClientProtocolClient.java:onNext(255)) - client-23C834B07313->edccc055-c3f5-47df-b30f-76e8836f4c59: receive RaftClientReply:client-23C834B07313->edccc055-c3f5-47df-b30f-76e8836f4c59@group-ED32739C8BBB, cid=1517, SUCCESS, logIndex=2168, commits[edccc055-c3f5-47df-b30f-76e8836f4c59:c2168, f9704f82-adf1-457c-ad29-9b573bc67fa6:c2164, 932806d8-5f5d-4457-8f95-c9b7f9036eae:c2164]
2019-08-07 03:27:15,560 INFO  client.GrpcClientProtocolClient (GrpcClientProtocolClient.java:onNext(255)) - client-23C834B07313->edccc055-c3f5-47df-b30f-76e8836f4c59: receive RaftClientReply:client-23C834B07313->edccc055-c3f5-47df-b30f-76e8836f4c59@group-ED32739C8BBB, cid=1518, SUCCESS, logIndex=0, commits[edccc055-c3f5-47df-b30f-76e8836f4c59:c2169, f9704f82-adf1-457c-ad29-9b573bc67fa6:c2168, 932806d8-5f5d-4457-8f95-c9b7f9036eae:c2168]
2019-08-07 03:27:15,589 INFO  client.GrpcClientProtocolClient (GrpcClientProtocolClient.java:onNext(255)) - client-23C834B07313->edccc055-c3f5-47df-b30f-76e8836f4c59: receive RaftClientReply:client-23C834B07313->edccc055-c3f5-47df-b30f-76e8836f4c59@group-ED32739C8BBB, cid=1519, SUCCESS, logIndex=2171, commits[edccc055-c3f5-47df-b30f-76e8836f4c59:c2173, f9704f82-adf1-457c-ad29-9b573bc67fa6:c2170, 932806d8-5f5d-4457-8f95-c9b7f9036eae:c2170]
2019-08-07 03:27:15,589 INFO  client.GrpcClientProtocolClient (GrpcClientProtocolClient.java:onNext(255)) - client-23C834B07313->edccc055-c3f5-47df-b30f-76e8836f4c59: receive RaftClientReply:client-23C834B07313->edccc055-c3f5-47df-b30f-76e8836f4c59@group-ED32739C8BBB, cid=1520, SUCCESS, logIndex=2172, commits[edccc055-c3f5-47df-b30f-76e8836f4c59:c2174, f9704f82-adf1-457c-ad29-9b573bc67fa6:c2170, 932806d8-5f5d-4457-8f95-c9b7f9036eae:c2170]
2019-08-07 03:27:15,590 INFO  client.GrpcClientProtocolClient (GrpcClientProtocolClient.java:onNext(255)) - client-23C834B07313->edccc055-c3f5-47df-b30f-76e8836f4c59: receive RaftClientReply:client-23C834B07313->edccc055-c3f5-47df-b30f-76e8836f4c59@group-ED32739C8BBB, cid=1521, SUCCESS, logIndex=2173, commits[edccc055-c3f5-47df-b30f-76e8836f4c59:c2174, f9704f82-adf1-457c-ad29-9b573bc67fa6:c2170, 932806d8-5f5d-4457-8f95-c9b7f9036eae:c2170]
2019-08-07 03:27:15,590 INFO  client.GrpcClientProtocolClient (GrpcClientProtocolClient.java:onNext(255)) - client-23C834B07313->edccc055-c3f5-47df-b30f-76e8836f4c59: receive RaftClientReply:client-23C834B07313->edccc055-c3f5-47df-b30f-76e8836f4c59@group-ED32739C8BBB, cid=1522, SUCCESS, logIndex=2174, commits[edccc055-c3f5-47df-b30f-76e8836f4c59:c2174, f9704f82-adf1-457c-ad29-9b573bc67fa6:c2171, 932806d8-5f5d-4457-8f95-c9b7f9036eae:c2170]
2019-08-07 03:27:15,593 INFO  client.GrpcClientProtocolClient (GrpcClientProtocolClient.java:onNext(255)) - client-23C834B07313->edccc055-c3f5-47df-b30f-76e8836f4c59: receive RaftClientReply:client-23C834B07313->edccc055-c3f5-47df-b30f-76e8836f4c59@group-ED32739C8BBB, cid=1523, SUCCESS, logIndex=0, commits[edccc055-c3f5-47df-b30f-76e8836f4c59:c2176, f9704f82-adf1-457c-ad29-9b573bc67fa6:c2173, 932806d8-5f5d-4457-8f95-c9b7f9036eae:c2173]
2019-08-07 03:27:15,606 INFO  client.GrpcClientProtocolClient (GrpcClientProtocolClient.java:onNext(255)) - client-23C834B07313->edccc055-c3f5-47df-b30f-76e8836f4c59: receive RaftClientReply:client-23C834B07313->edccc055-c3f5-47df-b30f-76e8836f4c59@group-ED32739C8BBB, cid=1524, SUCCESS, logIndex=2179, commits[edccc055-c3f5-47df-b30f-76e8836f4c59:c2180, f9704f82-adf1-457c-ad29-9b573bc67fa6:c2178, 932806d8-5f5d-4457-8f95-c9b7f9036eae:c2178]
2019-08-07 03:27:15,606 INFO  client.GrpcClientProtocolClient (GrpcClientProtocolClient.java:onNext(255)) - client-23C834B07313->edccc055-c3f5-47df-b30f-76e8836f4c59: receive RaftClientReply:client-23C834B07313->edccc055-c3f5-47df-b30f-76e8836f4c59@group-ED32739C8BBB, cid=1525, SUCCESS, logIndex=2180, commits[edccc055-c3f5-47df-b30f-76e8836f4c59:c2180, f9704f82-adf1-457c-ad29-9b573bc67fa6:c2178, 932806d8-5f5d-4457-8f95-c9b7f9036eae:c2178]
2019-08-07 03:27:15,620 INFO  client.GrpcClientProtocolClient (GrpcClientProtocolClient.java:onNext(255)) - client-23C834B07313->edccc055-c3f5-47df-b30f-76e8836f4c59: receive RaftClientReply:client-23C834B07313->edccc055-c3f5-47df-b30f-76e8836f4c59@group-ED32739C8BBB, cid=1526, SUCCESS, logIndex=2183, commits[edccc055-c3f5-47df-b30f-76e8836f4c59:c2184, f9704f82-adf1-457c-ad29-9b573bc67fa6:c2180, 932806d8-5f5d-4457-8f95-c9b7f9036eae:c2180]
2019-08-07 03:27:15,621 INFO  client.GrpcClientProtocolClient (GrpcClientProtocolClient.java:onNext(255)) - client-23C834B07313->edccc055-c3f5-47df-b30f-76e8836f4c59: receive RaftClientReply:client-23C834B07313->edccc055-c3f5-47df-b30f-76e8836f4c59@group-ED32739C8BBB, cid=1527, SUCCESS, logIndex=2184, commits[edccc055-c3f5-47df-b30f-76e8836f4c59:c2184, f9704f82-adf1-457c-ad29-9b573bc67fa6:c2180, 932806d8-5f5d-4457-8f95-c9b7f9036eae:c2180]
2019-08-07 03:27:15,635 INFO  client.GrpcClientProtocolClient (GrpcClientProtocolClient.java:onNext(255)) - client-23C834B07313->edccc055-c3f5-47df-b30f-76e8836f4c59: receive RaftClientReply:client-23C834B07313->edccc055-c3f5-47df-b30f-76e8836f4c59@group-ED32739C8BBB, cid=1528, SUCCESS, logIndex=0, commits[edccc055-c3f5-47df-b30f-76e8836f4c59:c2186, f9704f82-adf1-457c-ad29-9b573bc67fa6:c2184, 932806d8-5f5d-4457-8f95-c9b7f9036eae:c2184]
2019-08-07 03:27:15,667 INFO  client.GrpcClientProtocolClient (GrpcClientProtocolClient.java:onNext(255)) - client-23C834B07313->edccc055-c3f5-47df-b30f-76e8836f4c59: receive RaftClientReply:client-23C834B07313->edccc055-c3f5-47df-b30f-76e8836f4c59@group-ED32739C8BBB, cid=1529, SUCCESS, logIndex=2187, commits[edccc055-c3f5-47df-b30f-76e8836f4c59:c2189, f9704f82-adf1-457c-ad29-9b573bc67fa6:c2186, 932806d8-5f5d-4457-8f95-c9b7f9036eae:c2186]
2019-08-07 03:27:15,667 INFO  client.GrpcClientProtocolClient (GrpcClientProtocolClient.java:onNext(255)) - client-23C834B07313->edccc055-c3f5-47df-b30f-76e8836f4c59: receive RaftClientReply:client-23C834B07313->edccc055-c3f5-47df-b30f-76e8836f4c59@group-ED32739C8BBB, cid=1530, SUCCESS, logIndex=2188, commits[edccc055-c3f5-47df-b30f-76e8836f4c59:c2190, f9704f82-adf1-457c-ad29-9b573bc67fa6:c2186, 932806d8-5f5d-4457-8f95-c9b7f9036eae:c2186]
2019-08-07 03:27:15,667 INFO  client.GrpcClientProtocolClient (GrpcClientProtocolClient.java:onNext(255)) - client-23C834B07313->edccc055-c3f5-47df-b30f-76e8836f4c59: receive RaftClientReply:client-23C834B07313->edccc055-c3f5-47df-b30f-76e8836f4c59@group-ED32739C8BBB, cid=1531, SUCCESS, logIndex=2189, commits[edccc055-c3f5-47df-b30f-76e8836f4c59:c2190, f9704f82-adf1-457c-ad29-9b573bc67fa6:c2186, 932806d8-5f5d-4457-8f95-c9b7f9036eae:c2186]
2019-08-07 03:27:15,668 INFO  client.GrpcClientProtocolClient (GrpcClientProtocolClient.java:onNext(255)) - client-23C834B07313->edccc055-c3f5-47df-b30f-76e8836f4c59: receive RaftClientReply:client-23C834B07313->edccc055-c3f5-47df-b30f-76e8836f4c59@group-ED32739C8BBB, cid=1532, SUCCESS, logIndex=2190, commits[edccc055-c3f5-47df-b30f-76e8836f4c59:c2190, f9704f82-adf1-457c-ad29-9b573bc67fa6:c2186, 932806d8-5f5d-4457-8f95-c9b7f9036eae:c2186]
2019-08-07 03:27:15,672 INFO  client.GrpcClientProtocolClient (GrpcClientProtocolClient.java:onNext(255)) - client-23C834B07313->edccc055-c3f5-47df-b30f-76e8836f4c59: receive RaftClientReply:client-23C834B07313->edccc055-c3f5-47df-b30f-76e8836f4c59@group-ED32739C8BBB, cid=1533, SUCCESS, logIndex=0, commits[edccc055-c3f5-47df-b30f-76e8836f4c59:c2193, f9704f82-adf1-457c-ad29-9b573bc67fa6:c2189, 932806d8-5f5d-4457-8f95-c9b7f9036eae:c2188]
2019-08-07 03:27:15,698 INFO  client.GrpcClientProtocolClient (GrpcClientProtocolClient.java:onNext(255)) - client-23C834B07313->edccc055-c3f5-47df-b30f-76e8836f4c59: receive RaftClientReply:client-23C834B07313->edccc055-c3f5-47df-b30f-76e8836f4c59@group-ED32739C8BBB, cid=1534, SUCCESS, logIndex=2195, commits[edccc055-c3f5-47df-b30f-76e8836f4c59:c2196, f9704f82-adf1-457c-ad29-9b573bc67fa6:c2194, 932806d8-5f5d-4457-8f95-c9b7f9036eae:c2194]
2019-08-07 03:27:15,699 INFO  client.GrpcClientProtocolClient (GrpcClientProtocolClient.java:onNext(255)) - client-23C834B07313->edccc055-c3f5-47df-b30f-76e8836f4c59: receive RaftClientReply:client-23C834B07313->edccc055-c3f5-47df-b30f-76e8836f4c59@group-ED32739C8BBB, cid=1535, SUCCESS, logIndex=2196, commits[edccc055-c3f5-47df-b30f-76e8836f4c59:c2196, f9704f82-adf1-457c-ad29-9b573bc67fa6:c2194, 932806d8-5f5d-4457-8f95-c9b7f9036eae:c2194]
2019-08-07 03:27:15,723 INFO  client.GrpcClientProtocolClient (GrpcClientProtocolClient.java:onNext(255)) - client-23C834B07313->edccc055-c3f5-47df-b30f-76e8836f4c59: receive RaftClientReply:client-23C834B07313->edccc055-c3f5-47df-b30f-76e8836f4c59@group-ED32739C8BBB, cid=1536, SUCCESS, logIndex=2199, commits[edccc055-c3f5-47df-b30f-76e8836f4c59:c2200, f9704f82-adf1-457c-ad29-9b573bc67fa6:c2196, 932806d8-5f5d-4457-8f95-c9b7f9036eae:c2196]
2019-08-07 03:27:15,723 INFO  client.GrpcClientProtocolClient (GrpcClientProtocolClient.java:onNext(255)) - client-23C834B07313->edccc055-c3f5-47df-b30f-76e8836f4c59: receive RaftClientReply:client-23C834B07313->edccc055-c3f5-47df-b30f-76e8836f4c59@group-ED32739C8BBB, cid=1537, SUCCESS, logIndex=2200, commits[edccc055-c3f5-47df-b30f-76e8836f4c59:c2200, f9704f82-adf1-457c-ad29-9b573bc67fa6:c2196, 932806d8-5f5d-4457-8f95-c9b7f9036eae:c2196]
2019-08-07 03:27:15,737 INFO  client.GrpcClientProtocolClient (GrpcClientProtocolClient.java:onNext(255)) - client-23C834B07313->edccc055-c3f5-47df-b30f-76e8836f4c59: receive RaftClientReply:client-23C834B07313->edccc055-c3f5-47df-b30f-76e8836f4c59@group-ED32739C8BBB, cid=1538, SUCCESS, logIndex=0, commits[edccc055-c3f5-47df-b30f-76e8836f4c59:c2202, f9704f82-adf1-457c-ad29-9b573bc67fa6:c2200, 932806d8-5f5d-4457-8f95-c9b7f9036eae:c2200]
2019-08-07 03:27:15,768 INFO  client.GrpcClientProtocolClient (GrpcClientProtocolClient.java:onNext(255)) - client-23C834B07313->edccc055-c3f5-47df-b30f-76e8836f4c59: receive RaftClientReply:client-23C834B07313->edccc055-c3f5-47df-b30f-76e8836f4c59@group-ED32739C8BBB, cid=1539, SUCCESS, logIndex=2203, commits[edccc055-c3f5-47df-b30f-76e8836f4c59:c2203, f9704f82-adf1-457c-ad29-9b573bc67fa6:c2202, 932806d8-5f5d-4457-8f95-c9b7f9036eae:c2202]
2019-08-07 03:27:15,769 INFO  client.GrpcClientProtocolClient (GrpcClientProtocolClient.java:onNext(255)) - client-23C834B07313->edccc055-c3f5-47df-b30f-76e8836f4c59: receive RaftClientReply:client-23C834B07313->edccc055-c3f5-47df-b30f-76e8836f4c59@group-ED32739C8BBB, cid=1540, SUCCESS, logIndex=2204, commits[edccc055-c3f5-47df-b30f-76e8836f4c59:c2206, f9704f82-adf1-457c-ad29-9b573bc67fa6:c2202, 932806d8-5f5d-4457-8f95-c9b7f9036eae:c2202]
2019-08-07 03:27:15,769 INFO  client.GrpcClientProtocolClient (GrpcClientProtocolClient.java:onNext(255)) - client-23C834B07313->edccc055-c3f5-47df-b30f-76e8836f4c59: receive RaftClientReply:client-23C834B07313->edccc055-c3f5-47df-b30f-76e8836f4c59@group-ED32739C8BBB, cid=1541, SUCCESS, logIndex=2205, commits[edccc055-c3f5-47df-b30f-76e8836f4c59:c2206, f9704f82-adf1-457c-ad29-9b573bc67fa6:c2202, 932806d8-5f5d-4457-8f95-c9b7f9036eae:c2202]
2019-08-07 03:27:15,769 INFO  client.GrpcClientProtocolClient (GrpcClientProtocolClient.java:onNext(255)) - client-23C834B07313->edccc055-c3f5-47df-b30f-76e8836f4c59: receive RaftClientReply:client-23C834B07313->edccc055-c3f5-47df-b30f-76e8836f4c59@group-ED32739C8BBB, cid=1542, SUCCESS, logIndex=2206, commits[edccc055-c3f5-47df-b30f-76e8836f4c59:c2207, f9704f82-adf1-457c-ad29-9b573bc67fa6:c2203, 932806d8-5f5d-4457-8f95-c9b7f9036eae:c2202]
2019-08-07 03:27:15,784 INFO  client.GrpcClientProtocolClient (GrpcClientProtocolClient.java:onNext(255)) - client-23C834B07313->edccc055-c3f5-47df-b30f-76e8836f4c59: receive RaftClientReply:client-23C834B07313->edccc055-c3f5-47df-b30f-76e8836f4c59@group-ED32739C8BBB, cid=1543, SUCCESS, logIndex=0, commits[edccc055-c3f5-47df-b30f-76e8836f4c59:c2210, f9704f82-adf1-457c-ad29-9b573bc67fa6:c2206, 932806d8-5f5d-4457-8f95-c9b7f9036eae:c2204]
2019-08-07 03:27:15,806 INFO  client.GrpcClientProtocolClient (GrpcClientProtocolClient.java:onNext(255)) - client-23C834B07313->edccc055-c3f5-47df-b30f-76e8836f4c59: receive RaftClientReply:client-23C834B07313->edccc055-c3f5-47df-b30f-76e8836f4c59@group-ED32739C8BBB, cid=1544, SUCCESS, logIndex=2211, commits[edccc055-c3f5-47df-b30f-76e8836f4c59:c2212, f9704f82-adf1-457c-ad29-9b573bc67fa6:c2210, 932806d8-5f5d-4457-8f95-c9b7f9036eae:c2210]
2019-08-07 03:27:15,807 INFO  client.GrpcClientProtocolClient (GrpcClientProtocolClient.java:onNext(255)) - client-23C834B07313->edccc055-c3f5-47df-b30f-76e8836f4c59: receive RaftClientReply:client-23C834B07313->edccc055-c3f5-47df-b30f-76e8836f4c59@group-ED32739C8BBB, cid=1545, SUCCESS, logIndex=2212, commits[edccc055-c3f5-47df-b30f-76e8836f4c59:c2212, f9704f82-adf1-457c-ad29-9b573bc67fa6:c2210, 932806d8-5f5d-4457-8f95-c9b7f9036eae:c2210]
2019-08-07 03:27:15,831 INFO  client.GrpcClientProtocolClient (GrpcClientProtocolClient.java:onNext(255)) - client-23C834B07313->edccc055-c3f5-47df-b30f-76e8836f4c59: receive RaftClientReply:client-23C834B07313->edccc055-c3f5-47df-b30f-76e8836f4c59@group-ED32739C8BBB, cid=1546, SUCCESS, logIndex=2215, commits[edccc055-c3f5-47df-b30f-76e8836f4c59:c2216, f9704f82-adf1-457c-ad29-9b573bc67fa6:c2212, 932806d8-5f5d-4457-8f95-c9b7f9036eae:c2212]
2019-08-07 03:27:15,832 INFO  client.GrpcClientProtocolClient (GrpcClientProtocolClient.java:onNext(255)) - client-23C834B07313->edccc055-c3f5-47df-b30f-76e8836f4c59: receive RaftClientReply:client-23C834B07313->edccc055-c3f5-47df-b30f-76e8836f4c59@group-ED32739C8BBB, cid=1547, SUCCESS, logIndex=2216, commits[edccc055-c3f5-47df-b30f-76e8836f4c59:c2216, f9704f82-adf1-457c-ad29-9b573bc67fa6:c2212, 932806d8-5f5d-4457-8f95-c9b7f9036eae:c2212]
2019-08-07 03:27:15,843 INFO  client.GrpcClientProtocolClient (GrpcClientProtocolClient.java:onNext(255)) - client-23C834B07313->edccc055-c3f5-47df-b30f-76e8836f4c59: receive RaftClientReply:client-23C834B07313->edccc055-c3f5-47df-b30f-76e8836f4c59@group-ED32739C8BBB, cid=1548, SUCCESS, logIndex=0, commits[edccc055-c3f5-47df-b30f-76e8836f4c59:c2217, f9704f82-adf1-457c-ad29-9b573bc67fa6:c2216, 932806d8-5f5d-4457-8f95-c9b7f9036eae:c2216]
2019-08-07 03:27:15,997 INFO  client.GrpcClientProtocolClient (GrpcClientProtocolClient.java:onNext(255)) - client-23C834B07313->edccc055-c3f5-47df-b30f-76e8836f4c59: receive RaftClientReply:client-23C834B07313->edccc055-c3f5-47df-b30f-76e8836f4c59@group-ED32739C8BBB, cid=1549, SUCCESS, logIndex=2219, commits[edccc055-c3f5-47df-b30f-76e8836f4c59:c2220, f9704f82-adf1-457c-ad29-9b573bc67fa6:c2218, 932806d8-5f5d-4457-8f95-c9b7f9036eae:c2218]
2019-08-07 03:27:15,998 INFO  client.GrpcClientProtocolClient (GrpcClientProtocolClient.java:onNext(255)) - client-23C834B07313->edccc055-c3f5-47df-b30f-76e8836f4c59: receive RaftClientReply:client-23C834B07313->edccc055-c3f5-47df-b30f-76e8836f4c59@group-ED32739C8BBB, cid=1550, SUCCESS, logIndex=2220, commits[edccc055-c3f5-47df-b30f-76e8836f4c59:c2222, f9704f82-adf1-457c-ad29-9b573bc67fa6:c2218, 932806d8-5f5d-4457-8f95-c9b7f9036eae:c2218]
2019-08-07 03:27:15,998 INFO  client.GrpcClientProtocolClient (GrpcClientProtocolClient.java:onNext(255)) - client-23C834B07313->edccc055-c3f5-47df-b30f-76e8836f4c59: receive RaftClientReply:client-23C834B07313->edccc055-c3f5-47df-b30f-76e8836f4c59@group-ED32739C8BBB, cid=1551, SUCCESS, logIndex=2221, commits[edccc055-c3f5-47df-b30f-76e8836f4c59:c2222, f9704f82-adf1-457c-ad29-9b573bc67fa6:c2218, 932806d8-5f5d-4457-8f95-c9b7f9036eae:c2218]
2019-08-07 03:27:15,998 INFO  client.GrpcClientProtocolClient (GrpcClientProtocolClient.java:onNext(255)) - client-23C834B07313->edccc055-c3f5-47df-b30f-76e8836f4c59: receive RaftClientReply:client-23C834B07313->edccc055-c3f5-47df-b30f-76e8836f4c59@group-ED32739C8BBB, cid=1552, SUCCESS, logIndex=2222, commits[edccc055-c3f5-47df-b30f-76e8836f4c59:c2222, f9704f82-adf1-457c-ad29-9b573bc67fa6:c2218, 932806d8-5f5d-4457-8f95-c9b7f9036eae:c2218]
2019-08-07 03:27:16,001 INFO  client.GrpcClientProtocolClient (GrpcClientProtocolClient.java:onNext(255)) - client-23C834B07313->edccc055-c3f5-47df-b30f-76e8836f4c59: receive RaftClientReply:client-23C834B07313->edccc055-c3f5-47df-b30f-76e8836f4c59@group-ED32739C8BBB, cid=1553, SUCCESS, logIndex=0, commits[edccc055-c3f5-47df-b30f-76e8836f4c59:c2224, f9704f82-adf1-457c-ad29-9b573bc67fa6:c2220, 932806d8-5f5d-4457-8f95-c9b7f9036eae:c2220]
2019-08-07 03:27:16,027 INFO  client.GrpcClientProtocolClient (GrpcClientProtocolClient.java:onNext(255)) - client-23C834B07313->edccc055-c3f5-47df-b30f-76e8836f4c59: receive RaftClientReply:client-23C834B07313->edccc055-c3f5-47df-b30f-76e8836f4c59@group-ED32739C8BBB, cid=1554, SUCCESS, logIndex=2227, commits[edccc055-c3f5-47df-b30f-76e8836f4c59:c2228, f9704f82-adf1-457c-ad29-9b573bc67fa6:c2226, 932806d8-5f5d-4457-8f95-c9b7f9036eae:c2226]
2019-08-07 03:27:16,027 INFO  client.GrpcClientProtocolClient (GrpcClientProtocolClient.java:onNext(255)) - client-23C834B07313->edccc055-c3f5-47df-b30f-76e8836f4c59: receive RaftClientReply:client-23C834B07313->edccc055-c3f5-47df-b30f-76e8836f4c59@group-ED32739C8BBB, cid=1555, SUCCESS, logIndex=2228, commits[edccc055-c3f5-47df-b30f-76e8836f4c59:c2228, f9704f82-adf1-457c-ad29-9b573bc67fa6:c2226, 932806d8-5f5d-4457-8f95-c9b7f9036eae:c2226]
2019-08-07 03:27:16,052 INFO  client.GrpcClientProtocolClient (GrpcClientProtocolClient.java:onNext(255)) - client-23C834B07313->edccc055-c3f5-47df-b30f-76e8836f4c59: receive RaftClientReply:client-23C834B07313->edccc055-c3f5-47df-b30f-76e8836f4c59@group-ED32739C8BBB, cid=1556, SUCCESS, logIndex=2231, commits[edccc055-c3f5-47df-b30f-76e8836f4c59:c2232, f9704f82-adf1-457c-ad29-9b573bc67fa6:c2227, 932806d8-5f5d-4457-8f95-c9b7f9036eae:c2228]
2019-08-07 03:27:16,052 INFO  client.GrpcClientProtocolClient (GrpcClientProtocolClient.java:onNext(255)) - client-23C834B07313->edccc055-c3f5-47df-b30f-76e8836f4c59: receive RaftClientReply:client-23C834B07313->edccc055-c3f5-47df-b30f-76e8836f4c59@group-ED32739C8BBB, cid=1557, SUCCESS, logIndex=2232, commits[edccc055-c3f5-47df-b30f-76e8836f4c59:c2232, f9704f82-adf1-457c-ad29-9b573bc67fa6:c2228, 932806d8-5f5d-4457-8f95-c9b7f9036eae:c2228]
2019-08-07 03:27:16,067 INFO  client.GrpcClientProtocolClient (GrpcClientProtocolClient.java:onNext(255)) - client-23C834B07313->edccc055-c3f5-47df-b30f-76e8836f4c59: receive RaftClientReply:client-23C834B07313->edccc055-c3f5-47df-b30f-76e8836f4c59@group-ED32739C8BBB, cid=1558, SUCCESS, logIndex=0, commits[edccc055-c3f5-47df-b30f-76e8836f4c59:c2234, f9704f82-adf1-457c-ad29-9b573bc67fa6:c2232, 932806d8-5f5d-4457-8f95-c9b7f9036eae:c2232]
2019-08-07 03:27:16,104 INFO  client.GrpcClientProtocolClient (GrpcClientProtocolClient.java:onNext(255)) - client-23C834B07313->edccc055-c3f5-47df-b30f-76e8836f4c59: receive RaftClientReply:client-23C834B07313->edccc055-c3f5-47df-b30f-76e8836f4c59@group-ED32739C8BBB, cid=1559, SUCCESS, logIndex=2235, commits[edccc055-c3f5-47df-b30f-76e8836f4c59:c2237, f9704f82-adf1-457c-ad29-9b573bc67fa6:c2234, 932806d8-5f5d-4457-8f95-c9b7f9036eae:c2234]
2019-08-07 03:27:16,104 INFO  client.GrpcClientProtocolClient (GrpcClientProtocolClient.java:onNext(255)) - client-23C834B07313->edccc055-c3f5-47df-b30f-76e8836f4c59: receive RaftClientReply:client-23C834B07313->edccc055-c3f5-47df-b30f-76e8836f4c59@group-ED32739C8BBB, cid=1560, SUCCESS, logIndex=2236, commits[edccc055-c3f5-47df-b30f-76e8836f4c59:c2238, f9704f82-adf1-457c-ad29-9b573bc67fa6:c2234, 932806d8-5f5d-4457-8f95-c9b7f9036eae:c2234]
2019-08-07 03:27:16,105 INFO  client.GrpcClientProtocolClient (GrpcClientProtocolClient.java:onNext(255)) - client-23C834B07313->edccc055-c3f5-47df-b30f-76e8836f4c59: receive RaftClientReply:client-23C834B07313->edccc055-c3f5-47df-b30f-76e8836f4c59@group-ED32739C8BBB, cid=1561, SUCCESS, logIndex=2237, commits[edccc055-c3f5-47df-b30f-76e8836f4c59:c2238, f9704f82-adf1-457c-ad29-9b573bc67fa6:c2234, 932806d8-5f5d-4457-8f95-c9b7f9036eae:c2234]
2019-08-07 03:27:16,105 INFO  client.GrpcClientProtocolClient (GrpcClientProtocolClient.java:onNext(255)) - client-23C834B07313->edccc055-c3f5-47df-b30f-76e8836f4c59: receive RaftClientReply:client-23C834B07313->edccc055-c3f5-47df-b30f-76e8836f4c59@group-ED32739C8BBB, cid=1562, SUCCESS, logIndex=2238, commits[edccc055-c3f5-47df-b30f-76e8836f4c59:c2238, f9704f82-adf1-457c-ad29-9b573bc67fa6:c2234, 932806d8-5f5d-4457-8f95-c9b7f9036eae:c2234]
2019-08-07 03:27:16,118 INFO  client.GrpcClientProtocolClient (GrpcClientProtocolClient.java:onNext(255)) - client-23C834B07313->edccc055-c3f5-47df-b30f-76e8836f4c59: receive RaftClientReply:client-23C834B07313->edccc055-c3f5-47df-b30f-76e8836f4c59@group-ED32739C8BBB, cid=1563, SUCCESS, logIndex=0, commits[edccc055-c3f5-47df-b30f-76e8836f4c59:c2240, f9704f82-adf1-457c-ad29-9b573bc67fa6:c2236, 932806d8-5f5d-4457-8f95-c9b7f9036eae:c2236]
2019-08-07 03:27:16,139 INFO  client.GrpcClientProtocolClient (GrpcClientProtocolClient.java:onNext(255)) - client-23C834B07313->edccc055-c3f5-47df-b30f-76e8836f4c59: receive RaftClientReply:client-23C834B07313->edccc055-c3f5-47df-b30f-76e8836f4c59@group-ED32739C8BBB, cid=1564, SUCCESS, logIndex=2243, commits[edccc055-c3f5-47df-b30f-76e8836f4c59:c2244, f9704f82-adf1-457c-ad29-9b573bc67fa6:c2242, 932806d8-5f5d-4457-8f95-c9b7f9036eae:c2242]
2019-08-07 03:27:16,139 INFO  client.GrpcClientProtocolClient (GrpcClientProtocolClient.java:onNext(255)) - client-23C834B07313->edccc055-c3f5-47df-b30f-76e8836f4c59: receive RaftClientReply:client-23C834B07313->edccc055-c3f5-47df-b30f-76e8836f4c59@group-ED32739C8BBB, cid=1565, SUCCESS, logIndex=2244, commits[edccc055-c3f5-47df-b30f-76e8836f4c59:c2244, f9704f82-adf1-457c-ad29-9b573bc67fa6:c2242, 932806d8-5f5d-4457-8f95-c9b7f9036eae:c2242]
2019-08-07 03:27:16,152 INFO  client.GrpcClientProtocolClient (GrpcClientProtocolClient.java:onNext(255)) - client-23C834B07313->edccc055-c3f5-47df-b30f-76e8836f4c59: receive RaftClientReply:client-23C834B07313->edccc055-c3f5-47df-b30f-76e8836f4c59@group-ED32739C8BBB, cid=1566, SUCCESS, logIndex=2247, commits[edccc055-c3f5-47df-b30f-76e8836f4c59:c2248, f9704f82-adf1-457c-ad29-9b573bc67fa6:c2244, 932806d8-5f5d-4457-8f95-c9b7f9036eae:c2244]
2019-08-07 03:27:16,153 INFO  client.GrpcClientProtocolClient (GrpcClientProtocolClient.java:onNext(255)) - client-23C834B07313->edccc055-c3f5-47df-b30f-76e8836f4c59: receive RaftClientReply:client-23C834B07313->edccc055-c3f5-47df-b30f-76e8836f4c59@group-ED32739C8BBB, cid=1567, SUCCESS, logIndex=2248, commits[edccc055-c3f5-47df-b30f-76e8836f4c59:c2248, f9704f82-adf1-457c-ad29-9b573bc67fa6:c2244, 932806d8-5f5d-4457-8f95-c9b7f9036eae:c2244]
2019-08-07 03:27:16,167 INFO  client.GrpcClientProtocolClient (GrpcClientProtocolClient.java:onNext(255)) - client-23C834B07313->edccc055-c3f5-47df-b30f-76e8836f4c59: receive RaftClientReply:client-23C834B07313->edccc055-c3f5-47df-b30f-76e8836f4c59@group-ED32739C8BBB, cid=1568, SUCCESS, logIndex=0, commits[edccc055-c3f5-47df-b30f-76e8836f4c59:c2250, f9704f82-adf1-457c-ad29-9b573bc67fa6:c2248, 932806d8-5f5d-4457-8f95-c9b7f9036eae:c2248]
2019-08-07 03:27:16,188 INFO  client.GrpcClientProtocolClient (GrpcClientProtocolClient.java:onNext(255)) - client-23C834B07313->edccc055-c3f5-47df-b30f-76e8836f4c59: receive RaftClientReply:client-23C834B07313->edccc055-c3f5-47df-b30f-76e8836f4c59@group-ED32739C8BBB, cid=1569, SUCCESS, logIndex=2251, commits[edccc055-c3f5-47df-b30f-76e8836f4c59:c2252, f9704f82-adf1-457c-ad29-9b573bc67fa6:c2248, 932806d8-5f5d-4457-8f95-c9b7f9036eae:c2250]
2019-08-07 03:27:16,189 INFO  client.GrpcClientProtocolClient (GrpcClientProtocolClient.java:onNext(255)) - client-23C834B07313->edccc055-c3f5-47df-b30f-76e8836f4c59: receive RaftClientReply:client-23C834B07313->edccc055-c3f5-47df-b30f-76e8836f4c59@group-ED32739C8BBB, cid=1570, SUCCESS, logIndex=2252, commits[edccc055-c3f5-47df-b30f-76e8836f4c59:c2252, f9704f82-adf1-457c-ad29-9b573bc67fa6:c2250, 932806d8-5f5d-4457-8f95-c9b7f9036eae:c2250]
2019-08-07 03:27:16,193 INFO  client.GrpcClientProtocolClient (GrpcClientProtocolClient.java:onNext(255)) - client-23C834B07313->edccc055-c3f5-47df-b30f-76e8836f4c59: receive RaftClientReply:client-23C834B07313->edccc055-c3f5-47df-b30f-76e8836f4c59@group-ED32739C8BBB, cid=1571, SUCCESS, logIndex=2253, commits[edccc055-c3f5-47df-b30f-76e8836f4c59:c2255, f9704f82-adf1-457c-ad29-9b573bc67fa6:c2250, 932806d8-5f5d-4457-8f95-c9b7f9036eae:c2252]
2019-08-07 03:27:16,193 INFO  client.GrpcClientProtocolClient (GrpcClientProtocolClient.java:onNext(255)) - client-23C834B07313->edccc055-c3f5-47df-b30f-76e8836f4c59: receive RaftClientReply:client-23C834B07313->edccc055-c3f5-47df-b30f-76e8836f4c59@group-ED32739C8BBB, cid=1572, SUCCESS, logIndex=2254, commits[edccc055-c3f5-47df-b30f-76e8836f4c59:c2256, f9704f82-adf1-457c-ad29-9b573bc67fa6:c2250, 932806d8-5f5d-4457-8f95-c9b7f9036eae:c2252]
2019-08-07 03:27:16,194 INFO  client.GrpcClientProtocolClient (GrpcClientProtocolClient.java:onNext(255)) - client-23C834B07313->edccc055-c3f5-47df-b30f-76e8836f4c59: receive RaftClientReply:client-23C834B07313->edccc055-c3f5-47df-b30f-76e8836f4c59@group-ED32739C8BBB, cid=1573, SUCCESS, logIndex=0, commits[edccc055-c3f5-47df-b30f-76e8836f4c59:c2257, f9704f82-adf1-457c-ad29-9b573bc67fa6:c2252, 932806d8-5f5d-4457-8f95-c9b7f9036eae:c2253]
2019-08-07 03:27:16,209 INFO  client.GrpcClientProtocolClient (GrpcClientProtocolClient.java:onNext(255)) - client-23C834B07313->edccc055-c3f5-47df-b30f-76e8836f4c59: receive RaftClientReply:client-23C834B07313->edccc055-c3f5-47df-b30f-76e8836f4c59@group-ED32739C8BBB, cid=1574, SUCCESS, logIndex=2259, commits[edccc055-c3f5-47df-b30f-76e8836f4c59:c2260, f9704f82-adf1-457c-ad29-9b573bc67fa6:c2258, 932806d8-5f5d-4457-8f95-c9b7f9036eae:c2258]
2019-08-07 03:27:16,210 INFO  client.GrpcClientProtocolClient (GrpcClientProtocolClient.java:onNext(255)) - client-23C834B07313->edccc055-c3f5-47df-b30f-76e8836f4c59: receive RaftClientReply:client-23C834B07313->edccc055-c3f5-47df-b30f-76e8836f4c59@group-ED32739C8BBB, cid=1575, SUCCESS, logIndex=2260, commits[edccc055-c3f5-47df-b30f-76e8836f4c59:c2260, f9704f82-adf1-457c-ad29-9b573bc67fa6:c2258, 932806d8-5f5d-4457-8f95-c9b7f9036eae:c2258]
2019-08-07 03:27:16,225 INFO  client.GrpcClientProtocolClient (GrpcClientProtocolClient.java:onNext(255)) - client-23C834B07313->edccc055-c3f5-47df-b30f-76e8836f4c59: receive RaftClientReply:client-23C834B07313->edccc055-c3f5-47df-b30f-76e8836f4c59@group-ED32739C8BBB, cid=1576, SUCCESS, logIndex=2263, commits[edccc055-c3f5-47df-b30f-76e8836f4c59:c2264, f9704f82-adf1-457c-ad29-9b573bc67fa6:c2262, 932806d8-5f5d-4457-8f95-c9b7f9036eae:c2262]
2019-08-07 03:27:16,226 INFO  client.GrpcClientProtocolClient (GrpcClientProtocolClient.java:onNext(255)) - client-23C834B07313->edccc055-c3f5-47df-b30f-76e8836f4c59: receive RaftClientReply:client-23C834B07313->edccc055-c3f5-47df-b30f-76e8836f4c59@group-ED32739C8BBB, cid=1577, SUCCESS, logIndex=2264, commits[edccc055-c3f5-47df-b30f-76e8836f4c59:c2264, f9704f82-adf1-457c-ad29-9b573bc67fa6:c2262, 932806d8-5f5d-4457-8f95-c9b7f9036eae:c2262]
2019-08-07 03:27:16,251 INFO  client.GrpcClientProtocolClient (GrpcClientProtocolClient.java:onNext(255)) - client-23C834B07313->edccc055-c3f5-47df-b30f-76e8836f4c59: receive RaftClientReply:client-23C834B07313->edccc055-c3f5-47df-b30f-76e8836f4c59@group-ED32739C8BBB, cid=1578, SUCCESS, logIndex=0, commits[edccc055-c3f5-47df-b30f-76e8836f4c59:c2265, f9704f82-adf1-457c-ad29-9b573bc67fa6:c2264, 932806d8-5f5d-4457-8f95-c9b7f9036eae:c2264]
 0.00% |█                                                                                                    |  0/1 Time: 0:00:122019-08-07 03:27:16,285 INFO  client.GrpcClientProtocolClient (GrpcClientProtocolClient.java:onNext(255)) - client-23C834B07313->edccc055-c3f5-47df-b30f-76e8836f4c59: receive RaftClientReply:client-23C834B07313->edccc055-c3f5-47df-b30f-76e8836f4c59@group-ED32739C8BBB, cid=1579, SUCCESS, logIndex=2267, commits[edccc055-c3f5-47df-b30f-76e8836f4c59:c2269, f9704f82-adf1-457c-ad29-9b573bc67fa6:c2266, 932806d8-5f5d-4457-8f95-c9b7f9036eae:c2266]
2019-08-07 03:27:16,286 INFO  client.GrpcClientProtocolClient (GrpcClientProtocolClient.java:onNext(255)) - client-23C834B07313->edccc055-c3f5-47df-b30f-76e8836f4c59: receive RaftClientReply:client-23C834B07313->edccc055-c3f5-47df-b30f-76e8836f4c59@group-ED32739C8BBB, cid=1580, SUCCESS, logIndex=2268, commits[edccc055-c3f5-47df-b30f-76e8836f4c59:c2270, f9704f82-adf1-457c-ad29-9b573bc67fa6:c2266, 932806d8-5f5d-4457-8f95-c9b7f9036eae:c2266]
2019-08-07 03:27:16,286 INFO  client.GrpcClientProtocolClient (GrpcClientProtocolClient.java:onNext(255)) - client-23C834B07313->edccc055-c3f5-47df-b30f-76e8836f4c59: receive RaftClientReply:client-23C834B07313->edccc055-c3f5-47df-b30f-76e8836f4c59@group-ED32739C8BBB, cid=1581, SUCCESS, logIndex=2269, commits[edccc055-c3f5-47df-b30f-76e8836f4c59:c2270, f9704f82-adf1-457c-ad29-9b573bc67fa6:c2266, 932806d8-5f5d-4457-8f95-c9b7f9036eae:c2266]
2019-08-07 03:27:16,286 INFO  client.GrpcClientProtocolClient (GrpcClientProtocolClient.java:onNext(255)) - client-23C834B07313->edccc055-c3f5-47df-b30f-76e8836f4c59: receive RaftClientReply:client-23C834B07313->edccc055-c3f5-47df-b30f-76e8836f4c59@group-ED32739C8BBB, cid=1582, SUCCESS, logIndex=2270, commits[edccc055-c3f5-47df-b30f-76e8836f4c59:c2270, f9704f82-adf1-457c-ad29-9b573bc67fa6:c2266, 932806d8-5f5d-4457-8f95-c9b7f9036eae:c2266]
2019-08-07 03:27:16,299 INFO  client.GrpcClientProtocolClient (GrpcClientProtocolClient.java:onNext(255)) - client-23C834B07313->edccc055-c3f5-47df-b30f-76e8836f4c59: receive RaftClientReply:client-23C834B07313->edccc055-c3f5-47df-b30f-76e8836f4c59@group-ED32739C8BBB, cid=1583, SUCCESS, logIndex=0, commits[edccc055-c3f5-47df-b30f-76e8836f4c59:c2272, f9704f82-adf1-457c-ad29-9b573bc67fa6:c2268, 932806d8-5f5d-4457-8f95-c9b7f9036eae:c2268]
2019-08-07 03:27:16,319 INFO  client.GrpcClientProtocolClient (GrpcClientProtocolClient.java:onNext(255)) - client-23C834B07313->edccc055-c3f5-47df-b30f-76e8836f4c59: receive RaftClientReply:client-23C834B07313->edccc055-c3f5-47df-b30f-76e8836f4c59@group-ED32739C8BBB, cid=1584, SUCCESS, logIndex=2275, commits[edccc055-c3f5-47df-b30f-76e8836f4c59:c2276, f9704f82-adf1-457c-ad29-9b573bc67fa6:c2274, 932806d8-5f5d-4457-8f95-c9b7f9036eae:c2274]
2019-08-07 03:27:16,319 INFO  client.GrpcClientProtocolClient (GrpcClientProtocolClient.java:onNext(255)) - client-23C834B07313->edccc055-c3f5-47df-b30f-76e8836f4c59: receive RaftClientReply:client-23C834B07313->edccc055-c3f5-47df-b30f-76e8836f4c59@group-ED32739C8BBB, cid=1585, SUCCESS, logIndex=2276, commits[edccc055-c3f5-47df-b30f-76e8836f4c59:c2276, f9704f82-adf1-457c-ad29-9b573bc67fa6:c2274, 932806d8-5f5d-4457-8f95-c9b7f9036eae:c2274]
2019-08-07 03:27:16,334 INFO  client.GrpcClientProtocolClient (GrpcClientProtocolClient.java:onNext(255)) - client-23C834B07313->edccc055-c3f5-47df-b30f-76e8836f4c59: receive RaftClientReply:client-23C834B07313->edccc055-c3f5-47df-b30f-76e8836f4c59@group-ED32739C8BBB, cid=1586, SUCCESS, logIndex=2279, commits[edccc055-c3f5-47df-b30f-76e8836f4c59:c2280, f9704f82-adf1-457c-ad29-9b573bc67fa6:c2276, 932806d8-5f5d-4457-8f95-c9b7f9036eae:c2276]
2019-08-07 03:27:16,335 INFO  client.GrpcClientProtocolClient (GrpcClientProtocolClient.java:onNext(255)) - client-23C834B07313->edccc055-c3f5-47df-b30f-76e8836f4c59: receive RaftClientReply:client-23C834B07313->edccc055-c3f5-47df-b30f-76e8836f4c59@group-ED32739C8BBB, cid=1587, SUCCESS, logIndex=2280, commits[edccc055-c3f5-47df-b30f-76e8836f4c59:c2280, f9704f82-adf1-457c-ad29-9b573bc67fa6:c2276, 932806d8-5f5d-4457-8f95-c9b7f9036eae:c2276]
2019-08-07 03:27:16,360 INFO  client.GrpcClientProtocolClient (GrpcClientProtocolClient.java:onNext(255)) - client-23C834B07313->edccc055-c3f5-47df-b30f-76e8836f4c59: receive RaftClientReply:client-23C834B07313->edccc055-c3f5-47df-b30f-76e8836f4c59@group-ED32739C8BBB, cid=1588, SUCCESS, logIndex=0, commits[edccc055-c3f5-47df-b30f-76e8836f4c59:c2281, f9704f82-adf1-457c-ad29-9b573bc67fa6:c2280, 932806d8-5f5d-4457-8f95-c9b7f9036eae:c2280]
2019-08-07 03:27:16,390 INFO  client.GrpcClientProtocolClient (GrpcClientProtocolClient.java:onNext(255)) - client-23C834B07313->edccc055-c3f5-47df-b30f-76e8836f4c59: receive RaftClientReply:client-23C834B07313->edccc055-c3f5-47df-b30f-76e8836f4c59@group-ED32739C8BBB, cid=1589, SUCCESS, logIndex=2283, commits[edccc055-c3f5-47df-b30f-76e8836f4c59:c2286, f9704f82-adf1-457c-ad29-9b573bc67fa6:c2282, 932806d8-5f5d-4457-8f95-c9b7f9036eae:c2282]
2019-08-07 03:27:16,390 INFO  client.GrpcClientProtocolClient (GrpcClientProtocolClient.java:onNext(255)) - client-23C834B07313->edccc055-c3f5-47df-b30f-76e8836f4c59: receive RaftClientReply:client-23C834B07313->edccc055-c3f5-47df-b30f-76e8836f4c59@group-ED32739C8BBB, cid=1590, SUCCESS, logIndex=2284, commits[edccc055-c3f5-47df-b30f-76e8836f4c59:c2286, f9704f82-adf1-457c-ad29-9b573bc67fa6:c2282, 932806d8-5f5d-4457-8f95-c9b7f9036eae:c2282]
2019-08-07 03:27:16,391 INFO  client.GrpcClientProtocolClient (GrpcClientProtocolClient.java:onNext(255)) - client-23C834B07313->edccc055-c3f5-47df-b30f-76e8836f4c59: receive RaftClientReply:client-23C834B07313->edccc055-c3f5-47df-b30f-76e8836f4c59@group-ED32739C8BBB, cid=1591, SUCCESS, logIndex=2285, commits[edccc055-c3f5-47df-b30f-76e8836f4c59:c2286, f9704f82-adf1-457c-ad29-9b573bc67fa6:c2282, 932806d8-5f5d-4457-8f95-c9b7f9036eae:c2282]
2019-08-07 03:27:16,391 INFO  client.GrpcClientProtocolClient (GrpcClientProtocolClient.java:onNext(255)) - client-23C834B07313->edccc055-c3f5-47df-b30f-76e8836f4c59: receive RaftClientReply:client-23C834B07313->edccc055-c3f5-47df-b30f-76e8836f4c59@group-ED32739C8BBB, cid=1592, SUCCESS, logIndex=2286, commits[edccc055-c3f5-47df-b30f-76e8836f4c59:c2286, f9704f82-adf1-457c-ad29-9b573bc67fa6:c2282, 932806d8-5f5d-4457-8f95-c9b7f9036eae:c2282]
2019-08-07 03:27:16,404 INFO  client.GrpcClientProtocolClient (GrpcClientProtocolClient.java:onNext(255)) - client-23C834B07313->edccc055-c3f5-47df-b30f-76e8836f4c59: receive RaftClientReply:client-23C834B07313->edccc055-c3f5-47df-b30f-76e8836f4c59@group-ED32739C8BBB, cid=1593, SUCCESS, logIndex=0, commits[edccc055-c3f5-47df-b30f-76e8836f4c59:c2290, f9704f82-adf1-457c-ad29-9b573bc67fa6:c2286, 932806d8-5f5d-4457-8f95-c9b7f9036eae:c2286]
2019-08-07 03:27:16,423 INFO  client.GrpcClientProtocolClient (GrpcClientProtocolClient.java:onNext(255)) - client-23C834B07313->edccc055-c3f5-47df-b30f-76e8836f4c59: receive RaftClientReply:client-23C834B07313->edccc055-c3f5-47df-b30f-76e8836f4c59@group-ED32739C8BBB, cid=1594, SUCCESS, logIndex=2291, commits[edccc055-c3f5-47df-b30f-76e8836f4c59:c2292, f9704f82-adf1-457c-ad29-9b573bc67fa6:c2290, 932806d8-5f5d-4457-8f95-c9b7f9036eae:c2290]
2019-08-07 03:27:16,424 INFO  client.GrpcClientProtocolClient (GrpcClientProtocolClient.java:onNext(255)) - client-23C834B07313->edccc055-c3f5-47df-b30f-76e8836f4c59: receive RaftClientReply:client-23C834B07313->edccc055-c3f5-47df-b30f-76e8836f4c59@group-ED32739C8BBB, cid=1595, SUCCESS, logIndex=2292, commits[edccc055-c3f5-47df-b30f-76e8836f4c59:c2292, f9704f82-adf1-457c-ad29-9b573bc67fa6:c2290, 932806d8-5f5d-4457-8f95-c9b7f9036eae:c2290]
2019-08-07 03:27:16,438 INFO  client.GrpcClientProtocolClient (GrpcClientProtocolClient.java:onNext(255)) - client-23C834B07313->edccc055-c3f5-47df-b30f-76e8836f4c59: receive RaftClientReply:client-23C834B07313->edccc055-c3f5-47df-b30f-76e8836f4c59@group-ED32739C8BBB, cid=1596, SUCCESS, logIndex=2295, commits[edccc055-c3f5-47df-b30f-76e8836f4c59:c2296, f9704f82-adf1-457c-ad29-9b573bc67fa6:c2292, 932806d8-5f5d-4457-8f95-c9b7f9036eae:c2292]
2019-08-07 03:27:16,439 INFO  client.GrpcClientProtocolClient (GrpcClientProtocolClient.java:onNext(255)) - client-23C834B07313->edccc055-c3f5-47df-b30f-76e8836f4c59: receive RaftClientReply:client-23C834B07313->edccc055-c3f5-47df-b30f-76e8836f4c59@group-ED32739C8BBB, cid=1597, SUCCESS, logIndex=2296, commits[edccc055-c3f5-47df-b30f-76e8836f4c59:c2296, f9704f82-adf1-457c-ad29-9b573bc67fa6:c2292, 932806d8-5f5d-4457-8f95-c9b7f9036eae:c2292]
2019-08-07 03:27:16,453 INFO  client.GrpcClientProtocolClient (GrpcClientProtocolClient.java:onNext(255)) - client-23C834B07313->edccc055-c3f5-47df-b30f-76e8836f4c59: receive RaftClientReply:client-23C834B07313->edccc055-c3f5-47df-b30f-76e8836f4c59@group-ED32739C8BBB, cid=1598, SUCCESS, logIndex=0, commits[edccc055-c3f5-47df-b30f-76e8836f4c59:c2297, f9704f82-adf1-457c-ad29-9b573bc67fa6:c2296, 932806d8-5f5d-4457-8f95-c9b7f9036eae:c2296]
2019-08-07 03:27:16,482 INFO  client.GrpcClientProtocolClient (GrpcClientProtocolClient.java:onNext(255)) - client-23C834B07313->edccc055-c3f5-47df-b30f-76e8836f4c59: receive RaftClientReply:client-23C834B07313->edccc055-c3f5-47df-b30f-76e8836f4c59@group-ED32739C8BBB, cid=1599, SUCCESS, logIndex=2299, commits[edccc055-c3f5-47df-b30f-76e8836f4c59:c2301, f9704f82-adf1-457c-ad29-9b573bc67fa6:c2298, 932806d8-5f5d-4457-8f95-c9b7f9036eae:c2298]
2019-08-07 03:27:16,482 INFO  client.GrpcClientProtocolClient (GrpcClientProtocolClient.java:onNext(255)) - client-23C834B07313->edccc055-c3f5-47df-b30f-76e8836f4c59: receive RaftClientReply:client-23C834B07313->edccc055-c3f5-47df-b30f-76e8836f4c59@group-ED32739C8BBB, cid=1600, SUCCESS, logIndex=2300, commits[edccc055-c3f5-47df-b30f-76e8836f4c59:c2302, f9704f82-adf1-457c-ad29-9b573bc67fa6:c2298, 932806d8-5f5d-4457-8f95-c9b7f9036eae:c2298]
2019-08-07 03:27:16,483 INFO  client.GrpcClientProtocolClient (GrpcClientProtocolClient.java:onNext(255)) - client-23C834B07313->edccc055-c3f5-47df-b30f-76e8836f4c59: receive RaftClientReply:client-23C834B07313->edccc055-c3f5-47df-b30f-76e8836f4c59@group-ED32739C8BBB, cid=1601, SUCCESS, logIndex=2301, commits[edccc055-c3f5-47df-b30f-76e8836f4c59:c2302, f9704f82-adf1-457c-ad29-9b573bc67fa6:c2298, 932806d8-5f5d-4457-8f95-c9b7f9036eae:c2298]
2019-08-07 03:27:16,483 INFO  client.GrpcClientProtocolClient (GrpcClientProtocolClient.java:onNext(255)) - client-23C834B07313->edccc055-c3f5-47df-b30f-76e8836f4c59: receive RaftClientReply:client-23C834B07313->edccc055-c3f5-47df-b30f-76e8836f4c59@group-ED32739C8BBB, cid=1602, SUCCESS, logIndex=2302, commits[edccc055-c3f5-47df-b30f-76e8836f4c59:c2303, f9704f82-adf1-457c-ad29-9b573bc67fa6:c2299, 932806d8-5f5d-4457-8f95-c9b7f9036eae:c2298]
2019-08-07 03:27:16,488 INFO  client.GrpcClientProtocolClient (GrpcClientProtocolClient.java:onNext(255)) - client-23C834B07313->edccc055-c3f5-47df-b30f-76e8836f4c59: receive RaftClientReply:client-23C834B07313->edccc055-c3f5-47df-b30f-76e8836f4c59@group-ED32739C8BBB, cid=1603, SUCCESS, logIndex=0, commits[edccc055-c3f5-47df-b30f-76e8836f4c59:c2306, f9704f82-adf1-457c-ad29-9b573bc67fa6:c2302, 932806d8-5f5d-4457-8f95-c9b7f9036eae:c2300]
2019-08-07 03:27:16,518 INFO  client.GrpcClientProtocolClient (GrpcClientProtocolClient.java:onNext(255)) - client-23C834B07313->edccc055-c3f5-47df-b30f-76e8836f4c59: receive RaftClientReply:client-23C834B07313->edccc055-c3f5-47df-b30f-76e8836f4c59@group-ED32739C8BBB, cid=1604, SUCCESS, logIndex=2307, commits[edccc055-c3f5-47df-b30f-76e8836f4c59:c2308, f9704f82-adf1-457c-ad29-9b573bc67fa6:c2306, 932806d8-5f5d-4457-8f95-c9b7f9036eae:c2306]
2019-08-07 03:27:16,518 INFO  client.GrpcClientProtocolClient (GrpcClientProtocolClient.java:onNext(255)) - client-23C834B07313->edccc055-c3f5-47df-b30f-76e8836f4c59: receive RaftClientReply:client-23C834B07313->edccc055-c3f5-47df-b30f-76e8836f4c59@group-ED32739C8BBB, cid=1605, SUCCESS, logIndex=2308, commits[edccc055-c3f5-47df-b30f-76e8836f4c59:c2308, f9704f82-adf1-457c-ad29-9b573bc67fa6:c2306, 932806d8-5f5d-4457-8f95-c9b7f9036eae:c2306]
2019-08-07 03:27:16,543 INFO  client.GrpcClientProtocolClient (GrpcClientProtocolClient.java:onNext(255)) - client-23C834B07313->edccc055-c3f5-47df-b30f-76e8836f4c59: receive RaftClientReply:client-23C834B07313->edccc055-c3f5-47df-b30f-76e8836f4c59@group-ED32739C8BBB, cid=1606, SUCCESS, logIndex=2311, commits[edccc055-c3f5-47df-b30f-76e8836f4c59:c2312, f9704f82-adf1-457c-ad29-9b573bc67fa6:c2308, 932806d8-5f5d-4457-8f95-c9b7f9036eae:c2308]
2019-08-07 03:27:16,544 INFO  client.GrpcClientProtocolClient (GrpcClientProtocolClient.java:onNext(255)) - client-23C834B07313->edccc055-c3f5-47df-b30f-76e8836f4c59: receive RaftClientReply:client-23C834B07313->edccc055-c3f5-47df-b30f-76e8836f4c59@group-ED32739C8BBB, cid=1607, SUCCESS, logIndex=2312, commits[edccc055-c3f5-47df-b30f-76e8836f4c59:c2312, f9704f82-adf1-457c-ad29-9b573bc67fa6:c2308, 932806d8-5f5d-4457-8f95-c9b7f9036eae:c2308]
2019-08-07 03:27:16,546 INFO  client.GrpcClientProtocolClient (GrpcClientProtocolClient.java:onNext(255)) - client-23C834B07313->edccc055-c3f5-47df-b30f-76e8836f4c59: receive RaftClientReply:client-23C834B07313->edccc055-c3f5-47df-b30f-76e8836f4c59@group-ED32739C8BBB, cid=1608, SUCCESS, logIndex=0, commits[edccc055-c3f5-47df-b30f-76e8836f4c59:c2313, f9704f82-adf1-457c-ad29-9b573bc67fa6:c2312, 932806d8-5f5d-4457-8f95-c9b7f9036eae:c2312]
2019-08-07 03:27:16,579 INFO  client.GrpcClientProtocolClient (GrpcClientProtocolClient.java:onNext(255)) - client-23C834B07313->edccc055-c3f5-47df-b30f-76e8836f4c59: receive RaftClientReply:client-23C834B07313->edccc055-c3f5-47df-b30f-76e8836f4c59@group-ED32739C8BBB, cid=1609, SUCCESS, logIndex=2315, commits[edccc055-c3f5-47df-b30f-76e8836f4c59:c2316, f9704f82-adf1-457c-ad29-9b573bc67fa6:c2314, 932806d8-5f5d-4457-8f95-c9b7f9036eae:c2314]
2019-08-07 03:27:16,580 INFO  client.GrpcClientProtocolClient (GrpcClientProtocolClient.java:onNext(255)) - client-23C834B07313->edccc055-c3f5-47df-b30f-76e8836f4c59: receive RaftClientReply:client-23C834B07313->edccc055-c3f5-47df-b30f-76e8836f4c59@group-ED32739C8BBB, cid=1610, SUCCESS, logIndex=2316, commits[edccc055-c3f5-47df-b30f-76e8836f4c59:c2318, f9704f82-adf1-457c-ad29-9b573bc67fa6:c2314, 932806d8-5f5d-4457-8f95-c9b7f9036eae:c2314]
2019-08-07 03:27:16,581 INFO  client.GrpcClientProtocolClient (GrpcClientProtocolClient.java:onNext(255)) - client-23C834B07313->edccc055-c3f5-47df-b30f-76e8836f4c59: receive RaftClientReply:client-23C834B07313->edccc055-c3f5-47df-b30f-76e8836f4c59@group-ED32739C8BBB, cid=1611, SUCCESS, logIndex=2317, commits[edccc055-c3f5-47df-b30f-76e8836f4c59:c2318, f9704f82-adf1-457c-ad29-9b573bc67fa6:c2314, 932806d8-5f5d-4457-8f95-c9b7f9036eae:c2314]
2019-08-07 03:27:16,581 INFO  client.GrpcClientProtocolClient (GrpcClientProtocolClient.java:onNext(255)) - client-23C834B07313->edccc055-c3f5-47df-b30f-76e8836f4c59: receive RaftClientReply:client-23C834B07313->edccc055-c3f5-47df-b30f-76e8836f4c59@group-ED32739C8BBB, cid=1612, SUCCESS, logIndex=2318, commits[edccc055-c3f5-47df-b30f-76e8836f4c59:c2318, f9704f82-adf1-457c-ad29-9b573bc67fa6:c2314, 932806d8-5f5d-4457-8f95-c9b7f9036eae:c2314]
2019-08-07 03:27:16,582 INFO  client.GrpcClientProtocolClient (GrpcClientProtocolClient.java:onNext(255)) - client-23C834B07313->edccc055-c3f5-47df-b30f-76e8836f4c59: receive RaftClientReply:client-23C834B07313->edccc055-c3f5-47df-b30f-76e8836f4c59@group-ED32739C8BBB, cid=1613, SUCCESS, logIndex=0, commits[edccc055-c3f5-47df-b30f-76e8836f4c59:c2319, f9704f82-adf1-457c-ad29-9b573bc67fa6:c2316, 932806d8-5f5d-4457-8f95-c9b7f9036eae:c2316]
2019-08-07 03:27:16,595 INFO  client.GrpcClientProtocolClient (GrpcClientProtocolClient.java:onNext(255)) - client-23C834B07313->edccc055-c3f5-47df-b30f-76e8836f4c59: receive RaftClientReply:client-23C834B07313->edccc055-c3f5-47df-b30f-76e8836f4c59@group-ED32739C8BBB, cid=1614, SUCCESS, logIndex=2323, commits[edccc055-c3f5-47df-b30f-76e8836f4c59:c2324, f9704f82-adf1-457c-ad29-9b573bc67fa6:c2318, 932806d8-5f5d-4457-8f95-c9b7f9036eae:c2319]
2019-08-07 03:27:16,596 INFO  client.GrpcClientProtocolClient (GrpcClientProtocolClient.java:onNext(255)) - client-23C834B07313->edccc055-c3f5-47df-b30f-76e8836f4c59: receive RaftClientReply:client-23C834B07313->edccc055-c3f5-47df-b30f-76e8836f4c59@group-ED32739C8BBB, cid=1615, SUCCESS, logIndex=2324, commits[edccc055-c3f5-47df-b30f-76e8836f4c59:c2324, f9704f82-adf1-457c-ad29-9b573bc67fa6:c2319, 932806d8-5f5d-4457-8f95-c9b7f9036eae:c2319]
2019-08-07 03:27:16,737 INFO  client.GrpcClientProtocolClient (GrpcClientProtocolClient.java:onNext(255)) - client-23C834B07313->edccc055-c3f5-47df-b30f-76e8836f4c59: receive RaftClientReply:client-23C834B07313->edccc055-c3f5-47df-b30f-76e8836f4c59@group-ED32739C8BBB, cid=1616, SUCCESS, logIndex=2327, commits[edccc055-c3f5-47df-b30f-76e8836f4c59:c2328, f9704f82-adf1-457c-ad29-9b573bc67fa6:c2326, 932806d8-5f5d-4457-8f95-c9b7f9036eae:c2326]
2019-08-07 03:27:16,737 INFO  client.GrpcClientProtocolClient (GrpcClientProtocolClient.java:onNext(255)) - client-23C834B07313->edccc055-c3f5-47df-b30f-76e8836f4c59: receive RaftClientReply:client-23C834B07313->edccc055-c3f5-47df-b30f-76e8836f4c59@group-ED32739C8BBB, cid=1617, SUCCESS, logIndex=2328, commits[edccc055-c3f5-47df-b30f-76e8836f4c59:c2328, f9704f82-adf1-457c-ad29-9b573bc67fa6:c2326, 932806d8-5f5d-4457-8f95-c9b7f9036eae:c2326]
2019-08-07 03:27:16,751 INFO  client.GrpcClientProtocolClient (GrpcClientProtocolClient.java:onNext(255)) - client-23C834B07313->edccc055-c3f5-47df-b30f-76e8836f4c59: receive RaftClientReply:client-23C834B07313->edccc055-c3f5-47df-b30f-76e8836f4c59@group-ED32739C8BBB, cid=1618, SUCCESS, logIndex=0, commits[edccc055-c3f5-47df-b30f-76e8836f4c59:c2329, f9704f82-adf1-457c-ad29-9b573bc67fa6:c2328, 932806d8-5f5d-4457-8f95-c9b7f9036eae:c2328]
2019-08-07 03:27:16,781 INFO  client.GrpcClientProtocolClient (GrpcClientProtocolClient.java:onNext(255)) - client-23C834B07313->edccc055-c3f5-47df-b30f-76e8836f4c59: receive RaftClientReply:client-23C834B07313->edccc055-c3f5-47df-b30f-76e8836f4c59@group-ED32739C8BBB, cid=1619, SUCCESS, logIndex=2331, commits[edccc055-c3f5-47df-b30f-76e8836f4c59:c2333, f9704f82-adf1-457c-ad29-9b573bc67fa6:c2330, 932806d8-5f5d-4457-8f95-c9b7f9036eae:c2330]
2019-08-07 03:27:16,782 INFO  client.GrpcClientProtocolClient (GrpcClientProtocolClient.java:onNext(255)) - client-23C834B07313->edccc055-c3f5-47df-b30f-76e8836f4c59: receive RaftClientReply:client-23C834B07313->edccc055-c3f5-47df-b30f-76e8836f4c59@group-ED32739C8BBB, cid=1620, SUCCESS, logIndex=2332, commits[edccc055-c3f5-47df-b30f-76e8836f4c59:c2334, f9704f82-adf1-457c-ad29-9b573bc67fa6:c2330, 932806d8-5f5d-4457-8f95-c9b7f9036eae:c2330]
2019-08-07 03:27:16,783 INFO  client.GrpcClientProtocolClient (GrpcClientProtocolClient.java:onNext(255)) - client-23C834B07313->edccc055-c3f5-47df-b30f-76e8836f4c59: receive RaftClientReply:client-23C834B07313->edccc055-c3f5-47df-b30f-76e8836f4c59@group-ED32739C8BBB, cid=1621, SUCCESS, logIndex=2333, commits[edccc055-c3f5-47df-b30f-76e8836f4c59:c2334, f9704f82-adf1-457c-ad29-9b573bc67fa6:c2330, 932806d8-5f5d-4457-8f95-c9b7f9036eae:c2330]
2019-08-07 03:27:16,783 INFO  client.GrpcClientProtocolClient (GrpcClientProtocolClient.java:onNext(255)) - client-23C834B07313->edccc055-c3f5-47df-b30f-76e8836f4c59: receive RaftClientReply:client-23C834B07313->edccc055-c3f5-47df-b30f-76e8836f4c59@group-ED32739C8BBB, cid=1622, SUCCESS, logIndex=2334, commits[edccc055-c3f5-47df-b30f-76e8836f4c59:c2334, f9704f82-adf1-457c-ad29-9b573bc67fa6:c2330, 932806d8-5f5d-4457-8f95-c9b7f9036eae:c2330]
2019-08-07 03:27:16,784 INFO  client.GrpcClientProtocolClient (GrpcClientProtocolClient.java:onNext(255)) - client-23C834B07313->edccc055-c3f5-47df-b30f-76e8836f4c59: receive RaftClientReply:client-23C834B07313->edccc055-c3f5-47df-b30f-76e8836f4c59@group-ED32739C8BBB, cid=1623, SUCCESS, logIndex=0, commits[edccc055-c3f5-47df-b30f-76e8836f4c59:c2335, f9704f82-adf1-457c-ad29-9b573bc67fa6:c2332, 932806d8-5f5d-4457-8f95-c9b7f9036eae:c2332]
2019-08-07 03:27:16,809 INFO  client.GrpcClientProtocolClient (GrpcClientProtocolClient.java:onNext(255)) - client-23C834B07313->edccc055-c3f5-47df-b30f-76e8836f4c59: receive RaftClientReply:client-23C834B07313->edccc055-c3f5-47df-b30f-76e8836f4c59@group-ED32739C8BBB, cid=1624, SUCCESS, logIndex=2339, commits[edccc055-c3f5-47df-b30f-76e8836f4c59:c2340, f9704f82-adf1-457c-ad29-9b573bc67fa6:c2334, 932806d8-5f5d-4457-8f95-c9b7f9036eae:c2335]
2019-08-07 03:27:16,809 INFO  client.GrpcClientProtocolClient (GrpcClientProtocolClient.java:onNext(255)) - client-23C834B07313->edccc055-c3f5-47df-b30f-76e8836f4c59: receive RaftClientReply:client-23C834B07313->edccc055-c3f5-47df-b30f-76e8836f4c59@group-ED32739C8BBB, cid=1625, SUCCESS, logIndex=2340, commits[edccc055-c3f5-47df-b30f-76e8836f4c59:c2340, f9704f82-adf1-457c-ad29-9b573bc67fa6:c2335, 932806d8-5f5d-4457-8f95-c9b7f9036eae:c2335]
2019-08-07 03:27:16,828 INFO  client.GrpcClientProtocolClient (GrpcClientProtocolClient.java:onNext(255)) - client-23C834B07313->edccc055-c3f5-47df-b30f-76e8836f4c59: receive RaftClientReply:client-23C834B07313->edccc055-c3f5-47df-b30f-76e8836f4c59@group-ED32739C8BBB, cid=1626, SUCCESS, logIndex=2343, commits[edccc055-c3f5-47df-b30f-76e8836f4c59:c2344, f9704f82-adf1-457c-ad29-9b573bc67fa6:c2340, 932806d8-5f5d-4457-8f95-c9b7f9036eae:c2341]
2019-08-07 03:27:16,828 INFO  client.GrpcClientProtocolClient (GrpcClientProtocolClient.java:onNext(255)) - client-23C834B07313->edccc055-c3f5-47df-b30f-76e8836f4c59: receive RaftClientReply:client-23C834B07313->edccc055-c3f5-47df-b30f-76e8836f4c59@group-ED32739C8BBB, cid=1627, SUCCESS, logIndex=2344, commits[edccc055-c3f5-47df-b30f-76e8836f4c59:c2344, f9704f82-adf1-457c-ad29-9b573bc67fa6:c2341, 932806d8-5f5d-4457-8f95-c9b7f9036eae:c2341]
2019-08-07 03:27:16,829 INFO  client.GrpcClientProtocolClient (GrpcClientProtocolClient.java:onNext(255)) - client-23C834B07313->edccc055-c3f5-47df-b30f-76e8836f4c59: receive RaftClientReply:client-23C834B07313->edccc055-c3f5-47df-b30f-76e8836f4c59@group-ED32739C8BBB, cid=1628, SUCCESS, logIndex=0, commits[edccc055-c3f5-47df-b30f-76e8836f4c59:c2345, f9704f82-adf1-457c-ad29-9b573bc67fa6:c2344, 932806d8-5f5d-4457-8f95-c9b7f9036eae:c2344]
2019-08-07 03:27:16,860 INFO  client.GrpcClientProtocolClient (GrpcClientProtocolClient.java:onNext(255)) - client-23C834B07313->edccc055-c3f5-47df-b30f-76e8836f4c59: receive RaftClientReply:client-23C834B07313->edccc055-c3f5-47df-b30f-76e8836f4c59@group-ED32739C8BBB, cid=1629, SUCCESS, logIndex=2347, commits[edccc055-c3f5-47df-b30f-76e8836f4c59:c2348, f9704f82-adf1-457c-ad29-9b573bc67fa6:c2346, 932806d8-5f5d-4457-8f95-c9b7f9036eae:c2346]
2019-08-07 03:27:16,860 INFO  client.GrpcClientProtocolClient (GrpcClientProtocolClient.java:onNext(255)) - client-23C834B07313->edccc055-c3f5-47df-b30f-76e8836f4c59: receive RaftClientReply:client-23C834B07313->edccc055-c3f5-47df-b30f-76e8836f4c59@group-ED32739C8BBB, cid=1630, SUCCESS, logIndex=2348, commits[edccc055-c3f5-47df-b30f-76e8836f4c59:c2348, f9704f82-adf1-457c-ad29-9b573bc67fa6:c2346, 932806d8-5f5d-4457-8f95-c9b7f9036eae:c2346]
2019-08-07 03:27:16,861 INFO  client.GrpcClientProtocolClient (GrpcClientProtocolClient.java:onNext(255)) - client-23C834B07313->edccc055-c3f5-47df-b30f-76e8836f4c59: receive RaftClientReply:client-23C834B07313->edccc055-c3f5-47df-b30f-76e8836f4c59@group-ED32739C8BBB, cid=1631, SUCCESS, logIndex=2349, commits[edccc055-c3f5-47df-b30f-76e8836f4c59:c2350, f9704f82-adf1-457c-ad29-9b573bc67fa6:c2346, 932806d8-5f5d-4457-8f95-c9b7f9036eae:c2346]
2019-08-07 03:27:16,861 INFO  client.GrpcClientProtocolClient (GrpcClientProtocolClient.java:onNext(255)) - client-23C834B07313->edccc055-c3f5-47df-b30f-76e8836f4c59: receive RaftClientReply:client-23C834B07313->edccc055-c3f5-47df-b30f-76e8836f4c59@group-ED32739C8BBB, cid=1632, SUCCESS, logIndex=2350, commits[edccc055-c3f5-47df-b30f-76e8836f4c59:c2350, f9704f82-adf1-457c-ad29-9b573bc67fa6:c2346, 932806d8-5f5d-4457-8f95-c9b7f9036eae:c2346]
2019-08-07 03:27:16,874 INFO  client.GrpcClientProtocolClient (GrpcClientProtocolClient.java:onNext(255)) - client-23C834B07313->edccc055-c3f5-47df-b30f-76e8836f4c59: receive RaftClientReply:client-23C834B07313->edccc055-c3f5-47df-b30f-76e8836f4c59@group-ED32739C8BBB, cid=1633, SUCCESS, logIndex=0, commits[edccc055-c3f5-47df-b30f-76e8836f4c59:c2352, f9704f82-adf1-457c-ad29-9b573bc67fa6:c2348, 932806d8-5f5d-4457-8f95-c9b7f9036eae:c2348]
2019-08-07 03:27:16,897 INFO  client.GrpcClientProtocolClient (GrpcClientProtocolClient.java:onNext(255)) - client-23C834B07313->edccc055-c3f5-47df-b30f-76e8836f4c59: receive RaftClientReply:client-23C834B07313->edccc055-c3f5-47df-b30f-76e8836f4c59@group-ED32739C8BBB, cid=1634, SUCCESS, logIndex=2355, commits[edccc055-c3f5-47df-b30f-76e8836f4c59:c2356, f9704f82-adf1-457c-ad29-9b573bc67fa6:c2354, 932806d8-5f5d-4457-8f95-c9b7f9036eae:c2354]
2019-08-07 03:27:16,897 INFO  client.GrpcClientProtocolClient (GrpcClientProtocolClient.java:onNext(255)) - client-23C834B07313->edccc055-c3f5-47df-b30f-76e8836f4c59: receive RaftClientReply:client-23C834B07313->edccc055-c3f5-47df-b30f-76e8836f4c59@group-ED32739C8BBB, cid=1635, SUCCESS, logIndex=2356, commits[edccc055-c3f5-47df-b30f-76e8836f4c59:c2356, f9704f82-adf1-457c-ad29-9b573bc67fa6:c2354, 932806d8-5f5d-4457-8f95-c9b7f9036eae:c2354]
2019-08-07 03:27:16,921 INFO  client.GrpcClientProtocolClient (GrpcClientProtocolClient.java:onNext(255)) - client-23C834B07313->edccc055-c3f5-47df-b30f-76e8836f4c59: receive RaftClientReply:client-23C834B07313->edccc055-c3f5-47df-b30f-76e8836f4c59@group-ED32739C8BBB, cid=1636, SUCCESS, logIndex=2359, commits[edccc055-c3f5-47df-b30f-76e8836f4c59:c2360, f9704f82-adf1-457c-ad29-9b573bc67fa6:c2356, 932806d8-5f5d-4457-8f95-c9b7f9036eae:c2355]
2019-08-07 03:27:16,921 INFO  client.GrpcClientProtocolClient (GrpcClientProtocolClient.java:onNext(255)) - client-23C834B07313->edccc055-c3f5-47df-b30f-76e8836f4c59: receive RaftClientReply:client-23C834B07313->edccc055-c3f5-47df-b30f-76e8836f4c59@group-ED32739C8BBB, cid=1637, SUCCESS, logIndex=2360, commits[edccc055-c3f5-47df-b30f-76e8836f4c59:c2360, f9704f82-adf1-457c-ad29-9b573bc67fa6:c2356, 932806d8-5f5d-4457-8f95-c9b7f9036eae:c2356]
2019-08-07 03:27:16,924 INFO  client.GrpcClientProtocolClient (GrpcClientProtocolClient.java:onNext(255)) - client-23C834B07313->edccc055-c3f5-47df-b30f-76e8836f4c59: receive RaftClientReply:client-23C834B07313->edccc055-c3f5-47df-b30f-76e8836f4c59@group-ED32739C8BBB, cid=1638, SUCCESS, logIndex=0, commits[edccc055-c3f5-47df-b30f-76e8836f4c59:c2362, f9704f82-adf1-457c-ad29-9b573bc67fa6:c2360, 932806d8-5f5d-4457-8f95-c9b7f9036eae:c2360]
2019-08-07 03:27:16,954 INFO  client.GrpcClientProtocolClient (GrpcClientProtocolClient.java:onNext(255)) - client-23C834B07313->edccc055-c3f5-47df-b30f-76e8836f4c59: receive RaftClientReply:client-23C834B07313->edccc055-c3f5-47df-b30f-76e8836f4c59@group-ED32739C8BBB, cid=1639, SUCCESS, logIndex=2363, commits[edccc055-c3f5-47df-b30f-76e8836f4c59:c2364, f9704f82-adf1-457c-ad29-9b573bc67fa6:c2362, 932806d8-5f5d-4457-8f95-c9b7f9036eae:c2362]
2019-08-07 03:27:16,955 INFO  client.GrpcClientProtocolClient (GrpcClientProtocolClient.java:onNext(255)) - client-23C834B07313->edccc055-c3f5-47df-b30f-76e8836f4c59: receive RaftClientReply:client-23C834B07313->edccc055-c3f5-47df-b30f-76e8836f4c59@group-ED32739C8BBB, cid=1640, SUCCESS, logIndex=2364, commits[edccc055-c3f5-47df-b30f-76e8836f4c59:c2366, f9704f82-adf1-457c-ad29-9b573bc67fa6:c2362, 932806d8-5f5d-4457-8f95-c9b7f9036eae:c2362]
2019-08-07 03:27:16,956 INFO  client.GrpcClientProtocolClient (GrpcClientProtocolClient.java:onNext(255)) - client-23C834B07313->edccc055-c3f5-47df-b30f-76e8836f4c59: receive RaftClientReply:client-23C834B07313->edccc055-c3f5-47df-b30f-76e8836f4c59@group-ED32739C8BBB, cid=1641, SUCCESS, logIndex=2365, commits[edccc055-c3f5-47df-b30f-76e8836f4c59:c2366, f9704f82-adf1-457c-ad29-9b573bc67fa6:c2362, 932806d8-5f5d-4457-8f95-c9b7f9036eae:c2362]
2019-08-07 03:27:16,956 INFO  client.GrpcClientProtocolClient (GrpcClientProtocolClient.java:onNext(255)) - client-23C834B07313->edccc055-c3f5-47df-b30f-76e8836f4c59: receive RaftClientReply:client-23C834B07313->edccc055-c3f5-47df-b30f-76e8836f4c59@group-ED32739C8BBB, cid=1642, SUCCESS, logIndex=2366, commits[edccc055-c3f5-47df-b30f-76e8836f4c59:c2366, f9704f82-adf1-457c-ad29-9b573bc67fa6:c2362, 932806d8-5f5d-4457-8f95-c9b7f9036eae:c2362]
2019-08-07 03:27:16,959 INFO  client.GrpcClientProtocolClient (GrpcClientProtocolClient.java:onNext(255)) - client-23C834B07313->edccc055-c3f5-47df-b30f-76e8836f4c59: receive RaftClientReply:client-23C834B07313->edccc055-c3f5-47df-b30f-76e8836f4c59@group-ED32739C8BBB, cid=1643, SUCCESS, logIndex=0, commits[edccc055-c3f5-47df-b30f-76e8836f4c59:c2368, f9704f82-adf1-457c-ad29-9b573bc67fa6:c2364, 932806d8-5f5d-4457-8f95-c9b7f9036eae:c2364]
2019-08-07 03:27:16,973 INFO  client.GrpcClientProtocolClient (GrpcClientProtocolClient.java:onNext(255)) - client-23C834B07313->edccc055-c3f5-47df-b30f-76e8836f4c59: receive RaftClientReply:client-23C834B07313->edccc055-c3f5-47df-b30f-76e8836f4c59@group-ED32739C8BBB, cid=1644, SUCCESS, logIndex=2371, commits[edccc055-c3f5-47df-b30f-76e8836f4c59:c2372, f9704f82-adf1-457c-ad29-9b573bc67fa6:c2370, 932806d8-5f5d-4457-8f95-c9b7f9036eae:c2370]
2019-08-07 03:27:16,974 INFO  client.GrpcClientProtocolClient (GrpcClientProtocolClient.java:onNext(255)) - client-23C834B07313->edccc055-c3f5-47df-b30f-76e8836f4c59: receive RaftClientReply:client-23C834B07313->edccc055-c3f5-47df-b30f-76e8836f4c59@group-ED32739C8BBB, cid=1645, SUCCESS, logIndex=2372, commits[edccc055-c3f5-47df-b30f-76e8836f4c59:c2372, f9704f82-adf1-457c-ad29-9b573bc67fa6:c2370, 932806d8-5f5d-4457-8f95-c9b7f9036eae:c2370]
2019-08-07 03:27:17,005 INFO  client.GrpcClientProtocolClient (GrpcClientProtocolClient.java:onNext(255)) - client-23C834B07313->edccc055-c3f5-47df-b30f-76e8836f4c59: receive RaftClientReply:client-23C834B07313->edccc055-c3f5-47df-b30f-76e8836f4c59@group-ED32739C8BBB, cid=1646, SUCCESS, logIndex=2375, commits[edccc055-c3f5-47df-b30f-76e8836f4c59:c2376, f9704f82-adf1-457c-ad29-9b573bc67fa6:c2373, 932806d8-5f5d-4457-8f95-c9b7f9036eae:c2372]
2019-08-07 03:27:17,015 INFO  client.GrpcClientProtocolClient (GrpcClientProtocolClient.java:onNext(255)) - client-23C834B07313->edccc055-c3f5-47df-b30f-76e8836f4c59: receive RaftClientReply:client-23C834B07313->edccc055-c3f5-47df-b30f-76e8836f4c59@group-ED32739C8BBB, cid=1647, SUCCESS, logIndex=2376, commits[edccc055-c3f5-47df-b30f-76e8836f4c59:c2376, f9704f82-adf1-457c-ad29-9b573bc67fa6:c2373, 932806d8-5f5d-4457-8f95-c9b7f9036eae:c2372]
2019-08-07 03:27:17,030 INFO  client.GrpcClientProtocolClient (GrpcClientProtocolClient.java:onNext(255)) - client-23C834B07313->edccc055-c3f5-47df-b30f-76e8836f4c59: receive RaftClientReply:client-23C834B07313->edccc055-c3f5-47df-b30f-76e8836f4c59@group-ED32739C8BBB, cid=1648, SUCCESS, logIndex=0, commits[edccc055-c3f5-47df-b30f-76e8836f4c59:c2378, f9704f82-adf1-457c-ad29-9b573bc67fa6:c2376, 932806d8-5f5d-4457-8f95-c9b7f9036eae:c2376]
2019-08-07 03:27:17,063 INFO  client.GrpcClientProtocolClient (GrpcClientProtocolClient.java:onNext(255)) - client-23C834B07313->edccc055-c3f5-47df-b30f-76e8836f4c59: receive RaftClientReply:client-23C834B07313->edccc055-c3f5-47df-b30f-76e8836f4c59@group-ED32739C8BBB, cid=1649, SUCCESS, logIndex=2379, commits[edccc055-c3f5-47df-b30f-76e8836f4c59:c2381, f9704f82-adf1-457c-ad29-9b573bc67fa6:c2378, 932806d8-5f5d-4457-8f95-c9b7f9036eae:c2378]
2019-08-07 03:27:17,067 INFO  client.GrpcClientProtocolClient (GrpcClientProtocolClient.java:onNext(255)) - client-23C834B07313->edccc055-c3f5-47df-b30f-76e8836f4c59: receive RaftClientReply:client-23C834B07313->edccc055-c3f5-47df-b30f-76e8836f4c59@group-ED32739C8BBB, cid=1650, SUCCESS, logIndex=2380, commits[edccc055-c3f5-47df-b30f-76e8836f4c59:c2382, f9704f82-adf1-457c-ad29-9b573bc67fa6:c2378, 932806d8-5f5d-4457-8f95-c9b7f9036eae:c2378]
2019-08-07 03:27:17,068 INFO  client.GrpcClientProtocolClient (GrpcClientProtocolClient.java:onNext(255)) - client-23C834B07313->edccc055-c3f5-47df-b30f-76e8836f4c59: receive RaftClientReply:client-23C834B07313->edccc055-c3f5-47df-b30f-76e8836f4c59@group-ED32739C8BBB, cid=1651, SUCCESS, logIndex=2381, commits[edccc055-c3f5-47df-b30f-76e8836f4c59:c2382, f9704f82-adf1-457c-ad29-9b573bc67fa6:c2378, 932806d8-5f5d-4457-8f95-c9b7f9036eae:c2378]
2019-08-07 03:27:17,068 INFO  client.GrpcClientProtocolClient (GrpcClientProtocolClient.java:onNext(255)) - client-23C834B07313->edccc055-c3f5-47df-b30f-76e8836f4c59: receive RaftClientReply:client-23C834B07313->edccc055-c3f5-47df-b30f-76e8836f4c59@group-ED32739C8BBB, cid=1652, SUCCESS, logIndex=2382, commits[edccc055-c3f5-47df-b30f-76e8836f4c59:c2382, f9704f82-adf1-457c-ad29-9b573bc67fa6:c2378, 932806d8-5f5d-4457-8f95-c9b7f9036eae:c2378]
2019-08-07 03:27:17,077 INFO  client.GrpcClientProtocolClient (GrpcClientProtocolClient.java:onNext(255)) - client-23C834B07313->edccc055-c3f5-47df-b30f-76e8836f4c59: receive RaftClientReply:client-23C834B07313->edccc055-c3f5-47df-b30f-76e8836f4c59@group-ED32739C8BBB, cid=1653, SUCCESS, logIndex=0, commits[edccc055-c3f5-47df-b30f-76e8836f4c59:c2385, f9704f82-adf1-457c-ad29-9b573bc67fa6:c2381, 932806d8-5f5d-4457-8f95-c9b7f9036eae:c2381]
2019-08-07 03:27:17,100 INFO  client.GrpcClientProtocolClient (GrpcClientProtocolClient.java:onNext(255)) - client-23C834B07313->edccc055-c3f5-47df-b30f-76e8836f4c59: receive RaftClientReply:client-23C834B07313->edccc055-c3f5-47df-b30f-76e8836f4c59@group-ED32739C8BBB, cid=1654, SUCCESS, logIndex=2387, commits[edccc055-c3f5-47df-b30f-76e8836f4c59:c2388, f9704f82-adf1-457c-ad29-9b573bc67fa6:c2386, 932806d8-5f5d-4457-8f95-c9b7f9036eae:c2386]
2019-08-07 03:27:17,100 INFO  client.GrpcClientProtocolClient (GrpcClientProtocolClient.java:onNext(255)) - client-23C834B07313->edccc055-c3f5-47df-b30f-76e8836f4c59: receive RaftClientReply:client-23C834B07313->edccc055-c3f5-47df-b30f-76e8836f4c59@group-ED32739C8BBB, cid=1655, SUCCESS, logIndex=2388, commits[edccc055-c3f5-47df-b30f-76e8836f4c59:c2388, f9704f82-adf1-457c-ad29-9b573bc67fa6:c2386, 932806d8-5f5d-4457-8f95-c9b7f9036eae:c2386]
2019-08-07 03:27:17,126 INFO  client.GrpcClientProtocolClient (GrpcClientProtocolClient.java:onNext(255)) - client-23C834B07313->edccc055-c3f5-47df-b30f-76e8836f4c59: receive RaftClientReply:client-23C834B07313->edccc055-c3f5-47df-b30f-76e8836f4c59@group-ED32739C8BBB, cid=1656, SUCCESS, logIndex=2391, commits[edccc055-c3f5-47df-b30f-76e8836f4c59:c2392, f9704f82-adf1-457c-ad29-9b573bc67fa6:c2388, 932806d8-5f5d-4457-8f95-c9b7f9036eae:c2388]
2019-08-07 03:27:17,126 INFO  client.GrpcClientProtocolClient (GrpcClientProtocolClient.java:onNext(255)) - client-23C834B07313->edccc055-c3f5-47df-b30f-76e8836f4c59: receive RaftClientReply:client-23C834B07313->edccc055-c3f5-47df-b30f-76e8836f4c59@group-ED32739C8BBB, cid=1657, SUCCESS, logIndex=2392, commits[edccc055-c3f5-47df-b30f-76e8836f4c59:c2392, f9704f82-adf1-457c-ad29-9b573bc67fa6:c2388, 932806d8-5f5d-4457-8f95-c9b7f9036eae:c2388]
2019-08-07 03:27:17,150 INFO  client.GrpcClientProtocolClient (GrpcClientProtocolClient.java:onNext(255)) - client-23C834B07313->edccc055-c3f5-47df-b30f-76e8836f4c59: receive RaftClientReply:client-23C834B07313->edccc055-c3f5-47df-b30f-76e8836f4c59@group-ED32739C8BBB, cid=1658, SUCCESS, logIndex=0, commits[edccc055-c3f5-47df-b30f-76e8836f4c59:c2393, f9704f82-adf1-457c-ad29-9b573bc67fa6:c2392, 932806d8-5f5d-4457-8f95-c9b7f9036eae:c2392]
2019-08-07 03:27:17,188 INFO  client.GrpcClientProtocolClient (GrpcClientProtocolClient.java:onNext(255)) - client-23C834B07313->edccc055-c3f5-47df-b30f-76e8836f4c59: receive RaftClientReply:client-23C834B07313->edccc055-c3f5-47df-b30f-76e8836f4c59@group-ED32739C8BBB, cid=1659, SUCCESS, logIndex=2395, commits[edccc055-c3f5-47df-b30f-76e8836f4c59:c2396, f9704f82-adf1-457c-ad29-9b573bc67fa6:c2394, 932806d8-5f5d-4457-8f95-c9b7f9036eae:c2394]
2019-08-07 03:27:17,188 INFO  client.GrpcClientProtocolClient (GrpcClientProtocolClient.java:onNext(255)) - client-23C834B07313->edccc055-c3f5-47df-b30f-76e8836f4c59: receive RaftClientReply:client-23C834B07313->edccc055-c3f5-47df-b30f-76e8836f4c59@group-ED32739C8BBB, cid=1660, SUCCESS, logIndex=2396, commits[edccc055-c3f5-47df-b30f-76e8836f4c59:c2396, f9704f82-adf1-457c-ad29-9b573bc67fa6:c2394, 932806d8-5f5d-4457-8f95-c9b7f9036eae:c2394]
2019-08-07 03:27:17,200 INFO  client.GrpcClientProtocolClient (GrpcClientProtocolClient.java:onNext(255)) - client-23C834B07313->edccc055-c3f5-47df-b30f-76e8836f4c59: receive RaftClientReply:client-23C834B07313->edccc055-c3f5-47df-b30f-76e8836f4c59@group-ED32739C8BBB, cid=1661, SUCCESS, logIndex=2397, commits[edccc055-c3f5-47df-b30f-76e8836f4c59:c2398, f9704f82-adf1-457c-ad29-9b573bc67fa6:c2394, 932806d8-5f5d-4457-8f95-c9b7f9036eae:c2394]
2019-08-07 03:27:17,201 INFO  client.GrpcClientProtocolClient (GrpcClientProtocolClient.java:onNext(255)) - client-23C834B07313->edccc055-c3f5-47df-b30f-76e8836f4c59: receive RaftClientReply:client-23C834B07313->edccc055-c3f5-47df-b30f-76e8836f4c59@group-ED32739C8BBB, cid=1662, SUCCESS, logIndex=2398, commits[edccc055-c3f5-47df-b30f-76e8836f4c59:c2398, f9704f82-adf1-457c-ad29-9b573bc67fa6:c2394, 932806d8-5f5d-4457-8f95-c9b7f9036eae:c2394]
2019-08-07 03:27:17,213 INFO  client.GrpcClientProtocolClient (GrpcClientProtocolClient.java:onNext(255)) - client-23C834B07313->edccc055-c3f5-47df-b30f-76e8836f4c59: receive RaftClientReply:client-23C834B07313->edccc055-c3f5-47df-b30f-76e8836f4c59@group-ED32739C8BBB, cid=1663, SUCCESS, logIndex=0, commits[edccc055-c3f5-47df-b30f-76e8836f4c59:c2398, f9704f82-adf1-457c-ad29-9b573bc67fa6:c2396, 932806d8-5f5d-4457-8f95-c9b7f9036eae:c2396]
2019-08-07 03:27:17,227 INFO  client.GrpcClientProtocolClient (GrpcClientProtocolClient.java:onNext(255)) - client-23C834B07313->edccc055-c3f5-47df-b30f-76e8836f4c59: receive RaftClientReply:client-23C834B07313->edccc055-c3f5-47df-b30f-76e8836f4c59@group-ED32739C8BBB, cid=1664, SUCCESS, logIndex=2403, commits[edccc055-c3f5-47df-b30f-76e8836f4c59:c2404, f9704f82-adf1-457c-ad29-9b573bc67fa6:c2400, 932806d8-5f5d-4457-8f95-c9b7f9036eae:c2400]
2019-08-07 03:27:17,228 INFO  client.GrpcClientProtocolClient (GrpcClientProtocolClient.java:onNext(255)) - client-23C834B07313->edccc055-c3f5-47df-b30f-76e8836f4c59: receive RaftClientReply:client-23C834B07313->edccc055-c3f5-47df-b30f-76e8836f4c59@group-ED32739C8BBB, cid=1665, SUCCESS, logIndex=2404, commits[edccc055-c3f5-47df-b30f-76e8836f4c59:c2404, f9704f82-adf1-457c-ad29-9b573bc67fa6:c2400, 932806d8-5f5d-4457-8f95-c9b7f9036eae:c2400]
2019-08-07 03:27:17,255 INFO  client.GrpcClientProtocolClient (GrpcClientProtocolClient.java:onNext(255)) - client-23C834B07313->edccc055-c3f5-47df-b30f-76e8836f4c59: receive RaftClientReply:client-23C834B07313->edccc055-c3f5-47df-b30f-76e8836f4c59@group-ED32739C8BBB, cid=1666, SUCCESS, logIndex=2407, commits[edccc055-c3f5-47df-b30f-76e8836f4c59:c2408, f9704f82-adf1-457c-ad29-9b573bc67fa6:c2404, 932806d8-5f5d-4457-8f95-c9b7f9036eae:c2404]
2019-08-07 03:27:17,256 INFO  client.GrpcClientProtocolClient (GrpcClientProtocolClient.java:onNext(255)) - client-23C834B07313->edccc055-c3f5-47df-b30f-76e8836f4c59: receive RaftClientReply:client-23C834B07313->edccc055-c3f5-47df-b30f-76e8836f4c59@group-ED32739C8BBB, cid=1667, SUCCESS, logIndex=2408, commits[edccc055-c3f5-47df-b30f-76e8836f4c59:c2408, f9704f82-adf1-457c-ad29-9b573bc67fa6:c2404, 932806d8-5f5d-4457-8f95-c9b7f9036eae:c2404]
 0.00% |█                                                                                                    |  0/1 Time: 0:00:132019-08-07 03:27:17,267 INFO  client.GrpcClientProtocolClient (GrpcClientProtocolClient.java:onNext(255)) - client-23C834B07313->edccc055-c3f5-47df-b30f-76e8836f4c59: receive RaftClientReply:client-23C834B07313->edccc055-c3f5-47df-b30f-76e8836f4c59@group-ED32739C8BBB, cid=1668, SUCCESS, logIndex=0, commits[edccc055-c3f5-47df-b30f-76e8836f4c59:c2410, f9704f82-adf1-457c-ad29-9b573bc67fa6:c2408, 932806d8-5f5d-4457-8f95-c9b7f9036eae:c2408]
2019-08-07 03:27:17,297 INFO  client.GrpcClientProtocolClient (GrpcClientProtocolClient.java:onNext(255)) - client-23C834B07313->edccc055-c3f5-47df-b30f-76e8836f4c59: receive RaftClientReply:client-23C834B07313->edccc055-c3f5-47df-b30f-76e8836f4c59@group-ED32739C8BBB, cid=1669, SUCCESS, logIndex=2411, commits[edccc055-c3f5-47df-b30f-76e8836f4c59:c2412, f9704f82-adf1-457c-ad29-9b573bc67fa6:c2410, 932806d8-5f5d-4457-8f95-c9b7f9036eae:c2410]
2019-08-07 03:27:17,297 INFO  client.GrpcClientProtocolClient (GrpcClientProtocolClient.java:onNext(255)) - client-23C834B07313->edccc055-c3f5-47df-b30f-76e8836f4c59: receive RaftClientReply:client-23C834B07313->edccc055-c3f5-47df-b30f-76e8836f4c59@group-ED32739C8BBB, cid=1670, SUCCESS, logIndex=2412, commits[edccc055-c3f5-47df-b30f-76e8836f4c59:c2412, f9704f82-adf1-457c-ad29-9b573bc67fa6:c2410, 932806d8-5f5d-4457-8f95-c9b7f9036eae:c2410]
2019-08-07 03:27:17,299 INFO  client.GrpcClientProtocolClient (GrpcClientProtocolClient.java:onNext(255)) - client-23C834B07313->edccc055-c3f5-47df-b30f-76e8836f4c59: receive RaftClientReply:client-23C834B07313->edccc055-c3f5-47df-b30f-76e8836f4c59@group-ED32739C8BBB, cid=1671, SUCCESS, logIndex=2413, commits[edccc055-c3f5-47df-b30f-76e8836f4c59:c2414, f9704f82-adf1-457c-ad29-9b573bc67fa6:c2410, 932806d8-5f5d-4457-8f95-c9b7f9036eae:c2410]
2019-08-07 03:27:17,299 INFO  client.GrpcClientProtocolClient (GrpcClientProtocolClient.java:onNext(255)) - client-23C834B07313->edccc055-c3f5-47df-b30f-76e8836f4c59: receive RaftClientReply:client-23C834B07313->edccc055-c3f5-47df-b30f-76e8836f4c59@group-ED32739C8BBB, cid=1672, SUCCESS, logIndex=2414, commits[edccc055-c3f5-47df-b30f-76e8836f4c59:c2414, f9704f82-adf1-457c-ad29-9b573bc67fa6:c2410, 932806d8-5f5d-4457-8f95-c9b7f9036eae:c2410]
2019-08-07 03:27:17,311 INFO  client.GrpcClientProtocolClient (GrpcClientProtocolClient.java:onNext(255)) - client-23C834B07313->edccc055-c3f5-47df-b30f-76e8836f4c59: receive RaftClientReply:client-23C834B07313->edccc055-c3f5-47df-b30f-76e8836f4c59@group-ED32739C8BBB, cid=1673, SUCCESS, logIndex=0, commits[edccc055-c3f5-47df-b30f-76e8836f4c59:c2415, f9704f82-adf1-457c-ad29-9b573bc67fa6:c2412, 932806d8-5f5d-4457-8f95-c9b7f9036eae:c2412]
2019-08-07 03:27:17,333 INFO  client.GrpcClientProtocolClient (GrpcClientProtocolClient.java:onNext(255)) - client-23C834B07313->edccc055-c3f5-47df-b30f-76e8836f4c59: receive RaftClientReply:client-23C834B07313->edccc055-c3f5-47df-b30f-76e8836f4c59@group-ED32739C8BBB, cid=1674, SUCCESS, logIndex=2419, commits[edccc055-c3f5-47df-b30f-76e8836f4c59:c2419, f9704f82-adf1-457c-ad29-9b573bc67fa6:c2418, 932806d8-5f5d-4457-8f95-c9b7f9036eae:c2418]
2019-08-07 03:27:17,333 INFO  client.GrpcClientProtocolClient (GrpcClientProtocolClient.java:onNext(255)) - client-23C834B07313->edccc055-c3f5-47df-b30f-76e8836f4c59: receive RaftClientReply:client-23C834B07313->edccc055-c3f5-47df-b30f-76e8836f4c59@group-ED32739C8BBB, cid=1675, SUCCESS, logIndex=2420, commits[edccc055-c3f5-47df-b30f-76e8836f4c59:c2420, f9704f82-adf1-457c-ad29-9b573bc67fa6:c2418, 932806d8-5f5d-4457-8f95-c9b7f9036eae:c2418]
2019-08-07 03:27:17,360 INFO  client.GrpcClientProtocolClient (GrpcClientProtocolClient.java:onNext(255)) - client-23C834B07313->edccc055-c3f5-47df-b30f-76e8836f4c59: receive RaftClientReply:client-23C834B07313->edccc055-c3f5-47df-b30f-76e8836f4c59@group-ED32739C8BBB, cid=1676, SUCCESS, logIndex=2423, commits[edccc055-c3f5-47df-b30f-76e8836f4c59:c2424, f9704f82-adf1-457c-ad29-9b573bc67fa6:c2420, 932806d8-5f5d-4457-8f95-c9b7f9036eae:c2419]
2019-08-07 03:27:17,361 INFO  client.GrpcClientProtocolClient (GrpcClientProtocolClient.java:onNext(255)) - client-23C834B07313->edccc055-c3f5-47df-b30f-76e8836f4c59: receive RaftClientReply:client-23C834B07313->edccc055-c3f5-47df-b30f-76e8836f4c59@group-ED32739C8BBB, cid=1677, SUCCESS, logIndex=2424, commits[edccc055-c3f5-47df-b30f-76e8836f4c59:c2424, f9704f82-adf1-457c-ad29-9b573bc67fa6:c2420, 932806d8-5f5d-4457-8f95-c9b7f9036eae:c2420]
2019-08-07 03:27:17,386 INFO  client.GrpcClientProtocolClient (GrpcClientProtocolClient.java:onNext(255)) - client-23C834B07313->edccc055-c3f5-47df-b30f-76e8836f4c59: receive RaftClientReply:client-23C834B07313->edccc055-c3f5-47df-b30f-76e8836f4c59@group-ED32739C8BBB, cid=1678, SUCCESS, logIndex=0, commits[edccc055-c3f5-47df-b30f-76e8836f4c59:c2426, f9704f82-adf1-457c-ad29-9b573bc67fa6:c2424, 932806d8-5f5d-4457-8f95-c9b7f9036eae:c2424]
2019-08-07 03:27:17,418 INFO  client.GrpcClientProtocolClient (GrpcClientProtocolClient.java:onNext(255)) - client-23C834B07313->edccc055-c3f5-47df-b30f-76e8836f4c59: receive RaftClientReply:client-23C834B07313->edccc055-c3f5-47df-b30f-76e8836f4c59@group-ED32739C8BBB, cid=1679, SUCCESS, logIndex=2427, commits[edccc055-c3f5-47df-b30f-76e8836f4c59:c2428, f9704f82-adf1-457c-ad29-9b573bc67fa6:c2426, 932806d8-5f5d-4457-8f95-c9b7f9036eae:c2426]
2019-08-07 03:27:17,519 INFO  client.GrpcClientProtocolClient (GrpcClientProtocolClient.java:onNext(255)) - client-23C834B07313->edccc055-c3f5-47df-b30f-76e8836f4c59: receive RaftClientReply:client-23C834B07313->edccc055-c3f5-47df-b30f-76e8836f4c59@group-ED32739C8BBB, cid=1680, SUCCESS, logIndex=2428, commits[edccc055-c3f5-47df-b30f-76e8836f4c59:c2428, f9704f82-adf1-457c-ad29-9b573bc67fa6:c2426, 932806d8-5f5d-4457-8f95-c9b7f9036eae:c2426]
2019-08-07 03:27:17,524 INFO  client.GrpcClientProtocolClient (GrpcClientProtocolClient.java:onNext(255)) - client-23C834B07313->edccc055-c3f5-47df-b30f-76e8836f4c59: receive RaftClientReply:client-23C834B07313->edccc055-c3f5-47df-b30f-76e8836f4c59@group-ED32739C8BBB, cid=1681, SUCCESS, logIndex=2429, commits[edccc055-c3f5-47df-b30f-76e8836f4c59:c2430, f9704f82-adf1-457c-ad29-9b573bc67fa6:c2426, 932806d8-5f5d-4457-8f95-c9b7f9036eae:c2426]
2019-08-07 03:27:17,524 INFO  client.GrpcClientProtocolClient (GrpcClientProtocolClient.java:onNext(255)) - client-23C834B07313->edccc055-c3f5-47df-b30f-76e8836f4c59: receive RaftClientReply:client-23C834B07313->edccc055-c3f5-47df-b30f-76e8836f4c59@group-ED32739C8BBB, cid=1682, SUCCESS, logIndex=2430, commits[edccc055-c3f5-47df-b30f-76e8836f4c59:c2430, f9704f82-adf1-457c-ad29-9b573bc67fa6:c2426, 932806d8-5f5d-4457-8f95-c9b7f9036eae:c2426]
2019-08-07 03:27:17,535 INFO  client.GrpcClientProtocolClient (GrpcClientProtocolClient.java:onNext(255)) - client-23C834B07313->edccc055-c3f5-47df-b30f-76e8836f4c59: receive RaftClientReply:client-23C834B07313->edccc055-c3f5-47df-b30f-76e8836f4c59@group-ED32739C8BBB, cid=1683, SUCCESS, logIndex=0, commits[edccc055-c3f5-47df-b30f-76e8836f4c59:c2432, f9704f82-adf1-457c-ad29-9b573bc67fa6:c2428, 932806d8-5f5d-4457-8f95-c9b7f9036eae:c2428]
2019-08-07 03:27:17,558 INFO  client.GrpcClientProtocolClient (GrpcClientProtocolClient.java:onNext(255)) - client-23C834B07313->edccc055-c3f5-47df-b30f-76e8836f4c59: receive RaftClientReply:client-23C834B07313->edccc055-c3f5-47df-b30f-76e8836f4c59@group-ED32739C8BBB, cid=1684, SUCCESS, logIndex=2435, commits[edccc055-c3f5-47df-b30f-76e8836f4c59:c2436, f9704f82-adf1-457c-ad29-9b573bc67fa6:c2434, 932806d8-5f5d-4457-8f95-c9b7f9036eae:c2434]
2019-08-07 03:27:17,558 INFO  client.GrpcClientProtocolClient (GrpcClientProtocolClient.java:onNext(255)) - client-23C834B07313->edccc055-c3f5-47df-b30f-76e8836f4c59: receive RaftClientReply:client-23C834B07313->edccc055-c3f5-47df-b30f-76e8836f4c59@group-ED32739C8BBB, cid=1685, SUCCESS, logIndex=2436, commits[edccc055-c3f5-47df-b30f-76e8836f4c59:c2436, f9704f82-adf1-457c-ad29-9b573bc67fa6:c2434, 932806d8-5f5d-4457-8f95-c9b7f9036eae:c2434]
2019-08-07 03:27:17,571 INFO  client.GrpcClientProtocolClient (GrpcClientProtocolClient.java:onNext(255)) - client-23C834B07313->edccc055-c3f5-47df-b30f-76e8836f4c59: receive RaftClientReply:client-23C834B07313->edccc055-c3f5-47df-b30f-76e8836f4c59@group-ED32739C8BBB, cid=1686, SUCCESS, logIndex=2439, commits[edccc055-c3f5-47df-b30f-76e8836f4c59:c2440, f9704f82-adf1-457c-ad29-9b573bc67fa6:c2435, 932806d8-5f5d-4457-8f95-c9b7f9036eae:c2436]
2019-08-07 03:27:17,572 INFO  client.GrpcClientProtocolClient (GrpcClientProtocolClient.java:onNext(255)) - client-23C834B07313->edccc055-c3f5-47df-b30f-76e8836f4c59: receive RaftClientReply:client-23C834B07313->edccc055-c3f5-47df-b30f-76e8836f4c59@group-ED32739C8BBB, cid=1687, SUCCESS, logIndex=2440, commits[edccc055-c3f5-47df-b30f-76e8836f4c59:c2440, f9704f82-adf1-457c-ad29-9b573bc67fa6:c2435, 932806d8-5f5d-4457-8f95-c9b7f9036eae:c2436]
2019-08-07 03:27:17,584 INFO  client.GrpcClientProtocolClient (GrpcClientProtocolClient.java:onNext(255)) - client-23C834B07313->edccc055-c3f5-47df-b30f-76e8836f4c59: receive RaftClientReply:client-23C834B07313->edccc055-c3f5-47df-b30f-76e8836f4c59@group-ED32739C8BBB, cid=1688, SUCCESS, logIndex=0, commits[edccc055-c3f5-47df-b30f-76e8836f4c59:c2440, f9704f82-adf1-457c-ad29-9b573bc67fa6:c2436, 932806d8-5f5d-4457-8f95-c9b7f9036eae:c2436]
2019-08-07 03:27:17,596 INFO  client.GrpcClientProtocolClient (GrpcClientProtocolClient.java:onNext(255)) - client-23C834B07313->edccc055-c3f5-47df-b30f-76e8836f4c59: receive RaftClientReply:client-23C834B07313->edccc055-c3f5-47df-b30f-76e8836f4c59@group-ED32739C8BBB, cid=1689, SUCCESS, logIndex=0, commits[edccc055-c3f5-47df-b30f-76e8836f4c59:c2442, f9704f82-adf1-457c-ad29-9b573bc67fa6:c2440, 932806d8-5f5d-4457-8f95-c9b7f9036eae:c2440]
2019-08-07 03:27:17,625 INFO  client.GrpcClientProtocolClient (GrpcClientProtocolClient.java:onNext(255)) - client-23C834B07313->edccc055-c3f5-47df-b30f-76e8836f4c59: receive RaftClientReply:client-23C834B07313->edccc055-c3f5-47df-b30f-76e8836f4c59@group-ED32739C8BBB, cid=1690, SUCCESS, logIndex=2443, commits[edccc055-c3f5-47df-b30f-76e8836f4c59:c2444, f9704f82-adf1-457c-ad29-9b573bc67fa6:c2442, 932806d8-5f5d-4457-8f95-c9b7f9036eae:c2442]
2019-08-07 03:27:17,626 INFO  client.GrpcClientProtocolClient (GrpcClientProtocolClient.java:onNext(255)) - client-23C834B07313->edccc055-c3f5-47df-b30f-76e8836f4c59: receive RaftClientReply:client-23C834B07313->edccc055-c3f5-47df-b30f-76e8836f4c59@group-ED32739C8BBB, cid=1691, SUCCESS, logIndex=2444, commits[edccc055-c3f5-47df-b30f-76e8836f4c59:c2444, f9704f82-adf1-457c-ad29-9b573bc67fa6:c2442, 932806d8-5f5d-4457-8f95-c9b7f9036eae:c2442]
2019-08-07 03:27:17,626 INFO  client.GrpcClientProtocolClient (GrpcClientProtocolClient.java:onNext(255)) - client-23C834B07313->edccc055-c3f5-47df-b30f-76e8836f4c59: receive RaftClientReply:client-23C834B07313->edccc055-c3f5-47df-b30f-76e8836f4c59@group-ED32739C8BBB, cid=1692, SUCCESS, logIndex=2445, commits[edccc055-c3f5-47df-b30f-76e8836f4c59:c2446, f9704f82-adf1-457c-ad29-9b573bc67fa6:c2442, 932806d8-5f5d-4457-8f95-c9b7f9036eae:c2442]
2019-08-07 03:27:17,627 INFO  client.GrpcClientProtocolClient (GrpcClientProtocolClient.java:onNext(255)) - client-23C834B07313->edccc055-c3f5-47df-b30f-76e8836f4c59: receive RaftClientReply:client-23C834B07313->edccc055-c3f5-47df-b30f-76e8836f4c59@group-ED32739C8BBB, cid=1693, SUCCESS, logIndex=2446, commits[edccc055-c3f5-47df-b30f-76e8836f4c59:c2446, f9704f82-adf1-457c-ad29-9b573bc67fa6:c2442, 932806d8-5f5d-4457-8f95-c9b7f9036eae:c2442]
2019-08-07 03:27:17,640 INFO  client.GrpcClientProtocolClient (GrpcClientProtocolClient.java:onNext(255)) - client-23C834B07313->edccc055-c3f5-47df-b30f-76e8836f4c59: receive RaftClientReply:client-23C834B07313->edccc055-c3f5-47df-b30f-76e8836f4c59@group-ED32739C8BBB, cid=1694, SUCCESS, logIndex=0, commits[edccc055-c3f5-47df-b30f-76e8836f4c59:c2448, f9704f82-adf1-457c-ad29-9b573bc67fa6:c2444, 932806d8-5f5d-4457-8f95-c9b7f9036eae:c2444]
2019-08-07 03:27:17,662 INFO  client.GrpcClientProtocolClient (GrpcClientProtocolClient.java:onNext(255)) - client-23C834B07313->edccc055-c3f5-47df-b30f-76e8836f4c59: receive RaftClientReply:client-23C834B07313->edccc055-c3f5-47df-b30f-76e8836f4c59@group-ED32739C8BBB, cid=1695, SUCCESS, logIndex=2451, commits[edccc055-c3f5-47df-b30f-76e8836f4c59:c2452, f9704f82-adf1-457c-ad29-9b573bc67fa6:c2450, 932806d8-5f5d-4457-8f95-c9b7f9036eae:c2446]
2019-08-07 03:27:17,662 INFO  client.GrpcClientProtocolClient (GrpcClientProtocolClient.java:onNext(255)) - client-23C834B07313->edccc055-c3f5-47df-b30f-76e8836f4c59: receive RaftClientReply:client-23C834B07313->edccc055-c3f5-47df-b30f-76e8836f4c59@group-ED32739C8BBB, cid=1696, SUCCESS, logIndex=2452, commits[edccc055-c3f5-47df-b30f-76e8836f4c59:c2452, f9704f82-adf1-457c-ad29-9b573bc67fa6:c2450, 932806d8-5f5d-4457-8f95-c9b7f9036eae:c2450]
2019-08-07 03:27:17,687 INFO  client.GrpcClientProtocolClient (GrpcClientProtocolClient.java:onNext(255)) - client-23C834B07313->edccc055-c3f5-47df-b30f-76e8836f4c59: receive RaftClientReply:client-23C834B07313->edccc055-c3f5-47df-b30f-76e8836f4c59@group-ED32739C8BBB, cid=1697, SUCCESS, logIndex=2455, commits[edccc055-c3f5-47df-b30f-76e8836f4c59:c2456, f9704f82-adf1-457c-ad29-9b573bc67fa6:c2452, 932806d8-5f5d-4457-8f95-c9b7f9036eae:c2452]
2019-08-07 03:27:17,687 INFO  client.GrpcClientProtocolClient (GrpcClientProtocolClient.java:onNext(255)) - client-23C834B07313->edccc055-c3f5-47df-b30f-76e8836f4c59: receive RaftClientReply:client-23C834B07313->edccc055-c3f5-47df-b30f-76e8836f4c59@group-ED32739C8BBB, cid=1698, SUCCESS, logIndex=2456, commits[edccc055-c3f5-47df-b30f-76e8836f4c59:c2456, f9704f82-adf1-457c-ad29-9b573bc67fa6:c2452, 932806d8-5f5d-4457-8f95-c9b7f9036eae:c2452]
2019-08-07 03:27:17,713 INFO  client.GrpcClientProtocolClient (GrpcClientProtocolClient.java:onNext(255)) - client-23C834B07313->edccc055-c3f5-47df-b30f-76e8836f4c59: receive RaftClientReply:client-23C834B07313->edccc055-c3f5-47df-b30f-76e8836f4c59@group-ED32739C8BBB, cid=1699, SUCCESS, logIndex=0, commits[edccc055-c3f5-47df-b30f-76e8836f4c59:c2458, f9704f82-adf1-457c-ad29-9b573bc67fa6:c2456, 932806d8-5f5d-4457-8f95-c9b7f9036eae:c2456]
2019-08-07 03:27:17,740 INFO  client.GrpcClientProtocolClient (GrpcClientProtocolClient.java:onNext(255)) - client-23C834B07313->edccc055-c3f5-47df-b30f-76e8836f4c59: receive RaftClientReply:client-23C834B07313->edccc055-c3f5-47df-b30f-76e8836f4c59@group-ED32739C8BBB, cid=1700, SUCCESS, logIndex=2459, commits[edccc055-c3f5-47df-b30f-76e8836f4c59:c2460, f9704f82-adf1-457c-ad29-9b573bc67fa6:c2458, 932806d8-5f5d-4457-8f95-c9b7f9036eae:c2458]
2019-08-07 03:27:17,741 INFO  client.GrpcClientProtocolClient (GrpcClientProtocolClient.java:onNext(255)) - client-23C834B07313->edccc055-c3f5-47df-b30f-76e8836f4c59: receive RaftClientReply:client-23C834B07313->edccc055-c3f5-47df-b30f-76e8836f4c59@group-ED32739C8BBB, cid=1701, SUCCESS, logIndex=2460, commits[edccc055-c3f5-47df-b30f-76e8836f4c59:c2462, f9704f82-adf1-457c-ad29-9b573bc67fa6:c2458, 932806d8-5f5d-4457-8f95-c9b7f9036eae:c2458]
2019-08-07 03:27:17,741 INFO  client.GrpcClientProtocolClient (GrpcClientProtocolClient.java:onNext(255)) - client-23C834B07313->edccc055-c3f5-47df-b30f-76e8836f4c59: receive RaftClientReply:client-23C834B07313->edccc055-c3f5-47df-b30f-76e8836f4c59@group-ED32739C8BBB, cid=1702, SUCCESS, logIndex=2461, commits[edccc055-c3f5-47df-b30f-76e8836f4c59:c2462, f9704f82-adf1-457c-ad29-9b573bc67fa6:c2458, 932806d8-5f5d-4457-8f95-c9b7f9036eae:c2458]
2019-08-07 03:27:17,742 INFO  client.GrpcClientProtocolClient (GrpcClientProtocolClient.java:onNext(255)) - client-23C834B07313->edccc055-c3f5-47df-b30f-76e8836f4c59: receive RaftClientReply:client-23C834B07313->edccc055-c3f5-47df-b30f-76e8836f4c59@group-ED32739C8BBB, cid=1703, SUCCESS, logIndex=2462, commits[edccc055-c3f5-47df-b30f-76e8836f4c59:c2462, f9704f82-adf1-457c-ad29-9b573bc67fa6:c2458, 932806d8-5f5d-4457-8f95-c9b7f9036eae:c2458]
2019-08-07 03:27:17,745 INFO  client.GrpcClientProtocolClient (GrpcClientProtocolClient.java:onNext(255)) - client-23C834B07313->edccc055-c3f5-47df-b30f-76e8836f4c59: receive RaftClientReply:client-23C834B07313->edccc055-c3f5-47df-b30f-76e8836f4c59@group-ED32739C8BBB, cid=1704, SUCCESS, logIndex=0, commits[edccc055-c3f5-47df-b30f-76e8836f4c59:c2465, f9704f82-adf1-457c-ad29-9b573bc67fa6:c2462, 932806d8-5f5d-4457-8f95-c9b7f9036eae:c2460]
2019-08-07 03:27:17,757 INFO  client.GrpcClientProtocolClient (GrpcClientProtocolClient.java:onNext(255)) - client-23C834B07313->edccc055-c3f5-47df-b30f-76e8836f4c59: receive RaftClientReply:client-23C834B07313->edccc055-c3f5-47df-b30f-76e8836f4c59@group-ED32739C8BBB, cid=1705, SUCCESS, logIndex=2466, commits[edccc055-c3f5-47df-b30f-76e8836f4c59:c2467, f9704f82-adf1-457c-ad29-9b573bc67fa6:c2465, 932806d8-5f5d-4457-8f95-c9b7f9036eae:c2462]
2019-08-07 03:27:17,758 INFO  client.GrpcClientProtocolClient (GrpcClientProtocolClient.java:onNext(255)) - client-23C834B07313->edccc055-c3f5-47df-b30f-76e8836f4c59: receive RaftClientReply:client-23C834B07313->edccc055-c3f5-47df-b30f-76e8836f4c59@group-ED32739C8BBB, cid=1706, SUCCESS, logIndex=2467, commits[edccc055-c3f5-47df-b30f-76e8836f4c59:c2467, f9704f82-adf1-457c-ad29-9b573bc67fa6:c2465, 932806d8-5f5d-4457-8f95-c9b7f9036eae:c2465]
2019-08-07 03:27:17,790 INFO  client.GrpcClientProtocolClient (GrpcClientProtocolClient.java:onNext(255)) - client-23C834B07313->edccc055-c3f5-47df-b30f-76e8836f4c59: receive RaftClientReply:client-23C834B07313->edccc055-c3f5-47df-b30f-76e8836f4c59@group-ED32739C8BBB, cid=1707, SUCCESS, logIndex=2470, commits[edccc055-c3f5-47df-b30f-76e8836f4c59:c2471, f9704f82-adf1-457c-ad29-9b573bc67fa6:c2469, 932806d8-5f5d-4457-8f95-c9b7f9036eae:c2469]
2019-08-07 03:27:17,791 INFO  client.GrpcClientProtocolClient (GrpcClientProtocolClient.java:onNext(255)) - client-23C834B07313->edccc055-c3f5-47df-b30f-76e8836f4c59: receive RaftClientReply:client-23C834B07313->edccc055-c3f5-47df-b30f-76e8836f4c59@group-ED32739C8BBB, cid=1708, SUCCESS, logIndex=2471, commits[edccc055-c3f5-47df-b30f-76e8836f4c59:c2471, f9704f82-adf1-457c-ad29-9b573bc67fa6:c2469, 932806d8-5f5d-4457-8f95-c9b7f9036eae:c2469]
2019-08-07 03:27:17,792 INFO  client.GrpcClientProtocolClient (GrpcClientProtocolClient.java:onNext(255)) - client-23C834B07313->edccc055-c3f5-47df-b30f-76e8836f4c59: receive RaftClientReply:client-23C834B07313->edccc055-c3f5-47df-b30f-76e8836f4c59@group-ED32739C8BBB, cid=1709, SUCCESS, logIndex=0, commits[edccc055-c3f5-47df-b30f-76e8836f4c59:c2473, f9704f82-adf1-457c-ad29-9b573bc67fa6:c2471, 932806d8-5f5d-4457-8f95-c9b7f9036eae:c2471]
2019-08-07 03:27:17,823 INFO  client.GrpcClientProtocolClient (GrpcClientProtocolClient.java:onNext(255)) - client-23C834B07313->edccc055-c3f5-47df-b30f-76e8836f4c59: receive RaftClientReply:client-23C834B07313->edccc055-c3f5-47df-b30f-76e8836f4c59@group-ED32739C8BBB, cid=1710, SUCCESS, logIndex=2474, commits[edccc055-c3f5-47df-b30f-76e8836f4c59:c2475, f9704f82-adf1-457c-ad29-9b573bc67fa6:c2473, 932806d8-5f5d-4457-8f95-c9b7f9036eae:c2473]
2019-08-07 03:27:17,823 INFO  client.GrpcClientProtocolClient (GrpcClientProtocolClient.java:onNext(255)) - client-23C834B07313->edccc055-c3f5-47df-b30f-76e8836f4c59: receive RaftClientReply:client-23C834B07313->edccc055-c3f5-47df-b30f-76e8836f4c59@group-ED32739C8BBB, cid=1711, SUCCESS, logIndex=2475, commits[edccc055-c3f5-47df-b30f-76e8836f4c59:c2475, f9704f82-adf1-457c-ad29-9b573bc67fa6:c2473, 932806d8-5f5d-4457-8f95-c9b7f9036eae:c2473]
2019-08-07 03:27:17,824 INFO  client.GrpcClientProtocolClient (GrpcClientProtocolClient.java:onNext(255)) - client-23C834B07313->edccc055-c3f5-47df-b30f-76e8836f4c59: receive RaftClientReply:client-23C834B07313->edccc055-c3f5-47df-b30f-76e8836f4c59@group-ED32739C8BBB, cid=1712, SUCCESS, logIndex=2476, commits[edccc055-c3f5-47df-b30f-76e8836f4c59:c2477, f9704f82-adf1-457c-ad29-9b573bc67fa6:c2473, 932806d8-5f5d-4457-8f95-c9b7f9036eae:c2473]
2019-08-07 03:27:17,824 INFO  client.GrpcClientProtocolClient (GrpcClientProtocolClient.java:onNext(255)) - client-23C834B07313->edccc055-c3f5-47df-b30f-76e8836f4c59: receive RaftClientReply:client-23C834B07313->edccc055-c3f5-47df-b30f-76e8836f4c59@group-ED32739C8BBB, cid=1713, SUCCESS, logIndex=2477, commits[edccc055-c3f5-47df-b30f-76e8836f4c59:c2477, f9704f82-adf1-457c-ad29-9b573bc67fa6:c2473, 932806d8-5f5d-4457-8f95-c9b7f9036eae:c2473]
2019-08-07 03:27:17,836 INFO  client.GrpcClientProtocolClient (GrpcClientProtocolClient.java:onNext(255)) - client-23C834B07313->edccc055-c3f5-47df-b30f-76e8836f4c59: receive RaftClientReply:client-23C834B07313->edccc055-c3f5-47df-b30f-76e8836f4c59@group-ED32739C8BBB, cid=1714, SUCCESS, logIndex=0, commits[edccc055-c3f5-47df-b30f-76e8836f4c59:c2479, f9704f82-adf1-457c-ad29-9b573bc67fa6:c2475, 932806d8-5f5d-4457-8f95-c9b7f9036eae:c2475]
2019-08-07 03:27:17,857 INFO  client.GrpcClientProtocolClient (GrpcClientProtocolClient.java:onNext(255)) - client-23C834B07313->edccc055-c3f5-47df-b30f-76e8836f4c59: receive RaftClientReply:client-23C834B07313->edccc055-c3f5-47df-b30f-76e8836f4c59@group-ED32739C8BBB, cid=1715, SUCCESS, logIndex=2482, commits[edccc055-c3f5-47df-b30f-76e8836f4c59:c2483, f9704f82-adf1-457c-ad29-9b573bc67fa6:c2481, 932806d8-5f5d-4457-8f95-c9b7f9036eae:c2481]
2019-08-07 03:27:17,857 INFO  client.GrpcClientProtocolClient (GrpcClientProtocolClient.java:onNext(255)) - client-23C834B07313->edccc055-c3f5-47df-b30f-76e8836f4c59: receive RaftClientReply:client-23C834B07313->edccc055-c3f5-47df-b30f-76e8836f4c59@group-ED32739C8BBB, cid=1716, SUCCESS, logIndex=2483, commits[edccc055-c3f5-47df-b30f-76e8836f4c59:c2483, f9704f82-adf1-457c-ad29-9b573bc67fa6:c2481, 932806d8-5f5d-4457-8f95-c9b7f9036eae:c2481]
2019-08-07 03:27:17,944 INFO  client.GrpcClientProtocolClient (GrpcClientProtocolClient.java:onNext(255)) - client-23C834B07313->edccc055-c3f5-47df-b30f-76e8836f4c59: receive RaftClientReply:client-23C834B07313->edccc055-c3f5-47df-b30f-76e8836f4c59@group-ED32739C8BBB, cid=1717, SUCCESS, logIndex=2486, commits[edccc055-c3f5-47df-b30f-76e8836f4c59:c2486, f9704f82-adf1-457c-ad29-9b573bc67fa6:c2483, 932806d8-5f5d-4457-8f95-c9b7f9036eae:c2483]
2019-08-07 03:27:17,945 INFO  client.GrpcClientProtocolClient (GrpcClientProtocolClient.java:onNext(255)) - client-23C834B07313->edccc055-c3f5-47df-b30f-76e8836f4c59: receive RaftClientReply:client-23C834B07313->edccc055-c3f5-47df-b30f-76e8836f4c59@group-ED32739C8BBB, cid=1718, SUCCESS, logIndex=2487, commits[edccc055-c3f5-47df-b30f-76e8836f4c59:c2487, f9704f82-adf1-457c-ad29-9b573bc67fa6:c2483, 932806d8-5f5d-4457-8f95-c9b7f9036eae:c2483]
2019-08-07 03:27:17,957 INFO  client.GrpcClientProtocolClient (GrpcClientProtocolClient.java:onNext(255)) - client-23C834B07313->edccc055-c3f5-47df-b30f-76e8836f4c59: receive RaftClientReply:client-23C834B07313->edccc055-c3f5-47df-b30f-76e8836f4c59@group-ED32739C8BBB, cid=1719, SUCCESS, logIndex=0, commits[edccc055-c3f5-47df-b30f-76e8836f4c59:c2489, f9704f82-adf1-457c-ad29-9b573bc67fa6:c2487, 932806d8-5f5d-4457-8f95-c9b7f9036eae:c2487]
2019-08-07 03:27:17,985 INFO  client.GrpcClientProtocolClient (GrpcClientProtocolClient.java:onNext(255)) - client-23C834B07313->edccc055-c3f5-47df-b30f-76e8836f4c59: receive RaftClientReply:client-23C834B07313->edccc055-c3f5-47df-b30f-76e8836f4c59@group-ED32739C8BBB, cid=1720, SUCCESS, logIndex=2490, commits[edccc055-c3f5-47df-b30f-76e8836f4c59:c2491, f9704f82-adf1-457c-ad29-9b573bc67fa6:c2489, 932806d8-5f5d-4457-8f95-c9b7f9036eae:c2489]
2019-08-07 03:27:17,986 INFO  client.GrpcClientProtocolClient (GrpcClientProtocolClient.java:onNext(255)) - client-23C834B07313->edccc055-c3f5-47df-b30f-76e8836f4c59: receive RaftClientReply:client-23C834B07313->edccc055-c3f5-47df-b30f-76e8836f4c59@group-ED32739C8BBB, cid=1721, SUCCESS, logIndex=2491, commits[edccc055-c3f5-47df-b30f-76e8836f4c59:c2492, f9704f82-adf1-457c-ad29-9b573bc67fa6:c2489, 932806d8-5f5d-4457-8f95-c9b7f9036eae:c2489]
2019-08-07 03:27:17,986 INFO  client.GrpcClientProtocolClient (GrpcClientProtocolClient.java:onNext(255)) - client-23C834B07313->edccc055-c3f5-47df-b30f-76e8836f4c59: receive RaftClientReply:client-23C834B07313->edccc055-c3f5-47df-b30f-76e8836f4c59@group-ED32739C8BBB, cid=1722, SUCCESS, logIndex=2492, commits[edccc055-c3f5-47df-b30f-76e8836f4c59:c2493, f9704f82-adf1-457c-ad29-9b573bc67fa6:c2489, 932806d8-5f5d-4457-8f95-c9b7f9036eae:c2489]
2019-08-07 03:27:17,987 INFO  client.GrpcClientProtocolClient (GrpcClientProtocolClient.java:onNext(255)) - client-23C834B07313->edccc055-c3f5-47df-b30f-76e8836f4c59: receive RaftClientReply:client-23C834B07313->edccc055-c3f5-47df-b30f-76e8836f4c59@group-ED32739C8BBB, cid=1723, SUCCESS, logIndex=2493, commits[edccc055-c3f5-47df-b30f-76e8836f4c59:c2493, f9704f82-adf1-457c-ad29-9b573bc67fa6:c2489, 932806d8-5f5d-4457-8f95-c9b7f9036eae:c2489]
2019-08-07 03:27:18,000 INFO  client.GrpcClientProtocolClient (GrpcClientProtocolClient.java:onNext(255)) - client-23C834B07313->edccc055-c3f5-47df-b30f-76e8836f4c59: receive RaftClientReply:client-23C834B07313->edccc055-c3f5-47df-b30f-76e8836f4c59@group-ED32739C8BBB, cid=1724, SUCCESS, logIndex=0, commits[edccc055-c3f5-47df-b30f-76e8836f4c59:c2495, f9704f82-adf1-457c-ad29-9b573bc67fa6:c2491, 932806d8-5f5d-4457-8f95-c9b7f9036eae:c2491]
2019-08-07 03:27:18,022 INFO  client.GrpcClientProtocolClient (GrpcClientProtocolClient.java:onNext(255)) - client-23C834B07313->edccc055-c3f5-47df-b30f-76e8836f4c59: receive RaftClientReply:client-23C834B07313->edccc055-c3f5-47df-b30f-76e8836f4c59@group-ED32739C8BBB, cid=1725, SUCCESS, logIndex=2498, commits[edccc055-c3f5-47df-b30f-76e8836f4c59:c2499, f9704f82-adf1-457c-ad29-9b573bc67fa6:c2497, 932806d8-5f5d-4457-8f95-c9b7f9036eae:c2497]
2019-08-07 03:27:18,022 INFO  client.GrpcClientProtocolClient (GrpcClientProtocolClient.java:onNext(255)) - client-23C834B07313->edccc055-c3f5-47df-b30f-76e8836f4c59: receive RaftClientReply:client-23C834B07313->edccc055-c3f5-47df-b30f-76e8836f4c59@group-ED32739C8BBB, cid=1726, SUCCESS, logIndex=2499, commits[edccc055-c3f5-47df-b30f-76e8836f4c59:c2499, f9704f82-adf1-457c-ad29-9b573bc67fa6:c2497, 932806d8-5f5d-4457-8f95-c9b7f9036eae:c2497]
2019-08-07 03:27:18,041 INFO  client.GrpcClientProtocolClient (GrpcClientProtocolClient.java:onNext(255)) - client-23C834B07313->edccc055-c3f5-47df-b30f-76e8836f4c59: receive RaftClientReply:client-23C834B07313->edccc055-c3f5-47df-b30f-76e8836f4c59@group-ED32739C8BBB, cid=1727, SUCCESS, logIndex=2502, commits[edccc055-c3f5-47df-b30f-76e8836f4c59:c2502, f9704f82-adf1-457c-ad29-9b573bc67fa6:c2499, 932806d8-5f5d-4457-8f95-c9b7f9036eae:c2499]
2019-08-07 03:27:18,041 INFO  client.GrpcClientProtocolClient (GrpcClientProtocolClient.java:onNext(255)) - client-23C834B07313->edccc055-c3f5-47df-b30f-76e8836f4c59: receive RaftClientReply:client-23C834B07313->edccc055-c3f5-47df-b30f-76e8836f4c59@group-ED32739C8BBB, cid=1728, SUCCESS, logIndex=2503, commits[edccc055-c3f5-47df-b30f-76e8836f4c59:c2503, f9704f82-adf1-457c-ad29-9b573bc67fa6:c2499, 932806d8-5f5d-4457-8f95-c9b7f9036eae:c2499]
2019-08-07 03:27:18,057 INFO  client.GrpcClientProtocolClient (GrpcClientProtocolClient.java:onNext(255)) - client-23C834B07313->edccc055-c3f5-47df-b30f-76e8836f4c59: receive RaftClientReply:client-23C834B07313->edccc055-c3f5-47df-b30f-76e8836f4c59@group-ED32739C8BBB, cid=1729, SUCCESS, logIndex=0, commits[edccc055-c3f5-47df-b30f-76e8836f4c59:c2505, f9704f82-adf1-457c-ad29-9b573bc67fa6:c2503, 932806d8-5f5d-4457-8f95-c9b7f9036eae:c2503]
2019-08-07 03:27:18,083 INFO  client.GrpcClientProtocolClient (GrpcClientProtocolClient.java:onNext(255)) - client-23C834B07313->edccc055-c3f5-47df-b30f-76e8836f4c59: receive RaftClientReply:client-23C834B07313->edccc055-c3f5-47df-b30f-76e8836f4c59@group-ED32739C8BBB, cid=1730, SUCCESS, logIndex=2506, commits[edccc055-c3f5-47df-b30f-76e8836f4c59:c2507, f9704f82-adf1-457c-ad29-9b573bc67fa6:c2505, 932806d8-5f5d-4457-8f95-c9b7f9036eae:c2505]
2019-08-07 03:27:18,084 INFO  client.GrpcClientProtocolClient (GrpcClientProtocolClient.java:onNext(255)) - client-23C834B07313->edccc055-c3f5-47df-b30f-76e8836f4c59: receive RaftClientReply:client-23C834B07313->edccc055-c3f5-47df-b30f-76e8836f4c59@group-ED32739C8BBB, cid=1731, SUCCESS, logIndex=2507, commits[edccc055-c3f5-47df-b30f-76e8836f4c59:c2507, f9704f82-adf1-457c-ad29-9b573bc67fa6:c2505, 932806d8-5f5d-4457-8f95-c9b7f9036eae:c2505]
2019-08-07 03:27:18,086 INFO  client.GrpcClientProtocolClient (GrpcClientProtocolClient.java:onNext(255)) - client-23C834B07313->edccc055-c3f5-47df-b30f-76e8836f4c59: receive RaftClientReply:client-23C834B07313->edccc055-c3f5-47df-b30f-76e8836f4c59@group-ED32739C8BBB, cid=1732, SUCCESS, logIndex=2508, commits[edccc055-c3f5-47df-b30f-76e8836f4c59:c2509, f9704f82-adf1-457c-ad29-9b573bc67fa6:c2505, 932806d8-5f5d-4457-8f95-c9b7f9036eae:c2505]
2019-08-07 03:27:18,086 INFO  client.GrpcClientProtocolClient (GrpcClientProtocolClient.java:onNext(255)) - client-23C834B07313->edccc055-c3f5-47df-b30f-76e8836f4c59: receive RaftClientReply:client-23C834B07313->edccc055-c3f5-47df-b30f-76e8836f4c59@group-ED32739C8BBB, cid=1733, SUCCESS, logIndex=2509, commits[edccc055-c3f5-47df-b30f-76e8836f4c59:c2509, f9704f82-adf1-457c-ad29-9b573bc67fa6:c2505, 932806d8-5f5d-4457-8f95-c9b7f9036eae:c2505]
2019-08-07 03:27:18,098 INFO  client.GrpcClientProtocolClient (GrpcClientProtocolClient.java:onNext(255)) - client-23C834B07313->edccc055-c3f5-47df-b30f-76e8836f4c59: receive RaftClientReply:client-23C834B07313->edccc055-c3f5-47df-b30f-76e8836f4c59@group-ED32739C8BBB, cid=1734, SUCCESS, logIndex=0, commits[edccc055-c3f5-47df-b30f-76e8836f4c59:c2511, f9704f82-adf1-457c-ad29-9b573bc67fa6:c2507, 932806d8-5f5d-4457-8f95-c9b7f9036eae:c2507]
2019-08-07 03:27:18,118 INFO  client.GrpcClientProtocolClient (GrpcClientProtocolClient.java:onNext(255)) - client-23C834B07313->edccc055-c3f5-47df-b30f-76e8836f4c59: receive RaftClientReply:client-23C834B07313->edccc055-c3f5-47df-b30f-76e8836f4c59@group-ED32739C8BBB, cid=1735, SUCCESS, logIndex=2514, commits[edccc055-c3f5-47df-b30f-76e8836f4c59:c2515, f9704f82-adf1-457c-ad29-9b573bc67fa6:c2513, 932806d8-5f5d-4457-8f95-c9b7f9036eae:c2509]
2019-08-07 03:27:18,118 INFO  client.GrpcClientProtocolClient (GrpcClientProtocolClient.java:onNext(255)) - client-23C834B07313->edccc055-c3f5-47df-b30f-76e8836f4c59: receive RaftClientReply:client-23C834B07313->edccc055-c3f5-47df-b30f-76e8836f4c59@group-ED32739C8BBB, cid=1736, SUCCESS, logIndex=2515, commits[edccc055-c3f5-47df-b30f-76e8836f4c59:c2515, f9704f82-adf1-457c-ad29-9b573bc67fa6:c2513, 932806d8-5f5d-4457-8f95-c9b7f9036eae:c2513]
2019-08-07 03:27:18,132 INFO  client.GrpcClientProtocolClient (GrpcClientProtocolClient.java:onNext(255)) - client-23C834B07313->edccc055-c3f5-47df-b30f-76e8836f4c59: receive RaftClientReply:client-23C834B07313->edccc055-c3f5-47df-b30f-76e8836f4c59@group-ED32739C8BBB, cid=1737, SUCCESS, logIndex=2518, commits[edccc055-c3f5-47df-b30f-76e8836f4c59:c2519, f9704f82-adf1-457c-ad29-9b573bc67fa6:c2515, 932806d8-5f5d-4457-8f95-c9b7f9036eae:c2515]
2019-08-07 03:27:18,133 INFO  client.GrpcClientProtocolClient (GrpcClientProtocolClient.java:onNext(255)) - client-23C834B07313->edccc055-c3f5-47df-b30f-76e8836f4c59: receive RaftClientReply:client-23C834B07313->edccc055-c3f5-47df-b30f-76e8836f4c59@group-ED32739C8BBB, cid=1738, SUCCESS, logIndex=2519, commits[edccc055-c3f5-47df-b30f-76e8836f4c59:c2519, f9704f82-adf1-457c-ad29-9b573bc67fa6:c2515, 932806d8-5f5d-4457-8f95-c9b7f9036eae:c2515]
2019-08-07 03:27:18,144 INFO  client.GrpcClientProtocolClient (GrpcClientProtocolClient.java:onNext(255)) - client-23C834B07313->edccc055-c3f5-47df-b30f-76e8836f4c59: receive RaftClientReply:client-23C834B07313->edccc055-c3f5-47df-b30f-76e8836f4c59@group-ED32739C8BBB, cid=1739, SUCCESS, logIndex=0, commits[edccc055-c3f5-47df-b30f-76e8836f4c59:c2520, f9704f82-adf1-457c-ad29-9b573bc67fa6:c2519, 932806d8-5f5d-4457-8f95-c9b7f9036eae:c2519]
2019-08-07 03:27:18,172 INFO  client.GrpcClientProtocolClient (GrpcClientProtocolClient.java:onNext(255)) - client-23C834B07313->edccc055-c3f5-47df-b30f-76e8836f4c59: receive RaftClientReply:client-23C834B07313->edccc055-c3f5-47df-b30f-76e8836f4c59@group-ED32739C8BBB, cid=1740, SUCCESS, logIndex=2522, commits[edccc055-c3f5-47df-b30f-76e8836f4c59:c2523, f9704f82-adf1-457c-ad29-9b573bc67fa6:c2521, 932806d8-5f5d-4457-8f95-c9b7f9036eae:c2521]
2019-08-07 03:27:18,173 INFO  client.GrpcClientProtocolClient (GrpcClientProtocolClient.java:onNext(255)) - client-23C834B07313->edccc055-c3f5-47df-b30f-76e8836f4c59: receive RaftClientReply:client-23C834B07313->edccc055-c3f5-47df-b30f-76e8836f4c59@group-ED32739C8BBB, cid=1741, SUCCESS, logIndex=2523, commits[edccc055-c3f5-47df-b30f-76e8836f4c59:c2523, f9704f82-adf1-457c-ad29-9b573bc67fa6:c2521, 932806d8-5f5d-4457-8f95-c9b7f9036eae:c2521]
2019-08-07 03:27:18,186 INFO  client.GrpcClientProtocolClient (GrpcClientProtocolClient.java:onNext(255)) - client-23C834B07313->edccc055-c3f5-47df-b30f-76e8836f4c59: receive RaftClientReply:client-23C834B07313->edccc055-c3f5-47df-b30f-76e8836f4c59@group-ED32739C8BBB, cid=1742, SUCCESS, logIndex=2524, commits[edccc055-c3f5-47df-b30f-76e8836f4c59:c2525, f9704f82-adf1-457c-ad29-9b573bc67fa6:c2521, 932806d8-5f5d-4457-8f95-c9b7f9036eae:c2521]
2019-08-07 03:27:18,186 INFO  client.GrpcClientProtocolClient (GrpcClientProtocolClient.java:onNext(255)) - client-23C834B07313->edccc055-c3f5-47df-b30f-76e8836f4c59: receive RaftClientReply:client-23C834B07313->edccc055-c3f5-47df-b30f-76e8836f4c59@group-ED32739C8BBB, cid=1743, SUCCESS, logIndex=2525, commits[edccc055-c3f5-47df-b30f-76e8836f4c59:c2525, f9704f82-adf1-457c-ad29-9b573bc67fa6:c2521, 932806d8-5f5d-4457-8f95-c9b7f9036eae:c2521]
2019-08-07 03:27:18,196 INFO  client.GrpcClientProtocolClient (GrpcClientProtocolClient.java:onNext(255)) - client-23C834B07313->edccc055-c3f5-47df-b30f-76e8836f4c59: receive RaftClientReply:client-23C834B07313->edccc055-c3f5-47df-b30f-76e8836f4c59@group-ED32739C8BBB, cid=1744, SUCCESS, logIndex=0, commits[edccc055-c3f5-47df-b30f-76e8836f4c59:c2526, f9704f82-adf1-457c-ad29-9b573bc67fa6:c2523, 932806d8-5f5d-4457-8f95-c9b7f9036eae:c2523]
2019-08-07 03:27:18,212 INFO  client.GrpcClientProtocolClient (GrpcClientProtocolClient.java:onNext(255)) - client-23C834B07313->edccc055-c3f5-47df-b30f-76e8836f4c59: receive RaftClientReply:client-23C834B07313->edccc055-c3f5-47df-b30f-76e8836f4c59@group-ED32739C8BBB, cid=1745, SUCCESS, logIndex=2530, commits[edccc055-c3f5-47df-b30f-76e8836f4c59:c2531, f9704f82-adf1-457c-ad29-9b573bc67fa6:c2529, 932806d8-5f5d-4457-8f95-c9b7f9036eae:c2525]
2019-08-07 03:27:18,212 INFO  client.GrpcClientProtocolClient (GrpcClientProtocolClient.java:onNext(255)) - client-23C834B07313->edccc055-c3f5-47df-b30f-76e8836f4c59: receive RaftClientReply:client-23C834B07313->edccc055-c3f5-47df-b30f-76e8836f4c59@group-ED32739C8BBB, cid=1746, SUCCESS, logIndex=2531, commits[edccc055-c3f5-47df-b30f-76e8836f4c59:c2531, f9704f82-adf1-457c-ad29-9b573bc67fa6:c2529, 932806d8-5f5d-4457-8f95-c9b7f9036eae:c2525]
2019-08-07 03:27:18,238 INFO  client.GrpcClientProtocolClient (GrpcClientProtocolClient.java:onNext(255)) - client-23C834B07313->edccc055-c3f5-47df-b30f-76e8836f4c59: receive RaftClientReply:client-23C834B07313->edccc055-c3f5-47df-b30f-76e8836f4c59@group-ED32739C8BBB, cid=1747, SUCCESS, logIndex=2534, commits[edccc055-c3f5-47df-b30f-76e8836f4c59:c2535, f9704f82-adf1-457c-ad29-9b573bc67fa6:c2531, 932806d8-5f5d-4457-8f95-c9b7f9036eae:c2531]
2019-08-07 03:27:18,238 INFO  client.GrpcClientProtocolClient (GrpcClientProtocolClient.java:onNext(255)) - client-23C834B07313->edccc055-c3f5-47df-b30f-76e8836f4c59: receive RaftClientReply:client-23C834B07313->edccc055-c3f5-47df-b30f-76e8836f4c59@group-ED32739C8BBB, cid=1748, SUCCESS, logIndex=2535, commits[edccc055-c3f5-47df-b30f-76e8836f4c59:c2535, f9704f82-adf1-457c-ad29-9b573bc67fa6:c2531, 932806d8-5f5d-4457-8f95-c9b7f9036eae:c2531]
2019-08-07 03:27:18,241 INFO  client.GrpcClientProtocolClient (GrpcClientProtocolClient.java:onNext(255)) - client-23C834B07313->edccc055-c3f5-47df-b30f-76e8836f4c59: receive RaftClientReply:client-23C834B07313->edccc055-c3f5-47df-b30f-76e8836f4c59@group-ED32739C8BBB, cid=1749, SUCCESS, logIndex=0, commits[edccc055-c3f5-47df-b30f-76e8836f4c59:c2536, f9704f82-adf1-457c-ad29-9b573bc67fa6:c2535, 932806d8-5f5d-4457-8f95-c9b7f9036eae:c2535]
 0.00% |█                                                                                                    |  0/1 Time: 0:00:142019-08-07 03:27:18,363 INFO  client.GrpcClientProtocolClient (GrpcClientProtocolClient.java:onNext(255)) - client-23C834B07313->edccc055-c3f5-47df-b30f-76e8836f4c59: receive RaftClientReply:client-23C834B07313->edccc055-c3f5-47df-b30f-76e8836f4c59@group-ED32739C8BBB, cid=1750, SUCCESS, logIndex=2537, commits[edccc055-c3f5-47df-b30f-76e8836f4c59:c2539, f9704f82-adf1-457c-ad29-9b573bc67fa6:c2536, 932806d8-5f5d-4457-8f95-c9b7f9036eae:c2536]
2019-08-07 03:27:18,364 INFO  client.GrpcClientProtocolClient (GrpcClientProtocolClient.java:onNext(255)) - client-23C834B07313->edccc055-c3f5-47df-b30f-76e8836f4c59: receive RaftClientReply:client-23C834B07313->edccc055-c3f5-47df-b30f-76e8836f4c59@group-ED32739C8BBB, cid=1751, SUCCESS, logIndex=2538, commits[edccc055-c3f5-47df-b30f-76e8836f4c59:c2540, f9704f82-adf1-457c-ad29-9b573bc67fa6:c2536, 932806d8-5f5d-4457-8f95-c9b7f9036eae:c2536]
2019-08-07 03:27:18,364 INFO  client.GrpcClientProtocolClient (GrpcClientProtocolClient.java:onNext(255)) - client-23C834B07313->edccc055-c3f5-47df-b30f-76e8836f4c59: receive RaftClientReply:client-23C834B07313->edccc055-c3f5-47df-b30f-76e8836f4c59@group-ED32739C8BBB, cid=1752, SUCCESS, logIndex=2539, commits[edccc055-c3f5-47df-b30f-76e8836f4c59:c2540, f9704f82-adf1-457c-ad29-9b573bc67fa6:c2536, 932806d8-5f5d-4457-8f95-c9b7f9036eae:c2536]
2019-08-07 03:27:18,364 INFO  client.GrpcClientProtocolClient (GrpcClientProtocolClient.java:onNext(255)) - client-23C834B07313->edccc055-c3f5-47df-b30f-76e8836f4c59: receive RaftClientReply:client-23C834B07313->edccc055-c3f5-47df-b30f-76e8836f4c59@group-ED32739C8BBB, cid=1753, SUCCESS, logIndex=2540, commits[edccc055-c3f5-47df-b30f-76e8836f4c59:c2540, f9704f82-adf1-457c-ad29-9b573bc67fa6:c2536, 932806d8-5f5d-4457-8f95-c9b7f9036eae:c2536]
2019-08-07 03:27:18,379 INFO  client.GrpcClientProtocolClient (GrpcClientProtocolClient.java:onNext(255)) - client-23C834B07313->edccc055-c3f5-47df-b30f-76e8836f4c59: receive RaftClientReply:client-23C834B07313->edccc055-c3f5-47df-b30f-76e8836f4c59@group-ED32739C8BBB, cid=1754, SUCCESS, logIndex=0, commits[edccc055-c3f5-47df-b30f-76e8836f4c59:c2542, f9704f82-adf1-457c-ad29-9b573bc67fa6:c2538, 932806d8-5f5d-4457-8f95-c9b7f9036eae:c2538]
2019-08-07 03:27:18,400 INFO  client.GrpcClientProtocolClient (GrpcClientProtocolClient.java:onNext(255)) - client-23C834B07313->edccc055-c3f5-47df-b30f-76e8836f4c59: receive RaftClientReply:client-23C834B07313->edccc055-c3f5-47df-b30f-76e8836f4c59@group-ED32739C8BBB, cid=1755, SUCCESS, logIndex=2545, commits[edccc055-c3f5-47df-b30f-76e8836f4c59:c2546, f9704f82-adf1-457c-ad29-9b573bc67fa6:c2544, 932806d8-5f5d-4457-8f95-c9b7f9036eae:c2544]
2019-08-07 03:27:18,400 INFO  client.GrpcClientProtocolClient (GrpcClientProtocolClient.java:onNext(255)) - client-23C834B07313->edccc055-c3f5-47df-b30f-76e8836f4c59: receive RaftClientReply:client-23C834B07313->edccc055-c3f5-47df-b30f-76e8836f4c59@group-ED32739C8BBB, cid=1756, SUCCESS, logIndex=2546, commits[edccc055-c3f5-47df-b30f-76e8836f4c59:c2546, f9704f82-adf1-457c-ad29-9b573bc67fa6:c2544, 932806d8-5f5d-4457-8f95-c9b7f9036eae:c2544]
2019-08-07 03:27:18,413 INFO  client.GrpcClientProtocolClient (GrpcClientProtocolClient.java:onNext(255)) - client-23C834B07313->edccc055-c3f5-47df-b30f-76e8836f4c59: receive RaftClientReply:client-23C834B07313->edccc055-c3f5-47df-b30f-76e8836f4c59@group-ED32739C8BBB, cid=1757, SUCCESS, logIndex=2549, commits[edccc055-c3f5-47df-b30f-76e8836f4c59:c2550, f9704f82-adf1-457c-ad29-9b573bc67fa6:c2546, 932806d8-5f5d-4457-8f95-c9b7f9036eae:c2546]
2019-08-07 03:27:18,414 INFO  client.GrpcClientProtocolClient (GrpcClientProtocolClient.java:onNext(255)) - client-23C834B07313->edccc055-c3f5-47df-b30f-76e8836f4c59: receive RaftClientReply:client-23C834B07313->edccc055-c3f5-47df-b30f-76e8836f4c59@group-ED32739C8BBB, cid=1758, SUCCESS, logIndex=2550, commits[edccc055-c3f5-47df-b30f-76e8836f4c59:c2550, f9704f82-adf1-457c-ad29-9b573bc67fa6:c2546, 932806d8-5f5d-4457-8f95-c9b7f9036eae:c2546]
2019-08-07 03:27:18,428 INFO  client.GrpcClientProtocolClient (GrpcClientProtocolClient.java:onNext(255)) - client-23C834B07313->edccc055-c3f5-47df-b30f-76e8836f4c59: receive RaftClientReply:client-23C834B07313->edccc055-c3f5-47df-b30f-76e8836f4c59@group-ED32739C8BBB, cid=1759, SUCCESS, logIndex=0, commits[edccc055-c3f5-47df-b30f-76e8836f4c59:c2551, f9704f82-adf1-457c-ad29-9b573bc67fa6:c2550, 932806d8-5f5d-4457-8f95-c9b7f9036eae:c2550]
2019-08-07 03:27:18,458 INFO  client.GrpcClientProtocolClient (GrpcClientProtocolClient.java:onNext(255)) - client-23C834B07313->edccc055-c3f5-47df-b30f-76e8836f4c59: receive RaftClientReply:client-23C834B07313->edccc055-c3f5-47df-b30f-76e8836f4c59@group-ED32739C8BBB, cid=1760, SUCCESS, logIndex=2553, commits[edccc055-c3f5-47df-b30f-76e8836f4c59:c2554, f9704f82-adf1-457c-ad29-9b573bc67fa6:c2552, 932806d8-5f5d-4457-8f95-c9b7f9036eae:c2552]
2019-08-07 03:27:18,459 INFO  client.GrpcClientProtocolClient (GrpcClientProtocolClient.java:onNext(255)) - client-23C834B07313->edccc055-c3f5-47df-b30f-76e8836f4c59: receive RaftClientReply:client-23C834B07313->edccc055-c3f5-47df-b30f-76e8836f4c59@group-ED32739C8BBB, cid=1761, SUCCESS, logIndex=2554, commits[edccc055-c3f5-47df-b30f-76e8836f4c59:c2554, f9704f82-adf1-457c-ad29-9b573bc67fa6:c2552, 932806d8-5f5d-4457-8f95-c9b7f9036eae:c2552]
2019-08-07 03:27:18,471 INFO  client.GrpcClientProtocolClient (GrpcClientProtocolClient.java:onNext(255)) - client-23C834B07313->edccc055-c3f5-47df-b30f-76e8836f4c59: receive RaftClientReply:client-23C834B07313->edccc055-c3f5-47df-b30f-76e8836f4c59@group-ED32739C8BBB, cid=1762, SUCCESS, logIndex=2555, commits[edccc055-c3f5-47df-b30f-76e8836f4c59:c2556, f9704f82-adf1-457c-ad29-9b573bc67fa6:c2552, 932806d8-5f5d-4457-8f95-c9b7f9036eae:c2552]
2019-08-07 03:27:18,471 INFO  client.GrpcClientProtocolClient (GrpcClientProtocolClient.java:onNext(255)) - client-23C834B07313->edccc055-c3f5-47df-b30f-76e8836f4c59: receive RaftClientReply:client-23C834B07313->edccc055-c3f5-47df-b30f-76e8836f4c59@group-ED32739C8BBB, cid=1763, SUCCESS, logIndex=2556, commits[edccc055-c3f5-47df-b30f-76e8836f4c59:c2556, f9704f82-adf1-457c-ad29-9b573bc67fa6:c2552, 932806d8-5f5d-4457-8f95-c9b7f9036eae:c2552]
2019-08-07 03:27:18,484 INFO  client.GrpcClientProtocolClient (GrpcClientProtocolClient.java:onNext(255)) - client-23C834B07313->edccc055-c3f5-47df-b30f-76e8836f4c59: receive RaftClientReply:client-23C834B07313->edccc055-c3f5-47df-b30f-76e8836f4c59@group-ED32739C8BBB, cid=1764, SUCCESS, logIndex=0, commits[edccc055-c3f5-47df-b30f-76e8836f4c59:c2558, f9704f82-adf1-457c-ad29-9b573bc67fa6:c2554, 932806d8-5f5d-4457-8f95-c9b7f9036eae:c2554]
2019-08-07 03:27:18,510 INFO  client.GrpcClientProtocolClient (GrpcClientProtocolClient.java:onNext(255)) - client-23C834B07313->edccc055-c3f5-47df-b30f-76e8836f4c59: receive RaftClientReply:client-23C834B07313->edccc055-c3f5-47df-b30f-76e8836f4c59@group-ED32739C8BBB, cid=1765, SUCCESS, logIndex=2561, commits[edccc055-c3f5-47df-b30f-76e8836f4c59:c2562, f9704f82-adf1-457c-ad29-9b573bc67fa6:c2558, 932806d8-5f5d-4457-8f95-c9b7f9036eae:c2558]
2019-08-07 03:27:18,510 INFO  client.GrpcClientProtocolClient (GrpcClientProtocolClient.java:onNext(255)) - client-23C834B07313->edccc055-c3f5-47df-b30f-76e8836f4c59: receive RaftClientReply:client-23C834B07313->edccc055-c3f5-47df-b30f-76e8836f4c59@group-ED32739C8BBB, cid=1766, SUCCESS, logIndex=2562, commits[edccc055-c3f5-47df-b30f-76e8836f4c59:c2562, f9704f82-adf1-457c-ad29-9b573bc67fa6:c2558, 932806d8-5f5d-4457-8f95-c9b7f9036eae:c2558]
2019-08-07 03:27:18,522 INFO  client.GrpcClientProtocolClient (GrpcClientProtocolClient.java:onNext(255)) - client-23C834B07313->edccc055-c3f5-47df-b30f-76e8836f4c59: receive RaftClientReply:client-23C834B07313->edccc055-c3f5-47df-b30f-76e8836f4c59@group-ED32739C8BBB, cid=1767, SUCCESS, logIndex=2565, commits[edccc055-c3f5-47df-b30f-76e8836f4c59:c2566, f9704f82-adf1-457c-ad29-9b573bc67fa6:c2563, 932806d8-5f5d-4457-8f95-c9b7f9036eae:c2562]
2019-08-07 03:27:18,523 INFO  client.GrpcClientProtocolClient (GrpcClientProtocolClient.java:onNext(255)) - client-23C834B07313->edccc055-c3f5-47df-b30f-76e8836f4c59: receive RaftClientReply:client-23C834B07313->edccc055-c3f5-47df-b30f-76e8836f4c59@group-ED32739C8BBB, cid=1768, SUCCESS, logIndex=2566, commits[edccc055-c3f5-47df-b30f-76e8836f4c59:c2566, f9704f82-adf1-457c-ad29-9b573bc67fa6:c2563, 932806d8-5f5d-4457-8f95-c9b7f9036eae:c2563]
2019-08-07 03:27:18,525 INFO  client.GrpcClientProtocolClient (GrpcClientProtocolClient.java:onNext(255)) - client-23C834B07313->edccc055-c3f5-47df-b30f-76e8836f4c59: receive RaftClientReply:client-23C834B07313->edccc055-c3f5-47df-b30f-76e8836f4c59@group-ED32739C8BBB, cid=1769, SUCCESS, logIndex=0, commits[edccc055-c3f5-47df-b30f-76e8836f4c59:c2568, f9704f82-adf1-457c-ad29-9b573bc67fa6:c2566, 932806d8-5f5d-4457-8f95-c9b7f9036eae:c2566]
2019-08-07 03:27:18,545 INFO  client.GrpcClientProtocolClient (GrpcClientProtocolClient.java:onNext(255)) - client-23C834B07313->edccc055-c3f5-47df-b30f-76e8836f4c59: receive RaftClientReply:client-23C834B07313->edccc055-c3f5-47df-b30f-76e8836f4c59@group-ED32739C8BBB, cid=1770, SUCCESS, logIndex=2569, commits[edccc055-c3f5-47df-b30f-76e8836f4c59:c2570, f9704f82-adf1-457c-ad29-9b573bc67fa6:c2568, 932806d8-5f5d-4457-8f95-c9b7f9036eae:c2568]
2019-08-07 03:27:18,546 INFO  client.GrpcClientProtocolClient (GrpcClientProtocolClient.java:onNext(255)) - client-23C834B07313->edccc055-c3f5-47df-b30f-76e8836f4c59: receive RaftClientReply:client-23C834B07313->edccc055-c3f5-47df-b30f-76e8836f4c59@group-ED32739C8BBB, cid=1771, SUCCESS, logIndex=2570, commits[edccc055-c3f5-47df-b30f-76e8836f4c59:c2570, f9704f82-adf1-457c-ad29-9b573bc67fa6:c2568, 932806d8-5f5d-4457-8f95-c9b7f9036eae:c2568]
2019-08-07 03:27:18,547 INFO  client.GrpcClientProtocolClient (GrpcClientProtocolClient.java:onNext(255)) - client-23C834B07313->edccc055-c3f5-47df-b30f-76e8836f4c59: receive RaftClientReply:client-23C834B07313->edccc055-c3f5-47df-b30f-76e8836f4c59@group-ED32739C8BBB, cid=1772, SUCCESS, logIndex=2571, commits[edccc055-c3f5-47df-b30f-76e8836f4c59:c2571, f9704f82-adf1-457c-ad29-9b573bc67fa6:c2568, 932806d8-5f5d-4457-8f95-c9b7f9036eae:c2568]
2019-08-07 03:27:18,548 INFO  client.GrpcClientProtocolClient (GrpcClientProtocolClient.java:onNext(255)) - client-23C834B07313->edccc055-c3f5-47df-b30f-76e8836f4c59: receive RaftClientReply:client-23C834B07313->edccc055-c3f5-47df-b30f-76e8836f4c59@group-ED32739C8BBB, cid=1773, SUCCESS, logIndex=2572, commits[edccc055-c3f5-47df-b30f-76e8836f4c59:c2572, f9704f82-adf1-457c-ad29-9b573bc67fa6:c2568, 932806d8-5f5d-4457-8f95-c9b7f9036eae:c2568]
2019-08-07 03:27:18,550 INFO  client.GrpcClientProtocolClient (GrpcClientProtocolClient.java:onNext(255)) - client-23C834B07313->edccc055-c3f5-47df-b30f-76e8836f4c59: receive RaftClientReply:client-23C834B07313->edccc055-c3f5-47df-b30f-76e8836f4c59@group-ED32739C8BBB, cid=1774, SUCCESS, logIndex=0, commits[edccc055-c3f5-47df-b30f-76e8836f4c59:c2574, f9704f82-adf1-457c-ad29-9b573bc67fa6:c2570, 932806d8-5f5d-4457-8f95-c9b7f9036eae:c2570]
2019-08-07 03:27:18,562 INFO  client.GrpcClientProtocolClient (GrpcClientProtocolClient.java:onNext(255)) - client-23C834B07313->edccc055-c3f5-47df-b30f-76e8836f4c59: receive RaftClientReply:client-23C834B07313->edccc055-c3f5-47df-b30f-76e8836f4c59@group-ED32739C8BBB, cid=1775, SUCCESS, logIndex=2577, commits[edccc055-c3f5-47df-b30f-76e8836f4c59:c2578, f9704f82-adf1-457c-ad29-9b573bc67fa6:c2576, 932806d8-5f5d-4457-8f95-c9b7f9036eae:c2572]
2019-08-07 03:27:18,563 INFO  client.GrpcClientProtocolClient (GrpcClientProtocolClient.java:onNext(255)) - client-23C834B07313->edccc055-c3f5-47df-b30f-76e8836f4c59: receive RaftClientReply:client-23C834B07313->edccc055-c3f5-47df-b30f-76e8836f4c59@group-ED32739C8BBB, cid=1776, SUCCESS, logIndex=2578, commits[edccc055-c3f5-47df-b30f-76e8836f4c59:c2578, f9704f82-adf1-457c-ad29-9b573bc67fa6:c2576, 932806d8-5f5d-4457-8f95-c9b7f9036eae:c2576]
2019-08-07 03:27:18,593 INFO  client.GrpcClientProtocolClient (GrpcClientProtocolClient.java:onNext(255)) - client-23C834B07313->edccc055-c3f5-47df-b30f-76e8836f4c59: receive RaftClientReply:client-23C834B07313->edccc055-c3f5-47df-b30f-76e8836f4c59@group-ED32739C8BBB, cid=1777, SUCCESS, logIndex=2581, commits[edccc055-c3f5-47df-b30f-76e8836f4c59:c2582, f9704f82-adf1-457c-ad29-9b573bc67fa6:c2579, 932806d8-5f5d-4457-8f95-c9b7f9036eae:c2579]
2019-08-07 03:27:18,594 INFO  client.GrpcClientProtocolClient (GrpcClientProtocolClient.java:onNext(255)) - client-23C834B07313->edccc055-c3f5-47df-b30f-76e8836f4c59: receive RaftClientReply:client-23C834B07313->edccc055-c3f5-47df-b30f-76e8836f4c59@group-ED32739C8BBB, cid=1778, SUCCESS, logIndex=2582, commits[edccc055-c3f5-47df-b30f-76e8836f4c59:c2582, f9704f82-adf1-457c-ad29-9b573bc67fa6:c2579, 932806d8-5f5d-4457-8f95-c9b7f9036eae:c2579]
2019-08-07 03:27:18,608 INFO  client.GrpcClientProtocolClient (GrpcClientProtocolClient.java:onNext(255)) - client-23C834B07313->edccc055-c3f5-47df-b30f-76e8836f4c59: receive RaftClientReply:client-23C834B07313->edccc055-c3f5-47df-b30f-76e8836f4c59@group-ED32739C8BBB, cid=1779, SUCCESS, logIndex=0, commits[edccc055-c3f5-47df-b30f-76e8836f4c59:c2584, f9704f82-adf1-457c-ad29-9b573bc67fa6:c2582, 932806d8-5f5d-4457-8f95-c9b7f9036eae:c2582]
2019-08-07 03:27:18,638 INFO  client.GrpcClientProtocolClient (GrpcClientProtocolClient.java:onNext(255)) - client-23C834B07313->edccc055-c3f5-47df-b30f-76e8836f4c59: receive RaftClientReply:client-23C834B07313->edccc055-c3f5-47df-b30f-76e8836f4c59@group-ED32739C8BBB, cid=1780, SUCCESS, logIndex=2585, commits[edccc055-c3f5-47df-b30f-76e8836f4c59:c2587, f9704f82-adf1-457c-ad29-9b573bc67fa6:c2584, 932806d8-5f5d-4457-8f95-c9b7f9036eae:c2584]
2019-08-07 03:27:18,639 INFO  client.GrpcClientProtocolClient (GrpcClientProtocolClient.java:onNext(255)) - client-23C834B07313->edccc055-c3f5-47df-b30f-76e8836f4c59: receive RaftClientReply:client-23C834B07313->edccc055-c3f5-47df-b30f-76e8836f4c59@group-ED32739C8BBB, cid=1781, SUCCESS, logIndex=2586, commits[edccc055-c3f5-47df-b30f-76e8836f4c59:c2588, f9704f82-adf1-457c-ad29-9b573bc67fa6:c2584, 932806d8-5f5d-4457-8f95-c9b7f9036eae:c2584]
2019-08-07 03:27:18,639 INFO  client.GrpcClientProtocolClient (GrpcClientProtocolClient.java:onNext(255)) - client-23C834B07313->edccc055-c3f5-47df-b30f-76e8836f4c59: receive RaftClientReply:client-23C834B07313->edccc055-c3f5-47df-b30f-76e8836f4c59@group-ED32739C8BBB, cid=1782, SUCCESS, logIndex=2587, commits[edccc055-c3f5-47df-b30f-76e8836f4c59:c2588, f9704f82-adf1-457c-ad29-9b573bc67fa6:c2584, 932806d8-5f5d-4457-8f95-c9b7f9036eae:c2584]
2019-08-07 03:27:18,639 INFO  client.GrpcClientProtocolClient (GrpcClientProtocolClient.java:onNext(255)) - client-23C834B07313->edccc055-c3f5-47df-b30f-76e8836f4c59: receive RaftClientReply:client-23C834B07313->edccc055-c3f5-47df-b30f-76e8836f4c59@group-ED32739C8BBB, cid=1783, SUCCESS, logIndex=2588, commits[edccc055-c3f5-47df-b30f-76e8836f4c59:c2588, f9704f82-adf1-457c-ad29-9b573bc67fa6:c2584, 932806d8-5f5d-4457-8f95-c9b7f9036eae:c2584]
2019-08-07 03:27:18,652 INFO  client.GrpcClientProtocolClient (GrpcClientProtocolClient.java:onNext(255)) - client-23C834B07313->edccc055-c3f5-47df-b30f-76e8836f4c59: receive RaftClientReply:client-23C834B07313->edccc055-c3f5-47df-b30f-76e8836f4c59@group-ED32739C8BBB, cid=1784, SUCCESS, logIndex=0, commits[edccc055-c3f5-47df-b30f-76e8836f4c59:c2592, f9704f82-adf1-457c-ad29-9b573bc67fa6:c2588, 932806d8-5f5d-4457-8f95-c9b7f9036eae:c2586]
2019-08-07 03:27:18,671 INFO  client.GrpcClientProtocolClient (GrpcClientProtocolClient.java:onNext(255)) - client-23C834B07313->edccc055-c3f5-47df-b30f-76e8836f4c59: receive RaftClientReply:client-23C834B07313->edccc055-c3f5-47df-b30f-76e8836f4c59@group-ED32739C8BBB, cid=1785, SUCCESS, logIndex=2593, commits[edccc055-c3f5-47df-b30f-76e8836f4c59:c2594, f9704f82-adf1-457c-ad29-9b573bc67fa6:c2592, 932806d8-5f5d-4457-8f95-c9b7f9036eae:c2592]
2019-08-07 03:27:18,672 INFO  client.GrpcClientProtocolClient (GrpcClientProtocolClient.java:onNext(255)) - client-23C834B07313->edccc055-c3f5-47df-b30f-76e8836f4c59: receive RaftClientReply:client-23C834B07313->edccc055-c3f5-47df-b30f-76e8836f4c59@group-ED32739C8BBB, cid=1786, SUCCESS, logIndex=2594, commits[edccc055-c3f5-47df-b30f-76e8836f4c59:c2594, f9704f82-adf1-457c-ad29-9b573bc67fa6:c2592, 932806d8-5f5d-4457-8f95-c9b7f9036eae:c2592]
2019-08-07 03:27:18,723 INFO  client.GrpcClientProtocolClient (GrpcClientProtocolClient.java:onNext(255)) - client-23C834B07313->edccc055-c3f5-47df-b30f-76e8836f4c59: receive RaftClientReply:client-23C834B07313->edccc055-c3f5-47df-b30f-76e8836f4c59@group-ED32739C8BBB, cid=1787, SUCCESS, logIndex=2597, commits[edccc055-c3f5-47df-b30f-76e8836f4c59:c2597, f9704f82-adf1-457c-ad29-9b573bc67fa6:c2594, 932806d8-5f5d-4457-8f95-c9b7f9036eae:c2594]
2019-08-07 03:27:18,723 INFO  client.GrpcClientProtocolClient (GrpcClientProtocolClient.java:onNext(255)) - client-23C834B07313->edccc055-c3f5-47df-b30f-76e8836f4c59: receive RaftClientReply:client-23C834B07313->edccc055-c3f5-47df-b30f-76e8836f4c59@group-ED32739C8BBB, cid=1788, SUCCESS, logIndex=2598, commits[edccc055-c3f5-47df-b30f-76e8836f4c59:c2598, f9704f82-adf1-457c-ad29-9b573bc67fa6:c2594, 932806d8-5f5d-4457-8f95-c9b7f9036eae:c2594]
2019-08-07 03:27:18,729 INFO  client.GrpcClientProtocolClient (GrpcClientProtocolClient.java:onNext(255)) - client-23C834B07313->edccc055-c3f5-47df-b30f-76e8836f4c59: receive RaftClientReply:client-23C834B07313->edccc055-c3f5-47df-b30f-76e8836f4c59@group-ED32739C8BBB, cid=1789, SUCCESS, logIndex=0, commits[edccc055-c3f5-47df-b30f-76e8836f4c59:c2600, f9704f82-adf1-457c-ad29-9b573bc67fa6:c2598, 932806d8-5f5d-4457-8f95-c9b7f9036eae:c2598]
2019-08-07 03:27:18,747 INFO  client.GrpcClientProtocolClient (GrpcClientProtocolClient.java:onNext(255)) - client-23C834B07313->edccc055-c3f5-47df-b30f-76e8836f4c59: receive RaftClientReply:client-23C834B07313->edccc055-c3f5-47df-b30f-76e8836f4c59@group-ED32739C8BBB, cid=1790, SUCCESS, logIndex=2601, commits[edccc055-c3f5-47df-b30f-76e8836f4c59:c2602, f9704f82-adf1-457c-ad29-9b573bc67fa6:c2598, 932806d8-5f5d-4457-8f95-c9b7f9036eae:c2600]
2019-08-07 03:27:18,748 INFO  client.GrpcClientProtocolClient (GrpcClientProtocolClient.java:onNext(255)) - client-23C834B07313->edccc055-c3f5-47df-b30f-76e8836f4c59: receive RaftClientReply:client-23C834B07313->edccc055-c3f5-47df-b30f-76e8836f4c59@group-ED32739C8BBB, cid=1791, SUCCESS, logIndex=2602, commits[edccc055-c3f5-47df-b30f-76e8836f4c59:c2602, f9704f82-adf1-457c-ad29-9b573bc67fa6:c2598, 932806d8-5f5d-4457-8f95-c9b7f9036eae:c2600]
2019-08-07 03:27:18,751 INFO  client.GrpcClientProtocolClient (GrpcClientProtocolClient.java:onNext(255)) - client-23C834B07313->edccc055-c3f5-47df-b30f-76e8836f4c59: receive RaftClientReply:client-23C834B07313->edccc055-c3f5-47df-b30f-76e8836f4c59@group-ED32739C8BBB, cid=1792, SUCCESS, logIndex=2603, commits[edccc055-c3f5-47df-b30f-76e8836f4c59:c2604, f9704f82-adf1-457c-ad29-9b573bc67fa6:c2600, 932806d8-5f5d-4457-8f95-c9b7f9036eae:c2602]
2019-08-07 03:27:18,751 INFO  client.GrpcClientProtocolClient (GrpcClientProtocolClient.java:onNext(255)) - client-23C834B07313->edccc055-c3f5-47df-b30f-76e8836f4c59: receive RaftClientReply:client-23C834B07313->edccc055-c3f5-47df-b30f-76e8836f4c59@group-ED32739C8BBB, cid=1793, SUCCESS, logIndex=2604, commits[edccc055-c3f5-47df-b30f-76e8836f4c59:c2604, f9704f82-adf1-457c-ad29-9b573bc67fa6:c2600, 932806d8-5f5d-4457-8f95-c9b7f9036eae:c2602]
2019-08-07 03:27:18,753 INFO  client.GrpcClientProtocolClient (GrpcClientProtocolClient.java:onNext(255)) - client-23C834B07313->edccc055-c3f5-47df-b30f-76e8836f4c59: receive RaftClientReply:client-23C834B07313->edccc055-c3f5-47df-b30f-76e8836f4c59@group-ED32739C8BBB, cid=1794, SUCCESS, logIndex=0, commits[edccc055-c3f5-47df-b30f-76e8836f4c59:c2605, f9704f82-adf1-457c-ad29-9b573bc67fa6:c2602, 932806d8-5f5d-4457-8f95-c9b7f9036eae:c2602]
2019-08-07 03:27:18,763 INFO  client.GrpcClientProtocolClient (GrpcClientProtocolClient.java:onNext(255)) - client-23C834B07313->edccc055-c3f5-47df-b30f-76e8836f4c59: receive RaftClientReply:client-23C834B07313->edccc055-c3f5-47df-b30f-76e8836f4c59@group-ED32739C8BBB, cid=1795, SUCCESS, logIndex=2608, commits[edccc055-c3f5-47df-b30f-76e8836f4c59:c2609, f9704f82-adf1-457c-ad29-9b573bc67fa6:c2607, 932806d8-5f5d-4457-8f95-c9b7f9036eae:c2607]
2019-08-07 03:27:18,764 INFO  client.GrpcClientProtocolClient (GrpcClientProtocolClient.java:onNext(255)) - client-23C834B07313->edccc055-c3f5-47df-b30f-76e8836f4c59: receive RaftClientReply:client-23C834B07313->edccc055-c3f5-47df-b30f-76e8836f4c59@group-ED32739C8BBB, cid=1796, SUCCESS, logIndex=2609, commits[edccc055-c3f5-47df-b30f-76e8836f4c59:c2609, f9704f82-adf1-457c-ad29-9b573bc67fa6:c2607, 932806d8-5f5d-4457-8f95-c9b7f9036eae:c2607]
2019-08-07 03:27:18,774 INFO  client.GrpcClientProtocolClient (GrpcClientProtocolClient.java:onNext(255)) - client-23C834B07313->edccc055-c3f5-47df-b30f-76e8836f4c59: receive RaftClientReply:client-23C834B07313->edccc055-c3f5-47df-b30f-76e8836f4c59@group-ED32739C8BBB, cid=1797, SUCCESS, logIndex=2612, commits[edccc055-c3f5-47df-b30f-76e8836f4c59:c2613, f9704f82-adf1-457c-ad29-9b573bc67fa6:c2609, 932806d8-5f5d-4457-8f95-c9b7f9036eae:c2611]
2019-08-07 03:27:18,774 INFO  client.GrpcClientProtocolClient (GrpcClientProtocolClient.java:onNext(255)) - client-23C834B07313->edccc055-c3f5-47df-b30f-76e8836f4c59: receive RaftClientReply:client-23C834B07313->edccc055-c3f5-47df-b30f-76e8836f4c59@group-ED32739C8BBB, cid=1798, SUCCESS, logIndex=2613, commits[edccc055-c3f5-47df-b30f-76e8836f4c59:c2613, f9704f82-adf1-457c-ad29-9b573bc67fa6:c2609, 932806d8-5f5d-4457-8f95-c9b7f9036eae:c2611]
2019-08-07 03:27:18,778 INFO  client.GrpcClientProtocolClient (GrpcClientProtocolClient.java:onNext(255)) - client-23C834B07313->edccc055-c3f5-47df-b30f-76e8836f4c59: receive RaftClientReply:client-23C834B07313->edccc055-c3f5-47df-b30f-76e8836f4c59@group-ED32739C8BBB, cid=1799, SUCCESS, logIndex=0, commits[edccc055-c3f5-47df-b30f-76e8836f4c59:c2614, f9704f82-adf1-457c-ad29-9b573bc67fa6:c2613, 932806d8-5f5d-4457-8f95-c9b7f9036eae:c2613]
2019-08-07 03:27:18,796 INFO  client.GrpcClientProtocolClient (GrpcClientProtocolClient.java:onNext(255)) - client-23C834B07313->edccc055-c3f5-47df-b30f-76e8836f4c59: receive RaftClientReply:client-23C834B07313->edccc055-c3f5-47df-b30f-76e8836f4c59@group-ED32739C8BBB, cid=1800, SUCCESS, logIndex=2616, commits[edccc055-c3f5-47df-b30f-76e8836f4c59:c2617, f9704f82-adf1-457c-ad29-9b573bc67fa6:c2615, 932806d8-5f5d-4457-8f95-c9b7f9036eae:c2613]
2019-08-07 03:27:18,797 INFO  client.GrpcClientProtocolClient (GrpcClientProtocolClient.java:onNext(255)) - client-23C834B07313->edccc055-c3f5-47df-b30f-76e8836f4c59: receive RaftClientReply:client-23C834B07313->edccc055-c3f5-47df-b30f-76e8836f4c59@group-ED32739C8BBB, cid=1801, SUCCESS, logIndex=2617, commits[edccc055-c3f5-47df-b30f-76e8836f4c59:c2617, f9704f82-adf1-457c-ad29-9b573bc67fa6:c2615, 932806d8-5f5d-4457-8f95-c9b7f9036eae:c2613]
2019-08-07 03:27:18,797 INFO  client.GrpcClientProtocolClient (GrpcClientProtocolClient.java:onNext(255)) - client-23C834B07313->edccc055-c3f5-47df-b30f-76e8836f4c59: receive RaftClientReply:client-23C834B07313->edccc055-c3f5-47df-b30f-76e8836f4c59@group-ED32739C8BBB, cid=1802, SUCCESS, logIndex=2618, commits[edccc055-c3f5-47df-b30f-76e8836f4c59:c2619, f9704f82-adf1-457c-ad29-9b573bc67fa6:c2615, 932806d8-5f5d-4457-8f95-c9b7f9036eae:c2613]
2019-08-07 03:27:18,797 INFO  client.GrpcClientProtocolClient (GrpcClientProtocolClient.java:onNext(255)) - client-23C834B07313->edccc055-c3f5-47df-b30f-76e8836f4c59: receive RaftClientReply:client-23C834B07313->edccc055-c3f5-47df-b30f-76e8836f4c59@group-ED32739C8BBB, cid=1803, SUCCESS, logIndex=2619, commits[edccc055-c3f5-47df-b30f-76e8836f4c59:c2619, f9704f82-adf1-457c-ad29-9b573bc67fa6:c2615, 932806d8-5f5d-4457-8f95-c9b7f9036eae:c2613]
2019-08-07 03:27:18,799 INFO  client.GrpcClientProtocolClient (GrpcClientProtocolClient.java:onNext(255)) - client-23C834B07313->edccc055-c3f5-47df-b30f-76e8836f4c59: receive RaftClientReply:client-23C834B07313->edccc055-c3f5-47df-b30f-76e8836f4c59@group-ED32739C8BBB, cid=1804, SUCCESS, logIndex=0, commits[edccc055-c3f5-47df-b30f-76e8836f4c59:c2622, f9704f82-adf1-457c-ad29-9b573bc67fa6:c2618, 932806d8-5f5d-4457-8f95-c9b7f9036eae:c2617]
2019-08-07 03:27:18,818 INFO  client.GrpcClientProtocolClient (GrpcClientProtocolClient.java:onNext(255)) - client-23C834B07313->edccc055-c3f5-47df-b30f-76e8836f4c59: receive RaftClientReply:client-23C834B07313->edccc055-c3f5-47df-b30f-76e8836f4c59@group-ED32739C8BBB, cid=1805, SUCCESS, logIndex=2624, commits[edccc055-c3f5-47df-b30f-76e8836f4c59:c2625, f9704f82-adf1-457c-ad29-9b573bc67fa6:c2623, 932806d8-5f5d-4457-8f95-c9b7f9036eae:c2623]
2019-08-07 03:27:18,819 INFO  client.GrpcClientProtocolClient (GrpcClientProtocolClient.java:onNext(255)) - client-23C834B07313->edccc055-c3f5-47df-b30f-76e8836f4c59: receive RaftClientReply:client-23C834B07313->edccc055-c3f5-47df-b30f-76e8836f4c59@group-ED32739C8BBB, cid=1806, SUCCESS, logIndex=2625, commits[edccc055-c3f5-47df-b30f-76e8836f4c59:c2625, f9704f82-adf1-457c-ad29-9b573bc67fa6:c2623, 932806d8-5f5d-4457-8f95-c9b7f9036eae:c2623]
2019-08-07 03:27:18,842 INFO  client.GrpcClientProtocolClient (GrpcClientProtocolClient.java:onNext(255)) - client-23C834B07313->edccc055-c3f5-47df-b30f-76e8836f4c59: receive RaftClientReply:client-23C834B07313->edccc055-c3f5-47df-b30f-76e8836f4c59@group-ED32739C8BBB, cid=1807, SUCCESS, logIndex=2628, commits[edccc055-c3f5-47df-b30f-76e8836f4c59:c2629, f9704f82-adf1-457c-ad29-9b573bc67fa6:c2625, 932806d8-5f5d-4457-8f95-c9b7f9036eae:c2625]
2019-08-07 03:27:18,843 INFO  client.GrpcClientProtocolClient (GrpcClientProtocolClient.java:onNext(255)) - client-23C834B07313->edccc055-c3f5-47df-b30f-76e8836f4c59: receive RaftClientReply:client-23C834B07313->edccc055-c3f5-47df-b30f-76e8836f4c59@group-ED32739C8BBB, cid=1808, SUCCESS, logIndex=2629, commits[edccc055-c3f5-47df-b30f-76e8836f4c59:c2629, f9704f82-adf1-457c-ad29-9b573bc67fa6:c2625, 932806d8-5f5d-4457-8f95-c9b7f9036eae:c2625]
2019-08-07 03:27:18,863 INFO  client.GrpcClientProtocolClient (GrpcClientProtocolClient.java:onNext(255)) - client-23C834B07313->edccc055-c3f5-47df-b30f-76e8836f4c59: receive RaftClientReply:client-23C834B07313->edccc055-c3f5-47df-b30f-76e8836f4c59@group-ED32739C8BBB, cid=1809, SUCCESS, logIndex=0, commits[edccc055-c3f5-47df-b30f-76e8836f4c59:c2631, f9704f82-adf1-457c-ad29-9b573bc67fa6:c2629, 932806d8-5f5d-4457-8f95-c9b7f9036eae:c2629]
2019-08-07 03:27:18,890 INFO  client.GrpcClientProtocolClient (GrpcClientProtocolClient.java:onNext(255)) - client-23C834B07313->edccc055-c3f5-47df-b30f-76e8836f4c59: receive RaftClientReply:client-23C834B07313->edccc055-c3f5-47df-b30f-76e8836f4c59@group-ED32739C8BBB, cid=1810, SUCCESS, logIndex=2632, commits[edccc055-c3f5-47df-b30f-76e8836f4c59:c2633, f9704f82-adf1-457c-ad29-9b573bc67fa6:c2631, 932806d8-5f5d-4457-8f95-c9b7f9036eae:c2631]
2019-08-07 03:27:18,890 INFO  client.GrpcClientProtocolClient (GrpcClientProtocolClient.java:onNext(255)) - client-23C834B07313->edccc055-c3f5-47df-b30f-76e8836f4c59: receive RaftClientReply:client-23C834B07313->edccc055-c3f5-47df-b30f-76e8836f4c59@group-ED32739C8BBB, cid=1811, SUCCESS, logIndex=2633, commits[edccc055-c3f5-47df-b30f-76e8836f4c59:c2633, f9704f82-adf1-457c-ad29-9b573bc67fa6:c2631, 932806d8-5f5d-4457-8f95-c9b7f9036eae:c2631]
2019-08-07 03:27:18,902 INFO  client.GrpcClientProtocolClient (GrpcClientProtocolClient.java:onNext(255)) - client-23C834B07313->edccc055-c3f5-47df-b30f-76e8836f4c59: receive RaftClientReply:client-23C834B07313->edccc055-c3f5-47df-b30f-76e8836f4c59@group-ED32739C8BBB, cid=1812, SUCCESS, logIndex=2634, commits[edccc055-c3f5-47df-b30f-76e8836f4c59:c2635, f9704f82-adf1-457c-ad29-9b573bc67fa6:c2631, 932806d8-5f5d-4457-8f95-c9b7f9036eae:c2631]
2019-08-07 03:27:18,902 INFO  client.GrpcClientProtocolClient (GrpcClientProtocolClient.java:onNext(255)) - client-23C834B07313->edccc055-c3f5-47df-b30f-76e8836f4c59: receive RaftClientReply:client-23C834B07313->edccc055-c3f5-47df-b30f-76e8836f4c59@group-ED32739C8BBB, cid=1813, SUCCESS, logIndex=2635, commits[edccc055-c3f5-47df-b30f-76e8836f4c59:c2635, f9704f82-adf1-457c-ad29-9b573bc67fa6:c2631, 932806d8-5f5d-4457-8f95-c9b7f9036eae:c2631]
2019-08-07 03:27:18,905 INFO  client.GrpcClientProtocolClient (GrpcClientProtocolClient.java:onNext(255)) - client-23C834B07313->edccc055-c3f5-47df-b30f-76e8836f4c59: receive RaftClientReply:client-23C834B07313->edccc055-c3f5-47df-b30f-76e8836f4c59@group-ED32739C8BBB, cid=1814, SUCCESS, logIndex=0, commits[edccc055-c3f5-47df-b30f-76e8836f4c59:c2637, f9704f82-adf1-457c-ad29-9b573bc67fa6:c2633, 932806d8-5f5d-4457-8f95-c9b7f9036eae:c2633]
2019-08-07 03:27:18,918 INFO  client.GrpcClientProtocolClient (GrpcClientProtocolClient.java:onNext(255)) - client-23C834B07313->edccc055-c3f5-47df-b30f-76e8836f4c59: receive RaftClientReply:client-23C834B07313->edccc055-c3f5-47df-b30f-76e8836f4c59@group-ED32739C8BBB, cid=1815, SUCCESS, logIndex=2640, commits[edccc055-c3f5-47df-b30f-76e8836f4c59:c2641, f9704f82-adf1-457c-ad29-9b573bc67fa6:c2635, 932806d8-5f5d-4457-8f95-c9b7f9036eae:c2637]
2019-08-07 03:27:18,919 INFO  client.GrpcClientProtocolClient (GrpcClientProtocolClient.java:onNext(255)) - client-23C834B07313->edccc055-c3f5-47df-b30f-76e8836f4c59: receive RaftClientReply:client-23C834B07313->edccc055-c3f5-47df-b30f-76e8836f4c59@group-ED32739C8BBB, cid=1816, SUCCESS, logIndex=2641, commits[edccc055-c3f5-47df-b30f-76e8836f4c59:c2641, f9704f82-adf1-457c-ad29-9b573bc67fa6:c2637, 932806d8-5f5d-4457-8f95-c9b7f9036eae:c2637]
2019-08-07 03:27:19,023 INFO  client.GrpcClientProtocolClient (GrpcClientProtocolClient.java:onNext(255)) - client-23C834B07313->edccc055-c3f5-47df-b30f-76e8836f4c59: receive RaftClientReply:client-23C834B07313->edccc055-c3f5-47df-b30f-76e8836f4c59@group-ED32739C8BBB, cid=1817, SUCCESS, logIndex=2643, commits[edccc055-c3f5-47df-b30f-76e8836f4c59:c2644, f9704f82-adf1-457c-ad29-9b573bc67fa6:c2642, 932806d8-5f5d-4457-8f95-c9b7f9036eae:c2642]
2019-08-07 03:27:19,023 INFO  client.GrpcClientProtocolClient (GrpcClientProtocolClient.java:onNext(255)) - client-23C834B07313->edccc055-c3f5-47df-b30f-76e8836f4c59: receive RaftClientReply:client-23C834B07313->edccc055-c3f5-47df-b30f-76e8836f4c59@group-ED32739C8BBB, cid=1818, SUCCESS, logIndex=2644, commits[edccc055-c3f5-47df-b30f-76e8836f4c59:c2644, f9704f82-adf1-457c-ad29-9b573bc67fa6:c2642, 932806d8-5f5d-4457-8f95-c9b7f9036eae:c2642]
2019-08-07 03:27:19,037 INFO  client.GrpcClientProtocolClient (GrpcClientProtocolClient.java:onNext(255)) - client-23C834B07313->edccc055-c3f5-47df-b30f-76e8836f4c59: receive RaftClientReply:client-23C834B07313->edccc055-c3f5-47df-b30f-76e8836f4c59@group-ED32739C8BBB, cid=1819, SUCCESS, logIndex=0, commits[edccc055-c3f5-47df-b30f-76e8836f4c59:c2646, f9704f82-adf1-457c-ad29-9b573bc67fa6:c2644, 932806d8-5f5d-4457-8f95-c9b7f9036eae:c2644]
2019-08-07 03:27:19,064 INFO  client.GrpcClientProtocolClient (GrpcClientProtocolClient.java:onNext(255)) - client-23C834B07313->edccc055-c3f5-47df-b30f-76e8836f4c59: receive RaftClientReply:client-23C834B07313->edccc055-c3f5-47df-b30f-76e8836f4c59@group-ED32739C8BBB, cid=1820, SUCCESS, logIndex=2647, commits[edccc055-c3f5-47df-b30f-76e8836f4c59:c2648, f9704f82-adf1-457c-ad29-9b573bc67fa6:c2646, 932806d8-5f5d-4457-8f95-c9b7f9036eae:c2646]
2019-08-07 03:27:19,065 INFO  client.GrpcClientProtocolClient (GrpcClientProtocolClient.java:onNext(255)) - client-23C834B07313->edccc055-c3f5-47df-b30f-76e8836f4c59: receive RaftClientReply:client-23C834B07313->edccc055-c3f5-47df-b30f-76e8836f4c59@group-ED32739C8BBB, cid=1821, SUCCESS, logIndex=2648, commits[edccc055-c3f5-47df-b30f-76e8836f4c59:c2648, f9704f82-adf1-457c-ad29-9b573bc67fa6:c2646, 932806d8-5f5d-4457-8f95-c9b7f9036eae:c2646]
2019-08-07 03:27:19,076 INFO  client.GrpcClientProtocolClient (GrpcClientProtocolClient.java:onNext(255)) - client-23C834B07313->edccc055-c3f5-47df-b30f-76e8836f4c59: receive RaftClientReply:client-23C834B07313->edccc055-c3f5-47df-b30f-76e8836f4c59@group-ED32739C8BBB, cid=1822, SUCCESS, logIndex=2649, commits[edccc055-c3f5-47df-b30f-76e8836f4c59:c2650, f9704f82-adf1-457c-ad29-9b573bc67fa6:c2646, 932806d8-5f5d-4457-8f95-c9b7f9036eae:c2646]
2019-08-07 03:27:19,077 INFO  client.GrpcClientProtocolClient (GrpcClientProtocolClient.java:onNext(255)) - client-23C834B07313->edccc055-c3f5-47df-b30f-76e8836f4c59: receive RaftClientReply:client-23C834B07313->edccc055-c3f5-47df-b30f-76e8836f4c59@group-ED32739C8BBB, cid=1823, SUCCESS, logIndex=2650, commits[edccc055-c3f5-47df-b30f-76e8836f4c59:c2650, f9704f82-adf1-457c-ad29-9b573bc67fa6:c2646, 932806d8-5f5d-4457-8f95-c9b7f9036eae:c2646]
2019-08-07 03:27:19,079 INFO  client.GrpcClientProtocolClient (GrpcClientProtocolClient.java:onNext(255)) - client-23C834B07313->edccc055-c3f5-47df-b30f-76e8836f4c59: receive RaftClientReply:client-23C834B07313->edccc055-c3f5-47df-b30f-76e8836f4c59@group-ED32739C8BBB, cid=1824, SUCCESS, logIndex=0, commits[edccc055-c3f5-47df-b30f-76e8836f4c59:c2652, f9704f82-adf1-457c-ad29-9b573bc67fa6:c2648, 932806d8-5f5d-4457-8f95-c9b7f9036eae:c2648]
2019-08-07 03:27:19,112 INFO  client.GrpcClientProtocolClient (GrpcClientProtocolClient.java:onNext(255)) - client-23C834B07313->edccc055-c3f5-47df-b30f-76e8836f4c59: receive RaftClientReply:client-23C834B07313->edccc055-c3f5-47df-b30f-76e8836f4c59@group-ED32739C8BBB, cid=1825, SUCCESS, logIndex=2655, commits[edccc055-c3f5-47df-b30f-76e8836f4c59:c2656, f9704f82-adf1-457c-ad29-9b573bc67fa6:c2652, 932806d8-5f5d-4457-8f95-c9b7f9036eae:c2650]
2019-08-07 03:27:19,113 INFO  client.GrpcClientProtocolClient (GrpcClientProtocolClient.java:onNext(255)) - client-23C834B07313->edccc055-c3f5-47df-b30f-76e8836f4c59: receive RaftClientReply:client-23C834B07313->edccc055-c3f5-47df-b30f-76e8836f4c59@group-ED32739C8BBB, cid=1826, SUCCESS, logIndex=2656, commits[edccc055-c3f5-47df-b30f-76e8836f4c59:c2656, f9704f82-adf1-457c-ad29-9b573bc67fa6:c2652, 932806d8-5f5d-4457-8f95-c9b7f9036eae:c2650]
2019-08-07 03:27:19,135 INFO  client.GrpcClientProtocolClient (GrpcClientProtocolClient.java:onNext(255)) - client-23C834B07313->edccc055-c3f5-47df-b30f-76e8836f4c59: receive RaftClientReply:client-23C834B07313->edccc055-c3f5-47df-b30f-76e8836f4c59@group-ED32739C8BBB, cid=1827, SUCCESS, logIndex=2659, commits[edccc055-c3f5-47df-b30f-76e8836f4c59:c2660, f9704f82-adf1-457c-ad29-9b573bc67fa6:c2658, 932806d8-5f5d-4457-8f95-c9b7f9036eae:c2658]
2019-08-07 03:27:19,135 INFO  client.GrpcClientProtocolClient (GrpcClientProtocolClient.java:onNext(255)) - client-23C834B07313->edccc055-c3f5-47df-b30f-76e8836f4c59: receive RaftClientReply:client-23C834B07313->edccc055-c3f5-47df-b30f-76e8836f4c59@group-ED32739C8BBB, cid=1828, SUCCESS, logIndex=2660, commits[edccc055-c3f5-47df-b30f-76e8836f4c59:c2660, f9704f82-adf1-457c-ad29-9b573bc67fa6:c2658, 932806d8-5f5d-4457-8f95-c9b7f9036eae:c2658]
2019-08-07 03:27:19,150 INFO  client.GrpcClientProtocolClient (GrpcClientProtocolClient.java:onNext(255)) - client-23C834B07313->edccc055-c3f5-47df-b30f-76e8836f4c59: receive RaftClientReply:client-23C834B07313->edccc055-c3f5-47df-b30f-76e8836f4c59@group-ED32739C8BBB, cid=1829, SUCCESS, logIndex=0, commits[edccc055-c3f5-47df-b30f-76e8836f4c59:c2662, f9704f82-adf1-457c-ad29-9b573bc67fa6:c2660, 932806d8-5f5d-4457-8f95-c9b7f9036eae:c2660]
2019-08-07 03:27:19,181 INFO  client.GrpcClientProtocolClient (GrpcClientProtocolClient.java:onNext(255)) - client-23C834B07313->edccc055-c3f5-47df-b30f-76e8836f4c59: receive RaftClientReply:client-23C834B07313->edccc055-c3f5-47df-b30f-76e8836f4c59@group-ED32739C8BBB, cid=1830, SUCCESS, logIndex=2663, commits[edccc055-c3f5-47df-b30f-76e8836f4c59:c2664, f9704f82-adf1-457c-ad29-9b573bc67fa6:c2662, 932806d8-5f5d-4457-8f95-c9b7f9036eae:c2662]
2019-08-07 03:27:19,182 INFO  client.GrpcClientProtocolClient (GrpcClientProtocolClient.java:onNext(255)) - client-23C834B07313->edccc055-c3f5-47df-b30f-76e8836f4c59: receive RaftClientReply:client-23C834B07313->edccc055-c3f5-47df-b30f-76e8836f4c59@group-ED32739C8BBB, cid=1831, SUCCESS, logIndex=2664, commits[edccc055-c3f5-47df-b30f-76e8836f4c59:c2664, f9704f82-adf1-457c-ad29-9b573bc67fa6:c2662, 932806d8-5f5d-4457-8f95-c9b7f9036eae:c2662]
2019-08-07 03:27:19,182 INFO  client.GrpcClientProtocolClient (GrpcClientProtocolClient.java:onNext(255)) - client-23C834B07313->edccc055-c3f5-47df-b30f-76e8836f4c59: receive RaftClientReply:client-23C834B07313->edccc055-c3f5-47df-b30f-76e8836f4c59@group-ED32739C8BBB, cid=1832, SUCCESS, logIndex=2665, commits[edccc055-c3f5-47df-b30f-76e8836f4c59:c2666, f9704f82-adf1-457c-ad29-9b573bc67fa6:c2662, 932806d8-5f5d-4457-8f95-c9b7f9036eae:c2662]
2019-08-07 03:27:19,183 INFO  client.GrpcClientProtocolClient (GrpcClientProtocolClient.java:onNext(255)) - client-23C834B07313->edccc055-c3f5-47df-b30f-76e8836f4c59: receive RaftClientReply:client-23C834B07313->edccc055-c3f5-47df-b30f-76e8836f4c59@group-ED32739C8BBB, cid=1833, SUCCESS, logIndex=2666, commits[edccc055-c3f5-47df-b30f-76e8836f4c59:c2666, f9704f82-adf1-457c-ad29-9b573bc67fa6:c2662, 932806d8-5f5d-4457-8f95-c9b7f9036eae:c2662]
2019-08-07 03:27:19,196 INFO  client.GrpcClientProtocolClient (GrpcClientProtocolClient.java:onNext(255)) - client-23C834B07313->edccc055-c3f5-47df-b30f-76e8836f4c59: receive RaftClientReply:client-23C834B07313->edccc055-c3f5-47df-b30f-76e8836f4c59@group-ED32739C8BBB, cid=1834, SUCCESS, logIndex=0, commits[edccc055-c3f5-47df-b30f-76e8836f4c59:c2668, f9704f82-adf1-457c-ad29-9b573bc67fa6:c2664, 932806d8-5f5d-4457-8f95-c9b7f9036eae:c2664]
2019-08-07 03:27:19,219 INFO  client.GrpcClientProtocolClient (GrpcClientProtocolClient.java:onNext(255)) - client-23C834B07313->edccc055-c3f5-47df-b30f-76e8836f4c59: receive RaftClientReply:client-23C834B07313->edccc055-c3f5-47df-b30f-76e8836f4c59@group-ED32739C8BBB, cid=1835, SUCCESS, logIndex=2671, commits[edccc055-c3f5-47df-b30f-76e8836f4c59:c2672, f9704f82-adf1-457c-ad29-9b573bc67fa6:c2670, 932806d8-5f5d-4457-8f95-c9b7f9036eae:c2670]
2019-08-07 03:27:19,219 INFO  client.GrpcClientProtocolClient (GrpcClientProtocolClient.java:onNext(255)) - client-23C834B07313->edccc055-c3f5-47df-b30f-76e8836f4c59: receive RaftClientReply:client-23C834B07313->edccc055-c3f5-47df-b30f-76e8836f4c59@group-ED32739C8BBB, cid=1836, SUCCESS, logIndex=2672, commits[edccc055-c3f5-47df-b30f-76e8836f4c59:c2672, f9704f82-adf1-457c-ad29-9b573bc67fa6:c2670, 932806d8-5f5d-4457-8f95-c9b7f9036eae:c2670]
2019-08-07 03:27:19,234 INFO  client.GrpcClientProtocolClient (GrpcClientProtocolClient.java:onNext(255)) - client-23C834B07313->edccc055-c3f5-47df-b30f-76e8836f4c59: receive RaftClientReply:client-23C834B07313->edccc055-c3f5-47df-b30f-76e8836f4c59@group-ED32739C8BBB, cid=1837, SUCCESS, logIndex=2675, commits[edccc055-c3f5-47df-b30f-76e8836f4c59:c2676, f9704f82-adf1-457c-ad29-9b573bc67fa6:c2672, 932806d8-5f5d-4457-8f95-c9b7f9036eae:c2672]
2019-08-07 03:27:19,234 INFO  client.GrpcClientProtocolClient (GrpcClientProtocolClient.java:onNext(255)) - client-23C834B07313->edccc055-c3f5-47df-b30f-76e8836f4c59: receive RaftClientReply:client-23C834B07313->edccc055-c3f5-47df-b30f-76e8836f4c59@group-ED32739C8BBB, cid=1838, SUCCESS, logIndex=2676, commits[edccc055-c3f5-47df-b30f-76e8836f4c59:c2676, f9704f82-adf1-457c-ad29-9b573bc67fa6:c2672, 932806d8-5f5d-4457-8f95-c9b7f9036eae:c2672]
2019-08-07 03:27:19,248 INFO  client.GrpcClientProtocolClient (GrpcClientProtocolClient.java:onNext(255)) - client-23C834B07313->edccc055-c3f5-47df-b30f-76e8836f4c59: receive RaftClientReply:client-23C834B07313->edccc055-c3f5-47df-b30f-76e8836f4c59@group-ED32739C8BBB, cid=1839, SUCCESS, logIndex=0, commits[edccc055-c3f5-47df-b30f-76e8836f4c59:c2678, f9704f82-adf1-457c-ad29-9b573bc67fa6:c2676, 932806d8-5f5d-4457-8f95-c9b7f9036eae:c2676]
2019-08-07 03:27:19,276 INFO  client.GrpcClientProtocolClient (GrpcClientProtocolClient.java:onNext(255)) - client-23C834B07313->edccc055-c3f5-47df-b30f-76e8836f4c59: receive RaftClientReply:client-23C834B07313->edccc055-c3f5-47df-b30f-76e8836f4c59@group-ED32739C8BBB, cid=1840, SUCCESS, logIndex=2679, commits[edccc055-c3f5-47df-b30f-76e8836f4c59:c2680, f9704f82-adf1-457c-ad29-9b573bc67fa6:c2678, 932806d8-5f5d-4457-8f95-c9b7f9036eae:c2678]
2019-08-07 03:27:19,277 INFO  client.GrpcClientProtocolClient (GrpcClientProtocolClient.java:onNext(255)) - client-23C834B07313->edccc055-c3f5-47df-b30f-76e8836f4c59: receive RaftClientReply:client-23C834B07313->edccc055-c3f5-47df-b30f-76e8836f4c59@group-ED32739C8BBB, cid=1841, SUCCESS, logIndex=2680, commits[edccc055-c3f5-47df-b30f-76e8836f4c59:c2681, f9704f82-adf1-457c-ad29-9b573bc67fa6:c2678, 932806d8-5f5d-4457-8f95-c9b7f9036eae:c2678]
2019-08-07 03:27:19,278 INFO  client.GrpcClientProtocolClient (GrpcClientProtocolClient.java:onNext(255)) - client-23C834B07313->edccc055-c3f5-47df-b30f-76e8836f4c59: receive RaftClientReply:client-23C834B07313->edccc055-c3f5-47df-b30f-76e8836f4c59@group-ED32739C8BBB, cid=1842, SUCCESS, logIndex=2681, commits[edccc055-c3f5-47df-b30f-76e8836f4c59:c2682, f9704f82-adf1-457c-ad29-9b573bc67fa6:c2678, 932806d8-5f5d-4457-8f95-c9b7f9036eae:c2678]
2019-08-07 03:27:19,278 INFO  client.GrpcClientProtocolClient (GrpcClientProtocolClient.java:onNext(255)) - client-23C834B07313->edccc055-c3f5-47df-b30f-76e8836f4c59: receive RaftClientReply:client-23C834B07313->edccc055-c3f5-47df-b30f-76e8836f4c59@group-ED32739C8BBB, cid=1843, SUCCESS, logIndex=2682, commits[edccc055-c3f5-47df-b30f-76e8836f4c59:c2682, f9704f82-adf1-457c-ad29-9b573bc67fa6:c2678, 932806d8-5f5d-4457-8f95-c9b7f9036eae:c2678]
2019-08-07 03:27:19,279 INFO  client.GrpcClientProtocolClient (GrpcClientProtocolClient.java:onNext(255)) - client-23C834B07313->edccc055-c3f5-47df-b30f-76e8836f4c59: receive RaftClientReply:client-23C834B07313->edccc055-c3f5-47df-b30f-76e8836f4c59@group-ED32739C8BBB, cid=1844, SUCCESS, logIndex=0, commits[edccc055-c3f5-47df-b30f-76e8836f4c59:c2685, f9704f82-adf1-457c-ad29-9b573bc67fa6:c2681, 932806d8-5f5d-4457-8f95-c9b7f9036eae:c2680]
2019-08-07 03:27:19,299 INFO  client.GrpcClientProtocolClient (GrpcClientProtocolClient.java:onNext(255)) - client-23C834B07313->edccc055-c3f5-47df-b30f-76e8836f4c59: receive RaftClientReply:client-23C834B07313->edccc055-c3f5-47df-b30f-76e8836f4c59@group-ED32739C8BBB, cid=1845, SUCCESS, logIndex=2687, commits[edccc055-c3f5-47df-b30f-76e8836f4c59:c2687, f9704f82-adf1-457c-ad29-9b573bc67fa6:c2686, 932806d8-5f5d-4457-8f95-c9b7f9036eae:c2686]
2019-08-07 03:27:19,300 INFO  client.GrpcClientProtocolClient (GrpcClientProtocolClient.java:onNext(255)) - client-23C834B07313->edccc055-c3f5-47df-b30f-76e8836f4c59: receive RaftClientReply:client-23C834B07313->edccc055-c3f5-47df-b30f-76e8836f4c59@group-ED32739C8BBB, cid=1846, SUCCESS, logIndex=2688, commits[edccc055-c3f5-47df-b30f-76e8836f4c59:c2688, f9704f82-adf1-457c-ad29-9b573bc67fa6:c2686, 932806d8-5f5d-4457-8f95-c9b7f9036eae:c2686]
2019-08-07 03:27:19,313 INFO  client.GrpcClientProtocolClient (GrpcClientProtocolClient.java:onNext(255)) - client-23C834B07313->edccc055-c3f5-47df-b30f-76e8836f4c59: receive RaftClientReply:client-23C834B07313->edccc055-c3f5-47df-b30f-76e8836f4c59@group-ED32739C8BBB, cid=1847, SUCCESS, logIndex=2691, commits[edccc055-c3f5-47df-b30f-76e8836f4c59:c2692, f9704f82-adf1-457c-ad29-9b573bc67fa6:c2687, 932806d8-5f5d-4457-8f95-c9b7f9036eae:c2688]
2019-08-07 03:27:19,313 INFO  client.GrpcClientProtocolClient (GrpcClientProtocolClient.java:onNext(255)) - client-23C834B07313->edccc055-c3f5-47df-b30f-76e8836f4c59: receive RaftClientReply:client-23C834B07313->edccc055-c3f5-47df-b30f-76e8836f4c59@group-ED32739C8BBB, cid=1848, SUCCESS, logIndex=2692, commits[edccc055-c3f5-47df-b30f-76e8836f4c59:c2692, f9704f82-adf1-457c-ad29-9b573bc67fa6:c2688, 932806d8-5f5d-4457-8f95-c9b7f9036eae:c2688]
2019-08-07 03:27:19,327 INFO  client.GrpcClientProtocolClient (GrpcClientProtocolClient.java:onNext(255)) - client-23C834B07313->edccc055-c3f5-47df-b30f-76e8836f4c59: receive RaftClientReply:client-23C834B07313->edccc055-c3f5-47df-b30f-76e8836f4c59@group-ED32739C8BBB, cid=1849, SUCCESS, logIndex=0, commits[edccc055-c3f5-47df-b30f-76e8836f4c59:c2694, f9704f82-adf1-457c-ad29-9b573bc67fa6:c2692, 932806d8-5f5d-4457-8f95-c9b7f9036eae:c2692]
 0.00% |█                                                                                                    |  0/1 Time: 0:00:152019-08-07 03:27:19,355 INFO  client.GrpcClientProtocolClient (GrpcClientProtocolClient.java:onNext(255)) - client-23C834B07313->edccc055-c3f5-47df-b30f-76e8836f4c59: receive RaftClientReply:client-23C834B07313->edccc055-c3f5-47df-b30f-76e8836f4c59@group-ED32739C8BBB, cid=1850, SUCCESS, logIndex=2695, commits[edccc055-c3f5-47df-b30f-76e8836f4c59:c2695, f9704f82-adf1-457c-ad29-9b573bc67fa6:c2694, 932806d8-5f5d-4457-8f95-c9b7f9036eae:c2694]
2019-08-07 03:27:19,356 INFO  client.GrpcClientProtocolClient (GrpcClientProtocolClient.java:onNext(255)) - client-23C834B07313->edccc055-c3f5-47df-b30f-76e8836f4c59: receive RaftClientReply:client-23C834B07313->edccc055-c3f5-47df-b30f-76e8836f4c59@group-ED32739C8BBB, cid=1851, SUCCESS, logIndex=2696, commits[edccc055-c3f5-47df-b30f-76e8836f4c59:c2697, f9704f82-adf1-457c-ad29-9b573bc67fa6:c2694, 932806d8-5f5d-4457-8f95-c9b7f9036eae:c2694]
2019-08-07 03:27:19,356 INFO  client.GrpcClientProtocolClient (GrpcClientProtocolClient.java:onNext(255)) - client-23C834B07313->edccc055-c3f5-47df-b30f-76e8836f4c59: receive RaftClientReply:client-23C834B07313->edccc055-c3f5-47df-b30f-76e8836f4c59@group-ED32739C8BBB, cid=1852, SUCCESS, logIndex=2697, commits[edccc055-c3f5-47df-b30f-76e8836f4c59:c2698, f9704f82-adf1-457c-ad29-9b573bc67fa6:c2694, 932806d8-5f5d-4457-8f95-c9b7f9036eae:c2694]
2019-08-07 03:27:19,357 INFO  client.GrpcClientProtocolClient (GrpcClientProtocolClient.java:onNext(255)) - client-23C834B07313->edccc055-c3f5-47df-b30f-76e8836f4c59: receive RaftClientReply:client-23C834B07313->edccc055-c3f5-47df-b30f-76e8836f4c59@group-ED32739C8BBB, cid=1853, SUCCESS, logIndex=2698, commits[edccc055-c3f5-47df-b30f-76e8836f4c59:c2698, f9704f82-adf1-457c-ad29-9b573bc67fa6:c2694, 932806d8-5f5d-4457-8f95-c9b7f9036eae:c2694]
2019-08-07 03:27:19,361 INFO  client.GrpcClientProtocolClient (GrpcClientProtocolClient.java:onNext(255)) - client-23C834B07313->edccc055-c3f5-47df-b30f-76e8836f4c59: receive RaftClientReply:client-23C834B07313->edccc055-c3f5-47df-b30f-76e8836f4c59@group-ED32739C8BBB, cid=1854, SUCCESS, logIndex=0, commits[edccc055-c3f5-47df-b30f-76e8836f4c59:c2701, f9704f82-adf1-457c-ad29-9b573bc67fa6:c2697, 932806d8-5f5d-4457-8f95-c9b7f9036eae:c2697]
2019-08-07 03:27:19,390 INFO  client.GrpcClientProtocolClient (GrpcClientProtocolClient.java:onNext(255)) - client-23C834B07313->edccc055-c3f5-47df-b30f-76e8836f4c59: receive RaftClientReply:client-23C834B07313->edccc055-c3f5-47df-b30f-76e8836f4c59@group-ED32739C8BBB, cid=1855, SUCCESS, logIndex=2703, commits[edccc055-c3f5-47df-b30f-76e8836f4c59:c2704, f9704f82-adf1-457c-ad29-9b573bc67fa6:c2702, 932806d8-5f5d-4457-8f95-c9b7f9036eae:c2702]
2019-08-07 03:27:19,391 INFO  client.GrpcClientProtocolClient (GrpcClientProtocolClient.java:onNext(255)) - client-23C834B07313->edccc055-c3f5-47df-b30f-76e8836f4c59: receive RaftClientReply:client-23C834B07313->edccc055-c3f5-47df-b30f-76e8836f4c59@group-ED32739C8BBB, cid=1856, SUCCESS, logIndex=2704, commits[edccc055-c3f5-47df-b30f-76e8836f4c59:c2704, f9704f82-adf1-457c-ad29-9b573bc67fa6:c2702, 932806d8-5f5d-4457-8f95-c9b7f9036eae:c2702]
2019-08-07 03:27:19,412 INFO  client.GrpcClientProtocolClient (GrpcClientProtocolClient.java:onNext(255)) - client-23C834B07313->edccc055-c3f5-47df-b30f-76e8836f4c59: receive RaftClientReply:client-23C834B07313->edccc055-c3f5-47df-b30f-76e8836f4c59@group-ED32739C8BBB, cid=1857, SUCCESS, logIndex=2707, commits[edccc055-c3f5-47df-b30f-76e8836f4c59:c2708, f9704f82-adf1-457c-ad29-9b573bc67fa6:c2704, 932806d8-5f5d-4457-8f95-c9b7f9036eae:c2704]
2019-08-07 03:27:19,412 INFO  client.GrpcClientProtocolClient (GrpcClientProtocolClient.java:onNext(255)) - client-23C834B07313->edccc055-c3f5-47df-b30f-76e8836f4c59: receive RaftClientReply:client-23C834B07313->edccc055-c3f5-47df-b30f-76e8836f4c59@group-ED32739C8BBB, cid=1858, SUCCESS, logIndex=2708, commits[edccc055-c3f5-47df-b30f-76e8836f4c59:c2708, f9704f82-adf1-457c-ad29-9b573bc67fa6:c2704, 932806d8-5f5d-4457-8f95-c9b7f9036eae:c2704]
2019-08-07 03:27:19,426 INFO  client.GrpcClientProtocolClient (GrpcClientProtocolClient.java:onNext(255)) - client-23C834B07313->edccc055-c3f5-47df-b30f-76e8836f4c59: receive RaftClientReply:client-23C834B07313->edccc055-c3f5-47df-b30f-76e8836f4c59@group-ED32739C8BBB, cid=1859, SUCCESS, logIndex=0, commits[edccc055-c3f5-47df-b30f-76e8836f4c59:c2710, f9704f82-adf1-457c-ad29-9b573bc67fa6:c2708, 932806d8-5f5d-4457-8f95-c9b7f9036eae:c2708]
2019-08-07 03:27:19,456 INFO  client.GrpcClientProtocolClient (GrpcClientProtocolClient.java:onNext(255)) - client-23C834B07313->edccc055-c3f5-47df-b30f-76e8836f4c59: receive RaftClientReply:client-23C834B07313->edccc055-c3f5-47df-b30f-76e8836f4c59@group-ED32739C8BBB, cid=1860, SUCCESS, logIndex=2711, commits[edccc055-c3f5-47df-b30f-76e8836f4c59:c2712, f9704f82-adf1-457c-ad29-9b573bc67fa6:c2710, 932806d8-5f5d-4457-8f95-c9b7f9036eae:c2710]
2019-08-07 03:27:19,457 INFO  client.GrpcClientProtocolClient (GrpcClientProtocolClient.java:onNext(255)) - client-23C834B07313->edccc055-c3f5-47df-b30f-76e8836f4c59: receive RaftClientReply:client-23C834B07313->edccc055-c3f5-47df-b30f-76e8836f4c59@group-ED32739C8BBB, cid=1861, SUCCESS, logIndex=2712, commits[edccc055-c3f5-47df-b30f-76e8836f4c59:c2712, f9704f82-adf1-457c-ad29-9b573bc67fa6:c2710, 932806d8-5f5d-4457-8f95-c9b7f9036eae:c2710]
2019-08-07 03:27:19,457 INFO  client.GrpcClientProtocolClient (GrpcClientProtocolClient.java:onNext(255)) - client-23C834B07313->edccc055-c3f5-47df-b30f-76e8836f4c59: receive RaftClientReply:client-23C834B07313->edccc055-c3f5-47df-b30f-76e8836f4c59@group-ED32739C8BBB, cid=1862, SUCCESS, logIndex=2713, commits[edccc055-c3f5-47df-b30f-76e8836f4c59:c2714, f9704f82-adf1-457c-ad29-9b573bc67fa6:c2710, 932806d8-5f5d-4457-8f95-c9b7f9036eae:c2710]
2019-08-07 03:27:19,458 INFO  client.GrpcClientProtocolClient (GrpcClientProtocolClient.java:onNext(255)) - client-23C834B07313->edccc055-c3f5-47df-b30f-76e8836f4c59: receive RaftClientReply:client-23C834B07313->edccc055-c3f5-47df-b30f-76e8836f4c59@group-ED32739C8BBB, cid=1863, SUCCESS, logIndex=2714, commits[edccc055-c3f5-47df-b30f-76e8836f4c59:c2714, f9704f82-adf1-457c-ad29-9b573bc67fa6:c2710, 932806d8-5f5d-4457-8f95-c9b7f9036eae:c2710]
2019-08-07 03:27:19,471 INFO  client.GrpcClientProtocolClient (GrpcClientProtocolClient.java:onNext(255)) - client-23C834B07313->edccc055-c3f5-47df-b30f-76e8836f4c59: receive RaftClientReply:client-23C834B07313->edccc055-c3f5-47df-b30f-76e8836f4c59@group-ED32739C8BBB, cid=1864, SUCCESS, logIndex=0, commits[edccc055-c3f5-47df-b30f-76e8836f4c59:c2716, f9704f82-adf1-457c-ad29-9b573bc67fa6:c2712, 932806d8-5f5d-4457-8f95-c9b7f9036eae:c2712]
2019-08-07 03:27:19,492 INFO  client.GrpcClientProtocolClient (GrpcClientProtocolClient.java:onNext(255)) - client-23C834B07313->edccc055-c3f5-47df-b30f-76e8836f4c59: receive RaftClientReply:client-23C834B07313->edccc055-c3f5-47df-b30f-76e8836f4c59@group-ED32739C8BBB, cid=1865, SUCCESS, logIndex=2719, commits[edccc055-c3f5-47df-b30f-76e8836f4c59:c2720, f9704f82-adf1-457c-ad29-9b573bc67fa6:c2718, 932806d8-5f5d-4457-8f95-c9b7f9036eae:c2718]
2019-08-07 03:27:19,493 INFO  client.GrpcClientProtocolClient (GrpcClientProtocolClient.java:onNext(255)) - client-23C834B07313->edccc055-c3f5-47df-b30f-76e8836f4c59: receive RaftClientReply:client-23C834B07313->edccc055-c3f5-47df-b30f-76e8836f4c59@group-ED32739C8BBB, cid=1866, SUCCESS, logIndex=2720, commits[edccc055-c3f5-47df-b30f-76e8836f4c59:c2720, f9704f82-adf1-457c-ad29-9b573bc67fa6:c2718, 932806d8-5f5d-4457-8f95-c9b7f9036eae:c2718]
2019-08-07 03:27:19,518 INFO  client.GrpcClientProtocolClient (GrpcClientProtocolClient.java:onNext(255)) - client-23C834B07313->edccc055-c3f5-47df-b30f-76e8836f4c59: receive RaftClientReply:client-23C834B07313->edccc055-c3f5-47df-b30f-76e8836f4c59@group-ED32739C8BBB, cid=1867, SUCCESS, logIndex=2723, commits[edccc055-c3f5-47df-b30f-76e8836f4c59:c2724, f9704f82-adf1-457c-ad29-9b573bc67fa6:c2720, 932806d8-5f5d-4457-8f95-c9b7f9036eae:c2720]
2019-08-07 03:27:19,519 INFO  client.GrpcClientProtocolClient (GrpcClientProtocolClient.java:onNext(255)) - client-23C834B07313->edccc055-c3f5-47df-b30f-76e8836f4c59: receive RaftClientReply:client-23C834B07313->edccc055-c3f5-47df-b30f-76e8836f4c59@group-ED32739C8BBB, cid=1868, SUCCESS, logIndex=2724, commits[edccc055-c3f5-47df-b30f-76e8836f4c59:c2724, f9704f82-adf1-457c-ad29-9b573bc67fa6:c2720, 932806d8-5f5d-4457-8f95-c9b7f9036eae:c2720]
2019-08-07 03:27:19,523 INFO  client.GrpcClientProtocolClient (GrpcClientProtocolClient.java:onNext(255)) - client-23C834B07313->edccc055-c3f5-47df-b30f-76e8836f4c59: receive RaftClientReply:client-23C834B07313->edccc055-c3f5-47df-b30f-76e8836f4c59@group-ED32739C8BBB, cid=1869, SUCCESS, logIndex=0, commits[edccc055-c3f5-47df-b30f-76e8836f4c59:c2726, f9704f82-adf1-457c-ad29-9b573bc67fa6:c2724, 932806d8-5f5d-4457-8f95-c9b7f9036eae:c2724]
2019-08-07 03:27:19,552 INFO  client.GrpcClientProtocolClient (GrpcClientProtocolClient.java:onNext(255)) - client-23C834B07313->edccc055-c3f5-47df-b30f-76e8836f4c59: receive RaftClientReply:client-23C834B07313->edccc055-c3f5-47df-b30f-76e8836f4c59@group-ED32739C8BBB, cid=1870, SUCCESS, logIndex=2727, commits[edccc055-c3f5-47df-b30f-76e8836f4c59:c2728, f9704f82-adf1-457c-ad29-9b573bc67fa6:c2726, 932806d8-5f5d-4457-8f95-c9b7f9036eae:c2726]
2019-08-07 03:27:19,552 INFO  client.GrpcClientProtocolClient (GrpcClientProtocolClient.java:onNext(255)) - client-23C834B07313->edccc055-c3f5-47df-b30f-76e8836f4c59: receive RaftClientReply:client-23C834B07313->edccc055-c3f5-47df-b30f-76e8836f4c59@group-ED32739C8BBB, cid=1871, SUCCESS, logIndex=2728, commits[edccc055-c3f5-47df-b30f-76e8836f4c59:c2728, f9704f82-adf1-457c-ad29-9b573bc67fa6:c2726, 932806d8-5f5d-4457-8f95-c9b7f9036eae:c2726]
2019-08-07 03:27:19,553 INFO  client.GrpcClientProtocolClient (GrpcClientProtocolClient.java:onNext(255)) - client-23C834B07313->edccc055-c3f5-47df-b30f-76e8836f4c59: receive RaftClientReply:client-23C834B07313->edccc055-c3f5-47df-b30f-76e8836f4c59@group-ED32739C8BBB, cid=1872, SUCCESS, logIndex=2729, commits[edccc055-c3f5-47df-b30f-76e8836f4c59:c2730, f9704f82-adf1-457c-ad29-9b573bc67fa6:c2726, 932806d8-5f5d-4457-8f95-c9b7f9036eae:c2726]
2019-08-07 03:27:19,553 INFO  client.GrpcClientProtocolClient (GrpcClientProtocolClient.java:onNext(255)) - client-23C834B07313->edccc055-c3f5-47df-b30f-76e8836f4c59: receive RaftClientReply:client-23C834B07313->edccc055-c3f5-47df-b30f-76e8836f4c59@group-ED32739C8BBB, cid=1873, SUCCESS, logIndex=2730, commits[edccc055-c3f5-47df-b30f-76e8836f4c59:c2730, f9704f82-adf1-457c-ad29-9b573bc67fa6:c2726, 932806d8-5f5d-4457-8f95-c9b7f9036eae:c2726]
2019-08-07 03:27:19,566 INFO  client.GrpcClientProtocolClient (GrpcClientProtocolClient.java:onNext(255)) - client-23C834B07313->edccc055-c3f5-47df-b30f-76e8836f4c59: receive RaftClientReply:client-23C834B07313->edccc055-c3f5-47df-b30f-76e8836f4c59@group-ED32739C8BBB, cid=1874, SUCCESS, logIndex=0, commits[edccc055-c3f5-47df-b30f-76e8836f4c59:c2732, f9704f82-adf1-457c-ad29-9b573bc67fa6:c2728, 932806d8-5f5d-4457-8f95-c9b7f9036eae:c2728]
2019-08-07 03:27:19,586 INFO  client.GrpcClientProtocolClient (GrpcClientProtocolClient.java:onNext(255)) - client-23C834B07313->edccc055-c3f5-47df-b30f-76e8836f4c59: receive RaftClientReply:client-23C834B07313->edccc055-c3f5-47df-b30f-76e8836f4c59@group-ED32739C8BBB, cid=1875, SUCCESS, logIndex=2735, commits[edccc055-c3f5-47df-b30f-76e8836f4c59:c2736, f9704f82-adf1-457c-ad29-9b573bc67fa6:c2734, 932806d8-5f5d-4457-8f95-c9b7f9036eae:c2734]
2019-08-07 03:27:19,586 INFO  client.GrpcClientProtocolClient (GrpcClientProtocolClient.java:onNext(255)) - client-23C834B07313->edccc055-c3f5-47df-b30f-76e8836f4c59: receive RaftClientReply:client-23C834B07313->edccc055-c3f5-47df-b30f-76e8836f4c59@group-ED32739C8BBB, cid=1876, SUCCESS, logIndex=2736, commits[edccc055-c3f5-47df-b30f-76e8836f4c59:c2736, f9704f82-adf1-457c-ad29-9b573bc67fa6:c2734, 932806d8-5f5d-4457-8f95-c9b7f9036eae:c2734]
2019-08-07 03:27:19,599 INFO  client.GrpcClientProtocolClient (GrpcClientProtocolClient.java:onNext(255)) - client-23C834B07313->edccc055-c3f5-47df-b30f-76e8836f4c59: receive RaftClientReply:client-23C834B07313->edccc055-c3f5-47df-b30f-76e8836f4c59@group-ED32739C8BBB, cid=1877, SUCCESS, logIndex=2739, commits[edccc055-c3f5-47df-b30f-76e8836f4c59:c2740, f9704f82-adf1-457c-ad29-9b573bc67fa6:c2736, 932806d8-5f5d-4457-8f95-c9b7f9036eae:c2736]
2019-08-07 03:27:19,600 INFO  client.GrpcClientProtocolClient (GrpcClientProtocolClient.java:onNext(255)) - client-23C834B07313->edccc055-c3f5-47df-b30f-76e8836f4c59: receive RaftClientReply:client-23C834B07313->edccc055-c3f5-47df-b30f-76e8836f4c59@group-ED32739C8BBB, cid=1878, SUCCESS, logIndex=2740, commits[edccc055-c3f5-47df-b30f-76e8836f4c59:c2740, f9704f82-adf1-457c-ad29-9b573bc67fa6:c2736, 932806d8-5f5d-4457-8f95-c9b7f9036eae:c2736]
2019-08-07 03:27:19,629 INFO  client.GrpcClientProtocolClient (GrpcClientProtocolClient.java:onNext(255)) - client-23C834B07313->edccc055-c3f5-47df-b30f-76e8836f4c59: receive RaftClientReply:client-23C834B07313->edccc055-c3f5-47df-b30f-76e8836f4c59@group-ED32739C8BBB, cid=1879, SUCCESS, logIndex=0, commits[edccc055-c3f5-47df-b30f-76e8836f4c59:c2742, f9704f82-adf1-457c-ad29-9b573bc67fa6:c2740, 932806d8-5f5d-4457-8f95-c9b7f9036eae:c2740]
2019-08-07 03:27:19,822 INFO  client.GrpcClientProtocolClient (GrpcClientProtocolClient.java:onNext(255)) - client-23C834B07313->edccc055-c3f5-47df-b30f-76e8836f4c59: receive RaftClientReply:client-23C834B07313->edccc055-c3f5-47df-b30f-76e8836f4c59@group-ED32739C8BBB, cid=1880, SUCCESS, logIndex=2743, commits[edccc055-c3f5-47df-b30f-76e8836f4c59:c2743, f9704f82-adf1-457c-ad29-9b573bc67fa6:c2742, 932806d8-5f5d-4457-8f95-c9b7f9036eae:c2742]
2019-08-07 03:27:19,823 INFO  client.GrpcClientProtocolClient (GrpcClientProtocolClient.java:onNext(255)) - client-23C834B07313->edccc055-c3f5-47df-b30f-76e8836f4c59: receive RaftClientReply:client-23C834B07313->edccc055-c3f5-47df-b30f-76e8836f4c59@group-ED32739C8BBB, cid=1881, SUCCESS, logIndex=2744, commits[edccc055-c3f5-47df-b30f-76e8836f4c59:c2746, f9704f82-adf1-457c-ad29-9b573bc67fa6:c2742, 932806d8-5f5d-4457-8f95-c9b7f9036eae:c2742]
2019-08-07 03:27:19,823 INFO  client.GrpcClientProtocolClient (GrpcClientProtocolClient.java:onNext(255)) - client-23C834B07313->edccc055-c3f5-47df-b30f-76e8836f4c59: receive RaftClientReply:client-23C834B07313->edccc055-c3f5-47df-b30f-76e8836f4c59@group-ED32739C8BBB, cid=1882, SUCCESS, logIndex=2745, commits[edccc055-c3f5-47df-b30f-76e8836f4c59:c2746, f9704f82-adf1-457c-ad29-9b573bc67fa6:c2742, 932806d8-5f5d-4457-8f95-c9b7f9036eae:c2742]
2019-08-07 03:27:19,823 INFO  client.GrpcClientProtocolClient (GrpcClientProtocolClient.java:onNext(255)) - client-23C834B07313->edccc055-c3f5-47df-b30f-76e8836f4c59: receive RaftClientReply:client-23C834B07313->edccc055-c3f5-47df-b30f-76e8836f4c59@group-ED32739C8BBB, cid=1883, SUCCESS, logIndex=2746, commits[edccc055-c3f5-47df-b30f-76e8836f4c59:c2746, f9704f82-adf1-457c-ad29-9b573bc67fa6:c2742, 932806d8-5f5d-4457-8f95-c9b7f9036eae:c2742]
2019-08-07 03:27:19,835 INFO  client.GrpcClientProtocolClient (GrpcClientProtocolClient.java:onNext(255)) - client-23C834B07313->edccc055-c3f5-47df-b30f-76e8836f4c59: receive RaftClientReply:client-23C834B07313->edccc055-c3f5-47df-b30f-76e8836f4c59@group-ED32739C8BBB, cid=1884, SUCCESS, logIndex=0, commits[edccc055-c3f5-47df-b30f-76e8836f4c59:c2748, f9704f82-adf1-457c-ad29-9b573bc67fa6:c2746, 932806d8-5f5d-4457-8f95-c9b7f9036eae:c2746]
2019-08-07 03:27:19,858 INFO  client.GrpcClientProtocolClient (GrpcClientProtocolClient.java:onNext(255)) - client-23C834B07313->edccc055-c3f5-47df-b30f-76e8836f4c59: receive RaftClientReply:client-23C834B07313->edccc055-c3f5-47df-b30f-76e8836f4c59@group-ED32739C8BBB, cid=1885, SUCCESS, logIndex=2749, commits[edccc055-c3f5-47df-b30f-76e8836f4c59:c2750, f9704f82-adf1-457c-ad29-9b573bc67fa6:c2748, 932806d8-5f5d-4457-8f95-c9b7f9036eae:c2748]
2019-08-07 03:27:19,858 INFO  client.GrpcClientProtocolClient (GrpcClientProtocolClient.java:onNext(255)) - client-23C834B07313->edccc055-c3f5-47df-b30f-76e8836f4c59: receive RaftClientReply:client-23C834B07313->edccc055-c3f5-47df-b30f-76e8836f4c59@group-ED32739C8BBB, cid=1886, SUCCESS, logIndex=2750, commits[edccc055-c3f5-47df-b30f-76e8836f4c59:c2750, f9704f82-adf1-457c-ad29-9b573bc67fa6:c2748, 932806d8-5f5d-4457-8f95-c9b7f9036eae:c2748]
2019-08-07 03:27:19,876 INFO  client.GrpcClientProtocolClient (GrpcClientProtocolClient.java:onNext(255)) - client-23C834B07313->edccc055-c3f5-47df-b30f-76e8836f4c59: receive RaftClientReply:client-23C834B07313->edccc055-c3f5-47df-b30f-76e8836f4c59@group-ED32739C8BBB, cid=1887, SUCCESS, logIndex=2753, commits[edccc055-c3f5-47df-b30f-76e8836f4c59:c2754, f9704f82-adf1-457c-ad29-9b573bc67fa6:c2749, 932806d8-5f5d-4457-8f95-c9b7f9036eae:c2750]
2019-08-07 03:27:19,877 INFO  client.GrpcClientProtocolClient (GrpcClientProtocolClient.java:onNext(255)) - client-23C834B07313->edccc055-c3f5-47df-b30f-76e8836f4c59: receive RaftClientReply:client-23C834B07313->edccc055-c3f5-47df-b30f-76e8836f4c59@group-ED32739C8BBB, cid=1888, SUCCESS, logIndex=2754, commits[edccc055-c3f5-47df-b30f-76e8836f4c59:c2754, f9704f82-adf1-457c-ad29-9b573bc67fa6:c2750, 932806d8-5f5d-4457-8f95-c9b7f9036eae:c2750]
2019-08-07 03:27:19,888 INFO  client.GrpcClientProtocolClient (GrpcClientProtocolClient.java:onNext(255)) - client-23C834B07313->edccc055-c3f5-47df-b30f-76e8836f4c59: receive RaftClientReply:client-23C834B07313->edccc055-c3f5-47df-b30f-76e8836f4c59@group-ED32739C8BBB, cid=1889, SUCCESS, logIndex=0, commits[edccc055-c3f5-47df-b30f-76e8836f4c59:c2755, f9704f82-adf1-457c-ad29-9b573bc67fa6:c2754, 932806d8-5f5d-4457-8f95-c9b7f9036eae:c2754]
2019-08-07 03:27:19,922 INFO  client.GrpcClientProtocolClient (GrpcClientProtocolClient.java:onNext(255)) - client-23C834B07313->edccc055-c3f5-47df-b30f-76e8836f4c59: receive RaftClientReply:client-23C834B07313->edccc055-c3f5-47df-b30f-76e8836f4c59@group-ED32739C8BBB, cid=1890, SUCCESS, logIndex=2757, commits[edccc055-c3f5-47df-b30f-76e8836f4c59:c2759, f9704f82-adf1-457c-ad29-9b573bc67fa6:c2756, 932806d8-5f5d-4457-8f95-c9b7f9036eae:c2756]
2019-08-07 03:27:19,922 INFO  client.GrpcClientProtocolClient (GrpcClientProtocolClient.java:onNext(255)) - client-23C834B07313->edccc055-c3f5-47df-b30f-76e8836f4c59: receive RaftClientReply:client-23C834B07313->edccc055-c3f5-47df-b30f-76e8836f4c59@group-ED32739C8BBB, cid=1891, SUCCESS, logIndex=2758, commits[edccc055-c3f5-47df-b30f-76e8836f4c59:c2760, f9704f82-adf1-457c-ad29-9b573bc67fa6:c2756, 932806d8-5f5d-4457-8f95-c9b7f9036eae:c2756]
2019-08-07 03:27:19,923 INFO  client.GrpcClientProtocolClient (GrpcClientProtocolClient.java:onNext(255)) - client-23C834B07313->edccc055-c3f5-47df-b30f-76e8836f4c59: receive RaftClientReply:client-23C834B07313->edccc055-c3f5-47df-b30f-76e8836f4c59@group-ED32739C8BBB, cid=1892, SUCCESS, logIndex=2759, commits[edccc055-c3f5-47df-b30f-76e8836f4c59:c2760, f9704f82-adf1-457c-ad29-9b573bc67fa6:c2756, 932806d8-5f5d-4457-8f95-c9b7f9036eae:c2756]
2019-08-07 03:27:19,923 INFO  client.GrpcClientProtocolClient (GrpcClientProtocolClient.java:onNext(255)) - client-23C834B07313->edccc055-c3f5-47df-b30f-76e8836f4c59: receive RaftClientReply:client-23C834B07313->edccc055-c3f5-47df-b30f-76e8836f4c59@group-ED32739C8BBB, cid=1893, SUCCESS, logIndex=2760, commits[edccc055-c3f5-47df-b30f-76e8836f4c59:c2760, f9704f82-adf1-457c-ad29-9b573bc67fa6:c2756, 932806d8-5f5d-4457-8f95-c9b7f9036eae:c2756]
2019-08-07 03:27:19,936 INFO  client.GrpcClientProtocolClient (GrpcClientProtocolClient.java:onNext(255)) - client-23C834B07313->edccc055-c3f5-47df-b30f-76e8836f4c59: receive RaftClientReply:client-23C834B07313->edccc055-c3f5-47df-b30f-76e8836f4c59@group-ED32739C8BBB, cid=1894, SUCCESS, logIndex=0, commits[edccc055-c3f5-47df-b30f-76e8836f4c59:c2763, f9704f82-adf1-457c-ad29-9b573bc67fa6:c2758, 932806d8-5f5d-4457-8f95-c9b7f9036eae:c2759]
2019-08-07 03:27:19,959 INFO  client.GrpcClientProtocolClient (GrpcClientProtocolClient.java:onNext(255)) - client-23C834B07313->edccc055-c3f5-47df-b30f-76e8836f4c59: receive RaftClientReply:client-23C834B07313->edccc055-c3f5-47df-b30f-76e8836f4c59@group-ED32739C8BBB, cid=1895, SUCCESS, logIndex=2765, commits[edccc055-c3f5-47df-b30f-76e8836f4c59:c2766, f9704f82-adf1-457c-ad29-9b573bc67fa6:c2764, 932806d8-5f5d-4457-8f95-c9b7f9036eae:c2764]
2019-08-07 03:27:19,959 INFO  client.GrpcClientProtocolClient (GrpcClientProtocolClient.java:onNext(255)) - client-23C834B07313->edccc055-c3f5-47df-b30f-76e8836f4c59: receive RaftClientReply:client-23C834B07313->edccc055-c3f5-47df-b30f-76e8836f4c59@group-ED32739C8BBB, cid=1896, SUCCESS, logIndex=2766, commits[edccc055-c3f5-47df-b30f-76e8836f4c59:c2766, f9704f82-adf1-457c-ad29-9b573bc67fa6:c2764, 932806d8-5f5d-4457-8f95-c9b7f9036eae:c2764]
2019-08-07 03:27:19,982 INFO  client.GrpcClientProtocolClient (GrpcClientProtocolClient.java:onNext(255)) - client-23C834B07313->edccc055-c3f5-47df-b30f-76e8836f4c59: receive RaftClientReply:client-23C834B07313->edccc055-c3f5-47df-b30f-76e8836f4c59@group-ED32739C8BBB, cid=1897, SUCCESS, logIndex=2769, commits[edccc055-c3f5-47df-b30f-76e8836f4c59:c2770, f9704f82-adf1-457c-ad29-9b573bc67fa6:c2766, 932806d8-5f5d-4457-8f95-c9b7f9036eae:c2766]
2019-08-07 03:27:19,983 INFO  client.GrpcClientProtocolClient (GrpcClientProtocolClient.java:onNext(255)) - client-23C834B07313->edccc055-c3f5-47df-b30f-76e8836f4c59: receive RaftClientReply:client-23C834B07313->edccc055-c3f5-47df-b30f-76e8836f4c59@group-ED32739C8BBB, cid=1898, SUCCESS, logIndex=2770, commits[edccc055-c3f5-47df-b30f-76e8836f4c59:c2770, f9704f82-adf1-457c-ad29-9b573bc67fa6:c2766, 932806d8-5f5d-4457-8f95-c9b7f9036eae:c2766]
2019-08-07 03:27:19,997 INFO  client.GrpcClientProtocolClient (GrpcClientProtocolClient.java:onNext(255)) - client-23C834B07313->edccc055-c3f5-47df-b30f-76e8836f4c59: receive RaftClientReply:client-23C834B07313->edccc055-c3f5-47df-b30f-76e8836f4c59@group-ED32739C8BBB, cid=1899, SUCCESS, logIndex=0, commits[edccc055-c3f5-47df-b30f-76e8836f4c59:c2772, f9704f82-adf1-457c-ad29-9b573bc67fa6:c2770, 932806d8-5f5d-4457-8f95-c9b7f9036eae:c2770]
2019-08-07 03:27:20,028 INFO  client.GrpcClientProtocolClient (GrpcClientProtocolClient.java:onNext(255)) - client-23C834B07313->edccc055-c3f5-47df-b30f-76e8836f4c59: receive RaftClientReply:client-23C834B07313->edccc055-c3f5-47df-b30f-76e8836f4c59@group-ED32739C8BBB, cid=1900, SUCCESS, logIndex=2773, commits[edccc055-c3f5-47df-b30f-76e8836f4c59:c2774, f9704f82-adf1-457c-ad29-9b573bc67fa6:c2772, 932806d8-5f5d-4457-8f95-c9b7f9036eae:c2772]
2019-08-07 03:27:20,029 INFO  client.GrpcClientProtocolClient (GrpcClientProtocolClient.java:onNext(255)) - client-23C834B07313->edccc055-c3f5-47df-b30f-76e8836f4c59: receive RaftClientReply:client-23C834B07313->edccc055-c3f5-47df-b30f-76e8836f4c59@group-ED32739C8BBB, cid=1901, SUCCESS, logIndex=2774, commits[edccc055-c3f5-47df-b30f-76e8836f4c59:c2776, f9704f82-adf1-457c-ad29-9b573bc67fa6:c2772, 932806d8-5f5d-4457-8f95-c9b7f9036eae:c2772]
2019-08-07 03:27:20,030 INFO  client.GrpcClientProtocolClient (GrpcClientProtocolClient.java:onNext(255)) - client-23C834B07313->edccc055-c3f5-47df-b30f-76e8836f4c59: receive RaftClientReply:client-23C834B07313->edccc055-c3f5-47df-b30f-76e8836f4c59@group-ED32739C8BBB, cid=1902, SUCCESS, logIndex=2775, commits[edccc055-c3f5-47df-b30f-76e8836f4c59:c2776, f9704f82-adf1-457c-ad29-9b573bc67fa6:c2772, 932806d8-5f5d-4457-8f95-c9b7f9036eae:c2772]
2019-08-07 03:27:20,030 INFO  client.GrpcClientProtocolClient (GrpcClientProtocolClient.java:onNext(255)) - client-23C834B07313->edccc055-c3f5-47df-b30f-76e8836f4c59: receive RaftClientReply:client-23C834B07313->edccc055-c3f5-47df-b30f-76e8836f4c59@group-ED32739C8BBB, cid=1903, SUCCESS, logIndex=2776, commits[edccc055-c3f5-47df-b30f-76e8836f4c59:c2776, f9704f82-adf1-457c-ad29-9b573bc67fa6:c2772, 932806d8-5f5d-4457-8f95-c9b7f9036eae:c2772]
2019-08-07 03:27:20,043 INFO  client.GrpcClientProtocolClient (GrpcClientProtocolClient.java:onNext(255)) - client-23C834B07313->edccc055-c3f5-47df-b30f-76e8836f4c59: receive RaftClientReply:client-23C834B07313->edccc055-c3f5-47df-b30f-76e8836f4c59@group-ED32739C8BBB, cid=1904, SUCCESS, logIndex=0, commits[edccc055-c3f5-47df-b30f-76e8836f4c59:c2778, f9704f82-adf1-457c-ad29-9b573bc67fa6:c2774, 932806d8-5f5d-4457-8f95-c9b7f9036eae:c2774]
2019-08-07 03:27:20,064 INFO  client.GrpcClientProtocolClient (GrpcClientProtocolClient.java:onNext(255)) - client-23C834B07313->edccc055-c3f5-47df-b30f-76e8836f4c59: receive RaftClientReply:client-23C834B07313->edccc055-c3f5-47df-b30f-76e8836f4c59@group-ED32739C8BBB, cid=1905, SUCCESS, logIndex=2781, commits[edccc055-c3f5-47df-b30f-76e8836f4c59:c2782, f9704f82-adf1-457c-ad29-9b573bc67fa6:c2780, 932806d8-5f5d-4457-8f95-c9b7f9036eae:c2776]
2019-08-07 03:27:20,065 INFO  client.GrpcClientProtocolClient (GrpcClientProtocolClient.java:onNext(255)) - client-23C834B07313->edccc055-c3f5-47df-b30f-76e8836f4c59: receive RaftClientReply:client-23C834B07313->edccc055-c3f5-47df-b30f-76e8836f4c59@group-ED32739C8BBB, cid=1906, SUCCESS, logIndex=2782, commits[edccc055-c3f5-47df-b30f-76e8836f4c59:c2782, f9704f82-adf1-457c-ad29-9b573bc67fa6:c2780, 932806d8-5f5d-4457-8f95-c9b7f9036eae:c2780]
2019-08-07 03:27:20,089 INFO  client.GrpcClientProtocolClient (GrpcClientProtocolClient.java:onNext(255)) - client-23C834B07313->edccc055-c3f5-47df-b30f-76e8836f4c59: receive RaftClientReply:client-23C834B07313->edccc055-c3f5-47df-b30f-76e8836f4c59@group-ED32739C8BBB, cid=1907, SUCCESS, logIndex=2785, commits[edccc055-c3f5-47df-b30f-76e8836f4c59:c2786, f9704f82-adf1-457c-ad29-9b573bc67fa6:c2781, 932806d8-5f5d-4457-8f95-c9b7f9036eae:c2782]
2019-08-07 03:27:20,090 INFO  client.GrpcClientProtocolClient (GrpcClientProtocolClient.java:onNext(255)) - client-23C834B07313->edccc055-c3f5-47df-b30f-76e8836f4c59: receive RaftClientReply:client-23C834B07313->edccc055-c3f5-47df-b30f-76e8836f4c59@group-ED32739C8BBB, cid=1908, SUCCESS, logIndex=2786, commits[edccc055-c3f5-47df-b30f-76e8836f4c59:c2786, f9704f82-adf1-457c-ad29-9b573bc67fa6:c2782, 932806d8-5f5d-4457-8f95-c9b7f9036eae:c2782]
2019-08-07 03:27:20,094 INFO  client.GrpcClientProtocolClient (GrpcClientProtocolClient.java:onNext(255)) - client-23C834B07313->edccc055-c3f5-47df-b30f-76e8836f4c59: receive RaftClientReply:client-23C834B07313->edccc055-c3f5-47df-b30f-76e8836f4c59@group-ED32739C8BBB, cid=1909, SUCCESS, logIndex=0, commits[edccc055-c3f5-47df-b30f-76e8836f4c59:c2788, f9704f82-adf1-457c-ad29-9b573bc67fa6:c2786, 932806d8-5f5d-4457-8f95-c9b7f9036eae:c2786]
2019-08-07 03:27:20,194 INFO  client.GrpcClientProtocolClient (GrpcClientProtocolClient.java:onNext(255)) - client-23C834B07313->edccc055-c3f5-47df-b30f-76e8836f4c59: receive RaftClientReply:client-23C834B07313->edccc055-c3f5-47df-b30f-76e8836f4c59@group-ED32739C8BBB, cid=1910, SUCCESS, logIndex=2789, commits[edccc055-c3f5-47df-b30f-76e8836f4c59:c2791, f9704f82-adf1-457c-ad29-9b573bc67fa6:c2788, 932806d8-5f5d-4457-8f95-c9b7f9036eae:c2788]
2019-08-07 03:27:20,194 INFO  client.GrpcClientProtocolClient (GrpcClientProtocolClient.java:onNext(255)) - client-23C834B07313->edccc055-c3f5-47df-b30f-76e8836f4c59: receive RaftClientReply:client-23C834B07313->edccc055-c3f5-47df-b30f-76e8836f4c59@group-ED32739C8BBB, cid=1911, SUCCESS, logIndex=2790, commits[edccc055-c3f5-47df-b30f-76e8836f4c59:c2792, f9704f82-adf1-457c-ad29-9b573bc67fa6:c2788, 932806d8-5f5d-4457-8f95-c9b7f9036eae:c2788]
2019-08-07 03:27:20,195 INFO  client.GrpcClientProtocolClient (GrpcClientProtocolClient.java:onNext(255)) - client-23C834B07313->edccc055-c3f5-47df-b30f-76e8836f4c59: receive RaftClientReply:client-23C834B07313->edccc055-c3f5-47df-b30f-76e8836f4c59@group-ED32739C8BBB, cid=1912, SUCCESS, logIndex=2791, commits[edccc055-c3f5-47df-b30f-76e8836f4c59:c2792, f9704f82-adf1-457c-ad29-9b573bc67fa6:c2788, 932806d8-5f5d-4457-8f95-c9b7f9036eae:c2788]
2019-08-07 03:27:20,195 INFO  client.GrpcClientProtocolClient (GrpcClientProtocolClient.java:onNext(255)) - client-23C834B07313->edccc055-c3f5-47df-b30f-76e8836f4c59: receive RaftClientReply:client-23C834B07313->edccc055-c3f5-47df-b30f-76e8836f4c59@group-ED32739C8BBB, cid=1913, SUCCESS, logIndex=2792, commits[edccc055-c3f5-47df-b30f-76e8836f4c59:c2792, f9704f82-adf1-457c-ad29-9b573bc67fa6:c2788, 932806d8-5f5d-4457-8f95-c9b7f9036eae:c2788]
2019-08-07 03:27:20,197 INFO  client.GrpcClientProtocolClient (GrpcClientProtocolClient.java:onNext(255)) - client-23C834B07313->edccc055-c3f5-47df-b30f-76e8836f4c59: receive RaftClientReply:client-23C834B07313->edccc055-c3f5-47df-b30f-76e8836f4c59@group-ED32739C8BBB, cid=1914, SUCCESS, logIndex=0, commits[edccc055-c3f5-47df-b30f-76e8836f4c59:c2793, f9704f82-adf1-457c-ad29-9b573bc67fa6:c2790, 932806d8-5f5d-4457-8f95-c9b7f9036eae:c2790]
2019-08-07 03:27:20,224 INFO  client.GrpcClientProtocolClient (GrpcClientProtocolClient.java:onNext(255)) - client-23C834B07313->edccc055-c3f5-47df-b30f-76e8836f4c59: receive RaftClientReply:client-23C834B07313->edccc055-c3f5-47df-b30f-76e8836f4c59@group-ED32739C8BBB, cid=1915, SUCCESS, logIndex=2797, commits[edccc055-c3f5-47df-b30f-76e8836f4c59:c2798, f9704f82-adf1-457c-ad29-9b573bc67fa6:c2793, 932806d8-5f5d-4457-8f95-c9b7f9036eae:c2793]
2019-08-07 03:27:20,225 INFO  client.GrpcClientProtocolClient (GrpcClientProtocolClient.java:onNext(255)) - client-23C834B07313->edccc055-c3f5-47df-b30f-76e8836f4c59: receive RaftClientReply:client-23C834B07313->edccc055-c3f5-47df-b30f-76e8836f4c59@group-ED32739C8BBB, cid=1916, SUCCESS, logIndex=2798, commits[edccc055-c3f5-47df-b30f-76e8836f4c59:c2798, f9704f82-adf1-457c-ad29-9b573bc67fa6:c2793, 932806d8-5f5d-4457-8f95-c9b7f9036eae:c2793]
2019-08-07 03:27:20,240 INFO  client.GrpcClientProtocolClient (GrpcClientProtocolClient.java:onNext(255)) - client-23C834B07313->edccc055-c3f5-47df-b30f-76e8836f4c59: receive RaftClientReply:client-23C834B07313->edccc055-c3f5-47df-b30f-76e8836f4c59@group-ED32739C8BBB, cid=1917, SUCCESS, logIndex=2801, commits[edccc055-c3f5-47df-b30f-76e8836f4c59:c2802, f9704f82-adf1-457c-ad29-9b573bc67fa6:c2798, 932806d8-5f5d-4457-8f95-c9b7f9036eae:c2799]
2019-08-07 03:27:20,240 INFO  client.GrpcClientProtocolClient (GrpcClientProtocolClient.java:onNext(255)) - client-23C834B07313->edccc055-c3f5-47df-b30f-76e8836f4c59: receive RaftClientReply:client-23C834B07313->edccc055-c3f5-47df-b30f-76e8836f4c59@group-ED32739C8BBB, cid=1918, SUCCESS, logIndex=2802, commits[edccc055-c3f5-47df-b30f-76e8836f4c59:c2802, f9704f82-adf1-457c-ad29-9b573bc67fa6:c2799, 932806d8-5f5d-4457-8f95-c9b7f9036eae:c2799]
2019-08-07 03:27:20,242 INFO  client.GrpcClientProtocolClient (GrpcClientProtocolClient.java:onNext(255)) - client-23C834B07313->edccc055-c3f5-47df-b30f-76e8836f4c59: receive RaftClientReply:client-23C834B07313->edccc055-c3f5-47df-b30f-76e8836f4c59@group-ED32739C8BBB, cid=1919, SUCCESS, logIndex=0, commits[edccc055-c3f5-47df-b30f-76e8836f4c59:c2803, f9704f82-adf1-457c-ad29-9b573bc67fa6:c2802, 932806d8-5f5d-4457-8f95-c9b7f9036eae:c2802]
2019-08-07 03:27:20,273 INFO  client.GrpcClientProtocolClient (GrpcClientProtocolClient.java:onNext(255)) - client-23C834B07313->edccc055-c3f5-47df-b30f-76e8836f4c59: receive RaftClientReply:client-23C834B07313->edccc055-c3f5-47df-b30f-76e8836f4c59@group-ED32739C8BBB, cid=1920, SUCCESS, logIndex=2805, commits[edccc055-c3f5-47df-b30f-76e8836f4c59:c2807, f9704f82-adf1-457c-ad29-9b573bc67fa6:c2804, 932806d8-5f5d-4457-8f95-c9b7f9036eae:c2804]
2019-08-07 03:27:20,274 INFO  client.GrpcClientProtocolClient (GrpcClientProtocolClient.java:onNext(255)) - client-23C834B07313->edccc055-c3f5-47df-b30f-76e8836f4c59: receive RaftClientReply:client-23C834B07313->edccc055-c3f5-47df-b30f-76e8836f4c59@group-ED32739C8BBB, cid=1921, SUCCESS, logIndex=2806, commits[edccc055-c3f5-47df-b30f-76e8836f4c59:c2808, f9704f82-adf1-457c-ad29-9b573bc67fa6:c2804, 932806d8-5f5d-4457-8f95-c9b7f9036eae:c2804]
2019-08-07 03:27:20,275 INFO  client.GrpcClientProtocolClient (GrpcClientProtocolClient.java:onNext(255)) - client-23C834B07313->edccc055-c3f5-47df-b30f-76e8836f4c59: receive RaftClientReply:client-23C834B07313->edccc055-c3f5-47df-b30f-76e8836f4c59@group-ED32739C8BBB, cid=1922, SUCCESS, logIndex=2807, commits[edccc055-c3f5-47df-b30f-76e8836f4c59:c2808, f9704f82-adf1-457c-ad29-9b573bc67fa6:c2804, 932806d8-5f5d-4457-8f95-c9b7f9036eae:c2804]
2019-08-07 03:27:20,275 INFO  client.GrpcClientProtocolClient (GrpcClientProtocolClient.java:onNext(255)) - client-23C834B07313->edccc055-c3f5-47df-b30f-76e8836f4c59: receive RaftClientReply:client-23C834B07313->edccc055-c3f5-47df-b30f-76e8836f4c59@group-ED32739C8BBB, cid=1923, SUCCESS, logIndex=2808, commits[edccc055-c3f5-47df-b30f-76e8836f4c59:c2808, f9704f82-adf1-457c-ad29-9b573bc67fa6:c2804, 932806d8-5f5d-4457-8f95-c9b7f9036eae:c2804]
2019-08-07 03:27:20,276 INFO  client.GrpcClientProtocolClient (GrpcClientProtocolClient.java:onNext(255)) - client-23C834B07313->edccc055-c3f5-47df-b30f-76e8836f4c59: receive RaftClientReply:client-23C834B07313->edccc055-c3f5-47df-b30f-76e8836f4c59@group-ED32739C8BBB, cid=1924, SUCCESS, logIndex=0, commits[edccc055-c3f5-47df-b30f-76e8836f4c59:c2810, f9704f82-adf1-457c-ad29-9b573bc67fa6:c2807, 932806d8-5f5d-4457-8f95-c9b7f9036eae:c2807]
2019-08-07 03:27:20,297 INFO  client.GrpcClientProtocolClient (GrpcClientProtocolClient.java:onNext(255)) - client-23C834B07313->edccc055-c3f5-47df-b30f-76e8836f4c59: receive RaftClientReply:client-23C834B07313->edccc055-c3f5-47df-b30f-76e8836f4c59@group-ED32739C8BBB, cid=1925, SUCCESS, logIndex=2813, commits[edccc055-c3f5-47df-b30f-76e8836f4c59:c2814, f9704f82-adf1-457c-ad29-9b573bc67fa6:c2812, 932806d8-5f5d-4457-8f95-c9b7f9036eae:c2812]
2019-08-07 03:27:20,297 INFO  client.GrpcClientProtocolClient (GrpcClientProtocolClient.java:onNext(255)) - client-23C834B07313->edccc055-c3f5-47df-b30f-76e8836f4c59: receive RaftClientReply:client-23C834B07313->edccc055-c3f5-47df-b30f-76e8836f4c59@group-ED32739C8BBB, cid=1926, SUCCESS, logIndex=2814, commits[edccc055-c3f5-47df-b30f-76e8836f4c59:c2814, f9704f82-adf1-457c-ad29-9b573bc67fa6:c2812, 932806d8-5f5d-4457-8f95-c9b7f9036eae:c2812]
2019-08-07 03:27:20,312 INFO  client.GrpcClientProtocolClient (GrpcClientProtocolClient.java:onNext(255)) - client-23C834B07313->edccc055-c3f5-47df-b30f-76e8836f4c59: receive RaftClientReply:client-23C834B07313->edccc055-c3f5-47df-b30f-76e8836f4c59@group-ED32739C8BBB, cid=1927, SUCCESS, logIndex=2817, commits[edccc055-c3f5-47df-b30f-76e8836f4c59:c2818, f9704f82-adf1-457c-ad29-9b573bc67fa6:c2814, 932806d8-5f5d-4457-8f95-c9b7f9036eae:c2814]
2019-08-07 03:27:20,312 INFO  client.GrpcClientProtocolClient (GrpcClientProtocolClient.java:onNext(255)) - client-23C834B07313->edccc055-c3f5-47df-b30f-76e8836f4c59: receive RaftClientReply:client-23C834B07313->edccc055-c3f5-47df-b30f-76e8836f4c59@group-ED32739C8BBB, cid=1928, SUCCESS, logIndex=2818, commits[edccc055-c3f5-47df-b30f-76e8836f4c59:c2818, f9704f82-adf1-457c-ad29-9b573bc67fa6:c2814, 932806d8-5f5d-4457-8f95-c9b7f9036eae:c2814]
2019-08-07 03:27:20,327 INFO  client.GrpcClientProtocolClient (GrpcClientProtocolClient.java:onNext(255)) - client-23C834B07313->edccc055-c3f5-47df-b30f-76e8836f4c59: receive RaftClientReply:client-23C834B07313->edccc055-c3f5-47df-b30f-76e8836f4c59@group-ED32739C8BBB, cid=1929, SUCCESS, logIndex=0, commits[edccc055-c3f5-47df-b30f-76e8836f4c59:c2819, f9704f82-adf1-457c-ad29-9b573bc67fa6:c2818, 932806d8-5f5d-4457-8f95-c9b7f9036eae:c2818]
 0.00% |█                                                                                                    |  0/1 Time: 0:00:162019-08-07 03:27:20,357 INFO  client.GrpcClientProtocolClient (GrpcClientProtocolClient.java:onNext(255)) - client-23C834B07313->edccc055-c3f5-47df-b30f-76e8836f4c59: receive RaftClientReply:client-23C834B07313->edccc055-c3f5-47df-b30f-76e8836f4c59@group-ED32739C8BBB, cid=1930, SUCCESS, logIndex=2821, commits[edccc055-c3f5-47df-b30f-76e8836f4c59:c2824, f9704f82-adf1-457c-ad29-9b573bc67fa6:c2820, 932806d8-5f5d-4457-8f95-c9b7f9036eae:c2820]
2019-08-07 03:27:20,357 INFO  client.GrpcClientProtocolClient (GrpcClientProtocolClient.java:onNext(255)) - client-23C834B07313->edccc055-c3f5-47df-b30f-76e8836f4c59: receive RaftClientReply:client-23C834B07313->edccc055-c3f5-47df-b30f-76e8836f4c59@group-ED32739C8BBB, cid=1931, SUCCESS, logIndex=2822, commits[edccc055-c3f5-47df-b30f-76e8836f4c59:c2824, f9704f82-adf1-457c-ad29-9b573bc67fa6:c2820, 932806d8-5f5d-4457-8f95-c9b7f9036eae:c2820]
2019-08-07 03:27:20,357 INFO  client.GrpcClientProtocolClient (GrpcClientProtocolClient.java:onNext(255)) - client-23C834B07313->edccc055-c3f5-47df-b30f-76e8836f4c59: receive RaftClientReply:client-23C834B07313->edccc055-c3f5-47df-b30f-76e8836f4c59@group-ED32739C8BBB, cid=1932, SUCCESS, logIndex=2823, commits[edccc055-c3f5-47df-b30f-76e8836f4c59:c2824, f9704f82-adf1-457c-ad29-9b573bc67fa6:c2820, 932806d8-5f5d-4457-8f95-c9b7f9036eae:c2820]
2019-08-07 03:27:20,358 INFO  client.GrpcClientProtocolClient (GrpcClientProtocolClient.java:onNext(255)) - client-23C834B07313->edccc055-c3f5-47df-b30f-76e8836f4c59: receive RaftClientReply:client-23C834B07313->edccc055-c3f5-47df-b30f-76e8836f4c59@group-ED32739C8BBB, cid=1933, SUCCESS, logIndex=2824, commits[edccc055-c3f5-47df-b30f-76e8836f4c59:c2824, f9704f82-adf1-457c-ad29-9b573bc67fa6:c2820, 932806d8-5f5d-4457-8f95-c9b7f9036eae:c2820]
2019-08-07 03:27:20,371 INFO  client.GrpcClientProtocolClient (GrpcClientProtocolClient.java:onNext(255)) - client-23C834B07313->edccc055-c3f5-47df-b30f-76e8836f4c59: receive RaftClientReply:client-23C834B07313->edccc055-c3f5-47df-b30f-76e8836f4c59@group-ED32739C8BBB, cid=1934, SUCCESS, logIndex=0, commits[edccc055-c3f5-47df-b30f-76e8836f4c59:c2825, f9704f82-adf1-457c-ad29-9b573bc67fa6:c2822, 932806d8-5f5d-4457-8f95-c9b7f9036eae:c2822]
2019-08-07 03:27:20,397 INFO  client.GrpcClientProtocolClient (GrpcClientProtocolClient.java:onNext(255)) - client-23C834B07313->edccc055-c3f5-47df-b30f-76e8836f4c59: receive RaftClientReply:client-23C834B07313->edccc055-c3f5-47df-b30f-76e8836f4c59@group-ED32739C8BBB, cid=1935, SUCCESS, logIndex=2829, commits[edccc055-c3f5-47df-b30f-76e8836f4c59:c2830, f9704f82-adf1-457c-ad29-9b573bc67fa6:c2828, 932806d8-5f5d-4457-8f95-c9b7f9036eae:c2828]
2019-08-07 03:27:20,398 INFO  client.GrpcClientProtocolClient (GrpcClientProtocolClient.java:onNext(255)) - client-23C834B07313->edccc055-c3f5-47df-b30f-76e8836f4c59: receive RaftClientReply:client-23C834B07313->edccc055-c3f5-47df-b30f-76e8836f4c59@group-ED32739C8BBB, cid=1936, SUCCESS, logIndex=2830, commits[edccc055-c3f5-47df-b30f-76e8836f4c59:c2830, f9704f82-adf1-457c-ad29-9b573bc67fa6:c2828, 932806d8-5f5d-4457-8f95-c9b7f9036eae:c2828]
2019-08-07 03:27:20,412 INFO  client.GrpcClientProtocolClient (GrpcClientProtocolClient.java:onNext(255)) - client-23C834B07313->edccc055-c3f5-47df-b30f-76e8836f4c59: receive RaftClientReply:client-23C834B07313->edccc055-c3f5-47df-b30f-76e8836f4c59@group-ED32739C8BBB, cid=1937, SUCCESS, logIndex=2833, commits[edccc055-c3f5-47df-b30f-76e8836f4c59:c2833, f9704f82-adf1-457c-ad29-9b573bc67fa6:c2830, 932806d8-5f5d-4457-8f95-c9b7f9036eae:c2830]
2019-08-07 03:27:20,412 INFO  client.GrpcClientProtocolClient (GrpcClientProtocolClient.java:onNext(255)) - client-23C834B07313->edccc055-c3f5-47df-b30f-76e8836f4c59: receive RaftClientReply:client-23C834B07313->edccc055-c3f5-47df-b30f-76e8836f4c59@group-ED32739C8BBB, cid=1938, SUCCESS, logIndex=2834, commits[edccc055-c3f5-47df-b30f-76e8836f4c59:c2834, f9704f82-adf1-457c-ad29-9b573bc67fa6:c2830, 932806d8-5f5d-4457-8f95-c9b7f9036eae:c2830]
2019-08-07 03:27:20,427 INFO  client.GrpcClientProtocolClient (GrpcClientProtocolClient.java:onNext(255)) - client-23C834B07313->edccc055-c3f5-47df-b30f-76e8836f4c59: receive RaftClientReply:client-23C834B07313->edccc055-c3f5-47df-b30f-76e8836f4c59@group-ED32739C8BBB, cid=1939, SUCCESS, logIndex=0, commits[edccc055-c3f5-47df-b30f-76e8836f4c59:c2836, f9704f82-adf1-457c-ad29-9b573bc67fa6:c2834, 932806d8-5f5d-4457-8f95-c9b7f9036eae:c2834]
2019-08-07 03:27:20,457 INFO  client.GrpcClientProtocolClient (GrpcClientProtocolClient.java:onNext(255)) - client-23C834B07313->edccc055-c3f5-47df-b30f-76e8836f4c59: receive RaftClientReply:client-23C834B07313->edccc055-c3f5-47df-b30f-76e8836f4c59@group-ED32739C8BBB, cid=1940, SUCCESS, logIndex=2837, commits[edccc055-c3f5-47df-b30f-76e8836f4c59:c2839, f9704f82-adf1-457c-ad29-9b573bc67fa6:c2836, 932806d8-5f5d-4457-8f95-c9b7f9036eae:c2836]
2019-08-07 03:27:20,458 INFO  client.GrpcClientProtocolClient (GrpcClientProtocolClient.java:onNext(255)) - client-23C834B07313->edccc055-c3f5-47df-b30f-76e8836f4c59: receive RaftClientReply:client-23C834B07313->edccc055-c3f5-47df-b30f-76e8836f4c59@group-ED32739C8BBB, cid=1941, SUCCESS, logIndex=2838, commits[edccc055-c3f5-47df-b30f-76e8836f4c59:c2840, f9704f82-adf1-457c-ad29-9b573bc67fa6:c2836, 932806d8-5f5d-4457-8f95-c9b7f9036eae:c2836]
2019-08-07 03:27:20,458 INFO  client.GrpcClientProtocolClient (GrpcClientProtocolClient.java:onNext(255)) - client-23C834B07313->edccc055-c3f5-47df-b30f-76e8836f4c59: receive RaftClientReply:client-23C834B07313->edccc055-c3f5-47df-b30f-76e8836f4c59@group-ED32739C8BBB, cid=1942, SUCCESS, logIndex=2839, commits[edccc055-c3f5-47df-b30f-76e8836f4c59:c2840, f9704f82-adf1-457c-ad29-9b573bc67fa6:c2836, 932806d8-5f5d-4457-8f95-c9b7f9036eae:c2836]
2019-08-07 03:27:20,459 INFO  client.GrpcClientProtocolClient (GrpcClientProtocolClient.java:onNext(255)) - client-23C834B07313->edccc055-c3f5-47df-b30f-76e8836f4c59: receive RaftClientReply:client-23C834B07313->edccc055-c3f5-47df-b30f-76e8836f4c59@group-ED32739C8BBB, cid=1943, SUCCESS, logIndex=2840, commits[edccc055-c3f5-47df-b30f-76e8836f4c59:c2840, f9704f82-adf1-457c-ad29-9b573bc67fa6:c2836, 932806d8-5f5d-4457-8f95-c9b7f9036eae:c2836]
2019-08-07 03:27:20,472 INFO  client.GrpcClientProtocolClient (GrpcClientProtocolClient.java:onNext(255)) - client-23C834B07313->edccc055-c3f5-47df-b30f-76e8836f4c59: receive RaftClientReply:client-23C834B07313->edccc055-c3f5-47df-b30f-76e8836f4c59@group-ED32739C8BBB, cid=1944, SUCCESS, logIndex=0, commits[edccc055-c3f5-47df-b30f-76e8836f4c59:c2842, f9704f82-adf1-457c-ad29-9b573bc67fa6:c2839, 932806d8-5f5d-4457-8f95-c9b7f9036eae:c2839]
2019-08-07 03:27:20,492 INFO  client.GrpcClientProtocolClient (GrpcClientProtocolClient.java:onNext(255)) - client-23C834B07313->edccc055-c3f5-47df-b30f-76e8836f4c59: receive RaftClientReply:client-23C834B07313->edccc055-c3f5-47df-b30f-76e8836f4c59@group-ED32739C8BBB, cid=1945, SUCCESS, logIndex=2844, commits[edccc055-c3f5-47df-b30f-76e8836f4c59:c2845, f9704f82-adf1-457c-ad29-9b573bc67fa6:c2843, 932806d8-5f5d-4457-8f95-c9b7f9036eae:c2843]
2019-08-07 03:27:20,492 INFO  client.GrpcClientProtocolClient (GrpcClientProtocolClient.java:onNext(255)) - client-23C834B07313->edccc055-c3f5-47df-b30f-76e8836f4c59: receive RaftClientReply:client-23C834B07313->edccc055-c3f5-47df-b30f-76e8836f4c59@group-ED32739C8BBB, cid=1946, SUCCESS, logIndex=2845, commits[edccc055-c3f5-47df-b30f-76e8836f4c59:c2845, f9704f82-adf1-457c-ad29-9b573bc67fa6:c2843, 932806d8-5f5d-4457-8f95-c9b7f9036eae:c2843]
2019-08-07 03:27:20,506 INFO  client.GrpcClientProtocolClient (GrpcClientProtocolClient.java:onNext(255)) - client-23C834B07313->edccc055-c3f5-47df-b30f-76e8836f4c59: receive RaftClientReply:client-23C834B07313->edccc055-c3f5-47df-b30f-76e8836f4c59@group-ED32739C8BBB, cid=1947, SUCCESS, logIndex=2848, commits[edccc055-c3f5-47df-b30f-76e8836f4c59:c2849, f9704f82-adf1-457c-ad29-9b573bc67fa6:c2845, 932806d8-5f5d-4457-8f95-c9b7f9036eae:c2845]
2019-08-07 03:27:20,506 INFO  client.GrpcClientProtocolClient (GrpcClientProtocolClient.java:onNext(255)) - client-23C834B07313->edccc055-c3f5-47df-b30f-76e8836f4c59: receive RaftClientReply:client-23C834B07313->edccc055-c3f5-47df-b30f-76e8836f4c59@group-ED32739C8BBB, cid=1948, SUCCESS, logIndex=2849, commits[edccc055-c3f5-47df-b30f-76e8836f4c59:c2849, f9704f82-adf1-457c-ad29-9b573bc67fa6:c2845, 932806d8-5f5d-4457-8f95-c9b7f9036eae:c2845]
2019-08-07 03:27:20,521 INFO  client.GrpcClientProtocolClient (GrpcClientProtocolClient.java:onNext(255)) - client-23C834B07313->edccc055-c3f5-47df-b30f-76e8836f4c59: receive RaftClientReply:client-23C834B07313->edccc055-c3f5-47df-b30f-76e8836f4c59@group-ED32739C8BBB, cid=1949, SUCCESS, logIndex=0, commits[edccc055-c3f5-47df-b30f-76e8836f4c59:c2851, f9704f82-adf1-457c-ad29-9b573bc67fa6:c2849, 932806d8-5f5d-4457-8f95-c9b7f9036eae:c2849]
2019-08-07 03:27:21,095 INFO  client.GrpcClientProtocolClient (GrpcClientProtocolClient.java:onNext(255)) - client-23C834B07313->edccc055-c3f5-47df-b30f-76e8836f4c59: receive RaftClientReply:client-23C834B07313->edccc055-c3f5-47df-b30f-76e8836f4c59@group-ED32739C8BBB, cid=1950, SUCCESS, logIndex=2852, commits[edccc055-c3f5-47df-b30f-76e8836f4c59:c2855, f9704f82-adf1-457c-ad29-9b573bc67fa6:c2851, 932806d8-5f5d-4457-8f95-c9b7f9036eae:c2851]
2019-08-07 03:27:21,097 INFO  client.GrpcClientProtocolClient (GrpcClientProtocolClient.java:onNext(255)) - client-23C834B07313->edccc055-c3f5-47df-b30f-76e8836f4c59: receive RaftClientReply:client-23C834B07313->edccc055-c3f5-47df-b30f-76e8836f4c59@group-ED32739C8BBB, cid=1951, SUCCESS, logIndex=2853, commits[edccc055-c3f5-47df-b30f-76e8836f4c59:c2855, f9704f82-adf1-457c-ad29-9b573bc67fa6:c2851, 932806d8-5f5d-4457-8f95-c9b7f9036eae:c2851]
2019-08-07 03:27:21,097 INFO  client.GrpcClientProtocolClient (GrpcClientProtocolClient.java:onNext(255)) - client-23C834B07313->edccc055-c3f5-47df-b30f-76e8836f4c59: receive RaftClientReply:client-23C834B07313->edccc055-c3f5-47df-b30f-76e8836f4c59@group-ED32739C8BBB, cid=1952, SUCCESS, logIndex=2854, commits[edccc055-c3f5-47df-b30f-76e8836f4c59:c2855, f9704f82-adf1-457c-ad29-9b573bc67fa6:c2851, 932806d8-5f5d-4457-8f95-c9b7f9036eae:c2851]
2019-08-07 03:27:21,097 INFO  client.GrpcClientProtocolClient (GrpcClientProtocolClient.java:onNext(255)) - client-23C834B07313->edccc055-c3f5-47df-b30f-76e8836f4c59: receive RaftClientReply:client-23C834B07313->edccc055-c3f5-47df-b30f-76e8836f4c59@group-ED32739C8BBB, cid=1953, SUCCESS, logIndex=2855, commits[edccc055-c3f5-47df-b30f-76e8836f4c59:c2855, f9704f82-adf1-457c-ad29-9b573bc67fa6:c2851, 932806d8-5f5d-4457-8f95-c9b7f9036eae:c2851]
2019-08-07 03:27:21,108 INFO  client.GrpcClientProtocolClient (GrpcClientProtocolClient.java:onNext(255)) - client-23C834B07313->edccc055-c3f5-47df-b30f-76e8836f4c59: receive RaftClientReply:client-23C834B07313->edccc055-c3f5-47df-b30f-76e8836f4c59@group-ED32739C8BBB, cid=1954, SUCCESS, logIndex=0, commits[edccc055-c3f5-47df-b30f-76e8836f4c59:c2857, f9704f82-adf1-457c-ad29-9b573bc67fa6:c2854, 932806d8-5f5d-4457-8f95-c9b7f9036eae:c2853]
2019-08-07 03:27:21,130 INFO  client.GrpcClientProtocolClient (GrpcClientProtocolClient.java:onNext(255)) - client-23C834B07313->edccc055-c3f5-47df-b30f-76e8836f4c59: receive RaftClientReply:client-23C834B07313->edccc055-c3f5-47df-b30f-76e8836f4c59@group-ED32739C8BBB, cid=1955, SUCCESS, logIndex=2860, commits[edccc055-c3f5-47df-b30f-76e8836f4c59:c2861, f9704f82-adf1-457c-ad29-9b573bc67fa6:c2859, 932806d8-5f5d-4457-8f95-c9b7f9036eae:c2859]
2019-08-07 03:27:21,130 INFO  client.GrpcClientProtocolClient (GrpcClientProtocolClient.java:onNext(255)) - client-23C834B07313->edccc055-c3f5-47df-b30f-76e8836f4c59: receive RaftClientReply:client-23C834B07313->edccc055-c3f5-47df-b30f-76e8836f4c59@group-ED32739C8BBB, cid=1956, SUCCESS, logIndex=2861, commits[edccc055-c3f5-47df-b30f-76e8836f4c59:c2861, f9704f82-adf1-457c-ad29-9b573bc67fa6:c2859, 932806d8-5f5d-4457-8f95-c9b7f9036eae:c2859]
2019-08-07 03:27:21,154 INFO  client.GrpcClientProtocolClient (GrpcClientProtocolClient.java:onNext(255)) - client-23C834B07313->edccc055-c3f5-47df-b30f-76e8836f4c59: receive RaftClientReply:client-23C834B07313->edccc055-c3f5-47df-b30f-76e8836f4c59@group-ED32739C8BBB, cid=1957, SUCCESS, logIndex=2864, commits[edccc055-c3f5-47df-b30f-76e8836f4c59:c2865, f9704f82-adf1-457c-ad29-9b573bc67fa6:c2861, 932806d8-5f5d-4457-8f95-c9b7f9036eae:c2861]
2019-08-07 03:27:21,154 INFO  client.GrpcClientProtocolClient (GrpcClientProtocolClient.java:onNext(255)) - client-23C834B07313->edccc055-c3f5-47df-b30f-76e8836f4c59: receive RaftClientReply:client-23C834B07313->edccc055-c3f5-47df-b30f-76e8836f4c59@group-ED32739C8BBB, cid=1958, SUCCESS, logIndex=2865, commits[edccc055-c3f5-47df-b30f-76e8836f4c59:c2865, f9704f82-adf1-457c-ad29-9b573bc67fa6:c2861, 932806d8-5f5d-4457-8f95-c9b7f9036eae:c2861]
2019-08-07 03:27:21,157 INFO  client.GrpcClientProtocolClient (GrpcClientProtocolClient.java:onNext(255)) - client-23C834B07313->edccc055-c3f5-47df-b30f-76e8836f4c59: receive RaftClientReply:client-23C834B07313->edccc055-c3f5-47df-b30f-76e8836f4c59@group-ED32739C8BBB, cid=1959, SUCCESS, logIndex=0, commits[edccc055-c3f5-47df-b30f-76e8836f4c59:c2867, f9704f82-adf1-457c-ad29-9b573bc67fa6:c2865, 932806d8-5f5d-4457-8f95-c9b7f9036eae:c2865]
2019-08-07 03:27:21,192 INFO  client.GrpcClientProtocolClient (GrpcClientProtocolClient.java:onNext(255)) - client-23C834B07313->edccc055-c3f5-47df-b30f-76e8836f4c59: receive RaftClientReply:client-23C834B07313->edccc055-c3f5-47df-b30f-76e8836f4c59@group-ED32739C8BBB, cid=1960, SUCCESS, logIndex=2868, commits[edccc055-c3f5-47df-b30f-76e8836f4c59:c2869, f9704f82-adf1-457c-ad29-9b573bc67fa6:c2867, 932806d8-5f5d-4457-8f95-c9b7f9036eae:c2867]
2019-08-07 03:27:21,192 INFO  client.GrpcClientProtocolClient (GrpcClientProtocolClient.java:onNext(255)) - client-23C834B07313->edccc055-c3f5-47df-b30f-76e8836f4c59: receive RaftClientReply:client-23C834B07313->edccc055-c3f5-47df-b30f-76e8836f4c59@group-ED32739C8BBB, cid=1961, SUCCESS, logIndex=2869, commits[edccc055-c3f5-47df-b30f-76e8836f4c59:c2871, f9704f82-adf1-457c-ad29-9b573bc67fa6:c2867, 932806d8-5f5d-4457-8f95-c9b7f9036eae:c2867]
2019-08-07 03:27:21,193 INFO  client.GrpcClientProtocolClient (GrpcClientProtocolClient.java:onNext(255)) - client-23C834B07313->edccc055-c3f5-47df-b30f-76e8836f4c59: receive RaftClientReply:client-23C834B07313->edccc055-c3f5-47df-b30f-76e8836f4c59@group-ED32739C8BBB, cid=1962, SUCCESS, logIndex=2870, commits[edccc055-c3f5-47df-b30f-76e8836f4c59:c2871, f9704f82-adf1-457c-ad29-9b573bc67fa6:c2867, 932806d8-5f5d-4457-8f95-c9b7f9036eae:c2867]
2019-08-07 03:27:21,193 INFO  client.GrpcClientProtocolClient (GrpcClientProtocolClient.java:onNext(255)) - client-23C834B07313->edccc055-c3f5-47df-b30f-76e8836f4c59: receive RaftClientReply:client-23C834B07313->edccc055-c3f5-47df-b30f-76e8836f4c59@group-ED32739C8BBB, cid=1963, SUCCESS, logIndex=2871, commits[edccc055-c3f5-47df-b30f-76e8836f4c59:c2871, f9704f82-adf1-457c-ad29-9b573bc67fa6:c2867, 932806d8-5f5d-4457-8f95-c9b7f9036eae:c2867]
2019-08-07 03:27:21,207 INFO  client.GrpcClientProtocolClient (GrpcClientProtocolClient.java:onNext(255)) - client-23C834B07313->edccc055-c3f5-47df-b30f-76e8836f4c59: receive RaftClientReply:client-23C834B07313->edccc055-c3f5-47df-b30f-76e8836f4c59@group-ED32739C8BBB, cid=1964, SUCCESS, logIndex=0, commits[edccc055-c3f5-47df-b30f-76e8836f4c59:c2873, f9704f82-adf1-457c-ad29-9b573bc67fa6:c2869, 932806d8-5f5d-4457-8f95-c9b7f9036eae:c2869]
2019-08-07 03:27:21,228 INFO  client.GrpcClientProtocolClient (GrpcClientProtocolClient.java:onNext(255)) - client-23C834B07313->edccc055-c3f5-47df-b30f-76e8836f4c59: receive RaftClientReply:client-23C834B07313->edccc055-c3f5-47df-b30f-76e8836f4c59@group-ED32739C8BBB, cid=1965, SUCCESS, logIndex=2876, commits[edccc055-c3f5-47df-b30f-76e8836f4c59:c2877, f9704f82-adf1-457c-ad29-9b573bc67fa6:c2875, 932806d8-5f5d-4457-8f95-c9b7f9036eae:c2875]
2019-08-07 03:27:21,229 INFO  client.GrpcClientProtocolClient (GrpcClientProtocolClient.java:onNext(255)) - client-23C834B07313->edccc055-c3f5-47df-b30f-76e8836f4c59: receive RaftClientReply:client-23C834B07313->edccc055-c3f5-47df-b30f-76e8836f4c59@group-ED32739C8BBB, cid=1966, SUCCESS, logIndex=2877, commits[edccc055-c3f5-47df-b30f-76e8836f4c59:c2877, f9704f82-adf1-457c-ad29-9b573bc67fa6:c2875, 932806d8-5f5d-4457-8f95-c9b7f9036eae:c2875]
2019-08-07 03:27:21,253 INFO  client.GrpcClientProtocolClient (GrpcClientProtocolClient.java:onNext(255)) - client-23C834B07313->edccc055-c3f5-47df-b30f-76e8836f4c59: receive RaftClientReply:client-23C834B07313->edccc055-c3f5-47df-b30f-76e8836f4c59@group-ED32739C8BBB, cid=1967, SUCCESS, logIndex=2880, commits[edccc055-c3f5-47df-b30f-76e8836f4c59:c2881, f9704f82-adf1-457c-ad29-9b573bc67fa6:c2877, 932806d8-5f5d-4457-8f95-c9b7f9036eae:c2876]
2019-08-07 03:27:21,254 INFO  client.GrpcClientProtocolClient (GrpcClientProtocolClient.java:onNext(255)) - client-23C834B07313->edccc055-c3f5-47df-b30f-76e8836f4c59: receive RaftClientReply:client-23C834B07313->edccc055-c3f5-47df-b30f-76e8836f4c59@group-ED32739C8BBB, cid=1968, SUCCESS, logIndex=2881, commits[edccc055-c3f5-47df-b30f-76e8836f4c59:c2881, f9704f82-adf1-457c-ad29-9b573bc67fa6:c2877, 932806d8-5f5d-4457-8f95-c9b7f9036eae:c2877]
2019-08-07 03:27:21,268 INFO  client.GrpcClientProtocolClient (GrpcClientProtocolClient.java:onNext(255)) - client-23C834B07313->edccc055-c3f5-47df-b30f-76e8836f4c59: receive RaftClientReply:client-23C834B07313->edccc055-c3f5-47df-b30f-76e8836f4c59@group-ED32739C8BBB, cid=1969, SUCCESS, logIndex=0, commits[edccc055-c3f5-47df-b30f-76e8836f4c59:c2883, f9704f82-adf1-457c-ad29-9b573bc67fa6:c2881, 932806d8-5f5d-4457-8f95-c9b7f9036eae:c2881]
2019-08-07 03:27:21,297 INFO  client.GrpcClientProtocolClient (GrpcClientProtocolClient.java:onNext(255)) - client-23C834B07313->edccc055-c3f5-47df-b30f-76e8836f4c59: receive RaftClientReply:client-23C834B07313->edccc055-c3f5-47df-b30f-76e8836f4c59@group-ED32739C8BBB, cid=1970, SUCCESS, logIndex=2884, commits[edccc055-c3f5-47df-b30f-76e8836f4c59:c2886, f9704f82-adf1-457c-ad29-9b573bc67fa6:c2883, 932806d8-5f5d-4457-8f95-c9b7f9036eae:c2883]
2019-08-07 03:27:21,298 INFO  client.GrpcClientProtocolClient (GrpcClientProtocolClient.java:onNext(255)) - client-23C834B07313->edccc055-c3f5-47df-b30f-76e8836f4c59: receive RaftClientReply:client-23C834B07313->edccc055-c3f5-47df-b30f-76e8836f4c59@group-ED32739C8BBB, cid=1971, SUCCESS, logIndex=2885, commits[edccc055-c3f5-47df-b30f-76e8836f4c59:c2887, f9704f82-adf1-457c-ad29-9b573bc67fa6:c2883, 932806d8-5f5d-4457-8f95-c9b7f9036eae:c2883]
2019-08-07 03:27:21,298 INFO  client.GrpcClientProtocolClient (GrpcClientProtocolClient.java:onNext(255)) - client-23C834B07313->edccc055-c3f5-47df-b30f-76e8836f4c59: receive RaftClientReply:client-23C834B07313->edccc055-c3f5-47df-b30f-76e8836f4c59@group-ED32739C8BBB, cid=1972, SUCCESS, logIndex=2886, commits[edccc055-c3f5-47df-b30f-76e8836f4c59:c2887, f9704f82-adf1-457c-ad29-9b573bc67fa6:c2883, 932806d8-5f5d-4457-8f95-c9b7f9036eae:c2883]
2019-08-07 03:27:21,298 INFO  client.GrpcClientProtocolClient (GrpcClientProtocolClient.java:onNext(255)) - client-23C834B07313->edccc055-c3f5-47df-b30f-76e8836f4c59: receive RaftClientReply:client-23C834B07313->edccc055-c3f5-47df-b30f-76e8836f4c59@group-ED32739C8BBB, cid=1973, SUCCESS, logIndex=2887, commits[edccc055-c3f5-47df-b30f-76e8836f4c59:c2887, f9704f82-adf1-457c-ad29-9b573bc67fa6:c2883, 932806d8-5f5d-4457-8f95-c9b7f9036eae:c2883]
2019-08-07 03:27:21,300 INFO  client.GrpcClientProtocolClient (GrpcClientProtocolClient.java:onNext(255)) - client-23C834B07313->edccc055-c3f5-47df-b30f-76e8836f4c59: receive RaftClientReply:client-23C834B07313->edccc055-c3f5-47df-b30f-76e8836f4c59@group-ED32739C8BBB, cid=1974, SUCCESS, logIndex=0, commits[edccc055-c3f5-47df-b30f-76e8836f4c59:c2888, f9704f82-adf1-457c-ad29-9b573bc67fa6:c2885, 932806d8-5f5d-4457-8f95-c9b7f9036eae:c2885]
2019-08-07 03:27:21,314 INFO  client.GrpcClientProtocolClient (GrpcClientProtocolClient.java:onNext(255)) - client-23C834B07313->edccc055-c3f5-47df-b30f-76e8836f4c59: receive RaftClientReply:client-23C834B07313->edccc055-c3f5-47df-b30f-76e8836f4c59@group-ED32739C8BBB, cid=1975, SUCCESS, logIndex=2892, commits[edccc055-c3f5-47df-b30f-76e8836f4c59:c2893, f9704f82-adf1-457c-ad29-9b573bc67fa6:c2887, 932806d8-5f5d-4457-8f95-c9b7f9036eae:c2891]
2019-08-07 03:27:21,315 INFO  client.GrpcClientProtocolClient (GrpcClientProtocolClient.java:onNext(255)) - client-23C834B07313->edccc055-c3f5-47df-b30f-76e8836f4c59: receive RaftClientReply:client-23C834B07313->edccc055-c3f5-47df-b30f-76e8836f4c59@group-ED32739C8BBB, cid=1976, SUCCESS, logIndex=2893, commits[edccc055-c3f5-47df-b30f-76e8836f4c59:c2893, f9704f82-adf1-457c-ad29-9b573bc67fa6:c2891, 932806d8-5f5d-4457-8f95-c9b7f9036eae:c2891]
2019-08-07 03:27:21,329 INFO  client.GrpcClientProtocolClient (GrpcClientProtocolClient.java:onNext(255)) - client-23C834B07313->edccc055-c3f5-47df-b30f-76e8836f4c59: receive RaftClientReply:client-23C834B07313->edccc055-c3f5-47df-b30f-76e8836f4c59@group-ED32739C8BBB, cid=1977, SUCCESS, logIndex=2895, commits[edccc055-c3f5-47df-b30f-76e8836f4c59:c2896, f9704f82-adf1-457c-ad29-9b573bc67fa6:c2894, 932806d8-5f5d-4457-8f95-c9b7f9036eae:c2893]
2019-08-07 03:27:21,329 INFO  client.GrpcClientProtocolClient (GrpcClientProtocolClient.java:onNext(255)) - client-23C834B07313->edccc055-c3f5-47df-b30f-76e8836f4c59: receive RaftClientReply:client-23C834B07313->edccc055-c3f5-47df-b30f-76e8836f4c59@group-ED32739C8BBB, cid=1978, SUCCESS, logIndex=2896, commits[edccc055-c3f5-47df-b30f-76e8836f4c59:c2896, f9704f82-adf1-457c-ad29-9b573bc67fa6:c2894, 932806d8-5f5d-4457-8f95-c9b7f9036eae:c2894]
2019-08-07 03:27:21,333 INFO  client.GrpcClientProtocolClient (GrpcClientProtocolClient.java:onNext(255)) - client-23C834B07313->edccc055-c3f5-47df-b30f-76e8836f4c59: receive RaftClientReply:client-23C834B07313->edccc055-c3f5-47df-b30f-76e8836f4c59@group-ED32739C8BBB, cid=1979, SUCCESS, logIndex=0, commits[edccc055-c3f5-47df-b30f-76e8836f4c59:c2897, f9704f82-adf1-457c-ad29-9b573bc67fa6:c2896, 932806d8-5f5d-4457-8f95-c9b7f9036eae:c2896]
 0.00% |█                                                                                                    |  0/1 Time: 0:00:172019-08-07 03:27:21,377 INFO  client.GrpcClientProtocolClient (GrpcClientProtocolClient.java:onNext(255)) - client-23C834B07313->edccc055-c3f5-47df-b30f-76e8836f4c59: receive RaftClientReply:client-23C834B07313->edccc055-c3f5-47df-b30f-76e8836f4c59@group-ED32739C8BBB, cid=1980, SUCCESS, logIndex=2899, commits[edccc055-c3f5-47df-b30f-76e8836f4c59:c2900, f9704f82-adf1-457c-ad29-9b573bc67fa6:c2896, 932806d8-5f5d-4457-8f95-c9b7f9036eae:c2898]
2019-08-07 03:27:21,378 INFO  client.GrpcClientProtocolClient (GrpcClientProtocolClient.java:onNext(255)) - client-23C834B07313->edccc055-c3f5-47df-b30f-76e8836f4c59: receive RaftClientReply:client-23C834B07313->edccc055-c3f5-47df-b30f-76e8836f4c59@group-ED32739C8BBB, cid=1981, SUCCESS, logIndex=2900, commits[edccc055-c3f5-47df-b30f-76e8836f4c59:c2902, f9704f82-adf1-457c-ad29-9b573bc67fa6:c2898, 932806d8-5f5d-4457-8f95-c9b7f9036eae:c2898]
2019-08-07 03:27:21,378 INFO  client.GrpcClientProtocolClient (GrpcClientProtocolClient.java:onNext(255)) - client-23C834B07313->edccc055-c3f5-47df-b30f-76e8836f4c59: receive RaftClientReply:client-23C834B07313->edccc055-c3f5-47df-b30f-76e8836f4c59@group-ED32739C8BBB, cid=1982, SUCCESS, logIndex=2901, commits[edccc055-c3f5-47df-b30f-76e8836f4c59:c2902, f9704f82-adf1-457c-ad29-9b573bc67fa6:c2898, 932806d8-5f5d-4457-8f95-c9b7f9036eae:c2898]
2019-08-07 03:27:21,378 INFO  client.GrpcClientProtocolClient (GrpcClientProtocolClient.java:onNext(255)) - client-23C834B07313->edccc055-c3f5-47df-b30f-76e8836f4c59: receive RaftClientReply:client-23C834B07313->edccc055-c3f5-47df-b30f-76e8836f4c59@group-ED32739C8BBB, cid=1983, SUCCESS, logIndex=2902, commits[edccc055-c3f5-47df-b30f-76e8836f4c59:c2902, f9704f82-adf1-457c-ad29-9b573bc67fa6:c2898, 932806d8-5f5d-4457-8f95-c9b7f9036eae:c2898]
2019-08-07 03:27:21,380 INFO  client.GrpcClientProtocolClient (GrpcClientProtocolClient.java:onNext(255)) - client-23C834B07313->edccc055-c3f5-47df-b30f-76e8836f4c59: receive RaftClientReply:client-23C834B07313->edccc055-c3f5-47df-b30f-76e8836f4c59@group-ED32739C8BBB, cid=1984, SUCCESS, logIndex=0, commits[edccc055-c3f5-47df-b30f-76e8836f4c59:c2904, f9704f82-adf1-457c-ad29-9b573bc67fa6:c2902, 932806d8-5f5d-4457-8f95-c9b7f9036eae:c2900]
2019-08-07 03:27:21,400 INFO  client.GrpcClientProtocolClient (GrpcClientProtocolClient.java:onNext(255)) - client-23C834B07313->edccc055-c3f5-47df-b30f-76e8836f4c59: receive RaftClientReply:client-23C834B07313->edccc055-c3f5-47df-b30f-76e8836f4c59@group-ED32739C8BBB, cid=1985, SUCCESS, logIndex=2906, commits[edccc055-c3f5-47df-b30f-76e8836f4c59:c2907, f9704f82-adf1-457c-ad29-9b573bc67fa6:c2905, 932806d8-5f5d-4457-8f95-c9b7f9036eae:c2905]
2019-08-07 03:27:21,400 INFO  client.GrpcClientProtocolClient (GrpcClientProtocolClient.java:onNext(255)) - client-23C834B07313->edccc055-c3f5-47df-b30f-76e8836f4c59: receive RaftClientReply:client-23C834B07313->edccc055-c3f5-47df-b30f-76e8836f4c59@group-ED32739C8BBB, cid=1986, SUCCESS, logIndex=2907, commits[edccc055-c3f5-47df-b30f-76e8836f4c59:c2907, f9704f82-adf1-457c-ad29-9b573bc67fa6:c2905, 932806d8-5f5d-4457-8f95-c9b7f9036eae:c2905]
2019-08-07 03:27:21,414 INFO  client.GrpcClientProtocolClient (GrpcClientProtocolClient.java:onNext(255)) - client-23C834B07313->edccc055-c3f5-47df-b30f-76e8836f4c59: receive RaftClientReply:client-23C834B07313->edccc055-c3f5-47df-b30f-76e8836f4c59@group-ED32739C8BBB, cid=1987, SUCCESS, logIndex=2910, commits[edccc055-c3f5-47df-b30f-76e8836f4c59:c2911, f9704f82-adf1-457c-ad29-9b573bc67fa6:c2907, 932806d8-5f5d-4457-8f95-c9b7f9036eae:c2907]
2019-08-07 03:27:21,414 INFO  client.GrpcClientProtocolClient (GrpcClientProtocolClient.java:onNext(255)) - client-23C834B07313->edccc055-c3f5-47df-b30f-76e8836f4c59: receive RaftClientReply:client-23C834B07313->edccc055-c3f5-47df-b30f-76e8836f4c59@group-ED32739C8BBB, cid=1988, SUCCESS, logIndex=2911, commits[edccc055-c3f5-47df-b30f-76e8836f4c59:c2911, f9704f82-adf1-457c-ad29-9b573bc67fa6:c2907, 932806d8-5f5d-4457-8f95-c9b7f9036eae:c2907]
2019-08-07 03:27:21,427 INFO  client.GrpcClientProtocolClient (GrpcClientProtocolClient.java:onNext(255)) - client-23C834B07313->edccc055-c3f5-47df-b30f-76e8836f4c59: receive RaftClientReply:client-23C834B07313->edccc055-c3f5-47df-b30f-76e8836f4c59@group-ED32739C8BBB, cid=1989, SUCCESS, logIndex=0, commits[edccc055-c3f5-47df-b30f-76e8836f4c59:c2913, f9704f82-adf1-457c-ad29-9b573bc67fa6:c2911, 932806d8-5f5d-4457-8f95-c9b7f9036eae:c2911]
2019-08-07 03:27:21,458 INFO  client.GrpcClientProtocolClient (GrpcClientProtocolClient.java:onNext(255)) - client-23C834B07313->edccc055-c3f5-47df-b30f-76e8836f4c59: receive RaftClientReply:client-23C834B07313->edccc055-c3f5-47df-b30f-76e8836f4c59@group-ED32739C8BBB, cid=1990, SUCCESS, logIndex=2914, commits[edccc055-c3f5-47df-b30f-76e8836f4c59:c2915, f9704f82-adf1-457c-ad29-9b573bc67fa6:c2913, 932806d8-5f5d-4457-8f95-c9b7f9036eae:c2913]
2019-08-07 03:27:21,458 INFO  client.GrpcClientProtocolClient (GrpcClientProtocolClient.java:onNext(255)) - client-23C834B07313->edccc055-c3f5-47df-b30f-76e8836f4c59: receive RaftClientReply:client-23C834B07313->edccc055-c3f5-47df-b30f-76e8836f4c59@group-ED32739C8BBB, cid=1991, SUCCESS, logIndex=2915, commits[edccc055-c3f5-47df-b30f-76e8836f4c59:c2916, f9704f82-adf1-457c-ad29-9b573bc67fa6:c2913, 932806d8-5f5d-4457-8f95-c9b7f9036eae:c2913]
2019-08-07 03:27:21,459 INFO  client.GrpcClientProtocolClient (GrpcClientProtocolClient.java:onNext(255)) - client-23C834B07313->edccc055-c3f5-47df-b30f-76e8836f4c59: receive RaftClientReply:client-23C834B07313->edccc055-c3f5-47df-b30f-76e8836f4c59@group-ED32739C8BBB, cid=1992, SUCCESS, logIndex=2916, commits[edccc055-c3f5-47df-b30f-76e8836f4c59:c2917, f9704f82-adf1-457c-ad29-9b573bc67fa6:c2913, 932806d8-5f5d-4457-8f95-c9b7f9036eae:c2913]
2019-08-07 03:27:21,459 INFO  client.GrpcClientProtocolClient (GrpcClientProtocolClient.java:onNext(255)) - client-23C834B07313->edccc055-c3f5-47df-b30f-76e8836f4c59: receive RaftClientReply:client-23C834B07313->edccc055-c3f5-47df-b30f-76e8836f4c59@group-ED32739C8BBB, cid=1993, SUCCESS, logIndex=2917, commits[edccc055-c3f5-47df-b30f-76e8836f4c59:c2917, f9704f82-adf1-457c-ad29-9b573bc67fa6:c2913, 932806d8-5f5d-4457-8f95-c9b7f9036eae:c2913]
2019-08-07 03:27:21,473 INFO  client.GrpcClientProtocolClient (GrpcClientProtocolClient.java:onNext(255)) - client-23C834B07313->edccc055-c3f5-47df-b30f-76e8836f4c59: receive RaftClientReply:client-23C834B07313->edccc055-c3f5-47df-b30f-76e8836f4c59@group-ED32739C8BBB, cid=1994, SUCCESS, logIndex=0, commits[edccc055-c3f5-47df-b30f-76e8836f4c59:c2921, f9704f82-adf1-457c-ad29-9b573bc67fa6:c2915, 932806d8-5f5d-4457-8f95-c9b7f9036eae:c2917]
2019-08-07 03:27:21,493 INFO  client.GrpcClientProtocolClient (GrpcClientProtocolClient.java:onNext(255)) - client-23C834B07313->edccc055-c3f5-47df-b30f-76e8836f4c59: receive RaftClientReply:client-23C834B07313->edccc055-c3f5-47df-b30f-76e8836f4c59@group-ED32739C8BBB, cid=1995, SUCCESS, logIndex=2922, commits[edccc055-c3f5-47df-b30f-76e8836f4c59:c2923, f9704f82-adf1-457c-ad29-9b573bc67fa6:c2921, 932806d8-5f5d-4457-8f95-c9b7f9036eae:c2921]
2019-08-07 03:27:21,494 INFO  client.GrpcClientProtocolClient (GrpcClientProtocolClient.java:onNext(255)) - client-23C834B07313->edccc055-c3f5-47df-b30f-76e8836f4c59: receive RaftClientReply:client-23C834B07313->edccc055-c3f5-47df-b30f-76e8836f4c59@group-ED32739C8BBB, cid=1996, SUCCESS, logIndex=2923, commits[edccc055-c3f5-47df-b30f-76e8836f4c59:c2923, f9704f82-adf1-457c-ad29-9b573bc67fa6:c2921, 932806d8-5f5d-4457-8f95-c9b7f9036eae:c2921]
2019-08-07 03:27:21,508 INFO  client.GrpcClientProtocolClient (GrpcClientProtocolClient.java:onNext(255)) - client-23C834B07313->edccc055-c3f5-47df-b30f-76e8836f4c59: receive RaftClientReply:client-23C834B07313->edccc055-c3f5-47df-b30f-76e8836f4c59@group-ED32739C8BBB, cid=1997, SUCCESS, logIndex=2926, commits[edccc055-c3f5-47df-b30f-76e8836f4c59:c2927, f9704f82-adf1-457c-ad29-9b573bc67fa6:c2923, 932806d8-5f5d-4457-8f95-c9b7f9036eae:c2922]
2019-08-07 03:27:21,508 INFO  client.GrpcClientProtocolClient (GrpcClientProtocolClient.java:onNext(255)) - client-23C834B07313->edccc055-c3f5-47df-b30f-76e8836f4c59: receive RaftClientReply:client-23C834B07313->edccc055-c3f5-47df-b30f-76e8836f4c59@group-ED32739C8BBB, cid=1998, SUCCESS, logIndex=2927, commits[edccc055-c3f5-47df-b30f-76e8836f4c59:c2927, f9704f82-adf1-457c-ad29-9b573bc67fa6:c2923, 932806d8-5f5d-4457-8f95-c9b7f9036eae:c2923]
2019-08-07 03:27:21,519 INFO  client.GrpcClientProtocolClient (GrpcClientProtocolClient.java:onNext(255)) - client-23C834B07313->edccc055-c3f5-47df-b30f-76e8836f4c59: receive RaftClientReply:client-23C834B07313->edccc055-c3f5-47df-b30f-76e8836f4c59@group-ED32739C8BBB, cid=1999, SUCCESS, logIndex=0, commits[edccc055-c3f5-47df-b30f-76e8836f4c59:c2928, f9704f82-adf1-457c-ad29-9b573bc67fa6:c2927, 932806d8-5f5d-4457-8f95-c9b7f9036eae:c2927]
2019-08-07 03:27:21,553 INFO  client.GrpcClientProtocolClient (GrpcClientProtocolClient.java:onNext(255)) - client-23C834B07313->edccc055-c3f5-47df-b30f-76e8836f4c59: receive RaftClientReply:client-23C834B07313->edccc055-c3f5-47df-b30f-76e8836f4c59@group-ED32739C8BBB, cid=2000, SUCCESS, logIndex=2930, commits[edccc055-c3f5-47df-b30f-76e8836f4c59:c2931, f9704f82-adf1-457c-ad29-9b573bc67fa6:c2929, 932806d8-5f5d-4457-8f95-c9b7f9036eae:c2929]
2019-08-07 03:27:21,553 INFO  client.GrpcClientProtocolClient (GrpcClientProtocolClient.java:onNext(255)) - client-23C834B07313->edccc055-c3f5-47df-b30f-76e8836f4c59: receive RaftClientReply:client-23C834B07313->edccc055-c3f5-47df-b30f-76e8836f4c59@group-ED32739C8BBB, cid=2001, SUCCESS, logIndex=2931, commits[edccc055-c3f5-47df-b30f-76e8836f4c59:c2933, f9704f82-adf1-457c-ad29-9b573bc67fa6:c2929, 932806d8-5f5d-4457-8f95-c9b7f9036eae:c2929]
2019-08-07 03:27:21,553 INFO  client.GrpcClientProtocolClient (GrpcClientProtocolClient.java:onNext(255)) - client-23C834B07313->edccc055-c3f5-47df-b30f-76e8836f4c59: receive RaftClientReply:client-23C834B07313->edccc055-c3f5-47df-b30f-76e8836f4c59@group-ED32739C8BBB, cid=2002, SUCCESS, logIndex=2932, commits[edccc055-c3f5-47df-b30f-76e8836f4c59:c2933, f9704f82-adf1-457c-ad29-9b573bc67fa6:c2929, 932806d8-5f5d-4457-8f95-c9b7f9036eae:c2929]
2019-08-07 03:27:21,554 INFO  client.GrpcClientProtocolClient (GrpcClientProtocolClient.java:onNext(255)) - client-23C834B07313->edccc055-c3f5-47df-b30f-76e8836f4c59: receive RaftClientReply:client-23C834B07313->edccc055-c3f5-47df-b30f-76e8836f4c59@group-ED32739C8BBB, cid=2003, SUCCESS, logIndex=2933, commits[edccc055-c3f5-47df-b30f-76e8836f4c59:c2933, f9704f82-adf1-457c-ad29-9b573bc67fa6:c2929, 932806d8-5f5d-4457-8f95-c9b7f9036eae:c2929]
2019-08-07 03:27:21,565 INFO  client.GrpcClientProtocolClient (GrpcClientProtocolClient.java:onNext(255)) - client-23C834B07313->edccc055-c3f5-47df-b30f-76e8836f4c59: receive RaftClientReply:client-23C834B07313->edccc055-c3f5-47df-b30f-76e8836f4c59@group-ED32739C8BBB, cid=2004, SUCCESS, logIndex=0, commits[edccc055-c3f5-47df-b30f-76e8836f4c59:c2934, f9704f82-adf1-457c-ad29-9b573bc67fa6:c2931, 932806d8-5f5d-4457-8f95-c9b7f9036eae:c2931]
2019-08-07 03:27:21,586 INFO  client.GrpcClientProtocolClient (GrpcClientProtocolClient.java:onNext(255)) - client-23C834B07313->edccc055-c3f5-47df-b30f-76e8836f4c59: receive RaftClientReply:client-23C834B07313->edccc055-c3f5-47df-b30f-76e8836f4c59@group-ED32739C8BBB, cid=2005, SUCCESS, logIndex=2937, commits[edccc055-c3f5-47df-b30f-76e8836f4c59:c2938, f9704f82-adf1-457c-ad29-9b573bc67fa6:c2936, 932806d8-5f5d-4457-8f95-c9b7f9036eae:c2936]
2019-08-07 03:27:21,586 INFO  client.GrpcClientProtocolClient (GrpcClientProtocolClient.java:onNext(255)) - client-23C834B07313->edccc055-c3f5-47df-b30f-76e8836f4c59: receive RaftClientReply:client-23C834B07313->edccc055-c3f5-47df-b30f-76e8836f4c59@group-ED32739C8BBB, cid=2006, SUCCESS, logIndex=2938, commits[edccc055-c3f5-47df-b30f-76e8836f4c59:c2938, f9704f82-adf1-457c-ad29-9b573bc67fa6:c2936, 932806d8-5f5d-4457-8f95-c9b7f9036eae:c2936]
2019-08-07 03:27:21,601 INFO  client.GrpcClientProtocolClient (GrpcClientProtocolClient.java:onNext(255)) - client-23C834B07313->edccc055-c3f5-47df-b30f-76e8836f4c59: receive RaftClientReply:client-23C834B07313->edccc055-c3f5-47df-b30f-76e8836f4c59@group-ED32739C8BBB, cid=2007, SUCCESS, logIndex=2941, commits[edccc055-c3f5-47df-b30f-76e8836f4c59:c2941, f9704f82-adf1-457c-ad29-9b573bc67fa6:c2938, 932806d8-5f5d-4457-8f95-c9b7f9036eae:c2938]
2019-08-07 03:27:21,601 INFO  client.GrpcClientProtocolClient (GrpcClientProtocolClient.java:onNext(255)) - client-23C834B07313->edccc055-c3f5-47df-b30f-76e8836f4c59: receive RaftClientReply:client-23C834B07313->edccc055-c3f5-47df-b30f-76e8836f4c59@group-ED32739C8BBB, cid=2008, SUCCESS, logIndex=2942, commits[edccc055-c3f5-47df-b30f-76e8836f4c59:c2942, f9704f82-adf1-457c-ad29-9b573bc67fa6:c2938, 932806d8-5f5d-4457-8f95-c9b7f9036eae:c2938]
2019-08-07 03:27:21,604 INFO  client.GrpcClientProtocolClient (GrpcClientProtocolClient.java:onNext(255)) - client-23C834B07313->edccc055-c3f5-47df-b30f-76e8836f4c59: receive RaftClientReply:client-23C834B07313->edccc055-c3f5-47df-b30f-76e8836f4c59@group-ED32739C8BBB, cid=2009, SUCCESS, logIndex=0, commits[edccc055-c3f5-47df-b30f-76e8836f4c59:c2944, f9704f82-adf1-457c-ad29-9b573bc67fa6:c2942, 932806d8-5f5d-4457-8f95-c9b7f9036eae:c2942]
2019-08-07 03:27:21,634 INFO  client.GrpcClientProtocolClient (GrpcClientProtocolClient.java:onNext(255)) - client-23C834B07313->edccc055-c3f5-47df-b30f-76e8836f4c59: receive RaftClientReply:client-23C834B07313->edccc055-c3f5-47df-b30f-76e8836f4c59@group-ED32739C8BBB, cid=2010, SUCCESS, logIndex=2945, commits[edccc055-c3f5-47df-b30f-76e8836f4c59:c2946, f9704f82-adf1-457c-ad29-9b573bc67fa6:c2944, 932806d8-5f5d-4457-8f95-c9b7f9036eae:c2944]
2019-08-07 03:27:21,635 INFO  client.GrpcClientProtocolClient (GrpcClientProtocolClient.java:onNext(255)) - client-23C834B07313->edccc055-c3f5-47df-b30f-76e8836f4c59: receive RaftClientReply:client-23C834B07313->edccc055-c3f5-47df-b30f-76e8836f4c59@group-ED32739C8BBB, cid=2011, SUCCESS, logIndex=2946, commits[edccc055-c3f5-47df-b30f-76e8836f4c59:c2948, f9704f82-adf1-457c-ad29-9b573bc67fa6:c2944, 932806d8-5f5d-4457-8f95-c9b7f9036eae:c2944]
2019-08-07 03:27:21,635 INFO  client.GrpcClientProtocolClient (GrpcClientProtocolClient.java:onNext(255)) - client-23C834B07313->edccc055-c3f5-47df-b30f-76e8836f4c59: receive RaftClientReply:client-23C834B07313->edccc055-c3f5-47df-b30f-76e8836f4c59@group-ED32739C8BBB, cid=2012, SUCCESS, logIndex=2947, commits[edccc055-c3f5-47df-b30f-76e8836f4c59:c2948, f9704f82-adf1-457c-ad29-9b573bc67fa6:c2944, 932806d8-5f5d-4457-8f95-c9b7f9036eae:c2944]
2019-08-07 03:27:21,636 INFO  client.GrpcClientProtocolClient (GrpcClientProtocolClient.java:onNext(255)) - client-23C834B07313->edccc055-c3f5-47df-b30f-76e8836f4c59: receive RaftClientReply:client-23C834B07313->edccc055-c3f5-47df-b30f-76e8836f4c59@group-ED32739C8BBB, cid=2013, SUCCESS, logIndex=2948, commits[edccc055-c3f5-47df-b30f-76e8836f4c59:c2949, f9704f82-adf1-457c-ad29-9b573bc67fa6:c2945, 932806d8-5f5d-4457-8f95-c9b7f9036eae:c2944]
2019-08-07 03:27:21,702 INFO  client.GrpcClientProtocolClient (GrpcClientProtocolClient.java:onNext(255)) - client-23C834B07313->edccc055-c3f5-47df-b30f-76e8836f4c59: receive RaftClientReply:client-23C834B07313->edccc055-c3f5-47df-b30f-76e8836f4c59@group-ED32739C8BBB, cid=2014, SUCCESS, logIndex=0, commits[edccc055-c3f5-47df-b30f-76e8836f4c59:c2951, f9704f82-adf1-457c-ad29-9b573bc67fa6:c2946, 932806d8-5f5d-4457-8f95-c9b7f9036eae:c2948]
2019-08-07 03:27:21,725 INFO  client.GrpcClientProtocolClient (GrpcClientProtocolClient.java:onNext(255)) - client-23C834B07313->edccc055-c3f5-47df-b30f-76e8836f4c59: receive RaftClientReply:client-23C834B07313->edccc055-c3f5-47df-b30f-76e8836f4c59@group-ED32739C8BBB, cid=2015, SUCCESS, logIndex=2952, commits[edccc055-c3f5-47df-b30f-76e8836f4c59:c2953, f9704f82-adf1-457c-ad29-9b573bc67fa6:c2951, 932806d8-5f5d-4457-8f95-c9b7f9036eae:c2951]
2019-08-07 03:27:21,725 INFO  client.GrpcClientProtocolClient (GrpcClientProtocolClient.java:onNext(255)) - client-23C834B07313->edccc055-c3f5-47df-b30f-76e8836f4c59: receive RaftClientReply:client-23C834B07313->edccc055-c3f5-47df-b30f-76e8836f4c59@group-ED32739C8BBB, cid=2016, SUCCESS, logIndex=2953, commits[edccc055-c3f5-47df-b30f-76e8836f4c59:c2953, f9704f82-adf1-457c-ad29-9b573bc67fa6:c2951, 932806d8-5f5d-4457-8f95-c9b7f9036eae:c2951]
2019-08-07 03:27:21,739 INFO  client.GrpcClientProtocolClient (GrpcClientProtocolClient.java:onNext(255)) - client-23C834B07313->edccc055-c3f5-47df-b30f-76e8836f4c59: receive RaftClientReply:client-23C834B07313->edccc055-c3f5-47df-b30f-76e8836f4c59@group-ED32739C8BBB, cid=2017, SUCCESS, logIndex=2956, commits[edccc055-c3f5-47df-b30f-76e8836f4c59:c2957, f9704f82-adf1-457c-ad29-9b573bc67fa6:c2952, 932806d8-5f5d-4457-8f95-c9b7f9036eae:c2953]
2019-08-07 03:27:21,739 INFO  client.GrpcClientProtocolClient (GrpcClientProtocolClient.java:onNext(255)) - client-23C834B07313->edccc055-c3f5-47df-b30f-76e8836f4c59: receive RaftClientReply:client-23C834B07313->edccc055-c3f5-47df-b30f-76e8836f4c59@group-ED32739C8BBB, cid=2018, SUCCESS, logIndex=2957, commits[edccc055-c3f5-47df-b30f-76e8836f4c59:c2957, f9704f82-adf1-457c-ad29-9b573bc67fa6:c2953, 932806d8-5f5d-4457-8f95-c9b7f9036eae:c2953]
2019-08-07 03:27:21,741 INFO  client.GrpcClientProtocolClient (GrpcClientProtocolClient.java:onNext(255)) - client-23C834B07313->edccc055-c3f5-47df-b30f-76e8836f4c59: receive RaftClientReply:client-23C834B07313->edccc055-c3f5-47df-b30f-76e8836f4c59@group-ED32739C8BBB, cid=2019, SUCCESS, logIndex=0, commits[edccc055-c3f5-47df-b30f-76e8836f4c59:c2959, f9704f82-adf1-457c-ad29-9b573bc67fa6:c2957, 932806d8-5f5d-4457-8f95-c9b7f9036eae:c2957]
2019-08-07 03:27:21,771 INFO  client.GrpcClientProtocolClient (GrpcClientProtocolClient.java:onNext(255)) - client-23C834B07313->edccc055-c3f5-47df-b30f-76e8836f4c59: receive RaftClientReply:client-23C834B07313->edccc055-c3f5-47df-b30f-76e8836f4c59@group-ED32739C8BBB, cid=2020, SUCCESS, logIndex=2960, commits[edccc055-c3f5-47df-b30f-76e8836f4c59:c2962, f9704f82-adf1-457c-ad29-9b573bc67fa6:c2959, 932806d8-5f5d-4457-8f95-c9b7f9036eae:c2959]
2019-08-07 03:27:21,771 INFO  client.GrpcClientProtocolClient (GrpcClientProtocolClient.java:onNext(255)) - client-23C834B07313->edccc055-c3f5-47df-b30f-76e8836f4c59: receive RaftClientReply:client-23C834B07313->edccc055-c3f5-47df-b30f-76e8836f4c59@group-ED32739C8BBB, cid=2021, SUCCESS, logIndex=2961, commits[edccc055-c3f5-47df-b30f-76e8836f4c59:c2963, f9704f82-adf1-457c-ad29-9b573bc67fa6:c2959, 932806d8-5f5d-4457-8f95-c9b7f9036eae:c2959]
2019-08-07 03:27:21,772 INFO  client.GrpcClientProtocolClient (GrpcClientProtocolClient.java:onNext(255)) - client-23C834B07313->edccc055-c3f5-47df-b30f-76e8836f4c59: receive RaftClientReply:client-23C834B07313->edccc055-c3f5-47df-b30f-76e8836f4c59@group-ED32739C8BBB, cid=2022, SUCCESS, logIndex=2962, commits[edccc055-c3f5-47df-b30f-76e8836f4c59:c2964, f9704f82-adf1-457c-ad29-9b573bc67fa6:c2960, 932806d8-5f5d-4457-8f95-c9b7f9036eae:c2959]
2019-08-07 03:27:21,772 INFO  client.GrpcClientProtocolClient (GrpcClientProtocolClient.java:onNext(255)) - client-23C834B07313->edccc055-c3f5-47df-b30f-76e8836f4c59: receive RaftClientReply:client-23C834B07313->edccc055-c3f5-47df-b30f-76e8836f4c59@group-ED32739C8BBB, cid=2023, SUCCESS, logIndex=2963, commits[edccc055-c3f5-47df-b30f-76e8836f4c59:c2964, f9704f82-adf1-457c-ad29-9b573bc67fa6:c2960, 932806d8-5f5d-4457-8f95-c9b7f9036eae:c2959]
2019-08-07 03:27:21,773 INFO  client.GrpcClientProtocolClient (GrpcClientProtocolClient.java:onNext(255)) - client-23C834B07313->edccc055-c3f5-47df-b30f-76e8836f4c59: receive RaftClientReply:client-23C834B07313->edccc055-c3f5-47df-b30f-76e8836f4c59@group-ED32739C8BBB, cid=2024, SUCCESS, logIndex=0, commits[edccc055-c3f5-47df-b30f-76e8836f4c59:c2966, f9704f82-adf1-457c-ad29-9b573bc67fa6:c2962, 932806d8-5f5d-4457-8f95-c9b7f9036eae:c2962]
2019-08-07 03:27:21,794 INFO  client.GrpcClientProtocolClient (GrpcClientProtocolClient.java:onNext(255)) - client-23C834B07313->edccc055-c3f5-47df-b30f-76e8836f4c59: receive RaftClientReply:client-23C834B07313->edccc055-c3f5-47df-b30f-76e8836f4c59@group-ED32739C8BBB, cid=2025, SUCCESS, logIndex=2968, commits[edccc055-c3f5-47df-b30f-76e8836f4c59:c2969, f9704f82-adf1-457c-ad29-9b573bc67fa6:c2967, 932806d8-5f5d-4457-8f95-c9b7f9036eae:c2967]
2019-08-07 03:27:21,795 INFO  client.GrpcClientProtocolClient (GrpcClientProtocolClient.java:onNext(255)) - client-23C834B07313->edccc055-c3f5-47df-b30f-76e8836f4c59: receive RaftClientReply:client-23C834B07313->edccc055-c3f5-47df-b30f-76e8836f4c59@group-ED32739C8BBB, cid=2026, SUCCESS, logIndex=2969, commits[edccc055-c3f5-47df-b30f-76e8836f4c59:c2969, f9704f82-adf1-457c-ad29-9b573bc67fa6:c2967, 932806d8-5f5d-4457-8f95-c9b7f9036eae:c2967]
2019-08-07 03:27:21,818 INFO  client.GrpcClientProtocolClient (GrpcClientProtocolClient.java:onNext(255)) - client-23C834B07313->edccc055-c3f5-47df-b30f-76e8836f4c59: receive RaftClientReply:client-23C834B07313->edccc055-c3f5-47df-b30f-76e8836f4c59@group-ED32739C8BBB, cid=2027, SUCCESS, logIndex=2972, commits[edccc055-c3f5-47df-b30f-76e8836f4c59:c2973, f9704f82-adf1-457c-ad29-9b573bc67fa6:c2969, 932806d8-5f5d-4457-8f95-c9b7f9036eae:c2968]
2019-08-07 03:27:21,818 INFO  client.GrpcClientProtocolClient (GrpcClientProtocolClient.java:onNext(255)) - client-23C834B07313->edccc055-c3f5-47df-b30f-76e8836f4c59: receive RaftClientReply:client-23C834B07313->edccc055-c3f5-47df-b30f-76e8836f4c59@group-ED32739C8BBB, cid=2028, SUCCESS, logIndex=2973, commits[edccc055-c3f5-47df-b30f-76e8836f4c59:c2973, f9704f82-adf1-457c-ad29-9b573bc67fa6:c2969, 932806d8-5f5d-4457-8f95-c9b7f9036eae:c2969]
2019-08-07 03:27:21,821 INFO  client.GrpcClientProtocolClient (GrpcClientProtocolClient.java:onNext(255)) - client-23C834B07313->edccc055-c3f5-47df-b30f-76e8836f4c59: receive RaftClientReply:client-23C834B07313->edccc055-c3f5-47df-b30f-76e8836f4c59@group-ED32739C8BBB, cid=2029, SUCCESS, logIndex=0, commits[edccc055-c3f5-47df-b30f-76e8836f4c59:c2975, f9704f82-adf1-457c-ad29-9b573bc67fa6:c2973, 932806d8-5f5d-4457-8f95-c9b7f9036eae:c2973]
2019-08-07 03:27:21,853 INFO  client.GrpcClientProtocolClient (GrpcClientProtocolClient.java:onNext(255)) - client-23C834B07313->edccc055-c3f5-47df-b30f-76e8836f4c59: receive RaftClientReply:client-23C834B07313->edccc055-c3f5-47df-b30f-76e8836f4c59@group-ED32739C8BBB, cid=2030, SUCCESS, logIndex=2976, commits[edccc055-c3f5-47df-b30f-76e8836f4c59:c2978, f9704f82-adf1-457c-ad29-9b573bc67fa6:c2975, 932806d8-5f5d-4457-8f95-c9b7f9036eae:c2975]
2019-08-07 03:27:21,853 INFO  client.GrpcClientProtocolClient (GrpcClientProtocolClient.java:onNext(255)) - client-23C834B07313->edccc055-c3f5-47df-b30f-76e8836f4c59: receive RaftClientReply:client-23C834B07313->edccc055-c3f5-47df-b30f-76e8836f4c59@group-ED32739C8BBB, cid=2031, SUCCESS, logIndex=2977, commits[edccc055-c3f5-47df-b30f-76e8836f4c59:c2979, f9704f82-adf1-457c-ad29-9b573bc67fa6:c2975, 932806d8-5f5d-4457-8f95-c9b7f9036eae:c2975]
2019-08-07 03:27:21,854 INFO  client.GrpcClientProtocolClient (GrpcClientProtocolClient.java:onNext(255)) - client-23C834B07313->edccc055-c3f5-47df-b30f-76e8836f4c59: receive RaftClientReply:client-23C834B07313->edccc055-c3f5-47df-b30f-76e8836f4c59@group-ED32739C8BBB, cid=2032, SUCCESS, logIndex=2978, commits[edccc055-c3f5-47df-b30f-76e8836f4c59:c2979, f9704f82-adf1-457c-ad29-9b573bc67fa6:c2975, 932806d8-5f5d-4457-8f95-c9b7f9036eae:c2975]
2019-08-07 03:27:21,854 INFO  client.GrpcClientProtocolClient (GrpcClientProtocolClient.java:onNext(255)) - client-23C834B07313->edccc055-c3f5-47df-b30f-76e8836f4c59: receive RaftClientReply:client-23C834B07313->edccc055-c3f5-47df-b30f-76e8836f4c59@group-ED32739C8BBB, cid=2033, SUCCESS, logIndex=2979, commits[edccc055-c3f5-47df-b30f-76e8836f4c59:c2979, f9704f82-adf1-457c-ad29-9b573bc67fa6:c2975, 932806d8-5f5d-4457-8f95-c9b7f9036eae:c2975]
2019-08-07 03:27:21,867 INFO  client.GrpcClientProtocolClient (GrpcClientProtocolClient.java:onNext(255)) - client-23C834B07313->edccc055-c3f5-47df-b30f-76e8836f4c59: receive RaftClientReply:client-23C834B07313->edccc055-c3f5-47df-b30f-76e8836f4c59@group-ED32739C8BBB, cid=2034, SUCCESS, logIndex=0, commits[edccc055-c3f5-47df-b30f-76e8836f4c59:c2981, f9704f82-adf1-457c-ad29-9b573bc67fa6:c2977, 932806d8-5f5d-4457-8f95-c9b7f9036eae:c2978]
2019-08-07 03:27:21,885 INFO  client.GrpcClientProtocolClient (GrpcClientProtocolClient.java:onNext(255)) - client-23C834B07313->edccc055-c3f5-47df-b30f-76e8836f4c59: receive RaftClientReply:client-23C834B07313->edccc055-c3f5-47df-b30f-76e8836f4c59@group-ED32739C8BBB, cid=2035, SUCCESS, logIndex=2984, commits[edccc055-c3f5-47df-b30f-76e8836f4c59:c2985, f9704f82-adf1-457c-ad29-9b573bc67fa6:c2983, 932806d8-5f5d-4457-8f95-c9b7f9036eae:c2983]
2019-08-07 03:27:21,885 INFO  client.GrpcClientProtocolClient (GrpcClientProtocolClient.java:onNext(255)) - client-23C834B07313->edccc055-c3f5-47df-b30f-76e8836f4c59: receive RaftClientReply:client-23C834B07313->edccc055-c3f5-47df-b30f-76e8836f4c59@group-ED32739C8BBB, cid=2036, SUCCESS, logIndex=2985, commits[edccc055-c3f5-47df-b30f-76e8836f4c59:c2985, f9704f82-adf1-457c-ad29-9b573bc67fa6:c2983, 932806d8-5f5d-4457-8f95-c9b7f9036eae:c2983]
2019-08-07 03:27:21,905 INFO  client.GrpcClientProtocolClient (GrpcClientProtocolClient.java:onNext(255)) - client-23C834B07313->edccc055-c3f5-47df-b30f-76e8836f4c59: receive RaftClientReply:client-23C834B07313->edccc055-c3f5-47df-b30f-76e8836f4c59@group-ED32739C8BBB, cid=2037, SUCCESS, logIndex=2988, commits[edccc055-c3f5-47df-b30f-76e8836f4c59:c2989, f9704f82-adf1-457c-ad29-9b573bc67fa6:c2986, 932806d8-5f5d-4457-8f95-c9b7f9036eae:c2986]
2019-08-07 03:27:21,906 INFO  client.GrpcClientProtocolClient (GrpcClientProtocolClient.java:onNext(255)) - client-23C834B07313->edccc055-c3f5-47df-b30f-76e8836f4c59: receive RaftClientReply:client-23C834B07313->edccc055-c3f5-47df-b30f-76e8836f4c59@group-ED32739C8BBB, cid=2038, SUCCESS, logIndex=2989, commits[edccc055-c3f5-47df-b30f-76e8836f4c59:c2989, f9704f82-adf1-457c-ad29-9b573bc67fa6:c2986, 932806d8-5f5d-4457-8f95-c9b7f9036eae:c2986]
2019-08-07 03:27:21,918 INFO  client.GrpcClientProtocolClient (GrpcClientProtocolClient.java:onNext(255)) - client-23C834B07313->edccc055-c3f5-47df-b30f-76e8836f4c59: receive RaftClientReply:client-23C834B07313->edccc055-c3f5-47df-b30f-76e8836f4c59@group-ED32739C8BBB, cid=2039, SUCCESS, logIndex=0, commits[edccc055-c3f5-47df-b30f-76e8836f4c59:c2991, f9704f82-adf1-457c-ad29-9b573bc67fa6:c2989, 932806d8-5f5d-4457-8f95-c9b7f9036eae:c2989]
2019-08-07 03:27:21,951 INFO  client.GrpcClientProtocolClient (GrpcClientProtocolClient.java:onNext(255)) - client-23C834B07313->edccc055-c3f5-47df-b30f-76e8836f4c59: receive RaftClientReply:client-23C834B07313->edccc055-c3f5-47df-b30f-76e8836f4c59@group-ED32739C8BBB, cid=2040, SUCCESS, logIndex=2992, commits[edccc055-c3f5-47df-b30f-76e8836f4c59:c2993, f9704f82-adf1-457c-ad29-9b573bc67fa6:c2991, 932806d8-5f5d-4457-8f95-c9b7f9036eae:c2991]
2019-08-07 03:27:21,952 INFO  client.GrpcClientProtocolClient (GrpcClientProtocolClient.java:onNext(255)) - client-23C834B07313->edccc055-c3f5-47df-b30f-76e8836f4c59: receive RaftClientReply:client-23C834B07313->edccc055-c3f5-47df-b30f-76e8836f4c59@group-ED32739C8BBB, cid=2041, SUCCESS, logIndex=2993, commits[edccc055-c3f5-47df-b30f-76e8836f4c59:c2995, f9704f82-adf1-457c-ad29-9b573bc67fa6:c2991, 932806d8-5f5d-4457-8f95-c9b7f9036eae:c2991]
2019-08-07 03:27:21,952 INFO  client.GrpcClientProtocolClient (GrpcClientProtocolClient.java:onNext(255)) - client-23C834B07313->edccc055-c3f5-47df-b30f-76e8836f4c59: receive RaftClientReply:client-23C834B07313->edccc055-c3f5-47df-b30f-76e8836f4c59@group-ED32739C8BBB, cid=2042, SUCCESS, logIndex=2994, commits[edccc055-c3f5-47df-b30f-76e8836f4c59:c2995, f9704f82-adf1-457c-ad29-9b573bc67fa6:c2991, 932806d8-5f5d-4457-8f95-c9b7f9036eae:c2991]
2019-08-07 03:27:21,953 INFO  client.GrpcClientProtocolClient (GrpcClientProtocolClient.java:onNext(255)) - client-23C834B07313->edccc055-c3f5-47df-b30f-76e8836f4c59: receive RaftClientReply:client-23C834B07313->edccc055-c3f5-47df-b30f-76e8836f4c59@group-ED32739C8BBB, cid=2043, SUCCESS, logIndex=2995, commits[edccc055-c3f5-47df-b30f-76e8836f4c59:c2995, f9704f82-adf1-457c-ad29-9b573bc67fa6:c2991, 932806d8-5f5d-4457-8f95-c9b7f9036eae:c2992]
2019-08-07 03:27:21,954 INFO  client.GrpcClientProtocolClient (GrpcClientProtocolClient.java:onNext(255)) - client-23C834B07313->edccc055-c3f5-47df-b30f-76e8836f4c59: receive RaftClientReply:client-23C834B07313->edccc055-c3f5-47df-b30f-76e8836f4c59@group-ED32739C8BBB, cid=2044, SUCCESS, logIndex=0, commits[edccc055-c3f5-47df-b30f-76e8836f4c59:c2997, f9704f82-adf1-457c-ad29-9b573bc67fa6:c2993, 932806d8-5f5d-4457-8f95-c9b7f9036eae:c2995]
2019-08-07 03:27:21,973 INFO  client.GrpcClientProtocolClient (GrpcClientProtocolClient.java:onNext(255)) - client-23C834B07313->edccc055-c3f5-47df-b30f-76e8836f4c59: receive RaftClientReply:client-23C834B07313->edccc055-c3f5-47df-b30f-76e8836f4c59@group-ED32739C8BBB, cid=2045, SUCCESS, logIndex=2999, commits[edccc055-c3f5-47df-b30f-76e8836f4c59:c3000, f9704f82-adf1-457c-ad29-9b573bc67fa6:c2998, 932806d8-5f5d-4457-8f95-c9b7f9036eae:c2998]
2019-08-07 03:27:21,973 INFO  client.GrpcClientProtocolClient (GrpcClientProtocolClient.java:onNext(255)) - client-23C834B07313->edccc055-c3f5-47df-b30f-76e8836f4c59: receive RaftClientReply:client-23C834B07313->edccc055-c3f5-47df-b30f-76e8836f4c59@group-ED32739C8BBB, cid=2046, SUCCESS, logIndex=3000, commits[edccc055-c3f5-47df-b30f-76e8836f4c59:c3000, f9704f82-adf1-457c-ad29-9b573bc67fa6:c2998, 932806d8-5f5d-4457-8f95-c9b7f9036eae:c2998]
2019-08-07 03:27:21,998 INFO  client.GrpcClientProtocolClient (GrpcClientProtocolClient.java:onNext(255)) - client-23C834B07313->edccc055-c3f5-47df-b30f-76e8836f4c59: receive RaftClientReply:client-23C834B07313->edccc055-c3f5-47df-b30f-76e8836f4c59@group-ED32739C8BBB, cid=2047, SUCCESS, logIndex=3003, commits[edccc055-c3f5-47df-b30f-76e8836f4c59:c3004, f9704f82-adf1-457c-ad29-9b573bc67fa6:c3000, 932806d8-5f5d-4457-8f95-c9b7f9036eae:c3000]
2019-08-07 03:27:21,999 INFO  client.GrpcClientProtocolClient (GrpcClientProtocolClient.java:onNext(255)) - client-23C834B07313->edccc055-c3f5-47df-b30f-76e8836f4c59: receive RaftClientReply:client-23C834B07313->edccc055-c3f5-47df-b30f-76e8836f4c59@group-ED32739C8BBB, cid=2048, SUCCESS, logIndex=3004, commits[edccc055-c3f5-47df-b30f-76e8836f4c59:c3004, f9704f82-adf1-457c-ad29-9b573bc67fa6:c3000, 932806d8-5f5d-4457-8f95-c9b7f9036eae:c3000]
2019-08-07 03:27:22,009 INFO  client.GrpcClientProtocolClient (GrpcClientProtocolClient.java:onNext(255)) - client-23C834B07313->edccc055-c3f5-47df-b30f-76e8836f4c59: receive RaftClientReply:client-23C834B07313->edccc055-c3f5-47df-b30f-76e8836f4c59@group-ED32739C8BBB, cid=2049, SUCCESS, logIndex=0, commits[edccc055-c3f5-47df-b30f-76e8836f4c59:c3005, f9704f82-adf1-457c-ad29-9b573bc67fa6:c3004, 932806d8-5f5d-4457-8f95-c9b7f9036eae:c3004]
2019-08-07 03:27:22,042 INFO  client.GrpcClientProtocolClient (GrpcClientProtocolClient.java:onNext(255)) - client-23C834B07313->edccc055-c3f5-47df-b30f-76e8836f4c59: receive RaftClientReply:client-23C834B07313->edccc055-c3f5-47df-b30f-76e8836f4c59@group-ED32739C8BBB, cid=2050, SUCCESS, logIndex=3007, commits[edccc055-c3f5-47df-b30f-76e8836f4c59:c3008, f9704f82-adf1-457c-ad29-9b573bc67fa6:c3006, 932806d8-5f5d-4457-8f95-c9b7f9036eae:c3006]
2019-08-07 03:27:22,043 INFO  client.GrpcClientProtocolClient (GrpcClientProtocolClient.java:onNext(255)) - client-23C834B07313->edccc055-c3f5-47df-b30f-76e8836f4c59: receive RaftClientReply:client-23C834B07313->edccc055-c3f5-47df-b30f-76e8836f4c59@group-ED32739C8BBB, cid=2051, SUCCESS, logIndex=3008, commits[edccc055-c3f5-47df-b30f-76e8836f4c59:c3008, f9704f82-adf1-457c-ad29-9b573bc67fa6:c3006, 932806d8-5f5d-4457-8f95-c9b7f9036eae:c3006]
2019-08-07 03:27:22,044 INFO  client.GrpcClientProtocolClient (GrpcClientProtocolClient.java:onNext(255)) - client-23C834B07313->edccc055-c3f5-47df-b30f-76e8836f4c59: receive RaftClientReply:client-23C834B07313->edccc055-c3f5-47df-b30f-76e8836f4c59@group-ED32739C8BBB, cid=2052, SUCCESS, logIndex=3009, commits[edccc055-c3f5-47df-b30f-76e8836f4c59:c3010, f9704f82-adf1-457c-ad29-9b573bc67fa6:c3006, 932806d8-5f5d-4457-8f95-c9b7f9036eae:c3006]
2019-08-07 03:27:22,044 INFO  client.GrpcClientProtocolClient (GrpcClientProtocolClient.java:onNext(255)) - client-23C834B07313->edccc055-c3f5-47df-b30f-76e8836f4c59: receive RaftClientReply:client-23C834B07313->edccc055-c3f5-47df-b30f-76e8836f4c59@group-ED32739C8BBB, cid=2053, SUCCESS, logIndex=3010, commits[edccc055-c3f5-47df-b30f-76e8836f4c59:c3010, f9704f82-adf1-457c-ad29-9b573bc67fa6:c3006, 932806d8-5f5d-4457-8f95-c9b7f9036eae:c3006]
2019-08-07 03:27:22,045 INFO  client.GrpcClientProtocolClient (GrpcClientProtocolClient.java:onNext(255)) - client-23C834B07313->edccc055-c3f5-47df-b30f-76e8836f4c59: receive RaftClientReply:client-23C834B07313->edccc055-c3f5-47df-b30f-76e8836f4c59@group-ED32739C8BBB, cid=2054, SUCCESS, logIndex=0, commits[edccc055-c3f5-47df-b30f-76e8836f4c59:c3012, f9704f82-adf1-457c-ad29-9b573bc67fa6:c3008, 932806d8-5f5d-4457-8f95-c9b7f9036eae:c3008]
2019-08-07 03:27:22,063 INFO  client.GrpcClientProtocolClient (GrpcClientProtocolClient.java:onNext(255)) - client-23C834B07313->edccc055-c3f5-47df-b30f-76e8836f4c59: receive RaftClientReply:client-23C834B07313->edccc055-c3f5-47df-b30f-76e8836f4c59@group-ED32739C8BBB, cid=2055, SUCCESS, logIndex=3015, commits[edccc055-c3f5-47df-b30f-76e8836f4c59:c3016, f9704f82-adf1-457c-ad29-9b573bc67fa6:c3014, 932806d8-5f5d-4457-8f95-c9b7f9036eae:c3014]
2019-08-07 03:27:22,064 INFO  client.GrpcClientProtocolClient (GrpcClientProtocolClient.java:onNext(255)) - client-23C834B07313->edccc055-c3f5-47df-b30f-76e8836f4c59: receive RaftClientReply:client-23C834B07313->edccc055-c3f5-47df-b30f-76e8836f4c59@group-ED32739C8BBB, cid=2056, SUCCESS, logIndex=3016, commits[edccc055-c3f5-47df-b30f-76e8836f4c59:c3016, f9704f82-adf1-457c-ad29-9b573bc67fa6:c3014, 932806d8-5f5d-4457-8f95-c9b7f9036eae:c3014]
2019-08-07 03:27:22,077 INFO  client.GrpcClientProtocolClient (GrpcClientProtocolClient.java:onNext(255)) - client-23C834B07313->edccc055-c3f5-47df-b30f-76e8836f4c59: receive RaftClientReply:client-23C834B07313->edccc055-c3f5-47df-b30f-76e8836f4c59@group-ED32739C8BBB, cid=2057, SUCCESS, logIndex=3019, commits[edccc055-c3f5-47df-b30f-76e8836f4c59:c3020, f9704f82-adf1-457c-ad29-9b573bc67fa6:c3016, 932806d8-5f5d-4457-8f95-c9b7f9036eae:c3016]
2019-08-07 03:27:22,077 INFO  client.GrpcClientProtocolClient (GrpcClientProtocolClient.java:onNext(255)) - client-23C834B07313->edccc055-c3f5-47df-b30f-76e8836f4c59: receive RaftClientReply:client-23C834B07313->edccc055-c3f5-47df-b30f-76e8836f4c59@group-ED32739C8BBB, cid=2058, SUCCESS, logIndex=3020, commits[edccc055-c3f5-47df-b30f-76e8836f4c59:c3020, f9704f82-adf1-457c-ad29-9b573bc67fa6:c3016, 932806d8-5f5d-4457-8f95-c9b7f9036eae:c3016]
2019-08-07 03:27:22,091 INFO  client.GrpcClientProtocolClient (GrpcClientProtocolClient.java:onNext(255)) - client-23C834B07313->edccc055-c3f5-47df-b30f-76e8836f4c59: receive RaftClientReply:client-23C834B07313->edccc055-c3f5-47df-b30f-76e8836f4c59@group-ED32739C8BBB, cid=2059, SUCCESS, logIndex=0, commits[edccc055-c3f5-47df-b30f-76e8836f4c59:c3022, f9704f82-adf1-457c-ad29-9b573bc67fa6:c3020, 932806d8-5f5d-4457-8f95-c9b7f9036eae:c3020]
2019-08-07 03:27:22,120 INFO  client.GrpcClientProtocolClient (GrpcClientProtocolClient.java:onNext(255)) - client-23C834B07313->edccc055-c3f5-47df-b30f-76e8836f4c59: receive RaftClientReply:client-23C834B07313->edccc055-c3f5-47df-b30f-76e8836f4c59@group-ED32739C8BBB, cid=2060, SUCCESS, logIndex=3023, commits[edccc055-c3f5-47df-b30f-76e8836f4c59:c3025, f9704f82-adf1-457c-ad29-9b573bc67fa6:c3022, 932806d8-5f5d-4457-8f95-c9b7f9036eae:c3022]
2019-08-07 03:27:22,121 INFO  client.GrpcClientProtocolClient (GrpcClientProtocolClient.java:onNext(255)) - client-23C834B07313->edccc055-c3f5-47df-b30f-76e8836f4c59: receive RaftClientReply:client-23C834B07313->edccc055-c3f5-47df-b30f-76e8836f4c59@group-ED32739C8BBB, cid=2061, SUCCESS, logIndex=3024, commits[edccc055-c3f5-47df-b30f-76e8836f4c59:c3026, f9704f82-adf1-457c-ad29-9b573bc67fa6:c3022, 932806d8-5f5d-4457-8f95-c9b7f9036eae:c3022]
2019-08-07 03:27:22,121 INFO  client.GrpcClientProtocolClient (GrpcClientProtocolClient.java:onNext(255)) - client-23C834B07313->edccc055-c3f5-47df-b30f-76e8836f4c59: receive RaftClientReply:client-23C834B07313->edccc055-c3f5-47df-b30f-76e8836f4c59@group-ED32739C8BBB, cid=2062, SUCCESS, logIndex=3025, commits[edccc055-c3f5-47df-b30f-76e8836f4c59:c3026, f9704f82-adf1-457c-ad29-9b573bc67fa6:c3022, 932806d8-5f5d-4457-8f95-c9b7f9036eae:c3022]
2019-08-07 03:27:22,122 INFO  client.GrpcClientProtocolClient (GrpcClientProtocolClient.java:onNext(255)) - client-23C834B07313->edccc055-c3f5-47df-b30f-76e8836f4c59: receive RaftClientReply:client-23C834B07313->edccc055-c3f5-47df-b30f-76e8836f4c59@group-ED32739C8BBB, cid=2063, SUCCESS, logIndex=3026, commits[edccc055-c3f5-47df-b30f-76e8836f4c59:c3026, f9704f82-adf1-457c-ad29-9b573bc67fa6:c3022, 932806d8-5f5d-4457-8f95-c9b7f9036eae:c3022]
2019-08-07 03:27:22,123 INFO  client.GrpcClientProtocolClient (GrpcClientProtocolClient.java:onNext(255)) - client-23C834B07313->edccc055-c3f5-47df-b30f-76e8836f4c59: receive RaftClientReply:client-23C834B07313->edccc055-c3f5-47df-b30f-76e8836f4c59@group-ED32739C8BBB, cid=2064, SUCCESS, logIndex=0, commits[edccc055-c3f5-47df-b30f-76e8836f4c59:c3028, f9704f82-adf1-457c-ad29-9b573bc67fa6:c3024, 932806d8-5f5d-4457-8f95-c9b7f9036eae:c3024]
2019-08-07 03:27:22,144 INFO  client.GrpcClientProtocolClient (GrpcClientProtocolClient.java:onNext(255)) - client-23C834B07313->edccc055-c3f5-47df-b30f-76e8836f4c59: receive RaftClientReply:client-23C834B07313->edccc055-c3f5-47df-b30f-76e8836f4c59@group-ED32739C8BBB, cid=2065, SUCCESS, logIndex=3031, commits[edccc055-c3f5-47df-b30f-76e8836f4c59:c3031, f9704f82-adf1-457c-ad29-9b573bc67fa6:c3030, 932806d8-5f5d-4457-8f95-c9b7f9036eae:c3030]
2019-08-07 03:27:22,144 INFO  client.GrpcClientProtocolClient (GrpcClientProtocolClient.java:onNext(255)) - client-23C834B07313->edccc055-c3f5-47df-b30f-76e8836f4c59: receive RaftClientReply:client-23C834B07313->edccc055-c3f5-47df-b30f-76e8836f4c59@group-ED32739C8BBB, cid=2066, SUCCESS, logIndex=3032, commits[edccc055-c3f5-47df-b30f-76e8836f4c59:c3032, f9704f82-adf1-457c-ad29-9b573bc67fa6:c3030, 932806d8-5f5d-4457-8f95-c9b7f9036eae:c3030]
2019-08-07 03:27:22,160 INFO  client.GrpcClientProtocolClient (GrpcClientProtocolClient.java:onNext(255)) - client-23C834B07313->edccc055-c3f5-47df-b30f-76e8836f4c59: receive RaftClientReply:client-23C834B07313->edccc055-c3f5-47df-b30f-76e8836f4c59@group-ED32739C8BBB, cid=2067, SUCCESS, logIndex=3035, commits[edccc055-c3f5-47df-b30f-76e8836f4c59:c3036, f9704f82-adf1-457c-ad29-9b573bc67fa6:c3032, 932806d8-5f5d-4457-8f95-c9b7f9036eae:c3032]
2019-08-07 03:27:22,160 INFO  client.GrpcClientProtocolClient (GrpcClientProtocolClient.java:onNext(255)) - client-23C834B07313->edccc055-c3f5-47df-b30f-76e8836f4c59: receive RaftClientReply:client-23C834B07313->edccc055-c3f5-47df-b30f-76e8836f4c59@group-ED32739C8BBB, cid=2068, SUCCESS, logIndex=3036, commits[edccc055-c3f5-47df-b30f-76e8836f4c59:c3036, f9704f82-adf1-457c-ad29-9b573bc67fa6:c3032, 932806d8-5f5d-4457-8f95-c9b7f9036eae:c3032]
2019-08-07 03:27:22,175 INFO  client.GrpcClientProtocolClient (GrpcClientProtocolClient.java:onNext(255)) - client-23C834B07313->edccc055-c3f5-47df-b30f-76e8836f4c59: receive RaftClientReply:client-23C834B07313->edccc055-c3f5-47df-b30f-76e8836f4c59@group-ED32739C8BBB, cid=2069, SUCCESS, logIndex=0, commits[edccc055-c3f5-47df-b30f-76e8836f4c59:c3037, f9704f82-adf1-457c-ad29-9b573bc67fa6:c3036, 932806d8-5f5d-4457-8f95-c9b7f9036eae:c3036]
2019-08-07 03:27:22,206 INFO  client.GrpcClientProtocolClient (GrpcClientProtocolClient.java:onNext(255)) - client-23C834B07313->edccc055-c3f5-47df-b30f-76e8836f4c59: receive RaftClientReply:client-23C834B07313->edccc055-c3f5-47df-b30f-76e8836f4c59@group-ED32739C8BBB, cid=2070, SUCCESS, logIndex=3039, commits[edccc055-c3f5-47df-b30f-76e8836f4c59:c3040, f9704f82-adf1-457c-ad29-9b573bc67fa6:c3038, 932806d8-5f5d-4457-8f95-c9b7f9036eae:c3038]
2019-08-07 03:27:22,207 INFO  client.GrpcClientProtocolClient (GrpcClientProtocolClient.java:onNext(255)) - client-23C834B07313->edccc055-c3f5-47df-b30f-76e8836f4c59: receive RaftClientReply:client-23C834B07313->edccc055-c3f5-47df-b30f-76e8836f4c59@group-ED32739C8BBB, cid=2071, SUCCESS, logIndex=3040, commits[edccc055-c3f5-47df-b30f-76e8836f4c59:c3040, f9704f82-adf1-457c-ad29-9b573bc67fa6:c3038, 932806d8-5f5d-4457-8f95-c9b7f9036eae:c3038]
2019-08-07 03:27:22,207 INFO  client.GrpcClientProtocolClient (GrpcClientProtocolClient.java:onNext(255)) - client-23C834B07313->edccc055-c3f5-47df-b30f-76e8836f4c59: receive RaftClientReply:client-23C834B07313->edccc055-c3f5-47df-b30f-76e8836f4c59@group-ED32739C8BBB, cid=2072, SUCCESS, logIndex=3041, commits[edccc055-c3f5-47df-b30f-76e8836f4c59:c3042, f9704f82-adf1-457c-ad29-9b573bc67fa6:c3038, 932806d8-5f5d-4457-8f95-c9b7f9036eae:c3038]
2019-08-07 03:27:22,208 INFO  client.GrpcClientProtocolClient (GrpcClientProtocolClient.java:onNext(255)) - client-23C834B07313->edccc055-c3f5-47df-b30f-76e8836f4c59: receive RaftClientReply:client-23C834B07313->edccc055-c3f5-47df-b30f-76e8836f4c59@group-ED32739C8BBB, cid=2073, SUCCESS, logIndex=3042, commits[edccc055-c3f5-47df-b30f-76e8836f4c59:c3042, f9704f82-adf1-457c-ad29-9b573bc67fa6:c3038, 932806d8-5f5d-4457-8f95-c9b7f9036eae:c3038]
2019-08-07 03:27:22,209 INFO  client.GrpcClientProtocolClient (GrpcClientProtocolClient.java:onNext(255)) - client-23C834B07313->edccc055-c3f5-47df-b30f-76e8836f4c59: receive RaftClientReply:client-23C834B07313->edccc055-c3f5-47df-b30f-76e8836f4c59@group-ED32739C8BBB, cid=2074, SUCCESS, logIndex=0, commits[edccc055-c3f5-47df-b30f-76e8836f4c59:c3044, f9704f82-adf1-457c-ad29-9b573bc67fa6:c3040, 932806d8-5f5d-4457-8f95-c9b7f9036eae:c3040]
2019-08-07 03:27:22,230 INFO  client.GrpcClientProtocolClient (GrpcClientProtocolClient.java:onNext(255)) - client-23C834B07313->edccc055-c3f5-47df-b30f-76e8836f4c59: receive RaftClientReply:client-23C834B07313->edccc055-c3f5-47df-b30f-76e8836f4c59@group-ED32739C8BBB, cid=2075, SUCCESS, logIndex=3047, commits[edccc055-c3f5-47df-b30f-76e8836f4c59:c3048, f9704f82-adf1-457c-ad29-9b573bc67fa6:c3046, 932806d8-5f5d-4457-8f95-c9b7f9036eae:c3046]
2019-08-07 03:27:22,230 INFO  client.GrpcClientProtocolClient (GrpcClientProtocolClient.java:onNext(255)) - client-23C834B07313->edccc055-c3f5-47df-b30f-76e8836f4c59: receive RaftClientReply:client-23C834B07313->edccc055-c3f5-47df-b30f-76e8836f4c59@group-ED32739C8BBB, cid=2076, SUCCESS, logIndex=3048, commits[edccc055-c3f5-47df-b30f-76e8836f4c59:c3048, f9704f82-adf1-457c-ad29-9b573bc67fa6:c3046, 932806d8-5f5d-4457-8f95-c9b7f9036eae:c3046]
2019-08-07 03:27:22,243 INFO  client.GrpcClientProtocolClient (GrpcClientProtocolClient.java:onNext(255)) - client-23C834B07313->edccc055-c3f5-47df-b30f-76e8836f4c59: receive RaftClientReply:client-23C834B07313->edccc055-c3f5-47df-b30f-76e8836f4c59@group-ED32739C8BBB, cid=2077, SUCCESS, logIndex=3051, commits[edccc055-c3f5-47df-b30f-76e8836f4c59:c3052, f9704f82-adf1-457c-ad29-9b573bc67fa6:c3048, 932806d8-5f5d-4457-8f95-c9b7f9036eae:c3048]
2019-08-07 03:27:22,244 INFO  client.GrpcClientProtocolClient (GrpcClientProtocolClient.java:onNext(255)) - client-23C834B07313->edccc055-c3f5-47df-b30f-76e8836f4c59: receive RaftClientReply:client-23C834B07313->edccc055-c3f5-47df-b30f-76e8836f4c59@group-ED32739C8BBB, cid=2078, SUCCESS, logIndex=3052, commits[edccc055-c3f5-47df-b30f-76e8836f4c59:c3052, f9704f82-adf1-457c-ad29-9b573bc67fa6:c3048, 932806d8-5f5d-4457-8f95-c9b7f9036eae:c3048]
2019-08-07 03:27:22,257 INFO  client.GrpcClientProtocolClient (GrpcClientProtocolClient.java:onNext(255)) - client-23C834B07313->edccc055-c3f5-47df-b30f-76e8836f4c59: receive RaftClientReply:client-23C834B07313->edccc055-c3f5-47df-b30f-76e8836f4c59@group-ED32739C8BBB, cid=2079, SUCCESS, logIndex=0, commits[edccc055-c3f5-47df-b30f-76e8836f4c59:c3053, f9704f82-adf1-457c-ad29-9b573bc67fa6:c3052, 932806d8-5f5d-4457-8f95-c9b7f9036eae:c3052]
2019-08-07 03:27:22,288 INFO  client.GrpcClientProtocolClient (GrpcClientProtocolClient.java:onNext(255)) - client-23C834B07313->edccc055-c3f5-47df-b30f-76e8836f4c59: receive RaftClientReply:client-23C834B07313->edccc055-c3f5-47df-b30f-76e8836f4c59@group-ED32739C8BBB, cid=2080, SUCCESS, logIndex=3055, commits[edccc055-c3f5-47df-b30f-76e8836f4c59:c3056, f9704f82-adf1-457c-ad29-9b573bc67fa6:c3054, 932806d8-5f5d-4457-8f95-c9b7f9036eae:c3054]
2019-08-07 03:27:22,289 INFO  client.GrpcClientProtocolClient (GrpcClientProtocolClient.java:onNext(255)) - client-23C834B07313->edccc055-c3f5-47df-b30f-76e8836f4c59: receive RaftClientReply:client-23C834B07313->edccc055-c3f5-47df-b30f-76e8836f4c59@group-ED32739C8BBB, cid=2081, SUCCESS, logIndex=3056, commits[edccc055-c3f5-47df-b30f-76e8836f4c59:c3056, f9704f82-adf1-457c-ad29-9b573bc67fa6:c3054, 932806d8-5f5d-4457-8f95-c9b7f9036eae:c3054]
2019-08-07 03:27:22,300 INFO  client.GrpcClientProtocolClient (GrpcClientProtocolClient.java:onNext(255)) - client-23C834B07313->edccc055-c3f5-47df-b30f-76e8836f4c59: receive RaftClientReply:client-23C834B07313->edccc055-c3f5-47df-b30f-76e8836f4c59@group-ED32739C8BBB, cid=2082, SUCCESS, logIndex=3057, commits[edccc055-c3f5-47df-b30f-76e8836f4c59:c3057, f9704f82-adf1-457c-ad29-9b573bc67fa6:c3054, 932806d8-5f5d-4457-8f95-c9b7f9036eae:c3054]
2019-08-07 03:27:22,300 INFO  client.GrpcClientProtocolClient (GrpcClientProtocolClient.java:onNext(255)) - client-23C834B07313->edccc055-c3f5-47df-b30f-76e8836f4c59: receive RaftClientReply:client-23C834B07313->edccc055-c3f5-47df-b30f-76e8836f4c59@group-ED32739C8BBB, cid=2083, SUCCESS, logIndex=3058, commits[edccc055-c3f5-47df-b30f-76e8836f4c59:c3058, f9704f82-adf1-457c-ad29-9b573bc67fa6:c3054, 932806d8-5f5d-4457-8f95-c9b7f9036eae:c3054]
2019-08-07 03:27:22,303 INFO  client.GrpcClientProtocolClient (GrpcClientProtocolClient.java:onNext(255)) - client-23C834B07313->edccc055-c3f5-47df-b30f-76e8836f4c59: receive RaftClientReply:client-23C834B07313->edccc055-c3f5-47df-b30f-76e8836f4c59@group-ED32739C8BBB, cid=2084, SUCCESS, logIndex=0, commits[edccc055-c3f5-47df-b30f-76e8836f4c59:c3060, f9704f82-adf1-457c-ad29-9b573bc67fa6:c3056, 932806d8-5f5d-4457-8f95-c9b7f9036eae:c3056]
 0.00% |█                                                                                                    |  0/1 Time: 0:00:182019-08-07 03:27:22,427 INFO  client.GrpcClientProtocolClient (GrpcClientProtocolClient.java:onNext(255)) - client-23C834B07313->edccc055-c3f5-47df-b30f-76e8836f4c59: receive RaftClientReply:client-23C834B07313->edccc055-c3f5-47df-b30f-76e8836f4c59@group-ED32739C8BBB, cid=2085, SUCCESS, logIndex=3063, commits[edccc055-c3f5-47df-b30f-76e8836f4c59:c3064, f9704f82-adf1-457c-ad29-9b573bc67fa6:c3058, 932806d8-5f5d-4457-8f95-c9b7f9036eae:c3060]
2019-08-07 03:27:22,427 INFO  client.GrpcClientProtocolClient (GrpcClientProtocolClient.java:onNext(255)) - client-23C834B07313->edccc055-c3f5-47df-b30f-76e8836f4c59: receive RaftClientReply:client-23C834B07313->edccc055-c3f5-47df-b30f-76e8836f4c59@group-ED32739C8BBB, cid=2086, SUCCESS, logIndex=3064, commits[edccc055-c3f5-47df-b30f-76e8836f4c59:c3064, f9704f82-adf1-457c-ad29-9b573bc67fa6:c3060, 932806d8-5f5d-4457-8f95-c9b7f9036eae:c3060]
2019-08-07 03:27:22,442 INFO  client.GrpcClientProtocolClient (GrpcClientProtocolClient.java:onNext(255)) - client-23C834B07313->edccc055-c3f5-47df-b30f-76e8836f4c59: receive RaftClientReply:client-23C834B07313->edccc055-c3f5-47df-b30f-76e8836f4c59@group-ED32739C8BBB, cid=2087, SUCCESS, logIndex=3067, commits[edccc055-c3f5-47df-b30f-76e8836f4c59:c3068, f9704f82-adf1-457c-ad29-9b573bc67fa6:c3065, 932806d8-5f5d-4457-8f95-c9b7f9036eae:c3064]
2019-08-07 03:27:22,442 INFO  client.GrpcClientProtocolClient (GrpcClientProtocolClient.java:onNext(255)) - client-23C834B07313->edccc055-c3f5-47df-b30f-76e8836f4c59: receive RaftClientReply:client-23C834B07313->edccc055-c3f5-47df-b30f-76e8836f4c59@group-ED32739C8BBB, cid=2088, SUCCESS, logIndex=3068, commits[edccc055-c3f5-47df-b30f-76e8836f4c59:c3068, f9704f82-adf1-457c-ad29-9b573bc67fa6:c3065, 932806d8-5f5d-4457-8f95-c9b7f9036eae:c3065]
2019-08-07 03:27:22,453 INFO  client.GrpcClientProtocolClient (GrpcClientProtocolClient.java:onNext(255)) - client-23C834B07313->edccc055-c3f5-47df-b30f-76e8836f4c59: receive RaftClientReply:client-23C834B07313->edccc055-c3f5-47df-b30f-76e8836f4c59@group-ED32739C8BBB, cid=2089, SUCCESS, logIndex=0, commits[edccc055-c3f5-47df-b30f-76e8836f4c59:c3069, f9704f82-adf1-457c-ad29-9b573bc67fa6:c3068, 932806d8-5f5d-4457-8f95-c9b7f9036eae:c3068]
2019-08-07 03:27:22,485 INFO  client.GrpcClientProtocolClient (GrpcClientProtocolClient.java:onNext(255)) - client-23C834B07313->edccc055-c3f5-47df-b30f-76e8836f4c59: receive RaftClientReply:client-23C834B07313->edccc055-c3f5-47df-b30f-76e8836f4c59@group-ED32739C8BBB, cid=2090, SUCCESS, logIndex=3071, commits[edccc055-c3f5-47df-b30f-76e8836f4c59:c3072, f9704f82-adf1-457c-ad29-9b573bc67fa6:c3070, 932806d8-5f5d-4457-8f95-c9b7f9036eae:c3070]
2019-08-07 03:27:22,486 INFO  client.GrpcClientProtocolClient (GrpcClientProtocolClient.java:onNext(255)) - client-23C834B07313->edccc055-c3f5-47df-b30f-76e8836f4c59: receive RaftClientReply:client-23C834B07313->edccc055-c3f5-47df-b30f-76e8836f4c59@group-ED32739C8BBB, cid=2091, SUCCESS, logIndex=3072, commits[edccc055-c3f5-47df-b30f-76e8836f4c59:c3074, f9704f82-adf1-457c-ad29-9b573bc67fa6:c3070, 932806d8-5f5d-4457-8f95-c9b7f9036eae:c3070]
2019-08-07 03:27:22,486 INFO  client.GrpcClientProtocolClient (GrpcClientProtocolClient.java:onNext(255)) - client-23C834B07313->edccc055-c3f5-47df-b30f-76e8836f4c59: receive RaftClientReply:client-23C834B07313->edccc055-c3f5-47df-b30f-76e8836f4c59@group-ED32739C8BBB, cid=2092, SUCCESS, logIndex=3073, commits[edccc055-c3f5-47df-b30f-76e8836f4c59:c3074, f9704f82-adf1-457c-ad29-9b573bc67fa6:c3070, 932806d8-5f5d-4457-8f95-c9b7f9036eae:c3070]
2019-08-07 03:27:22,486 INFO  client.GrpcClientProtocolClient (GrpcClientProtocolClient.java:onNext(255)) - client-23C834B07313->edccc055-c3f5-47df-b30f-76e8836f4c59: receive RaftClientReply:client-23C834B07313->edccc055-c3f5-47df-b30f-76e8836f4c59@group-ED32739C8BBB, cid=2093, SUCCESS, logIndex=3074, commits[edccc055-c3f5-47df-b30f-76e8836f4c59:c3075, f9704f82-adf1-457c-ad29-9b573bc67fa6:c3071, 932806d8-5f5d-4457-8f95-c9b7f9036eae:c3070]
2019-08-07 03:27:22,488 INFO  client.GrpcClientProtocolClient (GrpcClientProtocolClient.java:onNext(255)) - client-23C834B07313->edccc055-c3f5-47df-b30f-76e8836f4c59: receive RaftClientReply:client-23C834B07313->edccc055-c3f5-47df-b30f-76e8836f4c59@group-ED32739C8BBB, cid=2094, SUCCESS, logIndex=0, commits[edccc055-c3f5-47df-b30f-76e8836f4c59:c3077, f9704f82-adf1-457c-ad29-9b573bc67fa6:c3074, 932806d8-5f5d-4457-8f95-c9b7f9036eae:c3072]
2019-08-07 03:27:22,510 INFO  client.GrpcClientProtocolClient (GrpcClientProtocolClient.java:onNext(255)) - client-23C834B07313->edccc055-c3f5-47df-b30f-76e8836f4c59: receive RaftClientReply:client-23C834B07313->edccc055-c3f5-47df-b30f-76e8836f4c59@group-ED32739C8BBB, cid=2095, SUCCESS, logIndex=3079, commits[edccc055-c3f5-47df-b30f-76e8836f4c59:c3080, f9704f82-adf1-457c-ad29-9b573bc67fa6:c3078, 932806d8-5f5d-4457-8f95-c9b7f9036eae:c3078]
2019-08-07 03:27:22,510 INFO  client.GrpcClientProtocolClient (GrpcClientProtocolClient.java:onNext(255)) - client-23C834B07313->edccc055-c3f5-47df-b30f-76e8836f4c59: receive RaftClientReply:client-23C834B07313->edccc055-c3f5-47df-b30f-76e8836f4c59@group-ED32739C8BBB, cid=2096, SUCCESS, logIndex=3080, commits[edccc055-c3f5-47df-b30f-76e8836f4c59:c3080, f9704f82-adf1-457c-ad29-9b573bc67fa6:c3078, 932806d8-5f5d-4457-8f95-c9b7f9036eae:c3078]
2019-08-07 03:27:22,534 INFO  client.GrpcClientProtocolClient (GrpcClientProtocolClient.java:onNext(255)) - client-23C834B07313->edccc055-c3f5-47df-b30f-76e8836f4c59: receive RaftClientReply:client-23C834B07313->edccc055-c3f5-47df-b30f-76e8836f4c59@group-ED32739C8BBB, cid=2097, SUCCESS, logIndex=3083, commits[edccc055-c3f5-47df-b30f-76e8836f4c59:c3084, f9704f82-adf1-457c-ad29-9b573bc67fa6:c3080, 932806d8-5f5d-4457-8f95-c9b7f9036eae:c3080]
2019-08-07 03:27:22,535 INFO  client.GrpcClientProtocolClient (GrpcClientProtocolClient.java:onNext(255)) - client-23C834B07313->edccc055-c3f5-47df-b30f-76e8836f4c59: receive RaftClientReply:client-23C834B07313->edccc055-c3f5-47df-b30f-76e8836f4c59@group-ED32739C8BBB, cid=2098, SUCCESS, logIndex=3084, commits[edccc055-c3f5-47df-b30f-76e8836f4c59:c3084, f9704f82-adf1-457c-ad29-9b573bc67fa6:c3080, 932806d8-5f5d-4457-8f95-c9b7f9036eae:c3080]
2019-08-07 03:27:22,546 INFO  client.GrpcClientProtocolClient (GrpcClientProtocolClient.java:onNext(255)) - client-23C834B07313->edccc055-c3f5-47df-b30f-76e8836f4c59: receive RaftClientReply:client-23C834B07313->edccc055-c3f5-47df-b30f-76e8836f4c59@group-ED32739C8BBB, cid=2099, SUCCESS, logIndex=0, commits[edccc055-c3f5-47df-b30f-76e8836f4c59:c3085, f9704f82-adf1-457c-ad29-9b573bc67fa6:c3084, 932806d8-5f5d-4457-8f95-c9b7f9036eae:c3084]
2019-08-07 03:27:22,578 INFO  client.GrpcClientProtocolClient (GrpcClientProtocolClient.java:onNext(255)) - client-23C834B07313->edccc055-c3f5-47df-b30f-76e8836f4c59: receive RaftClientReply:client-23C834B07313->edccc055-c3f5-47df-b30f-76e8836f4c59@group-ED32739C8BBB, cid=2100, SUCCESS, logIndex=3087, commits[edccc055-c3f5-47df-b30f-76e8836f4c59:c3089, f9704f82-adf1-457c-ad29-9b573bc67fa6:c3086, 932806d8-5f5d-4457-8f95-c9b7f9036eae:c3086]
2019-08-07 03:27:22,579 INFO  client.GrpcClientProtocolClient (GrpcClientProtocolClient.java:onNext(255)) - client-23C834B07313->edccc055-c3f5-47df-b30f-76e8836f4c59: receive RaftClientReply:client-23C834B07313->edccc055-c3f5-47df-b30f-76e8836f4c59@group-ED32739C8BBB, cid=2101, SUCCESS, logIndex=3088, commits[edccc055-c3f5-47df-b30f-76e8836f4c59:c3090, f9704f82-adf1-457c-ad29-9b573bc67fa6:c3086, 932806d8-5f5d-4457-8f95-c9b7f9036eae:c3086]
2019-08-07 03:27:22,579 INFO  client.GrpcClientProtocolClient (GrpcClientProtocolClient.java:onNext(255)) - client-23C834B07313->edccc055-c3f5-47df-b30f-76e8836f4c59: receive RaftClientReply:client-23C834B07313->edccc055-c3f5-47df-b30f-76e8836f4c59@group-ED32739C8BBB, cid=2102, SUCCESS, logIndex=3089, commits[edccc055-c3f5-47df-b30f-76e8836f4c59:c3090, f9704f82-adf1-457c-ad29-9b573bc67fa6:c3086, 932806d8-5f5d-4457-8f95-c9b7f9036eae:c3086]
2019-08-07 03:27:22,580 INFO  client.GrpcClientProtocolClient (GrpcClientProtocolClient.java:onNext(255)) - client-23C834B07313->edccc055-c3f5-47df-b30f-76e8836f4c59: receive RaftClientReply:client-23C834B07313->edccc055-c3f5-47df-b30f-76e8836f4c59@group-ED32739C8BBB, cid=2103, SUCCESS, logIndex=3090, commits[edccc055-c3f5-47df-b30f-76e8836f4c59:c3091, f9704f82-adf1-457c-ad29-9b573bc67fa6:c3087, 932806d8-5f5d-4457-8f95-c9b7f9036eae:c3086]
2019-08-07 03:27:22,583 INFO  client.GrpcClientProtocolClient (GrpcClientProtocolClient.java:onNext(255)) - client-23C834B07313->edccc055-c3f5-47df-b30f-76e8836f4c59: receive RaftClientReply:client-23C834B07313->edccc055-c3f5-47df-b30f-76e8836f4c59@group-ED32739C8BBB, cid=2104, SUCCESS, logIndex=0, commits[edccc055-c3f5-47df-b30f-76e8836f4c59:c3094, f9704f82-adf1-457c-ad29-9b573bc67fa6:c3090, 932806d8-5f5d-4457-8f95-c9b7f9036eae:c3088]
2019-08-07 03:27:22,605 INFO  client.GrpcClientProtocolClient (GrpcClientProtocolClient.java:onNext(255)) - client-23C834B07313->edccc055-c3f5-47df-b30f-76e8836f4c59: receive RaftClientReply:client-23C834B07313->edccc055-c3f5-47df-b30f-76e8836f4c59@group-ED32739C8BBB, cid=2105, SUCCESS, logIndex=3095, commits[edccc055-c3f5-47df-b30f-76e8836f4c59:c3096, f9704f82-adf1-457c-ad29-9b573bc67fa6:c3094, 932806d8-5f5d-4457-8f95-c9b7f9036eae:c3094]
2019-08-07 03:27:22,605 INFO  client.GrpcClientProtocolClient (GrpcClientProtocolClient.java:onNext(255)) - client-23C834B07313->edccc055-c3f5-47df-b30f-76e8836f4c59: receive RaftClientReply:client-23C834B07313->edccc055-c3f5-47df-b30f-76e8836f4c59@group-ED32739C8BBB, cid=2106, SUCCESS, logIndex=3096, commits[edccc055-c3f5-47df-b30f-76e8836f4c59:c3096, f9704f82-adf1-457c-ad29-9b573bc67fa6:c3094, 932806d8-5f5d-4457-8f95-c9b7f9036eae:c3094]
2019-08-07 03:27:22,618 INFO  client.GrpcClientProtocolClient (GrpcClientProtocolClient.java:onNext(255)) - client-23C834B07313->edccc055-c3f5-47df-b30f-76e8836f4c59: receive RaftClientReply:client-23C834B07313->edccc055-c3f5-47df-b30f-76e8836f4c59@group-ED32739C8BBB, cid=2107, SUCCESS, logIndex=3099, commits[edccc055-c3f5-47df-b30f-76e8836f4c59:c3100, f9704f82-adf1-457c-ad29-9b573bc67fa6:c3095, 932806d8-5f5d-4457-8f95-c9b7f9036eae:c3096]
2019-08-07 03:27:22,619 INFO  client.GrpcClientProtocolClient (GrpcClientProtocolClient.java:onNext(255)) - client-23C834B07313->edccc055-c3f5-47df-b30f-76e8836f4c59: receive RaftClientReply:client-23C834B07313->edccc055-c3f5-47df-b30f-76e8836f4c59@group-ED32739C8BBB, cid=2108, SUCCESS, logIndex=3100, commits[edccc055-c3f5-47df-b30f-76e8836f4c59:c3100, f9704f82-adf1-457c-ad29-9b573bc67fa6:c3096, 932806d8-5f5d-4457-8f95-c9b7f9036eae:c3096]
2019-08-07 03:27:22,620 INFO  client.GrpcClientProtocolClient (GrpcClientProtocolClient.java:onNext(255)) - client-23C834B07313->edccc055-c3f5-47df-b30f-76e8836f4c59: receive RaftClientReply:client-23C834B07313->edccc055-c3f5-47df-b30f-76e8836f4c59@group-ED32739C8BBB, cid=2109, SUCCESS, logIndex=0, commits[edccc055-c3f5-47df-b30f-76e8836f4c59:c3101, f9704f82-adf1-457c-ad29-9b573bc67fa6:c3100, 932806d8-5f5d-4457-8f95-c9b7f9036eae:c3100]
2019-08-07 03:27:22,644 INFO  client.GrpcClientProtocolClient (GrpcClientProtocolClient.java:onNext(255)) - client-23C834B07313->edccc055-c3f5-47df-b30f-76e8836f4c59: receive RaftClientReply:client-23C834B07313->edccc055-c3f5-47df-b30f-76e8836f4c59@group-ED32739C8BBB, cid=2110, SUCCESS, logIndex=3103, commits[edccc055-c3f5-47df-b30f-76e8836f4c59:c3103, f9704f82-adf1-457c-ad29-9b573bc67fa6:c3102, 932806d8-5f5d-4457-8f95-c9b7f9036eae:c3102]
2019-08-07 03:27:22,644 INFO  client.GrpcClientProtocolClient (GrpcClientProtocolClient.java:onNext(255)) - client-23C834B07313->edccc055-c3f5-47df-b30f-76e8836f4c59: receive RaftClientReply:client-23C834B07313->edccc055-c3f5-47df-b30f-76e8836f4c59@group-ED32739C8BBB, cid=2111, SUCCESS, logIndex=3104, commits[edccc055-c3f5-47df-b30f-76e8836f4c59:c3104, f9704f82-adf1-457c-ad29-9b573bc67fa6:c3102, 932806d8-5f5d-4457-8f95-c9b7f9036eae:c3102]
2019-08-07 03:27:22,645 INFO  client.GrpcClientProtocolClient (GrpcClientProtocolClient.java:onNext(255)) - client-23C834B07313->edccc055-c3f5-47df-b30f-76e8836f4c59: receive RaftClientReply:client-23C834B07313->edccc055-c3f5-47df-b30f-76e8836f4c59@group-ED32739C8BBB, cid=2112, SUCCESS, logIndex=3105, commits[edccc055-c3f5-47df-b30f-76e8836f4c59:c3106, f9704f82-adf1-457c-ad29-9b573bc67fa6:c3102, 932806d8-5f5d-4457-8f95-c9b7f9036eae:c3102]
2019-08-07 03:27:22,645 INFO  client.GrpcClientProtocolClient (GrpcClientProtocolClient.java:onNext(255)) - client-23C834B07313->edccc055-c3f5-47df-b30f-76e8836f4c59: receive RaftClientReply:client-23C834B07313->edccc055-c3f5-47df-b30f-76e8836f4c59@group-ED32739C8BBB, cid=2113, SUCCESS, logIndex=3106, commits[edccc055-c3f5-47df-b30f-76e8836f4c59:c3106, f9704f82-adf1-457c-ad29-9b573bc67fa6:c3102, 932806d8-5f5d-4457-8f95-c9b7f9036eae:c3102]
2019-08-07 03:27:22,659 INFO  client.GrpcClientProtocolClient (GrpcClientProtocolClient.java:onNext(255)) - client-23C834B07313->edccc055-c3f5-47df-b30f-76e8836f4c59: receive RaftClientReply:client-23C834B07313->edccc055-c3f5-47df-b30f-76e8836f4c59@group-ED32739C8BBB, cid=2114, SUCCESS, logIndex=0, commits[edccc055-c3f5-47df-b30f-76e8836f4c59:c3108, f9704f82-adf1-457c-ad29-9b573bc67fa6:c3104, 932806d8-5f5d-4457-8f95-c9b7f9036eae:c3104]
2019-08-07 03:27:22,679 INFO  client.GrpcClientProtocolClient (GrpcClientProtocolClient.java:onNext(255)) - client-23C834B07313->edccc055-c3f5-47df-b30f-76e8836f4c59: receive RaftClientReply:client-23C834B07313->edccc055-c3f5-47df-b30f-76e8836f4c59@group-ED32739C8BBB, cid=2115, SUCCESS, logIndex=3111, commits[edccc055-c3f5-47df-b30f-76e8836f4c59:c3112, f9704f82-adf1-457c-ad29-9b573bc67fa6:c3110, 932806d8-5f5d-4457-8f95-c9b7f9036eae:c3110]
2019-08-07 03:27:22,680 INFO  client.GrpcClientProtocolClient (GrpcClientProtocolClient.java:onNext(255)) - client-23C834B07313->edccc055-c3f5-47df-b30f-76e8836f4c59: receive RaftClientReply:client-23C834B07313->edccc055-c3f5-47df-b30f-76e8836f4c59@group-ED32739C8BBB, cid=2116, SUCCESS, logIndex=3112, commits[edccc055-c3f5-47df-b30f-76e8836f4c59:c3112, f9704f82-adf1-457c-ad29-9b573bc67fa6:c3110, 932806d8-5f5d-4457-8f95-c9b7f9036eae:c3110]
2019-08-07 03:27:22,692 INFO  client.GrpcClientProtocolClient (GrpcClientProtocolClient.java:onNext(255)) - client-23C834B07313->edccc055-c3f5-47df-b30f-76e8836f4c59: receive RaftClientReply:client-23C834B07313->edccc055-c3f5-47df-b30f-76e8836f4c59@group-ED32739C8BBB, cid=2117, SUCCESS, logIndex=3115, commits[edccc055-c3f5-47df-b30f-76e8836f4c59:c3116, f9704f82-adf1-457c-ad29-9b573bc67fa6:c3112, 932806d8-5f5d-4457-8f95-c9b7f9036eae:c3112]
2019-08-07 03:27:22,693 INFO  client.GrpcClientProtocolClient (GrpcClientProtocolClient.java:onNext(255)) - client-23C834B07313->edccc055-c3f5-47df-b30f-76e8836f4c59: receive RaftClientReply:client-23C834B07313->edccc055-c3f5-47df-b30f-76e8836f4c59@group-ED32739C8BBB, cid=2118, SUCCESS, logIndex=3116, commits[edccc055-c3f5-47df-b30f-76e8836f4c59:c3116, f9704f82-adf1-457c-ad29-9b573bc67fa6:c3112, 932806d8-5f5d-4457-8f95-c9b7f9036eae:c3112]
2019-08-07 03:27:22,695 INFO  client.GrpcClientProtocolClient (GrpcClientProtocolClient.java:onNext(255)) - client-23C834B07313->edccc055-c3f5-47df-b30f-76e8836f4c59: receive RaftClientReply:client-23C834B07313->edccc055-c3f5-47df-b30f-76e8836f4c59@group-ED32739C8BBB, cid=2119, SUCCESS, logIndex=0, commits[edccc055-c3f5-47df-b30f-76e8836f4c59:c3118, f9704f82-adf1-457c-ad29-9b573bc67fa6:c3116, 932806d8-5f5d-4457-8f95-c9b7f9036eae:c3116]
2019-08-07 03:27:22,721 INFO  client.GrpcClientProtocolClient (GrpcClientProtocolClient.java:onNext(255)) - client-23C834B07313->edccc055-c3f5-47df-b30f-76e8836f4c59: receive RaftClientReply:client-23C834B07313->edccc055-c3f5-47df-b30f-76e8836f4c59@group-ED32739C8BBB, cid=2120, SUCCESS, logIndex=3119, commits[edccc055-c3f5-47df-b30f-76e8836f4c59:c3120, f9704f82-adf1-457c-ad29-9b573bc67fa6:c3118, 932806d8-5f5d-4457-8f95-c9b7f9036eae:c3118]
2019-08-07 03:27:22,722 INFO  client.GrpcClientProtocolClient (GrpcClientProtocolClient.java:onNext(255)) - client-23C834B07313->edccc055-c3f5-47df-b30f-76e8836f4c59: receive RaftClientReply:client-23C834B07313->edccc055-c3f5-47df-b30f-76e8836f4c59@group-ED32739C8BBB, cid=2121, SUCCESS, logIndex=3120, commits[edccc055-c3f5-47df-b30f-76e8836f4c59:c3120, f9704f82-adf1-457c-ad29-9b573bc67fa6:c3118, 932806d8-5f5d-4457-8f95-c9b7f9036eae:c3118]
2019-08-07 03:27:22,733 INFO  client.GrpcClientProtocolClient (GrpcClientProtocolClient.java:onNext(255)) - client-23C834B07313->edccc055-c3f5-47df-b30f-76e8836f4c59: receive RaftClientReply:client-23C834B07313->edccc055-c3f5-47df-b30f-76e8836f4c59@group-ED32739C8BBB, cid=2122, SUCCESS, logIndex=3121, commits[edccc055-c3f5-47df-b30f-76e8836f4c59:c3122, f9704f82-adf1-457c-ad29-9b573bc67fa6:c3118, 932806d8-5f5d-4457-8f95-c9b7f9036eae:c3118]
2019-08-07 03:27:22,733 INFO  client.GrpcClientProtocolClient (GrpcClientProtocolClient.java:onNext(255)) - client-23C834B07313->edccc055-c3f5-47df-b30f-76e8836f4c59: receive RaftClientReply:client-23C834B07313->edccc055-c3f5-47df-b30f-76e8836f4c59@group-ED32739C8BBB, cid=2123, SUCCESS, logIndex=3122, commits[edccc055-c3f5-47df-b30f-76e8836f4c59:c3122, f9704f82-adf1-457c-ad29-9b573bc67fa6:c3118, 932806d8-5f5d-4457-8f95-c9b7f9036eae:c3118]
2019-08-07 03:27:22,735 INFO  client.GrpcClientProtocolClient (GrpcClientProtocolClient.java:onNext(255)) - client-23C834B07313->edccc055-c3f5-47df-b30f-76e8836f4c59: receive RaftClientReply:client-23C834B07313->edccc055-c3f5-47df-b30f-76e8836f4c59@group-ED32739C8BBB, cid=2124, SUCCESS, logIndex=0, commits[edccc055-c3f5-47df-b30f-76e8836f4c59:c3124, f9704f82-adf1-457c-ad29-9b573bc67fa6:c3120, 932806d8-5f5d-4457-8f95-c9b7f9036eae:c3120]
2019-08-07 03:27:22,756 INFO  client.GrpcClientProtocolClient (GrpcClientProtocolClient.java:onNext(255)) - client-23C834B07313->edccc055-c3f5-47df-b30f-76e8836f4c59: receive RaftClientReply:client-23C834B07313->edccc055-c3f5-47df-b30f-76e8836f4c59@group-ED32739C8BBB, cid=2125, SUCCESS, logIndex=3127, commits[edccc055-c3f5-47df-b30f-76e8836f4c59:c3128, f9704f82-adf1-457c-ad29-9b573bc67fa6:c3126, 932806d8-5f5d-4457-8f95-c9b7f9036eae:c3126]
2019-08-07 03:27:22,756 INFO  client.GrpcClientProtocolClient (GrpcClientProtocolClient.java:onNext(255)) - client-23C834B07313->edccc055-c3f5-47df-b30f-76e8836f4c59: receive RaftClientReply:client-23C834B07313->edccc055-c3f5-47df-b30f-76e8836f4c59@group-ED32739C8BBB, cid=2126, SUCCESS, logIndex=3128, commits[edccc055-c3f5-47df-b30f-76e8836f4c59:c3128, f9704f82-adf1-457c-ad29-9b573bc67fa6:c3126, 932806d8-5f5d-4457-8f95-c9b7f9036eae:c3126]
2019-08-07 03:27:22,769 INFO  client.GrpcClientProtocolClient (GrpcClientProtocolClient.java:onNext(255)) - client-23C834B07313->edccc055-c3f5-47df-b30f-76e8836f4c59: receive RaftClientReply:client-23C834B07313->edccc055-c3f5-47df-b30f-76e8836f4c59@group-ED32739C8BBB, cid=2127, SUCCESS, logIndex=3131, commits[edccc055-c3f5-47df-b30f-76e8836f4c59:c3132, f9704f82-adf1-457c-ad29-9b573bc67fa6:c3128, 932806d8-5f5d-4457-8f95-c9b7f9036eae:c3128]
2019-08-07 03:27:22,769 INFO  client.GrpcClientProtocolClient (GrpcClientProtocolClient.java:onNext(255)) - client-23C834B07313->edccc055-c3f5-47df-b30f-76e8836f4c59: receive RaftClientReply:client-23C834B07313->edccc055-c3f5-47df-b30f-76e8836f4c59@group-ED32739C8BBB, cid=2128, SUCCESS, logIndex=3132, commits[edccc055-c3f5-47df-b30f-76e8836f4c59:c3132, f9704f82-adf1-457c-ad29-9b573bc67fa6:c3128, 932806d8-5f5d-4457-8f95-c9b7f9036eae:c3128]
2019-08-07 03:27:22,783 INFO  client.GrpcClientProtocolClient (GrpcClientProtocolClient.java:onNext(255)) - client-23C834B07313->edccc055-c3f5-47df-b30f-76e8836f4c59: receive RaftClientReply:client-23C834B07313->edccc055-c3f5-47df-b30f-76e8836f4c59@group-ED32739C8BBB, cid=2129, SUCCESS, logIndex=0, commits[edccc055-c3f5-47df-b30f-76e8836f4c59:c3134, f9704f82-adf1-457c-ad29-9b573bc67fa6:c3132, 932806d8-5f5d-4457-8f95-c9b7f9036eae:c3132]
2019-08-07 03:27:22,813 INFO  client.GrpcClientProtocolClient (GrpcClientProtocolClient.java:onNext(255)) - client-23C834B07313->edccc055-c3f5-47df-b30f-76e8836f4c59: receive RaftClientReply:client-23C834B07313->edccc055-c3f5-47df-b30f-76e8836f4c59@group-ED32739C8BBB, cid=2130, SUCCESS, logIndex=3135, commits[edccc055-c3f5-47df-b30f-76e8836f4c59:c3136, f9704f82-adf1-457c-ad29-9b573bc67fa6:c3134, 932806d8-5f5d-4457-8f95-c9b7f9036eae:c3134]
2019-08-07 03:27:22,813 INFO  client.GrpcClientProtocolClient (GrpcClientProtocolClient.java:onNext(255)) - client-23C834B07313->edccc055-c3f5-47df-b30f-76e8836f4c59: receive RaftClientReply:client-23C834B07313->edccc055-c3f5-47df-b30f-76e8836f4c59@group-ED32739C8BBB, cid=2131, SUCCESS, logIndex=3136, commits[edccc055-c3f5-47df-b30f-76e8836f4c59:c3138, f9704f82-adf1-457c-ad29-9b573bc67fa6:c3134, 932806d8-5f5d-4457-8f95-c9b7f9036eae:c3134]
2019-08-07 03:27:22,814 INFO  client.GrpcClientProtocolClient (GrpcClientProtocolClient.java:onNext(255)) - client-23C834B07313->edccc055-c3f5-47df-b30f-76e8836f4c59: receive RaftClientReply:client-23C834B07313->edccc055-c3f5-47df-b30f-76e8836f4c59@group-ED32739C8BBB, cid=2132, SUCCESS, logIndex=3137, commits[edccc055-c3f5-47df-b30f-76e8836f4c59:c3138, f9704f82-adf1-457c-ad29-9b573bc67fa6:c3134, 932806d8-5f5d-4457-8f95-c9b7f9036eae:c3134]
2019-08-07 03:27:22,814 INFO  client.GrpcClientProtocolClient (GrpcClientProtocolClient.java:onNext(255)) - client-23C834B07313->edccc055-c3f5-47df-b30f-76e8836f4c59: receive RaftClientReply:client-23C834B07313->edccc055-c3f5-47df-b30f-76e8836f4c59@group-ED32739C8BBB, cid=2133, SUCCESS, logIndex=3138, commits[edccc055-c3f5-47df-b30f-76e8836f4c59:c3138, f9704f82-adf1-457c-ad29-9b573bc67fa6:c3134, 932806d8-5f5d-4457-8f95-c9b7f9036eae:c3134]
2019-08-07 03:27:22,817 INFO  client.GrpcClientProtocolClient (GrpcClientProtocolClient.java:onNext(255)) - client-23C834B07313->edccc055-c3f5-47df-b30f-76e8836f4c59: receive RaftClientReply:client-23C834B07313->edccc055-c3f5-47df-b30f-76e8836f4c59@group-ED32739C8BBB, cid=2134, SUCCESS, logIndex=0, commits[edccc055-c3f5-47df-b30f-76e8836f4c59:c3140, f9704f82-adf1-457c-ad29-9b573bc67fa6:c3138, 932806d8-5f5d-4457-8f95-c9b7f9036eae:c3136]
2019-08-07 03:27:22,837 INFO  client.GrpcClientProtocolClient (GrpcClientProtocolClient.java:onNext(255)) - client-23C834B07313->edccc055-c3f5-47df-b30f-76e8836f4c59: receive RaftClientReply:client-23C834B07313->edccc055-c3f5-47df-b30f-76e8836f4c59@group-ED32739C8BBB, cid=2135, SUCCESS, logIndex=3143, commits[edccc055-c3f5-47df-b30f-76e8836f4c59:c3144, f9704f82-adf1-457c-ad29-9b573bc67fa6:c3142, 932806d8-5f5d-4457-8f95-c9b7f9036eae:c3142]
2019-08-07 03:27:22,837 INFO  client.GrpcClientProtocolClient (GrpcClientProtocolClient.java:onNext(255)) - client-23C834B07313->edccc055-c3f5-47df-b30f-76e8836f4c59: receive RaftClientReply:client-23C834B07313->edccc055-c3f5-47df-b30f-76e8836f4c59@group-ED32739C8BBB, cid=2136, SUCCESS, logIndex=3144, commits[edccc055-c3f5-47df-b30f-76e8836f4c59:c3144, f9704f82-adf1-457c-ad29-9b573bc67fa6:c3142, 932806d8-5f5d-4457-8f95-c9b7f9036eae:c3142]
2019-08-07 03:27:22,851 INFO  client.GrpcClientProtocolClient (GrpcClientProtocolClient.java:onNext(255)) - client-23C834B07313->edccc055-c3f5-47df-b30f-76e8836f4c59: receive RaftClientReply:client-23C834B07313->edccc055-c3f5-47df-b30f-76e8836f4c59@group-ED32739C8BBB, cid=2137, SUCCESS, logIndex=3147, commits[edccc055-c3f5-47df-b30f-76e8836f4c59:c3148, f9704f82-adf1-457c-ad29-9b573bc67fa6:c3144, 932806d8-5f5d-4457-8f95-c9b7f9036eae:c3144]
2019-08-07 03:27:22,852 INFO  client.GrpcClientProtocolClient (GrpcClientProtocolClient.java:onNext(255)) - client-23C834B07313->edccc055-c3f5-47df-b30f-76e8836f4c59: receive RaftClientReply:client-23C834B07313->edccc055-c3f5-47df-b30f-76e8836f4c59@group-ED32739C8BBB, cid=2138, SUCCESS, logIndex=3148, commits[edccc055-c3f5-47df-b30f-76e8836f4c59:c3148, f9704f82-adf1-457c-ad29-9b573bc67fa6:c3144, 932806d8-5f5d-4457-8f95-c9b7f9036eae:c3144]
2019-08-07 03:27:22,864 INFO  client.GrpcClientProtocolClient (GrpcClientProtocolClient.java:onNext(255)) - client-23C834B07313->edccc055-c3f5-47df-b30f-76e8836f4c59: receive RaftClientReply:client-23C834B07313->edccc055-c3f5-47df-b30f-76e8836f4c59@group-ED32739C8BBB, cid=2139, SUCCESS, logIndex=0, commits[edccc055-c3f5-47df-b30f-76e8836f4c59:c3150, f9704f82-adf1-457c-ad29-9b573bc67fa6:c3148, 932806d8-5f5d-4457-8f95-c9b7f9036eae:c3148]
2019-08-07 03:27:22,925 INFO  client.GrpcClientProtocolClient (GrpcClientProtocolClient.java:onNext(255)) - client-23C834B07313->edccc055-c3f5-47df-b30f-76e8836f4c59: receive RaftClientReply:client-23C834B07313->edccc055-c3f5-47df-b30f-76e8836f4c59@group-ED32739C8BBB, cid=2140, SUCCESS, logIndex=3151, commits[edccc055-c3f5-47df-b30f-76e8836f4c59:c3154, f9704f82-adf1-457c-ad29-9b573bc67fa6:c3150, 932806d8-5f5d-4457-8f95-c9b7f9036eae:c3148]
2019-08-07 03:27:22,926 INFO  client.GrpcClientProtocolClient (GrpcClientProtocolClient.java:onNext(255)) - client-23C834B07313->edccc055-c3f5-47df-b30f-76e8836f4c59: receive RaftClientReply:client-23C834B07313->edccc055-c3f5-47df-b30f-76e8836f4c59@group-ED32739C8BBB, cid=2141, SUCCESS, logIndex=3152, commits[edccc055-c3f5-47df-b30f-76e8836f4c59:c3154, f9704f82-adf1-457c-ad29-9b573bc67fa6:c3150, 932806d8-5f5d-4457-8f95-c9b7f9036eae:c3150]
2019-08-07 03:27:22,926 INFO  client.GrpcClientProtocolClient (GrpcClientProtocolClient.java:onNext(255)) - client-23C834B07313->edccc055-c3f5-47df-b30f-76e8836f4c59: receive RaftClientReply:client-23C834B07313->edccc055-c3f5-47df-b30f-76e8836f4c59@group-ED32739C8BBB, cid=2142, SUCCESS, logIndex=3153, commits[edccc055-c3f5-47df-b30f-76e8836f4c59:c3154, f9704f82-adf1-457c-ad29-9b573bc67fa6:c3150, 932806d8-5f5d-4457-8f95-c9b7f9036eae:c3150]
2019-08-07 03:27:22,926 INFO  client.GrpcClientProtocolClient (GrpcClientProtocolClient.java:onNext(255)) - client-23C834B07313->edccc055-c3f5-47df-b30f-76e8836f4c59: receive RaftClientReply:client-23C834B07313->edccc055-c3f5-47df-b30f-76e8836f4c59@group-ED32739C8BBB, cid=2143, SUCCESS, logIndex=3154, commits[edccc055-c3f5-47df-b30f-76e8836f4c59:c3154, f9704f82-adf1-457c-ad29-9b573bc67fa6:c3150, 932806d8-5f5d-4457-8f95-c9b7f9036eae:c3150]
2019-08-07 03:27:22,937 INFO  client.GrpcClientProtocolClient (GrpcClientProtocolClient.java:onNext(255)) - client-23C834B07313->edccc055-c3f5-47df-b30f-76e8836f4c59: receive RaftClientReply:client-23C834B07313->edccc055-c3f5-47df-b30f-76e8836f4c59@group-ED32739C8BBB, cid=2144, SUCCESS, logIndex=0, commits[edccc055-c3f5-47df-b30f-76e8836f4c59:c3155, f9704f82-adf1-457c-ad29-9b573bc67fa6:c3153, 932806d8-5f5d-4457-8f95-c9b7f9036eae:c3153]
2019-08-07 03:27:22,960 INFO  client.GrpcClientProtocolClient (GrpcClientProtocolClient.java:onNext(255)) - client-23C834B07313->edccc055-c3f5-47df-b30f-76e8836f4c59: receive RaftClientReply:client-23C834B07313->edccc055-c3f5-47df-b30f-76e8836f4c59@group-ED32739C8BBB, cid=2145, SUCCESS, logIndex=3158, commits[edccc055-c3f5-47df-b30f-76e8836f4c59:c3159, f9704f82-adf1-457c-ad29-9b573bc67fa6:c3157, 932806d8-5f5d-4457-8f95-c9b7f9036eae:c3157]
2019-08-07 03:27:22,960 INFO  client.GrpcClientProtocolClient (GrpcClientProtocolClient.java:onNext(255)) - client-23C834B07313->edccc055-c3f5-47df-b30f-76e8836f4c59: receive RaftClientReply:client-23C834B07313->edccc055-c3f5-47df-b30f-76e8836f4c59@group-ED32739C8BBB, cid=2146, SUCCESS, logIndex=3159, commits[edccc055-c3f5-47df-b30f-76e8836f4c59:c3159, f9704f82-adf1-457c-ad29-9b573bc67fa6:c3157, 932806d8-5f5d-4457-8f95-c9b7f9036eae:c3157]
2019-08-07 03:27:22,973 INFO  client.GrpcClientProtocolClient (GrpcClientProtocolClient.java:onNext(255)) - client-23C834B07313->edccc055-c3f5-47df-b30f-76e8836f4c59: receive RaftClientReply:client-23C834B07313->edccc055-c3f5-47df-b30f-76e8836f4c59@group-ED32739C8BBB, cid=2147, SUCCESS, logIndex=3162, commits[edccc055-c3f5-47df-b30f-76e8836f4c59:c3163, f9704f82-adf1-457c-ad29-9b573bc67fa6:c3159, 932806d8-5f5d-4457-8f95-c9b7f9036eae:c3159]
2019-08-07 03:27:22,974 INFO  client.GrpcClientProtocolClient (GrpcClientProtocolClient.java:onNext(255)) - client-23C834B07313->edccc055-c3f5-47df-b30f-76e8836f4c59: receive RaftClientReply:client-23C834B07313->edccc055-c3f5-47df-b30f-76e8836f4c59@group-ED32739C8BBB, cid=2148, SUCCESS, logIndex=3163, commits[edccc055-c3f5-47df-b30f-76e8836f4c59:c3163, f9704f82-adf1-457c-ad29-9b573bc67fa6:c3159, 932806d8-5f5d-4457-8f95-c9b7f9036eae:c3159]
2019-08-07 03:27:22,988 INFO  client.GrpcClientProtocolClient (GrpcClientProtocolClient.java:onNext(255)) - client-23C834B07313->edccc055-c3f5-47df-b30f-76e8836f4c59: receive RaftClientReply:client-23C834B07313->edccc055-c3f5-47df-b30f-76e8836f4c59@group-ED32739C8BBB, cid=2149, SUCCESS, logIndex=0, commits[edccc055-c3f5-47df-b30f-76e8836f4c59:c3165, f9704f82-adf1-457c-ad29-9b573bc67fa6:c3163, 932806d8-5f5d-4457-8f95-c9b7f9036eae:c3163]
2019-08-07 03:27:23,017 INFO  client.GrpcClientProtocolClient (GrpcClientProtocolClient.java:onNext(255)) - client-23C834B07313->edccc055-c3f5-47df-b30f-76e8836f4c59: receive RaftClientReply:client-23C834B07313->edccc055-c3f5-47df-b30f-76e8836f4c59@group-ED32739C8BBB, cid=2150, SUCCESS, logIndex=3166, commits[edccc055-c3f5-47df-b30f-76e8836f4c59:c3167, f9704f82-adf1-457c-ad29-9b573bc67fa6:c3165, 932806d8-5f5d-4457-8f95-c9b7f9036eae:c3165]
2019-08-07 03:27:23,017 INFO  client.GrpcClientProtocolClient (GrpcClientProtocolClient.java:onNext(255)) - client-23C834B07313->edccc055-c3f5-47df-b30f-76e8836f4c59: receive RaftClientReply:client-23C834B07313->edccc055-c3f5-47df-b30f-76e8836f4c59@group-ED32739C8BBB, cid=2151, SUCCESS, logIndex=3167, commits[edccc055-c3f5-47df-b30f-76e8836f4c59:c3167, f9704f82-adf1-457c-ad29-9b573bc67fa6:c3165, 932806d8-5f5d-4457-8f95-c9b7f9036eae:c3165]
2019-08-07 03:27:23,018 INFO  client.GrpcClientProtocolClient (GrpcClientProtocolClient.java:onNext(255)) - client-23C834B07313->edccc055-c3f5-47df-b30f-76e8836f4c59: receive RaftClientReply:client-23C834B07313->edccc055-c3f5-47df-b30f-76e8836f4c59@group-ED32739C8BBB, cid=2152, SUCCESS, logIndex=3168, commits[edccc055-c3f5-47df-b30f-76e8836f4c59:c3169, f9704f82-adf1-457c-ad29-9b573bc67fa6:c3165, 932806d8-5f5d-4457-8f95-c9b7f9036eae:c3165]
2019-08-07 03:27:23,018 INFO  client.GrpcClientProtocolClient (GrpcClientProtocolClient.java:onNext(255)) - client-23C834B07313->edccc055-c3f5-47df-b30f-76e8836f4c59: receive RaftClientReply:client-23C834B07313->edccc055-c3f5-47df-b30f-76e8836f4c59@group-ED32739C8BBB, cid=2153, SUCCESS, logIndex=3169, commits[edccc055-c3f5-47df-b30f-76e8836f4c59:c3169, f9704f82-adf1-457c-ad29-9b573bc67fa6:c3165, 932806d8-5f5d-4457-8f95-c9b7f9036eae:c3165]
2019-08-07 03:27:23,020 INFO  client.GrpcClientProtocolClient (GrpcClientProtocolClient.java:onNext(255)) - client-23C834B07313->edccc055-c3f5-47df-b30f-76e8836f4c59: receive RaftClientReply:client-23C834B07313->edccc055-c3f5-47df-b30f-76e8836f4c59@group-ED32739C8BBB, cid=2154, SUCCESS, logIndex=0, commits[edccc055-c3f5-47df-b30f-76e8836f4c59:c3171, f9704f82-adf1-457c-ad29-9b573bc67fa6:c3167, 932806d8-5f5d-4457-8f95-c9b7f9036eae:c3167]
2019-08-07 03:27:23,040 INFO  client.GrpcClientProtocolClient (GrpcClientProtocolClient.java:onNext(255)) - client-23C834B07313->edccc055-c3f5-47df-b30f-76e8836f4c59: receive RaftClientReply:client-23C834B07313->edccc055-c3f5-47df-b30f-76e8836f4c59@group-ED32739C8BBB, cid=2155, SUCCESS, logIndex=3174, commits[edccc055-c3f5-47df-b30f-76e8836f4c59:c3175, f9704f82-adf1-457c-ad29-9b573bc67fa6:c3173, 932806d8-5f5d-4457-8f95-c9b7f9036eae:c3173]
2019-08-07 03:27:23,041 INFO  client.GrpcClientProtocolClient (GrpcClientProtocolClient.java:onNext(255)) - client-23C834B07313->edccc055-c3f5-47df-b30f-76e8836f4c59: receive RaftClientReply:client-23C834B07313->edccc055-c3f5-47df-b30f-76e8836f4c59@group-ED32739C8BBB, cid=2156, SUCCESS, logIndex=3175, commits[edccc055-c3f5-47df-b30f-76e8836f4c59:c3175, f9704f82-adf1-457c-ad29-9b573bc67fa6:c3173, 932806d8-5f5d-4457-8f95-c9b7f9036eae:c3173]
2019-08-07 03:27:23,152 INFO  client.GrpcClientProtocolClient (GrpcClientProtocolClient.java:onNext(255)) - client-23C834B07313->edccc055-c3f5-47df-b30f-76e8836f4c59: receive RaftClientReply:client-23C834B07313->edccc055-c3f5-47df-b30f-76e8836f4c59@group-ED32739C8BBB, cid=2157, SUCCESS, logIndex=3178, commits[edccc055-c3f5-47df-b30f-76e8836f4c59:c3179, f9704f82-adf1-457c-ad29-9b573bc67fa6:c3175, 932806d8-5f5d-4457-8f95-c9b7f9036eae:c3175]
2019-08-07 03:27:23,152 INFO  client.GrpcClientProtocolClient (GrpcClientProtocolClient.java:onNext(255)) - client-23C834B07313->edccc055-c3f5-47df-b30f-76e8836f4c59: receive RaftClientReply:client-23C834B07313->edccc055-c3f5-47df-b30f-76e8836f4c59@group-ED32739C8BBB, cid=2158, SUCCESS, logIndex=3179, commits[edccc055-c3f5-47df-b30f-76e8836f4c59:c3179, f9704f82-adf1-457c-ad29-9b573bc67fa6:c3175, 932806d8-5f5d-4457-8f95-c9b7f9036eae:c3175]
2019-08-07 03:27:23,155 INFO  client.GrpcClientProtocolClient (GrpcClientProtocolClient.java:onNext(255)) - client-23C834B07313->edccc055-c3f5-47df-b30f-76e8836f4c59: receive RaftClientReply:client-23C834B07313->edccc055-c3f5-47df-b30f-76e8836f4c59@group-ED32739C8BBB, cid=2159, SUCCESS, logIndex=0, commits[edccc055-c3f5-47df-b30f-76e8836f4c59:c3181, f9704f82-adf1-457c-ad29-9b573bc67fa6:c3179, 932806d8-5f5d-4457-8f95-c9b7f9036eae:c3179]
2019-08-07 03:27:23,181 INFO  client.GrpcClientProtocolClient (GrpcClientProtocolClient.java:onNext(255)) - client-23C834B07313->edccc055-c3f5-47df-b30f-76e8836f4c59: receive RaftClientReply:client-23C834B07313->edccc055-c3f5-47df-b30f-76e8836f4c59@group-ED32739C8BBB, cid=2160, SUCCESS, logIndex=3182, commits[edccc055-c3f5-47df-b30f-76e8836f4c59:c3183, f9704f82-adf1-457c-ad29-9b573bc67fa6:c3179, 932806d8-5f5d-4457-8f95-c9b7f9036eae:c3181]
2019-08-07 03:27:23,182 INFO  client.GrpcClientProtocolClient (GrpcClientProtocolClient.java:onNext(255)) - client-23C834B07313->edccc055-c3f5-47df-b30f-76e8836f4c59: receive RaftClientReply:client-23C834B07313->edccc055-c3f5-47df-b30f-76e8836f4c59@group-ED32739C8BBB, cid=2161, SUCCESS, logIndex=3183, commits[edccc055-c3f5-47df-b30f-76e8836f4c59:c3183, f9704f82-adf1-457c-ad29-9b573bc67fa6:c3179, 932806d8-5f5d-4457-8f95-c9b7f9036eae:c3181]
2019-08-07 03:27:23,183 INFO  client.GrpcClientProtocolClient (GrpcClientProtocolClient.java:onNext(255)) - client-23C834B07313->edccc055-c3f5-47df-b30f-76e8836f4c59: receive RaftClientReply:client-23C834B07313->edccc055-c3f5-47df-b30f-76e8836f4c59@group-ED32739C8BBB, cid=2162, SUCCESS, logIndex=3184, commits[edccc055-c3f5-47df-b30f-76e8836f4c59:c3184, f9704f82-adf1-457c-ad29-9b573bc67fa6:c3181, 932806d8-5f5d-4457-8f95-c9b7f9036eae:c3181]
2019-08-07 03:27:23,185 INFO  client.GrpcClientProtocolClient (GrpcClientProtocolClient.java:onNext(255)) - client-23C834B07313->edccc055-c3f5-47df-b30f-76e8836f4c59: receive RaftClientReply:client-23C834B07313->edccc055-c3f5-47df-b30f-76e8836f4c59@group-ED32739C8BBB, cid=2163, SUCCESS, logIndex=3185, commits[edccc055-c3f5-47df-b30f-76e8836f4c59:c3185, f9704f82-adf1-457c-ad29-9b573bc67fa6:c3181, 932806d8-5f5d-4457-8f95-c9b7f9036eae:c3181]
2019-08-07 03:27:23,186 INFO  client.GrpcClientProtocolClient (GrpcClientProtocolClient.java:onNext(255)) - client-23C834B07313->edccc055-c3f5-47df-b30f-76e8836f4c59: receive RaftClientReply:client-23C834B07313->edccc055-c3f5-47df-b30f-76e8836f4c59@group-ED32739C8BBB, cid=2164, SUCCESS, logIndex=0, commits[edccc055-c3f5-47df-b30f-76e8836f4c59:c3188, f9704f82-adf1-457c-ad29-9b573bc67fa6:c3184, 932806d8-5f5d-4457-8f95-c9b7f9036eae:c3184]
2019-08-07 03:27:23,207 INFO  client.GrpcClientProtocolClient (GrpcClientProtocolClient.java:onNext(255)) - client-23C834B07313->edccc055-c3f5-47df-b30f-76e8836f4c59: receive RaftClientReply:client-23C834B07313->edccc055-c3f5-47df-b30f-76e8836f4c59@group-ED32739C8BBB, cid=2165, SUCCESS, logIndex=3190, commits[edccc055-c3f5-47df-b30f-76e8836f4c59:c3191, f9704f82-adf1-457c-ad29-9b573bc67fa6:c3189, 932806d8-5f5d-4457-8f95-c9b7f9036eae:c3185]
2019-08-07 03:27:23,207 INFO  client.GrpcClientProtocolClient (GrpcClientProtocolClient.java:onNext(255)) - client-23C834B07313->edccc055-c3f5-47df-b30f-76e8836f4c59: receive RaftClientReply:client-23C834B07313->edccc055-c3f5-47df-b30f-76e8836f4c59@group-ED32739C8BBB, cid=2166, SUCCESS, logIndex=3191, commits[edccc055-c3f5-47df-b30f-76e8836f4c59:c3191, f9704f82-adf1-457c-ad29-9b573bc67fa6:c3189, 932806d8-5f5d-4457-8f95-c9b7f9036eae:c3189]
2019-08-07 03:27:23,222 INFO  client.GrpcClientProtocolClient (GrpcClientProtocolClient.java:onNext(255)) - client-23C834B07313->edccc055-c3f5-47df-b30f-76e8836f4c59: receive RaftClientReply:client-23C834B07313->edccc055-c3f5-47df-b30f-76e8836f4c59@group-ED32739C8BBB, cid=2167, SUCCESS, logIndex=3194, commits[edccc055-c3f5-47df-b30f-76e8836f4c59:c3195, f9704f82-adf1-457c-ad29-9b573bc67fa6:c3191, 932806d8-5f5d-4457-8f95-c9b7f9036eae:c3191]
2019-08-07 03:27:23,223 INFO  client.GrpcClientProtocolClient (GrpcClientProtocolClient.java:onNext(255)) - client-23C834B07313->edccc055-c3f5-47df-b30f-76e8836f4c59: receive RaftClientReply:client-23C834B07313->edccc055-c3f5-47df-b30f-76e8836f4c59@group-ED32739C8BBB, cid=2168, SUCCESS, logIndex=3195, commits[edccc055-c3f5-47df-b30f-76e8836f4c59:c3195, f9704f82-adf1-457c-ad29-9b573bc67fa6:c3191, 932806d8-5f5d-4457-8f95-c9b7f9036eae:c3191]
2019-08-07 03:27:23,235 INFO  client.GrpcClientProtocolClient (GrpcClientProtocolClient.java:onNext(255)) - client-23C834B07313->edccc055-c3f5-47df-b30f-76e8836f4c59: receive RaftClientReply:client-23C834B07313->edccc055-c3f5-47df-b30f-76e8836f4c59@group-ED32739C8BBB, cid=2169, SUCCESS, logIndex=0, commits[edccc055-c3f5-47df-b30f-76e8836f4c59:c3197, f9704f82-adf1-457c-ad29-9b573bc67fa6:c3195, 932806d8-5f5d-4457-8f95-c9b7f9036eae:c3195]
2019-08-07 03:27:23,263 INFO  client.GrpcClientProtocolClient (GrpcClientProtocolClient.java:onNext(255)) - client-23C834B07313->edccc055-c3f5-47df-b30f-76e8836f4c59: receive RaftClientReply:client-23C834B07313->edccc055-c3f5-47df-b30f-76e8836f4c59@group-ED32739C8BBB, cid=2170, SUCCESS, logIndex=3198, commits[edccc055-c3f5-47df-b30f-76e8836f4c59:c3198, f9704f82-adf1-457c-ad29-9b573bc67fa6:c3197, 932806d8-5f5d-4457-8f95-c9b7f9036eae:c3197]
2019-08-07 03:27:23,264 INFO  client.GrpcClientProtocolClient (GrpcClientProtocolClient.java:onNext(255)) - client-23C834B07313->edccc055-c3f5-47df-b30f-76e8836f4c59: receive RaftClientReply:client-23C834B07313->edccc055-c3f5-47df-b30f-76e8836f4c59@group-ED32739C8BBB, cid=2171, SUCCESS, logIndex=3199, commits[edccc055-c3f5-47df-b30f-76e8836f4c59:c3200, f9704f82-adf1-457c-ad29-9b573bc67fa6:c3197, 932806d8-5f5d-4457-8f95-c9b7f9036eae:c3197]
2019-08-07 03:27:23,264 INFO  client.GrpcClientProtocolClient (GrpcClientProtocolClient.java:onNext(255)) - client-23C834B07313->edccc055-c3f5-47df-b30f-76e8836f4c59: receive RaftClientReply:client-23C834B07313->edccc055-c3f5-47df-b30f-76e8836f4c59@group-ED32739C8BBB, cid=2172, SUCCESS, logIndex=3200, commits[edccc055-c3f5-47df-b30f-76e8836f4c59:c3201, f9704f82-adf1-457c-ad29-9b573bc67fa6:c3197, 932806d8-5f5d-4457-8f95-c9b7f9036eae:c3197]
2019-08-07 03:27:23,264 INFO  client.GrpcClientProtocolClient (GrpcClientProtocolClient.java:onNext(255)) - client-23C834B07313->edccc055-c3f5-47df-b30f-76e8836f4c59: receive RaftClientReply:client-23C834B07313->edccc055-c3f5-47df-b30f-76e8836f4c59@group-ED32739C8BBB, cid=2173, SUCCESS, logIndex=3201, commits[edccc055-c3f5-47df-b30f-76e8836f4c59:c3201, f9704f82-adf1-457c-ad29-9b573bc67fa6:c3197, 932806d8-5f5d-4457-8f95-c9b7f9036eae:c3197]
2019-08-07 03:27:23,268 INFO  client.GrpcClientProtocolClient (GrpcClientProtocolClient.java:onNext(255)) - client-23C834B07313->edccc055-c3f5-47df-b30f-76e8836f4c59: receive RaftClientReply:client-23C834B07313->edccc055-c3f5-47df-b30f-76e8836f4c59@group-ED32739C8BBB, cid=2174, SUCCESS, logIndex=0, commits[edccc055-c3f5-47df-b30f-76e8836f4c59:c3204, f9704f82-adf1-457c-ad29-9b573bc67fa6:c3201, 932806d8-5f5d-4457-8f95-c9b7f9036eae:c3199]
2019-08-07 03:27:23,281 INFO  client.GrpcClientProtocolClient (GrpcClientProtocolClient.java:onNext(255)) - client-23C834B07313->edccc055-c3f5-47df-b30f-76e8836f4c59: receive RaftClientReply:client-23C834B07313->edccc055-c3f5-47df-b30f-76e8836f4c59@group-ED32739C8BBB, cid=2175, SUCCESS, logIndex=3206, commits[edccc055-c3f5-47df-b30f-76e8836f4c59:c3207, f9704f82-adf1-457c-ad29-9b573bc67fa6:c3204, 932806d8-5f5d-4457-8f95-c9b7f9036eae:c3204]
2019-08-07 03:27:23,281 INFO  client.GrpcClientProtocolClient (GrpcClientProtocolClient.java:onNext(255)) - client-23C834B07313->edccc055-c3f5-47df-b30f-76e8836f4c59: receive RaftClientReply:client-23C834B07313->edccc055-c3f5-47df-b30f-76e8836f4c59@group-ED32739C8BBB, cid=2176, SUCCESS, logIndex=3207, commits[edccc055-c3f5-47df-b30f-76e8836f4c59:c3207, f9704f82-adf1-457c-ad29-9b573bc67fa6:c3204, 932806d8-5f5d-4457-8f95-c9b7f9036eae:c3204]
2019-08-07 03:27:23,296 INFO  client.GrpcClientProtocolClient (GrpcClientProtocolClient.java:onNext(255)) - client-23C834B07313->edccc055-c3f5-47df-b30f-76e8836f4c59: receive RaftClientReply:client-23C834B07313->edccc055-c3f5-47df-b30f-76e8836f4c59@group-ED32739C8BBB, cid=2177, SUCCESS, logIndex=3210, commits[edccc055-c3f5-47df-b30f-76e8836f4c59:c3211, f9704f82-adf1-457c-ad29-9b573bc67fa6:c3207, 932806d8-5f5d-4457-8f95-c9b7f9036eae:c3207]
2019-08-07 03:27:23,296 INFO  client.GrpcClientProtocolClient (GrpcClientProtocolClient.java:onNext(255)) - client-23C834B07313->edccc055-c3f5-47df-b30f-76e8836f4c59: receive RaftClientReply:client-23C834B07313->edccc055-c3f5-47df-b30f-76e8836f4c59@group-ED32739C8BBB, cid=2178, SUCCESS, logIndex=3211, commits[edccc055-c3f5-47df-b30f-76e8836f4c59:c3211, f9704f82-adf1-457c-ad29-9b573bc67fa6:c3207, 932806d8-5f5d-4457-8f95-c9b7f9036eae:c3207]
2019-08-07 03:27:23,310 INFO  client.GrpcClientProtocolClient (GrpcClientProtocolClient.java:onNext(255)) - client-23C834B07313->edccc055-c3f5-47df-b30f-76e8836f4c59: receive RaftClientReply:client-23C834B07313->edccc055-c3f5-47df-b30f-76e8836f4c59@group-ED32739C8BBB, cid=2179, SUCCESS, logIndex=0, commits[edccc055-c3f5-47df-b30f-76e8836f4c59:c3213, f9704f82-adf1-457c-ad29-9b573bc67fa6:c3211, 932806d8-5f5d-4457-8f95-c9b7f9036eae:c3211]
2019-08-07 03:27:23,342 INFO  client.GrpcClientProtocolClient (GrpcClientProtocolClient.java:onNext(255)) - client-23C834B07313->edccc055-c3f5-47df-b30f-76e8836f4c59: receive RaftClientReply:client-23C834B07313->edccc055-c3f5-47df-b30f-76e8836f4c59@group-ED32739C8BBB, cid=2180, SUCCESS, logIndex=3214, commits[edccc055-c3f5-47df-b30f-76e8836f4c59:c3215, f9704f82-adf1-457c-ad29-9b573bc67fa6:c3213, 932806d8-5f5d-4457-8f95-c9b7f9036eae:c3213]
2019-08-07 03:27:23,343 INFO  client.GrpcClientProtocolClient (GrpcClientProtocolClient.java:onNext(255)) - client-23C834B07313->edccc055-c3f5-47df-b30f-76e8836f4c59: receive RaftClientReply:client-23C834B07313->edccc055-c3f5-47df-b30f-76e8836f4c59@group-ED32739C8BBB, cid=2181, SUCCESS, logIndex=3215, commits[edccc055-c3f5-47df-b30f-76e8836f4c59:c3216, f9704f82-adf1-457c-ad29-9b573bc67fa6:c3213, 932806d8-5f5d-4457-8f95-c9b7f9036eae:c3213]
2019-08-07 03:27:23,343 INFO  client.GrpcClientProtocolClient (GrpcClientProtocolClient.java:onNext(255)) - client-23C834B07313->edccc055-c3f5-47df-b30f-76e8836f4c59: receive RaftClientReply:client-23C834B07313->edccc055-c3f5-47df-b30f-76e8836f4c59@group-ED32739C8BBB, cid=2182, SUCCESS, logIndex=3216, commits[edccc055-c3f5-47df-b30f-76e8836f4c59:c3217, f9704f82-adf1-457c-ad29-9b573bc67fa6:c3213, 932806d8-5f5d-4457-8f95-c9b7f9036eae:c3213]
2019-08-07 03:27:23,343 INFO  client.GrpcClientProtocolClient (GrpcClientProtocolClient.java:onNext(255)) - client-23C834B07313->edccc055-c3f5-47df-b30f-76e8836f4c59: receive RaftClientReply:client-23C834B07313->edccc055-c3f5-47df-b30f-76e8836f4c59@group-ED32739C8BBB, cid=2183, SUCCESS, logIndex=3217, commits[edccc055-c3f5-47df-b30f-76e8836f4c59:c3217, f9704f82-adf1-457c-ad29-9b573bc67fa6:c3213, 932806d8-5f5d-4457-8f95-c9b7f9036eae:c3213]
2019-08-07 03:27:23,356 INFO  client.GrpcClientProtocolClient (GrpcClientProtocolClient.java:onNext(255)) - client-23C834B07313->edccc055-c3f5-47df-b30f-76e8836f4c59: receive RaftClientReply:client-23C834B07313->edccc055-c3f5-47df-b30f-76e8836f4c59@group-ED32739C8BBB, cid=2184, SUCCESS, logIndex=0, commits[edccc055-c3f5-47df-b30f-76e8836f4c59:c3219, f9704f82-adf1-457c-ad29-9b573bc67fa6:c3215, 932806d8-5f5d-4457-8f95-c9b7f9036eae:c3215]
 0.00% |█                                                                                                    |  0/1 Time: 0:00:192019-08-07 03:27:23,433 INFO  client.GrpcClientProtocolClient (GrpcClientProtocolClient.java:onNext(255)) - client-23C834B07313->edccc055-c3f5-47df-b30f-76e8836f4c59: receive RaftClientReply:client-23C834B07313->edccc055-c3f5-47df-b30f-76e8836f4c59@group-ED32739C8BBB, cid=2185, SUCCESS, logIndex=3222, commits[edccc055-c3f5-47df-b30f-76e8836f4c59:c3223, f9704f82-adf1-457c-ad29-9b573bc67fa6:c3217, 932806d8-5f5d-4457-8f95-c9b7f9036eae:c3221]
2019-08-07 03:27:23,433 INFO  client.GrpcClientProtocolClient (GrpcClientProtocolClient.java:onNext(255)) - client-23C834B07313->edccc055-c3f5-47df-b30f-76e8836f4c59: receive RaftClientReply:client-23C834B07313->edccc055-c3f5-47df-b30f-76e8836f4c59@group-ED32739C8BBB, cid=2186, SUCCESS, logIndex=3223, commits[edccc055-c3f5-47df-b30f-76e8836f4c59:c3223, f9704f82-adf1-457c-ad29-9b573bc67fa6:c3221, 932806d8-5f5d-4457-8f95-c9b7f9036eae:c3221]
2019-08-07 03:27:23,463 INFO  client.GrpcClientProtocolClient (GrpcClientProtocolClient.java:onNext(255)) - client-23C834B07313->edccc055-c3f5-47df-b30f-76e8836f4c59: receive RaftClientReply:client-23C834B07313->edccc055-c3f5-47df-b30f-76e8836f4c59@group-ED32739C8BBB, cid=2187, SUCCESS, logIndex=3226, commits[edccc055-c3f5-47df-b30f-76e8836f4c59:c3227, f9704f82-adf1-457c-ad29-9b573bc67fa6:c3225, 932806d8-5f5d-4457-8f95-c9b7f9036eae:c3225]
2019-08-07 03:27:23,464 INFO  client.GrpcClientProtocolClient (GrpcClientProtocolClient.java:onNext(255)) - client-23C834B07313->edccc055-c3f5-47df-b30f-76e8836f4c59: receive RaftClientReply:client-23C834B07313->edccc055-c3f5-47df-b30f-76e8836f4c59@group-ED32739C8BBB, cid=2188, SUCCESS, logIndex=3227, commits[edccc055-c3f5-47df-b30f-76e8836f4c59:c3227, f9704f82-adf1-457c-ad29-9b573bc67fa6:c3225, 932806d8-5f5d-4457-8f95-c9b7f9036eae:c3225]
2019-08-07 03:27:23,476 INFO  client.GrpcClientProtocolClient (GrpcClientProtocolClient.java:onNext(255)) - client-23C834B07313->edccc055-c3f5-47df-b30f-76e8836f4c59: receive RaftClientReply:client-23C834B07313->edccc055-c3f5-47df-b30f-76e8836f4c59@group-ED32739C8BBB, cid=2189, SUCCESS, logIndex=0, commits[edccc055-c3f5-47df-b30f-76e8836f4c59:c3229, f9704f82-adf1-457c-ad29-9b573bc67fa6:c3227, 932806d8-5f5d-4457-8f95-c9b7f9036eae:c3227]
2019-08-07 03:27:23,509 INFO  client.GrpcClientProtocolClient (GrpcClientProtocolClient.java:onNext(255)) - client-23C834B07313->edccc055-c3f5-47df-b30f-76e8836f4c59: receive RaftClientReply:client-23C834B07313->edccc055-c3f5-47df-b30f-76e8836f4c59@group-ED32739C8BBB, cid=2190, SUCCESS, logIndex=3230, commits[edccc055-c3f5-47df-b30f-76e8836f4c59:c3231, f9704f82-adf1-457c-ad29-9b573bc67fa6:c3229, 932806d8-5f5d-4457-8f95-c9b7f9036eae:c3229]
2019-08-07 03:27:23,510 INFO  client.GrpcClientProtocolClient (GrpcClientProtocolClient.java:onNext(255)) - client-23C834B07313->edccc055-c3f5-47df-b30f-76e8836f4c59: receive RaftClientReply:client-23C834B07313->edccc055-c3f5-47df-b30f-76e8836f4c59@group-ED32739C8BBB, cid=2191, SUCCESS, logIndex=3231, commits[edccc055-c3f5-47df-b30f-76e8836f4c59:c3232, f9704f82-adf1-457c-ad29-9b573bc67fa6:c3229, 932806d8-5f5d-4457-8f95-c9b7f9036eae:c3229]
2019-08-07 03:27:23,510 INFO  client.GrpcClientProtocolClient (GrpcClientProtocolClient.java:onNext(255)) - client-23C834B07313->edccc055-c3f5-47df-b30f-76e8836f4c59: receive RaftClientReply:client-23C834B07313->edccc055-c3f5-47df-b30f-76e8836f4c59@group-ED32739C8BBB, cid=2192, SUCCESS, logIndex=3232, commits[edccc055-c3f5-47df-b30f-76e8836f4c59:c3233, f9704f82-adf1-457c-ad29-9b573bc67fa6:c3229, 932806d8-5f5d-4457-8f95-c9b7f9036eae:c3229]
2019-08-07 03:27:23,510 INFO  client.GrpcClientProtocolClient (GrpcClientProtocolClient.java:onNext(255)) - client-23C834B07313->edccc055-c3f5-47df-b30f-76e8836f4c59: receive RaftClientReply:client-23C834B07313->edccc055-c3f5-47df-b30f-76e8836f4c59@group-ED32739C8BBB, cid=2193, SUCCESS, logIndex=3233, commits[edccc055-c3f5-47df-b30f-76e8836f4c59:c3233, f9704f82-adf1-457c-ad29-9b573bc67fa6:c3229, 932806d8-5f5d-4457-8f95-c9b7f9036eae:c3229]
2019-08-07 03:27:23,512 INFO  client.GrpcClientProtocolClient (GrpcClientProtocolClient.java:onNext(255)) - client-23C834B07313->edccc055-c3f5-47df-b30f-76e8836f4c59: receive RaftClientReply:client-23C834B07313->edccc055-c3f5-47df-b30f-76e8836f4c59@group-ED32739C8BBB, cid=2194, SUCCESS, logIndex=0, commits[edccc055-c3f5-47df-b30f-76e8836f4c59:c3235, f9704f82-adf1-457c-ad29-9b573bc67fa6:c3231, 932806d8-5f5d-4457-8f95-c9b7f9036eae:c3231]
2019-08-07 03:27:23,533 INFO  client.GrpcClientProtocolClient (GrpcClientProtocolClient.java:onNext(255)) - client-23C834B07313->edccc055-c3f5-47df-b30f-76e8836f4c59: receive RaftClientReply:client-23C834B07313->edccc055-c3f5-47df-b30f-76e8836f4c59@group-ED32739C8BBB, cid=2195, SUCCESS, logIndex=3238, commits[edccc055-c3f5-47df-b30f-76e8836f4c59:c3239, f9704f82-adf1-457c-ad29-9b573bc67fa6:c3237, 932806d8-5f5d-4457-8f95-c9b7f9036eae:c3237]
2019-08-07 03:27:23,534 INFO  client.GrpcClientProtocolClient (GrpcClientProtocolClient.java:onNext(255)) - client-23C834B07313->edccc055-c3f5-47df-b30f-76e8836f4c59: receive RaftClientReply:client-23C834B07313->edccc055-c3f5-47df-b30f-76e8836f4c59@group-ED32739C8BBB, cid=2196, SUCCESS, logIndex=3239, commits[edccc055-c3f5-47df-b30f-76e8836f4c59:c3239, f9704f82-adf1-457c-ad29-9b573bc67fa6:c3237, 932806d8-5f5d-4457-8f95-c9b7f9036eae:c3237]
2019-08-07 03:27:23,601 INFO  client.GrpcClientProtocolClient (GrpcClientProtocolClient.java:onNext(255)) - client-23C834B07313->edccc055-c3f5-47df-b30f-76e8836f4c59: receive RaftClientReply:client-23C834B07313->edccc055-c3f5-47df-b30f-76e8836f4c59@group-ED32739C8BBB, cid=2197, SUCCESS, logIndex=3242, commits[edccc055-c3f5-47df-b30f-76e8836f4c59:c3243, f9704f82-adf1-457c-ad29-9b573bc67fa6:c3239, 932806d8-5f5d-4457-8f95-c9b7f9036eae:c3239]
2019-08-07 03:27:23,602 INFO  client.GrpcClientProtocolClient (GrpcClientProtocolClient.java:onNext(255)) - client-23C834B07313->edccc055-c3f5-47df-b30f-76e8836f4c59: receive RaftClientReply:client-23C834B07313->edccc055-c3f5-47df-b30f-76e8836f4c59@group-ED32739C8BBB, cid=2198, SUCCESS, logIndex=3243, commits[edccc055-c3f5-47df-b30f-76e8836f4c59:c3243, f9704f82-adf1-457c-ad29-9b573bc67fa6:c3239, 932806d8-5f5d-4457-8f95-c9b7f9036eae:c3239]
2019-08-07 03:27:23,615 INFO  client.GrpcClientProtocolClient (GrpcClientProtocolClient.java:onNext(255)) - client-23C834B07313->edccc055-c3f5-47df-b30f-76e8836f4c59: receive RaftClientReply:client-23C834B07313->edccc055-c3f5-47df-b30f-76e8836f4c59@group-ED32739C8BBB, cid=2199, SUCCESS, logIndex=0, commits[edccc055-c3f5-47df-b30f-76e8836f4c59:c3244, f9704f82-adf1-457c-ad29-9b573bc67fa6:c3243, 932806d8-5f5d-4457-8f95-c9b7f9036eae:c3243]
2019-08-07 03:27:23,645 INFO  client.GrpcClientProtocolClient (GrpcClientProtocolClient.java:onNext(255)) - client-23C834B07313->edccc055-c3f5-47df-b30f-76e8836f4c59: receive RaftClientReply:client-23C834B07313->edccc055-c3f5-47df-b30f-76e8836f4c59@group-ED32739C8BBB, cid=2200, SUCCESS, logIndex=3246, commits[edccc055-c3f5-47df-b30f-76e8836f4c59:c3247, f9704f82-adf1-457c-ad29-9b573bc67fa6:c3245, 932806d8-5f5d-4457-8f95-c9b7f9036eae:c3245]
2019-08-07 03:27:23,646 INFO  client.GrpcClientProtocolClient (GrpcClientProtocolClient.java:onNext(255)) - client-23C834B07313->edccc055-c3f5-47df-b30f-76e8836f4c59: receive RaftClientReply:client-23C834B07313->edccc055-c3f5-47df-b30f-76e8836f4c59@group-ED32739C8BBB, cid=2201, SUCCESS, logIndex=3247, commits[edccc055-c3f5-47df-b30f-76e8836f4c59:c3248, f9704f82-adf1-457c-ad29-9b573bc67fa6:c3245, 932806d8-5f5d-4457-8f95-c9b7f9036eae:c3245]
2019-08-07 03:27:23,646 INFO  client.GrpcClientProtocolClient (GrpcClientProtocolClient.java:onNext(255)) - client-23C834B07313->edccc055-c3f5-47df-b30f-76e8836f4c59: receive RaftClientReply:client-23C834B07313->edccc055-c3f5-47df-b30f-76e8836f4c59@group-ED32739C8BBB, cid=2202, SUCCESS, logIndex=3248, commits[edccc055-c3f5-47df-b30f-76e8836f4c59:c3249, f9704f82-adf1-457c-ad29-9b573bc67fa6:c3245, 932806d8-5f5d-4457-8f95-c9b7f9036eae:c3245]
2019-08-07 03:27:23,646 INFO  client.GrpcClientProtocolClient (GrpcClientProtocolClient.java:onNext(255)) - client-23C834B07313->edccc055-c3f5-47df-b30f-76e8836f4c59: receive RaftClientReply:client-23C834B07313->edccc055-c3f5-47df-b30f-76e8836f4c59@group-ED32739C8BBB, cid=2203, SUCCESS, logIndex=3249, commits[edccc055-c3f5-47df-b30f-76e8836f4c59:c3249, f9704f82-adf1-457c-ad29-9b573bc67fa6:c3245, 932806d8-5f5d-4457-8f95-c9b7f9036eae:c3245]
2019-08-07 03:27:23,649 INFO  client.GrpcClientProtocolClient (GrpcClientProtocolClient.java:onNext(255)) - client-23C834B07313->edccc055-c3f5-47df-b30f-76e8836f4c59: receive RaftClientReply:client-23C834B07313->edccc055-c3f5-47df-b30f-76e8836f4c59@group-ED32739C8BBB, cid=2204, SUCCESS, logIndex=0, commits[edccc055-c3f5-47df-b30f-76e8836f4c59:c3252, f9704f82-adf1-457c-ad29-9b573bc67fa6:c3248, 932806d8-5f5d-4457-8f95-c9b7f9036eae:c3247]
2019-08-07 03:27:23,669 INFO  client.GrpcClientProtocolClient (GrpcClientProtocolClient.java:onNext(255)) - client-23C834B07313->edccc055-c3f5-47df-b30f-76e8836f4c59: receive RaftClientReply:client-23C834B07313->edccc055-c3f5-47df-b30f-76e8836f4c59@group-ED32739C8BBB, cid=2205, SUCCESS, logIndex=3254, commits[edccc055-c3f5-47df-b30f-76e8836f4c59:c3255, f9704f82-adf1-457c-ad29-9b573bc67fa6:c3253, 932806d8-5f5d-4457-8f95-c9b7f9036eae:c3253]
2019-08-07 03:27:23,670 INFO  client.GrpcClientProtocolClient (GrpcClientProtocolClient.java:onNext(255)) - client-23C834B07313->edccc055-c3f5-47df-b30f-76e8836f4c59: receive RaftClientReply:client-23C834B07313->edccc055-c3f5-47df-b30f-76e8836f4c59@group-ED32739C8BBB, cid=2206, SUCCESS, logIndex=3255, commits[edccc055-c3f5-47df-b30f-76e8836f4c59:c3255, f9704f82-adf1-457c-ad29-9b573bc67fa6:c3253, 932806d8-5f5d-4457-8f95-c9b7f9036eae:c3253]
2019-08-07 03:27:23,695 INFO  client.GrpcClientProtocolClient (GrpcClientProtocolClient.java:onNext(255)) - client-23C834B07313->edccc055-c3f5-47df-b30f-76e8836f4c59: receive RaftClientReply:client-23C834B07313->edccc055-c3f5-47df-b30f-76e8836f4c59@group-ED32739C8BBB, cid=2207, SUCCESS, logIndex=3258, commits[edccc055-c3f5-47df-b30f-76e8836f4c59:c3259, f9704f82-adf1-457c-ad29-9b573bc67fa6:c3255, 932806d8-5f5d-4457-8f95-c9b7f9036eae:c3254]
2019-08-07 03:27:23,695 INFO  client.GrpcClientProtocolClient (GrpcClientProtocolClient.java:onNext(255)) - client-23C834B07313->edccc055-c3f5-47df-b30f-76e8836f4c59: receive RaftClientReply:client-23C834B07313->edccc055-c3f5-47df-b30f-76e8836f4c59@group-ED32739C8BBB, cid=2208, SUCCESS, logIndex=3259, commits[edccc055-c3f5-47df-b30f-76e8836f4c59:c3259, f9704f82-adf1-457c-ad29-9b573bc67fa6:c3255, 932806d8-5f5d-4457-8f95-c9b7f9036eae:c3255]
2019-08-07 03:27:23,706 INFO  client.GrpcClientProtocolClient (GrpcClientProtocolClient.java:onNext(255)) - client-23C834B07313->edccc055-c3f5-47df-b30f-76e8836f4c59: receive RaftClientReply:client-23C834B07313->edccc055-c3f5-47df-b30f-76e8836f4c59@group-ED32739C8BBB, cid=2209, SUCCESS, logIndex=0, commits[edccc055-c3f5-47df-b30f-76e8836f4c59:c3259, f9704f82-adf1-457c-ad29-9b573bc67fa6:c3259, 932806d8-5f5d-4457-8f95-c9b7f9036eae:c3259]
2019-08-07 03:27:23,752 INFO  client.GrpcClientProtocolClient (GrpcClientProtocolClient.java:onNext(255)) - client-23C834B07313->edccc055-c3f5-47df-b30f-76e8836f4c59: receive RaftClientReply:client-23C834B07313->edccc055-c3f5-47df-b30f-76e8836f4c59@group-ED32739C8BBB, cid=2210, SUCCESS, logIndex=3261, commits[edccc055-c3f5-47df-b30f-76e8836f4c59:c3264, f9704f82-adf1-457c-ad29-9b573bc67fa6:c3260, 932806d8-5f5d-4457-8f95-c9b7f9036eae:c3260]
2019-08-07 03:27:23,753 INFO  client.GrpcClientProtocolClient (GrpcClientProtocolClient.java:onNext(255)) - client-23C834B07313->edccc055-c3f5-47df-b30f-76e8836f4c59: receive RaftClientReply:client-23C834B07313->edccc055-c3f5-47df-b30f-76e8836f4c59@group-ED32739C8BBB, cid=2211, SUCCESS, logIndex=3262, commits[edccc055-c3f5-47df-b30f-76e8836f4c59:c3264, f9704f82-adf1-457c-ad29-9b573bc67fa6:c3260, 932806d8-5f5d-4457-8f95-c9b7f9036eae:c3260]
2019-08-07 03:27:23,753 INFO  client.GrpcClientProtocolClient (GrpcClientProtocolClient.java:onNext(255)) - client-23C834B07313->edccc055-c3f5-47df-b30f-76e8836f4c59: receive RaftClientReply:client-23C834B07313->edccc055-c3f5-47df-b30f-76e8836f4c59@group-ED32739C8BBB, cid=2212, SUCCESS, logIndex=3263, commits[edccc055-c3f5-47df-b30f-76e8836f4c59:c3264, f9704f82-adf1-457c-ad29-9b573bc67fa6:c3260, 932806d8-5f5d-4457-8f95-c9b7f9036eae:c3260]
2019-08-07 03:27:23,754 INFO  client.GrpcClientProtocolClient (GrpcClientProtocolClient.java:onNext(255)) - client-23C834B07313->edccc055-c3f5-47df-b30f-76e8836f4c59: receive RaftClientReply:client-23C834B07313->edccc055-c3f5-47df-b30f-76e8836f4c59@group-ED32739C8BBB, cid=2213, SUCCESS, logIndex=3264, commits[edccc055-c3f5-47df-b30f-76e8836f4c59:c3264, f9704f82-adf1-457c-ad29-9b573bc67fa6:c3260, 932806d8-5f5d-4457-8f95-c9b7f9036eae:c3260]
2019-08-07 03:27:23,766 INFO  client.GrpcClientProtocolClient (GrpcClientProtocolClient.java:onNext(255)) - client-23C834B07313->edccc055-c3f5-47df-b30f-76e8836f4c59: receive RaftClientReply:client-23C834B07313->edccc055-c3f5-47df-b30f-76e8836f4c59@group-ED32739C8BBB, cid=2214, SUCCESS, logIndex=0, commits[edccc055-c3f5-47df-b30f-76e8836f4c59:c3266, f9704f82-adf1-457c-ad29-9b573bc67fa6:c3262, 932806d8-5f5d-4457-8f95-c9b7f9036eae:c3262]
2019-08-07 03:27:23,786 INFO  client.GrpcClientProtocolClient (GrpcClientProtocolClient.java:onNext(255)) - client-23C834B07313->edccc055-c3f5-47df-b30f-76e8836f4c59: receive RaftClientReply:client-23C834B07313->edccc055-c3f5-47df-b30f-76e8836f4c59@group-ED32739C8BBB, cid=2215, SUCCESS, logIndex=3269, commits[edccc055-c3f5-47df-b30f-76e8836f4c59:c3270, f9704f82-adf1-457c-ad29-9b573bc67fa6:c3268, 932806d8-5f5d-4457-8f95-c9b7f9036eae:c3268]
2019-08-07 03:27:23,786 INFO  client.GrpcClientProtocolClient (GrpcClientProtocolClient.java:onNext(255)) - client-23C834B07313->edccc055-c3f5-47df-b30f-76e8836f4c59: receive RaftClientReply:client-23C834B07313->edccc055-c3f5-47df-b30f-76e8836f4c59@group-ED32739C8BBB, cid=2216, SUCCESS, logIndex=3270, commits[edccc055-c3f5-47df-b30f-76e8836f4c59:c3270, f9704f82-adf1-457c-ad29-9b573bc67fa6:c3268, 932806d8-5f5d-4457-8f95-c9b7f9036eae:c3268]
2019-08-07 03:27:23,812 INFO  client.GrpcClientProtocolClient (GrpcClientProtocolClient.java:onNext(255)) - client-23C834B07313->edccc055-c3f5-47df-b30f-76e8836f4c59: receive RaftClientReply:client-23C834B07313->edccc055-c3f5-47df-b30f-76e8836f4c59@group-ED32739C8BBB, cid=2217, SUCCESS, logIndex=3273, commits[edccc055-c3f5-47df-b30f-76e8836f4c59:c3274, f9704f82-adf1-457c-ad29-9b573bc67fa6:c3270, 932806d8-5f5d-4457-8f95-c9b7f9036eae:c3270]
2019-08-07 03:27:23,813 INFO  client.GrpcClientProtocolClient (GrpcClientProtocolClient.java:onNext(255)) - client-23C834B07313->edccc055-c3f5-47df-b30f-76e8836f4c59: receive RaftClientReply:client-23C834B07313->edccc055-c3f5-47df-b30f-76e8836f4c59@group-ED32739C8BBB, cid=2218, SUCCESS, logIndex=3274, commits[edccc055-c3f5-47df-b30f-76e8836f4c59:c3274, f9704f82-adf1-457c-ad29-9b573bc67fa6:c3270, 932806d8-5f5d-4457-8f95-c9b7f9036eae:c3270]
2019-08-07 03:27:23,838 INFO  client.GrpcClientProtocolClient (GrpcClientProtocolClient.java:onNext(255)) - client-23C834B07313->edccc055-c3f5-47df-b30f-76e8836f4c59: receive RaftClientReply:client-23C834B07313->edccc055-c3f5-47df-b30f-76e8836f4c59@group-ED32739C8BBB, cid=2219, SUCCESS, logIndex=0, commits[edccc055-c3f5-47df-b30f-76e8836f4c59:c3275, f9704f82-adf1-457c-ad29-9b573bc67fa6:c3274, 932806d8-5f5d-4457-8f95-c9b7f9036eae:c3274]
2019-08-07 03:27:23,871 INFO  client.GrpcClientProtocolClient (GrpcClientProtocolClient.java:onNext(255)) - client-23C834B07313->edccc055-c3f5-47df-b30f-76e8836f4c59: receive RaftClientReply:client-23C834B07313->edccc055-c3f5-47df-b30f-76e8836f4c59@group-ED32739C8BBB, cid=2220, SUCCESS, logIndex=3277, commits[edccc055-c3f5-47df-b30f-76e8836f4c59:c3278, f9704f82-adf1-457c-ad29-9b573bc67fa6:c3276, 932806d8-5f5d-4457-8f95-c9b7f9036eae:c3276]
2019-08-07 03:27:23,872 INFO  client.GrpcClientProtocolClient (GrpcClientProtocolClient.java:onNext(255)) - client-23C834B07313->edccc055-c3f5-47df-b30f-76e8836f4c59: receive RaftClientReply:client-23C834B07313->edccc055-c3f5-47df-b30f-76e8836f4c59@group-ED32739C8BBB, cid=2221, SUCCESS, logIndex=3278, commits[edccc055-c3f5-47df-b30f-76e8836f4c59:c3278, f9704f82-adf1-457c-ad29-9b573bc67fa6:c3276, 932806d8-5f5d-4457-8f95-c9b7f9036eae:c3276]
2019-08-07 03:27:23,881 INFO  client.GrpcClientProtocolClient (GrpcClientProtocolClient.java:onNext(255)) - client-23C834B07313->edccc055-c3f5-47df-b30f-76e8836f4c59: receive RaftClientReply:client-23C834B07313->edccc055-c3f5-47df-b30f-76e8836f4c59@group-ED32739C8BBB, cid=2222, SUCCESS, logIndex=3279, commits[edccc055-c3f5-47df-b30f-76e8836f4c59:c3280, f9704f82-adf1-457c-ad29-9b573bc67fa6:c3276, 932806d8-5f5d-4457-8f95-c9b7f9036eae:c3276]
2019-08-07 03:27:23,882 INFO  client.GrpcClientProtocolClient (GrpcClientProtocolClient.java:onNext(255)) - client-23C834B07313->edccc055-c3f5-47df-b30f-76e8836f4c59: receive RaftClientReply:client-23C834B07313->edccc055-c3f5-47df-b30f-76e8836f4c59@group-ED32739C8BBB, cid=2223, SUCCESS, logIndex=3280, commits[edccc055-c3f5-47df-b30f-76e8836f4c59:c3280, f9704f82-adf1-457c-ad29-9b573bc67fa6:c3276, 932806d8-5f5d-4457-8f95-c9b7f9036eae:c3276]
2019-08-07 03:27:23,896 INFO  client.GrpcClientProtocolClient (GrpcClientProtocolClient.java:onNext(255)) - client-23C834B07313->edccc055-c3f5-47df-b30f-76e8836f4c59: receive RaftClientReply:client-23C834B07313->edccc055-c3f5-47df-b30f-76e8836f4c59@group-ED32739C8BBB, cid=2224, SUCCESS, logIndex=0, commits[edccc055-c3f5-47df-b30f-76e8836f4c59:c3282, f9704f82-adf1-457c-ad29-9b573bc67fa6:c3278, 932806d8-5f5d-4457-8f95-c9b7f9036eae:c3278]
2019-08-07 03:27:23,909 INFO  client.GrpcClientProtocolClient (GrpcClientProtocolClient.java:onNext(255)) - client-23C834B07313->edccc055-c3f5-47df-b30f-76e8836f4c59: receive RaftClientReply:client-23C834B07313->edccc055-c3f5-47df-b30f-76e8836f4c59@group-ED32739C8BBB, cid=2225, SUCCESS, logIndex=3284, commits[edccc055-c3f5-47df-b30f-76e8836f4c59:c3285, f9704f82-adf1-457c-ad29-9b573bc67fa6:c3283, 932806d8-5f5d-4457-8f95-c9b7f9036eae:c3283]
2019-08-07 03:27:23,910 INFO  client.GrpcClientProtocolClient (GrpcClientProtocolClient.java:onNext(255)) - client-23C834B07313->edccc055-c3f5-47df-b30f-76e8836f4c59: receive RaftClientReply:client-23C834B07313->edccc055-c3f5-47df-b30f-76e8836f4c59@group-ED32739C8BBB, cid=2226, SUCCESS, logIndex=3285, commits[edccc055-c3f5-47df-b30f-76e8836f4c59:c3285, f9704f82-adf1-457c-ad29-9b573bc67fa6:c3283, 932806d8-5f5d-4457-8f95-c9b7f9036eae:c3283]
2019-08-07 03:27:23,921 INFO  client.GrpcClientProtocolClient (GrpcClientProtocolClient.java:onNext(255)) - client-23C834B07313->edccc055-c3f5-47df-b30f-76e8836f4c59: receive RaftClientReply:client-23C834B07313->edccc055-c3f5-47df-b30f-76e8836f4c59@group-ED32739C8BBB, cid=2227, SUCCESS, logIndex=3288, commits[edccc055-c3f5-47df-b30f-76e8836f4c59:c3289, f9704f82-adf1-457c-ad29-9b573bc67fa6:c3285, 932806d8-5f5d-4457-8f95-c9b7f9036eae:c3287]
2019-08-07 03:27:23,921 INFO  client.GrpcClientProtocolClient (GrpcClientProtocolClient.java:onNext(255)) - client-23C834B07313->edccc055-c3f5-47df-b30f-76e8836f4c59: receive RaftClientReply:client-23C834B07313->edccc055-c3f5-47df-b30f-76e8836f4c59@group-ED32739C8BBB, cid=2228, SUCCESS, logIndex=3289, commits[edccc055-c3f5-47df-b30f-76e8836f4c59:c3289, f9704f82-adf1-457c-ad29-9b573bc67fa6:c3287, 932806d8-5f5d-4457-8f95-c9b7f9036eae:c3287]
2019-08-07 03:27:23,924 INFO  client.GrpcClientProtocolClient (GrpcClientProtocolClient.java:onNext(255)) - client-23C834B07313->edccc055-c3f5-47df-b30f-76e8836f4c59: receive RaftClientReply:client-23C834B07313->edccc055-c3f5-47df-b30f-76e8836f4c59@group-ED32739C8BBB, cid=2229, SUCCESS, logIndex=0, commits[edccc055-c3f5-47df-b30f-76e8836f4c59:c3290, f9704f82-adf1-457c-ad29-9b573bc67fa6:c3289, 932806d8-5f5d-4457-8f95-c9b7f9036eae:c3289]
2019-08-07 03:27:23,950 INFO  client.GrpcClientProtocolClient (GrpcClientProtocolClient.java:onNext(255)) - client-23C834B07313->edccc055-c3f5-47df-b30f-76e8836f4c59: receive RaftClientReply:client-23C834B07313->edccc055-c3f5-47df-b30f-76e8836f4c59@group-ED32739C8BBB, cid=2230, SUCCESS, logIndex=3292, commits[edccc055-c3f5-47df-b30f-76e8836f4c59:c3293, f9704f82-adf1-457c-ad29-9b573bc67fa6:c3291, 932806d8-5f5d-4457-8f95-c9b7f9036eae:c3291]
2019-08-07 03:27:23,951 INFO  client.GrpcClientProtocolClient (GrpcClientProtocolClient.java:onNext(255)) - client-23C834B07313->edccc055-c3f5-47df-b30f-76e8836f4c59: receive RaftClientReply:client-23C834B07313->edccc055-c3f5-47df-b30f-76e8836f4c59@group-ED32739C8BBB, cid=2231, SUCCESS, logIndex=3293, commits[edccc055-c3f5-47df-b30f-76e8836f4c59:c3293, f9704f82-adf1-457c-ad29-9b573bc67fa6:c3291, 932806d8-5f5d-4457-8f95-c9b7f9036eae:c3291]
2019-08-07 03:27:23,951 INFO  client.GrpcClientProtocolClient (GrpcClientProtocolClient.java:onNext(255)) - client-23C834B07313->edccc055-c3f5-47df-b30f-76e8836f4c59: receive RaftClientReply:client-23C834B07313->edccc055-c3f5-47df-b30f-76e8836f4c59@group-ED32739C8BBB, cid=2232, SUCCESS, logIndex=3294, commits[edccc055-c3f5-47df-b30f-76e8836f4c59:c3295, f9704f82-adf1-457c-ad29-9b573bc67fa6:c3291, 932806d8-5f5d-4457-8f95-c9b7f9036eae:c3291]
2019-08-07 03:27:23,952 INFO  client.GrpcClientProtocolClient (GrpcClientProtocolClient.java:onNext(255)) - client-23C834B07313->edccc055-c3f5-47df-b30f-76e8836f4c59: receive RaftClientReply:client-23C834B07313->edccc055-c3f5-47df-b30f-76e8836f4c59@group-ED32739C8BBB, cid=2233, SUCCESS, logIndex=3295, commits[edccc055-c3f5-47df-b30f-76e8836f4c59:c3295, f9704f82-adf1-457c-ad29-9b573bc67fa6:c3291, 932806d8-5f5d-4457-8f95-c9b7f9036eae:c3291]
2019-08-07 03:27:23,953 INFO  client.GrpcClientProtocolClient (GrpcClientProtocolClient.java:onNext(255)) - client-23C834B07313->edccc055-c3f5-47df-b30f-76e8836f4c59: receive RaftClientReply:client-23C834B07313->edccc055-c3f5-47df-b30f-76e8836f4c59@group-ED32739C8BBB, cid=2234, SUCCESS, logIndex=0, commits[edccc055-c3f5-47df-b30f-76e8836f4c59:c3297, f9704f82-adf1-457c-ad29-9b573bc67fa6:c3293, 932806d8-5f5d-4457-8f95-c9b7f9036eae:c3293]
2019-08-07 03:27:23,969 INFO  client.GrpcClientProtocolClient (GrpcClientProtocolClient.java:onNext(255)) - client-23C834B07313->edccc055-c3f5-47df-b30f-76e8836f4c59: receive RaftClientReply:client-23C834B07313->edccc055-c3f5-47df-b30f-76e8836f4c59@group-ED32739C8BBB, cid=2235, SUCCESS, logIndex=3300, commits[edccc055-c3f5-47df-b30f-76e8836f4c59:c3301, f9704f82-adf1-457c-ad29-9b573bc67fa6:c3299, 932806d8-5f5d-4457-8f95-c9b7f9036eae:c3299]
2019-08-07 03:27:23,969 INFO  client.GrpcClientProtocolClient (GrpcClientProtocolClient.java:onNext(255)) - client-23C834B07313->edccc055-c3f5-47df-b30f-76e8836f4c59: receive RaftClientReply:client-23C834B07313->edccc055-c3f5-47df-b30f-76e8836f4c59@group-ED32739C8BBB, cid=2236, SUCCESS, logIndex=3301, commits[edccc055-c3f5-47df-b30f-76e8836f4c59:c3301, f9704f82-adf1-457c-ad29-9b573bc67fa6:c3299, 932806d8-5f5d-4457-8f95-c9b7f9036eae:c3299]
2019-08-07 03:27:24,086 INFO  client.GrpcClientProtocolClient (GrpcClientProtocolClient.java:onNext(255)) - client-23C834B07313->edccc055-c3f5-47df-b30f-76e8836f4c59: receive RaftClientReply:client-23C834B07313->edccc055-c3f5-47df-b30f-76e8836f4c59@group-ED32739C8BBB, cid=2237, SUCCESS, logIndex=3304, commits[edccc055-c3f5-47df-b30f-76e8836f4c59:c3305, f9704f82-adf1-457c-ad29-9b573bc67fa6:c3301, 932806d8-5f5d-4457-8f95-c9b7f9036eae:c3301]
2019-08-07 03:27:24,087 INFO  client.GrpcClientProtocolClient (GrpcClientProtocolClient.java:onNext(255)) - client-23C834B07313->edccc055-c3f5-47df-b30f-76e8836f4c59: receive RaftClientReply:client-23C834B07313->edccc055-c3f5-47df-b30f-76e8836f4c59@group-ED32739C8BBB, cid=2238, SUCCESS, logIndex=3305, commits[edccc055-c3f5-47df-b30f-76e8836f4c59:c3305, f9704f82-adf1-457c-ad29-9b573bc67fa6:c3301, 932806d8-5f5d-4457-8f95-c9b7f9036eae:c3301]
2019-08-07 03:27:24,101 INFO  client.GrpcClientProtocolClient (GrpcClientProtocolClient.java:onNext(255)) - client-23C834B07313->edccc055-c3f5-47df-b30f-76e8836f4c59: receive RaftClientReply:client-23C834B07313->edccc055-c3f5-47df-b30f-76e8836f4c59@group-ED32739C8BBB, cid=2239, SUCCESS, logIndex=0, commits[edccc055-c3f5-47df-b30f-76e8836f4c59:c3307, f9704f82-adf1-457c-ad29-9b573bc67fa6:c3305, 932806d8-5f5d-4457-8f95-c9b7f9036eae:c3305]
2019-08-07 03:27:24,133 INFO  client.GrpcClientProtocolClient (GrpcClientProtocolClient.java:onNext(255)) - client-23C834B07313->edccc055-c3f5-47df-b30f-76e8836f4c59: receive RaftClientReply:client-23C834B07313->edccc055-c3f5-47df-b30f-76e8836f4c59@group-ED32739C8BBB, cid=2240, SUCCESS, logIndex=3308, commits[edccc055-c3f5-47df-b30f-76e8836f4c59:c3309, f9704f82-adf1-457c-ad29-9b573bc67fa6:c3307, 932806d8-5f5d-4457-8f95-c9b7f9036eae:c3307]
2019-08-07 03:27:24,133 INFO  client.GrpcClientProtocolClient (GrpcClientProtocolClient.java:onNext(255)) - client-23C834B07313->edccc055-c3f5-47df-b30f-76e8836f4c59: receive RaftClientReply:client-23C834B07313->edccc055-c3f5-47df-b30f-76e8836f4c59@group-ED32739C8BBB, cid=2241, SUCCESS, logIndex=3309, commits[edccc055-c3f5-47df-b30f-76e8836f4c59:c3309, f9704f82-adf1-457c-ad29-9b573bc67fa6:c3307, 932806d8-5f5d-4457-8f95-c9b7f9036eae:c3307]
2019-08-07 03:27:24,144 INFO  client.GrpcClientProtocolClient (GrpcClientProtocolClient.java:onNext(255)) - client-23C834B07313->edccc055-c3f5-47df-b30f-76e8836f4c59: receive RaftClientReply:client-23C834B07313->edccc055-c3f5-47df-b30f-76e8836f4c59@group-ED32739C8BBB, cid=2242, SUCCESS, logIndex=3310, commits[edccc055-c3f5-47df-b30f-76e8836f4c59:c3311, f9704f82-adf1-457c-ad29-9b573bc67fa6:c3307, 932806d8-5f5d-4457-8f95-c9b7f9036eae:c3307]
2019-08-07 03:27:24,145 INFO  client.GrpcClientProtocolClient (GrpcClientProtocolClient.java:onNext(255)) - client-23C834B07313->edccc055-c3f5-47df-b30f-76e8836f4c59: receive RaftClientReply:client-23C834B07313->edccc055-c3f5-47df-b30f-76e8836f4c59@group-ED32739C8BBB, cid=2243, SUCCESS, logIndex=3311, commits[edccc055-c3f5-47df-b30f-76e8836f4c59:c3311, f9704f82-adf1-457c-ad29-9b573bc67fa6:c3307, 932806d8-5f5d-4457-8f95-c9b7f9036eae:c3307]
2019-08-07 03:27:24,159 INFO  client.GrpcClientProtocolClient (GrpcClientProtocolClient.java:onNext(255)) - client-23C834B07313->edccc055-c3f5-47df-b30f-76e8836f4c59: receive RaftClientReply:client-23C834B07313->edccc055-c3f5-47df-b30f-76e8836f4c59@group-ED32739C8BBB, cid=2244, SUCCESS, logIndex=0, commits[edccc055-c3f5-47df-b30f-76e8836f4c59:c3313, f9704f82-adf1-457c-ad29-9b573bc67fa6:c3309, 932806d8-5f5d-4457-8f95-c9b7f9036eae:c3309]
2019-08-07 03:27:24,172 INFO  client.GrpcClientProtocolClient (GrpcClientProtocolClient.java:onNext(255)) - client-23C834B07313->edccc055-c3f5-47df-b30f-76e8836f4c59: receive RaftClientReply:client-23C834B07313->edccc055-c3f5-47df-b30f-76e8836f4c59@group-ED32739C8BBB, cid=2245, SUCCESS, logIndex=3316, commits[edccc055-c3f5-47df-b30f-76e8836f4c59:c3317, f9704f82-adf1-457c-ad29-9b573bc67fa6:c3315, 932806d8-5f5d-4457-8f95-c9b7f9036eae:c3315]
2019-08-07 03:27:24,173 INFO  client.GrpcClientProtocolClient (GrpcClientProtocolClient.java:onNext(255)) - client-23C834B07313->edccc055-c3f5-47df-b30f-76e8836f4c59: receive RaftClientReply:client-23C834B07313->edccc055-c3f5-47df-b30f-76e8836f4c59@group-ED32739C8BBB, cid=2246, SUCCESS, logIndex=3317, commits[edccc055-c3f5-47df-b30f-76e8836f4c59:c3317, f9704f82-adf1-457c-ad29-9b573bc67fa6:c3315, 932806d8-5f5d-4457-8f95-c9b7f9036eae:c3315]
2019-08-07 03:27:24,202 INFO  client.GrpcClientProtocolClient (GrpcClientProtocolClient.java:onNext(255)) - client-23C834B07313->edccc055-c3f5-47df-b30f-76e8836f4c59: receive RaftClientReply:client-23C834B07313->edccc055-c3f5-47df-b30f-76e8836f4c59@group-ED32739C8BBB, cid=2247, SUCCESS, logIndex=3320, commits[edccc055-c3f5-47df-b30f-76e8836f4c59:c3321, f9704f82-adf1-457c-ad29-9b573bc67fa6:c3319, 932806d8-5f5d-4457-8f95-c9b7f9036eae:c3319]
2019-08-07 03:27:24,203 INFO  client.GrpcClientProtocolClient (GrpcClientProtocolClient.java:onNext(255)) - client-23C834B07313->edccc055-c3f5-47df-b30f-76e8836f4c59: receive RaftClientReply:client-23C834B07313->edccc055-c3f5-47df-b30f-76e8836f4c59@group-ED32739C8BBB, cid=2248, SUCCESS, logIndex=3321, commits[edccc055-c3f5-47df-b30f-76e8836f4c59:c3321, f9704f82-adf1-457c-ad29-9b573bc67fa6:c3319, 932806d8-5f5d-4457-8f95-c9b7f9036eae:c3319]
2019-08-07 03:27:24,204 INFO  client.GrpcClientProtocolClient (GrpcClientProtocolClient.java:onNext(255)) - client-23C834B07313->edccc055-c3f5-47df-b30f-76e8836f4c59: receive RaftClientReply:client-23C834B07313->edccc055-c3f5-47df-b30f-76e8836f4c59@group-ED32739C8BBB, cid=2249, SUCCESS, logIndex=0, commits[edccc055-c3f5-47df-b30f-76e8836f4c59:c3322, f9704f82-adf1-457c-ad29-9b573bc67fa6:c3321, 932806d8-5f5d-4457-8f95-c9b7f9036eae:c3321]
2019-08-07 03:27:24,232 INFO  client.GrpcClientProtocolClient (GrpcClientProtocolClient.java:onNext(255)) - client-23C834B07313->edccc055-c3f5-47df-b30f-76e8836f4c59: receive RaftClientReply:client-23C834B07313->edccc055-c3f5-47df-b30f-76e8836f4c59@group-ED32739C8BBB, cid=2250, SUCCESS, logIndex=3324, commits[edccc055-c3f5-47df-b30f-76e8836f4c59:c3325, f9704f82-adf1-457c-ad29-9b573bc67fa6:c3323, 932806d8-5f5d-4457-8f95-c9b7f9036eae:c3323]
2019-08-07 03:27:24,232 INFO  client.GrpcClientProtocolClient (GrpcClientProtocolClient.java:onNext(255)) - client-23C834B07313->edccc055-c3f5-47df-b30f-76e8836f4c59: receive RaftClientReply:client-23C834B07313->edccc055-c3f5-47df-b30f-76e8836f4c59@group-ED32739C8BBB, cid=2251, SUCCESS, logIndex=3325, commits[edccc055-c3f5-47df-b30f-76e8836f4c59:c3325, f9704f82-adf1-457c-ad29-9b573bc67fa6:c3323, 932806d8-5f5d-4457-8f95-c9b7f9036eae:c3323]
2019-08-07 03:27:24,233 INFO  client.GrpcClientProtocolClient (GrpcClientProtocolClient.java:onNext(255)) - client-23C834B07313->edccc055-c3f5-47df-b30f-76e8836f4c59: receive RaftClientReply:client-23C834B07313->edccc055-c3f5-47df-b30f-76e8836f4c59@group-ED32739C8BBB, cid=2252, SUCCESS, logIndex=3326, commits[edccc055-c3f5-47df-b30f-76e8836f4c59:c3326, f9704f82-adf1-457c-ad29-9b573bc67fa6:c3323, 932806d8-5f5d-4457-8f95-c9b7f9036eae:c3323]
2019-08-07 03:27:24,233 INFO  client.GrpcClientProtocolClient (GrpcClientProtocolClient.java:onNext(255)) - client-23C834B07313->edccc055-c3f5-47df-b30f-76e8836f4c59: receive RaftClientReply:client-23C834B07313->edccc055-c3f5-47df-b30f-76e8836f4c59@group-ED32739C8BBB, cid=2253, SUCCESS, logIndex=3327, commits[edccc055-c3f5-47df-b30f-76e8836f4c59:c3327, f9704f82-adf1-457c-ad29-9b573bc67fa6:c3323, 932806d8-5f5d-4457-8f95-c9b7f9036eae:c3323]
2019-08-07 03:27:24,235 INFO  client.GrpcClientProtocolClient (GrpcClientProtocolClient.java:onNext(255)) - client-23C834B07313->edccc055-c3f5-47df-b30f-76e8836f4c59: receive RaftClientReply:client-23C834B07313->edccc055-c3f5-47df-b30f-76e8836f4c59@group-ED32739C8BBB, cid=2254, SUCCESS, logIndex=0, commits[edccc055-c3f5-47df-b30f-76e8836f4c59:c3329, f9704f82-adf1-457c-ad29-9b573bc67fa6:c3325, 932806d8-5f5d-4457-8f95-c9b7f9036eae:c3325]
2019-08-07 03:27:24,248 INFO  client.GrpcClientProtocolClient (GrpcClientProtocolClient.java:onNext(255)) - client-23C834B07313->edccc055-c3f5-47df-b30f-76e8836f4c59: receive RaftClientReply:client-23C834B07313->edccc055-c3f5-47df-b30f-76e8836f4c59@group-ED32739C8BBB, cid=2255, SUCCESS, logIndex=3332, commits[edccc055-c3f5-47df-b30f-76e8836f4c59:c3333, f9704f82-adf1-457c-ad29-9b573bc67fa6:c3327, 932806d8-5f5d-4457-8f95-c9b7f9036eae:c3329]
2019-08-07 03:27:24,249 INFO  client.GrpcClientProtocolClient (GrpcClientProtocolClient.java:onNext(255)) - client-23C834B07313->edccc055-c3f5-47df-b30f-76e8836f4c59: receive RaftClientReply:client-23C834B07313->edccc055-c3f5-47df-b30f-76e8836f4c59@group-ED32739C8BBB, cid=2256, SUCCESS, logIndex=3333, commits[edccc055-c3f5-47df-b30f-76e8836f4c59:c3333, f9704f82-adf1-457c-ad29-9b573bc67fa6:c3329, 932806d8-5f5d-4457-8f95-c9b7f9036eae:c3329]
2019-08-07 03:27:24,266 INFO  client.GrpcClientProtocolClient (GrpcClientProtocolClient.java:onNext(255)) - client-23C834B07313->edccc055-c3f5-47df-b30f-76e8836f4c59: receive RaftClientReply:client-23C834B07313->edccc055-c3f5-47df-b30f-76e8836f4c59@group-ED32739C8BBB, cid=2257, SUCCESS, logIndex=3336, commits[edccc055-c3f5-47df-b30f-76e8836f4c59:c3337, f9704f82-adf1-457c-ad29-9b573bc67fa6:c3334, 932806d8-5f5d-4457-8f95-c9b7f9036eae:c3334]
2019-08-07 03:27:24,266 INFO  client.GrpcClientProtocolClient (GrpcClientProtocolClient.java:onNext(255)) - client-23C834B07313->edccc055-c3f5-47df-b30f-76e8836f4c59: receive RaftClientReply:client-23C834B07313->edccc055-c3f5-47df-b30f-76e8836f4c59@group-ED32739C8BBB, cid=2258, SUCCESS, logIndex=3337, commits[edccc055-c3f5-47df-b30f-76e8836f4c59:c3337, f9704f82-adf1-457c-ad29-9b573bc67fa6:c3334, 932806d8-5f5d-4457-8f95-c9b7f9036eae:c3334]
2019-08-07 03:27:24,291 INFO  client.GrpcClientProtocolClient (GrpcClientProtocolClient.java:onNext(255)) - client-23C834B07313->edccc055-c3f5-47df-b30f-76e8836f4c59: receive RaftClientReply:client-23C834B07313->edccc055-c3f5-47df-b30f-76e8836f4c59@group-ED32739C8BBB, cid=2259, SUCCESS, logIndex=0, commits[edccc055-c3f5-47df-b30f-76e8836f4c59:c3339, f9704f82-adf1-457c-ad29-9b573bc67fa6:c3337, 932806d8-5f5d-4457-8f95-c9b7f9036eae:c3337]
2019-08-07 03:27:24,321 INFO  client.GrpcClientProtocolClient (GrpcClientProtocolClient.java:onNext(255)) - client-23C834B07313->edccc055-c3f5-47df-b30f-76e8836f4c59: receive RaftClientReply:client-23C834B07313->edccc055-c3f5-47df-b30f-76e8836f4c59@group-ED32739C8BBB, cid=2260, SUCCESS, logIndex=3340, commits[edccc055-c3f5-47df-b30f-76e8836f4c59:c3341, f9704f82-adf1-457c-ad29-9b573bc67fa6:c3339, 932806d8-5f5d-4457-8f95-c9b7f9036eae:c3339]
2019-08-07 03:27:24,321 INFO  client.GrpcClientProtocolClient (GrpcClientProtocolClient.java:onNext(255)) - client-23C834B07313->edccc055-c3f5-47df-b30f-76e8836f4c59: receive RaftClientReply:client-23C834B07313->edccc055-c3f5-47df-b30f-76e8836f4c59@group-ED32739C8BBB, cid=2261, SUCCESS, logIndex=3341, commits[edccc055-c3f5-47df-b30f-76e8836f4c59:c3341, f9704f82-adf1-457c-ad29-9b573bc67fa6:c3339, 932806d8-5f5d-4457-8f95-c9b7f9036eae:c3339]
2019-08-07 03:27:24,322 INFO  client.GrpcClientProtocolClient (GrpcClientProtocolClient.java:onNext(255)) - client-23C834B07313->edccc055-c3f5-47df-b30f-76e8836f4c59: receive RaftClientReply:client-23C834B07313->edccc055-c3f5-47df-b30f-76e8836f4c59@group-ED32739C8BBB, cid=2262, SUCCESS, logIndex=3342, commits[edccc055-c3f5-47df-b30f-76e8836f4c59:c3342, f9704f82-adf1-457c-ad29-9b573bc67fa6:c3339, 932806d8-5f5d-4457-8f95-c9b7f9036eae:c3339]
2019-08-07 03:27:24,322 INFO  client.GrpcClientProtocolClient (GrpcClientProtocolClient.java:onNext(255)) - client-23C834B07313->edccc055-c3f5-47df-b30f-76e8836f4c59: receive RaftClientReply:client-23C834B07313->edccc055-c3f5-47df-b30f-76e8836f4c59@group-ED32739C8BBB, cid=2263, SUCCESS, logIndex=3343, commits[edccc055-c3f5-47df-b30f-76e8836f4c59:c3343, f9704f82-adf1-457c-ad29-9b573bc67fa6:c3339, 932806d8-5f5d-4457-8f95-c9b7f9036eae:c3339]
2019-08-07 03:27:24,325 INFO  client.GrpcClientProtocolClient (GrpcClientProtocolClient.java:onNext(255)) - client-23C834B07313->edccc055-c3f5-47df-b30f-76e8836f4c59: receive RaftClientReply:client-23C834B07313->edccc055-c3f5-47df-b30f-76e8836f4c59@group-ED32739C8BBB, cid=2264, SUCCESS, logIndex=0, commits[edccc055-c3f5-47df-b30f-76e8836f4c59:c3345, f9704f82-adf1-457c-ad29-9b573bc67fa6:c3341, 932806d8-5f5d-4457-8f95-c9b7f9036eae:c3341]
2019-08-07 03:27:24,337 INFO  client.GrpcClientProtocolClient (GrpcClientProtocolClient.java:onNext(255)) - client-23C834B07313->edccc055-c3f5-47df-b30f-76e8836f4c59: receive RaftClientReply:client-23C834B07313->edccc055-c3f5-47df-b30f-76e8836f4c59@group-ED32739C8BBB, cid=2265, SUCCESS, logIndex=3348, commits[edccc055-c3f5-47df-b30f-76e8836f4c59:c3349, f9704f82-adf1-457c-ad29-9b573bc67fa6:c3346, 932806d8-5f5d-4457-8f95-c9b7f9036eae:c3343]
2019-08-07 03:27:24,338 INFO  client.GrpcClientProtocolClient (GrpcClientProtocolClient.java:onNext(255)) - client-23C834B07313->edccc055-c3f5-47df-b30f-76e8836f4c59: receive RaftClientReply:client-23C834B07313->edccc055-c3f5-47df-b30f-76e8836f4c59@group-ED32739C8BBB, cid=2266, SUCCESS, logIndex=3349, commits[edccc055-c3f5-47df-b30f-76e8836f4c59:c3349, f9704f82-adf1-457c-ad29-9b573bc67fa6:c3346, 932806d8-5f5d-4457-8f95-c9b7f9036eae:c3343]
2019-08-07 03:27:24,366 INFO  client.GrpcClientProtocolClient (GrpcClientProtocolClient.java:onNext(255)) - client-23C834B07313->edccc055-c3f5-47df-b30f-76e8836f4c59: receive RaftClientReply:client-23C834B07313->edccc055-c3f5-47df-b30f-76e8836f4c59@group-ED32739C8BBB, cid=2267, SUCCESS, logIndex=3352, commits[edccc055-c3f5-47df-b30f-76e8836f4c59:c3352, f9704f82-adf1-457c-ad29-9b573bc67fa6:c3349, 932806d8-5f5d-4457-8f95-c9b7f9036eae:c3349]
2019-08-07 03:27:24,366 INFO  client.GrpcClientProtocolClient (GrpcClientProtocolClient.java:onNext(255)) - client-23C834B07313->edccc055-c3f5-47df-b30f-76e8836f4c59: receive RaftClientReply:client-23C834B07313->edccc055-c3f5-47df-b30f-76e8836f4c59@group-ED32739C8BBB, cid=2268, SUCCESS, logIndex=3353, commits[edccc055-c3f5-47df-b30f-76e8836f4c59:c3353, f9704f82-adf1-457c-ad29-9b573bc67fa6:c3349, 932806d8-5f5d-4457-8f95-c9b7f9036eae:c3349]
2019-08-07 03:27:24,392 INFO  client.GrpcClientProtocolClient (GrpcClientProtocolClient.java:onNext(255)) - client-23C834B07313->edccc055-c3f5-47df-b30f-76e8836f4c59: receive RaftClientReply:client-23C834B07313->edccc055-c3f5-47df-b30f-76e8836f4c59@group-ED32739C8BBB, cid=2269, SUCCESS, logIndex=0, commits[edccc055-c3f5-47df-b30f-76e8836f4c59:c3355, f9704f82-adf1-457c-ad29-9b573bc67fa6:c3353, 932806d8-5f5d-4457-8f95-c9b7f9036eae:c3353]
2019-08-07 03:27:24,412 INFO  client.GrpcClientProtocolClient (GrpcClientProtocolClient.java:onNext(255)) - client-23C834B07313->edccc055-c3f5-47df-b30f-76e8836f4c59: receive RaftClientReply:client-23C834B07313->edccc055-c3f5-47df-b30f-76e8836f4c59@group-ED32739C8BBB, cid=2270, SUCCESS, logIndex=3356, commits[edccc055-c3f5-47df-b30f-76e8836f4c59:c3357, f9704f82-adf1-457c-ad29-9b573bc67fa6:c3353, 932806d8-5f5d-4457-8f95-c9b7f9036eae:c3355]
2019-08-07 03:27:24,412 INFO  client.GrpcClientProtocolClient (GrpcClientProtocolClient.java:onNext(255)) - client-23C834B07313->edccc055-c3f5-47df-b30f-76e8836f4c59: receive RaftClientReply:client-23C834B07313->edccc055-c3f5-47df-b30f-76e8836f4c59@group-ED32739C8BBB, cid=2271, SUCCESS, logIndex=3357, commits[edccc055-c3f5-47df-b30f-76e8836f4c59:c3357, f9704f82-adf1-457c-ad29-9b573bc67fa6:c3353, 932806d8-5f5d-4457-8f95-c9b7f9036eae:c3355]
2019-08-07 03:27:24,416 INFO  client.GrpcClientProtocolClient (GrpcClientProtocolClient.java:onNext(255)) - client-23C834B07313->edccc055-c3f5-47df-b30f-76e8836f4c59: receive RaftClientReply:client-23C834B07313->edccc055-c3f5-47df-b30f-76e8836f4c59@group-ED32739C8BBB, cid=2272, SUCCESS, logIndex=3358, commits[edccc055-c3f5-47df-b30f-76e8836f4c59:c3359, f9704f82-adf1-457c-ad29-9b573bc67fa6:c3355, 932806d8-5f5d-4457-8f95-c9b7f9036eae:c3355]
2019-08-07 03:27:24,416 INFO  client.GrpcClientProtocolClient (GrpcClientProtocolClient.java:onNext(255)) - client-23C834B07313->edccc055-c3f5-47df-b30f-76e8836f4c59: receive RaftClientReply:client-23C834B07313->edccc055-c3f5-47df-b30f-76e8836f4c59@group-ED32739C8BBB, cid=2273, SUCCESS, logIndex=3359, commits[edccc055-c3f5-47df-b30f-76e8836f4c59:c3359, f9704f82-adf1-457c-ad29-9b573bc67fa6:c3355, 932806d8-5f5d-4457-8f95-c9b7f9036eae:c3357]
2019-08-07 03:27:24,417 INFO  client.GrpcClientProtocolClient (GrpcClientProtocolClient.java:onNext(255)) - client-23C834B07313->edccc055-c3f5-47df-b30f-76e8836f4c59: receive RaftClientReply:client-23C834B07313->edccc055-c3f5-47df-b30f-76e8836f4c59@group-ED32739C8BBB, cid=2274, SUCCESS, logIndex=0, commits[edccc055-c3f5-47df-b30f-76e8836f4c59:c3361, f9704f82-adf1-457c-ad29-9b573bc67fa6:c3357, 932806d8-5f5d-4457-8f95-c9b7f9036eae:c3357]
 0.00% |█                                                                                                    |  0/1 Time: 0:00:202019-08-07 03:27:24,450 INFO  client.GrpcClientProtocolClient (GrpcClientProtocolClient.java:onNext(255)) - client-23C834B07313->edccc055-c3f5-47df-b30f-76e8836f4c59: receive RaftClientReply:client-23C834B07313->edccc055-c3f5-47df-b30f-76e8836f4c59@group-ED32739C8BBB, cid=2275, SUCCESS, logIndex=3364, commits[edccc055-c3f5-47df-b30f-76e8836f4c59:c3365, f9704f82-adf1-457c-ad29-9b573bc67fa6:c3363, 932806d8-5f5d-4457-8f95-c9b7f9036eae:c3363]
2019-08-07 03:27:24,451 INFO  client.GrpcClientProtocolClient (GrpcClientProtocolClient.java:onNext(255)) - client-23C834B07313->edccc055-c3f5-47df-b30f-76e8836f4c59: receive RaftClientReply:client-23C834B07313->edccc055-c3f5-47df-b30f-76e8836f4c59@group-ED32739C8BBB, cid=2276, SUCCESS, logIndex=3365, commits[edccc055-c3f5-47df-b30f-76e8836f4c59:c3365, f9704f82-adf1-457c-ad29-9b573bc67fa6:c3363, 932806d8-5f5d-4457-8f95-c9b7f9036eae:c3363]
2019-08-07 03:27:24,467 INFO  client.GrpcClientProtocolClient (GrpcClientProtocolClient.java:onNext(255)) - client-23C834B07313->edccc055-c3f5-47df-b30f-76e8836f4c59: receive RaftClientReply:client-23C834B07313->edccc055-c3f5-47df-b30f-76e8836f4c59@group-ED32739C8BBB, cid=2277, SUCCESS, logIndex=3368, commits[edccc055-c3f5-47df-b30f-76e8836f4c59:c3369, f9704f82-adf1-457c-ad29-9b573bc67fa6:c3366, 932806d8-5f5d-4457-8f95-c9b7f9036eae:c3366]
2019-08-07 03:27:24,468 INFO  client.GrpcClientProtocolClient (GrpcClientProtocolClient.java:onNext(255)) - client-23C834B07313->edccc055-c3f5-47df-b30f-76e8836f4c59: receive RaftClientReply:client-23C834B07313->edccc055-c3f5-47df-b30f-76e8836f4c59@group-ED32739C8BBB, cid=2278, SUCCESS, logIndex=3369, commits[edccc055-c3f5-47df-b30f-76e8836f4c59:c3369, f9704f82-adf1-457c-ad29-9b573bc67fa6:c3366, 932806d8-5f5d-4457-8f95-c9b7f9036eae:c3366]
2019-08-07 03:27:24,479 INFO  client.GrpcClientProtocolClient (GrpcClientProtocolClient.java:onNext(255)) - client-23C834B07313->edccc055-c3f5-47df-b30f-76e8836f4c59: receive RaftClientReply:client-23C834B07313->edccc055-c3f5-47df-b30f-76e8836f4c59@group-ED32739C8BBB, cid=2279, SUCCESS, logIndex=0, commits[edccc055-c3f5-47df-b30f-76e8836f4c59:c3371, f9704f82-adf1-457c-ad29-9b573bc67fa6:c3369, 932806d8-5f5d-4457-8f95-c9b7f9036eae:c3369]
2019-08-07 03:27:24,524 INFO  client.GrpcClientProtocolClient (GrpcClientProtocolClient.java:onNext(255)) - client-23C834B07313->edccc055-c3f5-47df-b30f-76e8836f4c59: receive RaftClientReply:client-23C834B07313->edccc055-c3f5-47df-b30f-76e8836f4c59@group-ED32739C8BBB, cid=2280, SUCCESS, logIndex=3372, commits[edccc055-c3f5-47df-b30f-76e8836f4c59:c3373, f9704f82-adf1-457c-ad29-9b573bc67fa6:c3371, 932806d8-5f5d-4457-8f95-c9b7f9036eae:c3371]
2019-08-07 03:27:24,524 INFO  client.GrpcClientProtocolClient (GrpcClientProtocolClient.java:onNext(255)) - client-23C834B07313->edccc055-c3f5-47df-b30f-76e8836f4c59: receive RaftClientReply:client-23C834B07313->edccc055-c3f5-47df-b30f-76e8836f4c59@group-ED32739C8BBB, cid=2281, SUCCESS, logIndex=3373, commits[edccc055-c3f5-47df-b30f-76e8836f4c59:c3373, f9704f82-adf1-457c-ad29-9b573bc67fa6:c3371, 932806d8-5f5d-4457-8f95-c9b7f9036eae:c3371]
2019-08-07 03:27:24,533 INFO  client.GrpcClientProtocolClient (GrpcClientProtocolClient.java:onNext(255)) - client-23C834B07313->edccc055-c3f5-47df-b30f-76e8836f4c59: receive RaftClientReply:client-23C834B07313->edccc055-c3f5-47df-b30f-76e8836f4c59@group-ED32739C8BBB, cid=2282, SUCCESS, logIndex=3374, commits[edccc055-c3f5-47df-b30f-76e8836f4c59:c3375, f9704f82-adf1-457c-ad29-9b573bc67fa6:c3371, 932806d8-5f5d-4457-8f95-c9b7f9036eae:c3371]
2019-08-07 03:27:24,533 INFO  client.GrpcClientProtocolClient (GrpcClientProtocolClient.java:onNext(255)) - client-23C834B07313->edccc055-c3f5-47df-b30f-76e8836f4c59: receive RaftClientReply:client-23C834B07313->edccc055-c3f5-47df-b30f-76e8836f4c59@group-ED32739C8BBB, cid=2283, SUCCESS, logIndex=3375, commits[edccc055-c3f5-47df-b30f-76e8836f4c59:c3375, f9704f82-adf1-457c-ad29-9b573bc67fa6:c3371, 932806d8-5f5d-4457-8f95-c9b7f9036eae:c3371]
2019-08-07 03:27:24,535 INFO  client.GrpcClientProtocolClient (GrpcClientProtocolClient.java:onNext(255)) - client-23C834B07313->edccc055-c3f5-47df-b30f-76e8836f4c59: receive RaftClientReply:client-23C834B07313->edccc055-c3f5-47df-b30f-76e8836f4c59@group-ED32739C8BBB, cid=2284, SUCCESS, logIndex=0, commits[edccc055-c3f5-47df-b30f-76e8836f4c59:c3377, f9704f82-adf1-457c-ad29-9b573bc67fa6:c3373, 932806d8-5f5d-4457-8f95-c9b7f9036eae:c3373]
2019-08-07 03:27:24,547 INFO  client.GrpcClientProtocolClient (GrpcClientProtocolClient.java:onNext(255)) - client-23C834B07313->edccc055-c3f5-47df-b30f-76e8836f4c59: receive RaftClientReply:client-23C834B07313->edccc055-c3f5-47df-b30f-76e8836f4c59@group-ED32739C8BBB, cid=2285, SUCCESS, logIndex=3380, commits[edccc055-c3f5-47df-b30f-76e8836f4c59:c3381, f9704f82-adf1-457c-ad29-9b573bc67fa6:c3377, 932806d8-5f5d-4457-8f95-c9b7f9036eae:c3375]
2019-08-07 03:27:24,547 INFO  client.GrpcClientProtocolClient (GrpcClientProtocolClient.java:onNext(255)) - client-23C834B07313->edccc055-c3f5-47df-b30f-76e8836f4c59: receive RaftClientReply:client-23C834B07313->edccc055-c3f5-47df-b30f-76e8836f4c59@group-ED32739C8BBB, cid=2286, SUCCESS, logIndex=3381, commits[edccc055-c3f5-47df-b30f-76e8836f4c59:c3381, f9704f82-adf1-457c-ad29-9b573bc67fa6:c3377, 932806d8-5f5d-4457-8f95-c9b7f9036eae:c3377]
2019-08-07 03:27:24,563 INFO  client.GrpcClientProtocolClient (GrpcClientProtocolClient.java:onNext(255)) - client-23C834B07313->edccc055-c3f5-47df-b30f-76e8836f4c59: receive RaftClientReply:client-23C834B07313->edccc055-c3f5-47df-b30f-76e8836f4c59@group-ED32739C8BBB, cid=2287, SUCCESS, logIndex=3384, commits[edccc055-c3f5-47df-b30f-76e8836f4c59:c3385, f9704f82-adf1-457c-ad29-9b573bc67fa6:c3381, 932806d8-5f5d-4457-8f95-c9b7f9036eae:c3382]
2019-08-07 03:27:24,564 INFO  client.GrpcClientProtocolClient (GrpcClientProtocolClient.java:onNext(255)) - client-23C834B07313->edccc055-c3f5-47df-b30f-76e8836f4c59: receive RaftClientReply:client-23C834B07313->edccc055-c3f5-47df-b30f-76e8836f4c59@group-ED32739C8BBB, cid=2288, SUCCESS, logIndex=3385, commits[edccc055-c3f5-47df-b30f-76e8836f4c59:c3385, f9704f82-adf1-457c-ad29-9b573bc67fa6:c3382, 932806d8-5f5d-4457-8f95-c9b7f9036eae:c3382]
2019-08-07 03:27:24,566 INFO  client.GrpcClientProtocolClient (GrpcClientProtocolClient.java:onNext(255)) - client-23C834B07313->edccc055-c3f5-47df-b30f-76e8836f4c59: receive RaftClientReply:client-23C834B07313->edccc055-c3f5-47df-b30f-76e8836f4c59@group-ED32739C8BBB, cid=2289, SUCCESS, logIndex=0, commits[edccc055-c3f5-47df-b30f-76e8836f4c59:c3386, f9704f82-adf1-457c-ad29-9b573bc67fa6:c3385, 932806d8-5f5d-4457-8f95-c9b7f9036eae:c3385]
2019-08-07 03:27:24,595 INFO  client.GrpcClientProtocolClient (GrpcClientProtocolClient.java:onNext(255)) - client-23C834B07313->edccc055-c3f5-47df-b30f-76e8836f4c59: receive RaftClientReply:client-23C834B07313->edccc055-c3f5-47df-b30f-76e8836f4c59@group-ED32739C8BBB, cid=2290, SUCCESS, logIndex=3388, commits[edccc055-c3f5-47df-b30f-76e8836f4c59:c3389, f9704f82-adf1-457c-ad29-9b573bc67fa6:c3387, 932806d8-5f5d-4457-8f95-c9b7f9036eae:c3387]
2019-08-07 03:27:24,596 INFO  client.GrpcClientProtocolClient (GrpcClientProtocolClient.java:onNext(255)) - client-23C834B07313->edccc055-c3f5-47df-b30f-76e8836f4c59: receive RaftClientReply:client-23C834B07313->edccc055-c3f5-47df-b30f-76e8836f4c59@group-ED32739C8BBB, cid=2291, SUCCESS, logIndex=3389, commits[edccc055-c3f5-47df-b30f-76e8836f4c59:c3389, f9704f82-adf1-457c-ad29-9b573bc67fa6:c3387, 932806d8-5f5d-4457-8f95-c9b7f9036eae:c3387]
2019-08-07 03:27:24,607 INFO  client.GrpcClientProtocolClient (GrpcClientProtocolClient.java:onNext(255)) - client-23C834B07313->edccc055-c3f5-47df-b30f-76e8836f4c59: receive RaftClientReply:client-23C834B07313->edccc055-c3f5-47df-b30f-76e8836f4c59@group-ED32739C8BBB, cid=2292, SUCCESS, logIndex=3390, commits[edccc055-c3f5-47df-b30f-76e8836f4c59:c3391, f9704f82-adf1-457c-ad29-9b573bc67fa6:c3387, 932806d8-5f5d-4457-8f95-c9b7f9036eae:c3387]
2019-08-07 03:27:24,607 INFO  client.GrpcClientProtocolClient (GrpcClientProtocolClient.java:onNext(255)) - client-23C834B07313->edccc055-c3f5-47df-b30f-76e8836f4c59: receive RaftClientReply:client-23C834B07313->edccc055-c3f5-47df-b30f-76e8836f4c59@group-ED32739C8BBB, cid=2293, SUCCESS, logIndex=3391, commits[edccc055-c3f5-47df-b30f-76e8836f4c59:c3391, f9704f82-adf1-457c-ad29-9b573bc67fa6:c3387, 932806d8-5f5d-4457-8f95-c9b7f9036eae:c3387]
2019-08-07 03:27:24,608 INFO  client.GrpcClientProtocolClient (GrpcClientProtocolClient.java:onNext(255)) - client-23C834B07313->edccc055-c3f5-47df-b30f-76e8836f4c59: receive RaftClientReply:client-23C834B07313->edccc055-c3f5-47df-b30f-76e8836f4c59@group-ED32739C8BBB, cid=2294, SUCCESS, logIndex=0, commits[edccc055-c3f5-47df-b30f-76e8836f4c59:c3393, f9704f82-adf1-457c-ad29-9b573bc67fa6:c3389, 932806d8-5f5d-4457-8f95-c9b7f9036eae:c3389]
2019-08-07 03:27:24,628 INFO  client.GrpcClientProtocolClient (GrpcClientProtocolClient.java:onNext(255)) - client-23C834B07313->edccc055-c3f5-47df-b30f-76e8836f4c59: receive RaftClientReply:client-23C834B07313->edccc055-c3f5-47df-b30f-76e8836f4c59@group-ED32739C8BBB, cid=2295, SUCCESS, logIndex=3396, commits[edccc055-c3f5-47df-b30f-76e8836f4c59:c3396, f9704f82-adf1-457c-ad29-9b573bc67fa6:c3395, 932806d8-5f5d-4457-8f95-c9b7f9036eae:c3395]
2019-08-07 03:27:24,628 INFO  client.GrpcClientProtocolClient (GrpcClientProtocolClient.java:onNext(255)) - client-23C834B07313->edccc055-c3f5-47df-b30f-76e8836f4c59: receive RaftClientReply:client-23C834B07313->edccc055-c3f5-47df-b30f-76e8836f4c59@group-ED32739C8BBB, cid=2296, SUCCESS, logIndex=3397, commits[edccc055-c3f5-47df-b30f-76e8836f4c59:c3397, f9704f82-adf1-457c-ad29-9b573bc67fa6:c3395, 932806d8-5f5d-4457-8f95-c9b7f9036eae:c3395]
2019-08-07 03:27:24,653 INFO  client.GrpcClientProtocolClient (GrpcClientProtocolClient.java:onNext(255)) - client-23C834B07313->edccc055-c3f5-47df-b30f-76e8836f4c59: receive RaftClientReply:client-23C834B07313->edccc055-c3f5-47df-b30f-76e8836f4c59@group-ED32739C8BBB, cid=2297, SUCCESS, logIndex=3400, commits[edccc055-c3f5-47df-b30f-76e8836f4c59:c3401, f9704f82-adf1-457c-ad29-9b573bc67fa6:c3397, 932806d8-5f5d-4457-8f95-c9b7f9036eae:c3397]
2019-08-07 03:27:24,654 INFO  client.GrpcClientProtocolClient (GrpcClientProtocolClient.java:onNext(255)) - client-23C834B07313->edccc055-c3f5-47df-b30f-76e8836f4c59: receive RaftClientReply:client-23C834B07313->edccc055-c3f5-47df-b30f-76e8836f4c59@group-ED32739C8BBB, cid=2298, SUCCESS, logIndex=3401, commits[edccc055-c3f5-47df-b30f-76e8836f4c59:c3401, f9704f82-adf1-457c-ad29-9b573bc67fa6:c3397, 932806d8-5f5d-4457-8f95-c9b7f9036eae:c3397]
2019-08-07 03:27:24,680 INFO  client.GrpcClientProtocolClient (GrpcClientProtocolClient.java:onNext(255)) - client-23C834B07313->edccc055-c3f5-47df-b30f-76e8836f4c59: receive RaftClientReply:client-23C834B07313->edccc055-c3f5-47df-b30f-76e8836f4c59@group-ED32739C8BBB, cid=2299, SUCCESS, logIndex=0, commits[edccc055-c3f5-47df-b30f-76e8836f4c59:c3402, f9704f82-adf1-457c-ad29-9b573bc67fa6:c3401, 932806d8-5f5d-4457-8f95-c9b7f9036eae:c3401]
2019-08-07 03:27:24,703 INFO  client.GrpcClientProtocolClient (GrpcClientProtocolClient.java:onNext(255)) - client-23C834B07313->edccc055-c3f5-47df-b30f-76e8836f4c59: receive RaftClientReply:client-23C834B07313->edccc055-c3f5-47df-b30f-76e8836f4c59@group-ED32739C8BBB, cid=2300, SUCCESS, logIndex=3404, commits[edccc055-c3f5-47df-b30f-76e8836f4c59:c3405, f9704f82-adf1-457c-ad29-9b573bc67fa6:c3403, 932806d8-5f5d-4457-8f95-c9b7f9036eae:c3403]
2019-08-07 03:27:24,704 INFO  client.GrpcClientProtocolClient (GrpcClientProtocolClient.java:onNext(255)) - client-23C834B07313->edccc055-c3f5-47df-b30f-76e8836f4c59: receive RaftClientReply:client-23C834B07313->edccc055-c3f5-47df-b30f-76e8836f4c59@group-ED32739C8BBB, cid=2301, SUCCESS, logIndex=3405, commits[edccc055-c3f5-47df-b30f-76e8836f4c59:c3407, f9704f82-adf1-457c-ad29-9b573bc67fa6:c3403, 932806d8-5f5d-4457-8f95-c9b7f9036eae:c3403]
2019-08-07 03:27:24,704 INFO  client.GrpcClientProtocolClient (GrpcClientProtocolClient.java:onNext(255)) - client-23C834B07313->edccc055-c3f5-47df-b30f-76e8836f4c59: receive RaftClientReply:client-23C834B07313->edccc055-c3f5-47df-b30f-76e8836f4c59@group-ED32739C8BBB, cid=2302, SUCCESS, logIndex=3406, commits[edccc055-c3f5-47df-b30f-76e8836f4c59:c3407, f9704f82-adf1-457c-ad29-9b573bc67fa6:c3403, 932806d8-5f5d-4457-8f95-c9b7f9036eae:c3403]
2019-08-07 03:27:24,704 INFO  client.GrpcClientProtocolClient (GrpcClientProtocolClient.java:onNext(255)) - client-23C834B07313->edccc055-c3f5-47df-b30f-76e8836f4c59: receive RaftClientReply:client-23C834B07313->edccc055-c3f5-47df-b30f-76e8836f4c59@group-ED32739C8BBB, cid=2303, SUCCESS, logIndex=3407, commits[edccc055-c3f5-47df-b30f-76e8836f4c59:c3407, f9704f82-adf1-457c-ad29-9b573bc67fa6:c3403, 932806d8-5f5d-4457-8f95-c9b7f9036eae:c3403]
2019-08-07 03:27:24,716 INFO  client.GrpcClientProtocolClient (GrpcClientProtocolClient.java:onNext(255)) - client-23C834B07313->edccc055-c3f5-47df-b30f-76e8836f4c59: receive RaftClientReply:client-23C834B07313->edccc055-c3f5-47df-b30f-76e8836f4c59@group-ED32739C8BBB, cid=2304, SUCCESS, logIndex=0, commits[edccc055-c3f5-47df-b30f-76e8836f4c59:c3409, f9704f82-adf1-457c-ad29-9b573bc67fa6:c3405, 932806d8-5f5d-4457-8f95-c9b7f9036eae:c3405]
2019-08-07 03:27:24,733 INFO  client.GrpcClientProtocolClient (GrpcClientProtocolClient.java:onNext(255)) - client-23C834B07313->edccc055-c3f5-47df-b30f-76e8836f4c59: receive RaftClientReply:client-23C834B07313->edccc055-c3f5-47df-b30f-76e8836f4c59@group-ED32739C8BBB, cid=2305, SUCCESS, logIndex=3411, commits[edccc055-c3f5-47df-b30f-76e8836f4c59:c3412, f9704f82-adf1-457c-ad29-9b573bc67fa6:c3410, 932806d8-5f5d-4457-8f95-c9b7f9036eae:c3407]
2019-08-07 03:27:24,734 INFO  client.GrpcClientProtocolClient (GrpcClientProtocolClient.java:onNext(255)) - client-23C834B07313->edccc055-c3f5-47df-b30f-76e8836f4c59: receive RaftClientReply:client-23C834B07313->edccc055-c3f5-47df-b30f-76e8836f4c59@group-ED32739C8BBB, cid=2306, SUCCESS, logIndex=3412, commits[edccc055-c3f5-47df-b30f-76e8836f4c59:c3412, f9704f82-adf1-457c-ad29-9b573bc67fa6:c3410, 932806d8-5f5d-4457-8f95-c9b7f9036eae:c3410]
2019-08-07 03:27:24,752 INFO  client.GrpcClientProtocolClient (GrpcClientProtocolClient.java:onNext(255)) - client-23C834B07313->edccc055-c3f5-47df-b30f-76e8836f4c59: receive RaftClientReply:client-23C834B07313->edccc055-c3f5-47df-b30f-76e8836f4c59@group-ED32739C8BBB, cid=2307, SUCCESS, logIndex=3414, commits[edccc055-c3f5-47df-b30f-76e8836f4c59:c3415, f9704f82-adf1-457c-ad29-9b573bc67fa6:c3413, 932806d8-5f5d-4457-8f95-c9b7f9036eae:c3413]
2019-08-07 03:27:24,753 INFO  client.GrpcClientProtocolClient (GrpcClientProtocolClient.java:onNext(255)) - client-23C834B07313->edccc055-c3f5-47df-b30f-76e8836f4c59: receive RaftClientReply:client-23C834B07313->edccc055-c3f5-47df-b30f-76e8836f4c59@group-ED32739C8BBB, cid=2308, SUCCESS, logIndex=3415, commits[edccc055-c3f5-47df-b30f-76e8836f4c59:c3415, f9704f82-adf1-457c-ad29-9b573bc67fa6:c3413, 932806d8-5f5d-4457-8f95-c9b7f9036eae:c3413]
2019-08-07 03:27:24,767 INFO  client.GrpcClientProtocolClient (GrpcClientProtocolClient.java:onNext(255)) - client-23C834B07313->edccc055-c3f5-47df-b30f-76e8836f4c59: receive RaftClientReply:client-23C834B07313->edccc055-c3f5-47df-b30f-76e8836f4c59@group-ED32739C8BBB, cid=2309, SUCCESS, logIndex=0, commits[edccc055-c3f5-47df-b30f-76e8836f4c59:c3417, f9704f82-adf1-457c-ad29-9b573bc67fa6:c3415, 932806d8-5f5d-4457-8f95-c9b7f9036eae:c3415]
2019-08-07 03:27:24,796 INFO  client.GrpcClientProtocolClient (GrpcClientProtocolClient.java:onNext(255)) - client-23C834B07313->edccc055-c3f5-47df-b30f-76e8836f4c59: receive RaftClientReply:client-23C834B07313->edccc055-c3f5-47df-b30f-76e8836f4c59@group-ED32739C8BBB, cid=2310, SUCCESS, logIndex=3418, commits[edccc055-c3f5-47df-b30f-76e8836f4c59:c3419, f9704f82-adf1-457c-ad29-9b573bc67fa6:c3417, 932806d8-5f5d-4457-8f95-c9b7f9036eae:c3417]
2019-08-07 03:27:24,796 INFO  client.GrpcClientProtocolClient (GrpcClientProtocolClient.java:onNext(255)) - client-23C834B07313->edccc055-c3f5-47df-b30f-76e8836f4c59: receive RaftClientReply:client-23C834B07313->edccc055-c3f5-47df-b30f-76e8836f4c59@group-ED32739C8BBB, cid=2311, SUCCESS, logIndex=3419, commits[edccc055-c3f5-47df-b30f-76e8836f4c59:c3419, f9704f82-adf1-457c-ad29-9b573bc67fa6:c3417, 932806d8-5f5d-4457-8f95-c9b7f9036eae:c3417]
2019-08-07 03:27:24,797 INFO  client.GrpcClientProtocolClient (GrpcClientProtocolClient.java:onNext(255)) - client-23C834B07313->edccc055-c3f5-47df-b30f-76e8836f4c59: receive RaftClientReply:client-23C834B07313->edccc055-c3f5-47df-b30f-76e8836f4c59@group-ED32739C8BBB, cid=2312, SUCCESS, logIndex=3420, commits[edccc055-c3f5-47df-b30f-76e8836f4c59:c3421, f9704f82-adf1-457c-ad29-9b573bc67fa6:c3417, 932806d8-5f5d-4457-8f95-c9b7f9036eae:c3417]
2019-08-07 03:27:24,797 INFO  client.GrpcClientProtocolClient (GrpcClientProtocolClient.java:onNext(255)) - client-23C834B07313->edccc055-c3f5-47df-b30f-76e8836f4c59: receive RaftClientReply:client-23C834B07313->edccc055-c3f5-47df-b30f-76e8836f4c59@group-ED32739C8BBB, cid=2313, SUCCESS, logIndex=3421, commits[edccc055-c3f5-47df-b30f-76e8836f4c59:c3421, f9704f82-adf1-457c-ad29-9b573bc67fa6:c3417, 932806d8-5f5d-4457-8f95-c9b7f9036eae:c3417]
2019-08-07 03:27:24,810 INFO  client.GrpcClientProtocolClient (GrpcClientProtocolClient.java:onNext(255)) - client-23C834B07313->edccc055-c3f5-47df-b30f-76e8836f4c59: receive RaftClientReply:client-23C834B07313->edccc055-c3f5-47df-b30f-76e8836f4c59@group-ED32739C8BBB, cid=2314, SUCCESS, logIndex=0, commits[edccc055-c3f5-47df-b30f-76e8836f4c59:c3423, f9704f82-adf1-457c-ad29-9b573bc67fa6:c3419, 932806d8-5f5d-4457-8f95-c9b7f9036eae:c3419]
2019-08-07 03:27:24,935 INFO  client.GrpcClientProtocolClient (GrpcClientProtocolClient.java:onNext(255)) - client-23C834B07313->edccc055-c3f5-47df-b30f-76e8836f4c59: receive RaftClientReply:client-23C834B07313->edccc055-c3f5-47df-b30f-76e8836f4c59@group-ED32739C8BBB, cid=2315, SUCCESS, logIndex=3426, commits[edccc055-c3f5-47df-b30f-76e8836f4c59:c3427, f9704f82-adf1-457c-ad29-9b573bc67fa6:c3425, 932806d8-5f5d-4457-8f95-c9b7f9036eae:c3425]
2019-08-07 03:27:24,936 INFO  client.GrpcClientProtocolClient (GrpcClientProtocolClient.java:onNext(255)) - client-23C834B07313->edccc055-c3f5-47df-b30f-76e8836f4c59: receive RaftClientReply:client-23C834B07313->edccc055-c3f5-47df-b30f-76e8836f4c59@group-ED32739C8BBB, cid=2316, SUCCESS, logIndex=3427, commits[edccc055-c3f5-47df-b30f-76e8836f4c59:c3427, f9704f82-adf1-457c-ad29-9b573bc67fa6:c3425, 932806d8-5f5d-4457-8f95-c9b7f9036eae:c3425]
2019-08-07 03:27:24,956 INFO  client.GrpcClientProtocolClient (GrpcClientProtocolClient.java:onNext(255)) - client-23C834B07313->edccc055-c3f5-47df-b30f-76e8836f4c59: receive RaftClientReply:client-23C834B07313->edccc055-c3f5-47df-b30f-76e8836f4c59@group-ED32739C8BBB, cid=2317, SUCCESS, logIndex=3430, commits[edccc055-c3f5-47df-b30f-76e8836f4c59:c3431, f9704f82-adf1-457c-ad29-9b573bc67fa6:c3427, 932806d8-5f5d-4457-8f95-c9b7f9036eae:c3427]
2019-08-07 03:27:24,956 INFO  client.GrpcClientProtocolClient (GrpcClientProtocolClient.java:onNext(255)) - client-23C834B07313->edccc055-c3f5-47df-b30f-76e8836f4c59: receive RaftClientReply:client-23C834B07313->edccc055-c3f5-47df-b30f-76e8836f4c59@group-ED32739C8BBB, cid=2318, SUCCESS, logIndex=3431, commits[edccc055-c3f5-47df-b30f-76e8836f4c59:c3431, f9704f82-adf1-457c-ad29-9b573bc67fa6:c3427, 932806d8-5f5d-4457-8f95-c9b7f9036eae:c3427]
2019-08-07 03:27:24,981 INFO  client.GrpcClientProtocolClient (GrpcClientProtocolClient.java:onNext(255)) - client-23C834B07313->edccc055-c3f5-47df-b30f-76e8836f4c59: receive RaftClientReply:client-23C834B07313->edccc055-c3f5-47df-b30f-76e8836f4c59@group-ED32739C8BBB, cid=2319, SUCCESS, logIndex=0, commits[edccc055-c3f5-47df-b30f-76e8836f4c59:c3432, f9704f82-adf1-457c-ad29-9b573bc67fa6:c3431, 932806d8-5f5d-4457-8f95-c9b7f9036eae:c3431]
2019-08-07 03:27:25,015 INFO  client.GrpcClientProtocolClient (GrpcClientProtocolClient.java:onNext(255)) - client-23C834B07313->edccc055-c3f5-47df-b30f-76e8836f4c59: receive RaftClientReply:client-23C834B07313->edccc055-c3f5-47df-b30f-76e8836f4c59@group-ED32739C8BBB, cid=2320, SUCCESS, logIndex=3434, commits[edccc055-c3f5-47df-b30f-76e8836f4c59:c3435, f9704f82-adf1-457c-ad29-9b573bc67fa6:c3433, 932806d8-5f5d-4457-8f95-c9b7f9036eae:c3433]
2019-08-07 03:27:25,016 INFO  client.GrpcClientProtocolClient (GrpcClientProtocolClient.java:onNext(255)) - client-23C834B07313->edccc055-c3f5-47df-b30f-76e8836f4c59: receive RaftClientReply:client-23C834B07313->edccc055-c3f5-47df-b30f-76e8836f4c59@group-ED32739C8BBB, cid=2321, SUCCESS, logIndex=3435, commits[edccc055-c3f5-47df-b30f-76e8836f4c59:c3435, f9704f82-adf1-457c-ad29-9b573bc67fa6:c3433, 932806d8-5f5d-4457-8f95-c9b7f9036eae:c3433]
2019-08-07 03:27:25,026 INFO  client.GrpcClientProtocolClient (GrpcClientProtocolClient.java:onNext(255)) - client-23C834B07313->edccc055-c3f5-47df-b30f-76e8836f4c59: receive RaftClientReply:client-23C834B07313->edccc055-c3f5-47df-b30f-76e8836f4c59@group-ED32739C8BBB, cid=2322, SUCCESS, logIndex=3436, commits[edccc055-c3f5-47df-b30f-76e8836f4c59:c3437, f9704f82-adf1-457c-ad29-9b573bc67fa6:c3433, 932806d8-5f5d-4457-8f95-c9b7f9036eae:c3433]
2019-08-07 03:27:25,027 INFO  client.GrpcClientProtocolClient (GrpcClientProtocolClient.java:onNext(255)) - client-23C834B07313->edccc055-c3f5-47df-b30f-76e8836f4c59: receive RaftClientReply:client-23C834B07313->edccc055-c3f5-47df-b30f-76e8836f4c59@group-ED32739C8BBB, cid=2323, SUCCESS, logIndex=3437, commits[edccc055-c3f5-47df-b30f-76e8836f4c59:c3437, f9704f82-adf1-457c-ad29-9b573bc67fa6:c3433, 932806d8-5f5d-4457-8f95-c9b7f9036eae:c3433]
2019-08-07 03:27:25,029 INFO  client.GrpcClientProtocolClient (GrpcClientProtocolClient.java:onNext(255)) - client-23C834B07313->edccc055-c3f5-47df-b30f-76e8836f4c59: receive RaftClientReply:client-23C834B07313->edccc055-c3f5-47df-b30f-76e8836f4c59@group-ED32739C8BBB, cid=2324, SUCCESS, logIndex=0, commits[edccc055-c3f5-47df-b30f-76e8836f4c59:c3439, f9704f82-adf1-457c-ad29-9b573bc67fa6:c3435, 932806d8-5f5d-4457-8f95-c9b7f9036eae:c3435]
2019-08-07 03:27:25,056 INFO  client.GrpcClientProtocolClient (GrpcClientProtocolClient.java:onNext(255)) - client-23C834B07313->edccc055-c3f5-47df-b30f-76e8836f4c59: receive RaftClientReply:client-23C834B07313->edccc055-c3f5-47df-b30f-76e8836f4c59@group-ED32739C8BBB, cid=2325, SUCCESS, logIndex=3442, commits[edccc055-c3f5-47df-b30f-76e8836f4c59:c3443, f9704f82-adf1-457c-ad29-9b573bc67fa6:c3439, 932806d8-5f5d-4457-8f95-c9b7f9036eae:c3439]
2019-08-07 03:27:25,057 INFO  client.GrpcClientProtocolClient (GrpcClientProtocolClient.java:onNext(255)) - client-23C834B07313->edccc055-c3f5-47df-b30f-76e8836f4c59: receive RaftClientReply:client-23C834B07313->edccc055-c3f5-47df-b30f-76e8836f4c59@group-ED32739C8BBB, cid=2326, SUCCESS, logIndex=3443, commits[edccc055-c3f5-47df-b30f-76e8836f4c59:c3443, f9704f82-adf1-457c-ad29-9b573bc67fa6:c3439, 932806d8-5f5d-4457-8f95-c9b7f9036eae:c3439]
2019-08-07 03:27:25,083 INFO  client.GrpcClientProtocolClient (GrpcClientProtocolClient.java:onNext(255)) - client-23C834B07313->edccc055-c3f5-47df-b30f-76e8836f4c59: receive RaftClientReply:client-23C834B07313->edccc055-c3f5-47df-b30f-76e8836f4c59@group-ED32739C8BBB, cid=2327, SUCCESS, logIndex=3446, commits[edccc055-c3f5-47df-b30f-76e8836f4c59:c3447, f9704f82-adf1-457c-ad29-9b573bc67fa6:c3443, 932806d8-5f5d-4457-8f95-c9b7f9036eae:c3443]
2019-08-07 03:27:25,083 INFO  client.GrpcClientProtocolClient (GrpcClientProtocolClient.java:onNext(255)) - client-23C834B07313->edccc055-c3f5-47df-b30f-76e8836f4c59: receive RaftClientReply:client-23C834B07313->edccc055-c3f5-47df-b30f-76e8836f4c59@group-ED32739C8BBB, cid=2328, SUCCESS, logIndex=3447, commits[edccc055-c3f5-47df-b30f-76e8836f4c59:c3447, f9704f82-adf1-457c-ad29-9b573bc67fa6:c3443, 932806d8-5f5d-4457-8f95-c9b7f9036eae:c3443]
2019-08-07 03:27:25,109 INFO  client.GrpcClientProtocolClient (GrpcClientProtocolClient.java:onNext(255)) - client-23C834B07313->edccc055-c3f5-47df-b30f-76e8836f4c59: receive RaftClientReply:client-23C834B07313->edccc055-c3f5-47df-b30f-76e8836f4c59@group-ED32739C8BBB, cid=2329, SUCCESS, logIndex=0, commits[edccc055-c3f5-47df-b30f-76e8836f4c59:c3449, f9704f82-adf1-457c-ad29-9b573bc67fa6:c3447, 932806d8-5f5d-4457-8f95-c9b7f9036eae:c3447]
2019-08-07 03:27:25,146 INFO  client.GrpcClientProtocolClient (GrpcClientProtocolClient.java:onNext(255)) - client-23C834B07313->edccc055-c3f5-47df-b30f-76e8836f4c59: receive RaftClientReply:client-23C834B07313->edccc055-c3f5-47df-b30f-76e8836f4c59@group-ED32739C8BBB, cid=2330, SUCCESS, logIndex=3450, commits[edccc055-c3f5-47df-b30f-76e8836f4c59:c3451, f9704f82-adf1-457c-ad29-9b573bc67fa6:c3449, 932806d8-5f5d-4457-8f95-c9b7f9036eae:c3449]
2019-08-07 03:27:25,147 INFO  client.GrpcClientProtocolClient (GrpcClientProtocolClient.java:onNext(255)) - client-23C834B07313->edccc055-c3f5-47df-b30f-76e8836f4c59: receive RaftClientReply:client-23C834B07313->edccc055-c3f5-47df-b30f-76e8836f4c59@group-ED32739C8BBB, cid=2331, SUCCESS, logIndex=3451, commits[edccc055-c3f5-47df-b30f-76e8836f4c59:c3451, f9704f82-adf1-457c-ad29-9b573bc67fa6:c3449, 932806d8-5f5d-4457-8f95-c9b7f9036eae:c3449]
2019-08-07 03:27:25,157 INFO  client.GrpcClientProtocolClient (GrpcClientProtocolClient.java:onNext(255)) - client-23C834B07313->edccc055-c3f5-47df-b30f-76e8836f4c59: receive RaftClientReply:client-23C834B07313->edccc055-c3f5-47df-b30f-76e8836f4c59@group-ED32739C8BBB, cid=2332, SUCCESS, logIndex=3452, commits[edccc055-c3f5-47df-b30f-76e8836f4c59:c3453, f9704f82-adf1-457c-ad29-9b573bc67fa6:c3449, 932806d8-5f5d-4457-8f95-c9b7f9036eae:c3449]
2019-08-07 03:27:25,158 INFO  client.GrpcClientProtocolClient (GrpcClientProtocolClient.java:onNext(255)) - client-23C834B07313->edccc055-c3f5-47df-b30f-76e8836f4c59: receive RaftClientReply:client-23C834B07313->edccc055-c3f5-47df-b30f-76e8836f4c59@group-ED32739C8BBB, cid=2333, SUCCESS, logIndex=3453, commits[edccc055-c3f5-47df-b30f-76e8836f4c59:c3453, f9704f82-adf1-457c-ad29-9b573bc67fa6:c3449, 932806d8-5f5d-4457-8f95-c9b7f9036eae:c3449]
2019-08-07 03:27:25,161 INFO  client.GrpcClientProtocolClient (GrpcClientProtocolClient.java:onNext(255)) - client-23C834B07313->edccc055-c3f5-47df-b30f-76e8836f4c59: receive RaftClientReply:client-23C834B07313->edccc055-c3f5-47df-b30f-76e8836f4c59@group-ED32739C8BBB, cid=2334, SUCCESS, logIndex=0, commits[edccc055-c3f5-47df-b30f-76e8836f4c59:c3455, f9704f82-adf1-457c-ad29-9b573bc67fa6:c3452, 932806d8-5f5d-4457-8f95-c9b7f9036eae:c3451]
2019-08-07 03:27:25,175 INFO  client.GrpcClientProtocolClient (GrpcClientProtocolClient.java:onNext(255)) - client-23C834B07313->edccc055-c3f5-47df-b30f-76e8836f4c59: receive RaftClientReply:client-23C834B07313->edccc055-c3f5-47df-b30f-76e8836f4c59@group-ED32739C8BBB, cid=2335, SUCCESS, logIndex=3458, commits[edccc055-c3f5-47df-b30f-76e8836f4c59:c3459, f9704f82-adf1-457c-ad29-9b573bc67fa6:c3457, 932806d8-5f5d-4457-8f95-c9b7f9036eae:c3457]
2019-08-07 03:27:25,175 INFO  client.GrpcClientProtocolClient (GrpcClientProtocolClient.java:onNext(255)) - client-23C834B07313->edccc055-c3f5-47df-b30f-76e8836f4c59: receive RaftClientReply:client-23C834B07313->edccc055-c3f5-47df-b30f-76e8836f4c59@group-ED32739C8BBB, cid=2336, SUCCESS, logIndex=3459, commits[edccc055-c3f5-47df-b30f-76e8836f4c59:c3459, f9704f82-adf1-457c-ad29-9b573bc67fa6:c3457, 932806d8-5f5d-4457-8f95-c9b7f9036eae:c3457]
2019-08-07 03:27:25,211 INFO  client.GrpcClientProtocolClient (GrpcClientProtocolClient.java:onNext(255)) - client-23C834B07313->edccc055-c3f5-47df-b30f-76e8836f4c59: receive RaftClientReply:client-23C834B07313->edccc055-c3f5-47df-b30f-76e8836f4c59@group-ED32739C8BBB, cid=2337, SUCCESS, logIndex=3462, commits[edccc055-c3f5-47df-b30f-76e8836f4c59:c3463, f9704f82-adf1-457c-ad29-9b573bc67fa6:c3461, 932806d8-5f5d-4457-8f95-c9b7f9036eae:c3461]
2019-08-07 03:27:25,211 INFO  client.GrpcClientProtocolClient (GrpcClientProtocolClient.java:onNext(255)) - client-23C834B07313->edccc055-c3f5-47df-b30f-76e8836f4c59: receive RaftClientReply:client-23C834B07313->edccc055-c3f5-47df-b30f-76e8836f4c59@group-ED32739C8BBB, cid=2338, SUCCESS, logIndex=3463, commits[edccc055-c3f5-47df-b30f-76e8836f4c59:c3463, f9704f82-adf1-457c-ad29-9b573bc67fa6:c3461, 932806d8-5f5d-4457-8f95-c9b7f9036eae:c3461]
2019-08-07 03:27:25,213 INFO  client.GrpcClientProtocolClient (GrpcClientProtocolClient.java:onNext(255)) - client-23C834B07313->edccc055-c3f5-47df-b30f-76e8836f4c59: receive RaftClientReply:client-23C834B07313->edccc055-c3f5-47df-b30f-76e8836f4c59@group-ED32739C8BBB, cid=2339, SUCCESS, logIndex=0, commits[edccc055-c3f5-47df-b30f-76e8836f4c59:c3464, f9704f82-adf1-457c-ad29-9b573bc67fa6:c3463, 932806d8-5f5d-4457-8f95-c9b7f9036eae:c3463]
2019-08-07 03:27:25,244 INFO  client.GrpcClientProtocolClient (GrpcClientProtocolClient.java:onNext(255)) - client-23C834B07313->edccc055-c3f5-47df-b30f-76e8836f4c59: receive RaftClientReply:client-23C834B07313->edccc055-c3f5-47df-b30f-76e8836f4c59@group-ED32739C8BBB, cid=2340, SUCCESS, logIndex=3465, commits[edccc055-c3f5-47df-b30f-76e8836f4c59:c3466, f9704f82-adf1-457c-ad29-9b573bc67fa6:c3464, 932806d8-5f5d-4457-8f95-c9b7f9036eae:c3464]
2019-08-07 03:27:25,245 INFO  client.GrpcClientProtocolClient (GrpcClientProtocolClient.java:onNext(255)) - client-23C834B07313->edccc055-c3f5-47df-b30f-76e8836f4c59: receive RaftClientReply:client-23C834B07313->edccc055-c3f5-47df-b30f-76e8836f4c59@group-ED32739C8BBB, cid=2341, SUCCESS, logIndex=3466, commits[edccc055-c3f5-47df-b30f-76e8836f4c59:c3467, f9704f82-adf1-457c-ad29-9b573bc67fa6:c3464, 932806d8-5f5d-4457-8f95-c9b7f9036eae:c3464]
2019-08-07 03:27:25,245 INFO  client.GrpcClientProtocolClient (GrpcClientProtocolClient.java:onNext(255)) - client-23C834B07313->edccc055-c3f5-47df-b30f-76e8836f4c59: receive RaftClientReply:client-23C834B07313->edccc055-c3f5-47df-b30f-76e8836f4c59@group-ED32739C8BBB, cid=2342, SUCCESS, logIndex=3467, commits[edccc055-c3f5-47df-b30f-76e8836f4c59:c3467, f9704f82-adf1-457c-ad29-9b573bc67fa6:c3464, 932806d8-5f5d-4457-8f95-c9b7f9036eae:c3464]
2019-08-07 03:27:25,246 INFO  client.GrpcClientProtocolClient (GrpcClientProtocolClient.java:onNext(255)) - client-23C834B07313->edccc055-c3f5-47df-b30f-76e8836f4c59: receive RaftClientReply:client-23C834B07313->edccc055-c3f5-47df-b30f-76e8836f4c59@group-ED32739C8BBB, cid=2343, SUCCESS, logIndex=3468, commits[edccc055-c3f5-47df-b30f-76e8836f4c59:c3468, f9704f82-adf1-457c-ad29-9b573bc67fa6:c3464, 932806d8-5f5d-4457-8f95-c9b7f9036eae:c3464]
2019-08-07 03:27:25,259 INFO  client.GrpcClientProtocolClient (GrpcClientProtocolClient.java:onNext(255)) - client-23C834B07313->edccc055-c3f5-47df-b30f-76e8836f4c59: receive RaftClientReply:client-23C834B07313->edccc055-c3f5-47df-b30f-76e8836f4c59@group-ED32739C8BBB, cid=2344, SUCCESS, logIndex=0, commits[edccc055-c3f5-47df-b30f-76e8836f4c59:c3470, f9704f82-adf1-457c-ad29-9b573bc67fa6:c3466, 932806d8-5f5d-4457-8f95-c9b7f9036eae:c3466]
2019-08-07 03:27:25,280 INFO  client.GrpcClientProtocolClient (GrpcClientProtocolClient.java:onNext(255)) - client-23C834B07313->edccc055-c3f5-47df-b30f-76e8836f4c59: receive RaftClientReply:client-23C834B07313->edccc055-c3f5-47df-b30f-76e8836f4c59@group-ED32739C8BBB, cid=2345, SUCCESS, logIndex=3473, commits[edccc055-c3f5-47df-b30f-76e8836f4c59:c3474, f9704f82-adf1-457c-ad29-9b573bc67fa6:c3472, 932806d8-5f5d-4457-8f95-c9b7f9036eae:c3472]
2019-08-07 03:27:25,280 INFO  client.GrpcClientProtocolClient (GrpcClientProtocolClient.java:onNext(255)) - client-23C834B07313->edccc055-c3f5-47df-b30f-76e8836f4c59: receive RaftClientReply:client-23C834B07313->edccc055-c3f5-47df-b30f-76e8836f4c59@group-ED32739C8BBB, cid=2346, SUCCESS, logIndex=3474, commits[edccc055-c3f5-47df-b30f-76e8836f4c59:c3474, f9704f82-adf1-457c-ad29-9b573bc67fa6:c3472, 932806d8-5f5d-4457-8f95-c9b7f9036eae:c3472]
2019-08-07 03:27:25,305 INFO  client.GrpcClientProtocolClient (GrpcClientProtocolClient.java:onNext(255)) - client-23C834B07313->edccc055-c3f5-47df-b30f-76e8836f4c59: receive RaftClientReply:client-23C834B07313->edccc055-c3f5-47df-b30f-76e8836f4c59@group-ED32739C8BBB, cid=2347, SUCCESS, logIndex=3477, commits[edccc055-c3f5-47df-b30f-76e8836f4c59:c3478, f9704f82-adf1-457c-ad29-9b573bc67fa6:c3474, 932806d8-5f5d-4457-8f95-c9b7f9036eae:c3474]
2019-08-07 03:27:25,305 INFO  client.GrpcClientProtocolClient (GrpcClientProtocolClient.java:onNext(255)) - client-23C834B07313->edccc055-c3f5-47df-b30f-76e8836f4c59: receive RaftClientReply:client-23C834B07313->edccc055-c3f5-47df-b30f-76e8836f4c59@group-ED32739C8BBB, cid=2348, SUCCESS, logIndex=3478, commits[edccc055-c3f5-47df-b30f-76e8836f4c59:c3478, f9704f82-adf1-457c-ad29-9b573bc67fa6:c3474, 932806d8-5f5d-4457-8f95-c9b7f9036eae:c3474]
2019-08-07 03:27:25,318 INFO  client.GrpcClientProtocolClient (GrpcClientProtocolClient.java:onNext(255)) - client-23C834B07313->edccc055-c3f5-47df-b30f-76e8836f4c59: receive RaftClientReply:client-23C834B07313->edccc055-c3f5-47df-b30f-76e8836f4c59@group-ED32739C8BBB, cid=2349, SUCCESS, logIndex=0, commits[edccc055-c3f5-47df-b30f-76e8836f4c59:c3479, f9704f82-adf1-457c-ad29-9b573bc67fa6:c3478, 932806d8-5f5d-4457-8f95-c9b7f9036eae:c3478]
2019-08-07 03:27:25,356 INFO  client.GrpcClientProtocolClient (GrpcClientProtocolClient.java:onNext(255)) - client-23C834B07313->edccc055-c3f5-47df-b30f-76e8836f4c59: receive RaftClientReply:client-23C834B07313->edccc055-c3f5-47df-b30f-76e8836f4c59@group-ED32739C8BBB, cid=2350, SUCCESS, logIndex=3481, commits[edccc055-c3f5-47df-b30f-76e8836f4c59:c3482, f9704f82-adf1-457c-ad29-9b573bc67fa6:c3480, 932806d8-5f5d-4457-8f95-c9b7f9036eae:c3480]
2019-08-07 03:27:25,357 INFO  client.GrpcClientProtocolClient (GrpcClientProtocolClient.java:onNext(255)) - client-23C834B07313->edccc055-c3f5-47df-b30f-76e8836f4c59: receive RaftClientReply:client-23C834B07313->edccc055-c3f5-47df-b30f-76e8836f4c59@group-ED32739C8BBB, cid=2351, SUCCESS, logIndex=3482, commits[edccc055-c3f5-47df-b30f-76e8836f4c59:c3482, f9704f82-adf1-457c-ad29-9b573bc67fa6:c3480, 932806d8-5f5d-4457-8f95-c9b7f9036eae:c3480]
2019-08-07 03:27:25,366 INFO  client.GrpcClientProtocolClient (GrpcClientProtocolClient.java:onNext(255)) - client-23C834B07313->edccc055-c3f5-47df-b30f-76e8836f4c59: receive RaftClientReply:client-23C834B07313->edccc055-c3f5-47df-b30f-76e8836f4c59@group-ED32739C8BBB, cid=2352, SUCCESS, logIndex=3483, commits[edccc055-c3f5-47df-b30f-76e8836f4c59:c3484, f9704f82-adf1-457c-ad29-9b573bc67fa6:c3480, 932806d8-5f5d-4457-8f95-c9b7f9036eae:c3480]
2019-08-07 03:27:25,367 INFO  client.GrpcClientProtocolClient (GrpcClientProtocolClient.java:onNext(255)) - client-23C834B07313->edccc055-c3f5-47df-b30f-76e8836f4c59: receive RaftClientReply:client-23C834B07313->edccc055-c3f5-47df-b30f-76e8836f4c59@group-ED32739C8BBB, cid=2353, SUCCESS, logIndex=3484, commits[edccc055-c3f5-47df-b30f-76e8836f4c59:c3484, f9704f82-adf1-457c-ad29-9b573bc67fa6:c3480, 932806d8-5f5d-4457-8f95-c9b7f9036eae:c3480]
2019-08-07 03:27:25,382 INFO  client.GrpcClientProtocolClient (GrpcClientProtocolClient.java:onNext(255)) - client-23C834B07313->edccc055-c3f5-47df-b30f-76e8836f4c59: receive RaftClientReply:client-23C834B07313->edccc055-c3f5-47df-b30f-76e8836f4c59@group-ED32739C8BBB, cid=2354, SUCCESS, logIndex=0, commits[edccc055-c3f5-47df-b30f-76e8836f4c59:c3486, f9704f82-adf1-457c-ad29-9b573bc67fa6:c3482, 932806d8-5f5d-4457-8f95-c9b7f9036eae:c3482]
2019-08-07 03:27:25,396 INFO  client.GrpcClientProtocolClient (GrpcClientProtocolClient.java:onNext(255)) - client-23C834B07313->edccc055-c3f5-47df-b30f-76e8836f4c59: receive RaftClientReply:client-23C834B07313->edccc055-c3f5-47df-b30f-76e8836f4c59@group-ED32739C8BBB, cid=2355, SUCCESS, logIndex=3488, commits[edccc055-c3f5-47df-b30f-76e8836f4c59:c3489, f9704f82-adf1-457c-ad29-9b573bc67fa6:c3484, 932806d8-5f5d-4457-8f95-c9b7f9036eae:c3486]
2019-08-07 03:27:25,396 INFO  client.GrpcClientProtocolClient (GrpcClientProtocolClient.java:onNext(255)) - client-23C834B07313->edccc055-c3f5-47df-b30f-76e8836f4c59: receive RaftClientReply:client-23C834B07313->edccc055-c3f5-47df-b30f-76e8836f4c59@group-ED32739C8BBB, cid=2356, SUCCESS, logIndex=3489, commits[edccc055-c3f5-47df-b30f-76e8836f4c59:c3489, f9704f82-adf1-457c-ad29-9b573bc67fa6:c3486, 932806d8-5f5d-4457-8f95-c9b7f9036eae:c3486]
2019-08-07 03:27:25,411 INFO  client.GrpcClientProtocolClient (GrpcClientProtocolClient.java:onNext(255)) - client-23C834B07313->edccc055-c3f5-47df-b30f-76e8836f4c59: receive RaftClientReply:client-23C834B07313->edccc055-c3f5-47df-b30f-76e8836f4c59@group-ED32739C8BBB, cid=2357, SUCCESS, logIndex=3492, commits[edccc055-c3f5-47df-b30f-76e8836f4c59:c3493, f9704f82-adf1-457c-ad29-9b573bc67fa6:c3489, 932806d8-5f5d-4457-8f95-c9b7f9036eae:c3491]
2019-08-07 03:27:25,411 INFO  client.GrpcClientProtocolClient (GrpcClientProtocolClient.java:onNext(255)) - client-23C834B07313->edccc055-c3f5-47df-b30f-76e8836f4c59: receive RaftClientReply:client-23C834B07313->edccc055-c3f5-47df-b30f-76e8836f4c59@group-ED32739C8BBB, cid=2358, SUCCESS, logIndex=3493, commits[edccc055-c3f5-47df-b30f-76e8836f4c59:c3493, f9704f82-adf1-457c-ad29-9b573bc67fa6:c3491, 932806d8-5f5d-4457-8f95-c9b7f9036eae:c3491]
2019-08-07 03:27:25,413 INFO  client.GrpcClientProtocolClient (GrpcClientProtocolClient.java:onNext(255)) - client-23C834B07313->edccc055-c3f5-47df-b30f-76e8836f4c59: receive RaftClientReply:client-23C834B07313->edccc055-c3f5-47df-b30f-76e8836f4c59@group-ED32739C8BBB, cid=2359, SUCCESS, logIndex=0, commits[edccc055-c3f5-47df-b30f-76e8836f4c59:c3494, f9704f82-adf1-457c-ad29-9b573bc67fa6:c3493, 932806d8-5f5d-4457-8f95-c9b7f9036eae:c3493]
 0.00% |█                                                                                                    |  0/1 Time: 0:00:212019-08-07 03:27:25,440 INFO  client.GrpcClientProtocolClient (GrpcClientProtocolClient.java:onNext(255)) - client-23C834B07313->edccc055-c3f5-47df-b30f-76e8836f4c59: receive RaftClientReply:client-23C834B07313->edccc055-c3f5-47df-b30f-76e8836f4c59@group-ED32739C8BBB, cid=2360, SUCCESS, logIndex=3496, commits[edccc055-c3f5-47df-b30f-76e8836f4c59:c3497, f9704f82-adf1-457c-ad29-9b573bc67fa6:c3495, 932806d8-5f5d-4457-8f95-c9b7f9036eae:c3495]
2019-08-07 03:27:25,441 INFO  client.GrpcClientProtocolClient (GrpcClientProtocolClient.java:onNext(255)) - client-23C834B07313->edccc055-c3f5-47df-b30f-76e8836f4c59: receive RaftClientReply:client-23C834B07313->edccc055-c3f5-47df-b30f-76e8836f4c59@group-ED32739C8BBB, cid=2361, SUCCESS, logIndex=3497, commits[edccc055-c3f5-47df-b30f-76e8836f4c59:c3497, f9704f82-adf1-457c-ad29-9b573bc67fa6:c3495, 932806d8-5f5d-4457-8f95-c9b7f9036eae:c3495]
2019-08-07 03:27:25,466 INFO  client.GrpcClientProtocolClient (GrpcClientProtocolClient.java:onNext(255)) - client-23C834B07313->edccc055-c3f5-47df-b30f-76e8836f4c59: receive RaftClientReply:client-23C834B07313->edccc055-c3f5-47df-b30f-76e8836f4c59@group-ED32739C8BBB, cid=2362, SUCCESS, logIndex=3498, commits[edccc055-c3f5-47df-b30f-76e8836f4c59:c3499, f9704f82-adf1-457c-ad29-9b573bc67fa6:c3495, 932806d8-5f5d-4457-8f95-c9b7f9036eae:c3495]
2019-08-07 03:27:25,467 INFO  client.GrpcClientProtocolClient (GrpcClientProtocolClient.java:onNext(255)) - client-23C834B07313->edccc055-c3f5-47df-b30f-76e8836f4c59: receive RaftClientReply:client-23C834B07313->edccc055-c3f5-47df-b30f-76e8836f4c59@group-ED32739C8BBB, cid=2363, SUCCESS, logIndex=3499, commits[edccc055-c3f5-47df-b30f-76e8836f4c59:c3501, f9704f82-adf1-457c-ad29-9b573bc67fa6:c3495, 932806d8-5f5d-4457-8f95-c9b7f9036eae:c3497]
2019-08-07 03:27:25,506 INFO  client.GrpcClientProtocolClient (GrpcClientProtocolClient.java:onNext(255)) - client-23C834B07313->edccc055-c3f5-47df-b30f-76e8836f4c59: receive RaftClientReply:client-23C834B07313->edccc055-c3f5-47df-b30f-76e8836f4c59@group-ED32739C8BBB, cid=2364, SUCCESS, logIndex=0, commits[edccc055-c3f5-47df-b30f-76e8836f4c59:c3502, f9704f82-adf1-457c-ad29-9b573bc67fa6:c3497, 932806d8-5f5d-4457-8f95-c9b7f9036eae:c3498]
2019-08-07 03:27:25,527 INFO  client.GrpcClientProtocolClient (GrpcClientProtocolClient.java:onNext(255)) - client-23C834B07313->edccc055-c3f5-47df-b30f-76e8836f4c59: receive RaftClientReply:client-23C834B07313->edccc055-c3f5-47df-b30f-76e8836f4c59@group-ED32739C8BBB, cid=2365, SUCCESS, logIndex=3504, commits[edccc055-c3f5-47df-b30f-76e8836f4c59:c3505, f9704f82-adf1-457c-ad29-9b573bc67fa6:c3503, 932806d8-5f5d-4457-8f95-c9b7f9036eae:c3503]
2019-08-07 03:27:25,527 INFO  client.GrpcClientProtocolClient (GrpcClientProtocolClient.java:onNext(255)) - client-23C834B07313->edccc055-c3f5-47df-b30f-76e8836f4c59: receive RaftClientReply:client-23C834B07313->edccc055-c3f5-47df-b30f-76e8836f4c59@group-ED32739C8BBB, cid=2366, SUCCESS, logIndex=3505, commits[edccc055-c3f5-47df-b30f-76e8836f4c59:c3505, f9704f82-adf1-457c-ad29-9b573bc67fa6:c3503, 932806d8-5f5d-4457-8f95-c9b7f9036eae:c3503]
2019-08-07 03:27:25,541 INFO  client.GrpcClientProtocolClient (GrpcClientProtocolClient.java:onNext(255)) - client-23C834B07313->edccc055-c3f5-47df-b30f-76e8836f4c59: receive RaftClientReply:client-23C834B07313->edccc055-c3f5-47df-b30f-76e8836f4c59@group-ED32739C8BBB, cid=2367, SUCCESS, logIndex=3508, commits[edccc055-c3f5-47df-b30f-76e8836f4c59:c3509, f9704f82-adf1-457c-ad29-9b573bc67fa6:c3504, 932806d8-5f5d-4457-8f95-c9b7f9036eae:c3505]
2019-08-07 03:27:25,541 INFO  client.GrpcClientProtocolClient (GrpcClientProtocolClient.java:onNext(255)) - client-23C834B07313->edccc055-c3f5-47df-b30f-76e8836f4c59: receive RaftClientReply:client-23C834B07313->edccc055-c3f5-47df-b30f-76e8836f4c59@group-ED32739C8BBB, cid=2368, SUCCESS, logIndex=3509, commits[edccc055-c3f5-47df-b30f-76e8836f4c59:c3509, f9704f82-adf1-457c-ad29-9b573bc67fa6:c3504, 932806d8-5f5d-4457-8f95-c9b7f9036eae:c3505]
2019-08-07 03:27:25,551 INFO  client.GrpcClientProtocolClient (GrpcClientProtocolClient.java:onNext(255)) - client-23C834B07313->edccc055-c3f5-47df-b30f-76e8836f4c59: receive RaftClientReply:client-23C834B07313->edccc055-c3f5-47df-b30f-76e8836f4c59@group-ED32739C8BBB, cid=2369, SUCCESS, logIndex=0, commits[edccc055-c3f5-47df-b30f-76e8836f4c59:c3509, f9704f82-adf1-457c-ad29-9b573bc67fa6:c3505, 932806d8-5f5d-4457-8f95-c9b7f9036eae:c3505]
2019-08-07 03:27:25,554 INFO  client.GrpcClientProtocolClient (GrpcClientProtocolClient.java:onNext(255)) - client-23C834B07313->edccc055-c3f5-47df-b30f-76e8836f4c59: receive RaftClientReply:client-23C834B07313->edccc055-c3f5-47df-b30f-76e8836f4c59@group-ED32739C8BBB, cid=2370, SUCCESS, logIndex=0, commits[edccc055-c3f5-47df-b30f-76e8836f4c59:c3511, f9704f82-adf1-457c-ad29-9b573bc67fa6:c3509, 932806d8-5f5d-4457-8f95-c9b7f9036eae:c3509]
2019-08-07 03:27:25,587 INFO  client.GrpcClientProtocolClient (GrpcClientProtocolClient.java:onNext(255)) - client-23C834B07313->edccc055-c3f5-47df-b30f-76e8836f4c59: receive RaftClientReply:client-23C834B07313->edccc055-c3f5-47df-b30f-76e8836f4c59@group-ED32739C8BBB, cid=2371, SUCCESS, logIndex=3512, commits[edccc055-c3f5-47df-b30f-76e8836f4c59:c3513, f9704f82-adf1-457c-ad29-9b573bc67fa6:c3511, 932806d8-5f5d-4457-8f95-c9b7f9036eae:c3511]
2019-08-07 03:27:25,588 INFO  client.GrpcClientProtocolClient (GrpcClientProtocolClient.java:onNext(255)) - client-23C834B07313->edccc055-c3f5-47df-b30f-76e8836f4c59: receive RaftClientReply:client-23C834B07313->edccc055-c3f5-47df-b30f-76e8836f4c59@group-ED32739C8BBB, cid=2372, SUCCESS, logIndex=3513, commits[edccc055-c3f5-47df-b30f-76e8836f4c59:c3515, f9704f82-adf1-457c-ad29-9b573bc67fa6:c3511, 932806d8-5f5d-4457-8f95-c9b7f9036eae:c3511]
2019-08-07 03:27:25,588 INFO  client.GrpcClientProtocolClient (GrpcClientProtocolClient.java:onNext(255)) - client-23C834B07313->edccc055-c3f5-47df-b30f-76e8836f4c59: receive RaftClientReply:client-23C834B07313->edccc055-c3f5-47df-b30f-76e8836f4c59@group-ED32739C8BBB, cid=2373, SUCCESS, logIndex=3514, commits[edccc055-c3f5-47df-b30f-76e8836f4c59:c3515, f9704f82-adf1-457c-ad29-9b573bc67fa6:c3511, 932806d8-5f5d-4457-8f95-c9b7f9036eae:c3511]
2019-08-07 03:27:25,589 INFO  client.GrpcClientProtocolClient (GrpcClientProtocolClient.java:onNext(255)) - client-23C834B07313->edccc055-c3f5-47df-b30f-76e8836f4c59: receive RaftClientReply:client-23C834B07313->edccc055-c3f5-47df-b30f-76e8836f4c59@group-ED32739C8BBB, cid=2374, SUCCESS, logIndex=3515, commits[edccc055-c3f5-47df-b30f-76e8836f4c59:c3515, f9704f82-adf1-457c-ad29-9b573bc67fa6:c3511, 932806d8-5f5d-4457-8f95-c9b7f9036eae:c3511]
2019-08-07 03:27:25,601 INFO  client.GrpcClientProtocolClient (GrpcClientProtocolClient.java:onNext(255)) - client-23C834B07313->edccc055-c3f5-47df-b30f-76e8836f4c59: receive RaftClientReply:client-23C834B07313->edccc055-c3f5-47df-b30f-76e8836f4c59@group-ED32739C8BBB, cid=2375, SUCCESS, logIndex=0, commits[edccc055-c3f5-47df-b30f-76e8836f4c59:c3517, f9704f82-adf1-457c-ad29-9b573bc67fa6:c3513, 932806d8-5f5d-4457-8f95-c9b7f9036eae:c3513]
2019-08-07 03:27:25,622 INFO  client.GrpcClientProtocolClient (GrpcClientProtocolClient.java:onNext(255)) - client-23C834B07313->edccc055-c3f5-47df-b30f-76e8836f4c59: receive RaftClientReply:client-23C834B07313->edccc055-c3f5-47df-b30f-76e8836f4c59@group-ED32739C8BBB, cid=2376, SUCCESS, logIndex=3520, commits[edccc055-c3f5-47df-b30f-76e8836f4c59:c3521, f9704f82-adf1-457c-ad29-9b573bc67fa6:c3519, 932806d8-5f5d-4457-8f95-c9b7f9036eae:c3519]
2019-08-07 03:27:25,622 INFO  client.GrpcClientProtocolClient (GrpcClientProtocolClient.java:onNext(255)) - client-23C834B07313->edccc055-c3f5-47df-b30f-76e8836f4c59: receive RaftClientReply:client-23C834B07313->edccc055-c3f5-47df-b30f-76e8836f4c59@group-ED32739C8BBB, cid=2377, SUCCESS, logIndex=3521, commits[edccc055-c3f5-47df-b30f-76e8836f4c59:c3521, f9704f82-adf1-457c-ad29-9b573bc67fa6:c3519, 932806d8-5f5d-4457-8f95-c9b7f9036eae:c3519]
2019-08-07 03:27:25,649 INFO  client.GrpcClientProtocolClient (GrpcClientProtocolClient.java:onNext(255)) - client-23C834B07313->edccc055-c3f5-47df-b30f-76e8836f4c59: receive RaftClientReply:client-23C834B07313->edccc055-c3f5-47df-b30f-76e8836f4c59@group-ED32739C8BBB, cid=2378, SUCCESS, logIndex=3524, commits[edccc055-c3f5-47df-b30f-76e8836f4c59:c3525, f9704f82-adf1-457c-ad29-9b573bc67fa6:c3521, 932806d8-5f5d-4457-8f95-c9b7f9036eae:c3521]
2019-08-07 03:27:25,650 INFO  client.GrpcClientProtocolClient (GrpcClientProtocolClient.java:onNext(255)) - client-23C834B07313->edccc055-c3f5-47df-b30f-76e8836f4c59: receive RaftClientReply:client-23C834B07313->edccc055-c3f5-47df-b30f-76e8836f4c59@group-ED32739C8BBB, cid=2379, SUCCESS, logIndex=3525, commits[edccc055-c3f5-47df-b30f-76e8836f4c59:c3525, f9704f82-adf1-457c-ad29-9b573bc67fa6:c3521, 932806d8-5f5d-4457-8f95-c9b7f9036eae:c3521]
2019-08-07 03:27:25,676 INFO  client.GrpcClientProtocolClient (GrpcClientProtocolClient.java:onNext(255)) - client-23C834B07313->edccc055-c3f5-47df-b30f-76e8836f4c59: receive RaftClientReply:client-23C834B07313->edccc055-c3f5-47df-b30f-76e8836f4c59@group-ED32739C8BBB, cid=2380, SUCCESS, logIndex=0, commits[edccc055-c3f5-47df-b30f-76e8836f4c59:c3526, f9704f82-adf1-457c-ad29-9b573bc67fa6:c3525, 932806d8-5f5d-4457-8f95-c9b7f9036eae:c3525]
2019-08-07 03:27:25,708 INFO  client.GrpcClientProtocolClient (GrpcClientProtocolClient.java:onNext(255)) - client-23C834B07313->edccc055-c3f5-47df-b30f-76e8836f4c59: receive RaftClientReply:client-23C834B07313->edccc055-c3f5-47df-b30f-76e8836f4c59@group-ED32739C8BBB, cid=2381, SUCCESS, logIndex=3528, commits[edccc055-c3f5-47df-b30f-76e8836f4c59:c3529, f9704f82-adf1-457c-ad29-9b573bc67fa6:c3527, 932806d8-5f5d-4457-8f95-c9b7f9036eae:c3527]
2019-08-07 03:27:25,709 INFO  client.GrpcClientProtocolClient (GrpcClientProtocolClient.java:onNext(255)) - client-23C834B07313->edccc055-c3f5-47df-b30f-76e8836f4c59: receive RaftClientReply:client-23C834B07313->edccc055-c3f5-47df-b30f-76e8836f4c59@group-ED32739C8BBB, cid=2382, SUCCESS, logIndex=3529, commits[edccc055-c3f5-47df-b30f-76e8836f4c59:c3529, f9704f82-adf1-457c-ad29-9b573bc67fa6:c3527, 932806d8-5f5d-4457-8f95-c9b7f9036eae:c3527]
2019-08-07 03:27:25,718 INFO  client.GrpcClientProtocolClient (GrpcClientProtocolClient.java:onNext(255)) - client-23C834B07313->edccc055-c3f5-47df-b30f-76e8836f4c59: receive RaftClientReply:client-23C834B07313->edccc055-c3f5-47df-b30f-76e8836f4c59@group-ED32739C8BBB, cid=2383, SUCCESS, logIndex=3530, commits[edccc055-c3f5-47df-b30f-76e8836f4c59:c3531, f9704f82-adf1-457c-ad29-9b573bc67fa6:c3527, 932806d8-5f5d-4457-8f95-c9b7f9036eae:c3527]
2019-08-07 03:27:25,718 INFO  client.GrpcClientProtocolClient (GrpcClientProtocolClient.java:onNext(255)) - client-23C834B07313->edccc055-c3f5-47df-b30f-76e8836f4c59: receive RaftClientReply:client-23C834B07313->edccc055-c3f5-47df-b30f-76e8836f4c59@group-ED32739C8BBB, cid=2384, SUCCESS, logIndex=3531, commits[edccc055-c3f5-47df-b30f-76e8836f4c59:c3531, f9704f82-adf1-457c-ad29-9b573bc67fa6:c3527, 932806d8-5f5d-4457-8f95-c9b7f9036eae:c3527]
2019-08-07 03:27:25,720 INFO  client.GrpcClientProtocolClient (GrpcClientProtocolClient.java:onNext(255)) - client-23C834B07313->edccc055-c3f5-47df-b30f-76e8836f4c59: receive RaftClientReply:client-23C834B07313->edccc055-c3f5-47df-b30f-76e8836f4c59@group-ED32739C8BBB, cid=2385, SUCCESS, logIndex=0, commits[edccc055-c3f5-47df-b30f-76e8836f4c59:c3531, f9704f82-adf1-457c-ad29-9b573bc67fa6:c3529, 932806d8-5f5d-4457-8f95-c9b7f9036eae:c3529]
2019-08-07 03:27:25,735 INFO  client.GrpcClientProtocolClient (GrpcClientProtocolClient.java:onNext(255)) - client-23C834B07313->edccc055-c3f5-47df-b30f-76e8836f4c59: receive RaftClientReply:client-23C834B07313->edccc055-c3f5-47df-b30f-76e8836f4c59@group-ED32739C8BBB, cid=2386, SUCCESS, logIndex=3536, commits[edccc055-c3f5-47df-b30f-76e8836f4c59:c3537, f9704f82-adf1-457c-ad29-9b573bc67fa6:c3531, 932806d8-5f5d-4457-8f95-c9b7f9036eae:c3531]
2019-08-07 03:27:25,735 INFO  client.GrpcClientProtocolClient (GrpcClientProtocolClient.java:onNext(255)) - client-23C834B07313->edccc055-c3f5-47df-b30f-76e8836f4c59: receive RaftClientReply:client-23C834B07313->edccc055-c3f5-47df-b30f-76e8836f4c59@group-ED32739C8BBB, cid=2387, SUCCESS, logIndex=3537, commits[edccc055-c3f5-47df-b30f-76e8836f4c59:c3537, f9704f82-adf1-457c-ad29-9b573bc67fa6:c3531, 932806d8-5f5d-4457-8f95-c9b7f9036eae:c3531]
2019-08-07 03:27:25,770 INFO  client.GrpcClientProtocolClient (GrpcClientProtocolClient.java:onNext(255)) - client-23C834B07313->edccc055-c3f5-47df-b30f-76e8836f4c59: receive RaftClientReply:client-23C834B07313->edccc055-c3f5-47df-b30f-76e8836f4c59@group-ED32739C8BBB, cid=2388, SUCCESS, logIndex=3540, commits[edccc055-c3f5-47df-b30f-76e8836f4c59:c3541, f9704f82-adf1-457c-ad29-9b573bc67fa6:c3538, 932806d8-5f5d-4457-8f95-c9b7f9036eae:c3538]
2019-08-07 03:27:25,770 INFO  client.GrpcClientProtocolClient (GrpcClientProtocolClient.java:onNext(255)) - client-23C834B07313->edccc055-c3f5-47df-b30f-76e8836f4c59: receive RaftClientReply:client-23C834B07313->edccc055-c3f5-47df-b30f-76e8836f4c59@group-ED32739C8BBB, cid=2389, SUCCESS, logIndex=3541, commits[edccc055-c3f5-47df-b30f-76e8836f4c59:c3541, f9704f82-adf1-457c-ad29-9b573bc67fa6:c3538, 932806d8-5f5d-4457-8f95-c9b7f9036eae:c3538]
2019-08-07 03:27:25,784 INFO  client.GrpcClientProtocolClient (GrpcClientProtocolClient.java:onNext(255)) - client-23C834B07313->edccc055-c3f5-47df-b30f-76e8836f4c59: receive RaftClientReply:client-23C834B07313->edccc055-c3f5-47df-b30f-76e8836f4c59@group-ED32739C8BBB, cid=2390, SUCCESS, logIndex=0, commits[edccc055-c3f5-47df-b30f-76e8836f4c59:c3543, f9704f82-adf1-457c-ad29-9b573bc67fa6:c3541, 932806d8-5f5d-4457-8f95-c9b7f9036eae:c3541]
2019-08-07 03:27:25,820 INFO  client.GrpcClientProtocolClient (GrpcClientProtocolClient.java:onNext(255)) - client-23C834B07313->edccc055-c3f5-47df-b30f-76e8836f4c59: receive RaftClientReply:client-23C834B07313->edccc055-c3f5-47df-b30f-76e8836f4c59@group-ED32739C8BBB, cid=2391, SUCCESS, logIndex=3544, commits[edccc055-c3f5-47df-b30f-76e8836f4c59:c3546, f9704f82-adf1-457c-ad29-9b573bc67fa6:c3543, 932806d8-5f5d-4457-8f95-c9b7f9036eae:c3543]
2019-08-07 03:27:25,821 INFO  client.GrpcClientProtocolClient (GrpcClientProtocolClient.java:onNext(255)) - client-23C834B07313->edccc055-c3f5-47df-b30f-76e8836f4c59: receive RaftClientReply:client-23C834B07313->edccc055-c3f5-47df-b30f-76e8836f4c59@group-ED32739C8BBB, cid=2392, SUCCESS, logIndex=3545, commits[edccc055-c3f5-47df-b30f-76e8836f4c59:c3547, f9704f82-adf1-457c-ad29-9b573bc67fa6:c3543, 932806d8-5f5d-4457-8f95-c9b7f9036eae:c3543]
2019-08-07 03:27:25,821 INFO  client.GrpcClientProtocolClient (GrpcClientProtocolClient.java:onNext(255)) - client-23C834B07313->edccc055-c3f5-47df-b30f-76e8836f4c59: receive RaftClientReply:client-23C834B07313->edccc055-c3f5-47df-b30f-76e8836f4c59@group-ED32739C8BBB, cid=2393, SUCCESS, logIndex=3546, commits[edccc055-c3f5-47df-b30f-76e8836f4c59:c3547, f9704f82-adf1-457c-ad29-9b573bc67fa6:c3543, 932806d8-5f5d-4457-8f95-c9b7f9036eae:c3543]
2019-08-07 03:27:25,821 INFO  client.GrpcClientProtocolClient (GrpcClientProtocolClient.java:onNext(255)) - client-23C834B07313->edccc055-c3f5-47df-b30f-76e8836f4c59: receive RaftClientReply:client-23C834B07313->edccc055-c3f5-47df-b30f-76e8836f4c59@group-ED32739C8BBB, cid=2394, SUCCESS, logIndex=3547, commits[edccc055-c3f5-47df-b30f-76e8836f4c59:c3547, f9704f82-adf1-457c-ad29-9b573bc67fa6:c3543, 932806d8-5f5d-4457-8f95-c9b7f9036eae:c3543]
2019-08-07 03:27:25,845 INFO  client.GrpcClientProtocolClient (GrpcClientProtocolClient.java:onNext(255)) - client-23C834B07313->edccc055-c3f5-47df-b30f-76e8836f4c59: receive RaftClientReply:client-23C834B07313->edccc055-c3f5-47df-b30f-76e8836f4c59@group-ED32739C8BBB, cid=2395, SUCCESS, logIndex=0, commits[edccc055-c3f5-47df-b30f-76e8836f4c59:c3551, f9704f82-adf1-457c-ad29-9b573bc67fa6:c3545, 932806d8-5f5d-4457-8f95-c9b7f9036eae:c3547]
2019-08-07 03:27:25,867 INFO  client.GrpcClientProtocolClient (GrpcClientProtocolClient.java:onNext(255)) - client-23C834B07313->edccc055-c3f5-47df-b30f-76e8836f4c59: receive RaftClientReply:client-23C834B07313->edccc055-c3f5-47df-b30f-76e8836f4c59@group-ED32739C8BBB, cid=2396, SUCCESS, logIndex=3552, commits[edccc055-c3f5-47df-b30f-76e8836f4c59:c3553, f9704f82-adf1-457c-ad29-9b573bc67fa6:c3551, 932806d8-5f5d-4457-8f95-c9b7f9036eae:c3551]
2019-08-07 03:27:25,867 INFO  client.GrpcClientProtocolClient (GrpcClientProtocolClient.java:onNext(255)) - client-23C834B07313->edccc055-c3f5-47df-b30f-76e8836f4c59: receive RaftClientReply:client-23C834B07313->edccc055-c3f5-47df-b30f-76e8836f4c59@group-ED32739C8BBB, cid=2397, SUCCESS, logIndex=3553, commits[edccc055-c3f5-47df-b30f-76e8836f4c59:c3553, f9704f82-adf1-457c-ad29-9b573bc67fa6:c3551, 932806d8-5f5d-4457-8f95-c9b7f9036eae:c3551]
2019-08-07 03:27:25,882 INFO  client.GrpcClientProtocolClient (GrpcClientProtocolClient.java:onNext(255)) - client-23C834B07313->edccc055-c3f5-47df-b30f-76e8836f4c59: receive RaftClientReply:client-23C834B07313->edccc055-c3f5-47df-b30f-76e8836f4c59@group-ED32739C8BBB, cid=2398, SUCCESS, logIndex=3556, commits[edccc055-c3f5-47df-b30f-76e8836f4c59:c3557, f9704f82-adf1-457c-ad29-9b573bc67fa6:c3553, 932806d8-5f5d-4457-8f95-c9b7f9036eae:c3553]
2019-08-07 03:27:25,883 INFO  client.GrpcClientProtocolClient (GrpcClientProtocolClient.java:onNext(255)) - client-23C834B07313->edccc055-c3f5-47df-b30f-76e8836f4c59: receive RaftClientReply:client-23C834B07313->edccc055-c3f5-47df-b30f-76e8836f4c59@group-ED32739C8BBB, cid=2399, SUCCESS, logIndex=3557, commits[edccc055-c3f5-47df-b30f-76e8836f4c59:c3557, f9704f82-adf1-457c-ad29-9b573bc67fa6:c3553, 932806d8-5f5d-4457-8f95-c9b7f9036eae:c3553]
2019-08-07 03:27:25,897 INFO  client.GrpcClientProtocolClient (GrpcClientProtocolClient.java:onNext(255)) - client-23C834B07313->edccc055-c3f5-47df-b30f-76e8836f4c59: receive RaftClientReply:client-23C834B07313->edccc055-c3f5-47df-b30f-76e8836f4c59@group-ED32739C8BBB, cid=2400, SUCCESS, logIndex=0, commits[edccc055-c3f5-47df-b30f-76e8836f4c59:c3559, f9704f82-adf1-457c-ad29-9b573bc67fa6:c3557, 932806d8-5f5d-4457-8f95-c9b7f9036eae:c3557]
2019-08-07 03:27:26,059 INFO  client.GrpcClientProtocolClient (GrpcClientProtocolClient.java:onNext(255)) - client-23C834B07313->edccc055-c3f5-47df-b30f-76e8836f4c59: receive RaftClientReply:client-23C834B07313->edccc055-c3f5-47df-b30f-76e8836f4c59@group-ED32739C8BBB, cid=2401, SUCCESS, logIndex=3560, commits[edccc055-c3f5-47df-b30f-76e8836f4c59:c3562, f9704f82-adf1-457c-ad29-9b573bc67fa6:c3559, 932806d8-5f5d-4457-8f95-c9b7f9036eae:c3559]
2019-08-07 03:27:26,060 INFO  client.GrpcClientProtocolClient (GrpcClientProtocolClient.java:onNext(255)) - client-23C834B07313->edccc055-c3f5-47df-b30f-76e8836f4c59: receive RaftClientReply:client-23C834B07313->edccc055-c3f5-47df-b30f-76e8836f4c59@group-ED32739C8BBB, cid=2402, SUCCESS, logIndex=3561, commits[edccc055-c3f5-47df-b30f-76e8836f4c59:c3563, f9704f82-adf1-457c-ad29-9b573bc67fa6:c3559, 932806d8-5f5d-4457-8f95-c9b7f9036eae:c3559]
2019-08-07 03:27:26,060 INFO  client.GrpcClientProtocolClient (GrpcClientProtocolClient.java:onNext(255)) - client-23C834B07313->edccc055-c3f5-47df-b30f-76e8836f4c59: receive RaftClientReply:client-23C834B07313->edccc055-c3f5-47df-b30f-76e8836f4c59@group-ED32739C8BBB, cid=2403, SUCCESS, logIndex=3562, commits[edccc055-c3f5-47df-b30f-76e8836f4c59:c3563, f9704f82-adf1-457c-ad29-9b573bc67fa6:c3559, 932806d8-5f5d-4457-8f95-c9b7f9036eae:c3559]
2019-08-07 03:27:26,060 INFO  client.GrpcClientProtocolClient (GrpcClientProtocolClient.java:onNext(255)) - client-23C834B07313->edccc055-c3f5-47df-b30f-76e8836f4c59: receive RaftClientReply:client-23C834B07313->edccc055-c3f5-47df-b30f-76e8836f4c59@group-ED32739C8BBB, cid=2404, SUCCESS, logIndex=3563, commits[edccc055-c3f5-47df-b30f-76e8836f4c59:c3563, f9704f82-adf1-457c-ad29-9b573bc67fa6:c3559, 932806d8-5f5d-4457-8f95-c9b7f9036eae:c3559]
2019-08-07 03:27:26,071 INFO  client.GrpcClientProtocolClient (GrpcClientProtocolClient.java:onNext(255)) - client-23C834B07313->edccc055-c3f5-47df-b30f-76e8836f4c59: receive RaftClientReply:client-23C834B07313->edccc055-c3f5-47df-b30f-76e8836f4c59@group-ED32739C8BBB, cid=2405, SUCCESS, logIndex=0, commits[edccc055-c3f5-47df-b30f-76e8836f4c59:c3564, f9704f82-adf1-457c-ad29-9b573bc67fa6:c3561, 932806d8-5f5d-4457-8f95-c9b7f9036eae:c3561]
2019-08-07 03:27:26,093 INFO  client.GrpcClientProtocolClient (GrpcClientProtocolClient.java:onNext(255)) - client-23C834B07313->edccc055-c3f5-47df-b30f-76e8836f4c59: receive RaftClientReply:client-23C834B07313->edccc055-c3f5-47df-b30f-76e8836f4c59@group-ED32739C8BBB, cid=2406, SUCCESS, logIndex=3568, commits[edccc055-c3f5-47df-b30f-76e8836f4c59:c3569, f9704f82-adf1-457c-ad29-9b573bc67fa6:c3567, 932806d8-5f5d-4457-8f95-c9b7f9036eae:c3567]
2019-08-07 03:27:26,093 INFO  client.GrpcClientProtocolClient (GrpcClientProtocolClient.java:onNext(255)) - client-23C834B07313->edccc055-c3f5-47df-b30f-76e8836f4c59: receive RaftClientReply:client-23C834B07313->edccc055-c3f5-47df-b30f-76e8836f4c59@group-ED32739C8BBB, cid=2407, SUCCESS, logIndex=3569, commits[edccc055-c3f5-47df-b30f-76e8836f4c59:c3569, f9704f82-adf1-457c-ad29-9b573bc67fa6:c3567, 932806d8-5f5d-4457-8f95-c9b7f9036eae:c3567]
2019-08-07 03:27:26,119 INFO  client.GrpcClientProtocolClient (GrpcClientProtocolClient.java:onNext(255)) - client-23C834B07313->edccc055-c3f5-47df-b30f-76e8836f4c59: receive RaftClientReply:client-23C834B07313->edccc055-c3f5-47df-b30f-76e8836f4c59@group-ED32739C8BBB, cid=2408, SUCCESS, logIndex=3572, commits[edccc055-c3f5-47df-b30f-76e8836f4c59:c3573, f9704f82-adf1-457c-ad29-9b573bc67fa6:c3569, 932806d8-5f5d-4457-8f95-c9b7f9036eae:c3568]
2019-08-07 03:27:26,119 INFO  client.GrpcClientProtocolClient (GrpcClientProtocolClient.java:onNext(255)) - client-23C834B07313->edccc055-c3f5-47df-b30f-76e8836f4c59: receive RaftClientReply:client-23C834B07313->edccc055-c3f5-47df-b30f-76e8836f4c59@group-ED32739C8BBB, cid=2409, SUCCESS, logIndex=3573, commits[edccc055-c3f5-47df-b30f-76e8836f4c59:c3573, f9704f82-adf1-457c-ad29-9b573bc67fa6:c3569, 932806d8-5f5d-4457-8f95-c9b7f9036eae:c3569]
2019-08-07 03:27:26,145 INFO  client.GrpcClientProtocolClient (GrpcClientProtocolClient.java:onNext(255)) - client-23C834B07313->edccc055-c3f5-47df-b30f-76e8836f4c59: receive RaftClientReply:client-23C834B07313->edccc055-c3f5-47df-b30f-76e8836f4c59@group-ED32739C8BBB, cid=2410, SUCCESS, logIndex=0, commits[edccc055-c3f5-47df-b30f-76e8836f4c59:c3574, f9704f82-adf1-457c-ad29-9b573bc67fa6:c3573, 932806d8-5f5d-4457-8f95-c9b7f9036eae:c3573]
2019-08-07 03:27:26,180 INFO  client.GrpcClientProtocolClient (GrpcClientProtocolClient.java:onNext(255)) - client-23C834B07313->edccc055-c3f5-47df-b30f-76e8836f4c59: receive RaftClientReply:client-23C834B07313->edccc055-c3f5-47df-b30f-76e8836f4c59@group-ED32739C8BBB, cid=2411, SUCCESS, logIndex=3576, commits[edccc055-c3f5-47df-b30f-76e8836f4c59:c3577, f9704f82-adf1-457c-ad29-9b573bc67fa6:c3575, 932806d8-5f5d-4457-8f95-c9b7f9036eae:c3575]
2019-08-07 03:27:26,181 INFO  client.GrpcClientProtocolClient (GrpcClientProtocolClient.java:onNext(255)) - client-23C834B07313->edccc055-c3f5-47df-b30f-76e8836f4c59: receive RaftClientReply:client-23C834B07313->edccc055-c3f5-47df-b30f-76e8836f4c59@group-ED32739C8BBB, cid=2412, SUCCESS, logIndex=3577, commits[edccc055-c3f5-47df-b30f-76e8836f4c59:c3577, f9704f82-adf1-457c-ad29-9b573bc67fa6:c3575, 932806d8-5f5d-4457-8f95-c9b7f9036eae:c3575]
2019-08-07 03:27:26,190 INFO  client.GrpcClientProtocolClient (GrpcClientProtocolClient.java:onNext(255)) - client-23C834B07313->edccc055-c3f5-47df-b30f-76e8836f4c59: receive RaftClientReply:client-23C834B07313->edccc055-c3f5-47df-b30f-76e8836f4c59@group-ED32739C8BBB, cid=2413, SUCCESS, logIndex=3578, commits[edccc055-c3f5-47df-b30f-76e8836f4c59:c3579, f9704f82-adf1-457c-ad29-9b573bc67fa6:c3575, 932806d8-5f5d-4457-8f95-c9b7f9036eae:c3575]
2019-08-07 03:27:26,190 INFO  client.GrpcClientProtocolClient (GrpcClientProtocolClient.java:onNext(255)) - client-23C834B07313->edccc055-c3f5-47df-b30f-76e8836f4c59: receive RaftClientReply:client-23C834B07313->edccc055-c3f5-47df-b30f-76e8836f4c59@group-ED32739C8BBB, cid=2414, SUCCESS, logIndex=3579, commits[edccc055-c3f5-47df-b30f-76e8836f4c59:c3579, f9704f82-adf1-457c-ad29-9b573bc67fa6:c3575, 932806d8-5f5d-4457-8f95-c9b7f9036eae:c3575]
2019-08-07 03:27:26,208 INFO  client.GrpcClientProtocolClient (GrpcClientProtocolClient.java:onNext(255)) - client-23C834B07313->edccc055-c3f5-47df-b30f-76e8836f4c59: receive RaftClientReply:client-23C834B07313->edccc055-c3f5-47df-b30f-76e8836f4c59@group-ED32739C8BBB, cid=2415, SUCCESS, logIndex=0, commits[edccc055-c3f5-47df-b30f-76e8836f4c59:c3581, f9704f82-adf1-457c-ad29-9b573bc67fa6:c3577, 932806d8-5f5d-4457-8f95-c9b7f9036eae:c3577]
2019-08-07 03:27:26,232 INFO  client.GrpcClientProtocolClient (GrpcClientProtocolClient.java:onNext(255)) - client-23C834B07313->edccc055-c3f5-47df-b30f-76e8836f4c59: receive RaftClientReply:client-23C834B07313->edccc055-c3f5-47df-b30f-76e8836f4c59@group-ED32739C8BBB, cid=2416, SUCCESS, logIndex=3584, commits[edccc055-c3f5-47df-b30f-76e8836f4c59:c3585, f9704f82-adf1-457c-ad29-9b573bc67fa6:c3583, 932806d8-5f5d-4457-8f95-c9b7f9036eae:c3583]
2019-08-07 03:27:26,232 INFO  client.GrpcClientProtocolClient (GrpcClientProtocolClient.java:onNext(255)) - client-23C834B07313->edccc055-c3f5-47df-b30f-76e8836f4c59: receive RaftClientReply:client-23C834B07313->edccc055-c3f5-47df-b30f-76e8836f4c59@group-ED32739C8BBB, cid=2417, SUCCESS, logIndex=3585, commits[edccc055-c3f5-47df-b30f-76e8836f4c59:c3585, f9704f82-adf1-457c-ad29-9b573bc67fa6:c3583, 932806d8-5f5d-4457-8f95-c9b7f9036eae:c3583]
2019-08-07 03:27:26,256 INFO  client.GrpcClientProtocolClient (GrpcClientProtocolClient.java:onNext(255)) - client-23C834B07313->edccc055-c3f5-47df-b30f-76e8836f4c59: receive RaftClientReply:client-23C834B07313->edccc055-c3f5-47df-b30f-76e8836f4c59@group-ED32739C8BBB, cid=2418, SUCCESS, logIndex=3588, commits[edccc055-c3f5-47df-b30f-76e8836f4c59:c3589, f9704f82-adf1-457c-ad29-9b573bc67fa6:c3585, 932806d8-5f5d-4457-8f95-c9b7f9036eae:c3585]
2019-08-07 03:27:26,256 INFO  client.GrpcClientProtocolClient (GrpcClientProtocolClient.java:onNext(255)) - client-23C834B07313->edccc055-c3f5-47df-b30f-76e8836f4c59: receive RaftClientReply:client-23C834B07313->edccc055-c3f5-47df-b30f-76e8836f4c59@group-ED32739C8BBB, cid=2419, SUCCESS, logIndex=3589, commits[edccc055-c3f5-47df-b30f-76e8836f4c59:c3589, f9704f82-adf1-457c-ad29-9b573bc67fa6:c3585, 932806d8-5f5d-4457-8f95-c9b7f9036eae:c3585]
2019-08-07 03:27:26,271 INFO  client.GrpcClientProtocolClient (GrpcClientProtocolClient.java:onNext(255)) - client-23C834B07313->edccc055-c3f5-47df-b30f-76e8836f4c59: receive RaftClientReply:client-23C834B07313->edccc055-c3f5-47df-b30f-76e8836f4c59@group-ED32739C8BBB, cid=2420, SUCCESS, logIndex=0, commits[edccc055-c3f5-47df-b30f-76e8836f4c59:c3591, f9704f82-adf1-457c-ad29-9b573bc67fa6:c3589, 932806d8-5f5d-4457-8f95-c9b7f9036eae:c3589]
2019-08-07 03:27:26,307 INFO  client.GrpcClientProtocolClient (GrpcClientProtocolClient.java:onNext(255)) - client-23C834B07313->edccc055-c3f5-47df-b30f-76e8836f4c59: receive RaftClientReply:client-23C834B07313->edccc055-c3f5-47df-b30f-76e8836f4c59@group-ED32739C8BBB, cid=2421, SUCCESS, logIndex=3592, commits[edccc055-c3f5-47df-b30f-76e8836f4c59:c3593, f9704f82-adf1-457c-ad29-9b573bc67fa6:c3591, 932806d8-5f5d-4457-8f95-c9b7f9036eae:c3591]
2019-08-07 03:27:26,307 INFO  client.GrpcClientProtocolClient (GrpcClientProtocolClient.java:onNext(255)) - client-23C834B07313->edccc055-c3f5-47df-b30f-76e8836f4c59: receive RaftClientReply:client-23C834B07313->edccc055-c3f5-47df-b30f-76e8836f4c59@group-ED32739C8BBB, cid=2422, SUCCESS, logIndex=3593, commits[edccc055-c3f5-47df-b30f-76e8836f4c59:c3595, f9704f82-adf1-457c-ad29-9b573bc67fa6:c3591, 932806d8-5f5d-4457-8f95-c9b7f9036eae:c3591]
2019-08-07 03:27:26,308 INFO  client.GrpcClientProtocolClient (GrpcClientProtocolClient.java:onNext(255)) - client-23C834B07313->edccc055-c3f5-47df-b30f-76e8836f4c59: receive RaftClientReply:client-23C834B07313->edccc055-c3f5-47df-b30f-76e8836f4c59@group-ED32739C8BBB, cid=2423, SUCCESS, logIndex=3594, commits[edccc055-c3f5-47df-b30f-76e8836f4c59:c3595, f9704f82-adf1-457c-ad29-9b573bc67fa6:c3591, 932806d8-5f5d-4457-8f95-c9b7f9036eae:c3591]
2019-08-07 03:27:26,308 INFO  client.GrpcClientProtocolClient (GrpcClientProtocolClient.java:onNext(255)) - client-23C834B07313->edccc055-c3f5-47df-b30f-76e8836f4c59: receive RaftClientReply:client-23C834B07313->edccc055-c3f5-47df-b30f-76e8836f4c59@group-ED32739C8BBB, cid=2424, SUCCESS, logIndex=3595, commits[edccc055-c3f5-47df-b30f-76e8836f4c59:c3595, f9704f82-adf1-457c-ad29-9b573bc67fa6:c3591, 932806d8-5f5d-4457-8f95-c9b7f9036eae:c3591]
2019-08-07 03:27:26,310 INFO  client.GrpcClientProtocolClient (GrpcClientProtocolClient.java:onNext(255)) - client-23C834B07313->edccc055-c3f5-47df-b30f-76e8836f4c59: receive RaftClientReply:client-23C834B07313->edccc055-c3f5-47df-b30f-76e8836f4c59@group-ED32739C8BBB, cid=2425, SUCCESS, logIndex=0, commits[edccc055-c3f5-47df-b30f-76e8836f4c59:c3597, f9704f82-adf1-457c-ad29-9b573bc67fa6:c3593, 932806d8-5f5d-4457-8f95-c9b7f9036eae:c3593]
2019-08-07 03:27:26,332 INFO  client.GrpcClientProtocolClient (GrpcClientProtocolClient.java:onNext(255)) - client-23C834B07313->edccc055-c3f5-47df-b30f-76e8836f4c59: receive RaftClientReply:client-23C834B07313->edccc055-c3f5-47df-b30f-76e8836f4c59@group-ED32739C8BBB, cid=2426, SUCCESS, logIndex=3600, commits[edccc055-c3f5-47df-b30f-76e8836f4c59:c3601, f9704f82-adf1-457c-ad29-9b573bc67fa6:c3599, 932806d8-5f5d-4457-8f95-c9b7f9036eae:c3599]
2019-08-07 03:27:26,332 INFO  client.GrpcClientProtocolClient (GrpcClientProtocolClient.java:onNext(255)) - client-23C834B07313->edccc055-c3f5-47df-b30f-76e8836f4c59: receive RaftClientReply:client-23C834B07313->edccc055-c3f5-47df-b30f-76e8836f4c59@group-ED32739C8BBB, cid=2427, SUCCESS, logIndex=3601, commits[edccc055-c3f5-47df-b30f-76e8836f4c59:c3601, f9704f82-adf1-457c-ad29-9b573bc67fa6:c3599, 932806d8-5f5d-4457-8f95-c9b7f9036eae:c3599]
2019-08-07 03:27:26,359 INFO  client.GrpcClientProtocolClient (GrpcClientProtocolClient.java:onNext(255)) - client-23C834B07313->edccc055-c3f5-47df-b30f-76e8836f4c59: receive RaftClientReply:client-23C834B07313->edccc055-c3f5-47df-b30f-76e8836f4c59@group-ED32739C8BBB, cid=2428, SUCCESS, logIndex=3604, commits[edccc055-c3f5-47df-b30f-76e8836f4c59:c3605, f9704f82-adf1-457c-ad29-9b573bc67fa6:c3600, 932806d8-5f5d-4457-8f95-c9b7f9036eae:c3601]
2019-08-07 03:27:26,359 INFO  client.GrpcClientProtocolClient (GrpcClientProtocolClient.java:onNext(255)) - client-23C834B07313->edccc055-c3f5-47df-b30f-76e8836f4c59: receive RaftClientReply:client-23C834B07313->edccc055-c3f5-47df-b30f-76e8836f4c59@group-ED32739C8BBB, cid=2429, SUCCESS, logIndex=3605, commits[edccc055-c3f5-47df-b30f-76e8836f4c59:c3605, f9704f82-adf1-457c-ad29-9b573bc67fa6:c3601, 932806d8-5f5d-4457-8f95-c9b7f9036eae:c3601]
2019-08-07 03:27:26,386 INFO  client.GrpcClientProtocolClient (GrpcClientProtocolClient.java:onNext(255)) - client-23C834B07313->edccc055-c3f5-47df-b30f-76e8836f4c59: receive RaftClientReply:client-23C834B07313->edccc055-c3f5-47df-b30f-76e8836f4c59@group-ED32739C8BBB, cid=2430, SUCCESS, logIndex=0, commits[edccc055-c3f5-47df-b30f-76e8836f4c59:c3606, f9704f82-adf1-457c-ad29-9b573bc67fa6:c3605, 932806d8-5f5d-4457-8f95-c9b7f9036eae:c3605]
2019-08-07 03:27:26,423 INFO  client.GrpcClientProtocolClient (GrpcClientProtocolClient.java:onNext(255)) - client-23C834B07313->edccc055-c3f5-47df-b30f-76e8836f4c59: receive RaftClientReply:client-23C834B07313->edccc055-c3f5-47df-b30f-76e8836f4c59@group-ED32739C8BBB, cid=2431, SUCCESS, logIndex=3608, commits[edccc055-c3f5-47df-b30f-76e8836f4c59:c3609, f9704f82-adf1-457c-ad29-9b573bc67fa6:c3607, 932806d8-5f5d-4457-8f95-c9b7f9036eae:c3607]
2019-08-07 03:27:26,423 INFO  client.GrpcClientProtocolClient (GrpcClientProtocolClient.java:onNext(255)) - client-23C834B07313->edccc055-c3f5-47df-b30f-76e8836f4c59: receive RaftClientReply:client-23C834B07313->edccc055-c3f5-47df-b30f-76e8836f4c59@group-ED32739C8BBB, cid=2432, SUCCESS, logIndex=3609, commits[edccc055-c3f5-47df-b30f-76e8836f4c59:c3609, f9704f82-adf1-457c-ad29-9b573bc67fa6:c3607, 932806d8-5f5d-4457-8f95-c9b7f9036eae:c3607]
 0.00% |█                                                                                                    |  0/1 Time: 0:00:222019-08-07 03:27:26,433 INFO  client.GrpcClientProtocolClient (GrpcClientProtocolClient.java:onNext(255)) - client-23C834B07313->edccc055-c3f5-47df-b30f-76e8836f4c59: receive RaftClientReply:client-23C834B07313->edccc055-c3f5-47df-b30f-76e8836f4c59@group-ED32739C8BBB, cid=2433, SUCCESS, logIndex=3610, commits[edccc055-c3f5-47df-b30f-76e8836f4c59:c3611, f9704f82-adf1-457c-ad29-9b573bc67fa6:c3607, 932806d8-5f5d-4457-8f95-c9b7f9036eae:c3607]
2019-08-07 03:27:26,433 INFO  client.GrpcClientProtocolClient (GrpcClientProtocolClient.java:onNext(255)) - client-23C834B07313->edccc055-c3f5-47df-b30f-76e8836f4c59: receive RaftClientReply:client-23C834B07313->edccc055-c3f5-47df-b30f-76e8836f4c59@group-ED32739C8BBB, cid=2434, SUCCESS, logIndex=3611, commits[edccc055-c3f5-47df-b30f-76e8836f4c59:c3611, f9704f82-adf1-457c-ad29-9b573bc67fa6:c3607, 932806d8-5f5d-4457-8f95-c9b7f9036eae:c3607]
2019-08-07 03:27:26,448 INFO  client.GrpcClientProtocolClient (GrpcClientProtocolClient.java:onNext(255)) - client-23C834B07313->edccc055-c3f5-47df-b30f-76e8836f4c59: receive RaftClientReply:client-23C834B07313->edccc055-c3f5-47df-b30f-76e8836f4c59@group-ED32739C8BBB, cid=2435, SUCCESS, logIndex=0, commits[edccc055-c3f5-47df-b30f-76e8836f4c59:c3613, f9704f82-adf1-457c-ad29-9b573bc67fa6:c3609, 932806d8-5f5d-4457-8f95-c9b7f9036eae:c3609]
2019-08-07 03:27:26,471 INFO  client.GrpcClientProtocolClient (GrpcClientProtocolClient.java:onNext(255)) - client-23C834B07313->edccc055-c3f5-47df-b30f-76e8836f4c59: receive RaftClientReply:client-23C834B07313->edccc055-c3f5-47df-b30f-76e8836f4c59@group-ED32739C8BBB, cid=2436, SUCCESS, logIndex=3616, commits[edccc055-c3f5-47df-b30f-76e8836f4c59:c3617, f9704f82-adf1-457c-ad29-9b573bc67fa6:c3609, 932806d8-5f5d-4457-8f95-c9b7f9036eae:c3615]
2019-08-07 03:27:26,472 INFO  client.GrpcClientProtocolClient (GrpcClientProtocolClient.java:onNext(255)) - client-23C834B07313->edccc055-c3f5-47df-b30f-76e8836f4c59: receive RaftClientReply:client-23C834B07313->edccc055-c3f5-47df-b30f-76e8836f4c59@group-ED32739C8BBB, cid=2437, SUCCESS, logIndex=3617, commits[edccc055-c3f5-47df-b30f-76e8836f4c59:c3617, f9704f82-adf1-457c-ad29-9b573bc67fa6:c3615, 932806d8-5f5d-4457-8f95-c9b7f9036eae:c3615]
2019-08-07 03:27:26,495 INFO  client.GrpcClientProtocolClient (GrpcClientProtocolClient.java:onNext(255)) - client-23C834B07313->edccc055-c3f5-47df-b30f-76e8836f4c59: receive RaftClientReply:client-23C834B07313->edccc055-c3f5-47df-b30f-76e8836f4c59@group-ED32739C8BBB, cid=2438, SUCCESS, logIndex=3620, commits[edccc055-c3f5-47df-b30f-76e8836f4c59:c3621, f9704f82-adf1-457c-ad29-9b573bc67fa6:c3617, 932806d8-5f5d-4457-8f95-c9b7f9036eae:c3617]
2019-08-07 03:27:26,496 INFO  client.GrpcClientProtocolClient (GrpcClientProtocolClient.java:onNext(255)) - client-23C834B07313->edccc055-c3f5-47df-b30f-76e8836f4c59: receive RaftClientReply:client-23C834B07313->edccc055-c3f5-47df-b30f-76e8836f4c59@group-ED32739C8BBB, cid=2439, SUCCESS, logIndex=3621, commits[edccc055-c3f5-47df-b30f-76e8836f4c59:c3621, f9704f82-adf1-457c-ad29-9b573bc67fa6:c3617, 932806d8-5f5d-4457-8f95-c9b7f9036eae:c3617]
2019-08-07 03:27:26,504 INFO  client.GrpcClientProtocolClient (GrpcClientProtocolClient.java:onNext(255)) - client-23C834B07313->edccc055-c3f5-47df-b30f-76e8836f4c59: receive RaftClientReply:client-23C834B07313->edccc055-c3f5-47df-b30f-76e8836f4c59@group-ED32739C8BBB, cid=2440, SUCCESS, logIndex=0, commits[edccc055-c3f5-47df-b30f-76e8836f4c59:c3623, f9704f82-adf1-457c-ad29-9b573bc67fa6:c3621, 932806d8-5f5d-4457-8f95-c9b7f9036eae:c3621]
2019-08-07 03:27:26,545 INFO  client.GrpcClientProtocolClient (GrpcClientProtocolClient.java:onNext(255)) - client-23C834B07313->edccc055-c3f5-47df-b30f-76e8836f4c59: receive RaftClientReply:client-23C834B07313->edccc055-c3f5-47df-b30f-76e8836f4c59@group-ED32739C8BBB, cid=2441, SUCCESS, logIndex=3624, commits[edccc055-c3f5-47df-b30f-76e8836f4c59:c3627, f9704f82-adf1-457c-ad29-9b573bc67fa6:c3623, 932806d8-5f5d-4457-8f95-c9b7f9036eae:c3623]
2019-08-07 03:27:26,546 INFO  client.GrpcClientProtocolClient (GrpcClientProtocolClient.java:onNext(255)) - client-23C834B07313->edccc055-c3f5-47df-b30f-76e8836f4c59: receive RaftClientReply:client-23C834B07313->edccc055-c3f5-47df-b30f-76e8836f4c59@group-ED32739C8BBB, cid=2442, SUCCESS, logIndex=3625, commits[edccc055-c3f5-47df-b30f-76e8836f4c59:c3627, f9704f82-adf1-457c-ad29-9b573bc67fa6:c3623, 932806d8-5f5d-4457-8f95-c9b7f9036eae:c3623]
2019-08-07 03:27:26,546 INFO  client.GrpcClientProtocolClient (GrpcClientProtocolClient.java:onNext(255)) - client-23C834B07313->edccc055-c3f5-47df-b30f-76e8836f4c59: receive RaftClientReply:client-23C834B07313->edccc055-c3f5-47df-b30f-76e8836f4c59@group-ED32739C8BBB, cid=2443, SUCCESS, logIndex=3626, commits[edccc055-c3f5-47df-b30f-76e8836f4c59:c3627, f9704f82-adf1-457c-ad29-9b573bc67fa6:c3623, 932806d8-5f5d-4457-8f95-c9b7f9036eae:c3623]
2019-08-07 03:27:26,547 INFO  client.GrpcClientProtocolClient (GrpcClientProtocolClient.java:onNext(255)) - client-23C834B07313->edccc055-c3f5-47df-b30f-76e8836f4c59: receive RaftClientReply:client-23C834B07313->edccc055-c3f5-47df-b30f-76e8836f4c59@group-ED32739C8BBB, cid=2444, SUCCESS, logIndex=3627, commits[edccc055-c3f5-47df-b30f-76e8836f4c59:c3627, f9704f82-adf1-457c-ad29-9b573bc67fa6:c3623, 932806d8-5f5d-4457-8f95-c9b7f9036eae:c3623]
2019-08-07 03:27:26,558 INFO  client.GrpcClientProtocolClient (GrpcClientProtocolClient.java:onNext(255)) - client-23C834B07313->edccc055-c3f5-47df-b30f-76e8836f4c59: receive RaftClientReply:client-23C834B07313->edccc055-c3f5-47df-b30f-76e8836f4c59@group-ED32739C8BBB, cid=2445, SUCCESS, logIndex=0, commits[edccc055-c3f5-47df-b30f-76e8836f4c59:c3629, f9704f82-adf1-457c-ad29-9b573bc67fa6:c3627, 932806d8-5f5d-4457-8f95-c9b7f9036eae:c3627]
2019-08-07 03:27:26,578 INFO  client.GrpcClientProtocolClient (GrpcClientProtocolClient.java:onNext(255)) - client-23C834B07313->edccc055-c3f5-47df-b30f-76e8836f4c59: receive RaftClientReply:client-23C834B07313->edccc055-c3f5-47df-b30f-76e8836f4c59@group-ED32739C8BBB, cid=2446, SUCCESS, logIndex=3630, commits[edccc055-c3f5-47df-b30f-76e8836f4c59:c3631, f9704f82-adf1-457c-ad29-9b573bc67fa6:c3629, 932806d8-5f5d-4457-8f95-c9b7f9036eae:c3629]
2019-08-07 03:27:26,578 INFO  client.GrpcClientProtocolClient (GrpcClientProtocolClient.java:onNext(255)) - client-23C834B07313->edccc055-c3f5-47df-b30f-76e8836f4c59: receive RaftClientReply:client-23C834B07313->edccc055-c3f5-47df-b30f-76e8836f4c59@group-ED32739C8BBB, cid=2447, SUCCESS, logIndex=3631, commits[edccc055-c3f5-47df-b30f-76e8836f4c59:c3631, f9704f82-adf1-457c-ad29-9b573bc67fa6:c3629, 932806d8-5f5d-4457-8f95-c9b7f9036eae:c3629]
2019-08-07 03:27:26,605 INFO  client.GrpcClientProtocolClient (GrpcClientProtocolClient.java:onNext(255)) - client-23C834B07313->edccc055-c3f5-47df-b30f-76e8836f4c59: receive RaftClientReply:client-23C834B07313->edccc055-c3f5-47df-b30f-76e8836f4c59@group-ED32739C8BBB, cid=2448, SUCCESS, logIndex=3634, commits[edccc055-c3f5-47df-b30f-76e8836f4c59:c3635, f9704f82-adf1-457c-ad29-9b573bc67fa6:c3631, 932806d8-5f5d-4457-8f95-c9b7f9036eae:c3631]
2019-08-07 03:27:26,606 INFO  client.GrpcClientProtocolClient (GrpcClientProtocolClient.java:onNext(255)) - client-23C834B07313->edccc055-c3f5-47df-b30f-76e8836f4c59: receive RaftClientReply:client-23C834B07313->edccc055-c3f5-47df-b30f-76e8836f4c59@group-ED32739C8BBB, cid=2449, SUCCESS, logIndex=3635, commits[edccc055-c3f5-47df-b30f-76e8836f4c59:c3635, f9704f82-adf1-457c-ad29-9b573bc67fa6:c3631, 932806d8-5f5d-4457-8f95-c9b7f9036eae:c3631]
2019-08-07 03:27:26,618 INFO  client.GrpcClientProtocolClient (GrpcClientProtocolClient.java:onNext(255)) - client-23C834B07313->edccc055-c3f5-47df-b30f-76e8836f4c59: receive RaftClientReply:client-23C834B07313->edccc055-c3f5-47df-b30f-76e8836f4c59@group-ED32739C8BBB, cid=2450, SUCCESS, logIndex=0, commits[edccc055-c3f5-47df-b30f-76e8836f4c59:c3636, f9704f82-adf1-457c-ad29-9b573bc67fa6:c3635, 932806d8-5f5d-4457-8f95-c9b7f9036eae:c3635]
2019-08-07 03:27:26,654 INFO  client.GrpcClientProtocolClient (GrpcClientProtocolClient.java:onNext(255)) - client-23C834B07313->edccc055-c3f5-47df-b30f-76e8836f4c59: receive RaftClientReply:client-23C834B07313->edccc055-c3f5-47df-b30f-76e8836f4c59@group-ED32739C8BBB, cid=2451, SUCCESS, logIndex=3638, commits[edccc055-c3f5-47df-b30f-76e8836f4c59:c3639, f9704f82-adf1-457c-ad29-9b573bc67fa6:c3637, 932806d8-5f5d-4457-8f95-c9b7f9036eae:c3637]
2019-08-07 03:27:26,654 INFO  client.GrpcClientProtocolClient (GrpcClientProtocolClient.java:onNext(255)) - client-23C834B07313->edccc055-c3f5-47df-b30f-76e8836f4c59: receive RaftClientReply:client-23C834B07313->edccc055-c3f5-47df-b30f-76e8836f4c59@group-ED32739C8BBB, cid=2452, SUCCESS, logIndex=3639, commits[edccc055-c3f5-47df-b30f-76e8836f4c59:c3639, f9704f82-adf1-457c-ad29-9b573bc67fa6:c3637, 932806d8-5f5d-4457-8f95-c9b7f9036eae:c3637]
2019-08-07 03:27:26,667 INFO  client.GrpcClientProtocolClient (GrpcClientProtocolClient.java:onNext(255)) - client-23C834B07313->edccc055-c3f5-47df-b30f-76e8836f4c59: receive RaftClientReply:client-23C834B07313->edccc055-c3f5-47df-b30f-76e8836f4c59@group-ED32739C8BBB, cid=2453, SUCCESS, logIndex=3640, commits[edccc055-c3f5-47df-b30f-76e8836f4c59:c3641, f9704f82-adf1-457c-ad29-9b573bc67fa6:c3637, 932806d8-5f5d-4457-8f95-c9b7f9036eae:c3637]
2019-08-07 03:27:26,667 INFO  client.GrpcClientProtocolClient (GrpcClientProtocolClient.java:onNext(255)) - client-23C834B07313->edccc055-c3f5-47df-b30f-76e8836f4c59: receive RaftClientReply:client-23C834B07313->edccc055-c3f5-47df-b30f-76e8836f4c59@group-ED32739C8BBB, cid=2454, SUCCESS, logIndex=3641, commits[edccc055-c3f5-47df-b30f-76e8836f4c59:c3641, f9704f82-adf1-457c-ad29-9b573bc67fa6:c3637, 932806d8-5f5d-4457-8f95-c9b7f9036eae:c3637]
2019-08-07 03:27:26,678 INFO  client.GrpcClientProtocolClient (GrpcClientProtocolClient.java:onNext(255)) - client-23C834B07313->edccc055-c3f5-47df-b30f-76e8836f4c59: receive RaftClientReply:client-23C834B07313->edccc055-c3f5-47df-b30f-76e8836f4c59@group-ED32739C8BBB, cid=2455, SUCCESS, logIndex=0, commits[edccc055-c3f5-47df-b30f-76e8836f4c59:c3643, f9704f82-adf1-457c-ad29-9b573bc67fa6:c3639, 932806d8-5f5d-4457-8f95-c9b7f9036eae:c3639]
2019-08-07 03:27:26,694 INFO  client.GrpcClientProtocolClient (GrpcClientProtocolClient.java:onNext(255)) - client-23C834B07313->edccc055-c3f5-47df-b30f-76e8836f4c59: receive RaftClientReply:client-23C834B07313->edccc055-c3f5-47df-b30f-76e8836f4c59@group-ED32739C8BBB, cid=2456, SUCCESS, logIndex=3646, commits[edccc055-c3f5-47df-b30f-76e8836f4c59:c3647, f9704f82-adf1-457c-ad29-9b573bc67fa6:c3645, 932806d8-5f5d-4457-8f95-c9b7f9036eae:c3641]
2019-08-07 03:27:26,694 INFO  client.GrpcClientProtocolClient (GrpcClientProtocolClient.java:onNext(255)) - client-23C834B07313->edccc055-c3f5-47df-b30f-76e8836f4c59: receive RaftClientReply:client-23C834B07313->edccc055-c3f5-47df-b30f-76e8836f4c59@group-ED32739C8BBB, cid=2457, SUCCESS, logIndex=3647, commits[edccc055-c3f5-47df-b30f-76e8836f4c59:c3647, f9704f82-adf1-457c-ad29-9b573bc67fa6:c3645, 932806d8-5f5d-4457-8f95-c9b7f9036eae:c3641]
2019-08-07 03:27:26,710 INFO  client.GrpcClientProtocolClient (GrpcClientProtocolClient.java:onNext(255)) - client-23C834B07313->edccc055-c3f5-47df-b30f-76e8836f4c59: receive RaftClientReply:client-23C834B07313->edccc055-c3f5-47df-b30f-76e8836f4c59@group-ED32739C8BBB, cid=2458, SUCCESS, logIndex=3650, commits[edccc055-c3f5-47df-b30f-76e8836f4c59:c3651, f9704f82-adf1-457c-ad29-9b573bc67fa6:c3647, 932806d8-5f5d-4457-8f95-c9b7f9036eae:c3647]
2019-08-07 03:27:26,710 INFO  client.GrpcClientProtocolClient (GrpcClientProtocolClient.java:onNext(255)) - client-23C834B07313->edccc055-c3f5-47df-b30f-76e8836f4c59: receive RaftClientReply:client-23C834B07313->edccc055-c3f5-47df-b30f-76e8836f4c59@group-ED32739C8BBB, cid=2459, SUCCESS, logIndex=3651, commits[edccc055-c3f5-47df-b30f-76e8836f4c59:c3651, f9704f82-adf1-457c-ad29-9b573bc67fa6:c3647, 932806d8-5f5d-4457-8f95-c9b7f9036eae:c3647]
2019-08-07 03:27:26,713 INFO  client.GrpcClientProtocolClient (GrpcClientProtocolClient.java:onNext(255)) - client-23C834B07313->edccc055-c3f5-47df-b30f-76e8836f4c59: receive RaftClientReply:client-23C834B07313->edccc055-c3f5-47df-b30f-76e8836f4c59@group-ED32739C8BBB, cid=2460, SUCCESS, logIndex=0, commits[edccc055-c3f5-47df-b30f-76e8836f4c59:c3652, f9704f82-adf1-457c-ad29-9b573bc67fa6:c3651, 932806d8-5f5d-4457-8f95-c9b7f9036eae:c3651]
2019-08-07 03:27:26,755 INFO  client.GrpcClientProtocolClient (GrpcClientProtocolClient.java:onNext(255)) - client-23C834B07313->edccc055-c3f5-47df-b30f-76e8836f4c59: receive RaftClientReply:client-23C834B07313->edccc055-c3f5-47df-b30f-76e8836f4c59@group-ED32739C8BBB, cid=2461, SUCCESS, logIndex=3653, commits[edccc055-c3f5-47df-b30f-76e8836f4c59:c3654, f9704f82-adf1-457c-ad29-9b573bc67fa6:c3652, 932806d8-5f5d-4457-8f95-c9b7f9036eae:c3652]
2019-08-07 03:27:26,756 INFO  client.GrpcClientProtocolClient (GrpcClientProtocolClient.java:onNext(255)) - client-23C834B07313->edccc055-c3f5-47df-b30f-76e8836f4c59: receive RaftClientReply:client-23C834B07313->edccc055-c3f5-47df-b30f-76e8836f4c59@group-ED32739C8BBB, cid=2462, SUCCESS, logIndex=3654, commits[edccc055-c3f5-47df-b30f-76e8836f4c59:c3656, f9704f82-adf1-457c-ad29-9b573bc67fa6:c3652, 932806d8-5f5d-4457-8f95-c9b7f9036eae:c3652]
2019-08-07 03:27:26,756 INFO  client.GrpcClientProtocolClient (GrpcClientProtocolClient.java:onNext(255)) - client-23C834B07313->edccc055-c3f5-47df-b30f-76e8836f4c59: receive RaftClientReply:client-23C834B07313->edccc055-c3f5-47df-b30f-76e8836f4c59@group-ED32739C8BBB, cid=2463, SUCCESS, logIndex=3655, commits[edccc055-c3f5-47df-b30f-76e8836f4c59:c3656, f9704f82-adf1-457c-ad29-9b573bc67fa6:c3652, 932806d8-5f5d-4457-8f95-c9b7f9036eae:c3652]
2019-08-07 03:27:26,757 INFO  client.GrpcClientProtocolClient (GrpcClientProtocolClient.java:onNext(255)) - client-23C834B07313->edccc055-c3f5-47df-b30f-76e8836f4c59: receive RaftClientReply:client-23C834B07313->edccc055-c3f5-47df-b30f-76e8836f4c59@group-ED32739C8BBB, cid=2464, SUCCESS, logIndex=3656, commits[edccc055-c3f5-47df-b30f-76e8836f4c59:c3656, f9704f82-adf1-457c-ad29-9b573bc67fa6:c3652, 932806d8-5f5d-4457-8f95-c9b7f9036eae:c3652]
2019-08-07 03:27:26,769 INFO  client.GrpcClientProtocolClient (GrpcClientProtocolClient.java:onNext(255)) - client-23C834B07313->edccc055-c3f5-47df-b30f-76e8836f4c59: receive RaftClientReply:client-23C834B07313->edccc055-c3f5-47df-b30f-76e8836f4c59@group-ED32739C8BBB, cid=2465, SUCCESS, logIndex=0, commits[edccc055-c3f5-47df-b30f-76e8836f4c59:c3658, f9704f82-adf1-457c-ad29-9b573bc67fa6:c3654, 932806d8-5f5d-4457-8f95-c9b7f9036eae:c3654]
2019-08-07 03:27:26,791 INFO  client.GrpcClientProtocolClient (GrpcClientProtocolClient.java:onNext(255)) - client-23C834B07313->edccc055-c3f5-47df-b30f-76e8836f4c59: receive RaftClientReply:client-23C834B07313->edccc055-c3f5-47df-b30f-76e8836f4c59@group-ED32739C8BBB, cid=2466, SUCCESS, logIndex=3660, commits[edccc055-c3f5-47df-b30f-76e8836f4c59:c3661, f9704f82-adf1-457c-ad29-9b573bc67fa6:c3659, 932806d8-5f5d-4457-8f95-c9b7f9036eae:c3659]
2019-08-07 03:27:26,791 INFO  client.GrpcClientProtocolClient (GrpcClientProtocolClient.java:onNext(255)) - client-23C834B07313->edccc055-c3f5-47df-b30f-76e8836f4c59: receive RaftClientReply:client-23C834B07313->edccc055-c3f5-47df-b30f-76e8836f4c59@group-ED32739C8BBB, cid=2467, SUCCESS, logIndex=3661, commits[edccc055-c3f5-47df-b30f-76e8836f4c59:c3661, f9704f82-adf1-457c-ad29-9b573bc67fa6:c3659, 932806d8-5f5d-4457-8f95-c9b7f9036eae:c3659]
2019-08-07 03:27:26,815 INFO  client.GrpcClientProtocolClient (GrpcClientProtocolClient.java:onNext(255)) - client-23C834B07313->edccc055-c3f5-47df-b30f-76e8836f4c59: receive RaftClientReply:client-23C834B07313->edccc055-c3f5-47df-b30f-76e8836f4c59@group-ED32739C8BBB, cid=2468, SUCCESS, logIndex=3664, commits[edccc055-c3f5-47df-b30f-76e8836f4c59:c3665, f9704f82-adf1-457c-ad29-9b573bc67fa6:c3661, 932806d8-5f5d-4457-8f95-c9b7f9036eae:c3661]
2019-08-07 03:27:26,816 INFO  client.GrpcClientProtocolClient (GrpcClientProtocolClient.java:onNext(255)) - client-23C834B07313->edccc055-c3f5-47df-b30f-76e8836f4c59: receive RaftClientReply:client-23C834B07313->edccc055-c3f5-47df-b30f-76e8836f4c59@group-ED32739C8BBB, cid=2469, SUCCESS, logIndex=3665, commits[edccc055-c3f5-47df-b30f-76e8836f4c59:c3665, f9704f82-adf1-457c-ad29-9b573bc67fa6:c3661, 932806d8-5f5d-4457-8f95-c9b7f9036eae:c3661]
2019-08-07 03:27:26,819 INFO  client.GrpcClientProtocolClient (GrpcClientProtocolClient.java:onNext(255)) - client-23C834B07313->edccc055-c3f5-47df-b30f-76e8836f4c59: receive RaftClientReply:client-23C834B07313->edccc055-c3f5-47df-b30f-76e8836f4c59@group-ED32739C8BBB, cid=2470, SUCCESS, logIndex=0, commits[edccc055-c3f5-47df-b30f-76e8836f4c59:c3666, f9704f82-adf1-457c-ad29-9b573bc67fa6:c3665, 932806d8-5f5d-4457-8f95-c9b7f9036eae:c3665]
2019-08-07 03:27:26,850 INFO  client.GrpcClientProtocolClient (GrpcClientProtocolClient.java:onNext(255)) - client-23C834B07313->edccc055-c3f5-47df-b30f-76e8836f4c59: receive RaftClientReply:client-23C834B07313->edccc055-c3f5-47df-b30f-76e8836f4c59@group-ED32739C8BBB, cid=2471, SUCCESS, logIndex=3668, commits[edccc055-c3f5-47df-b30f-76e8836f4c59:c3669, f9704f82-adf1-457c-ad29-9b573bc67fa6:c3667, 932806d8-5f5d-4457-8f95-c9b7f9036eae:c3667]
2019-08-07 03:27:26,850 INFO  client.GrpcClientProtocolClient (GrpcClientProtocolClient.java:onNext(255)) - client-23C834B07313->edccc055-c3f5-47df-b30f-76e8836f4c59: receive RaftClientReply:client-23C834B07313->edccc055-c3f5-47df-b30f-76e8836f4c59@group-ED32739C8BBB, cid=2472, SUCCESS, logIndex=3669, commits[edccc055-c3f5-47df-b30f-76e8836f4c59:c3670, f9704f82-adf1-457c-ad29-9b573bc67fa6:c3667, 932806d8-5f5d-4457-8f95-c9b7f9036eae:c3667]
2019-08-07 03:27:26,850 INFO  client.GrpcClientProtocolClient (GrpcClientProtocolClient.java:onNext(255)) - client-23C834B07313->edccc055-c3f5-47df-b30f-76e8836f4c59: receive RaftClientReply:client-23C834B07313->edccc055-c3f5-47df-b30f-76e8836f4c59@group-ED32739C8BBB, cid=2473, SUCCESS, logIndex=3670, commits[edccc055-c3f5-47df-b30f-76e8836f4c59:c3671, f9704f82-adf1-457c-ad29-9b573bc67fa6:c3667, 932806d8-5f5d-4457-8f95-c9b7f9036eae:c3667]
2019-08-07 03:27:26,851 INFO  client.GrpcClientProtocolClient (GrpcClientProtocolClient.java:onNext(255)) - client-23C834B07313->edccc055-c3f5-47df-b30f-76e8836f4c59: receive RaftClientReply:client-23C834B07313->edccc055-c3f5-47df-b30f-76e8836f4c59@group-ED32739C8BBB, cid=2474, SUCCESS, logIndex=3671, commits[edccc055-c3f5-47df-b30f-76e8836f4c59:c3671, f9704f82-adf1-457c-ad29-9b573bc67fa6:c3667, 932806d8-5f5d-4457-8f95-c9b7f9036eae:c3667]
2019-08-07 03:27:26,866 INFO  client.GrpcClientProtocolClient (GrpcClientProtocolClient.java:onNext(255)) - client-23C834B07313->edccc055-c3f5-47df-b30f-76e8836f4c59: receive RaftClientReply:client-23C834B07313->edccc055-c3f5-47df-b30f-76e8836f4c59@group-ED32739C8BBB, cid=2475, SUCCESS, logIndex=0, commits[edccc055-c3f5-47df-b30f-76e8836f4c59:c3674, f9704f82-adf1-457c-ad29-9b573bc67fa6:c3669, 932806d8-5f5d-4457-8f95-c9b7f9036eae:c3670]
2019-08-07 03:27:26,878 INFO  client.GrpcClientProtocolClient (GrpcClientProtocolClient.java:onNext(255)) - client-23C834B07313->edccc055-c3f5-47df-b30f-76e8836f4c59: receive RaftClientReply:client-23C834B07313->edccc055-c3f5-47df-b30f-76e8836f4c59@group-ED32739C8BBB, cid=2476, SUCCESS, logIndex=3676, commits[edccc055-c3f5-47df-b30f-76e8836f4c59:c3677, f9704f82-adf1-457c-ad29-9b573bc67fa6:c3671, 932806d8-5f5d-4457-8f95-c9b7f9036eae:c3674]
2019-08-07 03:27:26,879 INFO  client.GrpcClientProtocolClient (GrpcClientProtocolClient.java:onNext(255)) - client-23C834B07313->edccc055-c3f5-47df-b30f-76e8836f4c59: receive RaftClientReply:client-23C834B07313->edccc055-c3f5-47df-b30f-76e8836f4c59@group-ED32739C8BBB, cid=2477, SUCCESS, logIndex=3677, commits[edccc055-c3f5-47df-b30f-76e8836f4c59:c3677, f9704f82-adf1-457c-ad29-9b573bc67fa6:c3674, 932806d8-5f5d-4457-8f95-c9b7f9036eae:c3674]
2019-08-07 03:27:26,892 INFO  client.GrpcClientProtocolClient (GrpcClientProtocolClient.java:onNext(255)) - client-23C834B07313->edccc055-c3f5-47df-b30f-76e8836f4c59: receive RaftClientReply:client-23C834B07313->edccc055-c3f5-47df-b30f-76e8836f4c59@group-ED32739C8BBB, cid=2478, SUCCESS, logIndex=3680, commits[edccc055-c3f5-47df-b30f-76e8836f4c59:c3681, f9704f82-adf1-457c-ad29-9b573bc67fa6:c3678, 932806d8-5f5d-4457-8f95-c9b7f9036eae:c3677]
2019-08-07 03:27:26,893 INFO  client.GrpcClientProtocolClient (GrpcClientProtocolClient.java:onNext(255)) - client-23C834B07313->edccc055-c3f5-47df-b30f-76e8836f4c59: receive RaftClientReply:client-23C834B07313->edccc055-c3f5-47df-b30f-76e8836f4c59@group-ED32739C8BBB, cid=2479, SUCCESS, logIndex=3681, commits[edccc055-c3f5-47df-b30f-76e8836f4c59:c3681, f9704f82-adf1-457c-ad29-9b573bc67fa6:c3678, 932806d8-5f5d-4457-8f95-c9b7f9036eae:c3677]
2019-08-07 03:27:26,897 INFO  client.GrpcClientProtocolClient (GrpcClientProtocolClient.java:onNext(255)) - client-23C834B07313->edccc055-c3f5-47df-b30f-76e8836f4c59: receive RaftClientReply:client-23C834B07313->edccc055-c3f5-47df-b30f-76e8836f4c59@group-ED32739C8BBB, cid=2480, SUCCESS, logIndex=0, commits[edccc055-c3f5-47df-b30f-76e8836f4c59:c3682, f9704f82-adf1-457c-ad29-9b573bc67fa6:c3681, 932806d8-5f5d-4457-8f95-c9b7f9036eae:c3681]
2019-08-07 03:27:26,927 INFO  client.GrpcClientProtocolClient (GrpcClientProtocolClient.java:onNext(255)) - client-23C834B07313->edccc055-c3f5-47df-b30f-76e8836f4c59: receive RaftClientReply:client-23C834B07313->edccc055-c3f5-47df-b30f-76e8836f4c59@group-ED32739C8BBB, cid=2481, SUCCESS, logIndex=3684, commits[edccc055-c3f5-47df-b30f-76e8836f4c59:c3685, f9704f82-adf1-457c-ad29-9b573bc67fa6:c3683, 932806d8-5f5d-4457-8f95-c9b7f9036eae:c3683]
2019-08-07 03:27:26,928 INFO  client.GrpcClientProtocolClient (GrpcClientProtocolClient.java:onNext(255)) - client-23C834B07313->edccc055-c3f5-47df-b30f-76e8836f4c59: receive RaftClientReply:client-23C834B07313->edccc055-c3f5-47df-b30f-76e8836f4c59@group-ED32739C8BBB, cid=2482, SUCCESS, logIndex=3685, commits[edccc055-c3f5-47df-b30f-76e8836f4c59:c3685, f9704f82-adf1-457c-ad29-9b573bc67fa6:c3683, 932806d8-5f5d-4457-8f95-c9b7f9036eae:c3683]
2019-08-07 03:27:26,940 INFO  client.GrpcClientProtocolClient (GrpcClientProtocolClient.java:onNext(255)) - client-23C834B07313->edccc055-c3f5-47df-b30f-76e8836f4c59: receive RaftClientReply:client-23C834B07313->edccc055-c3f5-47df-b30f-76e8836f4c59@group-ED32739C8BBB, cid=2483, SUCCESS, logIndex=3686, commits[edccc055-c3f5-47df-b30f-76e8836f4c59:c3686, f9704f82-adf1-457c-ad29-9b573bc67fa6:c3683, 932806d8-5f5d-4457-8f95-c9b7f9036eae:c3683]
2019-08-07 03:27:26,940 INFO  client.GrpcClientProtocolClient (GrpcClientProtocolClient.java:onNext(255)) - client-23C834B07313->edccc055-c3f5-47df-b30f-76e8836f4c59: receive RaftClientReply:client-23C834B07313->edccc055-c3f5-47df-b30f-76e8836f4c59@group-ED32739C8BBB, cid=2484, SUCCESS, logIndex=3687, commits[edccc055-c3f5-47df-b30f-76e8836f4c59:c3687, f9704f82-adf1-457c-ad29-9b573bc67fa6:c3683, 932806d8-5f5d-4457-8f95-c9b7f9036eae:c3683]
2019-08-07 03:27:26,953 INFO  client.GrpcClientProtocolClient (GrpcClientProtocolClient.java:onNext(255)) - client-23C834B07313->edccc055-c3f5-47df-b30f-76e8836f4c59: receive RaftClientReply:client-23C834B07313->edccc055-c3f5-47df-b30f-76e8836f4c59@group-ED32739C8BBB, cid=2485, SUCCESS, logIndex=0, commits[edccc055-c3f5-47df-b30f-76e8836f4c59:c3689, f9704f82-adf1-457c-ad29-9b573bc67fa6:c3685, 932806d8-5f5d-4457-8f95-c9b7f9036eae:c3685]
2019-08-07 03:27:26,969 INFO  client.GrpcClientProtocolClient (GrpcClientProtocolClient.java:onNext(255)) - client-23C834B07313->edccc055-c3f5-47df-b30f-76e8836f4c59: receive RaftClientReply:client-23C834B07313->edccc055-c3f5-47df-b30f-76e8836f4c59@group-ED32739C8BBB, cid=2486, SUCCESS, logIndex=3692, commits[edccc055-c3f5-47df-b30f-76e8836f4c59:c3693, f9704f82-adf1-457c-ad29-9b573bc67fa6:c3689, 932806d8-5f5d-4457-8f95-c9b7f9036eae:c3689]
2019-08-07 03:27:26,969 INFO  client.GrpcClientProtocolClient (GrpcClientProtocolClient.java:onNext(255)) - client-23C834B07313->edccc055-c3f5-47df-b30f-76e8836f4c59: receive RaftClientReply:client-23C834B07313->edccc055-c3f5-47df-b30f-76e8836f4c59@group-ED32739C8BBB, cid=2487, SUCCESS, logIndex=3693, commits[edccc055-c3f5-47df-b30f-76e8836f4c59:c3693, f9704f82-adf1-457c-ad29-9b573bc67fa6:c3689, 932806d8-5f5d-4457-8f95-c9b7f9036eae:c3689]
2019-08-07 03:27:27,089 INFO  client.GrpcClientProtocolClient (GrpcClientProtocolClient.java:onNext(255)) - client-23C834B07313->edccc055-c3f5-47df-b30f-76e8836f4c59: receive RaftClientReply:client-23C834B07313->edccc055-c3f5-47df-b30f-76e8836f4c59@group-ED32739C8BBB, cid=2488, SUCCESS, logIndex=3696, commits[edccc055-c3f5-47df-b30f-76e8836f4c59:c3697, f9704f82-adf1-457c-ad29-9b573bc67fa6:c3695, 932806d8-5f5d-4457-8f95-c9b7f9036eae:c3695]
2019-08-07 03:27:27,090 INFO  client.GrpcClientProtocolClient (GrpcClientProtocolClient.java:onNext(255)) - client-23C834B07313->edccc055-c3f5-47df-b30f-76e8836f4c59: receive RaftClientReply:client-23C834B07313->edccc055-c3f5-47df-b30f-76e8836f4c59@group-ED32739C8BBB, cid=2489, SUCCESS, logIndex=3697, commits[edccc055-c3f5-47df-b30f-76e8836f4c59:c3697, f9704f82-adf1-457c-ad29-9b573bc67fa6:c3695, 932806d8-5f5d-4457-8f95-c9b7f9036eae:c3695]
2019-08-07 03:27:27,104 INFO  client.GrpcClientProtocolClient (GrpcClientProtocolClient.java:onNext(255)) - client-23C834B07313->edccc055-c3f5-47df-b30f-76e8836f4c59: receive RaftClientReply:client-23C834B07313->edccc055-c3f5-47df-b30f-76e8836f4c59@group-ED32739C8BBB, cid=2490, SUCCESS, logIndex=0, commits[edccc055-c3f5-47df-b30f-76e8836f4c59:c3699, f9704f82-adf1-457c-ad29-9b573bc67fa6:c3697, 932806d8-5f5d-4457-8f95-c9b7f9036eae:c3697]
2019-08-07 03:27:27,151 INFO  client.GrpcClientProtocolClient (GrpcClientProtocolClient.java:onNext(255)) - client-23C834B07313->edccc055-c3f5-47df-b30f-76e8836f4c59: receive RaftClientReply:client-23C834B07313->edccc055-c3f5-47df-b30f-76e8836f4c59@group-ED32739C8BBB, cid=2491, SUCCESS, logIndex=3700, commits[edccc055-c3f5-47df-b30f-76e8836f4c59:c3701, f9704f82-adf1-457c-ad29-9b573bc67fa6:c3699, 932806d8-5f5d-4457-8f95-c9b7f9036eae:c3699]
2019-08-07 03:27:27,153 INFO  client.GrpcClientProtocolClient (GrpcClientProtocolClient.java:onNext(255)) - client-23C834B07313->edccc055-c3f5-47df-b30f-76e8836f4c59: receive RaftClientReply:client-23C834B07313->edccc055-c3f5-47df-b30f-76e8836f4c59@group-ED32739C8BBB, cid=2492, SUCCESS, logIndex=3701, commits[edccc055-c3f5-47df-b30f-76e8836f4c59:c3701, f9704f82-adf1-457c-ad29-9b573bc67fa6:c3699, 932806d8-5f5d-4457-8f95-c9b7f9036eae:c3699]
2019-08-07 03:27:27,153 INFO  client.GrpcClientProtocolClient (GrpcClientProtocolClient.java:onNext(255)) - client-23C834B07313->edccc055-c3f5-47df-b30f-76e8836f4c59: receive RaftClientReply:client-23C834B07313->edccc055-c3f5-47df-b30f-76e8836f4c59@group-ED32739C8BBB, cid=2493, SUCCESS, logIndex=3702, commits[edccc055-c3f5-47df-b30f-76e8836f4c59:c3703, f9704f82-adf1-457c-ad29-9b573bc67fa6:c3699, 932806d8-5f5d-4457-8f95-c9b7f9036eae:c3699]
2019-08-07 03:27:27,154 INFO  client.GrpcClientProtocolClient (GrpcClientProtocolClient.java:onNext(255)) - client-23C834B07313->edccc055-c3f5-47df-b30f-76e8836f4c59: receive RaftClientReply:client-23C834B07313->edccc055-c3f5-47df-b30f-76e8836f4c59@group-ED32739C8BBB, cid=2494, SUCCESS, logIndex=3703, commits[edccc055-c3f5-47df-b30f-76e8836f4c59:c3703, f9704f82-adf1-457c-ad29-9b573bc67fa6:c3699, 932806d8-5f5d-4457-8f95-c9b7f9036eae:c3699]
2019-08-07 03:27:27,165 INFO  client.GrpcClientProtocolClient (GrpcClientProtocolClient.java:onNext(255)) - client-23C834B07313->edccc055-c3f5-47df-b30f-76e8836f4c59: receive RaftClientReply:client-23C834B07313->edccc055-c3f5-47df-b30f-76e8836f4c59@group-ED32739C8BBB, cid=2495, SUCCESS, logIndex=0, commits[edccc055-c3f5-47df-b30f-76e8836f4c59:c3705, f9704f82-adf1-457c-ad29-9b573bc67fa6:c3701, 932806d8-5f5d-4457-8f95-c9b7f9036eae:c3701]
2019-08-07 03:27:27,190 INFO  client.GrpcClientProtocolClient (GrpcClientProtocolClient.java:onNext(255)) - client-23C834B07313->edccc055-c3f5-47df-b30f-76e8836f4c59: receive RaftClientReply:client-23C834B07313->edccc055-c3f5-47df-b30f-76e8836f4c59@group-ED32739C8BBB, cid=2496, SUCCESS, logIndex=3708, commits[edccc055-c3f5-47df-b30f-76e8836f4c59:c3709, f9704f82-adf1-457c-ad29-9b573bc67fa6:c3707, 932806d8-5f5d-4457-8f95-c9b7f9036eae:c3707]
2019-08-07 03:27:27,190 INFO  client.GrpcClientProtocolClient (GrpcClientProtocolClient.java:onNext(255)) - client-23C834B07313->edccc055-c3f5-47df-b30f-76e8836f4c59: receive RaftClientReply:client-23C834B07313->edccc055-c3f5-47df-b30f-76e8836f4c59@group-ED32739C8BBB, cid=2497, SUCCESS, logIndex=3709, commits[edccc055-c3f5-47df-b30f-76e8836f4c59:c3709, f9704f82-adf1-457c-ad29-9b573bc67fa6:c3707, 932806d8-5f5d-4457-8f95-c9b7f9036eae:c3707]
2019-08-07 03:27:27,217 INFO  client.GrpcClientProtocolClient (GrpcClientProtocolClient.java:onNext(255)) - client-23C834B07313->edccc055-c3f5-47df-b30f-76e8836f4c59: receive RaftClientReply:client-23C834B07313->edccc055-c3f5-47df-b30f-76e8836f4c59@group-ED32739C8BBB, cid=2498, SUCCESS, logIndex=3712, commits[edccc055-c3f5-47df-b30f-76e8836f4c59:c3713, f9704f82-adf1-457c-ad29-9b573bc67fa6:c3709, 932806d8-5f5d-4457-8f95-c9b7f9036eae:c3709]
2019-08-07 03:27:27,217 INFO  client.GrpcClientProtocolClient (GrpcClientProtocolClient.java:onNext(255)) - client-23C834B07313->edccc055-c3f5-47df-b30f-76e8836f4c59: receive RaftClientReply:client-23C834B07313->edccc055-c3f5-47df-b30f-76e8836f4c59@group-ED32739C8BBB, cid=2499, SUCCESS, logIndex=3713, commits[edccc055-c3f5-47df-b30f-76e8836f4c59:c3713, f9704f82-adf1-457c-ad29-9b573bc67fa6:c3709, 932806d8-5f5d-4457-8f95-c9b7f9036eae:c3709]
2019-08-07 03:27:27,231 INFO  client.GrpcClientProtocolClient (GrpcClientProtocolClient.java:onNext(255)) - client-23C834B07313->edccc055-c3f5-47df-b30f-76e8836f4c59: receive RaftClientReply:client-23C834B07313->edccc055-c3f5-47df-b30f-76e8836f4c59@group-ED32739C8BBB, cid=2500, SUCCESS, logIndex=0, commits[edccc055-c3f5-47df-b30f-76e8836f4c59:c3714, f9704f82-adf1-457c-ad29-9b573bc67fa6:c3713, 932806d8-5f5d-4457-8f95-c9b7f9036eae:c3713]
2019-08-07 03:27:27,269 INFO  client.GrpcClientProtocolClient (GrpcClientProtocolClient.java:onNext(255)) - client-23C834B07313->edccc055-c3f5-47df-b30f-76e8836f4c59: receive RaftClientReply:client-23C834B07313->edccc055-c3f5-47df-b30f-76e8836f4c59@group-ED32739C8BBB, cid=2501, SUCCESS, logIndex=3716, commits[edccc055-c3f5-47df-b30f-76e8836f4c59:c3717, f9704f82-adf1-457c-ad29-9b573bc67fa6:c3715, 932806d8-5f5d-4457-8f95-c9b7f9036eae:c3715]
2019-08-07 03:27:27,269 INFO  client.GrpcClientProtocolClient (GrpcClientProtocolClient.java:onNext(255)) - client-23C834B07313->edccc055-c3f5-47df-b30f-76e8836f4c59: receive RaftClientReply:client-23C834B07313->edccc055-c3f5-47df-b30f-76e8836f4c59@group-ED32739C8BBB, cid=2502, SUCCESS, logIndex=3717, commits[edccc055-c3f5-47df-b30f-76e8836f4c59:c3717, f9704f82-adf1-457c-ad29-9b573bc67fa6:c3715, 932806d8-5f5d-4457-8f95-c9b7f9036eae:c3715]
2019-08-07 03:27:27,281 INFO  client.GrpcClientProtocolClient (GrpcClientProtocolClient.java:onNext(255)) - client-23C834B07313->edccc055-c3f5-47df-b30f-76e8836f4c59: receive RaftClientReply:client-23C834B07313->edccc055-c3f5-47df-b30f-76e8836f4c59@group-ED32739C8BBB, cid=2503, SUCCESS, logIndex=3718, commits[edccc055-c3f5-47df-b30f-76e8836f4c59:c3719, f9704f82-adf1-457c-ad29-9b573bc67fa6:c3715, 932806d8-5f5d-4457-8f95-c9b7f9036eae:c3715]
2019-08-07 03:27:27,282 INFO  client.GrpcClientProtocolClient (GrpcClientProtocolClient.java:onNext(255)) - client-23C834B07313->edccc055-c3f5-47df-b30f-76e8836f4c59: receive RaftClientReply:client-23C834B07313->edccc055-c3f5-47df-b30f-76e8836f4c59@group-ED32739C8BBB, cid=2504, SUCCESS, logIndex=3719, commits[edccc055-c3f5-47df-b30f-76e8836f4c59:c3719, f9704f82-adf1-457c-ad29-9b573bc67fa6:c3715, 932806d8-5f5d-4457-8f95-c9b7f9036eae:c3715]
2019-08-07 03:27:27,285 INFO  client.GrpcClientProtocolClient (GrpcClientProtocolClient.java:onNext(255)) - client-23C834B07313->edccc055-c3f5-47df-b30f-76e8836f4c59: receive RaftClientReply:client-23C834B07313->edccc055-c3f5-47df-b30f-76e8836f4c59@group-ED32739C8BBB, cid=2505, SUCCESS, logIndex=0, commits[edccc055-c3f5-47df-b30f-76e8836f4c59:c3721, f9704f82-adf1-457c-ad29-9b573bc67fa6:c3717, 932806d8-5f5d-4457-8f95-c9b7f9036eae:c3717]
2019-08-07 03:27:27,321 INFO  client.GrpcClientProtocolClient (GrpcClientProtocolClient.java:onNext(255)) - client-23C834B07313->edccc055-c3f5-47df-b30f-76e8836f4c59: receive RaftClientReply:client-23C834B07313->edccc055-c3f5-47df-b30f-76e8836f4c59@group-ED32739C8BBB, cid=2506, SUCCESS, logIndex=3724, commits[edccc055-c3f5-47df-b30f-76e8836f4c59:c3725, f9704f82-adf1-457c-ad29-9b573bc67fa6:c3723, 932806d8-5f5d-4457-8f95-c9b7f9036eae:c3723]
2019-08-07 03:27:27,321 INFO  client.GrpcClientProtocolClient (GrpcClientProtocolClient.java:onNext(255)) - client-23C834B07313->edccc055-c3f5-47df-b30f-76e8836f4c59: receive RaftClientReply:client-23C834B07313->edccc055-c3f5-47df-b30f-76e8836f4c59@group-ED32739C8BBB, cid=2507, SUCCESS, logIndex=3725, commits[edccc055-c3f5-47df-b30f-76e8836f4c59:c3725, f9704f82-adf1-457c-ad29-9b573bc67fa6:c3723, 932806d8-5f5d-4457-8f95-c9b7f9036eae:c3723]
2019-08-07 03:27:27,347 INFO  client.GrpcClientProtocolClient (GrpcClientProtocolClient.java:onNext(255)) - client-23C834B07313->edccc055-c3f5-47df-b30f-76e8836f4c59: receive RaftClientReply:client-23C834B07313->edccc055-c3f5-47df-b30f-76e8836f4c59@group-ED32739C8BBB, cid=2508, SUCCESS, logIndex=3728, commits[edccc055-c3f5-47df-b30f-76e8836f4c59:c3729, f9704f82-adf1-457c-ad29-9b573bc67fa6:c3725, 932806d8-5f5d-4457-8f95-c9b7f9036eae:c3725]
2019-08-07 03:27:27,348 INFO  client.GrpcClientProtocolClient (GrpcClientProtocolClient.java:onNext(255)) - client-23C834B07313->edccc055-c3f5-47df-b30f-76e8836f4c59: receive RaftClientReply:client-23C834B07313->edccc055-c3f5-47df-b30f-76e8836f4c59@group-ED32739C8BBB, cid=2509, SUCCESS, logIndex=3729, commits[edccc055-c3f5-47df-b30f-76e8836f4c59:c3729, f9704f82-adf1-457c-ad29-9b573bc67fa6:c3725, 932806d8-5f5d-4457-8f95-c9b7f9036eae:c3725]
2019-08-07 03:27:27,362 INFO  client.GrpcClientProtocolClient (GrpcClientProtocolClient.java:onNext(255)) - client-23C834B07313->edccc055-c3f5-47df-b30f-76e8836f4c59: receive RaftClientReply:client-23C834B07313->edccc055-c3f5-47df-b30f-76e8836f4c59@group-ED32739C8BBB, cid=2510, SUCCESS, logIndex=0, commits[edccc055-c3f5-47df-b30f-76e8836f4c59:c3731, f9704f82-adf1-457c-ad29-9b573bc67fa6:c3729, 932806d8-5f5d-4457-8f95-c9b7f9036eae:c3729]
2019-08-07 03:27:27,398 INFO  client.GrpcClientProtocolClient (GrpcClientProtocolClient.java:onNext(255)) - client-23C834B07313->edccc055-c3f5-47df-b30f-76e8836f4c59: receive RaftClientReply:client-23C834B07313->edccc055-c3f5-47df-b30f-76e8836f4c59@group-ED32739C8BBB, cid=2511, SUCCESS, logIndex=3732, commits[edccc055-c3f5-47df-b30f-76e8836f4c59:c3733, f9704f82-adf1-457c-ad29-9b573bc67fa6:c3731, 932806d8-5f5d-4457-8f95-c9b7f9036eae:c3731]
2019-08-07 03:27:27,399 INFO  client.GrpcClientProtocolClient (GrpcClientProtocolClient.java:onNext(255)) - client-23C834B07313->edccc055-c3f5-47df-b30f-76e8836f4c59: receive RaftClientReply:client-23C834B07313->edccc055-c3f5-47df-b30f-76e8836f4c59@group-ED32739C8BBB, cid=2512, SUCCESS, logIndex=3733, commits[edccc055-c3f5-47df-b30f-76e8836f4c59:c3733, f9704f82-adf1-457c-ad29-9b573bc67fa6:c3731, 932806d8-5f5d-4457-8f95-c9b7f9036eae:c3731]
2019-08-07 03:27:27,408 INFO  client.GrpcClientProtocolClient (GrpcClientProtocolClient.java:onNext(255)) - client-23C834B07313->edccc055-c3f5-47df-b30f-76e8836f4c59: receive RaftClientReply:client-23C834B07313->edccc055-c3f5-47df-b30f-76e8836f4c59@group-ED32739C8BBB, cid=2513, SUCCESS, logIndex=3734, commits[edccc055-c3f5-47df-b30f-76e8836f4c59:c3735, f9704f82-adf1-457c-ad29-9b573bc67fa6:c3731, 932806d8-5f5d-4457-8f95-c9b7f9036eae:c3731]
2019-08-07 03:27:27,408 INFO  client.GrpcClientProtocolClient (GrpcClientProtocolClient.java:onNext(255)) - client-23C834B07313->edccc055-c3f5-47df-b30f-76e8836f4c59: receive RaftClientReply:client-23C834B07313->edccc055-c3f5-47df-b30f-76e8836f4c59@group-ED32739C8BBB, cid=2514, SUCCESS, logIndex=3735, commits[edccc055-c3f5-47df-b30f-76e8836f4c59:c3735, f9704f82-adf1-457c-ad29-9b573bc67fa6:c3731, 932806d8-5f5d-4457-8f95-c9b7f9036eae:c3731]
2019-08-07 03:27:27,412 INFO  client.GrpcClientProtocolClient (GrpcClientProtocolClient.java:onNext(255)) - client-23C834B07313->edccc055-c3f5-47df-b30f-76e8836f4c59: receive RaftClientReply:client-23C834B07313->edccc055-c3f5-47df-b30f-76e8836f4c59@group-ED32739C8BBB, cid=2515, SUCCESS, logIndex=0, commits[edccc055-c3f5-47df-b30f-76e8836f4c59:c3738, f9704f82-adf1-457c-ad29-9b573bc67fa6:c3733, 932806d8-5f5d-4457-8f95-c9b7f9036eae:c3735]
 0.00% |█                                                                                                    |  0/1 Time: 0:00:232019-08-07 03:27:27,433 INFO  client.GrpcClientProtocolClient (GrpcClientProtocolClient.java:onNext(255)) - client-23C834B07313->edccc055-c3f5-47df-b30f-76e8836f4c59: receive RaftClientReply:client-23C834B07313->edccc055-c3f5-47df-b30f-76e8836f4c59@group-ED32739C8BBB, cid=2516, SUCCESS, logIndex=3739, commits[edccc055-c3f5-47df-b30f-76e8836f4c59:c3740, f9704f82-adf1-457c-ad29-9b573bc67fa6:c3738, 932806d8-5f5d-4457-8f95-c9b7f9036eae:c3738]
2019-08-07 03:27:27,434 INFO  client.GrpcClientProtocolClient (GrpcClientProtocolClient.java:onNext(255)) - client-23C834B07313->edccc055-c3f5-47df-b30f-76e8836f4c59: receive RaftClientReply:client-23C834B07313->edccc055-c3f5-47df-b30f-76e8836f4c59@group-ED32739C8BBB, cid=2517, SUCCESS, logIndex=3740, commits[edccc055-c3f5-47df-b30f-76e8836f4c59:c3740, f9704f82-adf1-457c-ad29-9b573bc67fa6:c3738, 932806d8-5f5d-4457-8f95-c9b7f9036eae:c3738]
2019-08-07 03:27:27,446 INFO  client.GrpcClientProtocolClient (GrpcClientProtocolClient.java:onNext(255)) - client-23C834B07313->edccc055-c3f5-47df-b30f-76e8836f4c59: receive RaftClientReply:client-23C834B07313->edccc055-c3f5-47df-b30f-76e8836f4c59@group-ED32739C8BBB, cid=2518, SUCCESS, logIndex=3743, commits[edccc055-c3f5-47df-b30f-76e8836f4c59:c3744, f9704f82-adf1-457c-ad29-9b573bc67fa6:c3740, 932806d8-5f5d-4457-8f95-c9b7f9036eae:c3740]
2019-08-07 03:27:27,447 INFO  client.GrpcClientProtocolClient (GrpcClientProtocolClient.java:onNext(255)) - client-23C834B07313->edccc055-c3f5-47df-b30f-76e8836f4c59: receive RaftClientReply:client-23C834B07313->edccc055-c3f5-47df-b30f-76e8836f4c59@group-ED32739C8BBB, cid=2519, SUCCESS, logIndex=3744, commits[edccc055-c3f5-47df-b30f-76e8836f4c59:c3744, f9704f82-adf1-457c-ad29-9b573bc67fa6:c3740, 932806d8-5f5d-4457-8f95-c9b7f9036eae:c3740]
2019-08-07 03:27:27,472 INFO  client.GrpcClientProtocolClient (GrpcClientProtocolClient.java:onNext(255)) - client-23C834B07313->edccc055-c3f5-47df-b30f-76e8836f4c59: receive RaftClientReply:client-23C834B07313->edccc055-c3f5-47df-b30f-76e8836f4c59@group-ED32739C8BBB, cid=2520, SUCCESS, logIndex=0, commits[edccc055-c3f5-47df-b30f-76e8836f4c59:c3746, f9704f82-adf1-457c-ad29-9b573bc67fa6:c3744, 932806d8-5f5d-4457-8f95-c9b7f9036eae:c3744]
2019-08-07 03:27:27,508 INFO  client.GrpcClientProtocolClient (GrpcClientProtocolClient.java:onNext(255)) - client-23C834B07313->edccc055-c3f5-47df-b30f-76e8836f4c59: receive RaftClientReply:client-23C834B07313->edccc055-c3f5-47df-b30f-76e8836f4c59@group-ED32739C8BBB, cid=2521, SUCCESS, logIndex=3747, commits[edccc055-c3f5-47df-b30f-76e8836f4c59:c3748, f9704f82-adf1-457c-ad29-9b573bc67fa6:c3744, 932806d8-5f5d-4457-8f95-c9b7f9036eae:c3746]
2019-08-07 03:27:27,509 INFO  client.GrpcClientProtocolClient (GrpcClientProtocolClient.java:onNext(255)) - client-23C834B07313->edccc055-c3f5-47df-b30f-76e8836f4c59: receive RaftClientReply:client-23C834B07313->edccc055-c3f5-47df-b30f-76e8836f4c59@group-ED32739C8BBB, cid=2522, SUCCESS, logIndex=3748, commits[edccc055-c3f5-47df-b30f-76e8836f4c59:c3748, f9704f82-adf1-457c-ad29-9b573bc67fa6:c3746, 932806d8-5f5d-4457-8f95-c9b7f9036eae:c3746]
2019-08-07 03:27:27,521 INFO  client.GrpcClientProtocolClient (GrpcClientProtocolClient.java:onNext(255)) - client-23C834B07313->edccc055-c3f5-47df-b30f-76e8836f4c59: receive RaftClientReply:client-23C834B07313->edccc055-c3f5-47df-b30f-76e8836f4c59@group-ED32739C8BBB, cid=2523, SUCCESS, logIndex=3749, commits[edccc055-c3f5-47df-b30f-76e8836f4c59:c3750, f9704f82-adf1-457c-ad29-9b573bc67fa6:c3746, 932806d8-5f5d-4457-8f95-c9b7f9036eae:c3746]
2019-08-07 03:27:27,521 INFO  client.GrpcClientProtocolClient (GrpcClientProtocolClient.java:onNext(255)) - client-23C834B07313->edccc055-c3f5-47df-b30f-76e8836f4c59: receive RaftClientReply:client-23C834B07313->edccc055-c3f5-47df-b30f-76e8836f4c59@group-ED32739C8BBB, cid=2524, SUCCESS, logIndex=3750, commits[edccc055-c3f5-47df-b30f-76e8836f4c59:c3750, f9704f82-adf1-457c-ad29-9b573bc67fa6:c3746, 932806d8-5f5d-4457-8f95-c9b7f9036eae:c3746]
2019-08-07 03:27:27,534 INFO  client.GrpcClientProtocolClient (GrpcClientProtocolClient.java:onNext(255)) - client-23C834B07313->edccc055-c3f5-47df-b30f-76e8836f4c59: receive RaftClientReply:client-23C834B07313->edccc055-c3f5-47df-b30f-76e8836f4c59@group-ED32739C8BBB, cid=2525, SUCCESS, logIndex=0, commits[edccc055-c3f5-47df-b30f-76e8836f4c59:c3752, f9704f82-adf1-457c-ad29-9b573bc67fa6:c3748, 932806d8-5f5d-4457-8f95-c9b7f9036eae:c3748]
2019-08-07 03:27:27,548 INFO  client.GrpcClientProtocolClient (GrpcClientProtocolClient.java:onNext(255)) - client-23C834B07313->edccc055-c3f5-47df-b30f-76e8836f4c59: receive RaftClientReply:client-23C834B07313->edccc055-c3f5-47df-b30f-76e8836f4c59@group-ED32739C8BBB, cid=2526, SUCCESS, logIndex=3755, commits[edccc055-c3f5-47df-b30f-76e8836f4c59:c3756, f9704f82-adf1-457c-ad29-9b573bc67fa6:c3752, 932806d8-5f5d-4457-8f95-c9b7f9036eae:c3752]
2019-08-07 03:27:27,549 INFO  client.GrpcClientProtocolClient (GrpcClientProtocolClient.java:onNext(255)) - client-23C834B07313->edccc055-c3f5-47df-b30f-76e8836f4c59: receive RaftClientReply:client-23C834B07313->edccc055-c3f5-47df-b30f-76e8836f4c59@group-ED32739C8BBB, cid=2527, SUCCESS, logIndex=3756, commits[edccc055-c3f5-47df-b30f-76e8836f4c59:c3756, f9704f82-adf1-457c-ad29-9b573bc67fa6:c3752, 932806d8-5f5d-4457-8f95-c9b7f9036eae:c3752]
2019-08-07 03:27:27,579 INFO  client.GrpcClientProtocolClient (GrpcClientProtocolClient.java:onNext(255)) - client-23C834B07313->edccc055-c3f5-47df-b30f-76e8836f4c59: receive RaftClientReply:client-23C834B07313->edccc055-c3f5-47df-b30f-76e8836f4c59@group-ED32739C8BBB, cid=2528, SUCCESS, logIndex=3759, commits[edccc055-c3f5-47df-b30f-76e8836f4c59:c3760, f9704f82-adf1-457c-ad29-9b573bc67fa6:c3758, 932806d8-5f5d-4457-8f95-c9b7f9036eae:c3756]
2019-08-07 03:27:27,579 INFO  client.GrpcClientProtocolClient (GrpcClientProtocolClient.java:onNext(255)) - client-23C834B07313->edccc055-c3f5-47df-b30f-76e8836f4c59: receive RaftClientReply:client-23C834B07313->edccc055-c3f5-47df-b30f-76e8836f4c59@group-ED32739C8BBB, cid=2529, SUCCESS, logIndex=3760, commits[edccc055-c3f5-47df-b30f-76e8836f4c59:c3760, f9704f82-adf1-457c-ad29-9b573bc67fa6:c3758, 932806d8-5f5d-4457-8f95-c9b7f9036eae:c3758]
2019-08-07 03:27:27,581 INFO  client.GrpcClientProtocolClient (GrpcClientProtocolClient.java:onNext(255)) - client-23C834B07313->edccc055-c3f5-47df-b30f-76e8836f4c59: receive RaftClientReply:client-23C834B07313->edccc055-c3f5-47df-b30f-76e8836f4c59@group-ED32739C8BBB, cid=2530, SUCCESS, logIndex=0, commits[edccc055-c3f5-47df-b30f-76e8836f4c59:c3761, f9704f82-adf1-457c-ad29-9b573bc67fa6:c3760, 932806d8-5f5d-4457-8f95-c9b7f9036eae:c3760]
2019-08-07 03:27:27,615 INFO  client.GrpcClientProtocolClient (GrpcClientProtocolClient.java:onNext(255)) - client-23C834B07313->edccc055-c3f5-47df-b30f-76e8836f4c59: receive RaftClientReply:client-23C834B07313->edccc055-c3f5-47df-b30f-76e8836f4c59@group-ED32739C8BBB, cid=2531, SUCCESS, logIndex=3762, commits[edccc055-c3f5-47df-b30f-76e8836f4c59:c3763, f9704f82-adf1-457c-ad29-9b573bc67fa6:c3761, 932806d8-5f5d-4457-8f95-c9b7f9036eae:c3761]
2019-08-07 03:27:27,615 INFO  client.GrpcClientProtocolClient (GrpcClientProtocolClient.java:onNext(255)) - client-23C834B07313->edccc055-c3f5-47df-b30f-76e8836f4c59: receive RaftClientReply:client-23C834B07313->edccc055-c3f5-47df-b30f-76e8836f4c59@group-ED32739C8BBB, cid=2532, SUCCESS, logIndex=3763, commits[edccc055-c3f5-47df-b30f-76e8836f4c59:c3765, f9704f82-adf1-457c-ad29-9b573bc67fa6:c3761, 932806d8-5f5d-4457-8f95-c9b7f9036eae:c3761]
2019-08-07 03:27:27,615 INFO  client.GrpcClientProtocolClient (GrpcClientProtocolClient.java:onNext(255)) - client-23C834B07313->edccc055-c3f5-47df-b30f-76e8836f4c59: receive RaftClientReply:client-23C834B07313->edccc055-c3f5-47df-b30f-76e8836f4c59@group-ED32739C8BBB, cid=2533, SUCCESS, logIndex=3764, commits[edccc055-c3f5-47df-b30f-76e8836f4c59:c3765, f9704f82-adf1-457c-ad29-9b573bc67fa6:c3761, 932806d8-5f5d-4457-8f95-c9b7f9036eae:c3761]
2019-08-07 03:27:27,616 INFO  client.GrpcClientProtocolClient (GrpcClientProtocolClient.java:onNext(255)) - client-23C834B07313->edccc055-c3f5-47df-b30f-76e8836f4c59: receive RaftClientReply:client-23C834B07313->edccc055-c3f5-47df-b30f-76e8836f4c59@group-ED32739C8BBB, cid=2534, SUCCESS, logIndex=3765, commits[edccc055-c3f5-47df-b30f-76e8836f4c59:c3766, f9704f82-adf1-457c-ad29-9b573bc67fa6:c3762, 932806d8-5f5d-4457-8f95-c9b7f9036eae:c3761]
2019-08-07 03:27:27,618 INFO  client.GrpcClientProtocolClient (GrpcClientProtocolClient.java:onNext(255)) - client-23C834B07313->edccc055-c3f5-47df-b30f-76e8836f4c59: receive RaftClientReply:client-23C834B07313->edccc055-c3f5-47df-b30f-76e8836f4c59@group-ED32739C8BBB, cid=2535, SUCCESS, logIndex=0, commits[edccc055-c3f5-47df-b30f-76e8836f4c59:c3767, f9704f82-adf1-457c-ad29-9b573bc67fa6:c3763, 932806d8-5f5d-4457-8f95-c9b7f9036eae:c3763]
2019-08-07 03:27:27,631 INFO  client.GrpcClientProtocolClient (GrpcClientProtocolClient.java:onNext(255)) - client-23C834B07313->edccc055-c3f5-47df-b30f-76e8836f4c59: receive RaftClientReply:client-23C834B07313->edccc055-c3f5-47df-b30f-76e8836f4c59@group-ED32739C8BBB, cid=2536, SUCCESS, logIndex=3770, commits[edccc055-c3f5-47df-b30f-76e8836f4c59:c3771, f9704f82-adf1-457c-ad29-9b573bc67fa6:c3765, 932806d8-5f5d-4457-8f95-c9b7f9036eae:c3769]
2019-08-07 03:27:27,631 INFO  client.GrpcClientProtocolClient (GrpcClientProtocolClient.java:onNext(255)) - client-23C834B07313->edccc055-c3f5-47df-b30f-76e8836f4c59: receive RaftClientReply:client-23C834B07313->edccc055-c3f5-47df-b30f-76e8836f4c59@group-ED32739C8BBB, cid=2537, SUCCESS, logIndex=3771, commits[edccc055-c3f5-47df-b30f-76e8836f4c59:c3771, f9704f82-adf1-457c-ad29-9b573bc67fa6:c3765, 932806d8-5f5d-4457-8f95-c9b7f9036eae:c3769]
2019-08-07 03:27:27,646 INFO  client.GrpcClientProtocolClient (GrpcClientProtocolClient.java:onNext(255)) - client-23C834B07313->edccc055-c3f5-47df-b30f-76e8836f4c59: receive RaftClientReply:client-23C834B07313->edccc055-c3f5-47df-b30f-76e8836f4c59@group-ED32739C8BBB, cid=2538, SUCCESS, logIndex=3774, commits[edccc055-c3f5-47df-b30f-76e8836f4c59:c3775, f9704f82-adf1-457c-ad29-9b573bc67fa6:c3771, 932806d8-5f5d-4457-8f95-c9b7f9036eae:c3771]
2019-08-07 03:27:27,646 INFO  client.GrpcClientProtocolClient (GrpcClientProtocolClient.java:onNext(255)) - client-23C834B07313->edccc055-c3f5-47df-b30f-76e8836f4c59: receive RaftClientReply:client-23C834B07313->edccc055-c3f5-47df-b30f-76e8836f4c59@group-ED32739C8BBB, cid=2539, SUCCESS, logIndex=3775, commits[edccc055-c3f5-47df-b30f-76e8836f4c59:c3775, f9704f82-adf1-457c-ad29-9b573bc67fa6:c3771, 932806d8-5f5d-4457-8f95-c9b7f9036eae:c3771]
2019-08-07 03:27:27,672 INFO  client.GrpcClientProtocolClient (GrpcClientProtocolClient.java:onNext(255)) - client-23C834B07313->edccc055-c3f5-47df-b30f-76e8836f4c59: receive RaftClientReply:client-23C834B07313->edccc055-c3f5-47df-b30f-76e8836f4c59@group-ED32739C8BBB, cid=2540, SUCCESS, logIndex=0, commits[edccc055-c3f5-47df-b30f-76e8836f4c59:c3776, f9704f82-adf1-457c-ad29-9b573bc67fa6:c3775, 932806d8-5f5d-4457-8f95-c9b7f9036eae:c3775]
2019-08-07 03:27:27,702 INFO  client.GrpcClientProtocolClient (GrpcClientProtocolClient.java:onNext(255)) - client-23C834B07313->edccc055-c3f5-47df-b30f-76e8836f4c59: receive RaftClientReply:client-23C834B07313->edccc055-c3f5-47df-b30f-76e8836f4c59@group-ED32739C8BBB, cid=2541, SUCCESS, logIndex=3778, commits[edccc055-c3f5-47df-b30f-76e8836f4c59:c3779, f9704f82-adf1-457c-ad29-9b573bc67fa6:c3777, 932806d8-5f5d-4457-8f95-c9b7f9036eae:c3777]
2019-08-07 03:27:27,703 INFO  client.GrpcClientProtocolClient (GrpcClientProtocolClient.java:onNext(255)) - client-23C834B07313->edccc055-c3f5-47df-b30f-76e8836f4c59: receive RaftClientReply:client-23C834B07313->edccc055-c3f5-47df-b30f-76e8836f4c59@group-ED32739C8BBB, cid=2542, SUCCESS, logIndex=3779, commits[edccc055-c3f5-47df-b30f-76e8836f4c59:c3779, f9704f82-adf1-457c-ad29-9b573bc67fa6:c3777, 932806d8-5f5d-4457-8f95-c9b7f9036eae:c3777]
2019-08-07 03:27:27,714 INFO  client.GrpcClientProtocolClient (GrpcClientProtocolClient.java:onNext(255)) - client-23C834B07313->edccc055-c3f5-47df-b30f-76e8836f4c59: receive RaftClientReply:client-23C834B07313->edccc055-c3f5-47df-b30f-76e8836f4c59@group-ED32739C8BBB, cid=2543, SUCCESS, logIndex=3780, commits[edccc055-c3f5-47df-b30f-76e8836f4c59:c3780, f9704f82-adf1-457c-ad29-9b573bc67fa6:c3777, 932806d8-5f5d-4457-8f95-c9b7f9036eae:c3777]
2019-08-07 03:27:27,714 INFO  client.GrpcClientProtocolClient (GrpcClientProtocolClient.java:onNext(255)) - client-23C834B07313->edccc055-c3f5-47df-b30f-76e8836f4c59: receive RaftClientReply:client-23C834B07313->edccc055-c3f5-47df-b30f-76e8836f4c59@group-ED32739C8BBB, cid=2544, SUCCESS, logIndex=3781, commits[edccc055-c3f5-47df-b30f-76e8836f4c59:c3781, f9704f82-adf1-457c-ad29-9b573bc67fa6:c3777, 932806d8-5f5d-4457-8f95-c9b7f9036eae:c3777]
2019-08-07 03:27:27,715 INFO  client.GrpcClientProtocolClient (GrpcClientProtocolClient.java:onNext(255)) - client-23C834B07313->edccc055-c3f5-47df-b30f-76e8836f4c59: receive RaftClientReply:client-23C834B07313->edccc055-c3f5-47df-b30f-76e8836f4c59@group-ED32739C8BBB, cid=2545, SUCCESS, logIndex=0, commits[edccc055-c3f5-47df-b30f-76e8836f4c59:c3783, f9704f82-adf1-457c-ad29-9b573bc67fa6:c3779, 932806d8-5f5d-4457-8f95-c9b7f9036eae:c3779]
2019-08-07 03:27:27,737 INFO  client.GrpcClientProtocolClient (GrpcClientProtocolClient.java:onNext(255)) - client-23C834B07313->edccc055-c3f5-47df-b30f-76e8836f4c59: receive RaftClientReply:client-23C834B07313->edccc055-c3f5-47df-b30f-76e8836f4c59@group-ED32739C8BBB, cid=2546, SUCCESS, logIndex=3786, commits[edccc055-c3f5-47df-b30f-76e8836f4c59:c3787, f9704f82-adf1-457c-ad29-9b573bc67fa6:c3785, 932806d8-5f5d-4457-8f95-c9b7f9036eae:c3785]
2019-08-07 03:27:27,738 INFO  client.GrpcClientProtocolClient (GrpcClientProtocolClient.java:onNext(255)) - client-23C834B07313->edccc055-c3f5-47df-b30f-76e8836f4c59: receive RaftClientReply:client-23C834B07313->edccc055-c3f5-47df-b30f-76e8836f4c59@group-ED32739C8BBB, cid=2547, SUCCESS, logIndex=3787, commits[edccc055-c3f5-47df-b30f-76e8836f4c59:c3787, f9704f82-adf1-457c-ad29-9b573bc67fa6:c3785, 932806d8-5f5d-4457-8f95-c9b7f9036eae:c3785]
2019-08-07 03:27:27,765 INFO  client.GrpcClientProtocolClient (GrpcClientProtocolClient.java:onNext(255)) - client-23C834B07313->edccc055-c3f5-47df-b30f-76e8836f4c59: receive RaftClientReply:client-23C834B07313->edccc055-c3f5-47df-b30f-76e8836f4c59@group-ED32739C8BBB, cid=2548, SUCCESS, logIndex=3790, commits[edccc055-c3f5-47df-b30f-76e8836f4c59:c3790, f9704f82-adf1-457c-ad29-9b573bc67fa6:c3787, 932806d8-5f5d-4457-8f95-c9b7f9036eae:c3787]
2019-08-07 03:27:27,765 INFO  client.GrpcClientProtocolClient (GrpcClientProtocolClient.java:onNext(255)) - client-23C834B07313->edccc055-c3f5-47df-b30f-76e8836f4c59: receive RaftClientReply:client-23C834B07313->edccc055-c3f5-47df-b30f-76e8836f4c59@group-ED32739C8BBB, cid=2549, SUCCESS, logIndex=3791, commits[edccc055-c3f5-47df-b30f-76e8836f4c59:c3791, f9704f82-adf1-457c-ad29-9b573bc67fa6:c3787, 932806d8-5f5d-4457-8f95-c9b7f9036eae:c3787]
2019-08-07 03:27:27,777 INFO  client.GrpcClientProtocolClient (GrpcClientProtocolClient.java:onNext(255)) - client-23C834B07313->edccc055-c3f5-47df-b30f-76e8836f4c59: receive RaftClientReply:client-23C834B07313->edccc055-c3f5-47df-b30f-76e8836f4c59@group-ED32739C8BBB, cid=2550, SUCCESS, logIndex=0, commits[edccc055-c3f5-47df-b30f-76e8836f4c59:c3792, f9704f82-adf1-457c-ad29-9b573bc67fa6:c3791, 932806d8-5f5d-4457-8f95-c9b7f9036eae:c3791]
2019-08-07 03:27:27,813 INFO  client.GrpcClientProtocolClient (GrpcClientProtocolClient.java:onNext(255)) - client-23C834B07313->edccc055-c3f5-47df-b30f-76e8836f4c59: receive RaftClientReply:client-23C834B07313->edccc055-c3f5-47df-b30f-76e8836f4c59@group-ED32739C8BBB, cid=2551, SUCCESS, logIndex=3794, commits[edccc055-c3f5-47df-b30f-76e8836f4c59:c3796, f9704f82-adf1-457c-ad29-9b573bc67fa6:c3793, 932806d8-5f5d-4457-8f95-c9b7f9036eae:c3793]
2019-08-07 03:27:27,814 INFO  client.GrpcClientProtocolClient (GrpcClientProtocolClient.java:onNext(255)) - client-23C834B07313->edccc055-c3f5-47df-b30f-76e8836f4c59: receive RaftClientReply:client-23C834B07313->edccc055-c3f5-47df-b30f-76e8836f4c59@group-ED32739C8BBB, cid=2552, SUCCESS, logIndex=3795, commits[edccc055-c3f5-47df-b30f-76e8836f4c59:c3797, f9704f82-adf1-457c-ad29-9b573bc67fa6:c3793, 932806d8-5f5d-4457-8f95-c9b7f9036eae:c3793]
2019-08-07 03:27:27,814 INFO  client.GrpcClientProtocolClient (GrpcClientProtocolClient.java:onNext(255)) - client-23C834B07313->edccc055-c3f5-47df-b30f-76e8836f4c59: receive RaftClientReply:client-23C834B07313->edccc055-c3f5-47df-b30f-76e8836f4c59@group-ED32739C8BBB, cid=2553, SUCCESS, logIndex=3796, commits[edccc055-c3f5-47df-b30f-76e8836f4c59:c3797, f9704f82-adf1-457c-ad29-9b573bc67fa6:c3793, 932806d8-5f5d-4457-8f95-c9b7f9036eae:c3793]
2019-08-07 03:27:27,815 INFO  client.GrpcClientProtocolClient (GrpcClientProtocolClient.java:onNext(255)) - client-23C834B07313->edccc055-c3f5-47df-b30f-76e8836f4c59: receive RaftClientReply:client-23C834B07313->edccc055-c3f5-47df-b30f-76e8836f4c59@group-ED32739C8BBB, cid=2554, SUCCESS, logIndex=3797, commits[edccc055-c3f5-47df-b30f-76e8836f4c59:c3797, f9704f82-adf1-457c-ad29-9b573bc67fa6:c3793, 932806d8-5f5d-4457-8f95-c9b7f9036eae:c3793]
2019-08-07 03:27:27,829 INFO  client.GrpcClientProtocolClient (GrpcClientProtocolClient.java:onNext(255)) - client-23C834B07313->edccc055-c3f5-47df-b30f-76e8836f4c59: receive RaftClientReply:client-23C834B07313->edccc055-c3f5-47df-b30f-76e8836f4c59@group-ED32739C8BBB, cid=2555, SUCCESS, logIndex=0, commits[edccc055-c3f5-47df-b30f-76e8836f4c59:c3801, f9704f82-adf1-457c-ad29-9b573bc67fa6:c3796, 932806d8-5f5d-4457-8f95-c9b7f9036eae:c3797]
2019-08-07 03:27:27,850 INFO  client.GrpcClientProtocolClient (GrpcClientProtocolClient.java:onNext(255)) - client-23C834B07313->edccc055-c3f5-47df-b30f-76e8836f4c59: receive RaftClientReply:client-23C834B07313->edccc055-c3f5-47df-b30f-76e8836f4c59@group-ED32739C8BBB, cid=2556, SUCCESS, logIndex=3802, commits[edccc055-c3f5-47df-b30f-76e8836f4c59:c3803, f9704f82-adf1-457c-ad29-9b573bc67fa6:c3801, 932806d8-5f5d-4457-8f95-c9b7f9036eae:c3801]
2019-08-07 03:27:27,850 INFO  client.GrpcClientProtocolClient (GrpcClientProtocolClient.java:onNext(255)) - client-23C834B07313->edccc055-c3f5-47df-b30f-76e8836f4c59: receive RaftClientReply:client-23C834B07313->edccc055-c3f5-47df-b30f-76e8836f4c59@group-ED32739C8BBB, cid=2557, SUCCESS, logIndex=3803, commits[edccc055-c3f5-47df-b30f-76e8836f4c59:c3803, f9704f82-adf1-457c-ad29-9b573bc67fa6:c3801, 932806d8-5f5d-4457-8f95-c9b7f9036eae:c3801]
2019-08-07 03:27:27,865 INFO  client.GrpcClientProtocolClient (GrpcClientProtocolClient.java:onNext(255)) - client-23C834B07313->edccc055-c3f5-47df-b30f-76e8836f4c59: receive RaftClientReply:client-23C834B07313->edccc055-c3f5-47df-b30f-76e8836f4c59@group-ED32739C8BBB, cid=2558, SUCCESS, logIndex=3806, commits[edccc055-c3f5-47df-b30f-76e8836f4c59:c3807, f9704f82-adf1-457c-ad29-9b573bc67fa6:c3803, 932806d8-5f5d-4457-8f95-c9b7f9036eae:c3803]
2019-08-07 03:27:27,865 INFO  client.GrpcClientProtocolClient (GrpcClientProtocolClient.java:onNext(255)) - client-23C834B07313->edccc055-c3f5-47df-b30f-76e8836f4c59: receive RaftClientReply:client-23C834B07313->edccc055-c3f5-47df-b30f-76e8836f4c59@group-ED32739C8BBB, cid=2559, SUCCESS, logIndex=3807, commits[edccc055-c3f5-47df-b30f-76e8836f4c59:c3807, f9704f82-adf1-457c-ad29-9b573bc67fa6:c3803, 932806d8-5f5d-4457-8f95-c9b7f9036eae:c3803]
2019-08-07 03:27:27,889 INFO  client.GrpcClientProtocolClient (GrpcClientProtocolClient.java:onNext(255)) - client-23C834B07313->edccc055-c3f5-47df-b30f-76e8836f4c59: receive RaftClientReply:client-23C834B07313->edccc055-c3f5-47df-b30f-76e8836f4c59@group-ED32739C8BBB, cid=2560, SUCCESS, logIndex=0, commits[edccc055-c3f5-47df-b30f-76e8836f4c59:c3808, f9704f82-adf1-457c-ad29-9b573bc67fa6:c3807, 932806d8-5f5d-4457-8f95-c9b7f9036eae:c3807]
2019-08-07 03:27:27,923 INFO  client.GrpcClientProtocolClient (GrpcClientProtocolClient.java:onNext(255)) - client-23C834B07313->edccc055-c3f5-47df-b30f-76e8836f4c59: receive RaftClientReply:client-23C834B07313->edccc055-c3f5-47df-b30f-76e8836f4c59@group-ED32739C8BBB, cid=2561, SUCCESS, logIndex=3810, commits[edccc055-c3f5-47df-b30f-76e8836f4c59:c3811, f9704f82-adf1-457c-ad29-9b573bc67fa6:c3809, 932806d8-5f5d-4457-8f95-c9b7f9036eae:c3809]
2019-08-07 03:27:27,923 INFO  client.GrpcClientProtocolClient (GrpcClientProtocolClient.java:onNext(255)) - client-23C834B07313->edccc055-c3f5-47df-b30f-76e8836f4c59: receive RaftClientReply:client-23C834B07313->edccc055-c3f5-47df-b30f-76e8836f4c59@group-ED32739C8BBB, cid=2562, SUCCESS, logIndex=3811, commits[edccc055-c3f5-47df-b30f-76e8836f4c59:c3811, f9704f82-adf1-457c-ad29-9b573bc67fa6:c3809, 932806d8-5f5d-4457-8f95-c9b7f9036eae:c3809]
2019-08-07 03:27:27,924 INFO  client.GrpcClientProtocolClient (GrpcClientProtocolClient.java:onNext(255)) - client-23C834B07313->edccc055-c3f5-47df-b30f-76e8836f4c59: receive RaftClientReply:client-23C834B07313->edccc055-c3f5-47df-b30f-76e8836f4c59@group-ED32739C8BBB, cid=2563, SUCCESS, logIndex=3812, commits[edccc055-c3f5-47df-b30f-76e8836f4c59:c3813, f9704f82-adf1-457c-ad29-9b573bc67fa6:c3809, 932806d8-5f5d-4457-8f95-c9b7f9036eae:c3809]
2019-08-07 03:27:27,924 INFO  client.GrpcClientProtocolClient (GrpcClientProtocolClient.java:onNext(255)) - client-23C834B07313->edccc055-c3f5-47df-b30f-76e8836f4c59: receive RaftClientReply:client-23C834B07313->edccc055-c3f5-47df-b30f-76e8836f4c59@group-ED32739C8BBB, cid=2564, SUCCESS, logIndex=3813, commits[edccc055-c3f5-47df-b30f-76e8836f4c59:c3813, f9704f82-adf1-457c-ad29-9b573bc67fa6:c3809, 932806d8-5f5d-4457-8f95-c9b7f9036eae:c3809]
2019-08-07 03:27:27,938 INFO  client.GrpcClientProtocolClient (GrpcClientProtocolClient.java:onNext(255)) - client-23C834B07313->edccc055-c3f5-47df-b30f-76e8836f4c59: receive RaftClientReply:client-23C834B07313->edccc055-c3f5-47df-b30f-76e8836f4c59@group-ED32739C8BBB, cid=2565, SUCCESS, logIndex=0, commits[edccc055-c3f5-47df-b30f-76e8836f4c59:c3815, f9704f82-adf1-457c-ad29-9b573bc67fa6:c3811, 932806d8-5f5d-4457-8f95-c9b7f9036eae:c3811]
2019-08-07 03:27:27,951 INFO  client.GrpcClientProtocolClient (GrpcClientProtocolClient.java:onNext(255)) - client-23C834B07313->edccc055-c3f5-47df-b30f-76e8836f4c59: receive RaftClientReply:client-23C834B07313->edccc055-c3f5-47df-b30f-76e8836f4c59@group-ED32739C8BBB, cid=2566, SUCCESS, logIndex=3818, commits[edccc055-c3f5-47df-b30f-76e8836f4c59:c3819, f9704f82-adf1-457c-ad29-9b573bc67fa6:c3813, 932806d8-5f5d-4457-8f95-c9b7f9036eae:c3817]
2019-08-07 03:27:27,951 INFO  client.GrpcClientProtocolClient (GrpcClientProtocolClient.java:onNext(255)) - client-23C834B07313->edccc055-c3f5-47df-b30f-76e8836f4c59: receive RaftClientReply:client-23C834B07313->edccc055-c3f5-47df-b30f-76e8836f4c59@group-ED32739C8BBB, cid=2567, SUCCESS, logIndex=3819, commits[edccc055-c3f5-47df-b30f-76e8836f4c59:c3819, f9704f82-adf1-457c-ad29-9b573bc67fa6:c3813, 932806d8-5f5d-4457-8f95-c9b7f9036eae:c3817]
2019-08-07 03:27:27,976 INFO  client.GrpcClientProtocolClient (GrpcClientProtocolClient.java:onNext(255)) - client-23C834B07313->edccc055-c3f5-47df-b30f-76e8836f4c59: receive RaftClientReply:client-23C834B07313->edccc055-c3f5-47df-b30f-76e8836f4c59@group-ED32739C8BBB, cid=2568, SUCCESS, logIndex=3822, commits[edccc055-c3f5-47df-b30f-76e8836f4c59:c3823, f9704f82-adf1-457c-ad29-9b573bc67fa6:c3819, 932806d8-5f5d-4457-8f95-c9b7f9036eae:c3819]
2019-08-07 03:27:27,976 INFO  client.GrpcClientProtocolClient (GrpcClientProtocolClient.java:onNext(255)) - client-23C834B07313->edccc055-c3f5-47df-b30f-76e8836f4c59: receive RaftClientReply:client-23C834B07313->edccc055-c3f5-47df-b30f-76e8836f4c59@group-ED32739C8BBB, cid=2569, SUCCESS, logIndex=3823, commits[edccc055-c3f5-47df-b30f-76e8836f4c59:c3823, f9704f82-adf1-457c-ad29-9b573bc67fa6:c3819, 932806d8-5f5d-4457-8f95-c9b7f9036eae:c3819]
2019-08-07 03:27:27,989 INFO  client.GrpcClientProtocolClient (GrpcClientProtocolClient.java:onNext(255)) - client-23C834B07313->edccc055-c3f5-47df-b30f-76e8836f4c59: receive RaftClientReply:client-23C834B07313->edccc055-c3f5-47df-b30f-76e8836f4c59@group-ED32739C8BBB, cid=2570, SUCCESS, logIndex=0, commits[edccc055-c3f5-47df-b30f-76e8836f4c59:c3824, f9704f82-adf1-457c-ad29-9b573bc67fa6:c3823, 932806d8-5f5d-4457-8f95-c9b7f9036eae:c3823]
2019-08-07 03:27:28,020 INFO  client.GrpcClientProtocolClient (GrpcClientProtocolClient.java:onNext(255)) - client-23C834B07313->edccc055-c3f5-47df-b30f-76e8836f4c59: receive RaftClientReply:client-23C834B07313->edccc055-c3f5-47df-b30f-76e8836f4c59@group-ED32739C8BBB, cid=2571, SUCCESS, logIndex=3825, commits[edccc055-c3f5-47df-b30f-76e8836f4c59:c3826, f9704f82-adf1-457c-ad29-9b573bc67fa6:c3824, 932806d8-5f5d-4457-8f95-c9b7f9036eae:c3824]
2019-08-07 03:27:28,021 INFO  client.GrpcClientProtocolClient (GrpcClientProtocolClient.java:onNext(255)) - client-23C834B07313->edccc055-c3f5-47df-b30f-76e8836f4c59: receive RaftClientReply:client-23C834B07313->edccc055-c3f5-47df-b30f-76e8836f4c59@group-ED32739C8BBB, cid=2572, SUCCESS, logIndex=3826, commits[edccc055-c3f5-47df-b30f-76e8836f4c59:c3826, f9704f82-adf1-457c-ad29-9b573bc67fa6:c3824, 932806d8-5f5d-4457-8f95-c9b7f9036eae:c3824]
2019-08-07 03:27:28,134 INFO  client.GrpcClientProtocolClient (GrpcClientProtocolClient.java:onNext(255)) - client-23C834B07313->edccc055-c3f5-47df-b30f-76e8836f4c59: receive RaftClientReply:client-23C834B07313->edccc055-c3f5-47df-b30f-76e8836f4c59@group-ED32739C8BBB, cid=2573, SUCCESS, logIndex=3827, commits[edccc055-c3f5-47df-b30f-76e8836f4c59:c3828, f9704f82-adf1-457c-ad29-9b573bc67fa6:c3824, 932806d8-5f5d-4457-8f95-c9b7f9036eae:c3824]
2019-08-07 03:27:28,135 INFO  client.GrpcClientProtocolClient (GrpcClientProtocolClient.java:onNext(255)) - client-23C834B07313->edccc055-c3f5-47df-b30f-76e8836f4c59: receive RaftClientReply:client-23C834B07313->edccc055-c3f5-47df-b30f-76e8836f4c59@group-ED32739C8BBB, cid=2574, SUCCESS, logIndex=3828, commits[edccc055-c3f5-47df-b30f-76e8836f4c59:c3830, f9704f82-adf1-457c-ad29-9b573bc67fa6:c3826, 932806d8-5f5d-4457-8f95-c9b7f9036eae:c3826]
2019-08-07 03:27:28,149 INFO  client.GrpcClientProtocolClient (GrpcClientProtocolClient.java:onNext(255)) - client-23C834B07313->edccc055-c3f5-47df-b30f-76e8836f4c59: receive RaftClientReply:client-23C834B07313->edccc055-c3f5-47df-b30f-76e8836f4c59@group-ED32739C8BBB, cid=2575, SUCCESS, logIndex=3833, commits[edccc055-c3f5-47df-b30f-76e8836f4c59:c3834, f9704f82-adf1-457c-ad29-9b573bc67fa6:c3830, 932806d8-5f5d-4457-8f95-c9b7f9036eae:c3830]
2019-08-07 03:27:28,150 INFO  client.GrpcClientProtocolClient (GrpcClientProtocolClient.java:onNext(255)) - client-23C834B07313->edccc055-c3f5-47df-b30f-76e8836f4c59: receive RaftClientReply:client-23C834B07313->edccc055-c3f5-47df-b30f-76e8836f4c59@group-ED32739C8BBB, cid=2576, SUCCESS, logIndex=3834, commits[edccc055-c3f5-47df-b30f-76e8836f4c59:c3834, f9704f82-adf1-457c-ad29-9b573bc67fa6:c3830, 932806d8-5f5d-4457-8f95-c9b7f9036eae:c3830]
2019-08-07 03:27:28,175 INFO  client.GrpcClientProtocolClient (GrpcClientProtocolClient.java:onNext(255)) - client-23C834B07313->edccc055-c3f5-47df-b30f-76e8836f4c59: receive RaftClientReply:client-23C834B07313->edccc055-c3f5-47df-b30f-76e8836f4c59@group-ED32739C8BBB, cid=2577, SUCCESS, logIndex=3837, commits[edccc055-c3f5-47df-b30f-76e8836f4c59:c3838, f9704f82-adf1-457c-ad29-9b573bc67fa6:c3834, 932806d8-5f5d-4457-8f95-c9b7f9036eae:c3834]
2019-08-07 03:27:28,175 INFO  client.GrpcClientProtocolClient (GrpcClientProtocolClient.java:onNext(255)) - client-23C834B07313->edccc055-c3f5-47df-b30f-76e8836f4c59: receive RaftClientReply:client-23C834B07313->edccc055-c3f5-47df-b30f-76e8836f4c59@group-ED32739C8BBB, cid=2578, SUCCESS, logIndex=3838, commits[edccc055-c3f5-47df-b30f-76e8836f4c59:c3838, f9704f82-adf1-457c-ad29-9b573bc67fa6:c3834, 932806d8-5f5d-4457-8f95-c9b7f9036eae:c3834]
2019-08-07 03:27:28,186 INFO  client.GrpcClientProtocolClient (GrpcClientProtocolClient.java:onNext(255)) - client-23C834B07313->edccc055-c3f5-47df-b30f-76e8836f4c59: receive RaftClientReply:client-23C834B07313->edccc055-c3f5-47df-b30f-76e8836f4c59@group-ED32739C8BBB, cid=2579, SUCCESS, logIndex=0, commits[edccc055-c3f5-47df-b30f-76e8836f4c59:c3839, f9704f82-adf1-457c-ad29-9b573bc67fa6:c3838, 932806d8-5f5d-4457-8f95-c9b7f9036eae:c3838]
2019-08-07 03:27:28,218 INFO  client.GrpcClientProtocolClient (GrpcClientProtocolClient.java:onNext(255)) - client-23C834B07313->edccc055-c3f5-47df-b30f-76e8836f4c59: receive RaftClientReply:client-23C834B07313->edccc055-c3f5-47df-b30f-76e8836f4c59@group-ED32739C8BBB, cid=2580, SUCCESS, logIndex=3841, commits[edccc055-c3f5-47df-b30f-76e8836f4c59:c3842, f9704f82-adf1-457c-ad29-9b573bc67fa6:c3840, 932806d8-5f5d-4457-8f95-c9b7f9036eae:c3840]
2019-08-07 03:27:28,218 INFO  client.GrpcClientProtocolClient (GrpcClientProtocolClient.java:onNext(255)) - client-23C834B07313->edccc055-c3f5-47df-b30f-76e8836f4c59: receive RaftClientReply:client-23C834B07313->edccc055-c3f5-47df-b30f-76e8836f4c59@group-ED32739C8BBB, cid=2581, SUCCESS, logIndex=3842, commits[edccc055-c3f5-47df-b30f-76e8836f4c59:c3842, f9704f82-adf1-457c-ad29-9b573bc67fa6:c3840, 932806d8-5f5d-4457-8f95-c9b7f9036eae:c3840]
2019-08-07 03:27:28,228 INFO  client.GrpcClientProtocolClient (GrpcClientProtocolClient.java:onNext(255)) - client-23C834B07313->edccc055-c3f5-47df-b30f-76e8836f4c59: receive RaftClientReply:client-23C834B07313->edccc055-c3f5-47df-b30f-76e8836f4c59@group-ED32739C8BBB, cid=2582, SUCCESS, logIndex=3843, commits[edccc055-c3f5-47df-b30f-76e8836f4c59:c3844, f9704f82-adf1-457c-ad29-9b573bc67fa6:c3840, 932806d8-5f5d-4457-8f95-c9b7f9036eae:c3840]
2019-08-07 03:27:28,228 INFO  client.GrpcClientProtocolClient (GrpcClientProtocolClient.java:onNext(255)) - client-23C834B07313->edccc055-c3f5-47df-b30f-76e8836f4c59: receive RaftClientReply:client-23C834B07313->edccc055-c3f5-47df-b30f-76e8836f4c59@group-ED32739C8BBB, cid=2583, SUCCESS, logIndex=3844, commits[edccc055-c3f5-47df-b30f-76e8836f4c59:c3844, f9704f82-adf1-457c-ad29-9b573bc67fa6:c3840, 932806d8-5f5d-4457-8f95-c9b7f9036eae:c3840]
2019-08-07 03:27:28,230 INFO  client.GrpcClientProtocolClient (GrpcClientProtocolClient.java:onNext(255)) - client-23C834B07313->edccc055-c3f5-47df-b30f-76e8836f4c59: receive RaftClientReply:client-23C834B07313->edccc055-c3f5-47df-b30f-76e8836f4c59@group-ED32739C8BBB, cid=2584, SUCCESS, logIndex=0, commits[edccc055-c3f5-47df-b30f-76e8836f4c59:c3844, f9704f82-adf1-457c-ad29-9b573bc67fa6:c3842, 932806d8-5f5d-4457-8f95-c9b7f9036eae:c3842]
2019-08-07 03:27:28,256 INFO  client.GrpcClientProtocolClient (GrpcClientProtocolClient.java:onNext(255)) - client-23C834B07313->edccc055-c3f5-47df-b30f-76e8836f4c59: receive RaftClientReply:client-23C834B07313->edccc055-c3f5-47df-b30f-76e8836f4c59@group-ED32739C8BBB, cid=2585, SUCCESS, logIndex=3849, commits[edccc055-c3f5-47df-b30f-76e8836f4c59:c3850, f9704f82-adf1-457c-ad29-9b573bc67fa6:c3844, 932806d8-5f5d-4457-8f95-c9b7f9036eae:c3844]
2019-08-07 03:27:28,256 INFO  client.GrpcClientProtocolClient (GrpcClientProtocolClient.java:onNext(255)) - client-23C834B07313->edccc055-c3f5-47df-b30f-76e8836f4c59: receive RaftClientReply:client-23C834B07313->edccc055-c3f5-47df-b30f-76e8836f4c59@group-ED32739C8BBB, cid=2586, SUCCESS, logIndex=3850, commits[edccc055-c3f5-47df-b30f-76e8836f4c59:c3850, f9704f82-adf1-457c-ad29-9b573bc67fa6:c3844, 932806d8-5f5d-4457-8f95-c9b7f9036eae:c3844]
2019-08-07 03:27:28,282 INFO  client.GrpcClientProtocolClient (GrpcClientProtocolClient.java:onNext(255)) - client-23C834B07313->edccc055-c3f5-47df-b30f-76e8836f4c59: receive RaftClientReply:client-23C834B07313->edccc055-c3f5-47df-b30f-76e8836f4c59@group-ED32739C8BBB, cid=2587, SUCCESS, logIndex=3853, commits[edccc055-c3f5-47df-b30f-76e8836f4c59:c3854, f9704f82-adf1-457c-ad29-9b573bc67fa6:c3850, 932806d8-5f5d-4457-8f95-c9b7f9036eae:c3850]
2019-08-07 03:27:28,283 INFO  client.GrpcClientProtocolClient (GrpcClientProtocolClient.java:onNext(255)) - client-23C834B07313->edccc055-c3f5-47df-b30f-76e8836f4c59: receive RaftClientReply:client-23C834B07313->edccc055-c3f5-47df-b30f-76e8836f4c59@group-ED32739C8BBB, cid=2588, SUCCESS, logIndex=3854, commits[edccc055-c3f5-47df-b30f-76e8836f4c59:c3854, f9704f82-adf1-457c-ad29-9b573bc67fa6:c3850, 932806d8-5f5d-4457-8f95-c9b7f9036eae:c3850]
2019-08-07 03:27:28,305 INFO  client.GrpcClientProtocolClient (GrpcClientProtocolClient.java:onNext(255)) - client-23C834B07313->edccc055-c3f5-47df-b30f-76e8836f4c59: receive RaftClientReply:client-23C834B07313->edccc055-c3f5-47df-b30f-76e8836f4c59@group-ED32739C8BBB, cid=2589, SUCCESS, logIndex=0, commits[edccc055-c3f5-47df-b30f-76e8836f4c59:c3856, f9704f82-adf1-457c-ad29-9b573bc67fa6:c3854, 932806d8-5f5d-4457-8f95-c9b7f9036eae:c3854]
2019-08-07 03:27:28,326 INFO  client.GrpcClientProtocolClient (GrpcClientProtocolClient.java:onNext(255)) - client-23C834B07313->edccc055-c3f5-47df-b30f-76e8836f4c59: receive RaftClientReply:client-23C834B07313->edccc055-c3f5-47df-b30f-76e8836f4c59@group-ED32739C8BBB, cid=2590, SUCCESS, logIndex=3857, commits[edccc055-c3f5-47df-b30f-76e8836f4c59:c3858, f9704f82-adf1-457c-ad29-9b573bc67fa6:c3854, 932806d8-5f5d-4457-8f95-c9b7f9036eae:c3856]
2019-08-07 03:27:28,326 INFO  client.GrpcClientProtocolClient (GrpcClientProtocolClient.java:onNext(255)) - client-23C834B07313->edccc055-c3f5-47df-b30f-76e8836f4c59: receive RaftClientReply:client-23C834B07313->edccc055-c3f5-47df-b30f-76e8836f4c59@group-ED32739C8BBB, cid=2591, SUCCESS, logIndex=3858, commits[edccc055-c3f5-47df-b30f-76e8836f4c59:c3858, f9704f82-adf1-457c-ad29-9b573bc67fa6:c3854, 932806d8-5f5d-4457-8f95-c9b7f9036eae:c3856]
2019-08-07 03:27:28,339 INFO  client.GrpcClientProtocolClient (GrpcClientProtocolClient.java:onNext(255)) - client-23C834B07313->edccc055-c3f5-47df-b30f-76e8836f4c59: receive RaftClientReply:client-23C834B07313->edccc055-c3f5-47df-b30f-76e8836f4c59@group-ED32739C8BBB, cid=2592, SUCCESS, logIndex=3859, commits[edccc055-c3f5-47df-b30f-76e8836f4c59:c3860, f9704f82-adf1-457c-ad29-9b573bc67fa6:c3856, 932806d8-5f5d-4457-8f95-c9b7f9036eae:c3856]
2019-08-07 03:27:28,339 INFO  client.GrpcClientProtocolClient (GrpcClientProtocolClient.java:onNext(255)) - client-23C834B07313->edccc055-c3f5-47df-b30f-76e8836f4c59: receive RaftClientReply:client-23C834B07313->edccc055-c3f5-47df-b30f-76e8836f4c59@group-ED32739C8BBB, cid=2593, SUCCESS, logIndex=3860, commits[edccc055-c3f5-47df-b30f-76e8836f4c59:c3861, f9704f82-adf1-457c-ad29-9b573bc67fa6:c3858, 932806d8-5f5d-4457-8f95-c9b7f9036eae:c3856]
2019-08-07 03:27:28,340 INFO  client.GrpcClientProtocolClient (GrpcClientProtocolClient.java:onNext(255)) - client-23C834B07313->edccc055-c3f5-47df-b30f-76e8836f4c59: receive RaftClientReply:client-23C834B07313->edccc055-c3f5-47df-b30f-76e8836f4c59@group-ED32739C8BBB, cid=2594, SUCCESS, logIndex=0, commits[edccc055-c3f5-47df-b30f-76e8836f4c59:c3862, f9704f82-adf1-457c-ad29-9b573bc67fa6:c3858, 932806d8-5f5d-4457-8f95-c9b7f9036eae:c3858]
2019-08-07 03:27:28,354 INFO  client.GrpcClientProtocolClient (GrpcClientProtocolClient.java:onNext(255)) - client-23C834B07313->edccc055-c3f5-47df-b30f-76e8836f4c59: receive RaftClientReply:client-23C834B07313->edccc055-c3f5-47df-b30f-76e8836f4c59@group-ED32739C8BBB, cid=2595, SUCCESS, logIndex=3865, commits[edccc055-c3f5-47df-b30f-76e8836f4c59:c3866, f9704f82-adf1-457c-ad29-9b573bc67fa6:c3860, 932806d8-5f5d-4457-8f95-c9b7f9036eae:c3863]
2019-08-07 03:27:28,354 INFO  client.GrpcClientProtocolClient (GrpcClientProtocolClient.java:onNext(255)) - client-23C834B07313->edccc055-c3f5-47df-b30f-76e8836f4c59: receive RaftClientReply:client-23C834B07313->edccc055-c3f5-47df-b30f-76e8836f4c59@group-ED32739C8BBB, cid=2596, SUCCESS, logIndex=3866, commits[edccc055-c3f5-47df-b30f-76e8836f4c59:c3866, f9704f82-adf1-457c-ad29-9b573bc67fa6:c3860, 932806d8-5f5d-4457-8f95-c9b7f9036eae:c3863]
2019-08-07 03:27:28,371 INFO  client.GrpcClientProtocolClient (GrpcClientProtocolClient.java:onNext(255)) - client-23C834B07313->edccc055-c3f5-47df-b30f-76e8836f4c59: receive RaftClientReply:client-23C834B07313->edccc055-c3f5-47df-b30f-76e8836f4c59@group-ED32739C8BBB, cid=2597, SUCCESS, logIndex=3869, commits[edccc055-c3f5-47df-b30f-76e8836f4c59:c3870, f9704f82-adf1-457c-ad29-9b573bc67fa6:c3867, 932806d8-5f5d-4457-8f95-c9b7f9036eae:c3866]
2019-08-07 03:27:28,371 INFO  client.GrpcClientProtocolClient (GrpcClientProtocolClient.java:onNext(255)) - client-23C834B07313->edccc055-c3f5-47df-b30f-76e8836f4c59: receive RaftClientReply:client-23C834B07313->edccc055-c3f5-47df-b30f-76e8836f4c59@group-ED32739C8BBB, cid=2598, SUCCESS, logIndex=3870, commits[edccc055-c3f5-47df-b30f-76e8836f4c59:c3870, f9704f82-adf1-457c-ad29-9b573bc67fa6:c3867, 932806d8-5f5d-4457-8f95-c9b7f9036eae:c3867]
2019-08-07 03:27:28,384 INFO  client.GrpcClientProtocolClient (GrpcClientProtocolClient.java:onNext(255)) - client-23C834B07313->edccc055-c3f5-47df-b30f-76e8836f4c59: receive RaftClientReply:client-23C834B07313->edccc055-c3f5-47df-b30f-76e8836f4c59@group-ED32739C8BBB, cid=2599, SUCCESS, logIndex=0, commits[edccc055-c3f5-47df-b30f-76e8836f4c59:c3871, f9704f82-adf1-457c-ad29-9b573bc67fa6:c3870, 932806d8-5f5d-4457-8f95-c9b7f9036eae:c3870]
2019-08-07 03:27:28,406 INFO  client.GrpcClientProtocolClient (GrpcClientProtocolClient.java:onNext(255)) - client-23C834B07313->edccc055-c3f5-47df-b30f-76e8836f4c59: receive RaftClientReply:client-23C834B07313->edccc055-c3f5-47df-b30f-76e8836f4c59@group-ED32739C8BBB, cid=2600, SUCCESS, logIndex=3872, commits[edccc055-c3f5-47df-b30f-76e8836f4c59:c3873, f9704f82-adf1-457c-ad29-9b573bc67fa6:c3871, 932806d8-5f5d-4457-8f95-c9b7f9036eae:c3870]
2019-08-07 03:27:28,406 INFO  client.GrpcClientProtocolClient (GrpcClientProtocolClient.java:onNext(255)) - client-23C834B07313->edccc055-c3f5-47df-b30f-76e8836f4c59: receive RaftClientReply:client-23C834B07313->edccc055-c3f5-47df-b30f-76e8836f4c59@group-ED32739C8BBB, cid=2601, SUCCESS, logIndex=3873, commits[edccc055-c3f5-47df-b30f-76e8836f4c59:c3873, f9704f82-adf1-457c-ad29-9b573bc67fa6:c3871, 932806d8-5f5d-4457-8f95-c9b7f9036eae:c3870]
2019-08-07 03:27:28,418 INFO  client.GrpcClientProtocolClient (GrpcClientProtocolClient.java:onNext(255)) - client-23C834B07313->edccc055-c3f5-47df-b30f-76e8836f4c59: receive RaftClientReply:client-23C834B07313->edccc055-c3f5-47df-b30f-76e8836f4c59@group-ED32739C8BBB, cid=2602, SUCCESS, logIndex=3874, commits[edccc055-c3f5-47df-b30f-76e8836f4c59:c3875, f9704f82-adf1-457c-ad29-9b573bc67fa6:c3871, 932806d8-5f5d-4457-8f95-c9b7f9036eae:c3871]
2019-08-07 03:27:28,419 INFO  client.GrpcClientProtocolClient (GrpcClientProtocolClient.java:onNext(255)) - client-23C834B07313->edccc055-c3f5-47df-b30f-76e8836f4c59: receive RaftClientReply:client-23C834B07313->edccc055-c3f5-47df-b30f-76e8836f4c59@group-ED32739C8BBB, cid=2603, SUCCESS, logIndex=3875, commits[edccc055-c3f5-47df-b30f-76e8836f4c59:c3877, f9704f82-adf1-457c-ad29-9b573bc67fa6:c3871, 932806d8-5f5d-4457-8f95-c9b7f9036eae:c3873]
 0.00% |█                                                                                                    |  0/1 Time: 0:00:242019-08-07 03:27:28,429 INFO  client.GrpcClientProtocolClient (GrpcClientProtocolClient.java:onNext(255)) - client-23C834B07313->edccc055-c3f5-47df-b30f-76e8836f4c59: receive RaftClientReply:client-23C834B07313->edccc055-c3f5-47df-b30f-76e8836f4c59@group-ED32739C8BBB, cid=2604, SUCCESS, logIndex=0, commits[edccc055-c3f5-47df-b30f-76e8836f4c59:c3877, f9704f82-adf1-457c-ad29-9b573bc67fa6:c3873, 932806d8-5f5d-4457-8f95-c9b7f9036eae:c3873]
2019-08-07 03:27:28,450 INFO  client.GrpcClientProtocolClient (GrpcClientProtocolClient.java:onNext(255)) - client-23C834B07313->edccc055-c3f5-47df-b30f-76e8836f4c59: receive RaftClientReply:client-23C834B07313->edccc055-c3f5-47df-b30f-76e8836f4c59@group-ED32739C8BBB, cid=2605, SUCCESS, logIndex=3880, commits[edccc055-c3f5-47df-b30f-76e8836f4c59:c3881, f9704f82-adf1-457c-ad29-9b573bc67fa6:c3879, 932806d8-5f5d-4457-8f95-c9b7f9036eae:c3879]
2019-08-07 03:27:28,451 INFO  client.GrpcClientProtocolClient (GrpcClientProtocolClient.java:onNext(255)) - client-23C834B07313->edccc055-c3f5-47df-b30f-76e8836f4c59: receive RaftClientReply:client-23C834B07313->edccc055-c3f5-47df-b30f-76e8836f4c59@group-ED32739C8BBB, cid=2606, SUCCESS, logIndex=3881, commits[edccc055-c3f5-47df-b30f-76e8836f4c59:c3881, f9704f82-adf1-457c-ad29-9b573bc67fa6:c3879, 932806d8-5f5d-4457-8f95-c9b7f9036eae:c3879]
2019-08-07 03:27:28,477 INFO  client.GrpcClientProtocolClient (GrpcClientProtocolClient.java:onNext(255)) - client-23C834B07313->edccc055-c3f5-47df-b30f-76e8836f4c59: receive RaftClientReply:client-23C834B07313->edccc055-c3f5-47df-b30f-76e8836f4c59@group-ED32739C8BBB, cid=2607, SUCCESS, logIndex=3884, commits[edccc055-c3f5-47df-b30f-76e8836f4c59:c3884, f9704f82-adf1-457c-ad29-9b573bc67fa6:c3881, 932806d8-5f5d-4457-8f95-c9b7f9036eae:c3881]
2019-08-07 03:27:28,478 INFO  client.GrpcClientProtocolClient (GrpcClientProtocolClient.java:onNext(255)) - client-23C834B07313->edccc055-c3f5-47df-b30f-76e8836f4c59: receive RaftClientReply:client-23C834B07313->edccc055-c3f5-47df-b30f-76e8836f4c59@group-ED32739C8BBB, cid=2608, SUCCESS, logIndex=3885, commits[edccc055-c3f5-47df-b30f-76e8836f4c59:c3885, f9704f82-adf1-457c-ad29-9b573bc67fa6:c3881, 932806d8-5f5d-4457-8f95-c9b7f9036eae:c3881]
2019-08-07 03:27:28,505 INFO  client.GrpcClientProtocolClient (GrpcClientProtocolClient.java:onNext(255)) - client-23C834B07313->edccc055-c3f5-47df-b30f-76e8836f4c59: receive RaftClientReply:client-23C834B07313->edccc055-c3f5-47df-b30f-76e8836f4c59@group-ED32739C8BBB, cid=2609, SUCCESS, logIndex=0, commits[edccc055-c3f5-47df-b30f-76e8836f4c59:c3887, f9704f82-adf1-457c-ad29-9b573bc67fa6:c3885, 932806d8-5f5d-4457-8f95-c9b7f9036eae:c3885]
2019-08-07 03:27:28,541 INFO  client.GrpcClientProtocolClient (GrpcClientProtocolClient.java:onNext(255)) - client-23C834B07313->edccc055-c3f5-47df-b30f-76e8836f4c59: receive RaftClientReply:client-23C834B07313->edccc055-c3f5-47df-b30f-76e8836f4c59@group-ED32739C8BBB, cid=2610, SUCCESS, logIndex=3888, commits[edccc055-c3f5-47df-b30f-76e8836f4c59:c3889, f9704f82-adf1-457c-ad29-9b573bc67fa6:c3887, 932806d8-5f5d-4457-8f95-c9b7f9036eae:c3887]
2019-08-07 03:27:28,541 INFO  client.GrpcClientProtocolClient (GrpcClientProtocolClient.java:onNext(255)) - client-23C834B07313->edccc055-c3f5-47df-b30f-76e8836f4c59: receive RaftClientReply:client-23C834B07313->edccc055-c3f5-47df-b30f-76e8836f4c59@group-ED32739C8BBB, cid=2611, SUCCESS, logIndex=3889, commits[edccc055-c3f5-47df-b30f-76e8836f4c59:c3889, f9704f82-adf1-457c-ad29-9b573bc67fa6:c3887, 932806d8-5f5d-4457-8f95-c9b7f9036eae:c3887]
2019-08-07 03:27:28,551 INFO  client.GrpcClientProtocolClient (GrpcClientProtocolClient.java:onNext(255)) - client-23C834B07313->edccc055-c3f5-47df-b30f-76e8836f4c59: receive RaftClientReply:client-23C834B07313->edccc055-c3f5-47df-b30f-76e8836f4c59@group-ED32739C8BBB, cid=2612, SUCCESS, logIndex=3890, commits[edccc055-c3f5-47df-b30f-76e8836f4c59:c3891, f9704f82-adf1-457c-ad29-9b573bc67fa6:c3887, 932806d8-5f5d-4457-8f95-c9b7f9036eae:c3887]
2019-08-07 03:27:28,551 INFO  client.GrpcClientProtocolClient (GrpcClientProtocolClient.java:onNext(255)) - client-23C834B07313->edccc055-c3f5-47df-b30f-76e8836f4c59: receive RaftClientReply:client-23C834B07313->edccc055-c3f5-47df-b30f-76e8836f4c59@group-ED32739C8BBB, cid=2613, SUCCESS, logIndex=3891, commits[edccc055-c3f5-47df-b30f-76e8836f4c59:c3891, f9704f82-adf1-457c-ad29-9b573bc67fa6:c3887, 932806d8-5f5d-4457-8f95-c9b7f9036eae:c3887]
2019-08-07 03:27:28,555 INFO  client.GrpcClientProtocolClient (GrpcClientProtocolClient.java:onNext(255)) - client-23C834B07313->edccc055-c3f5-47df-b30f-76e8836f4c59: receive RaftClientReply:client-23C834B07313->edccc055-c3f5-47df-b30f-76e8836f4c59@group-ED32739C8BBB, cid=2614, SUCCESS, logIndex=0, commits[edccc055-c3f5-47df-b30f-76e8836f4c59:c3894, f9704f82-adf1-457c-ad29-9b573bc67fa6:c3891, 932806d8-5f5d-4457-8f95-c9b7f9036eae:c3889]
2019-08-07 03:27:28,579 INFO  client.GrpcClientProtocolClient (GrpcClientProtocolClient.java:onNext(255)) - client-23C834B07313->edccc055-c3f5-47df-b30f-76e8836f4c59: receive RaftClientReply:client-23C834B07313->edccc055-c3f5-47df-b30f-76e8836f4c59@group-ED32739C8BBB, cid=2615, SUCCESS, logIndex=3895, commits[edccc055-c3f5-47df-b30f-76e8836f4c59:c3896, f9704f82-adf1-457c-ad29-9b573bc67fa6:c3894, 932806d8-5f5d-4457-8f95-c9b7f9036eae:c3894]
2019-08-07 03:27:28,580 INFO  client.GrpcClientProtocolClient (GrpcClientProtocolClient.java:onNext(255)) - client-23C834B07313->edccc055-c3f5-47df-b30f-76e8836f4c59: receive RaftClientReply:client-23C834B07313->edccc055-c3f5-47df-b30f-76e8836f4c59@group-ED32739C8BBB, cid=2616, SUCCESS, logIndex=3896, commits[edccc055-c3f5-47df-b30f-76e8836f4c59:c3896, f9704f82-adf1-457c-ad29-9b573bc67fa6:c3894, 932806d8-5f5d-4457-8f95-c9b7f9036eae:c3894]
2019-08-07 03:27:28,604 INFO  client.GrpcClientProtocolClient (GrpcClientProtocolClient.java:onNext(255)) - client-23C834B07313->edccc055-c3f5-47df-b30f-76e8836f4c59: receive RaftClientReply:client-23C834B07313->edccc055-c3f5-47df-b30f-76e8836f4c59@group-ED32739C8BBB, cid=2617, SUCCESS, logIndex=3899, commits[edccc055-c3f5-47df-b30f-76e8836f4c59:c3900, f9704f82-adf1-457c-ad29-9b573bc67fa6:c3896, 932806d8-5f5d-4457-8f95-c9b7f9036eae:c3896]
2019-08-07 03:27:28,604 INFO  client.GrpcClientProtocolClient (GrpcClientProtocolClient.java:onNext(255)) - client-23C834B07313->edccc055-c3f5-47df-b30f-76e8836f4c59: receive RaftClientReply:client-23C834B07313->edccc055-c3f5-47df-b30f-76e8836f4c59@group-ED32739C8BBB, cid=2618, SUCCESS, logIndex=3900, commits[edccc055-c3f5-47df-b30f-76e8836f4c59:c3900, f9704f82-adf1-457c-ad29-9b573bc67fa6:c3896, 932806d8-5f5d-4457-8f95-c9b7f9036eae:c3896]
2019-08-07 03:27:28,618 INFO  client.GrpcClientProtocolClient (GrpcClientProtocolClient.java:onNext(255)) - client-23C834B07313->edccc055-c3f5-47df-b30f-76e8836f4c59: receive RaftClientReply:client-23C834B07313->edccc055-c3f5-47df-b30f-76e8836f4c59@group-ED32739C8BBB, cid=2619, SUCCESS, logIndex=0, commits[edccc055-c3f5-47df-b30f-76e8836f4c59:c3902, f9704f82-adf1-457c-ad29-9b573bc67fa6:c3900, 932806d8-5f5d-4457-8f95-c9b7f9036eae:c3900]
2019-08-07 03:27:28,653 INFO  client.GrpcClientProtocolClient (GrpcClientProtocolClient.java:onNext(255)) - client-23C834B07313->edccc055-c3f5-47df-b30f-76e8836f4c59: receive RaftClientReply:client-23C834B07313->edccc055-c3f5-47df-b30f-76e8836f4c59@group-ED32739C8BBB, cid=2620, SUCCESS, logIndex=3903, commits[edccc055-c3f5-47df-b30f-76e8836f4c59:c3904, f9704f82-adf1-457c-ad29-9b573bc67fa6:c3902, 932806d8-5f5d-4457-8f95-c9b7f9036eae:c3902]
2019-08-07 03:27:28,653 INFO  client.GrpcClientProtocolClient (GrpcClientProtocolClient.java:onNext(255)) - client-23C834B07313->edccc055-c3f5-47df-b30f-76e8836f4c59: receive RaftClientReply:client-23C834B07313->edccc055-c3f5-47df-b30f-76e8836f4c59@group-ED32739C8BBB, cid=2621, SUCCESS, logIndex=3904, commits[edccc055-c3f5-47df-b30f-76e8836f4c59:c3904, f9704f82-adf1-457c-ad29-9b573bc67fa6:c3902, 932806d8-5f5d-4457-8f95-c9b7f9036eae:c3902]
2019-08-07 03:27:28,663 INFO  client.GrpcClientProtocolClient (GrpcClientProtocolClient.java:onNext(255)) - client-23C834B07313->edccc055-c3f5-47df-b30f-76e8836f4c59: receive RaftClientReply:client-23C834B07313->edccc055-c3f5-47df-b30f-76e8836f4c59@group-ED32739C8BBB, cid=2622, SUCCESS, logIndex=3905, commits[edccc055-c3f5-47df-b30f-76e8836f4c59:c3906, f9704f82-adf1-457c-ad29-9b573bc67fa6:c3902, 932806d8-5f5d-4457-8f95-c9b7f9036eae:c3902]
2019-08-07 03:27:28,663 INFO  client.GrpcClientProtocolClient (GrpcClientProtocolClient.java:onNext(255)) - client-23C834B07313->edccc055-c3f5-47df-b30f-76e8836f4c59: receive RaftClientReply:client-23C834B07313->edccc055-c3f5-47df-b30f-76e8836f4c59@group-ED32739C8BBB, cid=2623, SUCCESS, logIndex=3906, commits[edccc055-c3f5-47df-b30f-76e8836f4c59:c3906, f9704f82-adf1-457c-ad29-9b573bc67fa6:c3902, 932806d8-5f5d-4457-8f95-c9b7f9036eae:c3902]
2019-08-07 03:27:28,666 INFO  client.GrpcClientProtocolClient (GrpcClientProtocolClient.java:onNext(255)) - client-23C834B07313->edccc055-c3f5-47df-b30f-76e8836f4c59: receive RaftClientReply:client-23C834B07313->edccc055-c3f5-47df-b30f-76e8836f4c59@group-ED32739C8BBB, cid=2624, SUCCESS, logIndex=0, commits[edccc055-c3f5-47df-b30f-76e8836f4c59:c3906, f9704f82-adf1-457c-ad29-9b573bc67fa6:c3904, 932806d8-5f5d-4457-8f95-c9b7f9036eae:c3904]
2019-08-07 03:27:28,754 INFO  client.GrpcClientProtocolClient (GrpcClientProtocolClient.java:onNext(255)) - client-23C834B07313->edccc055-c3f5-47df-b30f-76e8836f4c59: receive RaftClientReply:client-23C834B07313->edccc055-c3f5-47df-b30f-76e8836f4c59@group-ED32739C8BBB, cid=2625, SUCCESS, logIndex=3911, commits[edccc055-c3f5-47df-b30f-76e8836f4c59:c3911, f9704f82-adf1-457c-ad29-9b573bc67fa6:c3904, 932806d8-5f5d-4457-8f95-c9b7f9036eae:c3906]
2019-08-07 03:27:28,755 INFO  client.GrpcClientProtocolClient (GrpcClientProtocolClient.java:onNext(255)) - client-23C834B07313->edccc055-c3f5-47df-b30f-76e8836f4c59: receive RaftClientReply:client-23C834B07313->edccc055-c3f5-47df-b30f-76e8836f4c59@group-ED32739C8BBB, cid=2626, SUCCESS, logIndex=3912, commits[edccc055-c3f5-47df-b30f-76e8836f4c59:c3912, f9704f82-adf1-457c-ad29-9b573bc67fa6:c3906, 932806d8-5f5d-4457-8f95-c9b7f9036eae:c3906]
2019-08-07 03:27:28,780 INFO  client.GrpcClientProtocolClient (GrpcClientProtocolClient.java:onNext(255)) - client-23C834B07313->edccc055-c3f5-47df-b30f-76e8836f4c59: receive RaftClientReply:client-23C834B07313->edccc055-c3f5-47df-b30f-76e8836f4c59@group-ED32739C8BBB, cid=2627, SUCCESS, logIndex=3915, commits[edccc055-c3f5-47df-b30f-76e8836f4c59:c3915, f9704f82-adf1-457c-ad29-9b573bc67fa6:c3912, 932806d8-5f5d-4457-8f95-c9b7f9036eae:c3912]
2019-08-07 03:27:28,781 INFO  client.GrpcClientProtocolClient (GrpcClientProtocolClient.java:onNext(255)) - client-23C834B07313->edccc055-c3f5-47df-b30f-76e8836f4c59: receive RaftClientReply:client-23C834B07313->edccc055-c3f5-47df-b30f-76e8836f4c59@group-ED32739C8BBB, cid=2628, SUCCESS, logIndex=3916, commits[edccc055-c3f5-47df-b30f-76e8836f4c59:c3916, f9704f82-adf1-457c-ad29-9b573bc67fa6:c3912, 932806d8-5f5d-4457-8f95-c9b7f9036eae:c3912]
2019-08-07 03:27:28,807 INFO  client.GrpcClientProtocolClient (GrpcClientProtocolClient.java:onNext(255)) - client-23C834B07313->edccc055-c3f5-47df-b30f-76e8836f4c59: receive RaftClientReply:client-23C834B07313->edccc055-c3f5-47df-b30f-76e8836f4c59@group-ED32739C8BBB, cid=2629, SUCCESS, logIndex=0, commits[edccc055-c3f5-47df-b30f-76e8836f4c59:c3918, f9704f82-adf1-457c-ad29-9b573bc67fa6:c3916, 932806d8-5f5d-4457-8f95-c9b7f9036eae:c3916]
2019-08-07 03:27:28,866 INFO  client.GrpcClientProtocolClient (GrpcClientProtocolClient.java:onNext(255)) - client-23C834B07313->edccc055-c3f5-47df-b30f-76e8836f4c59: receive RaftClientReply:client-23C834B07313->edccc055-c3f5-47df-b30f-76e8836f4c59@group-ED32739C8BBB, cid=2630, SUCCESS, logIndex=3919, commits[edccc055-c3f5-47df-b30f-76e8836f4c59:c3920, f9704f82-adf1-457c-ad29-9b573bc67fa6:c3918, 932806d8-5f5d-4457-8f95-c9b7f9036eae:c3918]
2019-08-07 03:27:28,866 INFO  client.GrpcClientProtocolClient (GrpcClientProtocolClient.java:onNext(255)) - client-23C834B07313->edccc055-c3f5-47df-b30f-76e8836f4c59: receive RaftClientReply:client-23C834B07313->edccc055-c3f5-47df-b30f-76e8836f4c59@group-ED32739C8BBB, cid=2631, SUCCESS, logIndex=3920, commits[edccc055-c3f5-47df-b30f-76e8836f4c59:c3920, f9704f82-adf1-457c-ad29-9b573bc67fa6:c3918, 932806d8-5f5d-4457-8f95-c9b7f9036eae:c3918]
2019-08-07 03:27:28,876 INFO  client.GrpcClientProtocolClient (GrpcClientProtocolClient.java:onNext(255)) - client-23C834B07313->edccc055-c3f5-47df-b30f-76e8836f4c59: receive RaftClientReply:client-23C834B07313->edccc055-c3f5-47df-b30f-76e8836f4c59@group-ED32739C8BBB, cid=2632, SUCCESS, logIndex=3921, commits[edccc055-c3f5-47df-b30f-76e8836f4c59:c3922, f9704f82-adf1-457c-ad29-9b573bc67fa6:c3918, 932806d8-5f5d-4457-8f95-c9b7f9036eae:c3918]
2019-08-07 03:27:28,878 INFO  client.GrpcClientProtocolClient (GrpcClientProtocolClient.java:onNext(255)) - client-23C834B07313->edccc055-c3f5-47df-b30f-76e8836f4c59: receive RaftClientReply:client-23C834B07313->edccc055-c3f5-47df-b30f-76e8836f4c59@group-ED32739C8BBB, cid=2633, SUCCESS, logIndex=3922, commits[edccc055-c3f5-47df-b30f-76e8836f4c59:c3922, f9704f82-adf1-457c-ad29-9b573bc67fa6:c3918, 932806d8-5f5d-4457-8f95-c9b7f9036eae:c3918]
2019-08-07 03:27:28,879 INFO  client.GrpcClientProtocolClient (GrpcClientProtocolClient.java:onNext(255)) - client-23C834B07313->edccc055-c3f5-47df-b30f-76e8836f4c59: receive RaftClientReply:client-23C834B07313->edccc055-c3f5-47df-b30f-76e8836f4c59@group-ED32739C8BBB, cid=2634, SUCCESS, logIndex=0, commits[edccc055-c3f5-47df-b30f-76e8836f4c59:c3926, f9704f82-adf1-457c-ad29-9b573bc67fa6:c3920, 932806d8-5f5d-4457-8f95-c9b7f9036eae:c3922]
2019-08-07 03:27:28,901 INFO  client.GrpcClientProtocolClient (GrpcClientProtocolClient.java:onNext(255)) - client-23C834B07313->edccc055-c3f5-47df-b30f-76e8836f4c59: receive RaftClientReply:client-23C834B07313->edccc055-c3f5-47df-b30f-76e8836f4c59@group-ED32739C8BBB, cid=2635, SUCCESS, logIndex=3927, commits[edccc055-c3f5-47df-b30f-76e8836f4c59:c3928, f9704f82-adf1-457c-ad29-9b573bc67fa6:c3926, 932806d8-5f5d-4457-8f95-c9b7f9036eae:c3926]
2019-08-07 03:27:28,901 INFO  client.GrpcClientProtocolClient (GrpcClientProtocolClient.java:onNext(255)) - client-23C834B07313->edccc055-c3f5-47df-b30f-76e8836f4c59: receive RaftClientReply:client-23C834B07313->edccc055-c3f5-47df-b30f-76e8836f4c59@group-ED32739C8BBB, cid=2636, SUCCESS, logIndex=3928, commits[edccc055-c3f5-47df-b30f-76e8836f4c59:c3928, f9704f82-adf1-457c-ad29-9b573bc67fa6:c3926, 932806d8-5f5d-4457-8f95-c9b7f9036eae:c3926]
2019-08-07 03:27:28,926 INFO  client.GrpcClientProtocolClient (GrpcClientProtocolClient.java:onNext(255)) - client-23C834B07313->edccc055-c3f5-47df-b30f-76e8836f4c59: receive RaftClientReply:client-23C834B07313->edccc055-c3f5-47df-b30f-76e8836f4c59@group-ED32739C8BBB, cid=2637, SUCCESS, logIndex=3931, commits[edccc055-c3f5-47df-b30f-76e8836f4c59:c3932, f9704f82-adf1-457c-ad29-9b573bc67fa6:c3928, 932806d8-5f5d-4457-8f95-c9b7f9036eae:c3928]
2019-08-07 03:27:28,926 INFO  client.GrpcClientProtocolClient (GrpcClientProtocolClient.java:onNext(255)) - client-23C834B07313->edccc055-c3f5-47df-b30f-76e8836f4c59: receive RaftClientReply:client-23C834B07313->edccc055-c3f5-47df-b30f-76e8836f4c59@group-ED32739C8BBB, cid=2638, SUCCESS, logIndex=3932, commits[edccc055-c3f5-47df-b30f-76e8836f4c59:c3932, f9704f82-adf1-457c-ad29-9b573bc67fa6:c3928, 932806d8-5f5d-4457-8f95-c9b7f9036eae:c3928]
2019-08-07 03:27:28,930 INFO  client.GrpcClientProtocolClient (GrpcClientProtocolClient.java:onNext(255)) - client-23C834B07313->edccc055-c3f5-47df-b30f-76e8836f4c59: receive RaftClientReply:client-23C834B07313->edccc055-c3f5-47df-b30f-76e8836f4c59@group-ED32739C8BBB, cid=2639, SUCCESS, logIndex=0, commits[edccc055-c3f5-47df-b30f-76e8836f4c59:c3934, f9704f82-adf1-457c-ad29-9b573bc67fa6:c3932, 932806d8-5f5d-4457-8f95-c9b7f9036eae:c3932]
2019-08-07 03:27:28,964 INFO  client.GrpcClientProtocolClient (GrpcClientProtocolClient.java:onNext(255)) - client-23C834B07313->edccc055-c3f5-47df-b30f-76e8836f4c59: receive RaftClientReply:client-23C834B07313->edccc055-c3f5-47df-b30f-76e8836f4c59@group-ED32739C8BBB, cid=2640, SUCCESS, logIndex=3935, commits[edccc055-c3f5-47df-b30f-76e8836f4c59:c3936, f9704f82-adf1-457c-ad29-9b573bc67fa6:c3934, 932806d8-5f5d-4457-8f95-c9b7f9036eae:c3934]
2019-08-07 03:27:28,964 INFO  client.GrpcClientProtocolClient (GrpcClientProtocolClient.java:onNext(255)) - client-23C834B07313->edccc055-c3f5-47df-b30f-76e8836f4c59: receive RaftClientReply:client-23C834B07313->edccc055-c3f5-47df-b30f-76e8836f4c59@group-ED32739C8BBB, cid=2641, SUCCESS, logIndex=3936, commits[edccc055-c3f5-47df-b30f-76e8836f4c59:c3936, f9704f82-adf1-457c-ad29-9b573bc67fa6:c3934, 932806d8-5f5d-4457-8f95-c9b7f9036eae:c3934]
2019-08-07 03:27:28,976 INFO  client.GrpcClientProtocolClient (GrpcClientProtocolClient.java:onNext(255)) - client-23C834B07313->edccc055-c3f5-47df-b30f-76e8836f4c59: receive RaftClientReply:client-23C834B07313->edccc055-c3f5-47df-b30f-76e8836f4c59@group-ED32739C8BBB, cid=2642, SUCCESS, logIndex=3937, commits[edccc055-c3f5-47df-b30f-76e8836f4c59:c3937, f9704f82-adf1-457c-ad29-9b573bc67fa6:c3934, 932806d8-5f5d-4457-8f95-c9b7f9036eae:c3934]
2019-08-07 03:27:28,977 INFO  client.GrpcClientProtocolClient (GrpcClientProtocolClient.java:onNext(255)) - client-23C834B07313->edccc055-c3f5-47df-b30f-76e8836f4c59: receive RaftClientReply:client-23C834B07313->edccc055-c3f5-47df-b30f-76e8836f4c59@group-ED32739C8BBB, cid=2643, SUCCESS, logIndex=3938, commits[edccc055-c3f5-47df-b30f-76e8836f4c59:c3938, f9704f82-adf1-457c-ad29-9b573bc67fa6:c3934, 932806d8-5f5d-4457-8f95-c9b7f9036eae:c3934]
2019-08-07 03:27:28,989 INFO  client.GrpcClientProtocolClient (GrpcClientProtocolClient.java:onNext(255)) - client-23C834B07313->edccc055-c3f5-47df-b30f-76e8836f4c59: receive RaftClientReply:client-23C834B07313->edccc055-c3f5-47df-b30f-76e8836f4c59@group-ED32739C8BBB, cid=2644, SUCCESS, logIndex=0, commits[edccc055-c3f5-47df-b30f-76e8836f4c59:c3940, f9704f82-adf1-457c-ad29-9b573bc67fa6:c3936, 932806d8-5f5d-4457-8f95-c9b7f9036eae:c3936]
2019-08-07 03:27:29,016 INFO  client.GrpcClientProtocolClient (GrpcClientProtocolClient.java:onNext(255)) - client-23C834B07313->edccc055-c3f5-47df-b30f-76e8836f4c59: receive RaftClientReply:client-23C834B07313->edccc055-c3f5-47df-b30f-76e8836f4c59@group-ED32739C8BBB, cid=2645, SUCCESS, logIndex=3943, commits[edccc055-c3f5-47df-b30f-76e8836f4c59:c3943, f9704f82-adf1-457c-ad29-9b573bc67fa6:c3940, 932806d8-5f5d-4457-8f95-c9b7f9036eae:c3940]
2019-08-07 03:27:29,016 INFO  client.GrpcClientProtocolClient (GrpcClientProtocolClient.java:onNext(255)) - client-23C834B07313->edccc055-c3f5-47df-b30f-76e8836f4c59: receive RaftClientReply:client-23C834B07313->edccc055-c3f5-47df-b30f-76e8836f4c59@group-ED32739C8BBB, cid=2646, SUCCESS, logIndex=3944, commits[edccc055-c3f5-47df-b30f-76e8836f4c59:c3944, f9704f82-adf1-457c-ad29-9b573bc67fa6:c3940, 932806d8-5f5d-4457-8f95-c9b7f9036eae:c3940]
2019-08-07 03:27:29,030 INFO  client.GrpcClientProtocolClient (GrpcClientProtocolClient.java:onNext(255)) - client-23C834B07313->edccc055-c3f5-47df-b30f-76e8836f4c59: receive RaftClientReply:client-23C834B07313->edccc055-c3f5-47df-b30f-76e8836f4c59@group-ED32739C8BBB, cid=2647, SUCCESS, logIndex=3947, commits[edccc055-c3f5-47df-b30f-76e8836f4c59:c3948, f9704f82-adf1-457c-ad29-9b573bc67fa6:c3944, 932806d8-5f5d-4457-8f95-c9b7f9036eae:c3946]
2019-08-07 03:27:29,031 INFO  client.GrpcClientProtocolClient (GrpcClientProtocolClient.java:onNext(255)) - client-23C834B07313->edccc055-c3f5-47df-b30f-76e8836f4c59: receive RaftClientReply:client-23C834B07313->edccc055-c3f5-47df-b30f-76e8836f4c59@group-ED32739C8BBB, cid=2648, SUCCESS, logIndex=3948, commits[edccc055-c3f5-47df-b30f-76e8836f4c59:c3948, f9704f82-adf1-457c-ad29-9b573bc67fa6:c3946, 932806d8-5f5d-4457-8f95-c9b7f9036eae:c3946]
2019-08-07 03:27:29,032 INFO  client.GrpcClientProtocolClient (GrpcClientProtocolClient.java:onNext(255)) - client-23C834B07313->edccc055-c3f5-47df-b30f-76e8836f4c59: receive RaftClientReply:client-23C834B07313->edccc055-c3f5-47df-b30f-76e8836f4c59@group-ED32739C8BBB, cid=2649, SUCCESS, logIndex=0, commits[edccc055-c3f5-47df-b30f-76e8836f4c59:c3949, f9704f82-adf1-457c-ad29-9b573bc67fa6:c3948, 932806d8-5f5d-4457-8f95-c9b7f9036eae:c3948]
2019-08-07 03:27:29,084 INFO  client.GrpcClientProtocolClient (GrpcClientProtocolClient.java:onNext(255)) - client-23C834B07313->edccc055-c3f5-47df-b30f-76e8836f4c59: receive RaftClientReply:client-23C834B07313->edccc055-c3f5-47df-b30f-76e8836f4c59@group-ED32739C8BBB, cid=2650, SUCCESS, logIndex=3951, commits[edccc055-c3f5-47df-b30f-76e8836f4c59:c3953, f9704f82-adf1-457c-ad29-9b573bc67fa6:c3950, 932806d8-5f5d-4457-8f95-c9b7f9036eae:c3950]
2019-08-07 03:27:29,084 INFO  client.GrpcClientProtocolClient (GrpcClientProtocolClient.java:onNext(255)) - client-23C834B07313->edccc055-c3f5-47df-b30f-76e8836f4c59: receive RaftClientReply:client-23C834B07313->edccc055-c3f5-47df-b30f-76e8836f4c59@group-ED32739C8BBB, cid=2651, SUCCESS, logIndex=3952, commits[edccc055-c3f5-47df-b30f-76e8836f4c59:c3954, f9704f82-adf1-457c-ad29-9b573bc67fa6:c3950, 932806d8-5f5d-4457-8f95-c9b7f9036eae:c3950]
2019-08-07 03:27:29,085 INFO  client.GrpcClientProtocolClient (GrpcClientProtocolClient.java:onNext(255)) - client-23C834B07313->edccc055-c3f5-47df-b30f-76e8836f4c59: receive RaftClientReply:client-23C834B07313->edccc055-c3f5-47df-b30f-76e8836f4c59@group-ED32739C8BBB, cid=2652, SUCCESS, logIndex=3953, commits[edccc055-c3f5-47df-b30f-76e8836f4c59:c3954, f9704f82-adf1-457c-ad29-9b573bc67fa6:c3950, 932806d8-5f5d-4457-8f95-c9b7f9036eae:c3950]
2019-08-07 03:27:29,085 INFO  client.GrpcClientProtocolClient (GrpcClientProtocolClient.java:onNext(255)) - client-23C834B07313->edccc055-c3f5-47df-b30f-76e8836f4c59: receive RaftClientReply:client-23C834B07313->edccc055-c3f5-47df-b30f-76e8836f4c59@group-ED32739C8BBB, cid=2653, SUCCESS, logIndex=3954, commits[edccc055-c3f5-47df-b30f-76e8836f4c59:c3954, f9704f82-adf1-457c-ad29-9b573bc67fa6:c3950, 932806d8-5f5d-4457-8f95-c9b7f9036eae:c3950]
2019-08-07 03:27:29,094 INFO  client.GrpcClientProtocolClient (GrpcClientProtocolClient.java:onNext(255)) - client-23C834B07313->edccc055-c3f5-47df-b30f-76e8836f4c59: receive RaftClientReply:client-23C834B07313->edccc055-c3f5-47df-b30f-76e8836f4c59@group-ED32739C8BBB, cid=2654, SUCCESS, logIndex=0, commits[edccc055-c3f5-47df-b30f-76e8836f4c59:c3958, f9704f82-adf1-457c-ad29-9b573bc67fa6:c3954, 932806d8-5f5d-4457-8f95-c9b7f9036eae:c3952]
2019-08-07 03:27:29,115 INFO  client.GrpcClientProtocolClient (GrpcClientProtocolClient.java:onNext(255)) - client-23C834B07313->edccc055-c3f5-47df-b30f-76e8836f4c59: receive RaftClientReply:client-23C834B07313->edccc055-c3f5-47df-b30f-76e8836f4c59@group-ED32739C8BBB, cid=2655, SUCCESS, logIndex=3959, commits[edccc055-c3f5-47df-b30f-76e8836f4c59:c3960, f9704f82-adf1-457c-ad29-9b573bc67fa6:c3958, 932806d8-5f5d-4457-8f95-c9b7f9036eae:c3958]
2019-08-07 03:27:29,116 INFO  client.GrpcClientProtocolClient (GrpcClientProtocolClient.java:onNext(255)) - client-23C834B07313->edccc055-c3f5-47df-b30f-76e8836f4c59: receive RaftClientReply:client-23C834B07313->edccc055-c3f5-47df-b30f-76e8836f4c59@group-ED32739C8BBB, cid=2656, SUCCESS, logIndex=3960, commits[edccc055-c3f5-47df-b30f-76e8836f4c59:c3960, f9704f82-adf1-457c-ad29-9b573bc67fa6:c3958, 932806d8-5f5d-4457-8f95-c9b7f9036eae:c3958]
2019-08-07 03:27:29,129 INFO  client.GrpcClientProtocolClient (GrpcClientProtocolClient.java:onNext(255)) - client-23C834B07313->edccc055-c3f5-47df-b30f-76e8836f4c59: receive RaftClientReply:client-23C834B07313->edccc055-c3f5-47df-b30f-76e8836f4c59@group-ED32739C8BBB, cid=2657, SUCCESS, logIndex=3963, commits[edccc055-c3f5-47df-b30f-76e8836f4c59:c3964, f9704f82-adf1-457c-ad29-9b573bc67fa6:c3959, 932806d8-5f5d-4457-8f95-c9b7f9036eae:c3960]
2019-08-07 03:27:29,130 INFO  client.GrpcClientProtocolClient (GrpcClientProtocolClient.java:onNext(255)) - client-23C834B07313->edccc055-c3f5-47df-b30f-76e8836f4c59: receive RaftClientReply:client-23C834B07313->edccc055-c3f5-47df-b30f-76e8836f4c59@group-ED32739C8BBB, cid=2658, SUCCESS, logIndex=3964, commits[edccc055-c3f5-47df-b30f-76e8836f4c59:c3964, f9704f82-adf1-457c-ad29-9b573bc67fa6:c3959, 932806d8-5f5d-4457-8f95-c9b7f9036eae:c3960]
2019-08-07 03:27:29,131 INFO  client.GrpcClientProtocolClient (GrpcClientProtocolClient.java:onNext(255)) - client-23C834B07313->edccc055-c3f5-47df-b30f-76e8836f4c59: receive RaftClientReply:client-23C834B07313->edccc055-c3f5-47df-b30f-76e8836f4c59@group-ED32739C8BBB, cid=2659, SUCCESS, logIndex=0, commits[edccc055-c3f5-47df-b30f-76e8836f4c59:c3964, f9704f82-adf1-457c-ad29-9b573bc67fa6:c3960, 932806d8-5f5d-4457-8f95-c9b7f9036eae:c3960]
2019-08-07 03:27:29,142 INFO  client.GrpcClientProtocolClient (GrpcClientProtocolClient.java:onNext(255)) - client-23C834B07313->edccc055-c3f5-47df-b30f-76e8836f4c59: receive RaftClientReply:client-23C834B07313->edccc055-c3f5-47df-b30f-76e8836f4c59@group-ED32739C8BBB, cid=2660, SUCCESS, logIndex=0, commits[edccc055-c3f5-47df-b30f-76e8836f4c59:c3966, f9704f82-adf1-457c-ad29-9b573bc67fa6:c3964, 932806d8-5f5d-4457-8f95-c9b7f9036eae:c3964]
2019-08-07 03:27:29,269 INFO  client.GrpcClientProtocolClient (GrpcClientProtocolClient.java:onNext(255)) - client-23C834B07313->edccc055-c3f5-47df-b30f-76e8836f4c59: receive RaftClientReply:client-23C834B07313->edccc055-c3f5-47df-b30f-76e8836f4c59@group-ED32739C8BBB, cid=2661, SUCCESS, logIndex=3967, commits[edccc055-c3f5-47df-b30f-76e8836f4c59:c3968, f9704f82-adf1-457c-ad29-9b573bc67fa6:c3966, 932806d8-5f5d-4457-8f95-c9b7f9036eae:c3966]
2019-08-07 03:27:29,269 INFO  client.GrpcClientProtocolClient (GrpcClientProtocolClient.java:onNext(255)) - client-23C834B07313->edccc055-c3f5-47df-b30f-76e8836f4c59: receive RaftClientReply:client-23C834B07313->edccc055-c3f5-47df-b30f-76e8836f4c59@group-ED32739C8BBB, cid=2662, SUCCESS, logIndex=3968, commits[edccc055-c3f5-47df-b30f-76e8836f4c59:c3970, f9704f82-adf1-457c-ad29-9b573bc67fa6:c3966, 932806d8-5f5d-4457-8f95-c9b7f9036eae:c3966]
2019-08-07 03:27:29,269 INFO  client.GrpcClientProtocolClient (GrpcClientProtocolClient.java:onNext(255)) - client-23C834B07313->edccc055-c3f5-47df-b30f-76e8836f4c59: receive RaftClientReply:client-23C834B07313->edccc055-c3f5-47df-b30f-76e8836f4c59@group-ED32739C8BBB, cid=2663, SUCCESS, logIndex=3969, commits[edccc055-c3f5-47df-b30f-76e8836f4c59:c3970, f9704f82-adf1-457c-ad29-9b573bc67fa6:c3966, 932806d8-5f5d-4457-8f95-c9b7f9036eae:c3966]
2019-08-07 03:27:29,270 INFO  client.GrpcClientProtocolClient (GrpcClientProtocolClient.java:onNext(255)) - client-23C834B07313->edccc055-c3f5-47df-b30f-76e8836f4c59: receive RaftClientReply:client-23C834B07313->edccc055-c3f5-47df-b30f-76e8836f4c59@group-ED32739C8BBB, cid=2664, SUCCESS, logIndex=3970, commits[edccc055-c3f5-47df-b30f-76e8836f4c59:c3970, f9704f82-adf1-457c-ad29-9b573bc67fa6:c3966, 932806d8-5f5d-4457-8f95-c9b7f9036eae:c3966]
2019-08-07 03:27:29,272 INFO  client.GrpcClientProtocolClient (GrpcClientProtocolClient.java:onNext(255)) - client-23C834B07313->edccc055-c3f5-47df-b30f-76e8836f4c59: receive RaftClientReply:client-23C834B07313->edccc055-c3f5-47df-b30f-76e8836f4c59@group-ED32739C8BBB, cid=2665, SUCCESS, logIndex=0, commits[edccc055-c3f5-47df-b30f-76e8836f4c59:c3971, f9704f82-adf1-457c-ad29-9b573bc67fa6:c3968, 932806d8-5f5d-4457-8f95-c9b7f9036eae:c3968]
2019-08-07 03:27:29,297 INFO  client.GrpcClientProtocolClient (GrpcClientProtocolClient.java:onNext(255)) - client-23C834B07313->edccc055-c3f5-47df-b30f-76e8836f4c59: receive RaftClientReply:client-23C834B07313->edccc055-c3f5-47df-b30f-76e8836f4c59@group-ED32739C8BBB, cid=2666, SUCCESS, logIndex=3974, commits[edccc055-c3f5-47df-b30f-76e8836f4c59:c3974, f9704f82-adf1-457c-ad29-9b573bc67fa6:c3971, 932806d8-5f5d-4457-8f95-c9b7f9036eae:c3971]
2019-08-07 03:27:29,298 INFO  client.GrpcClientProtocolClient (GrpcClientProtocolClient.java:onNext(255)) - client-23C834B07313->edccc055-c3f5-47df-b30f-76e8836f4c59: receive RaftClientReply:client-23C834B07313->edccc055-c3f5-47df-b30f-76e8836f4c59@group-ED32739C8BBB, cid=2667, SUCCESS, logIndex=3975, commits[edccc055-c3f5-47df-b30f-76e8836f4c59:c3975, f9704f82-adf1-457c-ad29-9b573bc67fa6:c3971, 932806d8-5f5d-4457-8f95-c9b7f9036eae:c3971]
2019-08-07 03:27:29,322 INFO  client.GrpcClientProtocolClient (GrpcClientProtocolClient.java:onNext(255)) - client-23C834B07313->edccc055-c3f5-47df-b30f-76e8836f4c59: receive RaftClientReply:client-23C834B07313->edccc055-c3f5-47df-b30f-76e8836f4c59@group-ED32739C8BBB, cid=2668, SUCCESS, logIndex=3978, commits[edccc055-c3f5-47df-b30f-76e8836f4c59:c3979, f9704f82-adf1-457c-ad29-9b573bc67fa6:c3975, 932806d8-5f5d-4457-8f95-c9b7f9036eae:c3974]
2019-08-07 03:27:29,323 INFO  client.GrpcClientProtocolClient (GrpcClientProtocolClient.java:onNext(255)) - client-23C834B07313->edccc055-c3f5-47df-b30f-76e8836f4c59: receive RaftClientReply:client-23C834B07313->edccc055-c3f5-47df-b30f-76e8836f4c59@group-ED32739C8BBB, cid=2669, SUCCESS, logIndex=3979, commits[edccc055-c3f5-47df-b30f-76e8836f4c59:c3979, f9704f82-adf1-457c-ad29-9b573bc67fa6:c3975, 932806d8-5f5d-4457-8f95-c9b7f9036eae:c3974]
2019-08-07 03:27:29,324 INFO  client.GrpcClientProtocolClient (GrpcClientProtocolClient.java:onNext(255)) - client-23C834B07313->edccc055-c3f5-47df-b30f-76e8836f4c59: receive RaftClientReply:client-23C834B07313->edccc055-c3f5-47df-b30f-76e8836f4c59@group-ED32739C8BBB, cid=2670, SUCCESS, logIndex=0, commits[edccc055-c3f5-47df-b30f-76e8836f4c59:c3979, f9704f82-adf1-457c-ad29-9b573bc67fa6:c3975, 932806d8-5f5d-4457-8f95-c9b7f9036eae:c3975]
2019-08-07 03:27:29,336 INFO  client.GrpcClientProtocolClient (GrpcClientProtocolClient.java:onNext(255)) - client-23C834B07313->edccc055-c3f5-47df-b30f-76e8836f4c59: receive RaftClientReply:client-23C834B07313->edccc055-c3f5-47df-b30f-76e8836f4c59@group-ED32739C8BBB, cid=2671, SUCCESS, logIndex=0, commits[edccc055-c3f5-47df-b30f-76e8836f4c59:c3981, f9704f82-adf1-457c-ad29-9b573bc67fa6:c3979, 932806d8-5f5d-4457-8f95-c9b7f9036eae:c3979]
2019-08-07 03:27:29,363 INFO  client.GrpcClientProtocolClient (GrpcClientProtocolClient.java:onNext(255)) - client-23C834B07313->edccc055-c3f5-47df-b30f-76e8836f4c59: receive RaftClientReply:client-23C834B07313->edccc055-c3f5-47df-b30f-76e8836f4c59@group-ED32739C8BBB, cid=2672, SUCCESS, logIndex=3982, commits[edccc055-c3f5-47df-b30f-76e8836f4c59:c3983, f9704f82-adf1-457c-ad29-9b573bc67fa6:c3981, 932806d8-5f5d-4457-8f95-c9b7f9036eae:c3981]
2019-08-07 03:27:29,364 INFO  client.GrpcClientProtocolClient (GrpcClientProtocolClient.java:onNext(255)) - client-23C834B07313->edccc055-c3f5-47df-b30f-76e8836f4c59: receive RaftClientReply:client-23C834B07313->edccc055-c3f5-47df-b30f-76e8836f4c59@group-ED32739C8BBB, cid=2673, SUCCESS, logIndex=3983, commits[edccc055-c3f5-47df-b30f-76e8836f4c59:c3984, f9704f82-adf1-457c-ad29-9b573bc67fa6:c3981, 932806d8-5f5d-4457-8f95-c9b7f9036eae:c3981]
2019-08-07 03:27:29,364 INFO  client.GrpcClientProtocolClient (GrpcClientProtocolClient.java:onNext(255)) - client-23C834B07313->edccc055-c3f5-47df-b30f-76e8836f4c59: receive RaftClientReply:client-23C834B07313->edccc055-c3f5-47df-b30f-76e8836f4c59@group-ED32739C8BBB, cid=2674, SUCCESS, logIndex=3984, commits[edccc055-c3f5-47df-b30f-76e8836f4c59:c3985, f9704f82-adf1-457c-ad29-9b573bc67fa6:c3981, 932806d8-5f5d-4457-8f95-c9b7f9036eae:c3981]
2019-08-07 03:27:29,365 INFO  client.GrpcClientProtocolClient (GrpcClientProtocolClient.java:onNext(255)) - client-23C834B07313->edccc055-c3f5-47df-b30f-76e8836f4c59: receive RaftClientReply:client-23C834B07313->edccc055-c3f5-47df-b30f-76e8836f4c59@group-ED32739C8BBB, cid=2675, SUCCESS, logIndex=3985, commits[edccc055-c3f5-47df-b30f-76e8836f4c59:c3985, f9704f82-adf1-457c-ad29-9b573bc67fa6:c3981, 932806d8-5f5d-4457-8f95-c9b7f9036eae:c3981]
2019-08-07 03:27:29,377 INFO  client.GrpcClientProtocolClient (GrpcClientProtocolClient.java:onNext(255)) - client-23C834B07313->edccc055-c3f5-47df-b30f-76e8836f4c59: receive RaftClientReply:client-23C834B07313->edccc055-c3f5-47df-b30f-76e8836f4c59@group-ED32739C8BBB, cid=2676, SUCCESS, logIndex=0, commits[edccc055-c3f5-47df-b30f-76e8836f4c59:c3987, f9704f82-adf1-457c-ad29-9b573bc67fa6:c3983, 932806d8-5f5d-4457-8f95-c9b7f9036eae:c3983]
2019-08-07 03:27:29,397 INFO  client.GrpcClientProtocolClient (GrpcClientProtocolClient.java:onNext(255)) - client-23C834B07313->edccc055-c3f5-47df-b30f-76e8836f4c59: receive RaftClientReply:client-23C834B07313->edccc055-c3f5-47df-b30f-76e8836f4c59@group-ED32739C8BBB, cid=2677, SUCCESS, logIndex=3990, commits[edccc055-c3f5-47df-b30f-76e8836f4c59:c3991, f9704f82-adf1-457c-ad29-9b573bc67fa6:c3989, 932806d8-5f5d-4457-8f95-c9b7f9036eae:c3989]
2019-08-07 03:27:29,397 INFO  client.GrpcClientProtocolClient (GrpcClientProtocolClient.java:onNext(255)) - client-23C834B07313->edccc055-c3f5-47df-b30f-76e8836f4c59: receive RaftClientReply:client-23C834B07313->edccc055-c3f5-47df-b30f-76e8836f4c59@group-ED32739C8BBB, cid=2678, SUCCESS, logIndex=3991, commits[edccc055-c3f5-47df-b30f-76e8836f4c59:c3991, f9704f82-adf1-457c-ad29-9b573bc67fa6:c3989, 932806d8-5f5d-4457-8f95-c9b7f9036eae:c3989]
2019-08-07 03:27:29,411 INFO  client.GrpcClientProtocolClient (GrpcClientProtocolClient.java:onNext(255)) - client-23C834B07313->edccc055-c3f5-47df-b30f-76e8836f4c59: receive RaftClientReply:client-23C834B07313->edccc055-c3f5-47df-b30f-76e8836f4c59@group-ED32739C8BBB, cid=2679, SUCCESS, logIndex=3994, commits[edccc055-c3f5-47df-b30f-76e8836f4c59:c3994, f9704f82-adf1-457c-ad29-9b573bc67fa6:c3991, 932806d8-5f5d-4457-8f95-c9b7f9036eae:c3991]
2019-08-07 03:27:29,412 INFO  client.GrpcClientProtocolClient (GrpcClientProtocolClient.java:onNext(255)) - client-23C834B07313->edccc055-c3f5-47df-b30f-76e8836f4c59: receive RaftClientReply:client-23C834B07313->edccc055-c3f5-47df-b30f-76e8836f4c59@group-ED32739C8BBB, cid=2680, SUCCESS, logIndex=3995, commits[edccc055-c3f5-47df-b30f-76e8836f4c59:c3995, f9704f82-adf1-457c-ad29-9b573bc67fa6:c3991, 932806d8-5f5d-4457-8f95-c9b7f9036eae:c3991]
2019-08-07 03:27:29,426 INFO  client.GrpcClientProtocolClient (GrpcClientProtocolClient.java:onNext(255)) - client-23C834B07313->edccc055-c3f5-47df-b30f-76e8836f4c59: receive RaftClientReply:client-23C834B07313->edccc055-c3f5-47df-b30f-76e8836f4c59@group-ED32739C8BBB, cid=2681, SUCCESS, logIndex=0, commits[edccc055-c3f5-47df-b30f-76e8836f4c59:c3997, f9704f82-adf1-457c-ad29-9b573bc67fa6:c3995, 932806d8-5f5d-4457-8f95-c9b7f9036eae:c3995]
 0.00% |█                                                                                                    |  0/1 Time: 0:00:252019-08-07 03:27:29,459 INFO  client.GrpcClientProtocolClient (GrpcClientProtocolClient.java:onNext(255)) - client-23C834B07313->edccc055-c3f5-47df-b30f-76e8836f4c59: receive RaftClientReply:client-23C834B07313->edccc055-c3f5-47df-b30f-76e8836f4c59@group-ED32739C8BBB, cid=2682, SUCCESS, logIndex=3998, commits[edccc055-c3f5-47df-b30f-76e8836f4c59:c3999, f9704f82-adf1-457c-ad29-9b573bc67fa6:c3997, 932806d8-5f5d-4457-8f95-c9b7f9036eae:c3997]
2019-08-07 03:27:29,460 INFO  client.GrpcClientProtocolClient (GrpcClientProtocolClient.java:onNext(255)) - client-23C834B07313->edccc055-c3f5-47df-b30f-76e8836f4c59: receive RaftClientReply:client-23C834B07313->edccc055-c3f5-47df-b30f-76e8836f4c59@group-ED32739C8BBB, cid=2683, SUCCESS, logIndex=3999, commits[edccc055-c3f5-47df-b30f-76e8836f4c59:c3999, f9704f82-adf1-457c-ad29-9b573bc67fa6:c3997, 932806d8-5f5d-4457-8f95-c9b7f9036eae:c3997]
2019-08-07 03:27:29,472 INFO  client.GrpcClientProtocolClient (GrpcClientProtocolClient.java:onNext(255)) - client-23C834B07313->edccc055-c3f5-47df-b30f-76e8836f4c59: receive RaftClientReply:client-23C834B07313->edccc055-c3f5-47df-b30f-76e8836f4c59@group-ED32739C8BBB, cid=2684, SUCCESS, logIndex=4000, commits[edccc055-c3f5-47df-b30f-76e8836f4c59:c4001, f9704f82-adf1-457c-ad29-9b573bc67fa6:c3997, 932806d8-5f5d-4457-8f95-c9b7f9036eae:c3997]
2019-08-07 03:27:29,473 INFO  client.GrpcClientProtocolClient (GrpcClientProtocolClient.java:onNext(255)) - client-23C834B07313->edccc055-c3f5-47df-b30f-76e8836f4c59: receive RaftClientReply:client-23C834B07313->edccc055-c3f5-47df-b30f-76e8836f4c59@group-ED32739C8BBB, cid=2685, SUCCESS, logIndex=4001, commits[edccc055-c3f5-47df-b30f-76e8836f4c59:c4001, f9704f82-adf1-457c-ad29-9b573bc67fa6:c3997, 932806d8-5f5d-4457-8f95-c9b7f9036eae:c3997]
2019-08-07 03:27:29,484 INFO  client.GrpcClientProtocolClient (GrpcClientProtocolClient.java:onNext(255)) - client-23C834B07313->edccc055-c3f5-47df-b30f-76e8836f4c59: receive RaftClientReply:client-23C834B07313->edccc055-c3f5-47df-b30f-76e8836f4c59@group-ED32739C8BBB, cid=2686, SUCCESS, logIndex=0, commits[edccc055-c3f5-47df-b30f-76e8836f4c59:c4003, f9704f82-adf1-457c-ad29-9b573bc67fa6:c3999, 932806d8-5f5d-4457-8f95-c9b7f9036eae:c3999]
2019-08-07 03:27:29,504 INFO  client.GrpcClientProtocolClient (GrpcClientProtocolClient.java:onNext(255)) - client-23C834B07313->edccc055-c3f5-47df-b30f-76e8836f4c59: receive RaftClientReply:client-23C834B07313->edccc055-c3f5-47df-b30f-76e8836f4c59@group-ED32739C8BBB, cid=2687, SUCCESS, logIndex=4006, commits[edccc055-c3f5-47df-b30f-76e8836f4c59:c4007, f9704f82-adf1-457c-ad29-9b573bc67fa6:c4005, 932806d8-5f5d-4457-8f95-c9b7f9036eae:c4005]
2019-08-07 03:27:29,504 INFO  client.GrpcClientProtocolClient (GrpcClientProtocolClient.java:onNext(255)) - client-23C834B07313->edccc055-c3f5-47df-b30f-76e8836f4c59: receive RaftClientReply:client-23C834B07313->edccc055-c3f5-47df-b30f-76e8836f4c59@group-ED32739C8BBB, cid=2688, SUCCESS, logIndex=4007, commits[edccc055-c3f5-47df-b30f-76e8836f4c59:c4007, f9704f82-adf1-457c-ad29-9b573bc67fa6:c4005, 932806d8-5f5d-4457-8f95-c9b7f9036eae:c4005]
2019-08-07 03:27:29,519 INFO  client.GrpcClientProtocolClient (GrpcClientProtocolClient.java:onNext(255)) - client-23C834B07313->edccc055-c3f5-47df-b30f-76e8836f4c59: receive RaftClientReply:client-23C834B07313->edccc055-c3f5-47df-b30f-76e8836f4c59@group-ED32739C8BBB, cid=2689, SUCCESS, logIndex=4010, commits[edccc055-c3f5-47df-b30f-76e8836f4c59:c4011, f9704f82-adf1-457c-ad29-9b573bc67fa6:c4007, 932806d8-5f5d-4457-8f95-c9b7f9036eae:c4007]
2019-08-07 03:27:29,520 INFO  client.GrpcClientProtocolClient (GrpcClientProtocolClient.java:onNext(255)) - client-23C834B07313->edccc055-c3f5-47df-b30f-76e8836f4c59: receive RaftClientReply:client-23C834B07313->edccc055-c3f5-47df-b30f-76e8836f4c59@group-ED32739C8BBB, cid=2690, SUCCESS, logIndex=4011, commits[edccc055-c3f5-47df-b30f-76e8836f4c59:c4011, f9704f82-adf1-457c-ad29-9b573bc67fa6:c4007, 932806d8-5f5d-4457-8f95-c9b7f9036eae:c4007]
2019-08-07 03:27:29,534 INFO  client.GrpcClientProtocolClient (GrpcClientProtocolClient.java:onNext(255)) - client-23C834B07313->edccc055-c3f5-47df-b30f-76e8836f4c59: receive RaftClientReply:client-23C834B07313->edccc055-c3f5-47df-b30f-76e8836f4c59@group-ED32739C8BBB, cid=2691, SUCCESS, logIndex=0, commits[edccc055-c3f5-47df-b30f-76e8836f4c59:c4013, f9704f82-adf1-457c-ad29-9b573bc67fa6:c4011, 932806d8-5f5d-4457-8f95-c9b7f9036eae:c4011]
2019-08-07 03:27:29,561 INFO  client.GrpcClientProtocolClient (GrpcClientProtocolClient.java:onNext(255)) - client-23C834B07313->edccc055-c3f5-47df-b30f-76e8836f4c59: receive RaftClientReply:client-23C834B07313->edccc055-c3f5-47df-b30f-76e8836f4c59@group-ED32739C8BBB, cid=2692, SUCCESS, logIndex=4014, commits[edccc055-c3f5-47df-b30f-76e8836f4c59:c4016, f9704f82-adf1-457c-ad29-9b573bc67fa6:c4013, 932806d8-5f5d-4457-8f95-c9b7f9036eae:c4013]
2019-08-07 03:27:29,562 INFO  client.GrpcClientProtocolClient (GrpcClientProtocolClient.java:onNext(255)) - client-23C834B07313->edccc055-c3f5-47df-b30f-76e8836f4c59: receive RaftClientReply:client-23C834B07313->edccc055-c3f5-47df-b30f-76e8836f4c59@group-ED32739C8BBB, cid=2693, SUCCESS, logIndex=4015, commits[edccc055-c3f5-47df-b30f-76e8836f4c59:c4017, f9704f82-adf1-457c-ad29-9b573bc67fa6:c4013, 932806d8-5f5d-4457-8f95-c9b7f9036eae:c4013]
2019-08-07 03:27:29,562 INFO  client.GrpcClientProtocolClient (GrpcClientProtocolClient.java:onNext(255)) - client-23C834B07313->edccc055-c3f5-47df-b30f-76e8836f4c59: receive RaftClientReply:client-23C834B07313->edccc055-c3f5-47df-b30f-76e8836f4c59@group-ED32739C8BBB, cid=2694, SUCCESS, logIndex=4016, commits[edccc055-c3f5-47df-b30f-76e8836f4c59:c4017, f9704f82-adf1-457c-ad29-9b573bc67fa6:c4013, 932806d8-5f5d-4457-8f95-c9b7f9036eae:c4013]
2019-08-07 03:27:29,563 INFO  client.GrpcClientProtocolClient (GrpcClientProtocolClient.java:onNext(255)) - client-23C834B07313->edccc055-c3f5-47df-b30f-76e8836f4c59: receive RaftClientReply:client-23C834B07313->edccc055-c3f5-47df-b30f-76e8836f4c59@group-ED32739C8BBB, cid=2695, SUCCESS, logIndex=4017, commits[edccc055-c3f5-47df-b30f-76e8836f4c59:c4017, f9704f82-adf1-457c-ad29-9b573bc67fa6:c4013, 932806d8-5f5d-4457-8f95-c9b7f9036eae:c4013]
2019-08-07 03:27:29,576 INFO  client.GrpcClientProtocolClient (GrpcClientProtocolClient.java:onNext(255)) - client-23C834B07313->edccc055-c3f5-47df-b30f-76e8836f4c59: receive RaftClientReply:client-23C834B07313->edccc055-c3f5-47df-b30f-76e8836f4c59@group-ED32739C8BBB, cid=2696, SUCCESS, logIndex=0, commits[edccc055-c3f5-47df-b30f-76e8836f4c59:c4021, f9704f82-adf1-457c-ad29-9b573bc67fa6:c4017, 932806d8-5f5d-4457-8f95-c9b7f9036eae:c4016]
2019-08-07 03:27:29,597 INFO  client.GrpcClientProtocolClient (GrpcClientProtocolClient.java:onNext(255)) - client-23C834B07313->edccc055-c3f5-47df-b30f-76e8836f4c59: receive RaftClientReply:client-23C834B07313->edccc055-c3f5-47df-b30f-76e8836f4c59@group-ED32739C8BBB, cid=2697, SUCCESS, logIndex=4022, commits[edccc055-c3f5-47df-b30f-76e8836f4c59:c4023, f9704f82-adf1-457c-ad29-9b573bc67fa6:c4021, 932806d8-5f5d-4457-8f95-c9b7f9036eae:c4021]
2019-08-07 03:27:29,597 INFO  client.GrpcClientProtocolClient (GrpcClientProtocolClient.java:onNext(255)) - client-23C834B07313->edccc055-c3f5-47df-b30f-76e8836f4c59: receive RaftClientReply:client-23C834B07313->edccc055-c3f5-47df-b30f-76e8836f4c59@group-ED32739C8BBB, cid=2698, SUCCESS, logIndex=4023, commits[edccc055-c3f5-47df-b30f-76e8836f4c59:c4023, f9704f82-adf1-457c-ad29-9b573bc67fa6:c4021, 932806d8-5f5d-4457-8f95-c9b7f9036eae:c4021]
2019-08-07 03:27:29,611 INFO  client.GrpcClientProtocolClient (GrpcClientProtocolClient.java:onNext(255)) - client-23C834B07313->edccc055-c3f5-47df-b30f-76e8836f4c59: receive RaftClientReply:client-23C834B07313->edccc055-c3f5-47df-b30f-76e8836f4c59@group-ED32739C8BBB, cid=2699, SUCCESS, logIndex=4026, commits[edccc055-c3f5-47df-b30f-76e8836f4c59:c4027, f9704f82-adf1-457c-ad29-9b573bc67fa6:c4023, 932806d8-5f5d-4457-8f95-c9b7f9036eae:c4023]
2019-08-07 03:27:29,612 INFO  client.GrpcClientProtocolClient (GrpcClientProtocolClient.java:onNext(255)) - client-23C834B07313->edccc055-c3f5-47df-b30f-76e8836f4c59: receive RaftClientReply:client-23C834B07313->edccc055-c3f5-47df-b30f-76e8836f4c59@group-ED32739C8BBB, cid=2700, SUCCESS, logIndex=4027, commits[edccc055-c3f5-47df-b30f-76e8836f4c59:c4027, f9704f82-adf1-457c-ad29-9b573bc67fa6:c4023, 932806d8-5f5d-4457-8f95-c9b7f9036eae:c4023]
2019-08-07 03:27:29,627 INFO  client.GrpcClientProtocolClient (GrpcClientProtocolClient.java:onNext(255)) - client-23C834B07313->edccc055-c3f5-47df-b30f-76e8836f4c59: receive RaftClientReply:client-23C834B07313->edccc055-c3f5-47df-b30f-76e8836f4c59@group-ED32739C8BBB, cid=2701, SUCCESS, logIndex=0, commits[edccc055-c3f5-47df-b30f-76e8836f4c59:c4029, f9704f82-adf1-457c-ad29-9b573bc67fa6:c4027, 932806d8-5f5d-4457-8f95-c9b7f9036eae:c4027]
2019-08-07 03:27:29,662 INFO  client.GrpcClientProtocolClient (GrpcClientProtocolClient.java:onNext(255)) - client-23C834B07313->edccc055-c3f5-47df-b30f-76e8836f4c59: receive RaftClientReply:client-23C834B07313->edccc055-c3f5-47df-b30f-76e8836f4c59@group-ED32739C8BBB, cid=2702, SUCCESS, logIndex=4030, commits[edccc055-c3f5-47df-b30f-76e8836f4c59:c4030, f9704f82-adf1-457c-ad29-9b573bc67fa6:c4029, 932806d8-5f5d-4457-8f95-c9b7f9036eae:c4029]
2019-08-07 03:27:29,663 INFO  client.GrpcClientProtocolClient (GrpcClientProtocolClient.java:onNext(255)) - client-23C834B07313->edccc055-c3f5-47df-b30f-76e8836f4c59: receive RaftClientReply:client-23C834B07313->edccc055-c3f5-47df-b30f-76e8836f4c59@group-ED32739C8BBB, cid=2703, SUCCESS, logIndex=4031, commits[edccc055-c3f5-47df-b30f-76e8836f4c59:c4033, f9704f82-adf1-457c-ad29-9b573bc67fa6:c4029, 932806d8-5f5d-4457-8f95-c9b7f9036eae:c4029]
2019-08-07 03:27:29,663 INFO  client.GrpcClientProtocolClient (GrpcClientProtocolClient.java:onNext(255)) - client-23C834B07313->edccc055-c3f5-47df-b30f-76e8836f4c59: receive RaftClientReply:client-23C834B07313->edccc055-c3f5-47df-b30f-76e8836f4c59@group-ED32739C8BBB, cid=2704, SUCCESS, logIndex=4032, commits[edccc055-c3f5-47df-b30f-76e8836f4c59:c4033, f9704f82-adf1-457c-ad29-9b573bc67fa6:c4029, 932806d8-5f5d-4457-8f95-c9b7f9036eae:c4029]
2019-08-07 03:27:29,663 INFO  client.GrpcClientProtocolClient (GrpcClientProtocolClient.java:onNext(255)) - client-23C834B07313->edccc055-c3f5-47df-b30f-76e8836f4c59: receive RaftClientReply:client-23C834B07313->edccc055-c3f5-47df-b30f-76e8836f4c59@group-ED32739C8BBB, cid=2705, SUCCESS, logIndex=4033, commits[edccc055-c3f5-47df-b30f-76e8836f4c59:c4033, f9704f82-adf1-457c-ad29-9b573bc67fa6:c4029, 932806d8-5f5d-4457-8f95-c9b7f9036eae:c4029]
2019-08-07 03:27:29,676 INFO  client.GrpcClientProtocolClient (GrpcClientProtocolClient.java:onNext(255)) - client-23C834B07313->edccc055-c3f5-47df-b30f-76e8836f4c59: receive RaftClientReply:client-23C834B07313->edccc055-c3f5-47df-b30f-76e8836f4c59@group-ED32739C8BBB, cid=2706, SUCCESS, logIndex=0, commits[edccc055-c3f5-47df-b30f-76e8836f4c59:c4035, f9704f82-adf1-457c-ad29-9b573bc67fa6:c4031, 932806d8-5f5d-4457-8f95-c9b7f9036eae:c4031]
2019-08-07 03:27:29,695 INFO  client.GrpcClientProtocolClient (GrpcClientProtocolClient.java:onNext(255)) - client-23C834B07313->edccc055-c3f5-47df-b30f-76e8836f4c59: receive RaftClientReply:client-23C834B07313->edccc055-c3f5-47df-b30f-76e8836f4c59@group-ED32739C8BBB, cid=2707, SUCCESS, logIndex=4038, commits[edccc055-c3f5-47df-b30f-76e8836f4c59:c4039, f9704f82-adf1-457c-ad29-9b573bc67fa6:c4033, 932806d8-5f5d-4457-8f95-c9b7f9036eae:c4037]
2019-08-07 03:27:29,696 INFO  client.GrpcClientProtocolClient (GrpcClientProtocolClient.java:onNext(255)) - client-23C834B07313->edccc055-c3f5-47df-b30f-76e8836f4c59: receive RaftClientReply:client-23C834B07313->edccc055-c3f5-47df-b30f-76e8836f4c59@group-ED32739C8BBB, cid=2708, SUCCESS, logIndex=4039, commits[edccc055-c3f5-47df-b30f-76e8836f4c59:c4039, f9704f82-adf1-457c-ad29-9b573bc67fa6:c4037, 932806d8-5f5d-4457-8f95-c9b7f9036eae:c4037]
2019-08-07 03:27:29,709 INFO  client.GrpcClientProtocolClient (GrpcClientProtocolClient.java:onNext(255)) - client-23C834B07313->edccc055-c3f5-47df-b30f-76e8836f4c59: receive RaftClientReply:client-23C834B07313->edccc055-c3f5-47df-b30f-76e8836f4c59@group-ED32739C8BBB, cid=2709, SUCCESS, logIndex=4042, commits[edccc055-c3f5-47df-b30f-76e8836f4c59:c4043, f9704f82-adf1-457c-ad29-9b573bc67fa6:c4039, 932806d8-5f5d-4457-8f95-c9b7f9036eae:c4039]
2019-08-07 03:27:29,710 INFO  client.GrpcClientProtocolClient (GrpcClientProtocolClient.java:onNext(255)) - client-23C834B07313->edccc055-c3f5-47df-b30f-76e8836f4c59: receive RaftClientReply:client-23C834B07313->edccc055-c3f5-47df-b30f-76e8836f4c59@group-ED32739C8BBB, cid=2710, SUCCESS, logIndex=4043, commits[edccc055-c3f5-47df-b30f-76e8836f4c59:c4043, f9704f82-adf1-457c-ad29-9b573bc67fa6:c4039, 932806d8-5f5d-4457-8f95-c9b7f9036eae:c4039]
2019-08-07 03:27:29,735 INFO  client.GrpcClientProtocolClient (GrpcClientProtocolClient.java:onNext(255)) - client-23C834B07313->edccc055-c3f5-47df-b30f-76e8836f4c59: receive RaftClientReply:client-23C834B07313->edccc055-c3f5-47df-b30f-76e8836f4c59@group-ED32739C8BBB, cid=2711, SUCCESS, logIndex=0, commits[edccc055-c3f5-47df-b30f-76e8836f4c59:c4045, f9704f82-adf1-457c-ad29-9b573bc67fa6:c4043, 932806d8-5f5d-4457-8f95-c9b7f9036eae:c4043]
2019-08-07 03:27:29,767 INFO  client.GrpcClientProtocolClient (GrpcClientProtocolClient.java:onNext(255)) - client-23C834B07313->edccc055-c3f5-47df-b30f-76e8836f4c59: receive RaftClientReply:client-23C834B07313->edccc055-c3f5-47df-b30f-76e8836f4c59@group-ED32739C8BBB, cid=2712, SUCCESS, logIndex=4046, commits[edccc055-c3f5-47df-b30f-76e8836f4c59:c4047, f9704f82-adf1-457c-ad29-9b573bc67fa6:c4045, 932806d8-5f5d-4457-8f95-c9b7f9036eae:c4045]
2019-08-07 03:27:29,767 INFO  client.GrpcClientProtocolClient (GrpcClientProtocolClient.java:onNext(255)) - client-23C834B07313->edccc055-c3f5-47df-b30f-76e8836f4c59: receive RaftClientReply:client-23C834B07313->edccc055-c3f5-47df-b30f-76e8836f4c59@group-ED32739C8BBB, cid=2713, SUCCESS, logIndex=4047, commits[edccc055-c3f5-47df-b30f-76e8836f4c59:c4047, f9704f82-adf1-457c-ad29-9b573bc67fa6:c4045, 932806d8-5f5d-4457-8f95-c9b7f9036eae:c4045]
2019-08-07 03:27:29,780 INFO  client.GrpcClientProtocolClient (GrpcClientProtocolClient.java:onNext(255)) - client-23C834B07313->edccc055-c3f5-47df-b30f-76e8836f4c59: receive RaftClientReply:client-23C834B07313->edccc055-c3f5-47df-b30f-76e8836f4c59@group-ED32739C8BBB, cid=2714, SUCCESS, logIndex=4048, commits[edccc055-c3f5-47df-b30f-76e8836f4c59:c4049, f9704f82-adf1-457c-ad29-9b573bc67fa6:c4045, 932806d8-5f5d-4457-8f95-c9b7f9036eae:c4045]
2019-08-07 03:27:29,780 INFO  client.GrpcClientProtocolClient (GrpcClientProtocolClient.java:onNext(255)) - client-23C834B07313->edccc055-c3f5-47df-b30f-76e8836f4c59: receive RaftClientReply:client-23C834B07313->edccc055-c3f5-47df-b30f-76e8836f4c59@group-ED32739C8BBB, cid=2715, SUCCESS, logIndex=4049, commits[edccc055-c3f5-47df-b30f-76e8836f4c59:c4049, f9704f82-adf1-457c-ad29-9b573bc67fa6:c4045, 932806d8-5f5d-4457-8f95-c9b7f9036eae:c4045]
2019-08-07 03:27:29,793 INFO  client.GrpcClientProtocolClient (GrpcClientProtocolClient.java:onNext(255)) - client-23C834B07313->edccc055-c3f5-47df-b30f-76e8836f4c59: receive RaftClientReply:client-23C834B07313->edccc055-c3f5-47df-b30f-76e8836f4c59@group-ED32739C8BBB, cid=2716, SUCCESS, logIndex=0, commits[edccc055-c3f5-47df-b30f-76e8836f4c59:c4051, f9704f82-adf1-457c-ad29-9b573bc67fa6:c4047, 932806d8-5f5d-4457-8f95-c9b7f9036eae:c4047]
2019-08-07 03:27:29,817 INFO  client.GrpcClientProtocolClient (GrpcClientProtocolClient.java:onNext(255)) - client-23C834B07313->edccc055-c3f5-47df-b30f-76e8836f4c59: receive RaftClientReply:client-23C834B07313->edccc055-c3f5-47df-b30f-76e8836f4c59@group-ED32739C8BBB, cid=2717, SUCCESS, logIndex=4054, commits[edccc055-c3f5-47df-b30f-76e8836f4c59:c4055, f9704f82-adf1-457c-ad29-9b573bc67fa6:c4051, 932806d8-5f5d-4457-8f95-c9b7f9036eae:c4051]
2019-08-07 03:27:29,818 INFO  client.GrpcClientProtocolClient (GrpcClientProtocolClient.java:onNext(255)) - client-23C834B07313->edccc055-c3f5-47df-b30f-76e8836f4c59: receive RaftClientReply:client-23C834B07313->edccc055-c3f5-47df-b30f-76e8836f4c59@group-ED32739C8BBB, cid=2718, SUCCESS, logIndex=4055, commits[edccc055-c3f5-47df-b30f-76e8836f4c59:c4055, f9704f82-adf1-457c-ad29-9b573bc67fa6:c4051, 932806d8-5f5d-4457-8f95-c9b7f9036eae:c4051]
2019-08-07 03:27:29,846 INFO  client.GrpcClientProtocolClient (GrpcClientProtocolClient.java:onNext(255)) - client-23C834B07313->edccc055-c3f5-47df-b30f-76e8836f4c59: receive RaftClientReply:client-23C834B07313->edccc055-c3f5-47df-b30f-76e8836f4c59@group-ED32739C8BBB, cid=2719, SUCCESS, logIndex=4058, commits[edccc055-c3f5-47df-b30f-76e8836f4c59:c4059, f9704f82-adf1-457c-ad29-9b573bc67fa6:c4055, 932806d8-5f5d-4457-8f95-c9b7f9036eae:c4055]
2019-08-07 03:27:29,846 INFO  client.GrpcClientProtocolClient (GrpcClientProtocolClient.java:onNext(255)) - client-23C834B07313->edccc055-c3f5-47df-b30f-76e8836f4c59: receive RaftClientReply:client-23C834B07313->edccc055-c3f5-47df-b30f-76e8836f4c59@group-ED32739C8BBB, cid=2720, SUCCESS, logIndex=4059, commits[edccc055-c3f5-47df-b30f-76e8836f4c59:c4059, f9704f82-adf1-457c-ad29-9b573bc67fa6:c4055, 932806d8-5f5d-4457-8f95-c9b7f9036eae:c4055]
2019-08-07 03:27:29,861 INFO  client.GrpcClientProtocolClient (GrpcClientProtocolClient.java:onNext(255)) - client-23C834B07313->edccc055-c3f5-47df-b30f-76e8836f4c59: receive RaftClientReply:client-23C834B07313->edccc055-c3f5-47df-b30f-76e8836f4c59@group-ED32739C8BBB, cid=2721, SUCCESS, logIndex=0, commits[edccc055-c3f5-47df-b30f-76e8836f4c59:c4061, f9704f82-adf1-457c-ad29-9b573bc67fa6:c4059, 932806d8-5f5d-4457-8f95-c9b7f9036eae:c4059]
2019-08-07 03:27:29,894 INFO  client.GrpcClientProtocolClient (GrpcClientProtocolClient.java:onNext(255)) - client-23C834B07313->edccc055-c3f5-47df-b30f-76e8836f4c59: receive RaftClientReply:client-23C834B07313->edccc055-c3f5-47df-b30f-76e8836f4c59@group-ED32739C8BBB, cid=2722, SUCCESS, logIndex=4062, commits[edccc055-c3f5-47df-b30f-76e8836f4c59:c4064, f9704f82-adf1-457c-ad29-9b573bc67fa6:c4061, 932806d8-5f5d-4457-8f95-c9b7f9036eae:c4061]
2019-08-07 03:27:29,895 INFO  client.GrpcClientProtocolClient (GrpcClientProtocolClient.java:onNext(255)) - client-23C834B07313->edccc055-c3f5-47df-b30f-76e8836f4c59: receive RaftClientReply:client-23C834B07313->edccc055-c3f5-47df-b30f-76e8836f4c59@group-ED32739C8BBB, cid=2723, SUCCESS, logIndex=4063, commits[edccc055-c3f5-47df-b30f-76e8836f4c59:c4065, f9704f82-adf1-457c-ad29-9b573bc67fa6:c4061, 932806d8-5f5d-4457-8f95-c9b7f9036eae:c4061]
2019-08-07 03:27:29,895 INFO  client.GrpcClientProtocolClient (GrpcClientProtocolClient.java:onNext(255)) - client-23C834B07313->edccc055-c3f5-47df-b30f-76e8836f4c59: receive RaftClientReply:client-23C834B07313->edccc055-c3f5-47df-b30f-76e8836f4c59@group-ED32739C8BBB, cid=2724, SUCCESS, logIndex=4064, commits[edccc055-c3f5-47df-b30f-76e8836f4c59:c4065, f9704f82-adf1-457c-ad29-9b573bc67fa6:c4061, 932806d8-5f5d-4457-8f95-c9b7f9036eae:c4061]
2019-08-07 03:27:29,896 INFO  client.GrpcClientProtocolClient (GrpcClientProtocolClient.java:onNext(255)) - client-23C834B07313->edccc055-c3f5-47df-b30f-76e8836f4c59: receive RaftClientReply:client-23C834B07313->edccc055-c3f5-47df-b30f-76e8836f4c59@group-ED32739C8BBB, cid=2725, SUCCESS, logIndex=4065, commits[edccc055-c3f5-47df-b30f-76e8836f4c59:c4065, f9704f82-adf1-457c-ad29-9b573bc67fa6:c4061, 932806d8-5f5d-4457-8f95-c9b7f9036eae:c4061]
2019-08-07 03:27:29,907 INFO  client.GrpcClientProtocolClient (GrpcClientProtocolClient.java:onNext(255)) - client-23C834B07313->edccc055-c3f5-47df-b30f-76e8836f4c59: receive RaftClientReply:client-23C834B07313->edccc055-c3f5-47df-b30f-76e8836f4c59@group-ED32739C8BBB, cid=2726, SUCCESS, logIndex=0, commits[edccc055-c3f5-47df-b30f-76e8836f4c59:c4068, f9704f82-adf1-457c-ad29-9b573bc67fa6:c4064, 932806d8-5f5d-4457-8f95-c9b7f9036eae:c4063]
2019-08-07 03:27:29,926 INFO  client.GrpcClientProtocolClient (GrpcClientProtocolClient.java:onNext(255)) - client-23C834B07313->edccc055-c3f5-47df-b30f-76e8836f4c59: receive RaftClientReply:client-23C834B07313->edccc055-c3f5-47df-b30f-76e8836f4c59@group-ED32739C8BBB, cid=2727, SUCCESS, logIndex=4070, commits[edccc055-c3f5-47df-b30f-76e8836f4c59:c4071, f9704f82-adf1-457c-ad29-9b573bc67fa6:c4069, 932806d8-5f5d-4457-8f95-c9b7f9036eae:c4069]
2019-08-07 03:27:29,927 INFO  client.GrpcClientProtocolClient (GrpcClientProtocolClient.java:onNext(255)) - client-23C834B07313->edccc055-c3f5-47df-b30f-76e8836f4c59: receive RaftClientReply:client-23C834B07313->edccc055-c3f5-47df-b30f-76e8836f4c59@group-ED32739C8BBB, cid=2728, SUCCESS, logIndex=4071, commits[edccc055-c3f5-47df-b30f-76e8836f4c59:c4071, f9704f82-adf1-457c-ad29-9b573bc67fa6:c4069, 932806d8-5f5d-4457-8f95-c9b7f9036eae:c4069]
2019-08-07 03:27:29,942 INFO  client.GrpcClientProtocolClient (GrpcClientProtocolClient.java:onNext(255)) - client-23C834B07313->edccc055-c3f5-47df-b30f-76e8836f4c59: receive RaftClientReply:client-23C834B07313->edccc055-c3f5-47df-b30f-76e8836f4c59@group-ED32739C8BBB, cid=2729, SUCCESS, logIndex=4074, commits[edccc055-c3f5-47df-b30f-76e8836f4c59:c4075, f9704f82-adf1-457c-ad29-9b573bc67fa6:c4071, 932806d8-5f5d-4457-8f95-c9b7f9036eae:c4071]
2019-08-07 03:27:29,942 INFO  client.GrpcClientProtocolClient (GrpcClientProtocolClient.java:onNext(255)) - client-23C834B07313->edccc055-c3f5-47df-b30f-76e8836f4c59: receive RaftClientReply:client-23C834B07313->edccc055-c3f5-47df-b30f-76e8836f4c59@group-ED32739C8BBB, cid=2730, SUCCESS, logIndex=4075, commits[edccc055-c3f5-47df-b30f-76e8836f4c59:c4075, f9704f82-adf1-457c-ad29-9b573bc67fa6:c4071, 932806d8-5f5d-4457-8f95-c9b7f9036eae:c4071]
2019-08-07 03:27:29,955 INFO  client.GrpcClientProtocolClient (GrpcClientProtocolClient.java:onNext(255)) - client-23C834B07313->edccc055-c3f5-47df-b30f-76e8836f4c59: receive RaftClientReply:client-23C834B07313->edccc055-c3f5-47df-b30f-76e8836f4c59@group-ED32739C8BBB, cid=2731, SUCCESS, logIndex=0, commits[edccc055-c3f5-47df-b30f-76e8836f4c59:c4076, f9704f82-adf1-457c-ad29-9b573bc67fa6:c4075, 932806d8-5f5d-4457-8f95-c9b7f9036eae:c4075]
2019-08-07 03:27:29,987 INFO  client.GrpcClientProtocolClient (GrpcClientProtocolClient.java:onNext(255)) - client-23C834B07313->edccc055-c3f5-47df-b30f-76e8836f4c59: receive RaftClientReply:client-23C834B07313->edccc055-c3f5-47df-b30f-76e8836f4c59@group-ED32739C8BBB, cid=2732, SUCCESS, logIndex=4078, commits[edccc055-c3f5-47df-b30f-76e8836f4c59:c4079, f9704f82-adf1-457c-ad29-9b573bc67fa6:c4077, 932806d8-5f5d-4457-8f95-c9b7f9036eae:c4077]
2019-08-07 03:27:29,987 INFO  client.GrpcClientProtocolClient (GrpcClientProtocolClient.java:onNext(255)) - client-23C834B07313->edccc055-c3f5-47df-b30f-76e8836f4c59: receive RaftClientReply:client-23C834B07313->edccc055-c3f5-47df-b30f-76e8836f4c59@group-ED32739C8BBB, cid=2733, SUCCESS, logIndex=4079, commits[edccc055-c3f5-47df-b30f-76e8836f4c59:c4080, f9704f82-adf1-457c-ad29-9b573bc67fa6:c4077, 932806d8-5f5d-4457-8f95-c9b7f9036eae:c4077]
2019-08-07 03:27:29,988 INFO  client.GrpcClientProtocolClient (GrpcClientProtocolClient.java:onNext(255)) - client-23C834B07313->edccc055-c3f5-47df-b30f-76e8836f4c59: receive RaftClientReply:client-23C834B07313->edccc055-c3f5-47df-b30f-76e8836f4c59@group-ED32739C8BBB, cid=2734, SUCCESS, logIndex=4080, commits[edccc055-c3f5-47df-b30f-76e8836f4c59:c4081, f9704f82-adf1-457c-ad29-9b573bc67fa6:c4077, 932806d8-5f5d-4457-8f95-c9b7f9036eae:c4077]
2019-08-07 03:27:29,988 INFO  client.GrpcClientProtocolClient (GrpcClientProtocolClient.java:onNext(255)) - client-23C834B07313->edccc055-c3f5-47df-b30f-76e8836f4c59: receive RaftClientReply:client-23C834B07313->edccc055-c3f5-47df-b30f-76e8836f4c59@group-ED32739C8BBB, cid=2735, SUCCESS, logIndex=4081, commits[edccc055-c3f5-47df-b30f-76e8836f4c59:c4081, f9704f82-adf1-457c-ad29-9b573bc67fa6:c4077, 932806d8-5f5d-4457-8f95-c9b7f9036eae:c4078]
2019-08-07 03:27:29,989 INFO  client.GrpcClientProtocolClient (GrpcClientProtocolClient.java:onNext(255)) - client-23C834B07313->edccc055-c3f5-47df-b30f-76e8836f4c59: receive RaftClientReply:client-23C834B07313->edccc055-c3f5-47df-b30f-76e8836f4c59@group-ED32739C8BBB, cid=2736, SUCCESS, logIndex=0, commits[edccc055-c3f5-47df-b30f-76e8836f4c59:c4084, f9704f82-adf1-457c-ad29-9b573bc67fa6:c4079, 932806d8-5f5d-4457-8f95-c9b7f9036eae:c4080]
2019-08-07 03:27:30,010 INFO  client.GrpcClientProtocolClient (GrpcClientProtocolClient.java:onNext(255)) - client-23C834B07313->edccc055-c3f5-47df-b30f-76e8836f4c59: receive RaftClientReply:client-23C834B07313->edccc055-c3f5-47df-b30f-76e8836f4c59@group-ED32739C8BBB, cid=2737, SUCCESS, logIndex=4086, commits[edccc055-c3f5-47df-b30f-76e8836f4c59:c4087, f9704f82-adf1-457c-ad29-9b573bc67fa6:c4085, 932806d8-5f5d-4457-8f95-c9b7f9036eae:c4085]
2019-08-07 03:27:30,010 INFO  client.GrpcClientProtocolClient (GrpcClientProtocolClient.java:onNext(255)) - client-23C834B07313->edccc055-c3f5-47df-b30f-76e8836f4c59: receive RaftClientReply:client-23C834B07313->edccc055-c3f5-47df-b30f-76e8836f4c59@group-ED32739C8BBB, cid=2738, SUCCESS, logIndex=4087, commits[edccc055-c3f5-47df-b30f-76e8836f4c59:c4087, f9704f82-adf1-457c-ad29-9b573bc67fa6:c4085, 932806d8-5f5d-4457-8f95-c9b7f9036eae:c4085]
2019-08-07 03:27:30,037 INFO  client.GrpcClientProtocolClient (GrpcClientProtocolClient.java:onNext(255)) - client-23C834B07313->edccc055-c3f5-47df-b30f-76e8836f4c59: receive RaftClientReply:client-23C834B07313->edccc055-c3f5-47df-b30f-76e8836f4c59@group-ED32739C8BBB, cid=2739, SUCCESS, logIndex=4090, commits[edccc055-c3f5-47df-b30f-76e8836f4c59:c4091, f9704f82-adf1-457c-ad29-9b573bc67fa6:c4087, 932806d8-5f5d-4457-8f95-c9b7f9036eae:c4087]
2019-08-07 03:27:30,037 INFO  client.GrpcClientProtocolClient (GrpcClientProtocolClient.java:onNext(255)) - client-23C834B07313->edccc055-c3f5-47df-b30f-76e8836f4c59: receive RaftClientReply:client-23C834B07313->edccc055-c3f5-47df-b30f-76e8836f4c59@group-ED32739C8BBB, cid=2740, SUCCESS, logIndex=4091, commits[edccc055-c3f5-47df-b30f-76e8836f4c59:c4091, f9704f82-adf1-457c-ad29-9b573bc67fa6:c4087, 932806d8-5f5d-4457-8f95-c9b7f9036eae:c4087]
2019-08-07 03:27:30,050 INFO  client.GrpcClientProtocolClient (GrpcClientProtocolClient.java:onNext(255)) - client-23C834B07313->edccc055-c3f5-47df-b30f-76e8836f4c59: receive RaftClientReply:client-23C834B07313->edccc055-c3f5-47df-b30f-76e8836f4c59@group-ED32739C8BBB, cid=2741, SUCCESS, logIndex=0, commits[edccc055-c3f5-47df-b30f-76e8836f4c59:c4092, f9704f82-adf1-457c-ad29-9b573bc67fa6:c4091, 932806d8-5f5d-4457-8f95-c9b7f9036eae:c4091]
2019-08-07 03:27:30,097 INFO  client.GrpcClientProtocolClient (GrpcClientProtocolClient.java:onNext(255)) - client-23C834B07313->edccc055-c3f5-47df-b30f-76e8836f4c59: receive RaftClientReply:client-23C834B07313->edccc055-c3f5-47df-b30f-76e8836f4c59@group-ED32739C8BBB, cid=2742, SUCCESS, logIndex=4094, commits[edccc055-c3f5-47df-b30f-76e8836f4c59:c4095, f9704f82-adf1-457c-ad29-9b573bc67fa6:c4093, 932806d8-5f5d-4457-8f95-c9b7f9036eae:c4093]
2019-08-07 03:27:30,097 INFO  client.GrpcClientProtocolClient (GrpcClientProtocolClient.java:onNext(255)) - client-23C834B07313->edccc055-c3f5-47df-b30f-76e8836f4c59: receive RaftClientReply:client-23C834B07313->edccc055-c3f5-47df-b30f-76e8836f4c59@group-ED32739C8BBB, cid=2743, SUCCESS, logIndex=4095, commits[edccc055-c3f5-47df-b30f-76e8836f4c59:c4097, f9704f82-adf1-457c-ad29-9b573bc67fa6:c4093, 932806d8-5f5d-4457-8f95-c9b7f9036eae:c4093]
2019-08-07 03:27:30,098 INFO  client.GrpcClientProtocolClient (GrpcClientProtocolClient.java:onNext(255)) - client-23C834B07313->edccc055-c3f5-47df-b30f-76e8836f4c59: receive RaftClientReply:client-23C834B07313->edccc055-c3f5-47df-b30f-76e8836f4c59@group-ED32739C8BBB, cid=2744, SUCCESS, logIndex=4096, commits[edccc055-c3f5-47df-b30f-76e8836f4c59:c4097, f9704f82-adf1-457c-ad29-9b573bc67fa6:c4093, 932806d8-5f5d-4457-8f95-c9b7f9036eae:c4093]
2019-08-07 03:27:30,098 INFO  client.GrpcClientProtocolClient (GrpcClientProtocolClient.java:onNext(255)) - client-23C834B07313->edccc055-c3f5-47df-b30f-76e8836f4c59: receive RaftClientReply:client-23C834B07313->edccc055-c3f5-47df-b30f-76e8836f4c59@group-ED32739C8BBB, cid=2745, SUCCESS, logIndex=4097, commits[edccc055-c3f5-47df-b30f-76e8836f4c59:c4097, f9704f82-adf1-457c-ad29-9b573bc67fa6:c4093, 932806d8-5f5d-4457-8f95-c9b7f9036eae:c4093]
2019-08-07 03:27:30,112 INFO  client.GrpcClientProtocolClient (GrpcClientProtocolClient.java:onNext(255)) - client-23C834B07313->edccc055-c3f5-47df-b30f-76e8836f4c59: receive RaftClientReply:client-23C834B07313->edccc055-c3f5-47df-b30f-76e8836f4c59@group-ED32739C8BBB, cid=2746, SUCCESS, logIndex=0, commits[edccc055-c3f5-47df-b30f-76e8836f4c59:c4101, f9704f82-adf1-457c-ad29-9b573bc67fa6:c4095, 932806d8-5f5d-4457-8f95-c9b7f9036eae:c4097]
2019-08-07 03:27:30,134 INFO  client.GrpcClientProtocolClient (GrpcClientProtocolClient.java:onNext(255)) - client-23C834B07313->edccc055-c3f5-47df-b30f-76e8836f4c59: receive RaftClientReply:client-23C834B07313->edccc055-c3f5-47df-b30f-76e8836f4c59@group-ED32739C8BBB, cid=2747, SUCCESS, logIndex=4102, commits[edccc055-c3f5-47df-b30f-76e8836f4c59:c4103, f9704f82-adf1-457c-ad29-9b573bc67fa6:c4101, 932806d8-5f5d-4457-8f95-c9b7f9036eae:c4101]
2019-08-07 03:27:30,134 INFO  client.GrpcClientProtocolClient (GrpcClientProtocolClient.java:onNext(255)) - client-23C834B07313->edccc055-c3f5-47df-b30f-76e8836f4c59: receive RaftClientReply:client-23C834B07313->edccc055-c3f5-47df-b30f-76e8836f4c59@group-ED32739C8BBB, cid=2748, SUCCESS, logIndex=4103, commits[edccc055-c3f5-47df-b30f-76e8836f4c59:c4103, f9704f82-adf1-457c-ad29-9b573bc67fa6:c4101, 932806d8-5f5d-4457-8f95-c9b7f9036eae:c4101]
2019-08-07 03:27:30,282 INFO  client.GrpcClientProtocolClient (GrpcClientProtocolClient.java:onNext(255)) - client-23C834B07313->edccc055-c3f5-47df-b30f-76e8836f4c59: receive RaftClientReply:client-23C834B07313->edccc055-c3f5-47df-b30f-76e8836f4c59@group-ED32739C8BBB, cid=2749, SUCCESS, logIndex=4106, commits[edccc055-c3f5-47df-b30f-76e8836f4c59:c4107, f9704f82-adf1-457c-ad29-9b573bc67fa6:c4102, 932806d8-5f5d-4457-8f95-c9b7f9036eae:c4103]
2019-08-07 03:27:30,282 INFO  client.GrpcClientProtocolClient (GrpcClientProtocolClient.java:onNext(255)) - client-23C834B07313->edccc055-c3f5-47df-b30f-76e8836f4c59: receive RaftClientReply:client-23C834B07313->edccc055-c3f5-47df-b30f-76e8836f4c59@group-ED32739C8BBB, cid=2750, SUCCESS, logIndex=4107, commits[edccc055-c3f5-47df-b30f-76e8836f4c59:c4107, f9704f82-adf1-457c-ad29-9b573bc67fa6:c4103, 932806d8-5f5d-4457-8f95-c9b7f9036eae:c4103]
2019-08-07 03:27:30,304 INFO  client.GrpcClientProtocolClient (GrpcClientProtocolClient.java:onNext(255)) - client-23C834B07313->edccc055-c3f5-47df-b30f-76e8836f4c59: receive RaftClientReply:client-23C834B07313->edccc055-c3f5-47df-b30f-76e8836f4c59@group-ED32739C8BBB, cid=2751, SUCCESS, logIndex=0, commits[edccc055-c3f5-47df-b30f-76e8836f4c59:c4109, f9704f82-adf1-457c-ad29-9b573bc67fa6:c4107, 932806d8-5f5d-4457-8f95-c9b7f9036eae:c4107]
2019-08-07 03:27:30,340 INFO  client.GrpcClientProtocolClient (GrpcClientProtocolClient.java:onNext(255)) - client-23C834B07313->edccc055-c3f5-47df-b30f-76e8836f4c59: receive RaftClientReply:client-23C834B07313->edccc055-c3f5-47df-b30f-76e8836f4c59@group-ED32739C8BBB, cid=2752, SUCCESS, logIndex=4110, commits[edccc055-c3f5-47df-b30f-76e8836f4c59:c4111, f9704f82-adf1-457c-ad29-9b573bc67fa6:c4109, 932806d8-5f5d-4457-8f95-c9b7f9036eae:c4109]
2019-08-07 03:27:30,341 INFO  client.GrpcClientProtocolClient (GrpcClientProtocolClient.java:onNext(255)) - client-23C834B07313->edccc055-c3f5-47df-b30f-76e8836f4c59: receive RaftClientReply:client-23C834B07313->edccc055-c3f5-47df-b30f-76e8836f4c59@group-ED32739C8BBB, cid=2753, SUCCESS, logIndex=4111, commits[edccc055-c3f5-47df-b30f-76e8836f4c59:c4111, f9704f82-adf1-457c-ad29-9b573bc67fa6:c4109, 932806d8-5f5d-4457-8f95-c9b7f9036eae:c4109]
2019-08-07 03:27:30,350 INFO  client.GrpcClientProtocolClient (GrpcClientProtocolClient.java:onNext(255)) - client-23C834B07313->edccc055-c3f5-47df-b30f-76e8836f4c59: receive RaftClientReply:client-23C834B07313->edccc055-c3f5-47df-b30f-76e8836f4c59@group-ED32739C8BBB, cid=2754, SUCCESS, logIndex=4112, commits[edccc055-c3f5-47df-b30f-76e8836f4c59:c4113, f9704f82-adf1-457c-ad29-9b573bc67fa6:c4109, 932806d8-5f5d-4457-8f95-c9b7f9036eae:c4109]
2019-08-07 03:27:30,350 INFO  client.GrpcClientProtocolClient (GrpcClientProtocolClient.java:onNext(255)) - client-23C834B07313->edccc055-c3f5-47df-b30f-76e8836f4c59: receive RaftClientReply:client-23C834B07313->edccc055-c3f5-47df-b30f-76e8836f4c59@group-ED32739C8BBB, cid=2755, SUCCESS, logIndex=4113, commits[edccc055-c3f5-47df-b30f-76e8836f4c59:c4113, f9704f82-adf1-457c-ad29-9b573bc67fa6:c4109, 932806d8-5f5d-4457-8f95-c9b7f9036eae:c4109]
2019-08-07 03:27:30,352 INFO  client.GrpcClientProtocolClient (GrpcClientProtocolClient.java:onNext(255)) - client-23C834B07313->edccc055-c3f5-47df-b30f-76e8836f4c59: receive RaftClientReply:client-23C834B07313->edccc055-c3f5-47df-b30f-76e8836f4c59@group-ED32739C8BBB, cid=2756, SUCCESS, logIndex=0, commits[edccc055-c3f5-47df-b30f-76e8836f4c59:c4113, f9704f82-adf1-457c-ad29-9b573bc67fa6:c4111, 932806d8-5f5d-4457-8f95-c9b7f9036eae:c4111]
2019-08-07 03:27:30,379 INFO  client.GrpcClientProtocolClient (GrpcClientProtocolClient.java:onNext(255)) - client-23C834B07313->edccc055-c3f5-47df-b30f-76e8836f4c59: receive RaftClientReply:client-23C834B07313->edccc055-c3f5-47df-b30f-76e8836f4c59@group-ED32739C8BBB, cid=2757, SUCCESS, logIndex=4118, commits[edccc055-c3f5-47df-b30f-76e8836f4c59:c4119, f9704f82-adf1-457c-ad29-9b573bc67fa6:c4113, 932806d8-5f5d-4457-8f95-c9b7f9036eae:c4113]
2019-08-07 03:27:30,379 INFO  client.GrpcClientProtocolClient (GrpcClientProtocolClient.java:onNext(255)) - client-23C834B07313->edccc055-c3f5-47df-b30f-76e8836f4c59: receive RaftClientReply:client-23C834B07313->edccc055-c3f5-47df-b30f-76e8836f4c59@group-ED32739C8BBB, cid=2758, SUCCESS, logIndex=4119, commits[edccc055-c3f5-47df-b30f-76e8836f4c59:c4119, f9704f82-adf1-457c-ad29-9b573bc67fa6:c4113, 932806d8-5f5d-4457-8f95-c9b7f9036eae:c4113]
2019-08-07 03:27:30,406 INFO  client.GrpcClientProtocolClient (GrpcClientProtocolClient.java:onNext(255)) - client-23C834B07313->edccc055-c3f5-47df-b30f-76e8836f4c59: receive RaftClientReply:client-23C834B07313->edccc055-c3f5-47df-b30f-76e8836f4c59@group-ED32739C8BBB, cid=2759, SUCCESS, logIndex=4122, commits[edccc055-c3f5-47df-b30f-76e8836f4c59:c4123, f9704f82-adf1-457c-ad29-9b573bc67fa6:c4119, 932806d8-5f5d-4457-8f95-c9b7f9036eae:c4118]
2019-08-07 03:27:30,407 INFO  client.GrpcClientProtocolClient (GrpcClientProtocolClient.java:onNext(255)) - client-23C834B07313->edccc055-c3f5-47df-b30f-76e8836f4c59: receive RaftClientReply:client-23C834B07313->edccc055-c3f5-47df-b30f-76e8836f4c59@group-ED32739C8BBB, cid=2760, SUCCESS, logIndex=4123, commits[edccc055-c3f5-47df-b30f-76e8836f4c59:c4123, f9704f82-adf1-457c-ad29-9b573bc67fa6:c4119, 932806d8-5f5d-4457-8f95-c9b7f9036eae:c4119]
2019-08-07 03:27:30,420 INFO  client.GrpcClientProtocolClient (GrpcClientProtocolClient.java:onNext(255)) - client-23C834B07313->edccc055-c3f5-47df-b30f-76e8836f4c59: receive RaftClientReply:client-23C834B07313->edccc055-c3f5-47df-b30f-76e8836f4c59@group-ED32739C8BBB, cid=2761, SUCCESS, logIndex=0, commits[edccc055-c3f5-47df-b30f-76e8836f4c59:c4124, f9704f82-adf1-457c-ad29-9b573bc67fa6:c4123, 932806d8-5f5d-4457-8f95-c9b7f9036eae:c4123]
 0.00% |█                                                                                                    |  0/1 Time: 0:00:262019-08-07 03:27:30,454 INFO  client.GrpcClientProtocolClient (GrpcClientProtocolClient.java:onNext(255)) - client-23C834B07313->edccc055-c3f5-47df-b30f-76e8836f4c59: receive RaftClientReply:client-23C834B07313->edccc055-c3f5-47df-b30f-76e8836f4c59@group-ED32739C8BBB, cid=2762, SUCCESS, logIndex=4125, commits[edccc055-c3f5-47df-b30f-76e8836f4c59:c4126, f9704f82-adf1-457c-ad29-9b573bc67fa6:c4124, 932806d8-5f5d-4457-8f95-c9b7f9036eae:c4124]
2019-08-07 03:27:30,455 INFO  client.GrpcClientProtocolClient (GrpcClientProtocolClient.java:onNext(255)) - client-23C834B07313->edccc055-c3f5-47df-b30f-76e8836f4c59: receive RaftClientReply:client-23C834B07313->edccc055-c3f5-47df-b30f-76e8836f4c59@group-ED32739C8BBB, cid=2763, SUCCESS, logIndex=4126, commits[edccc055-c3f5-47df-b30f-76e8836f4c59:c4127, f9704f82-adf1-457c-ad29-9b573bc67fa6:c4124, 932806d8-5f5d-4457-8f95-c9b7f9036eae:c4124]
2019-08-07 03:27:30,455 INFO  client.GrpcClientProtocolClient (GrpcClientProtocolClient.java:onNext(255)) - client-23C834B07313->edccc055-c3f5-47df-b30f-76e8836f4c59: receive RaftClientReply:client-23C834B07313->edccc055-c3f5-47df-b30f-76e8836f4c59@group-ED32739C8BBB, cid=2764, SUCCESS, logIndex=4127, commits[edccc055-c3f5-47df-b30f-76e8836f4c59:c4127, f9704f82-adf1-457c-ad29-9b573bc67fa6:c4124, 932806d8-5f5d-4457-8f95-c9b7f9036eae:c4124]
2019-08-07 03:27:30,456 INFO  client.GrpcClientProtocolClient (GrpcClientProtocolClient.java:onNext(255)) - client-23C834B07313->edccc055-c3f5-47df-b30f-76e8836f4c59: receive RaftClientReply:client-23C834B07313->edccc055-c3f5-47df-b30f-76e8836f4c59@group-ED32739C8BBB, cid=2765, SUCCESS, logIndex=4128, commits[edccc055-c3f5-47df-b30f-76e8836f4c59:c4128, f9704f82-adf1-457c-ad29-9b573bc67fa6:c4124, 932806d8-5f5d-4457-8f95-c9b7f9036eae:c4124]
2019-08-07 03:27:30,467 INFO  client.GrpcClientProtocolClient (GrpcClientProtocolClient.java:onNext(255)) - client-23C834B07313->edccc055-c3f5-47df-b30f-76e8836f4c59: receive RaftClientReply:client-23C834B07313->edccc055-c3f5-47df-b30f-76e8836f4c59@group-ED32739C8BBB, cid=2766, SUCCESS, logIndex=0, commits[edccc055-c3f5-47df-b30f-76e8836f4c59:c4130, f9704f82-adf1-457c-ad29-9b573bc67fa6:c4126, 932806d8-5f5d-4457-8f95-c9b7f9036eae:c4126]
2019-08-07 03:27:30,490 INFO  client.GrpcClientProtocolClient (GrpcClientProtocolClient.java:onNext(255)) - client-23C834B07313->edccc055-c3f5-47df-b30f-76e8836f4c59: receive RaftClientReply:client-23C834B07313->edccc055-c3f5-47df-b30f-76e8836f4c59@group-ED32739C8BBB, cid=2767, SUCCESS, logIndex=4133, commits[edccc055-c3f5-47df-b30f-76e8836f4c59:c4134, f9704f82-adf1-457c-ad29-9b573bc67fa6:c4132, 932806d8-5f5d-4457-8f95-c9b7f9036eae:c4132]
2019-08-07 03:27:30,490 INFO  client.GrpcClientProtocolClient (GrpcClientProtocolClient.java:onNext(255)) - client-23C834B07313->edccc055-c3f5-47df-b30f-76e8836f4c59: receive RaftClientReply:client-23C834B07313->edccc055-c3f5-47df-b30f-76e8836f4c59@group-ED32739C8BBB, cid=2768, SUCCESS, logIndex=4134, commits[edccc055-c3f5-47df-b30f-76e8836f4c59:c4134, f9704f82-adf1-457c-ad29-9b573bc67fa6:c4132, 932806d8-5f5d-4457-8f95-c9b7f9036eae:c4132]
2019-08-07 03:27:30,518 INFO  client.GrpcClientProtocolClient (GrpcClientProtocolClient.java:onNext(255)) - client-23C834B07313->edccc055-c3f5-47df-b30f-76e8836f4c59: receive RaftClientReply:client-23C834B07313->edccc055-c3f5-47df-b30f-76e8836f4c59@group-ED32739C8BBB, cid=2769, SUCCESS, logIndex=4137, commits[edccc055-c3f5-47df-b30f-76e8836f4c59:c4137, f9704f82-adf1-457c-ad29-9b573bc67fa6:c4134, 932806d8-5f5d-4457-8f95-c9b7f9036eae:c4134]
2019-08-07 03:27:30,518 INFO  client.GrpcClientProtocolClient (GrpcClientProtocolClient.java:onNext(255)) - client-23C834B07313->edccc055-c3f5-47df-b30f-76e8836f4c59: receive RaftClientReply:client-23C834B07313->edccc055-c3f5-47df-b30f-76e8836f4c59@group-ED32739C8BBB, cid=2770, SUCCESS, logIndex=4138, commits[edccc055-c3f5-47df-b30f-76e8836f4c59:c4138, f9704f82-adf1-457c-ad29-9b573bc67fa6:c4134, 932806d8-5f5d-4457-8f95-c9b7f9036eae:c4134]
2019-08-07 03:27:30,531 INFO  client.GrpcClientProtocolClient (GrpcClientProtocolClient.java:onNext(255)) - client-23C834B07313->edccc055-c3f5-47df-b30f-76e8836f4c59: receive RaftClientReply:client-23C834B07313->edccc055-c3f5-47df-b30f-76e8836f4c59@group-ED32739C8BBB, cid=2771, SUCCESS, logIndex=0, commits[edccc055-c3f5-47df-b30f-76e8836f4c59:c4140, f9704f82-adf1-457c-ad29-9b573bc67fa6:c4138, 932806d8-5f5d-4457-8f95-c9b7f9036eae:c4138]
2019-08-07 03:27:30,566 INFO  client.GrpcClientProtocolClient (GrpcClientProtocolClient.java:onNext(255)) - client-23C834B07313->edccc055-c3f5-47df-b30f-76e8836f4c59: receive RaftClientReply:client-23C834B07313->edccc055-c3f5-47df-b30f-76e8836f4c59@group-ED32739C8BBB, cid=2772, SUCCESS, logIndex=4141, commits[edccc055-c3f5-47df-b30f-76e8836f4c59:c4142, f9704f82-adf1-457c-ad29-9b573bc67fa6:c4140, 932806d8-5f5d-4457-8f95-c9b7f9036eae:c4140]
2019-08-07 03:27:30,567 INFO  client.GrpcClientProtocolClient (GrpcClientProtocolClient.java:onNext(255)) - client-23C834B07313->edccc055-c3f5-47df-b30f-76e8836f4c59: receive RaftClientReply:client-23C834B07313->edccc055-c3f5-47df-b30f-76e8836f4c59@group-ED32739C8BBB, cid=2773, SUCCESS, logIndex=4142, commits[edccc055-c3f5-47df-b30f-76e8836f4c59:c4144, f9704f82-adf1-457c-ad29-9b573bc67fa6:c4140, 932806d8-5f5d-4457-8f95-c9b7f9036eae:c4140]
2019-08-07 03:27:30,567 INFO  client.GrpcClientProtocolClient (GrpcClientProtocolClient.java:onNext(255)) - client-23C834B07313->edccc055-c3f5-47df-b30f-76e8836f4c59: receive RaftClientReply:client-23C834B07313->edccc055-c3f5-47df-b30f-76e8836f4c59@group-ED32739C8BBB, cid=2774, SUCCESS, logIndex=4143, commits[edccc055-c3f5-47df-b30f-76e8836f4c59:c4144, f9704f82-adf1-457c-ad29-9b573bc67fa6:c4140, 932806d8-5f5d-4457-8f95-c9b7f9036eae:c4140]
2019-08-07 03:27:30,568 INFO  client.GrpcClientProtocolClient (GrpcClientProtocolClient.java:onNext(255)) - client-23C834B07313->edccc055-c3f5-47df-b30f-76e8836f4c59: receive RaftClientReply:client-23C834B07313->edccc055-c3f5-47df-b30f-76e8836f4c59@group-ED32739C8BBB, cid=2775, SUCCESS, logIndex=4144, commits[edccc055-c3f5-47df-b30f-76e8836f4c59:c4146, f9704f82-adf1-457c-ad29-9b573bc67fa6:c4140, 932806d8-5f5d-4457-8f95-c9b7f9036eae:c4142]
2019-08-07 03:27:30,569 INFO  client.GrpcClientProtocolClient (GrpcClientProtocolClient.java:onNext(255)) - client-23C834B07313->edccc055-c3f5-47df-b30f-76e8836f4c59: receive RaftClientReply:client-23C834B07313->edccc055-c3f5-47df-b30f-76e8836f4c59@group-ED32739C8BBB, cid=2776, SUCCESS, logIndex=0, commits[edccc055-c3f5-47df-b30f-76e8836f4c59:c4146, f9704f82-adf1-457c-ad29-9b573bc67fa6:c4142, 932806d8-5f5d-4457-8f95-c9b7f9036eae:c4144]
2019-08-07 03:27:30,614 INFO  client.GrpcClientProtocolClient (GrpcClientProtocolClient.java:onNext(255)) - client-23C834B07313->edccc055-c3f5-47df-b30f-76e8836f4c59: receive RaftClientReply:client-23C834B07313->edccc055-c3f5-47df-b30f-76e8836f4c59@group-ED32739C8BBB, cid=2777, SUCCESS, logIndex=4149, commits[edccc055-c3f5-47df-b30f-76e8836f4c59:c4150, f9704f82-adf1-457c-ad29-9b573bc67fa6:c4144, 932806d8-5f5d-4457-8f95-c9b7f9036eae:c4146]
2019-08-07 03:27:30,614 INFO  client.GrpcClientProtocolClient (GrpcClientProtocolClient.java:onNext(255)) - client-23C834B07313->edccc055-c3f5-47df-b30f-76e8836f4c59: receive RaftClientReply:client-23C834B07313->edccc055-c3f5-47df-b30f-76e8836f4c59@group-ED32739C8BBB, cid=2778, SUCCESS, logIndex=4150, commits[edccc055-c3f5-47df-b30f-76e8836f4c59:c4150, f9704f82-adf1-457c-ad29-9b573bc67fa6:c4144, 932806d8-5f5d-4457-8f95-c9b7f9036eae:c4146]
2019-08-07 03:27:30,638 INFO  client.GrpcClientProtocolClient (GrpcClientProtocolClient.java:onNext(255)) - client-23C834B07313->edccc055-c3f5-47df-b30f-76e8836f4c59: receive RaftClientReply:client-23C834B07313->edccc055-c3f5-47df-b30f-76e8836f4c59@group-ED32739C8BBB, cid=2779, SUCCESS, logIndex=4152, commits[edccc055-c3f5-47df-b30f-76e8836f4c59:c4153, f9704f82-adf1-457c-ad29-9b573bc67fa6:c4151, 932806d8-5f5d-4457-8f95-c9b7f9036eae:c4151]
2019-08-07 03:27:30,639 INFO  client.GrpcClientProtocolClient (GrpcClientProtocolClient.java:onNext(255)) - client-23C834B07313->edccc055-c3f5-47df-b30f-76e8836f4c59: receive RaftClientReply:client-23C834B07313->edccc055-c3f5-47df-b30f-76e8836f4c59@group-ED32739C8BBB, cid=2780, SUCCESS, logIndex=4153, commits[edccc055-c3f5-47df-b30f-76e8836f4c59:c4153, f9704f82-adf1-457c-ad29-9b573bc67fa6:c4151, 932806d8-5f5d-4457-8f95-c9b7f9036eae:c4151]
2019-08-07 03:27:30,650 INFO  client.GrpcClientProtocolClient (GrpcClientProtocolClient.java:onNext(255)) - client-23C834B07313->edccc055-c3f5-47df-b30f-76e8836f4c59: receive RaftClientReply:client-23C834B07313->edccc055-c3f5-47df-b30f-76e8836f4c59@group-ED32739C8BBB, cid=2781, SUCCESS, logIndex=0, commits[edccc055-c3f5-47df-b30f-76e8836f4c59:c4154, f9704f82-adf1-457c-ad29-9b573bc67fa6:c4153, 932806d8-5f5d-4457-8f95-c9b7f9036eae:c4153]
2019-08-07 03:27:30,687 INFO  client.GrpcClientProtocolClient (GrpcClientProtocolClient.java:onNext(255)) - client-23C834B07313->edccc055-c3f5-47df-b30f-76e8836f4c59: receive RaftClientReply:client-23C834B07313->edccc055-c3f5-47df-b30f-76e8836f4c59@group-ED32739C8BBB, cid=2782, SUCCESS, logIndex=4156, commits[edccc055-c3f5-47df-b30f-76e8836f4c59:c4157, f9704f82-adf1-457c-ad29-9b573bc67fa6:c4155, 932806d8-5f5d-4457-8f95-c9b7f9036eae:c4155]
2019-08-07 03:27:30,687 INFO  client.GrpcClientProtocolClient (GrpcClientProtocolClient.java:onNext(255)) - client-23C834B07313->edccc055-c3f5-47df-b30f-76e8836f4c59: receive RaftClientReply:client-23C834B07313->edccc055-c3f5-47df-b30f-76e8836f4c59@group-ED32739C8BBB, cid=2783, SUCCESS, logIndex=4157, commits[edccc055-c3f5-47df-b30f-76e8836f4c59:c4157, f9704f82-adf1-457c-ad29-9b573bc67fa6:c4155, 932806d8-5f5d-4457-8f95-c9b7f9036eae:c4155]
2019-08-07 03:27:30,698 INFO  client.GrpcClientProtocolClient (GrpcClientProtocolClient.java:onNext(255)) - client-23C834B07313->edccc055-c3f5-47df-b30f-76e8836f4c59: receive RaftClientReply:client-23C834B07313->edccc055-c3f5-47df-b30f-76e8836f4c59@group-ED32739C8BBB, cid=2784, SUCCESS, logIndex=4158, commits[edccc055-c3f5-47df-b30f-76e8836f4c59:c4159, f9704f82-adf1-457c-ad29-9b573bc67fa6:c4155, 932806d8-5f5d-4457-8f95-c9b7f9036eae:c4155]
2019-08-07 03:27:30,698 INFO  client.GrpcClientProtocolClient (GrpcClientProtocolClient.java:onNext(255)) - client-23C834B07313->edccc055-c3f5-47df-b30f-76e8836f4c59: receive RaftClientReply:client-23C834B07313->edccc055-c3f5-47df-b30f-76e8836f4c59@group-ED32739C8BBB, cid=2785, SUCCESS, logIndex=4159, commits[edccc055-c3f5-47df-b30f-76e8836f4c59:c4159, f9704f82-adf1-457c-ad29-9b573bc67fa6:c4155, 932806d8-5f5d-4457-8f95-c9b7f9036eae:c4155]
2019-08-07 03:27:30,711 INFO  client.GrpcClientProtocolClient (GrpcClientProtocolClient.java:onNext(255)) - client-23C834B07313->edccc055-c3f5-47df-b30f-76e8836f4c59: receive RaftClientReply:client-23C834B07313->edccc055-c3f5-47df-b30f-76e8836f4c59@group-ED32739C8BBB, cid=2786, SUCCESS, logIndex=0, commits[edccc055-c3f5-47df-b30f-76e8836f4c59:c4161, f9704f82-adf1-457c-ad29-9b573bc67fa6:c4157, 932806d8-5f5d-4457-8f95-c9b7f9036eae:c4157]
2019-08-07 03:27:30,725 INFO  client.GrpcClientProtocolClient (GrpcClientProtocolClient.java:onNext(255)) - client-23C834B07313->edccc055-c3f5-47df-b30f-76e8836f4c59: receive RaftClientReply:client-23C834B07313->edccc055-c3f5-47df-b30f-76e8836f4c59@group-ED32739C8BBB, cid=2787, SUCCESS, logIndex=4164, commits[edccc055-c3f5-47df-b30f-76e8836f4c59:c4165, f9704f82-adf1-457c-ad29-9b573bc67fa6:c4163, 932806d8-5f5d-4457-8f95-c9b7f9036eae:c4163]
2019-08-07 03:27:30,726 INFO  client.GrpcClientProtocolClient (GrpcClientProtocolClient.java:onNext(255)) - client-23C834B07313->edccc055-c3f5-47df-b30f-76e8836f4c59: receive RaftClientReply:client-23C834B07313->edccc055-c3f5-47df-b30f-76e8836f4c59@group-ED32739C8BBB, cid=2788, SUCCESS, logIndex=4165, commits[edccc055-c3f5-47df-b30f-76e8836f4c59:c4165, f9704f82-adf1-457c-ad29-9b573bc67fa6:c4163, 932806d8-5f5d-4457-8f95-c9b7f9036eae:c4163]
2019-08-07 03:27:30,751 INFO  client.GrpcClientProtocolClient (GrpcClientProtocolClient.java:onNext(255)) - client-23C834B07313->edccc055-c3f5-47df-b30f-76e8836f4c59: receive RaftClientReply:client-23C834B07313->edccc055-c3f5-47df-b30f-76e8836f4c59@group-ED32739C8BBB, cid=2789, SUCCESS, logIndex=4168, commits[edccc055-c3f5-47df-b30f-76e8836f4c59:c4169, f9704f82-adf1-457c-ad29-9b573bc67fa6:c4165, 932806d8-5f5d-4457-8f95-c9b7f9036eae:c4165]
2019-08-07 03:27:30,751 INFO  client.GrpcClientProtocolClient (GrpcClientProtocolClient.java:onNext(255)) - client-23C834B07313->edccc055-c3f5-47df-b30f-76e8836f4c59: receive RaftClientReply:client-23C834B07313->edccc055-c3f5-47df-b30f-76e8836f4c59@group-ED32739C8BBB, cid=2790, SUCCESS, logIndex=4169, commits[edccc055-c3f5-47df-b30f-76e8836f4c59:c4169, f9704f82-adf1-457c-ad29-9b573bc67fa6:c4165, 932806d8-5f5d-4457-8f95-c9b7f9036eae:c4165]
2019-08-07 03:27:30,777 INFO  client.GrpcClientProtocolClient (GrpcClientProtocolClient.java:onNext(255)) - client-23C834B07313->edccc055-c3f5-47df-b30f-76e8836f4c59: receive RaftClientReply:client-23C834B07313->edccc055-c3f5-47df-b30f-76e8836f4c59@group-ED32739C8BBB, cid=2791, SUCCESS, logIndex=0, commits[edccc055-c3f5-47df-b30f-76e8836f4c59:c4171, f9704f82-adf1-457c-ad29-9b573bc67fa6:c4169, 932806d8-5f5d-4457-8f95-c9b7f9036eae:c4169]
2019-08-07 03:27:30,807 INFO  client.GrpcClientProtocolClient (GrpcClientProtocolClient.java:onNext(255)) - client-23C834B07313->edccc055-c3f5-47df-b30f-76e8836f4c59: receive RaftClientReply:client-23C834B07313->edccc055-c3f5-47df-b30f-76e8836f4c59@group-ED32739C8BBB, cid=2792, SUCCESS, logIndex=4172, commits[edccc055-c3f5-47df-b30f-76e8836f4c59:c4173, f9704f82-adf1-457c-ad29-9b573bc67fa6:c4171, 932806d8-5f5d-4457-8f95-c9b7f9036eae:c4171]
2019-08-07 03:27:30,807 INFO  client.GrpcClientProtocolClient (GrpcClientProtocolClient.java:onNext(255)) - client-23C834B07313->edccc055-c3f5-47df-b30f-76e8836f4c59: receive RaftClientReply:client-23C834B07313->edccc055-c3f5-47df-b30f-76e8836f4c59@group-ED32739C8BBB, cid=2793, SUCCESS, logIndex=4173, commits[edccc055-c3f5-47df-b30f-76e8836f4c59:c4173, f9704f82-adf1-457c-ad29-9b573bc67fa6:c4171, 932806d8-5f5d-4457-8f95-c9b7f9036eae:c4171]
2019-08-07 03:27:30,818 INFO  client.GrpcClientProtocolClient (GrpcClientProtocolClient.java:onNext(255)) - client-23C834B07313->edccc055-c3f5-47df-b30f-76e8836f4c59: receive RaftClientReply:client-23C834B07313->edccc055-c3f5-47df-b30f-76e8836f4c59@group-ED32739C8BBB, cid=2794, SUCCESS, logIndex=4174, commits[edccc055-c3f5-47df-b30f-76e8836f4c59:c4175, f9704f82-adf1-457c-ad29-9b573bc67fa6:c4171, 932806d8-5f5d-4457-8f95-c9b7f9036eae:c4171]
2019-08-07 03:27:30,818 INFO  client.GrpcClientProtocolClient (GrpcClientProtocolClient.java:onNext(255)) - client-23C834B07313->edccc055-c3f5-47df-b30f-76e8836f4c59: receive RaftClientReply:client-23C834B07313->edccc055-c3f5-47df-b30f-76e8836f4c59@group-ED32739C8BBB, cid=2795, SUCCESS, logIndex=4175, commits[edccc055-c3f5-47df-b30f-76e8836f4c59:c4175, f9704f82-adf1-457c-ad29-9b573bc67fa6:c4171, 932806d8-5f5d-4457-8f95-c9b7f9036eae:c4171]
2019-08-07 03:27:30,819 INFO  client.GrpcClientProtocolClient (GrpcClientProtocolClient.java:onNext(255)) - client-23C834B07313->edccc055-c3f5-47df-b30f-76e8836f4c59: receive RaftClientReply:client-23C834B07313->edccc055-c3f5-47df-b30f-76e8836f4c59@group-ED32739C8BBB, cid=2796, SUCCESS, logIndex=0, commits[edccc055-c3f5-47df-b30f-76e8836f4c59:c4175, f9704f82-adf1-457c-ad29-9b573bc67fa6:c4173, 932806d8-5f5d-4457-8f95-c9b7f9036eae:c4173]
2019-08-07 03:27:30,845 INFO  client.GrpcClientProtocolClient (GrpcClientProtocolClient.java:onNext(255)) - client-23C834B07313->edccc055-c3f5-47df-b30f-76e8836f4c59: receive RaftClientReply:client-23C834B07313->edccc055-c3f5-47df-b30f-76e8836f4c59@group-ED32739C8BBB, cid=2797, SUCCESS, logIndex=4180, commits[edccc055-c3f5-47df-b30f-76e8836f4c59:c4181, f9704f82-adf1-457c-ad29-9b573bc67fa6:c4175, 932806d8-5f5d-4457-8f95-c9b7f9036eae:c4175]
2019-08-07 03:27:30,845 INFO  client.GrpcClientProtocolClient (GrpcClientProtocolClient.java:onNext(255)) - client-23C834B07313->edccc055-c3f5-47df-b30f-76e8836f4c59: receive RaftClientReply:client-23C834B07313->edccc055-c3f5-47df-b30f-76e8836f4c59@group-ED32739C8BBB, cid=2798, SUCCESS, logIndex=4181, commits[edccc055-c3f5-47df-b30f-76e8836f4c59:c4181, f9704f82-adf1-457c-ad29-9b573bc67fa6:c4175, 932806d8-5f5d-4457-8f95-c9b7f9036eae:c4175]
2019-08-07 03:27:30,862 INFO  client.GrpcClientProtocolClient (GrpcClientProtocolClient.java:onNext(255)) - client-23C834B07313->edccc055-c3f5-47df-b30f-76e8836f4c59: receive RaftClientReply:client-23C834B07313->edccc055-c3f5-47df-b30f-76e8836f4c59@group-ED32739C8BBB, cid=2799, SUCCESS, logIndex=4184, commits[edccc055-c3f5-47df-b30f-76e8836f4c59:c4185, f9704f82-adf1-457c-ad29-9b573bc67fa6:c4181, 932806d8-5f5d-4457-8f95-c9b7f9036eae:c4181]
2019-08-07 03:27:30,862 INFO  client.GrpcClientProtocolClient (GrpcClientProtocolClient.java:onNext(255)) - client-23C834B07313->edccc055-c3f5-47df-b30f-76e8836f4c59: receive RaftClientReply:client-23C834B07313->edccc055-c3f5-47df-b30f-76e8836f4c59@group-ED32739C8BBB, cid=2800, SUCCESS, logIndex=4185, commits[edccc055-c3f5-47df-b30f-76e8836f4c59:c4185, f9704f82-adf1-457c-ad29-9b573bc67fa6:c4181, 932806d8-5f5d-4457-8f95-c9b7f9036eae:c4181]
2019-08-07 03:27:30,863 INFO  client.GrpcClientProtocolClient (GrpcClientProtocolClient.java:onNext(255)) - client-23C834B07313->edccc055-c3f5-47df-b30f-76e8836f4c59: receive RaftClientReply:client-23C834B07313->edccc055-c3f5-47df-b30f-76e8836f4c59@group-ED32739C8BBB, cid=2801, SUCCESS, logIndex=0, commits[edccc055-c3f5-47df-b30f-76e8836f4c59:c4185, f9704f82-adf1-457c-ad29-9b573bc67fa6:c4185, 932806d8-5f5d-4457-8f95-c9b7f9036eae:c4185]
2019-08-07 03:27:30,889 INFO  client.GrpcClientProtocolClient (GrpcClientProtocolClient.java:onNext(255)) - client-23C834B07313->edccc055-c3f5-47df-b30f-76e8836f4c59: receive RaftClientReply:client-23C834B07313->edccc055-c3f5-47df-b30f-76e8836f4c59@group-ED32739C8BBB, cid=2802, SUCCESS, logIndex=4188, commits[edccc055-c3f5-47df-b30f-76e8836f4c59:c4190, f9704f82-adf1-457c-ad29-9b573bc67fa6:c4187, 932806d8-5f5d-4457-8f95-c9b7f9036eae:c4187]
2019-08-07 03:27:30,890 INFO  client.GrpcClientProtocolClient (GrpcClientProtocolClient.java:onNext(255)) - client-23C834B07313->edccc055-c3f5-47df-b30f-76e8836f4c59: receive RaftClientReply:client-23C834B07313->edccc055-c3f5-47df-b30f-76e8836f4c59@group-ED32739C8BBB, cid=2803, SUCCESS, logIndex=4189, commits[edccc055-c3f5-47df-b30f-76e8836f4c59:c4191, f9704f82-adf1-457c-ad29-9b573bc67fa6:c4187, 932806d8-5f5d-4457-8f95-c9b7f9036eae:c4187]
2019-08-07 03:27:30,890 INFO  client.GrpcClientProtocolClient (GrpcClientProtocolClient.java:onNext(255)) - client-23C834B07313->edccc055-c3f5-47df-b30f-76e8836f4c59: receive RaftClientReply:client-23C834B07313->edccc055-c3f5-47df-b30f-76e8836f4c59@group-ED32739C8BBB, cid=2804, SUCCESS, logIndex=4190, commits[edccc055-c3f5-47df-b30f-76e8836f4c59:c4191, f9704f82-adf1-457c-ad29-9b573bc67fa6:c4187, 932806d8-5f5d-4457-8f95-c9b7f9036eae:c4187]
2019-08-07 03:27:30,890 INFO  client.GrpcClientProtocolClient (GrpcClientProtocolClient.java:onNext(255)) - client-23C834B07313->edccc055-c3f5-47df-b30f-76e8836f4c59: receive RaftClientReply:client-23C834B07313->edccc055-c3f5-47df-b30f-76e8836f4c59@group-ED32739C8BBB, cid=2805, SUCCESS, logIndex=4191, commits[edccc055-c3f5-47df-b30f-76e8836f4c59:c4191, f9704f82-adf1-457c-ad29-9b573bc67fa6:c4187, 932806d8-5f5d-4457-8f95-c9b7f9036eae:c4187]
2019-08-07 03:27:30,903 INFO  client.GrpcClientProtocolClient (GrpcClientProtocolClient.java:onNext(255)) - client-23C834B07313->edccc055-c3f5-47df-b30f-76e8836f4c59: receive RaftClientReply:client-23C834B07313->edccc055-c3f5-47df-b30f-76e8836f4c59@group-ED32739C8BBB, cid=2806, SUCCESS, logIndex=0, commits[edccc055-c3f5-47df-b30f-76e8836f4c59:c4192, f9704f82-adf1-457c-ad29-9b573bc67fa6:c4189, 932806d8-5f5d-4457-8f95-c9b7f9036eae:c4189]
2019-08-07 03:27:30,921 INFO  client.GrpcClientProtocolClient (GrpcClientProtocolClient.java:onNext(255)) - client-23C834B07313->edccc055-c3f5-47df-b30f-76e8836f4c59: receive RaftClientReply:client-23C834B07313->edccc055-c3f5-47df-b30f-76e8836f4c59@group-ED32739C8BBB, cid=2807, SUCCESS, logIndex=4196, commits[edccc055-c3f5-47df-b30f-76e8836f4c59:c4197, f9704f82-adf1-457c-ad29-9b573bc67fa6:c4195, 932806d8-5f5d-4457-8f95-c9b7f9036eae:c4195]
2019-08-07 03:27:30,922 INFO  client.GrpcClientProtocolClient (GrpcClientProtocolClient.java:onNext(255)) - client-23C834B07313->edccc055-c3f5-47df-b30f-76e8836f4c59: receive RaftClientReply:client-23C834B07313->edccc055-c3f5-47df-b30f-76e8836f4c59@group-ED32739C8BBB, cid=2808, SUCCESS, logIndex=4197, commits[edccc055-c3f5-47df-b30f-76e8836f4c59:c4197, f9704f82-adf1-457c-ad29-9b573bc67fa6:c4195, 932806d8-5f5d-4457-8f95-c9b7f9036eae:c4195]
2019-08-07 03:27:30,937 INFO  client.GrpcClientProtocolClient (GrpcClientProtocolClient.java:onNext(255)) - client-23C834B07313->edccc055-c3f5-47df-b30f-76e8836f4c59: receive RaftClientReply:client-23C834B07313->edccc055-c3f5-47df-b30f-76e8836f4c59@group-ED32739C8BBB, cid=2809, SUCCESS, logIndex=4200, commits[edccc055-c3f5-47df-b30f-76e8836f4c59:c4201, f9704f82-adf1-457c-ad29-9b573bc67fa6:c4197, 932806d8-5f5d-4457-8f95-c9b7f9036eae:c4197]
2019-08-07 03:27:30,937 INFO  client.GrpcClientProtocolClient (GrpcClientProtocolClient.java:onNext(255)) - client-23C834B07313->edccc055-c3f5-47df-b30f-76e8836f4c59: receive RaftClientReply:client-23C834B07313->edccc055-c3f5-47df-b30f-76e8836f4c59@group-ED32739C8BBB, cid=2810, SUCCESS, logIndex=4201, commits[edccc055-c3f5-47df-b30f-76e8836f4c59:c4201, f9704f82-adf1-457c-ad29-9b573bc67fa6:c4197, 932806d8-5f5d-4457-8f95-c9b7f9036eae:c4197]
2019-08-07 03:27:30,951 INFO  client.GrpcClientProtocolClient (GrpcClientProtocolClient.java:onNext(255)) - client-23C834B07313->edccc055-c3f5-47df-b30f-76e8836f4c59: receive RaftClientReply:client-23C834B07313->edccc055-c3f5-47df-b30f-76e8836f4c59@group-ED32739C8BBB, cid=2811, SUCCESS, logIndex=0, commits[edccc055-c3f5-47df-b30f-76e8836f4c59:c4202, f9704f82-adf1-457c-ad29-9b573bc67fa6:c4201, 932806d8-5f5d-4457-8f95-c9b7f9036eae:c4201]
2019-08-07 03:27:30,980 INFO  client.GrpcClientProtocolClient (GrpcClientProtocolClient.java:onNext(255)) - client-23C834B07313->edccc055-c3f5-47df-b30f-76e8836f4c59: receive RaftClientReply:client-23C834B07313->edccc055-c3f5-47df-b30f-76e8836f4c59@group-ED32739C8BBB, cid=2812, SUCCESS, logIndex=4204, commits[edccc055-c3f5-47df-b30f-76e8836f4c59:c4205, f9704f82-adf1-457c-ad29-9b573bc67fa6:c4203, 932806d8-5f5d-4457-8f95-c9b7f9036eae:c4203]
2019-08-07 03:27:30,980 INFO  client.GrpcClientProtocolClient (GrpcClientProtocolClient.java:onNext(255)) - client-23C834B07313->edccc055-c3f5-47df-b30f-76e8836f4c59: receive RaftClientReply:client-23C834B07313->edccc055-c3f5-47df-b30f-76e8836f4c59@group-ED32739C8BBB, cid=2813, SUCCESS, logIndex=4205, commits[edccc055-c3f5-47df-b30f-76e8836f4c59:c4205, f9704f82-adf1-457c-ad29-9b573bc67fa6:c4203, 932806d8-5f5d-4457-8f95-c9b7f9036eae:c4203]
2019-08-07 03:27:30,981 INFO  client.GrpcClientProtocolClient (GrpcClientProtocolClient.java:onNext(255)) - client-23C834B07313->edccc055-c3f5-47df-b30f-76e8836f4c59: receive RaftClientReply:client-23C834B07313->edccc055-c3f5-47df-b30f-76e8836f4c59@group-ED32739C8BBB, cid=2814, SUCCESS, logIndex=4206, commits[edccc055-c3f5-47df-b30f-76e8836f4c59:c4207, f9704f82-adf1-457c-ad29-9b573bc67fa6:c4203, 932806d8-5f5d-4457-8f95-c9b7f9036eae:c4203]
2019-08-07 03:27:30,981 INFO  client.GrpcClientProtocolClient (GrpcClientProtocolClient.java:onNext(255)) - client-23C834B07313->edccc055-c3f5-47df-b30f-76e8836f4c59: receive RaftClientReply:client-23C834B07313->edccc055-c3f5-47df-b30f-76e8836f4c59@group-ED32739C8BBB, cid=2815, SUCCESS, logIndex=4207, commits[edccc055-c3f5-47df-b30f-76e8836f4c59:c4207, f9704f82-adf1-457c-ad29-9b573bc67fa6:c4203, 932806d8-5f5d-4457-8f95-c9b7f9036eae:c4203]
2019-08-07 03:27:30,994 INFO  client.GrpcClientProtocolClient (GrpcClientProtocolClient.java:onNext(255)) - client-23C834B07313->edccc055-c3f5-47df-b30f-76e8836f4c59: receive RaftClientReply:client-23C834B07313->edccc055-c3f5-47df-b30f-76e8836f4c59@group-ED32739C8BBB, cid=2816, SUCCESS, logIndex=0, commits[edccc055-c3f5-47df-b30f-76e8836f4c59:c4209, f9704f82-adf1-457c-ad29-9b573bc67fa6:c4205, 932806d8-5f5d-4457-8f95-c9b7f9036eae:c4205]
2019-08-07 03:27:31,012 INFO  client.GrpcClientProtocolClient (GrpcClientProtocolClient.java:onNext(255)) - client-23C834B07313->edccc055-c3f5-47df-b30f-76e8836f4c59: receive RaftClientReply:client-23C834B07313->edccc055-c3f5-47df-b30f-76e8836f4c59@group-ED32739C8BBB, cid=2817, SUCCESS, logIndex=4211, commits[edccc055-c3f5-47df-b30f-76e8836f4c59:c4212, f9704f82-adf1-457c-ad29-9b573bc67fa6:c4210, 932806d8-5f5d-4457-8f95-c9b7f9036eae:c4210]
2019-08-07 03:27:31,013 INFO  client.GrpcClientProtocolClient (GrpcClientProtocolClient.java:onNext(255)) - client-23C834B07313->edccc055-c3f5-47df-b30f-76e8836f4c59: receive RaftClientReply:client-23C834B07313->edccc055-c3f5-47df-b30f-76e8836f4c59@group-ED32739C8BBB, cid=2818, SUCCESS, logIndex=4212, commits[edccc055-c3f5-47df-b30f-76e8836f4c59:c4212, f9704f82-adf1-457c-ad29-9b573bc67fa6:c4210, 932806d8-5f5d-4457-8f95-c9b7f9036eae:c4210]
2019-08-07 03:27:31,039 INFO  client.GrpcClientProtocolClient (GrpcClientProtocolClient.java:onNext(255)) - client-23C834B07313->edccc055-c3f5-47df-b30f-76e8836f4c59: receive RaftClientReply:client-23C834B07313->edccc055-c3f5-47df-b30f-76e8836f4c59@group-ED32739C8BBB, cid=2819, SUCCESS, logIndex=4215, commits[edccc055-c3f5-47df-b30f-76e8836f4c59:c4216, f9704f82-adf1-457c-ad29-9b573bc67fa6:c4212, 932806d8-5f5d-4457-8f95-c9b7f9036eae:c4212]
2019-08-07 03:27:31,039 INFO  client.GrpcClientProtocolClient (GrpcClientProtocolClient.java:onNext(255)) - client-23C834B07313->edccc055-c3f5-47df-b30f-76e8836f4c59: receive RaftClientReply:client-23C834B07313->edccc055-c3f5-47df-b30f-76e8836f4c59@group-ED32739C8BBB, cid=2820, SUCCESS, logIndex=4216, commits[edccc055-c3f5-47df-b30f-76e8836f4c59:c4216, f9704f82-adf1-457c-ad29-9b573bc67fa6:c4212, 932806d8-5f5d-4457-8f95-c9b7f9036eae:c4212]
2019-08-07 03:27:31,063 INFO  client.GrpcClientProtocolClient (GrpcClientProtocolClient.java:onNext(255)) - client-23C834B07313->edccc055-c3f5-47df-b30f-76e8836f4c59: receive RaftClientReply:client-23C834B07313->edccc055-c3f5-47df-b30f-76e8836f4c59@group-ED32739C8BBB, cid=2821, SUCCESS, logIndex=0, commits[edccc055-c3f5-47df-b30f-76e8836f4c59:c4217, f9704f82-adf1-457c-ad29-9b573bc67fa6:c4216, 932806d8-5f5d-4457-8f95-c9b7f9036eae:c4216]
2019-08-07 03:27:31,095 INFO  client.GrpcClientProtocolClient (GrpcClientProtocolClient.java:onNext(255)) - client-23C834B07313->edccc055-c3f5-47df-b30f-76e8836f4c59: receive RaftClientReply:client-23C834B07313->edccc055-c3f5-47df-b30f-76e8836f4c59@group-ED32739C8BBB, cid=2822, SUCCESS, logIndex=4219, commits[edccc055-c3f5-47df-b30f-76e8836f4c59:c4220, f9704f82-adf1-457c-ad29-9b573bc67fa6:c4218, 932806d8-5f5d-4457-8f95-c9b7f9036eae:c4218]
2019-08-07 03:27:31,096 INFO  client.GrpcClientProtocolClient (GrpcClientProtocolClient.java:onNext(255)) - client-23C834B07313->edccc055-c3f5-47df-b30f-76e8836f4c59: receive RaftClientReply:client-23C834B07313->edccc055-c3f5-47df-b30f-76e8836f4c59@group-ED32739C8BBB, cid=2823, SUCCESS, logIndex=4220, commits[edccc055-c3f5-47df-b30f-76e8836f4c59:c4220, f9704f82-adf1-457c-ad29-9b573bc67fa6:c4218, 932806d8-5f5d-4457-8f95-c9b7f9036eae:c4218]
2019-08-07 03:27:31,105 INFO  client.GrpcClientProtocolClient (GrpcClientProtocolClient.java:onNext(255)) - client-23C834B07313->edccc055-c3f5-47df-b30f-76e8836f4c59: receive RaftClientReply:client-23C834B07313->edccc055-c3f5-47df-b30f-76e8836f4c59@group-ED32739C8BBB, cid=2824, SUCCESS, logIndex=4221, commits[edccc055-c3f5-47df-b30f-76e8836f4c59:c4222, f9704f82-adf1-457c-ad29-9b573bc67fa6:c4218, 932806d8-5f5d-4457-8f95-c9b7f9036eae:c4218]
2019-08-07 03:27:31,105 INFO  client.GrpcClientProtocolClient (GrpcClientProtocolClient.java:onNext(255)) - client-23C834B07313->edccc055-c3f5-47df-b30f-76e8836f4c59: receive RaftClientReply:client-23C834B07313->edccc055-c3f5-47df-b30f-76e8836f4c59@group-ED32739C8BBB, cid=2825, SUCCESS, logIndex=4222, commits[edccc055-c3f5-47df-b30f-76e8836f4c59:c4222, f9704f82-adf1-457c-ad29-9b573bc67fa6:c4218, 932806d8-5f5d-4457-8f95-c9b7f9036eae:c4218]
2019-08-07 03:27:31,120 INFO  client.GrpcClientProtocolClient (GrpcClientProtocolClient.java:onNext(255)) - client-23C834B07313->edccc055-c3f5-47df-b30f-76e8836f4c59: receive RaftClientReply:client-23C834B07313->edccc055-c3f5-47df-b30f-76e8836f4c59@group-ED32739C8BBB, cid=2826, SUCCESS, logIndex=0, commits[edccc055-c3f5-47df-b30f-76e8836f4c59:c4224, f9704f82-adf1-457c-ad29-9b573bc67fa6:c4220, 932806d8-5f5d-4457-8f95-c9b7f9036eae:c4220]
2019-08-07 03:27:31,147 INFO  client.GrpcClientProtocolClient (GrpcClientProtocolClient.java:onNext(255)) - client-23C834B07313->edccc055-c3f5-47df-b30f-76e8836f4c59: receive RaftClientReply:client-23C834B07313->edccc055-c3f5-47df-b30f-76e8836f4c59@group-ED32739C8BBB, cid=2827, SUCCESS, logIndex=4226, commits[edccc055-c3f5-47df-b30f-76e8836f4c59:c4227, f9704f82-adf1-457c-ad29-9b573bc67fa6:c4225, 932806d8-5f5d-4457-8f95-c9b7f9036eae:c4222]
2019-08-07 03:27:31,147 INFO  client.GrpcClientProtocolClient (GrpcClientProtocolClient.java:onNext(255)) - client-23C834B07313->edccc055-c3f5-47df-b30f-76e8836f4c59: receive RaftClientReply:client-23C834B07313->edccc055-c3f5-47df-b30f-76e8836f4c59@group-ED32739C8BBB, cid=2828, SUCCESS, logIndex=4227, commits[edccc055-c3f5-47df-b30f-76e8836f4c59:c4227, f9704f82-adf1-457c-ad29-9b573bc67fa6:c4225, 932806d8-5f5d-4457-8f95-c9b7f9036eae:c4225]
2019-08-07 03:27:31,178 INFO  client.GrpcClientProtocolClient (GrpcClientProtocolClient.java:onNext(255)) - client-23C834B07313->edccc055-c3f5-47df-b30f-76e8836f4c59: receive RaftClientReply:client-23C834B07313->edccc055-c3f5-47df-b30f-76e8836f4c59@group-ED32739C8BBB, cid=2829, SUCCESS, logIndex=4230, commits[edccc055-c3f5-47df-b30f-76e8836f4c59:c4231, f9704f82-adf1-457c-ad29-9b573bc67fa6:c4227, 932806d8-5f5d-4457-8f95-c9b7f9036eae:c4227]
2019-08-07 03:27:31,179 INFO  client.GrpcClientProtocolClient (GrpcClientProtocolClient.java:onNext(255)) - client-23C834B07313->edccc055-c3f5-47df-b30f-76e8836f4c59: receive RaftClientReply:client-23C834B07313->edccc055-c3f5-47df-b30f-76e8836f4c59@group-ED32739C8BBB, cid=2830, SUCCESS, logIndex=4231, commits[edccc055-c3f5-47df-b30f-76e8836f4c59:c4231, f9704f82-adf1-457c-ad29-9b573bc67fa6:c4227, 932806d8-5f5d-4457-8f95-c9b7f9036eae:c4227]
2019-08-07 03:27:31,192 INFO  client.GrpcClientProtocolClient (GrpcClientProtocolClient.java:onNext(255)) - client-23C834B07313->edccc055-c3f5-47df-b30f-76e8836f4c59: receive RaftClientReply:client-23C834B07313->edccc055-c3f5-47df-b30f-76e8836f4c59@group-ED32739C8BBB, cid=2831, SUCCESS, logIndex=0, commits[edccc055-c3f5-47df-b30f-76e8836f4c59:c4232, f9704f82-adf1-457c-ad29-9b573bc67fa6:c4231, 932806d8-5f5d-4457-8f95-c9b7f9036eae:c4231]
2019-08-07 03:27:31,227 INFO  client.GrpcClientProtocolClient (GrpcClientProtocolClient.java:onNext(255)) - client-23C834B07313->edccc055-c3f5-47df-b30f-76e8836f4c59: receive RaftClientReply:client-23C834B07313->edccc055-c3f5-47df-b30f-76e8836f4c59@group-ED32739C8BBB, cid=2832, SUCCESS, logIndex=4234, commits[edccc055-c3f5-47df-b30f-76e8836f4c59:c4235, f9704f82-adf1-457c-ad29-9b573bc67fa6:c4233, 932806d8-5f5d-4457-8f95-c9b7f9036eae:c4233]
2019-08-07 03:27:31,228 INFO  client.GrpcClientProtocolClient (GrpcClientProtocolClient.java:onNext(255)) - client-23C834B07313->edccc055-c3f5-47df-b30f-76e8836f4c59: receive RaftClientReply:client-23C834B07313->edccc055-c3f5-47df-b30f-76e8836f4c59@group-ED32739C8BBB, cid=2833, SUCCESS, logIndex=4235, commits[edccc055-c3f5-47df-b30f-76e8836f4c59:c4235, f9704f82-adf1-457c-ad29-9b573bc67fa6:c4233, 932806d8-5f5d-4457-8f95-c9b7f9036eae:c4233]
2019-08-07 03:27:31,239 INFO  client.GrpcClientProtocolClient (GrpcClientProtocolClient.java:onNext(255)) - client-23C834B07313->edccc055-c3f5-47df-b30f-76e8836f4c59: receive RaftClientReply:client-23C834B07313->edccc055-c3f5-47df-b30f-76e8836f4c59@group-ED32739C8BBB, cid=2834, SUCCESS, logIndex=4236, commits[edccc055-c3f5-47df-b30f-76e8836f4c59:c4236, f9704f82-adf1-457c-ad29-9b573bc67fa6:c4233, 932806d8-5f5d-4457-8f95-c9b7f9036eae:c4233]
2019-08-07 03:27:31,239 INFO  client.GrpcClientProtocolClient (GrpcClientProtocolClient.java:onNext(255)) - client-23C834B07313->edccc055-c3f5-47df-b30f-76e8836f4c59: receive RaftClientReply:client-23C834B07313->edccc055-c3f5-47df-b30f-76e8836f4c59@group-ED32739C8BBB, cid=2835, SUCCESS, logIndex=4237, commits[edccc055-c3f5-47df-b30f-76e8836f4c59:c4237, f9704f82-adf1-457c-ad29-9b573bc67fa6:c4233, 932806d8-5f5d-4457-8f95-c9b7f9036eae:c4233]
2019-08-07 03:27:31,242 INFO  client.GrpcClientProtocolClient (GrpcClientProtocolClient.java:onNext(255)) - client-23C834B07313->edccc055-c3f5-47df-b30f-76e8836f4c59: receive RaftClientReply:client-23C834B07313->edccc055-c3f5-47df-b30f-76e8836f4c59@group-ED32739C8BBB, cid=2836, SUCCESS, logIndex=0, commits[edccc055-c3f5-47df-b30f-76e8836f4c59:c4239, f9704f82-adf1-457c-ad29-9b573bc67fa6:c4235, 932806d8-5f5d-4457-8f95-c9b7f9036eae:c4235]
2019-08-07 03:27:31,364 INFO  client.GrpcClientProtocolClient (GrpcClientProtocolClient.java:onNext(255)) - client-23C834B07313->edccc055-c3f5-47df-b30f-76e8836f4c59: receive RaftClientReply:client-23C834B07313->edccc055-c3f5-47df-b30f-76e8836f4c59@group-ED32739C8BBB, cid=2837, SUCCESS, logIndex=4242, commits[edccc055-c3f5-47df-b30f-76e8836f4c59:c4243, f9704f82-adf1-457c-ad29-9b573bc67fa6:c4241, 932806d8-5f5d-4457-8f95-c9b7f9036eae:c4237]
2019-08-07 03:27:31,364 INFO  client.GrpcClientProtocolClient (GrpcClientProtocolClient.java:onNext(255)) - client-23C834B07313->edccc055-c3f5-47df-b30f-76e8836f4c59: receive RaftClientReply:client-23C834B07313->edccc055-c3f5-47df-b30f-76e8836f4c59@group-ED32739C8BBB, cid=2838, SUCCESS, logIndex=4243, commits[edccc055-c3f5-47df-b30f-76e8836f4c59:c4243, f9704f82-adf1-457c-ad29-9b573bc67fa6:c4241, 932806d8-5f5d-4457-8f95-c9b7f9036eae:c4241]
2019-08-07 03:27:31,380 INFO  client.GrpcClientProtocolClient (GrpcClientProtocolClient.java:onNext(255)) - client-23C834B07313->edccc055-c3f5-47df-b30f-76e8836f4c59: receive RaftClientReply:client-23C834B07313->edccc055-c3f5-47df-b30f-76e8836f4c59@group-ED32739C8BBB, cid=2839, SUCCESS, logIndex=4246, commits[edccc055-c3f5-47df-b30f-76e8836f4c59:c4247, f9704f82-adf1-457c-ad29-9b573bc67fa6:c4244, 932806d8-5f5d-4457-8f95-c9b7f9036eae:c4243]
2019-08-07 03:27:31,381 INFO  client.GrpcClientProtocolClient (GrpcClientProtocolClient.java:onNext(255)) - client-23C834B07313->edccc055-c3f5-47df-b30f-76e8836f4c59: receive RaftClientReply:client-23C834B07313->edccc055-c3f5-47df-b30f-76e8836f4c59@group-ED32739C8BBB, cid=2840, SUCCESS, logIndex=4247, commits[edccc055-c3f5-47df-b30f-76e8836f4c59:c4247, f9704f82-adf1-457c-ad29-9b573bc67fa6:c4244, 932806d8-5f5d-4457-8f95-c9b7f9036eae:c4243]
2019-08-07 03:27:31,395 INFO  client.GrpcClientProtocolClient (GrpcClientProtocolClient.java:onNext(255)) - client-23C834B07313->edccc055-c3f5-47df-b30f-76e8836f4c59: receive RaftClientReply:client-23C834B07313->edccc055-c3f5-47df-b30f-76e8836f4c59@group-ED32739C8BBB, cid=2841, SUCCESS, logIndex=0, commits[edccc055-c3f5-47df-b30f-76e8836f4c59:c4249, f9704f82-adf1-457c-ad29-9b573bc67fa6:c4247, 932806d8-5f5d-4457-8f95-c9b7f9036eae:c4247]
 0.00% |█                                                                                                    |  0/1 Time: 0:00:272019-08-07 03:27:31,437 INFO  client.GrpcClientProtocolClient (GrpcClientProtocolClient.java:onNext(255)) - client-23C834B07313->edccc055-c3f5-47df-b30f-76e8836f4c59: receive RaftClientReply:client-23C834B07313->edccc055-c3f5-47df-b30f-76e8836f4c59@group-ED32739C8BBB, cid=2842, SUCCESS, logIndex=4250, commits[edccc055-c3f5-47df-b30f-76e8836f4c59:c4251, f9704f82-adf1-457c-ad29-9b573bc67fa6:c4249, 932806d8-5f5d-4457-8f95-c9b7f9036eae:c4249]
2019-08-07 03:27:31,438 INFO  client.GrpcClientProtocolClient (GrpcClientProtocolClient.java:onNext(255)) - client-23C834B07313->edccc055-c3f5-47df-b30f-76e8836f4c59: receive RaftClientReply:client-23C834B07313->edccc055-c3f5-47df-b30f-76e8836f4c59@group-ED32739C8BBB, cid=2843, SUCCESS, logIndex=4251, commits[edccc055-c3f5-47df-b30f-76e8836f4c59:c4251, f9704f82-adf1-457c-ad29-9b573bc67fa6:c4249, 932806d8-5f5d-4457-8f95-c9b7f9036eae:c4249]
2019-08-07 03:27:31,438 INFO  client.GrpcClientProtocolClient (GrpcClientProtocolClient.java:onNext(255)) - client-23C834B07313->edccc055-c3f5-47df-b30f-76e8836f4c59: receive RaftClientReply:client-23C834B07313->edccc055-c3f5-47df-b30f-76e8836f4c59@group-ED32739C8BBB, cid=2844, SUCCESS, logIndex=4252, commits[edccc055-c3f5-47df-b30f-76e8836f4c59:c4253, f9704f82-adf1-457c-ad29-9b573bc67fa6:c4249, 932806d8-5f5d-4457-8f95-c9b7f9036eae:c4249]
2019-08-07 03:27:31,439 INFO  client.GrpcClientProtocolClient (GrpcClientProtocolClient.java:onNext(255)) - client-23C834B07313->edccc055-c3f5-47df-b30f-76e8836f4c59: receive RaftClientReply:client-23C834B07313->edccc055-c3f5-47df-b30f-76e8836f4c59@group-ED32739C8BBB, cid=2845, SUCCESS, logIndex=4253, commits[edccc055-c3f5-47df-b30f-76e8836f4c59:c4253, f9704f82-adf1-457c-ad29-9b573bc67fa6:c4249, 932806d8-5f5d-4457-8f95-c9b7f9036eae:c4249]
2019-08-07 03:27:31,443 INFO  client.GrpcClientProtocolClient (GrpcClientProtocolClient.java:onNext(255)) - client-23C834B07313->edccc055-c3f5-47df-b30f-76e8836f4c59: receive RaftClientReply:client-23C834B07313->edccc055-c3f5-47df-b30f-76e8836f4c59@group-ED32739C8BBB, cid=2846, SUCCESS, logIndex=0, commits[edccc055-c3f5-47df-b30f-76e8836f4c59:c4257, f9704f82-adf1-457c-ad29-9b573bc67fa6:c4251, 932806d8-5f5d-4457-8f95-c9b7f9036eae:c4253]
2019-08-07 03:27:31,463 INFO  client.GrpcClientProtocolClient (GrpcClientProtocolClient.java:onNext(255)) - client-23C834B07313->edccc055-c3f5-47df-b30f-76e8836f4c59: receive RaftClientReply:client-23C834B07313->edccc055-c3f5-47df-b30f-76e8836f4c59@group-ED32739C8BBB, cid=2847, SUCCESS, logIndex=4258, commits[edccc055-c3f5-47df-b30f-76e8836f4c59:c4259, f9704f82-adf1-457c-ad29-9b573bc67fa6:c4257, 932806d8-5f5d-4457-8f95-c9b7f9036eae:c4257]
2019-08-07 03:27:31,463 INFO  client.GrpcClientProtocolClient (GrpcClientProtocolClient.java:onNext(255)) - client-23C834B07313->edccc055-c3f5-47df-b30f-76e8836f4c59: receive RaftClientReply:client-23C834B07313->edccc055-c3f5-47df-b30f-76e8836f4c59@group-ED32739C8BBB, cid=2848, SUCCESS, logIndex=4259, commits[edccc055-c3f5-47df-b30f-76e8836f4c59:c4259, f9704f82-adf1-457c-ad29-9b573bc67fa6:c4257, 932806d8-5f5d-4457-8f95-c9b7f9036eae:c4257]
2019-08-07 03:27:31,476 INFO  client.GrpcClientProtocolClient (GrpcClientProtocolClient.java:onNext(255)) - client-23C834B07313->edccc055-c3f5-47df-b30f-76e8836f4c59: receive RaftClientReply:client-23C834B07313->edccc055-c3f5-47df-b30f-76e8836f4c59@group-ED32739C8BBB, cid=2849, SUCCESS, logIndex=4262, commits[edccc055-c3f5-47df-b30f-76e8836f4c59:c4263, f9704f82-adf1-457c-ad29-9b573bc67fa6:c4259, 932806d8-5f5d-4457-8f95-c9b7f9036eae:c4259]
2019-08-07 03:27:31,477 INFO  client.GrpcClientProtocolClient (GrpcClientProtocolClient.java:onNext(255)) - client-23C834B07313->edccc055-c3f5-47df-b30f-76e8836f4c59: receive RaftClientReply:client-23C834B07313->edccc055-c3f5-47df-b30f-76e8836f4c59@group-ED32739C8BBB, cid=2850, SUCCESS, logIndex=4263, commits[edccc055-c3f5-47df-b30f-76e8836f4c59:c4263, f9704f82-adf1-457c-ad29-9b573bc67fa6:c4259, 932806d8-5f5d-4457-8f95-c9b7f9036eae:c4259]
2019-08-07 03:27:31,488 INFO  client.GrpcClientProtocolClient (GrpcClientProtocolClient.java:onNext(255)) - client-23C834B07313->edccc055-c3f5-47df-b30f-76e8836f4c59: receive RaftClientReply:client-23C834B07313->edccc055-c3f5-47df-b30f-76e8836f4c59@group-ED32739C8BBB, cid=2851, SUCCESS, logIndex=0, commits[edccc055-c3f5-47df-b30f-76e8836f4c59:c4264, f9704f82-adf1-457c-ad29-9b573bc67fa6:c4263, 932806d8-5f5d-4457-8f95-c9b7f9036eae:c4263]
2019-08-07 03:27:31,517 INFO  client.GrpcClientProtocolClient (GrpcClientProtocolClient.java:onNext(255)) - client-23C834B07313->edccc055-c3f5-47df-b30f-76e8836f4c59: receive RaftClientReply:client-23C834B07313->edccc055-c3f5-47df-b30f-76e8836f4c59@group-ED32739C8BBB, cid=2852, SUCCESS, logIndex=4266, commits[edccc055-c3f5-47df-b30f-76e8836f4c59:c4267, f9704f82-adf1-457c-ad29-9b573bc67fa6:c4265, 932806d8-5f5d-4457-8f95-c9b7f9036eae:c4265]
2019-08-07 03:27:31,518 INFO  client.GrpcClientProtocolClient (GrpcClientProtocolClient.java:onNext(255)) - client-23C834B07313->edccc055-c3f5-47df-b30f-76e8836f4c59: receive RaftClientReply:client-23C834B07313->edccc055-c3f5-47df-b30f-76e8836f4c59@group-ED32739C8BBB, cid=2853, SUCCESS, logIndex=4267, commits[edccc055-c3f5-47df-b30f-76e8836f4c59:c4269, f9704f82-adf1-457c-ad29-9b573bc67fa6:c4265, 932806d8-5f5d-4457-8f95-c9b7f9036eae:c4265]
2019-08-07 03:27:31,518 INFO  client.GrpcClientProtocolClient (GrpcClientProtocolClient.java:onNext(255)) - client-23C834B07313->edccc055-c3f5-47df-b30f-76e8836f4c59: receive RaftClientReply:client-23C834B07313->edccc055-c3f5-47df-b30f-76e8836f4c59@group-ED32739C8BBB, cid=2854, SUCCESS, logIndex=4268, commits[edccc055-c3f5-47df-b30f-76e8836f4c59:c4269, f9704f82-adf1-457c-ad29-9b573bc67fa6:c4265, 932806d8-5f5d-4457-8f95-c9b7f9036eae:c4265]
2019-08-07 03:27:31,518 INFO  client.GrpcClientProtocolClient (GrpcClientProtocolClient.java:onNext(255)) - client-23C834B07313->edccc055-c3f5-47df-b30f-76e8836f4c59: receive RaftClientReply:client-23C834B07313->edccc055-c3f5-47df-b30f-76e8836f4c59@group-ED32739C8BBB, cid=2855, SUCCESS, logIndex=4269, commits[edccc055-c3f5-47df-b30f-76e8836f4c59:c4269, f9704f82-adf1-457c-ad29-9b573bc67fa6:c4265, 932806d8-5f5d-4457-8f95-c9b7f9036eae:c4265]
2019-08-07 03:27:31,519 INFO  client.GrpcClientProtocolClient (GrpcClientProtocolClient.java:onNext(255)) - client-23C834B07313->edccc055-c3f5-47df-b30f-76e8836f4c59: receive RaftClientReply:client-23C834B07313->edccc055-c3f5-47df-b30f-76e8836f4c59@group-ED32739C8BBB, cid=2856, SUCCESS, logIndex=0, commits[edccc055-c3f5-47df-b30f-76e8836f4c59:c4273, f9704f82-adf1-457c-ad29-9b573bc67fa6:c4269, 932806d8-5f5d-4457-8f95-c9b7f9036eae:c4267]
2019-08-07 03:27:31,539 INFO  client.GrpcClientProtocolClient (GrpcClientProtocolClient.java:onNext(255)) - client-23C834B07313->edccc055-c3f5-47df-b30f-76e8836f4c59: receive RaftClientReply:client-23C834B07313->edccc055-c3f5-47df-b30f-76e8836f4c59@group-ED32739C8BBB, cid=2857, SUCCESS, logIndex=4274, commits[edccc055-c3f5-47df-b30f-76e8836f4c59:c4275, f9704f82-adf1-457c-ad29-9b573bc67fa6:c4273, 932806d8-5f5d-4457-8f95-c9b7f9036eae:c4273]
2019-08-07 03:27:31,540 INFO  client.GrpcClientProtocolClient (GrpcClientProtocolClient.java:onNext(255)) - client-23C834B07313->edccc055-c3f5-47df-b30f-76e8836f4c59: receive RaftClientReply:client-23C834B07313->edccc055-c3f5-47df-b30f-76e8836f4c59@group-ED32739C8BBB, cid=2858, SUCCESS, logIndex=4275, commits[edccc055-c3f5-47df-b30f-76e8836f4c59:c4275, f9704f82-adf1-457c-ad29-9b573bc67fa6:c4273, 932806d8-5f5d-4457-8f95-c9b7f9036eae:c4273]
2019-08-07 03:27:31,553 INFO  client.GrpcClientProtocolClient (GrpcClientProtocolClient.java:onNext(255)) - client-23C834B07313->edccc055-c3f5-47df-b30f-76e8836f4c59: receive RaftClientReply:client-23C834B07313->edccc055-c3f5-47df-b30f-76e8836f4c59@group-ED32739C8BBB, cid=2859, SUCCESS, logIndex=4278, commits[edccc055-c3f5-47df-b30f-76e8836f4c59:c4279, f9704f82-adf1-457c-ad29-9b573bc67fa6:c4275, 932806d8-5f5d-4457-8f95-c9b7f9036eae:c4275]
2019-08-07 03:27:31,554 INFO  client.GrpcClientProtocolClient (GrpcClientProtocolClient.java:onNext(255)) - client-23C834B07313->edccc055-c3f5-47df-b30f-76e8836f4c59: receive RaftClientReply:client-23C834B07313->edccc055-c3f5-47df-b30f-76e8836f4c59@group-ED32739C8BBB, cid=2860, SUCCESS, logIndex=4279, commits[edccc055-c3f5-47df-b30f-76e8836f4c59:c4279, f9704f82-adf1-457c-ad29-9b573bc67fa6:c4275, 932806d8-5f5d-4457-8f95-c9b7f9036eae:c4275]
2019-08-07 03:27:31,568 INFO  client.GrpcClientProtocolClient (GrpcClientProtocolClient.java:onNext(255)) - client-23C834B07313->edccc055-c3f5-47df-b30f-76e8836f4c59: receive RaftClientReply:client-23C834B07313->edccc055-c3f5-47df-b30f-76e8836f4c59@group-ED32739C8BBB, cid=2861, SUCCESS, logIndex=0, commits[edccc055-c3f5-47df-b30f-76e8836f4c59:c4281, f9704f82-adf1-457c-ad29-9b573bc67fa6:c4279, 932806d8-5f5d-4457-8f95-c9b7f9036eae:c4279]
2019-08-07 03:27:31,601 INFO  client.GrpcClientProtocolClient (GrpcClientProtocolClient.java:onNext(255)) - client-23C834B07313->edccc055-c3f5-47df-b30f-76e8836f4c59: receive RaftClientReply:client-23C834B07313->edccc055-c3f5-47df-b30f-76e8836f4c59@group-ED32739C8BBB, cid=2862, SUCCESS, logIndex=4282, commits[edccc055-c3f5-47df-b30f-76e8836f4c59:c4283, f9704f82-adf1-457c-ad29-9b573bc67fa6:c4281, 932806d8-5f5d-4457-8f95-c9b7f9036eae:c4281]
2019-08-07 03:27:31,601 INFO  client.GrpcClientProtocolClient (GrpcClientProtocolClient.java:onNext(255)) - client-23C834B07313->edccc055-c3f5-47df-b30f-76e8836f4c59: receive RaftClientReply:client-23C834B07313->edccc055-c3f5-47df-b30f-76e8836f4c59@group-ED32739C8BBB, cid=2863, SUCCESS, logIndex=4283, commits[edccc055-c3f5-47df-b30f-76e8836f4c59:c4285, f9704f82-adf1-457c-ad29-9b573bc67fa6:c4281, 932806d8-5f5d-4457-8f95-c9b7f9036eae:c4281]
2019-08-07 03:27:31,601 INFO  client.GrpcClientProtocolClient (GrpcClientProtocolClient.java:onNext(255)) - client-23C834B07313->edccc055-c3f5-47df-b30f-76e8836f4c59: receive RaftClientReply:client-23C834B07313->edccc055-c3f5-47df-b30f-76e8836f4c59@group-ED32739C8BBB, cid=2864, SUCCESS, logIndex=4284, commits[edccc055-c3f5-47df-b30f-76e8836f4c59:c4285, f9704f82-adf1-457c-ad29-9b573bc67fa6:c4281, 932806d8-5f5d-4457-8f95-c9b7f9036eae:c4281]
2019-08-07 03:27:31,601 INFO  client.GrpcClientProtocolClient (GrpcClientProtocolClient.java:onNext(255)) - client-23C834B07313->edccc055-c3f5-47df-b30f-76e8836f4c59: receive RaftClientReply:client-23C834B07313->edccc055-c3f5-47df-b30f-76e8836f4c59@group-ED32739C8BBB, cid=2865, SUCCESS, logIndex=4285, commits[edccc055-c3f5-47df-b30f-76e8836f4c59:c4285, f9704f82-adf1-457c-ad29-9b573bc67fa6:c4281, 932806d8-5f5d-4457-8f95-c9b7f9036eae:c4281]
2019-08-07 03:27:31,615 INFO  client.GrpcClientProtocolClient (GrpcClientProtocolClient.java:onNext(255)) - client-23C834B07313->edccc055-c3f5-47df-b30f-76e8836f4c59: receive RaftClientReply:client-23C834B07313->edccc055-c3f5-47df-b30f-76e8836f4c59@group-ED32739C8BBB, cid=2866, SUCCESS, logIndex=0, commits[edccc055-c3f5-47df-b30f-76e8836f4c59:c4289, f9704f82-adf1-457c-ad29-9b573bc67fa6:c4283, 932806d8-5f5d-4457-8f95-c9b7f9036eae:c4285]
2019-08-07 03:27:31,634 INFO  client.GrpcClientProtocolClient (GrpcClientProtocolClient.java:onNext(255)) - client-23C834B07313->edccc055-c3f5-47df-b30f-76e8836f4c59: receive RaftClientReply:client-23C834B07313->edccc055-c3f5-47df-b30f-76e8836f4c59@group-ED32739C8BBB, cid=2867, SUCCESS, logIndex=4290, commits[edccc055-c3f5-47df-b30f-76e8836f4c59:c4291, f9704f82-adf1-457c-ad29-9b573bc67fa6:c4289, 932806d8-5f5d-4457-8f95-c9b7f9036eae:c4289]
2019-08-07 03:27:31,634 INFO  client.GrpcClientProtocolClient (GrpcClientProtocolClient.java:onNext(255)) - client-23C834B07313->edccc055-c3f5-47df-b30f-76e8836f4c59: receive RaftClientReply:client-23C834B07313->edccc055-c3f5-47df-b30f-76e8836f4c59@group-ED32739C8BBB, cid=2868, SUCCESS, logIndex=4291, commits[edccc055-c3f5-47df-b30f-76e8836f4c59:c4291, f9704f82-adf1-457c-ad29-9b573bc67fa6:c4289, 932806d8-5f5d-4457-8f95-c9b7f9036eae:c4289]
2019-08-07 03:27:31,659 INFO  client.GrpcClientProtocolClient (GrpcClientProtocolClient.java:onNext(255)) - client-23C834B07313->edccc055-c3f5-47df-b30f-76e8836f4c59: receive RaftClientReply:client-23C834B07313->edccc055-c3f5-47df-b30f-76e8836f4c59@group-ED32739C8BBB, cid=2869, SUCCESS, logIndex=4294, commits[edccc055-c3f5-47df-b30f-76e8836f4c59:c4294, f9704f82-adf1-457c-ad29-9b573bc67fa6:c4291, 932806d8-5f5d-4457-8f95-c9b7f9036eae:c4291]
2019-08-07 03:27:31,660 INFO  client.GrpcClientProtocolClient (GrpcClientProtocolClient.java:onNext(255)) - client-23C834B07313->edccc055-c3f5-47df-b30f-76e8836f4c59: receive RaftClientReply:client-23C834B07313->edccc055-c3f5-47df-b30f-76e8836f4c59@group-ED32739C8BBB, cid=2870, SUCCESS, logIndex=4295, commits[edccc055-c3f5-47df-b30f-76e8836f4c59:c4295, f9704f82-adf1-457c-ad29-9b573bc67fa6:c4291, 932806d8-5f5d-4457-8f95-c9b7f9036eae:c4291]
2019-08-07 03:27:31,668 INFO  client.GrpcClientProtocolClient (GrpcClientProtocolClient.java:onNext(255)) - client-23C834B07313->edccc055-c3f5-47df-b30f-76e8836f4c59: receive RaftClientReply:client-23C834B07313->edccc055-c3f5-47df-b30f-76e8836f4c59@group-ED32739C8BBB, cid=2871, SUCCESS, logIndex=0, commits[edccc055-c3f5-47df-b30f-76e8836f4c59:c4297, f9704f82-adf1-457c-ad29-9b573bc67fa6:c4295, 932806d8-5f5d-4457-8f95-c9b7f9036eae:c4295]
2019-08-07 03:27:31,700 INFO  client.GrpcClientProtocolClient (GrpcClientProtocolClient.java:onNext(255)) - client-23C834B07313->edccc055-c3f5-47df-b30f-76e8836f4c59: receive RaftClientReply:client-23C834B07313->edccc055-c3f5-47df-b30f-76e8836f4c59@group-ED32739C8BBB, cid=2872, SUCCESS, logIndex=4298, commits[edccc055-c3f5-47df-b30f-76e8836f4c59:c4300, f9704f82-adf1-457c-ad29-9b573bc67fa6:c4297, 932806d8-5f5d-4457-8f95-c9b7f9036eae:c4297]
2019-08-07 03:27:31,701 INFO  client.GrpcClientProtocolClient (GrpcClientProtocolClient.java:onNext(255)) - client-23C834B07313->edccc055-c3f5-47df-b30f-76e8836f4c59: receive RaftClientReply:client-23C834B07313->edccc055-c3f5-47df-b30f-76e8836f4c59@group-ED32739C8BBB, cid=2873, SUCCESS, logIndex=4299, commits[edccc055-c3f5-47df-b30f-76e8836f4c59:c4301, f9704f82-adf1-457c-ad29-9b573bc67fa6:c4297, 932806d8-5f5d-4457-8f95-c9b7f9036eae:c4297]
2019-08-07 03:27:31,701 INFO  client.GrpcClientProtocolClient (GrpcClientProtocolClient.java:onNext(255)) - client-23C834B07313->edccc055-c3f5-47df-b30f-76e8836f4c59: receive RaftClientReply:client-23C834B07313->edccc055-c3f5-47df-b30f-76e8836f4c59@group-ED32739C8BBB, cid=2874, SUCCESS, logIndex=4300, commits[edccc055-c3f5-47df-b30f-76e8836f4c59:c4301, f9704f82-adf1-457c-ad29-9b573bc67fa6:c4297, 932806d8-5f5d-4457-8f95-c9b7f9036eae:c4297]
2019-08-07 03:27:31,702 INFO  client.GrpcClientProtocolClient (GrpcClientProtocolClient.java:onNext(255)) - client-23C834B07313->edccc055-c3f5-47df-b30f-76e8836f4c59: receive RaftClientReply:client-23C834B07313->edccc055-c3f5-47df-b30f-76e8836f4c59@group-ED32739C8BBB, cid=2875, SUCCESS, logIndex=4301, commits[edccc055-c3f5-47df-b30f-76e8836f4c59:c4301, f9704f82-adf1-457c-ad29-9b573bc67fa6:c4297, 932806d8-5f5d-4457-8f95-c9b7f9036eae:c4297]
2019-08-07 03:27:31,704 INFO  client.GrpcClientProtocolClient (GrpcClientProtocolClient.java:onNext(255)) - client-23C834B07313->edccc055-c3f5-47df-b30f-76e8836f4c59: receive RaftClientReply:client-23C834B07313->edccc055-c3f5-47df-b30f-76e8836f4c59@group-ED32739C8BBB, cid=2876, SUCCESS, logIndex=0, commits[edccc055-c3f5-47df-b30f-76e8836f4c59:c4303, f9704f82-adf1-457c-ad29-9b573bc67fa6:c4299, 932806d8-5f5d-4457-8f95-c9b7f9036eae:c4299]
2019-08-07 03:27:31,722 INFO  client.GrpcClientProtocolClient (GrpcClientProtocolClient.java:onNext(255)) - client-23C834B07313->edccc055-c3f5-47df-b30f-76e8836f4c59: receive RaftClientReply:client-23C834B07313->edccc055-c3f5-47df-b30f-76e8836f4c59@group-ED32739C8BBB, cid=2877, SUCCESS, logIndex=4306, commits[edccc055-c3f5-47df-b30f-76e8836f4c59:c4307, f9704f82-adf1-457c-ad29-9b573bc67fa6:c4305, 932806d8-5f5d-4457-8f95-c9b7f9036eae:c4305]
2019-08-07 03:27:31,723 INFO  client.GrpcClientProtocolClient (GrpcClientProtocolClient.java:onNext(255)) - client-23C834B07313->edccc055-c3f5-47df-b30f-76e8836f4c59: receive RaftClientReply:client-23C834B07313->edccc055-c3f5-47df-b30f-76e8836f4c59@group-ED32739C8BBB, cid=2878, SUCCESS, logIndex=4307, commits[edccc055-c3f5-47df-b30f-76e8836f4c59:c4307, f9704f82-adf1-457c-ad29-9b573bc67fa6:c4305, 932806d8-5f5d-4457-8f95-c9b7f9036eae:c4305]
2019-08-07 03:27:31,735 INFO  client.GrpcClientProtocolClient (GrpcClientProtocolClient.java:onNext(255)) - client-23C834B07313->edccc055-c3f5-47df-b30f-76e8836f4c59: receive RaftClientReply:client-23C834B07313->edccc055-c3f5-47df-b30f-76e8836f4c59@group-ED32739C8BBB, cid=2879, SUCCESS, logIndex=4310, commits[edccc055-c3f5-47df-b30f-76e8836f4c59:c4311, f9704f82-adf1-457c-ad29-9b573bc67fa6:c4307, 932806d8-5f5d-4457-8f95-c9b7f9036eae:c4306]
2019-08-07 03:27:31,736 INFO  client.GrpcClientProtocolClient (GrpcClientProtocolClient.java:onNext(255)) - client-23C834B07313->edccc055-c3f5-47df-b30f-76e8836f4c59: receive RaftClientReply:client-23C834B07313->edccc055-c3f5-47df-b30f-76e8836f4c59@group-ED32739C8BBB, cid=2880, SUCCESS, logIndex=4311, commits[edccc055-c3f5-47df-b30f-76e8836f4c59:c4311, f9704f82-adf1-457c-ad29-9b573bc67fa6:c4307, 932806d8-5f5d-4457-8f95-c9b7f9036eae:c4307]
2019-08-07 03:27:31,737 INFO  client.GrpcClientProtocolClient (GrpcClientProtocolClient.java:onNext(255)) - client-23C834B07313->edccc055-c3f5-47df-b30f-76e8836f4c59: receive RaftClientReply:client-23C834B07313->edccc055-c3f5-47df-b30f-76e8836f4c59@group-ED32739C8BBB, cid=2881, SUCCESS, logIndex=0, commits[edccc055-c3f5-47df-b30f-76e8836f4c59:c4312, f9704f82-adf1-457c-ad29-9b573bc67fa6:c4311, 932806d8-5f5d-4457-8f95-c9b7f9036eae:c4311]
2019-08-07 03:27:31,769 INFO  client.GrpcClientProtocolClient (GrpcClientProtocolClient.java:onNext(255)) - client-23C834B07313->edccc055-c3f5-47df-b30f-76e8836f4c59: receive RaftClientReply:client-23C834B07313->edccc055-c3f5-47df-b30f-76e8836f4c59@group-ED32739C8BBB, cid=2882, SUCCESS, logIndex=4314, commits[edccc055-c3f5-47df-b30f-76e8836f4c59:c4315, f9704f82-adf1-457c-ad29-9b573bc67fa6:c4313, 932806d8-5f5d-4457-8f95-c9b7f9036eae:c4313]
2019-08-07 03:27:31,769 INFO  client.GrpcClientProtocolClient (GrpcClientProtocolClient.java:onNext(255)) - client-23C834B07313->edccc055-c3f5-47df-b30f-76e8836f4c59: receive RaftClientReply:client-23C834B07313->edccc055-c3f5-47df-b30f-76e8836f4c59@group-ED32739C8BBB, cid=2883, SUCCESS, logIndex=4315, commits[edccc055-c3f5-47df-b30f-76e8836f4c59:c4317, f9704f82-adf1-457c-ad29-9b573bc67fa6:c4313, 932806d8-5f5d-4457-8f95-c9b7f9036eae:c4313]
2019-08-07 03:27:31,770 INFO  client.GrpcClientProtocolClient (GrpcClientProtocolClient.java:onNext(255)) - client-23C834B07313->edccc055-c3f5-47df-b30f-76e8836f4c59: receive RaftClientReply:client-23C834B07313->edccc055-c3f5-47df-b30f-76e8836f4c59@group-ED32739C8BBB, cid=2884, SUCCESS, logIndex=4316, commits[edccc055-c3f5-47df-b30f-76e8836f4c59:c4317, f9704f82-adf1-457c-ad29-9b573bc67fa6:c4313, 932806d8-5f5d-4457-8f95-c9b7f9036eae:c4313]
2019-08-07 03:27:31,770 INFO  client.GrpcClientProtocolClient (GrpcClientProtocolClient.java:onNext(255)) - client-23C834B07313->edccc055-c3f5-47df-b30f-76e8836f4c59: receive RaftClientReply:client-23C834B07313->edccc055-c3f5-47df-b30f-76e8836f4c59@group-ED32739C8BBB, cid=2885, SUCCESS, logIndex=4317, commits[edccc055-c3f5-47df-b30f-76e8836f4c59:c4317, f9704f82-adf1-457c-ad29-9b573bc67fa6:c4313, 932806d8-5f5d-4457-8f95-c9b7f9036eae:c4313]
2019-08-07 03:27:31,771 INFO  client.GrpcClientProtocolClient (GrpcClientProtocolClient.java:onNext(255)) - client-23C834B07313->edccc055-c3f5-47df-b30f-76e8836f4c59: receive RaftClientReply:client-23C834B07313->edccc055-c3f5-47df-b30f-76e8836f4c59@group-ED32739C8BBB, cid=2886, SUCCESS, logIndex=0, commits[edccc055-c3f5-47df-b30f-76e8836f4c59:c4320, f9704f82-adf1-457c-ad29-9b573bc67fa6:c4316, 932806d8-5f5d-4457-8f95-c9b7f9036eae:c4315]
2019-08-07 03:27:31,791 INFO  client.GrpcClientProtocolClient (GrpcClientProtocolClient.java:onNext(255)) - client-23C834B07313->edccc055-c3f5-47df-b30f-76e8836f4c59: receive RaftClientReply:client-23C834B07313->edccc055-c3f5-47df-b30f-76e8836f4c59@group-ED32739C8BBB, cid=2887, SUCCESS, logIndex=4322, commits[edccc055-c3f5-47df-b30f-76e8836f4c59:c4323, f9704f82-adf1-457c-ad29-9b573bc67fa6:c4321, 932806d8-5f5d-4457-8f95-c9b7f9036eae:c4321]
2019-08-07 03:27:31,791 INFO  client.GrpcClientProtocolClient (GrpcClientProtocolClient.java:onNext(255)) - client-23C834B07313->edccc055-c3f5-47df-b30f-76e8836f4c59: receive RaftClientReply:client-23C834B07313->edccc055-c3f5-47df-b30f-76e8836f4c59@group-ED32739C8BBB, cid=2888, SUCCESS, logIndex=4323, commits[edccc055-c3f5-47df-b30f-76e8836f4c59:c4323, f9704f82-adf1-457c-ad29-9b573bc67fa6:c4321, 932806d8-5f5d-4457-8f95-c9b7f9036eae:c4321]
2019-08-07 03:27:31,804 INFO  client.GrpcClientProtocolClient (GrpcClientProtocolClient.java:onNext(255)) - client-23C834B07313->edccc055-c3f5-47df-b30f-76e8836f4c59: receive RaftClientReply:client-23C834B07313->edccc055-c3f5-47df-b30f-76e8836f4c59@group-ED32739C8BBB, cid=2889, SUCCESS, logIndex=4326, commits[edccc055-c3f5-47df-b30f-76e8836f4c59:c4326, f9704f82-adf1-457c-ad29-9b573bc67fa6:c4323, 932806d8-5f5d-4457-8f95-c9b7f9036eae:c4323]
2019-08-07 03:27:31,804 INFO  client.GrpcClientProtocolClient (GrpcClientProtocolClient.java:onNext(255)) - client-23C834B07313->edccc055-c3f5-47df-b30f-76e8836f4c59: receive RaftClientReply:client-23C834B07313->edccc055-c3f5-47df-b30f-76e8836f4c59@group-ED32739C8BBB, cid=2890, SUCCESS, logIndex=4327, commits[edccc055-c3f5-47df-b30f-76e8836f4c59:c4327, f9704f82-adf1-457c-ad29-9b573bc67fa6:c4323, 932806d8-5f5d-4457-8f95-c9b7f9036eae:c4323]
2019-08-07 03:27:31,817 INFO  client.GrpcClientProtocolClient (GrpcClientProtocolClient.java:onNext(255)) - client-23C834B07313->edccc055-c3f5-47df-b30f-76e8836f4c59: receive RaftClientReply:client-23C834B07313->edccc055-c3f5-47df-b30f-76e8836f4c59@group-ED32739C8BBB, cid=2891, SUCCESS, logIndex=0, commits[edccc055-c3f5-47df-b30f-76e8836f4c59:c4329, f9704f82-adf1-457c-ad29-9b573bc67fa6:c4327, 932806d8-5f5d-4457-8f95-c9b7f9036eae:c4327]
2019-08-07 03:27:31,849 INFO  client.GrpcClientProtocolClient (GrpcClientProtocolClient.java:onNext(255)) - client-23C834B07313->edccc055-c3f5-47df-b30f-76e8836f4c59: receive RaftClientReply:client-23C834B07313->edccc055-c3f5-47df-b30f-76e8836f4c59@group-ED32739C8BBB, cid=2892, SUCCESS, logIndex=4330, commits[edccc055-c3f5-47df-b30f-76e8836f4c59:c4332, f9704f82-adf1-457c-ad29-9b573bc67fa6:c4329, 932806d8-5f5d-4457-8f95-c9b7f9036eae:c4329]
2019-08-07 03:27:31,849 INFO  client.GrpcClientProtocolClient (GrpcClientProtocolClient.java:onNext(255)) - client-23C834B07313->edccc055-c3f5-47df-b30f-76e8836f4c59: receive RaftClientReply:client-23C834B07313->edccc055-c3f5-47df-b30f-76e8836f4c59@group-ED32739C8BBB, cid=2893, SUCCESS, logIndex=4331, commits[edccc055-c3f5-47df-b30f-76e8836f4c59:c4333, f9704f82-adf1-457c-ad29-9b573bc67fa6:c4329, 932806d8-5f5d-4457-8f95-c9b7f9036eae:c4329]
2019-08-07 03:27:31,850 INFO  client.GrpcClientProtocolClient (GrpcClientProtocolClient.java:onNext(255)) - client-23C834B07313->edccc055-c3f5-47df-b30f-76e8836f4c59: receive RaftClientReply:client-23C834B07313->edccc055-c3f5-47df-b30f-76e8836f4c59@group-ED32739C8BBB, cid=2894, SUCCESS, logIndex=4332, commits[edccc055-c3f5-47df-b30f-76e8836f4c59:c4333, f9704f82-adf1-457c-ad29-9b573bc67fa6:c4329, 932806d8-5f5d-4457-8f95-c9b7f9036eae:c4329]
2019-08-07 03:27:31,850 INFO  client.GrpcClientProtocolClient (GrpcClientProtocolClient.java:onNext(255)) - client-23C834B07313->edccc055-c3f5-47df-b30f-76e8836f4c59: receive RaftClientReply:client-23C834B07313->edccc055-c3f5-47df-b30f-76e8836f4c59@group-ED32739C8BBB, cid=2895, SUCCESS, logIndex=4333, commits[edccc055-c3f5-47df-b30f-76e8836f4c59:c4333, f9704f82-adf1-457c-ad29-9b573bc67fa6:c4329, 932806d8-5f5d-4457-8f95-c9b7f9036eae:c4329]
2019-08-07 03:27:31,852 INFO  client.GrpcClientProtocolClient (GrpcClientProtocolClient.java:onNext(255)) - client-23C834B07313->edccc055-c3f5-47df-b30f-76e8836f4c59: receive RaftClientReply:client-23C834B07313->edccc055-c3f5-47df-b30f-76e8836f4c59@group-ED32739C8BBB, cid=2896, SUCCESS, logIndex=0, commits[edccc055-c3f5-47df-b30f-76e8836f4c59:c4337, f9704f82-adf1-457c-ad29-9b573bc67fa6:c4331, 932806d8-5f5d-4457-8f95-c9b7f9036eae:c4333]
2019-08-07 03:27:31,872 INFO  client.GrpcClientProtocolClient (GrpcClientProtocolClient.java:onNext(255)) - client-23C834B07313->edccc055-c3f5-47df-b30f-76e8836f4c59: receive RaftClientReply:client-23C834B07313->edccc055-c3f5-47df-b30f-76e8836f4c59@group-ED32739C8BBB, cid=2897, SUCCESS, logIndex=4338, commits[edccc055-c3f5-47df-b30f-76e8836f4c59:c4339, f9704f82-adf1-457c-ad29-9b573bc67fa6:c4337, 932806d8-5f5d-4457-8f95-c9b7f9036eae:c4337]
2019-08-07 03:27:31,872 INFO  client.GrpcClientProtocolClient (GrpcClientProtocolClient.java:onNext(255)) - client-23C834B07313->edccc055-c3f5-47df-b30f-76e8836f4c59: receive RaftClientReply:client-23C834B07313->edccc055-c3f5-47df-b30f-76e8836f4c59@group-ED32739C8BBB, cid=2898, SUCCESS, logIndex=4339, commits[edccc055-c3f5-47df-b30f-76e8836f4c59:c4339, f9704f82-adf1-457c-ad29-9b573bc67fa6:c4337, 932806d8-5f5d-4457-8f95-c9b7f9036eae:c4337]
2019-08-07 03:27:31,887 INFO  client.GrpcClientProtocolClient (GrpcClientProtocolClient.java:onNext(255)) - client-23C834B07313->edccc055-c3f5-47df-b30f-76e8836f4c59: receive RaftClientReply:client-23C834B07313->edccc055-c3f5-47df-b30f-76e8836f4c59@group-ED32739C8BBB, cid=2899, SUCCESS, logIndex=4342, commits[edccc055-c3f5-47df-b30f-76e8836f4c59:c4343, f9704f82-adf1-457c-ad29-9b573bc67fa6:c4339, 932806d8-5f5d-4457-8f95-c9b7f9036eae:c4339]
2019-08-07 03:27:31,888 INFO  client.GrpcClientProtocolClient (GrpcClientProtocolClient.java:onNext(255)) - client-23C834B07313->edccc055-c3f5-47df-b30f-76e8836f4c59: receive RaftClientReply:client-23C834B07313->edccc055-c3f5-47df-b30f-76e8836f4c59@group-ED32739C8BBB, cid=2900, SUCCESS, logIndex=4343, commits[edccc055-c3f5-47df-b30f-76e8836f4c59:c4343, f9704f82-adf1-457c-ad29-9b573bc67fa6:c4339, 932806d8-5f5d-4457-8f95-c9b7f9036eae:c4339]
2019-08-07 03:27:31,915 INFO  client.GrpcClientProtocolClient (GrpcClientProtocolClient.java:onNext(255)) - client-23C834B07313->edccc055-c3f5-47df-b30f-76e8836f4c59: receive RaftClientReply:client-23C834B07313->edccc055-c3f5-47df-b30f-76e8836f4c59@group-ED32739C8BBB, cid=2901, SUCCESS, logIndex=0, commits[edccc055-c3f5-47df-b30f-76e8836f4c59:c4344, f9704f82-adf1-457c-ad29-9b573bc67fa6:c4343, 932806d8-5f5d-4457-8f95-c9b7f9036eae:c4343]
2019-08-07 03:27:31,944 INFO  client.GrpcClientProtocolClient (GrpcClientProtocolClient.java:onNext(255)) - client-23C834B07313->edccc055-c3f5-47df-b30f-76e8836f4c59: receive RaftClientReply:client-23C834B07313->edccc055-c3f5-47df-b30f-76e8836f4c59@group-ED32739C8BBB, cid=2902, SUCCESS, logIndex=4346, commits[edccc055-c3f5-47df-b30f-76e8836f4c59:c4347, f9704f82-adf1-457c-ad29-9b573bc67fa6:c4345, 932806d8-5f5d-4457-8f95-c9b7f9036eae:c4345]
2019-08-07 03:27:31,945 INFO  client.GrpcClientProtocolClient (GrpcClientProtocolClient.java:onNext(255)) - client-23C834B07313->edccc055-c3f5-47df-b30f-76e8836f4c59: receive RaftClientReply:client-23C834B07313->edccc055-c3f5-47df-b30f-76e8836f4c59@group-ED32739C8BBB, cid=2903, SUCCESS, logIndex=4347, commits[edccc055-c3f5-47df-b30f-76e8836f4c59:c4348, f9704f82-adf1-457c-ad29-9b573bc67fa6:c4345, 932806d8-5f5d-4457-8f95-c9b7f9036eae:c4345]
2019-08-07 03:27:31,945 INFO  client.GrpcClientProtocolClient (GrpcClientProtocolClient.java:onNext(255)) - client-23C834B07313->edccc055-c3f5-47df-b30f-76e8836f4c59: receive RaftClientReply:client-23C834B07313->edccc055-c3f5-47df-b30f-76e8836f4c59@group-ED32739C8BBB, cid=2904, SUCCESS, logIndex=4348, commits[edccc055-c3f5-47df-b30f-76e8836f4c59:c4349, f9704f82-adf1-457c-ad29-9b573bc67fa6:c4345, 932806d8-5f5d-4457-8f95-c9b7f9036eae:c4345]
2019-08-07 03:27:31,946 INFO  client.GrpcClientProtocolClient (GrpcClientProtocolClient.java:onNext(255)) - client-23C834B07313->edccc055-c3f5-47df-b30f-76e8836f4c59: receive RaftClientReply:client-23C834B07313->edccc055-c3f5-47df-b30f-76e8836f4c59@group-ED32739C8BBB, cid=2905, SUCCESS, logIndex=4349, commits[edccc055-c3f5-47df-b30f-76e8836f4c59:c4349, f9704f82-adf1-457c-ad29-9b573bc67fa6:c4345, 932806d8-5f5d-4457-8f95-c9b7f9036eae:c4345]
2019-08-07 03:27:31,958 INFO  client.GrpcClientProtocolClient (GrpcClientProtocolClient.java:onNext(255)) - client-23C834B07313->edccc055-c3f5-47df-b30f-76e8836f4c59: receive RaftClientReply:client-23C834B07313->edccc055-c3f5-47df-b30f-76e8836f4c59@group-ED32739C8BBB, cid=2906, SUCCESS, logIndex=0, commits[edccc055-c3f5-47df-b30f-76e8836f4c59:c4352, f9704f82-adf1-457c-ad29-9b573bc67fa6:c4347, 932806d8-5f5d-4457-8f95-c9b7f9036eae:c4348]
2019-08-07 03:27:31,976 INFO  client.GrpcClientProtocolClient (GrpcClientProtocolClient.java:onNext(255)) - client-23C834B07313->edccc055-c3f5-47df-b30f-76e8836f4c59: receive RaftClientReply:client-23C834B07313->edccc055-c3f5-47df-b30f-76e8836f4c59@group-ED32739C8BBB, cid=2907, SUCCESS, logIndex=4354, commits[edccc055-c3f5-47df-b30f-76e8836f4c59:c4355, f9704f82-adf1-457c-ad29-9b573bc67fa6:c4353, 932806d8-5f5d-4457-8f95-c9b7f9036eae:c4353]
2019-08-07 03:27:31,977 INFO  client.GrpcClientProtocolClient (GrpcClientProtocolClient.java:onNext(255)) - client-23C834B07313->edccc055-c3f5-47df-b30f-76e8836f4c59: receive RaftClientReply:client-23C834B07313->edccc055-c3f5-47df-b30f-76e8836f4c59@group-ED32739C8BBB, cid=2908, SUCCESS, logIndex=4355, commits[edccc055-c3f5-47df-b30f-76e8836f4c59:c4355, f9704f82-adf1-457c-ad29-9b573bc67fa6:c4353, 932806d8-5f5d-4457-8f95-c9b7f9036eae:c4353]
2019-08-07 03:27:31,990 INFO  client.GrpcClientProtocolClient (GrpcClientProtocolClient.java:onNext(255)) - client-23C834B07313->edccc055-c3f5-47df-b30f-76e8836f4c59: receive RaftClientReply:client-23C834B07313->edccc055-c3f5-47df-b30f-76e8836f4c59@group-ED32739C8BBB, cid=2909, SUCCESS, logIndex=4358, commits[edccc055-c3f5-47df-b30f-76e8836f4c59:c4358, f9704f82-adf1-457c-ad29-9b573bc67fa6:c4355, 932806d8-5f5d-4457-8f95-c9b7f9036eae:c4355]
2019-08-07 03:27:31,991 INFO  client.GrpcClientProtocolClient (GrpcClientProtocolClient.java:onNext(255)) - client-23C834B07313->edccc055-c3f5-47df-b30f-76e8836f4c59: receive RaftClientReply:client-23C834B07313->edccc055-c3f5-47df-b30f-76e8836f4c59@group-ED32739C8BBB, cid=2910, SUCCESS, logIndex=4359, commits[edccc055-c3f5-47df-b30f-76e8836f4c59:c4359, f9704f82-adf1-457c-ad29-9b573bc67fa6:c4355, 932806d8-5f5d-4457-8f95-c9b7f9036eae:c4355]
2019-08-07 03:27:32,005 INFO  client.GrpcClientProtocolClient (GrpcClientProtocolClient.java:onNext(255)) - client-23C834B07313->edccc055-c3f5-47df-b30f-76e8836f4c59: receive RaftClientReply:client-23C834B07313->edccc055-c3f5-47df-b30f-76e8836f4c59@group-ED32739C8BBB, cid=2911, SUCCESS, logIndex=0, commits[edccc055-c3f5-47df-b30f-76e8836f4c59:c4361, f9704f82-adf1-457c-ad29-9b573bc67fa6:c4359, 932806d8-5f5d-4457-8f95-c9b7f9036eae:c4359]
2019-08-07 03:27:32,037 INFO  client.GrpcClientProtocolClient (GrpcClientProtocolClient.java:onNext(255)) - client-23C834B07313->edccc055-c3f5-47df-b30f-76e8836f4c59: receive RaftClientReply:client-23C834B07313->edccc055-c3f5-47df-b30f-76e8836f4c59@group-ED32739C8BBB, cid=2912, SUCCESS, logIndex=4362, commits[edccc055-c3f5-47df-b30f-76e8836f4c59:c4364, f9704f82-adf1-457c-ad29-9b573bc67fa6:c4361, 932806d8-5f5d-4457-8f95-c9b7f9036eae:c4361]
2019-08-07 03:27:32,038 INFO  client.GrpcClientProtocolClient (GrpcClientProtocolClient.java:onNext(255)) - client-23C834B07313->edccc055-c3f5-47df-b30f-76e8836f4c59: receive RaftClientReply:client-23C834B07313->edccc055-c3f5-47df-b30f-76e8836f4c59@group-ED32739C8BBB, cid=2913, SUCCESS, logIndex=4363, commits[edccc055-c3f5-47df-b30f-76e8836f4c59:c4365, f9704f82-adf1-457c-ad29-9b573bc67fa6:c4361, 932806d8-5f5d-4457-8f95-c9b7f9036eae:c4361]
2019-08-07 03:27:32,038 INFO  client.GrpcClientProtocolClient (GrpcClientProtocolClient.java:onNext(255)) - client-23C834B07313->edccc055-c3f5-47df-b30f-76e8836f4c59: receive RaftClientReply:client-23C834B07313->edccc055-c3f5-47df-b30f-76e8836f4c59@group-ED32739C8BBB, cid=2914, SUCCESS, logIndex=4364, commits[edccc055-c3f5-47df-b30f-76e8836f4c59:c4365, f9704f82-adf1-457c-ad29-9b573bc67fa6:c4361, 932806d8-5f5d-4457-8f95-c9b7f9036eae:c4361]
2019-08-07 03:27:32,038 INFO  client.GrpcClientProtocolClient (GrpcClientProtocolClient.java:onNext(255)) - client-23C834B07313->edccc055-c3f5-47df-b30f-76e8836f4c59: receive RaftClientReply:client-23C834B07313->edccc055-c3f5-47df-b30f-76e8836f4c59@group-ED32739C8BBB, cid=2915, SUCCESS, logIndex=4365, commits[edccc055-c3f5-47df-b30f-76e8836f4c59:c4365, f9704f82-adf1-457c-ad29-9b573bc67fa6:c4361, 932806d8-5f5d-4457-8f95-c9b7f9036eae:c4361]
2019-08-07 03:27:32,049 INFO  client.GrpcClientProtocolClient (GrpcClientProtocolClient.java:onNext(255)) - client-23C834B07313->edccc055-c3f5-47df-b30f-76e8836f4c59: receive RaftClientReply:client-23C834B07313->edccc055-c3f5-47df-b30f-76e8836f4c59@group-ED32739C8BBB, cid=2916, SUCCESS, logIndex=0, commits[edccc055-c3f5-47df-b30f-76e8836f4c59:c4367, f9704f82-adf1-457c-ad29-9b573bc67fa6:c4363, 932806d8-5f5d-4457-8f95-c9b7f9036eae:c4363]
2019-08-07 03:27:32,068 INFO  client.GrpcClientProtocolClient (GrpcClientProtocolClient.java:onNext(255)) - client-23C834B07313->edccc055-c3f5-47df-b30f-76e8836f4c59: receive RaftClientReply:client-23C834B07313->edccc055-c3f5-47df-b30f-76e8836f4c59@group-ED32739C8BBB, cid=2917, SUCCESS, logIndex=4370, commits[edccc055-c3f5-47df-b30f-76e8836f4c59:c4371, f9704f82-adf1-457c-ad29-9b573bc67fa6:c4369, 932806d8-5f5d-4457-8f95-c9b7f9036eae:c4369]
2019-08-07 03:27:32,068 INFO  client.GrpcClientProtocolClient (GrpcClientProtocolClient.java:onNext(255)) - client-23C834B07313->edccc055-c3f5-47df-b30f-76e8836f4c59: receive RaftClientReply:client-23C834B07313->edccc055-c3f5-47df-b30f-76e8836f4c59@group-ED32739C8BBB, cid=2918, SUCCESS, logIndex=4371, commits[edccc055-c3f5-47df-b30f-76e8836f4c59:c4371, f9704f82-adf1-457c-ad29-9b573bc67fa6:c4369, 932806d8-5f5d-4457-8f95-c9b7f9036eae:c4369]
2019-08-07 03:27:32,083 INFO  client.GrpcClientProtocolClient (GrpcClientProtocolClient.java:onNext(255)) - client-23C834B07313->edccc055-c3f5-47df-b30f-76e8836f4c59: receive RaftClientReply:client-23C834B07313->edccc055-c3f5-47df-b30f-76e8836f4c59@group-ED32739C8BBB, cid=2919, SUCCESS, logIndex=4374, commits[edccc055-c3f5-47df-b30f-76e8836f4c59:c4375, f9704f82-adf1-457c-ad29-9b573bc67fa6:c4371, 932806d8-5f5d-4457-8f95-c9b7f9036eae:c4371]
2019-08-07 03:27:32,083 INFO  client.GrpcClientProtocolClient (GrpcClientProtocolClient.java:onNext(255)) - client-23C834B07313->edccc055-c3f5-47df-b30f-76e8836f4c59: receive RaftClientReply:client-23C834B07313->edccc055-c3f5-47df-b30f-76e8836f4c59@group-ED32739C8BBB, cid=2920, SUCCESS, logIndex=4375, commits[edccc055-c3f5-47df-b30f-76e8836f4c59:c4375, f9704f82-adf1-457c-ad29-9b573bc67fa6:c4371, 932806d8-5f5d-4457-8f95-c9b7f9036eae:c4371]
2019-08-07 03:27:32,095 INFO  client.GrpcClientProtocolClient (GrpcClientProtocolClient.java:onNext(255)) - client-23C834B07313->edccc055-c3f5-47df-b30f-76e8836f4c59: receive RaftClientReply:client-23C834B07313->edccc055-c3f5-47df-b30f-76e8836f4c59@group-ED32739C8BBB, cid=2921, SUCCESS, logIndex=0, commits[edccc055-c3f5-47df-b30f-76e8836f4c59:c4375, f9704f82-adf1-457c-ad29-9b573bc67fa6:c4375, 932806d8-5f5d-4457-8f95-c9b7f9036eae:c4375]
2019-08-07 03:27:32,251 INFO  client.GrpcClientProtocolClient (GrpcClientProtocolClient.java:onNext(255)) - client-23C834B07313->edccc055-c3f5-47df-b30f-76e8836f4c59: receive RaftClientReply:client-23C834B07313->edccc055-c3f5-47df-b30f-76e8836f4c59@group-ED32739C8BBB, cid=2922, SUCCESS, logIndex=4378, commits[edccc055-c3f5-47df-b30f-76e8836f4c59:c4379, f9704f82-adf1-457c-ad29-9b573bc67fa6:c4377, 932806d8-5f5d-4457-8f95-c9b7f9036eae:c4377]
2019-08-07 03:27:32,251 INFO  client.GrpcClientProtocolClient (GrpcClientProtocolClient.java:onNext(255)) - client-23C834B07313->edccc055-c3f5-47df-b30f-76e8836f4c59: receive RaftClientReply:client-23C834B07313->edccc055-c3f5-47df-b30f-76e8836f4c59@group-ED32739C8BBB, cid=2923, SUCCESS, logIndex=4379, commits[edccc055-c3f5-47df-b30f-76e8836f4c59:c4379, f9704f82-adf1-457c-ad29-9b573bc67fa6:c4377, 932806d8-5f5d-4457-8f95-c9b7f9036eae:c4377]
2019-08-07 03:27:32,327 INFO  client.GrpcClientProtocolClient (GrpcClientProtocolClient.java:onNext(255)) - client-23C834B07313->edccc055-c3f5-47df-b30f-76e8836f4c59: receive RaftClientReply:client-23C834B07313->edccc055-c3f5-47df-b30f-76e8836f4c59@group-ED32739C8BBB, cid=2924, SUCCESS, logIndex=4380, commits[edccc055-c3f5-47df-b30f-76e8836f4c59:c4381, f9704f82-adf1-457c-ad29-9b573bc67fa6:c4377, 932806d8-5f5d-4457-8f95-c9b7f9036eae:c4377]
2019-08-07 03:27:32,327 INFO  client.GrpcClientProtocolClient (GrpcClientProtocolClient.java:onNext(255)) - client-23C834B07313->edccc055-c3f5-47df-b30f-76e8836f4c59: receive RaftClientReply:client-23C834B07313->edccc055-c3f5-47df-b30f-76e8836f4c59@group-ED32739C8BBB, cid=2925, SUCCESS, logIndex=4381, commits[edccc055-c3f5-47df-b30f-76e8836f4c59:c4381, f9704f82-adf1-457c-ad29-9b573bc67fa6:c4377, 932806d8-5f5d-4457-8f95-c9b7f9036eae:c4377]
2019-08-07 03:27:32,330 INFO  client.GrpcClientProtocolClient (GrpcClientProtocolClient.java:onNext(255)) - client-23C834B07313->edccc055-c3f5-47df-b30f-76e8836f4c59: receive RaftClientReply:client-23C834B07313->edccc055-c3f5-47df-b30f-76e8836f4c59@group-ED32739C8BBB, cid=2926, SUCCESS, logIndex=0, commits[edccc055-c3f5-47df-b30f-76e8836f4c59:c4383, f9704f82-adf1-457c-ad29-9b573bc67fa6:c4379, 932806d8-5f5d-4457-8f95-c9b7f9036eae:c4379]
2019-08-07 03:27:32,354 INFO  client.GrpcClientProtocolClient (GrpcClientProtocolClient.java:onNext(255)) - client-23C834B07313->edccc055-c3f5-47df-b30f-76e8836f4c59: receive RaftClientReply:client-23C834B07313->edccc055-c3f5-47df-b30f-76e8836f4c59@group-ED32739C8BBB, cid=2927, SUCCESS, logIndex=4386, commits[edccc055-c3f5-47df-b30f-76e8836f4c59:c4387, f9704f82-adf1-457c-ad29-9b573bc67fa6:c4381, 932806d8-5f5d-4457-8f95-c9b7f9036eae:c4383]
2019-08-07 03:27:32,355 INFO  client.GrpcClientProtocolClient (GrpcClientProtocolClient.java:onNext(255)) - client-23C834B07313->edccc055-c3f5-47df-b30f-76e8836f4c59: receive RaftClientReply:client-23C834B07313->edccc055-c3f5-47df-b30f-76e8836f4c59@group-ED32739C8BBB, cid=2928, SUCCESS, logIndex=4387, commits[edccc055-c3f5-47df-b30f-76e8836f4c59:c4387, f9704f82-adf1-457c-ad29-9b573bc67fa6:c4383, 932806d8-5f5d-4457-8f95-c9b7f9036eae:c4383]
2019-08-07 03:27:32,380 INFO  client.GrpcClientProtocolClient (GrpcClientProtocolClient.java:onNext(255)) - client-23C834B07313->edccc055-c3f5-47df-b30f-76e8836f4c59: receive RaftClientReply:client-23C834B07313->edccc055-c3f5-47df-b30f-76e8836f4c59@group-ED32739C8BBB, cid=2929, SUCCESS, logIndex=4390, commits[edccc055-c3f5-47df-b30f-76e8836f4c59:c4391, f9704f82-adf1-457c-ad29-9b573bc67fa6:c4387, 932806d8-5f5d-4457-8f95-c9b7f9036eae:c4387]
2019-08-07 03:27:32,380 INFO  client.GrpcClientProtocolClient (GrpcClientProtocolClient.java:onNext(255)) - client-23C834B07313->edccc055-c3f5-47df-b30f-76e8836f4c59: receive RaftClientReply:client-23C834B07313->edccc055-c3f5-47df-b30f-76e8836f4c59@group-ED32739C8BBB, cid=2930, SUCCESS, logIndex=4391, commits[edccc055-c3f5-47df-b30f-76e8836f4c59:c4391, f9704f82-adf1-457c-ad29-9b573bc67fa6:c4387, 932806d8-5f5d-4457-8f95-c9b7f9036eae:c4387]
2019-08-07 03:27:32,383 INFO  client.GrpcClientProtocolClient (GrpcClientProtocolClient.java:onNext(255)) - client-23C834B07313->edccc055-c3f5-47df-b30f-76e8836f4c59: receive RaftClientReply:client-23C834B07313->edccc055-c3f5-47df-b30f-76e8836f4c59@group-ED32739C8BBB, cid=2931, SUCCESS, logIndex=0, commits[edccc055-c3f5-47df-b30f-76e8836f4c59:c4392, f9704f82-adf1-457c-ad29-9b573bc67fa6:c4391, 932806d8-5f5d-4457-8f95-c9b7f9036eae:c4391]
2019-08-07 03:27:32,414 INFO  client.GrpcClientProtocolClient (GrpcClientProtocolClient.java:onNext(255)) - client-23C834B07313->edccc055-c3f5-47df-b30f-76e8836f4c59: receive RaftClientReply:client-23C834B07313->edccc055-c3f5-47df-b30f-76e8836f4c59@group-ED32739C8BBB, cid=2932, SUCCESS, logIndex=4394, commits[edccc055-c3f5-47df-b30f-76e8836f4c59:c4395, f9704f82-adf1-457c-ad29-9b573bc67fa6:c4393, 932806d8-5f5d-4457-8f95-c9b7f9036eae:c4393]
2019-08-07 03:27:32,414 INFO  client.GrpcClientProtocolClient (GrpcClientProtocolClient.java:onNext(255)) - client-23C834B07313->edccc055-c3f5-47df-b30f-76e8836f4c59: receive RaftClientReply:client-23C834B07313->edccc055-c3f5-47df-b30f-76e8836f4c59@group-ED32739C8BBB, cid=2933, SUCCESS, logIndex=4395, commits[edccc055-c3f5-47df-b30f-76e8836f4c59:c4395, f9704f82-adf1-457c-ad29-9b573bc67fa6:c4393, 932806d8-5f5d-4457-8f95-c9b7f9036eae:c4393]
2019-08-07 03:27:32,415 INFO  client.GrpcClientProtocolClient (GrpcClientProtocolClient.java:onNext(255)) - client-23C834B07313->edccc055-c3f5-47df-b30f-76e8836f4c59: receive RaftClientReply:client-23C834B07313->edccc055-c3f5-47df-b30f-76e8836f4c59@group-ED32739C8BBB, cid=2934, SUCCESS, logIndex=4396, commits[edccc055-c3f5-47df-b30f-76e8836f4c59:c4396, f9704f82-adf1-457c-ad29-9b573bc67fa6:c4393, 932806d8-5f5d-4457-8f95-c9b7f9036eae:c4393]
2019-08-07 03:27:32,415 INFO  client.GrpcClientProtocolClient (GrpcClientProtocolClient.java:onNext(255)) - client-23C834B07313->edccc055-c3f5-47df-b30f-76e8836f4c59: receive RaftClientReply:client-23C834B07313->edccc055-c3f5-47df-b30f-76e8836f4c59@group-ED32739C8BBB, cid=2935, SUCCESS, logIndex=4397, commits[edccc055-c3f5-47df-b30f-76e8836f4c59:c4397, f9704f82-adf1-457c-ad29-9b573bc67fa6:c4393, 932806d8-5f5d-4457-8f95-c9b7f9036eae:c4393]
2019-08-07 03:27:32,427 INFO  client.GrpcClientProtocolClient (GrpcClientProtocolClient.java:onNext(255)) - client-23C834B07313->edccc055-c3f5-47df-b30f-76e8836f4c59: receive RaftClientReply:client-23C834B07313->edccc055-c3f5-47df-b30f-76e8836f4c59@group-ED32739C8BBB, cid=2936, SUCCESS, logIndex=0, commits[edccc055-c3f5-47df-b30f-76e8836f4c59:c4399, f9704f82-adf1-457c-ad29-9b573bc67fa6:c4395, 932806d8-5f5d-4457-8f95-c9b7f9036eae:c4395]
 0.00% |█                                                                                                    |  0/1 Time: 0:00:282019-08-07 03:27:32,444 INFO  client.GrpcClientProtocolClient (GrpcClientProtocolClient.java:onNext(255)) - client-23C834B07313->edccc055-c3f5-47df-b30f-76e8836f4c59: receive RaftClientReply:client-23C834B07313->edccc055-c3f5-47df-b30f-76e8836f4c59@group-ED32739C8BBB, cid=2937, SUCCESS, logIndex=4402, commits[edccc055-c3f5-47df-b30f-76e8836f4c59:c4402, f9704f82-adf1-457c-ad29-9b573bc67fa6:c4401, 932806d8-5f5d-4457-8f95-c9b7f9036eae:c4401]
2019-08-07 03:27:32,444 INFO  client.GrpcClientProtocolClient (GrpcClientProtocolClient.java:onNext(255)) - client-23C834B07313->edccc055-c3f5-47df-b30f-76e8836f4c59: receive RaftClientReply:client-23C834B07313->edccc055-c3f5-47df-b30f-76e8836f4c59@group-ED32739C8BBB, cid=2938, SUCCESS, logIndex=4403, commits[edccc055-c3f5-47df-b30f-76e8836f4c59:c4403, f9704f82-adf1-457c-ad29-9b573bc67fa6:c4401, 932806d8-5f5d-4457-8f95-c9b7f9036eae:c4401]
2019-08-07 03:27:32,459 INFO  client.GrpcClientProtocolClient (GrpcClientProtocolClient.java:onNext(255)) - client-23C834B07313->edccc055-c3f5-47df-b30f-76e8836f4c59: receive RaftClientReply:client-23C834B07313->edccc055-c3f5-47df-b30f-76e8836f4c59@group-ED32739C8BBB, cid=2939, SUCCESS, logIndex=4406, commits[edccc055-c3f5-47df-b30f-76e8836f4c59:c4407, f9704f82-adf1-457c-ad29-9b573bc67fa6:c4403, 932806d8-5f5d-4457-8f95-c9b7f9036eae:c4403]
2019-08-07 03:27:32,459 INFO  client.GrpcClientProtocolClient (GrpcClientProtocolClient.java:onNext(255)) - client-23C834B07313->edccc055-c3f5-47df-b30f-76e8836f4c59: receive RaftClientReply:client-23C834B07313->edccc055-c3f5-47df-b30f-76e8836f4c59@group-ED32739C8BBB, cid=2940, SUCCESS, logIndex=4407, commits[edccc055-c3f5-47df-b30f-76e8836f4c59:c4407, f9704f82-adf1-457c-ad29-9b573bc67fa6:c4403, 932806d8-5f5d-4457-8f95-c9b7f9036eae:c4403]
2019-08-07 03:27:32,514 INFO  client.GrpcClientProtocolClient (GrpcClientProtocolClient.java:onNext(255)) - client-23C834B07313->edccc055-c3f5-47df-b30f-76e8836f4c59: receive RaftClientReply:client-23C834B07313->edccc055-c3f5-47df-b30f-76e8836f4c59@group-ED32739C8BBB, cid=2941, SUCCESS, logIndex=0, commits[edccc055-c3f5-47df-b30f-76e8836f4c59:c4409, f9704f82-adf1-457c-ad29-9b573bc67fa6:c4407, 932806d8-5f5d-4457-8f95-c9b7f9036eae:c4407]
2019-08-07 03:27:32,547 INFO  client.GrpcClientProtocolClient (GrpcClientProtocolClient.java:onNext(255)) - client-23C834B07313->edccc055-c3f5-47df-b30f-76e8836f4c59: receive RaftClientReply:client-23C834B07313->edccc055-c3f5-47df-b30f-76e8836f4c59@group-ED32739C8BBB, cid=2942, SUCCESS, logIndex=4410, commits[edccc055-c3f5-47df-b30f-76e8836f4c59:c4411, f9704f82-adf1-457c-ad29-9b573bc67fa6:c4409, 932806d8-5f5d-4457-8f95-c9b7f9036eae:c4409]
2019-08-07 03:27:32,547 INFO  client.GrpcClientProtocolClient (GrpcClientProtocolClient.java:onNext(255)) - client-23C834B07313->edccc055-c3f5-47df-b30f-76e8836f4c59: receive RaftClientReply:client-23C834B07313->edccc055-c3f5-47df-b30f-76e8836f4c59@group-ED32739C8BBB, cid=2943, SUCCESS, logIndex=4411, commits[edccc055-c3f5-47df-b30f-76e8836f4c59:c4411, f9704f82-adf1-457c-ad29-9b573bc67fa6:c4409, 932806d8-5f5d-4457-8f95-c9b7f9036eae:c4409]
2019-08-07 03:27:32,548 INFO  client.GrpcClientProtocolClient (GrpcClientProtocolClient.java:onNext(255)) - client-23C834B07313->edccc055-c3f5-47df-b30f-76e8836f4c59: receive RaftClientReply:client-23C834B07313->edccc055-c3f5-47df-b30f-76e8836f4c59@group-ED32739C8BBB, cid=2944, SUCCESS, logIndex=4412, commits[edccc055-c3f5-47df-b30f-76e8836f4c59:c4412, f9704f82-adf1-457c-ad29-9b573bc67fa6:c4409, 932806d8-5f5d-4457-8f95-c9b7f9036eae:c4409]
2019-08-07 03:27:32,548 INFO  client.GrpcClientProtocolClient (GrpcClientProtocolClient.java:onNext(255)) - client-23C834B07313->edccc055-c3f5-47df-b30f-76e8836f4c59: receive RaftClientReply:client-23C834B07313->edccc055-c3f5-47df-b30f-76e8836f4c59@group-ED32739C8BBB, cid=2945, SUCCESS, logIndex=4413, commits[edccc055-c3f5-47df-b30f-76e8836f4c59:c4413, f9704f82-adf1-457c-ad29-9b573bc67fa6:c4409, 932806d8-5f5d-4457-8f95-c9b7f9036eae:c4409]
2019-08-07 03:27:32,561 INFO  client.GrpcClientProtocolClient (GrpcClientProtocolClient.java:onNext(255)) - client-23C834B07313->edccc055-c3f5-47df-b30f-76e8836f4c59: receive RaftClientReply:client-23C834B07313->edccc055-c3f5-47df-b30f-76e8836f4c59@group-ED32739C8BBB, cid=2946, SUCCESS, logIndex=0, commits[edccc055-c3f5-47df-b30f-76e8836f4c59:c4415, f9704f82-adf1-457c-ad29-9b573bc67fa6:c4411, 932806d8-5f5d-4457-8f95-c9b7f9036eae:c4411]
2019-08-07 03:27:32,580 INFO  client.GrpcClientProtocolClient (GrpcClientProtocolClient.java:onNext(255)) - client-23C834B07313->edccc055-c3f5-47df-b30f-76e8836f4c59: receive RaftClientReply:client-23C834B07313->edccc055-c3f5-47df-b30f-76e8836f4c59@group-ED32739C8BBB, cid=2947, SUCCESS, logIndex=4418, commits[edccc055-c3f5-47df-b30f-76e8836f4c59:c4419, f9704f82-adf1-457c-ad29-9b573bc67fa6:c4417, 932806d8-5f5d-4457-8f95-c9b7f9036eae:c4417]
2019-08-07 03:27:32,581 INFO  client.GrpcClientProtocolClient (GrpcClientProtocolClient.java:onNext(255)) - client-23C834B07313->edccc055-c3f5-47df-b30f-76e8836f4c59: receive RaftClientReply:client-23C834B07313->edccc055-c3f5-47df-b30f-76e8836f4c59@group-ED32739C8BBB, cid=2948, SUCCESS, logIndex=4419, commits[edccc055-c3f5-47df-b30f-76e8836f4c59:c4419, f9704f82-adf1-457c-ad29-9b573bc67fa6:c4417, 932806d8-5f5d-4457-8f95-c9b7f9036eae:c4417]
2019-08-07 03:27:32,605 INFO  client.GrpcClientProtocolClient (GrpcClientProtocolClient.java:onNext(255)) - client-23C834B07313->edccc055-c3f5-47df-b30f-76e8836f4c59: receive RaftClientReply:client-23C834B07313->edccc055-c3f5-47df-b30f-76e8836f4c59@group-ED32739C8BBB, cid=2949, SUCCESS, logIndex=4422, commits[edccc055-c3f5-47df-b30f-76e8836f4c59:c4423, f9704f82-adf1-457c-ad29-9b573bc67fa6:c4419, 932806d8-5f5d-4457-8f95-c9b7f9036eae:c4419]
2019-08-07 03:27:32,605 INFO  client.GrpcClientProtocolClient (GrpcClientProtocolClient.java:onNext(255)) - client-23C834B07313->edccc055-c3f5-47df-b30f-76e8836f4c59: receive RaftClientReply:client-23C834B07313->edccc055-c3f5-47df-b30f-76e8836f4c59@group-ED32739C8BBB, cid=2950, SUCCESS, logIndex=4423, commits[edccc055-c3f5-47df-b30f-76e8836f4c59:c4423, f9704f82-adf1-457c-ad29-9b573bc67fa6:c4419, 932806d8-5f5d-4457-8f95-c9b7f9036eae:c4419]
2019-08-07 03:27:32,631 INFO  client.GrpcClientProtocolClient (GrpcClientProtocolClient.java:onNext(255)) - client-23C834B07313->edccc055-c3f5-47df-b30f-76e8836f4c59: receive RaftClientReply:client-23C834B07313->edccc055-c3f5-47df-b30f-76e8836f4c59@group-ED32739C8BBB, cid=2951, SUCCESS, logIndex=0, commits[edccc055-c3f5-47df-b30f-76e8836f4c59:c4425, f9704f82-adf1-457c-ad29-9b573bc67fa6:c4423, 932806d8-5f5d-4457-8f95-c9b7f9036eae:c4423]
2019-08-07 03:27:32,667 INFO  client.GrpcClientProtocolClient (GrpcClientProtocolClient.java:onNext(255)) - client-23C834B07313->edccc055-c3f5-47df-b30f-76e8836f4c59: receive RaftClientReply:client-23C834B07313->edccc055-c3f5-47df-b30f-76e8836f4c59@group-ED32739C8BBB, cid=2952, SUCCESS, logIndex=4426, commits[edccc055-c3f5-47df-b30f-76e8836f4c59:c4426, f9704f82-adf1-457c-ad29-9b573bc67fa6:c4425, 932806d8-5f5d-4457-8f95-c9b7f9036eae:c4425]
2019-08-07 03:27:32,667 INFO  client.GrpcClientProtocolClient (GrpcClientProtocolClient.java:onNext(255)) - client-23C834B07313->edccc055-c3f5-47df-b30f-76e8836f4c59: receive RaftClientReply:client-23C834B07313->edccc055-c3f5-47df-b30f-76e8836f4c59@group-ED32739C8BBB, cid=2953, SUCCESS, logIndex=4427, commits[edccc055-c3f5-47df-b30f-76e8836f4c59:c4429, f9704f82-adf1-457c-ad29-9b573bc67fa6:c4425, 932806d8-5f5d-4457-8f95-c9b7f9036eae:c4425]
2019-08-07 03:27:32,667 INFO  client.GrpcClientProtocolClient (GrpcClientProtocolClient.java:onNext(255)) - client-23C834B07313->edccc055-c3f5-47df-b30f-76e8836f4c59: receive RaftClientReply:client-23C834B07313->edccc055-c3f5-47df-b30f-76e8836f4c59@group-ED32739C8BBB, cid=2954, SUCCESS, logIndex=4428, commits[edccc055-c3f5-47df-b30f-76e8836f4c59:c4429, f9704f82-adf1-457c-ad29-9b573bc67fa6:c4425, 932806d8-5f5d-4457-8f95-c9b7f9036eae:c4425]
2019-08-07 03:27:32,667 INFO  client.GrpcClientProtocolClient (GrpcClientProtocolClient.java:onNext(255)) - client-23C834B07313->edccc055-c3f5-47df-b30f-76e8836f4c59: receive RaftClientReply:client-23C834B07313->edccc055-c3f5-47df-b30f-76e8836f4c59@group-ED32739C8BBB, cid=2955, SUCCESS, logIndex=4429, commits[edccc055-c3f5-47df-b30f-76e8836f4c59:c4429, f9704f82-adf1-457c-ad29-9b573bc67fa6:c4425, 932806d8-5f5d-4457-8f95-c9b7f9036eae:c4425]
2019-08-07 03:27:32,699 INFO  client.GrpcClientProtocolClient (GrpcClientProtocolClient.java:onNext(255)) - client-23C834B07313->edccc055-c3f5-47df-b30f-76e8836f4c59: receive RaftClientReply:client-23C834B07313->edccc055-c3f5-47df-b30f-76e8836f4c59@group-ED32739C8BBB, cid=2956, SUCCESS, logIndex=0, commits[edccc055-c3f5-47df-b30f-76e8836f4c59:c4431, f9704f82-adf1-457c-ad29-9b573bc67fa6:c4427, 932806d8-5f5d-4457-8f95-c9b7f9036eae:c4427]
2019-08-07 03:27:32,720 INFO  client.GrpcClientProtocolClient (GrpcClientProtocolClient.java:onNext(255)) - client-23C834B07313->edccc055-c3f5-47df-b30f-76e8836f4c59: receive RaftClientReply:client-23C834B07313->edccc055-c3f5-47df-b30f-76e8836f4c59@group-ED32739C8BBB, cid=2957, SUCCESS, logIndex=4433, commits[edccc055-c3f5-47df-b30f-76e8836f4c59:c4434, f9704f82-adf1-457c-ad29-9b573bc67fa6:c4432, 932806d8-5f5d-4457-8f95-c9b7f9036eae:c4432]
2019-08-07 03:27:32,721 INFO  client.GrpcClientProtocolClient (GrpcClientProtocolClient.java:onNext(255)) - client-23C834B07313->edccc055-c3f5-47df-b30f-76e8836f4c59: receive RaftClientReply:client-23C834B07313->edccc055-c3f5-47df-b30f-76e8836f4c59@group-ED32739C8BBB, cid=2958, SUCCESS, logIndex=4434, commits[edccc055-c3f5-47df-b30f-76e8836f4c59:c4434, f9704f82-adf1-457c-ad29-9b573bc67fa6:c4432, 932806d8-5f5d-4457-8f95-c9b7f9036eae:c4432]
2019-08-07 03:27:32,736 INFO  client.GrpcClientProtocolClient (GrpcClientProtocolClient.java:onNext(255)) - client-23C834B07313->edccc055-c3f5-47df-b30f-76e8836f4c59: receive RaftClientReply:client-23C834B07313->edccc055-c3f5-47df-b30f-76e8836f4c59@group-ED32739C8BBB, cid=2959, SUCCESS, logIndex=4437, commits[edccc055-c3f5-47df-b30f-76e8836f4c59:c4438, f9704f82-adf1-457c-ad29-9b573bc67fa6:c4434, 932806d8-5f5d-4457-8f95-c9b7f9036eae:c4434]
2019-08-07 03:27:32,736 INFO  client.GrpcClientProtocolClient (GrpcClientProtocolClient.java:onNext(255)) - client-23C834B07313->edccc055-c3f5-47df-b30f-76e8836f4c59: receive RaftClientReply:client-23C834B07313->edccc055-c3f5-47df-b30f-76e8836f4c59@group-ED32739C8BBB, cid=2960, SUCCESS, logIndex=4438, commits[edccc055-c3f5-47df-b30f-76e8836f4c59:c4438, f9704f82-adf1-457c-ad29-9b573bc67fa6:c4434, 932806d8-5f5d-4457-8f95-c9b7f9036eae:c4434]
2019-08-07 03:27:32,762 INFO  client.GrpcClientProtocolClient (GrpcClientProtocolClient.java:onNext(255)) - client-23C834B07313->edccc055-c3f5-47df-b30f-76e8836f4c59: receive RaftClientReply:client-23C834B07313->edccc055-c3f5-47df-b30f-76e8836f4c59@group-ED32739C8BBB, cid=2961, SUCCESS, logIndex=0, commits[edccc055-c3f5-47df-b30f-76e8836f4c59:c4440, f9704f82-adf1-457c-ad29-9b573bc67fa6:c4438, 932806d8-5f5d-4457-8f95-c9b7f9036eae:c4438]
2019-08-07 03:27:32,797 INFO  client.GrpcClientProtocolClient (GrpcClientProtocolClient.java:onNext(255)) - client-23C834B07313->edccc055-c3f5-47df-b30f-76e8836f4c59: receive RaftClientReply:client-23C834B07313->edccc055-c3f5-47df-b30f-76e8836f4c59@group-ED32739C8BBB, cid=2962, SUCCESS, logIndex=4441, commits[edccc055-c3f5-47df-b30f-76e8836f4c59:c4442, f9704f82-adf1-457c-ad29-9b573bc67fa6:c4440, 932806d8-5f5d-4457-8f95-c9b7f9036eae:c4440]
2019-08-07 03:27:32,798 INFO  client.GrpcClientProtocolClient (GrpcClientProtocolClient.java:onNext(255)) - client-23C834B07313->edccc055-c3f5-47df-b30f-76e8836f4c59: receive RaftClientReply:client-23C834B07313->edccc055-c3f5-47df-b30f-76e8836f4c59@group-ED32739C8BBB, cid=2963, SUCCESS, logIndex=4442, commits[edccc055-c3f5-47df-b30f-76e8836f4c59:c4442, f9704f82-adf1-457c-ad29-9b573bc67fa6:c4440, 932806d8-5f5d-4457-8f95-c9b7f9036eae:c4440]
2019-08-07 03:27:32,808 INFO  client.GrpcClientProtocolClient (GrpcClientProtocolClient.java:onNext(255)) - client-23C834B07313->edccc055-c3f5-47df-b30f-76e8836f4c59: receive RaftClientReply:client-23C834B07313->edccc055-c3f5-47df-b30f-76e8836f4c59@group-ED32739C8BBB, cid=2964, SUCCESS, logIndex=4443, commits[edccc055-c3f5-47df-b30f-76e8836f4c59:c4443, f9704f82-adf1-457c-ad29-9b573bc67fa6:c4440, 932806d8-5f5d-4457-8f95-c9b7f9036eae:c4440]
2019-08-07 03:27:32,809 INFO  client.GrpcClientProtocolClient (GrpcClientProtocolClient.java:onNext(255)) - client-23C834B07313->edccc055-c3f5-47df-b30f-76e8836f4c59: receive RaftClientReply:client-23C834B07313->edccc055-c3f5-47df-b30f-76e8836f4c59@group-ED32739C8BBB, cid=2965, SUCCESS, logIndex=4444, commits[edccc055-c3f5-47df-b30f-76e8836f4c59:c4444, f9704f82-adf1-457c-ad29-9b573bc67fa6:c4440, 932806d8-5f5d-4457-8f95-c9b7f9036eae:c4440]
2019-08-07 03:27:32,810 INFO  client.GrpcClientProtocolClient (GrpcClientProtocolClient.java:onNext(255)) - client-23C834B07313->edccc055-c3f5-47df-b30f-76e8836f4c59: receive RaftClientReply:client-23C834B07313->edccc055-c3f5-47df-b30f-76e8836f4c59@group-ED32739C8BBB, cid=2966, SUCCESS, logIndex=0, commits[edccc055-c3f5-47df-b30f-76e8836f4c59:c4446, f9704f82-adf1-457c-ad29-9b573bc67fa6:c4442, 932806d8-5f5d-4457-8f95-c9b7f9036eae:c4442]
2019-08-07 03:27:32,830 INFO  client.GrpcClientProtocolClient (GrpcClientProtocolClient.java:onNext(255)) - client-23C834B07313->edccc055-c3f5-47df-b30f-76e8836f4c59: receive RaftClientReply:client-23C834B07313->edccc055-c3f5-47df-b30f-76e8836f4c59@group-ED32739C8BBB, cid=2967, SUCCESS, logIndex=4449, commits[edccc055-c3f5-47df-b30f-76e8836f4c59:c4450, f9704f82-adf1-457c-ad29-9b573bc67fa6:c4448, 932806d8-5f5d-4457-8f95-c9b7f9036eae:c4448]
2019-08-07 03:27:32,831 INFO  client.GrpcClientProtocolClient (GrpcClientProtocolClient.java:onNext(255)) - client-23C834B07313->edccc055-c3f5-47df-b30f-76e8836f4c59: receive RaftClientReply:client-23C834B07313->edccc055-c3f5-47df-b30f-76e8836f4c59@group-ED32739C8BBB, cid=2968, SUCCESS, logIndex=4450, commits[edccc055-c3f5-47df-b30f-76e8836f4c59:c4450, f9704f82-adf1-457c-ad29-9b573bc67fa6:c4448, 932806d8-5f5d-4457-8f95-c9b7f9036eae:c4448]
2019-08-07 03:27:32,855 INFO  client.GrpcClientProtocolClient (GrpcClientProtocolClient.java:onNext(255)) - client-23C834B07313->edccc055-c3f5-47df-b30f-76e8836f4c59: receive RaftClientReply:client-23C834B07313->edccc055-c3f5-47df-b30f-76e8836f4c59@group-ED32739C8BBB, cid=2969, SUCCESS, logIndex=4453, commits[edccc055-c3f5-47df-b30f-76e8836f4c59:c4453, f9704f82-adf1-457c-ad29-9b573bc67fa6:c4450, 932806d8-5f5d-4457-8f95-c9b7f9036eae:c4450]
2019-08-07 03:27:32,856 INFO  client.GrpcClientProtocolClient (GrpcClientProtocolClient.java:onNext(255)) - client-23C834B07313->edccc055-c3f5-47df-b30f-76e8836f4c59: receive RaftClientReply:client-23C834B07313->edccc055-c3f5-47df-b30f-76e8836f4c59@group-ED32739C8BBB, cid=2970, SUCCESS, logIndex=4454, commits[edccc055-c3f5-47df-b30f-76e8836f4c59:c4454, f9704f82-adf1-457c-ad29-9b573bc67fa6:c4450, 932806d8-5f5d-4457-8f95-c9b7f9036eae:c4450]
2019-08-07 03:27:32,881 INFO  client.GrpcClientProtocolClient (GrpcClientProtocolClient.java:onNext(255)) - client-23C834B07313->edccc055-c3f5-47df-b30f-76e8836f4c59: receive RaftClientReply:client-23C834B07313->edccc055-c3f5-47df-b30f-76e8836f4c59@group-ED32739C8BBB, cid=2971, SUCCESS, logIndex=0, commits[edccc055-c3f5-47df-b30f-76e8836f4c59:c4456, f9704f82-adf1-457c-ad29-9b573bc67fa6:c4454, 932806d8-5f5d-4457-8f95-c9b7f9036eae:c4454]
2019-08-07 03:27:32,916 INFO  client.GrpcClientProtocolClient (GrpcClientProtocolClient.java:onNext(255)) - client-23C834B07313->edccc055-c3f5-47df-b30f-76e8836f4c59: receive RaftClientReply:client-23C834B07313->edccc055-c3f5-47df-b30f-76e8836f4c59@group-ED32739C8BBB, cid=2972, SUCCESS, logIndex=4457, commits[edccc055-c3f5-47df-b30f-76e8836f4c59:c4458, f9704f82-adf1-457c-ad29-9b573bc67fa6:c4456, 932806d8-5f5d-4457-8f95-c9b7f9036eae:c4456]
2019-08-07 03:27:32,916 INFO  client.GrpcClientProtocolClient (GrpcClientProtocolClient.java:onNext(255)) - client-23C834B07313->edccc055-c3f5-47df-b30f-76e8836f4c59: receive RaftClientReply:client-23C834B07313->edccc055-c3f5-47df-b30f-76e8836f4c59@group-ED32739C8BBB, cid=2973, SUCCESS, logIndex=4458, commits[edccc055-c3f5-47df-b30f-76e8836f4c59:c4460, f9704f82-adf1-457c-ad29-9b573bc67fa6:c4456, 932806d8-5f5d-4457-8f95-c9b7f9036eae:c4456]
2019-08-07 03:27:32,917 INFO  client.GrpcClientProtocolClient (GrpcClientProtocolClient.java:onNext(255)) - client-23C834B07313->edccc055-c3f5-47df-b30f-76e8836f4c59: receive RaftClientReply:client-23C834B07313->edccc055-c3f5-47df-b30f-76e8836f4c59@group-ED32739C8BBB, cid=2974, SUCCESS, logIndex=4459, commits[edccc055-c3f5-47df-b30f-76e8836f4c59:c4460, f9704f82-adf1-457c-ad29-9b573bc67fa6:c4456, 932806d8-5f5d-4457-8f95-c9b7f9036eae:c4456]
2019-08-07 03:27:32,917 INFO  client.GrpcClientProtocolClient (GrpcClientProtocolClient.java:onNext(255)) - client-23C834B07313->edccc055-c3f5-47df-b30f-76e8836f4c59: receive RaftClientReply:client-23C834B07313->edccc055-c3f5-47df-b30f-76e8836f4c59@group-ED32739C8BBB, cid=2975, SUCCESS, logIndex=4460, commits[edccc055-c3f5-47df-b30f-76e8836f4c59:c4460, f9704f82-adf1-457c-ad29-9b573bc67fa6:c4457, 932806d8-5f5d-4457-8f95-c9b7f9036eae:c4456]
2019-08-07 03:27:32,920 INFO  client.GrpcClientProtocolClient (GrpcClientProtocolClient.java:onNext(255)) - client-23C834B07313->edccc055-c3f5-47df-b30f-76e8836f4c59: receive RaftClientReply:client-23C834B07313->edccc055-c3f5-47df-b30f-76e8836f4c59@group-ED32739C8BBB, cid=2976, SUCCESS, logIndex=0, commits[edccc055-c3f5-47df-b30f-76e8836f4c59:c4462, f9704f82-adf1-457c-ad29-9b573bc67fa6:c4458, 932806d8-5f5d-4457-8f95-c9b7f9036eae:c4458]
2019-08-07 03:27:32,947 INFO  client.GrpcClientProtocolClient (GrpcClientProtocolClient.java:onNext(255)) - client-23C834B07313->edccc055-c3f5-47df-b30f-76e8836f4c59: receive RaftClientReply:client-23C834B07313->edccc055-c3f5-47df-b30f-76e8836f4c59@group-ED32739C8BBB, cid=2977, SUCCESS, logIndex=4464, commits[edccc055-c3f5-47df-b30f-76e8836f4c59:c4465, f9704f82-adf1-457c-ad29-9b573bc67fa6:c4463, 932806d8-5f5d-4457-8f95-c9b7f9036eae:c4463]
2019-08-07 03:27:32,947 INFO  client.GrpcClientProtocolClient (GrpcClientProtocolClient.java:onNext(255)) - client-23C834B07313->edccc055-c3f5-47df-b30f-76e8836f4c59: receive RaftClientReply:client-23C834B07313->edccc055-c3f5-47df-b30f-76e8836f4c59@group-ED32739C8BBB, cid=2978, SUCCESS, logIndex=4465, commits[edccc055-c3f5-47df-b30f-76e8836f4c59:c4465, f9704f82-adf1-457c-ad29-9b573bc67fa6:c4463, 932806d8-5f5d-4457-8f95-c9b7f9036eae:c4463]
2019-08-07 03:27:32,970 INFO  client.GrpcClientProtocolClient (GrpcClientProtocolClient.java:onNext(255)) - client-23C834B07313->edccc055-c3f5-47df-b30f-76e8836f4c59: receive RaftClientReply:client-23C834B07313->edccc055-c3f5-47df-b30f-76e8836f4c59@group-ED32739C8BBB, cid=2979, SUCCESS, logIndex=4468, commits[edccc055-c3f5-47df-b30f-76e8836f4c59:c4469, f9704f82-adf1-457c-ad29-9b573bc67fa6:c4467, 932806d8-5f5d-4457-8f95-c9b7f9036eae:c4467]
2019-08-07 03:27:32,971 INFO  client.GrpcClientProtocolClient (GrpcClientProtocolClient.java:onNext(255)) - client-23C834B07313->edccc055-c3f5-47df-b30f-76e8836f4c59: receive RaftClientReply:client-23C834B07313->edccc055-c3f5-47df-b30f-76e8836f4c59@group-ED32739C8BBB, cid=2980, SUCCESS, logIndex=4469, commits[edccc055-c3f5-47df-b30f-76e8836f4c59:c4469, f9704f82-adf1-457c-ad29-9b573bc67fa6:c4467, 932806d8-5f5d-4457-8f95-c9b7f9036eae:c4467]
2019-08-07 03:27:32,986 INFO  client.GrpcClientProtocolClient (GrpcClientProtocolClient.java:onNext(255)) - client-23C834B07313->edccc055-c3f5-47df-b30f-76e8836f4c59: receive RaftClientReply:client-23C834B07313->edccc055-c3f5-47df-b30f-76e8836f4c59@group-ED32739C8BBB, cid=2981, SUCCESS, logIndex=0, commits[edccc055-c3f5-47df-b30f-76e8836f4c59:c4471, f9704f82-adf1-457c-ad29-9b573bc67fa6:c4469, 932806d8-5f5d-4457-8f95-c9b7f9036eae:c4469]
2019-08-07 03:27:33,022 INFO  client.GrpcClientProtocolClient (GrpcClientProtocolClient.java:onNext(255)) - client-23C834B07313->edccc055-c3f5-47df-b30f-76e8836f4c59: receive RaftClientReply:client-23C834B07313->edccc055-c3f5-47df-b30f-76e8836f4c59@group-ED32739C8BBB, cid=2982, SUCCESS, logIndex=4472, commits[edccc055-c3f5-47df-b30f-76e8836f4c59:c4473, f9704f82-adf1-457c-ad29-9b573bc67fa6:c4471, 932806d8-5f5d-4457-8f95-c9b7f9036eae:c4471]
2019-08-07 03:27:33,022 INFO  client.GrpcClientProtocolClient (GrpcClientProtocolClient.java:onNext(255)) - client-23C834B07313->edccc055-c3f5-47df-b30f-76e8836f4c59: receive RaftClientReply:client-23C834B07313->edccc055-c3f5-47df-b30f-76e8836f4c59@group-ED32739C8BBB, cid=2983, SUCCESS, logIndex=4473, commits[edccc055-c3f5-47df-b30f-76e8836f4c59:c4473, f9704f82-adf1-457c-ad29-9b573bc67fa6:c4471, 932806d8-5f5d-4457-8f95-c9b7f9036eae:c4471]
2019-08-07 03:27:33,049 INFO  client.GrpcClientProtocolClient (GrpcClientProtocolClient.java:onNext(255)) - client-23C834B07313->edccc055-c3f5-47df-b30f-76e8836f4c59: receive RaftClientReply:client-23C834B07313->edccc055-c3f5-47df-b30f-76e8836f4c59@group-ED32739C8BBB, cid=2984, SUCCESS, logIndex=4474, commits[edccc055-c3f5-47df-b30f-76e8836f4c59:c4475, f9704f82-adf1-457c-ad29-9b573bc67fa6:c4471, 932806d8-5f5d-4457-8f95-c9b7f9036eae:c4471]
2019-08-07 03:27:33,050 INFO  client.GrpcClientProtocolClient (GrpcClientProtocolClient.java:onNext(255)) - client-23C834B07313->edccc055-c3f5-47df-b30f-76e8836f4c59: receive RaftClientReply:client-23C834B07313->edccc055-c3f5-47df-b30f-76e8836f4c59@group-ED32739C8BBB, cid=2985, SUCCESS, logIndex=4475, commits[edccc055-c3f5-47df-b30f-76e8836f4c59:c4475, f9704f82-adf1-457c-ad29-9b573bc67fa6:c4471, 932806d8-5f5d-4457-8f95-c9b7f9036eae:c4471]
2019-08-07 03:27:33,052 INFO  client.GrpcClientProtocolClient (GrpcClientProtocolClient.java:onNext(255)) - client-23C834B07313->edccc055-c3f5-47df-b30f-76e8836f4c59: receive RaftClientReply:client-23C834B07313->edccc055-c3f5-47df-b30f-76e8836f4c59@group-ED32739C8BBB, cid=2986, SUCCESS, logIndex=0, commits[edccc055-c3f5-47df-b30f-76e8836f4c59:c4477, f9704f82-adf1-457c-ad29-9b573bc67fa6:c4473, 932806d8-5f5d-4457-8f95-c9b7f9036eae:c4473]
2019-08-07 03:27:33,079 INFO  client.GrpcClientProtocolClient (GrpcClientProtocolClient.java:onNext(255)) - client-23C834B07313->edccc055-c3f5-47df-b30f-76e8836f4c59: receive RaftClientReply:client-23C834B07313->edccc055-c3f5-47df-b30f-76e8836f4c59@group-ED32739C8BBB, cid=2987, SUCCESS, logIndex=4480, commits[edccc055-c3f5-47df-b30f-76e8836f4c59:c4481, f9704f82-adf1-457c-ad29-9b573bc67fa6:c4477, 932806d8-5f5d-4457-8f95-c9b7f9036eae:c4477]
2019-08-07 03:27:33,080 INFO  client.GrpcClientProtocolClient (GrpcClientProtocolClient.java:onNext(255)) - client-23C834B07313->edccc055-c3f5-47df-b30f-76e8836f4c59: receive RaftClientReply:client-23C834B07313->edccc055-c3f5-47df-b30f-76e8836f4c59@group-ED32739C8BBB, cid=2988, SUCCESS, logIndex=4481, commits[edccc055-c3f5-47df-b30f-76e8836f4c59:c4481, f9704f82-adf1-457c-ad29-9b573bc67fa6:c4477, 932806d8-5f5d-4457-8f95-c9b7f9036eae:c4477]
2019-08-07 03:27:33,106 INFO  client.GrpcClientProtocolClient (GrpcClientProtocolClient.java:onNext(255)) - client-23C834B07313->edccc055-c3f5-47df-b30f-76e8836f4c59: receive RaftClientReply:client-23C834B07313->edccc055-c3f5-47df-b30f-76e8836f4c59@group-ED32739C8BBB, cid=2989, SUCCESS, logIndex=4484, commits[edccc055-c3f5-47df-b30f-76e8836f4c59:c4484, f9704f82-adf1-457c-ad29-9b573bc67fa6:c4481, 932806d8-5f5d-4457-8f95-c9b7f9036eae:c4481]
2019-08-07 03:27:33,106 INFO  client.GrpcClientProtocolClient (GrpcClientProtocolClient.java:onNext(255)) - client-23C834B07313->edccc055-c3f5-47df-b30f-76e8836f4c59: receive RaftClientReply:client-23C834B07313->edccc055-c3f5-47df-b30f-76e8836f4c59@group-ED32739C8BBB, cid=2990, SUCCESS, logIndex=4485, commits[edccc055-c3f5-47df-b30f-76e8836f4c59:c4485, f9704f82-adf1-457c-ad29-9b573bc67fa6:c4481, 932806d8-5f5d-4457-8f95-c9b7f9036eae:c4481]
2019-08-07 03:27:33,132 INFO  client.GrpcClientProtocolClient (GrpcClientProtocolClient.java:onNext(255)) - client-23C834B07313->edccc055-c3f5-47df-b30f-76e8836f4c59: receive RaftClientReply:client-23C834B07313->edccc055-c3f5-47df-b30f-76e8836f4c59@group-ED32739C8BBB, cid=2991, SUCCESS, logIndex=0, commits[edccc055-c3f5-47df-b30f-76e8836f4c59:c4487, f9704f82-adf1-457c-ad29-9b573bc67fa6:c4485, 932806d8-5f5d-4457-8f95-c9b7f9036eae:c4485]
2019-08-07 03:27:33,176 INFO  client.GrpcClientProtocolClient (GrpcClientProtocolClient.java:onNext(255)) - client-23C834B07313->edccc055-c3f5-47df-b30f-76e8836f4c59: receive RaftClientReply:client-23C834B07313->edccc055-c3f5-47df-b30f-76e8836f4c59@group-ED32739C8BBB, cid=2992, SUCCESS, logIndex=4488, commits[edccc055-c3f5-47df-b30f-76e8836f4c59:c4489, f9704f82-adf1-457c-ad29-9b573bc67fa6:c4487, 932806d8-5f5d-4457-8f95-c9b7f9036eae:c4487]
2019-08-07 03:27:33,177 INFO  client.GrpcClientProtocolClient (GrpcClientProtocolClient.java:onNext(255)) - client-23C834B07313->edccc055-c3f5-47df-b30f-76e8836f4c59: receive RaftClientReply:client-23C834B07313->edccc055-c3f5-47df-b30f-76e8836f4c59@group-ED32739C8BBB, cid=2993, SUCCESS, logIndex=4489, commits[edccc055-c3f5-47df-b30f-76e8836f4c59:c4491, f9704f82-adf1-457c-ad29-9b573bc67fa6:c4487, 932806d8-5f5d-4457-8f95-c9b7f9036eae:c4487]
2019-08-07 03:27:33,177 INFO  client.GrpcClientProtocolClient (GrpcClientProtocolClient.java:onNext(255)) - client-23C834B07313->edccc055-c3f5-47df-b30f-76e8836f4c59: receive RaftClientReply:client-23C834B07313->edccc055-c3f5-47df-b30f-76e8836f4c59@group-ED32739C8BBB, cid=2994, SUCCESS, logIndex=4490, commits[edccc055-c3f5-47df-b30f-76e8836f4c59:c4491, f9704f82-adf1-457c-ad29-9b573bc67fa6:c4487, 932806d8-5f5d-4457-8f95-c9b7f9036eae:c4487]
2019-08-07 03:27:33,177 INFO  client.GrpcClientProtocolClient (GrpcClientProtocolClient.java:onNext(255)) - client-23C834B07313->edccc055-c3f5-47df-b30f-76e8836f4c59: receive RaftClientReply:client-23C834B07313->edccc055-c3f5-47df-b30f-76e8836f4c59@group-ED32739C8BBB, cid=2995, SUCCESS, logIndex=4491, commits[edccc055-c3f5-47df-b30f-76e8836f4c59:c4491, f9704f82-adf1-457c-ad29-9b573bc67fa6:c4487, 932806d8-5f5d-4457-8f95-c9b7f9036eae:c4487]
2019-08-07 03:27:33,181 INFO  client.GrpcClientProtocolClient (GrpcClientProtocolClient.java:onNext(255)) - client-23C834B07313->edccc055-c3f5-47df-b30f-76e8836f4c59: receive RaftClientReply:client-23C834B07313->edccc055-c3f5-47df-b30f-76e8836f4c59@group-ED32739C8BBB, cid=2996, SUCCESS, logIndex=0, commits[edccc055-c3f5-47df-b30f-76e8836f4c59:c4493, f9704f82-adf1-457c-ad29-9b573bc67fa6:c4489, 932806d8-5f5d-4457-8f95-c9b7f9036eae:c4489]
2019-08-07 03:27:33,206 INFO  client.GrpcClientProtocolClient (GrpcClientProtocolClient.java:onNext(255)) - client-23C834B07313->edccc055-c3f5-47df-b30f-76e8836f4c59: receive RaftClientReply:client-23C834B07313->edccc055-c3f5-47df-b30f-76e8836f4c59@group-ED32739C8BBB, cid=2997, SUCCESS, logIndex=4496, commits[edccc055-c3f5-47df-b30f-76e8836f4c59:c4497, f9704f82-adf1-457c-ad29-9b573bc67fa6:c4491, 932806d8-5f5d-4457-8f95-c9b7f9036eae:c4495]
2019-08-07 03:27:33,207 INFO  client.GrpcClientProtocolClient (GrpcClientProtocolClient.java:onNext(255)) - client-23C834B07313->edccc055-c3f5-47df-b30f-76e8836f4c59: receive RaftClientReply:client-23C834B07313->edccc055-c3f5-47df-b30f-76e8836f4c59@group-ED32739C8BBB, cid=2998, SUCCESS, logIndex=4497, commits[edccc055-c3f5-47df-b30f-76e8836f4c59:c4497, f9704f82-adf1-457c-ad29-9b573bc67fa6:c4495, 932806d8-5f5d-4457-8f95-c9b7f9036eae:c4495]
2019-08-07 03:27:33,220 INFO  client.GrpcClientProtocolClient (GrpcClientProtocolClient.java:onNext(255)) - client-23C834B07313->edccc055-c3f5-47df-b30f-76e8836f4c59: receive RaftClientReply:client-23C834B07313->edccc055-c3f5-47df-b30f-76e8836f4c59@group-ED32739C8BBB, cid=2999, SUCCESS, logIndex=4500, commits[edccc055-c3f5-47df-b30f-76e8836f4c59:c4501, f9704f82-adf1-457c-ad29-9b573bc67fa6:c4497, 932806d8-5f5d-4457-8f95-c9b7f9036eae:c4497]
2019-08-07 03:27:33,220 INFO  client.GrpcClientProtocolClient (GrpcClientProtocolClient.java:onNext(255)) - client-23C834B07313->edccc055-c3f5-47df-b30f-76e8836f4c59: receive RaftClientReply:client-23C834B07313->edccc055-c3f5-47df-b30f-76e8836f4c59@group-ED32739C8BBB, cid=3000, SUCCESS, logIndex=4501, commits[edccc055-c3f5-47df-b30f-76e8836f4c59:c4501, f9704f82-adf1-457c-ad29-9b573bc67fa6:c4497, 932806d8-5f5d-4457-8f95-c9b7f9036eae:c4497]
2019-08-07 03:27:33,232 INFO  client.GrpcClientProtocolClient (GrpcClientProtocolClient.java:onNext(255)) - client-23C834B07313->edccc055-c3f5-47df-b30f-76e8836f4c59: receive RaftClientReply:client-23C834B07313->edccc055-c3f5-47df-b30f-76e8836f4c59@group-ED32739C8BBB, cid=3001, SUCCESS, logIndex=0, commits[edccc055-c3f5-47df-b30f-76e8836f4c59:c4503, f9704f82-adf1-457c-ad29-9b573bc67fa6:c4501, 932806d8-5f5d-4457-8f95-c9b7f9036eae:c4501]
2019-08-07 03:27:33,265 INFO  client.GrpcClientProtocolClient (GrpcClientProtocolClient.java:onNext(255)) - client-23C834B07313->edccc055-c3f5-47df-b30f-76e8836f4c59: receive RaftClientReply:client-23C834B07313->edccc055-c3f5-47df-b30f-76e8836f4c59@group-ED32739C8BBB, cid=3002, SUCCESS, logIndex=4504, commits[edccc055-c3f5-47df-b30f-76e8836f4c59:c4505, f9704f82-adf1-457c-ad29-9b573bc67fa6:c4503, 932806d8-5f5d-4457-8f95-c9b7f9036eae:c4503]
2019-08-07 03:27:33,265 INFO  client.GrpcClientProtocolClient (GrpcClientProtocolClient.java:onNext(255)) - client-23C834B07313->edccc055-c3f5-47df-b30f-76e8836f4c59: receive RaftClientReply:client-23C834B07313->edccc055-c3f5-47df-b30f-76e8836f4c59@group-ED32739C8BBB, cid=3003, SUCCESS, logIndex=4505, commits[edccc055-c3f5-47df-b30f-76e8836f4c59:c4506, f9704f82-adf1-457c-ad29-9b573bc67fa6:c4503, 932806d8-5f5d-4457-8f95-c9b7f9036eae:c4503]
2019-08-07 03:27:33,265 INFO  client.GrpcClientProtocolClient (GrpcClientProtocolClient.java:onNext(255)) - client-23C834B07313->edccc055-c3f5-47df-b30f-76e8836f4c59: receive RaftClientReply:client-23C834B07313->edccc055-c3f5-47df-b30f-76e8836f4c59@group-ED32739C8BBB, cid=3004, SUCCESS, logIndex=4506, commits[edccc055-c3f5-47df-b30f-76e8836f4c59:c4507, f9704f82-adf1-457c-ad29-9b573bc67fa6:c4503, 932806d8-5f5d-4457-8f95-c9b7f9036eae:c4503]
2019-08-07 03:27:33,266 INFO  client.GrpcClientProtocolClient (GrpcClientProtocolClient.java:onNext(255)) - client-23C834B07313->edccc055-c3f5-47df-b30f-76e8836f4c59: receive RaftClientReply:client-23C834B07313->edccc055-c3f5-47df-b30f-76e8836f4c59@group-ED32739C8BBB, cid=3005, SUCCESS, logIndex=4507, commits[edccc055-c3f5-47df-b30f-76e8836f4c59:c4507, f9704f82-adf1-457c-ad29-9b573bc67fa6:c4503, 932806d8-5f5d-4457-8f95-c9b7f9036eae:c4503]
2019-08-07 03:27:33,279 INFO  client.GrpcClientProtocolClient (GrpcClientProtocolClient.java:onNext(255)) - client-23C834B07313->edccc055-c3f5-47df-b30f-76e8836f4c59: receive RaftClientReply:client-23C834B07313->edccc055-c3f5-47df-b30f-76e8836f4c59@group-ED32739C8BBB, cid=3006, SUCCESS, logIndex=0, commits[edccc055-c3f5-47df-b30f-76e8836f4c59:c4509, f9704f82-adf1-457c-ad29-9b573bc67fa6:c4505, 932806d8-5f5d-4457-8f95-c9b7f9036eae:c4505]
2019-08-07 03:27:33,300 INFO  client.GrpcClientProtocolClient (GrpcClientProtocolClient.java:onNext(255)) - client-23C834B07313->edccc055-c3f5-47df-b30f-76e8836f4c59: receive RaftClientReply:client-23C834B07313->edccc055-c3f5-47df-b30f-76e8836f4c59@group-ED32739C8BBB, cid=3007, SUCCESS, logIndex=4512, commits[edccc055-c3f5-47df-b30f-76e8836f4c59:c4513, f9704f82-adf1-457c-ad29-9b573bc67fa6:c4511, 932806d8-5f5d-4457-8f95-c9b7f9036eae:c4511]
2019-08-07 03:27:33,300 INFO  client.GrpcClientProtocolClient (GrpcClientProtocolClient.java:onNext(255)) - client-23C834B07313->edccc055-c3f5-47df-b30f-76e8836f4c59: receive RaftClientReply:client-23C834B07313->edccc055-c3f5-47df-b30f-76e8836f4c59@group-ED32739C8BBB, cid=3008, SUCCESS, logIndex=4513, commits[edccc055-c3f5-47df-b30f-76e8836f4c59:c4513, f9704f82-adf1-457c-ad29-9b573bc67fa6:c4511, 932806d8-5f5d-4457-8f95-c9b7f9036eae:c4511]
2019-08-07 03:27:33,314 INFO  client.GrpcClientProtocolClient (GrpcClientProtocolClient.java:onNext(255)) - client-23C834B07313->edccc055-c3f5-47df-b30f-76e8836f4c59: receive RaftClientReply:client-23C834B07313->edccc055-c3f5-47df-b30f-76e8836f4c59@group-ED32739C8BBB, cid=3009, SUCCESS, logIndex=4516, commits[edccc055-c3f5-47df-b30f-76e8836f4c59:c4517, f9704f82-adf1-457c-ad29-9b573bc67fa6:c4513, 932806d8-5f5d-4457-8f95-c9b7f9036eae:c4513]
2019-08-07 03:27:33,315 INFO  client.GrpcClientProtocolClient (GrpcClientProtocolClient.java:onNext(255)) - client-23C834B07313->edccc055-c3f5-47df-b30f-76e8836f4c59: receive RaftClientReply:client-23C834B07313->edccc055-c3f5-47df-b30f-76e8836f4c59@group-ED32739C8BBB, cid=3010, SUCCESS, logIndex=4517, commits[edccc055-c3f5-47df-b30f-76e8836f4c59:c4517, f9704f82-adf1-457c-ad29-9b573bc67fa6:c4513, 932806d8-5f5d-4457-8f95-c9b7f9036eae:c4513]
2019-08-07 03:27:33,326 INFO  client.GrpcClientProtocolClient (GrpcClientProtocolClient.java:onNext(255)) - client-23C834B07313->edccc055-c3f5-47df-b30f-76e8836f4c59: receive RaftClientReply:client-23C834B07313->edccc055-c3f5-47df-b30f-76e8836f4c59@group-ED32739C8BBB, cid=3011, SUCCESS, logIndex=0, commits[edccc055-c3f5-47df-b30f-76e8836f4c59:c4518, f9704f82-adf1-457c-ad29-9b573bc67fa6:c4517, 932806d8-5f5d-4457-8f95-c9b7f9036eae:c4517]
 0.00% |█                                                                                                    |  0/1 Time: 0:00:292019-08-07 03:27:33,469 INFO  client.GrpcClientProtocolClient (GrpcClientProtocolClient.java:onNext(255)) - client-23C834B07313->edccc055-c3f5-47df-b30f-76e8836f4c59: receive RaftClientReply:client-23C834B07313->edccc055-c3f5-47df-b30f-76e8836f4c59@group-ED32739C8BBB, cid=3012, SUCCESS, logIndex=4520, commits[edccc055-c3f5-47df-b30f-76e8836f4c59:c4521, f9704f82-adf1-457c-ad29-9b573bc67fa6:c4519, 932806d8-5f5d-4457-8f95-c9b7f9036eae:c4519]
2019-08-07 03:27:33,470 INFO  client.GrpcClientProtocolClient (GrpcClientProtocolClient.java:onNext(255)) - client-23C834B07313->edccc055-c3f5-47df-b30f-76e8836f4c59: receive RaftClientReply:client-23C834B07313->edccc055-c3f5-47df-b30f-76e8836f4c59@group-ED32739C8BBB, cid=3013, SUCCESS, logIndex=4521, commits[edccc055-c3f5-47df-b30f-76e8836f4c59:c4521, f9704f82-adf1-457c-ad29-9b573bc67fa6:c4519, 932806d8-5f5d-4457-8f95-c9b7f9036eae:c4519]
2019-08-07 03:27:33,483 INFO  client.GrpcClientProtocolClient (GrpcClientProtocolClient.java:onNext(255)) - client-23C834B07313->edccc055-c3f5-47df-b30f-76e8836f4c59: receive RaftClientReply:client-23C834B07313->edccc055-c3f5-47df-b30f-76e8836f4c59@group-ED32739C8BBB, cid=3014, SUCCESS, logIndex=4522, commits[edccc055-c3f5-47df-b30f-76e8836f4c59:c4523, f9704f82-adf1-457c-ad29-9b573bc67fa6:c4519, 932806d8-5f5d-4457-8f95-c9b7f9036eae:c4519]
2019-08-07 03:27:33,483 INFO  client.GrpcClientProtocolClient (GrpcClientProtocolClient.java:onNext(255)) - client-23C834B07313->edccc055-c3f5-47df-b30f-76e8836f4c59: receive RaftClientReply:client-23C834B07313->edccc055-c3f5-47df-b30f-76e8836f4c59@group-ED32739C8BBB, cid=3015, SUCCESS, logIndex=4523, commits[edccc055-c3f5-47df-b30f-76e8836f4c59:c4523, f9704f82-adf1-457c-ad29-9b573bc67fa6:c4519, 932806d8-5f5d-4457-8f95-c9b7f9036eae:c4519]
2019-08-07 03:27:33,495 INFO  client.GrpcClientProtocolClient (GrpcClientProtocolClient.java:onNext(255)) - client-23C834B07313->edccc055-c3f5-47df-b30f-76e8836f4c59: receive RaftClientReply:client-23C834B07313->edccc055-c3f5-47df-b30f-76e8836f4c59@group-ED32739C8BBB, cid=3016, SUCCESS, logIndex=0, commits[edccc055-c3f5-47df-b30f-76e8836f4c59:c4525, f9704f82-adf1-457c-ad29-9b573bc67fa6:c4521, 932806d8-5f5d-4457-8f95-c9b7f9036eae:c4521]
2019-08-07 03:27:33,523 INFO  client.GrpcClientProtocolClient (GrpcClientProtocolClient.java:onNext(255)) - client-23C834B07313->edccc055-c3f5-47df-b30f-76e8836f4c59: receive RaftClientReply:client-23C834B07313->edccc055-c3f5-47df-b30f-76e8836f4c59@group-ED32739C8BBB, cid=3017, SUCCESS, logIndex=4528, commits[edccc055-c3f5-47df-b30f-76e8836f4c59:c4529, f9704f82-adf1-457c-ad29-9b573bc67fa6:c4523, 932806d8-5f5d-4457-8f95-c9b7f9036eae:c4525]
2019-08-07 03:27:33,524 INFO  client.GrpcClientProtocolClient (GrpcClientProtocolClient.java:onNext(255)) - client-23C834B07313->edccc055-c3f5-47df-b30f-76e8836f4c59: receive RaftClientReply:client-23C834B07313->edccc055-c3f5-47df-b30f-76e8836f4c59@group-ED32739C8BBB, cid=3018, SUCCESS, logIndex=4529, commits[edccc055-c3f5-47df-b30f-76e8836f4c59:c4529, f9704f82-adf1-457c-ad29-9b573bc67fa6:c4525, 932806d8-5f5d-4457-8f95-c9b7f9036eae:c4525]
2019-08-07 03:27:33,550 INFO  client.GrpcClientProtocolClient (GrpcClientProtocolClient.java:onNext(255)) - client-23C834B07313->edccc055-c3f5-47df-b30f-76e8836f4c59: receive RaftClientReply:client-23C834B07313->edccc055-c3f5-47df-b30f-76e8836f4c59@group-ED32739C8BBB, cid=3019, SUCCESS, logIndex=4532, commits[edccc055-c3f5-47df-b30f-76e8836f4c59:c4532, f9704f82-adf1-457c-ad29-9b573bc67fa6:c4529, 932806d8-5f5d-4457-8f95-c9b7f9036eae:c4529]
2019-08-07 03:27:33,550 INFO  client.GrpcClientProtocolClient (GrpcClientProtocolClient.java:onNext(255)) - client-23C834B07313->edccc055-c3f5-47df-b30f-76e8836f4c59: receive RaftClientReply:client-23C834B07313->edccc055-c3f5-47df-b30f-76e8836f4c59@group-ED32739C8BBB, cid=3020, SUCCESS, logIndex=4533, commits[edccc055-c3f5-47df-b30f-76e8836f4c59:c4533, f9704f82-adf1-457c-ad29-9b573bc67fa6:c4529, 932806d8-5f5d-4457-8f95-c9b7f9036eae:c4529]
2019-08-07 03:27:33,565 INFO  client.GrpcClientProtocolClient (GrpcClientProtocolClient.java:onNext(255)) - client-23C834B07313->edccc055-c3f5-47df-b30f-76e8836f4c59: receive RaftClientReply:client-23C834B07313->edccc055-c3f5-47df-b30f-76e8836f4c59@group-ED32739C8BBB, cid=3021, SUCCESS, logIndex=0, commits[edccc055-c3f5-47df-b30f-76e8836f4c59:c4535, f9704f82-adf1-457c-ad29-9b573bc67fa6:c4533, 932806d8-5f5d-4457-8f95-c9b7f9036eae:c4533]
2019-08-07 03:27:33,595 INFO  client.GrpcClientProtocolClient (GrpcClientProtocolClient.java:onNext(255)) - client-23C834B07313->edccc055-c3f5-47df-b30f-76e8836f4c59: receive RaftClientReply:client-23C834B07313->edccc055-c3f5-47df-b30f-76e8836f4c59@group-ED32739C8BBB, cid=3022, SUCCESS, logIndex=4536, commits[edccc055-c3f5-47df-b30f-76e8836f4c59:c4538, f9704f82-adf1-457c-ad29-9b573bc67fa6:c4535, 932806d8-5f5d-4457-8f95-c9b7f9036eae:c4535]
2019-08-07 03:27:33,596 INFO  client.GrpcClientProtocolClient (GrpcClientProtocolClient.java:onNext(255)) - client-23C834B07313->edccc055-c3f5-47df-b30f-76e8836f4c59: receive RaftClientReply:client-23C834B07313->edccc055-c3f5-47df-b30f-76e8836f4c59@group-ED32739C8BBB, cid=3023, SUCCESS, logIndex=4537, commits[edccc055-c3f5-47df-b30f-76e8836f4c59:c4539, f9704f82-adf1-457c-ad29-9b573bc67fa6:c4535, 932806d8-5f5d-4457-8f95-c9b7f9036eae:c4535]
2019-08-07 03:27:33,596 INFO  client.GrpcClientProtocolClient (GrpcClientProtocolClient.java:onNext(255)) - client-23C834B07313->edccc055-c3f5-47df-b30f-76e8836f4c59: receive RaftClientReply:client-23C834B07313->edccc055-c3f5-47df-b30f-76e8836f4c59@group-ED32739C8BBB, cid=3024, SUCCESS, logIndex=4538, commits[edccc055-c3f5-47df-b30f-76e8836f4c59:c4539, f9704f82-adf1-457c-ad29-9b573bc67fa6:c4535, 932806d8-5f5d-4457-8f95-c9b7f9036eae:c4535]
2019-08-07 03:27:33,596 INFO  client.GrpcClientProtocolClient (GrpcClientProtocolClient.java:onNext(255)) - client-23C834B07313->edccc055-c3f5-47df-b30f-76e8836f4c59: receive RaftClientReply:client-23C834B07313->edccc055-c3f5-47df-b30f-76e8836f4c59@group-ED32739C8BBB, cid=3025, SUCCESS, logIndex=4539, commits[edccc055-c3f5-47df-b30f-76e8836f4c59:c4539, f9704f82-adf1-457c-ad29-9b573bc67fa6:c4535, 932806d8-5f5d-4457-8f95-c9b7f9036eae:c4535]
2019-08-07 03:27:33,610 INFO  client.GrpcClientProtocolClient (GrpcClientProtocolClient.java:onNext(255)) - client-23C834B07313->edccc055-c3f5-47df-b30f-76e8836f4c59: receive RaftClientReply:client-23C834B07313->edccc055-c3f5-47df-b30f-76e8836f4c59@group-ED32739C8BBB, cid=3026, SUCCESS, logIndex=0, commits[edccc055-c3f5-47df-b30f-76e8836f4c59:c4543, f9704f82-adf1-457c-ad29-9b573bc67fa6:c4539, 932806d8-5f5d-4457-8f95-c9b7f9036eae:c4537]
2019-08-07 03:27:33,633 INFO  client.GrpcClientProtocolClient (GrpcClientProtocolClient.java:onNext(255)) - client-23C834B07313->edccc055-c3f5-47df-b30f-76e8836f4c59: receive RaftClientReply:client-23C834B07313->edccc055-c3f5-47df-b30f-76e8836f4c59@group-ED32739C8BBB, cid=3027, SUCCESS, logIndex=4544, commits[edccc055-c3f5-47df-b30f-76e8836f4c59:c4545, f9704f82-adf1-457c-ad29-9b573bc67fa6:c4543, 932806d8-5f5d-4457-8f95-c9b7f9036eae:c4543]
2019-08-07 03:27:33,633 INFO  client.GrpcClientProtocolClient (GrpcClientProtocolClient.java:onNext(255)) - client-23C834B07313->edccc055-c3f5-47df-b30f-76e8836f4c59: receive RaftClientReply:client-23C834B07313->edccc055-c3f5-47df-b30f-76e8836f4c59@group-ED32739C8BBB, cid=3028, SUCCESS, logIndex=4545, commits[edccc055-c3f5-47df-b30f-76e8836f4c59:c4545, f9704f82-adf1-457c-ad29-9b573bc67fa6:c4543, 932806d8-5f5d-4457-8f95-c9b7f9036eae:c4543]
2019-08-07 03:27:33,661 INFO  client.GrpcClientProtocolClient (GrpcClientProtocolClient.java:onNext(255)) - client-23C834B07313->edccc055-c3f5-47df-b30f-76e8836f4c59: receive RaftClientReply:client-23C834B07313->edccc055-c3f5-47df-b30f-76e8836f4c59@group-ED32739C8BBB, cid=3029, SUCCESS, logIndex=4548, commits[edccc055-c3f5-47df-b30f-76e8836f4c59:c4549, f9704f82-adf1-457c-ad29-9b573bc67fa6:c4545, 932806d8-5f5d-4457-8f95-c9b7f9036eae:c4545]
2019-08-07 03:27:33,661 INFO  client.GrpcClientProtocolClient (GrpcClientProtocolClient.java:onNext(255)) - client-23C834B07313->edccc055-c3f5-47df-b30f-76e8836f4c59: receive RaftClientReply:client-23C834B07313->edccc055-c3f5-47df-b30f-76e8836f4c59@group-ED32739C8BBB, cid=3030, SUCCESS, logIndex=4549, commits[edccc055-c3f5-47df-b30f-76e8836f4c59:c4549, f9704f82-adf1-457c-ad29-9b573bc67fa6:c4545, 932806d8-5f5d-4457-8f95-c9b7f9036eae:c4545]
2019-08-07 03:27:33,674 INFO  client.GrpcClientProtocolClient (GrpcClientProtocolClient.java:onNext(255)) - client-23C834B07313->edccc055-c3f5-47df-b30f-76e8836f4c59: receive RaftClientReply:client-23C834B07313->edccc055-c3f5-47df-b30f-76e8836f4c59@group-ED32739C8BBB, cid=3031, SUCCESS, logIndex=0, commits[edccc055-c3f5-47df-b30f-76e8836f4c59:c4550, f9704f82-adf1-457c-ad29-9b573bc67fa6:c4549, 932806d8-5f5d-4457-8f95-c9b7f9036eae:c4549]
2019-08-07 03:27:33,711 INFO  client.GrpcClientProtocolClient (GrpcClientProtocolClient.java:onNext(255)) - client-23C834B07313->edccc055-c3f5-47df-b30f-76e8836f4c59: receive RaftClientReply:client-23C834B07313->edccc055-c3f5-47df-b30f-76e8836f4c59@group-ED32739C8BBB, cid=3032, SUCCESS, logIndex=4552, commits[edccc055-c3f5-47df-b30f-76e8836f4c59:c4553, f9704f82-adf1-457c-ad29-9b573bc67fa6:c4551, 932806d8-5f5d-4457-8f95-c9b7f9036eae:c4551]
2019-08-07 03:27:33,712 INFO  client.GrpcClientProtocolClient (GrpcClientProtocolClient.java:onNext(255)) - client-23C834B07313->edccc055-c3f5-47df-b30f-76e8836f4c59: receive RaftClientReply:client-23C834B07313->edccc055-c3f5-47df-b30f-76e8836f4c59@group-ED32739C8BBB, cid=3033, SUCCESS, logIndex=4553, commits[edccc055-c3f5-47df-b30f-76e8836f4c59:c4553, f9704f82-adf1-457c-ad29-9b573bc67fa6:c4551, 932806d8-5f5d-4457-8f95-c9b7f9036eae:c4551]
2019-08-07 03:27:33,730 INFO  client.GrpcClientProtocolClient (GrpcClientProtocolClient.java:onNext(255)) - client-23C834B07313->edccc055-c3f5-47df-b30f-76e8836f4c59: receive RaftClientReply:client-23C834B07313->edccc055-c3f5-47df-b30f-76e8836f4c59@group-ED32739C8BBB, cid=3034, SUCCESS, logIndex=4554, commits[edccc055-c3f5-47df-b30f-76e8836f4c59:c4555, f9704f82-adf1-457c-ad29-9b573bc67fa6:c4551, 932806d8-5f5d-4457-8f95-c9b7f9036eae:c4551]
2019-08-07 03:27:33,730 INFO  client.GrpcClientProtocolClient (GrpcClientProtocolClient.java:onNext(255)) - client-23C834B07313->edccc055-c3f5-47df-b30f-76e8836f4c59: receive RaftClientReply:client-23C834B07313->edccc055-c3f5-47df-b30f-76e8836f4c59@group-ED32739C8BBB, cid=3035, SUCCESS, logIndex=4555, commits[edccc055-c3f5-47df-b30f-76e8836f4c59:c4555, f9704f82-adf1-457c-ad29-9b573bc67fa6:c4551, 932806d8-5f5d-4457-8f95-c9b7f9036eae:c4551]
2019-08-07 03:27:33,732 INFO  client.GrpcClientProtocolClient (GrpcClientProtocolClient.java:onNext(255)) - client-23C834B07313->edccc055-c3f5-47df-b30f-76e8836f4c59: receive RaftClientReply:client-23C834B07313->edccc055-c3f5-47df-b30f-76e8836f4c59@group-ED32739C8BBB, cid=3036, SUCCESS, logIndex=0, commits[edccc055-c3f5-47df-b30f-76e8836f4c59:c4557, f9704f82-adf1-457c-ad29-9b573bc67fa6:c4553, 932806d8-5f5d-4457-8f95-c9b7f9036eae:c4553]
2019-08-07 03:27:33,756 INFO  client.GrpcClientProtocolClient (GrpcClientProtocolClient.java:onNext(255)) - client-23C834B07313->edccc055-c3f5-47df-b30f-76e8836f4c59: receive RaftClientReply:client-23C834B07313->edccc055-c3f5-47df-b30f-76e8836f4c59@group-ED32739C8BBB, cid=3037, SUCCESS, logIndex=4560, commits[edccc055-c3f5-47df-b30f-76e8836f4c59:c4561, f9704f82-adf1-457c-ad29-9b573bc67fa6:c4559, 932806d8-5f5d-4457-8f95-c9b7f9036eae:c4559]
2019-08-07 03:27:33,756 INFO  client.GrpcClientProtocolClient (GrpcClientProtocolClient.java:onNext(255)) - client-23C834B07313->edccc055-c3f5-47df-b30f-76e8836f4c59: receive RaftClientReply:client-23C834B07313->edccc055-c3f5-47df-b30f-76e8836f4c59@group-ED32739C8BBB, cid=3038, SUCCESS, logIndex=4561, commits[edccc055-c3f5-47df-b30f-76e8836f4c59:c4561, f9704f82-adf1-457c-ad29-9b573bc67fa6:c4559, 932806d8-5f5d-4457-8f95-c9b7f9036eae:c4559]
2019-08-07 03:27:33,772 INFO  client.GrpcClientProtocolClient (GrpcClientProtocolClient.java:onNext(255)) - client-23C834B07313->edccc055-c3f5-47df-b30f-76e8836f4c59: receive RaftClientReply:client-23C834B07313->edccc055-c3f5-47df-b30f-76e8836f4c59@group-ED32739C8BBB, cid=3039, SUCCESS, logIndex=4564, commits[edccc055-c3f5-47df-b30f-76e8836f4c59:c4564, f9704f82-adf1-457c-ad29-9b573bc67fa6:c4561, 932806d8-5f5d-4457-8f95-c9b7f9036eae:c4561]
2019-08-07 03:27:33,772 INFO  client.GrpcClientProtocolClient (GrpcClientProtocolClient.java:onNext(255)) - client-23C834B07313->edccc055-c3f5-47df-b30f-76e8836f4c59: receive RaftClientReply:client-23C834B07313->edccc055-c3f5-47df-b30f-76e8836f4c59@group-ED32739C8BBB, cid=3040, SUCCESS, logIndex=4565, commits[edccc055-c3f5-47df-b30f-76e8836f4c59:c4565, f9704f82-adf1-457c-ad29-9b573bc67fa6:c4561, 932806d8-5f5d-4457-8f95-c9b7f9036eae:c4561]
2019-08-07 03:27:33,787 INFO  client.GrpcClientProtocolClient (GrpcClientProtocolClient.java:onNext(255)) - client-23C834B07313->edccc055-c3f5-47df-b30f-76e8836f4c59: receive RaftClientReply:client-23C834B07313->edccc055-c3f5-47df-b30f-76e8836f4c59@group-ED32739C8BBB, cid=3041, SUCCESS, logIndex=0, commits[edccc055-c3f5-47df-b30f-76e8836f4c59:c4567, f9704f82-adf1-457c-ad29-9b573bc67fa6:c4565, 932806d8-5f5d-4457-8f95-c9b7f9036eae:c4565]
2019-08-07 03:27:33,823 INFO  client.GrpcClientProtocolClient (GrpcClientProtocolClient.java:onNext(255)) - client-23C834B07313->edccc055-c3f5-47df-b30f-76e8836f4c59: receive RaftClientReply:client-23C834B07313->edccc055-c3f5-47df-b30f-76e8836f4c59@group-ED32739C8BBB, cid=3042, SUCCESS, logIndex=4568, commits[edccc055-c3f5-47df-b30f-76e8836f4c59:c4569, f9704f82-adf1-457c-ad29-9b573bc67fa6:c4567, 932806d8-5f5d-4457-8f95-c9b7f9036eae:c4567]
2019-08-07 03:27:33,824 INFO  client.GrpcClientProtocolClient (GrpcClientProtocolClient.java:onNext(255)) - client-23C834B07313->edccc055-c3f5-47df-b30f-76e8836f4c59: receive RaftClientReply:client-23C834B07313->edccc055-c3f5-47df-b30f-76e8836f4c59@group-ED32739C8BBB, cid=3043, SUCCESS, logIndex=4569, commits[edccc055-c3f5-47df-b30f-76e8836f4c59:c4570, f9704f82-adf1-457c-ad29-9b573bc67fa6:c4567, 932806d8-5f5d-4457-8f95-c9b7f9036eae:c4567]
2019-08-07 03:27:33,824 INFO  client.GrpcClientProtocolClient (GrpcClientProtocolClient.java:onNext(255)) - client-23C834B07313->edccc055-c3f5-47df-b30f-76e8836f4c59: receive RaftClientReply:client-23C834B07313->edccc055-c3f5-47df-b30f-76e8836f4c59@group-ED32739C8BBB, cid=3044, SUCCESS, logIndex=4570, commits[edccc055-c3f5-47df-b30f-76e8836f4c59:c4571, f9704f82-adf1-457c-ad29-9b573bc67fa6:c4567, 932806d8-5f5d-4457-8f95-c9b7f9036eae:c4567]
2019-08-07 03:27:33,824 INFO  client.GrpcClientProtocolClient (GrpcClientProtocolClient.java:onNext(255)) - client-23C834B07313->edccc055-c3f5-47df-b30f-76e8836f4c59: receive RaftClientReply:client-23C834B07313->edccc055-c3f5-47df-b30f-76e8836f4c59@group-ED32739C8BBB, cid=3045, SUCCESS, logIndex=4571, commits[edccc055-c3f5-47df-b30f-76e8836f4c59:c4571, f9704f82-adf1-457c-ad29-9b573bc67fa6:c4567, 932806d8-5f5d-4457-8f95-c9b7f9036eae:c4567]
2019-08-07 03:27:33,836 INFO  client.GrpcClientProtocolClient (GrpcClientProtocolClient.java:onNext(255)) - client-23C834B07313->edccc055-c3f5-47df-b30f-76e8836f4c59: receive RaftClientReply:client-23C834B07313->edccc055-c3f5-47df-b30f-76e8836f4c59@group-ED32739C8BBB, cid=3046, SUCCESS, logIndex=0, commits[edccc055-c3f5-47df-b30f-76e8836f4c59:c4573, f9704f82-adf1-457c-ad29-9b573bc67fa6:c4569, 932806d8-5f5d-4457-8f95-c9b7f9036eae:c4569]
2019-08-07 03:27:33,857 INFO  client.GrpcClientProtocolClient (GrpcClientProtocolClient.java:onNext(255)) - client-23C834B07313->edccc055-c3f5-47df-b30f-76e8836f4c59: receive RaftClientReply:client-23C834B07313->edccc055-c3f5-47df-b30f-76e8836f4c59@group-ED32739C8BBB, cid=3047, SUCCESS, logIndex=4576, commits[edccc055-c3f5-47df-b30f-76e8836f4c59:c4577, f9704f82-adf1-457c-ad29-9b573bc67fa6:c4575, 932806d8-5f5d-4457-8f95-c9b7f9036eae:c4575]
2019-08-07 03:27:33,857 INFO  client.GrpcClientProtocolClient (GrpcClientProtocolClient.java:onNext(255)) - client-23C834B07313->edccc055-c3f5-47df-b30f-76e8836f4c59: receive RaftClientReply:client-23C834B07313->edccc055-c3f5-47df-b30f-76e8836f4c59@group-ED32739C8BBB, cid=3048, SUCCESS, logIndex=4577, commits[edccc055-c3f5-47df-b30f-76e8836f4c59:c4577, f9704f82-adf1-457c-ad29-9b573bc67fa6:c4575, 932806d8-5f5d-4457-8f95-c9b7f9036eae:c4575]
2019-08-07 03:27:33,871 INFO  client.GrpcClientProtocolClient (GrpcClientProtocolClient.java:onNext(255)) - client-23C834B07313->edccc055-c3f5-47df-b30f-76e8836f4c59: receive RaftClientReply:client-23C834B07313->edccc055-c3f5-47df-b30f-76e8836f4c59@group-ED32739C8BBB, cid=3049, SUCCESS, logIndex=4580, commits[edccc055-c3f5-47df-b30f-76e8836f4c59:c4581, f9704f82-adf1-457c-ad29-9b573bc67fa6:c4576, 932806d8-5f5d-4457-8f95-c9b7f9036eae:c4577]
2019-08-07 03:27:33,871 INFO  client.GrpcClientProtocolClient (GrpcClientProtocolClient.java:onNext(255)) - client-23C834B07313->edccc055-c3f5-47df-b30f-76e8836f4c59: receive RaftClientReply:client-23C834B07313->edccc055-c3f5-47df-b30f-76e8836f4c59@group-ED32739C8BBB, cid=3050, SUCCESS, logIndex=4581, commits[edccc055-c3f5-47df-b30f-76e8836f4c59:c4581, f9704f82-adf1-457c-ad29-9b573bc67fa6:c4577, 932806d8-5f5d-4457-8f95-c9b7f9036eae:c4577]
2019-08-07 03:27:33,876 INFO  client.GrpcClientProtocolClient (GrpcClientProtocolClient.java:onNext(255)) - client-23C834B07313->edccc055-c3f5-47df-b30f-76e8836f4c59: receive RaftClientReply:client-23C834B07313->edccc055-c3f5-47df-b30f-76e8836f4c59@group-ED32739C8BBB, cid=3051, SUCCESS, logIndex=0, commits[edccc055-c3f5-47df-b30f-76e8836f4c59:c4583, f9704f82-adf1-457c-ad29-9b573bc67fa6:c4581, 932806d8-5f5d-4457-8f95-c9b7f9036eae:c4581]
2019-08-07 03:27:33,911 INFO  client.GrpcClientProtocolClient (GrpcClientProtocolClient.java:onNext(255)) - client-23C834B07313->edccc055-c3f5-47df-b30f-76e8836f4c59: receive RaftClientReply:client-23C834B07313->edccc055-c3f5-47df-b30f-76e8836f4c59@group-ED32739C8BBB, cid=3052, SUCCESS, logIndex=4584, commits[edccc055-c3f5-47df-b30f-76e8836f4c59:c4585, f9704f82-adf1-457c-ad29-9b573bc67fa6:c4581, 932806d8-5f5d-4457-8f95-c9b7f9036eae:c4583]
2019-08-07 03:27:33,912 INFO  client.GrpcClientProtocolClient (GrpcClientProtocolClient.java:onNext(255)) - client-23C834B07313->edccc055-c3f5-47df-b30f-76e8836f4c59: receive RaftClientReply:client-23C834B07313->edccc055-c3f5-47df-b30f-76e8836f4c59@group-ED32739C8BBB, cid=3053, SUCCESS, logIndex=4585, commits[edccc055-c3f5-47df-b30f-76e8836f4c59:c4585, f9704f82-adf1-457c-ad29-9b573bc67fa6:c4583, 932806d8-5f5d-4457-8f95-c9b7f9036eae:c4583]
2019-08-07 03:27:33,925 INFO  client.GrpcClientProtocolClient (GrpcClientProtocolClient.java:onNext(255)) - client-23C834B07313->edccc055-c3f5-47df-b30f-76e8836f4c59: receive RaftClientReply:client-23C834B07313->edccc055-c3f5-47df-b30f-76e8836f4c59@group-ED32739C8BBB, cid=3054, SUCCESS, logIndex=4586, commits[edccc055-c3f5-47df-b30f-76e8836f4c59:c4586, f9704f82-adf1-457c-ad29-9b573bc67fa6:c4583, 932806d8-5f5d-4457-8f95-c9b7f9036eae:c4583]
2019-08-07 03:27:33,926 INFO  client.GrpcClientProtocolClient (GrpcClientProtocolClient.java:onNext(255)) - client-23C834B07313->edccc055-c3f5-47df-b30f-76e8836f4c59: receive RaftClientReply:client-23C834B07313->edccc055-c3f5-47df-b30f-76e8836f4c59@group-ED32739C8BBB, cid=3055, SUCCESS, logIndex=4587, commits[edccc055-c3f5-47df-b30f-76e8836f4c59:c4587, f9704f82-adf1-457c-ad29-9b573bc67fa6:c4583, 932806d8-5f5d-4457-8f95-c9b7f9036eae:c4583]
2019-08-07 03:27:33,927 INFO  client.GrpcClientProtocolClient (GrpcClientProtocolClient.java:onNext(255)) - client-23C834B07313->edccc055-c3f5-47df-b30f-76e8836f4c59: receive RaftClientReply:client-23C834B07313->edccc055-c3f5-47df-b30f-76e8836f4c59@group-ED32739C8BBB, cid=3056, SUCCESS, logIndex=0, commits[edccc055-c3f5-47df-b30f-76e8836f4c59:c4589, f9704f82-adf1-457c-ad29-9b573bc67fa6:c4585, 932806d8-5f5d-4457-8f95-c9b7f9036eae:c4585]
2019-08-07 03:27:33,953 INFO  client.GrpcClientProtocolClient (GrpcClientProtocolClient.java:onNext(255)) - client-23C834B07313->edccc055-c3f5-47df-b30f-76e8836f4c59: receive RaftClientReply:client-23C834B07313->edccc055-c3f5-47df-b30f-76e8836f4c59@group-ED32739C8BBB, cid=3057, SUCCESS, logIndex=4592, commits[edccc055-c3f5-47df-b30f-76e8836f4c59:c4593, f9704f82-adf1-457c-ad29-9b573bc67fa6:c4589, 932806d8-5f5d-4457-8f95-c9b7f9036eae:c4587]
2019-08-07 03:27:33,954 INFO  client.GrpcClientProtocolClient (GrpcClientProtocolClient.java:onNext(255)) - client-23C834B07313->edccc055-c3f5-47df-b30f-76e8836f4c59: receive RaftClientReply:client-23C834B07313->edccc055-c3f5-47df-b30f-76e8836f4c59@group-ED32739C8BBB, cid=3058, SUCCESS, logIndex=4593, commits[edccc055-c3f5-47df-b30f-76e8836f4c59:c4593, f9704f82-adf1-457c-ad29-9b573bc67fa6:c4589, 932806d8-5f5d-4457-8f95-c9b7f9036eae:c4589]
2019-08-07 03:27:33,981 INFO  client.GrpcClientProtocolClient (GrpcClientProtocolClient.java:onNext(255)) - client-23C834B07313->edccc055-c3f5-47df-b30f-76e8836f4c59: receive RaftClientReply:client-23C834B07313->edccc055-c3f5-47df-b30f-76e8836f4c59@group-ED32739C8BBB, cid=3059, SUCCESS, logIndex=4595, commits[edccc055-c3f5-47df-b30f-76e8836f4c59:c4596, f9704f82-adf1-457c-ad29-9b573bc67fa6:c4593, 932806d8-5f5d-4457-8f95-c9b7f9036eae:c4593]
2019-08-07 03:27:33,982 INFO  client.GrpcClientProtocolClient (GrpcClientProtocolClient.java:onNext(255)) - client-23C834B07313->edccc055-c3f5-47df-b30f-76e8836f4c59: receive RaftClientReply:client-23C834B07313->edccc055-c3f5-47df-b30f-76e8836f4c59@group-ED32739C8BBB, cid=3060, SUCCESS, logIndex=4596, commits[edccc055-c3f5-47df-b30f-76e8836f4c59:c4596, f9704f82-adf1-457c-ad29-9b573bc67fa6:c4593, 932806d8-5f5d-4457-8f95-c9b7f9036eae:c4593]
2019-08-07 03:27:34,011 INFO  client.GrpcClientProtocolClient (GrpcClientProtocolClient.java:onNext(255)) - client-23C834B07313->edccc055-c3f5-47df-b30f-76e8836f4c59: receive RaftClientReply:client-23C834B07313->edccc055-c3f5-47df-b30f-76e8836f4c59@group-ED32739C8BBB, cid=3061, SUCCESS, logIndex=0, commits[edccc055-c3f5-47df-b30f-76e8836f4c59:c4597, f9704f82-adf1-457c-ad29-9b573bc67fa6:c4596, 932806d8-5f5d-4457-8f95-c9b7f9036eae:c4596]
2019-08-07 03:27:34,046 INFO  client.GrpcClientProtocolClient (GrpcClientProtocolClient.java:onNext(255)) - client-23C834B07313->edccc055-c3f5-47df-b30f-76e8836f4c59: receive RaftClientReply:client-23C834B07313->edccc055-c3f5-47df-b30f-76e8836f4c59@group-ED32739C8BBB, cid=3062, SUCCESS, logIndex=4599, commits[edccc055-c3f5-47df-b30f-76e8836f4c59:c4600, f9704f82-adf1-457c-ad29-9b573bc67fa6:c4598, 932806d8-5f5d-4457-8f95-c9b7f9036eae:c4598]
2019-08-07 03:27:34,047 INFO  client.GrpcClientProtocolClient (GrpcClientProtocolClient.java:onNext(255)) - client-23C834B07313->edccc055-c3f5-47df-b30f-76e8836f4c59: receive RaftClientReply:client-23C834B07313->edccc055-c3f5-47df-b30f-76e8836f4c59@group-ED32739C8BBB, cid=3063, SUCCESS, logIndex=4600, commits[edccc055-c3f5-47df-b30f-76e8836f4c59:c4602, f9704f82-adf1-457c-ad29-9b573bc67fa6:c4598, 932806d8-5f5d-4457-8f95-c9b7f9036eae:c4598]
2019-08-07 03:27:34,049 INFO  client.GrpcClientProtocolClient (GrpcClientProtocolClient.java:onNext(255)) - client-23C834B07313->edccc055-c3f5-47df-b30f-76e8836f4c59: receive RaftClientReply:client-23C834B07313->edccc055-c3f5-47df-b30f-76e8836f4c59@group-ED32739C8BBB, cid=3064, SUCCESS, logIndex=4601, commits[edccc055-c3f5-47df-b30f-76e8836f4c59:c4602, f9704f82-adf1-457c-ad29-9b573bc67fa6:c4598, 932806d8-5f5d-4457-8f95-c9b7f9036eae:c4598]
2019-08-07 03:27:34,049 INFO  client.GrpcClientProtocolClient (GrpcClientProtocolClient.java:onNext(255)) - client-23C834B07313->edccc055-c3f5-47df-b30f-76e8836f4c59: receive RaftClientReply:client-23C834B07313->edccc055-c3f5-47df-b30f-76e8836f4c59@group-ED32739C8BBB, cid=3065, SUCCESS, logIndex=4602, commits[edccc055-c3f5-47df-b30f-76e8836f4c59:c4605, f9704f82-adf1-457c-ad29-9b573bc67fa6:c4599, 932806d8-5f5d-4457-8f95-c9b7f9036eae:c4601]
2019-08-07 03:27:34,051 INFO  client.GrpcClientProtocolClient (GrpcClientProtocolClient.java:onNext(255)) - client-23C834B07313->edccc055-c3f5-47df-b30f-76e8836f4c59: receive RaftClientReply:client-23C834B07313->edccc055-c3f5-47df-b30f-76e8836f4c59@group-ED32739C8BBB, cid=3066, SUCCESS, logIndex=0, commits[edccc055-c3f5-47df-b30f-76e8836f4c59:c4606, f9704f82-adf1-457c-ad29-9b573bc67fa6:c4600, 932806d8-5f5d-4457-8f95-c9b7f9036eae:c4602]
2019-08-07 03:27:34,072 INFO  client.GrpcClientProtocolClient (GrpcClientProtocolClient.java:onNext(255)) - client-23C834B07313->edccc055-c3f5-47df-b30f-76e8836f4c59: receive RaftClientReply:client-23C834B07313->edccc055-c3f5-47df-b30f-76e8836f4c59@group-ED32739C8BBB, cid=3067, SUCCESS, logIndex=4607, commits[edccc055-c3f5-47df-b30f-76e8836f4c59:c4608, f9704f82-adf1-457c-ad29-9b573bc67fa6:c4606, 932806d8-5f5d-4457-8f95-c9b7f9036eae:c4606]
2019-08-07 03:27:34,072 INFO  client.GrpcClientProtocolClient (GrpcClientProtocolClient.java:onNext(255)) - client-23C834B07313->edccc055-c3f5-47df-b30f-76e8836f4c59: receive RaftClientReply:client-23C834B07313->edccc055-c3f5-47df-b30f-76e8836f4c59@group-ED32739C8BBB, cid=3068, SUCCESS, logIndex=4608, commits[edccc055-c3f5-47df-b30f-76e8836f4c59:c4608, f9704f82-adf1-457c-ad29-9b573bc67fa6:c4606, 932806d8-5f5d-4457-8f95-c9b7f9036eae:c4606]
2019-08-07 03:27:34,086 INFO  client.GrpcClientProtocolClient (GrpcClientProtocolClient.java:onNext(255)) - client-23C834B07313->edccc055-c3f5-47df-b30f-76e8836f4c59: receive RaftClientReply:client-23C834B07313->edccc055-c3f5-47df-b30f-76e8836f4c59@group-ED32739C8BBB, cid=3069, SUCCESS, logIndex=4611, commits[edccc055-c3f5-47df-b30f-76e8836f4c59:c4612, f9704f82-adf1-457c-ad29-9b573bc67fa6:c4608, 932806d8-5f5d-4457-8f95-c9b7f9036eae:c4607]
2019-08-07 03:27:34,086 INFO  client.GrpcClientProtocolClient (GrpcClientProtocolClient.java:onNext(255)) - client-23C834B07313->edccc055-c3f5-47df-b30f-76e8836f4c59: receive RaftClientReply:client-23C834B07313->edccc055-c3f5-47df-b30f-76e8836f4c59@group-ED32739C8BBB, cid=3070, SUCCESS, logIndex=4612, commits[edccc055-c3f5-47df-b30f-76e8836f4c59:c4612, f9704f82-adf1-457c-ad29-9b573bc67fa6:c4608, 932806d8-5f5d-4457-8f95-c9b7f9036eae:c4608]
2019-08-07 03:27:34,088 INFO  client.GrpcClientProtocolClient (GrpcClientProtocolClient.java:onNext(255)) - client-23C834B07313->edccc055-c3f5-47df-b30f-76e8836f4c59: receive RaftClientReply:client-23C834B07313->edccc055-c3f5-47df-b30f-76e8836f4c59@group-ED32739C8BBB, cid=3071, SUCCESS, logIndex=0, commits[edccc055-c3f5-47df-b30f-76e8836f4c59:c4613, f9704f82-adf1-457c-ad29-9b573bc67fa6:c4612, 932806d8-5f5d-4457-8f95-c9b7f9036eae:c4612]
2019-08-07 03:27:34,129 INFO  client.GrpcClientProtocolClient (GrpcClientProtocolClient.java:onNext(255)) - client-23C834B07313->edccc055-c3f5-47df-b30f-76e8836f4c59: receive RaftClientReply:client-23C834B07313->edccc055-c3f5-47df-b30f-76e8836f4c59@group-ED32739C8BBB, cid=3072, SUCCESS, logIndex=4615, commits[edccc055-c3f5-47df-b30f-76e8836f4c59:c4617, f9704f82-adf1-457c-ad29-9b573bc67fa6:c4614, 932806d8-5f5d-4457-8f95-c9b7f9036eae:c4614]
2019-08-07 03:27:34,131 INFO  client.GrpcClientProtocolClient (GrpcClientProtocolClient.java:onNext(255)) - client-23C834B07313->edccc055-c3f5-47df-b30f-76e8836f4c59: receive RaftClientReply:client-23C834B07313->edccc055-c3f5-47df-b30f-76e8836f4c59@group-ED32739C8BBB, cid=3073, SUCCESS, logIndex=4616, commits[edccc055-c3f5-47df-b30f-76e8836f4c59:c4618, f9704f82-adf1-457c-ad29-9b573bc67fa6:c4614, 932806d8-5f5d-4457-8f95-c9b7f9036eae:c4614]
2019-08-07 03:27:34,131 INFO  client.GrpcClientProtocolClient (GrpcClientProtocolClient.java:onNext(255)) - client-23C834B07313->edccc055-c3f5-47df-b30f-76e8836f4c59: receive RaftClientReply:client-23C834B07313->edccc055-c3f5-47df-b30f-76e8836f4c59@group-ED32739C8BBB, cid=3074, SUCCESS, logIndex=4617, commits[edccc055-c3f5-47df-b30f-76e8836f4c59:c4618, f9704f82-adf1-457c-ad29-9b573bc67fa6:c4614, 932806d8-5f5d-4457-8f95-c9b7f9036eae:c4614]
2019-08-07 03:27:34,131 INFO  client.GrpcClientProtocolClient (GrpcClientProtocolClient.java:onNext(255)) - client-23C834B07313->edccc055-c3f5-47df-b30f-76e8836f4c59: receive RaftClientReply:client-23C834B07313->edccc055-c3f5-47df-b30f-76e8836f4c59@group-ED32739C8BBB, cid=3075, SUCCESS, logIndex=4618, commits[edccc055-c3f5-47df-b30f-76e8836f4c59:c4618, f9704f82-adf1-457c-ad29-9b573bc67fa6:c4614, 932806d8-5f5d-4457-8f95-c9b7f9036eae:c4614]
2019-08-07 03:27:34,146 INFO  client.GrpcClientProtocolClient (GrpcClientProtocolClient.java:onNext(255)) - client-23C834B07313->edccc055-c3f5-47df-b30f-76e8836f4c59: receive RaftClientReply:client-23C834B07313->edccc055-c3f5-47df-b30f-76e8836f4c59@group-ED32739C8BBB, cid=3076, SUCCESS, logIndex=0, commits[edccc055-c3f5-47df-b30f-76e8836f4c59:c4620, f9704f82-adf1-457c-ad29-9b573bc67fa6:c4617, 932806d8-5f5d-4457-8f95-c9b7f9036eae:c4616]
2019-08-07 03:27:34,169 INFO  client.GrpcClientProtocolClient (GrpcClientProtocolClient.java:onNext(255)) - client-23C834B07313->edccc055-c3f5-47df-b30f-76e8836f4c59: receive RaftClientReply:client-23C834B07313->edccc055-c3f5-47df-b30f-76e8836f4c59@group-ED32739C8BBB, cid=3077, SUCCESS, logIndex=4623, commits[edccc055-c3f5-47df-b30f-76e8836f4c59:c4624, f9704f82-adf1-457c-ad29-9b573bc67fa6:c4621, 932806d8-5f5d-4457-8f95-c9b7f9036eae:c4621]
2019-08-07 03:27:34,170 INFO  client.GrpcClientProtocolClient (GrpcClientProtocolClient.java:onNext(255)) - client-23C834B07313->edccc055-c3f5-47df-b30f-76e8836f4c59: receive RaftClientReply:client-23C834B07313->edccc055-c3f5-47df-b30f-76e8836f4c59@group-ED32739C8BBB, cid=3078, SUCCESS, logIndex=4624, commits[edccc055-c3f5-47df-b30f-76e8836f4c59:c4624, f9704f82-adf1-457c-ad29-9b573bc67fa6:c4621, 932806d8-5f5d-4457-8f95-c9b7f9036eae:c4621]
2019-08-07 03:27:34,199 INFO  client.GrpcClientProtocolClient (GrpcClientProtocolClient.java:onNext(255)) - client-23C834B07313->edccc055-c3f5-47df-b30f-76e8836f4c59: receive RaftClientReply:client-23C834B07313->edccc055-c3f5-47df-b30f-76e8836f4c59@group-ED32739C8BBB, cid=3079, SUCCESS, logIndex=4627, commits[edccc055-c3f5-47df-b30f-76e8836f4c59:c4628, f9704f82-adf1-457c-ad29-9b573bc67fa6:c4625, 932806d8-5f5d-4457-8f95-c9b7f9036eae:c4625]
2019-08-07 03:27:34,200 INFO  client.GrpcClientProtocolClient (GrpcClientProtocolClient.java:onNext(255)) - client-23C834B07313->edccc055-c3f5-47df-b30f-76e8836f4c59: receive RaftClientReply:client-23C834B07313->edccc055-c3f5-47df-b30f-76e8836f4c59@group-ED32739C8BBB, cid=3080, SUCCESS, logIndex=4628, commits[edccc055-c3f5-47df-b30f-76e8836f4c59:c4628, f9704f82-adf1-457c-ad29-9b573bc67fa6:c4625, 932806d8-5f5d-4457-8f95-c9b7f9036eae:c4625]
2019-08-07 03:27:34,225 INFO  client.GrpcClientProtocolClient (GrpcClientProtocolClient.java:onNext(255)) - client-23C834B07313->edccc055-c3f5-47df-b30f-76e8836f4c59: receive RaftClientReply:client-23C834B07313->edccc055-c3f5-47df-b30f-76e8836f4c59@group-ED32739C8BBB, cid=3081, SUCCESS, logIndex=0, commits[edccc055-c3f5-47df-b30f-76e8836f4c59:c4630, f9704f82-adf1-457c-ad29-9b573bc67fa6:c4628, 932806d8-5f5d-4457-8f95-c9b7f9036eae:c4628]
2019-08-07 03:27:34,255 INFO  client.GrpcClientProtocolClient (GrpcClientProtocolClient.java:onNext(255)) - client-23C834B07313->edccc055-c3f5-47df-b30f-76e8836f4c59: receive RaftClientReply:client-23C834B07313->edccc055-c3f5-47df-b30f-76e8836f4c59@group-ED32739C8BBB, cid=3082, SUCCESS, logIndex=4631, commits[edccc055-c3f5-47df-b30f-76e8836f4c59:c4632, f9704f82-adf1-457c-ad29-9b573bc67fa6:c4630, 932806d8-5f5d-4457-8f95-c9b7f9036eae:c4628]
2019-08-07 03:27:34,257 INFO  client.GrpcClientProtocolClient (GrpcClientProtocolClient.java:onNext(255)) - client-23C834B07313->edccc055-c3f5-47df-b30f-76e8836f4c59: receive RaftClientReply:client-23C834B07313->edccc055-c3f5-47df-b30f-76e8836f4c59@group-ED32739C8BBB, cid=3083, SUCCESS, logIndex=4632, commits[edccc055-c3f5-47df-b30f-76e8836f4c59:c4632, f9704f82-adf1-457c-ad29-9b573bc67fa6:c4630, 932806d8-5f5d-4457-8f95-c9b7f9036eae:c4628]
2019-08-07 03:27:34,258 INFO  client.GrpcClientProtocolClient (GrpcClientProtocolClient.java:onNext(255)) - client-23C834B07313->edccc055-c3f5-47df-b30f-76e8836f4c59: receive RaftClientReply:client-23C834B07313->edccc055-c3f5-47df-b30f-76e8836f4c59@group-ED32739C8BBB, cid=3084, SUCCESS, logIndex=4633, commits[edccc055-c3f5-47df-b30f-76e8836f4c59:c4634, f9704f82-adf1-457c-ad29-9b573bc67fa6:c4630, 932806d8-5f5d-4457-8f95-c9b7f9036eae:c4628]
2019-08-07 03:27:34,259 INFO  client.GrpcClientProtocolClient (GrpcClientProtocolClient.java:onNext(255)) - client-23C834B07313->edccc055-c3f5-47df-b30f-76e8836f4c59: receive RaftClientReply:client-23C834B07313->edccc055-c3f5-47df-b30f-76e8836f4c59@group-ED32739C8BBB, cid=3085, SUCCESS, logIndex=4634, commits[edccc055-c3f5-47df-b30f-76e8836f4c59:c4636, f9704f82-adf1-457c-ad29-9b573bc67fa6:c4632, 932806d8-5f5d-4457-8f95-c9b7f9036eae:c4628]
2019-08-07 03:27:34,261 INFO  client.GrpcClientProtocolClient (GrpcClientProtocolClient.java:onNext(255)) - client-23C834B07313->edccc055-c3f5-47df-b30f-76e8836f4c59: receive RaftClientReply:client-23C834B07313->edccc055-c3f5-47df-b30f-76e8836f4c59@group-ED32739C8BBB, cid=3086, SUCCESS, logIndex=0, commits[edccc055-c3f5-47df-b30f-76e8836f4c59:c4636, f9704f82-adf1-457c-ad29-9b573bc67fa6:c4632, 932806d8-5f5d-4457-8f95-c9b7f9036eae:c4632]
2019-08-07 03:27:34,285 INFO  client.GrpcClientProtocolClient (GrpcClientProtocolClient.java:onNext(255)) - client-23C834B07313->edccc055-c3f5-47df-b30f-76e8836f4c59: receive RaftClientReply:client-23C834B07313->edccc055-c3f5-47df-b30f-76e8836f4c59@group-ED32739C8BBB, cid=3087, SUCCESS, logIndex=4639, commits[edccc055-c3f5-47df-b30f-76e8836f4c59:c4640, f9704f82-adf1-457c-ad29-9b573bc67fa6:c4636, 932806d8-5f5d-4457-8f95-c9b7f9036eae:c4634]
2019-08-07 03:27:34,286 INFO  client.GrpcClientProtocolClient (GrpcClientProtocolClient.java:onNext(255)) - client-23C834B07313->edccc055-c3f5-47df-b30f-76e8836f4c59: receive RaftClientReply:client-23C834B07313->edccc055-c3f5-47df-b30f-76e8836f4c59@group-ED32739C8BBB, cid=3088, SUCCESS, logIndex=4640, commits[edccc055-c3f5-47df-b30f-76e8836f4c59:c4640, f9704f82-adf1-457c-ad29-9b573bc67fa6:c4636, 932806d8-5f5d-4457-8f95-c9b7f9036eae:c4636]
2019-08-07 03:27:34,312 INFO  client.GrpcClientProtocolClient (GrpcClientProtocolClient.java:onNext(255)) - client-23C834B07313->edccc055-c3f5-47df-b30f-76e8836f4c59: receive RaftClientReply:client-23C834B07313->edccc055-c3f5-47df-b30f-76e8836f4c59@group-ED32739C8BBB, cid=3089, SUCCESS, logIndex=4643, commits[edccc055-c3f5-47df-b30f-76e8836f4c59:c4644, f9704f82-adf1-457c-ad29-9b573bc67fa6:c4640, 932806d8-5f5d-4457-8f95-c9b7f9036eae:c4640]
2019-08-07 03:27:34,313 INFO  client.GrpcClientProtocolClient (GrpcClientProtocolClient.java:onNext(255)) - client-23C834B07313->edccc055-c3f5-47df-b30f-76e8836f4c59: receive RaftClientReply:client-23C834B07313->edccc055-c3f5-47df-b30f-76e8836f4c59@group-ED32739C8BBB, cid=3090, SUCCESS, logIndex=4644, commits[edccc055-c3f5-47df-b30f-76e8836f4c59:c4644, f9704f82-adf1-457c-ad29-9b573bc67fa6:c4640, 932806d8-5f5d-4457-8f95-c9b7f9036eae:c4640]
2019-08-07 03:27:34,326 INFO  client.GrpcClientProtocolClient (GrpcClientProtocolClient.java:onNext(255)) - client-23C834B07313->edccc055-c3f5-47df-b30f-76e8836f4c59: receive RaftClientReply:client-23C834B07313->edccc055-c3f5-47df-b30f-76e8836f4c59@group-ED32739C8BBB, cid=3091, SUCCESS, logIndex=0, commits[edccc055-c3f5-47df-b30f-76e8836f4c59:c4645, f9704f82-adf1-457c-ad29-9b573bc67fa6:c4644, 932806d8-5f5d-4457-8f95-c9b7f9036eae:c4644]
2019-08-07 03:27:34,365 INFO  client.GrpcClientProtocolClient (GrpcClientProtocolClient.java:onNext(255)) - client-23C834B07313->edccc055-c3f5-47df-b30f-76e8836f4c59: receive RaftClientReply:client-23C834B07313->edccc055-c3f5-47df-b30f-76e8836f4c59@group-ED32739C8BBB, cid=3092, SUCCESS, logIndex=4647, commits[edccc055-c3f5-47df-b30f-76e8836f4c59:c4648, f9704f82-adf1-457c-ad29-9b573bc67fa6:c4646, 932806d8-5f5d-4457-8f95-c9b7f9036eae:c4646]
2019-08-07 03:27:34,365 INFO  client.GrpcClientProtocolClient (GrpcClientProtocolClient.java:onNext(255)) - client-23C834B07313->edccc055-c3f5-47df-b30f-76e8836f4c59: receive RaftClientReply:client-23C834B07313->edccc055-c3f5-47df-b30f-76e8836f4c59@group-ED32739C8BBB, cid=3093, SUCCESS, logIndex=4648, commits[edccc055-c3f5-47df-b30f-76e8836f4c59:c4648, f9704f82-adf1-457c-ad29-9b573bc67fa6:c4646, 932806d8-5f5d-4457-8f95-c9b7f9036eae:c4646]
2019-08-07 03:27:34,374 INFO  client.GrpcClientProtocolClient (GrpcClientProtocolClient.java:onNext(255)) - client-23C834B07313->edccc055-c3f5-47df-b30f-76e8836f4c59: receive RaftClientReply:client-23C834B07313->edccc055-c3f5-47df-b30f-76e8836f4c59@group-ED32739C8BBB, cid=3094, SUCCESS, logIndex=4649, commits[edccc055-c3f5-47df-b30f-76e8836f4c59:c4650, f9704f82-adf1-457c-ad29-9b573bc67fa6:c4646, 932806d8-5f5d-4457-8f95-c9b7f9036eae:c4646]
2019-08-07 03:27:34,375 INFO  client.GrpcClientProtocolClient (GrpcClientProtocolClient.java:onNext(255)) - client-23C834B07313->edccc055-c3f5-47df-b30f-76e8836f4c59: receive RaftClientReply:client-23C834B07313->edccc055-c3f5-47df-b30f-76e8836f4c59@group-ED32739C8BBB, cid=3095, SUCCESS, logIndex=4650, commits[edccc055-c3f5-47df-b30f-76e8836f4c59:c4650, f9704f82-adf1-457c-ad29-9b573bc67fa6:c4646, 932806d8-5f5d-4457-8f95-c9b7f9036eae:c4646]
2019-08-07 03:27:34,389 INFO  client.GrpcClientProtocolClient (GrpcClientProtocolClient.java:onNext(255)) - client-23C834B07313->edccc055-c3f5-47df-b30f-76e8836f4c59: receive RaftClientReply:client-23C834B07313->edccc055-c3f5-47df-b30f-76e8836f4c59@group-ED32739C8BBB, cid=3096, SUCCESS, logIndex=0, commits[edccc055-c3f5-47df-b30f-76e8836f4c59:c4653, f9704f82-adf1-457c-ad29-9b573bc67fa6:c4648, 932806d8-5f5d-4457-8f95-c9b7f9036eae:c4650]
2019-08-07 03:27:34,412 INFO  client.GrpcClientProtocolClient (GrpcClientProtocolClient.java:onNext(255)) - client-23C834B07313->edccc055-c3f5-47df-b30f-76e8836f4c59: receive RaftClientReply:client-23C834B07313->edccc055-c3f5-47df-b30f-76e8836f4c59@group-ED32739C8BBB, cid=3097, SUCCESS, logIndex=4654, commits[edccc055-c3f5-47df-b30f-76e8836f4c59:c4655, f9704f82-adf1-457c-ad29-9b573bc67fa6:c4653, 932806d8-5f5d-4457-8f95-c9b7f9036eae:c4653]
2019-08-07 03:27:34,413 INFO  client.GrpcClientProtocolClient (GrpcClientProtocolClient.java:onNext(255)) - client-23C834B07313->edccc055-c3f5-47df-b30f-76e8836f4c59: receive RaftClientReply:client-23C834B07313->edccc055-c3f5-47df-b30f-76e8836f4c59@group-ED32739C8BBB, cid=3098, SUCCESS, logIndex=4655, commits[edccc055-c3f5-47df-b30f-76e8836f4c59:c4655, f9704f82-adf1-457c-ad29-9b573bc67fa6:c4653, 932806d8-5f5d-4457-8f95-c9b7f9036eae:c4653]
 0.00% |█                                                                                                    |  0/1 Time: 0:00:302019-08-07 03:27:34,570 INFO  client.GrpcClientProtocolClient (GrpcClientProtocolClient.java:onNext(255)) - client-23C834B07313->edccc055-c3f5-47df-b30f-76e8836f4c59: receive RaftClientReply:client-23C834B07313->edccc055-c3f5-47df-b30f-76e8836f4c59@group-ED32739C8BBB, cid=3099, SUCCESS, logIndex=4658, commits[edccc055-c3f5-47df-b30f-76e8836f4c59:c4659, f9704f82-adf1-457c-ad29-9b573bc67fa6:c4655, 932806d8-5f5d-4457-8f95-c9b7f9036eae:c4655]
2019-08-07 03:27:34,570 INFO  client.GrpcClientProtocolClient (GrpcClientProtocolClient.java:onNext(255)) - client-23C834B07313->edccc055-c3f5-47df-b30f-76e8836f4c59: receive RaftClientReply:client-23C834B07313->edccc055-c3f5-47df-b30f-76e8836f4c59@group-ED32739C8BBB, cid=3100, SUCCESS, logIndex=4659, commits[edccc055-c3f5-47df-b30f-76e8836f4c59:c4659, f9704f82-adf1-457c-ad29-9b573bc67fa6:c4655, 932806d8-5f5d-4457-8f95-c9b7f9036eae:c4655]
2019-08-07 03:27:34,581 INFO  client.GrpcClientProtocolClient (GrpcClientProtocolClient.java:onNext(255)) - client-23C834B07313->edccc055-c3f5-47df-b30f-76e8836f4c59: receive RaftClientReply:client-23C834B07313->edccc055-c3f5-47df-b30f-76e8836f4c59@group-ED32739C8BBB, cid=3101, SUCCESS, logIndex=0, commits[edccc055-c3f5-47df-b30f-76e8836f4c59:c4660, f9704f82-adf1-457c-ad29-9b573bc67fa6:c4659, 932806d8-5f5d-4457-8f95-c9b7f9036eae:c4659]
2019-08-07 03:27:34,618 INFO  client.GrpcClientProtocolClient (GrpcClientProtocolClient.java:onNext(255)) - client-23C834B07313->edccc055-c3f5-47df-b30f-76e8836f4c59: receive RaftClientReply:client-23C834B07313->edccc055-c3f5-47df-b30f-76e8836f4c59@group-ED32739C8BBB, cid=3102, SUCCESS, logIndex=4662, commits[edccc055-c3f5-47df-b30f-76e8836f4c59:c4663, f9704f82-adf1-457c-ad29-9b573bc67fa6:c4661, 932806d8-5f5d-4457-8f95-c9b7f9036eae:c4661]
2019-08-07 03:27:34,620 INFO  client.GrpcClientProtocolClient (GrpcClientProtocolClient.java:onNext(255)) - client-23C834B07313->edccc055-c3f5-47df-b30f-76e8836f4c59: receive RaftClientReply:client-23C834B07313->edccc055-c3f5-47df-b30f-76e8836f4c59@group-ED32739C8BBB, cid=3103, SUCCESS, logIndex=4663, commits[edccc055-c3f5-47df-b30f-76e8836f4c59:c4665, f9704f82-adf1-457c-ad29-9b573bc67fa6:c4661, 932806d8-5f5d-4457-8f95-c9b7f9036eae:c4661]
2019-08-07 03:27:34,620 INFO  client.GrpcClientProtocolClient (GrpcClientProtocolClient.java:onNext(255)) - client-23C834B07313->edccc055-c3f5-47df-b30f-76e8836f4c59: receive RaftClientReply:client-23C834B07313->edccc055-c3f5-47df-b30f-76e8836f4c59@group-ED32739C8BBB, cid=3104, SUCCESS, logIndex=4664, commits[edccc055-c3f5-47df-b30f-76e8836f4c59:c4665, f9704f82-adf1-457c-ad29-9b573bc67fa6:c4661, 932806d8-5f5d-4457-8f95-c9b7f9036eae:c4661]
2019-08-07 03:27:34,620 INFO  client.GrpcClientProtocolClient (GrpcClientProtocolClient.java:onNext(255)) - client-23C834B07313->edccc055-c3f5-47df-b30f-76e8836f4c59: receive RaftClientReply:client-23C834B07313->edccc055-c3f5-47df-b30f-76e8836f4c59@group-ED32739C8BBB, cid=3105, SUCCESS, logIndex=4665, commits[edccc055-c3f5-47df-b30f-76e8836f4c59:c4665, f9704f82-adf1-457c-ad29-9b573bc67fa6:c4661, 932806d8-5f5d-4457-8f95-c9b7f9036eae:c4661]
2019-08-07 03:27:34,622 INFO  client.GrpcClientProtocolClient (GrpcClientProtocolClient.java:onNext(255)) - client-23C834B07313->edccc055-c3f5-47df-b30f-76e8836f4c59: receive RaftClientReply:client-23C834B07313->edccc055-c3f5-47df-b30f-76e8836f4c59@group-ED32739C8BBB, cid=3106, SUCCESS, logIndex=0, commits[edccc055-c3f5-47df-b30f-76e8836f4c59:c4666, f9704f82-adf1-457c-ad29-9b573bc67fa6:c4663, 932806d8-5f5d-4457-8f95-c9b7f9036eae:c4663]
2019-08-07 03:27:34,646 INFO  client.GrpcClientProtocolClient (GrpcClientProtocolClient.java:onNext(255)) - client-23C834B07313->edccc055-c3f5-47df-b30f-76e8836f4c59: receive RaftClientReply:client-23C834B07313->edccc055-c3f5-47df-b30f-76e8836f4c59@group-ED32739C8BBB, cid=3107, SUCCESS, logIndex=4670, commits[edccc055-c3f5-47df-b30f-76e8836f4c59:c4671, f9704f82-adf1-457c-ad29-9b573bc67fa6:c4666, 932806d8-5f5d-4457-8f95-c9b7f9036eae:c4666]
2019-08-07 03:27:34,647 INFO  client.GrpcClientProtocolClient (GrpcClientProtocolClient.java:onNext(255)) - client-23C834B07313->edccc055-c3f5-47df-b30f-76e8836f4c59: receive RaftClientReply:client-23C834B07313->edccc055-c3f5-47df-b30f-76e8836f4c59@group-ED32739C8BBB, cid=3108, SUCCESS, logIndex=4671, commits[edccc055-c3f5-47df-b30f-76e8836f4c59:c4671, f9704f82-adf1-457c-ad29-9b573bc67fa6:c4666, 932806d8-5f5d-4457-8f95-c9b7f9036eae:c4666]
2019-08-07 03:27:34,670 INFO  client.GrpcClientProtocolClient (GrpcClientProtocolClient.java:onNext(255)) - client-23C834B07313->edccc055-c3f5-47df-b30f-76e8836f4c59: receive RaftClientReply:client-23C834B07313->edccc055-c3f5-47df-b30f-76e8836f4c59@group-ED32739C8BBB, cid=3109, SUCCESS, logIndex=4674, commits[edccc055-c3f5-47df-b30f-76e8836f4c59:c4675, f9704f82-adf1-457c-ad29-9b573bc67fa6:c4673, 932806d8-5f5d-4457-8f95-c9b7f9036eae:c4673]
2019-08-07 03:27:34,670 INFO  client.GrpcClientProtocolClient (GrpcClientProtocolClient.java:onNext(255)) - client-23C834B07313->edccc055-c3f5-47df-b30f-76e8836f4c59: receive RaftClientReply:client-23C834B07313->edccc055-c3f5-47df-b30f-76e8836f4c59@group-ED32739C8BBB, cid=3110, SUCCESS, logIndex=4675, commits[edccc055-c3f5-47df-b30f-76e8836f4c59:c4675, f9704f82-adf1-457c-ad29-9b573bc67fa6:c4673, 932806d8-5f5d-4457-8f95-c9b7f9036eae:c4673]
2019-08-07 03:27:34,683 INFO  client.GrpcClientProtocolClient (GrpcClientProtocolClient.java:onNext(255)) - client-23C834B07313->edccc055-c3f5-47df-b30f-76e8836f4c59: receive RaftClientReply:client-23C834B07313->edccc055-c3f5-47df-b30f-76e8836f4c59@group-ED32739C8BBB, cid=3111, SUCCESS, logIndex=0, commits[edccc055-c3f5-47df-b30f-76e8836f4c59:c4676, f9704f82-adf1-457c-ad29-9b573bc67fa6:c4675, 932806d8-5f5d-4457-8f95-c9b7f9036eae:c4675]
2019-08-07 03:27:34,721 INFO  client.GrpcClientProtocolClient (GrpcClientProtocolClient.java:onNext(255)) - client-23C834B07313->edccc055-c3f5-47df-b30f-76e8836f4c59: receive RaftClientReply:client-23C834B07313->edccc055-c3f5-47df-b30f-76e8836f4c59@group-ED32739C8BBB, cid=3112, SUCCESS, logIndex=4678, commits[edccc055-c3f5-47df-b30f-76e8836f4c59:c4679, f9704f82-adf1-457c-ad29-9b573bc67fa6:c4677, 932806d8-5f5d-4457-8f95-c9b7f9036eae:c4677]
2019-08-07 03:27:34,722 INFO  client.GrpcClientProtocolClient (GrpcClientProtocolClient.java:onNext(255)) - client-23C834B07313->edccc055-c3f5-47df-b30f-76e8836f4c59: receive RaftClientReply:client-23C834B07313->edccc055-c3f5-47df-b30f-76e8836f4c59@group-ED32739C8BBB, cid=3113, SUCCESS, logIndex=4679, commits[edccc055-c3f5-47df-b30f-76e8836f4c59:c4679, f9704f82-adf1-457c-ad29-9b573bc67fa6:c4677, 932806d8-5f5d-4457-8f95-c9b7f9036eae:c4677]
2019-08-07 03:27:34,722 INFO  client.GrpcClientProtocolClient (GrpcClientProtocolClient.java:onNext(255)) - client-23C834B07313->edccc055-c3f5-47df-b30f-76e8836f4c59: receive RaftClientReply:client-23C834B07313->edccc055-c3f5-47df-b30f-76e8836f4c59@group-ED32739C8BBB, cid=3114, SUCCESS, logIndex=4680, commits[edccc055-c3f5-47df-b30f-76e8836f4c59:c4681, f9704f82-adf1-457c-ad29-9b573bc67fa6:c4677, 932806d8-5f5d-4457-8f95-c9b7f9036eae:c4677]
2019-08-07 03:27:34,722 INFO  client.GrpcClientProtocolClient (GrpcClientProtocolClient.java:onNext(255)) - client-23C834B07313->edccc055-c3f5-47df-b30f-76e8836f4c59: receive RaftClientReply:client-23C834B07313->edccc055-c3f5-47df-b30f-76e8836f4c59@group-ED32739C8BBB, cid=3115, SUCCESS, logIndex=4681, commits[edccc055-c3f5-47df-b30f-76e8836f4c59:c4681, f9704f82-adf1-457c-ad29-9b573bc67fa6:c4677, 932806d8-5f5d-4457-8f95-c9b7f9036eae:c4677]
2019-08-07 03:27:34,736 INFO  client.GrpcClientProtocolClient (GrpcClientProtocolClient.java:onNext(255)) - client-23C834B07313->edccc055-c3f5-47df-b30f-76e8836f4c59: receive RaftClientReply:client-23C834B07313->edccc055-c3f5-47df-b30f-76e8836f4c59@group-ED32739C8BBB, cid=3116, SUCCESS, logIndex=0, commits[edccc055-c3f5-47df-b30f-76e8836f4c59:c4683, f9704f82-adf1-457c-ad29-9b573bc67fa6:c4679, 932806d8-5f5d-4457-8f95-c9b7f9036eae:c4679]
2019-08-07 03:27:34,757 INFO  client.GrpcClientProtocolClient (GrpcClientProtocolClient.java:onNext(255)) - client-23C834B07313->edccc055-c3f5-47df-b30f-76e8836f4c59: receive RaftClientReply:client-23C834B07313->edccc055-c3f5-47df-b30f-76e8836f4c59@group-ED32739C8BBB, cid=3117, SUCCESS, logIndex=4686, commits[edccc055-c3f5-47df-b30f-76e8836f4c59:c4687, f9704f82-adf1-457c-ad29-9b573bc67fa6:c4685, 932806d8-5f5d-4457-8f95-c9b7f9036eae:c4685]
2019-08-07 03:27:34,757 INFO  client.GrpcClientProtocolClient (GrpcClientProtocolClient.java:onNext(255)) - client-23C834B07313->edccc055-c3f5-47df-b30f-76e8836f4c59: receive RaftClientReply:client-23C834B07313->edccc055-c3f5-47df-b30f-76e8836f4c59@group-ED32739C8BBB, cid=3118, SUCCESS, logIndex=4687, commits[edccc055-c3f5-47df-b30f-76e8836f4c59:c4687, f9704f82-adf1-457c-ad29-9b573bc67fa6:c4685, 932806d8-5f5d-4457-8f95-c9b7f9036eae:c4685]
2019-08-07 03:27:34,770 INFO  client.GrpcClientProtocolClient (GrpcClientProtocolClient.java:onNext(255)) - client-23C834B07313->edccc055-c3f5-47df-b30f-76e8836f4c59: receive RaftClientReply:client-23C834B07313->edccc055-c3f5-47df-b30f-76e8836f4c59@group-ED32739C8BBB, cid=3119, SUCCESS, logIndex=4690, commits[edccc055-c3f5-47df-b30f-76e8836f4c59:c4691, f9704f82-adf1-457c-ad29-9b573bc67fa6:c4687, 932806d8-5f5d-4457-8f95-c9b7f9036eae:c4687]
2019-08-07 03:27:34,770 INFO  client.GrpcClientProtocolClient (GrpcClientProtocolClient.java:onNext(255)) - client-23C834B07313->edccc055-c3f5-47df-b30f-76e8836f4c59: receive RaftClientReply:client-23C834B07313->edccc055-c3f5-47df-b30f-76e8836f4c59@group-ED32739C8BBB, cid=3120, SUCCESS, logIndex=4691, commits[edccc055-c3f5-47df-b30f-76e8836f4c59:c4691, f9704f82-adf1-457c-ad29-9b573bc67fa6:c4687, 932806d8-5f5d-4457-8f95-c9b7f9036eae:c4687]
2019-08-07 03:27:34,772 INFO  client.GrpcClientProtocolClient (GrpcClientProtocolClient.java:onNext(255)) - client-23C834B07313->edccc055-c3f5-47df-b30f-76e8836f4c59: receive RaftClientReply:client-23C834B07313->edccc055-c3f5-47df-b30f-76e8836f4c59@group-ED32739C8BBB, cid=3121, SUCCESS, logIndex=0, commits[edccc055-c3f5-47df-b30f-76e8836f4c59:c4692, f9704f82-adf1-457c-ad29-9b573bc67fa6:c4691, 932806d8-5f5d-4457-8f95-c9b7f9036eae:c4691]
2019-08-07 03:27:34,803 INFO  client.GrpcClientProtocolClient (GrpcClientProtocolClient.java:onNext(255)) - client-23C834B07313->edccc055-c3f5-47df-b30f-76e8836f4c59: receive RaftClientReply:client-23C834B07313->edccc055-c3f5-47df-b30f-76e8836f4c59@group-ED32739C8BBB, cid=3122, SUCCESS, logIndex=4694, commits[edccc055-c3f5-47df-b30f-76e8836f4c59:c4696, f9704f82-adf1-457c-ad29-9b573bc67fa6:c4693, 932806d8-5f5d-4457-8f95-c9b7f9036eae:c4691]
2019-08-07 03:27:34,803 INFO  client.GrpcClientProtocolClient (GrpcClientProtocolClient.java:onNext(255)) - client-23C834B07313->edccc055-c3f5-47df-b30f-76e8836f4c59: receive RaftClientReply:client-23C834B07313->edccc055-c3f5-47df-b30f-76e8836f4c59@group-ED32739C8BBB, cid=3123, SUCCESS, logIndex=4695, commits[edccc055-c3f5-47df-b30f-76e8836f4c59:c4697, f9704f82-adf1-457c-ad29-9b573bc67fa6:c4693, 932806d8-5f5d-4457-8f95-c9b7f9036eae:c4693]
2019-08-07 03:27:34,803 INFO  client.GrpcClientProtocolClient (GrpcClientProtocolClient.java:onNext(255)) - client-23C834B07313->edccc055-c3f5-47df-b30f-76e8836f4c59: receive RaftClientReply:client-23C834B07313->edccc055-c3f5-47df-b30f-76e8836f4c59@group-ED32739C8BBB, cid=3124, SUCCESS, logIndex=4696, commits[edccc055-c3f5-47df-b30f-76e8836f4c59:c4697, f9704f82-adf1-457c-ad29-9b573bc67fa6:c4693, 932806d8-5f5d-4457-8f95-c9b7f9036eae:c4693]
2019-08-07 03:27:34,804 INFO  client.GrpcClientProtocolClient (GrpcClientProtocolClient.java:onNext(255)) - client-23C834B07313->edccc055-c3f5-47df-b30f-76e8836f4c59: receive RaftClientReply:client-23C834B07313->edccc055-c3f5-47df-b30f-76e8836f4c59@group-ED32739C8BBB, cid=3125, SUCCESS, logIndex=4697, commits[edccc055-c3f5-47df-b30f-76e8836f4c59:c4697, f9704f82-adf1-457c-ad29-9b573bc67fa6:c4693, 932806d8-5f5d-4457-8f95-c9b7f9036eae:c4693]
2019-08-07 03:27:34,815 INFO  client.GrpcClientProtocolClient (GrpcClientProtocolClient.java:onNext(255)) - client-23C834B07313->edccc055-c3f5-47df-b30f-76e8836f4c59: receive RaftClientReply:client-23C834B07313->edccc055-c3f5-47df-b30f-76e8836f4c59@group-ED32739C8BBB, cid=3126, SUCCESS, logIndex=0, commits[edccc055-c3f5-47df-b30f-76e8836f4c59:c4700, f9704f82-adf1-457c-ad29-9b573bc67fa6:c4695, 932806d8-5f5d-4457-8f95-c9b7f9036eae:c4697]
2019-08-07 03:27:34,838 INFO  client.GrpcClientProtocolClient (GrpcClientProtocolClient.java:onNext(255)) - client-23C834B07313->edccc055-c3f5-47df-b30f-76e8836f4c59: receive RaftClientReply:client-23C834B07313->edccc055-c3f5-47df-b30f-76e8836f4c59@group-ED32739C8BBB, cid=3127, SUCCESS, logIndex=4702, commits[edccc055-c3f5-47df-b30f-76e8836f4c59:c4703, f9704f82-adf1-457c-ad29-9b573bc67fa6:c4701, 932806d8-5f5d-4457-8f95-c9b7f9036eae:c4701]
2019-08-07 03:27:34,838 INFO  client.GrpcClientProtocolClient (GrpcClientProtocolClient.java:onNext(255)) - client-23C834B07313->edccc055-c3f5-47df-b30f-76e8836f4c59: receive RaftClientReply:client-23C834B07313->edccc055-c3f5-47df-b30f-76e8836f4c59@group-ED32739C8BBB, cid=3128, SUCCESS, logIndex=4703, commits[edccc055-c3f5-47df-b30f-76e8836f4c59:c4703, f9704f82-adf1-457c-ad29-9b573bc67fa6:c4701, 932806d8-5f5d-4457-8f95-c9b7f9036eae:c4701]
2019-08-07 03:27:34,854 INFO  client.GrpcClientProtocolClient (GrpcClientProtocolClient.java:onNext(255)) - client-23C834B07313->edccc055-c3f5-47df-b30f-76e8836f4c59: receive RaftClientReply:client-23C834B07313->edccc055-c3f5-47df-b30f-76e8836f4c59@group-ED32739C8BBB, cid=3129, SUCCESS, logIndex=4706, commits[edccc055-c3f5-47df-b30f-76e8836f4c59:c4706, f9704f82-adf1-457c-ad29-9b573bc67fa6:c4703, 932806d8-5f5d-4457-8f95-c9b7f9036eae:c4703]
2019-08-07 03:27:34,854 INFO  client.GrpcClientProtocolClient (GrpcClientProtocolClient.java:onNext(255)) - client-23C834B07313->edccc055-c3f5-47df-b30f-76e8836f4c59: receive RaftClientReply:client-23C834B07313->edccc055-c3f5-47df-b30f-76e8836f4c59@group-ED32739C8BBB, cid=3130, SUCCESS, logIndex=4707, commits[edccc055-c3f5-47df-b30f-76e8836f4c59:c4707, f9704f82-adf1-457c-ad29-9b573bc67fa6:c4703, 932806d8-5f5d-4457-8f95-c9b7f9036eae:c4703]
2019-08-07 03:27:34,867 INFO  client.GrpcClientProtocolClient (GrpcClientProtocolClient.java:onNext(255)) - client-23C834B07313->edccc055-c3f5-47df-b30f-76e8836f4c59: receive RaftClientReply:client-23C834B07313->edccc055-c3f5-47df-b30f-76e8836f4c59@group-ED32739C8BBB, cid=3131, SUCCESS, logIndex=0, commits[edccc055-c3f5-47df-b30f-76e8836f4c59:c4709, f9704f82-adf1-457c-ad29-9b573bc67fa6:c4707, 932806d8-5f5d-4457-8f95-c9b7f9036eae:c4707]
2019-08-07 03:27:34,896 INFO  client.GrpcClientProtocolClient (GrpcClientProtocolClient.java:onNext(255)) - client-23C834B07313->edccc055-c3f5-47df-b30f-76e8836f4c59: receive RaftClientReply:client-23C834B07313->edccc055-c3f5-47df-b30f-76e8836f4c59@group-ED32739C8BBB, cid=3132, SUCCESS, logIndex=4710, commits[edccc055-c3f5-47df-b30f-76e8836f4c59:c4711, f9704f82-adf1-457c-ad29-9b573bc67fa6:c4709, 932806d8-5f5d-4457-8f95-c9b7f9036eae:c4709]
2019-08-07 03:27:34,896 INFO  client.GrpcClientProtocolClient (GrpcClientProtocolClient.java:onNext(255)) - client-23C834B07313->edccc055-c3f5-47df-b30f-76e8836f4c59: receive RaftClientReply:client-23C834B07313->edccc055-c3f5-47df-b30f-76e8836f4c59@group-ED32739C8BBB, cid=3133, SUCCESS, logIndex=4711, commits[edccc055-c3f5-47df-b30f-76e8836f4c59:c4711, f9704f82-adf1-457c-ad29-9b573bc67fa6:c4709, 932806d8-5f5d-4457-8f95-c9b7f9036eae:c4709]
2019-08-07 03:27:34,897 INFO  client.GrpcClientProtocolClient (GrpcClientProtocolClient.java:onNext(255)) - client-23C834B07313->edccc055-c3f5-47df-b30f-76e8836f4c59: receive RaftClientReply:client-23C834B07313->edccc055-c3f5-47df-b30f-76e8836f4c59@group-ED32739C8BBB, cid=3134, SUCCESS, logIndex=4712, commits[edccc055-c3f5-47df-b30f-76e8836f4c59:c4713, f9704f82-adf1-457c-ad29-9b573bc67fa6:c4709, 932806d8-5f5d-4457-8f95-c9b7f9036eae:c4709]
2019-08-07 03:27:34,897 INFO  client.GrpcClientProtocolClient (GrpcClientProtocolClient.java:onNext(255)) - client-23C834B07313->edccc055-c3f5-47df-b30f-76e8836f4c59: receive RaftClientReply:client-23C834B07313->edccc055-c3f5-47df-b30f-76e8836f4c59@group-ED32739C8BBB, cid=3135, SUCCESS, logIndex=4713, commits[edccc055-c3f5-47df-b30f-76e8836f4c59:c4713, f9704f82-adf1-457c-ad29-9b573bc67fa6:c4709, 932806d8-5f5d-4457-8f95-c9b7f9036eae:c4709]
2019-08-07 03:27:34,910 INFO  client.GrpcClientProtocolClient (GrpcClientProtocolClient.java:onNext(255)) - client-23C834B07313->edccc055-c3f5-47df-b30f-76e8836f4c59: receive RaftClientReply:client-23C834B07313->edccc055-c3f5-47df-b30f-76e8836f4c59@group-ED32739C8BBB, cid=3136, SUCCESS, logIndex=0, commits[edccc055-c3f5-47df-b30f-76e8836f4c59:c4715, f9704f82-adf1-457c-ad29-9b573bc67fa6:c4711, 932806d8-5f5d-4457-8f95-c9b7f9036eae:c4711]
2019-08-07 03:27:34,929 INFO  client.GrpcClientProtocolClient (GrpcClientProtocolClient.java:onNext(255)) - client-23C834B07313->edccc055-c3f5-47df-b30f-76e8836f4c59: receive RaftClientReply:client-23C834B07313->edccc055-c3f5-47df-b30f-76e8836f4c59@group-ED32739C8BBB, cid=3137, SUCCESS, logIndex=4718, commits[edccc055-c3f5-47df-b30f-76e8836f4c59:c4719, f9704f82-adf1-457c-ad29-9b573bc67fa6:c4717, 932806d8-5f5d-4457-8f95-c9b7f9036eae:c4717]
2019-08-07 03:27:34,930 INFO  client.GrpcClientProtocolClient (GrpcClientProtocolClient.java:onNext(255)) - client-23C834B07313->edccc055-c3f5-47df-b30f-76e8836f4c59: receive RaftClientReply:client-23C834B07313->edccc055-c3f5-47df-b30f-76e8836f4c59@group-ED32739C8BBB, cid=3138, SUCCESS, logIndex=4719, commits[edccc055-c3f5-47df-b30f-76e8836f4c59:c4719, f9704f82-adf1-457c-ad29-9b573bc67fa6:c4717, 932806d8-5f5d-4457-8f95-c9b7f9036eae:c4717]
2019-08-07 03:27:34,945 INFO  client.GrpcClientProtocolClient (GrpcClientProtocolClient.java:onNext(255)) - client-23C834B07313->edccc055-c3f5-47df-b30f-76e8836f4c59: receive RaftClientReply:client-23C834B07313->edccc055-c3f5-47df-b30f-76e8836f4c59@group-ED32739C8BBB, cid=3139, SUCCESS, logIndex=4722, commits[edccc055-c3f5-47df-b30f-76e8836f4c59:c4723, f9704f82-adf1-457c-ad29-9b573bc67fa6:c4719, 932806d8-5f5d-4457-8f95-c9b7f9036eae:c4719]
2019-08-07 03:27:34,945 INFO  client.GrpcClientProtocolClient (GrpcClientProtocolClient.java:onNext(255)) - client-23C834B07313->edccc055-c3f5-47df-b30f-76e8836f4c59: receive RaftClientReply:client-23C834B07313->edccc055-c3f5-47df-b30f-76e8836f4c59@group-ED32739C8BBB, cid=3140, SUCCESS, logIndex=4723, commits[edccc055-c3f5-47df-b30f-76e8836f4c59:c4723, f9704f82-adf1-457c-ad29-9b573bc67fa6:c4719, 932806d8-5f5d-4457-8f95-c9b7f9036eae:c4719]
2019-08-07 03:27:34,958 INFO  client.GrpcClientProtocolClient (GrpcClientProtocolClient.java:onNext(255)) - client-23C834B07313->edccc055-c3f5-47df-b30f-76e8836f4c59: receive RaftClientReply:client-23C834B07313->edccc055-c3f5-47df-b30f-76e8836f4c59@group-ED32739C8BBB, cid=3141, SUCCESS, logIndex=0, commits[edccc055-c3f5-47df-b30f-76e8836f4c59:c4725, f9704f82-adf1-457c-ad29-9b573bc67fa6:c4723, 932806d8-5f5d-4457-8f95-c9b7f9036eae:c4723]
2019-08-07 03:27:34,987 INFO  client.GrpcClientProtocolClient (GrpcClientProtocolClient.java:onNext(255)) - client-23C834B07313->edccc055-c3f5-47df-b30f-76e8836f4c59: receive RaftClientReply:client-23C834B07313->edccc055-c3f5-47df-b30f-76e8836f4c59@group-ED32739C8BBB, cid=3142, SUCCESS, logIndex=4726, commits[edccc055-c3f5-47df-b30f-76e8836f4c59:c4728, f9704f82-adf1-457c-ad29-9b573bc67fa6:c4725, 932806d8-5f5d-4457-8f95-c9b7f9036eae:c4725]
2019-08-07 03:27:34,988 INFO  client.GrpcClientProtocolClient (GrpcClientProtocolClient.java:onNext(255)) - client-23C834B07313->edccc055-c3f5-47df-b30f-76e8836f4c59: receive RaftClientReply:client-23C834B07313->edccc055-c3f5-47df-b30f-76e8836f4c59@group-ED32739C8BBB, cid=3143, SUCCESS, logIndex=4727, commits[edccc055-c3f5-47df-b30f-76e8836f4c59:c4729, f9704f82-adf1-457c-ad29-9b573bc67fa6:c4725, 932806d8-5f5d-4457-8f95-c9b7f9036eae:c4725]
2019-08-07 03:27:34,989 INFO  client.GrpcClientProtocolClient (GrpcClientProtocolClient.java:onNext(255)) - client-23C834B07313->edccc055-c3f5-47df-b30f-76e8836f4c59: receive RaftClientReply:client-23C834B07313->edccc055-c3f5-47df-b30f-76e8836f4c59@group-ED32739C8BBB, cid=3144, SUCCESS, logIndex=4728, commits[edccc055-c3f5-47df-b30f-76e8836f4c59:c4729, f9704f82-adf1-457c-ad29-9b573bc67fa6:c4725, 932806d8-5f5d-4457-8f95-c9b7f9036eae:c4725]
2019-08-07 03:27:34,989 INFO  client.GrpcClientProtocolClient (GrpcClientProtocolClient.java:onNext(255)) - client-23C834B07313->edccc055-c3f5-47df-b30f-76e8836f4c59: receive RaftClientReply:client-23C834B07313->edccc055-c3f5-47df-b30f-76e8836f4c59@group-ED32739C8BBB, cid=3145, SUCCESS, logIndex=4729, commits[edccc055-c3f5-47df-b30f-76e8836f4c59:c4730, f9704f82-adf1-457c-ad29-9b573bc67fa6:c4725, 932806d8-5f5d-4457-8f95-c9b7f9036eae:c4726]
2019-08-07 03:27:34,990 INFO  client.GrpcClientProtocolClient (GrpcClientProtocolClient.java:onNext(255)) - client-23C834B07313->edccc055-c3f5-47df-b30f-76e8836f4c59: receive RaftClientReply:client-23C834B07313->edccc055-c3f5-47df-b30f-76e8836f4c59@group-ED32739C8BBB, cid=3146, SUCCESS, logIndex=0, commits[edccc055-c3f5-47df-b30f-76e8836f4c59:c4733, f9704f82-adf1-457c-ad29-9b573bc67fa6:c4727, 932806d8-5f5d-4457-8f95-c9b7f9036eae:c4729]
2019-08-07 03:27:35,011 INFO  client.GrpcClientProtocolClient (GrpcClientProtocolClient.java:onNext(255)) - client-23C834B07313->edccc055-c3f5-47df-b30f-76e8836f4c59: receive RaftClientReply:client-23C834B07313->edccc055-c3f5-47df-b30f-76e8836f4c59@group-ED32739C8BBB, cid=3147, SUCCESS, logIndex=4734, commits[edccc055-c3f5-47df-b30f-76e8836f4c59:c4735, f9704f82-adf1-457c-ad29-9b573bc67fa6:c4733, 932806d8-5f5d-4457-8f95-c9b7f9036eae:c4733]
2019-08-07 03:27:35,011 INFO  client.GrpcClientProtocolClient (GrpcClientProtocolClient.java:onNext(255)) - client-23C834B07313->edccc055-c3f5-47df-b30f-76e8836f4c59: receive RaftClientReply:client-23C834B07313->edccc055-c3f5-47df-b30f-76e8836f4c59@group-ED32739C8BBB, cid=3148, SUCCESS, logIndex=4735, commits[edccc055-c3f5-47df-b30f-76e8836f4c59:c4735, f9704f82-adf1-457c-ad29-9b573bc67fa6:c4733, 932806d8-5f5d-4457-8f95-c9b7f9036eae:c4733]
2019-08-07 03:27:35,024 INFO  client.GrpcClientProtocolClient (GrpcClientProtocolClient.java:onNext(255)) - client-23C834B07313->edccc055-c3f5-47df-b30f-76e8836f4c59: receive RaftClientReply:client-23C834B07313->edccc055-c3f5-47df-b30f-76e8836f4c59@group-ED32739C8BBB, cid=3149, SUCCESS, logIndex=4738, commits[edccc055-c3f5-47df-b30f-76e8836f4c59:c4738, f9704f82-adf1-457c-ad29-9b573bc67fa6:c4735, 932806d8-5f5d-4457-8f95-c9b7f9036eae:c4735]
2019-08-07 03:27:35,024 INFO  client.GrpcClientProtocolClient (GrpcClientProtocolClient.java:onNext(255)) - client-23C834B07313->edccc055-c3f5-47df-b30f-76e8836f4c59: receive RaftClientReply:client-23C834B07313->edccc055-c3f5-47df-b30f-76e8836f4c59@group-ED32739C8BBB, cid=3150, SUCCESS, logIndex=4739, commits[edccc055-c3f5-47df-b30f-76e8836f4c59:c4739, f9704f82-adf1-457c-ad29-9b573bc67fa6:c4735, 932806d8-5f5d-4457-8f95-c9b7f9036eae:c4735]
2019-08-07 03:27:35,054 INFO  client.GrpcClientProtocolClient (GrpcClientProtocolClient.java:onNext(255)) - client-23C834B07313->edccc055-c3f5-47df-b30f-76e8836f4c59: receive RaftClientReply:client-23C834B07313->edccc055-c3f5-47df-b30f-76e8836f4c59@group-ED32739C8BBB, cid=3151, SUCCESS, logIndex=0, commits[edccc055-c3f5-47df-b30f-76e8836f4c59:c4741, f9704f82-adf1-457c-ad29-9b573bc67fa6:c4739, 932806d8-5f5d-4457-8f95-c9b7f9036eae:c4739]
2019-08-07 03:27:35,086 INFO  client.GrpcClientProtocolClient (GrpcClientProtocolClient.java:onNext(255)) - client-23C834B07313->edccc055-c3f5-47df-b30f-76e8836f4c59: receive RaftClientReply:client-23C834B07313->edccc055-c3f5-47df-b30f-76e8836f4c59@group-ED32739C8BBB, cid=3152, SUCCESS, logIndex=4742, commits[edccc055-c3f5-47df-b30f-76e8836f4c59:c4744, f9704f82-adf1-457c-ad29-9b573bc67fa6:c4741, 932806d8-5f5d-4457-8f95-c9b7f9036eae:c4741]
2019-08-07 03:27:35,086 INFO  client.GrpcClientProtocolClient (GrpcClientProtocolClient.java:onNext(255)) - client-23C834B07313->edccc055-c3f5-47df-b30f-76e8836f4c59: receive RaftClientReply:client-23C834B07313->edccc055-c3f5-47df-b30f-76e8836f4c59@group-ED32739C8BBB, cid=3153, SUCCESS, logIndex=4743, commits[edccc055-c3f5-47df-b30f-76e8836f4c59:c4745, f9704f82-adf1-457c-ad29-9b573bc67fa6:c4741, 932806d8-5f5d-4457-8f95-c9b7f9036eae:c4741]
2019-08-07 03:27:35,087 INFO  client.GrpcClientProtocolClient (GrpcClientProtocolClient.java:onNext(255)) - client-23C834B07313->edccc055-c3f5-47df-b30f-76e8836f4c59: receive RaftClientReply:client-23C834B07313->edccc055-c3f5-47df-b30f-76e8836f4c59@group-ED32739C8BBB, cid=3154, SUCCESS, logIndex=4744, commits[edccc055-c3f5-47df-b30f-76e8836f4c59:c4745, f9704f82-adf1-457c-ad29-9b573bc67fa6:c4741, 932806d8-5f5d-4457-8f95-c9b7f9036eae:c4741]
2019-08-07 03:27:35,087 INFO  client.GrpcClientProtocolClient (GrpcClientProtocolClient.java:onNext(255)) - client-23C834B07313->edccc055-c3f5-47df-b30f-76e8836f4c59: receive RaftClientReply:client-23C834B07313->edccc055-c3f5-47df-b30f-76e8836f4c59@group-ED32739C8BBB, cid=3155, SUCCESS, logIndex=4745, commits[edccc055-c3f5-47df-b30f-76e8836f4c59:c4746, f9704f82-adf1-457c-ad29-9b573bc67fa6:c4742, 932806d8-5f5d-4457-8f95-c9b7f9036eae:c4741]
2019-08-07 03:27:35,088 INFO  client.GrpcClientProtocolClient (GrpcClientProtocolClient.java:onNext(255)) - client-23C834B07313->edccc055-c3f5-47df-b30f-76e8836f4c59: receive RaftClientReply:client-23C834B07313->edccc055-c3f5-47df-b30f-76e8836f4c59@group-ED32739C8BBB, cid=3156, SUCCESS, logIndex=0, commits[edccc055-c3f5-47df-b30f-76e8836f4c59:c4748, f9704f82-adf1-457c-ad29-9b573bc67fa6:c4743, 932806d8-5f5d-4457-8f95-c9b7f9036eae:c4744]
2019-08-07 03:27:35,108 INFO  client.GrpcClientProtocolClient (GrpcClientProtocolClient.java:onNext(255)) - client-23C834B07313->edccc055-c3f5-47df-b30f-76e8836f4c59: receive RaftClientReply:client-23C834B07313->edccc055-c3f5-47df-b30f-76e8836f4c59@group-ED32739C8BBB, cid=3157, SUCCESS, logIndex=4750, commits[edccc055-c3f5-47df-b30f-76e8836f4c59:c4751, f9704f82-adf1-457c-ad29-9b573bc67fa6:c4749, 932806d8-5f5d-4457-8f95-c9b7f9036eae:c4749]
2019-08-07 03:27:35,108 INFO  client.GrpcClientProtocolClient (GrpcClientProtocolClient.java:onNext(255)) - client-23C834B07313->edccc055-c3f5-47df-b30f-76e8836f4c59: receive RaftClientReply:client-23C834B07313->edccc055-c3f5-47df-b30f-76e8836f4c59@group-ED32739C8BBB, cid=3158, SUCCESS, logIndex=4751, commits[edccc055-c3f5-47df-b30f-76e8836f4c59:c4751, f9704f82-adf1-457c-ad29-9b573bc67fa6:c4749, 932806d8-5f5d-4457-8f95-c9b7f9036eae:c4749]
2019-08-07 03:27:35,135 INFO  client.GrpcClientProtocolClient (GrpcClientProtocolClient.java:onNext(255)) - client-23C834B07313->edccc055-c3f5-47df-b30f-76e8836f4c59: receive RaftClientReply:client-23C834B07313->edccc055-c3f5-47df-b30f-76e8836f4c59@group-ED32739C8BBB, cid=3159, SUCCESS, logIndex=4754, commits[edccc055-c3f5-47df-b30f-76e8836f4c59:c4755, f9704f82-adf1-457c-ad29-9b573bc67fa6:c4751, 932806d8-5f5d-4457-8f95-c9b7f9036eae:c4751]
2019-08-07 03:27:35,137 INFO  client.GrpcClientProtocolClient (GrpcClientProtocolClient.java:onNext(255)) - client-23C834B07313->edccc055-c3f5-47df-b30f-76e8836f4c59: receive RaftClientReply:client-23C834B07313->edccc055-c3f5-47df-b30f-76e8836f4c59@group-ED32739C8BBB, cid=3160, SUCCESS, logIndex=4755, commits[edccc055-c3f5-47df-b30f-76e8836f4c59:c4755, f9704f82-adf1-457c-ad29-9b573bc67fa6:c4751, 932806d8-5f5d-4457-8f95-c9b7f9036eae:c4751]
2019-08-07 03:27:35,138 INFO  client.GrpcClientProtocolClient (GrpcClientProtocolClient.java:onNext(255)) - client-23C834B07313->edccc055-c3f5-47df-b30f-76e8836f4c59: receive RaftClientReply:client-23C834B07313->edccc055-c3f5-47df-b30f-76e8836f4c59@group-ED32739C8BBB, cid=3161, SUCCESS, logIndex=0, commits[edccc055-c3f5-47df-b30f-76e8836f4c59:c4757, f9704f82-adf1-457c-ad29-9b573bc67fa6:c4755, 932806d8-5f5d-4457-8f95-c9b7f9036eae:c4755]
2019-08-07 03:27:35,174 INFO  client.GrpcClientProtocolClient (GrpcClientProtocolClient.java:onNext(255)) - client-23C834B07313->edccc055-c3f5-47df-b30f-76e8836f4c59: receive RaftClientReply:client-23C834B07313->edccc055-c3f5-47df-b30f-76e8836f4c59@group-ED32739C8BBB, cid=3162, SUCCESS, logIndex=4758, commits[edccc055-c3f5-47df-b30f-76e8836f4c59:c4760, f9704f82-adf1-457c-ad29-9b573bc67fa6:c4757, 932806d8-5f5d-4457-8f95-c9b7f9036eae:c4757]
2019-08-07 03:27:35,176 INFO  client.GrpcClientProtocolClient (GrpcClientProtocolClient.java:onNext(255)) - client-23C834B07313->edccc055-c3f5-47df-b30f-76e8836f4c59: receive RaftClientReply:client-23C834B07313->edccc055-c3f5-47df-b30f-76e8836f4c59@group-ED32739C8BBB, cid=3163, SUCCESS, logIndex=4759, commits[edccc055-c3f5-47df-b30f-76e8836f4c59:c4761, f9704f82-adf1-457c-ad29-9b573bc67fa6:c4757, 932806d8-5f5d-4457-8f95-c9b7f9036eae:c4757]
2019-08-07 03:27:35,177 INFO  client.GrpcClientProtocolClient (GrpcClientProtocolClient.java:onNext(255)) - client-23C834B07313->edccc055-c3f5-47df-b30f-76e8836f4c59: receive RaftClientReply:client-23C834B07313->edccc055-c3f5-47df-b30f-76e8836f4c59@group-ED32739C8BBB, cid=3164, SUCCESS, logIndex=4760, commits[edccc055-c3f5-47df-b30f-76e8836f4c59:c4761, f9704f82-adf1-457c-ad29-9b573bc67fa6:c4757, 932806d8-5f5d-4457-8f95-c9b7f9036eae:c4757]
2019-08-07 03:27:35,177 INFO  client.GrpcClientProtocolClient (GrpcClientProtocolClient.java:onNext(255)) - client-23C834B07313->edccc055-c3f5-47df-b30f-76e8836f4c59: receive RaftClientReply:client-23C834B07313->edccc055-c3f5-47df-b30f-76e8836f4c59@group-ED32739C8BBB, cid=3165, SUCCESS, logIndex=4761, commits[edccc055-c3f5-47df-b30f-76e8836f4c59:c4761, f9704f82-adf1-457c-ad29-9b573bc67fa6:c4757, 932806d8-5f5d-4457-8f95-c9b7f9036eae:c4757]
2019-08-07 03:27:35,178 INFO  client.GrpcClientProtocolClient (GrpcClientProtocolClient.java:onNext(255)) - client-23C834B07313->edccc055-c3f5-47df-b30f-76e8836f4c59: receive RaftClientReply:client-23C834B07313->edccc055-c3f5-47df-b30f-76e8836f4c59@group-ED32739C8BBB, cid=3166, SUCCESS, logIndex=0, commits[edccc055-c3f5-47df-b30f-76e8836f4c59:c4765, f9704f82-adf1-457c-ad29-9b573bc67fa6:c4761, 932806d8-5f5d-4457-8f95-c9b7f9036eae:c4761]
2019-08-07 03:27:35,198 INFO  client.GrpcClientProtocolClient (GrpcClientProtocolClient.java:onNext(255)) - client-23C834B07313->edccc055-c3f5-47df-b30f-76e8836f4c59: receive RaftClientReply:client-23C834B07313->edccc055-c3f5-47df-b30f-76e8836f4c59@group-ED32739C8BBB, cid=3167, SUCCESS, logIndex=4766, commits[edccc055-c3f5-47df-b30f-76e8836f4c59:c4766, f9704f82-adf1-457c-ad29-9b573bc67fa6:c4765, 932806d8-5f5d-4457-8f95-c9b7f9036eae:c4765]
2019-08-07 03:27:35,198 INFO  client.GrpcClientProtocolClient (GrpcClientProtocolClient.java:onNext(255)) - client-23C834B07313->edccc055-c3f5-47df-b30f-76e8836f4c59: receive RaftClientReply:client-23C834B07313->edccc055-c3f5-47df-b30f-76e8836f4c59@group-ED32739C8BBB, cid=3168, SUCCESS, logIndex=4767, commits[edccc055-c3f5-47df-b30f-76e8836f4c59:c4767, f9704f82-adf1-457c-ad29-9b573bc67fa6:c4765, 932806d8-5f5d-4457-8f95-c9b7f9036eae:c4765]
2019-08-07 03:27:35,212 INFO  client.GrpcClientProtocolClient (GrpcClientProtocolClient.java:onNext(255)) - client-23C834B07313->edccc055-c3f5-47df-b30f-76e8836f4c59: receive RaftClientReply:client-23C834B07313->edccc055-c3f5-47df-b30f-76e8836f4c59@group-ED32739C8BBB, cid=3169, SUCCESS, logIndex=4770, commits[edccc055-c3f5-47df-b30f-76e8836f4c59:c4771, f9704f82-adf1-457c-ad29-9b573bc67fa6:c4767, 932806d8-5f5d-4457-8f95-c9b7f9036eae:c4767]
2019-08-07 03:27:35,212 INFO  client.GrpcClientProtocolClient (GrpcClientProtocolClient.java:onNext(255)) - client-23C834B07313->edccc055-c3f5-47df-b30f-76e8836f4c59: receive RaftClientReply:client-23C834B07313->edccc055-c3f5-47df-b30f-76e8836f4c59@group-ED32739C8BBB, cid=3170, SUCCESS, logIndex=4771, commits[edccc055-c3f5-47df-b30f-76e8836f4c59:c4771, f9704f82-adf1-457c-ad29-9b573bc67fa6:c4767, 932806d8-5f5d-4457-8f95-c9b7f9036eae:c4767]
2019-08-07 03:27:35,226 INFO  client.GrpcClientProtocolClient (GrpcClientProtocolClient.java:onNext(255)) - client-23C834B07313->edccc055-c3f5-47df-b30f-76e8836f4c59: receive RaftClientReply:client-23C834B07313->edccc055-c3f5-47df-b30f-76e8836f4c59@group-ED32739C8BBB, cid=3171, SUCCESS, logIndex=0, commits[edccc055-c3f5-47df-b30f-76e8836f4c59:c4772, f9704f82-adf1-457c-ad29-9b573bc67fa6:c4771, 932806d8-5f5d-4457-8f95-c9b7f9036eae:c4771]
2019-08-07 03:27:35,262 INFO  client.GrpcClientProtocolClient (GrpcClientProtocolClient.java:onNext(255)) - client-23C834B07313->edccc055-c3f5-47df-b30f-76e8836f4c59: receive RaftClientReply:client-23C834B07313->edccc055-c3f5-47df-b30f-76e8836f4c59@group-ED32739C8BBB, cid=3172, SUCCESS, logIndex=4774, commits[edccc055-c3f5-47df-b30f-76e8836f4c59:c4775, f9704f82-adf1-457c-ad29-9b573bc67fa6:c4773, 932806d8-5f5d-4457-8f95-c9b7f9036eae:c4773]
2019-08-07 03:27:35,263 INFO  client.GrpcClientProtocolClient (GrpcClientProtocolClient.java:onNext(255)) - client-23C834B07313->edccc055-c3f5-47df-b30f-76e8836f4c59: receive RaftClientReply:client-23C834B07313->edccc055-c3f5-47df-b30f-76e8836f4c59@group-ED32739C8BBB, cid=3173, SUCCESS, logIndex=4775, commits[edccc055-c3f5-47df-b30f-76e8836f4c59:c4775, f9704f82-adf1-457c-ad29-9b573bc67fa6:c4773, 932806d8-5f5d-4457-8f95-c9b7f9036eae:c4773]
2019-08-07 03:27:35,274 INFO  client.GrpcClientProtocolClient (GrpcClientProtocolClient.java:onNext(255)) - client-23C834B07313->edccc055-c3f5-47df-b30f-76e8836f4c59: receive RaftClientReply:client-23C834B07313->edccc055-c3f5-47df-b30f-76e8836f4c59@group-ED32739C8BBB, cid=3174, SUCCESS, logIndex=4776, commits[edccc055-c3f5-47df-b30f-76e8836f4c59:c4777, f9704f82-adf1-457c-ad29-9b573bc67fa6:c4773, 932806d8-5f5d-4457-8f95-c9b7f9036eae:c4773]
2019-08-07 03:27:35,274 INFO  client.GrpcClientProtocolClient (GrpcClientProtocolClient.java:onNext(255)) - client-23C834B07313->edccc055-c3f5-47df-b30f-76e8836f4c59: receive RaftClientReply:client-23C834B07313->edccc055-c3f5-47df-b30f-76e8836f4c59@group-ED32739C8BBB, cid=3175, SUCCESS, logIndex=4777, commits[edccc055-c3f5-47df-b30f-76e8836f4c59:c4778, f9704f82-adf1-457c-ad29-9b573bc67fa6:c4773, 932806d8-5f5d-4457-8f95-c9b7f9036eae:c4775]
2019-08-07 03:27:35,275 INFO  client.GrpcClientProtocolClient (GrpcClientProtocolClient.java:onNext(255)) - client-23C834B07313->edccc055-c3f5-47df-b30f-76e8836f4c59: receive RaftClientReply:client-23C834B07313->edccc055-c3f5-47df-b30f-76e8836f4c59@group-ED32739C8BBB, cid=3176, SUCCESS, logIndex=0, commits[edccc055-c3f5-47df-b30f-76e8836f4c59:c4779, f9704f82-adf1-457c-ad29-9b573bc67fa6:c4775, 932806d8-5f5d-4457-8f95-c9b7f9036eae:c4776]
2019-08-07 03:27:35,306 INFO  client.GrpcClientProtocolClient (GrpcClientProtocolClient.java:onNext(255)) - client-23C834B07313->edccc055-c3f5-47df-b30f-76e8836f4c59: receive RaftClientReply:client-23C834B07313->edccc055-c3f5-47df-b30f-76e8836f4c59@group-ED32739C8BBB, cid=3177, SUCCESS, logIndex=4782, commits[edccc055-c3f5-47df-b30f-76e8836f4c59:c4783, f9704f82-adf1-457c-ad29-9b573bc67fa6:c4781, 932806d8-5f5d-4457-8f95-c9b7f9036eae:c4777]
2019-08-07 03:27:35,306 INFO  client.GrpcClientProtocolClient (GrpcClientProtocolClient.java:onNext(255)) - client-23C834B07313->edccc055-c3f5-47df-b30f-76e8836f4c59: receive RaftClientReply:client-23C834B07313->edccc055-c3f5-47df-b30f-76e8836f4c59@group-ED32739C8BBB, cid=3178, SUCCESS, logIndex=4783, commits[edccc055-c3f5-47df-b30f-76e8836f4c59:c4783, f9704f82-adf1-457c-ad29-9b573bc67fa6:c4781, 932806d8-5f5d-4457-8f95-c9b7f9036eae:c4781]
2019-08-07 03:27:35,329 INFO  client.GrpcClientProtocolClient (GrpcClientProtocolClient.java:onNext(255)) - client-23C834B07313->edccc055-c3f5-47df-b30f-76e8836f4c59: receive RaftClientReply:client-23C834B07313->edccc055-c3f5-47df-b30f-76e8836f4c59@group-ED32739C8BBB, cid=3179, SUCCESS, logIndex=4785, commits[edccc055-c3f5-47df-b30f-76e8836f4c59:c4786, f9704f82-adf1-457c-ad29-9b573bc67fa6:c4784, 932806d8-5f5d-4457-8f95-c9b7f9036eae:c4784]
2019-08-07 03:27:35,329 INFO  client.GrpcClientProtocolClient (GrpcClientProtocolClient.java:onNext(255)) - client-23C834B07313->edccc055-c3f5-47df-b30f-76e8836f4c59: receive RaftClientReply:client-23C834B07313->edccc055-c3f5-47df-b30f-76e8836f4c59@group-ED32739C8BBB, cid=3180, SUCCESS, logIndex=4786, commits[edccc055-c3f5-47df-b30f-76e8836f4c59:c4786, f9704f82-adf1-457c-ad29-9b573bc67fa6:c4784, 932806d8-5f5d-4457-8f95-c9b7f9036eae:c4784]
2019-08-07 03:27:35,344 INFO  client.GrpcClientProtocolClient (GrpcClientProtocolClient.java:onNext(255)) - client-23C834B07313->edccc055-c3f5-47df-b30f-76e8836f4c59: receive RaftClientReply:client-23C834B07313->edccc055-c3f5-47df-b30f-76e8836f4c59@group-ED32739C8BBB, cid=3181, SUCCESS, logIndex=0, commits[edccc055-c3f5-47df-b30f-76e8836f4c59:c4787, f9704f82-adf1-457c-ad29-9b573bc67fa6:c4786, 932806d8-5f5d-4457-8f95-c9b7f9036eae:c4786]
2019-08-07 03:27:35,380 INFO  client.GrpcClientProtocolClient (GrpcClientProtocolClient.java:onNext(255)) - client-23C834B07313->edccc055-c3f5-47df-b30f-76e8836f4c59: receive RaftClientReply:client-23C834B07313->edccc055-c3f5-47df-b30f-76e8836f4c59@group-ED32739C8BBB, cid=3182, SUCCESS, logIndex=4789, commits[edccc055-c3f5-47df-b30f-76e8836f4c59:c4790, f9704f82-adf1-457c-ad29-9b573bc67fa6:c4788, 932806d8-5f5d-4457-8f95-c9b7f9036eae:c4788]
2019-08-07 03:27:35,381 INFO  client.GrpcClientProtocolClient (GrpcClientProtocolClient.java:onNext(255)) - client-23C834B07313->edccc055-c3f5-47df-b30f-76e8836f4c59: receive RaftClientReply:client-23C834B07313->edccc055-c3f5-47df-b30f-76e8836f4c59@group-ED32739C8BBB, cid=3183, SUCCESS, logIndex=4790, commits[edccc055-c3f5-47df-b30f-76e8836f4c59:c4792, f9704f82-adf1-457c-ad29-9b573bc67fa6:c4788, 932806d8-5f5d-4457-8f95-c9b7f9036eae:c4788]
2019-08-07 03:27:35,382 INFO  client.GrpcClientProtocolClient (GrpcClientProtocolClient.java:onNext(255)) - client-23C834B07313->edccc055-c3f5-47df-b30f-76e8836f4c59: receive RaftClientReply:client-23C834B07313->edccc055-c3f5-47df-b30f-76e8836f4c59@group-ED32739C8BBB, cid=3184, SUCCESS, logIndex=4791, commits[edccc055-c3f5-47df-b30f-76e8836f4c59:c4792, f9704f82-adf1-457c-ad29-9b573bc67fa6:c4789, 932806d8-5f5d-4457-8f95-c9b7f9036eae:c4788]
2019-08-07 03:27:35,382 INFO  client.GrpcClientProtocolClient (GrpcClientProtocolClient.java:onNext(255)) - client-23C834B07313->edccc055-c3f5-47df-b30f-76e8836f4c59: receive RaftClientReply:client-23C834B07313->edccc055-c3f5-47df-b30f-76e8836f4c59@group-ED32739C8BBB, cid=3185, SUCCESS, logIndex=4792, commits[edccc055-c3f5-47df-b30f-76e8836f4c59:c4793, f9704f82-adf1-457c-ad29-9b573bc67fa6:c4789, 932806d8-5f5d-4457-8f95-c9b7f9036eae:c4788]
2019-08-07 03:27:35,383 INFO  client.GrpcClientProtocolClient (GrpcClientProtocolClient.java:onNext(255)) - client-23C834B07313->edccc055-c3f5-47df-b30f-76e8836f4c59: receive RaftClientReply:client-23C834B07313->edccc055-c3f5-47df-b30f-76e8836f4c59@group-ED32739C8BBB, cid=3186, SUCCESS, logIndex=0, commits[edccc055-c3f5-47df-b30f-76e8836f4c59:c4794, f9704f82-adf1-457c-ad29-9b573bc67fa6:c4790, 932806d8-5f5d-4457-8f95-c9b7f9036eae:c4790]
2019-08-07 03:27:35,531 INFO  client.GrpcClientProtocolClient (GrpcClientProtocolClient.java:onNext(255)) - client-23C834B07313->edccc055-c3f5-47df-b30f-76e8836f4c59: receive RaftClientReply:client-23C834B07313->edccc055-c3f5-47df-b30f-76e8836f4c59@group-ED32739C8BBB, cid=3187, SUCCESS, logIndex=4797, commits[edccc055-c3f5-47df-b30f-76e8836f4c59:c4798, f9704f82-adf1-457c-ad29-9b573bc67fa6:c4796, 932806d8-5f5d-4457-8f95-c9b7f9036eae:c4796]
2019-08-07 03:27:35,531 INFO  client.GrpcClientProtocolClient (GrpcClientProtocolClient.java:onNext(255)) - client-23C834B07313->edccc055-c3f5-47df-b30f-76e8836f4c59: receive RaftClientReply:client-23C834B07313->edccc055-c3f5-47df-b30f-76e8836f4c59@group-ED32739C8BBB, cid=3188, SUCCESS, logIndex=4798, commits[edccc055-c3f5-47df-b30f-76e8836f4c59:c4798, f9704f82-adf1-457c-ad29-9b573bc67fa6:c4796, 932806d8-5f5d-4457-8f95-c9b7f9036eae:c4796]
 0.00% |█                                                                                                    |  0/1 Time: 0:00:312019-08-07 03:27:35,573 INFO  client.GrpcClientProtocolClient (GrpcClientProtocolClient.java:onNext(255)) - client-23C834B07313->edccc055-c3f5-47df-b30f-76e8836f4c59: receive RaftClientReply:client-23C834B07313->edccc055-c3f5-47df-b30f-76e8836f4c59@group-ED32739C8BBB, cid=3189, SUCCESS, logIndex=4801, commits[edccc055-c3f5-47df-b30f-76e8836f4c59:c4802, f9704f82-adf1-457c-ad29-9b573bc67fa6:c4798, 932806d8-5f5d-4457-8f95-c9b7f9036eae:c4798]
2019-08-07 03:27:35,573 INFO  client.GrpcClientProtocolClient (GrpcClientProtocolClient.java:onNext(255)) - client-23C834B07313->edccc055-c3f5-47df-b30f-76e8836f4c59: receive RaftClientReply:client-23C834B07313->edccc055-c3f5-47df-b30f-76e8836f4c59@group-ED32739C8BBB, cid=3190, SUCCESS, logIndex=4802, commits[edccc055-c3f5-47df-b30f-76e8836f4c59:c4802, f9704f82-adf1-457c-ad29-9b573bc67fa6:c4798, 932806d8-5f5d-4457-8f95-c9b7f9036eae:c4798]
2019-08-07 03:27:35,587 INFO  client.GrpcClientProtocolClient (GrpcClientProtocolClient.java:onNext(255)) - client-23C834B07313->edccc055-c3f5-47df-b30f-76e8836f4c59: receive RaftClientReply:client-23C834B07313->edccc055-c3f5-47df-b30f-76e8836f4c59@group-ED32739C8BBB, cid=3191, SUCCESS, logIndex=0, commits[edccc055-c3f5-47df-b30f-76e8836f4c59:c4803, f9704f82-adf1-457c-ad29-9b573bc67fa6:c4802, 932806d8-5f5d-4457-8f95-c9b7f9036eae:c4802]
2019-08-07 03:27:35,626 INFO  client.GrpcClientProtocolClient (GrpcClientProtocolClient.java:onNext(255)) - client-23C834B07313->edccc055-c3f5-47df-b30f-76e8836f4c59: receive RaftClientReply:client-23C834B07313->edccc055-c3f5-47df-b30f-76e8836f4c59@group-ED32739C8BBB, cid=3192, SUCCESS, logIndex=4805, commits[edccc055-c3f5-47df-b30f-76e8836f4c59:c4806, f9704f82-adf1-457c-ad29-9b573bc67fa6:c4804, 932806d8-5f5d-4457-8f95-c9b7f9036eae:c4802]
2019-08-07 03:27:35,627 INFO  client.GrpcClientProtocolClient (GrpcClientProtocolClient.java:onNext(255)) - client-23C834B07313->edccc055-c3f5-47df-b30f-76e8836f4c59: receive RaftClientReply:client-23C834B07313->edccc055-c3f5-47df-b30f-76e8836f4c59@group-ED32739C8BBB, cid=3193, SUCCESS, logIndex=4806, commits[edccc055-c3f5-47df-b30f-76e8836f4c59:c4806, f9704f82-adf1-457c-ad29-9b573bc67fa6:c4804, 932806d8-5f5d-4457-8f95-c9b7f9036eae:c4802]
2019-08-07 03:27:35,629 INFO  client.GrpcClientProtocolClient (GrpcClientProtocolClient.java:onNext(255)) - client-23C834B07313->edccc055-c3f5-47df-b30f-76e8836f4c59: receive RaftClientReply:client-23C834B07313->edccc055-c3f5-47df-b30f-76e8836f4c59@group-ED32739C8BBB, cid=3194, SUCCESS, logIndex=4807, commits[edccc055-c3f5-47df-b30f-76e8836f4c59:c4808, f9704f82-adf1-457c-ad29-9b573bc67fa6:c4804, 932806d8-5f5d-4457-8f95-c9b7f9036eae:c4804]
2019-08-07 03:27:35,629 INFO  client.GrpcClientProtocolClient (GrpcClientProtocolClient.java:onNext(255)) - client-23C834B07313->edccc055-c3f5-47df-b30f-76e8836f4c59: receive RaftClientReply:client-23C834B07313->edccc055-c3f5-47df-b30f-76e8836f4c59@group-ED32739C8BBB, cid=3195, SUCCESS, logIndex=4808, commits[edccc055-c3f5-47df-b30f-76e8836f4c59:c4808, f9704f82-adf1-457c-ad29-9b573bc67fa6:c4804, 932806d8-5f5d-4457-8f95-c9b7f9036eae:c4804]
2019-08-07 03:27:35,641 INFO  client.GrpcClientProtocolClient (GrpcClientProtocolClient.java:onNext(255)) - client-23C834B07313->edccc055-c3f5-47df-b30f-76e8836f4c59: receive RaftClientReply:client-23C834B07313->edccc055-c3f5-47df-b30f-76e8836f4c59@group-ED32739C8BBB, cid=3196, SUCCESS, logIndex=0, commits[edccc055-c3f5-47df-b30f-76e8836f4c59:c4809, f9704f82-adf1-457c-ad29-9b573bc67fa6:c4806, 932806d8-5f5d-4457-8f95-c9b7f9036eae:c4806]
2019-08-07 03:27:35,666 INFO  client.GrpcClientProtocolClient (GrpcClientProtocolClient.java:onNext(255)) - client-23C834B07313->edccc055-c3f5-47df-b30f-76e8836f4c59: receive RaftClientReply:client-23C834B07313->edccc055-c3f5-47df-b30f-76e8836f4c59@group-ED32739C8BBB, cid=3197, SUCCESS, logIndex=4813, commits[edccc055-c3f5-47df-b30f-76e8836f4c59:c4814, f9704f82-adf1-457c-ad29-9b573bc67fa6:c4810, 932806d8-5f5d-4457-8f95-c9b7f9036eae:c4810]
2019-08-07 03:27:35,666 INFO  client.GrpcClientProtocolClient (GrpcClientProtocolClient.java:onNext(255)) - client-23C834B07313->edccc055-c3f5-47df-b30f-76e8836f4c59: receive RaftClientReply:client-23C834B07313->edccc055-c3f5-47df-b30f-76e8836f4c59@group-ED32739C8BBB, cid=3198, SUCCESS, logIndex=4814, commits[edccc055-c3f5-47df-b30f-76e8836f4c59:c4814, f9704f82-adf1-457c-ad29-9b573bc67fa6:c4810, 932806d8-5f5d-4457-8f95-c9b7f9036eae:c4810]
2019-08-07 03:27:35,692 INFO  client.GrpcClientProtocolClient (GrpcClientProtocolClient.java:onNext(255)) - client-23C834B07313->edccc055-c3f5-47df-b30f-76e8836f4c59: receive RaftClientReply:client-23C834B07313->edccc055-c3f5-47df-b30f-76e8836f4c59@group-ED32739C8BBB, cid=3199, SUCCESS, logIndex=4817, commits[edccc055-c3f5-47df-b30f-76e8836f4c59:c4818, f9704f82-adf1-457c-ad29-9b573bc67fa6:c4814, 932806d8-5f5d-4457-8f95-c9b7f9036eae:c4814]
2019-08-07 03:27:35,693 INFO  client.GrpcClientProtocolClient (GrpcClientProtocolClient.java:onNext(255)) - client-23C834B07313->edccc055-c3f5-47df-b30f-76e8836f4c59: receive RaftClientReply:client-23C834B07313->edccc055-c3f5-47df-b30f-76e8836f4c59@group-ED32739C8BBB, cid=3200, SUCCESS, logIndex=4818, commits[edccc055-c3f5-47df-b30f-76e8836f4c59:c4818, f9704f82-adf1-457c-ad29-9b573bc67fa6:c4814, 932806d8-5f5d-4457-8f95-c9b7f9036eae:c4814]
2019-08-07 03:27:35,718 INFO  client.GrpcClientProtocolClient (GrpcClientProtocolClient.java:onNext(255)) - client-23C834B07313->edccc055-c3f5-47df-b30f-76e8836f4c59: receive RaftClientReply:client-23C834B07313->edccc055-c3f5-47df-b30f-76e8836f4c59@group-ED32739C8BBB, cid=3201, SUCCESS, logIndex=0, commits[edccc055-c3f5-47df-b30f-76e8836f4c59:c4820, f9704f82-adf1-457c-ad29-9b573bc67fa6:c4818, 932806d8-5f5d-4457-8f95-c9b7f9036eae:c4818]
2019-08-07 03:27:35,757 INFO  client.GrpcClientProtocolClient (GrpcClientProtocolClient.java:onNext(255)) - client-23C834B07313->edccc055-c3f5-47df-b30f-76e8836f4c59: receive RaftClientReply:client-23C834B07313->edccc055-c3f5-47df-b30f-76e8836f4c59@group-ED32739C8BBB, cid=3202, SUCCESS, logIndex=4821, commits[edccc055-c3f5-47df-b30f-76e8836f4c59:c4822, f9704f82-adf1-457c-ad29-9b573bc67fa6:c4820, 932806d8-5f5d-4457-8f95-c9b7f9036eae:c4820]
2019-08-07 03:27:35,758 INFO  client.GrpcClientProtocolClient (GrpcClientProtocolClient.java:onNext(255)) - client-23C834B07313->edccc055-c3f5-47df-b30f-76e8836f4c59: receive RaftClientReply:client-23C834B07313->edccc055-c3f5-47df-b30f-76e8836f4c59@group-ED32739C8BBB, cid=3203, SUCCESS, logIndex=4822, commits[edccc055-c3f5-47df-b30f-76e8836f4c59:c4822, f9704f82-adf1-457c-ad29-9b573bc67fa6:c4820, 932806d8-5f5d-4457-8f95-c9b7f9036eae:c4820]
2019-08-07 03:27:35,767 INFO  client.GrpcClientProtocolClient (GrpcClientProtocolClient.java:onNext(255)) - client-23C834B07313->edccc055-c3f5-47df-b30f-76e8836f4c59: receive RaftClientReply:client-23C834B07313->edccc055-c3f5-47df-b30f-76e8836f4c59@group-ED32739C8BBB, cid=3204, SUCCESS, logIndex=4823, commits[edccc055-c3f5-47df-b30f-76e8836f4c59:c4824, f9704f82-adf1-457c-ad29-9b573bc67fa6:c4820, 932806d8-5f5d-4457-8f95-c9b7f9036eae:c4820]
2019-08-07 03:27:35,767 INFO  client.GrpcClientProtocolClient (GrpcClientProtocolClient.java:onNext(255)) - client-23C834B07313->edccc055-c3f5-47df-b30f-76e8836f4c59: receive RaftClientReply:client-23C834B07313->edccc055-c3f5-47df-b30f-76e8836f4c59@group-ED32739C8BBB, cid=3205, SUCCESS, logIndex=4824, commits[edccc055-c3f5-47df-b30f-76e8836f4c59:c4824, f9704f82-adf1-457c-ad29-9b573bc67fa6:c4820, 932806d8-5f5d-4457-8f95-c9b7f9036eae:c4820]
2019-08-07 03:27:35,783 INFO  client.GrpcClientProtocolClient (GrpcClientProtocolClient.java:onNext(255)) - client-23C834B07313->edccc055-c3f5-47df-b30f-76e8836f4c59: receive RaftClientReply:client-23C834B07313->edccc055-c3f5-47df-b30f-76e8836f4c59@group-ED32739C8BBB, cid=3206, SUCCESS, logIndex=0, commits[edccc055-c3f5-47df-b30f-76e8836f4c59:c4827, f9704f82-adf1-457c-ad29-9b573bc67fa6:c4822, 932806d8-5f5d-4457-8f95-c9b7f9036eae:c4822]
2019-08-07 03:27:35,807 INFO  client.GrpcClientProtocolClient (GrpcClientProtocolClient.java:onNext(255)) - client-23C834B07313->edccc055-c3f5-47df-b30f-76e8836f4c59: receive RaftClientReply:client-23C834B07313->edccc055-c3f5-47df-b30f-76e8836f4c59@group-ED32739C8BBB, cid=3207, SUCCESS, logIndex=4829, commits[edccc055-c3f5-47df-b30f-76e8836f4c59:c4830, f9704f82-adf1-457c-ad29-9b573bc67fa6:c4828, 932806d8-5f5d-4457-8f95-c9b7f9036eae:c4828]
2019-08-07 03:27:35,807 INFO  client.GrpcClientProtocolClient (GrpcClientProtocolClient.java:onNext(255)) - client-23C834B07313->edccc055-c3f5-47df-b30f-76e8836f4c59: receive RaftClientReply:client-23C834B07313->edccc055-c3f5-47df-b30f-76e8836f4c59@group-ED32739C8BBB, cid=3208, SUCCESS, logIndex=4830, commits[edccc055-c3f5-47df-b30f-76e8836f4c59:c4830, f9704f82-adf1-457c-ad29-9b573bc67fa6:c4828, 932806d8-5f5d-4457-8f95-c9b7f9036eae:c4828]
2019-08-07 03:27:35,833 INFO  client.GrpcClientProtocolClient (GrpcClientProtocolClient.java:onNext(255)) - client-23C834B07313->edccc055-c3f5-47df-b30f-76e8836f4c59: receive RaftClientReply:client-23C834B07313->edccc055-c3f5-47df-b30f-76e8836f4c59@group-ED32739C8BBB, cid=3209, SUCCESS, logIndex=4833, commits[edccc055-c3f5-47df-b30f-76e8836f4c59:c4834, f9704f82-adf1-457c-ad29-9b573bc67fa6:c4830, 932806d8-5f5d-4457-8f95-c9b7f9036eae:c4830]
2019-08-07 03:27:35,833 INFO  client.GrpcClientProtocolClient (GrpcClientProtocolClient.java:onNext(255)) - client-23C834B07313->edccc055-c3f5-47df-b30f-76e8836f4c59: receive RaftClientReply:client-23C834B07313->edccc055-c3f5-47df-b30f-76e8836f4c59@group-ED32739C8BBB, cid=3210, SUCCESS, logIndex=4834, commits[edccc055-c3f5-47df-b30f-76e8836f4c59:c4834, f9704f82-adf1-457c-ad29-9b573bc67fa6:c4830, 932806d8-5f5d-4457-8f95-c9b7f9036eae:c4830]
2019-08-07 03:27:35,837 INFO  client.GrpcClientProtocolClient (GrpcClientProtocolClient.java:onNext(255)) - client-23C834B07313->edccc055-c3f5-47df-b30f-76e8836f4c59: receive RaftClientReply:client-23C834B07313->edccc055-c3f5-47df-b30f-76e8836f4c59@group-ED32739C8BBB, cid=3211, SUCCESS, logIndex=0, commits[edccc055-c3f5-47df-b30f-76e8836f4c59:c4835, f9704f82-adf1-457c-ad29-9b573bc67fa6:c4834, 932806d8-5f5d-4457-8f95-c9b7f9036eae:c4834]
2019-08-07 03:27:35,872 INFO  client.GrpcClientProtocolClient (GrpcClientProtocolClient.java:onNext(255)) - client-23C834B07313->edccc055-c3f5-47df-b30f-76e8836f4c59: receive RaftClientReply:client-23C834B07313->edccc055-c3f5-47df-b30f-76e8836f4c59@group-ED32739C8BBB, cid=3212, SUCCESS, logIndex=4837, commits[edccc055-c3f5-47df-b30f-76e8836f4c59:c4839, f9704f82-adf1-457c-ad29-9b573bc67fa6:c4836, 932806d8-5f5d-4457-8f95-c9b7f9036eae:c4836]
2019-08-07 03:27:35,873 INFO  client.GrpcClientProtocolClient (GrpcClientProtocolClient.java:onNext(255)) - client-23C834B07313->edccc055-c3f5-47df-b30f-76e8836f4c59: receive RaftClientReply:client-23C834B07313->edccc055-c3f5-47df-b30f-76e8836f4c59@group-ED32739C8BBB, cid=3213, SUCCESS, logIndex=4838, commits[edccc055-c3f5-47df-b30f-76e8836f4c59:c4840, f9704f82-adf1-457c-ad29-9b573bc67fa6:c4836, 932806d8-5f5d-4457-8f95-c9b7f9036eae:c4836]
2019-08-07 03:27:35,873 INFO  client.GrpcClientProtocolClient (GrpcClientProtocolClient.java:onNext(255)) - client-23C834B07313->edccc055-c3f5-47df-b30f-76e8836f4c59: receive RaftClientReply:client-23C834B07313->edccc055-c3f5-47df-b30f-76e8836f4c59@group-ED32739C8BBB, cid=3214, SUCCESS, logIndex=4839, commits[edccc055-c3f5-47df-b30f-76e8836f4c59:c4840, f9704f82-adf1-457c-ad29-9b573bc67fa6:c4836, 932806d8-5f5d-4457-8f95-c9b7f9036eae:c4836]
2019-08-07 03:27:35,874 INFO  client.GrpcClientProtocolClient (GrpcClientProtocolClient.java:onNext(255)) - client-23C834B07313->edccc055-c3f5-47df-b30f-76e8836f4c59: receive RaftClientReply:client-23C834B07313->edccc055-c3f5-47df-b30f-76e8836f4c59@group-ED32739C8BBB, cid=3215, SUCCESS, logIndex=4840, commits[edccc055-c3f5-47df-b30f-76e8836f4c59:c4840, f9704f82-adf1-457c-ad29-9b573bc67fa6:c4836, 932806d8-5f5d-4457-8f95-c9b7f9036eae:c4836]
2019-08-07 03:27:35,888 INFO  client.GrpcClientProtocolClient (GrpcClientProtocolClient.java:onNext(255)) - client-23C834B07313->edccc055-c3f5-47df-b30f-76e8836f4c59: receive RaftClientReply:client-23C834B07313->edccc055-c3f5-47df-b30f-76e8836f4c59@group-ED32739C8BBB, cid=3216, SUCCESS, logIndex=0, commits[edccc055-c3f5-47df-b30f-76e8836f4c59:c4844, f9704f82-adf1-457c-ad29-9b573bc67fa6:c4840, 932806d8-5f5d-4457-8f95-c9b7f9036eae:c4838]
2019-08-07 03:27:35,912 INFO  client.GrpcClientProtocolClient (GrpcClientProtocolClient.java:onNext(255)) - client-23C834B07313->edccc055-c3f5-47df-b30f-76e8836f4c59: receive RaftClientReply:client-23C834B07313->edccc055-c3f5-47df-b30f-76e8836f4c59@group-ED32739C8BBB, cid=3217, SUCCESS, logIndex=4845, commits[edccc055-c3f5-47df-b30f-76e8836f4c59:c4846, f9704f82-adf1-457c-ad29-9b573bc67fa6:c4844, 932806d8-5f5d-4457-8f95-c9b7f9036eae:c4844]
2019-08-07 03:27:35,912 INFO  client.GrpcClientProtocolClient (GrpcClientProtocolClient.java:onNext(255)) - client-23C834B07313->edccc055-c3f5-47df-b30f-76e8836f4c59: receive RaftClientReply:client-23C834B07313->edccc055-c3f5-47df-b30f-76e8836f4c59@group-ED32739C8BBB, cid=3218, SUCCESS, logIndex=4846, commits[edccc055-c3f5-47df-b30f-76e8836f4c59:c4846, f9704f82-adf1-457c-ad29-9b573bc67fa6:c4844, 932806d8-5f5d-4457-8f95-c9b7f9036eae:c4844]
2019-08-07 03:27:35,937 INFO  client.GrpcClientProtocolClient (GrpcClientProtocolClient.java:onNext(255)) - client-23C834B07313->edccc055-c3f5-47df-b30f-76e8836f4c59: receive RaftClientReply:client-23C834B07313->edccc055-c3f5-47df-b30f-76e8836f4c59@group-ED32739C8BBB, cid=3219, SUCCESS, logIndex=4849, commits[edccc055-c3f5-47df-b30f-76e8836f4c59:c4849, f9704f82-adf1-457c-ad29-9b573bc67fa6:c4845, 932806d8-5f5d-4457-8f95-c9b7f9036eae:c4846]
2019-08-07 03:27:35,938 INFO  client.GrpcClientProtocolClient (GrpcClientProtocolClient.java:onNext(255)) - client-23C834B07313->edccc055-c3f5-47df-b30f-76e8836f4c59: receive RaftClientReply:client-23C834B07313->edccc055-c3f5-47df-b30f-76e8836f4c59@group-ED32739C8BBB, cid=3220, SUCCESS, logIndex=4850, commits[edccc055-c3f5-47df-b30f-76e8836f4c59:c4850, f9704f82-adf1-457c-ad29-9b573bc67fa6:c4846, 932806d8-5f5d-4457-8f95-c9b7f9036eae:c4846]
2019-08-07 03:27:35,952 INFO  client.GrpcClientProtocolClient (GrpcClientProtocolClient.java:onNext(255)) - client-23C834B07313->edccc055-c3f5-47df-b30f-76e8836f4c59: receive RaftClientReply:client-23C834B07313->edccc055-c3f5-47df-b30f-76e8836f4c59@group-ED32739C8BBB, cid=3221, SUCCESS, logIndex=0, commits[edccc055-c3f5-47df-b30f-76e8836f4c59:c4852, f9704f82-adf1-457c-ad29-9b573bc67fa6:c4850, 932806d8-5f5d-4457-8f95-c9b7f9036eae:c4850]
2019-08-07 03:27:35,987 INFO  client.GrpcClientProtocolClient (GrpcClientProtocolClient.java:onNext(255)) - client-23C834B07313->edccc055-c3f5-47df-b30f-76e8836f4c59: receive RaftClientReply:client-23C834B07313->edccc055-c3f5-47df-b30f-76e8836f4c59@group-ED32739C8BBB, cid=3222, SUCCESS, logIndex=4853, commits[edccc055-c3f5-47df-b30f-76e8836f4c59:c4854, f9704f82-adf1-457c-ad29-9b573bc67fa6:c4852, 932806d8-5f5d-4457-8f95-c9b7f9036eae:c4852]
2019-08-07 03:27:35,988 INFO  client.GrpcClientProtocolClient (GrpcClientProtocolClient.java:onNext(255)) - client-23C834B07313->edccc055-c3f5-47df-b30f-76e8836f4c59: receive RaftClientReply:client-23C834B07313->edccc055-c3f5-47df-b30f-76e8836f4c59@group-ED32739C8BBB, cid=3223, SUCCESS, logIndex=4854, commits[edccc055-c3f5-47df-b30f-76e8836f4c59:c4855, f9704f82-adf1-457c-ad29-9b573bc67fa6:c4852, 932806d8-5f5d-4457-8f95-c9b7f9036eae:c4852]
2019-08-07 03:27:35,988 INFO  client.GrpcClientProtocolClient (GrpcClientProtocolClient.java:onNext(255)) - client-23C834B07313->edccc055-c3f5-47df-b30f-76e8836f4c59: receive RaftClientReply:client-23C834B07313->edccc055-c3f5-47df-b30f-76e8836f4c59@group-ED32739C8BBB, cid=3224, SUCCESS, logIndex=4855, commits[edccc055-c3f5-47df-b30f-76e8836f4c59:c4856, f9704f82-adf1-457c-ad29-9b573bc67fa6:c4852, 932806d8-5f5d-4457-8f95-c9b7f9036eae:c4852]
2019-08-07 03:27:35,989 INFO  client.GrpcClientProtocolClient (GrpcClientProtocolClient.java:onNext(255)) - client-23C834B07313->edccc055-c3f5-47df-b30f-76e8836f4c59: receive RaftClientReply:client-23C834B07313->edccc055-c3f5-47df-b30f-76e8836f4c59@group-ED32739C8BBB, cid=3225, SUCCESS, logIndex=4856, commits[edccc055-c3f5-47df-b30f-76e8836f4c59:c4856, f9704f82-adf1-457c-ad29-9b573bc67fa6:c4852, 932806d8-5f5d-4457-8f95-c9b7f9036eae:c4852]
2019-08-07 03:27:36,003 INFO  client.GrpcClientProtocolClient (GrpcClientProtocolClient.java:onNext(255)) - client-23C834B07313->edccc055-c3f5-47df-b30f-76e8836f4c59: receive RaftClientReply:client-23C834B07313->edccc055-c3f5-47df-b30f-76e8836f4c59@group-ED32739C8BBB, cid=3226, SUCCESS, logIndex=0, commits[edccc055-c3f5-47df-b30f-76e8836f4c59:c4858, f9704f82-adf1-457c-ad29-9b573bc67fa6:c4854, 932806d8-5f5d-4457-8f95-c9b7f9036eae:c4854]
2019-08-07 03:27:36,027 INFO  client.GrpcClientProtocolClient (GrpcClientProtocolClient.java:onNext(255)) - client-23C834B07313->edccc055-c3f5-47df-b30f-76e8836f4c59: receive RaftClientReply:client-23C834B07313->edccc055-c3f5-47df-b30f-76e8836f4c59@group-ED32739C8BBB, cid=3227, SUCCESS, logIndex=4861, commits[edccc055-c3f5-47df-b30f-76e8836f4c59:c4862, f9704f82-adf1-457c-ad29-9b573bc67fa6:c4860, 932806d8-5f5d-4457-8f95-c9b7f9036eae:c4856]
2019-08-07 03:27:36,027 INFO  client.GrpcClientProtocolClient (GrpcClientProtocolClient.java:onNext(255)) - client-23C834B07313->edccc055-c3f5-47df-b30f-76e8836f4c59: receive RaftClientReply:client-23C834B07313->edccc055-c3f5-47df-b30f-76e8836f4c59@group-ED32739C8BBB, cid=3228, SUCCESS, logIndex=4862, commits[edccc055-c3f5-47df-b30f-76e8836f4c59:c4862, f9704f82-adf1-457c-ad29-9b573bc67fa6:c4860, 932806d8-5f5d-4457-8f95-c9b7f9036eae:c4860]
2019-08-07 03:27:36,064 INFO  client.GrpcClientProtocolClient (GrpcClientProtocolClient.java:onNext(255)) - client-23C834B07313->edccc055-c3f5-47df-b30f-76e8836f4c59: receive RaftClientReply:client-23C834B07313->edccc055-c3f5-47df-b30f-76e8836f4c59@group-ED32739C8BBB, cid=3229, SUCCESS, logIndex=4865, commits[edccc055-c3f5-47df-b30f-76e8836f4c59:c4866, f9704f82-adf1-457c-ad29-9b573bc67fa6:c4863, 932806d8-5f5d-4457-8f95-c9b7f9036eae:c4864]
2019-08-07 03:27:36,064 INFO  client.GrpcClientProtocolClient (GrpcClientProtocolClient.java:onNext(255)) - client-23C834B07313->edccc055-c3f5-47df-b30f-76e8836f4c59: receive RaftClientReply:client-23C834B07313->edccc055-c3f5-47df-b30f-76e8836f4c59@group-ED32739C8BBB, cid=3230, SUCCESS, logIndex=4866, commits[edccc055-c3f5-47df-b30f-76e8836f4c59:c4866, f9704f82-adf1-457c-ad29-9b573bc67fa6:c4864, 932806d8-5f5d-4457-8f95-c9b7f9036eae:c4864]
2019-08-07 03:27:36,079 INFO  client.GrpcClientProtocolClient (GrpcClientProtocolClient.java:onNext(255)) - client-23C834B07313->edccc055-c3f5-47df-b30f-76e8836f4c59: receive RaftClientReply:client-23C834B07313->edccc055-c3f5-47df-b30f-76e8836f4c59@group-ED32739C8BBB, cid=3231, SUCCESS, logIndex=0, commits[edccc055-c3f5-47df-b30f-76e8836f4c59:c4868, f9704f82-adf1-457c-ad29-9b573bc67fa6:c4866, 932806d8-5f5d-4457-8f95-c9b7f9036eae:c4866]
2019-08-07 03:27:36,113 INFO  client.GrpcClientProtocolClient (GrpcClientProtocolClient.java:onNext(255)) - client-23C834B07313->edccc055-c3f5-47df-b30f-76e8836f4c59: receive RaftClientReply:client-23C834B07313->edccc055-c3f5-47df-b30f-76e8836f4c59@group-ED32739C8BBB, cid=3232, SUCCESS, logIndex=4869, commits[edccc055-c3f5-47df-b30f-76e8836f4c59:c4870, f9704f82-adf1-457c-ad29-9b573bc67fa6:c4868, 932806d8-5f5d-4457-8f95-c9b7f9036eae:c4868]
2019-08-07 03:27:36,113 INFO  client.GrpcClientProtocolClient (GrpcClientProtocolClient.java:onNext(255)) - client-23C834B07313->edccc055-c3f5-47df-b30f-76e8836f4c59: receive RaftClientReply:client-23C834B07313->edccc055-c3f5-47df-b30f-76e8836f4c59@group-ED32739C8BBB, cid=3233, SUCCESS, logIndex=4870, commits[edccc055-c3f5-47df-b30f-76e8836f4c59:c4872, f9704f82-adf1-457c-ad29-9b573bc67fa6:c4868, 932806d8-5f5d-4457-8f95-c9b7f9036eae:c4868]
2019-08-07 03:27:36,114 INFO  client.GrpcClientProtocolClient (GrpcClientProtocolClient.java:onNext(255)) - client-23C834B07313->edccc055-c3f5-47df-b30f-76e8836f4c59: receive RaftClientReply:client-23C834B07313->edccc055-c3f5-47df-b30f-76e8836f4c59@group-ED32739C8BBB, cid=3234, SUCCESS, logIndex=4871, commits[edccc055-c3f5-47df-b30f-76e8836f4c59:c4872, f9704f82-adf1-457c-ad29-9b573bc67fa6:c4868, 932806d8-5f5d-4457-8f95-c9b7f9036eae:c4868]
2019-08-07 03:27:36,114 INFO  client.GrpcClientProtocolClient (GrpcClientProtocolClient.java:onNext(255)) - client-23C834B07313->edccc055-c3f5-47df-b30f-76e8836f4c59: receive RaftClientReply:client-23C834B07313->edccc055-c3f5-47df-b30f-76e8836f4c59@group-ED32739C8BBB, cid=3235, SUCCESS, logIndex=4872, commits[edccc055-c3f5-47df-b30f-76e8836f4c59:c4872, f9704f82-adf1-457c-ad29-9b573bc67fa6:c4868, 932806d8-5f5d-4457-8f95-c9b7f9036eae:c4868]
2019-08-07 03:27:36,116 INFO  client.GrpcClientProtocolClient (GrpcClientProtocolClient.java:onNext(255)) - client-23C834B07313->edccc055-c3f5-47df-b30f-76e8836f4c59: receive RaftClientReply:client-23C834B07313->edccc055-c3f5-47df-b30f-76e8836f4c59@group-ED32739C8BBB, cid=3236, SUCCESS, logIndex=0, commits[edccc055-c3f5-47df-b30f-76e8836f4c59:c4875, f9704f82-adf1-457c-ad29-9b573bc67fa6:c4870, 932806d8-5f5d-4457-8f95-c9b7f9036eae:c4871]
2019-08-07 03:27:36,135 INFO  client.GrpcClientProtocolClient (GrpcClientProtocolClient.java:onNext(255)) - client-23C834B07313->edccc055-c3f5-47df-b30f-76e8836f4c59: receive RaftClientReply:client-23C834B07313->edccc055-c3f5-47df-b30f-76e8836f4c59@group-ED32739C8BBB, cid=3237, SUCCESS, logIndex=4877, commits[edccc055-c3f5-47df-b30f-76e8836f4c59:c4878, f9704f82-adf1-457c-ad29-9b573bc67fa6:c4876, 932806d8-5f5d-4457-8f95-c9b7f9036eae:c4876]
2019-08-07 03:27:36,135 INFO  client.GrpcClientProtocolClient (GrpcClientProtocolClient.java:onNext(255)) - client-23C834B07313->edccc055-c3f5-47df-b30f-76e8836f4c59: receive RaftClientReply:client-23C834B07313->edccc055-c3f5-47df-b30f-76e8836f4c59@group-ED32739C8BBB, cid=3238, SUCCESS, logIndex=4878, commits[edccc055-c3f5-47df-b30f-76e8836f4c59:c4878, f9704f82-adf1-457c-ad29-9b573bc67fa6:c4876, 932806d8-5f5d-4457-8f95-c9b7f9036eae:c4876]
2019-08-07 03:27:36,149 INFO  client.GrpcClientProtocolClient (GrpcClientProtocolClient.java:onNext(255)) - client-23C834B07313->edccc055-c3f5-47df-b30f-76e8836f4c59: receive RaftClientReply:client-23C834B07313->edccc055-c3f5-47df-b30f-76e8836f4c59@group-ED32739C8BBB, cid=3239, SUCCESS, logIndex=4881, commits[edccc055-c3f5-47df-b30f-76e8836f4c59:c4882, f9704f82-adf1-457c-ad29-9b573bc67fa6:c4878, 932806d8-5f5d-4457-8f95-c9b7f9036eae:c4878]
2019-08-07 03:27:36,149 INFO  client.GrpcClientProtocolClient (GrpcClientProtocolClient.java:onNext(255)) - client-23C834B07313->edccc055-c3f5-47df-b30f-76e8836f4c59: receive RaftClientReply:client-23C834B07313->edccc055-c3f5-47df-b30f-76e8836f4c59@group-ED32739C8BBB, cid=3240, SUCCESS, logIndex=4882, commits[edccc055-c3f5-47df-b30f-76e8836f4c59:c4882, f9704f82-adf1-457c-ad29-9b573bc67fa6:c4878, 932806d8-5f5d-4457-8f95-c9b7f9036eae:c4878]
2019-08-07 03:27:36,174 INFO  client.GrpcClientProtocolClient (GrpcClientProtocolClient.java:onNext(255)) - client-23C834B07313->edccc055-c3f5-47df-b30f-76e8836f4c59: receive RaftClientReply:client-23C834B07313->edccc055-c3f5-47df-b30f-76e8836f4c59@group-ED32739C8BBB, cid=3241, SUCCESS, logIndex=0, commits[edccc055-c3f5-47df-b30f-76e8836f4c59:c4884, f9704f82-adf1-457c-ad29-9b573bc67fa6:c4882, 932806d8-5f5d-4457-8f95-c9b7f9036eae:c4882]
2019-08-07 03:27:36,210 INFO  client.GrpcClientProtocolClient (GrpcClientProtocolClient.java:onNext(255)) - client-23C834B07313->edccc055-c3f5-47df-b30f-76e8836f4c59: receive RaftClientReply:client-23C834B07313->edccc055-c3f5-47df-b30f-76e8836f4c59@group-ED32739C8BBB, cid=3242, SUCCESS, logIndex=4885, commits[edccc055-c3f5-47df-b30f-76e8836f4c59:c4886, f9704f82-adf1-457c-ad29-9b573bc67fa6:c4884, 932806d8-5f5d-4457-8f95-c9b7f9036eae:c4884]
2019-08-07 03:27:36,211 INFO  client.GrpcClientProtocolClient (GrpcClientProtocolClient.java:onNext(255)) - client-23C834B07313->edccc055-c3f5-47df-b30f-76e8836f4c59: receive RaftClientReply:client-23C834B07313->edccc055-c3f5-47df-b30f-76e8836f4c59@group-ED32739C8BBB, cid=3243, SUCCESS, logIndex=4886, commits[edccc055-c3f5-47df-b30f-76e8836f4c59:c4886, f9704f82-adf1-457c-ad29-9b573bc67fa6:c4884, 932806d8-5f5d-4457-8f95-c9b7f9036eae:c4884]
2019-08-07 03:27:36,211 INFO  client.GrpcClientProtocolClient (GrpcClientProtocolClient.java:onNext(255)) - client-23C834B07313->edccc055-c3f5-47df-b30f-76e8836f4c59: receive RaftClientReply:client-23C834B07313->edccc055-c3f5-47df-b30f-76e8836f4c59@group-ED32739C8BBB, cid=3244, SUCCESS, logIndex=4887, commits[edccc055-c3f5-47df-b30f-76e8836f4c59:c4888, f9704f82-adf1-457c-ad29-9b573bc67fa6:c4884, 932806d8-5f5d-4457-8f95-c9b7f9036eae:c4884]
2019-08-07 03:27:36,212 INFO  client.GrpcClientProtocolClient (GrpcClientProtocolClient.java:onNext(255)) - client-23C834B07313->edccc055-c3f5-47df-b30f-76e8836f4c59: receive RaftClientReply:client-23C834B07313->edccc055-c3f5-47df-b30f-76e8836f4c59@group-ED32739C8BBB, cid=3245, SUCCESS, logIndex=4888, commits[edccc055-c3f5-47df-b30f-76e8836f4c59:c4888, f9704f82-adf1-457c-ad29-9b573bc67fa6:c4884, 932806d8-5f5d-4457-8f95-c9b7f9036eae:c4884]
2019-08-07 03:27:36,213 INFO  client.GrpcClientProtocolClient (GrpcClientProtocolClient.java:onNext(255)) - client-23C834B07313->edccc055-c3f5-47df-b30f-76e8836f4c59: receive RaftClientReply:client-23C834B07313->edccc055-c3f5-47df-b30f-76e8836f4c59@group-ED32739C8BBB, cid=3246, SUCCESS, logIndex=0, commits[edccc055-c3f5-47df-b30f-76e8836f4c59:c4890, f9704f82-adf1-457c-ad29-9b573bc67fa6:c4887, 932806d8-5f5d-4457-8f95-c9b7f9036eae:c4886]
2019-08-07 03:27:36,233 INFO  client.GrpcClientProtocolClient (GrpcClientProtocolClient.java:onNext(255)) - client-23C834B07313->edccc055-c3f5-47df-b30f-76e8836f4c59: receive RaftClientReply:client-23C834B07313->edccc055-c3f5-47df-b30f-76e8836f4c59@group-ED32739C8BBB, cid=3247, SUCCESS, logIndex=4893, commits[edccc055-c3f5-47df-b30f-76e8836f4c59:c4894, f9704f82-adf1-457c-ad29-9b573bc67fa6:c4892, 932806d8-5f5d-4457-8f95-c9b7f9036eae:c4892]
2019-08-07 03:27:36,233 INFO  client.GrpcClientProtocolClient (GrpcClientProtocolClient.java:onNext(255)) - client-23C834B07313->edccc055-c3f5-47df-b30f-76e8836f4c59: receive RaftClientReply:client-23C834B07313->edccc055-c3f5-47df-b30f-76e8836f4c59@group-ED32739C8BBB, cid=3248, SUCCESS, logIndex=4894, commits[edccc055-c3f5-47df-b30f-76e8836f4c59:c4894, f9704f82-adf1-457c-ad29-9b573bc67fa6:c4892, 932806d8-5f5d-4457-8f95-c9b7f9036eae:c4892]
2019-08-07 03:27:36,246 INFO  client.GrpcClientProtocolClient (GrpcClientProtocolClient.java:onNext(255)) - client-23C834B07313->edccc055-c3f5-47df-b30f-76e8836f4c59: receive RaftClientReply:client-23C834B07313->edccc055-c3f5-47df-b30f-76e8836f4c59@group-ED32739C8BBB, cid=3249, SUCCESS, logIndex=4897, commits[edccc055-c3f5-47df-b30f-76e8836f4c59:c4898, f9704f82-adf1-457c-ad29-9b573bc67fa6:c4894, 932806d8-5f5d-4457-8f95-c9b7f9036eae:c4894]
2019-08-07 03:27:36,246 INFO  client.GrpcClientProtocolClient (GrpcClientProtocolClient.java:onNext(255)) - client-23C834B07313->edccc055-c3f5-47df-b30f-76e8836f4c59: receive RaftClientReply:client-23C834B07313->edccc055-c3f5-47df-b30f-76e8836f4c59@group-ED32739C8BBB, cid=3250, SUCCESS, logIndex=4898, commits[edccc055-c3f5-47df-b30f-76e8836f4c59:c4898, f9704f82-adf1-457c-ad29-9b573bc67fa6:c4894, 932806d8-5f5d-4457-8f95-c9b7f9036eae:c4894]
2019-08-07 03:27:36,259 INFO  client.GrpcClientProtocolClient (GrpcClientProtocolClient.java:onNext(255)) - client-23C834B07313->edccc055-c3f5-47df-b30f-76e8836f4c59: receive RaftClientReply:client-23C834B07313->edccc055-c3f5-47df-b30f-76e8836f4c59@group-ED32739C8BBB, cid=3251, SUCCESS, logIndex=0, commits[edccc055-c3f5-47df-b30f-76e8836f4c59:c4900, f9704f82-adf1-457c-ad29-9b573bc67fa6:c4898, 932806d8-5f5d-4457-8f95-c9b7f9036eae:c4898]
2019-08-07 03:27:36,287 INFO  client.GrpcClientProtocolClient (GrpcClientProtocolClient.java:onNext(255)) - client-23C834B07313->edccc055-c3f5-47df-b30f-76e8836f4c59: receive RaftClientReply:client-23C834B07313->edccc055-c3f5-47df-b30f-76e8836f4c59@group-ED32739C8BBB, cid=3252, SUCCESS, logIndex=4901, commits[edccc055-c3f5-47df-b30f-76e8836f4c59:c4902, f9704f82-adf1-457c-ad29-9b573bc67fa6:c4900, 932806d8-5f5d-4457-8f95-c9b7f9036eae:c4900]
2019-08-07 03:27:36,288 INFO  client.GrpcClientProtocolClient (GrpcClientProtocolClient.java:onNext(255)) - client-23C834B07313->edccc055-c3f5-47df-b30f-76e8836f4c59: receive RaftClientReply:client-23C834B07313->edccc055-c3f5-47df-b30f-76e8836f4c59@group-ED32739C8BBB, cid=3253, SUCCESS, logIndex=4902, commits[edccc055-c3f5-47df-b30f-76e8836f4c59:c4902, f9704f82-adf1-457c-ad29-9b573bc67fa6:c4900, 932806d8-5f5d-4457-8f95-c9b7f9036eae:c4900]
2019-08-07 03:27:36,288 INFO  client.GrpcClientProtocolClient (GrpcClientProtocolClient.java:onNext(255)) - client-23C834B07313->edccc055-c3f5-47df-b30f-76e8836f4c59: receive RaftClientReply:client-23C834B07313->edccc055-c3f5-47df-b30f-76e8836f4c59@group-ED32739C8BBB, cid=3254, SUCCESS, logIndex=4903, commits[edccc055-c3f5-47df-b30f-76e8836f4c59:c4903, f9704f82-adf1-457c-ad29-9b573bc67fa6:c4900, 932806d8-5f5d-4457-8f95-c9b7f9036eae:c4900]
2019-08-07 03:27:36,289 INFO  client.GrpcClientProtocolClient (GrpcClientProtocolClient.java:onNext(255)) - client-23C834B07313->edccc055-c3f5-47df-b30f-76e8836f4c59: receive RaftClientReply:client-23C834B07313->edccc055-c3f5-47df-b30f-76e8836f4c59@group-ED32739C8BBB, cid=3255, SUCCESS, logIndex=4904, commits[edccc055-c3f5-47df-b30f-76e8836f4c59:c4904, f9704f82-adf1-457c-ad29-9b573bc67fa6:c4900, 932806d8-5f5d-4457-8f95-c9b7f9036eae:c4900]
2019-08-07 03:27:36,302 INFO  client.GrpcClientProtocolClient (GrpcClientProtocolClient.java:onNext(255)) - client-23C834B07313->edccc055-c3f5-47df-b30f-76e8836f4c59: receive RaftClientReply:client-23C834B07313->edccc055-c3f5-47df-b30f-76e8836f4c59@group-ED32739C8BBB, cid=3256, SUCCESS, logIndex=0, commits[edccc055-c3f5-47df-b30f-76e8836f4c59:c4906, f9704f82-adf1-457c-ad29-9b573bc67fa6:c4902, 932806d8-5f5d-4457-8f95-c9b7f9036eae:c4902]
2019-08-07 03:27:36,331 INFO  client.GrpcClientProtocolClient (GrpcClientProtocolClient.java:onNext(255)) - client-23C834B07313->edccc055-c3f5-47df-b30f-76e8836f4c59: receive RaftClientReply:client-23C834B07313->edccc055-c3f5-47df-b30f-76e8836f4c59@group-ED32739C8BBB, cid=3257, SUCCESS, logIndex=4909, commits[edccc055-c3f5-47df-b30f-76e8836f4c59:c4910, f9704f82-adf1-457c-ad29-9b573bc67fa6:c4908, 932806d8-5f5d-4457-8f95-c9b7f9036eae:c4908]
2019-08-07 03:27:36,331 INFO  client.GrpcClientProtocolClient (GrpcClientProtocolClient.java:onNext(255)) - client-23C834B07313->edccc055-c3f5-47df-b30f-76e8836f4c59: receive RaftClientReply:client-23C834B07313->edccc055-c3f5-47df-b30f-76e8836f4c59@group-ED32739C8BBB, cid=3258, SUCCESS, logIndex=4910, commits[edccc055-c3f5-47df-b30f-76e8836f4c59:c4910, f9704f82-adf1-457c-ad29-9b573bc67fa6:c4908, 932806d8-5f5d-4457-8f95-c9b7f9036eae:c4908]
2019-08-07 03:27:36,345 INFO  client.GrpcClientProtocolClient (GrpcClientProtocolClient.java:onNext(255)) - client-23C834B07313->edccc055-c3f5-47df-b30f-76e8836f4c59: receive RaftClientReply:client-23C834B07313->edccc055-c3f5-47df-b30f-76e8836f4c59@group-ED32739C8BBB, cid=3259, SUCCESS, logIndex=4913, commits[edccc055-c3f5-47df-b30f-76e8836f4c59:c4914, f9704f82-adf1-457c-ad29-9b573bc67fa6:c4910, 932806d8-5f5d-4457-8f95-c9b7f9036eae:c4910]
2019-08-07 03:27:36,346 INFO  client.GrpcClientProtocolClient (GrpcClientProtocolClient.java:onNext(255)) - client-23C834B07313->edccc055-c3f5-47df-b30f-76e8836f4c59: receive RaftClientReply:client-23C834B07313->edccc055-c3f5-47df-b30f-76e8836f4c59@group-ED32739C8BBB, cid=3260, SUCCESS, logIndex=4914, commits[edccc055-c3f5-47df-b30f-76e8836f4c59:c4914, f9704f82-adf1-457c-ad29-9b573bc67fa6:c4910, 932806d8-5f5d-4457-8f95-c9b7f9036eae:c4910]
2019-08-07 03:27:36,359 INFO  client.GrpcClientProtocolClient (GrpcClientProtocolClient.java:onNext(255)) - client-23C834B07313->edccc055-c3f5-47df-b30f-76e8836f4c59: receive RaftClientReply:client-23C834B07313->edccc055-c3f5-47df-b30f-76e8836f4c59@group-ED32739C8BBB, cid=3261, SUCCESS, logIndex=0, commits[edccc055-c3f5-47df-b30f-76e8836f4c59:c4916, f9704f82-adf1-457c-ad29-9b573bc67fa6:c4914, 932806d8-5f5d-4457-8f95-c9b7f9036eae:c4914]
2019-08-07 03:27:36,393 INFO  client.GrpcClientProtocolClient (GrpcClientProtocolClient.java:onNext(255)) - client-23C834B07313->edccc055-c3f5-47df-b30f-76e8836f4c59: receive RaftClientReply:client-23C834B07313->edccc055-c3f5-47df-b30f-76e8836f4c59@group-ED32739C8BBB, cid=3262, SUCCESS, logIndex=4917, commits[edccc055-c3f5-47df-b30f-76e8836f4c59:c4918, f9704f82-adf1-457c-ad29-9b573bc67fa6:c4916, 932806d8-5f5d-4457-8f95-c9b7f9036eae:c4916]
2019-08-07 03:27:36,394 INFO  client.GrpcClientProtocolClient (GrpcClientProtocolClient.java:onNext(255)) - client-23C834B07313->edccc055-c3f5-47df-b30f-76e8836f4c59: receive RaftClientReply:client-23C834B07313->edccc055-c3f5-47df-b30f-76e8836f4c59@group-ED32739C8BBB, cid=3263, SUCCESS, logIndex=4918, commits[edccc055-c3f5-47df-b30f-76e8836f4c59:c4918, f9704f82-adf1-457c-ad29-9b573bc67fa6:c4916, 932806d8-5f5d-4457-8f95-c9b7f9036eae:c4916]
2019-08-07 03:27:36,395 INFO  client.GrpcClientProtocolClient (GrpcClientProtocolClient.java:onNext(255)) - client-23C834B07313->edccc055-c3f5-47df-b30f-76e8836f4c59: receive RaftClientReply:client-23C834B07313->edccc055-c3f5-47df-b30f-76e8836f4c59@group-ED32739C8BBB, cid=3264, SUCCESS, logIndex=4919, commits[edccc055-c3f5-47df-b30f-76e8836f4c59:c4920, f9704f82-adf1-457c-ad29-9b573bc67fa6:c4916, 932806d8-5f5d-4457-8f95-c9b7f9036eae:c4916]
2019-08-07 03:27:36,395 INFO  client.GrpcClientProtocolClient (GrpcClientProtocolClient.java:onNext(255)) - client-23C834B07313->edccc055-c3f5-47df-b30f-76e8836f4c59: receive RaftClientReply:client-23C834B07313->edccc055-c3f5-47df-b30f-76e8836f4c59@group-ED32739C8BBB, cid=3265, SUCCESS, logIndex=4920, commits[edccc055-c3f5-47df-b30f-76e8836f4c59:c4920, f9704f82-adf1-457c-ad29-9b573bc67fa6:c4916, 932806d8-5f5d-4457-8f95-c9b7f9036eae:c4916]
2019-08-07 03:27:36,407 INFO  client.GrpcClientProtocolClient (GrpcClientProtocolClient.java:onNext(255)) - client-23C834B07313->edccc055-c3f5-47df-b30f-76e8836f4c59: receive RaftClientReply:client-23C834B07313->edccc055-c3f5-47df-b30f-76e8836f4c59@group-ED32739C8BBB, cid=3266, SUCCESS, logIndex=0, commits[edccc055-c3f5-47df-b30f-76e8836f4c59:c4922, f9704f82-adf1-457c-ad29-9b573bc67fa6:c4918, 932806d8-5f5d-4457-8f95-c9b7f9036eae:c4918]
2019-08-07 03:27:36,426 INFO  client.GrpcClientProtocolClient (GrpcClientProtocolClient.java:onNext(255)) - client-23C834B07313->edccc055-c3f5-47df-b30f-76e8836f4c59: receive RaftClientReply:client-23C834B07313->edccc055-c3f5-47df-b30f-76e8836f4c59@group-ED32739C8BBB, cid=3267, SUCCESS, logIndex=4925, commits[edccc055-c3f5-47df-b30f-76e8836f4c59:c4926, f9704f82-adf1-457c-ad29-9b573bc67fa6:c4924, 932806d8-5f5d-4457-8f95-c9b7f9036eae:c4924]
2019-08-07 03:27:36,426 INFO  client.GrpcClientProtocolClient (GrpcClientProtocolClient.java:onNext(255)) - client-23C834B07313->edccc055-c3f5-47df-b30f-76e8836f4c59: receive RaftClientReply:client-23C834B07313->edccc055-c3f5-47df-b30f-76e8836f4c59@group-ED32739C8BBB, cid=3268, SUCCESS, logIndex=4926, commits[edccc055-c3f5-47df-b30f-76e8836f4c59:c4926, f9704f82-adf1-457c-ad29-9b573bc67fa6:c4924, 932806d8-5f5d-4457-8f95-c9b7f9036eae:c4924]
2019-08-07 03:27:36,440 INFO  client.GrpcClientProtocolClient (GrpcClientProtocolClient.java:onNext(255)) - client-23C834B07313->edccc055-c3f5-47df-b30f-76e8836f4c59: receive RaftClientReply:client-23C834B07313->edccc055-c3f5-47df-b30f-76e8836f4c59@group-ED32739C8BBB, cid=3269, SUCCESS, logIndex=4929, commits[edccc055-c3f5-47df-b30f-76e8836f4c59:c4930, f9704f82-adf1-457c-ad29-9b573bc67fa6:c4925, 932806d8-5f5d-4457-8f95-c9b7f9036eae:c4926]
2019-08-07 03:27:36,440 INFO  client.GrpcClientProtocolClient (GrpcClientProtocolClient.java:onNext(255)) - client-23C834B07313->edccc055-c3f5-47df-b30f-76e8836f4c59: receive RaftClientReply:client-23C834B07313->edccc055-c3f5-47df-b30f-76e8836f4c59@group-ED32739C8BBB, cid=3270, SUCCESS, logIndex=4930, commits[edccc055-c3f5-47df-b30f-76e8836f4c59:c4930, f9704f82-adf1-457c-ad29-9b573bc67fa6:c4926, 932806d8-5f5d-4457-8f95-c9b7f9036eae:c4926]
2019-08-07 03:27:36,442 INFO  client.GrpcClientProtocolClient (GrpcClientProtocolClient.java:onNext(255)) - client-23C834B07313->edccc055-c3f5-47df-b30f-76e8836f4c59: receive RaftClientReply:client-23C834B07313->edccc055-c3f5-47df-b30f-76e8836f4c59@group-ED32739C8BBB, cid=3271, SUCCESS, logIndex=0, commits[edccc055-c3f5-47df-b30f-76e8836f4c59:c4931, f9704f82-adf1-457c-ad29-9b573bc67fa6:c4930, 932806d8-5f5d-4457-8f95-c9b7f9036eae:c4930]
 0.00% |█                                                                                                    |  0/1 Time: 0:00:322019-08-07 03:27:36,972 INFO  client.GrpcClientProtocolClient (GrpcClientProtocolClient.java:onNext(255)) - client-23C834B07313->edccc055-c3f5-47df-b30f-76e8836f4c59: receive RaftClientReply:client-23C834B07313->edccc055-c3f5-47df-b30f-76e8836f4c59@group-ED32739C8BBB, cid=3272, SUCCESS, logIndex=4933, commits[edccc055-c3f5-47df-b30f-76e8836f4c59:c4935, f9704f82-adf1-457c-ad29-9b573bc67fa6:c4932, 932806d8-5f5d-4457-8f95-c9b7f9036eae:c4932]
2019-08-07 03:27:36,974 INFO  client.GrpcClientProtocolClient (GrpcClientProtocolClient.java:onNext(255)) - client-23C834B07313->edccc055-c3f5-47df-b30f-76e8836f4c59: receive RaftClientReply:client-23C834B07313->edccc055-c3f5-47df-b30f-76e8836f4c59@group-ED32739C8BBB, cid=3273, SUCCESS, logIndex=4934, commits[edccc055-c3f5-47df-b30f-76e8836f4c59:c4937, f9704f82-adf1-457c-ad29-9b573bc67fa6:c4933, 932806d8-5f5d-4457-8f95-c9b7f9036eae:c4933]
2019-08-07 03:27:36,974 INFO  client.GrpcClientProtocolClient (GrpcClientProtocolClient.java:onNext(255)) - client-23C834B07313->edccc055-c3f5-47df-b30f-76e8836f4c59: receive RaftClientReply:client-23C834B07313->edccc055-c3f5-47df-b30f-76e8836f4c59@group-ED32739C8BBB, cid=3274, SUCCESS, logIndex=4935, commits[edccc055-c3f5-47df-b30f-76e8836f4c59:c4937, f9704f82-adf1-457c-ad29-9b573bc67fa6:c4933, 932806d8-5f5d-4457-8f95-c9b7f9036eae:c4933]
2019-08-07 03:27:36,974 INFO  client.GrpcClientProtocolClient (GrpcClientProtocolClient.java:onNext(255)) - client-23C834B07313->edccc055-c3f5-47df-b30f-76e8836f4c59: receive RaftClientReply:client-23C834B07313->edccc055-c3f5-47df-b30f-76e8836f4c59@group-ED32739C8BBB, cid=3275, SUCCESS, logIndex=4936, commits[edccc055-c3f5-47df-b30f-76e8836f4c59:c4937, f9704f82-adf1-457c-ad29-9b573bc67fa6:c4933, 932806d8-5f5d-4457-8f95-c9b7f9036eae:c4933]
2019-08-07 03:27:36,985 INFO  client.GrpcClientProtocolClient (GrpcClientProtocolClient.java:onNext(255)) - client-23C834B07313->edccc055-c3f5-47df-b30f-76e8836f4c59: receive RaftClientReply:client-23C834B07313->edccc055-c3f5-47df-b30f-76e8836f4c59@group-ED32739C8BBB, cid=3276, SUCCESS, logIndex=0, commits[edccc055-c3f5-47df-b30f-76e8836f4c59:c4939, f9704f82-adf1-457c-ad29-9b573bc67fa6:c4935, 932806d8-5f5d-4457-8f95-c9b7f9036eae:c4934]
2019-08-07 03:27:37,009 INFO  client.GrpcClientProtocolClient (GrpcClientProtocolClient.java:onNext(255)) - client-23C834B07313->edccc055-c3f5-47df-b30f-76e8836f4c59: receive RaftClientReply:client-23C834B07313->edccc055-c3f5-47df-b30f-76e8836f4c59@group-ED32739C8BBB, cid=3277, SUCCESS, logIndex=4940, commits[edccc055-c3f5-47df-b30f-76e8836f4c59:c4941, f9704f82-adf1-457c-ad29-9b573bc67fa6:c4939, 932806d8-5f5d-4457-8f95-c9b7f9036eae:c4939]
2019-08-07 03:27:37,010 INFO  client.GrpcClientProtocolClient (GrpcClientProtocolClient.java:onNext(255)) - client-23C834B07313->edccc055-c3f5-47df-b30f-76e8836f4c59: receive RaftClientReply:client-23C834B07313->edccc055-c3f5-47df-b30f-76e8836f4c59@group-ED32739C8BBB, cid=3278, SUCCESS, logIndex=4941, commits[edccc055-c3f5-47df-b30f-76e8836f4c59:c4941, f9704f82-adf1-457c-ad29-9b573bc67fa6:c4939, 932806d8-5f5d-4457-8f95-c9b7f9036eae:c4939]
2019-08-07 03:27:37,032 INFO  client.GrpcClientProtocolClient (GrpcClientProtocolClient.java:onNext(255)) - client-23C834B07313->edccc055-c3f5-47df-b30f-76e8836f4c59: receive RaftClientReply:client-23C834B07313->edccc055-c3f5-47df-b30f-76e8836f4c59@group-ED32739C8BBB, cid=3279, SUCCESS, logIndex=4944, commits[edccc055-c3f5-47df-b30f-76e8836f4c59:c4945, f9704f82-adf1-457c-ad29-9b573bc67fa6:c4943, 932806d8-5f5d-4457-8f95-c9b7f9036eae:c4943]
2019-08-07 03:27:37,032 INFO  client.GrpcClientProtocolClient (GrpcClientProtocolClient.java:onNext(255)) - client-23C834B07313->edccc055-c3f5-47df-b30f-76e8836f4c59: receive RaftClientReply:client-23C834B07313->edccc055-c3f5-47df-b30f-76e8836f4c59@group-ED32739C8BBB, cid=3280, SUCCESS, logIndex=4945, commits[edccc055-c3f5-47df-b30f-76e8836f4c59:c4945, f9704f82-adf1-457c-ad29-9b573bc67fa6:c4943, 932806d8-5f5d-4457-8f95-c9b7f9036eae:c4943]
2019-08-07 03:27:37,044 INFO  client.GrpcClientProtocolClient (GrpcClientProtocolClient.java:onNext(255)) - client-23C834B07313->edccc055-c3f5-47df-b30f-76e8836f4c59: receive RaftClientReply:client-23C834B07313->edccc055-c3f5-47df-b30f-76e8836f4c59@group-ED32739C8BBB, cid=3281, SUCCESS, logIndex=0, commits[edccc055-c3f5-47df-b30f-76e8836f4c59:c4947, f9704f82-adf1-457c-ad29-9b573bc67fa6:c4945, 932806d8-5f5d-4457-8f95-c9b7f9036eae:c4945]
2019-08-07 03:27:37,079 INFO  client.GrpcClientProtocolClient (GrpcClientProtocolClient.java:onNext(255)) - client-23C834B07313->edccc055-c3f5-47df-b30f-76e8836f4c59: receive RaftClientReply:client-23C834B07313->edccc055-c3f5-47df-b30f-76e8836f4c59@group-ED32739C8BBB, cid=3282, SUCCESS, logIndex=4948, commits[edccc055-c3f5-47df-b30f-76e8836f4c59:c4950, f9704f82-adf1-457c-ad29-9b573bc67fa6:c4947, 932806d8-5f5d-4457-8f95-c9b7f9036eae:c4947]
2019-08-07 03:27:37,079 INFO  client.GrpcClientProtocolClient (GrpcClientProtocolClient.java:onNext(255)) - client-23C834B07313->edccc055-c3f5-47df-b30f-76e8836f4c59: receive RaftClientReply:client-23C834B07313->edccc055-c3f5-47df-b30f-76e8836f4c59@group-ED32739C8BBB, cid=3283, SUCCESS, logIndex=4949, commits[edccc055-c3f5-47df-b30f-76e8836f4c59:c4951, f9704f82-adf1-457c-ad29-9b573bc67fa6:c4947, 932806d8-5f5d-4457-8f95-c9b7f9036eae:c4947]
2019-08-07 03:27:37,080 INFO  client.GrpcClientProtocolClient (GrpcClientProtocolClient.java:onNext(255)) - client-23C834B07313->edccc055-c3f5-47df-b30f-76e8836f4c59: receive RaftClientReply:client-23C834B07313->edccc055-c3f5-47df-b30f-76e8836f4c59@group-ED32739C8BBB, cid=3284, SUCCESS, logIndex=4950, commits[edccc055-c3f5-47df-b30f-76e8836f4c59:c4951, f9704f82-adf1-457c-ad29-9b573bc67fa6:c4947, 932806d8-5f5d-4457-8f95-c9b7f9036eae:c4947]
2019-08-07 03:27:37,080 INFO  client.GrpcClientProtocolClient (GrpcClientProtocolClient.java:onNext(255)) - client-23C834B07313->edccc055-c3f5-47df-b30f-76e8836f4c59: receive RaftClientReply:client-23C834B07313->edccc055-c3f5-47df-b30f-76e8836f4c59@group-ED32739C8BBB, cid=3285, SUCCESS, logIndex=4951, commits[edccc055-c3f5-47df-b30f-76e8836f4c59:c4952, f9704f82-adf1-457c-ad29-9b573bc67fa6:c4947, 932806d8-5f5d-4457-8f95-c9b7f9036eae:c4948]
2019-08-07 03:27:37,081 INFO  client.GrpcClientProtocolClient (GrpcClientProtocolClient.java:onNext(255)) - client-23C834B07313->edccc055-c3f5-47df-b30f-76e8836f4c59: receive RaftClientReply:client-23C834B07313->edccc055-c3f5-47df-b30f-76e8836f4c59@group-ED32739C8BBB, cid=3286, SUCCESS, logIndex=0, commits[edccc055-c3f5-47df-b30f-76e8836f4c59:c4954, f9704f82-adf1-457c-ad29-9b573bc67fa6:c4949, 932806d8-5f5d-4457-8f95-c9b7f9036eae:c4950]
2019-08-07 03:27:37,101 INFO  client.GrpcClientProtocolClient (GrpcClientProtocolClient.java:onNext(255)) - client-23C834B07313->edccc055-c3f5-47df-b30f-76e8836f4c59: receive RaftClientReply:client-23C834B07313->edccc055-c3f5-47df-b30f-76e8836f4c59@group-ED32739C8BBB, cid=3287, SUCCESS, logIndex=4956, commits[edccc055-c3f5-47df-b30f-76e8836f4c59:c4957, f9704f82-adf1-457c-ad29-9b573bc67fa6:c4955, 932806d8-5f5d-4457-8f95-c9b7f9036eae:c4955]
2019-08-07 03:27:37,102 INFO  client.GrpcClientProtocolClient (GrpcClientProtocolClient.java:onNext(255)) - client-23C834B07313->edccc055-c3f5-47df-b30f-76e8836f4c59: receive RaftClientReply:client-23C834B07313->edccc055-c3f5-47df-b30f-76e8836f4c59@group-ED32739C8BBB, cid=3288, SUCCESS, logIndex=4957, commits[edccc055-c3f5-47df-b30f-76e8836f4c59:c4957, f9704f82-adf1-457c-ad29-9b573bc67fa6:c4955, 932806d8-5f5d-4457-8f95-c9b7f9036eae:c4955]
2019-08-07 03:27:37,116 INFO  client.GrpcClientProtocolClient (GrpcClientProtocolClient.java:onNext(255)) - client-23C834B07313->edccc055-c3f5-47df-b30f-76e8836f4c59: receive RaftClientReply:client-23C834B07313->edccc055-c3f5-47df-b30f-76e8836f4c59@group-ED32739C8BBB, cid=3289, SUCCESS, logIndex=4960, commits[edccc055-c3f5-47df-b30f-76e8836f4c59:c4961, f9704f82-adf1-457c-ad29-9b573bc67fa6:c4957, 932806d8-5f5d-4457-8f95-c9b7f9036eae:c4957]
2019-08-07 03:27:37,117 INFO  client.GrpcClientProtocolClient (GrpcClientProtocolClient.java:onNext(255)) - client-23C834B07313->edccc055-c3f5-47df-b30f-76e8836f4c59: receive RaftClientReply:client-23C834B07313->edccc055-c3f5-47df-b30f-76e8836f4c59@group-ED32739C8BBB, cid=3290, SUCCESS, logIndex=4961, commits[edccc055-c3f5-47df-b30f-76e8836f4c59:c4961, f9704f82-adf1-457c-ad29-9b573bc67fa6:c4957, 932806d8-5f5d-4457-8f95-c9b7f9036eae:c4957]
2019-08-07 03:27:37,128 INFO  client.GrpcClientProtocolClient (GrpcClientProtocolClient.java:onNext(255)) - client-23C834B07313->edccc055-c3f5-47df-b30f-76e8836f4c59: receive RaftClientReply:client-23C834B07313->edccc055-c3f5-47df-b30f-76e8836f4c59@group-ED32739C8BBB, cid=3291, SUCCESS, logIndex=0, commits[edccc055-c3f5-47df-b30f-76e8836f4c59:c4962, f9704f82-adf1-457c-ad29-9b573bc67fa6:c4961, 932806d8-5f5d-4457-8f95-c9b7f9036eae:c4961]
2019-08-07 03:27:37,162 INFO  client.GrpcClientProtocolClient (GrpcClientProtocolClient.java:onNext(255)) - client-23C834B07313->edccc055-c3f5-47df-b30f-76e8836f4c59: receive RaftClientReply:client-23C834B07313->edccc055-c3f5-47df-b30f-76e8836f4c59@group-ED32739C8BBB, cid=3292, SUCCESS, logIndex=4964, commits[edccc055-c3f5-47df-b30f-76e8836f4c59:c4966, f9704f82-adf1-457c-ad29-9b573bc67fa6:c4963, 932806d8-5f5d-4457-8f95-c9b7f9036eae:c4963]
2019-08-07 03:27:37,163 INFO  client.GrpcClientProtocolClient (GrpcClientProtocolClient.java:onNext(255)) - client-23C834B07313->edccc055-c3f5-47df-b30f-76e8836f4c59: receive RaftClientReply:client-23C834B07313->edccc055-c3f5-47df-b30f-76e8836f4c59@group-ED32739C8BBB, cid=3293, SUCCESS, logIndex=4965, commits[edccc055-c3f5-47df-b30f-76e8836f4c59:c4967, f9704f82-adf1-457c-ad29-9b573bc67fa6:c4963, 932806d8-5f5d-4457-8f95-c9b7f9036eae:c4963]
2019-08-07 03:27:37,163 INFO  client.GrpcClientProtocolClient (GrpcClientProtocolClient.java:onNext(255)) - client-23C834B07313->edccc055-c3f5-47df-b30f-76e8836f4c59: receive RaftClientReply:client-23C834B07313->edccc055-c3f5-47df-b30f-76e8836f4c59@group-ED32739C8BBB, cid=3294, SUCCESS, logIndex=4966, commits[edccc055-c3f5-47df-b30f-76e8836f4c59:c4967, f9704f82-adf1-457c-ad29-9b573bc67fa6:c4963, 932806d8-5f5d-4457-8f95-c9b7f9036eae:c4963]
2019-08-07 03:27:37,163 INFO  client.GrpcClientProtocolClient (GrpcClientProtocolClient.java:onNext(255)) - client-23C834B07313->edccc055-c3f5-47df-b30f-76e8836f4c59: receive RaftClientReply:client-23C834B07313->edccc055-c3f5-47df-b30f-76e8836f4c59@group-ED32739C8BBB, cid=3295, SUCCESS, logIndex=4967, commits[edccc055-c3f5-47df-b30f-76e8836f4c59:c4967, f9704f82-adf1-457c-ad29-9b573bc67fa6:c4963, 932806d8-5f5d-4457-8f95-c9b7f9036eae:c4963]
2019-08-07 03:27:37,165 INFO  client.GrpcClientProtocolClient (GrpcClientProtocolClient.java:onNext(255)) - client-23C834B07313->edccc055-c3f5-47df-b30f-76e8836f4c59: receive RaftClientReply:client-23C834B07313->edccc055-c3f5-47df-b30f-76e8836f4c59@group-ED32739C8BBB, cid=3296, SUCCESS, logIndex=0, commits[edccc055-c3f5-47df-b30f-76e8836f4c59:c4971, f9704f82-adf1-457c-ad29-9b573bc67fa6:c4965, 932806d8-5f5d-4457-8f95-c9b7f9036eae:c4967]
2019-08-07 03:27:37,184 INFO  client.GrpcClientProtocolClient (GrpcClientProtocolClient.java:onNext(255)) - client-23C834B07313->edccc055-c3f5-47df-b30f-76e8836f4c59: receive RaftClientReply:client-23C834B07313->edccc055-c3f5-47df-b30f-76e8836f4c59@group-ED32739C8BBB, cid=3297, SUCCESS, logIndex=4972, commits[edccc055-c3f5-47df-b30f-76e8836f4c59:c4973, f9704f82-adf1-457c-ad29-9b573bc67fa6:c4971, 932806d8-5f5d-4457-8f95-c9b7f9036eae:c4971]
2019-08-07 03:27:37,185 INFO  client.GrpcClientProtocolClient (GrpcClientProtocolClient.java:onNext(255)) - client-23C834B07313->edccc055-c3f5-47df-b30f-76e8836f4c59: receive RaftClientReply:client-23C834B07313->edccc055-c3f5-47df-b30f-76e8836f4c59@group-ED32739C8BBB, cid=3298, SUCCESS, logIndex=4973, commits[edccc055-c3f5-47df-b30f-76e8836f4c59:c4973, f9704f82-adf1-457c-ad29-9b573bc67fa6:c4971, 932806d8-5f5d-4457-8f95-c9b7f9036eae:c4971]
2019-08-07 03:27:37,196 INFO  client.GrpcClientProtocolClient (GrpcClientProtocolClient.java:onNext(255)) - client-23C834B07313->edccc055-c3f5-47df-b30f-76e8836f4c59: receive RaftClientReply:client-23C834B07313->edccc055-c3f5-47df-b30f-76e8836f4c59@group-ED32739C8BBB, cid=3299, SUCCESS, logIndex=4976, commits[edccc055-c3f5-47df-b30f-76e8836f4c59:c4977, f9704f82-adf1-457c-ad29-9b573bc67fa6:c4973, 932806d8-5f5d-4457-8f95-c9b7f9036eae:c4975]
2019-08-07 03:27:37,197 INFO  client.GrpcClientProtocolClient (GrpcClientProtocolClient.java:onNext(255)) - client-23C834B07313->edccc055-c3f5-47df-b30f-76e8836f4c59: receive RaftClientReply:client-23C834B07313->edccc055-c3f5-47df-b30f-76e8836f4c59@group-ED32739C8BBB, cid=3300, SUCCESS, logIndex=4977, commits[edccc055-c3f5-47df-b30f-76e8836f4c59:c4977, f9704f82-adf1-457c-ad29-9b573bc67fa6:c4975, 932806d8-5f5d-4457-8f95-c9b7f9036eae:c4975]
2019-08-07 03:27:37,199 INFO  client.GrpcClientProtocolClient (GrpcClientProtocolClient.java:onNext(255)) - client-23C834B07313->edccc055-c3f5-47df-b30f-76e8836f4c59: receive RaftClientReply:client-23C834B07313->edccc055-c3f5-47df-b30f-76e8836f4c59@group-ED32739C8BBB, cid=3301, SUCCESS, logIndex=0, commits[edccc055-c3f5-47df-b30f-76e8836f4c59:c4979, f9704f82-adf1-457c-ad29-9b573bc67fa6:c4977, 932806d8-5f5d-4457-8f95-c9b7f9036eae:c4977]
2019-08-07 03:27:37,223 INFO  client.GrpcClientProtocolClient (GrpcClientProtocolClient.java:onNext(255)) - client-23C834B07313->edccc055-c3f5-47df-b30f-76e8836f4c59: receive RaftClientReply:client-23C834B07313->edccc055-c3f5-47df-b30f-76e8836f4c59@group-ED32739C8BBB, cid=3302, SUCCESS, logIndex=4980, commits[edccc055-c3f5-47df-b30f-76e8836f4c59:c4981, f9704f82-adf1-457c-ad29-9b573bc67fa6:c4979, 932806d8-5f5d-4457-8f95-c9b7f9036eae:c4977]
2019-08-07 03:27:37,224 INFO  client.GrpcClientProtocolClient (GrpcClientProtocolClient.java:onNext(255)) - client-23C834B07313->edccc055-c3f5-47df-b30f-76e8836f4c59: receive RaftClientReply:client-23C834B07313->edccc055-c3f5-47df-b30f-76e8836f4c59@group-ED32739C8BBB, cid=3303, SUCCESS, logIndex=4981, commits[edccc055-c3f5-47df-b30f-76e8836f4c59:c4981, f9704f82-adf1-457c-ad29-9b573bc67fa6:c4979, 932806d8-5f5d-4457-8f95-c9b7f9036eae:c4977]
2019-08-07 03:27:37,224 INFO  client.GrpcClientProtocolClient (GrpcClientProtocolClient.java:onNext(255)) - client-23C834B07313->edccc055-c3f5-47df-b30f-76e8836f4c59: receive RaftClientReply:client-23C834B07313->edccc055-c3f5-47df-b30f-76e8836f4c59@group-ED32739C8BBB, cid=3304, SUCCESS, logIndex=4982, commits[edccc055-c3f5-47df-b30f-76e8836f4c59:c4983, f9704f82-adf1-457c-ad29-9b573bc67fa6:c4979, 932806d8-5f5d-4457-8f95-c9b7f9036eae:c4979]
2019-08-07 03:27:37,225 INFO  client.GrpcClientProtocolClient (GrpcClientProtocolClient.java:onNext(255)) - client-23C834B07313->edccc055-c3f5-47df-b30f-76e8836f4c59: receive RaftClientReply:client-23C834B07313->edccc055-c3f5-47df-b30f-76e8836f4c59@group-ED32739C8BBB, cid=3305, SUCCESS, logIndex=4983, commits[edccc055-c3f5-47df-b30f-76e8836f4c59:c4983, f9704f82-adf1-457c-ad29-9b573bc67fa6:c4979, 932806d8-5f5d-4457-8f95-c9b7f9036eae:c4979]
2019-08-07 03:27:37,226 INFO  client.GrpcClientProtocolClient (GrpcClientProtocolClient.java:onNext(255)) - client-23C834B07313->edccc055-c3f5-47df-b30f-76e8836f4c59: receive RaftClientReply:client-23C834B07313->edccc055-c3f5-47df-b30f-76e8836f4c59@group-ED32739C8BBB, cid=3306, SUCCESS, logIndex=0, commits[edccc055-c3f5-47df-b30f-76e8836f4c59:c4985, f9704f82-adf1-457c-ad29-9b573bc67fa6:c4981, 932806d8-5f5d-4457-8f95-c9b7f9036eae:c4981]
2019-08-07 03:27:37,238 INFO  client.GrpcClientProtocolClient (GrpcClientProtocolClient.java:onNext(255)) - client-23C834B07313->edccc055-c3f5-47df-b30f-76e8836f4c59: receive RaftClientReply:client-23C834B07313->edccc055-c3f5-47df-b30f-76e8836f4c59@group-ED32739C8BBB, cid=3307, SUCCESS, logIndex=4988, commits[edccc055-c3f5-47df-b30f-76e8836f4c59:c4989, f9704f82-adf1-457c-ad29-9b573bc67fa6:c4987, 932806d8-5f5d-4457-8f95-c9b7f9036eae:c4983]
2019-08-07 03:27:37,239 INFO  client.GrpcClientProtocolClient (GrpcClientProtocolClient.java:onNext(255)) - client-23C834B07313->edccc055-c3f5-47df-b30f-76e8836f4c59: receive RaftClientReply:client-23C834B07313->edccc055-c3f5-47df-b30f-76e8836f4c59@group-ED32739C8BBB, cid=3308, SUCCESS, logIndex=4989, commits[edccc055-c3f5-47df-b30f-76e8836f4c59:c4989, f9704f82-adf1-457c-ad29-9b573bc67fa6:c4987, 932806d8-5f5d-4457-8f95-c9b7f9036eae:c4987]
2019-08-07 03:27:37,263 INFO  client.GrpcClientProtocolClient (GrpcClientProtocolClient.java:onNext(255)) - client-23C834B07313->edccc055-c3f5-47df-b30f-76e8836f4c59: receive RaftClientReply:client-23C834B07313->edccc055-c3f5-47df-b30f-76e8836f4c59@group-ED32739C8BBB, cid=3309, SUCCESS, logIndex=4992, commits[edccc055-c3f5-47df-b30f-76e8836f4c59:c4993, f9704f82-adf1-457c-ad29-9b573bc67fa6:c4991, 932806d8-5f5d-4457-8f95-c9b7f9036eae:c4991]
2019-08-07 03:27:37,264 INFO  client.GrpcClientProtocolClient (GrpcClientProtocolClient.java:onNext(255)) - client-23C834B07313->edccc055-c3f5-47df-b30f-76e8836f4c59: receive RaftClientReply:client-23C834B07313->edccc055-c3f5-47df-b30f-76e8836f4c59@group-ED32739C8BBB, cid=3310, SUCCESS, logIndex=4993, commits[edccc055-c3f5-47df-b30f-76e8836f4c59:c4993, f9704f82-adf1-457c-ad29-9b573bc67fa6:c4991, 932806d8-5f5d-4457-8f95-c9b7f9036eae:c4991]
2019-08-07 03:27:37,277 INFO  client.GrpcClientProtocolClient (GrpcClientProtocolClient.java:onNext(255)) - client-23C834B07313->edccc055-c3f5-47df-b30f-76e8836f4c59: receive RaftClientReply:client-23C834B07313->edccc055-c3f5-47df-b30f-76e8836f4c59@group-ED32739C8BBB, cid=3311, SUCCESS, logIndex=0, commits[edccc055-c3f5-47df-b30f-76e8836f4c59:c4995, f9704f82-adf1-457c-ad29-9b573bc67fa6:c4993, 932806d8-5f5d-4457-8f95-c9b7f9036eae:c4993]
2019-08-07 03:27:37,311 INFO  client.GrpcClientProtocolClient (GrpcClientProtocolClient.java:onNext(255)) - client-23C834B07313->edccc055-c3f5-47df-b30f-76e8836f4c59: receive RaftClientReply:client-23C834B07313->edccc055-c3f5-47df-b30f-76e8836f4c59@group-ED32739C8BBB, cid=3312, SUCCESS, logIndex=4996, commits[edccc055-c3f5-47df-b30f-76e8836f4c59:c4997, f9704f82-adf1-457c-ad29-9b573bc67fa6:c4995, 932806d8-5f5d-4457-8f95-c9b7f9036eae:c4995]
2019-08-07 03:27:37,311 INFO  client.GrpcClientProtocolClient (GrpcClientProtocolClient.java:onNext(255)) - client-23C834B07313->edccc055-c3f5-47df-b30f-76e8836f4c59: receive RaftClientReply:client-23C834B07313->edccc055-c3f5-47df-b30f-76e8836f4c59@group-ED32739C8BBB, cid=3313, SUCCESS, logIndex=4997, commits[edccc055-c3f5-47df-b30f-76e8836f4c59:c4999, f9704f82-adf1-457c-ad29-9b573bc67fa6:c4995, 932806d8-5f5d-4457-8f95-c9b7f9036eae:c4995]
2019-08-07 03:27:37,311 INFO  client.GrpcClientProtocolClient (GrpcClientProtocolClient.java:onNext(255)) - client-23C834B07313->edccc055-c3f5-47df-b30f-76e8836f4c59: receive RaftClientReply:client-23C834B07313->edccc055-c3f5-47df-b30f-76e8836f4c59@group-ED32739C8BBB, cid=3314, SUCCESS, logIndex=4998, commits[edccc055-c3f5-47df-b30f-76e8836f4c59:c4999, f9704f82-adf1-457c-ad29-9b573bc67fa6:c4995, 932806d8-5f5d-4457-8f95-c9b7f9036eae:c4995]
2019-08-07 03:27:37,312 INFO  client.GrpcClientProtocolClient (GrpcClientProtocolClient.java:onNext(255)) - client-23C834B07313->edccc055-c3f5-47df-b30f-76e8836f4c59: receive RaftClientReply:client-23C834B07313->edccc055-c3f5-47df-b30f-76e8836f4c59@group-ED32739C8BBB, cid=3315, SUCCESS, logIndex=4999, commits[edccc055-c3f5-47df-b30f-76e8836f4c59:c4999, f9704f82-adf1-457c-ad29-9b573bc67fa6:c4995, 932806d8-5f5d-4457-8f95-c9b7f9036eae:c4995]
2019-08-07 03:27:37,324 INFO  client.GrpcClientProtocolClient (GrpcClientProtocolClient.java:onNext(255)) - client-23C834B07313->edccc055-c3f5-47df-b30f-76e8836f4c59: receive RaftClientReply:client-23C834B07313->edccc055-c3f5-47df-b30f-76e8836f4c59@group-ED32739C8BBB, cid=3316, SUCCESS, logIndex=0, commits[edccc055-c3f5-47df-b30f-76e8836f4c59:c5001, f9704f82-adf1-457c-ad29-9b573bc67fa6:c4997, 932806d8-5f5d-4457-8f95-c9b7f9036eae:c4997]
2019-08-07 03:27:37,344 INFO  client.GrpcClientProtocolClient (GrpcClientProtocolClient.java:onNext(255)) - client-23C834B07313->edccc055-c3f5-47df-b30f-76e8836f4c59: receive RaftClientReply:client-23C834B07313->edccc055-c3f5-47df-b30f-76e8836f4c59@group-ED32739C8BBB, cid=3317, SUCCESS, logIndex=5003, commits[edccc055-c3f5-47df-b30f-76e8836f4c59:c5004, f9704f82-adf1-457c-ad29-9b573bc67fa6:c5002, 932806d8-5f5d-4457-8f95-c9b7f9036eae:c5002]
2019-08-07 03:27:37,344 INFO  client.GrpcClientProtocolClient (GrpcClientProtocolClient.java:onNext(255)) - client-23C834B07313->edccc055-c3f5-47df-b30f-76e8836f4c59: receive RaftClientReply:client-23C834B07313->edccc055-c3f5-47df-b30f-76e8836f4c59@group-ED32739C8BBB, cid=3318, SUCCESS, logIndex=5004, commits[edccc055-c3f5-47df-b30f-76e8836f4c59:c5004, f9704f82-adf1-457c-ad29-9b573bc67fa6:c5002, 932806d8-5f5d-4457-8f95-c9b7f9036eae:c5002]
2019-08-07 03:27:37,358 INFO  client.GrpcClientProtocolClient (GrpcClientProtocolClient.java:onNext(255)) - client-23C834B07313->edccc055-c3f5-47df-b30f-76e8836f4c59: receive RaftClientReply:client-23C834B07313->edccc055-c3f5-47df-b30f-76e8836f4c59@group-ED32739C8BBB, cid=3319, SUCCESS, logIndex=5007, commits[edccc055-c3f5-47df-b30f-76e8836f4c59:c5007, f9704f82-adf1-457c-ad29-9b573bc67fa6:c5004, 932806d8-5f5d-4457-8f95-c9b7f9036eae:c5004]
2019-08-07 03:27:37,358 INFO  client.GrpcClientProtocolClient (GrpcClientProtocolClient.java:onNext(255)) - client-23C834B07313->edccc055-c3f5-47df-b30f-76e8836f4c59: receive RaftClientReply:client-23C834B07313->edccc055-c3f5-47df-b30f-76e8836f4c59@group-ED32739C8BBB, cid=3320, SUCCESS, logIndex=5008, commits[edccc055-c3f5-47df-b30f-76e8836f4c59:c5008, f9704f82-adf1-457c-ad29-9b573bc67fa6:c5004, 932806d8-5f5d-4457-8f95-c9b7f9036eae:c5004]
2019-08-07 03:27:37,372 INFO  client.GrpcClientProtocolClient (GrpcClientProtocolClient.java:onNext(255)) - client-23C834B07313->edccc055-c3f5-47df-b30f-76e8836f4c59: receive RaftClientReply:client-23C834B07313->edccc055-c3f5-47df-b30f-76e8836f4c59@group-ED32739C8BBB, cid=3321, SUCCESS, logIndex=0, commits[edccc055-c3f5-47df-b30f-76e8836f4c59:c5010, f9704f82-adf1-457c-ad29-9b573bc67fa6:c5008, 932806d8-5f5d-4457-8f95-c9b7f9036eae:c5008]
2019-08-07 03:27:37,401 INFO  client.GrpcClientProtocolClient (GrpcClientProtocolClient.java:onNext(255)) - client-23C834B07313->edccc055-c3f5-47df-b30f-76e8836f4c59: receive RaftClientReply:client-23C834B07313->edccc055-c3f5-47df-b30f-76e8836f4c59@group-ED32739C8BBB, cid=3322, SUCCESS, logIndex=5011, commits[edccc055-c3f5-47df-b30f-76e8836f4c59:c5012, f9704f82-adf1-457c-ad29-9b573bc67fa6:c5010, 932806d8-5f5d-4457-8f95-c9b7f9036eae:c5010]
2019-08-07 03:27:37,401 INFO  client.GrpcClientProtocolClient (GrpcClientProtocolClient.java:onNext(255)) - client-23C834B07313->edccc055-c3f5-47df-b30f-76e8836f4c59: receive RaftClientReply:client-23C834B07313->edccc055-c3f5-47df-b30f-76e8836f4c59@group-ED32739C8BBB, cid=3323, SUCCESS, logIndex=5012, commits[edccc055-c3f5-47df-b30f-76e8836f4c59:c5012, f9704f82-adf1-457c-ad29-9b573bc67fa6:c5010, 932806d8-5f5d-4457-8f95-c9b7f9036eae:c5010]
2019-08-07 03:27:37,402 INFO  client.GrpcClientProtocolClient (GrpcClientProtocolClient.java:onNext(255)) - client-23C834B07313->edccc055-c3f5-47df-b30f-76e8836f4c59: receive RaftClientReply:client-23C834B07313->edccc055-c3f5-47df-b30f-76e8836f4c59@group-ED32739C8BBB, cid=3324, SUCCESS, logIndex=5013, commits[edccc055-c3f5-47df-b30f-76e8836f4c59:c5014, f9704f82-adf1-457c-ad29-9b573bc67fa6:c5010, 932806d8-5f5d-4457-8f95-c9b7f9036eae:c5010]
2019-08-07 03:27:37,402 INFO  client.GrpcClientProtocolClient (GrpcClientProtocolClient.java:onNext(255)) - client-23C834B07313->edccc055-c3f5-47df-b30f-76e8836f4c59: receive RaftClientReply:client-23C834B07313->edccc055-c3f5-47df-b30f-76e8836f4c59@group-ED32739C8BBB, cid=3325, SUCCESS, logIndex=5014, commits[edccc055-c3f5-47df-b30f-76e8836f4c59:c5014, f9704f82-adf1-457c-ad29-9b573bc67fa6:c5010, 932806d8-5f5d-4457-8f95-c9b7f9036eae:c5010]
2019-08-07 03:27:37,404 INFO  client.GrpcClientProtocolClient (GrpcClientProtocolClient.java:onNext(255)) - client-23C834B07313->edccc055-c3f5-47df-b30f-76e8836f4c59: receive RaftClientReply:client-23C834B07313->edccc055-c3f5-47df-b30f-76e8836f4c59@group-ED32739C8BBB, cid=3326, SUCCESS, logIndex=0, commits[edccc055-c3f5-47df-b30f-76e8836f4c59:c5016, f9704f82-adf1-457c-ad29-9b573bc67fa6:c5012, 932806d8-5f5d-4457-8f95-c9b7f9036eae:c5012]
2019-08-07 03:27:37,418 INFO  client.GrpcClientProtocolClient (GrpcClientProtocolClient.java:onNext(255)) - client-23C834B07313->edccc055-c3f5-47df-b30f-76e8836f4c59: receive RaftClientReply:client-23C834B07313->edccc055-c3f5-47df-b30f-76e8836f4c59@group-ED32739C8BBB, cid=3327, SUCCESS, logIndex=5019, commits[edccc055-c3f5-47df-b30f-76e8836f4c59:c5020, f9704f82-adf1-457c-ad29-9b573bc67fa6:c5016, 932806d8-5f5d-4457-8f95-c9b7f9036eae:c5014]
2019-08-07 03:27:37,418 INFO  client.GrpcClientProtocolClient (GrpcClientProtocolClient.java:onNext(255)) - client-23C834B07313->edccc055-c3f5-47df-b30f-76e8836f4c59: receive RaftClientReply:client-23C834B07313->edccc055-c3f5-47df-b30f-76e8836f4c59@group-ED32739C8BBB, cid=3328, SUCCESS, logIndex=5020, commits[edccc055-c3f5-47df-b30f-76e8836f4c59:c5020, f9704f82-adf1-457c-ad29-9b573bc67fa6:c5016, 932806d8-5f5d-4457-8f95-c9b7f9036eae:c5016]
2019-08-07 03:27:37,433 INFO  client.GrpcClientProtocolClient (GrpcClientProtocolClient.java:onNext(255)) - client-23C834B07313->edccc055-c3f5-47df-b30f-76e8836f4c59: receive RaftClientReply:client-23C834B07313->edccc055-c3f5-47df-b30f-76e8836f4c59@group-ED32739C8BBB, cid=3329, SUCCESS, logIndex=5022, commits[edccc055-c3f5-47df-b30f-76e8836f4c59:c5023, f9704f82-adf1-457c-ad29-9b573bc67fa6:c5020, 932806d8-5f5d-4457-8f95-c9b7f9036eae:c5020]
2019-08-07 03:27:37,433 INFO  client.GrpcClientProtocolClient (GrpcClientProtocolClient.java:onNext(255)) - client-23C834B07313->edccc055-c3f5-47df-b30f-76e8836f4c59: receive RaftClientReply:client-23C834B07313->edccc055-c3f5-47df-b30f-76e8836f4c59@group-ED32739C8BBB, cid=3330, SUCCESS, logIndex=5023, commits[edccc055-c3f5-47df-b30f-76e8836f4c59:c5023, f9704f82-adf1-457c-ad29-9b573bc67fa6:c5020, 932806d8-5f5d-4457-8f95-c9b7f9036eae:c5020]
2019-08-07 03:27:37,448 INFO  client.GrpcClientProtocolClient (GrpcClientProtocolClient.java:onNext(255)) - client-23C834B07313->edccc055-c3f5-47df-b30f-76e8836f4c59: receive RaftClientReply:client-23C834B07313->edccc055-c3f5-47df-b30f-76e8836f4c59@group-ED32739C8BBB, cid=3331, SUCCESS, logIndex=0, commits[edccc055-c3f5-47df-b30f-76e8836f4c59:c5025, f9704f82-adf1-457c-ad29-9b573bc67fa6:c5023, 932806d8-5f5d-4457-8f95-c9b7f9036eae:c5023]
2019-08-07 03:27:37,563 INFO  client.GrpcClientProtocolClient (GrpcClientProtocolClient.java:onNext(255)) - client-23C834B07313->edccc055-c3f5-47df-b30f-76e8836f4c59: receive RaftClientReply:client-23C834B07313->edccc055-c3f5-47df-b30f-76e8836f4c59@group-ED32739C8BBB, cid=3332, SUCCESS, logIndex=5026, commits[edccc055-c3f5-47df-b30f-76e8836f4c59:c5028, f9704f82-adf1-457c-ad29-9b573bc67fa6:c5025, 932806d8-5f5d-4457-8f95-c9b7f9036eae:c5025]
2019-08-07 03:27:37,563 INFO  client.GrpcClientProtocolClient (GrpcClientProtocolClient.java:onNext(255)) - client-23C834B07313->edccc055-c3f5-47df-b30f-76e8836f4c59: receive RaftClientReply:client-23C834B07313->edccc055-c3f5-47df-b30f-76e8836f4c59@group-ED32739C8BBB, cid=3333, SUCCESS, logIndex=5027, commits[edccc055-c3f5-47df-b30f-76e8836f4c59:c5029, f9704f82-adf1-457c-ad29-9b573bc67fa6:c5025, 932806d8-5f5d-4457-8f95-c9b7f9036eae:c5025]
2019-08-07 03:27:37,564 INFO  client.GrpcClientProtocolClient (GrpcClientProtocolClient.java:onNext(255)) - client-23C834B07313->edccc055-c3f5-47df-b30f-76e8836f4c59: receive RaftClientReply:client-23C834B07313->edccc055-c3f5-47df-b30f-76e8836f4c59@group-ED32739C8BBB, cid=3334, SUCCESS, logIndex=5028, commits[edccc055-c3f5-47df-b30f-76e8836f4c59:c5029, f9704f82-adf1-457c-ad29-9b573bc67fa6:c5025, 932806d8-5f5d-4457-8f95-c9b7f9036eae:c5025]
2019-08-07 03:27:37,564 INFO  client.GrpcClientProtocolClient (GrpcClientProtocolClient.java:onNext(255)) - client-23C834B07313->edccc055-c3f5-47df-b30f-76e8836f4c59: receive RaftClientReply:client-23C834B07313->edccc055-c3f5-47df-b30f-76e8836f4c59@group-ED32739C8BBB, cid=3335, SUCCESS, logIndex=5029, commits[edccc055-c3f5-47df-b30f-76e8836f4c59:c5029, f9704f82-adf1-457c-ad29-9b573bc67fa6:c5025, 932806d8-5f5d-4457-8f95-c9b7f9036eae:c5025]
2019-08-07 03:27:37,589 INFO  client.GrpcClientProtocolClient (GrpcClientProtocolClient.java:onNext(255)) - client-23C834B07313->edccc055-c3f5-47df-b30f-76e8836f4c59: receive RaftClientReply:client-23C834B07313->edccc055-c3f5-47df-b30f-76e8836f4c59@group-ED32739C8BBB, cid=3336, SUCCESS, logIndex=0, commits[edccc055-c3f5-47df-b30f-76e8836f4c59:c5031, f9704f82-adf1-457c-ad29-9b573bc67fa6:c5027, 932806d8-5f5d-4457-8f95-c9b7f9036eae:c5027]
2019-08-07 03:27:37,610 INFO  client.GrpcClientProtocolClient (GrpcClientProtocolClient.java:onNext(255)) - client-23C834B07313->edccc055-c3f5-47df-b30f-76e8836f4c59: receive RaftClientReply:client-23C834B07313->edccc055-c3f5-47df-b30f-76e8836f4c59@group-ED32739C8BBB, cid=3337, SUCCESS, logIndex=5034, commits[edccc055-c3f5-47df-b30f-76e8836f4c59:c5035, f9704f82-adf1-457c-ad29-9b573bc67fa6:c5033, 932806d8-5f5d-4457-8f95-c9b7f9036eae:c5033]
2019-08-07 03:27:37,611 INFO  client.GrpcClientProtocolClient (GrpcClientProtocolClient.java:onNext(255)) - client-23C834B07313->edccc055-c3f5-47df-b30f-76e8836f4c59: receive RaftClientReply:client-23C834B07313->edccc055-c3f5-47df-b30f-76e8836f4c59@group-ED32739C8BBB, cid=3338, SUCCESS, logIndex=5035, commits[edccc055-c3f5-47df-b30f-76e8836f4c59:c5035, f9704f82-adf1-457c-ad29-9b573bc67fa6:c5033, 932806d8-5f5d-4457-8f95-c9b7f9036eae:c5033]
2019-08-07 03:27:37,624 INFO  client.GrpcClientProtocolClient (GrpcClientProtocolClient.java:onNext(255)) - client-23C834B07313->edccc055-c3f5-47df-b30f-76e8836f4c59: receive RaftClientReply:client-23C834B07313->edccc055-c3f5-47df-b30f-76e8836f4c59@group-ED32739C8BBB, cid=3339, SUCCESS, logIndex=5038, commits[edccc055-c3f5-47df-b30f-76e8836f4c59:c5038, f9704f82-adf1-457c-ad29-9b573bc67fa6:c5035, 932806d8-5f5d-4457-8f95-c9b7f9036eae:c5034]
2019-08-07 03:27:37,625 INFO  client.GrpcClientProtocolClient (GrpcClientProtocolClient.java:onNext(255)) - client-23C834B07313->edccc055-c3f5-47df-b30f-76e8836f4c59: receive RaftClientReply:client-23C834B07313->edccc055-c3f5-47df-b30f-76e8836f4c59@group-ED32739C8BBB, cid=3340, SUCCESS, logIndex=5039, commits[edccc055-c3f5-47df-b30f-76e8836f4c59:c5039, f9704f82-adf1-457c-ad29-9b573bc67fa6:c5035, 932806d8-5f5d-4457-8f95-c9b7f9036eae:c5035]
2019-08-07 03:27:37,626 INFO  client.GrpcClientProtocolClient (GrpcClientProtocolClient.java:onNext(255)) - client-23C834B07313->edccc055-c3f5-47df-b30f-76e8836f4c59: receive RaftClientReply:client-23C834B07313->edccc055-c3f5-47df-b30f-76e8836f4c59@group-ED32739C8BBB, cid=3341, SUCCESS, logIndex=0, commits[edccc055-c3f5-47df-b30f-76e8836f4c59:c5041, f9704f82-adf1-457c-ad29-9b573bc67fa6:c5039, 932806d8-5f5d-4457-8f95-c9b7f9036eae:c5039]
2019-08-07 03:27:37,661 INFO  client.GrpcClientProtocolClient (GrpcClientProtocolClient.java:onNext(255)) - client-23C834B07313->edccc055-c3f5-47df-b30f-76e8836f4c59: receive RaftClientReply:client-23C834B07313->edccc055-c3f5-47df-b30f-76e8836f4c59@group-ED32739C8BBB, cid=3342, SUCCESS, logIndex=5042, commits[edccc055-c3f5-47df-b30f-76e8836f4c59:c5042, f9704f82-adf1-457c-ad29-9b573bc67fa6:c5041, 932806d8-5f5d-4457-8f95-c9b7f9036eae:c5041]
2019-08-07 03:27:37,661 INFO  client.GrpcClientProtocolClient (GrpcClientProtocolClient.java:onNext(255)) - client-23C834B07313->edccc055-c3f5-47df-b30f-76e8836f4c59: receive RaftClientReply:client-23C834B07313->edccc055-c3f5-47df-b30f-76e8836f4c59@group-ED32739C8BBB, cid=3343, SUCCESS, logIndex=5043, commits[edccc055-c3f5-47df-b30f-76e8836f4c59:c5044, f9704f82-adf1-457c-ad29-9b573bc67fa6:c5041, 932806d8-5f5d-4457-8f95-c9b7f9036eae:c5041]
2019-08-07 03:27:37,662 INFO  client.GrpcClientProtocolClient (GrpcClientProtocolClient.java:onNext(255)) - client-23C834B07313->edccc055-c3f5-47df-b30f-76e8836f4c59: receive RaftClientReply:client-23C834B07313->edccc055-c3f5-47df-b30f-76e8836f4c59@group-ED32739C8BBB, cid=3344, SUCCESS, logIndex=5044, commits[edccc055-c3f5-47df-b30f-76e8836f4c59:c5045, f9704f82-adf1-457c-ad29-9b573bc67fa6:c5041, 932806d8-5f5d-4457-8f95-c9b7f9036eae:c5041]
2019-08-07 03:27:37,662 INFO  client.GrpcClientProtocolClient (GrpcClientProtocolClient.java:onNext(255)) - client-23C834B07313->edccc055-c3f5-47df-b30f-76e8836f4c59: receive RaftClientReply:client-23C834B07313->edccc055-c3f5-47df-b30f-76e8836f4c59@group-ED32739C8BBB, cid=3345, SUCCESS, logIndex=5045, commits[edccc055-c3f5-47df-b30f-76e8836f4c59:c5045, f9704f82-adf1-457c-ad29-9b573bc67fa6:c5041, 932806d8-5f5d-4457-8f95-c9b7f9036eae:c5041]
2019-08-07 03:27:37,676 INFO  client.GrpcClientProtocolClient (GrpcClientProtocolClient.java:onNext(255)) - client-23C834B07313->edccc055-c3f5-47df-b30f-76e8836f4c59: receive RaftClientReply:client-23C834B07313->edccc055-c3f5-47df-b30f-76e8836f4c59@group-ED32739C8BBB, cid=3346, SUCCESS, logIndex=0, commits[edccc055-c3f5-47df-b30f-76e8836f4c59:c5049, f9704f82-adf1-457c-ad29-9b573bc67fa6:c5045, 932806d8-5f5d-4457-8f95-c9b7f9036eae:c5043]
2019-08-07 03:27:37,697 INFO  client.GrpcClientProtocolClient (GrpcClientProtocolClient.java:onNext(255)) - client-23C834B07313->edccc055-c3f5-47df-b30f-76e8836f4c59: receive RaftClientReply:client-23C834B07313->edccc055-c3f5-47df-b30f-76e8836f4c59@group-ED32739C8BBB, cid=3347, SUCCESS, logIndex=5050, commits[edccc055-c3f5-47df-b30f-76e8836f4c59:c5051, f9704f82-adf1-457c-ad29-9b573bc67fa6:c5049, 932806d8-5f5d-4457-8f95-c9b7f9036eae:c5049]
2019-08-07 03:27:37,697 INFO  client.GrpcClientProtocolClient (GrpcClientProtocolClient.java:onNext(255)) - client-23C834B07313->edccc055-c3f5-47df-b30f-76e8836f4c59: receive RaftClientReply:client-23C834B07313->edccc055-c3f5-47df-b30f-76e8836f4c59@group-ED32739C8BBB, cid=3348, SUCCESS, logIndex=5051, commits[edccc055-c3f5-47df-b30f-76e8836f4c59:c5051, f9704f82-adf1-457c-ad29-9b573bc67fa6:c5049, 932806d8-5f5d-4457-8f95-c9b7f9036eae:c5049]
2019-08-07 03:27:37,711 INFO  client.GrpcClientProtocolClient (GrpcClientProtocolClient.java:onNext(255)) - client-23C834B07313->edccc055-c3f5-47df-b30f-76e8836f4c59: receive RaftClientReply:client-23C834B07313->edccc055-c3f5-47df-b30f-76e8836f4c59@group-ED32739C8BBB, cid=3349, SUCCESS, logIndex=5054, commits[edccc055-c3f5-47df-b30f-76e8836f4c59:c5054, f9704f82-adf1-457c-ad29-9b573bc67fa6:c5051, 932806d8-5f5d-4457-8f95-c9b7f9036eae:c5051]
2019-08-07 03:27:37,711 INFO  client.GrpcClientProtocolClient (GrpcClientProtocolClient.java:onNext(255)) - client-23C834B07313->edccc055-c3f5-47df-b30f-76e8836f4c59: receive RaftClientReply:client-23C834B07313->edccc055-c3f5-47df-b30f-76e8836f4c59@group-ED32739C8BBB, cid=3350, SUCCESS, logIndex=5055, commits[edccc055-c3f5-47df-b30f-76e8836f4c59:c5055, f9704f82-adf1-457c-ad29-9b573bc67fa6:c5051, 932806d8-5f5d-4457-8f95-c9b7f9036eae:c5051]
2019-08-07 03:27:37,724 INFO  client.GrpcClientProtocolClient (GrpcClientProtocolClient.java:onNext(255)) - client-23C834B07313->edccc055-c3f5-47df-b30f-76e8836f4c59: receive RaftClientReply:client-23C834B07313->edccc055-c3f5-47df-b30f-76e8836f4c59@group-ED32739C8BBB, cid=3351, SUCCESS, logIndex=0, commits[edccc055-c3f5-47df-b30f-76e8836f4c59:c5057, f9704f82-adf1-457c-ad29-9b573bc67fa6:c5055, 932806d8-5f5d-4457-8f95-c9b7f9036eae:c5055]
2019-08-07 03:27:37,752 INFO  client.GrpcClientProtocolClient (GrpcClientProtocolClient.java:onNext(255)) - client-23C834B07313->edccc055-c3f5-47df-b30f-76e8836f4c59: receive RaftClientReply:client-23C834B07313->edccc055-c3f5-47df-b30f-76e8836f4c59@group-ED32739C8BBB, cid=3352, SUCCESS, logIndex=5058, commits[edccc055-c3f5-47df-b30f-76e8836f4c59:c5059, f9704f82-adf1-457c-ad29-9b573bc67fa6:c5057, 932806d8-5f5d-4457-8f95-c9b7f9036eae:c5057]
2019-08-07 03:27:37,753 INFO  client.GrpcClientProtocolClient (GrpcClientProtocolClient.java:onNext(255)) - client-23C834B07313->edccc055-c3f5-47df-b30f-76e8836f4c59: receive RaftClientReply:client-23C834B07313->edccc055-c3f5-47df-b30f-76e8836f4c59@group-ED32739C8BBB, cid=3353, SUCCESS, logIndex=5059, commits[edccc055-c3f5-47df-b30f-76e8836f4c59:c5061, f9704f82-adf1-457c-ad29-9b573bc67fa6:c5057, 932806d8-5f5d-4457-8f95-c9b7f9036eae:c5057]
2019-08-07 03:27:37,754 INFO  client.GrpcClientProtocolClient (GrpcClientProtocolClient.java:onNext(255)) - client-23C834B07313->edccc055-c3f5-47df-b30f-76e8836f4c59: receive RaftClientReply:client-23C834B07313->edccc055-c3f5-47df-b30f-76e8836f4c59@group-ED32739C8BBB, cid=3354, SUCCESS, logIndex=5060, commits[edccc055-c3f5-47df-b30f-76e8836f4c59:c5061, f9704f82-adf1-457c-ad29-9b573bc67fa6:c5057, 932806d8-5f5d-4457-8f95-c9b7f9036eae:c5057]
2019-08-07 03:27:37,754 INFO  client.GrpcClientProtocolClient (GrpcClientProtocolClient.java:onNext(255)) - client-23C834B07313->edccc055-c3f5-47df-b30f-76e8836f4c59: receive RaftClientReply:client-23C834B07313->edccc055-c3f5-47df-b30f-76e8836f4c59@group-ED32739C8BBB, cid=3355, SUCCESS, logIndex=5061, commits[edccc055-c3f5-47df-b30f-76e8836f4c59:c5061, f9704f82-adf1-457c-ad29-9b573bc67fa6:c5057, 932806d8-5f5d-4457-8f95-c9b7f9036eae:c5057]
2019-08-07 03:27:37,755 INFO  client.GrpcClientProtocolClient (GrpcClientProtocolClient.java:onNext(255)) - client-23C834B07313->edccc055-c3f5-47df-b30f-76e8836f4c59: receive RaftClientReply:client-23C834B07313->edccc055-c3f5-47df-b30f-76e8836f4c59@group-ED32739C8BBB, cid=3356, SUCCESS, logIndex=0, commits[edccc055-c3f5-47df-b30f-76e8836f4c59:c5064, f9704f82-adf1-457c-ad29-9b573bc67fa6:c5059, 932806d8-5f5d-4457-8f95-c9b7f9036eae:c5060]
2019-08-07 03:27:37,775 INFO  client.GrpcClientProtocolClient (GrpcClientProtocolClient.java:onNext(255)) - client-23C834B07313->edccc055-c3f5-47df-b30f-76e8836f4c59: receive RaftClientReply:client-23C834B07313->edccc055-c3f5-47df-b30f-76e8836f4c59@group-ED32739C8BBB, cid=3357, SUCCESS, logIndex=5066, commits[edccc055-c3f5-47df-b30f-76e8836f4c59:c5067, f9704f82-adf1-457c-ad29-9b573bc67fa6:c5065, 932806d8-5f5d-4457-8f95-c9b7f9036eae:c5065]
2019-08-07 03:27:37,776 INFO  client.GrpcClientProtocolClient (GrpcClientProtocolClient.java:onNext(255)) - client-23C834B07313->edccc055-c3f5-47df-b30f-76e8836f4c59: receive RaftClientReply:client-23C834B07313->edccc055-c3f5-47df-b30f-76e8836f4c59@group-ED32739C8BBB, cid=3358, SUCCESS, logIndex=5067, commits[edccc055-c3f5-47df-b30f-76e8836f4c59:c5067, f9704f82-adf1-457c-ad29-9b573bc67fa6:c5065, 932806d8-5f5d-4457-8f95-c9b7f9036eae:c5065]
2019-08-07 03:27:37,798 INFO  client.GrpcClientProtocolClient (GrpcClientProtocolClient.java:onNext(255)) - client-23C834B07313->edccc055-c3f5-47df-b30f-76e8836f4c59: receive RaftClientReply:client-23C834B07313->edccc055-c3f5-47df-b30f-76e8836f4c59@group-ED32739C8BBB, cid=3359, SUCCESS, logIndex=5070, commits[edccc055-c3f5-47df-b30f-76e8836f4c59:c5071, f9704f82-adf1-457c-ad29-9b573bc67fa6:c5067, 932806d8-5f5d-4457-8f95-c9b7f9036eae:c5067]
2019-08-07 03:27:37,799 INFO  client.GrpcClientProtocolClient (GrpcClientProtocolClient.java:onNext(255)) - client-23C834B07313->edccc055-c3f5-47df-b30f-76e8836f4c59: receive RaftClientReply:client-23C834B07313->edccc055-c3f5-47df-b30f-76e8836f4c59@group-ED32739C8BBB, cid=3360, SUCCESS, logIndex=5071, commits[edccc055-c3f5-47df-b30f-76e8836f4c59:c5071, f9704f82-adf1-457c-ad29-9b573bc67fa6:c5067, 932806d8-5f5d-4457-8f95-c9b7f9036eae:c5067]
2019-08-07 03:27:37,810 INFO  client.GrpcClientProtocolClient (GrpcClientProtocolClient.java:onNext(255)) - client-23C834B07313->edccc055-c3f5-47df-b30f-76e8836f4c59: receive RaftClientReply:client-23C834B07313->edccc055-c3f5-47df-b30f-76e8836f4c59@group-ED32739C8BBB, cid=3361, SUCCESS, logIndex=0, commits[edccc055-c3f5-47df-b30f-76e8836f4c59:c5073, f9704f82-adf1-457c-ad29-9b573bc67fa6:c5071, 932806d8-5f5d-4457-8f95-c9b7f9036eae:c5071]
2019-08-07 03:27:37,935 INFO  client.GrpcClientProtocolClient (GrpcClientProtocolClient.java:onNext(255)) - client-23C834B07313->edccc055-c3f5-47df-b30f-76e8836f4c59: receive RaftClientReply:client-23C834B07313->edccc055-c3f5-47df-b30f-76e8836f4c59@group-ED32739C8BBB, cid=3362, SUCCESS, logIndex=5074, commits[edccc055-c3f5-47df-b30f-76e8836f4c59:c5077, f9704f82-adf1-457c-ad29-9b573bc67fa6:c5073, 932806d8-5f5d-4457-8f95-c9b7f9036eae:c5073]
2019-08-07 03:27:37,936 INFO  client.GrpcClientProtocolClient (GrpcClientProtocolClient.java:onNext(255)) - client-23C834B07313->edccc055-c3f5-47df-b30f-76e8836f4c59: receive RaftClientReply:client-23C834B07313->edccc055-c3f5-47df-b30f-76e8836f4c59@group-ED32739C8BBB, cid=3363, SUCCESS, logIndex=5075, commits[edccc055-c3f5-47df-b30f-76e8836f4c59:c5077, f9704f82-adf1-457c-ad29-9b573bc67fa6:c5073, 932806d8-5f5d-4457-8f95-c9b7f9036eae:c5073]
2019-08-07 03:27:37,937 INFO  client.GrpcClientProtocolClient (GrpcClientProtocolClient.java:onNext(255)) - client-23C834B07313->edccc055-c3f5-47df-b30f-76e8836f4c59: receive RaftClientReply:client-23C834B07313->edccc055-c3f5-47df-b30f-76e8836f4c59@group-ED32739C8BBB, cid=3364, SUCCESS, logIndex=5076, commits[edccc055-c3f5-47df-b30f-76e8836f4c59:c5081, f9704f82-adf1-457c-ad29-9b573bc67fa6:c5077, 932806d8-5f5d-4457-8f95-c9b7f9036eae:c5074]
2019-08-07 03:27:37,937 INFO  client.GrpcClientProtocolClient (GrpcClientProtocolClient.java:onNext(255)) - client-23C834B07313->edccc055-c3f5-47df-b30f-76e8836f4c59: receive RaftClientReply:client-23C834B07313->edccc055-c3f5-47df-b30f-76e8836f4c59@group-ED32739C8BBB, cid=3365, SUCCESS, logIndex=5077, commits[edccc055-c3f5-47df-b30f-76e8836f4c59:c5081, f9704f82-adf1-457c-ad29-9b573bc67fa6:c5077, 932806d8-5f5d-4457-8f95-c9b7f9036eae:c5074]
2019-08-07 03:27:37,939 INFO  client.GrpcClientProtocolClient (GrpcClientProtocolClient.java:onNext(255)) - client-23C834B07313->edccc055-c3f5-47df-b30f-76e8836f4c59: receive RaftClientReply:client-23C834B07313->edccc055-c3f5-47df-b30f-76e8836f4c59@group-ED32739C8BBB, cid=3366, SUCCESS, logIndex=0, commits[edccc055-c3f5-47df-b30f-76e8836f4c59:c5081, f9704f82-adf1-457c-ad29-9b573bc67fa6:c5077, 932806d8-5f5d-4457-8f95-c9b7f9036eae:c5077]
2019-08-07 03:27:37,959 INFO  client.GrpcClientProtocolClient (GrpcClientProtocolClient.java:onNext(255)) - client-23C834B07313->edccc055-c3f5-47df-b30f-76e8836f4c59: receive RaftClientReply:client-23C834B07313->edccc055-c3f5-47df-b30f-76e8836f4c59@group-ED32739C8BBB, cid=3367, SUCCESS, logIndex=5082, commits[edccc055-c3f5-47df-b30f-76e8836f4c59:c5083, f9704f82-adf1-457c-ad29-9b573bc67fa6:c5081, 932806d8-5f5d-4457-8f95-c9b7f9036eae:c5081]
2019-08-07 03:27:37,959 INFO  client.GrpcClientProtocolClient (GrpcClientProtocolClient.java:onNext(255)) - client-23C834B07313->edccc055-c3f5-47df-b30f-76e8836f4c59: receive RaftClientReply:client-23C834B07313->edccc055-c3f5-47df-b30f-76e8836f4c59@group-ED32739C8BBB, cid=3368, SUCCESS, logIndex=5083, commits[edccc055-c3f5-47df-b30f-76e8836f4c59:c5083, f9704f82-adf1-457c-ad29-9b573bc67fa6:c5081, 932806d8-5f5d-4457-8f95-c9b7f9036eae:c5081]
 0.00% |█                                                                                                    |  0/1 Time: 0:00:332019-08-07 03:27:37,972 INFO  client.GrpcClientProtocolClient (GrpcClientProtocolClient.java:onNext(255)) - client-23C834B07313->edccc055-c3f5-47df-b30f-76e8836f4c59: receive RaftClientReply:client-23C834B07313->edccc055-c3f5-47df-b30f-76e8836f4c59@group-ED32739C8BBB, cid=3369, SUCCESS, logIndex=5086, commits[edccc055-c3f5-47df-b30f-76e8836f4c59:c5087, f9704f82-adf1-457c-ad29-9b573bc67fa6:c5083, 932806d8-5f5d-4457-8f95-c9b7f9036eae:c5083]
2019-08-07 03:27:37,973 INFO  client.GrpcClientProtocolClient (GrpcClientProtocolClient.java:onNext(255)) - client-23C834B07313->edccc055-c3f5-47df-b30f-76e8836f4c59: receive RaftClientReply:client-23C834B07313->edccc055-c3f5-47df-b30f-76e8836f4c59@group-ED32739C8BBB, cid=3370, SUCCESS, logIndex=5087, commits[edccc055-c3f5-47df-b30f-76e8836f4c59:c5087, f9704f82-adf1-457c-ad29-9b573bc67fa6:c5083, 932806d8-5f5d-4457-8f95-c9b7f9036eae:c5083]
2019-08-07 03:27:37,983 INFO  client.GrpcClientProtocolClient (GrpcClientProtocolClient.java:onNext(255)) - client-23C834B07313->edccc055-c3f5-47df-b30f-76e8836f4c59: receive RaftClientReply:client-23C834B07313->edccc055-c3f5-47df-b30f-76e8836f4c59@group-ED32739C8BBB, cid=3371, SUCCESS, logIndex=0, commits[edccc055-c3f5-47df-b30f-76e8836f4c59:c5088, f9704f82-adf1-457c-ad29-9b573bc67fa6:c5087, 932806d8-5f5d-4457-8f95-c9b7f9036eae:c5087]
2019-08-07 03:27:38,017 INFO  client.GrpcClientProtocolClient (GrpcClientProtocolClient.java:onNext(255)) - client-23C834B07313->edccc055-c3f5-47df-b30f-76e8836f4c59: receive RaftClientReply:client-23C834B07313->edccc055-c3f5-47df-b30f-76e8836f4c59@group-ED32739C8BBB, cid=3372, SUCCESS, logIndex=5090, commits[edccc055-c3f5-47df-b30f-76e8836f4c59:c5091, f9704f82-adf1-457c-ad29-9b573bc67fa6:c5089, 932806d8-5f5d-4457-8f95-c9b7f9036eae:c5089]
2019-08-07 03:27:38,018 INFO  client.GrpcClientProtocolClient (GrpcClientProtocolClient.java:onNext(255)) - client-23C834B07313->edccc055-c3f5-47df-b30f-76e8836f4c59: receive RaftClientReply:client-23C834B07313->edccc055-c3f5-47df-b30f-76e8836f4c59@group-ED32739C8BBB, cid=3373, SUCCESS, logIndex=5091, commits[edccc055-c3f5-47df-b30f-76e8836f4c59:c5093, f9704f82-adf1-457c-ad29-9b573bc67fa6:c5089, 932806d8-5f5d-4457-8f95-c9b7f9036eae:c5089]
2019-08-07 03:27:38,018 INFO  client.GrpcClientProtocolClient (GrpcClientProtocolClient.java:onNext(255)) - client-23C834B07313->edccc055-c3f5-47df-b30f-76e8836f4c59: receive RaftClientReply:client-23C834B07313->edccc055-c3f5-47df-b30f-76e8836f4c59@group-ED32739C8BBB, cid=3374, SUCCESS, logIndex=5092, commits[edccc055-c3f5-47df-b30f-76e8836f4c59:c5093, f9704f82-adf1-457c-ad29-9b573bc67fa6:c5089, 932806d8-5f5d-4457-8f95-c9b7f9036eae:c5089]
2019-08-07 03:27:38,018 INFO  client.GrpcClientProtocolClient (GrpcClientProtocolClient.java:onNext(255)) - client-23C834B07313->edccc055-c3f5-47df-b30f-76e8836f4c59: receive RaftClientReply:client-23C834B07313->edccc055-c3f5-47df-b30f-76e8836f4c59@group-ED32739C8BBB, cid=3375, SUCCESS, logIndex=5093, commits[edccc055-c3f5-47df-b30f-76e8836f4c59:c5094, f9704f82-adf1-457c-ad29-9b573bc67fa6:c5089, 932806d8-5f5d-4457-8f95-c9b7f9036eae:c5090]
2019-08-07 03:27:38,019 INFO  client.GrpcClientProtocolClient (GrpcClientProtocolClient.java:onNext(255)) - client-23C834B07313->edccc055-c3f5-47df-b30f-76e8836f4c59: receive RaftClientReply:client-23C834B07313->edccc055-c3f5-47df-b30f-76e8836f4c59@group-ED32739C8BBB, cid=3376, SUCCESS, logIndex=0, commits[edccc055-c3f5-47df-b30f-76e8836f4c59:c5095, f9704f82-adf1-457c-ad29-9b573bc67fa6:c5091, 932806d8-5f5d-4457-8f95-c9b7f9036eae:c5091]
2019-08-07 03:27:38,037 INFO  client.GrpcClientProtocolClient (GrpcClientProtocolClient.java:onNext(255)) - client-23C834B07313->edccc055-c3f5-47df-b30f-76e8836f4c59: receive RaftClientReply:client-23C834B07313->edccc055-c3f5-47df-b30f-76e8836f4c59@group-ED32739C8BBB, cid=3377, SUCCESS, logIndex=5097, commits[edccc055-c3f5-47df-b30f-76e8836f4c59:c5098, f9704f82-adf1-457c-ad29-9b573bc67fa6:c5096, 932806d8-5f5d-4457-8f95-c9b7f9036eae:c5096]
2019-08-07 03:27:38,038 INFO  client.GrpcClientProtocolClient (GrpcClientProtocolClient.java:onNext(255)) - client-23C834B07313->edccc055-c3f5-47df-b30f-76e8836f4c59: receive RaftClientReply:client-23C834B07313->edccc055-c3f5-47df-b30f-76e8836f4c59@group-ED32739C8BBB, cid=3378, SUCCESS, logIndex=5098, commits[edccc055-c3f5-47df-b30f-76e8836f4c59:c5098, f9704f82-adf1-457c-ad29-9b573bc67fa6:c5096, 932806d8-5f5d-4457-8f95-c9b7f9036eae:c5096]
2019-08-07 03:27:38,050 INFO  client.GrpcClientProtocolClient (GrpcClientProtocolClient.java:onNext(255)) - client-23C834B07313->edccc055-c3f5-47df-b30f-76e8836f4c59: receive RaftClientReply:client-23C834B07313->edccc055-c3f5-47df-b30f-76e8836f4c59@group-ED32739C8BBB, cid=3379, SUCCESS, logIndex=5101, commits[edccc055-c3f5-47df-b30f-76e8836f4c59:c5102, f9704f82-adf1-457c-ad29-9b573bc67fa6:c5098, 932806d8-5f5d-4457-8f95-c9b7f9036eae:c5098]
2019-08-07 03:27:38,050 INFO  client.GrpcClientProtocolClient (GrpcClientProtocolClient.java:onNext(255)) - client-23C834B07313->edccc055-c3f5-47df-b30f-76e8836f4c59: receive RaftClientReply:client-23C834B07313->edccc055-c3f5-47df-b30f-76e8836f4c59@group-ED32739C8BBB, cid=3380, SUCCESS, logIndex=5102, commits[edccc055-c3f5-47df-b30f-76e8836f4c59:c5102, f9704f82-adf1-457c-ad29-9b573bc67fa6:c5098, 932806d8-5f5d-4457-8f95-c9b7f9036eae:c5098]
2019-08-07 03:27:38,064 INFO  client.GrpcClientProtocolClient (GrpcClientProtocolClient.java:onNext(255)) - client-23C834B07313->edccc055-c3f5-47df-b30f-76e8836f4c59: receive RaftClientReply:client-23C834B07313->edccc055-c3f5-47df-b30f-76e8836f4c59@group-ED32739C8BBB, cid=3381, SUCCESS, logIndex=0, commits[edccc055-c3f5-47df-b30f-76e8836f4c59:c5104, f9704f82-adf1-457c-ad29-9b573bc67fa6:c5102, 932806d8-5f5d-4457-8f95-c9b7f9036eae:c5102]
2019-08-07 03:27:38,093 INFO  client.GrpcClientProtocolClient (GrpcClientProtocolClient.java:onNext(255)) - client-23C834B07313->edccc055-c3f5-47df-b30f-76e8836f4c59: receive RaftClientReply:client-23C834B07313->edccc055-c3f5-47df-b30f-76e8836f4c59@group-ED32739C8BBB, cid=3382, SUCCESS, logIndex=5105, commits[edccc055-c3f5-47df-b30f-76e8836f4c59:c5107, f9704f82-adf1-457c-ad29-9b573bc67fa6:c5104, 932806d8-5f5d-4457-8f95-c9b7f9036eae:c5104]
2019-08-07 03:27:38,094 INFO  client.GrpcClientProtocolClient (GrpcClientProtocolClient.java:onNext(255)) - client-23C834B07313->edccc055-c3f5-47df-b30f-76e8836f4c59: receive RaftClientReply:client-23C834B07313->edccc055-c3f5-47df-b30f-76e8836f4c59@group-ED32739C8BBB, cid=3383, SUCCESS, logIndex=5106, commits[edccc055-c3f5-47df-b30f-76e8836f4c59:c5108, f9704f82-adf1-457c-ad29-9b573bc67fa6:c5104, 932806d8-5f5d-4457-8f95-c9b7f9036eae:c5104]
2019-08-07 03:27:38,094 INFO  client.GrpcClientProtocolClient (GrpcClientProtocolClient.java:onNext(255)) - client-23C834B07313->edccc055-c3f5-47df-b30f-76e8836f4c59: receive RaftClientReply:client-23C834B07313->edccc055-c3f5-47df-b30f-76e8836f4c59@group-ED32739C8BBB, cid=3384, SUCCESS, logIndex=5107, commits[edccc055-c3f5-47df-b30f-76e8836f4c59:c5108, f9704f82-adf1-457c-ad29-9b573bc67fa6:c5104, 932806d8-5f5d-4457-8f95-c9b7f9036eae:c5104]
2019-08-07 03:27:38,094 INFO  client.GrpcClientProtocolClient (GrpcClientProtocolClient.java:onNext(255)) - client-23C834B07313->edccc055-c3f5-47df-b30f-76e8836f4c59: receive RaftClientReply:client-23C834B07313->edccc055-c3f5-47df-b30f-76e8836f4c59@group-ED32739C8BBB, cid=3385, SUCCESS, logIndex=5108, commits[edccc055-c3f5-47df-b30f-76e8836f4c59:c5108, f9704f82-adf1-457c-ad29-9b573bc67fa6:c5104, 932806d8-5f5d-4457-8f95-c9b7f9036eae:c5104]
2019-08-07 03:27:38,095 INFO  client.GrpcClientProtocolClient (GrpcClientProtocolClient.java:onNext(255)) - client-23C834B07313->edccc055-c3f5-47df-b30f-76e8836f4c59: receive RaftClientReply:client-23C834B07313->edccc055-c3f5-47df-b30f-76e8836f4c59@group-ED32739C8BBB, cid=3386, SUCCESS, logIndex=0, commits[edccc055-c3f5-47df-b30f-76e8836f4c59:c5109, f9704f82-adf1-457c-ad29-9b573bc67fa6:c5106, 932806d8-5f5d-4457-8f95-c9b7f9036eae:c5106]
2019-08-07 03:27:38,114 INFO  client.GrpcClientProtocolClient (GrpcClientProtocolClient.java:onNext(255)) - client-23C834B07313->edccc055-c3f5-47df-b30f-76e8836f4c59: receive RaftClientReply:client-23C834B07313->edccc055-c3f5-47df-b30f-76e8836f4c59@group-ED32739C8BBB, cid=3387, SUCCESS, logIndex=5113, commits[edccc055-c3f5-47df-b30f-76e8836f4c59:c5114, f9704f82-adf1-457c-ad29-9b573bc67fa6:c5112, 932806d8-5f5d-4457-8f95-c9b7f9036eae:c5112]
2019-08-07 03:27:38,114 INFO  client.GrpcClientProtocolClient (GrpcClientProtocolClient.java:onNext(255)) - client-23C834B07313->edccc055-c3f5-47df-b30f-76e8836f4c59: receive RaftClientReply:client-23C834B07313->edccc055-c3f5-47df-b30f-76e8836f4c59@group-ED32739C8BBB, cid=3388, SUCCESS, logIndex=5114, commits[edccc055-c3f5-47df-b30f-76e8836f4c59:c5114, f9704f82-adf1-457c-ad29-9b573bc67fa6:c5112, 932806d8-5f5d-4457-8f95-c9b7f9036eae:c5112]
2019-08-07 03:27:38,127 INFO  client.GrpcClientProtocolClient (GrpcClientProtocolClient.java:onNext(255)) - client-23C834B07313->edccc055-c3f5-47df-b30f-76e8836f4c59: receive RaftClientReply:client-23C834B07313->edccc055-c3f5-47df-b30f-76e8836f4c59@group-ED32739C8BBB, cid=3389, SUCCESS, logIndex=5117, commits[edccc055-c3f5-47df-b30f-76e8836f4c59:c5117, f9704f82-adf1-457c-ad29-9b573bc67fa6:c5114, 932806d8-5f5d-4457-8f95-c9b7f9036eae:c5114]
2019-08-07 03:27:38,127 INFO  client.GrpcClientProtocolClient (GrpcClientProtocolClient.java:onNext(255)) - client-23C834B07313->edccc055-c3f5-47df-b30f-76e8836f4c59: receive RaftClientReply:client-23C834B07313->edccc055-c3f5-47df-b30f-76e8836f4c59@group-ED32739C8BBB, cid=3390, SUCCESS, logIndex=5118, commits[edccc055-c3f5-47df-b30f-76e8836f4c59:c5118, f9704f82-adf1-457c-ad29-9b573bc67fa6:c5114, 932806d8-5f5d-4457-8f95-c9b7f9036eae:c5114]
2019-08-07 03:27:38,142 INFO  client.GrpcClientProtocolClient (GrpcClientProtocolClient.java:onNext(255)) - client-23C834B07313->edccc055-c3f5-47df-b30f-76e8836f4c59: receive RaftClientReply:client-23C834B07313->edccc055-c3f5-47df-b30f-76e8836f4c59@group-ED32739C8BBB, cid=3391, SUCCESS, logIndex=0, commits[edccc055-c3f5-47df-b30f-76e8836f4c59:c5120, f9704f82-adf1-457c-ad29-9b573bc67fa6:c5118, 932806d8-5f5d-4457-8f95-c9b7f9036eae:c5118]
2019-08-07 03:27:38,168 INFO  client.GrpcClientProtocolClient (GrpcClientProtocolClient.java:onNext(255)) - client-23C834B07313->edccc055-c3f5-47df-b30f-76e8836f4c59: receive RaftClientReply:client-23C834B07313->edccc055-c3f5-47df-b30f-76e8836f4c59@group-ED32739C8BBB, cid=3392, SUCCESS, logIndex=5121, commits[edccc055-c3f5-47df-b30f-76e8836f4c59:c5123, f9704f82-adf1-457c-ad29-9b573bc67fa6:c5120, 932806d8-5f5d-4457-8f95-c9b7f9036eae:c5120]
2019-08-07 03:27:38,168 INFO  client.GrpcClientProtocolClient (GrpcClientProtocolClient.java:onNext(255)) - client-23C834B07313->edccc055-c3f5-47df-b30f-76e8836f4c59: receive RaftClientReply:client-23C834B07313->edccc055-c3f5-47df-b30f-76e8836f4c59@group-ED32739C8BBB, cid=3393, SUCCESS, logIndex=5122, commits[edccc055-c3f5-47df-b30f-76e8836f4c59:c5124, f9704f82-adf1-457c-ad29-9b573bc67fa6:c5120, 932806d8-5f5d-4457-8f95-c9b7f9036eae:c5120]
2019-08-07 03:27:38,168 INFO  client.GrpcClientProtocolClient (GrpcClientProtocolClient.java:onNext(255)) - client-23C834B07313->edccc055-c3f5-47df-b30f-76e8836f4c59: receive RaftClientReply:client-23C834B07313->edccc055-c3f5-47df-b30f-76e8836f4c59@group-ED32739C8BBB, cid=3394, SUCCESS, logIndex=5123, commits[edccc055-c3f5-47df-b30f-76e8836f4c59:c5124, f9704f82-adf1-457c-ad29-9b573bc67fa6:c5120, 932806d8-5f5d-4457-8f95-c9b7f9036eae:c5120]
2019-08-07 03:27:38,168 INFO  client.GrpcClientProtocolClient (GrpcClientProtocolClient.java:onNext(255)) - client-23C834B07313->edccc055-c3f5-47df-b30f-76e8836f4c59: receive RaftClientReply:client-23C834B07313->edccc055-c3f5-47df-b30f-76e8836f4c59@group-ED32739C8BBB, cid=3395, SUCCESS, logIndex=5124, commits[edccc055-c3f5-47df-b30f-76e8836f4c59:c5124, f9704f82-adf1-457c-ad29-9b573bc67fa6:c5120, 932806d8-5f5d-4457-8f95-c9b7f9036eae:c5120]
2019-08-07 03:27:38,170 INFO  client.GrpcClientProtocolClient (GrpcClientProtocolClient.java:onNext(255)) - client-23C834B07313->edccc055-c3f5-47df-b30f-76e8836f4c59: receive RaftClientReply:client-23C834B07313->edccc055-c3f5-47df-b30f-76e8836f4c59@group-ED32739C8BBB, cid=3396, SUCCESS, logIndex=0, commits[edccc055-c3f5-47df-b30f-76e8836f4c59:c5127, f9704f82-adf1-457c-ad29-9b573bc67fa6:c5123, 932806d8-5f5d-4457-8f95-c9b7f9036eae:c5122]
2019-08-07 03:27:38,188 INFO  client.GrpcClientProtocolClient (GrpcClientProtocolClient.java:onNext(255)) - client-23C834B07313->edccc055-c3f5-47df-b30f-76e8836f4c59: receive RaftClientReply:client-23C834B07313->edccc055-c3f5-47df-b30f-76e8836f4c59@group-ED32739C8BBB, cid=3397, SUCCESS, logIndex=5129, commits[edccc055-c3f5-47df-b30f-76e8836f4c59:c5130, f9704f82-adf1-457c-ad29-9b573bc67fa6:c5128, 932806d8-5f5d-4457-8f95-c9b7f9036eae:c5128]
2019-08-07 03:27:38,188 INFO  client.GrpcClientProtocolClient (GrpcClientProtocolClient.java:onNext(255)) - client-23C834B07313->edccc055-c3f5-47df-b30f-76e8836f4c59: receive RaftClientReply:client-23C834B07313->edccc055-c3f5-47df-b30f-76e8836f4c59@group-ED32739C8BBB, cid=3398, SUCCESS, logIndex=5130, commits[edccc055-c3f5-47df-b30f-76e8836f4c59:c5130, f9704f82-adf1-457c-ad29-9b573bc67fa6:c5128, 932806d8-5f5d-4457-8f95-c9b7f9036eae:c5128]
2019-08-07 03:27:38,203 INFO  client.GrpcClientProtocolClient (GrpcClientProtocolClient.java:onNext(255)) - client-23C834B07313->edccc055-c3f5-47df-b30f-76e8836f4c59: receive RaftClientReply:client-23C834B07313->edccc055-c3f5-47df-b30f-76e8836f4c59@group-ED32739C8BBB, cid=3399, SUCCESS, logIndex=5133, commits[edccc055-c3f5-47df-b30f-76e8836f4c59:c5134, f9704f82-adf1-457c-ad29-9b573bc67fa6:c5130, 932806d8-5f5d-4457-8f95-c9b7f9036eae:c5130]
2019-08-07 03:27:38,203 INFO  client.GrpcClientProtocolClient (GrpcClientProtocolClient.java:onNext(255)) - client-23C834B07313->edccc055-c3f5-47df-b30f-76e8836f4c59: receive RaftClientReply:client-23C834B07313->edccc055-c3f5-47df-b30f-76e8836f4c59@group-ED32739C8BBB, cid=3400, SUCCESS, logIndex=5134, commits[edccc055-c3f5-47df-b30f-76e8836f4c59:c5134, f9704f82-adf1-457c-ad29-9b573bc67fa6:c5130, 932806d8-5f5d-4457-8f95-c9b7f9036eae:c5130]
2019-08-07 03:27:38,215 INFO  client.GrpcClientProtocolClient (GrpcClientProtocolClient.java:onNext(255)) - client-23C834B07313->edccc055-c3f5-47df-b30f-76e8836f4c59: receive RaftClientReply:client-23C834B07313->edccc055-c3f5-47df-b30f-76e8836f4c59@group-ED32739C8BBB, cid=3401, SUCCESS, logIndex=0, commits[edccc055-c3f5-47df-b30f-76e8836f4c59:c5135, f9704f82-adf1-457c-ad29-9b573bc67fa6:c5134, 932806d8-5f5d-4457-8f95-c9b7f9036eae:c5134]
2019-08-07 03:27:38,245 INFO  client.GrpcClientProtocolClient (GrpcClientProtocolClient.java:onNext(255)) - client-23C834B07313->edccc055-c3f5-47df-b30f-76e8836f4c59: receive RaftClientReply:client-23C834B07313->edccc055-c3f5-47df-b30f-76e8836f4c59@group-ED32739C8BBB, cid=3402, SUCCESS, logIndex=5137, commits[edccc055-c3f5-47df-b30f-76e8836f4c59:c5138, f9704f82-adf1-457c-ad29-9b573bc67fa6:c5134, 932806d8-5f5d-4457-8f95-c9b7f9036eae:c5136]
2019-08-07 03:27:38,246 INFO  client.GrpcClientProtocolClient (GrpcClientProtocolClient.java:onNext(255)) - client-23C834B07313->edccc055-c3f5-47df-b30f-76e8836f4c59: receive RaftClientReply:client-23C834B07313->edccc055-c3f5-47df-b30f-76e8836f4c59@group-ED32739C8BBB, cid=3403, SUCCESS, logIndex=5138, commits[edccc055-c3f5-47df-b30f-76e8836f4c59:c5138, f9704f82-adf1-457c-ad29-9b573bc67fa6:c5134, 932806d8-5f5d-4457-8f95-c9b7f9036eae:c5136]
2019-08-07 03:27:38,247 INFO  client.GrpcClientProtocolClient (GrpcClientProtocolClient.java:onNext(255)) - client-23C834B07313->edccc055-c3f5-47df-b30f-76e8836f4c59: receive RaftClientReply:client-23C834B07313->edccc055-c3f5-47df-b30f-76e8836f4c59@group-ED32739C8BBB, cid=3404, SUCCESS, logIndex=5139, commits[edccc055-c3f5-47df-b30f-76e8836f4c59:c5140, f9704f82-adf1-457c-ad29-9b573bc67fa6:c5136, 932806d8-5f5d-4457-8f95-c9b7f9036eae:c5136]
2019-08-07 03:27:38,247 INFO  client.GrpcClientProtocolClient (GrpcClientProtocolClient.java:onNext(255)) - client-23C834B07313->edccc055-c3f5-47df-b30f-76e8836f4c59: receive RaftClientReply:client-23C834B07313->edccc055-c3f5-47df-b30f-76e8836f4c59@group-ED32739C8BBB, cid=3405, SUCCESS, logIndex=5140, commits[edccc055-c3f5-47df-b30f-76e8836f4c59:c5140, f9704f82-adf1-457c-ad29-9b573bc67fa6:c5136, 932806d8-5f5d-4457-8f95-c9b7f9036eae:c5136]
2019-08-07 03:27:38,248 INFO  client.GrpcClientProtocolClient (GrpcClientProtocolClient.java:onNext(255)) - client-23C834B07313->edccc055-c3f5-47df-b30f-76e8836f4c59: receive RaftClientReply:client-23C834B07313->edccc055-c3f5-47df-b30f-76e8836f4c59@group-ED32739C8BBB, cid=3406, SUCCESS, logIndex=0, commits[edccc055-c3f5-47df-b30f-76e8836f4c59:c5142, f9704f82-adf1-457c-ad29-9b573bc67fa6:c5138, 932806d8-5f5d-4457-8f95-c9b7f9036eae:c5138]
2019-08-07 03:27:38,262 INFO  client.GrpcClientProtocolClient (GrpcClientProtocolClient.java:onNext(255)) - client-23C834B07313->edccc055-c3f5-47df-b30f-76e8836f4c59: receive RaftClientReply:client-23C834B07313->edccc055-c3f5-47df-b30f-76e8836f4c59@group-ED32739C8BBB, cid=3407, SUCCESS, logIndex=5145, commits[edccc055-c3f5-47df-b30f-76e8836f4c59:c5145, f9704f82-adf1-457c-ad29-9b573bc67fa6:c5142, 932806d8-5f5d-4457-8f95-c9b7f9036eae:c5142]
2019-08-07 03:27:38,263 INFO  client.GrpcClientProtocolClient (GrpcClientProtocolClient.java:onNext(255)) - client-23C834B07313->edccc055-c3f5-47df-b30f-76e8836f4c59: receive RaftClientReply:client-23C834B07313->edccc055-c3f5-47df-b30f-76e8836f4c59@group-ED32739C8BBB, cid=3408, SUCCESS, logIndex=5146, commits[edccc055-c3f5-47df-b30f-76e8836f4c59:c5146, f9704f82-adf1-457c-ad29-9b573bc67fa6:c5142, 932806d8-5f5d-4457-8f95-c9b7f9036eae:c5142]
2019-08-07 03:27:38,276 INFO  client.GrpcClientProtocolClient (GrpcClientProtocolClient.java:onNext(255)) - client-23C834B07313->edccc055-c3f5-47df-b30f-76e8836f4c59: receive RaftClientReply:client-23C834B07313->edccc055-c3f5-47df-b30f-76e8836f4c59@group-ED32739C8BBB, cid=3409, SUCCESS, logIndex=5149, commits[edccc055-c3f5-47df-b30f-76e8836f4c59:c5150, f9704f82-adf1-457c-ad29-9b573bc67fa6:c5146, 932806d8-5f5d-4457-8f95-c9b7f9036eae:c5146]
2019-08-07 03:27:38,276 INFO  client.GrpcClientProtocolClient (GrpcClientProtocolClient.java:onNext(255)) - client-23C834B07313->edccc055-c3f5-47df-b30f-76e8836f4c59: receive RaftClientReply:client-23C834B07313->edccc055-c3f5-47df-b30f-76e8836f4c59@group-ED32739C8BBB, cid=3410, SUCCESS, logIndex=5150, commits[edccc055-c3f5-47df-b30f-76e8836f4c59:c5150, f9704f82-adf1-457c-ad29-9b573bc67fa6:c5146, 932806d8-5f5d-4457-8f95-c9b7f9036eae:c5146]
2019-08-07 03:27:38,301 INFO  client.GrpcClientProtocolClient (GrpcClientProtocolClient.java:onNext(255)) - client-23C834B07313->edccc055-c3f5-47df-b30f-76e8836f4c59: receive RaftClientReply:client-23C834B07313->edccc055-c3f5-47df-b30f-76e8836f4c59@group-ED32739C8BBB, cid=3411, SUCCESS, logIndex=0, commits[edccc055-c3f5-47df-b30f-76e8836f4c59:c5151, f9704f82-adf1-457c-ad29-9b573bc67fa6:c5150, 932806d8-5f5d-4457-8f95-c9b7f9036eae:c5150]
2019-08-07 03:27:38,334 INFO  client.GrpcClientProtocolClient (GrpcClientProtocolClient.java:onNext(255)) - client-23C834B07313->edccc055-c3f5-47df-b30f-76e8836f4c59: receive RaftClientReply:client-23C834B07313->edccc055-c3f5-47df-b30f-76e8836f4c59@group-ED32739C8BBB, cid=3412, SUCCESS, logIndex=5153, commits[edccc055-c3f5-47df-b30f-76e8836f4c59:c5155, f9704f82-adf1-457c-ad29-9b573bc67fa6:c5152, 932806d8-5f5d-4457-8f95-c9b7f9036eae:c5152]
2019-08-07 03:27:38,335 INFO  client.GrpcClientProtocolClient (GrpcClientProtocolClient.java:onNext(255)) - client-23C834B07313->edccc055-c3f5-47df-b30f-76e8836f4c59: receive RaftClientReply:client-23C834B07313->edccc055-c3f5-47df-b30f-76e8836f4c59@group-ED32739C8BBB, cid=3413, SUCCESS, logIndex=5154, commits[edccc055-c3f5-47df-b30f-76e8836f4c59:c5156, f9704f82-adf1-457c-ad29-9b573bc67fa6:c5152, 932806d8-5f5d-4457-8f95-c9b7f9036eae:c5152]
2019-08-07 03:27:38,335 INFO  client.GrpcClientProtocolClient (GrpcClientProtocolClient.java:onNext(255)) - client-23C834B07313->edccc055-c3f5-47df-b30f-76e8836f4c59: receive RaftClientReply:client-23C834B07313->edccc055-c3f5-47df-b30f-76e8836f4c59@group-ED32739C8BBB, cid=3414, SUCCESS, logIndex=5155, commits[edccc055-c3f5-47df-b30f-76e8836f4c59:c5156, f9704f82-adf1-457c-ad29-9b573bc67fa6:c5152, 932806d8-5f5d-4457-8f95-c9b7f9036eae:c5152]
2019-08-07 03:27:38,336 INFO  client.GrpcClientProtocolClient (GrpcClientProtocolClient.java:onNext(255)) - client-23C834B07313->edccc055-c3f5-47df-b30f-76e8836f4c59: receive RaftClientReply:client-23C834B07313->edccc055-c3f5-47df-b30f-76e8836f4c59@group-ED32739C8BBB, cid=3415, SUCCESS, logIndex=5156, commits[edccc055-c3f5-47df-b30f-76e8836f4c59:c5157, f9704f82-adf1-457c-ad29-9b573bc67fa6:c5153, 932806d8-5f5d-4457-8f95-c9b7f9036eae:c5152]
2019-08-07 03:27:38,337 INFO  client.GrpcClientProtocolClient (GrpcClientProtocolClient.java:onNext(255)) - client-23C834B07313->edccc055-c3f5-47df-b30f-76e8836f4c59: receive RaftClientReply:client-23C834B07313->edccc055-c3f5-47df-b30f-76e8836f4c59@group-ED32739C8BBB, cid=3416, SUCCESS, logIndex=0, commits[edccc055-c3f5-47df-b30f-76e8836f4c59:c5160, f9704f82-adf1-457c-ad29-9b573bc67fa6:c5156, 932806d8-5f5d-4457-8f95-c9b7f9036eae:c5154]
2019-08-07 03:27:38,358 INFO  client.GrpcClientProtocolClient (GrpcClientProtocolClient.java:onNext(255)) - client-23C834B07313->edccc055-c3f5-47df-b30f-76e8836f4c59: receive RaftClientReply:client-23C834B07313->edccc055-c3f5-47df-b30f-76e8836f4c59@group-ED32739C8BBB, cid=3417, SUCCESS, logIndex=5161, commits[edccc055-c3f5-47df-b30f-76e8836f4c59:c5162, f9704f82-adf1-457c-ad29-9b573bc67fa6:c5160, 932806d8-5f5d-4457-8f95-c9b7f9036eae:c5160]
2019-08-07 03:27:38,358 INFO  client.GrpcClientProtocolClient (GrpcClientProtocolClient.java:onNext(255)) - client-23C834B07313->edccc055-c3f5-47df-b30f-76e8836f4c59: receive RaftClientReply:client-23C834B07313->edccc055-c3f5-47df-b30f-76e8836f4c59@group-ED32739C8BBB, cid=3418, SUCCESS, logIndex=5162, commits[edccc055-c3f5-47df-b30f-76e8836f4c59:c5162, f9704f82-adf1-457c-ad29-9b573bc67fa6:c5160, 932806d8-5f5d-4457-8f95-c9b7f9036eae:c5160]
2019-08-07 03:27:38,371 INFO  client.GrpcClientProtocolClient (GrpcClientProtocolClient.java:onNext(255)) - client-23C834B07313->edccc055-c3f5-47df-b30f-76e8836f4c59: receive RaftClientReply:client-23C834B07313->edccc055-c3f5-47df-b30f-76e8836f4c59@group-ED32739C8BBB, cid=3419, SUCCESS, logIndex=5165, commits[edccc055-c3f5-47df-b30f-76e8836f4c59:c5166, f9704f82-adf1-457c-ad29-9b573bc67fa6:c5162, 932806d8-5f5d-4457-8f95-c9b7f9036eae:c5162]
2019-08-07 03:27:38,371 INFO  client.GrpcClientProtocolClient (GrpcClientProtocolClient.java:onNext(255)) - client-23C834B07313->edccc055-c3f5-47df-b30f-76e8836f4c59: receive RaftClientReply:client-23C834B07313->edccc055-c3f5-47df-b30f-76e8836f4c59@group-ED32739C8BBB, cid=3420, SUCCESS, logIndex=5166, commits[edccc055-c3f5-47df-b30f-76e8836f4c59:c5166, f9704f82-adf1-457c-ad29-9b573bc67fa6:c5162, 932806d8-5f5d-4457-8f95-c9b7f9036eae:c5162]
2019-08-07 03:27:38,385 INFO  client.GrpcClientProtocolClient (GrpcClientProtocolClient.java:onNext(255)) - client-23C834B07313->edccc055-c3f5-47df-b30f-76e8836f4c59: receive RaftClientReply:client-23C834B07313->edccc055-c3f5-47df-b30f-76e8836f4c59@group-ED32739C8BBB, cid=3421, SUCCESS, logIndex=0, commits[edccc055-c3f5-47df-b30f-76e8836f4c59:c5168, f9704f82-adf1-457c-ad29-9b573bc67fa6:c5166, 932806d8-5f5d-4457-8f95-c9b7f9036eae:c5166]
2019-08-07 03:27:38,421 INFO  client.GrpcClientProtocolClient (GrpcClientProtocolClient.java:onNext(255)) - client-23C834B07313->edccc055-c3f5-47df-b30f-76e8836f4c59: receive RaftClientReply:client-23C834B07313->edccc055-c3f5-47df-b30f-76e8836f4c59@group-ED32739C8BBB, cid=3422, SUCCESS, logIndex=5169, commits[edccc055-c3f5-47df-b30f-76e8836f4c59:c5170, f9704f82-adf1-457c-ad29-9b573bc67fa6:c5168, 932806d8-5f5d-4457-8f95-c9b7f9036eae:c5168]
2019-08-07 03:27:38,422 INFO  client.GrpcClientProtocolClient (GrpcClientProtocolClient.java:onNext(255)) - client-23C834B07313->edccc055-c3f5-47df-b30f-76e8836f4c59: receive RaftClientReply:client-23C834B07313->edccc055-c3f5-47df-b30f-76e8836f4c59@group-ED32739C8BBB, cid=3423, SUCCESS, logIndex=5170, commits[edccc055-c3f5-47df-b30f-76e8836f4c59:c5171, f9704f82-adf1-457c-ad29-9b573bc67fa6:c5168, 932806d8-5f5d-4457-8f95-c9b7f9036eae:c5168]
2019-08-07 03:27:38,422 INFO  client.GrpcClientProtocolClient (GrpcClientProtocolClient.java:onNext(255)) - client-23C834B07313->edccc055-c3f5-47df-b30f-76e8836f4c59: receive RaftClientReply:client-23C834B07313->edccc055-c3f5-47df-b30f-76e8836f4c59@group-ED32739C8BBB, cid=3424, SUCCESS, logIndex=5171, commits[edccc055-c3f5-47df-b30f-76e8836f4c59:c5172, f9704f82-adf1-457c-ad29-9b573bc67fa6:c5168, 932806d8-5f5d-4457-8f95-c9b7f9036eae:c5168]
2019-08-07 03:27:38,423 INFO  client.GrpcClientProtocolClient (GrpcClientProtocolClient.java:onNext(255)) - client-23C834B07313->edccc055-c3f5-47df-b30f-76e8836f4c59: receive RaftClientReply:client-23C834B07313->edccc055-c3f5-47df-b30f-76e8836f4c59@group-ED32739C8BBB, cid=3425, SUCCESS, logIndex=5172, commits[edccc055-c3f5-47df-b30f-76e8836f4c59:c5172, f9704f82-adf1-457c-ad29-9b573bc67fa6:c5168, 932806d8-5f5d-4457-8f95-c9b7f9036eae:c5168]
2019-08-07 03:27:38,424 INFO  client.GrpcClientProtocolClient (GrpcClientProtocolClient.java:onNext(255)) - client-23C834B07313->edccc055-c3f5-47df-b30f-76e8836f4c59: receive RaftClientReply:client-23C834B07313->edccc055-c3f5-47df-b30f-76e8836f4c59@group-ED32739C8BBB, cid=3426, SUCCESS, logIndex=0, commits[edccc055-c3f5-47df-b30f-76e8836f4c59:c5175, f9704f82-adf1-457c-ad29-9b573bc67fa6:c5171, 932806d8-5f5d-4457-8f95-c9b7f9036eae:c5170]
2019-08-07 03:27:38,444 INFO  client.GrpcClientProtocolClient (GrpcClientProtocolClient.java:onNext(255)) - client-23C834B07313->edccc055-c3f5-47df-b30f-76e8836f4c59: receive RaftClientReply:client-23C834B07313->edccc055-c3f5-47df-b30f-76e8836f4c59@group-ED32739C8BBB, cid=3427, SUCCESS, logIndex=5177, commits[edccc055-c3f5-47df-b30f-76e8836f4c59:c5178, f9704f82-adf1-457c-ad29-9b573bc67fa6:c5176, 932806d8-5f5d-4457-8f95-c9b7f9036eae:c5176]
2019-08-07 03:27:38,445 INFO  client.GrpcClientProtocolClient (GrpcClientProtocolClient.java:onNext(255)) - client-23C834B07313->edccc055-c3f5-47df-b30f-76e8836f4c59: receive RaftClientReply:client-23C834B07313->edccc055-c3f5-47df-b30f-76e8836f4c59@group-ED32739C8BBB, cid=3428, SUCCESS, logIndex=5178, commits[edccc055-c3f5-47df-b30f-76e8836f4c59:c5178, f9704f82-adf1-457c-ad29-9b573bc67fa6:c5176, 932806d8-5f5d-4457-8f95-c9b7f9036eae:c5176]
2019-08-07 03:27:38,459 INFO  client.GrpcClientProtocolClient (GrpcClientProtocolClient.java:onNext(255)) - client-23C834B07313->edccc055-c3f5-47df-b30f-76e8836f4c59: receive RaftClientReply:client-23C834B07313->edccc055-c3f5-47df-b30f-76e8836f4c59@group-ED32739C8BBB, cid=3429, SUCCESS, logIndex=5181, commits[edccc055-c3f5-47df-b30f-76e8836f4c59:c5182, f9704f82-adf1-457c-ad29-9b573bc67fa6:c5178, 932806d8-5f5d-4457-8f95-c9b7f9036eae:c5178]
2019-08-07 03:27:38,459 INFO  client.GrpcClientProtocolClient (GrpcClientProtocolClient.java:onNext(255)) - client-23C834B07313->edccc055-c3f5-47df-b30f-76e8836f4c59: receive RaftClientReply:client-23C834B07313->edccc055-c3f5-47df-b30f-76e8836f4c59@group-ED32739C8BBB, cid=3430, SUCCESS, logIndex=5182, commits[edccc055-c3f5-47df-b30f-76e8836f4c59:c5182, f9704f82-adf1-457c-ad29-9b573bc67fa6:c5178, 932806d8-5f5d-4457-8f95-c9b7f9036eae:c5178]
2019-08-07 03:27:38,470 INFO  client.GrpcClientProtocolClient (GrpcClientProtocolClient.java:onNext(255)) - client-23C834B07313->edccc055-c3f5-47df-b30f-76e8836f4c59: receive RaftClientReply:client-23C834B07313->edccc055-c3f5-47df-b30f-76e8836f4c59@group-ED32739C8BBB, cid=3431, SUCCESS, logIndex=0, commits[edccc055-c3f5-47df-b30f-76e8836f4c59:c5183, f9704f82-adf1-457c-ad29-9b573bc67fa6:c5182, 932806d8-5f5d-4457-8f95-c9b7f9036eae:c5182]
2019-08-07 03:27:38,506 INFO  client.GrpcClientProtocolClient (GrpcClientProtocolClient.java:onNext(255)) - client-23C834B07313->edccc055-c3f5-47df-b30f-76e8836f4c59: receive RaftClientReply:client-23C834B07313->edccc055-c3f5-47df-b30f-76e8836f4c59@group-ED32739C8BBB, cid=3432, SUCCESS, logIndex=5185, commits[edccc055-c3f5-47df-b30f-76e8836f4c59:c5186, f9704f82-adf1-457c-ad29-9b573bc67fa6:c5184, 932806d8-5f5d-4457-8f95-c9b7f9036eae:c5184]
2019-08-07 03:27:38,507 INFO  client.GrpcClientProtocolClient (GrpcClientProtocolClient.java:onNext(255)) - client-23C834B07313->edccc055-c3f5-47df-b30f-76e8836f4c59: receive RaftClientReply:client-23C834B07313->edccc055-c3f5-47df-b30f-76e8836f4c59@group-ED32739C8BBB, cid=3433, SUCCESS, logIndex=5186, commits[edccc055-c3f5-47df-b30f-76e8836f4c59:c5188, f9704f82-adf1-457c-ad29-9b573bc67fa6:c5184, 932806d8-5f5d-4457-8f95-c9b7f9036eae:c5184]
2019-08-07 03:27:38,507 INFO  client.GrpcClientProtocolClient (GrpcClientProtocolClient.java:onNext(255)) - client-23C834B07313->edccc055-c3f5-47df-b30f-76e8836f4c59: receive RaftClientReply:client-23C834B07313->edccc055-c3f5-47df-b30f-76e8836f4c59@group-ED32739C8BBB, cid=3434, SUCCESS, logIndex=5187, commits[edccc055-c3f5-47df-b30f-76e8836f4c59:c5188, f9704f82-adf1-457c-ad29-9b573bc67fa6:c5184, 932806d8-5f5d-4457-8f95-c9b7f9036eae:c5184]
2019-08-07 03:27:38,507 INFO  client.GrpcClientProtocolClient (GrpcClientProtocolClient.java:onNext(255)) - client-23C834B07313->edccc055-c3f5-47df-b30f-76e8836f4c59: receive RaftClientReply:client-23C834B07313->edccc055-c3f5-47df-b30f-76e8836f4c59@group-ED32739C8BBB, cid=3435, SUCCESS, logIndex=5188, commits[edccc055-c3f5-47df-b30f-76e8836f4c59:c5188, f9704f82-adf1-457c-ad29-9b573bc67fa6:c5184, 932806d8-5f5d-4457-8f95-c9b7f9036eae:c5184]
2019-08-07 03:27:38,509 INFO  client.GrpcClientProtocolClient (GrpcClientProtocolClient.java:onNext(255)) - client-23C834B07313->edccc055-c3f5-47df-b30f-76e8836f4c59: receive RaftClientReply:client-23C834B07313->edccc055-c3f5-47df-b30f-76e8836f4c59@group-ED32739C8BBB, cid=3436, SUCCESS, logIndex=0, commits[edccc055-c3f5-47df-b30f-76e8836f4c59:c5190, f9704f82-adf1-457c-ad29-9b573bc67fa6:c5186, 932806d8-5f5d-4457-8f95-c9b7f9036eae:c5186]
2019-08-07 03:27:38,529 INFO  client.GrpcClientProtocolClient (GrpcClientProtocolClient.java:onNext(255)) - client-23C834B07313->edccc055-c3f5-47df-b30f-76e8836f4c59: receive RaftClientReply:client-23C834B07313->edccc055-c3f5-47df-b30f-76e8836f4c59@group-ED32739C8BBB, cid=3437, SUCCESS, logIndex=5193, commits[edccc055-c3f5-47df-b30f-76e8836f4c59:c5194, f9704f82-adf1-457c-ad29-9b573bc67fa6:c5192, 932806d8-5f5d-4457-8f95-c9b7f9036eae:c5192]
2019-08-07 03:27:38,530 INFO  client.GrpcClientProtocolClient (GrpcClientProtocolClient.java:onNext(255)) - client-23C834B07313->edccc055-c3f5-47df-b30f-76e8836f4c59: receive RaftClientReply:client-23C834B07313->edccc055-c3f5-47df-b30f-76e8836f4c59@group-ED32739C8BBB, cid=3438, SUCCESS, logIndex=5194, commits[edccc055-c3f5-47df-b30f-76e8836f4c59:c5194, f9704f82-adf1-457c-ad29-9b573bc67fa6:c5192, 932806d8-5f5d-4457-8f95-c9b7f9036eae:c5192]
2019-08-07 03:27:38,557 INFO  client.GrpcClientProtocolClient (GrpcClientProtocolClient.java:onNext(255)) - client-23C834B07313->edccc055-c3f5-47df-b30f-76e8836f4c59: receive RaftClientReply:client-23C834B07313->edccc055-c3f5-47df-b30f-76e8836f4c59@group-ED32739C8BBB, cid=3439, SUCCESS, logIndex=5197, commits[edccc055-c3f5-47df-b30f-76e8836f4c59:c5198, f9704f82-adf1-457c-ad29-9b573bc67fa6:c5194, 932806d8-5f5d-4457-8f95-c9b7f9036eae:c5194]
2019-08-07 03:27:38,557 INFO  client.GrpcClientProtocolClient (GrpcClientProtocolClient.java:onNext(255)) - client-23C834B07313->edccc055-c3f5-47df-b30f-76e8836f4c59: receive RaftClientReply:client-23C834B07313->edccc055-c3f5-47df-b30f-76e8836f4c59@group-ED32739C8BBB, cid=3440, SUCCESS, logIndex=5198, commits[edccc055-c3f5-47df-b30f-76e8836f4c59:c5198, f9704f82-adf1-457c-ad29-9b573bc67fa6:c5194, 932806d8-5f5d-4457-8f95-c9b7f9036eae:c5194]
2019-08-07 03:27:38,560 INFO  client.GrpcClientProtocolClient (GrpcClientProtocolClient.java:onNext(255)) - client-23C834B07313->edccc055-c3f5-47df-b30f-76e8836f4c59: receive RaftClientReply:client-23C834B07313->edccc055-c3f5-47df-b30f-76e8836f4c59@group-ED32739C8BBB, cid=3441, SUCCESS, logIndex=0, commits[edccc055-c3f5-47df-b30f-76e8836f4c59:c5200, f9704f82-adf1-457c-ad29-9b573bc67fa6:c5198, 932806d8-5f5d-4457-8f95-c9b7f9036eae:c5198]
2019-08-07 03:27:38,597 INFO  client.GrpcClientProtocolClient (GrpcClientProtocolClient.java:onNext(255)) - client-23C834B07313->edccc055-c3f5-47df-b30f-76e8836f4c59: receive RaftClientReply:client-23C834B07313->edccc055-c3f5-47df-b30f-76e8836f4c59@group-ED32739C8BBB, cid=3442, SUCCESS, logIndex=5201, commits[edccc055-c3f5-47df-b30f-76e8836f4c59:c5202, f9704f82-adf1-457c-ad29-9b573bc67fa6:c5200, 932806d8-5f5d-4457-8f95-c9b7f9036eae:c5200]
2019-08-07 03:27:38,598 INFO  client.GrpcClientProtocolClient (GrpcClientProtocolClient.java:onNext(255)) - client-23C834B07313->edccc055-c3f5-47df-b30f-76e8836f4c59: receive RaftClientReply:client-23C834B07313->edccc055-c3f5-47df-b30f-76e8836f4c59@group-ED32739C8BBB, cid=3443, SUCCESS, logIndex=5202, commits[edccc055-c3f5-47df-b30f-76e8836f4c59:c5204, f9704f82-adf1-457c-ad29-9b573bc67fa6:c5200, 932806d8-5f5d-4457-8f95-c9b7f9036eae:c5200]
2019-08-07 03:27:38,598 INFO  client.GrpcClientProtocolClient (GrpcClientProtocolClient.java:onNext(255)) - client-23C834B07313->edccc055-c3f5-47df-b30f-76e8836f4c59: receive RaftClientReply:client-23C834B07313->edccc055-c3f5-47df-b30f-76e8836f4c59@group-ED32739C8BBB, cid=3444, SUCCESS, logIndex=5203, commits[edccc055-c3f5-47df-b30f-76e8836f4c59:c5204, f9704f82-adf1-457c-ad29-9b573bc67fa6:c5200, 932806d8-5f5d-4457-8f95-c9b7f9036eae:c5200]
2019-08-07 03:27:38,599 INFO  client.GrpcClientProtocolClient (GrpcClientProtocolClient.java:onNext(255)) - client-23C834B07313->edccc055-c3f5-47df-b30f-76e8836f4c59: receive RaftClientReply:client-23C834B07313->edccc055-c3f5-47df-b30f-76e8836f4c59@group-ED32739C8BBB, cid=3445, SUCCESS, logIndex=5204, commits[edccc055-c3f5-47df-b30f-76e8836f4c59:c5204, f9704f82-adf1-457c-ad29-9b573bc67fa6:c5200, 932806d8-5f5d-4457-8f95-c9b7f9036eae:c5200]
2019-08-07 03:27:38,601 INFO  client.GrpcClientProtocolClient (GrpcClientProtocolClient.java:onNext(255)) - client-23C834B07313->edccc055-c3f5-47df-b30f-76e8836f4c59: receive RaftClientReply:client-23C834B07313->edccc055-c3f5-47df-b30f-76e8836f4c59@group-ED32739C8BBB, cid=3446, SUCCESS, logIndex=0, commits[edccc055-c3f5-47df-b30f-76e8836f4c59:c5206, f9704f82-adf1-457c-ad29-9b573bc67fa6:c5202, 932806d8-5f5d-4457-8f95-c9b7f9036eae:c5202]
2019-08-07 03:27:38,620 INFO  client.GrpcClientProtocolClient (GrpcClientProtocolClient.java:onNext(255)) - client-23C834B07313->edccc055-c3f5-47df-b30f-76e8836f4c59: receive RaftClientReply:client-23C834B07313->edccc055-c3f5-47df-b30f-76e8836f4c59@group-ED32739C8BBB, cid=3447, SUCCESS, logIndex=5208, commits[edccc055-c3f5-47df-b30f-76e8836f4c59:c5209, f9704f82-adf1-457c-ad29-9b573bc67fa6:c5207, 932806d8-5f5d-4457-8f95-c9b7f9036eae:c5207]
2019-08-07 03:27:38,621 INFO  client.GrpcClientProtocolClient (GrpcClientProtocolClient.java:onNext(255)) - client-23C834B07313->edccc055-c3f5-47df-b30f-76e8836f4c59: receive RaftClientReply:client-23C834B07313->edccc055-c3f5-47df-b30f-76e8836f4c59@group-ED32739C8BBB, cid=3448, SUCCESS, logIndex=5209, commits[edccc055-c3f5-47df-b30f-76e8836f4c59:c5209, f9704f82-adf1-457c-ad29-9b573bc67fa6:c5207, 932806d8-5f5d-4457-8f95-c9b7f9036eae:c5207]
2019-08-07 03:27:38,748 INFO  client.GrpcClientProtocolClient (GrpcClientProtocolClient.java:onNext(255)) - client-23C834B07313->edccc055-c3f5-47df-b30f-76e8836f4c59: receive RaftClientReply:client-23C834B07313->edccc055-c3f5-47df-b30f-76e8836f4c59@group-ED32739C8BBB, cid=3449, SUCCESS, logIndex=5212, commits[edccc055-c3f5-47df-b30f-76e8836f4c59:c5213, f9704f82-adf1-457c-ad29-9b573bc67fa6:c5210, 932806d8-5f5d-4457-8f95-c9b7f9036eae:c5210]
2019-08-07 03:27:38,749 INFO  client.GrpcClientProtocolClient (GrpcClientProtocolClient.java:onNext(255)) - client-23C834B07313->edccc055-c3f5-47df-b30f-76e8836f4c59: receive RaftClientReply:client-23C834B07313->edccc055-c3f5-47df-b30f-76e8836f4c59@group-ED32739C8BBB, cid=3450, SUCCESS, logIndex=5213, commits[edccc055-c3f5-47df-b30f-76e8836f4c59:c5213, f9704f82-adf1-457c-ad29-9b573bc67fa6:c5210, 932806d8-5f5d-4457-8f95-c9b7f9036eae:c5210]
2019-08-07 03:27:38,762 INFO  client.GrpcClientProtocolClient (GrpcClientProtocolClient.java:onNext(255)) - client-23C834B07313->edccc055-c3f5-47df-b30f-76e8836f4c59: receive RaftClientReply:client-23C834B07313->edccc055-c3f5-47df-b30f-76e8836f4c59@group-ED32739C8BBB, cid=3451, SUCCESS, logIndex=0, commits[edccc055-c3f5-47df-b30f-76e8836f4c59:c5214, f9704f82-adf1-457c-ad29-9b573bc67fa6:c5213, 932806d8-5f5d-4457-8f95-c9b7f9036eae:c5213]
2019-08-07 03:27:38,798 INFO  client.GrpcClientProtocolClient (GrpcClientProtocolClient.java:onNext(255)) - client-23C834B07313->edccc055-c3f5-47df-b30f-76e8836f4c59: receive RaftClientReply:client-23C834B07313->edccc055-c3f5-47df-b30f-76e8836f4c59@group-ED32739C8BBB, cid=3452, SUCCESS, logIndex=5216, commits[edccc055-c3f5-47df-b30f-76e8836f4c59:c5217, f9704f82-adf1-457c-ad29-9b573bc67fa6:c5215, 932806d8-5f5d-4457-8f95-c9b7f9036eae:c5215]
2019-08-07 03:27:38,799 INFO  client.GrpcClientProtocolClient (GrpcClientProtocolClient.java:onNext(255)) - client-23C834B07313->edccc055-c3f5-47df-b30f-76e8836f4c59: receive RaftClientReply:client-23C834B07313->edccc055-c3f5-47df-b30f-76e8836f4c59@group-ED32739C8BBB, cid=3453, SUCCESS, logIndex=5217, commits[edccc055-c3f5-47df-b30f-76e8836f4c59:c5219, f9704f82-adf1-457c-ad29-9b573bc67fa6:c5215, 932806d8-5f5d-4457-8f95-c9b7f9036eae:c5215]
2019-08-07 03:27:38,799 INFO  client.GrpcClientProtocolClient (GrpcClientProtocolClient.java:onNext(255)) - client-23C834B07313->edccc055-c3f5-47df-b30f-76e8836f4c59: receive RaftClientReply:client-23C834B07313->edccc055-c3f5-47df-b30f-76e8836f4c59@group-ED32739C8BBB, cid=3454, SUCCESS, logIndex=5218, commits[edccc055-c3f5-47df-b30f-76e8836f4c59:c5219, f9704f82-adf1-457c-ad29-9b573bc67fa6:c5215, 932806d8-5f5d-4457-8f95-c9b7f9036eae:c5215]
2019-08-07 03:27:38,799 INFO  client.GrpcClientProtocolClient (GrpcClientProtocolClient.java:onNext(255)) - client-23C834B07313->edccc055-c3f5-47df-b30f-76e8836f4c59: receive RaftClientReply:client-23C834B07313->edccc055-c3f5-47df-b30f-76e8836f4c59@group-ED32739C8BBB, cid=3455, SUCCESS, logIndex=5219, commits[edccc055-c3f5-47df-b30f-76e8836f4c59:c5219, f9704f82-adf1-457c-ad29-9b573bc67fa6:c5215, 932806d8-5f5d-4457-8f95-c9b7f9036eae:c5215]
2019-08-07 03:27:38,811 INFO  client.GrpcClientProtocolClient (GrpcClientProtocolClient.java:onNext(255)) - client-23C834B07313->edccc055-c3f5-47df-b30f-76e8836f4c59: receive RaftClientReply:client-23C834B07313->edccc055-c3f5-47df-b30f-76e8836f4c59@group-ED32739C8BBB, cid=3456, SUCCESS, logIndex=0, commits[edccc055-c3f5-47df-b30f-76e8836f4c59:c5221, f9704f82-adf1-457c-ad29-9b573bc67fa6:c5217, 932806d8-5f5d-4457-8f95-c9b7f9036eae:c5217]
2019-08-07 03:27:38,830 INFO  client.GrpcClientProtocolClient (GrpcClientProtocolClient.java:onNext(255)) - client-23C834B07313->edccc055-c3f5-47df-b30f-76e8836f4c59: receive RaftClientReply:client-23C834B07313->edccc055-c3f5-47df-b30f-76e8836f4c59@group-ED32739C8BBB, cid=3457, SUCCESS, logIndex=5224, commits[edccc055-c3f5-47df-b30f-76e8836f4c59:c5225, f9704f82-adf1-457c-ad29-9b573bc67fa6:c5223, 932806d8-5f5d-4457-8f95-c9b7f9036eae:c5223]
2019-08-07 03:27:38,831 INFO  client.GrpcClientProtocolClient (GrpcClientProtocolClient.java:onNext(255)) - client-23C834B07313->edccc055-c3f5-47df-b30f-76e8836f4c59: receive RaftClientReply:client-23C834B07313->edccc055-c3f5-47df-b30f-76e8836f4c59@group-ED32739C8BBB, cid=3458, SUCCESS, logIndex=5225, commits[edccc055-c3f5-47df-b30f-76e8836f4c59:c5225, f9704f82-adf1-457c-ad29-9b573bc67fa6:c5223, 932806d8-5f5d-4457-8f95-c9b7f9036eae:c5223]
2019-08-07 03:27:38,845 INFO  client.GrpcClientProtocolClient (GrpcClientProtocolClient.java:onNext(255)) - client-23C834B07313->edccc055-c3f5-47df-b30f-76e8836f4c59: receive RaftClientReply:client-23C834B07313->edccc055-c3f5-47df-b30f-76e8836f4c59@group-ED32739C8BBB, cid=3459, SUCCESS, logIndex=5228, commits[edccc055-c3f5-47df-b30f-76e8836f4c59:c5229, f9704f82-adf1-457c-ad29-9b573bc67fa6:c5225, 932806d8-5f5d-4457-8f95-c9b7f9036eae:c5225]
2019-08-07 03:27:38,846 INFO  client.GrpcClientProtocolClient (GrpcClientProtocolClient.java:onNext(255)) - client-23C834B07313->edccc055-c3f5-47df-b30f-76e8836f4c59: receive RaftClientReply:client-23C834B07313->edccc055-c3f5-47df-b30f-76e8836f4c59@group-ED32739C8BBB, cid=3460, SUCCESS, logIndex=5229, commits[edccc055-c3f5-47df-b30f-76e8836f4c59:c5229, f9704f82-adf1-457c-ad29-9b573bc67fa6:c5225, 932806d8-5f5d-4457-8f95-c9b7f9036eae:c5225]
2019-08-07 03:27:38,860 INFO  client.GrpcClientProtocolClient (GrpcClientProtocolClient.java:onNext(255)) - client-23C834B07313->edccc055-c3f5-47df-b30f-76e8836f4c59: receive RaftClientReply:client-23C834B07313->edccc055-c3f5-47df-b30f-76e8836f4c59@group-ED32739C8BBB, cid=3461, SUCCESS, logIndex=0, commits[edccc055-c3f5-47df-b30f-76e8836f4c59:c5231, f9704f82-adf1-457c-ad29-9b573bc67fa6:c5229, 932806d8-5f5d-4457-8f95-c9b7f9036eae:c5229]
2019-08-07 03:27:38,892 INFO  client.GrpcClientProtocolClient (GrpcClientProtocolClient.java:onNext(255)) - client-23C834B07313->edccc055-c3f5-47df-b30f-76e8836f4c59: receive RaftClientReply:client-23C834B07313->edccc055-c3f5-47df-b30f-76e8836f4c59@group-ED32739C8BBB, cid=3462, SUCCESS, logIndex=5232, commits[edccc055-c3f5-47df-b30f-76e8836f4c59:c5234, f9704f82-adf1-457c-ad29-9b573bc67fa6:c5231, 932806d8-5f5d-4457-8f95-c9b7f9036eae:c5231]
2019-08-07 03:27:38,892 INFO  client.GrpcClientProtocolClient (GrpcClientProtocolClient.java:onNext(255)) - client-23C834B07313->edccc055-c3f5-47df-b30f-76e8836f4c59: receive RaftClientReply:client-23C834B07313->edccc055-c3f5-47df-b30f-76e8836f4c59@group-ED32739C8BBB, cid=3463, SUCCESS, logIndex=5233, commits[edccc055-c3f5-47df-b30f-76e8836f4c59:c5235, f9704f82-adf1-457c-ad29-9b573bc67fa6:c5231, 932806d8-5f5d-4457-8f95-c9b7f9036eae:c5231]
2019-08-07 03:27:38,893 INFO  client.GrpcClientProtocolClient (GrpcClientProtocolClient.java:onNext(255)) - client-23C834B07313->edccc055-c3f5-47df-b30f-76e8836f4c59: receive RaftClientReply:client-23C834B07313->edccc055-c3f5-47df-b30f-76e8836f4c59@group-ED32739C8BBB, cid=3464, SUCCESS, logIndex=5234, commits[edccc055-c3f5-47df-b30f-76e8836f4c59:c5235, f9704f82-adf1-457c-ad29-9b573bc67fa6:c5231, 932806d8-5f5d-4457-8f95-c9b7f9036eae:c5231]
2019-08-07 03:27:38,893 INFO  client.GrpcClientProtocolClient (GrpcClientProtocolClient.java:onNext(255)) - client-23C834B07313->edccc055-c3f5-47df-b30f-76e8836f4c59: receive RaftClientReply:client-23C834B07313->edccc055-c3f5-47df-b30f-76e8836f4c59@group-ED32739C8BBB, cid=3465, SUCCESS, logIndex=5235, commits[edccc055-c3f5-47df-b30f-76e8836f4c59:c5235, f9704f82-adf1-457c-ad29-9b573bc67fa6:c5231, 932806d8-5f5d-4457-8f95-c9b7f9036eae:c5231]
2019-08-07 03:27:38,904 INFO  client.GrpcClientProtocolClient (GrpcClientProtocolClient.java:onNext(255)) - client-23C834B07313->edccc055-c3f5-47df-b30f-76e8836f4c59: receive RaftClientReply:client-23C834B07313->edccc055-c3f5-47df-b30f-76e8836f4c59@group-ED32739C8BBB, cid=3466, SUCCESS, logIndex=0, commits[edccc055-c3f5-47df-b30f-76e8836f4c59:c5237, f9704f82-adf1-457c-ad29-9b573bc67fa6:c5233, 932806d8-5f5d-4457-8f95-c9b7f9036eae:c5233]
2019-08-07 03:27:38,922 INFO  client.GrpcClientProtocolClient (GrpcClientProtocolClient.java:onNext(255)) - client-23C834B07313->edccc055-c3f5-47df-b30f-76e8836f4c59: receive RaftClientReply:client-23C834B07313->edccc055-c3f5-47df-b30f-76e8836f4c59@group-ED32739C8BBB, cid=3467, SUCCESS, logIndex=5240, commits[edccc055-c3f5-47df-b30f-76e8836f4c59:c5241, f9704f82-adf1-457c-ad29-9b573bc67fa6:c5239, 932806d8-5f5d-4457-8f95-c9b7f9036eae:c5239]
2019-08-07 03:27:38,923 INFO  client.GrpcClientProtocolClient (GrpcClientProtocolClient.java:onNext(255)) - client-23C834B07313->edccc055-c3f5-47df-b30f-76e8836f4c59: receive RaftClientReply:client-23C834B07313->edccc055-c3f5-47df-b30f-76e8836f4c59@group-ED32739C8BBB, cid=3468, SUCCESS, logIndex=5241, commits[edccc055-c3f5-47df-b30f-76e8836f4c59:c5241, f9704f82-adf1-457c-ad29-9b573bc67fa6:c5239, 932806d8-5f5d-4457-8f95-c9b7f9036eae:c5239]
2019-08-07 03:27:38,939 INFO  client.GrpcClientProtocolClient (GrpcClientProtocolClient.java:onNext(255)) - client-23C834B07313->edccc055-c3f5-47df-b30f-76e8836f4c59: receive RaftClientReply:client-23C834B07313->edccc055-c3f5-47df-b30f-76e8836f4c59@group-ED32739C8BBB, cid=3469, SUCCESS, logIndex=5244, commits[edccc055-c3f5-47df-b30f-76e8836f4c59:c5244, f9704f82-adf1-457c-ad29-9b573bc67fa6:c5241, 932806d8-5f5d-4457-8f95-c9b7f9036eae:c5241]
2019-08-07 03:27:38,939 INFO  client.GrpcClientProtocolClient (GrpcClientProtocolClient.java:onNext(255)) - client-23C834B07313->edccc055-c3f5-47df-b30f-76e8836f4c59: receive RaftClientReply:client-23C834B07313->edccc055-c3f5-47df-b30f-76e8836f4c59@group-ED32739C8BBB, cid=3470, SUCCESS, logIndex=5245, commits[edccc055-c3f5-47df-b30f-76e8836f4c59:c5245, f9704f82-adf1-457c-ad29-9b573bc67fa6:c5241, 932806d8-5f5d-4457-8f95-c9b7f9036eae:c5241]
2019-08-07 03:27:38,953 INFO  client.GrpcClientProtocolClient (GrpcClientProtocolClient.java:onNext(255)) - client-23C834B07313->edccc055-c3f5-47df-b30f-76e8836f4c59: receive RaftClientReply:client-23C834B07313->edccc055-c3f5-47df-b30f-76e8836f4c59@group-ED32739C8BBB, cid=3471, SUCCESS, logIndex=0, commits[edccc055-c3f5-47df-b30f-76e8836f4c59:c5247, f9704f82-adf1-457c-ad29-9b573bc67fa6:c5245, 932806d8-5f5d-4457-8f95-c9b7f9036eae:c5245]
 0.00% |█                                                                                                    |  0/1 Time: 0:00:342019-08-07 03:27:38,992 INFO  client.GrpcClientProtocolClient (GrpcClientProtocolClient.java:onNext(255)) - client-23C834B07313->edccc055-c3f5-47df-b30f-76e8836f4c59: receive RaftClientReply:client-23C834B07313->edccc055-c3f5-47df-b30f-76e8836f4c59@group-ED32739C8BBB, cid=3472, SUCCESS, logIndex=5248, commits[edccc055-c3f5-47df-b30f-76e8836f4c59:c5250, f9704f82-adf1-457c-ad29-9b573bc67fa6:c5247, 932806d8-5f5d-4457-8f95-c9b7f9036eae:c5247]
2019-08-07 03:27:38,992 INFO  client.GrpcClientProtocolClient (GrpcClientProtocolClient.java:onNext(255)) - client-23C834B07313->edccc055-c3f5-47df-b30f-76e8836f4c59: receive RaftClientReply:client-23C834B07313->edccc055-c3f5-47df-b30f-76e8836f4c59@group-ED32739C8BBB, cid=3473, SUCCESS, logIndex=5249, commits[edccc055-c3f5-47df-b30f-76e8836f4c59:c5251, f9704f82-adf1-457c-ad29-9b573bc67fa6:c5247, 932806d8-5f5d-4457-8f95-c9b7f9036eae:c5247]
2019-08-07 03:27:38,992 INFO  client.GrpcClientProtocolClient (GrpcClientProtocolClient.java:onNext(255)) - client-23C834B07313->edccc055-c3f5-47df-b30f-76e8836f4c59: receive RaftClientReply:client-23C834B07313->edccc055-c3f5-47df-b30f-76e8836f4c59@group-ED32739C8BBB, cid=3474, SUCCESS, logIndex=5250, commits[edccc055-c3f5-47df-b30f-76e8836f4c59:c5251, f9704f82-adf1-457c-ad29-9b573bc67fa6:c5247, 932806d8-5f5d-4457-8f95-c9b7f9036eae:c5247]
2019-08-07 03:27:38,992 INFO  client.GrpcClientProtocolClient (GrpcClientProtocolClient.java:onNext(255)) - client-23C834B07313->edccc055-c3f5-47df-b30f-76e8836f4c59: receive RaftClientReply:client-23C834B07313->edccc055-c3f5-47df-b30f-76e8836f4c59@group-ED32739C8BBB, cid=3475, SUCCESS, logIndex=5251, commits[edccc055-c3f5-47df-b30f-76e8836f4c59:c5251, f9704f82-adf1-457c-ad29-9b573bc67fa6:c5247, 932806d8-5f5d-4457-8f95-c9b7f9036eae:c5247]
2019-08-07 03:27:39,003 INFO  client.GrpcClientProtocolClient (GrpcClientProtocolClient.java:onNext(255)) - client-23C834B07313->edccc055-c3f5-47df-b30f-76e8836f4c59: receive RaftClientReply:client-23C834B07313->edccc055-c3f5-47df-b30f-76e8836f4c59@group-ED32739C8BBB, cid=3476, SUCCESS, logIndex=0, commits[edccc055-c3f5-47df-b30f-76e8836f4c59:c5252, f9704f82-adf1-457c-ad29-9b573bc67fa6:c5249, 932806d8-5f5d-4457-8f95-c9b7f9036eae:c5249]
2019-08-07 03:27:39,023 INFO  client.GrpcClientProtocolClient (GrpcClientProtocolClient.java:onNext(255)) - client-23C834B07313->edccc055-c3f5-47df-b30f-76e8836f4c59: receive RaftClientReply:client-23C834B07313->edccc055-c3f5-47df-b30f-76e8836f4c59@group-ED32739C8BBB, cid=3477, SUCCESS, logIndex=5256, commits[edccc055-c3f5-47df-b30f-76e8836f4c59:c5256, f9704f82-adf1-457c-ad29-9b573bc67fa6:c5255, 932806d8-5f5d-4457-8f95-c9b7f9036eae:c5255]
2019-08-07 03:27:39,023 INFO  client.GrpcClientProtocolClient (GrpcClientProtocolClient.java:onNext(255)) - client-23C834B07313->edccc055-c3f5-47df-b30f-76e8836f4c59: receive RaftClientReply:client-23C834B07313->edccc055-c3f5-47df-b30f-76e8836f4c59@group-ED32739C8BBB, cid=3478, SUCCESS, logIndex=5257, commits[edccc055-c3f5-47df-b30f-76e8836f4c59:c5257, f9704f82-adf1-457c-ad29-9b573bc67fa6:c5255, 932806d8-5f5d-4457-8f95-c9b7f9036eae:c5255]
2019-08-07 03:27:39,037 INFO  client.GrpcClientProtocolClient (GrpcClientProtocolClient.java:onNext(255)) - client-23C834B07313->edccc055-c3f5-47df-b30f-76e8836f4c59: receive RaftClientReply:client-23C834B07313->edccc055-c3f5-47df-b30f-76e8836f4c59@group-ED32739C8BBB, cid=3479, SUCCESS, logIndex=5260, commits[edccc055-c3f5-47df-b30f-76e8836f4c59:c5260, f9704f82-adf1-457c-ad29-9b573bc67fa6:c5257, 932806d8-5f5d-4457-8f95-c9b7f9036eae:c5257]
2019-08-07 03:27:39,038 INFO  client.GrpcClientProtocolClient (GrpcClientProtocolClient.java:onNext(255)) - client-23C834B07313->edccc055-c3f5-47df-b30f-76e8836f4c59: receive RaftClientReply:client-23C834B07313->edccc055-c3f5-47df-b30f-76e8836f4c59@group-ED32739C8BBB, cid=3480, SUCCESS, logIndex=5261, commits[edccc055-c3f5-47df-b30f-76e8836f4c59:c5261, f9704f82-adf1-457c-ad29-9b573bc67fa6:c5257, 932806d8-5f5d-4457-8f95-c9b7f9036eae:c5257]
2019-08-07 03:27:39,065 INFO  client.GrpcClientProtocolClient (GrpcClientProtocolClient.java:onNext(255)) - client-23C834B07313->edccc055-c3f5-47df-b30f-76e8836f4c59: receive RaftClientReply:client-23C834B07313->edccc055-c3f5-47df-b30f-76e8836f4c59@group-ED32739C8BBB, cid=3481, SUCCESS, logIndex=0, commits[edccc055-c3f5-47df-b30f-76e8836f4c59:c5263, f9704f82-adf1-457c-ad29-9b573bc67fa6:c5261, 932806d8-5f5d-4457-8f95-c9b7f9036eae:c5261]
2019-08-07 03:27:39,100 INFO  client.GrpcClientProtocolClient (GrpcClientProtocolClient.java:onNext(255)) - client-23C834B07313->edccc055-c3f5-47df-b30f-76e8836f4c59: receive RaftClientReply:client-23C834B07313->edccc055-c3f5-47df-b30f-76e8836f4c59@group-ED32739C8BBB, cid=3482, SUCCESS, logIndex=5264, commits[edccc055-c3f5-47df-b30f-76e8836f4c59:c5265, f9704f82-adf1-457c-ad29-9b573bc67fa6:c5263, 932806d8-5f5d-4457-8f95-c9b7f9036eae:c5263]
2019-08-07 03:27:39,101 INFO  client.GrpcClientProtocolClient (GrpcClientProtocolClient.java:onNext(255)) - client-23C834B07313->edccc055-c3f5-47df-b30f-76e8836f4c59: receive RaftClientReply:client-23C834B07313->edccc055-c3f5-47df-b30f-76e8836f4c59@group-ED32739C8BBB, cid=3483, SUCCESS, logIndex=5265, commits[edccc055-c3f5-47df-b30f-76e8836f4c59:c5267, f9704f82-adf1-457c-ad29-9b573bc67fa6:c5263, 932806d8-5f5d-4457-8f95-c9b7f9036eae:c5263]
2019-08-07 03:27:39,101 INFO  client.GrpcClientProtocolClient (GrpcClientProtocolClient.java:onNext(255)) - client-23C834B07313->edccc055-c3f5-47df-b30f-76e8836f4c59: receive RaftClientReply:client-23C834B07313->edccc055-c3f5-47df-b30f-76e8836f4c59@group-ED32739C8BBB, cid=3484, SUCCESS, logIndex=5266, commits[edccc055-c3f5-47df-b30f-76e8836f4c59:c5267, f9704f82-adf1-457c-ad29-9b573bc67fa6:c5263, 932806d8-5f5d-4457-8f95-c9b7f9036eae:c5263]
2019-08-07 03:27:39,102 INFO  client.GrpcClientProtocolClient (GrpcClientProtocolClient.java:onNext(255)) - client-23C834B07313->edccc055-c3f5-47df-b30f-76e8836f4c59: receive RaftClientReply:client-23C834B07313->edccc055-c3f5-47df-b30f-76e8836f4c59@group-ED32739C8BBB, cid=3485, SUCCESS, logIndex=5267, commits[edccc055-c3f5-47df-b30f-76e8836f4c59:c5269, f9704f82-adf1-457c-ad29-9b573bc67fa6:c5263, 932806d8-5f5d-4457-8f95-c9b7f9036eae:c5265]
2019-08-07 03:27:39,103 INFO  client.GrpcClientProtocolClient (GrpcClientProtocolClient.java:onNext(255)) - client-23C834B07313->edccc055-c3f5-47df-b30f-76e8836f4c59: receive RaftClientReply:client-23C834B07313->edccc055-c3f5-47df-b30f-76e8836f4c59@group-ED32739C8BBB, cid=3486, SUCCESS, logIndex=0, commits[edccc055-c3f5-47df-b30f-76e8836f4c59:c5271, f9704f82-adf1-457c-ad29-9b573bc67fa6:c5266, 932806d8-5f5d-4457-8f95-c9b7f9036eae:c5267]
2019-08-07 03:27:39,122 INFO  client.GrpcClientProtocolClient (GrpcClientProtocolClient.java:onNext(255)) - client-23C834B07313->edccc055-c3f5-47df-b30f-76e8836f4c59: receive RaftClientReply:client-23C834B07313->edccc055-c3f5-47df-b30f-76e8836f4c59@group-ED32739C8BBB, cid=3487, SUCCESS, logIndex=5272, commits[edccc055-c3f5-47df-b30f-76e8836f4c59:c5273, f9704f82-adf1-457c-ad29-9b573bc67fa6:c5271, 932806d8-5f5d-4457-8f95-c9b7f9036eae:c5271]
2019-08-07 03:27:39,122 INFO  client.GrpcClientProtocolClient (GrpcClientProtocolClient.java:onNext(255)) - client-23C834B07313->edccc055-c3f5-47df-b30f-76e8836f4c59: receive RaftClientReply:client-23C834B07313->edccc055-c3f5-47df-b30f-76e8836f4c59@group-ED32739C8BBB, cid=3488, SUCCESS, logIndex=5273, commits[edccc055-c3f5-47df-b30f-76e8836f4c59:c5273, f9704f82-adf1-457c-ad29-9b573bc67fa6:c5271, 932806d8-5f5d-4457-8f95-c9b7f9036eae:c5271]
2019-08-07 03:27:39,137 INFO  client.GrpcClientProtocolClient (GrpcClientProtocolClient.java:onNext(255)) - client-23C834B07313->edccc055-c3f5-47df-b30f-76e8836f4c59: receive RaftClientReply:client-23C834B07313->edccc055-c3f5-47df-b30f-76e8836f4c59@group-ED32739C8BBB, cid=3489, SUCCESS, logIndex=5276, commits[edccc055-c3f5-47df-b30f-76e8836f4c59:c5277, f9704f82-adf1-457c-ad29-9b573bc67fa6:c5273, 932806d8-5f5d-4457-8f95-c9b7f9036eae:c5273]
2019-08-07 03:27:39,137 INFO  client.GrpcClientProtocolClient (GrpcClientProtocolClient.java:onNext(255)) - client-23C834B07313->edccc055-c3f5-47df-b30f-76e8836f4c59: receive RaftClientReply:client-23C834B07313->edccc055-c3f5-47df-b30f-76e8836f4c59@group-ED32739C8BBB, cid=3490, SUCCESS, logIndex=5277, commits[edccc055-c3f5-47df-b30f-76e8836f4c59:c5277, f9704f82-adf1-457c-ad29-9b573bc67fa6:c5273, 932806d8-5f5d-4457-8f95-c9b7f9036eae:c5273]
2019-08-07 03:27:39,151 INFO  client.GrpcClientProtocolClient (GrpcClientProtocolClient.java:onNext(255)) - client-23C834B07313->edccc055-c3f5-47df-b30f-76e8836f4c59: receive RaftClientReply:client-23C834B07313->edccc055-c3f5-47df-b30f-76e8836f4c59@group-ED32739C8BBB, cid=3491, SUCCESS, logIndex=0, commits[edccc055-c3f5-47df-b30f-76e8836f4c59:c5279, f9704f82-adf1-457c-ad29-9b573bc67fa6:c5277, 932806d8-5f5d-4457-8f95-c9b7f9036eae:c5277]
2019-08-07 03:27:39,188 INFO  client.GrpcClientProtocolClient (GrpcClientProtocolClient.java:onNext(255)) - client-23C834B07313->edccc055-c3f5-47df-b30f-76e8836f4c59: receive RaftClientReply:client-23C834B07313->edccc055-c3f5-47df-b30f-76e8836f4c59@group-ED32739C8BBB, cid=3492, SUCCESS, logIndex=5280, commits[edccc055-c3f5-47df-b30f-76e8836f4c59:c5280, f9704f82-adf1-457c-ad29-9b573bc67fa6:c5279, 932806d8-5f5d-4457-8f95-c9b7f9036eae:c5279]
2019-08-07 03:27:39,188 INFO  client.GrpcClientProtocolClient (GrpcClientProtocolClient.java:onNext(255)) - client-23C834B07313->edccc055-c3f5-47df-b30f-76e8836f4c59: receive RaftClientReply:client-23C834B07313->edccc055-c3f5-47df-b30f-76e8836f4c59@group-ED32739C8BBB, cid=3493, SUCCESS, logIndex=5281, commits[edccc055-c3f5-47df-b30f-76e8836f4c59:c5282, f9704f82-adf1-457c-ad29-9b573bc67fa6:c5279, 932806d8-5f5d-4457-8f95-c9b7f9036eae:c5279]
2019-08-07 03:27:39,189 INFO  client.GrpcClientProtocolClient (GrpcClientProtocolClient.java:onNext(255)) - client-23C834B07313->edccc055-c3f5-47df-b30f-76e8836f4c59: receive RaftClientReply:client-23C834B07313->edccc055-c3f5-47df-b30f-76e8836f4c59@group-ED32739C8BBB, cid=3494, SUCCESS, logIndex=5282, commits[edccc055-c3f5-47df-b30f-76e8836f4c59:c5283, f9704f82-adf1-457c-ad29-9b573bc67fa6:c5279, 932806d8-5f5d-4457-8f95-c9b7f9036eae:c5279]
2019-08-07 03:27:39,189 INFO  client.GrpcClientProtocolClient (GrpcClientProtocolClient.java:onNext(255)) - client-23C834B07313->edccc055-c3f5-47df-b30f-76e8836f4c59: receive RaftClientReply:client-23C834B07313->edccc055-c3f5-47df-b30f-76e8836f4c59@group-ED32739C8BBB, cid=3495, SUCCESS, logIndex=5283, commits[edccc055-c3f5-47df-b30f-76e8836f4c59:c5283, f9704f82-adf1-457c-ad29-9b573bc67fa6:c5279, 932806d8-5f5d-4457-8f95-c9b7f9036eae:c5279]
2019-08-07 03:27:39,202 INFO  client.GrpcClientProtocolClient (GrpcClientProtocolClient.java:onNext(255)) - client-23C834B07313->edccc055-c3f5-47df-b30f-76e8836f4c59: receive RaftClientReply:client-23C834B07313->edccc055-c3f5-47df-b30f-76e8836f4c59@group-ED32739C8BBB, cid=3496, SUCCESS, logIndex=0, commits[edccc055-c3f5-47df-b30f-76e8836f4c59:c5286, f9704f82-adf1-457c-ad29-9b573bc67fa6:c5282, 932806d8-5f5d-4457-8f95-c9b7f9036eae:c5281]
2019-08-07 03:27:39,222 INFO  client.GrpcClientProtocolClient (GrpcClientProtocolClient.java:onNext(255)) - client-23C834B07313->edccc055-c3f5-47df-b30f-76e8836f4c59: receive RaftClientReply:client-23C834B07313->edccc055-c3f5-47df-b30f-76e8836f4c59@group-ED32739C8BBB, cid=3497, SUCCESS, logIndex=5288, commits[edccc055-c3f5-47df-b30f-76e8836f4c59:c5289, f9704f82-adf1-457c-ad29-9b573bc67fa6:c5287, 932806d8-5f5d-4457-8f95-c9b7f9036eae:c5287]
2019-08-07 03:27:39,223 INFO  client.GrpcClientProtocolClient (GrpcClientProtocolClient.java:onNext(255)) - client-23C834B07313->edccc055-c3f5-47df-b30f-76e8836f4c59: receive RaftClientReply:client-23C834B07313->edccc055-c3f5-47df-b30f-76e8836f4c59@group-ED32739C8BBB, cid=3498, SUCCESS, logIndex=5289, commits[edccc055-c3f5-47df-b30f-76e8836f4c59:c5289, f9704f82-adf1-457c-ad29-9b573bc67fa6:c5287, 932806d8-5f5d-4457-8f95-c9b7f9036eae:c5287]
2019-08-07 03:27:39,236 INFO  client.GrpcClientProtocolClient (GrpcClientProtocolClient.java:onNext(255)) - client-23C834B07313->edccc055-c3f5-47df-b30f-76e8836f4c59: receive RaftClientReply:client-23C834B07313->edccc055-c3f5-47df-b30f-76e8836f4c59@group-ED32739C8BBB, cid=3499, SUCCESS, logIndex=5292, commits[edccc055-c3f5-47df-b30f-76e8836f4c59:c5293, f9704f82-adf1-457c-ad29-9b573bc67fa6:c5289, 932806d8-5f5d-4457-8f95-c9b7f9036eae:c5288]
2019-08-07 03:27:39,236 INFO  client.GrpcClientProtocolClient (GrpcClientProtocolClient.java:onNext(255)) - client-23C834B07313->edccc055-c3f5-47df-b30f-76e8836f4c59: receive RaftClientReply:client-23C834B07313->edccc055-c3f5-47df-b30f-76e8836f4c59@group-ED32739C8BBB, cid=3500, SUCCESS, logIndex=5293, commits[edccc055-c3f5-47df-b30f-76e8836f4c59:c5293, f9704f82-adf1-457c-ad29-9b573bc67fa6:c5289, 932806d8-5f5d-4457-8f95-c9b7f9036eae:c5289]
2019-08-07 03:27:39,251 INFO  client.GrpcClientProtocolClient (GrpcClientProtocolClient.java:onNext(255)) - client-23C834B07313->edccc055-c3f5-47df-b30f-76e8836f4c59: receive RaftClientReply:client-23C834B07313->edccc055-c3f5-47df-b30f-76e8836f4c59@group-ED32739C8BBB, cid=3501, SUCCESS, logIndex=0, commits[edccc055-c3f5-47df-b30f-76e8836f4c59:c5295, f9704f82-adf1-457c-ad29-9b573bc67fa6:c5293, 932806d8-5f5d-4457-8f95-c9b7f9036eae:c5293]
2019-08-07 03:27:39,288 INFO  client.GrpcClientProtocolClient (GrpcClientProtocolClient.java:onNext(255)) - client-23C834B07313->edccc055-c3f5-47df-b30f-76e8836f4c59: receive RaftClientReply:client-23C834B07313->edccc055-c3f5-47df-b30f-76e8836f4c59@group-ED32739C8BBB, cid=3502, SUCCESS, logIndex=5296, commits[edccc055-c3f5-47df-b30f-76e8836f4c59:c5297, f9704f82-adf1-457c-ad29-9b573bc67fa6:c5295, 932806d8-5f5d-4457-8f95-c9b7f9036eae:c5295]
2019-08-07 03:27:39,288 INFO  client.GrpcClientProtocolClient (GrpcClientProtocolClient.java:onNext(255)) - client-23C834B07313->edccc055-c3f5-47df-b30f-76e8836f4c59: receive RaftClientReply:client-23C834B07313->edccc055-c3f5-47df-b30f-76e8836f4c59@group-ED32739C8BBB, cid=3503, SUCCESS, logIndex=5297, commits[edccc055-c3f5-47df-b30f-76e8836f4c59:c5297, f9704f82-adf1-457c-ad29-9b573bc67fa6:c5295, 932806d8-5f5d-4457-8f95-c9b7f9036eae:c5295]
2019-08-07 03:27:39,299 INFO  client.GrpcClientProtocolClient (GrpcClientProtocolClient.java:onNext(255)) - client-23C834B07313->edccc055-c3f5-47df-b30f-76e8836f4c59: receive RaftClientReply:client-23C834B07313->edccc055-c3f5-47df-b30f-76e8836f4c59@group-ED32739C8BBB, cid=3504, SUCCESS, logIndex=5298, commits[edccc055-c3f5-47df-b30f-76e8836f4c59:c5298, f9704f82-adf1-457c-ad29-9b573bc67fa6:c5295, 932806d8-5f5d-4457-8f95-c9b7f9036eae:c5295]
2019-08-07 03:27:39,300 INFO  client.GrpcClientProtocolClient (GrpcClientProtocolClient.java:onNext(255)) - client-23C834B07313->edccc055-c3f5-47df-b30f-76e8836f4c59: receive RaftClientReply:client-23C834B07313->edccc055-c3f5-47df-b30f-76e8836f4c59@group-ED32739C8BBB, cid=3505, SUCCESS, logIndex=5299, commits[edccc055-c3f5-47df-b30f-76e8836f4c59:c5299, f9704f82-adf1-457c-ad29-9b573bc67fa6:c5295, 932806d8-5f5d-4457-8f95-c9b7f9036eae:c5295]
2019-08-07 03:27:39,303 INFO  client.GrpcClientProtocolClient (GrpcClientProtocolClient.java:onNext(255)) - client-23C834B07313->edccc055-c3f5-47df-b30f-76e8836f4c59: receive RaftClientReply:client-23C834B07313->edccc055-c3f5-47df-b30f-76e8836f4c59@group-ED32739C8BBB, cid=3506, SUCCESS, logIndex=0, commits[edccc055-c3f5-47df-b30f-76e8836f4c59:c5301, f9704f82-adf1-457c-ad29-9b573bc67fa6:c5297, 932806d8-5f5d-4457-8f95-c9b7f9036eae:c5297]
2019-08-07 03:27:39,331 INFO  client.GrpcClientProtocolClient (GrpcClientProtocolClient.java:onNext(255)) - client-23C834B07313->edccc055-c3f5-47df-b30f-76e8836f4c59: receive RaftClientReply:client-23C834B07313->edccc055-c3f5-47df-b30f-76e8836f4c59@group-ED32739C8BBB, cid=3507, SUCCESS, logIndex=5304, commits[edccc055-c3f5-47df-b30f-76e8836f4c59:c5305, f9704f82-adf1-457c-ad29-9b573bc67fa6:c5303, 932806d8-5f5d-4457-8f95-c9b7f9036eae:c5299]
2019-08-07 03:27:39,331 INFO  client.GrpcClientProtocolClient (GrpcClientProtocolClient.java:onNext(255)) - client-23C834B07313->edccc055-c3f5-47df-b30f-76e8836f4c59: receive RaftClientReply:client-23C834B07313->edccc055-c3f5-47df-b30f-76e8836f4c59@group-ED32739C8BBB, cid=3508, SUCCESS, logIndex=5305, commits[edccc055-c3f5-47df-b30f-76e8836f4c59:c5305, f9704f82-adf1-457c-ad29-9b573bc67fa6:c5303, 932806d8-5f5d-4457-8f95-c9b7f9036eae:c5303]
2019-08-07 03:27:39,352 INFO  client.GrpcClientProtocolClient (GrpcClientProtocolClient.java:onNext(255)) - client-23C834B07313->edccc055-c3f5-47df-b30f-76e8836f4c59: receive RaftClientReply:client-23C834B07313->edccc055-c3f5-47df-b30f-76e8836f4c59@group-ED32739C8BBB, cid=3509, SUCCESS, logIndex=5308, commits[edccc055-c3f5-47df-b30f-76e8836f4c59:c5308, f9704f82-adf1-457c-ad29-9b573bc67fa6:c5307, 932806d8-5f5d-4457-8f95-c9b7f9036eae:c5307]
2019-08-07 03:27:39,353 INFO  client.GrpcClientProtocolClient (GrpcClientProtocolClient.java:onNext(255)) - client-23C834B07313->edccc055-c3f5-47df-b30f-76e8836f4c59: receive RaftClientReply:client-23C834B07313->edccc055-c3f5-47df-b30f-76e8836f4c59@group-ED32739C8BBB, cid=3510, SUCCESS, logIndex=5309, commits[edccc055-c3f5-47df-b30f-76e8836f4c59:c5309, f9704f82-adf1-457c-ad29-9b573bc67fa6:c5307, 932806d8-5f5d-4457-8f95-c9b7f9036eae:c5307]
2019-08-07 03:27:39,365 INFO  client.GrpcClientProtocolClient (GrpcClientProtocolClient.java:onNext(255)) - client-23C834B07313->edccc055-c3f5-47df-b30f-76e8836f4c59: receive RaftClientReply:client-23C834B07313->edccc055-c3f5-47df-b30f-76e8836f4c59@group-ED32739C8BBB, cid=3511, SUCCESS, logIndex=0, commits[edccc055-c3f5-47df-b30f-76e8836f4c59:c5311, f9704f82-adf1-457c-ad29-9b573bc67fa6:c5309, 932806d8-5f5d-4457-8f95-c9b7f9036eae:c5309]
2019-08-07 03:27:39,399 INFO  client.GrpcClientProtocolClient (GrpcClientProtocolClient.java:onNext(255)) - client-23C834B07313->edccc055-c3f5-47df-b30f-76e8836f4c59: receive RaftClientReply:client-23C834B07313->edccc055-c3f5-47df-b30f-76e8836f4c59@group-ED32739C8BBB, cid=3512, SUCCESS, logIndex=5312, commits[edccc055-c3f5-47df-b30f-76e8836f4c59:c5313, f9704f82-adf1-457c-ad29-9b573bc67fa6:c5311, 932806d8-5f5d-4457-8f95-c9b7f9036eae:c5311]
2019-08-07 03:27:39,400 INFO  client.GrpcClientProtocolClient (GrpcClientProtocolClient.java:onNext(255)) - client-23C834B07313->edccc055-c3f5-47df-b30f-76e8836f4c59: receive RaftClientReply:client-23C834B07313->edccc055-c3f5-47df-b30f-76e8836f4c59@group-ED32739C8BBB, cid=3513, SUCCESS, logIndex=5313, commits[edccc055-c3f5-47df-b30f-76e8836f4c59:c5315, f9704f82-adf1-457c-ad29-9b573bc67fa6:c5311, 932806d8-5f5d-4457-8f95-c9b7f9036eae:c5311]
2019-08-07 03:27:39,400 INFO  client.GrpcClientProtocolClient (GrpcClientProtocolClient.java:onNext(255)) - client-23C834B07313->edccc055-c3f5-47df-b30f-76e8836f4c59: receive RaftClientReply:client-23C834B07313->edccc055-c3f5-47df-b30f-76e8836f4c59@group-ED32739C8BBB, cid=3514, SUCCESS, logIndex=5314, commits[edccc055-c3f5-47df-b30f-76e8836f4c59:c5315, f9704f82-adf1-457c-ad29-9b573bc67fa6:c5311, 932806d8-5f5d-4457-8f95-c9b7f9036eae:c5311]
2019-08-07 03:27:39,401 INFO  client.GrpcClientProtocolClient (GrpcClientProtocolClient.java:onNext(255)) - client-23C834B07313->edccc055-c3f5-47df-b30f-76e8836f4c59: receive RaftClientReply:client-23C834B07313->edccc055-c3f5-47df-b30f-76e8836f4c59@group-ED32739C8BBB, cid=3515, SUCCESS, logIndex=5315, commits[edccc055-c3f5-47df-b30f-76e8836f4c59:c5316, f9704f82-adf1-457c-ad29-9b573bc67fa6:c5311, 932806d8-5f5d-4457-8f95-c9b7f9036eae:c5313]
2019-08-07 03:27:39,403 INFO  client.GrpcClientProtocolClient (GrpcClientProtocolClient.java:onNext(255)) - client-23C834B07313->edccc055-c3f5-47df-b30f-76e8836f4c59: receive RaftClientReply:client-23C834B07313->edccc055-c3f5-47df-b30f-76e8836f4c59@group-ED32739C8BBB, cid=3516, SUCCESS, logIndex=0, commits[edccc055-c3f5-47df-b30f-76e8836f4c59:c5317, f9704f82-adf1-457c-ad29-9b573bc67fa6:c5313, 932806d8-5f5d-4457-8f95-c9b7f9036eae:c5313]
2019-08-07 03:27:39,418 INFO  client.GrpcClientProtocolClient (GrpcClientProtocolClient.java:onNext(255)) - client-23C834B07313->edccc055-c3f5-47df-b30f-76e8836f4c59: receive RaftClientReply:client-23C834B07313->edccc055-c3f5-47df-b30f-76e8836f4c59@group-ED32739C8BBB, cid=3517, SUCCESS, logIndex=5320, commits[edccc055-c3f5-47df-b30f-76e8836f4c59:c5321, f9704f82-adf1-457c-ad29-9b573bc67fa6:c5318, 932806d8-5f5d-4457-8f95-c9b7f9036eae:c5318]
2019-08-07 03:27:39,418 INFO  client.GrpcClientProtocolClient (GrpcClientProtocolClient.java:onNext(255)) - client-23C834B07313->edccc055-c3f5-47df-b30f-76e8836f4c59: receive RaftClientReply:client-23C834B07313->edccc055-c3f5-47df-b30f-76e8836f4c59@group-ED32739C8BBB, cid=3518, SUCCESS, logIndex=5321, commits[edccc055-c3f5-47df-b30f-76e8836f4c59:c5321, f9704f82-adf1-457c-ad29-9b573bc67fa6:c5318, 932806d8-5f5d-4457-8f95-c9b7f9036eae:c5318]
2019-08-07 03:27:39,444 INFO  client.GrpcClientProtocolClient (GrpcClientProtocolClient.java:onNext(255)) - client-23C834B07313->edccc055-c3f5-47df-b30f-76e8836f4c59: receive RaftClientReply:client-23C834B07313->edccc055-c3f5-47df-b30f-76e8836f4c59@group-ED32739C8BBB, cid=3519, SUCCESS, logIndex=5324, commits[edccc055-c3f5-47df-b30f-76e8836f4c59:c5324, f9704f82-adf1-457c-ad29-9b573bc67fa6:c5321, 932806d8-5f5d-4457-8f95-c9b7f9036eae:c5321]
2019-08-07 03:27:39,444 INFO  client.GrpcClientProtocolClient (GrpcClientProtocolClient.java:onNext(255)) - client-23C834B07313->edccc055-c3f5-47df-b30f-76e8836f4c59: receive RaftClientReply:client-23C834B07313->edccc055-c3f5-47df-b30f-76e8836f4c59@group-ED32739C8BBB, cid=3520, SUCCESS, logIndex=5325, commits[edccc055-c3f5-47df-b30f-76e8836f4c59:c5325, f9704f82-adf1-457c-ad29-9b573bc67fa6:c5321, 932806d8-5f5d-4457-8f95-c9b7f9036eae:c5321]
2019-08-07 03:27:39,458 INFO  client.GrpcClientProtocolClient (GrpcClientProtocolClient.java:onNext(255)) - client-23C834B07313->edccc055-c3f5-47df-b30f-76e8836f4c59: receive RaftClientReply:client-23C834B07313->edccc055-c3f5-47df-b30f-76e8836f4c59@group-ED32739C8BBB, cid=3521, SUCCESS, logIndex=0, commits[edccc055-c3f5-47df-b30f-76e8836f4c59:c5327, f9704f82-adf1-457c-ad29-9b573bc67fa6:c5325, 932806d8-5f5d-4457-8f95-c9b7f9036eae:c5325]
2019-08-07 03:27:39,495 INFO  client.GrpcClientProtocolClient (GrpcClientProtocolClient.java:onNext(255)) - client-23C834B07313->edccc055-c3f5-47df-b30f-76e8836f4c59: receive RaftClientReply:client-23C834B07313->edccc055-c3f5-47df-b30f-76e8836f4c59@group-ED32739C8BBB, cid=3522, SUCCESS, logIndex=5328, commits[edccc055-c3f5-47df-b30f-76e8836f4c59:c5329, f9704f82-adf1-457c-ad29-9b573bc67fa6:c5327, 932806d8-5f5d-4457-8f95-c9b7f9036eae:c5327]
2019-08-07 03:27:39,496 INFO  client.GrpcClientProtocolClient (GrpcClientProtocolClient.java:onNext(255)) - client-23C834B07313->edccc055-c3f5-47df-b30f-76e8836f4c59: receive RaftClientReply:client-23C834B07313->edccc055-c3f5-47df-b30f-76e8836f4c59@group-ED32739C8BBB, cid=3523, SUCCESS, logIndex=5329, commits[edccc055-c3f5-47df-b30f-76e8836f4c59:c5329, f9704f82-adf1-457c-ad29-9b573bc67fa6:c5327, 932806d8-5f5d-4457-8f95-c9b7f9036eae:c5327]
2019-08-07 03:27:39,496 INFO  client.GrpcClientProtocolClient (GrpcClientProtocolClient.java:onNext(255)) - client-23C834B07313->edccc055-c3f5-47df-b30f-76e8836f4c59: receive RaftClientReply:client-23C834B07313->edccc055-c3f5-47df-b30f-76e8836f4c59@group-ED32739C8BBB, cid=3524, SUCCESS, logIndex=5330, commits[edccc055-c3f5-47df-b30f-76e8836f4c59:c5331, f9704f82-adf1-457c-ad29-9b573bc67fa6:c5327, 932806d8-5f5d-4457-8f95-c9b7f9036eae:c5327]
2019-08-07 03:27:39,497 INFO  client.GrpcClientProtocolClient (GrpcClientProtocolClient.java:onNext(255)) - client-23C834B07313->edccc055-c3f5-47df-b30f-76e8836f4c59: receive RaftClientReply:client-23C834B07313->edccc055-c3f5-47df-b30f-76e8836f4c59@group-ED32739C8BBB, cid=3525, SUCCESS, logIndex=5331, commits[edccc055-c3f5-47df-b30f-76e8836f4c59:c5331, f9704f82-adf1-457c-ad29-9b573bc67fa6:c5327, 932806d8-5f5d-4457-8f95-c9b7f9036eae:c5327]
2019-08-07 03:27:39,510 INFO  client.GrpcClientProtocolClient (GrpcClientProtocolClient.java:onNext(255)) - client-23C834B07313->edccc055-c3f5-47df-b30f-76e8836f4c59: receive RaftClientReply:client-23C834B07313->edccc055-c3f5-47df-b30f-76e8836f4c59@group-ED32739C8BBB, cid=3526, SUCCESS, logIndex=0, commits[edccc055-c3f5-47df-b30f-76e8836f4c59:c5333, f9704f82-adf1-457c-ad29-9b573bc67fa6:c5329, 932806d8-5f5d-4457-8f95-c9b7f9036eae:c5329]
2019-08-07 03:27:39,531 INFO  client.GrpcClientProtocolClient (GrpcClientProtocolClient.java:onNext(255)) - client-23C834B07313->edccc055-c3f5-47df-b30f-76e8836f4c59: receive RaftClientReply:client-23C834B07313->edccc055-c3f5-47df-b30f-76e8836f4c59@group-ED32739C8BBB, cid=3527, SUCCESS, logIndex=5335, commits[edccc055-c3f5-47df-b30f-76e8836f4c59:c5336, f9704f82-adf1-457c-ad29-9b573bc67fa6:c5334, 932806d8-5f5d-4457-8f95-c9b7f9036eae:c5334]
2019-08-07 03:27:39,531 INFO  client.GrpcClientProtocolClient (GrpcClientProtocolClient.java:onNext(255)) - client-23C834B07313->edccc055-c3f5-47df-b30f-76e8836f4c59: receive RaftClientReply:client-23C834B07313->edccc055-c3f5-47df-b30f-76e8836f4c59@group-ED32739C8BBB, cid=3528, SUCCESS, logIndex=5336, commits[edccc055-c3f5-47df-b30f-76e8836f4c59:c5336, f9704f82-adf1-457c-ad29-9b573bc67fa6:c5334, 932806d8-5f5d-4457-8f95-c9b7f9036eae:c5334]
2019-08-07 03:27:39,555 INFO  client.GrpcClientProtocolClient (GrpcClientProtocolClient.java:onNext(255)) - client-23C834B07313->edccc055-c3f5-47df-b30f-76e8836f4c59: receive RaftClientReply:client-23C834B07313->edccc055-c3f5-47df-b30f-76e8836f4c59@group-ED32739C8BBB, cid=3529, SUCCESS, logIndex=5339, commits[edccc055-c3f5-47df-b30f-76e8836f4c59:c5340, f9704f82-adf1-457c-ad29-9b573bc67fa6:c5336, 932806d8-5f5d-4457-8f95-c9b7f9036eae:c5335]
2019-08-07 03:27:39,555 INFO  client.GrpcClientProtocolClient (GrpcClientProtocolClient.java:onNext(255)) - client-23C834B07313->edccc055-c3f5-47df-b30f-76e8836f4c59: receive RaftClientReply:client-23C834B07313->edccc055-c3f5-47df-b30f-76e8836f4c59@group-ED32739C8BBB, cid=3530, SUCCESS, logIndex=5340, commits[edccc055-c3f5-47df-b30f-76e8836f4c59:c5340, f9704f82-adf1-457c-ad29-9b573bc67fa6:c5336, 932806d8-5f5d-4457-8f95-c9b7f9036eae:c5336]
2019-08-07 03:27:39,560 INFO  client.GrpcClientProtocolClient (GrpcClientProtocolClient.java:onNext(255)) - client-23C834B07313->edccc055-c3f5-47df-b30f-76e8836f4c59: receive RaftClientReply:client-23C834B07313->edccc055-c3f5-47df-b30f-76e8836f4c59@group-ED32739C8BBB, cid=3531, SUCCESS, logIndex=0, commits[edccc055-c3f5-47df-b30f-76e8836f4c59:c5342, f9704f82-adf1-457c-ad29-9b573bc67fa6:c5340, 932806d8-5f5d-4457-8f95-c9b7f9036eae:c5340]
2019-08-07 03:27:39,714 INFO  client.GrpcClientProtocolClient (GrpcClientProtocolClient.java:onNext(255)) - client-23C834B07313->edccc055-c3f5-47df-b30f-76e8836f4c59: receive RaftClientReply:client-23C834B07313->edccc055-c3f5-47df-b30f-76e8836f4c59@group-ED32739C8BBB, cid=3532, SUCCESS, logIndex=5343, commits[edccc055-c3f5-47df-b30f-76e8836f4c59:c5344, f9704f82-adf1-457c-ad29-9b573bc67fa6:c5342, 932806d8-5f5d-4457-8f95-c9b7f9036eae:c5342]
2019-08-07 03:27:39,715 INFO  client.GrpcClientProtocolClient (GrpcClientProtocolClient.java:onNext(255)) - client-23C834B07313->edccc055-c3f5-47df-b30f-76e8836f4c59: receive RaftClientReply:client-23C834B07313->edccc055-c3f5-47df-b30f-76e8836f4c59@group-ED32739C8BBB, cid=3533, SUCCESS, logIndex=5344, commits[edccc055-c3f5-47df-b30f-76e8836f4c59:c5344, f9704f82-adf1-457c-ad29-9b573bc67fa6:c5342, 932806d8-5f5d-4457-8f95-c9b7f9036eae:c5342]
2019-08-07 03:27:39,725 INFO  client.GrpcClientProtocolClient (GrpcClientProtocolClient.java:onNext(255)) - client-23C834B07313->edccc055-c3f5-47df-b30f-76e8836f4c59: receive RaftClientReply:client-23C834B07313->edccc055-c3f5-47df-b30f-76e8836f4c59@group-ED32739C8BBB, cid=3534, SUCCESS, logIndex=5345, commits[edccc055-c3f5-47df-b30f-76e8836f4c59:c5345, f9704f82-adf1-457c-ad29-9b573bc67fa6:c5342, 932806d8-5f5d-4457-8f95-c9b7f9036eae:c5342]
2019-08-07 03:27:39,726 INFO  client.GrpcClientProtocolClient (GrpcClientProtocolClient.java:onNext(255)) - client-23C834B07313->edccc055-c3f5-47df-b30f-76e8836f4c59: receive RaftClientReply:client-23C834B07313->edccc055-c3f5-47df-b30f-76e8836f4c59@group-ED32739C8BBB, cid=3535, SUCCESS, logIndex=5346, commits[edccc055-c3f5-47df-b30f-76e8836f4c59:c5347, f9704f82-adf1-457c-ad29-9b573bc67fa6:c5342, 932806d8-5f5d-4457-8f95-c9b7f9036eae:c5343]
2019-08-07 03:27:39,727 INFO  client.GrpcClientProtocolClient (GrpcClientProtocolClient.java:onNext(255)) - client-23C834B07313->edccc055-c3f5-47df-b30f-76e8836f4c59: receive RaftClientReply:client-23C834B07313->edccc055-c3f5-47df-b30f-76e8836f4c59@group-ED32739C8BBB, cid=3536, SUCCESS, logIndex=0, commits[edccc055-c3f5-47df-b30f-76e8836f4c59:c5349, f9704f82-adf1-457c-ad29-9b573bc67fa6:c5344, 932806d8-5f5d-4457-8f95-c9b7f9036eae:c5345]
2019-08-07 03:27:39,749 INFO  client.GrpcClientProtocolClient (GrpcClientProtocolClient.java:onNext(255)) - client-23C834B07313->edccc055-c3f5-47df-b30f-76e8836f4c59: receive RaftClientReply:client-23C834B07313->edccc055-c3f5-47df-b30f-76e8836f4c59@group-ED32739C8BBB, cid=3537, SUCCESS, logIndex=5351, commits[edccc055-c3f5-47df-b30f-76e8836f4c59:c5352, f9704f82-adf1-457c-ad29-9b573bc67fa6:c5350, 932806d8-5f5d-4457-8f95-c9b7f9036eae:c5350]
2019-08-07 03:27:39,749 INFO  client.GrpcClientProtocolClient (GrpcClientProtocolClient.java:onNext(255)) - client-23C834B07313->edccc055-c3f5-47df-b30f-76e8836f4c59: receive RaftClientReply:client-23C834B07313->edccc055-c3f5-47df-b30f-76e8836f4c59@group-ED32739C8BBB, cid=3538, SUCCESS, logIndex=5352, commits[edccc055-c3f5-47df-b30f-76e8836f4c59:c5352, f9704f82-adf1-457c-ad29-9b573bc67fa6:c5350, 932806d8-5f5d-4457-8f95-c9b7f9036eae:c5350]
2019-08-07 03:27:39,773 INFO  client.GrpcClientProtocolClient (GrpcClientProtocolClient.java:onNext(255)) - client-23C834B07313->edccc055-c3f5-47df-b30f-76e8836f4c59: receive RaftClientReply:client-23C834B07313->edccc055-c3f5-47df-b30f-76e8836f4c59@group-ED32739C8BBB, cid=3539, SUCCESS, logIndex=5355, commits[edccc055-c3f5-47df-b30f-76e8836f4c59:c5355, f9704f82-adf1-457c-ad29-9b573bc67fa6:c5352, 932806d8-5f5d-4457-8f95-c9b7f9036eae:c5352]
2019-08-07 03:27:39,773 INFO  client.GrpcClientProtocolClient (GrpcClientProtocolClient.java:onNext(255)) - client-23C834B07313->edccc055-c3f5-47df-b30f-76e8836f4c59: receive RaftClientReply:client-23C834B07313->edccc055-c3f5-47df-b30f-76e8836f4c59@group-ED32739C8BBB, cid=3540, SUCCESS, logIndex=5356, commits[edccc055-c3f5-47df-b30f-76e8836f4c59:c5356, f9704f82-adf1-457c-ad29-9b573bc67fa6:c5352, 932806d8-5f5d-4457-8f95-c9b7f9036eae:c5352]
2019-08-07 03:27:39,788 INFO  client.GrpcClientProtocolClient (GrpcClientProtocolClient.java:onNext(255)) - client-23C834B07313->edccc055-c3f5-47df-b30f-76e8836f4c59: receive RaftClientReply:client-23C834B07313->edccc055-c3f5-47df-b30f-76e8836f4c59@group-ED32739C8BBB, cid=3541, SUCCESS, logIndex=0, commits[edccc055-c3f5-47df-b30f-76e8836f4c59:c5358, f9704f82-adf1-457c-ad29-9b573bc67fa6:c5356, 932806d8-5f5d-4457-8f95-c9b7f9036eae:c5356]
2019-08-07 03:27:39,823 INFO  client.GrpcClientProtocolClient (GrpcClientProtocolClient.java:onNext(255)) - client-23C834B07313->edccc055-c3f5-47df-b30f-76e8836f4c59: receive RaftClientReply:client-23C834B07313->edccc055-c3f5-47df-b30f-76e8836f4c59@group-ED32739C8BBB, cid=3542, SUCCESS, logIndex=5359, commits[edccc055-c3f5-47df-b30f-76e8836f4c59:c5360, f9704f82-adf1-457c-ad29-9b573bc67fa6:c5356, 932806d8-5f5d-4457-8f95-c9b7f9036eae:c5358]
2019-08-07 03:27:39,824 INFO  client.GrpcClientProtocolClient (GrpcClientProtocolClient.java:onNext(255)) - client-23C834B07313->edccc055-c3f5-47df-b30f-76e8836f4c59: receive RaftClientReply:client-23C834B07313->edccc055-c3f5-47df-b30f-76e8836f4c59@group-ED32739C8BBB, cid=3543, SUCCESS, logIndex=5360, commits[edccc055-c3f5-47df-b30f-76e8836f4c59:c5360, f9704f82-adf1-457c-ad29-9b573bc67fa6:c5356, 932806d8-5f5d-4457-8f95-c9b7f9036eae:c5358]
2019-08-07 03:27:39,825 INFO  client.GrpcClientProtocolClient (GrpcClientProtocolClient.java:onNext(255)) - client-23C834B07313->edccc055-c3f5-47df-b30f-76e8836f4c59: receive RaftClientReply:client-23C834B07313->edccc055-c3f5-47df-b30f-76e8836f4c59@group-ED32739C8BBB, cid=3544, SUCCESS, logIndex=5361, commits[edccc055-c3f5-47df-b30f-76e8836f4c59:c5362, f9704f82-adf1-457c-ad29-9b573bc67fa6:c5358, 932806d8-5f5d-4457-8f95-c9b7f9036eae:c5358]
2019-08-07 03:27:39,825 INFO  client.GrpcClientProtocolClient (GrpcClientProtocolClient.java:onNext(255)) - client-23C834B07313->edccc055-c3f5-47df-b30f-76e8836f4c59: receive RaftClientReply:client-23C834B07313->edccc055-c3f5-47df-b30f-76e8836f4c59@group-ED32739C8BBB, cid=3545, SUCCESS, logIndex=5362, commits[edccc055-c3f5-47df-b30f-76e8836f4c59:c5362, f9704f82-adf1-457c-ad29-9b573bc67fa6:c5358, 932806d8-5f5d-4457-8f95-c9b7f9036eae:c5358]
2019-08-07 03:27:39,827 INFO  client.GrpcClientProtocolClient (GrpcClientProtocolClient.java:onNext(255)) - client-23C834B07313->edccc055-c3f5-47df-b30f-76e8836f4c59: receive RaftClientReply:client-23C834B07313->edccc055-c3f5-47df-b30f-76e8836f4c59@group-ED32739C8BBB, cid=3546, SUCCESS, logIndex=0, commits[edccc055-c3f5-47df-b30f-76e8836f4c59:c5364, f9704f82-adf1-457c-ad29-9b573bc67fa6:c5360, 932806d8-5f5d-4457-8f95-c9b7f9036eae:c5360]
2019-08-07 03:27:39,851 INFO  client.GrpcClientProtocolClient (GrpcClientProtocolClient.java:onNext(255)) - client-23C834B07313->edccc055-c3f5-47df-b30f-76e8836f4c59: receive RaftClientReply:client-23C834B07313->edccc055-c3f5-47df-b30f-76e8836f4c59@group-ED32739C8BBB, cid=3547, SUCCESS, logIndex=5367, commits[edccc055-c3f5-47df-b30f-76e8836f4c59:c5368, f9704f82-adf1-457c-ad29-9b573bc67fa6:c5362, 932806d8-5f5d-4457-8f95-c9b7f9036eae:c5364]
2019-08-07 03:27:39,852 INFO  client.GrpcClientProtocolClient (GrpcClientProtocolClient.java:onNext(255)) - client-23C834B07313->edccc055-c3f5-47df-b30f-76e8836f4c59: receive RaftClientReply:client-23C834B07313->edccc055-c3f5-47df-b30f-76e8836f4c59@group-ED32739C8BBB, cid=3548, SUCCESS, logIndex=5368, commits[edccc055-c3f5-47df-b30f-76e8836f4c59:c5368, f9704f82-adf1-457c-ad29-9b573bc67fa6:c5364, 932806d8-5f5d-4457-8f95-c9b7f9036eae:c5364]
2019-08-07 03:27:39,881 INFO  client.GrpcClientProtocolClient (GrpcClientProtocolClient.java:onNext(255)) - client-23C834B07313->edccc055-c3f5-47df-b30f-76e8836f4c59: receive RaftClientReply:client-23C834B07313->edccc055-c3f5-47df-b30f-76e8836f4c59@group-ED32739C8BBB, cid=3549, SUCCESS, logIndex=5371, commits[edccc055-c3f5-47df-b30f-76e8836f4c59:c5372, f9704f82-adf1-457c-ad29-9b573bc67fa6:c5370, 932806d8-5f5d-4457-8f95-c9b7f9036eae:c5370]
2019-08-07 03:27:39,881 INFO  client.GrpcClientProtocolClient (GrpcClientProtocolClient.java:onNext(255)) - client-23C834B07313->edccc055-c3f5-47df-b30f-76e8836f4c59: receive RaftClientReply:client-23C834B07313->edccc055-c3f5-47df-b30f-76e8836f4c59@group-ED32739C8BBB, cid=3550, SUCCESS, logIndex=5372, commits[edccc055-c3f5-47df-b30f-76e8836f4c59:c5372, f9704f82-adf1-457c-ad29-9b573bc67fa6:c5370, 932806d8-5f5d-4457-8f95-c9b7f9036eae:c5370]
2019-08-07 03:27:39,895 INFO  client.GrpcClientProtocolClient (GrpcClientProtocolClient.java:onNext(255)) - client-23C834B07313->edccc055-c3f5-47df-b30f-76e8836f4c59: receive RaftClientReply:client-23C834B07313->edccc055-c3f5-47df-b30f-76e8836f4c59@group-ED32739C8BBB, cid=3551, SUCCESS, logIndex=0, commits[edccc055-c3f5-47df-b30f-76e8836f4c59:c5373, f9704f82-adf1-457c-ad29-9b573bc67fa6:c5372, 932806d8-5f5d-4457-8f95-c9b7f9036eae:c5372]
2019-08-07 03:27:39,931 INFO  client.GrpcClientProtocolClient (GrpcClientProtocolClient.java:onNext(255)) - client-23C834B07313->edccc055-c3f5-47df-b30f-76e8836f4c59: receive RaftClientReply:client-23C834B07313->edccc055-c3f5-47df-b30f-76e8836f4c59@group-ED32739C8BBB, cid=3552, SUCCESS, logIndex=5375, commits[edccc055-c3f5-47df-b30f-76e8836f4c59:c5376, f9704f82-adf1-457c-ad29-9b573bc67fa6:c5374, 932806d8-5f5d-4457-8f95-c9b7f9036eae:c5374]
2019-08-07 03:27:39,932 INFO  client.GrpcClientProtocolClient (GrpcClientProtocolClient.java:onNext(255)) - client-23C834B07313->edccc055-c3f5-47df-b30f-76e8836f4c59: receive RaftClientReply:client-23C834B07313->edccc055-c3f5-47df-b30f-76e8836f4c59@group-ED32739C8BBB, cid=3553, SUCCESS, logIndex=5376, commits[edccc055-c3f5-47df-b30f-76e8836f4c59:c5376, f9704f82-adf1-457c-ad29-9b573bc67fa6:c5374, 932806d8-5f5d-4457-8f95-c9b7f9036eae:c5374]
2019-08-07 03:27:39,932 INFO  client.GrpcClientProtocolClient (GrpcClientProtocolClient.java:onNext(255)) - client-23C834B07313->edccc055-c3f5-47df-b30f-76e8836f4c59: receive RaftClientReply:client-23C834B07313->edccc055-c3f5-47df-b30f-76e8836f4c59@group-ED32739C8BBB, cid=3554, SUCCESS, logIndex=5377, commits[edccc055-c3f5-47df-b30f-76e8836f4c59:c5378, f9704f82-adf1-457c-ad29-9b573bc67fa6:c5374, 932806d8-5f5d-4457-8f95-c9b7f9036eae:c5374]
2019-08-07 03:27:39,932 INFO  client.GrpcClientProtocolClient (GrpcClientProtocolClient.java:onNext(255)) - client-23C834B07313->edccc055-c3f5-47df-b30f-76e8836f4c59: receive RaftClientReply:client-23C834B07313->edccc055-c3f5-47df-b30f-76e8836f4c59@group-ED32739C8BBB, cid=3555, SUCCESS, logIndex=5378, commits[edccc055-c3f5-47df-b30f-76e8836f4c59:c5378, f9704f82-adf1-457c-ad29-9b573bc67fa6:c5374, 932806d8-5f5d-4457-8f95-c9b7f9036eae:c5374]
2019-08-07 03:27:39,945 INFO  client.GrpcClientProtocolClient (GrpcClientProtocolClient.java:onNext(255)) - client-23C834B07313->edccc055-c3f5-47df-b30f-76e8836f4c59: receive RaftClientReply:client-23C834B07313->edccc055-c3f5-47df-b30f-76e8836f4c59@group-ED32739C8BBB, cid=3556, SUCCESS, logIndex=0, commits[edccc055-c3f5-47df-b30f-76e8836f4c59:c5380, f9704f82-adf1-457c-ad29-9b573bc67fa6:c5376, 932806d8-5f5d-4457-8f95-c9b7f9036eae:c5376]
2019-08-07 03:27:39,966 INFO  client.GrpcClientProtocolClient (GrpcClientProtocolClient.java:onNext(255)) - client-23C834B07313->edccc055-c3f5-47df-b30f-76e8836f4c59: receive RaftClientReply:client-23C834B07313->edccc055-c3f5-47df-b30f-76e8836f4c59@group-ED32739C8BBB, cid=3557, SUCCESS, logIndex=5383, commits[edccc055-c3f5-47df-b30f-76e8836f4c59:c5384, f9704f82-adf1-457c-ad29-9b573bc67fa6:c5382, 932806d8-5f5d-4457-8f95-c9b7f9036eae:c5382]
2019-08-07 03:27:39,967 INFO  client.GrpcClientProtocolClient (GrpcClientProtocolClient.java:onNext(255)) - client-23C834B07313->edccc055-c3f5-47df-b30f-76e8836f4c59: receive RaftClientReply:client-23C834B07313->edccc055-c3f5-47df-b30f-76e8836f4c59@group-ED32739C8BBB, cid=3558, SUCCESS, logIndex=5384, commits[edccc055-c3f5-47df-b30f-76e8836f4c59:c5384, f9704f82-adf1-457c-ad29-9b573bc67fa6:c5382, 932806d8-5f5d-4457-8f95-c9b7f9036eae:c5382]
 0.00% |█                                                                                                    |  0/1 Time: 0:00:352019-08-07 03:27:39,992 INFO  client.GrpcClientProtocolClient (GrpcClientProtocolClient.java:onNext(255)) - client-23C834B07313->edccc055-c3f5-47df-b30f-76e8836f4c59: receive RaftClientReply:client-23C834B07313->edccc055-c3f5-47df-b30f-76e8836f4c59@group-ED32739C8BBB, cid=3559, SUCCESS, logIndex=5387, commits[edccc055-c3f5-47df-b30f-76e8836f4c59:c5388, f9704f82-adf1-457c-ad29-9b573bc67fa6:c5384, 932806d8-5f5d-4457-8f95-c9b7f9036eae:c5384]
2019-08-07 03:27:39,993 INFO  client.GrpcClientProtocolClient (GrpcClientProtocolClient.java:onNext(255)) - client-23C834B07313->edccc055-c3f5-47df-b30f-76e8836f4c59: receive RaftClientReply:client-23C834B07313->edccc055-c3f5-47df-b30f-76e8836f4c59@group-ED32739C8BBB, cid=3560, SUCCESS, logIndex=5388, commits[edccc055-c3f5-47df-b30f-76e8836f4c59:c5388, f9704f82-adf1-457c-ad29-9b573bc67fa6:c5384, 932806d8-5f5d-4457-8f95-c9b7f9036eae:c5384]
2019-08-07 03:27:40,008 INFO  client.GrpcClientProtocolClient (GrpcClientProtocolClient.java:onNext(255)) - client-23C834B07313->edccc055-c3f5-47df-b30f-76e8836f4c59: receive RaftClientReply:client-23C834B07313->edccc055-c3f5-47df-b30f-76e8836f4c59@group-ED32739C8BBB, cid=3561, SUCCESS, logIndex=0, commits[edccc055-c3f5-47df-b30f-76e8836f4c59:c5390, f9704f82-adf1-457c-ad29-9b573bc67fa6:c5388, 932806d8-5f5d-4457-8f95-c9b7f9036eae:c5388]
2019-08-07 03:27:40,040 INFO  client.GrpcClientProtocolClient (GrpcClientProtocolClient.java:onNext(255)) - client-23C834B07313->edccc055-c3f5-47df-b30f-76e8836f4c59: receive RaftClientReply:client-23C834B07313->edccc055-c3f5-47df-b30f-76e8836f4c59@group-ED32739C8BBB, cid=3562, SUCCESS, logIndex=5391, commits[edccc055-c3f5-47df-b30f-76e8836f4c59:c5392, f9704f82-adf1-457c-ad29-9b573bc67fa6:c5390, 932806d8-5f5d-4457-8f95-c9b7f9036eae:c5390]
2019-08-07 03:27:40,041 INFO  client.GrpcClientProtocolClient (GrpcClientProtocolClient.java:onNext(255)) - client-23C834B07313->edccc055-c3f5-47df-b30f-76e8836f4c59: receive RaftClientReply:client-23C834B07313->edccc055-c3f5-47df-b30f-76e8836f4c59@group-ED32739C8BBB, cid=3563, SUCCESS, logIndex=5392, commits[edccc055-c3f5-47df-b30f-76e8836f4c59:c5393, f9704f82-adf1-457c-ad29-9b573bc67fa6:c5390, 932806d8-5f5d-4457-8f95-c9b7f9036eae:c5390]
2019-08-07 03:27:40,041 INFO  client.GrpcClientProtocolClient (GrpcClientProtocolClient.java:onNext(255)) - client-23C834B07313->edccc055-c3f5-47df-b30f-76e8836f4c59: receive RaftClientReply:client-23C834B07313->edccc055-c3f5-47df-b30f-76e8836f4c59@group-ED32739C8BBB, cid=3564, SUCCESS, logIndex=5393, commits[edccc055-c3f5-47df-b30f-76e8836f4c59:c5394, f9704f82-adf1-457c-ad29-9b573bc67fa6:c5390, 932806d8-5f5d-4457-8f95-c9b7f9036eae:c5390]
2019-08-07 03:27:40,042 INFO  client.GrpcClientProtocolClient (GrpcClientProtocolClient.java:onNext(255)) - client-23C834B07313->edccc055-c3f5-47df-b30f-76e8836f4c59: receive RaftClientReply:client-23C834B07313->edccc055-c3f5-47df-b30f-76e8836f4c59@group-ED32739C8BBB, cid=3565, SUCCESS, logIndex=5394, commits[edccc055-c3f5-47df-b30f-76e8836f4c59:c5394, f9704f82-adf1-457c-ad29-9b573bc67fa6:c5390, 932806d8-5f5d-4457-8f95-c9b7f9036eae:c5390]
2019-08-07 03:27:40,054 INFO  client.GrpcClientProtocolClient (GrpcClientProtocolClient.java:onNext(255)) - client-23C834B07313->edccc055-c3f5-47df-b30f-76e8836f4c59: receive RaftClientReply:client-23C834B07313->edccc055-c3f5-47df-b30f-76e8836f4c59@group-ED32739C8BBB, cid=3566, SUCCESS, logIndex=0, commits[edccc055-c3f5-47df-b30f-76e8836f4c59:c5396, f9704f82-adf1-457c-ad29-9b573bc67fa6:c5392, 932806d8-5f5d-4457-8f95-c9b7f9036eae:c5392]
2019-08-07 03:27:40,074 INFO  client.GrpcClientProtocolClient (GrpcClientProtocolClient.java:onNext(255)) - client-23C834B07313->edccc055-c3f5-47df-b30f-76e8836f4c59: receive RaftClientReply:client-23C834B07313->edccc055-c3f5-47df-b30f-76e8836f4c59@group-ED32739C8BBB, cid=3567, SUCCESS, logIndex=5399, commits[edccc055-c3f5-47df-b30f-76e8836f4c59:c5399, f9704f82-adf1-457c-ad29-9b573bc67fa6:c5398, 932806d8-5f5d-4457-8f95-c9b7f9036eae:c5398]
2019-08-07 03:27:40,074 INFO  client.GrpcClientProtocolClient (GrpcClientProtocolClient.java:onNext(255)) - client-23C834B07313->edccc055-c3f5-47df-b30f-76e8836f4c59: receive RaftClientReply:client-23C834B07313->edccc055-c3f5-47df-b30f-76e8836f4c59@group-ED32739C8BBB, cid=3568, SUCCESS, logIndex=5400, commits[edccc055-c3f5-47df-b30f-76e8836f4c59:c5400, f9704f82-adf1-457c-ad29-9b573bc67fa6:c5398, 932806d8-5f5d-4457-8f95-c9b7f9036eae:c5398]
2019-08-07 03:27:40,089 INFO  client.GrpcClientProtocolClient (GrpcClientProtocolClient.java:onNext(255)) - client-23C834B07313->edccc055-c3f5-47df-b30f-76e8836f4c59: receive RaftClientReply:client-23C834B07313->edccc055-c3f5-47df-b30f-76e8836f4c59@group-ED32739C8BBB, cid=3569, SUCCESS, logIndex=5403, commits[edccc055-c3f5-47df-b30f-76e8836f4c59:c5404, f9704f82-adf1-457c-ad29-9b573bc67fa6:c5400, 932806d8-5f5d-4457-8f95-c9b7f9036eae:c5400]
2019-08-07 03:27:40,089 INFO  client.GrpcClientProtocolClient (GrpcClientProtocolClient.java:onNext(255)) - client-23C834B07313->edccc055-c3f5-47df-b30f-76e8836f4c59: receive RaftClientReply:client-23C834B07313->edccc055-c3f5-47df-b30f-76e8836f4c59@group-ED32739C8BBB, cid=3570, SUCCESS, logIndex=5404, commits[edccc055-c3f5-47df-b30f-76e8836f4c59:c5404, f9704f82-adf1-457c-ad29-9b573bc67fa6:c5400, 932806d8-5f5d-4457-8f95-c9b7f9036eae:c5400]
2019-08-07 03:27:40,118 INFO  client.GrpcClientProtocolClient (GrpcClientProtocolClient.java:onNext(255)) - client-23C834B07313->edccc055-c3f5-47df-b30f-76e8836f4c59: receive RaftClientReply:client-23C834B07313->edccc055-c3f5-47df-b30f-76e8836f4c59@group-ED32739C8BBB, cid=3571, SUCCESS, logIndex=0, commits[edccc055-c3f5-47df-b30f-76e8836f4c59:c5405, f9704f82-adf1-457c-ad29-9b573bc67fa6:c5404, 932806d8-5f5d-4457-8f95-c9b7f9036eae:c5404]
2019-08-07 03:27:40,155 INFO  client.GrpcClientProtocolClient (GrpcClientProtocolClient.java:onNext(255)) - client-23C834B07313->edccc055-c3f5-47df-b30f-76e8836f4c59: receive RaftClientReply:client-23C834B07313->edccc055-c3f5-47df-b30f-76e8836f4c59@group-ED32739C8BBB, cid=3572, SUCCESS, logIndex=5407, commits[edccc055-c3f5-47df-b30f-76e8836f4c59:c5408, f9704f82-adf1-457c-ad29-9b573bc67fa6:c5406, 932806d8-5f5d-4457-8f95-c9b7f9036eae:c5406]
2019-08-07 03:27:40,156 INFO  client.GrpcClientProtocolClient (GrpcClientProtocolClient.java:onNext(255)) - client-23C834B07313->edccc055-c3f5-47df-b30f-76e8836f4c59: receive RaftClientReply:client-23C834B07313->edccc055-c3f5-47df-b30f-76e8836f4c59@group-ED32739C8BBB, cid=3573, SUCCESS, logIndex=5408, commits[edccc055-c3f5-47df-b30f-76e8836f4c59:c5409, f9704f82-adf1-457c-ad29-9b573bc67fa6:c5406, 932806d8-5f5d-4457-8f95-c9b7f9036eae:c5406]
2019-08-07 03:27:40,156 INFO  client.GrpcClientProtocolClient (GrpcClientProtocolClient.java:onNext(255)) - client-23C834B07313->edccc055-c3f5-47df-b30f-76e8836f4c59: receive RaftClientReply:client-23C834B07313->edccc055-c3f5-47df-b30f-76e8836f4c59@group-ED32739C8BBB, cid=3574, SUCCESS, logIndex=5409, commits[edccc055-c3f5-47df-b30f-76e8836f4c59:c5410, f9704f82-adf1-457c-ad29-9b573bc67fa6:c5406, 932806d8-5f5d-4457-8f95-c9b7f9036eae:c5406]
2019-08-07 03:27:40,156 INFO  client.GrpcClientProtocolClient (GrpcClientProtocolClient.java:onNext(255)) - client-23C834B07313->edccc055-c3f5-47df-b30f-76e8836f4c59: receive RaftClientReply:client-23C834B07313->edccc055-c3f5-47df-b30f-76e8836f4c59@group-ED32739C8BBB, cid=3575, SUCCESS, logIndex=5410, commits[edccc055-c3f5-47df-b30f-76e8836f4c59:c5410, f9704f82-adf1-457c-ad29-9b573bc67fa6:c5406, 932806d8-5f5d-4457-8f95-c9b7f9036eae:c5406]
2019-08-07 03:27:40,170 INFO  client.GrpcClientProtocolClient (GrpcClientProtocolClient.java:onNext(255)) - client-23C834B07313->edccc055-c3f5-47df-b30f-76e8836f4c59: receive RaftClientReply:client-23C834B07313->edccc055-c3f5-47df-b30f-76e8836f4c59@group-ED32739C8BBB, cid=3576, SUCCESS, logIndex=0, commits[edccc055-c3f5-47df-b30f-76e8836f4c59:c5412, f9704f82-adf1-457c-ad29-9b573bc67fa6:c5408, 932806d8-5f5d-4457-8f95-c9b7f9036eae:c5408]
2019-08-07 03:27:40,190 INFO  client.GrpcClientProtocolClient (GrpcClientProtocolClient.java:onNext(255)) - client-23C834B07313->edccc055-c3f5-47df-b30f-76e8836f4c59: receive RaftClientReply:client-23C834B07313->edccc055-c3f5-47df-b30f-76e8836f4c59@group-ED32739C8BBB, cid=3577, SUCCESS, logIndex=5415, commits[edccc055-c3f5-47df-b30f-76e8836f4c59:c5416, f9704f82-adf1-457c-ad29-9b573bc67fa6:c5414, 932806d8-5f5d-4457-8f95-c9b7f9036eae:c5414]
2019-08-07 03:27:40,190 INFO  client.GrpcClientProtocolClient (GrpcClientProtocolClient.java:onNext(255)) - client-23C834B07313->edccc055-c3f5-47df-b30f-76e8836f4c59: receive RaftClientReply:client-23C834B07313->edccc055-c3f5-47df-b30f-76e8836f4c59@group-ED32739C8BBB, cid=3578, SUCCESS, logIndex=5416, commits[edccc055-c3f5-47df-b30f-76e8836f4c59:c5416, f9704f82-adf1-457c-ad29-9b573bc67fa6:c5414, 932806d8-5f5d-4457-8f95-c9b7f9036eae:c5414]
2019-08-07 03:27:40,205 INFO  client.GrpcClientProtocolClient (GrpcClientProtocolClient.java:onNext(255)) - client-23C834B07313->edccc055-c3f5-47df-b30f-76e8836f4c59: receive RaftClientReply:client-23C834B07313->edccc055-c3f5-47df-b30f-76e8836f4c59@group-ED32739C8BBB, cid=3579, SUCCESS, logIndex=5419, commits[edccc055-c3f5-47df-b30f-76e8836f4c59:c5420, f9704f82-adf1-457c-ad29-9b573bc67fa6:c5416, 932806d8-5f5d-4457-8f95-c9b7f9036eae:c5416]
2019-08-07 03:27:40,205 INFO  client.GrpcClientProtocolClient (GrpcClientProtocolClient.java:onNext(255)) - client-23C834B07313->edccc055-c3f5-47df-b30f-76e8836f4c59: receive RaftClientReply:client-23C834B07313->edccc055-c3f5-47df-b30f-76e8836f4c59@group-ED32739C8BBB, cid=3580, SUCCESS, logIndex=5420, commits[edccc055-c3f5-47df-b30f-76e8836f4c59:c5420, f9704f82-adf1-457c-ad29-9b573bc67fa6:c5416, 932806d8-5f5d-4457-8f95-c9b7f9036eae:c5416]
2019-08-07 03:27:40,219 INFO  client.GrpcClientProtocolClient (GrpcClientProtocolClient.java:onNext(255)) - client-23C834B07313->edccc055-c3f5-47df-b30f-76e8836f4c59: receive RaftClientReply:client-23C834B07313->edccc055-c3f5-47df-b30f-76e8836f4c59@group-ED32739C8BBB, cid=3581, SUCCESS, logIndex=0, commits[edccc055-c3f5-47df-b30f-76e8836f4c59:c5422, f9704f82-adf1-457c-ad29-9b573bc67fa6:c5420, 932806d8-5f5d-4457-8f95-c9b7f9036eae:c5420]
2019-08-07 03:27:40,733 INFO  client.GrpcClientProtocolClient (GrpcClientProtocolClient.java:onNext(255)) - client-23C834B07313->edccc055-c3f5-47df-b30f-76e8836f4c59: receive RaftClientReply:client-23C834B07313->edccc055-c3f5-47df-b30f-76e8836f4c59@group-ED32739C8BBB, cid=3582, SUCCESS, logIndex=5423, commits[edccc055-c3f5-47df-b30f-76e8836f4c59:c5424, f9704f82-adf1-457c-ad29-9b573bc67fa6:c5420, 932806d8-5f5d-4457-8f95-c9b7f9036eae:c5422]
2019-08-07 03:27:40,734 INFO  client.GrpcClientProtocolClient (GrpcClientProtocolClient.java:onNext(255)) - client-23C834B07313->edccc055-c3f5-47df-b30f-76e8836f4c59: receive RaftClientReply:client-23C834B07313->edccc055-c3f5-47df-b30f-76e8836f4c59@group-ED32739C8BBB, cid=3583, SUCCESS, logIndex=5424, commits[edccc055-c3f5-47df-b30f-76e8836f4c59:c5424, f9704f82-adf1-457c-ad29-9b573bc67fa6:c5420, 932806d8-5f5d-4457-8f95-c9b7f9036eae:c5422]
 0.00% |█                                                                                                    |  0/1 Time: 0:00:362019-08-07 03:27:41,640 INFO  client.GrpcClientProtocolClient (GrpcClientProtocolClient.java:onNext(255)) - client-23C834B07313->edccc055-c3f5-47df-b30f-76e8836f4c59: receive RaftClientReply:client-23C834B07313->edccc055-c3f5-47df-b30f-76e8836f4c59@group-ED32739C8BBB, cid=3584, SUCCESS, logIndex=5425, commits[edccc055-c3f5-47df-b30f-76e8836f4c59:c5428, f9704f82-adf1-457c-ad29-9b573bc67fa6:c5420, 932806d8-5f5d-4457-8f95-c9b7f9036eae:c5424]
2019-08-07 03:27:41,641 INFO  client.GrpcClientProtocolClient (GrpcClientProtocolClient.java:onNext(255)) - client-23C834B07313->edccc055-c3f5-47df-b30f-76e8836f4c59: receive RaftClientReply:client-23C834B07313->edccc055-c3f5-47df-b30f-76e8836f4c59@group-ED32739C8BBB, cid=3585, SUCCESS, logIndex=5426, commits[edccc055-c3f5-47df-b30f-76e8836f4c59:c5428, f9704f82-adf1-457c-ad29-9b573bc67fa6:c5422, 932806d8-5f5d-4457-8f95-c9b7f9036eae:c5424]
2019-08-07 03:27:41,642 INFO  client.GrpcClientProtocolClient (GrpcClientProtocolClient.java:onNext(255)) - client-23C834B07313->edccc055-c3f5-47df-b30f-76e8836f4c59: receive RaftClientReply:client-23C834B07313->edccc055-c3f5-47df-b30f-76e8836f4c59@group-ED32739C8BBB, cid=3586, SUCCESS, logIndex=0, commits[edccc055-c3f5-47df-b30f-76e8836f4c59:c5428, f9704f82-adf1-457c-ad29-9b573bc67fa6:c5424, 932806d8-5f5d-4457-8f95-c9b7f9036eae:c5424]
 0.00% |█                                                                                                    |  0/1 Time: 0:00:37 0.00% |█                                                                                                    |  0/1 Time: 0:00:38 0.00% |█                                                                                                    |  0/1 Time: 0:00:392019-08-07 03:27:43,991 INFO  client.GrpcClientProtocolClient (GrpcClientProtocolClient.java:onNext(255)) - client-23C834B07313->edccc055-c3f5-47df-b30f-76e8836f4c59: receive RaftClientReply:client-23C834B07313->edccc055-c3f5-47df-b30f-76e8836f4c59@group-ED32739C8BBB, cid=3587, SUCCESS, logIndex=5429, commits[edccc055-c3f5-47df-b30f-76e8836f4c59:c5430, f9704f82-adf1-457c-ad29-9b573bc67fa6:c5428, 932806d8-5f5d-4457-8f95-c9b7f9036eae:c5428]
2019-08-07 03:27:43,991 INFO  client.GrpcClientProtocolClient (GrpcClientProtocolClient.java:onNext(255)) - client-23C834B07313->edccc055-c3f5-47df-b30f-76e8836f4c59: receive RaftClientReply:client-23C834B07313->edccc055-c3f5-47df-b30f-76e8836f4c59@group-ED32739C8BBB, cid=3588, SUCCESS, logIndex=5430, commits[edccc055-c3f5-47df-b30f-76e8836f4c59:c5430, f9704f82-adf1-457c-ad29-9b573bc67fa6:c5428, 932806d8-5f5d-4457-8f95-c9b7f9036eae:c5428]
 0.00% |█                                                                                                    |  0/1 Time: 0:00:40 0.00% |█                                                                                                    |  0/1 Time: 0:00:41 0.00% |█                                                                                                    |  0/1 Time: 0:00:422019-08-07 03:27:46,990 WARN  server.GrpcLogAppender (GrpcLogAppender.java:timeoutAppendRequest(200)) - GrpcLogAppender(edccc055-c3f5-47df-b30f-76e8836f4c59->932806d8-5f5d-4457-8f95-c9b7f9036eae): appendEntries Timeout, request=edccc055-c3f5-47df-b30f-76e8836f4c59->932806d8-5f5d-4457-8f95-c9b7f9036eae#5439-t1, previous=(t:1, i:5431), leaderCommit=5430, initializing? false, entries: size=1, first=(t:1, i:5432), METADATAENTRY(c5430)
2019-08-07 03:27:46,990 WARN  server.GrpcLogAppender (GrpcLogAppender.java:timeoutAppendRequest(200)) - GrpcLogAppender(edccc055-c3f5-47df-b30f-76e8836f4c59->f9704f82-adf1-457c-ad29-9b573bc67fa6): appendEntries Timeout, request=edccc055-c3f5-47df-b30f-76e8836f4c59->f9704f82-adf1-457c-ad29-9b573bc67fa6#5439-t1, previous=(t:1, i:5431), leaderCommit=5430, initializing? false, entries: size=1, first=(t:1, i:5432), METADATAENTRY(c5430)
2019-08-07 03:27:46,999 WARN  server.GrpcLogAppender (GrpcLogAppender.java:timeoutAppendRequest(200)) - GrpcLogAppender(edccc055-c3f5-47df-b30f-76e8836f4c59->932806d8-5f5d-4457-8f95-c9b7f9036eae): appendEntries Timeout, request=edccc055-c3f5-47df-b30f-76e8836f4c59->932806d8-5f5d-4457-8f95-c9b7f9036eae#5440-t1, previous=(t:1, i:5432), leaderCommit=5430, initializing? false, entries: size=1, first=(t:1, i:5433), STATEMACHINELOGENTRY, client-23C834B07313, cid=3589
2019-08-07 03:27:47,000 WARN  server.GrpcLogAppender (GrpcLogAppender.java:timeoutAppendRequest(200)) - GrpcLogAppender(edccc055-c3f5-47df-b30f-76e8836f4c59->f9704f82-adf1-457c-ad29-9b573bc67fa6): appendEntries Timeout, request=edccc055-c3f5-47df-b30f-76e8836f4c59->f9704f82-adf1-457c-ad29-9b573bc67fa6#5440-t1, previous=(t:1, i:5432), leaderCommit=5430, initializing? false, entries: size=1, first=(t:1, i:5433), STATEMACHINELOGENTRY, client-23C834B07313, cid=3589
2019-08-07 03:27:47,000 WARN  server.GrpcLogAppender (GrpcLogAppender.java:timeoutAppendRequest(200)) - GrpcLogAppender(edccc055-c3f5-47df-b30f-76e8836f4c59->932806d8-5f5d-4457-8f95-c9b7f9036eae): appendEntries Timeout, request=edccc055-c3f5-47df-b30f-76e8836f4c59->932806d8-5f5d-4457-8f95-c9b7f9036eae#5441-t1, previous=(t:1, i:5433), leaderCommit=5430, initializing? false, entries: size=1, first=(t:1, i:5434), STATEMACHINELOGENTRY, client-23C834B07313, cid=3590
2019-08-07 03:27:47,000 WARN  server.GrpcLogAppender (GrpcLogAppender.java:timeoutAppendRequest(200)) - GrpcLogAppender(edccc055-c3f5-47df-b30f-76e8836f4c59->f9704f82-adf1-457c-ad29-9b573bc67fa6): appendEntries Timeout, request=edccc055-c3f5-47df-b30f-76e8836f4c59->f9704f82-adf1-457c-ad29-9b573bc67fa6#5441-t1, previous=(t:1, i:5433), leaderCommit=5430, initializing? false, entries: size=1, first=(t:1, i:5434), STATEMACHINELOGENTRY, client-23C834B07313, cid=3590
 0.00% |█                                                                                                    |  0/1 Time: 0:00:43 0.00% |█                                                                                                    |  0/1 Time: 0:00:442019-08-07 03:27:49,089 INFO  client.GrpcClientProtocolClient (GrpcClientProtocolClient.java:onNext(255)) - client-23C834B07313->f9704f82-adf1-457c-ad29-9b573bc67fa6: receive RaftClientReply:client-23C834B07313->f9704f82-adf1-457c-ad29-9b573bc67fa6@group-ED32739C8BBB, cid=3589, FAILED org.apache.ratis.protocol.NotLeaderException: Server f9704f82-adf1-457c-ad29-9b573bc67fa6 is not the leader (edccc055-c3f5-47df-b30f-76e8836f4c59:192.168.69.96:33039). Request must be sent to leader., logIndex=0, commits[f9704f82-adf1-457c-ad29-9b573bc67fa6:c5431, edccc055-c3f5-47df-b30f-76e8836f4c59:c5431, 932806d8-5f5d-4457-8f95-c9b7f9036eae:c5430]
 0.00% |█                                                                                                    |  0/1 Time: 0:00:45 0.00% |█                                                                                                    |  0/1 Time: 0:00:462019-08-07 03:27:51,002 WARN  server.GrpcLogAppender (GrpcLogAppender.java:timeoutAppendRequest(200)) - GrpcLogAppender(edccc055-c3f5-47df-b30f-76e8836f4c59->932806d8-5f5d-4457-8f95-c9b7f9036eae): appendEntries Timeout, request=edccc055-c3f5-47df-b30f-76e8836f4c59->932806d8-5f5d-4457-8f95-c9b7f9036eae#5442-t1, previous=(t:1, i:5434), leaderCommit=5431, initializing? false, entries: <empty>
2019-08-07 03:27:51,007 WARN  server.GrpcLogAppender (GrpcLogAppender.java:timeoutAppendRequest(200)) - GrpcLogAppender(edccc055-c3f5-47df-b30f-76e8836f4c59->f9704f82-adf1-457c-ad29-9b573bc67fa6): appendEntries Timeout, request=edccc055-c3f5-47df-b30f-76e8836f4c59->f9704f82-adf1-457c-ad29-9b573bc67fa6#5442-t1, previous=(t:1, i:5434), leaderCommit=5431, initializing? false, entries: <empty>
2019-08-07 03:27:51,615 WARN  server.GrpcLogAppender (GrpcLogAppender.java:onNextImpl(250)) - org.apache.ratis.grpc.server.GrpcLogAppender$AppendLogResponseHandler@552696e5: Request not found, ignoring reply: edccc055-c3f5-47df-b30f-76e8836f4c59<-f9704f82-adf1-457c-ad29-9b573bc67fa6#5439:OK,SUCCESS,nextIndex:5433,term:1,followerCommit:5431
2019-08-07 03:27:51,615 WARN  server.GrpcLogAppender (GrpcLogAppender.java:onNextImpl(250)) - org.apache.ratis.grpc.server.GrpcLogAppender$AppendLogResponseHandler@318a4845: Request not found, ignoring reply: edccc055-c3f5-47df-b30f-76e8836f4c59<-932806d8-5f5d-4457-8f95-c9b7f9036eae#5439:OK,SUCCESS,nextIndex:5433,term:1,followerCommit:5431
2019-08-07 03:27:51,615 WARN  server.GrpcLogAppender (GrpcLogAppender.java:onNextImpl(250)) - org.apache.ratis.grpc.server.GrpcLogAppender$AppendLogResponseHandler@552696e5: Request not found, ignoring reply: edccc055-c3f5-47df-b30f-76e8836f4c59<-f9704f82-adf1-457c-ad29-9b573bc67fa6#5440:OK,SUCCESS,nextIndex:5434,term:1,followerCommit:5431
2019-08-07 03:27:51,615 WARN  server.GrpcLogAppender (GrpcLogAppender.java:onNextImpl(250)) - org.apache.ratis.grpc.server.GrpcLogAppender$AppendLogResponseHandler@318a4845: Request not found, ignoring reply: edccc055-c3f5-47df-b30f-76e8836f4c59<-932806d8-5f5d-4457-8f95-c9b7f9036eae#5440:OK,SUCCESS,nextIndex:5434,term:1,followerCommit:5431
2019-08-07 03:27:51,616 WARN  server.GrpcLogAppender (GrpcLogAppender.java:onNextImpl(250)) - org.apache.ratis.grpc.server.GrpcLogAppender$AppendLogResponseHandler@552696e5: Request not found, ignoring reply: edccc055-c3f5-47df-b30f-76e8836f4c59<-f9704f82-adf1-457c-ad29-9b573bc67fa6#5441:OK,SUCCESS,nextIndex:5435,term:1,followerCommit:5431
2019-08-07 03:27:51,616 WARN  server.GrpcLogAppender (GrpcLogAppender.java:onNextImpl(250)) - org.apache.ratis.grpc.server.GrpcLogAppender$AppendLogResponseHandler@318a4845: Request not found, ignoring reply: edccc055-c3f5-47df-b30f-76e8836f4c59<-932806d8-5f5d-4457-8f95-c9b7f9036eae#5441:OK,SUCCESS,nextIndex:5435,term:1,followerCommit:5431
2019-08-07 03:27:51,616 WARN  server.GrpcLogAppender (GrpcLogAppender.java:onNextImpl(250)) - org.apache.ratis.grpc.server.GrpcLogAppender$AppendLogResponseHandler@552696e5: Request not found, ignoring reply: edccc055-c3f5-47df-b30f-76e8836f4c59<-f9704f82-adf1-457c-ad29-9b573bc67fa6#5442:OK,SUCCESS,nextIndex:5435,term:1,followerCommit:5431
2019-08-07 03:27:51,616 WARN  server.GrpcLogAppender (GrpcLogAppender.java:onNextImpl(250)) - org.apache.ratis.grpc.server.GrpcLogAppender$AppendLogResponseHandler@318a4845: Request not found, ignoring reply: edccc055-c3f5-47df-b30f-76e8836f4c59<-932806d8-5f5d-4457-8f95-c9b7f9036eae#5442:OK,SUCCESS,nextIndex:5435,term:1,followerCommit:5431
2019-08-07 03:27:51,728 INFO  client.GrpcClientProtocolClient (GrpcClientProtocolClient.java:onNext(255)) - client-23C834B07313->edccc055-c3f5-47df-b30f-76e8836f4c59: receive RaftClientReply:client-23C834B07313->edccc055-c3f5-47df-b30f-76e8836f4c59@group-ED32739C8BBB, cid=3589, SUCCESS, logIndex=5433, commits[edccc055-c3f5-47df-b30f-76e8836f4c59:c5434, f9704f82-adf1-457c-ad29-9b573bc67fa6:c5431, 932806d8-5f5d-4457-8f95-c9b7f9036eae:c5431]
2019-08-07 03:27:51,737 INFO  client.GrpcClientProtocolClient (GrpcClientProtocolClient.java:onNext(255)) - client-23C834B07313->edccc055-c3f5-47df-b30f-76e8836f4c59: receive RaftClientReply:client-23C834B07313->edccc055-c3f5-47df-b30f-76e8836f4c59@group-ED32739C8BBB, cid=3590, SUCCESS, logIndex=5434, commits[edccc055-c3f5-47df-b30f-76e8836f4c59:c5434, f9704f82-adf1-457c-ad29-9b573bc67fa6:c5431, 932806d8-5f5d-4457-8f95-c9b7f9036eae:c5431]
 0.00% |█                                                                                                    |  0/1 Time: 0:00:47 0.00% |█                                                                                                    |  0/1 Time: 0:00:48 0.00% |█                                                                                                    |  0/1 Time: 0:00:492019-08-07 03:27:54,186 INFO  client.GrpcClientProtocolClient (GrpcClientProtocolClient.java:onNext(255)) - client-23C834B07313->edccc055-c3f5-47df-b30f-76e8836f4c59: receive RaftClientReply:client-23C834B07313->edccc055-c3f5-47df-b30f-76e8836f4c59@group-ED32739C8BBB, cid=3591, SUCCESS, logIndex=0, commits[edccc055-c3f5-47df-b30f-76e8836f4c59:c5435, f9704f82-adf1-457c-ad29-9b573bc67fa6:c5434, 932806d8-5f5d-4457-8f95-c9b7f9036eae:c5434]
2019-08-07 03:27:54,260 INFO  client.GrpcClientProtocolClient (GrpcClientProtocolClient.java:onNext(255)) - client-EC489E69FABF->f9704f82-adf1-457c-ad29-9b573bc67fa6: receive RaftClientReply:client-EC489E69FABF->f9704f82-adf1-457c-ad29-9b573bc67fa6@group-ED32739C8BBB, cid=3592, FAILED org.apache.ratis.protocol.NotLeaderException: Server f9704f82-adf1-457c-ad29-9b573bc67fa6 is not the leader (edccc055-c3f5-47df-b30f-76e8836f4c59:192.168.69.96:33039). Request must be sent to leader., logIndex=0, commits[f9704f82-adf1-457c-ad29-9b573bc67fa6:c5434, edccc055-c3f5-47df-b30f-76e8836f4c59:c5434, 932806d8-5f5d-4457-8f95-c9b7f9036eae:c5431]
 0.00% |█                                                                                                    |  0/1 Time: 0:00:50 0.00% |█                                                                                                    |  0/1 Time: 0:00:51 0.00% |█                                                                                                    |  0/1 Time: 0:00:522019-08-07 03:27:57,285 WARN  server.GrpcLogAppender (GrpcLogAppender.java:timeoutAppendRequest(200)) - GrpcLogAppender(edccc055-c3f5-47df-b30f-76e8836f4c59->f9704f82-adf1-457c-ad29-9b573bc67fa6): appendEntries Timeout, request=edccc055-c3f5-47df-b30f-76e8836f4c59->f9704f82-adf1-457c-ad29-9b573bc67fa6#5446-t1, previous=(t:1, i:5435), leaderCommit=5435, initializing? false, entries: size=1, first=(t:1, i:5436), STATEMACHINELOGENTRY, client-EC489E69FABF, cid=3592
2019-08-07 03:27:57,285 WARN  server.GrpcLogAppender (GrpcLogAppender.java:timeoutAppendRequest(200)) - GrpcLogAppender(edccc055-c3f5-47df-b30f-76e8836f4c59->932806d8-5f5d-4457-8f95-c9b7f9036eae): appendEntries Timeout, request=edccc055-c3f5-47df-b30f-76e8836f4c59->932806d8-5f5d-4457-8f95-c9b7f9036eae#5446-t1, previous=(t:1, i:5435), leaderCommit=5435, initializing? false, entries: size=1, first=(t:1, i:5436), STATEMACHINELOGENTRY, client-EC489E69FABF, cid=3592
 0.00% |█                                                                                                    |  0/1 Time: 0:00:53 0.00% |█                                                                                                    |  0/1 Time: 0:00:542019-08-07 03:27:59,322 INFO  client.GrpcClientProtocolClient (GrpcClientProtocolClient.java:onNext(255)) - client-EC489E69FABF->932806d8-5f5d-4457-8f95-c9b7f9036eae: receive RaftClientReply:client-EC489E69FABF->932806d8-5f5d-4457-8f95-c9b7f9036eae@group-ED32739C8BBB, cid=3592, FAILED org.apache.ratis.protocol.NotLeaderException: Server 932806d8-5f5d-4457-8f95-c9b7f9036eae is not the leader (edccc055-c3f5-47df-b30f-76e8836f4c59:192.168.69.96:33039). Request must be sent to leader., logIndex=0, commits[932806d8-5f5d-4457-8f95-c9b7f9036eae:c5435, f9704f82-adf1-457c-ad29-9b573bc67fa6:c5434, edccc055-c3f5-47df-b30f-76e8836f4c59:c5435]
2019-08-07 03:27:59,786 WARN  server.GrpcLogAppender (GrpcLogAppender.java:timeoutAppendRequest(200)) - GrpcLogAppender(edccc055-c3f5-47df-b30f-76e8836f4c59->f9704f82-adf1-457c-ad29-9b573bc67fa6): appendEntries Timeout, request=edccc055-c3f5-47df-b30f-76e8836f4c59->f9704f82-adf1-457c-ad29-9b573bc67fa6#5447-t1, previous=(t:1, i:5436), leaderCommit=5435, initializing? false, entries: <empty>
2019-08-07 03:27:59,786 WARN  server.GrpcLogAppender (GrpcLogAppender.java:timeoutAppendRequest(200)) - GrpcLogAppender(edccc055-c3f5-47df-b30f-76e8836f4c59->932806d8-5f5d-4457-8f95-c9b7f9036eae): appendEntries Timeout, request=edccc055-c3f5-47df-b30f-76e8836f4c59->932806d8-5f5d-4457-8f95-c9b7f9036eae#5447-t1, previous=(t:1, i:5436), leaderCommit=5435, initializing? false, entries: <empty>
 0.00% |█                                                                                                    |  0/1 Time: 0:00:552019-08-07 03:28:00,565 WARN  server.GrpcLogAppender (GrpcLogAppender.java:onNextImpl(250)) - org.apache.ratis.grpc.server.GrpcLogAppender$AppendLogResponseHandler@318a4845: Request not found, ignoring reply: edccc055-c3f5-47df-b30f-76e8836f4c59<-932806d8-5f5d-4457-8f95-c9b7f9036eae#5446:OK,SUCCESS,nextIndex:5437,term:1,followerCommit:5435
2019-08-07 03:28:00,565 WARN  server.GrpcLogAppender (GrpcLogAppender.java:onNextImpl(250)) - org.apache.ratis.grpc.server.GrpcLogAppender$AppendLogResponseHandler@552696e5: Request not found, ignoring reply: edccc055-c3f5-47df-b30f-76e8836f4c59<-f9704f82-adf1-457c-ad29-9b573bc67fa6#5446:OK,SUCCESS,nextIndex:5437,term:1,followerCommit:5435
2019-08-07 03:28:00,565 WARN  server.GrpcLogAppender (GrpcLogAppender.java:onNextImpl(250)) - org.apache.ratis.grpc.server.GrpcLogAppender$AppendLogResponseHandler@318a4845: Request not found, ignoring reply: edccc055-c3f5-47df-b30f-76e8836f4c59<-932806d8-5f5d-4457-8f95-c9b7f9036eae#5447:OK,SUCCESS,nextIndex:5437,term:1,followerCommit:5435
2019-08-07 03:28:00,565 WARN  server.GrpcLogAppender (GrpcLogAppender.java:onNextImpl(250)) - org.apache.ratis.grpc.server.GrpcLogAppender$AppendLogResponseHandler@552696e5: Request not found, ignoring reply: edccc055-c3f5-47df-b30f-76e8836f4c59<-f9704f82-adf1-457c-ad29-9b573bc67fa6#5447:OK,SUCCESS,nextIndex:5437,term:1,followerCommit:5435
 0.00% |█                                                                                                    |  0/1 Time: 0:00:562019-08-07 03:28:01,356 INFO  client.GrpcClientProtocolClient (GrpcClientProtocolClient.java:onNext(255)) - client-EC489E69FABF->edccc055-c3f5-47df-b30f-76e8836f4c59: receive RaftClientReply:client-EC489E69FABF->edccc055-c3f5-47df-b30f-76e8836f4c59@group-ED32739C8BBB, cid=3592, SUCCESS, logIndex=5436, commits[edccc055-c3f5-47df-b30f-76e8836f4c59:c5436, f9704f82-adf1-457c-ad29-9b573bc67fa6:c5435, 932806d8-5f5d-4457-8f95-c9b7f9036eae:c5435]
 0.00% |█                                                                                                    |  0/1 Time: 0:00:57 0.00% |█                                                                                                    |  0/1 Time: 0:00:582019-08-07 03:28:03,473 INFO  client.GrpcClientProtocolClient (GrpcClientProtocolClient.java:onNext(255)) - client-EC489E69FABF->edccc055-c3f5-47df-b30f-76e8836f4c59: receive RaftClientReply:client-EC489E69FABF->edccc055-c3f5-47df-b30f-76e8836f4c59@group-ED32739C8BBB, cid=3593, SUCCESS, logIndex=5438, commits[edccc055-c3f5-47df-b30f-76e8836f4c59:c5440, f9704f82-adf1-457c-ad29-9b573bc67fa6:c5436, 932806d8-5f5d-4457-8f95-c9b7f9036eae:c5436]
2019-08-07 03:28:03,474 INFO  client.GrpcClientProtocolClient (GrpcClientProtocolClient.java:onNext(255)) - client-EC489E69FABF->edccc055-c3f5-47df-b30f-76e8836f4c59: receive RaftClientReply:client-EC489E69FABF->edccc055-c3f5-47df-b30f-76e8836f4c59@group-ED32739C8BBB, cid=3594, SUCCESS, logIndex=5439, commits[edccc055-c3f5-47df-b30f-76e8836f4c59:c5440, f9704f82-adf1-457c-ad29-9b573bc67fa6:c5436, 932806d8-5f5d-4457-8f95-c9b7f9036eae:c5436]
2019-08-07 03:28:03,475 INFO  client.GrpcClientProtocolClient (GrpcClientProtocolClient.java:onNext(255)) - client-EC489E69FABF->edccc055-c3f5-47df-b30f-76e8836f4c59: receive RaftClientReply:client-EC489E69FABF->edccc055-c3f5-47df-b30f-76e8836f4c59@group-ED32739C8BBB, cid=3595, SUCCESS, logIndex=5440, commits[edccc055-c3f5-47df-b30f-76e8836f4c59:c5440, f9704f82-adf1-457c-ad29-9b573bc67fa6:c5436, 932806d8-5f5d-4457-8f95-c9b7f9036eae:c5436]
 0.00% |█                                                                                                    |  0/1 Time: 0:00:59 0.00% |█                                                                                                    |  0/1 Time: 0:01:00 0.00% |█                                                                                                    |  0/1 Time: 0:01:012019-08-07 03:28:06,465 WARN  server.GrpcLogAppender (GrpcLogAppender.java:timeoutAppendRequest(200)) - GrpcLogAppender(edccc055-c3f5-47df-b30f-76e8836f4c59->f9704f82-adf1-457c-ad29-9b573bc67fa6): appendEntries Timeout, request=edccc055-c3f5-47df-b30f-76e8836f4c59->f9704f82-adf1-457c-ad29-9b573bc67fa6#5453-t1, previous=(t:1, i:5440), leaderCommit=5439, initializing? false, entries: size=1, first=(t:1, i:5441), METADATAENTRY(c5438)
2019-08-07 03:28:06,465 WARN  server.GrpcLogAppender (GrpcLogAppender.java:timeoutAppendRequest(200)) - GrpcLogAppender(edccc055-c3f5-47df-b30f-76e8836f4c59->932806d8-5f5d-4457-8f95-c9b7f9036eae): appendEntries Timeout, request=edccc055-c3f5-47df-b30f-76e8836f4c59->932806d8-5f5d-4457-8f95-c9b7f9036eae#5453-t1, previous=(t:1, i:5440), leaderCommit=5439, initializing? false, entries: size=1, first=(t:1, i:5441), METADATAENTRY(c5438)
2019-08-07 03:28:06,466 WARN  server.GrpcLogAppender (GrpcLogAppender.java:timeoutAppendRequest(200)) - GrpcLogAppender(edccc055-c3f5-47df-b30f-76e8836f4c59->f9704f82-adf1-457c-ad29-9b573bc67fa6): appendEntries Timeout, request=edccc055-c3f5-47df-b30f-76e8836f4c59->f9704f82-adf1-457c-ad29-9b573bc67fa6#5454-t1, previous=(t:1, i:5441), leaderCommit=5440, initializing? false, entries: size=1, first=(t:1, i:5442), METADATAENTRY(c5439)
2019-08-07 03:28:06,466 WARN  server.GrpcLogAppender (GrpcLogAppender.java:timeoutAppendRequest(200)) - GrpcLogAppender(edccc055-c3f5-47df-b30f-76e8836f4c59->932806d8-5f5d-4457-8f95-c9b7f9036eae): appendEntries Timeout, request=edccc055-c3f5-47df-b30f-76e8836f4c59->932806d8-5f5d-4457-8f95-c9b7f9036eae#5454-t1, previous=(t:1, i:5441), leaderCommit=5440, initializing? false, entries: size=1, first=(t:1, i:5442), METADATAENTRY(c5439)
2019-08-07 03:28:06,466 WARN  server.GrpcLogAppender (GrpcLogAppender.java:timeoutAppendRequest(200)) - GrpcLogAppender(edccc055-c3f5-47df-b30f-76e8836f4c59->f9704f82-adf1-457c-ad29-9b573bc67fa6): appendEntries Timeout, request=edccc055-c3f5-47df-b30f-76e8836f4c59->f9704f82-adf1-457c-ad29-9b573bc67fa6#5455-t1, previous=(t:1, i:5442), leaderCommit=5440, initializing? false, entries: size=1, first=(t:1, i:5443), METADATAENTRY(c5440)
2019-08-07 03:28:06,466 WARN  server.GrpcLogAppender (GrpcLogAppender.java:timeoutAppendRequest(200)) - GrpcLogAppender(edccc055-c3f5-47df-b30f-76e8836f4c59->932806d8-5f5d-4457-8f95-c9b7f9036eae): appendEntries Timeout, request=edccc055-c3f5-47df-b30f-76e8836f4c59->932806d8-5f5d-4457-8f95-c9b7f9036eae#5455-t1, previous=(t:1, i:5442), leaderCommit=5440, initializing? false, entries: size=1, first=(t:1, i:5443), METADATAENTRY(c5440)
 0.00% |█                                                                                                    |  0/1 Time: 0:01:022019-08-07 03:28:07,277 WARN  server.GrpcLogAppender (GrpcLogAppender.java:onNextImpl(250)) - org.apache.ratis.grpc.server.GrpcLogAppender$AppendLogResponseHandler@318a4845: Request not found, ignoring reply: edccc055-c3f5-47df-b30f-76e8836f4c59<-932806d8-5f5d-4457-8f95-c9b7f9036eae#5453:OK,SUCCESS,nextIndex:5442,term:1,followerCommit:5440
2019-08-07 03:28:07,277 WARN  server.GrpcLogAppender (GrpcLogAppender.java:onNextImpl(250)) - org.apache.ratis.grpc.server.GrpcLogAppender$AppendLogResponseHandler@318a4845: Request not found, ignoring reply: edccc055-c3f5-47df-b30f-76e8836f4c59<-932806d8-5f5d-4457-8f95-c9b7f9036eae#5454:OK,SUCCESS,nextIndex:5443,term:1,followerCommit:5440
2019-08-07 03:28:07,278 WARN  server.GrpcLogAppender (GrpcLogAppender.java:onNextImpl(250)) - org.apache.ratis.grpc.server.GrpcLogAppender$AppendLogResponseHandler@318a4845: Request not found, ignoring reply: edccc055-c3f5-47df-b30f-76e8836f4c59<-932806d8-5f5d-4457-8f95-c9b7f9036eae#5455:OK,SUCCESS,nextIndex:5444,term:1,followerCommit:5440
2019-08-07 03:28:07,289 WARN  server.GrpcLogAppender (GrpcLogAppender.java:onNextImpl(250)) - org.apache.ratis.grpc.server.GrpcLogAppender$AppendLogResponseHandler@552696e5: Request not found, ignoring reply: edccc055-c3f5-47df-b30f-76e8836f4c59<-f9704f82-adf1-457c-ad29-9b573bc67fa6#5453:OK,SUCCESS,nextIndex:5442,term:1,followerCommit:5440
 0.00% |█                                                                                                    |  0/1 Time: 0:01:032019-08-07 03:28:08,479 WARN  scm.XceiverClientRatis (XceiverClientRatis.java:watchForCommit(262)) - 3 way commit failed on pipeline Pipeline[ Id: 76fe8180-f12d-4da2-ac27-ed32739c8bbb, Nodes: f9704f82-adf1-457c-ad29-9b573bc67fa6{ip: 192.168.69.96, host: byscane-nightly-ds7lx-2808017825, networkLocation: /default-rack, certSerialId: null}edccc055-c3f5-47df-b30f-76e8836f4c59{ip: 192.168.69.96, host: byscane-nightly-ds7lx-2808017825, networkLocation: /default-rack, certSerialId: null}932806d8-5f5d-4457-8f95-c9b7f9036eae{ip: 192.168.69.96, host: byscane-nightly-ds7lx-2808017825, networkLocation: /default-rack, certSerialId: null}, Type:RATIS, Factor:THREE, State:OPEN]
java.util.concurrent.TimeoutException
	at java.util.concurrent.CompletableFuture.timedGet(CompletableFuture.java:1771)
	at java.util.concurrent.CompletableFuture.get(CompletableFuture.java:1915)
	at org.apache.hadoop.hdds.scm.XceiverClientRatis.watchForCommit(XceiverClientRatis.java:259)
	at org.apache.hadoop.hdds.scm.storage.CommitWatcher.watchForCommit(CommitWatcher.java:194)
	at org.apache.hadoop.hdds.scm.storage.CommitWatcher.watchOnFirstIndex(CommitWatcher.java:135)
	at org.apache.hadoop.hdds.scm.storage.BlockOutputStream.watchForCommit(BlockOutputStream.java:347)
	at org.apache.hadoop.hdds.scm.storage.BlockOutputStream.handleFullBuffer(BlockOutputStream.java:324)
	at org.apache.hadoop.hdds.scm.storage.BlockOutputStream.write(BlockOutputStream.java:251)
	at org.apache.hadoop.ozone.client.io.BlockOutputStreamEntry.write(BlockOutputStreamEntry.java:129)
	at org.apache.hadoop.ozone.client.io.KeyOutputStream.handleWrite(KeyOutputStream.java:211)
	at org.apache.hadoop.ozone.client.io.KeyOutputStream.write(KeyOutputStream.java:193)
	at org.apache.hadoop.ozone.client.io.OzoneOutputStream.write(OzoneOutputStream.java:49)
	at org.apache.hadoop.ozone.freon.RandomKeyGenerator.createKey(RandomKeyGenerator.java:703)
	at org.apache.hadoop.ozone.freon.RandomKeyGenerator.access$1100(RandomKeyGenerator.java:88)
	at org.apache.hadoop.ozone.freon.RandomKeyGenerator$ObjectCreator.run(RandomKeyGenerator.java:609)
	at java.util.concurrent.Executors$RunnableAdapter.call(Executors.java:511)
	at java.util.concurrent.FutureTask.run(FutureTask.java:266)
	at java.util.concurrent.ThreadPoolExecutor.runWorker(ThreadPoolExecutor.java:1149)
	at java.util.concurrent.ThreadPoolExecutor$Worker.run(ThreadPoolExecutor.java:624)
	at java.lang.Thread.run(Thread.java:748)
2019-08-07 03:28:08,488 INFO  client.GrpcClientProtocolClient (GrpcClientProtocolClient.java:onNext(255)) - client-EC489E69FABF->edccc055-c3f5-47df-b30f-76e8836f4c59: receive RaftClientReply:client-EC489E69FABF->edccc055-c3f5-47df-b30f-76e8836f4c59@group-ED32739C8BBB, cid=3597, SUCCESS, logIndex=0, commits[edccc055-c3f5-47df-b30f-76e8836f4c59:c5441, f9704f82-adf1-457c-ad29-9b573bc67fa6:c5436, 932806d8-5f5d-4457-8f95-c9b7f9036eae:c5440]
2019-08-07 03:28:08,491 INFO  scm.XceiverClientRatis (XceiverClientRatis.java:lambda$watchForCommit$7(280)) - Could not commit index 5438 on pipeline Pipeline[ Id: 76fe8180-f12d-4da2-ac27-ed32739c8bbb, Nodes: f9704f82-adf1-457c-ad29-9b573bc67fa6{ip: 192.168.69.96, host: byscane-nightly-ds7lx-2808017825, networkLocation: /default-rack, certSerialId: null}edccc055-c3f5-47df-b30f-76e8836f4c59{ip: 192.168.69.96, host: byscane-nightly-ds7lx-2808017825, networkLocation: /default-rack, certSerialId: null}932806d8-5f5d-4457-8f95-c9b7f9036eae{ip: 192.168.69.96, host: byscane-nightly-ds7lx-2808017825, networkLocation: /default-rack, certSerialId: null}, Type:RATIS, Factor:THREE, State:OPEN] to all the nodes. Server f9704f82-adf1-457c-ad29-9b573bc67fa6 has failed. Committed by majority.
2019-08-07 03:28:08,493 WARN  storage.BlockOutputStream (BlockOutputStream.java:watchForCommit(353)) - Failed to commit BlockId conID: 1 locID: 102573570406482622 bcsId: 5440 on Pipeline[ Id: 76fe8180-f12d-4da2-ac27-ed32739c8bbb, Nodes: f9704f82-adf1-457c-ad29-9b573bc67fa6{ip: 192.168.69.96, host: byscane-nightly-ds7lx-2808017825, networkLocation: /default-rack, certSerialId: null}edccc055-c3f5-47df-b30f-76e8836f4c59{ip: 192.168.69.96, host: byscane-nightly-ds7lx-2808017825, networkLocation: /default-rack, certSerialId: null}932806d8-5f5d-4457-8f95-c9b7f9036eae{ip: 192.168.69.96, host: byscane-nightly-ds7lx-2808017825, networkLocation: /default-rack, certSerialId: null}, Type:RATIS, Factor:THREE, State:OPEN]. Failed nodes: [f9704f82-adf1-457c-ad29-9b573bc67fa6{ip: null, host: null, networkLocation: /default-rack, certSerialId: null}]
2019-08-07 03:28:08,966 WARN  server.GrpcLogAppender (GrpcLogAppender.java:timeoutAppendRequest(200)) - GrpcLogAppender(edccc055-c3f5-47df-b30f-76e8836f4c59->f9704f82-adf1-457c-ad29-9b573bc67fa6): appendEntries Timeout, request=edccc055-c3f5-47df-b30f-76e8836f4c59->f9704f82-adf1-457c-ad29-9b573bc67fa6#5456-t1, previous=(t:1, i:5443), leaderCommit=5440, initializing? false, entries: <empty>
 0.00% |█                                                                                                    |  0/1 Time: 0:01:04 0.00% |█                                                                                                    |  0/1 Time: 0:01:05 0.00% |█                                                                                                    |  0/1 Time: 0:01:062019-08-07 03:28:11,502 WARN  server.GrpcLogAppender (GrpcLogAppender.java:timeoutAppendRequest(200)) - GrpcLogAppender(edccc055-c3f5-47df-b30f-76e8836f4c59->932806d8-5f5d-4457-8f95-c9b7f9036eae): appendEntries Timeout, request=edccc055-c3f5-47df-b30f-76e8836f4c59->932806d8-5f5d-4457-8f95-c9b7f9036eae#5457-t1, previous=(t:1, i:5443), leaderCommit=5441, initializing? false, entries: size=1, first=(t:1, i:5444), STATEMACHINELOGENTRY, client-EC489E69FABF, cid=3598
2019-08-07 03:28:11,502 WARN  server.GrpcLogAppender (GrpcLogAppender.java:timeoutAppendRequest(200)) - GrpcLogAppender(edccc055-c3f5-47df-b30f-76e8836f4c59->f9704f82-adf1-457c-ad29-9b573bc67fa6): appendEntries Timeout, request=edccc055-c3f5-47df-b30f-76e8836f4c59->f9704f82-adf1-457c-ad29-9b573bc67fa6#5457-t1, previous=(t:1, i:5443), leaderCommit=5441, initializing? false, entries: size=1, first=(t:1, i:5444), STATEMACHINELOGENTRY, client-EC489E69FABF, cid=3598
2019-08-07 03:28:11,505 WARN  server.GrpcLogAppender (GrpcLogAppender.java:timeoutAppendRequest(200)) - GrpcLogAppender(edccc055-c3f5-47df-b30f-76e8836f4c59->932806d8-5f5d-4457-8f95-c9b7f9036eae): appendEntries Timeout, request=edccc055-c3f5-47df-b30f-76e8836f4c59->932806d8-5f5d-4457-8f95-c9b7f9036eae#5458-t1, previous=(t:1, i:5444), leaderCommit=5441, initializing? false, entries: size=1, first=(t:1, i:5445), STATEMACHINELOGENTRY, client-EC489E69FABF, cid=3599
2019-08-07 03:28:11,505 WARN  server.GrpcLogAppender (GrpcLogAppender.java:timeoutAppendRequest(200)) - GrpcLogAppender(edccc055-c3f5-47df-b30f-76e8836f4c59->f9704f82-adf1-457c-ad29-9b573bc67fa6): appendEntries Timeout, request=edccc055-c3f5-47df-b30f-76e8836f4c59->f9704f82-adf1-457c-ad29-9b573bc67fa6#5458-t1, previous=(t:1, i:5444), leaderCommit=5441, initializing? false, entries: size=1, first=(t:1, i:5445), STATEMACHINELOGENTRY, client-EC489E69FABF, cid=3599
 0.00% |█                                                                                                    |  0/1 Time: 0:01:07 0.00% |█                                                                                                    |  0/1 Time: 0:01:082019-08-07 03:28:13,531 INFO  client.GrpcClientProtocolService (GrpcClientProtocolService.java:lambda$processClientRequest$0(278)) - Failed RaftClientRequest:client-EC489E69FABF->932806d8-5f5d-4457-8f95-c9b7f9036eae@group-ED32739C8BBB, cid=3596, seq=0, Watch-ALL_COMMITTED(5438), Message:<EMPTY>, reply=RaftClientReply:client-EC489E69FABF->932806d8-5f5d-4457-8f95-c9b7f9036eae@group-ED32739C8BBB, cid=3596, FAILED org.apache.ratis.protocol.NotLeaderException: Server 932806d8-5f5d-4457-8f95-c9b7f9036eae is not the leader (edccc055-c3f5-47df-b30f-76e8836f4c59:192.168.69.96:33039). Request must be sent to leader., logIndex=0, commits[932806d8-5f5d-4457-8f95-c9b7f9036eae:c5441, f9704f82-adf1-457c-ad29-9b573bc67fa6:c5436, edccc055-c3f5-47df-b30f-76e8836f4c59:c5441]
2019-08-07 03:28:13,537 INFO  client.GrpcClientProtocolClient (GrpcClientProtocolClient.java:onNext(255)) - client-EC489E69FABF->932806d8-5f5d-4457-8f95-c9b7f9036eae: receive RaftClientReply:client-EC489E69FABF->932806d8-5f5d-4457-8f95-c9b7f9036eae@group-ED32739C8BBB, cid=3596, FAILED org.apache.ratis.protocol.NotLeaderException: Server 932806d8-5f5d-4457-8f95-c9b7f9036eae is not the leader (edccc055-c3f5-47df-b30f-76e8836f4c59:192.168.69.96:33039). Request must be sent to leader., logIndex=0, commits[932806d8-5f5d-4457-8f95-c9b7f9036eae:c5441, f9704f82-adf1-457c-ad29-9b573bc67fa6:c5436, edccc055-c3f5-47df-b30f-76e8836f4c59:c5441]
2019-08-07 03:28:13,543 INFO  client.GrpcClientProtocolClient (GrpcClientProtocolClient.java:onNext(255)) - client-EC489E69FABF->932806d8-5f5d-4457-8f95-c9b7f9036eae: receive RaftClientReply:client-EC489E69FABF->932806d8-5f5d-4457-8f95-c9b7f9036eae@group-ED32739C8BBB, cid=3598, FAILED org.apache.ratis.protocol.NotLeaderException: Server 932806d8-5f5d-4457-8f95-c9b7f9036eae is not the leader (edccc055-c3f5-47df-b30f-76e8836f4c59:192.168.69.96:33039). Request must be sent to leader., logIndex=0, commits[932806d8-5f5d-4457-8f95-c9b7f9036eae:c5441, f9704f82-adf1-457c-ad29-9b573bc67fa6:c5436, edccc055-c3f5-47df-b30f-76e8836f4c59:c5441]
2019-08-07 03:28:13,799 WARN  server.GrpcLogAppender (GrpcLogAppender.java:onNextImpl(250)) - org.apache.ratis.grpc.server.GrpcLogAppender$AppendLogResponseHandler@552696e5: Request not found, ignoring reply: edccc055-c3f5-47df-b30f-76e8836f4c59<-f9704f82-adf1-457c-ad29-9b573bc67fa6#5454:OK,SUCCESS,nextIndex:5443,term:1,followerCommit:5441
2019-08-07 03:28:13,801 WARN  server.GrpcLogAppender (GrpcLogAppender.java:onNextImpl(250)) - org.apache.ratis.grpc.server.GrpcLogAppender$AppendLogResponseHandler@552696e5: Request not found, ignoring reply: edccc055-c3f5-47df-b30f-76e8836f4c59<-f9704f82-adf1-457c-ad29-9b573bc67fa6#5455:OK,SUCCESS,nextIndex:5444,term:1,followerCommit:5441
2019-08-07 03:28:13,801 WARN  server.GrpcLogAppender (GrpcLogAppender.java:onNextImpl(250)) - org.apache.ratis.grpc.server.GrpcLogAppender$AppendLogResponseHandler@552696e5: Request not found, ignoring reply: edccc055-c3f5-47df-b30f-76e8836f4c59<-f9704f82-adf1-457c-ad29-9b573bc67fa6#5456:OK,SUCCESS,nextIndex:5444,term:1,followerCommit:5440
2019-08-07 03:28:13,826 WARN  server.GrpcLogAppender (GrpcLogAppender.java:onNextImpl(250)) - org.apache.ratis.grpc.server.GrpcLogAppender$AppendLogResponseHandler@318a4845: Request not found, ignoring reply: edccc055-c3f5-47df-b30f-76e8836f4c59<-932806d8-5f5d-4457-8f95-c9b7f9036eae#5457:OK,SUCCESS,nextIndex:5445,term:1,followerCommit:5441
2019-08-07 03:28:13,826 WARN  server.GrpcLogAppender (GrpcLogAppender.java:onNextImpl(250)) - org.apache.ratis.grpc.server.GrpcLogAppender$AppendLogResponseHandler@318a4845: Request not found, ignoring reply: edccc055-c3f5-47df-b30f-76e8836f4c59<-932806d8-5f5d-4457-8f95-c9b7f9036eae#5458:OK,SUCCESS,nextIndex:5446,term:1,followerCommit:5441
2019-08-07 03:28:13,884 INFO  client.GrpcClientProtocolService (GrpcClientProtocolService.java:lambda$processClientRequest$0(278)) - Failed RaftClientRequest:client-EC489E69FABF->edccc055-c3f5-47df-b30f-76e8836f4c59@group-ED32739C8BBB, cid=3596, seq=0, Watch-ALL_COMMITTED(5438), Message:<EMPTY>, reply=RaftClientReply:client-EC489E69FABF->edccc055-c3f5-47df-b30f-76e8836f4c59@group-ED32739C8BBB, cid=3596, FAILED org.apache.ratis.protocol.NotReplicatedException: Request with call Id 3596 and log index 5438 is not yet replicated to ALL_COMMITTED, logIndex=5438, commits[edccc055-c3f5-47df-b30f-76e8836f4c59:c5443, f9704f82-adf1-457c-ad29-9b573bc67fa6:c5436, 932806d8-5f5d-4457-8f95-c9b7f9036eae:c5441]
 0.00% |█                                                                                                    |  0/1 Time: 0:01:092019-08-07 03:28:14,002 WARN  server.GrpcLogAppender (GrpcLogAppender.java:timeoutAppendRequest(200)) - GrpcLogAppender(edccc055-c3f5-47df-b30f-76e8836f4c59->f9704f82-adf1-457c-ad29-9b573bc67fa6): appendEntries Timeout, request=edccc055-c3f5-47df-b30f-76e8836f4c59->f9704f82-adf1-457c-ad29-9b573bc67fa6#5459-t1, previous=(t:1, i:5445), leaderCommit=5441, initializing? false, entries: <empty>
 0.00% |█                                                                                                    |  0/1 Time: 0:01:10 0.00% |█                                                                                                    |  0/1 Time: 0:01:112019-08-07 03:28:16,502 WARN  server.GrpcLogAppender (GrpcLogAppender.java:timeoutAppendRequest(200)) - GrpcLogAppender(edccc055-c3f5-47df-b30f-76e8836f4c59->f9704f82-adf1-457c-ad29-9b573bc67fa6): appendEntries Timeout, request=edccc055-c3f5-47df-b30f-76e8836f4c59->f9704f82-adf1-457c-ad29-9b573bc67fa6#5460-t1, previous=(t:1, i:5445), leaderCommit=5441, initializing? false, entries: <empty>
 0.00% |█                                                                                                    |  0/1 Time: 0:01:122019-08-07 03:28:17,884 INFO  client.GrpcClientProtocolService (GrpcClientProtocolService.java:lambda$processClientRequest$0(278)) - Failed RaftClientRequest:client-EC489E69FABF->edccc055-c3f5-47df-b30f-76e8836f4c59@group-ED32739C8BBB, cid=3596, seq=0, Watch-ALL_COMMITTED(5438), Message:<EMPTY>, reply=RaftClientReply:client-EC489E69FABF->edccc055-c3f5-47df-b30f-76e8836f4c59@group-ED32739C8BBB, cid=3596, FAILED org.apache.ratis.protocol.NotReplicatedException: Request with call Id 3596 and log index 5438 is not yet replicated to ALL_COMMITTED, logIndex=5438, commits[edccc055-c3f5-47df-b30f-76e8836f4c59:c5443, f9704f82-adf1-457c-ad29-9b573bc67fa6:c5436, 932806d8-5f5d-4457-8f95-c9b7f9036eae:c5443]
 0.00% |█                                                                                                    |  0/1 Time: 0:01:132019-08-07 03:28:18,602 INFO  client.GrpcClientProtocolService (GrpcClientProtocolService.java:lambda$processClientRequest$0(278)) - Failed RaftClientRequest:client-EC489E69FABF->f9704f82-adf1-457c-ad29-9b573bc67fa6@group-ED32739C8BBB, cid=3596, seq=0, Watch-ALL_COMMITTED(5438), Message:<EMPTY>, reply=RaftClientReply:client-EC489E69FABF->f9704f82-adf1-457c-ad29-9b573bc67fa6@group-ED32739C8BBB, cid=3596, FAILED org.apache.ratis.protocol.NotLeaderException: Server f9704f82-adf1-457c-ad29-9b573bc67fa6 is not the leader (edccc055-c3f5-47df-b30f-76e8836f4c59:192.168.69.96:33039). Request must be sent to leader., logIndex=0, commits[f9704f82-adf1-457c-ad29-9b573bc67fa6:c5443, edccc055-c3f5-47df-b30f-76e8836f4c59:c5443, 932806d8-5f5d-4457-8f95-c9b7f9036eae:c5441]
2019-08-07 03:28:18,607 INFO  client.GrpcClientProtocolClient (GrpcClientProtocolClient.java:onNext(255)) - client-EC489E69FABF->f9704f82-adf1-457c-ad29-9b573bc67fa6: receive RaftClientReply:client-EC489E69FABF->f9704f82-adf1-457c-ad29-9b573bc67fa6@group-ED32739C8BBB, cid=3596, FAILED org.apache.ratis.protocol.NotLeaderException: Server f9704f82-adf1-457c-ad29-9b573bc67fa6 is not the leader (edccc055-c3f5-47df-b30f-76e8836f4c59:192.168.69.96:33039). Request must be sent to leader., logIndex=0, commits[f9704f82-adf1-457c-ad29-9b573bc67fa6:c5443, edccc055-c3f5-47df-b30f-76e8836f4c59:c5443, 932806d8-5f5d-4457-8f95-c9b7f9036eae:c5441]
2019-08-07 03:28:18,617 INFO  client.GrpcClientProtocolClient (GrpcClientProtocolClient.java:onNext(255)) - client-EC489E69FABF->f9704f82-adf1-457c-ad29-9b573bc67fa6: receive RaftClientReply:client-EC489E69FABF->f9704f82-adf1-457c-ad29-9b573bc67fa6@group-ED32739C8BBB, cid=3598, FAILED org.apache.ratis.protocol.NotLeaderException: Server f9704f82-adf1-457c-ad29-9b573bc67fa6 is not the leader (edccc055-c3f5-47df-b30f-76e8836f4c59:192.168.69.96:33039). Request must be sent to leader., logIndex=0, commits[f9704f82-adf1-457c-ad29-9b573bc67fa6:c5443, edccc055-c3f5-47df-b30f-76e8836f4c59:c5443, 932806d8-5f5d-4457-8f95-c9b7f9036eae:c5441]
2019-08-07 03:28:18,799 WARN  server.GrpcLogAppender (GrpcLogAppender.java:onNextImpl(250)) - org.apache.ratis.grpc.server.GrpcLogAppender$AppendLogResponseHandler@552696e5: Request not found, ignoring reply: edccc055-c3f5-47df-b30f-76e8836f4c59<-f9704f82-adf1-457c-ad29-9b573bc67fa6#5457:OK,SUCCESS,nextIndex:5445,term:1,followerCommit:5443
2019-08-07 03:28:18,812 WARN  server.GrpcLogAppender (GrpcLogAppender.java:onNextImpl(250)) - org.apache.ratis.grpc.server.GrpcLogAppender$AppendLogResponseHandler@552696e5: Request not found, ignoring reply: edccc055-c3f5-47df-b30f-76e8836f4c59<-f9704f82-adf1-457c-ad29-9b573bc67fa6#5458:OK,SUCCESS,nextIndex:5446,term:1,followerCommit:5443
2019-08-07 03:28:18,813 WARN  server.GrpcLogAppender (GrpcLogAppender.java:onNextImpl(250)) - org.apache.ratis.grpc.server.GrpcLogAppender$AppendLogResponseHandler@552696e5: Request not found, ignoring reply: edccc055-c3f5-47df-b30f-76e8836f4c59<-f9704f82-adf1-457c-ad29-9b573bc67fa6#5459:OK,SUCCESS,nextIndex:5446,term:1,followerCommit:5441
2019-08-07 03:28:18,813 WARN  server.GrpcLogAppender (GrpcLogAppender.java:onNextImpl(250)) - org.apache.ratis.grpc.server.GrpcLogAppender$AppendLogResponseHandler@552696e5: Request not found, ignoring reply: edccc055-c3f5-47df-b30f-76e8836f4c59<-f9704f82-adf1-457c-ad29-9b573bc67fa6#5460:OK,SUCCESS,nextIndex:5446,term:1,followerCommit:5441
2019-08-07 03:28:18,820 INFO  client.GrpcClientProtocolClient (GrpcClientProtocolClient.java:onNext(255)) - client-EC489E69FABF->edccc055-c3f5-47df-b30f-76e8836f4c59: receive RaftClientReply:client-EC489E69FABF->edccc055-c3f5-47df-b30f-76e8836f4c59@group-ED32739C8BBB, cid=3596, SUCCESS, logIndex=0, commits[edccc055-c3f5-47df-b30f-76e8836f4c59:c5445, f9704f82-adf1-457c-ad29-9b573bc67fa6:c5443, 932806d8-5f5d-4457-8f95-c9b7f9036eae:c5443]
 0.00% |█                                                                                                    |  0/1 Time: 0:01:142019-08-07 03:28:19,627 INFO  client.GrpcClientProtocolClient (GrpcClientProtocolClient.java:onNext(255)) - client-EC489E69FABF->edccc055-c3f5-47df-b30f-76e8836f4c59: receive RaftClientReply:client-EC489E69FABF->edccc055-c3f5-47df-b30f-76e8836f4c59@group-ED32739C8BBB, cid=3598, SUCCESS, logIndex=5444, commits[edccc055-c3f5-47df-b30f-76e8836f4c59:c5445, f9704f82-adf1-457c-ad29-9b573bc67fa6:c5436, 932806d8-5f5d-4457-8f95-c9b7f9036eae:c5443]
2019-08-07 03:28:19,635 INFO  client.GrpcClientProtocolClient (GrpcClientProtocolClient.java:onNext(255)) - client-EC489E69FABF->edccc055-c3f5-47df-b30f-76e8836f4c59: receive RaftClientReply:client-EC489E69FABF->edccc055-c3f5-47df-b30f-76e8836f4c59@group-ED32739C8BBB, cid=3599, SUCCESS, logIndex=5445, commits[edccc055-c3f5-47df-b30f-76e8836f4c59:c5445, f9704f82-adf1-457c-ad29-9b573bc67fa6:c5436, 932806d8-5f5d-4457-8f95-c9b7f9036eae:c5443]
 0.00% |█                                                                                                    |  0/1 Time: 0:01:15 0.00% |█                                                                                                    |  0/1 Time: 0:01:162019-08-07 03:28:21,331 INFO  client.GrpcClientProtocolClient (GrpcClientProtocolClient.java:onNext(255)) - client-EC489E69FABF->edccc055-c3f5-47df-b30f-76e8836f4c59: receive RaftClientReply:client-EC489E69FABF->edccc055-c3f5-47df-b30f-76e8836f4c59@group-ED32739C8BBB, cid=3600, SUCCESS, logIndex=5447, commits[edccc055-c3f5-47df-b30f-76e8836f4c59:c5448, f9704f82-adf1-457c-ad29-9b573bc67fa6:c5446, 932806d8-5f5d-4457-8f95-c9b7f9036eae:c5446]
2019-08-07 03:28:21,332 INFO  client.GrpcClientProtocolClient (GrpcClientProtocolClient.java:onNext(255)) - client-EC489E69FABF->edccc055-c3f5-47df-b30f-76e8836f4c59: receive RaftClientReply:client-EC489E69FABF->edccc055-c3f5-47df-b30f-76e8836f4c59@group-ED32739C8BBB, cid=3601, SUCCESS, logIndex=5448, commits[edccc055-c3f5-47df-b30f-76e8836f4c59:c5450, f9704f82-adf1-457c-ad29-9b573bc67fa6:c5446, 932806d8-5f5d-4457-8f95-c9b7f9036eae:c5446]
 0.00% |█                                                                                                    |  0/1 Time: 0:01:17 0.00% |█                                                                                                    |  0/1 Time: 0:01:182019-08-07 03:28:23,833 INFO  client.GrpcClientProtocolClient (GrpcClientProtocolClient.java:onNext(255)) - client-EC489E69FABF->edccc055-c3f5-47df-b30f-76e8836f4c59: receive RaftClientReply:client-EC489E69FABF->edccc055-c3f5-47df-b30f-76e8836f4c59@group-ED32739C8BBB, cid=3602, SUCCESS, logIndex=0, commits[edccc055-c3f5-47df-b30f-76e8836f4c59:c5450, f9704f82-adf1-457c-ad29-9b573bc67fa6:c5450, 932806d8-5f5d-4457-8f95-c9b7f9036eae:c5450]
2019-08-07 03:28:23,881 WARN  block.BlockManagerImpl (BlockManagerImpl.java:allocateBlock(192)) - Pipeline creation failed for type:RATIS factor:THREE. Retrying get pipelines call once.
org.apache.hadoop.hdds.scm.pipeline.InsufficientDatanodesException: Cannot create pipeline of factor 3 using 2 nodes.
	at org.apache.hadoop.hdds.scm.pipeline.RatisPipelineProvider.create(RatisPipelineProvider.java:151)
	at org.apache.hadoop.hdds.scm.pipeline.PipelineFactory.create(PipelineFactory.java:57)
	at org.apache.hadoop.hdds.scm.pipeline.SCMPipelineManager.createPipeline(SCMPipelineManager.java:149)
	at org.apache.hadoop.hdds.scm.block.BlockManagerImpl.allocateBlock(BlockManagerImpl.java:190)
	at org.apache.hadoop.hdds.scm.server.SCMBlockProtocolServer.allocateBlock(SCMBlockProtocolServer.java:175)
	at org.apache.hadoop.ozone.protocolPB.ScmBlockLocationProtocolServerSideTranslatorPB.allocateScmBlock(ScmBlockLocationProtocolServerSideTranslatorPB.java:153)
	at org.apache.hadoop.ozone.protocolPB.ScmBlockLocationProtocolServerSideTranslatorPB.send(ScmBlockLocationProtocolServerSideTranslatorPB.java:112)
	at org.apache.hadoop.hdds.protocol.proto.ScmBlockLocationProtocolProtos$ScmBlockLocationProtocolService$2.callBlockingMethod(ScmBlockLocationProtocolProtos.java:13157)
	at org.apache.hadoop.ipc.ProtobufRpcEngine$Server$ProtoBufRpcInvoker.call(ProtobufRpcEngine.java:524)
	at org.apache.hadoop.ipc.RPC$Server.call(RPC.java:1025)
	at org.apache.hadoop.ipc.Server$RpcCall.run(Server.java:876)
	at org.apache.hadoop.ipc.Server$RpcCall.run(Server.java:822)
	at java.security.AccessController.doPrivileged(Native Method)
	at javax.security.auth.Subject.doAs(Subject.java:422)
	at org.apache.hadoop.security.UserGroupInformation.doAs(UserGroupInformation.java:1730)
	at org.apache.hadoop.ipc.Server$Handler.run(Server.java:2682)
2019-08-07 03:28:23,883 INFO  block.BlockManagerImpl (BlockManagerImpl.java:allocateBlock(198)) - Could not find available pipeline of type:RATIS and factor:THREE even after retrying
2019-08-07 03:28:23,883 ERROR block.BlockManagerImpl (BlockManagerImpl.java:allocateBlock(222)) - Unable to allocate a block for the size: 4194304, type: RATIS, factor: THREE
03:28:23.891 [IPC Server handler 3 on 36842] ERROR OMAudit - user=jenkins1000 | ip=127.0.0.1 | op=ALLOCATE_BLOCK {volume=vol-0-89986, bucket=bucket-0-28547, key=key-0-73337, dataSize=0, replicationType=null, replicationFactor=null, keyLocationInfo=null, clientID=102573567127781778} | ret=FAILURE
org.apache.hadoop.hdds.scm.exceptions.SCMException: Allocated 0 blocks. Requested 1 blocks
	at org.apache.hadoop.hdds.scm.protocolPB.ScmBlockLocationProtocolClientSideTranslatorPB.handleError(ScmBlockLocationProtocolClientSideTranslatorPB.java:118) ~[classes/:?]
	at org.apache.hadoop.hdds.scm.protocolPB.ScmBlockLocationProtocolClientSideTranslatorPB.allocateBlock(ScmBlockLocationProtocolClientSideTranslatorPB.java:156) ~[classes/:?]
	at sun.reflect.GeneratedMethodAccessor49.invoke(Unknown Source) ~[?:?]
	at sun.reflect.DelegatingMethodAccessorImpl.invoke(DelegatingMethodAccessorImpl.java:43) ~[?:1.8.0_212]
	at java.lang.reflect.Method.invoke(Method.java:498) ~[?:1.8.0_212]
	at org.apache.hadoop.hdds.tracing.TraceAllMethod.invoke(TraceAllMethod.java:66) ~[classes/:?]
	at com.sun.proxy.$Proxy27.allocateBlock(Unknown Source) ~[?:?]
	at org.apache.hadoop.ozone.om.KeyManagerImpl.allocateBlock(KeyManagerImpl.java:333) ~[classes/:?]
	at org.apache.hadoop.ozone.om.KeyManagerImpl.allocateBlock(KeyManagerImpl.java:304) ~[classes/:?]
	at org.apache.hadoop.ozone.om.OzoneManager.allocateBlock(OzoneManager.java:2291) [classes/:?]
	at org.apache.hadoop.ozone.protocolPB.OzoneManagerRequestHandler.allocateBlock(OzoneManagerRequestHandler.java:717) [classes/:?]
	at org.apache.hadoop.ozone.protocolPB.OzoneManagerRequestHandler.handle(OzoneManagerRequestHandler.java:240) [classes/:?]
	at org.apache.hadoop.ozone.protocolPB.OzoneManagerProtocolServerSideTranslatorPB.submitRequestDirectlyToOM(OzoneManagerProtocolServerSideTranslatorPB.java:192) [classes/:?]
	at org.apache.hadoop.ozone.protocolPB.OzoneManagerProtocolServerSideTranslatorPB.submitRequest(OzoneManagerProtocolServerSideTranslatorPB.java:110) [classes/:?]
	at org.apache.hadoop.ozone.protocol.proto.OzoneManagerProtocolProtos$OzoneManagerService$2.callBlockingMethod(OzoneManagerProtocolProtos.java) [classes/:?]
	at org.apache.hadoop.ipc.ProtobufRpcEngine$Server$ProtoBufRpcInvoker.call(ProtobufRpcEngine.java:524) [hadoop-common-3.2.0.jar:?]
	at org.apache.hadoop.ipc.RPC$Server.call(RPC.java:1025) [hadoop-common-3.2.0.jar:?]
	at org.apache.hadoop.ipc.Server$RpcCall.run(Server.java:876) [hadoop-common-3.2.0.jar:?]
	at org.apache.hadoop.ipc.Server$RpcCall.run(Server.java:822) [hadoop-common-3.2.0.jar:?]
	at java.security.AccessController.doPrivileged(Native Method) [?:1.8.0_212]
	at javax.security.auth.Subject.doAs(Subject.java:422) [?:1.8.0_212]
	at org.apache.hadoop.security.UserGroupInformation.doAs(UserGroupInformation.java:1730) [hadoop-common-3.2.0.jar:?]
	at org.apache.hadoop.ipc.Server$Handler.run(Server.java:2682) [hadoop-common-3.2.0.jar:?]
2019-08-07 03:28:23,917 ERROR io.BlockOutputStreamEntryPool (BlockOutputStreamEntryPool.java:allocateBlockIfNeeded(299)) - Try to allocate more blocks for write failed, already allocated 0 blocks for this write.
INTERNAL_ERROR org.apache.hadoop.ozone.om.exceptions.OMException: Allocated 0 blocks. Requested 1 blocks
	at org.apache.hadoop.ozone.om.protocolPB.OzoneManagerProtocolClientSideTranslatorPB.handleError(OzoneManagerProtocolClientSideTranslatorPB.java:720)
	at org.apache.hadoop.ozone.om.protocolPB.OzoneManagerProtocolClientSideTranslatorPB.allocateBlock(OzoneManagerProtocolClientSideTranslatorPB.java:752)
	at org.apache.hadoop.ozone.client.io.BlockOutputStreamEntryPool.allocateNewBlock(BlockOutputStreamEntryPool.java:248)
	at org.apache.hadoop.ozone.client.io.BlockOutputStreamEntryPool.allocateBlockIfNeeded(BlockOutputStreamEntryPool.java:296)
	at org.apache.hadoop.ozone.client.io.KeyOutputStream.handleWrite(KeyOutputStream.java:201)
	at org.apache.hadoop.ozone.client.io.KeyOutputStream.write(KeyOutputStream.java:193)
	at org.apache.hadoop.ozone.client.io.OzoneOutputStream.write(OzoneOutputStream.java:49)
	at org.apache.hadoop.ozone.freon.RandomKeyGenerator.createKey(RandomKeyGenerator.java:703)
	at org.apache.hadoop.ozone.freon.RandomKeyGenerator.access$1100(RandomKeyGenerator.java:88)
	at org.apache.hadoop.ozone.freon.RandomKeyGenerator$ObjectCreator.run(RandomKeyGenerator.java:609)
	at java.util.concurrent.Executors$RunnableAdapter.call(Executors.java:511)
	at java.util.concurrent.FutureTask.run(FutureTask.java:266)
	at java.util.concurrent.ThreadPoolExecutor.runWorker(ThreadPoolExecutor.java:1149)
	at java.util.concurrent.ThreadPoolExecutor$Worker.run(ThreadPoolExecutor.java:624)
	at java.lang.Thread.run(Thread.java:748)
2019-08-07 03:28:23,918 ERROR freon.RandomKeyGenerator (RandomKeyGenerator.java:createKey(730)) - Exception while adding key: key-0-73337 in bucket: bucket-0-28547 of volume: vol-0-89986.
INTERNAL_ERROR org.apache.hadoop.ozone.om.exceptions.OMException: Allocated 0 blocks. Requested 1 blocks
	at org.apache.hadoop.ozone.om.protocolPB.OzoneManagerProtocolClientSideTranslatorPB.handleError(OzoneManagerProtocolClientSideTranslatorPB.java:720)
	at org.apache.hadoop.ozone.om.protocolPB.OzoneManagerProtocolClientSideTranslatorPB.allocateBlock(OzoneManagerProtocolClientSideTranslatorPB.java:752)
	at org.apache.hadoop.ozone.client.io.BlockOutputStreamEntryPool.allocateNewBlock(BlockOutputStreamEntryPool.java:248)
	at org.apache.hadoop.ozone.client.io.BlockOutputStreamEntryPool.allocateBlockIfNeeded(BlockOutputStreamEntryPool.java:296)
	at org.apache.hadoop.ozone.client.io.KeyOutputStream.handleWrite(KeyOutputStream.java:201)
	at org.apache.hadoop.ozone.client.io.KeyOutputStream.write(KeyOutputStream.java:193)
	at org.apache.hadoop.ozone.client.io.OzoneOutputStream.write(OzoneOutputStream.java:49)
	at org.apache.hadoop.ozone.freon.RandomKeyGenerator.createKey(RandomKeyGenerator.java:703)
	at org.apache.hadoop.ozone.freon.RandomKeyGenerator.access$1100(RandomKeyGenerator.java:88)
	at org.apache.hadoop.ozone.freon.RandomKeyGenerator$ObjectCreator.run(RandomKeyGenerator.java:609)
	at java.util.concurrent.Executors$RunnableAdapter.call(Executors.java:511)
	at java.util.concurrent.FutureTask.run(FutureTask.java:266)
	at java.util.concurrent.ThreadPoolExecutor.runWorker(ThreadPoolExecutor.java:1149)
	at java.util.concurrent.ThreadPoolExecutor$Worker.run(ThreadPoolExecutor.java:624)
	at java.lang.Thread.run(Thread.java:748)
 0.00% |█                                                                                                    |  0/1 Time: 0:01:19 100.00% |█████████████████████████████████████████████████████████████████████████████████████████████████████|  1/1 Time: 0:01:20
]]></system-out>
  </testcase>
  <testcase name="multiThread" classname="org.apache.hadoop.ozone.freon.TestRandomKeyGenerator" time="5.04"/>
</testsuite>