<?xml version="1.0" encoding="UTF-8"?>
<testsuite xmlns:xsi="http://www.w3.org/2001/XMLSchema-instance" xsi:noNamespaceSchemaLocation="https://maven.apache.org/surefire/maven-surefire-plugin/xsd/surefire-test-report.xsd" name="org.apache.hadoop.ozone.client.rpc.TestCommitWatcher" time="75.199" tests="2" errors="0" skipped="0" failures="1">
  <properties>
    <property name="awt.toolkit" value="sun.awt.X11.XToolkit"/>
    <property name="file.encoding.pkg" value="sun.io"/>
    <property name="java.specification.version" value="1.8"/>
    <property name="sun.cpu.isalist" value=""/>
    <property name="sun.jnu.encoding" value="UTF-8"/>
    <property name="java.class.path" value="/workdir/hadoop-ozone/integration-test/target/test-classes:/workdir/hadoop-ozone/integration-test/target/classes:/home/user/.m2/repository/org/apache/hadoop/hadoop-ozone-common/0.5.0-SNAPSHOT/hadoop-ozone-common-0.5.0-SNAPSHOT.jar:/home/user/.m2/repository/org/apache/commons/commons-compress/1.4.1/commons-compress-1.4.1.jar:/home/user/.m2/repository/org/tukaani/xz/1.0/xz-1.0.jar:/home/user/.m2/repository/org/apache/hadoop/hadoop-common/3.2.0/hadoop-common-3.2.0.jar:/home/user/.m2/repository/org/apache/hadoop/hadoop-hdfs/3.2.0/hadoop-hdfs-3.2.0.jar:/home/user/.m2/repository/org/apache/hadoop/hadoop-hdfs-client/3.2.0/hadoop-hdfs-client-3.2.0.jar:/home/user/.m2/repository/com/fasterxml/jackson/core/jackson-annotations/2.9.9/jackson-annotations-2.9.9.jar:/home/user/.m2/repository/org/apache/hadoop/hadoop-hdds-common/0.5.0-SNAPSHOT/hadoop-hdds-common-0.5.0-SNAPSHOT.jar:/home/user/.m2/repository/javax/annotation/javax.annotation-api/1.2/javax.annotation-api-1.2.jar:/home/user/.m2/repository/org/apache/ratis/ratis-server/0.4.0/ratis-server-0.4.0.jar:/home/user/.m2/repository/org/apache/ratis/ratis-thirdparty-misc/0.2.0/ratis-thirdparty-misc-0.2.0.jar:/home/user/.m2/repository/org/apache/ratis/ratis-proto/0.4.0/ratis-proto-0.4.0.jar:/home/user/.m2/repository/org/apache/ratis/ratis-common/0.4.0/ratis-common-0.4.0.jar:/home/user/.m2/repository/org/apache/ratis/ratis-client/0.4.0/ratis-client-0.4.0.jar:/home/user/.m2/repository/org/apache/ratis/ratis-metrics/0.4.0/ratis-metrics-0.4.0.jar:/home/user/.m2/repository/com/github/joshelser/dropwizard-metrics-hadoop-metrics2-reporter/0.1.2/dropwizard-metrics-hadoop-metrics2-reporter-0.1.2.jar:/home/user/.m2/repository/io/dropwizard/metrics/metrics-jvm/3.2.5/metrics-jvm-3.2.5.jar:/home/user/.m2/repository/io/dropwizard/metrics/metrics-ganglia/3.2.5/metrics-ganglia-3.2.5.jar:/home/user/.m2/repository/info/ganglia/gmetric4j/gmetric4j/1.0.7/gmetric4j-1.0.7.jar:/home/user/.m2/repository/org/apache/ratis/ratis-netty/0.4.0/ratis-netty-0.4.0.jar:/home/user/.m2/repository/org/apache/ratis/ratis-grpc/0.4.0/ratis-grpc-0.4.0.jar:/home/user/.m2/repository/org/rocksdb/rocksdbjni/6.0.1/rocksdbjni-6.0.1.jar:/home/user/.m2/repository/org/apache/logging/log4j/log4j-api/2.11.0/log4j-api-2.11.0.jar:/home/user/.m2/repository/org/apache/logging/log4j/log4j-core/2.11.0/log4j-core-2.11.0.jar:/home/user/.m2/repository/com/lmax/disruptor/3.4.2/disruptor-3.4.2.jar:/home/user/.m2/repository/org/apache/commons/commons-pool2/2.6.0/commons-pool2-2.6.0.jar:/home/user/.m2/repository/org/bouncycastle/bcpkix-jdk15on/1.60/bcpkix-jdk15on-1.60.jar:/home/user/.m2/repository/commons-validator/commons-validator/1.6/commons-validator-1.6.jar:/home/user/.m2/repository/commons-digester/commons-digester/1.8.1/commons-digester-1.8.1.jar:/home/user/.m2/repository/io/jaegertracing/jaeger-client/0.33.1/jaeger-client-0.33.1.jar:/home/user/.m2/repository/io/jaegertracing/jaeger-thrift/0.33.1/jaeger-thrift-0.33.1.jar:/home/user/.m2/repository/org/apache/thrift/libthrift/0.11.0/libthrift-0.11.0.jar:/home/user/.m2/repository/com/squareup/okhttp3/okhttp/3.9.0/okhttp-3.9.0.jar:/home/user/.m2/repository/com/squareup/okio/okio/1.13.0/okio-1.13.0.jar:/home/user/.m2/repository/io/jaegertracing/jaeger-core/0.33.1/jaeger-core-0.33.1.jar:/home/user/.m2/repository/io/jaegertracing/jaeger-tracerresolver/0.33.1/jaeger-tracerresolver-0.33.1.jar:/home/user/.m2/repository/io/opentracing/contrib/opentracing-tracerresolver/0.1.5/opentracing-tracerresolver-0.1.5.jar:/home/user/.m2/repository/io/opentracing/opentracing-util/0.31.0/opentracing-util-0.31.0.jar:/home/user/.m2/repository/io/opentracing/opentracing-api/0.31.0/opentracing-api-0.31.0.jar:/home/user/.m2/repository/io/opentracing/opentracing-noop/0.31.0/opentracing-noop-0.31.0.jar:/home/user/.m2/repository/org/apache/hadoop/hadoop-hdds-server-framework/0.5.0-SNAPSHOT/hadoop-hdds-server-framework-0.5.0-SNAPSHOT.jar:/home/user/.m2/repository/org/apache/hadoop/hadoop-hdds-container-service/0.5.0-SNAPSHOT/hadoop-hdds-container-service-0.5.0-SNAPSHOT.jar:/home/user/.m2/repository/org/apache/hadoop/hadoop-hdds-client/0.5.0-SNAPSHOT/hadoop-hdds-client-0.5.0-SNAPSHOT.jar:/home/user/.m2/repository/org/apache/hadoop/hadoop-hdds-tools/0.5.0-SNAPSHOT/hadoop-hdds-tools-0.5.0-SNAPSHOT.jar:/home/user/.m2/repository/org/apache/hadoop/hadoop-hdds-server-scm/0.5.0-SNAPSHOT/hadoop-hdds-server-scm-0.5.0-SNAPSHOT.jar:/home/user/.m2/repository/org/apache/hadoop/hadoop-hdds-docs/0.5.0-SNAPSHOT/hadoop-hdds-docs-0.5.0-SNAPSHOT.jar:/home/user/.m2/repository/io/dropwizard/metrics/metrics-core/3.2.4/metrics-core-3.2.4.jar:/home/user/.m2/repository/org/hamcrest/hamcrest-all/1.3/hamcrest-all-1.3.jar:/home/user/.m2/repository/org/bouncycastle/bcprov-jdk15on/1.60/bcprov-jdk15on-1.60.jar:/home/user/.m2/repository/info/picocli/picocli/3.9.6/picocli-3.9.6.jar:/home/user/.m2/repository/com/google/protobuf/protobuf-java/2.5.0/protobuf-java-2.5.0.jar:/home/user/.m2/repository/com/google/guava/guava/11.0.2/guava-11.0.2.jar:/home/user/.m2/repository/org/apache/hadoop/hadoop-ozone-ozone-manager/0.5.0-SNAPSHOT/hadoop-ozone-ozone-manager-0.5.0-SNAPSHOT.jar:/home/user/.m2/repository/org/apache/hadoop/hadoop-minikdc/3.2.0/hadoop-minikdc-3.2.0.jar:/home/user/.m2/repository/commons-io/commons-io/2.5/commons-io-2.5.jar:/home/user/.m2/repository/org/apache/kerby/kerb-simplekdc/1.0.1/kerb-simplekdc-1.0.1.jar:/home/user/.m2/repository/org/apache/kerby/kerb-client/1.0.1/kerb-client-1.0.1.jar:/home/user/.m2/repository/org/apache/kerby/kerby-config/1.0.1/kerby-config-1.0.1.jar:/home/user/.m2/repository/org/apache/kerby/kerb-core/1.0.1/kerb-core-1.0.1.jar:/home/user/.m2/repository/org/apache/kerby/kerby-pkix/1.0.1/kerby-pkix-1.0.1.jar:/home/user/.m2/repository/org/apache/kerby/kerby-asn1/1.0.1/kerby-asn1-1.0.1.jar:/home/user/.m2/repository/org/apache/kerby/kerby-util/1.0.1/kerby-util-1.0.1.jar:/home/user/.m2/repository/org/apache/kerby/kerb-common/1.0.1/kerb-common-1.0.1.jar:/home/user/.m2/repository/org/apache/kerby/kerb-crypto/1.0.1/kerb-crypto-1.0.1.jar:/home/user/.m2/repository/org/apache/kerby/kerb-util/1.0.1/kerb-util-1.0.1.jar:/home/user/.m2/repository/org/apache/kerby/token-provider/1.0.1/token-provider-1.0.1.jar:/home/user/.m2/repository/org/apache/kerby/kerb-admin/1.0.1/kerb-admin-1.0.1.jar:/home/user/.m2/repository/org/apache/kerby/kerb-server/1.0.1/kerb-server-1.0.1.jar:/home/user/.m2/repository/org/apache/kerby/kerb-identity/1.0.1/kerb-identity-1.0.1.jar:/home/user/.m2/repository/org/apache/kerby/kerby-xdr/1.0.1/kerby-xdr-1.0.1.jar:/home/user/.m2/repository/org/slf4j/slf4j-log4j12/1.7.25/slf4j-log4j12-1.7.25.jar:/home/user/.m2/repository/org/apache/hadoop/hadoop-ozone-s3gateway/0.5.0-SNAPSHOT/hadoop-ozone-s3gateway-0.5.0-SNAPSHOT.jar:/home/user/.m2/repository/org/jboss/weld/servlet/weld-servlet/2.4.7.Final/weld-servlet-2.4.7.Final.jar:/home/user/.m2/repository/org/glassfish/jersey/containers/jersey-container-servlet-core/2.27/jersey-container-servlet-core-2.27.jar:/home/user/.m2/repository/org/glassfish/hk2/external/javax.inject/2.5.0-b42/javax.inject-2.5.0-b42.jar:/home/user/.m2/repository/org/glassfish/jersey/core/jersey-common/2.27/jersey-common-2.27.jar:/home/user/.m2/repository/org/glassfish/hk2/osgi-resource-locator/1.0.1/osgi-resource-locator-1.0.1.jar:/home/user/.m2/repository/javax/ws/rs/javax.ws.rs-api/2.1/javax.ws.rs-api-2.1.jar:/home/user/.m2/repository/org/glassfish/jersey/ext/cdi/jersey-cdi1x/2.27/jersey-cdi1x-2.27.jar:/home/user/.m2/repository/org/glassfish/jersey/inject/jersey-hk2/2.27/jersey-hk2-2.27.jar:/home/user/.m2/repository/org/glassfish/hk2/hk2-locator/2.5.0-b42/hk2-locator-2.5.0-b42.jar:/home/user/.m2/repository/org/javassist/javassist/3.22.0-CR2/javassist-3.22.0-CR2.jar:/home/user/.m2/repository/org/glassfish/hk2/hk2-api/2.5.0/hk2-api-2.5.0.jar:/home/user/.m2/repository/org/glassfish/hk2/external/jakarta.inject/2.5.0/jakarta.inject-2.5.0.jar:/home/user/.m2/repository/org/glassfish/hk2/hk2-utils/2.5.0/hk2-utils-2.5.0.jar:/home/user/.m2/repository/jakarta/annotation/jakarta.annotation-api/1.3.4/jakarta.annotation-api-1.3.4.jar:/home/user/.m2/repository/org/glassfish/hk2/external/aopalliance-repackaged/2.5.0/aopalliance-repackaged-2.5.0.jar:/home/user/.m2/repository/com/fasterxml/jackson/dataformat/jackson-dataformat-xml/2.9.0/jackson-dataformat-xml-2.9.0.jar:/home/user/.m2/repository/com/fasterxml/jackson/core/jackson-core/2.9.9/jackson-core-2.9.9.jar:/home/user/.m2/repository/com/fasterxml/jackson/module/jackson-module-jaxb-annotations/2.9.9/jackson-module-jaxb-annotations-2.9.9.jar:/home/user/.m2/repository/javax/enterprise/cdi-api/1.2/cdi-api-1.2.jar:/home/user/.m2/repository/javax/el/javax.el-api/3.0.0/javax.el-api-3.0.0.jar:/home/user/.m2/repository/javax/interceptor/javax.interceptor-api/1.2/javax.interceptor-api-1.2.jar:/home/user/.m2/repository/javax/inject/javax.inject/1/javax.inject-1.jar:/home/user/.m2/repository/com/sun/xml/bind/jaxb-impl/2.3.0.1/jaxb-impl-2.3.0.1.jar:/home/user/.m2/repository/com/sun/xml/bind/jaxb-core/2.3.0.1/jaxb-core-2.3.0.1.jar:/home/user/.m2/repository/javax/xml/bind/jaxb-api/2.3.0/jaxb-api-2.3.0.jar:/home/user/.m2/repository/javax/activation/activation/1.1.1/activation-1.1.1.jar:/home/user/.m2/repository/org/apache/hadoop/hadoop-ozone-csi/0.5.0-SNAPSHOT/hadoop-ozone-csi-0.5.0-SNAPSHOT.jar:/home/user/.m2/repository/com/google/protobuf/protobuf-java-util/3.5.1/protobuf-java-util-3.5.1.jar:/home/user/.m2/repository/org/apache/hadoop/hadoop-hdds-config/0.5.0-SNAPSHOT/hadoop-hdds-config-0.5.0-SNAPSHOT.jar:/home/user/.m2/repository/io/grpc/grpc-netty/1.17.1/grpc-netty-1.17.1.jar:/home/user/.m2/repository/io/grpc/grpc-core/1.17.1/grpc-core-1.17.1.jar:/home/user/.m2/repository/io/grpc/grpc-context/1.17.1/grpc-context-1.17.1.jar:/home/user/.m2/repository/com/google/errorprone/error_prone_annotations/2.2.0/error_prone_annotations-2.2.0.jar:/home/user/.m2/repository/org/codehaus/mojo/animal-sniffer-annotations/1.17/animal-sniffer-annotations-1.17.jar:/home/user/.m2/repository/io/opencensus/opencensus-api/0.17.0/opencensus-api-0.17.0.jar:/home/user/.m2/repository/io/opencensus/opencensus-contrib-grpc-metrics/0.17.0/opencensus-contrib-grpc-metrics-0.17.0.jar:/home/user/.m2/repository/io/netty/netty-codec-http2/4.1.30.Final/netty-codec-http2-4.1.30.Final.jar:/home/user/.m2/repository/io/netty/netty-codec-http/4.1.30.Final/netty-codec-http-4.1.30.Final.jar:/home/user/.m2/repository/io/netty/netty-codec/4.1.30.Final/netty-codec-4.1.30.Final.jar:/home/user/.m2/repository/io/netty/netty-handler/4.1.30.Final/netty-handler-4.1.30.Final.jar:/home/user/.m2/repository/io/netty/netty-handler-proxy/4.1.30.Final/netty-handler-proxy-4.1.30.Final.jar:/home/user/.m2/repository/io/netty/netty-codec-socks/4.1.30.Final/netty-codec-socks-4.1.30.Final.jar:/home/user/.m2/repository/io/netty/netty-transport-native-epoll/4.1.30.Final/netty-transport-native-epoll-4.1.30.Final.jar:/home/user/.m2/repository/io/netty/netty-common/4.1.30.Final/netty-common-4.1.30.Final.jar:/home/user/.m2/repository/io/netty/netty-buffer/4.1.30.Final/netty-buffer-4.1.30.Final.jar:/home/user/.m2/repository/io/netty/netty-transport/4.1.30.Final/netty-transport-4.1.30.Final.jar:/home/user/.m2/repository/io/netty/netty-resolver/4.1.30.Final/netty-resolver-4.1.30.Final.jar:/home/user/.m2/repository/io/netty/netty-transport-native-unix-common/4.1.30.Final/netty-transport-native-unix-common-4.1.30.Final.jar:/home/user/.m2/repository/io/grpc/grpc-protobuf/1.17.1/grpc-protobuf-1.17.1.jar:/home/user/.m2/repository/com/google/api/grpc/proto-google-common-protos/1.0.0/proto-google-common-protos-1.0.0.jar:/home/user/.m2/repository/io/grpc/grpc-protobuf-lite/1.17.1/grpc-protobuf-lite-1.17.1.jar:/home/user/.m2/repository/io/grpc/grpc-stub/1.17.1/grpc-stub-1.17.1.jar:/home/user/.m2/repository/org/apache/hadoop/hadoop-ozone-recon/0.5.0-SNAPSHOT/hadoop-ozone-recon-0.5.0-SNAPSHOT.jar:/home/user/.m2/repository/org/apache/hadoop/hadoop-ozone-reconcodegen/0.5.0-SNAPSHOT/hadoop-ozone-reconcodegen-0.5.0-SNAPSHOT.jar:/home/user/.m2/repository/com/google/inject/extensions/guice-multibindings/4.0/guice-multibindings-4.0.jar:/home/user/.m2/repository/com/google/inject/guice/4.0/guice-4.0.jar:/home/user/.m2/repository/aopalliance/aopalliance/1.0/aopalliance-1.0.jar:/home/user/.m2/repository/com/google/inject/extensions/guice-servlet/4.0/guice-servlet-4.0.jar:/home/user/.m2/repository/org/glassfish/jersey/containers/jersey-container-servlet/2.27/jersey-container-servlet-2.27.jar:/home/user/.m2/repository/org/glassfish/hk2/guice-bridge/2.5.0/guice-bridge-2.5.0.jar:/home/user/.m2/repository/org/glassfish/jersey/core/jersey-server/2.27/jersey-server-2.27.jar:/home/user/.m2/repository/org/glassfish/jersey/core/jersey-client/2.27/jersey-client-2.27.jar:/home/user/.m2/repository/org/glassfish/jersey/media/jersey-media-jaxb/2.27/jersey-media-jaxb-2.27.jar:/home/user/.m2/repository/javax/validation/validation-api/1.1.0.Final/validation-api-1.1.0.Final.jar:/home/user/.m2/repository/org/glassfish/jersey/media/jersey-media-json-jackson/2.27/jersey-media-json-jackson-2.27.jar:/home/user/.m2/repository/org/glassfish/jersey/ext/jersey-entity-filtering/2.27/jersey-entity-filtering-2.27.jar:/home/user/.m2/repository/com/google/inject/extensions/guice-assistedinject/4.0/guice-assistedinject-4.0.jar:/home/user/.m2/repository/org/jooq/jooq/3.11.10/jooq-3.11.10.jar:/home/user/.m2/repository/org/jooq/jooq-meta/3.11.10/jooq-meta-3.11.10.jar:/home/user/.m2/repository/org/jooq/jooq-codegen/3.11.10/jooq-codegen-3.11.10.jar:/home/user/.m2/repository/com/jolbox/bonecp/0.8.0.RELEASE/bonecp-0.8.0.RELEASE.jar:/home/user/.m2/repository/org/xerial/sqlite-jdbc/3.25.2/sqlite-jdbc-3.25.2.jar:/home/user/.m2/repository/org/springframework/spring-jdbc/5.1.3.RELEASE/spring-jdbc-5.1.3.RELEASE.jar:/home/user/.m2/repository/org/springframework/spring-beans/5.1.3.RELEASE/spring-beans-5.1.3.RELEASE.jar:/home/user/.m2/repository/org/springframework/spring-core/5.1.3.RELEASE/spring-core-5.1.3.RELEASE.jar:/home/user/.m2/repository/org/springframework/spring-jcl/5.1.3.RELEASE/spring-jcl-5.1.3.RELEASE.jar:/home/user/.m2/repository/org/springframework/spring-tx/5.1.3.RELEASE/spring-tx-5.1.3.RELEASE.jar:/home/user/.m2/repository/org/apache/hadoop/hadoop-ozone-client/0.5.0-SNAPSHOT/hadoop-ozone-client-0.5.0-SNAPSHOT.jar:/home/user/.m2/repository/commons-lang/commons-lang/2.6/commons-lang-2.6.jar:/home/user/.m2/repository/org/apache/hadoop/hadoop-ozone-ozone-manager/0.5.0-SNAPSHOT/hadoop-ozone-ozone-manager-0.5.0-SNAPSHOT-tests.jar:/home/user/.m2/repository/junit/junit/4.11/junit-4.11.jar:/home/user/.m2/repository/org/hamcrest/hamcrest-core/1.3/hamcrest-core-1.3.jar:/home/user/.m2/repository/org/openjdk/jmh/jmh-core/1.19/jmh-core-1.19.jar:/home/user/.m2/repository/net/sf/jopt-simple/jopt-simple/4.6/jopt-simple-4.6.jar:/home/user/.m2/repository/org/apache/commons/commons-math3/3.1.1/commons-math3-3.1.1.jar:/home/user/.m2/repository/org/openjdk/jmh/jmh-generator-annprocess/1.19/jmh-generator-annprocess-1.19.jar:/home/user/.m2/repository/org/mockito/mockito-all/1.8.5/mockito-all-1.8.5.jar:/home/user/.m2/repository/org/apache/hadoop/hadoop-kms/3.2.0/hadoop-kms-3.2.0.jar:/home/user/.m2/repository/org/apache/hadoop/hadoop-auth/3.2.0/hadoop-auth-3.2.0.jar:/home/user/.m2/repository/com/nimbusds/nimbus-jose-jwt/4.41.1/nimbus-jose-jwt-4.41.1.jar:/home/user/.m2/repository/com/github/stephenc/jcip/jcip-annotations/1.0-1/jcip-annotations-1.0-1.jar:/home/user/.m2/repository/net/minidev/json-smart/2.3/json-smart-2.3.jar:/home/user/.m2/repository/net/minidev/accessors-smart/1.2/accessors-smart-1.2.jar:/home/user/.m2/repository/org/ow2/asm/asm/5.0.4/asm-5.0.4.jar:/home/user/.m2/repository/org/apache/curator/curator-framework/2.12.0/curator-framework-2.12.0.jar:/home/user/.m2/repository/com/sun/jersey/jersey-core/1.19/jersey-core-1.19.jar:/home/user/.m2/repository/javax/ws/rs/jsr311-api/1.1.1/jsr311-api-1.1.1.jar:/home/user/.m2/repository/com/sun/jersey/jersey-server/1.19/jersey-server-1.19.jar:/home/user/.m2/repository/javax/servlet/javax.servlet-api/3.1.0/javax.servlet-api-3.1.0.jar:/home/user/.m2/repository/org/eclipse/jetty/jetty-server/9.3.24.v20180605/jetty-server-9.3.24.v20180605.jar:/home/user/.m2/repository/org/eclipse/jetty/jetty-http/9.3.24.v20180605/jetty-http-9.3.24.v20180605.jar:/home/user/.m2/repository/org/eclipse/jetty/jetty-io/9.3.24.v20180605/jetty-io-9.3.24.v20180605.jar:/home/user/.m2/repository/org/eclipse/jetty/jetty-webapp/9.3.24.v20180605/jetty-webapp-9.3.24.v20180605.jar:/home/user/.m2/repository/org/eclipse/jetty/jetty-xml/9.3.24.v20180605/jetty-xml-9.3.24.v20180605.jar:/home/user/.m2/repository/log4j/log4j/1.2.17/log4j-1.2.17.jar:/home/user/.m2/repository/org/slf4j/slf4j-api/1.7.25/slf4j-api-1.7.25.jar:/home/user/.m2/repository/org/slf4j/jul-to-slf4j/1.7.25/jul-to-slf4j-1.7.25.jar:/home/user/.m2/repository/org/eclipse/jetty/jetty-util/9.3.24.v20180605/jetty-util-9.3.24.v20180605.jar:/home/user/.m2/repository/com/fasterxml/jackson/core/jackson-databind/2.9.9/jackson-databind-2.9.9.jar:/home/user/.m2/repository/org/apache/hadoop/hadoop-kms/3.2.0/hadoop-kms-3.2.0-tests.jar:/home/user/.m2/repository/org/apache/hadoop/hadoop-hdds-server-scm/0.5.0-SNAPSHOT/hadoop-hdds-server-scm-0.5.0-SNAPSHOT-tests.jar:/home/user/.m2/repository/org/apache/hadoop/hadoop-hdds-container-service/0.5.0-SNAPSHOT/hadoop-hdds-container-service-0.5.0-SNAPSHOT-tests.jar:/home/user/.m2/repository/org/yaml/snakeyaml/1.16/snakeyaml-1.16.jar:/home/user/.m2/repository/org/apache/hadoop/hadoop-common/3.2.0/hadoop-common-3.2.0-tests.jar:/home/user/.m2/repository/org/apache/hadoop/hadoop-annotations/3.2.0/hadoop-annotations-3.2.0.jar:/usr/lib/jvm/java-1.8-openjdk/jre/../lib/tools.jar:/home/user/.m2/repository/commons-cli/commons-cli/1.2/commons-cli-1.2.jar:/home/user/.m2/repository/org/apache/httpcomponents/httpclient/4.5.2/httpclient-4.5.2.jar:/home/user/.m2/repository/org/apache/httpcomponents/httpcore/4.4.4/httpcore-4.4.4.jar:/home/user/.m2/repository/commons-codec/commons-codec/1.11/commons-codec-1.11.jar:/home/user/.m2/repository/commons-net/commons-net/3.6/commons-net-3.6.jar:/home/user/.m2/repository/commons-collections/commons-collections/3.2.2/commons-collections-3.2.2.jar:/home/user/.m2/repository/org/eclipse/jetty/jetty-servlet/9.3.24.v20180605/jetty-servlet-9.3.24.v20180605.jar:/home/user/.m2/repository/org/eclipse/jetty/jetty-security/9.3.24.v20180605/jetty-security-9.3.24.v20180605.jar:/home/user/.m2/repository/javax/servlet/jsp/jsp-api/2.1/jsp-api-2.1.jar:/home/user/.m2/repository/com/sun/jersey/jersey-servlet/1.19/jersey-servlet-1.19.jar:/home/user/.m2/repository/com/sun/jersey/jersey-json/1.19/jersey-json-1.19.jar:/home/user/.m2/repository/org/codehaus/jettison/jettison/1.1/jettison-1.1.jar:/home/user/.m2/repository/org/codehaus/jackson/jackson-core-asl/1.9.13/jackson-core-asl-1.9.13.jar:/home/user/.m2/repository/org/codehaus/jackson/jackson-mapper-asl/1.9.13/jackson-mapper-asl-1.9.13.jar:/home/user/.m2/repository/org/codehaus/jackson/jackson-jaxrs/1.9.13/jackson-jaxrs-1.9.13.jar:/home/user/.m2/repository/org/codehaus/jackson/jackson-xc/1.9.13/jackson-xc-1.9.13.jar:/home/user/.m2/repository/commons-logging/commons-logging/1.1.3/commons-logging-1.1.3.jar:/home/user/.m2/repository/commons-beanutils/commons-beanutils/1.9.4/commons-beanutils-1.9.4.jar:/home/user/.m2/repository/org/apache/commons/commons-configuration2/2.1.1/commons-configuration2-2.1.1.jar:/home/user/.m2/repository/org/apache/commons/commons-lang3/3.7/commons-lang3-3.7.jar:/home/user/.m2/repository/org/apache/commons/commons-text/1.4/commons-text-1.4.jar:/home/user/.m2/repository/org/apache/avro/avro/1.7.7/avro-1.7.7.jar:/home/user/.m2/repository/com/thoughtworks/paranamer/paranamer/2.3/paranamer-2.3.jar:/home/user/.m2/repository/org/xerial/snappy/snappy-java/1.0.5/snappy-java-1.0.5.jar:/home/user/.m2/repository/com/google/re2j/re2j/1.1/re2j-1.1.jar:/home/user/.m2/repository/com/google/code/gson/gson/2.2.4/gson-2.2.4.jar:/home/user/.m2/repository/com/jcraft/jsch/0.1.54/jsch-0.1.54.jar:/home/user/.m2/repository/org/apache/curator/curator-client/2.12.0/curator-client-2.12.0.jar:/home/user/.m2/repository/org/apache/curator/curator-recipes/2.12.0/curator-recipes-2.12.0.jar:/home/user/.m2/repository/com/google/code/findbugs/jsr305/3.0.0/jsr305-3.0.0.jar:/home/user/.m2/repository/org/apache/htrace/htrace-core4/4.1.0-incubating/htrace-core4-4.1.0-incubating.jar:/home/user/.m2/repository/org/apache/zookeeper/zookeeper/3.4.13/zookeeper-3.4.13.jar:/home/user/.m2/repository/org/apache/yetus/audience-annotations/0.5.0/audience-annotations-0.5.0.jar:/home/user/.m2/repository/org/codehaus/woodstox/stax2-api/3.1.4/stax2-api-3.1.4.jar:/home/user/.m2/repository/com/fasterxml/woodstox/woodstox-core/5.0.3/woodstox-core-5.0.3.jar:/home/user/.m2/repository/dnsjava/dnsjava/2.1.7/dnsjava-2.1.7.jar:/home/user/.m2/repository/org/apache/hadoop/hadoop-hdfs/3.2.0/hadoop-hdfs-3.2.0-tests.jar:/home/user/.m2/repository/org/eclipse/jetty/jetty-util-ajax/9.3.24.v20180605/jetty-util-ajax-9.3.24.v20180605.jar:/home/user/.m2/repository/commons-daemon/commons-daemon/1.0.13/commons-daemon-1.0.13.jar:/home/user/.m2/repository/io/netty/netty/3.10.5.Final/netty-3.10.5.Final.jar:/home/user/.m2/repository/io/netty/netty-all/4.0.52.Final/netty-all-4.0.52.Final.jar:/home/user/.m2/repository/org/fusesource/leveldbjni/leveldbjni-all/1.8/leveldbjni-all-1.8.jar:"/>
    <property name="java.vm.vendor" value="IcedTea"/>
    <property name="sun.arch.data.model" value="64"/>
    <property name="test.build.dir" value="/workdir/hadoop-ozone/integration-test/target/test-dir"/>
    <property name="test.cache.data" value=""/>
    <property name="java.vendor.url" value="https://icedtea.classpath.org"/>
    <property name="user.timezone" value=""/>
    <property name="java.vm.specification.version" value="1.8"/>
    <property name="os.name" value="Linux"/>
    <property name="test.build.data" value="/workdir/hadoop-ozone/integration-test/target/test-dir"/>
    <property name="user.country" value="US"/>
    <property name="sun.java.launcher" value="SUN_STANDARD"/>
    <property name="sun.boot.library.path" value="/usr/lib/jvm/java-1.8-openjdk/jre/lib/amd64"/>
    <property name="sun.java.command" value="/workdir/hadoop-ozone/integration-test/target/surefire/surefirebooter2058203482630560239.jar /workdir/hadoop-ozone/integration-test/target/surefire 2019-09-23T17-23-42_338-jvmRun1 surefire2747419148869044706tmp surefire_574077061325576120659tmp"/>
    <property name="test" value="!TestMiniChaosOzoneCluster"/>
    <property name="surefire.test.class.path" value="/workdir/hadoop-ozone/integration-test/target/test-classes:/workdir/hadoop-ozone/integration-test/target/classes:/home/user/.m2/repository/org/apache/hadoop/hadoop-ozone-common/0.5.0-SNAPSHOT/hadoop-ozone-common-0.5.0-SNAPSHOT.jar:/home/user/.m2/repository/org/apache/commons/commons-compress/1.4.1/commons-compress-1.4.1.jar:/home/user/.m2/repository/org/tukaani/xz/1.0/xz-1.0.jar:/home/user/.m2/repository/org/apache/hadoop/hadoop-common/3.2.0/hadoop-common-3.2.0.jar:/home/user/.m2/repository/org/apache/hadoop/hadoop-hdfs/3.2.0/hadoop-hdfs-3.2.0.jar:/home/user/.m2/repository/org/apache/hadoop/hadoop-hdfs-client/3.2.0/hadoop-hdfs-client-3.2.0.jar:/home/user/.m2/repository/com/fasterxml/jackson/core/jackson-annotations/2.9.9/jackson-annotations-2.9.9.jar:/home/user/.m2/repository/org/apache/hadoop/hadoop-hdds-common/0.5.0-SNAPSHOT/hadoop-hdds-common-0.5.0-SNAPSHOT.jar:/home/user/.m2/repository/javax/annotation/javax.annotation-api/1.2/javax.annotation-api-1.2.jar:/home/user/.m2/repository/org/apache/ratis/ratis-server/0.4.0/ratis-server-0.4.0.jar:/home/user/.m2/repository/org/apache/ratis/ratis-thirdparty-misc/0.2.0/ratis-thirdparty-misc-0.2.0.jar:/home/user/.m2/repository/org/apache/ratis/ratis-proto/0.4.0/ratis-proto-0.4.0.jar:/home/user/.m2/repository/org/apache/ratis/ratis-common/0.4.0/ratis-common-0.4.0.jar:/home/user/.m2/repository/org/apache/ratis/ratis-client/0.4.0/ratis-client-0.4.0.jar:/home/user/.m2/repository/org/apache/ratis/ratis-metrics/0.4.0/ratis-metrics-0.4.0.jar:/home/user/.m2/repository/com/github/joshelser/dropwizard-metrics-hadoop-metrics2-reporter/0.1.2/dropwizard-metrics-hadoop-metrics2-reporter-0.1.2.jar:/home/user/.m2/repository/io/dropwizard/metrics/metrics-jvm/3.2.5/metrics-jvm-3.2.5.jar:/home/user/.m2/repository/io/dropwizard/metrics/metrics-ganglia/3.2.5/metrics-ganglia-3.2.5.jar:/home/user/.m2/repository/info/ganglia/gmetric4j/gmetric4j/1.0.7/gmetric4j-1.0.7.jar:/home/user/.m2/repository/org/apache/ratis/ratis-netty/0.4.0/ratis-netty-0.4.0.jar:/home/user/.m2/repository/org/apache/ratis/ratis-grpc/0.4.0/ratis-grpc-0.4.0.jar:/home/user/.m2/repository/org/rocksdb/rocksdbjni/6.0.1/rocksdbjni-6.0.1.jar:/home/user/.m2/repository/org/apache/logging/log4j/log4j-api/2.11.0/log4j-api-2.11.0.jar:/home/user/.m2/repository/org/apache/logging/log4j/log4j-core/2.11.0/log4j-core-2.11.0.jar:/home/user/.m2/repository/com/lmax/disruptor/3.4.2/disruptor-3.4.2.jar:/home/user/.m2/repository/org/apache/commons/commons-pool2/2.6.0/commons-pool2-2.6.0.jar:/home/user/.m2/repository/org/bouncycastle/bcpkix-jdk15on/1.60/bcpkix-jdk15on-1.60.jar:/home/user/.m2/repository/commons-validator/commons-validator/1.6/commons-validator-1.6.jar:/home/user/.m2/repository/commons-digester/commons-digester/1.8.1/commons-digester-1.8.1.jar:/home/user/.m2/repository/io/jaegertracing/jaeger-client/0.33.1/jaeger-client-0.33.1.jar:/home/user/.m2/repository/io/jaegertracing/jaeger-thrift/0.33.1/jaeger-thrift-0.33.1.jar:/home/user/.m2/repository/org/apache/thrift/libthrift/0.11.0/libthrift-0.11.0.jar:/home/user/.m2/repository/com/squareup/okhttp3/okhttp/3.9.0/okhttp-3.9.0.jar:/home/user/.m2/repository/com/squareup/okio/okio/1.13.0/okio-1.13.0.jar:/home/user/.m2/repository/io/jaegertracing/jaeger-core/0.33.1/jaeger-core-0.33.1.jar:/home/user/.m2/repository/io/jaegertracing/jaeger-tracerresolver/0.33.1/jaeger-tracerresolver-0.33.1.jar:/home/user/.m2/repository/io/opentracing/contrib/opentracing-tracerresolver/0.1.5/opentracing-tracerresolver-0.1.5.jar:/home/user/.m2/repository/io/opentracing/opentracing-util/0.31.0/opentracing-util-0.31.0.jar:/home/user/.m2/repository/io/opentracing/opentracing-api/0.31.0/opentracing-api-0.31.0.jar:/home/user/.m2/repository/io/opentracing/opentracing-noop/0.31.0/opentracing-noop-0.31.0.jar:/home/user/.m2/repository/org/apache/hadoop/hadoop-hdds-server-framework/0.5.0-SNAPSHOT/hadoop-hdds-server-framework-0.5.0-SNAPSHOT.jar:/home/user/.m2/repository/org/apache/hadoop/hadoop-hdds-container-service/0.5.0-SNAPSHOT/hadoop-hdds-container-service-0.5.0-SNAPSHOT.jar:/home/user/.m2/repository/org/apache/hadoop/hadoop-hdds-client/0.5.0-SNAPSHOT/hadoop-hdds-client-0.5.0-SNAPSHOT.jar:/home/user/.m2/repository/org/apache/hadoop/hadoop-hdds-tools/0.5.0-SNAPSHOT/hadoop-hdds-tools-0.5.0-SNAPSHOT.jar:/home/user/.m2/repository/org/apache/hadoop/hadoop-hdds-server-scm/0.5.0-SNAPSHOT/hadoop-hdds-server-scm-0.5.0-SNAPSHOT.jar:/home/user/.m2/repository/org/apache/hadoop/hadoop-hdds-docs/0.5.0-SNAPSHOT/hadoop-hdds-docs-0.5.0-SNAPSHOT.jar:/home/user/.m2/repository/io/dropwizard/metrics/metrics-core/3.2.4/metrics-core-3.2.4.jar:/home/user/.m2/repository/org/hamcrest/hamcrest-all/1.3/hamcrest-all-1.3.jar:/home/user/.m2/repository/org/bouncycastle/bcprov-jdk15on/1.60/bcprov-jdk15on-1.60.jar:/home/user/.m2/repository/info/picocli/picocli/3.9.6/picocli-3.9.6.jar:/home/user/.m2/repository/com/google/protobuf/protobuf-java/2.5.0/protobuf-java-2.5.0.jar:/home/user/.m2/repository/com/google/guava/guava/11.0.2/guava-11.0.2.jar:/home/user/.m2/repository/org/apache/hadoop/hadoop-ozone-ozone-manager/0.5.0-SNAPSHOT/hadoop-ozone-ozone-manager-0.5.0-SNAPSHOT.jar:/home/user/.m2/repository/org/apache/hadoop/hadoop-minikdc/3.2.0/hadoop-minikdc-3.2.0.jar:/home/user/.m2/repository/commons-io/commons-io/2.5/commons-io-2.5.jar:/home/user/.m2/repository/org/apache/kerby/kerb-simplekdc/1.0.1/kerb-simplekdc-1.0.1.jar:/home/user/.m2/repository/org/apache/kerby/kerb-client/1.0.1/kerb-client-1.0.1.jar:/home/user/.m2/repository/org/apache/kerby/kerby-config/1.0.1/kerby-config-1.0.1.jar:/home/user/.m2/repository/org/apache/kerby/kerb-core/1.0.1/kerb-core-1.0.1.jar:/home/user/.m2/repository/org/apache/kerby/kerby-pkix/1.0.1/kerby-pkix-1.0.1.jar:/home/user/.m2/repository/org/apache/kerby/kerby-asn1/1.0.1/kerby-asn1-1.0.1.jar:/home/user/.m2/repository/org/apache/kerby/kerby-util/1.0.1/kerby-util-1.0.1.jar:/home/user/.m2/repository/org/apache/kerby/kerb-common/1.0.1/kerb-common-1.0.1.jar:/home/user/.m2/repository/org/apache/kerby/kerb-crypto/1.0.1/kerb-crypto-1.0.1.jar:/home/user/.m2/repository/org/apache/kerby/kerb-util/1.0.1/kerb-util-1.0.1.jar:/home/user/.m2/repository/org/apache/kerby/token-provider/1.0.1/token-provider-1.0.1.jar:/home/user/.m2/repository/org/apache/kerby/kerb-admin/1.0.1/kerb-admin-1.0.1.jar:/home/user/.m2/repository/org/apache/kerby/kerb-server/1.0.1/kerb-server-1.0.1.jar:/home/user/.m2/repository/org/apache/kerby/kerb-identity/1.0.1/kerb-identity-1.0.1.jar:/home/user/.m2/repository/org/apache/kerby/kerby-xdr/1.0.1/kerby-xdr-1.0.1.jar:/home/user/.m2/repository/org/slf4j/slf4j-log4j12/1.7.25/slf4j-log4j12-1.7.25.jar:/home/user/.m2/repository/org/apache/hadoop/hadoop-ozone-s3gateway/0.5.0-SNAPSHOT/hadoop-ozone-s3gateway-0.5.0-SNAPSHOT.jar:/home/user/.m2/repository/org/jboss/weld/servlet/weld-servlet/2.4.7.Final/weld-servlet-2.4.7.Final.jar:/home/user/.m2/repository/org/glassfish/jersey/containers/jersey-container-servlet-core/2.27/jersey-container-servlet-core-2.27.jar:/home/user/.m2/repository/org/glassfish/hk2/external/javax.inject/2.5.0-b42/javax.inject-2.5.0-b42.jar:/home/user/.m2/repository/org/glassfish/jersey/core/jersey-common/2.27/jersey-common-2.27.jar:/home/user/.m2/repository/org/glassfish/hk2/osgi-resource-locator/1.0.1/osgi-resource-locator-1.0.1.jar:/home/user/.m2/repository/javax/ws/rs/javax.ws.rs-api/2.1/javax.ws.rs-api-2.1.jar:/home/user/.m2/repository/org/glassfish/jersey/ext/cdi/jersey-cdi1x/2.27/jersey-cdi1x-2.27.jar:/home/user/.m2/repository/org/glassfish/jersey/inject/jersey-hk2/2.27/jersey-hk2-2.27.jar:/home/user/.m2/repository/org/glassfish/hk2/hk2-locator/2.5.0-b42/hk2-locator-2.5.0-b42.jar:/home/user/.m2/repository/org/javassist/javassist/3.22.0-CR2/javassist-3.22.0-CR2.jar:/home/user/.m2/repository/org/glassfish/hk2/hk2-api/2.5.0/hk2-api-2.5.0.jar:/home/user/.m2/repository/org/glassfish/hk2/external/jakarta.inject/2.5.0/jakarta.inject-2.5.0.jar:/home/user/.m2/repository/org/glassfish/hk2/hk2-utils/2.5.0/hk2-utils-2.5.0.jar:/home/user/.m2/repository/jakarta/annotation/jakarta.annotation-api/1.3.4/jakarta.annotation-api-1.3.4.jar:/home/user/.m2/repository/org/glassfish/hk2/external/aopalliance-repackaged/2.5.0/aopalliance-repackaged-2.5.0.jar:/home/user/.m2/repository/com/fasterxml/jackson/dataformat/jackson-dataformat-xml/2.9.0/jackson-dataformat-xml-2.9.0.jar:/home/user/.m2/repository/com/fasterxml/jackson/core/jackson-core/2.9.9/jackson-core-2.9.9.jar:/home/user/.m2/repository/com/fasterxml/jackson/module/jackson-module-jaxb-annotations/2.9.9/jackson-module-jaxb-annotations-2.9.9.jar:/home/user/.m2/repository/javax/enterprise/cdi-api/1.2/cdi-api-1.2.jar:/home/user/.m2/repository/javax/el/javax.el-api/3.0.0/javax.el-api-3.0.0.jar:/home/user/.m2/repository/javax/interceptor/javax.interceptor-api/1.2/javax.interceptor-api-1.2.jar:/home/user/.m2/repository/javax/inject/javax.inject/1/javax.inject-1.jar:/home/user/.m2/repository/com/sun/xml/bind/jaxb-impl/2.3.0.1/jaxb-impl-2.3.0.1.jar:/home/user/.m2/repository/com/sun/xml/bind/jaxb-core/2.3.0.1/jaxb-core-2.3.0.1.jar:/home/user/.m2/repository/javax/xml/bind/jaxb-api/2.3.0/jaxb-api-2.3.0.jar:/home/user/.m2/repository/javax/activation/activation/1.1.1/activation-1.1.1.jar:/home/user/.m2/repository/org/apache/hadoop/hadoop-ozone-csi/0.5.0-SNAPSHOT/hadoop-ozone-csi-0.5.0-SNAPSHOT.jar:/home/user/.m2/repository/com/google/protobuf/protobuf-java-util/3.5.1/protobuf-java-util-3.5.1.jar:/home/user/.m2/repository/org/apache/hadoop/hadoop-hdds-config/0.5.0-SNAPSHOT/hadoop-hdds-config-0.5.0-SNAPSHOT.jar:/home/user/.m2/repository/io/grpc/grpc-netty/1.17.1/grpc-netty-1.17.1.jar:/home/user/.m2/repository/io/grpc/grpc-core/1.17.1/grpc-core-1.17.1.jar:/home/user/.m2/repository/io/grpc/grpc-context/1.17.1/grpc-context-1.17.1.jar:/home/user/.m2/repository/com/google/errorprone/error_prone_annotations/2.2.0/error_prone_annotations-2.2.0.jar:/home/user/.m2/repository/org/codehaus/mojo/animal-sniffer-annotations/1.17/animal-sniffer-annotations-1.17.jar:/home/user/.m2/repository/io/opencensus/opencensus-api/0.17.0/opencensus-api-0.17.0.jar:/home/user/.m2/repository/io/opencensus/opencensus-contrib-grpc-metrics/0.17.0/opencensus-contrib-grpc-metrics-0.17.0.jar:/home/user/.m2/repository/io/netty/netty-codec-http2/4.1.30.Final/netty-codec-http2-4.1.30.Final.jar:/home/user/.m2/repository/io/netty/netty-codec-http/4.1.30.Final/netty-codec-http-4.1.30.Final.jar:/home/user/.m2/repository/io/netty/netty-codec/4.1.30.Final/netty-codec-4.1.30.Final.jar:/home/user/.m2/repository/io/netty/netty-handler/4.1.30.Final/netty-handler-4.1.30.Final.jar:/home/user/.m2/repository/io/netty/netty-handler-proxy/4.1.30.Final/netty-handler-proxy-4.1.30.Final.jar:/home/user/.m2/repository/io/netty/netty-codec-socks/4.1.30.Final/netty-codec-socks-4.1.30.Final.jar:/home/user/.m2/repository/io/netty/netty-transport-native-epoll/4.1.30.Final/netty-transport-native-epoll-4.1.30.Final.jar:/home/user/.m2/repository/io/netty/netty-common/4.1.30.Final/netty-common-4.1.30.Final.jar:/home/user/.m2/repository/io/netty/netty-buffer/4.1.30.Final/netty-buffer-4.1.30.Final.jar:/home/user/.m2/repository/io/netty/netty-transport/4.1.30.Final/netty-transport-4.1.30.Final.jar:/home/user/.m2/repository/io/netty/netty-resolver/4.1.30.Final/netty-resolver-4.1.30.Final.jar:/home/user/.m2/repository/io/netty/netty-transport-native-unix-common/4.1.30.Final/netty-transport-native-unix-common-4.1.30.Final.jar:/home/user/.m2/repository/io/grpc/grpc-protobuf/1.17.1/grpc-protobuf-1.17.1.jar:/home/user/.m2/repository/com/google/api/grpc/proto-google-common-protos/1.0.0/proto-google-common-protos-1.0.0.jar:/home/user/.m2/repository/io/grpc/grpc-protobuf-lite/1.17.1/grpc-protobuf-lite-1.17.1.jar:/home/user/.m2/repository/io/grpc/grpc-stub/1.17.1/grpc-stub-1.17.1.jar:/home/user/.m2/repository/org/apache/hadoop/hadoop-ozone-recon/0.5.0-SNAPSHOT/hadoop-ozone-recon-0.5.0-SNAPSHOT.jar:/home/user/.m2/repository/org/apache/hadoop/hadoop-ozone-reconcodegen/0.5.0-SNAPSHOT/hadoop-ozone-reconcodegen-0.5.0-SNAPSHOT.jar:/home/user/.m2/repository/com/google/inject/extensions/guice-multibindings/4.0/guice-multibindings-4.0.jar:/home/user/.m2/repository/com/google/inject/guice/4.0/guice-4.0.jar:/home/user/.m2/repository/aopalliance/aopalliance/1.0/aopalliance-1.0.jar:/home/user/.m2/repository/com/google/inject/extensions/guice-servlet/4.0/guice-servlet-4.0.jar:/home/user/.m2/repository/org/glassfish/jersey/containers/jersey-container-servlet/2.27/jersey-container-servlet-2.27.jar:/home/user/.m2/repository/org/glassfish/hk2/guice-bridge/2.5.0/guice-bridge-2.5.0.jar:/home/user/.m2/repository/org/glassfish/jersey/core/jersey-server/2.27/jersey-server-2.27.jar:/home/user/.m2/repository/org/glassfish/jersey/core/jersey-client/2.27/jersey-client-2.27.jar:/home/user/.m2/repository/org/glassfish/jersey/media/jersey-media-jaxb/2.27/jersey-media-jaxb-2.27.jar:/home/user/.m2/repository/javax/validation/validation-api/1.1.0.Final/validation-api-1.1.0.Final.jar:/home/user/.m2/repository/org/glassfish/jersey/media/jersey-media-json-jackson/2.27/jersey-media-json-jackson-2.27.jar:/home/user/.m2/repository/org/glassfish/jersey/ext/jersey-entity-filtering/2.27/jersey-entity-filtering-2.27.jar:/home/user/.m2/repository/com/google/inject/extensions/guice-assistedinject/4.0/guice-assistedinject-4.0.jar:/home/user/.m2/repository/org/jooq/jooq/3.11.10/jooq-3.11.10.jar:/home/user/.m2/repository/org/jooq/jooq-meta/3.11.10/jooq-meta-3.11.10.jar:/home/user/.m2/repository/org/jooq/jooq-codegen/3.11.10/jooq-codegen-3.11.10.jar:/home/user/.m2/repository/com/jolbox/bonecp/0.8.0.RELEASE/bonecp-0.8.0.RELEASE.jar:/home/user/.m2/repository/org/xerial/sqlite-jdbc/3.25.2/sqlite-jdbc-3.25.2.jar:/home/user/.m2/repository/org/springframework/spring-jdbc/5.1.3.RELEASE/spring-jdbc-5.1.3.RELEASE.jar:/home/user/.m2/repository/org/springframework/spring-beans/5.1.3.RELEASE/spring-beans-5.1.3.RELEASE.jar:/home/user/.m2/repository/org/springframework/spring-core/5.1.3.RELEASE/spring-core-5.1.3.RELEASE.jar:/home/user/.m2/repository/org/springframework/spring-jcl/5.1.3.RELEASE/spring-jcl-5.1.3.RELEASE.jar:/home/user/.m2/repository/org/springframework/spring-tx/5.1.3.RELEASE/spring-tx-5.1.3.RELEASE.jar:/home/user/.m2/repository/org/apache/hadoop/hadoop-ozone-client/0.5.0-SNAPSHOT/hadoop-ozone-client-0.5.0-SNAPSHOT.jar:/home/user/.m2/repository/commons-lang/commons-lang/2.6/commons-lang-2.6.jar:/home/user/.m2/repository/org/apache/hadoop/hadoop-ozone-ozone-manager/0.5.0-SNAPSHOT/hadoop-ozone-ozone-manager-0.5.0-SNAPSHOT-tests.jar:/home/user/.m2/repository/junit/junit/4.11/junit-4.11.jar:/home/user/.m2/repository/org/hamcrest/hamcrest-core/1.3/hamcrest-core-1.3.jar:/home/user/.m2/repository/org/openjdk/jmh/jmh-core/1.19/jmh-core-1.19.jar:/home/user/.m2/repository/net/sf/jopt-simple/jopt-simple/4.6/jopt-simple-4.6.jar:/home/user/.m2/repository/org/apache/commons/commons-math3/3.1.1/commons-math3-3.1.1.jar:/home/user/.m2/repository/org/openjdk/jmh/jmh-generator-annprocess/1.19/jmh-generator-annprocess-1.19.jar:/home/user/.m2/repository/org/mockito/mockito-all/1.8.5/mockito-all-1.8.5.jar:/home/user/.m2/repository/org/apache/hadoop/hadoop-kms/3.2.0/hadoop-kms-3.2.0.jar:/home/user/.m2/repository/org/apache/hadoop/hadoop-auth/3.2.0/hadoop-auth-3.2.0.jar:/home/user/.m2/repository/com/nimbusds/nimbus-jose-jwt/4.41.1/nimbus-jose-jwt-4.41.1.jar:/home/user/.m2/repository/com/github/stephenc/jcip/jcip-annotations/1.0-1/jcip-annotations-1.0-1.jar:/home/user/.m2/repository/net/minidev/json-smart/2.3/json-smart-2.3.jar:/home/user/.m2/repository/net/minidev/accessors-smart/1.2/accessors-smart-1.2.jar:/home/user/.m2/repository/org/ow2/asm/asm/5.0.4/asm-5.0.4.jar:/home/user/.m2/repository/org/apache/curator/curator-framework/2.12.0/curator-framework-2.12.0.jar:/home/user/.m2/repository/com/sun/jersey/jersey-core/1.19/jersey-core-1.19.jar:/home/user/.m2/repository/javax/ws/rs/jsr311-api/1.1.1/jsr311-api-1.1.1.jar:/home/user/.m2/repository/com/sun/jersey/jersey-server/1.19/jersey-server-1.19.jar:/home/user/.m2/repository/javax/servlet/javax.servlet-api/3.1.0/javax.servlet-api-3.1.0.jar:/home/user/.m2/repository/org/eclipse/jetty/jetty-server/9.3.24.v20180605/jetty-server-9.3.24.v20180605.jar:/home/user/.m2/repository/org/eclipse/jetty/jetty-http/9.3.24.v20180605/jetty-http-9.3.24.v20180605.jar:/home/user/.m2/repository/org/eclipse/jetty/jetty-io/9.3.24.v20180605/jetty-io-9.3.24.v20180605.jar:/home/user/.m2/repository/org/eclipse/jetty/jetty-webapp/9.3.24.v20180605/jetty-webapp-9.3.24.v20180605.jar:/home/user/.m2/repository/org/eclipse/jetty/jetty-xml/9.3.24.v20180605/jetty-xml-9.3.24.v20180605.jar:/home/user/.m2/repository/log4j/log4j/1.2.17/log4j-1.2.17.jar:/home/user/.m2/repository/org/slf4j/slf4j-api/1.7.25/slf4j-api-1.7.25.jar:/home/user/.m2/repository/org/slf4j/jul-to-slf4j/1.7.25/jul-to-slf4j-1.7.25.jar:/home/user/.m2/repository/org/eclipse/jetty/jetty-util/9.3.24.v20180605/jetty-util-9.3.24.v20180605.jar:/home/user/.m2/repository/com/fasterxml/jackson/core/jackson-databind/2.9.9/jackson-databind-2.9.9.jar:/home/user/.m2/repository/org/apache/hadoop/hadoop-kms/3.2.0/hadoop-kms-3.2.0-tests.jar:/home/user/.m2/repository/org/apache/hadoop/hadoop-hdds-server-scm/0.5.0-SNAPSHOT/hadoop-hdds-server-scm-0.5.0-SNAPSHOT-tests.jar:/home/user/.m2/repository/org/apache/hadoop/hadoop-hdds-container-service/0.5.0-SNAPSHOT/hadoop-hdds-container-service-0.5.0-SNAPSHOT-tests.jar:/home/user/.m2/repository/org/yaml/snakeyaml/1.16/snakeyaml-1.16.jar:/home/user/.m2/repository/org/apache/hadoop/hadoop-common/3.2.0/hadoop-common-3.2.0-tests.jar:/home/user/.m2/repository/org/apache/hadoop/hadoop-annotations/3.2.0/hadoop-annotations-3.2.0.jar:/usr/lib/jvm/java-1.8-openjdk/jre/../lib/tools.jar:/home/user/.m2/repository/commons-cli/commons-cli/1.2/commons-cli-1.2.jar:/home/user/.m2/repository/org/apache/httpcomponents/httpclient/4.5.2/httpclient-4.5.2.jar:/home/user/.m2/repository/org/apache/httpcomponents/httpcore/4.4.4/httpcore-4.4.4.jar:/home/user/.m2/repository/commons-codec/commons-codec/1.11/commons-codec-1.11.jar:/home/user/.m2/repository/commons-net/commons-net/3.6/commons-net-3.6.jar:/home/user/.m2/repository/commons-collections/commons-collections/3.2.2/commons-collections-3.2.2.jar:/home/user/.m2/repository/org/eclipse/jetty/jetty-servlet/9.3.24.v20180605/jetty-servlet-9.3.24.v20180605.jar:/home/user/.m2/repository/org/eclipse/jetty/jetty-security/9.3.24.v20180605/jetty-security-9.3.24.v20180605.jar:/home/user/.m2/repository/javax/servlet/jsp/jsp-api/2.1/jsp-api-2.1.jar:/home/user/.m2/repository/com/sun/jersey/jersey-servlet/1.19/jersey-servlet-1.19.jar:/home/user/.m2/repository/com/sun/jersey/jersey-json/1.19/jersey-json-1.19.jar:/home/user/.m2/repository/org/codehaus/jettison/jettison/1.1/jettison-1.1.jar:/home/user/.m2/repository/org/codehaus/jackson/jackson-core-asl/1.9.13/jackson-core-asl-1.9.13.jar:/home/user/.m2/repository/org/codehaus/jackson/jackson-mapper-asl/1.9.13/jackson-mapper-asl-1.9.13.jar:/home/user/.m2/repository/org/codehaus/jackson/jackson-jaxrs/1.9.13/jackson-jaxrs-1.9.13.jar:/home/user/.m2/repository/org/codehaus/jackson/jackson-xc/1.9.13/jackson-xc-1.9.13.jar:/home/user/.m2/repository/commons-logging/commons-logging/1.1.3/commons-logging-1.1.3.jar:/home/user/.m2/repository/commons-beanutils/commons-beanutils/1.9.4/commons-beanutils-1.9.4.jar:/home/user/.m2/repository/org/apache/commons/commons-configuration2/2.1.1/commons-configuration2-2.1.1.jar:/home/user/.m2/repository/org/apache/commons/commons-lang3/3.7/commons-lang3-3.7.jar:/home/user/.m2/repository/org/apache/commons/commons-text/1.4/commons-text-1.4.jar:/home/user/.m2/repository/org/apache/avro/avro/1.7.7/avro-1.7.7.jar:/home/user/.m2/repository/com/thoughtworks/paranamer/paranamer/2.3/paranamer-2.3.jar:/home/user/.m2/repository/org/xerial/snappy/snappy-java/1.0.5/snappy-java-1.0.5.jar:/home/user/.m2/repository/com/google/re2j/re2j/1.1/re2j-1.1.jar:/home/user/.m2/repository/com/google/code/gson/gson/2.2.4/gson-2.2.4.jar:/home/user/.m2/repository/com/jcraft/jsch/0.1.54/jsch-0.1.54.jar:/home/user/.m2/repository/org/apache/curator/curator-client/2.12.0/curator-client-2.12.0.jar:/home/user/.m2/repository/org/apache/curator/curator-recipes/2.12.0/curator-recipes-2.12.0.jar:/home/user/.m2/repository/com/google/code/findbugs/jsr305/3.0.0/jsr305-3.0.0.jar:/home/user/.m2/repository/org/apache/htrace/htrace-core4/4.1.0-incubating/htrace-core4-4.1.0-incubating.jar:/home/user/.m2/repository/org/apache/zookeeper/zookeeper/3.4.13/zookeeper-3.4.13.jar:/home/user/.m2/repository/org/apache/yetus/audience-annotations/0.5.0/audience-annotations-0.5.0.jar:/home/user/.m2/repository/org/codehaus/woodstox/stax2-api/3.1.4/stax2-api-3.1.4.jar:/home/user/.m2/repository/com/fasterxml/woodstox/woodstox-core/5.0.3/woodstox-core-5.0.3.jar:/home/user/.m2/repository/dnsjava/dnsjava/2.1.7/dnsjava-2.1.7.jar:/home/user/.m2/repository/org/apache/hadoop/hadoop-hdfs/3.2.0/hadoop-hdfs-3.2.0-tests.jar:/home/user/.m2/repository/org/eclipse/jetty/jetty-util-ajax/9.3.24.v20180605/jetty-util-ajax-9.3.24.v20180605.jar:/home/user/.m2/repository/commons-daemon/commons-daemon/1.0.13/commons-daemon-1.0.13.jar:/home/user/.m2/repository/io/netty/netty/3.10.5.Final/netty-3.10.5.Final.jar:/home/user/.m2/repository/io/netty/netty-all/4.0.52.Final/netty-all-4.0.52.Final.jar:/home/user/.m2/repository/org/fusesource/leveldbjni/leveldbjni-all/1.8/leveldbjni-all-1.8.jar:"/>
    <property name="sun.cpu.endian" value="little"/>
    <property name="user.home" value="/home/user"/>
    <property name="user.language" value="en"/>
    <property name="java.specification.vendor" value="Oracle Corporation"/>
    <property name="java.home" value="/usr/lib/jvm/java-1.8-openjdk/jre"/>
    <property name="java.security.krb5.conf" value="/workdir/hadoop-ozone/integration-test/target/test-classes/krb5.conf"/>
    <property name="basedir" value="/workdir/hadoop-ozone/integration-test"/>
    <property name="file.separator" value="/"/>
    <property name="line.separator" value="&#10;"/>
    <property name="java.vm.specification.vendor" value="Oracle Corporation"/>
    <property name="java.specification.name" value="Java Platform API Specification"/>
    <property name="java.awt.graphicsenv" value="sun.awt.X11GraphicsEnvironment"/>
    <property name="surefire.real.class.path" value="/workdir/hadoop-ozone/integration-test/target/surefire/surefirebooter2058203482630560239.jar"/>
    <property name="hadoop.log.dir" value="/workdir/hadoop-ozone/integration-test/target/log"/>
    <property name="sun.boot.class.path" value="/usr/lib/jvm/java-1.8-openjdk/jre/lib/resources.jar:/usr/lib/jvm/java-1.8-openjdk/jre/lib/rt.jar:/usr/lib/jvm/java-1.8-openjdk/jre/lib/sunrsasign.jar:/usr/lib/jvm/java-1.8-openjdk/jre/lib/jsse.jar:/usr/lib/jvm/java-1.8-openjdk/jre/lib/jce.jar:/usr/lib/jvm/java-1.8-openjdk/jre/lib/charsets.jar:/usr/lib/jvm/java-1.8-openjdk/jre/lib/jfr.jar:/usr/lib/jvm/java-1.8-openjdk/jre/classes"/>
    <property name="sun.management.compiler" value="HotSpot 64-Bit Tiered Compilers"/>
    <property name="java.runtime.version" value="1.8.0_212-b04"/>
    <property name="java.net.preferIPv4Stack" value="true"/>
    <property name="user.name" value="jenkins1000"/>
    <property name="path.separator" value=":"/>
    <property name="java.security.egd" value="file:///dev/urandom"/>
    <property name="os.version" value="3.10.0-957.12.2.el7.x86_64"/>
    <property name="java.endorsed.dirs" value="/usr/lib/jvm/java-1.8-openjdk/jre/lib/endorsed"/>
    <property name="java.runtime.name" value="OpenJDK Runtime Environment"/>
    <property name="file.encoding" value="UTF-8"/>
    <property name="java.vm.name" value="OpenJDK 64-Bit Server VM"/>
    <property name="test.build.webapps" value=""/>
    <property name="localRepository" value="/home/user/.m2/repository"/>
    <property name="java.vendor.url.bug" value="https://icedtea.classpath.org/bugzilla"/>
    <property name="java.io.tmpdir" value="/tmp"/>
    <property name="require.test.libhadoop" value=""/>
    <property name="java.version" value="1.8.0_212"/>
    <property name="user.dir" value="/workdir/hadoop-ozone/integration-test"/>
    <property name="os.arch" value="amd64"/>
    <property name="java.vm.specification.name" value="Java Virtual Machine Specification"/>
    <property name="test.build.classes" value="/workdir/hadoop-ozone/integration-test/target/test-classes"/>
    <property name="java.awt.printerjob" value="sun.print.PSPrinterJob"/>
    <property name="sun.os.patch.level" value="unknown"/>
    <property name="hadoop.tmp.dir" value="/workdir/hadoop-ozone/integration-test/target/tmp"/>
    <property name="java.library.path" value="/usr/lib/jvm/java-1.8-openjdk/jre/lib/amd64/server:/usr/lib/jvm/java-1.8-openjdk/jre/lib/amd64:/usr/lib/jvm/java-1.8-openjdk/jre/../lib/amd64:/workdir/hadoop-ozone/integration-test/target/native/target/usr/local/lib:/workdir/hadoop-ozone/integration-test/../../hadoop-common-project/hadoop-common/target/native/target/usr/local/lib:/usr/java/packages/lib/amd64:/usr/lib64:/lib64:/lib:/usr/lib"/>
    <property name="java.vm.info" value="mixed mode"/>
    <property name="java.vendor" value="IcedTea"/>
    <property name="java.vm.version" value="25.212-b04"/>
    <property name="java.ext.dirs" value="/usr/lib/jvm/java-1.8-openjdk/jre/lib/ext:/usr/java/packages/lib/ext"/>
    <property name="sun.io.unicode.encoding" value="UnicodeLittle"/>
    <property name="java.class.version" value="52.0"/>
  </properties>
  <testcase name="testReleaseBuffers" classname="org.apache.hadoop.ozone.client.rpc.TestCommitWatcher" time="12.697"/>
  <testcase name="testReleaseBuffersOnException" classname="org.apache.hadoop.ozone.client.rpc.TestCommitWatcher" time="35.42">
    <failure type="java.lang.AssertionError">java.lang.AssertionError
	at org.junit.Assert.fail(Assert.java:86)
	at org.junit.Assert.assertTrue(Assert.java:41)
	at org.junit.Assert.assertTrue(Assert.java:52)
	at org.apache.hadoop.ozone.client.rpc.TestCommitWatcher.testReleaseBuffersOnException(TestCommitWatcher.java:284)
	at sun.reflect.NativeMethodAccessorImpl.invoke0(Native Method)
	at sun.reflect.NativeMethodAccessorImpl.invoke(NativeMethodAccessorImpl.java:62)
	at sun.reflect.DelegatingMethodAccessorImpl.invoke(DelegatingMethodAccessorImpl.java:43)
	at java.lang.reflect.Method.invoke(Method.java:498)
	at org.junit.runners.model.FrameworkMethod$1.runReflectiveCall(FrameworkMethod.java:47)
	at org.junit.internal.runners.model.ReflectiveCallable.run(ReflectiveCallable.java:12)
	at org.junit.runners.model.FrameworkMethod.invokeExplosively(FrameworkMethod.java:44)
	at org.junit.internal.runners.statements.InvokeMethod.evaluate(InvokeMethod.java:17)
	at org.junit.runners.ParentRunner.runLeaf(ParentRunner.java:271)
	at org.junit.runners.BlockJUnit4ClassRunner.runChild(BlockJUnit4ClassRunner.java:70)
	at org.junit.runners.BlockJUnit4ClassRunner.runChild(BlockJUnit4ClassRunner.java:50)
	at org.junit.runners.ParentRunner$3.run(ParentRunner.java:238)
	at org.junit.runners.ParentRunner$1.schedule(ParentRunner.java:63)
	at org.junit.runners.ParentRunner.runChildren(ParentRunner.java:236)
	at org.junit.runners.ParentRunner.access$000(ParentRunner.java:53)
	at org.junit.runners.ParentRunner$2.evaluate(ParentRunner.java:229)
	at org.junit.internal.runners.statements.RunBefores.evaluate(RunBefores.java:26)
	at org.junit.internal.runners.statements.RunAfters.evaluate(RunAfters.java:27)
	at org.junit.runners.ParentRunner.run(ParentRunner.java:309)
	at org.apache.maven.surefire.junit4.JUnit4Provider.execute(JUnit4Provider.java:365)
	at org.apache.maven.surefire.junit4.JUnit4Provider.executeWithRerun(JUnit4Provider.java:273)
	at org.apache.maven.surefire.junit4.JUnit4Provider.executeTestSet(JUnit4Provider.java:238)
	at org.apache.maven.surefire.junit4.JUnit4Provider.invoke(JUnit4Provider.java:159)
	at org.apache.maven.surefire.booter.ForkedBooter.invokeProviderInSameClassLoader(ForkedBooter.java:384)
	at org.apache.maven.surefire.booter.ForkedBooter.runSuitesInProcess(ForkedBooter.java:345)
	at org.apache.maven.surefire.booter.ForkedBooter.execute(ForkedBooter.java:126)
	at org.apache.maven.surefire.booter.ForkedBooter.main(ForkedBooter.java:418)
</failure>
    <system-out><![CDATA[2019-09-23 18:02:13,844 [Thread-360] INFO  impl.FollowerState (FollowerState.java:run(106)) - ee6276be-e15b-4f84-b023-b62ea48575f0:group-A1B71F03C34E changes to CANDIDATE, lastRpcTime:5104, electionTimeout:5102ms
2019-09-23 18:02:13,844 [Thread-360] INFO  impl.RoleInfo (RoleInfo.java:shutdownFollowerState(121)) - ee6276be-e15b-4f84-b023-b62ea48575f0: shutdown FollowerState
2019-09-23 18:02:13,844 [Thread-360] INFO  impl.RaftServerImpl (RaftServerImpl.java:setRole(174)) - ee6276be-e15b-4f84-b023-b62ea48575f0@group-A1B71F03C34E: changes role from  FOLLOWER to CANDIDATE at term 2 for changeToCandidate
2019-09-23 18:02:13,845 [Thread-360] INFO  impl.RoleInfo (RoleInfo.java:updateAndGet(143)) - ee6276be-e15b-4f84-b023-b62ea48575f0: start LeaderElection
2019-09-23 18:02:13,890 [Thread-359] INFO  impl.FollowerState (FollowerState.java:run(106)) - bd3538d6-7861-4d09-bd16-e9a225f71211:group-A1B71F03C34E changes to CANDIDATE, lastRpcTime:5156, electionTimeout:5155ms
2019-09-23 18:02:13,890 [Thread-359] INFO  impl.RoleInfo (RoleInfo.java:shutdownFollowerState(121)) - bd3538d6-7861-4d09-bd16-e9a225f71211: shutdown FollowerState
2019-09-23 18:02:13,890 [Thread-359] INFO  impl.RaftServerImpl (RaftServerImpl.java:setRole(174)) - bd3538d6-7861-4d09-bd16-e9a225f71211@group-A1B71F03C34E: changes role from  FOLLOWER to CANDIDATE at term 2 for changeToCandidate
2019-09-23 18:02:13,890 [Thread-359] INFO  impl.RoleInfo (RoleInfo.java:updateAndGet(143)) - bd3538d6-7861-4d09-bd16-e9a225f71211: start LeaderElection
2019-09-23 18:02:13,897 [Thread-361] INFO  impl.FollowerState (FollowerState.java:run(106)) - 0947d463-1fed-446e-b338-93928cc10457:group-A1B71F03C34E changes to CANDIDATE, lastRpcTime:5152, electionTimeout:5150ms
2019-09-23 18:02:13,897 [Thread-361] INFO  impl.RoleInfo (RoleInfo.java:shutdownFollowerState(121)) - 0947d463-1fed-446e-b338-93928cc10457: shutdown FollowerState
2019-09-23 18:02:13,898 [Thread-361] INFO  impl.RaftServerImpl (RaftServerImpl.java:setRole(174)) - 0947d463-1fed-446e-b338-93928cc10457@group-A1B71F03C34E: changes role from  FOLLOWER to CANDIDATE at term 2 for changeToCandidate
2019-09-23 18:02:13,898 [Thread-361] INFO  impl.RoleInfo (RoleInfo.java:updateAndGet(143)) - 0947d463-1fed-446e-b338-93928cc10457: start LeaderElection
2019-09-23 18:02:14,028 [ee6276be-e15b-4f84-b023-b62ea48575f0@group-A1B71F03C34E:LeaderElection19] INFO  impl.LeaderElection (LeaderElection.java:askForVotes(182)) - ee6276be-e15b-4f84-b023-b62ea48575f0@group-A1B71F03C34E:LeaderElection19: begin an election at term 3 for -1: [bd3538d6-7861-4d09-bd16-e9a225f71211:192.168.151.119:44693, 0947d463-1fed-446e-b338-93928cc10457:192.168.151.119:39966, ee6276be-e15b-4f84-b023-b62ea48575f0:192.168.151.119:35592], old=null
2019-09-23 18:02:14,073 [0947d463-1fed-446e-b338-93928cc10457@group-A1B71F03C34E:LeaderElection21] INFO  impl.LeaderElection (LeaderElection.java:askForVotes(182)) - 0947d463-1fed-446e-b338-93928cc10457@group-A1B71F03C34E:LeaderElection21: begin an election at term 3 for -1: [bd3538d6-7861-4d09-bd16-e9a225f71211:192.168.151.119:44693, 0947d463-1fed-446e-b338-93928cc10457:192.168.151.119:39966, ee6276be-e15b-4f84-b023-b62ea48575f0:192.168.151.119:35592], old=null
2019-09-23 18:02:14,073 [bd3538d6-7861-4d09-bd16-e9a225f71211@group-A1B71F03C34E:LeaderElection20] INFO  impl.LeaderElection (LeaderElection.java:askForVotes(182)) - bd3538d6-7861-4d09-bd16-e9a225f71211@group-A1B71F03C34E:LeaderElection20: begin an election at term 3 for -1: [bd3538d6-7861-4d09-bd16-e9a225f71211:192.168.151.119:44693, 0947d463-1fed-446e-b338-93928cc10457:192.168.151.119:39966, ee6276be-e15b-4f84-b023-b62ea48575f0:192.168.151.119:35592], old=null
2019-09-23 18:02:14,075 [ee6276be-e15b-4f84-b023-b62ea48575f0@group-A1B71F03C34E:LeaderElection19] INFO  impl.LeaderElection (LeaderElection.java:logAndReturn(56)) - ee6276be-e15b-4f84-b023-b62ea48575f0@group-A1B71F03C34E:LeaderElection19: Election REJECTED; received 2 response(s) [ee6276be-e15b-4f84-b023-b62ea48575f0<-0947d463-1fed-446e-b338-93928cc10457#0:FAIL-t3, ee6276be-e15b-4f84-b023-b62ea48575f0<-bd3538d6-7861-4d09-bd16-e9a225f71211#0:FAIL-t3] and 0 exception(s); ee6276be-e15b-4f84-b023-b62ea48575f0@group-A1B71F03C34E:t3, leader=null, voted=ee6276be-e15b-4f84-b023-b62ea48575f0, raftlog=ee6276be-e15b-4f84-b023-b62ea48575f0@group-A1B71F03C34E-SegmentedRaftLog:OPENED:c-1,f-1,i0, conf=-1: [bd3538d6-7861-4d09-bd16-e9a225f71211:192.168.151.119:44693, 0947d463-1fed-446e-b338-93928cc10457:192.168.151.119:39966, ee6276be-e15b-4f84-b023-b62ea48575f0:192.168.151.119:35592], old=null
2019-09-23 18:02:14,076 [ee6276be-e15b-4f84-b023-b62ea48575f0@group-A1B71F03C34E:LeaderElection19] INFO  impl.RaftServerImpl (RaftServerImpl.java:setRole(174)) - ee6276be-e15b-4f84-b023-b62ea48575f0@group-A1B71F03C34E: changes role from CANDIDATE to FOLLOWER at term 3 for DISCOVERED_A_NEW_TERM
2019-09-23 18:02:14,076 [ee6276be-e15b-4f84-b023-b62ea48575f0@group-A1B71F03C34E:LeaderElection19] INFO  impl.RoleInfo (RoleInfo.java:shutdownLeaderElection(134)) - ee6276be-e15b-4f84-b023-b62ea48575f0: shutdown LeaderElection
2019-09-23 18:02:14,076 [ee6276be-e15b-4f84-b023-b62ea48575f0@group-A1B71F03C34E:LeaderElection19] INFO  impl.RoleInfo (RoleInfo.java:updateAndGet(143)) - ee6276be-e15b-4f84-b023-b62ea48575f0: start FollowerState
2019-09-23 18:02:14,079 [bd3538d6-7861-4d09-bd16-e9a225f71211@group-A1B71F03C34E:LeaderElection20] INFO  impl.LeaderElection (LeaderElection.java:logAndReturn(56)) - bd3538d6-7861-4d09-bd16-e9a225f71211@group-A1B71F03C34E:LeaderElection20: Election REJECTED; received 2 response(s) [bd3538d6-7861-4d09-bd16-e9a225f71211<-0947d463-1fed-446e-b338-93928cc10457#0:FAIL-t3, bd3538d6-7861-4d09-bd16-e9a225f71211<-ee6276be-e15b-4f84-b023-b62ea48575f0#0:FAIL-t3] and 0 exception(s); bd3538d6-7861-4d09-bd16-e9a225f71211@group-A1B71F03C34E:t3, leader=null, voted=bd3538d6-7861-4d09-bd16-e9a225f71211, raftlog=bd3538d6-7861-4d09-bd16-e9a225f71211@group-A1B71F03C34E-SegmentedRaftLog:OPENED:c-1,f-1,i0, conf=-1: [bd3538d6-7861-4d09-bd16-e9a225f71211:192.168.151.119:44693, 0947d463-1fed-446e-b338-93928cc10457:192.168.151.119:39966, ee6276be-e15b-4f84-b023-b62ea48575f0:192.168.151.119:35592], old=null
2019-09-23 18:02:14,083 [0947d463-1fed-446e-b338-93928cc10457@group-A1B71F03C34E:LeaderElection21] INFO  impl.LeaderElection (LeaderElection.java:logAndReturn(56)) - 0947d463-1fed-446e-b338-93928cc10457@group-A1B71F03C34E:LeaderElection21: Election REJECTED; received 2 response(s) [0947d463-1fed-446e-b338-93928cc10457<-bd3538d6-7861-4d09-bd16-e9a225f71211#0:FAIL-t3, 0947d463-1fed-446e-b338-93928cc10457<-ee6276be-e15b-4f84-b023-b62ea48575f0#0:FAIL-t3] and 0 exception(s); 0947d463-1fed-446e-b338-93928cc10457@group-A1B71F03C34E:t3, leader=null, voted=0947d463-1fed-446e-b338-93928cc10457, raftlog=0947d463-1fed-446e-b338-93928cc10457@group-A1B71F03C34E-SegmentedRaftLog:OPENED:c-1,f-1,i0, conf=-1: [bd3538d6-7861-4d09-bd16-e9a225f71211:192.168.151.119:44693, 0947d463-1fed-446e-b338-93928cc10457:192.168.151.119:39966, ee6276be-e15b-4f84-b023-b62ea48575f0:192.168.151.119:35592], old=null
2019-09-23 18:02:14,083 [bd3538d6-7861-4d09-bd16-e9a225f71211@group-A1B71F03C34E:LeaderElection20] INFO  impl.RaftServerImpl (RaftServerImpl.java:setRole(174)) - bd3538d6-7861-4d09-bd16-e9a225f71211@group-A1B71F03C34E: changes role from CANDIDATE to FOLLOWER at term 3 for DISCOVERED_A_NEW_TERM
2019-09-23 18:02:14,085 [bd3538d6-7861-4d09-bd16-e9a225f71211@group-A1B71F03C34E:LeaderElection20] INFO  impl.RoleInfo (RoleInfo.java:shutdownLeaderElection(134)) - bd3538d6-7861-4d09-bd16-e9a225f71211: shutdown LeaderElection
2019-09-23 18:02:14,086 [0947d463-1fed-446e-b338-93928cc10457@group-A1B71F03C34E:LeaderElection21] INFO  impl.RaftServerImpl (RaftServerImpl.java:setRole(174)) - 0947d463-1fed-446e-b338-93928cc10457@group-A1B71F03C34E: changes role from CANDIDATE to FOLLOWER at term 3 for DISCOVERED_A_NEW_TERM
2019-09-23 18:02:14,087 [bd3538d6-7861-4d09-bd16-e9a225f71211@group-A1B71F03C34E:LeaderElection20] INFO  impl.RoleInfo (RoleInfo.java:updateAndGet(143)) - bd3538d6-7861-4d09-bd16-e9a225f71211: start FollowerState
2019-09-23 18:02:14,087 [0947d463-1fed-446e-b338-93928cc10457@group-A1B71F03C34E:LeaderElection21] INFO  impl.RoleInfo (RoleInfo.java:shutdownLeaderElection(134)) - 0947d463-1fed-446e-b338-93928cc10457: shutdown LeaderElection
2019-09-23 18:02:14,088 [0947d463-1fed-446e-b338-93928cc10457@group-A1B71F03C34E:LeaderElection21] INFO  impl.RoleInfo (RoleInfo.java:updateAndGet(143)) - 0947d463-1fed-446e-b338-93928cc10457: start FollowerState
2019-09-23 18:02:19,106 [Thread-418] INFO  impl.FollowerState (FollowerState.java:run(106)) - 0947d463-1fed-446e-b338-93928cc10457:group-A1B71F03C34E changes to CANDIDATE, lastRpcTime:5017, electionTimeout:5017ms
2019-09-23 18:02:19,106 [Thread-418] INFO  impl.RoleInfo (RoleInfo.java:shutdownFollowerState(121)) - 0947d463-1fed-446e-b338-93928cc10457: shutdown FollowerState
2019-09-23 18:02:19,106 [Thread-418] INFO  impl.RaftServerImpl (RaftServerImpl.java:setRole(174)) - 0947d463-1fed-446e-b338-93928cc10457@group-A1B71F03C34E: changes role from  FOLLOWER to CANDIDATE at term 3 for changeToCandidate
2019-09-23 18:02:19,107 [Thread-418] INFO  impl.RoleInfo (RoleInfo.java:updateAndGet(143)) - 0947d463-1fed-446e-b338-93928cc10457: start LeaderElection
2019-09-23 18:02:19,122 [Thread-417] INFO  impl.FollowerState (FollowerState.java:run(106)) - bd3538d6-7861-4d09-bd16-e9a225f71211:group-A1B71F03C34E changes to CANDIDATE, lastRpcTime:5034, electionTimeout:5034ms
2019-09-23 18:02:19,122 [Thread-417] INFO  impl.RoleInfo (RoleInfo.java:shutdownFollowerState(121)) - bd3538d6-7861-4d09-bd16-e9a225f71211: shutdown FollowerState
2019-09-23 18:02:19,122 [Thread-417] INFO  impl.RaftServerImpl (RaftServerImpl.java:setRole(174)) - bd3538d6-7861-4d09-bd16-e9a225f71211@group-A1B71F03C34E: changes role from  FOLLOWER to CANDIDATE at term 3 for changeToCandidate
2019-09-23 18:02:19,123 [Thread-417] INFO  impl.RoleInfo (RoleInfo.java:updateAndGet(143)) - bd3538d6-7861-4d09-bd16-e9a225f71211: start LeaderElection
2019-09-23 18:02:19,149 [Thread-416] INFO  impl.FollowerState (FollowerState.java:run(106)) - ee6276be-e15b-4f84-b023-b62ea48575f0:group-A1B71F03C34E changes to CANDIDATE, lastRpcTime:5072, electionTimeout:5072ms
2019-09-23 18:02:19,149 [Thread-416] INFO  impl.RoleInfo (RoleInfo.java:shutdownFollowerState(121)) - ee6276be-e15b-4f84-b023-b62ea48575f0: shutdown FollowerState
2019-09-23 18:02:19,149 [Thread-416] INFO  impl.RaftServerImpl (RaftServerImpl.java:setRole(174)) - ee6276be-e15b-4f84-b023-b62ea48575f0@group-A1B71F03C34E: changes role from  FOLLOWER to CANDIDATE at term 3 for changeToCandidate
2019-09-23 18:02:19,149 [Thread-416] INFO  impl.RoleInfo (RoleInfo.java:updateAndGet(143)) - ee6276be-e15b-4f84-b023-b62ea48575f0: start LeaderElection
2019-09-23 18:02:19,180 [0947d463-1fed-446e-b338-93928cc10457@group-A1B71F03C34E:LeaderElection22] INFO  impl.LeaderElection (LeaderElection.java:askForVotes(182)) - 0947d463-1fed-446e-b338-93928cc10457@group-A1B71F03C34E:LeaderElection22: begin an election at term 4 for -1: [bd3538d6-7861-4d09-bd16-e9a225f71211:192.168.151.119:44693, 0947d463-1fed-446e-b338-93928cc10457:192.168.151.119:39966, ee6276be-e15b-4f84-b023-b62ea48575f0:192.168.151.119:35592], old=null
2019-09-23 18:02:19,180 [bd3538d6-7861-4d09-bd16-e9a225f71211@group-A1B71F03C34E:LeaderElection23] INFO  impl.LeaderElection (LeaderElection.java:askForVotes(182)) - bd3538d6-7861-4d09-bd16-e9a225f71211@group-A1B71F03C34E:LeaderElection23: begin an election at term 4 for -1: [bd3538d6-7861-4d09-bd16-e9a225f71211:192.168.151.119:44693, 0947d463-1fed-446e-b338-93928cc10457:192.168.151.119:39966, ee6276be-e15b-4f84-b023-b62ea48575f0:192.168.151.119:35592], old=null
2019-09-23 18:02:19,243 [ee6276be-e15b-4f84-b023-b62ea48575f0@group-A1B71F03C34E:LeaderElection24] INFO  impl.LeaderElection (LeaderElection.java:askForVotes(182)) - ee6276be-e15b-4f84-b023-b62ea48575f0@group-A1B71F03C34E:LeaderElection24: begin an election at term 4 for -1: [bd3538d6-7861-4d09-bd16-e9a225f71211:192.168.151.119:44693, 0947d463-1fed-446e-b338-93928cc10457:192.168.151.119:39966, ee6276be-e15b-4f84-b023-b62ea48575f0:192.168.151.119:35592], old=null
2019-09-23 18:02:19,246 [bd3538d6-7861-4d09-bd16-e9a225f71211@group-A1B71F03C34E:LeaderElection23] INFO  impl.LeaderElection (LeaderElection.java:logAndReturn(56)) - bd3538d6-7861-4d09-bd16-e9a225f71211@group-A1B71F03C34E:LeaderElection23: Election REJECTED; received 2 response(s) [bd3538d6-7861-4d09-bd16-e9a225f71211<-0947d463-1fed-446e-b338-93928cc10457#0:FAIL-t4, bd3538d6-7861-4d09-bd16-e9a225f71211<-ee6276be-e15b-4f84-b023-b62ea48575f0#0:FAIL-t4] and 0 exception(s); bd3538d6-7861-4d09-bd16-e9a225f71211@group-A1B71F03C34E:t4, leader=null, voted=bd3538d6-7861-4d09-bd16-e9a225f71211, raftlog=bd3538d6-7861-4d09-bd16-e9a225f71211@group-A1B71F03C34E-SegmentedRaftLog:OPENED:c-1,f-1,i0, conf=-1: [bd3538d6-7861-4d09-bd16-e9a225f71211:192.168.151.119:44693, 0947d463-1fed-446e-b338-93928cc10457:192.168.151.119:39966, ee6276be-e15b-4f84-b023-b62ea48575f0:192.168.151.119:35592], old=null
2019-09-23 18:02:19,246 [0947d463-1fed-446e-b338-93928cc10457@group-A1B71F03C34E:LeaderElection22] INFO  impl.LeaderElection (LeaderElection.java:logAndReturn(56)) - 0947d463-1fed-446e-b338-93928cc10457@group-A1B71F03C34E:LeaderElection22: Election REJECTED; received 2 response(s) [0947d463-1fed-446e-b338-93928cc10457<-bd3538d6-7861-4d09-bd16-e9a225f71211#0:FAIL-t4, 0947d463-1fed-446e-b338-93928cc10457<-ee6276be-e15b-4f84-b023-b62ea48575f0#0:FAIL-t4] and 0 exception(s); 0947d463-1fed-446e-b338-93928cc10457@group-A1B71F03C34E:t4, leader=null, voted=0947d463-1fed-446e-b338-93928cc10457, raftlog=0947d463-1fed-446e-b338-93928cc10457@group-A1B71F03C34E-SegmentedRaftLog:OPENED:c-1,f-1,i0, conf=-1: [bd3538d6-7861-4d09-bd16-e9a225f71211:192.168.151.119:44693, 0947d463-1fed-446e-b338-93928cc10457:192.168.151.119:39966, ee6276be-e15b-4f84-b023-b62ea48575f0:192.168.151.119:35592], old=null
2019-09-23 18:02:19,257 [0947d463-1fed-446e-b338-93928cc10457@group-A1B71F03C34E:LeaderElection22] INFO  impl.RaftServerImpl (RaftServerImpl.java:setRole(174)) - 0947d463-1fed-446e-b338-93928cc10457@group-A1B71F03C34E: changes role from CANDIDATE to FOLLOWER at term 4 for DISCOVERED_A_NEW_TERM
2019-09-23 18:02:19,257 [0947d463-1fed-446e-b338-93928cc10457@group-A1B71F03C34E:LeaderElection22] INFO  impl.RoleInfo (RoleInfo.java:shutdownLeaderElection(134)) - 0947d463-1fed-446e-b338-93928cc10457: shutdown LeaderElection
2019-09-23 18:02:19,258 [0947d463-1fed-446e-b338-93928cc10457@group-A1B71F03C34E:LeaderElection22] INFO  impl.RoleInfo (RoleInfo.java:updateAndGet(143)) - 0947d463-1fed-446e-b338-93928cc10457: start FollowerState
2019-09-23 18:02:19,259 [bd3538d6-7861-4d09-bd16-e9a225f71211@group-A1B71F03C34E:LeaderElection23] INFO  impl.RaftServerImpl (RaftServerImpl.java:setRole(174)) - bd3538d6-7861-4d09-bd16-e9a225f71211@group-A1B71F03C34E: changes role from CANDIDATE to FOLLOWER at term 4 for DISCOVERED_A_NEW_TERM
2019-09-23 18:02:19,260 [bd3538d6-7861-4d09-bd16-e9a225f71211@group-A1B71F03C34E:LeaderElection23] INFO  impl.RoleInfo (RoleInfo.java:shutdownLeaderElection(134)) - bd3538d6-7861-4d09-bd16-e9a225f71211: shutdown LeaderElection
2019-09-23 18:02:19,260 [bd3538d6-7861-4d09-bd16-e9a225f71211@group-A1B71F03C34E:LeaderElection23] INFO  impl.RoleInfo (RoleInfo.java:updateAndGet(143)) - bd3538d6-7861-4d09-bd16-e9a225f71211: start FollowerState
2019-09-23 18:02:19,262 [ee6276be-e15b-4f84-b023-b62ea48575f0@group-A1B71F03C34E:LeaderElection24] INFO  impl.LeaderElection (LeaderElection.java:logAndReturn(56)) - ee6276be-e15b-4f84-b023-b62ea48575f0@group-A1B71F03C34E:LeaderElection24: Election REJECTED; received 2 response(s) [ee6276be-e15b-4f84-b023-b62ea48575f0<-bd3538d6-7861-4d09-bd16-e9a225f71211#0:FAIL-t4, ee6276be-e15b-4f84-b023-b62ea48575f0<-0947d463-1fed-446e-b338-93928cc10457#0:FAIL-t4] and 0 exception(s); ee6276be-e15b-4f84-b023-b62ea48575f0@group-A1B71F03C34E:t4, leader=null, voted=ee6276be-e15b-4f84-b023-b62ea48575f0, raftlog=ee6276be-e15b-4f84-b023-b62ea48575f0@group-A1B71F03C34E-SegmentedRaftLog:OPENED:c-1,f-1,i0, conf=-1: [bd3538d6-7861-4d09-bd16-e9a225f71211:192.168.151.119:44693, 0947d463-1fed-446e-b338-93928cc10457:192.168.151.119:39966, ee6276be-e15b-4f84-b023-b62ea48575f0:192.168.151.119:35592], old=null
2019-09-23 18:02:19,263 [ee6276be-e15b-4f84-b023-b62ea48575f0@group-A1B71F03C34E:LeaderElection24] INFO  impl.RaftServerImpl (RaftServerImpl.java:setRole(174)) - ee6276be-e15b-4f84-b023-b62ea48575f0@group-A1B71F03C34E: changes role from CANDIDATE to FOLLOWER at term 4 for DISCOVERED_A_NEW_TERM
2019-09-23 18:02:19,263 [ee6276be-e15b-4f84-b023-b62ea48575f0@group-A1B71F03C34E:LeaderElection24] INFO  impl.RoleInfo (RoleInfo.java:shutdownLeaderElection(134)) - ee6276be-e15b-4f84-b023-b62ea48575f0: shutdown LeaderElection
2019-09-23 18:02:19,263 [ee6276be-e15b-4f84-b023-b62ea48575f0@group-A1B71F03C34E:LeaderElection24] INFO  impl.RoleInfo (RoleInfo.java:updateAndGet(143)) - ee6276be-e15b-4f84-b023-b62ea48575f0: start FollowerState
2019-09-23 18:02:24,399 [Thread-442] INFO  impl.FollowerState (FollowerState.java:run(106)) - 0947d463-1fed-446e-b338-93928cc10457:group-A1B71F03C34E changes to CANDIDATE, lastRpcTime:5141, electionTimeout:5141ms
2019-09-23 18:02:24,402 [Thread-442] INFO  impl.RoleInfo (RoleInfo.java:shutdownFollowerState(121)) - 0947d463-1fed-446e-b338-93928cc10457: shutdown FollowerState
2019-09-23 18:02:24,402 [Thread-442] INFO  impl.RaftServerImpl (RaftServerImpl.java:setRole(174)) - 0947d463-1fed-446e-b338-93928cc10457@group-A1B71F03C34E: changes role from  FOLLOWER to CANDIDATE at term 4 for changeToCandidate
2019-09-23 18:02:24,402 [Thread-442] INFO  impl.RoleInfo (RoleInfo.java:updateAndGet(143)) - 0947d463-1fed-446e-b338-93928cc10457: start LeaderElection
2019-09-23 18:02:24,406 [Thread-444] INFO  impl.FollowerState (FollowerState.java:run(106)) - ee6276be-e15b-4f84-b023-b62ea48575f0:group-A1B71F03C34E changes to CANDIDATE, lastRpcTime:5143, electionTimeout:5143ms
2019-09-23 18:02:24,406 [Thread-444] INFO  impl.RoleInfo (RoleInfo.java:shutdownFollowerState(121)) - ee6276be-e15b-4f84-b023-b62ea48575f0: shutdown FollowerState
2019-09-23 18:02:24,406 [Thread-444] INFO  impl.RaftServerImpl (RaftServerImpl.java:setRole(174)) - ee6276be-e15b-4f84-b023-b62ea48575f0@group-A1B71F03C34E: changes role from  FOLLOWER to CANDIDATE at term 4 for changeToCandidate
2019-09-23 18:02:24,407 [Thread-444] INFO  impl.RoleInfo (RoleInfo.java:updateAndGet(143)) - ee6276be-e15b-4f84-b023-b62ea48575f0: start LeaderElection
2019-09-23 18:02:24,453 [Thread-443] INFO  impl.FollowerState (FollowerState.java:run(106)) - bd3538d6-7861-4d09-bd16-e9a225f71211:group-A1B71F03C34E changes to CANDIDATE, lastRpcTime:5192, electionTimeout:5192ms
2019-09-23 18:02:24,453 [Thread-443] INFO  impl.RoleInfo (RoleInfo.java:shutdownFollowerState(121)) - bd3538d6-7861-4d09-bd16-e9a225f71211: shutdown FollowerState
2019-09-23 18:02:24,453 [Thread-443] INFO  impl.RaftServerImpl (RaftServerImpl.java:setRole(174)) - bd3538d6-7861-4d09-bd16-e9a225f71211@group-A1B71F03C34E: changes role from  FOLLOWER to CANDIDATE at term 4 for changeToCandidate
2019-09-23 18:02:24,453 [Thread-443] INFO  impl.RoleInfo (RoleInfo.java:updateAndGet(143)) - bd3538d6-7861-4d09-bd16-e9a225f71211: start LeaderElection
2019-09-23 18:02:24,553 [0947d463-1fed-446e-b338-93928cc10457@group-A1B71F03C34E:LeaderElection25] INFO  impl.LeaderElection (LeaderElection.java:askForVotes(182)) - 0947d463-1fed-446e-b338-93928cc10457@group-A1B71F03C34E:LeaderElection25: begin an election at term 5 for -1: [bd3538d6-7861-4d09-bd16-e9a225f71211:192.168.151.119:44693, 0947d463-1fed-446e-b338-93928cc10457:192.168.151.119:39966, ee6276be-e15b-4f84-b023-b62ea48575f0:192.168.151.119:35592], old=null
2019-09-23 18:02:24,553 [bd3538d6-7861-4d09-bd16-e9a225f71211@group-A1B71F03C34E:LeaderElection27] INFO  impl.LeaderElection (LeaderElection.java:askForVotes(182)) - bd3538d6-7861-4d09-bd16-e9a225f71211@group-A1B71F03C34E:LeaderElection27: begin an election at term 5 for -1: [bd3538d6-7861-4d09-bd16-e9a225f71211:192.168.151.119:44693, 0947d463-1fed-446e-b338-93928cc10457:192.168.151.119:39966, ee6276be-e15b-4f84-b023-b62ea48575f0:192.168.151.119:35592], old=null
2019-09-23 18:02:24,553 [ee6276be-e15b-4f84-b023-b62ea48575f0@group-A1B71F03C34E:LeaderElection26] INFO  impl.LeaderElection (LeaderElection.java:askForVotes(182)) - ee6276be-e15b-4f84-b023-b62ea48575f0@group-A1B71F03C34E:LeaderElection26: begin an election at term 5 for -1: [bd3538d6-7861-4d09-bd16-e9a225f71211:192.168.151.119:44693, 0947d463-1fed-446e-b338-93928cc10457:192.168.151.119:39966, ee6276be-e15b-4f84-b023-b62ea48575f0:192.168.151.119:35592], old=null
2019-09-23 18:02:24,557 [ee6276be-e15b-4f84-b023-b62ea48575f0@group-A1B71F03C34E:LeaderElection26] INFO  impl.LeaderElection (LeaderElection.java:logAndReturn(56)) - ee6276be-e15b-4f84-b023-b62ea48575f0@group-A1B71F03C34E:LeaderElection26: Election REJECTED; received 2 response(s) [ee6276be-e15b-4f84-b023-b62ea48575f0<-bd3538d6-7861-4d09-bd16-e9a225f71211#0:FAIL-t5, ee6276be-e15b-4f84-b023-b62ea48575f0<-0947d463-1fed-446e-b338-93928cc10457#0:FAIL-t5] and 0 exception(s); ee6276be-e15b-4f84-b023-b62ea48575f0@group-A1B71F03C34E:t5, leader=null, voted=ee6276be-e15b-4f84-b023-b62ea48575f0, raftlog=ee6276be-e15b-4f84-b023-b62ea48575f0@group-A1B71F03C34E-SegmentedRaftLog:OPENED:c-1,f-1,i0, conf=-1: [bd3538d6-7861-4d09-bd16-e9a225f71211:192.168.151.119:44693, 0947d463-1fed-446e-b338-93928cc10457:192.168.151.119:39966, ee6276be-e15b-4f84-b023-b62ea48575f0:192.168.151.119:35592], old=null
2019-09-23 18:02:24,557 [ee6276be-e15b-4f84-b023-b62ea48575f0@group-A1B71F03C34E:LeaderElection26] INFO  impl.RaftServerImpl (RaftServerImpl.java:setRole(174)) - ee6276be-e15b-4f84-b023-b62ea48575f0@group-A1B71F03C34E: changes role from CANDIDATE to FOLLOWER at term 5 for DISCOVERED_A_NEW_TERM
2019-09-23 18:02:24,557 [ee6276be-e15b-4f84-b023-b62ea48575f0@group-A1B71F03C34E:LeaderElection26] INFO  impl.RoleInfo (RoleInfo.java:shutdownLeaderElection(134)) - ee6276be-e15b-4f84-b023-b62ea48575f0: shutdown LeaderElection
2019-09-23 18:02:24,558 [ee6276be-e15b-4f84-b023-b62ea48575f0@group-A1B71F03C34E:LeaderElection26] INFO  impl.RoleInfo (RoleInfo.java:updateAndGet(143)) - ee6276be-e15b-4f84-b023-b62ea48575f0: start FollowerState
2019-09-23 18:02:24,558 [bd3538d6-7861-4d09-bd16-e9a225f71211@group-A1B71F03C34E:LeaderElection27] INFO  impl.LeaderElection (LeaderElection.java:logAndReturn(56)) - bd3538d6-7861-4d09-bd16-e9a225f71211@group-A1B71F03C34E:LeaderElection27: Election REJECTED; received 2 response(s) [bd3538d6-7861-4d09-bd16-e9a225f71211<-0947d463-1fed-446e-b338-93928cc10457#0:FAIL-t5, bd3538d6-7861-4d09-bd16-e9a225f71211<-ee6276be-e15b-4f84-b023-b62ea48575f0#0:FAIL-t5] and 0 exception(s); bd3538d6-7861-4d09-bd16-e9a225f71211@group-A1B71F03C34E:t5, leader=null, voted=bd3538d6-7861-4d09-bd16-e9a225f71211, raftlog=bd3538d6-7861-4d09-bd16-e9a225f71211@group-A1B71F03C34E-SegmentedRaftLog:OPENED:c-1,f-1,i0, conf=-1: [bd3538d6-7861-4d09-bd16-e9a225f71211:192.168.151.119:44693, 0947d463-1fed-446e-b338-93928cc10457:192.168.151.119:39966, ee6276be-e15b-4f84-b023-b62ea48575f0:192.168.151.119:35592], old=null
2019-09-23 18:02:24,561 [bd3538d6-7861-4d09-bd16-e9a225f71211@group-A1B71F03C34E:LeaderElection27] INFO  impl.RaftServerImpl (RaftServerImpl.java:setRole(174)) - bd3538d6-7861-4d09-bd16-e9a225f71211@group-A1B71F03C34E: changes role from CANDIDATE to FOLLOWER at term 5 for DISCOVERED_A_NEW_TERM
2019-09-23 18:02:24,561 [bd3538d6-7861-4d09-bd16-e9a225f71211@group-A1B71F03C34E:LeaderElection27] INFO  impl.RoleInfo (RoleInfo.java:shutdownLeaderElection(134)) - bd3538d6-7861-4d09-bd16-e9a225f71211: shutdown LeaderElection
2019-09-23 18:02:24,561 [0947d463-1fed-446e-b338-93928cc10457@group-A1B71F03C34E:LeaderElection25] INFO  impl.LeaderElection (LeaderElection.java:logAndReturn(56)) - 0947d463-1fed-446e-b338-93928cc10457@group-A1B71F03C34E:LeaderElection25: Election REJECTED; received 2 response(s) [0947d463-1fed-446e-b338-93928cc10457<-bd3538d6-7861-4d09-bd16-e9a225f71211#0:FAIL-t5, 0947d463-1fed-446e-b338-93928cc10457<-ee6276be-e15b-4f84-b023-b62ea48575f0#0:FAIL-t5] and 0 exception(s); 0947d463-1fed-446e-b338-93928cc10457@group-A1B71F03C34E:t5, leader=null, voted=0947d463-1fed-446e-b338-93928cc10457, raftlog=0947d463-1fed-446e-b338-93928cc10457@group-A1B71F03C34E-SegmentedRaftLog:OPENED:c-1,f-1,i0, conf=-1: [bd3538d6-7861-4d09-bd16-e9a225f71211:192.168.151.119:44693, 0947d463-1fed-446e-b338-93928cc10457:192.168.151.119:39966, ee6276be-e15b-4f84-b023-b62ea48575f0:192.168.151.119:35592], old=null
2019-09-23 18:02:24,563 [bd3538d6-7861-4d09-bd16-e9a225f71211@group-A1B71F03C34E:LeaderElection27] INFO  impl.RoleInfo (RoleInfo.java:updateAndGet(143)) - bd3538d6-7861-4d09-bd16-e9a225f71211: start FollowerState
2019-09-23 18:02:24,563 [0947d463-1fed-446e-b338-93928cc10457@group-A1B71F03C34E:LeaderElection25] INFO  impl.RaftServerImpl (RaftServerImpl.java:setRole(174)) - 0947d463-1fed-446e-b338-93928cc10457@group-A1B71F03C34E: changes role from CANDIDATE to FOLLOWER at term 5 for DISCOVERED_A_NEW_TERM
2019-09-23 18:02:24,569 [0947d463-1fed-446e-b338-93928cc10457@group-A1B71F03C34E:LeaderElection25] INFO  impl.RoleInfo (RoleInfo.java:shutdownLeaderElection(134)) - 0947d463-1fed-446e-b338-93928cc10457: shutdown LeaderElection
2019-09-23 18:02:24,569 [0947d463-1fed-446e-b338-93928cc10457@group-A1B71F03C34E:LeaderElection25] INFO  impl.RoleInfo (RoleInfo.java:updateAndGet(143)) - 0947d463-1fed-446e-b338-93928cc10457: start FollowerState
2019-09-23 18:02:29,631 [Thread-468] INFO  impl.FollowerState (FollowerState.java:run(106)) - ee6276be-e15b-4f84-b023-b62ea48575f0:group-A1B71F03C34E changes to CANDIDATE, lastRpcTime:5073, electionTimeout:5073ms
2019-09-23 18:02:29,635 [Thread-468] INFO  impl.RoleInfo (RoleInfo.java:shutdownFollowerState(121)) - ee6276be-e15b-4f84-b023-b62ea48575f0: shutdown FollowerState
2019-09-23 18:02:29,635 [Thread-468] INFO  impl.RaftServerImpl (RaftServerImpl.java:setRole(174)) - ee6276be-e15b-4f84-b023-b62ea48575f0@group-A1B71F03C34E: changes role from  FOLLOWER to CANDIDATE at term 5 for changeToCandidate
2019-09-23 18:02:29,635 [Thread-468] INFO  impl.RoleInfo (RoleInfo.java:updateAndGet(143)) - ee6276be-e15b-4f84-b023-b62ea48575f0: start LeaderElection
2019-09-23 18:02:29,639 [Thread-470] INFO  impl.FollowerState (FollowerState.java:run(106)) - 0947d463-1fed-446e-b338-93928cc10457:group-A1B71F03C34E changes to CANDIDATE, lastRpcTime:5070, electionTimeout:5070ms
2019-09-23 18:02:29,639 [Thread-470] INFO  impl.RoleInfo (RoleInfo.java:shutdownFollowerState(121)) - 0947d463-1fed-446e-b338-93928cc10457: shutdown FollowerState
2019-09-23 18:02:29,640 [Thread-470] INFO  impl.RaftServerImpl (RaftServerImpl.java:setRole(174)) - 0947d463-1fed-446e-b338-93928cc10457@group-A1B71F03C34E: changes role from  FOLLOWER to CANDIDATE at term 5 for changeToCandidate
2019-09-23 18:02:29,640 [Thread-470] INFO  impl.RoleInfo (RoleInfo.java:updateAndGet(143)) - 0947d463-1fed-446e-b338-93928cc10457: start LeaderElection
2019-09-23 18:02:29,728 [Thread-469] INFO  impl.FollowerState (FollowerState.java:run(106)) - bd3538d6-7861-4d09-bd16-e9a225f71211:group-A1B71F03C34E changes to CANDIDATE, lastRpcTime:5165, electionTimeout:5159ms
2019-09-23 18:02:29,728 [Thread-469] INFO  impl.RoleInfo (RoleInfo.java:shutdownFollowerState(121)) - bd3538d6-7861-4d09-bd16-e9a225f71211: shutdown FollowerState
2019-09-23 18:02:29,728 [Thread-469] INFO  impl.RaftServerImpl (RaftServerImpl.java:setRole(174)) - bd3538d6-7861-4d09-bd16-e9a225f71211@group-A1B71F03C34E: changes role from  FOLLOWER to CANDIDATE at term 5 for changeToCandidate
2019-09-23 18:02:29,728 [Thread-469] INFO  impl.RoleInfo (RoleInfo.java:updateAndGet(143)) - bd3538d6-7861-4d09-bd16-e9a225f71211: start LeaderElection
2019-09-23 18:02:29,740 [ee6276be-e15b-4f84-b023-b62ea48575f0@group-A1B71F03C34E:LeaderElection28] INFO  impl.LeaderElection (LeaderElection.java:askForVotes(182)) - ee6276be-e15b-4f84-b023-b62ea48575f0@group-A1B71F03C34E:LeaderElection28: begin an election at term 6 for -1: [bd3538d6-7861-4d09-bd16-e9a225f71211:192.168.151.119:44693, 0947d463-1fed-446e-b338-93928cc10457:192.168.151.119:39966, ee6276be-e15b-4f84-b023-b62ea48575f0:192.168.151.119:35592], old=null
2019-09-23 18:02:29,740 [0947d463-1fed-446e-b338-93928cc10457@group-A1B71F03C34E:LeaderElection29] INFO  impl.LeaderElection (LeaderElection.java:askForVotes(182)) - 0947d463-1fed-446e-b338-93928cc10457@group-A1B71F03C34E:LeaderElection29: begin an election at term 6 for -1: [bd3538d6-7861-4d09-bd16-e9a225f71211:192.168.151.119:44693, 0947d463-1fed-446e-b338-93928cc10457:192.168.151.119:39966, ee6276be-e15b-4f84-b023-b62ea48575f0:192.168.151.119:35592], old=null
2019-09-23 18:02:29,973 [bd3538d6-7861-4d09-bd16-e9a225f71211@group-A1B71F03C34E:LeaderElection30] INFO  impl.LeaderElection (LeaderElection.java:askForVotes(182)) - bd3538d6-7861-4d09-bd16-e9a225f71211@group-A1B71F03C34E:LeaderElection30: begin an election at term 6 for -1: [bd3538d6-7861-4d09-bd16-e9a225f71211:192.168.151.119:44693, 0947d463-1fed-446e-b338-93928cc10457:192.168.151.119:39966, ee6276be-e15b-4f84-b023-b62ea48575f0:192.168.151.119:35592], old=null
2019-09-23 18:02:29,974 [ee6276be-e15b-4f84-b023-b62ea48575f0@group-A1B71F03C34E:LeaderElection28] INFO  impl.LeaderElection (LeaderElection.java:logAndReturn(56)) - ee6276be-e15b-4f84-b023-b62ea48575f0@group-A1B71F03C34E:LeaderElection28: Election REJECTED; received 2 response(s) [ee6276be-e15b-4f84-b023-b62ea48575f0<-0947d463-1fed-446e-b338-93928cc10457#0:FAIL-t6, ee6276be-e15b-4f84-b023-b62ea48575f0<-bd3538d6-7861-4d09-bd16-e9a225f71211#0:FAIL-t6] and 0 exception(s); ee6276be-e15b-4f84-b023-b62ea48575f0@group-A1B71F03C34E:t6, leader=null, voted=ee6276be-e15b-4f84-b023-b62ea48575f0, raftlog=ee6276be-e15b-4f84-b023-b62ea48575f0@group-A1B71F03C34E-SegmentedRaftLog:OPENED:c-1,f-1,i0, conf=-1: [bd3538d6-7861-4d09-bd16-e9a225f71211:192.168.151.119:44693, 0947d463-1fed-446e-b338-93928cc10457:192.168.151.119:39966, ee6276be-e15b-4f84-b023-b62ea48575f0:192.168.151.119:35592], old=null
2019-09-23 18:02:29,974 [0947d463-1fed-446e-b338-93928cc10457@group-A1B71F03C34E:LeaderElection29] INFO  impl.LeaderElection (LeaderElection.java:logAndReturn(56)) - 0947d463-1fed-446e-b338-93928cc10457@group-A1B71F03C34E:LeaderElection29: Election REJECTED; received 2 response(s) [0947d463-1fed-446e-b338-93928cc10457<-bd3538d6-7861-4d09-bd16-e9a225f71211#0:FAIL-t6, 0947d463-1fed-446e-b338-93928cc10457<-ee6276be-e15b-4f84-b023-b62ea48575f0#0:FAIL-t6] and 0 exception(s); 0947d463-1fed-446e-b338-93928cc10457@group-A1B71F03C34E:t6, leader=null, voted=0947d463-1fed-446e-b338-93928cc10457, raftlog=0947d463-1fed-446e-b338-93928cc10457@group-A1B71F03C34E-SegmentedRaftLog:OPENED:c-1,f-1,i0, conf=-1: [bd3538d6-7861-4d09-bd16-e9a225f71211:192.168.151.119:44693, 0947d463-1fed-446e-b338-93928cc10457:192.168.151.119:39966, ee6276be-e15b-4f84-b023-b62ea48575f0:192.168.151.119:35592], old=null
2019-09-23 18:02:29,975 [ee6276be-e15b-4f84-b023-b62ea48575f0@group-A1B71F03C34E:LeaderElection28] INFO  impl.RaftServerImpl (RaftServerImpl.java:setRole(174)) - ee6276be-e15b-4f84-b023-b62ea48575f0@group-A1B71F03C34E: changes role from CANDIDATE to FOLLOWER at term 6 for DISCOVERED_A_NEW_TERM
2019-09-23 18:02:29,977 [ee6276be-e15b-4f84-b023-b62ea48575f0@group-A1B71F03C34E:LeaderElection28] INFO  impl.RoleInfo (RoleInfo.java:shutdownLeaderElection(134)) - ee6276be-e15b-4f84-b023-b62ea48575f0: shutdown LeaderElection
2019-09-23 18:02:29,978 [0947d463-1fed-446e-b338-93928cc10457@group-A1B71F03C34E:LeaderElection29] INFO  impl.RaftServerImpl (RaftServerImpl.java:setRole(174)) - 0947d463-1fed-446e-b338-93928cc10457@group-A1B71F03C34E: changes role from CANDIDATE to FOLLOWER at term 6 for DISCOVERED_A_NEW_TERM
2019-09-23 18:02:29,979 [ee6276be-e15b-4f84-b023-b62ea48575f0@group-A1B71F03C34E:LeaderElection28] INFO  impl.RoleInfo (RoleInfo.java:updateAndGet(143)) - ee6276be-e15b-4f84-b023-b62ea48575f0: start FollowerState
2019-09-23 18:02:29,979 [0947d463-1fed-446e-b338-93928cc10457@group-A1B71F03C34E:LeaderElection29] INFO  impl.RoleInfo (RoleInfo.java:shutdownLeaderElection(134)) - 0947d463-1fed-446e-b338-93928cc10457: shutdown LeaderElection
2019-09-23 18:02:29,980 [0947d463-1fed-446e-b338-93928cc10457@group-A1B71F03C34E:LeaderElection29] INFO  impl.RoleInfo (RoleInfo.java:updateAndGet(143)) - 0947d463-1fed-446e-b338-93928cc10457: start FollowerState
2019-09-23 18:02:29,982 [bd3538d6-7861-4d09-bd16-e9a225f71211@group-A1B71F03C34E:LeaderElection30] INFO  impl.LeaderElection (LeaderElection.java:logAndReturn(56)) - bd3538d6-7861-4d09-bd16-e9a225f71211@group-A1B71F03C34E:LeaderElection30: Election REJECTED; received 2 response(s) [bd3538d6-7861-4d09-bd16-e9a225f71211<-0947d463-1fed-446e-b338-93928cc10457#0:FAIL-t6, bd3538d6-7861-4d09-bd16-e9a225f71211<-ee6276be-e15b-4f84-b023-b62ea48575f0#0:FAIL-t6] and 0 exception(s); bd3538d6-7861-4d09-bd16-e9a225f71211@group-A1B71F03C34E:t6, leader=null, voted=bd3538d6-7861-4d09-bd16-e9a225f71211, raftlog=bd3538d6-7861-4d09-bd16-e9a225f71211@group-A1B71F03C34E-SegmentedRaftLog:OPENED:c-1,f-1,i0, conf=-1: [bd3538d6-7861-4d09-bd16-e9a225f71211:192.168.151.119:44693, 0947d463-1fed-446e-b338-93928cc10457:192.168.151.119:39966, ee6276be-e15b-4f84-b023-b62ea48575f0:192.168.151.119:35592], old=null
2019-09-23 18:02:29,982 [bd3538d6-7861-4d09-bd16-e9a225f71211@group-A1B71F03C34E:LeaderElection30] INFO  impl.RaftServerImpl (RaftServerImpl.java:setRole(174)) - bd3538d6-7861-4d09-bd16-e9a225f71211@group-A1B71F03C34E: changes role from CANDIDATE to FOLLOWER at term 6 for DISCOVERED_A_NEW_TERM
2019-09-23 18:02:29,982 [bd3538d6-7861-4d09-bd16-e9a225f71211@group-A1B71F03C34E:LeaderElection30] INFO  impl.RoleInfo (RoleInfo.java:shutdownLeaderElection(134)) - bd3538d6-7861-4d09-bd16-e9a225f71211: shutdown LeaderElection
2019-09-23 18:02:29,983 [bd3538d6-7861-4d09-bd16-e9a225f71211@group-A1B71F03C34E:LeaderElection30] INFO  impl.RoleInfo (RoleInfo.java:updateAndGet(143)) - bd3538d6-7861-4d09-bd16-e9a225f71211: start FollowerState
2019-09-23 18:02:34,987 [Thread-498] INFO  impl.FollowerState (FollowerState.java:run(106)) - bd3538d6-7861-4d09-bd16-e9a225f71211:group-A1B71F03C34E changes to CANDIDATE, lastRpcTime:5004, electionTimeout:5004ms
2019-09-23 18:02:34,993 [Thread-498] INFO  impl.RoleInfo (RoleInfo.java:shutdownFollowerState(121)) - bd3538d6-7861-4d09-bd16-e9a225f71211: shutdown FollowerState
2019-09-23 18:02:34,993 [Thread-498] INFO  impl.RaftServerImpl (RaftServerImpl.java:setRole(174)) - bd3538d6-7861-4d09-bd16-e9a225f71211@group-A1B71F03C34E: changes role from  FOLLOWER to CANDIDATE at term 6 for changeToCandidate
2019-09-23 18:02:34,993 [Thread-498] INFO  impl.RoleInfo (RoleInfo.java:updateAndGet(143)) - bd3538d6-7861-4d09-bd16-e9a225f71211: start LeaderElection
2019-09-23 18:02:35,007 [bd3538d6-7861-4d09-bd16-e9a225f71211@group-A1B71F03C34E:LeaderElection31] INFO  impl.LeaderElection (LeaderElection.java:askForVotes(182)) - bd3538d6-7861-4d09-bd16-e9a225f71211@group-A1B71F03C34E:LeaderElection31: begin an election at term 7 for -1: [bd3538d6-7861-4d09-bd16-e9a225f71211:192.168.151.119:44693, 0947d463-1fed-446e-b338-93928cc10457:192.168.151.119:39966, ee6276be-e15b-4f84-b023-b62ea48575f0:192.168.151.119:35592], old=null
2019-09-23 18:02:35,011 [grpc-default-executor-0] INFO  impl.RaftServerImpl (RaftServerImpl.java:setRole(174)) - ee6276be-e15b-4f84-b023-b62ea48575f0@group-A1B71F03C34E: changes role from  FOLLOWER to FOLLOWER at term 7 for recognizeCandidate:bd3538d6-7861-4d09-bd16-e9a225f71211
2019-09-23 18:02:35,011 [grpc-default-executor-7] INFO  impl.RaftServerImpl (RaftServerImpl.java:setRole(174)) - 0947d463-1fed-446e-b338-93928cc10457@group-A1B71F03C34E: changes role from  FOLLOWER to FOLLOWER at term 7 for recognizeCandidate:bd3538d6-7861-4d09-bd16-e9a225f71211
2019-09-23 18:02:35,011 [grpc-default-executor-0] INFO  impl.RoleInfo (RoleInfo.java:shutdownFollowerState(121)) - ee6276be-e15b-4f84-b023-b62ea48575f0: shutdown FollowerState
2019-09-23 18:02:35,011 [grpc-default-executor-7] INFO  impl.RoleInfo (RoleInfo.java:shutdownFollowerState(121)) - 0947d463-1fed-446e-b338-93928cc10457: shutdown FollowerState
2019-09-23 18:02:35,011 [grpc-default-executor-0] INFO  impl.RoleInfo (RoleInfo.java:updateAndGet(143)) - ee6276be-e15b-4f84-b023-b62ea48575f0: start FollowerState
2019-09-23 18:02:35,012 [grpc-default-executor-7] INFO  impl.RoleInfo (RoleInfo.java:updateAndGet(143)) - 0947d463-1fed-446e-b338-93928cc10457: start FollowerState
2019-09-23 18:02:35,012 [Thread-497] INFO  impl.FollowerState (FollowerState.java:run(115)) - 0947d463-1fed-446e-b338-93928cc10457: FollowerState was interrupted: java.lang.InterruptedException: sleep interrupted
2019-09-23 18:02:35,011 [Thread-496] INFO  impl.FollowerState (FollowerState.java:run(115)) - ee6276be-e15b-4f84-b023-b62ea48575f0: FollowerState was interrupted: java.lang.InterruptedException: sleep interrupted
2019-09-23 18:02:35,050 [bd3538d6-7861-4d09-bd16-e9a225f71211@group-A1B71F03C34E:LeaderElection31] INFO  impl.LeaderElection (LeaderElection.java:logAndReturn(56)) - bd3538d6-7861-4d09-bd16-e9a225f71211@group-A1B71F03C34E:LeaderElection31: Election PASSED; received 1 response(s) [bd3538d6-7861-4d09-bd16-e9a225f71211<-ee6276be-e15b-4f84-b023-b62ea48575f0#0:OK-t7] and 0 exception(s); bd3538d6-7861-4d09-bd16-e9a225f71211@group-A1B71F03C34E:t7, leader=null, voted=bd3538d6-7861-4d09-bd16-e9a225f71211, raftlog=bd3538d6-7861-4d09-bd16-e9a225f71211@group-A1B71F03C34E-SegmentedRaftLog:OPENED:c-1,f-1,i0, conf=-1: [bd3538d6-7861-4d09-bd16-e9a225f71211:192.168.151.119:44693, 0947d463-1fed-446e-b338-93928cc10457:192.168.151.119:39966, ee6276be-e15b-4f84-b023-b62ea48575f0:192.168.151.119:35592], old=null
2019-09-23 18:02:35,051 [bd3538d6-7861-4d09-bd16-e9a225f71211@group-A1B71F03C34E:LeaderElection31] INFO  impl.RoleInfo (RoleInfo.java:shutdownLeaderElection(134)) - bd3538d6-7861-4d09-bd16-e9a225f71211: shutdown LeaderElection
2019-09-23 18:02:35,051 [bd3538d6-7861-4d09-bd16-e9a225f71211@group-A1B71F03C34E:LeaderElection31] INFO  impl.RaftServerImpl (RaftServerImpl.java:setRole(174)) - bd3538d6-7861-4d09-bd16-e9a225f71211@group-A1B71F03C34E: changes role from CANDIDATE to LEADER at term 7 for changeToLeader
2019-09-23 18:02:35,051 [bd3538d6-7861-4d09-bd16-e9a225f71211@group-A1B71F03C34E:LeaderElection31] INFO  impl.RaftServerImpl (ServerState.java:setLeader(253)) - bd3538d6-7861-4d09-bd16-e9a225f71211@group-A1B71F03C34E: change Leader from null to bd3538d6-7861-4d09-bd16-e9a225f71211 at term 7 for becomeLeader, leader elected after 36768ms
2019-09-23 18:02:35,051 [bd3538d6-7861-4d09-bd16-e9a225f71211@group-A1B71F03C34E:LeaderElection31] INFO  server.RaftServerConfigKeys (ConfUtils.java:logGet(43)) - raft.server.staging.catchup.gap = 1000 (default)
2019-09-23 18:02:35,051 [bd3538d6-7861-4d09-bd16-e9a225f71211@group-A1B71F03C34E:LeaderElection31] INFO  server.RaftServerConfigKeys (ConfUtils.java:logGet(43)) - raft.server.rpc.sleep.time = 25ms (default)
2019-09-23 18:02:35,052 [bd3538d6-7861-4d09-bd16-e9a225f71211@group-A1B71F03C34E:LeaderElection31] INFO  server.RaftServerConfigKeys (ConfUtils.java:logGet(43)) - raft.server.write.element-limit = 4096 (default)
2019-09-23 18:02:35,052 [bd3538d6-7861-4d09-bd16-e9a225f71211@group-A1B71F03C34E:LeaderElection31] INFO  server.RaftServerConfigKeys (ConfUtils.java:logGet(43)) - raft.server.watch.timeout = 10s (default)
2019-09-23 18:02:35,052 [bd3538d6-7861-4d09-bd16-e9a225f71211@group-A1B71F03C34E:LeaderElection31] INFO  server.RaftServerConfigKeys (ConfUtils.java:logGet(43)) - raft.server.watch.timeout.denomination = 1s (default)
2019-09-23 18:02:35,052 [bd3538d6-7861-4d09-bd16-e9a225f71211@group-A1B71F03C34E:LeaderElection31] INFO  server.RaftServerConfigKeys (ConfUtils.java:logGet(43)) - raft.server.watch.element-limit = 65536 (default)
2019-09-23 18:02:35,056 [bd3538d6-7861-4d09-bd16-e9a225f71211@group-A1B71F03C34E:LeaderElection31] INFO  server.RaftServerConfigKeys (ConfUtils.java:logGet(43)) - raft.server.log.appender.snapshot.chunk.size.max = 16MB (=16777216) (default)
2019-09-23 18:02:35,056 [bd3538d6-7861-4d09-bd16-e9a225f71211@group-A1B71F03C34E:LeaderElection31] INFO  server.RaftServerConfigKeys (ConfUtils.java:logGet(43)) - raft.server.log.appender.buffer.byte-limit = 33554432 (custom)
2019-09-23 18:02:35,056 [bd3538d6-7861-4d09-bd16-e9a225f71211@group-A1B71F03C34E:LeaderElection31] INFO  server.RaftServerConfigKeys (ConfUtils.java:logGet(43)) - raft.server.log.appender.buffer.element-limit = 1 (custom)
2019-09-23 18:02:35,057 [bd3538d6-7861-4d09-bd16-e9a225f71211@group-A1B71F03C34E:LeaderElection31] INFO  grpc.GrpcConfigKeys$Server (ConfUtils.java:logGet(43)) - raft.grpc.server.leader.outstanding.appends.max = 128 (default)
2019-09-23 18:02:35,060 [bd3538d6-7861-4d09-bd16-e9a225f71211@group-A1B71F03C34E:LeaderElection31] INFO  server.RaftServerConfigKeys (ConfUtils.java:logGet(43)) - raft.server.rpc.request.timeout = 3000ms (default)
2019-09-23 18:02:35,061 [bd3538d6-7861-4d09-bd16-e9a225f71211@group-A1B71F03C34E:LeaderElection31] INFO  server.RaftServerConfigKeys (ConfUtils.java:logGet(43)) - raft.server.log.appender.install.snapshot.enabled = false (custom)
2019-09-23 18:02:35,061 [bd3538d6-7861-4d09-bd16-e9a225f71211@group-A1B71F03C34E:LeaderElection31] INFO  server.RaftServerConfigKeys (ConfUtils.java:logGet(43)) - raft.server.log.appender.snapshot.chunk.size.max = 16MB (=16777216) (default)
2019-09-23 18:02:35,061 [bd3538d6-7861-4d09-bd16-e9a225f71211@group-A1B71F03C34E:LeaderElection31] INFO  server.RaftServerConfigKeys (ConfUtils.java:logGet(43)) - raft.server.log.appender.buffer.byte-limit = 33554432 (custom)
2019-09-23 18:02:35,061 [bd3538d6-7861-4d09-bd16-e9a225f71211@group-A1B71F03C34E:LeaderElection31] INFO  server.RaftServerConfigKeys (ConfUtils.java:logGet(43)) - raft.server.log.appender.buffer.element-limit = 1 (custom)
2019-09-23 18:02:35,061 [bd3538d6-7861-4d09-bd16-e9a225f71211@group-A1B71F03C34E:LeaderElection31] INFO  grpc.GrpcConfigKeys$Server (ConfUtils.java:logGet(43)) - raft.grpc.server.leader.outstanding.appends.max = 128 (default)
2019-09-23 18:02:35,061 [bd3538d6-7861-4d09-bd16-e9a225f71211@group-A1B71F03C34E:LeaderElection31] INFO  server.RaftServerConfigKeys (ConfUtils.java:logGet(43)) - raft.server.rpc.request.timeout = 3000ms (default)
2019-09-23 18:02:35,062 [bd3538d6-7861-4d09-bd16-e9a225f71211@group-A1B71F03C34E:LeaderElection31] INFO  server.RaftServerConfigKeys (ConfUtils.java:logGet(43)) - raft.server.log.appender.install.snapshot.enabled = false (custom)
2019-09-23 18:02:35,062 [bd3538d6-7861-4d09-bd16-e9a225f71211@group-A1B71F03C34E:LeaderElection31] INFO  impl.RoleInfo (RoleInfo.java:updateAndGet(143)) - bd3538d6-7861-4d09-bd16-e9a225f71211: start LeaderState
2019-09-23 18:02:35,062 [bd3538d6-7861-4d09-bd16-e9a225f71211@group-A1B71F03C34E:LeaderElection31] INFO  segmented.SegmentedRaftLogWorker (SegmentedRaftLogWorker.java:startLogSegment(380)) - bd3538d6-7861-4d09-bd16-e9a225f71211@group-A1B71F03C34E-SegmentedRaftLogWorker: Starting segment from index:0
2019-09-23 18:02:35,063 [bd3538d6-7861-4d09-bd16-e9a225f71211@group-A1B71F03C34E:LeaderElection31] INFO  impl.RaftServerImpl (ServerState.java:setRaftConf(354)) - bd3538d6-7861-4d09-bd16-e9a225f71211@group-A1B71F03C34E: set configuration 0: [bd3538d6-7861-4d09-bd16-e9a225f71211:192.168.151.119:44693, 0947d463-1fed-446e-b338-93928cc10457:192.168.151.119:39966, ee6276be-e15b-4f84-b023-b62ea48575f0:192.168.151.119:35592], old=null at 0
2019-09-23 18:02:35,065 [grpc-default-executor-7] INFO  impl.RaftServerImpl (ServerState.java:setLeader(253)) - ee6276be-e15b-4f84-b023-b62ea48575f0@group-A1B71F03C34E: change Leader from null to bd3538d6-7861-4d09-bd16-e9a225f71211 at term 7 for appendEntries, leader elected after 36782ms
2019-09-23 18:02:35,089 [grpc-default-executor-0] INFO  impl.RaftServerImpl (ServerState.java:setLeader(253)) - 0947d463-1fed-446e-b338-93928cc10457@group-A1B71F03C34E: change Leader from null to bd3538d6-7861-4d09-bd16-e9a225f71211 at term 7 for appendEntries, leader elected after 36782ms
2019-09-23 18:02:35,093 [grpc-default-executor-7] INFO  impl.RaftServerImpl (ServerState.java:setRaftConf(354)) - ee6276be-e15b-4f84-b023-b62ea48575f0@group-A1B71F03C34E: set configuration 0: [bd3538d6-7861-4d09-bd16-e9a225f71211:192.168.151.119:44693, 0947d463-1fed-446e-b338-93928cc10457:192.168.151.119:39966, ee6276be-e15b-4f84-b023-b62ea48575f0:192.168.151.119:35592], old=null at 0
2019-09-23 18:02:35,093 [grpc-default-executor-0] INFO  impl.RaftServerImpl (ServerState.java:setRaftConf(354)) - 0947d463-1fed-446e-b338-93928cc10457@group-A1B71F03C34E: set configuration 0: [bd3538d6-7861-4d09-bd16-e9a225f71211:192.168.151.119:44693, 0947d463-1fed-446e-b338-93928cc10457:192.168.151.119:39966, ee6276be-e15b-4f84-b023-b62ea48575f0:192.168.151.119:35592], old=null at 0
2019-09-23 18:02:35,093 [grpc-default-executor-7] INFO  segmented.SegmentedRaftLogWorker (SegmentedRaftLogWorker.java:startLogSegment(380)) - ee6276be-e15b-4f84-b023-b62ea48575f0@group-A1B71F03C34E-SegmentedRaftLogWorker: Starting segment from index:0
2019-09-23 18:02:35,093 [grpc-default-executor-0] INFO  segmented.SegmentedRaftLogWorker (SegmentedRaftLogWorker.java:startLogSegment(380)) - 0947d463-1fed-446e-b338-93928cc10457@group-A1B71F03C34E-SegmentedRaftLogWorker: Starting segment from index:0
2019-09-23 18:02:35,113 [bd3538d6-7861-4d09-bd16-e9a225f71211@group-A1B71F03C34E-SegmentedRaftLogWorker] INFO  segmented.SegmentedRaftLogWorker (SegmentedRaftLogWorker.java:execute(569)) - bd3538d6-7861-4d09-bd16-e9a225f71211@group-A1B71F03C34E-SegmentedRaftLogWorker: created new log segment /workdir/hadoop-ozone/integration-test/target/test-dir/MiniOzoneClusterImpl-de928fe4-c770-4398-a16b-2d72c745bb0c/datanode-2/data/ratis/aa24b80b-8ac9-4ba0-a91e-a1b71f03c34e/current/log_inprogress_0
2019-09-23 18:02:35,143 [0947d463-1fed-446e-b338-93928cc10457@group-A1B71F03C34E-SegmentedRaftLogWorker] INFO  segmented.SegmentedRaftLogWorker (SegmentedRaftLogWorker.java:execute(569)) - 0947d463-1fed-446e-b338-93928cc10457@group-A1B71F03C34E-SegmentedRaftLogWorker: created new log segment /workdir/hadoop-ozone/integration-test/target/test-dir/MiniOzoneClusterImpl-de928fe4-c770-4398-a16b-2d72c745bb0c/datanode-6/data/ratis/aa24b80b-8ac9-4ba0-a91e-a1b71f03c34e/current/log_inprogress_0
2019-09-23 18:02:35,176 [ee6276be-e15b-4f84-b023-b62ea48575f0@group-A1B71F03C34E-SegmentedRaftLogWorker] INFO  segmented.SegmentedRaftLogWorker (SegmentedRaftLogWorker.java:execute(569)) - ee6276be-e15b-4f84-b023-b62ea48575f0@group-A1B71F03C34E-SegmentedRaftLogWorker: created new log segment /workdir/hadoop-ozone/integration-test/target/test-dir/MiniOzoneClusterImpl-de928fe4-c770-4398-a16b-2d72c745bb0c/datanode-3/data/ratis/aa24b80b-8ac9-4ba0-a91e-a1b71f03c34e/current/log_inprogress_0
2019-09-23 18:02:36,090 [pool-46-thread-4] WARN  impl.ChunkManagerImpl (ChunkUtils.java:validateChunkForOverwrite(203)) - Duplicate write chunk request. Chunk overwrite without explicit request. ChunkInfo{chunkName='1569261731201.data.0, offset=0, len=1048576}
2019-09-23 18:02:36,090 [pool-46-thread-4] WARN  impl.ChunkManagerImpl (ChunkManagerImpl.java:writeChunk(111)) - ChunkFile already exists/workdir/hadoop-ozone/integration-test/target/test-dir/MiniOzoneClusterImpl-de928fe4-c770-4398-a16b-2d72c745bb0c/datanode-2/data/containers/hdds/516ef135-9904-4deb-9978-e8b3ba9ea053/current/containerDir0/2/chunks/1569261731201.data.0.Deleting it.
2019-09-23 18:02:36,097 [pool-56-thread-2] WARN  impl.ChunkManagerImpl (ChunkUtils.java:validateChunkForOverwrite(203)) - Duplicate write chunk request. Chunk overwrite without explicit request. ChunkInfo{chunkName='1569261731201.data.0, offset=0, len=1048576}
2019-09-23 18:02:36,097 [pool-56-thread-2] WARN  impl.ChunkManagerImpl (ChunkManagerImpl.java:writeChunk(111)) - ChunkFile already exists/workdir/hadoop-ozone/integration-test/target/test-dir/MiniOzoneClusterImpl-de928fe4-c770-4398-a16b-2d72c745bb0c/datanode-3/data/containers/hdds/516ef135-9904-4deb-9978-e8b3ba9ea053/current/containerDir0/2/chunks/1569261731201.data.0.Deleting it.
2019-09-23 18:02:36,098 [pool-86-thread-2] WARN  impl.ChunkManagerImpl (ChunkUtils.java:validateChunkForOverwrite(203)) - Duplicate write chunk request. Chunk overwrite without explicit request. ChunkInfo{chunkName='1569261731201.data.0, offset=0, len=1048576}
2019-09-23 18:02:36,098 [pool-86-thread-2] WARN  impl.ChunkManagerImpl (ChunkManagerImpl.java:writeChunk(111)) - ChunkFile already exists/workdir/hadoop-ozone/integration-test/target/test-dir/MiniOzoneClusterImpl-de928fe4-c770-4398-a16b-2d72c745bb0c/datanode-6/data/containers/hdds/516ef135-9904-4deb-9978-e8b3ba9ea053/current/containerDir0/2/chunks/1569261731201.data.0.Deleting it.
2019-09-23 18:02:37,037 [Datanode State Machine Thread - 0] INFO  statemachine.DatanodeStateMachine (DatanodeStateMachine.java:lambda$startDaemon$0(350)) - Ozone container server started.
2019-09-23 18:02:39,072 [EventQueue-StaleNodeForStaleNodeHandler] INFO  node.StaleNodeHandler (StaleNodeHandler.java:onMessage(58)) - Datanode bd3538d6-7861-4d09-bd16-e9a225f71211{ip: 192.168.151.119, host: pr-hdds-2019-zzvnq-2455991580, networkLocation: /default-rack, certSerialId: null} moved to stale state. Finalizing its pipelines [PipelineID=aa24b80b-8ac9-4ba0-a91e-a1b71f03c34e, PipelineID=d51567fb-9507-494b-a399-f5e6eed98099]
2019-09-23 18:02:39,072 [EventQueue-StaleNodeForStaleNodeHandler] INFO  pipeline.SCMPipelineManager (SCMPipelineManager.java:finalizeAndDestroyPipeline(315)) - destroying pipeline:Pipeline[ Id: aa24b80b-8ac9-4ba0-a91e-a1b71f03c34e, Nodes: bd3538d6-7861-4d09-bd16-e9a225f71211{ip: 192.168.151.119, host: pr-hdds-2019-zzvnq-2455991580, networkLocation: /default-rack, certSerialId: null}ee6276be-e15b-4f84-b023-b62ea48575f0{ip: 192.168.151.119, host: pr-hdds-2019-zzvnq-2455991580, networkLocation: /default-rack, certSerialId: null}0947d463-1fed-446e-b338-93928cc10457{ip: 192.168.151.119, host: pr-hdds-2019-zzvnq-2455991580, networkLocation: /default-rack, certSerialId: null}, Type:RATIS, Factor:THREE, State:OPEN]
2019-09-23 18:02:39,074 [EventQueue-StaleNodeForStaleNodeHandler] INFO  pipeline.PipelineStateManager (PipelineStateManager.java:finalizePipeline(123)) - Pipeline Pipeline[ Id: aa24b80b-8ac9-4ba0-a91e-a1b71f03c34e, Nodes: bd3538d6-7861-4d09-bd16-e9a225f71211{ip: 192.168.151.119, host: pr-hdds-2019-zzvnq-2455991580, networkLocation: /default-rack, certSerialId: null}ee6276be-e15b-4f84-b023-b62ea48575f0{ip: 192.168.151.119, host: pr-hdds-2019-zzvnq-2455991580, networkLocation: /default-rack, certSerialId: null}0947d463-1fed-446e-b338-93928cc10457{ip: 192.168.151.119, host: pr-hdds-2019-zzvnq-2455991580, networkLocation: /default-rack, certSerialId: null}, Type:RATIS, Factor:THREE, State:CLOSED] moved to CLOSED state
2019-09-23 18:02:39,074 [EventQueue-CloseContainerForCloseContainerEventHandler] INFO  container.CloseContainerEventHandler (CloseContainerEventHandler.java:onMessage(61)) - Close container Event triggered for container : #2
2019-09-23 18:02:39,078 [EventQueue-StaleNodeForStaleNodeHandler] INFO  pipeline.SCMPipelineManager (SCMPipelineManager.java:finalizeAndDestroyPipeline(315)) - destroying pipeline:Pipeline[ Id: d51567fb-9507-494b-a399-f5e6eed98099, Nodes: bd3538d6-7861-4d09-bd16-e9a225f71211{ip: 192.168.151.119, host: pr-hdds-2019-zzvnq-2455991580, networkLocation: /default-rack, certSerialId: null}, Type:RATIS, Factor:ONE, State:OPEN]
2019-09-23 18:02:39,079 [EventQueue-StaleNodeForStaleNodeHandler] INFO  pipeline.PipelineStateManager (PipelineStateManager.java:finalizePipeline(123)) - Pipeline Pipeline[ Id: d51567fb-9507-494b-a399-f5e6eed98099, Nodes: bd3538d6-7861-4d09-bd16-e9a225f71211{ip: 192.168.151.119, host: pr-hdds-2019-zzvnq-2455991580, networkLocation: /default-rack, certSerialId: null}, Type:RATIS, Factor:ONE, State:CLOSED] moved to CLOSED state
2019-09-23 18:02:41,300 [main] INFO  ozoneimpl.OzoneContainer (OzoneContainer.java:stop(231)) - Attempting to stop container services.
2019-09-23 18:02:41,302 [main] INFO  impl.RaftServerProxy (RaftServerProxy.java:lambda$close$4(314)) - bd3538d6-7861-4d09-bd16-e9a225f71211: close
2019-09-23 18:02:41,304 [main] INFO  impl.RaftServerImpl (RaftServerImpl.java:lambda$shutdown$3(251)) - bd3538d6-7861-4d09-bd16-e9a225f71211@group-A1B71F03C34E: shutdown
2019-09-23 18:02:41,304 [ForkJoinPool.commonPool-worker-0] INFO  impl.RaftServerImpl (RaftServerImpl.java:lambda$shutdown$3(251)) - bd3538d6-7861-4d09-bd16-e9a225f71211@group-F5E6EED98099: shutdown
2019-09-23 18:02:41,305 [main] INFO  util.JmxRegister (JmxRegister.java:unregister(73)) - Successfully un-registered JMX Bean with object name Ratis:service=RaftServer,group=group-A1B71F03C34E,id=bd3538d6-7861-4d09-bd16-e9a225f71211
2019-09-23 18:02:41,305 [ForkJoinPool.commonPool-worker-0] INFO  util.JmxRegister (JmxRegister.java:unregister(73)) - Successfully un-registered JMX Bean with object name Ratis:service=RaftServer,group=group-F5E6EED98099,id=bd3538d6-7861-4d09-bd16-e9a225f71211
2019-09-23 18:02:41,305 [main] INFO  impl.RoleInfo (RoleInfo.java:shutdownLeaderState(104)) - bd3538d6-7861-4d09-bd16-e9a225f71211: shutdown LeaderState
2019-09-23 18:02:41,306 [ForkJoinPool.commonPool-worker-0] INFO  impl.RoleInfo (RoleInfo.java:shutdownLeaderState(104)) - bd3538d6-7861-4d09-bd16-e9a225f71211: shutdown LeaderState
2019-09-23 18:02:41,310 [org.apache.ratis.server.impl.LogAppender$AppenderDaemon$$Lambda$490/535198678@79beef5e] WARN  server.GrpcLogAppender (GrpcLogAppender.java:mayWait(143)) - bd3538d6-7861-4d09-bd16-e9a225f71211@group-A1B71F03C34E->0947d463-1fed-446e-b338-93928cc10457-GrpcLogAppender: Wait interrupted by java.lang.InterruptedException
2019-09-23 18:02:41,310 [org.apache.ratis.server.impl.LogAppender$AppenderDaemon$$Lambda$490/535198678@6f022f51] WARN  server.GrpcLogAppender (GrpcLogAppender.java:mayWait(143)) - bd3538d6-7861-4d09-bd16-e9a225f71211@group-A1B71F03C34E->ee6276be-e15b-4f84-b023-b62ea48575f0-GrpcLogAppender: Wait interrupted by java.lang.InterruptedException
2019-09-23 18:02:41,312 [ForkJoinPool.commonPool-worker-0] INFO  impl.PendingRequests (PendingRequests.java:sendNotLeaderResponses(202)) - bd3538d6-7861-4d09-bd16-e9a225f71211-PendingRequests: sendNotLeaderResponses
2019-09-23 18:02:41,310 [main] INFO  impl.PendingRequests (PendingRequests.java:sendNotLeaderResponses(202)) - bd3538d6-7861-4d09-bd16-e9a225f71211-PendingRequests: sendNotLeaderResponses
2019-09-23 18:02:41,316 [grpc-default-executor-7] INFO  server.GrpcServerProtocolService (GrpcServerProtocolService.java:onCompleted(113)) - 0947d463-1fed-446e-b338-93928cc10457: Completed APPEND_ENTRIES, lastRequest: bd3538d6-7861-4d09-bd16-e9a225f71211->0947d463-1fed-446e-b338-93928cc10457#11-t7, previous=(t:7, i:8), leaderCommit=8, initializing? false, entries: <empty>
2019-09-23 18:02:41,316 [grpc-default-executor-4] INFO  server.GrpcServerProtocolService (GrpcServerProtocolService.java:onCompleted(113)) - ee6276be-e15b-4f84-b023-b62ea48575f0: Completed APPEND_ENTRIES, lastRequest: bd3538d6-7861-4d09-bd16-e9a225f71211->ee6276be-e15b-4f84-b023-b62ea48575f0#11-t7, previous=(t:7, i:8), leaderCommit=8, initializing? false, entries: <empty>
2019-09-23 18:02:41,319 [ForkJoinPool.commonPool-worker-0] INFO  impl.StateMachineUpdater (StateMachineUpdater.java:stopAndJoin(125)) - bd3538d6-7861-4d09-bd16-e9a225f71211@group-F5E6EED98099-StateMachineUpdater: set stopIndex = 0
2019-09-23 18:02:41,319 [grpc-default-executor-4] INFO  server.GrpcLogAppender (GrpcLogAppender.java:onCompleted(293)) - bd3538d6-7861-4d09-bd16-e9a225f71211@group-A1B71F03C34E->0947d463-1fed-446e-b338-93928cc10457-AppendLogResponseHandler: follower responses appendEntries COMPLETED
2019-09-23 18:02:41,319 [grpc-default-executor-7] INFO  server.GrpcLogAppender (GrpcLogAppender.java:onCompleted(293)) - bd3538d6-7861-4d09-bd16-e9a225f71211@group-A1B71F03C34E->ee6276be-e15b-4f84-b023-b62ea48575f0-AppendLogResponseHandler: follower responses appendEntries COMPLETED
2019-09-23 18:02:41,319 [ForkJoinPool.commonPool-worker-0] INFO  impl.RaftServerImpl (ServerState.java:close(385)) - bd3538d6-7861-4d09-bd16-e9a225f71211@group-F5E6EED98099: closes. applyIndex: 0
2019-09-23 18:02:41,325 [main] INFO  impl.StateMachineUpdater (StateMachineUpdater.java:stopAndJoin(125)) - bd3538d6-7861-4d09-bd16-e9a225f71211@group-A1B71F03C34E-StateMachineUpdater: set stopIndex = 8
2019-09-23 18:02:41,328 [bd3538d6-7861-4d09-bd16-e9a225f71211@group-A1B71F03C34E-StateMachineUpdater] INFO  ratis.ContainerStateMachine (ContainerStateMachine.java:takeSnapshot(289)) - group-A1B71F03C34E: Taking a snapshot at:(t:7, i:8) file /workdir/hadoop-ozone/integration-test/target/test-dir/MiniOzoneClusterImpl-de928fe4-c770-4398-a16b-2d72c745bb0c/datanode-2/data/ratis/aa24b80b-8ac9-4ba0-a91e-a1b71f03c34e/sm/snapshot.7_8
2019-09-23 18:02:41,328 [grpc-default-executor-4] INFO  impl.FollowerInfo (FollowerInfo.java:lambda$new$0(51)) - bd3538d6-7861-4d09-bd16-e9a225f71211@group-A1B71F03C34E->0947d463-1fed-446e-b338-93928cc10457: nextIndex: updateUnconditionally 9 -> 8
2019-09-23 18:02:41,328 [grpc-default-executor-7] INFO  impl.FollowerInfo (FollowerInfo.java:lambda$new$0(51)) - bd3538d6-7861-4d09-bd16-e9a225f71211@group-A1B71F03C34E->ee6276be-e15b-4f84-b023-b62ea48575f0: nextIndex: updateUnconditionally 9 -> 8
2019-09-23 18:02:41,331 [bd3538d6-7861-4d09-bd16-e9a225f71211@group-F5E6EED98099-SegmentedRaftLogWorker] INFO  segmented.SegmentedRaftLogWorker (SegmentedRaftLogWorker.java:run(313)) - bd3538d6-7861-4d09-bd16-e9a225f71211@group-F5E6EED98099-SegmentedRaftLogWorker was interrupted, exiting. There are 0 tasks remaining in the queue.
2019-09-23 18:02:41,334 [ForkJoinPool.commonPool-worker-0] INFO  segmented.SegmentedRaftLogWorker (SegmentedRaftLogWorker.java:close(228)) - bd3538d6-7861-4d09-bd16-e9a225f71211@group-F5E6EED98099-SegmentedRaftLogWorker close()
2019-09-23 18:02:41,446 [bd3538d6-7861-4d09-bd16-e9a225f71211@group-A1B71F03C34E-StateMachineUpdater] INFO  ratis.ContainerStateMachine (ContainerStateMachine.java:takeSnapshot(300)) - group-A1B71F03C34E: Finished taking a snapshot at:(t:7, i:8) file:/workdir/hadoop-ozone/integration-test/target/test-dir/MiniOzoneClusterImpl-de928fe4-c770-4398-a16b-2d72c745bb0c/datanode-2/data/ratis/aa24b80b-8ac9-4ba0-a91e-a1b71f03c34e/sm/snapshot.7_8 time:119
2019-09-23 18:02:41,449 [bd3538d6-7861-4d09-bd16-e9a225f71211@group-A1B71F03C34E-StateMachineUpdater] INFO  impl.StateMachineUpdater (StateMachineUpdater.java:takeSnapshot(258)) - bd3538d6-7861-4d09-bd16-e9a225f71211@group-A1B71F03C34E-StateMachineUpdater: Took a snapshot at index 8
2019-09-23 18:02:41,449 [bd3538d6-7861-4d09-bd16-e9a225f71211@group-A1B71F03C34E-StateMachineUpdater] INFO  impl.StateMachineUpdater (StateMachineUpdater.java:lambda$new$0(83)) - bd3538d6-7861-4d09-bd16-e9a225f71211@group-A1B71F03C34E-StateMachineUpdater: snapshotIndex: updateIncreasingly -1 -> 8
2019-09-23 18:02:41,458 [main] INFO  impl.RaftServerImpl (ServerState.java:close(385)) - bd3538d6-7861-4d09-bd16-e9a225f71211@group-A1B71F03C34E: closes. applyIndex: 8
2019-09-23 18:02:41,459 [bd3538d6-7861-4d09-bd16-e9a225f71211@group-A1B71F03C34E-SegmentedRaftLogWorker] INFO  segmented.SegmentedRaftLogWorker (SegmentedRaftLogWorker.java:run(313)) - bd3538d6-7861-4d09-bd16-e9a225f71211@group-A1B71F03C34E-SegmentedRaftLogWorker was interrupted, exiting. There are 0 tasks remaining in the queue.
2019-09-23 18:02:41,461 [main] INFO  segmented.SegmentedRaftLogWorker (SegmentedRaftLogWorker.java:close(228)) - bd3538d6-7861-4d09-bd16-e9a225f71211@group-A1B71F03C34E-SegmentedRaftLogWorker close()
2019-09-23 18:02:41,465 [main] INFO  server.GrpcService (GrpcService.java:closeImpl(164)) - bd3538d6-7861-4d09-bd16-e9a225f71211: shutdown server with port 44693 now
2019-09-23 18:02:41,469 [main] INFO  server.GrpcService (GrpcService.java:closeImpl(172)) - bd3538d6-7861-4d09-bd16-e9a225f71211: shutdown server with port 44693 successfully
2019-09-23 18:02:41,472 [refreshUsed-/workdir/hadoop-ozone/integration-test/target/test-dir/MiniOzoneClusterImpl-de928fe4-c770-4398-a16b-2d72c745bb0c/datanode-2/data/containers] WARN  fs.CachingGetSpaceUsed (CachingGetSpaceUsed.java:run(183)) - Thread Interrupted waiting to refresh disk information: sleep interrupted
2019-09-23 18:02:41,494 [main] INFO  utils.BackgroundService (BackgroundService.java:shutdown(148)) - Shutting down service BlockDeletingService
2019-09-23 18:02:41,501 [main] INFO  statemachine.DatanodeStateMachine (DatanodeStateMachine.java:stopDaemon(395)) - Ozone container server stopped.
2019-09-23 18:02:41,506 [main] INFO  handler.ContextHandler (ContextHandler.java:doStop(910)) - Stopped o.e.j.w.WebAppContext@5dd903be{/,null,UNAVAILABLE}{/hddsDatanode}
2019-09-23 18:02:41,512 [main] INFO  server.AbstractConnector (AbstractConnector.java:doStop(318)) - Stopped ServerConnector@12e0f1cb{HTTP/1.1,[http/1.1]}{0.0.0.0:0}
2019-09-23 18:02:41,513 [main] INFO  handler.ContextHandler (ContextHandler.java:doStop(910)) - Stopped o.e.j.s.ServletContextHandler@5624657a{/static,jar:file:/home/user/.m2/repository/org/apache/hadoop/hadoop-hdds-container-service/0.5.0-SNAPSHOT/hadoop-hdds-container-service-0.5.0-SNAPSHOT.jar!/webapps/static,UNAVAILABLE}
2019-09-23 18:02:41,513 [main] INFO  handler.ContextHandler (ContextHandler.java:doStop(910)) - Stopped o.e.j.s.ServletContextHandler@28da7d11{/logs,file:///workdir/hadoop-ozone/integration-test/target/log,UNAVAILABLE}
2019-09-23 18:02:42,038 [Datanode State Machine Thread - 0] INFO  statemachine.DatanodeStateMachine (DatanodeStateMachine.java:lambda$startDaemon$0(350)) - Ozone container server started.
2019-09-23 18:02:44,079 [EventQueue-StaleNodeForStaleNodeHandler] INFO  node.StaleNodeHandler (StaleNodeHandler.java:onMessage(58)) - Datanode ee6276be-e15b-4f84-b023-b62ea48575f0{ip: 192.168.151.119, host: pr-hdds-2019-zzvnq-2455991580, networkLocation: /default-rack, certSerialId: null} moved to stale state. Finalizing its pipelines [PipelineID=a1d6f1a8-275a-4bdd-9ca6-e261d81df323, PipelineID=aa24b80b-8ac9-4ba0-a91e-a1b71f03c34e]
2019-09-23 18:02:44,080 [EventQueue-StaleNodeForStaleNodeHandler] INFO  pipeline.SCMPipelineManager (SCMPipelineManager.java:finalizeAndDestroyPipeline(315)) - destroying pipeline:Pipeline[ Id: a1d6f1a8-275a-4bdd-9ca6-e261d81df323, Nodes: ee6276be-e15b-4f84-b023-b62ea48575f0{ip: 192.168.151.119, host: pr-hdds-2019-zzvnq-2455991580, networkLocation: /default-rack, certSerialId: null}, Type:RATIS, Factor:ONE, State:OPEN]
2019-09-23 18:02:44,080 [EventQueue-StaleNodeForStaleNodeHandler] INFO  pipeline.PipelineStateManager (PipelineStateManager.java:finalizePipeline(123)) - Pipeline Pipeline[ Id: a1d6f1a8-275a-4bdd-9ca6-e261d81df323, Nodes: ee6276be-e15b-4f84-b023-b62ea48575f0{ip: 192.168.151.119, host: pr-hdds-2019-zzvnq-2455991580, networkLocation: /default-rack, certSerialId: null}, Type:RATIS, Factor:ONE, State:CLOSED] moved to CLOSED state
2019-09-23 18:02:44,080 [EventQueue-StaleNodeForStaleNodeHandler] INFO  pipeline.SCMPipelineManager (SCMPipelineManager.java:finalizeAndDestroyPipeline(315)) - destroying pipeline:Pipeline[ Id: aa24b80b-8ac9-4ba0-a91e-a1b71f03c34e, Nodes: bd3538d6-7861-4d09-bd16-e9a225f71211{ip: 192.168.151.119, host: pr-hdds-2019-zzvnq-2455991580, networkLocation: /default-rack, certSerialId: null}ee6276be-e15b-4f84-b023-b62ea48575f0{ip: 192.168.151.119, host: pr-hdds-2019-zzvnq-2455991580, networkLocation: /default-rack, certSerialId: null}0947d463-1fed-446e-b338-93928cc10457{ip: 192.168.151.119, host: pr-hdds-2019-zzvnq-2455991580, networkLocation: /default-rack, certSerialId: null}, Type:RATIS, Factor:THREE, State:CLOSED]
2019-09-23 18:02:46,516 [main] INFO  ozoneimpl.OzoneContainer (OzoneContainer.java:stop(231)) - Attempting to stop container services.
2019-09-23 18:02:46,518 [main] INFO  impl.RaftServerProxy (RaftServerProxy.java:lambda$close$4(314)) - ee6276be-e15b-4f84-b023-b62ea48575f0: close
2019-09-23 18:02:46,518 [main] INFO  impl.RaftServerImpl (RaftServerImpl.java:lambda$shutdown$3(251)) - ee6276be-e15b-4f84-b023-b62ea48575f0@group-E261D81DF323: shutdown
2019-09-23 18:02:46,519 [main] INFO  util.JmxRegister (JmxRegister.java:unregister(73)) - Successfully un-registered JMX Bean with object name Ratis:service=RaftServer,group=group-E261D81DF323,id=ee6276be-e15b-4f84-b023-b62ea48575f0
2019-09-23 18:02:46,519 [main] INFO  impl.RoleInfo (RoleInfo.java:shutdownLeaderState(104)) - ee6276be-e15b-4f84-b023-b62ea48575f0: shutdown LeaderState
2019-09-23 18:02:46,519 [main] INFO  impl.PendingRequests (PendingRequests.java:sendNotLeaderResponses(202)) - ee6276be-e15b-4f84-b023-b62ea48575f0-PendingRequests: sendNotLeaderResponses
2019-09-23 18:02:46,520 [main] INFO  impl.StateMachineUpdater (StateMachineUpdater.java:stopAndJoin(125)) - ee6276be-e15b-4f84-b023-b62ea48575f0@group-E261D81DF323-StateMachineUpdater: set stopIndex = 0
2019-09-23 18:02:46,521 [main] INFO  impl.RaftServerImpl (ServerState.java:close(385)) - ee6276be-e15b-4f84-b023-b62ea48575f0@group-E261D81DF323: closes. applyIndex: 0
2019-09-23 18:02:46,521 [ee6276be-e15b-4f84-b023-b62ea48575f0@group-E261D81DF323-SegmentedRaftLogWorker] INFO  segmented.SegmentedRaftLogWorker (SegmentedRaftLogWorker.java:run(313)) - ee6276be-e15b-4f84-b023-b62ea48575f0@group-E261D81DF323-SegmentedRaftLogWorker was interrupted, exiting. There are 0 tasks remaining in the queue.
2019-09-23 18:02:46,525 [main] INFO  segmented.SegmentedRaftLogWorker (SegmentedRaftLogWorker.java:close(228)) - ee6276be-e15b-4f84-b023-b62ea48575f0@group-E261D81DF323-SegmentedRaftLogWorker close()
2019-09-23 18:02:46,527 [main] INFO  impl.RaftServerImpl (RaftServerImpl.java:lambda$shutdown$3(251)) - ee6276be-e15b-4f84-b023-b62ea48575f0@group-A1B71F03C34E: shutdown
2019-09-23 18:02:46,528 [main] INFO  util.JmxRegister (JmxRegister.java:unregister(73)) - Successfully un-registered JMX Bean with object name Ratis:service=RaftServer,group=group-A1B71F03C34E,id=ee6276be-e15b-4f84-b023-b62ea48575f0
2019-09-23 18:02:46,528 [main] INFO  impl.RoleInfo (RoleInfo.java:shutdownFollowerState(121)) - ee6276be-e15b-4f84-b023-b62ea48575f0: shutdown FollowerState
2019-09-23 18:02:46,528 [main] INFO  impl.StateMachineUpdater (StateMachineUpdater.java:stopAndJoin(125)) - ee6276be-e15b-4f84-b023-b62ea48575f0@group-A1B71F03C34E-StateMachineUpdater: set stopIndex = 8
2019-09-23 18:02:46,528 [Thread-516] INFO  impl.FollowerState (FollowerState.java:run(115)) - ee6276be-e15b-4f84-b023-b62ea48575f0: FollowerState was interrupted: java.lang.InterruptedException: sleep interrupted
2019-09-23 18:02:46,528 [ee6276be-e15b-4f84-b023-b62ea48575f0@group-A1B71F03C34E-StateMachineUpdater] INFO  ratis.ContainerStateMachine (ContainerStateMachine.java:takeSnapshot(289)) - group-A1B71F03C34E: Taking a snapshot at:(t:7, i:6) file /workdir/hadoop-ozone/integration-test/target/test-dir/MiniOzoneClusterImpl-de928fe4-c770-4398-a16b-2d72c745bb0c/datanode-3/data/ratis/aa24b80b-8ac9-4ba0-a91e-a1b71f03c34e/sm/snapshot.7_6
2019-09-23 18:02:46,539 [ee6276be-e15b-4f84-b023-b62ea48575f0@group-A1B71F03C34E-StateMachineUpdater] INFO  ratis.ContainerStateMachine (ContainerStateMachine.java:takeSnapshot(300)) - group-A1B71F03C34E: Finished taking a snapshot at:(t:7, i:6) file:/workdir/hadoop-ozone/integration-test/target/test-dir/MiniOzoneClusterImpl-de928fe4-c770-4398-a16b-2d72c745bb0c/datanode-3/data/ratis/aa24b80b-8ac9-4ba0-a91e-a1b71f03c34e/sm/snapshot.7_6 time:10
2019-09-23 18:02:46,539 [ee6276be-e15b-4f84-b023-b62ea48575f0@group-A1B71F03C34E-StateMachineUpdater] INFO  impl.StateMachineUpdater (StateMachineUpdater.java:takeSnapshot(258)) - ee6276be-e15b-4f84-b023-b62ea48575f0@group-A1B71F03C34E-StateMachineUpdater: Took a snapshot at index 6
2019-09-23 18:02:46,539 [ee6276be-e15b-4f84-b023-b62ea48575f0@group-A1B71F03C34E-StateMachineUpdater] INFO  impl.StateMachineUpdater (StateMachineUpdater.java:lambda$new$0(83)) - ee6276be-e15b-4f84-b023-b62ea48575f0@group-A1B71F03C34E-StateMachineUpdater: snapshotIndex: updateIncreasingly -1 -> 6
2019-09-23 18:02:46,539 [ee6276be-e15b-4f84-b023-b62ea48575f0@group-A1B71F03C34E-StateMachineUpdater] INFO  ratis.ContainerStateMachine (ContainerStateMachine.java:takeSnapshot(289)) - group-A1B71F03C34E: Taking a snapshot at:(t:7, i:6) file /workdir/hadoop-ozone/integration-test/target/test-dir/MiniOzoneClusterImpl-de928fe4-c770-4398-a16b-2d72c745bb0c/datanode-3/data/ratis/aa24b80b-8ac9-4ba0-a91e-a1b71f03c34e/sm/snapshot.7_6
2019-09-23 18:02:46,548 [ee6276be-e15b-4f84-b023-b62ea48575f0@group-A1B71F03C34E-StateMachineUpdater] INFO  ratis.ContainerStateMachine (ContainerStateMachine.java:takeSnapshot(300)) - group-A1B71F03C34E: Finished taking a snapshot at:(t:7, i:6) file:/workdir/hadoop-ozone/integration-test/target/test-dir/MiniOzoneClusterImpl-de928fe4-c770-4398-a16b-2d72c745bb0c/datanode-3/data/ratis/aa24b80b-8ac9-4ba0-a91e-a1b71f03c34e/sm/snapshot.7_6 time:9
2019-09-23 18:02:46,548 [ee6276be-e15b-4f84-b023-b62ea48575f0@group-A1B71F03C34E-StateMachineUpdater] INFO  impl.StateMachineUpdater (StateMachineUpdater.java:takeSnapshot(258)) - ee6276be-e15b-4f84-b023-b62ea48575f0@group-A1B71F03C34E-StateMachineUpdater: Took a snapshot at index 6
2019-09-23 18:02:46,549 [ee6276be-e15b-4f84-b023-b62ea48575f0@group-A1B71F03C34E-StateMachineUpdater] INFO  impl.StateMachineUpdater (StateMachineUpdater.java:lambda$new$0(83)) - ee6276be-e15b-4f84-b023-b62ea48575f0@group-A1B71F03C34E-StateMachineUpdater: snapshotIndex: updateIncreasingly 6 -> 6
2019-09-23 18:02:46,549 [main] INFO  impl.RaftServerImpl (ServerState.java:close(385)) - ee6276be-e15b-4f84-b023-b62ea48575f0@group-A1B71F03C34E: closes. applyIndex: 8
2019-09-23 18:02:46,549 [ee6276be-e15b-4f84-b023-b62ea48575f0@group-A1B71F03C34E-SegmentedRaftLogWorker] INFO  segmented.SegmentedRaftLogWorker (SegmentedRaftLogWorker.java:run(313)) - ee6276be-e15b-4f84-b023-b62ea48575f0@group-A1B71F03C34E-SegmentedRaftLogWorker was interrupted, exiting. There are 0 tasks remaining in the queue.
2019-09-23 18:02:46,552 [main] INFO  segmented.SegmentedRaftLogWorker (SegmentedRaftLogWorker.java:close(228)) - ee6276be-e15b-4f84-b023-b62ea48575f0@group-A1B71F03C34E-SegmentedRaftLogWorker close()
2019-09-23 18:02:46,554 [main] INFO  server.GrpcService (GrpcService.java:closeImpl(164)) - ee6276be-e15b-4f84-b023-b62ea48575f0: shutdown server with port 35592 now
2019-09-23 18:02:46,556 [main] INFO  server.GrpcService (GrpcService.java:closeImpl(172)) - ee6276be-e15b-4f84-b023-b62ea48575f0: shutdown server with port 35592 successfully
2019-09-23 18:02:46,562 [refreshUsed-/workdir/hadoop-ozone/integration-test/target/test-dir/MiniOzoneClusterImpl-de928fe4-c770-4398-a16b-2d72c745bb0c/datanode-3/data/containers] WARN  fs.CachingGetSpaceUsed (CachingGetSpaceUsed.java:run(183)) - Thread Interrupted waiting to refresh disk information: sleep interrupted
2019-09-23 18:02:46,582 [main] INFO  utils.BackgroundService (BackgroundService.java:shutdown(148)) - Shutting down service BlockDeletingService
2019-09-23 18:02:46,591 [main] INFO  statemachine.DatanodeStateMachine (DatanodeStateMachine.java:stopDaemon(395)) - Ozone container server stopped.
2019-09-23 18:02:46,592 [main] INFO  handler.ContextHandler (ContextHandler.java:doStop(910)) - Stopped o.e.j.w.WebAppContext@38eb0f4d{/,null,UNAVAILABLE}{/hddsDatanode}
2019-09-23 18:02:46,593 [main] INFO  server.AbstractConnector (AbstractConnector.java:doStop(318)) - Stopped ServerConnector@437486cd{HTTP/1.1,[http/1.1]}{0.0.0.0:0}
2019-09-23 18:02:46,594 [main] INFO  handler.ContextHandler (ContextHandler.java:doStop(910)) - Stopped o.e.j.s.ServletContextHandler@97d0c06{/static,jar:file:/home/user/.m2/repository/org/apache/hadoop/hadoop-hdds-container-service/0.5.0-SNAPSHOT/hadoop-hdds-container-service-0.5.0-SNAPSHOT.jar!/webapps/static,UNAVAILABLE}
2019-09-23 18:02:46,594 [main] INFO  handler.ContextHandler (ContextHandler.java:doStop(910)) - Stopped o.e.j.s.ServletContextHandler@41eb94bc{/logs,file:///workdir/hadoop-ozone/integration-test/target/log,UNAVAILABLE}
]]></system-out>
  </testcase>
</testsuite>