<?xml version="1.0" encoding="UTF-8"?>
<testsuite xmlns:xsi="http://www.w3.org/2001/XMLSchema-instance" xsi:noNamespaceSchemaLocation="https://maven.apache.org/surefire/maven-surefire-plugin/xsd/surefire-test-report.xsd" name="org.apache.hadoop.ozone.client.rpc.TestWatchForCommit" time="247.099" tests="5" errors="1" skipped="0" failures="0">
  <properties>
    <property name="awt.toolkit" value="sun.awt.X11.XToolkit"/>
    <property name="file.encoding.pkg" value="sun.io"/>
    <property name="java.specification.version" value="1.8"/>
    <property name="sun.cpu.isalist" value=""/>
    <property name="sun.jnu.encoding" value="UTF-8"/>
    <property name="java.class.path" value="/workdir/hadoop-ozone/integration-test/target/test-classes:/workdir/hadoop-ozone/integration-test/target/classes:/home/user/.m2/repository/org/apache/hadoop/hadoop-ozone-common/0.5.0-SNAPSHOT/hadoop-ozone-common-0.5.0-SNAPSHOT.jar:/home/user/.m2/repository/org/apache/commons/commons-compress/1.4.1/commons-compress-1.4.1.jar:/home/user/.m2/repository/org/tukaani/xz/1.0/xz-1.0.jar:/home/user/.m2/repository/org/apache/hadoop/hadoop-common/3.2.0/hadoop-common-3.2.0.jar:/home/user/.m2/repository/org/apache/hadoop/hadoop-hdfs/3.2.0/hadoop-hdfs-3.2.0.jar:/home/user/.m2/repository/org/apache/hadoop/hadoop-hdfs-client/3.2.0/hadoop-hdfs-client-3.2.0.jar:/home/user/.m2/repository/com/fasterxml/jackson/core/jackson-annotations/2.9.9/jackson-annotations-2.9.9.jar:/home/user/.m2/repository/org/apache/hadoop/hadoop-hdds-common/0.5.0-SNAPSHOT/hadoop-hdds-common-0.5.0-SNAPSHOT.jar:/home/user/.m2/repository/javax/annotation/javax.annotation-api/1.2/javax.annotation-api-1.2.jar:/home/user/.m2/repository/org/apache/ratis/ratis-server/0.4.0/ratis-server-0.4.0.jar:/home/user/.m2/repository/org/apache/ratis/ratis-thirdparty-misc/0.2.0/ratis-thirdparty-misc-0.2.0.jar:/home/user/.m2/repository/org/apache/ratis/ratis-proto/0.4.0/ratis-proto-0.4.0.jar:/home/user/.m2/repository/org/apache/ratis/ratis-common/0.4.0/ratis-common-0.4.0.jar:/home/user/.m2/repository/org/apache/ratis/ratis-client/0.4.0/ratis-client-0.4.0.jar:/home/user/.m2/repository/org/apache/ratis/ratis-metrics/0.4.0/ratis-metrics-0.4.0.jar:/home/user/.m2/repository/com/github/joshelser/dropwizard-metrics-hadoop-metrics2-reporter/0.1.2/dropwizard-metrics-hadoop-metrics2-reporter-0.1.2.jar:/home/user/.m2/repository/io/dropwizard/metrics/metrics-jvm/3.2.5/metrics-jvm-3.2.5.jar:/home/user/.m2/repository/io/dropwizard/metrics/metrics-ganglia/3.2.5/metrics-ganglia-3.2.5.jar:/home/user/.m2/repository/info/ganglia/gmetric4j/gmetric4j/1.0.7/gmetric4j-1.0.7.jar:/home/user/.m2/repository/org/apache/ratis/ratis-netty/0.4.0/ratis-netty-0.4.0.jar:/home/user/.m2/repository/org/apache/ratis/ratis-grpc/0.4.0/ratis-grpc-0.4.0.jar:/home/user/.m2/repository/org/rocksdb/rocksdbjni/6.0.1/rocksdbjni-6.0.1.jar:/home/user/.m2/repository/org/apache/logging/log4j/log4j-api/2.11.0/log4j-api-2.11.0.jar:/home/user/.m2/repository/org/apache/logging/log4j/log4j-core/2.11.0/log4j-core-2.11.0.jar:/home/user/.m2/repository/com/lmax/disruptor/3.4.2/disruptor-3.4.2.jar:/home/user/.m2/repository/org/apache/commons/commons-pool2/2.6.0/commons-pool2-2.6.0.jar:/home/user/.m2/repository/org/bouncycastle/bcpkix-jdk15on/1.60/bcpkix-jdk15on-1.60.jar:/home/user/.m2/repository/commons-validator/commons-validator/1.6/commons-validator-1.6.jar:/home/user/.m2/repository/commons-digester/commons-digester/1.8.1/commons-digester-1.8.1.jar:/home/user/.m2/repository/io/jaegertracing/jaeger-client/0.33.1/jaeger-client-0.33.1.jar:/home/user/.m2/repository/io/jaegertracing/jaeger-thrift/0.33.1/jaeger-thrift-0.33.1.jar:/home/user/.m2/repository/org/apache/thrift/libthrift/0.11.0/libthrift-0.11.0.jar:/home/user/.m2/repository/com/squareup/okhttp3/okhttp/3.9.0/okhttp-3.9.0.jar:/home/user/.m2/repository/com/squareup/okio/okio/1.13.0/okio-1.13.0.jar:/home/user/.m2/repository/io/jaegertracing/jaeger-core/0.33.1/jaeger-core-0.33.1.jar:/home/user/.m2/repository/io/jaegertracing/jaeger-tracerresolver/0.33.1/jaeger-tracerresolver-0.33.1.jar:/home/user/.m2/repository/io/opentracing/contrib/opentracing-tracerresolver/0.1.5/opentracing-tracerresolver-0.1.5.jar:/home/user/.m2/repository/io/opentracing/opentracing-util/0.31.0/opentracing-util-0.31.0.jar:/home/user/.m2/repository/io/opentracing/opentracing-api/0.31.0/opentracing-api-0.31.0.jar:/home/user/.m2/repository/io/opentracing/opentracing-noop/0.31.0/opentracing-noop-0.31.0.jar:/home/user/.m2/repository/org/apache/hadoop/hadoop-hdds-server-framework/0.5.0-SNAPSHOT/hadoop-hdds-server-framework-0.5.0-SNAPSHOT.jar:/home/user/.m2/repository/org/apache/hadoop/hadoop-hdds-container-service/0.5.0-SNAPSHOT/hadoop-hdds-container-service-0.5.0-SNAPSHOT.jar:/home/user/.m2/repository/org/apache/hadoop/hadoop-hdds-client/0.5.0-SNAPSHOT/hadoop-hdds-client-0.5.0-SNAPSHOT.jar:/home/user/.m2/repository/org/apache/hadoop/hadoop-hdds-tools/0.5.0-SNAPSHOT/hadoop-hdds-tools-0.5.0-SNAPSHOT.jar:/home/user/.m2/repository/org/apache/hadoop/hadoop-hdds-server-scm/0.5.0-SNAPSHOT/hadoop-hdds-server-scm-0.5.0-SNAPSHOT.jar:/home/user/.m2/repository/org/apache/hadoop/hadoop-hdds-docs/0.5.0-SNAPSHOT/hadoop-hdds-docs-0.5.0-SNAPSHOT.jar:/home/user/.m2/repository/io/dropwizard/metrics/metrics-core/3.2.4/metrics-core-3.2.4.jar:/home/user/.m2/repository/org/hamcrest/hamcrest-all/1.3/hamcrest-all-1.3.jar:/home/user/.m2/repository/org/bouncycastle/bcprov-jdk15on/1.60/bcprov-jdk15on-1.60.jar:/home/user/.m2/repository/info/picocli/picocli/3.9.6/picocli-3.9.6.jar:/home/user/.m2/repository/com/google/protobuf/protobuf-java/2.5.0/protobuf-java-2.5.0.jar:/home/user/.m2/repository/com/google/guava/guava/11.0.2/guava-11.0.2.jar:/home/user/.m2/repository/org/apache/hadoop/hadoop-ozone-ozone-manager/0.5.0-SNAPSHOT/hadoop-ozone-ozone-manager-0.5.0-SNAPSHOT.jar:/home/user/.m2/repository/org/apache/hadoop/hadoop-minikdc/3.2.0/hadoop-minikdc-3.2.0.jar:/home/user/.m2/repository/commons-io/commons-io/2.5/commons-io-2.5.jar:/home/user/.m2/repository/org/apache/kerby/kerb-simplekdc/1.0.1/kerb-simplekdc-1.0.1.jar:/home/user/.m2/repository/org/apache/kerby/kerb-client/1.0.1/kerb-client-1.0.1.jar:/home/user/.m2/repository/org/apache/kerby/kerby-config/1.0.1/kerby-config-1.0.1.jar:/home/user/.m2/repository/org/apache/kerby/kerb-core/1.0.1/kerb-core-1.0.1.jar:/home/user/.m2/repository/org/apache/kerby/kerby-pkix/1.0.1/kerby-pkix-1.0.1.jar:/home/user/.m2/repository/org/apache/kerby/kerby-asn1/1.0.1/kerby-asn1-1.0.1.jar:/home/user/.m2/repository/org/apache/kerby/kerby-util/1.0.1/kerby-util-1.0.1.jar:/home/user/.m2/repository/org/apache/kerby/kerb-common/1.0.1/kerb-common-1.0.1.jar:/home/user/.m2/repository/org/apache/kerby/kerb-crypto/1.0.1/kerb-crypto-1.0.1.jar:/home/user/.m2/repository/org/apache/kerby/kerb-util/1.0.1/kerb-util-1.0.1.jar:/home/user/.m2/repository/org/apache/kerby/token-provider/1.0.1/token-provider-1.0.1.jar:/home/user/.m2/repository/org/apache/kerby/kerb-admin/1.0.1/kerb-admin-1.0.1.jar:/home/user/.m2/repository/org/apache/kerby/kerb-server/1.0.1/kerb-server-1.0.1.jar:/home/user/.m2/repository/org/apache/kerby/kerb-identity/1.0.1/kerb-identity-1.0.1.jar:/home/user/.m2/repository/org/apache/kerby/kerby-xdr/1.0.1/kerby-xdr-1.0.1.jar:/home/user/.m2/repository/org/slf4j/slf4j-log4j12/1.7.25/slf4j-log4j12-1.7.25.jar:/home/user/.m2/repository/org/apache/hadoop/hadoop-ozone-s3gateway/0.5.0-SNAPSHOT/hadoop-ozone-s3gateway-0.5.0-SNAPSHOT.jar:/home/user/.m2/repository/org/jboss/weld/servlet/weld-servlet/2.4.7.Final/weld-servlet-2.4.7.Final.jar:/home/user/.m2/repository/org/glassfish/jersey/containers/jersey-container-servlet-core/2.27/jersey-container-servlet-core-2.27.jar:/home/user/.m2/repository/org/glassfish/hk2/external/javax.inject/2.5.0-b42/javax.inject-2.5.0-b42.jar:/home/user/.m2/repository/org/glassfish/jersey/core/jersey-common/2.27/jersey-common-2.27.jar:/home/user/.m2/repository/org/glassfish/hk2/osgi-resource-locator/1.0.1/osgi-resource-locator-1.0.1.jar:/home/user/.m2/repository/javax/ws/rs/javax.ws.rs-api/2.1/javax.ws.rs-api-2.1.jar:/home/user/.m2/repository/org/glassfish/jersey/ext/cdi/jersey-cdi1x/2.27/jersey-cdi1x-2.27.jar:/home/user/.m2/repository/org/glassfish/jersey/inject/jersey-hk2/2.27/jersey-hk2-2.27.jar:/home/user/.m2/repository/org/glassfish/hk2/hk2-locator/2.5.0-b42/hk2-locator-2.5.0-b42.jar:/home/user/.m2/repository/org/javassist/javassist/3.22.0-CR2/javassist-3.22.0-CR2.jar:/home/user/.m2/repository/org/glassfish/hk2/hk2-api/2.5.0/hk2-api-2.5.0.jar:/home/user/.m2/repository/org/glassfish/hk2/external/jakarta.inject/2.5.0/jakarta.inject-2.5.0.jar:/home/user/.m2/repository/org/glassfish/hk2/hk2-utils/2.5.0/hk2-utils-2.5.0.jar:/home/user/.m2/repository/jakarta/annotation/jakarta.annotation-api/1.3.4/jakarta.annotation-api-1.3.4.jar:/home/user/.m2/repository/org/glassfish/hk2/external/aopalliance-repackaged/2.5.0/aopalliance-repackaged-2.5.0.jar:/home/user/.m2/repository/com/fasterxml/jackson/dataformat/jackson-dataformat-xml/2.9.0/jackson-dataformat-xml-2.9.0.jar:/home/user/.m2/repository/com/fasterxml/jackson/core/jackson-core/2.9.9/jackson-core-2.9.9.jar:/home/user/.m2/repository/com/fasterxml/jackson/module/jackson-module-jaxb-annotations/2.9.9/jackson-module-jaxb-annotations-2.9.9.jar:/home/user/.m2/repository/javax/enterprise/cdi-api/1.2/cdi-api-1.2.jar:/home/user/.m2/repository/javax/el/javax.el-api/3.0.0/javax.el-api-3.0.0.jar:/home/user/.m2/repository/javax/interceptor/javax.interceptor-api/1.2/javax.interceptor-api-1.2.jar:/home/user/.m2/repository/javax/inject/javax.inject/1/javax.inject-1.jar:/home/user/.m2/repository/com/sun/xml/bind/jaxb-impl/2.3.0.1/jaxb-impl-2.3.0.1.jar:/home/user/.m2/repository/com/sun/xml/bind/jaxb-core/2.3.0.1/jaxb-core-2.3.0.1.jar:/home/user/.m2/repository/javax/xml/bind/jaxb-api/2.3.0/jaxb-api-2.3.0.jar:/home/user/.m2/repository/javax/activation/activation/1.1.1/activation-1.1.1.jar:/home/user/.m2/repository/org/apache/hadoop/hadoop-ozone-csi/0.5.0-SNAPSHOT/hadoop-ozone-csi-0.5.0-SNAPSHOT.jar:/home/user/.m2/repository/com/google/protobuf/protobuf-java-util/3.5.1/protobuf-java-util-3.5.1.jar:/home/user/.m2/repository/org/apache/hadoop/hadoop-hdds-config/0.5.0-SNAPSHOT/hadoop-hdds-config-0.5.0-SNAPSHOT.jar:/home/user/.m2/repository/io/grpc/grpc-netty/1.17.1/grpc-netty-1.17.1.jar:/home/user/.m2/repository/io/grpc/grpc-core/1.17.1/grpc-core-1.17.1.jar:/home/user/.m2/repository/io/grpc/grpc-context/1.17.1/grpc-context-1.17.1.jar:/home/user/.m2/repository/com/google/errorprone/error_prone_annotations/2.2.0/error_prone_annotations-2.2.0.jar:/home/user/.m2/repository/org/codehaus/mojo/animal-sniffer-annotations/1.17/animal-sniffer-annotations-1.17.jar:/home/user/.m2/repository/io/opencensus/opencensus-api/0.17.0/opencensus-api-0.17.0.jar:/home/user/.m2/repository/io/opencensus/opencensus-contrib-grpc-metrics/0.17.0/opencensus-contrib-grpc-metrics-0.17.0.jar:/home/user/.m2/repository/io/netty/netty-codec-http2/4.1.30.Final/netty-codec-http2-4.1.30.Final.jar:/home/user/.m2/repository/io/netty/netty-codec-http/4.1.30.Final/netty-codec-http-4.1.30.Final.jar:/home/user/.m2/repository/io/netty/netty-codec/4.1.30.Final/netty-codec-4.1.30.Final.jar:/home/user/.m2/repository/io/netty/netty-handler/4.1.30.Final/netty-handler-4.1.30.Final.jar:/home/user/.m2/repository/io/netty/netty-handler-proxy/4.1.30.Final/netty-handler-proxy-4.1.30.Final.jar:/home/user/.m2/repository/io/netty/netty-codec-socks/4.1.30.Final/netty-codec-socks-4.1.30.Final.jar:/home/user/.m2/repository/io/netty/netty-transport-native-epoll/4.1.30.Final/netty-transport-native-epoll-4.1.30.Final.jar:/home/user/.m2/repository/io/netty/netty-common/4.1.30.Final/netty-common-4.1.30.Final.jar:/home/user/.m2/repository/io/netty/netty-buffer/4.1.30.Final/netty-buffer-4.1.30.Final.jar:/home/user/.m2/repository/io/netty/netty-transport/4.1.30.Final/netty-transport-4.1.30.Final.jar:/home/user/.m2/repository/io/netty/netty-resolver/4.1.30.Final/netty-resolver-4.1.30.Final.jar:/home/user/.m2/repository/io/netty/netty-transport-native-unix-common/4.1.30.Final/netty-transport-native-unix-common-4.1.30.Final.jar:/home/user/.m2/repository/io/grpc/grpc-protobuf/1.17.1/grpc-protobuf-1.17.1.jar:/home/user/.m2/repository/com/google/api/grpc/proto-google-common-protos/1.0.0/proto-google-common-protos-1.0.0.jar:/home/user/.m2/repository/io/grpc/grpc-protobuf-lite/1.17.1/grpc-protobuf-lite-1.17.1.jar:/home/user/.m2/repository/io/grpc/grpc-stub/1.17.1/grpc-stub-1.17.1.jar:/home/user/.m2/repository/org/apache/hadoop/hadoop-ozone-recon/0.5.0-SNAPSHOT/hadoop-ozone-recon-0.5.0-SNAPSHOT.jar:/home/user/.m2/repository/org/apache/hadoop/hadoop-ozone-reconcodegen/0.5.0-SNAPSHOT/hadoop-ozone-reconcodegen-0.5.0-SNAPSHOT.jar:/home/user/.m2/repository/com/google/inject/extensions/guice-multibindings/4.0/guice-multibindings-4.0.jar:/home/user/.m2/repository/com/google/inject/guice/4.0/guice-4.0.jar:/home/user/.m2/repository/aopalliance/aopalliance/1.0/aopalliance-1.0.jar:/home/user/.m2/repository/com/google/inject/extensions/guice-servlet/4.0/guice-servlet-4.0.jar:/home/user/.m2/repository/org/glassfish/jersey/containers/jersey-container-servlet/2.27/jersey-container-servlet-2.27.jar:/home/user/.m2/repository/org/glassfish/hk2/guice-bridge/2.5.0/guice-bridge-2.5.0.jar:/home/user/.m2/repository/org/glassfish/jersey/core/jersey-server/2.27/jersey-server-2.27.jar:/home/user/.m2/repository/org/glassfish/jersey/core/jersey-client/2.27/jersey-client-2.27.jar:/home/user/.m2/repository/org/glassfish/jersey/media/jersey-media-jaxb/2.27/jersey-media-jaxb-2.27.jar:/home/user/.m2/repository/javax/validation/validation-api/1.1.0.Final/validation-api-1.1.0.Final.jar:/home/user/.m2/repository/org/glassfish/jersey/media/jersey-media-json-jackson/2.27/jersey-media-json-jackson-2.27.jar:/home/user/.m2/repository/org/glassfish/jersey/ext/jersey-entity-filtering/2.27/jersey-entity-filtering-2.27.jar:/home/user/.m2/repository/com/google/inject/extensions/guice-assistedinject/4.0/guice-assistedinject-4.0.jar:/home/user/.m2/repository/org/jooq/jooq/3.11.10/jooq-3.11.10.jar:/home/user/.m2/repository/org/jooq/jooq-meta/3.11.10/jooq-meta-3.11.10.jar:/home/user/.m2/repository/org/jooq/jooq-codegen/3.11.10/jooq-codegen-3.11.10.jar:/home/user/.m2/repository/com/jolbox/bonecp/0.8.0.RELEASE/bonecp-0.8.0.RELEASE.jar:/home/user/.m2/repository/org/xerial/sqlite-jdbc/3.25.2/sqlite-jdbc-3.25.2.jar:/home/user/.m2/repository/org/springframework/spring-jdbc/5.1.3.RELEASE/spring-jdbc-5.1.3.RELEASE.jar:/home/user/.m2/repository/org/springframework/spring-beans/5.1.3.RELEASE/spring-beans-5.1.3.RELEASE.jar:/home/user/.m2/repository/org/springframework/spring-core/5.1.3.RELEASE/spring-core-5.1.3.RELEASE.jar:/home/user/.m2/repository/org/springframework/spring-jcl/5.1.3.RELEASE/spring-jcl-5.1.3.RELEASE.jar:/home/user/.m2/repository/org/springframework/spring-tx/5.1.3.RELEASE/spring-tx-5.1.3.RELEASE.jar:/home/user/.m2/repository/org/apache/hadoop/hadoop-ozone-client/0.5.0-SNAPSHOT/hadoop-ozone-client-0.5.0-SNAPSHOT.jar:/home/user/.m2/repository/commons-lang/commons-lang/2.6/commons-lang-2.6.jar:/home/user/.m2/repository/org/apache/hadoop/hadoop-ozone-ozone-manager/0.5.0-SNAPSHOT/hadoop-ozone-ozone-manager-0.5.0-SNAPSHOT-tests.jar:/home/user/.m2/repository/junit/junit/4.11/junit-4.11.jar:/home/user/.m2/repository/org/hamcrest/hamcrest-core/1.3/hamcrest-core-1.3.jar:/home/user/.m2/repository/org/openjdk/jmh/jmh-core/1.19/jmh-core-1.19.jar:/home/user/.m2/repository/net/sf/jopt-simple/jopt-simple/4.6/jopt-simple-4.6.jar:/home/user/.m2/repository/org/apache/commons/commons-math3/3.1.1/commons-math3-3.1.1.jar:/home/user/.m2/repository/org/openjdk/jmh/jmh-generator-annprocess/1.19/jmh-generator-annprocess-1.19.jar:/home/user/.m2/repository/org/mockito/mockito-all/1.8.5/mockito-all-1.8.5.jar:/home/user/.m2/repository/org/apache/hadoop/hadoop-kms/3.2.0/hadoop-kms-3.2.0.jar:/home/user/.m2/repository/org/apache/hadoop/hadoop-auth/3.2.0/hadoop-auth-3.2.0.jar:/home/user/.m2/repository/com/nimbusds/nimbus-jose-jwt/4.41.1/nimbus-jose-jwt-4.41.1.jar:/home/user/.m2/repository/com/github/stephenc/jcip/jcip-annotations/1.0-1/jcip-annotations-1.0-1.jar:/home/user/.m2/repository/net/minidev/json-smart/2.3/json-smart-2.3.jar:/home/user/.m2/repository/net/minidev/accessors-smart/1.2/accessors-smart-1.2.jar:/home/user/.m2/repository/org/ow2/asm/asm/5.0.4/asm-5.0.4.jar:/home/user/.m2/repository/org/apache/curator/curator-framework/2.12.0/curator-framework-2.12.0.jar:/home/user/.m2/repository/com/sun/jersey/jersey-core/1.19/jersey-core-1.19.jar:/home/user/.m2/repository/javax/ws/rs/jsr311-api/1.1.1/jsr311-api-1.1.1.jar:/home/user/.m2/repository/com/sun/jersey/jersey-server/1.19/jersey-server-1.19.jar:/home/user/.m2/repository/javax/servlet/javax.servlet-api/3.1.0/javax.servlet-api-3.1.0.jar:/home/user/.m2/repository/org/eclipse/jetty/jetty-server/9.3.24.v20180605/jetty-server-9.3.24.v20180605.jar:/home/user/.m2/repository/org/eclipse/jetty/jetty-http/9.3.24.v20180605/jetty-http-9.3.24.v20180605.jar:/home/user/.m2/repository/org/eclipse/jetty/jetty-io/9.3.24.v20180605/jetty-io-9.3.24.v20180605.jar:/home/user/.m2/repository/org/eclipse/jetty/jetty-webapp/9.3.24.v20180605/jetty-webapp-9.3.24.v20180605.jar:/home/user/.m2/repository/org/eclipse/jetty/jetty-xml/9.3.24.v20180605/jetty-xml-9.3.24.v20180605.jar:/home/user/.m2/repository/log4j/log4j/1.2.17/log4j-1.2.17.jar:/home/user/.m2/repository/org/slf4j/slf4j-api/1.7.25/slf4j-api-1.7.25.jar:/home/user/.m2/repository/org/slf4j/jul-to-slf4j/1.7.25/jul-to-slf4j-1.7.25.jar:/home/user/.m2/repository/org/eclipse/jetty/jetty-util/9.3.24.v20180605/jetty-util-9.3.24.v20180605.jar:/home/user/.m2/repository/com/fasterxml/jackson/core/jackson-databind/2.9.9/jackson-databind-2.9.9.jar:/home/user/.m2/repository/org/apache/hadoop/hadoop-kms/3.2.0/hadoop-kms-3.2.0-tests.jar:/home/user/.m2/repository/org/apache/hadoop/hadoop-hdds-server-scm/0.5.0-SNAPSHOT/hadoop-hdds-server-scm-0.5.0-SNAPSHOT-tests.jar:/home/user/.m2/repository/org/apache/hadoop/hadoop-hdds-container-service/0.5.0-SNAPSHOT/hadoop-hdds-container-service-0.5.0-SNAPSHOT-tests.jar:/home/user/.m2/repository/org/yaml/snakeyaml/1.16/snakeyaml-1.16.jar:/home/user/.m2/repository/org/apache/hadoop/hadoop-common/3.2.0/hadoop-common-3.2.0-tests.jar:/home/user/.m2/repository/org/apache/hadoop/hadoop-annotations/3.2.0/hadoop-annotations-3.2.0.jar:/usr/lib/jvm/java-1.8-openjdk/jre/../lib/tools.jar:/home/user/.m2/repository/commons-cli/commons-cli/1.2/commons-cli-1.2.jar:/home/user/.m2/repository/org/apache/httpcomponents/httpclient/4.5.2/httpclient-4.5.2.jar:/home/user/.m2/repository/org/apache/httpcomponents/httpcore/4.4.4/httpcore-4.4.4.jar:/home/user/.m2/repository/commons-codec/commons-codec/1.11/commons-codec-1.11.jar:/home/user/.m2/repository/commons-net/commons-net/3.6/commons-net-3.6.jar:/home/user/.m2/repository/commons-collections/commons-collections/3.2.2/commons-collections-3.2.2.jar:/home/user/.m2/repository/org/eclipse/jetty/jetty-servlet/9.3.24.v20180605/jetty-servlet-9.3.24.v20180605.jar:/home/user/.m2/repository/org/eclipse/jetty/jetty-security/9.3.24.v20180605/jetty-security-9.3.24.v20180605.jar:/home/user/.m2/repository/javax/servlet/jsp/jsp-api/2.1/jsp-api-2.1.jar:/home/user/.m2/repository/com/sun/jersey/jersey-servlet/1.19/jersey-servlet-1.19.jar:/home/user/.m2/repository/com/sun/jersey/jersey-json/1.19/jersey-json-1.19.jar:/home/user/.m2/repository/org/codehaus/jettison/jettison/1.1/jettison-1.1.jar:/home/user/.m2/repository/org/codehaus/jackson/jackson-core-asl/1.9.13/jackson-core-asl-1.9.13.jar:/home/user/.m2/repository/org/codehaus/jackson/jackson-mapper-asl/1.9.13/jackson-mapper-asl-1.9.13.jar:/home/user/.m2/repository/org/codehaus/jackson/jackson-jaxrs/1.9.13/jackson-jaxrs-1.9.13.jar:/home/user/.m2/repository/org/codehaus/jackson/jackson-xc/1.9.13/jackson-xc-1.9.13.jar:/home/user/.m2/repository/commons-logging/commons-logging/1.1.3/commons-logging-1.1.3.jar:/home/user/.m2/repository/commons-beanutils/commons-beanutils/1.9.4/commons-beanutils-1.9.4.jar:/home/user/.m2/repository/org/apache/commons/commons-configuration2/2.1.1/commons-configuration2-2.1.1.jar:/home/user/.m2/repository/org/apache/commons/commons-lang3/3.7/commons-lang3-3.7.jar:/home/user/.m2/repository/org/apache/commons/commons-text/1.4/commons-text-1.4.jar:/home/user/.m2/repository/org/apache/avro/avro/1.7.7/avro-1.7.7.jar:/home/user/.m2/repository/com/thoughtworks/paranamer/paranamer/2.3/paranamer-2.3.jar:/home/user/.m2/repository/org/xerial/snappy/snappy-java/1.0.5/snappy-java-1.0.5.jar:/home/user/.m2/repository/com/google/re2j/re2j/1.1/re2j-1.1.jar:/home/user/.m2/repository/com/google/code/gson/gson/2.2.4/gson-2.2.4.jar:/home/user/.m2/repository/com/jcraft/jsch/0.1.54/jsch-0.1.54.jar:/home/user/.m2/repository/org/apache/curator/curator-client/2.12.0/curator-client-2.12.0.jar:/home/user/.m2/repository/org/apache/curator/curator-recipes/2.12.0/curator-recipes-2.12.0.jar:/home/user/.m2/repository/com/google/code/findbugs/jsr305/3.0.0/jsr305-3.0.0.jar:/home/user/.m2/repository/org/apache/htrace/htrace-core4/4.1.0-incubating/htrace-core4-4.1.0-incubating.jar:/home/user/.m2/repository/org/apache/zookeeper/zookeeper/3.4.13/zookeeper-3.4.13.jar:/home/user/.m2/repository/org/apache/yetus/audience-annotations/0.5.0/audience-annotations-0.5.0.jar:/home/user/.m2/repository/org/codehaus/woodstox/stax2-api/3.1.4/stax2-api-3.1.4.jar:/home/user/.m2/repository/com/fasterxml/woodstox/woodstox-core/5.0.3/woodstox-core-5.0.3.jar:/home/user/.m2/repository/dnsjava/dnsjava/2.1.7/dnsjava-2.1.7.jar:/home/user/.m2/repository/org/apache/hadoop/hadoop-hdfs/3.2.0/hadoop-hdfs-3.2.0-tests.jar:/home/user/.m2/repository/org/eclipse/jetty/jetty-util-ajax/9.3.24.v20180605/jetty-util-ajax-9.3.24.v20180605.jar:/home/user/.m2/repository/commons-daemon/commons-daemon/1.0.13/commons-daemon-1.0.13.jar:/home/user/.m2/repository/io/netty/netty/3.10.5.Final/netty-3.10.5.Final.jar:/home/user/.m2/repository/io/netty/netty-all/4.0.52.Final/netty-all-4.0.52.Final.jar:/home/user/.m2/repository/org/fusesource/leveldbjni/leveldbjni-all/1.8/leveldbjni-all-1.8.jar:"/>
    <property name="java.vm.vendor" value="IcedTea"/>
    <property name="sun.arch.data.model" value="64"/>
    <property name="test.build.dir" value="/workdir/hadoop-ozone/integration-test/target/test-dir"/>
    <property name="test.cache.data" value=""/>
    <property name="java.vendor.url" value="https://icedtea.classpath.org"/>
    <property name="user.timezone" value=""/>
    <property name="java.vm.specification.version" value="1.8"/>
    <property name="os.name" value="Linux"/>
    <property name="test.build.data" value="/workdir/hadoop-ozone/integration-test/target/test-dir"/>
    <property name="user.country" value="US"/>
    <property name="sun.java.launcher" value="SUN_STANDARD"/>
    <property name="sun.boot.library.path" value="/usr/lib/jvm/java-1.8-openjdk/jre/lib/amd64"/>
    <property name="sun.java.command" value="/workdir/hadoop-ozone/integration-test/target/surefire/surefirebooter8085636524620156756.jar /workdir/hadoop-ozone/integration-test/target/surefire 2019-09-23T17-23-42_338-jvmRun1 surefire4400996924406710363tmp surefire_757767011259704509716tmp"/>
    <property name="test" value="!TestMiniChaosOzoneCluster"/>
    <property name="surefire.test.class.path" value="/workdir/hadoop-ozone/integration-test/target/test-classes:/workdir/hadoop-ozone/integration-test/target/classes:/home/user/.m2/repository/org/apache/hadoop/hadoop-ozone-common/0.5.0-SNAPSHOT/hadoop-ozone-common-0.5.0-SNAPSHOT.jar:/home/user/.m2/repository/org/apache/commons/commons-compress/1.4.1/commons-compress-1.4.1.jar:/home/user/.m2/repository/org/tukaani/xz/1.0/xz-1.0.jar:/home/user/.m2/repository/org/apache/hadoop/hadoop-common/3.2.0/hadoop-common-3.2.0.jar:/home/user/.m2/repository/org/apache/hadoop/hadoop-hdfs/3.2.0/hadoop-hdfs-3.2.0.jar:/home/user/.m2/repository/org/apache/hadoop/hadoop-hdfs-client/3.2.0/hadoop-hdfs-client-3.2.0.jar:/home/user/.m2/repository/com/fasterxml/jackson/core/jackson-annotations/2.9.9/jackson-annotations-2.9.9.jar:/home/user/.m2/repository/org/apache/hadoop/hadoop-hdds-common/0.5.0-SNAPSHOT/hadoop-hdds-common-0.5.0-SNAPSHOT.jar:/home/user/.m2/repository/javax/annotation/javax.annotation-api/1.2/javax.annotation-api-1.2.jar:/home/user/.m2/repository/org/apache/ratis/ratis-server/0.4.0/ratis-server-0.4.0.jar:/home/user/.m2/repository/org/apache/ratis/ratis-thirdparty-misc/0.2.0/ratis-thirdparty-misc-0.2.0.jar:/home/user/.m2/repository/org/apache/ratis/ratis-proto/0.4.0/ratis-proto-0.4.0.jar:/home/user/.m2/repository/org/apache/ratis/ratis-common/0.4.0/ratis-common-0.4.0.jar:/home/user/.m2/repository/org/apache/ratis/ratis-client/0.4.0/ratis-client-0.4.0.jar:/home/user/.m2/repository/org/apache/ratis/ratis-metrics/0.4.0/ratis-metrics-0.4.0.jar:/home/user/.m2/repository/com/github/joshelser/dropwizard-metrics-hadoop-metrics2-reporter/0.1.2/dropwizard-metrics-hadoop-metrics2-reporter-0.1.2.jar:/home/user/.m2/repository/io/dropwizard/metrics/metrics-jvm/3.2.5/metrics-jvm-3.2.5.jar:/home/user/.m2/repository/io/dropwizard/metrics/metrics-ganglia/3.2.5/metrics-ganglia-3.2.5.jar:/home/user/.m2/repository/info/ganglia/gmetric4j/gmetric4j/1.0.7/gmetric4j-1.0.7.jar:/home/user/.m2/repository/org/apache/ratis/ratis-netty/0.4.0/ratis-netty-0.4.0.jar:/home/user/.m2/repository/org/apache/ratis/ratis-grpc/0.4.0/ratis-grpc-0.4.0.jar:/home/user/.m2/repository/org/rocksdb/rocksdbjni/6.0.1/rocksdbjni-6.0.1.jar:/home/user/.m2/repository/org/apache/logging/log4j/log4j-api/2.11.0/log4j-api-2.11.0.jar:/home/user/.m2/repository/org/apache/logging/log4j/log4j-core/2.11.0/log4j-core-2.11.0.jar:/home/user/.m2/repository/com/lmax/disruptor/3.4.2/disruptor-3.4.2.jar:/home/user/.m2/repository/org/apache/commons/commons-pool2/2.6.0/commons-pool2-2.6.0.jar:/home/user/.m2/repository/org/bouncycastle/bcpkix-jdk15on/1.60/bcpkix-jdk15on-1.60.jar:/home/user/.m2/repository/commons-validator/commons-validator/1.6/commons-validator-1.6.jar:/home/user/.m2/repository/commons-digester/commons-digester/1.8.1/commons-digester-1.8.1.jar:/home/user/.m2/repository/io/jaegertracing/jaeger-client/0.33.1/jaeger-client-0.33.1.jar:/home/user/.m2/repository/io/jaegertracing/jaeger-thrift/0.33.1/jaeger-thrift-0.33.1.jar:/home/user/.m2/repository/org/apache/thrift/libthrift/0.11.0/libthrift-0.11.0.jar:/home/user/.m2/repository/com/squareup/okhttp3/okhttp/3.9.0/okhttp-3.9.0.jar:/home/user/.m2/repository/com/squareup/okio/okio/1.13.0/okio-1.13.0.jar:/home/user/.m2/repository/io/jaegertracing/jaeger-core/0.33.1/jaeger-core-0.33.1.jar:/home/user/.m2/repository/io/jaegertracing/jaeger-tracerresolver/0.33.1/jaeger-tracerresolver-0.33.1.jar:/home/user/.m2/repository/io/opentracing/contrib/opentracing-tracerresolver/0.1.5/opentracing-tracerresolver-0.1.5.jar:/home/user/.m2/repository/io/opentracing/opentracing-util/0.31.0/opentracing-util-0.31.0.jar:/home/user/.m2/repository/io/opentracing/opentracing-api/0.31.0/opentracing-api-0.31.0.jar:/home/user/.m2/repository/io/opentracing/opentracing-noop/0.31.0/opentracing-noop-0.31.0.jar:/home/user/.m2/repository/org/apache/hadoop/hadoop-hdds-server-framework/0.5.0-SNAPSHOT/hadoop-hdds-server-framework-0.5.0-SNAPSHOT.jar:/home/user/.m2/repository/org/apache/hadoop/hadoop-hdds-container-service/0.5.0-SNAPSHOT/hadoop-hdds-container-service-0.5.0-SNAPSHOT.jar:/home/user/.m2/repository/org/apache/hadoop/hadoop-hdds-client/0.5.0-SNAPSHOT/hadoop-hdds-client-0.5.0-SNAPSHOT.jar:/home/user/.m2/repository/org/apache/hadoop/hadoop-hdds-tools/0.5.0-SNAPSHOT/hadoop-hdds-tools-0.5.0-SNAPSHOT.jar:/home/user/.m2/repository/org/apache/hadoop/hadoop-hdds-server-scm/0.5.0-SNAPSHOT/hadoop-hdds-server-scm-0.5.0-SNAPSHOT.jar:/home/user/.m2/repository/org/apache/hadoop/hadoop-hdds-docs/0.5.0-SNAPSHOT/hadoop-hdds-docs-0.5.0-SNAPSHOT.jar:/home/user/.m2/repository/io/dropwizard/metrics/metrics-core/3.2.4/metrics-core-3.2.4.jar:/home/user/.m2/repository/org/hamcrest/hamcrest-all/1.3/hamcrest-all-1.3.jar:/home/user/.m2/repository/org/bouncycastle/bcprov-jdk15on/1.60/bcprov-jdk15on-1.60.jar:/home/user/.m2/repository/info/picocli/picocli/3.9.6/picocli-3.9.6.jar:/home/user/.m2/repository/com/google/protobuf/protobuf-java/2.5.0/protobuf-java-2.5.0.jar:/home/user/.m2/repository/com/google/guava/guava/11.0.2/guava-11.0.2.jar:/home/user/.m2/repository/org/apache/hadoop/hadoop-ozone-ozone-manager/0.5.0-SNAPSHOT/hadoop-ozone-ozone-manager-0.5.0-SNAPSHOT.jar:/home/user/.m2/repository/org/apache/hadoop/hadoop-minikdc/3.2.0/hadoop-minikdc-3.2.0.jar:/home/user/.m2/repository/commons-io/commons-io/2.5/commons-io-2.5.jar:/home/user/.m2/repository/org/apache/kerby/kerb-simplekdc/1.0.1/kerb-simplekdc-1.0.1.jar:/home/user/.m2/repository/org/apache/kerby/kerb-client/1.0.1/kerb-client-1.0.1.jar:/home/user/.m2/repository/org/apache/kerby/kerby-config/1.0.1/kerby-config-1.0.1.jar:/home/user/.m2/repository/org/apache/kerby/kerb-core/1.0.1/kerb-core-1.0.1.jar:/home/user/.m2/repository/org/apache/kerby/kerby-pkix/1.0.1/kerby-pkix-1.0.1.jar:/home/user/.m2/repository/org/apache/kerby/kerby-asn1/1.0.1/kerby-asn1-1.0.1.jar:/home/user/.m2/repository/org/apache/kerby/kerby-util/1.0.1/kerby-util-1.0.1.jar:/home/user/.m2/repository/org/apache/kerby/kerb-common/1.0.1/kerb-common-1.0.1.jar:/home/user/.m2/repository/org/apache/kerby/kerb-crypto/1.0.1/kerb-crypto-1.0.1.jar:/home/user/.m2/repository/org/apache/kerby/kerb-util/1.0.1/kerb-util-1.0.1.jar:/home/user/.m2/repository/org/apache/kerby/token-provider/1.0.1/token-provider-1.0.1.jar:/home/user/.m2/repository/org/apache/kerby/kerb-admin/1.0.1/kerb-admin-1.0.1.jar:/home/user/.m2/repository/org/apache/kerby/kerb-server/1.0.1/kerb-server-1.0.1.jar:/home/user/.m2/repository/org/apache/kerby/kerb-identity/1.0.1/kerb-identity-1.0.1.jar:/home/user/.m2/repository/org/apache/kerby/kerby-xdr/1.0.1/kerby-xdr-1.0.1.jar:/home/user/.m2/repository/org/slf4j/slf4j-log4j12/1.7.25/slf4j-log4j12-1.7.25.jar:/home/user/.m2/repository/org/apache/hadoop/hadoop-ozone-s3gateway/0.5.0-SNAPSHOT/hadoop-ozone-s3gateway-0.5.0-SNAPSHOT.jar:/home/user/.m2/repository/org/jboss/weld/servlet/weld-servlet/2.4.7.Final/weld-servlet-2.4.7.Final.jar:/home/user/.m2/repository/org/glassfish/jersey/containers/jersey-container-servlet-core/2.27/jersey-container-servlet-core-2.27.jar:/home/user/.m2/repository/org/glassfish/hk2/external/javax.inject/2.5.0-b42/javax.inject-2.5.0-b42.jar:/home/user/.m2/repository/org/glassfish/jersey/core/jersey-common/2.27/jersey-common-2.27.jar:/home/user/.m2/repository/org/glassfish/hk2/osgi-resource-locator/1.0.1/osgi-resource-locator-1.0.1.jar:/home/user/.m2/repository/javax/ws/rs/javax.ws.rs-api/2.1/javax.ws.rs-api-2.1.jar:/home/user/.m2/repository/org/glassfish/jersey/ext/cdi/jersey-cdi1x/2.27/jersey-cdi1x-2.27.jar:/home/user/.m2/repository/org/glassfish/jersey/inject/jersey-hk2/2.27/jersey-hk2-2.27.jar:/home/user/.m2/repository/org/glassfish/hk2/hk2-locator/2.5.0-b42/hk2-locator-2.5.0-b42.jar:/home/user/.m2/repository/org/javassist/javassist/3.22.0-CR2/javassist-3.22.0-CR2.jar:/home/user/.m2/repository/org/glassfish/hk2/hk2-api/2.5.0/hk2-api-2.5.0.jar:/home/user/.m2/repository/org/glassfish/hk2/external/jakarta.inject/2.5.0/jakarta.inject-2.5.0.jar:/home/user/.m2/repository/org/glassfish/hk2/hk2-utils/2.5.0/hk2-utils-2.5.0.jar:/home/user/.m2/repository/jakarta/annotation/jakarta.annotation-api/1.3.4/jakarta.annotation-api-1.3.4.jar:/home/user/.m2/repository/org/glassfish/hk2/external/aopalliance-repackaged/2.5.0/aopalliance-repackaged-2.5.0.jar:/home/user/.m2/repository/com/fasterxml/jackson/dataformat/jackson-dataformat-xml/2.9.0/jackson-dataformat-xml-2.9.0.jar:/home/user/.m2/repository/com/fasterxml/jackson/core/jackson-core/2.9.9/jackson-core-2.9.9.jar:/home/user/.m2/repository/com/fasterxml/jackson/module/jackson-module-jaxb-annotations/2.9.9/jackson-module-jaxb-annotations-2.9.9.jar:/home/user/.m2/repository/javax/enterprise/cdi-api/1.2/cdi-api-1.2.jar:/home/user/.m2/repository/javax/el/javax.el-api/3.0.0/javax.el-api-3.0.0.jar:/home/user/.m2/repository/javax/interceptor/javax.interceptor-api/1.2/javax.interceptor-api-1.2.jar:/home/user/.m2/repository/javax/inject/javax.inject/1/javax.inject-1.jar:/home/user/.m2/repository/com/sun/xml/bind/jaxb-impl/2.3.0.1/jaxb-impl-2.3.0.1.jar:/home/user/.m2/repository/com/sun/xml/bind/jaxb-core/2.3.0.1/jaxb-core-2.3.0.1.jar:/home/user/.m2/repository/javax/xml/bind/jaxb-api/2.3.0/jaxb-api-2.3.0.jar:/home/user/.m2/repository/javax/activation/activation/1.1.1/activation-1.1.1.jar:/home/user/.m2/repository/org/apache/hadoop/hadoop-ozone-csi/0.5.0-SNAPSHOT/hadoop-ozone-csi-0.5.0-SNAPSHOT.jar:/home/user/.m2/repository/com/google/protobuf/protobuf-java-util/3.5.1/protobuf-java-util-3.5.1.jar:/home/user/.m2/repository/org/apache/hadoop/hadoop-hdds-config/0.5.0-SNAPSHOT/hadoop-hdds-config-0.5.0-SNAPSHOT.jar:/home/user/.m2/repository/io/grpc/grpc-netty/1.17.1/grpc-netty-1.17.1.jar:/home/user/.m2/repository/io/grpc/grpc-core/1.17.1/grpc-core-1.17.1.jar:/home/user/.m2/repository/io/grpc/grpc-context/1.17.1/grpc-context-1.17.1.jar:/home/user/.m2/repository/com/google/errorprone/error_prone_annotations/2.2.0/error_prone_annotations-2.2.0.jar:/home/user/.m2/repository/org/codehaus/mojo/animal-sniffer-annotations/1.17/animal-sniffer-annotations-1.17.jar:/home/user/.m2/repository/io/opencensus/opencensus-api/0.17.0/opencensus-api-0.17.0.jar:/home/user/.m2/repository/io/opencensus/opencensus-contrib-grpc-metrics/0.17.0/opencensus-contrib-grpc-metrics-0.17.0.jar:/home/user/.m2/repository/io/netty/netty-codec-http2/4.1.30.Final/netty-codec-http2-4.1.30.Final.jar:/home/user/.m2/repository/io/netty/netty-codec-http/4.1.30.Final/netty-codec-http-4.1.30.Final.jar:/home/user/.m2/repository/io/netty/netty-codec/4.1.30.Final/netty-codec-4.1.30.Final.jar:/home/user/.m2/repository/io/netty/netty-handler/4.1.30.Final/netty-handler-4.1.30.Final.jar:/home/user/.m2/repository/io/netty/netty-handler-proxy/4.1.30.Final/netty-handler-proxy-4.1.30.Final.jar:/home/user/.m2/repository/io/netty/netty-codec-socks/4.1.30.Final/netty-codec-socks-4.1.30.Final.jar:/home/user/.m2/repository/io/netty/netty-transport-native-epoll/4.1.30.Final/netty-transport-native-epoll-4.1.30.Final.jar:/home/user/.m2/repository/io/netty/netty-common/4.1.30.Final/netty-common-4.1.30.Final.jar:/home/user/.m2/repository/io/netty/netty-buffer/4.1.30.Final/netty-buffer-4.1.30.Final.jar:/home/user/.m2/repository/io/netty/netty-transport/4.1.30.Final/netty-transport-4.1.30.Final.jar:/home/user/.m2/repository/io/netty/netty-resolver/4.1.30.Final/netty-resolver-4.1.30.Final.jar:/home/user/.m2/repository/io/netty/netty-transport-native-unix-common/4.1.30.Final/netty-transport-native-unix-common-4.1.30.Final.jar:/home/user/.m2/repository/io/grpc/grpc-protobuf/1.17.1/grpc-protobuf-1.17.1.jar:/home/user/.m2/repository/com/google/api/grpc/proto-google-common-protos/1.0.0/proto-google-common-protos-1.0.0.jar:/home/user/.m2/repository/io/grpc/grpc-protobuf-lite/1.17.1/grpc-protobuf-lite-1.17.1.jar:/home/user/.m2/repository/io/grpc/grpc-stub/1.17.1/grpc-stub-1.17.1.jar:/home/user/.m2/repository/org/apache/hadoop/hadoop-ozone-recon/0.5.0-SNAPSHOT/hadoop-ozone-recon-0.5.0-SNAPSHOT.jar:/home/user/.m2/repository/org/apache/hadoop/hadoop-ozone-reconcodegen/0.5.0-SNAPSHOT/hadoop-ozone-reconcodegen-0.5.0-SNAPSHOT.jar:/home/user/.m2/repository/com/google/inject/extensions/guice-multibindings/4.0/guice-multibindings-4.0.jar:/home/user/.m2/repository/com/google/inject/guice/4.0/guice-4.0.jar:/home/user/.m2/repository/aopalliance/aopalliance/1.0/aopalliance-1.0.jar:/home/user/.m2/repository/com/google/inject/extensions/guice-servlet/4.0/guice-servlet-4.0.jar:/home/user/.m2/repository/org/glassfish/jersey/containers/jersey-container-servlet/2.27/jersey-container-servlet-2.27.jar:/home/user/.m2/repository/org/glassfish/hk2/guice-bridge/2.5.0/guice-bridge-2.5.0.jar:/home/user/.m2/repository/org/glassfish/jersey/core/jersey-server/2.27/jersey-server-2.27.jar:/home/user/.m2/repository/org/glassfish/jersey/core/jersey-client/2.27/jersey-client-2.27.jar:/home/user/.m2/repository/org/glassfish/jersey/media/jersey-media-jaxb/2.27/jersey-media-jaxb-2.27.jar:/home/user/.m2/repository/javax/validation/validation-api/1.1.0.Final/validation-api-1.1.0.Final.jar:/home/user/.m2/repository/org/glassfish/jersey/media/jersey-media-json-jackson/2.27/jersey-media-json-jackson-2.27.jar:/home/user/.m2/repository/org/glassfish/jersey/ext/jersey-entity-filtering/2.27/jersey-entity-filtering-2.27.jar:/home/user/.m2/repository/com/google/inject/extensions/guice-assistedinject/4.0/guice-assistedinject-4.0.jar:/home/user/.m2/repository/org/jooq/jooq/3.11.10/jooq-3.11.10.jar:/home/user/.m2/repository/org/jooq/jooq-meta/3.11.10/jooq-meta-3.11.10.jar:/home/user/.m2/repository/org/jooq/jooq-codegen/3.11.10/jooq-codegen-3.11.10.jar:/home/user/.m2/repository/com/jolbox/bonecp/0.8.0.RELEASE/bonecp-0.8.0.RELEASE.jar:/home/user/.m2/repository/org/xerial/sqlite-jdbc/3.25.2/sqlite-jdbc-3.25.2.jar:/home/user/.m2/repository/org/springframework/spring-jdbc/5.1.3.RELEASE/spring-jdbc-5.1.3.RELEASE.jar:/home/user/.m2/repository/org/springframework/spring-beans/5.1.3.RELEASE/spring-beans-5.1.3.RELEASE.jar:/home/user/.m2/repository/org/springframework/spring-core/5.1.3.RELEASE/spring-core-5.1.3.RELEASE.jar:/home/user/.m2/repository/org/springframework/spring-jcl/5.1.3.RELEASE/spring-jcl-5.1.3.RELEASE.jar:/home/user/.m2/repository/org/springframework/spring-tx/5.1.3.RELEASE/spring-tx-5.1.3.RELEASE.jar:/home/user/.m2/repository/org/apache/hadoop/hadoop-ozone-client/0.5.0-SNAPSHOT/hadoop-ozone-client-0.5.0-SNAPSHOT.jar:/home/user/.m2/repository/commons-lang/commons-lang/2.6/commons-lang-2.6.jar:/home/user/.m2/repository/org/apache/hadoop/hadoop-ozone-ozone-manager/0.5.0-SNAPSHOT/hadoop-ozone-ozone-manager-0.5.0-SNAPSHOT-tests.jar:/home/user/.m2/repository/junit/junit/4.11/junit-4.11.jar:/home/user/.m2/repository/org/hamcrest/hamcrest-core/1.3/hamcrest-core-1.3.jar:/home/user/.m2/repository/org/openjdk/jmh/jmh-core/1.19/jmh-core-1.19.jar:/home/user/.m2/repository/net/sf/jopt-simple/jopt-simple/4.6/jopt-simple-4.6.jar:/home/user/.m2/repository/org/apache/commons/commons-math3/3.1.1/commons-math3-3.1.1.jar:/home/user/.m2/repository/org/openjdk/jmh/jmh-generator-annprocess/1.19/jmh-generator-annprocess-1.19.jar:/home/user/.m2/repository/org/mockito/mockito-all/1.8.5/mockito-all-1.8.5.jar:/home/user/.m2/repository/org/apache/hadoop/hadoop-kms/3.2.0/hadoop-kms-3.2.0.jar:/home/user/.m2/repository/org/apache/hadoop/hadoop-auth/3.2.0/hadoop-auth-3.2.0.jar:/home/user/.m2/repository/com/nimbusds/nimbus-jose-jwt/4.41.1/nimbus-jose-jwt-4.41.1.jar:/home/user/.m2/repository/com/github/stephenc/jcip/jcip-annotations/1.0-1/jcip-annotations-1.0-1.jar:/home/user/.m2/repository/net/minidev/json-smart/2.3/json-smart-2.3.jar:/home/user/.m2/repository/net/minidev/accessors-smart/1.2/accessors-smart-1.2.jar:/home/user/.m2/repository/org/ow2/asm/asm/5.0.4/asm-5.0.4.jar:/home/user/.m2/repository/org/apache/curator/curator-framework/2.12.0/curator-framework-2.12.0.jar:/home/user/.m2/repository/com/sun/jersey/jersey-core/1.19/jersey-core-1.19.jar:/home/user/.m2/repository/javax/ws/rs/jsr311-api/1.1.1/jsr311-api-1.1.1.jar:/home/user/.m2/repository/com/sun/jersey/jersey-server/1.19/jersey-server-1.19.jar:/home/user/.m2/repository/javax/servlet/javax.servlet-api/3.1.0/javax.servlet-api-3.1.0.jar:/home/user/.m2/repository/org/eclipse/jetty/jetty-server/9.3.24.v20180605/jetty-server-9.3.24.v20180605.jar:/home/user/.m2/repository/org/eclipse/jetty/jetty-http/9.3.24.v20180605/jetty-http-9.3.24.v20180605.jar:/home/user/.m2/repository/org/eclipse/jetty/jetty-io/9.3.24.v20180605/jetty-io-9.3.24.v20180605.jar:/home/user/.m2/repository/org/eclipse/jetty/jetty-webapp/9.3.24.v20180605/jetty-webapp-9.3.24.v20180605.jar:/home/user/.m2/repository/org/eclipse/jetty/jetty-xml/9.3.24.v20180605/jetty-xml-9.3.24.v20180605.jar:/home/user/.m2/repository/log4j/log4j/1.2.17/log4j-1.2.17.jar:/home/user/.m2/repository/org/slf4j/slf4j-api/1.7.25/slf4j-api-1.7.25.jar:/home/user/.m2/repository/org/slf4j/jul-to-slf4j/1.7.25/jul-to-slf4j-1.7.25.jar:/home/user/.m2/repository/org/eclipse/jetty/jetty-util/9.3.24.v20180605/jetty-util-9.3.24.v20180605.jar:/home/user/.m2/repository/com/fasterxml/jackson/core/jackson-databind/2.9.9/jackson-databind-2.9.9.jar:/home/user/.m2/repository/org/apache/hadoop/hadoop-kms/3.2.0/hadoop-kms-3.2.0-tests.jar:/home/user/.m2/repository/org/apache/hadoop/hadoop-hdds-server-scm/0.5.0-SNAPSHOT/hadoop-hdds-server-scm-0.5.0-SNAPSHOT-tests.jar:/home/user/.m2/repository/org/apache/hadoop/hadoop-hdds-container-service/0.5.0-SNAPSHOT/hadoop-hdds-container-service-0.5.0-SNAPSHOT-tests.jar:/home/user/.m2/repository/org/yaml/snakeyaml/1.16/snakeyaml-1.16.jar:/home/user/.m2/repository/org/apache/hadoop/hadoop-common/3.2.0/hadoop-common-3.2.0-tests.jar:/home/user/.m2/repository/org/apache/hadoop/hadoop-annotations/3.2.0/hadoop-annotations-3.2.0.jar:/usr/lib/jvm/java-1.8-openjdk/jre/../lib/tools.jar:/home/user/.m2/repository/commons-cli/commons-cli/1.2/commons-cli-1.2.jar:/home/user/.m2/repository/org/apache/httpcomponents/httpclient/4.5.2/httpclient-4.5.2.jar:/home/user/.m2/repository/org/apache/httpcomponents/httpcore/4.4.4/httpcore-4.4.4.jar:/home/user/.m2/repository/commons-codec/commons-codec/1.11/commons-codec-1.11.jar:/home/user/.m2/repository/commons-net/commons-net/3.6/commons-net-3.6.jar:/home/user/.m2/repository/commons-collections/commons-collections/3.2.2/commons-collections-3.2.2.jar:/home/user/.m2/repository/org/eclipse/jetty/jetty-servlet/9.3.24.v20180605/jetty-servlet-9.3.24.v20180605.jar:/home/user/.m2/repository/org/eclipse/jetty/jetty-security/9.3.24.v20180605/jetty-security-9.3.24.v20180605.jar:/home/user/.m2/repository/javax/servlet/jsp/jsp-api/2.1/jsp-api-2.1.jar:/home/user/.m2/repository/com/sun/jersey/jersey-servlet/1.19/jersey-servlet-1.19.jar:/home/user/.m2/repository/com/sun/jersey/jersey-json/1.19/jersey-json-1.19.jar:/home/user/.m2/repository/org/codehaus/jettison/jettison/1.1/jettison-1.1.jar:/home/user/.m2/repository/org/codehaus/jackson/jackson-core-asl/1.9.13/jackson-core-asl-1.9.13.jar:/home/user/.m2/repository/org/codehaus/jackson/jackson-mapper-asl/1.9.13/jackson-mapper-asl-1.9.13.jar:/home/user/.m2/repository/org/codehaus/jackson/jackson-jaxrs/1.9.13/jackson-jaxrs-1.9.13.jar:/home/user/.m2/repository/org/codehaus/jackson/jackson-xc/1.9.13/jackson-xc-1.9.13.jar:/home/user/.m2/repository/commons-logging/commons-logging/1.1.3/commons-logging-1.1.3.jar:/home/user/.m2/repository/commons-beanutils/commons-beanutils/1.9.4/commons-beanutils-1.9.4.jar:/home/user/.m2/repository/org/apache/commons/commons-configuration2/2.1.1/commons-configuration2-2.1.1.jar:/home/user/.m2/repository/org/apache/commons/commons-lang3/3.7/commons-lang3-3.7.jar:/home/user/.m2/repository/org/apache/commons/commons-text/1.4/commons-text-1.4.jar:/home/user/.m2/repository/org/apache/avro/avro/1.7.7/avro-1.7.7.jar:/home/user/.m2/repository/com/thoughtworks/paranamer/paranamer/2.3/paranamer-2.3.jar:/home/user/.m2/repository/org/xerial/snappy/snappy-java/1.0.5/snappy-java-1.0.5.jar:/home/user/.m2/repository/com/google/re2j/re2j/1.1/re2j-1.1.jar:/home/user/.m2/repository/com/google/code/gson/gson/2.2.4/gson-2.2.4.jar:/home/user/.m2/repository/com/jcraft/jsch/0.1.54/jsch-0.1.54.jar:/home/user/.m2/repository/org/apache/curator/curator-client/2.12.0/curator-client-2.12.0.jar:/home/user/.m2/repository/org/apache/curator/curator-recipes/2.12.0/curator-recipes-2.12.0.jar:/home/user/.m2/repository/com/google/code/findbugs/jsr305/3.0.0/jsr305-3.0.0.jar:/home/user/.m2/repository/org/apache/htrace/htrace-core4/4.1.0-incubating/htrace-core4-4.1.0-incubating.jar:/home/user/.m2/repository/org/apache/zookeeper/zookeeper/3.4.13/zookeeper-3.4.13.jar:/home/user/.m2/repository/org/apache/yetus/audience-annotations/0.5.0/audience-annotations-0.5.0.jar:/home/user/.m2/repository/org/codehaus/woodstox/stax2-api/3.1.4/stax2-api-3.1.4.jar:/home/user/.m2/repository/com/fasterxml/woodstox/woodstox-core/5.0.3/woodstox-core-5.0.3.jar:/home/user/.m2/repository/dnsjava/dnsjava/2.1.7/dnsjava-2.1.7.jar:/home/user/.m2/repository/org/apache/hadoop/hadoop-hdfs/3.2.0/hadoop-hdfs-3.2.0-tests.jar:/home/user/.m2/repository/org/eclipse/jetty/jetty-util-ajax/9.3.24.v20180605/jetty-util-ajax-9.3.24.v20180605.jar:/home/user/.m2/repository/commons-daemon/commons-daemon/1.0.13/commons-daemon-1.0.13.jar:/home/user/.m2/repository/io/netty/netty/3.10.5.Final/netty-3.10.5.Final.jar:/home/user/.m2/repository/io/netty/netty-all/4.0.52.Final/netty-all-4.0.52.Final.jar:/home/user/.m2/repository/org/fusesource/leveldbjni/leveldbjni-all/1.8/leveldbjni-all-1.8.jar:"/>
    <property name="sun.cpu.endian" value="little"/>
    <property name="user.home" value="/home/user"/>
    <property name="user.language" value="en"/>
    <property name="java.specification.vendor" value="Oracle Corporation"/>
    <property name="java.home" value="/usr/lib/jvm/java-1.8-openjdk/jre"/>
    <property name="java.security.krb5.conf" value="/workdir/hadoop-ozone/integration-test/target/test-classes/krb5.conf"/>
    <property name="basedir" value="/workdir/hadoop-ozone/integration-test"/>
    <property name="file.separator" value="/"/>
    <property name="line.separator" value="&#10;"/>
    <property name="java.vm.specification.vendor" value="Oracle Corporation"/>
    <property name="java.specification.name" value="Java Platform API Specification"/>
    <property name="java.awt.graphicsenv" value="sun.awt.X11GraphicsEnvironment"/>
    <property name="surefire.real.class.path" value="/workdir/hadoop-ozone/integration-test/target/surefire/surefirebooter8085636524620156756.jar"/>
    <property name="hadoop.log.dir" value="/workdir/hadoop-ozone/integration-test/target/log"/>
    <property name="sun.boot.class.path" value="/usr/lib/jvm/java-1.8-openjdk/jre/lib/resources.jar:/usr/lib/jvm/java-1.8-openjdk/jre/lib/rt.jar:/usr/lib/jvm/java-1.8-openjdk/jre/lib/sunrsasign.jar:/usr/lib/jvm/java-1.8-openjdk/jre/lib/jsse.jar:/usr/lib/jvm/java-1.8-openjdk/jre/lib/jce.jar:/usr/lib/jvm/java-1.8-openjdk/jre/lib/charsets.jar:/usr/lib/jvm/java-1.8-openjdk/jre/lib/jfr.jar:/usr/lib/jvm/java-1.8-openjdk/jre/classes"/>
    <property name="sun.management.compiler" value="HotSpot 64-Bit Tiered Compilers"/>
    <property name="java.runtime.version" value="1.8.0_212-b04"/>
    <property name="java.net.preferIPv4Stack" value="true"/>
    <property name="user.name" value="jenkins1000"/>
    <property name="path.separator" value=":"/>
    <property name="java.security.egd" value="file:///dev/urandom"/>
    <property name="os.version" value="3.10.0-957.12.2.el7.x86_64"/>
    <property name="java.endorsed.dirs" value="/usr/lib/jvm/java-1.8-openjdk/jre/lib/endorsed"/>
    <property name="java.runtime.name" value="OpenJDK Runtime Environment"/>
    <property name="file.encoding" value="UTF-8"/>
    <property name="java.vm.name" value="OpenJDK 64-Bit Server VM"/>
    <property name="test.build.webapps" value=""/>
    <property name="localRepository" value="/home/user/.m2/repository"/>
    <property name="java.vendor.url.bug" value="https://icedtea.classpath.org/bugzilla"/>
    <property name="java.io.tmpdir" value="/tmp"/>
    <property name="require.test.libhadoop" value=""/>
    <property name="java.version" value="1.8.0_212"/>
    <property name="user.dir" value="/workdir/hadoop-ozone/integration-test"/>
    <property name="os.arch" value="amd64"/>
    <property name="java.vm.specification.name" value="Java Virtual Machine Specification"/>
    <property name="test.build.classes" value="/workdir/hadoop-ozone/integration-test/target/test-classes"/>
    <property name="java.awt.printerjob" value="sun.print.PSPrinterJob"/>
    <property name="sun.os.patch.level" value="unknown"/>
    <property name="hadoop.tmp.dir" value="/workdir/hadoop-ozone/integration-test/target/tmp"/>
    <property name="java.library.path" value="/usr/lib/jvm/java-1.8-openjdk/jre/lib/amd64/server:/usr/lib/jvm/java-1.8-openjdk/jre/lib/amd64:/usr/lib/jvm/java-1.8-openjdk/jre/../lib/amd64:/workdir/hadoop-ozone/integration-test/target/native/target/usr/local/lib:/workdir/hadoop-ozone/integration-test/../../hadoop-common-project/hadoop-common/target/native/target/usr/local/lib:/usr/java/packages/lib/amd64:/usr/lib64:/lib64:/lib:/usr/lib"/>
    <property name="java.vm.info" value="mixed mode"/>
    <property name="java.vendor" value="IcedTea"/>
    <property name="java.vm.version" value="25.212-b04"/>
    <property name="java.ext.dirs" value="/usr/lib/jvm/java-1.8-openjdk/jre/lib/ext:/usr/java/packages/lib/ext"/>
    <property name="sun.io.unicode.encoding" value="UnicodeLittle"/>
    <property name="java.class.version" value="52.0"/>
  </properties>
  <testcase name="testWatchForCommitWithKeyWrite" classname="org.apache.hadoop.ozone.client.rpc.TestWatchForCommit" time="74.737"/>
  <testcase name="testWatchForCommitWithSmallerTimeoutValue" classname="org.apache.hadoop.ozone.client.rpc.TestWatchForCommit" time="42.744"/>
  <testcase name="testWatchForCommitForRetryfailure" classname="org.apache.hadoop.ozone.client.rpc.TestWatchForCommit" time="72.2"/>
  <testcase name="testWatchForCommitForGroupMismatchException" classname="org.apache.hadoop.ozone.client.rpc.TestWatchForCommit" time="32.217"/>
  <testcase name="test2WayCommitForTimeoutException" classname="org.apache.hadoop.ozone.client.rpc.TestWatchForCommit" time="25.114">
    <error message="org.apache.ratis.protocol.RaftRetryFailureException: Failed RaftClientRequest:client-6A0686CED3F5-&gt;c8b59faf-a124-4506-94d3-f2011aefc751@group-36114D9969DD, cid=102, seq=1*, RW, org.apache.hadoop.hdds.scm.XceiverClientRatis$$Lambda$489/2093613480@d507cc9 for 20 attempts with RetryLimited(maxAttempts=20, sleepTime=1000ms)" type="java.util.concurrent.ExecutionException">java.util.concurrent.ExecutionException: org.apache.ratis.protocol.RaftRetryFailureException: Failed RaftClientRequest:client-6A0686CED3F5->c8b59faf-a124-4506-94d3-f2011aefc751@group-36114D9969DD, cid=102, seq=1*, RW, org.apache.hadoop.hdds.scm.XceiverClientRatis$$Lambda$489/2093613480@d507cc9 for 20 attempts with RetryLimited(maxAttempts=20, sleepTime=1000ms)
	at java.util.concurrent.CompletableFuture.reportGet(CompletableFuture.java:357)
	at java.util.concurrent.CompletableFuture.get(CompletableFuture.java:1895)
	at org.apache.hadoop.ozone.client.rpc.TestWatchForCommit.test2WayCommitForTimeoutException(TestWatchForCommit.java:384)
	at sun.reflect.NativeMethodAccessorImpl.invoke0(Native Method)
	at sun.reflect.NativeMethodAccessorImpl.invoke(NativeMethodAccessorImpl.java:62)
	at sun.reflect.DelegatingMethodAccessorImpl.invoke(DelegatingMethodAccessorImpl.java:43)
	at java.lang.reflect.Method.invoke(Method.java:498)
	at org.junit.runners.model.FrameworkMethod$1.runReflectiveCall(FrameworkMethod.java:47)
	at org.junit.internal.runners.model.ReflectiveCallable.run(ReflectiveCallable.java:12)
	at org.junit.runners.model.FrameworkMethod.invokeExplosively(FrameworkMethod.java:44)
	at org.junit.internal.runners.statements.InvokeMethod.evaluate(InvokeMethod.java:17)
	at org.junit.runners.ParentRunner.runLeaf(ParentRunner.java:271)
	at org.junit.runners.BlockJUnit4ClassRunner.runChild(BlockJUnit4ClassRunner.java:70)
	at org.junit.runners.BlockJUnit4ClassRunner.runChild(BlockJUnit4ClassRunner.java:50)
	at org.junit.runners.ParentRunner$3.run(ParentRunner.java:238)
	at org.junit.runners.ParentRunner$1.schedule(ParentRunner.java:63)
	at org.junit.runners.ParentRunner.runChildren(ParentRunner.java:236)
	at org.junit.runners.ParentRunner.access$000(ParentRunner.java:53)
	at org.junit.runners.ParentRunner$2.evaluate(ParentRunner.java:229)
	at org.junit.runners.ParentRunner.run(ParentRunner.java:309)
	at org.apache.maven.surefire.junit4.JUnit4Provider.execute(JUnit4Provider.java:365)
	at org.apache.maven.surefire.junit4.JUnit4Provider.executeWithRerun(JUnit4Provider.java:273)
	at org.apache.maven.surefire.junit4.JUnit4Provider.executeTestSet(JUnit4Provider.java:238)
	at org.apache.maven.surefire.junit4.JUnit4Provider.invoke(JUnit4Provider.java:159)
	at org.apache.maven.surefire.booter.ForkedBooter.invokeProviderInSameClassLoader(ForkedBooter.java:384)
	at org.apache.maven.surefire.booter.ForkedBooter.runSuitesInProcess(ForkedBooter.java:345)
	at org.apache.maven.surefire.booter.ForkedBooter.execute(ForkedBooter.java:126)
	at org.apache.maven.surefire.booter.ForkedBooter.main(ForkedBooter.java:418)
Caused by: org.apache.ratis.protocol.RaftRetryFailureException: Failed RaftClientRequest:client-6A0686CED3F5->c8b59faf-a124-4506-94d3-f2011aefc751@group-36114D9969DD, cid=102, seq=1*, RW, org.apache.hadoop.hdds.scm.XceiverClientRatis$$Lambda$489/2093613480@d507cc9 for 20 attempts with RetryLimited(maxAttempts=20, sleepTime=1000ms)
	at org.apache.ratis.client.impl.RaftClientImpl.noMoreRetries(RaftClientImpl.java:271)
	at org.apache.ratis.client.impl.OrderedAsync.handleAsyncRetryFailure(OrderedAsync.java:138)
	at org.apache.ratis.client.impl.OrderedAsync.lambda$sendRequest$10(OrderedAsync.java:230)
	at java.util.concurrent.CompletableFuture.uniExceptionally(CompletableFuture.java:870)
	at java.util.concurrent.CompletableFuture$UniExceptionally.tryFire(CompletableFuture.java:852)
	at java.util.concurrent.CompletableFuture.postComplete(CompletableFuture.java:474)
	at java.util.concurrent.CompletableFuture.completeExceptionally(CompletableFuture.java:1977)
	at org.apache.ratis.grpc.client.GrpcClientProtocolClient$AsyncStreamObservers.completeReplyExceptionally(GrpcClientProtocolClient.java:339)
	at org.apache.ratis.grpc.client.GrpcClientProtocolClient$AsyncStreamObservers.access$000(GrpcClientProtocolClient.java:255)
	at org.apache.ratis.grpc.client.GrpcClientProtocolClient$AsyncStreamObservers$1.onNext(GrpcClientProtocolClient.java:267)
	at org.apache.ratis.grpc.client.GrpcClientProtocolClient$AsyncStreamObservers$1.onNext(GrpcClientProtocolClient.java:258)
	at org.apache.ratis.thirdparty.io.grpc.stub.ClientCalls$StreamObserverToCallListenerAdapter.onMessage(ClientCalls.java:421)
	at org.apache.ratis.thirdparty.io.grpc.ForwardingClientCallListener.onMessage(ForwardingClientCallListener.java:33)
	at org.apache.ratis.thirdparty.io.grpc.ForwardingClientCallListener.onMessage(ForwardingClientCallListener.java:33)
	at org.apache.ratis.thirdparty.io.grpc.internal.ClientCallImpl$ClientStreamListenerImpl$1MessagesAvailable.runInContext(ClientCallImpl.java:519)
	at org.apache.ratis.thirdparty.io.grpc.internal.ContextRunnable.run(ContextRunnable.java:37)
	at org.apache.ratis.thirdparty.io.grpc.internal.SerializingExecutor.run(SerializingExecutor.java:123)
	at java.util.concurrent.ThreadPoolExecutor.runWorker(ThreadPoolExecutor.java:1149)
	at java.util.concurrent.ThreadPoolExecutor$Worker.run(ThreadPoolExecutor.java:624)
	at java.lang.Thread.run(Thread.java:748)
Caused by: org.apache.ratis.protocol.NotLeaderException: Server c8b59faf-a124-4506-94d3-f2011aefc751@group-36114D9969DD is not the leader
	at org.apache.ratis.client.impl.ClientProtoUtils.toRaftClientReply(ClientProtoUtils.java:243)
	at org.apache.ratis.grpc.client.GrpcClientProtocolClient$AsyncStreamObservers$1.onNext(GrpcClientProtocolClient.java:263)
	... 10 more
</error>
    <system-out><![CDATA[2019-09-23 18:37:59,536 [main] WARN  server.ServerUtils (ServerUtils.java:getScmDbDir(145)) - ozone.scm.db.dirs is not configured. We recommend adding this setting. Falling back to ozone.metadata.dirs instead.
2019-09-23 18:37:59,551 [main] WARN  server.ServerUtils (ServerUtils.java:getScmDbDir(145)) - ozone.scm.db.dirs is not configured. We recommend adding this setting. Falling back to ozone.metadata.dirs instead.
2019-09-23 18:37:59,551 [main] WARN  server.ServerUtils (ServerUtils.java:getScmDbDir(145)) - ozone.scm.db.dirs is not configured. We recommend adding this setting. Falling back to ozone.metadata.dirs instead.
2019-09-23 18:37:59,551 [main] INFO  db.DBStoreBuilder (DBStoreBuilder.java:addTable(110)) - using custom profile for table: deletedBlocks
2019-09-23 18:37:59,552 [main] INFO  db.DBStoreBuilder (DBStoreBuilder.java:processTables(161)) - Using default column profile:DBProfile.DISK for Table:deletedBlocks
2019-09-23 18:37:59,552 [main] INFO  db.DBStoreBuilder (DBStoreBuilder.java:addTable(110)) - using custom profile for table: validCerts
2019-09-23 18:37:59,552 [main] INFO  db.DBStoreBuilder (DBStoreBuilder.java:processTables(161)) - Using default column profile:DBProfile.DISK for Table:validCerts
2019-09-23 18:37:59,552 [main] INFO  db.DBStoreBuilder (DBStoreBuilder.java:addTable(110)) - using custom profile for table: revokedCerts
2019-09-23 18:37:59,552 [main] INFO  db.DBStoreBuilder (DBStoreBuilder.java:processTables(161)) - Using default column profile:DBProfile.DISK for Table:revokedCerts
2019-09-23 18:37:59,552 [main] INFO  db.DBStoreBuilder (DBStoreBuilder.java:addTable(110)) - using custom profile for table: default
2019-09-23 18:37:59,553 [main] INFO  db.DBStoreBuilder (DBStoreBuilder.java:processTables(167)) - Using default column profile:DBProfile.DISK for Table:default
2019-09-23 18:37:59,553 [main] INFO  db.DBStoreBuilder (DBStoreBuilder.java:getDbProfile(198)) - Using default options. DBProfile.DISK
2019-09-23 18:37:59,693 [main] INFO  net.NodeSchemaLoader (NodeSchemaLoader.java:loadSchemaFromFile(125)) - Loading file from sun.misc.CompoundEnumeration@805e72e
2019-09-23 18:37:59,694 [main] INFO  net.NodeSchemaLoader (NodeSchemaLoader.java:loadSchema(171)) - Loading network topology layer schema file
2019-09-23 18:37:59,699 [main] WARN  server.ServerUtils (ServerUtils.java:sanitizeUserArgs(70)) - ozone.scm.stale.node.interval value = 300000 is larger than max = 100000 based on the key value of ozone.scm.heartbeat.thread.interval, reset to the max value 100000.
2019-09-23 18:37:59,700 [main] WARN  server.ServerUtils (ServerUtils.java:sanitizeUserArgs(70)) - ozone.scm.stale.node.interval value = 300000 is larger than max = 100000 based on the key value of ozone.scm.heartbeat.thread.interval, reset to the max value 100000.
2019-09-23 18:37:59,700 [main] INFO  node.SCMNodeManager (SCMNodeManager.java:<init>(114)) - Entering startup safe mode.
2019-09-23 18:37:59,701 [main] INFO  algorithms.ContainerPlacementPolicyFactory (ContainerPlacementPolicyFactory.java:getPolicy(57)) - Create container placement policy of type org.apache.hadoop.hdds.scm.container.placement.algorithms.SCMContainerPlacementRandom
2019-09-23 18:37:59,701 [main] WARN  server.ServerUtils (ServerUtils.java:getScmDbDir(145)) - ozone.scm.db.dirs is not configured. We recommend adding this setting. Falling back to ozone.metadata.dirs instead.
2019-09-23 18:37:59,724 [main] INFO  pipeline.SCMPipelineManager (SCMPipelineManager.java:initializePipelineState(132)) - No pipeline exists in current db
2019-09-23 18:37:59,724 [main] WARN  server.ServerUtils (ServerUtils.java:getScmDbDir(145)) - ozone.scm.db.dirs is not configured. We recommend adding this setting. Falling back to ozone.metadata.dirs instead.
2019-09-23 18:37:59,749 [main] WARN  events.EventQueue (EventQueue.java:fireEvent(183)) - No event handler registered for event TypedEvent{payloadType=SafeModeStatus, name='SafeModeStatus'}
2019-09-23 18:37:59,750 [main] INFO  ipc.CallQueueManager (CallQueueManager.java:<init>(84)) - Using callQueue: class java.util.concurrent.LinkedBlockingQueue, queueCapacity: 2000, scheduler: class org.apache.hadoop.ipc.DefaultRpcScheduler, ipcBackoff: false.
2019-09-23 18:37:59,751 [Socket Reader #1 for port 36306] INFO  ipc.Server (Server.java:run(1074)) - Starting Socket Reader #1 for port 36306
2019-09-23 18:37:59,753 [main] INFO  ipc.CallQueueManager (CallQueueManager.java:<init>(84)) - Using callQueue: class java.util.concurrent.LinkedBlockingQueue, queueCapacity: 2000, scheduler: class org.apache.hadoop.ipc.DefaultRpcScheduler, ipcBackoff: false.
2019-09-23 18:37:59,754 [Socket Reader #1 for port 37603] INFO  ipc.Server (Server.java:run(1074)) - Starting Socket Reader #1 for port 37603
2019-09-23 18:37:59,755 [main] INFO  ipc.CallQueueManager (CallQueueManager.java:<init>(84)) - Using callQueue: class java.util.concurrent.LinkedBlockingQueue, queueCapacity: 2000, scheduler: class org.apache.hadoop.ipc.DefaultRpcScheduler, ipcBackoff: false.
2019-09-23 18:37:59,756 [Socket Reader #1 for port 36324] INFO  ipc.Server (Server.java:run(1074)) - Starting Socket Reader #1 for port 36324
2019-09-23 18:37:59,759 [main] INFO  hdfs.DFSUtil (DFSUtil.java:httpServerTemplateForNNAndJN(1641)) - Starting Web-server for scm at: http://0.0.0.0:0
2019-09-23 18:37:59,762 [main] INFO  server.AuthenticationFilter (AuthenticationFilter.java:constructSecretProvider(240)) - Unable to initialize FileSignerSecretProvider, falling back to use random secrets.
2019-09-23 18:37:59,763 [main] WARN  http.HttpRequestLog (HttpRequestLog.java:getRequestLog(97)) - Jetty request log can only be enabled using Log4j
2019-09-23 18:37:59,765 [main] INFO  http.HttpServer2 (HttpServer2.java:addGlobalFilter(975)) - Added global filter 'safety' (class=org.apache.hadoop.http.HttpServer2$QuotingInputFilter)
2019-09-23 18:37:59,766 [main] INFO  http.HttpServer2 (HttpServer2.java:addFilter(948)) - Added filter static_user_filter (class=org.apache.hadoop.http.lib.StaticUserWebFilter$StaticUserFilter) to context scm
2019-09-23 18:37:59,766 [main] INFO  http.HttpServer2 (HttpServer2.java:addFilter(958)) - Added filter static_user_filter (class=org.apache.hadoop.http.lib.StaticUserWebFilter$StaticUserFilter) to context logs
2019-09-23 18:37:59,766 [main] INFO  http.HttpServer2 (HttpServer2.java:addFilter(958)) - Added filter static_user_filter (class=org.apache.hadoop.http.lib.StaticUserWebFilter$StaticUserFilter) to context static
2019-09-23 18:37:59,769 [main] INFO  server.StorageContainerManager (StorageContainerManager.java:start(770)) - StorageContainerLocationProtocol RPC server is listening at /0.0.0.0:36324
2019-09-23 18:37:59,771 [main] WARN  impl.MetricsConfig (MetricsConfig.java:loadFirst(134)) - Cannot locate configuration: tried hadoop-metrics2-storagecontainermanager.properties,hadoop-metrics2.properties
2019-09-23 18:37:59,772 [main] INFO  impl.MetricsSystemImpl (MetricsSystemImpl.java:startTimer(374)) - Scheduled Metric snapshot period at 10 second(s).
2019-09-23 18:37:59,772 [main] INFO  impl.MetricsSystemImpl (MetricsSystemImpl.java:start(191)) - StorageContainerManager metrics system started
2019-09-23 18:37:59,835 [main] WARN  impl.MetricsSystemImpl (MetricsSystemImpl.java:register(276)) - Sink prometheus already exists!
2019-09-23 18:37:59,908 [main] INFO  server.SCMClientProtocolServer (SCMClientProtocolServer.java:start(151)) - RPC server for Client  is listening at /0.0.0.0:36324
2019-09-23 18:37:59,908 [IPC Server Responder] INFO  ipc.Server (Server.java:run(1314)) - IPC Server Responder: starting
2019-09-23 18:37:59,909 [IPC Server listener on 36324] INFO  ipc.Server (Server.java:run(1153)) - IPC Server listener on 36324: starting
2019-09-23 18:37:59,912 [main] INFO  server.StorageContainerManager (StorageContainerManager.java:start(780)) - ScmBlockLocationProtocol RPC server is listening at /0.0.0.0:37603
2019-09-23 18:37:59,913 [main] INFO  server.SCMBlockProtocolServer (SCMBlockProtocolServer.java:start(146)) - RPC server for Block Protocol is listening at /0.0.0.0:37603
2019-09-23 18:37:59,913 [IPC Server listener on 37603] INFO  ipc.Server (Server.java:run(1153)) - IPC Server listener on 37603: starting
2019-09-23 18:37:59,913 [IPC Server Responder] INFO  ipc.Server (Server.java:run(1314)) - IPC Server Responder: starting
2019-09-23 18:37:59,917 [main] INFO  server.StorageContainerManager (StorageContainerManager.java:start(784)) - ScmDatanodeProtocl RPC server is listening at /0.0.0.0:36306
2019-09-23 18:37:59,917 [main] INFO  server.SCMDatanodeProtocolServer (SCMDatanodeProtocolServer.java:start(191)) - RPC server for DataNodes is listening at /0.0.0.0:36306
2019-09-23 18:37:59,917 [IPC Server Responder] INFO  ipc.Server (Server.java:run(1314)) - IPC Server Responder: starting
2019-09-23 18:37:59,918 [IPC Server listener on 36306] INFO  ipc.Server (Server.java:run(1153)) - IPC Server listener on 36306: starting
2019-09-23 18:37:59,924 [main] INFO  http.HttpServer2 (HttpServer2.java:bindListener(1191)) - Jetty bound to port 39776
2019-09-23 18:37:59,924 [main] INFO  server.Server (Server.java:doStart(351)) - jetty-9.3.24.v20180605, build timestamp: 2018-06-05T17:11:56Z, git hash: 84205aa28f11a4f31f2a3b86d1bba2cc8ab69827
2019-09-23 18:37:59,926 [main] INFO  handler.ContextHandler (ContextHandler.java:doStart(781)) - Started o.e.j.s.ServletContextHandler@57bd6a8f{/logs,file:///workdir/hadoop-ozone/integration-test/target/log,AVAILABLE}
2019-09-23 18:37:59,927 [main] INFO  handler.ContextHandler (ContextHandler.java:doStart(781)) - Started o.e.j.s.ServletContextHandler@517704{/static,file:///workdir/hadoop-ozone/integration-test/target/test-classes/webapps/static,AVAILABLE}
2019-09-23 18:37:59,931 [main] INFO  handler.ContextHandler (ContextHandler.java:doStart(781)) - Started o.e.j.w.WebAppContext@47044f7d{/,file:///workdir/hadoop-ozone/integration-test/target/test-classes/webapps/scm/,AVAILABLE}{/scm}
2019-09-23 18:37:59,932 [main] INFO  server.AbstractConnector (AbstractConnector.java:doStart(278)) - Started ServerConnector@7b14c61{HTTP/1.1,[http/1.1]}{0.0.0.0:39776}
2019-09-23 18:37:59,933 [main] INFO  server.Server (Server.java:doStart(419)) - Started @222772ms
2019-09-23 18:37:59,933 [main] WARN  impl.MetricsSystemImpl (MetricsSystemImpl.java:register(276)) - Sink prometheus already exists!
2019-09-23 18:37:59,935 [main] INFO  server.BaseHttpServer (BaseHttpServer.java:updateConnectorAddress(215)) - HTTP server of SCM is listening at http://0.0.0.0:39776
2019-09-23 18:37:59,935 [main] WARN  server.ServerUtils (ServerUtils.java:getDBPath(222)) - ozone.om.db.dirs is not configured. We recommend adding this setting. Falling back to ozone.metadata.dirs instead.
2019-09-23 18:37:59,936 [org.apache.hadoop.util.JvmPauseMonitor$Monitor@5e599100] INFO  util.JvmPauseMonitor (JvmPauseMonitor.java:run(188)) - Starting JVM pause monitor
2019-09-23 18:37:59,949 [main] WARN  server.ServerUtils (ServerUtils.java:getDBPath(222)) - ozone.om.db.dirs is not configured. We recommend adding this setting. Falling back to ozone.metadata.dirs instead.
2019-09-23 18:37:59,950 [main] WARN  server.ServerUtils (ServerUtils.java:getDBPath(222)) - ozone.om.db.dirs is not configured. We recommend adding this setting. Falling back to ozone.metadata.dirs instead.
2019-09-23 18:37:59,950 [main] INFO  om.OzoneManager (OzoneManager.java:setOMNodeDetails(652)) - OM Service ID is not set. Setting it to the default ID: omServiceIdDefault
2019-09-23 18:37:59,950 [main] INFO  om.OzoneManager (OzoneManager.java:setOMNodeDetails(658)) - OM Node ID is not set. Setting it to the OmStorage's OmID: fa58221a-b95f-4391-b96a-d14779afa48e
2019-09-23 18:37:59,950 [main] INFO  om.OzoneManager (OzoneManager.java:loadOMHAConfigs(609)) - Found matching OM address with OMServiceId: null, OMNodeId: null, RPC Address: localhost:0 and Ratis port: 9872
2019-09-23 18:37:59,958 [main] WARN  server.ServerUtils (ServerUtils.java:getDBPath(222)) - ozone.om.db.dirs is not configured. We recommend adding this setting. Falling back to ozone.metadata.dirs instead.
2019-09-23 18:37:59,959 [main] INFO  db.DBStoreBuilder (DBStoreBuilder.java:addTable(110)) - using custom profile for table: userTable
2019-09-23 18:37:59,959 [main] INFO  db.DBStoreBuilder (DBStoreBuilder.java:processTables(161)) - Using default column profile:DBProfile.DISK for Table:userTable
2019-09-23 18:37:59,959 [main] INFO  db.DBStoreBuilder (DBStoreBuilder.java:addTable(110)) - using custom profile for table: volumeTable
2019-09-23 18:37:59,959 [main] INFO  db.DBStoreBuilder (DBStoreBuilder.java:processTables(161)) - Using default column profile:DBProfile.DISK for Table:volumeTable
2019-09-23 18:37:59,960 [main] INFO  db.DBStoreBuilder (DBStoreBuilder.java:addTable(110)) - using custom profile for table: bucketTable
2019-09-23 18:37:59,960 [main] INFO  db.DBStoreBuilder (DBStoreBuilder.java:processTables(161)) - Using default column profile:DBProfile.DISK for Table:bucketTable
2019-09-23 18:37:59,960 [main] INFO  db.DBStoreBuilder (DBStoreBuilder.java:addTable(110)) - using custom profile for table: keyTable
2019-09-23 18:37:59,960 [main] INFO  db.DBStoreBuilder (DBStoreBuilder.java:processTables(161)) - Using default column profile:DBProfile.DISK for Table:keyTable
2019-09-23 18:37:59,960 [main] INFO  db.DBStoreBuilder (DBStoreBuilder.java:addTable(110)) - using custom profile for table: deletedTable
2019-09-23 18:37:59,960 [main] INFO  db.DBStoreBuilder (DBStoreBuilder.java:processTables(161)) - Using default column profile:DBProfile.DISK for Table:deletedTable
2019-09-23 18:37:59,961 [main] INFO  db.DBStoreBuilder (DBStoreBuilder.java:addTable(110)) - using custom profile for table: openKeyTable
2019-09-23 18:37:59,961 [main] INFO  db.DBStoreBuilder (DBStoreBuilder.java:processTables(161)) - Using default column profile:DBProfile.DISK for Table:openKeyTable
2019-09-23 18:37:59,961 [main] INFO  db.DBStoreBuilder (DBStoreBuilder.java:addTable(110)) - using custom profile for table: s3Table
2019-09-23 18:37:59,961 [main] INFO  db.DBStoreBuilder (DBStoreBuilder.java:processTables(161)) - Using default column profile:DBProfile.DISK for Table:s3Table
2019-09-23 18:37:59,962 [main] INFO  db.DBStoreBuilder (DBStoreBuilder.java:addTable(110)) - using custom profile for table: multipartInfoTable
2019-09-23 18:37:59,962 [main] INFO  db.DBStoreBuilder (DBStoreBuilder.java:processTables(161)) - Using default column profile:DBProfile.DISK for Table:multipartInfoTable
2019-09-23 18:37:59,962 [main] INFO  db.DBStoreBuilder (DBStoreBuilder.java:addTable(110)) - using custom profile for table: dTokenTable
2019-09-23 18:37:59,962 [main] INFO  db.DBStoreBuilder (DBStoreBuilder.java:processTables(161)) - Using default column profile:DBProfile.DISK for Table:dTokenTable
2019-09-23 18:37:59,962 [main] INFO  db.DBStoreBuilder (DBStoreBuilder.java:addTable(110)) - using custom profile for table: s3SecretTable
2019-09-23 18:37:59,963 [main] INFO  db.DBStoreBuilder (DBStoreBuilder.java:processTables(161)) - Using default column profile:DBProfile.DISK for Table:s3SecretTable
2019-09-23 18:37:59,963 [main] INFO  db.DBStoreBuilder (DBStoreBuilder.java:addTable(110)) - using custom profile for table: prefixTable
2019-09-23 18:37:59,963 [main] INFO  db.DBStoreBuilder (DBStoreBuilder.java:processTables(161)) - Using default column profile:DBProfile.DISK for Table:prefixTable
2019-09-23 18:37:59,963 [main] INFO  db.DBStoreBuilder (DBStoreBuilder.java:addTable(110)) - using custom profile for table: default
2019-09-23 18:37:59,963 [main] INFO  db.DBStoreBuilder (DBStoreBuilder.java:processTables(167)) - Using default column profile:DBProfile.DISK for Table:default
2019-09-23 18:37:59,964 [main] INFO  db.DBStoreBuilder (DBStoreBuilder.java:getDbProfile(198)) - Using default options. DBProfile.DISK
2019-09-23 18:38:00,401 [main] INFO  ipc.CallQueueManager (CallQueueManager.java:<init>(84)) - Using callQueue: class java.util.concurrent.LinkedBlockingQueue, queueCapacity: 2000, scheduler: class org.apache.hadoop.ipc.DefaultRpcScheduler, ipcBackoff: false.
2019-09-23 18:38:00,401 [Socket Reader #1 for port 36654] INFO  ipc.Server (Server.java:run(1074)) - Starting Socket Reader #1 for port 36654
2019-09-23 18:38:00,415 [main] INFO  om.OzoneManager (OzoneManager.java:start(1243)) - OzoneManager RPC server is listening at localhost/127.0.0.1:36654
2019-09-23 18:38:00,415 [main] INFO  impl.MetricsSystemImpl (MetricsSystemImpl.java:init(158)) - OzoneManager metrics system started (again)
2019-09-23 18:38:00,416 [IPC Server Responder] INFO  ipc.Server (Server.java:run(1314)) - IPC Server Responder: starting
2019-09-23 18:38:00,416 [IPC Server listener on 36654] INFO  ipc.Server (Server.java:run(1153)) - IPC Server listener on 36654: starting
2019-09-23 18:38:00,422 [main] INFO  hdfs.DFSUtil (DFSUtil.java:httpServerTemplateForNNAndJN(1641)) - Starting Web-server for ozoneManager at: http://0.0.0.0:0
2019-09-23 18:38:00,423 [main] INFO  server.AuthenticationFilter (AuthenticationFilter.java:constructSecretProvider(240)) - Unable to initialize FileSignerSecretProvider, falling back to use random secrets.
2019-09-23 18:38:00,423 [main] WARN  http.HttpRequestLog (HttpRequestLog.java:getRequestLog(97)) - Jetty request log can only be enabled using Log4j
2019-09-23 18:38:00,425 [main] INFO  http.HttpServer2 (HttpServer2.java:addGlobalFilter(975)) - Added global filter 'safety' (class=org.apache.hadoop.http.HttpServer2$QuotingInputFilter)
2019-09-23 18:38:00,425 [main] INFO  http.HttpServer2 (HttpServer2.java:addFilter(948)) - Added filter static_user_filter (class=org.apache.hadoop.http.lib.StaticUserWebFilter$StaticUserFilter) to context ozoneManager
2019-09-23 18:38:00,425 [main] INFO  http.HttpServer2 (HttpServer2.java:addFilter(958)) - Added filter static_user_filter (class=org.apache.hadoop.http.lib.StaticUserWebFilter$StaticUserFilter) to context logs
2019-09-23 18:38:00,426 [main] INFO  http.HttpServer2 (HttpServer2.java:addFilter(958)) - Added filter static_user_filter (class=org.apache.hadoop.http.lib.StaticUserWebFilter$StaticUserFilter) to context static
2019-09-23 18:38:00,426 [main] INFO  http.HttpServer2 (HttpServer2.java:bindListener(1191)) - Jetty bound to port 38196
2019-09-23 18:38:00,426 [main] INFO  server.Server (Server.java:doStart(351)) - jetty-9.3.24.v20180605, build timestamp: 2018-06-05T17:11:56Z, git hash: 84205aa28f11a4f31f2a3b86d1bba2cc8ab69827
2019-09-23 18:38:00,428 [main] INFO  handler.ContextHandler (ContextHandler.java:doStart(781)) - Started o.e.j.s.ServletContextHandler@5aa76ad2{/logs,file:///workdir/hadoop-ozone/integration-test/target/log,AVAILABLE}
2019-09-23 18:38:00,428 [main] INFO  handler.ContextHandler (ContextHandler.java:doStart(781)) - Started o.e.j.s.ServletContextHandler@25791d40{/static,file:///workdir/hadoop-ozone/integration-test/target/test-classes/webapps/static,AVAILABLE}
2019-09-23 18:38:00,432 [main] INFO  handler.ContextHandler (ContextHandler.java:doStart(781)) - Started o.e.j.w.WebAppContext@291a4791{/,file:///workdir/hadoop-ozone/integration-test/target/test-classes/webapps/ozoneManager/,AVAILABLE}{/ozoneManager}
2019-09-23 18:38:00,433 [main] INFO  server.AbstractConnector (AbstractConnector.java:doStart(278)) - Started ServerConnector@5b1e88f{HTTP/1.1,[http/1.1]}{0.0.0.0:38196}
2019-09-23 18:38:00,434 [main] INFO  server.Server (Server.java:doStart(419)) - Started @223274ms
2019-09-23 18:38:00,434 [main] WARN  impl.MetricsSystemImpl (MetricsSystemImpl.java:register(276)) - Sink prometheus already exists!
2019-09-23 18:38:00,435 [main] INFO  server.BaseHttpServer (BaseHttpServer.java:updateConnectorAddress(215)) - HTTP server of OZONEMANAGER is listening at http://0.0.0.0:38196
2019-09-23 18:38:00,455 [main] INFO  impl.MetricsSystemImpl (MetricsSystemImpl.java:init(158)) - HddsDatanode metrics system started (again)
2019-09-23 18:38:00,459 [main] INFO  ozone.HddsDatanodeService (HddsDatanodeService.java:start(184)) - HddsDatanodeService host:pr-hdds-2019-zzvnq-2455991580 ip:192.168.151.119
2019-09-23 18:38:00,467 [main] INFO  volume.HddsVolume (HddsVolume.java:<init>(176)) - Creating Volume: /workdir/hadoop-ozone/integration-test/target/test-dir/MiniOzoneClusterImpl-f1ec13dc-2055-4e20-82ea-d4d850253648/datanode-0/data/containers/hdds of  storage type : DISK and capacity : 1482555576320
2019-09-23 18:38:00,468 [main] INFO  volume.VolumeSet (VolumeSet.java:initializeVolumeSet(170)) - Added Volume : /workdir/hadoop-ozone/integration-test/target/test-dir/MiniOzoneClusterImpl-f1ec13dc-2055-4e20-82ea-d4d850253648/datanode-0/data/containers/hdds to VolumeSet
2019-09-23 18:38:00,468 [main] INFO  volume.ThrottledAsyncChecker (ThrottledAsyncChecker.java:schedule(139)) - Scheduling a check for org.apache.hadoop.ozone.container.common.volume.HddsVolume@15d114ce
2019-09-23 18:38:00,469 [main] INFO  volume.HddsVolumeChecker (HddsVolumeChecker.java:checkAllVolumes(202)) - Scheduled health check for volume org.apache.hadoop.ozone.container.common.volume.HddsVolume@15d114ce
2019-09-23 18:38:00,489 [main] INFO  impl.RaftServerProxy (ConfUtils.java:logGet(43)) - raft.rpc.type = GRPC (default)
2019-09-23 18:38:00,489 [main] INFO  grpc.GrpcFactory (GrpcFactory.java:checkPooledByteBufAllocatorUseCacheForAllThreads(45)) - PERFORMANCE WARNING: useCacheForAllThreads is true that may cause Netty to create a lot garbage objects and, as a result, trigger GC.
	It is recommended to disable useCacheForAllThreads by setting -Dorg.apache.ratis.thirdparty.io.netty.allocator.useCacheForAllThreads=false in command line.
2019-09-23 18:38:00,489 [main] INFO  grpc.GrpcConfigKeys$Server (ConfUtils.java:logGet(43)) - raft.grpc.server.port = 0 (default)
2019-09-23 18:38:00,490 [main] INFO  server.GrpcService (ConfUtils.java:logGet(43)) - raft.grpc.message.size.max = 33570816 (custom)
2019-09-23 18:38:00,490 [main] INFO  server.RaftServerConfigKeys (ConfUtils.java:logGet(43)) - raft.server.log.appender.buffer.byte-limit = 33554432 (custom)
2019-09-23 18:38:00,490 [main] INFO  server.GrpcService (ConfUtils.java:logGet(43)) - raft.grpc.flow.control.window = 1MB (=1048576) (default)
2019-09-23 18:38:00,490 [main] INFO  server.RaftServerConfigKeys (ConfUtils.java:logGet(43)) - raft.server.rpc.request.timeout = 3000ms (default)
2019-09-23 18:38:00,491 [main] INFO  server.RaftServerConfigKeys (ConfUtils.java:logGet(43)) - raft.server.storage.dir = [/workdir/hadoop-ozone/integration-test/target/test-dir/MiniOzoneClusterImpl-f1ec13dc-2055-4e20-82ea-d4d850253648/datanode-0/data/ratis] (custom)
2019-09-23 18:38:00,493 [main] INFO  hdfs.DFSUtil (DFSUtil.java:httpServerTemplateForNNAndJN(1641)) - Starting Web-server for hddsDatanode at: http://0.0.0.0:0
2019-09-23 18:38:00,494 [main] INFO  server.AuthenticationFilter (AuthenticationFilter.java:constructSecretProvider(240)) - Unable to initialize FileSignerSecretProvider, falling back to use random secrets.
2019-09-23 18:38:00,494 [main] WARN  http.HttpRequestLog (HttpRequestLog.java:getRequestLog(97)) - Jetty request log can only be enabled using Log4j
2019-09-23 18:38:00,496 [main] INFO  http.HttpServer2 (HttpServer2.java:addGlobalFilter(975)) - Added global filter 'safety' (class=org.apache.hadoop.http.HttpServer2$QuotingInputFilter)
2019-09-23 18:38:00,496 [main] INFO  http.HttpServer2 (HttpServer2.java:addFilter(948)) - Added filter static_user_filter (class=org.apache.hadoop.http.lib.StaticUserWebFilter$StaticUserFilter) to context hddsDatanode
2019-09-23 18:38:00,496 [main] INFO  http.HttpServer2 (HttpServer2.java:addFilter(958)) - Added filter static_user_filter (class=org.apache.hadoop.http.lib.StaticUserWebFilter$StaticUserFilter) to context logs
2019-09-23 18:38:00,497 [main] INFO  http.HttpServer2 (HttpServer2.java:addFilter(958)) - Added filter static_user_filter (class=org.apache.hadoop.http.lib.StaticUserWebFilter$StaticUserFilter) to context static
2019-09-23 18:38:00,497 [main] INFO  http.HttpServer2 (HttpServer2.java:bindListener(1191)) - Jetty bound to port 37163
2019-09-23 18:38:00,497 [main] INFO  server.Server (Server.java:doStart(351)) - jetty-9.3.24.v20180605, build timestamp: 2018-06-05T17:11:56Z, git hash: 84205aa28f11a4f31f2a3b86d1bba2cc8ab69827
2019-09-23 18:38:00,499 [main] INFO  handler.ContextHandler (ContextHandler.java:doStart(781)) - Started o.e.j.s.ServletContextHandler@111c229c{/logs,file:///workdir/hadoop-ozone/integration-test/target/log,AVAILABLE}
2019-09-23 18:38:00,500 [main] INFO  handler.ContextHandler (ContextHandler.java:doStart(781)) - Started o.e.j.s.ServletContextHandler@1a14fdf0{/static,jar:file:/home/user/.m2/repository/org/apache/hadoop/hadoop-hdds-container-service/0.5.0-SNAPSHOT/hadoop-hdds-container-service-0.5.0-SNAPSHOT.jar!/webapps/static,AVAILABLE}
2019-09-23 18:38:00,535 [main] INFO  handler.ContextHandler (ContextHandler.java:doStart(781)) - Started o.e.j.w.WebAppContext@6986f93e{/,file:///tmp/jetty-0.0.0.0-37163-hddsDatanode-_-any-6508476077177488371.dir/webapp/,AVAILABLE}{/hddsDatanode}
2019-09-23 18:38:00,536 [main] INFO  server.AbstractConnector (AbstractConnector.java:doStart(278)) - Started ServerConnector@6bce313{HTTP/1.1,[http/1.1]}{0.0.0.0:37163}
2019-09-23 18:38:00,537 [main] INFO  server.Server (Server.java:doStart(419)) - Started @223377ms
2019-09-23 18:38:00,538 [main] WARN  impl.MetricsSystemImpl (MetricsSystemImpl.java:register(276)) - Sink prometheus already exists!
2019-09-23 18:38:00,538 [main] INFO  server.BaseHttpServer (BaseHttpServer.java:updateConnectorAddress(215)) - HTTP server of HDDSDATANODE is listening at http://0.0.0.0:37163
2019-09-23 18:38:00,539 [main] INFO  impl.MetricsSystemImpl (MetricsSystemImpl.java:init(158)) - HddsDatanode metrics system started (again)
2019-09-23 18:38:00,542 [org.apache.hadoop.util.JvmPauseMonitor$Monitor@4f0dbad8] INFO  util.JvmPauseMonitor (JvmPauseMonitor.java:run(188)) - Starting JVM pause monitor
2019-09-23 18:38:00,543 [main] INFO  ozone.HddsDatanodeService (HddsDatanodeService.java:start(184)) - HddsDatanodeService host:pr-hdds-2019-zzvnq-2455991580 ip:192.168.151.119
2019-09-23 18:38:00,544 [Datanode State Machine Thread - 0] INFO  datanode.InitDatanodeState (InitDatanodeState.java:persistContainerDatanodeDetails(140)) - DatanodeDetails is persisted to /workdir/hadoop-ozone/integration-test/target/test-dir/MiniOzoneClusterImpl-f1ec13dc-2055-4e20-82ea-d4d850253648/datanode-0/meta/datanode.id
2019-09-23 18:38:00,549 [main] INFO  volume.HddsVolume (HddsVolume.java:<init>(176)) - Creating Volume: /workdir/hadoop-ozone/integration-test/target/test-dir/MiniOzoneClusterImpl-f1ec13dc-2055-4e20-82ea-d4d850253648/datanode-1/data/containers/hdds of  storage type : DISK and capacity : 1482555576320
2019-09-23 18:38:00,549 [main] INFO  volume.VolumeSet (VolumeSet.java:initializeVolumeSet(170)) - Added Volume : /workdir/hadoop-ozone/integration-test/target/test-dir/MiniOzoneClusterImpl-f1ec13dc-2055-4e20-82ea-d4d850253648/datanode-1/data/containers/hdds to VolumeSet
2019-09-23 18:38:00,550 [main] INFO  volume.ThrottledAsyncChecker (ThrottledAsyncChecker.java:schedule(139)) - Scheduling a check for org.apache.hadoop.ozone.container.common.volume.HddsVolume@a0c5be
2019-09-23 18:38:00,550 [main] INFO  volume.HddsVolumeChecker (HddsVolumeChecker.java:checkAllVolumes(202)) - Scheduled health check for volume org.apache.hadoop.ozone.container.common.volume.HddsVolume@a0c5be
2019-09-23 18:38:00,570 [main] INFO  impl.RaftServerProxy (ConfUtils.java:logGet(43)) - raft.rpc.type = GRPC (default)
2019-09-23 18:38:00,570 [main] INFO  grpc.GrpcFactory (GrpcFactory.java:checkPooledByteBufAllocatorUseCacheForAllThreads(45)) - PERFORMANCE WARNING: useCacheForAllThreads is true that may cause Netty to create a lot garbage objects and, as a result, trigger GC.
	It is recommended to disable useCacheForAllThreads by setting -Dorg.apache.ratis.thirdparty.io.netty.allocator.useCacheForAllThreads=false in command line.
2019-09-23 18:38:00,571 [main] INFO  grpc.GrpcConfigKeys$Server (ConfUtils.java:logGet(43)) - raft.grpc.server.port = 0 (default)
2019-09-23 18:38:00,571 [main] INFO  server.GrpcService (ConfUtils.java:logGet(43)) - raft.grpc.message.size.max = 33570816 (custom)
2019-09-23 18:38:00,571 [main] INFO  server.RaftServerConfigKeys (ConfUtils.java:logGet(43)) - raft.server.log.appender.buffer.byte-limit = 33554432 (custom)
2019-09-23 18:38:00,572 [main] INFO  server.GrpcService (ConfUtils.java:logGet(43)) - raft.grpc.flow.control.window = 1MB (=1048576) (default)
2019-09-23 18:38:00,572 [main] INFO  server.RaftServerConfigKeys (ConfUtils.java:logGet(43)) - raft.server.rpc.request.timeout = 3000ms (default)
2019-09-23 18:38:00,572 [main] INFO  server.RaftServerConfigKeys (ConfUtils.java:logGet(43)) - raft.server.storage.dir = [/workdir/hadoop-ozone/integration-test/target/test-dir/MiniOzoneClusterImpl-f1ec13dc-2055-4e20-82ea-d4d850253648/datanode-1/data/ratis] (custom)
2019-09-23 18:38:00,574 [main] INFO  hdfs.DFSUtil (DFSUtil.java:httpServerTemplateForNNAndJN(1641)) - Starting Web-server for hddsDatanode at: http://0.0.0.0:0
2019-09-23 18:38:00,575 [main] INFO  server.AuthenticationFilter (AuthenticationFilter.java:constructSecretProvider(240)) - Unable to initialize FileSignerSecretProvider, falling back to use random secrets.
2019-09-23 18:38:00,576 [main] WARN  http.HttpRequestLog (HttpRequestLog.java:getRequestLog(97)) - Jetty request log can only be enabled using Log4j
2019-09-23 18:38:00,577 [main] INFO  http.HttpServer2 (HttpServer2.java:addGlobalFilter(975)) - Added global filter 'safety' (class=org.apache.hadoop.http.HttpServer2$QuotingInputFilter)
2019-09-23 18:38:00,577 [main] INFO  http.HttpServer2 (HttpServer2.java:addFilter(948)) - Added filter static_user_filter (class=org.apache.hadoop.http.lib.StaticUserWebFilter$StaticUserFilter) to context hddsDatanode
2019-09-23 18:38:00,578 [main] INFO  http.HttpServer2 (HttpServer2.java:addFilter(958)) - Added filter static_user_filter (class=org.apache.hadoop.http.lib.StaticUserWebFilter$StaticUserFilter) to context static
2019-09-23 18:38:00,578 [main] INFO  http.HttpServer2 (HttpServer2.java:addFilter(958)) - Added filter static_user_filter (class=org.apache.hadoop.http.lib.StaticUserWebFilter$StaticUserFilter) to context logs
2019-09-23 18:38:00,578 [main] INFO  http.HttpServer2 (HttpServer2.java:bindListener(1191)) - Jetty bound to port 42837
2019-09-23 18:38:00,579 [main] INFO  server.Server (Server.java:doStart(351)) - jetty-9.3.24.v20180605, build timestamp: 2018-06-05T17:11:56Z, git hash: 84205aa28f11a4f31f2a3b86d1bba2cc8ab69827
2019-09-23 18:38:00,580 [main] INFO  handler.ContextHandler (ContextHandler.java:doStart(781)) - Started o.e.j.s.ServletContextHandler@2c9d90fc{/logs,file:///workdir/hadoop-ozone/integration-test/target/log,AVAILABLE}
2019-09-23 18:38:00,581 [main] INFO  handler.ContextHandler (ContextHandler.java:doStart(781)) - Started o.e.j.s.ServletContextHandler@418f890f{/static,jar:file:/home/user/.m2/repository/org/apache/hadoop/hadoop-hdds-container-service/0.5.0-SNAPSHOT/hadoop-hdds-container-service-0.5.0-SNAPSHOT.jar!/webapps/static,AVAILABLE}
2019-09-23 18:38:00,612 [main] INFO  handler.ContextHandler (ContextHandler.java:doStart(781)) - Started o.e.j.w.WebAppContext@1ee5632d{/,file:///tmp/jetty-0.0.0.0-42837-hddsDatanode-_-any-7315833282908941976.dir/webapp/,AVAILABLE}{/hddsDatanode}
2019-09-23 18:38:00,612 [main] INFO  server.AbstractConnector (AbstractConnector.java:doStart(278)) - Started ServerConnector@52a7928a{HTTP/1.1,[http/1.1]}{0.0.0.0:42837}
2019-09-23 18:38:00,614 [main] INFO  server.Server (Server.java:doStart(419)) - Started @223454ms
2019-09-23 18:38:00,614 [main] WARN  impl.MetricsSystemImpl (MetricsSystemImpl.java:register(276)) - Sink prometheus already exists!
2019-09-23 18:38:00,615 [main] INFO  server.BaseHttpServer (BaseHttpServer.java:updateConnectorAddress(215)) - HTTP server of HDDSDATANODE is listening at http://0.0.0.0:42837
2019-09-23 18:38:00,615 [main] INFO  impl.MetricsSystemImpl (MetricsSystemImpl.java:init(158)) - HddsDatanode metrics system started (again)
2019-09-23 18:38:00,619 [org.apache.hadoop.util.JvmPauseMonitor$Monitor@481263a5] INFO  util.JvmPauseMonitor (JvmPauseMonitor.java:run(188)) - Starting JVM pause monitor
2019-09-23 18:38:00,619 [main] INFO  ozone.HddsDatanodeService (HddsDatanodeService.java:start(184)) - HddsDatanodeService host:pr-hdds-2019-zzvnq-2455991580 ip:192.168.151.119
2019-09-23 18:38:00,620 [Datanode State Machine Thread - 0] INFO  datanode.InitDatanodeState (InitDatanodeState.java:persistContainerDatanodeDetails(140)) - DatanodeDetails is persisted to /workdir/hadoop-ozone/integration-test/target/test-dir/MiniOzoneClusterImpl-f1ec13dc-2055-4e20-82ea-d4d850253648/datanode-1/meta/datanode.id
2019-09-23 18:38:00,626 [main] INFO  volume.HddsVolume (HddsVolume.java:<init>(176)) - Creating Volume: /workdir/hadoop-ozone/integration-test/target/test-dir/MiniOzoneClusterImpl-f1ec13dc-2055-4e20-82ea-d4d850253648/datanode-2/data/containers/hdds of  storage type : DISK and capacity : 1482555576320
2019-09-23 18:38:00,626 [main] INFO  volume.VolumeSet (VolumeSet.java:initializeVolumeSet(170)) - Added Volume : /workdir/hadoop-ozone/integration-test/target/test-dir/MiniOzoneClusterImpl-f1ec13dc-2055-4e20-82ea-d4d850253648/datanode-2/data/containers/hdds to VolumeSet
2019-09-23 18:38:00,626 [main] INFO  volume.ThrottledAsyncChecker (ThrottledAsyncChecker.java:schedule(139)) - Scheduling a check for org.apache.hadoop.ozone.container.common.volume.HddsVolume@1cd2143b
2019-09-23 18:38:00,627 [main] INFO  volume.HddsVolumeChecker (HddsVolumeChecker.java:checkAllVolumes(202)) - Scheduled health check for volume org.apache.hadoop.ozone.container.common.volume.HddsVolume@1cd2143b
2019-09-23 18:38:00,642 [main] INFO  impl.RaftServerProxy (ConfUtils.java:logGet(43)) - raft.rpc.type = GRPC (default)
2019-09-23 18:38:00,642 [main] INFO  grpc.GrpcFactory (GrpcFactory.java:checkPooledByteBufAllocatorUseCacheForAllThreads(45)) - PERFORMANCE WARNING: useCacheForAllThreads is true that may cause Netty to create a lot garbage objects and, as a result, trigger GC.
	It is recommended to disable useCacheForAllThreads by setting -Dorg.apache.ratis.thirdparty.io.netty.allocator.useCacheForAllThreads=false in command line.
2019-09-23 18:38:00,642 [main] INFO  grpc.GrpcConfigKeys$Server (ConfUtils.java:logGet(43)) - raft.grpc.server.port = 0 (default)
2019-09-23 18:38:00,643 [main] INFO  server.GrpcService (ConfUtils.java:logGet(43)) - raft.grpc.message.size.max = 33570816 (custom)
2019-09-23 18:38:00,643 [main] INFO  server.RaftServerConfigKeys (ConfUtils.java:logGet(43)) - raft.server.log.appender.buffer.byte-limit = 33554432 (custom)
2019-09-23 18:38:00,643 [main] INFO  server.GrpcService (ConfUtils.java:logGet(43)) - raft.grpc.flow.control.window = 1MB (=1048576) (default)
2019-09-23 18:38:00,643 [main] INFO  server.RaftServerConfigKeys (ConfUtils.java:logGet(43)) - raft.server.rpc.request.timeout = 3000ms (default)
2019-09-23 18:38:00,644 [main] INFO  server.RaftServerConfigKeys (ConfUtils.java:logGet(43)) - raft.server.storage.dir = [/workdir/hadoop-ozone/integration-test/target/test-dir/MiniOzoneClusterImpl-f1ec13dc-2055-4e20-82ea-d4d850253648/datanode-2/data/ratis] (custom)
2019-09-23 18:38:00,646 [main] INFO  hdfs.DFSUtil (DFSUtil.java:httpServerTemplateForNNAndJN(1641)) - Starting Web-server for hddsDatanode at: http://0.0.0.0:0
2019-09-23 18:38:00,647 [main] INFO  server.AuthenticationFilter (AuthenticationFilter.java:constructSecretProvider(240)) - Unable to initialize FileSignerSecretProvider, falling back to use random secrets.
2019-09-23 18:38:00,647 [main] WARN  http.HttpRequestLog (HttpRequestLog.java:getRequestLog(97)) - Jetty request log can only be enabled using Log4j
2019-09-23 18:38:00,649 [main] INFO  http.HttpServer2 (HttpServer2.java:addGlobalFilter(975)) - Added global filter 'safety' (class=org.apache.hadoop.http.HttpServer2$QuotingInputFilter)
2019-09-23 18:38:00,649 [main] INFO  http.HttpServer2 (HttpServer2.java:addFilter(948)) - Added filter static_user_filter (class=org.apache.hadoop.http.lib.StaticUserWebFilter$StaticUserFilter) to context hddsDatanode
2019-09-23 18:38:00,650 [main] INFO  http.HttpServer2 (HttpServer2.java:addFilter(958)) - Added filter static_user_filter (class=org.apache.hadoop.http.lib.StaticUserWebFilter$StaticUserFilter) to context static
2019-09-23 18:38:00,650 [main] INFO  http.HttpServer2 (HttpServer2.java:addFilter(958)) - Added filter static_user_filter (class=org.apache.hadoop.http.lib.StaticUserWebFilter$StaticUserFilter) to context logs
2019-09-23 18:38:00,651 [main] INFO  http.HttpServer2 (HttpServer2.java:bindListener(1191)) - Jetty bound to port 36217
2019-09-23 18:38:00,651 [main] INFO  server.Server (Server.java:doStart(351)) - jetty-9.3.24.v20180605, build timestamp: 2018-06-05T17:11:56Z, git hash: 84205aa28f11a4f31f2a3b86d1bba2cc8ab69827
2019-09-23 18:38:00,652 [main] INFO  handler.ContextHandler (ContextHandler.java:doStart(781)) - Started o.e.j.s.ServletContextHandler@75882261{/logs,file:///workdir/hadoop-ozone/integration-test/target/log,AVAILABLE}
2019-09-23 18:38:00,653 [main] INFO  handler.ContextHandler (ContextHandler.java:doStart(781)) - Started o.e.j.s.ServletContextHandler@615efd1c{/static,jar:file:/home/user/.m2/repository/org/apache/hadoop/hadoop-hdds-container-service/0.5.0-SNAPSHOT/hadoop-hdds-container-service-0.5.0-SNAPSHOT.jar!/webapps/static,AVAILABLE}
2019-09-23 18:38:00,687 [main] INFO  handler.ContextHandler (ContextHandler.java:doStart(781)) - Started o.e.j.w.WebAppContext@6da54910{/,file:///tmp/jetty-0.0.0.0-36217-hddsDatanode-_-any-1322104159758705536.dir/webapp/,AVAILABLE}{/hddsDatanode}
2019-09-23 18:38:00,687 [main] INFO  server.AbstractConnector (AbstractConnector.java:doStart(278)) - Started ServerConnector@1bd8afc8{HTTP/1.1,[http/1.1]}{0.0.0.0:36217}
2019-09-23 18:38:00,689 [main] INFO  server.Server (Server.java:doStart(419)) - Started @223529ms
2019-09-23 18:38:00,689 [main] WARN  impl.MetricsSystemImpl (MetricsSystemImpl.java:register(276)) - Sink prometheus already exists!
2019-09-23 18:38:00,690 [main] INFO  server.BaseHttpServer (BaseHttpServer.java:updateConnectorAddress(215)) - HTTP server of HDDSDATANODE is listening at http://0.0.0.0:36217
2019-09-23 18:38:00,691 [main] INFO  impl.MetricsSystemImpl (MetricsSystemImpl.java:init(158)) - HddsDatanode metrics system started (again)
2019-09-23 18:38:00,696 [org.apache.hadoop.util.JvmPauseMonitor$Monitor@34600a6c] INFO  util.JvmPauseMonitor (JvmPauseMonitor.java:run(188)) - Starting JVM pause monitor
2019-09-23 18:38:00,696 [main] INFO  ozone.HddsDatanodeService (HddsDatanodeService.java:start(184)) - HddsDatanodeService host:pr-hdds-2019-zzvnq-2455991580 ip:192.168.151.119
2019-09-23 18:38:00,697 [Datanode State Machine Thread - 0] INFO  datanode.InitDatanodeState (InitDatanodeState.java:persistContainerDatanodeDetails(140)) - DatanodeDetails is persisted to /workdir/hadoop-ozone/integration-test/target/test-dir/MiniOzoneClusterImpl-f1ec13dc-2055-4e20-82ea-d4d850253648/datanode-2/meta/datanode.id
2019-09-23 18:38:00,703 [main] INFO  volume.HddsVolume (HddsVolume.java:<init>(176)) - Creating Volume: /workdir/hadoop-ozone/integration-test/target/test-dir/MiniOzoneClusterImpl-f1ec13dc-2055-4e20-82ea-d4d850253648/datanode-3/data/containers/hdds of  storage type : DISK and capacity : 1482555576320
2019-09-23 18:38:00,704 [main] INFO  volume.VolumeSet (VolumeSet.java:initializeVolumeSet(170)) - Added Volume : /workdir/hadoop-ozone/integration-test/target/test-dir/MiniOzoneClusterImpl-f1ec13dc-2055-4e20-82ea-d4d850253648/datanode-3/data/containers/hdds to VolumeSet
2019-09-23 18:38:00,704 [main] INFO  volume.ThrottledAsyncChecker (ThrottledAsyncChecker.java:schedule(139)) - Scheduling a check for org.apache.hadoop.ozone.container.common.volume.HddsVolume@7ccd611e
2019-09-23 18:38:00,704 [main] INFO  volume.HddsVolumeChecker (HddsVolumeChecker.java:checkAllVolumes(202)) - Scheduled health check for volume org.apache.hadoop.ozone.container.common.volume.HddsVolume@7ccd611e
2019-09-23 18:38:00,724 [main] INFO  impl.RaftServerProxy (ConfUtils.java:logGet(43)) - raft.rpc.type = GRPC (default)
2019-09-23 18:38:00,725 [main] INFO  grpc.GrpcFactory (GrpcFactory.java:checkPooledByteBufAllocatorUseCacheForAllThreads(45)) - PERFORMANCE WARNING: useCacheForAllThreads is true that may cause Netty to create a lot garbage objects and, as a result, trigger GC.
	It is recommended to disable useCacheForAllThreads by setting -Dorg.apache.ratis.thirdparty.io.netty.allocator.useCacheForAllThreads=false in command line.
2019-09-23 18:38:00,725 [main] INFO  grpc.GrpcConfigKeys$Server (ConfUtils.java:logGet(43)) - raft.grpc.server.port = 0 (default)
2019-09-23 18:38:00,725 [main] INFO  server.GrpcService (ConfUtils.java:logGet(43)) - raft.grpc.message.size.max = 33570816 (custom)
2019-09-23 18:38:00,725 [main] INFO  server.RaftServerConfigKeys (ConfUtils.java:logGet(43)) - raft.server.log.appender.buffer.byte-limit = 33554432 (custom)
2019-09-23 18:38:00,726 [main] INFO  server.GrpcService (ConfUtils.java:logGet(43)) - raft.grpc.flow.control.window = 1MB (=1048576) (default)
2019-09-23 18:38:00,726 [main] INFO  server.RaftServerConfigKeys (ConfUtils.java:logGet(43)) - raft.server.rpc.request.timeout = 3000ms (default)
2019-09-23 18:38:00,727 [main] INFO  server.RaftServerConfigKeys (ConfUtils.java:logGet(43)) - raft.server.storage.dir = [/workdir/hadoop-ozone/integration-test/target/test-dir/MiniOzoneClusterImpl-f1ec13dc-2055-4e20-82ea-d4d850253648/datanode-3/data/ratis] (custom)
2019-09-23 18:38:00,728 [main] INFO  hdfs.DFSUtil (DFSUtil.java:httpServerTemplateForNNAndJN(1641)) - Starting Web-server for hddsDatanode at: http://0.0.0.0:0
2019-09-23 18:38:00,729 [main] INFO  server.AuthenticationFilter (AuthenticationFilter.java:constructSecretProvider(240)) - Unable to initialize FileSignerSecretProvider, falling back to use random secrets.
2019-09-23 18:38:00,730 [main] WARN  http.HttpRequestLog (HttpRequestLog.java:getRequestLog(97)) - Jetty request log can only be enabled using Log4j
2019-09-23 18:38:00,731 [main] INFO  http.HttpServer2 (HttpServer2.java:addGlobalFilter(975)) - Added global filter 'safety' (class=org.apache.hadoop.http.HttpServer2$QuotingInputFilter)
2019-09-23 18:38:00,731 [main] INFO  http.HttpServer2 (HttpServer2.java:addFilter(948)) - Added filter static_user_filter (class=org.apache.hadoop.http.lib.StaticUserWebFilter$StaticUserFilter) to context hddsDatanode
2019-09-23 18:38:00,732 [main] INFO  http.HttpServer2 (HttpServer2.java:addFilter(958)) - Added filter static_user_filter (class=org.apache.hadoop.http.lib.StaticUserWebFilter$StaticUserFilter) to context static
2019-09-23 18:38:00,732 [main] INFO  http.HttpServer2 (HttpServer2.java:addFilter(958)) - Added filter static_user_filter (class=org.apache.hadoop.http.lib.StaticUserWebFilter$StaticUserFilter) to context logs
2019-09-23 18:38:00,733 [main] INFO  http.HttpServer2 (HttpServer2.java:bindListener(1191)) - Jetty bound to port 44133
2019-09-23 18:38:00,733 [main] INFO  server.Server (Server.java:doStart(351)) - jetty-9.3.24.v20180605, build timestamp: 2018-06-05T17:11:56Z, git hash: 84205aa28f11a4f31f2a3b86d1bba2cc8ab69827
2019-09-23 18:38:00,735 [main] INFO  handler.ContextHandler (ContextHandler.java:doStart(781)) - Started o.e.j.s.ServletContextHandler@382d71c7{/logs,file:///workdir/hadoop-ozone/integration-test/target/log,AVAILABLE}
2019-09-23 18:38:00,735 [main] INFO  handler.ContextHandler (ContextHandler.java:doStart(781)) - Started o.e.j.s.ServletContextHandler@34a20f16{/static,jar:file:/home/user/.m2/repository/org/apache/hadoop/hadoop-hdds-container-service/0.5.0-SNAPSHOT/hadoop-hdds-container-service-0.5.0-SNAPSHOT.jar!/webapps/static,AVAILABLE}
2019-09-23 18:38:00,773 [main] INFO  handler.ContextHandler (ContextHandler.java:doStart(781)) - Started o.e.j.w.WebAppContext@285a4fe3{/,file:///tmp/jetty-0.0.0.0-44133-hddsDatanode-_-any-705606598067673222.dir/webapp/,AVAILABLE}{/hddsDatanode}
2019-09-23 18:38:00,774 [main] INFO  server.AbstractConnector (AbstractConnector.java:doStart(278)) - Started ServerConnector@2589d787{HTTP/1.1,[http/1.1]}{0.0.0.0:44133}
2019-09-23 18:38:00,775 [main] INFO  server.Server (Server.java:doStart(419)) - Started @223615ms
2019-09-23 18:38:00,776 [main] WARN  impl.MetricsSystemImpl (MetricsSystemImpl.java:register(276)) - Sink prometheus already exists!
2019-09-23 18:38:00,776 [main] INFO  server.BaseHttpServer (BaseHttpServer.java:updateConnectorAddress(215)) - HTTP server of HDDSDATANODE is listening at http://0.0.0.0:44133
2019-09-23 18:38:00,777 [main] INFO  impl.MetricsSystemImpl (MetricsSystemImpl.java:init(158)) - HddsDatanode metrics system started (again)
2019-09-23 18:38:00,781 [org.apache.hadoop.util.JvmPauseMonitor$Monitor@8e3c874] INFO  util.JvmPauseMonitor (JvmPauseMonitor.java:run(188)) - Starting JVM pause monitor
2019-09-23 18:38:00,781 [main] INFO  ozone.HddsDatanodeService (HddsDatanodeService.java:start(184)) - HddsDatanodeService host:pr-hdds-2019-zzvnq-2455991580 ip:192.168.151.119
2019-09-23 18:38:00,782 [Datanode State Machine Thread - 0] INFO  datanode.InitDatanodeState (InitDatanodeState.java:persistContainerDatanodeDetails(140)) - DatanodeDetails is persisted to /workdir/hadoop-ozone/integration-test/target/test-dir/MiniOzoneClusterImpl-f1ec13dc-2055-4e20-82ea-d4d850253648/datanode-3/meta/datanode.id
2019-09-23 18:38:00,788 [main] INFO  volume.HddsVolume (HddsVolume.java:<init>(176)) - Creating Volume: /workdir/hadoop-ozone/integration-test/target/test-dir/MiniOzoneClusterImpl-f1ec13dc-2055-4e20-82ea-d4d850253648/datanode-4/data/containers/hdds of  storage type : DISK and capacity : 1482555576320
2019-09-23 18:38:00,788 [main] INFO  volume.VolumeSet (VolumeSet.java:initializeVolumeSet(170)) - Added Volume : /workdir/hadoop-ozone/integration-test/target/test-dir/MiniOzoneClusterImpl-f1ec13dc-2055-4e20-82ea-d4d850253648/datanode-4/data/containers/hdds to VolumeSet
2019-09-23 18:38:00,788 [main] INFO  volume.ThrottledAsyncChecker (ThrottledAsyncChecker.java:schedule(139)) - Scheduling a check for org.apache.hadoop.ozone.container.common.volume.HddsVolume@2dc39b53
2019-09-23 18:38:00,789 [main] INFO  volume.HddsVolumeChecker (HddsVolumeChecker.java:checkAllVolumes(202)) - Scheduled health check for volume org.apache.hadoop.ozone.container.common.volume.HddsVolume@2dc39b53
2019-09-23 18:38:00,802 [main] INFO  impl.RaftServerProxy (ConfUtils.java:logGet(43)) - raft.rpc.type = GRPC (default)
2019-09-23 18:38:00,802 [main] INFO  grpc.GrpcFactory (GrpcFactory.java:checkPooledByteBufAllocatorUseCacheForAllThreads(45)) - PERFORMANCE WARNING: useCacheForAllThreads is true that may cause Netty to create a lot garbage objects and, as a result, trigger GC.
	It is recommended to disable useCacheForAllThreads by setting -Dorg.apache.ratis.thirdparty.io.netty.allocator.useCacheForAllThreads=false in command line.
2019-09-23 18:38:00,802 [main] INFO  grpc.GrpcConfigKeys$Server (ConfUtils.java:logGet(43)) - raft.grpc.server.port = 0 (default)
2019-09-23 18:38:00,803 [main] INFO  server.GrpcService (ConfUtils.java:logGet(43)) - raft.grpc.message.size.max = 33570816 (custom)
2019-09-23 18:38:00,803 [main] INFO  server.RaftServerConfigKeys (ConfUtils.java:logGet(43)) - raft.server.log.appender.buffer.byte-limit = 33554432 (custom)
2019-09-23 18:38:00,803 [main] INFO  server.GrpcService (ConfUtils.java:logGet(43)) - raft.grpc.flow.control.window = 1MB (=1048576) (default)
2019-09-23 18:38:00,803 [main] INFO  server.RaftServerConfigKeys (ConfUtils.java:logGet(43)) - raft.server.rpc.request.timeout = 3000ms (default)
2019-09-23 18:38:00,804 [main] INFO  server.RaftServerConfigKeys (ConfUtils.java:logGet(43)) - raft.server.storage.dir = [/workdir/hadoop-ozone/integration-test/target/test-dir/MiniOzoneClusterImpl-f1ec13dc-2055-4e20-82ea-d4d850253648/datanode-4/data/ratis] (custom)
2019-09-23 18:38:00,805 [main] INFO  hdfs.DFSUtil (DFSUtil.java:httpServerTemplateForNNAndJN(1641)) - Starting Web-server for hddsDatanode at: http://0.0.0.0:0
2019-09-23 18:38:00,806 [main] INFO  server.AuthenticationFilter (AuthenticationFilter.java:constructSecretProvider(240)) - Unable to initialize FileSignerSecretProvider, falling back to use random secrets.
2019-09-23 18:38:00,806 [main] WARN  http.HttpRequestLog (HttpRequestLog.java:getRequestLog(97)) - Jetty request log can only be enabled using Log4j
2019-09-23 18:38:00,808 [main] INFO  http.HttpServer2 (HttpServer2.java:addGlobalFilter(975)) - Added global filter 'safety' (class=org.apache.hadoop.http.HttpServer2$QuotingInputFilter)
2019-09-23 18:38:00,808 [main] INFO  http.HttpServer2 (HttpServer2.java:addFilter(948)) - Added filter static_user_filter (class=org.apache.hadoop.http.lib.StaticUserWebFilter$StaticUserFilter) to context hddsDatanode
2019-09-23 18:38:00,808 [main] INFO  http.HttpServer2 (HttpServer2.java:addFilter(958)) - Added filter static_user_filter (class=org.apache.hadoop.http.lib.StaticUserWebFilter$StaticUserFilter) to context static
2019-09-23 18:38:00,809 [main] INFO  http.HttpServer2 (HttpServer2.java:addFilter(958)) - Added filter static_user_filter (class=org.apache.hadoop.http.lib.StaticUserWebFilter$StaticUserFilter) to context logs
2019-09-23 18:38:00,809 [main] INFO  http.HttpServer2 (HttpServer2.java:bindListener(1191)) - Jetty bound to port 40933
2019-09-23 18:38:00,809 [main] INFO  server.Server (Server.java:doStart(351)) - jetty-9.3.24.v20180605, build timestamp: 2018-06-05T17:11:56Z, git hash: 84205aa28f11a4f31f2a3b86d1bba2cc8ab69827
2019-09-23 18:38:00,811 [main] INFO  handler.ContextHandler (ContextHandler.java:doStart(781)) - Started o.e.j.s.ServletContextHandler@65cc5252{/logs,file:///workdir/hadoop-ozone/integration-test/target/log,AVAILABLE}
2019-09-23 18:38:00,812 [main] INFO  handler.ContextHandler (ContextHandler.java:doStart(781)) - Started o.e.j.s.ServletContextHandler@2dbfa972{/static,jar:file:/home/user/.m2/repository/org/apache/hadoop/hadoop-hdds-container-service/0.5.0-SNAPSHOT/hadoop-hdds-container-service-0.5.0-SNAPSHOT.jar!/webapps/static,AVAILABLE}
2019-09-23 18:38:00,848 [main] INFO  handler.ContextHandler (ContextHandler.java:doStart(781)) - Started o.e.j.w.WebAppContext@251c90f{/,file:///tmp/jetty-0.0.0.0-40933-hddsDatanode-_-any-5579676898627242070.dir/webapp/,AVAILABLE}{/hddsDatanode}
2019-09-23 18:38:00,848 [main] INFO  server.AbstractConnector (AbstractConnector.java:doStart(278)) - Started ServerConnector@6629643d{HTTP/1.1,[http/1.1]}{0.0.0.0:40933}
2019-09-23 18:38:00,850 [main] INFO  server.Server (Server.java:doStart(419)) - Started @223690ms
2019-09-23 18:38:00,850 [main] WARN  impl.MetricsSystemImpl (MetricsSystemImpl.java:register(276)) - Sink prometheus already exists!
2019-09-23 18:38:00,851 [main] INFO  server.BaseHttpServer (BaseHttpServer.java:updateConnectorAddress(215)) - HTTP server of HDDSDATANODE is listening at http://0.0.0.0:40933
2019-09-23 18:38:00,852 [main] INFO  impl.MetricsSystemImpl (MetricsSystemImpl.java:init(158)) - HddsDatanode metrics system started (again)
2019-09-23 18:38:00,856 [org.apache.hadoop.util.JvmPauseMonitor$Monitor@674c2a73] INFO  util.JvmPauseMonitor (JvmPauseMonitor.java:run(188)) - Starting JVM pause monitor
2019-09-23 18:38:00,857 [main] INFO  ozone.HddsDatanodeService (HddsDatanodeService.java:start(184)) - HddsDatanodeService host:pr-hdds-2019-zzvnq-2455991580 ip:192.168.151.119
2019-09-23 18:38:00,857 [Datanode State Machine Thread - 0] INFO  datanode.InitDatanodeState (InitDatanodeState.java:persistContainerDatanodeDetails(140)) - DatanodeDetails is persisted to /workdir/hadoop-ozone/integration-test/target/test-dir/MiniOzoneClusterImpl-f1ec13dc-2055-4e20-82ea-d4d850253648/datanode-4/meta/datanode.id
2019-09-23 18:38:00,864 [main] INFO  volume.HddsVolume (HddsVolume.java:<init>(176)) - Creating Volume: /workdir/hadoop-ozone/integration-test/target/test-dir/MiniOzoneClusterImpl-f1ec13dc-2055-4e20-82ea-d4d850253648/datanode-5/data/containers/hdds of  storage type : DISK and capacity : 1482555576320
2019-09-23 18:38:00,864 [main] INFO  volume.VolumeSet (VolumeSet.java:initializeVolumeSet(170)) - Added Volume : /workdir/hadoop-ozone/integration-test/target/test-dir/MiniOzoneClusterImpl-f1ec13dc-2055-4e20-82ea-d4d850253648/datanode-5/data/containers/hdds to VolumeSet
2019-09-23 18:38:00,864 [main] INFO  volume.ThrottledAsyncChecker (ThrottledAsyncChecker.java:schedule(139)) - Scheduling a check for org.apache.hadoop.ozone.container.common.volume.HddsVolume@22791b75
2019-09-23 18:38:00,865 [main] INFO  volume.HddsVolumeChecker (HddsVolumeChecker.java:checkAllVolumes(202)) - Scheduled health check for volume org.apache.hadoop.ozone.container.common.volume.HddsVolume@22791b75
2019-09-23 18:38:00,881 [main] INFO  impl.RaftServerProxy (ConfUtils.java:logGet(43)) - raft.rpc.type = GRPC (default)
2019-09-23 18:38:00,881 [main] INFO  grpc.GrpcFactory (GrpcFactory.java:checkPooledByteBufAllocatorUseCacheForAllThreads(45)) - PERFORMANCE WARNING: useCacheForAllThreads is true that may cause Netty to create a lot garbage objects and, as a result, trigger GC.
	It is recommended to disable useCacheForAllThreads by setting -Dorg.apache.ratis.thirdparty.io.netty.allocator.useCacheForAllThreads=false in command line.
2019-09-23 18:38:00,882 [main] INFO  grpc.GrpcConfigKeys$Server (ConfUtils.java:logGet(43)) - raft.grpc.server.port = 0 (default)
2019-09-23 18:38:00,882 [main] INFO  server.GrpcService (ConfUtils.java:logGet(43)) - raft.grpc.message.size.max = 33570816 (custom)
2019-09-23 18:38:00,882 [main] INFO  server.RaftServerConfigKeys (ConfUtils.java:logGet(43)) - raft.server.log.appender.buffer.byte-limit = 33554432 (custom)
2019-09-23 18:38:00,883 [main] INFO  server.GrpcService (ConfUtils.java:logGet(43)) - raft.grpc.flow.control.window = 1MB (=1048576) (default)
2019-09-23 18:38:00,883 [main] INFO  server.RaftServerConfigKeys (ConfUtils.java:logGet(43)) - raft.server.rpc.request.timeout = 3000ms (default)
2019-09-23 18:38:00,883 [main] INFO  server.RaftServerConfigKeys (ConfUtils.java:logGet(43)) - raft.server.storage.dir = [/workdir/hadoop-ozone/integration-test/target/test-dir/MiniOzoneClusterImpl-f1ec13dc-2055-4e20-82ea-d4d850253648/datanode-5/data/ratis] (custom)
2019-09-23 18:38:00,885 [main] INFO  hdfs.DFSUtil (DFSUtil.java:httpServerTemplateForNNAndJN(1641)) - Starting Web-server for hddsDatanode at: http://0.0.0.0:0
2019-09-23 18:38:00,886 [main] INFO  server.AuthenticationFilter (AuthenticationFilter.java:constructSecretProvider(240)) - Unable to initialize FileSignerSecretProvider, falling back to use random secrets.
2019-09-23 18:38:00,886 [main] WARN  http.HttpRequestLog (HttpRequestLog.java:getRequestLog(97)) - Jetty request log can only be enabled using Log4j
2019-09-23 18:38:00,888 [main] INFO  http.HttpServer2 (HttpServer2.java:addGlobalFilter(975)) - Added global filter 'safety' (class=org.apache.hadoop.http.HttpServer2$QuotingInputFilter)
2019-09-23 18:38:00,888 [main] INFO  http.HttpServer2 (HttpServer2.java:addFilter(948)) - Added filter static_user_filter (class=org.apache.hadoop.http.lib.StaticUserWebFilter$StaticUserFilter) to context hddsDatanode
2019-09-23 18:38:00,888 [main] INFO  http.HttpServer2 (HttpServer2.java:addFilter(958)) - Added filter static_user_filter (class=org.apache.hadoop.http.lib.StaticUserWebFilter$StaticUserFilter) to context logs
2019-09-23 18:38:00,888 [main] INFO  http.HttpServer2 (HttpServer2.java:addFilter(958)) - Added filter static_user_filter (class=org.apache.hadoop.http.lib.StaticUserWebFilter$StaticUserFilter) to context static
2019-09-23 18:38:00,889 [main] INFO  http.HttpServer2 (HttpServer2.java:bindListener(1191)) - Jetty bound to port 33113
2019-09-23 18:38:00,889 [main] INFO  server.Server (Server.java:doStart(351)) - jetty-9.3.24.v20180605, build timestamp: 2018-06-05T17:11:56Z, git hash: 84205aa28f11a4f31f2a3b86d1bba2cc8ab69827
2019-09-23 18:38:00,891 [main] INFO  handler.ContextHandler (ContextHandler.java:doStart(781)) - Started o.e.j.s.ServletContextHandler@2506b881{/logs,file:///workdir/hadoop-ozone/integration-test/target/log,AVAILABLE}
2019-09-23 18:38:00,891 [main] INFO  handler.ContextHandler (ContextHandler.java:doStart(781)) - Started o.e.j.s.ServletContextHandler@486bd064{/static,jar:file:/home/user/.m2/repository/org/apache/hadoop/hadoop-hdds-container-service/0.5.0-SNAPSHOT/hadoop-hdds-container-service-0.5.0-SNAPSHOT.jar!/webapps/static,AVAILABLE}
2019-09-23 18:38:00,923 [main] INFO  handler.ContextHandler (ContextHandler.java:doStart(781)) - Started o.e.j.w.WebAppContext@55361f03{/,file:///tmp/jetty-0.0.0.0-33113-hddsDatanode-_-any-3925928100082948819.dir/webapp/,AVAILABLE}{/hddsDatanode}
2019-09-23 18:38:00,924 [main] INFO  server.AbstractConnector (AbstractConnector.java:doStart(278)) - Started ServerConnector@581c9bb7{HTTP/1.1,[http/1.1]}{0.0.0.0:33113}
2019-09-23 18:38:00,926 [main] INFO  server.Server (Server.java:doStart(419)) - Started @223765ms
2019-09-23 18:38:00,926 [main] WARN  impl.MetricsSystemImpl (MetricsSystemImpl.java:register(276)) - Sink prometheus already exists!
2019-09-23 18:38:00,927 [main] INFO  server.BaseHttpServer (BaseHttpServer.java:updateConnectorAddress(215)) - HTTP server of HDDSDATANODE is listening at http://0.0.0.0:33113
2019-09-23 18:38:00,927 [main] INFO  impl.MetricsSystemImpl (MetricsSystemImpl.java:init(158)) - HddsDatanode metrics system started (again)
2019-09-23 18:38:00,931 [org.apache.hadoop.util.JvmPauseMonitor$Monitor@1acae364] INFO  util.JvmPauseMonitor (JvmPauseMonitor.java:run(188)) - Starting JVM pause monitor
2019-09-23 18:38:00,932 [main] INFO  ozone.HddsDatanodeService (HddsDatanodeService.java:start(184)) - HddsDatanodeService host:pr-hdds-2019-zzvnq-2455991580 ip:192.168.151.119
2019-09-23 18:38:00,933 [Datanode State Machine Thread - 0] INFO  datanode.InitDatanodeState (InitDatanodeState.java:persistContainerDatanodeDetails(140)) - DatanodeDetails is persisted to /workdir/hadoop-ozone/integration-test/target/test-dir/MiniOzoneClusterImpl-f1ec13dc-2055-4e20-82ea-d4d850253648/datanode-5/meta/datanode.id
2019-09-23 18:38:00,939 [main] INFO  volume.HddsVolume (HddsVolume.java:<init>(176)) - Creating Volume: /workdir/hadoop-ozone/integration-test/target/test-dir/MiniOzoneClusterImpl-f1ec13dc-2055-4e20-82ea-d4d850253648/datanode-6/data/containers/hdds of  storage type : DISK and capacity : 1482555576320
2019-09-23 18:38:00,939 [main] INFO  volume.VolumeSet (VolumeSet.java:initializeVolumeSet(170)) - Added Volume : /workdir/hadoop-ozone/integration-test/target/test-dir/MiniOzoneClusterImpl-f1ec13dc-2055-4e20-82ea-d4d850253648/datanode-6/data/containers/hdds to VolumeSet
2019-09-23 18:38:00,939 [main] INFO  volume.ThrottledAsyncChecker (ThrottledAsyncChecker.java:schedule(139)) - Scheduling a check for org.apache.hadoop.ozone.container.common.volume.HddsVolume@51888019
2019-09-23 18:38:00,940 [main] INFO  volume.HddsVolumeChecker (HddsVolumeChecker.java:checkAllVolumes(202)) - Scheduled health check for volume org.apache.hadoop.ozone.container.common.volume.HddsVolume@51888019
2019-09-23 18:38:00,954 [main] INFO  impl.RaftServerProxy (ConfUtils.java:logGet(43)) - raft.rpc.type = GRPC (default)
2019-09-23 18:38:00,955 [main] INFO  grpc.GrpcFactory (GrpcFactory.java:checkPooledByteBufAllocatorUseCacheForAllThreads(45)) - PERFORMANCE WARNING: useCacheForAllThreads is true that may cause Netty to create a lot garbage objects and, as a result, trigger GC.
	It is recommended to disable useCacheForAllThreads by setting -Dorg.apache.ratis.thirdparty.io.netty.allocator.useCacheForAllThreads=false in command line.
2019-09-23 18:38:00,955 [main] INFO  grpc.GrpcConfigKeys$Server (ConfUtils.java:logGet(43)) - raft.grpc.server.port = 0 (default)
2019-09-23 18:38:00,955 [main] INFO  server.GrpcService (ConfUtils.java:logGet(43)) - raft.grpc.message.size.max = 33570816 (custom)
2019-09-23 18:38:00,955 [main] INFO  server.RaftServerConfigKeys (ConfUtils.java:logGet(43)) - raft.server.log.appender.buffer.byte-limit = 33554432 (custom)
2019-09-23 18:38:00,956 [main] INFO  server.GrpcService (ConfUtils.java:logGet(43)) - raft.grpc.flow.control.window = 1MB (=1048576) (default)
2019-09-23 18:38:00,956 [main] INFO  server.RaftServerConfigKeys (ConfUtils.java:logGet(43)) - raft.server.rpc.request.timeout = 3000ms (default)
2019-09-23 18:38:00,956 [main] INFO  server.RaftServerConfigKeys (ConfUtils.java:logGet(43)) - raft.server.storage.dir = [/workdir/hadoop-ozone/integration-test/target/test-dir/MiniOzoneClusterImpl-f1ec13dc-2055-4e20-82ea-d4d850253648/datanode-6/data/ratis] (custom)
2019-09-23 18:38:00,958 [main] INFO  hdfs.DFSUtil (DFSUtil.java:httpServerTemplateForNNAndJN(1641)) - Starting Web-server for hddsDatanode at: http://0.0.0.0:0
2019-09-23 18:38:00,959 [main] INFO  server.AuthenticationFilter (AuthenticationFilter.java:constructSecretProvider(240)) - Unable to initialize FileSignerSecretProvider, falling back to use random secrets.
2019-09-23 18:38:00,959 [main] WARN  http.HttpRequestLog (HttpRequestLog.java:getRequestLog(97)) - Jetty request log can only be enabled using Log4j
2019-09-23 18:38:00,960 [main] INFO  http.HttpServer2 (HttpServer2.java:addGlobalFilter(975)) - Added global filter 'safety' (class=org.apache.hadoop.http.HttpServer2$QuotingInputFilter)
2019-09-23 18:38:00,961 [main] INFO  http.HttpServer2 (HttpServer2.java:addFilter(948)) - Added filter static_user_filter (class=org.apache.hadoop.http.lib.StaticUserWebFilter$StaticUserFilter) to context hddsDatanode
2019-09-23 18:38:00,961 [main] INFO  http.HttpServer2 (HttpServer2.java:addFilter(958)) - Added filter static_user_filter (class=org.apache.hadoop.http.lib.StaticUserWebFilter$StaticUserFilter) to context static
2019-09-23 18:38:00,961 [main] INFO  http.HttpServer2 (HttpServer2.java:addFilter(958)) - Added filter static_user_filter (class=org.apache.hadoop.http.lib.StaticUserWebFilter$StaticUserFilter) to context logs
2019-09-23 18:38:00,962 [main] INFO  http.HttpServer2 (HttpServer2.java:bindListener(1191)) - Jetty bound to port 40846
2019-09-23 18:38:00,962 [main] INFO  server.Server (Server.java:doStart(351)) - jetty-9.3.24.v20180605, build timestamp: 2018-06-05T17:11:56Z, git hash: 84205aa28f11a4f31f2a3b86d1bba2cc8ab69827
2019-09-23 18:38:00,964 [main] INFO  handler.ContextHandler (ContextHandler.java:doStart(781)) - Started o.e.j.s.ServletContextHandler@6b8b5020{/logs,file:///workdir/hadoop-ozone/integration-test/target/log,AVAILABLE}
2019-09-23 18:38:00,964 [main] INFO  handler.ContextHandler (ContextHandler.java:doStart(781)) - Started o.e.j.s.ServletContextHandler@5a7b309b{/static,jar:file:/home/user/.m2/repository/org/apache/hadoop/hadoop-hdds-container-service/0.5.0-SNAPSHOT/hadoop-hdds-container-service-0.5.0-SNAPSHOT.jar!/webapps/static,AVAILABLE}
2019-09-23 18:38:01,001 [main] INFO  handler.ContextHandler (ContextHandler.java:doStart(781)) - Started o.e.j.w.WebAppContext@1b8aaeab{/,file:///tmp/jetty-0.0.0.0-40846-hddsDatanode-_-any-5587090668261046073.dir/webapp/,AVAILABLE}{/hddsDatanode}
2019-09-23 18:38:01,002 [main] INFO  server.AbstractConnector (AbstractConnector.java:doStart(278)) - Started ServerConnector@5d1bdd4a{HTTP/1.1,[http/1.1]}{0.0.0.0:40846}
2019-09-23 18:38:01,004 [main] INFO  server.Server (Server.java:doStart(419)) - Started @223843ms
2019-09-23 18:38:01,004 [main] WARN  impl.MetricsSystemImpl (MetricsSystemImpl.java:register(276)) - Sink prometheus already exists!
2019-09-23 18:38:01,005 [main] INFO  server.BaseHttpServer (BaseHttpServer.java:updateConnectorAddress(215)) - HTTP server of HDDSDATANODE is listening at http://0.0.0.0:40846
2019-09-23 18:38:01,005 [main] INFO  ozone.MiniOzoneClusterImpl (MiniOzoneClusterImpl.java:lambda$waitForClusterToBeReady$0(147)) - Waiting for cluster to be ready. Got 0 of 7 DN Heartbeats.
2019-09-23 18:38:01,007 [org.apache.hadoop.util.JvmPauseMonitor$Monitor@1f91960e] INFO  util.JvmPauseMonitor (JvmPauseMonitor.java:run(188)) - Starting JVM pause monitor
2019-09-23 18:38:01,008 [Datanode State Machine Thread - 0] INFO  datanode.InitDatanodeState (InitDatanodeState.java:persistContainerDatanodeDetails(140)) - DatanodeDetails is persisted to /workdir/hadoop-ozone/integration-test/target/test-dir/MiniOzoneClusterImpl-f1ec13dc-2055-4e20-82ea-d4d850253648/datanode-6/meta/datanode.id
2019-09-23 18:38:02,005 [main] INFO  ozone.MiniOzoneClusterImpl (MiniOzoneClusterImpl.java:lambda$waitForClusterToBeReady$0(147)) - Waiting for cluster to be ready. Got 0 of 7 DN Heartbeats.
2019-09-23 18:38:02,622 [Datanode State Machine Thread - 0] INFO  ozoneimpl.OzoneContainer (OzoneContainer.java:start(217)) - Attempting to start container services.
2019-09-23 18:38:02,623 [Datanode State Machine Thread - 0] INFO  ozoneimpl.OzoneContainer (OzoneContainer.java:startContainerScrub(179)) - Background container scanner has been disabled.
2019-09-23 18:38:02,624 [Datanode State Machine Thread - 0] INFO  ratis.XceiverServerRatis (XceiverServerRatis.java:start(411)) - Starting XceiverServerRatis 9de50355-2df4-4fe2-bacd-c3d729e212d2 at port 0
2019-09-23 18:38:02,632 [Datanode State Machine Thread - 0] INFO  impl.RaftServerProxy (RaftServerProxy.java:lambda$start$3(299)) - 9de50355-2df4-4fe2-bacd-c3d729e212d2: start RPC server
2019-09-23 18:38:02,635 [Datanode State Machine Thread - 0] INFO  ozoneimpl.OzoneContainer (OzoneContainer.java:start(217)) - Attempting to start container services.
2019-09-23 18:38:02,635 [Datanode State Machine Thread - 0] INFO  server.GrpcService (GrpcService.java:startImpl(158)) - 9de50355-2df4-4fe2-bacd-c3d729e212d2: GrpcService started, listening on 0.0.0.0/0.0.0.0:40739
2019-09-23 18:38:02,635 [Datanode State Machine Thread - 0] INFO  ozoneimpl.OzoneContainer (OzoneContainer.java:startContainerScrub(179)) - Background container scanner has been disabled.
2019-09-23 18:38:02,635 [Datanode State Machine Thread - 0] INFO  ratis.XceiverServerRatis (XceiverServerRatis.java:start(421)) - XceiverServerRatis 9de50355-2df4-4fe2-bacd-c3d729e212d2 is started using port 40739
2019-09-23 18:38:02,636 [Datanode State Machine Thread - 0] INFO  ratis.XceiverServerRatis (XceiverServerRatis.java:start(411)) - Starting XceiverServerRatis c8b59faf-a124-4506-94d3-f2011aefc751 at port 0
2019-09-23 18:38:02,636 [Datanode State Machine Thread - 0] INFO  server.XceiverServerGrpc (XceiverServerGrpc.java:start(149)) - XceiverServerGrpc 9de50355-2df4-4fe2-bacd-c3d729e212d2 is started using port 39569
2019-09-23 18:38:02,645 [Datanode State Machine Thread - 0] INFO  impl.RaftServerProxy (RaftServerProxy.java:lambda$start$3(299)) - c8b59faf-a124-4506-94d3-f2011aefc751: start RPC server
2019-09-23 18:38:02,647 [Datanode State Machine Thread - 0] INFO  server.GrpcService (GrpcService.java:startImpl(158)) - c8b59faf-a124-4506-94d3-f2011aefc751: GrpcService started, listening on 0.0.0.0/0.0.0.0:36413
2019-09-23 18:38:02,647 [Datanode State Machine Thread - 0] INFO  ratis.XceiverServerRatis (XceiverServerRatis.java:start(421)) - XceiverServerRatis c8b59faf-a124-4506-94d3-f2011aefc751 is started using port 36413
2019-09-23 18:38:02,647 [Datanode State Machine Thread - 0] INFO  server.XceiverServerGrpc (XceiverServerGrpc.java:start(149)) - XceiverServerGrpc c8b59faf-a124-4506-94d3-f2011aefc751 is started using port 34540
2019-09-23 18:38:02,710 [Datanode State Machine Thread - 0] INFO  ozoneimpl.OzoneContainer (OzoneContainer.java:start(217)) - Attempting to start container services.
2019-09-23 18:38:02,710 [Datanode State Machine Thread - 0] INFO  ozoneimpl.OzoneContainer (OzoneContainer.java:startContainerScrub(179)) - Background container scanner has been disabled.
2019-09-23 18:38:02,710 [Datanode State Machine Thread - 0] INFO  ratis.XceiverServerRatis (XceiverServerRatis.java:start(411)) - Starting XceiverServerRatis bbcb5749-6ac1-4efe-ae1b-619d11e71108 at port 0
2019-09-23 18:38:02,717 [Datanode State Machine Thread - 0] INFO  impl.RaftServerProxy (RaftServerProxy.java:lambda$start$3(299)) - bbcb5749-6ac1-4efe-ae1b-619d11e71108: start RPC server
2019-09-23 18:38:02,718 [Datanode State Machine Thread - 0] INFO  server.GrpcService (GrpcService.java:startImpl(158)) - bbcb5749-6ac1-4efe-ae1b-619d11e71108: GrpcService started, listening on 0.0.0.0/0.0.0.0:39987
2019-09-23 18:38:02,718 [Datanode State Machine Thread - 0] INFO  ratis.XceiverServerRatis (XceiverServerRatis.java:start(421)) - XceiverServerRatis bbcb5749-6ac1-4efe-ae1b-619d11e71108 is started using port 39987
2019-09-23 18:38:02,719 [Datanode State Machine Thread - 0] INFO  server.XceiverServerGrpc (XceiverServerGrpc.java:start(149)) - XceiverServerGrpc bbcb5749-6ac1-4efe-ae1b-619d11e71108 is started using port 33257
2019-09-23 18:38:02,794 [Datanode State Machine Thread - 0] INFO  ozoneimpl.OzoneContainer (OzoneContainer.java:start(217)) - Attempting to start container services.
2019-09-23 18:38:02,795 [Datanode State Machine Thread - 0] INFO  ozoneimpl.OzoneContainer (OzoneContainer.java:startContainerScrub(179)) - Background container scanner has been disabled.
2019-09-23 18:38:02,795 [Datanode State Machine Thread - 0] INFO  ratis.XceiverServerRatis (XceiverServerRatis.java:start(411)) - Starting XceiverServerRatis 61dd343f-311b-4399-958c-cb8c35ca8db2 at port 0
2019-09-23 18:38:02,803 [Datanode State Machine Thread - 0] INFO  impl.RaftServerProxy (RaftServerProxy.java:lambda$start$3(299)) - 61dd343f-311b-4399-958c-cb8c35ca8db2: start RPC server
2019-09-23 18:38:02,806 [Datanode State Machine Thread - 0] INFO  server.GrpcService (GrpcService.java:startImpl(158)) - 61dd343f-311b-4399-958c-cb8c35ca8db2: GrpcService started, listening on 0.0.0.0/0.0.0.0:43698
2019-09-23 18:38:02,806 [Datanode State Machine Thread - 0] INFO  ratis.XceiverServerRatis (XceiverServerRatis.java:start(421)) - XceiverServerRatis 61dd343f-311b-4399-958c-cb8c35ca8db2 is started using port 43698
2019-09-23 18:38:02,807 [Datanode State Machine Thread - 0] INFO  server.XceiverServerGrpc (XceiverServerGrpc.java:start(149)) - XceiverServerGrpc 61dd343f-311b-4399-958c-cb8c35ca8db2 is started using port 46812
2019-09-23 18:38:02,869 [Datanode State Machine Thread - 0] INFO  ozoneimpl.OzoneContainer (OzoneContainer.java:start(217)) - Attempting to start container services.
2019-09-23 18:38:02,869 [Datanode State Machine Thread - 0] INFO  ozoneimpl.OzoneContainer (OzoneContainer.java:startContainerScrub(179)) - Background container scanner has been disabled.
2019-09-23 18:38:02,869 [Datanode State Machine Thread - 0] INFO  ratis.XceiverServerRatis (XceiverServerRatis.java:start(411)) - Starting XceiverServerRatis d441aa57-a3ea-45e5-9d24-ff1f3f15c9a6 at port 0
2019-09-23 18:38:02,877 [Datanode State Machine Thread - 0] INFO  impl.RaftServerProxy (RaftServerProxy.java:lambda$start$3(299)) - d441aa57-a3ea-45e5-9d24-ff1f3f15c9a6: start RPC server
2019-09-23 18:38:02,878 [Datanode State Machine Thread - 0] INFO  server.GrpcService (GrpcService.java:startImpl(158)) - d441aa57-a3ea-45e5-9d24-ff1f3f15c9a6: GrpcService started, listening on 0.0.0.0/0.0.0.0:37157
2019-09-23 18:38:02,878 [Datanode State Machine Thread - 0] INFO  ratis.XceiverServerRatis (XceiverServerRatis.java:start(421)) - XceiverServerRatis d441aa57-a3ea-45e5-9d24-ff1f3f15c9a6 is started using port 37157
2019-09-23 18:38:02,879 [Datanode State Machine Thread - 0] INFO  server.XceiverServerGrpc (XceiverServerGrpc.java:start(149)) - XceiverServerGrpc d441aa57-a3ea-45e5-9d24-ff1f3f15c9a6 is started using port 42938
2019-09-23 18:38:02,945 [Datanode State Machine Thread - 0] INFO  ozoneimpl.OzoneContainer (OzoneContainer.java:start(217)) - Attempting to start container services.
2019-09-23 18:38:02,946 [Datanode State Machine Thread - 0] INFO  ozoneimpl.OzoneContainer (OzoneContainer.java:startContainerScrub(179)) - Background container scanner has been disabled.
2019-09-23 18:38:02,946 [Datanode State Machine Thread - 0] INFO  ratis.XceiverServerRatis (XceiverServerRatis.java:start(411)) - Starting XceiverServerRatis 5f98e96f-b0cd-44fb-97a3-4fa4a5fb692e at port 0
2019-09-23 18:38:02,952 [Datanode State Machine Thread - 0] INFO  impl.RaftServerProxy (RaftServerProxy.java:lambda$start$3(299)) - 5f98e96f-b0cd-44fb-97a3-4fa4a5fb692e: start RPC server
2019-09-23 18:38:02,955 [Datanode State Machine Thread - 0] INFO  server.GrpcService (GrpcService.java:startImpl(158)) - 5f98e96f-b0cd-44fb-97a3-4fa4a5fb692e: GrpcService started, listening on 0.0.0.0/0.0.0.0:33522
2019-09-23 18:38:02,955 [Datanode State Machine Thread - 0] INFO  ratis.XceiverServerRatis (XceiverServerRatis.java:start(421)) - XceiverServerRatis 5f98e96f-b0cd-44fb-97a3-4fa4a5fb692e is started using port 33522
2019-09-23 18:38:02,958 [Datanode State Machine Thread - 0] INFO  server.XceiverServerGrpc (XceiverServerGrpc.java:start(149)) - XceiverServerGrpc 5f98e96f-b0cd-44fb-97a3-4fa4a5fb692e is started using port 46818
2019-09-23 18:38:03,006 [main] INFO  ozone.MiniOzoneClusterImpl (MiniOzoneClusterImpl.java:lambda$waitForClusterToBeReady$0(147)) - Waiting for cluster to be ready. Got 0 of 7 DN Heartbeats.
2019-09-23 18:38:03,022 [Datanode State Machine Thread - 0] INFO  ozoneimpl.OzoneContainer (OzoneContainer.java:start(217)) - Attempting to start container services.
2019-09-23 18:38:03,022 [Datanode State Machine Thread - 0] INFO  ozoneimpl.OzoneContainer (OzoneContainer.java:startContainerScrub(179)) - Background container scanner has been disabled.
2019-09-23 18:38:03,022 [Datanode State Machine Thread - 0] INFO  ratis.XceiverServerRatis (XceiverServerRatis.java:start(411)) - Starting XceiverServerRatis fd053d16-ac53-4008-81fa-c682e6f9d8f1 at port 0
2019-09-23 18:38:03,029 [Datanode State Machine Thread - 0] INFO  impl.RaftServerProxy (RaftServerProxy.java:lambda$start$3(299)) - fd053d16-ac53-4008-81fa-c682e6f9d8f1: start RPC server
2019-09-23 18:38:03,032 [Datanode State Machine Thread - 0] INFO  server.GrpcService (GrpcService.java:startImpl(158)) - fd053d16-ac53-4008-81fa-c682e6f9d8f1: GrpcService started, listening on 0.0.0.0/0.0.0.0:41277
2019-09-23 18:38:03,032 [Datanode State Machine Thread - 0] INFO  ratis.XceiverServerRatis (XceiverServerRatis.java:start(421)) - XceiverServerRatis fd053d16-ac53-4008-81fa-c682e6f9d8f1 is started using port 41277
2019-09-23 18:38:03,048 [Datanode State Machine Thread - 0] INFO  server.XceiverServerGrpc (XceiverServerGrpc.java:start(149)) - XceiverServerGrpc fd053d16-ac53-4008-81fa-c682e6f9d8f1 is started using port 38290
2019-09-23 18:38:04,007 [main] INFO  ozone.MiniOzoneClusterImpl (MiniOzoneClusterImpl.java:lambda$waitForClusterToBeReady$0(147)) - Waiting for cluster to be ready. Got 0 of 7 DN Heartbeats.
2019-09-23 18:38:04,549 [IPC Server handler 1 on 36306] INFO  net.NetworkTopology (NetworkTopologyImpl.java:add(111)) - Added a new node: /default-rack/9de50355-2df4-4fe2-bacd-c3d729e212d2
2019-09-23 18:38:04,552 [IPC Server handler 1 on 36306] INFO  node.SCMNodeManager (SCMNodeManager.java:register(266)) - Registered Data node : 9de50355-2df4-4fe2-bacd-c3d729e212d2{ip: 192.168.151.119, host: pr-hdds-2019-zzvnq-2455991580, networkLocation: /default-rack, certSerialId: null}
2019-09-23 18:38:04,553 [EventQueue-NodeRegistrationContainerReportForDataNodeSafeModeRule] INFO  safemode.SCMSafeModeManager (DataNodeSafeModeRule.java:process(71)) - SCM in safe mode. 1 DataNodes registered, 1 required.
2019-09-23 18:38:04,556 [EventQueue-NodeRegistrationContainerReportForDataNodeSafeModeRule] INFO  safemode.SCMSafeModeManager (SCMSafeModeManager.java:validateSafeModeExitRules(177)) - ScmSafeModeManager, all rules are successfully validated
2019-09-23 18:38:04,556 [EventQueue-NodeRegistrationContainerReportForDataNodeSafeModeRule] INFO  safemode.SCMSafeModeManager (SCMSafeModeManager.java:exitSafeMode(193)) - SCM exiting safe mode.
2019-09-23 18:38:04,585 [grpc-default-executor-8] INFO  impl.RaftServerProxy (RaftServerProxy.java:addNew(89)) - 9de50355-2df4-4fe2-bacd-c3d729e212d2: addNew group-C4919D7DC0C3:[9de50355-2df4-4fe2-bacd-c3d729e212d2:192.168.151.119:40739] returns group-C4919D7DC0C3:java.util.concurrent.CompletableFuture@17eb1226[Not completed]
2019-09-23 18:38:04,587 [pool-383-thread-1] INFO  impl.RaftServerImpl (RaftServerImpl.java:<init>(95)) - 9de50355-2df4-4fe2-bacd-c3d729e212d2: new RaftServerImpl for group-C4919D7DC0C3:[9de50355-2df4-4fe2-bacd-c3d729e212d2:192.168.151.119:40739] with ContainerStateMachine:uninitialized
2019-09-23 18:38:04,587 [pool-383-thread-1] INFO  server.RaftServerConfigKeys (ConfUtils.java:logGet(43)) - raft.server.rpc.timeout.min = 5s (custom)
2019-09-23 18:38:04,588 [pool-383-thread-1] INFO  server.RaftServerConfigKeys (ConfUtils.java:logGet(43)) - raft.server.rpc.timeout.max = 5200ms (custom)
2019-09-23 18:38:04,588 [pool-383-thread-1] INFO  server.RaftServerConfigKeys (ConfUtils.java:logGet(43)) - raft.server.rpcslowness.timeout = 120s (custom)
2019-09-23 18:38:04,588 [pool-383-thread-1] INFO  server.RaftServerConfigKeys (ConfUtils.java:logGet(43)) - raft.server.sleep.deviation.threshold = 300 (default)
2019-09-23 18:38:04,588 [pool-383-thread-1] INFO  server.RaftServerConfigKeys (ConfUtils.java:logGet(43)) - raft.server.log.appender.install.snapshot.enabled = false (custom)
2019-09-23 18:38:04,588 [pool-383-thread-1] INFO  impl.RaftServerImpl (ServerState.java:<init>(103)) - 9de50355-2df4-4fe2-bacd-c3d729e212d2@group-C4919D7DC0C3: ConfigurationManager, init=-1: [9de50355-2df4-4fe2-bacd-c3d729e212d2:192.168.151.119:40739], old=null, confs=<EMPTY_MAP>
2019-09-23 18:38:04,589 [pool-383-thread-1] INFO  server.RaftServerConfigKeys (ConfUtils.java:logGet(43)) - raft.server.storage.dir = [/workdir/hadoop-ozone/integration-test/target/test-dir/MiniOzoneClusterImpl-f1ec13dc-2055-4e20-82ea-d4d850253648/datanode-0/data/ratis] (custom)
2019-09-23 18:38:04,589 [pool-383-thread-1] INFO  storage.RaftStorageDirectory (RaftStorageDirectory.java:analyzeStorage(246)) - The storage directory /workdir/hadoop-ozone/integration-test/target/test-dir/MiniOzoneClusterImpl-f1ec13dc-2055-4e20-82ea-d4d850253648/datanode-0/data/ratis/374e6331-8581-43cf-8ece-c4919d7dc0c3 does not exist. Creating ...
2019-09-23 18:38:04,602 [pool-383-thread-1] INFO  storage.RaftStorageDirectory (RaftStorageDirectory.java:tryLock(328)) - Lock on /workdir/hadoop-ozone/integration-test/target/test-dir/MiniOzoneClusterImpl-f1ec13dc-2055-4e20-82ea-d4d850253648/datanode-0/data/ratis/374e6331-8581-43cf-8ece-c4919d7dc0c3/in_use.lock acquired by nodename 22452@pr-hdds-2019-zzvnq-2455991580
2019-09-23 18:38:04,614 [pool-383-thread-1] INFO  storage.RaftStorage (RaftStorage.java:format(72)) - Storage directory /workdir/hadoop-ozone/integration-test/target/test-dir/MiniOzoneClusterImpl-f1ec13dc-2055-4e20-82ea-d4d850253648/datanode-0/data/ratis/374e6331-8581-43cf-8ece-c4919d7dc0c3 has been successfully formatted.
2019-09-23 18:38:04,615 [pool-383-thread-1] INFO  ratis.ContainerStateMachine (ContainerStateMachine.java:loadSnapshot(230)) - group-C4919D7DC0C3: The snapshot info is null. Setting the last applied indexto:(t:0, i:~)
2019-09-23 18:38:04,615 [pool-383-thread-1] INFO  server.RaftServerConfigKeys (ConfUtils.java:logGet(43)) - raft.server.notification.no-leader.timeout = 120s (custom)
2019-09-23 18:38:04,615 [pool-383-thread-1] INFO  server.RaftServerConfigKeys (ConfUtils.java:logGet(43)) - raft.server.log.use.memory = false (default)
2019-09-23 18:38:04,615 [pool-383-thread-1] INFO  server.RaftServerConfigKeys (ConfUtils.java:logGet(43)) - raft.server.log.purge.gap = 1000000 (custom)
2019-09-23 18:38:04,615 [pool-383-thread-1] INFO  server.RaftServerConfigKeys (ConfUtils.java:logGet(43)) - raft.server.log.appender.buffer.byte-limit = 33554432 (custom)
2019-09-23 18:38:04,615 [pool-383-thread-1] INFO  server.RaftServerConfigKeys (ConfUtils.java:logGet(43)) - raft.server.log.segment.size.max = 1048576 (custom)
2019-09-23 18:38:04,615 [pool-383-thread-1] INFO  server.RaftServerConfigKeys (ConfUtils.java:logGet(43)) - raft.server.log.segment.cache.num.max = 2 (custom)
2019-09-23 18:38:04,616 [pool-383-thread-1] INFO  segmented.SegmentedRaftLogWorker (SegmentedRaftLogWorker.java:<init>(172)) - new 9de50355-2df4-4fe2-bacd-c3d729e212d2@group-C4919D7DC0C3-SegmentedRaftLogWorker for RaftStorage:Storage Directory /workdir/hadoop-ozone/integration-test/target/test-dir/MiniOzoneClusterImpl-f1ec13dc-2055-4e20-82ea-d4d850253648/datanode-0/data/ratis/374e6331-8581-43cf-8ece-c4919d7dc0c3
2019-09-23 18:38:04,617 [pool-383-thread-1] INFO  server.RaftServerConfigKeys (ConfUtils.java:logGet(43)) - raft.server.log.queue.byte-limit = 2147483647 (custom)
2019-09-23 18:38:04,617 [pool-383-thread-1] INFO  server.RaftServerConfigKeys (ConfUtils.java:logGet(43)) - raft.server.log.queue.element-limit = 1024 (custom)
2019-09-23 18:38:04,617 [pool-383-thread-1] INFO  server.RaftServerConfigKeys (ConfUtils.java:logGet(43)) - raft.server.log.segment.size.max = 1048576 (custom)
2019-09-23 18:38:04,618 [pool-383-thread-1] INFO  server.RaftServerConfigKeys (ConfUtils.java:logGet(43)) - raft.server.log.preallocated.size = 16384 (custom)
2019-09-23 18:38:04,618 [pool-383-thread-1] INFO  server.RaftServerConfigKeys (ConfUtils.java:logGet(43)) - raft.server.log.write.buffer.size = 33554432 (custom)
2019-09-23 18:38:04,618 [pool-383-thread-1] INFO  server.RaftServerConfigKeys (ConfUtils.java:logGet(43)) - raft.server.log.force.sync.num = 128 (default)
2019-09-23 18:38:04,618 [pool-383-thread-1] INFO  server.RaftServerConfigKeys (ConfUtils.java:logGet(43)) - raft.server.log.statemachine.data.sync = true (default)
2019-09-23 18:38:04,618 [pool-383-thread-1] INFO  server.RaftServerConfigKeys (ConfUtils.java:logGet(43)) - raft.server.log.statemachine.data.sync.timeout = 10s (default)
2019-09-23 18:38:04,618 [pool-383-thread-1] INFO  server.RaftServerConfigKeys (ConfUtils.java:logGet(43)) - raft.server.log.statemachine.data.sync.timeout.retry = -1 (default)
2019-09-23 18:38:04,618 [pool-383-thread-1] INFO  server.RaftServerConfigKeys (ConfUtils.java:logGet(43)) - raft.server.log.statemachine.data.caching.enabled = true (custom)
2019-09-23 18:38:04,619 [pool-383-thread-1] INFO  segmented.SegmentedRaftLogWorker (SegmentedRaftLogWorker.java:lambda$new$0(132)) - 9de50355-2df4-4fe2-bacd-c3d729e212d2@group-C4919D7DC0C3-SegmentedRaftLogWorker: flushIndex: setUnconditionally 0 -> -1
2019-09-23 18:38:04,619 [pool-383-thread-1] INFO  server.RaftServerConfigKeys (ConfUtils.java:logGet(43)) - raft.server.snapshot.auto.trigger.enabled = true (custom)
2019-09-23 18:38:04,619 [pool-383-thread-1] INFO  server.RaftServerConfigKeys (ConfUtils.java:logGet(43)) - raft.server.snapshot.auto.trigger.threshold = 10000 (custom)
2019-09-23 18:38:04,619 [pool-383-thread-1] INFO  server.RaftServerConfigKeys (ConfUtils.java:logGet(43)) - raft.server.snapshot.retention.num.files = 5 (custom)
2019-09-23 18:38:04,620 [pool-383-thread-1] INFO  server.RaftServerConfigKeys (ConfUtils.java:logGet(43)) - raft.server.retrycache.expirytime = 600000ms (custom)
2019-09-23 18:38:04,620 [IPC Server handler 3 on 36306] INFO  net.NetworkTopology (NetworkTopologyImpl.java:add(111)) - Added a new node: /default-rack/c8b59faf-a124-4506-94d3-f2011aefc751
2019-09-23 18:38:04,620 [IPC Server handler 3 on 36306] INFO  node.SCMNodeManager (SCMNodeManager.java:register(266)) - Registered Data node : c8b59faf-a124-4506-94d3-f2011aefc751{ip: 192.168.151.119, host: pr-hdds-2019-zzvnq-2455991580, networkLocation: /default-rack, certSerialId: null}
2019-09-23 18:38:04,622 [pool-383-thread-1] INFO  impl.RaftServerImpl (RaftServerImpl.java:start(185)) - 9de50355-2df4-4fe2-bacd-c3d729e212d2@group-C4919D7DC0C3: start as a follower, conf=-1: [9de50355-2df4-4fe2-bacd-c3d729e212d2:192.168.151.119:40739], old=null
2019-09-23 18:38:04,622 [pool-383-thread-1] INFO  impl.RaftServerImpl (RaftServerImpl.java:setRole(174)) - 9de50355-2df4-4fe2-bacd-c3d729e212d2@group-C4919D7DC0C3: changes role from      null to FOLLOWER at term 0 for startAsFollower
2019-09-23 18:38:04,622 [pool-383-thread-1] INFO  impl.RoleInfo (RoleInfo.java:updateAndGet(143)) - 9de50355-2df4-4fe2-bacd-c3d729e212d2: start FollowerState
2019-09-23 18:38:04,622 [pool-383-thread-1] INFO  util.JmxRegister (JmxRegister.java:tryRegister(44)) - Successfully registered JMX Bean with object name Ratis:service=RaftServer,group=group-C4919D7DC0C3,id=9de50355-2df4-4fe2-bacd-c3d729e212d2
2019-09-23 18:38:04,642 [RatisPipelineUtilsThread] INFO  pipeline.PipelineStateManager (PipelineStateManager.java:addPipeline(56)) - Created pipeline Pipeline[ Id: 374e6331-8581-43cf-8ece-c4919d7dc0c3, Nodes: 9de50355-2df4-4fe2-bacd-c3d729e212d2{ip: 192.168.151.119, host: pr-hdds-2019-zzvnq-2455991580, networkLocation: /default-rack, certSerialId: null}, Type:RATIS, Factor:ONE, State:OPEN]
2019-09-23 18:38:04,650 [grpc-default-executor-8] INFO  impl.RaftServerProxy (RaftServerProxy.java:addNew(89)) - c8b59faf-a124-4506-94d3-f2011aefc751: addNew group-F857A1BE90A2:[c8b59faf-a124-4506-94d3-f2011aefc751:192.168.151.119:36413] returns group-F857A1BE90A2:java.util.concurrent.CompletableFuture@7df52794[Not completed]
2019-09-23 18:38:04,652 [pool-393-thread-1] INFO  impl.RaftServerImpl (RaftServerImpl.java:<init>(95)) - c8b59faf-a124-4506-94d3-f2011aefc751: new RaftServerImpl for group-F857A1BE90A2:[c8b59faf-a124-4506-94d3-f2011aefc751:192.168.151.119:36413] with ContainerStateMachine:uninitialized
2019-09-23 18:38:04,652 [pool-393-thread-1] INFO  server.RaftServerConfigKeys (ConfUtils.java:logGet(43)) - raft.server.rpc.timeout.min = 5s (custom)
2019-09-23 18:38:04,652 [pool-393-thread-1] INFO  server.RaftServerConfigKeys (ConfUtils.java:logGet(43)) - raft.server.rpc.timeout.max = 5200ms (custom)
2019-09-23 18:38:04,652 [pool-393-thread-1] INFO  server.RaftServerConfigKeys (ConfUtils.java:logGet(43)) - raft.server.rpcslowness.timeout = 120s (custom)
2019-09-23 18:38:04,652 [pool-393-thread-1] INFO  server.RaftServerConfigKeys (ConfUtils.java:logGet(43)) - raft.server.sleep.deviation.threshold = 300 (default)
2019-09-23 18:38:04,652 [pool-393-thread-1] INFO  server.RaftServerConfigKeys (ConfUtils.java:logGet(43)) - raft.server.log.appender.install.snapshot.enabled = false (custom)
2019-09-23 18:38:04,652 [pool-393-thread-1] INFO  impl.RaftServerImpl (ServerState.java:<init>(103)) - c8b59faf-a124-4506-94d3-f2011aefc751@group-F857A1BE90A2: ConfigurationManager, init=-1: [c8b59faf-a124-4506-94d3-f2011aefc751:192.168.151.119:36413], old=null, confs=<EMPTY_MAP>
2019-09-23 18:38:04,652 [pool-393-thread-1] INFO  server.RaftServerConfigKeys (ConfUtils.java:logGet(43)) - raft.server.storage.dir = [/workdir/hadoop-ozone/integration-test/target/test-dir/MiniOzoneClusterImpl-f1ec13dc-2055-4e20-82ea-d4d850253648/datanode-1/data/ratis] (custom)
2019-09-23 18:38:04,653 [pool-393-thread-1] INFO  storage.RaftStorageDirectory (RaftStorageDirectory.java:analyzeStorage(246)) - The storage directory /workdir/hadoop-ozone/integration-test/target/test-dir/MiniOzoneClusterImpl-f1ec13dc-2055-4e20-82ea-d4d850253648/datanode-1/data/ratis/d7527bae-3691-4bf6-9fbc-f857a1be90a2 does not exist. Creating ...
2019-09-23 18:38:04,665 [pool-393-thread-1] INFO  storage.RaftStorageDirectory (RaftStorageDirectory.java:tryLock(328)) - Lock on /workdir/hadoop-ozone/integration-test/target/test-dir/MiniOzoneClusterImpl-f1ec13dc-2055-4e20-82ea-d4d850253648/datanode-1/data/ratis/d7527bae-3691-4bf6-9fbc-f857a1be90a2/in_use.lock acquired by nodename 22452@pr-hdds-2019-zzvnq-2455991580
2019-09-23 18:38:04,678 [pool-393-thread-1] INFO  storage.RaftStorage (RaftStorage.java:format(72)) - Storage directory /workdir/hadoop-ozone/integration-test/target/test-dir/MiniOzoneClusterImpl-f1ec13dc-2055-4e20-82ea-d4d850253648/datanode-1/data/ratis/d7527bae-3691-4bf6-9fbc-f857a1be90a2 has been successfully formatted.
2019-09-23 18:38:04,678 [pool-393-thread-1] INFO  ratis.ContainerStateMachine (ContainerStateMachine.java:loadSnapshot(230)) - group-F857A1BE90A2: The snapshot info is null. Setting the last applied indexto:(t:0, i:~)
2019-09-23 18:38:04,678 [pool-393-thread-1] INFO  server.RaftServerConfigKeys (ConfUtils.java:logGet(43)) - raft.server.notification.no-leader.timeout = 120s (custom)
2019-09-23 18:38:04,678 [pool-393-thread-1] INFO  server.RaftServerConfigKeys (ConfUtils.java:logGet(43)) - raft.server.log.use.memory = false (default)
2019-09-23 18:38:04,679 [pool-393-thread-1] INFO  server.RaftServerConfigKeys (ConfUtils.java:logGet(43)) - raft.server.log.purge.gap = 1000000 (custom)
2019-09-23 18:38:04,679 [pool-393-thread-1] INFO  server.RaftServerConfigKeys (ConfUtils.java:logGet(43)) - raft.server.log.appender.buffer.byte-limit = 33554432 (custom)
2019-09-23 18:38:04,679 [pool-393-thread-1] INFO  server.RaftServerConfigKeys (ConfUtils.java:logGet(43)) - raft.server.log.segment.size.max = 1048576 (custom)
2019-09-23 18:38:04,679 [pool-393-thread-1] INFO  server.RaftServerConfigKeys (ConfUtils.java:logGet(43)) - raft.server.log.segment.cache.num.max = 2 (custom)
2019-09-23 18:38:04,679 [pool-393-thread-1] INFO  segmented.SegmentedRaftLogWorker (SegmentedRaftLogWorker.java:<init>(172)) - new c8b59faf-a124-4506-94d3-f2011aefc751@group-F857A1BE90A2-SegmentedRaftLogWorker for RaftStorage:Storage Directory /workdir/hadoop-ozone/integration-test/target/test-dir/MiniOzoneClusterImpl-f1ec13dc-2055-4e20-82ea-d4d850253648/datanode-1/data/ratis/d7527bae-3691-4bf6-9fbc-f857a1be90a2
2019-09-23 18:38:04,680 [pool-393-thread-1] INFO  server.RaftServerConfigKeys (ConfUtils.java:logGet(43)) - raft.server.log.queue.byte-limit = 2147483647 (custom)
2019-09-23 18:38:04,680 [pool-393-thread-1] INFO  server.RaftServerConfigKeys (ConfUtils.java:logGet(43)) - raft.server.log.queue.element-limit = 1024 (custom)
2019-09-23 18:38:04,680 [pool-393-thread-1] INFO  server.RaftServerConfigKeys (ConfUtils.java:logGet(43)) - raft.server.log.segment.size.max = 1048576 (custom)
2019-09-23 18:38:04,680 [pool-393-thread-1] INFO  server.RaftServerConfigKeys (ConfUtils.java:logGet(43)) - raft.server.log.preallocated.size = 16384 (custom)
2019-09-23 18:38:04,680 [pool-393-thread-1] INFO  server.RaftServerConfigKeys (ConfUtils.java:logGet(43)) - raft.server.log.write.buffer.size = 33554432 (custom)
2019-09-23 18:38:04,680 [pool-393-thread-1] INFO  server.RaftServerConfigKeys (ConfUtils.java:logGet(43)) - raft.server.log.force.sync.num = 128 (default)
2019-09-23 18:38:04,681 [pool-393-thread-1] INFO  server.RaftServerConfigKeys (ConfUtils.java:logGet(43)) - raft.server.log.statemachine.data.sync = true (default)
2019-09-23 18:38:04,681 [pool-393-thread-1] INFO  server.RaftServerConfigKeys (ConfUtils.java:logGet(43)) - raft.server.log.statemachine.data.sync.timeout = 10s (default)
2019-09-23 18:38:04,681 [pool-393-thread-1] INFO  server.RaftServerConfigKeys (ConfUtils.java:logGet(43)) - raft.server.log.statemachine.data.sync.timeout.retry = -1 (default)
2019-09-23 18:38:04,681 [pool-393-thread-1] INFO  server.RaftServerConfigKeys (ConfUtils.java:logGet(43)) - raft.server.log.statemachine.data.caching.enabled = true (custom)
2019-09-23 18:38:04,681 [pool-393-thread-1] INFO  segmented.SegmentedRaftLogWorker (SegmentedRaftLogWorker.java:lambda$new$0(132)) - c8b59faf-a124-4506-94d3-f2011aefc751@group-F857A1BE90A2-SegmentedRaftLogWorker: flushIndex: setUnconditionally 0 -> -1
2019-09-23 18:38:04,681 [pool-393-thread-1] INFO  server.RaftServerConfigKeys (ConfUtils.java:logGet(43)) - raft.server.snapshot.auto.trigger.enabled = true (custom)
2019-09-23 18:38:04,682 [pool-393-thread-1] INFO  server.RaftServerConfigKeys (ConfUtils.java:logGet(43)) - raft.server.snapshot.auto.trigger.threshold = 10000 (custom)
2019-09-23 18:38:04,682 [pool-393-thread-1] INFO  server.RaftServerConfigKeys (ConfUtils.java:logGet(43)) - raft.server.snapshot.retention.num.files = 5 (custom)
2019-09-23 18:38:04,682 [pool-393-thread-1] INFO  server.RaftServerConfigKeys (ConfUtils.java:logGet(43)) - raft.server.retrycache.expirytime = 600000ms (custom)
2019-09-23 18:38:04,683 [pool-393-thread-1] INFO  impl.RaftServerImpl (RaftServerImpl.java:start(185)) - c8b59faf-a124-4506-94d3-f2011aefc751@group-F857A1BE90A2: start as a follower, conf=-1: [c8b59faf-a124-4506-94d3-f2011aefc751:192.168.151.119:36413], old=null
2019-09-23 18:38:04,683 [pool-393-thread-1] INFO  impl.RaftServerImpl (RaftServerImpl.java:setRole(174)) - c8b59faf-a124-4506-94d3-f2011aefc751@group-F857A1BE90A2: changes role from      null to FOLLOWER at term 0 for startAsFollower
2019-09-23 18:38:04,683 [pool-393-thread-1] INFO  impl.RoleInfo (RoleInfo.java:updateAndGet(143)) - c8b59faf-a124-4506-94d3-f2011aefc751: start FollowerState
2019-09-23 18:38:04,683 [pool-393-thread-1] INFO  util.JmxRegister (JmxRegister.java:tryRegister(44)) - Successfully registered JMX Bean with object name Ratis:service=RaftServer,group=group-F857A1BE90A2,id=c8b59faf-a124-4506-94d3-f2011aefc751
2019-09-23 18:38:04,688 [RatisPipelineUtilsThread] INFO  pipeline.PipelineStateManager (PipelineStateManager.java:addPipeline(56)) - Created pipeline Pipeline[ Id: d7527bae-3691-4bf6-9fbc-f857a1be90a2, Nodes: c8b59faf-a124-4506-94d3-f2011aefc751{ip: 192.168.151.119, host: pr-hdds-2019-zzvnq-2455991580, networkLocation: /default-rack, certSerialId: null}, Type:RATIS, Factor:ONE, State:OPEN]
2019-09-23 18:38:04,703 [IPC Server handler 4 on 36306] INFO  net.NetworkTopology (NetworkTopologyImpl.java:add(111)) - Added a new node: /default-rack/bbcb5749-6ac1-4efe-ae1b-619d11e71108
2019-09-23 18:38:04,703 [IPC Server handler 4 on 36306] INFO  node.SCMNodeManager (SCMNodeManager.java:register(266)) - Registered Data node : bbcb5749-6ac1-4efe-ae1b-619d11e71108{ip: 192.168.151.119, host: pr-hdds-2019-zzvnq-2455991580, networkLocation: /default-rack, certSerialId: null}
2019-09-23 18:38:04,712 [grpc-default-executor-8] INFO  impl.RaftServerProxy (RaftServerProxy.java:addNew(89)) - bbcb5749-6ac1-4efe-ae1b-619d11e71108: addNew group-446716E46538:[bbcb5749-6ac1-4efe-ae1b-619d11e71108:192.168.151.119:39987] returns group-446716E46538:java.util.concurrent.CompletableFuture@3429af82[Not completed]
2019-09-23 18:38:04,713 [pool-403-thread-1] INFO  impl.RaftServerImpl (RaftServerImpl.java:<init>(95)) - bbcb5749-6ac1-4efe-ae1b-619d11e71108: new RaftServerImpl for group-446716E46538:[bbcb5749-6ac1-4efe-ae1b-619d11e71108:192.168.151.119:39987] with ContainerStateMachine:uninitialized
2019-09-23 18:38:04,713 [pool-403-thread-1] INFO  server.RaftServerConfigKeys (ConfUtils.java:logGet(43)) - raft.server.rpc.timeout.min = 5s (custom)
2019-09-23 18:38:04,713 [pool-403-thread-1] INFO  server.RaftServerConfigKeys (ConfUtils.java:logGet(43)) - raft.server.rpc.timeout.max = 5200ms (custom)
2019-09-23 18:38:04,713 [pool-403-thread-1] INFO  server.RaftServerConfigKeys (ConfUtils.java:logGet(43)) - raft.server.rpcslowness.timeout = 120s (custom)
2019-09-23 18:38:04,713 [pool-403-thread-1] INFO  server.RaftServerConfigKeys (ConfUtils.java:logGet(43)) - raft.server.sleep.deviation.threshold = 300 (default)
2019-09-23 18:38:04,713 [pool-403-thread-1] INFO  server.RaftServerConfigKeys (ConfUtils.java:logGet(43)) - raft.server.log.appender.install.snapshot.enabled = false (custom)
2019-09-23 18:38:04,713 [pool-403-thread-1] INFO  impl.RaftServerImpl (ServerState.java:<init>(103)) - bbcb5749-6ac1-4efe-ae1b-619d11e71108@group-446716E46538: ConfigurationManager, init=-1: [bbcb5749-6ac1-4efe-ae1b-619d11e71108:192.168.151.119:39987], old=null, confs=<EMPTY_MAP>
2019-09-23 18:38:04,714 [pool-403-thread-1] INFO  server.RaftServerConfigKeys (ConfUtils.java:logGet(43)) - raft.server.storage.dir = [/workdir/hadoop-ozone/integration-test/target/test-dir/MiniOzoneClusterImpl-f1ec13dc-2055-4e20-82ea-d4d850253648/datanode-2/data/ratis] (custom)
2019-09-23 18:38:04,714 [pool-403-thread-1] INFO  storage.RaftStorageDirectory (RaftStorageDirectory.java:analyzeStorage(246)) - The storage directory /workdir/hadoop-ozone/integration-test/target/test-dir/MiniOzoneClusterImpl-f1ec13dc-2055-4e20-82ea-d4d850253648/datanode-2/data/ratis/7b91a992-aa2c-43bc-b8f0-446716e46538 does not exist. Creating ...
2019-09-23 18:38:04,727 [pool-403-thread-1] INFO  storage.RaftStorageDirectory (RaftStorageDirectory.java:tryLock(328)) - Lock on /workdir/hadoop-ozone/integration-test/target/test-dir/MiniOzoneClusterImpl-f1ec13dc-2055-4e20-82ea-d4d850253648/datanode-2/data/ratis/7b91a992-aa2c-43bc-b8f0-446716e46538/in_use.lock acquired by nodename 22452@pr-hdds-2019-zzvnq-2455991580
2019-09-23 18:38:04,739 [pool-403-thread-1] INFO  storage.RaftStorage (RaftStorage.java:format(72)) - Storage directory /workdir/hadoop-ozone/integration-test/target/test-dir/MiniOzoneClusterImpl-f1ec13dc-2055-4e20-82ea-d4d850253648/datanode-2/data/ratis/7b91a992-aa2c-43bc-b8f0-446716e46538 has been successfully formatted.
2019-09-23 18:38:04,739 [pool-403-thread-1] INFO  ratis.ContainerStateMachine (ContainerStateMachine.java:loadSnapshot(230)) - group-446716E46538: The snapshot info is null. Setting the last applied indexto:(t:0, i:~)
2019-09-23 18:38:04,739 [pool-403-thread-1] INFO  server.RaftServerConfigKeys (ConfUtils.java:logGet(43)) - raft.server.notification.no-leader.timeout = 120s (custom)
2019-09-23 18:38:04,740 [pool-403-thread-1] INFO  server.RaftServerConfigKeys (ConfUtils.java:logGet(43)) - raft.server.log.use.memory = false (default)
2019-09-23 18:38:04,740 [pool-403-thread-1] INFO  server.RaftServerConfigKeys (ConfUtils.java:logGet(43)) - raft.server.log.purge.gap = 1000000 (custom)
2019-09-23 18:38:04,740 [pool-403-thread-1] INFO  server.RaftServerConfigKeys (ConfUtils.java:logGet(43)) - raft.server.log.appender.buffer.byte-limit = 33554432 (custom)
2019-09-23 18:38:04,740 [pool-403-thread-1] INFO  server.RaftServerConfigKeys (ConfUtils.java:logGet(43)) - raft.server.log.segment.size.max = 1048576 (custom)
2019-09-23 18:38:04,740 [pool-403-thread-1] INFO  server.RaftServerConfigKeys (ConfUtils.java:logGet(43)) - raft.server.log.segment.cache.num.max = 2 (custom)
2019-09-23 18:38:04,740 [pool-403-thread-1] INFO  segmented.SegmentedRaftLogWorker (SegmentedRaftLogWorker.java:<init>(172)) - new bbcb5749-6ac1-4efe-ae1b-619d11e71108@group-446716E46538-SegmentedRaftLogWorker for RaftStorage:Storage Directory /workdir/hadoop-ozone/integration-test/target/test-dir/MiniOzoneClusterImpl-f1ec13dc-2055-4e20-82ea-d4d850253648/datanode-2/data/ratis/7b91a992-aa2c-43bc-b8f0-446716e46538
2019-09-23 18:38:04,741 [pool-403-thread-1] INFO  server.RaftServerConfigKeys (ConfUtils.java:logGet(43)) - raft.server.log.queue.byte-limit = 2147483647 (custom)
2019-09-23 18:38:04,742 [pool-403-thread-1] INFO  server.RaftServerConfigKeys (ConfUtils.java:logGet(43)) - raft.server.log.queue.element-limit = 1024 (custom)
2019-09-23 18:38:04,742 [pool-403-thread-1] INFO  server.RaftServerConfigKeys (ConfUtils.java:logGet(43)) - raft.server.log.segment.size.max = 1048576 (custom)
2019-09-23 18:38:04,742 [pool-403-thread-1] INFO  server.RaftServerConfigKeys (ConfUtils.java:logGet(43)) - raft.server.log.preallocated.size = 16384 (custom)
2019-09-23 18:38:04,742 [pool-403-thread-1] INFO  server.RaftServerConfigKeys (ConfUtils.java:logGet(43)) - raft.server.log.write.buffer.size = 33554432 (custom)
2019-09-23 18:38:04,742 [pool-403-thread-1] INFO  server.RaftServerConfigKeys (ConfUtils.java:logGet(43)) - raft.server.log.force.sync.num = 128 (default)
2019-09-23 18:38:04,742 [pool-403-thread-1] INFO  server.RaftServerConfigKeys (ConfUtils.java:logGet(43)) - raft.server.log.statemachine.data.sync = true (default)
2019-09-23 18:38:04,742 [pool-403-thread-1] INFO  server.RaftServerConfigKeys (ConfUtils.java:logGet(43)) - raft.server.log.statemachine.data.sync.timeout = 10s (default)
2019-09-23 18:38:04,742 [pool-403-thread-1] INFO  server.RaftServerConfigKeys (ConfUtils.java:logGet(43)) - raft.server.log.statemachine.data.sync.timeout.retry = -1 (default)
2019-09-23 18:38:04,742 [pool-403-thread-1] INFO  server.RaftServerConfigKeys (ConfUtils.java:logGet(43)) - raft.server.log.statemachine.data.caching.enabled = true (custom)
2019-09-23 18:38:04,743 [pool-403-thread-1] INFO  segmented.SegmentedRaftLogWorker (SegmentedRaftLogWorker.java:lambda$new$0(132)) - bbcb5749-6ac1-4efe-ae1b-619d11e71108@group-446716E46538-SegmentedRaftLogWorker: flushIndex: setUnconditionally 0 -> -1
2019-09-23 18:38:04,743 [pool-403-thread-1] INFO  server.RaftServerConfigKeys (ConfUtils.java:logGet(43)) - raft.server.snapshot.auto.trigger.enabled = true (custom)
2019-09-23 18:38:04,743 [pool-403-thread-1] INFO  server.RaftServerConfigKeys (ConfUtils.java:logGet(43)) - raft.server.snapshot.auto.trigger.threshold = 10000 (custom)
2019-09-23 18:38:04,743 [pool-403-thread-1] INFO  server.RaftServerConfigKeys (ConfUtils.java:logGet(43)) - raft.server.snapshot.retention.num.files = 5 (custom)
2019-09-23 18:38:04,743 [pool-403-thread-1] INFO  server.RaftServerConfigKeys (ConfUtils.java:logGet(43)) - raft.server.retrycache.expirytime = 600000ms (custom)
2019-09-23 18:38:04,745 [pool-403-thread-1] INFO  impl.RaftServerImpl (RaftServerImpl.java:start(185)) - bbcb5749-6ac1-4efe-ae1b-619d11e71108@group-446716E46538: start as a follower, conf=-1: [bbcb5749-6ac1-4efe-ae1b-619d11e71108:192.168.151.119:39987], old=null
2019-09-23 18:38:04,745 [pool-403-thread-1] INFO  impl.RaftServerImpl (RaftServerImpl.java:setRole(174)) - bbcb5749-6ac1-4efe-ae1b-619d11e71108@group-446716E46538: changes role from      null to FOLLOWER at term 0 for startAsFollower
2019-09-23 18:38:04,745 [pool-403-thread-1] INFO  impl.RoleInfo (RoleInfo.java:updateAndGet(143)) - bbcb5749-6ac1-4efe-ae1b-619d11e71108: start FollowerState
2019-09-23 18:38:04,745 [pool-403-thread-1] INFO  util.JmxRegister (JmxRegister.java:tryRegister(44)) - Successfully registered JMX Bean with object name Ratis:service=RaftServer,group=group-446716E46538,id=bbcb5749-6ac1-4efe-ae1b-619d11e71108
2019-09-23 18:38:04,750 [RatisPipelineUtilsThread] INFO  pipeline.PipelineStateManager (PipelineStateManager.java:addPipeline(56)) - Created pipeline Pipeline[ Id: 7b91a992-aa2c-43bc-b8f0-446716e46538, Nodes: bbcb5749-6ac1-4efe-ae1b-619d11e71108{ip: 192.168.151.119, host: pr-hdds-2019-zzvnq-2455991580, networkLocation: /default-rack, certSerialId: null}, Type:RATIS, Factor:ONE, State:OPEN]
2019-09-23 18:38:04,765 [grpc-default-executor-4] INFO  impl.RaftServerProxy (RaftServerProxy.java:addNew(89)) - c8b59faf-a124-4506-94d3-f2011aefc751: addNew group-36114D9969DD:[c8b59faf-a124-4506-94d3-f2011aefc751:192.168.151.119:36413, bbcb5749-6ac1-4efe-ae1b-619d11e71108:192.168.151.119:39987, 9de50355-2df4-4fe2-bacd-c3d729e212d2:192.168.151.119:40739] returns group-36114D9969DD:java.util.concurrent.CompletableFuture@2f3d90a6[Not completed]
2019-09-23 18:38:04,765 [grpc-default-executor-0] INFO  impl.RaftServerProxy (RaftServerProxy.java:addNew(89)) - bbcb5749-6ac1-4efe-ae1b-619d11e71108: addNew group-36114D9969DD:[c8b59faf-a124-4506-94d3-f2011aefc751:192.168.151.119:36413, bbcb5749-6ac1-4efe-ae1b-619d11e71108:192.168.151.119:39987, 9de50355-2df4-4fe2-bacd-c3d729e212d2:192.168.151.119:40739] returns group-36114D9969DD:java.util.concurrent.CompletableFuture@78f97b1d[Not completed]
2019-09-23 18:38:04,768 [grpc-default-executor-8] INFO  impl.RaftServerProxy (RaftServerProxy.java:addNew(89)) - 9de50355-2df4-4fe2-bacd-c3d729e212d2: addNew group-36114D9969DD:[c8b59faf-a124-4506-94d3-f2011aefc751:192.168.151.119:36413, bbcb5749-6ac1-4efe-ae1b-619d11e71108:192.168.151.119:39987, 9de50355-2df4-4fe2-bacd-c3d729e212d2:192.168.151.119:40739] returns group-36114D9969DD:java.util.concurrent.CompletableFuture@51c43a3c[Not completed]
2019-09-23 18:38:04,769 [pool-393-thread-1] INFO  impl.RaftServerImpl (RaftServerImpl.java:<init>(95)) - c8b59faf-a124-4506-94d3-f2011aefc751: new RaftServerImpl for group-36114D9969DD:[c8b59faf-a124-4506-94d3-f2011aefc751:192.168.151.119:36413, bbcb5749-6ac1-4efe-ae1b-619d11e71108:192.168.151.119:39987, 9de50355-2df4-4fe2-bacd-c3d729e212d2:192.168.151.119:40739] with ContainerStateMachine:uninitialized
2019-09-23 18:38:04,769 [pool-393-thread-1] INFO  server.RaftServerConfigKeys (ConfUtils.java:logGet(43)) - raft.server.rpc.timeout.min = 5s (custom)
2019-09-23 18:38:04,769 [pool-393-thread-1] INFO  server.RaftServerConfigKeys (ConfUtils.java:logGet(43)) - raft.server.rpc.timeout.max = 5200ms (custom)
2019-09-23 18:38:04,769 [pool-393-thread-1] INFO  server.RaftServerConfigKeys (ConfUtils.java:logGet(43)) - raft.server.rpcslowness.timeout = 120s (custom)
2019-09-23 18:38:04,769 [pool-393-thread-1] INFO  server.RaftServerConfigKeys (ConfUtils.java:logGet(43)) - raft.server.sleep.deviation.threshold = 300 (default)
2019-09-23 18:38:04,769 [pool-393-thread-1] INFO  server.RaftServerConfigKeys (ConfUtils.java:logGet(43)) - raft.server.log.appender.install.snapshot.enabled = false (custom)
2019-09-23 18:38:04,769 [pool-403-thread-1] INFO  impl.RaftServerImpl (RaftServerImpl.java:<init>(95)) - bbcb5749-6ac1-4efe-ae1b-619d11e71108: new RaftServerImpl for group-36114D9969DD:[c8b59faf-a124-4506-94d3-f2011aefc751:192.168.151.119:36413, bbcb5749-6ac1-4efe-ae1b-619d11e71108:192.168.151.119:39987, 9de50355-2df4-4fe2-bacd-c3d729e212d2:192.168.151.119:40739] with ContainerStateMachine:uninitialized
2019-09-23 18:38:04,769 [pool-393-thread-1] INFO  impl.RaftServerImpl (ServerState.java:<init>(103)) - c8b59faf-a124-4506-94d3-f2011aefc751@group-36114D9969DD: ConfigurationManager, init=-1: [c8b59faf-a124-4506-94d3-f2011aefc751:192.168.151.119:36413, bbcb5749-6ac1-4efe-ae1b-619d11e71108:192.168.151.119:39987, 9de50355-2df4-4fe2-bacd-c3d729e212d2:192.168.151.119:40739], old=null, confs=<EMPTY_MAP>
2019-09-23 18:38:04,769 [pool-403-thread-1] INFO  server.RaftServerConfigKeys (ConfUtils.java:logGet(43)) - raft.server.rpc.timeout.min = 5s (custom)
2019-09-23 18:38:04,770 [pool-393-thread-1] INFO  server.RaftServerConfigKeys (ConfUtils.java:logGet(43)) - raft.server.storage.dir = [/workdir/hadoop-ozone/integration-test/target/test-dir/MiniOzoneClusterImpl-f1ec13dc-2055-4e20-82ea-d4d850253648/datanode-1/data/ratis] (custom)
2019-09-23 18:38:04,770 [pool-403-thread-1] INFO  server.RaftServerConfigKeys (ConfUtils.java:logGet(43)) - raft.server.rpc.timeout.max = 5200ms (custom)
2019-09-23 18:38:04,770 [pool-403-thread-1] INFO  server.RaftServerConfigKeys (ConfUtils.java:logGet(43)) - raft.server.rpcslowness.timeout = 120s (custom)
2019-09-23 18:38:04,770 [pool-383-thread-1] INFO  impl.RaftServerImpl (RaftServerImpl.java:<init>(95)) - 9de50355-2df4-4fe2-bacd-c3d729e212d2: new RaftServerImpl for group-36114D9969DD:[c8b59faf-a124-4506-94d3-f2011aefc751:192.168.151.119:36413, bbcb5749-6ac1-4efe-ae1b-619d11e71108:192.168.151.119:39987, 9de50355-2df4-4fe2-bacd-c3d729e212d2:192.168.151.119:40739] with ContainerStateMachine:uninitialized
2019-09-23 18:38:04,770 [pool-393-thread-1] INFO  storage.RaftStorageDirectory (RaftStorageDirectory.java:analyzeStorage(246)) - The storage directory /workdir/hadoop-ozone/integration-test/target/test-dir/MiniOzoneClusterImpl-f1ec13dc-2055-4e20-82ea-d4d850253648/datanode-1/data/ratis/04c07fac-05f3-43ff-8d59-36114d9969dd does not exist. Creating ...
2019-09-23 18:38:04,770 [pool-383-thread-1] INFO  server.RaftServerConfigKeys (ConfUtils.java:logGet(43)) - raft.server.rpc.timeout.min = 5s (custom)
2019-09-23 18:38:04,770 [pool-403-thread-1] INFO  server.RaftServerConfigKeys (ConfUtils.java:logGet(43)) - raft.server.sleep.deviation.threshold = 300 (default)
2019-09-23 18:38:04,770 [pool-383-thread-1] INFO  server.RaftServerConfigKeys (ConfUtils.java:logGet(43)) - raft.server.rpc.timeout.max = 5200ms (custom)
2019-09-23 18:38:04,770 [pool-403-thread-1] INFO  server.RaftServerConfigKeys (ConfUtils.java:logGet(43)) - raft.server.log.appender.install.snapshot.enabled = false (custom)
2019-09-23 18:38:04,771 [pool-403-thread-1] INFO  impl.RaftServerImpl (ServerState.java:<init>(103)) - bbcb5749-6ac1-4efe-ae1b-619d11e71108@group-36114D9969DD: ConfigurationManager, init=-1: [c8b59faf-a124-4506-94d3-f2011aefc751:192.168.151.119:36413, bbcb5749-6ac1-4efe-ae1b-619d11e71108:192.168.151.119:39987, 9de50355-2df4-4fe2-bacd-c3d729e212d2:192.168.151.119:40739], old=null, confs=<EMPTY_MAP>
2019-09-23 18:38:04,771 [pool-383-thread-1] INFO  server.RaftServerConfigKeys (ConfUtils.java:logGet(43)) - raft.server.rpcslowness.timeout = 120s (custom)
2019-09-23 18:38:04,771 [pool-403-thread-1] INFO  server.RaftServerConfigKeys (ConfUtils.java:logGet(43)) - raft.server.storage.dir = [/workdir/hadoop-ozone/integration-test/target/test-dir/MiniOzoneClusterImpl-f1ec13dc-2055-4e20-82ea-d4d850253648/datanode-2/data/ratis] (custom)
2019-09-23 18:38:04,771 [pool-383-thread-1] INFO  server.RaftServerConfigKeys (ConfUtils.java:logGet(43)) - raft.server.sleep.deviation.threshold = 300 (default)
2019-09-23 18:38:04,771 [pool-383-thread-1] INFO  server.RaftServerConfigKeys (ConfUtils.java:logGet(43)) - raft.server.log.appender.install.snapshot.enabled = false (custom)
2019-09-23 18:38:04,771 [pool-403-thread-1] INFO  storage.RaftStorageDirectory (RaftStorageDirectory.java:analyzeStorage(246)) - The storage directory /workdir/hadoop-ozone/integration-test/target/test-dir/MiniOzoneClusterImpl-f1ec13dc-2055-4e20-82ea-d4d850253648/datanode-2/data/ratis/04c07fac-05f3-43ff-8d59-36114d9969dd does not exist. Creating ...
2019-09-23 18:38:04,772 [pool-383-thread-1] INFO  impl.RaftServerImpl (ServerState.java:<init>(103)) - 9de50355-2df4-4fe2-bacd-c3d729e212d2@group-36114D9969DD: ConfigurationManager, init=-1: [c8b59faf-a124-4506-94d3-f2011aefc751:192.168.151.119:36413, bbcb5749-6ac1-4efe-ae1b-619d11e71108:192.168.151.119:39987, 9de50355-2df4-4fe2-bacd-c3d729e212d2:192.168.151.119:40739], old=null, confs=<EMPTY_MAP>
2019-09-23 18:38:04,772 [pool-383-thread-1] INFO  server.RaftServerConfigKeys (ConfUtils.java:logGet(43)) - raft.server.storage.dir = [/workdir/hadoop-ozone/integration-test/target/test-dir/MiniOzoneClusterImpl-f1ec13dc-2055-4e20-82ea-d4d850253648/datanode-0/data/ratis] (custom)
2019-09-23 18:38:04,772 [pool-383-thread-1] INFO  storage.RaftStorageDirectory (RaftStorageDirectory.java:analyzeStorage(246)) - The storage directory /workdir/hadoop-ozone/integration-test/target/test-dir/MiniOzoneClusterImpl-f1ec13dc-2055-4e20-82ea-d4d850253648/datanode-0/data/ratis/04c07fac-05f3-43ff-8d59-36114d9969dd does not exist. Creating ...
2019-09-23 18:38:04,782 [IPC Server handler 5 on 36306] INFO  net.NetworkTopology (NetworkTopologyImpl.java:add(111)) - Added a new node: /default-rack/61dd343f-311b-4399-958c-cb8c35ca8db2
2019-09-23 18:38:04,782 [IPC Server handler 5 on 36306] INFO  node.SCMNodeManager (SCMNodeManager.java:register(266)) - Registered Data node : 61dd343f-311b-4399-958c-cb8c35ca8db2{ip: 192.168.151.119, host: pr-hdds-2019-zzvnq-2455991580, networkLocation: /default-rack, certSerialId: null}
2019-09-23 18:38:04,783 [pool-393-thread-1] INFO  storage.RaftStorageDirectory (RaftStorageDirectory.java:tryLock(328)) - Lock on /workdir/hadoop-ozone/integration-test/target/test-dir/MiniOzoneClusterImpl-f1ec13dc-2055-4e20-82ea-d4d850253648/datanode-1/data/ratis/04c07fac-05f3-43ff-8d59-36114d9969dd/in_use.lock acquired by nodename 22452@pr-hdds-2019-zzvnq-2455991580
2019-09-23 18:38:04,783 [pool-383-thread-1] INFO  storage.RaftStorageDirectory (RaftStorageDirectory.java:tryLock(328)) - Lock on /workdir/hadoop-ozone/integration-test/target/test-dir/MiniOzoneClusterImpl-f1ec13dc-2055-4e20-82ea-d4d850253648/datanode-0/data/ratis/04c07fac-05f3-43ff-8d59-36114d9969dd/in_use.lock acquired by nodename 22452@pr-hdds-2019-zzvnq-2455991580
2019-09-23 18:38:04,783 [pool-403-thread-1] INFO  storage.RaftStorageDirectory (RaftStorageDirectory.java:tryLock(328)) - Lock on /workdir/hadoop-ozone/integration-test/target/test-dir/MiniOzoneClusterImpl-f1ec13dc-2055-4e20-82ea-d4d850253648/datanode-2/data/ratis/04c07fac-05f3-43ff-8d59-36114d9969dd/in_use.lock acquired by nodename 22452@pr-hdds-2019-zzvnq-2455991580
2019-09-23 18:38:04,808 [pool-393-thread-1] INFO  storage.RaftStorage (RaftStorage.java:format(72)) - Storage directory /workdir/hadoop-ozone/integration-test/target/test-dir/MiniOzoneClusterImpl-f1ec13dc-2055-4e20-82ea-d4d850253648/datanode-1/data/ratis/04c07fac-05f3-43ff-8d59-36114d9969dd has been successfully formatted.
2019-09-23 18:38:04,808 [pool-383-thread-1] INFO  storage.RaftStorage (RaftStorage.java:format(72)) - Storage directory /workdir/hadoop-ozone/integration-test/target/test-dir/MiniOzoneClusterImpl-f1ec13dc-2055-4e20-82ea-d4d850253648/datanode-0/data/ratis/04c07fac-05f3-43ff-8d59-36114d9969dd has been successfully formatted.
2019-09-23 18:38:04,808 [pool-403-thread-1] INFO  storage.RaftStorage (RaftStorage.java:format(72)) - Storage directory /workdir/hadoop-ozone/integration-test/target/test-dir/MiniOzoneClusterImpl-f1ec13dc-2055-4e20-82ea-d4d850253648/datanode-2/data/ratis/04c07fac-05f3-43ff-8d59-36114d9969dd has been successfully formatted.
2019-09-23 18:38:04,809 [pool-383-thread-1] INFO  ratis.ContainerStateMachine (ContainerStateMachine.java:loadSnapshot(230)) - group-36114D9969DD: The snapshot info is null. Setting the last applied indexto:(t:0, i:~)
2019-09-23 18:38:04,809 [pool-403-thread-1] INFO  ratis.ContainerStateMachine (ContainerStateMachine.java:loadSnapshot(230)) - group-36114D9969DD: The snapshot info is null. Setting the last applied indexto:(t:0, i:~)
2019-09-23 18:38:04,808 [pool-393-thread-1] INFO  ratis.ContainerStateMachine (ContainerStateMachine.java:loadSnapshot(230)) - group-36114D9969DD: The snapshot info is null. Setting the last applied indexto:(t:0, i:~)
2019-09-23 18:38:04,809 [pool-403-thread-1] INFO  server.RaftServerConfigKeys (ConfUtils.java:logGet(43)) - raft.server.notification.no-leader.timeout = 120s (custom)
2019-09-23 18:38:04,809 [pool-383-thread-1] INFO  server.RaftServerConfigKeys (ConfUtils.java:logGet(43)) - raft.server.notification.no-leader.timeout = 120s (custom)
2019-09-23 18:38:04,809 [pool-403-thread-1] INFO  server.RaftServerConfigKeys (ConfUtils.java:logGet(43)) - raft.server.log.use.memory = false (default)
2019-09-23 18:38:04,809 [pool-393-thread-1] INFO  server.RaftServerConfigKeys (ConfUtils.java:logGet(43)) - raft.server.notification.no-leader.timeout = 120s (custom)
2019-09-23 18:38:04,810 [pool-403-thread-1] INFO  server.RaftServerConfigKeys (ConfUtils.java:logGet(43)) - raft.server.log.purge.gap = 1000000 (custom)
2019-09-23 18:38:04,809 [pool-383-thread-1] INFO  server.RaftServerConfigKeys (ConfUtils.java:logGet(43)) - raft.server.log.use.memory = false (default)
2019-09-23 18:38:04,810 [pool-403-thread-1] INFO  server.RaftServerConfigKeys (ConfUtils.java:logGet(43)) - raft.server.log.appender.buffer.byte-limit = 33554432 (custom)
2019-09-23 18:38:04,810 [pool-393-thread-1] INFO  server.RaftServerConfigKeys (ConfUtils.java:logGet(43)) - raft.server.log.use.memory = false (default)
2019-09-23 18:38:04,810 [pool-403-thread-1] INFO  server.RaftServerConfigKeys (ConfUtils.java:logGet(43)) - raft.server.log.segment.size.max = 1048576 (custom)
2019-09-23 18:38:04,810 [pool-383-thread-1] INFO  server.RaftServerConfigKeys (ConfUtils.java:logGet(43)) - raft.server.log.purge.gap = 1000000 (custom)
2019-09-23 18:38:04,810 [pool-403-thread-1] INFO  server.RaftServerConfigKeys (ConfUtils.java:logGet(43)) - raft.server.log.segment.cache.num.max = 2 (custom)
2019-09-23 18:38:04,810 [pool-393-thread-1] INFO  server.RaftServerConfigKeys (ConfUtils.java:logGet(43)) - raft.server.log.purge.gap = 1000000 (custom)
2019-09-23 18:38:04,810 [pool-403-thread-1] INFO  segmented.SegmentedRaftLogWorker (SegmentedRaftLogWorker.java:<init>(172)) - new bbcb5749-6ac1-4efe-ae1b-619d11e71108@group-36114D9969DD-SegmentedRaftLogWorker for RaftStorage:Storage Directory /workdir/hadoop-ozone/integration-test/target/test-dir/MiniOzoneClusterImpl-f1ec13dc-2055-4e20-82ea-d4d850253648/datanode-2/data/ratis/04c07fac-05f3-43ff-8d59-36114d9969dd
2019-09-23 18:38:04,810 [pool-383-thread-1] INFO  server.RaftServerConfigKeys (ConfUtils.java:logGet(43)) - raft.server.log.appender.buffer.byte-limit = 33554432 (custom)
2019-09-23 18:38:04,811 [pool-403-thread-1] INFO  server.RaftServerConfigKeys (ConfUtils.java:logGet(43)) - raft.server.log.queue.byte-limit = 2147483647 (custom)
2019-09-23 18:38:04,811 [pool-393-thread-1] INFO  server.RaftServerConfigKeys (ConfUtils.java:logGet(43)) - raft.server.log.appender.buffer.byte-limit = 33554432 (custom)
2019-09-23 18:38:04,811 [pool-403-thread-1] INFO  server.RaftServerConfigKeys (ConfUtils.java:logGet(43)) - raft.server.log.queue.element-limit = 1024 (custom)
2019-09-23 18:38:04,811 [pool-383-thread-1] INFO  server.RaftServerConfigKeys (ConfUtils.java:logGet(43)) - raft.server.log.segment.size.max = 1048576 (custom)
2019-09-23 18:38:04,811 [pool-403-thread-1] INFO  server.RaftServerConfigKeys (ConfUtils.java:logGet(43)) - raft.server.log.segment.size.max = 1048576 (custom)
2019-09-23 18:38:04,811 [pool-393-thread-1] INFO  server.RaftServerConfigKeys (ConfUtils.java:logGet(43)) - raft.server.log.segment.size.max = 1048576 (custom)
2019-09-23 18:38:04,811 [pool-403-thread-1] INFO  server.RaftServerConfigKeys (ConfUtils.java:logGet(43)) - raft.server.log.preallocated.size = 16384 (custom)
2019-09-23 18:38:04,811 [pool-383-thread-1] INFO  server.RaftServerConfigKeys (ConfUtils.java:logGet(43)) - raft.server.log.segment.cache.num.max = 2 (custom)
2019-09-23 18:38:04,812 [pool-403-thread-1] INFO  server.RaftServerConfigKeys (ConfUtils.java:logGet(43)) - raft.server.log.write.buffer.size = 33554432 (custom)
2019-09-23 18:38:04,812 [pool-393-thread-1] INFO  server.RaftServerConfigKeys (ConfUtils.java:logGet(43)) - raft.server.log.segment.cache.num.max = 2 (custom)
2019-09-23 18:38:04,812 [pool-403-thread-1] INFO  server.RaftServerConfigKeys (ConfUtils.java:logGet(43)) - raft.server.log.force.sync.num = 128 (default)
2019-09-23 18:38:04,812 [pool-383-thread-1] INFO  segmented.SegmentedRaftLogWorker (SegmentedRaftLogWorker.java:<init>(172)) - new 9de50355-2df4-4fe2-bacd-c3d729e212d2@group-36114D9969DD-SegmentedRaftLogWorker for RaftStorage:Storage Directory /workdir/hadoop-ozone/integration-test/target/test-dir/MiniOzoneClusterImpl-f1ec13dc-2055-4e20-82ea-d4d850253648/datanode-0/data/ratis/04c07fac-05f3-43ff-8d59-36114d9969dd
2019-09-23 18:38:04,812 [pool-403-thread-1] INFO  server.RaftServerConfigKeys (ConfUtils.java:logGet(43)) - raft.server.log.statemachine.data.sync = true (default)
2019-09-23 18:38:04,812 [pool-393-thread-1] INFO  segmented.SegmentedRaftLogWorker (SegmentedRaftLogWorker.java:<init>(172)) - new c8b59faf-a124-4506-94d3-f2011aefc751@group-36114D9969DD-SegmentedRaftLogWorker for RaftStorage:Storage Directory /workdir/hadoop-ozone/integration-test/target/test-dir/MiniOzoneClusterImpl-f1ec13dc-2055-4e20-82ea-d4d850253648/datanode-1/data/ratis/04c07fac-05f3-43ff-8d59-36114d9969dd
2019-09-23 18:38:04,812 [pool-403-thread-1] INFO  server.RaftServerConfigKeys (ConfUtils.java:logGet(43)) - raft.server.log.statemachine.data.sync.timeout = 10s (default)
2019-09-23 18:38:04,812 [pool-383-thread-1] INFO  server.RaftServerConfigKeys (ConfUtils.java:logGet(43)) - raft.server.log.queue.byte-limit = 2147483647 (custom)
2019-09-23 18:38:04,813 [pool-403-thread-1] INFO  server.RaftServerConfigKeys (ConfUtils.java:logGet(43)) - raft.server.log.statemachine.data.sync.timeout.retry = -1 (default)
2019-09-23 18:38:04,813 [pool-393-thread-1] INFO  server.RaftServerConfigKeys (ConfUtils.java:logGet(43)) - raft.server.log.queue.byte-limit = 2147483647 (custom)
2019-09-23 18:38:04,813 [pool-403-thread-1] INFO  server.RaftServerConfigKeys (ConfUtils.java:logGet(43)) - raft.server.log.statemachine.data.caching.enabled = true (custom)
2019-09-23 18:38:04,813 [pool-383-thread-1] INFO  server.RaftServerConfigKeys (ConfUtils.java:logGet(43)) - raft.server.log.queue.element-limit = 1024 (custom)
2019-09-23 18:38:04,813 [pool-393-thread-1] INFO  server.RaftServerConfigKeys (ConfUtils.java:logGet(43)) - raft.server.log.queue.element-limit = 1024 (custom)
2019-09-23 18:38:04,813 [pool-403-thread-1] INFO  segmented.SegmentedRaftLogWorker (SegmentedRaftLogWorker.java:lambda$new$0(132)) - bbcb5749-6ac1-4efe-ae1b-619d11e71108@group-36114D9969DD-SegmentedRaftLogWorker: flushIndex: setUnconditionally 0 -> -1
2019-09-23 18:38:04,813 [pool-383-thread-1] INFO  server.RaftServerConfigKeys (ConfUtils.java:logGet(43)) - raft.server.log.segment.size.max = 1048576 (custom)
2019-09-23 18:38:04,813 [pool-393-thread-1] INFO  server.RaftServerConfigKeys (ConfUtils.java:logGet(43)) - raft.server.log.segment.size.max = 1048576 (custom)
2019-09-23 18:38:04,814 [pool-403-thread-1] INFO  server.RaftServerConfigKeys (ConfUtils.java:logGet(43)) - raft.server.snapshot.auto.trigger.enabled = true (custom)
2019-09-23 18:38:04,814 [pool-383-thread-1] INFO  server.RaftServerConfigKeys (ConfUtils.java:logGet(43)) - raft.server.log.preallocated.size = 16384 (custom)
2019-09-23 18:38:04,814 [pool-403-thread-1] INFO  server.RaftServerConfigKeys (ConfUtils.java:logGet(43)) - raft.server.snapshot.auto.trigger.threshold = 10000 (custom)
2019-09-23 18:38:04,814 [pool-393-thread-1] INFO  server.RaftServerConfigKeys (ConfUtils.java:logGet(43)) - raft.server.log.preallocated.size = 16384 (custom)
2019-09-23 18:38:04,814 [pool-403-thread-1] INFO  server.RaftServerConfigKeys (ConfUtils.java:logGet(43)) - raft.server.snapshot.retention.num.files = 5 (custom)
2019-09-23 18:38:04,814 [pool-383-thread-1] INFO  server.RaftServerConfigKeys (ConfUtils.java:logGet(43)) - raft.server.log.write.buffer.size = 33554432 (custom)
2019-09-23 18:38:04,814 [pool-403-thread-1] INFO  server.RaftServerConfigKeys (ConfUtils.java:logGet(43)) - raft.server.retrycache.expirytime = 600000ms (custom)
2019-09-23 18:38:04,814 [pool-393-thread-1] INFO  server.RaftServerConfigKeys (ConfUtils.java:logGet(43)) - raft.server.log.write.buffer.size = 33554432 (custom)
2019-09-23 18:38:04,814 [pool-383-thread-1] INFO  server.RaftServerConfigKeys (ConfUtils.java:logGet(43)) - raft.server.log.force.sync.num = 128 (default)
2019-09-23 18:38:04,815 [pool-393-thread-1] INFO  server.RaftServerConfigKeys (ConfUtils.java:logGet(43)) - raft.server.log.force.sync.num = 128 (default)
2019-09-23 18:38:04,815 [pool-383-thread-1] INFO  server.RaftServerConfigKeys (ConfUtils.java:logGet(43)) - raft.server.log.statemachine.data.sync = true (default)
2019-09-23 18:38:04,815 [pool-393-thread-1] INFO  server.RaftServerConfigKeys (ConfUtils.java:logGet(43)) - raft.server.log.statemachine.data.sync = true (default)
2019-09-23 18:38:04,815 [pool-383-thread-1] INFO  server.RaftServerConfigKeys (ConfUtils.java:logGet(43)) - raft.server.log.statemachine.data.sync.timeout = 10s (default)
2019-09-23 18:38:04,815 [pool-393-thread-1] INFO  server.RaftServerConfigKeys (ConfUtils.java:logGet(43)) - raft.server.log.statemachine.data.sync.timeout = 10s (default)
2019-09-23 18:38:04,815 [pool-383-thread-1] INFO  server.RaftServerConfigKeys (ConfUtils.java:logGet(43)) - raft.server.log.statemachine.data.sync.timeout.retry = -1 (default)
2019-09-23 18:38:04,815 [pool-393-thread-1] INFO  server.RaftServerConfigKeys (ConfUtils.java:logGet(43)) - raft.server.log.statemachine.data.sync.timeout.retry = -1 (default)
2019-09-23 18:38:04,816 [pool-383-thread-1] INFO  server.RaftServerConfigKeys (ConfUtils.java:logGet(43)) - raft.server.log.statemachine.data.caching.enabled = true (custom)
2019-09-23 18:38:04,816 [pool-393-thread-1] INFO  server.RaftServerConfigKeys (ConfUtils.java:logGet(43)) - raft.server.log.statemachine.data.caching.enabled = true (custom)
2019-09-23 18:38:04,816 [pool-383-thread-1] INFO  segmented.SegmentedRaftLogWorker (SegmentedRaftLogWorker.java:lambda$new$0(132)) - 9de50355-2df4-4fe2-bacd-c3d729e212d2@group-36114D9969DD-SegmentedRaftLogWorker: flushIndex: setUnconditionally 0 -> -1
2019-09-23 18:38:04,816 [pool-393-thread-1] INFO  segmented.SegmentedRaftLogWorker (SegmentedRaftLogWorker.java:lambda$new$0(132)) - c8b59faf-a124-4506-94d3-f2011aefc751@group-36114D9969DD-SegmentedRaftLogWorker: flushIndex: setUnconditionally 0 -> -1
2019-09-23 18:38:04,816 [pool-403-thread-1] INFO  impl.RaftServerImpl (RaftServerImpl.java:start(185)) - bbcb5749-6ac1-4efe-ae1b-619d11e71108@group-36114D9969DD: start as a follower, conf=-1: [c8b59faf-a124-4506-94d3-f2011aefc751:192.168.151.119:36413, bbcb5749-6ac1-4efe-ae1b-619d11e71108:192.168.151.119:39987, 9de50355-2df4-4fe2-bacd-c3d729e212d2:192.168.151.119:40739], old=null
2019-09-23 18:38:04,816 [pool-383-thread-1] INFO  server.RaftServerConfigKeys (ConfUtils.java:logGet(43)) - raft.server.snapshot.auto.trigger.enabled = true (custom)
2019-09-23 18:38:04,816 [pool-393-thread-1] INFO  server.RaftServerConfigKeys (ConfUtils.java:logGet(43)) - raft.server.snapshot.auto.trigger.enabled = true (custom)
2019-09-23 18:38:04,816 [pool-403-thread-1] INFO  impl.RaftServerImpl (RaftServerImpl.java:setRole(174)) - bbcb5749-6ac1-4efe-ae1b-619d11e71108@group-36114D9969DD: changes role from      null to FOLLOWER at term 0 for startAsFollower
2019-09-23 18:38:04,816 [pool-393-thread-1] INFO  server.RaftServerConfigKeys (ConfUtils.java:logGet(43)) - raft.server.snapshot.auto.trigger.threshold = 10000 (custom)
2019-09-23 18:38:04,816 [pool-383-thread-1] INFO  server.RaftServerConfigKeys (ConfUtils.java:logGet(43)) - raft.server.snapshot.auto.trigger.threshold = 10000 (custom)
2019-09-23 18:38:04,817 [pool-393-thread-1] INFO  server.RaftServerConfigKeys (ConfUtils.java:logGet(43)) - raft.server.snapshot.retention.num.files = 5 (custom)
2019-09-23 18:38:04,817 [pool-403-thread-1] INFO  impl.RoleInfo (RoleInfo.java:updateAndGet(143)) - bbcb5749-6ac1-4efe-ae1b-619d11e71108: start FollowerState
2019-09-23 18:38:04,817 [pool-393-thread-1] INFO  server.RaftServerConfigKeys (ConfUtils.java:logGet(43)) - raft.server.retrycache.expirytime = 600000ms (custom)
2019-09-23 18:38:04,817 [pool-383-thread-1] INFO  server.RaftServerConfigKeys (ConfUtils.java:logGet(43)) - raft.server.snapshot.retention.num.files = 5 (custom)
2019-09-23 18:38:04,817 [pool-383-thread-1] INFO  server.RaftServerConfigKeys (ConfUtils.java:logGet(43)) - raft.server.retrycache.expirytime = 600000ms (custom)
2019-09-23 18:38:04,817 [pool-403-thread-1] INFO  util.JmxRegister (JmxRegister.java:tryRegister(44)) - Successfully registered JMX Bean with object name Ratis:service=RaftServer,group=group-36114D9969DD,id=bbcb5749-6ac1-4efe-ae1b-619d11e71108
2019-09-23 18:38:04,818 [pool-393-thread-1] INFO  impl.RaftServerImpl (RaftServerImpl.java:start(185)) - c8b59faf-a124-4506-94d3-f2011aefc751@group-36114D9969DD: start as a follower, conf=-1: [c8b59faf-a124-4506-94d3-f2011aefc751:192.168.151.119:36413, bbcb5749-6ac1-4efe-ae1b-619d11e71108:192.168.151.119:39987, 9de50355-2df4-4fe2-bacd-c3d729e212d2:192.168.151.119:40739], old=null
2019-09-23 18:38:04,818 [pool-393-thread-1] INFO  impl.RaftServerImpl (RaftServerImpl.java:setRole(174)) - c8b59faf-a124-4506-94d3-f2011aefc751@group-36114D9969DD: changes role from      null to FOLLOWER at term 0 for startAsFollower
2019-09-23 18:38:04,818 [pool-393-thread-1] INFO  impl.RoleInfo (RoleInfo.java:updateAndGet(143)) - c8b59faf-a124-4506-94d3-f2011aefc751: start FollowerState
2019-09-23 18:38:04,818 [pool-393-thread-1] INFO  util.JmxRegister (JmxRegister.java:tryRegister(44)) - Successfully registered JMX Bean with object name Ratis:service=RaftServer,group=group-36114D9969DD,id=c8b59faf-a124-4506-94d3-f2011aefc751
2019-09-23 18:38:04,822 [pool-383-thread-1] INFO  impl.RaftServerImpl (RaftServerImpl.java:start(185)) - 9de50355-2df4-4fe2-bacd-c3d729e212d2@group-36114D9969DD: start as a follower, conf=-1: [c8b59faf-a124-4506-94d3-f2011aefc751:192.168.151.119:36413, bbcb5749-6ac1-4efe-ae1b-619d11e71108:192.168.151.119:39987, 9de50355-2df4-4fe2-bacd-c3d729e212d2:192.168.151.119:40739], old=null
2019-09-23 18:38:04,823 [pool-383-thread-1] INFO  impl.RaftServerImpl (RaftServerImpl.java:setRole(174)) - 9de50355-2df4-4fe2-bacd-c3d729e212d2@group-36114D9969DD: changes role from      null to FOLLOWER at term 0 for startAsFollower
2019-09-23 18:38:04,825 [pool-383-thread-1] INFO  impl.RoleInfo (RoleInfo.java:updateAndGet(143)) - 9de50355-2df4-4fe2-bacd-c3d729e212d2: start FollowerState
2019-09-23 18:38:04,825 [pool-383-thread-1] INFO  util.JmxRegister (JmxRegister.java:tryRegister(44)) - Successfully registered JMX Bean with object name Ratis:service=RaftServer,group=group-36114D9969DD,id=9de50355-2df4-4fe2-bacd-c3d729e212d2
2019-09-23 18:38:04,829 [RatisPipelineUtilsThread] INFO  pipeline.PipelineStateManager (PipelineStateManager.java:addPipeline(56)) - Created pipeline Pipeline[ Id: 04c07fac-05f3-43ff-8d59-36114d9969dd, Nodes: c8b59faf-a124-4506-94d3-f2011aefc751{ip: 192.168.151.119, host: pr-hdds-2019-zzvnq-2455991580, networkLocation: /default-rack, certSerialId: null}bbcb5749-6ac1-4efe-ae1b-619d11e71108{ip: 192.168.151.119, host: pr-hdds-2019-zzvnq-2455991580, networkLocation: /default-rack, certSerialId: null}9de50355-2df4-4fe2-bacd-c3d729e212d2{ip: 192.168.151.119, host: pr-hdds-2019-zzvnq-2455991580, networkLocation: /default-rack, certSerialId: null}, Type:RATIS, Factor:THREE, State:OPEN]
2019-09-23 18:38:04,857 [IPC Server handler 6 on 36306] INFO  net.NetworkTopology (NetworkTopologyImpl.java:add(111)) - Added a new node: /default-rack/d441aa57-a3ea-45e5-9d24-ff1f3f15c9a6
2019-09-23 18:38:04,858 [IPC Server handler 6 on 36306] INFO  node.SCMNodeManager (SCMNodeManager.java:register(266)) - Registered Data node : d441aa57-a3ea-45e5-9d24-ff1f3f15c9a6{ip: 192.168.151.119, host: pr-hdds-2019-zzvnq-2455991580, networkLocation: /default-rack, certSerialId: null}
2019-09-23 18:38:04,866 [grpc-default-executor-8] INFO  impl.RaftServerProxy (RaftServerProxy.java:addNew(89)) - d441aa57-a3ea-45e5-9d24-ff1f3f15c9a6: addNew group-AA57B55D7D5E:[d441aa57-a3ea-45e5-9d24-ff1f3f15c9a6:192.168.151.119:37157] returns group-AA57B55D7D5E:java.util.concurrent.CompletableFuture@204054fb[Not completed]
2019-09-23 18:38:04,868 [pool-423-thread-1] INFO  impl.RaftServerImpl (RaftServerImpl.java:<init>(95)) - d441aa57-a3ea-45e5-9d24-ff1f3f15c9a6: new RaftServerImpl for group-AA57B55D7D5E:[d441aa57-a3ea-45e5-9d24-ff1f3f15c9a6:192.168.151.119:37157] with ContainerStateMachine:uninitialized
2019-09-23 18:38:04,869 [pool-423-thread-1] INFO  server.RaftServerConfigKeys (ConfUtils.java:logGet(43)) - raft.server.rpc.timeout.min = 5s (custom)
2019-09-23 18:38:04,869 [pool-423-thread-1] INFO  server.RaftServerConfigKeys (ConfUtils.java:logGet(43)) - raft.server.rpc.timeout.max = 5200ms (custom)
2019-09-23 18:38:04,869 [pool-423-thread-1] INFO  server.RaftServerConfigKeys (ConfUtils.java:logGet(43)) - raft.server.rpcslowness.timeout = 120s (custom)
2019-09-23 18:38:04,869 [pool-423-thread-1] INFO  server.RaftServerConfigKeys (ConfUtils.java:logGet(43)) - raft.server.sleep.deviation.threshold = 300 (default)
2019-09-23 18:38:04,869 [pool-423-thread-1] INFO  server.RaftServerConfigKeys (ConfUtils.java:logGet(43)) - raft.server.log.appender.install.snapshot.enabled = false (custom)
2019-09-23 18:38:04,869 [pool-423-thread-1] INFO  impl.RaftServerImpl (ServerState.java:<init>(103)) - d441aa57-a3ea-45e5-9d24-ff1f3f15c9a6@group-AA57B55D7D5E: ConfigurationManager, init=-1: [d441aa57-a3ea-45e5-9d24-ff1f3f15c9a6:192.168.151.119:37157], old=null, confs=<EMPTY_MAP>
2019-09-23 18:38:04,869 [pool-423-thread-1] INFO  server.RaftServerConfigKeys (ConfUtils.java:logGet(43)) - raft.server.storage.dir = [/workdir/hadoop-ozone/integration-test/target/test-dir/MiniOzoneClusterImpl-f1ec13dc-2055-4e20-82ea-d4d850253648/datanode-4/data/ratis] (custom)
2019-09-23 18:38:04,870 [pool-423-thread-1] INFO  storage.RaftStorageDirectory (RaftStorageDirectory.java:analyzeStorage(246)) - The storage directory /workdir/hadoop-ozone/integration-test/target/test-dir/MiniOzoneClusterImpl-f1ec13dc-2055-4e20-82ea-d4d850253648/datanode-4/data/ratis/a9edfe31-5e80-4f08-bed8-aa57b55d7d5e does not exist. Creating ...
2019-09-23 18:38:04,882 [pool-423-thread-1] INFO  storage.RaftStorageDirectory (RaftStorageDirectory.java:tryLock(328)) - Lock on /workdir/hadoop-ozone/integration-test/target/test-dir/MiniOzoneClusterImpl-f1ec13dc-2055-4e20-82ea-d4d850253648/datanode-4/data/ratis/a9edfe31-5e80-4f08-bed8-aa57b55d7d5e/in_use.lock acquired by nodename 22452@pr-hdds-2019-zzvnq-2455991580
2019-09-23 18:38:04,900 [pool-423-thread-1] INFO  storage.RaftStorage (RaftStorage.java:format(72)) - Storage directory /workdir/hadoop-ozone/integration-test/target/test-dir/MiniOzoneClusterImpl-f1ec13dc-2055-4e20-82ea-d4d850253648/datanode-4/data/ratis/a9edfe31-5e80-4f08-bed8-aa57b55d7d5e has been successfully formatted.
2019-09-23 18:38:04,900 [pool-423-thread-1] INFO  ratis.ContainerStateMachine (ContainerStateMachine.java:loadSnapshot(230)) - group-AA57B55D7D5E: The snapshot info is null. Setting the last applied indexto:(t:0, i:~)
2019-09-23 18:38:04,900 [pool-423-thread-1] INFO  server.RaftServerConfigKeys (ConfUtils.java:logGet(43)) - raft.server.notification.no-leader.timeout = 120s (custom)
2019-09-23 18:38:04,900 [pool-423-thread-1] INFO  server.RaftServerConfigKeys (ConfUtils.java:logGet(43)) - raft.server.log.use.memory = false (default)
2019-09-23 18:38:04,900 [pool-423-thread-1] INFO  server.RaftServerConfigKeys (ConfUtils.java:logGet(43)) - raft.server.log.purge.gap = 1000000 (custom)
2019-09-23 18:38:04,900 [pool-423-thread-1] INFO  server.RaftServerConfigKeys (ConfUtils.java:logGet(43)) - raft.server.log.appender.buffer.byte-limit = 33554432 (custom)
2019-09-23 18:38:04,900 [pool-423-thread-1] INFO  server.RaftServerConfigKeys (ConfUtils.java:logGet(43)) - raft.server.log.segment.size.max = 1048576 (custom)
2019-09-23 18:38:04,901 [pool-423-thread-1] INFO  server.RaftServerConfigKeys (ConfUtils.java:logGet(43)) - raft.server.log.segment.cache.num.max = 2 (custom)
2019-09-23 18:38:04,901 [pool-423-thread-1] INFO  segmented.SegmentedRaftLogWorker (SegmentedRaftLogWorker.java:<init>(172)) - new d441aa57-a3ea-45e5-9d24-ff1f3f15c9a6@group-AA57B55D7D5E-SegmentedRaftLogWorker for RaftStorage:Storage Directory /workdir/hadoop-ozone/integration-test/target/test-dir/MiniOzoneClusterImpl-f1ec13dc-2055-4e20-82ea-d4d850253648/datanode-4/data/ratis/a9edfe31-5e80-4f08-bed8-aa57b55d7d5e
2019-09-23 18:38:04,903 [pool-423-thread-1] INFO  server.RaftServerConfigKeys (ConfUtils.java:logGet(43)) - raft.server.log.queue.byte-limit = 2147483647 (custom)
2019-09-23 18:38:04,903 [pool-423-thread-1] INFO  server.RaftServerConfigKeys (ConfUtils.java:logGet(43)) - raft.server.log.queue.element-limit = 1024 (custom)
2019-09-23 18:38:04,903 [pool-423-thread-1] INFO  server.RaftServerConfigKeys (ConfUtils.java:logGet(43)) - raft.server.log.segment.size.max = 1048576 (custom)
2019-09-23 18:38:04,903 [pool-423-thread-1] INFO  server.RaftServerConfigKeys (ConfUtils.java:logGet(43)) - raft.server.log.preallocated.size = 16384 (custom)
2019-09-23 18:38:04,903 [pool-423-thread-1] INFO  server.RaftServerConfigKeys (ConfUtils.java:logGet(43)) - raft.server.log.write.buffer.size = 33554432 (custom)
2019-09-23 18:38:04,903 [pool-423-thread-1] INFO  server.RaftServerConfigKeys (ConfUtils.java:logGet(43)) - raft.server.log.force.sync.num = 128 (default)
2019-09-23 18:38:04,903 [pool-423-thread-1] INFO  server.RaftServerConfigKeys (ConfUtils.java:logGet(43)) - raft.server.log.statemachine.data.sync = true (default)
2019-09-23 18:38:04,903 [pool-423-thread-1] INFO  server.RaftServerConfigKeys (ConfUtils.java:logGet(43)) - raft.server.log.statemachine.data.sync.timeout = 10s (default)
2019-09-23 18:38:04,904 [pool-423-thread-1] INFO  server.RaftServerConfigKeys (ConfUtils.java:logGet(43)) - raft.server.log.statemachine.data.sync.timeout.retry = -1 (default)
2019-09-23 18:38:04,904 [pool-423-thread-1] INFO  server.RaftServerConfigKeys (ConfUtils.java:logGet(43)) - raft.server.log.statemachine.data.caching.enabled = true (custom)
2019-09-23 18:38:04,904 [pool-423-thread-1] INFO  segmented.SegmentedRaftLogWorker (SegmentedRaftLogWorker.java:lambda$new$0(132)) - d441aa57-a3ea-45e5-9d24-ff1f3f15c9a6@group-AA57B55D7D5E-SegmentedRaftLogWorker: flushIndex: setUnconditionally 0 -> -1
2019-09-23 18:38:04,904 [pool-423-thread-1] INFO  server.RaftServerConfigKeys (ConfUtils.java:logGet(43)) - raft.server.snapshot.auto.trigger.enabled = true (custom)
2019-09-23 18:38:04,905 [pool-423-thread-1] INFO  server.RaftServerConfigKeys (ConfUtils.java:logGet(43)) - raft.server.snapshot.auto.trigger.threshold = 10000 (custom)
2019-09-23 18:38:04,905 [pool-423-thread-1] INFO  server.RaftServerConfigKeys (ConfUtils.java:logGet(43)) - raft.server.snapshot.retention.num.files = 5 (custom)
2019-09-23 18:38:04,905 [pool-423-thread-1] INFO  server.RaftServerConfigKeys (ConfUtils.java:logGet(43)) - raft.server.retrycache.expirytime = 600000ms (custom)
2019-09-23 18:38:04,907 [pool-423-thread-1] INFO  impl.RaftServerImpl (RaftServerImpl.java:start(185)) - d441aa57-a3ea-45e5-9d24-ff1f3f15c9a6@group-AA57B55D7D5E: start as a follower, conf=-1: [d441aa57-a3ea-45e5-9d24-ff1f3f15c9a6:192.168.151.119:37157], old=null
2019-09-23 18:38:04,907 [pool-423-thread-1] INFO  impl.RaftServerImpl (RaftServerImpl.java:setRole(174)) - d441aa57-a3ea-45e5-9d24-ff1f3f15c9a6@group-AA57B55D7D5E: changes role from      null to FOLLOWER at term 0 for startAsFollower
2019-09-23 18:38:04,907 [pool-423-thread-1] INFO  impl.RoleInfo (RoleInfo.java:updateAndGet(143)) - d441aa57-a3ea-45e5-9d24-ff1f3f15c9a6: start FollowerState
2019-09-23 18:38:04,907 [pool-423-thread-1] INFO  util.JmxRegister (JmxRegister.java:tryRegister(44)) - Successfully registered JMX Bean with object name Ratis:service=RaftServer,group=group-AA57B55D7D5E,id=d441aa57-a3ea-45e5-9d24-ff1f3f15c9a6
2019-09-23 18:38:04,911 [RatisPipelineUtilsThread] INFO  pipeline.PipelineStateManager (PipelineStateManager.java:addPipeline(56)) - Created pipeline Pipeline[ Id: a9edfe31-5e80-4f08-bed8-aa57b55d7d5e, Nodes: d441aa57-a3ea-45e5-9d24-ff1f3f15c9a6{ip: 192.168.151.119, host: pr-hdds-2019-zzvnq-2455991580, networkLocation: /default-rack, certSerialId: null}, Type:RATIS, Factor:ONE, State:OPEN]
2019-09-23 18:38:04,920 [grpc-default-executor-8] INFO  impl.RaftServerProxy (RaftServerProxy.java:addNew(89)) - 61dd343f-311b-4399-958c-cb8c35ca8db2: addNew group-C5CBA924A26C:[61dd343f-311b-4399-958c-cb8c35ca8db2:192.168.151.119:43698] returns group-C5CBA924A26C:java.util.concurrent.CompletableFuture@4ed8c977[Not completed]
2019-09-23 18:38:04,921 [pool-413-thread-1] INFO  impl.RaftServerImpl (RaftServerImpl.java:<init>(95)) - 61dd343f-311b-4399-958c-cb8c35ca8db2: new RaftServerImpl for group-C5CBA924A26C:[61dd343f-311b-4399-958c-cb8c35ca8db2:192.168.151.119:43698] with ContainerStateMachine:uninitialized
2019-09-23 18:38:04,921 [pool-413-thread-1] INFO  server.RaftServerConfigKeys (ConfUtils.java:logGet(43)) - raft.server.rpc.timeout.min = 5s (custom)
2019-09-23 18:38:04,921 [pool-413-thread-1] INFO  server.RaftServerConfigKeys (ConfUtils.java:logGet(43)) - raft.server.rpc.timeout.max = 5200ms (custom)
2019-09-23 18:38:04,922 [pool-413-thread-1] INFO  server.RaftServerConfigKeys (ConfUtils.java:logGet(43)) - raft.server.rpcslowness.timeout = 120s (custom)
2019-09-23 18:38:04,922 [pool-413-thread-1] INFO  server.RaftServerConfigKeys (ConfUtils.java:logGet(43)) - raft.server.sleep.deviation.threshold = 300 (default)
2019-09-23 18:38:04,922 [pool-413-thread-1] INFO  server.RaftServerConfigKeys (ConfUtils.java:logGet(43)) - raft.server.log.appender.install.snapshot.enabled = false (custom)
2019-09-23 18:38:04,922 [pool-413-thread-1] INFO  impl.RaftServerImpl (ServerState.java:<init>(103)) - 61dd343f-311b-4399-958c-cb8c35ca8db2@group-C5CBA924A26C: ConfigurationManager, init=-1: [61dd343f-311b-4399-958c-cb8c35ca8db2:192.168.151.119:43698], old=null, confs=<EMPTY_MAP>
2019-09-23 18:38:04,922 [pool-413-thread-1] INFO  server.RaftServerConfigKeys (ConfUtils.java:logGet(43)) - raft.server.storage.dir = [/workdir/hadoop-ozone/integration-test/target/test-dir/MiniOzoneClusterImpl-f1ec13dc-2055-4e20-82ea-d4d850253648/datanode-3/data/ratis] (custom)
2019-09-23 18:38:04,922 [pool-413-thread-1] INFO  storage.RaftStorageDirectory (RaftStorageDirectory.java:analyzeStorage(246)) - The storage directory /workdir/hadoop-ozone/integration-test/target/test-dir/MiniOzoneClusterImpl-f1ec13dc-2055-4e20-82ea-d4d850253648/datanode-3/data/ratis/a015549d-4f25-4ec6-a414-c5cba924a26c does not exist. Creating ...
2019-09-23 18:38:04,933 [IPC Server handler 0 on 36306] INFO  net.NetworkTopology (NetworkTopologyImpl.java:add(111)) - Added a new node: /default-rack/5f98e96f-b0cd-44fb-97a3-4fa4a5fb692e
2019-09-23 18:38:04,933 [IPC Server handler 0 on 36306] INFO  node.SCMNodeManager (SCMNodeManager.java:register(266)) - Registered Data node : 5f98e96f-b0cd-44fb-97a3-4fa4a5fb692e{ip: 192.168.151.119, host: pr-hdds-2019-zzvnq-2455991580, networkLocation: /default-rack, certSerialId: null}
2019-09-23 18:38:04,935 [pool-413-thread-1] INFO  storage.RaftStorageDirectory (RaftStorageDirectory.java:tryLock(328)) - Lock on /workdir/hadoop-ozone/integration-test/target/test-dir/MiniOzoneClusterImpl-f1ec13dc-2055-4e20-82ea-d4d850253648/datanode-3/data/ratis/a015549d-4f25-4ec6-a414-c5cba924a26c/in_use.lock acquired by nodename 22452@pr-hdds-2019-zzvnq-2455991580
2019-09-23 18:38:04,948 [pool-413-thread-1] INFO  storage.RaftStorage (RaftStorage.java:format(72)) - Storage directory /workdir/hadoop-ozone/integration-test/target/test-dir/MiniOzoneClusterImpl-f1ec13dc-2055-4e20-82ea-d4d850253648/datanode-3/data/ratis/a015549d-4f25-4ec6-a414-c5cba924a26c has been successfully formatted.
2019-09-23 18:38:04,948 [pool-413-thread-1] INFO  ratis.ContainerStateMachine (ContainerStateMachine.java:loadSnapshot(230)) - group-C5CBA924A26C: The snapshot info is null. Setting the last applied indexto:(t:0, i:~)
2019-09-23 18:38:04,948 [pool-413-thread-1] INFO  server.RaftServerConfigKeys (ConfUtils.java:logGet(43)) - raft.server.notification.no-leader.timeout = 120s (custom)
2019-09-23 18:38:04,948 [pool-413-thread-1] INFO  server.RaftServerConfigKeys (ConfUtils.java:logGet(43)) - raft.server.log.use.memory = false (default)
2019-09-23 18:38:04,948 [pool-413-thread-1] INFO  server.RaftServerConfigKeys (ConfUtils.java:logGet(43)) - raft.server.log.purge.gap = 1000000 (custom)
2019-09-23 18:38:04,948 [pool-413-thread-1] INFO  server.RaftServerConfigKeys (ConfUtils.java:logGet(43)) - raft.server.log.appender.buffer.byte-limit = 33554432 (custom)
2019-09-23 18:38:04,949 [pool-413-thread-1] INFO  server.RaftServerConfigKeys (ConfUtils.java:logGet(43)) - raft.server.log.segment.size.max = 1048576 (custom)
2019-09-23 18:38:04,949 [pool-413-thread-1] INFO  server.RaftServerConfigKeys (ConfUtils.java:logGet(43)) - raft.server.log.segment.cache.num.max = 2 (custom)
2019-09-23 18:38:04,949 [pool-413-thread-1] INFO  segmented.SegmentedRaftLogWorker (SegmentedRaftLogWorker.java:<init>(172)) - new 61dd343f-311b-4399-958c-cb8c35ca8db2@group-C5CBA924A26C-SegmentedRaftLogWorker for RaftStorage:Storage Directory /workdir/hadoop-ozone/integration-test/target/test-dir/MiniOzoneClusterImpl-f1ec13dc-2055-4e20-82ea-d4d850253648/datanode-3/data/ratis/a015549d-4f25-4ec6-a414-c5cba924a26c
2019-09-23 18:38:04,950 [pool-413-thread-1] INFO  server.RaftServerConfigKeys (ConfUtils.java:logGet(43)) - raft.server.log.queue.byte-limit = 2147483647 (custom)
2019-09-23 18:38:04,950 [pool-413-thread-1] INFO  server.RaftServerConfigKeys (ConfUtils.java:logGet(43)) - raft.server.log.queue.element-limit = 1024 (custom)
2019-09-23 18:38:04,950 [pool-413-thread-1] INFO  server.RaftServerConfigKeys (ConfUtils.java:logGet(43)) - raft.server.log.segment.size.max = 1048576 (custom)
2019-09-23 18:38:04,950 [pool-413-thread-1] INFO  server.RaftServerConfigKeys (ConfUtils.java:logGet(43)) - raft.server.log.preallocated.size = 16384 (custom)
2019-09-23 18:38:04,950 [pool-413-thread-1] INFO  server.RaftServerConfigKeys (ConfUtils.java:logGet(43)) - raft.server.log.write.buffer.size = 33554432 (custom)
2019-09-23 18:38:04,951 [pool-413-thread-1] INFO  server.RaftServerConfigKeys (ConfUtils.java:logGet(43)) - raft.server.log.force.sync.num = 128 (default)
2019-09-23 18:38:04,951 [pool-413-thread-1] INFO  server.RaftServerConfigKeys (ConfUtils.java:logGet(43)) - raft.server.log.statemachine.data.sync = true (default)
2019-09-23 18:38:04,951 [pool-413-thread-1] INFO  server.RaftServerConfigKeys (ConfUtils.java:logGet(43)) - raft.server.log.statemachine.data.sync.timeout = 10s (default)
2019-09-23 18:38:04,951 [pool-413-thread-1] INFO  server.RaftServerConfigKeys (ConfUtils.java:logGet(43)) - raft.server.log.statemachine.data.sync.timeout.retry = -1 (default)
2019-09-23 18:38:04,951 [pool-413-thread-1] INFO  server.RaftServerConfigKeys (ConfUtils.java:logGet(43)) - raft.server.log.statemachine.data.caching.enabled = true (custom)
2019-09-23 18:38:04,951 [pool-413-thread-1] INFO  segmented.SegmentedRaftLogWorker (SegmentedRaftLogWorker.java:lambda$new$0(132)) - 61dd343f-311b-4399-958c-cb8c35ca8db2@group-C5CBA924A26C-SegmentedRaftLogWorker: flushIndex: setUnconditionally 0 -> -1
2019-09-23 18:38:04,952 [pool-413-thread-1] INFO  server.RaftServerConfigKeys (ConfUtils.java:logGet(43)) - raft.server.snapshot.auto.trigger.enabled = true (custom)
2019-09-23 18:38:04,952 [pool-413-thread-1] INFO  server.RaftServerConfigKeys (ConfUtils.java:logGet(43)) - raft.server.snapshot.auto.trigger.threshold = 10000 (custom)
2019-09-23 18:38:04,952 [pool-413-thread-1] INFO  server.RaftServerConfigKeys (ConfUtils.java:logGet(43)) - raft.server.snapshot.retention.num.files = 5 (custom)
2019-09-23 18:38:04,952 [pool-413-thread-1] INFO  server.RaftServerConfigKeys (ConfUtils.java:logGet(43)) - raft.server.retrycache.expirytime = 600000ms (custom)
2019-09-23 18:38:04,953 [pool-413-thread-1] INFO  impl.RaftServerImpl (RaftServerImpl.java:start(185)) - 61dd343f-311b-4399-958c-cb8c35ca8db2@group-C5CBA924A26C: start as a follower, conf=-1: [61dd343f-311b-4399-958c-cb8c35ca8db2:192.168.151.119:43698], old=null
2019-09-23 18:38:04,953 [pool-413-thread-1] INFO  impl.RaftServerImpl (RaftServerImpl.java:setRole(174)) - 61dd343f-311b-4399-958c-cb8c35ca8db2@group-C5CBA924A26C: changes role from      null to FOLLOWER at term 0 for startAsFollower
2019-09-23 18:38:04,953 [pool-413-thread-1] INFO  impl.RoleInfo (RoleInfo.java:updateAndGet(143)) - 61dd343f-311b-4399-958c-cb8c35ca8db2: start FollowerState
2019-09-23 18:38:04,954 [pool-413-thread-1] INFO  util.JmxRegister (JmxRegister.java:tryRegister(44)) - Successfully registered JMX Bean with object name Ratis:service=RaftServer,group=group-C5CBA924A26C,id=61dd343f-311b-4399-958c-cb8c35ca8db2
2019-09-23 18:38:04,958 [RatisPipelineUtilsThread] INFO  pipeline.PipelineStateManager (PipelineStateManager.java:addPipeline(56)) - Created pipeline Pipeline[ Id: a015549d-4f25-4ec6-a414-c5cba924a26c, Nodes: 61dd343f-311b-4399-958c-cb8c35ca8db2{ip: 192.168.151.119, host: pr-hdds-2019-zzvnq-2455991580, networkLocation: /default-rack, certSerialId: null}, Type:RATIS, Factor:ONE, State:OPEN]
2019-09-23 18:38:04,967 [grpc-default-executor-8] INFO  impl.RaftServerProxy (RaftServerProxy.java:addNew(89)) - 5f98e96f-b0cd-44fb-97a3-4fa4a5fb692e: addNew group-6D8357BEEB1D:[5f98e96f-b0cd-44fb-97a3-4fa4a5fb692e:192.168.151.119:33522] returns group-6D8357BEEB1D:java.util.concurrent.CompletableFuture@71c593e3[Not completed]
2019-09-23 18:38:04,968 [pool-433-thread-1] INFO  impl.RaftServerImpl (RaftServerImpl.java:<init>(95)) - 5f98e96f-b0cd-44fb-97a3-4fa4a5fb692e: new RaftServerImpl for group-6D8357BEEB1D:[5f98e96f-b0cd-44fb-97a3-4fa4a5fb692e:192.168.151.119:33522] with ContainerStateMachine:uninitialized
2019-09-23 18:38:04,968 [pool-433-thread-1] INFO  server.RaftServerConfigKeys (ConfUtils.java:logGet(43)) - raft.server.rpc.timeout.min = 5s (custom)
2019-09-23 18:38:04,968 [pool-433-thread-1] INFO  server.RaftServerConfigKeys (ConfUtils.java:logGet(43)) - raft.server.rpc.timeout.max = 5200ms (custom)
2019-09-23 18:38:04,968 [pool-433-thread-1] INFO  server.RaftServerConfigKeys (ConfUtils.java:logGet(43)) - raft.server.rpcslowness.timeout = 120s (custom)
2019-09-23 18:38:04,968 [pool-433-thread-1] INFO  server.RaftServerConfigKeys (ConfUtils.java:logGet(43)) - raft.server.sleep.deviation.threshold = 300 (default)
2019-09-23 18:38:04,968 [pool-433-thread-1] INFO  server.RaftServerConfigKeys (ConfUtils.java:logGet(43)) - raft.server.log.appender.install.snapshot.enabled = false (custom)
2019-09-23 18:38:04,968 [pool-433-thread-1] INFO  impl.RaftServerImpl (ServerState.java:<init>(103)) - 5f98e96f-b0cd-44fb-97a3-4fa4a5fb692e@group-6D8357BEEB1D: ConfigurationManager, init=-1: [5f98e96f-b0cd-44fb-97a3-4fa4a5fb692e:192.168.151.119:33522], old=null, confs=<EMPTY_MAP>
2019-09-23 18:38:04,968 [pool-433-thread-1] INFO  server.RaftServerConfigKeys (ConfUtils.java:logGet(43)) - raft.server.storage.dir = [/workdir/hadoop-ozone/integration-test/target/test-dir/MiniOzoneClusterImpl-f1ec13dc-2055-4e20-82ea-d4d850253648/datanode-5/data/ratis] (custom)
2019-09-23 18:38:04,969 [pool-433-thread-1] INFO  storage.RaftStorageDirectory (RaftStorageDirectory.java:analyzeStorage(246)) - The storage directory /workdir/hadoop-ozone/integration-test/target/test-dir/MiniOzoneClusterImpl-f1ec13dc-2055-4e20-82ea-d4d850253648/datanode-5/data/ratis/0872e277-59be-468b-8fc9-6d8357beeb1d does not exist. Creating ...
2019-09-23 18:38:04,989 [pool-433-thread-1] INFO  storage.RaftStorageDirectory (RaftStorageDirectory.java:tryLock(328)) - Lock on /workdir/hadoop-ozone/integration-test/target/test-dir/MiniOzoneClusterImpl-f1ec13dc-2055-4e20-82ea-d4d850253648/datanode-5/data/ratis/0872e277-59be-468b-8fc9-6d8357beeb1d/in_use.lock acquired by nodename 22452@pr-hdds-2019-zzvnq-2455991580
2019-09-23 18:38:05,002 [pool-433-thread-1] INFO  storage.RaftStorage (RaftStorage.java:format(72)) - Storage directory /workdir/hadoop-ozone/integration-test/target/test-dir/MiniOzoneClusterImpl-f1ec13dc-2055-4e20-82ea-d4d850253648/datanode-5/data/ratis/0872e277-59be-468b-8fc9-6d8357beeb1d has been successfully formatted.
2019-09-23 18:38:05,002 [pool-433-thread-1] INFO  ratis.ContainerStateMachine (ContainerStateMachine.java:loadSnapshot(230)) - group-6D8357BEEB1D: The snapshot info is null. Setting the last applied indexto:(t:0, i:~)
2019-09-23 18:38:05,002 [pool-433-thread-1] INFO  server.RaftServerConfigKeys (ConfUtils.java:logGet(43)) - raft.server.notification.no-leader.timeout = 120s (custom)
2019-09-23 18:38:05,002 [pool-433-thread-1] INFO  server.RaftServerConfigKeys (ConfUtils.java:logGet(43)) - raft.server.log.use.memory = false (default)
2019-09-23 18:38:05,003 [pool-433-thread-1] INFO  server.RaftServerConfigKeys (ConfUtils.java:logGet(43)) - raft.server.log.purge.gap = 1000000 (custom)
2019-09-23 18:38:05,003 [pool-433-thread-1] INFO  server.RaftServerConfigKeys (ConfUtils.java:logGet(43)) - raft.server.log.appender.buffer.byte-limit = 33554432 (custom)
2019-09-23 18:38:05,003 [pool-433-thread-1] INFO  server.RaftServerConfigKeys (ConfUtils.java:logGet(43)) - raft.server.log.segment.size.max = 1048576 (custom)
2019-09-23 18:38:05,003 [pool-433-thread-1] INFO  server.RaftServerConfigKeys (ConfUtils.java:logGet(43)) - raft.server.log.segment.cache.num.max = 2 (custom)
2019-09-23 18:38:05,003 [pool-433-thread-1] INFO  segmented.SegmentedRaftLogWorker (SegmentedRaftLogWorker.java:<init>(172)) - new 5f98e96f-b0cd-44fb-97a3-4fa4a5fb692e@group-6D8357BEEB1D-SegmentedRaftLogWorker for RaftStorage:Storage Directory /workdir/hadoop-ozone/integration-test/target/test-dir/MiniOzoneClusterImpl-f1ec13dc-2055-4e20-82ea-d4d850253648/datanode-5/data/ratis/0872e277-59be-468b-8fc9-6d8357beeb1d
2019-09-23 18:38:05,005 [pool-433-thread-1] INFO  server.RaftServerConfigKeys (ConfUtils.java:logGet(43)) - raft.server.log.queue.byte-limit = 2147483647 (custom)
2019-09-23 18:38:05,006 [pool-433-thread-1] INFO  server.RaftServerConfigKeys (ConfUtils.java:logGet(43)) - raft.server.log.queue.element-limit = 1024 (custom)
2019-09-23 18:38:05,006 [pool-433-thread-1] INFO  server.RaftServerConfigKeys (ConfUtils.java:logGet(43)) - raft.server.log.segment.size.max = 1048576 (custom)
2019-09-23 18:38:05,006 [pool-433-thread-1] INFO  server.RaftServerConfigKeys (ConfUtils.java:logGet(43)) - raft.server.log.preallocated.size = 16384 (custom)
2019-09-23 18:38:05,006 [pool-433-thread-1] INFO  server.RaftServerConfigKeys (ConfUtils.java:logGet(43)) - raft.server.log.write.buffer.size = 33554432 (custom)
2019-09-23 18:38:05,006 [pool-433-thread-1] INFO  server.RaftServerConfigKeys (ConfUtils.java:logGet(43)) - raft.server.log.force.sync.num = 128 (default)
2019-09-23 18:38:05,006 [pool-433-thread-1] INFO  server.RaftServerConfigKeys (ConfUtils.java:logGet(43)) - raft.server.log.statemachine.data.sync = true (default)
2019-09-23 18:38:05,007 [pool-433-thread-1] INFO  server.RaftServerConfigKeys (ConfUtils.java:logGet(43)) - raft.server.log.statemachine.data.sync.timeout = 10s (default)
2019-09-23 18:38:05,007 [pool-433-thread-1] INFO  server.RaftServerConfigKeys (ConfUtils.java:logGet(43)) - raft.server.log.statemachine.data.sync.timeout.retry = -1 (default)
2019-09-23 18:38:05,007 [pool-433-thread-1] INFO  server.RaftServerConfigKeys (ConfUtils.java:logGet(43)) - raft.server.log.statemachine.data.caching.enabled = true (custom)
2019-09-23 18:38:05,007 [main] INFO  ozone.MiniOzoneClusterImpl (MiniOzoneClusterImpl.java:lambda$waitForClusterToBeReady$0(147)) - Cluster is ready. Got 7 of 7 DN Heartbeats.
2019-09-23 18:38:05,008 [pool-433-thread-1] INFO  segmented.SegmentedRaftLogWorker (SegmentedRaftLogWorker.java:lambda$new$0(132)) - 5f98e96f-b0cd-44fb-97a3-4fa4a5fb692e@group-6D8357BEEB1D-SegmentedRaftLogWorker: flushIndex: setUnconditionally 0 -> -1
2019-09-23 18:38:05,008 [IPC Server handler 2 on 36306] INFO  net.NetworkTopology (NetworkTopologyImpl.java:add(111)) - Added a new node: /default-rack/fd053d16-ac53-4008-81fa-c682e6f9d8f1
2019-09-23 18:38:05,008 [IPC Server handler 2 on 36306] INFO  node.SCMNodeManager (SCMNodeManager.java:register(266)) - Registered Data node : fd053d16-ac53-4008-81fa-c682e6f9d8f1{ip: 192.168.151.119, host: pr-hdds-2019-zzvnq-2455991580, networkLocation: /default-rack, certSerialId: null}
2019-09-23 18:38:05,008 [pool-433-thread-1] INFO  server.RaftServerConfigKeys (ConfUtils.java:logGet(43)) - raft.server.snapshot.auto.trigger.enabled = true (custom)
2019-09-23 18:38:05,008 [pool-433-thread-1] INFO  server.RaftServerConfigKeys (ConfUtils.java:logGet(43)) - raft.server.snapshot.auto.trigger.threshold = 10000 (custom)
2019-09-23 18:38:05,009 [pool-433-thread-1] INFO  server.RaftServerConfigKeys (ConfUtils.java:logGet(43)) - raft.server.snapshot.retention.num.files = 5 (custom)
2019-09-23 18:38:05,009 [pool-433-thread-1] INFO  server.RaftServerConfigKeys (ConfUtils.java:logGet(43)) - raft.server.retrycache.expirytime = 600000ms (custom)
2019-09-23 18:38:05,011 [pool-433-thread-1] INFO  impl.RaftServerImpl (RaftServerImpl.java:start(185)) - 5f98e96f-b0cd-44fb-97a3-4fa4a5fb692e@group-6D8357BEEB1D: start as a follower, conf=-1: [5f98e96f-b0cd-44fb-97a3-4fa4a5fb692e:192.168.151.119:33522], old=null
2019-09-23 18:38:05,015 [pool-433-thread-1] INFO  impl.RaftServerImpl (RaftServerImpl.java:setRole(174)) - 5f98e96f-b0cd-44fb-97a3-4fa4a5fb692e@group-6D8357BEEB1D: changes role from      null to FOLLOWER at term 0 for startAsFollower
2019-09-23 18:38:05,016 [pool-433-thread-1] INFO  impl.RoleInfo (RoleInfo.java:updateAndGet(143)) - 5f98e96f-b0cd-44fb-97a3-4fa4a5fb692e: start FollowerState
2019-09-23 18:38:05,016 [pool-433-thread-1] INFO  util.JmxRegister (JmxRegister.java:tryRegister(44)) - Successfully registered JMX Bean with object name Ratis:service=RaftServer,group=group-6D8357BEEB1D,id=5f98e96f-b0cd-44fb-97a3-4fa4a5fb692e
2019-09-23 18:38:05,020 [RatisPipelineUtilsThread] INFO  pipeline.PipelineStateManager (PipelineStateManager.java:addPipeline(56)) - Created pipeline Pipeline[ Id: 0872e277-59be-468b-8fc9-6d8357beeb1d, Nodes: 5f98e96f-b0cd-44fb-97a3-4fa4a5fb692e{ip: 192.168.151.119, host: pr-hdds-2019-zzvnq-2455991580, networkLocation: /default-rack, certSerialId: null}, Type:RATIS, Factor:ONE, State:OPEN]
2019-09-23 18:38:05,048 [grpc-default-executor-8] INFO  impl.RaftServerProxy (RaftServerProxy.java:addNew(89)) - fd053d16-ac53-4008-81fa-c682e6f9d8f1: addNew group-EA90FB48C8D2:[fd053d16-ac53-4008-81fa-c682e6f9d8f1:192.168.151.119:41277] returns group-EA90FB48C8D2:java.util.concurrent.CompletableFuture@a310cab[Not completed]
2019-09-23 18:38:05,049 [pool-443-thread-1] INFO  impl.RaftServerImpl (RaftServerImpl.java:<init>(95)) - fd053d16-ac53-4008-81fa-c682e6f9d8f1: new RaftServerImpl for group-EA90FB48C8D2:[fd053d16-ac53-4008-81fa-c682e6f9d8f1:192.168.151.119:41277] with ContainerStateMachine:uninitialized
2019-09-23 18:38:05,050 [pool-443-thread-1] INFO  server.RaftServerConfigKeys (ConfUtils.java:logGet(43)) - raft.server.rpc.timeout.min = 5s (custom)
2019-09-23 18:38:05,050 [pool-443-thread-1] INFO  server.RaftServerConfigKeys (ConfUtils.java:logGet(43)) - raft.server.rpc.timeout.max = 5200ms (custom)
2019-09-23 18:38:05,052 [pool-443-thread-1] INFO  server.RaftServerConfigKeys (ConfUtils.java:logGet(43)) - raft.server.rpcslowness.timeout = 120s (custom)
2019-09-23 18:38:05,052 [pool-443-thread-1] INFO  server.RaftServerConfigKeys (ConfUtils.java:logGet(43)) - raft.server.sleep.deviation.threshold = 300 (default)
2019-09-23 18:38:05,056 [pool-443-thread-1] INFO  server.RaftServerConfigKeys (ConfUtils.java:logGet(43)) - raft.server.log.appender.install.snapshot.enabled = false (custom)
2019-09-23 18:38:05,056 [pool-443-thread-1] INFO  impl.RaftServerImpl (ServerState.java:<init>(103)) - fd053d16-ac53-4008-81fa-c682e6f9d8f1@group-EA90FB48C8D2: ConfigurationManager, init=-1: [fd053d16-ac53-4008-81fa-c682e6f9d8f1:192.168.151.119:41277], old=null, confs=<EMPTY_MAP>
2019-09-23 18:38:05,056 [pool-443-thread-1] INFO  server.RaftServerConfigKeys (ConfUtils.java:logGet(43)) - raft.server.storage.dir = [/workdir/hadoop-ozone/integration-test/target/test-dir/MiniOzoneClusterImpl-f1ec13dc-2055-4e20-82ea-d4d850253648/datanode-6/data/ratis] (custom)
2019-09-23 18:38:05,057 [pool-443-thread-1] INFO  storage.RaftStorageDirectory (RaftStorageDirectory.java:analyzeStorage(246)) - The storage directory /workdir/hadoop-ozone/integration-test/target/test-dir/MiniOzoneClusterImpl-f1ec13dc-2055-4e20-82ea-d4d850253648/datanode-6/data/ratis/39454e13-1e1c-41d4-b5a6-ea90fb48c8d2 does not exist. Creating ...
2019-09-23 18:38:05,057 [main] INFO  rpc.RpcClient (RpcClient.java:createVolume(276)) - Creating Volume: watchforcommithandlingtest, with jenkins1000 as owner.
2019-09-23 18:38:05,061 [IPC Server handler 1 on 36654] INFO  volume.OMVolumeCreateRequest (OMVolumeCreateRequest.java:validateAndUpdateCache(189)) - created volume:watchforcommithandlingtest for user:jenkins1000
2019-09-23 18:38:05,071 [pool-443-thread-1] INFO  storage.RaftStorageDirectory (RaftStorageDirectory.java:tryLock(328)) - Lock on /workdir/hadoop-ozone/integration-test/target/test-dir/MiniOzoneClusterImpl-f1ec13dc-2055-4e20-82ea-d4d850253648/datanode-6/data/ratis/39454e13-1e1c-41d4-b5a6-ea90fb48c8d2/in_use.lock acquired by nodename 22452@pr-hdds-2019-zzvnq-2455991580
2019-09-23 18:38:05,075 [main] INFO  rpc.RpcClient (RpcClient.java:createBucket(415)) - Creating Bucket: watchforcommithandlingtest/watchforcommithandlingtest, with Versioning false and Storage Type set to DISK and Encryption set to false 
2019-09-23 18:38:05,080 [main] INFO  ozone.MiniOzoneClusterImpl (MiniOzoneClusterImpl.java:getStorageContainerLocationClient(234)) - Creating StorageContainerLocationProtocol RPC client with address /0.0.0.0:36324
2019-09-23 18:38:05,087 [pool-443-thread-1] INFO  storage.RaftStorage (RaftStorage.java:format(72)) - Storage directory /workdir/hadoop-ozone/integration-test/target/test-dir/MiniOzoneClusterImpl-f1ec13dc-2055-4e20-82ea-d4d850253648/datanode-6/data/ratis/39454e13-1e1c-41d4-b5a6-ea90fb48c8d2 has been successfully formatted.
2019-09-23 18:38:05,087 [pool-443-thread-1] INFO  ratis.ContainerStateMachine (ContainerStateMachine.java:loadSnapshot(230)) - group-EA90FB48C8D2: The snapshot info is null. Setting the last applied indexto:(t:0, i:~)
2019-09-23 18:38:05,087 [pool-443-thread-1] INFO  server.RaftServerConfigKeys (ConfUtils.java:logGet(43)) - raft.server.notification.no-leader.timeout = 120s (custom)
2019-09-23 18:38:05,088 [pool-443-thread-1] INFO  server.RaftServerConfigKeys (ConfUtils.java:logGet(43)) - raft.server.log.use.memory = false (default)
2019-09-23 18:38:05,088 [pool-443-thread-1] INFO  server.RaftServerConfigKeys (ConfUtils.java:logGet(43)) - raft.server.log.purge.gap = 1000000 (custom)
2019-09-23 18:38:05,088 [pool-443-thread-1] INFO  server.RaftServerConfigKeys (ConfUtils.java:logGet(43)) - raft.server.log.appender.buffer.byte-limit = 33554432 (custom)
2019-09-23 18:38:05,088 [pool-443-thread-1] INFO  server.RaftServerConfigKeys (ConfUtils.java:logGet(43)) - raft.server.log.segment.size.max = 1048576 (custom)
2019-09-23 18:38:05,088 [pool-443-thread-1] INFO  server.RaftServerConfigKeys (ConfUtils.java:logGet(43)) - raft.server.log.segment.cache.num.max = 2 (custom)
2019-09-23 18:38:05,088 [pool-443-thread-1] INFO  segmented.SegmentedRaftLogWorker (SegmentedRaftLogWorker.java:<init>(172)) - new fd053d16-ac53-4008-81fa-c682e6f9d8f1@group-EA90FB48C8D2-SegmentedRaftLogWorker for RaftStorage:Storage Directory /workdir/hadoop-ozone/integration-test/target/test-dir/MiniOzoneClusterImpl-f1ec13dc-2055-4e20-82ea-d4d850253648/datanode-6/data/ratis/39454e13-1e1c-41d4-b5a6-ea90fb48c8d2
2019-09-23 18:38:05,090 [pool-443-thread-1] INFO  server.RaftServerConfigKeys (ConfUtils.java:logGet(43)) - raft.server.log.queue.byte-limit = 2147483647 (custom)
2019-09-23 18:38:05,090 [pool-443-thread-1] INFO  server.RaftServerConfigKeys (ConfUtils.java:logGet(43)) - raft.server.log.queue.element-limit = 1024 (custom)
2019-09-23 18:38:05,090 [pool-443-thread-1] INFO  server.RaftServerConfigKeys (ConfUtils.java:logGet(43)) - raft.server.log.segment.size.max = 1048576 (custom)
2019-09-23 18:38:05,090 [pool-443-thread-1] INFO  server.RaftServerConfigKeys (ConfUtils.java:logGet(43)) - raft.server.log.preallocated.size = 16384 (custom)
2019-09-23 18:38:05,090 [pool-443-thread-1] INFO  server.RaftServerConfigKeys (ConfUtils.java:logGet(43)) - raft.server.log.write.buffer.size = 33554432 (custom)
2019-09-23 18:38:05,091 [pool-443-thread-1] INFO  server.RaftServerConfigKeys (ConfUtils.java:logGet(43)) - raft.server.log.force.sync.num = 128 (default)
2019-09-23 18:38:05,091 [pool-443-thread-1] INFO  server.RaftServerConfigKeys (ConfUtils.java:logGet(43)) - raft.server.log.statemachine.data.sync = true (default)
2019-09-23 18:38:05,091 [pool-443-thread-1] INFO  server.RaftServerConfigKeys (ConfUtils.java:logGet(43)) - raft.server.log.statemachine.data.sync.timeout = 10s (default)
2019-09-23 18:38:05,091 [pool-443-thread-1] INFO  server.RaftServerConfigKeys (ConfUtils.java:logGet(43)) - raft.server.log.statemachine.data.sync.timeout.retry = -1 (default)
2019-09-23 18:38:05,091 [pool-443-thread-1] INFO  server.RaftServerConfigKeys (ConfUtils.java:logGet(43)) - raft.server.log.statemachine.data.caching.enabled = true (custom)
2019-09-23 18:38:05,091 [pool-443-thread-1] INFO  segmented.SegmentedRaftLogWorker (SegmentedRaftLogWorker.java:lambda$new$0(132)) - fd053d16-ac53-4008-81fa-c682e6f9d8f1@group-EA90FB48C8D2-SegmentedRaftLogWorker: flushIndex: setUnconditionally 0 -> -1
2019-09-23 18:38:05,092 [pool-443-thread-1] INFO  server.RaftServerConfigKeys (ConfUtils.java:logGet(43)) - raft.server.snapshot.auto.trigger.enabled = true (custom)
2019-09-23 18:38:05,092 [pool-443-thread-1] INFO  server.RaftServerConfigKeys (ConfUtils.java:logGet(43)) - raft.server.snapshot.auto.trigger.threshold = 10000 (custom)
2019-09-23 18:38:05,092 [pool-443-thread-1] INFO  server.RaftServerConfigKeys (ConfUtils.java:logGet(43)) - raft.server.snapshot.retention.num.files = 5 (custom)
2019-09-23 18:38:05,092 [pool-443-thread-1] INFO  server.RaftServerConfigKeys (ConfUtils.java:logGet(43)) - raft.server.retrycache.expirytime = 600000ms (custom)
2019-09-23 18:38:05,094 [pool-443-thread-1] INFO  impl.RaftServerImpl (RaftServerImpl.java:start(185)) - fd053d16-ac53-4008-81fa-c682e6f9d8f1@group-EA90FB48C8D2: start as a follower, conf=-1: [fd053d16-ac53-4008-81fa-c682e6f9d8f1:192.168.151.119:41277], old=null
2019-09-23 18:38:05,094 [pool-443-thread-1] INFO  impl.RaftServerImpl (RaftServerImpl.java:setRole(174)) - fd053d16-ac53-4008-81fa-c682e6f9d8f1@group-EA90FB48C8D2: changes role from      null to FOLLOWER at term 0 for startAsFollower
2019-09-23 18:38:05,094 [pool-443-thread-1] INFO  impl.RoleInfo (RoleInfo.java:updateAndGet(143)) - fd053d16-ac53-4008-81fa-c682e6f9d8f1: start FollowerState
2019-09-23 18:38:05,094 [pool-443-thread-1] INFO  util.JmxRegister (JmxRegister.java:tryRegister(44)) - Successfully registered JMX Bean with object name Ratis:service=RaftServer,group=group-EA90FB48C8D2,id=fd053d16-ac53-4008-81fa-c682e6f9d8f1
2019-09-23 18:38:05,099 [RatisPipelineUtilsThread] INFO  pipeline.PipelineStateManager (PipelineStateManager.java:addPipeline(56)) - Created pipeline Pipeline[ Id: 39454e13-1e1c-41d4-b5a6-ea90fb48c8d2, Nodes: fd053d16-ac53-4008-81fa-c682e6f9d8f1{ip: 192.168.151.119, host: pr-hdds-2019-zzvnq-2455991580, networkLocation: /default-rack, certSerialId: null}, Type:RATIS, Factor:ONE, State:OPEN]
2019-09-23 18:38:05,112 [grpc-default-executor-4] INFO  impl.RaftServerProxy (RaftServerProxy.java:addNew(89)) - 61dd343f-311b-4399-958c-cb8c35ca8db2: addNew group-006466CFA9C6:[61dd343f-311b-4399-958c-cb8c35ca8db2:192.168.151.119:43698, 5f98e96f-b0cd-44fb-97a3-4fa4a5fb692e:192.168.151.119:33522, d441aa57-a3ea-45e5-9d24-ff1f3f15c9a6:192.168.151.119:37157] returns group-006466CFA9C6:java.util.concurrent.CompletableFuture@68ac4c9[Not completed]
2019-09-23 18:38:05,112 [grpc-default-executor-8] INFO  impl.RaftServerProxy (RaftServerProxy.java:addNew(89)) - 5f98e96f-b0cd-44fb-97a3-4fa4a5fb692e: addNew group-006466CFA9C6:[61dd343f-311b-4399-958c-cb8c35ca8db2:192.168.151.119:43698, 5f98e96f-b0cd-44fb-97a3-4fa4a5fb692e:192.168.151.119:33522, d441aa57-a3ea-45e5-9d24-ff1f3f15c9a6:192.168.151.119:37157] returns group-006466CFA9C6:java.util.concurrent.CompletableFuture@5d1c6129[Not completed]
2019-09-23 18:38:05,114 [grpc-default-executor-0] INFO  impl.RaftServerProxy (RaftServerProxy.java:addNew(89)) - d441aa57-a3ea-45e5-9d24-ff1f3f15c9a6: addNew group-006466CFA9C6:[61dd343f-311b-4399-958c-cb8c35ca8db2:192.168.151.119:43698, 5f98e96f-b0cd-44fb-97a3-4fa4a5fb692e:192.168.151.119:33522, d441aa57-a3ea-45e5-9d24-ff1f3f15c9a6:192.168.151.119:37157] returns group-006466CFA9C6:java.util.concurrent.CompletableFuture@493609f4[Not completed]
2019-09-23 18:38:05,116 [pool-413-thread-1] INFO  impl.RaftServerImpl (RaftServerImpl.java:<init>(95)) - 61dd343f-311b-4399-958c-cb8c35ca8db2: new RaftServerImpl for group-006466CFA9C6:[61dd343f-311b-4399-958c-cb8c35ca8db2:192.168.151.119:43698, 5f98e96f-b0cd-44fb-97a3-4fa4a5fb692e:192.168.151.119:33522, d441aa57-a3ea-45e5-9d24-ff1f3f15c9a6:192.168.151.119:37157] with ContainerStateMachine:uninitialized
2019-09-23 18:38:05,116 [pool-413-thread-1] INFO  server.RaftServerConfigKeys (ConfUtils.java:logGet(43)) - raft.server.rpc.timeout.min = 5s (custom)
2019-09-23 18:38:05,116 [pool-413-thread-1] INFO  server.RaftServerConfigKeys (ConfUtils.java:logGet(43)) - raft.server.rpc.timeout.max = 5200ms (custom)
2019-09-23 18:38:05,116 [pool-423-thread-1] INFO  impl.RaftServerImpl (RaftServerImpl.java:<init>(95)) - d441aa57-a3ea-45e5-9d24-ff1f3f15c9a6: new RaftServerImpl for group-006466CFA9C6:[61dd343f-311b-4399-958c-cb8c35ca8db2:192.168.151.119:43698, 5f98e96f-b0cd-44fb-97a3-4fa4a5fb692e:192.168.151.119:33522, d441aa57-a3ea-45e5-9d24-ff1f3f15c9a6:192.168.151.119:37157] with ContainerStateMachine:uninitialized
2019-09-23 18:38:05,116 [pool-413-thread-1] INFO  server.RaftServerConfigKeys (ConfUtils.java:logGet(43)) - raft.server.rpcslowness.timeout = 120s (custom)
2019-09-23 18:38:05,118 [pool-433-thread-1] INFO  impl.RaftServerImpl (RaftServerImpl.java:<init>(95)) - 5f98e96f-b0cd-44fb-97a3-4fa4a5fb692e: new RaftServerImpl for group-006466CFA9C6:[61dd343f-311b-4399-958c-cb8c35ca8db2:192.168.151.119:43698, 5f98e96f-b0cd-44fb-97a3-4fa4a5fb692e:192.168.151.119:33522, d441aa57-a3ea-45e5-9d24-ff1f3f15c9a6:192.168.151.119:37157] with ContainerStateMachine:uninitialized
2019-09-23 18:38:05,118 [pool-423-thread-1] INFO  server.RaftServerConfigKeys (ConfUtils.java:logGet(43)) - raft.server.rpc.timeout.min = 5s (custom)
2019-09-23 18:38:05,119 [pool-433-thread-1] INFO  server.RaftServerConfigKeys (ConfUtils.java:logGet(43)) - raft.server.rpc.timeout.min = 5s (custom)
2019-09-23 18:38:05,119 [pool-413-thread-1] INFO  server.RaftServerConfigKeys (ConfUtils.java:logGet(43)) - raft.server.sleep.deviation.threshold = 300 (default)
2019-09-23 18:38:05,119 [pool-433-thread-1] INFO  server.RaftServerConfigKeys (ConfUtils.java:logGet(43)) - raft.server.rpc.timeout.max = 5200ms (custom)
2019-09-23 18:38:05,119 [pool-423-thread-1] INFO  server.RaftServerConfigKeys (ConfUtils.java:logGet(43)) - raft.server.rpc.timeout.max = 5200ms (custom)
2019-09-23 18:38:05,119 [pool-433-thread-1] INFO  server.RaftServerConfigKeys (ConfUtils.java:logGet(43)) - raft.server.rpcslowness.timeout = 120s (custom)
2019-09-23 18:38:05,119 [pool-413-thread-1] INFO  server.RaftServerConfigKeys (ConfUtils.java:logGet(43)) - raft.server.log.appender.install.snapshot.enabled = false (custom)
2019-09-23 18:38:05,119 [pool-433-thread-1] INFO  server.RaftServerConfigKeys (ConfUtils.java:logGet(43)) - raft.server.sleep.deviation.threshold = 300 (default)
2019-09-23 18:38:05,119 [pool-423-thread-1] INFO  server.RaftServerConfigKeys (ConfUtils.java:logGet(43)) - raft.server.rpcslowness.timeout = 120s (custom)
2019-09-23 18:38:05,120 [pool-433-thread-1] INFO  server.RaftServerConfigKeys (ConfUtils.java:logGet(43)) - raft.server.log.appender.install.snapshot.enabled = false (custom)
2019-09-23 18:38:05,120 [pool-413-thread-1] INFO  impl.RaftServerImpl (ServerState.java:<init>(103)) - 61dd343f-311b-4399-958c-cb8c35ca8db2@group-006466CFA9C6: ConfigurationManager, init=-1: [61dd343f-311b-4399-958c-cb8c35ca8db2:192.168.151.119:43698, 5f98e96f-b0cd-44fb-97a3-4fa4a5fb692e:192.168.151.119:33522, d441aa57-a3ea-45e5-9d24-ff1f3f15c9a6:192.168.151.119:37157], old=null, confs=<EMPTY_MAP>
2019-09-23 18:38:05,120 [pool-433-thread-1] INFO  impl.RaftServerImpl (ServerState.java:<init>(103)) - 5f98e96f-b0cd-44fb-97a3-4fa4a5fb692e@group-006466CFA9C6: ConfigurationManager, init=-1: [61dd343f-311b-4399-958c-cb8c35ca8db2:192.168.151.119:43698, 5f98e96f-b0cd-44fb-97a3-4fa4a5fb692e:192.168.151.119:33522, d441aa57-a3ea-45e5-9d24-ff1f3f15c9a6:192.168.151.119:37157], old=null, confs=<EMPTY_MAP>
2019-09-23 18:38:05,120 [pool-423-thread-1] INFO  server.RaftServerConfigKeys (ConfUtils.java:logGet(43)) - raft.server.sleep.deviation.threshold = 300 (default)
2019-09-23 18:38:05,120 [pool-413-thread-1] INFO  server.RaftServerConfigKeys (ConfUtils.java:logGet(43)) - raft.server.storage.dir = [/workdir/hadoop-ozone/integration-test/target/test-dir/MiniOzoneClusterImpl-f1ec13dc-2055-4e20-82ea-d4d850253648/datanode-3/data/ratis] (custom)
2019-09-23 18:38:05,120 [pool-433-thread-1] INFO  server.RaftServerConfigKeys (ConfUtils.java:logGet(43)) - raft.server.storage.dir = [/workdir/hadoop-ozone/integration-test/target/test-dir/MiniOzoneClusterImpl-f1ec13dc-2055-4e20-82ea-d4d850253648/datanode-5/data/ratis] (custom)
2019-09-23 18:38:05,122 [pool-423-thread-1] INFO  server.RaftServerConfigKeys (ConfUtils.java:logGet(43)) - raft.server.log.appender.install.snapshot.enabled = false (custom)
2019-09-23 18:38:05,123 [pool-423-thread-1] INFO  impl.RaftServerImpl (ServerState.java:<init>(103)) - d441aa57-a3ea-45e5-9d24-ff1f3f15c9a6@group-006466CFA9C6: ConfigurationManager, init=-1: [61dd343f-311b-4399-958c-cb8c35ca8db2:192.168.151.119:43698, 5f98e96f-b0cd-44fb-97a3-4fa4a5fb692e:192.168.151.119:33522, d441aa57-a3ea-45e5-9d24-ff1f3f15c9a6:192.168.151.119:37157], old=null, confs=<EMPTY_MAP>
2019-09-23 18:38:05,123 [pool-413-thread-1] INFO  storage.RaftStorageDirectory (RaftStorageDirectory.java:analyzeStorage(246)) - The storage directory /workdir/hadoop-ozone/integration-test/target/test-dir/MiniOzoneClusterImpl-f1ec13dc-2055-4e20-82ea-d4d850253648/datanode-3/data/ratis/61d0c57b-27d4-4509-81cd-006466cfa9c6 does not exist. Creating ...
2019-09-23 18:38:05,123 [pool-433-thread-1] INFO  storage.RaftStorageDirectory (RaftStorageDirectory.java:analyzeStorage(246)) - The storage directory /workdir/hadoop-ozone/integration-test/target/test-dir/MiniOzoneClusterImpl-f1ec13dc-2055-4e20-82ea-d4d850253648/datanode-5/data/ratis/61d0c57b-27d4-4509-81cd-006466cfa9c6 does not exist. Creating ...
2019-09-23 18:38:05,123 [pool-423-thread-1] INFO  server.RaftServerConfigKeys (ConfUtils.java:logGet(43)) - raft.server.storage.dir = [/workdir/hadoop-ozone/integration-test/target/test-dir/MiniOzoneClusterImpl-f1ec13dc-2055-4e20-82ea-d4d850253648/datanode-4/data/ratis] (custom)
2019-09-23 18:38:05,123 [pool-423-thread-1] INFO  storage.RaftStorageDirectory (RaftStorageDirectory.java:analyzeStorage(246)) - The storage directory /workdir/hadoop-ozone/integration-test/target/test-dir/MiniOzoneClusterImpl-f1ec13dc-2055-4e20-82ea-d4d850253648/datanode-4/data/ratis/61d0c57b-27d4-4509-81cd-006466cfa9c6 does not exist. Creating ...
2019-09-23 18:38:05,136 [pool-413-thread-1] INFO  storage.RaftStorageDirectory (RaftStorageDirectory.java:tryLock(328)) - Lock on /workdir/hadoop-ozone/integration-test/target/test-dir/MiniOzoneClusterImpl-f1ec13dc-2055-4e20-82ea-d4d850253648/datanode-3/data/ratis/61d0c57b-27d4-4509-81cd-006466cfa9c6/in_use.lock acquired by nodename 22452@pr-hdds-2019-zzvnq-2455991580
2019-09-23 18:38:05,137 [pool-433-thread-1] INFO  storage.RaftStorageDirectory (RaftStorageDirectory.java:tryLock(328)) - Lock on /workdir/hadoop-ozone/integration-test/target/test-dir/MiniOzoneClusterImpl-f1ec13dc-2055-4e20-82ea-d4d850253648/datanode-5/data/ratis/61d0c57b-27d4-4509-81cd-006466cfa9c6/in_use.lock acquired by nodename 22452@pr-hdds-2019-zzvnq-2455991580
2019-09-23 18:38:05,136 [pool-423-thread-1] INFO  storage.RaftStorageDirectory (RaftStorageDirectory.java:tryLock(328)) - Lock on /workdir/hadoop-ozone/integration-test/target/test-dir/MiniOzoneClusterImpl-f1ec13dc-2055-4e20-82ea-d4d850253648/datanode-4/data/ratis/61d0c57b-27d4-4509-81cd-006466cfa9c6/in_use.lock acquired by nodename 22452@pr-hdds-2019-zzvnq-2455991580
2019-09-23 18:38:05,157 [pool-413-thread-1] INFO  storage.RaftStorage (RaftStorage.java:format(72)) - Storage directory /workdir/hadoop-ozone/integration-test/target/test-dir/MiniOzoneClusterImpl-f1ec13dc-2055-4e20-82ea-d4d850253648/datanode-3/data/ratis/61d0c57b-27d4-4509-81cd-006466cfa9c6 has been successfully formatted.
2019-09-23 18:38:05,157 [pool-433-thread-1] INFO  storage.RaftStorage (RaftStorage.java:format(72)) - Storage directory /workdir/hadoop-ozone/integration-test/target/test-dir/MiniOzoneClusterImpl-f1ec13dc-2055-4e20-82ea-d4d850253648/datanode-5/data/ratis/61d0c57b-27d4-4509-81cd-006466cfa9c6 has been successfully formatted.
2019-09-23 18:38:05,157 [pool-423-thread-1] INFO  storage.RaftStorage (RaftStorage.java:format(72)) - Storage directory /workdir/hadoop-ozone/integration-test/target/test-dir/MiniOzoneClusterImpl-f1ec13dc-2055-4e20-82ea-d4d850253648/datanode-4/data/ratis/61d0c57b-27d4-4509-81cd-006466cfa9c6 has been successfully formatted.
2019-09-23 18:38:05,158 [pool-433-thread-1] INFO  ratis.ContainerStateMachine (ContainerStateMachine.java:loadSnapshot(230)) - group-006466CFA9C6: The snapshot info is null. Setting the last applied indexto:(t:0, i:~)
2019-09-23 18:38:05,157 [pool-413-thread-1] INFO  ratis.ContainerStateMachine (ContainerStateMachine.java:loadSnapshot(230)) - group-006466CFA9C6: The snapshot info is null. Setting the last applied indexto:(t:0, i:~)
2019-09-23 18:38:05,158 [pool-433-thread-1] INFO  server.RaftServerConfigKeys (ConfUtils.java:logGet(43)) - raft.server.notification.no-leader.timeout = 120s (custom)
2019-09-23 18:38:05,158 [pool-423-thread-1] INFO  ratis.ContainerStateMachine (ContainerStateMachine.java:loadSnapshot(230)) - group-006466CFA9C6: The snapshot info is null. Setting the last applied indexto:(t:0, i:~)
2019-09-23 18:38:05,158 [pool-433-thread-1] INFO  server.RaftServerConfigKeys (ConfUtils.java:logGet(43)) - raft.server.log.use.memory = false (default)
2019-09-23 18:38:05,158 [pool-413-thread-1] INFO  server.RaftServerConfigKeys (ConfUtils.java:logGet(43)) - raft.server.notification.no-leader.timeout = 120s (custom)
2019-09-23 18:38:05,158 [pool-433-thread-1] INFO  server.RaftServerConfigKeys (ConfUtils.java:logGet(43)) - raft.server.log.purge.gap = 1000000 (custom)
2019-09-23 18:38:05,158 [pool-423-thread-1] INFO  server.RaftServerConfigKeys (ConfUtils.java:logGet(43)) - raft.server.notification.no-leader.timeout = 120s (custom)
2019-09-23 18:38:05,158 [pool-433-thread-1] INFO  server.RaftServerConfigKeys (ConfUtils.java:logGet(43)) - raft.server.log.appender.buffer.byte-limit = 33554432 (custom)
2019-09-23 18:38:05,158 [pool-413-thread-1] INFO  server.RaftServerConfigKeys (ConfUtils.java:logGet(43)) - raft.server.log.use.memory = false (default)
2019-09-23 18:38:05,159 [pool-433-thread-1] INFO  server.RaftServerConfigKeys (ConfUtils.java:logGet(43)) - raft.server.log.segment.size.max = 1048576 (custom)
2019-09-23 18:38:05,159 [pool-423-thread-1] INFO  server.RaftServerConfigKeys (ConfUtils.java:logGet(43)) - raft.server.log.use.memory = false (default)
2019-09-23 18:38:05,159 [pool-433-thread-1] INFO  server.RaftServerConfigKeys (ConfUtils.java:logGet(43)) - raft.server.log.segment.cache.num.max = 2 (custom)
2019-09-23 18:38:05,159 [pool-413-thread-1] INFO  server.RaftServerConfigKeys (ConfUtils.java:logGet(43)) - raft.server.log.purge.gap = 1000000 (custom)
2019-09-23 18:38:05,159 [pool-433-thread-1] INFO  segmented.SegmentedRaftLogWorker (SegmentedRaftLogWorker.java:<init>(172)) - new 5f98e96f-b0cd-44fb-97a3-4fa4a5fb692e@group-006466CFA9C6-SegmentedRaftLogWorker for RaftStorage:Storage Directory /workdir/hadoop-ozone/integration-test/target/test-dir/MiniOzoneClusterImpl-f1ec13dc-2055-4e20-82ea-d4d850253648/datanode-5/data/ratis/61d0c57b-27d4-4509-81cd-006466cfa9c6
2019-09-23 18:38:05,159 [pool-423-thread-1] INFO  server.RaftServerConfigKeys (ConfUtils.java:logGet(43)) - raft.server.log.purge.gap = 1000000 (custom)
2019-09-23 18:38:05,160 [pool-433-thread-1] INFO  server.RaftServerConfigKeys (ConfUtils.java:logGet(43)) - raft.server.log.queue.byte-limit = 2147483647 (custom)
2019-09-23 18:38:05,159 [pool-413-thread-1] INFO  server.RaftServerConfigKeys (ConfUtils.java:logGet(43)) - raft.server.log.appender.buffer.byte-limit = 33554432 (custom)
2019-09-23 18:38:05,160 [pool-433-thread-1] INFO  server.RaftServerConfigKeys (ConfUtils.java:logGet(43)) - raft.server.log.queue.element-limit = 1024 (custom)
2019-09-23 18:38:05,160 [pool-423-thread-1] INFO  server.RaftServerConfigKeys (ConfUtils.java:logGet(43)) - raft.server.log.appender.buffer.byte-limit = 33554432 (custom)
2019-09-23 18:38:05,160 [pool-433-thread-1] INFO  server.RaftServerConfigKeys (ConfUtils.java:logGet(43)) - raft.server.log.segment.size.max = 1048576 (custom)
2019-09-23 18:38:05,160 [pool-413-thread-1] INFO  server.RaftServerConfigKeys (ConfUtils.java:logGet(43)) - raft.server.log.segment.size.max = 1048576 (custom)
2019-09-23 18:38:05,160 [pool-433-thread-1] INFO  server.RaftServerConfigKeys (ConfUtils.java:logGet(43)) - raft.server.log.preallocated.size = 16384 (custom)
2019-09-23 18:38:05,160 [pool-423-thread-1] INFO  server.RaftServerConfigKeys (ConfUtils.java:logGet(43)) - raft.server.log.segment.size.max = 1048576 (custom)
2019-09-23 18:38:05,161 [pool-433-thread-1] INFO  server.RaftServerConfigKeys (ConfUtils.java:logGet(43)) - raft.server.log.write.buffer.size = 33554432 (custom)
2019-09-23 18:38:05,160 [pool-413-thread-1] INFO  server.RaftServerConfigKeys (ConfUtils.java:logGet(43)) - raft.server.log.segment.cache.num.max = 2 (custom)
2019-09-23 18:38:05,161 [pool-433-thread-1] INFO  server.RaftServerConfigKeys (ConfUtils.java:logGet(43)) - raft.server.log.force.sync.num = 128 (default)
2019-09-23 18:38:05,161 [pool-423-thread-1] INFO  server.RaftServerConfigKeys (ConfUtils.java:logGet(43)) - raft.server.log.segment.cache.num.max = 2 (custom)
2019-09-23 18:38:05,161 [pool-433-thread-1] INFO  server.RaftServerConfigKeys (ConfUtils.java:logGet(43)) - raft.server.log.statemachine.data.sync = true (default)
2019-09-23 18:38:05,161 [pool-413-thread-1] INFO  segmented.SegmentedRaftLogWorker (SegmentedRaftLogWorker.java:<init>(172)) - new 61dd343f-311b-4399-958c-cb8c35ca8db2@group-006466CFA9C6-SegmentedRaftLogWorker for RaftStorage:Storage Directory /workdir/hadoop-ozone/integration-test/target/test-dir/MiniOzoneClusterImpl-f1ec13dc-2055-4e20-82ea-d4d850253648/datanode-3/data/ratis/61d0c57b-27d4-4509-81cd-006466cfa9c6
2019-09-23 18:38:05,161 [pool-433-thread-1] INFO  server.RaftServerConfigKeys (ConfUtils.java:logGet(43)) - raft.server.log.statemachine.data.sync.timeout = 10s (default)
2019-09-23 18:38:05,161 [pool-423-thread-1] INFO  segmented.SegmentedRaftLogWorker (SegmentedRaftLogWorker.java:<init>(172)) - new d441aa57-a3ea-45e5-9d24-ff1f3f15c9a6@group-006466CFA9C6-SegmentedRaftLogWorker for RaftStorage:Storage Directory /workdir/hadoop-ozone/integration-test/target/test-dir/MiniOzoneClusterImpl-f1ec13dc-2055-4e20-82ea-d4d850253648/datanode-4/data/ratis/61d0c57b-27d4-4509-81cd-006466cfa9c6
2019-09-23 18:38:05,162 [pool-433-thread-1] INFO  server.RaftServerConfigKeys (ConfUtils.java:logGet(43)) - raft.server.log.statemachine.data.sync.timeout.retry = -1 (default)
2019-09-23 18:38:05,161 [pool-413-thread-1] INFO  server.RaftServerConfigKeys (ConfUtils.java:logGet(43)) - raft.server.log.queue.byte-limit = 2147483647 (custom)
2019-09-23 18:38:05,162 [pool-433-thread-1] INFO  server.RaftServerConfigKeys (ConfUtils.java:logGet(43)) - raft.server.log.statemachine.data.caching.enabled = true (custom)
2019-09-23 18:38:05,162 [pool-423-thread-1] INFO  server.RaftServerConfigKeys (ConfUtils.java:logGet(43)) - raft.server.log.queue.byte-limit = 2147483647 (custom)
2019-09-23 18:38:05,162 [pool-413-thread-1] INFO  server.RaftServerConfigKeys (ConfUtils.java:logGet(43)) - raft.server.log.queue.element-limit = 1024 (custom)
2019-09-23 18:38:05,162 [pool-433-thread-1] INFO  segmented.SegmentedRaftLogWorker (SegmentedRaftLogWorker.java:lambda$new$0(132)) - 5f98e96f-b0cd-44fb-97a3-4fa4a5fb692e@group-006466CFA9C6-SegmentedRaftLogWorker: flushIndex: setUnconditionally 0 -> -1
2019-09-23 18:38:05,162 [pool-423-thread-1] INFO  server.RaftServerConfigKeys (ConfUtils.java:logGet(43)) - raft.server.log.queue.element-limit = 1024 (custom)
2019-09-23 18:38:05,162 [pool-413-thread-1] INFO  server.RaftServerConfigKeys (ConfUtils.java:logGet(43)) - raft.server.log.segment.size.max = 1048576 (custom)
2019-09-23 18:38:05,163 [pool-433-thread-1] INFO  server.RaftServerConfigKeys (ConfUtils.java:logGet(43)) - raft.server.snapshot.auto.trigger.enabled = true (custom)
2019-09-23 18:38:05,163 [pool-423-thread-1] INFO  server.RaftServerConfigKeys (ConfUtils.java:logGet(43)) - raft.server.log.segment.size.max = 1048576 (custom)
2019-09-23 18:38:05,163 [pool-433-thread-1] INFO  server.RaftServerConfigKeys (ConfUtils.java:logGet(43)) - raft.server.snapshot.auto.trigger.threshold = 10000 (custom)
2019-09-23 18:38:05,163 [pool-413-thread-1] INFO  server.RaftServerConfigKeys (ConfUtils.java:logGet(43)) - raft.server.log.preallocated.size = 16384 (custom)
2019-09-23 18:38:05,163 [pool-433-thread-1] INFO  server.RaftServerConfigKeys (ConfUtils.java:logGet(43)) - raft.server.snapshot.retention.num.files = 5 (custom)
2019-09-23 18:38:05,163 [pool-423-thread-1] INFO  server.RaftServerConfigKeys (ConfUtils.java:logGet(43)) - raft.server.log.preallocated.size = 16384 (custom)
2019-09-23 18:38:05,163 [pool-433-thread-1] INFO  server.RaftServerConfigKeys (ConfUtils.java:logGet(43)) - raft.server.retrycache.expirytime = 600000ms (custom)
2019-09-23 18:38:05,163 [pool-413-thread-1] INFO  server.RaftServerConfigKeys (ConfUtils.java:logGet(43)) - raft.server.log.write.buffer.size = 33554432 (custom)
2019-09-23 18:38:05,163 [pool-423-thread-1] INFO  server.RaftServerConfigKeys (ConfUtils.java:logGet(43)) - raft.server.log.write.buffer.size = 33554432 (custom)
2019-09-23 18:38:05,164 [pool-413-thread-1] INFO  server.RaftServerConfigKeys (ConfUtils.java:logGet(43)) - raft.server.log.force.sync.num = 128 (default)
2019-09-23 18:38:05,164 [pool-423-thread-1] INFO  server.RaftServerConfigKeys (ConfUtils.java:logGet(43)) - raft.server.log.force.sync.num = 128 (default)
2019-09-23 18:38:05,164 [pool-413-thread-1] INFO  server.RaftServerConfigKeys (ConfUtils.java:logGet(43)) - raft.server.log.statemachine.data.sync = true (default)
2019-09-23 18:38:05,164 [pool-423-thread-1] INFO  server.RaftServerConfigKeys (ConfUtils.java:logGet(43)) - raft.server.log.statemachine.data.sync = true (default)
2019-09-23 18:38:05,164 [pool-413-thread-1] INFO  server.RaftServerConfigKeys (ConfUtils.java:logGet(43)) - raft.server.log.statemachine.data.sync.timeout = 10s (default)
2019-09-23 18:38:05,164 [pool-423-thread-1] INFO  server.RaftServerConfigKeys (ConfUtils.java:logGet(43)) - raft.server.log.statemachine.data.sync.timeout = 10s (default)
2019-09-23 18:38:05,164 [pool-413-thread-1] INFO  server.RaftServerConfigKeys (ConfUtils.java:logGet(43)) - raft.server.log.statemachine.data.sync.timeout.retry = -1 (default)
2019-09-23 18:38:05,165 [pool-423-thread-1] INFO  server.RaftServerConfigKeys (ConfUtils.java:logGet(43)) - raft.server.log.statemachine.data.sync.timeout.retry = -1 (default)
2019-09-23 18:38:05,165 [pool-413-thread-1] INFO  server.RaftServerConfigKeys (ConfUtils.java:logGet(43)) - raft.server.log.statemachine.data.caching.enabled = true (custom)
2019-09-23 18:38:05,165 [pool-423-thread-1] INFO  server.RaftServerConfigKeys (ConfUtils.java:logGet(43)) - raft.server.log.statemachine.data.caching.enabled = true (custom)
2019-09-23 18:38:05,165 [pool-413-thread-1] INFO  segmented.SegmentedRaftLogWorker (SegmentedRaftLogWorker.java:lambda$new$0(132)) - 61dd343f-311b-4399-958c-cb8c35ca8db2@group-006466CFA9C6-SegmentedRaftLogWorker: flushIndex: setUnconditionally 0 -> -1
2019-09-23 18:38:05,165 [pool-423-thread-1] INFO  segmented.SegmentedRaftLogWorker (SegmentedRaftLogWorker.java:lambda$new$0(132)) - d441aa57-a3ea-45e5-9d24-ff1f3f15c9a6@group-006466CFA9C6-SegmentedRaftLogWorker: flushIndex: setUnconditionally 0 -> -1
2019-09-23 18:38:05,165 [pool-433-thread-1] INFO  impl.RaftServerImpl (RaftServerImpl.java:start(185)) - 5f98e96f-b0cd-44fb-97a3-4fa4a5fb692e@group-006466CFA9C6: start as a follower, conf=-1: [61dd343f-311b-4399-958c-cb8c35ca8db2:192.168.151.119:43698, 5f98e96f-b0cd-44fb-97a3-4fa4a5fb692e:192.168.151.119:33522, d441aa57-a3ea-45e5-9d24-ff1f3f15c9a6:192.168.151.119:37157], old=null
2019-09-23 18:38:05,165 [pool-413-thread-1] INFO  server.RaftServerConfigKeys (ConfUtils.java:logGet(43)) - raft.server.snapshot.auto.trigger.enabled = true (custom)
2019-09-23 18:38:05,165 [pool-423-thread-1] INFO  server.RaftServerConfigKeys (ConfUtils.java:logGet(43)) - raft.server.snapshot.auto.trigger.enabled = true (custom)
2019-09-23 18:38:05,165 [pool-433-thread-1] INFO  impl.RaftServerImpl (RaftServerImpl.java:setRole(174)) - 5f98e96f-b0cd-44fb-97a3-4fa4a5fb692e@group-006466CFA9C6: changes role from      null to FOLLOWER at term 0 for startAsFollower
2019-09-23 18:38:05,166 [pool-423-thread-1] INFO  server.RaftServerConfigKeys (ConfUtils.java:logGet(43)) - raft.server.snapshot.auto.trigger.threshold = 10000 (custom)
2019-09-23 18:38:05,166 [pool-413-thread-1] INFO  server.RaftServerConfigKeys (ConfUtils.java:logGet(43)) - raft.server.snapshot.auto.trigger.threshold = 10000 (custom)
2019-09-23 18:38:05,166 [pool-423-thread-1] INFO  server.RaftServerConfigKeys (ConfUtils.java:logGet(43)) - raft.server.snapshot.retention.num.files = 5 (custom)
2019-09-23 18:38:05,166 [pool-433-thread-1] INFO  impl.RoleInfo (RoleInfo.java:updateAndGet(143)) - 5f98e96f-b0cd-44fb-97a3-4fa4a5fb692e: start FollowerState
2019-09-23 18:38:05,166 [pool-423-thread-1] INFO  server.RaftServerConfigKeys (ConfUtils.java:logGet(43)) - raft.server.retrycache.expirytime = 600000ms (custom)
2019-09-23 18:38:05,166 [pool-413-thread-1] INFO  server.RaftServerConfigKeys (ConfUtils.java:logGet(43)) - raft.server.snapshot.retention.num.files = 5 (custom)
2019-09-23 18:38:05,167 [pool-413-thread-1] INFO  server.RaftServerConfigKeys (ConfUtils.java:logGet(43)) - raft.server.retrycache.expirytime = 600000ms (custom)
2019-09-23 18:38:05,167 [pool-433-thread-1] INFO  util.JmxRegister (JmxRegister.java:tryRegister(44)) - Successfully registered JMX Bean with object name Ratis:service=RaftServer,group=group-006466CFA9C6,id=5f98e96f-b0cd-44fb-97a3-4fa4a5fb692e
2019-09-23 18:38:05,172 [pool-423-thread-1] INFO  impl.RaftServerImpl (RaftServerImpl.java:start(185)) - d441aa57-a3ea-45e5-9d24-ff1f3f15c9a6@group-006466CFA9C6: start as a follower, conf=-1: [61dd343f-311b-4399-958c-cb8c35ca8db2:192.168.151.119:43698, 5f98e96f-b0cd-44fb-97a3-4fa4a5fb692e:192.168.151.119:33522, d441aa57-a3ea-45e5-9d24-ff1f3f15c9a6:192.168.151.119:37157], old=null
2019-09-23 18:38:05,172 [pool-423-thread-1] INFO  impl.RaftServerImpl (RaftServerImpl.java:setRole(174)) - d441aa57-a3ea-45e5-9d24-ff1f3f15c9a6@group-006466CFA9C6: changes role from      null to FOLLOWER at term 0 for startAsFollower
2019-09-23 18:38:05,172 [pool-423-thread-1] INFO  impl.RoleInfo (RoleInfo.java:updateAndGet(143)) - d441aa57-a3ea-45e5-9d24-ff1f3f15c9a6: start FollowerState
2019-09-23 18:38:05,172 [pool-413-thread-1] INFO  impl.RaftServerImpl (RaftServerImpl.java:start(185)) - 61dd343f-311b-4399-958c-cb8c35ca8db2@group-006466CFA9C6: start as a follower, conf=-1: [61dd343f-311b-4399-958c-cb8c35ca8db2:192.168.151.119:43698, 5f98e96f-b0cd-44fb-97a3-4fa4a5fb692e:192.168.151.119:33522, d441aa57-a3ea-45e5-9d24-ff1f3f15c9a6:192.168.151.119:37157], old=null
2019-09-23 18:38:05,173 [pool-413-thread-1] INFO  impl.RaftServerImpl (RaftServerImpl.java:setRole(174)) - 61dd343f-311b-4399-958c-cb8c35ca8db2@group-006466CFA9C6: changes role from      null to FOLLOWER at term 0 for startAsFollower
2019-09-23 18:38:05,173 [pool-423-thread-1] INFO  util.JmxRegister (JmxRegister.java:tryRegister(44)) - Successfully registered JMX Bean with object name Ratis:service=RaftServer,group=group-006466CFA9C6,id=d441aa57-a3ea-45e5-9d24-ff1f3f15c9a6
2019-09-23 18:38:05,173 [pool-413-thread-1] INFO  impl.RoleInfo (RoleInfo.java:updateAndGet(143)) - 61dd343f-311b-4399-958c-cb8c35ca8db2: start FollowerState
2019-09-23 18:38:05,173 [pool-413-thread-1] INFO  util.JmxRegister (JmxRegister.java:tryRegister(44)) - Successfully registered JMX Bean with object name Ratis:service=RaftServer,group=group-006466CFA9C6,id=61dd343f-311b-4399-958c-cb8c35ca8db2
2019-09-23 18:38:05,187 [RatisPipelineUtilsThread] INFO  pipeline.PipelineStateManager (PipelineStateManager.java:addPipeline(56)) - Created pipeline Pipeline[ Id: 61d0c57b-27d4-4509-81cd-006466cfa9c6, Nodes: d441aa57-a3ea-45e5-9d24-ff1f3f15c9a6{ip: 192.168.151.119, host: pr-hdds-2019-zzvnq-2455991580, networkLocation: /default-rack, certSerialId: null}5f98e96f-b0cd-44fb-97a3-4fa4a5fb692e{ip: 192.168.151.119, host: pr-hdds-2019-zzvnq-2455991580, networkLocation: /default-rack, certSerialId: null}61dd343f-311b-4399-958c-cb8c35ca8db2{ip: 192.168.151.119, host: pr-hdds-2019-zzvnq-2455991580, networkLocation: /default-rack, certSerialId: null}, Type:RATIS, Factor:THREE, State:OPEN]
2019-09-23 18:38:07,558 [Thread-2286] INFO  container.ReplicationManager (ReplicationManager.java:start(162)) - Starting Replication Monitor Thread.
2019-09-23 18:38:07,564 [ReplicationMonitor] INFO  container.ReplicationManager (ReplicationManager.java:run(225)) - Replication Monitor Thread took 0 milliseconds for processing 1 containers.
2019-09-23 18:38:09,638 [Thread-2288] INFO  impl.FollowerState (FollowerState.java:run(106)) - 9de50355-2df4-4fe2-bacd-c3d729e212d2:group-C4919D7DC0C3 changes to CANDIDATE, lastRpcTime:5015, electionTimeout:5015ms
2019-09-23 18:38:09,643 [Thread-2288] INFO  impl.RoleInfo (RoleInfo.java:shutdownFollowerState(121)) - 9de50355-2df4-4fe2-bacd-c3d729e212d2: shutdown FollowerState
2019-09-23 18:38:09,643 [Thread-2288] INFO  impl.RaftServerImpl (RaftServerImpl.java:setRole(174)) - 9de50355-2df4-4fe2-bacd-c3d729e212d2@group-C4919D7DC0C3: changes role from  FOLLOWER to CANDIDATE at term 0 for changeToCandidate
2019-09-23 18:38:09,643 [Thread-2288] INFO  impl.RoleInfo (RoleInfo.java:updateAndGet(143)) - 9de50355-2df4-4fe2-bacd-c3d729e212d2: start LeaderElection
2019-09-23 18:38:09,666 [9de50355-2df4-4fe2-bacd-c3d729e212d2@group-C4919D7DC0C3:LeaderElection55] INFO  impl.LeaderElection (LeaderElection.java:askForVotes(182)) - 9de50355-2df4-4fe2-bacd-c3d729e212d2@group-C4919D7DC0C3:LeaderElection55: begin an election at term 1 for -1: [9de50355-2df4-4fe2-bacd-c3d729e212d2:192.168.151.119:40739], old=null
2019-09-23 18:38:09,667 [9de50355-2df4-4fe2-bacd-c3d729e212d2@group-C4919D7DC0C3:LeaderElection55] INFO  impl.RoleInfo (RoleInfo.java:shutdownLeaderElection(134)) - 9de50355-2df4-4fe2-bacd-c3d729e212d2: shutdown LeaderElection
2019-09-23 18:38:09,667 [9de50355-2df4-4fe2-bacd-c3d729e212d2@group-C4919D7DC0C3:LeaderElection55] INFO  impl.RaftServerImpl (RaftServerImpl.java:setRole(174)) - 9de50355-2df4-4fe2-bacd-c3d729e212d2@group-C4919D7DC0C3: changes role from CANDIDATE to LEADER at term 1 for changeToLeader
2019-09-23 18:38:09,667 [9de50355-2df4-4fe2-bacd-c3d729e212d2@group-C4919D7DC0C3:LeaderElection55] INFO  impl.RaftServerImpl (ServerState.java:setLeader(253)) - 9de50355-2df4-4fe2-bacd-c3d729e212d2@group-C4919D7DC0C3: change Leader from null to 9de50355-2df4-4fe2-bacd-c3d729e212d2 at term 1 for becomeLeader, leader elected after 5052ms
2019-09-23 18:38:09,668 [9de50355-2df4-4fe2-bacd-c3d729e212d2@group-C4919D7DC0C3:LeaderElection55] INFO  server.RaftServerConfigKeys (ConfUtils.java:logGet(43)) - raft.server.staging.catchup.gap = 1000 (default)
2019-09-23 18:38:09,668 [9de50355-2df4-4fe2-bacd-c3d729e212d2@group-C4919D7DC0C3:LeaderElection55] INFO  server.RaftServerConfigKeys (ConfUtils.java:logGet(43)) - raft.server.rpc.sleep.time = 25ms (default)
2019-09-23 18:38:09,668 [9de50355-2df4-4fe2-bacd-c3d729e212d2@group-C4919D7DC0C3:LeaderElection55] INFO  server.RaftServerConfigKeys (ConfUtils.java:logGet(43)) - raft.server.write.element-limit = 4096 (default)
2019-09-23 18:38:09,668 [9de50355-2df4-4fe2-bacd-c3d729e212d2@group-C4919D7DC0C3:LeaderElection55] INFO  server.RaftServerConfigKeys (ConfUtils.java:logGet(43)) - raft.server.watch.timeout = 10s (default)
2019-09-23 18:38:09,668 [9de50355-2df4-4fe2-bacd-c3d729e212d2@group-C4919D7DC0C3:LeaderElection55] INFO  server.RaftServerConfigKeys (ConfUtils.java:logGet(43)) - raft.server.watch.timeout.denomination = 1s (default)
2019-09-23 18:38:09,669 [9de50355-2df4-4fe2-bacd-c3d729e212d2@group-C4919D7DC0C3:LeaderElection55] INFO  server.RaftServerConfigKeys (ConfUtils.java:logGet(43)) - raft.server.watch.element-limit = 65536 (default)
2019-09-23 18:38:09,672 [9de50355-2df4-4fe2-bacd-c3d729e212d2@group-C4919D7DC0C3:LeaderElection55] INFO  impl.RoleInfo (RoleInfo.java:updateAndGet(143)) - 9de50355-2df4-4fe2-bacd-c3d729e212d2: start LeaderState
2019-09-23 18:38:09,672 [9de50355-2df4-4fe2-bacd-c3d729e212d2@group-C4919D7DC0C3:LeaderElection55] INFO  segmented.SegmentedRaftLogWorker (SegmentedRaftLogWorker.java:startLogSegment(380)) - 9de50355-2df4-4fe2-bacd-c3d729e212d2@group-C4919D7DC0C3-SegmentedRaftLogWorker: Starting segment from index:0
2019-09-23 18:38:09,673 [9de50355-2df4-4fe2-bacd-c3d729e212d2@group-C4919D7DC0C3:LeaderElection55] INFO  impl.RaftServerImpl (ServerState.java:setRaftConf(354)) - 9de50355-2df4-4fe2-bacd-c3d729e212d2@group-C4919D7DC0C3: set configuration 0: [9de50355-2df4-4fe2-bacd-c3d729e212d2:192.168.151.119:40739], old=null at 0
2019-09-23 18:38:09,732 [9de50355-2df4-4fe2-bacd-c3d729e212d2@group-C4919D7DC0C3-SegmentedRaftLogWorker] INFO  segmented.SegmentedRaftLogWorker (SegmentedRaftLogWorker.java:execute(569)) - 9de50355-2df4-4fe2-bacd-c3d729e212d2@group-C4919D7DC0C3-SegmentedRaftLogWorker: created new log segment /workdir/hadoop-ozone/integration-test/target/test-dir/MiniOzoneClusterImpl-f1ec13dc-2055-4e20-82ea-d4d850253648/datanode-0/data/ratis/374e6331-8581-43cf-8ece-c4919d7dc0c3/current/log_inprogress_0
2019-09-23 18:38:09,739 [Thread-2291] INFO  impl.FollowerState (FollowerState.java:run(106)) - c8b59faf-a124-4506-94d3-f2011aefc751:group-F857A1BE90A2 changes to CANDIDATE, lastRpcTime:5055, electionTimeout:5055ms
2019-09-23 18:38:09,739 [Thread-2291] INFO  impl.RoleInfo (RoleInfo.java:shutdownFollowerState(121)) - c8b59faf-a124-4506-94d3-f2011aefc751: shutdown FollowerState
2019-09-23 18:38:09,739 [Thread-2291] INFO  impl.RaftServerImpl (RaftServerImpl.java:setRole(174)) - c8b59faf-a124-4506-94d3-f2011aefc751@group-F857A1BE90A2: changes role from  FOLLOWER to CANDIDATE at term 0 for changeToCandidate
2019-09-23 18:38:09,739 [Thread-2291] INFO  impl.RoleInfo (RoleInfo.java:updateAndGet(143)) - c8b59faf-a124-4506-94d3-f2011aefc751: start LeaderElection
2019-09-23 18:38:09,761 [c8b59faf-a124-4506-94d3-f2011aefc751@group-F857A1BE90A2:LeaderElection56] INFO  impl.LeaderElection (LeaderElection.java:askForVotes(182)) - c8b59faf-a124-4506-94d3-f2011aefc751@group-F857A1BE90A2:LeaderElection56: begin an election at term 1 for -1: [c8b59faf-a124-4506-94d3-f2011aefc751:192.168.151.119:36413], old=null
2019-09-23 18:38:09,761 [c8b59faf-a124-4506-94d3-f2011aefc751@group-F857A1BE90A2:LeaderElection56] INFO  impl.RoleInfo (RoleInfo.java:shutdownLeaderElection(134)) - c8b59faf-a124-4506-94d3-f2011aefc751: shutdown LeaderElection
2019-09-23 18:38:09,761 [c8b59faf-a124-4506-94d3-f2011aefc751@group-F857A1BE90A2:LeaderElection56] INFO  impl.RaftServerImpl (RaftServerImpl.java:setRole(174)) - c8b59faf-a124-4506-94d3-f2011aefc751@group-F857A1BE90A2: changes role from CANDIDATE to LEADER at term 1 for changeToLeader
2019-09-23 18:38:09,762 [c8b59faf-a124-4506-94d3-f2011aefc751@group-F857A1BE90A2:LeaderElection56] INFO  impl.RaftServerImpl (ServerState.java:setLeader(253)) - c8b59faf-a124-4506-94d3-f2011aefc751@group-F857A1BE90A2: change Leader from null to c8b59faf-a124-4506-94d3-f2011aefc751 at term 1 for becomeLeader, leader elected after 5083ms
2019-09-23 18:38:09,762 [c8b59faf-a124-4506-94d3-f2011aefc751@group-F857A1BE90A2:LeaderElection56] INFO  server.RaftServerConfigKeys (ConfUtils.java:logGet(43)) - raft.server.staging.catchup.gap = 1000 (default)
2019-09-23 18:38:09,762 [c8b59faf-a124-4506-94d3-f2011aefc751@group-F857A1BE90A2:LeaderElection56] INFO  server.RaftServerConfigKeys (ConfUtils.java:logGet(43)) - raft.server.rpc.sleep.time = 25ms (default)
2019-09-23 18:38:09,762 [c8b59faf-a124-4506-94d3-f2011aefc751@group-F857A1BE90A2:LeaderElection56] INFO  server.RaftServerConfigKeys (ConfUtils.java:logGet(43)) - raft.server.write.element-limit = 4096 (default)
2019-09-23 18:38:09,762 [c8b59faf-a124-4506-94d3-f2011aefc751@group-F857A1BE90A2:LeaderElection56] INFO  server.RaftServerConfigKeys (ConfUtils.java:logGet(43)) - raft.server.watch.timeout = 10s (default)
2019-09-23 18:38:09,762 [c8b59faf-a124-4506-94d3-f2011aefc751@group-F857A1BE90A2:LeaderElection56] INFO  server.RaftServerConfigKeys (ConfUtils.java:logGet(43)) - raft.server.watch.timeout.denomination = 1s (default)
2019-09-23 18:38:09,762 [c8b59faf-a124-4506-94d3-f2011aefc751@group-F857A1BE90A2:LeaderElection56] INFO  server.RaftServerConfigKeys (ConfUtils.java:logGet(43)) - raft.server.watch.element-limit = 65536 (default)
2019-09-23 18:38:09,763 [c8b59faf-a124-4506-94d3-f2011aefc751@group-F857A1BE90A2:LeaderElection56] INFO  impl.RoleInfo (RoleInfo.java:updateAndGet(143)) - c8b59faf-a124-4506-94d3-f2011aefc751: start LeaderState
2019-09-23 18:38:09,764 [c8b59faf-a124-4506-94d3-f2011aefc751@group-F857A1BE90A2:LeaderElection56] INFO  segmented.SegmentedRaftLogWorker (SegmentedRaftLogWorker.java:startLogSegment(380)) - c8b59faf-a124-4506-94d3-f2011aefc751@group-F857A1BE90A2-SegmentedRaftLogWorker: Starting segment from index:0
2019-09-23 18:38:09,764 [c8b59faf-a124-4506-94d3-f2011aefc751@group-F857A1BE90A2:LeaderElection56] INFO  impl.RaftServerImpl (ServerState.java:setRaftConf(354)) - c8b59faf-a124-4506-94d3-f2011aefc751@group-F857A1BE90A2: set configuration 0: [c8b59faf-a124-4506-94d3-f2011aefc751:192.168.151.119:36413], old=null at 0
2019-09-23 18:38:09,795 [c8b59faf-a124-4506-94d3-f2011aefc751@group-F857A1BE90A2-SegmentedRaftLogWorker] INFO  segmented.SegmentedRaftLogWorker (SegmentedRaftLogWorker.java:execute(569)) - c8b59faf-a124-4506-94d3-f2011aefc751@group-F857A1BE90A2-SegmentedRaftLogWorker: created new log segment /workdir/hadoop-ozone/integration-test/target/test-dir/MiniOzoneClusterImpl-f1ec13dc-2055-4e20-82ea-d4d850253648/datanode-1/data/ratis/d7527bae-3691-4bf6-9fbc-f857a1be90a2/current/log_inprogress_0
2019-09-23 18:38:09,840 [Thread-2301] INFO  impl.FollowerState (FollowerState.java:run(106)) - c8b59faf-a124-4506-94d3-f2011aefc751:group-36114D9969DD changes to CANDIDATE, lastRpcTime:5021, electionTimeout:5021ms
2019-09-23 18:38:09,840 [Thread-2301] INFO  impl.RoleInfo (RoleInfo.java:shutdownFollowerState(121)) - c8b59faf-a124-4506-94d3-f2011aefc751: shutdown FollowerState
2019-09-23 18:38:09,840 [Thread-2301] INFO  impl.RaftServerImpl (RaftServerImpl.java:setRole(174)) - c8b59faf-a124-4506-94d3-f2011aefc751@group-36114D9969DD: changes role from  FOLLOWER to CANDIDATE at term 0 for changeToCandidate
2019-09-23 18:38:09,840 [Thread-2301] INFO  impl.RoleInfo (RoleInfo.java:updateAndGet(143)) - c8b59faf-a124-4506-94d3-f2011aefc751: start LeaderElection
2019-09-23 18:38:09,859 [c8b59faf-a124-4506-94d3-f2011aefc751@group-36114D9969DD:LeaderElection57] INFO  impl.LeaderElection (LeaderElection.java:askForVotes(182)) - c8b59faf-a124-4506-94d3-f2011aefc751@group-36114D9969DD:LeaderElection57: begin an election at term 1 for -1: [c8b59faf-a124-4506-94d3-f2011aefc751:192.168.151.119:36413, bbcb5749-6ac1-4efe-ae1b-619d11e71108:192.168.151.119:39987, 9de50355-2df4-4fe2-bacd-c3d729e212d2:192.168.151.119:40739], old=null
2019-09-23 18:38:09,867 [grpc-default-executor-8] INFO  impl.RaftServerImpl (RaftServerImpl.java:setRole(174)) - bbcb5749-6ac1-4efe-ae1b-619d11e71108@group-36114D9969DD: changes role from  FOLLOWER to FOLLOWER at term 1 for recognizeCandidate:c8b59faf-a124-4506-94d3-f2011aefc751
2019-09-23 18:38:09,870 [Thread-2303] INFO  impl.FollowerState (FollowerState.java:run(106)) - 9de50355-2df4-4fe2-bacd-c3d729e212d2:group-36114D9969DD changes to CANDIDATE, lastRpcTime:5045, electionTimeout:5044ms
2019-09-23 18:38:09,873 [grpc-default-executor-8] INFO  impl.RoleInfo (RoleInfo.java:shutdownFollowerState(121)) - bbcb5749-6ac1-4efe-ae1b-619d11e71108: shutdown FollowerState
2019-09-23 18:38:09,873 [Thread-2303] INFO  impl.RoleInfo (RoleInfo.java:shutdownFollowerState(121)) - 9de50355-2df4-4fe2-bacd-c3d729e212d2: shutdown FollowerState
2019-09-23 18:38:09,874 [Thread-2303] INFO  impl.RaftServerImpl (RaftServerImpl.java:setRole(174)) - 9de50355-2df4-4fe2-bacd-c3d729e212d2@group-36114D9969DD: changes role from  FOLLOWER to CANDIDATE at term 0 for changeToCandidate
2019-09-23 18:38:09,874 [Thread-2297] INFO  impl.FollowerState (FollowerState.java:run(115)) - bbcb5749-6ac1-4efe-ae1b-619d11e71108: FollowerState was interrupted: java.lang.InterruptedException: sleep interrupted
2019-09-23 18:38:09,874 [Thread-2303] INFO  impl.RoleInfo (RoleInfo.java:updateAndGet(143)) - 9de50355-2df4-4fe2-bacd-c3d729e212d2: start LeaderElection
2019-09-23 18:38:09,874 [grpc-default-executor-8] INFO  impl.RoleInfo (RoleInfo.java:updateAndGet(143)) - bbcb5749-6ac1-4efe-ae1b-619d11e71108: start FollowerState
2019-09-23 18:38:09,877 [grpc-default-executor-0] INFO  impl.RaftServerImpl (RaftServerImpl.java:setRole(174)) - 9de50355-2df4-4fe2-bacd-c3d729e212d2@group-36114D9969DD: changes role from CANDIDATE to FOLLOWER at term 1 for recognizeCandidate:c8b59faf-a124-4506-94d3-f2011aefc751
2019-09-23 18:38:09,880 [grpc-default-executor-0] INFO  impl.RoleInfo (RoleInfo.java:shutdownLeaderElection(134)) - 9de50355-2df4-4fe2-bacd-c3d729e212d2: shutdown LeaderElection
2019-09-23 18:38:09,881 [grpc-default-executor-0] INFO  impl.RoleInfo (RoleInfo.java:updateAndGet(143)) - 9de50355-2df4-4fe2-bacd-c3d729e212d2: start FollowerState
2019-09-23 18:38:09,931 [Thread-2294] INFO  impl.FollowerState (FollowerState.java:run(106)) - bbcb5749-6ac1-4efe-ae1b-619d11e71108:group-446716E46538 changes to CANDIDATE, lastRpcTime:5186, electionTimeout:5181ms
2019-09-23 18:38:09,931 [Thread-2294] INFO  impl.RoleInfo (RoleInfo.java:shutdownFollowerState(121)) - bbcb5749-6ac1-4efe-ae1b-619d11e71108: shutdown FollowerState
2019-09-23 18:38:09,932 [Thread-2294] INFO  impl.RaftServerImpl (RaftServerImpl.java:setRole(174)) - bbcb5749-6ac1-4efe-ae1b-619d11e71108@group-446716E46538: changes role from  FOLLOWER to CANDIDATE at term 0 for changeToCandidate
2019-09-23 18:38:09,932 [Thread-2294] INFO  impl.RoleInfo (RoleInfo.java:updateAndGet(143)) - bbcb5749-6ac1-4efe-ae1b-619d11e71108: start LeaderElection
2019-09-23 18:38:09,940 [c8b59faf-a124-4506-94d3-f2011aefc751@group-36114D9969DD:LeaderElection57] INFO  impl.LeaderElection (LeaderElection.java:logAndReturn(56)) - c8b59faf-a124-4506-94d3-f2011aefc751@group-36114D9969DD:LeaderElection57: Election PASSED; received 2 response(s) [c8b59faf-a124-4506-94d3-f2011aefc751<-9de50355-2df4-4fe2-bacd-c3d729e212d2#0:FAIL-t1, c8b59faf-a124-4506-94d3-f2011aefc751<-bbcb5749-6ac1-4efe-ae1b-619d11e71108#0:OK-t1] and 0 exception(s); c8b59faf-a124-4506-94d3-f2011aefc751@group-36114D9969DD:t1, leader=null, voted=c8b59faf-a124-4506-94d3-f2011aefc751, raftlog=c8b59faf-a124-4506-94d3-f2011aefc751@group-36114D9969DD-SegmentedRaftLog:OPENED:c-1,f-1,i0, conf=-1: [c8b59faf-a124-4506-94d3-f2011aefc751:192.168.151.119:36413, bbcb5749-6ac1-4efe-ae1b-619d11e71108:192.168.151.119:39987, 9de50355-2df4-4fe2-bacd-c3d729e212d2:192.168.151.119:40739], old=null
2019-09-23 18:38:09,940 [c8b59faf-a124-4506-94d3-f2011aefc751@group-36114D9969DD:LeaderElection57] INFO  impl.RoleInfo (RoleInfo.java:shutdownLeaderElection(134)) - c8b59faf-a124-4506-94d3-f2011aefc751: shutdown LeaderElection
2019-09-23 18:38:09,941 [c8b59faf-a124-4506-94d3-f2011aefc751@group-36114D9969DD:LeaderElection57] INFO  impl.RaftServerImpl (RaftServerImpl.java:setRole(174)) - c8b59faf-a124-4506-94d3-f2011aefc751@group-36114D9969DD: changes role from CANDIDATE to LEADER at term 1 for changeToLeader
2019-09-23 18:38:09,941 [c8b59faf-a124-4506-94d3-f2011aefc751@group-36114D9969DD:LeaderElection57] INFO  impl.RaftServerImpl (ServerState.java:setLeader(253)) - c8b59faf-a124-4506-94d3-f2011aefc751@group-36114D9969DD: change Leader from null to c8b59faf-a124-4506-94d3-f2011aefc751 at term 1 for becomeLeader, leader elected after 5131ms
2019-09-23 18:38:09,941 [c8b59faf-a124-4506-94d3-f2011aefc751@group-36114D9969DD:LeaderElection57] INFO  server.RaftServerConfigKeys (ConfUtils.java:logGet(43)) - raft.server.staging.catchup.gap = 1000 (default)
2019-09-23 18:38:09,941 [c8b59faf-a124-4506-94d3-f2011aefc751@group-36114D9969DD:LeaderElection57] INFO  server.RaftServerConfigKeys (ConfUtils.java:logGet(43)) - raft.server.rpc.sleep.time = 25ms (default)
2019-09-23 18:38:09,941 [c8b59faf-a124-4506-94d3-f2011aefc751@group-36114D9969DD:LeaderElection57] INFO  server.RaftServerConfigKeys (ConfUtils.java:logGet(43)) - raft.server.write.element-limit = 4096 (default)
2019-09-23 18:38:09,941 [c8b59faf-a124-4506-94d3-f2011aefc751@group-36114D9969DD:LeaderElection57] INFO  server.RaftServerConfigKeys (ConfUtils.java:logGet(43)) - raft.server.watch.timeout = 10s (default)
2019-09-23 18:38:09,942 [c8b59faf-a124-4506-94d3-f2011aefc751@group-36114D9969DD:LeaderElection57] INFO  server.RaftServerConfigKeys (ConfUtils.java:logGet(43)) - raft.server.watch.timeout.denomination = 1s (default)
2019-09-23 18:38:09,942 [c8b59faf-a124-4506-94d3-f2011aefc751@group-36114D9969DD:LeaderElection57] INFO  server.RaftServerConfigKeys (ConfUtils.java:logGet(43)) - raft.server.watch.element-limit = 65536 (default)
2019-09-23 18:38:09,944 [c8b59faf-a124-4506-94d3-f2011aefc751@group-36114D9969DD:LeaderElection57] INFO  server.RaftServerConfigKeys (ConfUtils.java:logGet(43)) - raft.server.log.appender.snapshot.chunk.size.max = 16MB (=16777216) (default)
2019-09-23 18:38:09,944 [c8b59faf-a124-4506-94d3-f2011aefc751@group-36114D9969DD:LeaderElection57] INFO  server.RaftServerConfigKeys (ConfUtils.java:logGet(43)) - raft.server.log.appender.buffer.byte-limit = 33554432 (custom)
2019-09-23 18:38:09,944 [c8b59faf-a124-4506-94d3-f2011aefc751@group-36114D9969DD:LeaderElection57] INFO  server.RaftServerConfigKeys (ConfUtils.java:logGet(43)) - raft.server.log.appender.buffer.element-limit = 1 (custom)
2019-09-23 18:38:09,945 [c8b59faf-a124-4506-94d3-f2011aefc751@group-36114D9969DD:LeaderElection57] INFO  grpc.GrpcConfigKeys$Server (ConfUtils.java:logGet(43)) - raft.grpc.server.leader.outstanding.appends.max = 128 (default)
2019-09-23 18:38:09,945 [c8b59faf-a124-4506-94d3-f2011aefc751@group-36114D9969DD:LeaderElection57] INFO  server.RaftServerConfigKeys (ConfUtils.java:logGet(43)) - raft.server.rpc.request.timeout = 3000ms (default)
2019-09-23 18:38:09,945 [c8b59faf-a124-4506-94d3-f2011aefc751@group-36114D9969DD:LeaderElection57] INFO  server.RaftServerConfigKeys (ConfUtils.java:logGet(43)) - raft.server.log.appender.install.snapshot.enabled = false (custom)
2019-09-23 18:38:09,945 [c8b59faf-a124-4506-94d3-f2011aefc751@group-36114D9969DD:LeaderElection57] INFO  server.RaftServerConfigKeys (ConfUtils.java:logGet(43)) - raft.server.log.appender.snapshot.chunk.size.max = 16MB (=16777216) (default)
2019-09-23 18:38:09,945 [c8b59faf-a124-4506-94d3-f2011aefc751@group-36114D9969DD:LeaderElection57] INFO  server.RaftServerConfigKeys (ConfUtils.java:logGet(43)) - raft.server.log.appender.buffer.byte-limit = 33554432 (custom)
2019-09-23 18:38:09,946 [c8b59faf-a124-4506-94d3-f2011aefc751@group-36114D9969DD:LeaderElection57] INFO  server.RaftServerConfigKeys (ConfUtils.java:logGet(43)) - raft.server.log.appender.buffer.element-limit = 1 (custom)
2019-09-23 18:38:09,946 [c8b59faf-a124-4506-94d3-f2011aefc751@group-36114D9969DD:LeaderElection57] INFO  grpc.GrpcConfigKeys$Server (ConfUtils.java:logGet(43)) - raft.grpc.server.leader.outstanding.appends.max = 128 (default)
2019-09-23 18:38:09,946 [c8b59faf-a124-4506-94d3-f2011aefc751@group-36114D9969DD:LeaderElection57] INFO  server.RaftServerConfigKeys (ConfUtils.java:logGet(43)) - raft.server.rpc.request.timeout = 3000ms (default)
2019-09-23 18:38:09,946 [c8b59faf-a124-4506-94d3-f2011aefc751@group-36114D9969DD:LeaderElection57] INFO  server.RaftServerConfigKeys (ConfUtils.java:logGet(43)) - raft.server.log.appender.install.snapshot.enabled = false (custom)
2019-09-23 18:38:09,946 [c8b59faf-a124-4506-94d3-f2011aefc751@group-36114D9969DD:LeaderElection57] INFO  impl.RoleInfo (RoleInfo.java:updateAndGet(143)) - c8b59faf-a124-4506-94d3-f2011aefc751: start LeaderState
2019-09-23 18:38:09,947 [c8b59faf-a124-4506-94d3-f2011aefc751@group-36114D9969DD:LeaderElection57] INFO  segmented.SegmentedRaftLogWorker (SegmentedRaftLogWorker.java:startLogSegment(380)) - c8b59faf-a124-4506-94d3-f2011aefc751@group-36114D9969DD-SegmentedRaftLogWorker: Starting segment from index:0
2019-09-23 18:38:09,948 [c8b59faf-a124-4506-94d3-f2011aefc751@group-36114D9969DD:LeaderElection57] INFO  impl.RaftServerImpl (ServerState.java:setRaftConf(354)) - c8b59faf-a124-4506-94d3-f2011aefc751@group-36114D9969DD: set configuration 0: [c8b59faf-a124-4506-94d3-f2011aefc751:192.168.151.119:36413, bbcb5749-6ac1-4efe-ae1b-619d11e71108:192.168.151.119:39987, 9de50355-2df4-4fe2-bacd-c3d729e212d2:192.168.151.119:40739], old=null at 0
2019-09-23 18:38:09,985 [Thread-2309] INFO  impl.FollowerState (FollowerState.java:run(106)) - 61dd343f-311b-4399-958c-cb8c35ca8db2:group-C5CBA924A26C changes to CANDIDATE, lastRpcTime:5031, electionTimeout:5002ms
2019-09-23 18:38:09,988 [Thread-2309] INFO  impl.RoleInfo (RoleInfo.java:shutdownFollowerState(121)) - 61dd343f-311b-4399-958c-cb8c35ca8db2: shutdown FollowerState
2019-09-23 18:38:09,988 [Thread-2309] INFO  impl.RaftServerImpl (RaftServerImpl.java:setRole(174)) - 61dd343f-311b-4399-958c-cb8c35ca8db2@group-C5CBA924A26C: changes role from  FOLLOWER to CANDIDATE at term 0 for changeToCandidate
2019-09-23 18:38:09,988 [bbcb5749-6ac1-4efe-ae1b-619d11e71108@group-446716E46538:LeaderElection59] INFO  impl.LeaderElection (LeaderElection.java:askForVotes(182)) - bbcb5749-6ac1-4efe-ae1b-619d11e71108@group-446716E46538:LeaderElection59: begin an election at term 1 for -1: [bbcb5749-6ac1-4efe-ae1b-619d11e71108:192.168.151.119:39987], old=null
2019-09-23 18:38:09,989 [Thread-2309] INFO  impl.RoleInfo (RoleInfo.java:updateAndGet(143)) - 61dd343f-311b-4399-958c-cb8c35ca8db2: start LeaderElection
2019-09-23 18:38:09,988 [9de50355-2df4-4fe2-bacd-c3d729e212d2@group-36114D9969DD:LeaderElection58] INFO  impl.LeaderElection (LeaderElection.java:askForVotes(182)) - 9de50355-2df4-4fe2-bacd-c3d729e212d2@group-36114D9969DD:LeaderElection58: begin an election at term 2 for -1: [c8b59faf-a124-4506-94d3-f2011aefc751:192.168.151.119:36413, bbcb5749-6ac1-4efe-ae1b-619d11e71108:192.168.151.119:39987, 9de50355-2df4-4fe2-bacd-c3d729e212d2:192.168.151.119:40739], old=null
2019-09-23 18:38:09,989 [bbcb5749-6ac1-4efe-ae1b-619d11e71108@group-446716E46538:LeaderElection59] INFO  impl.RoleInfo (RoleInfo.java:shutdownLeaderElection(134)) - bbcb5749-6ac1-4efe-ae1b-619d11e71108: shutdown LeaderElection
2019-09-23 18:38:09,989 [bbcb5749-6ac1-4efe-ae1b-619d11e71108@group-446716E46538:LeaderElection59] INFO  impl.RaftServerImpl (RaftServerImpl.java:setRole(174)) - bbcb5749-6ac1-4efe-ae1b-619d11e71108@group-446716E46538: changes role from CANDIDATE to LEADER at term 1 for changeToLeader
2019-09-23 18:38:09,989 [bbcb5749-6ac1-4efe-ae1b-619d11e71108@group-446716E46538:LeaderElection59] INFO  impl.RaftServerImpl (ServerState.java:setLeader(253)) - bbcb5749-6ac1-4efe-ae1b-619d11e71108@group-446716E46538: change Leader from null to bbcb5749-6ac1-4efe-ae1b-619d11e71108 at term 1 for becomeLeader, leader elected after 5249ms
2019-09-23 18:38:09,995 [c8b59faf-a124-4506-94d3-f2011aefc751@group-36114D9969DD-SegmentedRaftLogWorker] INFO  segmented.SegmentedRaftLogWorker (SegmentedRaftLogWorker.java:execute(569)) - c8b59faf-a124-4506-94d3-f2011aefc751@group-36114D9969DD-SegmentedRaftLogWorker: created new log segment /workdir/hadoop-ozone/integration-test/target/test-dir/MiniOzoneClusterImpl-f1ec13dc-2055-4e20-82ea-d4d850253648/datanode-1/data/ratis/04c07fac-05f3-43ff-8d59-36114d9969dd/current/log_inprogress_0
2019-09-23 18:38:09,995 [bbcb5749-6ac1-4efe-ae1b-619d11e71108@group-446716E46538:LeaderElection59] INFO  server.RaftServerConfigKeys (ConfUtils.java:logGet(43)) - raft.server.staging.catchup.gap = 1000 (default)
2019-09-23 18:38:09,998 [grpc-default-executor-0] INFO  impl.RaftServerImpl (ServerState.java:setLeader(253)) - bbcb5749-6ac1-4efe-ae1b-619d11e71108@group-36114D9969DD: change Leader from null to c8b59faf-a124-4506-94d3-f2011aefc751 at term 1 for appendEntries, leader elected after 5189ms
2019-09-23 18:38:09,999 [9de50355-2df4-4fe2-bacd-c3d729e212d2@group-36114D9969DD:LeaderElection58] INFO  impl.LeaderElection (LeaderElection.java:logAndReturn(56)) - 9de50355-2df4-4fe2-bacd-c3d729e212d2@group-36114D9969DD:LeaderElection58: Election REJECTED; received 0 response(s) [] and 0 exception(s); 9de50355-2df4-4fe2-bacd-c3d729e212d2@group-36114D9969DD:t2, leader=null, voted=9de50355-2df4-4fe2-bacd-c3d729e212d2, raftlog=9de50355-2df4-4fe2-bacd-c3d729e212d2@group-36114D9969DD-SegmentedRaftLog:OPENED:c-1,f-1,i0, conf=-1: [c8b59faf-a124-4506-94d3-f2011aefc751:192.168.151.119:36413, bbcb5749-6ac1-4efe-ae1b-619d11e71108:192.168.151.119:39987, 9de50355-2df4-4fe2-bacd-c3d729e212d2:192.168.151.119:40739], old=null
2019-09-23 18:38:09,998 [bbcb5749-6ac1-4efe-ae1b-619d11e71108@group-446716E46538:LeaderElection59] INFO  server.RaftServerConfigKeys (ConfUtils.java:logGet(43)) - raft.server.rpc.sleep.time = 25ms (default)
2019-09-23 18:38:09,999 [bbcb5749-6ac1-4efe-ae1b-619d11e71108@group-446716E46538:LeaderElection59] INFO  server.RaftServerConfigKeys (ConfUtils.java:logGet(43)) - raft.server.write.element-limit = 4096 (default)
2019-09-23 18:38:09,999 [bbcb5749-6ac1-4efe-ae1b-619d11e71108@group-446716E46538:LeaderElection59] INFO  server.RaftServerConfigKeys (ConfUtils.java:logGet(43)) - raft.server.watch.timeout = 10s (default)
2019-09-23 18:38:10,000 [bbcb5749-6ac1-4efe-ae1b-619d11e71108@group-446716E46538:LeaderElection59] INFO  server.RaftServerConfigKeys (ConfUtils.java:logGet(43)) - raft.server.watch.timeout.denomination = 1s (default)
2019-09-23 18:38:10,000 [bbcb5749-6ac1-4efe-ae1b-619d11e71108@group-446716E46538:LeaderElection59] INFO  server.RaftServerConfigKeys (ConfUtils.java:logGet(43)) - raft.server.watch.element-limit = 65536 (default)
2019-09-23 18:38:10,001 [Thread-2351] INFO  impl.RaftServerImpl (ServerState.java:setLeader(253)) - c8b59faf-a124-4506-94d3-f2011aefc751@group-36114D9969DD: change Leader from c8b59faf-a124-4506-94d3-f2011aefc751 to null at term 2 for updateCurrentTerm
2019-09-23 18:38:10,004 [Thread-2351] INFO  impl.RaftServerImpl (RaftServerImpl.java:setRole(174)) - c8b59faf-a124-4506-94d3-f2011aefc751@group-36114D9969DD: changes role from    LEADER to FOLLOWER at term 2 for stepDown
2019-09-23 18:38:10,004 [Thread-2351] INFO  impl.RoleInfo (RoleInfo.java:shutdownLeaderState(104)) - c8b59faf-a124-4506-94d3-f2011aefc751: shutdown LeaderState
2019-09-23 18:38:10,012 [Thread-2351] INFO  impl.PendingRequests (PendingRequests.java:sendNotLeaderResponses(202)) - c8b59faf-a124-4506-94d3-f2011aefc751-PendingRequests: sendNotLeaderResponses
2019-09-23 18:38:10,012 [org.apache.ratis.server.impl.LogAppender$AppenderDaemon$$Lambda$559/938473703@7f2de4c9] WARN  server.GrpcLogAppender (GrpcLogAppender.java:mayWait(143)) - c8b59faf-a124-4506-94d3-f2011aefc751@group-36114D9969DD->9de50355-2df4-4fe2-bacd-c3d729e212d2-GrpcLogAppender: Wait interrupted by java.lang.InterruptedException
2019-09-23 18:38:10,013 [Thread-2351] INFO  impl.RoleInfo (RoleInfo.java:updateAndGet(143)) - c8b59faf-a124-4506-94d3-f2011aefc751: start FollowerState
2019-09-23 18:38:10,013 [grpc-default-executor-8] INFO  impl.RaftServerImpl (ServerState.java:setRaftConf(354)) - bbcb5749-6ac1-4efe-ae1b-619d11e71108@group-36114D9969DD: set configuration 0: [c8b59faf-a124-4506-94d3-f2011aefc751:192.168.151.119:36413, bbcb5749-6ac1-4efe-ae1b-619d11e71108:192.168.151.119:39987, 9de50355-2df4-4fe2-bacd-c3d729e212d2:192.168.151.119:40739], old=null at 0
2019-09-23 18:38:10,023 [61dd343f-311b-4399-958c-cb8c35ca8db2@group-C5CBA924A26C:LeaderElection60] INFO  impl.LeaderElection (LeaderElection.java:askForVotes(182)) - 61dd343f-311b-4399-958c-cb8c35ca8db2@group-C5CBA924A26C:LeaderElection60: begin an election at term 1 for -1: [61dd343f-311b-4399-958c-cb8c35ca8db2:192.168.151.119:43698], old=null
2019-09-23 18:38:10,013 [org.apache.ratis.server.impl.LogAppender$AppenderDaemon$$Lambda$559/938473703@477ce8b7] WARN  server.GrpcLogAppender (GrpcLogAppender.java:mayWait(143)) - c8b59faf-a124-4506-94d3-f2011aefc751@group-36114D9969DD->bbcb5749-6ac1-4efe-ae1b-619d11e71108-GrpcLogAppender: Wait interrupted by java.lang.InterruptedException
2019-09-23 18:38:10,023 [grpc-default-executor-4] INFO  server.GrpcServerProtocolService (GrpcServerProtocolService.java:onCompleted(113)) - 9de50355-2df4-4fe2-bacd-c3d729e212d2: Completed APPEND_ENTRIES, lastRequest: c8b59faf-a124-4506-94d3-f2011aefc751->9de50355-2df4-4fe2-bacd-c3d729e212d2#0-t1, previous=(t:0, i:0), leaderCommit=-1, initializing? false, entries: <empty>
2019-09-23 18:38:10,023 [61dd343f-311b-4399-958c-cb8c35ca8db2@group-C5CBA924A26C:LeaderElection60] INFO  impl.RoleInfo (RoleInfo.java:shutdownLeaderElection(134)) - 61dd343f-311b-4399-958c-cb8c35ca8db2: shutdown LeaderElection
2019-09-23 18:38:10,023 [grpc-default-executor-8] INFO  segmented.SegmentedRaftLogWorker (SegmentedRaftLogWorker.java:startLogSegment(380)) - bbcb5749-6ac1-4efe-ae1b-619d11e71108@group-36114D9969DD-SegmentedRaftLogWorker: Starting segment from index:0
2019-09-23 18:38:10,023 [grpc-default-executor-0] INFO  impl.RaftServerImpl (ServerState.java:setLeader(253)) - bbcb5749-6ac1-4efe-ae1b-619d11e71108@group-36114D9969DD: change Leader from c8b59faf-a124-4506-94d3-f2011aefc751 to null at term 2 for updateCurrentTerm
2019-09-23 18:38:10,024 [bbcb5749-6ac1-4efe-ae1b-619d11e71108@group-446716E46538:LeaderElection59] INFO  impl.RoleInfo (RoleInfo.java:updateAndGet(143)) - bbcb5749-6ac1-4efe-ae1b-619d11e71108: start LeaderState
2019-09-23 18:38:10,024 [grpc-default-executor-8] INFO  server.GrpcServerProtocolService (GrpcServerProtocolService.java:onCompleted(113)) - bbcb5749-6ac1-4efe-ae1b-619d11e71108: Completed APPEND_ENTRIES, lastRequest: c8b59faf-a124-4506-94d3-f2011aefc751->bbcb5749-6ac1-4efe-ae1b-619d11e71108#1-t1, previous=(t:0, i:0), leaderCommit=-1, initializing? false, entries: size=1, first=(t:1, i:0), CONFIGURATIONENTRY
2019-09-23 18:38:10,024 [grpc-default-executor-4] INFO  server.GrpcLogAppender (GrpcLogAppender.java:onCompleted(293)) - c8b59faf-a124-4506-94d3-f2011aefc751@group-36114D9969DD->9de50355-2df4-4fe2-bacd-c3d729e212d2-AppendLogResponseHandler: follower responses appendEntries COMPLETED
2019-09-23 18:38:10,024 [61dd343f-311b-4399-958c-cb8c35ca8db2@group-C5CBA924A26C:LeaderElection60] INFO  impl.RaftServerImpl (RaftServerImpl.java:setRole(174)) - 61dd343f-311b-4399-958c-cb8c35ca8db2@group-C5CBA924A26C: changes role from CANDIDATE to LEADER at term 1 for changeToLeader
2019-09-23 18:38:10,025 [grpc-default-executor-8] INFO  server.GrpcLogAppender (GrpcLogAppender.java:onCompleted(293)) - c8b59faf-a124-4506-94d3-f2011aefc751@group-36114D9969DD->bbcb5749-6ac1-4efe-ae1b-619d11e71108-AppendLogResponseHandler: follower responses appendEntries COMPLETED
2019-09-23 18:38:10,024 [bbcb5749-6ac1-4efe-ae1b-619d11e71108@group-446716E46538:LeaderElection59] INFO  segmented.SegmentedRaftLogWorker (SegmentedRaftLogWorker.java:startLogSegment(380)) - bbcb5749-6ac1-4efe-ae1b-619d11e71108@group-446716E46538-SegmentedRaftLogWorker: Starting segment from index:0
2019-09-23 18:38:10,024 [grpc-default-executor-0] INFO  impl.RaftServerImpl (RaftServerImpl.java:setRole(174)) - bbcb5749-6ac1-4efe-ae1b-619d11e71108@group-36114D9969DD: changes role from  FOLLOWER to FOLLOWER at term 2 for recognizeCandidate:9de50355-2df4-4fe2-bacd-c3d729e212d2
2019-09-23 18:38:10,025 [grpc-default-executor-8] INFO  impl.FollowerInfo (FollowerInfo.java:lambda$new$0(51)) - c8b59faf-a124-4506-94d3-f2011aefc751@group-36114D9969DD->bbcb5749-6ac1-4efe-ae1b-619d11e71108: nextIndex: updateUnconditionally 1 -> 0
2019-09-23 18:38:10,025 [grpc-default-executor-4] INFO  impl.FollowerInfo (FollowerInfo.java:lambda$new$0(51)) - c8b59faf-a124-4506-94d3-f2011aefc751@group-36114D9969DD->9de50355-2df4-4fe2-bacd-c3d729e212d2: nextIndex: updateUnconditionally 0 -> 0
2019-09-23 18:38:10,025 [61dd343f-311b-4399-958c-cb8c35ca8db2@group-C5CBA924A26C:LeaderElection60] INFO  impl.RaftServerImpl (ServerState.java:setLeader(253)) - 61dd343f-311b-4399-958c-cb8c35ca8db2@group-C5CBA924A26C: change Leader from null to 61dd343f-311b-4399-958c-cb8c35ca8db2 at term 1 for becomeLeader, leader elected after 5076ms
2019-09-23 18:38:10,026 [bbcb5749-6ac1-4efe-ae1b-619d11e71108@group-446716E46538:LeaderElection59] INFO  impl.RaftServerImpl (ServerState.java:setRaftConf(354)) - bbcb5749-6ac1-4efe-ae1b-619d11e71108@group-446716E46538: set configuration 0: [bbcb5749-6ac1-4efe-ae1b-619d11e71108:192.168.151.119:39987], old=null at 0
2019-09-23 18:38:10,026 [grpc-default-executor-0] INFO  impl.RoleInfo (RoleInfo.java:shutdownFollowerState(121)) - bbcb5749-6ac1-4efe-ae1b-619d11e71108: shutdown FollowerState
2019-09-23 18:38:10,026 [61dd343f-311b-4399-958c-cb8c35ca8db2@group-C5CBA924A26C:LeaderElection60] INFO  server.RaftServerConfigKeys (ConfUtils.java:logGet(43)) - raft.server.staging.catchup.gap = 1000 (default)
2019-09-23 18:38:10,027 [Thread-2347] INFO  impl.FollowerState (FollowerState.java:run(115)) - bbcb5749-6ac1-4efe-ae1b-619d11e71108: FollowerState was interrupted: java.lang.InterruptedException: sleep interrupted
2019-09-23 18:38:10,026 [grpc-default-executor-0] INFO  impl.RoleInfo (RoleInfo.java:updateAndGet(143)) - bbcb5749-6ac1-4efe-ae1b-619d11e71108: start FollowerState
2019-09-23 18:38:10,027 [61dd343f-311b-4399-958c-cb8c35ca8db2@group-C5CBA924A26C:LeaderElection60] INFO  server.RaftServerConfigKeys (ConfUtils.java:logGet(43)) - raft.server.rpc.sleep.time = 25ms (default)
2019-09-23 18:38:10,066 [grpc-default-executor-3] INFO  impl.RaftServerImpl (RaftServerImpl.java:setRole(174)) - c8b59faf-a124-4506-94d3-f2011aefc751@group-36114D9969DD: changes role from  FOLLOWER to FOLLOWER at term 2 for recognizeCandidate:9de50355-2df4-4fe2-bacd-c3d729e212d2
2019-09-23 18:38:10,066 [61dd343f-311b-4399-958c-cb8c35ca8db2@group-C5CBA924A26C:LeaderElection60] INFO  server.RaftServerConfigKeys (ConfUtils.java:logGet(43)) - raft.server.write.element-limit = 4096 (default)
2019-09-23 18:38:10,066 [grpc-default-executor-3] INFO  impl.RoleInfo (RoleInfo.java:shutdownFollowerState(121)) - c8b59faf-a124-4506-94d3-f2011aefc751: shutdown FollowerState
2019-09-23 18:38:10,066 [61dd343f-311b-4399-958c-cb8c35ca8db2@group-C5CBA924A26C:LeaderElection60] INFO  server.RaftServerConfigKeys (ConfUtils.java:logGet(43)) - raft.server.watch.timeout = 10s (default)
2019-09-23 18:38:10,067 [Thread-2361] INFO  impl.FollowerState (FollowerState.java:run(115)) - c8b59faf-a124-4506-94d3-f2011aefc751: FollowerState was interrupted: java.lang.InterruptedException: sleep interrupted
2019-09-23 18:38:10,066 [grpc-default-executor-3] INFO  impl.RoleInfo (RoleInfo.java:updateAndGet(143)) - c8b59faf-a124-4506-94d3-f2011aefc751: start FollowerState
2019-09-23 18:38:10,067 [61dd343f-311b-4399-958c-cb8c35ca8db2@group-C5CBA924A26C:LeaderElection60] INFO  server.RaftServerConfigKeys (ConfUtils.java:logGet(43)) - raft.server.watch.timeout.denomination = 1s (default)
2019-09-23 18:38:10,069 [61dd343f-311b-4399-958c-cb8c35ca8db2@group-C5CBA924A26C:LeaderElection60] INFO  server.RaftServerConfigKeys (ConfUtils.java:logGet(43)) - raft.server.watch.element-limit = 65536 (default)
2019-09-23 18:38:10,074 [61dd343f-311b-4399-958c-cb8c35ca8db2@group-C5CBA924A26C:LeaderElection60] INFO  impl.RoleInfo (RoleInfo.java:updateAndGet(143)) - 61dd343f-311b-4399-958c-cb8c35ca8db2: start LeaderState
2019-09-23 18:38:10,074 [61dd343f-311b-4399-958c-cb8c35ca8db2@group-C5CBA924A26C:LeaderElection60] INFO  segmented.SegmentedRaftLogWorker (SegmentedRaftLogWorker.java:startLogSegment(380)) - 61dd343f-311b-4399-958c-cb8c35ca8db2@group-C5CBA924A26C-SegmentedRaftLogWorker: Starting segment from index:0
2019-09-23 18:38:10,074 [61dd343f-311b-4399-958c-cb8c35ca8db2@group-C5CBA924A26C:LeaderElection60] INFO  impl.RaftServerImpl (ServerState.java:setRaftConf(354)) - 61dd343f-311b-4399-958c-cb8c35ca8db2@group-C5CBA924A26C: set configuration 0: [61dd343f-311b-4399-958c-cb8c35ca8db2:192.168.151.119:43698], old=null at 0
2019-09-23 18:38:10,077 [bbcb5749-6ac1-4efe-ae1b-619d11e71108@group-446716E46538-SegmentedRaftLogWorker] INFO  segmented.SegmentedRaftLogWorker (SegmentedRaftLogWorker.java:execute(569)) - bbcb5749-6ac1-4efe-ae1b-619d11e71108@group-446716E46538-SegmentedRaftLogWorker: created new log segment /workdir/hadoop-ozone/integration-test/target/test-dir/MiniOzoneClusterImpl-f1ec13dc-2055-4e20-82ea-d4d850253648/datanode-2/data/ratis/7b91a992-aa2c-43bc-b8f0-446716e46538/current/log_inprogress_0
2019-09-23 18:38:10,077 [bbcb5749-6ac1-4efe-ae1b-619d11e71108@group-36114D9969DD-SegmentedRaftLogWorker] INFO  segmented.SegmentedRaftLogWorker (SegmentedRaftLogWorker.java:execute(569)) - bbcb5749-6ac1-4efe-ae1b-619d11e71108@group-36114D9969DD-SegmentedRaftLogWorker: created new log segment /workdir/hadoop-ozone/integration-test/target/test-dir/MiniOzoneClusterImpl-f1ec13dc-2055-4e20-82ea-d4d850253648/datanode-2/data/ratis/04c07fac-05f3-43ff-8d59-36114d9969dd/current/log_inprogress_0
2019-09-23 18:38:10,108 [Thread-2306] INFO  impl.FollowerState (FollowerState.java:run(106)) - d441aa57-a3ea-45e5-9d24-ff1f3f15c9a6:group-AA57B55D7D5E changes to CANDIDATE, lastRpcTime:5201, electionTimeout:5188ms
2019-09-23 18:38:10,108 [Thread-2306] INFO  impl.RoleInfo (RoleInfo.java:shutdownFollowerState(121)) - d441aa57-a3ea-45e5-9d24-ff1f3f15c9a6: shutdown FollowerState
2019-09-23 18:38:10,109 [Thread-2306] INFO  impl.RaftServerImpl (RaftServerImpl.java:setRole(174)) - d441aa57-a3ea-45e5-9d24-ff1f3f15c9a6@group-AA57B55D7D5E: changes role from  FOLLOWER to CANDIDATE at term 0 for changeToCandidate
2019-09-23 18:38:10,109 [Thread-2306] INFO  impl.RoleInfo (RoleInfo.java:updateAndGet(143)) - d441aa57-a3ea-45e5-9d24-ff1f3f15c9a6: start LeaderElection
2019-09-23 18:38:10,121 [61dd343f-311b-4399-958c-cb8c35ca8db2@group-C5CBA924A26C-SegmentedRaftLogWorker] INFO  segmented.SegmentedRaftLogWorker (SegmentedRaftLogWorker.java:execute(569)) - 61dd343f-311b-4399-958c-cb8c35ca8db2@group-C5CBA924A26C-SegmentedRaftLogWorker: created new log segment /workdir/hadoop-ozone/integration-test/target/test-dir/MiniOzoneClusterImpl-f1ec13dc-2055-4e20-82ea-d4d850253648/datanode-3/data/ratis/a015549d-4f25-4ec6-a414-c5cba924a26c/current/log_inprogress_0
2019-09-23 18:38:10,121 [d441aa57-a3ea-45e5-9d24-ff1f3f15c9a6@group-AA57B55D7D5E:LeaderElection61] INFO  impl.LeaderElection (LeaderElection.java:askForVotes(182)) - d441aa57-a3ea-45e5-9d24-ff1f3f15c9a6@group-AA57B55D7D5E:LeaderElection61: begin an election at term 1 for -1: [d441aa57-a3ea-45e5-9d24-ff1f3f15c9a6:192.168.151.119:37157], old=null
2019-09-23 18:38:10,121 [d441aa57-a3ea-45e5-9d24-ff1f3f15c9a6@group-AA57B55D7D5E:LeaderElection61] INFO  impl.RoleInfo (RoleInfo.java:shutdownLeaderElection(134)) - d441aa57-a3ea-45e5-9d24-ff1f3f15c9a6: shutdown LeaderElection
2019-09-23 18:38:10,121 [d441aa57-a3ea-45e5-9d24-ff1f3f15c9a6@group-AA57B55D7D5E:LeaderElection61] INFO  impl.RaftServerImpl (RaftServerImpl.java:setRole(174)) - d441aa57-a3ea-45e5-9d24-ff1f3f15c9a6@group-AA57B55D7D5E: changes role from CANDIDATE to LEADER at term 1 for changeToLeader
2019-09-23 18:38:10,121 [d441aa57-a3ea-45e5-9d24-ff1f3f15c9a6@group-AA57B55D7D5E:LeaderElection61] INFO  impl.RaftServerImpl (ServerState.java:setLeader(253)) - d441aa57-a3ea-45e5-9d24-ff1f3f15c9a6@group-AA57B55D7D5E: change Leader from null to d441aa57-a3ea-45e5-9d24-ff1f3f15c9a6 at term 1 for becomeLeader, leader elected after 5221ms
2019-09-23 18:38:10,121 [d441aa57-a3ea-45e5-9d24-ff1f3f15c9a6@group-AA57B55D7D5E:LeaderElection61] INFO  server.RaftServerConfigKeys (ConfUtils.java:logGet(43)) - raft.server.staging.catchup.gap = 1000 (default)
2019-09-23 18:38:10,122 [d441aa57-a3ea-45e5-9d24-ff1f3f15c9a6@group-AA57B55D7D5E:LeaderElection61] INFO  server.RaftServerConfigKeys (ConfUtils.java:logGet(43)) - raft.server.rpc.sleep.time = 25ms (default)
2019-09-23 18:38:10,122 [d441aa57-a3ea-45e5-9d24-ff1f3f15c9a6@group-AA57B55D7D5E:LeaderElection61] INFO  server.RaftServerConfigKeys (ConfUtils.java:logGet(43)) - raft.server.write.element-limit = 4096 (default)
2019-09-23 18:38:10,122 [d441aa57-a3ea-45e5-9d24-ff1f3f15c9a6@group-AA57B55D7D5E:LeaderElection61] INFO  server.RaftServerConfigKeys (ConfUtils.java:logGet(43)) - raft.server.watch.timeout = 10s (default)
2019-09-23 18:38:10,122 [d441aa57-a3ea-45e5-9d24-ff1f3f15c9a6@group-AA57B55D7D5E:LeaderElection61] INFO  server.RaftServerConfigKeys (ConfUtils.java:logGet(43)) - raft.server.watch.timeout.denomination = 1s (default)
2019-09-23 18:38:10,122 [d441aa57-a3ea-45e5-9d24-ff1f3f15c9a6@group-AA57B55D7D5E:LeaderElection61] INFO  server.RaftServerConfigKeys (ConfUtils.java:logGet(43)) - raft.server.watch.element-limit = 65536 (default)
2019-09-23 18:38:10,124 [d441aa57-a3ea-45e5-9d24-ff1f3f15c9a6@group-AA57B55D7D5E:LeaderElection61] INFO  impl.RoleInfo (RoleInfo.java:updateAndGet(143)) - d441aa57-a3ea-45e5-9d24-ff1f3f15c9a6: start LeaderState
2019-09-23 18:38:10,125 [d441aa57-a3ea-45e5-9d24-ff1f3f15c9a6@group-AA57B55D7D5E:LeaderElection61] INFO  segmented.SegmentedRaftLogWorker (SegmentedRaftLogWorker.java:startLogSegment(380)) - d441aa57-a3ea-45e5-9d24-ff1f3f15c9a6@group-AA57B55D7D5E-SegmentedRaftLogWorker: Starting segment from index:0
2019-09-23 18:38:10,125 [d441aa57-a3ea-45e5-9d24-ff1f3f15c9a6@group-AA57B55D7D5E:LeaderElection61] INFO  impl.RaftServerImpl (ServerState.java:setRaftConf(354)) - d441aa57-a3ea-45e5-9d24-ff1f3f15c9a6@group-AA57B55D7D5E: set configuration 0: [d441aa57-a3ea-45e5-9d24-ff1f3f15c9a6:192.168.151.119:37157], old=null at 0
2019-09-23 18:38:10,156 [Thread-2313] INFO  impl.FollowerState (FollowerState.java:run(106)) - 5f98e96f-b0cd-44fb-97a3-4fa4a5fb692e:group-6D8357BEEB1D changes to CANDIDATE, lastRpcTime:5140, electionTimeout:5140ms
2019-09-23 18:38:10,157 [Thread-2313] INFO  impl.RoleInfo (RoleInfo.java:shutdownFollowerState(121)) - 5f98e96f-b0cd-44fb-97a3-4fa4a5fb692e: shutdown FollowerState
2019-09-23 18:38:10,157 [Thread-2313] INFO  impl.RaftServerImpl (RaftServerImpl.java:setRole(174)) - 5f98e96f-b0cd-44fb-97a3-4fa4a5fb692e@group-6D8357BEEB1D: changes role from  FOLLOWER to CANDIDATE at term 0 for changeToCandidate
2019-09-23 18:38:10,157 [Thread-2313] INFO  impl.RoleInfo (RoleInfo.java:updateAndGet(143)) - 5f98e96f-b0cd-44fb-97a3-4fa4a5fb692e: start LeaderElection
2019-09-23 18:38:10,174 [Thread-2325] INFO  impl.FollowerState (FollowerState.java:run(106)) - 61dd343f-311b-4399-958c-cb8c35ca8db2:group-006466CFA9C6 changes to CANDIDATE, lastRpcTime:5001, electionTimeout:5001ms
2019-09-23 18:38:10,174 [d441aa57-a3ea-45e5-9d24-ff1f3f15c9a6@group-AA57B55D7D5E-SegmentedRaftLogWorker] INFO  segmented.SegmentedRaftLogWorker (SegmentedRaftLogWorker.java:execute(569)) - d441aa57-a3ea-45e5-9d24-ff1f3f15c9a6@group-AA57B55D7D5E-SegmentedRaftLogWorker: created new log segment /workdir/hadoop-ozone/integration-test/target/test-dir/MiniOzoneClusterImpl-f1ec13dc-2055-4e20-82ea-d4d850253648/datanode-4/data/ratis/a9edfe31-5e80-4f08-bed8-aa57b55d7d5e/current/log_inprogress_0
2019-09-23 18:38:10,175 [Thread-2325] INFO  impl.RoleInfo (RoleInfo.java:shutdownFollowerState(121)) - 61dd343f-311b-4399-958c-cb8c35ca8db2: shutdown FollowerState
2019-09-23 18:38:10,175 [5f98e96f-b0cd-44fb-97a3-4fa4a5fb692e@group-6D8357BEEB1D:LeaderElection62] INFO  impl.LeaderElection (LeaderElection.java:askForVotes(182)) - 5f98e96f-b0cd-44fb-97a3-4fa4a5fb692e@group-6D8357BEEB1D:LeaderElection62: begin an election at term 1 for -1: [5f98e96f-b0cd-44fb-97a3-4fa4a5fb692e:192.168.151.119:33522], old=null
2019-09-23 18:38:10,175 [Thread-2325] INFO  impl.RaftServerImpl (RaftServerImpl.java:setRole(174)) - 61dd343f-311b-4399-958c-cb8c35ca8db2@group-006466CFA9C6: changes role from  FOLLOWER to CANDIDATE at term 0 for changeToCandidate
2019-09-23 18:38:10,175 [5f98e96f-b0cd-44fb-97a3-4fa4a5fb692e@group-6D8357BEEB1D:LeaderElection62] INFO  impl.RoleInfo (RoleInfo.java:shutdownLeaderElection(134)) - 5f98e96f-b0cd-44fb-97a3-4fa4a5fb692e: shutdown LeaderElection
2019-09-23 18:38:10,175 [Thread-2325] INFO  impl.RoleInfo (RoleInfo.java:updateAndGet(143)) - 61dd343f-311b-4399-958c-cb8c35ca8db2: start LeaderElection
2019-09-23 18:38:10,175 [Thread-2317] INFO  impl.FollowerState (FollowerState.java:run(106)) - fd053d16-ac53-4008-81fa-c682e6f9d8f1:group-EA90FB48C8D2 changes to CANDIDATE, lastRpcTime:5081, electionTimeout:5081ms
2019-09-23 18:38:10,175 [5f98e96f-b0cd-44fb-97a3-4fa4a5fb692e@group-6D8357BEEB1D:LeaderElection62] INFO  impl.RaftServerImpl (RaftServerImpl.java:setRole(174)) - 5f98e96f-b0cd-44fb-97a3-4fa4a5fb692e@group-6D8357BEEB1D: changes role from CANDIDATE to LEADER at term 1 for changeToLeader
2019-09-23 18:38:10,177 [5f98e96f-b0cd-44fb-97a3-4fa4a5fb692e@group-6D8357BEEB1D:LeaderElection62] INFO  impl.RaftServerImpl (ServerState.java:setLeader(253)) - 5f98e96f-b0cd-44fb-97a3-4fa4a5fb692e@group-6D8357BEEB1D: change Leader from null to 5f98e96f-b0cd-44fb-97a3-4fa4a5fb692e at term 1 for becomeLeader, leader elected after 5173ms
2019-09-23 18:38:10,180 [Thread-2317] INFO  impl.RoleInfo (RoleInfo.java:shutdownFollowerState(121)) - fd053d16-ac53-4008-81fa-c682e6f9d8f1: shutdown FollowerState
2019-09-23 18:38:10,181 [5f98e96f-b0cd-44fb-97a3-4fa4a5fb692e@group-6D8357BEEB1D:LeaderElection62] INFO  server.RaftServerConfigKeys (ConfUtils.java:logGet(43)) - raft.server.staging.catchup.gap = 1000 (default)
2019-09-23 18:38:10,181 [Thread-2317] INFO  impl.RaftServerImpl (RaftServerImpl.java:setRole(174)) - fd053d16-ac53-4008-81fa-c682e6f9d8f1@group-EA90FB48C8D2: changes role from  FOLLOWER to CANDIDATE at term 0 for changeToCandidate
2019-09-23 18:38:10,182 [5f98e96f-b0cd-44fb-97a3-4fa4a5fb692e@group-6D8357BEEB1D:LeaderElection62] INFO  server.RaftServerConfigKeys (ConfUtils.java:logGet(43)) - raft.server.rpc.sleep.time = 25ms (default)
2019-09-23 18:38:10,182 [Thread-2317] INFO  impl.RoleInfo (RoleInfo.java:updateAndGet(143)) - fd053d16-ac53-4008-81fa-c682e6f9d8f1: start LeaderElection
2019-09-23 18:38:10,182 [5f98e96f-b0cd-44fb-97a3-4fa4a5fb692e@group-6D8357BEEB1D:LeaderElection62] INFO  server.RaftServerConfigKeys (ConfUtils.java:logGet(43)) - raft.server.write.element-limit = 4096 (default)
2019-09-23 18:38:10,184 [5f98e96f-b0cd-44fb-97a3-4fa4a5fb692e@group-6D8357BEEB1D:LeaderElection62] INFO  server.RaftServerConfigKeys (ConfUtils.java:logGet(43)) - raft.server.watch.timeout = 10s (default)
2019-09-23 18:38:10,187 [5f98e96f-b0cd-44fb-97a3-4fa4a5fb692e@group-6D8357BEEB1D:LeaderElection62] INFO  server.RaftServerConfigKeys (ConfUtils.java:logGet(43)) - raft.server.watch.timeout.denomination = 1s (default)
2019-09-23 18:38:10,187 [5f98e96f-b0cd-44fb-97a3-4fa4a5fb692e@group-6D8357BEEB1D:LeaderElection62] INFO  server.RaftServerConfigKeys (ConfUtils.java:logGet(43)) - raft.server.watch.element-limit = 65536 (default)
2019-09-23 18:38:10,187 [61dd343f-311b-4399-958c-cb8c35ca8db2@group-006466CFA9C6:LeaderElection63] INFO  impl.LeaderElection (LeaderElection.java:askForVotes(182)) - 61dd343f-311b-4399-958c-cb8c35ca8db2@group-006466CFA9C6:LeaderElection63: begin an election at term 1 for -1: [61dd343f-311b-4399-958c-cb8c35ca8db2:192.168.151.119:43698, 5f98e96f-b0cd-44fb-97a3-4fa4a5fb692e:192.168.151.119:33522, d441aa57-a3ea-45e5-9d24-ff1f3f15c9a6:192.168.151.119:37157], old=null
2019-09-23 18:38:10,189 [5f98e96f-b0cd-44fb-97a3-4fa4a5fb692e@group-6D8357BEEB1D:LeaderElection62] INFO  impl.RoleInfo (RoleInfo.java:updateAndGet(143)) - 5f98e96f-b0cd-44fb-97a3-4fa4a5fb692e: start LeaderState
2019-09-23 18:38:10,189 [5f98e96f-b0cd-44fb-97a3-4fa4a5fb692e@group-6D8357BEEB1D:LeaderElection62] INFO  segmented.SegmentedRaftLogWorker (SegmentedRaftLogWorker.java:startLogSegment(380)) - 5f98e96f-b0cd-44fb-97a3-4fa4a5fb692e@group-6D8357BEEB1D-SegmentedRaftLogWorker: Starting segment from index:0
2019-09-23 18:38:10,192 [5f98e96f-b0cd-44fb-97a3-4fa4a5fb692e@group-6D8357BEEB1D:LeaderElection62] INFO  impl.RaftServerImpl (ServerState.java:setRaftConf(354)) - 5f98e96f-b0cd-44fb-97a3-4fa4a5fb692e@group-6D8357BEEB1D: set configuration 0: [5f98e96f-b0cd-44fb-97a3-4fa4a5fb692e:192.168.151.119:33522], old=null at 0
2019-09-23 18:38:10,199 [grpc-default-executor-3] INFO  impl.RaftServerImpl (RaftServerImpl.java:setRole(174)) - 5f98e96f-b0cd-44fb-97a3-4fa4a5fb692e@group-006466CFA9C6: changes role from  FOLLOWER to FOLLOWER at term 1 for recognizeCandidate:61dd343f-311b-4399-958c-cb8c35ca8db2
2019-09-23 18:38:10,199 [grpc-default-executor-0] INFO  impl.RaftServerImpl (RaftServerImpl.java:setRole(174)) - d441aa57-a3ea-45e5-9d24-ff1f3f15c9a6@group-006466CFA9C6: changes role from  FOLLOWER to FOLLOWER at term 1 for recognizeCandidate:61dd343f-311b-4399-958c-cb8c35ca8db2
2019-09-23 18:38:10,199 [grpc-default-executor-3] INFO  impl.RoleInfo (RoleInfo.java:shutdownFollowerState(121)) - 5f98e96f-b0cd-44fb-97a3-4fa4a5fb692e: shutdown FollowerState
2019-09-23 18:38:10,199 [grpc-default-executor-0] INFO  impl.RoleInfo (RoleInfo.java:shutdownFollowerState(121)) - d441aa57-a3ea-45e5-9d24-ff1f3f15c9a6: shutdown FollowerState
2019-09-23 18:38:10,200 [Thread-2320] INFO  impl.FollowerState (FollowerState.java:run(115)) - 5f98e96f-b0cd-44fb-97a3-4fa4a5fb692e: FollowerState was interrupted: java.lang.InterruptedException: sleep interrupted
2019-09-23 18:38:10,200 [grpc-default-executor-3] INFO  impl.RoleInfo (RoleInfo.java:updateAndGet(143)) - 5f98e96f-b0cd-44fb-97a3-4fa4a5fb692e: start FollowerState
2019-09-23 18:38:10,201 [Thread-2324] INFO  impl.FollowerState (FollowerState.java:run(115)) - d441aa57-a3ea-45e5-9d24-ff1f3f15c9a6: FollowerState was interrupted: java.lang.InterruptedException: sleep interrupted
2019-09-23 18:38:10,200 [grpc-default-executor-0] INFO  impl.RoleInfo (RoleInfo.java:updateAndGet(143)) - d441aa57-a3ea-45e5-9d24-ff1f3f15c9a6: start FollowerState
2019-09-23 18:38:10,228 [fd053d16-ac53-4008-81fa-c682e6f9d8f1@group-EA90FB48C8D2:LeaderElection64] INFO  impl.LeaderElection (LeaderElection.java:askForVotes(182)) - fd053d16-ac53-4008-81fa-c682e6f9d8f1@group-EA90FB48C8D2:LeaderElection64: begin an election at term 1 for -1: [fd053d16-ac53-4008-81fa-c682e6f9d8f1:192.168.151.119:41277], old=null
2019-09-23 18:38:10,229 [fd053d16-ac53-4008-81fa-c682e6f9d8f1@group-EA90FB48C8D2:LeaderElection64] INFO  impl.RoleInfo (RoleInfo.java:shutdownLeaderElection(134)) - fd053d16-ac53-4008-81fa-c682e6f9d8f1: shutdown LeaderElection
2019-09-23 18:38:10,229 [fd053d16-ac53-4008-81fa-c682e6f9d8f1@group-EA90FB48C8D2:LeaderElection64] INFO  impl.RaftServerImpl (RaftServerImpl.java:setRole(174)) - fd053d16-ac53-4008-81fa-c682e6f9d8f1@group-EA90FB48C8D2: changes role from CANDIDATE to LEADER at term 1 for changeToLeader
2019-09-23 18:38:10,229 [fd053d16-ac53-4008-81fa-c682e6f9d8f1@group-EA90FB48C8D2:LeaderElection64] INFO  impl.RaftServerImpl (ServerState.java:setLeader(253)) - fd053d16-ac53-4008-81fa-c682e6f9d8f1@group-EA90FB48C8D2: change Leader from null to fd053d16-ac53-4008-81fa-c682e6f9d8f1 at term 1 for becomeLeader, leader elected after 5141ms
2019-09-23 18:38:10,229 [fd053d16-ac53-4008-81fa-c682e6f9d8f1@group-EA90FB48C8D2:LeaderElection64] INFO  server.RaftServerConfigKeys (ConfUtils.java:logGet(43)) - raft.server.staging.catchup.gap = 1000 (default)
2019-09-23 18:38:10,229 [fd053d16-ac53-4008-81fa-c682e6f9d8f1@group-EA90FB48C8D2:LeaderElection64] INFO  server.RaftServerConfigKeys (ConfUtils.java:logGet(43)) - raft.server.rpc.sleep.time = 25ms (default)
2019-09-23 18:38:10,230 [fd053d16-ac53-4008-81fa-c682e6f9d8f1@group-EA90FB48C8D2:LeaderElection64] INFO  server.RaftServerConfigKeys (ConfUtils.java:logGet(43)) - raft.server.write.element-limit = 4096 (default)
2019-09-23 18:38:10,230 [fd053d16-ac53-4008-81fa-c682e6f9d8f1@group-EA90FB48C8D2:LeaderElection64] INFO  server.RaftServerConfigKeys (ConfUtils.java:logGet(43)) - raft.server.watch.timeout = 10s (default)
2019-09-23 18:38:10,230 [fd053d16-ac53-4008-81fa-c682e6f9d8f1@group-EA90FB48C8D2:LeaderElection64] INFO  server.RaftServerConfigKeys (ConfUtils.java:logGet(43)) - raft.server.watch.timeout.denomination = 1s (default)
2019-09-23 18:38:10,230 [fd053d16-ac53-4008-81fa-c682e6f9d8f1@group-EA90FB48C8D2:LeaderElection64] INFO  server.RaftServerConfigKeys (ConfUtils.java:logGet(43)) - raft.server.watch.element-limit = 65536 (default)
2019-09-23 18:38:10,231 [fd053d16-ac53-4008-81fa-c682e6f9d8f1@group-EA90FB48C8D2:LeaderElection64] INFO  impl.RoleInfo (RoleInfo.java:updateAndGet(143)) - fd053d16-ac53-4008-81fa-c682e6f9d8f1: start LeaderState
2019-09-23 18:38:10,231 [fd053d16-ac53-4008-81fa-c682e6f9d8f1@group-EA90FB48C8D2:LeaderElection64] INFO  segmented.SegmentedRaftLogWorker (SegmentedRaftLogWorker.java:startLogSegment(380)) - fd053d16-ac53-4008-81fa-c682e6f9d8f1@group-EA90FB48C8D2-SegmentedRaftLogWorker: Starting segment from index:0
2019-09-23 18:38:10,232 [fd053d16-ac53-4008-81fa-c682e6f9d8f1@group-EA90FB48C8D2:LeaderElection64] INFO  impl.RaftServerImpl (ServerState.java:setRaftConf(354)) - fd053d16-ac53-4008-81fa-c682e6f9d8f1@group-EA90FB48C8D2: set configuration 0: [fd053d16-ac53-4008-81fa-c682e6f9d8f1:192.168.151.119:41277], old=null at 0
2019-09-23 18:38:10,238 [5f98e96f-b0cd-44fb-97a3-4fa4a5fb692e@group-6D8357BEEB1D-SegmentedRaftLogWorker] INFO  segmented.SegmentedRaftLogWorker (SegmentedRaftLogWorker.java:execute(569)) - 5f98e96f-b0cd-44fb-97a3-4fa4a5fb692e@group-6D8357BEEB1D-SegmentedRaftLogWorker: created new log segment /workdir/hadoop-ozone/integration-test/target/test-dir/MiniOzoneClusterImpl-f1ec13dc-2055-4e20-82ea-d4d850253648/datanode-5/data/ratis/0872e277-59be-468b-8fc9-6d8357beeb1d/current/log_inprogress_0
2019-09-23 18:38:10,271 [61dd343f-311b-4399-958c-cb8c35ca8db2@group-006466CFA9C6:LeaderElection63] INFO  impl.LeaderElection (LeaderElection.java:logAndReturn(56)) - 61dd343f-311b-4399-958c-cb8c35ca8db2@group-006466CFA9C6:LeaderElection63: Election PASSED; received 1 response(s) [61dd343f-311b-4399-958c-cb8c35ca8db2<-d441aa57-a3ea-45e5-9d24-ff1f3f15c9a6#0:OK-t1] and 0 exception(s); 61dd343f-311b-4399-958c-cb8c35ca8db2@group-006466CFA9C6:t1, leader=null, voted=61dd343f-311b-4399-958c-cb8c35ca8db2, raftlog=61dd343f-311b-4399-958c-cb8c35ca8db2@group-006466CFA9C6-SegmentedRaftLog:OPENED:c-1,f-1,i0, conf=-1: [61dd343f-311b-4399-958c-cb8c35ca8db2:192.168.151.119:43698, 5f98e96f-b0cd-44fb-97a3-4fa4a5fb692e:192.168.151.119:33522, d441aa57-a3ea-45e5-9d24-ff1f3f15c9a6:192.168.151.119:37157], old=null
2019-09-23 18:38:10,272 [61dd343f-311b-4399-958c-cb8c35ca8db2@group-006466CFA9C6:LeaderElection63] INFO  impl.RoleInfo (RoleInfo.java:shutdownLeaderElection(134)) - 61dd343f-311b-4399-958c-cb8c35ca8db2: shutdown LeaderElection
2019-09-23 18:38:10,272 [61dd343f-311b-4399-958c-cb8c35ca8db2@group-006466CFA9C6:LeaderElection63] INFO  impl.RaftServerImpl (RaftServerImpl.java:setRole(174)) - 61dd343f-311b-4399-958c-cb8c35ca8db2@group-006466CFA9C6: changes role from CANDIDATE to LEADER at term 1 for changeToLeader
2019-09-23 18:38:10,272 [61dd343f-311b-4399-958c-cb8c35ca8db2@group-006466CFA9C6:LeaderElection63] INFO  impl.RaftServerImpl (ServerState.java:setLeader(253)) - 61dd343f-311b-4399-958c-cb8c35ca8db2@group-006466CFA9C6: change Leader from null to 61dd343f-311b-4399-958c-cb8c35ca8db2 at term 1 for becomeLeader, leader elected after 5114ms
2019-09-23 18:38:10,272 [61dd343f-311b-4399-958c-cb8c35ca8db2@group-006466CFA9C6:LeaderElection63] INFO  server.RaftServerConfigKeys (ConfUtils.java:logGet(43)) - raft.server.staging.catchup.gap = 1000 (default)
2019-09-23 18:38:10,272 [61dd343f-311b-4399-958c-cb8c35ca8db2@group-006466CFA9C6:LeaderElection63] INFO  server.RaftServerConfigKeys (ConfUtils.java:logGet(43)) - raft.server.rpc.sleep.time = 25ms (default)
2019-09-23 18:38:10,273 [61dd343f-311b-4399-958c-cb8c35ca8db2@group-006466CFA9C6:LeaderElection63] INFO  server.RaftServerConfigKeys (ConfUtils.java:logGet(43)) - raft.server.write.element-limit = 4096 (default)
2019-09-23 18:38:10,273 [61dd343f-311b-4399-958c-cb8c35ca8db2@group-006466CFA9C6:LeaderElection63] INFO  server.RaftServerConfigKeys (ConfUtils.java:logGet(43)) - raft.server.watch.timeout = 10s (default)
2019-09-23 18:38:10,273 [61dd343f-311b-4399-958c-cb8c35ca8db2@group-006466CFA9C6:LeaderElection63] INFO  server.RaftServerConfigKeys (ConfUtils.java:logGet(43)) - raft.server.watch.timeout.denomination = 1s (default)
2019-09-23 18:38:10,273 [61dd343f-311b-4399-958c-cb8c35ca8db2@group-006466CFA9C6:LeaderElection63] INFO  server.RaftServerConfigKeys (ConfUtils.java:logGet(43)) - raft.server.watch.element-limit = 65536 (default)
2019-09-23 18:38:10,275 [61dd343f-311b-4399-958c-cb8c35ca8db2@group-006466CFA9C6:LeaderElection63] INFO  server.RaftServerConfigKeys (ConfUtils.java:logGet(43)) - raft.server.log.appender.snapshot.chunk.size.max = 16MB (=16777216) (default)
2019-09-23 18:38:10,276 [61dd343f-311b-4399-958c-cb8c35ca8db2@group-006466CFA9C6:LeaderElection63] INFO  server.RaftServerConfigKeys (ConfUtils.java:logGet(43)) - raft.server.log.appender.buffer.byte-limit = 33554432 (custom)
2019-09-23 18:38:10,276 [61dd343f-311b-4399-958c-cb8c35ca8db2@group-006466CFA9C6:LeaderElection63] INFO  server.RaftServerConfigKeys (ConfUtils.java:logGet(43)) - raft.server.log.appender.buffer.element-limit = 1 (custom)
2019-09-23 18:38:10,276 [61dd343f-311b-4399-958c-cb8c35ca8db2@group-006466CFA9C6:LeaderElection63] INFO  grpc.GrpcConfigKeys$Server (ConfUtils.java:logGet(43)) - raft.grpc.server.leader.outstanding.appends.max = 128 (default)
2019-09-23 18:38:10,276 [61dd343f-311b-4399-958c-cb8c35ca8db2@group-006466CFA9C6:LeaderElection63] INFO  server.RaftServerConfigKeys (ConfUtils.java:logGet(43)) - raft.server.rpc.request.timeout = 3000ms (default)
2019-09-23 18:38:10,277 [61dd343f-311b-4399-958c-cb8c35ca8db2@group-006466CFA9C6:LeaderElection63] INFO  server.RaftServerConfigKeys (ConfUtils.java:logGet(43)) - raft.server.log.appender.install.snapshot.enabled = false (custom)
2019-09-23 18:38:10,277 [61dd343f-311b-4399-958c-cb8c35ca8db2@group-006466CFA9C6:LeaderElection63] INFO  server.RaftServerConfigKeys (ConfUtils.java:logGet(43)) - raft.server.log.appender.snapshot.chunk.size.max = 16MB (=16777216) (default)
2019-09-23 18:38:10,277 [61dd343f-311b-4399-958c-cb8c35ca8db2@group-006466CFA9C6:LeaderElection63] INFO  server.RaftServerConfigKeys (ConfUtils.java:logGet(43)) - raft.server.log.appender.buffer.byte-limit = 33554432 (custom)
2019-09-23 18:38:10,277 [61dd343f-311b-4399-958c-cb8c35ca8db2@group-006466CFA9C6:LeaderElection63] INFO  server.RaftServerConfigKeys (ConfUtils.java:logGet(43)) - raft.server.log.appender.buffer.element-limit = 1 (custom)
2019-09-23 18:38:10,278 [61dd343f-311b-4399-958c-cb8c35ca8db2@group-006466CFA9C6:LeaderElection63] INFO  grpc.GrpcConfigKeys$Server (ConfUtils.java:logGet(43)) - raft.grpc.server.leader.outstanding.appends.max = 128 (default)
2019-09-23 18:38:10,278 [61dd343f-311b-4399-958c-cb8c35ca8db2@group-006466CFA9C6:LeaderElection63] INFO  server.RaftServerConfigKeys (ConfUtils.java:logGet(43)) - raft.server.rpc.request.timeout = 3000ms (default)
2019-09-23 18:38:10,278 [61dd343f-311b-4399-958c-cb8c35ca8db2@group-006466CFA9C6:LeaderElection63] INFO  server.RaftServerConfigKeys (ConfUtils.java:logGet(43)) - raft.server.log.appender.install.snapshot.enabled = false (custom)
2019-09-23 18:38:10,278 [61dd343f-311b-4399-958c-cb8c35ca8db2@group-006466CFA9C6:LeaderElection63] INFO  impl.RoleInfo (RoleInfo.java:updateAndGet(143)) - 61dd343f-311b-4399-958c-cb8c35ca8db2: start LeaderState
2019-09-23 18:38:10,279 [61dd343f-311b-4399-958c-cb8c35ca8db2@group-006466CFA9C6:LeaderElection63] INFO  segmented.SegmentedRaftLogWorker (SegmentedRaftLogWorker.java:startLogSegment(380)) - 61dd343f-311b-4399-958c-cb8c35ca8db2@group-006466CFA9C6-SegmentedRaftLogWorker: Starting segment from index:0
2019-09-23 18:38:10,280 [61dd343f-311b-4399-958c-cb8c35ca8db2@group-006466CFA9C6:LeaderElection63] INFO  impl.RaftServerImpl (ServerState.java:setRaftConf(354)) - 61dd343f-311b-4399-958c-cb8c35ca8db2@group-006466CFA9C6: set configuration 0: [61dd343f-311b-4399-958c-cb8c35ca8db2:192.168.151.119:43698, 5f98e96f-b0cd-44fb-97a3-4fa4a5fb692e:192.168.151.119:33522, d441aa57-a3ea-45e5-9d24-ff1f3f15c9a6:192.168.151.119:37157], old=null at 0
2019-09-23 18:38:10,319 [fd053d16-ac53-4008-81fa-c682e6f9d8f1@group-EA90FB48C8D2-SegmentedRaftLogWorker] INFO  segmented.SegmentedRaftLogWorker (SegmentedRaftLogWorker.java:execute(569)) - fd053d16-ac53-4008-81fa-c682e6f9d8f1@group-EA90FB48C8D2-SegmentedRaftLogWorker: created new log segment /workdir/hadoop-ozone/integration-test/target/test-dir/MiniOzoneClusterImpl-f1ec13dc-2055-4e20-82ea-d4d850253648/datanode-6/data/ratis/39454e13-1e1c-41d4-b5a6-ea90fb48c8d2/current/log_inprogress_0
2019-09-23 18:38:10,324 [grpc-default-executor-0] INFO  impl.RaftServerImpl (ServerState.java:setLeader(253)) - d441aa57-a3ea-45e5-9d24-ff1f3f15c9a6@group-006466CFA9C6: change Leader from null to 61dd343f-311b-4399-958c-cb8c35ca8db2 at term 1 for appendEntries, leader elected after 5166ms
2019-09-23 18:38:10,324 [grpc-default-executor-3] INFO  impl.RaftServerImpl (ServerState.java:setLeader(253)) - 5f98e96f-b0cd-44fb-97a3-4fa4a5fb692e@group-006466CFA9C6: change Leader from null to 61dd343f-311b-4399-958c-cb8c35ca8db2 at term 1 for appendEntries, leader elected after 5166ms
2019-09-23 18:38:10,337 [grpc-default-executor-4] INFO  impl.RaftServerImpl (ServerState.java:setRaftConf(354)) - d441aa57-a3ea-45e5-9d24-ff1f3f15c9a6@group-006466CFA9C6: set configuration 0: [61dd343f-311b-4399-958c-cb8c35ca8db2:192.168.151.119:43698, 5f98e96f-b0cd-44fb-97a3-4fa4a5fb692e:192.168.151.119:33522, d441aa57-a3ea-45e5-9d24-ff1f3f15c9a6:192.168.151.119:37157], old=null at 0
2019-09-23 18:38:10,337 [grpc-default-executor-3] INFO  impl.RaftServerImpl (ServerState.java:setRaftConf(354)) - 5f98e96f-b0cd-44fb-97a3-4fa4a5fb692e@group-006466CFA9C6: set configuration 0: [61dd343f-311b-4399-958c-cb8c35ca8db2:192.168.151.119:43698, 5f98e96f-b0cd-44fb-97a3-4fa4a5fb692e:192.168.151.119:33522, d441aa57-a3ea-45e5-9d24-ff1f3f15c9a6:192.168.151.119:37157], old=null at 0
2019-09-23 18:38:10,340 [grpc-default-executor-4] INFO  segmented.SegmentedRaftLogWorker (SegmentedRaftLogWorker.java:startLogSegment(380)) - d441aa57-a3ea-45e5-9d24-ff1f3f15c9a6@group-006466CFA9C6-SegmentedRaftLogWorker: Starting segment from index:0
2019-09-23 18:38:10,340 [grpc-default-executor-3] INFO  segmented.SegmentedRaftLogWorker (SegmentedRaftLogWorker.java:startLogSegment(380)) - 5f98e96f-b0cd-44fb-97a3-4fa4a5fb692e@group-006466CFA9C6-SegmentedRaftLogWorker: Starting segment from index:0
2019-09-23 18:38:10,382 [61dd343f-311b-4399-958c-cb8c35ca8db2@group-006466CFA9C6-SegmentedRaftLogWorker] INFO  segmented.SegmentedRaftLogWorker (SegmentedRaftLogWorker.java:execute(569)) - 61dd343f-311b-4399-958c-cb8c35ca8db2@group-006466CFA9C6-SegmentedRaftLogWorker: created new log segment /workdir/hadoop-ozone/integration-test/target/test-dir/MiniOzoneClusterImpl-f1ec13dc-2055-4e20-82ea-d4d850253648/datanode-3/data/ratis/61d0c57b-27d4-4509-81cd-006466cfa9c6/current/log_inprogress_0
2019-09-23 18:38:10,423 [d441aa57-a3ea-45e5-9d24-ff1f3f15c9a6@group-006466CFA9C6-SegmentedRaftLogWorker] INFO  segmented.SegmentedRaftLogWorker (SegmentedRaftLogWorker.java:execute(569)) - d441aa57-a3ea-45e5-9d24-ff1f3f15c9a6@group-006466CFA9C6-SegmentedRaftLogWorker: created new log segment /workdir/hadoop-ozone/integration-test/target/test-dir/MiniOzoneClusterImpl-f1ec13dc-2055-4e20-82ea-d4d850253648/datanode-4/data/ratis/61d0c57b-27d4-4509-81cd-006466cfa9c6/current/log_inprogress_0
2019-09-23 18:38:10,448 [5f98e96f-b0cd-44fb-97a3-4fa4a5fb692e@group-006466CFA9C6-SegmentedRaftLogWorker] INFO  segmented.SegmentedRaftLogWorker (SegmentedRaftLogWorker.java:execute(569)) - 5f98e96f-b0cd-44fb-97a3-4fa4a5fb692e@group-006466CFA9C6-SegmentedRaftLogWorker: created new log segment /workdir/hadoop-ozone/integration-test/target/test-dir/MiniOzoneClusterImpl-f1ec13dc-2055-4e20-82ea-d4d850253648/datanode-5/data/ratis/61d0c57b-27d4-4509-81cd-006466cfa9c6/current/log_inprogress_0
2019-09-23 18:38:14,894 [Thread-2349] INFO  impl.FollowerState (FollowerState.java:run(106)) - 9de50355-2df4-4fe2-bacd-c3d729e212d2:group-36114D9969DD changes to CANDIDATE, lastRpcTime:5013, electionTimeout:5013ms
2019-09-23 18:38:14,895 [Thread-2349] INFO  impl.RoleInfo (RoleInfo.java:shutdownFollowerState(121)) - 9de50355-2df4-4fe2-bacd-c3d729e212d2: shutdown FollowerState
2019-09-23 18:38:14,895 [Thread-2349] INFO  impl.RaftServerImpl (RaftServerImpl.java:setRole(174)) - 9de50355-2df4-4fe2-bacd-c3d729e212d2@group-36114D9969DD: changes role from  FOLLOWER to CANDIDATE at term 2 for changeToCandidate
2019-09-23 18:38:14,895 [Thread-2349] INFO  impl.RoleInfo (RoleInfo.java:updateAndGet(143)) - 9de50355-2df4-4fe2-bacd-c3d729e212d2: start LeaderElection
2019-09-23 18:38:14,913 [9de50355-2df4-4fe2-bacd-c3d729e212d2@group-36114D9969DD:LeaderElection65] INFO  impl.LeaderElection (LeaderElection.java:askForVotes(182)) - 9de50355-2df4-4fe2-bacd-c3d729e212d2@group-36114D9969DD:LeaderElection65: begin an election at term 3 for -1: [c8b59faf-a124-4506-94d3-f2011aefc751:192.168.151.119:36413, bbcb5749-6ac1-4efe-ae1b-619d11e71108:192.168.151.119:39987, 9de50355-2df4-4fe2-bacd-c3d729e212d2:192.168.151.119:40739], old=null
2019-09-23 18:38:14,918 [grpc-default-executor-4] INFO  impl.RaftServerImpl (RaftServerImpl.java:setRole(174)) - bbcb5749-6ac1-4efe-ae1b-619d11e71108@group-36114D9969DD: changes role from  FOLLOWER to FOLLOWER at term 3 for recognizeCandidate:9de50355-2df4-4fe2-bacd-c3d729e212d2
2019-09-23 18:38:14,918 [grpc-default-executor-3] INFO  impl.RaftServerImpl (RaftServerImpl.java:setRole(174)) - c8b59faf-a124-4506-94d3-f2011aefc751@group-36114D9969DD: changes role from  FOLLOWER to FOLLOWER at term 3 for recognizeCandidate:9de50355-2df4-4fe2-bacd-c3d729e212d2
2019-09-23 18:38:14,918 [grpc-default-executor-4] INFO  impl.RoleInfo (RoleInfo.java:shutdownFollowerState(121)) - bbcb5749-6ac1-4efe-ae1b-619d11e71108: shutdown FollowerState
2019-09-23 18:38:14,918 [grpc-default-executor-3] INFO  impl.RoleInfo (RoleInfo.java:shutdownFollowerState(121)) - c8b59faf-a124-4506-94d3-f2011aefc751: shutdown FollowerState
2019-09-23 18:38:14,918 [Thread-2362] INFO  impl.FollowerState (FollowerState.java:run(115)) - bbcb5749-6ac1-4efe-ae1b-619d11e71108: FollowerState was interrupted: java.lang.InterruptedException: sleep interrupted
2019-09-23 18:38:14,918 [grpc-default-executor-4] INFO  impl.RoleInfo (RoleInfo.java:updateAndGet(143)) - bbcb5749-6ac1-4efe-ae1b-619d11e71108: start FollowerState
2019-09-23 18:38:14,921 [Thread-2364] INFO  impl.FollowerState (FollowerState.java:run(115)) - c8b59faf-a124-4506-94d3-f2011aefc751: FollowerState was interrupted: java.lang.InterruptedException: sleep interrupted
2019-09-23 18:38:14,919 [grpc-default-executor-3] INFO  impl.RoleInfo (RoleInfo.java:updateAndGet(143)) - c8b59faf-a124-4506-94d3-f2011aefc751: start FollowerState
2019-09-23 18:38:14,948 [9de50355-2df4-4fe2-bacd-c3d729e212d2@group-36114D9969DD:LeaderElection65] INFO  impl.LeaderElection (LeaderElection.java:logAndReturn(56)) - 9de50355-2df4-4fe2-bacd-c3d729e212d2@group-36114D9969DD:LeaderElection65: Election REJECTED; received 2 response(s) [9de50355-2df4-4fe2-bacd-c3d729e212d2<-c8b59faf-a124-4506-94d3-f2011aefc751#0:FAIL-t3, 9de50355-2df4-4fe2-bacd-c3d729e212d2<-bbcb5749-6ac1-4efe-ae1b-619d11e71108#0:FAIL-t3] and 0 exception(s); 9de50355-2df4-4fe2-bacd-c3d729e212d2@group-36114D9969DD:t3, leader=null, voted=9de50355-2df4-4fe2-bacd-c3d729e212d2, raftlog=9de50355-2df4-4fe2-bacd-c3d729e212d2@group-36114D9969DD-SegmentedRaftLog:OPENED:c-1,f-1,i0, conf=-1: [c8b59faf-a124-4506-94d3-f2011aefc751:192.168.151.119:36413, bbcb5749-6ac1-4efe-ae1b-619d11e71108:192.168.151.119:39987, 9de50355-2df4-4fe2-bacd-c3d729e212d2:192.168.151.119:40739], old=null
2019-09-23 18:38:14,948 [9de50355-2df4-4fe2-bacd-c3d729e212d2@group-36114D9969DD:LeaderElection65] INFO  impl.RaftServerImpl (RaftServerImpl.java:setRole(174)) - 9de50355-2df4-4fe2-bacd-c3d729e212d2@group-36114D9969DD: changes role from CANDIDATE to FOLLOWER at term 3 for DISCOVERED_A_NEW_TERM
2019-09-23 18:38:14,948 [9de50355-2df4-4fe2-bacd-c3d729e212d2@group-36114D9969DD:LeaderElection65] INFO  impl.RoleInfo (RoleInfo.java:shutdownLeaderElection(134)) - 9de50355-2df4-4fe2-bacd-c3d729e212d2: shutdown LeaderElection
2019-09-23 18:38:14,948 [9de50355-2df4-4fe2-bacd-c3d729e212d2@group-36114D9969DD:LeaderElection65] INFO  impl.RoleInfo (RoleInfo.java:updateAndGet(143)) - 9de50355-2df4-4fe2-bacd-c3d729e212d2: start FollowerState
2019-09-23 18:38:20,091 [Thread-2402] INFO  impl.FollowerState (FollowerState.java:run(106)) - c8b59faf-a124-4506-94d3-f2011aefc751:group-36114D9969DD changes to CANDIDATE, lastRpcTime:5171, electionTimeout:5167ms
2019-09-23 18:38:20,095 [Thread-2402] INFO  impl.RoleInfo (RoleInfo.java:shutdownFollowerState(121)) - c8b59faf-a124-4506-94d3-f2011aefc751: shutdown FollowerState
2019-09-23 18:38:20,096 [Thread-2402] INFO  impl.RaftServerImpl (RaftServerImpl.java:setRole(174)) - c8b59faf-a124-4506-94d3-f2011aefc751@group-36114D9969DD: changes role from  FOLLOWER to CANDIDATE at term 3 for changeToCandidate
2019-09-23 18:38:20,096 [Thread-2402] INFO  impl.RoleInfo (RoleInfo.java:updateAndGet(143)) - c8b59faf-a124-4506-94d3-f2011aefc751: start LeaderElection
2019-09-23 18:38:20,096 [Thread-2401] INFO  impl.FollowerState (FollowerState.java:run(106)) - bbcb5749-6ac1-4efe-ae1b-619d11e71108:group-36114D9969DD changes to CANDIDATE, lastRpcTime:5177, electionTimeout:5173ms
2019-09-23 18:38:20,099 [Thread-2401] INFO  impl.RoleInfo (RoleInfo.java:shutdownFollowerState(121)) - bbcb5749-6ac1-4efe-ae1b-619d11e71108: shutdown FollowerState
2019-09-23 18:38:20,100 [Thread-2401] INFO  impl.RaftServerImpl (RaftServerImpl.java:setRole(174)) - bbcb5749-6ac1-4efe-ae1b-619d11e71108@group-36114D9969DD: changes role from  FOLLOWER to CANDIDATE at term 3 for changeToCandidate
2019-09-23 18:38:20,100 [Thread-2401] INFO  impl.RoleInfo (RoleInfo.java:updateAndGet(143)) - bbcb5749-6ac1-4efe-ae1b-619d11e71108: start LeaderElection
2019-09-23 18:38:20,137 [bbcb5749-6ac1-4efe-ae1b-619d11e71108@group-36114D9969DD:LeaderElection67] INFO  impl.LeaderElection (LeaderElection.java:askForVotes(182)) - bbcb5749-6ac1-4efe-ae1b-619d11e71108@group-36114D9969DD:LeaderElection67: begin an election at term 4 for 0: [c8b59faf-a124-4506-94d3-f2011aefc751:192.168.151.119:36413, bbcb5749-6ac1-4efe-ae1b-619d11e71108:192.168.151.119:39987, 9de50355-2df4-4fe2-bacd-c3d729e212d2:192.168.151.119:40739], old=null
2019-09-23 18:38:20,137 [c8b59faf-a124-4506-94d3-f2011aefc751@group-36114D9969DD:LeaderElection66] INFO  impl.LeaderElection (LeaderElection.java:askForVotes(182)) - c8b59faf-a124-4506-94d3-f2011aefc751@group-36114D9969DD:LeaderElection66: begin an election at term 4 for 0: [c8b59faf-a124-4506-94d3-f2011aefc751:192.168.151.119:36413, bbcb5749-6ac1-4efe-ae1b-619d11e71108:192.168.151.119:39987, 9de50355-2df4-4fe2-bacd-c3d729e212d2:192.168.151.119:40739], old=null
2019-09-23 18:38:20,147 [Thread-2403] INFO  impl.FollowerState (FollowerState.java:run(106)) - 9de50355-2df4-4fe2-bacd-c3d729e212d2:group-36114D9969DD changes to CANDIDATE, lastRpcTime:5198, electionTimeout:5196ms
2019-09-23 18:38:20,147 [Thread-2403] INFO  impl.RoleInfo (RoleInfo.java:shutdownFollowerState(121)) - 9de50355-2df4-4fe2-bacd-c3d729e212d2: shutdown FollowerState
2019-09-23 18:38:20,147 [Thread-2403] INFO  impl.RaftServerImpl (RaftServerImpl.java:setRole(174)) - 9de50355-2df4-4fe2-bacd-c3d729e212d2@group-36114D9969DD: changes role from  FOLLOWER to CANDIDATE at term 3 for changeToCandidate
2019-09-23 18:38:20,147 [Thread-2403] INFO  impl.RoleInfo (RoleInfo.java:updateAndGet(143)) - 9de50355-2df4-4fe2-bacd-c3d729e212d2: start LeaderElection
2019-09-23 18:38:20,150 [grpc-default-executor-8] INFO  impl.RaftServerImpl (RaftServerImpl.java:setRole(174)) - 9de50355-2df4-4fe2-bacd-c3d729e212d2@group-36114D9969DD: changes role from CANDIDATE to FOLLOWER at term 4 for recognizeCandidate:bbcb5749-6ac1-4efe-ae1b-619d11e71108
2019-09-23 18:38:20,153 [grpc-default-executor-8] INFO  impl.RoleInfo (RoleInfo.java:shutdownLeaderElection(134)) - 9de50355-2df4-4fe2-bacd-c3d729e212d2: shutdown LeaderElection
2019-09-23 18:38:20,156 [grpc-default-executor-8] INFO  impl.RoleInfo (RoleInfo.java:updateAndGet(143)) - 9de50355-2df4-4fe2-bacd-c3d729e212d2: start FollowerState
2019-09-23 18:38:20,169 [grpc-default-executor-4] INFO  impl.RaftServerImpl (RaftServerImpl.java:setRole(174)) - 9de50355-2df4-4fe2-bacd-c3d729e212d2@group-36114D9969DD: changes role from  FOLLOWER to FOLLOWER at term 4 for recognizeCandidate:c8b59faf-a124-4506-94d3-f2011aefc751
2019-09-23 18:38:20,169 [grpc-default-executor-4] INFO  impl.RoleInfo (RoleInfo.java:shutdownFollowerState(121)) - 9de50355-2df4-4fe2-bacd-c3d729e212d2: shutdown FollowerState
2019-09-23 18:38:20,172 [grpc-default-executor-4] INFO  impl.RoleInfo (RoleInfo.java:updateAndGet(143)) - 9de50355-2df4-4fe2-bacd-c3d729e212d2: start FollowerState
2019-09-23 18:38:20,172 [Thread-2425] INFO  impl.FollowerState (FollowerState.java:run(115)) - 9de50355-2df4-4fe2-bacd-c3d729e212d2: FollowerState was interrupted: java.lang.InterruptedException: sleep interrupted
2019-09-23 18:38:20,174 [bbcb5749-6ac1-4efe-ae1b-619d11e71108@group-36114D9969DD:LeaderElection67] INFO  impl.LeaderElection (LeaderElection.java:logAndReturn(56)) - bbcb5749-6ac1-4efe-ae1b-619d11e71108@group-36114D9969DD:LeaderElection67: Election REJECTED; received 2 response(s) [bbcb5749-6ac1-4efe-ae1b-619d11e71108<-c8b59faf-a124-4506-94d3-f2011aefc751#0:FAIL-t4, bbcb5749-6ac1-4efe-ae1b-619d11e71108<-9de50355-2df4-4fe2-bacd-c3d729e212d2#0:FAIL-t4] and 0 exception(s); bbcb5749-6ac1-4efe-ae1b-619d11e71108@group-36114D9969DD:t4, leader=null, voted=bbcb5749-6ac1-4efe-ae1b-619d11e71108, raftlog=bbcb5749-6ac1-4efe-ae1b-619d11e71108@group-36114D9969DD-SegmentedRaftLog:OPENED:c-1,f0,i0, conf=0: [c8b59faf-a124-4506-94d3-f2011aefc751:192.168.151.119:36413, bbcb5749-6ac1-4efe-ae1b-619d11e71108:192.168.151.119:39987, 9de50355-2df4-4fe2-bacd-c3d729e212d2:192.168.151.119:40739], old=null
2019-09-23 18:38:20,175 [bbcb5749-6ac1-4efe-ae1b-619d11e71108@group-36114D9969DD:LeaderElection67] INFO  impl.RaftServerImpl (RaftServerImpl.java:setRole(174)) - bbcb5749-6ac1-4efe-ae1b-619d11e71108@group-36114D9969DD: changes role from CANDIDATE to FOLLOWER at term 4 for DISCOVERED_A_NEW_TERM
2019-09-23 18:38:20,175 [bbcb5749-6ac1-4efe-ae1b-619d11e71108@group-36114D9969DD:LeaderElection67] INFO  impl.RoleInfo (RoleInfo.java:shutdownLeaderElection(134)) - bbcb5749-6ac1-4efe-ae1b-619d11e71108: shutdown LeaderElection
2019-09-23 18:38:20,175 [bbcb5749-6ac1-4efe-ae1b-619d11e71108@group-36114D9969DD:LeaderElection67] INFO  impl.RoleInfo (RoleInfo.java:updateAndGet(143)) - bbcb5749-6ac1-4efe-ae1b-619d11e71108: start FollowerState
2019-09-23 18:38:20,190 [c8b59faf-a124-4506-94d3-f2011aefc751@group-36114D9969DD:LeaderElection66] INFO  impl.LeaderElection (LeaderElection.java:logAndReturn(56)) - c8b59faf-a124-4506-94d3-f2011aefc751@group-36114D9969DD:LeaderElection66: Election PASSED; received 2 response(s) [c8b59faf-a124-4506-94d3-f2011aefc751<-bbcb5749-6ac1-4efe-ae1b-619d11e71108#0:FAIL-t4, c8b59faf-a124-4506-94d3-f2011aefc751<-9de50355-2df4-4fe2-bacd-c3d729e212d2#0:OK-t4] and 0 exception(s); c8b59faf-a124-4506-94d3-f2011aefc751@group-36114D9969DD:t4, leader=null, voted=c8b59faf-a124-4506-94d3-f2011aefc751, raftlog=c8b59faf-a124-4506-94d3-f2011aefc751@group-36114D9969DD-SegmentedRaftLog:OPENED:c-1,f0,i0, conf=0: [c8b59faf-a124-4506-94d3-f2011aefc751:192.168.151.119:36413, bbcb5749-6ac1-4efe-ae1b-619d11e71108:192.168.151.119:39987, 9de50355-2df4-4fe2-bacd-c3d729e212d2:192.168.151.119:40739], old=null
2019-09-23 18:38:20,193 [c8b59faf-a124-4506-94d3-f2011aefc751@group-36114D9969DD:LeaderElection66] INFO  impl.RoleInfo (RoleInfo.java:shutdownLeaderElection(134)) - c8b59faf-a124-4506-94d3-f2011aefc751: shutdown LeaderElection
2019-09-23 18:38:20,193 [c8b59faf-a124-4506-94d3-f2011aefc751@group-36114D9969DD:LeaderElection66] INFO  impl.RaftServerImpl (RaftServerImpl.java:setRole(174)) - c8b59faf-a124-4506-94d3-f2011aefc751@group-36114D9969DD: changes role from CANDIDATE to LEADER at term 4 for changeToLeader
2019-09-23 18:38:20,193 [c8b59faf-a124-4506-94d3-f2011aefc751@group-36114D9969DD:LeaderElection66] INFO  impl.RaftServerImpl (ServerState.java:setLeader(253)) - c8b59faf-a124-4506-94d3-f2011aefc751@group-36114D9969DD: change Leader from null to c8b59faf-a124-4506-94d3-f2011aefc751 at term 4 for becomeLeader, leader elected after 10192ms
2019-09-23 18:38:20,194 [c8b59faf-a124-4506-94d3-f2011aefc751@group-36114D9969DD:LeaderElection66] INFO  server.RaftServerConfigKeys (ConfUtils.java:logGet(43)) - raft.server.staging.catchup.gap = 1000 (default)
2019-09-23 18:38:20,194 [c8b59faf-a124-4506-94d3-f2011aefc751@group-36114D9969DD:LeaderElection66] INFO  server.RaftServerConfigKeys (ConfUtils.java:logGet(43)) - raft.server.rpc.sleep.time = 25ms (default)
2019-09-23 18:38:20,194 [c8b59faf-a124-4506-94d3-f2011aefc751@group-36114D9969DD:LeaderElection66] INFO  server.RaftServerConfigKeys (ConfUtils.java:logGet(43)) - raft.server.write.element-limit = 4096 (default)
2019-09-23 18:38:20,195 [c8b59faf-a124-4506-94d3-f2011aefc751@group-36114D9969DD:LeaderElection66] INFO  server.RaftServerConfigKeys (ConfUtils.java:logGet(43)) - raft.server.watch.timeout = 10s (default)
2019-09-23 18:38:20,195 [c8b59faf-a124-4506-94d3-f2011aefc751@group-36114D9969DD:LeaderElection66] INFO  server.RaftServerConfigKeys (ConfUtils.java:logGet(43)) - raft.server.watch.timeout.denomination = 1s (default)
2019-09-23 18:38:20,195 [c8b59faf-a124-4506-94d3-f2011aefc751@group-36114D9969DD:LeaderElection66] INFO  server.RaftServerConfigKeys (ConfUtils.java:logGet(43)) - raft.server.watch.element-limit = 65536 (default)
2019-09-23 18:38:20,195 [c8b59faf-a124-4506-94d3-f2011aefc751@group-36114D9969DD:LeaderElection66] INFO  server.RaftServerConfigKeys (ConfUtils.java:logGet(43)) - raft.server.log.appender.snapshot.chunk.size.max = 16MB (=16777216) (default)
2019-09-23 18:38:20,196 [c8b59faf-a124-4506-94d3-f2011aefc751@group-36114D9969DD:LeaderElection66] INFO  server.RaftServerConfigKeys (ConfUtils.java:logGet(43)) - raft.server.log.appender.buffer.byte-limit = 33554432 (custom)
2019-09-23 18:38:20,196 [c8b59faf-a124-4506-94d3-f2011aefc751@group-36114D9969DD:LeaderElection66] INFO  server.RaftServerConfigKeys (ConfUtils.java:logGet(43)) - raft.server.log.appender.buffer.element-limit = 1 (custom)
2019-09-23 18:38:20,196 [c8b59faf-a124-4506-94d3-f2011aefc751@group-36114D9969DD:LeaderElection66] INFO  grpc.GrpcConfigKeys$Server (ConfUtils.java:logGet(43)) - raft.grpc.server.leader.outstanding.appends.max = 128 (default)
2019-09-23 18:38:20,196 [c8b59faf-a124-4506-94d3-f2011aefc751@group-36114D9969DD:LeaderElection66] INFO  server.RaftServerConfigKeys (ConfUtils.java:logGet(43)) - raft.server.rpc.request.timeout = 3000ms (default)
2019-09-23 18:38:20,197 [c8b59faf-a124-4506-94d3-f2011aefc751@group-36114D9969DD:LeaderElection66] INFO  server.RaftServerConfigKeys (ConfUtils.java:logGet(43)) - raft.server.log.appender.install.snapshot.enabled = false (custom)
2019-09-23 18:38:20,197 [c8b59faf-a124-4506-94d3-f2011aefc751@group-36114D9969DD:LeaderElection66] INFO  server.RaftServerConfigKeys (ConfUtils.java:logGet(43)) - raft.server.log.appender.snapshot.chunk.size.max = 16MB (=16777216) (default)
2019-09-23 18:38:20,197 [c8b59faf-a124-4506-94d3-f2011aefc751@group-36114D9969DD:LeaderElection66] INFO  server.RaftServerConfigKeys (ConfUtils.java:logGet(43)) - raft.server.log.appender.buffer.byte-limit = 33554432 (custom)
2019-09-23 18:38:20,197 [c8b59faf-a124-4506-94d3-f2011aefc751@group-36114D9969DD:LeaderElection66] INFO  server.RaftServerConfigKeys (ConfUtils.java:logGet(43)) - raft.server.log.appender.buffer.element-limit = 1 (custom)
2019-09-23 18:38:20,198 [c8b59faf-a124-4506-94d3-f2011aefc751@group-36114D9969DD:LeaderElection66] INFO  grpc.GrpcConfigKeys$Server (ConfUtils.java:logGet(43)) - raft.grpc.server.leader.outstanding.appends.max = 128 (default)
2019-09-23 18:38:20,198 [c8b59faf-a124-4506-94d3-f2011aefc751@group-36114D9969DD:LeaderElection66] INFO  server.RaftServerConfigKeys (ConfUtils.java:logGet(43)) - raft.server.rpc.request.timeout = 3000ms (default)
2019-09-23 18:38:20,198 [c8b59faf-a124-4506-94d3-f2011aefc751@group-36114D9969DD:LeaderElection66] INFO  server.RaftServerConfigKeys (ConfUtils.java:logGet(43)) - raft.server.log.appender.install.snapshot.enabled = false (custom)
2019-09-23 18:38:20,198 [c8b59faf-a124-4506-94d3-f2011aefc751@group-36114D9969DD:LeaderElection66] INFO  impl.RoleInfo (RoleInfo.java:updateAndGet(143)) - c8b59faf-a124-4506-94d3-f2011aefc751: start LeaderState
2019-09-23 18:38:20,199 [c8b59faf-a124-4506-94d3-f2011aefc751@group-36114D9969DD:LeaderElection66] INFO  segmented.SegmentedRaftLogWorker (SegmentedRaftLogWorker.java:rollLogSegment(385)) - c8b59faf-a124-4506-94d3-f2011aefc751@group-36114D9969DD-SegmentedRaftLogWorker: Rolling segment log-0_0 to index:0
2019-09-23 18:38:20,200 [c8b59faf-a124-4506-94d3-f2011aefc751@group-36114D9969DD:LeaderElection66] INFO  impl.RaftServerImpl (ServerState.java:setRaftConf(354)) - c8b59faf-a124-4506-94d3-f2011aefc751@group-36114D9969DD: set configuration 1: [c8b59faf-a124-4506-94d3-f2011aefc751:192.168.151.119:36413, bbcb5749-6ac1-4efe-ae1b-619d11e71108:192.168.151.119:39987, 9de50355-2df4-4fe2-bacd-c3d729e212d2:192.168.151.119:40739], old=null at 1
2019-09-23 18:38:20,200 [c8b59faf-a124-4506-94d3-f2011aefc751@group-36114D9969DD-SegmentedRaftLogWorker] INFO  segmented.SegmentedRaftLogWorker (SegmentedRaftLogWorker.java:execute(526)) - c8b59faf-a124-4506-94d3-f2011aefc751@group-36114D9969DD-SegmentedRaftLogWorker: Rolled log segment from /workdir/hadoop-ozone/integration-test/target/test-dir/MiniOzoneClusterImpl-f1ec13dc-2055-4e20-82ea-d4d850253648/datanode-1/data/ratis/04c07fac-05f3-43ff-8d59-36114d9969dd/current/log_inprogress_0 to /workdir/hadoop-ozone/integration-test/target/test-dir/MiniOzoneClusterImpl-f1ec13dc-2055-4e20-82ea-d4d850253648/datanode-1/data/ratis/04c07fac-05f3-43ff-8d59-36114d9969dd/current/log_0-0
2019-09-23 18:38:20,203 [grpc-default-executor-4] INFO  impl.RaftServerImpl (ServerState.java:setLeader(253)) - bbcb5749-6ac1-4efe-ae1b-619d11e71108@group-36114D9969DD: change Leader from null to c8b59faf-a124-4506-94d3-f2011aefc751 at term 4 for appendEntries, leader elected after 10179ms
2019-09-23 18:38:20,206 [grpc-default-executor-4] INFO  impl.RaftServerImpl (ServerState.java:setRaftConf(354)) - bbcb5749-6ac1-4efe-ae1b-619d11e71108@group-36114D9969DD: set configuration 1: [c8b59faf-a124-4506-94d3-f2011aefc751:192.168.151.119:36413, bbcb5749-6ac1-4efe-ae1b-619d11e71108:192.168.151.119:39987, 9de50355-2df4-4fe2-bacd-c3d729e212d2:192.168.151.119:40739], old=null at 1
2019-09-23 18:38:20,206 [grpc-default-executor-4] INFO  segmented.SegmentedRaftLogWorker (SegmentedRaftLogWorker.java:rollLogSegment(385)) - bbcb5749-6ac1-4efe-ae1b-619d11e71108@group-36114D9969DD-SegmentedRaftLogWorker: Rolling segment log-0_0 to index:0
2019-09-23 18:38:20,207 [bbcb5749-6ac1-4efe-ae1b-619d11e71108@group-36114D9969DD-SegmentedRaftLogWorker] INFO  segmented.SegmentedRaftLogWorker (SegmentedRaftLogWorker.java:execute(526)) - bbcb5749-6ac1-4efe-ae1b-619d11e71108@group-36114D9969DD-SegmentedRaftLogWorker: Rolled log segment from /workdir/hadoop-ozone/integration-test/target/test-dir/MiniOzoneClusterImpl-f1ec13dc-2055-4e20-82ea-d4d850253648/datanode-2/data/ratis/04c07fac-05f3-43ff-8d59-36114d9969dd/current/log_inprogress_0 to /workdir/hadoop-ozone/integration-test/target/test-dir/MiniOzoneClusterImpl-f1ec13dc-2055-4e20-82ea-d4d850253648/datanode-2/data/ratis/04c07fac-05f3-43ff-8d59-36114d9969dd/current/log_0-0
2019-09-23 18:38:20,236 [9de50355-2df4-4fe2-bacd-c3d729e212d2@group-36114D9969DD:LeaderElection68] INFO  impl.LeaderElection (LeaderElection.java:askForVotes(182)) - 9de50355-2df4-4fe2-bacd-c3d729e212d2@group-36114D9969DD:LeaderElection68: begin an election at term 5 for -1: [c8b59faf-a124-4506-94d3-f2011aefc751:192.168.151.119:36413, bbcb5749-6ac1-4efe-ae1b-619d11e71108:192.168.151.119:39987, 9de50355-2df4-4fe2-bacd-c3d729e212d2:192.168.151.119:40739], old=null
2019-09-23 18:38:20,237 [Thread-2428] INFO  impl.RaftServerImpl (ServerState.java:setLeader(253)) - c8b59faf-a124-4506-94d3-f2011aefc751@group-36114D9969DD: change Leader from c8b59faf-a124-4506-94d3-f2011aefc751 to null at term 5 for updateCurrentTerm
2019-09-23 18:38:20,274 [Thread-2428] INFO  impl.RaftServerImpl (RaftServerImpl.java:setRole(174)) - c8b59faf-a124-4506-94d3-f2011aefc751@group-36114D9969DD: changes role from    LEADER to FOLLOWER at term 5 for stepDown
2019-09-23 18:38:20,274 [c8b59faf-a124-4506-94d3-f2011aefc751@group-36114D9969DD-SegmentedRaftLogWorker] INFO  segmented.SegmentedRaftLogWorker (SegmentedRaftLogWorker.java:execute(569)) - c8b59faf-a124-4506-94d3-f2011aefc751@group-36114D9969DD-SegmentedRaftLogWorker: created new log segment /workdir/hadoop-ozone/integration-test/target/test-dir/MiniOzoneClusterImpl-f1ec13dc-2055-4e20-82ea-d4d850253648/datanode-1/data/ratis/04c07fac-05f3-43ff-8d59-36114d9969dd/current/log_inprogress_1
2019-09-23 18:38:20,274 [9de50355-2df4-4fe2-bacd-c3d729e212d2@group-36114D9969DD:LeaderElection68] INFO  impl.LeaderElection (LeaderElection.java:logAndReturn(56)) - 9de50355-2df4-4fe2-bacd-c3d729e212d2@group-36114D9969DD:LeaderElection68: Election REJECTED; received 0 response(s) [] and 0 exception(s); 9de50355-2df4-4fe2-bacd-c3d729e212d2@group-36114D9969DD:t5, leader=null, voted=9de50355-2df4-4fe2-bacd-c3d729e212d2, raftlog=9de50355-2df4-4fe2-bacd-c3d729e212d2@group-36114D9969DD-SegmentedRaftLog:OPENED:c-1,f-1,i0, conf=-1: [c8b59faf-a124-4506-94d3-f2011aefc751:192.168.151.119:36413, bbcb5749-6ac1-4efe-ae1b-619d11e71108:192.168.151.119:39987, 9de50355-2df4-4fe2-bacd-c3d729e212d2:192.168.151.119:40739], old=null
2019-09-23 18:38:20,274 [Thread-2428] INFO  impl.RoleInfo (RoleInfo.java:shutdownLeaderState(104)) - c8b59faf-a124-4506-94d3-f2011aefc751: shutdown LeaderState
2019-09-23 18:38:20,281 [org.apache.ratis.server.impl.LogAppender$AppenderDaemon$$Lambda$559/938473703@292a88c1] WARN  server.GrpcLogAppender (GrpcLogAppender.java:mayWait(143)) - c8b59faf-a124-4506-94d3-f2011aefc751@group-36114D9969DD->9de50355-2df4-4fe2-bacd-c3d729e212d2-GrpcLogAppender: Wait interrupted by java.lang.InterruptedException
2019-09-23 18:38:20,281 [Thread-2428] INFO  impl.PendingRequests (PendingRequests.java:sendNotLeaderResponses(202)) - c8b59faf-a124-4506-94d3-f2011aefc751-PendingRequests: sendNotLeaderResponses
2019-09-23 18:38:20,284 [org.apache.ratis.server.impl.LogAppender$AppenderDaemon$$Lambda$559/938473703@6c280b20] WARN  server.GrpcLogAppender (GrpcLogAppender.java:mayWait(143)) - c8b59faf-a124-4506-94d3-f2011aefc751@group-36114D9969DD->bbcb5749-6ac1-4efe-ae1b-619d11e71108-GrpcLogAppender: Wait interrupted by java.lang.InterruptedException
2019-09-23 18:38:20,285 [grpc-default-executor-8] INFO  server.GrpcServerProtocolService (GrpcServerProtocolService.java:onCompleted(113)) - 9de50355-2df4-4fe2-bacd-c3d729e212d2: Completed APPEND_ENTRIES, lastRequest: c8b59faf-a124-4506-94d3-f2011aefc751->9de50355-2df4-4fe2-bacd-c3d729e212d2#0-t4, previous=(t:1, i:0), leaderCommit=-1, initializing? false, entries: <empty>
2019-09-23 18:38:20,285 [grpc-default-executor-4] INFO  server.GrpcServerProtocolService (GrpcServerProtocolService.java:onCompleted(113)) - bbcb5749-6ac1-4efe-ae1b-619d11e71108: Completed APPEND_ENTRIES, lastRequest: c8b59faf-a124-4506-94d3-f2011aefc751->bbcb5749-6ac1-4efe-ae1b-619d11e71108#1-t4, previous=(t:1, i:0), leaderCommit=-1, initializing? false, entries: size=1, first=(t:4, i:1), CONFIGURATIONENTRY
2019-09-23 18:38:20,285 [Thread-2428] INFO  impl.RoleInfo (RoleInfo.java:updateAndGet(143)) - c8b59faf-a124-4506-94d3-f2011aefc751: start FollowerState
2019-09-23 18:38:20,289 [bbcb5749-6ac1-4efe-ae1b-619d11e71108@group-36114D9969DD-SegmentedRaftLogWorker] INFO  segmented.SegmentedRaftLogWorker (SegmentedRaftLogWorker.java:execute(569)) - bbcb5749-6ac1-4efe-ae1b-619d11e71108@group-36114D9969DD-SegmentedRaftLogWorker: created new log segment /workdir/hadoop-ozone/integration-test/target/test-dir/MiniOzoneClusterImpl-f1ec13dc-2055-4e20-82ea-d4d850253648/datanode-2/data/ratis/04c07fac-05f3-43ff-8d59-36114d9969dd/current/log_inprogress_1
2019-09-23 18:38:20,289 [grpc-default-executor-3] INFO  impl.RaftServerImpl (ServerState.java:setLeader(253)) - bbcb5749-6ac1-4efe-ae1b-619d11e71108@group-36114D9969DD: change Leader from c8b59faf-a124-4506-94d3-f2011aefc751 to null at term 5 for updateCurrentTerm
2019-09-23 18:38:20,289 [grpc-default-executor-0] INFO  server.GrpcLogAppender (GrpcLogAppender.java:onCompleted(293)) - c8b59faf-a124-4506-94d3-f2011aefc751@group-36114D9969DD->9de50355-2df4-4fe2-bacd-c3d729e212d2-AppendLogResponseHandler: follower responses appendEntries COMPLETED
2019-09-23 18:38:20,289 [grpc-default-executor-3] INFO  impl.RaftServerImpl (RaftServerImpl.java:setRole(174)) - bbcb5749-6ac1-4efe-ae1b-619d11e71108@group-36114D9969DD: changes role from  FOLLOWER to FOLLOWER at term 5 for recognizeCandidate:9de50355-2df4-4fe2-bacd-c3d729e212d2
2019-09-23 18:38:20,289 [grpc-default-executor-8] INFO  server.GrpcLogAppender (GrpcLogAppender.java:onCompleted(293)) - c8b59faf-a124-4506-94d3-f2011aefc751@group-36114D9969DD->bbcb5749-6ac1-4efe-ae1b-619d11e71108-AppendLogResponseHandler: follower responses appendEntries COMPLETED
2019-09-23 18:38:20,290 [grpc-default-executor-3] INFO  impl.RoleInfo (RoleInfo.java:shutdownFollowerState(121)) - bbcb5749-6ac1-4efe-ae1b-619d11e71108: shutdown FollowerState
2019-09-23 18:38:20,290 [grpc-default-executor-0] INFO  impl.FollowerInfo (FollowerInfo.java:lambda$new$0(51)) - c8b59faf-a124-4506-94d3-f2011aefc751@group-36114D9969DD->9de50355-2df4-4fe2-bacd-c3d729e212d2: nextIndex: updateUnconditionally 1 -> 0
2019-09-23 18:38:20,290 [Thread-2427] INFO  impl.FollowerState (FollowerState.java:run(115)) - bbcb5749-6ac1-4efe-ae1b-619d11e71108: FollowerState was interrupted: java.lang.InterruptedException: sleep interrupted
2019-09-23 18:38:20,290 [grpc-default-executor-3] INFO  impl.RoleInfo (RoleInfo.java:updateAndGet(143)) - bbcb5749-6ac1-4efe-ae1b-619d11e71108: start FollowerState
2019-09-23 18:38:20,290 [grpc-default-executor-8] INFO  impl.FollowerInfo (FollowerInfo.java:lambda$new$0(51)) - c8b59faf-a124-4506-94d3-f2011aefc751@group-36114D9969DD->bbcb5749-6ac1-4efe-ae1b-619d11e71108: nextIndex: updateUnconditionally 2 -> 1
2019-09-23 18:38:20,294 [grpc-default-executor-4] INFO  impl.RaftServerImpl (RaftServerImpl.java:setRole(174)) - c8b59faf-a124-4506-94d3-f2011aefc751@group-36114D9969DD: changes role from  FOLLOWER to FOLLOWER at term 5 for recognizeCandidate:9de50355-2df4-4fe2-bacd-c3d729e212d2
2019-09-23 18:38:20,297 [grpc-default-executor-4] INFO  impl.RoleInfo (RoleInfo.java:shutdownFollowerState(121)) - c8b59faf-a124-4506-94d3-f2011aefc751: shutdown FollowerState
2019-09-23 18:38:20,297 [grpc-default-executor-4] INFO  impl.RoleInfo (RoleInfo.java:updateAndGet(143)) - c8b59faf-a124-4506-94d3-f2011aefc751: start FollowerState
2019-09-23 18:38:20,297 [Thread-2436] INFO  impl.FollowerState (FollowerState.java:run(115)) - c8b59faf-a124-4506-94d3-f2011aefc751: FollowerState was interrupted: java.lang.InterruptedException: sleep interrupted
]]></system-out>
    <system-err><![CDATA[Sep 23, 2019 6:38:04 PM org.apache.ratis.thirdparty.io.grpc.internal.ManagedChannelOrphanWrapper$ManagedChannelReference cleanQueue
SEVERE: *~*~*~ Channel ManagedChannelImpl{logId=1718, target=192.168.151.119:35789} was not shutdown properly!!! ~*~*~*
    Make sure to call shutdown()/shutdownNow() and wait until awaitTermination() returns true.
java.lang.RuntimeException: ManagedChannel allocation site
	at org.apache.ratis.thirdparty.io.grpc.internal.ManagedChannelOrphanWrapper$ManagedChannelReference.<init>(ManagedChannelOrphanWrapper.java:103)
	at org.apache.ratis.thirdparty.io.grpc.internal.ManagedChannelOrphanWrapper.<init>(ManagedChannelOrphanWrapper.java:53)
	at org.apache.ratis.thirdparty.io.grpc.internal.ManagedChannelOrphanWrapper.<init>(ManagedChannelOrphanWrapper.java:44)
	at org.apache.ratis.thirdparty.io.grpc.internal.AbstractManagedChannelImplBuilder.build(AbstractManagedChannelImplBuilder.java:411)
	at org.apache.ratis.grpc.client.GrpcClientProtocolClient.<init>(GrpcClientProtocolClient.java:127)
	at org.apache.ratis.grpc.client.GrpcClientRpc.lambda$new$0(GrpcClientRpc.java:55)
	at org.apache.ratis.util.PeerProxyMap$PeerAndProxy.lambda$getProxy$0(PeerProxyMap.java:61)
	at org.apache.ratis.util.LifeCycle.startAndTransition(LifeCycle.java:202)
	at org.apache.ratis.util.PeerProxyMap$PeerAndProxy.getProxy(PeerProxyMap.java:60)
	at org.apache.ratis.util.PeerProxyMap.getProxy(PeerProxyMap.java:108)
	at org.apache.ratis.grpc.client.GrpcClientRpc.sendRequestAsyncUnordered(GrpcClientRpc.java:78)
	at org.apache.ratis.client.impl.UnorderedAsync.sendRequestWithRetry(UnorderedAsync.java:75)
	at org.apache.ratis.client.impl.UnorderedAsync.lambda$null$2(UnorderedAsync.java:120)
	at org.apache.ratis.util.TimeoutScheduler.lambda$onTimeout$0(TimeoutScheduler.java:113)
	at org.apache.ratis.util.TimeoutScheduler.lambda$onTimeout$1(TimeoutScheduler.java:133)
	at org.apache.ratis.util.LogUtils.runAndLog(LogUtils.java:50)
	at org.apache.ratis.util.LogUtils$1.run(LogUtils.java:91)
	at java.util.concurrent.Executors$RunnableAdapter.call(Executors.java:511)
	at java.util.concurrent.FutureTask.run(FutureTask.java:266)
	at java.util.concurrent.ScheduledThreadPoolExecutor$ScheduledFutureTask.access$201(ScheduledThreadPoolExecutor.java:180)
	at java.util.concurrent.ScheduledThreadPoolExecutor$ScheduledFutureTask.run(ScheduledThreadPoolExecutor.java:293)
	at java.util.concurrent.ThreadPoolExecutor.runWorker(ThreadPoolExecutor.java:1149)
	at java.util.concurrent.ThreadPoolExecutor$Worker.run(ThreadPoolExecutor.java:624)
	at java.lang.Thread.run(Thread.java:748)

Sep 23, 2019 6:38:04 PM org.apache.ratis.thirdparty.io.grpc.internal.ManagedChannelOrphanWrapper$ManagedChannelReference cleanQueue
SEVERE: *~*~*~ Channel ManagedChannelImpl{logId=1354, target=192.168.151.119:46661} was not shutdown properly!!! ~*~*~*
    Make sure to call shutdown()/shutdownNow() and wait until awaitTermination() returns true.
java.lang.RuntimeException: ManagedChannel allocation site
	at org.apache.ratis.thirdparty.io.grpc.internal.ManagedChannelOrphanWrapper$ManagedChannelReference.<init>(ManagedChannelOrphanWrapper.java:103)
	at org.apache.ratis.thirdparty.io.grpc.internal.ManagedChannelOrphanWrapper.<init>(ManagedChannelOrphanWrapper.java:53)
	at org.apache.ratis.thirdparty.io.grpc.internal.ManagedChannelOrphanWrapper.<init>(ManagedChannelOrphanWrapper.java:44)
	at org.apache.ratis.thirdparty.io.grpc.internal.AbstractManagedChannelImplBuilder.build(AbstractManagedChannelImplBuilder.java:411)
	at org.apache.ratis.grpc.client.GrpcClientProtocolClient.<init>(GrpcClientProtocolClient.java:127)
	at org.apache.ratis.grpc.client.GrpcClientRpc.lambda$new$0(GrpcClientRpc.java:55)
	at org.apache.ratis.util.PeerProxyMap$PeerAndProxy.lambda$getProxy$0(PeerProxyMap.java:61)
	at org.apache.ratis.util.LifeCycle.startAndTransition(LifeCycle.java:202)
	at org.apache.ratis.util.PeerProxyMap$PeerAndProxy.getProxy(PeerProxyMap.java:60)
	at org.apache.ratis.util.PeerProxyMap.getProxy(PeerProxyMap.java:108)
	at org.apache.ratis.grpc.client.GrpcClientRpc.sendRequestAsyncUnordered(GrpcClientRpc.java:78)
	at org.apache.ratis.client.impl.UnorderedAsync.sendRequestWithRetry(UnorderedAsync.java:75)
	at org.apache.ratis.client.impl.UnorderedAsync.lambda$null$2(UnorderedAsync.java:120)
	at org.apache.ratis.util.TimeoutScheduler.lambda$onTimeout$0(TimeoutScheduler.java:113)
	at org.apache.ratis.util.TimeoutScheduler.lambda$onTimeout$1(TimeoutScheduler.java:133)
	at org.apache.ratis.util.LogUtils.runAndLog(LogUtils.java:50)
	at org.apache.ratis.util.LogUtils$1.run(LogUtils.java:91)
	at java.util.concurrent.Executors$RunnableAdapter.call(Executors.java:511)
	at java.util.concurrent.FutureTask.run(FutureTask.java:266)
	at java.util.concurrent.ScheduledThreadPoolExecutor$ScheduledFutureTask.access$201(ScheduledThreadPoolExecutor.java:180)
	at java.util.concurrent.ScheduledThreadPoolExecutor$ScheduledFutureTask.run(ScheduledThreadPoolExecutor.java:293)
	at java.util.concurrent.ThreadPoolExecutor.runWorker(ThreadPoolExecutor.java:1149)
	at java.util.concurrent.ThreadPoolExecutor$Worker.run(ThreadPoolExecutor.java:624)
	at java.lang.Thread.run(Thread.java:748)

]]></system-err>
  </testcase>
</testsuite>