<?xml version="1.0" encoding="UTF-8"?>
<testsuite xmlns:xsi="http://www.w3.org/2001/XMLSchema-instance" xsi:noNamespaceSchemaLocation="https://maven.apache.org/surefire/maven-surefire-plugin/xsd/surefire-test-report.xsd" name="org.apache.hadoop.ozone.client.rpc.TestMultiBlockWritesWithDnFailures" time="37.364" tests="1" errors="1" skipped="0" failures="0">
  <properties>
    <property name="awt.toolkit" value="sun.awt.X11.XToolkit"/>
    <property name="file.encoding.pkg" value="sun.io"/>
    <property name="java.specification.version" value="1.8"/>
    <property name="sun.cpu.isalist" value=""/>
    <property name="sun.jnu.encoding" value="UTF-8"/>
    <property name="java.class.path" value="/workdir/hadoop-ozone/integration-test/target/test-classes:/workdir/hadoop-ozone/integration-test/target/classes:/home/user/.m2/repository/org/apache/hadoop/hadoop-ozone-common/0.5.0-SNAPSHOT/hadoop-ozone-common-0.5.0-SNAPSHOT.jar:/home/user/.m2/repository/org/apache/commons/commons-compress/1.4.1/commons-compress-1.4.1.jar:/home/user/.m2/repository/org/tukaani/xz/1.0/xz-1.0.jar:/home/user/.m2/repository/org/apache/hadoop/hadoop-common/3.2.0/hadoop-common-3.2.0.jar:/home/user/.m2/repository/org/apache/hadoop/hadoop-hdfs/3.2.0/hadoop-hdfs-3.2.0.jar:/home/user/.m2/repository/org/apache/hadoop/hadoop-hdfs-client/3.2.0/hadoop-hdfs-client-3.2.0.jar:/home/user/.m2/repository/com/fasterxml/jackson/core/jackson-annotations/2.9.5/jackson-annotations-2.9.5.jar:/home/user/.m2/repository/org/apache/hadoop/hadoop-hdds-common/0.5.0-SNAPSHOT/hadoop-hdds-common-0.5.0-SNAPSHOT.jar:/home/user/.m2/repository/javax/annotation/javax.annotation-api/1.2/javax.annotation-api-1.2.jar:/home/user/.m2/repository/org/apache/ratis/ratis-server/0.4.0-2337318-SNAPSHOT/ratis-server-0.4.0-2337318-SNAPSHOT.jar:/home/user/.m2/repository/org/apache/ratis/ratis-thirdparty-misc/0.2.0/ratis-thirdparty-misc-0.2.0.jar:/home/user/.m2/repository/org/apache/ratis/ratis-proto/0.4.0-2337318-SNAPSHOT/ratis-proto-0.4.0-2337318-SNAPSHOT.jar:/home/user/.m2/repository/org/apache/ratis/ratis-common/0.4.0-2337318-SNAPSHOT/ratis-common-0.4.0-2337318-SNAPSHOT.jar:/home/user/.m2/repository/org/apache/ratis/ratis-client/0.4.0-2337318-SNAPSHOT/ratis-client-0.4.0-2337318-SNAPSHOT.jar:/home/user/.m2/repository/org/apache/ratis/ratis-metrics/0.4.0-2337318-SNAPSHOT/ratis-metrics-0.4.0-2337318-SNAPSHOT.jar:/home/user/.m2/repository/org/apache/ratis/ratis-netty/0.4.0-2337318-SNAPSHOT/ratis-netty-0.4.0-2337318-SNAPSHOT.jar:/home/user/.m2/repository/org/apache/ratis/ratis-grpc/0.4.0-2337318-SNAPSHOT/ratis-grpc-0.4.0-2337318-SNAPSHOT.jar:/home/user/.m2/repository/org/rocksdb/rocksdbjni/6.0.1/rocksdbjni-6.0.1.jar:/home/user/.m2/repository/org/apache/logging/log4j/log4j-api/2.11.0/log4j-api-2.11.0.jar:/home/user/.m2/repository/org/apache/logging/log4j/log4j-core/2.11.0/log4j-core-2.11.0.jar:/home/user/.m2/repository/com/lmax/disruptor/3.4.2/disruptor-3.4.2.jar:/home/user/.m2/repository/org/apache/commons/commons-pool2/2.6.0/commons-pool2-2.6.0.jar:/home/user/.m2/repository/org/bouncycastle/bcpkix-jdk15on/1.60/bcpkix-jdk15on-1.60.jar:/home/user/.m2/repository/commons-validator/commons-validator/1.6/commons-validator-1.6.jar:/home/user/.m2/repository/commons-digester/commons-digester/1.8.1/commons-digester-1.8.1.jar:/home/user/.m2/repository/io/jaegertracing/jaeger-client/0.33.1/jaeger-client-0.33.1.jar:/home/user/.m2/repository/io/jaegertracing/jaeger-thrift/0.33.1/jaeger-thrift-0.33.1.jar:/home/user/.m2/repository/org/apache/thrift/libthrift/0.11.0/libthrift-0.11.0.jar:/home/user/.m2/repository/com/squareup/okhttp3/okhttp/3.9.0/okhttp-3.9.0.jar:/home/user/.m2/repository/com/squareup/okio/okio/1.13.0/okio-1.13.0.jar:/home/user/.m2/repository/io/jaegertracing/jaeger-core/0.33.1/jaeger-core-0.33.1.jar:/home/user/.m2/repository/io/jaegertracing/jaeger-tracerresolver/0.33.1/jaeger-tracerresolver-0.33.1.jar:/home/user/.m2/repository/io/opentracing/contrib/opentracing-tracerresolver/0.1.5/opentracing-tracerresolver-0.1.5.jar:/home/user/.m2/repository/io/opentracing/opentracing-util/0.31.0/opentracing-util-0.31.0.jar:/home/user/.m2/repository/io/opentracing/opentracing-api/0.31.0/opentracing-api-0.31.0.jar:/home/user/.m2/repository/io/opentracing/opentracing-noop/0.31.0/opentracing-noop-0.31.0.jar:/home/user/.m2/repository/org/apache/hadoop/hadoop-hdds-server-framework/0.5.0-SNAPSHOT/hadoop-hdds-server-framework-0.5.0-SNAPSHOT.jar:/home/user/.m2/repository/org/apache/hadoop/hadoop-hdds-container-service/0.5.0-SNAPSHOT/hadoop-hdds-container-service-0.5.0-SNAPSHOT.jar:/home/user/.m2/repository/org/apache/hadoop/hadoop-hdds-client/0.5.0-SNAPSHOT/hadoop-hdds-client-0.5.0-SNAPSHOT.jar:/home/user/.m2/repository/org/apache/hadoop/hadoop-hdds-tools/0.5.0-SNAPSHOT/hadoop-hdds-tools-0.5.0-SNAPSHOT.jar:/home/user/.m2/repository/org/apache/hadoop/hadoop-hdds-server-scm/0.5.0-SNAPSHOT/hadoop-hdds-server-scm-0.5.0-SNAPSHOT.jar:/home/user/.m2/repository/org/apache/hadoop/hadoop-hdds-docs/0.5.0-SNAPSHOT/hadoop-hdds-docs-0.5.0-SNAPSHOT.jar:/home/user/.m2/repository/io/dropwizard/metrics/metrics-core/3.2.4/metrics-core-3.2.4.jar:/home/user/.m2/repository/org/hamcrest/hamcrest-all/1.3/hamcrest-all-1.3.jar:/home/user/.m2/repository/org/bouncycastle/bcprov-jdk15on/1.60/bcprov-jdk15on-1.60.jar:/home/user/.m2/repository/info/picocli/picocli/3.9.6/picocli-3.9.6.jar:/home/user/.m2/repository/com/google/protobuf/protobuf-java/2.5.0/protobuf-java-2.5.0.jar:/home/user/.m2/repository/com/google/guava/guava/11.0.2/guava-11.0.2.jar:/home/user/.m2/repository/org/apache/hadoop/hadoop-ozone-ozone-manager/0.5.0-SNAPSHOT/hadoop-ozone-ozone-manager-0.5.0-SNAPSHOT.jar:/home/user/.m2/repository/org/apache/hadoop/hadoop-minikdc/3.2.0/hadoop-minikdc-3.2.0.jar:/home/user/.m2/repository/commons-io/commons-io/2.5/commons-io-2.5.jar:/home/user/.m2/repository/org/apache/kerby/kerb-simplekdc/1.0.1/kerb-simplekdc-1.0.1.jar:/home/user/.m2/repository/org/apache/kerby/kerb-client/1.0.1/kerb-client-1.0.1.jar:/home/user/.m2/repository/org/apache/kerby/kerby-config/1.0.1/kerby-config-1.0.1.jar:/home/user/.m2/repository/org/apache/kerby/kerb-core/1.0.1/kerb-core-1.0.1.jar:/home/user/.m2/repository/org/apache/kerby/kerby-pkix/1.0.1/kerby-pkix-1.0.1.jar:/home/user/.m2/repository/org/apache/kerby/kerby-asn1/1.0.1/kerby-asn1-1.0.1.jar:/home/user/.m2/repository/org/apache/kerby/kerby-util/1.0.1/kerby-util-1.0.1.jar:/home/user/.m2/repository/org/apache/kerby/kerb-common/1.0.1/kerb-common-1.0.1.jar:/home/user/.m2/repository/org/apache/kerby/kerb-crypto/1.0.1/kerb-crypto-1.0.1.jar:/home/user/.m2/repository/org/apache/kerby/kerb-util/1.0.1/kerb-util-1.0.1.jar:/home/user/.m2/repository/org/apache/kerby/token-provider/1.0.1/token-provider-1.0.1.jar:/home/user/.m2/repository/org/apache/kerby/kerb-admin/1.0.1/kerb-admin-1.0.1.jar:/home/user/.m2/repository/org/apache/kerby/kerb-server/1.0.1/kerb-server-1.0.1.jar:/home/user/.m2/repository/org/apache/kerby/kerb-identity/1.0.1/kerb-identity-1.0.1.jar:/home/user/.m2/repository/org/apache/kerby/kerby-xdr/1.0.1/kerby-xdr-1.0.1.jar:/home/user/.m2/repository/org/slf4j/slf4j-log4j12/1.7.25/slf4j-log4j12-1.7.25.jar:/home/user/.m2/repository/org/apache/hadoop/hadoop-ozone-objectstore-service/0.5.0-SNAPSHOT/hadoop-ozone-objectstore-service-0.5.0-SNAPSHOT.jar:/home/user/.m2/repository/org/apache/hadoop/hadoop-ozone-s3gateway/0.5.0-SNAPSHOT/hadoop-ozone-s3gateway-0.5.0-SNAPSHOT.jar:/home/user/.m2/repository/org/jboss/weld/servlet/weld-servlet/2.4.7.Final/weld-servlet-2.4.7.Final.jar:/home/user/.m2/repository/org/glassfish/jersey/containers/jersey-container-servlet-core/2.27/jersey-container-servlet-core-2.27.jar:/home/user/.m2/repository/org/glassfish/hk2/external/javax.inject/2.5.0-b42/javax.inject-2.5.0-b42.jar:/home/user/.m2/repository/org/glassfish/jersey/core/jersey-common/2.27/jersey-common-2.27.jar:/home/user/.m2/repository/org/glassfish/hk2/osgi-resource-locator/1.0.1/osgi-resource-locator-1.0.1.jar:/home/user/.m2/repository/javax/ws/rs/javax.ws.rs-api/2.1/javax.ws.rs-api-2.1.jar:/home/user/.m2/repository/org/glassfish/jersey/ext/cdi/jersey-cdi1x/2.27/jersey-cdi1x-2.27.jar:/home/user/.m2/repository/org/glassfish/jersey/inject/jersey-hk2/2.27/jersey-hk2-2.27.jar:/home/user/.m2/repository/org/glassfish/hk2/hk2-locator/2.5.0-b42/hk2-locator-2.5.0-b42.jar:/home/user/.m2/repository/org/javassist/javassist/3.22.0-CR2/javassist-3.22.0-CR2.jar:/home/user/.m2/repository/org/glassfish/hk2/hk2-api/2.5.0/hk2-api-2.5.0.jar:/home/user/.m2/repository/org/glassfish/hk2/external/jakarta.inject/2.5.0/jakarta.inject-2.5.0.jar:/home/user/.m2/repository/org/glassfish/hk2/hk2-utils/2.5.0/hk2-utils-2.5.0.jar:/home/user/.m2/repository/jakarta/annotation/jakarta.annotation-api/1.3.4/jakarta.annotation-api-1.3.4.jar:/home/user/.m2/repository/org/glassfish/hk2/external/aopalliance-repackaged/2.5.0/aopalliance-repackaged-2.5.0.jar:/home/user/.m2/repository/com/fasterxml/jackson/dataformat/jackson-dataformat-xml/2.9.0/jackson-dataformat-xml-2.9.0.jar:/home/user/.m2/repository/com/fasterxml/jackson/core/jackson-core/2.9.5/jackson-core-2.9.5.jar:/home/user/.m2/repository/com/fasterxml/jackson/module/jackson-module-jaxb-annotations/2.9.5/jackson-module-jaxb-annotations-2.9.5.jar:/home/user/.m2/repository/javax/enterprise/cdi-api/1.2/cdi-api-1.2.jar:/home/user/.m2/repository/javax/el/javax.el-api/3.0.0/javax.el-api-3.0.0.jar:/home/user/.m2/repository/javax/interceptor/javax.interceptor-api/1.2/javax.interceptor-api-1.2.jar:/home/user/.m2/repository/javax/inject/javax.inject/1/javax.inject-1.jar:/home/user/.m2/repository/com/sun/xml/bind/jaxb-impl/2.3.0.1/jaxb-impl-2.3.0.1.jar:/home/user/.m2/repository/com/sun/xml/bind/jaxb-core/2.3.0.1/jaxb-core-2.3.0.1.jar:/home/user/.m2/repository/javax/xml/bind/jaxb-api/2.3.0/jaxb-api-2.3.0.jar:/home/user/.m2/repository/javax/activation/activation/1.1.1/activation-1.1.1.jar:/home/user/.m2/repository/org/apache/hadoop/hadoop-ozone-csi/0.5.0-SNAPSHOT/hadoop-ozone-csi-0.5.0-SNAPSHOT.jar:/home/user/.m2/repository/com/google/protobuf/protobuf-java-util/3.5.1/protobuf-java-util-3.5.1.jar:/home/user/.m2/repository/org/apache/hadoop/hadoop-hdds-config/0.5.0-SNAPSHOT/hadoop-hdds-config-0.5.0-SNAPSHOT.jar:/home/user/.m2/repository/io/grpc/grpc-netty/1.17.1/grpc-netty-1.17.1.jar:/home/user/.m2/repository/io/grpc/grpc-core/1.17.1/grpc-core-1.17.1.jar:/home/user/.m2/repository/io/grpc/grpc-context/1.17.1/grpc-context-1.17.1.jar:/home/user/.m2/repository/com/google/errorprone/error_prone_annotations/2.2.0/error_prone_annotations-2.2.0.jar:/home/user/.m2/repository/org/codehaus/mojo/animal-sniffer-annotations/1.17/animal-sniffer-annotations-1.17.jar:/home/user/.m2/repository/io/opencensus/opencensus-api/0.17.0/opencensus-api-0.17.0.jar:/home/user/.m2/repository/io/opencensus/opencensus-contrib-grpc-metrics/0.17.0/opencensus-contrib-grpc-metrics-0.17.0.jar:/home/user/.m2/repository/io/netty/netty-codec-http2/4.1.30.Final/netty-codec-http2-4.1.30.Final.jar:/home/user/.m2/repository/io/netty/netty-codec-http/4.1.30.Final/netty-codec-http-4.1.30.Final.jar:/home/user/.m2/repository/io/netty/netty-codec/4.1.30.Final/netty-codec-4.1.30.Final.jar:/home/user/.m2/repository/io/netty/netty-handler/4.1.30.Final/netty-handler-4.1.30.Final.jar:/home/user/.m2/repository/io/netty/netty-handler-proxy/4.1.30.Final/netty-handler-proxy-4.1.30.Final.jar:/home/user/.m2/repository/io/netty/netty-codec-socks/4.1.30.Final/netty-codec-socks-4.1.30.Final.jar:/home/user/.m2/repository/io/netty/netty-transport-native-epoll/4.1.30.Final/netty-transport-native-epoll-4.1.30.Final.jar:/home/user/.m2/repository/io/netty/netty-common/4.1.30.Final/netty-common-4.1.30.Final.jar:/home/user/.m2/repository/io/netty/netty-buffer/4.1.30.Final/netty-buffer-4.1.30.Final.jar:/home/user/.m2/repository/io/netty/netty-transport/4.1.30.Final/netty-transport-4.1.30.Final.jar:/home/user/.m2/repository/io/netty/netty-resolver/4.1.30.Final/netty-resolver-4.1.30.Final.jar:/home/user/.m2/repository/io/netty/netty-transport-native-unix-common/4.1.30.Final/netty-transport-native-unix-common-4.1.30.Final.jar:/home/user/.m2/repository/io/grpc/grpc-protobuf/1.17.1/grpc-protobuf-1.17.1.jar:/home/user/.m2/repository/com/google/api/grpc/proto-google-common-protos/1.0.0/proto-google-common-protos-1.0.0.jar:/home/user/.m2/repository/io/grpc/grpc-protobuf-lite/1.17.1/grpc-protobuf-lite-1.17.1.jar:/home/user/.m2/repository/io/grpc/grpc-stub/1.17.1/grpc-stub-1.17.1.jar:/home/user/.m2/repository/org/apache/hadoop/hadoop-ozone-recon/0.5.0-SNAPSHOT/hadoop-ozone-recon-0.5.0-SNAPSHOT.jar:/home/user/.m2/repository/org/apache/hadoop/hadoop-ozone-reconcodegen/0.5.0-SNAPSHOT/hadoop-ozone-reconcodegen-0.5.0-SNAPSHOT.jar:/home/user/.m2/repository/com/google/inject/extensions/guice-multibindings/4.0/guice-multibindings-4.0.jar:/home/user/.m2/repository/com/google/inject/guice/4.0/guice-4.0.jar:/home/user/.m2/repository/aopalliance/aopalliance/1.0/aopalliance-1.0.jar:/home/user/.m2/repository/com/google/inject/extensions/guice-servlet/4.0/guice-servlet-4.0.jar:/home/user/.m2/repository/org/glassfish/jersey/containers/jersey-container-servlet/2.27/jersey-container-servlet-2.27.jar:/home/user/.m2/repository/org/glassfish/hk2/guice-bridge/2.5.0/guice-bridge-2.5.0.jar:/home/user/.m2/repository/org/glassfish/jersey/core/jersey-server/2.27/jersey-server-2.27.jar:/home/user/.m2/repository/org/glassfish/jersey/core/jersey-client/2.27/jersey-client-2.27.jar:/home/user/.m2/repository/org/glassfish/jersey/media/jersey-media-jaxb/2.27/jersey-media-jaxb-2.27.jar:/home/user/.m2/repository/javax/validation/validation-api/1.1.0.Final/validation-api-1.1.0.Final.jar:/home/user/.m2/repository/org/glassfish/jersey/media/jersey-media-json-jackson/2.27/jersey-media-json-jackson-2.27.jar:/home/user/.m2/repository/org/glassfish/jersey/ext/jersey-entity-filtering/2.27/jersey-entity-filtering-2.27.jar:/home/user/.m2/repository/com/google/inject/extensions/guice-assistedinject/4.0/guice-assistedinject-4.0.jar:/home/user/.m2/repository/org/jooq/jooq/3.11.10/jooq-3.11.10.jar:/home/user/.m2/repository/org/jooq/jooq-meta/3.11.10/jooq-meta-3.11.10.jar:/home/user/.m2/repository/org/jooq/jooq-codegen/3.11.10/jooq-codegen-3.11.10.jar:/home/user/.m2/repository/com/jolbox/bonecp/0.8.0.RELEASE/bonecp-0.8.0.RELEASE.jar:/home/user/.m2/repository/org/xerial/sqlite-jdbc/3.25.2/sqlite-jdbc-3.25.2.jar:/home/user/.m2/repository/org/springframework/spring-jdbc/5.1.3.RELEASE/spring-jdbc-5.1.3.RELEASE.jar:/home/user/.m2/repository/org/springframework/spring-beans/5.1.3.RELEASE/spring-beans-5.1.3.RELEASE.jar:/home/user/.m2/repository/org/springframework/spring-core/5.1.3.RELEASE/spring-core-5.1.3.RELEASE.jar:/home/user/.m2/repository/org/springframework/spring-jcl/5.1.3.RELEASE/spring-jcl-5.1.3.RELEASE.jar:/home/user/.m2/repository/org/springframework/spring-tx/5.1.3.RELEASE/spring-tx-5.1.3.RELEASE.jar:/home/user/.m2/repository/org/apache/hadoop/hadoop-ozone-client/0.5.0-SNAPSHOT/hadoop-ozone-client-0.5.0-SNAPSHOT.jar:/home/user/.m2/repository/commons-lang/commons-lang/2.6/commons-lang-2.6.jar:/home/user/.m2/repository/org/apache/hadoop/hadoop-ozone-ozone-manager/0.5.0-SNAPSHOT/hadoop-ozone-ozone-manager-0.5.0-SNAPSHOT-tests.jar:/home/user/.m2/repository/junit/junit/4.11/junit-4.11.jar:/home/user/.m2/repository/org/hamcrest/hamcrest-core/1.3/hamcrest-core-1.3.jar:/home/user/.m2/repository/org/openjdk/jmh/jmh-core/1.19/jmh-core-1.19.jar:/home/user/.m2/repository/net/sf/jopt-simple/jopt-simple/4.6/jopt-simple-4.6.jar:/home/user/.m2/repository/org/apache/commons/commons-math3/3.1.1/commons-math3-3.1.1.jar:/home/user/.m2/repository/org/openjdk/jmh/jmh-generator-annprocess/1.19/jmh-generator-annprocess-1.19.jar:/home/user/.m2/repository/org/mockito/mockito-all/1.8.5/mockito-all-1.8.5.jar:/home/user/.m2/repository/org/apache/hadoop/hadoop-kms/3.2.0/hadoop-kms-3.2.0.jar:/home/user/.m2/repository/org/apache/hadoop/hadoop-auth/3.2.0/hadoop-auth-3.2.0.jar:/home/user/.m2/repository/com/nimbusds/nimbus-jose-jwt/4.41.1/nimbus-jose-jwt-4.41.1.jar:/home/user/.m2/repository/com/github/stephenc/jcip/jcip-annotations/1.0-1/jcip-annotations-1.0-1.jar:/home/user/.m2/repository/net/minidev/json-smart/2.3/json-smart-2.3.jar:/home/user/.m2/repository/net/minidev/accessors-smart/1.2/accessors-smart-1.2.jar:/home/user/.m2/repository/org/ow2/asm/asm/5.0.4/asm-5.0.4.jar:/home/user/.m2/repository/org/apache/curator/curator-framework/2.12.0/curator-framework-2.12.0.jar:/home/user/.m2/repository/com/sun/jersey/jersey-core/1.19/jersey-core-1.19.jar:/home/user/.m2/repository/javax/ws/rs/jsr311-api/1.1.1/jsr311-api-1.1.1.jar:/home/user/.m2/repository/com/sun/jersey/jersey-server/1.19/jersey-server-1.19.jar:/home/user/.m2/repository/javax/servlet/javax.servlet-api/3.1.0/javax.servlet-api-3.1.0.jar:/home/user/.m2/repository/org/eclipse/jetty/jetty-server/9.3.24.v20180605/jetty-server-9.3.24.v20180605.jar:/home/user/.m2/repository/org/eclipse/jetty/jetty-http/9.3.24.v20180605/jetty-http-9.3.24.v20180605.jar:/home/user/.m2/repository/org/eclipse/jetty/jetty-io/9.3.24.v20180605/jetty-io-9.3.24.v20180605.jar:/home/user/.m2/repository/org/eclipse/jetty/jetty-webapp/9.3.24.v20180605/jetty-webapp-9.3.24.v20180605.jar:/home/user/.m2/repository/org/eclipse/jetty/jetty-xml/9.3.24.v20180605/jetty-xml-9.3.24.v20180605.jar:/home/user/.m2/repository/log4j/log4j/1.2.17/log4j-1.2.17.jar:/home/user/.m2/repository/org/slf4j/slf4j-api/1.7.25/slf4j-api-1.7.25.jar:/home/user/.m2/repository/org/slf4j/jul-to-slf4j/1.7.25/jul-to-slf4j-1.7.25.jar:/home/user/.m2/repository/org/eclipse/jetty/jetty-util/9.3.24.v20180605/jetty-util-9.3.24.v20180605.jar:/home/user/.m2/repository/com/fasterxml/jackson/core/jackson-databind/2.9.5/jackson-databind-2.9.5.jar:/home/user/.m2/repository/org/apache/hadoop/hadoop-kms/3.2.0/hadoop-kms-3.2.0-tests.jar:/home/user/.m2/repository/org/apache/hadoop/hadoop-hdds-server-scm/0.5.0-SNAPSHOT/hadoop-hdds-server-scm-0.5.0-SNAPSHOT-tests.jar:/home/user/.m2/repository/org/apache/hadoop/hadoop-hdds-container-service/0.5.0-SNAPSHOT/hadoop-hdds-container-service-0.5.0-SNAPSHOT-tests.jar:/home/user/.m2/repository/org/yaml/snakeyaml/1.16/snakeyaml-1.16.jar:/home/user/.m2/repository/org/apache/hadoop/hadoop-common/3.2.0/hadoop-common-3.2.0-tests.jar:/home/user/.m2/repository/org/apache/hadoop/hadoop-annotations/3.2.0/hadoop-annotations-3.2.0.jar:/usr/lib/jvm/java-1.8-openjdk/jre/../lib/tools.jar:/home/user/.m2/repository/commons-cli/commons-cli/1.2/commons-cli-1.2.jar:/home/user/.m2/repository/org/apache/httpcomponents/httpclient/4.5.2/httpclient-4.5.2.jar:/home/user/.m2/repository/org/apache/httpcomponents/httpcore/4.4.4/httpcore-4.4.4.jar:/home/user/.m2/repository/commons-codec/commons-codec/1.11/commons-codec-1.11.jar:/home/user/.m2/repository/commons-net/commons-net/3.6/commons-net-3.6.jar:/home/user/.m2/repository/commons-collections/commons-collections/3.2.2/commons-collections-3.2.2.jar:/home/user/.m2/repository/org/eclipse/jetty/jetty-servlet/9.3.24.v20180605/jetty-servlet-9.3.24.v20180605.jar:/home/user/.m2/repository/org/eclipse/jetty/jetty-security/9.3.24.v20180605/jetty-security-9.3.24.v20180605.jar:/home/user/.m2/repository/javax/servlet/jsp/jsp-api/2.1/jsp-api-2.1.jar:/home/user/.m2/repository/com/sun/jersey/jersey-servlet/1.19/jersey-servlet-1.19.jar:/home/user/.m2/repository/com/sun/jersey/jersey-json/1.19/jersey-json-1.19.jar:/home/user/.m2/repository/org/codehaus/jettison/jettison/1.1/jettison-1.1.jar:/home/user/.m2/repository/org/codehaus/jackson/jackson-core-asl/1.9.13/jackson-core-asl-1.9.13.jar:/home/user/.m2/repository/org/codehaus/jackson/jackson-mapper-asl/1.9.13/jackson-mapper-asl-1.9.13.jar:/home/user/.m2/repository/org/codehaus/jackson/jackson-jaxrs/1.9.13/jackson-jaxrs-1.9.13.jar:/home/user/.m2/repository/org/codehaus/jackson/jackson-xc/1.9.13/jackson-xc-1.9.13.jar:/home/user/.m2/repository/commons-logging/commons-logging/1.1.3/commons-logging-1.1.3.jar:/home/user/.m2/repository/commons-beanutils/commons-beanutils/1.9.3/commons-beanutils-1.9.3.jar:/home/user/.m2/repository/org/apache/commons/commons-configuration2/2.1.1/commons-configuration2-2.1.1.jar:/home/user/.m2/repository/org/apache/commons/commons-lang3/3.7/commons-lang3-3.7.jar:/home/user/.m2/repository/org/apache/commons/commons-text/1.4/commons-text-1.4.jar:/home/user/.m2/repository/org/apache/avro/avro/1.7.7/avro-1.7.7.jar:/home/user/.m2/repository/com/thoughtworks/paranamer/paranamer/2.3/paranamer-2.3.jar:/home/user/.m2/repository/org/xerial/snappy/snappy-java/1.0.5/snappy-java-1.0.5.jar:/home/user/.m2/repository/com/google/re2j/re2j/1.1/re2j-1.1.jar:/home/user/.m2/repository/com/google/code/gson/gson/2.2.4/gson-2.2.4.jar:/home/user/.m2/repository/com/jcraft/jsch/0.1.54/jsch-0.1.54.jar:/home/user/.m2/repository/org/apache/curator/curator-client/2.12.0/curator-client-2.12.0.jar:/home/user/.m2/repository/org/apache/curator/curator-recipes/2.12.0/curator-recipes-2.12.0.jar:/home/user/.m2/repository/com/google/code/findbugs/jsr305/3.0.0/jsr305-3.0.0.jar:/home/user/.m2/repository/org/apache/htrace/htrace-core4/4.1.0-incubating/htrace-core4-4.1.0-incubating.jar:/home/user/.m2/repository/org/apache/zookeeper/zookeeper/3.4.13/zookeeper-3.4.13.jar:/home/user/.m2/repository/org/apache/yetus/audience-annotations/0.5.0/audience-annotations-0.5.0.jar:/home/user/.m2/repository/org/codehaus/woodstox/stax2-api/3.1.4/stax2-api-3.1.4.jar:/home/user/.m2/repository/com/fasterxml/woodstox/woodstox-core/5.0.3/woodstox-core-5.0.3.jar:/home/user/.m2/repository/dnsjava/dnsjava/2.1.7/dnsjava-2.1.7.jar:/home/user/.m2/repository/org/apache/hadoop/hadoop-hdfs/3.2.0/hadoop-hdfs-3.2.0-tests.jar:/home/user/.m2/repository/org/eclipse/jetty/jetty-util-ajax/9.3.24.v20180605/jetty-util-ajax-9.3.24.v20180605.jar:/home/user/.m2/repository/commons-daemon/commons-daemon/1.0.13/commons-daemon-1.0.13.jar:/home/user/.m2/repository/io/netty/netty/3.10.5.Final/netty-3.10.5.Final.jar:/home/user/.m2/repository/io/netty/netty-all/4.0.52.Final/netty-all-4.0.52.Final.jar:/home/user/.m2/repository/org/fusesource/leveldbjni/leveldbjni-all/1.8/leveldbjni-all-1.8.jar:"/>
    <property name="java.vm.vendor" value="IcedTea"/>
    <property name="sun.arch.data.model" value="64"/>
    <property name="test.build.dir" value="/workdir/hadoop-ozone/integration-test/target/test-dir"/>
    <property name="test.cache.data" value=""/>
    <property name="java.vendor.url" value="https://icedtea.classpath.org"/>
    <property name="user.timezone" value=""/>
    <property name="java.vm.specification.version" value="1.8"/>
    <property name="os.name" value="Linux"/>
    <property name="test.build.data" value="/workdir/hadoop-ozone/integration-test/target/test-dir"/>
    <property name="user.country" value="US"/>
    <property name="sun.java.launcher" value="SUN_STANDARD"/>
    <property name="sun.boot.library.path" value="/usr/lib/jvm/java-1.8-openjdk/jre/lib/amd64"/>
    <property name="sun.java.command" value="/workdir/hadoop-ozone/integration-test/target/surefire/surefirebooter5349043749250445592.jar /workdir/hadoop-ozone/integration-test/target/surefire 2019-08-21T07-00-29_963-jvmRun1 surefire4771469362367230510tmp surefire_27493805268739687541tmp"/>
    <property name="surefire.test.class.path" value="/workdir/hadoop-ozone/integration-test/target/test-classes:/workdir/hadoop-ozone/integration-test/target/classes:/home/user/.m2/repository/org/apache/hadoop/hadoop-ozone-common/0.5.0-SNAPSHOT/hadoop-ozone-common-0.5.0-SNAPSHOT.jar:/home/user/.m2/repository/org/apache/commons/commons-compress/1.4.1/commons-compress-1.4.1.jar:/home/user/.m2/repository/org/tukaani/xz/1.0/xz-1.0.jar:/home/user/.m2/repository/org/apache/hadoop/hadoop-common/3.2.0/hadoop-common-3.2.0.jar:/home/user/.m2/repository/org/apache/hadoop/hadoop-hdfs/3.2.0/hadoop-hdfs-3.2.0.jar:/home/user/.m2/repository/org/apache/hadoop/hadoop-hdfs-client/3.2.0/hadoop-hdfs-client-3.2.0.jar:/home/user/.m2/repository/com/fasterxml/jackson/core/jackson-annotations/2.9.5/jackson-annotations-2.9.5.jar:/home/user/.m2/repository/org/apache/hadoop/hadoop-hdds-common/0.5.0-SNAPSHOT/hadoop-hdds-common-0.5.0-SNAPSHOT.jar:/home/user/.m2/repository/javax/annotation/javax.annotation-api/1.2/javax.annotation-api-1.2.jar:/home/user/.m2/repository/org/apache/ratis/ratis-server/0.4.0-2337318-SNAPSHOT/ratis-server-0.4.0-2337318-SNAPSHOT.jar:/home/user/.m2/repository/org/apache/ratis/ratis-thirdparty-misc/0.2.0/ratis-thirdparty-misc-0.2.0.jar:/home/user/.m2/repository/org/apache/ratis/ratis-proto/0.4.0-2337318-SNAPSHOT/ratis-proto-0.4.0-2337318-SNAPSHOT.jar:/home/user/.m2/repository/org/apache/ratis/ratis-common/0.4.0-2337318-SNAPSHOT/ratis-common-0.4.0-2337318-SNAPSHOT.jar:/home/user/.m2/repository/org/apache/ratis/ratis-client/0.4.0-2337318-SNAPSHOT/ratis-client-0.4.0-2337318-SNAPSHOT.jar:/home/user/.m2/repository/org/apache/ratis/ratis-metrics/0.4.0-2337318-SNAPSHOT/ratis-metrics-0.4.0-2337318-SNAPSHOT.jar:/home/user/.m2/repository/org/apache/ratis/ratis-netty/0.4.0-2337318-SNAPSHOT/ratis-netty-0.4.0-2337318-SNAPSHOT.jar:/home/user/.m2/repository/org/apache/ratis/ratis-grpc/0.4.0-2337318-SNAPSHOT/ratis-grpc-0.4.0-2337318-SNAPSHOT.jar:/home/user/.m2/repository/org/rocksdb/rocksdbjni/6.0.1/rocksdbjni-6.0.1.jar:/home/user/.m2/repository/org/apache/logging/log4j/log4j-api/2.11.0/log4j-api-2.11.0.jar:/home/user/.m2/repository/org/apache/logging/log4j/log4j-core/2.11.0/log4j-core-2.11.0.jar:/home/user/.m2/repository/com/lmax/disruptor/3.4.2/disruptor-3.4.2.jar:/home/user/.m2/repository/org/apache/commons/commons-pool2/2.6.0/commons-pool2-2.6.0.jar:/home/user/.m2/repository/org/bouncycastle/bcpkix-jdk15on/1.60/bcpkix-jdk15on-1.60.jar:/home/user/.m2/repository/commons-validator/commons-validator/1.6/commons-validator-1.6.jar:/home/user/.m2/repository/commons-digester/commons-digester/1.8.1/commons-digester-1.8.1.jar:/home/user/.m2/repository/io/jaegertracing/jaeger-client/0.33.1/jaeger-client-0.33.1.jar:/home/user/.m2/repository/io/jaegertracing/jaeger-thrift/0.33.1/jaeger-thrift-0.33.1.jar:/home/user/.m2/repository/org/apache/thrift/libthrift/0.11.0/libthrift-0.11.0.jar:/home/user/.m2/repository/com/squareup/okhttp3/okhttp/3.9.0/okhttp-3.9.0.jar:/home/user/.m2/repository/com/squareup/okio/okio/1.13.0/okio-1.13.0.jar:/home/user/.m2/repository/io/jaegertracing/jaeger-core/0.33.1/jaeger-core-0.33.1.jar:/home/user/.m2/repository/io/jaegertracing/jaeger-tracerresolver/0.33.1/jaeger-tracerresolver-0.33.1.jar:/home/user/.m2/repository/io/opentracing/contrib/opentracing-tracerresolver/0.1.5/opentracing-tracerresolver-0.1.5.jar:/home/user/.m2/repository/io/opentracing/opentracing-util/0.31.0/opentracing-util-0.31.0.jar:/home/user/.m2/repository/io/opentracing/opentracing-api/0.31.0/opentracing-api-0.31.0.jar:/home/user/.m2/repository/io/opentracing/opentracing-noop/0.31.0/opentracing-noop-0.31.0.jar:/home/user/.m2/repository/org/apache/hadoop/hadoop-hdds-server-framework/0.5.0-SNAPSHOT/hadoop-hdds-server-framework-0.5.0-SNAPSHOT.jar:/home/user/.m2/repository/org/apache/hadoop/hadoop-hdds-container-service/0.5.0-SNAPSHOT/hadoop-hdds-container-service-0.5.0-SNAPSHOT.jar:/home/user/.m2/repository/org/apache/hadoop/hadoop-hdds-client/0.5.0-SNAPSHOT/hadoop-hdds-client-0.5.0-SNAPSHOT.jar:/home/user/.m2/repository/org/apache/hadoop/hadoop-hdds-tools/0.5.0-SNAPSHOT/hadoop-hdds-tools-0.5.0-SNAPSHOT.jar:/home/user/.m2/repository/org/apache/hadoop/hadoop-hdds-server-scm/0.5.0-SNAPSHOT/hadoop-hdds-server-scm-0.5.0-SNAPSHOT.jar:/home/user/.m2/repository/org/apache/hadoop/hadoop-hdds-docs/0.5.0-SNAPSHOT/hadoop-hdds-docs-0.5.0-SNAPSHOT.jar:/home/user/.m2/repository/io/dropwizard/metrics/metrics-core/3.2.4/metrics-core-3.2.4.jar:/home/user/.m2/repository/org/hamcrest/hamcrest-all/1.3/hamcrest-all-1.3.jar:/home/user/.m2/repository/org/bouncycastle/bcprov-jdk15on/1.60/bcprov-jdk15on-1.60.jar:/home/user/.m2/repository/info/picocli/picocli/3.9.6/picocli-3.9.6.jar:/home/user/.m2/repository/com/google/protobuf/protobuf-java/2.5.0/protobuf-java-2.5.0.jar:/home/user/.m2/repository/com/google/guava/guava/11.0.2/guava-11.0.2.jar:/home/user/.m2/repository/org/apache/hadoop/hadoop-ozone-ozone-manager/0.5.0-SNAPSHOT/hadoop-ozone-ozone-manager-0.5.0-SNAPSHOT.jar:/home/user/.m2/repository/org/apache/hadoop/hadoop-minikdc/3.2.0/hadoop-minikdc-3.2.0.jar:/home/user/.m2/repository/commons-io/commons-io/2.5/commons-io-2.5.jar:/home/user/.m2/repository/org/apache/kerby/kerb-simplekdc/1.0.1/kerb-simplekdc-1.0.1.jar:/home/user/.m2/repository/org/apache/kerby/kerb-client/1.0.1/kerb-client-1.0.1.jar:/home/user/.m2/repository/org/apache/kerby/kerby-config/1.0.1/kerby-config-1.0.1.jar:/home/user/.m2/repository/org/apache/kerby/kerb-core/1.0.1/kerb-core-1.0.1.jar:/home/user/.m2/repository/org/apache/kerby/kerby-pkix/1.0.1/kerby-pkix-1.0.1.jar:/home/user/.m2/repository/org/apache/kerby/kerby-asn1/1.0.1/kerby-asn1-1.0.1.jar:/home/user/.m2/repository/org/apache/kerby/kerby-util/1.0.1/kerby-util-1.0.1.jar:/home/user/.m2/repository/org/apache/kerby/kerb-common/1.0.1/kerb-common-1.0.1.jar:/home/user/.m2/repository/org/apache/kerby/kerb-crypto/1.0.1/kerb-crypto-1.0.1.jar:/home/user/.m2/repository/org/apache/kerby/kerb-util/1.0.1/kerb-util-1.0.1.jar:/home/user/.m2/repository/org/apache/kerby/token-provider/1.0.1/token-provider-1.0.1.jar:/home/user/.m2/repository/org/apache/kerby/kerb-admin/1.0.1/kerb-admin-1.0.1.jar:/home/user/.m2/repository/org/apache/kerby/kerb-server/1.0.1/kerb-server-1.0.1.jar:/home/user/.m2/repository/org/apache/kerby/kerb-identity/1.0.1/kerb-identity-1.0.1.jar:/home/user/.m2/repository/org/apache/kerby/kerby-xdr/1.0.1/kerby-xdr-1.0.1.jar:/home/user/.m2/repository/org/slf4j/slf4j-log4j12/1.7.25/slf4j-log4j12-1.7.25.jar:/home/user/.m2/repository/org/apache/hadoop/hadoop-ozone-objectstore-service/0.5.0-SNAPSHOT/hadoop-ozone-objectstore-service-0.5.0-SNAPSHOT.jar:/home/user/.m2/repository/org/apache/hadoop/hadoop-ozone-s3gateway/0.5.0-SNAPSHOT/hadoop-ozone-s3gateway-0.5.0-SNAPSHOT.jar:/home/user/.m2/repository/org/jboss/weld/servlet/weld-servlet/2.4.7.Final/weld-servlet-2.4.7.Final.jar:/home/user/.m2/repository/org/glassfish/jersey/containers/jersey-container-servlet-core/2.27/jersey-container-servlet-core-2.27.jar:/home/user/.m2/repository/org/glassfish/hk2/external/javax.inject/2.5.0-b42/javax.inject-2.5.0-b42.jar:/home/user/.m2/repository/org/glassfish/jersey/core/jersey-common/2.27/jersey-common-2.27.jar:/home/user/.m2/repository/org/glassfish/hk2/osgi-resource-locator/1.0.1/osgi-resource-locator-1.0.1.jar:/home/user/.m2/repository/javax/ws/rs/javax.ws.rs-api/2.1/javax.ws.rs-api-2.1.jar:/home/user/.m2/repository/org/glassfish/jersey/ext/cdi/jersey-cdi1x/2.27/jersey-cdi1x-2.27.jar:/home/user/.m2/repository/org/glassfish/jersey/inject/jersey-hk2/2.27/jersey-hk2-2.27.jar:/home/user/.m2/repository/org/glassfish/hk2/hk2-locator/2.5.0-b42/hk2-locator-2.5.0-b42.jar:/home/user/.m2/repository/org/javassist/javassist/3.22.0-CR2/javassist-3.22.0-CR2.jar:/home/user/.m2/repository/org/glassfish/hk2/hk2-api/2.5.0/hk2-api-2.5.0.jar:/home/user/.m2/repository/org/glassfish/hk2/external/jakarta.inject/2.5.0/jakarta.inject-2.5.0.jar:/home/user/.m2/repository/org/glassfish/hk2/hk2-utils/2.5.0/hk2-utils-2.5.0.jar:/home/user/.m2/repository/jakarta/annotation/jakarta.annotation-api/1.3.4/jakarta.annotation-api-1.3.4.jar:/home/user/.m2/repository/org/glassfish/hk2/external/aopalliance-repackaged/2.5.0/aopalliance-repackaged-2.5.0.jar:/home/user/.m2/repository/com/fasterxml/jackson/dataformat/jackson-dataformat-xml/2.9.0/jackson-dataformat-xml-2.9.0.jar:/home/user/.m2/repository/com/fasterxml/jackson/core/jackson-core/2.9.5/jackson-core-2.9.5.jar:/home/user/.m2/repository/com/fasterxml/jackson/module/jackson-module-jaxb-annotations/2.9.5/jackson-module-jaxb-annotations-2.9.5.jar:/home/user/.m2/repository/javax/enterprise/cdi-api/1.2/cdi-api-1.2.jar:/home/user/.m2/repository/javax/el/javax.el-api/3.0.0/javax.el-api-3.0.0.jar:/home/user/.m2/repository/javax/interceptor/javax.interceptor-api/1.2/javax.interceptor-api-1.2.jar:/home/user/.m2/repository/javax/inject/javax.inject/1/javax.inject-1.jar:/home/user/.m2/repository/com/sun/xml/bind/jaxb-impl/2.3.0.1/jaxb-impl-2.3.0.1.jar:/home/user/.m2/repository/com/sun/xml/bind/jaxb-core/2.3.0.1/jaxb-core-2.3.0.1.jar:/home/user/.m2/repository/javax/xml/bind/jaxb-api/2.3.0/jaxb-api-2.3.0.jar:/home/user/.m2/repository/javax/activation/activation/1.1.1/activation-1.1.1.jar:/home/user/.m2/repository/org/apache/hadoop/hadoop-ozone-csi/0.5.0-SNAPSHOT/hadoop-ozone-csi-0.5.0-SNAPSHOT.jar:/home/user/.m2/repository/com/google/protobuf/protobuf-java-util/3.5.1/protobuf-java-util-3.5.1.jar:/home/user/.m2/repository/org/apache/hadoop/hadoop-hdds-config/0.5.0-SNAPSHOT/hadoop-hdds-config-0.5.0-SNAPSHOT.jar:/home/user/.m2/repository/io/grpc/grpc-netty/1.17.1/grpc-netty-1.17.1.jar:/home/user/.m2/repository/io/grpc/grpc-core/1.17.1/grpc-core-1.17.1.jar:/home/user/.m2/repository/io/grpc/grpc-context/1.17.1/grpc-context-1.17.1.jar:/home/user/.m2/repository/com/google/errorprone/error_prone_annotations/2.2.0/error_prone_annotations-2.2.0.jar:/home/user/.m2/repository/org/codehaus/mojo/animal-sniffer-annotations/1.17/animal-sniffer-annotations-1.17.jar:/home/user/.m2/repository/io/opencensus/opencensus-api/0.17.0/opencensus-api-0.17.0.jar:/home/user/.m2/repository/io/opencensus/opencensus-contrib-grpc-metrics/0.17.0/opencensus-contrib-grpc-metrics-0.17.0.jar:/home/user/.m2/repository/io/netty/netty-codec-http2/4.1.30.Final/netty-codec-http2-4.1.30.Final.jar:/home/user/.m2/repository/io/netty/netty-codec-http/4.1.30.Final/netty-codec-http-4.1.30.Final.jar:/home/user/.m2/repository/io/netty/netty-codec/4.1.30.Final/netty-codec-4.1.30.Final.jar:/home/user/.m2/repository/io/netty/netty-handler/4.1.30.Final/netty-handler-4.1.30.Final.jar:/home/user/.m2/repository/io/netty/netty-handler-proxy/4.1.30.Final/netty-handler-proxy-4.1.30.Final.jar:/home/user/.m2/repository/io/netty/netty-codec-socks/4.1.30.Final/netty-codec-socks-4.1.30.Final.jar:/home/user/.m2/repository/io/netty/netty-transport-native-epoll/4.1.30.Final/netty-transport-native-epoll-4.1.30.Final.jar:/home/user/.m2/repository/io/netty/netty-common/4.1.30.Final/netty-common-4.1.30.Final.jar:/home/user/.m2/repository/io/netty/netty-buffer/4.1.30.Final/netty-buffer-4.1.30.Final.jar:/home/user/.m2/repository/io/netty/netty-transport/4.1.30.Final/netty-transport-4.1.30.Final.jar:/home/user/.m2/repository/io/netty/netty-resolver/4.1.30.Final/netty-resolver-4.1.30.Final.jar:/home/user/.m2/repository/io/netty/netty-transport-native-unix-common/4.1.30.Final/netty-transport-native-unix-common-4.1.30.Final.jar:/home/user/.m2/repository/io/grpc/grpc-protobuf/1.17.1/grpc-protobuf-1.17.1.jar:/home/user/.m2/repository/com/google/api/grpc/proto-google-common-protos/1.0.0/proto-google-common-protos-1.0.0.jar:/home/user/.m2/repository/io/grpc/grpc-protobuf-lite/1.17.1/grpc-protobuf-lite-1.17.1.jar:/home/user/.m2/repository/io/grpc/grpc-stub/1.17.1/grpc-stub-1.17.1.jar:/home/user/.m2/repository/org/apache/hadoop/hadoop-ozone-recon/0.5.0-SNAPSHOT/hadoop-ozone-recon-0.5.0-SNAPSHOT.jar:/home/user/.m2/repository/org/apache/hadoop/hadoop-ozone-reconcodegen/0.5.0-SNAPSHOT/hadoop-ozone-reconcodegen-0.5.0-SNAPSHOT.jar:/home/user/.m2/repository/com/google/inject/extensions/guice-multibindings/4.0/guice-multibindings-4.0.jar:/home/user/.m2/repository/com/google/inject/guice/4.0/guice-4.0.jar:/home/user/.m2/repository/aopalliance/aopalliance/1.0/aopalliance-1.0.jar:/home/user/.m2/repository/com/google/inject/extensions/guice-servlet/4.0/guice-servlet-4.0.jar:/home/user/.m2/repository/org/glassfish/jersey/containers/jersey-container-servlet/2.27/jersey-container-servlet-2.27.jar:/home/user/.m2/repository/org/glassfish/hk2/guice-bridge/2.5.0/guice-bridge-2.5.0.jar:/home/user/.m2/repository/org/glassfish/jersey/core/jersey-server/2.27/jersey-server-2.27.jar:/home/user/.m2/repository/org/glassfish/jersey/core/jersey-client/2.27/jersey-client-2.27.jar:/home/user/.m2/repository/org/glassfish/jersey/media/jersey-media-jaxb/2.27/jersey-media-jaxb-2.27.jar:/home/user/.m2/repository/javax/validation/validation-api/1.1.0.Final/validation-api-1.1.0.Final.jar:/home/user/.m2/repository/org/glassfish/jersey/media/jersey-media-json-jackson/2.27/jersey-media-json-jackson-2.27.jar:/home/user/.m2/repository/org/glassfish/jersey/ext/jersey-entity-filtering/2.27/jersey-entity-filtering-2.27.jar:/home/user/.m2/repository/com/google/inject/extensions/guice-assistedinject/4.0/guice-assistedinject-4.0.jar:/home/user/.m2/repository/org/jooq/jooq/3.11.10/jooq-3.11.10.jar:/home/user/.m2/repository/org/jooq/jooq-meta/3.11.10/jooq-meta-3.11.10.jar:/home/user/.m2/repository/org/jooq/jooq-codegen/3.11.10/jooq-codegen-3.11.10.jar:/home/user/.m2/repository/com/jolbox/bonecp/0.8.0.RELEASE/bonecp-0.8.0.RELEASE.jar:/home/user/.m2/repository/org/xerial/sqlite-jdbc/3.25.2/sqlite-jdbc-3.25.2.jar:/home/user/.m2/repository/org/springframework/spring-jdbc/5.1.3.RELEASE/spring-jdbc-5.1.3.RELEASE.jar:/home/user/.m2/repository/org/springframework/spring-beans/5.1.3.RELEASE/spring-beans-5.1.3.RELEASE.jar:/home/user/.m2/repository/org/springframework/spring-core/5.1.3.RELEASE/spring-core-5.1.3.RELEASE.jar:/home/user/.m2/repository/org/springframework/spring-jcl/5.1.3.RELEASE/spring-jcl-5.1.3.RELEASE.jar:/home/user/.m2/repository/org/springframework/spring-tx/5.1.3.RELEASE/spring-tx-5.1.3.RELEASE.jar:/home/user/.m2/repository/org/apache/hadoop/hadoop-ozone-client/0.5.0-SNAPSHOT/hadoop-ozone-client-0.5.0-SNAPSHOT.jar:/home/user/.m2/repository/commons-lang/commons-lang/2.6/commons-lang-2.6.jar:/home/user/.m2/repository/org/apache/hadoop/hadoop-ozone-ozone-manager/0.5.0-SNAPSHOT/hadoop-ozone-ozone-manager-0.5.0-SNAPSHOT-tests.jar:/home/user/.m2/repository/junit/junit/4.11/junit-4.11.jar:/home/user/.m2/repository/org/hamcrest/hamcrest-core/1.3/hamcrest-core-1.3.jar:/home/user/.m2/repository/org/openjdk/jmh/jmh-core/1.19/jmh-core-1.19.jar:/home/user/.m2/repository/net/sf/jopt-simple/jopt-simple/4.6/jopt-simple-4.6.jar:/home/user/.m2/repository/org/apache/commons/commons-math3/3.1.1/commons-math3-3.1.1.jar:/home/user/.m2/repository/org/openjdk/jmh/jmh-generator-annprocess/1.19/jmh-generator-annprocess-1.19.jar:/home/user/.m2/repository/org/mockito/mockito-all/1.8.5/mockito-all-1.8.5.jar:/home/user/.m2/repository/org/apache/hadoop/hadoop-kms/3.2.0/hadoop-kms-3.2.0.jar:/home/user/.m2/repository/org/apache/hadoop/hadoop-auth/3.2.0/hadoop-auth-3.2.0.jar:/home/user/.m2/repository/com/nimbusds/nimbus-jose-jwt/4.41.1/nimbus-jose-jwt-4.41.1.jar:/home/user/.m2/repository/com/github/stephenc/jcip/jcip-annotations/1.0-1/jcip-annotations-1.0-1.jar:/home/user/.m2/repository/net/minidev/json-smart/2.3/json-smart-2.3.jar:/home/user/.m2/repository/net/minidev/accessors-smart/1.2/accessors-smart-1.2.jar:/home/user/.m2/repository/org/ow2/asm/asm/5.0.4/asm-5.0.4.jar:/home/user/.m2/repository/org/apache/curator/curator-framework/2.12.0/curator-framework-2.12.0.jar:/home/user/.m2/repository/com/sun/jersey/jersey-core/1.19/jersey-core-1.19.jar:/home/user/.m2/repository/javax/ws/rs/jsr311-api/1.1.1/jsr311-api-1.1.1.jar:/home/user/.m2/repository/com/sun/jersey/jersey-server/1.19/jersey-server-1.19.jar:/home/user/.m2/repository/javax/servlet/javax.servlet-api/3.1.0/javax.servlet-api-3.1.0.jar:/home/user/.m2/repository/org/eclipse/jetty/jetty-server/9.3.24.v20180605/jetty-server-9.3.24.v20180605.jar:/home/user/.m2/repository/org/eclipse/jetty/jetty-http/9.3.24.v20180605/jetty-http-9.3.24.v20180605.jar:/home/user/.m2/repository/org/eclipse/jetty/jetty-io/9.3.24.v20180605/jetty-io-9.3.24.v20180605.jar:/home/user/.m2/repository/org/eclipse/jetty/jetty-webapp/9.3.24.v20180605/jetty-webapp-9.3.24.v20180605.jar:/home/user/.m2/repository/org/eclipse/jetty/jetty-xml/9.3.24.v20180605/jetty-xml-9.3.24.v20180605.jar:/home/user/.m2/repository/log4j/log4j/1.2.17/log4j-1.2.17.jar:/home/user/.m2/repository/org/slf4j/slf4j-api/1.7.25/slf4j-api-1.7.25.jar:/home/user/.m2/repository/org/slf4j/jul-to-slf4j/1.7.25/jul-to-slf4j-1.7.25.jar:/home/user/.m2/repository/org/eclipse/jetty/jetty-util/9.3.24.v20180605/jetty-util-9.3.24.v20180605.jar:/home/user/.m2/repository/com/fasterxml/jackson/core/jackson-databind/2.9.5/jackson-databind-2.9.5.jar:/home/user/.m2/repository/org/apache/hadoop/hadoop-kms/3.2.0/hadoop-kms-3.2.0-tests.jar:/home/user/.m2/repository/org/apache/hadoop/hadoop-hdds-server-scm/0.5.0-SNAPSHOT/hadoop-hdds-server-scm-0.5.0-SNAPSHOT-tests.jar:/home/user/.m2/repository/org/apache/hadoop/hadoop-hdds-container-service/0.5.0-SNAPSHOT/hadoop-hdds-container-service-0.5.0-SNAPSHOT-tests.jar:/home/user/.m2/repository/org/yaml/snakeyaml/1.16/snakeyaml-1.16.jar:/home/user/.m2/repository/org/apache/hadoop/hadoop-common/3.2.0/hadoop-common-3.2.0-tests.jar:/home/user/.m2/repository/org/apache/hadoop/hadoop-annotations/3.2.0/hadoop-annotations-3.2.0.jar:/usr/lib/jvm/java-1.8-openjdk/jre/../lib/tools.jar:/home/user/.m2/repository/commons-cli/commons-cli/1.2/commons-cli-1.2.jar:/home/user/.m2/repository/org/apache/httpcomponents/httpclient/4.5.2/httpclient-4.5.2.jar:/home/user/.m2/repository/org/apache/httpcomponents/httpcore/4.4.4/httpcore-4.4.4.jar:/home/user/.m2/repository/commons-codec/commons-codec/1.11/commons-codec-1.11.jar:/home/user/.m2/repository/commons-net/commons-net/3.6/commons-net-3.6.jar:/home/user/.m2/repository/commons-collections/commons-collections/3.2.2/commons-collections-3.2.2.jar:/home/user/.m2/repository/org/eclipse/jetty/jetty-servlet/9.3.24.v20180605/jetty-servlet-9.3.24.v20180605.jar:/home/user/.m2/repository/org/eclipse/jetty/jetty-security/9.3.24.v20180605/jetty-security-9.3.24.v20180605.jar:/home/user/.m2/repository/javax/servlet/jsp/jsp-api/2.1/jsp-api-2.1.jar:/home/user/.m2/repository/com/sun/jersey/jersey-servlet/1.19/jersey-servlet-1.19.jar:/home/user/.m2/repository/com/sun/jersey/jersey-json/1.19/jersey-json-1.19.jar:/home/user/.m2/repository/org/codehaus/jettison/jettison/1.1/jettison-1.1.jar:/home/user/.m2/repository/org/codehaus/jackson/jackson-core-asl/1.9.13/jackson-core-asl-1.9.13.jar:/home/user/.m2/repository/org/codehaus/jackson/jackson-mapper-asl/1.9.13/jackson-mapper-asl-1.9.13.jar:/home/user/.m2/repository/org/codehaus/jackson/jackson-jaxrs/1.9.13/jackson-jaxrs-1.9.13.jar:/home/user/.m2/repository/org/codehaus/jackson/jackson-xc/1.9.13/jackson-xc-1.9.13.jar:/home/user/.m2/repository/commons-logging/commons-logging/1.1.3/commons-logging-1.1.3.jar:/home/user/.m2/repository/commons-beanutils/commons-beanutils/1.9.3/commons-beanutils-1.9.3.jar:/home/user/.m2/repository/org/apache/commons/commons-configuration2/2.1.1/commons-configuration2-2.1.1.jar:/home/user/.m2/repository/org/apache/commons/commons-lang3/3.7/commons-lang3-3.7.jar:/home/user/.m2/repository/org/apache/commons/commons-text/1.4/commons-text-1.4.jar:/home/user/.m2/repository/org/apache/avro/avro/1.7.7/avro-1.7.7.jar:/home/user/.m2/repository/com/thoughtworks/paranamer/paranamer/2.3/paranamer-2.3.jar:/home/user/.m2/repository/org/xerial/snappy/snappy-java/1.0.5/snappy-java-1.0.5.jar:/home/user/.m2/repository/com/google/re2j/re2j/1.1/re2j-1.1.jar:/home/user/.m2/repository/com/google/code/gson/gson/2.2.4/gson-2.2.4.jar:/home/user/.m2/repository/com/jcraft/jsch/0.1.54/jsch-0.1.54.jar:/home/user/.m2/repository/org/apache/curator/curator-client/2.12.0/curator-client-2.12.0.jar:/home/user/.m2/repository/org/apache/curator/curator-recipes/2.12.0/curator-recipes-2.12.0.jar:/home/user/.m2/repository/com/google/code/findbugs/jsr305/3.0.0/jsr305-3.0.0.jar:/home/user/.m2/repository/org/apache/htrace/htrace-core4/4.1.0-incubating/htrace-core4-4.1.0-incubating.jar:/home/user/.m2/repository/org/apache/zookeeper/zookeeper/3.4.13/zookeeper-3.4.13.jar:/home/user/.m2/repository/org/apache/yetus/audience-annotations/0.5.0/audience-annotations-0.5.0.jar:/home/user/.m2/repository/org/codehaus/woodstox/stax2-api/3.1.4/stax2-api-3.1.4.jar:/home/user/.m2/repository/com/fasterxml/woodstox/woodstox-core/5.0.3/woodstox-core-5.0.3.jar:/home/user/.m2/repository/dnsjava/dnsjava/2.1.7/dnsjava-2.1.7.jar:/home/user/.m2/repository/org/apache/hadoop/hadoop-hdfs/3.2.0/hadoop-hdfs-3.2.0-tests.jar:/home/user/.m2/repository/org/eclipse/jetty/jetty-util-ajax/9.3.24.v20180605/jetty-util-ajax-9.3.24.v20180605.jar:/home/user/.m2/repository/commons-daemon/commons-daemon/1.0.13/commons-daemon-1.0.13.jar:/home/user/.m2/repository/io/netty/netty/3.10.5.Final/netty-3.10.5.Final.jar:/home/user/.m2/repository/io/netty/netty-all/4.0.52.Final/netty-all-4.0.52.Final.jar:/home/user/.m2/repository/org/fusesource/leveldbjni/leveldbjni-all/1.8/leveldbjni-all-1.8.jar:"/>
    <property name="sun.cpu.endian" value="little"/>
    <property name="user.home" value="/home/user"/>
    <property name="user.language" value="en"/>
    <property name="java.specification.vendor" value="Oracle Corporation"/>
    <property name="java.home" value="/usr/lib/jvm/java-1.8-openjdk/jre"/>
    <property name="java.security.krb5.conf" value="/workdir/hadoop-ozone/integration-test/target/test-classes/krb5.conf"/>
    <property name="basedir" value="/workdir/hadoop-ozone/integration-test"/>
    <property name="file.separator" value="/"/>
    <property name="line.separator" value="&#10;"/>
    <property name="java.vm.specification.vendor" value="Oracle Corporation"/>
    <property name="java.specification.name" value="Java Platform API Specification"/>
    <property name="java.awt.graphicsenv" value="sun.awt.X11GraphicsEnvironment"/>
    <property name="surefire.real.class.path" value="/workdir/hadoop-ozone/integration-test/target/surefire/surefirebooter5349043749250445592.jar"/>
    <property name="hadoop.log.dir" value="/workdir/hadoop-ozone/integration-test/target/log"/>
    <property name="sun.boot.class.path" value="/usr/lib/jvm/java-1.8-openjdk/jre/lib/resources.jar:/usr/lib/jvm/java-1.8-openjdk/jre/lib/rt.jar:/usr/lib/jvm/java-1.8-openjdk/jre/lib/sunrsasign.jar:/usr/lib/jvm/java-1.8-openjdk/jre/lib/jsse.jar:/usr/lib/jvm/java-1.8-openjdk/jre/lib/jce.jar:/usr/lib/jvm/java-1.8-openjdk/jre/lib/charsets.jar:/usr/lib/jvm/java-1.8-openjdk/jre/lib/jfr.jar:/usr/lib/jvm/java-1.8-openjdk/jre/classes"/>
    <property name="sun.management.compiler" value="HotSpot 64-Bit Tiered Compilers"/>
    <property name="java.runtime.version" value="1.8.0_212-b04"/>
    <property name="java.net.preferIPv4Stack" value="true"/>
    <property name="user.name" value="jenkins1000"/>
    <property name="path.separator" value=":"/>
    <property name="java.security.egd" value="file:///dev/urandom"/>
    <property name="os.version" value="3.10.0-957.12.2.el7.x86_64"/>
    <property name="java.endorsed.dirs" value="/usr/lib/jvm/java-1.8-openjdk/jre/lib/endorsed"/>
    <property name="java.runtime.name" value="OpenJDK Runtime Environment"/>
    <property name="file.encoding" value="UTF-8"/>
    <property name="java.vm.name" value="OpenJDK 64-Bit Server VM"/>
    <property name="test.build.webapps" value=""/>
    <property name="localRepository" value="/home/user/.m2/repository"/>
    <property name="java.vendor.url.bug" value="https://icedtea.classpath.org/bugzilla"/>
    <property name="java.io.tmpdir" value="/tmp"/>
    <property name="require.test.libhadoop" value=""/>
    <property name="java.version" value="1.8.0_212"/>
    <property name="user.dir" value="/workdir/hadoop-ozone/integration-test"/>
    <property name="os.arch" value="amd64"/>
    <property name="java.vm.specification.name" value="Java Virtual Machine Specification"/>
    <property name="test.build.classes" value="/workdir/hadoop-ozone/integration-test/target/test-classes"/>
    <property name="java.awt.printerjob" value="sun.print.PSPrinterJob"/>
    <property name="sun.os.patch.level" value="unknown"/>
    <property name="hadoop.tmp.dir" value="/workdir/hadoop-ozone/integration-test/target/tmp"/>
    <property name="java.library.path" value="/usr/lib/jvm/java-1.8-openjdk/jre/lib/amd64/server:/usr/lib/jvm/java-1.8-openjdk/jre/lib/amd64:/usr/lib/jvm/java-1.8-openjdk/jre/../lib/amd64:/workdir/hadoop-ozone/integration-test/target/native/target/usr/local/lib:/workdir/hadoop-ozone/integration-test/../../hadoop-common-project/hadoop-common/target/native/target/usr/local/lib:/usr/java/packages/lib/amd64:/usr/lib64:/lib64:/lib:/usr/lib"/>
    <property name="java.vm.info" value="mixed mode"/>
    <property name="java.vendor" value="IcedTea"/>
    <property name="java.vm.version" value="25.212-b04"/>
    <property name="java.ext.dirs" value="/usr/lib/jvm/java-1.8-openjdk/jre/lib/ext:/usr/java/packages/lib/ext"/>
    <property name="sun.io.unicode.encoding" value="UnicodeLittle"/>
    <property name="java.class.version" value="52.0"/>
  </properties>
  <testcase name="testMultiBlockWritesWithDnFailures" classname="org.apache.hadoop.ozone.client.rpc.TestMultiBlockWritesWithDnFailures" time="37.302">
    <error message="Allocated 0 blocks. Requested 1 blocks" type="INTERNAL_ERROR org.apache.hadoop.ozone.om.exceptions.OMException">INTERNAL_ERROR org.apache.hadoop.ozone.om.exceptions.OMException: Allocated 0 blocks. Requested 1 blocks
	at org.apache.hadoop.ozone.om.protocolPB.OzoneManagerProtocolClientSideTranslatorPB.handleError(OzoneManagerProtocolClientSideTranslatorPB.java:720)
	at org.apache.hadoop.ozone.om.protocolPB.OzoneManagerProtocolClientSideTranslatorPB.allocateBlock(OzoneManagerProtocolClientSideTranslatorPB.java:752)
	at org.apache.hadoop.ozone.client.io.BlockOutputStreamEntryPool.allocateNewBlock(BlockOutputStreamEntryPool.java:248)
	at org.apache.hadoop.ozone.client.io.BlockOutputStreamEntryPool.allocateBlockIfNeeded(BlockOutputStreamEntryPool.java:296)
	at org.apache.hadoop.ozone.client.io.KeyOutputStream.handleWrite(KeyOutputStream.java:201)
	at org.apache.hadoop.ozone.client.io.KeyOutputStream.handleRetry(KeyOutputStream.java:376)
	at org.apache.hadoop.ozone.client.io.KeyOutputStream.handleException(KeyOutputStream.java:325)
	at org.apache.hadoop.ozone.client.io.KeyOutputStream.handleWrite(KeyOutputStream.java:231)
	at org.apache.hadoop.ozone.client.io.KeyOutputStream.write(KeyOutputStream.java:193)
	at org.apache.hadoop.ozone.client.io.OzoneOutputStream.write(OzoneOutputStream.java:49)
	at java.io.OutputStream.write(OutputStream.java:75)
	at org.apache.hadoop.ozone.client.rpc.TestMultiBlockWritesWithDnFailures.testMultiBlockWritesWithDnFailures(TestMultiBlockWritesWithDnFailures.java:144)
	at sun.reflect.NativeMethodAccessorImpl.invoke0(Native Method)
	at sun.reflect.NativeMethodAccessorImpl.invoke(NativeMethodAccessorImpl.java:62)
	at sun.reflect.DelegatingMethodAccessorImpl.invoke(DelegatingMethodAccessorImpl.java:43)
	at java.lang.reflect.Method.invoke(Method.java:498)
	at org.junit.runners.model.FrameworkMethod$1.runReflectiveCall(FrameworkMethod.java:47)
	at org.junit.internal.runners.model.ReflectiveCallable.run(ReflectiveCallable.java:12)
	at org.junit.runners.model.FrameworkMethod.invokeExplosively(FrameworkMethod.java:44)
	at org.junit.internal.runners.statements.InvokeMethod.evaluate(InvokeMethod.java:17)
	at org.junit.runners.ParentRunner.runLeaf(ParentRunner.java:271)
	at org.junit.runners.BlockJUnit4ClassRunner.runChild(BlockJUnit4ClassRunner.java:70)
	at org.junit.runners.BlockJUnit4ClassRunner.runChild(BlockJUnit4ClassRunner.java:50)
	at org.junit.runners.ParentRunner$3.run(ParentRunner.java:238)
	at org.junit.runners.ParentRunner$1.schedule(ParentRunner.java:63)
	at org.junit.runners.ParentRunner.runChildren(ParentRunner.java:236)
	at org.junit.runners.ParentRunner.access$000(ParentRunner.java:53)
	at org.junit.runners.ParentRunner$2.evaluate(ParentRunner.java:229)
	at org.junit.runners.ParentRunner.run(ParentRunner.java:309)
	at org.apache.maven.surefire.junit4.JUnit4Provider.execute(JUnit4Provider.java:365)
	at org.apache.maven.surefire.junit4.JUnit4Provider.executeWithRerun(JUnit4Provider.java:273)
	at org.apache.maven.surefire.junit4.JUnit4Provider.executeTestSet(JUnit4Provider.java:238)
	at org.apache.maven.surefire.junit4.JUnit4Provider.invoke(JUnit4Provider.java:159)
	at org.apache.maven.surefire.booter.ForkedBooter.invokeProviderInSameClassLoader(ForkedBooter.java:384)
	at org.apache.maven.surefire.booter.ForkedBooter.runSuitesInProcess(ForkedBooter.java:345)
	at org.apache.maven.surefire.booter.ForkedBooter.execute(ForkedBooter.java:126)
	at org.apache.maven.surefire.booter.ForkedBooter.main(ForkedBooter.java:418)
</error>
    <system-out><![CDATA[2019-08-21 07:29:38,088 WARN  server.ServerUtils (ServerUtils.java:getScmDbDir(145)) - ozone.scm.db.dirs is not configured. We recommend adding this setting. Falling back to ozone.metadata.dirs instead.
2019-08-21 07:29:38,249 WARN  server.ServerUtils (ServerUtils.java:getScmDbDir(145)) - ozone.scm.db.dirs is not configured. We recommend adding this setting. Falling back to ozone.metadata.dirs instead.
2019-08-21 07:29:38,253 WARN  server.ServerUtils (ServerUtils.java:getScmDbDir(145)) - ozone.scm.db.dirs is not configured. We recommend adding this setting. Falling back to ozone.metadata.dirs instead.
2019-08-21 07:29:38,273 INFO  util.log (Log.java:initialized(192)) - Logging initialized @910ms
2019-08-21 07:29:38,376 INFO  db.DBStoreBuilder (DBStoreBuilder.java:addTable(110)) - using custom profile for table: deletedBlocks
2019-08-21 07:29:38,376 INFO  db.DBStoreBuilder (DBStoreBuilder.java:processTables(161)) - Using default column profile:DBProfile.DISK for Table:deletedBlocks
2019-08-21 07:29:38,377 INFO  db.DBStoreBuilder (DBStoreBuilder.java:addTable(110)) - using custom profile for table: validCerts
2019-08-21 07:29:38,377 INFO  db.DBStoreBuilder (DBStoreBuilder.java:processTables(161)) - Using default column profile:DBProfile.DISK for Table:validCerts
2019-08-21 07:29:38,377 INFO  db.DBStoreBuilder (DBStoreBuilder.java:addTable(110)) - using custom profile for table: revokedCerts
2019-08-21 07:29:38,377 INFO  db.DBStoreBuilder (DBStoreBuilder.java:processTables(161)) - Using default column profile:DBProfile.DISK for Table:revokedCerts
2019-08-21 07:29:38,389 INFO  db.DBStoreBuilder (DBStoreBuilder.java:addTable(110)) - using custom profile for table: default
2019-08-21 07:29:38,389 INFO  db.DBStoreBuilder (DBStoreBuilder.java:processTables(167)) - Using default column profile:DBProfile.DISK for Table:default
2019-08-21 07:29:38,390 INFO  db.DBStoreBuilder (DBStoreBuilder.java:getDbProfile(198)) - Using default options. DBProfile.DISK
2019-08-21 07:29:38,621 INFO  net.NodeSchemaLoader (NodeSchemaLoader.java:loadSchemaFromFile(125)) - Loading file from sun.misc.CompoundEnumeration@7c7b252e
2019-08-21 07:29:38,623 INFO  net.NodeSchemaLoader (NodeSchemaLoader.java:loadSchema(171)) - Loading network topology layer schema file
2019-08-21 07:29:38,693 INFO  node.SCMNodeManager (SCMNodeManager.java:<init>(114)) - Entering startup safe mode.
2019-08-21 07:29:38,778 WARN  server.ServerUtils (ServerUtils.java:getScmDbDir(145)) - ozone.scm.db.dirs is not configured. We recommend adding this setting. Falling back to ozone.metadata.dirs instead.
2019-08-21 07:29:38,833 INFO  pipeline.SCMPipelineManager (SCMPipelineManager.java:initializePipelineState(126)) - No pipeline exists in current db
2019-08-21 07:29:38,836 WARN  server.ServerUtils (ServerUtils.java:getScmDbDir(145)) - ozone.scm.db.dirs is not configured. We recommend adding this setting. Falling back to ozone.metadata.dirs instead.
2019-08-21 07:29:38,946 WARN  events.EventQueue (EventQueue.java:fireEvent(183)) - No event handler registered for event TypedEvent{payloadType=SafeModeStatus, name='SafeModeStatus'}
2019-08-21 07:29:39,296 INFO  ipc.CallQueueManager (CallQueueManager.java:<init>(84)) - Using callQueue: class java.util.concurrent.LinkedBlockingQueue, queueCapacity: 2000, scheduler: class org.apache.hadoop.ipc.DefaultRpcScheduler, ipcBackoff: false.
2019-08-21 07:29:39,323 INFO  ipc.Server (Server.java:run(1074)) - Starting Socket Reader #1 for port 42384
2019-08-21 07:29:39,438 INFO  ipc.CallQueueManager (CallQueueManager.java:<init>(84)) - Using callQueue: class java.util.concurrent.LinkedBlockingQueue, queueCapacity: 2000, scheduler: class org.apache.hadoop.ipc.DefaultRpcScheduler, ipcBackoff: false.
2019-08-21 07:29:39,439 INFO  ipc.Server (Server.java:run(1074)) - Starting Socket Reader #1 for port 36109
2019-08-21 07:29:39,446 INFO  ipc.CallQueueManager (CallQueueManager.java:<init>(84)) - Using callQueue: class java.util.concurrent.LinkedBlockingQueue, queueCapacity: 2000, scheduler: class org.apache.hadoop.ipc.DefaultRpcScheduler, ipcBackoff: false.
2019-08-21 07:29:39,447 INFO  ipc.Server (Server.java:run(1074)) - Starting Socket Reader #1 for port 35216
2019-08-21 07:29:39,466 INFO  hdfs.DFSUtil (DFSUtil.java:httpServerTemplateForNNAndJN(1641)) - Starting Web-server for scm at: http://0.0.0.0:0
2019-08-21 07:29:39,626 INFO  server.AuthenticationFilter (AuthenticationFilter.java:constructSecretProvider(240)) - Unable to initialize FileSignerSecretProvider, falling back to use random secrets.
2019-08-21 07:29:39,634 WARN  http.HttpRequestLog (HttpRequestLog.java:getRequestLog(97)) - Jetty request log can only be enabled using Log4j
2019-08-21 07:29:39,644 INFO  http.HttpServer2 (HttpServer2.java:addGlobalFilter(975)) - Added global filter 'safety' (class=org.apache.hadoop.http.HttpServer2$QuotingInputFilter)
2019-08-21 07:29:39,646 INFO  http.HttpServer2 (HttpServer2.java:addFilter(948)) - Added filter static_user_filter (class=org.apache.hadoop.http.lib.StaticUserWebFilter$StaticUserFilter) to context scm
2019-08-21 07:29:39,647 INFO  http.HttpServer2 (HttpServer2.java:addFilter(958)) - Added filter static_user_filter (class=org.apache.hadoop.http.lib.StaticUserWebFilter$StaticUserFilter) to context logs
2019-08-21 07:29:39,647 INFO  http.HttpServer2 (HttpServer2.java:addFilter(958)) - Added filter static_user_filter (class=org.apache.hadoop.http.lib.StaticUserWebFilter$StaticUserFilter) to context static
2019-08-21 07:29:39,678 INFO  server.StorageContainerManager (StorageContainerManager.java:start(758)) - StorageContainerLocationProtocol RPC server is listening at /0.0.0.0:35216
2019-08-21 07:29:39,739 WARN  impl.MetricsConfig (MetricsConfig.java:loadFirst(134)) - Cannot locate configuration: tried hadoop-metrics2-storagecontainermanager.properties,hadoop-metrics2.properties
2019-08-21 07:29:39,751 INFO  impl.MetricsSystemImpl (MetricsSystemImpl.java:startTimer(374)) - Scheduled Metric snapshot period at 10 second(s).
2019-08-21 07:29:39,751 INFO  impl.MetricsSystemImpl (MetricsSystemImpl.java:start(191)) - StorageContainerManager metrics system started
2019-08-21 07:29:39,973 INFO  server.SCMClientProtocolServer (SCMClientProtocolServer.java:start(151)) - RPC server for Client  is listening at /0.0.0.0:35216
2019-08-21 07:29:39,974 INFO  ipc.Server (Server.java:run(1153)) - IPC Server listener on 35216: starting
2019-08-21 07:29:39,974 INFO  ipc.Server (Server.java:run(1314)) - IPC Server Responder: starting
2019-08-21 07:29:39,977 INFO  server.StorageContainerManager (StorageContainerManager.java:start(768)) - ScmBlockLocationProtocol RPC server is listening at /0.0.0.0:36109
2019-08-21 07:29:39,979 INFO  server.SCMBlockProtocolServer (SCMBlockProtocolServer.java:start(146)) - RPC server for Block Protocol is listening at /0.0.0.0:36109
2019-08-21 07:29:39,979 INFO  ipc.Server (Server.java:run(1314)) - IPC Server Responder: starting
2019-08-21 07:29:39,979 INFO  ipc.Server (Server.java:run(1153)) - IPC Server listener on 36109: starting
2019-08-21 07:29:39,987 INFO  server.StorageContainerManager (StorageContainerManager.java:start(772)) - ScmDatanodeProtocl RPC server is listening at /0.0.0.0:42384
2019-08-21 07:29:39,987 INFO  server.SCMDatanodeProtocolServer (SCMDatanodeProtocolServer.java:start(191)) - RPC server for DataNodes is listening at /0.0.0.0:42384
2019-08-21 07:29:39,988 INFO  ipc.Server (Server.java:run(1314)) - IPC Server Responder: starting
2019-08-21 07:29:39,989 INFO  ipc.Server (Server.java:run(1153)) - IPC Server listener on 42384: starting
2019-08-21 07:29:39,998 INFO  http.HttpServer2 (HttpServer2.java:bindListener(1191)) - Jetty bound to port 42915
2019-08-21 07:29:40,000 INFO  server.Server (Server.java:doStart(351)) - jetty-9.3.24.v20180605, build timestamp: 2018-06-05T17:11:56Z, git hash: 84205aa28f11a4f31f2a3b86d1bba2cc8ab69827
2019-08-21 07:29:40,037 INFO  handler.ContextHandler (ContextHandler.java:doStart(781)) - Started o.e.j.s.ServletContextHandler@4af0df05{/logs,file:///workdir/hadoop-ozone/integration-test/target/log,AVAILABLE}
2019-08-21 07:29:40,037 INFO  handler.ContextHandler (ContextHandler.java:doStart(781)) - Started o.e.j.s.ServletContextHandler@acdb094{/static,file:///workdir/hadoop-ozone/integration-test/target/test-classes/webapps/static,AVAILABLE}
2019-08-21 07:29:40,070 INFO  handler.ContextHandler (ContextHandler.java:doStart(781)) - Started o.e.j.w.WebAppContext@7df587ef{/,file:///workdir/hadoop-ozone/integration-test/target/test-classes/webapps/scm/,AVAILABLE}{/scm}
2019-08-21 07:29:40,076 INFO  server.AbstractConnector (AbstractConnector.java:doStart(278)) - Started ServerConnector@3591009c{HTTP/1.1,[http/1.1]}{0.0.0.0:42915}
2019-08-21 07:29:40,077 INFO  server.Server (Server.java:doStart(419)) - Started @2715ms
2019-08-21 07:29:40,079 INFO  impl.MetricsSinkAdapter (MetricsSinkAdapter.java:start(204)) - Sink prometheus started
2019-08-21 07:29:40,079 INFO  impl.MetricsSystemImpl (MetricsSystemImpl.java:registerSink(301)) - Registered sink prometheus
2019-08-21 07:29:40,080 INFO  server.BaseHttpServer (BaseHttpServer.java:updateConnectorAddress(215)) - HTTP server of SCM is listening at http://0.0.0.0:42915
2019-08-21 07:29:40,085 INFO  util.JvmPauseMonitor (JvmPauseMonitor.java:run(188)) - Starting JVM pause monitor
2019-08-21 07:29:40,087 WARN  server.ServerUtils (ServerUtils.java:getDBPath(222)) - ozone.om.db.dirs is not configured. We recommend adding this setting. Falling back to ozone.metadata.dirs instead.
2019-08-21 07:29:40,187 WARN  server.ServerUtils (ServerUtils.java:getDBPath(222)) - ozone.om.db.dirs is not configured. We recommend adding this setting. Falling back to ozone.metadata.dirs instead.
2019-08-21 07:29:40,188 WARN  server.ServerUtils (ServerUtils.java:getDBPath(222)) - ozone.om.db.dirs is not configured. We recommend adding this setting. Falling back to ozone.metadata.dirs instead.
2019-08-21 07:29:40,189 INFO  om.OzoneManager (OzoneManager.java:setOMNodeDetails(654)) - OM Service ID is not set. Setting it to the default ID: omServiceIdDefault
2019-08-21 07:29:40,189 INFO  om.OzoneManager (OzoneManager.java:setOMNodeDetails(660)) - OM Node ID is not set. Setting it to the OmStorage's OmID: f672c2b7-e00e-4de6-b0cf-b653987d02ee
2019-08-21 07:29:40,190 INFO  om.OzoneManager (OzoneManager.java:loadOMHAConfigs(611)) - Found matching OM address with OMServiceId: null, OMNodeId: null, RPC Address: localhost:0 and Ratis port: 9872
2019-08-21 07:29:40,894 WARN  server.ServerUtils (ServerUtils.java:getDBPath(222)) - ozone.om.db.dirs is not configured. We recommend adding this setting. Falling back to ozone.metadata.dirs instead.
2019-08-21 07:29:40,902 INFO  db.DBStoreBuilder (DBStoreBuilder.java:addTable(110)) - using custom profile for table: userTable
2019-08-21 07:29:40,902 INFO  db.DBStoreBuilder (DBStoreBuilder.java:processTables(161)) - Using default column profile:DBProfile.DISK for Table:userTable
2019-08-21 07:29:40,902 INFO  db.DBStoreBuilder (DBStoreBuilder.java:addTable(110)) - using custom profile for table: volumeTable
2019-08-21 07:29:40,903 INFO  db.DBStoreBuilder (DBStoreBuilder.java:processTables(161)) - Using default column profile:DBProfile.DISK for Table:volumeTable
2019-08-21 07:29:40,903 INFO  db.DBStoreBuilder (DBStoreBuilder.java:addTable(110)) - using custom profile for table: bucketTable
2019-08-21 07:29:40,903 INFO  db.DBStoreBuilder (DBStoreBuilder.java:processTables(161)) - Using default column profile:DBProfile.DISK for Table:bucketTable
2019-08-21 07:29:40,903 INFO  db.DBStoreBuilder (DBStoreBuilder.java:addTable(110)) - using custom profile for table: keyTable
2019-08-21 07:29:40,904 INFO  db.DBStoreBuilder (DBStoreBuilder.java:processTables(161)) - Using default column profile:DBProfile.DISK for Table:keyTable
2019-08-21 07:29:40,904 INFO  db.DBStoreBuilder (DBStoreBuilder.java:addTable(110)) - using custom profile for table: deletedTable
2019-08-21 07:29:40,904 INFO  db.DBStoreBuilder (DBStoreBuilder.java:processTables(161)) - Using default column profile:DBProfile.DISK for Table:deletedTable
2019-08-21 07:29:40,904 INFO  db.DBStoreBuilder (DBStoreBuilder.java:addTable(110)) - using custom profile for table: openKeyTable
2019-08-21 07:29:40,905 INFO  db.DBStoreBuilder (DBStoreBuilder.java:processTables(161)) - Using default column profile:DBProfile.DISK for Table:openKeyTable
2019-08-21 07:29:40,905 INFO  db.DBStoreBuilder (DBStoreBuilder.java:addTable(110)) - using custom profile for table: s3Table
2019-08-21 07:29:40,905 INFO  db.DBStoreBuilder (DBStoreBuilder.java:processTables(161)) - Using default column profile:DBProfile.DISK for Table:s3Table
2019-08-21 07:29:40,905 INFO  db.DBStoreBuilder (DBStoreBuilder.java:addTable(110)) - using custom profile for table: multipartInfoTable
2019-08-21 07:29:40,906 INFO  db.DBStoreBuilder (DBStoreBuilder.java:processTables(161)) - Using default column profile:DBProfile.DISK for Table:multipartInfoTable
2019-08-21 07:29:40,906 INFO  db.DBStoreBuilder (DBStoreBuilder.java:addTable(110)) - using custom profile for table: dTokenTable
2019-08-21 07:29:40,906 INFO  db.DBStoreBuilder (DBStoreBuilder.java:processTables(161)) - Using default column profile:DBProfile.DISK for Table:dTokenTable
2019-08-21 07:29:40,907 INFO  db.DBStoreBuilder (DBStoreBuilder.java:addTable(110)) - using custom profile for table: s3SecretTable
2019-08-21 07:29:40,907 INFO  db.DBStoreBuilder (DBStoreBuilder.java:processTables(161)) - Using default column profile:DBProfile.DISK for Table:s3SecretTable
2019-08-21 07:29:40,907 INFO  db.DBStoreBuilder (DBStoreBuilder.java:addTable(110)) - using custom profile for table: prefixTable
2019-08-21 07:29:40,907 INFO  db.DBStoreBuilder (DBStoreBuilder.java:processTables(161)) - Using default column profile:DBProfile.DISK for Table:prefixTable
2019-08-21 07:29:40,907 INFO  db.DBStoreBuilder (DBStoreBuilder.java:addTable(110)) - using custom profile for table: default
2019-08-21 07:29:40,908 INFO  db.DBStoreBuilder (DBStoreBuilder.java:processTables(167)) - Using default column profile:DBProfile.DISK for Table:default
2019-08-21 07:29:40,908 INFO  db.DBStoreBuilder (DBStoreBuilder.java:getDbProfile(198)) - Using default options. DBProfile.DISK
2019-08-21 07:29:43,295 INFO  ipc.CallQueueManager (CallQueueManager.java:<init>(84)) - Using callQueue: class java.util.concurrent.LinkedBlockingQueue, queueCapacity: 2000, scheduler: class org.apache.hadoop.ipc.DefaultRpcScheduler, ipcBackoff: false.
2019-08-21 07:29:43,296 INFO  ipc.Server (Server.java:run(1074)) - Starting Socket Reader #1 for port 40562
2019-08-21 07:29:43,316 INFO  om.OzoneManager (OzoneManager.java:start(1268)) - OzoneManager RPC server is listening at localhost/127.0.0.1:40562
2019-08-21 07:29:43,317 INFO  impl.MetricsSystemImpl (MetricsSystemImpl.java:init(158)) - OzoneManager metrics system started (again)
2019-08-21 07:29:43,318 INFO  ipc.Server (Server.java:run(1314)) - IPC Server Responder: starting
2019-08-21 07:29:43,318 INFO  ipc.Server (Server.java:run(1153)) - IPC Server listener on 40562: starting
2019-08-21 07:29:43,324 INFO  hdfs.DFSUtil (DFSUtil.java:httpServerTemplateForNNAndJN(1641)) - Starting Web-server for ozoneManager at: http://0.0.0.0:0
2019-08-21 07:29:43,326 INFO  server.AuthenticationFilter (AuthenticationFilter.java:constructSecretProvider(240)) - Unable to initialize FileSignerSecretProvider, falling back to use random secrets.
2019-08-21 07:29:43,327 WARN  http.HttpRequestLog (HttpRequestLog.java:getRequestLog(97)) - Jetty request log can only be enabled using Log4j
2019-08-21 07:29:43,330 INFO  http.HttpServer2 (HttpServer2.java:addGlobalFilter(975)) - Added global filter 'safety' (class=org.apache.hadoop.http.HttpServer2$QuotingInputFilter)
2019-08-21 07:29:43,332 INFO  http.HttpServer2 (HttpServer2.java:addFilter(948)) - Added filter static_user_filter (class=org.apache.hadoop.http.lib.StaticUserWebFilter$StaticUserFilter) to context ozoneManager
2019-08-21 07:29:43,332 INFO  http.HttpServer2 (HttpServer2.java:addFilter(958)) - Added filter static_user_filter (class=org.apache.hadoop.http.lib.StaticUserWebFilter$StaticUserFilter) to context logs
2019-08-21 07:29:43,332 INFO  http.HttpServer2 (HttpServer2.java:addFilter(958)) - Added filter static_user_filter (class=org.apache.hadoop.http.lib.StaticUserWebFilter$StaticUserFilter) to context static
2019-08-21 07:29:43,336 INFO  http.HttpServer2 (HttpServer2.java:bindListener(1191)) - Jetty bound to port 44599
2019-08-21 07:29:43,336 INFO  server.Server (Server.java:doStart(351)) - jetty-9.3.24.v20180605, build timestamp: 2018-06-05T17:11:56Z, git hash: 84205aa28f11a4f31f2a3b86d1bba2cc8ab69827
2019-08-21 07:29:43,339 INFO  handler.ContextHandler (ContextHandler.java:doStart(781)) - Started o.e.j.s.ServletContextHandler@7bef452c{/logs,file:///workdir/hadoop-ozone/integration-test/target/log,AVAILABLE}
2019-08-21 07:29:43,340 INFO  handler.ContextHandler (ContextHandler.java:doStart(781)) - Started o.e.j.s.ServletContextHandler@57fae983{/static,file:///workdir/hadoop-ozone/integration-test/target/test-classes/webapps/static,AVAILABLE}
2019-08-21 07:29:43,347 INFO  handler.ContextHandler (ContextHandler.java:doStart(781)) - Started o.e.j.w.WebAppContext@6ceb7b5e{/,file:///workdir/hadoop-ozone/integration-test/target/test-classes/webapps/ozoneManager/,AVAILABLE}{/ozoneManager}
2019-08-21 07:29:43,348 INFO  server.AbstractConnector (AbstractConnector.java:doStart(278)) - Started ServerConnector@7dd00705{HTTP/1.1,[http/1.1]}{0.0.0.0:44599}
2019-08-21 07:29:43,349 INFO  server.Server (Server.java:doStart(419)) - Started @5987ms
2019-08-21 07:29:43,350 WARN  impl.MetricsSystemImpl (MetricsSystemImpl.java:register(276)) - Sink prometheus already exists!
2019-08-21 07:29:43,351 INFO  server.BaseHttpServer (BaseHttpServer.java:updateConnectorAddress(215)) - HTTP server of OZONEMANAGER is listening at http://0.0.0.0:44599
2019-08-21 07:29:43,685 INFO  impl.MetricsSystemImpl (MetricsSystemImpl.java:init(158)) - HddsDatanode metrics system started (again)
2019-08-21 07:29:43,746 INFO  ozone.HddsDatanodeService (HddsDatanodeService.java:start(184)) - HddsDatanodeService host:pr-hdds-1935-z5xc5-3809828402 ip:192.168.69.73
2019-08-21 07:29:43,799 INFO  volume.HddsVolume (HddsVolume.java:<init>(176)) - Creating Volume: /workdir/hadoop-ozone/integration-test/target/test-dir/MiniOzoneClusterImpl-5001b6fb-b076-4db0-9bfa-fe41c8f15f18/datanode-0/data/containers/hdds of  storage type : DISK and capacity : 1482555576320
2019-08-21 07:29:43,802 INFO  volume.VolumeSet (VolumeSet.java:initializeVolumeSet(170)) - Added Volume : /workdir/hadoop-ozone/integration-test/target/test-dir/MiniOzoneClusterImpl-5001b6fb-b076-4db0-9bfa-fe41c8f15f18/datanode-0/data/containers/hdds to VolumeSet
2019-08-21 07:29:43,806 INFO  volume.ThrottledAsyncChecker (ThrottledAsyncChecker.java:schedule(140)) - Scheduling a check for org.apache.hadoop.ozone.container.common.volume.HddsVolume@16ade133
2019-08-21 07:29:43,830 INFO  volume.HddsVolumeChecker (HddsVolumeChecker.java:checkAllVolumes(203)) - Scheduled health check for volume org.apache.hadoop.ozone.container.common.volume.HddsVolume@16ade133
2019-08-21 07:29:43,950 INFO  impl.RaftServerProxy (ConfUtils.java:logGet(43)) - raft.rpc.type = GRPC (default)
2019-08-21 07:29:44,019 INFO  grpc.GrpcFactory (GrpcFactory.java:checkPooledByteBufAllocatorUseCacheForAllThreads(45)) - PERFORMANCE WARNING: useCacheForAllThreads is true that may cause Netty to create a lot garbage objects and, as a result, trigger GC.
	It is recommended to disable useCacheForAllThreads by setting -Dorg.apache.ratis.thirdparty.io.netty.allocator.useCacheForAllThreads=false in command line.
2019-08-21 07:29:44,025 INFO  grpc.GrpcConfigKeys$Server (ConfUtils.java:logGet(43)) - raft.grpc.server.port = 0 (default)
2019-08-21 07:29:44,026 INFO  server.GrpcService (ConfUtils.java:logGet(43)) - raft.grpc.message.size.max = 33570816 (custom)
2019-08-21 07:29:44,027 INFO  server.RaftServerConfigKeys (ConfUtils.java:logGet(43)) - raft.server.log.appender.buffer.byte-limit = 33554432 (custom)
2019-08-21 07:29:44,028 INFO  server.GrpcService (ConfUtils.java:logGet(43)) - raft.grpc.flow.control.window = 1MB (=1048576) (default)
2019-08-21 07:29:44,029 INFO  server.RaftServerConfigKeys (ConfUtils.java:logGet(43)) - raft.server.rpc.request.timeout = 3000ms (default)
2019-08-21 07:29:44,211 INFO  server.RaftServerConfigKeys (ConfUtils.java:logGet(43)) - raft.server.storage.dir = [/workdir/hadoop-ozone/integration-test/target/test-dir/MiniOzoneClusterImpl-5001b6fb-b076-4db0-9bfa-fe41c8f15f18/datanode-0/data/ratis] (custom)
2019-08-21 07:29:44,250 INFO  replication.SimpleContainerDownloader (SimpleContainerDownloader.java:<init>(72)) - Starting container downloader service to copy containers to replicate.
2019-08-21 07:29:44,268 INFO  hdfs.DFSUtil (DFSUtil.java:httpServerTemplateForNNAndJN(1641)) - Starting Web-server for hddsDatanode at: http://0.0.0.0:0
2019-08-21 07:29:44,271 INFO  server.AuthenticationFilter (AuthenticationFilter.java:constructSecretProvider(240)) - Unable to initialize FileSignerSecretProvider, falling back to use random secrets.
2019-08-21 07:29:44,272 WARN  http.HttpRequestLog (HttpRequestLog.java:getRequestLog(97)) - Jetty request log can only be enabled using Log4j
2019-08-21 07:29:44,274 INFO  http.HttpServer2 (HttpServer2.java:addGlobalFilter(975)) - Added global filter 'safety' (class=org.apache.hadoop.http.HttpServer2$QuotingInputFilter)
2019-08-21 07:29:44,275 INFO  http.HttpServer2 (HttpServer2.java:addFilter(948)) - Added filter static_user_filter (class=org.apache.hadoop.http.lib.StaticUserWebFilter$StaticUserFilter) to context hddsDatanode
2019-08-21 07:29:44,276 INFO  http.HttpServer2 (HttpServer2.java:addFilter(958)) - Added filter static_user_filter (class=org.apache.hadoop.http.lib.StaticUserWebFilter$StaticUserFilter) to context static
2019-08-21 07:29:44,276 INFO  http.HttpServer2 (HttpServer2.java:addFilter(958)) - Added filter static_user_filter (class=org.apache.hadoop.http.lib.StaticUserWebFilter$StaticUserFilter) to context logs
2019-08-21 07:29:44,277 INFO  http.HttpServer2 (HttpServer2.java:bindListener(1191)) - Jetty bound to port 35266
2019-08-21 07:29:44,277 INFO  server.Server (Server.java:doStart(351)) - jetty-9.3.24.v20180605, build timestamp: 2018-06-05T17:11:56Z, git hash: 84205aa28f11a4f31f2a3b86d1bba2cc8ab69827
2019-08-21 07:29:44,280 INFO  handler.ContextHandler (ContextHandler.java:doStart(781)) - Started o.e.j.s.ServletContextHandler@60783105{/logs,file:///workdir/hadoop-ozone/integration-test/target/log,AVAILABLE}
2019-08-21 07:29:44,281 INFO  handler.ContextHandler (ContextHandler.java:doStart(781)) - Started o.e.j.s.ServletContextHandler@35d5ac51{/static,jar:file:/home/user/.m2/repository/org/apache/hadoop/hadoop-hdds-container-service/0.5.0-SNAPSHOT/hadoop-hdds-container-service-0.5.0-SNAPSHOT.jar!/webapps/static,AVAILABLE}
2019-08-21 07:29:44,317 INFO  handler.ContextHandler (ContextHandler.java:doStart(781)) - Started o.e.j.w.WebAppContext@6a094db2{/,file:///tmp/jetty-0.0.0.0-35266-hddsDatanode-_-any-930024447131732139.dir/webapp/,AVAILABLE}{/hddsDatanode}
2019-08-21 07:29:44,317 INFO  server.AbstractConnector (AbstractConnector.java:doStart(278)) - Started ServerConnector@65bdd558{HTTP/1.1,[http/1.1]}{0.0.0.0:35266}
2019-08-21 07:29:44,318 INFO  server.Server (Server.java:doStart(419)) - Started @6956ms
2019-08-21 07:29:44,319 WARN  impl.MetricsSystemImpl (MetricsSystemImpl.java:register(276)) - Sink prometheus already exists!
2019-08-21 07:29:44,320 INFO  server.BaseHttpServer (BaseHttpServer.java:updateConnectorAddress(215)) - HTTP server of HDDSDATANODE is listening at http://0.0.0.0:35266
2019-08-21 07:29:45,439 INFO  ozone.HddsDatanodeService (HddsDatanodeService.java:startPlugins(395)) - Started plug-in org.apache.hadoop.ozone.web.OzoneHddsDatanodeService@36c7cbe1
2019-08-21 07:29:45,441 INFO  impl.MetricsSystemImpl (MetricsSystemImpl.java:init(158)) - HddsDatanode metrics system started (again)
2019-08-21 07:29:45,444 INFO  ozone.HddsDatanodeService (HddsDatanodeService.java:start(184)) - HddsDatanodeService host:pr-hdds-1935-z5xc5-3809828402 ip:192.168.69.73
2019-08-21 07:29:45,448 INFO  util.JvmPauseMonitor (JvmPauseMonitor.java:run(188)) - Starting JVM pause monitor
2019-08-21 07:29:45,453 INFO  volume.HddsVolume (HddsVolume.java:<init>(176)) - Creating Volume: /workdir/hadoop-ozone/integration-test/target/test-dir/MiniOzoneClusterImpl-5001b6fb-b076-4db0-9bfa-fe41c8f15f18/datanode-1/data/containers/hdds of  storage type : DISK and capacity : 1482555576320
2019-08-21 07:29:45,453 INFO  volume.VolumeSet (VolumeSet.java:initializeVolumeSet(170)) - Added Volume : /workdir/hadoop-ozone/integration-test/target/test-dir/MiniOzoneClusterImpl-5001b6fb-b076-4db0-9bfa-fe41c8f15f18/datanode-1/data/containers/hdds to VolumeSet
2019-08-21 07:29:45,453 INFO  volume.ThrottledAsyncChecker (ThrottledAsyncChecker.java:schedule(140)) - Scheduling a check for org.apache.hadoop.ozone.container.common.volume.HddsVolume@6dca31eb
2019-08-21 07:29:45,454 INFO  volume.HddsVolumeChecker (HddsVolumeChecker.java:checkAllVolumes(203)) - Scheduled health check for volume org.apache.hadoop.ozone.container.common.volume.HddsVolume@6dca31eb
2019-08-21 07:29:45,472 INFO  impl.RaftServerProxy (ConfUtils.java:logGet(43)) - raft.rpc.type = GRPC (default)
2019-08-21 07:29:45,472 INFO  grpc.GrpcFactory (GrpcFactory.java:checkPooledByteBufAllocatorUseCacheForAllThreads(45)) - PERFORMANCE WARNING: useCacheForAllThreads is true that may cause Netty to create a lot garbage objects and, as a result, trigger GC.
	It is recommended to disable useCacheForAllThreads by setting -Dorg.apache.ratis.thirdparty.io.netty.allocator.useCacheForAllThreads=false in command line.
2019-08-21 07:29:45,472 INFO  grpc.GrpcConfigKeys$Server (ConfUtils.java:logGet(43)) - raft.grpc.server.port = 0 (default)
2019-08-21 07:29:45,473 INFO  server.GrpcService (ConfUtils.java:logGet(43)) - raft.grpc.message.size.max = 33570816 (custom)
2019-08-21 07:29:45,473 INFO  server.RaftServerConfigKeys (ConfUtils.java:logGet(43)) - raft.server.log.appender.buffer.byte-limit = 33554432 (custom)
2019-08-21 07:29:45,473 INFO  server.GrpcService (ConfUtils.java:logGet(43)) - raft.grpc.flow.control.window = 1MB (=1048576) (default)
2019-08-21 07:29:45,473 INFO  server.RaftServerConfigKeys (ConfUtils.java:logGet(43)) - raft.server.rpc.request.timeout = 3000ms (default)
2019-08-21 07:29:45,474 INFO  server.RaftServerConfigKeys (ConfUtils.java:logGet(43)) - raft.server.storage.dir = [/workdir/hadoop-ozone/integration-test/target/test-dir/MiniOzoneClusterImpl-5001b6fb-b076-4db0-9bfa-fe41c8f15f18/datanode-1/data/ratis] (custom)
2019-08-21 07:29:45,475 INFO  replication.SimpleContainerDownloader (SimpleContainerDownloader.java:<init>(72)) - Starting container downloader service to copy containers to replicate.
2019-08-21 07:29:45,476 INFO  hdfs.DFSUtil (DFSUtil.java:httpServerTemplateForNNAndJN(1641)) - Starting Web-server for hddsDatanode at: http://0.0.0.0:0
2019-08-21 07:29:45,477 INFO  server.AuthenticationFilter (AuthenticationFilter.java:constructSecretProvider(240)) - Unable to initialize FileSignerSecretProvider, falling back to use random secrets.
2019-08-21 07:29:45,478 WARN  http.HttpRequestLog (HttpRequestLog.java:getRequestLog(97)) - Jetty request log can only be enabled using Log4j
2019-08-21 07:29:45,479 INFO  http.HttpServer2 (HttpServer2.java:addGlobalFilter(975)) - Added global filter 'safety' (class=org.apache.hadoop.http.HttpServer2$QuotingInputFilter)
2019-08-21 07:29:45,480 INFO  http.HttpServer2 (HttpServer2.java:addFilter(948)) - Added filter static_user_filter (class=org.apache.hadoop.http.lib.StaticUserWebFilter$StaticUserFilter) to context hddsDatanode
2019-08-21 07:29:45,480 INFO  http.HttpServer2 (HttpServer2.java:addFilter(958)) - Added filter static_user_filter (class=org.apache.hadoop.http.lib.StaticUserWebFilter$StaticUserFilter) to context logs
2019-08-21 07:29:45,480 INFO  http.HttpServer2 (HttpServer2.java:addFilter(958)) - Added filter static_user_filter (class=org.apache.hadoop.http.lib.StaticUserWebFilter$StaticUserFilter) to context static
2019-08-21 07:29:45,481 INFO  http.HttpServer2 (HttpServer2.java:bindListener(1191)) - Jetty bound to port 45389
2019-08-21 07:29:45,481 INFO  server.Server (Server.java:doStart(351)) - jetty-9.3.24.v20180605, build timestamp: 2018-06-05T17:11:56Z, git hash: 84205aa28f11a4f31f2a3b86d1bba2cc8ab69827
2019-08-21 07:29:45,484 INFO  handler.ContextHandler (ContextHandler.java:doStart(781)) - Started o.e.j.s.ServletContextHandler@4d4436d0{/logs,file:///workdir/hadoop-ozone/integration-test/target/log,AVAILABLE}
2019-08-21 07:29:45,485 INFO  handler.ContextHandler (ContextHandler.java:doStart(781)) - Started o.e.j.s.ServletContextHandler@2443abd6{/static,jar:file:/home/user/.m2/repository/org/apache/hadoop/hadoop-hdds-container-service/0.5.0-SNAPSHOT/hadoop-hdds-container-service-0.5.0-SNAPSHOT.jar!/webapps/static,AVAILABLE}
2019-08-21 07:29:45,514 INFO  handler.ContextHandler (ContextHandler.java:doStart(781)) - Started o.e.j.w.WebAppContext@4e80a001{/,file:///tmp/jetty-0.0.0.0-45389-hddsDatanode-_-any-5217648076493654727.dir/webapp/,AVAILABLE}{/hddsDatanode}
2019-08-21 07:29:45,514 INFO  server.AbstractConnector (AbstractConnector.java:doStart(278)) - Started ServerConnector@624b523{HTTP/1.1,[http/1.1]}{0.0.0.0:45389}
2019-08-21 07:29:45,515 INFO  server.Server (Server.java:doStart(419)) - Started @8153ms
2019-08-21 07:29:45,515 WARN  impl.MetricsSystemImpl (MetricsSystemImpl.java:register(276)) - Sink prometheus already exists!
2019-08-21 07:29:45,517 INFO  server.BaseHttpServer (BaseHttpServer.java:updateConnectorAddress(215)) - HTTP server of HDDSDATANODE is listening at http://0.0.0.0:45389
2019-08-21 07:29:45,576 INFO  datanode.InitDatanodeState (InitDatanodeState.java:persistContainerDatanodeDetails(140)) - DatanodeDetails is persisted to /workdir/hadoop-ozone/integration-test/target/test-dir/MiniOzoneClusterImpl-5001b6fb-b076-4db0-9bfa-fe41c8f15f18/datanode-0/meta/datanode.id
2019-08-21 07:29:45,716 INFO  ozone.HddsDatanodeService (HddsDatanodeService.java:startPlugins(395)) - Started plug-in org.apache.hadoop.ozone.web.OzoneHddsDatanodeService@2c3158e0
2019-08-21 07:29:45,717 INFO  impl.MetricsSystemImpl (MetricsSystemImpl.java:init(158)) - HddsDatanode metrics system started (again)
2019-08-21 07:29:45,720 INFO  ozone.HddsDatanodeService (HddsDatanodeService.java:start(184)) - HddsDatanodeService host:pr-hdds-1935-z5xc5-3809828402 ip:192.168.69.73
2019-08-21 07:29:45,720 INFO  util.JvmPauseMonitor (JvmPauseMonitor.java:run(188)) - Starting JVM pause monitor
2019-08-21 07:29:45,726 INFO  datanode.InitDatanodeState (InitDatanodeState.java:persistContainerDatanodeDetails(140)) - DatanodeDetails is persisted to /workdir/hadoop-ozone/integration-test/target/test-dir/MiniOzoneClusterImpl-5001b6fb-b076-4db0-9bfa-fe41c8f15f18/datanode-1/meta/datanode.id
2019-08-21 07:29:45,733 INFO  volume.HddsVolume (HddsVolume.java:<init>(176)) - Creating Volume: /workdir/hadoop-ozone/integration-test/target/test-dir/MiniOzoneClusterImpl-5001b6fb-b076-4db0-9bfa-fe41c8f15f18/datanode-2/data/containers/hdds of  storage type : DISK and capacity : 1482555576320
2019-08-21 07:29:45,733 INFO  volume.VolumeSet (VolumeSet.java:initializeVolumeSet(170)) - Added Volume : /workdir/hadoop-ozone/integration-test/target/test-dir/MiniOzoneClusterImpl-5001b6fb-b076-4db0-9bfa-fe41c8f15f18/datanode-2/data/containers/hdds to VolumeSet
2019-08-21 07:29:45,734 INFO  volume.ThrottledAsyncChecker (ThrottledAsyncChecker.java:schedule(140)) - Scheduling a check for org.apache.hadoop.ozone.container.common.volume.HddsVolume@44f0ff2b
2019-08-21 07:29:45,734 INFO  volume.HddsVolumeChecker (HddsVolumeChecker.java:checkAllVolumes(203)) - Scheduled health check for volume org.apache.hadoop.ozone.container.common.volume.HddsVolume@44f0ff2b
2019-08-21 07:29:45,751 INFO  impl.RaftServerProxy (ConfUtils.java:logGet(43)) - raft.rpc.type = GRPC (default)
2019-08-21 07:29:45,751 INFO  grpc.GrpcFactory (GrpcFactory.java:checkPooledByteBufAllocatorUseCacheForAllThreads(45)) - PERFORMANCE WARNING: useCacheForAllThreads is true that may cause Netty to create a lot garbage objects and, as a result, trigger GC.
	It is recommended to disable useCacheForAllThreads by setting -Dorg.apache.ratis.thirdparty.io.netty.allocator.useCacheForAllThreads=false in command line.
2019-08-21 07:29:45,752 INFO  grpc.GrpcConfigKeys$Server (ConfUtils.java:logGet(43)) - raft.grpc.server.port = 0 (default)
2019-08-21 07:29:45,752 INFO  server.GrpcService (ConfUtils.java:logGet(43)) - raft.grpc.message.size.max = 33570816 (custom)
2019-08-21 07:29:45,752 INFO  server.RaftServerConfigKeys (ConfUtils.java:logGet(43)) - raft.server.log.appender.buffer.byte-limit = 33554432 (custom)
2019-08-21 07:29:45,753 INFO  server.GrpcService (ConfUtils.java:logGet(43)) - raft.grpc.flow.control.window = 1MB (=1048576) (default)
2019-08-21 07:29:45,753 INFO  server.RaftServerConfigKeys (ConfUtils.java:logGet(43)) - raft.server.rpc.request.timeout = 3000ms (default)
2019-08-21 07:29:45,753 INFO  server.RaftServerConfigKeys (ConfUtils.java:logGet(43)) - raft.server.storage.dir = [/workdir/hadoop-ozone/integration-test/target/test-dir/MiniOzoneClusterImpl-5001b6fb-b076-4db0-9bfa-fe41c8f15f18/datanode-2/data/ratis] (custom)
2019-08-21 07:29:45,754 INFO  replication.SimpleContainerDownloader (SimpleContainerDownloader.java:<init>(72)) - Starting container downloader service to copy containers to replicate.
2019-08-21 07:29:45,755 INFO  hdfs.DFSUtil (DFSUtil.java:httpServerTemplateForNNAndJN(1641)) - Starting Web-server for hddsDatanode at: http://0.0.0.0:0
2019-08-21 07:29:45,757 INFO  server.AuthenticationFilter (AuthenticationFilter.java:constructSecretProvider(240)) - Unable to initialize FileSignerSecretProvider, falling back to use random secrets.
2019-08-21 07:29:45,757 WARN  http.HttpRequestLog (HttpRequestLog.java:getRequestLog(97)) - Jetty request log can only be enabled using Log4j
2019-08-21 07:29:45,759 INFO  http.HttpServer2 (HttpServer2.java:addGlobalFilter(975)) - Added global filter 'safety' (class=org.apache.hadoop.http.HttpServer2$QuotingInputFilter)
2019-08-21 07:29:45,760 INFO  http.HttpServer2 (HttpServer2.java:addFilter(948)) - Added filter static_user_filter (class=org.apache.hadoop.http.lib.StaticUserWebFilter$StaticUserFilter) to context hddsDatanode
2019-08-21 07:29:45,760 INFO  http.HttpServer2 (HttpServer2.java:addFilter(958)) - Added filter static_user_filter (class=org.apache.hadoop.http.lib.StaticUserWebFilter$StaticUserFilter) to context static
2019-08-21 07:29:45,760 INFO  http.HttpServer2 (HttpServer2.java:addFilter(958)) - Added filter static_user_filter (class=org.apache.hadoop.http.lib.StaticUserWebFilter$StaticUserFilter) to context logs
2019-08-21 07:29:45,761 INFO  http.HttpServer2 (HttpServer2.java:bindListener(1191)) - Jetty bound to port 38208
2019-08-21 07:29:45,761 INFO  server.Server (Server.java:doStart(351)) - jetty-9.3.24.v20180605, build timestamp: 2018-06-05T17:11:56Z, git hash: 84205aa28f11a4f31f2a3b86d1bba2cc8ab69827
2019-08-21 07:29:45,763 INFO  handler.ContextHandler (ContextHandler.java:doStart(781)) - Started o.e.j.s.ServletContextHandler@217235f5{/logs,file:///workdir/hadoop-ozone/integration-test/target/log,AVAILABLE}
2019-08-21 07:29:45,764 INFO  handler.ContextHandler (ContextHandler.java:doStart(781)) - Started o.e.j.s.ServletContextHandler@4aebee4b{/static,jar:file:/home/user/.m2/repository/org/apache/hadoop/hadoop-hdds-container-service/0.5.0-SNAPSHOT/hadoop-hdds-container-service-0.5.0-SNAPSHOT.jar!/webapps/static,AVAILABLE}
2019-08-21 07:29:45,796 INFO  handler.ContextHandler (ContextHandler.java:doStart(781)) - Started o.e.j.w.WebAppContext@12952aff{/,file:///tmp/jetty-0.0.0.0-38208-hddsDatanode-_-any-2756721118057551988.dir/webapp/,AVAILABLE}{/hddsDatanode}
2019-08-21 07:29:45,798 INFO  server.AbstractConnector (AbstractConnector.java:doStart(278)) - Started ServerConnector@76a7fcbd{HTTP/1.1,[http/1.1]}{0.0.0.0:38208}
2019-08-21 07:29:45,798 INFO  server.Server (Server.java:doStart(419)) - Started @8436ms
2019-08-21 07:29:45,798 WARN  impl.MetricsSystemImpl (MetricsSystemImpl.java:register(276)) - Sink prometheus already exists!
2019-08-21 07:29:45,799 INFO  server.BaseHttpServer (BaseHttpServer.java:updateConnectorAddress(215)) - HTTP server of HDDSDATANODE is listening at http://0.0.0.0:38208
2019-08-21 07:29:45,988 INFO  ozone.HddsDatanodeService (HddsDatanodeService.java:startPlugins(395)) - Started plug-in org.apache.hadoop.ozone.web.OzoneHddsDatanodeService@102c18e
2019-08-21 07:29:45,989 INFO  impl.MetricsSystemImpl (MetricsSystemImpl.java:init(158)) - HddsDatanode metrics system started (again)
2019-08-21 07:29:45,992 INFO  ozone.HddsDatanodeService (HddsDatanodeService.java:start(184)) - HddsDatanodeService host:pr-hdds-1935-z5xc5-3809828402 ip:192.168.69.73
2019-08-21 07:29:45,993 INFO  util.JvmPauseMonitor (JvmPauseMonitor.java:run(188)) - Starting JVM pause monitor
2019-08-21 07:29:45,996 INFO  datanode.InitDatanodeState (InitDatanodeState.java:persistContainerDatanodeDetails(140)) - DatanodeDetails is persisted to /workdir/hadoop-ozone/integration-test/target/test-dir/MiniOzoneClusterImpl-5001b6fb-b076-4db0-9bfa-fe41c8f15f18/datanode-2/meta/datanode.id
2019-08-21 07:29:46,000 INFO  volume.HddsVolume (HddsVolume.java:<init>(176)) - Creating Volume: /workdir/hadoop-ozone/integration-test/target/test-dir/MiniOzoneClusterImpl-5001b6fb-b076-4db0-9bfa-fe41c8f15f18/datanode-3/data/containers/hdds of  storage type : DISK and capacity : 1482555576320
2019-08-21 07:29:46,000 INFO  volume.VolumeSet (VolumeSet.java:initializeVolumeSet(170)) - Added Volume : /workdir/hadoop-ozone/integration-test/target/test-dir/MiniOzoneClusterImpl-5001b6fb-b076-4db0-9bfa-fe41c8f15f18/datanode-3/data/containers/hdds to VolumeSet
2019-08-21 07:29:46,001 INFO  volume.ThrottledAsyncChecker (ThrottledAsyncChecker.java:schedule(140)) - Scheduling a check for org.apache.hadoop.ozone.container.common.volume.HddsVolume@22d477c2
2019-08-21 07:29:46,001 INFO  volume.HddsVolumeChecker (HddsVolumeChecker.java:checkAllVolumes(203)) - Scheduled health check for volume org.apache.hadoop.ozone.container.common.volume.HddsVolume@22d477c2
2019-08-21 07:29:46,017 INFO  impl.RaftServerProxy (ConfUtils.java:logGet(43)) - raft.rpc.type = GRPC (default)
2019-08-21 07:29:46,017 INFO  grpc.GrpcFactory (GrpcFactory.java:checkPooledByteBufAllocatorUseCacheForAllThreads(45)) - PERFORMANCE WARNING: useCacheForAllThreads is true that may cause Netty to create a lot garbage objects and, as a result, trigger GC.
	It is recommended to disable useCacheForAllThreads by setting -Dorg.apache.ratis.thirdparty.io.netty.allocator.useCacheForAllThreads=false in command line.
2019-08-21 07:29:46,018 INFO  grpc.GrpcConfigKeys$Server (ConfUtils.java:logGet(43)) - raft.grpc.server.port = 0 (default)
2019-08-21 07:29:46,018 INFO  server.GrpcService (ConfUtils.java:logGet(43)) - raft.grpc.message.size.max = 33570816 (custom)
2019-08-21 07:29:46,018 INFO  server.RaftServerConfigKeys (ConfUtils.java:logGet(43)) - raft.server.log.appender.buffer.byte-limit = 33554432 (custom)
2019-08-21 07:29:46,018 INFO  server.GrpcService (ConfUtils.java:logGet(43)) - raft.grpc.flow.control.window = 1MB (=1048576) (default)
2019-08-21 07:29:46,019 INFO  server.RaftServerConfigKeys (ConfUtils.java:logGet(43)) - raft.server.rpc.request.timeout = 3000ms (default)
2019-08-21 07:29:46,019 INFO  server.RaftServerConfigKeys (ConfUtils.java:logGet(43)) - raft.server.storage.dir = [/workdir/hadoop-ozone/integration-test/target/test-dir/MiniOzoneClusterImpl-5001b6fb-b076-4db0-9bfa-fe41c8f15f18/datanode-3/data/ratis] (custom)
2019-08-21 07:29:46,020 INFO  replication.SimpleContainerDownloader (SimpleContainerDownloader.java:<init>(72)) - Starting container downloader service to copy containers to replicate.
2019-08-21 07:29:46,021 INFO  hdfs.DFSUtil (DFSUtil.java:httpServerTemplateForNNAndJN(1641)) - Starting Web-server for hddsDatanode at: http://0.0.0.0:0
2019-08-21 07:29:46,024 INFO  server.AuthenticationFilter (AuthenticationFilter.java:constructSecretProvider(240)) - Unable to initialize FileSignerSecretProvider, falling back to use random secrets.
2019-08-21 07:29:46,024 WARN  http.HttpRequestLog (HttpRequestLog.java:getRequestLog(97)) - Jetty request log can only be enabled using Log4j
2019-08-21 07:29:46,027 INFO  http.HttpServer2 (HttpServer2.java:addGlobalFilter(975)) - Added global filter 'safety' (class=org.apache.hadoop.http.HttpServer2$QuotingInputFilter)
2019-08-21 07:29:46,028 INFO  http.HttpServer2 (HttpServer2.java:addFilter(948)) - Added filter static_user_filter (class=org.apache.hadoop.http.lib.StaticUserWebFilter$StaticUserFilter) to context hddsDatanode
2019-08-21 07:29:46,029 INFO  http.HttpServer2 (HttpServer2.java:addFilter(958)) - Added filter static_user_filter (class=org.apache.hadoop.http.lib.StaticUserWebFilter$StaticUserFilter) to context static
2019-08-21 07:29:46,029 INFO  http.HttpServer2 (HttpServer2.java:addFilter(958)) - Added filter static_user_filter (class=org.apache.hadoop.http.lib.StaticUserWebFilter$StaticUserFilter) to context logs
2019-08-21 07:29:46,030 INFO  http.HttpServer2 (HttpServer2.java:bindListener(1191)) - Jetty bound to port 43079
2019-08-21 07:29:46,031 INFO  server.Server (Server.java:doStart(351)) - jetty-9.3.24.v20180605, build timestamp: 2018-06-05T17:11:56Z, git hash: 84205aa28f11a4f31f2a3b86d1bba2cc8ab69827
2019-08-21 07:29:46,035 INFO  handler.ContextHandler (ContextHandler.java:doStart(781)) - Started o.e.j.s.ServletContextHandler@7e5efcab{/logs,file:///workdir/hadoop-ozone/integration-test/target/log,AVAILABLE}
2019-08-21 07:29:46,036 INFO  handler.ContextHandler (ContextHandler.java:doStart(781)) - Started o.e.j.s.ServletContextHandler@1d2fb82{/static,jar:file:/home/user/.m2/repository/org/apache/hadoop/hadoop-hdds-container-service/0.5.0-SNAPSHOT/hadoop-hdds-container-service-0.5.0-SNAPSHOT.jar!/webapps/static,AVAILABLE}
2019-08-21 07:29:46,079 INFO  handler.ContextHandler (ContextHandler.java:doStart(781)) - Started o.e.j.w.WebAppContext@3b11620a{/,file:///tmp/jetty-0.0.0.0-43079-hddsDatanode-_-any-2001334301841631470.dir/webapp/,AVAILABLE}{/hddsDatanode}
2019-08-21 07:29:46,081 INFO  server.AbstractConnector (AbstractConnector.java:doStart(278)) - Started ServerConnector@2fd1ad8a{HTTP/1.1,[http/1.1]}{0.0.0.0:43079}
2019-08-21 07:29:46,081 INFO  server.Server (Server.java:doStart(419)) - Started @8719ms
2019-08-21 07:29:46,081 WARN  impl.MetricsSystemImpl (MetricsSystemImpl.java:register(276)) - Sink prometheus already exists!
2019-08-21 07:29:46,082 INFO  server.BaseHttpServer (BaseHttpServer.java:updateConnectorAddress(215)) - HTTP server of HDDSDATANODE is listening at http://0.0.0.0:43079
2019-08-21 07:29:46,251 INFO  ozone.HddsDatanodeService (HddsDatanodeService.java:startPlugins(395)) - Started plug-in org.apache.hadoop.ozone.web.OzoneHddsDatanodeService@7b9088f2
2019-08-21 07:29:46,252 INFO  impl.MetricsSystemImpl (MetricsSystemImpl.java:init(158)) - HddsDatanode metrics system started (again)
2019-08-21 07:29:46,256 INFO  util.JvmPauseMonitor (JvmPauseMonitor.java:run(188)) - Starting JVM pause monitor
2019-08-21 07:29:46,257 INFO  ozone.HddsDatanodeService (HddsDatanodeService.java:start(184)) - HddsDatanodeService host:pr-hdds-1935-z5xc5-3809828402 ip:192.168.69.73
2019-08-21 07:29:46,258 INFO  datanode.InitDatanodeState (InitDatanodeState.java:persistContainerDatanodeDetails(140)) - DatanodeDetails is persisted to /workdir/hadoop-ozone/integration-test/target/test-dir/MiniOzoneClusterImpl-5001b6fb-b076-4db0-9bfa-fe41c8f15f18/datanode-3/meta/datanode.id
2019-08-21 07:29:46,265 INFO  volume.HddsVolume (HddsVolume.java:<init>(176)) - Creating Volume: /workdir/hadoop-ozone/integration-test/target/test-dir/MiniOzoneClusterImpl-5001b6fb-b076-4db0-9bfa-fe41c8f15f18/datanode-4/data/containers/hdds of  storage type : DISK and capacity : 1482555576320
2019-08-21 07:29:46,266 INFO  volume.VolumeSet (VolumeSet.java:initializeVolumeSet(170)) - Added Volume : /workdir/hadoop-ozone/integration-test/target/test-dir/MiniOzoneClusterImpl-5001b6fb-b076-4db0-9bfa-fe41c8f15f18/datanode-4/data/containers/hdds to VolumeSet
2019-08-21 07:29:46,266 INFO  volume.ThrottledAsyncChecker (ThrottledAsyncChecker.java:schedule(140)) - Scheduling a check for org.apache.hadoop.ozone.container.common.volume.HddsVolume@6075b369
2019-08-21 07:29:46,267 INFO  volume.HddsVolumeChecker (HddsVolumeChecker.java:checkAllVolumes(203)) - Scheduled health check for volume org.apache.hadoop.ozone.container.common.volume.HddsVolume@6075b369
2019-08-21 07:29:46,291 INFO  impl.RaftServerProxy (ConfUtils.java:logGet(43)) - raft.rpc.type = GRPC (default)
2019-08-21 07:29:46,291 INFO  grpc.GrpcFactory (GrpcFactory.java:checkPooledByteBufAllocatorUseCacheForAllThreads(45)) - PERFORMANCE WARNING: useCacheForAllThreads is true that may cause Netty to create a lot garbage objects and, as a result, trigger GC.
	It is recommended to disable useCacheForAllThreads by setting -Dorg.apache.ratis.thirdparty.io.netty.allocator.useCacheForAllThreads=false in command line.
2019-08-21 07:29:46,291 INFO  grpc.GrpcConfigKeys$Server (ConfUtils.java:logGet(43)) - raft.grpc.server.port = 0 (default)
2019-08-21 07:29:46,292 INFO  server.GrpcService (ConfUtils.java:logGet(43)) - raft.grpc.message.size.max = 33570816 (custom)
2019-08-21 07:29:46,292 INFO  server.RaftServerConfigKeys (ConfUtils.java:logGet(43)) - raft.server.log.appender.buffer.byte-limit = 33554432 (custom)
2019-08-21 07:29:46,292 INFO  server.GrpcService (ConfUtils.java:logGet(43)) - raft.grpc.flow.control.window = 1MB (=1048576) (default)
2019-08-21 07:29:46,293 INFO  server.RaftServerConfigKeys (ConfUtils.java:logGet(43)) - raft.server.rpc.request.timeout = 3000ms (default)
2019-08-21 07:29:46,294 INFO  server.RaftServerConfigKeys (ConfUtils.java:logGet(43)) - raft.server.storage.dir = [/workdir/hadoop-ozone/integration-test/target/test-dir/MiniOzoneClusterImpl-5001b6fb-b076-4db0-9bfa-fe41c8f15f18/datanode-4/data/ratis] (custom)
2019-08-21 07:29:46,294 INFO  replication.SimpleContainerDownloader (SimpleContainerDownloader.java:<init>(72)) - Starting container downloader service to copy containers to replicate.
2019-08-21 07:29:46,296 INFO  hdfs.DFSUtil (DFSUtil.java:httpServerTemplateForNNAndJN(1641)) - Starting Web-server for hddsDatanode at: http://0.0.0.0:0
2019-08-21 07:29:46,298 INFO  server.AuthenticationFilter (AuthenticationFilter.java:constructSecretProvider(240)) - Unable to initialize FileSignerSecretProvider, falling back to use random secrets.
2019-08-21 07:29:46,298 WARN  http.HttpRequestLog (HttpRequestLog.java:getRequestLog(97)) - Jetty request log can only be enabled using Log4j
2019-08-21 07:29:46,301 INFO  http.HttpServer2 (HttpServer2.java:addGlobalFilter(975)) - Added global filter 'safety' (class=org.apache.hadoop.http.HttpServer2$QuotingInputFilter)
2019-08-21 07:29:46,302 INFO  http.HttpServer2 (HttpServer2.java:addFilter(948)) - Added filter static_user_filter (class=org.apache.hadoop.http.lib.StaticUserWebFilter$StaticUserFilter) to context hddsDatanode
2019-08-21 07:29:46,302 INFO  http.HttpServer2 (HttpServer2.java:addFilter(958)) - Added filter static_user_filter (class=org.apache.hadoop.http.lib.StaticUserWebFilter$StaticUserFilter) to context static
2019-08-21 07:29:46,302 INFO  http.HttpServer2 (HttpServer2.java:addFilter(958)) - Added filter static_user_filter (class=org.apache.hadoop.http.lib.StaticUserWebFilter$StaticUserFilter) to context logs
2019-08-21 07:29:46,303 INFO  http.HttpServer2 (HttpServer2.java:bindListener(1191)) - Jetty bound to port 38397
2019-08-21 07:29:46,303 INFO  server.Server (Server.java:doStart(351)) - jetty-9.3.24.v20180605, build timestamp: 2018-06-05T17:11:56Z, git hash: 84205aa28f11a4f31f2a3b86d1bba2cc8ab69827
2019-08-21 07:29:46,306 INFO  handler.ContextHandler (ContextHandler.java:doStart(781)) - Started o.e.j.s.ServletContextHandler@138f0661{/logs,file:///workdir/hadoop-ozone/integration-test/target/log,AVAILABLE}
2019-08-21 07:29:46,307 INFO  handler.ContextHandler (ContextHandler.java:doStart(781)) - Started o.e.j.s.ServletContextHandler@448462f0{/static,jar:file:/home/user/.m2/repository/org/apache/hadoop/hadoop-hdds-container-service/0.5.0-SNAPSHOT/hadoop-hdds-container-service-0.5.0-SNAPSHOT.jar!/webapps/static,AVAILABLE}
2019-08-21 07:29:46,351 INFO  handler.ContextHandler (ContextHandler.java:doStart(781)) - Started o.e.j.w.WebAppContext@5cff729b{/,file:///tmp/jetty-0.0.0.0-38397-hddsDatanode-_-any-8184694120488483248.dir/webapp/,AVAILABLE}{/hddsDatanode}
2019-08-21 07:29:46,352 INFO  server.AbstractConnector (AbstractConnector.java:doStart(278)) - Started ServerConnector@10d18696{HTTP/1.1,[http/1.1]}{0.0.0.0:38397}
2019-08-21 07:29:46,353 INFO  server.Server (Server.java:doStart(419)) - Started @8991ms
2019-08-21 07:29:46,353 WARN  impl.MetricsSystemImpl (MetricsSystemImpl.java:register(276)) - Sink prometheus already exists!
2019-08-21 07:29:46,354 INFO  server.BaseHttpServer (BaseHttpServer.java:updateConnectorAddress(215)) - HTTP server of HDDSDATANODE is listening at http://0.0.0.0:38397
2019-08-21 07:29:46,522 INFO  ozone.HddsDatanodeService (HddsDatanodeService.java:startPlugins(395)) - Started plug-in org.apache.hadoop.ozone.web.OzoneHddsDatanodeService@6af87130
2019-08-21 07:29:46,522 INFO  impl.MetricsSystemImpl (MetricsSystemImpl.java:init(158)) - HddsDatanode metrics system started (again)
2019-08-21 07:29:46,526 INFO  ozone.HddsDatanodeService (HddsDatanodeService.java:start(184)) - HddsDatanodeService host:pr-hdds-1935-z5xc5-3809828402 ip:192.168.69.73
2019-08-21 07:29:46,526 INFO  util.JvmPauseMonitor (JvmPauseMonitor.java:run(188)) - Starting JVM pause monitor
2019-08-21 07:29:46,530 INFO  datanode.InitDatanodeState (InitDatanodeState.java:persistContainerDatanodeDetails(140)) - DatanodeDetails is persisted to /workdir/hadoop-ozone/integration-test/target/test-dir/MiniOzoneClusterImpl-5001b6fb-b076-4db0-9bfa-fe41c8f15f18/datanode-4/meta/datanode.id
2019-08-21 07:29:46,535 INFO  volume.HddsVolume (HddsVolume.java:<init>(176)) - Creating Volume: /workdir/hadoop-ozone/integration-test/target/test-dir/MiniOzoneClusterImpl-5001b6fb-b076-4db0-9bfa-fe41c8f15f18/datanode-5/data/containers/hdds of  storage type : DISK and capacity : 1482555576320
2019-08-21 07:29:46,535 INFO  volume.VolumeSet (VolumeSet.java:initializeVolumeSet(170)) - Added Volume : /workdir/hadoop-ozone/integration-test/target/test-dir/MiniOzoneClusterImpl-5001b6fb-b076-4db0-9bfa-fe41c8f15f18/datanode-5/data/containers/hdds to VolumeSet
2019-08-21 07:29:46,535 INFO  volume.ThrottledAsyncChecker (ThrottledAsyncChecker.java:schedule(140)) - Scheduling a check for org.apache.hadoop.ozone.container.common.volume.HddsVolume@7dbae40
2019-08-21 07:29:46,536 INFO  volume.HddsVolumeChecker (HddsVolumeChecker.java:checkAllVolumes(203)) - Scheduled health check for volume org.apache.hadoop.ozone.container.common.volume.HddsVolume@7dbae40
2019-08-21 07:29:46,551 INFO  impl.RaftServerProxy (ConfUtils.java:logGet(43)) - raft.rpc.type = GRPC (default)
2019-08-21 07:29:46,551 INFO  grpc.GrpcFactory (GrpcFactory.java:checkPooledByteBufAllocatorUseCacheForAllThreads(45)) - PERFORMANCE WARNING: useCacheForAllThreads is true that may cause Netty to create a lot garbage objects and, as a result, trigger GC.
	It is recommended to disable useCacheForAllThreads by setting -Dorg.apache.ratis.thirdparty.io.netty.allocator.useCacheForAllThreads=false in command line.
2019-08-21 07:29:46,552 INFO  grpc.GrpcConfigKeys$Server (ConfUtils.java:logGet(43)) - raft.grpc.server.port = 0 (default)
2019-08-21 07:29:46,552 INFO  server.GrpcService (ConfUtils.java:logGet(43)) - raft.grpc.message.size.max = 33570816 (custom)
2019-08-21 07:29:46,552 INFO  server.RaftServerConfigKeys (ConfUtils.java:logGet(43)) - raft.server.log.appender.buffer.byte-limit = 33554432 (custom)
2019-08-21 07:29:46,552 INFO  server.GrpcService (ConfUtils.java:logGet(43)) - raft.grpc.flow.control.window = 1MB (=1048576) (default)
2019-08-21 07:29:46,553 INFO  server.RaftServerConfigKeys (ConfUtils.java:logGet(43)) - raft.server.rpc.request.timeout = 3000ms (default)
2019-08-21 07:29:46,553 INFO  server.RaftServerConfigKeys (ConfUtils.java:logGet(43)) - raft.server.storage.dir = [/workdir/hadoop-ozone/integration-test/target/test-dir/MiniOzoneClusterImpl-5001b6fb-b076-4db0-9bfa-fe41c8f15f18/datanode-5/data/ratis] (custom)
2019-08-21 07:29:46,554 INFO  replication.SimpleContainerDownloader (SimpleContainerDownloader.java:<init>(72)) - Starting container downloader service to copy containers to replicate.
2019-08-21 07:29:46,555 INFO  hdfs.DFSUtil (DFSUtil.java:httpServerTemplateForNNAndJN(1641)) - Starting Web-server for hddsDatanode at: http://0.0.0.0:0
2019-08-21 07:29:46,557 INFO  server.AuthenticationFilter (AuthenticationFilter.java:constructSecretProvider(240)) - Unable to initialize FileSignerSecretProvider, falling back to use random secrets.
2019-08-21 07:29:46,558 WARN  http.HttpRequestLog (HttpRequestLog.java:getRequestLog(97)) - Jetty request log can only be enabled using Log4j
2019-08-21 07:29:46,560 INFO  http.HttpServer2 (HttpServer2.java:addGlobalFilter(975)) - Added global filter 'safety' (class=org.apache.hadoop.http.HttpServer2$QuotingInputFilter)
2019-08-21 07:29:46,562 INFO  http.HttpServer2 (HttpServer2.java:addFilter(948)) - Added filter static_user_filter (class=org.apache.hadoop.http.lib.StaticUserWebFilter$StaticUserFilter) to context hddsDatanode
2019-08-21 07:29:46,562 INFO  http.HttpServer2 (HttpServer2.java:addFilter(958)) - Added filter static_user_filter (class=org.apache.hadoop.http.lib.StaticUserWebFilter$StaticUserFilter) to context logs
2019-08-21 07:29:46,562 INFO  http.HttpServer2 (HttpServer2.java:addFilter(958)) - Added filter static_user_filter (class=org.apache.hadoop.http.lib.StaticUserWebFilter$StaticUserFilter) to context static
2019-08-21 07:29:46,564 INFO  http.HttpServer2 (HttpServer2.java:bindListener(1191)) - Jetty bound to port 39890
2019-08-21 07:29:46,564 INFO  server.Server (Server.java:doStart(351)) - jetty-9.3.24.v20180605, build timestamp: 2018-06-05T17:11:56Z, git hash: 84205aa28f11a4f31f2a3b86d1bba2cc8ab69827
2019-08-21 07:29:46,566 INFO  handler.ContextHandler (ContextHandler.java:doStart(781)) - Started o.e.j.s.ServletContextHandler@37ca3ca8{/logs,file:///workdir/hadoop-ozone/integration-test/target/log,AVAILABLE}
2019-08-21 07:29:46,567 INFO  handler.ContextHandler (ContextHandler.java:doStart(781)) - Started o.e.j.s.ServletContextHandler@6321a5aa{/static,jar:file:/home/user/.m2/repository/org/apache/hadoop/hadoop-hdds-container-service/0.5.0-SNAPSHOT/hadoop-hdds-container-service-0.5.0-SNAPSHOT.jar!/webapps/static,AVAILABLE}
2019-08-21 07:29:46,613 INFO  handler.ContextHandler (ContextHandler.java:doStart(781)) - Started o.e.j.w.WebAppContext@5520f675{/,file:///tmp/jetty-0.0.0.0-39890-hddsDatanode-_-any-4002384467408931729.dir/webapp/,AVAILABLE}{/hddsDatanode}
2019-08-21 07:29:46,615 INFO  server.AbstractConnector (AbstractConnector.java:doStart(278)) - Started ServerConnector@2d237460{HTTP/1.1,[http/1.1]}{0.0.0.0:39890}
2019-08-21 07:29:46,615 INFO  server.Server (Server.java:doStart(419)) - Started @9253ms
2019-08-21 07:29:46,615 WARN  impl.MetricsSystemImpl (MetricsSystemImpl.java:register(276)) - Sink prometheus already exists!
2019-08-21 07:29:46,616 INFO  server.BaseHttpServer (BaseHttpServer.java:updateConnectorAddress(215)) - HTTP server of HDDSDATANODE is listening at http://0.0.0.0:39890
2019-08-21 07:29:46,780 INFO  ozone.HddsDatanodeService (HddsDatanodeService.java:startPlugins(395)) - Started plug-in org.apache.hadoop.ozone.web.OzoneHddsDatanodeService@15369d73
2019-08-21 07:29:46,783 INFO  ozone.MiniOzoneClusterImpl (MiniOzoneClusterImpl.java:lambda$waitForClusterToBeReady$0(142)) - Waiting for cluster to be ready. Got 0 of 6 DN Heartbeats.
2019-08-21 07:29:46,784 INFO  util.JvmPauseMonitor (JvmPauseMonitor.java:run(188)) - Starting JVM pause monitor
2019-08-21 07:29:46,787 INFO  datanode.InitDatanodeState (InitDatanodeState.java:persistContainerDatanodeDetails(140)) - DatanodeDetails is persisted to /workdir/hadoop-ozone/integration-test/target/test-dir/MiniOzoneClusterImpl-5001b6fb-b076-4db0-9bfa-fe41c8f15f18/datanode-5/meta/datanode.id
2019-08-21 07:29:47,508 INFO  ozoneimpl.OzoneContainer (OzoneContainer.java:start(186)) - Attempting to start container services.
2019-08-21 07:29:47,509 INFO  ozoneimpl.OzoneContainer (OzoneContainer.java:startContainerScrub(160)) - Background container scrubber has been disabled by hdds.containerscrub.enabled
2019-08-21 07:29:47,509 INFO  ratis.XceiverServerRatis (XceiverServerRatis.java:start(404)) - Starting XceiverServerRatis b9e45af6-2c86-4711-8077-b66a512e634d at port 0
2019-08-21 07:29:47,537 INFO  impl.RaftServerProxy (RaftServerProxy.java:lambda$start$3(299)) - b9e45af6-2c86-4711-8077-b66a512e634d: start RPC server
2019-08-21 07:29:47,649 INFO  server.GrpcService (GrpcService.java:startImpl(149)) - b9e45af6-2c86-4711-8077-b66a512e634d: GrpcService started, listening on 0.0.0.0/0.0.0.0:41159
2019-08-21 07:29:47,650 INFO  ratis.XceiverServerRatis (XceiverServerRatis.java:start(414)) - XceiverServerRatis b9e45af6-2c86-4711-8077-b66a512e634d is started using port 41159
2019-08-21 07:29:47,653 INFO  server.XceiverServerGrpc (XceiverServerGrpc.java:start(161)) - XceiverServerGrpc b9e45af6-2c86-4711-8077-b66a512e634d is started using port 37907
2019-08-21 07:29:47,738 INFO  ozoneimpl.OzoneContainer (OzoneContainer.java:start(186)) - Attempting to start container services.
2019-08-21 07:29:47,740 INFO  ozoneimpl.OzoneContainer (OzoneContainer.java:startContainerScrub(160)) - Background container scrubber has been disabled by hdds.containerscrub.enabled
2019-08-21 07:29:47,740 INFO  ratis.XceiverServerRatis (XceiverServerRatis.java:start(404)) - Starting XceiverServerRatis 63676a94-6794-405b-90a4-09d155913ff7 at port 0
2019-08-21 07:29:47,748 INFO  impl.RaftServerProxy (RaftServerProxy.java:lambda$start$3(299)) - 63676a94-6794-405b-90a4-09d155913ff7: start RPC server
2019-08-21 07:29:47,752 INFO  server.GrpcService (GrpcService.java:startImpl(149)) - 63676a94-6794-405b-90a4-09d155913ff7: GrpcService started, listening on 0.0.0.0/0.0.0.0:32885
2019-08-21 07:29:47,752 INFO  ratis.XceiverServerRatis (XceiverServerRatis.java:start(414)) - XceiverServerRatis 63676a94-6794-405b-90a4-09d155913ff7 is started using port 32885
2019-08-21 07:29:47,754 INFO  server.XceiverServerGrpc (XceiverServerGrpc.java:start(161)) - XceiverServerGrpc 63676a94-6794-405b-90a4-09d155913ff7 is started using port 46353
2019-08-21 07:29:47,783 INFO  ozone.MiniOzoneClusterImpl (MiniOzoneClusterImpl.java:lambda$waitForClusterToBeReady$0(142)) - Waiting for cluster to be ready. Got 0 of 6 DN Heartbeats.
2019-08-21 07:29:48,017 INFO  ozoneimpl.OzoneContainer (OzoneContainer.java:start(186)) - Attempting to start container services.
2019-08-21 07:29:48,020 INFO  ozoneimpl.OzoneContainer (OzoneContainer.java:startContainerScrub(160)) - Background container scrubber has been disabled by hdds.containerscrub.enabled
2019-08-21 07:29:48,020 INFO  ratis.XceiverServerRatis (XceiverServerRatis.java:start(404)) - Starting XceiverServerRatis 5276881d-a7b2-4333-9791-db73149c0941 at port 0
2019-08-21 07:29:48,029 INFO  impl.RaftServerProxy (RaftServerProxy.java:lambda$start$3(299)) - 5276881d-a7b2-4333-9791-db73149c0941: start RPC server
2019-08-21 07:29:48,033 INFO  server.GrpcService (GrpcService.java:startImpl(149)) - 5276881d-a7b2-4333-9791-db73149c0941: GrpcService started, listening on 0.0.0.0/0.0.0.0:44992
2019-08-21 07:29:48,033 INFO  ratis.XceiverServerRatis (XceiverServerRatis.java:start(414)) - XceiverServerRatis 5276881d-a7b2-4333-9791-db73149c0941 is started using port 44992
2019-08-21 07:29:48,036 INFO  server.XceiverServerGrpc (XceiverServerGrpc.java:start(161)) - XceiverServerGrpc 5276881d-a7b2-4333-9791-db73149c0941 is started using port 45348
2019-08-21 07:29:48,272 INFO  ozoneimpl.OzoneContainer (OzoneContainer.java:start(186)) - Attempting to start container services.
2019-08-21 07:29:48,278 INFO  ozoneimpl.OzoneContainer (OzoneContainer.java:startContainerScrub(160)) - Background container scrubber has been disabled by hdds.containerscrub.enabled
2019-08-21 07:29:48,279 INFO  ratis.XceiverServerRatis (XceiverServerRatis.java:start(404)) - Starting XceiverServerRatis 9355736e-4a02-406b-a3ec-b57d496fec13 at port 0
2019-08-21 07:29:48,288 INFO  impl.RaftServerProxy (RaftServerProxy.java:lambda$start$3(299)) - 9355736e-4a02-406b-a3ec-b57d496fec13: start RPC server
2019-08-21 07:29:48,292 INFO  server.GrpcService (GrpcService.java:startImpl(149)) - 9355736e-4a02-406b-a3ec-b57d496fec13: GrpcService started, listening on 0.0.0.0/0.0.0.0:41045
2019-08-21 07:29:48,292 INFO  ratis.XceiverServerRatis (XceiverServerRatis.java:start(414)) - XceiverServerRatis 9355736e-4a02-406b-a3ec-b57d496fec13 is started using port 41045
2019-08-21 07:29:48,295 INFO  server.XceiverServerGrpc (XceiverServerGrpc.java:start(161)) - XceiverServerGrpc 9355736e-4a02-406b-a3ec-b57d496fec13 is started using port 40835
2019-08-21 07:29:48,545 INFO  ozoneimpl.OzoneContainer (OzoneContainer.java:start(186)) - Attempting to start container services.
2019-08-21 07:29:48,545 INFO  ozoneimpl.OzoneContainer (OzoneContainer.java:startContainerScrub(160)) - Background container scrubber has been disabled by hdds.containerscrub.enabled
2019-08-21 07:29:48,545 INFO  ratis.XceiverServerRatis (XceiverServerRatis.java:start(404)) - Starting XceiverServerRatis 7ed0d4b0-ed37-4072-82fa-f98a36996de9 at port 0
2019-08-21 07:29:48,554 INFO  impl.RaftServerProxy (RaftServerProxy.java:lambda$start$3(299)) - 7ed0d4b0-ed37-4072-82fa-f98a36996de9: start RPC server
2019-08-21 07:29:48,559 INFO  server.GrpcService (GrpcService.java:startImpl(149)) - 7ed0d4b0-ed37-4072-82fa-f98a36996de9: GrpcService started, listening on 0.0.0.0/0.0.0.0:38928
2019-08-21 07:29:48,559 INFO  ratis.XceiverServerRatis (XceiverServerRatis.java:start(414)) - XceiverServerRatis 7ed0d4b0-ed37-4072-82fa-f98a36996de9 is started using port 38928
2019-08-21 07:29:48,563 INFO  server.XceiverServerGrpc (XceiverServerGrpc.java:start(161)) - XceiverServerGrpc 7ed0d4b0-ed37-4072-82fa-f98a36996de9 is started using port 42678
2019-08-21 07:29:48,784 INFO  ozone.MiniOzoneClusterImpl (MiniOzoneClusterImpl.java:lambda$waitForClusterToBeReady$0(142)) - Waiting for cluster to be ready. Got 0 of 6 DN Heartbeats.
2019-08-21 07:29:48,808 INFO  ozoneimpl.OzoneContainer (OzoneContainer.java:start(186)) - Attempting to start container services.
2019-08-21 07:29:48,809 INFO  ozoneimpl.OzoneContainer (OzoneContainer.java:startContainerScrub(160)) - Background container scrubber has been disabled by hdds.containerscrub.enabled
2019-08-21 07:29:48,809 INFO  ratis.XceiverServerRatis (XceiverServerRatis.java:start(404)) - Starting XceiverServerRatis 1dea51db-6708-4ad6-91a8-3e9ff83f4832 at port 0
2019-08-21 07:29:48,816 INFO  impl.RaftServerProxy (RaftServerProxy.java:lambda$start$3(299)) - 1dea51db-6708-4ad6-91a8-3e9ff83f4832: start RPC server
2019-08-21 07:29:48,820 INFO  server.GrpcService (GrpcService.java:startImpl(149)) - 1dea51db-6708-4ad6-91a8-3e9ff83f4832: GrpcService started, listening on 0.0.0.0/0.0.0.0:43810
2019-08-21 07:29:48,820 INFO  ratis.XceiverServerRatis (XceiverServerRatis.java:start(414)) - XceiverServerRatis 1dea51db-6708-4ad6-91a8-3e9ff83f4832 is started using port 43810
2019-08-21 07:29:48,823 INFO  server.XceiverServerGrpc (XceiverServerGrpc.java:start(161)) - XceiverServerGrpc 1dea51db-6708-4ad6-91a8-3e9ff83f4832 is started using port 39213
2019-08-21 07:29:49,484 INFO  net.NetworkTopology (NetworkTopologyImpl.java:add(110)) - Added a new node: /default-rack/b9e45af6-2c86-4711-8077-b66a512e634d
2019-08-21 07:29:49,486 INFO  node.SCMNodeManager (SCMNodeManager.java:register(266)) - Registered Data node : b9e45af6-2c86-4711-8077-b66a512e634d{ip: 192.168.69.73, host: pr-hdds-1935-z5xc5-3809828402, networkLocation: /default-rack, certSerialId: null}
2019-08-21 07:29:49,490 INFO  safemode.SCMSafeModeManager (DataNodeSafeModeRule.java:process(71)) - SCM in safe mode. 1 DataNodes registered, 1 required.
2019-08-21 07:29:49,490 INFO  safemode.SCMSafeModeManager (SCMSafeModeManager.java:validateSafeModeExitRules(177)) - ScmSafeModeManager, all rules are successfully validated
2019-08-21 07:29:49,491 INFO  safemode.SCMSafeModeManager (SCMSafeModeManager.java:exitSafeMode(193)) - SCM exiting safe mode.
2019-08-21 07:29:49,724 INFO  net.NetworkTopology (NetworkTopologyImpl.java:add(110)) - Added a new node: /default-rack/63676a94-6794-405b-90a4-09d155913ff7
2019-08-21 07:29:49,724 INFO  node.SCMNodeManager (SCMNodeManager.java:register(266)) - Registered Data node : 63676a94-6794-405b-90a4-09d155913ff7{ip: 192.168.69.73, host: pr-hdds-1935-z5xc5-3809828402, networkLocation: /default-rack, certSerialId: null}
2019-08-21 07:29:49,787 INFO  ozone.MiniOzoneClusterImpl (MiniOzoneClusterImpl.java:lambda$waitForClusterToBeReady$0(142)) - Waiting for cluster to be ready. Got 2 of 6 DN Heartbeats.
2019-08-21 07:29:49,996 INFO  net.NetworkTopology (NetworkTopologyImpl.java:add(110)) - Added a new node: /default-rack/5276881d-a7b2-4333-9791-db73149c0941
2019-08-21 07:29:49,997 INFO  node.SCMNodeManager (SCMNodeManager.java:register(266)) - Registered Data node : 5276881d-a7b2-4333-9791-db73149c0941{ip: 192.168.69.73, host: pr-hdds-1935-z5xc5-3809828402, networkLocation: /default-rack, certSerialId: null}
2019-08-21 07:29:50,418 INFO  net.NetworkTopology (NetworkTopologyImpl.java:add(110)) - Added a new node: /default-rack/9355736e-4a02-406b-a3ec-b57d496fec13
2019-08-21 07:29:50,419 INFO  node.SCMNodeManager (SCMNodeManager.java:register(266)) - Registered Data node : 9355736e-4a02-406b-a3ec-b57d496fec13{ip: 192.168.69.73, host: pr-hdds-1935-z5xc5-3809828402, networkLocation: /default-rack, certSerialId: null}
2019-08-21 07:29:50,439 INFO  impl.RaftServerProxy (RaftServerProxy.java:addNew(89)) - b9e45af6-2c86-4711-8077-b66a512e634d: addNew group-D1452AD39AAB:[b9e45af6-2c86-4711-8077-b66a512e634d:192.168.69.73:41159] returns group-D1452AD39AAB:java.util.concurrent.CompletableFuture@24d4d889[Not completed]
2019-08-21 07:29:50,461 INFO  impl.RaftServerImpl (RaftServerImpl.java:<init>(93)) - b9e45af6-2c86-4711-8077-b66a512e634d: new RaftServerImpl for group-D1452AD39AAB:[b9e45af6-2c86-4711-8077-b66a512e634d:192.168.69.73:41159] with ContainerStateMachine:uninitialized
2019-08-21 07:29:50,464 INFO  server.RaftServerConfigKeys (ConfUtils.java:logGet(43)) - raft.server.rpc.timeout.min = 5s (custom)
2019-08-21 07:29:50,465 INFO  server.RaftServerConfigKeys (ConfUtils.java:logGet(43)) - raft.server.rpc.timeout.max = 5200ms (custom)
2019-08-21 07:29:50,466 INFO  server.RaftServerConfigKeys (ConfUtils.java:logGet(43)) - raft.server.rpcslowness.timeout = 120s (custom)
2019-08-21 07:29:50,466 INFO  server.RaftServerConfigKeys (ConfUtils.java:logGet(43)) - raft.server.sleep.deviation.threshold = 300 (default)
2019-08-21 07:29:50,468 INFO  server.RaftServerConfigKeys (ConfUtils.java:logGet(43)) - raft.server.log.appender.install.snapshot.enabled = false (custom)
2019-08-21 07:29:50,478 INFO  impl.RaftServerImpl (ServerState.java:<init>(105)) - b9e45af6-2c86-4711-8077-b66a512e634d:group-D1452AD39AAB ConfigurationManager, init=-1: [b9e45af6-2c86-4711-8077-b66a512e634d:192.168.69.73:41159], old=null, confs=<EMPTY_MAP>
2019-08-21 07:29:50,478 INFO  server.RaftServerConfigKeys (ConfUtils.java:logGet(43)) - raft.server.storage.dir = [/workdir/hadoop-ozone/integration-test/target/test-dir/MiniOzoneClusterImpl-5001b6fb-b076-4db0-9bfa-fe41c8f15f18/datanode-0/data/ratis] (custom)
2019-08-21 07:29:50,489 INFO  storage.RaftStorageDirectory (RaftStorageDirectory.java:analyzeStorage(246)) - The storage directory /workdir/hadoop-ozone/integration-test/target/test-dir/MiniOzoneClusterImpl-5001b6fb-b076-4db0-9bfa-fe41c8f15f18/datanode-0/data/ratis/186f608e-dd8f-4b35-a806-d1452ad39aab does not exist. Creating ...
2019-08-21 07:29:50,508 INFO  storage.RaftStorageDirectory (RaftStorageDirectory.java:tryLock(328)) - Lock on /workdir/hadoop-ozone/integration-test/target/test-dir/MiniOzoneClusterImpl-5001b6fb-b076-4db0-9bfa-fe41c8f15f18/datanode-0/data/ratis/186f608e-dd8f-4b35-a806-d1452ad39aab/in_use.lock acquired by nodename 18437@pr-hdds-1935-z5xc5-3809828402
2019-08-21 07:29:50,528 INFO  storage.RaftStorage (RaftStorage.java:format(72)) - Storage directory /workdir/hadoop-ozone/integration-test/target/test-dir/MiniOzoneClusterImpl-5001b6fb-b076-4db0-9bfa-fe41c8f15f18/datanode-0/data/ratis/186f608e-dd8f-4b35-a806-d1452ad39aab has been successfully formatted.
2019-08-21 07:29:50,531 INFO  net.NetworkTopology (NetworkTopologyImpl.java:add(110)) - Added a new node: /default-rack/7ed0d4b0-ed37-4072-82fa-f98a36996de9
2019-08-21 07:29:50,532 INFO  node.SCMNodeManager (SCMNodeManager.java:register(266)) - Registered Data node : 7ed0d4b0-ed37-4072-82fa-f98a36996de9{ip: 192.168.69.73, host: pr-hdds-1935-z5xc5-3809828402, networkLocation: /default-rack, certSerialId: null}
2019-08-21 07:29:50,532 INFO  ratis.ContainerStateMachine (ContainerStateMachine.java:loadSnapshot(222)) - group-D1452AD39AAB: The snapshot info is null. Setting the last applied indexto:(t:0, i:~)
2019-08-21 07:29:50,533 INFO  server.RaftServerConfigKeys (ConfUtils.java:logGet(43)) - raft.server.leader.election.timeout = 120s (custom)
2019-08-21 07:29:50,535 INFO  server.RaftServerConfigKeys (ConfUtils.java:logGet(43)) - raft.server.log.use.memory = false (default)
2019-08-21 07:29:50,543 INFO  server.RaftServerConfigKeys (ConfUtils.java:logGet(43)) - raft.server.log.purge.gap = 1000000000 (custom)
2019-08-21 07:29:50,543 INFO  server.RaftServerConfigKeys (ConfUtils.java:logGet(43)) - raft.server.log.appender.buffer.byte-limit = 33554432 (custom)
2019-08-21 07:29:50,545 INFO  server.RaftServerConfigKeys (ConfUtils.java:logGet(43)) - raft.server.log.segment.size.max = 1048576 (custom)
2019-08-21 07:29:50,551 INFO  server.RaftServerConfigKeys (ConfUtils.java:logGet(43)) - raft.server.log.segment.cache.num.max = 2 (custom)
2019-08-21 07:29:50,558 INFO  segmented.SegmentedRaftLogWorker (SegmentedRaftLogWorker.java:<init>(172)) - new b9e45af6-2c86-4711-8077-b66a512e634d-SegmentedRaftLogWorker:Storage Directory /workdir/hadoop-ozone/integration-test/target/test-dir/MiniOzoneClusterImpl-5001b6fb-b076-4db0-9bfa-fe41c8f15f18/datanode-0/data/ratis/186f608e-dd8f-4b35-a806-d1452ad39aab for RaftStorage:Storage Directory /workdir/hadoop-ozone/integration-test/target/test-dir/MiniOzoneClusterImpl-5001b6fb-b076-4db0-9bfa-fe41c8f15f18/datanode-0/data/ratis/186f608e-dd8f-4b35-a806-d1452ad39aab
2019-08-21 07:29:50,572 INFO  server.RaftServerConfigKeys (ConfUtils.java:logGet(43)) - raft.server.log.queue.byte-limit = 2147483647 (custom)
2019-08-21 07:29:50,573 INFO  server.RaftServerConfigKeys (ConfUtils.java:logGet(43)) - raft.server.log.queue.element-limit = 1024 (custom)
2019-08-21 07:29:50,579 INFO  server.RaftServerConfigKeys (ConfUtils.java:logGet(43)) - raft.server.log.segment.size.max = 1048576 (custom)
2019-08-21 07:29:50,579 INFO  server.RaftServerConfigKeys (ConfUtils.java:logGet(43)) - raft.server.log.preallocated.size = 16384 (custom)
2019-08-21 07:29:50,580 INFO  server.RaftServerConfigKeys (ConfUtils.java:logGet(43)) - raft.server.log.write.buffer.size = 33554432 (custom)
2019-08-21 07:29:50,581 INFO  server.RaftServerConfigKeys (ConfUtils.java:logGet(43)) - raft.server.log.force.sync.num = 128 (default)
2019-08-21 07:29:50,582 INFO  server.RaftServerConfigKeys (ConfUtils.java:logGet(43)) - raft.server.log.statemachine.data.sync = true (default)
2019-08-21 07:29:50,582 INFO  server.RaftServerConfigKeys (ConfUtils.java:logGet(43)) - raft.server.log.statemachine.data.sync.timeout = 10s (default)
2019-08-21 07:29:50,582 INFO  server.RaftServerConfigKeys (ConfUtils.java:logGet(43)) - raft.server.log.statemachine.data.sync.timeout.retry = -1 (default)
2019-08-21 07:29:50,592 INFO  server.RaftServerConfigKeys (ConfUtils.java:logGet(43)) - raft.server.log.statemachine.data.caching.enabled = true (custom)
2019-08-21 07:29:50,597 INFO  segmented.SegmentedRaftLogWorker (SegmentedRaftLogWorker.java:lambda$new$0(132)) - b9e45af6-2c86-4711-8077-b66a512e634d-SegmentedRaftLogWorker:Storage Directory /workdir/hadoop-ozone/integration-test/target/test-dir/MiniOzoneClusterImpl-5001b6fb-b076-4db0-9bfa-fe41c8f15f18/datanode-0/data/ratis/186f608e-dd8f-4b35-a806-d1452ad39aab: flushIndex: setUnconditionally 0 -> -1
2019-08-21 07:29:50,601 INFO  server.RaftServerConfigKeys (ConfUtils.java:logGet(43)) - raft.server.snapshot.auto.trigger.enabled = true (custom)
2019-08-21 07:29:50,602 INFO  server.RaftServerConfigKeys (ConfUtils.java:logGet(43)) - raft.server.snapshot.auto.trigger.threshold = 10000 (custom)
2019-08-21 07:29:50,602 INFO  server.RaftServerConfigKeys (ConfUtils.java:logGet(43)) - raft.server.retrycache.expirytime = 600000ms (custom)
2019-08-21 07:29:50,624 INFO  impl.RaftServerImpl (RaftServerImpl.java:start(180)) - b9e45af6-2c86-4711-8077-b66a512e634d: start group-D1452AD39AAB
2019-08-21 07:29:50,625 INFO  impl.RaftServerImpl (RaftServerImpl.java:setRole(171)) - b9e45af6-2c86-4711-8077-b66a512e634d:group-D1452AD39AAB changes role from null to FOLLOWER at term 0 for startAsFollower
2019-08-21 07:29:50,626 INFO  impl.RoleInfo (RoleInfo.java:updateAndGet(143)) - b9e45af6-2c86-4711-8077-b66a512e634d: start FollowerState
2019-08-21 07:29:50,627 INFO  util.JmxRegister (JmxRegister.java:tryRegister(44)) - Successfully registered JMX Bean with object name Ratis:service=RaftServer,group=group-D1452AD39AAB,id=b9e45af6-2c86-4711-8077-b66a512e634d
2019-08-21 07:29:50,690 INFO  pipeline.PipelineStateManager (PipelineStateManager.java:addPipeline(56)) - Created pipeline Pipeline[ Id: 186f608e-dd8f-4b35-a806-d1452ad39aab, Nodes: b9e45af6-2c86-4711-8077-b66a512e634d{ip: 192.168.69.73, host: pr-hdds-1935-z5xc5-3809828402, networkLocation: /default-rack, certSerialId: null}, Type:RATIS, Factor:ONE, State:OPEN]
2019-08-21 07:29:50,718 INFO  impl.RaftServerProxy (RaftServerProxy.java:addNew(89)) - 5276881d-a7b2-4333-9791-db73149c0941: addNew group-261FA59B9E05:[5276881d-a7b2-4333-9791-db73149c0941:192.168.69.73:44992] returns group-261FA59B9E05:java.util.concurrent.CompletableFuture@19a1c7f3[Not completed]
2019-08-21 07:29:50,762 INFO  impl.RaftServerImpl (RaftServerImpl.java:<init>(93)) - 5276881d-a7b2-4333-9791-db73149c0941: new RaftServerImpl for group-261FA59B9E05:[5276881d-a7b2-4333-9791-db73149c0941:192.168.69.73:44992] with ContainerStateMachine:uninitialized
2019-08-21 07:29:50,763 INFO  server.RaftServerConfigKeys (ConfUtils.java:logGet(43)) - raft.server.rpc.timeout.min = 5s (custom)
2019-08-21 07:29:50,763 INFO  server.RaftServerConfigKeys (ConfUtils.java:logGet(43)) - raft.server.rpc.timeout.max = 5200ms (custom)
2019-08-21 07:29:50,763 INFO  server.RaftServerConfigKeys (ConfUtils.java:logGet(43)) - raft.server.rpcslowness.timeout = 120s (custom)
2019-08-21 07:29:50,763 INFO  server.RaftServerConfigKeys (ConfUtils.java:logGet(43)) - raft.server.sleep.deviation.threshold = 300 (default)
2019-08-21 07:29:50,764 INFO  server.RaftServerConfigKeys (ConfUtils.java:logGet(43)) - raft.server.log.appender.install.snapshot.enabled = false (custom)
2019-08-21 07:29:50,764 INFO  impl.RaftServerImpl (ServerState.java:<init>(105)) - 5276881d-a7b2-4333-9791-db73149c0941:group-261FA59B9E05 ConfigurationManager, init=-1: [5276881d-a7b2-4333-9791-db73149c0941:192.168.69.73:44992], old=null, confs=<EMPTY_MAP>
2019-08-21 07:29:50,764 INFO  server.RaftServerConfigKeys (ConfUtils.java:logGet(43)) - raft.server.storage.dir = [/workdir/hadoop-ozone/integration-test/target/test-dir/MiniOzoneClusterImpl-5001b6fb-b076-4db0-9bfa-fe41c8f15f18/datanode-2/data/ratis] (custom)
2019-08-21 07:29:50,765 INFO  storage.RaftStorageDirectory (RaftStorageDirectory.java:analyzeStorage(246)) - The storage directory /workdir/hadoop-ozone/integration-test/target/test-dir/MiniOzoneClusterImpl-5001b6fb-b076-4db0-9bfa-fe41c8f15f18/datanode-2/data/ratis/53d512d6-a2e6-41e8-a8a9-261fa59b9e05 does not exist. Creating ...
2019-08-21 07:29:50,779 INFO  storage.RaftStorageDirectory (RaftStorageDirectory.java:tryLock(328)) - Lock on /workdir/hadoop-ozone/integration-test/target/test-dir/MiniOzoneClusterImpl-5001b6fb-b076-4db0-9bfa-fe41c8f15f18/datanode-2/data/ratis/53d512d6-a2e6-41e8-a8a9-261fa59b9e05/in_use.lock acquired by nodename 18437@pr-hdds-1935-z5xc5-3809828402
2019-08-21 07:29:50,787 INFO  net.NetworkTopology (NetworkTopologyImpl.java:add(110)) - Added a new node: /default-rack/1dea51db-6708-4ad6-91a8-3e9ff83f4832
2019-08-21 07:29:50,787 INFO  node.SCMNodeManager (SCMNodeManager.java:register(266)) - Registered Data node : 1dea51db-6708-4ad6-91a8-3e9ff83f4832{ip: 192.168.69.73, host: pr-hdds-1935-z5xc5-3809828402, networkLocation: /default-rack, certSerialId: null}
2019-08-21 07:29:50,788 INFO  ozone.MiniOzoneClusterImpl (MiniOzoneClusterImpl.java:lambda$waitForClusterToBeReady$0(142)) - Cluster is ready. Got 6 of 6 DN Heartbeats.
2019-08-21 07:29:50,795 INFO  storage.RaftStorage (RaftStorage.java:format(72)) - Storage directory /workdir/hadoop-ozone/integration-test/target/test-dir/MiniOzoneClusterImpl-5001b6fb-b076-4db0-9bfa-fe41c8f15f18/datanode-2/data/ratis/53d512d6-a2e6-41e8-a8a9-261fa59b9e05 has been successfully formatted.
2019-08-21 07:29:50,796 INFO  ratis.ContainerStateMachine (ContainerStateMachine.java:loadSnapshot(222)) - group-261FA59B9E05: The snapshot info is null. Setting the last applied indexto:(t:0, i:~)
2019-08-21 07:29:50,797 INFO  server.RaftServerConfigKeys (ConfUtils.java:logGet(43)) - raft.server.leader.election.timeout = 120s (custom)
2019-08-21 07:29:50,798 INFO  server.RaftServerConfigKeys (ConfUtils.java:logGet(43)) - raft.server.log.use.memory = false (default)
2019-08-21 07:29:50,798 INFO  server.RaftServerConfigKeys (ConfUtils.java:logGet(43)) - raft.server.log.purge.gap = 1000000000 (custom)
2019-08-21 07:29:50,798 INFO  server.RaftServerConfigKeys (ConfUtils.java:logGet(43)) - raft.server.log.appender.buffer.byte-limit = 33554432 (custom)
2019-08-21 07:29:50,798 INFO  server.RaftServerConfigKeys (ConfUtils.java:logGet(43)) - raft.server.log.segment.size.max = 1048576 (custom)
2019-08-21 07:29:50,799 INFO  server.RaftServerConfigKeys (ConfUtils.java:logGet(43)) - raft.server.log.segment.cache.num.max = 2 (custom)
2019-08-21 07:29:50,799 INFO  segmented.SegmentedRaftLogWorker (SegmentedRaftLogWorker.java:<init>(172)) - new 5276881d-a7b2-4333-9791-db73149c0941-SegmentedRaftLogWorker:Storage Directory /workdir/hadoop-ozone/integration-test/target/test-dir/MiniOzoneClusterImpl-5001b6fb-b076-4db0-9bfa-fe41c8f15f18/datanode-2/data/ratis/53d512d6-a2e6-41e8-a8a9-261fa59b9e05 for RaftStorage:Storage Directory /workdir/hadoop-ozone/integration-test/target/test-dir/MiniOzoneClusterImpl-5001b6fb-b076-4db0-9bfa-fe41c8f15f18/datanode-2/data/ratis/53d512d6-a2e6-41e8-a8a9-261fa59b9e05
2019-08-21 07:29:50,800 INFO  server.RaftServerConfigKeys (ConfUtils.java:logGet(43)) - raft.server.log.queue.byte-limit = 2147483647 (custom)
2019-08-21 07:29:50,800 INFO  server.RaftServerConfigKeys (ConfUtils.java:logGet(43)) - raft.server.log.queue.element-limit = 1024 (custom)
2019-08-21 07:29:50,801 INFO  server.RaftServerConfigKeys (ConfUtils.java:logGet(43)) - raft.server.log.segment.size.max = 1048576 (custom)
2019-08-21 07:29:50,801 INFO  server.RaftServerConfigKeys (ConfUtils.java:logGet(43)) - raft.server.log.preallocated.size = 16384 (custom)
2019-08-21 07:29:50,801 INFO  server.RaftServerConfigKeys (ConfUtils.java:logGet(43)) - raft.server.log.write.buffer.size = 33554432 (custom)
2019-08-21 07:29:50,801 INFO  server.RaftServerConfigKeys (ConfUtils.java:logGet(43)) - raft.server.log.force.sync.num = 128 (default)
2019-08-21 07:29:50,802 INFO  server.RaftServerConfigKeys (ConfUtils.java:logGet(43)) - raft.server.log.statemachine.data.sync = true (default)
2019-08-21 07:29:50,802 INFO  server.RaftServerConfigKeys (ConfUtils.java:logGet(43)) - raft.server.log.statemachine.data.sync.timeout = 10s (default)
2019-08-21 07:29:50,802 INFO  server.RaftServerConfigKeys (ConfUtils.java:logGet(43)) - raft.server.log.statemachine.data.sync.timeout.retry = -1 (default)
2019-08-21 07:29:50,803 INFO  server.RaftServerConfigKeys (ConfUtils.java:logGet(43)) - raft.server.log.statemachine.data.caching.enabled = true (custom)
2019-08-21 07:29:50,803 INFO  segmented.SegmentedRaftLogWorker (SegmentedRaftLogWorker.java:lambda$new$0(132)) - 5276881d-a7b2-4333-9791-db73149c0941-SegmentedRaftLogWorker:Storage Directory /workdir/hadoop-ozone/integration-test/target/test-dir/MiniOzoneClusterImpl-5001b6fb-b076-4db0-9bfa-fe41c8f15f18/datanode-2/data/ratis/53d512d6-a2e6-41e8-a8a9-261fa59b9e05: flushIndex: setUnconditionally 0 -> -1
2019-08-21 07:29:50,803 INFO  server.RaftServerConfigKeys (ConfUtils.java:logGet(43)) - raft.server.snapshot.auto.trigger.enabled = true (custom)
2019-08-21 07:29:50,804 INFO  server.RaftServerConfigKeys (ConfUtils.java:logGet(43)) - raft.server.snapshot.auto.trigger.threshold = 10000 (custom)
2019-08-21 07:29:50,804 INFO  server.RaftServerConfigKeys (ConfUtils.java:logGet(43)) - raft.server.retrycache.expirytime = 600000ms (custom)
2019-08-21 07:29:50,804 INFO  impl.RaftServerImpl (RaftServerImpl.java:start(180)) - 5276881d-a7b2-4333-9791-db73149c0941: start group-261FA59B9E05
2019-08-21 07:29:50,804 INFO  impl.RaftServerImpl (RaftServerImpl.java:setRole(171)) - 5276881d-a7b2-4333-9791-db73149c0941:group-261FA59B9E05 changes role from null to FOLLOWER at term 0 for startAsFollower
2019-08-21 07:29:50,805 INFO  impl.RoleInfo (RoleInfo.java:updateAndGet(143)) - 5276881d-a7b2-4333-9791-db73149c0941: start FollowerState
2019-08-21 07:29:50,806 INFO  util.JmxRegister (JmxRegister.java:tryRegister(44)) - Successfully registered JMX Bean with object name Ratis:service=RaftServer,group=group-261FA59B9E05,id=5276881d-a7b2-4333-9791-db73149c0941
2019-08-21 07:29:50,819 INFO  pipeline.PipelineStateManager (PipelineStateManager.java:addPipeline(56)) - Created pipeline Pipeline[ Id: 53d512d6-a2e6-41e8-a8a9-261fa59b9e05, Nodes: 5276881d-a7b2-4333-9791-db73149c0941{ip: 192.168.69.73, host: pr-hdds-1935-z5xc5-3809828402, networkLocation: /default-rack, certSerialId: null}, Type:RATIS, Factor:ONE, State:OPEN]
2019-08-21 07:29:50,855 INFO  impl.RaftServerProxy (RaftServerProxy.java:addNew(89)) - 7ed0d4b0-ed37-4072-82fa-f98a36996de9: addNew group-75141F802D09:[7ed0d4b0-ed37-4072-82fa-f98a36996de9:192.168.69.73:38928] returns group-75141F802D09:java.util.concurrent.CompletableFuture@51ac134e[Not completed]
2019-08-21 07:29:50,866 INFO  impl.RaftServerImpl (RaftServerImpl.java:<init>(93)) - 7ed0d4b0-ed37-4072-82fa-f98a36996de9: new RaftServerImpl for group-75141F802D09:[7ed0d4b0-ed37-4072-82fa-f98a36996de9:192.168.69.73:38928] with ContainerStateMachine:uninitialized
2019-08-21 07:29:50,867 INFO  server.RaftServerConfigKeys (ConfUtils.java:logGet(43)) - raft.server.rpc.timeout.min = 5s (custom)
2019-08-21 07:29:50,867 INFO  server.RaftServerConfigKeys (ConfUtils.java:logGet(43)) - raft.server.rpc.timeout.max = 5200ms (custom)
2019-08-21 07:29:50,867 INFO  server.RaftServerConfigKeys (ConfUtils.java:logGet(43)) - raft.server.rpcslowness.timeout = 120s (custom)
2019-08-21 07:29:50,867 INFO  server.RaftServerConfigKeys (ConfUtils.java:logGet(43)) - raft.server.sleep.deviation.threshold = 300 (default)
2019-08-21 07:29:50,868 INFO  server.RaftServerConfigKeys (ConfUtils.java:logGet(43)) - raft.server.log.appender.install.snapshot.enabled = false (custom)
2019-08-21 07:29:50,868 INFO  impl.RaftServerImpl (ServerState.java:<init>(105)) - 7ed0d4b0-ed37-4072-82fa-f98a36996de9:group-75141F802D09 ConfigurationManager, init=-1: [7ed0d4b0-ed37-4072-82fa-f98a36996de9:192.168.69.73:38928], old=null, confs=<EMPTY_MAP>
2019-08-21 07:29:50,868 INFO  server.RaftServerConfigKeys (ConfUtils.java:logGet(43)) - raft.server.storage.dir = [/workdir/hadoop-ozone/integration-test/target/test-dir/MiniOzoneClusterImpl-5001b6fb-b076-4db0-9bfa-fe41c8f15f18/datanode-4/data/ratis] (custom)
2019-08-21 07:29:50,869 INFO  storage.RaftStorageDirectory (RaftStorageDirectory.java:analyzeStorage(246)) - The storage directory /workdir/hadoop-ozone/integration-test/target/test-dir/MiniOzoneClusterImpl-5001b6fb-b076-4db0-9bfa-fe41c8f15f18/datanode-4/data/ratis/47650e08-e768-46cc-bf42-75141f802d09 does not exist. Creating ...
2019-08-21 07:29:50,882 INFO  storage.RaftStorageDirectory (RaftStorageDirectory.java:tryLock(328)) - Lock on /workdir/hadoop-ozone/integration-test/target/test-dir/MiniOzoneClusterImpl-5001b6fb-b076-4db0-9bfa-fe41c8f15f18/datanode-4/data/ratis/47650e08-e768-46cc-bf42-75141f802d09/in_use.lock acquired by nodename 18437@pr-hdds-1935-z5xc5-3809828402
2019-08-21 07:29:50,896 INFO  storage.RaftStorage (RaftStorage.java:format(72)) - Storage directory /workdir/hadoop-ozone/integration-test/target/test-dir/MiniOzoneClusterImpl-5001b6fb-b076-4db0-9bfa-fe41c8f15f18/datanode-4/data/ratis/47650e08-e768-46cc-bf42-75141f802d09 has been successfully formatted.
2019-08-21 07:29:50,897 INFO  ratis.ContainerStateMachine (ContainerStateMachine.java:loadSnapshot(222)) - group-75141F802D09: The snapshot info is null. Setting the last applied indexto:(t:0, i:~)
2019-08-21 07:29:50,897 INFO  server.RaftServerConfigKeys (ConfUtils.java:logGet(43)) - raft.server.leader.election.timeout = 120s (custom)
2019-08-21 07:29:50,897 INFO  server.RaftServerConfigKeys (ConfUtils.java:logGet(43)) - raft.server.log.use.memory = false (default)
2019-08-21 07:29:50,897 INFO  server.RaftServerConfigKeys (ConfUtils.java:logGet(43)) - raft.server.log.purge.gap = 1000000000 (custom)
2019-08-21 07:29:50,897 INFO  server.RaftServerConfigKeys (ConfUtils.java:logGet(43)) - raft.server.log.appender.buffer.byte-limit = 33554432 (custom)
2019-08-21 07:29:50,897 INFO  server.RaftServerConfigKeys (ConfUtils.java:logGet(43)) - raft.server.log.segment.size.max = 1048576 (custom)
2019-08-21 07:29:50,898 INFO  server.RaftServerConfigKeys (ConfUtils.java:logGet(43)) - raft.server.log.segment.cache.num.max = 2 (custom)
2019-08-21 07:29:50,898 INFO  segmented.SegmentedRaftLogWorker (SegmentedRaftLogWorker.java:<init>(172)) - new 7ed0d4b0-ed37-4072-82fa-f98a36996de9-SegmentedRaftLogWorker:Storage Directory /workdir/hadoop-ozone/integration-test/target/test-dir/MiniOzoneClusterImpl-5001b6fb-b076-4db0-9bfa-fe41c8f15f18/datanode-4/data/ratis/47650e08-e768-46cc-bf42-75141f802d09 for RaftStorage:Storage Directory /workdir/hadoop-ozone/integration-test/target/test-dir/MiniOzoneClusterImpl-5001b6fb-b076-4db0-9bfa-fe41c8f15f18/datanode-4/data/ratis/47650e08-e768-46cc-bf42-75141f802d09
2019-08-21 07:29:50,898 INFO  server.RaftServerConfigKeys (ConfUtils.java:logGet(43)) - raft.server.log.queue.byte-limit = 2147483647 (custom)
2019-08-21 07:29:50,898 INFO  server.RaftServerConfigKeys (ConfUtils.java:logGet(43)) - raft.server.log.queue.element-limit = 1024 (custom)
2019-08-21 07:29:50,898 INFO  server.RaftServerConfigKeys (ConfUtils.java:logGet(43)) - raft.server.log.segment.size.max = 1048576 (custom)
2019-08-21 07:29:50,899 INFO  server.RaftServerConfigKeys (ConfUtils.java:logGet(43)) - raft.server.log.preallocated.size = 16384 (custom)
2019-08-21 07:29:50,899 INFO  server.RaftServerConfigKeys (ConfUtils.java:logGet(43)) - raft.server.log.write.buffer.size = 33554432 (custom)
2019-08-21 07:29:50,899 INFO  server.RaftServerConfigKeys (ConfUtils.java:logGet(43)) - raft.server.log.force.sync.num = 128 (default)
2019-08-21 07:29:50,899 INFO  server.RaftServerConfigKeys (ConfUtils.java:logGet(43)) - raft.server.log.statemachine.data.sync = true (default)
2019-08-21 07:29:50,899 INFO  server.RaftServerConfigKeys (ConfUtils.java:logGet(43)) - raft.server.log.statemachine.data.sync.timeout = 10s (default)
2019-08-21 07:29:50,899 INFO  server.RaftServerConfigKeys (ConfUtils.java:logGet(43)) - raft.server.log.statemachine.data.sync.timeout.retry = -1 (default)
2019-08-21 07:29:50,900 INFO  server.RaftServerConfigKeys (ConfUtils.java:logGet(43)) - raft.server.log.statemachine.data.caching.enabled = true (custom)
2019-08-21 07:29:50,900 INFO  segmented.SegmentedRaftLogWorker (SegmentedRaftLogWorker.java:lambda$new$0(132)) - 7ed0d4b0-ed37-4072-82fa-f98a36996de9-SegmentedRaftLogWorker:Storage Directory /workdir/hadoop-ozone/integration-test/target/test-dir/MiniOzoneClusterImpl-5001b6fb-b076-4db0-9bfa-fe41c8f15f18/datanode-4/data/ratis/47650e08-e768-46cc-bf42-75141f802d09: flushIndex: setUnconditionally 0 -> -1
2019-08-21 07:29:50,901 INFO  server.RaftServerConfigKeys (ConfUtils.java:logGet(43)) - raft.server.snapshot.auto.trigger.enabled = true (custom)
2019-08-21 07:29:50,901 INFO  server.RaftServerConfigKeys (ConfUtils.java:logGet(43)) - raft.server.snapshot.auto.trigger.threshold = 10000 (custom)
2019-08-21 07:29:50,901 INFO  server.RaftServerConfigKeys (ConfUtils.java:logGet(43)) - raft.server.retrycache.expirytime = 600000ms (custom)
2019-08-21 07:29:50,901 INFO  impl.RaftServerImpl (RaftServerImpl.java:start(180)) - 7ed0d4b0-ed37-4072-82fa-f98a36996de9: start group-75141F802D09
2019-08-21 07:29:50,901 INFO  impl.RaftServerImpl (RaftServerImpl.java:setRole(171)) - 7ed0d4b0-ed37-4072-82fa-f98a36996de9:group-75141F802D09 changes role from null to FOLLOWER at term 0 for startAsFollower
2019-08-21 07:29:50,902 INFO  impl.RoleInfo (RoleInfo.java:updateAndGet(143)) - 7ed0d4b0-ed37-4072-82fa-f98a36996de9: start FollowerState
2019-08-21 07:29:50,902 INFO  util.JmxRegister (JmxRegister.java:tryRegister(44)) - Successfully registered JMX Bean with object name Ratis:service=RaftServer,group=group-75141F802D09,id=7ed0d4b0-ed37-4072-82fa-f98a36996de9
2019-08-21 07:29:50,912 INFO  pipeline.PipelineStateManager (PipelineStateManager.java:addPipeline(56)) - Created pipeline Pipeline[ Id: 47650e08-e768-46cc-bf42-75141f802d09, Nodes: 7ed0d4b0-ed37-4072-82fa-f98a36996de9{ip: 192.168.69.73, host: pr-hdds-1935-z5xc5-3809828402, networkLocation: /default-rack, certSerialId: null}, Type:RATIS, Factor:ONE, State:OPEN]
2019-08-21 07:29:50,938 INFO  impl.RaftServerProxy (RaftServerProxy.java:addNew(89)) - 1dea51db-6708-4ad6-91a8-3e9ff83f4832: addNew group-758AF19EDCEF:[1dea51db-6708-4ad6-91a8-3e9ff83f4832:192.168.69.73:43810] returns group-758AF19EDCEF:java.util.concurrent.CompletableFuture@38e4c80b[Not completed]
2019-08-21 07:29:50,942 INFO  impl.RaftServerImpl (RaftServerImpl.java:<init>(93)) - 1dea51db-6708-4ad6-91a8-3e9ff83f4832: new RaftServerImpl for group-758AF19EDCEF:[1dea51db-6708-4ad6-91a8-3e9ff83f4832:192.168.69.73:43810] with ContainerStateMachine:uninitialized
2019-08-21 07:29:50,942 INFO  server.RaftServerConfigKeys (ConfUtils.java:logGet(43)) - raft.server.rpc.timeout.min = 5s (custom)
2019-08-21 07:29:50,942 INFO  server.RaftServerConfigKeys (ConfUtils.java:logGet(43)) - raft.server.rpc.timeout.max = 5200ms (custom)
2019-08-21 07:29:50,942 INFO  server.RaftServerConfigKeys (ConfUtils.java:logGet(43)) - raft.server.rpcslowness.timeout = 120s (custom)
2019-08-21 07:29:50,943 INFO  server.RaftServerConfigKeys (ConfUtils.java:logGet(43)) - raft.server.sleep.deviation.threshold = 300 (default)
2019-08-21 07:29:50,943 INFO  server.RaftServerConfigKeys (ConfUtils.java:logGet(43)) - raft.server.log.appender.install.snapshot.enabled = false (custom)
2019-08-21 07:29:50,943 INFO  impl.RaftServerImpl (ServerState.java:<init>(105)) - 1dea51db-6708-4ad6-91a8-3e9ff83f4832:group-758AF19EDCEF ConfigurationManager, init=-1: [1dea51db-6708-4ad6-91a8-3e9ff83f4832:192.168.69.73:43810], old=null, confs=<EMPTY_MAP>
2019-08-21 07:29:50,943 INFO  server.RaftServerConfigKeys (ConfUtils.java:logGet(43)) - raft.server.storage.dir = [/workdir/hadoop-ozone/integration-test/target/test-dir/MiniOzoneClusterImpl-5001b6fb-b076-4db0-9bfa-fe41c8f15f18/datanode-5/data/ratis] (custom)
2019-08-21 07:29:50,944 INFO  storage.RaftStorageDirectory (RaftStorageDirectory.java:analyzeStorage(246)) - The storage directory /workdir/hadoop-ozone/integration-test/target/test-dir/MiniOzoneClusterImpl-5001b6fb-b076-4db0-9bfa-fe41c8f15f18/datanode-5/data/ratis/f654e945-d2ac-4f83-bdc5-758af19edcef does not exist. Creating ...
2019-08-21 07:29:50,965 INFO  storage.RaftStorageDirectory (RaftStorageDirectory.java:tryLock(328)) - Lock on /workdir/hadoop-ozone/integration-test/target/test-dir/MiniOzoneClusterImpl-5001b6fb-b076-4db0-9bfa-fe41c8f15f18/datanode-5/data/ratis/f654e945-d2ac-4f83-bdc5-758af19edcef/in_use.lock acquired by nodename 18437@pr-hdds-1935-z5xc5-3809828402
2019-08-21 07:29:50,978 INFO  storage.RaftStorage (RaftStorage.java:format(72)) - Storage directory /workdir/hadoop-ozone/integration-test/target/test-dir/MiniOzoneClusterImpl-5001b6fb-b076-4db0-9bfa-fe41c8f15f18/datanode-5/data/ratis/f654e945-d2ac-4f83-bdc5-758af19edcef has been successfully formatted.
2019-08-21 07:29:50,978 INFO  ratis.ContainerStateMachine (ContainerStateMachine.java:loadSnapshot(222)) - group-758AF19EDCEF: The snapshot info is null. Setting the last applied indexto:(t:0, i:~)
2019-08-21 07:29:50,979 INFO  server.RaftServerConfigKeys (ConfUtils.java:logGet(43)) - raft.server.leader.election.timeout = 120s (custom)
2019-08-21 07:29:50,979 INFO  server.RaftServerConfigKeys (ConfUtils.java:logGet(43)) - raft.server.log.use.memory = false (default)
2019-08-21 07:29:50,979 INFO  server.RaftServerConfigKeys (ConfUtils.java:logGet(43)) - raft.server.log.purge.gap = 1000000000 (custom)
2019-08-21 07:29:50,979 INFO  server.RaftServerConfigKeys (ConfUtils.java:logGet(43)) - raft.server.log.appender.buffer.byte-limit = 33554432 (custom)
2019-08-21 07:29:50,979 INFO  server.RaftServerConfigKeys (ConfUtils.java:logGet(43)) - raft.server.log.segment.size.max = 1048576 (custom)
2019-08-21 07:29:50,980 INFO  server.RaftServerConfigKeys (ConfUtils.java:logGet(43)) - raft.server.log.segment.cache.num.max = 2 (custom)
2019-08-21 07:29:50,980 INFO  segmented.SegmentedRaftLogWorker (SegmentedRaftLogWorker.java:<init>(172)) - new 1dea51db-6708-4ad6-91a8-3e9ff83f4832-SegmentedRaftLogWorker:Storage Directory /workdir/hadoop-ozone/integration-test/target/test-dir/MiniOzoneClusterImpl-5001b6fb-b076-4db0-9bfa-fe41c8f15f18/datanode-5/data/ratis/f654e945-d2ac-4f83-bdc5-758af19edcef for RaftStorage:Storage Directory /workdir/hadoop-ozone/integration-test/target/test-dir/MiniOzoneClusterImpl-5001b6fb-b076-4db0-9bfa-fe41c8f15f18/datanode-5/data/ratis/f654e945-d2ac-4f83-bdc5-758af19edcef
2019-08-21 07:29:50,980 INFO  server.RaftServerConfigKeys (ConfUtils.java:logGet(43)) - raft.server.log.queue.byte-limit = 2147483647 (custom)
2019-08-21 07:29:50,980 INFO  server.RaftServerConfigKeys (ConfUtils.java:logGet(43)) - raft.server.log.queue.element-limit = 1024 (custom)
2019-08-21 07:29:50,981 INFO  server.RaftServerConfigKeys (ConfUtils.java:logGet(43)) - raft.server.log.segment.size.max = 1048576 (custom)
2019-08-21 07:29:50,981 INFO  server.RaftServerConfigKeys (ConfUtils.java:logGet(43)) - raft.server.log.preallocated.size = 16384 (custom)
2019-08-21 07:29:50,981 INFO  server.RaftServerConfigKeys (ConfUtils.java:logGet(43)) - raft.server.log.write.buffer.size = 33554432 (custom)
2019-08-21 07:29:50,981 INFO  server.RaftServerConfigKeys (ConfUtils.java:logGet(43)) - raft.server.log.force.sync.num = 128 (default)
2019-08-21 07:29:50,981 INFO  server.RaftServerConfigKeys (ConfUtils.java:logGet(43)) - raft.server.log.statemachine.data.sync = true (default)
2019-08-21 07:29:50,981 INFO  server.RaftServerConfigKeys (ConfUtils.java:logGet(43)) - raft.server.log.statemachine.data.sync.timeout = 10s (default)
2019-08-21 07:29:50,982 INFO  server.RaftServerConfigKeys (ConfUtils.java:logGet(43)) - raft.server.log.statemachine.data.sync.timeout.retry = -1 (default)
2019-08-21 07:29:50,982 INFO  server.RaftServerConfigKeys (ConfUtils.java:logGet(43)) - raft.server.log.statemachine.data.caching.enabled = true (custom)
2019-08-21 07:29:50,982 INFO  segmented.SegmentedRaftLogWorker (SegmentedRaftLogWorker.java:lambda$new$0(132)) - 1dea51db-6708-4ad6-91a8-3e9ff83f4832-SegmentedRaftLogWorker:Storage Directory /workdir/hadoop-ozone/integration-test/target/test-dir/MiniOzoneClusterImpl-5001b6fb-b076-4db0-9bfa-fe41c8f15f18/datanode-5/data/ratis/f654e945-d2ac-4f83-bdc5-758af19edcef: flushIndex: setUnconditionally 0 -> -1
2019-08-21 07:29:50,983 INFO  server.RaftServerConfigKeys (ConfUtils.java:logGet(43)) - raft.server.snapshot.auto.trigger.enabled = true (custom)
2019-08-21 07:29:50,983 INFO  server.RaftServerConfigKeys (ConfUtils.java:logGet(43)) - raft.server.snapshot.auto.trigger.threshold = 10000 (custom)
2019-08-21 07:29:50,983 INFO  server.RaftServerConfigKeys (ConfUtils.java:logGet(43)) - raft.server.retrycache.expirytime = 600000ms (custom)
2019-08-21 07:29:50,983 INFO  impl.RaftServerImpl (RaftServerImpl.java:start(180)) - 1dea51db-6708-4ad6-91a8-3e9ff83f4832: start group-758AF19EDCEF
2019-08-21 07:29:50,984 INFO  impl.RaftServerImpl (RaftServerImpl.java:setRole(171)) - 1dea51db-6708-4ad6-91a8-3e9ff83f4832:group-758AF19EDCEF changes role from null to FOLLOWER at term 0 for startAsFollower
2019-08-21 07:29:50,984 INFO  impl.RoleInfo (RoleInfo.java:updateAndGet(143)) - 1dea51db-6708-4ad6-91a8-3e9ff83f4832: start FollowerState
2019-08-21 07:29:50,984 INFO  util.JmxRegister (JmxRegister.java:tryRegister(44)) - Successfully registered JMX Bean with object name Ratis:service=RaftServer,group=group-758AF19EDCEF,id=1dea51db-6708-4ad6-91a8-3e9ff83f4832
2019-08-21 07:29:50,997 INFO  pipeline.PipelineStateManager (PipelineStateManager.java:addPipeline(56)) - Created pipeline Pipeline[ Id: f654e945-d2ac-4f83-bdc5-758af19edcef, Nodes: 1dea51db-6708-4ad6-91a8-3e9ff83f4832{ip: 192.168.69.73, host: pr-hdds-1935-z5xc5-3809828402, networkLocation: /default-rack, certSerialId: null}, Type:RATIS, Factor:ONE, State:OPEN]
2019-08-21 07:29:51,023 INFO  impl.RaftServerProxy (RaftServerProxy.java:addNew(89)) - 63676a94-6794-405b-90a4-09d155913ff7: addNew group-33EEECA7545C:[63676a94-6794-405b-90a4-09d155913ff7:192.168.69.73:32885] returns group-33EEECA7545C:java.util.concurrent.CompletableFuture@635a3d3a[Not completed]
2019-08-21 07:29:51,024 INFO  impl.RaftServerImpl (RaftServerImpl.java:<init>(93)) - 63676a94-6794-405b-90a4-09d155913ff7: new RaftServerImpl for group-33EEECA7545C:[63676a94-6794-405b-90a4-09d155913ff7:192.168.69.73:32885] with ContainerStateMachine:uninitialized
2019-08-21 07:29:51,024 INFO  server.RaftServerConfigKeys (ConfUtils.java:logGet(43)) - raft.server.rpc.timeout.min = 5s (custom)
2019-08-21 07:29:51,024 INFO  server.RaftServerConfigKeys (ConfUtils.java:logGet(43)) - raft.server.rpc.timeout.max = 5200ms (custom)
2019-08-21 07:29:51,024 INFO  server.RaftServerConfigKeys (ConfUtils.java:logGet(43)) - raft.server.rpcslowness.timeout = 120s (custom)
2019-08-21 07:29:51,024 INFO  server.RaftServerConfigKeys (ConfUtils.java:logGet(43)) - raft.server.sleep.deviation.threshold = 300 (default)
2019-08-21 07:29:51,024 INFO  server.RaftServerConfigKeys (ConfUtils.java:logGet(43)) - raft.server.log.appender.install.snapshot.enabled = false (custom)
2019-08-21 07:29:51,024 INFO  impl.RaftServerImpl (ServerState.java:<init>(105)) - 63676a94-6794-405b-90a4-09d155913ff7:group-33EEECA7545C ConfigurationManager, init=-1: [63676a94-6794-405b-90a4-09d155913ff7:192.168.69.73:32885], old=null, confs=<EMPTY_MAP>
2019-08-21 07:29:51,025 INFO  server.RaftServerConfigKeys (ConfUtils.java:logGet(43)) - raft.server.storage.dir = [/workdir/hadoop-ozone/integration-test/target/test-dir/MiniOzoneClusterImpl-5001b6fb-b076-4db0-9bfa-fe41c8f15f18/datanode-1/data/ratis] (custom)
2019-08-21 07:29:51,025 INFO  storage.RaftStorageDirectory (RaftStorageDirectory.java:analyzeStorage(246)) - The storage directory /workdir/hadoop-ozone/integration-test/target/test-dir/MiniOzoneClusterImpl-5001b6fb-b076-4db0-9bfa-fe41c8f15f18/datanode-1/data/ratis/b5b31fdc-c775-4f7a-9dbf-33eeeca7545c does not exist. Creating ...
2019-08-21 07:29:51,038 INFO  storage.RaftStorageDirectory (RaftStorageDirectory.java:tryLock(328)) - Lock on /workdir/hadoop-ozone/integration-test/target/test-dir/MiniOzoneClusterImpl-5001b6fb-b076-4db0-9bfa-fe41c8f15f18/datanode-1/data/ratis/b5b31fdc-c775-4f7a-9dbf-33eeeca7545c/in_use.lock acquired by nodename 18437@pr-hdds-1935-z5xc5-3809828402
2019-08-21 07:29:51,052 INFO  storage.RaftStorage (RaftStorage.java:format(72)) - Storage directory /workdir/hadoop-ozone/integration-test/target/test-dir/MiniOzoneClusterImpl-5001b6fb-b076-4db0-9bfa-fe41c8f15f18/datanode-1/data/ratis/b5b31fdc-c775-4f7a-9dbf-33eeeca7545c has been successfully formatted.
2019-08-21 07:29:51,052 INFO  ratis.ContainerStateMachine (ContainerStateMachine.java:loadSnapshot(222)) - group-33EEECA7545C: The snapshot info is null. Setting the last applied indexto:(t:0, i:~)
2019-08-21 07:29:51,052 INFO  server.RaftServerConfigKeys (ConfUtils.java:logGet(43)) - raft.server.leader.election.timeout = 120s (custom)
2019-08-21 07:29:51,052 INFO  server.RaftServerConfigKeys (ConfUtils.java:logGet(43)) - raft.server.log.use.memory = false (default)
2019-08-21 07:29:51,052 INFO  server.RaftServerConfigKeys (ConfUtils.java:logGet(43)) - raft.server.log.purge.gap = 1000000000 (custom)
2019-08-21 07:29:51,052 INFO  server.RaftServerConfigKeys (ConfUtils.java:logGet(43)) - raft.server.log.appender.buffer.byte-limit = 33554432 (custom)
2019-08-21 07:29:51,052 INFO  server.RaftServerConfigKeys (ConfUtils.java:logGet(43)) - raft.server.log.segment.size.max = 1048576 (custom)
2019-08-21 07:29:51,053 INFO  server.RaftServerConfigKeys (ConfUtils.java:logGet(43)) - raft.server.log.segment.cache.num.max = 2 (custom)
2019-08-21 07:29:51,053 INFO  segmented.SegmentedRaftLogWorker (SegmentedRaftLogWorker.java:<init>(172)) - new 63676a94-6794-405b-90a4-09d155913ff7-SegmentedRaftLogWorker:Storage Directory /workdir/hadoop-ozone/integration-test/target/test-dir/MiniOzoneClusterImpl-5001b6fb-b076-4db0-9bfa-fe41c8f15f18/datanode-1/data/ratis/b5b31fdc-c775-4f7a-9dbf-33eeeca7545c for RaftStorage:Storage Directory /workdir/hadoop-ozone/integration-test/target/test-dir/MiniOzoneClusterImpl-5001b6fb-b076-4db0-9bfa-fe41c8f15f18/datanode-1/data/ratis/b5b31fdc-c775-4f7a-9dbf-33eeeca7545c
2019-08-21 07:29:51,053 INFO  server.RaftServerConfigKeys (ConfUtils.java:logGet(43)) - raft.server.log.queue.byte-limit = 2147483647 (custom)
2019-08-21 07:29:51,053 INFO  server.RaftServerConfigKeys (ConfUtils.java:logGet(43)) - raft.server.log.queue.element-limit = 1024 (custom)
2019-08-21 07:29:51,053 INFO  server.RaftServerConfigKeys (ConfUtils.java:logGet(43)) - raft.server.log.segment.size.max = 1048576 (custom)
2019-08-21 07:29:51,053 INFO  server.RaftServerConfigKeys (ConfUtils.java:logGet(43)) - raft.server.log.preallocated.size = 16384 (custom)
2019-08-21 07:29:51,053 INFO  server.RaftServerConfigKeys (ConfUtils.java:logGet(43)) - raft.server.log.write.buffer.size = 33554432 (custom)
2019-08-21 07:29:51,053 INFO  server.RaftServerConfigKeys (ConfUtils.java:logGet(43)) - raft.server.log.force.sync.num = 128 (default)
2019-08-21 07:29:51,054 INFO  server.RaftServerConfigKeys (ConfUtils.java:logGet(43)) - raft.server.log.statemachine.data.sync = true (default)
2019-08-21 07:29:51,054 INFO  server.RaftServerConfigKeys (ConfUtils.java:logGet(43)) - raft.server.log.statemachine.data.sync.timeout = 10s (default)
2019-08-21 07:29:51,054 INFO  server.RaftServerConfigKeys (ConfUtils.java:logGet(43)) - raft.server.log.statemachine.data.sync.timeout.retry = -1 (default)
2019-08-21 07:29:51,054 INFO  server.RaftServerConfigKeys (ConfUtils.java:logGet(43)) - raft.server.log.statemachine.data.caching.enabled = true (custom)
2019-08-21 07:29:51,054 INFO  segmented.SegmentedRaftLogWorker (SegmentedRaftLogWorker.java:lambda$new$0(132)) - 63676a94-6794-405b-90a4-09d155913ff7-SegmentedRaftLogWorker:Storage Directory /workdir/hadoop-ozone/integration-test/target/test-dir/MiniOzoneClusterImpl-5001b6fb-b076-4db0-9bfa-fe41c8f15f18/datanode-1/data/ratis/b5b31fdc-c775-4f7a-9dbf-33eeeca7545c: flushIndex: setUnconditionally 0 -> -1
2019-08-21 07:29:51,055 INFO  server.RaftServerConfigKeys (ConfUtils.java:logGet(43)) - raft.server.snapshot.auto.trigger.enabled = true (custom)
2019-08-21 07:29:51,055 INFO  server.RaftServerConfigKeys (ConfUtils.java:logGet(43)) - raft.server.snapshot.auto.trigger.threshold = 10000 (custom)
2019-08-21 07:29:51,055 INFO  server.RaftServerConfigKeys (ConfUtils.java:logGet(43)) - raft.server.retrycache.expirytime = 600000ms (custom)
2019-08-21 07:29:51,055 INFO  impl.RaftServerImpl (RaftServerImpl.java:start(180)) - 63676a94-6794-405b-90a4-09d155913ff7: start group-33EEECA7545C
2019-08-21 07:29:51,055 INFO  impl.RaftServerImpl (RaftServerImpl.java:setRole(171)) - 63676a94-6794-405b-90a4-09d155913ff7:group-33EEECA7545C changes role from null to FOLLOWER at term 0 for startAsFollower
2019-08-21 07:29:51,055 INFO  impl.RoleInfo (RoleInfo.java:updateAndGet(143)) - 63676a94-6794-405b-90a4-09d155913ff7: start FollowerState
2019-08-21 07:29:51,056 INFO  util.JmxRegister (JmxRegister.java:tryRegister(44)) - Successfully registered JMX Bean with object name Ratis:service=RaftServer,group=group-33EEECA7545C,id=63676a94-6794-405b-90a4-09d155913ff7
2019-08-21 07:29:51,066 INFO  pipeline.PipelineStateManager (PipelineStateManager.java:addPipeline(56)) - Created pipeline Pipeline[ Id: b5b31fdc-c775-4f7a-9dbf-33eeeca7545c, Nodes: 63676a94-6794-405b-90a4-09d155913ff7{ip: 192.168.69.73, host: pr-hdds-1935-z5xc5-3809828402, networkLocation: /default-rack, certSerialId: null}, Type:RATIS, Factor:ONE, State:OPEN]
2019-08-21 07:29:51,093 INFO  impl.RaftServerProxy (RaftServerProxy.java:addNew(89)) - 9355736e-4a02-406b-a3ec-b57d496fec13: addNew group-8D990FCA030D:[9355736e-4a02-406b-a3ec-b57d496fec13:192.168.69.73:41045] returns group-8D990FCA030D:java.util.concurrent.CompletableFuture@494b423f[Not completed]
2019-08-21 07:29:51,105 INFO  impl.RaftServerImpl (RaftServerImpl.java:<init>(93)) - 9355736e-4a02-406b-a3ec-b57d496fec13: new RaftServerImpl for group-8D990FCA030D:[9355736e-4a02-406b-a3ec-b57d496fec13:192.168.69.73:41045] with ContainerStateMachine:uninitialized
2019-08-21 07:29:51,105 INFO  server.RaftServerConfigKeys (ConfUtils.java:logGet(43)) - raft.server.rpc.timeout.min = 5s (custom)
2019-08-21 07:29:51,105 INFO  server.RaftServerConfigKeys (ConfUtils.java:logGet(43)) - raft.server.rpc.timeout.max = 5200ms (custom)
2019-08-21 07:29:51,105 INFO  server.RaftServerConfigKeys (ConfUtils.java:logGet(43)) - raft.server.rpcslowness.timeout = 120s (custom)
2019-08-21 07:29:51,106 INFO  server.RaftServerConfigKeys (ConfUtils.java:logGet(43)) - raft.server.sleep.deviation.threshold = 300 (default)
2019-08-21 07:29:51,106 INFO  server.RaftServerConfigKeys (ConfUtils.java:logGet(43)) - raft.server.log.appender.install.snapshot.enabled = false (custom)
2019-08-21 07:29:51,106 INFO  impl.RaftServerImpl (ServerState.java:<init>(105)) - 9355736e-4a02-406b-a3ec-b57d496fec13:group-8D990FCA030D ConfigurationManager, init=-1: [9355736e-4a02-406b-a3ec-b57d496fec13:192.168.69.73:41045], old=null, confs=<EMPTY_MAP>
2019-08-21 07:29:51,106 INFO  server.RaftServerConfigKeys (ConfUtils.java:logGet(43)) - raft.server.storage.dir = [/workdir/hadoop-ozone/integration-test/target/test-dir/MiniOzoneClusterImpl-5001b6fb-b076-4db0-9bfa-fe41c8f15f18/datanode-3/data/ratis] (custom)
2019-08-21 07:29:51,106 INFO  storage.RaftStorageDirectory (RaftStorageDirectory.java:analyzeStorage(246)) - The storage directory /workdir/hadoop-ozone/integration-test/target/test-dir/MiniOzoneClusterImpl-5001b6fb-b076-4db0-9bfa-fe41c8f15f18/datanode-3/data/ratis/f80d2cf7-4ddb-4b30-bcab-8d990fca030d does not exist. Creating ...
2019-08-21 07:29:51,119 INFO  storage.RaftStorageDirectory (RaftStorageDirectory.java:tryLock(328)) - Lock on /workdir/hadoop-ozone/integration-test/target/test-dir/MiniOzoneClusterImpl-5001b6fb-b076-4db0-9bfa-fe41c8f15f18/datanode-3/data/ratis/f80d2cf7-4ddb-4b30-bcab-8d990fca030d/in_use.lock acquired by nodename 18437@pr-hdds-1935-z5xc5-3809828402
2019-08-21 07:29:51,133 INFO  storage.RaftStorage (RaftStorage.java:format(72)) - Storage directory /workdir/hadoop-ozone/integration-test/target/test-dir/MiniOzoneClusterImpl-5001b6fb-b076-4db0-9bfa-fe41c8f15f18/datanode-3/data/ratis/f80d2cf7-4ddb-4b30-bcab-8d990fca030d has been successfully formatted.
2019-08-21 07:29:51,133 INFO  ratis.ContainerStateMachine (ContainerStateMachine.java:loadSnapshot(222)) - group-8D990FCA030D: The snapshot info is null. Setting the last applied indexto:(t:0, i:~)
2019-08-21 07:29:51,133 INFO  server.RaftServerConfigKeys (ConfUtils.java:logGet(43)) - raft.server.leader.election.timeout = 120s (custom)
2019-08-21 07:29:51,133 INFO  server.RaftServerConfigKeys (ConfUtils.java:logGet(43)) - raft.server.log.use.memory = false (default)
2019-08-21 07:29:51,134 INFO  server.RaftServerConfigKeys (ConfUtils.java:logGet(43)) - raft.server.log.purge.gap = 1000000000 (custom)
2019-08-21 07:29:51,134 INFO  server.RaftServerConfigKeys (ConfUtils.java:logGet(43)) - raft.server.log.appender.buffer.byte-limit = 33554432 (custom)
2019-08-21 07:29:51,134 INFO  server.RaftServerConfigKeys (ConfUtils.java:logGet(43)) - raft.server.log.segment.size.max = 1048576 (custom)
2019-08-21 07:29:51,134 INFO  server.RaftServerConfigKeys (ConfUtils.java:logGet(43)) - raft.server.log.segment.cache.num.max = 2 (custom)
2019-08-21 07:29:51,134 INFO  segmented.SegmentedRaftLogWorker (SegmentedRaftLogWorker.java:<init>(172)) - new 9355736e-4a02-406b-a3ec-b57d496fec13-SegmentedRaftLogWorker:Storage Directory /workdir/hadoop-ozone/integration-test/target/test-dir/MiniOzoneClusterImpl-5001b6fb-b076-4db0-9bfa-fe41c8f15f18/datanode-3/data/ratis/f80d2cf7-4ddb-4b30-bcab-8d990fca030d for RaftStorage:Storage Directory /workdir/hadoop-ozone/integration-test/target/test-dir/MiniOzoneClusterImpl-5001b6fb-b076-4db0-9bfa-fe41c8f15f18/datanode-3/data/ratis/f80d2cf7-4ddb-4b30-bcab-8d990fca030d
2019-08-21 07:29:51,135 INFO  server.RaftServerConfigKeys (ConfUtils.java:logGet(43)) - raft.server.log.queue.byte-limit = 2147483647 (custom)
2019-08-21 07:29:51,135 INFO  server.RaftServerConfigKeys (ConfUtils.java:logGet(43)) - raft.server.log.queue.element-limit = 1024 (custom)
2019-08-21 07:29:51,135 INFO  server.RaftServerConfigKeys (ConfUtils.java:logGet(43)) - raft.server.log.segment.size.max = 1048576 (custom)
2019-08-21 07:29:51,135 INFO  server.RaftServerConfigKeys (ConfUtils.java:logGet(43)) - raft.server.log.preallocated.size = 16384 (custom)
2019-08-21 07:29:51,135 INFO  server.RaftServerConfigKeys (ConfUtils.java:logGet(43)) - raft.server.log.write.buffer.size = 33554432 (custom)
2019-08-21 07:29:51,135 INFO  server.RaftServerConfigKeys (ConfUtils.java:logGet(43)) - raft.server.log.force.sync.num = 128 (default)
2019-08-21 07:29:51,136 INFO  server.RaftServerConfigKeys (ConfUtils.java:logGet(43)) - raft.server.log.statemachine.data.sync = true (default)
2019-08-21 07:29:51,136 INFO  server.RaftServerConfigKeys (ConfUtils.java:logGet(43)) - raft.server.log.statemachine.data.sync.timeout = 10s (default)
2019-08-21 07:29:51,136 INFO  server.RaftServerConfigKeys (ConfUtils.java:logGet(43)) - raft.server.log.statemachine.data.sync.timeout.retry = -1 (default)
2019-08-21 07:29:51,136 INFO  server.RaftServerConfigKeys (ConfUtils.java:logGet(43)) - raft.server.log.statemachine.data.caching.enabled = true (custom)
2019-08-21 07:29:51,137 INFO  segmented.SegmentedRaftLogWorker (SegmentedRaftLogWorker.java:lambda$new$0(132)) - 9355736e-4a02-406b-a3ec-b57d496fec13-SegmentedRaftLogWorker:Storage Directory /workdir/hadoop-ozone/integration-test/target/test-dir/MiniOzoneClusterImpl-5001b6fb-b076-4db0-9bfa-fe41c8f15f18/datanode-3/data/ratis/f80d2cf7-4ddb-4b30-bcab-8d990fca030d: flushIndex: setUnconditionally 0 -> -1
2019-08-21 07:29:51,137 INFO  server.RaftServerConfigKeys (ConfUtils.java:logGet(43)) - raft.server.snapshot.auto.trigger.enabled = true (custom)
2019-08-21 07:29:51,137 INFO  server.RaftServerConfigKeys (ConfUtils.java:logGet(43)) - raft.server.snapshot.auto.trigger.threshold = 10000 (custom)
2019-08-21 07:29:51,137 INFO  server.RaftServerConfigKeys (ConfUtils.java:logGet(43)) - raft.server.retrycache.expirytime = 600000ms (custom)
2019-08-21 07:29:51,137 INFO  impl.RaftServerImpl (RaftServerImpl.java:start(180)) - 9355736e-4a02-406b-a3ec-b57d496fec13: start group-8D990FCA030D
2019-08-21 07:29:51,138 INFO  impl.RaftServerImpl (RaftServerImpl.java:setRole(171)) - 9355736e-4a02-406b-a3ec-b57d496fec13:group-8D990FCA030D changes role from null to FOLLOWER at term 0 for startAsFollower
2019-08-21 07:29:51,138 INFO  impl.RoleInfo (RoleInfo.java:updateAndGet(143)) - 9355736e-4a02-406b-a3ec-b57d496fec13: start FollowerState
2019-08-21 07:29:51,138 INFO  util.JmxRegister (JmxRegister.java:tryRegister(44)) - Successfully registered JMX Bean with object name Ratis:service=RaftServer,group=group-8D990FCA030D,id=9355736e-4a02-406b-a3ec-b57d496fec13
2019-08-21 07:29:51,165 INFO  pipeline.PipelineStateManager (PipelineStateManager.java:addPipeline(56)) - Created pipeline Pipeline[ Id: f80d2cf7-4ddb-4b30-bcab-8d990fca030d, Nodes: 9355736e-4a02-406b-a3ec-b57d496fec13{ip: 192.168.69.73, host: pr-hdds-1935-z5xc5-3809828402, networkLocation: /default-rack, certSerialId: null}, Type:RATIS, Factor:ONE, State:OPEN]
2019-08-21 07:29:51,211 INFO  impl.RaftServerProxy (RaftServerProxy.java:addNew(89)) - 7ed0d4b0-ed37-4072-82fa-f98a36996de9: addNew group-57A28F28AE41:[1dea51db-6708-4ad6-91a8-3e9ff83f4832:192.168.69.73:43810, 7ed0d4b0-ed37-4072-82fa-f98a36996de9:192.168.69.73:38928, 5276881d-a7b2-4333-9791-db73149c0941:192.168.69.73:44992] returns group-57A28F28AE41:java.util.concurrent.CompletableFuture@76de0313[Not completed]
2019-08-21 07:29:51,214 INFO  impl.RaftServerProxy (RaftServerProxy.java:addNew(89)) - 5276881d-a7b2-4333-9791-db73149c0941: addNew group-57A28F28AE41:[1dea51db-6708-4ad6-91a8-3e9ff83f4832:192.168.69.73:43810, 7ed0d4b0-ed37-4072-82fa-f98a36996de9:192.168.69.73:38928, 5276881d-a7b2-4333-9791-db73149c0941:192.168.69.73:44992] returns group-57A28F28AE41:java.util.concurrent.CompletableFuture@37e30928[Not completed]
2019-08-21 07:29:51,214 INFO  impl.RaftServerProxy (RaftServerProxy.java:addNew(89)) - 1dea51db-6708-4ad6-91a8-3e9ff83f4832: addNew group-57A28F28AE41:[1dea51db-6708-4ad6-91a8-3e9ff83f4832:192.168.69.73:43810, 7ed0d4b0-ed37-4072-82fa-f98a36996de9:192.168.69.73:38928, 5276881d-a7b2-4333-9791-db73149c0941:192.168.69.73:44992] returns group-57A28F28AE41:java.util.concurrent.CompletableFuture@66d1f103[Not completed]
2019-08-21 07:29:51,214 INFO  impl.RaftServerImpl (RaftServerImpl.java:<init>(93)) - 7ed0d4b0-ed37-4072-82fa-f98a36996de9: new RaftServerImpl for group-57A28F28AE41:[1dea51db-6708-4ad6-91a8-3e9ff83f4832:192.168.69.73:43810, 7ed0d4b0-ed37-4072-82fa-f98a36996de9:192.168.69.73:38928, 5276881d-a7b2-4333-9791-db73149c0941:192.168.69.73:44992] with ContainerStateMachine:uninitialized
2019-08-21 07:29:51,215 INFO  server.RaftServerConfigKeys (ConfUtils.java:logGet(43)) - raft.server.rpc.timeout.min = 5s (custom)
2019-08-21 07:29:51,215 INFO  server.RaftServerConfigKeys (ConfUtils.java:logGet(43)) - raft.server.rpc.timeout.max = 5200ms (custom)
2019-08-21 07:29:51,215 INFO  server.RaftServerConfigKeys (ConfUtils.java:logGet(43)) - raft.server.rpcslowness.timeout = 120s (custom)
2019-08-21 07:29:51,215 INFO  server.RaftServerConfigKeys (ConfUtils.java:logGet(43)) - raft.server.sleep.deviation.threshold = 300 (default)
2019-08-21 07:29:51,215 INFO  server.RaftServerConfigKeys (ConfUtils.java:logGet(43)) - raft.server.log.appender.install.snapshot.enabled = false (custom)
2019-08-21 07:29:51,216 INFO  impl.RaftServerImpl (ServerState.java:<init>(105)) - 7ed0d4b0-ed37-4072-82fa-f98a36996de9:group-57A28F28AE41 ConfigurationManager, init=-1: [1dea51db-6708-4ad6-91a8-3e9ff83f4832:192.168.69.73:43810, 7ed0d4b0-ed37-4072-82fa-f98a36996de9:192.168.69.73:38928, 5276881d-a7b2-4333-9791-db73149c0941:192.168.69.73:44992], old=null, confs=<EMPTY_MAP>
2019-08-21 07:29:51,216 INFO  impl.RaftServerImpl (RaftServerImpl.java:<init>(93)) - 5276881d-a7b2-4333-9791-db73149c0941: new RaftServerImpl for group-57A28F28AE41:[1dea51db-6708-4ad6-91a8-3e9ff83f4832:192.168.69.73:43810, 7ed0d4b0-ed37-4072-82fa-f98a36996de9:192.168.69.73:38928, 5276881d-a7b2-4333-9791-db73149c0941:192.168.69.73:44992] with ContainerStateMachine:uninitialized
2019-08-21 07:29:51,216 INFO  server.RaftServerConfigKeys (ConfUtils.java:logGet(43)) - raft.server.storage.dir = [/workdir/hadoop-ozone/integration-test/target/test-dir/MiniOzoneClusterImpl-5001b6fb-b076-4db0-9bfa-fe41c8f15f18/datanode-4/data/ratis] (custom)
2019-08-21 07:29:51,216 INFO  server.RaftServerConfigKeys (ConfUtils.java:logGet(43)) - raft.server.rpc.timeout.min = 5s (custom)
2019-08-21 07:29:51,216 INFO  server.RaftServerConfigKeys (ConfUtils.java:logGet(43)) - raft.server.rpc.timeout.max = 5200ms (custom)
2019-08-21 07:29:51,216 INFO  storage.RaftStorageDirectory (RaftStorageDirectory.java:analyzeStorage(246)) - The storage directory /workdir/hadoop-ozone/integration-test/target/test-dir/MiniOzoneClusterImpl-5001b6fb-b076-4db0-9bfa-fe41c8f15f18/datanode-4/data/ratis/358e609c-9a13-4a67-b96f-57a28f28ae41 does not exist. Creating ...
2019-08-21 07:29:51,216 INFO  impl.RaftServerImpl (RaftServerImpl.java:<init>(93)) - 1dea51db-6708-4ad6-91a8-3e9ff83f4832: new RaftServerImpl for group-57A28F28AE41:[1dea51db-6708-4ad6-91a8-3e9ff83f4832:192.168.69.73:43810, 7ed0d4b0-ed37-4072-82fa-f98a36996de9:192.168.69.73:38928, 5276881d-a7b2-4333-9791-db73149c0941:192.168.69.73:44992] with ContainerStateMachine:uninitialized
2019-08-21 07:29:51,216 INFO  server.RaftServerConfigKeys (ConfUtils.java:logGet(43)) - raft.server.rpcslowness.timeout = 120s (custom)
2019-08-21 07:29:51,217 INFO  server.RaftServerConfigKeys (ConfUtils.java:logGet(43)) - raft.server.rpc.timeout.min = 5s (custom)
2019-08-21 07:29:51,217 INFO  server.RaftServerConfigKeys (ConfUtils.java:logGet(43)) - raft.server.sleep.deviation.threshold = 300 (default)
2019-08-21 07:29:51,217 INFO  server.RaftServerConfigKeys (ConfUtils.java:logGet(43)) - raft.server.rpc.timeout.max = 5200ms (custom)
2019-08-21 07:29:51,217 INFO  server.RaftServerConfigKeys (ConfUtils.java:logGet(43)) - raft.server.log.appender.install.snapshot.enabled = false (custom)
2019-08-21 07:29:51,217 INFO  server.RaftServerConfigKeys (ConfUtils.java:logGet(43)) - raft.server.rpcslowness.timeout = 120s (custom)
2019-08-21 07:29:51,218 INFO  impl.RaftServerImpl (ServerState.java:<init>(105)) - 5276881d-a7b2-4333-9791-db73149c0941:group-57A28F28AE41 ConfigurationManager, init=-1: [1dea51db-6708-4ad6-91a8-3e9ff83f4832:192.168.69.73:43810, 7ed0d4b0-ed37-4072-82fa-f98a36996de9:192.168.69.73:38928, 5276881d-a7b2-4333-9791-db73149c0941:192.168.69.73:44992], old=null, confs=<EMPTY_MAP>
2019-08-21 07:29:51,218 INFO  server.RaftServerConfigKeys (ConfUtils.java:logGet(43)) - raft.server.sleep.deviation.threshold = 300 (default)
2019-08-21 07:29:51,218 INFO  server.RaftServerConfigKeys (ConfUtils.java:logGet(43)) - raft.server.storage.dir = [/workdir/hadoop-ozone/integration-test/target/test-dir/MiniOzoneClusterImpl-5001b6fb-b076-4db0-9bfa-fe41c8f15f18/datanode-2/data/ratis] (custom)
2019-08-21 07:29:51,218 INFO  server.RaftServerConfigKeys (ConfUtils.java:logGet(43)) - raft.server.log.appender.install.snapshot.enabled = false (custom)
2019-08-21 07:29:51,218 INFO  impl.RaftServerImpl (ServerState.java:<init>(105)) - 1dea51db-6708-4ad6-91a8-3e9ff83f4832:group-57A28F28AE41 ConfigurationManager, init=-1: [1dea51db-6708-4ad6-91a8-3e9ff83f4832:192.168.69.73:43810, 7ed0d4b0-ed37-4072-82fa-f98a36996de9:192.168.69.73:38928, 5276881d-a7b2-4333-9791-db73149c0941:192.168.69.73:44992], old=null, confs=<EMPTY_MAP>
2019-08-21 07:29:51,218 INFO  storage.RaftStorageDirectory (RaftStorageDirectory.java:analyzeStorage(246)) - The storage directory /workdir/hadoop-ozone/integration-test/target/test-dir/MiniOzoneClusterImpl-5001b6fb-b076-4db0-9bfa-fe41c8f15f18/datanode-2/data/ratis/358e609c-9a13-4a67-b96f-57a28f28ae41 does not exist. Creating ...
2019-08-21 07:29:51,218 INFO  server.RaftServerConfigKeys (ConfUtils.java:logGet(43)) - raft.server.storage.dir = [/workdir/hadoop-ozone/integration-test/target/test-dir/MiniOzoneClusterImpl-5001b6fb-b076-4db0-9bfa-fe41c8f15f18/datanode-5/data/ratis] (custom)
2019-08-21 07:29:51,219 INFO  storage.RaftStorageDirectory (RaftStorageDirectory.java:analyzeStorage(246)) - The storage directory /workdir/hadoop-ozone/integration-test/target/test-dir/MiniOzoneClusterImpl-5001b6fb-b076-4db0-9bfa-fe41c8f15f18/datanode-5/data/ratis/358e609c-9a13-4a67-b96f-57a28f28ae41 does not exist. Creating ...
2019-08-21 07:29:51,230 INFO  storage.RaftStorageDirectory (RaftStorageDirectory.java:tryLock(328)) - Lock on /workdir/hadoop-ozone/integration-test/target/test-dir/MiniOzoneClusterImpl-5001b6fb-b076-4db0-9bfa-fe41c8f15f18/datanode-5/data/ratis/358e609c-9a13-4a67-b96f-57a28f28ae41/in_use.lock acquired by nodename 18437@pr-hdds-1935-z5xc5-3809828402
2019-08-21 07:29:51,230 INFO  storage.RaftStorageDirectory (RaftStorageDirectory.java:tryLock(328)) - Lock on /workdir/hadoop-ozone/integration-test/target/test-dir/MiniOzoneClusterImpl-5001b6fb-b076-4db0-9bfa-fe41c8f15f18/datanode-2/data/ratis/358e609c-9a13-4a67-b96f-57a28f28ae41/in_use.lock acquired by nodename 18437@pr-hdds-1935-z5xc5-3809828402
2019-08-21 07:29:51,230 INFO  storage.RaftStorageDirectory (RaftStorageDirectory.java:tryLock(328)) - Lock on /workdir/hadoop-ozone/integration-test/target/test-dir/MiniOzoneClusterImpl-5001b6fb-b076-4db0-9bfa-fe41c8f15f18/datanode-4/data/ratis/358e609c-9a13-4a67-b96f-57a28f28ae41/in_use.lock acquired by nodename 18437@pr-hdds-1935-z5xc5-3809828402
2019-08-21 07:29:51,244 INFO  storage.RaftStorage (RaftStorage.java:format(72)) - Storage directory /workdir/hadoop-ozone/integration-test/target/test-dir/MiniOzoneClusterImpl-5001b6fb-b076-4db0-9bfa-fe41c8f15f18/datanode-4/data/ratis/358e609c-9a13-4a67-b96f-57a28f28ae41 has been successfully formatted.
2019-08-21 07:29:51,244 INFO  storage.RaftStorage (RaftStorage.java:format(72)) - Storage directory /workdir/hadoop-ozone/integration-test/target/test-dir/MiniOzoneClusterImpl-5001b6fb-b076-4db0-9bfa-fe41c8f15f18/datanode-2/data/ratis/358e609c-9a13-4a67-b96f-57a28f28ae41 has been successfully formatted.
2019-08-21 07:29:51,244 INFO  storage.RaftStorage (RaftStorage.java:format(72)) - Storage directory /workdir/hadoop-ozone/integration-test/target/test-dir/MiniOzoneClusterImpl-5001b6fb-b076-4db0-9bfa-fe41c8f15f18/datanode-5/data/ratis/358e609c-9a13-4a67-b96f-57a28f28ae41 has been successfully formatted.
2019-08-21 07:29:51,244 INFO  ratis.ContainerStateMachine (ContainerStateMachine.java:loadSnapshot(222)) - group-57A28F28AE41: The snapshot info is null. Setting the last applied indexto:(t:0, i:~)
2019-08-21 07:29:51,244 INFO  ratis.ContainerStateMachine (ContainerStateMachine.java:loadSnapshot(222)) - group-57A28F28AE41: The snapshot info is null. Setting the last applied indexto:(t:0, i:~)
2019-08-21 07:29:51,245 INFO  server.RaftServerConfigKeys (ConfUtils.java:logGet(43)) - raft.server.leader.election.timeout = 120s (custom)
2019-08-21 07:29:51,244 INFO  ratis.ContainerStateMachine (ContainerStateMachine.java:loadSnapshot(222)) - group-57A28F28AE41: The snapshot info is null. Setting the last applied indexto:(t:0, i:~)
2019-08-21 07:29:51,245 INFO  server.RaftServerConfigKeys (ConfUtils.java:logGet(43)) - raft.server.log.use.memory = false (default)
2019-08-21 07:29:51,245 INFO  server.RaftServerConfigKeys (ConfUtils.java:logGet(43)) - raft.server.leader.election.timeout = 120s (custom)
2019-08-21 07:29:51,245 INFO  server.RaftServerConfigKeys (ConfUtils.java:logGet(43)) - raft.server.log.purge.gap = 1000000000 (custom)
2019-08-21 07:29:51,245 INFO  server.RaftServerConfigKeys (ConfUtils.java:logGet(43)) - raft.server.leader.election.timeout = 120s (custom)
2019-08-21 07:29:51,245 INFO  server.RaftServerConfigKeys (ConfUtils.java:logGet(43)) - raft.server.log.appender.buffer.byte-limit = 33554432 (custom)
2019-08-21 07:29:51,245 INFO  server.RaftServerConfigKeys (ConfUtils.java:logGet(43)) - raft.server.log.use.memory = false (default)
2019-08-21 07:29:51,245 INFO  server.RaftServerConfigKeys (ConfUtils.java:logGet(43)) - raft.server.log.segment.size.max = 1048576 (custom)
2019-08-21 07:29:51,245 INFO  server.RaftServerConfigKeys (ConfUtils.java:logGet(43)) - raft.server.log.use.memory = false (default)
2019-08-21 07:29:51,246 INFO  server.RaftServerConfigKeys (ConfUtils.java:logGet(43)) - raft.server.log.segment.cache.num.max = 2 (custom)
2019-08-21 07:29:51,246 INFO  server.RaftServerConfigKeys (ConfUtils.java:logGet(43)) - raft.server.log.purge.gap = 1000000000 (custom)
2019-08-21 07:29:51,246 INFO  segmented.SegmentedRaftLogWorker (SegmentedRaftLogWorker.java:<init>(172)) - new 5276881d-a7b2-4333-9791-db73149c0941-SegmentedRaftLogWorker:Storage Directory /workdir/hadoop-ozone/integration-test/target/test-dir/MiniOzoneClusterImpl-5001b6fb-b076-4db0-9bfa-fe41c8f15f18/datanode-2/data/ratis/358e609c-9a13-4a67-b96f-57a28f28ae41 for RaftStorage:Storage Directory /workdir/hadoop-ozone/integration-test/target/test-dir/MiniOzoneClusterImpl-5001b6fb-b076-4db0-9bfa-fe41c8f15f18/datanode-2/data/ratis/358e609c-9a13-4a67-b96f-57a28f28ae41
2019-08-21 07:29:51,246 INFO  server.RaftServerConfigKeys (ConfUtils.java:logGet(43)) - raft.server.log.purge.gap = 1000000000 (custom)
2019-08-21 07:29:51,246 INFO  server.RaftServerConfigKeys (ConfUtils.java:logGet(43)) - raft.server.log.queue.byte-limit = 2147483647 (custom)
2019-08-21 07:29:51,246 INFO  server.RaftServerConfigKeys (ConfUtils.java:logGet(43)) - raft.server.log.appender.buffer.byte-limit = 33554432 (custom)
2019-08-21 07:29:51,248 INFO  server.RaftServerConfigKeys (ConfUtils.java:logGet(43)) - raft.server.log.queue.element-limit = 1024 (custom)
2019-08-21 07:29:51,246 INFO  server.RaftServerConfigKeys (ConfUtils.java:logGet(43)) - raft.server.log.appender.buffer.byte-limit = 33554432 (custom)
2019-08-21 07:29:51,248 INFO  server.RaftServerConfigKeys (ConfUtils.java:logGet(43)) - raft.server.log.segment.size.max = 1048576 (custom)
2019-08-21 07:29:51,248 INFO  server.RaftServerConfigKeys (ConfUtils.java:logGet(43)) - raft.server.log.segment.size.max = 1048576 (custom)
2019-08-21 07:29:51,249 INFO  server.RaftServerConfigKeys (ConfUtils.java:logGet(43)) - raft.server.log.preallocated.size = 16384 (custom)
2019-08-21 07:29:51,248 INFO  server.RaftServerConfigKeys (ConfUtils.java:logGet(43)) - raft.server.log.segment.size.max = 1048576 (custom)
2019-08-21 07:29:51,249 INFO  server.RaftServerConfigKeys (ConfUtils.java:logGet(43)) - raft.server.log.write.buffer.size = 33554432 (custom)
2019-08-21 07:29:51,249 INFO  server.RaftServerConfigKeys (ConfUtils.java:logGet(43)) - raft.server.log.segment.cache.num.max = 2 (custom)
2019-08-21 07:29:51,249 INFO  server.RaftServerConfigKeys (ConfUtils.java:logGet(43)) - raft.server.log.force.sync.num = 128 (default)
2019-08-21 07:29:51,249 INFO  server.RaftServerConfigKeys (ConfUtils.java:logGet(43)) - raft.server.log.segment.cache.num.max = 2 (custom)
2019-08-21 07:29:51,249 INFO  server.RaftServerConfigKeys (ConfUtils.java:logGet(43)) - raft.server.log.statemachine.data.sync = true (default)
2019-08-21 07:29:51,249 INFO  segmented.SegmentedRaftLogWorker (SegmentedRaftLogWorker.java:<init>(172)) - new 7ed0d4b0-ed37-4072-82fa-f98a36996de9-SegmentedRaftLogWorker:Storage Directory /workdir/hadoop-ozone/integration-test/target/test-dir/MiniOzoneClusterImpl-5001b6fb-b076-4db0-9bfa-fe41c8f15f18/datanode-4/data/ratis/358e609c-9a13-4a67-b96f-57a28f28ae41 for RaftStorage:Storage Directory /workdir/hadoop-ozone/integration-test/target/test-dir/MiniOzoneClusterImpl-5001b6fb-b076-4db0-9bfa-fe41c8f15f18/datanode-4/data/ratis/358e609c-9a13-4a67-b96f-57a28f28ae41
2019-08-21 07:29:51,250 INFO  server.RaftServerConfigKeys (ConfUtils.java:logGet(43)) - raft.server.log.statemachine.data.sync.timeout = 10s (default)
2019-08-21 07:29:51,249 INFO  segmented.SegmentedRaftLogWorker (SegmentedRaftLogWorker.java:<init>(172)) - new 1dea51db-6708-4ad6-91a8-3e9ff83f4832-SegmentedRaftLogWorker:Storage Directory /workdir/hadoop-ozone/integration-test/target/test-dir/MiniOzoneClusterImpl-5001b6fb-b076-4db0-9bfa-fe41c8f15f18/datanode-5/data/ratis/358e609c-9a13-4a67-b96f-57a28f28ae41 for RaftStorage:Storage Directory /workdir/hadoop-ozone/integration-test/target/test-dir/MiniOzoneClusterImpl-5001b6fb-b076-4db0-9bfa-fe41c8f15f18/datanode-5/data/ratis/358e609c-9a13-4a67-b96f-57a28f28ae41
2019-08-21 07:29:51,250 INFO  server.RaftServerConfigKeys (ConfUtils.java:logGet(43)) - raft.server.log.statemachine.data.sync.timeout.retry = -1 (default)
2019-08-21 07:29:51,250 INFO  server.RaftServerConfigKeys (ConfUtils.java:logGet(43)) - raft.server.log.queue.byte-limit = 2147483647 (custom)
2019-08-21 07:29:51,253 INFO  server.RaftServerConfigKeys (ConfUtils.java:logGet(43)) - raft.server.log.statemachine.data.caching.enabled = true (custom)
2019-08-21 07:29:51,251 INFO  server.RaftServerConfigKeys (ConfUtils.java:logGet(43)) - raft.server.log.queue.byte-limit = 2147483647 (custom)
2019-08-21 07:29:51,253 INFO  server.RaftServerConfigKeys (ConfUtils.java:logGet(43)) - raft.server.log.queue.element-limit = 1024 (custom)
2019-08-21 07:29:51,253 INFO  server.RaftServerConfigKeys (ConfUtils.java:logGet(43)) - raft.server.log.queue.element-limit = 1024 (custom)
2019-08-21 07:29:51,253 INFO  segmented.SegmentedRaftLogWorker (SegmentedRaftLogWorker.java:lambda$new$0(132)) - 5276881d-a7b2-4333-9791-db73149c0941-SegmentedRaftLogWorker:Storage Directory /workdir/hadoop-ozone/integration-test/target/test-dir/MiniOzoneClusterImpl-5001b6fb-b076-4db0-9bfa-fe41c8f15f18/datanode-2/data/ratis/358e609c-9a13-4a67-b96f-57a28f28ae41: flushIndex: setUnconditionally 0 -> -1
2019-08-21 07:29:51,254 INFO  server.RaftServerConfigKeys (ConfUtils.java:logGet(43)) - raft.server.log.segment.size.max = 1048576 (custom)
2019-08-21 07:29:51,254 INFO  server.RaftServerConfigKeys (ConfUtils.java:logGet(43)) - raft.server.snapshot.auto.trigger.enabled = true (custom)
2019-08-21 07:29:51,253 INFO  server.RaftServerConfigKeys (ConfUtils.java:logGet(43)) - raft.server.log.segment.size.max = 1048576 (custom)
2019-08-21 07:29:51,254 INFO  server.RaftServerConfigKeys (ConfUtils.java:logGet(43)) - raft.server.snapshot.auto.trigger.threshold = 10000 (custom)
2019-08-21 07:29:51,254 INFO  server.RaftServerConfigKeys (ConfUtils.java:logGet(43)) - raft.server.log.preallocated.size = 16384 (custom)
2019-08-21 07:29:51,254 INFO  server.RaftServerConfigKeys (ConfUtils.java:logGet(43)) - raft.server.retrycache.expirytime = 600000ms (custom)
2019-08-21 07:29:51,254 INFO  server.RaftServerConfigKeys (ConfUtils.java:logGet(43)) - raft.server.log.preallocated.size = 16384 (custom)
2019-08-21 07:29:51,254 INFO  server.RaftServerConfigKeys (ConfUtils.java:logGet(43)) - raft.server.log.write.buffer.size = 33554432 (custom)
2019-08-21 07:29:51,255 INFO  server.RaftServerConfigKeys (ConfUtils.java:logGet(43)) - raft.server.log.write.buffer.size = 33554432 (custom)
2019-08-21 07:29:51,255 INFO  impl.RaftServerImpl (RaftServerImpl.java:start(180)) - 5276881d-a7b2-4333-9791-db73149c0941: start group-57A28F28AE41
2019-08-21 07:29:51,255 INFO  server.RaftServerConfigKeys (ConfUtils.java:logGet(43)) - raft.server.log.force.sync.num = 128 (default)
2019-08-21 07:29:51,255 INFO  server.RaftServerConfigKeys (ConfUtils.java:logGet(43)) - raft.server.log.force.sync.num = 128 (default)
2019-08-21 07:29:51,255 INFO  server.RaftServerConfigKeys (ConfUtils.java:logGet(43)) - raft.server.log.statemachine.data.sync = true (default)
2019-08-21 07:29:51,255 INFO  impl.RaftServerImpl (RaftServerImpl.java:setRole(171)) - 5276881d-a7b2-4333-9791-db73149c0941:group-57A28F28AE41 changes role from null to FOLLOWER at term 0 for startAsFollower
2019-08-21 07:29:51,255 INFO  server.RaftServerConfigKeys (ConfUtils.java:logGet(43)) - raft.server.log.statemachine.data.sync.timeout = 10s (default)
2019-08-21 07:29:51,255 INFO  server.RaftServerConfigKeys (ConfUtils.java:logGet(43)) - raft.server.log.statemachine.data.sync = true (default)
2019-08-21 07:29:51,256 INFO  server.RaftServerConfigKeys (ConfUtils.java:logGet(43)) - raft.server.log.statemachine.data.sync.timeout.retry = -1 (default)
2019-08-21 07:29:51,256 INFO  impl.RoleInfo (RoleInfo.java:updateAndGet(143)) - 5276881d-a7b2-4333-9791-db73149c0941: start FollowerState
2019-08-21 07:29:51,256 INFO  server.RaftServerConfigKeys (ConfUtils.java:logGet(43)) - raft.server.log.statemachine.data.caching.enabled = true (custom)
2019-08-21 07:29:51,256 INFO  server.RaftServerConfigKeys (ConfUtils.java:logGet(43)) - raft.server.log.statemachine.data.sync.timeout = 10s (default)
2019-08-21 07:29:51,256 INFO  segmented.SegmentedRaftLogWorker (SegmentedRaftLogWorker.java:lambda$new$0(132)) - 7ed0d4b0-ed37-4072-82fa-f98a36996de9-SegmentedRaftLogWorker:Storage Directory /workdir/hadoop-ozone/integration-test/target/test-dir/MiniOzoneClusterImpl-5001b6fb-b076-4db0-9bfa-fe41c8f15f18/datanode-4/data/ratis/358e609c-9a13-4a67-b96f-57a28f28ae41: flushIndex: setUnconditionally 0 -> -1
2019-08-21 07:29:51,256 INFO  server.RaftServerConfigKeys (ConfUtils.java:logGet(43)) - raft.server.log.statemachine.data.sync.timeout.retry = -1 (default)
2019-08-21 07:29:51,256 INFO  util.JmxRegister (JmxRegister.java:tryRegister(44)) - Successfully registered JMX Bean with object name Ratis:service=RaftServer,group=group-57A28F28AE41,id=5276881d-a7b2-4333-9791-db73149c0941
2019-08-21 07:29:51,257 INFO  server.RaftServerConfigKeys (ConfUtils.java:logGet(43)) - raft.server.snapshot.auto.trigger.enabled = true (custom)
2019-08-21 07:29:51,257 INFO  server.RaftServerConfigKeys (ConfUtils.java:logGet(43)) - raft.server.log.statemachine.data.caching.enabled = true (custom)
2019-08-21 07:29:51,257 INFO  server.RaftServerConfigKeys (ConfUtils.java:logGet(43)) - raft.server.snapshot.auto.trigger.threshold = 10000 (custom)
2019-08-21 07:29:51,257 INFO  server.RaftServerConfigKeys (ConfUtils.java:logGet(43)) - raft.server.retrycache.expirytime = 600000ms (custom)
2019-08-21 07:29:51,257 INFO  segmented.SegmentedRaftLogWorker (SegmentedRaftLogWorker.java:lambda$new$0(132)) - 1dea51db-6708-4ad6-91a8-3e9ff83f4832-SegmentedRaftLogWorker:Storage Directory /workdir/hadoop-ozone/integration-test/target/test-dir/MiniOzoneClusterImpl-5001b6fb-b076-4db0-9bfa-fe41c8f15f18/datanode-5/data/ratis/358e609c-9a13-4a67-b96f-57a28f28ae41: flushIndex: setUnconditionally 0 -> -1
2019-08-21 07:29:51,257 INFO  impl.RaftServerImpl (RaftServerImpl.java:start(180)) - 7ed0d4b0-ed37-4072-82fa-f98a36996de9: start group-57A28F28AE41
2019-08-21 07:29:51,257 INFO  impl.RaftServerImpl (RaftServerImpl.java:setRole(171)) - 7ed0d4b0-ed37-4072-82fa-f98a36996de9:group-57A28F28AE41 changes role from null to FOLLOWER at term 0 for startAsFollower
2019-08-21 07:29:51,258 INFO  server.RaftServerConfigKeys (ConfUtils.java:logGet(43)) - raft.server.snapshot.auto.trigger.enabled = true (custom)
2019-08-21 07:29:51,258 INFO  impl.RoleInfo (RoleInfo.java:updateAndGet(143)) - 7ed0d4b0-ed37-4072-82fa-f98a36996de9: start FollowerState
2019-08-21 07:29:51,259 INFO  server.RaftServerConfigKeys (ConfUtils.java:logGet(43)) - raft.server.snapshot.auto.trigger.threshold = 10000 (custom)
2019-08-21 07:29:51,259 INFO  util.JmxRegister (JmxRegister.java:tryRegister(44)) - Successfully registered JMX Bean with object name Ratis:service=RaftServer,group=group-57A28F28AE41,id=7ed0d4b0-ed37-4072-82fa-f98a36996de9
2019-08-21 07:29:51,259 INFO  server.RaftServerConfigKeys (ConfUtils.java:logGet(43)) - raft.server.retrycache.expirytime = 600000ms (custom)
2019-08-21 07:29:51,260 INFO  impl.RaftServerImpl (RaftServerImpl.java:start(180)) - 1dea51db-6708-4ad6-91a8-3e9ff83f4832: start group-57A28F28AE41
2019-08-21 07:29:51,260 INFO  impl.RaftServerImpl (RaftServerImpl.java:setRole(171)) - 1dea51db-6708-4ad6-91a8-3e9ff83f4832:group-57A28F28AE41 changes role from null to FOLLOWER at term 0 for startAsFollower
2019-08-21 07:29:51,260 INFO  impl.RoleInfo (RoleInfo.java:updateAndGet(143)) - 1dea51db-6708-4ad6-91a8-3e9ff83f4832: start FollowerState
2019-08-21 07:29:51,269 INFO  util.JmxRegister (JmxRegister.java:tryRegister(44)) - Successfully registered JMX Bean with object name Ratis:service=RaftServer,group=group-57A28F28AE41,id=1dea51db-6708-4ad6-91a8-3e9ff83f4832
2019-08-21 07:29:51,294 INFO  pipeline.PipelineStateManager (PipelineStateManager.java:addPipeline(56)) - Created pipeline Pipeline[ Id: 358e609c-9a13-4a67-b96f-57a28f28ae41, Nodes: 5276881d-a7b2-4333-9791-db73149c0941{ip: 192.168.69.73, host: pr-hdds-1935-z5xc5-3809828402, networkLocation: /default-rack, certSerialId: null}7ed0d4b0-ed37-4072-82fa-f98a36996de9{ip: 192.168.69.73, host: pr-hdds-1935-z5xc5-3809828402, networkLocation: /default-rack, certSerialId: null}1dea51db-6708-4ad6-91a8-3e9ff83f4832{ip: 192.168.69.73, host: pr-hdds-1935-z5xc5-3809828402, networkLocation: /default-rack, certSerialId: null}, Type:RATIS, Factor:THREE, State:OPEN]
2019-08-21 07:29:51,299 INFO  rpc.RpcClient (RpcClient.java:createVolume(288)) - Creating Volume: datanodefailurehandlingtest, with jenkins1000 as owner.
2019-08-21 07:29:51,325 INFO  impl.RaftServerProxy (RaftServerProxy.java:addNew(89)) - b9e45af6-2c86-4711-8077-b66a512e634d: addNew group-7D0DA91F5A30:[63676a94-6794-405b-90a4-09d155913ff7:192.168.69.73:32885, 9355736e-4a02-406b-a3ec-b57d496fec13:192.168.69.73:41045, b9e45af6-2c86-4711-8077-b66a512e634d:192.168.69.73:41159] returns group-7D0DA91F5A30:java.util.concurrent.CompletableFuture@55fd94ac[Not completed]
2019-08-21 07:29:51,327 INFO  impl.RaftServerProxy (RaftServerProxy.java:addNew(89)) - 63676a94-6794-405b-90a4-09d155913ff7: addNew group-7D0DA91F5A30:[63676a94-6794-405b-90a4-09d155913ff7:192.168.69.73:32885, 9355736e-4a02-406b-a3ec-b57d496fec13:192.168.69.73:41045, b9e45af6-2c86-4711-8077-b66a512e634d:192.168.69.73:41159] returns group-7D0DA91F5A30:java.util.concurrent.CompletableFuture@78c90a1f[Not completed]
2019-08-21 07:29:51,327 INFO  impl.RaftServerProxy (RaftServerProxy.java:addNew(89)) - 9355736e-4a02-406b-a3ec-b57d496fec13: addNew group-7D0DA91F5A30:[63676a94-6794-405b-90a4-09d155913ff7:192.168.69.73:32885, 9355736e-4a02-406b-a3ec-b57d496fec13:192.168.69.73:41045, b9e45af6-2c86-4711-8077-b66a512e634d:192.168.69.73:41159] returns group-7D0DA91F5A30:java.util.concurrent.CompletableFuture@3098fb6[Not completed]
2019-08-21 07:29:51,328 INFO  impl.RaftServerImpl (RaftServerImpl.java:<init>(93)) - b9e45af6-2c86-4711-8077-b66a512e634d: new RaftServerImpl for group-7D0DA91F5A30:[63676a94-6794-405b-90a4-09d155913ff7:192.168.69.73:32885, 9355736e-4a02-406b-a3ec-b57d496fec13:192.168.69.73:41045, b9e45af6-2c86-4711-8077-b66a512e634d:192.168.69.73:41159] with ContainerStateMachine:uninitialized
2019-08-21 07:29:51,328 INFO  server.RaftServerConfigKeys (ConfUtils.java:logGet(43)) - raft.server.rpc.timeout.min = 5s (custom)
2019-08-21 07:29:51,328 INFO  server.RaftServerConfigKeys (ConfUtils.java:logGet(43)) - raft.server.rpc.timeout.max = 5200ms (custom)
2019-08-21 07:29:51,329 INFO  server.RaftServerConfigKeys (ConfUtils.java:logGet(43)) - raft.server.rpcslowness.timeout = 120s (custom)
2019-08-21 07:29:51,329 INFO  server.RaftServerConfigKeys (ConfUtils.java:logGet(43)) - raft.server.sleep.deviation.threshold = 300 (default)
2019-08-21 07:29:51,329 INFO  server.RaftServerConfigKeys (ConfUtils.java:logGet(43)) - raft.server.log.appender.install.snapshot.enabled = false (custom)
2019-08-21 07:29:51,329 INFO  impl.RaftServerImpl (ServerState.java:<init>(105)) - b9e45af6-2c86-4711-8077-b66a512e634d:group-7D0DA91F5A30 ConfigurationManager, init=-1: [63676a94-6794-405b-90a4-09d155913ff7:192.168.69.73:32885, 9355736e-4a02-406b-a3ec-b57d496fec13:192.168.69.73:41045, b9e45af6-2c86-4711-8077-b66a512e634d:192.168.69.73:41159], old=null, confs=<EMPTY_MAP>
2019-08-21 07:29:51,329 INFO  impl.RaftServerImpl (RaftServerImpl.java:<init>(93)) - 9355736e-4a02-406b-a3ec-b57d496fec13: new RaftServerImpl for group-7D0DA91F5A30:[63676a94-6794-405b-90a4-09d155913ff7:192.168.69.73:32885, 9355736e-4a02-406b-a3ec-b57d496fec13:192.168.69.73:41045, b9e45af6-2c86-4711-8077-b66a512e634d:192.168.69.73:41159] with ContainerStateMachine:uninitialized
2019-08-21 07:29:51,329 INFO  server.RaftServerConfigKeys (ConfUtils.java:logGet(43)) - raft.server.storage.dir = [/workdir/hadoop-ozone/integration-test/target/test-dir/MiniOzoneClusterImpl-5001b6fb-b076-4db0-9bfa-fe41c8f15f18/datanode-0/data/ratis] (custom)
2019-08-21 07:29:51,329 INFO  server.RaftServerConfigKeys (ConfUtils.java:logGet(43)) - raft.server.rpc.timeout.min = 5s (custom)
2019-08-21 07:29:51,329 INFO  server.RaftServerConfigKeys (ConfUtils.java:logGet(43)) - raft.server.rpc.timeout.max = 5200ms (custom)
2019-08-21 07:29:51,330 INFO  storage.RaftStorageDirectory (RaftStorageDirectory.java:analyzeStorage(246)) - The storage directory /workdir/hadoop-ozone/integration-test/target/test-dir/MiniOzoneClusterImpl-5001b6fb-b076-4db0-9bfa-fe41c8f15f18/datanode-0/data/ratis/8068ae27-21b5-4d24-aeca-7d0da91f5a30 does not exist. Creating ...
2019-08-21 07:29:51,330 INFO  server.RaftServerConfigKeys (ConfUtils.java:logGet(43)) - raft.server.rpcslowness.timeout = 120s (custom)
2019-08-21 07:29:51,330 INFO  server.RaftServerConfigKeys (ConfUtils.java:logGet(43)) - raft.server.sleep.deviation.threshold = 300 (default)
2019-08-21 07:29:51,330 INFO  impl.RaftServerImpl (RaftServerImpl.java:<init>(93)) - 63676a94-6794-405b-90a4-09d155913ff7: new RaftServerImpl for group-7D0DA91F5A30:[63676a94-6794-405b-90a4-09d155913ff7:192.168.69.73:32885, 9355736e-4a02-406b-a3ec-b57d496fec13:192.168.69.73:41045, b9e45af6-2c86-4711-8077-b66a512e634d:192.168.69.73:41159] with ContainerStateMachine:uninitialized
2019-08-21 07:29:51,330 INFO  server.RaftServerConfigKeys (ConfUtils.java:logGet(43)) - raft.server.log.appender.install.snapshot.enabled = false (custom)
2019-08-21 07:29:51,330 INFO  server.RaftServerConfigKeys (ConfUtils.java:logGet(43)) - raft.server.rpc.timeout.min = 5s (custom)
2019-08-21 07:29:51,330 INFO  impl.RaftServerImpl (ServerState.java:<init>(105)) - 9355736e-4a02-406b-a3ec-b57d496fec13:group-7D0DA91F5A30 ConfigurationManager, init=-1: [63676a94-6794-405b-90a4-09d155913ff7:192.168.69.73:32885, 9355736e-4a02-406b-a3ec-b57d496fec13:192.168.69.73:41045, b9e45af6-2c86-4711-8077-b66a512e634d:192.168.69.73:41159], old=null, confs=<EMPTY_MAP>
2019-08-21 07:29:51,330 INFO  server.RaftServerConfigKeys (ConfUtils.java:logGet(43)) - raft.server.rpc.timeout.max = 5200ms (custom)
2019-08-21 07:29:51,331 INFO  server.RaftServerConfigKeys (ConfUtils.java:logGet(43)) - raft.server.storage.dir = [/workdir/hadoop-ozone/integration-test/target/test-dir/MiniOzoneClusterImpl-5001b6fb-b076-4db0-9bfa-fe41c8f15f18/datanode-3/data/ratis] (custom)
2019-08-21 07:29:51,331 INFO  server.RaftServerConfigKeys (ConfUtils.java:logGet(43)) - raft.server.rpcslowness.timeout = 120s (custom)
2019-08-21 07:29:51,331 INFO  server.RaftServerConfigKeys (ConfUtils.java:logGet(43)) - raft.server.sleep.deviation.threshold = 300 (default)
2019-08-21 07:29:51,331 INFO  server.RaftServerConfigKeys (ConfUtils.java:logGet(43)) - raft.server.log.appender.install.snapshot.enabled = false (custom)
2019-08-21 07:29:51,331 INFO  storage.RaftStorageDirectory (RaftStorageDirectory.java:analyzeStorage(246)) - The storage directory /workdir/hadoop-ozone/integration-test/target/test-dir/MiniOzoneClusterImpl-5001b6fb-b076-4db0-9bfa-fe41c8f15f18/datanode-3/data/ratis/8068ae27-21b5-4d24-aeca-7d0da91f5a30 does not exist. Creating ...
2019-08-21 07:29:51,331 INFO  impl.RaftServerImpl (ServerState.java:<init>(105)) - 63676a94-6794-405b-90a4-09d155913ff7:group-7D0DA91F5A30 ConfigurationManager, init=-1: [63676a94-6794-405b-90a4-09d155913ff7:192.168.69.73:32885, 9355736e-4a02-406b-a3ec-b57d496fec13:192.168.69.73:41045, b9e45af6-2c86-4711-8077-b66a512e634d:192.168.69.73:41159], old=null, confs=<EMPTY_MAP>
2019-08-21 07:29:51,332 INFO  server.RaftServerConfigKeys (ConfUtils.java:logGet(43)) - raft.server.storage.dir = [/workdir/hadoop-ozone/integration-test/target/test-dir/MiniOzoneClusterImpl-5001b6fb-b076-4db0-9bfa-fe41c8f15f18/datanode-1/data/ratis] (custom)
2019-08-21 07:29:51,332 INFO  storage.RaftStorageDirectory (RaftStorageDirectory.java:analyzeStorage(246)) - The storage directory /workdir/hadoop-ozone/integration-test/target/test-dir/MiniOzoneClusterImpl-5001b6fb-b076-4db0-9bfa-fe41c8f15f18/datanode-1/data/ratis/8068ae27-21b5-4d24-aeca-7d0da91f5a30 does not exist. Creating ...
2019-08-21 07:29:51,344 INFO  storage.RaftStorageDirectory (RaftStorageDirectory.java:tryLock(328)) - Lock on /workdir/hadoop-ozone/integration-test/target/test-dir/MiniOzoneClusterImpl-5001b6fb-b076-4db0-9bfa-fe41c8f15f18/datanode-1/data/ratis/8068ae27-21b5-4d24-aeca-7d0da91f5a30/in_use.lock acquired by nodename 18437@pr-hdds-1935-z5xc5-3809828402
2019-08-21 07:29:51,344 INFO  storage.RaftStorageDirectory (RaftStorageDirectory.java:tryLock(328)) - Lock on /workdir/hadoop-ozone/integration-test/target/test-dir/MiniOzoneClusterImpl-5001b6fb-b076-4db0-9bfa-fe41c8f15f18/datanode-3/data/ratis/8068ae27-21b5-4d24-aeca-7d0da91f5a30/in_use.lock acquired by nodename 18437@pr-hdds-1935-z5xc5-3809828402
2019-08-21 07:29:51,344 INFO  storage.RaftStorageDirectory (RaftStorageDirectory.java:tryLock(328)) - Lock on /workdir/hadoop-ozone/integration-test/target/test-dir/MiniOzoneClusterImpl-5001b6fb-b076-4db0-9bfa-fe41c8f15f18/datanode-0/data/ratis/8068ae27-21b5-4d24-aeca-7d0da91f5a30/in_use.lock acquired by nodename 18437@pr-hdds-1935-z5xc5-3809828402
2019-08-21 07:29:51,357 INFO  rpc.RpcClient (RpcClient.java:createBucket(425)) - Creating Bucket: datanodefailurehandlingtest/datanodefailurehandlingtest, with Versioning false and Storage Type set to DISK and Encryption set to false 
2019-08-21 07:29:51,358 INFO  storage.RaftStorage (RaftStorage.java:format(72)) - Storage directory /workdir/hadoop-ozone/integration-test/target/test-dir/MiniOzoneClusterImpl-5001b6fb-b076-4db0-9bfa-fe41c8f15f18/datanode-0/data/ratis/8068ae27-21b5-4d24-aeca-7d0da91f5a30 has been successfully formatted.
2019-08-21 07:29:51,358 INFO  storage.RaftStorage (RaftStorage.java:format(72)) - Storage directory /workdir/hadoop-ozone/integration-test/target/test-dir/MiniOzoneClusterImpl-5001b6fb-b076-4db0-9bfa-fe41c8f15f18/datanode-1/data/ratis/8068ae27-21b5-4d24-aeca-7d0da91f5a30 has been successfully formatted.
2019-08-21 07:29:51,358 INFO  storage.RaftStorage (RaftStorage.java:format(72)) - Storage directory /workdir/hadoop-ozone/integration-test/target/test-dir/MiniOzoneClusterImpl-5001b6fb-b076-4db0-9bfa-fe41c8f15f18/datanode-3/data/ratis/8068ae27-21b5-4d24-aeca-7d0da91f5a30 has been successfully formatted.
2019-08-21 07:29:51,358 INFO  ratis.ContainerStateMachine (ContainerStateMachine.java:loadSnapshot(222)) - group-7D0DA91F5A30: The snapshot info is null. Setting the last applied indexto:(t:0, i:~)
2019-08-21 07:29:51,358 INFO  ratis.ContainerStateMachine (ContainerStateMachine.java:loadSnapshot(222)) - group-7D0DA91F5A30: The snapshot info is null. Setting the last applied indexto:(t:0, i:~)
2019-08-21 07:29:51,359 INFO  server.RaftServerConfigKeys (ConfUtils.java:logGet(43)) - raft.server.leader.election.timeout = 120s (custom)
2019-08-21 07:29:51,359 INFO  ratis.ContainerStateMachine (ContainerStateMachine.java:loadSnapshot(222)) - group-7D0DA91F5A30: The snapshot info is null. Setting the last applied indexto:(t:0, i:~)
2019-08-21 07:29:51,359 INFO  server.RaftServerConfigKeys (ConfUtils.java:logGet(43)) - raft.server.log.use.memory = false (default)
2019-08-21 07:29:51,359 INFO  server.RaftServerConfigKeys (ConfUtils.java:logGet(43)) - raft.server.leader.election.timeout = 120s (custom)
2019-08-21 07:29:51,359 INFO  server.RaftServerConfigKeys (ConfUtils.java:logGet(43)) - raft.server.log.purge.gap = 1000000000 (custom)
2019-08-21 07:29:51,359 INFO  server.RaftServerConfigKeys (ConfUtils.java:logGet(43)) - raft.server.leader.election.timeout = 120s (custom)
2019-08-21 07:29:51,359 INFO  server.RaftServerConfigKeys (ConfUtils.java:logGet(43)) - raft.server.log.appender.buffer.byte-limit = 33554432 (custom)
2019-08-21 07:29:51,360 INFO  server.RaftServerConfigKeys (ConfUtils.java:logGet(43)) - raft.server.log.segment.size.max = 1048576 (custom)
2019-08-21 07:29:51,359 INFO  server.RaftServerConfigKeys (ConfUtils.java:logGet(43)) - raft.server.log.use.memory = false (default)
2019-08-21 07:29:51,360 INFO  server.RaftServerConfigKeys (ConfUtils.java:logGet(43)) - raft.server.log.segment.cache.num.max = 2 (custom)
2019-08-21 07:29:51,359 INFO  server.RaftServerConfigKeys (ConfUtils.java:logGet(43)) - raft.server.log.use.memory = false (default)
2019-08-21 07:29:51,360 INFO  segmented.SegmentedRaftLogWorker (SegmentedRaftLogWorker.java:<init>(172)) - new b9e45af6-2c86-4711-8077-b66a512e634d-SegmentedRaftLogWorker:Storage Directory /workdir/hadoop-ozone/integration-test/target/test-dir/MiniOzoneClusterImpl-5001b6fb-b076-4db0-9bfa-fe41c8f15f18/datanode-0/data/ratis/8068ae27-21b5-4d24-aeca-7d0da91f5a30 for RaftStorage:Storage Directory /workdir/hadoop-ozone/integration-test/target/test-dir/MiniOzoneClusterImpl-5001b6fb-b076-4db0-9bfa-fe41c8f15f18/datanode-0/data/ratis/8068ae27-21b5-4d24-aeca-7d0da91f5a30
2019-08-21 07:29:51,360 INFO  server.RaftServerConfigKeys (ConfUtils.java:logGet(43)) - raft.server.log.queue.byte-limit = 2147483647 (custom)
2019-08-21 07:29:51,360 INFO  server.RaftServerConfigKeys (ConfUtils.java:logGet(43)) - raft.server.log.queue.element-limit = 1024 (custom)
2019-08-21 07:29:51,361 INFO  server.RaftServerConfigKeys (ConfUtils.java:logGet(43)) - raft.server.log.segment.size.max = 1048576 (custom)
2019-08-21 07:29:51,361 INFO  server.RaftServerConfigKeys (ConfUtils.java:logGet(43)) - raft.server.log.preallocated.size = 16384 (custom)
2019-08-21 07:29:51,361 INFO  server.RaftServerConfigKeys (ConfUtils.java:logGet(43)) - raft.server.log.write.buffer.size = 33554432 (custom)
2019-08-21 07:29:51,361 INFO  server.RaftServerConfigKeys (ConfUtils.java:logGet(43)) - raft.server.log.force.sync.num = 128 (default)
2019-08-21 07:29:51,361 INFO  server.RaftServerConfigKeys (ConfUtils.java:logGet(43)) - raft.server.log.statemachine.data.sync = true (default)
2019-08-21 07:29:51,361 INFO  server.RaftServerConfigKeys (ConfUtils.java:logGet(43)) - raft.server.log.statemachine.data.sync.timeout = 10s (default)
2019-08-21 07:29:51,361 INFO  server.RaftServerConfigKeys (ConfUtils.java:logGet(43)) - raft.server.log.statemachine.data.sync.timeout.retry = -1 (default)
2019-08-21 07:29:51,362 INFO  server.RaftServerConfigKeys (ConfUtils.java:logGet(43)) - raft.server.log.statemachine.data.caching.enabled = true (custom)
2019-08-21 07:29:51,360 INFO  server.RaftServerConfigKeys (ConfUtils.java:logGet(43)) - raft.server.log.purge.gap = 1000000000 (custom)
2019-08-21 07:29:51,366 INFO  segmented.SegmentedRaftLogWorker (SegmentedRaftLogWorker.java:lambda$new$0(132)) - b9e45af6-2c86-4711-8077-b66a512e634d-SegmentedRaftLogWorker:Storage Directory /workdir/hadoop-ozone/integration-test/target/test-dir/MiniOzoneClusterImpl-5001b6fb-b076-4db0-9bfa-fe41c8f15f18/datanode-0/data/ratis/8068ae27-21b5-4d24-aeca-7d0da91f5a30: flushIndex: setUnconditionally 0 -> -1
2019-08-21 07:29:51,360 INFO  server.RaftServerConfigKeys (ConfUtils.java:logGet(43)) - raft.server.log.purge.gap = 1000000000 (custom)
2019-08-21 07:29:51,367 INFO  server.RaftServerConfigKeys (ConfUtils.java:logGet(43)) - raft.server.log.appender.buffer.byte-limit = 33554432 (custom)
2019-08-21 07:29:51,367 INFO  server.RaftServerConfigKeys (ConfUtils.java:logGet(43)) - raft.server.snapshot.auto.trigger.enabled = true (custom)
2019-08-21 07:29:51,367 INFO  server.RaftServerConfigKeys (ConfUtils.java:logGet(43)) - raft.server.log.appender.buffer.byte-limit = 33554432 (custom)
2019-08-21 07:29:51,367 INFO  server.RaftServerConfigKeys (ConfUtils.java:logGet(43)) - raft.server.snapshot.auto.trigger.threshold = 10000 (custom)
2019-08-21 07:29:51,367 INFO  server.RaftServerConfigKeys (ConfUtils.java:logGet(43)) - raft.server.log.segment.size.max = 1048576 (custom)
2019-08-21 07:29:51,367 INFO  server.RaftServerConfigKeys (ConfUtils.java:logGet(43)) - raft.server.retrycache.expirytime = 600000ms (custom)
2019-08-21 07:29:51,367 INFO  server.RaftServerConfigKeys (ConfUtils.java:logGet(43)) - raft.server.log.segment.size.max = 1048576 (custom)
2019-08-21 07:29:51,368 INFO  impl.RaftServerImpl (RaftServerImpl.java:start(180)) - b9e45af6-2c86-4711-8077-b66a512e634d: start group-7D0DA91F5A30
2019-08-21 07:29:51,367 INFO  server.RaftServerConfigKeys (ConfUtils.java:logGet(43)) - raft.server.log.segment.cache.num.max = 2 (custom)
2019-08-21 07:29:51,368 INFO  impl.RaftServerImpl (RaftServerImpl.java:setRole(171)) - b9e45af6-2c86-4711-8077-b66a512e634d:group-7D0DA91F5A30 changes role from null to FOLLOWER at term 0 for startAsFollower
2019-08-21 07:29:51,368 INFO  server.RaftServerConfigKeys (ConfUtils.java:logGet(43)) - raft.server.log.segment.cache.num.max = 2 (custom)
2019-08-21 07:29:51,368 INFO  impl.RoleInfo (RoleInfo.java:updateAndGet(143)) - b9e45af6-2c86-4711-8077-b66a512e634d: start FollowerState
2019-08-21 07:29:51,368 INFO  segmented.SegmentedRaftLogWorker (SegmentedRaftLogWorker.java:<init>(172)) - new 63676a94-6794-405b-90a4-09d155913ff7-SegmentedRaftLogWorker:Storage Directory /workdir/hadoop-ozone/integration-test/target/test-dir/MiniOzoneClusterImpl-5001b6fb-b076-4db0-9bfa-fe41c8f15f18/datanode-1/data/ratis/8068ae27-21b5-4d24-aeca-7d0da91f5a30 for RaftStorage:Storage Directory /workdir/hadoop-ozone/integration-test/target/test-dir/MiniOzoneClusterImpl-5001b6fb-b076-4db0-9bfa-fe41c8f15f18/datanode-1/data/ratis/8068ae27-21b5-4d24-aeca-7d0da91f5a30
2019-08-21 07:29:51,368 INFO  segmented.SegmentedRaftLogWorker (SegmentedRaftLogWorker.java:<init>(172)) - new 9355736e-4a02-406b-a3ec-b57d496fec13-SegmentedRaftLogWorker:Storage Directory /workdir/hadoop-ozone/integration-test/target/test-dir/MiniOzoneClusterImpl-5001b6fb-b076-4db0-9bfa-fe41c8f15f18/datanode-3/data/ratis/8068ae27-21b5-4d24-aeca-7d0da91f5a30 for RaftStorage:Storage Directory /workdir/hadoop-ozone/integration-test/target/test-dir/MiniOzoneClusterImpl-5001b6fb-b076-4db0-9bfa-fe41c8f15f18/datanode-3/data/ratis/8068ae27-21b5-4d24-aeca-7d0da91f5a30
2019-08-21 07:29:51,368 INFO  server.RaftServerConfigKeys (ConfUtils.java:logGet(43)) - raft.server.log.queue.byte-limit = 2147483647 (custom)
2019-08-21 07:29:51,370 INFO  util.JmxRegister (JmxRegister.java:tryRegister(44)) - Successfully registered JMX Bean with object name Ratis:service=RaftServer,group=group-7D0DA91F5A30,id=b9e45af6-2c86-4711-8077-b66a512e634d
2019-08-21 07:29:51,372 INFO  server.RaftServerConfigKeys (ConfUtils.java:logGet(43)) - raft.server.log.queue.element-limit = 1024 (custom)
2019-08-21 07:29:51,368 INFO  server.RaftServerConfigKeys (ConfUtils.java:logGet(43)) - raft.server.log.queue.byte-limit = 2147483647 (custom)
2019-08-21 07:29:51,372 INFO  server.RaftServerConfigKeys (ConfUtils.java:logGet(43)) - raft.server.log.segment.size.max = 1048576 (custom)
2019-08-21 07:29:51,372 INFO  server.RaftServerConfigKeys (ConfUtils.java:logGet(43)) - raft.server.log.queue.element-limit = 1024 (custom)
2019-08-21 07:29:51,372 INFO  server.RaftServerConfigKeys (ConfUtils.java:logGet(43)) - raft.server.log.preallocated.size = 16384 (custom)
2019-08-21 07:29:51,372 INFO  server.RaftServerConfigKeys (ConfUtils.java:logGet(43)) - raft.server.log.segment.size.max = 1048576 (custom)
2019-08-21 07:29:51,373 INFO  server.RaftServerConfigKeys (ConfUtils.java:logGet(43)) - raft.server.log.write.buffer.size = 33554432 (custom)
2019-08-21 07:29:51,374 INFO  server.RaftServerConfigKeys (ConfUtils.java:logGet(43)) - raft.server.log.preallocated.size = 16384 (custom)
2019-08-21 07:29:51,374 INFO  server.RaftServerConfigKeys (ConfUtils.java:logGet(43)) - raft.server.log.force.sync.num = 128 (default)
2019-08-21 07:29:51,374 INFO  server.RaftServerConfigKeys (ConfUtils.java:logGet(43)) - raft.server.log.write.buffer.size = 33554432 (custom)
2019-08-21 07:29:51,374 INFO  server.RaftServerConfigKeys (ConfUtils.java:logGet(43)) - raft.server.log.statemachine.data.sync = true (default)
2019-08-21 07:29:51,374 INFO  server.RaftServerConfigKeys (ConfUtils.java:logGet(43)) - raft.server.log.force.sync.num = 128 (default)
2019-08-21 07:29:51,375 INFO  server.RaftServerConfigKeys (ConfUtils.java:logGet(43)) - raft.server.log.statemachine.data.sync.timeout = 10s (default)
2019-08-21 07:29:51,375 INFO  server.RaftServerConfigKeys (ConfUtils.java:logGet(43)) - raft.server.log.statemachine.data.sync = true (default)
2019-08-21 07:29:51,375 INFO  server.RaftServerConfigKeys (ConfUtils.java:logGet(43)) - raft.server.log.statemachine.data.sync.timeout.retry = -1 (default)
2019-08-21 07:29:51,375 INFO  server.RaftServerConfigKeys (ConfUtils.java:logGet(43)) - raft.server.log.statemachine.data.sync.timeout = 10s (default)
2019-08-21 07:29:51,378 INFO  server.RaftServerConfigKeys (ConfUtils.java:logGet(43)) - raft.server.log.statemachine.data.sync.timeout.retry = -1 (default)
2019-08-21 07:29:51,378 INFO  server.RaftServerConfigKeys (ConfUtils.java:logGet(43)) - raft.server.log.statemachine.data.caching.enabled = true (custom)
2019-08-21 07:29:51,378 INFO  server.RaftServerConfigKeys (ConfUtils.java:logGet(43)) - raft.server.log.statemachine.data.caching.enabled = true (custom)
2019-08-21 07:29:51,379 INFO  segmented.SegmentedRaftLogWorker (SegmentedRaftLogWorker.java:lambda$new$0(132)) - 63676a94-6794-405b-90a4-09d155913ff7-SegmentedRaftLogWorker:Storage Directory /workdir/hadoop-ozone/integration-test/target/test-dir/MiniOzoneClusterImpl-5001b6fb-b076-4db0-9bfa-fe41c8f15f18/datanode-1/data/ratis/8068ae27-21b5-4d24-aeca-7d0da91f5a30: flushIndex: setUnconditionally 0 -> -1
2019-08-21 07:29:51,379 INFO  segmented.SegmentedRaftLogWorker (SegmentedRaftLogWorker.java:lambda$new$0(132)) - 9355736e-4a02-406b-a3ec-b57d496fec13-SegmentedRaftLogWorker:Storage Directory /workdir/hadoop-ozone/integration-test/target/test-dir/MiniOzoneClusterImpl-5001b6fb-b076-4db0-9bfa-fe41c8f15f18/datanode-3/data/ratis/8068ae27-21b5-4d24-aeca-7d0da91f5a30: flushIndex: setUnconditionally 0 -> -1
2019-08-21 07:29:51,381 INFO  server.RaftServerConfigKeys (ConfUtils.java:logGet(43)) - raft.server.snapshot.auto.trigger.enabled = true (custom)
2019-08-21 07:29:51,381 INFO  server.RaftServerConfigKeys (ConfUtils.java:logGet(43)) - raft.server.snapshot.auto.trigger.enabled = true (custom)
2019-08-21 07:29:51,382 INFO  server.RaftServerConfigKeys (ConfUtils.java:logGet(43)) - raft.server.snapshot.auto.trigger.threshold = 10000 (custom)
2019-08-21 07:29:51,382 INFO  server.RaftServerConfigKeys (ConfUtils.java:logGet(43)) - raft.server.snapshot.auto.trigger.threshold = 10000 (custom)
2019-08-21 07:29:51,382 INFO  server.RaftServerConfigKeys (ConfUtils.java:logGet(43)) - raft.server.retrycache.expirytime = 600000ms (custom)
2019-08-21 07:29:51,382 INFO  server.RaftServerConfigKeys (ConfUtils.java:logGet(43)) - raft.server.retrycache.expirytime = 600000ms (custom)
2019-08-21 07:29:51,382 INFO  impl.RaftServerImpl (RaftServerImpl.java:start(180)) - 9355736e-4a02-406b-a3ec-b57d496fec13: start group-7D0DA91F5A30
2019-08-21 07:29:51,382 INFO  impl.RaftServerImpl (RaftServerImpl.java:start(180)) - 63676a94-6794-405b-90a4-09d155913ff7: start group-7D0DA91F5A30
2019-08-21 07:29:51,382 INFO  impl.RaftServerImpl (RaftServerImpl.java:setRole(171)) - 9355736e-4a02-406b-a3ec-b57d496fec13:group-7D0DA91F5A30 changes role from null to FOLLOWER at term 0 for startAsFollower
2019-08-21 07:29:51,382 INFO  impl.RaftServerImpl (RaftServerImpl.java:setRole(171)) - 63676a94-6794-405b-90a4-09d155913ff7:group-7D0DA91F5A30 changes role from null to FOLLOWER at term 0 for startAsFollower
2019-08-21 07:29:51,382 INFO  impl.RoleInfo (RoleInfo.java:updateAndGet(143)) - 9355736e-4a02-406b-a3ec-b57d496fec13: start FollowerState
2019-08-21 07:29:51,383 INFO  impl.RoleInfo (RoleInfo.java:updateAndGet(143)) - 63676a94-6794-405b-90a4-09d155913ff7: start FollowerState
2019-08-21 07:29:51,383 INFO  util.JmxRegister (JmxRegister.java:tryRegister(44)) - Successfully registered JMX Bean with object name Ratis:service=RaftServer,group=group-7D0DA91F5A30,id=9355736e-4a02-406b-a3ec-b57d496fec13
2019-08-21 07:29:51,383 INFO  util.JmxRegister (JmxRegister.java:tryRegister(44)) - Successfully registered JMX Bean with object name Ratis:service=RaftServer,group=group-7D0DA91F5A30,id=63676a94-6794-405b-90a4-09d155913ff7
2019-08-21 07:29:51,393 INFO  pipeline.PipelineStateManager (PipelineStateManager.java:addPipeline(56)) - Created pipeline Pipeline[ Id: 8068ae27-21b5-4d24-aeca-7d0da91f5a30, Nodes: b9e45af6-2c86-4711-8077-b66a512e634d{ip: 192.168.69.73, host: pr-hdds-1935-z5xc5-3809828402, networkLocation: /default-rack, certSerialId: null}63676a94-6794-405b-90a4-09d155913ff7{ip: 192.168.69.73, host: pr-hdds-1935-z5xc5-3809828402, networkLocation: /default-rack, certSerialId: null}9355736e-4a02-406b-a3ec-b57d496fec13{ip: 192.168.69.73, host: pr-hdds-1935-z5xc5-3809828402, networkLocation: /default-rack, certSerialId: null}, Type:RATIS, Factor:THREE, State:OPEN]
2019-08-21 07:29:51,559 INFO  impl.MetricsSystemImpl (MetricsSystemImpl.java:init(158)) - XceiverClientMetrics metrics system started (again)
2019-08-21 07:29:51,673 INFO  client.GrpcClientProtocolClient (GrpcClientProtocolClient.java:onNext(255)) - client-1DE010244072->5276881d-a7b2-4333-9791-db73149c0941: receive RaftClientReply:client-1DE010244072->5276881d-a7b2-4333-9791-db73149c0941@group-57A28F28AE41, cid=12, FAILED org.apache.ratis.protocol.NotLeaderException: Server 5276881d-a7b2-4333-9791-db73149c0941 is not the leader (null). Request must be sent to leader., logIndex=0, commits[5276881d-a7b2-4333-9791-db73149c0941:c-1]
2019-08-21 07:29:52,498 INFO  container.ReplicationManager (ReplicationManager.java:start(164)) - Starting Replication Monitor Thread.
2019-08-21 07:29:52,503 INFO  container.ReplicationManager (ReplicationManager.java:run(216)) - Replication Monitor Thread took 5 milliseconds for processing 1 containers.
2019-08-21 07:29:52,726 INFO  client.GrpcClientProtocolClient (GrpcClientProtocolClient.java:onNext(255)) - client-1DE010244072->1dea51db-6708-4ad6-91a8-3e9ff83f4832: receive RaftClientReply:client-1DE010244072->1dea51db-6708-4ad6-91a8-3e9ff83f4832@group-57A28F28AE41, cid=12, FAILED org.apache.ratis.protocol.NotLeaderException: Server 1dea51db-6708-4ad6-91a8-3e9ff83f4832 is not the leader (null). Request must be sent to leader., logIndex=0, commits[1dea51db-6708-4ad6-91a8-3e9ff83f4832:c-1]
2019-08-21 07:29:53,765 INFO  client.GrpcClientProtocolClient (GrpcClientProtocolClient.java:onNext(255)) - client-1DE010244072->7ed0d4b0-ed37-4072-82fa-f98a36996de9: receive RaftClientReply:client-1DE010244072->7ed0d4b0-ed37-4072-82fa-f98a36996de9@group-57A28F28AE41, cid=12, FAILED org.apache.ratis.protocol.NotLeaderException: Server 7ed0d4b0-ed37-4072-82fa-f98a36996de9 is not the leader (null). Request must be sent to leader., logIndex=0, commits[7ed0d4b0-ed37-4072-82fa-f98a36996de9:c-1]
2019-08-21 07:29:54,798 INFO  client.GrpcClientProtocolClient (GrpcClientProtocolClient.java:onNext(255)) - client-1DE010244072->1dea51db-6708-4ad6-91a8-3e9ff83f4832: receive RaftClientReply:client-1DE010244072->1dea51db-6708-4ad6-91a8-3e9ff83f4832@group-57A28F28AE41, cid=12, FAILED org.apache.ratis.protocol.NotLeaderException: Server 1dea51db-6708-4ad6-91a8-3e9ff83f4832 is not the leader (null). Request must be sent to leader., logIndex=0, commits[1dea51db-6708-4ad6-91a8-3e9ff83f4832:c-1]
2019-08-21 07:29:55,771 INFO  impl.FollowerState (FollowerState.java:run(106)) - b9e45af6-2c86-4711-8077-b66a512e634d:group-D1452AD39AAB changes to CANDIDATE, lastRpcTime:5146, electionTimeout:5145ms
2019-08-21 07:29:55,772 INFO  impl.RoleInfo (RoleInfo.java:shutdownFollowerState(121)) - b9e45af6-2c86-4711-8077-b66a512e634d: shutdown FollowerState
2019-08-21 07:29:55,772 INFO  impl.RaftServerImpl (RaftServerImpl.java:setRole(171)) - b9e45af6-2c86-4711-8077-b66a512e634d:group-D1452AD39AAB changes role from FOLLOWER to CANDIDATE at term 0 for changeToCandidate
2019-08-21 07:29:55,779 INFO  impl.RoleInfo (RoleInfo.java:updateAndGet(143)) - b9e45af6-2c86-4711-8077-b66a512e634d: start LeaderElection
2019-08-21 07:29:55,801 INFO  impl.LeaderElection (LeaderElection.java:askForVotes(181)) - b9e45af6-2c86-4711-8077-b66a512e634d:group-D1452AD39AAB:LeaderElection1: begin an election at term 1 for -1: [b9e45af6-2c86-4711-8077-b66a512e634d:192.168.69.73:41159], old=null
2019-08-21 07:29:55,803 INFO  impl.RoleInfo (RoleInfo.java:shutdownLeaderElection(134)) - b9e45af6-2c86-4711-8077-b66a512e634d: shutdown LeaderElection
2019-08-21 07:29:55,804 INFO  impl.RaftServerImpl (RaftServerImpl.java:setRole(171)) - b9e45af6-2c86-4711-8077-b66a512e634d:group-D1452AD39AAB changes role from CANDIDATE to LEADER at term 1 for changeToLeader
2019-08-21 07:29:55,804 INFO  impl.RaftServerImpl (ServerState.java:setLeader(263)) - b9e45af6-2c86-4711-8077-b66a512e634d:group-D1452AD39AAB change Leader from null to b9e45af6-2c86-4711-8077-b66a512e634d at term 1 for becomeLeader, leader elected after 5271ms
2019-08-21 07:29:55,816 INFO  server.RaftServerConfigKeys (ConfUtils.java:logGet(43)) - raft.server.staging.catchup.gap = 1000 (default)
2019-08-21 07:29:55,816 INFO  server.RaftServerConfigKeys (ConfUtils.java:logGet(43)) - raft.server.rpc.sleep.time = 25ms (default)
2019-08-21 07:29:55,820 INFO  server.RaftServerConfigKeys (ConfUtils.java:logGet(43)) - raft.server.write.element-limit = 4096 (default)
2019-08-21 07:29:55,824 INFO  server.RaftServerConfigKeys (ConfUtils.java:logGet(43)) - raft.server.watch.timeout = 10s (default)
2019-08-21 07:29:55,824 INFO  server.RaftServerConfigKeys (ConfUtils.java:logGet(43)) - raft.server.watch.timeout.denomination = 1s (default)
2019-08-21 07:29:55,825 INFO  server.RaftServerConfigKeys (ConfUtils.java:logGet(43)) - raft.server.watch.element-limit = 65536 (default)
2019-08-21 07:29:55,834 INFO  client.GrpcClientProtocolClient (GrpcClientProtocolClient.java:onNext(255)) - client-1DE010244072->7ed0d4b0-ed37-4072-82fa-f98a36996de9: receive RaftClientReply:client-1DE010244072->7ed0d4b0-ed37-4072-82fa-f98a36996de9@group-57A28F28AE41, cid=12, FAILED org.apache.ratis.protocol.NotLeaderException: Server 7ed0d4b0-ed37-4072-82fa-f98a36996de9 is not the leader (null). Request must be sent to leader., logIndex=0, commits[7ed0d4b0-ed37-4072-82fa-f98a36996de9:c-1]
2019-08-21 07:29:55,848 INFO  impl.RoleInfo (RoleInfo.java:updateAndGet(143)) - b9e45af6-2c86-4711-8077-b66a512e634d: start LeaderState
2019-08-21 07:29:55,858 WARN  io.KeyOutputStream (KeyOutputStream.java:handleException(276)) - Encountered exception java.io.IOException: Unexpected Storage Container Exception: java.util.concurrent.CompletionException: java.util.concurrent.CompletionException: org.apache.ratis.protocol.RaftRetryFailureException: Failed RaftClientRequest:client-1DE010244072->7ed0d4b0-ed37-4072-82fa-f98a36996de9@group-57A28F28AE41, cid=12, seq=1*, RW, org.apache.hadoop.hdds.scm.XceiverClientRatis$$Lambda$317/686275377@73c01606 for 5 attempts with RetryLimited(maxAttempts=5, sleepTime=1000ms) on the pipeline Pipeline[ Id: 358e609c-9a13-4a67-b96f-57a28f28ae41, Nodes: 5276881d-a7b2-4333-9791-db73149c0941{ip: 192.168.69.73, host: pr-hdds-1935-z5xc5-3809828402, networkLocation: /default-rack, certSerialId: null}7ed0d4b0-ed37-4072-82fa-f98a36996de9{ip: 192.168.69.73, host: pr-hdds-1935-z5xc5-3809828402, networkLocation: /default-rack, certSerialId: null}1dea51db-6708-4ad6-91a8-3e9ff83f4832{ip: 192.168.69.73, host: pr-hdds-1935-z5xc5-3809828402, networkLocation: /default-rack, certSerialId: null}, Type:RATIS, Factor:THREE, State:OPEN]. The last committed block length is 0, uncommitted data length is 2097152 retry count 0
2019-08-21 07:29:55,897 INFO  segmented.SegmentedRaftLogWorker (SegmentedRaftLogWorker.java:startLogSegment(380)) - b9e45af6-2c86-4711-8077-b66a512e634d-SegmentedRaftLogWorker:Storage Directory /workdir/hadoop-ozone/integration-test/target/test-dir/MiniOzoneClusterImpl-5001b6fb-b076-4db0-9bfa-fe41c8f15f18/datanode-0/data/ratis/186f608e-dd8f-4b35-a806-d1452ad39aab: Starting segment from index:0
2019-08-21 07:29:55,913 INFO  impl.RaftServerImpl (ServerState.java:setRaftConf(361)) - b9e45af6-2c86-4711-8077-b66a512e634d:group-D1452AD39AAB set configuration 0: [b9e45af6-2c86-4711-8077-b66a512e634d:192.168.69.73:41159], old=null at 0
2019-08-21 07:29:55,936 INFO  client.GrpcClientProtocolClient (GrpcClientProtocolClient.java:onNext(255)) - client-B18AE797F905->b9e45af6-2c86-4711-8077-b66a512e634d: receive RaftClientReply:client-B18AE797F905->b9e45af6-2c86-4711-8077-b66a512e634d@group-7D0DA91F5A30, cid=16, FAILED org.apache.ratis.protocol.NotLeaderException: Server b9e45af6-2c86-4711-8077-b66a512e634d is not the leader (null). Request must be sent to leader., logIndex=0, commits[b9e45af6-2c86-4711-8077-b66a512e634d:c-1]
2019-08-21 07:29:55,991 INFO  impl.FollowerState (FollowerState.java:run(106)) - 5276881d-a7b2-4333-9791-db73149c0941:group-261FA59B9E05 changes to CANDIDATE, lastRpcTime:5186, electionTimeout:5185ms
2019-08-21 07:29:55,993 INFO  impl.RoleInfo (RoleInfo.java:shutdownFollowerState(121)) - 5276881d-a7b2-4333-9791-db73149c0941: shutdown FollowerState
2019-08-21 07:29:55,994 INFO  impl.RaftServerImpl (RaftServerImpl.java:setRole(171)) - 5276881d-a7b2-4333-9791-db73149c0941:group-261FA59B9E05 changes role from FOLLOWER to CANDIDATE at term 0 for changeToCandidate
2019-08-21 07:29:55,994 INFO  impl.RoleInfo (RoleInfo.java:updateAndGet(143)) - 5276881d-a7b2-4333-9791-db73149c0941: start LeaderElection
2019-08-21 07:29:56,014 INFO  impl.LeaderElection (LeaderElection.java:askForVotes(181)) - 5276881d-a7b2-4333-9791-db73149c0941:group-261FA59B9E05:LeaderElection2: begin an election at term 1 for -1: [5276881d-a7b2-4333-9791-db73149c0941:192.168.69.73:44992], old=null
2019-08-21 07:29:56,016 INFO  impl.RoleInfo (RoleInfo.java:shutdownLeaderElection(134)) - 5276881d-a7b2-4333-9791-db73149c0941: shutdown LeaderElection
2019-08-21 07:29:56,016 INFO  impl.RaftServerImpl (RaftServerImpl.java:setRole(171)) - 5276881d-a7b2-4333-9791-db73149c0941:group-261FA59B9E05 changes role from CANDIDATE to LEADER at term 1 for changeToLeader
2019-08-21 07:29:56,016 INFO  impl.RaftServerImpl (ServerState.java:setLeader(263)) - 5276881d-a7b2-4333-9791-db73149c0941:group-261FA59B9E05 change Leader from null to 5276881d-a7b2-4333-9791-db73149c0941 at term 1 for becomeLeader, leader elected after 5218ms
2019-08-21 07:29:56,018 INFO  server.RaftServerConfigKeys (ConfUtils.java:logGet(43)) - raft.server.staging.catchup.gap = 1000 (default)
2019-08-21 07:29:56,018 INFO  server.RaftServerConfigKeys (ConfUtils.java:logGet(43)) - raft.server.rpc.sleep.time = 25ms (default)
2019-08-21 07:29:56,018 INFO  server.RaftServerConfigKeys (ConfUtils.java:logGet(43)) - raft.server.write.element-limit = 4096 (default)
2019-08-21 07:29:56,019 INFO  server.RaftServerConfigKeys (ConfUtils.java:logGet(43)) - raft.server.watch.timeout = 10s (default)
2019-08-21 07:29:56,019 INFO  server.RaftServerConfigKeys (ConfUtils.java:logGet(43)) - raft.server.watch.timeout.denomination = 1s (default)
2019-08-21 07:29:56,019 INFO  server.RaftServerConfigKeys (ConfUtils.java:logGet(43)) - raft.server.watch.element-limit = 65536 (default)
2019-08-21 07:29:56,019 INFO  impl.RoleInfo (RoleInfo.java:updateAndGet(143)) - 5276881d-a7b2-4333-9791-db73149c0941: start LeaderState
2019-08-21 07:29:56,020 INFO  segmented.SegmentedRaftLogWorker (SegmentedRaftLogWorker.java:startLogSegment(380)) - 5276881d-a7b2-4333-9791-db73149c0941-SegmentedRaftLogWorker:Storage Directory /workdir/hadoop-ozone/integration-test/target/test-dir/MiniOzoneClusterImpl-5001b6fb-b076-4db0-9bfa-fe41c8f15f18/datanode-2/data/ratis/53d512d6-a2e6-41e8-a8a9-261fa59b9e05: Starting segment from index:0
2019-08-21 07:29:56,020 INFO  impl.RaftServerImpl (ServerState.java:setRaftConf(361)) - 5276881d-a7b2-4333-9791-db73149c0941:group-261FA59B9E05 set configuration 0: [5276881d-a7b2-4333-9791-db73149c0941:192.168.69.73:44992], old=null at 0
2019-08-21 07:29:56,079 INFO  impl.FollowerState (FollowerState.java:run(106)) - 7ed0d4b0-ed37-4072-82fa-f98a36996de9:group-75141F802D09 changes to CANDIDATE, lastRpcTime:5177, electionTimeout:5177ms
2019-08-21 07:29:56,080 INFO  impl.RoleInfo (RoleInfo.java:shutdownFollowerState(121)) - 7ed0d4b0-ed37-4072-82fa-f98a36996de9: shutdown FollowerState
2019-08-21 07:29:56,080 INFO  impl.RaftServerImpl (RaftServerImpl.java:setRole(171)) - 7ed0d4b0-ed37-4072-82fa-f98a36996de9:group-75141F802D09 changes role from FOLLOWER to CANDIDATE at term 0 for changeToCandidate
2019-08-21 07:29:56,080 INFO  impl.RoleInfo (RoleInfo.java:updateAndGet(143)) - 7ed0d4b0-ed37-4072-82fa-f98a36996de9: start LeaderElection
2019-08-21 07:29:56,100 INFO  impl.LeaderElection (LeaderElection.java:askForVotes(181)) - 7ed0d4b0-ed37-4072-82fa-f98a36996de9:group-75141F802D09:LeaderElection3: begin an election at term 1 for -1: [7ed0d4b0-ed37-4072-82fa-f98a36996de9:192.168.69.73:38928], old=null
2019-08-21 07:29:56,100 INFO  impl.RoleInfo (RoleInfo.java:shutdownLeaderElection(134)) - 7ed0d4b0-ed37-4072-82fa-f98a36996de9: shutdown LeaderElection
2019-08-21 07:29:56,100 INFO  impl.RaftServerImpl (RaftServerImpl.java:setRole(171)) - 7ed0d4b0-ed37-4072-82fa-f98a36996de9:group-75141F802D09 changes role from CANDIDATE to LEADER at term 1 for changeToLeader
2019-08-21 07:29:56,100 INFO  impl.RaftServerImpl (ServerState.java:setLeader(263)) - 7ed0d4b0-ed37-4072-82fa-f98a36996de9:group-75141F802D09 change Leader from null to 7ed0d4b0-ed37-4072-82fa-f98a36996de9 at term 1 for becomeLeader, leader elected after 5203ms
2019-08-21 07:29:56,102 INFO  server.RaftServerConfigKeys (ConfUtils.java:logGet(43)) - raft.server.staging.catchup.gap = 1000 (default)
2019-08-21 07:29:56,102 INFO  server.RaftServerConfigKeys (ConfUtils.java:logGet(43)) - raft.server.rpc.sleep.time = 25ms (default)
2019-08-21 07:29:56,102 INFO  server.RaftServerConfigKeys (ConfUtils.java:logGet(43)) - raft.server.write.element-limit = 4096 (default)
2019-08-21 07:29:56,103 INFO  server.RaftServerConfigKeys (ConfUtils.java:logGet(43)) - raft.server.watch.timeout = 10s (default)
2019-08-21 07:29:56,103 INFO  server.RaftServerConfigKeys (ConfUtils.java:logGet(43)) - raft.server.watch.timeout.denomination = 1s (default)
2019-08-21 07:29:56,103 INFO  server.RaftServerConfigKeys (ConfUtils.java:logGet(43)) - raft.server.watch.element-limit = 65536 (default)
2019-08-21 07:29:56,103 INFO  impl.RoleInfo (RoleInfo.java:updateAndGet(143)) - 7ed0d4b0-ed37-4072-82fa-f98a36996de9: start LeaderState
2019-08-21 07:29:56,103 INFO  segmented.SegmentedRaftLogWorker (SegmentedRaftLogWorker.java:startLogSegment(380)) - 7ed0d4b0-ed37-4072-82fa-f98a36996de9-SegmentedRaftLogWorker:Storage Directory /workdir/hadoop-ozone/integration-test/target/test-dir/MiniOzoneClusterImpl-5001b6fb-b076-4db0-9bfa-fe41c8f15f18/datanode-4/data/ratis/47650e08-e768-46cc-bf42-75141f802d09: Starting segment from index:0
2019-08-21 07:29:56,104 INFO  impl.RaftServerImpl (ServerState.java:setRaftConf(361)) - 7ed0d4b0-ed37-4072-82fa-f98a36996de9:group-75141F802D09 set configuration 0: [7ed0d4b0-ed37-4072-82fa-f98a36996de9:192.168.69.73:38928], old=null at 0
2019-08-21 07:29:56,117 INFO  impl.FollowerState (FollowerState.java:run(106)) - 1dea51db-6708-4ad6-91a8-3e9ff83f4832:group-758AF19EDCEF changes to CANDIDATE, lastRpcTime:5133, electionTimeout:5133ms
2019-08-21 07:29:56,117 INFO  impl.RoleInfo (RoleInfo.java:shutdownFollowerState(121)) - 1dea51db-6708-4ad6-91a8-3e9ff83f4832: shutdown FollowerState
2019-08-21 07:29:56,118 INFO  impl.RaftServerImpl (RaftServerImpl.java:setRole(171)) - 1dea51db-6708-4ad6-91a8-3e9ff83f4832:group-758AF19EDCEF changes role from FOLLOWER to CANDIDATE at term 0 for changeToCandidate
2019-08-21 07:29:56,118 INFO  impl.RoleInfo (RoleInfo.java:updateAndGet(143)) - 1dea51db-6708-4ad6-91a8-3e9ff83f4832: start LeaderElection
2019-08-21 07:29:56,136 INFO  impl.LeaderElection (LeaderElection.java:askForVotes(181)) - 1dea51db-6708-4ad6-91a8-3e9ff83f4832:group-758AF19EDCEF:LeaderElection4: begin an election at term 1 for -1: [1dea51db-6708-4ad6-91a8-3e9ff83f4832:192.168.69.73:43810], old=null
2019-08-21 07:29:56,137 INFO  impl.RoleInfo (RoleInfo.java:shutdownLeaderElection(134)) - 1dea51db-6708-4ad6-91a8-3e9ff83f4832: shutdown LeaderElection
2019-08-21 07:29:56,137 INFO  impl.RaftServerImpl (RaftServerImpl.java:setRole(171)) - 1dea51db-6708-4ad6-91a8-3e9ff83f4832:group-758AF19EDCEF changes role from CANDIDATE to LEADER at term 1 for changeToLeader
2019-08-21 07:29:56,137 INFO  impl.RaftServerImpl (ServerState.java:setLeader(263)) - 1dea51db-6708-4ad6-91a8-3e9ff83f4832:group-758AF19EDCEF change Leader from null to 1dea51db-6708-4ad6-91a8-3e9ff83f4832 at term 1 for becomeLeader, leader elected after 5158ms
2019-08-21 07:29:56,139 INFO  server.RaftServerConfigKeys (ConfUtils.java:logGet(43)) - raft.server.staging.catchup.gap = 1000 (default)
2019-08-21 07:29:56,139 INFO  server.RaftServerConfigKeys (ConfUtils.java:logGet(43)) - raft.server.rpc.sleep.time = 25ms (default)
2019-08-21 07:29:56,139 INFO  server.RaftServerConfigKeys (ConfUtils.java:logGet(43)) - raft.server.write.element-limit = 4096 (default)
2019-08-21 07:29:56,139 INFO  server.RaftServerConfigKeys (ConfUtils.java:logGet(43)) - raft.server.watch.timeout = 10s (default)
2019-08-21 07:29:56,139 INFO  server.RaftServerConfigKeys (ConfUtils.java:logGet(43)) - raft.server.watch.timeout.denomination = 1s (default)
2019-08-21 07:29:56,139 INFO  server.RaftServerConfigKeys (ConfUtils.java:logGet(43)) - raft.server.watch.element-limit = 65536 (default)
2019-08-21 07:29:56,140 INFO  impl.RoleInfo (RoleInfo.java:updateAndGet(143)) - 1dea51db-6708-4ad6-91a8-3e9ff83f4832: start LeaderState
2019-08-21 07:29:56,140 INFO  segmented.SegmentedRaftLogWorker (SegmentedRaftLogWorker.java:startLogSegment(380)) - 1dea51db-6708-4ad6-91a8-3e9ff83f4832-SegmentedRaftLogWorker:Storage Directory /workdir/hadoop-ozone/integration-test/target/test-dir/MiniOzoneClusterImpl-5001b6fb-b076-4db0-9bfa-fe41c8f15f18/datanode-5/data/ratis/f654e945-d2ac-4f83-bdc5-758af19edcef: Starting segment from index:0
2019-08-21 07:29:56,141 INFO  impl.RaftServerImpl (ServerState.java:setRaftConf(361)) - 1dea51db-6708-4ad6-91a8-3e9ff83f4832:group-758AF19EDCEF set configuration 0: [1dea51db-6708-4ad6-91a8-3e9ff83f4832:192.168.69.73:43810], old=null at 0
2019-08-21 07:29:56,198 INFO  segmented.SegmentedRaftLogWorker (SegmentedRaftLogWorker.java:execute(569)) - 7ed0d4b0-ed37-4072-82fa-f98a36996de9-SegmentedRaftLogWorker:Storage Directory /workdir/hadoop-ozone/integration-test/target/test-dir/MiniOzoneClusterImpl-5001b6fb-b076-4db0-9bfa-fe41c8f15f18/datanode-4/data/ratis/47650e08-e768-46cc-bf42-75141f802d09: created new log segment /workdir/hadoop-ozone/integration-test/target/test-dir/MiniOzoneClusterImpl-5001b6fb-b076-4db0-9bfa-fe41c8f15f18/datanode-4/data/ratis/47650e08-e768-46cc-bf42-75141f802d09/current/log_inprogress_0
2019-08-21 07:29:56,198 INFO  segmented.SegmentedRaftLogWorker (SegmentedRaftLogWorker.java:execute(569)) - b9e45af6-2c86-4711-8077-b66a512e634d-SegmentedRaftLogWorker:Storage Directory /workdir/hadoop-ozone/integration-test/target/test-dir/MiniOzoneClusterImpl-5001b6fb-b076-4db0-9bfa-fe41c8f15f18/datanode-0/data/ratis/186f608e-dd8f-4b35-a806-d1452ad39aab: created new log segment /workdir/hadoop-ozone/integration-test/target/test-dir/MiniOzoneClusterImpl-5001b6fb-b076-4db0-9bfa-fe41c8f15f18/datanode-0/data/ratis/186f608e-dd8f-4b35-a806-d1452ad39aab/current/log_inprogress_0
2019-08-21 07:29:56,198 INFO  segmented.SegmentedRaftLogWorker (SegmentedRaftLogWorker.java:execute(569)) - 1dea51db-6708-4ad6-91a8-3e9ff83f4832-SegmentedRaftLogWorker:Storage Directory /workdir/hadoop-ozone/integration-test/target/test-dir/MiniOzoneClusterImpl-5001b6fb-b076-4db0-9bfa-fe41c8f15f18/datanode-5/data/ratis/f654e945-d2ac-4f83-bdc5-758af19edcef: created new log segment /workdir/hadoop-ozone/integration-test/target/test-dir/MiniOzoneClusterImpl-5001b6fb-b076-4db0-9bfa-fe41c8f15f18/datanode-5/data/ratis/f654e945-d2ac-4f83-bdc5-758af19edcef/current/log_inprogress_0
2019-08-21 07:29:56,198 INFO  segmented.SegmentedRaftLogWorker (SegmentedRaftLogWorker.java:execute(569)) - 5276881d-a7b2-4333-9791-db73149c0941-SegmentedRaftLogWorker:Storage Directory /workdir/hadoop-ozone/integration-test/target/test-dir/MiniOzoneClusterImpl-5001b6fb-b076-4db0-9bfa-fe41c8f15f18/datanode-2/data/ratis/53d512d6-a2e6-41e8-a8a9-261fa59b9e05: created new log segment /workdir/hadoop-ozone/integration-test/target/test-dir/MiniOzoneClusterImpl-5001b6fb-b076-4db0-9bfa-fe41c8f15f18/datanode-2/data/ratis/53d512d6-a2e6-41e8-a8a9-261fa59b9e05/current/log_inprogress_0
2019-08-21 07:29:56,225 INFO  impl.FollowerState (FollowerState.java:run(106)) - 63676a94-6794-405b-90a4-09d155913ff7:group-33EEECA7545C changes to CANDIDATE, lastRpcTime:5169, electionTimeout:5169ms
2019-08-21 07:29:56,227 INFO  impl.RoleInfo (RoleInfo.java:shutdownFollowerState(121)) - 63676a94-6794-405b-90a4-09d155913ff7: shutdown FollowerState
2019-08-21 07:29:56,227 INFO  impl.RaftServerImpl (RaftServerImpl.java:setRole(171)) - 63676a94-6794-405b-90a4-09d155913ff7:group-33EEECA7545C changes role from FOLLOWER to CANDIDATE at term 0 for changeToCandidate
2019-08-21 07:29:56,228 INFO  impl.RoleInfo (RoleInfo.java:updateAndGet(143)) - 63676a94-6794-405b-90a4-09d155913ff7: start LeaderElection
2019-08-21 07:29:56,245 INFO  impl.LeaderElection (LeaderElection.java:askForVotes(181)) - 63676a94-6794-405b-90a4-09d155913ff7:group-33EEECA7545C:LeaderElection5: begin an election at term 1 for -1: [63676a94-6794-405b-90a4-09d155913ff7:192.168.69.73:32885], old=null
2019-08-21 07:29:56,246 INFO  impl.RoleInfo (RoleInfo.java:shutdownLeaderElection(134)) - 63676a94-6794-405b-90a4-09d155913ff7: shutdown LeaderElection
2019-08-21 07:29:56,247 INFO  impl.RaftServerImpl (RaftServerImpl.java:setRole(171)) - 63676a94-6794-405b-90a4-09d155913ff7:group-33EEECA7545C changes role from CANDIDATE to LEADER at term 1 for changeToLeader
2019-08-21 07:29:56,247 INFO  impl.RaftServerImpl (ServerState.java:setLeader(263)) - 63676a94-6794-405b-90a4-09d155913ff7:group-33EEECA7545C change Leader from null to 63676a94-6794-405b-90a4-09d155913ff7 at term 1 for becomeLeader, leader elected after 5194ms
2019-08-21 07:29:56,248 INFO  server.RaftServerConfigKeys (ConfUtils.java:logGet(43)) - raft.server.staging.catchup.gap = 1000 (default)
2019-08-21 07:29:56,249 INFO  server.RaftServerConfigKeys (ConfUtils.java:logGet(43)) - raft.server.rpc.sleep.time = 25ms (default)
2019-08-21 07:29:56,249 INFO  server.RaftServerConfigKeys (ConfUtils.java:logGet(43)) - raft.server.write.element-limit = 4096 (default)
2019-08-21 07:29:56,249 INFO  server.RaftServerConfigKeys (ConfUtils.java:logGet(43)) - raft.server.watch.timeout = 10s (default)
2019-08-21 07:29:56,249 INFO  server.RaftServerConfigKeys (ConfUtils.java:logGet(43)) - raft.server.watch.timeout.denomination = 1s (default)
2019-08-21 07:29:56,249 INFO  server.RaftServerConfigKeys (ConfUtils.java:logGet(43)) - raft.server.watch.element-limit = 65536 (default)
2019-08-21 07:29:56,250 INFO  impl.RoleInfo (RoleInfo.java:updateAndGet(143)) - 63676a94-6794-405b-90a4-09d155913ff7: start LeaderState
2019-08-21 07:29:56,250 INFO  segmented.SegmentedRaftLogWorker (SegmentedRaftLogWorker.java:startLogSegment(380)) - 63676a94-6794-405b-90a4-09d155913ff7-SegmentedRaftLogWorker:Storage Directory /workdir/hadoop-ozone/integration-test/target/test-dir/MiniOzoneClusterImpl-5001b6fb-b076-4db0-9bfa-fe41c8f15f18/datanode-1/data/ratis/b5b31fdc-c775-4f7a-9dbf-33eeeca7545c: Starting segment from index:0
2019-08-21 07:29:56,251 INFO  impl.RaftServerImpl (ServerState.java:setRaftConf(361)) - 63676a94-6794-405b-90a4-09d155913ff7:group-33EEECA7545C set configuration 0: [63676a94-6794-405b-90a4-09d155913ff7:192.168.69.73:32885], old=null at 0
2019-08-21 07:29:56,290 INFO  impl.FollowerState (FollowerState.java:run(106)) - 7ed0d4b0-ed37-4072-82fa-f98a36996de9:group-57A28F28AE41 changes to CANDIDATE, lastRpcTime:5032, electionTimeout:5023ms
2019-08-21 07:29:56,290 INFO  impl.FollowerState (FollowerState.java:run(106)) - 9355736e-4a02-406b-a3ec-b57d496fec13:group-8D990FCA030D changes to CANDIDATE, lastRpcTime:5152, electionTimeout:5124ms
2019-08-21 07:29:56,290 INFO  impl.RoleInfo (RoleInfo.java:shutdownFollowerState(121)) - 7ed0d4b0-ed37-4072-82fa-f98a36996de9: shutdown FollowerState
2019-08-21 07:29:56,291 INFO  impl.RoleInfo (RoleInfo.java:shutdownFollowerState(121)) - 9355736e-4a02-406b-a3ec-b57d496fec13: shutdown FollowerState
2019-08-21 07:29:56,291 INFO  impl.RaftServerImpl (RaftServerImpl.java:setRole(171)) - 7ed0d4b0-ed37-4072-82fa-f98a36996de9:group-57A28F28AE41 changes role from FOLLOWER to CANDIDATE at term 0 for changeToCandidate
2019-08-21 07:29:56,291 INFO  impl.RaftServerImpl (RaftServerImpl.java:setRole(171)) - 9355736e-4a02-406b-a3ec-b57d496fec13:group-8D990FCA030D changes role from FOLLOWER to CANDIDATE at term 0 for changeToCandidate
2019-08-21 07:29:56,291 INFO  impl.RoleInfo (RoleInfo.java:updateAndGet(143)) - 7ed0d4b0-ed37-4072-82fa-f98a36996de9: start LeaderElection
2019-08-21 07:29:56,291 INFO  impl.RoleInfo (RoleInfo.java:updateAndGet(143)) - 9355736e-4a02-406b-a3ec-b57d496fec13: start LeaderElection
2019-08-21 07:29:56,304 INFO  segmented.SegmentedRaftLogWorker (SegmentedRaftLogWorker.java:execute(569)) - 63676a94-6794-405b-90a4-09d155913ff7-SegmentedRaftLogWorker:Storage Directory /workdir/hadoop-ozone/integration-test/target/test-dir/MiniOzoneClusterImpl-5001b6fb-b076-4db0-9bfa-fe41c8f15f18/datanode-1/data/ratis/b5b31fdc-c775-4f7a-9dbf-33eeeca7545c: created new log segment /workdir/hadoop-ozone/integration-test/target/test-dir/MiniOzoneClusterImpl-5001b6fb-b076-4db0-9bfa-fe41c8f15f18/datanode-1/data/ratis/b5b31fdc-c775-4f7a-9dbf-33eeeca7545c/current/log_inprogress_0
2019-08-21 07:29:56,304 INFO  impl.LeaderElection (LeaderElection.java:askForVotes(181)) - 9355736e-4a02-406b-a3ec-b57d496fec13:group-8D990FCA030D:LeaderElection7: begin an election at term 1 for -1: [9355736e-4a02-406b-a3ec-b57d496fec13:192.168.69.73:41045], old=null
2019-08-21 07:29:56,304 INFO  impl.LeaderElection (LeaderElection.java:askForVotes(181)) - 7ed0d4b0-ed37-4072-82fa-f98a36996de9:group-57A28F28AE41:LeaderElection6: begin an election at term 1 for -1: [1dea51db-6708-4ad6-91a8-3e9ff83f4832:192.168.69.73:43810, 7ed0d4b0-ed37-4072-82fa-f98a36996de9:192.168.69.73:38928, 5276881d-a7b2-4333-9791-db73149c0941:192.168.69.73:44992], old=null
2019-08-21 07:29:56,312 INFO  impl.FollowerState (FollowerState.java:run(106)) - 1dea51db-6708-4ad6-91a8-3e9ff83f4832:group-57A28F28AE41 changes to CANDIDATE, lastRpcTime:5051, electionTimeout:5047ms
2019-08-21 07:29:56,312 INFO  impl.RoleInfo (RoleInfo.java:shutdownLeaderElection(134)) - 9355736e-4a02-406b-a3ec-b57d496fec13: shutdown LeaderElection
2019-08-21 07:29:56,314 INFO  impl.RoleInfo (RoleInfo.java:shutdownFollowerState(121)) - 1dea51db-6708-4ad6-91a8-3e9ff83f4832: shutdown FollowerState
2019-08-21 07:29:56,314 INFO  impl.RaftServerImpl (RaftServerImpl.java:setRole(171)) - 9355736e-4a02-406b-a3ec-b57d496fec13:group-8D990FCA030D changes role from CANDIDATE to LEADER at term 1 for changeToLeader
2019-08-21 07:29:56,314 INFO  impl.RaftServerImpl (RaftServerImpl.java:setRole(171)) - 1dea51db-6708-4ad6-91a8-3e9ff83f4832:group-57A28F28AE41 changes role from FOLLOWER to CANDIDATE at term 0 for changeToCandidate
2019-08-21 07:29:56,314 INFO  impl.RaftServerImpl (ServerState.java:setLeader(263)) - 9355736e-4a02-406b-a3ec-b57d496fec13:group-8D990FCA030D change Leader from null to 9355736e-4a02-406b-a3ec-b57d496fec13 at term 1 for becomeLeader, leader elected after 5180ms
2019-08-21 07:29:56,314 INFO  impl.RoleInfo (RoleInfo.java:updateAndGet(143)) - 1dea51db-6708-4ad6-91a8-3e9ff83f4832: start LeaderElection
2019-08-21 07:29:56,316 INFO  server.RaftServerConfigKeys (ConfUtils.java:logGet(43)) - raft.server.staging.catchup.gap = 1000 (default)
2019-08-21 07:29:56,316 INFO  server.RaftServerConfigKeys (ConfUtils.java:logGet(43)) - raft.server.rpc.sleep.time = 25ms (default)
2019-08-21 07:29:56,320 INFO  server.RaftServerConfigKeys (ConfUtils.java:logGet(43)) - raft.server.write.element-limit = 4096 (default)
2019-08-21 07:29:56,320 INFO  server.RaftServerConfigKeys (ConfUtils.java:logGet(43)) - raft.server.watch.timeout = 10s (default)
2019-08-21 07:29:56,321 INFO  server.RaftServerConfigKeys (ConfUtils.java:logGet(43)) - raft.server.watch.timeout.denomination = 1s (default)
2019-08-21 07:29:56,321 INFO  server.RaftServerConfigKeys (ConfUtils.java:logGet(43)) - raft.server.watch.element-limit = 65536 (default)
2019-08-21 07:29:56,321 INFO  impl.RoleInfo (RoleInfo.java:updateAndGet(143)) - 9355736e-4a02-406b-a3ec-b57d496fec13: start LeaderState
2019-08-21 07:29:56,322 INFO  segmented.SegmentedRaftLogWorker (SegmentedRaftLogWorker.java:startLogSegment(380)) - 9355736e-4a02-406b-a3ec-b57d496fec13-SegmentedRaftLogWorker:Storage Directory /workdir/hadoop-ozone/integration-test/target/test-dir/MiniOzoneClusterImpl-5001b6fb-b076-4db0-9bfa-fe41c8f15f18/datanode-3/data/ratis/f80d2cf7-4ddb-4b30-bcab-8d990fca030d: Starting segment from index:0
2019-08-21 07:29:56,322 INFO  impl.RaftServerImpl (ServerState.java:setRaftConf(361)) - 9355736e-4a02-406b-a3ec-b57d496fec13:group-8D990FCA030D set configuration 0: [9355736e-4a02-406b-a3ec-b57d496fec13:192.168.69.73:41045], old=null at 0
2019-08-21 07:29:56,361 INFO  impl.LeaderElection (LeaderElection.java:askForVotes(181)) - 1dea51db-6708-4ad6-91a8-3e9ff83f4832:group-57A28F28AE41:LeaderElection8: begin an election at term 1 for -1: [1dea51db-6708-4ad6-91a8-3e9ff83f4832:192.168.69.73:43810, 7ed0d4b0-ed37-4072-82fa-f98a36996de9:192.168.69.73:38928, 5276881d-a7b2-4333-9791-db73149c0941:192.168.69.73:44992], old=null
2019-08-21 07:29:56,374 INFO  segmented.SegmentedRaftLogWorker (SegmentedRaftLogWorker.java:execute(569)) - 9355736e-4a02-406b-a3ec-b57d496fec13-SegmentedRaftLogWorker:Storage Directory /workdir/hadoop-ozone/integration-test/target/test-dir/MiniOzoneClusterImpl-5001b6fb-b076-4db0-9bfa-fe41c8f15f18/datanode-3/data/ratis/f80d2cf7-4ddb-4b30-bcab-8d990fca030d: created new log segment /workdir/hadoop-ozone/integration-test/target/test-dir/MiniOzoneClusterImpl-5001b6fb-b076-4db0-9bfa-fe41c8f15f18/datanode-3/data/ratis/f80d2cf7-4ddb-4b30-bcab-8d990fca030d/current/log_inprogress_0
2019-08-21 07:29:56,396 INFO  impl.RaftServerImpl (RaftServerImpl.java:setRole(171)) - 5276881d-a7b2-4333-9791-db73149c0941:group-57A28F28AE41 changes role from FOLLOWER to FOLLOWER at term 1 for recognizeCandidate:7ed0d4b0-ed37-4072-82fa-f98a36996de9
2019-08-21 07:29:56,396 INFO  impl.RoleInfo (RoleInfo.java:shutdownFollowerState(121)) - 5276881d-a7b2-4333-9791-db73149c0941: shutdown FollowerState
2019-08-21 07:29:56,396 INFO  impl.RoleInfo (RoleInfo.java:updateAndGet(143)) - 5276881d-a7b2-4333-9791-db73149c0941: start FollowerState
2019-08-21 07:29:56,396 INFO  impl.FollowerState (FollowerState.java:run(114)) - 5276881d-a7b2-4333-9791-db73149c0941: FollowerState was interrupted: java.lang.InterruptedException: sleep interrupted
2019-08-21 07:29:56,402 INFO  impl.FollowerState (FollowerState.java:run(106)) - b9e45af6-2c86-4711-8077-b66a512e634d:group-7D0DA91F5A30 changes to CANDIDATE, lastRpcTime:5033, electionTimeout:5033ms
2019-08-21 07:29:56,402 INFO  impl.RoleInfo (RoleInfo.java:shutdownFollowerState(121)) - b9e45af6-2c86-4711-8077-b66a512e634d: shutdown FollowerState
2019-08-21 07:29:56,402 INFO  impl.RaftServerImpl (RaftServerImpl.java:setRole(171)) - b9e45af6-2c86-4711-8077-b66a512e634d:group-7D0DA91F5A30 changes role from FOLLOWER to CANDIDATE at term 0 for changeToCandidate
2019-08-21 07:29:56,402 INFO  impl.RoleInfo (RoleInfo.java:updateAndGet(143)) - b9e45af6-2c86-4711-8077-b66a512e634d: start LeaderElection
2019-08-21 07:29:56,419 INFO  impl.LeaderElection (LeaderElection.java:askForVotes(181)) - b9e45af6-2c86-4711-8077-b66a512e634d:group-7D0DA91F5A30:LeaderElection9: begin an election at term 1 for -1: [63676a94-6794-405b-90a4-09d155913ff7:192.168.69.73:32885, 9355736e-4a02-406b-a3ec-b57d496fec13:192.168.69.73:41045, b9e45af6-2c86-4711-8077-b66a512e634d:192.168.69.73:41159], old=null
2019-08-21 07:29:56,427 INFO  impl.LeaderElection (LeaderElection.java:logAndReturn(56)) - 1dea51db-6708-4ad6-91a8-3e9ff83f4832:group-57A28F28AE41:LeaderElection8: Election REJECTED; received 2 response(s) [1dea51db-6708-4ad6-91a8-3e9ff83f4832<-7ed0d4b0-ed37-4072-82fa-f98a36996de9#0:FAIL-t1, 1dea51db-6708-4ad6-91a8-3e9ff83f4832<-5276881d-a7b2-4333-9791-db73149c0941#0:FAIL-t1] and 0 exception(s); 1dea51db-6708-4ad6-91a8-3e9ff83f4832:t1, leader=null, voted=1dea51db-6708-4ad6-91a8-3e9ff83f4832, raftlog=1dea51db-6708-4ad6-91a8-3e9ff83f4832-SegmentedRaftLog:OPENED:c-1,f-1,i0, conf=-1: [1dea51db-6708-4ad6-91a8-3e9ff83f4832:192.168.69.73:43810, 7ed0d4b0-ed37-4072-82fa-f98a36996de9:192.168.69.73:38928, 5276881d-a7b2-4333-9791-db73149c0941:192.168.69.73:44992], old=null
2019-08-21 07:29:56,427 INFO  impl.LeaderElection (LeaderElection.java:logAndReturn(56)) - 7ed0d4b0-ed37-4072-82fa-f98a36996de9:group-57A28F28AE41:LeaderElection6: Election PASSED; received 2 response(s) [7ed0d4b0-ed37-4072-82fa-f98a36996de9<-1dea51db-6708-4ad6-91a8-3e9ff83f4832#0:FAIL-t1, 7ed0d4b0-ed37-4072-82fa-f98a36996de9<-5276881d-a7b2-4333-9791-db73149c0941#0:OK-t1] and 0 exception(s); 7ed0d4b0-ed37-4072-82fa-f98a36996de9:t1, leader=null, voted=7ed0d4b0-ed37-4072-82fa-f98a36996de9, raftlog=7ed0d4b0-ed37-4072-82fa-f98a36996de9-SegmentedRaftLog:OPENED:c-1,f-1,i0, conf=-1: [1dea51db-6708-4ad6-91a8-3e9ff83f4832:192.168.69.73:43810, 7ed0d4b0-ed37-4072-82fa-f98a36996de9:192.168.69.73:38928, 5276881d-a7b2-4333-9791-db73149c0941:192.168.69.73:44992], old=null
2019-08-21 07:29:56,427 INFO  impl.RaftServerImpl (RaftServerImpl.java:setRole(171)) - 1dea51db-6708-4ad6-91a8-3e9ff83f4832:group-57A28F28AE41 changes role from CANDIDATE to FOLLOWER at term 1 for DISCOVERED_A_NEW_TERM
2019-08-21 07:29:56,427 INFO  impl.RoleInfo (RoleInfo.java:shutdownLeaderElection(134)) - 7ed0d4b0-ed37-4072-82fa-f98a36996de9: shutdown LeaderElection
2019-08-21 07:29:56,429 INFO  impl.RoleInfo (RoleInfo.java:shutdownLeaderElection(134)) - 1dea51db-6708-4ad6-91a8-3e9ff83f4832: shutdown LeaderElection
2019-08-21 07:29:56,434 INFO  impl.RaftServerImpl (RaftServerImpl.java:setRole(171)) - 7ed0d4b0-ed37-4072-82fa-f98a36996de9:group-57A28F28AE41 changes role from CANDIDATE to LEADER at term 1 for changeToLeader
2019-08-21 07:29:56,436 INFO  impl.RoleInfo (RoleInfo.java:updateAndGet(143)) - 1dea51db-6708-4ad6-91a8-3e9ff83f4832: start FollowerState
2019-08-21 07:29:56,436 INFO  impl.RaftServerImpl (ServerState.java:setLeader(263)) - 7ed0d4b0-ed37-4072-82fa-f98a36996de9:group-57A28F28AE41 change Leader from null to 7ed0d4b0-ed37-4072-82fa-f98a36996de9 at term 1 for becomeLeader, leader elected after 5191ms
2019-08-21 07:29:56,438 INFO  server.RaftServerConfigKeys (ConfUtils.java:logGet(43)) - raft.server.staging.catchup.gap = 1000 (default)
2019-08-21 07:29:56,438 INFO  server.RaftServerConfigKeys (ConfUtils.java:logGet(43)) - raft.server.rpc.sleep.time = 25ms (default)
2019-08-21 07:29:56,444 INFO  impl.FollowerState (FollowerState.java:run(106)) - 9355736e-4a02-406b-a3ec-b57d496fec13:group-7D0DA91F5A30 changes to CANDIDATE, lastRpcTime:5061, electionTimeout:5059ms
2019-08-21 07:29:56,444 INFO  impl.RoleInfo (RoleInfo.java:shutdownFollowerState(121)) - 9355736e-4a02-406b-a3ec-b57d496fec13: shutdown FollowerState
2019-08-21 07:29:56,444 INFO  impl.RaftServerImpl (RaftServerImpl.java:setRole(171)) - 9355736e-4a02-406b-a3ec-b57d496fec13:group-7D0DA91F5A30 changes role from FOLLOWER to CANDIDATE at term 0 for changeToCandidate
2019-08-21 07:29:56,444 INFO  server.RaftServerConfigKeys (ConfUtils.java:logGet(43)) - raft.server.write.element-limit = 4096 (default)
2019-08-21 07:29:56,444 INFO  impl.RoleInfo (RoleInfo.java:updateAndGet(143)) - 9355736e-4a02-406b-a3ec-b57d496fec13: start LeaderElection
2019-08-21 07:29:56,446 INFO  server.RaftServerConfigKeys (ConfUtils.java:logGet(43)) - raft.server.watch.timeout = 10s (default)
2019-08-21 07:29:56,451 INFO  impl.RaftServerImpl (RaftServerImpl.java:setRole(171)) - 63676a94-6794-405b-90a4-09d155913ff7:group-7D0DA91F5A30 changes role from FOLLOWER to FOLLOWER at term 1 for recognizeCandidate:b9e45af6-2c86-4711-8077-b66a512e634d
2019-08-21 07:29:56,451 INFO  server.RaftServerConfigKeys (ConfUtils.java:logGet(43)) - raft.server.watch.timeout.denomination = 1s (default)
2019-08-21 07:29:56,452 INFO  impl.RaftServerImpl (RaftServerImpl.java:setRole(171)) - 9355736e-4a02-406b-a3ec-b57d496fec13:group-7D0DA91F5A30 changes role from CANDIDATE to FOLLOWER at term 1 for recognizeCandidate:b9e45af6-2c86-4711-8077-b66a512e634d
2019-08-21 07:29:56,453 INFO  impl.RoleInfo (RoleInfo.java:shutdownLeaderElection(134)) - 9355736e-4a02-406b-a3ec-b57d496fec13: shutdown LeaderElection
2019-08-21 07:29:56,451 INFO  impl.RoleInfo (RoleInfo.java:shutdownFollowerState(121)) - 63676a94-6794-405b-90a4-09d155913ff7: shutdown FollowerState
2019-08-21 07:29:56,453 INFO  impl.RoleInfo (RoleInfo.java:updateAndGet(143)) - 9355736e-4a02-406b-a3ec-b57d496fec13: start FollowerState
2019-08-21 07:29:56,452 INFO  server.RaftServerConfigKeys (ConfUtils.java:logGet(43)) - raft.server.watch.element-limit = 65536 (default)
2019-08-21 07:29:56,453 INFO  impl.RoleInfo (RoleInfo.java:updateAndGet(143)) - 63676a94-6794-405b-90a4-09d155913ff7: start FollowerState
2019-08-21 07:29:56,453 INFO  impl.FollowerState (FollowerState.java:run(114)) - 63676a94-6794-405b-90a4-09d155913ff7: FollowerState was interrupted: java.lang.InterruptedException: sleep interrupted
2019-08-21 07:29:56,455 WARN  impl.FollowerState (FollowerState.java:run(118)) - 9355736e-4a02-406b-a3ec-b57d496fec13: FollowerState caught an exception
java.lang.IllegalStateException: ILLEGAL TRANSITION: In 9355736e-4a02-406b-a3ec-b57d496fec13:group-7D0DA91F5A30:LeaderElection10, CLOSED -> RUNNING
	at org.apache.ratis.util.Preconditions.assertTrue(Preconditions.java:63)
	at org.apache.ratis.util.LifeCycle$State.validate(LifeCycle.java:123)
	at org.apache.ratis.util.LifeCycle.transition(LifeCycle.java:143)
	at org.apache.ratis.util.LifeCycle.startAndTransition(LifeCycle.java:203)
	at org.apache.ratis.server.impl.LeaderElection.start(LeaderElection.java:120)
	at org.apache.ratis.server.impl.RoleInfo.startLeaderElection(RoleInfo.java:128)
	at org.apache.ratis.server.impl.RaftServerImpl.changeToCandidate(RaftServerImpl.java:411)
	at org.apache.ratis.server.impl.FollowerState.run(FollowerState.java:109)
2019-08-21 07:29:56,460 INFO  server.RaftServerConfigKeys (ConfUtils.java:logGet(43)) - raft.server.log.appender.snapshot.chunk.size.max = 16MB (=16777216) (default)
2019-08-21 07:29:56,461 INFO  server.RaftServerConfigKeys (ConfUtils.java:logGet(43)) - raft.server.log.appender.buffer.byte-limit = 33554432 (custom)
2019-08-21 07:29:56,461 INFO  server.RaftServerConfigKeys (ConfUtils.java:logGet(43)) - raft.server.log.appender.buffer.element-limit = 1 (custom)
2019-08-21 07:29:56,465 INFO  grpc.GrpcConfigKeys$Server (ConfUtils.java:logGet(43)) - raft.grpc.server.leader.outstanding.appends.max = 128 (default)
2019-08-21 07:29:56,467 INFO  server.RaftServerConfigKeys (ConfUtils.java:logGet(43)) - raft.server.rpc.request.timeout = 3000ms (default)
2019-08-21 07:29:56,467 INFO  server.RaftServerConfigKeys (ConfUtils.java:logGet(43)) - raft.server.log.appender.install.snapshot.enabled = false (custom)
2019-08-21 07:29:56,467 INFO  server.RaftServerConfigKeys (ConfUtils.java:logGet(43)) - raft.server.log.appender.snapshot.chunk.size.max = 16MB (=16777216) (default)
2019-08-21 07:29:56,467 INFO  server.RaftServerConfigKeys (ConfUtils.java:logGet(43)) - raft.server.log.appender.buffer.byte-limit = 33554432 (custom)
2019-08-21 07:29:56,467 INFO  server.RaftServerConfigKeys (ConfUtils.java:logGet(43)) - raft.server.log.appender.buffer.element-limit = 1 (custom)
2019-08-21 07:29:56,468 INFO  grpc.GrpcConfigKeys$Server (ConfUtils.java:logGet(43)) - raft.grpc.server.leader.outstanding.appends.max = 128 (default)
2019-08-21 07:29:56,468 INFO  server.RaftServerConfigKeys (ConfUtils.java:logGet(43)) - raft.server.rpc.request.timeout = 3000ms (default)
2019-08-21 07:29:56,468 INFO  server.RaftServerConfigKeys (ConfUtils.java:logGet(43)) - raft.server.log.appender.install.snapshot.enabled = false (custom)
2019-08-21 07:29:56,470 INFO  impl.RoleInfo (RoleInfo.java:updateAndGet(143)) - 7ed0d4b0-ed37-4072-82fa-f98a36996de9: start LeaderState
2019-08-21 07:29:56,470 INFO  segmented.SegmentedRaftLogWorker (SegmentedRaftLogWorker.java:startLogSegment(380)) - 7ed0d4b0-ed37-4072-82fa-f98a36996de9-SegmentedRaftLogWorker:Storage Directory /workdir/hadoop-ozone/integration-test/target/test-dir/MiniOzoneClusterImpl-5001b6fb-b076-4db0-9bfa-fe41c8f15f18/datanode-4/data/ratis/358e609c-9a13-4a67-b96f-57a28f28ae41: Starting segment from index:0
2019-08-21 07:29:56,471 INFO  impl.RaftServerImpl (ServerState.java:setRaftConf(361)) - 7ed0d4b0-ed37-4072-82fa-f98a36996de9:group-57A28F28AE41 set configuration 0: [1dea51db-6708-4ad6-91a8-3e9ff83f4832:192.168.69.73:43810, 7ed0d4b0-ed37-4072-82fa-f98a36996de9:192.168.69.73:38928, 5276881d-a7b2-4333-9791-db73149c0941:192.168.69.73:44992], old=null at 0
2019-08-21 07:29:56,506 INFO  impl.LeaderElection (LeaderElection.java:logAndReturn(56)) - b9e45af6-2c86-4711-8077-b66a512e634d:group-7D0DA91F5A30:LeaderElection9: Election PASSED; received 2 response(s) [b9e45af6-2c86-4711-8077-b66a512e634d<-63676a94-6794-405b-90a4-09d155913ff7#0:OK-t1, b9e45af6-2c86-4711-8077-b66a512e634d<-9355736e-4a02-406b-a3ec-b57d496fec13#0:FAIL-t1] and 0 exception(s); b9e45af6-2c86-4711-8077-b66a512e634d:t1, leader=null, voted=b9e45af6-2c86-4711-8077-b66a512e634d, raftlog=b9e45af6-2c86-4711-8077-b66a512e634d-SegmentedRaftLog:OPENED:c-1,f-1,i0, conf=-1: [63676a94-6794-405b-90a4-09d155913ff7:192.168.69.73:32885, 9355736e-4a02-406b-a3ec-b57d496fec13:192.168.69.73:41045, b9e45af6-2c86-4711-8077-b66a512e634d:192.168.69.73:41159], old=null
2019-08-21 07:29:56,506 INFO  impl.RoleInfo (RoleInfo.java:shutdownLeaderElection(134)) - b9e45af6-2c86-4711-8077-b66a512e634d: shutdown LeaderElection
2019-08-21 07:29:56,506 INFO  impl.RaftServerImpl (RaftServerImpl.java:setRole(171)) - b9e45af6-2c86-4711-8077-b66a512e634d:group-7D0DA91F5A30 changes role from CANDIDATE to LEADER at term 1 for changeToLeader
2019-08-21 07:29:56,513 INFO  impl.RaftServerImpl (ServerState.java:setLeader(263)) - b9e45af6-2c86-4711-8077-b66a512e634d:group-7D0DA91F5A30 change Leader from null to b9e45af6-2c86-4711-8077-b66a512e634d at term 1 for becomeLeader, leader elected after 5150ms
2019-08-21 07:29:56,513 INFO  server.RaftServerConfigKeys (ConfUtils.java:logGet(43)) - raft.server.staging.catchup.gap = 1000 (default)
2019-08-21 07:29:56,513 INFO  server.RaftServerConfigKeys (ConfUtils.java:logGet(43)) - raft.server.rpc.sleep.time = 25ms (default)
2019-08-21 07:29:56,514 INFO  server.RaftServerConfigKeys (ConfUtils.java:logGet(43)) - raft.server.write.element-limit = 4096 (default)
2019-08-21 07:29:56,514 INFO  server.RaftServerConfigKeys (ConfUtils.java:logGet(43)) - raft.server.watch.timeout = 10s (default)
2019-08-21 07:29:56,514 INFO  server.RaftServerConfigKeys (ConfUtils.java:logGet(43)) - raft.server.watch.timeout.denomination = 1s (default)
2019-08-21 07:29:56,514 INFO  server.RaftServerConfigKeys (ConfUtils.java:logGet(43)) - raft.server.watch.element-limit = 65536 (default)
2019-08-21 07:29:56,515 INFO  server.RaftServerConfigKeys (ConfUtils.java:logGet(43)) - raft.server.log.appender.snapshot.chunk.size.max = 16MB (=16777216) (default)
2019-08-21 07:29:56,515 INFO  server.RaftServerConfigKeys (ConfUtils.java:logGet(43)) - raft.server.log.appender.buffer.byte-limit = 33554432 (custom)
2019-08-21 07:29:56,515 INFO  segmented.SegmentedRaftLogWorker (SegmentedRaftLogWorker.java:execute(569)) - 7ed0d4b0-ed37-4072-82fa-f98a36996de9-SegmentedRaftLogWorker:Storage Directory /workdir/hadoop-ozone/integration-test/target/test-dir/MiniOzoneClusterImpl-5001b6fb-b076-4db0-9bfa-fe41c8f15f18/datanode-4/data/ratis/358e609c-9a13-4a67-b96f-57a28f28ae41: created new log segment /workdir/hadoop-ozone/integration-test/target/test-dir/MiniOzoneClusterImpl-5001b6fb-b076-4db0-9bfa-fe41c8f15f18/datanode-4/data/ratis/358e609c-9a13-4a67-b96f-57a28f28ae41/current/log_inprogress_0
2019-08-21 07:29:56,515 INFO  server.RaftServerConfigKeys (ConfUtils.java:logGet(43)) - raft.server.log.appender.buffer.element-limit = 1 (custom)
2019-08-21 07:29:56,517 INFO  grpc.GrpcConfigKeys$Server (ConfUtils.java:logGet(43)) - raft.grpc.server.leader.outstanding.appends.max = 128 (default)
2019-08-21 07:29:56,517 INFO  server.RaftServerConfigKeys (ConfUtils.java:logGet(43)) - raft.server.rpc.request.timeout = 3000ms (default)
2019-08-21 07:29:56,518 INFO  server.RaftServerConfigKeys (ConfUtils.java:logGet(43)) - raft.server.log.appender.install.snapshot.enabled = false (custom)
2019-08-21 07:29:56,518 INFO  server.RaftServerConfigKeys (ConfUtils.java:logGet(43)) - raft.server.log.appender.snapshot.chunk.size.max = 16MB (=16777216) (default)
2019-08-21 07:29:56,518 INFO  server.RaftServerConfigKeys (ConfUtils.java:logGet(43)) - raft.server.log.appender.buffer.byte-limit = 33554432 (custom)
2019-08-21 07:29:56,518 INFO  server.RaftServerConfigKeys (ConfUtils.java:logGet(43)) - raft.server.log.appender.buffer.element-limit = 1 (custom)
2019-08-21 07:29:56,519 INFO  grpc.GrpcConfigKeys$Server (ConfUtils.java:logGet(43)) - raft.grpc.server.leader.outstanding.appends.max = 128 (default)
2019-08-21 07:29:56,519 INFO  server.RaftServerConfigKeys (ConfUtils.java:logGet(43)) - raft.server.rpc.request.timeout = 3000ms (default)
2019-08-21 07:29:56,519 INFO  server.RaftServerConfigKeys (ConfUtils.java:logGet(43)) - raft.server.log.appender.install.snapshot.enabled = false (custom)
2019-08-21 07:29:56,519 INFO  impl.RoleInfo (RoleInfo.java:updateAndGet(143)) - b9e45af6-2c86-4711-8077-b66a512e634d: start LeaderState
2019-08-21 07:29:56,520 INFO  segmented.SegmentedRaftLogWorker (SegmentedRaftLogWorker.java:startLogSegment(380)) - b9e45af6-2c86-4711-8077-b66a512e634d-SegmentedRaftLogWorker:Storage Directory /workdir/hadoop-ozone/integration-test/target/test-dir/MiniOzoneClusterImpl-5001b6fb-b076-4db0-9bfa-fe41c8f15f18/datanode-0/data/ratis/8068ae27-21b5-4d24-aeca-7d0da91f5a30: Starting segment from index:0
2019-08-21 07:29:56,520 INFO  impl.RaftServerImpl (ServerState.java:setRaftConf(361)) - b9e45af6-2c86-4711-8077-b66a512e634d:group-7D0DA91F5A30 set configuration 0: [63676a94-6794-405b-90a4-09d155913ff7:192.168.69.73:32885, 9355736e-4a02-406b-a3ec-b57d496fec13:192.168.69.73:41045, b9e45af6-2c86-4711-8077-b66a512e634d:192.168.69.73:41159], old=null at 0
2019-08-21 07:29:56,563 INFO  impl.RaftServerImpl (ServerState.java:setLeader(263)) - 63676a94-6794-405b-90a4-09d155913ff7:group-7D0DA91F5A30 change Leader from null to b9e45af6-2c86-4711-8077-b66a512e634d at term 1 for appendEntries, leader elected after 5204ms
2019-08-21 07:29:56,565 INFO  impl.RaftServerImpl (ServerState.java:setLeader(263)) - 5276881d-a7b2-4333-9791-db73149c0941:group-57A28F28AE41 change Leader from null to 7ed0d4b0-ed37-4072-82fa-f98a36996de9 at term 1 for appendEntries, leader elected after 5320ms
2019-08-21 07:29:56,565 INFO  impl.RaftServerImpl (ServerState.java:setLeader(263)) - 9355736e-4a02-406b-a3ec-b57d496fec13:group-7D0DA91F5A30 change Leader from null to b9e45af6-2c86-4711-8077-b66a512e634d at term 1 for appendEntries, leader elected after 5206ms
2019-08-21 07:29:56,565 INFO  impl.RaftServerImpl (ServerState.java:setLeader(263)) - 1dea51db-6708-4ad6-91a8-3e9ff83f4832:group-57A28F28AE41 change Leader from null to 7ed0d4b0-ed37-4072-82fa-f98a36996de9 at term 1 for appendEntries, leader elected after 5320ms
2019-08-21 07:29:56,566 INFO  segmented.SegmentedRaftLogWorker (SegmentedRaftLogWorker.java:execute(569)) - b9e45af6-2c86-4711-8077-b66a512e634d-SegmentedRaftLogWorker:Storage Directory /workdir/hadoop-ozone/integration-test/target/test-dir/MiniOzoneClusterImpl-5001b6fb-b076-4db0-9bfa-fe41c8f15f18/datanode-0/data/ratis/8068ae27-21b5-4d24-aeca-7d0da91f5a30: created new log segment /workdir/hadoop-ozone/integration-test/target/test-dir/MiniOzoneClusterImpl-5001b6fb-b076-4db0-9bfa-fe41c8f15f18/datanode-0/data/ratis/8068ae27-21b5-4d24-aeca-7d0da91f5a30/current/log_inprogress_0
2019-08-21 07:29:56,599 INFO  impl.RaftServerImpl (ServerState.java:setRaftConf(361)) - 63676a94-6794-405b-90a4-09d155913ff7:group-7D0DA91F5A30 set configuration 0: [63676a94-6794-405b-90a4-09d155913ff7:192.168.69.73:32885, 9355736e-4a02-406b-a3ec-b57d496fec13:192.168.69.73:41045, b9e45af6-2c86-4711-8077-b66a512e634d:192.168.69.73:41159], old=null at 0
2019-08-21 07:29:56,599 INFO  impl.RaftServerImpl (ServerState.java:setRaftConf(361)) - 9355736e-4a02-406b-a3ec-b57d496fec13:group-7D0DA91F5A30 set configuration 0: [63676a94-6794-405b-90a4-09d155913ff7:192.168.69.73:32885, 9355736e-4a02-406b-a3ec-b57d496fec13:192.168.69.73:41045, b9e45af6-2c86-4711-8077-b66a512e634d:192.168.69.73:41159], old=null at 0
2019-08-21 07:29:56,601 INFO  segmented.SegmentedRaftLogWorker (SegmentedRaftLogWorker.java:startLogSegment(380)) - 63676a94-6794-405b-90a4-09d155913ff7-SegmentedRaftLogWorker:Storage Directory /workdir/hadoop-ozone/integration-test/target/test-dir/MiniOzoneClusterImpl-5001b6fb-b076-4db0-9bfa-fe41c8f15f18/datanode-1/data/ratis/8068ae27-21b5-4d24-aeca-7d0da91f5a30: Starting segment from index:0
2019-08-21 07:29:56,599 INFO  impl.RaftServerImpl (ServerState.java:setRaftConf(361)) - 5276881d-a7b2-4333-9791-db73149c0941:group-57A28F28AE41 set configuration 0: [1dea51db-6708-4ad6-91a8-3e9ff83f4832:192.168.69.73:43810, 7ed0d4b0-ed37-4072-82fa-f98a36996de9:192.168.69.73:38928, 5276881d-a7b2-4333-9791-db73149c0941:192.168.69.73:44992], old=null at 0
2019-08-21 07:29:56,599 INFO  impl.RaftServerImpl (ServerState.java:setRaftConf(361)) - 1dea51db-6708-4ad6-91a8-3e9ff83f4832:group-57A28F28AE41 set configuration 0: [1dea51db-6708-4ad6-91a8-3e9ff83f4832:192.168.69.73:43810, 7ed0d4b0-ed37-4072-82fa-f98a36996de9:192.168.69.73:38928, 5276881d-a7b2-4333-9791-db73149c0941:192.168.69.73:44992], old=null at 0
2019-08-21 07:29:56,602 INFO  segmented.SegmentedRaftLogWorker (SegmentedRaftLogWorker.java:startLogSegment(380)) - 5276881d-a7b2-4333-9791-db73149c0941-SegmentedRaftLogWorker:Storage Directory /workdir/hadoop-ozone/integration-test/target/test-dir/MiniOzoneClusterImpl-5001b6fb-b076-4db0-9bfa-fe41c8f15f18/datanode-2/data/ratis/358e609c-9a13-4a67-b96f-57a28f28ae41: Starting segment from index:0
2019-08-21 07:29:56,601 INFO  segmented.SegmentedRaftLogWorker (SegmentedRaftLogWorker.java:startLogSegment(380)) - 9355736e-4a02-406b-a3ec-b57d496fec13-SegmentedRaftLogWorker:Storage Directory /workdir/hadoop-ozone/integration-test/target/test-dir/MiniOzoneClusterImpl-5001b6fb-b076-4db0-9bfa-fe41c8f15f18/datanode-3/data/ratis/8068ae27-21b5-4d24-aeca-7d0da91f5a30: Starting segment from index:0
2019-08-21 07:29:56,602 INFO  segmented.SegmentedRaftLogWorker (SegmentedRaftLogWorker.java:startLogSegment(380)) - 1dea51db-6708-4ad6-91a8-3e9ff83f4832-SegmentedRaftLogWorker:Storage Directory /workdir/hadoop-ozone/integration-test/target/test-dir/MiniOzoneClusterImpl-5001b6fb-b076-4db0-9bfa-fe41c8f15f18/datanode-5/data/ratis/358e609c-9a13-4a67-b96f-57a28f28ae41: Starting segment from index:0
2019-08-21 07:29:56,645 INFO  segmented.SegmentedRaftLogWorker (SegmentedRaftLogWorker.java:execute(569)) - 5276881d-a7b2-4333-9791-db73149c0941-SegmentedRaftLogWorker:Storage Directory /workdir/hadoop-ozone/integration-test/target/test-dir/MiniOzoneClusterImpl-5001b6fb-b076-4db0-9bfa-fe41c8f15f18/datanode-2/data/ratis/358e609c-9a13-4a67-b96f-57a28f28ae41: created new log segment /workdir/hadoop-ozone/integration-test/target/test-dir/MiniOzoneClusterImpl-5001b6fb-b076-4db0-9bfa-fe41c8f15f18/datanode-2/data/ratis/358e609c-9a13-4a67-b96f-57a28f28ae41/current/log_inprogress_0
2019-08-21 07:29:56,645 INFO  segmented.SegmentedRaftLogWorker (SegmentedRaftLogWorker.java:execute(569)) - 63676a94-6794-405b-90a4-09d155913ff7-SegmentedRaftLogWorker:Storage Directory /workdir/hadoop-ozone/integration-test/target/test-dir/MiniOzoneClusterImpl-5001b6fb-b076-4db0-9bfa-fe41c8f15f18/datanode-1/data/ratis/8068ae27-21b5-4d24-aeca-7d0da91f5a30: created new log segment /workdir/hadoop-ozone/integration-test/target/test-dir/MiniOzoneClusterImpl-5001b6fb-b076-4db0-9bfa-fe41c8f15f18/datanode-1/data/ratis/8068ae27-21b5-4d24-aeca-7d0da91f5a30/current/log_inprogress_0
2019-08-21 07:29:56,645 INFO  segmented.SegmentedRaftLogWorker (SegmentedRaftLogWorker.java:execute(569)) - 1dea51db-6708-4ad6-91a8-3e9ff83f4832-SegmentedRaftLogWorker:Storage Directory /workdir/hadoop-ozone/integration-test/target/test-dir/MiniOzoneClusterImpl-5001b6fb-b076-4db0-9bfa-fe41c8f15f18/datanode-5/data/ratis/358e609c-9a13-4a67-b96f-57a28f28ae41: created new log segment /workdir/hadoop-ozone/integration-test/target/test-dir/MiniOzoneClusterImpl-5001b6fb-b076-4db0-9bfa-fe41c8f15f18/datanode-5/data/ratis/358e609c-9a13-4a67-b96f-57a28f28ae41/current/log_inprogress_0
2019-08-21 07:29:56,645 INFO  segmented.SegmentedRaftLogWorker (SegmentedRaftLogWorker.java:execute(569)) - 9355736e-4a02-406b-a3ec-b57d496fec13-SegmentedRaftLogWorker:Storage Directory /workdir/hadoop-ozone/integration-test/target/test-dir/MiniOzoneClusterImpl-5001b6fb-b076-4db0-9bfa-fe41c8f15f18/datanode-3/data/ratis/8068ae27-21b5-4d24-aeca-7d0da91f5a30: created new log segment /workdir/hadoop-ozone/integration-test/target/test-dir/MiniOzoneClusterImpl-5001b6fb-b076-4db0-9bfa-fe41c8f15f18/datanode-3/data/ratis/8068ae27-21b5-4d24-aeca-7d0da91f5a30/current/log_inprogress_0
2019-08-21 07:29:56,979 INFO  client.GrpcClientProtocolClient (GrpcClientProtocolClient.java:onNext(255)) - client-B18AE797F905->9355736e-4a02-406b-a3ec-b57d496fec13: receive RaftClientReply:client-B18AE797F905->9355736e-4a02-406b-a3ec-b57d496fec13@group-7D0DA91F5A30, cid=16, FAILED org.apache.ratis.protocol.NotLeaderException: Server 9355736e-4a02-406b-a3ec-b57d496fec13 is not the leader (b9e45af6-2c86-4711-8077-b66a512e634d:192.168.69.73:41159). Request must be sent to leader., logIndex=0, commits[9355736e-4a02-406b-a3ec-b57d496fec13:c0, 63676a94-6794-405b-90a4-09d155913ff7:c-1, b9e45af6-2c86-4711-8077-b66a512e634d:c0]
2019-08-21 07:29:57,294 INFO  client.GrpcClientProtocolClient (GrpcClientProtocolClient.java:onNext(255)) - client-B18AE797F905->b9e45af6-2c86-4711-8077-b66a512e634d: receive RaftClientReply:client-B18AE797F905->b9e45af6-2c86-4711-8077-b66a512e634d@group-7D0DA91F5A30, cid=16, SUCCESS, logIndex=1, commits[b9e45af6-2c86-4711-8077-b66a512e634d:c1, 63676a94-6794-405b-90a4-09d155913ff7:c0, 9355736e-4a02-406b-a3ec-b57d496fec13:c0]
2019-08-21 07:29:57,401 INFO  client.GrpcClientProtocolClient (GrpcClientProtocolClient.java:onNext(255)) - client-B18AE797F905->b9e45af6-2c86-4711-8077-b66a512e634d: receive RaftClientReply:client-B18AE797F905->b9e45af6-2c86-4711-8077-b66a512e634d@group-7D0DA91F5A30, cid=17, SUCCESS, logIndex=3, commits[b9e45af6-2c86-4711-8077-b66a512e634d:c8, 63676a94-6794-405b-90a4-09d155913ff7:c6, 9355736e-4a02-406b-a3ec-b57d496fec13:c6]
2019-08-21 07:29:57,403 INFO  client.GrpcClientProtocolClient (GrpcClientProtocolClient.java:onNext(255)) - client-B18AE797F905->b9e45af6-2c86-4711-8077-b66a512e634d: receive RaftClientReply:client-B18AE797F905->b9e45af6-2c86-4711-8077-b66a512e634d@group-7D0DA91F5A30, cid=18, SUCCESS, logIndex=4, commits[b9e45af6-2c86-4711-8077-b66a512e634d:c8, 63676a94-6794-405b-90a4-09d155913ff7:c6, 9355736e-4a02-406b-a3ec-b57d496fec13:c6]
2019-08-21 07:29:57,488 INFO  client.GrpcClientProtocolClient (GrpcClientProtocolClient.java:onNext(255)) - client-B18AE797F905->b9e45af6-2c86-4711-8077-b66a512e634d: receive RaftClientReply:client-B18AE797F905->b9e45af6-2c86-4711-8077-b66a512e634d@group-7D0DA91F5A30, cid=19, SUCCESS, logIndex=5, commits[b9e45af6-2c86-4711-8077-b66a512e634d:c8, 63676a94-6794-405b-90a4-09d155913ff7:c6, 9355736e-4a02-406b-a3ec-b57d496fec13:c6]
2019-08-21 07:29:57,536 INFO  client.GrpcClientProtocolClient (GrpcClientProtocolClient.java:onNext(255)) - client-B18AE797F905->b9e45af6-2c86-4711-8077-b66a512e634d: receive RaftClientReply:client-B18AE797F905->b9e45af6-2c86-4711-8077-b66a512e634d@group-7D0DA91F5A30, cid=20, SUCCESS, logIndex=9, commits[b9e45af6-2c86-4711-8077-b66a512e634d:c9, 63676a94-6794-405b-90a4-09d155913ff7:c8, 9355736e-4a02-406b-a3ec-b57d496fec13:c8]
2019-08-21 07:29:57,539 INFO  client.GrpcClientProtocolClient (GrpcClientProtocolClient.java:onNext(255)) - client-B18AE797F905->b9e45af6-2c86-4711-8077-b66a512e634d: receive RaftClientReply:client-B18AE797F905->b9e45af6-2c86-4711-8077-b66a512e634d@group-7D0DA91F5A30, cid=21, SUCCESS, logIndex=10, commits[b9e45af6-2c86-4711-8077-b66a512e634d:c10, 63676a94-6794-405b-90a4-09d155913ff7:c8, 9355736e-4a02-406b-a3ec-b57d496fec13:c8]
2019-08-21 07:29:57,562 INFO  client.GrpcClientProtocolClient (GrpcClientProtocolClient.java:onNext(255)) - client-B18AE797F905->b9e45af6-2c86-4711-8077-b66a512e634d: receive RaftClientReply:client-B18AE797F905->b9e45af6-2c86-4711-8077-b66a512e634d@group-7D0DA91F5A30, cid=22, SUCCESS, logIndex=11, commits[b9e45af6-2c86-4711-8077-b66a512e634d:c13, 63676a94-6794-405b-90a4-09d155913ff7:c8, 9355736e-4a02-406b-a3ec-b57d496fec13:c9]
2019-08-21 07:29:57,563 INFO  client.GrpcClientProtocolClient (GrpcClientProtocolClient.java:onNext(255)) - client-B18AE797F905->b9e45af6-2c86-4711-8077-b66a512e634d: receive RaftClientReply:client-B18AE797F905->b9e45af6-2c86-4711-8077-b66a512e634d@group-7D0DA91F5A30, cid=23, SUCCESS, logIndex=12, commits[b9e45af6-2c86-4711-8077-b66a512e634d:c14, 63676a94-6794-405b-90a4-09d155913ff7:c10, 9355736e-4a02-406b-a3ec-b57d496fec13:c10]
2019-08-21 07:29:57,582 INFO  client.GrpcClientProtocolClient (GrpcClientProtocolClient.java:onNext(255)) - client-B18AE797F905->b9e45af6-2c86-4711-8077-b66a512e634d: receive RaftClientReply:client-B18AE797F905->b9e45af6-2c86-4711-8077-b66a512e634d@group-7D0DA91F5A30, cid=24, SUCCESS, logIndex=0, commits[b9e45af6-2c86-4711-8077-b66a512e634d:c16, 63676a94-6794-405b-90a4-09d155913ff7:c13, 9355736e-4a02-406b-a3ec-b57d496fec13:c13]
2019-08-21 07:29:57,594 INFO  datanode.ObjectStoreHandler (ObjectStoreHandler.java:close(155)) - Closing ObjectStoreHandler.
2019-08-21 07:29:57,594 INFO  ozone.HddsDatanodeService (HddsDatanodeService.java:stop(451)) - Stopped plug-in org.apache.hadoop.ozone.web.OzoneHddsDatanodeService@36c7cbe1
2019-08-21 07:29:57,704 INFO  statemachine.DatanodeStateMachine (DatanodeStateMachine.java:lambda$startDaemon$0(350)) - Ozone container server started.
2019-08-21 07:29:57,718 INFO  client.GrpcClientProtocolClient (GrpcClientProtocolClient.java:onNext(255)) - client-B18AE797F905->b9e45af6-2c86-4711-8077-b66a512e634d: receive RaftClientReply:client-B18AE797F905->b9e45af6-2c86-4711-8077-b66a512e634d@group-7D0DA91F5A30, cid=25, SUCCESS, logIndex=17, commits[b9e45af6-2c86-4711-8077-b66a512e634d:c18, 63676a94-6794-405b-90a4-09d155913ff7:c16, 9355736e-4a02-406b-a3ec-b57d496fec13:c16]
2019-08-21 07:29:57,753 INFO  client.GrpcClientProtocolClient (GrpcClientProtocolClient.java:onNext(255)) - client-B18AE797F905->b9e45af6-2c86-4711-8077-b66a512e634d: receive RaftClientReply:client-B18AE797F905->b9e45af6-2c86-4711-8077-b66a512e634d@group-7D0DA91F5A30, cid=26, SUCCESS, logIndex=18, commits[b9e45af6-2c86-4711-8077-b66a512e634d:c20, 63676a94-6794-405b-90a4-09d155913ff7:c18, 9355736e-4a02-406b-a3ec-b57d496fec13:c18]
2019-08-21 07:30:02,597 INFO  ozoneimpl.OzoneContainer (OzoneContainer.java:stop(199)) - Attempting to stop container services.
2019-08-21 07:30:02,599 INFO  impl.RaftServerProxy (RaftServerProxy.java:lambda$close$4(314)) - b9e45af6-2c86-4711-8077-b66a512e634d: close
2019-08-21 07:30:02,602 INFO  impl.RaftServerImpl (RaftServerImpl.java:lambda$shutdown$3(245)) - b9e45af6-2c86-4711-8077-b66a512e634d: shutdown group-D1452AD39AAB
2019-08-21 07:30:02,602 INFO  util.JmxRegister (JmxRegister.java:unregister(73)) - Successfully un-registered JMX Bean with object name Ratis:service=RaftServer,group=group-D1452AD39AAB,id=b9e45af6-2c86-4711-8077-b66a512e634d
2019-08-21 07:30:02,603 INFO  impl.RoleInfo (RoleInfo.java:shutdownLeaderState(104)) - b9e45af6-2c86-4711-8077-b66a512e634d: shutdown LeaderState
2019-08-21 07:30:02,604 INFO  impl.PendingRequests (PendingRequests.java:sendNotLeaderResponses(202)) - b9e45af6-2c86-4711-8077-b66a512e634d-PendingRequests: sendNotLeaderResponses
2019-08-21 07:30:02,606 INFO  impl.StateMachineUpdater (StateMachineUpdater.java:stopAndJoin(115)) - StateMachineUpdater:b9e45af6-2c86-4711-8077-b66a512e634d:group-D1452AD39AAB: set stopIndex = 0
2019-08-21 07:30:02,609 INFO  impl.RaftServerImpl (ServerState.java:close(394)) - b9e45af6-2c86-4711-8077-b66a512e634d:group-D1452AD39AAB closes. The last applied log index is 0
2019-08-21 07:30:02,611 INFO  segmented.SegmentedRaftLogWorker (SegmentedRaftLogWorker.java:run(313)) - b9e45af6-2c86-4711-8077-b66a512e634d-SegmentedRaftLogWorker:Storage Directory /workdir/hadoop-ozone/integration-test/target/test-dir/MiniOzoneClusterImpl-5001b6fb-b076-4db0-9bfa-fe41c8f15f18/datanode-0/data/ratis/186f608e-dd8f-4b35-a806-d1452ad39aab was interrupted, exiting. There are 0 tasks remaining in the queue.
2019-08-21 07:30:02,617 INFO  segmented.SegmentedRaftLogWorker (SegmentedRaftLogWorker.java:close(228)) - b9e45af6-2c86-4711-8077-b66a512e634d-SegmentedRaftLogWorker:Storage Directory /workdir/hadoop-ozone/integration-test/target/test-dir/MiniOzoneClusterImpl-5001b6fb-b076-4db0-9bfa-fe41c8f15f18/datanode-0/data/ratis/186f608e-dd8f-4b35-a806-d1452ad39aab close()
2019-08-21 07:30:02,621 INFO  impl.RaftServerImpl (RaftServerImpl.java:lambda$shutdown$3(245)) - b9e45af6-2c86-4711-8077-b66a512e634d: shutdown group-7D0DA91F5A30
2019-08-21 07:30:02,621 INFO  util.JmxRegister (JmxRegister.java:unregister(73)) - Successfully un-registered JMX Bean with object name Ratis:service=RaftServer,group=group-7D0DA91F5A30,id=b9e45af6-2c86-4711-8077-b66a512e634d
2019-08-21 07:30:02,621 INFO  impl.RoleInfo (RoleInfo.java:shutdownLeaderState(104)) - b9e45af6-2c86-4711-8077-b66a512e634d: shutdown LeaderState
2019-08-21 07:30:02,624 INFO  impl.PendingRequests (PendingRequests.java:sendNotLeaderResponses(202)) - b9e45af6-2c86-4711-8077-b66a512e634d-PendingRequests: sendNotLeaderResponses
2019-08-21 07:30:02,624 WARN  server.GrpcLogAppender (GrpcLogAppender.java:mayWait(143)) - GrpcLogAppender(b9e45af6-2c86-4711-8077-b66a512e634d->9355736e-4a02-406b-a3ec-b57d496fec13): Wait interrupted by java.lang.InterruptedException
2019-08-21 07:30:02,624 WARN  server.GrpcLogAppender (GrpcLogAppender.java:mayWait(143)) - GrpcLogAppender(b9e45af6-2c86-4711-8077-b66a512e634d->63676a94-6794-405b-90a4-09d155913ff7): Wait interrupted by java.lang.InterruptedException
2019-08-21 07:30:02,631 INFO  impl.StateMachineUpdater (StateMachineUpdater.java:stopAndJoin(115)) - StateMachineUpdater:b9e45af6-2c86-4711-8077-b66a512e634d:group-7D0DA91F5A30: set stopIndex = 20
2019-08-21 07:30:02,640 INFO  ratis.ContainerStateMachine (ContainerStateMachine.java:takeSnapshot(271)) - group-7D0DA91F5A30: Taking a snapshot at:(t:1, i:20) file /workdir/hadoop-ozone/integration-test/target/test-dir/MiniOzoneClusterImpl-5001b6fb-b076-4db0-9bfa-fe41c8f15f18/datanode-0/data/ratis/8068ae27-21b5-4d24-aeca-7d0da91f5a30/sm/snapshot.1_20
2019-08-21 07:30:02,642 INFO  server.GrpcServerProtocolService (GrpcServerProtocolService.java:onCompleted(104)) - 63676a94-6794-405b-90a4-09d155913ff7: appendEntries completed
2019-08-21 07:30:02,645 INFO  server.GrpcServerProtocolService (GrpcServerProtocolService.java:onCompleted(104)) - 9355736e-4a02-406b-a3ec-b57d496fec13: appendEntries completed
2019-08-21 07:30:02,645 INFO  server.GrpcLogAppender (GrpcLogAppender.java:onCompleted(292)) - b9e45af6-2c86-4711-8077-b66a512e634d->63676a94-6794-405b-90a4-09d155913ff7: follower responses appendEntries COMPLETED
2019-08-21 07:30:02,647 INFO  server.GrpcLogAppender (GrpcLogAppender.java:onCompleted(292)) - b9e45af6-2c86-4711-8077-b66a512e634d->9355736e-4a02-406b-a3ec-b57d496fec13: follower responses appendEntries COMPLETED
2019-08-21 07:30:02,651 INFO  impl.FollowerInfo (FollowerInfo.java:lambda$new$0(50)) - b9e45af6-2c86-4711-8077-b66a512e634d->9355736e-4a02-406b-a3ec-b57d496fec13: nextIndex: updateUnconditionally 21 -> 20
2019-08-21 07:30:02,651 INFO  impl.FollowerInfo (FollowerInfo.java:lambda$new$0(50)) - b9e45af6-2c86-4711-8077-b66a512e634d->63676a94-6794-405b-90a4-09d155913ff7: nextIndex: updateUnconditionally 21 -> 20
2019-08-21 07:30:02,680 INFO  ratis.ContainerStateMachine (ContainerStateMachine.java:takeSnapshot(282)) - group-7D0DA91F5A30: Finished taking a snapshot at:(t:1, i:20) file:/workdir/hadoop-ozone/integration-test/target/test-dir/MiniOzoneClusterImpl-5001b6fb-b076-4db0-9bfa-fe41c8f15f18/datanode-0/data/ratis/8068ae27-21b5-4d24-aeca-7d0da91f5a30/sm/snapshot.1_20 time:49
2019-08-21 07:30:02,680 INFO  impl.StateMachineUpdater (StateMachineUpdater.java:takeSnapshot(242)) - StateMachineUpdater:b9e45af6-2c86-4711-8077-b66a512e634d:group-7D0DA91F5A30: Took a snapshot at index 20
2019-08-21 07:30:02,680 INFO  impl.StateMachineUpdater (StateMachineUpdater.java:lambda$new$0(80)) - StateMachineUpdater:b9e45af6-2c86-4711-8077-b66a512e634d:group-7D0DA91F5A30: snapshotIndex: updateIncreasingly -1 -> 20
2019-08-21 07:30:02,684 INFO  impl.RaftServerImpl (ServerState.java:close(394)) - b9e45af6-2c86-4711-8077-b66a512e634d:group-7D0DA91F5A30 closes. The last applied log index is 20
2019-08-21 07:30:02,685 INFO  segmented.SegmentedRaftLogWorker (SegmentedRaftLogWorker.java:run(313)) - b9e45af6-2c86-4711-8077-b66a512e634d-SegmentedRaftLogWorker:Storage Directory /workdir/hadoop-ozone/integration-test/target/test-dir/MiniOzoneClusterImpl-5001b6fb-b076-4db0-9bfa-fe41c8f15f18/datanode-0/data/ratis/8068ae27-21b5-4d24-aeca-7d0da91f5a30 was interrupted, exiting. There are 0 tasks remaining in the queue.
2019-08-21 07:30:02,688 INFO  segmented.SegmentedRaftLogWorker (SegmentedRaftLogWorker.java:close(228)) - b9e45af6-2c86-4711-8077-b66a512e634d-SegmentedRaftLogWorker:Storage Directory /workdir/hadoop-ozone/integration-test/target/test-dir/MiniOzoneClusterImpl-5001b6fb-b076-4db0-9bfa-fe41c8f15f18/datanode-0/data/ratis/8068ae27-21b5-4d24-aeca-7d0da91f5a30 close()
2019-08-21 07:30:02,693 INFO  server.GrpcService (GrpcService.java:closeImpl(155)) - b9e45af6-2c86-4711-8077-b66a512e634d: shutdown server with port 41159 now
2019-08-21 07:30:02,697 INFO  server.GrpcService (GrpcService.java:closeImpl(163)) - b9e45af6-2c86-4711-8077-b66a512e634d: shutdown server with port 41159 successfully
2019-08-21 07:30:02,698 WARN  client.GrpcClientProtocolService (LogUtils.java:warn(134)) - 2-UnorderedRequestStreamObserver2: onError: org.apache.ratis.thirdparty.io.grpc.StatusRuntimeException: CANCELLED: cancelled before receiving half close
2019-08-21 07:30:02,707 INFO  utils.BackgroundService (BackgroundService.java:shutdown(148)) - Shutting down service BlockDeletingService
2019-08-21 07:30:02,709 WARN  fs.CachingGetSpaceUsed (CachingGetSpaceUsed.java:run(183)) - Thread Interrupted waiting to refresh disk information: sleep interrupted
2019-08-21 07:30:02,734 INFO  statemachine.DatanodeStateMachine (DatanodeStateMachine.java:stopDaemon(395)) - Ozone container server stopped.
2019-08-21 07:30:02,739 INFO  handler.ContextHandler (ContextHandler.java:doStop(910)) - Stopped o.e.j.w.WebAppContext@6a094db2{/,null,UNAVAILABLE}{/hddsDatanode}
2019-08-21 07:30:02,745 INFO  server.AbstractConnector (AbstractConnector.java:doStop(318)) - Stopped ServerConnector@65bdd558{HTTP/1.1,[http/1.1]}{0.0.0.0:0}
2019-08-21 07:30:02,745 INFO  handler.ContextHandler (ContextHandler.java:doStop(910)) - Stopped o.e.j.s.ServletContextHandler@35d5ac51{/static,jar:file:/home/user/.m2/repository/org/apache/hadoop/hadoop-hdds-container-service/0.5.0-SNAPSHOT/hadoop-hdds-container-service-0.5.0-SNAPSHOT.jar!/webapps/static,UNAVAILABLE}
2019-08-21 07:30:02,746 INFO  handler.ContextHandler (ContextHandler.java:doStop(910)) - Stopped o.e.j.s.ServletContextHandler@60783105{/logs,file:///workdir/hadoop-ozone/integration-test/target/log,UNAVAILABLE}
2019-08-21 07:30:02,747 INFO  datanode.ObjectStoreHandler (ObjectStoreHandler.java:close(155)) - Closing ObjectStoreHandler.
2019-08-21 07:30:02,748 INFO  ozone.HddsDatanodeService (HddsDatanodeService.java:stop(451)) - Stopped plug-in org.apache.hadoop.ozone.web.OzoneHddsDatanodeService@2c3158e0
2019-08-21 07:30:03,706 INFO  statemachine.DatanodeStateMachine (DatanodeStateMachine.java:lambda$startDaemon$0(350)) - Ozone container server started.
2019-08-21 07:30:06,615 INFO  impl.FollowerState (FollowerState.java:run(106)) - 9355736e-4a02-406b-a3ec-b57d496fec13:group-7D0DA91F5A30 changes to CANDIDATE, lastRpcTime:6376, electionTimeout:5081ms
2019-08-21 07:30:06,616 INFO  impl.RoleInfo (RoleInfo.java:shutdownFollowerState(121)) - 9355736e-4a02-406b-a3ec-b57d496fec13: shutdown FollowerState
2019-08-21 07:30:06,616 INFO  impl.RaftServerImpl (RaftServerImpl.java:setRole(171)) - 9355736e-4a02-406b-a3ec-b57d496fec13:group-7D0DA91F5A30 changes role from FOLLOWER to CANDIDATE at term 1 for changeToCandidate
2019-08-21 07:30:06,616 INFO  impl.RoleInfo (RoleInfo.java:updateAndGet(143)) - 9355736e-4a02-406b-a3ec-b57d496fec13: start LeaderElection
2019-08-21 07:30:06,619 INFO  impl.RaftServerImpl (ServerState.java:setLeader(263)) - 9355736e-4a02-406b-a3ec-b57d496fec13:group-7D0DA91F5A30 change Leader from b9e45af6-2c86-4711-8077-b66a512e634d to null at term 1 for initElection
2019-08-21 07:30:06,634 INFO  impl.LeaderElection (LeaderElection.java:askForVotes(181)) - 9355736e-4a02-406b-a3ec-b57d496fec13:group-7D0DA91F5A30:LeaderElection11: begin an election at term 2 for 0: [63676a94-6794-405b-90a4-09d155913ff7:192.168.69.73:32885, 9355736e-4a02-406b-a3ec-b57d496fec13:192.168.69.73:41045, b9e45af6-2c86-4711-8077-b66a512e634d:192.168.69.73:41159], old=null
2019-08-21 07:30:06,646 INFO  impl.RaftServerImpl (ServerState.java:setLeader(263)) - 63676a94-6794-405b-90a4-09d155913ff7:group-7D0DA91F5A30 change Leader from b9e45af6-2c86-4711-8077-b66a512e634d to null at term 2 for updateCurrentTerm
2019-08-21 07:30:06,647 INFO  impl.RaftServerImpl (RaftServerImpl.java:setRole(171)) - 63676a94-6794-405b-90a4-09d155913ff7:group-7D0DA91F5A30 changes role from FOLLOWER to FOLLOWER at term 2 for recognizeCandidate:9355736e-4a02-406b-a3ec-b57d496fec13
2019-08-21 07:30:06,647 INFO  impl.RoleInfo (RoleInfo.java:shutdownFollowerState(121)) - 63676a94-6794-405b-90a4-09d155913ff7: shutdown FollowerState
2019-08-21 07:30:06,647 INFO  impl.RoleInfo (RoleInfo.java:updateAndGet(143)) - 63676a94-6794-405b-90a4-09d155913ff7: start FollowerState
2019-08-21 07:30:06,647 INFO  impl.FollowerState (FollowerState.java:run(114)) - 63676a94-6794-405b-90a4-09d155913ff7: FollowerState was interrupted: java.lang.InterruptedException: sleep interrupted
2019-08-21 07:30:06,654 INFO  impl.LeaderElection (LogUtils.java:infoOrTrace(149)) - 9355736e-4a02-406b-a3ec-b57d496fec13:group-7D0DA91F5A30:LeaderElection11 got exception when requesting votes: {}
java.util.concurrent.ExecutionException: org.apache.ratis.thirdparty.io.grpc.StatusRuntimeException: UNAVAILABLE: io exception
	at java.util.concurrent.FutureTask.report(FutureTask.java:122)
	at java.util.concurrent.FutureTask.get(FutureTask.java:192)
	at org.apache.ratis.server.impl.LeaderElection.waitForResults(LeaderElection.java:262)
	at org.apache.ratis.server.impl.LeaderElection.askForVotes(LeaderElection.java:200)
	at org.apache.ratis.server.impl.LeaderElection.run(LeaderElection.java:130)
	at java.lang.Thread.run(Thread.java:748)
Caused by: org.apache.ratis.thirdparty.io.grpc.StatusRuntimeException: UNAVAILABLE: io exception
	at org.apache.ratis.thirdparty.io.grpc.stub.ClientCalls.toStatusRuntimeException(ClientCalls.java:233)
	at org.apache.ratis.thirdparty.io.grpc.stub.ClientCalls.getUnchecked(ClientCalls.java:214)
	at org.apache.ratis.thirdparty.io.grpc.stub.ClientCalls.blockingUnaryCall(ClientCalls.java:139)
	at org.apache.ratis.proto.grpc.RaftServerProtocolServiceGrpc$RaftServerProtocolServiceBlockingStub.requestVote(RaftServerProtocolServiceGrpc.java:265)
	at org.apache.ratis.grpc.server.GrpcServerProtocolClient.requestVote(GrpcServerProtocolClient.java:83)
	at org.apache.ratis.grpc.server.GrpcService.requestVote(GrpcService.java:195)
	at org.apache.ratis.server.impl.LeaderElection.lambda$submitRequests$1(LeaderElection.java:237)
	at java.util.concurrent.FutureTask.run(FutureTask.java:266)
	at java.util.concurrent.Executors$RunnableAdapter.call(Executors.java:511)
	at java.util.concurrent.FutureTask.run(FutureTask.java:266)
	at java.util.concurrent.ThreadPoolExecutor.runWorker(ThreadPoolExecutor.java:1149)
	at java.util.concurrent.ThreadPoolExecutor$Worker.run(ThreadPoolExecutor.java:624)
	... 1 more
Caused by: org.apache.ratis.thirdparty.io.netty.channel.AbstractChannel$AnnotatedConnectException: Connection refused: /192.168.69.73:41159
	at sun.nio.ch.SocketChannelImpl.checkConnect(Native Method)
	at sun.nio.ch.SocketChannelImpl.finishConnect(SocketChannelImpl.java:717)
	at org.apache.ratis.thirdparty.io.netty.channel.socket.nio.NioSocketChannel.doFinishConnect(NioSocketChannel.java:327)
	at org.apache.ratis.thirdparty.io.netty.channel.nio.AbstractNioChannel$AbstractNioUnsafe.finishConnect(AbstractNioChannel.java:340)
	at org.apache.ratis.thirdparty.io.netty.channel.nio.NioEventLoop.processSelectedKey(NioEventLoop.java:632)
	at org.apache.ratis.thirdparty.io.netty.channel.nio.NioEventLoop.processSelectedKeysOptimized(NioEventLoop.java:579)
	at org.apache.ratis.thirdparty.io.netty.channel.nio.NioEventLoop.processSelectedKeys(NioEventLoop.java:496)
	at org.apache.ratis.thirdparty.io.netty.channel.nio.NioEventLoop.run(NioEventLoop.java:458)
	at org.apache.ratis.thirdparty.io.netty.util.concurrent.SingleThreadEventExecutor$5.run(SingleThreadEventExecutor.java:897)
	at org.apache.ratis.thirdparty.io.netty.util.concurrent.FastThreadLocalRunnable.run(FastThreadLocalRunnable.java:30)
	... 1 more
Caused by: java.net.ConnectException: Connection refused
	... 11 more
2019-08-21 07:30:06,665 INFO  impl.LeaderElection (LeaderElection.java:logAndReturn(56)) - 9355736e-4a02-406b-a3ec-b57d496fec13:group-7D0DA91F5A30:LeaderElection11: Election PASSED; received 1 response(s) [9355736e-4a02-406b-a3ec-b57d496fec13<-63676a94-6794-405b-90a4-09d155913ff7#0:OK-t2] and 1 exception(s); 9355736e-4a02-406b-a3ec-b57d496fec13:t2, leader=null, voted=9355736e-4a02-406b-a3ec-b57d496fec13, raftlog=9355736e-4a02-406b-a3ec-b57d496fec13-SegmentedRaftLog:OPENED:c20,f20,i20, conf=0: [63676a94-6794-405b-90a4-09d155913ff7:192.168.69.73:32885, 9355736e-4a02-406b-a3ec-b57d496fec13:192.168.69.73:41045, b9e45af6-2c86-4711-8077-b66a512e634d:192.168.69.73:41159], old=null
2019-08-21 07:30:06,666 INFO  impl.LeaderElection (LogUtils.java:infoOrTrace(149)) -   Exception 0: {}
java.util.concurrent.ExecutionException: org.apache.ratis.thirdparty.io.grpc.StatusRuntimeException: UNAVAILABLE: io exception
	at java.util.concurrent.FutureTask.report(FutureTask.java:122)
	at java.util.concurrent.FutureTask.get(FutureTask.java:192)
	at org.apache.ratis.server.impl.LeaderElection.waitForResults(LeaderElection.java:262)
	at org.apache.ratis.server.impl.LeaderElection.askForVotes(LeaderElection.java:200)
	at org.apache.ratis.server.impl.LeaderElection.run(LeaderElection.java:130)
	at java.lang.Thread.run(Thread.java:748)
Caused by: org.apache.ratis.thirdparty.io.grpc.StatusRuntimeException: UNAVAILABLE: io exception
	at org.apache.ratis.thirdparty.io.grpc.stub.ClientCalls.toStatusRuntimeException(ClientCalls.java:233)
	at org.apache.ratis.thirdparty.io.grpc.stub.ClientCalls.getUnchecked(ClientCalls.java:214)
	at org.apache.ratis.thirdparty.io.grpc.stub.ClientCalls.blockingUnaryCall(ClientCalls.java:139)
	at org.apache.ratis.proto.grpc.RaftServerProtocolServiceGrpc$RaftServerProtocolServiceBlockingStub.requestVote(RaftServerProtocolServiceGrpc.java:265)
	at org.apache.ratis.grpc.server.GrpcServerProtocolClient.requestVote(GrpcServerProtocolClient.java:83)
	at org.apache.ratis.grpc.server.GrpcService.requestVote(GrpcService.java:195)
	at org.apache.ratis.server.impl.LeaderElection.lambda$submitRequests$1(LeaderElection.java:237)
	at java.util.concurrent.FutureTask.run(FutureTask.java:266)
	at java.util.concurrent.Executors$RunnableAdapter.call(Executors.java:511)
	at java.util.concurrent.FutureTask.run(FutureTask.java:266)
	at java.util.concurrent.ThreadPoolExecutor.runWorker(ThreadPoolExecutor.java:1149)
	at java.util.concurrent.ThreadPoolExecutor$Worker.run(ThreadPoolExecutor.java:624)
	... 1 more
Caused by: org.apache.ratis.thirdparty.io.netty.channel.AbstractChannel$AnnotatedConnectException: Connection refused: /192.168.69.73:41159
	at sun.nio.ch.SocketChannelImpl.checkConnect(Native Method)
	at sun.nio.ch.SocketChannelImpl.finishConnect(SocketChannelImpl.java:717)
	at org.apache.ratis.thirdparty.io.netty.channel.socket.nio.NioSocketChannel.doFinishConnect(NioSocketChannel.java:327)
	at org.apache.ratis.thirdparty.io.netty.channel.nio.AbstractNioChannel$AbstractNioUnsafe.finishConnect(AbstractNioChannel.java:340)
	at org.apache.ratis.thirdparty.io.netty.channel.nio.NioEventLoop.processSelectedKey(NioEventLoop.java:632)
	at org.apache.ratis.thirdparty.io.netty.channel.nio.NioEventLoop.processSelectedKeysOptimized(NioEventLoop.java:579)
	at org.apache.ratis.thirdparty.io.netty.channel.nio.NioEventLoop.processSelectedKeys(NioEventLoop.java:496)
	at org.apache.ratis.thirdparty.io.netty.channel.nio.NioEventLoop.run(NioEventLoop.java:458)
	at org.apache.ratis.thirdparty.io.netty.util.concurrent.SingleThreadEventExecutor$5.run(SingleThreadEventExecutor.java:897)
	at org.apache.ratis.thirdparty.io.netty.util.concurrent.FastThreadLocalRunnable.run(FastThreadLocalRunnable.java:30)
	... 1 more
Caused by: java.net.ConnectException: Connection refused
	... 11 more
2019-08-21 07:30:06,667 INFO  impl.RoleInfo (RoleInfo.java:shutdownLeaderElection(134)) - 9355736e-4a02-406b-a3ec-b57d496fec13: shutdown LeaderElection
2019-08-21 07:30:06,668 INFO  impl.RaftServerImpl (RaftServerImpl.java:setRole(171)) - 9355736e-4a02-406b-a3ec-b57d496fec13:group-7D0DA91F5A30 changes role from CANDIDATE to LEADER at term 2 for changeToLeader
2019-08-21 07:30:06,668 INFO  impl.RaftServerImpl (ServerState.java:setLeader(263)) - 9355736e-4a02-406b-a3ec-b57d496fec13:group-7D0DA91F5A30 change Leader from null to 9355736e-4a02-406b-a3ec-b57d496fec13 at term 2 for becomeLeader, leader elected after 49ms
2019-08-21 07:30:06,668 INFO  server.RaftServerConfigKeys (ConfUtils.java:logGet(43)) - raft.server.staging.catchup.gap = 1000 (default)
2019-08-21 07:30:06,669 INFO  server.RaftServerConfigKeys (ConfUtils.java:logGet(43)) - raft.server.rpc.sleep.time = 25ms (default)
2019-08-21 07:30:06,669 INFO  server.RaftServerConfigKeys (ConfUtils.java:logGet(43)) - raft.server.write.element-limit = 4096 (default)
2019-08-21 07:30:06,669 INFO  server.RaftServerConfigKeys (ConfUtils.java:logGet(43)) - raft.server.watch.timeout = 10s (default)
2019-08-21 07:30:06,669 INFO  server.RaftServerConfigKeys (ConfUtils.java:logGet(43)) - raft.server.watch.timeout.denomination = 1s (default)
2019-08-21 07:30:06,670 INFO  server.RaftServerConfigKeys (ConfUtils.java:logGet(43)) - raft.server.watch.element-limit = 65536 (default)
2019-08-21 07:30:06,670 INFO  server.RaftServerConfigKeys (ConfUtils.java:logGet(43)) - raft.server.log.appender.snapshot.chunk.size.max = 16MB (=16777216) (default)
2019-08-21 07:30:06,670 INFO  server.RaftServerConfigKeys (ConfUtils.java:logGet(43)) - raft.server.log.appender.buffer.byte-limit = 33554432 (custom)
2019-08-21 07:30:06,670 INFO  server.RaftServerConfigKeys (ConfUtils.java:logGet(43)) - raft.server.log.appender.buffer.element-limit = 1 (custom)
2019-08-21 07:30:06,671 INFO  grpc.GrpcConfigKeys$Server (ConfUtils.java:logGet(43)) - raft.grpc.server.leader.outstanding.appends.max = 128 (default)
2019-08-21 07:30:06,671 INFO  server.RaftServerConfigKeys (ConfUtils.java:logGet(43)) - raft.server.rpc.request.timeout = 3000ms (default)
2019-08-21 07:30:06,671 INFO  server.RaftServerConfigKeys (ConfUtils.java:logGet(43)) - raft.server.log.appender.install.snapshot.enabled = false (custom)
2019-08-21 07:30:06,671 INFO  server.RaftServerConfigKeys (ConfUtils.java:logGet(43)) - raft.server.log.appender.snapshot.chunk.size.max = 16MB (=16777216) (default)
2019-08-21 07:30:06,672 INFO  server.RaftServerConfigKeys (ConfUtils.java:logGet(43)) - raft.server.log.appender.buffer.byte-limit = 33554432 (custom)
2019-08-21 07:30:06,672 INFO  server.RaftServerConfigKeys (ConfUtils.java:logGet(43)) - raft.server.log.appender.buffer.element-limit = 1 (custom)
2019-08-21 07:30:06,672 INFO  grpc.GrpcConfigKeys$Server (ConfUtils.java:logGet(43)) - raft.grpc.server.leader.outstanding.appends.max = 128 (default)
2019-08-21 07:30:06,672 INFO  server.RaftServerConfigKeys (ConfUtils.java:logGet(43)) - raft.server.rpc.request.timeout = 3000ms (default)
2019-08-21 07:30:06,672 INFO  server.RaftServerConfigKeys (ConfUtils.java:logGet(43)) - raft.server.log.appender.install.snapshot.enabled = false (custom)
2019-08-21 07:30:06,673 INFO  impl.RoleInfo (RoleInfo.java:updateAndGet(143)) - 9355736e-4a02-406b-a3ec-b57d496fec13: start LeaderState
2019-08-21 07:30:06,673 INFO  segmented.SegmentedRaftLogWorker (SegmentedRaftLogWorker.java:rollLogSegment(385)) - 9355736e-4a02-406b-a3ec-b57d496fec13-SegmentedRaftLogWorker:Storage Directory /workdir/hadoop-ozone/integration-test/target/test-dir/MiniOzoneClusterImpl-5001b6fb-b076-4db0-9bfa-fe41c8f15f18/datanode-3/data/ratis/8068ae27-21b5-4d24-aeca-7d0da91f5a30: Rolling segment log-0_20 to index:20
2019-08-21 07:30:06,676 INFO  impl.RaftServerImpl (ServerState.java:setRaftConf(361)) - 9355736e-4a02-406b-a3ec-b57d496fec13:group-7D0DA91F5A30 set configuration 21: [63676a94-6794-405b-90a4-09d155913ff7:192.168.69.73:32885, 9355736e-4a02-406b-a3ec-b57d496fec13:192.168.69.73:41045, b9e45af6-2c86-4711-8077-b66a512e634d:192.168.69.73:41159], old=null at 21
2019-08-21 07:30:06,678 INFO  segmented.SegmentedRaftLogWorker (SegmentedRaftLogWorker.java:execute(526)) - 9355736e-4a02-406b-a3ec-b57d496fec13-SegmentedRaftLogWorker:Storage Directory /workdir/hadoop-ozone/integration-test/target/test-dir/MiniOzoneClusterImpl-5001b6fb-b076-4db0-9bfa-fe41c8f15f18/datanode-3/data/ratis/8068ae27-21b5-4d24-aeca-7d0da91f5a30: Rolled log segment from /workdir/hadoop-ozone/integration-test/target/test-dir/MiniOzoneClusterImpl-5001b6fb-b076-4db0-9bfa-fe41c8f15f18/datanode-3/data/ratis/8068ae27-21b5-4d24-aeca-7d0da91f5a30/current/log_inprogress_0 to /workdir/hadoop-ozone/integration-test/target/test-dir/MiniOzoneClusterImpl-5001b6fb-b076-4db0-9bfa-fe41c8f15f18/datanode-3/data/ratis/8068ae27-21b5-4d24-aeca-7d0da91f5a30/current/log_0-20
2019-08-21 07:30:06,678 WARN  server.GrpcLogAppender (LogUtils.java:warn(134)) - 9355736e-4a02-406b-a3ec-b57d496fec13->b9e45af6-2c86-4711-8077-b66a512e634d: Failed appendEntries: org.apache.ratis.thirdparty.io.grpc.StatusRuntimeException: UNAVAILABLE: io exception
2019-08-21 07:30:06,680 INFO  impl.RaftServerImpl (ServerState.java:setLeader(263)) - 63676a94-6794-405b-90a4-09d155913ff7:group-7D0DA91F5A30 change Leader from null to 9355736e-4a02-406b-a3ec-b57d496fec13 at term 2 for appendEntries, leader elected after 34ms
2019-08-21 07:30:06,682 INFO  impl.FollowerInfo (FollowerInfo.java:lambda$new$0(50)) - 9355736e-4a02-406b-a3ec-b57d496fec13->b9e45af6-2c86-4711-8077-b66a512e634d: nextIndex: updateUnconditionally 21 -> 1
2019-08-21 07:30:06,718 INFO  impl.RaftServerImpl (ServerState.java:setRaftConf(361)) - 63676a94-6794-405b-90a4-09d155913ff7:group-7D0DA91F5A30 set configuration 21: [63676a94-6794-405b-90a4-09d155913ff7:192.168.69.73:32885, 9355736e-4a02-406b-a3ec-b57d496fec13:192.168.69.73:41045, b9e45af6-2c86-4711-8077-b66a512e634d:192.168.69.73:41159], old=null at 21
2019-08-21 07:30:06,718 INFO  segmented.SegmentedRaftLogWorker (SegmentedRaftLogWorker.java:rollLogSegment(385)) - 63676a94-6794-405b-90a4-09d155913ff7-SegmentedRaftLogWorker:Storage Directory /workdir/hadoop-ozone/integration-test/target/test-dir/MiniOzoneClusterImpl-5001b6fb-b076-4db0-9bfa-fe41c8f15f18/datanode-1/data/ratis/8068ae27-21b5-4d24-aeca-7d0da91f5a30: Rolling segment log-0_20 to index:20
2019-08-21 07:30:06,719 INFO  segmented.SegmentedRaftLogWorker (SegmentedRaftLogWorker.java:execute(526)) - 63676a94-6794-405b-90a4-09d155913ff7-SegmentedRaftLogWorker:Storage Directory /workdir/hadoop-ozone/integration-test/target/test-dir/MiniOzoneClusterImpl-5001b6fb-b076-4db0-9bfa-fe41c8f15f18/datanode-1/data/ratis/8068ae27-21b5-4d24-aeca-7d0da91f5a30: Rolled log segment from /workdir/hadoop-ozone/integration-test/target/test-dir/MiniOzoneClusterImpl-5001b6fb-b076-4db0-9bfa-fe41c8f15f18/datanode-1/data/ratis/8068ae27-21b5-4d24-aeca-7d0da91f5a30/current/log_inprogress_0 to /workdir/hadoop-ozone/integration-test/target/test-dir/MiniOzoneClusterImpl-5001b6fb-b076-4db0-9bfa-fe41c8f15f18/datanode-1/data/ratis/8068ae27-21b5-4d24-aeca-7d0da91f5a30/current/log_0-20
2019-08-21 07:30:06,727 INFO  segmented.SegmentedRaftLogWorker (SegmentedRaftLogWorker.java:execute(569)) - 9355736e-4a02-406b-a3ec-b57d496fec13-SegmentedRaftLogWorker:Storage Directory /workdir/hadoop-ozone/integration-test/target/test-dir/MiniOzoneClusterImpl-5001b6fb-b076-4db0-9bfa-fe41c8f15f18/datanode-3/data/ratis/8068ae27-21b5-4d24-aeca-7d0da91f5a30: created new log segment /workdir/hadoop-ozone/integration-test/target/test-dir/MiniOzoneClusterImpl-5001b6fb-b076-4db0-9bfa-fe41c8f15f18/datanode-3/data/ratis/8068ae27-21b5-4d24-aeca-7d0da91f5a30/current/log_inprogress_21
2019-08-21 07:30:06,754 INFO  segmented.SegmentedRaftLogWorker (SegmentedRaftLogWorker.java:execute(569)) - 63676a94-6794-405b-90a4-09d155913ff7-SegmentedRaftLogWorker:Storage Directory /workdir/hadoop-ozone/integration-test/target/test-dir/MiniOzoneClusterImpl-5001b6fb-b076-4db0-9bfa-fe41c8f15f18/datanode-1/data/ratis/8068ae27-21b5-4d24-aeca-7d0da91f5a30: created new log segment /workdir/hadoop-ozone/integration-test/target/test-dir/MiniOzoneClusterImpl-5001b6fb-b076-4db0-9bfa-fe41c8f15f18/datanode-1/data/ratis/8068ae27-21b5-4d24-aeca-7d0da91f5a30/current/log_inprogress_21
2019-08-21 07:30:06,819 WARN  server.GrpcLogAppender (LogUtils.java:warn(134)) - 9355736e-4a02-406b-a3ec-b57d496fec13->b9e45af6-2c86-4711-8077-b66a512e634d: Failed appendEntries: org.apache.ratis.thirdparty.io.grpc.StatusRuntimeException: UNAVAILABLE: io exception
2019-08-21 07:30:06,822 INFO  impl.FollowerInfo (FollowerInfo.java:lambda$new$0(50)) - 9355736e-4a02-406b-a3ec-b57d496fec13->b9e45af6-2c86-4711-8077-b66a512e634d: nextIndex: updateUnconditionally 2 -> 1
2019-08-21 07:30:07,749 INFO  ozoneimpl.OzoneContainer (OzoneContainer.java:stop(199)) - Attempting to stop container services.
2019-08-21 07:30:07,753 INFO  impl.RaftServerProxy (RaftServerProxy.java:lambda$close$4(314)) - 63676a94-6794-405b-90a4-09d155913ff7: close
2019-08-21 07:30:07,754 INFO  impl.RaftServerImpl (RaftServerImpl.java:lambda$shutdown$3(245)) - 63676a94-6794-405b-90a4-09d155913ff7: shutdown group-7D0DA91F5A30
2019-08-21 07:30:07,754 INFO  impl.RaftServerImpl (RaftServerImpl.java:lambda$shutdown$3(245)) - 63676a94-6794-405b-90a4-09d155913ff7: shutdown group-33EEECA7545C
2019-08-21 07:30:07,754 INFO  util.JmxRegister (JmxRegister.java:unregister(73)) - Successfully un-registered JMX Bean with object name Ratis:service=RaftServer,group=group-7D0DA91F5A30,id=63676a94-6794-405b-90a4-09d155913ff7
2019-08-21 07:30:07,754 INFO  util.JmxRegister (JmxRegister.java:unregister(73)) - Successfully un-registered JMX Bean with object name Ratis:service=RaftServer,group=group-33EEECA7545C,id=63676a94-6794-405b-90a4-09d155913ff7
2019-08-21 07:30:07,755 INFO  impl.RoleInfo (RoleInfo.java:shutdownFollowerState(121)) - 63676a94-6794-405b-90a4-09d155913ff7: shutdown FollowerState
2019-08-21 07:30:07,755 INFO  impl.RoleInfo (RoleInfo.java:shutdownLeaderState(104)) - 63676a94-6794-405b-90a4-09d155913ff7: shutdown LeaderState
2019-08-21 07:30:07,757 INFO  ratis.ContainerStateMachine (ContainerStateMachine.java:takeSnapshot(271)) - group-7D0DA91F5A30: Taking a snapshot at:(t:1, i:18) file /workdir/hadoop-ozone/integration-test/target/test-dir/MiniOzoneClusterImpl-5001b6fb-b076-4db0-9bfa-fe41c8f15f18/datanode-1/data/ratis/8068ae27-21b5-4d24-aeca-7d0da91f5a30/sm/snapshot.1_18
2019-08-21 07:30:07,757 INFO  impl.FollowerState (FollowerState.java:run(114)) - 63676a94-6794-405b-90a4-09d155913ff7: FollowerState was interrupted: java.lang.InterruptedException: sleep interrupted
2019-08-21 07:30:07,755 INFO  impl.StateMachineUpdater (StateMachineUpdater.java:stopAndJoin(115)) - StateMachineUpdater:63676a94-6794-405b-90a4-09d155913ff7:group-7D0DA91F5A30: set stopIndex = 21
2019-08-21 07:30:07,758 INFO  impl.PendingRequests (PendingRequests.java:sendNotLeaderResponses(202)) - 63676a94-6794-405b-90a4-09d155913ff7-PendingRequests: sendNotLeaderResponses
2019-08-21 07:30:07,760 INFO  impl.StateMachineUpdater (StateMachineUpdater.java:stopAndJoin(115)) - StateMachineUpdater:63676a94-6794-405b-90a4-09d155913ff7:group-33EEECA7545C: set stopIndex = 0
2019-08-21 07:30:07,760 INFO  impl.RaftServerImpl (ServerState.java:close(394)) - 63676a94-6794-405b-90a4-09d155913ff7:group-33EEECA7545C closes. The last applied log index is 0
2019-08-21 07:30:07,761 INFO  segmented.SegmentedRaftLogWorker (SegmentedRaftLogWorker.java:run(313)) - 63676a94-6794-405b-90a4-09d155913ff7-SegmentedRaftLogWorker:Storage Directory /workdir/hadoop-ozone/integration-test/target/test-dir/MiniOzoneClusterImpl-5001b6fb-b076-4db0-9bfa-fe41c8f15f18/datanode-1/data/ratis/b5b31fdc-c775-4f7a-9dbf-33eeeca7545c was interrupted, exiting. There are 0 tasks remaining in the queue.
2019-08-21 07:30:07,762 INFO  segmented.SegmentedRaftLogWorker (SegmentedRaftLogWorker.java:close(228)) - 63676a94-6794-405b-90a4-09d155913ff7-SegmentedRaftLogWorker:Storage Directory /workdir/hadoop-ozone/integration-test/target/test-dir/MiniOzoneClusterImpl-5001b6fb-b076-4db0-9bfa-fe41c8f15f18/datanode-1/data/ratis/b5b31fdc-c775-4f7a-9dbf-33eeeca7545c close()
2019-08-21 07:30:07,773 INFO  ratis.ContainerStateMachine (ContainerStateMachine.java:takeSnapshot(282)) - group-7D0DA91F5A30: Finished taking a snapshot at:(t:1, i:18) file:/workdir/hadoop-ozone/integration-test/target/test-dir/MiniOzoneClusterImpl-5001b6fb-b076-4db0-9bfa-fe41c8f15f18/datanode-1/data/ratis/8068ae27-21b5-4d24-aeca-7d0da91f5a30/sm/snapshot.1_18 time:17
2019-08-21 07:30:07,773 INFO  impl.StateMachineUpdater (StateMachineUpdater.java:takeSnapshot(242)) - StateMachineUpdater:63676a94-6794-405b-90a4-09d155913ff7:group-7D0DA91F5A30: Took a snapshot at index 18
2019-08-21 07:30:07,773 INFO  impl.StateMachineUpdater (StateMachineUpdater.java:lambda$new$0(80)) - StateMachineUpdater:63676a94-6794-405b-90a4-09d155913ff7:group-7D0DA91F5A30: snapshotIndex: updateIncreasingly -1 -> 18
2019-08-21 07:30:07,774 INFO  impl.RaftServerImpl (ServerState.java:close(394)) - 63676a94-6794-405b-90a4-09d155913ff7:group-7D0DA91F5A30 closes. The last applied log index is 21
2019-08-21 07:30:07,774 INFO  segmented.SegmentedRaftLogWorker (SegmentedRaftLogWorker.java:run(313)) - 63676a94-6794-405b-90a4-09d155913ff7-SegmentedRaftLogWorker:Storage Directory /workdir/hadoop-ozone/integration-test/target/test-dir/MiniOzoneClusterImpl-5001b6fb-b076-4db0-9bfa-fe41c8f15f18/datanode-1/data/ratis/8068ae27-21b5-4d24-aeca-7d0da91f5a30 was interrupted, exiting. There are 0 tasks remaining in the queue.
2019-08-21 07:30:07,776 INFO  segmented.SegmentedRaftLogWorker (SegmentedRaftLogWorker.java:close(228)) - 63676a94-6794-405b-90a4-09d155913ff7-SegmentedRaftLogWorker:Storage Directory /workdir/hadoop-ozone/integration-test/target/test-dir/MiniOzoneClusterImpl-5001b6fb-b076-4db0-9bfa-fe41c8f15f18/datanode-1/data/ratis/8068ae27-21b5-4d24-aeca-7d0da91f5a30 close()
2019-08-21 07:30:07,779 INFO  server.GrpcService (GrpcService.java:closeImpl(155)) - 63676a94-6794-405b-90a4-09d155913ff7: shutdown server with port 32885 now
2019-08-21 07:30:07,783 INFO  server.GrpcService (GrpcService.java:closeImpl(163)) - 63676a94-6794-405b-90a4-09d155913ff7: shutdown server with port 32885 successfully
2019-08-21 07:30:07,785 WARN  server.GrpcLogAppender (LogUtils.java:warn(134)) - 9355736e-4a02-406b-a3ec-b57d496fec13->63676a94-6794-405b-90a4-09d155913ff7: Failed appendEntries: org.apache.ratis.thirdparty.io.grpc.StatusRuntimeException: CANCELLED: HTTP/2 error code: CANCEL
Received Rst Stream
2019-08-21 07:30:07,787 WARN  server.GrpcServerProtocolService (LogUtils.java:warn(134)) - 63676a94-6794-405b-90a4-09d155913ff7: appendEntries onError: org.apache.ratis.thirdparty.io.grpc.StatusRuntimeException: CANCELLED: cancelled before receiving half close
2019-08-21 07:30:07,788 INFO  impl.FollowerInfo (FollowerInfo.java:lambda$new$0(50)) - 9355736e-4a02-406b-a3ec-b57d496fec13->63676a94-6794-405b-90a4-09d155913ff7: nextIndex: updateUnconditionally 23 -> 22
2019-08-21 07:30:07,797 INFO  utils.BackgroundService (BackgroundService.java:shutdown(148)) - Shutting down service BlockDeletingService
2019-08-21 07:30:07,800 WARN  fs.CachingGetSpaceUsed (CachingGetSpaceUsed.java:run(183)) - Thread Interrupted waiting to refresh disk information: sleep interrupted
2019-08-21 07:30:07,822 INFO  statemachine.DatanodeStateMachine (DatanodeStateMachine.java:stopDaemon(395)) - Ozone container server stopped.
2019-08-21 07:30:07,823 INFO  handler.ContextHandler (ContextHandler.java:doStop(910)) - Stopped o.e.j.w.WebAppContext@4e80a001{/,null,UNAVAILABLE}{/hddsDatanode}
2019-08-21 07:30:07,824 INFO  server.AbstractConnector (AbstractConnector.java:doStop(318)) - Stopped ServerConnector@624b523{HTTP/1.1,[http/1.1]}{0.0.0.0:0}
2019-08-21 07:30:07,824 INFO  handler.ContextHandler (ContextHandler.java:doStop(910)) - Stopped o.e.j.s.ServletContextHandler@2443abd6{/static,jar:file:/home/user/.m2/repository/org/apache/hadoop/hadoop-hdds-container-service/0.5.0-SNAPSHOT/hadoop-hdds-container-service-0.5.0-SNAPSHOT.jar!/webapps/static,UNAVAILABLE}
2019-08-21 07:30:07,825 INFO  handler.ContextHandler (ContextHandler.java:doStop(910)) - Stopped o.e.j.s.ServletContextHandler@4d4436d0{/logs,file:///workdir/hadoop-ozone/integration-test/target/log,UNAVAILABLE}
2019-08-21 07:30:09,302 WARN  server.GrpcLogAppender (LogUtils.java:warn(134)) - 9355736e-4a02-406b-a3ec-b57d496fec13->63676a94-6794-405b-90a4-09d155913ff7: Failed appendEntries: org.apache.ratis.thirdparty.io.grpc.StatusRuntimeException: UNAVAILABLE: io exception
2019-08-21 07:30:09,303 INFO  impl.FollowerInfo (FollowerInfo.java:lambda$new$0(50)) - 9355736e-4a02-406b-a3ec-b57d496fec13->63676a94-6794-405b-90a4-09d155913ff7: nextIndex: updateUnconditionally 22 -> 21
2019-08-21 07:30:09,321 WARN  server.GrpcLogAppender (LogUtils.java:warn(134)) - 9355736e-4a02-406b-a3ec-b57d496fec13->b9e45af6-2c86-4711-8077-b66a512e634d: Failed appendEntries: org.apache.ratis.thirdparty.io.grpc.StatusRuntimeException: UNAVAILABLE: io exception
2019-08-21 07:30:09,322 INFO  impl.FollowerInfo (FollowerInfo.java:lambda$new$0(50)) - 9355736e-4a02-406b-a3ec-b57d496fec13->b9e45af6-2c86-4711-8077-b66a512e634d: nextIndex: updateUnconditionally 1 -> 0
2019-08-21 07:30:10,935 WARN  server.GrpcLogAppender (LogUtils.java:warn(134)) - 9355736e-4a02-406b-a3ec-b57d496fec13->b9e45af6-2c86-4711-8077-b66a512e634d: Failed appendEntries: org.apache.ratis.thirdparty.io.grpc.StatusRuntimeException: UNAVAILABLE: io exception
2019-08-21 07:30:10,937 WARN  server.GrpcLogAppender (LogUtils.java:warn(134)) - 9355736e-4a02-406b-a3ec-b57d496fec13->63676a94-6794-405b-90a4-09d155913ff7: Failed appendEntries: org.apache.ratis.thirdparty.io.grpc.StatusRuntimeException: UNAVAILABLE: io exception
2019-08-21 07:30:10,937 INFO  impl.FollowerInfo (FollowerInfo.java:lambda$new$0(50)) - 9355736e-4a02-406b-a3ec-b57d496fec13->b9e45af6-2c86-4711-8077-b66a512e634d: nextIndex: updateUnconditionally 1 -> 0
2019-08-21 07:30:10,939 INFO  impl.FollowerInfo (FollowerInfo.java:lambda$new$0(50)) - 9355736e-4a02-406b-a3ec-b57d496fec13->63676a94-6794-405b-90a4-09d155913ff7: nextIndex: updateUnconditionally 22 -> 21
2019-08-21 07:30:13,439 WARN  server.GrpcLogAppender (LogUtils.java:warn(134)) - 9355736e-4a02-406b-a3ec-b57d496fec13->b9e45af6-2c86-4711-8077-b66a512e634d: Failed appendEntries: org.apache.ratis.thirdparty.io.grpc.StatusRuntimeException: UNAVAILABLE: io exception
2019-08-21 07:30:13,446 INFO  impl.FollowerInfo (FollowerInfo.java:lambda$new$0(50)) - 9355736e-4a02-406b-a3ec-b57d496fec13->b9e45af6-2c86-4711-8077-b66a512e634d: nextIndex: updateUnconditionally 0 -> 0
2019-08-21 07:30:13,446 WARN  server.GrpcLogAppender (LogUtils.java:warn(134)) - 9355736e-4a02-406b-a3ec-b57d496fec13->63676a94-6794-405b-90a4-09d155913ff7: Failed appendEntries: org.apache.ratis.thirdparty.io.grpc.StatusRuntimeException: UNAVAILABLE: io exception
2019-08-21 07:30:13,447 INFO  impl.FollowerInfo (FollowerInfo.java:lambda$new$0(50)) - 9355736e-4a02-406b-a3ec-b57d496fec13->63676a94-6794-405b-90a4-09d155913ff7: nextIndex: updateUnconditionally 21 -> 20
2019-08-21 07:30:14,981 WARN  io.KeyOutputStream (KeyOutputStream.java:handleException(276)) - Encountered exception java.io.IOException: Unexpected Storage Container Exception: java.util.concurrent.CompletionException: java.util.concurrent.CompletionException: org.apache.ratis.protocol.RaftRetryFailureException: Failed RaftClientRequest:client-B18AE797F905->9355736e-4a02-406b-a3ec-b57d496fec13@group-7D0DA91F5A30, cid=27, seq=11*, RW, org.apache.hadoop.hdds.scm.XceiverClientRatis$$Lambda$317/686275377@42bdfde4 for 5 attempts with RetryLimited(maxAttempts=5, sleepTime=1000ms) on the pipeline Pipeline[ Id: 8068ae27-21b5-4d24-aeca-7d0da91f5a30, Nodes: b9e45af6-2c86-4711-8077-b66a512e634d{ip: 192.168.69.73, host: pr-hdds-1935-z5xc5-3809828402, networkLocation: /default-rack, certSerialId: null}63676a94-6794-405b-90a4-09d155913ff7{ip: 192.168.69.73, host: pr-hdds-1935-z5xc5-3809828402, networkLocation: /default-rack, certSerialId: null}9355736e-4a02-406b-a3ec-b57d496fec13{ip: 192.168.69.73, host: pr-hdds-1935-z5xc5-3809828402, networkLocation: /default-rack, certSerialId: null}, Type:RATIS, Factor:THREE, State:OPEN]. The last committed block length is 1048576, uncommitted data length is 1048576 retry count 0
2019-08-21 07:30:15,012 WARN  block.BlockManagerImpl (BlockManagerImpl.java:allocateBlock(192)) - Pipeline creation failed for type:RATIS factor:THREE. Retrying get pipelines call once.
org.apache.hadoop.hdds.scm.pipeline.InsufficientDatanodesException: Cannot create pipeline of factor 3 using 0 nodes.
	at org.apache.hadoop.hdds.scm.pipeline.RatisPipelineProvider.create(RatisPipelineProvider.java:151)
	at org.apache.hadoop.hdds.scm.pipeline.PipelineFactory.create(PipelineFactory.java:57)
	at org.apache.hadoop.hdds.scm.pipeline.SCMPipelineManager.createPipeline(SCMPipelineManager.java:149)
	at org.apache.hadoop.hdds.scm.block.BlockManagerImpl.allocateBlock(BlockManagerImpl.java:190)
	at org.apache.hadoop.hdds.scm.server.SCMBlockProtocolServer.allocateBlock(SCMBlockProtocolServer.java:182)
	at org.apache.hadoop.ozone.protocolPB.ScmBlockLocationProtocolServerSideTranslatorPB.allocateScmBlock(ScmBlockLocationProtocolServerSideTranslatorPB.java:191)
	at org.apache.hadoop.ozone.protocolPB.ScmBlockLocationProtocolServerSideTranslatorPB.processMessage(ScmBlockLocationProtocolServerSideTranslatorPB.java:141)
	at org.apache.hadoop.ozone.protocolPB.ScmBlockLocationProtocolServerSideTranslatorPB.send(ScmBlockLocationProtocolServerSideTranslatorPB.java:116)
	at org.apache.hadoop.hdds.protocol.proto.ScmBlockLocationProtocolProtos$ScmBlockLocationProtocolService$2.callBlockingMethod(ScmBlockLocationProtocolProtos.java:13157)
	at org.apache.hadoop.ipc.ProtobufRpcEngine$Server$ProtoBufRpcInvoker.call(ProtobufRpcEngine.java:524)
	at org.apache.hadoop.ipc.RPC$Server.call(RPC.java:1025)
	at org.apache.hadoop.ipc.Server$RpcCall.run(Server.java:876)
	at org.apache.hadoop.ipc.Server$RpcCall.run(Server.java:822)
	at java.security.AccessController.doPrivileged(Native Method)
	at javax.security.auth.Subject.doAs(Subject.java:422)
	at org.apache.hadoop.security.UserGroupInformation.doAs(UserGroupInformation.java:1730)
	at org.apache.hadoop.ipc.Server$Handler.run(Server.java:2682)
2019-08-21 07:30:15,014 INFO  block.BlockManagerImpl (BlockManagerImpl.java:allocateBlock(198)) - Could not find available pipeline of type:RATIS and factor:THREE even after retrying
2019-08-21 07:30:15,015 ERROR block.BlockManagerImpl (BlockManagerImpl.java:allocateBlock(222)) - Unable to allocate a block for the size: 4194304, type: RATIS, factor: THREE
07:30:15.020 [IPC Server handler 17 on 40562] ERROR OMAudit - user=jenkins1000 | ip=127.0.0.1 | op=ALLOCATE_BLOCK {volume=datanodefailurehandlingtest, bucket=datanodefailurehandlingtest, key=ratis3, dataSize=0, replicationType=null, replicationFactor=null, keyLocationInfo=null, clientID=102653794151825408} | ret=FAILURE
org.apache.hadoop.hdds.scm.exceptions.SCMException: Allocated 0 blocks. Requested 1 blocks
	at org.apache.hadoop.hdds.scm.protocolPB.ScmBlockLocationProtocolClientSideTranslatorPB.handleError(ScmBlockLocationProtocolClientSideTranslatorPB.java:118) ~[hadoop-hdds-common-0.5.0-SNAPSHOT.jar:?]
	at org.apache.hadoop.hdds.scm.protocolPB.ScmBlockLocationProtocolClientSideTranslatorPB.allocateBlock(ScmBlockLocationProtocolClientSideTranslatorPB.java:156) ~[hadoop-hdds-common-0.5.0-SNAPSHOT.jar:?]
	at sun.reflect.NativeMethodAccessorImpl.invoke0(Native Method) ~[?:1.8.0_212]
	at sun.reflect.NativeMethodAccessorImpl.invoke(NativeMethodAccessorImpl.java:62) ~[?:1.8.0_212]
	at sun.reflect.DelegatingMethodAccessorImpl.invoke(DelegatingMethodAccessorImpl.java:43) ~[?:1.8.0_212]
	at java.lang.reflect.Method.invoke(Method.java:498) ~[?:1.8.0_212]
	at org.apache.hadoop.hdds.tracing.TraceAllMethod.invoke(TraceAllMethod.java:66) ~[hadoop-hdds-common-0.5.0-SNAPSHOT.jar:?]
	at com.sun.proxy.$Proxy25.allocateBlock(Unknown Source) ~[?:?]
	at org.apache.hadoop.ozone.om.KeyManagerImpl.allocateBlock(KeyManagerImpl.java:333) ~[hadoop-ozone-ozone-manager-0.5.0-SNAPSHOT.jar:?]
	at org.apache.hadoop.ozone.om.KeyManagerImpl.allocateBlock(KeyManagerImpl.java:304) ~[hadoop-ozone-ozone-manager-0.5.0-SNAPSHOT.jar:?]
	at org.apache.hadoop.ozone.om.OzoneManager.allocateBlock(OzoneManager.java:2308) [hadoop-ozone-ozone-manager-0.5.0-SNAPSHOT.jar:?]
	at org.apache.hadoop.ozone.protocolPB.OzoneManagerRequestHandler.allocateBlock(OzoneManagerRequestHandler.java:740) [hadoop-ozone-ozone-manager-0.5.0-SNAPSHOT.jar:?]
	at org.apache.hadoop.ozone.protocolPB.OzoneManagerRequestHandler.handle(OzoneManagerRequestHandler.java:243) [hadoop-ozone-ozone-manager-0.5.0-SNAPSHOT.jar:?]
	at org.apache.hadoop.ozone.protocolPB.OzoneManagerProtocolServerSideTranslatorPB.submitRequestDirectlyToOM(OzoneManagerProtocolServerSideTranslatorPB.java:233) [hadoop-ozone-ozone-manager-0.5.0-SNAPSHOT.jar:?]
	at org.apache.hadoop.ozone.protocolPB.OzoneManagerProtocolServerSideTranslatorPB.processRequest(OzoneManagerProtocolServerSideTranslatorPB.java:151) [hadoop-ozone-ozone-manager-0.5.0-SNAPSHOT.jar:?]
	at org.apache.hadoop.ozone.protocolPB.OzoneManagerProtocolServerSideTranslatorPB.submitRequest(OzoneManagerProtocolServerSideTranslatorPB.java:105) [hadoop-ozone-ozone-manager-0.5.0-SNAPSHOT.jar:?]
	at org.apache.hadoop.ozone.protocol.proto.OzoneManagerProtocolProtos$OzoneManagerService$2.callBlockingMethod(OzoneManagerProtocolProtos.java) [hadoop-ozone-common-0.5.0-SNAPSHOT.jar:?]
	at org.apache.hadoop.ipc.ProtobufRpcEngine$Server$ProtoBufRpcInvoker.call(ProtobufRpcEngine.java:524) [hadoop-common-3.2.0.jar:?]
	at org.apache.hadoop.ipc.RPC$Server.call(RPC.java:1025) [hadoop-common-3.2.0.jar:?]
	at org.apache.hadoop.ipc.Server$RpcCall.run(Server.java:876) [hadoop-common-3.2.0.jar:?]
	at org.apache.hadoop.ipc.Server$RpcCall.run(Server.java:822) [hadoop-common-3.2.0.jar:?]
	at java.security.AccessController.doPrivileged(Native Method) [?:1.8.0_212]
	at javax.security.auth.Subject.doAs(Subject.java:422) [?:1.8.0_212]
	at org.apache.hadoop.security.UserGroupInformation.doAs(UserGroupInformation.java:1730) [hadoop-common-3.2.0.jar:?]
	at org.apache.hadoop.ipc.Server$Handler.run(Server.java:2682) [hadoop-common-3.2.0.jar:?]
2019-08-21 07:30:15,039 ERROR io.BlockOutputStreamEntryPool (BlockOutputStreamEntryPool.java:allocateBlockIfNeeded(299)) - Try to allocate more blocks for write failed, already allocated 0 blocks for this write.
INTERNAL_ERROR org.apache.hadoop.ozone.om.exceptions.OMException: Allocated 0 blocks. Requested 1 blocks
	at org.apache.hadoop.ozone.om.protocolPB.OzoneManagerProtocolClientSideTranslatorPB.handleError(OzoneManagerProtocolClientSideTranslatorPB.java:720)
	at org.apache.hadoop.ozone.om.protocolPB.OzoneManagerProtocolClientSideTranslatorPB.allocateBlock(OzoneManagerProtocolClientSideTranslatorPB.java:752)
	at org.apache.hadoop.ozone.client.io.BlockOutputStreamEntryPool.allocateNewBlock(BlockOutputStreamEntryPool.java:248)
	at org.apache.hadoop.ozone.client.io.BlockOutputStreamEntryPool.allocateBlockIfNeeded(BlockOutputStreamEntryPool.java:296)
	at org.apache.hadoop.ozone.client.io.KeyOutputStream.handleWrite(KeyOutputStream.java:201)
	at org.apache.hadoop.ozone.client.io.KeyOutputStream.handleRetry(KeyOutputStream.java:376)
	at org.apache.hadoop.ozone.client.io.KeyOutputStream.handleException(KeyOutputStream.java:325)
	at org.apache.hadoop.ozone.client.io.KeyOutputStream.handleWrite(KeyOutputStream.java:231)
	at org.apache.hadoop.ozone.client.io.KeyOutputStream.write(KeyOutputStream.java:193)
	at org.apache.hadoop.ozone.client.io.OzoneOutputStream.write(OzoneOutputStream.java:49)
	at java.io.OutputStream.write(OutputStream.java:75)
	at org.apache.hadoop.ozone.client.rpc.TestMultiBlockWritesWithDnFailures.testMultiBlockWritesWithDnFailures(TestMultiBlockWritesWithDnFailures.java:144)
	at sun.reflect.NativeMethodAccessorImpl.invoke0(Native Method)
	at sun.reflect.NativeMethodAccessorImpl.invoke(NativeMethodAccessorImpl.java:62)
	at sun.reflect.DelegatingMethodAccessorImpl.invoke(DelegatingMethodAccessorImpl.java:43)
	at java.lang.reflect.Method.invoke(Method.java:498)
	at org.junit.runners.model.FrameworkMethod$1.runReflectiveCall(FrameworkMethod.java:47)
	at org.junit.internal.runners.model.ReflectiveCallable.run(ReflectiveCallable.java:12)
	at org.junit.runners.model.FrameworkMethod.invokeExplosively(FrameworkMethod.java:44)
	at org.junit.internal.runners.statements.InvokeMethod.evaluate(InvokeMethod.java:17)
	at org.junit.runners.ParentRunner.runLeaf(ParentRunner.java:271)
	at org.junit.runners.BlockJUnit4ClassRunner.runChild(BlockJUnit4ClassRunner.java:70)
	at org.junit.runners.BlockJUnit4ClassRunner.runChild(BlockJUnit4ClassRunner.java:50)
	at org.junit.runners.ParentRunner$3.run(ParentRunner.java:238)
	at org.junit.runners.ParentRunner$1.schedule(ParentRunner.java:63)
	at org.junit.runners.ParentRunner.runChildren(ParentRunner.java:236)
	at org.junit.runners.ParentRunner.access$000(ParentRunner.java:53)
	at org.junit.runners.ParentRunner$2.evaluate(ParentRunner.java:229)
	at org.junit.runners.ParentRunner.run(ParentRunner.java:309)
	at org.apache.maven.surefire.junit4.JUnit4Provider.execute(JUnit4Provider.java:365)
	at org.apache.maven.surefire.junit4.JUnit4Provider.executeWithRerun(JUnit4Provider.java:273)
	at org.apache.maven.surefire.junit4.JUnit4Provider.executeTestSet(JUnit4Provider.java:238)
	at org.apache.maven.surefire.junit4.JUnit4Provider.invoke(JUnit4Provider.java:159)
	at org.apache.maven.surefire.booter.ForkedBooter.invokeProviderInSameClassLoader(ForkedBooter.java:384)
	at org.apache.maven.surefire.booter.ForkedBooter.runSuitesInProcess(ForkedBooter.java:345)
	at org.apache.maven.surefire.booter.ForkedBooter.execute(ForkedBooter.java:126)
	at org.apache.maven.surefire.booter.ForkedBooter.main(ForkedBooter.java:418)
]]></system-out>
    <system-err><![CDATA[ERROR StatusLogger No Log4j 2 configuration file found. Using default configuration (logging only errors to the console), or user programmatically provided configurations. Set system property 'log4j2.debug' to show Log4j 2 internal initialization logging. See https://logging.apache.org/log4j/2.x/manual/configuration.html for instructions on how to configure Log4j 2
Aug 21, 2019 7:29:44 AM com.sun.jersey.server.impl.application.WebApplicationImpl _initiate
INFO: Initiating Jersey application, version 'Jersey: 1.19 02/11/2015 03:25 AM'
Aug 21, 2019 7:29:45 AM com.sun.jersey.server.impl.application.WebApplicationImpl _initiate
INFO: Initiating Jersey application, version 'Jersey: 1.19 02/11/2015 03:25 AM'
Aug 21, 2019 7:29:45 AM com.sun.jersey.server.impl.application.WebApplicationImpl _initiate
INFO: Initiating Jersey application, version 'Jersey: 1.19 02/11/2015 03:25 AM'
Aug 21, 2019 7:29:46 AM com.sun.jersey.server.impl.application.WebApplicationImpl _initiate
INFO: Initiating Jersey application, version 'Jersey: 1.19 02/11/2015 03:25 AM'
Aug 21, 2019 7:29:46 AM com.sun.jersey.server.impl.application.WebApplicationImpl _initiate
INFO: Initiating Jersey application, version 'Jersey: 1.19 02/11/2015 03:25 AM'
Aug 21, 2019 7:29:46 AM com.sun.jersey.server.impl.application.WebApplicationImpl _initiate
INFO: Initiating Jersey application, version 'Jersey: 1.19 02/11/2015 03:25 AM'
Exception in thread "9355736e-4a02-406b-a3ec-b57d496fec13:group-7D0DA91F5A30:LeaderElection10" java.lang.IllegalStateException: ILLEGAL TRANSITION: In 9355736e-4a02-406b-a3ec-b57d496fec13:group-7D0DA91F5A30:LeaderElection10, STARTING -> CLOSED
	at org.apache.ratis.util.Preconditions.assertTrue(Preconditions.java:63)
	at org.apache.ratis.util.LifeCycle$State.validate(LifeCycle.java:123)
	at org.apache.ratis.util.LifeCycle.transition(LifeCycle.java:143)
	at org.apache.ratis.server.impl.LeaderElection.run(LeaderElection.java:154)
	at java.lang.Thread.run(Thread.java:748)
]]></system-err>
  </testcase>
</testsuite>