<?xml version="1.0" encoding="UTF-8"?>
<testsuite xmlns:xsi="http://www.w3.org/2001/XMLSchema-instance" xsi:noNamespaceSchemaLocation="https://maven.apache.org/surefire/maven-surefire-plugin/xsd/surefire-test-report.xsd" name="org.apache.hadoop.hdds.scm.pipeline.TestRatisPipelineCreateAndDestory" time="70.301" tests="2" errors="1" skipped="0" failures="0">
  <properties>
    <property name="awt.toolkit" value="sun.awt.X11.XToolkit"/>
    <property name="file.encoding.pkg" value="sun.io"/>
    <property name="java.specification.version" value="1.8"/>
    <property name="sun.cpu.isalist" value=""/>
    <property name="sun.jnu.encoding" value="UTF-8"/>
    <property name="java.class.path" value="/workdir/hadoop-ozone/integration-test/target/test-classes:/workdir/hadoop-ozone/integration-test/target/classes:/home/user/.m2/repository/org/apache/hadoop/hadoop-ozone-common/0.5.0-SNAPSHOT/hadoop-ozone-common-0.5.0-SNAPSHOT.jar:/home/user/.m2/repository/org/apache/commons/commons-compress/1.4.1/commons-compress-1.4.1.jar:/home/user/.m2/repository/org/tukaani/xz/1.0/xz-1.0.jar:/home/user/.m2/repository/org/apache/hadoop/hadoop-common/3.2.0/hadoop-common-3.2.0.jar:/home/user/.m2/repository/org/apache/hadoop/hadoop-hdfs/3.2.0/hadoop-hdfs-3.2.0.jar:/home/user/.m2/repository/org/apache/hadoop/hadoop-hdfs-client/3.2.0/hadoop-hdfs-client-3.2.0.jar:/home/user/.m2/repository/com/fasterxml/jackson/core/jackson-annotations/2.9.5/jackson-annotations-2.9.5.jar:/home/user/.m2/repository/org/apache/hadoop/hadoop-hdds-common/0.5.0-SNAPSHOT/hadoop-hdds-common-0.5.0-SNAPSHOT.jar:/home/user/.m2/repository/javax/annotation/javax.annotation-api/1.2/javax.annotation-api-1.2.jar:/home/user/.m2/repository/org/apache/ratis/ratis-server/0.4.0-2337318-SNAPSHOT/ratis-server-0.4.0-2337318-SNAPSHOT.jar:/home/user/.m2/repository/org/apache/ratis/ratis-thirdparty-misc/0.2.0/ratis-thirdparty-misc-0.2.0.jar:/home/user/.m2/repository/org/apache/ratis/ratis-proto/0.4.0-2337318-SNAPSHOT/ratis-proto-0.4.0-2337318-SNAPSHOT.jar:/home/user/.m2/repository/org/apache/ratis/ratis-common/0.4.0-2337318-SNAPSHOT/ratis-common-0.4.0-2337318-SNAPSHOT.jar:/home/user/.m2/repository/org/apache/ratis/ratis-client/0.4.0-2337318-SNAPSHOT/ratis-client-0.4.0-2337318-SNAPSHOT.jar:/home/user/.m2/repository/org/apache/ratis/ratis-metrics/0.4.0-2337318-SNAPSHOT/ratis-metrics-0.4.0-2337318-SNAPSHOT.jar:/home/user/.m2/repository/org/apache/ratis/ratis-netty/0.4.0-2337318-SNAPSHOT/ratis-netty-0.4.0-2337318-SNAPSHOT.jar:/home/user/.m2/repository/org/apache/ratis/ratis-grpc/0.4.0-2337318-SNAPSHOT/ratis-grpc-0.4.0-2337318-SNAPSHOT.jar:/home/user/.m2/repository/org/rocksdb/rocksdbjni/6.0.1/rocksdbjni-6.0.1.jar:/home/user/.m2/repository/org/apache/logging/log4j/log4j-api/2.11.0/log4j-api-2.11.0.jar:/home/user/.m2/repository/org/apache/logging/log4j/log4j-core/2.11.0/log4j-core-2.11.0.jar:/home/user/.m2/repository/com/lmax/disruptor/3.4.2/disruptor-3.4.2.jar:/home/user/.m2/repository/org/apache/commons/commons-pool2/2.6.0/commons-pool2-2.6.0.jar:/home/user/.m2/repository/org/bouncycastle/bcpkix-jdk15on/1.60/bcpkix-jdk15on-1.60.jar:/home/user/.m2/repository/commons-validator/commons-validator/1.6/commons-validator-1.6.jar:/home/user/.m2/repository/commons-digester/commons-digester/1.8.1/commons-digester-1.8.1.jar:/home/user/.m2/repository/io/jaegertracing/jaeger-client/0.33.1/jaeger-client-0.33.1.jar:/home/user/.m2/repository/io/jaegertracing/jaeger-thrift/0.33.1/jaeger-thrift-0.33.1.jar:/home/user/.m2/repository/org/apache/thrift/libthrift/0.11.0/libthrift-0.11.0.jar:/home/user/.m2/repository/com/squareup/okhttp3/okhttp/3.9.0/okhttp-3.9.0.jar:/home/user/.m2/repository/com/squareup/okio/okio/1.13.0/okio-1.13.0.jar:/home/user/.m2/repository/io/jaegertracing/jaeger-core/0.33.1/jaeger-core-0.33.1.jar:/home/user/.m2/repository/io/jaegertracing/jaeger-tracerresolver/0.33.1/jaeger-tracerresolver-0.33.1.jar:/home/user/.m2/repository/io/opentracing/contrib/opentracing-tracerresolver/0.1.5/opentracing-tracerresolver-0.1.5.jar:/home/user/.m2/repository/io/opentracing/opentracing-util/0.31.0/opentracing-util-0.31.0.jar:/home/user/.m2/repository/io/opentracing/opentracing-api/0.31.0/opentracing-api-0.31.0.jar:/home/user/.m2/repository/io/opentracing/opentracing-noop/0.31.0/opentracing-noop-0.31.0.jar:/home/user/.m2/repository/org/apache/hadoop/hadoop-hdds-server-framework/0.5.0-SNAPSHOT/hadoop-hdds-server-framework-0.5.0-SNAPSHOT.jar:/home/user/.m2/repository/org/apache/hadoop/hadoop-hdds-container-service/0.5.0-SNAPSHOT/hadoop-hdds-container-service-0.5.0-SNAPSHOT.jar:/home/user/.m2/repository/org/apache/hadoop/hadoop-hdds-client/0.5.0-SNAPSHOT/hadoop-hdds-client-0.5.0-SNAPSHOT.jar:/home/user/.m2/repository/org/apache/hadoop/hadoop-hdds-tools/0.5.0-SNAPSHOT/hadoop-hdds-tools-0.5.0-SNAPSHOT.jar:/home/user/.m2/repository/org/apache/hadoop/hadoop-hdds-server-scm/0.5.0-SNAPSHOT/hadoop-hdds-server-scm-0.5.0-SNAPSHOT.jar:/home/user/.m2/repository/org/apache/hadoop/hadoop-hdds-docs/0.5.0-SNAPSHOT/hadoop-hdds-docs-0.5.0-SNAPSHOT.jar:/home/user/.m2/repository/io/dropwizard/metrics/metrics-core/3.2.4/metrics-core-3.2.4.jar:/home/user/.m2/repository/org/hamcrest/hamcrest-all/1.3/hamcrest-all-1.3.jar:/home/user/.m2/repository/org/bouncycastle/bcprov-jdk15on/1.60/bcprov-jdk15on-1.60.jar:/home/user/.m2/repository/info/picocli/picocli/3.9.6/picocli-3.9.6.jar:/home/user/.m2/repository/com/google/protobuf/protobuf-java/2.5.0/protobuf-java-2.5.0.jar:/home/user/.m2/repository/com/google/guava/guava/11.0.2/guava-11.0.2.jar:/home/user/.m2/repository/org/apache/hadoop/hadoop-ozone-ozone-manager/0.5.0-SNAPSHOT/hadoop-ozone-ozone-manager-0.5.0-SNAPSHOT.jar:/home/user/.m2/repository/org/apache/hadoop/hadoop-minikdc/3.2.0/hadoop-minikdc-3.2.0.jar:/home/user/.m2/repository/commons-io/commons-io/2.5/commons-io-2.5.jar:/home/user/.m2/repository/org/apache/kerby/kerb-simplekdc/1.0.1/kerb-simplekdc-1.0.1.jar:/home/user/.m2/repository/org/apache/kerby/kerb-client/1.0.1/kerb-client-1.0.1.jar:/home/user/.m2/repository/org/apache/kerby/kerby-config/1.0.1/kerby-config-1.0.1.jar:/home/user/.m2/repository/org/apache/kerby/kerb-core/1.0.1/kerb-core-1.0.1.jar:/home/user/.m2/repository/org/apache/kerby/kerby-pkix/1.0.1/kerby-pkix-1.0.1.jar:/home/user/.m2/repository/org/apache/kerby/kerby-asn1/1.0.1/kerby-asn1-1.0.1.jar:/home/user/.m2/repository/org/apache/kerby/kerby-util/1.0.1/kerby-util-1.0.1.jar:/home/user/.m2/repository/org/apache/kerby/kerb-common/1.0.1/kerb-common-1.0.1.jar:/home/user/.m2/repository/org/apache/kerby/kerb-crypto/1.0.1/kerb-crypto-1.0.1.jar:/home/user/.m2/repository/org/apache/kerby/kerb-util/1.0.1/kerb-util-1.0.1.jar:/home/user/.m2/repository/org/apache/kerby/token-provider/1.0.1/token-provider-1.0.1.jar:/home/user/.m2/repository/org/apache/kerby/kerb-admin/1.0.1/kerb-admin-1.0.1.jar:/home/user/.m2/repository/org/apache/kerby/kerb-server/1.0.1/kerb-server-1.0.1.jar:/home/user/.m2/repository/org/apache/kerby/kerb-identity/1.0.1/kerb-identity-1.0.1.jar:/home/user/.m2/repository/org/apache/kerby/kerby-xdr/1.0.1/kerby-xdr-1.0.1.jar:/home/user/.m2/repository/org/slf4j/slf4j-log4j12/1.7.25/slf4j-log4j12-1.7.25.jar:/home/user/.m2/repository/org/apache/hadoop/hadoop-ozone-objectstore-service/0.5.0-SNAPSHOT/hadoop-ozone-objectstore-service-0.5.0-SNAPSHOT.jar:/home/user/.m2/repository/org/apache/hadoop/hadoop-ozone-s3gateway/0.5.0-SNAPSHOT/hadoop-ozone-s3gateway-0.5.0-SNAPSHOT.jar:/home/user/.m2/repository/org/jboss/weld/servlet/weld-servlet/2.4.7.Final/weld-servlet-2.4.7.Final.jar:/home/user/.m2/repository/org/glassfish/jersey/containers/jersey-container-servlet-core/2.27/jersey-container-servlet-core-2.27.jar:/home/user/.m2/repository/org/glassfish/hk2/external/javax.inject/2.5.0-b42/javax.inject-2.5.0-b42.jar:/home/user/.m2/repository/org/glassfish/jersey/core/jersey-common/2.27/jersey-common-2.27.jar:/home/user/.m2/repository/org/glassfish/hk2/osgi-resource-locator/1.0.1/osgi-resource-locator-1.0.1.jar:/home/user/.m2/repository/javax/ws/rs/javax.ws.rs-api/2.1/javax.ws.rs-api-2.1.jar:/home/user/.m2/repository/org/glassfish/jersey/ext/cdi/jersey-cdi1x/2.27/jersey-cdi1x-2.27.jar:/home/user/.m2/repository/org/glassfish/jersey/inject/jersey-hk2/2.27/jersey-hk2-2.27.jar:/home/user/.m2/repository/org/glassfish/hk2/hk2-locator/2.5.0-b42/hk2-locator-2.5.0-b42.jar:/home/user/.m2/repository/org/javassist/javassist/3.22.0-CR2/javassist-3.22.0-CR2.jar:/home/user/.m2/repository/org/glassfish/hk2/hk2-api/2.5.0/hk2-api-2.5.0.jar:/home/user/.m2/repository/org/glassfish/hk2/external/jakarta.inject/2.5.0/jakarta.inject-2.5.0.jar:/home/user/.m2/repository/org/glassfish/hk2/hk2-utils/2.5.0/hk2-utils-2.5.0.jar:/home/user/.m2/repository/jakarta/annotation/jakarta.annotation-api/1.3.4/jakarta.annotation-api-1.3.4.jar:/home/user/.m2/repository/org/glassfish/hk2/external/aopalliance-repackaged/2.5.0/aopalliance-repackaged-2.5.0.jar:/home/user/.m2/repository/com/fasterxml/jackson/dataformat/jackson-dataformat-xml/2.9.0/jackson-dataformat-xml-2.9.0.jar:/home/user/.m2/repository/com/fasterxml/jackson/core/jackson-core/2.9.5/jackson-core-2.9.5.jar:/home/user/.m2/repository/com/fasterxml/jackson/module/jackson-module-jaxb-annotations/2.9.5/jackson-module-jaxb-annotations-2.9.5.jar:/home/user/.m2/repository/javax/enterprise/cdi-api/1.2/cdi-api-1.2.jar:/home/user/.m2/repository/javax/el/javax.el-api/3.0.0/javax.el-api-3.0.0.jar:/home/user/.m2/repository/javax/interceptor/javax.interceptor-api/1.2/javax.interceptor-api-1.2.jar:/home/user/.m2/repository/javax/inject/javax.inject/1/javax.inject-1.jar:/home/user/.m2/repository/com/sun/xml/bind/jaxb-impl/2.3.0.1/jaxb-impl-2.3.0.1.jar:/home/user/.m2/repository/com/sun/xml/bind/jaxb-core/2.3.0.1/jaxb-core-2.3.0.1.jar:/home/user/.m2/repository/javax/xml/bind/jaxb-api/2.3.0/jaxb-api-2.3.0.jar:/home/user/.m2/repository/javax/activation/activation/1.1.1/activation-1.1.1.jar:/home/user/.m2/repository/org/apache/hadoop/hadoop-ozone-csi/0.5.0-SNAPSHOT/hadoop-ozone-csi-0.5.0-SNAPSHOT.jar:/home/user/.m2/repository/com/google/protobuf/protobuf-java-util/3.5.1/protobuf-java-util-3.5.1.jar:/home/user/.m2/repository/org/apache/hadoop/hadoop-hdds-config/0.5.0-SNAPSHOT/hadoop-hdds-config-0.5.0-SNAPSHOT.jar:/home/user/.m2/repository/io/grpc/grpc-netty/1.17.1/grpc-netty-1.17.1.jar:/home/user/.m2/repository/io/grpc/grpc-core/1.17.1/grpc-core-1.17.1.jar:/home/user/.m2/repository/io/grpc/grpc-context/1.17.1/grpc-context-1.17.1.jar:/home/user/.m2/repository/com/google/errorprone/error_prone_annotations/2.2.0/error_prone_annotations-2.2.0.jar:/home/user/.m2/repository/org/codehaus/mojo/animal-sniffer-annotations/1.17/animal-sniffer-annotations-1.17.jar:/home/user/.m2/repository/io/opencensus/opencensus-api/0.17.0/opencensus-api-0.17.0.jar:/home/user/.m2/repository/io/opencensus/opencensus-contrib-grpc-metrics/0.17.0/opencensus-contrib-grpc-metrics-0.17.0.jar:/home/user/.m2/repository/io/netty/netty-codec-http2/4.1.30.Final/netty-codec-http2-4.1.30.Final.jar:/home/user/.m2/repository/io/netty/netty-codec-http/4.1.30.Final/netty-codec-http-4.1.30.Final.jar:/home/user/.m2/repository/io/netty/netty-codec/4.1.30.Final/netty-codec-4.1.30.Final.jar:/home/user/.m2/repository/io/netty/netty-handler/4.1.30.Final/netty-handler-4.1.30.Final.jar:/home/user/.m2/repository/io/netty/netty-handler-proxy/4.1.30.Final/netty-handler-proxy-4.1.30.Final.jar:/home/user/.m2/repository/io/netty/netty-codec-socks/4.1.30.Final/netty-codec-socks-4.1.30.Final.jar:/home/user/.m2/repository/io/netty/netty-transport-native-epoll/4.1.30.Final/netty-transport-native-epoll-4.1.30.Final.jar:/home/user/.m2/repository/io/netty/netty-common/4.1.30.Final/netty-common-4.1.30.Final.jar:/home/user/.m2/repository/io/netty/netty-buffer/4.1.30.Final/netty-buffer-4.1.30.Final.jar:/home/user/.m2/repository/io/netty/netty-transport/4.1.30.Final/netty-transport-4.1.30.Final.jar:/home/user/.m2/repository/io/netty/netty-resolver/4.1.30.Final/netty-resolver-4.1.30.Final.jar:/home/user/.m2/repository/io/netty/netty-transport-native-unix-common/4.1.30.Final/netty-transport-native-unix-common-4.1.30.Final.jar:/home/user/.m2/repository/io/grpc/grpc-protobuf/1.17.1/grpc-protobuf-1.17.1.jar:/home/user/.m2/repository/com/google/api/grpc/proto-google-common-protos/1.0.0/proto-google-common-protos-1.0.0.jar:/home/user/.m2/repository/io/grpc/grpc-protobuf-lite/1.17.1/grpc-protobuf-lite-1.17.1.jar:/home/user/.m2/repository/io/grpc/grpc-stub/1.17.1/grpc-stub-1.17.1.jar:/home/user/.m2/repository/org/apache/hadoop/hadoop-ozone-recon/0.5.0-SNAPSHOT/hadoop-ozone-recon-0.5.0-SNAPSHOT.jar:/home/user/.m2/repository/org/apache/hadoop/hadoop-ozone-reconcodegen/0.5.0-SNAPSHOT/hadoop-ozone-reconcodegen-0.5.0-SNAPSHOT.jar:/home/user/.m2/repository/com/google/inject/extensions/guice-multibindings/4.0/guice-multibindings-4.0.jar:/home/user/.m2/repository/com/google/inject/guice/4.0/guice-4.0.jar:/home/user/.m2/repository/aopalliance/aopalliance/1.0/aopalliance-1.0.jar:/home/user/.m2/repository/com/google/inject/extensions/guice-servlet/4.0/guice-servlet-4.0.jar:/home/user/.m2/repository/org/glassfish/jersey/containers/jersey-container-servlet/2.27/jersey-container-servlet-2.27.jar:/home/user/.m2/repository/org/glassfish/hk2/guice-bridge/2.5.0/guice-bridge-2.5.0.jar:/home/user/.m2/repository/org/glassfish/jersey/core/jersey-server/2.27/jersey-server-2.27.jar:/home/user/.m2/repository/org/glassfish/jersey/core/jersey-client/2.27/jersey-client-2.27.jar:/home/user/.m2/repository/org/glassfish/jersey/media/jersey-media-jaxb/2.27/jersey-media-jaxb-2.27.jar:/home/user/.m2/repository/javax/validation/validation-api/1.1.0.Final/validation-api-1.1.0.Final.jar:/home/user/.m2/repository/org/glassfish/jersey/media/jersey-media-json-jackson/2.27/jersey-media-json-jackson-2.27.jar:/home/user/.m2/repository/org/glassfish/jersey/ext/jersey-entity-filtering/2.27/jersey-entity-filtering-2.27.jar:/home/user/.m2/repository/com/google/inject/extensions/guice-assistedinject/4.0/guice-assistedinject-4.0.jar:/home/user/.m2/repository/org/jooq/jooq/3.11.10/jooq-3.11.10.jar:/home/user/.m2/repository/org/jooq/jooq-meta/3.11.10/jooq-meta-3.11.10.jar:/home/user/.m2/repository/org/jooq/jooq-codegen/3.11.10/jooq-codegen-3.11.10.jar:/home/user/.m2/repository/com/jolbox/bonecp/0.8.0.RELEASE/bonecp-0.8.0.RELEASE.jar:/home/user/.m2/repository/org/xerial/sqlite-jdbc/3.25.2/sqlite-jdbc-3.25.2.jar:/home/user/.m2/repository/org/springframework/spring-jdbc/5.1.3.RELEASE/spring-jdbc-5.1.3.RELEASE.jar:/home/user/.m2/repository/org/springframework/spring-beans/5.1.3.RELEASE/spring-beans-5.1.3.RELEASE.jar:/home/user/.m2/repository/org/springframework/spring-core/5.1.3.RELEASE/spring-core-5.1.3.RELEASE.jar:/home/user/.m2/repository/org/springframework/spring-jcl/5.1.3.RELEASE/spring-jcl-5.1.3.RELEASE.jar:/home/user/.m2/repository/org/springframework/spring-tx/5.1.3.RELEASE/spring-tx-5.1.3.RELEASE.jar:/home/user/.m2/repository/org/apache/hadoop/hadoop-ozone-client/0.5.0-SNAPSHOT/hadoop-ozone-client-0.5.0-SNAPSHOT.jar:/home/user/.m2/repository/commons-lang/commons-lang/2.6/commons-lang-2.6.jar:/home/user/.m2/repository/org/apache/hadoop/hadoop-ozone-ozone-manager/0.5.0-SNAPSHOT/hadoop-ozone-ozone-manager-0.5.0-SNAPSHOT-tests.jar:/home/user/.m2/repository/junit/junit/4.11/junit-4.11.jar:/home/user/.m2/repository/org/hamcrest/hamcrest-core/1.3/hamcrest-core-1.3.jar:/home/user/.m2/repository/org/openjdk/jmh/jmh-core/1.19/jmh-core-1.19.jar:/home/user/.m2/repository/net/sf/jopt-simple/jopt-simple/4.6/jopt-simple-4.6.jar:/home/user/.m2/repository/org/apache/commons/commons-math3/3.1.1/commons-math3-3.1.1.jar:/home/user/.m2/repository/org/openjdk/jmh/jmh-generator-annprocess/1.19/jmh-generator-annprocess-1.19.jar:/home/user/.m2/repository/org/mockito/mockito-all/1.8.5/mockito-all-1.8.5.jar:/home/user/.m2/repository/org/apache/hadoop/hadoop-kms/3.2.0/hadoop-kms-3.2.0.jar:/home/user/.m2/repository/org/apache/hadoop/hadoop-auth/3.2.0/hadoop-auth-3.2.0.jar:/home/user/.m2/repository/com/nimbusds/nimbus-jose-jwt/4.41.1/nimbus-jose-jwt-4.41.1.jar:/home/user/.m2/repository/com/github/stephenc/jcip/jcip-annotations/1.0-1/jcip-annotations-1.0-1.jar:/home/user/.m2/repository/net/minidev/json-smart/2.3/json-smart-2.3.jar:/home/user/.m2/repository/net/minidev/accessors-smart/1.2/accessors-smart-1.2.jar:/home/user/.m2/repository/org/ow2/asm/asm/5.0.4/asm-5.0.4.jar:/home/user/.m2/repository/org/apache/curator/curator-framework/2.12.0/curator-framework-2.12.0.jar:/home/user/.m2/repository/com/sun/jersey/jersey-core/1.19/jersey-core-1.19.jar:/home/user/.m2/repository/javax/ws/rs/jsr311-api/1.1.1/jsr311-api-1.1.1.jar:/home/user/.m2/repository/com/sun/jersey/jersey-server/1.19/jersey-server-1.19.jar:/home/user/.m2/repository/javax/servlet/javax.servlet-api/3.1.0/javax.servlet-api-3.1.0.jar:/home/user/.m2/repository/org/eclipse/jetty/jetty-server/9.3.24.v20180605/jetty-server-9.3.24.v20180605.jar:/home/user/.m2/repository/org/eclipse/jetty/jetty-http/9.3.24.v20180605/jetty-http-9.3.24.v20180605.jar:/home/user/.m2/repository/org/eclipse/jetty/jetty-io/9.3.24.v20180605/jetty-io-9.3.24.v20180605.jar:/home/user/.m2/repository/org/eclipse/jetty/jetty-webapp/9.3.24.v20180605/jetty-webapp-9.3.24.v20180605.jar:/home/user/.m2/repository/org/eclipse/jetty/jetty-xml/9.3.24.v20180605/jetty-xml-9.3.24.v20180605.jar:/home/user/.m2/repository/log4j/log4j/1.2.17/log4j-1.2.17.jar:/home/user/.m2/repository/org/slf4j/slf4j-api/1.7.25/slf4j-api-1.7.25.jar:/home/user/.m2/repository/org/slf4j/jul-to-slf4j/1.7.25/jul-to-slf4j-1.7.25.jar:/home/user/.m2/repository/org/eclipse/jetty/jetty-util/9.3.24.v20180605/jetty-util-9.3.24.v20180605.jar:/home/user/.m2/repository/com/fasterxml/jackson/core/jackson-databind/2.9.5/jackson-databind-2.9.5.jar:/home/user/.m2/repository/org/apache/hadoop/hadoop-kms/3.2.0/hadoop-kms-3.2.0-tests.jar:/home/user/.m2/repository/org/apache/hadoop/hadoop-hdds-server-scm/0.5.0-SNAPSHOT/hadoop-hdds-server-scm-0.5.0-SNAPSHOT-tests.jar:/home/user/.m2/repository/org/apache/hadoop/hadoop-hdds-container-service/0.5.0-SNAPSHOT/hadoop-hdds-container-service-0.5.0-SNAPSHOT-tests.jar:/home/user/.m2/repository/org/yaml/snakeyaml/1.16/snakeyaml-1.16.jar:/home/user/.m2/repository/org/apache/hadoop/hadoop-common/3.2.0/hadoop-common-3.2.0-tests.jar:/home/user/.m2/repository/org/apache/hadoop/hadoop-annotations/3.2.0/hadoop-annotations-3.2.0.jar:/usr/lib/jvm/java-1.8-openjdk/jre/../lib/tools.jar:/home/user/.m2/repository/commons-cli/commons-cli/1.2/commons-cli-1.2.jar:/home/user/.m2/repository/org/apache/httpcomponents/httpclient/4.5.2/httpclient-4.5.2.jar:/home/user/.m2/repository/org/apache/httpcomponents/httpcore/4.4.4/httpcore-4.4.4.jar:/home/user/.m2/repository/commons-codec/commons-codec/1.11/commons-codec-1.11.jar:/home/user/.m2/repository/commons-net/commons-net/3.6/commons-net-3.6.jar:/home/user/.m2/repository/commons-collections/commons-collections/3.2.2/commons-collections-3.2.2.jar:/home/user/.m2/repository/org/eclipse/jetty/jetty-servlet/9.3.24.v20180605/jetty-servlet-9.3.24.v20180605.jar:/home/user/.m2/repository/org/eclipse/jetty/jetty-security/9.3.24.v20180605/jetty-security-9.3.24.v20180605.jar:/home/user/.m2/repository/javax/servlet/jsp/jsp-api/2.1/jsp-api-2.1.jar:/home/user/.m2/repository/com/sun/jersey/jersey-servlet/1.19/jersey-servlet-1.19.jar:/home/user/.m2/repository/com/sun/jersey/jersey-json/1.19/jersey-json-1.19.jar:/home/user/.m2/repository/org/codehaus/jettison/jettison/1.1/jettison-1.1.jar:/home/user/.m2/repository/org/codehaus/jackson/jackson-core-asl/1.9.13/jackson-core-asl-1.9.13.jar:/home/user/.m2/repository/org/codehaus/jackson/jackson-mapper-asl/1.9.13/jackson-mapper-asl-1.9.13.jar:/home/user/.m2/repository/org/codehaus/jackson/jackson-jaxrs/1.9.13/jackson-jaxrs-1.9.13.jar:/home/user/.m2/repository/org/codehaus/jackson/jackson-xc/1.9.13/jackson-xc-1.9.13.jar:/home/user/.m2/repository/commons-logging/commons-logging/1.1.3/commons-logging-1.1.3.jar:/home/user/.m2/repository/commons-beanutils/commons-beanutils/1.9.3/commons-beanutils-1.9.3.jar:/home/user/.m2/repository/org/apache/commons/commons-configuration2/2.1.1/commons-configuration2-2.1.1.jar:/home/user/.m2/repository/org/apache/commons/commons-lang3/3.7/commons-lang3-3.7.jar:/home/user/.m2/repository/org/apache/commons/commons-text/1.4/commons-text-1.4.jar:/home/user/.m2/repository/org/apache/avro/avro/1.7.7/avro-1.7.7.jar:/home/user/.m2/repository/com/thoughtworks/paranamer/paranamer/2.3/paranamer-2.3.jar:/home/user/.m2/repository/org/xerial/snappy/snappy-java/1.0.5/snappy-java-1.0.5.jar:/home/user/.m2/repository/com/google/re2j/re2j/1.1/re2j-1.1.jar:/home/user/.m2/repository/com/google/code/gson/gson/2.2.4/gson-2.2.4.jar:/home/user/.m2/repository/com/jcraft/jsch/0.1.54/jsch-0.1.54.jar:/home/user/.m2/repository/org/apache/curator/curator-client/2.12.0/curator-client-2.12.0.jar:/home/user/.m2/repository/org/apache/curator/curator-recipes/2.12.0/curator-recipes-2.12.0.jar:/home/user/.m2/repository/com/google/code/findbugs/jsr305/3.0.0/jsr305-3.0.0.jar:/home/user/.m2/repository/org/apache/htrace/htrace-core4/4.1.0-incubating/htrace-core4-4.1.0-incubating.jar:/home/user/.m2/repository/org/apache/zookeeper/zookeeper/3.4.13/zookeeper-3.4.13.jar:/home/user/.m2/repository/org/apache/yetus/audience-annotations/0.5.0/audience-annotations-0.5.0.jar:/home/user/.m2/repository/org/codehaus/woodstox/stax2-api/3.1.4/stax2-api-3.1.4.jar:/home/user/.m2/repository/com/fasterxml/woodstox/woodstox-core/5.0.3/woodstox-core-5.0.3.jar:/home/user/.m2/repository/dnsjava/dnsjava/2.1.7/dnsjava-2.1.7.jar:/home/user/.m2/repository/org/apache/hadoop/hadoop-hdfs/3.2.0/hadoop-hdfs-3.2.0-tests.jar:/home/user/.m2/repository/org/eclipse/jetty/jetty-util-ajax/9.3.24.v20180605/jetty-util-ajax-9.3.24.v20180605.jar:/home/user/.m2/repository/commons-daemon/commons-daemon/1.0.13/commons-daemon-1.0.13.jar:/home/user/.m2/repository/io/netty/netty/3.10.5.Final/netty-3.10.5.Final.jar:/home/user/.m2/repository/io/netty/netty-all/4.0.52.Final/netty-all-4.0.52.Final.jar:/home/user/.m2/repository/org/fusesource/leveldbjni/leveldbjni-all/1.8/leveldbjni-all-1.8.jar:"/>
    <property name="java.vm.vendor" value="IcedTea"/>
    <property name="sun.arch.data.model" value="64"/>
    <property name="test.build.dir" value="/workdir/hadoop-ozone/integration-test/target/test-dir"/>
    <property name="test.cache.data" value=""/>
    <property name="java.vendor.url" value="https://icedtea.classpath.org"/>
    <property name="user.timezone" value=""/>
    <property name="java.vm.specification.version" value="1.8"/>
    <property name="os.name" value="Linux"/>
    <property name="test.build.data" value="/workdir/hadoop-ozone/integration-test/target/test-dir"/>
    <property name="user.country" value="US"/>
    <property name="sun.java.launcher" value="SUN_STANDARD"/>
    <property name="sun.boot.library.path" value="/usr/lib/jvm/java-1.8-openjdk/jre/lib/amd64"/>
    <property name="sun.java.command" value="/workdir/hadoop-ozone/integration-test/target/surefire/surefirebooter6246469533683883596.jar /workdir/hadoop-ozone/integration-test/target/surefire 2019-08-21T07-00-29_963-jvmRun1 surefire8587820448463040684tmp surefire_886396395760417454660tmp"/>
    <property name="surefire.test.class.path" value="/workdir/hadoop-ozone/integration-test/target/test-classes:/workdir/hadoop-ozone/integration-test/target/classes:/home/user/.m2/repository/org/apache/hadoop/hadoop-ozone-common/0.5.0-SNAPSHOT/hadoop-ozone-common-0.5.0-SNAPSHOT.jar:/home/user/.m2/repository/org/apache/commons/commons-compress/1.4.1/commons-compress-1.4.1.jar:/home/user/.m2/repository/org/tukaani/xz/1.0/xz-1.0.jar:/home/user/.m2/repository/org/apache/hadoop/hadoop-common/3.2.0/hadoop-common-3.2.0.jar:/home/user/.m2/repository/org/apache/hadoop/hadoop-hdfs/3.2.0/hadoop-hdfs-3.2.0.jar:/home/user/.m2/repository/org/apache/hadoop/hadoop-hdfs-client/3.2.0/hadoop-hdfs-client-3.2.0.jar:/home/user/.m2/repository/com/fasterxml/jackson/core/jackson-annotations/2.9.5/jackson-annotations-2.9.5.jar:/home/user/.m2/repository/org/apache/hadoop/hadoop-hdds-common/0.5.0-SNAPSHOT/hadoop-hdds-common-0.5.0-SNAPSHOT.jar:/home/user/.m2/repository/javax/annotation/javax.annotation-api/1.2/javax.annotation-api-1.2.jar:/home/user/.m2/repository/org/apache/ratis/ratis-server/0.4.0-2337318-SNAPSHOT/ratis-server-0.4.0-2337318-SNAPSHOT.jar:/home/user/.m2/repository/org/apache/ratis/ratis-thirdparty-misc/0.2.0/ratis-thirdparty-misc-0.2.0.jar:/home/user/.m2/repository/org/apache/ratis/ratis-proto/0.4.0-2337318-SNAPSHOT/ratis-proto-0.4.0-2337318-SNAPSHOT.jar:/home/user/.m2/repository/org/apache/ratis/ratis-common/0.4.0-2337318-SNAPSHOT/ratis-common-0.4.0-2337318-SNAPSHOT.jar:/home/user/.m2/repository/org/apache/ratis/ratis-client/0.4.0-2337318-SNAPSHOT/ratis-client-0.4.0-2337318-SNAPSHOT.jar:/home/user/.m2/repository/org/apache/ratis/ratis-metrics/0.4.0-2337318-SNAPSHOT/ratis-metrics-0.4.0-2337318-SNAPSHOT.jar:/home/user/.m2/repository/org/apache/ratis/ratis-netty/0.4.0-2337318-SNAPSHOT/ratis-netty-0.4.0-2337318-SNAPSHOT.jar:/home/user/.m2/repository/org/apache/ratis/ratis-grpc/0.4.0-2337318-SNAPSHOT/ratis-grpc-0.4.0-2337318-SNAPSHOT.jar:/home/user/.m2/repository/org/rocksdb/rocksdbjni/6.0.1/rocksdbjni-6.0.1.jar:/home/user/.m2/repository/org/apache/logging/log4j/log4j-api/2.11.0/log4j-api-2.11.0.jar:/home/user/.m2/repository/org/apache/logging/log4j/log4j-core/2.11.0/log4j-core-2.11.0.jar:/home/user/.m2/repository/com/lmax/disruptor/3.4.2/disruptor-3.4.2.jar:/home/user/.m2/repository/org/apache/commons/commons-pool2/2.6.0/commons-pool2-2.6.0.jar:/home/user/.m2/repository/org/bouncycastle/bcpkix-jdk15on/1.60/bcpkix-jdk15on-1.60.jar:/home/user/.m2/repository/commons-validator/commons-validator/1.6/commons-validator-1.6.jar:/home/user/.m2/repository/commons-digester/commons-digester/1.8.1/commons-digester-1.8.1.jar:/home/user/.m2/repository/io/jaegertracing/jaeger-client/0.33.1/jaeger-client-0.33.1.jar:/home/user/.m2/repository/io/jaegertracing/jaeger-thrift/0.33.1/jaeger-thrift-0.33.1.jar:/home/user/.m2/repository/org/apache/thrift/libthrift/0.11.0/libthrift-0.11.0.jar:/home/user/.m2/repository/com/squareup/okhttp3/okhttp/3.9.0/okhttp-3.9.0.jar:/home/user/.m2/repository/com/squareup/okio/okio/1.13.0/okio-1.13.0.jar:/home/user/.m2/repository/io/jaegertracing/jaeger-core/0.33.1/jaeger-core-0.33.1.jar:/home/user/.m2/repository/io/jaegertracing/jaeger-tracerresolver/0.33.1/jaeger-tracerresolver-0.33.1.jar:/home/user/.m2/repository/io/opentracing/contrib/opentracing-tracerresolver/0.1.5/opentracing-tracerresolver-0.1.5.jar:/home/user/.m2/repository/io/opentracing/opentracing-util/0.31.0/opentracing-util-0.31.0.jar:/home/user/.m2/repository/io/opentracing/opentracing-api/0.31.0/opentracing-api-0.31.0.jar:/home/user/.m2/repository/io/opentracing/opentracing-noop/0.31.0/opentracing-noop-0.31.0.jar:/home/user/.m2/repository/org/apache/hadoop/hadoop-hdds-server-framework/0.5.0-SNAPSHOT/hadoop-hdds-server-framework-0.5.0-SNAPSHOT.jar:/home/user/.m2/repository/org/apache/hadoop/hadoop-hdds-container-service/0.5.0-SNAPSHOT/hadoop-hdds-container-service-0.5.0-SNAPSHOT.jar:/home/user/.m2/repository/org/apache/hadoop/hadoop-hdds-client/0.5.0-SNAPSHOT/hadoop-hdds-client-0.5.0-SNAPSHOT.jar:/home/user/.m2/repository/org/apache/hadoop/hadoop-hdds-tools/0.5.0-SNAPSHOT/hadoop-hdds-tools-0.5.0-SNAPSHOT.jar:/home/user/.m2/repository/org/apache/hadoop/hadoop-hdds-server-scm/0.5.0-SNAPSHOT/hadoop-hdds-server-scm-0.5.0-SNAPSHOT.jar:/home/user/.m2/repository/org/apache/hadoop/hadoop-hdds-docs/0.5.0-SNAPSHOT/hadoop-hdds-docs-0.5.0-SNAPSHOT.jar:/home/user/.m2/repository/io/dropwizard/metrics/metrics-core/3.2.4/metrics-core-3.2.4.jar:/home/user/.m2/repository/org/hamcrest/hamcrest-all/1.3/hamcrest-all-1.3.jar:/home/user/.m2/repository/org/bouncycastle/bcprov-jdk15on/1.60/bcprov-jdk15on-1.60.jar:/home/user/.m2/repository/info/picocli/picocli/3.9.6/picocli-3.9.6.jar:/home/user/.m2/repository/com/google/protobuf/protobuf-java/2.5.0/protobuf-java-2.5.0.jar:/home/user/.m2/repository/com/google/guava/guava/11.0.2/guava-11.0.2.jar:/home/user/.m2/repository/org/apache/hadoop/hadoop-ozone-ozone-manager/0.5.0-SNAPSHOT/hadoop-ozone-ozone-manager-0.5.0-SNAPSHOT.jar:/home/user/.m2/repository/org/apache/hadoop/hadoop-minikdc/3.2.0/hadoop-minikdc-3.2.0.jar:/home/user/.m2/repository/commons-io/commons-io/2.5/commons-io-2.5.jar:/home/user/.m2/repository/org/apache/kerby/kerb-simplekdc/1.0.1/kerb-simplekdc-1.0.1.jar:/home/user/.m2/repository/org/apache/kerby/kerb-client/1.0.1/kerb-client-1.0.1.jar:/home/user/.m2/repository/org/apache/kerby/kerby-config/1.0.1/kerby-config-1.0.1.jar:/home/user/.m2/repository/org/apache/kerby/kerb-core/1.0.1/kerb-core-1.0.1.jar:/home/user/.m2/repository/org/apache/kerby/kerby-pkix/1.0.1/kerby-pkix-1.0.1.jar:/home/user/.m2/repository/org/apache/kerby/kerby-asn1/1.0.1/kerby-asn1-1.0.1.jar:/home/user/.m2/repository/org/apache/kerby/kerby-util/1.0.1/kerby-util-1.0.1.jar:/home/user/.m2/repository/org/apache/kerby/kerb-common/1.0.1/kerb-common-1.0.1.jar:/home/user/.m2/repository/org/apache/kerby/kerb-crypto/1.0.1/kerb-crypto-1.0.1.jar:/home/user/.m2/repository/org/apache/kerby/kerb-util/1.0.1/kerb-util-1.0.1.jar:/home/user/.m2/repository/org/apache/kerby/token-provider/1.0.1/token-provider-1.0.1.jar:/home/user/.m2/repository/org/apache/kerby/kerb-admin/1.0.1/kerb-admin-1.0.1.jar:/home/user/.m2/repository/org/apache/kerby/kerb-server/1.0.1/kerb-server-1.0.1.jar:/home/user/.m2/repository/org/apache/kerby/kerb-identity/1.0.1/kerb-identity-1.0.1.jar:/home/user/.m2/repository/org/apache/kerby/kerby-xdr/1.0.1/kerby-xdr-1.0.1.jar:/home/user/.m2/repository/org/slf4j/slf4j-log4j12/1.7.25/slf4j-log4j12-1.7.25.jar:/home/user/.m2/repository/org/apache/hadoop/hadoop-ozone-objectstore-service/0.5.0-SNAPSHOT/hadoop-ozone-objectstore-service-0.5.0-SNAPSHOT.jar:/home/user/.m2/repository/org/apache/hadoop/hadoop-ozone-s3gateway/0.5.0-SNAPSHOT/hadoop-ozone-s3gateway-0.5.0-SNAPSHOT.jar:/home/user/.m2/repository/org/jboss/weld/servlet/weld-servlet/2.4.7.Final/weld-servlet-2.4.7.Final.jar:/home/user/.m2/repository/org/glassfish/jersey/containers/jersey-container-servlet-core/2.27/jersey-container-servlet-core-2.27.jar:/home/user/.m2/repository/org/glassfish/hk2/external/javax.inject/2.5.0-b42/javax.inject-2.5.0-b42.jar:/home/user/.m2/repository/org/glassfish/jersey/core/jersey-common/2.27/jersey-common-2.27.jar:/home/user/.m2/repository/org/glassfish/hk2/osgi-resource-locator/1.0.1/osgi-resource-locator-1.0.1.jar:/home/user/.m2/repository/javax/ws/rs/javax.ws.rs-api/2.1/javax.ws.rs-api-2.1.jar:/home/user/.m2/repository/org/glassfish/jersey/ext/cdi/jersey-cdi1x/2.27/jersey-cdi1x-2.27.jar:/home/user/.m2/repository/org/glassfish/jersey/inject/jersey-hk2/2.27/jersey-hk2-2.27.jar:/home/user/.m2/repository/org/glassfish/hk2/hk2-locator/2.5.0-b42/hk2-locator-2.5.0-b42.jar:/home/user/.m2/repository/org/javassist/javassist/3.22.0-CR2/javassist-3.22.0-CR2.jar:/home/user/.m2/repository/org/glassfish/hk2/hk2-api/2.5.0/hk2-api-2.5.0.jar:/home/user/.m2/repository/org/glassfish/hk2/external/jakarta.inject/2.5.0/jakarta.inject-2.5.0.jar:/home/user/.m2/repository/org/glassfish/hk2/hk2-utils/2.5.0/hk2-utils-2.5.0.jar:/home/user/.m2/repository/jakarta/annotation/jakarta.annotation-api/1.3.4/jakarta.annotation-api-1.3.4.jar:/home/user/.m2/repository/org/glassfish/hk2/external/aopalliance-repackaged/2.5.0/aopalliance-repackaged-2.5.0.jar:/home/user/.m2/repository/com/fasterxml/jackson/dataformat/jackson-dataformat-xml/2.9.0/jackson-dataformat-xml-2.9.0.jar:/home/user/.m2/repository/com/fasterxml/jackson/core/jackson-core/2.9.5/jackson-core-2.9.5.jar:/home/user/.m2/repository/com/fasterxml/jackson/module/jackson-module-jaxb-annotations/2.9.5/jackson-module-jaxb-annotations-2.9.5.jar:/home/user/.m2/repository/javax/enterprise/cdi-api/1.2/cdi-api-1.2.jar:/home/user/.m2/repository/javax/el/javax.el-api/3.0.0/javax.el-api-3.0.0.jar:/home/user/.m2/repository/javax/interceptor/javax.interceptor-api/1.2/javax.interceptor-api-1.2.jar:/home/user/.m2/repository/javax/inject/javax.inject/1/javax.inject-1.jar:/home/user/.m2/repository/com/sun/xml/bind/jaxb-impl/2.3.0.1/jaxb-impl-2.3.0.1.jar:/home/user/.m2/repository/com/sun/xml/bind/jaxb-core/2.3.0.1/jaxb-core-2.3.0.1.jar:/home/user/.m2/repository/javax/xml/bind/jaxb-api/2.3.0/jaxb-api-2.3.0.jar:/home/user/.m2/repository/javax/activation/activation/1.1.1/activation-1.1.1.jar:/home/user/.m2/repository/org/apache/hadoop/hadoop-ozone-csi/0.5.0-SNAPSHOT/hadoop-ozone-csi-0.5.0-SNAPSHOT.jar:/home/user/.m2/repository/com/google/protobuf/protobuf-java-util/3.5.1/protobuf-java-util-3.5.1.jar:/home/user/.m2/repository/org/apache/hadoop/hadoop-hdds-config/0.5.0-SNAPSHOT/hadoop-hdds-config-0.5.0-SNAPSHOT.jar:/home/user/.m2/repository/io/grpc/grpc-netty/1.17.1/grpc-netty-1.17.1.jar:/home/user/.m2/repository/io/grpc/grpc-core/1.17.1/grpc-core-1.17.1.jar:/home/user/.m2/repository/io/grpc/grpc-context/1.17.1/grpc-context-1.17.1.jar:/home/user/.m2/repository/com/google/errorprone/error_prone_annotations/2.2.0/error_prone_annotations-2.2.0.jar:/home/user/.m2/repository/org/codehaus/mojo/animal-sniffer-annotations/1.17/animal-sniffer-annotations-1.17.jar:/home/user/.m2/repository/io/opencensus/opencensus-api/0.17.0/opencensus-api-0.17.0.jar:/home/user/.m2/repository/io/opencensus/opencensus-contrib-grpc-metrics/0.17.0/opencensus-contrib-grpc-metrics-0.17.0.jar:/home/user/.m2/repository/io/netty/netty-codec-http2/4.1.30.Final/netty-codec-http2-4.1.30.Final.jar:/home/user/.m2/repository/io/netty/netty-codec-http/4.1.30.Final/netty-codec-http-4.1.30.Final.jar:/home/user/.m2/repository/io/netty/netty-codec/4.1.30.Final/netty-codec-4.1.30.Final.jar:/home/user/.m2/repository/io/netty/netty-handler/4.1.30.Final/netty-handler-4.1.30.Final.jar:/home/user/.m2/repository/io/netty/netty-handler-proxy/4.1.30.Final/netty-handler-proxy-4.1.30.Final.jar:/home/user/.m2/repository/io/netty/netty-codec-socks/4.1.30.Final/netty-codec-socks-4.1.30.Final.jar:/home/user/.m2/repository/io/netty/netty-transport-native-epoll/4.1.30.Final/netty-transport-native-epoll-4.1.30.Final.jar:/home/user/.m2/repository/io/netty/netty-common/4.1.30.Final/netty-common-4.1.30.Final.jar:/home/user/.m2/repository/io/netty/netty-buffer/4.1.30.Final/netty-buffer-4.1.30.Final.jar:/home/user/.m2/repository/io/netty/netty-transport/4.1.30.Final/netty-transport-4.1.30.Final.jar:/home/user/.m2/repository/io/netty/netty-resolver/4.1.30.Final/netty-resolver-4.1.30.Final.jar:/home/user/.m2/repository/io/netty/netty-transport-native-unix-common/4.1.30.Final/netty-transport-native-unix-common-4.1.30.Final.jar:/home/user/.m2/repository/io/grpc/grpc-protobuf/1.17.1/grpc-protobuf-1.17.1.jar:/home/user/.m2/repository/com/google/api/grpc/proto-google-common-protos/1.0.0/proto-google-common-protos-1.0.0.jar:/home/user/.m2/repository/io/grpc/grpc-protobuf-lite/1.17.1/grpc-protobuf-lite-1.17.1.jar:/home/user/.m2/repository/io/grpc/grpc-stub/1.17.1/grpc-stub-1.17.1.jar:/home/user/.m2/repository/org/apache/hadoop/hadoop-ozone-recon/0.5.0-SNAPSHOT/hadoop-ozone-recon-0.5.0-SNAPSHOT.jar:/home/user/.m2/repository/org/apache/hadoop/hadoop-ozone-reconcodegen/0.5.0-SNAPSHOT/hadoop-ozone-reconcodegen-0.5.0-SNAPSHOT.jar:/home/user/.m2/repository/com/google/inject/extensions/guice-multibindings/4.0/guice-multibindings-4.0.jar:/home/user/.m2/repository/com/google/inject/guice/4.0/guice-4.0.jar:/home/user/.m2/repository/aopalliance/aopalliance/1.0/aopalliance-1.0.jar:/home/user/.m2/repository/com/google/inject/extensions/guice-servlet/4.0/guice-servlet-4.0.jar:/home/user/.m2/repository/org/glassfish/jersey/containers/jersey-container-servlet/2.27/jersey-container-servlet-2.27.jar:/home/user/.m2/repository/org/glassfish/hk2/guice-bridge/2.5.0/guice-bridge-2.5.0.jar:/home/user/.m2/repository/org/glassfish/jersey/core/jersey-server/2.27/jersey-server-2.27.jar:/home/user/.m2/repository/org/glassfish/jersey/core/jersey-client/2.27/jersey-client-2.27.jar:/home/user/.m2/repository/org/glassfish/jersey/media/jersey-media-jaxb/2.27/jersey-media-jaxb-2.27.jar:/home/user/.m2/repository/javax/validation/validation-api/1.1.0.Final/validation-api-1.1.0.Final.jar:/home/user/.m2/repository/org/glassfish/jersey/media/jersey-media-json-jackson/2.27/jersey-media-json-jackson-2.27.jar:/home/user/.m2/repository/org/glassfish/jersey/ext/jersey-entity-filtering/2.27/jersey-entity-filtering-2.27.jar:/home/user/.m2/repository/com/google/inject/extensions/guice-assistedinject/4.0/guice-assistedinject-4.0.jar:/home/user/.m2/repository/org/jooq/jooq/3.11.10/jooq-3.11.10.jar:/home/user/.m2/repository/org/jooq/jooq-meta/3.11.10/jooq-meta-3.11.10.jar:/home/user/.m2/repository/org/jooq/jooq-codegen/3.11.10/jooq-codegen-3.11.10.jar:/home/user/.m2/repository/com/jolbox/bonecp/0.8.0.RELEASE/bonecp-0.8.0.RELEASE.jar:/home/user/.m2/repository/org/xerial/sqlite-jdbc/3.25.2/sqlite-jdbc-3.25.2.jar:/home/user/.m2/repository/org/springframework/spring-jdbc/5.1.3.RELEASE/spring-jdbc-5.1.3.RELEASE.jar:/home/user/.m2/repository/org/springframework/spring-beans/5.1.3.RELEASE/spring-beans-5.1.3.RELEASE.jar:/home/user/.m2/repository/org/springframework/spring-core/5.1.3.RELEASE/spring-core-5.1.3.RELEASE.jar:/home/user/.m2/repository/org/springframework/spring-jcl/5.1.3.RELEASE/spring-jcl-5.1.3.RELEASE.jar:/home/user/.m2/repository/org/springframework/spring-tx/5.1.3.RELEASE/spring-tx-5.1.3.RELEASE.jar:/home/user/.m2/repository/org/apache/hadoop/hadoop-ozone-client/0.5.0-SNAPSHOT/hadoop-ozone-client-0.5.0-SNAPSHOT.jar:/home/user/.m2/repository/commons-lang/commons-lang/2.6/commons-lang-2.6.jar:/home/user/.m2/repository/org/apache/hadoop/hadoop-ozone-ozone-manager/0.5.0-SNAPSHOT/hadoop-ozone-ozone-manager-0.5.0-SNAPSHOT-tests.jar:/home/user/.m2/repository/junit/junit/4.11/junit-4.11.jar:/home/user/.m2/repository/org/hamcrest/hamcrest-core/1.3/hamcrest-core-1.3.jar:/home/user/.m2/repository/org/openjdk/jmh/jmh-core/1.19/jmh-core-1.19.jar:/home/user/.m2/repository/net/sf/jopt-simple/jopt-simple/4.6/jopt-simple-4.6.jar:/home/user/.m2/repository/org/apache/commons/commons-math3/3.1.1/commons-math3-3.1.1.jar:/home/user/.m2/repository/org/openjdk/jmh/jmh-generator-annprocess/1.19/jmh-generator-annprocess-1.19.jar:/home/user/.m2/repository/org/mockito/mockito-all/1.8.5/mockito-all-1.8.5.jar:/home/user/.m2/repository/org/apache/hadoop/hadoop-kms/3.2.0/hadoop-kms-3.2.0.jar:/home/user/.m2/repository/org/apache/hadoop/hadoop-auth/3.2.0/hadoop-auth-3.2.0.jar:/home/user/.m2/repository/com/nimbusds/nimbus-jose-jwt/4.41.1/nimbus-jose-jwt-4.41.1.jar:/home/user/.m2/repository/com/github/stephenc/jcip/jcip-annotations/1.0-1/jcip-annotations-1.0-1.jar:/home/user/.m2/repository/net/minidev/json-smart/2.3/json-smart-2.3.jar:/home/user/.m2/repository/net/minidev/accessors-smart/1.2/accessors-smart-1.2.jar:/home/user/.m2/repository/org/ow2/asm/asm/5.0.4/asm-5.0.4.jar:/home/user/.m2/repository/org/apache/curator/curator-framework/2.12.0/curator-framework-2.12.0.jar:/home/user/.m2/repository/com/sun/jersey/jersey-core/1.19/jersey-core-1.19.jar:/home/user/.m2/repository/javax/ws/rs/jsr311-api/1.1.1/jsr311-api-1.1.1.jar:/home/user/.m2/repository/com/sun/jersey/jersey-server/1.19/jersey-server-1.19.jar:/home/user/.m2/repository/javax/servlet/javax.servlet-api/3.1.0/javax.servlet-api-3.1.0.jar:/home/user/.m2/repository/org/eclipse/jetty/jetty-server/9.3.24.v20180605/jetty-server-9.3.24.v20180605.jar:/home/user/.m2/repository/org/eclipse/jetty/jetty-http/9.3.24.v20180605/jetty-http-9.3.24.v20180605.jar:/home/user/.m2/repository/org/eclipse/jetty/jetty-io/9.3.24.v20180605/jetty-io-9.3.24.v20180605.jar:/home/user/.m2/repository/org/eclipse/jetty/jetty-webapp/9.3.24.v20180605/jetty-webapp-9.3.24.v20180605.jar:/home/user/.m2/repository/org/eclipse/jetty/jetty-xml/9.3.24.v20180605/jetty-xml-9.3.24.v20180605.jar:/home/user/.m2/repository/log4j/log4j/1.2.17/log4j-1.2.17.jar:/home/user/.m2/repository/org/slf4j/slf4j-api/1.7.25/slf4j-api-1.7.25.jar:/home/user/.m2/repository/org/slf4j/jul-to-slf4j/1.7.25/jul-to-slf4j-1.7.25.jar:/home/user/.m2/repository/org/eclipse/jetty/jetty-util/9.3.24.v20180605/jetty-util-9.3.24.v20180605.jar:/home/user/.m2/repository/com/fasterxml/jackson/core/jackson-databind/2.9.5/jackson-databind-2.9.5.jar:/home/user/.m2/repository/org/apache/hadoop/hadoop-kms/3.2.0/hadoop-kms-3.2.0-tests.jar:/home/user/.m2/repository/org/apache/hadoop/hadoop-hdds-server-scm/0.5.0-SNAPSHOT/hadoop-hdds-server-scm-0.5.0-SNAPSHOT-tests.jar:/home/user/.m2/repository/org/apache/hadoop/hadoop-hdds-container-service/0.5.0-SNAPSHOT/hadoop-hdds-container-service-0.5.0-SNAPSHOT-tests.jar:/home/user/.m2/repository/org/yaml/snakeyaml/1.16/snakeyaml-1.16.jar:/home/user/.m2/repository/org/apache/hadoop/hadoop-common/3.2.0/hadoop-common-3.2.0-tests.jar:/home/user/.m2/repository/org/apache/hadoop/hadoop-annotations/3.2.0/hadoop-annotations-3.2.0.jar:/usr/lib/jvm/java-1.8-openjdk/jre/../lib/tools.jar:/home/user/.m2/repository/commons-cli/commons-cli/1.2/commons-cli-1.2.jar:/home/user/.m2/repository/org/apache/httpcomponents/httpclient/4.5.2/httpclient-4.5.2.jar:/home/user/.m2/repository/org/apache/httpcomponents/httpcore/4.4.4/httpcore-4.4.4.jar:/home/user/.m2/repository/commons-codec/commons-codec/1.11/commons-codec-1.11.jar:/home/user/.m2/repository/commons-net/commons-net/3.6/commons-net-3.6.jar:/home/user/.m2/repository/commons-collections/commons-collections/3.2.2/commons-collections-3.2.2.jar:/home/user/.m2/repository/org/eclipse/jetty/jetty-servlet/9.3.24.v20180605/jetty-servlet-9.3.24.v20180605.jar:/home/user/.m2/repository/org/eclipse/jetty/jetty-security/9.3.24.v20180605/jetty-security-9.3.24.v20180605.jar:/home/user/.m2/repository/javax/servlet/jsp/jsp-api/2.1/jsp-api-2.1.jar:/home/user/.m2/repository/com/sun/jersey/jersey-servlet/1.19/jersey-servlet-1.19.jar:/home/user/.m2/repository/com/sun/jersey/jersey-json/1.19/jersey-json-1.19.jar:/home/user/.m2/repository/org/codehaus/jettison/jettison/1.1/jettison-1.1.jar:/home/user/.m2/repository/org/codehaus/jackson/jackson-core-asl/1.9.13/jackson-core-asl-1.9.13.jar:/home/user/.m2/repository/org/codehaus/jackson/jackson-mapper-asl/1.9.13/jackson-mapper-asl-1.9.13.jar:/home/user/.m2/repository/org/codehaus/jackson/jackson-jaxrs/1.9.13/jackson-jaxrs-1.9.13.jar:/home/user/.m2/repository/org/codehaus/jackson/jackson-xc/1.9.13/jackson-xc-1.9.13.jar:/home/user/.m2/repository/commons-logging/commons-logging/1.1.3/commons-logging-1.1.3.jar:/home/user/.m2/repository/commons-beanutils/commons-beanutils/1.9.3/commons-beanutils-1.9.3.jar:/home/user/.m2/repository/org/apache/commons/commons-configuration2/2.1.1/commons-configuration2-2.1.1.jar:/home/user/.m2/repository/org/apache/commons/commons-lang3/3.7/commons-lang3-3.7.jar:/home/user/.m2/repository/org/apache/commons/commons-text/1.4/commons-text-1.4.jar:/home/user/.m2/repository/org/apache/avro/avro/1.7.7/avro-1.7.7.jar:/home/user/.m2/repository/com/thoughtworks/paranamer/paranamer/2.3/paranamer-2.3.jar:/home/user/.m2/repository/org/xerial/snappy/snappy-java/1.0.5/snappy-java-1.0.5.jar:/home/user/.m2/repository/com/google/re2j/re2j/1.1/re2j-1.1.jar:/home/user/.m2/repository/com/google/code/gson/gson/2.2.4/gson-2.2.4.jar:/home/user/.m2/repository/com/jcraft/jsch/0.1.54/jsch-0.1.54.jar:/home/user/.m2/repository/org/apache/curator/curator-client/2.12.0/curator-client-2.12.0.jar:/home/user/.m2/repository/org/apache/curator/curator-recipes/2.12.0/curator-recipes-2.12.0.jar:/home/user/.m2/repository/com/google/code/findbugs/jsr305/3.0.0/jsr305-3.0.0.jar:/home/user/.m2/repository/org/apache/htrace/htrace-core4/4.1.0-incubating/htrace-core4-4.1.0-incubating.jar:/home/user/.m2/repository/org/apache/zookeeper/zookeeper/3.4.13/zookeeper-3.4.13.jar:/home/user/.m2/repository/org/apache/yetus/audience-annotations/0.5.0/audience-annotations-0.5.0.jar:/home/user/.m2/repository/org/codehaus/woodstox/stax2-api/3.1.4/stax2-api-3.1.4.jar:/home/user/.m2/repository/com/fasterxml/woodstox/woodstox-core/5.0.3/woodstox-core-5.0.3.jar:/home/user/.m2/repository/dnsjava/dnsjava/2.1.7/dnsjava-2.1.7.jar:/home/user/.m2/repository/org/apache/hadoop/hadoop-hdfs/3.2.0/hadoop-hdfs-3.2.0-tests.jar:/home/user/.m2/repository/org/eclipse/jetty/jetty-util-ajax/9.3.24.v20180605/jetty-util-ajax-9.3.24.v20180605.jar:/home/user/.m2/repository/commons-daemon/commons-daemon/1.0.13/commons-daemon-1.0.13.jar:/home/user/.m2/repository/io/netty/netty/3.10.5.Final/netty-3.10.5.Final.jar:/home/user/.m2/repository/io/netty/netty-all/4.0.52.Final/netty-all-4.0.52.Final.jar:/home/user/.m2/repository/org/fusesource/leveldbjni/leveldbjni-all/1.8/leveldbjni-all-1.8.jar:"/>
    <property name="sun.cpu.endian" value="little"/>
    <property name="user.home" value="/home/user"/>
    <property name="user.language" value="en"/>
    <property name="java.specification.vendor" value="Oracle Corporation"/>
    <property name="java.home" value="/usr/lib/jvm/java-1.8-openjdk/jre"/>
    <property name="java.security.krb5.conf" value="/workdir/hadoop-ozone/integration-test/target/test-classes/krb5.conf"/>
    <property name="basedir" value="/workdir/hadoop-ozone/integration-test"/>
    <property name="file.separator" value="/"/>
    <property name="line.separator" value="&#10;"/>
    <property name="java.vm.specification.vendor" value="Oracle Corporation"/>
    <property name="java.specification.name" value="Java Platform API Specification"/>
    <property name="java.awt.graphicsenv" value="sun.awt.X11GraphicsEnvironment"/>
    <property name="surefire.real.class.path" value="/workdir/hadoop-ozone/integration-test/target/surefire/surefirebooter6246469533683883596.jar"/>
    <property name="hadoop.log.dir" value="/workdir/hadoop-ozone/integration-test/target/log"/>
    <property name="sun.boot.class.path" value="/usr/lib/jvm/java-1.8-openjdk/jre/lib/resources.jar:/usr/lib/jvm/java-1.8-openjdk/jre/lib/rt.jar:/usr/lib/jvm/java-1.8-openjdk/jre/lib/sunrsasign.jar:/usr/lib/jvm/java-1.8-openjdk/jre/lib/jsse.jar:/usr/lib/jvm/java-1.8-openjdk/jre/lib/jce.jar:/usr/lib/jvm/java-1.8-openjdk/jre/lib/charsets.jar:/usr/lib/jvm/java-1.8-openjdk/jre/lib/jfr.jar:/usr/lib/jvm/java-1.8-openjdk/jre/classes"/>
    <property name="sun.management.compiler" value="HotSpot 64-Bit Tiered Compilers"/>
    <property name="java.runtime.version" value="1.8.0_212-b04"/>
    <property name="java.net.preferIPv4Stack" value="true"/>
    <property name="user.name" value="jenkins1000"/>
    <property name="path.separator" value=":"/>
    <property name="java.security.egd" value="file:///dev/urandom"/>
    <property name="os.version" value="3.10.0-957.12.2.el7.x86_64"/>
    <property name="java.endorsed.dirs" value="/usr/lib/jvm/java-1.8-openjdk/jre/lib/endorsed"/>
    <property name="java.runtime.name" value="OpenJDK Runtime Environment"/>
    <property name="file.encoding" value="UTF-8"/>
    <property name="java.vm.name" value="OpenJDK 64-Bit Server VM"/>
    <property name="test.build.webapps" value=""/>
    <property name="localRepository" value="/home/user/.m2/repository"/>
    <property name="java.vendor.url.bug" value="https://icedtea.classpath.org/bugzilla"/>
    <property name="java.io.tmpdir" value="/tmp"/>
    <property name="require.test.libhadoop" value=""/>
    <property name="java.version" value="1.8.0_212"/>
    <property name="user.dir" value="/workdir/hadoop-ozone/integration-test"/>
    <property name="os.arch" value="amd64"/>
    <property name="java.vm.specification.name" value="Java Virtual Machine Specification"/>
    <property name="test.build.classes" value="/workdir/hadoop-ozone/integration-test/target/test-classes"/>
    <property name="java.awt.printerjob" value="sun.print.PSPrinterJob"/>
    <property name="sun.os.patch.level" value="unknown"/>
    <property name="hadoop.tmp.dir" value="/workdir/hadoop-ozone/integration-test/target/tmp"/>
    <property name="java.library.path" value="/usr/lib/jvm/java-1.8-openjdk/jre/lib/amd64/server:/usr/lib/jvm/java-1.8-openjdk/jre/lib/amd64:/usr/lib/jvm/java-1.8-openjdk/jre/../lib/amd64:/workdir/hadoop-ozone/integration-test/target/native/target/usr/local/lib:/workdir/hadoop-ozone/integration-test/../../hadoop-common-project/hadoop-common/target/native/target/usr/local/lib:/usr/java/packages/lib/amd64:/usr/lib64:/lib64:/lib:/usr/lib"/>
    <property name="java.vm.info" value="mixed mode"/>
    <property name="java.vendor" value="IcedTea"/>
    <property name="java.vm.version" value="25.212-b04"/>
    <property name="java.ext.dirs" value="/usr/lib/jvm/java-1.8-openjdk/jre/lib/ext:/usr/java/packages/lib/ext"/>
    <property name="sun.io.unicode.encoding" value="UnicodeLittle"/>
    <property name="java.class.version" value="52.0"/>
  </properties>
  <testcase name="testAutomaticPipelineCreationOnPipelineDestroy" classname="org.apache.hadoop.hdds.scm.pipeline.TestRatisPipelineCreateAndDestory" time="28.934"/>
  <testcase name="testPipelineCreationOnNodeRestart" classname="org.apache.hadoop.hdds.scm.pipeline.TestRatisPipelineCreateAndDestory" time="41.101">
    <error message="test timed out after 30000 milliseconds" type="java.lang.Exception">java.lang.Exception: test timed out after 30000 milliseconds
	at java.lang.Thread.sleep(Native Method)
	at org.apache.hadoop.test.GenericTestUtils.waitFor(GenericTestUtils.java:382)
	at org.apache.hadoop.hdds.scm.pipeline.TestRatisPipelineCreateAndDestory.waitForPipelines(TestRatisPipelineCreateAndDestory.java:126)
	at org.apache.hadoop.hdds.scm.pipeline.TestRatisPipelineCreateAndDestory.testPipelineCreationOnNodeRestart(TestRatisPipelineCreateAndDestory.java:121)
	at sun.reflect.NativeMethodAccessorImpl.invoke0(Native Method)
	at sun.reflect.NativeMethodAccessorImpl.invoke(NativeMethodAccessorImpl.java:62)
	at sun.reflect.DelegatingMethodAccessorImpl.invoke(DelegatingMethodAccessorImpl.java:43)
	at java.lang.reflect.Method.invoke(Method.java:498)
	at org.junit.runners.model.FrameworkMethod$1.runReflectiveCall(FrameworkMethod.java:47)
	at org.junit.internal.runners.model.ReflectiveCallable.run(ReflectiveCallable.java:12)
	at org.junit.runners.model.FrameworkMethod.invokeExplosively(FrameworkMethod.java:44)
	at org.junit.internal.runners.statements.InvokeMethod.evaluate(InvokeMethod.java:17)
	at org.junit.internal.runners.statements.FailOnTimeout$StatementThread.run(FailOnTimeout.java:74)
</error>
    <system-out><![CDATA[2019-08-21 08:27:12,798 WARN  server.ServerUtils (ServerUtils.java:getScmDbDir(145)) - ozone.scm.db.dirs is not configured. We recommend adding this setting. Falling back to ozone.metadata.dirs instead.
2019-08-21 08:27:12,838 WARN  server.ServerUtils (ServerUtils.java:getScmDbDir(145)) - ozone.scm.db.dirs is not configured. We recommend adding this setting. Falling back to ozone.metadata.dirs instead.
2019-08-21 08:27:12,838 WARN  server.ServerUtils (ServerUtils.java:getScmDbDir(145)) - ozone.scm.db.dirs is not configured. We recommend adding this setting. Falling back to ozone.metadata.dirs instead.
2019-08-21 08:27:12,839 INFO  db.DBStoreBuilder (DBStoreBuilder.java:addTable(110)) - using custom profile for table: deletedBlocks
2019-08-21 08:27:12,839 INFO  db.DBStoreBuilder (DBStoreBuilder.java:processTables(161)) - Using default column profile:DBProfile.DISK for Table:deletedBlocks
2019-08-21 08:27:12,839 INFO  db.DBStoreBuilder (DBStoreBuilder.java:addTable(110)) - using custom profile for table: validCerts
2019-08-21 08:27:12,840 INFO  db.DBStoreBuilder (DBStoreBuilder.java:processTables(161)) - Using default column profile:DBProfile.DISK for Table:validCerts
2019-08-21 08:27:12,840 INFO  db.DBStoreBuilder (DBStoreBuilder.java:addTable(110)) - using custom profile for table: revokedCerts
2019-08-21 08:27:12,840 INFO  db.DBStoreBuilder (DBStoreBuilder.java:processTables(161)) - Using default column profile:DBProfile.DISK for Table:revokedCerts
2019-08-21 08:27:12,840 INFO  db.DBStoreBuilder (DBStoreBuilder.java:addTable(110)) - using custom profile for table: default
2019-08-21 08:27:12,841 INFO  db.DBStoreBuilder (DBStoreBuilder.java:processTables(167)) - Using default column profile:DBProfile.DISK for Table:default
2019-08-21 08:27:12,841 INFO  db.DBStoreBuilder (DBStoreBuilder.java:getDbProfile(198)) - Using default options. DBProfile.DISK
2019-08-21 08:27:13,807 INFO  net.NodeSchemaLoader (NodeSchemaLoader.java:loadSchemaFromFile(125)) - Loading file from sun.misc.CompoundEnumeration@26548fb6
2019-08-21 08:27:13,807 INFO  net.NodeSchemaLoader (NodeSchemaLoader.java:loadSchema(171)) - Loading network topology layer schema file
2019-08-21 08:27:13,814 INFO  node.SCMNodeManager (SCMNodeManager.java:<init>(114)) - Entering startup safe mode.
2019-08-21 08:27:13,815 WARN  server.ServerUtils (ServerUtils.java:getScmDbDir(145)) - ozone.scm.db.dirs is not configured. We recommend adding this setting. Falling back to ozone.metadata.dirs instead.
2019-08-21 08:27:13,888 INFO  pipeline.SCMPipelineManager (SCMPipelineManager.java:initializePipelineState(126)) - No pipeline exists in current db
2019-08-21 08:27:13,888 WARN  server.ServerUtils (ServerUtils.java:getScmDbDir(145)) - ozone.scm.db.dirs is not configured. We recommend adding this setting. Falling back to ozone.metadata.dirs instead.
2019-08-21 08:27:13,976 WARN  events.EventQueue (EventQueue.java:fireEvent(183)) - No event handler registered for event TypedEvent{payloadType=SafeModeStatus, name='SafeModeStatus'}
2019-08-21 08:27:13,977 INFO  ipc.CallQueueManager (CallQueueManager.java:<init>(84)) - Using callQueue: class java.util.concurrent.LinkedBlockingQueue, queueCapacity: 2000, scheduler: class org.apache.hadoop.ipc.DefaultRpcScheduler, ipcBackoff: false.
2019-08-21 08:27:13,978 INFO  ipc.Server (Server.java:run(1074)) - Starting Socket Reader #1 for port 36438
2019-08-21 08:27:13,981 INFO  ipc.CallQueueManager (CallQueueManager.java:<init>(84)) - Using callQueue: class java.util.concurrent.LinkedBlockingQueue, queueCapacity: 2000, scheduler: class org.apache.hadoop.ipc.DefaultRpcScheduler, ipcBackoff: false.
2019-08-21 08:27:13,981 INFO  ipc.Server (Server.java:run(1074)) - Starting Socket Reader #1 for port 46823
2019-08-21 08:27:13,983 INFO  ipc.CallQueueManager (CallQueueManager.java:<init>(84)) - Using callQueue: class java.util.concurrent.LinkedBlockingQueue, queueCapacity: 2000, scheduler: class org.apache.hadoop.ipc.DefaultRpcScheduler, ipcBackoff: false.
2019-08-21 08:27:13,984 INFO  ipc.Server (Server.java:run(1074)) - Starting Socket Reader #1 for port 39587
2019-08-21 08:27:13,987 INFO  hdfs.DFSUtil (DFSUtil.java:httpServerTemplateForNNAndJN(1641)) - Starting Web-server for scm at: http://0.0.0.0:0
2019-08-21 08:27:13,990 INFO  server.AuthenticationFilter (AuthenticationFilter.java:constructSecretProvider(240)) - Unable to initialize FileSignerSecretProvider, falling back to use random secrets.
2019-08-21 08:27:13,991 WARN  http.HttpRequestLog (HttpRequestLog.java:getRequestLog(97)) - Jetty request log can only be enabled using Log4j
2019-08-21 08:27:13,994 INFO  http.HttpServer2 (HttpServer2.java:addGlobalFilter(975)) - Added global filter 'safety' (class=org.apache.hadoop.http.HttpServer2$QuotingInputFilter)
2019-08-21 08:27:13,995 INFO  http.HttpServer2 (HttpServer2.java:addFilter(948)) - Added filter static_user_filter (class=org.apache.hadoop.http.lib.StaticUserWebFilter$StaticUserFilter) to context scm
2019-08-21 08:27:13,995 INFO  http.HttpServer2 (HttpServer2.java:addFilter(958)) - Added filter static_user_filter (class=org.apache.hadoop.http.lib.StaticUserWebFilter$StaticUserFilter) to context static
2019-08-21 08:27:13,995 INFO  http.HttpServer2 (HttpServer2.java:addFilter(958)) - Added filter static_user_filter (class=org.apache.hadoop.http.lib.StaticUserWebFilter$StaticUserFilter) to context logs
2019-08-21 08:27:13,999 INFO  server.StorageContainerManager (StorageContainerManager.java:start(758)) - StorageContainerLocationProtocol RPC server is listening at /0.0.0.0:39587
2019-08-21 08:27:14,002 WARN  impl.MetricsConfig (MetricsConfig.java:loadFirst(134)) - Cannot locate configuration: tried hadoop-metrics2-storagecontainermanager.properties,hadoop-metrics2.properties
2019-08-21 08:27:14,003 INFO  impl.MetricsSystemImpl (MetricsSystemImpl.java:startTimer(374)) - Scheduled Metric snapshot period at 10 second(s).
2019-08-21 08:27:14,003 INFO  impl.MetricsSystemImpl (MetricsSystemImpl.java:start(191)) - StorageContainerManager metrics system started
2019-08-21 08:27:14,035 WARN  impl.MetricsSystemImpl (MetricsSystemImpl.java:register(276)) - Sink prometheus already exists!
2019-08-21 08:27:14,054 INFO  server.SCMClientProtocolServer (SCMClientProtocolServer.java:start(151)) - RPC server for Client  is listening at /0.0.0.0:39587
2019-08-21 08:27:14,054 INFO  ipc.Server (Server.java:run(1314)) - IPC Server Responder: starting
2019-08-21 08:27:14,054 INFO  ipc.Server (Server.java:run(1153)) - IPC Server listener on 39587: starting
2019-08-21 08:27:14,058 INFO  server.StorageContainerManager (StorageContainerManager.java:start(768)) - ScmBlockLocationProtocol RPC server is listening at /0.0.0.0:46823
2019-08-21 08:27:14,059 INFO  server.SCMBlockProtocolServer (SCMBlockProtocolServer.java:start(146)) - RPC server for Block Protocol is listening at /0.0.0.0:46823
2019-08-21 08:27:14,060 INFO  ipc.Server (Server.java:run(1314)) - IPC Server Responder: starting
2019-08-21 08:27:14,060 INFO  ipc.Server (Server.java:run(1153)) - IPC Server listener on 46823: starting
2019-08-21 08:27:14,064 INFO  server.StorageContainerManager (StorageContainerManager.java:start(772)) - ScmDatanodeProtocl RPC server is listening at /0.0.0.0:36438
2019-08-21 08:27:14,064 INFO  server.SCMDatanodeProtocolServer (SCMDatanodeProtocolServer.java:start(191)) - RPC server for DataNodes is listening at /0.0.0.0:36438
2019-08-21 08:27:14,065 INFO  ipc.Server (Server.java:run(1314)) - IPC Server Responder: starting
2019-08-21 08:27:14,065 INFO  ipc.Server (Server.java:run(1153)) - IPC Server listener on 36438: starting
2019-08-21 08:27:14,069 INFO  http.HttpServer2 (HttpServer2.java:bindListener(1191)) - Jetty bound to port 43546
2019-08-21 08:27:14,069 INFO  server.Server (Server.java:doStart(351)) - jetty-9.3.24.v20180605, build timestamp: 2018-06-05T17:11:56Z, git hash: 84205aa28f11a4f31f2a3b86d1bba2cc8ab69827
2019-08-21 08:27:14,072 INFO  handler.ContextHandler (ContextHandler.java:doStart(781)) - Started o.e.j.s.ServletContextHandler@7c6015de{/logs,file:///workdir/hadoop-ozone/integration-test/target/log,AVAILABLE}
2019-08-21 08:27:14,073 INFO  handler.ContextHandler (ContextHandler.java:doStart(781)) - Started o.e.j.s.ServletContextHandler@2adb0238{/static,file:///workdir/hadoop-ozone/integration-test/target/test-classes/webapps/static,AVAILABLE}
2019-08-21 08:27:14,079 INFO  handler.ContextHandler (ContextHandler.java:doStart(781)) - Started o.e.j.w.WebAppContext@42d687ae{/,file:///workdir/hadoop-ozone/integration-test/target/test-classes/webapps/scm/,AVAILABLE}{/scm}
2019-08-21 08:27:14,079 INFO  server.AbstractConnector (AbstractConnector.java:doStart(278)) - Started ServerConnector@2e1d7f5d{HTTP/1.1,[http/1.1]}{0.0.0.0:43546}
2019-08-21 08:27:14,080 INFO  server.Server (Server.java:doStart(419)) - Started @30871ms
2019-08-21 08:27:14,080 WARN  impl.MetricsSystemImpl (MetricsSystemImpl.java:register(276)) - Sink prometheus already exists!
2019-08-21 08:27:14,081 INFO  server.BaseHttpServer (BaseHttpServer.java:updateConnectorAddress(215)) - HTTP server of SCM is listening at http://0.0.0.0:43546
2019-08-21 08:27:14,082 WARN  server.ServerUtils (ServerUtils.java:getDBPath(222)) - ozone.om.db.dirs is not configured. We recommend adding this setting. Falling back to ozone.metadata.dirs instead.
2019-08-21 08:27:14,083 INFO  util.JvmPauseMonitor (JvmPauseMonitor.java:run(188)) - Starting JVM pause monitor
2019-08-21 08:27:14,101 WARN  server.ServerUtils (ServerUtils.java:getDBPath(222)) - ozone.om.db.dirs is not configured. We recommend adding this setting. Falling back to ozone.metadata.dirs instead.
2019-08-21 08:27:14,101 WARN  server.ServerUtils (ServerUtils.java:getDBPath(222)) - ozone.om.db.dirs is not configured. We recommend adding this setting. Falling back to ozone.metadata.dirs instead.
2019-08-21 08:27:14,102 INFO  om.OzoneManager (OzoneManager.java:setOMNodeDetails(654)) - OM Service ID is not set. Setting it to the default ID: omServiceIdDefault
2019-08-21 08:27:14,102 INFO  om.OzoneManager (OzoneManager.java:setOMNodeDetails(660)) - OM Node ID is not set. Setting it to the OmStorage's OmID: 67e95124-074c-45a6-b97b-ec3ee5428993
2019-08-21 08:27:14,102 INFO  om.OzoneManager (OzoneManager.java:loadOMHAConfigs(611)) - Found matching OM address with OMServiceId: null, OMNodeId: null, RPC Address: localhost:0 and Ratis port: 9872
2019-08-21 08:27:14,111 WARN  server.ServerUtils (ServerUtils.java:getDBPath(222)) - ozone.om.db.dirs is not configured. We recommend adding this setting. Falling back to ozone.metadata.dirs instead.
2019-08-21 08:27:14,111 INFO  db.DBStoreBuilder (DBStoreBuilder.java:addTable(110)) - using custom profile for table: userTable
2019-08-21 08:27:14,112 INFO  db.DBStoreBuilder (DBStoreBuilder.java:processTables(161)) - Using default column profile:DBProfile.DISK for Table:userTable
2019-08-21 08:27:14,112 INFO  db.DBStoreBuilder (DBStoreBuilder.java:addTable(110)) - using custom profile for table: volumeTable
2019-08-21 08:27:14,112 INFO  db.DBStoreBuilder (DBStoreBuilder.java:processTables(161)) - Using default column profile:DBProfile.DISK for Table:volumeTable
2019-08-21 08:27:14,113 INFO  db.DBStoreBuilder (DBStoreBuilder.java:addTable(110)) - using custom profile for table: bucketTable
2019-08-21 08:27:14,113 INFO  db.DBStoreBuilder (DBStoreBuilder.java:processTables(161)) - Using default column profile:DBProfile.DISK for Table:bucketTable
2019-08-21 08:27:14,113 INFO  db.DBStoreBuilder (DBStoreBuilder.java:addTable(110)) - using custom profile for table: keyTable
2019-08-21 08:27:14,113 INFO  db.DBStoreBuilder (DBStoreBuilder.java:processTables(161)) - Using default column profile:DBProfile.DISK for Table:keyTable
2019-08-21 08:27:14,114 INFO  db.DBStoreBuilder (DBStoreBuilder.java:addTable(110)) - using custom profile for table: deletedTable
2019-08-21 08:27:14,114 INFO  db.DBStoreBuilder (DBStoreBuilder.java:processTables(161)) - Using default column profile:DBProfile.DISK for Table:deletedTable
2019-08-21 08:27:14,114 INFO  db.DBStoreBuilder (DBStoreBuilder.java:addTable(110)) - using custom profile for table: openKeyTable
2019-08-21 08:27:14,114 INFO  db.DBStoreBuilder (DBStoreBuilder.java:processTables(161)) - Using default column profile:DBProfile.DISK for Table:openKeyTable
2019-08-21 08:27:14,115 INFO  db.DBStoreBuilder (DBStoreBuilder.java:addTable(110)) - using custom profile for table: s3Table
2019-08-21 08:27:14,115 INFO  db.DBStoreBuilder (DBStoreBuilder.java:processTables(161)) - Using default column profile:DBProfile.DISK for Table:s3Table
2019-08-21 08:27:14,115 INFO  db.DBStoreBuilder (DBStoreBuilder.java:addTable(110)) - using custom profile for table: multipartInfoTable
2019-08-21 08:27:14,115 INFO  db.DBStoreBuilder (DBStoreBuilder.java:processTables(161)) - Using default column profile:DBProfile.DISK for Table:multipartInfoTable
2019-08-21 08:27:14,116 INFO  db.DBStoreBuilder (DBStoreBuilder.java:addTable(110)) - using custom profile for table: dTokenTable
2019-08-21 08:27:14,116 INFO  db.DBStoreBuilder (DBStoreBuilder.java:processTables(161)) - Using default column profile:DBProfile.DISK for Table:dTokenTable
2019-08-21 08:27:14,116 INFO  db.DBStoreBuilder (DBStoreBuilder.java:addTable(110)) - using custom profile for table: s3SecretTable
2019-08-21 08:27:14,116 INFO  db.DBStoreBuilder (DBStoreBuilder.java:processTables(161)) - Using default column profile:DBProfile.DISK for Table:s3SecretTable
2019-08-21 08:27:14,117 INFO  db.DBStoreBuilder (DBStoreBuilder.java:addTable(110)) - using custom profile for table: prefixTable
2019-08-21 08:27:14,117 INFO  db.DBStoreBuilder (DBStoreBuilder.java:processTables(161)) - Using default column profile:DBProfile.DISK for Table:prefixTable
2019-08-21 08:27:14,117 INFO  db.DBStoreBuilder (DBStoreBuilder.java:addTable(110)) - using custom profile for table: default
2019-08-21 08:27:14,117 INFO  db.DBStoreBuilder (DBStoreBuilder.java:processTables(167)) - Using default column profile:DBProfile.DISK for Table:default
2019-08-21 08:27:14,118 INFO  db.DBStoreBuilder (DBStoreBuilder.java:getDbProfile(198)) - Using default options. DBProfile.DISK
2019-08-21 08:27:17,545 INFO  ipc.CallQueueManager (CallQueueManager.java:<init>(84)) - Using callQueue: class java.util.concurrent.LinkedBlockingQueue, queueCapacity: 2000, scheduler: class org.apache.hadoop.ipc.DefaultRpcScheduler, ipcBackoff: false.
2019-08-21 08:27:17,546 INFO  ipc.Server (Server.java:run(1074)) - Starting Socket Reader #1 for port 32991
2019-08-21 08:27:17,560 INFO  om.OzoneManager (OzoneManager.java:start(1268)) - OzoneManager RPC server is listening at localhost/127.0.0.1:32991
2019-08-21 08:27:17,561 INFO  impl.MetricsSystemImpl (MetricsSystemImpl.java:init(158)) - OzoneManager metrics system started (again)
2019-08-21 08:27:17,561 INFO  ipc.Server (Server.java:run(1314)) - IPC Server Responder: starting
2019-08-21 08:27:17,562 INFO  ipc.Server (Server.java:run(1153)) - IPC Server listener on 32991: starting
2019-08-21 08:27:17,566 INFO  hdfs.DFSUtil (DFSUtil.java:httpServerTemplateForNNAndJN(1641)) - Starting Web-server for ozoneManager at: http://0.0.0.0:0
2019-08-21 08:27:17,569 INFO  server.AuthenticationFilter (AuthenticationFilter.java:constructSecretProvider(240)) - Unable to initialize FileSignerSecretProvider, falling back to use random secrets.
2019-08-21 08:27:17,569 WARN  http.HttpRequestLog (HttpRequestLog.java:getRequestLog(97)) - Jetty request log can only be enabled using Log4j
2019-08-21 08:27:17,572 INFO  http.HttpServer2 (HttpServer2.java:addGlobalFilter(975)) - Added global filter 'safety' (class=org.apache.hadoop.http.HttpServer2$QuotingInputFilter)
2019-08-21 08:27:17,573 INFO  http.HttpServer2 (HttpServer2.java:addFilter(948)) - Added filter static_user_filter (class=org.apache.hadoop.http.lib.StaticUserWebFilter$StaticUserFilter) to context ozoneManager
2019-08-21 08:27:17,573 INFO  http.HttpServer2 (HttpServer2.java:addFilter(958)) - Added filter static_user_filter (class=org.apache.hadoop.http.lib.StaticUserWebFilter$StaticUserFilter) to context logs
2019-08-21 08:27:17,574 INFO  http.HttpServer2 (HttpServer2.java:addFilter(958)) - Added filter static_user_filter (class=org.apache.hadoop.http.lib.StaticUserWebFilter$StaticUserFilter) to context static
2019-08-21 08:27:17,575 INFO  http.HttpServer2 (HttpServer2.java:bindListener(1191)) - Jetty bound to port 43300
2019-08-21 08:27:17,575 INFO  server.Server (Server.java:doStart(351)) - jetty-9.3.24.v20180605, build timestamp: 2018-06-05T17:11:56Z, git hash: 84205aa28f11a4f31f2a3b86d1bba2cc8ab69827
2019-08-21 08:27:17,578 INFO  handler.ContextHandler (ContextHandler.java:doStart(781)) - Started o.e.j.s.ServletContextHandler@a5f84ce{/logs,file:///workdir/hadoop-ozone/integration-test/target/log,AVAILABLE}
2019-08-21 08:27:17,578 INFO  handler.ContextHandler (ContextHandler.java:doStart(781)) - Started o.e.j.s.ServletContextHandler@2f5756d5{/static,file:///workdir/hadoop-ozone/integration-test/target/test-classes/webapps/static,AVAILABLE}
2019-08-21 08:27:17,586 INFO  handler.ContextHandler (ContextHandler.java:doStart(781)) - Started o.e.j.w.WebAppContext@21d26097{/,file:///workdir/hadoop-ozone/integration-test/target/test-classes/webapps/ozoneManager/,AVAILABLE}{/ozoneManager}
2019-08-21 08:27:17,587 INFO  server.AbstractConnector (AbstractConnector.java:doStart(278)) - Started ServerConnector@69247037{HTTP/1.1,[http/1.1]}{0.0.0.0:43300}
2019-08-21 08:27:17,587 INFO  server.Server (Server.java:doStart(419)) - Started @34378ms
2019-08-21 08:27:17,587 WARN  impl.MetricsSystemImpl (MetricsSystemImpl.java:register(276)) - Sink prometheus already exists!
2019-08-21 08:27:17,588 INFO  server.BaseHttpServer (BaseHttpServer.java:updateConnectorAddress(215)) - HTTP server of OZONEMANAGER is listening at http://0.0.0.0:43300
2019-08-21 08:27:17,601 INFO  impl.MetricsSystemImpl (MetricsSystemImpl.java:init(158)) - HddsDatanode metrics system started (again)
2019-08-21 08:27:17,604 INFO  ozone.HddsDatanodeService (HddsDatanodeService.java:start(184)) - HddsDatanodeService host:pr-hdds-1935-z5xc5-3809828402 ip:192.168.69.73
2019-08-21 08:27:17,610 INFO  volume.HddsVolume (HddsVolume.java:<init>(176)) - Creating Volume: /workdir/hadoop-ozone/integration-test/target/test-dir/MiniOzoneClusterImpl-58c37d08-4f2b-4349-a02b-45cd945bf2f6/datanode-0/data/containers/hdds of  storage type : DISK and capacity : 1482555576320
2019-08-21 08:27:17,611 INFO  volume.VolumeSet (VolumeSet.java:initializeVolumeSet(170)) - Added Volume : /workdir/hadoop-ozone/integration-test/target/test-dir/MiniOzoneClusterImpl-58c37d08-4f2b-4349-a02b-45cd945bf2f6/datanode-0/data/containers/hdds to VolumeSet
2019-08-21 08:27:17,611 INFO  volume.ThrottledAsyncChecker (ThrottledAsyncChecker.java:schedule(140)) - Scheduling a check for org.apache.hadoop.ozone.container.common.volume.HddsVolume@2c821984
2019-08-21 08:27:17,611 INFO  volume.HddsVolumeChecker (HddsVolumeChecker.java:checkAllVolumes(203)) - Scheduled health check for volume org.apache.hadoop.ozone.container.common.volume.HddsVolume@2c821984
2019-08-21 08:27:17,633 INFO  impl.RaftServerProxy (ConfUtils.java:logGet(43)) - raft.rpc.type = GRPC (default)
2019-08-21 08:27:17,633 INFO  grpc.GrpcFactory (GrpcFactory.java:checkPooledByteBufAllocatorUseCacheForAllThreads(45)) - PERFORMANCE WARNING: useCacheForAllThreads is true that may cause Netty to create a lot garbage objects and, as a result, trigger GC.
	It is recommended to disable useCacheForAllThreads by setting -Dorg.apache.ratis.thirdparty.io.netty.allocator.useCacheForAllThreads=false in command line.
2019-08-21 08:27:17,634 INFO  grpc.GrpcConfigKeys$Server (ConfUtils.java:logGet(43)) - raft.grpc.server.port = 0 (default)
2019-08-21 08:27:17,634 INFO  server.GrpcService (ConfUtils.java:logGet(43)) - raft.grpc.message.size.max = 33570816 (custom)
2019-08-21 08:27:17,634 INFO  server.RaftServerConfigKeys (ConfUtils.java:logGet(43)) - raft.server.log.appender.buffer.byte-limit = 33554432 (custom)
2019-08-21 08:27:17,634 INFO  server.GrpcService (ConfUtils.java:logGet(43)) - raft.grpc.flow.control.window = 1MB (=1048576) (default)
2019-08-21 08:27:17,634 INFO  server.RaftServerConfigKeys (ConfUtils.java:logGet(43)) - raft.server.rpc.request.timeout = 3000ms (default)
2019-08-21 08:27:17,635 INFO  server.RaftServerConfigKeys (ConfUtils.java:logGet(43)) - raft.server.storage.dir = [/workdir/hadoop-ozone/integration-test/target/test-dir/MiniOzoneClusterImpl-58c37d08-4f2b-4349-a02b-45cd945bf2f6/datanode-0/data/ratis] (custom)
2019-08-21 08:27:17,636 INFO  replication.SimpleContainerDownloader (SimpleContainerDownloader.java:<init>(72)) - Starting container downloader service to copy containers to replicate.
2019-08-21 08:27:17,638 INFO  hdfs.DFSUtil (DFSUtil.java:httpServerTemplateForNNAndJN(1641)) - Starting Web-server for hddsDatanode at: http://0.0.0.0:0
2019-08-21 08:27:17,640 INFO  server.AuthenticationFilter (AuthenticationFilter.java:constructSecretProvider(240)) - Unable to initialize FileSignerSecretProvider, falling back to use random secrets.
2019-08-21 08:27:17,640 WARN  http.HttpRequestLog (HttpRequestLog.java:getRequestLog(97)) - Jetty request log can only be enabled using Log4j
2019-08-21 08:27:17,641 INFO  http.HttpServer2 (HttpServer2.java:addGlobalFilter(975)) - Added global filter 'safety' (class=org.apache.hadoop.http.HttpServer2$QuotingInputFilter)
2019-08-21 08:27:17,642 INFO  http.HttpServer2 (HttpServer2.java:addFilter(948)) - Added filter static_user_filter (class=org.apache.hadoop.http.lib.StaticUserWebFilter$StaticUserFilter) to context hddsDatanode
2019-08-21 08:27:17,642 INFO  http.HttpServer2 (HttpServer2.java:addFilter(958)) - Added filter static_user_filter (class=org.apache.hadoop.http.lib.StaticUserWebFilter$StaticUserFilter) to context static
2019-08-21 08:27:17,642 INFO  http.HttpServer2 (HttpServer2.java:addFilter(958)) - Added filter static_user_filter (class=org.apache.hadoop.http.lib.StaticUserWebFilter$StaticUserFilter) to context logs
2019-08-21 08:27:17,643 INFO  http.HttpServer2 (HttpServer2.java:bindListener(1191)) - Jetty bound to port 41197
2019-08-21 08:27:17,643 INFO  server.Server (Server.java:doStart(351)) - jetty-9.3.24.v20180605, build timestamp: 2018-06-05T17:11:56Z, git hash: 84205aa28f11a4f31f2a3b86d1bba2cc8ab69827
2019-08-21 08:27:17,645 INFO  handler.ContextHandler (ContextHandler.java:doStart(781)) - Started o.e.j.s.ServletContextHandler@4680b6d9{/logs,file:///workdir/hadoop-ozone/integration-test/target/log,AVAILABLE}
2019-08-21 08:27:17,645 INFO  handler.ContextHandler (ContextHandler.java:doStart(781)) - Started o.e.j.s.ServletContextHandler@783502e3{/static,jar:file:/home/user/.m2/repository/org/apache/hadoop/hadoop-hdds-container-service/0.5.0-SNAPSHOT/hadoop-hdds-container-service-0.5.0-SNAPSHOT.jar!/webapps/static,AVAILABLE}
2019-08-21 08:27:17,675 INFO  handler.ContextHandler (ContextHandler.java:doStart(781)) - Started o.e.j.w.WebAppContext@65cc4c6{/,file:///tmp/jetty-0.0.0.0-41197-hddsDatanode-_-any-1055575126185900315.dir/webapp/,AVAILABLE}{/hddsDatanode}
2019-08-21 08:27:17,676 INFO  server.AbstractConnector (AbstractConnector.java:doStart(278)) - Started ServerConnector@68837d2d{HTTP/1.1,[http/1.1]}{0.0.0.0:41197}
2019-08-21 08:27:17,677 INFO  server.Server (Server.java:doStart(419)) - Started @34467ms
2019-08-21 08:27:17,677 WARN  impl.MetricsSystemImpl (MetricsSystemImpl.java:register(276)) - Sink prometheus already exists!
2019-08-21 08:27:17,678 INFO  server.BaseHttpServer (BaseHttpServer.java:updateConnectorAddress(215)) - HTTP server of HDDSDATANODE is listening at http://0.0.0.0:41197
2019-08-21 08:27:17,864 INFO  ozone.HddsDatanodeService (HddsDatanodeService.java:startPlugins(395)) - Started plug-in org.apache.hadoop.ozone.web.OzoneHddsDatanodeService@52746bca
2019-08-21 08:27:17,865 INFO  impl.MetricsSystemImpl (MetricsSystemImpl.java:init(158)) - HddsDatanode metrics system started (again)
2019-08-21 08:27:17,868 INFO  util.JvmPauseMonitor (JvmPauseMonitor.java:run(188)) - Starting JVM pause monitor
2019-08-21 08:27:17,869 INFO  ozone.HddsDatanodeService (HddsDatanodeService.java:start(184)) - HddsDatanodeService host:pr-hdds-1935-z5xc5-3809828402 ip:192.168.69.73
2019-08-21 08:27:17,871 INFO  datanode.InitDatanodeState (InitDatanodeState.java:persistContainerDatanodeDetails(140)) - DatanodeDetails is persisted to /workdir/hadoop-ozone/integration-test/target/test-dir/MiniOzoneClusterImpl-58c37d08-4f2b-4349-a02b-45cd945bf2f6/datanode-0/meta/datanode.id
2019-08-21 08:27:17,876 INFO  volume.HddsVolume (HddsVolume.java:<init>(176)) - Creating Volume: /workdir/hadoop-ozone/integration-test/target/test-dir/MiniOzoneClusterImpl-58c37d08-4f2b-4349-a02b-45cd945bf2f6/datanode-1/data/containers/hdds of  storage type : DISK and capacity : 1482555576320
2019-08-21 08:27:17,876 INFO  volume.VolumeSet (VolumeSet.java:initializeVolumeSet(170)) - Added Volume : /workdir/hadoop-ozone/integration-test/target/test-dir/MiniOzoneClusterImpl-58c37d08-4f2b-4349-a02b-45cd945bf2f6/datanode-1/data/containers/hdds to VolumeSet
2019-08-21 08:27:17,877 INFO  volume.ThrottledAsyncChecker (ThrottledAsyncChecker.java:schedule(140)) - Scheduling a check for org.apache.hadoop.ozone.container.common.volume.HddsVolume@57209928
2019-08-21 08:27:17,877 INFO  volume.HddsVolumeChecker (HddsVolumeChecker.java:checkAllVolumes(203)) - Scheduled health check for volume org.apache.hadoop.ozone.container.common.volume.HddsVolume@57209928
2019-08-21 08:27:17,900 INFO  impl.RaftServerProxy (ConfUtils.java:logGet(43)) - raft.rpc.type = GRPC (default)
2019-08-21 08:27:17,901 INFO  grpc.GrpcFactory (GrpcFactory.java:checkPooledByteBufAllocatorUseCacheForAllThreads(45)) - PERFORMANCE WARNING: useCacheForAllThreads is true that may cause Netty to create a lot garbage objects and, as a result, trigger GC.
	It is recommended to disable useCacheForAllThreads by setting -Dorg.apache.ratis.thirdparty.io.netty.allocator.useCacheForAllThreads=false in command line.
2019-08-21 08:27:17,901 INFO  grpc.GrpcConfigKeys$Server (ConfUtils.java:logGet(43)) - raft.grpc.server.port = 0 (default)
2019-08-21 08:27:17,901 INFO  server.GrpcService (ConfUtils.java:logGet(43)) - raft.grpc.message.size.max = 33570816 (custom)
2019-08-21 08:27:17,901 INFO  server.RaftServerConfigKeys (ConfUtils.java:logGet(43)) - raft.server.log.appender.buffer.byte-limit = 33554432 (custom)
2019-08-21 08:27:17,902 INFO  server.GrpcService (ConfUtils.java:logGet(43)) - raft.grpc.flow.control.window = 1MB (=1048576) (default)
2019-08-21 08:27:17,902 INFO  server.RaftServerConfigKeys (ConfUtils.java:logGet(43)) - raft.server.rpc.request.timeout = 3000ms (default)
2019-08-21 08:27:17,903 INFO  server.RaftServerConfigKeys (ConfUtils.java:logGet(43)) - raft.server.storage.dir = [/workdir/hadoop-ozone/integration-test/target/test-dir/MiniOzoneClusterImpl-58c37d08-4f2b-4349-a02b-45cd945bf2f6/datanode-1/data/ratis] (custom)
2019-08-21 08:27:17,904 INFO  replication.SimpleContainerDownloader (SimpleContainerDownloader.java:<init>(72)) - Starting container downloader service to copy containers to replicate.
2019-08-21 08:27:17,905 INFO  hdfs.DFSUtil (DFSUtil.java:httpServerTemplateForNNAndJN(1641)) - Starting Web-server for hddsDatanode at: http://0.0.0.0:0
2019-08-21 08:27:17,907 INFO  server.AuthenticationFilter (AuthenticationFilter.java:constructSecretProvider(240)) - Unable to initialize FileSignerSecretProvider, falling back to use random secrets.
2019-08-21 08:27:17,908 WARN  http.HttpRequestLog (HttpRequestLog.java:getRequestLog(97)) - Jetty request log can only be enabled using Log4j
2019-08-21 08:27:17,910 INFO  http.HttpServer2 (HttpServer2.java:addGlobalFilter(975)) - Added global filter 'safety' (class=org.apache.hadoop.http.HttpServer2$QuotingInputFilter)
2019-08-21 08:27:17,910 INFO  http.HttpServer2 (HttpServer2.java:addFilter(948)) - Added filter static_user_filter (class=org.apache.hadoop.http.lib.StaticUserWebFilter$StaticUserFilter) to context hddsDatanode
2019-08-21 08:27:17,911 INFO  http.HttpServer2 (HttpServer2.java:addFilter(958)) - Added filter static_user_filter (class=org.apache.hadoop.http.lib.StaticUserWebFilter$StaticUserFilter) to context static
2019-08-21 08:27:17,911 INFO  http.HttpServer2 (HttpServer2.java:addFilter(958)) - Added filter static_user_filter (class=org.apache.hadoop.http.lib.StaticUserWebFilter$StaticUserFilter) to context logs
2019-08-21 08:27:17,912 INFO  http.HttpServer2 (HttpServer2.java:bindListener(1191)) - Jetty bound to port 45389
2019-08-21 08:27:17,912 INFO  server.Server (Server.java:doStart(351)) - jetty-9.3.24.v20180605, build timestamp: 2018-06-05T17:11:56Z, git hash: 84205aa28f11a4f31f2a3b86d1bba2cc8ab69827
2019-08-21 08:27:17,914 INFO  handler.ContextHandler (ContextHandler.java:doStart(781)) - Started o.e.j.s.ServletContextHandler@2f787dd5{/logs,file:///workdir/hadoop-ozone/integration-test/target/log,AVAILABLE}
2019-08-21 08:27:17,915 INFO  handler.ContextHandler (ContextHandler.java:doStart(781)) - Started o.e.j.s.ServletContextHandler@5c71fb92{/static,jar:file:/home/user/.m2/repository/org/apache/hadoop/hadoop-hdds-container-service/0.5.0-SNAPSHOT/hadoop-hdds-container-service-0.5.0-SNAPSHOT.jar!/webapps/static,AVAILABLE}
2019-08-21 08:27:17,945 INFO  handler.ContextHandler (ContextHandler.java:doStart(781)) - Started o.e.j.w.WebAppContext@6ddbdeb4{/,file:///tmp/jetty-0.0.0.0-45389-hddsDatanode-_-any-4170955568962094881.dir/webapp/,AVAILABLE}{/hddsDatanode}
2019-08-21 08:27:17,945 INFO  server.AbstractConnector (AbstractConnector.java:doStart(278)) - Started ServerConnector@7b61b5d2{HTTP/1.1,[http/1.1]}{0.0.0.0:45389}
2019-08-21 08:27:17,946 INFO  server.Server (Server.java:doStart(419)) - Started @34737ms
2019-08-21 08:27:17,946 WARN  impl.MetricsSystemImpl (MetricsSystemImpl.java:register(276)) - Sink prometheus already exists!
2019-08-21 08:27:17,947 INFO  server.BaseHttpServer (BaseHttpServer.java:updateConnectorAddress(215)) - HTTP server of HDDSDATANODE is listening at http://0.0.0.0:45389
2019-08-21 08:27:18,101 INFO  ozone.HddsDatanodeService (HddsDatanodeService.java:startPlugins(395)) - Started plug-in org.apache.hadoop.ozone.web.OzoneHddsDatanodeService@615177c3
2019-08-21 08:27:18,101 INFO  impl.MetricsSystemImpl (MetricsSystemImpl.java:init(158)) - HddsDatanode metrics system started (again)
2019-08-21 08:27:18,104 INFO  util.JvmPauseMonitor (JvmPauseMonitor.java:run(188)) - Starting JVM pause monitor
2019-08-21 08:27:18,105 INFO  ozone.HddsDatanodeService (HddsDatanodeService.java:start(184)) - HddsDatanodeService host:pr-hdds-1935-z5xc5-3809828402 ip:192.168.69.73
2019-08-21 08:27:18,106 INFO  datanode.InitDatanodeState (InitDatanodeState.java:persistContainerDatanodeDetails(140)) - DatanodeDetails is persisted to /workdir/hadoop-ozone/integration-test/target/test-dir/MiniOzoneClusterImpl-58c37d08-4f2b-4349-a02b-45cd945bf2f6/datanode-1/meta/datanode.id
2019-08-21 08:27:18,113 INFO  volume.HddsVolume (HddsVolume.java:<init>(176)) - Creating Volume: /workdir/hadoop-ozone/integration-test/target/test-dir/MiniOzoneClusterImpl-58c37d08-4f2b-4349-a02b-45cd945bf2f6/datanode-2/data/containers/hdds of  storage type : DISK and capacity : 1482555576320
2019-08-21 08:27:18,113 INFO  volume.VolumeSet (VolumeSet.java:initializeVolumeSet(170)) - Added Volume : /workdir/hadoop-ozone/integration-test/target/test-dir/MiniOzoneClusterImpl-58c37d08-4f2b-4349-a02b-45cd945bf2f6/datanode-2/data/containers/hdds to VolumeSet
2019-08-21 08:27:18,114 INFO  volume.ThrottledAsyncChecker (ThrottledAsyncChecker.java:schedule(140)) - Scheduling a check for org.apache.hadoop.ozone.container.common.volume.HddsVolume@212ba5ad
2019-08-21 08:27:18,114 INFO  volume.HddsVolumeChecker (HddsVolumeChecker.java:checkAllVolumes(203)) - Scheduled health check for volume org.apache.hadoop.ozone.container.common.volume.HddsVolume@212ba5ad
2019-08-21 08:27:18,132 INFO  impl.RaftServerProxy (ConfUtils.java:logGet(43)) - raft.rpc.type = GRPC (default)
2019-08-21 08:27:18,132 INFO  grpc.GrpcFactory (GrpcFactory.java:checkPooledByteBufAllocatorUseCacheForAllThreads(45)) - PERFORMANCE WARNING: useCacheForAllThreads is true that may cause Netty to create a lot garbage objects and, as a result, trigger GC.
	It is recommended to disable useCacheForAllThreads by setting -Dorg.apache.ratis.thirdparty.io.netty.allocator.useCacheForAllThreads=false in command line.
2019-08-21 08:27:18,132 INFO  grpc.GrpcConfigKeys$Server (ConfUtils.java:logGet(43)) - raft.grpc.server.port = 0 (default)
2019-08-21 08:27:18,132 INFO  server.GrpcService (ConfUtils.java:logGet(43)) - raft.grpc.message.size.max = 33570816 (custom)
2019-08-21 08:27:18,133 INFO  server.RaftServerConfigKeys (ConfUtils.java:logGet(43)) - raft.server.log.appender.buffer.byte-limit = 33554432 (custom)
2019-08-21 08:27:18,133 INFO  server.GrpcService (ConfUtils.java:logGet(43)) - raft.grpc.flow.control.window = 1MB (=1048576) (default)
2019-08-21 08:27:18,133 INFO  server.RaftServerConfigKeys (ConfUtils.java:logGet(43)) - raft.server.rpc.request.timeout = 3000ms (default)
2019-08-21 08:27:18,134 INFO  server.RaftServerConfigKeys (ConfUtils.java:logGet(43)) - raft.server.storage.dir = [/workdir/hadoop-ozone/integration-test/target/test-dir/MiniOzoneClusterImpl-58c37d08-4f2b-4349-a02b-45cd945bf2f6/datanode-2/data/ratis] (custom)
2019-08-21 08:27:18,134 INFO  replication.SimpleContainerDownloader (SimpleContainerDownloader.java:<init>(72)) - Starting container downloader service to copy containers to replicate.
2019-08-21 08:27:18,135 INFO  hdfs.DFSUtil (DFSUtil.java:httpServerTemplateForNNAndJN(1641)) - Starting Web-server for hddsDatanode at: http://0.0.0.0:0
2019-08-21 08:27:18,137 INFO  server.AuthenticationFilter (AuthenticationFilter.java:constructSecretProvider(240)) - Unable to initialize FileSignerSecretProvider, falling back to use random secrets.
2019-08-21 08:27:18,138 WARN  http.HttpRequestLog (HttpRequestLog.java:getRequestLog(97)) - Jetty request log can only be enabled using Log4j
2019-08-21 08:27:18,139 INFO  http.HttpServer2 (HttpServer2.java:addGlobalFilter(975)) - Added global filter 'safety' (class=org.apache.hadoop.http.HttpServer2$QuotingInputFilter)
2019-08-21 08:27:18,140 INFO  http.HttpServer2 (HttpServer2.java:addFilter(948)) - Added filter static_user_filter (class=org.apache.hadoop.http.lib.StaticUserWebFilter$StaticUserFilter) to context hddsDatanode
2019-08-21 08:27:18,140 INFO  http.HttpServer2 (HttpServer2.java:addFilter(958)) - Added filter static_user_filter (class=org.apache.hadoop.http.lib.StaticUserWebFilter$StaticUserFilter) to context logs
2019-08-21 08:27:18,140 INFO  http.HttpServer2 (HttpServer2.java:addFilter(958)) - Added filter static_user_filter (class=org.apache.hadoop.http.lib.StaticUserWebFilter$StaticUserFilter) to context static
2019-08-21 08:27:18,140 INFO  http.HttpServer2 (HttpServer2.java:bindListener(1191)) - Jetty bound to port 37103
2019-08-21 08:27:18,141 INFO  server.Server (Server.java:doStart(351)) - jetty-9.3.24.v20180605, build timestamp: 2018-06-05T17:11:56Z, git hash: 84205aa28f11a4f31f2a3b86d1bba2cc8ab69827
2019-08-21 08:27:18,142 INFO  handler.ContextHandler (ContextHandler.java:doStart(781)) - Started o.e.j.s.ServletContextHandler@1350f601{/logs,file:///workdir/hadoop-ozone/integration-test/target/log,AVAILABLE}
2019-08-21 08:27:18,143 INFO  handler.ContextHandler (ContextHandler.java:doStart(781)) - Started o.e.j.s.ServletContextHandler@22eb5630{/static,jar:file:/home/user/.m2/repository/org/apache/hadoop/hadoop-hdds-container-service/0.5.0-SNAPSHOT/hadoop-hdds-container-service-0.5.0-SNAPSHOT.jar!/webapps/static,AVAILABLE}
2019-08-21 08:27:18,171 INFO  handler.ContextHandler (ContextHandler.java:doStart(781)) - Started o.e.j.w.WebAppContext@25edf94f{/,file:///tmp/jetty-0.0.0.0-37103-hddsDatanode-_-any-6689435334276422813.dir/webapp/,AVAILABLE}{/hddsDatanode}
2019-08-21 08:27:18,173 INFO  server.AbstractConnector (AbstractConnector.java:doStart(278)) - Started ServerConnector@251233c4{HTTP/1.1,[http/1.1]}{0.0.0.0:37103}
2019-08-21 08:27:18,173 INFO  server.Server (Server.java:doStart(419)) - Started @34963ms
2019-08-21 08:27:18,173 WARN  impl.MetricsSystemImpl (MetricsSystemImpl.java:register(276)) - Sink prometheus already exists!
2019-08-21 08:27:18,174 INFO  server.BaseHttpServer (BaseHttpServer.java:updateConnectorAddress(215)) - HTTP server of HDDSDATANODE is listening at http://0.0.0.0:37103
2019-08-21 08:27:18,310 INFO  ozone.HddsDatanodeService (HddsDatanodeService.java:startPlugins(395)) - Started plug-in org.apache.hadoop.ozone.web.OzoneHddsDatanodeService@490579f1
2019-08-21 08:27:18,311 INFO  ozone.MiniOzoneClusterImpl (MiniOzoneClusterImpl.java:lambda$waitForClusterToBeReady$0(142)) - Waiting for cluster to be ready. Got 0 of 3 DN Heartbeats.
2019-08-21 08:27:18,314 INFO  util.JvmPauseMonitor (JvmPauseMonitor.java:run(188)) - Starting JVM pause monitor
2019-08-21 08:27:18,317 INFO  datanode.InitDatanodeState (InitDatanodeState.java:persistContainerDatanodeDetails(140)) - DatanodeDetails is persisted to /workdir/hadoop-ozone/integration-test/target/test-dir/MiniOzoneClusterImpl-58c37d08-4f2b-4349-a02b-45cd945bf2f6/datanode-2/meta/datanode.id
2019-08-21 08:27:19,312 INFO  ozone.MiniOzoneClusterImpl (MiniOzoneClusterImpl.java:lambda$waitForClusterToBeReady$0(142)) - Waiting for cluster to be ready. Got 0 of 3 DN Heartbeats.
2019-08-21 08:27:19,880 INFO  ozoneimpl.OzoneContainer (OzoneContainer.java:start(186)) - Attempting to start container services.
2019-08-21 08:27:19,882 INFO  ozoneimpl.OzoneContainer (OzoneContainer.java:startContainerScrub(160)) - Background container scrubber has been disabled by hdds.containerscrub.enabled
2019-08-21 08:27:19,882 INFO  ratis.XceiverServerRatis (XceiverServerRatis.java:start(404)) - Starting XceiverServerRatis 42c3f630-5831-4e96-a05e-adaa7bd4e131 at port 0
2019-08-21 08:27:19,887 INFO  impl.RaftServerProxy (RaftServerProxy.java:lambda$start$3(299)) - 42c3f630-5831-4e96-a05e-adaa7bd4e131: start RPC server
2019-08-21 08:27:19,889 INFO  server.GrpcService (GrpcService.java:startImpl(149)) - 42c3f630-5831-4e96-a05e-adaa7bd4e131: GrpcService started, listening on 0.0.0.0/0.0.0.0:35079
2019-08-21 08:27:19,890 INFO  ratis.XceiverServerRatis (XceiverServerRatis.java:start(414)) - XceiverServerRatis 42c3f630-5831-4e96-a05e-adaa7bd4e131 is started using port 35079
2019-08-21 08:27:19,890 INFO  server.XceiverServerGrpc (XceiverServerGrpc.java:start(161)) - XceiverServerGrpc 42c3f630-5831-4e96-a05e-adaa7bd4e131 is started using port 44886
2019-08-21 08:27:20,110 INFO  ozoneimpl.OzoneContainer (OzoneContainer.java:start(186)) - Attempting to start container services.
2019-08-21 08:27:20,112 INFO  ozoneimpl.OzoneContainer (OzoneContainer.java:startContainerScrub(160)) - Background container scrubber has been disabled by hdds.containerscrub.enabled
2019-08-21 08:27:20,112 INFO  ratis.XceiverServerRatis (XceiverServerRatis.java:start(404)) - Starting XceiverServerRatis 671de8ea-03b0-4027-b943-f04fd917b6dd at port 0
2019-08-21 08:27:20,119 INFO  impl.RaftServerProxy (RaftServerProxy.java:lambda$start$3(299)) - 671de8ea-03b0-4027-b943-f04fd917b6dd: start RPC server
2019-08-21 08:27:20,120 INFO  server.GrpcService (GrpcService.java:startImpl(149)) - 671de8ea-03b0-4027-b943-f04fd917b6dd: GrpcService started, listening on 0.0.0.0/0.0.0.0:35367
2019-08-21 08:27:20,120 INFO  ratis.XceiverServerRatis (XceiverServerRatis.java:start(414)) - XceiverServerRatis 671de8ea-03b0-4027-b943-f04fd917b6dd is started using port 35367
2019-08-21 08:27:20,121 INFO  server.XceiverServerGrpc (XceiverServerGrpc.java:start(161)) - XceiverServerGrpc 671de8ea-03b0-4027-b943-f04fd917b6dd is started using port 38751
2019-08-21 08:27:20,313 INFO  ozone.MiniOzoneClusterImpl (MiniOzoneClusterImpl.java:lambda$waitForClusterToBeReady$0(142)) - Waiting for cluster to be ready. Got 0 of 3 DN Heartbeats.
2019-08-21 08:27:20,329 INFO  ozoneimpl.OzoneContainer (OzoneContainer.java:start(186)) - Attempting to start container services.
2019-08-21 08:27:20,331 INFO  ozoneimpl.OzoneContainer (OzoneContainer.java:startContainerScrub(160)) - Background container scrubber has been disabled by hdds.containerscrub.enabled
2019-08-21 08:27:20,331 INFO  ratis.XceiverServerRatis (XceiverServerRatis.java:start(404)) - Starting XceiverServerRatis 637dfc31-241d-4e66-8a1b-1719bdff904f at port 0
2019-08-21 08:27:20,339 INFO  impl.RaftServerProxy (RaftServerProxy.java:lambda$start$3(299)) - 637dfc31-241d-4e66-8a1b-1719bdff904f: start RPC server
2019-08-21 08:27:20,343 INFO  server.GrpcService (GrpcService.java:startImpl(149)) - 637dfc31-241d-4e66-8a1b-1719bdff904f: GrpcService started, listening on 0.0.0.0/0.0.0.0:39066
2019-08-21 08:27:20,344 INFO  ratis.XceiverServerRatis (XceiverServerRatis.java:start(414)) - XceiverServerRatis 637dfc31-241d-4e66-8a1b-1719bdff904f is started using port 39066
2019-08-21 08:27:20,344 INFO  server.XceiverServerGrpc (XceiverServerGrpc.java:start(161)) - XceiverServerGrpc 637dfc31-241d-4e66-8a1b-1719bdff904f is started using port 33985
2019-08-21 08:27:21,313 INFO  ozone.MiniOzoneClusterImpl (MiniOzoneClusterImpl.java:lambda$waitForClusterToBeReady$0(142)) - Waiting for cluster to be ready. Got 0 of 3 DN Heartbeats.
2019-08-21 08:27:21,871 INFO  net.NetworkTopology (NetworkTopologyImpl.java:add(110)) - Added a new node: /default-rack/42c3f630-5831-4e96-a05e-adaa7bd4e131
2019-08-21 08:27:21,873 INFO  node.SCMNodeManager (SCMNodeManager.java:register(266)) - Registered Data node : 42c3f630-5831-4e96-a05e-adaa7bd4e131{ip: 192.168.69.73, host: pr-hdds-1935-z5xc5-3809828402, networkLocation: /default-rack, certSerialId: null}
2019-08-21 08:27:21,877 INFO  safemode.SCMSafeModeManager (DataNodeSafeModeRule.java:process(71)) - SCM in safe mode. 1 DataNodes registered, 1 required.
2019-08-21 08:27:21,878 INFO  safemode.SCMSafeModeManager (SCMSafeModeManager.java:validateSafeModeExitRules(177)) - ScmSafeModeManager, all rules are successfully validated
2019-08-21 08:27:21,878 INFO  safemode.SCMSafeModeManager (SCMSafeModeManager.java:exitSafeMode(193)) - SCM exiting safe mode.
2019-08-21 08:27:21,901 INFO  impl.RaftServerProxy (RaftServerProxy.java:addNew(89)) - 42c3f630-5831-4e96-a05e-adaa7bd4e131: addNew group-24895533CD16:[42c3f630-5831-4e96-a05e-adaa7bd4e131:192.168.69.73:35079] returns group-24895533CD16:java.util.concurrent.CompletableFuture@20b8606b[Not completed]
2019-08-21 08:27:21,902 INFO  impl.RaftServerImpl (RaftServerImpl.java:<init>(93)) - 42c3f630-5831-4e96-a05e-adaa7bd4e131: new RaftServerImpl for group-24895533CD16:[42c3f630-5831-4e96-a05e-adaa7bd4e131:192.168.69.73:35079] with ContainerStateMachine:uninitialized
2019-08-21 08:27:21,903 INFO  server.RaftServerConfigKeys (ConfUtils.java:logGet(43)) - raft.server.rpc.timeout.min = 5s (custom)
2019-08-21 08:27:21,904 INFO  server.RaftServerConfigKeys (ConfUtils.java:logGet(43)) - raft.server.rpc.timeout.max = 5200ms (custom)
2019-08-21 08:27:21,904 INFO  server.RaftServerConfigKeys (ConfUtils.java:logGet(43)) - raft.server.rpcslowness.timeout = 120s (custom)
2019-08-21 08:27:21,904 INFO  server.RaftServerConfigKeys (ConfUtils.java:logGet(43)) - raft.server.sleep.deviation.threshold = 300 (default)
2019-08-21 08:27:21,904 INFO  server.RaftServerConfigKeys (ConfUtils.java:logGet(43)) - raft.server.log.appender.install.snapshot.enabled = false (custom)
2019-08-21 08:27:21,904 INFO  impl.RaftServerImpl (ServerState.java:<init>(105)) - 42c3f630-5831-4e96-a05e-adaa7bd4e131:group-24895533CD16 ConfigurationManager, init=-1: [42c3f630-5831-4e96-a05e-adaa7bd4e131:192.168.69.73:35079], old=null, confs=<EMPTY_MAP>
2019-08-21 08:27:21,904 INFO  server.RaftServerConfigKeys (ConfUtils.java:logGet(43)) - raft.server.storage.dir = [/workdir/hadoop-ozone/integration-test/target/test-dir/MiniOzoneClusterImpl-58c37d08-4f2b-4349-a02b-45cd945bf2f6/datanode-0/data/ratis] (custom)
2019-08-21 08:27:21,905 INFO  storage.RaftStorageDirectory (RaftStorageDirectory.java:analyzeStorage(246)) - The storage directory /workdir/hadoop-ozone/integration-test/target/test-dir/MiniOzoneClusterImpl-58c37d08-4f2b-4349-a02b-45cd945bf2f6/datanode-0/data/ratis/36e9bf83-9f71-4e54-9eea-24895533cd16 does not exist. Creating ...
2019-08-21 08:27:21,917 INFO  storage.RaftStorageDirectory (RaftStorageDirectory.java:tryLock(328)) - Lock on /workdir/hadoop-ozone/integration-test/target/test-dir/MiniOzoneClusterImpl-58c37d08-4f2b-4349-a02b-45cd945bf2f6/datanode-0/data/ratis/36e9bf83-9f71-4e54-9eea-24895533cd16/in_use.lock acquired by nodename 14422@pr-hdds-1935-z5xc5-3809828402
2019-08-21 08:27:21,929 INFO  storage.RaftStorage (RaftStorage.java:format(72)) - Storage directory /workdir/hadoop-ozone/integration-test/target/test-dir/MiniOzoneClusterImpl-58c37d08-4f2b-4349-a02b-45cd945bf2f6/datanode-0/data/ratis/36e9bf83-9f71-4e54-9eea-24895533cd16 has been successfully formatted.
2019-08-21 08:27:21,930 INFO  ratis.ContainerStateMachine (ContainerStateMachine.java:loadSnapshot(222)) - group-24895533CD16: The snapshot info is null. Setting the last applied indexto:(t:0, i:~)
2019-08-21 08:27:21,931 INFO  server.RaftServerConfigKeys (ConfUtils.java:logGet(43)) - raft.server.leader.election.timeout = 120s (custom)
2019-08-21 08:27:21,931 INFO  server.RaftServerConfigKeys (ConfUtils.java:logGet(43)) - raft.server.log.use.memory = false (default)
2019-08-21 08:27:21,931 INFO  server.RaftServerConfigKeys (ConfUtils.java:logGet(43)) - raft.server.log.purge.gap = 1000000000 (custom)
2019-08-21 08:27:21,931 INFO  server.RaftServerConfigKeys (ConfUtils.java:logGet(43)) - raft.server.log.appender.buffer.byte-limit = 33554432 (custom)
2019-08-21 08:27:21,931 INFO  server.RaftServerConfigKeys (ConfUtils.java:logGet(43)) - raft.server.log.segment.size.max = 1048576 (custom)
2019-08-21 08:27:21,932 INFO  server.RaftServerConfigKeys (ConfUtils.java:logGet(43)) - raft.server.log.segment.cache.num.max = 2 (custom)
2019-08-21 08:27:21,932 INFO  segmented.SegmentedRaftLogWorker (SegmentedRaftLogWorker.java:<init>(172)) - new 42c3f630-5831-4e96-a05e-adaa7bd4e131-SegmentedRaftLogWorker:Storage Directory /workdir/hadoop-ozone/integration-test/target/test-dir/MiniOzoneClusterImpl-58c37d08-4f2b-4349-a02b-45cd945bf2f6/datanode-0/data/ratis/36e9bf83-9f71-4e54-9eea-24895533cd16 for RaftStorage:Storage Directory /workdir/hadoop-ozone/integration-test/target/test-dir/MiniOzoneClusterImpl-58c37d08-4f2b-4349-a02b-45cd945bf2f6/datanode-0/data/ratis/36e9bf83-9f71-4e54-9eea-24895533cd16
2019-08-21 08:27:21,932 INFO  server.RaftServerConfigKeys (ConfUtils.java:logGet(43)) - raft.server.log.queue.byte-limit = 2147483647 (custom)
2019-08-21 08:27:21,932 INFO  server.RaftServerConfigKeys (ConfUtils.java:logGet(43)) - raft.server.log.queue.element-limit = 1024 (custom)
2019-08-21 08:27:21,933 INFO  server.RaftServerConfigKeys (ConfUtils.java:logGet(43)) - raft.server.log.segment.size.max = 1048576 (custom)
2019-08-21 08:27:21,933 INFO  server.RaftServerConfigKeys (ConfUtils.java:logGet(43)) - raft.server.log.preallocated.size = 16384 (custom)
2019-08-21 08:27:21,933 INFO  server.RaftServerConfigKeys (ConfUtils.java:logGet(43)) - raft.server.log.write.buffer.size = 33554432 (custom)
2019-08-21 08:27:21,933 INFO  server.RaftServerConfigKeys (ConfUtils.java:logGet(43)) - raft.server.log.force.sync.num = 128 (default)
2019-08-21 08:27:21,933 INFO  server.RaftServerConfigKeys (ConfUtils.java:logGet(43)) - raft.server.log.statemachine.data.sync = true (default)
2019-08-21 08:27:21,933 INFO  server.RaftServerConfigKeys (ConfUtils.java:logGet(43)) - raft.server.log.statemachine.data.sync.timeout = 10s (default)
2019-08-21 08:27:21,934 INFO  server.RaftServerConfigKeys (ConfUtils.java:logGet(43)) - raft.server.log.statemachine.data.sync.timeout.retry = -1 (default)
2019-08-21 08:27:21,934 INFO  server.RaftServerConfigKeys (ConfUtils.java:logGet(43)) - raft.server.log.statemachine.data.caching.enabled = true (custom)
2019-08-21 08:27:21,934 INFO  segmented.SegmentedRaftLogWorker (SegmentedRaftLogWorker.java:lambda$new$0(132)) - 42c3f630-5831-4e96-a05e-adaa7bd4e131-SegmentedRaftLogWorker:Storage Directory /workdir/hadoop-ozone/integration-test/target/test-dir/MiniOzoneClusterImpl-58c37d08-4f2b-4349-a02b-45cd945bf2f6/datanode-0/data/ratis/36e9bf83-9f71-4e54-9eea-24895533cd16: flushIndex: setUnconditionally 0 -> -1
2019-08-21 08:27:21,935 INFO  server.RaftServerConfigKeys (ConfUtils.java:logGet(43)) - raft.server.snapshot.auto.trigger.enabled = true (custom)
2019-08-21 08:27:21,935 INFO  server.RaftServerConfigKeys (ConfUtils.java:logGet(43)) - raft.server.snapshot.auto.trigger.threshold = 10000 (custom)
2019-08-21 08:27:21,935 INFO  server.RaftServerConfigKeys (ConfUtils.java:logGet(43)) - raft.server.retrycache.expirytime = 600000ms (custom)
2019-08-21 08:27:21,936 INFO  impl.RaftServerImpl (RaftServerImpl.java:start(180)) - 42c3f630-5831-4e96-a05e-adaa7bd4e131: start group-24895533CD16
2019-08-21 08:27:21,936 INFO  impl.RaftServerImpl (RaftServerImpl.java:setRole(171)) - 42c3f630-5831-4e96-a05e-adaa7bd4e131:group-24895533CD16 changes role from null to FOLLOWER at term 0 for startAsFollower
2019-08-21 08:27:21,936 INFO  impl.RoleInfo (RoleInfo.java:updateAndGet(143)) - 42c3f630-5831-4e96-a05e-adaa7bd4e131: start FollowerState
2019-08-21 08:27:21,937 INFO  util.JmxRegister (JmxRegister.java:tryRegister(44)) - Successfully registered JMX Bean with object name Ratis:service=RaftServer,group=group-24895533CD16,id=42c3f630-5831-4e96-a05e-adaa7bd4e131
2019-08-21 08:27:21,944 INFO  pipeline.PipelineStateManager (PipelineStateManager.java:addPipeline(56)) - Created pipeline Pipeline[ Id: 36e9bf83-9f71-4e54-9eea-24895533cd16, Nodes: 42c3f630-5831-4e96-a05e-adaa7bd4e131{ip: 192.168.69.73, host: pr-hdds-1935-z5xc5-3809828402, networkLocation: /default-rack, certSerialId: null}, Type:RATIS, Factor:ONE, State:OPEN]
2019-08-21 08:27:22,107 INFO  net.NetworkTopology (NetworkTopologyImpl.java:add(110)) - Added a new node: /default-rack/671de8ea-03b0-4027-b943-f04fd917b6dd
2019-08-21 08:27:22,107 INFO  node.SCMNodeManager (SCMNodeManager.java:register(266)) - Registered Data node : 671de8ea-03b0-4027-b943-f04fd917b6dd{ip: 192.168.69.73, host: pr-hdds-1935-z5xc5-3809828402, networkLocation: /default-rack, certSerialId: null}
2019-08-21 08:27:22,121 INFO  impl.RaftServerProxy (RaftServerProxy.java:addNew(89)) - 671de8ea-03b0-4027-b943-f04fd917b6dd: addNew group-95197781E66E:[671de8ea-03b0-4027-b943-f04fd917b6dd:192.168.69.73:35367] returns group-95197781E66E:java.util.concurrent.CompletableFuture@23cf180e[Not completed]
2019-08-21 08:27:22,123 INFO  impl.RaftServerImpl (RaftServerImpl.java:<init>(93)) - 671de8ea-03b0-4027-b943-f04fd917b6dd: new RaftServerImpl for group-95197781E66E:[671de8ea-03b0-4027-b943-f04fd917b6dd:192.168.69.73:35367] with ContainerStateMachine:uninitialized
2019-08-21 08:27:22,125 INFO  server.RaftServerConfigKeys (ConfUtils.java:logGet(43)) - raft.server.rpc.timeout.min = 5s (custom)
2019-08-21 08:27:22,125 INFO  server.RaftServerConfigKeys (ConfUtils.java:logGet(43)) - raft.server.rpc.timeout.max = 5200ms (custom)
2019-08-21 08:27:22,125 INFO  server.RaftServerConfigKeys (ConfUtils.java:logGet(43)) - raft.server.rpcslowness.timeout = 120s (custom)
2019-08-21 08:27:22,125 INFO  server.RaftServerConfigKeys (ConfUtils.java:logGet(43)) - raft.server.sleep.deviation.threshold = 300 (default)
2019-08-21 08:27:22,126 INFO  server.RaftServerConfigKeys (ConfUtils.java:logGet(43)) - raft.server.log.appender.install.snapshot.enabled = false (custom)
2019-08-21 08:27:22,126 INFO  impl.RaftServerImpl (ServerState.java:<init>(105)) - 671de8ea-03b0-4027-b943-f04fd917b6dd:group-95197781E66E ConfigurationManager, init=-1: [671de8ea-03b0-4027-b943-f04fd917b6dd:192.168.69.73:35367], old=null, confs=<EMPTY_MAP>
2019-08-21 08:27:22,126 INFO  server.RaftServerConfigKeys (ConfUtils.java:logGet(43)) - raft.server.storage.dir = [/workdir/hadoop-ozone/integration-test/target/test-dir/MiniOzoneClusterImpl-58c37d08-4f2b-4349-a02b-45cd945bf2f6/datanode-1/data/ratis] (custom)
2019-08-21 08:27:22,127 INFO  storage.RaftStorageDirectory (RaftStorageDirectory.java:analyzeStorage(246)) - The storage directory /workdir/hadoop-ozone/integration-test/target/test-dir/MiniOzoneClusterImpl-58c37d08-4f2b-4349-a02b-45cd945bf2f6/datanode-1/data/ratis/1319f62b-2e21-4601-b0d3-95197781e66e does not exist. Creating ...
2019-08-21 08:27:22,140 INFO  storage.RaftStorageDirectory (RaftStorageDirectory.java:tryLock(328)) - Lock on /workdir/hadoop-ozone/integration-test/target/test-dir/MiniOzoneClusterImpl-58c37d08-4f2b-4349-a02b-45cd945bf2f6/datanode-1/data/ratis/1319f62b-2e21-4601-b0d3-95197781e66e/in_use.lock acquired by nodename 14422@pr-hdds-1935-z5xc5-3809828402
2019-08-21 08:27:22,153 INFO  storage.RaftStorage (RaftStorage.java:format(72)) - Storage directory /workdir/hadoop-ozone/integration-test/target/test-dir/MiniOzoneClusterImpl-58c37d08-4f2b-4349-a02b-45cd945bf2f6/datanode-1/data/ratis/1319f62b-2e21-4601-b0d3-95197781e66e has been successfully formatted.
2019-08-21 08:27:22,153 INFO  ratis.ContainerStateMachine (ContainerStateMachine.java:loadSnapshot(222)) - group-95197781E66E: The snapshot info is null. Setting the last applied indexto:(t:0, i:~)
2019-08-21 08:27:22,153 INFO  server.RaftServerConfigKeys (ConfUtils.java:logGet(43)) - raft.server.leader.election.timeout = 120s (custom)
2019-08-21 08:27:22,153 INFO  server.RaftServerConfigKeys (ConfUtils.java:logGet(43)) - raft.server.log.use.memory = false (default)
2019-08-21 08:27:22,153 INFO  server.RaftServerConfigKeys (ConfUtils.java:logGet(43)) - raft.server.log.purge.gap = 1000000000 (custom)
2019-08-21 08:27:22,153 INFO  server.RaftServerConfigKeys (ConfUtils.java:logGet(43)) - raft.server.log.appender.buffer.byte-limit = 33554432 (custom)
2019-08-21 08:27:22,154 INFO  server.RaftServerConfigKeys (ConfUtils.java:logGet(43)) - raft.server.log.segment.size.max = 1048576 (custom)
2019-08-21 08:27:22,154 INFO  server.RaftServerConfigKeys (ConfUtils.java:logGet(43)) - raft.server.log.segment.cache.num.max = 2 (custom)
2019-08-21 08:27:22,154 INFO  segmented.SegmentedRaftLogWorker (SegmentedRaftLogWorker.java:<init>(172)) - new 671de8ea-03b0-4027-b943-f04fd917b6dd-SegmentedRaftLogWorker:Storage Directory /workdir/hadoop-ozone/integration-test/target/test-dir/MiniOzoneClusterImpl-58c37d08-4f2b-4349-a02b-45cd945bf2f6/datanode-1/data/ratis/1319f62b-2e21-4601-b0d3-95197781e66e for RaftStorage:Storage Directory /workdir/hadoop-ozone/integration-test/target/test-dir/MiniOzoneClusterImpl-58c37d08-4f2b-4349-a02b-45cd945bf2f6/datanode-1/data/ratis/1319f62b-2e21-4601-b0d3-95197781e66e
2019-08-21 08:27:22,154 INFO  server.RaftServerConfigKeys (ConfUtils.java:logGet(43)) - raft.server.log.queue.byte-limit = 2147483647 (custom)
2019-08-21 08:27:22,154 INFO  server.RaftServerConfigKeys (ConfUtils.java:logGet(43)) - raft.server.log.queue.element-limit = 1024 (custom)
2019-08-21 08:27:22,155 INFO  server.RaftServerConfigKeys (ConfUtils.java:logGet(43)) - raft.server.log.segment.size.max = 1048576 (custom)
2019-08-21 08:27:22,155 INFO  server.RaftServerConfigKeys (ConfUtils.java:logGet(43)) - raft.server.log.preallocated.size = 16384 (custom)
2019-08-21 08:27:22,155 INFO  server.RaftServerConfigKeys (ConfUtils.java:logGet(43)) - raft.server.log.write.buffer.size = 33554432 (custom)
2019-08-21 08:27:22,155 INFO  server.RaftServerConfigKeys (ConfUtils.java:logGet(43)) - raft.server.log.force.sync.num = 128 (default)
2019-08-21 08:27:22,155 INFO  server.RaftServerConfigKeys (ConfUtils.java:logGet(43)) - raft.server.log.statemachine.data.sync = true (default)
2019-08-21 08:27:22,155 INFO  server.RaftServerConfigKeys (ConfUtils.java:logGet(43)) - raft.server.log.statemachine.data.sync.timeout = 10s (default)
2019-08-21 08:27:22,155 INFO  server.RaftServerConfigKeys (ConfUtils.java:logGet(43)) - raft.server.log.statemachine.data.sync.timeout.retry = -1 (default)
2019-08-21 08:27:22,156 INFO  server.RaftServerConfigKeys (ConfUtils.java:logGet(43)) - raft.server.log.statemachine.data.caching.enabled = true (custom)
2019-08-21 08:27:22,156 INFO  segmented.SegmentedRaftLogWorker (SegmentedRaftLogWorker.java:lambda$new$0(132)) - 671de8ea-03b0-4027-b943-f04fd917b6dd-SegmentedRaftLogWorker:Storage Directory /workdir/hadoop-ozone/integration-test/target/test-dir/MiniOzoneClusterImpl-58c37d08-4f2b-4349-a02b-45cd945bf2f6/datanode-1/data/ratis/1319f62b-2e21-4601-b0d3-95197781e66e: flushIndex: setUnconditionally 0 -> -1
2019-08-21 08:27:22,157 INFO  server.RaftServerConfigKeys (ConfUtils.java:logGet(43)) - raft.server.snapshot.auto.trigger.enabled = true (custom)
2019-08-21 08:27:22,157 INFO  server.RaftServerConfigKeys (ConfUtils.java:logGet(43)) - raft.server.snapshot.auto.trigger.threshold = 10000 (custom)
2019-08-21 08:27:22,157 INFO  server.RaftServerConfigKeys (ConfUtils.java:logGet(43)) - raft.server.retrycache.expirytime = 600000ms (custom)
2019-08-21 08:27:22,157 INFO  impl.RaftServerImpl (RaftServerImpl.java:start(180)) - 671de8ea-03b0-4027-b943-f04fd917b6dd: start group-95197781E66E
2019-08-21 08:27:22,157 INFO  impl.RaftServerImpl (RaftServerImpl.java:setRole(171)) - 671de8ea-03b0-4027-b943-f04fd917b6dd:group-95197781E66E changes role from null to FOLLOWER at term 0 for startAsFollower
2019-08-21 08:27:22,157 INFO  impl.RoleInfo (RoleInfo.java:updateAndGet(143)) - 671de8ea-03b0-4027-b943-f04fd917b6dd: start FollowerState
2019-08-21 08:27:22,163 INFO  util.JmxRegister (JmxRegister.java:tryRegister(44)) - Successfully registered JMX Bean with object name Ratis:service=RaftServer,group=group-95197781E66E,id=671de8ea-03b0-4027-b943-f04fd917b6dd
2019-08-21 08:27:22,172 INFO  pipeline.PipelineStateManager (PipelineStateManager.java:addPipeline(56)) - Created pipeline Pipeline[ Id: 1319f62b-2e21-4601-b0d3-95197781e66e, Nodes: 671de8ea-03b0-4027-b943-f04fd917b6dd{ip: 192.168.69.73, host: pr-hdds-1935-z5xc5-3809828402, networkLocation: /default-rack, certSerialId: null}, Type:RATIS, Factor:ONE, State:OPEN]
2019-08-21 08:27:22,314 INFO  ozone.MiniOzoneClusterImpl (MiniOzoneClusterImpl.java:lambda$waitForClusterToBeReady$0(142)) - Waiting for cluster to be ready. Got 2 of 3 DN Heartbeats.
2019-08-21 08:27:22,316 INFO  net.NetworkTopology (NetworkTopologyImpl.java:add(110)) - Added a new node: /default-rack/637dfc31-241d-4e66-8a1b-1719bdff904f
2019-08-21 08:27:22,316 INFO  node.SCMNodeManager (SCMNodeManager.java:register(266)) - Registered Data node : 637dfc31-241d-4e66-8a1b-1719bdff904f{ip: 192.168.69.73, host: pr-hdds-1935-z5xc5-3809828402, networkLocation: /default-rack, certSerialId: null}
2019-08-21 08:27:22,334 INFO  impl.RaftServerProxy (RaftServerProxy.java:addNew(89)) - 637dfc31-241d-4e66-8a1b-1719bdff904f: addNew group-60256C8D4C52:[637dfc31-241d-4e66-8a1b-1719bdff904f:192.168.69.73:39066] returns group-60256C8D4C52:java.util.concurrent.CompletableFuture@639f9e95[Not completed]
2019-08-21 08:27:22,337 INFO  impl.RaftServerImpl (RaftServerImpl.java:<init>(93)) - 637dfc31-241d-4e66-8a1b-1719bdff904f: new RaftServerImpl for group-60256C8D4C52:[637dfc31-241d-4e66-8a1b-1719bdff904f:192.168.69.73:39066] with ContainerStateMachine:uninitialized
2019-08-21 08:27:22,339 INFO  server.RaftServerConfigKeys (ConfUtils.java:logGet(43)) - raft.server.rpc.timeout.min = 5s (custom)
2019-08-21 08:27:22,339 INFO  server.RaftServerConfigKeys (ConfUtils.java:logGet(43)) - raft.server.rpc.timeout.max = 5200ms (custom)
2019-08-21 08:27:22,339 INFO  server.RaftServerConfigKeys (ConfUtils.java:logGet(43)) - raft.server.rpcslowness.timeout = 120s (custom)
2019-08-21 08:27:22,339 INFO  server.RaftServerConfigKeys (ConfUtils.java:logGet(43)) - raft.server.sleep.deviation.threshold = 300 (default)
2019-08-21 08:27:22,339 INFO  server.RaftServerConfigKeys (ConfUtils.java:logGet(43)) - raft.server.log.appender.install.snapshot.enabled = false (custom)
2019-08-21 08:27:22,340 INFO  impl.RaftServerImpl (ServerState.java:<init>(105)) - 637dfc31-241d-4e66-8a1b-1719bdff904f:group-60256C8D4C52 ConfigurationManager, init=-1: [637dfc31-241d-4e66-8a1b-1719bdff904f:192.168.69.73:39066], old=null, confs=<EMPTY_MAP>
2019-08-21 08:27:22,340 INFO  server.RaftServerConfigKeys (ConfUtils.java:logGet(43)) - raft.server.storage.dir = [/workdir/hadoop-ozone/integration-test/target/test-dir/MiniOzoneClusterImpl-58c37d08-4f2b-4349-a02b-45cd945bf2f6/datanode-2/data/ratis] (custom)
2019-08-21 08:27:22,340 INFO  storage.RaftStorageDirectory (RaftStorageDirectory.java:analyzeStorage(246)) - The storage directory /workdir/hadoop-ozone/integration-test/target/test-dir/MiniOzoneClusterImpl-58c37d08-4f2b-4349-a02b-45cd945bf2f6/datanode-2/data/ratis/6bf3c7e3-e3fc-424b-8923-60256c8d4c52 does not exist. Creating ...
2019-08-21 08:27:22,355 INFO  storage.RaftStorageDirectory (RaftStorageDirectory.java:tryLock(328)) - Lock on /workdir/hadoop-ozone/integration-test/target/test-dir/MiniOzoneClusterImpl-58c37d08-4f2b-4349-a02b-45cd945bf2f6/datanode-2/data/ratis/6bf3c7e3-e3fc-424b-8923-60256c8d4c52/in_use.lock acquired by nodename 14422@pr-hdds-1935-z5xc5-3809828402
2019-08-21 08:27:22,368 INFO  storage.RaftStorage (RaftStorage.java:format(72)) - Storage directory /workdir/hadoop-ozone/integration-test/target/test-dir/MiniOzoneClusterImpl-58c37d08-4f2b-4349-a02b-45cd945bf2f6/datanode-2/data/ratis/6bf3c7e3-e3fc-424b-8923-60256c8d4c52 has been successfully formatted.
2019-08-21 08:27:22,368 INFO  ratis.ContainerStateMachine (ContainerStateMachine.java:loadSnapshot(222)) - group-60256C8D4C52: The snapshot info is null. Setting the last applied indexto:(t:0, i:~)
2019-08-21 08:27:22,369 INFO  server.RaftServerConfigKeys (ConfUtils.java:logGet(43)) - raft.server.leader.election.timeout = 120s (custom)
2019-08-21 08:27:22,369 INFO  server.RaftServerConfigKeys (ConfUtils.java:logGet(43)) - raft.server.log.use.memory = false (default)
2019-08-21 08:27:22,369 INFO  server.RaftServerConfigKeys (ConfUtils.java:logGet(43)) - raft.server.log.purge.gap = 1000000000 (custom)
2019-08-21 08:27:22,369 INFO  server.RaftServerConfigKeys (ConfUtils.java:logGet(43)) - raft.server.log.appender.buffer.byte-limit = 33554432 (custom)
2019-08-21 08:27:22,369 INFO  server.RaftServerConfigKeys (ConfUtils.java:logGet(43)) - raft.server.log.segment.size.max = 1048576 (custom)
2019-08-21 08:27:22,370 INFO  server.RaftServerConfigKeys (ConfUtils.java:logGet(43)) - raft.server.log.segment.cache.num.max = 2 (custom)
2019-08-21 08:27:22,370 INFO  segmented.SegmentedRaftLogWorker (SegmentedRaftLogWorker.java:<init>(172)) - new 637dfc31-241d-4e66-8a1b-1719bdff904f-SegmentedRaftLogWorker:Storage Directory /workdir/hadoop-ozone/integration-test/target/test-dir/MiniOzoneClusterImpl-58c37d08-4f2b-4349-a02b-45cd945bf2f6/datanode-2/data/ratis/6bf3c7e3-e3fc-424b-8923-60256c8d4c52 for RaftStorage:Storage Directory /workdir/hadoop-ozone/integration-test/target/test-dir/MiniOzoneClusterImpl-58c37d08-4f2b-4349-a02b-45cd945bf2f6/datanode-2/data/ratis/6bf3c7e3-e3fc-424b-8923-60256c8d4c52
2019-08-21 08:27:22,370 INFO  server.RaftServerConfigKeys (ConfUtils.java:logGet(43)) - raft.server.log.queue.byte-limit = 2147483647 (custom)
2019-08-21 08:27:22,370 INFO  server.RaftServerConfigKeys (ConfUtils.java:logGet(43)) - raft.server.log.queue.element-limit = 1024 (custom)
2019-08-21 08:27:22,371 INFO  server.RaftServerConfigKeys (ConfUtils.java:logGet(43)) - raft.server.log.segment.size.max = 1048576 (custom)
2019-08-21 08:27:22,371 INFO  server.RaftServerConfigKeys (ConfUtils.java:logGet(43)) - raft.server.log.preallocated.size = 16384 (custom)
2019-08-21 08:27:22,371 INFO  server.RaftServerConfigKeys (ConfUtils.java:logGet(43)) - raft.server.log.write.buffer.size = 33554432 (custom)
2019-08-21 08:27:22,371 INFO  server.RaftServerConfigKeys (ConfUtils.java:logGet(43)) - raft.server.log.force.sync.num = 128 (default)
2019-08-21 08:27:22,372 INFO  server.RaftServerConfigKeys (ConfUtils.java:logGet(43)) - raft.server.log.statemachine.data.sync = true (default)
2019-08-21 08:27:22,372 INFO  server.RaftServerConfigKeys (ConfUtils.java:logGet(43)) - raft.server.log.statemachine.data.sync.timeout = 10s (default)
2019-08-21 08:27:22,372 INFO  server.RaftServerConfigKeys (ConfUtils.java:logGet(43)) - raft.server.log.statemachine.data.sync.timeout.retry = -1 (default)
2019-08-21 08:27:22,373 INFO  server.RaftServerConfigKeys (ConfUtils.java:logGet(43)) - raft.server.log.statemachine.data.caching.enabled = true (custom)
2019-08-21 08:27:22,373 INFO  segmented.SegmentedRaftLogWorker (SegmentedRaftLogWorker.java:lambda$new$0(132)) - 637dfc31-241d-4e66-8a1b-1719bdff904f-SegmentedRaftLogWorker:Storage Directory /workdir/hadoop-ozone/integration-test/target/test-dir/MiniOzoneClusterImpl-58c37d08-4f2b-4349-a02b-45cd945bf2f6/datanode-2/data/ratis/6bf3c7e3-e3fc-424b-8923-60256c8d4c52: flushIndex: setUnconditionally 0 -> -1
2019-08-21 08:27:22,374 INFO  server.RaftServerConfigKeys (ConfUtils.java:logGet(43)) - raft.server.snapshot.auto.trigger.enabled = true (custom)
2019-08-21 08:27:22,374 INFO  server.RaftServerConfigKeys (ConfUtils.java:logGet(43)) - raft.server.snapshot.auto.trigger.threshold = 10000 (custom)
2019-08-21 08:27:22,374 INFO  server.RaftServerConfigKeys (ConfUtils.java:logGet(43)) - raft.server.retrycache.expirytime = 600000ms (custom)
2019-08-21 08:27:22,374 INFO  impl.RaftServerImpl (RaftServerImpl.java:start(180)) - 637dfc31-241d-4e66-8a1b-1719bdff904f: start group-60256C8D4C52
2019-08-21 08:27:22,375 INFO  impl.RaftServerImpl (RaftServerImpl.java:setRole(171)) - 637dfc31-241d-4e66-8a1b-1719bdff904f:group-60256C8D4C52 changes role from null to FOLLOWER at term 0 for startAsFollower
2019-08-21 08:27:22,375 INFO  impl.RoleInfo (RoleInfo.java:updateAndGet(143)) - 637dfc31-241d-4e66-8a1b-1719bdff904f: start FollowerState
2019-08-21 08:27:22,375 INFO  util.JmxRegister (JmxRegister.java:tryRegister(44)) - Successfully registered JMX Bean with object name Ratis:service=RaftServer,group=group-60256C8D4C52,id=637dfc31-241d-4e66-8a1b-1719bdff904f
2019-08-21 08:27:22,380 INFO  pipeline.PipelineStateManager (PipelineStateManager.java:addPipeline(56)) - Created pipeline Pipeline[ Id: 6bf3c7e3-e3fc-424b-8923-60256c8d4c52, Nodes: 637dfc31-241d-4e66-8a1b-1719bdff904f{ip: 192.168.69.73, host: pr-hdds-1935-z5xc5-3809828402, networkLocation: /default-rack, certSerialId: null}, Type:RATIS, Factor:ONE, State:OPEN]
2019-08-21 08:27:22,407 INFO  impl.RaftServerProxy (RaftServerProxy.java:addNew(89)) - 42c3f630-5831-4e96-a05e-adaa7bd4e131: addNew group-6C009E0DD105:[42c3f630-5831-4e96-a05e-adaa7bd4e131:192.168.69.73:35079, 671de8ea-03b0-4027-b943-f04fd917b6dd:192.168.69.73:35367, 637dfc31-241d-4e66-8a1b-1719bdff904f:192.168.69.73:39066] returns group-6C009E0DD105:java.util.concurrent.CompletableFuture@403bbe48[Not completed]
2019-08-21 08:27:22,407 INFO  impl.RaftServerProxy (RaftServerProxy.java:addNew(89)) - 671de8ea-03b0-4027-b943-f04fd917b6dd: addNew group-6C009E0DD105:[42c3f630-5831-4e96-a05e-adaa7bd4e131:192.168.69.73:35079, 671de8ea-03b0-4027-b943-f04fd917b6dd:192.168.69.73:35367, 637dfc31-241d-4e66-8a1b-1719bdff904f:192.168.69.73:39066] returns group-6C009E0DD105:java.util.concurrent.CompletableFuture@44d92302[Not completed]
2019-08-21 08:27:22,407 INFO  impl.RaftServerProxy (RaftServerProxy.java:addNew(89)) - 637dfc31-241d-4e66-8a1b-1719bdff904f: addNew group-6C009E0DD105:[42c3f630-5831-4e96-a05e-adaa7bd4e131:192.168.69.73:35079, 671de8ea-03b0-4027-b943-f04fd917b6dd:192.168.69.73:35367, 637dfc31-241d-4e66-8a1b-1719bdff904f:192.168.69.73:39066] returns group-6C009E0DD105:java.util.concurrent.CompletableFuture@7619f30c[Not completed]
2019-08-21 08:27:22,409 INFO  impl.RaftServerImpl (RaftServerImpl.java:<init>(93)) - 42c3f630-5831-4e96-a05e-adaa7bd4e131: new RaftServerImpl for group-6C009E0DD105:[42c3f630-5831-4e96-a05e-adaa7bd4e131:192.168.69.73:35079, 671de8ea-03b0-4027-b943-f04fd917b6dd:192.168.69.73:35367, 637dfc31-241d-4e66-8a1b-1719bdff904f:192.168.69.73:39066] with ContainerStateMachine:uninitialized
2019-08-21 08:27:22,410 INFO  server.RaftServerConfigKeys (ConfUtils.java:logGet(43)) - raft.server.rpc.timeout.min = 5s (custom)
2019-08-21 08:27:22,410 INFO  server.RaftServerConfigKeys (ConfUtils.java:logGet(43)) - raft.server.rpc.timeout.max = 5200ms (custom)
2019-08-21 08:27:22,410 INFO  server.RaftServerConfigKeys (ConfUtils.java:logGet(43)) - raft.server.rpcslowness.timeout = 120s (custom)
2019-08-21 08:27:22,410 INFO  server.RaftServerConfigKeys (ConfUtils.java:logGet(43)) - raft.server.sleep.deviation.threshold = 300 (default)
2019-08-21 08:27:22,410 INFO  server.RaftServerConfigKeys (ConfUtils.java:logGet(43)) - raft.server.log.appender.install.snapshot.enabled = false (custom)
2019-08-21 08:27:22,410 INFO  impl.RaftServerImpl (ServerState.java:<init>(105)) - 42c3f630-5831-4e96-a05e-adaa7bd4e131:group-6C009E0DD105 ConfigurationManager, init=-1: [42c3f630-5831-4e96-a05e-adaa7bd4e131:192.168.69.73:35079, 671de8ea-03b0-4027-b943-f04fd917b6dd:192.168.69.73:35367, 637dfc31-241d-4e66-8a1b-1719bdff904f:192.168.69.73:39066], old=null, confs=<EMPTY_MAP>
2019-08-21 08:27:22,411 INFO  server.RaftServerConfigKeys (ConfUtils.java:logGet(43)) - raft.server.storage.dir = [/workdir/hadoop-ozone/integration-test/target/test-dir/MiniOzoneClusterImpl-58c37d08-4f2b-4349-a02b-45cd945bf2f6/datanode-0/data/ratis] (custom)
2019-08-21 08:27:22,411 INFO  impl.RaftServerImpl (RaftServerImpl.java:<init>(93)) - 671de8ea-03b0-4027-b943-f04fd917b6dd: new RaftServerImpl for group-6C009E0DD105:[42c3f630-5831-4e96-a05e-adaa7bd4e131:192.168.69.73:35079, 671de8ea-03b0-4027-b943-f04fd917b6dd:192.168.69.73:35367, 637dfc31-241d-4e66-8a1b-1719bdff904f:192.168.69.73:39066] with ContainerStateMachine:uninitialized
2019-08-21 08:27:22,411 INFO  server.RaftServerConfigKeys (ConfUtils.java:logGet(43)) - raft.server.rpc.timeout.min = 5s (custom)
2019-08-21 08:27:22,411 INFO  storage.RaftStorageDirectory (RaftStorageDirectory.java:analyzeStorage(246)) - The storage directory /workdir/hadoop-ozone/integration-test/target/test-dir/MiniOzoneClusterImpl-58c37d08-4f2b-4349-a02b-45cd945bf2f6/datanode-0/data/ratis/1b316ed5-a6a9-4776-8a40-6c009e0dd105 does not exist. Creating ...
2019-08-21 08:27:22,411 INFO  server.RaftServerConfigKeys (ConfUtils.java:logGet(43)) - raft.server.rpc.timeout.max = 5200ms (custom)
2019-08-21 08:27:22,412 INFO  server.RaftServerConfigKeys (ConfUtils.java:logGet(43)) - raft.server.rpcslowness.timeout = 120s (custom)
2019-08-21 08:27:22,412 INFO  server.RaftServerConfigKeys (ConfUtils.java:logGet(43)) - raft.server.sleep.deviation.threshold = 300 (default)
2019-08-21 08:27:22,412 INFO  server.RaftServerConfigKeys (ConfUtils.java:logGet(43)) - raft.server.log.appender.install.snapshot.enabled = false (custom)
2019-08-21 08:27:22,412 INFO  impl.RaftServerImpl (ServerState.java:<init>(105)) - 671de8ea-03b0-4027-b943-f04fd917b6dd:group-6C009E0DD105 ConfigurationManager, init=-1: [42c3f630-5831-4e96-a05e-adaa7bd4e131:192.168.69.73:35079, 671de8ea-03b0-4027-b943-f04fd917b6dd:192.168.69.73:35367, 637dfc31-241d-4e66-8a1b-1719bdff904f:192.168.69.73:39066], old=null, confs=<EMPTY_MAP>
2019-08-21 08:27:22,412 INFO  impl.RaftServerImpl (RaftServerImpl.java:<init>(93)) - 637dfc31-241d-4e66-8a1b-1719bdff904f: new RaftServerImpl for group-6C009E0DD105:[42c3f630-5831-4e96-a05e-adaa7bd4e131:192.168.69.73:35079, 671de8ea-03b0-4027-b943-f04fd917b6dd:192.168.69.73:35367, 637dfc31-241d-4e66-8a1b-1719bdff904f:192.168.69.73:39066] with ContainerStateMachine:uninitialized
2019-08-21 08:27:22,412 INFO  server.RaftServerConfigKeys (ConfUtils.java:logGet(43)) - raft.server.storage.dir = [/workdir/hadoop-ozone/integration-test/target/test-dir/MiniOzoneClusterImpl-58c37d08-4f2b-4349-a02b-45cd945bf2f6/datanode-1/data/ratis] (custom)
2019-08-21 08:27:22,413 INFO  server.RaftServerConfigKeys (ConfUtils.java:logGet(43)) - raft.server.rpc.timeout.min = 5s (custom)
2019-08-21 08:27:22,413 INFO  server.RaftServerConfigKeys (ConfUtils.java:logGet(43)) - raft.server.rpc.timeout.max = 5200ms (custom)
2019-08-21 08:27:22,413 INFO  storage.RaftStorageDirectory (RaftStorageDirectory.java:analyzeStorage(246)) - The storage directory /workdir/hadoop-ozone/integration-test/target/test-dir/MiniOzoneClusterImpl-58c37d08-4f2b-4349-a02b-45cd945bf2f6/datanode-1/data/ratis/1b316ed5-a6a9-4776-8a40-6c009e0dd105 does not exist. Creating ...
2019-08-21 08:27:22,413 INFO  server.RaftServerConfigKeys (ConfUtils.java:logGet(43)) - raft.server.rpcslowness.timeout = 120s (custom)
2019-08-21 08:27:22,413 INFO  server.RaftServerConfigKeys (ConfUtils.java:logGet(43)) - raft.server.sleep.deviation.threshold = 300 (default)
2019-08-21 08:27:22,413 INFO  server.RaftServerConfigKeys (ConfUtils.java:logGet(43)) - raft.server.log.appender.install.snapshot.enabled = false (custom)
2019-08-21 08:27:22,414 INFO  impl.RaftServerImpl (ServerState.java:<init>(105)) - 637dfc31-241d-4e66-8a1b-1719bdff904f:group-6C009E0DD105 ConfigurationManager, init=-1: [42c3f630-5831-4e96-a05e-adaa7bd4e131:192.168.69.73:35079, 671de8ea-03b0-4027-b943-f04fd917b6dd:192.168.69.73:35367, 637dfc31-241d-4e66-8a1b-1719bdff904f:192.168.69.73:39066], old=null, confs=<EMPTY_MAP>
2019-08-21 08:27:22,414 INFO  server.RaftServerConfigKeys (ConfUtils.java:logGet(43)) - raft.server.storage.dir = [/workdir/hadoop-ozone/integration-test/target/test-dir/MiniOzoneClusterImpl-58c37d08-4f2b-4349-a02b-45cd945bf2f6/datanode-2/data/ratis] (custom)
2019-08-21 08:27:22,414 INFO  storage.RaftStorageDirectory (RaftStorageDirectory.java:analyzeStorage(246)) - The storage directory /workdir/hadoop-ozone/integration-test/target/test-dir/MiniOzoneClusterImpl-58c37d08-4f2b-4349-a02b-45cd945bf2f6/datanode-2/data/ratis/1b316ed5-a6a9-4776-8a40-6c009e0dd105 does not exist. Creating ...
2019-08-21 08:27:22,436 INFO  storage.RaftStorageDirectory (RaftStorageDirectory.java:tryLock(328)) - Lock on /workdir/hadoop-ozone/integration-test/target/test-dir/MiniOzoneClusterImpl-58c37d08-4f2b-4349-a02b-45cd945bf2f6/datanode-0/data/ratis/1b316ed5-a6a9-4776-8a40-6c009e0dd105/in_use.lock acquired by nodename 14422@pr-hdds-1935-z5xc5-3809828402
2019-08-21 08:27:22,436 INFO  storage.RaftStorageDirectory (RaftStorageDirectory.java:tryLock(328)) - Lock on /workdir/hadoop-ozone/integration-test/target/test-dir/MiniOzoneClusterImpl-58c37d08-4f2b-4349-a02b-45cd945bf2f6/datanode-2/data/ratis/1b316ed5-a6a9-4776-8a40-6c009e0dd105/in_use.lock acquired by nodename 14422@pr-hdds-1935-z5xc5-3809828402
2019-08-21 08:27:22,436 INFO  storage.RaftStorageDirectory (RaftStorageDirectory.java:tryLock(328)) - Lock on /workdir/hadoop-ozone/integration-test/target/test-dir/MiniOzoneClusterImpl-58c37d08-4f2b-4349-a02b-45cd945bf2f6/datanode-1/data/ratis/1b316ed5-a6a9-4776-8a40-6c009e0dd105/in_use.lock acquired by nodename 14422@pr-hdds-1935-z5xc5-3809828402
2019-08-21 08:27:22,462 INFO  storage.RaftStorage (RaftStorage.java:format(72)) - Storage directory /workdir/hadoop-ozone/integration-test/target/test-dir/MiniOzoneClusterImpl-58c37d08-4f2b-4349-a02b-45cd945bf2f6/datanode-0/data/ratis/1b316ed5-a6a9-4776-8a40-6c009e0dd105 has been successfully formatted.
2019-08-21 08:27:22,462 INFO  storage.RaftStorage (RaftStorage.java:format(72)) - Storage directory /workdir/hadoop-ozone/integration-test/target/test-dir/MiniOzoneClusterImpl-58c37d08-4f2b-4349-a02b-45cd945bf2f6/datanode-1/data/ratis/1b316ed5-a6a9-4776-8a40-6c009e0dd105 has been successfully formatted.
2019-08-21 08:27:22,462 INFO  storage.RaftStorage (RaftStorage.java:format(72)) - Storage directory /workdir/hadoop-ozone/integration-test/target/test-dir/MiniOzoneClusterImpl-58c37d08-4f2b-4349-a02b-45cd945bf2f6/datanode-2/data/ratis/1b316ed5-a6a9-4776-8a40-6c009e0dd105 has been successfully formatted.
2019-08-21 08:27:22,462 INFO  ratis.ContainerStateMachine (ContainerStateMachine.java:loadSnapshot(222)) - group-6C009E0DD105: The snapshot info is null. Setting the last applied indexto:(t:0, i:~)
2019-08-21 08:27:22,463 INFO  ratis.ContainerStateMachine (ContainerStateMachine.java:loadSnapshot(222)) - group-6C009E0DD105: The snapshot info is null. Setting the last applied indexto:(t:0, i:~)
2019-08-21 08:27:22,462 INFO  ratis.ContainerStateMachine (ContainerStateMachine.java:loadSnapshot(222)) - group-6C009E0DD105: The snapshot info is null. Setting the last applied indexto:(t:0, i:~)
2019-08-21 08:27:22,463 INFO  server.RaftServerConfigKeys (ConfUtils.java:logGet(43)) - raft.server.leader.election.timeout = 120s (custom)
2019-08-21 08:27:22,463 INFO  server.RaftServerConfigKeys (ConfUtils.java:logGet(43)) - raft.server.leader.election.timeout = 120s (custom)
2019-08-21 08:27:22,463 INFO  server.RaftServerConfigKeys (ConfUtils.java:logGet(43)) - raft.server.log.use.memory = false (default)
2019-08-21 08:27:22,463 INFO  server.RaftServerConfigKeys (ConfUtils.java:logGet(43)) - raft.server.leader.election.timeout = 120s (custom)
2019-08-21 08:27:22,464 INFO  server.RaftServerConfigKeys (ConfUtils.java:logGet(43)) - raft.server.log.purge.gap = 1000000000 (custom)
2019-08-21 08:27:22,463 INFO  server.RaftServerConfigKeys (ConfUtils.java:logGet(43)) - raft.server.log.use.memory = false (default)
2019-08-21 08:27:22,464 INFO  server.RaftServerConfigKeys (ConfUtils.java:logGet(43)) - raft.server.log.appender.buffer.byte-limit = 33554432 (custom)
2019-08-21 08:27:22,464 INFO  server.RaftServerConfigKeys (ConfUtils.java:logGet(43)) - raft.server.log.use.memory = false (default)
2019-08-21 08:27:22,464 INFO  server.RaftServerConfigKeys (ConfUtils.java:logGet(43)) - raft.server.log.segment.size.max = 1048576 (custom)
2019-08-21 08:27:22,464 INFO  server.RaftServerConfigKeys (ConfUtils.java:logGet(43)) - raft.server.log.purge.gap = 1000000000 (custom)
2019-08-21 08:27:22,465 INFO  server.RaftServerConfigKeys (ConfUtils.java:logGet(43)) - raft.server.log.segment.cache.num.max = 2 (custom)
2019-08-21 08:27:22,464 INFO  server.RaftServerConfigKeys (ConfUtils.java:logGet(43)) - raft.server.log.purge.gap = 1000000000 (custom)
2019-08-21 08:27:22,465 INFO  segmented.SegmentedRaftLogWorker (SegmentedRaftLogWorker.java:<init>(172)) - new 637dfc31-241d-4e66-8a1b-1719bdff904f-SegmentedRaftLogWorker:Storage Directory /workdir/hadoop-ozone/integration-test/target/test-dir/MiniOzoneClusterImpl-58c37d08-4f2b-4349-a02b-45cd945bf2f6/datanode-2/data/ratis/1b316ed5-a6a9-4776-8a40-6c009e0dd105 for RaftStorage:Storage Directory /workdir/hadoop-ozone/integration-test/target/test-dir/MiniOzoneClusterImpl-58c37d08-4f2b-4349-a02b-45cd945bf2f6/datanode-2/data/ratis/1b316ed5-a6a9-4776-8a40-6c009e0dd105
2019-08-21 08:27:22,465 INFO  server.RaftServerConfigKeys (ConfUtils.java:logGet(43)) - raft.server.log.appender.buffer.byte-limit = 33554432 (custom)
2019-08-21 08:27:22,465 INFO  server.RaftServerConfigKeys (ConfUtils.java:logGet(43)) - raft.server.log.queue.byte-limit = 2147483647 (custom)
2019-08-21 08:27:22,465 INFO  server.RaftServerConfigKeys (ConfUtils.java:logGet(43)) - raft.server.log.appender.buffer.byte-limit = 33554432 (custom)
2019-08-21 08:27:22,466 INFO  server.RaftServerConfigKeys (ConfUtils.java:logGet(43)) - raft.server.log.queue.element-limit = 1024 (custom)
2019-08-21 08:27:22,466 INFO  server.RaftServerConfigKeys (ConfUtils.java:logGet(43)) - raft.server.log.segment.size.max = 1048576 (custom)
2019-08-21 08:27:22,466 INFO  server.RaftServerConfigKeys (ConfUtils.java:logGet(43)) - raft.server.log.segment.size.max = 1048576 (custom)
2019-08-21 08:27:22,466 INFO  server.RaftServerConfigKeys (ConfUtils.java:logGet(43)) - raft.server.log.segment.size.max = 1048576 (custom)
2019-08-21 08:27:22,468 INFO  server.RaftServerConfigKeys (ConfUtils.java:logGet(43)) - raft.server.log.preallocated.size = 16384 (custom)
2019-08-21 08:27:22,467 INFO  server.RaftServerConfigKeys (ConfUtils.java:logGet(43)) - raft.server.log.segment.cache.num.max = 2 (custom)
2019-08-21 08:27:22,468 INFO  server.RaftServerConfigKeys (ConfUtils.java:logGet(43)) - raft.server.log.write.buffer.size = 33554432 (custom)
2019-08-21 08:27:22,468 INFO  server.RaftServerConfigKeys (ConfUtils.java:logGet(43)) - raft.server.log.segment.cache.num.max = 2 (custom)
2019-08-21 08:27:22,469 INFO  server.RaftServerConfigKeys (ConfUtils.java:logGet(43)) - raft.server.log.force.sync.num = 128 (default)
2019-08-21 08:27:22,469 INFO  segmented.SegmentedRaftLogWorker (SegmentedRaftLogWorker.java:<init>(172)) - new 671de8ea-03b0-4027-b943-f04fd917b6dd-SegmentedRaftLogWorker:Storage Directory /workdir/hadoop-ozone/integration-test/target/test-dir/MiniOzoneClusterImpl-58c37d08-4f2b-4349-a02b-45cd945bf2f6/datanode-1/data/ratis/1b316ed5-a6a9-4776-8a40-6c009e0dd105 for RaftStorage:Storage Directory /workdir/hadoop-ozone/integration-test/target/test-dir/MiniOzoneClusterImpl-58c37d08-4f2b-4349-a02b-45cd945bf2f6/datanode-1/data/ratis/1b316ed5-a6a9-4776-8a40-6c009e0dd105
2019-08-21 08:27:22,469 INFO  server.RaftServerConfigKeys (ConfUtils.java:logGet(43)) - raft.server.log.statemachine.data.sync = true (default)
2019-08-21 08:27:22,469 INFO  segmented.SegmentedRaftLogWorker (SegmentedRaftLogWorker.java:<init>(172)) - new 42c3f630-5831-4e96-a05e-adaa7bd4e131-SegmentedRaftLogWorker:Storage Directory /workdir/hadoop-ozone/integration-test/target/test-dir/MiniOzoneClusterImpl-58c37d08-4f2b-4349-a02b-45cd945bf2f6/datanode-0/data/ratis/1b316ed5-a6a9-4776-8a40-6c009e0dd105 for RaftStorage:Storage Directory /workdir/hadoop-ozone/integration-test/target/test-dir/MiniOzoneClusterImpl-58c37d08-4f2b-4349-a02b-45cd945bf2f6/datanode-0/data/ratis/1b316ed5-a6a9-4776-8a40-6c009e0dd105
2019-08-21 08:27:22,469 INFO  server.RaftServerConfigKeys (ConfUtils.java:logGet(43)) - raft.server.log.queue.byte-limit = 2147483647 (custom)
2019-08-21 08:27:22,470 INFO  server.RaftServerConfigKeys (ConfUtils.java:logGet(43)) - raft.server.log.queue.byte-limit = 2147483647 (custom)
2019-08-21 08:27:22,470 INFO  server.RaftServerConfigKeys (ConfUtils.java:logGet(43)) - raft.server.log.statemachine.data.sync.timeout = 10s (default)
2019-08-21 08:27:22,470 INFO  server.RaftServerConfigKeys (ConfUtils.java:logGet(43)) - raft.server.log.queue.element-limit = 1024 (custom)
2019-08-21 08:27:22,470 INFO  server.RaftServerConfigKeys (ConfUtils.java:logGet(43)) - raft.server.log.queue.element-limit = 1024 (custom)
2019-08-21 08:27:22,471 INFO  server.RaftServerConfigKeys (ConfUtils.java:logGet(43)) - raft.server.log.segment.size.max = 1048576 (custom)
2019-08-21 08:27:22,470 INFO  server.RaftServerConfigKeys (ConfUtils.java:logGet(43)) - raft.server.log.statemachine.data.sync.timeout.retry = -1 (default)
2019-08-21 08:27:22,471 INFO  server.RaftServerConfigKeys (ConfUtils.java:logGet(43)) - raft.server.log.preallocated.size = 16384 (custom)
2019-08-21 08:27:22,471 INFO  server.RaftServerConfigKeys (ConfUtils.java:logGet(43)) - raft.server.log.segment.size.max = 1048576 (custom)
2019-08-21 08:27:22,471 INFO  server.RaftServerConfigKeys (ConfUtils.java:logGet(43)) - raft.server.log.write.buffer.size = 33554432 (custom)
2019-08-21 08:27:22,472 INFO  server.RaftServerConfigKeys (ConfUtils.java:logGet(43)) - raft.server.log.statemachine.data.caching.enabled = true (custom)
2019-08-21 08:27:22,472 INFO  server.RaftServerConfigKeys (ConfUtils.java:logGet(43)) - raft.server.log.preallocated.size = 16384 (custom)
2019-08-21 08:27:22,472 INFO  server.RaftServerConfigKeys (ConfUtils.java:logGet(43)) - raft.server.log.force.sync.num = 128 (default)
2019-08-21 08:27:22,472 INFO  server.RaftServerConfigKeys (ConfUtils.java:logGet(43)) - raft.server.log.write.buffer.size = 33554432 (custom)
2019-08-21 08:27:22,472 INFO  server.RaftServerConfigKeys (ConfUtils.java:logGet(43)) - raft.server.log.statemachine.data.sync = true (default)
2019-08-21 08:27:22,473 INFO  server.RaftServerConfigKeys (ConfUtils.java:logGet(43)) - raft.server.log.force.sync.num = 128 (default)
2019-08-21 08:27:22,473 INFO  segmented.SegmentedRaftLogWorker (SegmentedRaftLogWorker.java:lambda$new$0(132)) - 637dfc31-241d-4e66-8a1b-1719bdff904f-SegmentedRaftLogWorker:Storage Directory /workdir/hadoop-ozone/integration-test/target/test-dir/MiniOzoneClusterImpl-58c37d08-4f2b-4349-a02b-45cd945bf2f6/datanode-2/data/ratis/1b316ed5-a6a9-4776-8a40-6c009e0dd105: flushIndex: setUnconditionally 0 -> -1
2019-08-21 08:27:22,473 INFO  server.RaftServerConfigKeys (ConfUtils.java:logGet(43)) - raft.server.log.statemachine.data.sync.timeout = 10s (default)
2019-08-21 08:27:22,473 INFO  server.RaftServerConfigKeys (ConfUtils.java:logGet(43)) - raft.server.log.statemachine.data.sync = true (default)
2019-08-21 08:27:22,474 INFO  server.RaftServerConfigKeys (ConfUtils.java:logGet(43)) - raft.server.snapshot.auto.trigger.enabled = true (custom)
2019-08-21 08:27:22,473 INFO  server.RaftServerConfigKeys (ConfUtils.java:logGet(43)) - raft.server.log.statemachine.data.sync.timeout.retry = -1 (default)
2019-08-21 08:27:22,474 INFO  server.RaftServerConfigKeys (ConfUtils.java:logGet(43)) - raft.server.snapshot.auto.trigger.threshold = 10000 (custom)
2019-08-21 08:27:22,474 INFO  server.RaftServerConfigKeys (ConfUtils.java:logGet(43)) - raft.server.log.statemachine.data.sync.timeout = 10s (default)
2019-08-21 08:27:22,474 INFO  server.RaftServerConfigKeys (ConfUtils.java:logGet(43)) - raft.server.retrycache.expirytime = 600000ms (custom)
2019-08-21 08:27:22,474 INFO  server.RaftServerConfigKeys (ConfUtils.java:logGet(43)) - raft.server.log.statemachine.data.caching.enabled = true (custom)
2019-08-21 08:27:22,475 INFO  server.RaftServerConfigKeys (ConfUtils.java:logGet(43)) - raft.server.log.statemachine.data.sync.timeout.retry = -1 (default)
2019-08-21 08:27:22,475 INFO  segmented.SegmentedRaftLogWorker (SegmentedRaftLogWorker.java:lambda$new$0(132)) - 42c3f630-5831-4e96-a05e-adaa7bd4e131-SegmentedRaftLogWorker:Storage Directory /workdir/hadoop-ozone/integration-test/target/test-dir/MiniOzoneClusterImpl-58c37d08-4f2b-4349-a02b-45cd945bf2f6/datanode-0/data/ratis/1b316ed5-a6a9-4776-8a40-6c009e0dd105: flushIndex: setUnconditionally 0 -> -1
2019-08-21 08:27:22,475 INFO  impl.RaftServerImpl (RaftServerImpl.java:start(180)) - 637dfc31-241d-4e66-8a1b-1719bdff904f: start group-6C009E0DD105
2019-08-21 08:27:22,475 INFO  server.RaftServerConfigKeys (ConfUtils.java:logGet(43)) - raft.server.log.statemachine.data.caching.enabled = true (custom)
2019-08-21 08:27:22,476 INFO  impl.RaftServerImpl (RaftServerImpl.java:setRole(171)) - 637dfc31-241d-4e66-8a1b-1719bdff904f:group-6C009E0DD105 changes role from null to FOLLOWER at term 0 for startAsFollower
2019-08-21 08:27:22,476 INFO  server.RaftServerConfigKeys (ConfUtils.java:logGet(43)) - raft.server.snapshot.auto.trigger.enabled = true (custom)
2019-08-21 08:27:22,476 INFO  impl.RoleInfo (RoleInfo.java:updateAndGet(143)) - 637dfc31-241d-4e66-8a1b-1719bdff904f: start FollowerState
2019-08-21 08:27:22,476 INFO  segmented.SegmentedRaftLogWorker (SegmentedRaftLogWorker.java:lambda$new$0(132)) - 671de8ea-03b0-4027-b943-f04fd917b6dd-SegmentedRaftLogWorker:Storage Directory /workdir/hadoop-ozone/integration-test/target/test-dir/MiniOzoneClusterImpl-58c37d08-4f2b-4349-a02b-45cd945bf2f6/datanode-1/data/ratis/1b316ed5-a6a9-4776-8a40-6c009e0dd105: flushIndex: setUnconditionally 0 -> -1
2019-08-21 08:27:22,476 INFO  server.RaftServerConfigKeys (ConfUtils.java:logGet(43)) - raft.server.snapshot.auto.trigger.threshold = 10000 (custom)
2019-08-21 08:27:22,477 INFO  server.RaftServerConfigKeys (ConfUtils.java:logGet(43)) - raft.server.snapshot.auto.trigger.enabled = true (custom)
2019-08-21 08:27:22,477 INFO  server.RaftServerConfigKeys (ConfUtils.java:logGet(43)) - raft.server.retrycache.expirytime = 600000ms (custom)
2019-08-21 08:27:22,477 INFO  server.RaftServerConfigKeys (ConfUtils.java:logGet(43)) - raft.server.snapshot.auto.trigger.threshold = 10000 (custom)
2019-08-21 08:27:22,477 INFO  impl.RaftServerImpl (RaftServerImpl.java:start(180)) - 42c3f630-5831-4e96-a05e-adaa7bd4e131: start group-6C009E0DD105
2019-08-21 08:27:22,477 INFO  util.JmxRegister (JmxRegister.java:tryRegister(44)) - Successfully registered JMX Bean with object name Ratis:service=RaftServer,group=group-6C009E0DD105,id=637dfc31-241d-4e66-8a1b-1719bdff904f
2019-08-21 08:27:22,478 INFO  impl.RaftServerImpl (RaftServerImpl.java:setRole(171)) - 42c3f630-5831-4e96-a05e-adaa7bd4e131:group-6C009E0DD105 changes role from null to FOLLOWER at term 0 for startAsFollower
2019-08-21 08:27:22,478 INFO  server.RaftServerConfigKeys (ConfUtils.java:logGet(43)) - raft.server.retrycache.expirytime = 600000ms (custom)
2019-08-21 08:27:22,478 INFO  impl.RoleInfo (RoleInfo.java:updateAndGet(143)) - 42c3f630-5831-4e96-a05e-adaa7bd4e131: start FollowerState
2019-08-21 08:27:22,478 INFO  impl.RaftServerImpl (RaftServerImpl.java:start(180)) - 671de8ea-03b0-4027-b943-f04fd917b6dd: start group-6C009E0DD105
2019-08-21 08:27:22,478 INFO  impl.RaftServerImpl (RaftServerImpl.java:setRole(171)) - 671de8ea-03b0-4027-b943-f04fd917b6dd:group-6C009E0DD105 changes role from null to FOLLOWER at term 0 for startAsFollower
2019-08-21 08:27:22,479 INFO  util.JmxRegister (JmxRegister.java:tryRegister(44)) - Successfully registered JMX Bean with object name Ratis:service=RaftServer,group=group-6C009E0DD105,id=42c3f630-5831-4e96-a05e-adaa7bd4e131
2019-08-21 08:27:22,479 INFO  impl.RoleInfo (RoleInfo.java:updateAndGet(143)) - 671de8ea-03b0-4027-b943-f04fd917b6dd: start FollowerState
2019-08-21 08:27:22,480 INFO  util.JmxRegister (JmxRegister.java:tryRegister(44)) - Successfully registered JMX Bean with object name Ratis:service=RaftServer,group=group-6C009E0DD105,id=671de8ea-03b0-4027-b943-f04fd917b6dd
2019-08-21 08:27:22,489 INFO  pipeline.PipelineStateManager (PipelineStateManager.java:addPipeline(56)) - Created pipeline Pipeline[ Id: 1b316ed5-a6a9-4776-8a40-6c009e0dd105, Nodes: 42c3f630-5831-4e96-a05e-adaa7bd4e131{ip: 192.168.69.73, host: pr-hdds-1935-z5xc5-3809828402, networkLocation: /default-rack, certSerialId: null}637dfc31-241d-4e66-8a1b-1719bdff904f{ip: 192.168.69.73, host: pr-hdds-1935-z5xc5-3809828402, networkLocation: /default-rack, certSerialId: null}671de8ea-03b0-4027-b943-f04fd917b6dd{ip: 192.168.69.73, host: pr-hdds-1935-z5xc5-3809828402, networkLocation: /default-rack, certSerialId: null}, Type:RATIS, Factor:THREE, State:OPEN]
2019-08-21 08:27:23,315 INFO  ozone.MiniOzoneClusterImpl (MiniOzoneClusterImpl.java:lambda$waitForClusterToBeReady$0(142)) - Cluster is ready. Got 3 of 3 DN Heartbeats.
2019-08-21 08:27:23,316 INFO  datanode.ObjectStoreHandler (ObjectStoreHandler.java:close(155)) - Closing ObjectStoreHandler.
2019-08-21 08:27:23,316 INFO  ozone.HddsDatanodeService (HddsDatanodeService.java:stop(451)) - Stopped plug-in org.apache.hadoop.ozone.web.OzoneHddsDatanodeService@52746bca
2019-08-21 08:27:23,867 INFO  statemachine.DatanodeStateMachine (DatanodeStateMachine.java:lambda$startDaemon$0(350)) - Ozone container server started.
2019-08-21 08:27:24,908 INFO  container.ReplicationManager (ReplicationManager.java:start(164)) - Starting Replication Monitor Thread.
2019-08-21 08:27:24,910 INFO  container.ReplicationManager (ReplicationManager.java:run(216)) - Replication Monitor Thread took 0 milliseconds for processing 0 containers.
2019-08-21 08:27:27,047 INFO  impl.FollowerState (FollowerState.java:run(106)) - 42c3f630-5831-4e96-a05e-adaa7bd4e131:group-24895533CD16 changes to CANDIDATE, lastRpcTime:5110, electionTimeout:5110ms
2019-08-21 08:27:27,047 INFO  impl.RoleInfo (RoleInfo.java:shutdownFollowerState(121)) - 42c3f630-5831-4e96-a05e-adaa7bd4e131: shutdown FollowerState
2019-08-21 08:27:27,047 INFO  impl.RaftServerImpl (RaftServerImpl.java:setRole(171)) - 42c3f630-5831-4e96-a05e-adaa7bd4e131:group-24895533CD16 changes role from FOLLOWER to CANDIDATE at term 0 for changeToCandidate
2019-08-21 08:27:27,047 INFO  impl.RoleInfo (RoleInfo.java:updateAndGet(143)) - 42c3f630-5831-4e96-a05e-adaa7bd4e131: start LeaderElection
2019-08-21 08:27:27,066 INFO  impl.LeaderElection (LeaderElection.java:askForVotes(181)) - 42c3f630-5831-4e96-a05e-adaa7bd4e131:group-24895533CD16:LeaderElection13: begin an election at term 1 for -1: [42c3f630-5831-4e96-a05e-adaa7bd4e131:192.168.69.73:35079], old=null
2019-08-21 08:27:27,066 INFO  impl.RoleInfo (RoleInfo.java:shutdownLeaderElection(134)) - 42c3f630-5831-4e96-a05e-adaa7bd4e131: shutdown LeaderElection
2019-08-21 08:27:27,066 INFO  impl.RaftServerImpl (RaftServerImpl.java:setRole(171)) - 42c3f630-5831-4e96-a05e-adaa7bd4e131:group-24895533CD16 changes role from CANDIDATE to LEADER at term 1 for changeToLeader
2019-08-21 08:27:27,066 INFO  impl.RaftServerImpl (ServerState.java:setLeader(263)) - 42c3f630-5831-4e96-a05e-adaa7bd4e131:group-24895533CD16 change Leader from null to 42c3f630-5831-4e96-a05e-adaa7bd4e131 at term 1 for becomeLeader, leader elected after 5135ms
2019-08-21 08:27:27,066 INFO  server.RaftServerConfigKeys (ConfUtils.java:logGet(43)) - raft.server.staging.catchup.gap = 1000 (default)
2019-08-21 08:27:27,067 INFO  server.RaftServerConfigKeys (ConfUtils.java:logGet(43)) - raft.server.rpc.sleep.time = 25ms (default)
2019-08-21 08:27:27,067 INFO  server.RaftServerConfigKeys (ConfUtils.java:logGet(43)) - raft.server.write.element-limit = 4096 (default)
2019-08-21 08:27:27,067 INFO  server.RaftServerConfigKeys (ConfUtils.java:logGet(43)) - raft.server.watch.timeout = 10s (default)
2019-08-21 08:27:27,067 INFO  server.RaftServerConfigKeys (ConfUtils.java:logGet(43)) - raft.server.watch.timeout.denomination = 1s (default)
2019-08-21 08:27:27,067 INFO  server.RaftServerConfigKeys (ConfUtils.java:logGet(43)) - raft.server.watch.element-limit = 65536 (default)
2019-08-21 08:27:27,068 INFO  impl.RoleInfo (RoleInfo.java:updateAndGet(143)) - 42c3f630-5831-4e96-a05e-adaa7bd4e131: start LeaderState
2019-08-21 08:27:27,068 INFO  segmented.SegmentedRaftLogWorker (SegmentedRaftLogWorker.java:startLogSegment(380)) - 42c3f630-5831-4e96-a05e-adaa7bd4e131-SegmentedRaftLogWorker:Storage Directory /workdir/hadoop-ozone/integration-test/target/test-dir/MiniOzoneClusterImpl-58c37d08-4f2b-4349-a02b-45cd945bf2f6/datanode-0/data/ratis/36e9bf83-9f71-4e54-9eea-24895533cd16: Starting segment from index:0
2019-08-21 08:27:27,069 INFO  impl.RaftServerImpl (ServerState.java:setRaftConf(361)) - 42c3f630-5831-4e96-a05e-adaa7bd4e131:group-24895533CD16 set configuration 0: [42c3f630-5831-4e96-a05e-adaa7bd4e131:192.168.69.73:35079], old=null at 0
2019-08-21 08:27:27,107 INFO  segmented.SegmentedRaftLogWorker (SegmentedRaftLogWorker.java:execute(569)) - 42c3f630-5831-4e96-a05e-adaa7bd4e131-SegmentedRaftLogWorker:Storage Directory /workdir/hadoop-ozone/integration-test/target/test-dir/MiniOzoneClusterImpl-58c37d08-4f2b-4349-a02b-45cd945bf2f6/datanode-0/data/ratis/36e9bf83-9f71-4e54-9eea-24895533cd16: created new log segment /workdir/hadoop-ozone/integration-test/target/test-dir/MiniOzoneClusterImpl-58c37d08-4f2b-4349-a02b-45cd945bf2f6/datanode-0/data/ratis/36e9bf83-9f71-4e54-9eea-24895533cd16/current/log_inprogress_0
2019-08-21 08:27:27,250 INFO  impl.FollowerState (FollowerState.java:run(106)) - 671de8ea-03b0-4027-b943-f04fd917b6dd:group-95197781E66E changes to CANDIDATE, lastRpcTime:5092, electionTimeout:5087ms
2019-08-21 08:27:27,250 INFO  impl.RoleInfo (RoleInfo.java:shutdownFollowerState(121)) - 671de8ea-03b0-4027-b943-f04fd917b6dd: shutdown FollowerState
2019-08-21 08:27:27,250 INFO  impl.RaftServerImpl (RaftServerImpl.java:setRole(171)) - 671de8ea-03b0-4027-b943-f04fd917b6dd:group-95197781E66E changes role from FOLLOWER to CANDIDATE at term 0 for changeToCandidate
2019-08-21 08:27:27,251 INFO  impl.RoleInfo (RoleInfo.java:updateAndGet(143)) - 671de8ea-03b0-4027-b943-f04fd917b6dd: start LeaderElection
2019-08-21 08:27:27,272 INFO  impl.LeaderElection (LeaderElection.java:askForVotes(181)) - 671de8ea-03b0-4027-b943-f04fd917b6dd:group-95197781E66E:LeaderElection14: begin an election at term 1 for -1: [671de8ea-03b0-4027-b943-f04fd917b6dd:192.168.69.73:35367], old=null
2019-08-21 08:27:27,272 INFO  impl.RoleInfo (RoleInfo.java:shutdownLeaderElection(134)) - 671de8ea-03b0-4027-b943-f04fd917b6dd: shutdown LeaderElection
2019-08-21 08:27:27,272 INFO  impl.RaftServerImpl (RaftServerImpl.java:setRole(171)) - 671de8ea-03b0-4027-b943-f04fd917b6dd:group-95197781E66E changes role from CANDIDATE to LEADER at term 1 for changeToLeader
2019-08-21 08:27:27,273 INFO  impl.RaftServerImpl (ServerState.java:setLeader(263)) - 671de8ea-03b0-4027-b943-f04fd917b6dd:group-95197781E66E change Leader from null to 671de8ea-03b0-4027-b943-f04fd917b6dd at term 1 for becomeLeader, leader elected after 5119ms
2019-08-21 08:27:27,273 INFO  server.RaftServerConfigKeys (ConfUtils.java:logGet(43)) - raft.server.staging.catchup.gap = 1000 (default)
2019-08-21 08:27:27,273 INFO  server.RaftServerConfigKeys (ConfUtils.java:logGet(43)) - raft.server.rpc.sleep.time = 25ms (default)
2019-08-21 08:27:27,273 INFO  server.RaftServerConfigKeys (ConfUtils.java:logGet(43)) - raft.server.write.element-limit = 4096 (default)
2019-08-21 08:27:27,274 INFO  server.RaftServerConfigKeys (ConfUtils.java:logGet(43)) - raft.server.watch.timeout = 10s (default)
2019-08-21 08:27:27,274 INFO  server.RaftServerConfigKeys (ConfUtils.java:logGet(43)) - raft.server.watch.timeout.denomination = 1s (default)
2019-08-21 08:27:27,274 INFO  server.RaftServerConfigKeys (ConfUtils.java:logGet(43)) - raft.server.watch.element-limit = 65536 (default)
2019-08-21 08:27:27,274 INFO  impl.RoleInfo (RoleInfo.java:updateAndGet(143)) - 671de8ea-03b0-4027-b943-f04fd917b6dd: start LeaderState
2019-08-21 08:27:27,275 INFO  segmented.SegmentedRaftLogWorker (SegmentedRaftLogWorker.java:startLogSegment(380)) - 671de8ea-03b0-4027-b943-f04fd917b6dd-SegmentedRaftLogWorker:Storage Directory /workdir/hadoop-ozone/integration-test/target/test-dir/MiniOzoneClusterImpl-58c37d08-4f2b-4349-a02b-45cd945bf2f6/datanode-1/data/ratis/1319f62b-2e21-4601-b0d3-95197781e66e: Starting segment from index:0
2019-08-21 08:27:27,275 INFO  impl.RaftServerImpl (ServerState.java:setRaftConf(361)) - 671de8ea-03b0-4027-b943-f04fd917b6dd:group-95197781E66E set configuration 0: [671de8ea-03b0-4027-b943-f04fd917b6dd:192.168.69.73:35367], old=null at 0
2019-08-21 08:27:27,340 INFO  segmented.SegmentedRaftLogWorker (SegmentedRaftLogWorker.java:execute(569)) - 671de8ea-03b0-4027-b943-f04fd917b6dd-SegmentedRaftLogWorker:Storage Directory /workdir/hadoop-ozone/integration-test/target/test-dir/MiniOzoneClusterImpl-58c37d08-4f2b-4349-a02b-45cd945bf2f6/datanode-1/data/ratis/1319f62b-2e21-4601-b0d3-95197781e66e: created new log segment /workdir/hadoop-ozone/integration-test/target/test-dir/MiniOzoneClusterImpl-58c37d08-4f2b-4349-a02b-45cd945bf2f6/datanode-1/data/ratis/1319f62b-2e21-4601-b0d3-95197781e66e/current/log_inprogress_0
2019-08-21 08:27:27,388 INFO  impl.FollowerState (FollowerState.java:run(106)) - 637dfc31-241d-4e66-8a1b-1719bdff904f:group-60256C8D4C52 changes to CANDIDATE, lastRpcTime:5012, electionTimeout:5012ms
2019-08-21 08:27:27,388 INFO  impl.RoleInfo (RoleInfo.java:shutdownFollowerState(121)) - 637dfc31-241d-4e66-8a1b-1719bdff904f: shutdown FollowerState
2019-08-21 08:27:27,388 INFO  impl.RaftServerImpl (RaftServerImpl.java:setRole(171)) - 637dfc31-241d-4e66-8a1b-1719bdff904f:group-60256C8D4C52 changes role from FOLLOWER to CANDIDATE at term 0 for changeToCandidate
2019-08-21 08:27:27,388 INFO  impl.RoleInfo (RoleInfo.java:updateAndGet(143)) - 637dfc31-241d-4e66-8a1b-1719bdff904f: start LeaderElection
2019-08-21 08:27:27,396 INFO  impl.LeaderElection (LeaderElection.java:askForVotes(181)) - 637dfc31-241d-4e66-8a1b-1719bdff904f:group-60256C8D4C52:LeaderElection15: begin an election at term 1 for -1: [637dfc31-241d-4e66-8a1b-1719bdff904f:192.168.69.73:39066], old=null
2019-08-21 08:27:27,396 INFO  impl.RoleInfo (RoleInfo.java:shutdownLeaderElection(134)) - 637dfc31-241d-4e66-8a1b-1719bdff904f: shutdown LeaderElection
2019-08-21 08:27:27,397 INFO  impl.RaftServerImpl (RaftServerImpl.java:setRole(171)) - 637dfc31-241d-4e66-8a1b-1719bdff904f:group-60256C8D4C52 changes role from CANDIDATE to LEADER at term 1 for changeToLeader
2019-08-21 08:27:27,397 INFO  impl.RaftServerImpl (ServerState.java:setLeader(263)) - 637dfc31-241d-4e66-8a1b-1719bdff904f:group-60256C8D4C52 change Leader from null to 637dfc31-241d-4e66-8a1b-1719bdff904f at term 1 for becomeLeader, leader elected after 5028ms
2019-08-21 08:27:27,397 INFO  server.RaftServerConfigKeys (ConfUtils.java:logGet(43)) - raft.server.staging.catchup.gap = 1000 (default)
2019-08-21 08:27:27,397 INFO  server.RaftServerConfigKeys (ConfUtils.java:logGet(43)) - raft.server.rpc.sleep.time = 25ms (default)
2019-08-21 08:27:27,397 INFO  server.RaftServerConfigKeys (ConfUtils.java:logGet(43)) - raft.server.write.element-limit = 4096 (default)
2019-08-21 08:27:27,397 INFO  server.RaftServerConfigKeys (ConfUtils.java:logGet(43)) - raft.server.watch.timeout = 10s (default)
2019-08-21 08:27:27,398 INFO  server.RaftServerConfigKeys (ConfUtils.java:logGet(43)) - raft.server.watch.timeout.denomination = 1s (default)
2019-08-21 08:27:27,398 INFO  server.RaftServerConfigKeys (ConfUtils.java:logGet(43)) - raft.server.watch.element-limit = 65536 (default)
2019-08-21 08:27:27,398 INFO  impl.RoleInfo (RoleInfo.java:updateAndGet(143)) - 637dfc31-241d-4e66-8a1b-1719bdff904f: start LeaderState
2019-08-21 08:27:27,398 INFO  segmented.SegmentedRaftLogWorker (SegmentedRaftLogWorker.java:startLogSegment(380)) - 637dfc31-241d-4e66-8a1b-1719bdff904f-SegmentedRaftLogWorker:Storage Directory /workdir/hadoop-ozone/integration-test/target/test-dir/MiniOzoneClusterImpl-58c37d08-4f2b-4349-a02b-45cd945bf2f6/datanode-2/data/ratis/6bf3c7e3-e3fc-424b-8923-60256c8d4c52: Starting segment from index:0
2019-08-21 08:27:27,399 INFO  impl.RaftServerImpl (ServerState.java:setRaftConf(361)) - 637dfc31-241d-4e66-8a1b-1719bdff904f:group-60256C8D4C52 set configuration 0: [637dfc31-241d-4e66-8a1b-1719bdff904f:192.168.69.73:39066], old=null at 0
2019-08-21 08:27:27,448 INFO  segmented.SegmentedRaftLogWorker (SegmentedRaftLogWorker.java:execute(569)) - 637dfc31-241d-4e66-8a1b-1719bdff904f-SegmentedRaftLogWorker:Storage Directory /workdir/hadoop-ozone/integration-test/target/test-dir/MiniOzoneClusterImpl-58c37d08-4f2b-4349-a02b-45cd945bf2f6/datanode-2/data/ratis/6bf3c7e3-e3fc-424b-8923-60256c8d4c52: created new log segment /workdir/hadoop-ozone/integration-test/target/test-dir/MiniOzoneClusterImpl-58c37d08-4f2b-4349-a02b-45cd945bf2f6/datanode-2/data/ratis/6bf3c7e3-e3fc-424b-8923-60256c8d4c52/current/log_inprogress_0
2019-08-21 08:27:27,536 INFO  impl.FollowerState (FollowerState.java:run(106)) - 42c3f630-5831-4e96-a05e-adaa7bd4e131:group-6C009E0DD105 changes to CANDIDATE, lastRpcTime:5057, electionTimeout:5057ms
2019-08-21 08:27:27,536 INFO  impl.RoleInfo (RoleInfo.java:shutdownFollowerState(121)) - 42c3f630-5831-4e96-a05e-adaa7bd4e131: shutdown FollowerState
2019-08-21 08:27:27,536 INFO  impl.RaftServerImpl (RaftServerImpl.java:setRole(171)) - 42c3f630-5831-4e96-a05e-adaa7bd4e131:group-6C009E0DD105 changes role from FOLLOWER to CANDIDATE at term 0 for changeToCandidate
2019-08-21 08:27:27,536 INFO  impl.RoleInfo (RoleInfo.java:updateAndGet(143)) - 42c3f630-5831-4e96-a05e-adaa7bd4e131: start LeaderElection
2019-08-21 08:27:27,548 INFO  impl.LeaderElection (LeaderElection.java:askForVotes(181)) - 42c3f630-5831-4e96-a05e-adaa7bd4e131:group-6C009E0DD105:LeaderElection16: begin an election at term 1 for -1: [42c3f630-5831-4e96-a05e-adaa7bd4e131:192.168.69.73:35079, 671de8ea-03b0-4027-b943-f04fd917b6dd:192.168.69.73:35367, 637dfc31-241d-4e66-8a1b-1719bdff904f:192.168.69.73:39066], old=null
2019-08-21 08:27:27,564 INFO  impl.RaftServerImpl (RaftServerImpl.java:setRole(171)) - 671de8ea-03b0-4027-b943-f04fd917b6dd:group-6C009E0DD105 changes role from FOLLOWER to FOLLOWER at term 1 for recognizeCandidate:42c3f630-5831-4e96-a05e-adaa7bd4e131
2019-08-21 08:27:27,564 INFO  impl.RaftServerImpl (RaftServerImpl.java:setRole(171)) - 637dfc31-241d-4e66-8a1b-1719bdff904f:group-6C009E0DD105 changes role from FOLLOWER to FOLLOWER at term 1 for recognizeCandidate:42c3f630-5831-4e96-a05e-adaa7bd4e131
2019-08-21 08:27:27,564 INFO  impl.RoleInfo (RoleInfo.java:shutdownFollowerState(121)) - 671de8ea-03b0-4027-b943-f04fd917b6dd: shutdown FollowerState
2019-08-21 08:27:27,564 INFO  impl.RoleInfo (RoleInfo.java:shutdownFollowerState(121)) - 637dfc31-241d-4e66-8a1b-1719bdff904f: shutdown FollowerState
2019-08-21 08:27:27,565 INFO  impl.FollowerState (FollowerState.java:run(114)) - 671de8ea-03b0-4027-b943-f04fd917b6dd: FollowerState was interrupted: java.lang.InterruptedException: sleep interrupted
2019-08-21 08:27:27,565 INFO  impl.RoleInfo (RoleInfo.java:updateAndGet(143)) - 671de8ea-03b0-4027-b943-f04fd917b6dd: start FollowerState
2019-08-21 08:27:27,565 INFO  impl.FollowerState (FollowerState.java:run(114)) - 637dfc31-241d-4e66-8a1b-1719bdff904f: FollowerState was interrupted: java.lang.InterruptedException: sleep interrupted
2019-08-21 08:27:27,565 INFO  impl.RoleInfo (RoleInfo.java:updateAndGet(143)) - 637dfc31-241d-4e66-8a1b-1719bdff904f: start FollowerState
2019-08-21 08:27:27,589 INFO  impl.LeaderElection (LeaderElection.java:logAndReturn(56)) - 42c3f630-5831-4e96-a05e-adaa7bd4e131:group-6C009E0DD105:LeaderElection16: Election PASSED; received 1 response(s) [42c3f630-5831-4e96-a05e-adaa7bd4e131<-637dfc31-241d-4e66-8a1b-1719bdff904f#0:OK-t1] and 0 exception(s); 42c3f630-5831-4e96-a05e-adaa7bd4e131:t1, leader=null, voted=42c3f630-5831-4e96-a05e-adaa7bd4e131, raftlog=42c3f630-5831-4e96-a05e-adaa7bd4e131-SegmentedRaftLog:OPENED:c-1,f-1,i0, conf=-1: [42c3f630-5831-4e96-a05e-adaa7bd4e131:192.168.69.73:35079, 671de8ea-03b0-4027-b943-f04fd917b6dd:192.168.69.73:35367, 637dfc31-241d-4e66-8a1b-1719bdff904f:192.168.69.73:39066], old=null
2019-08-21 08:27:27,589 INFO  impl.RoleInfo (RoleInfo.java:shutdownLeaderElection(134)) - 42c3f630-5831-4e96-a05e-adaa7bd4e131: shutdown LeaderElection
2019-08-21 08:27:27,591 INFO  impl.RaftServerImpl (RaftServerImpl.java:setRole(171)) - 42c3f630-5831-4e96-a05e-adaa7bd4e131:group-6C009E0DD105 changes role from CANDIDATE to LEADER at term 1 for changeToLeader
2019-08-21 08:27:27,591 INFO  impl.RaftServerImpl (ServerState.java:setLeader(263)) - 42c3f630-5831-4e96-a05e-adaa7bd4e131:group-6C009E0DD105 change Leader from null to 42c3f630-5831-4e96-a05e-adaa7bd4e131 at term 1 for becomeLeader, leader elected after 5128ms
2019-08-21 08:27:27,591 INFO  server.RaftServerConfigKeys (ConfUtils.java:logGet(43)) - raft.server.staging.catchup.gap = 1000 (default)
2019-08-21 08:27:27,592 INFO  server.RaftServerConfigKeys (ConfUtils.java:logGet(43)) - raft.server.rpc.sleep.time = 25ms (default)
2019-08-21 08:27:27,592 INFO  server.RaftServerConfigKeys (ConfUtils.java:logGet(43)) - raft.server.write.element-limit = 4096 (default)
2019-08-21 08:27:27,592 INFO  server.RaftServerConfigKeys (ConfUtils.java:logGet(43)) - raft.server.watch.timeout = 10s (default)
2019-08-21 08:27:27,592 INFO  server.RaftServerConfigKeys (ConfUtils.java:logGet(43)) - raft.server.watch.timeout.denomination = 1s (default)
2019-08-21 08:27:27,592 INFO  server.RaftServerConfigKeys (ConfUtils.java:logGet(43)) - raft.server.watch.element-limit = 65536 (default)
2019-08-21 08:27:27,593 INFO  server.RaftServerConfigKeys (ConfUtils.java:logGet(43)) - raft.server.log.appender.snapshot.chunk.size.max = 16MB (=16777216) (default)
2019-08-21 08:27:27,593 INFO  server.RaftServerConfigKeys (ConfUtils.java:logGet(43)) - raft.server.log.appender.buffer.byte-limit = 33554432 (custom)
2019-08-21 08:27:27,593 INFO  server.RaftServerConfigKeys (ConfUtils.java:logGet(43)) - raft.server.log.appender.buffer.element-limit = 1 (custom)
2019-08-21 08:27:27,594 INFO  grpc.GrpcConfigKeys$Server (ConfUtils.java:logGet(43)) - raft.grpc.server.leader.outstanding.appends.max = 128 (default)
2019-08-21 08:27:27,594 INFO  server.RaftServerConfigKeys (ConfUtils.java:logGet(43)) - raft.server.rpc.request.timeout = 3000ms (default)
2019-08-21 08:27:27,594 INFO  server.RaftServerConfigKeys (ConfUtils.java:logGet(43)) - raft.server.log.appender.install.snapshot.enabled = false (custom)
2019-08-21 08:27:27,595 INFO  server.RaftServerConfigKeys (ConfUtils.java:logGet(43)) - raft.server.log.appender.snapshot.chunk.size.max = 16MB (=16777216) (default)
2019-08-21 08:27:27,595 INFO  server.RaftServerConfigKeys (ConfUtils.java:logGet(43)) - raft.server.log.appender.buffer.byte-limit = 33554432 (custom)
2019-08-21 08:27:27,595 INFO  server.RaftServerConfigKeys (ConfUtils.java:logGet(43)) - raft.server.log.appender.buffer.element-limit = 1 (custom)
2019-08-21 08:27:27,595 INFO  grpc.GrpcConfigKeys$Server (ConfUtils.java:logGet(43)) - raft.grpc.server.leader.outstanding.appends.max = 128 (default)
2019-08-21 08:27:27,596 INFO  server.RaftServerConfigKeys (ConfUtils.java:logGet(43)) - raft.server.rpc.request.timeout = 3000ms (default)
2019-08-21 08:27:27,596 INFO  server.RaftServerConfigKeys (ConfUtils.java:logGet(43)) - raft.server.log.appender.install.snapshot.enabled = false (custom)
2019-08-21 08:27:27,596 INFO  impl.RoleInfo (RoleInfo.java:updateAndGet(143)) - 42c3f630-5831-4e96-a05e-adaa7bd4e131: start LeaderState
2019-08-21 08:27:27,596 INFO  segmented.SegmentedRaftLogWorker (SegmentedRaftLogWorker.java:startLogSegment(380)) - 42c3f630-5831-4e96-a05e-adaa7bd4e131-SegmentedRaftLogWorker:Storage Directory /workdir/hadoop-ozone/integration-test/target/test-dir/MiniOzoneClusterImpl-58c37d08-4f2b-4349-a02b-45cd945bf2f6/datanode-0/data/ratis/1b316ed5-a6a9-4776-8a40-6c009e0dd105: Starting segment from index:0
2019-08-21 08:27:27,597 INFO  impl.RaftServerImpl (ServerState.java:setRaftConf(361)) - 42c3f630-5831-4e96-a05e-adaa7bd4e131:group-6C009E0DD105 set configuration 0: [42c3f630-5831-4e96-a05e-adaa7bd4e131:192.168.69.73:35079, 671de8ea-03b0-4027-b943-f04fd917b6dd:192.168.69.73:35367, 637dfc31-241d-4e66-8a1b-1719bdff904f:192.168.69.73:39066], old=null at 0
2019-08-21 08:27:27,635 INFO  impl.RaftServerImpl (ServerState.java:setLeader(263)) - 637dfc31-241d-4e66-8a1b-1719bdff904f:group-6C009E0DD105 change Leader from null to 42c3f630-5831-4e96-a05e-adaa7bd4e131 at term 1 for appendEntries, leader elected after 5172ms
2019-08-21 08:27:27,635 INFO  impl.RaftServerImpl (ServerState.java:setLeader(263)) - 671de8ea-03b0-4027-b943-f04fd917b6dd:group-6C009E0DD105 change Leader from null to 42c3f630-5831-4e96-a05e-adaa7bd4e131 at term 1 for appendEntries, leader elected after 5172ms
2019-08-21 08:27:27,642 INFO  impl.RaftServerImpl (ServerState.java:setRaftConf(361)) - 637dfc31-241d-4e66-8a1b-1719bdff904f:group-6C009E0DD105 set configuration 0: [42c3f630-5831-4e96-a05e-adaa7bd4e131:192.168.69.73:35079, 671de8ea-03b0-4027-b943-f04fd917b6dd:192.168.69.73:35367, 637dfc31-241d-4e66-8a1b-1719bdff904f:192.168.69.73:39066], old=null at 0
2019-08-21 08:27:27,644 INFO  impl.RaftServerImpl (ServerState.java:setRaftConf(361)) - 671de8ea-03b0-4027-b943-f04fd917b6dd:group-6C009E0DD105 set configuration 0: [42c3f630-5831-4e96-a05e-adaa7bd4e131:192.168.69.73:35079, 671de8ea-03b0-4027-b943-f04fd917b6dd:192.168.69.73:35367, 637dfc31-241d-4e66-8a1b-1719bdff904f:192.168.69.73:39066], old=null at 0
2019-08-21 08:27:27,644 INFO  segmented.SegmentedRaftLogWorker (SegmentedRaftLogWorker.java:execute(569)) - 42c3f630-5831-4e96-a05e-adaa7bd4e131-SegmentedRaftLogWorker:Storage Directory /workdir/hadoop-ozone/integration-test/target/test-dir/MiniOzoneClusterImpl-58c37d08-4f2b-4349-a02b-45cd945bf2f6/datanode-0/data/ratis/1b316ed5-a6a9-4776-8a40-6c009e0dd105: created new log segment /workdir/hadoop-ozone/integration-test/target/test-dir/MiniOzoneClusterImpl-58c37d08-4f2b-4349-a02b-45cd945bf2f6/datanode-0/data/ratis/1b316ed5-a6a9-4776-8a40-6c009e0dd105/current/log_inprogress_0
2019-08-21 08:27:27,644 INFO  segmented.SegmentedRaftLogWorker (SegmentedRaftLogWorker.java:startLogSegment(380)) - 637dfc31-241d-4e66-8a1b-1719bdff904f-SegmentedRaftLogWorker:Storage Directory /workdir/hadoop-ozone/integration-test/target/test-dir/MiniOzoneClusterImpl-58c37d08-4f2b-4349-a02b-45cd945bf2f6/datanode-2/data/ratis/1b316ed5-a6a9-4776-8a40-6c009e0dd105: Starting segment from index:0
2019-08-21 08:27:27,644 INFO  segmented.SegmentedRaftLogWorker (SegmentedRaftLogWorker.java:startLogSegment(380)) - 671de8ea-03b0-4027-b943-f04fd917b6dd-SegmentedRaftLogWorker:Storage Directory /workdir/hadoop-ozone/integration-test/target/test-dir/MiniOzoneClusterImpl-58c37d08-4f2b-4349-a02b-45cd945bf2f6/datanode-1/data/ratis/1b316ed5-a6a9-4776-8a40-6c009e0dd105: Starting segment from index:0
2019-08-21 08:27:27,692 INFO  segmented.SegmentedRaftLogWorker (SegmentedRaftLogWorker.java:execute(569)) - 637dfc31-241d-4e66-8a1b-1719bdff904f-SegmentedRaftLogWorker:Storage Directory /workdir/hadoop-ozone/integration-test/target/test-dir/MiniOzoneClusterImpl-58c37d08-4f2b-4349-a02b-45cd945bf2f6/datanode-2/data/ratis/1b316ed5-a6a9-4776-8a40-6c009e0dd105: created new log segment /workdir/hadoop-ozone/integration-test/target/test-dir/MiniOzoneClusterImpl-58c37d08-4f2b-4349-a02b-45cd945bf2f6/datanode-2/data/ratis/1b316ed5-a6a9-4776-8a40-6c009e0dd105/current/log_inprogress_0
2019-08-21 08:27:27,692 INFO  segmented.SegmentedRaftLogWorker (SegmentedRaftLogWorker.java:execute(569)) - 671de8ea-03b0-4027-b943-f04fd917b6dd-SegmentedRaftLogWorker:Storage Directory /workdir/hadoop-ozone/integration-test/target/test-dir/MiniOzoneClusterImpl-58c37d08-4f2b-4349-a02b-45cd945bf2f6/datanode-1/data/ratis/1b316ed5-a6a9-4776-8a40-6c009e0dd105: created new log segment /workdir/hadoop-ozone/integration-test/target/test-dir/MiniOzoneClusterImpl-58c37d08-4f2b-4349-a02b-45cd945bf2f6/datanode-1/data/ratis/1b316ed5-a6a9-4776-8a40-6c009e0dd105/current/log_inprogress_0
2019-08-21 08:27:27,819 INFO  node.StaleNodeHandler (StaleNodeHandler.java:onMessage(58)) - Datanode 42c3f630-5831-4e96-a05e-adaa7bd4e131{ip: 192.168.69.73, host: pr-hdds-1935-z5xc5-3809828402, networkLocation: /default-rack, certSerialId: null} moved to stale state. Finalizing its pipelines [PipelineID=1b316ed5-a6a9-4776-8a40-6c009e0dd105, PipelineID=36e9bf83-9f71-4e54-9eea-24895533cd16]
2019-08-21 08:27:27,820 INFO  pipeline.SCMPipelineManager (SCMPipelineManager.java:finalizeAndDestroyPipeline(309)) - destroying pipeline:Pipeline[ Id: 1b316ed5-a6a9-4776-8a40-6c009e0dd105, Nodes: 42c3f630-5831-4e96-a05e-adaa7bd4e131{ip: 192.168.69.73, host: pr-hdds-1935-z5xc5-3809828402, networkLocation: /default-rack, certSerialId: null}637dfc31-241d-4e66-8a1b-1719bdff904f{ip: 192.168.69.73, host: pr-hdds-1935-z5xc5-3809828402, networkLocation: /default-rack, certSerialId: null}671de8ea-03b0-4027-b943-f04fd917b6dd{ip: 192.168.69.73, host: pr-hdds-1935-z5xc5-3809828402, networkLocation: /default-rack, certSerialId: null}, Type:RATIS, Factor:THREE, State:OPEN]
2019-08-21 08:27:27,820 INFO  pipeline.PipelineStateManager (PipelineStateManager.java:finalizePipeline(123)) - Pipeline Pipeline[ Id: 1b316ed5-a6a9-4776-8a40-6c009e0dd105, Nodes: 42c3f630-5831-4e96-a05e-adaa7bd4e131{ip: 192.168.69.73, host: pr-hdds-1935-z5xc5-3809828402, networkLocation: /default-rack, certSerialId: null}637dfc31-241d-4e66-8a1b-1719bdff904f{ip: 192.168.69.73, host: pr-hdds-1935-z5xc5-3809828402, networkLocation: /default-rack, certSerialId: null}671de8ea-03b0-4027-b943-f04fd917b6dd{ip: 192.168.69.73, host: pr-hdds-1935-z5xc5-3809828402, networkLocation: /default-rack, certSerialId: null}, Type:RATIS, Factor:THREE, State:CLOSED] moved to CLOSED state
2019-08-21 08:27:27,822 INFO  pipeline.SCMPipelineManager (SCMPipelineManager.java:finalizeAndDestroyPipeline(309)) - destroying pipeline:Pipeline[ Id: 36e9bf83-9f71-4e54-9eea-24895533cd16, Nodes: 42c3f630-5831-4e96-a05e-adaa7bd4e131{ip: 192.168.69.73, host: pr-hdds-1935-z5xc5-3809828402, networkLocation: /default-rack, certSerialId: null}, Type:RATIS, Factor:ONE, State:OPEN]
2019-08-21 08:27:27,822 INFO  pipeline.PipelineStateManager (PipelineStateManager.java:finalizePipeline(123)) - Pipeline Pipeline[ Id: 36e9bf83-9f71-4e54-9eea-24895533cd16, Nodes: 42c3f630-5831-4e96-a05e-adaa7bd4e131{ip: 192.168.69.73, host: pr-hdds-1935-z5xc5-3809828402, networkLocation: /default-rack, certSerialId: null}, Type:RATIS, Factor:ONE, State:CLOSED] moved to CLOSED state
2019-08-21 08:27:28,317 INFO  ozoneimpl.OzoneContainer (OzoneContainer.java:stop(199)) - Attempting to stop container services.
2019-08-21 08:27:28,318 INFO  impl.RaftServerProxy (RaftServerProxy.java:lambda$close$4(314)) - 42c3f630-5831-4e96-a05e-adaa7bd4e131: close
2019-08-21 08:27:28,319 INFO  impl.RaftServerImpl (RaftServerImpl.java:lambda$shutdown$3(245)) - 42c3f630-5831-4e96-a05e-adaa7bd4e131: shutdown group-6C009E0DD105
2019-08-21 08:27:28,319 INFO  impl.RaftServerImpl (RaftServerImpl.java:lambda$shutdown$3(245)) - 42c3f630-5831-4e96-a05e-adaa7bd4e131: shutdown group-24895533CD16
2019-08-21 08:27:28,319 INFO  util.JmxRegister (JmxRegister.java:unregister(73)) - Successfully un-registered JMX Bean with object name Ratis:service=RaftServer,group=group-6C009E0DD105,id=42c3f630-5831-4e96-a05e-adaa7bd4e131
2019-08-21 08:27:28,319 INFO  util.JmxRegister (JmxRegister.java:unregister(73)) - Successfully un-registered JMX Bean with object name Ratis:service=RaftServer,group=group-24895533CD16,id=42c3f630-5831-4e96-a05e-adaa7bd4e131
2019-08-21 08:27:28,320 INFO  impl.RoleInfo (RoleInfo.java:shutdownLeaderState(104)) - 42c3f630-5831-4e96-a05e-adaa7bd4e131: shutdown LeaderState
2019-08-21 08:27:28,320 INFO  impl.RoleInfo (RoleInfo.java:shutdownLeaderState(104)) - 42c3f630-5831-4e96-a05e-adaa7bd4e131: shutdown LeaderState
2019-08-21 08:27:28,324 WARN  server.GrpcLogAppender (GrpcLogAppender.java:mayWait(143)) - GrpcLogAppender(42c3f630-5831-4e96-a05e-adaa7bd4e131->671de8ea-03b0-4027-b943-f04fd917b6dd): Wait interrupted by java.lang.InterruptedException
2019-08-21 08:27:28,324 INFO  impl.PendingRequests (PendingRequests.java:sendNotLeaderResponses(202)) - 42c3f630-5831-4e96-a05e-adaa7bd4e131-PendingRequests: sendNotLeaderResponses
2019-08-21 08:27:28,324 INFO  impl.PendingRequests (PendingRequests.java:sendNotLeaderResponses(202)) - 42c3f630-5831-4e96-a05e-adaa7bd4e131-PendingRequests: sendNotLeaderResponses
2019-08-21 08:27:28,324 WARN  server.GrpcLogAppender (GrpcLogAppender.java:mayWait(143)) - GrpcLogAppender(42c3f630-5831-4e96-a05e-adaa7bd4e131->637dfc31-241d-4e66-8a1b-1719bdff904f): Wait interrupted by java.lang.InterruptedException
2019-08-21 08:27:28,327 INFO  impl.StateMachineUpdater (StateMachineUpdater.java:stopAndJoin(115)) - StateMachineUpdater:42c3f630-5831-4e96-a05e-adaa7bd4e131:group-6C009E0DD105: set stopIndex = 0
2019-08-21 08:27:28,329 INFO  impl.RaftServerImpl (ServerState.java:close(394)) - 42c3f630-5831-4e96-a05e-adaa7bd4e131:group-6C009E0DD105 closes. The last applied log index is 0
2019-08-21 08:27:28,326 INFO  impl.StateMachineUpdater (StateMachineUpdater.java:stopAndJoin(115)) - StateMachineUpdater:42c3f630-5831-4e96-a05e-adaa7bd4e131:group-24895533CD16: set stopIndex = 0
2019-08-21 08:27:28,330 INFO  segmented.SegmentedRaftLogWorker (SegmentedRaftLogWorker.java:run(313)) - 42c3f630-5831-4e96-a05e-adaa7bd4e131-SegmentedRaftLogWorker:Storage Directory /workdir/hadoop-ozone/integration-test/target/test-dir/MiniOzoneClusterImpl-58c37d08-4f2b-4349-a02b-45cd945bf2f6/datanode-0/data/ratis/1b316ed5-a6a9-4776-8a40-6c009e0dd105 was interrupted, exiting. There are 0 tasks remaining in the queue.
2019-08-21 08:27:28,329 INFO  server.GrpcServerProtocolService (GrpcServerProtocolService.java:onCompleted(104)) - 637dfc31-241d-4e66-8a1b-1719bdff904f: appendEntries completed
2019-08-21 08:27:28,331 INFO  segmented.SegmentedRaftLogWorker (SegmentedRaftLogWorker.java:close(228)) - 42c3f630-5831-4e96-a05e-adaa7bd4e131-SegmentedRaftLogWorker:Storage Directory /workdir/hadoop-ozone/integration-test/target/test-dir/MiniOzoneClusterImpl-58c37d08-4f2b-4349-a02b-45cd945bf2f6/datanode-0/data/ratis/1b316ed5-a6a9-4776-8a40-6c009e0dd105 close()
2019-08-21 08:27:28,329 INFO  server.GrpcServerProtocolService (GrpcServerProtocolService.java:onCompleted(104)) - 671de8ea-03b0-4027-b943-f04fd917b6dd: appendEntries completed
2019-08-21 08:27:28,330 INFO  impl.RaftServerImpl (ServerState.java:close(394)) - 42c3f630-5831-4e96-a05e-adaa7bd4e131:group-24895533CD16 closes. The last applied log index is 0
2019-08-21 08:27:28,335 INFO  server.GrpcLogAppender (GrpcLogAppender.java:onCompleted(292)) - 42c3f630-5831-4e96-a05e-adaa7bd4e131->637dfc31-241d-4e66-8a1b-1719bdff904f: follower responses appendEntries COMPLETED
2019-08-21 08:27:28,336 INFO  server.GrpcLogAppender (GrpcLogAppender.java:onCompleted(292)) - 42c3f630-5831-4e96-a05e-adaa7bd4e131->671de8ea-03b0-4027-b943-f04fd917b6dd: follower responses appendEntries COMPLETED
2019-08-21 08:27:28,335 INFO  segmented.SegmentedRaftLogWorker (SegmentedRaftLogWorker.java:run(313)) - 42c3f630-5831-4e96-a05e-adaa7bd4e131-SegmentedRaftLogWorker:Storage Directory /workdir/hadoop-ozone/integration-test/target/test-dir/MiniOzoneClusterImpl-58c37d08-4f2b-4349-a02b-45cd945bf2f6/datanode-0/data/ratis/36e9bf83-9f71-4e54-9eea-24895533cd16 was interrupted, exiting. There are 0 tasks remaining in the queue.
2019-08-21 08:27:28,338 INFO  impl.FollowerInfo (FollowerInfo.java:lambda$new$0(50)) - 42c3f630-5831-4e96-a05e-adaa7bd4e131->637dfc31-241d-4e66-8a1b-1719bdff904f: nextIndex: updateUnconditionally 1 -> 0
2019-08-21 08:27:28,340 INFO  segmented.SegmentedRaftLogWorker (SegmentedRaftLogWorker.java:close(228)) - 42c3f630-5831-4e96-a05e-adaa7bd4e131-SegmentedRaftLogWorker:Storage Directory /workdir/hadoop-ozone/integration-test/target/test-dir/MiniOzoneClusterImpl-58c37d08-4f2b-4349-a02b-45cd945bf2f6/datanode-0/data/ratis/36e9bf83-9f71-4e54-9eea-24895533cd16 close()
2019-08-21 08:27:28,340 INFO  impl.FollowerInfo (FollowerInfo.java:lambda$new$0(50)) - 42c3f630-5831-4e96-a05e-adaa7bd4e131->671de8ea-03b0-4027-b943-f04fd917b6dd: nextIndex: updateUnconditionally 1 -> 0
2019-08-21 08:27:28,347 INFO  server.GrpcService (GrpcService.java:closeImpl(155)) - 42c3f630-5831-4e96-a05e-adaa7bd4e131: shutdown server with port 35079 now
2019-08-21 08:27:28,348 INFO  server.GrpcService (GrpcService.java:closeImpl(163)) - 42c3f630-5831-4e96-a05e-adaa7bd4e131: shutdown server with port 35079 successfully
2019-08-21 08:27:28,349 INFO  utils.BackgroundService (BackgroundService.java:shutdown(148)) - Shutting down service BlockDeletingService
2019-08-21 08:27:28,351 WARN  fs.CachingGetSpaceUsed (CachingGetSpaceUsed.java:run(183)) - Thread Interrupted waiting to refresh disk information: sleep interrupted
2019-08-21 08:27:28,375 INFO  statemachine.DatanodeStateMachine (DatanodeStateMachine.java:stopDaemon(395)) - Ozone container server stopped.
2019-08-21 08:27:28,376 INFO  handler.ContextHandler (ContextHandler.java:doStop(910)) - Stopped o.e.j.w.WebAppContext@65cc4c6{/,null,UNAVAILABLE}{/hddsDatanode}
2019-08-21 08:27:28,377 INFO  server.AbstractConnector (AbstractConnector.java:doStop(318)) - Stopped ServerConnector@68837d2d{HTTP/1.1,[http/1.1]}{0.0.0.0:0}
2019-08-21 08:27:28,377 INFO  handler.ContextHandler (ContextHandler.java:doStop(910)) - Stopped o.e.j.s.ServletContextHandler@783502e3{/static,jar:file:/home/user/.m2/repository/org/apache/hadoop/hadoop-hdds-container-service/0.5.0-SNAPSHOT/hadoop-hdds-container-service-0.5.0-SNAPSHOT.jar!/webapps/static,UNAVAILABLE}
2019-08-21 08:27:28,377 INFO  handler.ContextHandler (ContextHandler.java:doStop(910)) - Stopped o.e.j.s.ServletContextHandler@4680b6d9{/logs,file:///workdir/hadoop-ozone/integration-test/target/log,UNAVAILABLE}
2019-08-21 08:27:28,379 INFO  datanode.ObjectStoreHandler (ObjectStoreHandler.java:close(155)) - Closing ObjectStoreHandler.
2019-08-21 08:27:28,380 INFO  ozone.HddsDatanodeService (HddsDatanodeService.java:stop(451)) - Stopped plug-in org.apache.hadoop.ozone.web.OzoneHddsDatanodeService@615177c3
2019-08-21 08:27:29,104 INFO  statemachine.DatanodeStateMachine (DatanodeStateMachine.java:lambda$startDaemon$0(350)) - Ozone container server started.
2019-08-21 08:27:33,380 INFO  ozoneimpl.OzoneContainer (OzoneContainer.java:stop(199)) - Attempting to stop container services.
2019-08-21 08:27:33,381 INFO  impl.RaftServerProxy (RaftServerProxy.java:lambda$close$4(314)) - 671de8ea-03b0-4027-b943-f04fd917b6dd: close
2019-08-21 08:27:33,381 INFO  impl.RaftServerImpl (RaftServerImpl.java:lambda$shutdown$3(245)) - 671de8ea-03b0-4027-b943-f04fd917b6dd: shutdown group-6C009E0DD105
2019-08-21 08:27:33,382 INFO  util.JmxRegister (JmxRegister.java:unregister(73)) - Successfully un-registered JMX Bean with object name Ratis:service=RaftServer,group=group-6C009E0DD105,id=671de8ea-03b0-4027-b943-f04fd917b6dd
2019-08-21 08:27:33,382 INFO  impl.RoleInfo (RoleInfo.java:shutdownFollowerState(121)) - 671de8ea-03b0-4027-b943-f04fd917b6dd: shutdown FollowerState
2019-08-21 08:27:33,382 INFO  impl.StateMachineUpdater (StateMachineUpdater.java:stopAndJoin(115)) - StateMachineUpdater:671de8ea-03b0-4027-b943-f04fd917b6dd:group-6C009E0DD105: set stopIndex = -1
2019-08-21 08:27:33,384 INFO  impl.RaftServerImpl (ServerState.java:close(394)) - 671de8ea-03b0-4027-b943-f04fd917b6dd:group-6C009E0DD105 closes. The last applied log index is -1
2019-08-21 08:27:33,383 INFO  impl.FollowerState (FollowerState.java:run(114)) - 671de8ea-03b0-4027-b943-f04fd917b6dd: FollowerState was interrupted: java.lang.InterruptedException: sleep interrupted
2019-08-21 08:27:33,385 INFO  segmented.SegmentedRaftLogWorker (SegmentedRaftLogWorker.java:run(313)) - 671de8ea-03b0-4027-b943-f04fd917b6dd-SegmentedRaftLogWorker:Storage Directory /workdir/hadoop-ozone/integration-test/target/test-dir/MiniOzoneClusterImpl-58c37d08-4f2b-4349-a02b-45cd945bf2f6/datanode-1/data/ratis/1b316ed5-a6a9-4776-8a40-6c009e0dd105 was interrupted, exiting. There are 0 tasks remaining in the queue.
2019-08-21 08:27:33,386 INFO  segmented.SegmentedRaftLogWorker (SegmentedRaftLogWorker.java:close(228)) - 671de8ea-03b0-4027-b943-f04fd917b6dd-SegmentedRaftLogWorker:Storage Directory /workdir/hadoop-ozone/integration-test/target/test-dir/MiniOzoneClusterImpl-58c37d08-4f2b-4349-a02b-45cd945bf2f6/datanode-1/data/ratis/1b316ed5-a6a9-4776-8a40-6c009e0dd105 close()
2019-08-21 08:27:33,387 INFO  impl.RaftServerImpl (RaftServerImpl.java:lambda$shutdown$3(245)) - 671de8ea-03b0-4027-b943-f04fd917b6dd: shutdown group-95197781E66E
2019-08-21 08:27:33,387 INFO  util.JmxRegister (JmxRegister.java:unregister(73)) - Successfully un-registered JMX Bean with object name Ratis:service=RaftServer,group=group-95197781E66E,id=671de8ea-03b0-4027-b943-f04fd917b6dd
2019-08-21 08:27:33,388 INFO  impl.RoleInfo (RoleInfo.java:shutdownLeaderState(104)) - 671de8ea-03b0-4027-b943-f04fd917b6dd: shutdown LeaderState
2019-08-21 08:27:33,388 INFO  impl.PendingRequests (PendingRequests.java:sendNotLeaderResponses(202)) - 671de8ea-03b0-4027-b943-f04fd917b6dd-PendingRequests: sendNotLeaderResponses
2019-08-21 08:27:33,389 INFO  impl.StateMachineUpdater (StateMachineUpdater.java:stopAndJoin(115)) - StateMachineUpdater:671de8ea-03b0-4027-b943-f04fd917b6dd:group-95197781E66E: set stopIndex = 0
2019-08-21 08:27:33,390 INFO  impl.RaftServerImpl (ServerState.java:close(394)) - 671de8ea-03b0-4027-b943-f04fd917b6dd:group-95197781E66E closes. The last applied log index is 0
2019-08-21 08:27:33,390 INFO  segmented.SegmentedRaftLogWorker (SegmentedRaftLogWorker.java:run(313)) - 671de8ea-03b0-4027-b943-f04fd917b6dd-SegmentedRaftLogWorker:Storage Directory /workdir/hadoop-ozone/integration-test/target/test-dir/MiniOzoneClusterImpl-58c37d08-4f2b-4349-a02b-45cd945bf2f6/datanode-1/data/ratis/1319f62b-2e21-4601-b0d3-95197781e66e was interrupted, exiting. There are 0 tasks remaining in the queue.
2019-08-21 08:27:33,392 INFO  segmented.SegmentedRaftLogWorker (SegmentedRaftLogWorker.java:close(228)) - 671de8ea-03b0-4027-b943-f04fd917b6dd-SegmentedRaftLogWorker:Storage Directory /workdir/hadoop-ozone/integration-test/target/test-dir/MiniOzoneClusterImpl-58c37d08-4f2b-4349-a02b-45cd945bf2f6/datanode-1/data/ratis/1319f62b-2e21-4601-b0d3-95197781e66e close()
2019-08-21 08:27:33,393 INFO  server.GrpcService (GrpcService.java:closeImpl(155)) - 671de8ea-03b0-4027-b943-f04fd917b6dd: shutdown server with port 35367 now
2019-08-21 08:27:33,393 INFO  server.GrpcService (GrpcService.java:closeImpl(163)) - 671de8ea-03b0-4027-b943-f04fd917b6dd: shutdown server with port 35367 successfully
2019-08-21 08:27:33,396 INFO  utils.BackgroundService (BackgroundService.java:shutdown(148)) - Shutting down service BlockDeletingService
2019-08-21 08:27:33,398 WARN  fs.CachingGetSpaceUsed (CachingGetSpaceUsed.java:run(183)) - Thread Interrupted waiting to refresh disk information: sleep interrupted
2019-08-21 08:27:33,416 INFO  statemachine.DatanodeStateMachine (DatanodeStateMachine.java:stopDaemon(395)) - Ozone container server stopped.
2019-08-21 08:27:33,417 INFO  handler.ContextHandler (ContextHandler.java:doStop(910)) - Stopped o.e.j.w.WebAppContext@6ddbdeb4{/,null,UNAVAILABLE}{/hddsDatanode}
2019-08-21 08:27:33,418 INFO  server.AbstractConnector (AbstractConnector.java:doStop(318)) - Stopped ServerConnector@7b61b5d2{HTTP/1.1,[http/1.1]}{0.0.0.0:0}
2019-08-21 08:27:33,418 INFO  handler.ContextHandler (ContextHandler.java:doStop(910)) - Stopped o.e.j.s.ServletContextHandler@5c71fb92{/static,jar:file:/home/user/.m2/repository/org/apache/hadoop/hadoop-hdds-container-service/0.5.0-SNAPSHOT/hadoop-hdds-container-service-0.5.0-SNAPSHOT.jar!/webapps/static,UNAVAILABLE}
2019-08-21 08:27:33,418 INFO  handler.ContextHandler (ContextHandler.java:doStop(910)) - Stopped o.e.j.s.ServletContextHandler@2f787dd5{/logs,file:///workdir/hadoop-ozone/integration-test/target/log,UNAVAILABLE}
2019-08-21 08:27:33,419 INFO  datanode.ObjectStoreHandler (ObjectStoreHandler.java:close(155)) - Closing ObjectStoreHandler.
2019-08-21 08:27:33,420 INFO  ozone.HddsDatanodeService (HddsDatanodeService.java:stop(451)) - Stopped plug-in org.apache.hadoop.ozone.web.OzoneHddsDatanodeService@490579f1
2019-08-21 08:27:33,821 INFO  node.StaleNodeHandler (StaleNodeHandler.java:onMessage(58)) - Datanode 671de8ea-03b0-4027-b943-f04fd917b6dd{ip: 192.168.69.73, host: pr-hdds-1935-z5xc5-3809828402, networkLocation: /default-rack, certSerialId: null} moved to stale state. Finalizing its pipelines [PipelineID=1b316ed5-a6a9-4776-8a40-6c009e0dd105, PipelineID=1319f62b-2e21-4601-b0d3-95197781e66e]
2019-08-21 08:27:33,821 INFO  pipeline.SCMPipelineManager (SCMPipelineManager.java:finalizeAndDestroyPipeline(309)) - destroying pipeline:Pipeline[ Id: 1b316ed5-a6a9-4776-8a40-6c009e0dd105, Nodes: 42c3f630-5831-4e96-a05e-adaa7bd4e131{ip: 192.168.69.73, host: pr-hdds-1935-z5xc5-3809828402, networkLocation: /default-rack, certSerialId: null}637dfc31-241d-4e66-8a1b-1719bdff904f{ip: 192.168.69.73, host: pr-hdds-1935-z5xc5-3809828402, networkLocation: /default-rack, certSerialId: null}671de8ea-03b0-4027-b943-f04fd917b6dd{ip: 192.168.69.73, host: pr-hdds-1935-z5xc5-3809828402, networkLocation: /default-rack, certSerialId: null}, Type:RATIS, Factor:THREE, State:CLOSED]
2019-08-21 08:27:33,821 INFO  pipeline.SCMPipelineManager (SCMPipelineManager.java:finalizeAndDestroyPipeline(309)) - destroying pipeline:Pipeline[ Id: 1319f62b-2e21-4601-b0d3-95197781e66e, Nodes: 671de8ea-03b0-4027-b943-f04fd917b6dd{ip: 192.168.69.73, host: pr-hdds-1935-z5xc5-3809828402, networkLocation: /default-rack, certSerialId: null}, Type:RATIS, Factor:ONE, State:OPEN]
2019-08-21 08:27:33,822 INFO  pipeline.PipelineStateManager (PipelineStateManager.java:finalizePipeline(123)) - Pipeline Pipeline[ Id: 1319f62b-2e21-4601-b0d3-95197781e66e, Nodes: 671de8ea-03b0-4027-b943-f04fd917b6dd{ip: 192.168.69.73, host: pr-hdds-1935-z5xc5-3809828402, networkLocation: /default-rack, certSerialId: null}, Type:RATIS, Factor:ONE, State:CLOSED] moved to CLOSED state
2019-08-21 08:27:34,316 INFO  statemachine.DatanodeStateMachine (DatanodeStateMachine.java:lambda$startDaemon$0(350)) - Ozone container server started.
2019-08-21 08:27:37,797 INFO  impl.FollowerState (FollowerState.java:run(106)) - 637dfc31-241d-4e66-8a1b-1719bdff904f:group-6C009E0DD105 changes to CANDIDATE, lastRpcTime:10102, electionTimeout:5186ms
2019-08-21 08:27:37,797 INFO  impl.RoleInfo (RoleInfo.java:shutdownFollowerState(121)) - 637dfc31-241d-4e66-8a1b-1719bdff904f: shutdown FollowerState
2019-08-21 08:27:37,798 INFO  impl.RaftServerImpl (RaftServerImpl.java:setRole(171)) - 637dfc31-241d-4e66-8a1b-1719bdff904f:group-6C009E0DD105 changes role from FOLLOWER to CANDIDATE at term 1 for changeToCandidate
2019-08-21 08:27:37,798 INFO  impl.RoleInfo (RoleInfo.java:updateAndGet(143)) - 637dfc31-241d-4e66-8a1b-1719bdff904f: start LeaderElection
2019-08-21 08:27:37,799 INFO  impl.RaftServerImpl (ServerState.java:setLeader(263)) - 637dfc31-241d-4e66-8a1b-1719bdff904f:group-6C009E0DD105 change Leader from 42c3f630-5831-4e96-a05e-adaa7bd4e131 to null at term 1 for initElection
2019-08-21 08:27:37,831 INFO  impl.LeaderElection (LeaderElection.java:askForVotes(181)) - 637dfc31-241d-4e66-8a1b-1719bdff904f:group-6C009E0DD105:LeaderElection17: begin an election at term 2 for 0: [42c3f630-5831-4e96-a05e-adaa7bd4e131:192.168.69.73:35079, 671de8ea-03b0-4027-b943-f04fd917b6dd:192.168.69.73:35367, 637dfc31-241d-4e66-8a1b-1719bdff904f:192.168.69.73:39066], old=null
2019-08-21 08:27:37,837 INFO  impl.LeaderElection (LogUtils.java:infoOrTrace(149)) - 637dfc31-241d-4e66-8a1b-1719bdff904f:group-6C009E0DD105:LeaderElection17 got exception when requesting votes: {}
java.util.concurrent.ExecutionException: org.apache.ratis.thirdparty.io.grpc.StatusRuntimeException: UNAVAILABLE: io exception
	at java.util.concurrent.FutureTask.report(FutureTask.java:122)
	at java.util.concurrent.FutureTask.get(FutureTask.java:192)
	at org.apache.ratis.server.impl.LeaderElection.waitForResults(LeaderElection.java:262)
	at org.apache.ratis.server.impl.LeaderElection.askForVotes(LeaderElection.java:200)
	at org.apache.ratis.server.impl.LeaderElection.run(LeaderElection.java:130)
	at java.lang.Thread.run(Thread.java:748)
Caused by: org.apache.ratis.thirdparty.io.grpc.StatusRuntimeException: UNAVAILABLE: io exception
	at org.apache.ratis.thirdparty.io.grpc.stub.ClientCalls.toStatusRuntimeException(ClientCalls.java:233)
	at org.apache.ratis.thirdparty.io.grpc.stub.ClientCalls.getUnchecked(ClientCalls.java:214)
	at org.apache.ratis.thirdparty.io.grpc.stub.ClientCalls.blockingUnaryCall(ClientCalls.java:139)
	at org.apache.ratis.proto.grpc.RaftServerProtocolServiceGrpc$RaftServerProtocolServiceBlockingStub.requestVote(RaftServerProtocolServiceGrpc.java:265)
	at org.apache.ratis.grpc.server.GrpcServerProtocolClient.requestVote(GrpcServerProtocolClient.java:83)
	at org.apache.ratis.grpc.server.GrpcService.requestVote(GrpcService.java:195)
	at org.apache.ratis.server.impl.LeaderElection.lambda$submitRequests$1(LeaderElection.java:237)
	at java.util.concurrent.FutureTask.run(FutureTask.java:266)
	at java.util.concurrent.Executors$RunnableAdapter.call(Executors.java:511)
	at java.util.concurrent.FutureTask.run(FutureTask.java:266)
	at java.util.concurrent.ThreadPoolExecutor.runWorker(ThreadPoolExecutor.java:1149)
	at java.util.concurrent.ThreadPoolExecutor$Worker.run(ThreadPoolExecutor.java:624)
	... 1 more
Caused by: org.apache.ratis.thirdparty.io.netty.channel.AbstractChannel$AnnotatedConnectException: Connection refused: /192.168.69.73:35367
	at sun.nio.ch.SocketChannelImpl.checkConnect(Native Method)
	at sun.nio.ch.SocketChannelImpl.finishConnect(SocketChannelImpl.java:717)
	at org.apache.ratis.thirdparty.io.netty.channel.socket.nio.NioSocketChannel.doFinishConnect(NioSocketChannel.java:327)
	at org.apache.ratis.thirdparty.io.netty.channel.nio.AbstractNioChannel$AbstractNioUnsafe.finishConnect(AbstractNioChannel.java:340)
	at org.apache.ratis.thirdparty.io.netty.channel.nio.NioEventLoop.processSelectedKey(NioEventLoop.java:632)
	at org.apache.ratis.thirdparty.io.netty.channel.nio.NioEventLoop.processSelectedKeysOptimized(NioEventLoop.java:579)
	at org.apache.ratis.thirdparty.io.netty.channel.nio.NioEventLoop.processSelectedKeys(NioEventLoop.java:496)
	at org.apache.ratis.thirdparty.io.netty.channel.nio.NioEventLoop.run(NioEventLoop.java:458)
	at org.apache.ratis.thirdparty.io.netty.util.concurrent.SingleThreadEventExecutor$5.run(SingleThreadEventExecutor.java:897)
	at org.apache.ratis.thirdparty.io.netty.util.concurrent.FastThreadLocalRunnable.run(FastThreadLocalRunnable.java:30)
	... 1 more
Caused by: java.net.ConnectException: Connection refused
	... 11 more
2019-08-21 08:27:37,838 INFO  impl.LeaderElection (LogUtils.java:infoOrTrace(149)) - 637dfc31-241d-4e66-8a1b-1719bdff904f:group-6C009E0DD105:LeaderElection17 got exception when requesting votes: {}
java.util.concurrent.ExecutionException: org.apache.ratis.thirdparty.io.grpc.StatusRuntimeException: UNAVAILABLE: io exception
	at java.util.concurrent.FutureTask.report(FutureTask.java:122)
	at java.util.concurrent.FutureTask.get(FutureTask.java:192)
	at org.apache.ratis.server.impl.LeaderElection.waitForResults(LeaderElection.java:262)
	at org.apache.ratis.server.impl.LeaderElection.askForVotes(LeaderElection.java:200)
	at org.apache.ratis.server.impl.LeaderElection.run(LeaderElection.java:130)
	at java.lang.Thread.run(Thread.java:748)
Caused by: org.apache.ratis.thirdparty.io.grpc.StatusRuntimeException: UNAVAILABLE: io exception
	at org.apache.ratis.thirdparty.io.grpc.stub.ClientCalls.toStatusRuntimeException(ClientCalls.java:233)
	at org.apache.ratis.thirdparty.io.grpc.stub.ClientCalls.getUnchecked(ClientCalls.java:214)
	at org.apache.ratis.thirdparty.io.grpc.stub.ClientCalls.blockingUnaryCall(ClientCalls.java:139)
	at org.apache.ratis.proto.grpc.RaftServerProtocolServiceGrpc$RaftServerProtocolServiceBlockingStub.requestVote(RaftServerProtocolServiceGrpc.java:265)
	at org.apache.ratis.grpc.server.GrpcServerProtocolClient.requestVote(GrpcServerProtocolClient.java:83)
	at org.apache.ratis.grpc.server.GrpcService.requestVote(GrpcService.java:195)
	at org.apache.ratis.server.impl.LeaderElection.lambda$submitRequests$1(LeaderElection.java:237)
	at java.util.concurrent.FutureTask.run(FutureTask.java:266)
	at java.util.concurrent.Executors$RunnableAdapter.call(Executors.java:511)
	at java.util.concurrent.FutureTask.run(FutureTask.java:266)
	at java.util.concurrent.ThreadPoolExecutor.runWorker(ThreadPoolExecutor.java:1149)
	at java.util.concurrent.ThreadPoolExecutor$Worker.run(ThreadPoolExecutor.java:624)
	... 1 more
Caused by: org.apache.ratis.thirdparty.io.netty.channel.AbstractChannel$AnnotatedConnectException: Connection refused: /192.168.69.73:35079
	at sun.nio.ch.SocketChannelImpl.checkConnect(Native Method)
	at sun.nio.ch.SocketChannelImpl.finishConnect(SocketChannelImpl.java:717)
	at org.apache.ratis.thirdparty.io.netty.channel.socket.nio.NioSocketChannel.doFinishConnect(NioSocketChannel.java:327)
	at org.apache.ratis.thirdparty.io.netty.channel.nio.AbstractNioChannel$AbstractNioUnsafe.finishConnect(AbstractNioChannel.java:340)
	at org.apache.ratis.thirdparty.io.netty.channel.nio.NioEventLoop.processSelectedKey(NioEventLoop.java:632)
	at org.apache.ratis.thirdparty.io.netty.channel.nio.NioEventLoop.processSelectedKeysOptimized(NioEventLoop.java:579)
	at org.apache.ratis.thirdparty.io.netty.channel.nio.NioEventLoop.processSelectedKeys(NioEventLoop.java:496)
	at org.apache.ratis.thirdparty.io.netty.channel.nio.NioEventLoop.run(NioEventLoop.java:458)
	at org.apache.ratis.thirdparty.io.netty.util.concurrent.SingleThreadEventExecutor$5.run(SingleThreadEventExecutor.java:897)
	at org.apache.ratis.thirdparty.io.netty.util.concurrent.FastThreadLocalRunnable.run(FastThreadLocalRunnable.java:30)
	... 1 more
Caused by: java.net.ConnectException: Connection refused
	... 11 more
2019-08-21 08:27:37,839 INFO  impl.LeaderElection (LeaderElection.java:logAndReturn(56)) - 637dfc31-241d-4e66-8a1b-1719bdff904f:group-6C009E0DD105:LeaderElection17: Election REJECTED; received 0 response(s) [] and 2 exception(s); 637dfc31-241d-4e66-8a1b-1719bdff904f:t2, leader=null, voted=637dfc31-241d-4e66-8a1b-1719bdff904f, raftlog=637dfc31-241d-4e66-8a1b-1719bdff904f-SegmentedRaftLog:OPENED:c-1,f0,i0, conf=0: [42c3f630-5831-4e96-a05e-adaa7bd4e131:192.168.69.73:35079, 671de8ea-03b0-4027-b943-f04fd917b6dd:192.168.69.73:35367, 637dfc31-241d-4e66-8a1b-1719bdff904f:192.168.69.73:39066], old=null
2019-08-21 08:27:37,840 INFO  impl.LeaderElection (LogUtils.java:infoOrTrace(149)) -   Exception 0: {}
java.util.concurrent.ExecutionException: org.apache.ratis.thirdparty.io.grpc.StatusRuntimeException: UNAVAILABLE: io exception
	at java.util.concurrent.FutureTask.report(FutureTask.java:122)
	at java.util.concurrent.FutureTask.get(FutureTask.java:192)
	at org.apache.ratis.server.impl.LeaderElection.waitForResults(LeaderElection.java:262)
	at org.apache.ratis.server.impl.LeaderElection.askForVotes(LeaderElection.java:200)
	at org.apache.ratis.server.impl.LeaderElection.run(LeaderElection.java:130)
	at java.lang.Thread.run(Thread.java:748)
Caused by: org.apache.ratis.thirdparty.io.grpc.StatusRuntimeException: UNAVAILABLE: io exception
	at org.apache.ratis.thirdparty.io.grpc.stub.ClientCalls.toStatusRuntimeException(ClientCalls.java:233)
	at org.apache.ratis.thirdparty.io.grpc.stub.ClientCalls.getUnchecked(ClientCalls.java:214)
	at org.apache.ratis.thirdparty.io.grpc.stub.ClientCalls.blockingUnaryCall(ClientCalls.java:139)
	at org.apache.ratis.proto.grpc.RaftServerProtocolServiceGrpc$RaftServerProtocolServiceBlockingStub.requestVote(RaftServerProtocolServiceGrpc.java:265)
	at org.apache.ratis.grpc.server.GrpcServerProtocolClient.requestVote(GrpcServerProtocolClient.java:83)
	at org.apache.ratis.grpc.server.GrpcService.requestVote(GrpcService.java:195)
	at org.apache.ratis.server.impl.LeaderElection.lambda$submitRequests$1(LeaderElection.java:237)
	at java.util.concurrent.FutureTask.run(FutureTask.java:266)
	at java.util.concurrent.Executors$RunnableAdapter.call(Executors.java:511)
	at java.util.concurrent.FutureTask.run(FutureTask.java:266)
	at java.util.concurrent.ThreadPoolExecutor.runWorker(ThreadPoolExecutor.java:1149)
	at java.util.concurrent.ThreadPoolExecutor$Worker.run(ThreadPoolExecutor.java:624)
	... 1 more
Caused by: org.apache.ratis.thirdparty.io.netty.channel.AbstractChannel$AnnotatedConnectException: Connection refused: /192.168.69.73:35367
	at sun.nio.ch.SocketChannelImpl.checkConnect(Native Method)
	at sun.nio.ch.SocketChannelImpl.finishConnect(SocketChannelImpl.java:717)
	at org.apache.ratis.thirdparty.io.netty.channel.socket.nio.NioSocketChannel.doFinishConnect(NioSocketChannel.java:327)
	at org.apache.ratis.thirdparty.io.netty.channel.nio.AbstractNioChannel$AbstractNioUnsafe.finishConnect(AbstractNioChannel.java:340)
	at org.apache.ratis.thirdparty.io.netty.channel.nio.NioEventLoop.processSelectedKey(NioEventLoop.java:632)
	at org.apache.ratis.thirdparty.io.netty.channel.nio.NioEventLoop.processSelectedKeysOptimized(NioEventLoop.java:579)
	at org.apache.ratis.thirdparty.io.netty.channel.nio.NioEventLoop.processSelectedKeys(NioEventLoop.java:496)
	at org.apache.ratis.thirdparty.io.netty.channel.nio.NioEventLoop.run(NioEventLoop.java:458)
	at org.apache.ratis.thirdparty.io.netty.util.concurrent.SingleThreadEventExecutor$5.run(SingleThreadEventExecutor.java:897)
	at org.apache.ratis.thirdparty.io.netty.util.concurrent.FastThreadLocalRunnable.run(FastThreadLocalRunnable.java:30)
	... 1 more
Caused by: java.net.ConnectException: Connection refused
	... 11 more
2019-08-21 08:27:37,840 INFO  impl.LeaderElection (LogUtils.java:infoOrTrace(149)) -   Exception 1: {}
java.util.concurrent.ExecutionException: org.apache.ratis.thirdparty.io.grpc.StatusRuntimeException: UNAVAILABLE: io exception
	at java.util.concurrent.FutureTask.report(FutureTask.java:122)
	at java.util.concurrent.FutureTask.get(FutureTask.java:192)
	at org.apache.ratis.server.impl.LeaderElection.waitForResults(LeaderElection.java:262)
	at org.apache.ratis.server.impl.LeaderElection.askForVotes(LeaderElection.java:200)
	at org.apache.ratis.server.impl.LeaderElection.run(LeaderElection.java:130)
	at java.lang.Thread.run(Thread.java:748)
Caused by: org.apache.ratis.thirdparty.io.grpc.StatusRuntimeException: UNAVAILABLE: io exception
	at org.apache.ratis.thirdparty.io.grpc.stub.ClientCalls.toStatusRuntimeException(ClientCalls.java:233)
	at org.apache.ratis.thirdparty.io.grpc.stub.ClientCalls.getUnchecked(ClientCalls.java:214)
	at org.apache.ratis.thirdparty.io.grpc.stub.ClientCalls.blockingUnaryCall(ClientCalls.java:139)
	at org.apache.ratis.proto.grpc.RaftServerProtocolServiceGrpc$RaftServerProtocolServiceBlockingStub.requestVote(RaftServerProtocolServiceGrpc.java:265)
	at org.apache.ratis.grpc.server.GrpcServerProtocolClient.requestVote(GrpcServerProtocolClient.java:83)
	at org.apache.ratis.grpc.server.GrpcService.requestVote(GrpcService.java:195)
	at org.apache.ratis.server.impl.LeaderElection.lambda$submitRequests$1(LeaderElection.java:237)
	at java.util.concurrent.FutureTask.run(FutureTask.java:266)
	at java.util.concurrent.Executors$RunnableAdapter.call(Executors.java:511)
	at java.util.concurrent.FutureTask.run(FutureTask.java:266)
	at java.util.concurrent.ThreadPoolExecutor.runWorker(ThreadPoolExecutor.java:1149)
	at java.util.concurrent.ThreadPoolExecutor$Worker.run(ThreadPoolExecutor.java:624)
	... 1 more
Caused by: org.apache.ratis.thirdparty.io.netty.channel.AbstractChannel$AnnotatedConnectException: Connection refused: /192.168.69.73:35079
	at sun.nio.ch.SocketChannelImpl.checkConnect(Native Method)
	at sun.nio.ch.SocketChannelImpl.finishConnect(SocketChannelImpl.java:717)
	at org.apache.ratis.thirdparty.io.netty.channel.socket.nio.NioSocketChannel.doFinishConnect(NioSocketChannel.java:327)
	at org.apache.ratis.thirdparty.io.netty.channel.nio.AbstractNioChannel$AbstractNioUnsafe.finishConnect(AbstractNioChannel.java:340)
	at org.apache.ratis.thirdparty.io.netty.channel.nio.NioEventLoop.processSelectedKey(NioEventLoop.java:632)
	at org.apache.ratis.thirdparty.io.netty.channel.nio.NioEventLoop.processSelectedKeysOptimized(NioEventLoop.java:579)
	at org.apache.ratis.thirdparty.io.netty.channel.nio.NioEventLoop.processSelectedKeys(NioEventLoop.java:496)
	at org.apache.ratis.thirdparty.io.netty.channel.nio.NioEventLoop.run(NioEventLoop.java:458)
	at org.apache.ratis.thirdparty.io.netty.util.concurrent.SingleThreadEventExecutor$5.run(SingleThreadEventExecutor.java:897)
	at org.apache.ratis.thirdparty.io.netty.util.concurrent.FastThreadLocalRunnable.run(FastThreadLocalRunnable.java:30)
	... 1 more
Caused by: java.net.ConnectException: Connection refused
	... 11 more
2019-08-21 08:27:37,841 INFO  impl.RaftServerImpl (RaftServerImpl.java:setRole(171)) - 637dfc31-241d-4e66-8a1b-1719bdff904f:group-6C009E0DD105 changes role from CANDIDATE to FOLLOWER at term 2 for DISCOVERED_A_NEW_TERM
2019-08-21 08:27:37,841 INFO  impl.RoleInfo (RoleInfo.java:shutdownLeaderElection(134)) - 637dfc31-241d-4e66-8a1b-1719bdff904f: shutdown LeaderElection
2019-08-21 08:27:37,842 INFO  impl.RoleInfo (RoleInfo.java:updateAndGet(143)) - 637dfc31-241d-4e66-8a1b-1719bdff904f: start FollowerState
2019-08-21 08:27:38,421 INFO  ozoneimpl.OzoneContainer (OzoneContainer.java:stop(199)) - Attempting to stop container services.
2019-08-21 08:27:38,421 INFO  impl.RaftServerProxy (RaftServerProxy.java:lambda$close$4(314)) - 637dfc31-241d-4e66-8a1b-1719bdff904f: close
2019-08-21 08:27:38,422 INFO  impl.RaftServerImpl (RaftServerImpl.java:lambda$shutdown$3(245)) - 637dfc31-241d-4e66-8a1b-1719bdff904f: shutdown group-6C009E0DD105
2019-08-21 08:27:38,422 INFO  impl.RaftServerImpl (RaftServerImpl.java:lambda$shutdown$3(245)) - 637dfc31-241d-4e66-8a1b-1719bdff904f: shutdown group-60256C8D4C52
2019-08-21 08:27:38,422 INFO  util.JmxRegister (JmxRegister.java:unregister(73)) - Successfully un-registered JMX Bean with object name Ratis:service=RaftServer,group=group-6C009E0DD105,id=637dfc31-241d-4e66-8a1b-1719bdff904f
2019-08-21 08:27:38,423 INFO  util.JmxRegister (JmxRegister.java:unregister(73)) - Successfully un-registered JMX Bean with object name Ratis:service=RaftServer,group=group-60256C8D4C52,id=637dfc31-241d-4e66-8a1b-1719bdff904f
2019-08-21 08:27:38,423 INFO  impl.RoleInfo (RoleInfo.java:shutdownFollowerState(121)) - 637dfc31-241d-4e66-8a1b-1719bdff904f: shutdown FollowerState
2019-08-21 08:27:38,423 INFO  impl.RoleInfo (RoleInfo.java:shutdownLeaderState(104)) - 637dfc31-241d-4e66-8a1b-1719bdff904f: shutdown LeaderState
2019-08-21 08:27:38,424 INFO  impl.FollowerState (FollowerState.java:run(114)) - 637dfc31-241d-4e66-8a1b-1719bdff904f: FollowerState was interrupted: java.lang.InterruptedException: sleep interrupted
2019-08-21 08:27:38,425 INFO  impl.PendingRequests (PendingRequests.java:sendNotLeaderResponses(202)) - 637dfc31-241d-4e66-8a1b-1719bdff904f-PendingRequests: sendNotLeaderResponses
2019-08-21 08:27:38,424 INFO  impl.StateMachineUpdater (StateMachineUpdater.java:stopAndJoin(115)) - StateMachineUpdater:637dfc31-241d-4e66-8a1b-1719bdff904f:group-6C009E0DD105: set stopIndex = -1
2019-08-21 08:27:38,427 INFO  impl.StateMachineUpdater (StateMachineUpdater.java:stopAndJoin(115)) - StateMachineUpdater:637dfc31-241d-4e66-8a1b-1719bdff904f:group-60256C8D4C52: set stopIndex = 0
2019-08-21 08:27:38,428 INFO  impl.RaftServerImpl (ServerState.java:close(394)) - 637dfc31-241d-4e66-8a1b-1719bdff904f:group-6C009E0DD105 closes. The last applied log index is -1
2019-08-21 08:27:38,428 INFO  impl.RaftServerImpl (ServerState.java:close(394)) - 637dfc31-241d-4e66-8a1b-1719bdff904f:group-60256C8D4C52 closes. The last applied log index is 0
2019-08-21 08:27:38,429 INFO  segmented.SegmentedRaftLogWorker (SegmentedRaftLogWorker.java:run(313)) - 637dfc31-241d-4e66-8a1b-1719bdff904f-SegmentedRaftLogWorker:Storage Directory /workdir/hadoop-ozone/integration-test/target/test-dir/MiniOzoneClusterImpl-58c37d08-4f2b-4349-a02b-45cd945bf2f6/datanode-2/data/ratis/1b316ed5-a6a9-4776-8a40-6c009e0dd105 was interrupted, exiting. There are 0 tasks remaining in the queue.
2019-08-21 08:27:38,429 INFO  segmented.SegmentedRaftLogWorker (SegmentedRaftLogWorker.java:run(313)) - 637dfc31-241d-4e66-8a1b-1719bdff904f-SegmentedRaftLogWorker:Storage Directory /workdir/hadoop-ozone/integration-test/target/test-dir/MiniOzoneClusterImpl-58c37d08-4f2b-4349-a02b-45cd945bf2f6/datanode-2/data/ratis/6bf3c7e3-e3fc-424b-8923-60256c8d4c52 was interrupted, exiting. There are 0 tasks remaining in the queue.
2019-08-21 08:27:38,430 INFO  segmented.SegmentedRaftLogWorker (SegmentedRaftLogWorker.java:close(228)) - 637dfc31-241d-4e66-8a1b-1719bdff904f-SegmentedRaftLogWorker:Storage Directory /workdir/hadoop-ozone/integration-test/target/test-dir/MiniOzoneClusterImpl-58c37d08-4f2b-4349-a02b-45cd945bf2f6/datanode-2/data/ratis/1b316ed5-a6a9-4776-8a40-6c009e0dd105 close()
2019-08-21 08:27:38,431 INFO  segmented.SegmentedRaftLogWorker (SegmentedRaftLogWorker.java:close(228)) - 637dfc31-241d-4e66-8a1b-1719bdff904f-SegmentedRaftLogWorker:Storage Directory /workdir/hadoop-ozone/integration-test/target/test-dir/MiniOzoneClusterImpl-58c37d08-4f2b-4349-a02b-45cd945bf2f6/datanode-2/data/ratis/6bf3c7e3-e3fc-424b-8923-60256c8d4c52 close()
2019-08-21 08:27:38,433 INFO  server.GrpcService (GrpcService.java:closeImpl(155)) - 637dfc31-241d-4e66-8a1b-1719bdff904f: shutdown server with port 39066 now
2019-08-21 08:27:38,435 INFO  server.GrpcService (GrpcService.java:closeImpl(163)) - 637dfc31-241d-4e66-8a1b-1719bdff904f: shutdown server with port 39066 successfully
2019-08-21 08:27:38,437 INFO  utils.BackgroundService (BackgroundService.java:shutdown(148)) - Shutting down service BlockDeletingService
2019-08-21 08:27:38,438 WARN  fs.CachingGetSpaceUsed (CachingGetSpaceUsed.java:run(183)) - Thread Interrupted waiting to refresh disk information: sleep interrupted
2019-08-21 08:27:38,458 INFO  statemachine.DatanodeStateMachine (DatanodeStateMachine.java:stopDaemon(395)) - Ozone container server stopped.
2019-08-21 08:27:38,702 INFO  handler.ContextHandler (ContextHandler.java:doStop(910)) - Stopped o.e.j.w.WebAppContext@25edf94f{/,null,UNAVAILABLE}{/hddsDatanode}
2019-08-21 08:27:38,703 INFO  server.AbstractConnector (AbstractConnector.java:doStop(318)) - Stopped ServerConnector@251233c4{HTTP/1.1,[http/1.1]}{0.0.0.0:0}
2019-08-21 08:27:38,704 INFO  handler.ContextHandler (ContextHandler.java:doStop(910)) - Stopped o.e.j.s.ServletContextHandler@22eb5630{/static,jar:file:/home/user/.m2/repository/org/apache/hadoop/hadoop-hdds-container-service/0.5.0-SNAPSHOT/hadoop-hdds-container-service-0.5.0-SNAPSHOT.jar!/webapps/static,UNAVAILABLE}
2019-08-21 08:27:38,704 INFO  handler.ContextHandler (ContextHandler.java:doStop(910)) - Stopped o.e.j.s.ServletContextHandler@1350f601{/logs,file:///workdir/hadoop-ozone/integration-test/target/log,UNAVAILABLE}
2019-08-21 08:27:38,709 INFO  impl.MetricsSystemImpl (MetricsSystemImpl.java:init(158)) - HddsDatanode metrics system started (again)
2019-08-21 08:27:38,756 INFO  ozone.HddsDatanodeService (HddsDatanodeService.java:start(184)) - HddsDatanodeService host:pr-hdds-1935-z5xc5-3809828402 ip:192.168.69.73
2019-08-21 08:27:38,759 INFO  volume.VolumeUsage (VolumeUsage.java:loadScmUsed(144)) - Cached ScmUsed found for /workdir/hadoop-ozone/integration-test/target/test-dir/MiniOzoneClusterImpl-58c37d08-4f2b-4349-a02b-45cd945bf2f6/datanode-0/data/containers : 4096 
2019-08-21 08:27:38,759 INFO  volume.HddsVolume (HddsVolume.java:<init>(176)) - Creating Volume: /workdir/hadoop-ozone/integration-test/target/test-dir/MiniOzoneClusterImpl-58c37d08-4f2b-4349-a02b-45cd945bf2f6/datanode-0/data/containers/hdds of  storage type : DISK and capacity : 1482555576320
2019-08-21 08:27:38,760 INFO  volume.VolumeSet (VolumeSet.java:initializeVolumeSet(170)) - Added Volume : /workdir/hadoop-ozone/integration-test/target/test-dir/MiniOzoneClusterImpl-58c37d08-4f2b-4349-a02b-45cd945bf2f6/datanode-0/data/containers/hdds to VolumeSet
2019-08-21 08:27:38,760 INFO  volume.ThrottledAsyncChecker (ThrottledAsyncChecker.java:schedule(140)) - Scheduling a check for org.apache.hadoop.ozone.container.common.volume.HddsVolume@79c08a88
2019-08-21 08:27:38,761 INFO  volume.HddsVolumeChecker (HddsVolumeChecker.java:checkAllVolumes(203)) - Scheduled health check for volume org.apache.hadoop.ozone.container.common.volume.HddsVolume@79c08a88
2019-08-21 08:27:38,779 INFO  impl.RaftServerProxy (ConfUtils.java:logGet(43)) - raft.rpc.type = GRPC (default)
2019-08-21 08:27:38,779 INFO  grpc.GrpcFactory (GrpcFactory.java:checkPooledByteBufAllocatorUseCacheForAllThreads(45)) - PERFORMANCE WARNING: useCacheForAllThreads is true that may cause Netty to create a lot garbage objects and, as a result, trigger GC.
	It is recommended to disable useCacheForAllThreads by setting -Dorg.apache.ratis.thirdparty.io.netty.allocator.useCacheForAllThreads=false in command line.
2019-08-21 08:27:38,780 INFO  grpc.GrpcConfigKeys$Server (ConfUtils.java:logGet(43)) - raft.grpc.server.port = 35079 (custom)
2019-08-21 08:27:38,780 INFO  server.GrpcService (ConfUtils.java:logGet(43)) - raft.grpc.message.size.max = 33570816 (custom)
2019-08-21 08:27:38,780 INFO  server.RaftServerConfigKeys (ConfUtils.java:logGet(43)) - raft.server.log.appender.buffer.byte-limit = 33554432 (custom)
2019-08-21 08:27:38,780 INFO  server.GrpcService (ConfUtils.java:logGet(43)) - raft.grpc.flow.control.window = 1MB (=1048576) (default)
2019-08-21 08:27:38,780 INFO  server.RaftServerConfigKeys (ConfUtils.java:logGet(43)) - raft.server.rpc.request.timeout = 3000ms (default)
2019-08-21 08:27:38,781 INFO  server.RaftServerConfigKeys (ConfUtils.java:logGet(43)) - raft.server.storage.dir = [/workdir/hadoop-ozone/integration-test/target/test-dir/MiniOzoneClusterImpl-58c37d08-4f2b-4349-a02b-45cd945bf2f6/datanode-0/data/ratis] (custom)
2019-08-21 08:27:38,781 INFO  impl.RaftServerProxy (RaftServerProxy.java:lambda$null$0(191)) - 42c3f630-5831-4e96-a05e-adaa7bd4e131: found a subdirectory /workdir/hadoop-ozone/integration-test/target/test-dir/MiniOzoneClusterImpl-58c37d08-4f2b-4349-a02b-45cd945bf2f6/datanode-0/data/ratis/36e9bf83-9f71-4e54-9eea-24895533cd16
2019-08-21 08:27:38,782 INFO  impl.RaftServerProxy (RaftServerProxy.java:addNew(89)) - 42c3f630-5831-4e96-a05e-adaa7bd4e131: addNew group-24895533CD16:[] returns group-24895533CD16:java.util.concurrent.CompletableFuture@7f3ddbbe[Not completed]
2019-08-21 08:27:38,782 INFO  impl.RaftServerProxy (RaftServerProxy.java:lambda$null$0(191)) - 42c3f630-5831-4e96-a05e-adaa7bd4e131: found a subdirectory /workdir/hadoop-ozone/integration-test/target/test-dir/MiniOzoneClusterImpl-58c37d08-4f2b-4349-a02b-45cd945bf2f6/datanode-0/data/ratis/1b316ed5-a6a9-4776-8a40-6c009e0dd105
2019-08-21 08:27:38,783 INFO  impl.RaftServerProxy (RaftServerProxy.java:addNew(89)) - 42c3f630-5831-4e96-a05e-adaa7bd4e131: addNew group-6C009E0DD105:[] returns group-6C009E0DD105:java.util.concurrent.CompletableFuture@4acf4f03[Not completed]
2019-08-21 08:27:38,783 INFO  replication.SimpleContainerDownloader (SimpleContainerDownloader.java:<init>(72)) - Starting container downloader service to copy containers to replicate.
2019-08-21 08:27:38,785 INFO  impl.RaftServerImpl (RaftServerImpl.java:<init>(93)) - 42c3f630-5831-4e96-a05e-adaa7bd4e131: new RaftServerImpl for group-24895533CD16:[] with ContainerStateMachine:uninitialized
2019-08-21 08:27:38,786 INFO  server.RaftServerConfigKeys (ConfUtils.java:logGet(43)) - raft.server.rpc.timeout.min = 5s (custom)
2019-08-21 08:27:38,786 INFO  hdfs.DFSUtil (DFSUtil.java:httpServerTemplateForNNAndJN(1641)) - Starting Web-server for hddsDatanode at: http://0.0.0.0:41197
2019-08-21 08:27:38,786 INFO  server.RaftServerConfigKeys (ConfUtils.java:logGet(43)) - raft.server.rpc.timeout.max = 5200ms (custom)
2019-08-21 08:27:38,787 INFO  server.RaftServerConfigKeys (ConfUtils.java:logGet(43)) - raft.server.rpcslowness.timeout = 120s (custom)
2019-08-21 08:27:38,787 INFO  server.RaftServerConfigKeys (ConfUtils.java:logGet(43)) - raft.server.sleep.deviation.threshold = 300 (default)
2019-08-21 08:27:38,787 INFO  server.RaftServerConfigKeys (ConfUtils.java:logGet(43)) - raft.server.log.appender.install.snapshot.enabled = false (custom)
2019-08-21 08:27:38,787 INFO  impl.RaftServerImpl (ServerState.java:<init>(105)) - 42c3f630-5831-4e96-a05e-adaa7bd4e131:group-24895533CD16 ConfigurationManager, init=-1: [], old=null, confs=<EMPTY_MAP>
2019-08-21 08:27:38,787 INFO  server.RaftServerConfigKeys (ConfUtils.java:logGet(43)) - raft.server.storage.dir = [/workdir/hadoop-ozone/integration-test/target/test-dir/MiniOzoneClusterImpl-58c37d08-4f2b-4349-a02b-45cd945bf2f6/datanode-0/data/ratis] (custom)
2019-08-21 08:27:38,789 INFO  server.AuthenticationFilter (AuthenticationFilter.java:constructSecretProvider(240)) - Unable to initialize FileSignerSecretProvider, falling back to use random secrets.
2019-08-21 08:27:38,789 WARN  http.HttpRequestLog (HttpRequestLog.java:getRequestLog(97)) - Jetty request log can only be enabled using Log4j
2019-08-21 08:27:38,791 INFO  http.HttpServer2 (HttpServer2.java:addGlobalFilter(975)) - Added global filter 'safety' (class=org.apache.hadoop.http.HttpServer2$QuotingInputFilter)
2019-08-21 08:27:38,792 INFO  http.HttpServer2 (HttpServer2.java:addFilter(948)) - Added filter static_user_filter (class=org.apache.hadoop.http.lib.StaticUserWebFilter$StaticUserFilter) to context hddsDatanode
2019-08-21 08:27:38,792 INFO  http.HttpServer2 (HttpServer2.java:addFilter(958)) - Added filter static_user_filter (class=org.apache.hadoop.http.lib.StaticUserWebFilter$StaticUserFilter) to context logs
2019-08-21 08:27:38,792 INFO  http.HttpServer2 (HttpServer2.java:addFilter(958)) - Added filter static_user_filter (class=org.apache.hadoop.http.lib.StaticUserWebFilter$StaticUserFilter) to context static
2019-08-21 08:27:38,794 INFO  http.HttpServer2 (HttpServer2.java:bindListener(1191)) - Jetty bound to port 41197
2019-08-21 08:27:38,794 INFO  server.Server (Server.java:doStart(351)) - jetty-9.3.24.v20180605, build timestamp: 2018-06-05T17:11:56Z, git hash: 84205aa28f11a4f31f2a3b86d1bba2cc8ab69827
2019-08-21 08:27:38,796 INFO  handler.ContextHandler (ContextHandler.java:doStart(781)) - Started o.e.j.s.ServletContextHandler@58a6654e{/logs,file:///workdir/hadoop-ozone/integration-test/target/log,AVAILABLE}
2019-08-21 08:27:38,797 INFO  handler.ContextHandler (ContextHandler.java:doStart(781)) - Started o.e.j.s.ServletContextHandler@57149a89{/static,jar:file:/home/user/.m2/repository/org/apache/hadoop/hadoop-hdds-container-service/0.5.0-SNAPSHOT/hadoop-hdds-container-service-0.5.0-SNAPSHOT.jar!/webapps/static,AVAILABLE}
2019-08-21 08:27:38,809 INFO  storage.RaftStorageDirectory (RaftStorageDirectory.java:tryLock(328)) - Lock on /workdir/hadoop-ozone/integration-test/target/test-dir/MiniOzoneClusterImpl-58c37d08-4f2b-4349-a02b-45cd945bf2f6/datanode-0/data/ratis/36e9bf83-9f71-4e54-9eea-24895533cd16/in_use.lock acquired by nodename 14422@pr-hdds-1935-z5xc5-3809828402
2019-08-21 08:27:38,810 INFO  ratis.ContainerStateMachine (ContainerStateMachine.java:loadSnapshot(222)) - group-24895533CD16: The snapshot info is null. Setting the last applied indexto:(t:0, i:~)
2019-08-21 08:27:38,811 INFO  server.RaftServerConfigKeys (ConfUtils.java:logGet(43)) - raft.server.leader.election.timeout = 120s (custom)
2019-08-21 08:27:38,811 INFO  server.RaftServerConfigKeys (ConfUtils.java:logGet(43)) - raft.server.log.use.memory = false (default)
2019-08-21 08:27:38,811 INFO  server.RaftServerConfigKeys (ConfUtils.java:logGet(43)) - raft.server.log.purge.gap = 1000000000 (custom)
2019-08-21 08:27:38,811 INFO  server.RaftServerConfigKeys (ConfUtils.java:logGet(43)) - raft.server.log.appender.buffer.byte-limit = 33554432 (custom)
2019-08-21 08:27:38,811 INFO  server.RaftServerConfigKeys (ConfUtils.java:logGet(43)) - raft.server.log.segment.size.max = 1048576 (custom)
2019-08-21 08:27:38,811 INFO  server.RaftServerConfigKeys (ConfUtils.java:logGet(43)) - raft.server.log.segment.cache.num.max = 2 (custom)
2019-08-21 08:27:38,812 INFO  segmented.SegmentedRaftLogWorker (SegmentedRaftLogWorker.java:<init>(172)) - new 42c3f630-5831-4e96-a05e-adaa7bd4e131-SegmentedRaftLogWorker:Storage Directory /workdir/hadoop-ozone/integration-test/target/test-dir/MiniOzoneClusterImpl-58c37d08-4f2b-4349-a02b-45cd945bf2f6/datanode-0/data/ratis/36e9bf83-9f71-4e54-9eea-24895533cd16 for RaftStorage:Storage Directory /workdir/hadoop-ozone/integration-test/target/test-dir/MiniOzoneClusterImpl-58c37d08-4f2b-4349-a02b-45cd945bf2f6/datanode-0/data/ratis/36e9bf83-9f71-4e54-9eea-24895533cd16
2019-08-21 08:27:38,812 INFO  server.RaftServerConfigKeys (ConfUtils.java:logGet(43)) - raft.server.log.queue.byte-limit = 2147483647 (custom)
2019-08-21 08:27:38,812 INFO  server.RaftServerConfigKeys (ConfUtils.java:logGet(43)) - raft.server.log.queue.element-limit = 1024 (custom)
2019-08-21 08:27:38,812 INFO  server.RaftServerConfigKeys (ConfUtils.java:logGet(43)) - raft.server.log.segment.size.max = 1048576 (custom)
2019-08-21 08:27:38,812 INFO  server.RaftServerConfigKeys (ConfUtils.java:logGet(43)) - raft.server.log.preallocated.size = 16384 (custom)
2019-08-21 08:27:38,812 INFO  server.RaftServerConfigKeys (ConfUtils.java:logGet(43)) - raft.server.log.write.buffer.size = 33554432 (custom)
2019-08-21 08:27:38,813 INFO  server.RaftServerConfigKeys (ConfUtils.java:logGet(43)) - raft.server.log.force.sync.num = 128 (default)
2019-08-21 08:27:38,813 INFO  server.RaftServerConfigKeys (ConfUtils.java:logGet(43)) - raft.server.log.statemachine.data.sync = true (default)
2019-08-21 08:27:38,813 INFO  server.RaftServerConfigKeys (ConfUtils.java:logGet(43)) - raft.server.log.statemachine.data.sync.timeout = 10s (default)
2019-08-21 08:27:38,813 INFO  server.RaftServerConfigKeys (ConfUtils.java:logGet(43)) - raft.server.log.statemachine.data.sync.timeout.retry = -1 (default)
2019-08-21 08:27:38,813 INFO  server.RaftServerConfigKeys (ConfUtils.java:logGet(43)) - raft.server.log.statemachine.data.caching.enabled = true (custom)
2019-08-21 08:27:38,821 INFO  impl.RaftServerImpl (ServerState.java:setRaftConf(361)) - 42c3f630-5831-4e96-a05e-adaa7bd4e131:group-24895533CD16 set configuration 0: [42c3f630-5831-4e96-a05e-adaa7bd4e131:192.168.69.73:35079], old=null at 0
2019-08-21 08:27:38,822 INFO  segmented.LogSegment (LogSegment.java:loadSegment(145)) - Successfully read 1 entries from segment file /workdir/hadoop-ozone/integration-test/target/test-dir/MiniOzoneClusterImpl-58c37d08-4f2b-4349-a02b-45cd945bf2f6/datanode-0/data/ratis/36e9bf83-9f71-4e54-9eea-24895533cd16/current/log_inprogress_0
2019-08-21 08:27:38,822 INFO  node.StaleNodeHandler (StaleNodeHandler.java:onMessage(58)) - Datanode 637dfc31-241d-4e66-8a1b-1719bdff904f{ip: 192.168.69.73, host: pr-hdds-1935-z5xc5-3809828402, networkLocation: /default-rack, certSerialId: null} moved to stale state. Finalizing its pipelines [PipelineID=1b316ed5-a6a9-4776-8a40-6c009e0dd105, PipelineID=6bf3c7e3-e3fc-424b-8923-60256c8d4c52]
2019-08-21 08:27:38,822 INFO  segmented.SegmentedRaftLogWorker (SegmentedRaftLogWorker.java:lambda$new$0(132)) - 42c3f630-5831-4e96-a05e-adaa7bd4e131-SegmentedRaftLogWorker:Storage Directory /workdir/hadoop-ozone/integration-test/target/test-dir/MiniOzoneClusterImpl-58c37d08-4f2b-4349-a02b-45cd945bf2f6/datanode-0/data/ratis/36e9bf83-9f71-4e54-9eea-24895533cd16: flushIndex: setUnconditionally 0 -> 0
2019-08-21 08:27:38,822 INFO  pipeline.SCMPipelineManager (SCMPipelineManager.java:finalizeAndDestroyPipeline(309)) - destroying pipeline:Pipeline[ Id: 1b316ed5-a6a9-4776-8a40-6c009e0dd105, Nodes: 42c3f630-5831-4e96-a05e-adaa7bd4e131{ip: 192.168.69.73, host: pr-hdds-1935-z5xc5-3809828402, networkLocation: /default-rack, certSerialId: null}637dfc31-241d-4e66-8a1b-1719bdff904f{ip: 192.168.69.73, host: pr-hdds-1935-z5xc5-3809828402, networkLocation: /default-rack, certSerialId: null}671de8ea-03b0-4027-b943-f04fd917b6dd{ip: 192.168.69.73, host: pr-hdds-1935-z5xc5-3809828402, networkLocation: /default-rack, certSerialId: null}, Type:RATIS, Factor:THREE, State:CLOSED]
2019-08-21 08:27:38,822 INFO  pipeline.SCMPipelineManager (SCMPipelineManager.java:finalizeAndDestroyPipeline(309)) - destroying pipeline:Pipeline[ Id: 6bf3c7e3-e3fc-424b-8923-60256c8d4c52, Nodes: 637dfc31-241d-4e66-8a1b-1719bdff904f{ip: 192.168.69.73, host: pr-hdds-1935-z5xc5-3809828402, networkLocation: /default-rack, certSerialId: null}, Type:RATIS, Factor:ONE, State:OPEN]
2019-08-21 08:27:38,822 INFO  pipeline.PipelineStateManager (PipelineStateManager.java:finalizePipeline(123)) - Pipeline Pipeline[ Id: 6bf3c7e3-e3fc-424b-8923-60256c8d4c52, Nodes: 637dfc31-241d-4e66-8a1b-1719bdff904f{ip: 192.168.69.73, host: pr-hdds-1935-z5xc5-3809828402, networkLocation: /default-rack, certSerialId: null}, Type:RATIS, Factor:ONE, State:CLOSED] moved to CLOSED state
2019-08-21 08:27:38,836 INFO  handler.ContextHandler (ContextHandler.java:doStart(781)) - Started o.e.j.w.WebAppContext@2e380ce0{/,file:///tmp/jetty-0.0.0.0-41197-hddsDatanode-_-any-9177014734907820633.dir/webapp/,AVAILABLE}{/hddsDatanode}
2019-08-21 08:27:38,837 INFO  server.AbstractConnector (AbstractConnector.java:doStart(278)) - Started ServerConnector@1cbd1ae4{HTTP/1.1,[http/1.1]}{0.0.0.0:41197}
2019-08-21 08:27:38,853 INFO  server.Server (Server.java:doStart(419)) - Started @55644ms
2019-08-21 08:27:38,854 INFO  server.RaftServerConfigKeys (ConfUtils.java:logGet(43)) - raft.server.snapshot.auto.trigger.enabled = true (custom)
2019-08-21 08:27:38,854 WARN  impl.MetricsSystemImpl (MetricsSystemImpl.java:register(276)) - Sink prometheus already exists!
2019-08-21 08:27:38,854 INFO  server.RaftServerConfigKeys (ConfUtils.java:logGet(43)) - raft.server.snapshot.auto.trigger.threshold = 10000 (custom)
2019-08-21 08:27:38,854 INFO  server.RaftServerConfigKeys (ConfUtils.java:logGet(43)) - raft.server.retrycache.expirytime = 600000ms (custom)
2019-08-21 08:27:38,855 INFO  server.BaseHttpServer (BaseHttpServer.java:updateConnectorAddress(215)) - HTTP server of HDDSDATANODE is listening at http://0.0.0.0:41197
2019-08-21 08:27:38,855 INFO  impl.RaftServerImpl (RaftServerImpl.java:<init>(93)) - 42c3f630-5831-4e96-a05e-adaa7bd4e131: new RaftServerImpl for group-6C009E0DD105:[] with ContainerStateMachine:uninitialized
2019-08-21 08:27:38,856 INFO  server.RaftServerConfigKeys (ConfUtils.java:logGet(43)) - raft.server.rpc.timeout.min = 5s (custom)
2019-08-21 08:27:38,856 INFO  server.RaftServerConfigKeys (ConfUtils.java:logGet(43)) - raft.server.rpc.timeout.max = 5200ms (custom)
2019-08-21 08:27:38,856 INFO  server.RaftServerConfigKeys (ConfUtils.java:logGet(43)) - raft.server.rpcslowness.timeout = 120s (custom)
2019-08-21 08:27:38,856 INFO  server.RaftServerConfigKeys (ConfUtils.java:logGet(43)) - raft.server.sleep.deviation.threshold = 300 (default)
2019-08-21 08:27:38,856 INFO  server.RaftServerConfigKeys (ConfUtils.java:logGet(43)) - raft.server.log.appender.install.snapshot.enabled = false (custom)
2019-08-21 08:27:38,856 INFO  impl.RaftServerImpl (ServerState.java:<init>(105)) - 42c3f630-5831-4e96-a05e-adaa7bd4e131:group-6C009E0DD105 ConfigurationManager, init=-1: [], old=null, confs=<EMPTY_MAP>
2019-08-21 08:27:38,856 INFO  server.RaftServerConfigKeys (ConfUtils.java:logGet(43)) - raft.server.storage.dir = [/workdir/hadoop-ozone/integration-test/target/test-dir/MiniOzoneClusterImpl-58c37d08-4f2b-4349-a02b-45cd945bf2f6/datanode-0/data/ratis] (custom)
2019-08-21 08:27:38,869 INFO  storage.RaftStorageDirectory (RaftStorageDirectory.java:tryLock(328)) - Lock on /workdir/hadoop-ozone/integration-test/target/test-dir/MiniOzoneClusterImpl-58c37d08-4f2b-4349-a02b-45cd945bf2f6/datanode-0/data/ratis/1b316ed5-a6a9-4776-8a40-6c009e0dd105/in_use.lock acquired by nodename 14422@pr-hdds-1935-z5xc5-3809828402
2019-08-21 08:27:38,869 INFO  ratis.ContainerStateMachine (ContainerStateMachine.java:loadSnapshot(222)) - group-6C009E0DD105: The snapshot info is null. Setting the last applied indexto:(t:0, i:~)
2019-08-21 08:27:38,870 INFO  server.RaftServerConfigKeys (ConfUtils.java:logGet(43)) - raft.server.leader.election.timeout = 120s (custom)
2019-08-21 08:27:38,870 INFO  server.RaftServerConfigKeys (ConfUtils.java:logGet(43)) - raft.server.log.use.memory = false (default)
2019-08-21 08:27:38,870 INFO  server.RaftServerConfigKeys (ConfUtils.java:logGet(43)) - raft.server.log.purge.gap = 1000000000 (custom)
2019-08-21 08:27:38,870 INFO  server.RaftServerConfigKeys (ConfUtils.java:logGet(43)) - raft.server.log.appender.buffer.byte-limit = 33554432 (custom)
2019-08-21 08:27:38,870 INFO  server.RaftServerConfigKeys (ConfUtils.java:logGet(43)) - raft.server.log.segment.size.max = 1048576 (custom)
2019-08-21 08:27:38,870 INFO  server.RaftServerConfigKeys (ConfUtils.java:logGet(43)) - raft.server.log.segment.cache.num.max = 2 (custom)
2019-08-21 08:27:38,870 INFO  segmented.SegmentedRaftLogWorker (SegmentedRaftLogWorker.java:<init>(172)) - new 42c3f630-5831-4e96-a05e-adaa7bd4e131-SegmentedRaftLogWorker:Storage Directory /workdir/hadoop-ozone/integration-test/target/test-dir/MiniOzoneClusterImpl-58c37d08-4f2b-4349-a02b-45cd945bf2f6/datanode-0/data/ratis/1b316ed5-a6a9-4776-8a40-6c009e0dd105 for RaftStorage:Storage Directory /workdir/hadoop-ozone/integration-test/target/test-dir/MiniOzoneClusterImpl-58c37d08-4f2b-4349-a02b-45cd945bf2f6/datanode-0/data/ratis/1b316ed5-a6a9-4776-8a40-6c009e0dd105
2019-08-21 08:27:38,870 INFO  server.RaftServerConfigKeys (ConfUtils.java:logGet(43)) - raft.server.log.queue.byte-limit = 2147483647 (custom)
2019-08-21 08:27:38,871 INFO  server.RaftServerConfigKeys (ConfUtils.java:logGet(43)) - raft.server.log.queue.element-limit = 1024 (custom)
2019-08-21 08:27:38,871 INFO  server.RaftServerConfigKeys (ConfUtils.java:logGet(43)) - raft.server.log.segment.size.max = 1048576 (custom)
2019-08-21 08:27:38,871 INFO  server.RaftServerConfigKeys (ConfUtils.java:logGet(43)) - raft.server.log.preallocated.size = 16384 (custom)
2019-08-21 08:27:38,871 INFO  server.RaftServerConfigKeys (ConfUtils.java:logGet(43)) - raft.server.log.write.buffer.size = 33554432 (custom)
2019-08-21 08:27:38,871 INFO  server.RaftServerConfigKeys (ConfUtils.java:logGet(43)) - raft.server.log.force.sync.num = 128 (default)
2019-08-21 08:27:38,871 INFO  server.RaftServerConfigKeys (ConfUtils.java:logGet(43)) - raft.server.log.statemachine.data.sync = true (default)
2019-08-21 08:27:38,871 INFO  server.RaftServerConfigKeys (ConfUtils.java:logGet(43)) - raft.server.log.statemachine.data.sync.timeout = 10s (default)
2019-08-21 08:27:38,871 INFO  server.RaftServerConfigKeys (ConfUtils.java:logGet(43)) - raft.server.log.statemachine.data.sync.timeout.retry = -1 (default)
2019-08-21 08:27:38,872 INFO  server.RaftServerConfigKeys (ConfUtils.java:logGet(43)) - raft.server.log.statemachine.data.caching.enabled = true (custom)
2019-08-21 08:27:38,872 INFO  impl.RaftServerImpl (ServerState.java:setRaftConf(361)) - 42c3f630-5831-4e96-a05e-adaa7bd4e131:group-6C009E0DD105 set configuration 0: [42c3f630-5831-4e96-a05e-adaa7bd4e131:192.168.69.73:35079, 671de8ea-03b0-4027-b943-f04fd917b6dd:192.168.69.73:35367, 637dfc31-241d-4e66-8a1b-1719bdff904f:192.168.69.73:39066], old=null at 0
2019-08-21 08:27:38,872 INFO  segmented.LogSegment (LogSegment.java:loadSegment(145)) - Successfully read 1 entries from segment file /workdir/hadoop-ozone/integration-test/target/test-dir/MiniOzoneClusterImpl-58c37d08-4f2b-4349-a02b-45cd945bf2f6/datanode-0/data/ratis/1b316ed5-a6a9-4776-8a40-6c009e0dd105/current/log_inprogress_0
2019-08-21 08:27:38,873 INFO  segmented.SegmentedRaftLogWorker (SegmentedRaftLogWorker.java:lambda$new$0(132)) - 42c3f630-5831-4e96-a05e-adaa7bd4e131-SegmentedRaftLogWorker:Storage Directory /workdir/hadoop-ozone/integration-test/target/test-dir/MiniOzoneClusterImpl-58c37d08-4f2b-4349-a02b-45cd945bf2f6/datanode-0/data/ratis/1b316ed5-a6a9-4776-8a40-6c009e0dd105: flushIndex: setUnconditionally 0 -> 0
2019-08-21 08:27:38,899 INFO  server.RaftServerConfigKeys (ConfUtils.java:logGet(43)) - raft.server.snapshot.auto.trigger.enabled = true (custom)
2019-08-21 08:27:38,899 INFO  server.RaftServerConfigKeys (ConfUtils.java:logGet(43)) - raft.server.snapshot.auto.trigger.threshold = 10000 (custom)
2019-08-21 08:27:38,899 INFO  server.RaftServerConfigKeys (ConfUtils.java:logGet(43)) - raft.server.retrycache.expirytime = 600000ms (custom)
2019-08-21 08:27:38,978 INFO  ozone.HddsDatanodeService (HddsDatanodeService.java:startPlugins(395)) - Started plug-in org.apache.hadoop.ozone.web.OzoneHddsDatanodeService@d8c4749
2019-08-21 08:27:38,979 INFO  util.JvmPauseMonitor (JvmPauseMonitor.java:run(188)) - Starting JVM pause monitor
2019-08-21 08:27:38,980 INFO  impl.MetricsSystemImpl (MetricsSystemImpl.java:init(158)) - HddsDatanode metrics system started (again)
2019-08-21 08:27:38,983 INFO  ozone.HddsDatanodeService (HddsDatanodeService.java:start(184)) - HddsDatanodeService host:pr-hdds-1935-z5xc5-3809828402 ip:192.168.69.73
2019-08-21 08:27:38,985 INFO  volume.VolumeUsage (VolumeUsage.java:loadScmUsed(144)) - Cached ScmUsed found for /workdir/hadoop-ozone/integration-test/target/test-dir/MiniOzoneClusterImpl-58c37d08-4f2b-4349-a02b-45cd945bf2f6/datanode-1/data/containers : 4096 
2019-08-21 08:27:38,985 INFO  volume.HddsVolume (HddsVolume.java:<init>(176)) - Creating Volume: /workdir/hadoop-ozone/integration-test/target/test-dir/MiniOzoneClusterImpl-58c37d08-4f2b-4349-a02b-45cd945bf2f6/datanode-1/data/containers/hdds of  storage type : DISK and capacity : 1482555576320
2019-08-21 08:27:38,985 INFO  volume.VolumeSet (VolumeSet.java:initializeVolumeSet(170)) - Added Volume : /workdir/hadoop-ozone/integration-test/target/test-dir/MiniOzoneClusterImpl-58c37d08-4f2b-4349-a02b-45cd945bf2f6/datanode-1/data/containers/hdds to VolumeSet
2019-08-21 08:27:38,986 INFO  volume.ThrottledAsyncChecker (ThrottledAsyncChecker.java:schedule(140)) - Scheduling a check for org.apache.hadoop.ozone.container.common.volume.HddsVolume@1b0c0c5a
2019-08-21 08:27:38,986 INFO  volume.HddsVolumeChecker (HddsVolumeChecker.java:checkAllVolumes(203)) - Scheduled health check for volume org.apache.hadoop.ozone.container.common.volume.HddsVolume@1b0c0c5a
2019-08-21 08:27:39,001 INFO  impl.RaftServerProxy (ConfUtils.java:logGet(43)) - raft.rpc.type = GRPC (default)
2019-08-21 08:27:39,001 INFO  grpc.GrpcFactory (GrpcFactory.java:checkPooledByteBufAllocatorUseCacheForAllThreads(45)) - PERFORMANCE WARNING: useCacheForAllThreads is true that may cause Netty to create a lot garbage objects and, as a result, trigger GC.
	It is recommended to disable useCacheForAllThreads by setting -Dorg.apache.ratis.thirdparty.io.netty.allocator.useCacheForAllThreads=false in command line.
2019-08-21 08:27:39,001 INFO  grpc.GrpcConfigKeys$Server (ConfUtils.java:logGet(43)) - raft.grpc.server.port = 35367 (custom)
2019-08-21 08:27:39,002 INFO  server.GrpcService (ConfUtils.java:logGet(43)) - raft.grpc.message.size.max = 33570816 (custom)
2019-08-21 08:27:39,002 INFO  server.RaftServerConfigKeys (ConfUtils.java:logGet(43)) - raft.server.log.appender.buffer.byte-limit = 33554432 (custom)
2019-08-21 08:27:39,002 INFO  server.GrpcService (ConfUtils.java:logGet(43)) - raft.grpc.flow.control.window = 1MB (=1048576) (default)
2019-08-21 08:27:39,002 INFO  server.RaftServerConfigKeys (ConfUtils.java:logGet(43)) - raft.server.rpc.request.timeout = 3000ms (default)
2019-08-21 08:27:39,003 INFO  server.RaftServerConfigKeys (ConfUtils.java:logGet(43)) - raft.server.storage.dir = [/workdir/hadoop-ozone/integration-test/target/test-dir/MiniOzoneClusterImpl-58c37d08-4f2b-4349-a02b-45cd945bf2f6/datanode-1/data/ratis] (custom)
2019-08-21 08:27:39,003 INFO  impl.RaftServerProxy (RaftServerProxy.java:lambda$null$0(191)) - 671de8ea-03b0-4027-b943-f04fd917b6dd: found a subdirectory /workdir/hadoop-ozone/integration-test/target/test-dir/MiniOzoneClusterImpl-58c37d08-4f2b-4349-a02b-45cd945bf2f6/datanode-1/data/ratis/1319f62b-2e21-4601-b0d3-95197781e66e
2019-08-21 08:27:39,003 INFO  impl.RaftServerProxy (RaftServerProxy.java:addNew(89)) - 671de8ea-03b0-4027-b943-f04fd917b6dd: addNew group-95197781E66E:[] returns group-95197781E66E:java.util.concurrent.CompletableFuture@10962f2[Not completed]
2019-08-21 08:27:39,003 INFO  impl.RaftServerProxy (RaftServerProxy.java:lambda$null$0(191)) - 671de8ea-03b0-4027-b943-f04fd917b6dd: found a subdirectory /workdir/hadoop-ozone/integration-test/target/test-dir/MiniOzoneClusterImpl-58c37d08-4f2b-4349-a02b-45cd945bf2f6/datanode-1/data/ratis/1b316ed5-a6a9-4776-8a40-6c009e0dd105
2019-08-21 08:27:39,004 INFO  impl.RaftServerProxy (RaftServerProxy.java:addNew(89)) - 671de8ea-03b0-4027-b943-f04fd917b6dd: addNew group-6C009E0DD105:[] returns group-6C009E0DD105:java.util.concurrent.CompletableFuture@14d76226[Not completed]
2019-08-21 08:27:39,004 INFO  replication.SimpleContainerDownloader (SimpleContainerDownloader.java:<init>(72)) - Starting container downloader service to copy containers to replicate.
2019-08-21 08:27:39,005 INFO  hdfs.DFSUtil (DFSUtil.java:httpServerTemplateForNNAndJN(1641)) - Starting Web-server for hddsDatanode at: http://0.0.0.0:45389
2019-08-21 08:27:39,007 INFO  impl.RaftServerImpl (RaftServerImpl.java:<init>(93)) - 671de8ea-03b0-4027-b943-f04fd917b6dd: new RaftServerImpl for group-95197781E66E:[] with ContainerStateMachine:uninitialized
2019-08-21 08:27:39,008 INFO  server.RaftServerConfigKeys (ConfUtils.java:logGet(43)) - raft.server.rpc.timeout.min = 5s (custom)
2019-08-21 08:27:39,008 INFO  server.RaftServerConfigKeys (ConfUtils.java:logGet(43)) - raft.server.rpc.timeout.max = 5200ms (custom)
2019-08-21 08:27:39,008 INFO  server.RaftServerConfigKeys (ConfUtils.java:logGet(43)) - raft.server.rpcslowness.timeout = 120s (custom)
2019-08-21 08:27:39,008 INFO  server.RaftServerConfigKeys (ConfUtils.java:logGet(43)) - raft.server.sleep.deviation.threshold = 300 (default)
2019-08-21 08:27:39,008 INFO  server.RaftServerConfigKeys (ConfUtils.java:logGet(43)) - raft.server.log.appender.install.snapshot.enabled = false (custom)
2019-08-21 08:27:39,008 INFO  impl.RaftServerImpl (ServerState.java:<init>(105)) - 671de8ea-03b0-4027-b943-f04fd917b6dd:group-95197781E66E ConfigurationManager, init=-1: [], old=null, confs=<EMPTY_MAP>
2019-08-21 08:27:39,009 INFO  server.RaftServerConfigKeys (ConfUtils.java:logGet(43)) - raft.server.storage.dir = [/workdir/hadoop-ozone/integration-test/target/test-dir/MiniOzoneClusterImpl-58c37d08-4f2b-4349-a02b-45cd945bf2f6/datanode-1/data/ratis] (custom)
2019-08-21 08:27:39,009 INFO  server.AuthenticationFilter (AuthenticationFilter.java:constructSecretProvider(240)) - Unable to initialize FileSignerSecretProvider, falling back to use random secrets.
2019-08-21 08:27:39,010 WARN  http.HttpRequestLog (HttpRequestLog.java:getRequestLog(97)) - Jetty request log can only be enabled using Log4j
2019-08-21 08:27:39,011 INFO  http.HttpServer2 (HttpServer2.java:addGlobalFilter(975)) - Added global filter 'safety' (class=org.apache.hadoop.http.HttpServer2$QuotingInputFilter)
2019-08-21 08:27:39,012 INFO  http.HttpServer2 (HttpServer2.java:addFilter(948)) - Added filter static_user_filter (class=org.apache.hadoop.http.lib.StaticUserWebFilter$StaticUserFilter) to context hddsDatanode
2019-08-21 08:27:39,012 INFO  http.HttpServer2 (HttpServer2.java:addFilter(958)) - Added filter static_user_filter (class=org.apache.hadoop.http.lib.StaticUserWebFilter$StaticUserFilter) to context logs
2019-08-21 08:27:39,012 INFO  http.HttpServer2 (HttpServer2.java:addFilter(958)) - Added filter static_user_filter (class=org.apache.hadoop.http.lib.StaticUserWebFilter$StaticUserFilter) to context static
2019-08-21 08:27:39,013 INFO  storage.RaftStorageDirectory (RaftStorageDirectory.java:tryLock(328)) - Lock on /workdir/hadoop-ozone/integration-test/target/test-dir/MiniOzoneClusterImpl-58c37d08-4f2b-4349-a02b-45cd945bf2f6/datanode-1/data/ratis/1319f62b-2e21-4601-b0d3-95197781e66e/in_use.lock acquired by nodename 14422@pr-hdds-1935-z5xc5-3809828402
2019-08-21 08:27:39,013 INFO  http.HttpServer2 (HttpServer2.java:bindListener(1191)) - Jetty bound to port 45389
2019-08-21 08:27:39,013 INFO  server.Server (Server.java:doStart(351)) - jetty-9.3.24.v20180605, build timestamp: 2018-06-05T17:11:56Z, git hash: 84205aa28f11a4f31f2a3b86d1bba2cc8ab69827
2019-08-21 08:27:39,013 INFO  ratis.ContainerStateMachine (ContainerStateMachine.java:loadSnapshot(222)) - group-95197781E66E: The snapshot info is null. Setting the last applied indexto:(t:0, i:~)
2019-08-21 08:27:39,013 INFO  server.RaftServerConfigKeys (ConfUtils.java:logGet(43)) - raft.server.leader.election.timeout = 120s (custom)
2019-08-21 08:27:39,013 INFO  server.RaftServerConfigKeys (ConfUtils.java:logGet(43)) - raft.server.log.use.memory = false (default)
2019-08-21 08:27:39,014 INFO  server.RaftServerConfigKeys (ConfUtils.java:logGet(43)) - raft.server.log.purge.gap = 1000000000 (custom)
2019-08-21 08:27:39,014 INFO  server.RaftServerConfigKeys (ConfUtils.java:logGet(43)) - raft.server.log.appender.buffer.byte-limit = 33554432 (custom)
2019-08-21 08:27:39,014 INFO  server.RaftServerConfigKeys (ConfUtils.java:logGet(43)) - raft.server.log.segment.size.max = 1048576 (custom)
2019-08-21 08:27:39,014 INFO  server.RaftServerConfigKeys (ConfUtils.java:logGet(43)) - raft.server.log.segment.cache.num.max = 2 (custom)
2019-08-21 08:27:39,014 INFO  segmented.SegmentedRaftLogWorker (SegmentedRaftLogWorker.java:<init>(172)) - new 671de8ea-03b0-4027-b943-f04fd917b6dd-SegmentedRaftLogWorker:Storage Directory /workdir/hadoop-ozone/integration-test/target/test-dir/MiniOzoneClusterImpl-58c37d08-4f2b-4349-a02b-45cd945bf2f6/datanode-1/data/ratis/1319f62b-2e21-4601-b0d3-95197781e66e for RaftStorage:Storage Directory /workdir/hadoop-ozone/integration-test/target/test-dir/MiniOzoneClusterImpl-58c37d08-4f2b-4349-a02b-45cd945bf2f6/datanode-1/data/ratis/1319f62b-2e21-4601-b0d3-95197781e66e
2019-08-21 08:27:39,014 INFO  server.RaftServerConfigKeys (ConfUtils.java:logGet(43)) - raft.server.log.queue.byte-limit = 2147483647 (custom)
2019-08-21 08:27:39,015 INFO  server.RaftServerConfigKeys (ConfUtils.java:logGet(43)) - raft.server.log.queue.element-limit = 1024 (custom)
2019-08-21 08:27:39,015 INFO  handler.ContextHandler (ContextHandler.java:doStart(781)) - Started o.e.j.s.ServletContextHandler@70435141{/logs,file:///workdir/hadoop-ozone/integration-test/target/log,AVAILABLE}
2019-08-21 08:27:39,015 INFO  server.RaftServerConfigKeys (ConfUtils.java:logGet(43)) - raft.server.log.segment.size.max = 1048576 (custom)
2019-08-21 08:27:39,015 INFO  server.RaftServerConfigKeys (ConfUtils.java:logGet(43)) - raft.server.log.preallocated.size = 16384 (custom)
2019-08-21 08:27:39,015 INFO  server.RaftServerConfigKeys (ConfUtils.java:logGet(43)) - raft.server.log.write.buffer.size = 33554432 (custom)
2019-08-21 08:27:39,015 INFO  handler.ContextHandler (ContextHandler.java:doStart(781)) - Started o.e.j.s.ServletContextHandler@1314f38e{/static,jar:file:/home/user/.m2/repository/org/apache/hadoop/hadoop-hdds-container-service/0.5.0-SNAPSHOT/hadoop-hdds-container-service-0.5.0-SNAPSHOT.jar!/webapps/static,AVAILABLE}
2019-08-21 08:27:39,015 INFO  server.RaftServerConfigKeys (ConfUtils.java:logGet(43)) - raft.server.log.force.sync.num = 128 (default)
2019-08-21 08:27:39,016 INFO  server.RaftServerConfigKeys (ConfUtils.java:logGet(43)) - raft.server.log.statemachine.data.sync = true (default)
2019-08-21 08:27:39,016 INFO  server.RaftServerConfigKeys (ConfUtils.java:logGet(43)) - raft.server.log.statemachine.data.sync.timeout = 10s (default)
2019-08-21 08:27:39,016 INFO  server.RaftServerConfigKeys (ConfUtils.java:logGet(43)) - raft.server.log.statemachine.data.sync.timeout.retry = -1 (default)
2019-08-21 08:27:39,016 INFO  server.RaftServerConfigKeys (ConfUtils.java:logGet(43)) - raft.server.log.statemachine.data.caching.enabled = true (custom)
2019-08-21 08:27:39,017 INFO  impl.RaftServerImpl (ServerState.java:setRaftConf(361)) - 671de8ea-03b0-4027-b943-f04fd917b6dd:group-95197781E66E set configuration 0: [671de8ea-03b0-4027-b943-f04fd917b6dd:192.168.69.73:35367], old=null at 0
2019-08-21 08:27:39,017 INFO  segmented.LogSegment (LogSegment.java:loadSegment(145)) - Successfully read 1 entries from segment file /workdir/hadoop-ozone/integration-test/target/test-dir/MiniOzoneClusterImpl-58c37d08-4f2b-4349-a02b-45cd945bf2f6/datanode-1/data/ratis/1319f62b-2e21-4601-b0d3-95197781e66e/current/log_inprogress_0
2019-08-21 08:27:39,018 INFO  segmented.SegmentedRaftLogWorker (SegmentedRaftLogWorker.java:lambda$new$0(132)) - 671de8ea-03b0-4027-b943-f04fd917b6dd-SegmentedRaftLogWorker:Storage Directory /workdir/hadoop-ozone/integration-test/target/test-dir/MiniOzoneClusterImpl-58c37d08-4f2b-4349-a02b-45cd945bf2f6/datanode-1/data/ratis/1319f62b-2e21-4601-b0d3-95197781e66e: flushIndex: setUnconditionally 0 -> 0
2019-08-21 08:27:39,043 INFO  server.RaftServerConfigKeys (ConfUtils.java:logGet(43)) - raft.server.snapshot.auto.trigger.enabled = true (custom)
2019-08-21 08:27:39,043 INFO  server.RaftServerConfigKeys (ConfUtils.java:logGet(43)) - raft.server.snapshot.auto.trigger.threshold = 10000 (custom)
2019-08-21 08:27:39,044 INFO  server.RaftServerConfigKeys (ConfUtils.java:logGet(43)) - raft.server.retrycache.expirytime = 600000ms (custom)
2019-08-21 08:27:39,046 INFO  impl.RaftServerImpl (RaftServerImpl.java:<init>(93)) - 671de8ea-03b0-4027-b943-f04fd917b6dd: new RaftServerImpl for group-6C009E0DD105:[] with ContainerStateMachine:uninitialized
2019-08-21 08:27:39,046 INFO  server.RaftServerConfigKeys (ConfUtils.java:logGet(43)) - raft.server.rpc.timeout.min = 5s (custom)
2019-08-21 08:27:39,046 INFO  server.RaftServerConfigKeys (ConfUtils.java:logGet(43)) - raft.server.rpc.timeout.max = 5200ms (custom)
2019-08-21 08:27:39,046 INFO  server.RaftServerConfigKeys (ConfUtils.java:logGet(43)) - raft.server.rpcslowness.timeout = 120s (custom)
2019-08-21 08:27:39,046 INFO  handler.ContextHandler (ContextHandler.java:doStart(781)) - Started o.e.j.w.WebAppContext@5b3f0df8{/,file:///tmp/jetty-0.0.0.0-45389-hddsDatanode-_-any-6706377193292543097.dir/webapp/,AVAILABLE}{/hddsDatanode}
2019-08-21 08:27:39,046 INFO  server.RaftServerConfigKeys (ConfUtils.java:logGet(43)) - raft.server.sleep.deviation.threshold = 300 (default)
2019-08-21 08:27:39,047 INFO  server.RaftServerConfigKeys (ConfUtils.java:logGet(43)) - raft.server.log.appender.install.snapshot.enabled = false (custom)
2019-08-21 08:27:39,047 INFO  impl.RaftServerImpl (ServerState.java:<init>(105)) - 671de8ea-03b0-4027-b943-f04fd917b6dd:group-6C009E0DD105 ConfigurationManager, init=-1: [], old=null, confs=<EMPTY_MAP>
2019-08-21 08:27:39,047 INFO  server.AbstractConnector (AbstractConnector.java:doStart(278)) - Started ServerConnector@5c424bbb{HTTP/1.1,[http/1.1]}{0.0.0.0:45389}
2019-08-21 08:27:39,047 INFO  server.RaftServerConfigKeys (ConfUtils.java:logGet(43)) - raft.server.storage.dir = [/workdir/hadoop-ozone/integration-test/target/test-dir/MiniOzoneClusterImpl-58c37d08-4f2b-4349-a02b-45cd945bf2f6/datanode-1/data/ratis] (custom)
2019-08-21 08:27:39,049 INFO  server.Server (Server.java:doStart(419)) - Started @55839ms
2019-08-21 08:27:39,049 WARN  impl.MetricsSystemImpl (MetricsSystemImpl.java:register(276)) - Sink prometheus already exists!
2019-08-21 08:27:39,050 INFO  server.BaseHttpServer (BaseHttpServer.java:updateConnectorAddress(215)) - HTTP server of HDDSDATANODE is listening at http://0.0.0.0:45389
2019-08-21 08:27:39,059 INFO  storage.RaftStorageDirectory (RaftStorageDirectory.java:tryLock(328)) - Lock on /workdir/hadoop-ozone/integration-test/target/test-dir/MiniOzoneClusterImpl-58c37d08-4f2b-4349-a02b-45cd945bf2f6/datanode-1/data/ratis/1b316ed5-a6a9-4776-8a40-6c009e0dd105/in_use.lock acquired by nodename 14422@pr-hdds-1935-z5xc5-3809828402
2019-08-21 08:27:39,060 INFO  ratis.ContainerStateMachine (ContainerStateMachine.java:loadSnapshot(222)) - group-6C009E0DD105: The snapshot info is null. Setting the last applied indexto:(t:0, i:~)
2019-08-21 08:27:39,060 INFO  server.RaftServerConfigKeys (ConfUtils.java:logGet(43)) - raft.server.leader.election.timeout = 120s (custom)
2019-08-21 08:27:39,060 INFO  server.RaftServerConfigKeys (ConfUtils.java:logGet(43)) - raft.server.log.use.memory = false (default)
2019-08-21 08:27:39,060 INFO  server.RaftServerConfigKeys (ConfUtils.java:logGet(43)) - raft.server.log.purge.gap = 1000000000 (custom)
2019-08-21 08:27:39,060 INFO  server.RaftServerConfigKeys (ConfUtils.java:logGet(43)) - raft.server.log.appender.buffer.byte-limit = 33554432 (custom)
2019-08-21 08:27:39,060 INFO  server.RaftServerConfigKeys (ConfUtils.java:logGet(43)) - raft.server.log.segment.size.max = 1048576 (custom)
2019-08-21 08:27:39,060 INFO  server.RaftServerConfigKeys (ConfUtils.java:logGet(43)) - raft.server.log.segment.cache.num.max = 2 (custom)
2019-08-21 08:27:39,061 INFO  segmented.SegmentedRaftLogWorker (SegmentedRaftLogWorker.java:<init>(172)) - new 671de8ea-03b0-4027-b943-f04fd917b6dd-SegmentedRaftLogWorker:Storage Directory /workdir/hadoop-ozone/integration-test/target/test-dir/MiniOzoneClusterImpl-58c37d08-4f2b-4349-a02b-45cd945bf2f6/datanode-1/data/ratis/1b316ed5-a6a9-4776-8a40-6c009e0dd105 for RaftStorage:Storage Directory /workdir/hadoop-ozone/integration-test/target/test-dir/MiniOzoneClusterImpl-58c37d08-4f2b-4349-a02b-45cd945bf2f6/datanode-1/data/ratis/1b316ed5-a6a9-4776-8a40-6c009e0dd105
2019-08-21 08:27:39,061 INFO  server.RaftServerConfigKeys (ConfUtils.java:logGet(43)) - raft.server.log.queue.byte-limit = 2147483647 (custom)
2019-08-21 08:27:39,061 INFO  server.RaftServerConfigKeys (ConfUtils.java:logGet(43)) - raft.server.log.queue.element-limit = 1024 (custom)
2019-08-21 08:27:39,061 INFO  server.RaftServerConfigKeys (ConfUtils.java:logGet(43)) - raft.server.log.segment.size.max = 1048576 (custom)
2019-08-21 08:27:39,061 INFO  server.RaftServerConfigKeys (ConfUtils.java:logGet(43)) - raft.server.log.preallocated.size = 16384 (custom)
2019-08-21 08:27:39,061 INFO  server.RaftServerConfigKeys (ConfUtils.java:logGet(43)) - raft.server.log.write.buffer.size = 33554432 (custom)
2019-08-21 08:27:39,061 INFO  server.RaftServerConfigKeys (ConfUtils.java:logGet(43)) - raft.server.log.force.sync.num = 128 (default)
2019-08-21 08:27:39,061 INFO  server.RaftServerConfigKeys (ConfUtils.java:logGet(43)) - raft.server.log.statemachine.data.sync = true (default)
2019-08-21 08:27:39,062 INFO  server.RaftServerConfigKeys (ConfUtils.java:logGet(43)) - raft.server.log.statemachine.data.sync.timeout = 10s (default)
2019-08-21 08:27:39,062 INFO  server.RaftServerConfigKeys (ConfUtils.java:logGet(43)) - raft.server.log.statemachine.data.sync.timeout.retry = -1 (default)
2019-08-21 08:27:39,062 INFO  server.RaftServerConfigKeys (ConfUtils.java:logGet(43)) - raft.server.log.statemachine.data.caching.enabled = true (custom)
2019-08-21 08:27:39,062 INFO  impl.RaftServerImpl (ServerState.java:setRaftConf(361)) - 671de8ea-03b0-4027-b943-f04fd917b6dd:group-6C009E0DD105 set configuration 0: [42c3f630-5831-4e96-a05e-adaa7bd4e131:192.168.69.73:35079, 671de8ea-03b0-4027-b943-f04fd917b6dd:192.168.69.73:35367, 637dfc31-241d-4e66-8a1b-1719bdff904f:192.168.69.73:39066], old=null at 0
2019-08-21 08:27:39,063 INFO  segmented.LogSegment (LogSegment.java:loadSegment(145)) - Successfully read 1 entries from segment file /workdir/hadoop-ozone/integration-test/target/test-dir/MiniOzoneClusterImpl-58c37d08-4f2b-4349-a02b-45cd945bf2f6/datanode-1/data/ratis/1b316ed5-a6a9-4776-8a40-6c009e0dd105/current/log_inprogress_0
2019-08-21 08:27:39,063 INFO  segmented.SegmentedRaftLogWorker (SegmentedRaftLogWorker.java:lambda$new$0(132)) - 671de8ea-03b0-4027-b943-f04fd917b6dd-SegmentedRaftLogWorker:Storage Directory /workdir/hadoop-ozone/integration-test/target/test-dir/MiniOzoneClusterImpl-58c37d08-4f2b-4349-a02b-45cd945bf2f6/datanode-1/data/ratis/1b316ed5-a6a9-4776-8a40-6c009e0dd105: flushIndex: setUnconditionally 0 -> 0
2019-08-21 08:27:39,086 INFO  server.RaftServerConfigKeys (ConfUtils.java:logGet(43)) - raft.server.snapshot.auto.trigger.enabled = true (custom)
2019-08-21 08:27:39,086 INFO  server.RaftServerConfigKeys (ConfUtils.java:logGet(43)) - raft.server.snapshot.auto.trigger.threshold = 10000 (custom)
2019-08-21 08:27:39,086 INFO  server.RaftServerConfigKeys (ConfUtils.java:logGet(43)) - raft.server.retrycache.expirytime = 600000ms (custom)
2019-08-21 08:27:39,177 INFO  ozone.HddsDatanodeService (HddsDatanodeService.java:startPlugins(395)) - Started plug-in org.apache.hadoop.ozone.web.OzoneHddsDatanodeService@4bef93e7
2019-08-21 08:27:39,179 INFO  util.JvmPauseMonitor (JvmPauseMonitor.java:run(188)) - Starting JVM pause monitor
2019-08-21 08:27:39,179 INFO  impl.MetricsSystemImpl (MetricsSystemImpl.java:init(158)) - HddsDatanode metrics system started (again)
2019-08-21 08:27:39,183 INFO  ozone.HddsDatanodeService (HddsDatanodeService.java:start(184)) - HddsDatanodeService host:pr-hdds-1935-z5xc5-3809828402 ip:192.168.69.73
2019-08-21 08:27:39,185 INFO  volume.VolumeUsage (VolumeUsage.java:loadScmUsed(144)) - Cached ScmUsed found for /workdir/hadoop-ozone/integration-test/target/test-dir/MiniOzoneClusterImpl-58c37d08-4f2b-4349-a02b-45cd945bf2f6/datanode-2/data/containers : 4096 
2019-08-21 08:27:39,185 INFO  volume.HddsVolume (HddsVolume.java:<init>(176)) - Creating Volume: /workdir/hadoop-ozone/integration-test/target/test-dir/MiniOzoneClusterImpl-58c37d08-4f2b-4349-a02b-45cd945bf2f6/datanode-2/data/containers/hdds of  storage type : DISK and capacity : 1482555576320
2019-08-21 08:27:39,185 INFO  volume.VolumeSet (VolumeSet.java:initializeVolumeSet(170)) - Added Volume : /workdir/hadoop-ozone/integration-test/target/test-dir/MiniOzoneClusterImpl-58c37d08-4f2b-4349-a02b-45cd945bf2f6/datanode-2/data/containers/hdds to VolumeSet
2019-08-21 08:27:39,185 INFO  volume.ThrottledAsyncChecker (ThrottledAsyncChecker.java:schedule(140)) - Scheduling a check for org.apache.hadoop.ozone.container.common.volume.HddsVolume@3e16b18d
2019-08-21 08:27:39,186 INFO  volume.HddsVolumeChecker (HddsVolumeChecker.java:checkAllVolumes(203)) - Scheduled health check for volume org.apache.hadoop.ozone.container.common.volume.HddsVolume@3e16b18d
2019-08-21 08:27:39,337 INFO  impl.RaftServerProxy (ConfUtils.java:logGet(43)) - raft.rpc.type = GRPC (default)
2019-08-21 08:27:39,339 INFO  grpc.GrpcFactory (GrpcFactory.java:checkPooledByteBufAllocatorUseCacheForAllThreads(45)) - PERFORMANCE WARNING: useCacheForAllThreads is true that may cause Netty to create a lot garbage objects and, as a result, trigger GC.
	It is recommended to disable useCacheForAllThreads by setting -Dorg.apache.ratis.thirdparty.io.netty.allocator.useCacheForAllThreads=false in command line.
2019-08-21 08:27:39,340 INFO  grpc.GrpcConfigKeys$Server (ConfUtils.java:logGet(43)) - raft.grpc.server.port = 39066 (custom)
2019-08-21 08:27:39,341 INFO  server.GrpcService (ConfUtils.java:logGet(43)) - raft.grpc.message.size.max = 33570816 (custom)
2019-08-21 08:27:39,341 INFO  server.RaftServerConfigKeys (ConfUtils.java:logGet(43)) - raft.server.log.appender.buffer.byte-limit = 33554432 (custom)
2019-08-21 08:27:39,341 INFO  server.GrpcService (ConfUtils.java:logGet(43)) - raft.grpc.flow.control.window = 1MB (=1048576) (default)
2019-08-21 08:27:39,341 INFO  server.RaftServerConfigKeys (ConfUtils.java:logGet(43)) - raft.server.rpc.request.timeout = 3000ms (default)
2019-08-21 08:27:39,342 INFO  server.RaftServerConfigKeys (ConfUtils.java:logGet(43)) - raft.server.storage.dir = [/workdir/hadoop-ozone/integration-test/target/test-dir/MiniOzoneClusterImpl-58c37d08-4f2b-4349-a02b-45cd945bf2f6/datanode-2/data/ratis] (custom)
2019-08-21 08:27:39,342 INFO  impl.RaftServerProxy (RaftServerProxy.java:lambda$null$0(191)) - 637dfc31-241d-4e66-8a1b-1719bdff904f: found a subdirectory /workdir/hadoop-ozone/integration-test/target/test-dir/MiniOzoneClusterImpl-58c37d08-4f2b-4349-a02b-45cd945bf2f6/datanode-2/data/ratis/6bf3c7e3-e3fc-424b-8923-60256c8d4c52
2019-08-21 08:27:39,342 INFO  impl.RaftServerProxy (RaftServerProxy.java:addNew(89)) - 637dfc31-241d-4e66-8a1b-1719bdff904f: addNew group-60256C8D4C52:[] returns group-60256C8D4C52:java.util.concurrent.CompletableFuture@202462b4[Not completed]
2019-08-21 08:27:39,342 INFO  impl.RaftServerProxy (RaftServerProxy.java:lambda$null$0(191)) - 637dfc31-241d-4e66-8a1b-1719bdff904f: found a subdirectory /workdir/hadoop-ozone/integration-test/target/test-dir/MiniOzoneClusterImpl-58c37d08-4f2b-4349-a02b-45cd945bf2f6/datanode-2/data/ratis/1b316ed5-a6a9-4776-8a40-6c009e0dd105
2019-08-21 08:27:39,343 INFO  impl.RaftServerProxy (RaftServerProxy.java:addNew(89)) - 637dfc31-241d-4e66-8a1b-1719bdff904f: addNew group-6C009E0DD105:[] returns group-6C009E0DD105:java.util.concurrent.CompletableFuture@70c7c23b[Not completed]
2019-08-21 08:27:39,343 INFO  replication.SimpleContainerDownloader (SimpleContainerDownloader.java:<init>(72)) - Starting container downloader service to copy containers to replicate.
2019-08-21 08:27:39,346 INFO  impl.RaftServerImpl (RaftServerImpl.java:<init>(93)) - 637dfc31-241d-4e66-8a1b-1719bdff904f: new RaftServerImpl for group-60256C8D4C52:[] with ContainerStateMachine:uninitialized
2019-08-21 08:27:39,346 INFO  hdfs.DFSUtil (DFSUtil.java:httpServerTemplateForNNAndJN(1641)) - Starting Web-server for hddsDatanode at: http://0.0.0.0:37103
2019-08-21 08:27:39,346 INFO  server.RaftServerConfigKeys (ConfUtils.java:logGet(43)) - raft.server.rpc.timeout.min = 5s (custom)
2019-08-21 08:27:39,346 INFO  server.RaftServerConfigKeys (ConfUtils.java:logGet(43)) - raft.server.rpc.timeout.max = 5200ms (custom)
2019-08-21 08:27:39,346 INFO  server.RaftServerConfigKeys (ConfUtils.java:logGet(43)) - raft.server.rpcslowness.timeout = 120s (custom)
2019-08-21 08:27:39,347 INFO  server.RaftServerConfigKeys (ConfUtils.java:logGet(43)) - raft.server.sleep.deviation.threshold = 300 (default)
2019-08-21 08:27:39,347 INFO  server.RaftServerConfigKeys (ConfUtils.java:logGet(43)) - raft.server.log.appender.install.snapshot.enabled = false (custom)
2019-08-21 08:27:39,347 INFO  impl.RaftServerImpl (ServerState.java:<init>(105)) - 637dfc31-241d-4e66-8a1b-1719bdff904f:group-60256C8D4C52 ConfigurationManager, init=-1: [], old=null, confs=<EMPTY_MAP>
2019-08-21 08:27:39,347 INFO  server.RaftServerConfigKeys (ConfUtils.java:logGet(43)) - raft.server.storage.dir = [/workdir/hadoop-ozone/integration-test/target/test-dir/MiniOzoneClusterImpl-58c37d08-4f2b-4349-a02b-45cd945bf2f6/datanode-2/data/ratis] (custom)
2019-08-21 08:27:39,348 INFO  server.AuthenticationFilter (AuthenticationFilter.java:constructSecretProvider(240)) - Unable to initialize FileSignerSecretProvider, falling back to use random secrets.
2019-08-21 08:27:39,348 WARN  http.HttpRequestLog (HttpRequestLog.java:getRequestLog(97)) - Jetty request log can only be enabled using Log4j
2019-08-21 08:27:39,349 INFO  http.HttpServer2 (HttpServer2.java:addGlobalFilter(975)) - Added global filter 'safety' (class=org.apache.hadoop.http.HttpServer2$QuotingInputFilter)
2019-08-21 08:27:39,350 INFO  http.HttpServer2 (HttpServer2.java:addFilter(948)) - Added filter static_user_filter (class=org.apache.hadoop.http.lib.StaticUserWebFilter$StaticUserFilter) to context hddsDatanode
2019-08-21 08:27:39,350 INFO  http.HttpServer2 (HttpServer2.java:addFilter(958)) - Added filter static_user_filter (class=org.apache.hadoop.http.lib.StaticUserWebFilter$StaticUserFilter) to context static
2019-08-21 08:27:39,350 INFO  http.HttpServer2 (HttpServer2.java:addFilter(958)) - Added filter static_user_filter (class=org.apache.hadoop.http.lib.StaticUserWebFilter$StaticUserFilter) to context logs
2019-08-21 08:27:39,351 INFO  http.HttpServer2 (HttpServer2.java:bindListener(1191)) - Jetty bound to port 37103
2019-08-21 08:27:39,351 INFO  server.Server (Server.java:doStart(351)) - jetty-9.3.24.v20180605, build timestamp: 2018-06-05T17:11:56Z, git hash: 84205aa28f11a4f31f2a3b86d1bba2cc8ab69827
2019-08-21 08:27:39,353 INFO  handler.ContextHandler (ContextHandler.java:doStart(781)) - Started o.e.j.s.ServletContextHandler@4e2c32d5{/logs,file:///workdir/hadoop-ozone/integration-test/target/log,AVAILABLE}
2019-08-21 08:27:39,353 INFO  handler.ContextHandler (ContextHandler.java:doStart(781)) - Started o.e.j.s.ServletContextHandler@6a1fbd5b{/static,jar:file:/home/user/.m2/repository/org/apache/hadoop/hadoop-hdds-container-service/0.5.0-SNAPSHOT/hadoop-hdds-container-service-0.5.0-SNAPSHOT.jar!/webapps/static,AVAILABLE}
2019-08-21 08:27:39,360 INFO  storage.RaftStorageDirectory (RaftStorageDirectory.java:tryLock(328)) - Lock on /workdir/hadoop-ozone/integration-test/target/test-dir/MiniOzoneClusterImpl-58c37d08-4f2b-4349-a02b-45cd945bf2f6/datanode-2/data/ratis/6bf3c7e3-e3fc-424b-8923-60256c8d4c52/in_use.lock acquired by nodename 14422@pr-hdds-1935-z5xc5-3809828402
2019-08-21 08:27:39,360 INFO  ratis.ContainerStateMachine (ContainerStateMachine.java:loadSnapshot(222)) - group-60256C8D4C52: The snapshot info is null. Setting the last applied indexto:(t:0, i:~)
2019-08-21 08:27:39,361 INFO  server.RaftServerConfigKeys (ConfUtils.java:logGet(43)) - raft.server.leader.election.timeout = 120s (custom)
2019-08-21 08:27:39,361 INFO  server.RaftServerConfigKeys (ConfUtils.java:logGet(43)) - raft.server.log.use.memory = false (default)
2019-08-21 08:27:39,361 INFO  server.RaftServerConfigKeys (ConfUtils.java:logGet(43)) - raft.server.log.purge.gap = 1000000000 (custom)
2019-08-21 08:27:39,361 INFO  server.RaftServerConfigKeys (ConfUtils.java:logGet(43)) - raft.server.log.appender.buffer.byte-limit = 33554432 (custom)
2019-08-21 08:27:39,362 INFO  server.RaftServerConfigKeys (ConfUtils.java:logGet(43)) - raft.server.log.segment.size.max = 1048576 (custom)
2019-08-21 08:27:39,362 INFO  server.RaftServerConfigKeys (ConfUtils.java:logGet(43)) - raft.server.log.segment.cache.num.max = 2 (custom)
2019-08-21 08:27:39,362 INFO  segmented.SegmentedRaftLogWorker (SegmentedRaftLogWorker.java:<init>(172)) - new 637dfc31-241d-4e66-8a1b-1719bdff904f-SegmentedRaftLogWorker:Storage Directory /workdir/hadoop-ozone/integration-test/target/test-dir/MiniOzoneClusterImpl-58c37d08-4f2b-4349-a02b-45cd945bf2f6/datanode-2/data/ratis/6bf3c7e3-e3fc-424b-8923-60256c8d4c52 for RaftStorage:Storage Directory /workdir/hadoop-ozone/integration-test/target/test-dir/MiniOzoneClusterImpl-58c37d08-4f2b-4349-a02b-45cd945bf2f6/datanode-2/data/ratis/6bf3c7e3-e3fc-424b-8923-60256c8d4c52
2019-08-21 08:27:39,362 INFO  server.RaftServerConfigKeys (ConfUtils.java:logGet(43)) - raft.server.log.queue.byte-limit = 2147483647 (custom)
2019-08-21 08:27:39,363 INFO  server.RaftServerConfigKeys (ConfUtils.java:logGet(43)) - raft.server.log.queue.element-limit = 1024 (custom)
2019-08-21 08:27:39,363 INFO  server.RaftServerConfigKeys (ConfUtils.java:logGet(43)) - raft.server.log.segment.size.max = 1048576 (custom)
2019-08-21 08:27:39,363 INFO  server.RaftServerConfigKeys (ConfUtils.java:logGet(43)) - raft.server.log.preallocated.size = 16384 (custom)
2019-08-21 08:27:39,363 INFO  server.RaftServerConfigKeys (ConfUtils.java:logGet(43)) - raft.server.log.write.buffer.size = 33554432 (custom)
2019-08-21 08:27:39,363 INFO  server.RaftServerConfigKeys (ConfUtils.java:logGet(43)) - raft.server.log.force.sync.num = 128 (default)
2019-08-21 08:27:39,364 INFO  server.RaftServerConfigKeys (ConfUtils.java:logGet(43)) - raft.server.log.statemachine.data.sync = true (default)
2019-08-21 08:27:39,364 INFO  server.RaftServerConfigKeys (ConfUtils.java:logGet(43)) - raft.server.log.statemachine.data.sync.timeout = 10s (default)
2019-08-21 08:27:39,364 INFO  server.RaftServerConfigKeys (ConfUtils.java:logGet(43)) - raft.server.log.statemachine.data.sync.timeout.retry = -1 (default)
2019-08-21 08:27:39,364 INFO  server.RaftServerConfigKeys (ConfUtils.java:logGet(43)) - raft.server.log.statemachine.data.caching.enabled = true (custom)
2019-08-21 08:27:39,365 INFO  impl.RaftServerImpl (ServerState.java:setRaftConf(361)) - 637dfc31-241d-4e66-8a1b-1719bdff904f:group-60256C8D4C52 set configuration 0: [637dfc31-241d-4e66-8a1b-1719bdff904f:192.168.69.73:39066], old=null at 0
2019-08-21 08:27:39,366 INFO  segmented.LogSegment (LogSegment.java:loadSegment(145)) - Successfully read 1 entries from segment file /workdir/hadoop-ozone/integration-test/target/test-dir/MiniOzoneClusterImpl-58c37d08-4f2b-4349-a02b-45cd945bf2f6/datanode-2/data/ratis/6bf3c7e3-e3fc-424b-8923-60256c8d4c52/current/log_inprogress_0
2019-08-21 08:27:39,366 INFO  segmented.SegmentedRaftLogWorker (SegmentedRaftLogWorker.java:lambda$new$0(132)) - 637dfc31-241d-4e66-8a1b-1719bdff904f-SegmentedRaftLogWorker:Storage Directory /workdir/hadoop-ozone/integration-test/target/test-dir/MiniOzoneClusterImpl-58c37d08-4f2b-4349-a02b-45cd945bf2f6/datanode-2/data/ratis/6bf3c7e3-e3fc-424b-8923-60256c8d4c52: flushIndex: setUnconditionally 0 -> 0
2019-08-21 08:27:39,399 INFO  server.RaftServerConfigKeys (ConfUtils.java:logGet(43)) - raft.server.snapshot.auto.trigger.enabled = true (custom)
2019-08-21 08:27:39,399 INFO  server.RaftServerConfigKeys (ConfUtils.java:logGet(43)) - raft.server.snapshot.auto.trigger.threshold = 10000 (custom)
2019-08-21 08:27:39,400 INFO  server.RaftServerConfigKeys (ConfUtils.java:logGet(43)) - raft.server.retrycache.expirytime = 600000ms (custom)
2019-08-21 08:27:39,401 INFO  impl.RaftServerImpl (RaftServerImpl.java:<init>(93)) - 637dfc31-241d-4e66-8a1b-1719bdff904f: new RaftServerImpl for group-6C009E0DD105:[] with ContainerStateMachine:uninitialized
2019-08-21 08:27:39,401 INFO  server.RaftServerConfigKeys (ConfUtils.java:logGet(43)) - raft.server.rpc.timeout.min = 5s (custom)
2019-08-21 08:27:39,401 INFO  server.RaftServerConfigKeys (ConfUtils.java:logGet(43)) - raft.server.rpc.timeout.max = 5200ms (custom)
2019-08-21 08:27:39,402 INFO  server.RaftServerConfigKeys (ConfUtils.java:logGet(43)) - raft.server.rpcslowness.timeout = 120s (custom)
2019-08-21 08:27:39,402 INFO  server.RaftServerConfigKeys (ConfUtils.java:logGet(43)) - raft.server.sleep.deviation.threshold = 300 (default)
2019-08-21 08:27:39,402 INFO  server.RaftServerConfigKeys (ConfUtils.java:logGet(43)) - raft.server.log.appender.install.snapshot.enabled = false (custom)
2019-08-21 08:27:39,402 INFO  impl.RaftServerImpl (ServerState.java:<init>(105)) - 637dfc31-241d-4e66-8a1b-1719bdff904f:group-6C009E0DD105 ConfigurationManager, init=-1: [], old=null, confs=<EMPTY_MAP>
2019-08-21 08:27:39,402 INFO  server.RaftServerConfigKeys (ConfUtils.java:logGet(43)) - raft.server.storage.dir = [/workdir/hadoop-ozone/integration-test/target/test-dir/MiniOzoneClusterImpl-58c37d08-4f2b-4349-a02b-45cd945bf2f6/datanode-2/data/ratis] (custom)
2019-08-21 08:27:39,415 INFO  storage.RaftStorageDirectory (RaftStorageDirectory.java:tryLock(328)) - Lock on /workdir/hadoop-ozone/integration-test/target/test-dir/MiniOzoneClusterImpl-58c37d08-4f2b-4349-a02b-45cd945bf2f6/datanode-2/data/ratis/1b316ed5-a6a9-4776-8a40-6c009e0dd105/in_use.lock acquired by nodename 14422@pr-hdds-1935-z5xc5-3809828402
2019-08-21 08:27:39,416 INFO  ratis.ContainerStateMachine (ContainerStateMachine.java:loadSnapshot(222)) - group-6C009E0DD105: The snapshot info is null. Setting the last applied indexto:(t:0, i:~)
2019-08-21 08:27:39,416 INFO  server.RaftServerConfigKeys (ConfUtils.java:logGet(43)) - raft.server.leader.election.timeout = 120s (custom)
2019-08-21 08:27:39,416 INFO  server.RaftServerConfigKeys (ConfUtils.java:logGet(43)) - raft.server.log.use.memory = false (default)
2019-08-21 08:27:39,416 INFO  server.RaftServerConfigKeys (ConfUtils.java:logGet(43)) - raft.server.log.purge.gap = 1000000000 (custom)
2019-08-21 08:27:39,416 INFO  server.RaftServerConfigKeys (ConfUtils.java:logGet(43)) - raft.server.log.appender.buffer.byte-limit = 33554432 (custom)
2019-08-21 08:27:39,416 INFO  server.RaftServerConfigKeys (ConfUtils.java:logGet(43)) - raft.server.log.segment.size.max = 1048576 (custom)
2019-08-21 08:27:39,416 INFO  server.RaftServerConfigKeys (ConfUtils.java:logGet(43)) - raft.server.log.segment.cache.num.max = 2 (custom)
2019-08-21 08:27:39,417 INFO  segmented.SegmentedRaftLogWorker (SegmentedRaftLogWorker.java:<init>(172)) - new 637dfc31-241d-4e66-8a1b-1719bdff904f-SegmentedRaftLogWorker:Storage Directory /workdir/hadoop-ozone/integration-test/target/test-dir/MiniOzoneClusterImpl-58c37d08-4f2b-4349-a02b-45cd945bf2f6/datanode-2/data/ratis/1b316ed5-a6a9-4776-8a40-6c009e0dd105 for RaftStorage:Storage Directory /workdir/hadoop-ozone/integration-test/target/test-dir/MiniOzoneClusterImpl-58c37d08-4f2b-4349-a02b-45cd945bf2f6/datanode-2/data/ratis/1b316ed5-a6a9-4776-8a40-6c009e0dd105
2019-08-21 08:27:39,417 INFO  server.RaftServerConfigKeys (ConfUtils.java:logGet(43)) - raft.server.log.queue.byte-limit = 2147483647 (custom)
2019-08-21 08:27:39,417 INFO  server.RaftServerConfigKeys (ConfUtils.java:logGet(43)) - raft.server.log.queue.element-limit = 1024 (custom)
2019-08-21 08:27:39,417 INFO  server.RaftServerConfigKeys (ConfUtils.java:logGet(43)) - raft.server.log.segment.size.max = 1048576 (custom)
2019-08-21 08:27:39,417 INFO  server.RaftServerConfigKeys (ConfUtils.java:logGet(43)) - raft.server.log.preallocated.size = 16384 (custom)
2019-08-21 08:27:39,417 INFO  server.RaftServerConfigKeys (ConfUtils.java:logGet(43)) - raft.server.log.write.buffer.size = 33554432 (custom)
2019-08-21 08:27:39,417 INFO  server.RaftServerConfigKeys (ConfUtils.java:logGet(43)) - raft.server.log.force.sync.num = 128 (default)
2019-08-21 08:27:39,418 INFO  server.RaftServerConfigKeys (ConfUtils.java:logGet(43)) - raft.server.log.statemachine.data.sync = true (default)
2019-08-21 08:27:39,418 INFO  server.RaftServerConfigKeys (ConfUtils.java:logGet(43)) - raft.server.log.statemachine.data.sync.timeout = 10s (default)
2019-08-21 08:27:39,418 INFO  server.RaftServerConfigKeys (ConfUtils.java:logGet(43)) - raft.server.log.statemachine.data.sync.timeout.retry = -1 (default)
2019-08-21 08:27:39,418 INFO  server.RaftServerConfigKeys (ConfUtils.java:logGet(43)) - raft.server.log.statemachine.data.caching.enabled = true (custom)
2019-08-21 08:27:39,419 INFO  impl.RaftServerImpl (ServerState.java:setRaftConf(361)) - 637dfc31-241d-4e66-8a1b-1719bdff904f:group-6C009E0DD105 set configuration 0: [42c3f630-5831-4e96-a05e-adaa7bd4e131:192.168.69.73:35079, 671de8ea-03b0-4027-b943-f04fd917b6dd:192.168.69.73:35367, 637dfc31-241d-4e66-8a1b-1719bdff904f:192.168.69.73:39066], old=null at 0
2019-08-21 08:27:39,419 INFO  segmented.LogSegment (LogSegment.java:loadSegment(145)) - Successfully read 1 entries from segment file /workdir/hadoop-ozone/integration-test/target/test-dir/MiniOzoneClusterImpl-58c37d08-4f2b-4349-a02b-45cd945bf2f6/datanode-2/data/ratis/1b316ed5-a6a9-4776-8a40-6c009e0dd105/current/log_inprogress_0
2019-08-21 08:27:39,419 INFO  segmented.SegmentedRaftLogWorker (SegmentedRaftLogWorker.java:lambda$new$0(132)) - 637dfc31-241d-4e66-8a1b-1719bdff904f-SegmentedRaftLogWorker:Storage Directory /workdir/hadoop-ozone/integration-test/target/test-dir/MiniOzoneClusterImpl-58c37d08-4f2b-4349-a02b-45cd945bf2f6/datanode-2/data/ratis/1b316ed5-a6a9-4776-8a40-6c009e0dd105: flushIndex: setUnconditionally 0 -> 0
2019-08-21 08:27:39,451 INFO  server.RaftServerConfigKeys (ConfUtils.java:logGet(43)) - raft.server.snapshot.auto.trigger.enabled = true (custom)
2019-08-21 08:27:39,453 INFO  server.RaftServerConfigKeys (ConfUtils.java:logGet(43)) - raft.server.snapshot.auto.trigger.threshold = 10000 (custom)
2019-08-21 08:27:39,453 INFO  server.RaftServerConfigKeys (ConfUtils.java:logGet(43)) - raft.server.retrycache.expirytime = 600000ms (custom)
2019-08-21 08:27:40,698 INFO  handler.ContextHandler (ContextHandler.java:doStart(781)) - Started o.e.j.w.WebAppContext@30693e22{/,file:///tmp/jetty-0.0.0.0-37103-hddsDatanode-_-any-6864993955408840541.dir/webapp/,AVAILABLE}{/hddsDatanode}
2019-08-21 08:27:40,699 INFO  server.AbstractConnector (AbstractConnector.java:doStart(278)) - Started ServerConnector@69503596{HTTP/1.1,[http/1.1]}{0.0.0.0:37103}
2019-08-21 08:27:40,700 INFO  server.Server (Server.java:doStart(419)) - Started @57491ms
2019-08-21 08:27:40,701 WARN  impl.MetricsSystemImpl (MetricsSystemImpl.java:register(276)) - Sink prometheus already exists!
2019-08-21 08:27:40,702 INFO  server.BaseHttpServer (BaseHttpServer.java:updateConnectorAddress(215)) - HTTP server of HDDSDATANODE is listening at http://0.0.0.0:37103
2019-08-21 08:27:40,817 INFO  ozone.HddsDatanodeService (HddsDatanodeService.java:startPlugins(395)) - Started plug-in org.apache.hadoop.ozone.web.OzoneHddsDatanodeService@3d8e6ecf
2019-08-21 08:27:40,817 INFO  pipeline.SCMPipelineManager (SCMPipelineManager.java:finalizeAndDestroyPipeline(309)) - destroying pipeline:Pipeline[ Id: 1b316ed5-a6a9-4776-8a40-6c009e0dd105, Nodes: 42c3f630-5831-4e96-a05e-adaa7bd4e131{ip: 192.168.69.73, host: pr-hdds-1935-z5xc5-3809828402, networkLocation: /default-rack, certSerialId: null}637dfc31-241d-4e66-8a1b-1719bdff904f{ip: 192.168.69.73, host: pr-hdds-1935-z5xc5-3809828402, networkLocation: /default-rack, certSerialId: null}671de8ea-03b0-4027-b943-f04fd917b6dd{ip: 192.168.69.73, host: pr-hdds-1935-z5xc5-3809828402, networkLocation: /default-rack, certSerialId: null}, Type:RATIS, Factor:THREE, State:OPEN]
2019-08-21 08:27:40,819 INFO  util.JvmPauseMonitor (JvmPauseMonitor.java:run(188)) - Starting JVM pause monitor
2019-08-21 08:27:40,827 WARN  pipeline.RatisPipelineUtils (RatisPipelineUtils.java:destroyPipeline(66)) - Pipeline destroy failed for pipeline=PipelineID=1b316ed5-a6a9-4776-8a40-6c009e0dd105 dn=42c3f630-5831-4e96-a05e-adaa7bd4e131{ip: 192.168.69.73, host: pr-hdds-1935-z5xc5-3809828402, networkLocation: /default-rack, certSerialId: null}
2019-08-21 08:27:40,830 WARN  pipeline.RatisPipelineUtils (RatisPipelineUtils.java:destroyPipeline(66)) - Pipeline destroy failed for pipeline=PipelineID=1b316ed5-a6a9-4776-8a40-6c009e0dd105 dn=637dfc31-241d-4e66-8a1b-1719bdff904f{ip: 192.168.69.73, host: pr-hdds-1935-z5xc5-3809828402, networkLocation: /default-rack, certSerialId: null}
2019-08-21 08:27:40,835 WARN  pipeline.RatisPipelineUtils (RatisPipelineUtils.java:destroyPipeline(66)) - Pipeline destroy failed for pipeline=PipelineID=1b316ed5-a6a9-4776-8a40-6c009e0dd105 dn=671de8ea-03b0-4027-b943-f04fd917b6dd{ip: 192.168.69.73, host: pr-hdds-1935-z5xc5-3809828402, networkLocation: /default-rack, certSerialId: null}
2019-08-21 08:27:40,835 INFO  pipeline.PipelineStateManager (PipelineStateManager.java:removePipeline(108)) - Pipeline Pipeline[ Id: 1b316ed5-a6a9-4776-8a40-6c009e0dd105, Nodes: 42c3f630-5831-4e96-a05e-adaa7bd4e131{ip: 192.168.69.73, host: pr-hdds-1935-z5xc5-3809828402, networkLocation: /default-rack, certSerialId: null}637dfc31-241d-4e66-8a1b-1719bdff904f{ip: 192.168.69.73, host: pr-hdds-1935-z5xc5-3809828402, networkLocation: /default-rack, certSerialId: null}671de8ea-03b0-4027-b943-f04fd917b6dd{ip: 192.168.69.73, host: pr-hdds-1935-z5xc5-3809828402, networkLocation: /default-rack, certSerialId: null}, Type:RATIS, Factor:THREE, State:CLOSED] removed from db
2019-08-21 08:27:40,982 INFO  ozoneimpl.OzoneContainer (OzoneContainer.java:start(186)) - Attempting to start container services.
2019-08-21 08:27:40,982 INFO  ozoneimpl.OzoneContainer (OzoneContainer.java:startContainerScrub(160)) - Background container scrubber has been disabled by hdds.containerscrub.enabled
2019-08-21 08:27:40,983 INFO  ratis.XceiverServerRatis (XceiverServerRatis.java:start(404)) - Starting XceiverServerRatis 42c3f630-5831-4e96-a05e-adaa7bd4e131 at port 35079
2019-08-21 08:27:40,992 INFO  impl.RaftServerImpl (RaftServerImpl.java:start(180)) - 42c3f630-5831-4e96-a05e-adaa7bd4e131: start group-24895533CD16
2019-08-21 08:27:40,992 INFO  impl.RaftServerImpl (RaftServerImpl.java:start(180)) - 42c3f630-5831-4e96-a05e-adaa7bd4e131: start group-6C009E0DD105
2019-08-21 08:27:40,993 INFO  impl.RaftServerImpl (RaftServerImpl.java:setRole(171)) - 42c3f630-5831-4e96-a05e-adaa7bd4e131:group-24895533CD16 changes role from null to FOLLOWER at term 1 for startAsFollower
2019-08-21 08:27:40,994 INFO  impl.RaftServerImpl (RaftServerImpl.java:setRole(171)) - 42c3f630-5831-4e96-a05e-adaa7bd4e131:group-6C009E0DD105 changes role from null to FOLLOWER at term 1 for startAsFollower
2019-08-21 08:27:40,994 INFO  impl.RoleInfo (RoleInfo.java:updateAndGet(143)) - 42c3f630-5831-4e96-a05e-adaa7bd4e131: start FollowerState
2019-08-21 08:27:40,994 INFO  impl.RoleInfo (RoleInfo.java:updateAndGet(143)) - 42c3f630-5831-4e96-a05e-adaa7bd4e131: start FollowerState
2019-08-21 08:27:40,996 INFO  util.JmxRegister (JmxRegister.java:tryRegister(44)) - Successfully registered JMX Bean with object name Ratis:service=RaftServer,group=group-6C009E0DD105,id=42c3f630-5831-4e96-a05e-adaa7bd4e131
2019-08-21 08:27:40,996 INFO  util.JmxRegister (JmxRegister.java:tryRegister(44)) - Successfully registered JMX Bean with object name Ratis:service=RaftServer,group=group-24895533CD16,id=42c3f630-5831-4e96-a05e-adaa7bd4e131
2019-08-21 08:27:40,997 INFO  impl.RaftServerProxy (RaftServerProxy.java:lambda$start$3(299)) - 42c3f630-5831-4e96-a05e-adaa7bd4e131: start RPC server
2019-08-21 08:27:40,999 INFO  server.GrpcService (GrpcService.java:startImpl(149)) - 42c3f630-5831-4e96-a05e-adaa7bd4e131: GrpcService started, listening on 0.0.0.0/0.0.0.0:35079
2019-08-21 08:27:41,181 INFO  ozoneimpl.OzoneContainer (OzoneContainer.java:start(186)) - Attempting to start container services.
2019-08-21 08:27:41,181 INFO  ozoneimpl.OzoneContainer (OzoneContainer.java:startContainerScrub(160)) - Background container scrubber has been disabled by hdds.containerscrub.enabled
2019-08-21 08:27:41,181 INFO  ratis.XceiverServerRatis (XceiverServerRatis.java:start(404)) - Starting XceiverServerRatis 671de8ea-03b0-4027-b943-f04fd917b6dd at port 35367
2019-08-21 08:27:41,190 INFO  impl.RaftServerImpl (RaftServerImpl.java:start(180)) - 671de8ea-03b0-4027-b943-f04fd917b6dd: start group-95197781E66E
2019-08-21 08:27:41,190 INFO  impl.RaftServerImpl (RaftServerImpl.java:start(180)) - 671de8ea-03b0-4027-b943-f04fd917b6dd: start group-6C009E0DD105
2019-08-21 08:27:41,192 INFO  impl.RaftServerImpl (RaftServerImpl.java:setRole(171)) - 671de8ea-03b0-4027-b943-f04fd917b6dd:group-95197781E66E changes role from null to FOLLOWER at term 1 for startAsFollower
2019-08-21 08:27:41,193 INFO  impl.RaftServerImpl (RaftServerImpl.java:setRole(171)) - 671de8ea-03b0-4027-b943-f04fd917b6dd:group-6C009E0DD105 changes role from null to FOLLOWER at term 1 for startAsFollower
2019-08-21 08:27:41,193 INFO  impl.RoleInfo (RoleInfo.java:updateAndGet(143)) - 671de8ea-03b0-4027-b943-f04fd917b6dd: start FollowerState
2019-08-21 08:27:41,193 INFO  impl.RoleInfo (RoleInfo.java:updateAndGet(143)) - 671de8ea-03b0-4027-b943-f04fd917b6dd: start FollowerState
2019-08-21 08:27:41,194 INFO  util.JmxRegister (JmxRegister.java:tryRegister(44)) - Successfully registered JMX Bean with object name Ratis:service=RaftServer,group=group-95197781E66E,id=671de8ea-03b0-4027-b943-f04fd917b6dd
2019-08-21 08:27:41,194 INFO  util.JmxRegister (JmxRegister.java:tryRegister(44)) - Successfully registered JMX Bean with object name Ratis:service=RaftServer,group=group-6C009E0DD105,id=671de8ea-03b0-4027-b943-f04fd917b6dd
2019-08-21 08:27:41,199 INFO  impl.RaftServerProxy (RaftServerProxy.java:lambda$start$3(299)) - 671de8ea-03b0-4027-b943-f04fd917b6dd: start RPC server
2019-08-21 08:27:41,200 INFO  server.GrpcService (GrpcService.java:startImpl(149)) - 671de8ea-03b0-4027-b943-f04fd917b6dd: GrpcService started, listening on 0.0.0.0/0.0.0.0:35367
2019-08-21 08:27:42,776 INFO  ozone.MiniOzoneClusterImpl (MiniOzoneClusterImpl.java:shutdown(321)) - Shutting down the Mini Ozone Cluster
2019-08-21 08:27:42,776 INFO  ozone.MiniOzoneClusterImpl (MiniOzoneClusterImpl.java:stop(336)) - Stopping the Mini Ozone Cluster
2019-08-21 08:27:42,777 INFO  ozone.MiniOzoneClusterImpl (MiniOzoneClusterImpl.java:stop(338)) - Stopping the OzoneManager
2019-08-21 08:27:42,778 INFO  ipc.Server (Server.java:stop(3082)) - Stopping server on 32991
2019-08-21 08:27:42,785 INFO  ipc.Server (Server.java:run(1185)) - Stopping IPC Server listener on 32991
2019-08-21 08:27:42,785 INFO  ratis.OzoneManagerDoubleBuffer (OzoneManagerDoubleBuffer.java:stop(248)) - Stopping OMDoubleBuffer flush thread
2019-08-21 08:27:42,787 INFO  ipc.Server (Server.java:run(1319)) - Stopping IPC Server Responder
2019-08-21 08:27:42,794 INFO  ratis.OzoneManagerDoubleBuffer (OzoneManagerDoubleBuffer.java:flushTransactions(191)) - OMDoubleBuffer flush thread OMDoubleBufferFlushThread is interrupted and will exit. OMDoubleBufferFlushThread
2019-08-21 08:27:42,799 INFO  utils.BackgroundService (BackgroundService.java:shutdown(148)) - Shutting down service KeyDeletingService
2019-08-21 08:27:42,803 INFO  handler.ContextHandler (ContextHandler.java:doStop(910)) - Stopped o.e.j.w.WebAppContext@21d26097{/,null,UNAVAILABLE}{/ozoneManager}
2019-08-21 08:27:42,804 INFO  server.AbstractConnector (AbstractConnector.java:doStop(318)) - Stopped ServerConnector@69247037{HTTP/1.1,[http/1.1]}{0.0.0.0:0}
2019-08-21 08:27:42,806 INFO  handler.ContextHandler (ContextHandler.java:doStop(910)) - Stopped o.e.j.s.ServletContextHandler@2f5756d5{/static,file:///workdir/hadoop-ozone/integration-test/target/test-classes/webapps/static,UNAVAILABLE}
2019-08-21 08:27:42,807 INFO  handler.ContextHandler (ContextHandler.java:doStop(910)) - Stopped o.e.j.s.ServletContextHandler@a5f84ce{/logs,file:///workdir/hadoop-ozone/integration-test/target/log,UNAVAILABLE}
2019-08-21 08:27:42,812 INFO  ozone.MiniOzoneClusterImpl (MiniOzoneClusterImpl.java:stop(344)) - Shutting the HddsDatanodes
2019-08-21 08:27:42,812 INFO  datanode.ObjectStoreHandler (ObjectStoreHandler.java:close(155)) - Closing ObjectStoreHandler.
2019-08-21 08:27:42,812 INFO  datanode.ObjectStoreHandler (ObjectStoreHandler.java:close(155)) - Closing ObjectStoreHandler.
2019-08-21 08:27:42,812 INFO  ozone.HddsDatanodeService (HddsDatanodeService.java:stop(451)) - Stopped plug-in org.apache.hadoop.ozone.web.OzoneHddsDatanodeService@4bef93e7
2019-08-21 08:27:42,813 INFO  ozone.HddsDatanodeService (HddsDatanodeService.java:stop(451)) - Stopped plug-in org.apache.hadoop.ozone.web.OzoneHddsDatanodeService@d8c4749
2019-08-21 08:27:42,821 INFO  ozoneimpl.OzoneContainer (OzoneContainer.java:start(186)) - Attempting to start container services.
2019-08-21 08:27:42,823 INFO  ozoneimpl.OzoneContainer (OzoneContainer.java:startContainerScrub(160)) - Background container scrubber has been disabled by hdds.containerscrub.enabled
2019-08-21 08:27:42,823 INFO  ratis.XceiverServerRatis (XceiverServerRatis.java:start(404)) - Starting XceiverServerRatis 637dfc31-241d-4e66-8a1b-1719bdff904f at port 39066
2019-08-21 08:27:42,830 INFO  impl.RaftServerImpl (RaftServerImpl.java:start(180)) - 637dfc31-241d-4e66-8a1b-1719bdff904f: start group-60256C8D4C52
2019-08-21 08:27:42,831 INFO  impl.RaftServerImpl (RaftServerImpl.java:setRole(171)) - 637dfc31-241d-4e66-8a1b-1719bdff904f:group-60256C8D4C52 changes role from null to FOLLOWER at term 1 for startAsFollower
2019-08-21 08:27:42,831 INFO  impl.RoleInfo (RoleInfo.java:updateAndGet(143)) - 637dfc31-241d-4e66-8a1b-1719bdff904f: start FollowerState
2019-08-21 08:27:42,832 INFO  util.JmxRegister (JmxRegister.java:tryRegister(44)) - Successfully registered JMX Bean with object name Ratis:service=RaftServer,group=group-60256C8D4C52,id=637dfc31-241d-4e66-8a1b-1719bdff904f
2019-08-21 08:27:42,832 INFO  impl.RaftServerImpl (RaftServerImpl.java:start(180)) - 637dfc31-241d-4e66-8a1b-1719bdff904f: start group-6C009E0DD105
2019-08-21 08:27:42,833 INFO  impl.RaftServerImpl (RaftServerImpl.java:setRole(171)) - 637dfc31-241d-4e66-8a1b-1719bdff904f:group-6C009E0DD105 changes role from null to FOLLOWER at term 2 for startAsFollower
2019-08-21 08:27:42,833 INFO  impl.RoleInfo (RoleInfo.java:updateAndGet(143)) - 637dfc31-241d-4e66-8a1b-1719bdff904f: start FollowerState
2019-08-21 08:27:42,834 INFO  util.JmxRegister (JmxRegister.java:tryRegister(44)) - Successfully registered JMX Bean with object name Ratis:service=RaftServer,group=group-6C009E0DD105,id=637dfc31-241d-4e66-8a1b-1719bdff904f
2019-08-21 08:27:42,834 INFO  impl.RaftServerProxy (RaftServerProxy.java:lambda$start$3(299)) - 637dfc31-241d-4e66-8a1b-1719bdff904f: start RPC server
2019-08-21 08:27:42,835 INFO  server.GrpcService (GrpcService.java:startImpl(149)) - 637dfc31-241d-4e66-8a1b-1719bdff904f: GrpcService started, listening on 0.0.0.0/0.0.0.0:39066
2019-08-21 08:27:42,980 INFO  statemachine.DatanodeStateMachine (DatanodeStateMachine.java:lambda$startDaemon$0(350)) - Ozone container server started.
2019-08-21 08:27:43,179 INFO  statemachine.DatanodeStateMachine (DatanodeStateMachine.java:lambda$startDaemon$0(350)) - Ozone container server started.
2019-08-21 08:27:44,839 INFO  impl.RaftServerProxy (RaftServerProxy.java:remove(95)) - 637dfc31-241d-4e66-8a1b-1719bdff904f: remove FOLLOWER group-6C009E0DD105 637dfc31-241d-4e66-8a1b-1719bdff904f:t2, leader=null, voted=637dfc31-241d-4e66-8a1b-1719bdff904f, raftlog=637dfc31-241d-4e66-8a1b-1719bdff904f-SegmentedRaftLog:OPENED:c-1,f0,i0, conf=0: [42c3f630-5831-4e96-a05e-adaa7bd4e131:192.168.69.73:35079, 671de8ea-03b0-4027-b943-f04fd917b6dd:192.168.69.73:35367, 637dfc31-241d-4e66-8a1b-1719bdff904f:192.168.69.73:39066], old=null RUNNING
2019-08-21 08:27:44,839 INFO  impl.RaftServerImpl (RaftServerImpl.java:lambda$shutdown$3(245)) - 637dfc31-241d-4e66-8a1b-1719bdff904f: shutdown group-6C009E0DD105
2019-08-21 08:27:44,840 INFO  util.JmxRegister (JmxRegister.java:unregister(73)) - Successfully un-registered JMX Bean with object name Ratis:service=RaftServer,group=group-6C009E0DD105,id=637dfc31-241d-4e66-8a1b-1719bdff904f
2019-08-21 08:27:44,840 INFO  impl.RoleInfo (RoleInfo.java:shutdownFollowerState(121)) - 637dfc31-241d-4e66-8a1b-1719bdff904f: shutdown FollowerState
2019-08-21 08:27:44,840 INFO  impl.StateMachineUpdater (StateMachineUpdater.java:stopAndJoin(115)) - StateMachineUpdater:637dfc31-241d-4e66-8a1b-1719bdff904f:group-6C009E0DD105: set stopIndex = -1
2019-08-21 08:27:44,840 INFO  impl.FollowerState (FollowerState.java:run(114)) - 637dfc31-241d-4e66-8a1b-1719bdff904f: FollowerState was interrupted: java.lang.InterruptedException: sleep interrupted
2019-08-21 08:27:44,842 INFO  impl.RaftServerImpl (ServerState.java:close(394)) - 637dfc31-241d-4e66-8a1b-1719bdff904f:group-6C009E0DD105 closes. The last applied log index is -1
2019-08-21 08:27:44,843 INFO  segmented.SegmentedRaftLogWorker (SegmentedRaftLogWorker.java:run(313)) - 637dfc31-241d-4e66-8a1b-1719bdff904f-SegmentedRaftLogWorker:Storage Directory /workdir/hadoop-ozone/integration-test/target/test-dir/MiniOzoneClusterImpl-58c37d08-4f2b-4349-a02b-45cd945bf2f6/datanode-2/data/ratis/1b316ed5-a6a9-4776-8a40-6c009e0dd105 was interrupted, exiting. There are 0 tasks remaining in the queue.
2019-08-21 08:27:44,845 INFO  segmented.SegmentedRaftLogWorker (SegmentedRaftLogWorker.java:close(228)) - 637dfc31-241d-4e66-8a1b-1719bdff904f-SegmentedRaftLogWorker:Storage Directory /workdir/hadoop-ozone/integration-test/target/test-dir/MiniOzoneClusterImpl-58c37d08-4f2b-4349-a02b-45cd945bf2f6/datanode-2/data/ratis/1b316ed5-a6a9-4776-8a40-6c009e0dd105 close()
2019-08-21 08:27:46,025 INFO  impl.FollowerState (FollowerState.java:run(106)) - 42c3f630-5831-4e96-a05e-adaa7bd4e131:group-24895533CD16 changes to CANDIDATE, lastRpcTime:5030, electionTimeout:5030ms
2019-08-21 08:27:46,025 INFO  impl.RoleInfo (RoleInfo.java:shutdownFollowerState(121)) - 42c3f630-5831-4e96-a05e-adaa7bd4e131: shutdown FollowerState
2019-08-21 08:27:46,025 INFO  impl.RaftServerImpl (RaftServerImpl.java:setRole(171)) - 42c3f630-5831-4e96-a05e-adaa7bd4e131:group-24895533CD16 changes role from FOLLOWER to CANDIDATE at term 1 for changeToCandidate
2019-08-21 08:27:46,025 INFO  impl.RoleInfo (RoleInfo.java:updateAndGet(143)) - 42c3f630-5831-4e96-a05e-adaa7bd4e131: start LeaderElection
2019-08-21 08:27:46,057 INFO  impl.LeaderElection (LeaderElection.java:askForVotes(181)) - 42c3f630-5831-4e96-a05e-adaa7bd4e131:group-24895533CD16:LeaderElection18: begin an election at term 2 for 0: [42c3f630-5831-4e96-a05e-adaa7bd4e131:192.168.69.73:35079], old=null
2019-08-21 08:27:46,057 INFO  impl.RoleInfo (RoleInfo.java:shutdownLeaderElection(134)) - 42c3f630-5831-4e96-a05e-adaa7bd4e131: shutdown LeaderElection
2019-08-21 08:27:46,057 INFO  impl.RaftServerImpl (RaftServerImpl.java:setRole(171)) - 42c3f630-5831-4e96-a05e-adaa7bd4e131:group-24895533CD16 changes role from CANDIDATE to LEADER at term 2 for changeToLeader
2019-08-21 08:27:46,057 INFO  impl.RaftServerImpl (ServerState.java:setLeader(263)) - 42c3f630-5831-4e96-a05e-adaa7bd4e131:group-24895533CD16 change Leader from null to 42c3f630-5831-4e96-a05e-adaa7bd4e131 at term 2 for becomeLeader, leader elected after 7246ms
2019-08-21 08:27:46,057 INFO  server.RaftServerConfigKeys (ConfUtils.java:logGet(43)) - raft.server.staging.catchup.gap = 1000 (default)
2019-08-21 08:27:46,058 INFO  server.RaftServerConfigKeys (ConfUtils.java:logGet(43)) - raft.server.rpc.sleep.time = 25ms (default)
2019-08-21 08:27:46,058 INFO  server.RaftServerConfigKeys (ConfUtils.java:logGet(43)) - raft.server.write.element-limit = 4096 (default)
2019-08-21 08:27:46,058 INFO  server.RaftServerConfigKeys (ConfUtils.java:logGet(43)) - raft.server.watch.timeout = 10s (default)
2019-08-21 08:27:46,058 INFO  server.RaftServerConfigKeys (ConfUtils.java:logGet(43)) - raft.server.watch.timeout.denomination = 1s (default)
2019-08-21 08:27:46,058 INFO  server.RaftServerConfigKeys (ConfUtils.java:logGet(43)) - raft.server.watch.element-limit = 65536 (default)
2019-08-21 08:27:46,058 INFO  impl.RoleInfo (RoleInfo.java:updateAndGet(143)) - 42c3f630-5831-4e96-a05e-adaa7bd4e131: start LeaderState
2019-08-21 08:27:46,059 INFO  segmented.SegmentedRaftLogWorker (SegmentedRaftLogWorker.java:rollLogSegment(385)) - 42c3f630-5831-4e96-a05e-adaa7bd4e131-SegmentedRaftLogWorker:Storage Directory /workdir/hadoop-ozone/integration-test/target/test-dir/MiniOzoneClusterImpl-58c37d08-4f2b-4349-a02b-45cd945bf2f6/datanode-0/data/ratis/36e9bf83-9f71-4e54-9eea-24895533cd16: Rolling segment log-0_0 to index:0
2019-08-21 08:27:46,063 INFO  segmented.SegmentedRaftLogWorker (SegmentedRaftLogWorker.java:execute(526)) - 42c3f630-5831-4e96-a05e-adaa7bd4e131-SegmentedRaftLogWorker:Storage Directory /workdir/hadoop-ozone/integration-test/target/test-dir/MiniOzoneClusterImpl-58c37d08-4f2b-4349-a02b-45cd945bf2f6/datanode-0/data/ratis/36e9bf83-9f71-4e54-9eea-24895533cd16: Rolled log segment from /workdir/hadoop-ozone/integration-test/target/test-dir/MiniOzoneClusterImpl-58c37d08-4f2b-4349-a02b-45cd945bf2f6/datanode-0/data/ratis/36e9bf83-9f71-4e54-9eea-24895533cd16/current/log_inprogress_0 to /workdir/hadoop-ozone/integration-test/target/test-dir/MiniOzoneClusterImpl-58c37d08-4f2b-4349-a02b-45cd945bf2f6/datanode-0/data/ratis/36e9bf83-9f71-4e54-9eea-24895533cd16/current/log_0-0
2019-08-21 08:27:46,065 INFO  impl.RaftServerImpl (ServerState.java:setRaftConf(361)) - 42c3f630-5831-4e96-a05e-adaa7bd4e131:group-24895533CD16 set configuration 1: [42c3f630-5831-4e96-a05e-adaa7bd4e131:192.168.69.73:35079], old=null at 1
2019-08-21 08:27:46,115 INFO  segmented.SegmentedRaftLogWorker (SegmentedRaftLogWorker.java:execute(569)) - 42c3f630-5831-4e96-a05e-adaa7bd4e131-SegmentedRaftLogWorker:Storage Directory /workdir/hadoop-ozone/integration-test/target/test-dir/MiniOzoneClusterImpl-58c37d08-4f2b-4349-a02b-45cd945bf2f6/datanode-0/data/ratis/36e9bf83-9f71-4e54-9eea-24895533cd16: created new log segment /workdir/hadoop-ozone/integration-test/target/test-dir/MiniOzoneClusterImpl-58c37d08-4f2b-4349-a02b-45cd945bf2f6/datanode-0/data/ratis/36e9bf83-9f71-4e54-9eea-24895533cd16/current/log_inprogress_1
2019-08-21 08:27:46,188 INFO  impl.FollowerState (FollowerState.java:run(106)) - 42c3f630-5831-4e96-a05e-adaa7bd4e131:group-6C009E0DD105 changes to CANDIDATE, lastRpcTime:5193, electionTimeout:5193ms
2019-08-21 08:27:46,188 INFO  impl.RoleInfo (RoleInfo.java:shutdownFollowerState(121)) - 42c3f630-5831-4e96-a05e-adaa7bd4e131: shutdown FollowerState
2019-08-21 08:27:46,188 INFO  impl.RaftServerImpl (RaftServerImpl.java:setRole(171)) - 42c3f630-5831-4e96-a05e-adaa7bd4e131:group-6C009E0DD105 changes role from FOLLOWER to CANDIDATE at term 1 for changeToCandidate
2019-08-21 08:27:46,189 INFO  impl.RoleInfo (RoleInfo.java:updateAndGet(143)) - 42c3f630-5831-4e96-a05e-adaa7bd4e131: start LeaderElection
2019-08-21 08:27:46,260 INFO  impl.LeaderElection (LeaderElection.java:askForVotes(181)) - 42c3f630-5831-4e96-a05e-adaa7bd4e131:group-6C009E0DD105:LeaderElection19: begin an election at term 2 for 0: [42c3f630-5831-4e96-a05e-adaa7bd4e131:192.168.69.73:35079, 671de8ea-03b0-4027-b943-f04fd917b6dd:192.168.69.73:35367, 637dfc31-241d-4e66-8a1b-1719bdff904f:192.168.69.73:39066], old=null
2019-08-21 08:27:46,277 INFO  impl.RaftServerImpl (RaftServerImpl.java:setRole(171)) - 671de8ea-03b0-4027-b943-f04fd917b6dd:group-6C009E0DD105 changes role from FOLLOWER to FOLLOWER at term 2 for recognizeCandidate:42c3f630-5831-4e96-a05e-adaa7bd4e131
2019-08-21 08:27:46,278 WARN  server.GrpcServerProtocolService (LogUtils.java:warn(136)) - 637dfc31-241d-4e66-8a1b-1719bdff904f: Failed requestVote 42c3f630-5831-4e96-a05e-adaa7bd4e131->637dfc31-241d-4e66-8a1b-1719bdff904f#0
org.apache.ratis.protocol.GroupMismatchException: 637dfc31-241d-4e66-8a1b-1719bdff904f: group-6C009E0DD105 not found.
	at org.apache.ratis.server.impl.RaftServerProxy$ImplMap.get(RaftServerProxy.java:122)
	at org.apache.ratis.server.impl.RaftServerProxy.getImplFuture(RaftServerProxy.java:269)
	at org.apache.ratis.server.impl.RaftServerProxy.getImpl(RaftServerProxy.java:278)
	at org.apache.ratis.server.impl.RaftServerProxy.getImpl(RaftServerProxy.java:273)
	at org.apache.ratis.server.impl.RaftServerProxy.requestVote(RaftServerProxy.java:442)
	at org.apache.ratis.grpc.server.GrpcServerProtocolService.requestVote(GrpcServerProtocolService.java:55)
	at org.apache.ratis.proto.grpc.RaftServerProtocolServiceGrpc$MethodHandlers.invoke(RaftServerProtocolServiceGrpc.java:319)
	at org.apache.ratis.thirdparty.io.grpc.stub.ServerCalls$UnaryServerCallHandler$UnaryServerCallListener.onHalfClose(ServerCalls.java:171)
	at org.apache.ratis.thirdparty.io.grpc.internal.ServerCallImpl$ServerStreamListenerImpl.halfClosed(ServerCallImpl.java:283)
	at org.apache.ratis.thirdparty.io.grpc.internal.ServerImpl$JumpToApplicationThreadServerStreamListener$1HalfClosed.runInContext(ServerImpl.java:710)
	at org.apache.ratis.thirdparty.io.grpc.internal.ContextRunnable.run(ContextRunnable.java:37)
	at org.apache.ratis.thirdparty.io.grpc.internal.SerializingExecutor.run(SerializingExecutor.java:123)
	at java.util.concurrent.ThreadPoolExecutor.runWorker(ThreadPoolExecutor.java:1149)
	at java.util.concurrent.ThreadPoolExecutor$Worker.run(ThreadPoolExecutor.java:624)
	at java.lang.Thread.run(Thread.java:748)
2019-08-21 08:27:46,278 INFO  impl.RoleInfo (RoleInfo.java:shutdownFollowerState(121)) - 671de8ea-03b0-4027-b943-f04fd917b6dd: shutdown FollowerState
2019-08-21 08:27:46,278 INFO  impl.RoleInfo (RoleInfo.java:updateAndGet(143)) - 671de8ea-03b0-4027-b943-f04fd917b6dd: start FollowerState
2019-08-21 08:27:46,279 INFO  impl.FollowerState (FollowerState.java:run(114)) - 671de8ea-03b0-4027-b943-f04fd917b6dd: FollowerState was interrupted: java.lang.InterruptedException: sleep interrupted
2019-08-21 08:27:46,291 INFO  impl.LeaderElection (LogUtils.java:infoOrTrace(149)) - 42c3f630-5831-4e96-a05e-adaa7bd4e131:group-6C009E0DD105:LeaderElection19 got exception when requesting votes: {}
java.util.concurrent.ExecutionException: org.apache.ratis.thirdparty.io.grpc.StatusRuntimeException: INTERNAL: 637dfc31-241d-4e66-8a1b-1719bdff904f: group-6C009E0DD105 not found.
	at java.util.concurrent.FutureTask.report(FutureTask.java:122)
	at java.util.concurrent.FutureTask.get(FutureTask.java:192)
	at org.apache.ratis.server.impl.LeaderElection.waitForResults(LeaderElection.java:262)
	at org.apache.ratis.server.impl.LeaderElection.askForVotes(LeaderElection.java:200)
	at org.apache.ratis.server.impl.LeaderElection.run(LeaderElection.java:130)
	at java.lang.Thread.run(Thread.java:748)
Caused by: org.apache.ratis.thirdparty.io.grpc.StatusRuntimeException: INTERNAL: 637dfc31-241d-4e66-8a1b-1719bdff904f: group-6C009E0DD105 not found.
	at org.apache.ratis.thirdparty.io.grpc.stub.ClientCalls.toStatusRuntimeException(ClientCalls.java:233)
	at org.apache.ratis.thirdparty.io.grpc.stub.ClientCalls.getUnchecked(ClientCalls.java:214)
	at org.apache.ratis.thirdparty.io.grpc.stub.ClientCalls.blockingUnaryCall(ClientCalls.java:139)
	at org.apache.ratis.proto.grpc.RaftServerProtocolServiceGrpc$RaftServerProtocolServiceBlockingStub.requestVote(RaftServerProtocolServiceGrpc.java:265)
	at org.apache.ratis.grpc.server.GrpcServerProtocolClient.requestVote(GrpcServerProtocolClient.java:83)
	at org.apache.ratis.grpc.server.GrpcService.requestVote(GrpcService.java:195)
	at org.apache.ratis.server.impl.LeaderElection.lambda$submitRequests$1(LeaderElection.java:237)
	at java.util.concurrent.FutureTask.run(FutureTask.java:266)
	at java.util.concurrent.Executors$RunnableAdapter.call(Executors.java:511)
	at java.util.concurrent.FutureTask.run(FutureTask.java:266)
	at java.util.concurrent.ThreadPoolExecutor.runWorker(ThreadPoolExecutor.java:1149)
	at java.util.concurrent.ThreadPoolExecutor$Worker.run(ThreadPoolExecutor.java:624)
	... 1 more
2019-08-21 08:27:46,297 INFO  impl.LeaderElection (LeaderElection.java:logAndReturn(56)) - 42c3f630-5831-4e96-a05e-adaa7bd4e131:group-6C009E0DD105:LeaderElection19: Election PASSED; received 1 response(s) [42c3f630-5831-4e96-a05e-adaa7bd4e131<-671de8ea-03b0-4027-b943-f04fd917b6dd#0:OK-t2] and 1 exception(s); 42c3f630-5831-4e96-a05e-adaa7bd4e131:t2, leader=null, voted=42c3f630-5831-4e96-a05e-adaa7bd4e131, raftlog=42c3f630-5831-4e96-a05e-adaa7bd4e131-SegmentedRaftLog:OPENED:c-1,f0,i0, conf=0: [42c3f630-5831-4e96-a05e-adaa7bd4e131:192.168.69.73:35079, 671de8ea-03b0-4027-b943-f04fd917b6dd:192.168.69.73:35367, 637dfc31-241d-4e66-8a1b-1719bdff904f:192.168.69.73:39066], old=null
2019-08-21 08:27:46,297 INFO  impl.LeaderElection (LogUtils.java:infoOrTrace(149)) -   Exception 0: {}
java.util.concurrent.ExecutionException: org.apache.ratis.thirdparty.io.grpc.StatusRuntimeException: INTERNAL: 637dfc31-241d-4e66-8a1b-1719bdff904f: group-6C009E0DD105 not found.
	at java.util.concurrent.FutureTask.report(FutureTask.java:122)
	at java.util.concurrent.FutureTask.get(FutureTask.java:192)
	at org.apache.ratis.server.impl.LeaderElection.waitForResults(LeaderElection.java:262)
	at org.apache.ratis.server.impl.LeaderElection.askForVotes(LeaderElection.java:200)
	at org.apache.ratis.server.impl.LeaderElection.run(LeaderElection.java:130)
	at java.lang.Thread.run(Thread.java:748)
Caused by: org.apache.ratis.thirdparty.io.grpc.StatusRuntimeException: INTERNAL: 637dfc31-241d-4e66-8a1b-1719bdff904f: group-6C009E0DD105 not found.
	at org.apache.ratis.thirdparty.io.grpc.stub.ClientCalls.toStatusRuntimeException(ClientCalls.java:233)
	at org.apache.ratis.thirdparty.io.grpc.stub.ClientCalls.getUnchecked(ClientCalls.java:214)
	at org.apache.ratis.thirdparty.io.grpc.stub.ClientCalls.blockingUnaryCall(ClientCalls.java:139)
	at org.apache.ratis.proto.grpc.RaftServerProtocolServiceGrpc$RaftServerProtocolServiceBlockingStub.requestVote(RaftServerProtocolServiceGrpc.java:265)
	at org.apache.ratis.grpc.server.GrpcServerProtocolClient.requestVote(GrpcServerProtocolClient.java:83)
	at org.apache.ratis.grpc.server.GrpcService.requestVote(GrpcService.java:195)
	at org.apache.ratis.server.impl.LeaderElection.lambda$submitRequests$1(LeaderElection.java:237)
	at java.util.concurrent.FutureTask.run(FutureTask.java:266)
	at java.util.concurrent.Executors$RunnableAdapter.call(Executors.java:511)
	at java.util.concurrent.FutureTask.run(FutureTask.java:266)
	at java.util.concurrent.ThreadPoolExecutor.runWorker(ThreadPoolExecutor.java:1149)
	at java.util.concurrent.ThreadPoolExecutor$Worker.run(ThreadPoolExecutor.java:624)
	... 1 more
2019-08-21 08:27:46,297 INFO  impl.RoleInfo (RoleInfo.java:shutdownLeaderElection(134)) - 42c3f630-5831-4e96-a05e-adaa7bd4e131: shutdown LeaderElection
2019-08-21 08:27:46,297 INFO  impl.RaftServerImpl (RaftServerImpl.java:setRole(171)) - 42c3f630-5831-4e96-a05e-adaa7bd4e131:group-6C009E0DD105 changes role from CANDIDATE to LEADER at term 2 for changeToLeader
2019-08-21 08:27:46,299 INFO  impl.RaftServerImpl (ServerState.java:setLeader(263)) - 42c3f630-5831-4e96-a05e-adaa7bd4e131:group-6C009E0DD105 change Leader from null to 42c3f630-5831-4e96-a05e-adaa7bd4e131 at term 2 for becomeLeader, leader elected after 7428ms
2019-08-21 08:27:46,299 INFO  server.RaftServerConfigKeys (ConfUtils.java:logGet(43)) - raft.server.staging.catchup.gap = 1000 (default)
2019-08-21 08:27:46,299 INFO  server.RaftServerConfigKeys (ConfUtils.java:logGet(43)) - raft.server.rpc.sleep.time = 25ms (default)
2019-08-21 08:27:46,299 INFO  server.RaftServerConfigKeys (ConfUtils.java:logGet(43)) - raft.server.write.element-limit = 4096 (default)
2019-08-21 08:27:46,299 INFO  server.RaftServerConfigKeys (ConfUtils.java:logGet(43)) - raft.server.watch.timeout = 10s (default)
2019-08-21 08:27:46,299 INFO  server.RaftServerConfigKeys (ConfUtils.java:logGet(43)) - raft.server.watch.timeout.denomination = 1s (default)
2019-08-21 08:27:46,300 INFO  server.RaftServerConfigKeys (ConfUtils.java:logGet(43)) - raft.server.watch.element-limit = 65536 (default)
2019-08-21 08:27:46,300 INFO  server.RaftServerConfigKeys (ConfUtils.java:logGet(43)) - raft.server.log.appender.snapshot.chunk.size.max = 16MB (=16777216) (default)
2019-08-21 08:27:46,300 INFO  server.RaftServerConfigKeys (ConfUtils.java:logGet(43)) - raft.server.log.appender.buffer.byte-limit = 33554432 (custom)
2019-08-21 08:27:46,300 INFO  server.RaftServerConfigKeys (ConfUtils.java:logGet(43)) - raft.server.log.appender.buffer.element-limit = 1 (custom)
2019-08-21 08:27:46,300 INFO  grpc.GrpcConfigKeys$Server (ConfUtils.java:logGet(43)) - raft.grpc.server.leader.outstanding.appends.max = 128 (default)
2019-08-21 08:27:46,301 INFO  server.RaftServerConfigKeys (ConfUtils.java:logGet(43)) - raft.server.rpc.request.timeout = 3000ms (default)
2019-08-21 08:27:46,301 INFO  server.RaftServerConfigKeys (ConfUtils.java:logGet(43)) - raft.server.log.appender.install.snapshot.enabled = false (custom)
2019-08-21 08:27:46,301 INFO  server.RaftServerConfigKeys (ConfUtils.java:logGet(43)) - raft.server.log.appender.snapshot.chunk.size.max = 16MB (=16777216) (default)
2019-08-21 08:27:46,301 INFO  server.RaftServerConfigKeys (ConfUtils.java:logGet(43)) - raft.server.log.appender.buffer.byte-limit = 33554432 (custom)
2019-08-21 08:27:46,301 INFO  server.RaftServerConfigKeys (ConfUtils.java:logGet(43)) - raft.server.log.appender.buffer.element-limit = 1 (custom)
2019-08-21 08:27:46,301 INFO  grpc.GrpcConfigKeys$Server (ConfUtils.java:logGet(43)) - raft.grpc.server.leader.outstanding.appends.max = 128 (default)
2019-08-21 08:27:46,301 INFO  server.RaftServerConfigKeys (ConfUtils.java:logGet(43)) - raft.server.rpc.request.timeout = 3000ms (default)
2019-08-21 08:27:46,302 INFO  server.RaftServerConfigKeys (ConfUtils.java:logGet(43)) - raft.server.log.appender.install.snapshot.enabled = false (custom)
2019-08-21 08:27:46,302 INFO  impl.RoleInfo (RoleInfo.java:updateAndGet(143)) - 42c3f630-5831-4e96-a05e-adaa7bd4e131: start LeaderState
2019-08-21 08:27:46,302 INFO  segmented.SegmentedRaftLogWorker (SegmentedRaftLogWorker.java:rollLogSegment(385)) - 42c3f630-5831-4e96-a05e-adaa7bd4e131-SegmentedRaftLogWorker:Storage Directory /workdir/hadoop-ozone/integration-test/target/test-dir/MiniOzoneClusterImpl-58c37d08-4f2b-4349-a02b-45cd945bf2f6/datanode-0/data/ratis/1b316ed5-a6a9-4776-8a40-6c009e0dd105: Rolling segment log-0_0 to index:0
2019-08-21 08:27:46,305 INFO  impl.RaftServerImpl (ServerState.java:setRaftConf(361)) - 42c3f630-5831-4e96-a05e-adaa7bd4e131:group-6C009E0DD105 set configuration 1: [42c3f630-5831-4e96-a05e-adaa7bd4e131:192.168.69.73:35079, 671de8ea-03b0-4027-b943-f04fd917b6dd:192.168.69.73:35367, 637dfc31-241d-4e66-8a1b-1719bdff904f:192.168.69.73:39066], old=null at 1
2019-08-21 08:27:46,306 INFO  segmented.SegmentedRaftLogWorker (SegmentedRaftLogWorker.java:execute(526)) - 42c3f630-5831-4e96-a05e-adaa7bd4e131-SegmentedRaftLogWorker:Storage Directory /workdir/hadoop-ozone/integration-test/target/test-dir/MiniOzoneClusterImpl-58c37d08-4f2b-4349-a02b-45cd945bf2f6/datanode-0/data/ratis/1b316ed5-a6a9-4776-8a40-6c009e0dd105: Rolled log segment from /workdir/hadoop-ozone/integration-test/target/test-dir/MiniOzoneClusterImpl-58c37d08-4f2b-4349-a02b-45cd945bf2f6/datanode-0/data/ratis/1b316ed5-a6a9-4776-8a40-6c009e0dd105/current/log_inprogress_0 to /workdir/hadoop-ozone/integration-test/target/test-dir/MiniOzoneClusterImpl-58c37d08-4f2b-4349-a02b-45cd945bf2f6/datanode-0/data/ratis/1b316ed5-a6a9-4776-8a40-6c009e0dd105/current/log_0-0
2019-08-21 08:27:46,338 INFO  impl.RaftServerImpl (ServerState.java:setLeader(263)) - 671de8ea-03b0-4027-b943-f04fd917b6dd:group-6C009E0DD105 change Leader from null to 42c3f630-5831-4e96-a05e-adaa7bd4e131 at term 2 for appendEntries, leader elected after 7278ms
2019-08-21 08:27:46,344 INFO  impl.RaftServerImpl (ServerState.java:setRaftConf(361)) - 671de8ea-03b0-4027-b943-f04fd917b6dd:group-6C009E0DD105 set configuration 1: [42c3f630-5831-4e96-a05e-adaa7bd4e131:192.168.69.73:35079, 671de8ea-03b0-4027-b943-f04fd917b6dd:192.168.69.73:35367, 637dfc31-241d-4e66-8a1b-1719bdff904f:192.168.69.73:39066], old=null at 1
2019-08-21 08:27:46,345 INFO  segmented.SegmentedRaftLogWorker (SegmentedRaftLogWorker.java:rollLogSegment(385)) - 671de8ea-03b0-4027-b943-f04fd917b6dd-SegmentedRaftLogWorker:Storage Directory /workdir/hadoop-ozone/integration-test/target/test-dir/MiniOzoneClusterImpl-58c37d08-4f2b-4349-a02b-45cd945bf2f6/datanode-1/data/ratis/1b316ed5-a6a9-4776-8a40-6c009e0dd105: Rolling segment log-0_0 to index:0
2019-08-21 08:27:46,347 INFO  segmented.SegmentedRaftLogWorker (SegmentedRaftLogWorker.java:execute(526)) - 671de8ea-03b0-4027-b943-f04fd917b6dd-SegmentedRaftLogWorker:Storage Directory /workdir/hadoop-ozone/integration-test/target/test-dir/MiniOzoneClusterImpl-58c37d08-4f2b-4349-a02b-45cd945bf2f6/datanode-1/data/ratis/1b316ed5-a6a9-4776-8a40-6c009e0dd105: Rolled log segment from /workdir/hadoop-ozone/integration-test/target/test-dir/MiniOzoneClusterImpl-58c37d08-4f2b-4349-a02b-45cd945bf2f6/datanode-1/data/ratis/1b316ed5-a6a9-4776-8a40-6c009e0dd105/current/log_inprogress_0 to /workdir/hadoop-ozone/integration-test/target/test-dir/MiniOzoneClusterImpl-58c37d08-4f2b-4349-a02b-45cd945bf2f6/datanode-1/data/ratis/1b316ed5-a6a9-4776-8a40-6c009e0dd105/current/log_0-0
2019-08-21 08:27:46,363 INFO  impl.FollowerState (FollowerState.java:run(106)) - 671de8ea-03b0-4027-b943-f04fd917b6dd:group-95197781E66E changes to CANDIDATE, lastRpcTime:5169, electionTimeout:5169ms
2019-08-21 08:27:46,363 INFO  impl.RoleInfo (RoleInfo.java:shutdownFollowerState(121)) - 671de8ea-03b0-4027-b943-f04fd917b6dd: shutdown FollowerState
2019-08-21 08:27:46,363 INFO  impl.RaftServerImpl (RaftServerImpl.java:setRole(171)) - 671de8ea-03b0-4027-b943-f04fd917b6dd:group-95197781E66E changes role from FOLLOWER to CANDIDATE at term 1 for changeToCandidate
2019-08-21 08:27:46,364 INFO  impl.RoleInfo (RoleInfo.java:updateAndGet(143)) - 671de8ea-03b0-4027-b943-f04fd917b6dd: start LeaderElection
2019-08-21 08:27:46,374 INFO  segmented.SegmentedRaftLogWorker (SegmentedRaftLogWorker.java:execute(569)) - 42c3f630-5831-4e96-a05e-adaa7bd4e131-SegmentedRaftLogWorker:Storage Directory /workdir/hadoop-ozone/integration-test/target/test-dir/MiniOzoneClusterImpl-58c37d08-4f2b-4349-a02b-45cd945bf2f6/datanode-0/data/ratis/1b316ed5-a6a9-4776-8a40-6c009e0dd105: created new log segment /workdir/hadoop-ozone/integration-test/target/test-dir/MiniOzoneClusterImpl-58c37d08-4f2b-4349-a02b-45cd945bf2f6/datanode-0/data/ratis/1b316ed5-a6a9-4776-8a40-6c009e0dd105/current/log_inprogress_1
2019-08-21 08:27:46,377 INFO  segmented.SegmentedRaftLogWorker (SegmentedRaftLogWorker.java:execute(569)) - 671de8ea-03b0-4027-b943-f04fd917b6dd-SegmentedRaftLogWorker:Storage Directory /workdir/hadoop-ozone/integration-test/target/test-dir/MiniOzoneClusterImpl-58c37d08-4f2b-4349-a02b-45cd945bf2f6/datanode-1/data/ratis/1b316ed5-a6a9-4776-8a40-6c009e0dd105: created new log segment /workdir/hadoop-ozone/integration-test/target/test-dir/MiniOzoneClusterImpl-58c37d08-4f2b-4349-a02b-45cd945bf2f6/datanode-1/data/ratis/1b316ed5-a6a9-4776-8a40-6c009e0dd105/current/log_inprogress_1
2019-08-21 08:27:46,377 INFO  impl.LeaderElection (LeaderElection.java:askForVotes(181)) - 671de8ea-03b0-4027-b943-f04fd917b6dd:group-95197781E66E:LeaderElection20: begin an election at term 2 for 0: [671de8ea-03b0-4027-b943-f04fd917b6dd:192.168.69.73:35367], old=null
2019-08-21 08:27:46,377 INFO  impl.RoleInfo (RoleInfo.java:shutdownLeaderElection(134)) - 671de8ea-03b0-4027-b943-f04fd917b6dd: shutdown LeaderElection
2019-08-21 08:27:46,377 INFO  impl.RaftServerImpl (RaftServerImpl.java:setRole(171)) - 671de8ea-03b0-4027-b943-f04fd917b6dd:group-95197781E66E changes role from CANDIDATE to LEADER at term 2 for changeToLeader
2019-08-21 08:27:46,378 INFO  impl.RaftServerImpl (ServerState.java:setLeader(263)) - 671de8ea-03b0-4027-b943-f04fd917b6dd:group-95197781E66E change Leader from null to 671de8ea-03b0-4027-b943-f04fd917b6dd at term 2 for becomeLeader, leader elected after 7364ms
2019-08-21 08:27:46,378 INFO  server.RaftServerConfigKeys (ConfUtils.java:logGet(43)) - raft.server.staging.catchup.gap = 1000 (default)
2019-08-21 08:27:46,378 INFO  server.RaftServerConfigKeys (ConfUtils.java:logGet(43)) - raft.server.rpc.sleep.time = 25ms (default)
2019-08-21 08:27:46,378 INFO  server.RaftServerConfigKeys (ConfUtils.java:logGet(43)) - raft.server.write.element-limit = 4096 (default)
2019-08-21 08:27:46,378 INFO  server.RaftServerConfigKeys (ConfUtils.java:logGet(43)) - raft.server.watch.timeout = 10s (default)
2019-08-21 08:27:46,379 INFO  server.RaftServerConfigKeys (ConfUtils.java:logGet(43)) - raft.server.watch.timeout.denomination = 1s (default)
2019-08-21 08:27:46,379 INFO  server.RaftServerConfigKeys (ConfUtils.java:logGet(43)) - raft.server.watch.element-limit = 65536 (default)
2019-08-21 08:27:46,379 INFO  impl.RoleInfo (RoleInfo.java:updateAndGet(143)) - 671de8ea-03b0-4027-b943-f04fd917b6dd: start LeaderState
2019-08-21 08:27:46,379 INFO  segmented.SegmentedRaftLogWorker (SegmentedRaftLogWorker.java:rollLogSegment(385)) - 671de8ea-03b0-4027-b943-f04fd917b6dd-SegmentedRaftLogWorker:Storage Directory /workdir/hadoop-ozone/integration-test/target/test-dir/MiniOzoneClusterImpl-58c37d08-4f2b-4349-a02b-45cd945bf2f6/datanode-1/data/ratis/1319f62b-2e21-4601-b0d3-95197781e66e: Rolling segment log-0_0 to index:0
2019-08-21 08:27:46,381 INFO  impl.RaftServerImpl (ServerState.java:setRaftConf(361)) - 671de8ea-03b0-4027-b943-f04fd917b6dd:group-95197781E66E set configuration 1: [671de8ea-03b0-4027-b943-f04fd917b6dd:192.168.69.73:35367], old=null at 1
2019-08-21 08:27:46,383 INFO  segmented.SegmentedRaftLogWorker (SegmentedRaftLogWorker.java:execute(526)) - 671de8ea-03b0-4027-b943-f04fd917b6dd-SegmentedRaftLogWorker:Storage Directory /workdir/hadoop-ozone/integration-test/target/test-dir/MiniOzoneClusterImpl-58c37d08-4f2b-4349-a02b-45cd945bf2f6/datanode-1/data/ratis/1319f62b-2e21-4601-b0d3-95197781e66e: Rolled log segment from /workdir/hadoop-ozone/integration-test/target/test-dir/MiniOzoneClusterImpl-58c37d08-4f2b-4349-a02b-45cd945bf2f6/datanode-1/data/ratis/1319f62b-2e21-4601-b0d3-95197781e66e/current/log_inprogress_0 to /workdir/hadoop-ozone/integration-test/target/test-dir/MiniOzoneClusterImpl-58c37d08-4f2b-4349-a02b-45cd945bf2f6/datanode-1/data/ratis/1319f62b-2e21-4601-b0d3-95197781e66e/current/log_0-0
2019-08-21 08:27:46,462 INFO  segmented.SegmentedRaftLogWorker (SegmentedRaftLogWorker.java:execute(569)) - 671de8ea-03b0-4027-b943-f04fd917b6dd-SegmentedRaftLogWorker:Storage Directory /workdir/hadoop-ozone/integration-test/target/test-dir/MiniOzoneClusterImpl-58c37d08-4f2b-4349-a02b-45cd945bf2f6/datanode-1/data/ratis/1319f62b-2e21-4601-b0d3-95197781e66e: created new log segment /workdir/hadoop-ozone/integration-test/target/test-dir/MiniOzoneClusterImpl-58c37d08-4f2b-4349-a02b-45cd945bf2f6/datanode-1/data/ratis/1319f62b-2e21-4601-b0d3-95197781e66e/current/log_inprogress_1
2019-08-21 08:27:46,835 INFO  impl.RaftServerProxy (RaftServerProxy.java:addNew(89)) - 637dfc31-241d-4e66-8a1b-1719bdff904f: addNew group-442E9E0BE1DC:[637dfc31-241d-4e66-8a1b-1719bdff904f:192.168.69.73:39066] returns group-442E9E0BE1DC:java.util.concurrent.CompletableFuture@5dcc3ec0[Not completed]
2019-08-21 08:27:46,836 INFO  impl.RaftServerImpl (RaftServerImpl.java:<init>(93)) - 637dfc31-241d-4e66-8a1b-1719bdff904f: new RaftServerImpl for group-442E9E0BE1DC:[637dfc31-241d-4e66-8a1b-1719bdff904f:192.168.69.73:39066] with ContainerStateMachine:uninitialized
2019-08-21 08:27:46,836 INFO  server.RaftServerConfigKeys (ConfUtils.java:logGet(43)) - raft.server.rpc.timeout.min = 5s (custom)
2019-08-21 08:27:46,836 INFO  server.RaftServerConfigKeys (ConfUtils.java:logGet(43)) - raft.server.rpc.timeout.max = 5200ms (custom)
2019-08-21 08:27:46,837 INFO  server.RaftServerConfigKeys (ConfUtils.java:logGet(43)) - raft.server.rpcslowness.timeout = 120s (custom)
2019-08-21 08:27:46,837 INFO  server.RaftServerConfigKeys (ConfUtils.java:logGet(43)) - raft.server.sleep.deviation.threshold = 300 (default)
2019-08-21 08:27:46,837 INFO  server.RaftServerConfigKeys (ConfUtils.java:logGet(43)) - raft.server.log.appender.install.snapshot.enabled = false (custom)
2019-08-21 08:27:46,837 INFO  impl.RaftServerImpl (ServerState.java:<init>(105)) - 637dfc31-241d-4e66-8a1b-1719bdff904f:group-442E9E0BE1DC ConfigurationManager, init=-1: [637dfc31-241d-4e66-8a1b-1719bdff904f:192.168.69.73:39066], old=null, confs=<EMPTY_MAP>
2019-08-21 08:27:46,837 INFO  server.RaftServerConfigKeys (ConfUtils.java:logGet(43)) - raft.server.storage.dir = [/workdir/hadoop-ozone/integration-test/target/test-dir/MiniOzoneClusterImpl-58c37d08-4f2b-4349-a02b-45cd945bf2f6/datanode-2/data/ratis] (custom)
2019-08-21 08:27:46,837 INFO  storage.RaftStorageDirectory (RaftStorageDirectory.java:analyzeStorage(246)) - The storage directory /workdir/hadoop-ozone/integration-test/target/test-dir/MiniOzoneClusterImpl-58c37d08-4f2b-4349-a02b-45cd945bf2f6/datanode-2/data/ratis/1704b791-59d3-4771-8918-442e9e0be1dc does not exist. Creating ...
2019-08-21 08:27:46,895 INFO  storage.RaftStorageDirectory (RaftStorageDirectory.java:tryLock(328)) - Lock on /workdir/hadoop-ozone/integration-test/target/test-dir/MiniOzoneClusterImpl-58c37d08-4f2b-4349-a02b-45cd945bf2f6/datanode-2/data/ratis/1704b791-59d3-4771-8918-442e9e0be1dc/in_use.lock acquired by nodename 14422@pr-hdds-1935-z5xc5-3809828402
2019-08-21 08:27:46,908 INFO  storage.RaftStorage (RaftStorage.java:format(72)) - Storage directory /workdir/hadoop-ozone/integration-test/target/test-dir/MiniOzoneClusterImpl-58c37d08-4f2b-4349-a02b-45cd945bf2f6/datanode-2/data/ratis/1704b791-59d3-4771-8918-442e9e0be1dc has been successfully formatted.
2019-08-21 08:27:46,909 INFO  ratis.ContainerStateMachine (ContainerStateMachine.java:loadSnapshot(222)) - group-442E9E0BE1DC: The snapshot info is null. Setting the last applied indexto:(t:0, i:~)
2019-08-21 08:27:46,909 INFO  server.RaftServerConfigKeys (ConfUtils.java:logGet(43)) - raft.server.leader.election.timeout = 120s (custom)
2019-08-21 08:27:46,909 INFO  server.RaftServerConfigKeys (ConfUtils.java:logGet(43)) - raft.server.log.use.memory = false (default)
2019-08-21 08:27:46,909 INFO  server.RaftServerConfigKeys (ConfUtils.java:logGet(43)) - raft.server.log.purge.gap = 1000000000 (custom)
2019-08-21 08:27:46,909 INFO  server.RaftServerConfigKeys (ConfUtils.java:logGet(43)) - raft.server.log.appender.buffer.byte-limit = 33554432 (custom)
2019-08-21 08:27:46,909 INFO  server.RaftServerConfigKeys (ConfUtils.java:logGet(43)) - raft.server.log.segment.size.max = 1048576 (custom)
2019-08-21 08:27:46,910 INFO  server.RaftServerConfigKeys (ConfUtils.java:logGet(43)) - raft.server.log.segment.cache.num.max = 2 (custom)
2019-08-21 08:27:46,910 INFO  segmented.SegmentedRaftLogWorker (SegmentedRaftLogWorker.java:<init>(172)) - new 637dfc31-241d-4e66-8a1b-1719bdff904f-SegmentedRaftLogWorker:Storage Directory /workdir/hadoop-ozone/integration-test/target/test-dir/MiniOzoneClusterImpl-58c37d08-4f2b-4349-a02b-45cd945bf2f6/datanode-2/data/ratis/1704b791-59d3-4771-8918-442e9e0be1dc for RaftStorage:Storage Directory /workdir/hadoop-ozone/integration-test/target/test-dir/MiniOzoneClusterImpl-58c37d08-4f2b-4349-a02b-45cd945bf2f6/datanode-2/data/ratis/1704b791-59d3-4771-8918-442e9e0be1dc
2019-08-21 08:27:46,910 INFO  server.RaftServerConfigKeys (ConfUtils.java:logGet(43)) - raft.server.log.queue.byte-limit = 2147483647 (custom)
2019-08-21 08:27:46,910 INFO  server.RaftServerConfigKeys (ConfUtils.java:logGet(43)) - raft.server.log.queue.element-limit = 1024 (custom)
2019-08-21 08:27:46,910 INFO  server.RaftServerConfigKeys (ConfUtils.java:logGet(43)) - raft.server.log.segment.size.max = 1048576 (custom)
2019-08-21 08:27:46,910 INFO  server.RaftServerConfigKeys (ConfUtils.java:logGet(43)) - raft.server.log.preallocated.size = 16384 (custom)
2019-08-21 08:27:46,910 INFO  server.RaftServerConfigKeys (ConfUtils.java:logGet(43)) - raft.server.log.write.buffer.size = 33554432 (custom)
2019-08-21 08:27:46,910 INFO  server.RaftServerConfigKeys (ConfUtils.java:logGet(43)) - raft.server.log.force.sync.num = 128 (default)
2019-08-21 08:27:46,910 INFO  server.RaftServerConfigKeys (ConfUtils.java:logGet(43)) - raft.server.log.statemachine.data.sync = true (default)
2019-08-21 08:27:46,911 INFO  server.RaftServerConfigKeys (ConfUtils.java:logGet(43)) - raft.server.log.statemachine.data.sync.timeout = 10s (default)
2019-08-21 08:27:46,911 INFO  server.RaftServerConfigKeys (ConfUtils.java:logGet(43)) - raft.server.log.statemachine.data.sync.timeout.retry = -1 (default)
2019-08-21 08:27:46,911 INFO  server.RaftServerConfigKeys (ConfUtils.java:logGet(43)) - raft.server.log.statemachine.data.caching.enabled = true (custom)
2019-08-21 08:27:46,911 INFO  segmented.SegmentedRaftLogWorker (SegmentedRaftLogWorker.java:lambda$new$0(132)) - 637dfc31-241d-4e66-8a1b-1719bdff904f-SegmentedRaftLogWorker:Storage Directory /workdir/hadoop-ozone/integration-test/target/test-dir/MiniOzoneClusterImpl-58c37d08-4f2b-4349-a02b-45cd945bf2f6/datanode-2/data/ratis/1704b791-59d3-4771-8918-442e9e0be1dc: flushIndex: setUnconditionally 0 -> -1
2019-08-21 08:27:46,911 INFO  server.RaftServerConfigKeys (ConfUtils.java:logGet(43)) - raft.server.snapshot.auto.trigger.enabled = true (custom)
2019-08-21 08:27:46,911 INFO  server.RaftServerConfigKeys (ConfUtils.java:logGet(43)) - raft.server.snapshot.auto.trigger.threshold = 10000 (custom)
2019-08-21 08:27:46,912 INFO  server.RaftServerConfigKeys (ConfUtils.java:logGet(43)) - raft.server.retrycache.expirytime = 600000ms (custom)
2019-08-21 08:27:46,912 INFO  impl.RaftServerImpl (RaftServerImpl.java:start(180)) - 637dfc31-241d-4e66-8a1b-1719bdff904f: start group-442E9E0BE1DC
2019-08-21 08:27:46,912 INFO  impl.RaftServerImpl (RaftServerImpl.java:setRole(171)) - 637dfc31-241d-4e66-8a1b-1719bdff904f:group-442E9E0BE1DC changes role from null to FOLLOWER at term 0 for startAsFollower
2019-08-21 08:27:46,912 INFO  impl.RoleInfo (RoleInfo.java:updateAndGet(143)) - 637dfc31-241d-4e66-8a1b-1719bdff904f: start FollowerState
2019-08-21 08:27:46,912 INFO  util.JmxRegister (JmxRegister.java:tryRegister(44)) - Successfully registered JMX Bean with object name Ratis:service=RaftServer,group=group-442E9E0BE1DC,id=637dfc31-241d-4e66-8a1b-1719bdff904f
2019-08-21 08:27:46,916 INFO  pipeline.PipelineStateManager (PipelineStateManager.java:addPipeline(56)) - Created pipeline Pipeline[ Id: 1704b791-59d3-4771-8918-442e9e0be1dc, Nodes: 637dfc31-241d-4e66-8a1b-1719bdff904f{ip: 192.168.69.73, host: pr-hdds-1935-z5xc5-3809828402, networkLocation: /default-rack, certSerialId: null}, Type:RATIS, Factor:ONE, State:OPEN]
2019-08-21 08:27:47,813 INFO  ozoneimpl.OzoneContainer (OzoneContainer.java:stop(199)) - Attempting to stop container services.
2019-08-21 08:27:47,813 INFO  ozoneimpl.OzoneContainer (OzoneContainer.java:stop(199)) - Attempting to stop container services.
2019-08-21 08:27:47,814 INFO  impl.RaftServerProxy (RaftServerProxy.java:lambda$close$4(314)) - 671de8ea-03b0-4027-b943-f04fd917b6dd: close
2019-08-21 08:27:47,814 INFO  impl.RaftServerProxy (RaftServerProxy.java:lambda$close$4(314)) - 42c3f630-5831-4e96-a05e-adaa7bd4e131: close
2019-08-21 08:27:47,814 INFO  impl.RaftServerImpl (RaftServerImpl.java:lambda$shutdown$3(245)) - 671de8ea-03b0-4027-b943-f04fd917b6dd: shutdown group-6C009E0DD105
2019-08-21 08:27:47,815 INFO  impl.RaftServerImpl (RaftServerImpl.java:lambda$shutdown$3(245)) - 42c3f630-5831-4e96-a05e-adaa7bd4e131: shutdown group-6C009E0DD105
2019-08-21 08:27:47,815 INFO  util.JmxRegister (JmxRegister.java:unregister(73)) - Successfully un-registered JMX Bean with object name Ratis:service=RaftServer,group=group-6C009E0DD105,id=671de8ea-03b0-4027-b943-f04fd917b6dd
2019-08-21 08:27:47,815 INFO  util.JmxRegister (JmxRegister.java:unregister(73)) - Successfully un-registered JMX Bean with object name Ratis:service=RaftServer,group=group-6C009E0DD105,id=42c3f630-5831-4e96-a05e-adaa7bd4e131
2019-08-21 08:27:47,815 INFO  impl.RoleInfo (RoleInfo.java:shutdownFollowerState(121)) - 671de8ea-03b0-4027-b943-f04fd917b6dd: shutdown FollowerState
2019-08-21 08:27:47,816 INFO  impl.RoleInfo (RoleInfo.java:shutdownLeaderState(104)) - 42c3f630-5831-4e96-a05e-adaa7bd4e131: shutdown LeaderState
2019-08-21 08:27:47,816 INFO  impl.FollowerState (FollowerState.java:run(114)) - 671de8ea-03b0-4027-b943-f04fd917b6dd: FollowerState was interrupted: java.lang.InterruptedException: sleep interrupted
2019-08-21 08:27:47,816 INFO  impl.StateMachineUpdater (StateMachineUpdater.java:stopAndJoin(115)) - StateMachineUpdater:671de8ea-03b0-4027-b943-f04fd917b6dd:group-6C009E0DD105: set stopIndex = 1
2019-08-21 08:27:47,820 WARN  server.GrpcLogAppender (GrpcLogAppender.java:mayWait(143)) - GrpcLogAppender(42c3f630-5831-4e96-a05e-adaa7bd4e131->671de8ea-03b0-4027-b943-f04fd917b6dd): Wait interrupted by java.lang.InterruptedException
2019-08-21 08:27:47,820 INFO  impl.PendingRequests (PendingRequests.java:sendNotLeaderResponses(202)) - 42c3f630-5831-4e96-a05e-adaa7bd4e131-PendingRequests: sendNotLeaderResponses
2019-08-21 08:27:47,820 WARN  server.GrpcLogAppender (GrpcLogAppender.java:mayWait(143)) - GrpcLogAppender(42c3f630-5831-4e96-a05e-adaa7bd4e131->637dfc31-241d-4e66-8a1b-1719bdff904f): Wait interrupted by java.lang.InterruptedException
2019-08-21 08:27:47,822 INFO  impl.RaftServerImpl (ServerState.java:close(394)) - 671de8ea-03b0-4027-b943-f04fd917b6dd:group-6C009E0DD105 closes. The last applied log index is 1
2019-08-21 08:27:47,827 INFO  impl.StateMachineUpdater (StateMachineUpdater.java:stopAndJoin(115)) - StateMachineUpdater:42c3f630-5831-4e96-a05e-adaa7bd4e131:group-6C009E0DD105: set stopIndex = 2
2019-08-21 08:27:47,828 INFO  segmented.SegmentedRaftLogWorker (SegmentedRaftLogWorker.java:run(313)) - 671de8ea-03b0-4027-b943-f04fd917b6dd-SegmentedRaftLogWorker:Storage Directory /workdir/hadoop-ozone/integration-test/target/test-dir/MiniOzoneClusterImpl-58c37d08-4f2b-4349-a02b-45cd945bf2f6/datanode-1/data/ratis/1b316ed5-a6a9-4776-8a40-6c009e0dd105 was interrupted, exiting. There are 0 tasks remaining in the queue.
2019-08-21 08:27:47,828 INFO  server.GrpcServerProtocolService (GrpcServerProtocolService.java:onCompleted(104)) - 637dfc31-241d-4e66-8a1b-1719bdff904f: appendEntries completed
2019-08-21 08:27:47,830 INFO  segmented.SegmentedRaftLogWorker (SegmentedRaftLogWorker.java:close(228)) - 671de8ea-03b0-4027-b943-f04fd917b6dd-SegmentedRaftLogWorker:Storage Directory /workdir/hadoop-ozone/integration-test/target/test-dir/MiniOzoneClusterImpl-58c37d08-4f2b-4349-a02b-45cd945bf2f6/datanode-1/data/ratis/1b316ed5-a6a9-4776-8a40-6c009e0dd105 close()
2019-08-21 08:27:47,827 INFO  server.GrpcServerProtocolService (GrpcServerProtocolService.java:onCompleted(104)) - 671de8ea-03b0-4027-b943-f04fd917b6dd: appendEntries completed
2019-08-21 08:27:47,833 INFO  impl.RaftServerImpl (RaftServerImpl.java:lambda$shutdown$3(245)) - 671de8ea-03b0-4027-b943-f04fd917b6dd: shutdown group-95197781E66E
2019-08-21 08:27:47,829 INFO  impl.RaftServerImpl (ServerState.java:close(394)) - 42c3f630-5831-4e96-a05e-adaa7bd4e131:group-6C009E0DD105 closes. The last applied log index is 2
2019-08-21 08:27:47,834 INFO  util.JmxRegister (JmxRegister.java:unregister(73)) - Successfully un-registered JMX Bean with object name Ratis:service=RaftServer,group=group-95197781E66E,id=671de8ea-03b0-4027-b943-f04fd917b6dd
2019-08-21 08:27:47,834 INFO  impl.RoleInfo (RoleInfo.java:shutdownLeaderState(104)) - 671de8ea-03b0-4027-b943-f04fd917b6dd: shutdown LeaderState
2019-08-21 08:27:47,834 INFO  server.GrpcLogAppender (GrpcLogAppender.java:onCompleted(292)) - 42c3f630-5831-4e96-a05e-adaa7bd4e131->671de8ea-03b0-4027-b943-f04fd917b6dd: follower responses appendEntries COMPLETED
2019-08-21 08:27:47,833 INFO  server.GrpcLogAppender (GrpcLogAppender.java:onCompleted(292)) - 42c3f630-5831-4e96-a05e-adaa7bd4e131->637dfc31-241d-4e66-8a1b-1719bdff904f: follower responses appendEntries COMPLETED
2019-08-21 08:27:47,835 INFO  impl.PendingRequests (PendingRequests.java:sendNotLeaderResponses(202)) - 671de8ea-03b0-4027-b943-f04fd917b6dd-PendingRequests: sendNotLeaderResponses
2019-08-21 08:27:47,834 INFO  segmented.SegmentedRaftLogWorker (SegmentedRaftLogWorker.java:run(313)) - 42c3f630-5831-4e96-a05e-adaa7bd4e131-SegmentedRaftLogWorker:Storage Directory /workdir/hadoop-ozone/integration-test/target/test-dir/MiniOzoneClusterImpl-58c37d08-4f2b-4349-a02b-45cd945bf2f6/datanode-0/data/ratis/1b316ed5-a6a9-4776-8a40-6c009e0dd105 was interrupted, exiting. There are 0 tasks remaining in the queue.
2019-08-21 08:27:47,843 INFO  impl.StateMachineUpdater (StateMachineUpdater.java:stopAndJoin(115)) - StateMachineUpdater:671de8ea-03b0-4027-b943-f04fd917b6dd:group-95197781E66E: set stopIndex = 2
2019-08-21 08:27:47,846 INFO  impl.RaftServerImpl (ServerState.java:close(394)) - 671de8ea-03b0-4027-b943-f04fd917b6dd:group-95197781E66E closes. The last applied log index is 2
2019-08-21 08:27:47,838 INFO  impl.FollowerInfo (FollowerInfo.java:lambda$new$0(50)) - 42c3f630-5831-4e96-a05e-adaa7bd4e131->671de8ea-03b0-4027-b943-f04fd917b6dd: nextIndex: updateUnconditionally 3 -> 2
2019-08-21 08:27:47,838 INFO  impl.FollowerInfo (FollowerInfo.java:lambda$new$0(50)) - 42c3f630-5831-4e96-a05e-adaa7bd4e131->637dfc31-241d-4e66-8a1b-1719bdff904f: nextIndex: updateUnconditionally 1 -> 0
2019-08-21 08:27:47,846 INFO  segmented.SegmentedRaftLogWorker (SegmentedRaftLogWorker.java:run(313)) - 671de8ea-03b0-4027-b943-f04fd917b6dd-SegmentedRaftLogWorker:Storage Directory /workdir/hadoop-ozone/integration-test/target/test-dir/MiniOzoneClusterImpl-58c37d08-4f2b-4349-a02b-45cd945bf2f6/datanode-1/data/ratis/1319f62b-2e21-4601-b0d3-95197781e66e was interrupted, exiting. There are 0 tasks remaining in the queue.
2019-08-21 08:27:47,844 INFO  segmented.SegmentedRaftLogWorker (SegmentedRaftLogWorker.java:close(228)) - 42c3f630-5831-4e96-a05e-adaa7bd4e131-SegmentedRaftLogWorker:Storage Directory /workdir/hadoop-ozone/integration-test/target/test-dir/MiniOzoneClusterImpl-58c37d08-4f2b-4349-a02b-45cd945bf2f6/datanode-0/data/ratis/1b316ed5-a6a9-4776-8a40-6c009e0dd105 close()
2019-08-21 08:27:47,850 INFO  segmented.SegmentedRaftLogWorker (SegmentedRaftLogWorker.java:close(228)) - 671de8ea-03b0-4027-b943-f04fd917b6dd-SegmentedRaftLogWorker:Storage Directory /workdir/hadoop-ozone/integration-test/target/test-dir/MiniOzoneClusterImpl-58c37d08-4f2b-4349-a02b-45cd945bf2f6/datanode-1/data/ratis/1319f62b-2e21-4601-b0d3-95197781e66e close()
2019-08-21 08:27:47,850 INFO  impl.RaftServerImpl (RaftServerImpl.java:lambda$shutdown$3(245)) - 42c3f630-5831-4e96-a05e-adaa7bd4e131: shutdown group-24895533CD16
2019-08-21 08:27:47,856 INFO  server.GrpcService (GrpcService.java:closeImpl(155)) - 671de8ea-03b0-4027-b943-f04fd917b6dd: shutdown server with port 35367 now
2019-08-21 08:27:47,856 INFO  util.JmxRegister (JmxRegister.java:unregister(73)) - Successfully un-registered JMX Bean with object name Ratis:service=RaftServer,group=group-24895533CD16,id=42c3f630-5831-4e96-a05e-adaa7bd4e131
2019-08-21 08:27:47,861 INFO  server.GrpcService (GrpcService.java:closeImpl(163)) - 671de8ea-03b0-4027-b943-f04fd917b6dd: shutdown server with port 35367 successfully
2019-08-21 08:27:47,861 INFO  impl.RoleInfo (RoleInfo.java:shutdownLeaderState(104)) - 42c3f630-5831-4e96-a05e-adaa7bd4e131: shutdown LeaderState
2019-08-21 08:27:47,862 INFO  impl.PendingRequests (PendingRequests.java:sendNotLeaderResponses(202)) - 42c3f630-5831-4e96-a05e-adaa7bd4e131-PendingRequests: sendNotLeaderResponses
2019-08-21 08:27:47,862 INFO  utils.BackgroundService (BackgroundService.java:shutdown(148)) - Shutting down service BlockDeletingService
2019-08-21 08:27:47,867 INFO  impl.StateMachineUpdater (StateMachineUpdater.java:stopAndJoin(115)) - StateMachineUpdater:42c3f630-5831-4e96-a05e-adaa7bd4e131:group-24895533CD16: set stopIndex = 2
2019-08-21 08:27:47,867 INFO  impl.RaftServerImpl (ServerState.java:close(394)) - 42c3f630-5831-4e96-a05e-adaa7bd4e131:group-24895533CD16 closes. The last applied log index is 2
2019-08-21 08:27:47,867 INFO  segmented.SegmentedRaftLogWorker (SegmentedRaftLogWorker.java:run(313)) - 42c3f630-5831-4e96-a05e-adaa7bd4e131-SegmentedRaftLogWorker:Storage Directory /workdir/hadoop-ozone/integration-test/target/test-dir/MiniOzoneClusterImpl-58c37d08-4f2b-4349-a02b-45cd945bf2f6/datanode-0/data/ratis/36e9bf83-9f71-4e54-9eea-24895533cd16 was interrupted, exiting. There are 0 tasks remaining in the queue.
2019-08-21 08:27:47,868 WARN  fs.CachingGetSpaceUsed (CachingGetSpaceUsed.java:run(183)) - Thread Interrupted waiting to refresh disk information: sleep interrupted
2019-08-21 08:27:47,868 INFO  segmented.SegmentedRaftLogWorker (SegmentedRaftLogWorker.java:close(228)) - 42c3f630-5831-4e96-a05e-adaa7bd4e131-SegmentedRaftLogWorker:Storage Directory /workdir/hadoop-ozone/integration-test/target/test-dir/MiniOzoneClusterImpl-58c37d08-4f2b-4349-a02b-45cd945bf2f6/datanode-0/data/ratis/36e9bf83-9f71-4e54-9eea-24895533cd16 close()
2019-08-21 08:27:47,869 INFO  server.GrpcService (GrpcService.java:closeImpl(155)) - 42c3f630-5831-4e96-a05e-adaa7bd4e131: shutdown server with port 35079 now
2019-08-21 08:27:47,870 INFO  server.GrpcService (GrpcService.java:closeImpl(163)) - 42c3f630-5831-4e96-a05e-adaa7bd4e131: shutdown server with port 35079 successfully
2019-08-21 08:27:47,872 INFO  utils.BackgroundService (BackgroundService.java:shutdown(148)) - Shutting down service BlockDeletingService
2019-08-21 08:27:47,873 WARN  fs.CachingGetSpaceUsed (CachingGetSpaceUsed.java:run(183)) - Thread Interrupted waiting to refresh disk information: sleep interrupted
2019-08-21 08:27:47,876 INFO  impl.FollowerState (FollowerState.java:run(106)) - 637dfc31-241d-4e66-8a1b-1719bdff904f:group-60256C8D4C52 changes to CANDIDATE, lastRpcTime:5044, electionTimeout:5044ms
2019-08-21 08:27:47,876 INFO  impl.RoleInfo (RoleInfo.java:shutdownFollowerState(121)) - 637dfc31-241d-4e66-8a1b-1719bdff904f: shutdown FollowerState
2019-08-21 08:27:47,876 INFO  impl.RaftServerImpl (RaftServerImpl.java:setRole(171)) - 637dfc31-241d-4e66-8a1b-1719bdff904f:group-60256C8D4C52 changes role from FOLLOWER to CANDIDATE at term 1 for changeToCandidate
2019-08-21 08:27:47,876 INFO  impl.RoleInfo (RoleInfo.java:updateAndGet(143)) - 637dfc31-241d-4e66-8a1b-1719bdff904f: start LeaderElection
2019-08-21 08:27:47,888 INFO  statemachine.DatanodeStateMachine (DatanodeStateMachine.java:stopDaemon(395)) - Ozone container server stopped.
2019-08-21 08:27:47,892 INFO  handler.ContextHandler (ContextHandler.java:doStop(910)) - Stopped o.e.j.w.WebAppContext@5b3f0df8{/,null,UNAVAILABLE}{/hddsDatanode}
2019-08-21 08:27:47,892 INFO  server.AbstractConnector (AbstractConnector.java:doStop(318)) - Stopped ServerConnector@5c424bbb{HTTP/1.1,[http/1.1]}{0.0.0.0:45389}
2019-08-21 08:27:47,893 INFO  handler.ContextHandler (ContextHandler.java:doStop(910)) - Stopped o.e.j.s.ServletContextHandler@1314f38e{/static,jar:file:/home/user/.m2/repository/org/apache/hadoop/hadoop-hdds-container-service/0.5.0-SNAPSHOT/hadoop-hdds-container-service-0.5.0-SNAPSHOT.jar!/webapps/static,UNAVAILABLE}
2019-08-21 08:27:47,895 INFO  handler.ContextHandler (ContextHandler.java:doStop(910)) - Stopped o.e.j.s.ServletContextHandler@70435141{/logs,file:///workdir/hadoop-ozone/integration-test/target/log,UNAVAILABLE}
2019-08-21 08:27:47,895 INFO  datanode.ObjectStoreHandler (ObjectStoreHandler.java:close(155)) - Closing ObjectStoreHandler.
2019-08-21 08:27:47,895 INFO  ozone.HddsDatanodeService (HddsDatanodeService.java:stop(451)) - Stopped plug-in org.apache.hadoop.ozone.web.OzoneHddsDatanodeService@3d8e6ecf
2019-08-21 08:27:47,899 INFO  statemachine.DatanodeStateMachine (DatanodeStateMachine.java:stopDaemon(395)) - Ozone container server stopped.
2019-08-21 08:27:47,902 INFO  handler.ContextHandler (ContextHandler.java:doStop(910)) - Stopped o.e.j.w.WebAppContext@2e380ce0{/,null,UNAVAILABLE}{/hddsDatanode}
2019-08-21 08:27:47,903 INFO  server.AbstractConnector (AbstractConnector.java:doStop(318)) - Stopped ServerConnector@1cbd1ae4{HTTP/1.1,[http/1.1]}{0.0.0.0:41197}
2019-08-21 08:27:47,903 INFO  handler.ContextHandler (ContextHandler.java:doStop(910)) - Stopped o.e.j.s.ServletContextHandler@57149a89{/static,jar:file:/home/user/.m2/repository/org/apache/hadoop/hadoop-hdds-container-service/0.5.0-SNAPSHOT/hadoop-hdds-container-service-0.5.0-SNAPSHOT.jar!/webapps/static,UNAVAILABLE}
2019-08-21 08:27:47,904 INFO  handler.ContextHandler (ContextHandler.java:doStop(910)) - Stopped o.e.j.s.ServletContextHandler@58a6654e{/logs,file:///workdir/hadoop-ozone/integration-test/target/log,UNAVAILABLE}
2019-08-21 08:27:48,654 INFO  impl.LeaderElection (LeaderElection.java:askForVotes(181)) - 637dfc31-241d-4e66-8a1b-1719bdff904f:group-60256C8D4C52:LeaderElection21: begin an election at term 2 for 0: [637dfc31-241d-4e66-8a1b-1719bdff904f:192.168.69.73:39066], old=null
2019-08-21 08:27:48,654 INFO  impl.RoleInfo (RoleInfo.java:shutdownLeaderElection(134)) - 637dfc31-241d-4e66-8a1b-1719bdff904f: shutdown LeaderElection
2019-08-21 08:27:48,654 INFO  impl.RaftServerImpl (RaftServerImpl.java:setRole(171)) - 637dfc31-241d-4e66-8a1b-1719bdff904f:group-60256C8D4C52 changes role from CANDIDATE to LEADER at term 2 for changeToLeader
2019-08-21 08:27:48,654 INFO  impl.RaftServerImpl (ServerState.java:setLeader(263)) - 637dfc31-241d-4e66-8a1b-1719bdff904f:group-60256C8D4C52 change Leader from null to 637dfc31-241d-4e66-8a1b-1719bdff904f at term 2 for becomeLeader, leader elected after 9293ms
2019-08-21 08:27:48,656 INFO  server.RaftServerConfigKeys (ConfUtils.java:logGet(43)) - raft.server.staging.catchup.gap = 1000 (default)
2019-08-21 08:27:48,656 INFO  server.RaftServerConfigKeys (ConfUtils.java:logGet(43)) - raft.server.rpc.sleep.time = 25ms (default)
2019-08-21 08:27:48,656 INFO  server.RaftServerConfigKeys (ConfUtils.java:logGet(43)) - raft.server.write.element-limit = 4096 (default)
2019-08-21 08:27:48,656 INFO  server.RaftServerConfigKeys (ConfUtils.java:logGet(43)) - raft.server.watch.timeout = 10s (default)
2019-08-21 08:27:48,657 INFO  server.RaftServerConfigKeys (ConfUtils.java:logGet(43)) - raft.server.watch.timeout.denomination = 1s (default)
2019-08-21 08:27:48,657 INFO  server.RaftServerConfigKeys (ConfUtils.java:logGet(43)) - raft.server.watch.element-limit = 65536 (default)
2019-08-21 08:27:48,657 INFO  impl.RoleInfo (RoleInfo.java:updateAndGet(143)) - 637dfc31-241d-4e66-8a1b-1719bdff904f: start LeaderState
2019-08-21 08:27:48,657 INFO  segmented.SegmentedRaftLogWorker (SegmentedRaftLogWorker.java:rollLogSegment(385)) - 637dfc31-241d-4e66-8a1b-1719bdff904f-SegmentedRaftLogWorker:Storage Directory /workdir/hadoop-ozone/integration-test/target/test-dir/MiniOzoneClusterImpl-58c37d08-4f2b-4349-a02b-45cd945bf2f6/datanode-2/data/ratis/6bf3c7e3-e3fc-424b-8923-60256c8d4c52: Rolling segment log-0_0 to index:0
2019-08-21 08:27:48,658 INFO  impl.RaftServerImpl (ServerState.java:setRaftConf(361)) - 637dfc31-241d-4e66-8a1b-1719bdff904f:group-60256C8D4C52 set configuration 1: [637dfc31-241d-4e66-8a1b-1719bdff904f:192.168.69.73:39066], old=null at 1
2019-08-21 08:27:48,658 INFO  segmented.SegmentedRaftLogWorker (SegmentedRaftLogWorker.java:execute(526)) - 637dfc31-241d-4e66-8a1b-1719bdff904f-SegmentedRaftLogWorker:Storage Directory /workdir/hadoop-ozone/integration-test/target/test-dir/MiniOzoneClusterImpl-58c37d08-4f2b-4349-a02b-45cd945bf2f6/datanode-2/data/ratis/6bf3c7e3-e3fc-424b-8923-60256c8d4c52: Rolled log segment from /workdir/hadoop-ozone/integration-test/target/test-dir/MiniOzoneClusterImpl-58c37d08-4f2b-4349-a02b-45cd945bf2f6/datanode-2/data/ratis/6bf3c7e3-e3fc-424b-8923-60256c8d4c52/current/log_inprogress_0 to /workdir/hadoop-ozone/integration-test/target/test-dir/MiniOzoneClusterImpl-58c37d08-4f2b-4349-a02b-45cd945bf2f6/datanode-2/data/ratis/6bf3c7e3-e3fc-424b-8923-60256c8d4c52/current/log_0-0
2019-08-21 08:27:48,714 INFO  segmented.SegmentedRaftLogWorker (SegmentedRaftLogWorker.java:execute(569)) - 637dfc31-241d-4e66-8a1b-1719bdff904f-SegmentedRaftLogWorker:Storage Directory /workdir/hadoop-ozone/integration-test/target/test-dir/MiniOzoneClusterImpl-58c37d08-4f2b-4349-a02b-45cd945bf2f6/datanode-2/data/ratis/6bf3c7e3-e3fc-424b-8923-60256c8d4c52: created new log segment /workdir/hadoop-ozone/integration-test/target/test-dir/MiniOzoneClusterImpl-58c37d08-4f2b-4349-a02b-45cd945bf2f6/datanode-2/data/ratis/6bf3c7e3-e3fc-424b-8923-60256c8d4c52/current/log_inprogress_1
2019-08-21 08:27:48,820 INFO  statemachine.DatanodeStateMachine (DatanodeStateMachine.java:lambda$startDaemon$0(350)) - Ozone container server started.
2019-08-21 08:27:52,103 INFO  impl.FollowerState (FollowerState.java:run(106)) - 637dfc31-241d-4e66-8a1b-1719bdff904f:group-442E9E0BE1DC changes to CANDIDATE, lastRpcTime:5191, electionTimeout:5191ms
2019-08-21 08:27:52,104 INFO  impl.RoleInfo (RoleInfo.java:shutdownFollowerState(121)) - 637dfc31-241d-4e66-8a1b-1719bdff904f: shutdown FollowerState
2019-08-21 08:27:52,104 INFO  impl.RaftServerImpl (RaftServerImpl.java:setRole(171)) - 637dfc31-241d-4e66-8a1b-1719bdff904f:group-442E9E0BE1DC changes role from FOLLOWER to CANDIDATE at term 0 for changeToCandidate
2019-08-21 08:27:52,104 INFO  impl.RoleInfo (RoleInfo.java:updateAndGet(143)) - 637dfc31-241d-4e66-8a1b-1719bdff904f: start LeaderElection
2019-08-21 08:27:52,896 INFO  ozoneimpl.OzoneContainer (OzoneContainer.java:stop(199)) - Attempting to stop container services.
2019-08-21 08:27:52,897 INFO  impl.RaftServerProxy (RaftServerProxy.java:lambda$close$4(314)) - 637dfc31-241d-4e66-8a1b-1719bdff904f: close
2019-08-21 08:27:52,898 INFO  impl.RaftServerImpl (RaftServerImpl.java:lambda$shutdown$3(245)) - 637dfc31-241d-4e66-8a1b-1719bdff904f: shutdown group-442E9E0BE1DC
2019-08-21 08:27:52,898 INFO  impl.RaftServerImpl (RaftServerImpl.java:lambda$shutdown$3(245)) - 637dfc31-241d-4e66-8a1b-1719bdff904f: shutdown group-60256C8D4C52
2019-08-21 08:27:52,898 INFO  util.JmxRegister (JmxRegister.java:unregister(73)) - Successfully un-registered JMX Bean with object name Ratis:service=RaftServer,group=group-442E9E0BE1DC,id=637dfc31-241d-4e66-8a1b-1719bdff904f
2019-08-21 08:27:52,898 INFO  util.JmxRegister (JmxRegister.java:unregister(73)) - Successfully un-registered JMX Bean with object name Ratis:service=RaftServer,group=group-60256C8D4C52,id=637dfc31-241d-4e66-8a1b-1719bdff904f
2019-08-21 08:27:52,899 INFO  impl.RoleInfo (RoleInfo.java:shutdownLeaderElection(134)) - 637dfc31-241d-4e66-8a1b-1719bdff904f: shutdown LeaderElection
2019-08-21 08:27:52,899 INFO  impl.RoleInfo (RoleInfo.java:shutdownLeaderState(104)) - 637dfc31-241d-4e66-8a1b-1719bdff904f: shutdown LeaderState
2019-08-21 08:27:52,899 INFO  impl.StateMachineUpdater (StateMachineUpdater.java:stopAndJoin(115)) - StateMachineUpdater:637dfc31-241d-4e66-8a1b-1719bdff904f:group-442E9E0BE1DC: set stopIndex = -1
2019-08-21 08:27:52,901 INFO  impl.PendingRequests (PendingRequests.java:sendNotLeaderResponses(202)) - 637dfc31-241d-4e66-8a1b-1719bdff904f-PendingRequests: sendNotLeaderResponses
2019-08-21 08:27:52,901 INFO  impl.RaftServerImpl (ServerState.java:close(394)) - 637dfc31-241d-4e66-8a1b-1719bdff904f:group-442E9E0BE1DC closes. The last applied log index is -1
2019-08-21 08:27:52,905 INFO  impl.StateMachineUpdater (StateMachineUpdater.java:stopAndJoin(115)) - StateMachineUpdater:637dfc31-241d-4e66-8a1b-1719bdff904f:group-60256C8D4C52: set stopIndex = 2
2019-08-21 08:27:52,906 INFO  impl.RaftServerImpl (ServerState.java:close(394)) - 637dfc31-241d-4e66-8a1b-1719bdff904f:group-60256C8D4C52 closes. The last applied log index is 2
2019-08-21 08:27:52,906 INFO  segmented.SegmentedRaftLogWorker (SegmentedRaftLogWorker.java:run(313)) - 637dfc31-241d-4e66-8a1b-1719bdff904f-SegmentedRaftLogWorker:Storage Directory /workdir/hadoop-ozone/integration-test/target/test-dir/MiniOzoneClusterImpl-58c37d08-4f2b-4349-a02b-45cd945bf2f6/datanode-2/data/ratis/1704b791-59d3-4771-8918-442e9e0be1dc was interrupted, exiting. There are 0 tasks remaining in the queue.
2019-08-21 08:27:52,906 INFO  segmented.SegmentedRaftLogWorker (SegmentedRaftLogWorker.java:run(313)) - 637dfc31-241d-4e66-8a1b-1719bdff904f-SegmentedRaftLogWorker:Storage Directory /workdir/hadoop-ozone/integration-test/target/test-dir/MiniOzoneClusterImpl-58c37d08-4f2b-4349-a02b-45cd945bf2f6/datanode-2/data/ratis/6bf3c7e3-e3fc-424b-8923-60256c8d4c52 was interrupted, exiting. There are 0 tasks remaining in the queue.
2019-08-21 08:27:52,906 INFO  segmented.SegmentedRaftLogWorker (SegmentedRaftLogWorker.java:close(228)) - 637dfc31-241d-4e66-8a1b-1719bdff904f-SegmentedRaftLogWorker:Storage Directory /workdir/hadoop-ozone/integration-test/target/test-dir/MiniOzoneClusterImpl-58c37d08-4f2b-4349-a02b-45cd945bf2f6/datanode-2/data/ratis/1704b791-59d3-4771-8918-442e9e0be1dc close()
2019-08-21 08:27:52,908 INFO  segmented.SegmentedRaftLogWorker (SegmentedRaftLogWorker.java:close(228)) - 637dfc31-241d-4e66-8a1b-1719bdff904f-SegmentedRaftLogWorker:Storage Directory /workdir/hadoop-ozone/integration-test/target/test-dir/MiniOzoneClusterImpl-58c37d08-4f2b-4349-a02b-45cd945bf2f6/datanode-2/data/ratis/6bf3c7e3-e3fc-424b-8923-60256c8d4c52 close()
2019-08-21 08:27:52,910 INFO  server.GrpcService (GrpcService.java:closeImpl(155)) - 637dfc31-241d-4e66-8a1b-1719bdff904f: shutdown server with port 39066 now
2019-08-21 08:27:52,910 INFO  server.GrpcService (GrpcService.java:closeImpl(163)) - 637dfc31-241d-4e66-8a1b-1719bdff904f: shutdown server with port 39066 successfully
2019-08-21 08:27:52,912 INFO  utils.BackgroundService (BackgroundService.java:shutdown(148)) - Shutting down service BlockDeletingService
2019-08-21 08:27:52,913 WARN  fs.CachingGetSpaceUsed (CachingGetSpaceUsed.java:run(183)) - Thread Interrupted waiting to refresh disk information: sleep interrupted
2019-08-21 08:27:52,932 INFO  statemachine.DatanodeStateMachine (DatanodeStateMachine.java:stopDaemon(395)) - Ozone container server stopped.
2019-08-21 08:27:52,934 INFO  handler.ContextHandler (ContextHandler.java:doStop(910)) - Stopped o.e.j.w.WebAppContext@30693e22{/,null,UNAVAILABLE}{/hddsDatanode}
2019-08-21 08:27:52,935 INFO  server.AbstractConnector (AbstractConnector.java:doStop(318)) - Stopped ServerConnector@69503596{HTTP/1.1,[http/1.1]}{0.0.0.0:37103}
2019-08-21 08:27:52,936 INFO  handler.ContextHandler (ContextHandler.java:doStop(910)) - Stopped o.e.j.s.ServletContextHandler@6a1fbd5b{/static,jar:file:/home/user/.m2/repository/org/apache/hadoop/hadoop-hdds-container-service/0.5.0-SNAPSHOT/hadoop-hdds-container-service-0.5.0-SNAPSHOT.jar!/webapps/static,UNAVAILABLE}
2019-08-21 08:27:52,937 INFO  handler.ContextHandler (ContextHandler.java:doStop(910)) - Stopped o.e.j.s.ServletContextHandler@4e2c32d5{/logs,file:///workdir/hadoop-ozone/integration-test/target/log,UNAVAILABLE}
2019-08-21 08:27:52,938 INFO  ozone.MiniOzoneClusterImpl (MiniOzoneClusterImpl.java:stop(353)) - Stopping the StorageContainerManager
2019-08-21 08:27:52,938 INFO  server.StorageContainerManager (StorageContainerManager.java:stop(796)) - Stopping Replication Manager Service.
2019-08-21 08:27:52,938 INFO  container.ReplicationManager (ReplicationManager.java:stop(196)) - Stopping Replication Monitor Thread.
2019-08-21 08:27:52,938 INFO  server.StorageContainerManager (StorageContainerManager.java:stop(803)) - Stopping Lease Manager of the command watchers
2019-08-21 08:27:52,939 INFO  server.StorageContainerManager (StorageContainerManager.java:stop(810)) - Stopping datanode service RPC server
2019-08-21 08:27:52,939 INFO  server.SCMDatanodeProtocolServer (SCMDatanodeProtocolServer.java:stop(367)) - Stopping the RPC server for DataNodes
2019-08-21 08:27:52,939 INFO  ipc.Server (Server.java:stop(3082)) - Stopping server on 36438
2019-08-21 08:27:52,941 INFO  ipc.Server (Server.java:run(1185)) - Stopping IPC Server listener on 36438
2019-08-21 08:27:52,943 INFO  ipc.Server (Server.java:run(1319)) - Stopping IPC Server Responder
2019-08-21 08:27:53,728 INFO  impl.LeaderElection (LeaderElection.java:askForVotes(181)) - 637dfc31-241d-4e66-8a1b-1719bdff904f:group-442E9E0BE1DC:LeaderElection22: begin an election at term 1 for -1: [637dfc31-241d-4e66-8a1b-1719bdff904f:192.168.69.73:39066], old=null
2019-08-21 08:27:53,729 INFO  impl.LeaderElection (LogUtils.java:infoOrTrace(149)) - Failed 637dfc31-241d-4e66-8a1b-1719bdff904f:group-442E9E0BE1DC:LeaderElection22, state=CLOSING: {}
java.lang.IllegalArgumentException: 637dfc31-241d-4e66-8a1b-1719bdff904f-SegmentedRaftLog is expected to be opened but it is CLOSED
	at org.apache.ratis.util.OpenCloseState.assertOpen(OpenCloseState.java:63)
	at org.apache.ratis.server.raftlog.RaftLog.checkLogState(RaftLog.java:101)
	at org.apache.ratis.server.raftlog.segmented.SegmentedRaftLog.getLastEntryTermIndex(SegmentedRaftLog.java:263)
	at org.apache.ratis.server.impl.LeaderElection.askForVotes(LeaderElection.java:183)
	at org.apache.ratis.server.impl.LeaderElection.run(LeaderElection.java:130)
	at java.lang.Thread.run(Thread.java:748)
Caused by: org.apache.ratis.util.OpenCloseState$CloseTrace: Close 637dfc31-241d-4e66-8a1b-1719bdff904f-SegmentedRaftLog
	at org.apache.ratis.util.OpenCloseState.lambda$close$1(OpenCloseState.java:109)
	at java.util.concurrent.atomic.AtomicReference.getAndUpdate(AtomicReference.java:160)
	at org.apache.ratis.util.OpenCloseState.close(OpenCloseState.java:109)
	at org.apache.ratis.server.raftlog.RaftLog.close(RaftLog.java:437)
	at org.apache.ratis.server.raftlog.segmented.SegmentedRaftLog.close(SegmentedRaftLog.java:428)
	at org.apache.ratis.server.impl.ServerState.close(ServerState.java:397)
	at org.apache.ratis.server.impl.RaftServerImpl.lambda$shutdown$3(RaftServerImpl.java:267)
	at org.apache.ratis.util.LifeCycle.lambda$checkStateAndClose$2(LifeCycle.java:231)
	at org.apache.ratis.util.LifeCycle.checkStateAndClose(LifeCycle.java:251)
	at org.apache.ratis.util.LifeCycle.checkStateAndClose(LifeCycle.java:229)
	at org.apache.ratis.server.impl.RaftServerImpl.shutdown(RaftServerImpl.java:244)
	at org.apache.ratis.server.impl.RaftServerProxy$ImplMap.lambda$close$0(RaftServerProxy.java:107)
	at java.util.stream.ForEachOps$ForEachOp$OfRef.accept(ForEachOps.java:184)
	at java.util.stream.ReferencePipeline$3$1.accept(ReferencePipeline.java:193)
	at java.util.concurrent.ConcurrentHashMap$ValueSpliterator.forEachRemaining(ConcurrentHashMap.java:3566)
	at java.util.stream.AbstractPipeline.copyInto(AbstractPipeline.java:482)
	at java.util.stream.ForEachOps$ForEachTask.compute(ForEachOps.java:291)
	at java.util.concurrent.CountedCompleter.exec(CountedCompleter.java:731)
	at java.util.concurrent.ForkJoinTask.doExec(ForkJoinTask.java:289)
	at java.util.concurrent.ForkJoinTask.doInvoke(ForkJoinTask.java:401)
	at java.util.concurrent.ForkJoinTask.invoke(ForkJoinTask.java:734)
	at java.util.stream.ForEachOps$ForEachOp.evaluateParallel(ForEachOps.java:160)
	at java.util.stream.ForEachOps$ForEachOp$OfRef.evaluateParallel(ForEachOps.java:174)
	at java.util.stream.AbstractPipeline.evaluate(AbstractPipeline.java:233)
	at java.util.stream.ReferencePipeline.forEach(ReferencePipeline.java:418)
	at org.apache.ratis.server.impl.RaftServerProxy$ImplMap.close(RaftServerProxy.java:107)
	at org.apache.ratis.server.impl.RaftServerProxy.lambda$close$4(RaftServerProxy.java:315)
	at org.apache.ratis.util.LifeCycle.lambda$checkStateAndClose$2(LifeCycle.java:231)
	at org.apache.ratis.util.LifeCycle.checkStateAndClose(LifeCycle.java:251)
	at org.apache.ratis.util.LifeCycle.checkStateAndClose(LifeCycle.java:229)
	at org.apache.ratis.server.impl.RaftServerProxy.close(RaftServerProxy.java:313)
	at org.apache.hadoop.ozone.container.common.transport.server.ratis.XceiverServerRatis.stop(XceiverServerRatis.java:434)
	at org.apache.hadoop.ozone.container.ozoneimpl.OzoneContainer.stop(OzoneContainer.java:201)
	at org.apache.hadoop.ozone.container.common.statemachine.DatanodeStateMachine.close(DatanodeStateMachine.java:270)
	at org.apache.hadoop.ozone.container.common.statemachine.DatanodeStateMachine.stopDaemon(DatanodeStateMachine.java:394)
	at org.apache.hadoop.ozone.HddsDatanodeService.stop(HddsDatanodeService.java:458)
	at org.apache.hadoop.ozone.MiniOzoneClusterImpl.lambda$stop$2(MiniOzoneClusterImpl.java:347)
	at java.util.stream.ForEachOps$ForEachOp$OfRef.accept(ForEachOps.java:184)
	at java.util.ArrayList$ArrayListSpliterator.forEachRemaining(ArrayList.java:1382)
	at java.util.stream.AbstractPipeline.copyInto(AbstractPipeline.java:482)
	at java.util.stream.ForEachOps$ForEachTask.compute(ForEachOps.java:291)
	at java.util.concurrent.CountedCompleter.exec(CountedCompleter.java:731)
	at java.util.concurrent.ForkJoinTask.doExec(ForkJoinTask.java:289)
	at java.util.concurrent.ForkJoinPool.helpComplete(ForkJoinPool.java:1870)
	at java.util.concurrent.ForkJoinPool.externalHelpComplete(ForkJoinPool.java:2467)
	at java.util.concurrent.ForkJoinTask.externalAwaitDone(ForkJoinTask.java:324)
	at java.util.concurrent.ForkJoinTask.doInvoke(ForkJoinTask.java:405)
	at java.util.concurrent.ForkJoinTask.invoke(ForkJoinTask.java:734)
	at java.util.stream.ForEachOps$ForEachOp.evaluateParallel(ForEachOps.java:160)
	at java.util.stream.ForEachOps$ForEachOp$OfRef.evaluateParallel(ForEachOps.java:174)
	at java.util.stream.AbstractPipeline.evaluate(AbstractPipeline.java:233)
	at java.util.stream.ReferencePipeline.forEach(ReferencePipeline.java:418)
	at java.util.stream.ReferencePipeline$Head.forEach(ReferencePipeline.java:583)
	at org.apache.hadoop.ozone.MiniOzoneClusterImpl.stop(MiniOzoneClusterImpl.java:346)
	at org.apache.hadoop.ozone.MiniOzoneClusterImpl.shutdown(MiniOzoneClusterImpl.java:326)
	at org.apache.hadoop.hdds.scm.pipeline.TestRatisPipelineCreateAndDestory.cleanup(TestRatisPipelineCreateAndDestory.java:63)
	at sun.reflect.NativeMethodAccessorImpl.invoke0(Native Method)
	at sun.reflect.NativeMethodAccessorImpl.invoke(NativeMethodAccessorImpl.java:62)
	at sun.reflect.DelegatingMethodAccessorImpl.invoke(DelegatingMethodAccessorImpl.java:43)
	at java.lang.reflect.Method.invoke(Method.java:498)
	at org.junit.runners.model.FrameworkMethod$1.runReflectiveCall(FrameworkMethod.java:47)
	at org.junit.internal.runners.model.ReflectiveCallable.run(ReflectiveCallable.java:12)
	at org.junit.runners.model.FrameworkMethod.invokeExplosively(FrameworkMethod.java:44)
	at org.junit.internal.runners.statements.RunAfters.evaluate(RunAfters.java:33)
	at org.junit.runners.ParentRunner.runLeaf(ParentRunner.java:271)
	at org.junit.runners.BlockJUnit4ClassRunner.runChild(BlockJUnit4ClassRunner.java:70)
	at org.junit.runners.BlockJUnit4ClassRunner.runChild(BlockJUnit4ClassRunner.java:50)
	at org.junit.runners.ParentRunner$3.run(ParentRunner.java:238)
	at org.junit.runners.ParentRunner$1.schedule(ParentRunner.java:63)
	at org.junit.runners.ParentRunner.runChildren(ParentRunner.java:236)
	at org.junit.runners.ParentRunner.access$000(ParentRunner.java:53)
	at org.junit.runners.ParentRunner$2.evaluate(ParentRunner.java:229)
	at org.junit.runners.ParentRunner.run(ParentRunner.java:309)
	at org.apache.maven.surefire.junit4.JUnit4Provider.execute(JUnit4Provider.java:365)
	at org.apache.maven.surefire.junit4.JUnit4Provider.executeWithRerun(JUnit4Provider.java:273)
	at org.apache.maven.surefire.junit4.JUnit4Provider.executeTestSet(JUnit4Provider.java:238)
	at org.apache.maven.surefire.junit4.JUnit4Provider.invoke(JUnit4Provider.java:159)
	at org.apache.maven.surefire.booter.ForkedBooter.invokeProviderInSameClassLoader(ForkedBooter.java:384)
	at org.apache.maven.surefire.booter.ForkedBooter.runSuitesInProcess(ForkedBooter.java:345)
	at org.apache.maven.surefire.booter.ForkedBooter.execute(ForkedBooter.java:126)
	at org.apache.maven.surefire.booter.ForkedBooter.main(ForkedBooter.java:418)
2019-08-21 08:27:53,731 INFO  impl.LeaderElection (LeaderElection.java:run(141)) - 637dfc31-241d-4e66-8a1b-1719bdff904f:group-442E9E0BE1DC:LeaderElection22: IllegalArgumentException is safely ignored since this is already CLOSING
2019-08-21 08:27:53,827 WARN  node.NodeStateManager (NodeStateManager.java:scheduleNextHealthCheck(631)) - Current Thread is interrupted, shutting down HB processing thread for Node Manager.
2019-08-21 08:27:53,827 INFO  node.StaleNodeHandler (StaleNodeHandler.java:onMessage(58)) - Datanode 637dfc31-241d-4e66-8a1b-1719bdff904f{ip: 192.168.69.73, host: pr-hdds-1935-z5xc5-3809828402, networkLocation: /default-rack, certSerialId: null} moved to stale state. Finalizing its pipelines [PipelineID=1704b791-59d3-4771-8918-442e9e0be1dc, PipelineID=6bf3c7e3-e3fc-424b-8923-60256c8d4c52]
2019-08-21 08:27:53,828 INFO  server.StorageContainerManager (StorageContainerManager.java:stop(818)) - Stopping block service RPC server
2019-08-21 08:27:53,828 INFO  pipeline.SCMPipelineManager (SCMPipelineManager.java:finalizeAndDestroyPipeline(309)) - destroying pipeline:Pipeline[ Id: 1704b791-59d3-4771-8918-442e9e0be1dc, Nodes: 637dfc31-241d-4e66-8a1b-1719bdff904f{ip: 192.168.69.73, host: pr-hdds-1935-z5xc5-3809828402, networkLocation: /default-rack, certSerialId: null}, Type:RATIS, Factor:ONE, State:OPEN]
2019-08-21 08:27:53,829 INFO  server.SCMBlockProtocolServer (SCMBlockProtocolServer.java:stop(155)) - Stopping the RPC server for Block Protocol
2019-08-21 08:27:53,829 INFO  pipeline.PipelineStateManager (PipelineStateManager.java:finalizePipeline(123)) - Pipeline Pipeline[ Id: 1704b791-59d3-4771-8918-442e9e0be1dc, Nodes: 637dfc31-241d-4e66-8a1b-1719bdff904f{ip: 192.168.69.73, host: pr-hdds-1935-z5xc5-3809828402, networkLocation: /default-rack, certSerialId: null}, Type:RATIS, Factor:ONE, State:CLOSED] moved to CLOSED state
2019-08-21 08:27:53,829 INFO  ipc.Server (Server.java:stop(3082)) - Stopping server on 46823
2019-08-21 08:27:53,830 INFO  pipeline.SCMPipelineManager (SCMPipelineManager.java:finalizeAndDestroyPipeline(309)) - destroying pipeline:Pipeline[ Id: 6bf3c7e3-e3fc-424b-8923-60256c8d4c52, Nodes: 637dfc31-241d-4e66-8a1b-1719bdff904f{ip: 192.168.69.73, host: pr-hdds-1935-z5xc5-3809828402, networkLocation: /default-rack, certSerialId: null}, Type:RATIS, Factor:ONE, State:CLOSED]
2019-08-21 08:27:53,832 INFO  server.StorageContainerManager (StorageContainerManager.java:stop(825)) - Stopping the StorageContainerLocationProtocol RPC server
2019-08-21 08:27:53,832 INFO  ipc.Server (Server.java:run(1185)) - Stopping IPC Server listener on 46823
2019-08-21 08:27:53,832 INFO  ipc.Server (Server.java:run(1319)) - Stopping IPC Server Responder
2019-08-21 08:27:53,832 INFO  server.SCMClientProtocolServer (SCMClientProtocolServer.java:stop(159)) - Stopping the RPC server for Client Protocol
2019-08-21 08:27:53,833 INFO  ipc.Server (Server.java:stop(3082)) - Stopping server on 39587
2019-08-21 08:27:53,836 INFO  ipc.Server (Server.java:run(1185)) - Stopping IPC Server listener on 39587
2019-08-21 08:27:53,836 INFO  server.StorageContainerManager (StorageContainerManager.java:stop(832)) - Stopping Storage Container Manager HTTP server.
2019-08-21 08:27:53,837 INFO  ipc.Server (Server.java:run(1319)) - Stopping IPC Server Responder
2019-08-21 08:27:53,839 INFO  handler.ContextHandler (ContextHandler.java:doStop(910)) - Stopped o.e.j.w.WebAppContext@42d687ae{/,null,UNAVAILABLE}{/scm}
2019-08-21 08:27:53,839 INFO  server.AbstractConnector (AbstractConnector.java:doStop(318)) - Stopped ServerConnector@2e1d7f5d{HTTP/1.1,[http/1.1]}{0.0.0.0:0}
2019-08-21 08:27:53,840 INFO  handler.ContextHandler (ContextHandler.java:doStop(910)) - Stopped o.e.j.s.ServletContextHandler@2adb0238{/static,file:///workdir/hadoop-ozone/integration-test/target/test-classes/webapps/static,UNAVAILABLE}
2019-08-21 08:27:53,841 INFO  handler.ContextHandler (ContextHandler.java:doStop(910)) - Stopped o.e.j.s.ServletContextHandler@7c6015de{/logs,file:///workdir/hadoop-ozone/integration-test/target/log,UNAVAILABLE}
2019-08-21 08:27:53,842 INFO  server.StorageContainerManager (StorageContainerManager.java:stop(843)) - Stopping Block Manager Service.
2019-08-21 08:27:53,842 INFO  utils.BackgroundService (BackgroundService.java:shutdown(148)) - Shutting down service SCMBlockDeletingService
2019-08-21 08:27:53,843 INFO  utils.BackgroundService (BackgroundService.java:shutdown(148)) - Shutting down service SCMBlockDeletingService
2019-08-21 08:27:53,844 INFO  server.StorageContainerManager (StorageContainerManager.java:stop(865)) - Stopping SCM Event Queue.
2019-08-21 08:27:53,849 INFO  impl.MetricsSystemImpl (MetricsSystemImpl.java:stop(210)) - Stopping HddsDatanode metrics system...
2019-08-21 08:27:53,854 INFO  impl.MetricsSystemImpl (MetricsSystemImpl.java:stop(216)) - HddsDatanode metrics system stopped.
]]></system-out>
    <system-err><![CDATA[Aug 21, 2019 8:27:17 AM com.sun.jersey.server.impl.application.WebApplicationImpl _initiate
INFO: Initiating Jersey application, version 'Jersey: 1.19 02/11/2015 03:25 AM'
Aug 21, 2019 8:27:17 AM com.sun.jersey.server.impl.application.WebApplicationImpl _initiate
INFO: Initiating Jersey application, version 'Jersey: 1.19 02/11/2015 03:25 AM'
Aug 21, 2019 8:27:18 AM com.sun.jersey.server.impl.application.WebApplicationImpl _initiate
INFO: Initiating Jersey application, version 'Jersey: 1.19 02/11/2015 03:25 AM'
Aug 21, 2019 8:27:38 AM com.sun.jersey.server.impl.application.WebApplicationImpl _initiate
INFO: Initiating Jersey application, version 'Jersey: 1.19 02/11/2015 03:25 AM'
Aug 21, 2019 8:27:39 AM com.sun.jersey.server.impl.application.WebApplicationImpl _initiate
INFO: Initiating Jersey application, version 'Jersey: 1.19 02/11/2015 03:25 AM'
Aug 21, 2019 8:27:40 AM com.sun.jersey.server.impl.application.WebApplicationImpl _initiate
INFO: Initiating Jersey application, version 'Jersey: 1.19 02/11/2015 03:25 AM'
]]></system-err>
  </testcase>
</testsuite>