<?xml version="1.0" encoding="UTF-8"?>
<testsuite xmlns:xsi="http://www.w3.org/2001/XMLSchema-instance" xsi:noNamespaceSchemaLocation="https://maven.apache.org/surefire/maven-surefire-plugin/xsd/surefire-test-report.xsd" name="org.apache.hadoop.ozone.client.rpc.TestBlockOutputStreamWithFailures" time="674.493" tests="8" errors="0" skipped="0" failures="1">
  <properties>
    <property name="awt.toolkit" value="sun.awt.X11.XToolkit"/>
    <property name="file.encoding.pkg" value="sun.io"/>
    <property name="java.specification.version" value="1.8"/>
    <property name="sun.cpu.isalist" value=""/>
    <property name="sun.jnu.encoding" value="UTF-8"/>
    <property name="java.class.path" value="/workdir/hadoop-ozone/integration-test/target/test-classes:/workdir/hadoop-ozone/integration-test/target/classes:/home/user/.m2/repository/org/apache/hadoop/hadoop-ozone-common/0.5.0-SNAPSHOT/hadoop-ozone-common-0.5.0-SNAPSHOT.jar:/home/user/.m2/repository/org/apache/commons/commons-compress/1.4.1/commons-compress-1.4.1.jar:/home/user/.m2/repository/org/tukaani/xz/1.0/xz-1.0.jar:/home/user/.m2/repository/org/apache/hadoop/hadoop-common/3.2.0/hadoop-common-3.2.0.jar:/home/user/.m2/repository/org/apache/hadoop/hadoop-hdfs/3.2.0/hadoop-hdfs-3.2.0.jar:/home/user/.m2/repository/org/apache/hadoop/hadoop-hdfs-client/3.2.0/hadoop-hdfs-client-3.2.0.jar:/home/user/.m2/repository/com/fasterxml/jackson/core/jackson-annotations/2.9.5/jackson-annotations-2.9.5.jar:/home/user/.m2/repository/org/apache/hadoop/hadoop-hdds-common/0.5.0-SNAPSHOT/hadoop-hdds-common-0.5.0-SNAPSHOT.jar:/home/user/.m2/repository/javax/annotation/javax.annotation-api/1.2/javax.annotation-api-1.2.jar:/home/user/.m2/repository/org/apache/ratis/ratis-server/0.4.0-2337318-SNAPSHOT/ratis-server-0.4.0-2337318-SNAPSHOT.jar:/home/user/.m2/repository/org/apache/ratis/ratis-thirdparty-misc/0.2.0/ratis-thirdparty-misc-0.2.0.jar:/home/user/.m2/repository/org/apache/ratis/ratis-proto/0.4.0-2337318-SNAPSHOT/ratis-proto-0.4.0-2337318-SNAPSHOT.jar:/home/user/.m2/repository/org/apache/ratis/ratis-common/0.4.0-2337318-SNAPSHOT/ratis-common-0.4.0-2337318-SNAPSHOT.jar:/home/user/.m2/repository/org/apache/ratis/ratis-client/0.4.0-2337318-SNAPSHOT/ratis-client-0.4.0-2337318-SNAPSHOT.jar:/home/user/.m2/repository/org/apache/ratis/ratis-metrics/0.4.0-2337318-SNAPSHOT/ratis-metrics-0.4.0-2337318-SNAPSHOT.jar:/home/user/.m2/repository/org/apache/ratis/ratis-netty/0.4.0-2337318-SNAPSHOT/ratis-netty-0.4.0-2337318-SNAPSHOT.jar:/home/user/.m2/repository/org/apache/ratis/ratis-grpc/0.4.0-2337318-SNAPSHOT/ratis-grpc-0.4.0-2337318-SNAPSHOT.jar:/home/user/.m2/repository/org/rocksdb/rocksdbjni/6.0.1/rocksdbjni-6.0.1.jar:/home/user/.m2/repository/org/apache/logging/log4j/log4j-api/2.11.0/log4j-api-2.11.0.jar:/home/user/.m2/repository/org/apache/logging/log4j/log4j-core/2.11.0/log4j-core-2.11.0.jar:/home/user/.m2/repository/com/lmax/disruptor/3.4.2/disruptor-3.4.2.jar:/home/user/.m2/repository/org/apache/commons/commons-pool2/2.6.0/commons-pool2-2.6.0.jar:/home/user/.m2/repository/org/bouncycastle/bcpkix-jdk15on/1.60/bcpkix-jdk15on-1.60.jar:/home/user/.m2/repository/commons-validator/commons-validator/1.6/commons-validator-1.6.jar:/home/user/.m2/repository/commons-digester/commons-digester/1.8.1/commons-digester-1.8.1.jar:/home/user/.m2/repository/io/jaegertracing/jaeger-client/0.33.1/jaeger-client-0.33.1.jar:/home/user/.m2/repository/io/jaegertracing/jaeger-thrift/0.33.1/jaeger-thrift-0.33.1.jar:/home/user/.m2/repository/org/apache/thrift/libthrift/0.11.0/libthrift-0.11.0.jar:/home/user/.m2/repository/com/squareup/okhttp3/okhttp/3.9.0/okhttp-3.9.0.jar:/home/user/.m2/repository/com/squareup/okio/okio/1.13.0/okio-1.13.0.jar:/home/user/.m2/repository/io/jaegertracing/jaeger-core/0.33.1/jaeger-core-0.33.1.jar:/home/user/.m2/repository/io/jaegertracing/jaeger-tracerresolver/0.33.1/jaeger-tracerresolver-0.33.1.jar:/home/user/.m2/repository/io/opentracing/contrib/opentracing-tracerresolver/0.1.5/opentracing-tracerresolver-0.1.5.jar:/home/user/.m2/repository/io/opentracing/opentracing-util/0.31.0/opentracing-util-0.31.0.jar:/home/user/.m2/repository/io/opentracing/opentracing-api/0.31.0/opentracing-api-0.31.0.jar:/home/user/.m2/repository/io/opentracing/opentracing-noop/0.31.0/opentracing-noop-0.31.0.jar:/home/user/.m2/repository/org/apache/hadoop/hadoop-hdds-server-framework/0.5.0-SNAPSHOT/hadoop-hdds-server-framework-0.5.0-SNAPSHOT.jar:/home/user/.m2/repository/org/apache/hadoop/hadoop-hdds-container-service/0.5.0-SNAPSHOT/hadoop-hdds-container-service-0.5.0-SNAPSHOT.jar:/home/user/.m2/repository/org/apache/hadoop/hadoop-hdds-client/0.5.0-SNAPSHOT/hadoop-hdds-client-0.5.0-SNAPSHOT.jar:/home/user/.m2/repository/org/apache/hadoop/hadoop-hdds-tools/0.5.0-SNAPSHOT/hadoop-hdds-tools-0.5.0-SNAPSHOT.jar:/home/user/.m2/repository/org/apache/hadoop/hadoop-hdds-server-scm/0.5.0-SNAPSHOT/hadoop-hdds-server-scm-0.5.0-SNAPSHOT.jar:/home/user/.m2/repository/org/apache/hadoop/hadoop-hdds-docs/0.5.0-SNAPSHOT/hadoop-hdds-docs-0.5.0-SNAPSHOT.jar:/home/user/.m2/repository/io/dropwizard/metrics/metrics-core/3.2.4/metrics-core-3.2.4.jar:/home/user/.m2/repository/org/hamcrest/hamcrest-all/1.3/hamcrest-all-1.3.jar:/home/user/.m2/repository/org/bouncycastle/bcprov-jdk15on/1.60/bcprov-jdk15on-1.60.jar:/home/user/.m2/repository/info/picocli/picocli/3.9.6/picocli-3.9.6.jar:/home/user/.m2/repository/com/google/protobuf/protobuf-java/2.5.0/protobuf-java-2.5.0.jar:/home/user/.m2/repository/com/google/guava/guava/11.0.2/guava-11.0.2.jar:/home/user/.m2/repository/org/apache/hadoop/hadoop-ozone-ozone-manager/0.5.0-SNAPSHOT/hadoop-ozone-ozone-manager-0.5.0-SNAPSHOT.jar:/home/user/.m2/repository/org/apache/hadoop/hadoop-minikdc/3.2.0/hadoop-minikdc-3.2.0.jar:/home/user/.m2/repository/commons-io/commons-io/2.5/commons-io-2.5.jar:/home/user/.m2/repository/org/apache/kerby/kerb-simplekdc/1.0.1/kerb-simplekdc-1.0.1.jar:/home/user/.m2/repository/org/apache/kerby/kerb-client/1.0.1/kerb-client-1.0.1.jar:/home/user/.m2/repository/org/apache/kerby/kerby-config/1.0.1/kerby-config-1.0.1.jar:/home/user/.m2/repository/org/apache/kerby/kerb-core/1.0.1/kerb-core-1.0.1.jar:/home/user/.m2/repository/org/apache/kerby/kerby-pkix/1.0.1/kerby-pkix-1.0.1.jar:/home/user/.m2/repository/org/apache/kerby/kerby-asn1/1.0.1/kerby-asn1-1.0.1.jar:/home/user/.m2/repository/org/apache/kerby/kerby-util/1.0.1/kerby-util-1.0.1.jar:/home/user/.m2/repository/org/apache/kerby/kerb-common/1.0.1/kerb-common-1.0.1.jar:/home/user/.m2/repository/org/apache/kerby/kerb-crypto/1.0.1/kerb-crypto-1.0.1.jar:/home/user/.m2/repository/org/apache/kerby/kerb-util/1.0.1/kerb-util-1.0.1.jar:/home/user/.m2/repository/org/apache/kerby/token-provider/1.0.1/token-provider-1.0.1.jar:/home/user/.m2/repository/org/apache/kerby/kerb-admin/1.0.1/kerb-admin-1.0.1.jar:/home/user/.m2/repository/org/apache/kerby/kerb-server/1.0.1/kerb-server-1.0.1.jar:/home/user/.m2/repository/org/apache/kerby/kerb-identity/1.0.1/kerb-identity-1.0.1.jar:/home/user/.m2/repository/org/apache/kerby/kerby-xdr/1.0.1/kerby-xdr-1.0.1.jar:/home/user/.m2/repository/org/slf4j/slf4j-log4j12/1.7.25/slf4j-log4j12-1.7.25.jar:/home/user/.m2/repository/org/apache/hadoop/hadoop-ozone-s3gateway/0.5.0-SNAPSHOT/hadoop-ozone-s3gateway-0.5.0-SNAPSHOT.jar:/home/user/.m2/repository/org/jboss/weld/servlet/weld-servlet/2.4.7.Final/weld-servlet-2.4.7.Final.jar:/home/user/.m2/repository/org/glassfish/jersey/containers/jersey-container-servlet-core/2.27/jersey-container-servlet-core-2.27.jar:/home/user/.m2/repository/org/glassfish/hk2/external/javax.inject/2.5.0-b42/javax.inject-2.5.0-b42.jar:/home/user/.m2/repository/org/glassfish/jersey/core/jersey-common/2.27/jersey-common-2.27.jar:/home/user/.m2/repository/org/glassfish/hk2/osgi-resource-locator/1.0.1/osgi-resource-locator-1.0.1.jar:/home/user/.m2/repository/javax/ws/rs/javax.ws.rs-api/2.1/javax.ws.rs-api-2.1.jar:/home/user/.m2/repository/org/glassfish/jersey/ext/cdi/jersey-cdi1x/2.27/jersey-cdi1x-2.27.jar:/home/user/.m2/repository/org/glassfish/jersey/inject/jersey-hk2/2.27/jersey-hk2-2.27.jar:/home/user/.m2/repository/org/glassfish/hk2/hk2-locator/2.5.0-b42/hk2-locator-2.5.0-b42.jar:/home/user/.m2/repository/org/javassist/javassist/3.22.0-CR2/javassist-3.22.0-CR2.jar:/home/user/.m2/repository/org/glassfish/hk2/hk2-api/2.5.0/hk2-api-2.5.0.jar:/home/user/.m2/repository/org/glassfish/hk2/external/jakarta.inject/2.5.0/jakarta.inject-2.5.0.jar:/home/user/.m2/repository/org/glassfish/hk2/hk2-utils/2.5.0/hk2-utils-2.5.0.jar:/home/user/.m2/repository/jakarta/annotation/jakarta.annotation-api/1.3.4/jakarta.annotation-api-1.3.4.jar:/home/user/.m2/repository/org/glassfish/hk2/external/aopalliance-repackaged/2.5.0/aopalliance-repackaged-2.5.0.jar:/home/user/.m2/repository/com/fasterxml/jackson/dataformat/jackson-dataformat-xml/2.9.0/jackson-dataformat-xml-2.9.0.jar:/home/user/.m2/repository/com/fasterxml/jackson/core/jackson-core/2.9.5/jackson-core-2.9.5.jar:/home/user/.m2/repository/com/fasterxml/jackson/module/jackson-module-jaxb-annotations/2.9.5/jackson-module-jaxb-annotations-2.9.5.jar:/home/user/.m2/repository/javax/enterprise/cdi-api/1.2/cdi-api-1.2.jar:/home/user/.m2/repository/javax/el/javax.el-api/3.0.0/javax.el-api-3.0.0.jar:/home/user/.m2/repository/javax/interceptor/javax.interceptor-api/1.2/javax.interceptor-api-1.2.jar:/home/user/.m2/repository/javax/inject/javax.inject/1/javax.inject-1.jar:/home/user/.m2/repository/com/sun/xml/bind/jaxb-impl/2.3.0.1/jaxb-impl-2.3.0.1.jar:/home/user/.m2/repository/com/sun/xml/bind/jaxb-core/2.3.0.1/jaxb-core-2.3.0.1.jar:/home/user/.m2/repository/javax/xml/bind/jaxb-api/2.3.0/jaxb-api-2.3.0.jar:/home/user/.m2/repository/javax/activation/activation/1.1.1/activation-1.1.1.jar:/home/user/.m2/repository/org/apache/hadoop/hadoop-ozone-csi/0.5.0-SNAPSHOT/hadoop-ozone-csi-0.5.0-SNAPSHOT.jar:/home/user/.m2/repository/com/google/protobuf/protobuf-java-util/3.5.1/protobuf-java-util-3.5.1.jar:/home/user/.m2/repository/org/apache/hadoop/hadoop-hdds-config/0.5.0-SNAPSHOT/hadoop-hdds-config-0.5.0-SNAPSHOT.jar:/home/user/.m2/repository/io/grpc/grpc-netty/1.17.1/grpc-netty-1.17.1.jar:/home/user/.m2/repository/io/grpc/grpc-core/1.17.1/grpc-core-1.17.1.jar:/home/user/.m2/repository/io/grpc/grpc-context/1.17.1/grpc-context-1.17.1.jar:/home/user/.m2/repository/com/google/errorprone/error_prone_annotations/2.2.0/error_prone_annotations-2.2.0.jar:/home/user/.m2/repository/org/codehaus/mojo/animal-sniffer-annotations/1.17/animal-sniffer-annotations-1.17.jar:/home/user/.m2/repository/io/opencensus/opencensus-api/0.17.0/opencensus-api-0.17.0.jar:/home/user/.m2/repository/io/opencensus/opencensus-contrib-grpc-metrics/0.17.0/opencensus-contrib-grpc-metrics-0.17.0.jar:/home/user/.m2/repository/io/netty/netty-codec-http2/4.1.30.Final/netty-codec-http2-4.1.30.Final.jar:/home/user/.m2/repository/io/netty/netty-codec-http/4.1.30.Final/netty-codec-http-4.1.30.Final.jar:/home/user/.m2/repository/io/netty/netty-codec/4.1.30.Final/netty-codec-4.1.30.Final.jar:/home/user/.m2/repository/io/netty/netty-handler/4.1.30.Final/netty-handler-4.1.30.Final.jar:/home/user/.m2/repository/io/netty/netty-handler-proxy/4.1.30.Final/netty-handler-proxy-4.1.30.Final.jar:/home/user/.m2/repository/io/netty/netty-codec-socks/4.1.30.Final/netty-codec-socks-4.1.30.Final.jar:/home/user/.m2/repository/io/netty/netty-transport-native-epoll/4.1.30.Final/netty-transport-native-epoll-4.1.30.Final.jar:/home/user/.m2/repository/io/netty/netty-common/4.1.30.Final/netty-common-4.1.30.Final.jar:/home/user/.m2/repository/io/netty/netty-buffer/4.1.30.Final/netty-buffer-4.1.30.Final.jar:/home/user/.m2/repository/io/netty/netty-transport/4.1.30.Final/netty-transport-4.1.30.Final.jar:/home/user/.m2/repository/io/netty/netty-resolver/4.1.30.Final/netty-resolver-4.1.30.Final.jar:/home/user/.m2/repository/io/netty/netty-transport-native-unix-common/4.1.30.Final/netty-transport-native-unix-common-4.1.30.Final.jar:/home/user/.m2/repository/io/grpc/grpc-protobuf/1.17.1/grpc-protobuf-1.17.1.jar:/home/user/.m2/repository/com/google/api/grpc/proto-google-common-protos/1.0.0/proto-google-common-protos-1.0.0.jar:/home/user/.m2/repository/io/grpc/grpc-protobuf-lite/1.17.1/grpc-protobuf-lite-1.17.1.jar:/home/user/.m2/repository/io/grpc/grpc-stub/1.17.1/grpc-stub-1.17.1.jar:/home/user/.m2/repository/org/apache/hadoop/hadoop-ozone-recon/0.5.0-SNAPSHOT/hadoop-ozone-recon-0.5.0-SNAPSHOT.jar:/home/user/.m2/repository/org/apache/hadoop/hadoop-ozone-reconcodegen/0.5.0-SNAPSHOT/hadoop-ozone-reconcodegen-0.5.0-SNAPSHOT.jar:/home/user/.m2/repository/com/google/inject/extensions/guice-multibindings/4.0/guice-multibindings-4.0.jar:/home/user/.m2/repository/com/google/inject/guice/4.0/guice-4.0.jar:/home/user/.m2/repository/aopalliance/aopalliance/1.0/aopalliance-1.0.jar:/home/user/.m2/repository/com/google/inject/extensions/guice-servlet/4.0/guice-servlet-4.0.jar:/home/user/.m2/repository/org/glassfish/jersey/containers/jersey-container-servlet/2.27/jersey-container-servlet-2.27.jar:/home/user/.m2/repository/org/glassfish/hk2/guice-bridge/2.5.0/guice-bridge-2.5.0.jar:/home/user/.m2/repository/org/glassfish/jersey/core/jersey-server/2.27/jersey-server-2.27.jar:/home/user/.m2/repository/org/glassfish/jersey/core/jersey-client/2.27/jersey-client-2.27.jar:/home/user/.m2/repository/org/glassfish/jersey/media/jersey-media-jaxb/2.27/jersey-media-jaxb-2.27.jar:/home/user/.m2/repository/javax/validation/validation-api/1.1.0.Final/validation-api-1.1.0.Final.jar:/home/user/.m2/repository/org/glassfish/jersey/media/jersey-media-json-jackson/2.27/jersey-media-json-jackson-2.27.jar:/home/user/.m2/repository/org/glassfish/jersey/ext/jersey-entity-filtering/2.27/jersey-entity-filtering-2.27.jar:/home/user/.m2/repository/com/google/inject/extensions/guice-assistedinject/4.0/guice-assistedinject-4.0.jar:/home/user/.m2/repository/org/jooq/jooq/3.11.10/jooq-3.11.10.jar:/home/user/.m2/repository/org/jooq/jooq-meta/3.11.10/jooq-meta-3.11.10.jar:/home/user/.m2/repository/org/jooq/jooq-codegen/3.11.10/jooq-codegen-3.11.10.jar:/home/user/.m2/repository/com/jolbox/bonecp/0.8.0.RELEASE/bonecp-0.8.0.RELEASE.jar:/home/user/.m2/repository/org/xerial/sqlite-jdbc/3.25.2/sqlite-jdbc-3.25.2.jar:/home/user/.m2/repository/org/springframework/spring-jdbc/5.1.3.RELEASE/spring-jdbc-5.1.3.RELEASE.jar:/home/user/.m2/repository/org/springframework/spring-beans/5.1.3.RELEASE/spring-beans-5.1.3.RELEASE.jar:/home/user/.m2/repository/org/springframework/spring-core/5.1.3.RELEASE/spring-core-5.1.3.RELEASE.jar:/home/user/.m2/repository/org/springframework/spring-jcl/5.1.3.RELEASE/spring-jcl-5.1.3.RELEASE.jar:/home/user/.m2/repository/org/springframework/spring-tx/5.1.3.RELEASE/spring-tx-5.1.3.RELEASE.jar:/home/user/.m2/repository/org/apache/hadoop/hadoop-ozone-client/0.5.0-SNAPSHOT/hadoop-ozone-client-0.5.0-SNAPSHOT.jar:/home/user/.m2/repository/commons-lang/commons-lang/2.6/commons-lang-2.6.jar:/home/user/.m2/repository/org/apache/hadoop/hadoop-ozone-ozone-manager/0.5.0-SNAPSHOT/hadoop-ozone-ozone-manager-0.5.0-SNAPSHOT-tests.jar:/home/user/.m2/repository/junit/junit/4.11/junit-4.11.jar:/home/user/.m2/repository/org/hamcrest/hamcrest-core/1.3/hamcrest-core-1.3.jar:/home/user/.m2/repository/org/openjdk/jmh/jmh-core/1.19/jmh-core-1.19.jar:/home/user/.m2/repository/net/sf/jopt-simple/jopt-simple/4.6/jopt-simple-4.6.jar:/home/user/.m2/repository/org/apache/commons/commons-math3/3.1.1/commons-math3-3.1.1.jar:/home/user/.m2/repository/org/openjdk/jmh/jmh-generator-annprocess/1.19/jmh-generator-annprocess-1.19.jar:/home/user/.m2/repository/org/mockito/mockito-all/1.8.5/mockito-all-1.8.5.jar:/home/user/.m2/repository/org/apache/hadoop/hadoop-kms/3.2.0/hadoop-kms-3.2.0.jar:/home/user/.m2/repository/org/apache/hadoop/hadoop-auth/3.2.0/hadoop-auth-3.2.0.jar:/home/user/.m2/repository/com/nimbusds/nimbus-jose-jwt/4.41.1/nimbus-jose-jwt-4.41.1.jar:/home/user/.m2/repository/com/github/stephenc/jcip/jcip-annotations/1.0-1/jcip-annotations-1.0-1.jar:/home/user/.m2/repository/net/minidev/json-smart/2.3/json-smart-2.3.jar:/home/user/.m2/repository/net/minidev/accessors-smart/1.2/accessors-smart-1.2.jar:/home/user/.m2/repository/org/ow2/asm/asm/5.0.4/asm-5.0.4.jar:/home/user/.m2/repository/org/apache/curator/curator-framework/2.12.0/curator-framework-2.12.0.jar:/home/user/.m2/repository/com/sun/jersey/jersey-core/1.19/jersey-core-1.19.jar:/home/user/.m2/repository/javax/ws/rs/jsr311-api/1.1.1/jsr311-api-1.1.1.jar:/home/user/.m2/repository/com/sun/jersey/jersey-server/1.19/jersey-server-1.19.jar:/home/user/.m2/repository/javax/servlet/javax.servlet-api/3.1.0/javax.servlet-api-3.1.0.jar:/home/user/.m2/repository/org/eclipse/jetty/jetty-server/9.3.24.v20180605/jetty-server-9.3.24.v20180605.jar:/home/user/.m2/repository/org/eclipse/jetty/jetty-http/9.3.24.v20180605/jetty-http-9.3.24.v20180605.jar:/home/user/.m2/repository/org/eclipse/jetty/jetty-io/9.3.24.v20180605/jetty-io-9.3.24.v20180605.jar:/home/user/.m2/repository/org/eclipse/jetty/jetty-webapp/9.3.24.v20180605/jetty-webapp-9.3.24.v20180605.jar:/home/user/.m2/repository/org/eclipse/jetty/jetty-xml/9.3.24.v20180605/jetty-xml-9.3.24.v20180605.jar:/home/user/.m2/repository/log4j/log4j/1.2.17/log4j-1.2.17.jar:/home/user/.m2/repository/org/slf4j/slf4j-api/1.7.25/slf4j-api-1.7.25.jar:/home/user/.m2/repository/org/slf4j/jul-to-slf4j/1.7.25/jul-to-slf4j-1.7.25.jar:/home/user/.m2/repository/org/eclipse/jetty/jetty-util/9.3.24.v20180605/jetty-util-9.3.24.v20180605.jar:/home/user/.m2/repository/com/fasterxml/jackson/core/jackson-databind/2.9.5/jackson-databind-2.9.5.jar:/home/user/.m2/repository/org/apache/hadoop/hadoop-kms/3.2.0/hadoop-kms-3.2.0-tests.jar:/home/user/.m2/repository/org/apache/hadoop/hadoop-hdds-server-scm/0.5.0-SNAPSHOT/hadoop-hdds-server-scm-0.5.0-SNAPSHOT-tests.jar:/home/user/.m2/repository/org/apache/hadoop/hadoop-hdds-container-service/0.5.0-SNAPSHOT/hadoop-hdds-container-service-0.5.0-SNAPSHOT-tests.jar:/home/user/.m2/repository/org/yaml/snakeyaml/1.16/snakeyaml-1.16.jar:/home/user/.m2/repository/org/apache/hadoop/hadoop-common/3.2.0/hadoop-common-3.2.0-tests.jar:/home/user/.m2/repository/org/apache/hadoop/hadoop-annotations/3.2.0/hadoop-annotations-3.2.0.jar:/usr/lib/jvm/java-1.8-openjdk/jre/../lib/tools.jar:/home/user/.m2/repository/commons-cli/commons-cli/1.2/commons-cli-1.2.jar:/home/user/.m2/repository/org/apache/httpcomponents/httpclient/4.5.2/httpclient-4.5.2.jar:/home/user/.m2/repository/org/apache/httpcomponents/httpcore/4.4.4/httpcore-4.4.4.jar:/home/user/.m2/repository/commons-codec/commons-codec/1.11/commons-codec-1.11.jar:/home/user/.m2/repository/commons-net/commons-net/3.6/commons-net-3.6.jar:/home/user/.m2/repository/commons-collections/commons-collections/3.2.2/commons-collections-3.2.2.jar:/home/user/.m2/repository/org/eclipse/jetty/jetty-servlet/9.3.24.v20180605/jetty-servlet-9.3.24.v20180605.jar:/home/user/.m2/repository/org/eclipse/jetty/jetty-security/9.3.24.v20180605/jetty-security-9.3.24.v20180605.jar:/home/user/.m2/repository/javax/servlet/jsp/jsp-api/2.1/jsp-api-2.1.jar:/home/user/.m2/repository/com/sun/jersey/jersey-servlet/1.19/jersey-servlet-1.19.jar:/home/user/.m2/repository/com/sun/jersey/jersey-json/1.19/jersey-json-1.19.jar:/home/user/.m2/repository/org/codehaus/jettison/jettison/1.1/jettison-1.1.jar:/home/user/.m2/repository/org/codehaus/jackson/jackson-core-asl/1.9.13/jackson-core-asl-1.9.13.jar:/home/user/.m2/repository/org/codehaus/jackson/jackson-mapper-asl/1.9.13/jackson-mapper-asl-1.9.13.jar:/home/user/.m2/repository/org/codehaus/jackson/jackson-jaxrs/1.9.13/jackson-jaxrs-1.9.13.jar:/home/user/.m2/repository/org/codehaus/jackson/jackson-xc/1.9.13/jackson-xc-1.9.13.jar:/home/user/.m2/repository/commons-logging/commons-logging/1.1.3/commons-logging-1.1.3.jar:/home/user/.m2/repository/commons-beanutils/commons-beanutils/1.9.3/commons-beanutils-1.9.3.jar:/home/user/.m2/repository/org/apache/commons/commons-configuration2/2.1.1/commons-configuration2-2.1.1.jar:/home/user/.m2/repository/org/apache/commons/commons-lang3/3.7/commons-lang3-3.7.jar:/home/user/.m2/repository/org/apache/commons/commons-text/1.4/commons-text-1.4.jar:/home/user/.m2/repository/org/apache/avro/avro/1.7.7/avro-1.7.7.jar:/home/user/.m2/repository/com/thoughtworks/paranamer/paranamer/2.3/paranamer-2.3.jar:/home/user/.m2/repository/org/xerial/snappy/snappy-java/1.0.5/snappy-java-1.0.5.jar:/home/user/.m2/repository/com/google/re2j/re2j/1.1/re2j-1.1.jar:/home/user/.m2/repository/com/google/code/gson/gson/2.2.4/gson-2.2.4.jar:/home/user/.m2/repository/com/jcraft/jsch/0.1.54/jsch-0.1.54.jar:/home/user/.m2/repository/org/apache/curator/curator-client/2.12.0/curator-client-2.12.0.jar:/home/user/.m2/repository/org/apache/curator/curator-recipes/2.12.0/curator-recipes-2.12.0.jar:/home/user/.m2/repository/com/google/code/findbugs/jsr305/3.0.0/jsr305-3.0.0.jar:/home/user/.m2/repository/org/apache/htrace/htrace-core4/4.1.0-incubating/htrace-core4-4.1.0-incubating.jar:/home/user/.m2/repository/org/apache/zookeeper/zookeeper/3.4.13/zookeeper-3.4.13.jar:/home/user/.m2/repository/org/apache/yetus/audience-annotations/0.5.0/audience-annotations-0.5.0.jar:/home/user/.m2/repository/org/codehaus/woodstox/stax2-api/3.1.4/stax2-api-3.1.4.jar:/home/user/.m2/repository/com/fasterxml/woodstox/woodstox-core/5.0.3/woodstox-core-5.0.3.jar:/home/user/.m2/repository/dnsjava/dnsjava/2.1.7/dnsjava-2.1.7.jar:/home/user/.m2/repository/org/apache/hadoop/hadoop-hdfs/3.2.0/hadoop-hdfs-3.2.0-tests.jar:/home/user/.m2/repository/org/eclipse/jetty/jetty-util-ajax/9.3.24.v20180605/jetty-util-ajax-9.3.24.v20180605.jar:/home/user/.m2/repository/commons-daemon/commons-daemon/1.0.13/commons-daemon-1.0.13.jar:/home/user/.m2/repository/io/netty/netty/3.10.5.Final/netty-3.10.5.Final.jar:/home/user/.m2/repository/io/netty/netty-all/4.0.52.Final/netty-all-4.0.52.Final.jar:/home/user/.m2/repository/org/fusesource/leveldbjni/leveldbjni-all/1.8/leveldbjni-all-1.8.jar:"/>
    <property name="java.vm.vendor" value="IcedTea"/>
    <property name="sun.arch.data.model" value="64"/>
    <property name="test.build.dir" value="/workdir/hadoop-ozone/integration-test/target/test-dir"/>
    <property name="test.cache.data" value=""/>
    <property name="java.vendor.url" value="https://icedtea.classpath.org"/>
    <property name="user.timezone" value=""/>
    <property name="java.vm.specification.version" value="1.8"/>
    <property name="os.name" value="Linux"/>
    <property name="test.build.data" value="/workdir/hadoop-ozone/integration-test/target/test-dir"/>
    <property name="user.country" value="US"/>
    <property name="sun.java.launcher" value="SUN_STANDARD"/>
    <property name="sun.boot.library.path" value="/usr/lib/jvm/java-1.8-openjdk/jre/lib/amd64"/>
    <property name="sun.java.command" value="/workdir/hadoop-ozone/integration-test/target/surefire/surefirebooter4309335722718684216.jar /workdir/hadoop-ozone/integration-test/target/surefire 2019-09-04T12-38-23_501-jvmRun1 surefire7556495010587573775tmp surefire_381766295184505712949tmp"/>
    <property name="test" value="!TestMiniChaosOzoneCluster"/>
    <property name="surefire.test.class.path" value="/workdir/hadoop-ozone/integration-test/target/test-classes:/workdir/hadoop-ozone/integration-test/target/classes:/home/user/.m2/repository/org/apache/hadoop/hadoop-ozone-common/0.5.0-SNAPSHOT/hadoop-ozone-common-0.5.0-SNAPSHOT.jar:/home/user/.m2/repository/org/apache/commons/commons-compress/1.4.1/commons-compress-1.4.1.jar:/home/user/.m2/repository/org/tukaani/xz/1.0/xz-1.0.jar:/home/user/.m2/repository/org/apache/hadoop/hadoop-common/3.2.0/hadoop-common-3.2.0.jar:/home/user/.m2/repository/org/apache/hadoop/hadoop-hdfs/3.2.0/hadoop-hdfs-3.2.0.jar:/home/user/.m2/repository/org/apache/hadoop/hadoop-hdfs-client/3.2.0/hadoop-hdfs-client-3.2.0.jar:/home/user/.m2/repository/com/fasterxml/jackson/core/jackson-annotations/2.9.5/jackson-annotations-2.9.5.jar:/home/user/.m2/repository/org/apache/hadoop/hadoop-hdds-common/0.5.0-SNAPSHOT/hadoop-hdds-common-0.5.0-SNAPSHOT.jar:/home/user/.m2/repository/javax/annotation/javax.annotation-api/1.2/javax.annotation-api-1.2.jar:/home/user/.m2/repository/org/apache/ratis/ratis-server/0.4.0-2337318-SNAPSHOT/ratis-server-0.4.0-2337318-SNAPSHOT.jar:/home/user/.m2/repository/org/apache/ratis/ratis-thirdparty-misc/0.2.0/ratis-thirdparty-misc-0.2.0.jar:/home/user/.m2/repository/org/apache/ratis/ratis-proto/0.4.0-2337318-SNAPSHOT/ratis-proto-0.4.0-2337318-SNAPSHOT.jar:/home/user/.m2/repository/org/apache/ratis/ratis-common/0.4.0-2337318-SNAPSHOT/ratis-common-0.4.0-2337318-SNAPSHOT.jar:/home/user/.m2/repository/org/apache/ratis/ratis-client/0.4.0-2337318-SNAPSHOT/ratis-client-0.4.0-2337318-SNAPSHOT.jar:/home/user/.m2/repository/org/apache/ratis/ratis-metrics/0.4.0-2337318-SNAPSHOT/ratis-metrics-0.4.0-2337318-SNAPSHOT.jar:/home/user/.m2/repository/org/apache/ratis/ratis-netty/0.4.0-2337318-SNAPSHOT/ratis-netty-0.4.0-2337318-SNAPSHOT.jar:/home/user/.m2/repository/org/apache/ratis/ratis-grpc/0.4.0-2337318-SNAPSHOT/ratis-grpc-0.4.0-2337318-SNAPSHOT.jar:/home/user/.m2/repository/org/rocksdb/rocksdbjni/6.0.1/rocksdbjni-6.0.1.jar:/home/user/.m2/repository/org/apache/logging/log4j/log4j-api/2.11.0/log4j-api-2.11.0.jar:/home/user/.m2/repository/org/apache/logging/log4j/log4j-core/2.11.0/log4j-core-2.11.0.jar:/home/user/.m2/repository/com/lmax/disruptor/3.4.2/disruptor-3.4.2.jar:/home/user/.m2/repository/org/apache/commons/commons-pool2/2.6.0/commons-pool2-2.6.0.jar:/home/user/.m2/repository/org/bouncycastle/bcpkix-jdk15on/1.60/bcpkix-jdk15on-1.60.jar:/home/user/.m2/repository/commons-validator/commons-validator/1.6/commons-validator-1.6.jar:/home/user/.m2/repository/commons-digester/commons-digester/1.8.1/commons-digester-1.8.1.jar:/home/user/.m2/repository/io/jaegertracing/jaeger-client/0.33.1/jaeger-client-0.33.1.jar:/home/user/.m2/repository/io/jaegertracing/jaeger-thrift/0.33.1/jaeger-thrift-0.33.1.jar:/home/user/.m2/repository/org/apache/thrift/libthrift/0.11.0/libthrift-0.11.0.jar:/home/user/.m2/repository/com/squareup/okhttp3/okhttp/3.9.0/okhttp-3.9.0.jar:/home/user/.m2/repository/com/squareup/okio/okio/1.13.0/okio-1.13.0.jar:/home/user/.m2/repository/io/jaegertracing/jaeger-core/0.33.1/jaeger-core-0.33.1.jar:/home/user/.m2/repository/io/jaegertracing/jaeger-tracerresolver/0.33.1/jaeger-tracerresolver-0.33.1.jar:/home/user/.m2/repository/io/opentracing/contrib/opentracing-tracerresolver/0.1.5/opentracing-tracerresolver-0.1.5.jar:/home/user/.m2/repository/io/opentracing/opentracing-util/0.31.0/opentracing-util-0.31.0.jar:/home/user/.m2/repository/io/opentracing/opentracing-api/0.31.0/opentracing-api-0.31.0.jar:/home/user/.m2/repository/io/opentracing/opentracing-noop/0.31.0/opentracing-noop-0.31.0.jar:/home/user/.m2/repository/org/apache/hadoop/hadoop-hdds-server-framework/0.5.0-SNAPSHOT/hadoop-hdds-server-framework-0.5.0-SNAPSHOT.jar:/home/user/.m2/repository/org/apache/hadoop/hadoop-hdds-container-service/0.5.0-SNAPSHOT/hadoop-hdds-container-service-0.5.0-SNAPSHOT.jar:/home/user/.m2/repository/org/apache/hadoop/hadoop-hdds-client/0.5.0-SNAPSHOT/hadoop-hdds-client-0.5.0-SNAPSHOT.jar:/home/user/.m2/repository/org/apache/hadoop/hadoop-hdds-tools/0.5.0-SNAPSHOT/hadoop-hdds-tools-0.5.0-SNAPSHOT.jar:/home/user/.m2/repository/org/apache/hadoop/hadoop-hdds-server-scm/0.5.0-SNAPSHOT/hadoop-hdds-server-scm-0.5.0-SNAPSHOT.jar:/home/user/.m2/repository/org/apache/hadoop/hadoop-hdds-docs/0.5.0-SNAPSHOT/hadoop-hdds-docs-0.5.0-SNAPSHOT.jar:/home/user/.m2/repository/io/dropwizard/metrics/metrics-core/3.2.4/metrics-core-3.2.4.jar:/home/user/.m2/repository/org/hamcrest/hamcrest-all/1.3/hamcrest-all-1.3.jar:/home/user/.m2/repository/org/bouncycastle/bcprov-jdk15on/1.60/bcprov-jdk15on-1.60.jar:/home/user/.m2/repository/info/picocli/picocli/3.9.6/picocli-3.9.6.jar:/home/user/.m2/repository/com/google/protobuf/protobuf-java/2.5.0/protobuf-java-2.5.0.jar:/home/user/.m2/repository/com/google/guava/guava/11.0.2/guava-11.0.2.jar:/home/user/.m2/repository/org/apache/hadoop/hadoop-ozone-ozone-manager/0.5.0-SNAPSHOT/hadoop-ozone-ozone-manager-0.5.0-SNAPSHOT.jar:/home/user/.m2/repository/org/apache/hadoop/hadoop-minikdc/3.2.0/hadoop-minikdc-3.2.0.jar:/home/user/.m2/repository/commons-io/commons-io/2.5/commons-io-2.5.jar:/home/user/.m2/repository/org/apache/kerby/kerb-simplekdc/1.0.1/kerb-simplekdc-1.0.1.jar:/home/user/.m2/repository/org/apache/kerby/kerb-client/1.0.1/kerb-client-1.0.1.jar:/home/user/.m2/repository/org/apache/kerby/kerby-config/1.0.1/kerby-config-1.0.1.jar:/home/user/.m2/repository/org/apache/kerby/kerb-core/1.0.1/kerb-core-1.0.1.jar:/home/user/.m2/repository/org/apache/kerby/kerby-pkix/1.0.1/kerby-pkix-1.0.1.jar:/home/user/.m2/repository/org/apache/kerby/kerby-asn1/1.0.1/kerby-asn1-1.0.1.jar:/home/user/.m2/repository/org/apache/kerby/kerby-util/1.0.1/kerby-util-1.0.1.jar:/home/user/.m2/repository/org/apache/kerby/kerb-common/1.0.1/kerb-common-1.0.1.jar:/home/user/.m2/repository/org/apache/kerby/kerb-crypto/1.0.1/kerb-crypto-1.0.1.jar:/home/user/.m2/repository/org/apache/kerby/kerb-util/1.0.1/kerb-util-1.0.1.jar:/home/user/.m2/repository/org/apache/kerby/token-provider/1.0.1/token-provider-1.0.1.jar:/home/user/.m2/repository/org/apache/kerby/kerb-admin/1.0.1/kerb-admin-1.0.1.jar:/home/user/.m2/repository/org/apache/kerby/kerb-server/1.0.1/kerb-server-1.0.1.jar:/home/user/.m2/repository/org/apache/kerby/kerb-identity/1.0.1/kerb-identity-1.0.1.jar:/home/user/.m2/repository/org/apache/kerby/kerby-xdr/1.0.1/kerby-xdr-1.0.1.jar:/home/user/.m2/repository/org/slf4j/slf4j-log4j12/1.7.25/slf4j-log4j12-1.7.25.jar:/home/user/.m2/repository/org/apache/hadoop/hadoop-ozone-s3gateway/0.5.0-SNAPSHOT/hadoop-ozone-s3gateway-0.5.0-SNAPSHOT.jar:/home/user/.m2/repository/org/jboss/weld/servlet/weld-servlet/2.4.7.Final/weld-servlet-2.4.7.Final.jar:/home/user/.m2/repository/org/glassfish/jersey/containers/jersey-container-servlet-core/2.27/jersey-container-servlet-core-2.27.jar:/home/user/.m2/repository/org/glassfish/hk2/external/javax.inject/2.5.0-b42/javax.inject-2.5.0-b42.jar:/home/user/.m2/repository/org/glassfish/jersey/core/jersey-common/2.27/jersey-common-2.27.jar:/home/user/.m2/repository/org/glassfish/hk2/osgi-resource-locator/1.0.1/osgi-resource-locator-1.0.1.jar:/home/user/.m2/repository/javax/ws/rs/javax.ws.rs-api/2.1/javax.ws.rs-api-2.1.jar:/home/user/.m2/repository/org/glassfish/jersey/ext/cdi/jersey-cdi1x/2.27/jersey-cdi1x-2.27.jar:/home/user/.m2/repository/org/glassfish/jersey/inject/jersey-hk2/2.27/jersey-hk2-2.27.jar:/home/user/.m2/repository/org/glassfish/hk2/hk2-locator/2.5.0-b42/hk2-locator-2.5.0-b42.jar:/home/user/.m2/repository/org/javassist/javassist/3.22.0-CR2/javassist-3.22.0-CR2.jar:/home/user/.m2/repository/org/glassfish/hk2/hk2-api/2.5.0/hk2-api-2.5.0.jar:/home/user/.m2/repository/org/glassfish/hk2/external/jakarta.inject/2.5.0/jakarta.inject-2.5.0.jar:/home/user/.m2/repository/org/glassfish/hk2/hk2-utils/2.5.0/hk2-utils-2.5.0.jar:/home/user/.m2/repository/jakarta/annotation/jakarta.annotation-api/1.3.4/jakarta.annotation-api-1.3.4.jar:/home/user/.m2/repository/org/glassfish/hk2/external/aopalliance-repackaged/2.5.0/aopalliance-repackaged-2.5.0.jar:/home/user/.m2/repository/com/fasterxml/jackson/dataformat/jackson-dataformat-xml/2.9.0/jackson-dataformat-xml-2.9.0.jar:/home/user/.m2/repository/com/fasterxml/jackson/core/jackson-core/2.9.5/jackson-core-2.9.5.jar:/home/user/.m2/repository/com/fasterxml/jackson/module/jackson-module-jaxb-annotations/2.9.5/jackson-module-jaxb-annotations-2.9.5.jar:/home/user/.m2/repository/javax/enterprise/cdi-api/1.2/cdi-api-1.2.jar:/home/user/.m2/repository/javax/el/javax.el-api/3.0.0/javax.el-api-3.0.0.jar:/home/user/.m2/repository/javax/interceptor/javax.interceptor-api/1.2/javax.interceptor-api-1.2.jar:/home/user/.m2/repository/javax/inject/javax.inject/1/javax.inject-1.jar:/home/user/.m2/repository/com/sun/xml/bind/jaxb-impl/2.3.0.1/jaxb-impl-2.3.0.1.jar:/home/user/.m2/repository/com/sun/xml/bind/jaxb-core/2.3.0.1/jaxb-core-2.3.0.1.jar:/home/user/.m2/repository/javax/xml/bind/jaxb-api/2.3.0/jaxb-api-2.3.0.jar:/home/user/.m2/repository/javax/activation/activation/1.1.1/activation-1.1.1.jar:/home/user/.m2/repository/org/apache/hadoop/hadoop-ozone-csi/0.5.0-SNAPSHOT/hadoop-ozone-csi-0.5.0-SNAPSHOT.jar:/home/user/.m2/repository/com/google/protobuf/protobuf-java-util/3.5.1/protobuf-java-util-3.5.1.jar:/home/user/.m2/repository/org/apache/hadoop/hadoop-hdds-config/0.5.0-SNAPSHOT/hadoop-hdds-config-0.5.0-SNAPSHOT.jar:/home/user/.m2/repository/io/grpc/grpc-netty/1.17.1/grpc-netty-1.17.1.jar:/home/user/.m2/repository/io/grpc/grpc-core/1.17.1/grpc-core-1.17.1.jar:/home/user/.m2/repository/io/grpc/grpc-context/1.17.1/grpc-context-1.17.1.jar:/home/user/.m2/repository/com/google/errorprone/error_prone_annotations/2.2.0/error_prone_annotations-2.2.0.jar:/home/user/.m2/repository/org/codehaus/mojo/animal-sniffer-annotations/1.17/animal-sniffer-annotations-1.17.jar:/home/user/.m2/repository/io/opencensus/opencensus-api/0.17.0/opencensus-api-0.17.0.jar:/home/user/.m2/repository/io/opencensus/opencensus-contrib-grpc-metrics/0.17.0/opencensus-contrib-grpc-metrics-0.17.0.jar:/home/user/.m2/repository/io/netty/netty-codec-http2/4.1.30.Final/netty-codec-http2-4.1.30.Final.jar:/home/user/.m2/repository/io/netty/netty-codec-http/4.1.30.Final/netty-codec-http-4.1.30.Final.jar:/home/user/.m2/repository/io/netty/netty-codec/4.1.30.Final/netty-codec-4.1.30.Final.jar:/home/user/.m2/repository/io/netty/netty-handler/4.1.30.Final/netty-handler-4.1.30.Final.jar:/home/user/.m2/repository/io/netty/netty-handler-proxy/4.1.30.Final/netty-handler-proxy-4.1.30.Final.jar:/home/user/.m2/repository/io/netty/netty-codec-socks/4.1.30.Final/netty-codec-socks-4.1.30.Final.jar:/home/user/.m2/repository/io/netty/netty-transport-native-epoll/4.1.30.Final/netty-transport-native-epoll-4.1.30.Final.jar:/home/user/.m2/repository/io/netty/netty-common/4.1.30.Final/netty-common-4.1.30.Final.jar:/home/user/.m2/repository/io/netty/netty-buffer/4.1.30.Final/netty-buffer-4.1.30.Final.jar:/home/user/.m2/repository/io/netty/netty-transport/4.1.30.Final/netty-transport-4.1.30.Final.jar:/home/user/.m2/repository/io/netty/netty-resolver/4.1.30.Final/netty-resolver-4.1.30.Final.jar:/home/user/.m2/repository/io/netty/netty-transport-native-unix-common/4.1.30.Final/netty-transport-native-unix-common-4.1.30.Final.jar:/home/user/.m2/repository/io/grpc/grpc-protobuf/1.17.1/grpc-protobuf-1.17.1.jar:/home/user/.m2/repository/com/google/api/grpc/proto-google-common-protos/1.0.0/proto-google-common-protos-1.0.0.jar:/home/user/.m2/repository/io/grpc/grpc-protobuf-lite/1.17.1/grpc-protobuf-lite-1.17.1.jar:/home/user/.m2/repository/io/grpc/grpc-stub/1.17.1/grpc-stub-1.17.1.jar:/home/user/.m2/repository/org/apache/hadoop/hadoop-ozone-recon/0.5.0-SNAPSHOT/hadoop-ozone-recon-0.5.0-SNAPSHOT.jar:/home/user/.m2/repository/org/apache/hadoop/hadoop-ozone-reconcodegen/0.5.0-SNAPSHOT/hadoop-ozone-reconcodegen-0.5.0-SNAPSHOT.jar:/home/user/.m2/repository/com/google/inject/extensions/guice-multibindings/4.0/guice-multibindings-4.0.jar:/home/user/.m2/repository/com/google/inject/guice/4.0/guice-4.0.jar:/home/user/.m2/repository/aopalliance/aopalliance/1.0/aopalliance-1.0.jar:/home/user/.m2/repository/com/google/inject/extensions/guice-servlet/4.0/guice-servlet-4.0.jar:/home/user/.m2/repository/org/glassfish/jersey/containers/jersey-container-servlet/2.27/jersey-container-servlet-2.27.jar:/home/user/.m2/repository/org/glassfish/hk2/guice-bridge/2.5.0/guice-bridge-2.5.0.jar:/home/user/.m2/repository/org/glassfish/jersey/core/jersey-server/2.27/jersey-server-2.27.jar:/home/user/.m2/repository/org/glassfish/jersey/core/jersey-client/2.27/jersey-client-2.27.jar:/home/user/.m2/repository/org/glassfish/jersey/media/jersey-media-jaxb/2.27/jersey-media-jaxb-2.27.jar:/home/user/.m2/repository/javax/validation/validation-api/1.1.0.Final/validation-api-1.1.0.Final.jar:/home/user/.m2/repository/org/glassfish/jersey/media/jersey-media-json-jackson/2.27/jersey-media-json-jackson-2.27.jar:/home/user/.m2/repository/org/glassfish/jersey/ext/jersey-entity-filtering/2.27/jersey-entity-filtering-2.27.jar:/home/user/.m2/repository/com/google/inject/extensions/guice-assistedinject/4.0/guice-assistedinject-4.0.jar:/home/user/.m2/repository/org/jooq/jooq/3.11.10/jooq-3.11.10.jar:/home/user/.m2/repository/org/jooq/jooq-meta/3.11.10/jooq-meta-3.11.10.jar:/home/user/.m2/repository/org/jooq/jooq-codegen/3.11.10/jooq-codegen-3.11.10.jar:/home/user/.m2/repository/com/jolbox/bonecp/0.8.0.RELEASE/bonecp-0.8.0.RELEASE.jar:/home/user/.m2/repository/org/xerial/sqlite-jdbc/3.25.2/sqlite-jdbc-3.25.2.jar:/home/user/.m2/repository/org/springframework/spring-jdbc/5.1.3.RELEASE/spring-jdbc-5.1.3.RELEASE.jar:/home/user/.m2/repository/org/springframework/spring-beans/5.1.3.RELEASE/spring-beans-5.1.3.RELEASE.jar:/home/user/.m2/repository/org/springframework/spring-core/5.1.3.RELEASE/spring-core-5.1.3.RELEASE.jar:/home/user/.m2/repository/org/springframework/spring-jcl/5.1.3.RELEASE/spring-jcl-5.1.3.RELEASE.jar:/home/user/.m2/repository/org/springframework/spring-tx/5.1.3.RELEASE/spring-tx-5.1.3.RELEASE.jar:/home/user/.m2/repository/org/apache/hadoop/hadoop-ozone-client/0.5.0-SNAPSHOT/hadoop-ozone-client-0.5.0-SNAPSHOT.jar:/home/user/.m2/repository/commons-lang/commons-lang/2.6/commons-lang-2.6.jar:/home/user/.m2/repository/org/apache/hadoop/hadoop-ozone-ozone-manager/0.5.0-SNAPSHOT/hadoop-ozone-ozone-manager-0.5.0-SNAPSHOT-tests.jar:/home/user/.m2/repository/junit/junit/4.11/junit-4.11.jar:/home/user/.m2/repository/org/hamcrest/hamcrest-core/1.3/hamcrest-core-1.3.jar:/home/user/.m2/repository/org/openjdk/jmh/jmh-core/1.19/jmh-core-1.19.jar:/home/user/.m2/repository/net/sf/jopt-simple/jopt-simple/4.6/jopt-simple-4.6.jar:/home/user/.m2/repository/org/apache/commons/commons-math3/3.1.1/commons-math3-3.1.1.jar:/home/user/.m2/repository/org/openjdk/jmh/jmh-generator-annprocess/1.19/jmh-generator-annprocess-1.19.jar:/home/user/.m2/repository/org/mockito/mockito-all/1.8.5/mockito-all-1.8.5.jar:/home/user/.m2/repository/org/apache/hadoop/hadoop-kms/3.2.0/hadoop-kms-3.2.0.jar:/home/user/.m2/repository/org/apache/hadoop/hadoop-auth/3.2.0/hadoop-auth-3.2.0.jar:/home/user/.m2/repository/com/nimbusds/nimbus-jose-jwt/4.41.1/nimbus-jose-jwt-4.41.1.jar:/home/user/.m2/repository/com/github/stephenc/jcip/jcip-annotations/1.0-1/jcip-annotations-1.0-1.jar:/home/user/.m2/repository/net/minidev/json-smart/2.3/json-smart-2.3.jar:/home/user/.m2/repository/net/minidev/accessors-smart/1.2/accessors-smart-1.2.jar:/home/user/.m2/repository/org/ow2/asm/asm/5.0.4/asm-5.0.4.jar:/home/user/.m2/repository/org/apache/curator/curator-framework/2.12.0/curator-framework-2.12.0.jar:/home/user/.m2/repository/com/sun/jersey/jersey-core/1.19/jersey-core-1.19.jar:/home/user/.m2/repository/javax/ws/rs/jsr311-api/1.1.1/jsr311-api-1.1.1.jar:/home/user/.m2/repository/com/sun/jersey/jersey-server/1.19/jersey-server-1.19.jar:/home/user/.m2/repository/javax/servlet/javax.servlet-api/3.1.0/javax.servlet-api-3.1.0.jar:/home/user/.m2/repository/org/eclipse/jetty/jetty-server/9.3.24.v20180605/jetty-server-9.3.24.v20180605.jar:/home/user/.m2/repository/org/eclipse/jetty/jetty-http/9.3.24.v20180605/jetty-http-9.3.24.v20180605.jar:/home/user/.m2/repository/org/eclipse/jetty/jetty-io/9.3.24.v20180605/jetty-io-9.3.24.v20180605.jar:/home/user/.m2/repository/org/eclipse/jetty/jetty-webapp/9.3.24.v20180605/jetty-webapp-9.3.24.v20180605.jar:/home/user/.m2/repository/org/eclipse/jetty/jetty-xml/9.3.24.v20180605/jetty-xml-9.3.24.v20180605.jar:/home/user/.m2/repository/log4j/log4j/1.2.17/log4j-1.2.17.jar:/home/user/.m2/repository/org/slf4j/slf4j-api/1.7.25/slf4j-api-1.7.25.jar:/home/user/.m2/repository/org/slf4j/jul-to-slf4j/1.7.25/jul-to-slf4j-1.7.25.jar:/home/user/.m2/repository/org/eclipse/jetty/jetty-util/9.3.24.v20180605/jetty-util-9.3.24.v20180605.jar:/home/user/.m2/repository/com/fasterxml/jackson/core/jackson-databind/2.9.5/jackson-databind-2.9.5.jar:/home/user/.m2/repository/org/apache/hadoop/hadoop-kms/3.2.0/hadoop-kms-3.2.0-tests.jar:/home/user/.m2/repository/org/apache/hadoop/hadoop-hdds-server-scm/0.5.0-SNAPSHOT/hadoop-hdds-server-scm-0.5.0-SNAPSHOT-tests.jar:/home/user/.m2/repository/org/apache/hadoop/hadoop-hdds-container-service/0.5.0-SNAPSHOT/hadoop-hdds-container-service-0.5.0-SNAPSHOT-tests.jar:/home/user/.m2/repository/org/yaml/snakeyaml/1.16/snakeyaml-1.16.jar:/home/user/.m2/repository/org/apache/hadoop/hadoop-common/3.2.0/hadoop-common-3.2.0-tests.jar:/home/user/.m2/repository/org/apache/hadoop/hadoop-annotations/3.2.0/hadoop-annotations-3.2.0.jar:/usr/lib/jvm/java-1.8-openjdk/jre/../lib/tools.jar:/home/user/.m2/repository/commons-cli/commons-cli/1.2/commons-cli-1.2.jar:/home/user/.m2/repository/org/apache/httpcomponents/httpclient/4.5.2/httpclient-4.5.2.jar:/home/user/.m2/repository/org/apache/httpcomponents/httpcore/4.4.4/httpcore-4.4.4.jar:/home/user/.m2/repository/commons-codec/commons-codec/1.11/commons-codec-1.11.jar:/home/user/.m2/repository/commons-net/commons-net/3.6/commons-net-3.6.jar:/home/user/.m2/repository/commons-collections/commons-collections/3.2.2/commons-collections-3.2.2.jar:/home/user/.m2/repository/org/eclipse/jetty/jetty-servlet/9.3.24.v20180605/jetty-servlet-9.3.24.v20180605.jar:/home/user/.m2/repository/org/eclipse/jetty/jetty-security/9.3.24.v20180605/jetty-security-9.3.24.v20180605.jar:/home/user/.m2/repository/javax/servlet/jsp/jsp-api/2.1/jsp-api-2.1.jar:/home/user/.m2/repository/com/sun/jersey/jersey-servlet/1.19/jersey-servlet-1.19.jar:/home/user/.m2/repository/com/sun/jersey/jersey-json/1.19/jersey-json-1.19.jar:/home/user/.m2/repository/org/codehaus/jettison/jettison/1.1/jettison-1.1.jar:/home/user/.m2/repository/org/codehaus/jackson/jackson-core-asl/1.9.13/jackson-core-asl-1.9.13.jar:/home/user/.m2/repository/org/codehaus/jackson/jackson-mapper-asl/1.9.13/jackson-mapper-asl-1.9.13.jar:/home/user/.m2/repository/org/codehaus/jackson/jackson-jaxrs/1.9.13/jackson-jaxrs-1.9.13.jar:/home/user/.m2/repository/org/codehaus/jackson/jackson-xc/1.9.13/jackson-xc-1.9.13.jar:/home/user/.m2/repository/commons-logging/commons-logging/1.1.3/commons-logging-1.1.3.jar:/home/user/.m2/repository/commons-beanutils/commons-beanutils/1.9.3/commons-beanutils-1.9.3.jar:/home/user/.m2/repository/org/apache/commons/commons-configuration2/2.1.1/commons-configuration2-2.1.1.jar:/home/user/.m2/repository/org/apache/commons/commons-lang3/3.7/commons-lang3-3.7.jar:/home/user/.m2/repository/org/apache/commons/commons-text/1.4/commons-text-1.4.jar:/home/user/.m2/repository/org/apache/avro/avro/1.7.7/avro-1.7.7.jar:/home/user/.m2/repository/com/thoughtworks/paranamer/paranamer/2.3/paranamer-2.3.jar:/home/user/.m2/repository/org/xerial/snappy/snappy-java/1.0.5/snappy-java-1.0.5.jar:/home/user/.m2/repository/com/google/re2j/re2j/1.1/re2j-1.1.jar:/home/user/.m2/repository/com/google/code/gson/gson/2.2.4/gson-2.2.4.jar:/home/user/.m2/repository/com/jcraft/jsch/0.1.54/jsch-0.1.54.jar:/home/user/.m2/repository/org/apache/curator/curator-client/2.12.0/curator-client-2.12.0.jar:/home/user/.m2/repository/org/apache/curator/curator-recipes/2.12.0/curator-recipes-2.12.0.jar:/home/user/.m2/repository/com/google/code/findbugs/jsr305/3.0.0/jsr305-3.0.0.jar:/home/user/.m2/repository/org/apache/htrace/htrace-core4/4.1.0-incubating/htrace-core4-4.1.0-incubating.jar:/home/user/.m2/repository/org/apache/zookeeper/zookeeper/3.4.13/zookeeper-3.4.13.jar:/home/user/.m2/repository/org/apache/yetus/audience-annotations/0.5.0/audience-annotations-0.5.0.jar:/home/user/.m2/repository/org/codehaus/woodstox/stax2-api/3.1.4/stax2-api-3.1.4.jar:/home/user/.m2/repository/com/fasterxml/woodstox/woodstox-core/5.0.3/woodstox-core-5.0.3.jar:/home/user/.m2/repository/dnsjava/dnsjava/2.1.7/dnsjava-2.1.7.jar:/home/user/.m2/repository/org/apache/hadoop/hadoop-hdfs/3.2.0/hadoop-hdfs-3.2.0-tests.jar:/home/user/.m2/repository/org/eclipse/jetty/jetty-util-ajax/9.3.24.v20180605/jetty-util-ajax-9.3.24.v20180605.jar:/home/user/.m2/repository/commons-daemon/commons-daemon/1.0.13/commons-daemon-1.0.13.jar:/home/user/.m2/repository/io/netty/netty/3.10.5.Final/netty-3.10.5.Final.jar:/home/user/.m2/repository/io/netty/netty-all/4.0.52.Final/netty-all-4.0.52.Final.jar:/home/user/.m2/repository/org/fusesource/leveldbjni/leveldbjni-all/1.8/leveldbjni-all-1.8.jar:"/>
    <property name="sun.cpu.endian" value="little"/>
    <property name="user.home" value="/home/user"/>
    <property name="user.language" value="en"/>
    <property name="java.specification.vendor" value="Oracle Corporation"/>
    <property name="java.home" value="/usr/lib/jvm/java-1.8-openjdk/jre"/>
    <property name="java.security.krb5.conf" value="/workdir/hadoop-ozone/integration-test/target/test-classes/krb5.conf"/>
    <property name="basedir" value="/workdir/hadoop-ozone/integration-test"/>
    <property name="file.separator" value="/"/>
    <property name="line.separator" value="&#10;"/>
    <property name="java.vm.specification.vendor" value="Oracle Corporation"/>
    <property name="java.specification.name" value="Java Platform API Specification"/>
    <property name="java.awt.graphicsenv" value="sun.awt.X11GraphicsEnvironment"/>
    <property name="surefire.real.class.path" value="/workdir/hadoop-ozone/integration-test/target/surefire/surefirebooter4309335722718684216.jar"/>
    <property name="hadoop.log.dir" value="/workdir/hadoop-ozone/integration-test/target/log"/>
    <property name="sun.boot.class.path" value="/usr/lib/jvm/java-1.8-openjdk/jre/lib/resources.jar:/usr/lib/jvm/java-1.8-openjdk/jre/lib/rt.jar:/usr/lib/jvm/java-1.8-openjdk/jre/lib/sunrsasign.jar:/usr/lib/jvm/java-1.8-openjdk/jre/lib/jsse.jar:/usr/lib/jvm/java-1.8-openjdk/jre/lib/jce.jar:/usr/lib/jvm/java-1.8-openjdk/jre/lib/charsets.jar:/usr/lib/jvm/java-1.8-openjdk/jre/lib/jfr.jar:/usr/lib/jvm/java-1.8-openjdk/jre/classes"/>
    <property name="sun.management.compiler" value="HotSpot 64-Bit Tiered Compilers"/>
    <property name="java.runtime.version" value="1.8.0_212-b04"/>
    <property name="java.net.preferIPv4Stack" value="true"/>
    <property name="user.name" value="jenkins1000"/>
    <property name="path.separator" value=":"/>
    <property name="java.security.egd" value="file:///dev/urandom"/>
    <property name="os.version" value="3.10.0-957.12.2.el7.x86_64"/>
    <property name="java.endorsed.dirs" value="/usr/lib/jvm/java-1.8-openjdk/jre/lib/endorsed"/>
    <property name="java.runtime.name" value="OpenJDK Runtime Environment"/>
    <property name="file.encoding" value="UTF-8"/>
    <property name="java.vm.name" value="OpenJDK 64-Bit Server VM"/>
    <property name="test.build.webapps" value=""/>
    <property name="localRepository" value="/home/user/.m2/repository"/>
    <property name="java.vendor.url.bug" value="https://icedtea.classpath.org/bugzilla"/>
    <property name="java.io.tmpdir" value="/tmp"/>
    <property name="require.test.libhadoop" value=""/>
    <property name="java.version" value="1.8.0_212"/>
    <property name="user.dir" value="/workdir/hadoop-ozone/integration-test"/>
    <property name="os.arch" value="amd64"/>
    <property name="java.vm.specification.name" value="Java Virtual Machine Specification"/>
    <property name="test.build.classes" value="/workdir/hadoop-ozone/integration-test/target/test-classes"/>
    <property name="java.awt.printerjob" value="sun.print.PSPrinterJob"/>
    <property name="sun.os.patch.level" value="unknown"/>
    <property name="hadoop.tmp.dir" value="/workdir/hadoop-ozone/integration-test/target/tmp"/>
    <property name="java.library.path" value="/usr/lib/jvm/java-1.8-openjdk/jre/lib/amd64/server:/usr/lib/jvm/java-1.8-openjdk/jre/lib/amd64:/usr/lib/jvm/java-1.8-openjdk/jre/../lib/amd64:/workdir/hadoop-ozone/integration-test/target/native/target/usr/local/lib:/workdir/hadoop-ozone/integration-test/../../hadoop-common-project/hadoop-common/target/native/target/usr/local/lib:/usr/java/packages/lib/amd64:/usr/lib64:/lib64:/lib:/usr/lib"/>
    <property name="java.vm.info" value="mixed mode"/>
    <property name="java.vendor" value="IcedTea"/>
    <property name="java.vm.version" value="25.212-b04"/>
    <property name="java.ext.dirs" value="/usr/lib/jvm/java-1.8-openjdk/jre/lib/ext:/usr/java/packages/lib/ext"/>
    <property name="sun.io.unicode.encoding" value="UnicodeLittle"/>
    <property name="java.class.version" value="52.0"/>
  </properties>
  <testcase name="test2DatanodesFailure" classname="org.apache.hadoop.ozone.client.rpc.TestBlockOutputStreamWithFailures" time="42.127">
    <failure message="expected:&lt;5&gt; but was:&lt;6&gt;" type="java.lang.AssertionError"><![CDATA[java.lang.AssertionError: expected:<5> but was:<6>
	at org.junit.Assert.fail(Assert.java:88)
	at org.junit.Assert.failNotEquals(Assert.java:743)
	at org.junit.Assert.assertEquals(Assert.java:118)
	at org.junit.Assert.assertEquals(Assert.java:555)
	at org.junit.Assert.assertEquals(Assert.java:542)
	at org.apache.hadoop.ozone.client.rpc.TestBlockOutputStreamWithFailures.test2DatanodesFailure(TestBlockOutputStreamWithFailures.java:467)
	at sun.reflect.NativeMethodAccessorImpl.invoke0(Native Method)
	at sun.reflect.NativeMethodAccessorImpl.invoke(NativeMethodAccessorImpl.java:62)
	at sun.reflect.DelegatingMethodAccessorImpl.invoke(DelegatingMethodAccessorImpl.java:43)
	at java.lang.reflect.Method.invoke(Method.java:498)
	at org.junit.runners.model.FrameworkMethod$1.runReflectiveCall(FrameworkMethod.java:47)
	at org.junit.internal.runners.model.ReflectiveCallable.run(ReflectiveCallable.java:12)
	at org.junit.runners.model.FrameworkMethod.invokeExplosively(FrameworkMethod.java:44)
	at org.junit.internal.runners.statements.InvokeMethod.evaluate(InvokeMethod.java:17)
	at org.junit.internal.runners.statements.RunBefores.evaluate(RunBefores.java:26)
	at org.junit.internal.runners.statements.RunAfters.evaluate(RunAfters.java:27)
	at org.junit.runners.ParentRunner.runLeaf(ParentRunner.java:271)
	at org.junit.runners.BlockJUnit4ClassRunner.runChild(BlockJUnit4ClassRunner.java:70)
	at org.junit.runners.BlockJUnit4ClassRunner.runChild(BlockJUnit4ClassRunner.java:50)
	at org.junit.runners.ParentRunner$3.run(ParentRunner.java:238)
	at org.junit.runners.ParentRunner$1.schedule(ParentRunner.java:63)
	at org.junit.runners.ParentRunner.runChildren(ParentRunner.java:236)
	at org.junit.runners.ParentRunner.access$000(ParentRunner.java:53)
	at org.junit.runners.ParentRunner$2.evaluate(ParentRunner.java:229)
	at org.junit.runners.ParentRunner.run(ParentRunner.java:309)
	at org.apache.maven.surefire.junit4.JUnit4Provider.execute(JUnit4Provider.java:365)
	at org.apache.maven.surefire.junit4.JUnit4Provider.executeWithRerun(JUnit4Provider.java:273)
	at org.apache.maven.surefire.junit4.JUnit4Provider.executeTestSet(JUnit4Provider.java:238)
	at org.apache.maven.surefire.junit4.JUnit4Provider.invoke(JUnit4Provider.java:159)
	at org.apache.maven.surefire.booter.ForkedBooter.invokeProviderInSameClassLoader(ForkedBooter.java:384)
	at org.apache.maven.surefire.booter.ForkedBooter.runSuitesInProcess(ForkedBooter.java:345)
	at org.apache.maven.surefire.booter.ForkedBooter.execute(ForkedBooter.java:126)
	at org.apache.maven.surefire.booter.ForkedBooter.main(ForkedBooter.java:418)
]]></failure>
    <system-out><![CDATA[2019-09-04 12:57:43,711 [main] WARN  server.ServerUtils (ServerUtils.java:getScmDbDir(145)) - ozone.scm.db.dirs is not configured. We recommend adding this setting. Falling back to ozone.metadata.dirs instead.
2019-09-04 12:57:43,820 [main] WARN  server.ServerUtils (ServerUtils.java:getScmDbDir(145)) - ozone.scm.db.dirs is not configured. We recommend adding this setting. Falling back to ozone.metadata.dirs instead.
2019-09-04 12:57:43,823 [main] WARN  server.ServerUtils (ServerUtils.java:getScmDbDir(145)) - ozone.scm.db.dirs is not configured. We recommend adding this setting. Falling back to ozone.metadata.dirs instead.
2019-09-04 12:57:43,842 [main] INFO  util.log (Log.java:initialized(192)) - Logging initialized @880ms
2019-09-04 12:57:43,945 [main] INFO  db.DBStoreBuilder (DBStoreBuilder.java:addTable(110)) - using custom profile for table: deletedBlocks
2019-09-04 12:57:43,945 [main] INFO  db.DBStoreBuilder (DBStoreBuilder.java:processTables(161)) - Using default column profile:DBProfile.DISK for Table:deletedBlocks
2019-09-04 12:57:43,946 [main] INFO  db.DBStoreBuilder (DBStoreBuilder.java:addTable(110)) - using custom profile for table: validCerts
2019-09-04 12:57:43,946 [main] INFO  db.DBStoreBuilder (DBStoreBuilder.java:processTables(161)) - Using default column profile:DBProfile.DISK for Table:validCerts
2019-09-04 12:57:43,947 [main] INFO  db.DBStoreBuilder (DBStoreBuilder.java:addTable(110)) - using custom profile for table: revokedCerts
2019-09-04 12:57:43,947 [main] INFO  db.DBStoreBuilder (DBStoreBuilder.java:processTables(161)) - Using default column profile:DBProfile.DISK for Table:revokedCerts
2019-09-04 12:57:43,959 [main] INFO  db.DBStoreBuilder (DBStoreBuilder.java:addTable(110)) - using custom profile for table: default
2019-09-04 12:57:43,959 [main] INFO  db.DBStoreBuilder (DBStoreBuilder.java:processTables(167)) - Using default column profile:DBProfile.DISK for Table:default
2019-09-04 12:57:43,960 [main] INFO  db.DBStoreBuilder (DBStoreBuilder.java:getDbProfile(198)) - Using default options. DBProfile.DISK
2019-09-04 12:57:44,238 [main] INFO  net.NodeSchemaLoader (NodeSchemaLoader.java:loadSchemaFromFile(125)) - Loading file from sun.misc.CompoundEnumeration@368f2016
2019-09-04 12:57:44,240 [main] INFO  net.NodeSchemaLoader (NodeSchemaLoader.java:loadSchema(171)) - Loading network topology layer schema file
2019-09-04 12:57:44,319 [main] INFO  node.SCMNodeManager (SCMNodeManager.java:<init>(114)) - Entering startup safe mode.
2019-09-04 12:57:44,394 [main] INFO  algorithms.ContainerPlacementPolicyFactory (ContainerPlacementPolicyFactory.java:getPolicy(57)) - Create container placement policy of type org.apache.hadoop.hdds.scm.container.placement.algorithms.SCMContainerPlacementRandom
2019-09-04 12:57:44,409 [main] WARN  server.ServerUtils (ServerUtils.java:getScmDbDir(145)) - ozone.scm.db.dirs is not configured. We recommend adding this setting. Falling back to ozone.metadata.dirs instead.
2019-09-04 12:57:44,469 [main] INFO  pipeline.SCMPipelineManager (SCMPipelineManager.java:initializePipelineState(128)) - No pipeline exists in current db
2019-09-04 12:57:44,471 [main] WARN  server.ServerUtils (ServerUtils.java:getScmDbDir(145)) - ozone.scm.db.dirs is not configured. We recommend adding this setting. Falling back to ozone.metadata.dirs instead.
2019-09-04 12:57:44,580 [main] WARN  events.EventQueue (EventQueue.java:fireEvent(183)) - No event handler registered for event TypedEvent{payloadType=SafeModeStatus, name='SafeModeStatus'}
2019-09-04 12:57:44,950 [main] INFO  ipc.CallQueueManager (CallQueueManager.java:<init>(84)) - Using callQueue: class java.util.concurrent.LinkedBlockingQueue, queueCapacity: 2000, scheduler: class org.apache.hadoop.ipc.DefaultRpcScheduler, ipcBackoff: false.
2019-09-04 12:57:44,976 [Socket Reader #1 for port 40857] INFO  ipc.Server (Server.java:run(1074)) - Starting Socket Reader #1 for port 40857
2019-09-04 12:57:45,132 [main] INFO  ipc.CallQueueManager (CallQueueManager.java:<init>(84)) - Using callQueue: class java.util.concurrent.LinkedBlockingQueue, queueCapacity: 2000, scheduler: class org.apache.hadoop.ipc.DefaultRpcScheduler, ipcBackoff: false.
2019-09-04 12:57:45,133 [Socket Reader #1 for port 36379] INFO  ipc.Server (Server.java:run(1074)) - Starting Socket Reader #1 for port 36379
2019-09-04 12:57:45,141 [main] INFO  ipc.CallQueueManager (CallQueueManager.java:<init>(84)) - Using callQueue: class java.util.concurrent.LinkedBlockingQueue, queueCapacity: 2000, scheduler: class org.apache.hadoop.ipc.DefaultRpcScheduler, ipcBackoff: false.
2019-09-04 12:57:45,141 [Socket Reader #1 for port 40430] INFO  ipc.Server (Server.java:run(1074)) - Starting Socket Reader #1 for port 40430
2019-09-04 12:57:45,160 [main] INFO  hdfs.DFSUtil (DFSUtil.java:httpServerTemplateForNNAndJN(1641)) - Starting Web-server for scm at: http://0.0.0.0:0
2019-09-04 12:57:45,310 [main] INFO  server.AuthenticationFilter (AuthenticationFilter.java:constructSecretProvider(240)) - Unable to initialize FileSignerSecretProvider, falling back to use random secrets.
2019-09-04 12:57:45,318 [main] WARN  http.HttpRequestLog (HttpRequestLog.java:getRequestLog(97)) - Jetty request log can only be enabled using Log4j
2019-09-04 12:57:45,326 [main] INFO  http.HttpServer2 (HttpServer2.java:addGlobalFilter(975)) - Added global filter 'safety' (class=org.apache.hadoop.http.HttpServer2$QuotingInputFilter)
2019-09-04 12:57:45,329 [main] INFO  http.HttpServer2 (HttpServer2.java:addFilter(948)) - Added filter static_user_filter (class=org.apache.hadoop.http.lib.StaticUserWebFilter$StaticUserFilter) to context scm
2019-09-04 12:57:45,329 [main] INFO  http.HttpServer2 (HttpServer2.java:addFilter(958)) - Added filter static_user_filter (class=org.apache.hadoop.http.lib.StaticUserWebFilter$StaticUserFilter) to context static
2019-09-04 12:57:45,329 [main] INFO  http.HttpServer2 (HttpServer2.java:addFilter(958)) - Added filter static_user_filter (class=org.apache.hadoop.http.lib.StaticUserWebFilter$StaticUserFilter) to context logs
2019-09-04 12:57:45,358 [main] INFO  server.StorageContainerManager (StorageContainerManager.java:start(763)) - StorageContainerLocationProtocol RPC server is listening at /0.0.0.0:40430
2019-09-04 12:57:45,415 [main] WARN  impl.MetricsConfig (MetricsConfig.java:loadFirst(134)) - Cannot locate configuration: tried hadoop-metrics2-storagecontainermanager.properties,hadoop-metrics2.properties
2019-09-04 12:57:45,428 [main] INFO  impl.MetricsSystemImpl (MetricsSystemImpl.java:startTimer(374)) - Scheduled Metric snapshot period at 10 second(s).
2019-09-04 12:57:45,428 [main] INFO  impl.MetricsSystemImpl (MetricsSystemImpl.java:start(191)) - StorageContainerManager metrics system started
2019-09-04 12:57:45,649 [main] INFO  server.SCMClientProtocolServer (SCMClientProtocolServer.java:start(151)) - RPC server for Client  is listening at /0.0.0.0:40430
2019-09-04 12:57:45,649 [IPC Server listener on 40430] INFO  ipc.Server (Server.java:run(1153)) - IPC Server listener on 40430: starting
2019-09-04 12:57:45,649 [IPC Server Responder] INFO  ipc.Server (Server.java:run(1314)) - IPC Server Responder: starting
2019-09-04 12:57:45,652 [main] INFO  server.StorageContainerManager (StorageContainerManager.java:start(773)) - ScmBlockLocationProtocol RPC server is listening at /0.0.0.0:36379
2019-09-04 12:57:45,653 [main] INFO  server.SCMBlockProtocolServer (SCMBlockProtocolServer.java:start(146)) - RPC server for Block Protocol is listening at /0.0.0.0:36379
2019-09-04 12:57:45,653 [IPC Server Responder] INFO  ipc.Server (Server.java:run(1314)) - IPC Server Responder: starting
2019-09-04 12:57:45,654 [IPC Server listener on 36379] INFO  ipc.Server (Server.java:run(1153)) - IPC Server listener on 36379: starting
2019-09-04 12:57:45,655 [main] INFO  server.StorageContainerManager (StorageContainerManager.java:start(777)) - ScmDatanodeProtocl RPC server is listening at /0.0.0.0:40857
2019-09-04 12:57:45,656 [main] INFO  server.SCMDatanodeProtocolServer (SCMDatanodeProtocolServer.java:start(191)) - RPC server for DataNodes is listening at /0.0.0.0:40857
2019-09-04 12:57:45,656 [IPC Server Responder] INFO  ipc.Server (Server.java:run(1314)) - IPC Server Responder: starting
2019-09-04 12:57:45,656 [IPC Server listener on 40857] INFO  ipc.Server (Server.java:run(1153)) - IPC Server listener on 40857: starting
2019-09-04 12:57:45,659 [main] INFO  http.HttpServer2 (HttpServer2.java:bindListener(1191)) - Jetty bound to port 40168
2019-09-04 12:57:45,661 [main] INFO  server.Server (Server.java:doStart(351)) - jetty-9.3.24.v20180605, build timestamp: 2018-06-05T17:11:56Z, git hash: 84205aa28f11a4f31f2a3b86d1bba2cc8ab69827
2019-09-04 12:57:45,699 [main] INFO  handler.ContextHandler (ContextHandler.java:doStart(781)) - Started o.e.j.s.ServletContextHandler@674bd420{/logs,file:///workdir/hadoop-ozone/integration-test/target/log,AVAILABLE}
2019-09-04 12:57:45,699 [main] INFO  handler.ContextHandler (ContextHandler.java:doStart(781)) - Started o.e.j.s.ServletContextHandler@2ceb80a1{/static,file:///workdir/hadoop-ozone/integration-test/target/test-classes/webapps/static,AVAILABLE}
2019-09-04 12:57:45,731 [main] INFO  handler.ContextHandler (ContextHandler.java:doStart(781)) - Started o.e.j.w.WebAppContext@56db847e{/,file:///workdir/hadoop-ozone/integration-test/target/test-classes/webapps/scm/,AVAILABLE}{/scm}
2019-09-04 12:57:45,736 [main] INFO  server.AbstractConnector (AbstractConnector.java:doStart(278)) - Started ServerConnector@5cc5b667{HTTP/1.1,[http/1.1]}{0.0.0.0:40168}
2019-09-04 12:57:45,737 [main] INFO  server.Server (Server.java:doStart(419)) - Started @2775ms
2019-09-04 12:57:45,739 [main] INFO  impl.MetricsSinkAdapter (MetricsSinkAdapter.java:start(204)) - Sink prometheus started
2019-09-04 12:57:45,739 [main] INFO  impl.MetricsSystemImpl (MetricsSystemImpl.java:registerSink(301)) - Registered sink prometheus
2019-09-04 12:57:45,740 [main] INFO  server.BaseHttpServer (BaseHttpServer.java:updateConnectorAddress(215)) - HTTP server of SCM is listening at http://0.0.0.0:40168
2019-09-04 12:57:45,745 [org.apache.hadoop.util.JvmPauseMonitor$Monitor@59a67c3a] INFO  util.JvmPauseMonitor (JvmPauseMonitor.java:run(188)) - Starting JVM pause monitor
2019-09-04 12:57:45,747 [main] WARN  server.ServerUtils (ServerUtils.java:getDBPath(222)) - ozone.om.db.dirs is not configured. We recommend adding this setting. Falling back to ozone.metadata.dirs instead.
2019-09-04 12:57:45,846 [main] WARN  server.ServerUtils (ServerUtils.java:getDBPath(222)) - ozone.om.db.dirs is not configured. We recommend adding this setting. Falling back to ozone.metadata.dirs instead.
2019-09-04 12:57:45,847 [main] WARN  server.ServerUtils (ServerUtils.java:getDBPath(222)) - ozone.om.db.dirs is not configured. We recommend adding this setting. Falling back to ozone.metadata.dirs instead.
2019-09-04 12:57:45,848 [main] INFO  om.OzoneManager (OzoneManager.java:setOMNodeDetails(649)) - OM Service ID is not set. Setting it to the default ID: omServiceIdDefault
2019-09-04 12:57:45,848 [main] INFO  om.OzoneManager (OzoneManager.java:setOMNodeDetails(655)) - OM Node ID is not set. Setting it to the OmStorage's OmID: b35ded40-956c-4ba7-b27a-d7c62ea406d3
2019-09-04 12:57:45,849 [main] INFO  om.OzoneManager (OzoneManager.java:loadOMHAConfigs(606)) - Found matching OM address with OMServiceId: null, OMNodeId: null, RPC Address: localhost:0 and Ratis port: 9872
2019-09-04 12:57:46,545 [main] WARN  server.ServerUtils (ServerUtils.java:getDBPath(222)) - ozone.om.db.dirs is not configured. We recommend adding this setting. Falling back to ozone.metadata.dirs instead.
2019-09-04 12:57:46,553 [main] INFO  db.DBStoreBuilder (DBStoreBuilder.java:addTable(110)) - using custom profile for table: userTable
2019-09-04 12:57:46,553 [main] INFO  db.DBStoreBuilder (DBStoreBuilder.java:processTables(161)) - Using default column profile:DBProfile.DISK for Table:userTable
2019-09-04 12:57:46,553 [main] INFO  db.DBStoreBuilder (DBStoreBuilder.java:addTable(110)) - using custom profile for table: volumeTable
2019-09-04 12:57:46,554 [main] INFO  db.DBStoreBuilder (DBStoreBuilder.java:processTables(161)) - Using default column profile:DBProfile.DISK for Table:volumeTable
2019-09-04 12:57:46,554 [main] INFO  db.DBStoreBuilder (DBStoreBuilder.java:addTable(110)) - using custom profile for table: bucketTable
2019-09-04 12:57:46,554 [main] INFO  db.DBStoreBuilder (DBStoreBuilder.java:processTables(161)) - Using default column profile:DBProfile.DISK for Table:bucketTable
2019-09-04 12:57:46,554 [main] INFO  db.DBStoreBuilder (DBStoreBuilder.java:addTable(110)) - using custom profile for table: keyTable
2019-09-04 12:57:46,555 [main] INFO  db.DBStoreBuilder (DBStoreBuilder.java:processTables(161)) - Using default column profile:DBProfile.DISK for Table:keyTable
2019-09-04 12:57:46,555 [main] INFO  db.DBStoreBuilder (DBStoreBuilder.java:addTable(110)) - using custom profile for table: deletedTable
2019-09-04 12:57:46,555 [main] INFO  db.DBStoreBuilder (DBStoreBuilder.java:processTables(161)) - Using default column profile:DBProfile.DISK for Table:deletedTable
2019-09-04 12:57:46,555 [main] INFO  db.DBStoreBuilder (DBStoreBuilder.java:addTable(110)) - using custom profile for table: openKeyTable
2019-09-04 12:57:46,556 [main] INFO  db.DBStoreBuilder (DBStoreBuilder.java:processTables(161)) - Using default column profile:DBProfile.DISK for Table:openKeyTable
2019-09-04 12:57:46,556 [main] INFO  db.DBStoreBuilder (DBStoreBuilder.java:addTable(110)) - using custom profile for table: s3Table
2019-09-04 12:57:46,556 [main] INFO  db.DBStoreBuilder (DBStoreBuilder.java:processTables(161)) - Using default column profile:DBProfile.DISK for Table:s3Table
2019-09-04 12:57:46,556 [main] INFO  db.DBStoreBuilder (DBStoreBuilder.java:addTable(110)) - using custom profile for table: multipartInfoTable
2019-09-04 12:57:46,557 [main] INFO  db.DBStoreBuilder (DBStoreBuilder.java:processTables(161)) - Using default column profile:DBProfile.DISK for Table:multipartInfoTable
2019-09-04 12:57:46,557 [main] INFO  db.DBStoreBuilder (DBStoreBuilder.java:addTable(110)) - using custom profile for table: dTokenTable
2019-09-04 12:57:46,557 [main] INFO  db.DBStoreBuilder (DBStoreBuilder.java:processTables(161)) - Using default column profile:DBProfile.DISK for Table:dTokenTable
2019-09-04 12:57:46,558 [main] INFO  db.DBStoreBuilder (DBStoreBuilder.java:addTable(110)) - using custom profile for table: s3SecretTable
2019-09-04 12:57:46,558 [main] INFO  db.DBStoreBuilder (DBStoreBuilder.java:processTables(161)) - Using default column profile:DBProfile.DISK for Table:s3SecretTable
2019-09-04 12:57:46,558 [main] INFO  db.DBStoreBuilder (DBStoreBuilder.java:addTable(110)) - using custom profile for table: prefixTable
2019-09-04 12:57:46,558 [main] INFO  db.DBStoreBuilder (DBStoreBuilder.java:processTables(161)) - Using default column profile:DBProfile.DISK for Table:prefixTable
2019-09-04 12:57:46,559 [main] INFO  db.DBStoreBuilder (DBStoreBuilder.java:addTable(110)) - using custom profile for table: default
2019-09-04 12:57:46,559 [main] INFO  db.DBStoreBuilder (DBStoreBuilder.java:processTables(167)) - Using default column profile:DBProfile.DISK for Table:default
2019-09-04 12:57:46,559 [main] INFO  db.DBStoreBuilder (DBStoreBuilder.java:getDbProfile(198)) - Using default options. DBProfile.DISK
2019-09-04 12:57:47,096 [main] INFO  ipc.CallQueueManager (CallQueueManager.java:<init>(84)) - Using callQueue: class java.util.concurrent.LinkedBlockingQueue, queueCapacity: 2000, scheduler: class org.apache.hadoop.ipc.DefaultRpcScheduler, ipcBackoff: false.
2019-09-04 12:57:47,098 [Socket Reader #1 for port 46850] INFO  ipc.Server (Server.java:run(1074)) - Starting Socket Reader #1 for port 46850
2019-09-04 12:57:47,120 [main] INFO  om.OzoneManager (OzoneManager.java:start(1240)) - OzoneManager RPC server is listening at localhost/127.0.0.1:46850
2019-09-04 12:57:47,120 [main] INFO  impl.MetricsSystemImpl (MetricsSystemImpl.java:init(158)) - OzoneManager metrics system started (again)
2019-09-04 12:57:47,122 [IPC Server Responder] INFO  ipc.Server (Server.java:run(1314)) - IPC Server Responder: starting
2019-09-04 12:57:47,122 [IPC Server listener on 46850] INFO  ipc.Server (Server.java:run(1153)) - IPC Server listener on 46850: starting
2019-09-04 12:57:47,128 [main] INFO  hdfs.DFSUtil (DFSUtil.java:httpServerTemplateForNNAndJN(1641)) - Starting Web-server for ozoneManager at: http://0.0.0.0:0
2019-09-04 12:57:47,131 [main] INFO  server.AuthenticationFilter (AuthenticationFilter.java:constructSecretProvider(240)) - Unable to initialize FileSignerSecretProvider, falling back to use random secrets.
2019-09-04 12:57:47,132 [main] WARN  http.HttpRequestLog (HttpRequestLog.java:getRequestLog(97)) - Jetty request log can only be enabled using Log4j
2019-09-04 12:57:47,136 [main] INFO  http.HttpServer2 (HttpServer2.java:addGlobalFilter(975)) - Added global filter 'safety' (class=org.apache.hadoop.http.HttpServer2$QuotingInputFilter)
2019-09-04 12:57:47,137 [main] INFO  http.HttpServer2 (HttpServer2.java:addFilter(948)) - Added filter static_user_filter (class=org.apache.hadoop.http.lib.StaticUserWebFilter$StaticUserFilter) to context ozoneManager
2019-09-04 12:57:47,138 [main] INFO  http.HttpServer2 (HttpServer2.java:addFilter(958)) - Added filter static_user_filter (class=org.apache.hadoop.http.lib.StaticUserWebFilter$StaticUserFilter) to context static
2019-09-04 12:57:47,138 [main] INFO  http.HttpServer2 (HttpServer2.java:addFilter(958)) - Added filter static_user_filter (class=org.apache.hadoop.http.lib.StaticUserWebFilter$StaticUserFilter) to context logs
2019-09-04 12:57:47,141 [main] INFO  http.HttpServer2 (HttpServer2.java:bindListener(1191)) - Jetty bound to port 38441
2019-09-04 12:57:47,142 [main] INFO  server.Server (Server.java:doStart(351)) - jetty-9.3.24.v20180605, build timestamp: 2018-06-05T17:11:56Z, git hash: 84205aa28f11a4f31f2a3b86d1bba2cc8ab69827
2019-09-04 12:57:47,144 [main] INFO  handler.ContextHandler (ContextHandler.java:doStart(781)) - Started o.e.j.s.ServletContextHandler@383790cf{/logs,file:///workdir/hadoop-ozone/integration-test/target/log,AVAILABLE}
2019-09-04 12:57:47,145 [main] INFO  handler.ContextHandler (ContextHandler.java:doStart(781)) - Started o.e.j.s.ServletContextHandler@131fcb6f{/static,file:///workdir/hadoop-ozone/integration-test/target/test-classes/webapps/static,AVAILABLE}
2019-09-04 12:57:47,153 [main] INFO  handler.ContextHandler (ContextHandler.java:doStart(781)) - Started o.e.j.w.WebAppContext@31cb96e1{/,file:///workdir/hadoop-ozone/integration-test/target/test-classes/webapps/ozoneManager/,AVAILABLE}{/ozoneManager}
2019-09-04 12:57:47,154 [main] INFO  server.AbstractConnector (AbstractConnector.java:doStart(278)) - Started ServerConnector@3eed0f5{HTTP/1.1,[http/1.1]}{0.0.0.0:38441}
2019-09-04 12:57:47,155 [main] INFO  server.Server (Server.java:doStart(419)) - Started @4193ms
2019-09-04 12:57:47,155 [main] WARN  impl.MetricsSystemImpl (MetricsSystemImpl.java:register(276)) - Sink prometheus already exists!
2019-09-04 12:57:47,156 [main] INFO  server.BaseHttpServer (BaseHttpServer.java:updateConnectorAddress(215)) - HTTP server of OZONEMANAGER is listening at http://0.0.0.0:38441
2019-09-04 12:57:47,504 [main] INFO  impl.MetricsSystemImpl (MetricsSystemImpl.java:init(158)) - HddsDatanode metrics system started (again)
2019-09-04 12:57:47,551 [main] INFO  ozone.HddsDatanodeService (HddsDatanodeService.java:start(184)) - HddsDatanodeService host:pr-hdds-1553-wz5m7-2465012709 ip:192.168.34.40
2019-09-04 12:57:47,582 [main] INFO  volume.HddsVolume (HddsVolume.java:<init>(176)) - Creating Volume: /workdir/hadoop-ozone/integration-test/target/test-dir/MiniOzoneClusterImpl-ea0c9936-27f2-41d8-a3b5-aa3c9248b619/datanode-0/data/containers/hdds of  storage type : DISK and capacity : 1482555576320
2019-09-04 12:57:47,584 [main] INFO  volume.VolumeSet (VolumeSet.java:initializeVolumeSet(170)) - Added Volume : /workdir/hadoop-ozone/integration-test/target/test-dir/MiniOzoneClusterImpl-ea0c9936-27f2-41d8-a3b5-aa3c9248b619/datanode-0/data/containers/hdds to VolumeSet
2019-09-04 12:57:47,587 [main] INFO  volume.ThrottledAsyncChecker (ThrottledAsyncChecker.java:schedule(140)) - Scheduling a check for org.apache.hadoop.ozone.container.common.volume.HddsVolume@7144655b
2019-09-04 12:57:47,604 [main] INFO  volume.HddsVolumeChecker (HddsVolumeChecker.java:checkAllVolumes(203)) - Scheduled health check for volume org.apache.hadoop.ozone.container.common.volume.HddsVolume@7144655b
2019-09-04 12:57:47,714 [main] INFO  impl.RaftServerProxy (ConfUtils.java:logGet(43)) - raft.rpc.type = GRPC (default)
2019-09-04 12:57:47,783 [main] INFO  grpc.GrpcFactory (GrpcFactory.java:checkPooledByteBufAllocatorUseCacheForAllThreads(45)) - PERFORMANCE WARNING: useCacheForAllThreads is true that may cause Netty to create a lot garbage objects and, as a result, trigger GC.
	It is recommended to disable useCacheForAllThreads by setting -Dorg.apache.ratis.thirdparty.io.netty.allocator.useCacheForAllThreads=false in command line.
2019-09-04 12:57:47,788 [main] INFO  grpc.GrpcConfigKeys$Server (ConfUtils.java:logGet(43)) - raft.grpc.server.port = 0 (default)
2019-09-04 12:57:47,789 [main] INFO  server.GrpcService (ConfUtils.java:logGet(43)) - raft.grpc.message.size.max = 33570816 (custom)
2019-09-04 12:57:47,791 [main] INFO  server.RaftServerConfigKeys (ConfUtils.java:logGet(43)) - raft.server.log.appender.buffer.byte-limit = 33554432 (custom)
2019-09-04 12:57:47,792 [main] INFO  server.GrpcService (ConfUtils.java:logGet(43)) - raft.grpc.flow.control.window = 1MB (=1048576) (default)
2019-09-04 12:57:47,793 [main] INFO  server.RaftServerConfigKeys (ConfUtils.java:logGet(43)) - raft.server.rpc.request.timeout = 3000ms (default)
2019-09-04 12:57:47,965 [main] INFO  server.RaftServerConfigKeys (ConfUtils.java:logGet(43)) - raft.server.storage.dir = [/workdir/hadoop-ozone/integration-test/target/test-dir/MiniOzoneClusterImpl-ea0c9936-27f2-41d8-a3b5-aa3c9248b619/datanode-0/data/ratis] (custom)
2019-09-04 12:57:48,018 [main] INFO  hdfs.DFSUtil (DFSUtil.java:httpServerTemplateForNNAndJN(1641)) - Starting Web-server for hddsDatanode at: http://0.0.0.0:0
2019-09-04 12:57:48,020 [main] INFO  server.AuthenticationFilter (AuthenticationFilter.java:constructSecretProvider(240)) - Unable to initialize FileSignerSecretProvider, falling back to use random secrets.
2019-09-04 12:57:48,021 [main] WARN  http.HttpRequestLog (HttpRequestLog.java:getRequestLog(97)) - Jetty request log can only be enabled using Log4j
2019-09-04 12:57:48,023 [main] INFO  http.HttpServer2 (HttpServer2.java:addGlobalFilter(975)) - Added global filter 'safety' (class=org.apache.hadoop.http.HttpServer2$QuotingInputFilter)
2019-09-04 12:57:48,023 [main] INFO  http.HttpServer2 (HttpServer2.java:addFilter(948)) - Added filter static_user_filter (class=org.apache.hadoop.http.lib.StaticUserWebFilter$StaticUserFilter) to context hddsDatanode
2019-09-04 12:57:48,024 [main] INFO  http.HttpServer2 (HttpServer2.java:addFilter(958)) - Added filter static_user_filter (class=org.apache.hadoop.http.lib.StaticUserWebFilter$StaticUserFilter) to context static
2019-09-04 12:57:48,024 [main] INFO  http.HttpServer2 (HttpServer2.java:addFilter(958)) - Added filter static_user_filter (class=org.apache.hadoop.http.lib.StaticUserWebFilter$StaticUserFilter) to context logs
2019-09-04 12:57:48,025 [main] INFO  http.HttpServer2 (HttpServer2.java:bindListener(1191)) - Jetty bound to port 45105
2019-09-04 12:57:48,025 [main] INFO  server.Server (Server.java:doStart(351)) - jetty-9.3.24.v20180605, build timestamp: 2018-06-05T17:11:56Z, git hash: 84205aa28f11a4f31f2a3b86d1bba2cc8ab69827
2019-09-04 12:57:48,027 [main] INFO  handler.ContextHandler (ContextHandler.java:doStart(781)) - Started o.e.j.s.ServletContextHandler@508a65bf{/logs,file:///workdir/hadoop-ozone/integration-test/target/log,AVAILABLE}
2019-09-04 12:57:48,028 [main] INFO  handler.ContextHandler (ContextHandler.java:doStart(781)) - Started o.e.j.s.ServletContextHandler@1e58512c{/static,jar:file:/home/user/.m2/repository/org/apache/hadoop/hadoop-hdds-container-service/0.5.0-SNAPSHOT/hadoop-hdds-container-service-0.5.0-SNAPSHOT.jar!/webapps/static,AVAILABLE}
2019-09-04 12:57:48,060 [main] INFO  handler.ContextHandler (ContextHandler.java:doStart(781)) - Started o.e.j.w.WebAppContext@252dc8c4{/,file:///tmp/jetty-0.0.0.0-45105-hddsDatanode-_-any-7459454400268972638.dir/webapp/,AVAILABLE}{/hddsDatanode}
2019-09-04 12:57:48,061 [main] INFO  server.AbstractConnector (AbstractConnector.java:doStart(278)) - Started ServerConnector@43045f9f{HTTP/1.1,[http/1.1]}{0.0.0.0:45105}
2019-09-04 12:57:48,062 [main] INFO  server.Server (Server.java:doStart(419)) - Started @5100ms
2019-09-04 12:57:48,062 [main] WARN  impl.MetricsSystemImpl (MetricsSystemImpl.java:register(276)) - Sink prometheus already exists!
2019-09-04 12:57:48,064 [main] INFO  server.BaseHttpServer (BaseHttpServer.java:updateConnectorAddress(215)) - HTTP server of HDDSDATANODE is listening at http://0.0.0.0:45105
2019-09-04 12:57:48,065 [main] INFO  impl.MetricsSystemImpl (MetricsSystemImpl.java:init(158)) - HddsDatanode metrics system started (again)
2019-09-04 12:57:48,069 [main] INFO  ozone.HddsDatanodeService (HddsDatanodeService.java:start(184)) - HddsDatanodeService host:pr-hdds-1553-wz5m7-2465012709 ip:192.168.34.40
2019-09-04 12:57:48,073 [org.apache.hadoop.util.JvmPauseMonitor$Monitor@6d3879ac] INFO  util.JvmPauseMonitor (JvmPauseMonitor.java:run(188)) - Starting JVM pause monitor
2019-09-04 12:57:48,079 [main] INFO  volume.HddsVolume (HddsVolume.java:<init>(176)) - Creating Volume: /workdir/hadoop-ozone/integration-test/target/test-dir/MiniOzoneClusterImpl-ea0c9936-27f2-41d8-a3b5-aa3c9248b619/datanode-1/data/containers/hdds of  storage type : DISK and capacity : 1482555576320
2019-09-04 12:57:48,080 [main] INFO  volume.VolumeSet (VolumeSet.java:initializeVolumeSet(170)) - Added Volume : /workdir/hadoop-ozone/integration-test/target/test-dir/MiniOzoneClusterImpl-ea0c9936-27f2-41d8-a3b5-aa3c9248b619/datanode-1/data/containers/hdds to VolumeSet
2019-09-04 12:57:48,080 [main] INFO  volume.ThrottledAsyncChecker (ThrottledAsyncChecker.java:schedule(140)) - Scheduling a check for org.apache.hadoop.ozone.container.common.volume.HddsVolume@255eaa6b
2019-09-04 12:57:48,082 [main] INFO  volume.HddsVolumeChecker (HddsVolumeChecker.java:checkAllVolumes(203)) - Scheduled health check for volume org.apache.hadoop.ozone.container.common.volume.HddsVolume@255eaa6b
2019-09-04 12:57:48,097 [main] INFO  impl.RaftServerProxy (ConfUtils.java:logGet(43)) - raft.rpc.type = GRPC (default)
2019-09-04 12:57:48,097 [main] INFO  grpc.GrpcFactory (GrpcFactory.java:checkPooledByteBufAllocatorUseCacheForAllThreads(45)) - PERFORMANCE WARNING: useCacheForAllThreads is true that may cause Netty to create a lot garbage objects and, as a result, trigger GC.
	It is recommended to disable useCacheForAllThreads by setting -Dorg.apache.ratis.thirdparty.io.netty.allocator.useCacheForAllThreads=false in command line.
2019-09-04 12:57:48,097 [main] INFO  grpc.GrpcConfigKeys$Server (ConfUtils.java:logGet(43)) - raft.grpc.server.port = 0 (default)
2019-09-04 12:57:48,098 [main] INFO  server.GrpcService (ConfUtils.java:logGet(43)) - raft.grpc.message.size.max = 33570816 (custom)
2019-09-04 12:57:48,098 [main] INFO  server.RaftServerConfigKeys (ConfUtils.java:logGet(43)) - raft.server.log.appender.buffer.byte-limit = 33554432 (custom)
2019-09-04 12:57:48,098 [main] INFO  server.GrpcService (ConfUtils.java:logGet(43)) - raft.grpc.flow.control.window = 1MB (=1048576) (default)
2019-09-04 12:57:48,098 [main] INFO  server.RaftServerConfigKeys (ConfUtils.java:logGet(43)) - raft.server.rpc.request.timeout = 3000ms (default)
2019-09-04 12:57:48,099 [main] INFO  server.RaftServerConfigKeys (ConfUtils.java:logGet(43)) - raft.server.storage.dir = [/workdir/hadoop-ozone/integration-test/target/test-dir/MiniOzoneClusterImpl-ea0c9936-27f2-41d8-a3b5-aa3c9248b619/datanode-1/data/ratis] (custom)
2019-09-04 12:57:48,101 [main] INFO  hdfs.DFSUtil (DFSUtil.java:httpServerTemplateForNNAndJN(1641)) - Starting Web-server for hddsDatanode at: http://0.0.0.0:0
2019-09-04 12:57:48,102 [main] INFO  server.AuthenticationFilter (AuthenticationFilter.java:constructSecretProvider(240)) - Unable to initialize FileSignerSecretProvider, falling back to use random secrets.
2019-09-04 12:57:48,103 [main] WARN  http.HttpRequestLog (HttpRequestLog.java:getRequestLog(97)) - Jetty request log can only be enabled using Log4j
2019-09-04 12:57:48,105 [main] INFO  http.HttpServer2 (HttpServer2.java:addGlobalFilter(975)) - Added global filter 'safety' (class=org.apache.hadoop.http.HttpServer2$QuotingInputFilter)
2019-09-04 12:57:48,106 [main] INFO  http.HttpServer2 (HttpServer2.java:addFilter(948)) - Added filter static_user_filter (class=org.apache.hadoop.http.lib.StaticUserWebFilter$StaticUserFilter) to context hddsDatanode
2019-09-04 12:57:48,106 [main] INFO  http.HttpServer2 (HttpServer2.java:addFilter(958)) - Added filter static_user_filter (class=org.apache.hadoop.http.lib.StaticUserWebFilter$StaticUserFilter) to context static
2019-09-04 12:57:48,106 [main] INFO  http.HttpServer2 (HttpServer2.java:addFilter(958)) - Added filter static_user_filter (class=org.apache.hadoop.http.lib.StaticUserWebFilter$StaticUserFilter) to context logs
2019-09-04 12:57:48,107 [main] INFO  http.HttpServer2 (HttpServer2.java:bindListener(1191)) - Jetty bound to port 44145
2019-09-04 12:57:48,107 [main] INFO  server.Server (Server.java:doStart(351)) - jetty-9.3.24.v20180605, build timestamp: 2018-06-05T17:11:56Z, git hash: 84205aa28f11a4f31f2a3b86d1bba2cc8ab69827
2019-09-04 12:57:48,113 [main] INFO  handler.ContextHandler (ContextHandler.java:doStart(781)) - Started o.e.j.s.ServletContextHandler@623dcf2a{/logs,file:///workdir/hadoop-ozone/integration-test/target/log,AVAILABLE}
2019-09-04 12:57:48,113 [main] INFO  handler.ContextHandler (ContextHandler.java:doStart(781)) - Started o.e.j.s.ServletContextHandler@e84fb85{/static,jar:file:/home/user/.m2/repository/org/apache/hadoop/hadoop-hdds-container-service/0.5.0-SNAPSHOT/hadoop-hdds-container-service-0.5.0-SNAPSHOT.jar!/webapps/static,AVAILABLE}
2019-09-04 12:57:48,143 [main] INFO  handler.ContextHandler (ContextHandler.java:doStart(781)) - Started o.e.j.w.WebAppContext@5460b754{/,file:///tmp/jetty-0.0.0.0-44145-hddsDatanode-_-any-1832555514236285140.dir/webapp/,AVAILABLE}{/hddsDatanode}
2019-09-04 12:57:48,144 [main] INFO  server.AbstractConnector (AbstractConnector.java:doStart(278)) - Started ServerConnector@a9f023e{HTTP/1.1,[http/1.1]}{0.0.0.0:44145}
2019-09-04 12:57:48,146 [main] INFO  server.Server (Server.java:doStart(419)) - Started @5184ms
2019-09-04 12:57:48,146 [main] WARN  impl.MetricsSystemImpl (MetricsSystemImpl.java:register(276)) - Sink prometheus already exists!
2019-09-04 12:57:48,147 [main] INFO  server.BaseHttpServer (BaseHttpServer.java:updateConnectorAddress(215)) - HTTP server of HDDSDATANODE is listening at http://0.0.0.0:44145
2019-09-04 12:57:48,147 [main] INFO  impl.MetricsSystemImpl (MetricsSystemImpl.java:init(158)) - HddsDatanode metrics system started (again)
2019-09-04 12:57:48,150 [main] INFO  ozone.HddsDatanodeService (HddsDatanodeService.java:start(184)) - HddsDatanodeService host:pr-hdds-1553-wz5m7-2465012709 ip:192.168.34.40
2019-09-04 12:57:48,150 [org.apache.hadoop.util.JvmPauseMonitor$Monitor@18c6a733] INFO  util.JvmPauseMonitor (JvmPauseMonitor.java:run(188)) - Starting JVM pause monitor
2019-09-04 12:57:48,159 [main] INFO  volume.HddsVolume (HddsVolume.java:<init>(176)) - Creating Volume: /workdir/hadoop-ozone/integration-test/target/test-dir/MiniOzoneClusterImpl-ea0c9936-27f2-41d8-a3b5-aa3c9248b619/datanode-2/data/containers/hdds of  storage type : DISK and capacity : 1482555576320
2019-09-04 12:57:48,159 [main] INFO  volume.VolumeSet (VolumeSet.java:initializeVolumeSet(170)) - Added Volume : /workdir/hadoop-ozone/integration-test/target/test-dir/MiniOzoneClusterImpl-ea0c9936-27f2-41d8-a3b5-aa3c9248b619/datanode-2/data/containers/hdds to VolumeSet
2019-09-04 12:57:48,160 [main] INFO  volume.ThrottledAsyncChecker (ThrottledAsyncChecker.java:schedule(140)) - Scheduling a check for org.apache.hadoop.ozone.container.common.volume.HddsVolume@77bbadc
2019-09-04 12:57:48,160 [main] INFO  volume.HddsVolumeChecker (HddsVolumeChecker.java:checkAllVolumes(203)) - Scheduled health check for volume org.apache.hadoop.ozone.container.common.volume.HddsVolume@77bbadc
2019-09-04 12:57:48,173 [main] INFO  impl.RaftServerProxy (ConfUtils.java:logGet(43)) - raft.rpc.type = GRPC (default)
2019-09-04 12:57:48,173 [main] INFO  grpc.GrpcFactory (GrpcFactory.java:checkPooledByteBufAllocatorUseCacheForAllThreads(45)) - PERFORMANCE WARNING: useCacheForAllThreads is true that may cause Netty to create a lot garbage objects and, as a result, trigger GC.
	It is recommended to disable useCacheForAllThreads by setting -Dorg.apache.ratis.thirdparty.io.netty.allocator.useCacheForAllThreads=false in command line.
2019-09-04 12:57:48,173 [main] INFO  grpc.GrpcConfigKeys$Server (ConfUtils.java:logGet(43)) - raft.grpc.server.port = 0 (default)
2019-09-04 12:57:48,174 [main] INFO  server.GrpcService (ConfUtils.java:logGet(43)) - raft.grpc.message.size.max = 33570816 (custom)
2019-09-04 12:57:48,174 [main] INFO  server.RaftServerConfigKeys (ConfUtils.java:logGet(43)) - raft.server.log.appender.buffer.byte-limit = 33554432 (custom)
2019-09-04 12:57:48,174 [main] INFO  server.GrpcService (ConfUtils.java:logGet(43)) - raft.grpc.flow.control.window = 1MB (=1048576) (default)
2019-09-04 12:57:48,174 [main] INFO  server.RaftServerConfigKeys (ConfUtils.java:logGet(43)) - raft.server.rpc.request.timeout = 3000ms (default)
2019-09-04 12:57:48,175 [main] INFO  server.RaftServerConfigKeys (ConfUtils.java:logGet(43)) - raft.server.storage.dir = [/workdir/hadoop-ozone/integration-test/target/test-dir/MiniOzoneClusterImpl-ea0c9936-27f2-41d8-a3b5-aa3c9248b619/datanode-2/data/ratis] (custom)
2019-09-04 12:57:48,177 [main] INFO  hdfs.DFSUtil (DFSUtil.java:httpServerTemplateForNNAndJN(1641)) - Starting Web-server for hddsDatanode at: http://0.0.0.0:0
2019-09-04 12:57:48,178 [main] INFO  server.AuthenticationFilter (AuthenticationFilter.java:constructSecretProvider(240)) - Unable to initialize FileSignerSecretProvider, falling back to use random secrets.
2019-09-04 12:57:48,179 [main] WARN  http.HttpRequestLog (HttpRequestLog.java:getRequestLog(97)) - Jetty request log can only be enabled using Log4j
2019-09-04 12:57:48,180 [main] INFO  http.HttpServer2 (HttpServer2.java:addGlobalFilter(975)) - Added global filter 'safety' (class=org.apache.hadoop.http.HttpServer2$QuotingInputFilter)
2019-09-04 12:57:48,181 [main] INFO  http.HttpServer2 (HttpServer2.java:addFilter(948)) - Added filter static_user_filter (class=org.apache.hadoop.http.lib.StaticUserWebFilter$StaticUserFilter) to context hddsDatanode
2019-09-04 12:57:48,181 [main] INFO  http.HttpServer2 (HttpServer2.java:addFilter(958)) - Added filter static_user_filter (class=org.apache.hadoop.http.lib.StaticUserWebFilter$StaticUserFilter) to context static
2019-09-04 12:57:48,181 [main] INFO  http.HttpServer2 (HttpServer2.java:addFilter(958)) - Added filter static_user_filter (class=org.apache.hadoop.http.lib.StaticUserWebFilter$StaticUserFilter) to context logs
2019-09-04 12:57:48,182 [main] INFO  http.HttpServer2 (HttpServer2.java:bindListener(1191)) - Jetty bound to port 35472
2019-09-04 12:57:48,182 [main] INFO  server.Server (Server.java:doStart(351)) - jetty-9.3.24.v20180605, build timestamp: 2018-06-05T17:11:56Z, git hash: 84205aa28f11a4f31f2a3b86d1bba2cc8ab69827
2019-09-04 12:57:48,184 [main] INFO  handler.ContextHandler (ContextHandler.java:doStart(781)) - Started o.e.j.s.ServletContextHandler@2924f1d8{/logs,file:///workdir/hadoop-ozone/integration-test/target/log,AVAILABLE}
2019-09-04 12:57:48,185 [main] INFO  handler.ContextHandler (ContextHandler.java:doStart(781)) - Started o.e.j.s.ServletContextHandler@5b5e7036{/static,jar:file:/home/user/.m2/repository/org/apache/hadoop/hadoop-hdds-container-service/0.5.0-SNAPSHOT/hadoop-hdds-container-service-0.5.0-SNAPSHOT.jar!/webapps/static,AVAILABLE}
2019-09-04 12:57:48,213 [main] INFO  handler.ContextHandler (ContextHandler.java:doStart(781)) - Started o.e.j.w.WebAppContext@4d21c56e{/,file:///tmp/jetty-0.0.0.0-35472-hddsDatanode-_-any-8433770318926475409.dir/webapp/,AVAILABLE}{/hddsDatanode}
2019-09-04 12:57:48,214 [main] INFO  server.AbstractConnector (AbstractConnector.java:doStart(278)) - Started ServerConnector@726aa968{HTTP/1.1,[http/1.1]}{0.0.0.0:35472}
2019-09-04 12:57:48,215 [main] INFO  server.Server (Server.java:doStart(419)) - Started @5254ms
2019-09-04 12:57:48,217 [main] WARN  impl.MetricsSystemImpl (MetricsSystemImpl.java:register(276)) - Sink prometheus already exists!
2019-09-04 12:57:48,218 [main] INFO  server.BaseHttpServer (BaseHttpServer.java:updateConnectorAddress(215)) - HTTP server of HDDSDATANODE is listening at http://0.0.0.0:35472
2019-09-04 12:57:48,218 [main] INFO  impl.MetricsSystemImpl (MetricsSystemImpl.java:init(158)) - HddsDatanode metrics system started (again)
2019-09-04 12:57:48,223 [org.apache.hadoop.util.JvmPauseMonitor$Monitor@3b1ace35] INFO  util.JvmPauseMonitor (JvmPauseMonitor.java:run(188)) - Starting JVM pause monitor
2019-09-04 12:57:48,223 [main] INFO  ozone.HddsDatanodeService (HddsDatanodeService.java:start(184)) - HddsDatanodeService host:pr-hdds-1553-wz5m7-2465012709 ip:192.168.34.40
2019-09-04 12:57:48,234 [main] INFO  volume.HddsVolume (HddsVolume.java:<init>(176)) - Creating Volume: /workdir/hadoop-ozone/integration-test/target/test-dir/MiniOzoneClusterImpl-ea0c9936-27f2-41d8-a3b5-aa3c9248b619/datanode-3/data/containers/hdds of  storage type : DISK and capacity : 1482555576320
2019-09-04 12:57:48,235 [main] INFO  volume.VolumeSet (VolumeSet.java:initializeVolumeSet(170)) - Added Volume : /workdir/hadoop-ozone/integration-test/target/test-dir/MiniOzoneClusterImpl-ea0c9936-27f2-41d8-a3b5-aa3c9248b619/datanode-3/data/containers/hdds to VolumeSet
2019-09-04 12:57:48,235 [main] INFO  volume.ThrottledAsyncChecker (ThrottledAsyncChecker.java:schedule(140)) - Scheduling a check for org.apache.hadoop.ozone.container.common.volume.HddsVolume@56da7487
2019-09-04 12:57:48,236 [main] INFO  volume.HddsVolumeChecker (HddsVolumeChecker.java:checkAllVolumes(203)) - Scheduled health check for volume org.apache.hadoop.ozone.container.common.volume.HddsVolume@56da7487
2019-09-04 12:57:48,241 [Datanode State Machine Thread - 0] INFO  datanode.InitDatanodeState (InitDatanodeState.java:persistContainerDatanodeDetails(140)) - DatanodeDetails is persisted to /workdir/hadoop-ozone/integration-test/target/test-dir/MiniOzoneClusterImpl-ea0c9936-27f2-41d8-a3b5-aa3c9248b619/datanode-0/meta/datanode.id
2019-09-04 12:57:48,246 [Datanode State Machine Thread - 0] INFO  datanode.InitDatanodeState (InitDatanodeState.java:persistContainerDatanodeDetails(140)) - DatanodeDetails is persisted to /workdir/hadoop-ozone/integration-test/target/test-dir/MiniOzoneClusterImpl-ea0c9936-27f2-41d8-a3b5-aa3c9248b619/datanode-2/meta/datanode.id
2019-09-04 12:57:48,249 [Datanode State Machine Thread - 0] INFO  datanode.InitDatanodeState (InitDatanodeState.java:persistContainerDatanodeDetails(140)) - DatanodeDetails is persisted to /workdir/hadoop-ozone/integration-test/target/test-dir/MiniOzoneClusterImpl-ea0c9936-27f2-41d8-a3b5-aa3c9248b619/datanode-1/meta/datanode.id
2019-09-04 12:57:48,260 [main] INFO  impl.RaftServerProxy (ConfUtils.java:logGet(43)) - raft.rpc.type = GRPC (default)
2019-09-04 12:57:48,261 [main] INFO  grpc.GrpcFactory (GrpcFactory.java:checkPooledByteBufAllocatorUseCacheForAllThreads(45)) - PERFORMANCE WARNING: useCacheForAllThreads is true that may cause Netty to create a lot garbage objects and, as a result, trigger GC.
	It is recommended to disable useCacheForAllThreads by setting -Dorg.apache.ratis.thirdparty.io.netty.allocator.useCacheForAllThreads=false in command line.
2019-09-04 12:57:48,261 [main] INFO  grpc.GrpcConfigKeys$Server (ConfUtils.java:logGet(43)) - raft.grpc.server.port = 0 (default)
2019-09-04 12:57:48,261 [main] INFO  server.GrpcService (ConfUtils.java:logGet(43)) - raft.grpc.message.size.max = 33570816 (custom)
2019-09-04 12:57:48,262 [main] INFO  server.RaftServerConfigKeys (ConfUtils.java:logGet(43)) - raft.server.log.appender.buffer.byte-limit = 33554432 (custom)
2019-09-04 12:57:48,262 [main] INFO  server.GrpcService (ConfUtils.java:logGet(43)) - raft.grpc.flow.control.window = 1MB (=1048576) (default)
2019-09-04 12:57:48,262 [main] INFO  server.RaftServerConfigKeys (ConfUtils.java:logGet(43)) - raft.server.rpc.request.timeout = 3000ms (default)
2019-09-04 12:57:48,263 [main] INFO  server.RaftServerConfigKeys (ConfUtils.java:logGet(43)) - raft.server.storage.dir = [/workdir/hadoop-ozone/integration-test/target/test-dir/MiniOzoneClusterImpl-ea0c9936-27f2-41d8-a3b5-aa3c9248b619/datanode-3/data/ratis] (custom)
2019-09-04 12:57:48,265 [main] INFO  hdfs.DFSUtil (DFSUtil.java:httpServerTemplateForNNAndJN(1641)) - Starting Web-server for hddsDatanode at: http://0.0.0.0:0
2019-09-04 12:57:48,267 [main] INFO  server.AuthenticationFilter (AuthenticationFilter.java:constructSecretProvider(240)) - Unable to initialize FileSignerSecretProvider, falling back to use random secrets.
2019-09-04 12:57:48,267 [main] WARN  http.HttpRequestLog (HttpRequestLog.java:getRequestLog(97)) - Jetty request log can only be enabled using Log4j
2019-09-04 12:57:48,269 [main] INFO  http.HttpServer2 (HttpServer2.java:addGlobalFilter(975)) - Added global filter 'safety' (class=org.apache.hadoop.http.HttpServer2$QuotingInputFilter)
2019-09-04 12:57:48,270 [main] INFO  http.HttpServer2 (HttpServer2.java:addFilter(948)) - Added filter static_user_filter (class=org.apache.hadoop.http.lib.StaticUserWebFilter$StaticUserFilter) to context hddsDatanode
2019-09-04 12:57:48,270 [main] INFO  http.HttpServer2 (HttpServer2.java:addFilter(958)) - Added filter static_user_filter (class=org.apache.hadoop.http.lib.StaticUserWebFilter$StaticUserFilter) to context logs
2019-09-04 12:57:48,270 [main] INFO  http.HttpServer2 (HttpServer2.java:addFilter(958)) - Added filter static_user_filter (class=org.apache.hadoop.http.lib.StaticUserWebFilter$StaticUserFilter) to context static
2019-09-04 12:57:48,271 [main] INFO  http.HttpServer2 (HttpServer2.java:bindListener(1191)) - Jetty bound to port 36136
2019-09-04 12:57:48,271 [main] INFO  server.Server (Server.java:doStart(351)) - jetty-9.3.24.v20180605, build timestamp: 2018-06-05T17:11:56Z, git hash: 84205aa28f11a4f31f2a3b86d1bba2cc8ab69827
2019-09-04 12:57:48,278 [main] INFO  handler.ContextHandler (ContextHandler.java:doStart(781)) - Started o.e.j.s.ServletContextHandler@53f4c1e6{/logs,file:///workdir/hadoop-ozone/integration-test/target/log,AVAILABLE}
2019-09-04 12:57:48,278 [main] INFO  handler.ContextHandler (ContextHandler.java:doStart(781)) - Started o.e.j.s.ServletContextHandler@6342d610{/static,jar:file:/home/user/.m2/repository/org/apache/hadoop/hadoop-hdds-container-service/0.5.0-SNAPSHOT/hadoop-hdds-container-service-0.5.0-SNAPSHOT.jar!/webapps/static,AVAILABLE}
2019-09-04 12:57:48,308 [main] INFO  handler.ContextHandler (ContextHandler.java:doStart(781)) - Started o.e.j.w.WebAppContext@43af351a{/,file:///tmp/jetty-0.0.0.0-36136-hddsDatanode-_-any-7429271451936108081.dir/webapp/,AVAILABLE}{/hddsDatanode}
2019-09-04 12:57:48,309 [main] INFO  server.AbstractConnector (AbstractConnector.java:doStart(278)) - Started ServerConnector@1305c126{HTTP/1.1,[http/1.1]}{0.0.0.0:36136}
2019-09-04 12:57:48,310 [main] INFO  server.Server (Server.java:doStart(419)) - Started @5348ms
2019-09-04 12:57:48,310 [main] WARN  impl.MetricsSystemImpl (MetricsSystemImpl.java:register(276)) - Sink prometheus already exists!
2019-09-04 12:57:48,311 [main] INFO  server.BaseHttpServer (BaseHttpServer.java:updateConnectorAddress(215)) - HTTP server of HDDSDATANODE is listening at http://0.0.0.0:36136
2019-09-04 12:57:48,312 [main] INFO  impl.MetricsSystemImpl (MetricsSystemImpl.java:init(158)) - HddsDatanode metrics system started (again)
2019-09-04 12:57:48,315 [main] INFO  ozone.HddsDatanodeService (HddsDatanodeService.java:start(184)) - HddsDatanodeService host:pr-hdds-1553-wz5m7-2465012709 ip:192.168.34.40
2019-09-04 12:57:48,316 [org.apache.hadoop.util.JvmPauseMonitor$Monitor@43b83374] INFO  util.JvmPauseMonitor (JvmPauseMonitor.java:run(188)) - Starting JVM pause monitor
2019-09-04 12:57:48,320 [Datanode State Machine Thread - 0] INFO  datanode.InitDatanodeState (InitDatanodeState.java:persistContainerDatanodeDetails(140)) - DatanodeDetails is persisted to /workdir/hadoop-ozone/integration-test/target/test-dir/MiniOzoneClusterImpl-ea0c9936-27f2-41d8-a3b5-aa3c9248b619/datanode-3/meta/datanode.id
2019-09-04 12:57:48,326 [main] INFO  volume.HddsVolume (HddsVolume.java:<init>(176)) - Creating Volume: /workdir/hadoop-ozone/integration-test/target/test-dir/MiniOzoneClusterImpl-ea0c9936-27f2-41d8-a3b5-aa3c9248b619/datanode-4/data/containers/hdds of  storage type : DISK and capacity : 1482555576320
2019-09-04 12:57:48,326 [main] INFO  volume.VolumeSet (VolumeSet.java:initializeVolumeSet(170)) - Added Volume : /workdir/hadoop-ozone/integration-test/target/test-dir/MiniOzoneClusterImpl-ea0c9936-27f2-41d8-a3b5-aa3c9248b619/datanode-4/data/containers/hdds to VolumeSet
2019-09-04 12:57:48,326 [main] INFO  volume.ThrottledAsyncChecker (ThrottledAsyncChecker.java:schedule(140)) - Scheduling a check for org.apache.hadoop.ozone.container.common.volume.HddsVolume@6caf7803
2019-09-04 12:57:48,327 [main] INFO  volume.HddsVolumeChecker (HddsVolumeChecker.java:checkAllVolumes(203)) - Scheduled health check for volume org.apache.hadoop.ozone.container.common.volume.HddsVolume@6caf7803
2019-09-04 12:57:48,340 [main] INFO  impl.RaftServerProxy (ConfUtils.java:logGet(43)) - raft.rpc.type = GRPC (default)
2019-09-04 12:57:48,341 [main] INFO  grpc.GrpcFactory (GrpcFactory.java:checkPooledByteBufAllocatorUseCacheForAllThreads(45)) - PERFORMANCE WARNING: useCacheForAllThreads is true that may cause Netty to create a lot garbage objects and, as a result, trigger GC.
	It is recommended to disable useCacheForAllThreads by setting -Dorg.apache.ratis.thirdparty.io.netty.allocator.useCacheForAllThreads=false in command line.
2019-09-04 12:57:48,341 [main] INFO  grpc.GrpcConfigKeys$Server (ConfUtils.java:logGet(43)) - raft.grpc.server.port = 0 (default)
2019-09-04 12:57:48,341 [main] INFO  server.GrpcService (ConfUtils.java:logGet(43)) - raft.grpc.message.size.max = 33570816 (custom)
2019-09-04 12:57:48,341 [main] INFO  server.RaftServerConfigKeys (ConfUtils.java:logGet(43)) - raft.server.log.appender.buffer.byte-limit = 33554432 (custom)
2019-09-04 12:57:48,341 [main] INFO  server.GrpcService (ConfUtils.java:logGet(43)) - raft.grpc.flow.control.window = 1MB (=1048576) (default)
2019-09-04 12:57:48,342 [main] INFO  server.RaftServerConfigKeys (ConfUtils.java:logGet(43)) - raft.server.rpc.request.timeout = 3000ms (default)
2019-09-04 12:57:48,342 [main] INFO  server.RaftServerConfigKeys (ConfUtils.java:logGet(43)) - raft.server.storage.dir = [/workdir/hadoop-ozone/integration-test/target/test-dir/MiniOzoneClusterImpl-ea0c9936-27f2-41d8-a3b5-aa3c9248b619/datanode-4/data/ratis] (custom)
2019-09-04 12:57:48,344 [main] INFO  hdfs.DFSUtil (DFSUtil.java:httpServerTemplateForNNAndJN(1641)) - Starting Web-server for hddsDatanode at: http://0.0.0.0:0
2019-09-04 12:57:48,345 [main] INFO  server.AuthenticationFilter (AuthenticationFilter.java:constructSecretProvider(240)) - Unable to initialize FileSignerSecretProvider, falling back to use random secrets.
2019-09-04 12:57:48,345 [main] WARN  http.HttpRequestLog (HttpRequestLog.java:getRequestLog(97)) - Jetty request log can only be enabled using Log4j
2019-09-04 12:57:48,347 [main] INFO  http.HttpServer2 (HttpServer2.java:addGlobalFilter(975)) - Added global filter 'safety' (class=org.apache.hadoop.http.HttpServer2$QuotingInputFilter)
2019-09-04 12:57:48,348 [main] INFO  http.HttpServer2 (HttpServer2.java:addFilter(948)) - Added filter static_user_filter (class=org.apache.hadoop.http.lib.StaticUserWebFilter$StaticUserFilter) to context hddsDatanode
2019-09-04 12:57:48,348 [main] INFO  http.HttpServer2 (HttpServer2.java:addFilter(958)) - Added filter static_user_filter (class=org.apache.hadoop.http.lib.StaticUserWebFilter$StaticUserFilter) to context static
2019-09-04 12:57:48,348 [main] INFO  http.HttpServer2 (HttpServer2.java:addFilter(958)) - Added filter static_user_filter (class=org.apache.hadoop.http.lib.StaticUserWebFilter$StaticUserFilter) to context logs
2019-09-04 12:57:48,349 [main] INFO  http.HttpServer2 (HttpServer2.java:bindListener(1191)) - Jetty bound to port 41670
2019-09-04 12:57:48,349 [main] INFO  server.Server (Server.java:doStart(351)) - jetty-9.3.24.v20180605, build timestamp: 2018-06-05T17:11:56Z, git hash: 84205aa28f11a4f31f2a3b86d1bba2cc8ab69827
2019-09-04 12:57:48,351 [main] INFO  handler.ContextHandler (ContextHandler.java:doStart(781)) - Started o.e.j.s.ServletContextHandler@18b8d173{/logs,file:///workdir/hadoop-ozone/integration-test/target/log,AVAILABLE}
2019-09-04 12:57:48,352 [main] INFO  handler.ContextHandler (ContextHandler.java:doStart(781)) - Started o.e.j.s.ServletContextHandler@44f24a20{/static,jar:file:/home/user/.m2/repository/org/apache/hadoop/hadoop-hdds-container-service/0.5.0-SNAPSHOT/hadoop-hdds-container-service-0.5.0-SNAPSHOT.jar!/webapps/static,AVAILABLE}
2019-09-04 12:57:48,383 [main] INFO  handler.ContextHandler (ContextHandler.java:doStart(781)) - Started o.e.j.w.WebAppContext@6f94fb9d{/,file:///tmp/jetty-0.0.0.0-41670-hddsDatanode-_-any-7258966888652187651.dir/webapp/,AVAILABLE}{/hddsDatanode}
2019-09-04 12:57:48,385 [main] INFO  server.AbstractConnector (AbstractConnector.java:doStart(278)) - Started ServerConnector@17fa1336{HTTP/1.1,[http/1.1]}{0.0.0.0:41670}
2019-09-04 12:57:48,385 [main] INFO  server.Server (Server.java:doStart(419)) - Started @5423ms
2019-09-04 12:57:48,388 [main] WARN  impl.MetricsSystemImpl (MetricsSystemImpl.java:register(276)) - Sink prometheus already exists!
2019-09-04 12:57:48,389 [main] INFO  server.BaseHttpServer (BaseHttpServer.java:updateConnectorAddress(215)) - HTTP server of HDDSDATANODE is listening at http://0.0.0.0:41670
2019-09-04 12:57:48,389 [main] INFO  impl.MetricsSystemImpl (MetricsSystemImpl.java:init(158)) - HddsDatanode metrics system started (again)
2019-09-04 12:57:48,393 [main] INFO  ozone.HddsDatanodeService (HddsDatanodeService.java:start(184)) - HddsDatanodeService host:pr-hdds-1553-wz5m7-2465012709 ip:192.168.34.40
2019-09-04 12:57:48,393 [org.apache.hadoop.util.JvmPauseMonitor$Monitor@13bb623] INFO  util.JvmPauseMonitor (JvmPauseMonitor.java:run(188)) - Starting JVM pause monitor
2019-09-04 12:57:48,397 [Datanode State Machine Thread - 0] INFO  datanode.InitDatanodeState (InitDatanodeState.java:persistContainerDatanodeDetails(140)) - DatanodeDetails is persisted to /workdir/hadoop-ozone/integration-test/target/test-dir/MiniOzoneClusterImpl-ea0c9936-27f2-41d8-a3b5-aa3c9248b619/datanode-4/meta/datanode.id
2019-09-04 12:57:48,401 [main] INFO  volume.HddsVolume (HddsVolume.java:<init>(176)) - Creating Volume: /workdir/hadoop-ozone/integration-test/target/test-dir/MiniOzoneClusterImpl-ea0c9936-27f2-41d8-a3b5-aa3c9248b619/datanode-5/data/containers/hdds of  storage type : DISK and capacity : 1482555576320
2019-09-04 12:57:48,401 [main] INFO  volume.VolumeSet (VolumeSet.java:initializeVolumeSet(170)) - Added Volume : /workdir/hadoop-ozone/integration-test/target/test-dir/MiniOzoneClusterImpl-ea0c9936-27f2-41d8-a3b5-aa3c9248b619/datanode-5/data/containers/hdds to VolumeSet
2019-09-04 12:57:48,401 [main] INFO  volume.ThrottledAsyncChecker (ThrottledAsyncChecker.java:schedule(140)) - Scheduling a check for org.apache.hadoop.ozone.container.common.volume.HddsVolume@2f84acf7
2019-09-04 12:57:48,402 [main] INFO  volume.HddsVolumeChecker (HddsVolumeChecker.java:checkAllVolumes(203)) - Scheduled health check for volume org.apache.hadoop.ozone.container.common.volume.HddsVolume@2f84acf7
2019-09-04 12:57:48,420 [main] INFO  impl.RaftServerProxy (ConfUtils.java:logGet(43)) - raft.rpc.type = GRPC (default)
2019-09-04 12:57:48,420 [main] INFO  grpc.GrpcFactory (GrpcFactory.java:checkPooledByteBufAllocatorUseCacheForAllThreads(45)) - PERFORMANCE WARNING: useCacheForAllThreads is true that may cause Netty to create a lot garbage objects and, as a result, trigger GC.
	It is recommended to disable useCacheForAllThreads by setting -Dorg.apache.ratis.thirdparty.io.netty.allocator.useCacheForAllThreads=false in command line.
2019-09-04 12:57:48,421 [main] INFO  grpc.GrpcConfigKeys$Server (ConfUtils.java:logGet(43)) - raft.grpc.server.port = 0 (default)
2019-09-04 12:57:48,421 [main] INFO  server.GrpcService (ConfUtils.java:logGet(43)) - raft.grpc.message.size.max = 33570816 (custom)
2019-09-04 12:57:48,421 [main] INFO  server.RaftServerConfigKeys (ConfUtils.java:logGet(43)) - raft.server.log.appender.buffer.byte-limit = 33554432 (custom)
2019-09-04 12:57:48,421 [main] INFO  server.GrpcService (ConfUtils.java:logGet(43)) - raft.grpc.flow.control.window = 1MB (=1048576) (default)
2019-09-04 12:57:48,422 [main] INFO  server.RaftServerConfigKeys (ConfUtils.java:logGet(43)) - raft.server.rpc.request.timeout = 3000ms (default)
2019-09-04 12:57:48,422 [main] INFO  server.RaftServerConfigKeys (ConfUtils.java:logGet(43)) - raft.server.storage.dir = [/workdir/hadoop-ozone/integration-test/target/test-dir/MiniOzoneClusterImpl-ea0c9936-27f2-41d8-a3b5-aa3c9248b619/datanode-5/data/ratis] (custom)
2019-09-04 12:57:48,424 [main] INFO  hdfs.DFSUtil (DFSUtil.java:httpServerTemplateForNNAndJN(1641)) - Starting Web-server for hddsDatanode at: http://0.0.0.0:0
2019-09-04 12:57:48,426 [main] INFO  server.AuthenticationFilter (AuthenticationFilter.java:constructSecretProvider(240)) - Unable to initialize FileSignerSecretProvider, falling back to use random secrets.
2019-09-04 12:57:48,427 [main] WARN  http.HttpRequestLog (HttpRequestLog.java:getRequestLog(97)) - Jetty request log can only be enabled using Log4j
2019-09-04 12:57:48,429 [main] INFO  http.HttpServer2 (HttpServer2.java:addGlobalFilter(975)) - Added global filter 'safety' (class=org.apache.hadoop.http.HttpServer2$QuotingInputFilter)
2019-09-04 12:57:48,430 [main] INFO  http.HttpServer2 (HttpServer2.java:addFilter(948)) - Added filter static_user_filter (class=org.apache.hadoop.http.lib.StaticUserWebFilter$StaticUserFilter) to context hddsDatanode
2019-09-04 12:57:48,431 [main] INFO  http.HttpServer2 (HttpServer2.java:addFilter(958)) - Added filter static_user_filter (class=org.apache.hadoop.http.lib.StaticUserWebFilter$StaticUserFilter) to context static
2019-09-04 12:57:48,431 [main] INFO  http.HttpServer2 (HttpServer2.java:addFilter(958)) - Added filter static_user_filter (class=org.apache.hadoop.http.lib.StaticUserWebFilter$StaticUserFilter) to context logs
2019-09-04 12:57:48,432 [main] INFO  http.HttpServer2 (HttpServer2.java:bindListener(1191)) - Jetty bound to port 38177
2019-09-04 12:57:48,433 [main] INFO  server.Server (Server.java:doStart(351)) - jetty-9.3.24.v20180605, build timestamp: 2018-06-05T17:11:56Z, git hash: 84205aa28f11a4f31f2a3b86d1bba2cc8ab69827
2019-09-04 12:57:48,435 [main] INFO  handler.ContextHandler (ContextHandler.java:doStart(781)) - Started o.e.j.s.ServletContextHandler@56637cff{/logs,file:///workdir/hadoop-ozone/integration-test/target/log,AVAILABLE}
2019-09-04 12:57:48,436 [main] INFO  handler.ContextHandler (ContextHandler.java:doStart(781)) - Started o.e.j.s.ServletContextHandler@127a7272{/static,jar:file:/home/user/.m2/repository/org/apache/hadoop/hadoop-hdds-container-service/0.5.0-SNAPSHOT/hadoop-hdds-container-service-0.5.0-SNAPSHOT.jar!/webapps/static,AVAILABLE}
2019-09-04 12:57:48,479 [main] INFO  handler.ContextHandler (ContextHandler.java:doStart(781)) - Started o.e.j.w.WebAppContext@12eedfee{/,file:///tmp/jetty-0.0.0.0-38177-hddsDatanode-_-any-7968411882270153331.dir/webapp/,AVAILABLE}{/hddsDatanode}
2019-09-04 12:57:48,480 [main] INFO  server.AbstractConnector (AbstractConnector.java:doStart(278)) - Started ServerConnector@3c3c4a71{HTTP/1.1,[http/1.1]}{0.0.0.0:38177}
2019-09-04 12:57:48,481 [main] INFO  server.Server (Server.java:doStart(419)) - Started @5519ms
2019-09-04 12:57:48,481 [main] WARN  impl.MetricsSystemImpl (MetricsSystemImpl.java:register(276)) - Sink prometheus already exists!
2019-09-04 12:57:48,482 [main] INFO  server.BaseHttpServer (BaseHttpServer.java:updateConnectorAddress(215)) - HTTP server of HDDSDATANODE is listening at http://0.0.0.0:38177
2019-09-04 12:57:48,483 [main] INFO  impl.MetricsSystemImpl (MetricsSystemImpl.java:init(158)) - HddsDatanode metrics system started (again)
2019-09-04 12:57:48,487 [org.apache.hadoop.util.JvmPauseMonitor$Monitor@716d7cd3] INFO  util.JvmPauseMonitor (JvmPauseMonitor.java:run(188)) - Starting JVM pause monitor
2019-09-04 12:57:48,487 [main] INFO  ozone.HddsDatanodeService (HddsDatanodeService.java:start(184)) - HddsDatanodeService host:pr-hdds-1553-wz5m7-2465012709 ip:192.168.34.40
2019-09-04 12:57:48,490 [Datanode State Machine Thread - 0] INFO  datanode.InitDatanodeState (InitDatanodeState.java:persistContainerDatanodeDetails(140)) - DatanodeDetails is persisted to /workdir/hadoop-ozone/integration-test/target/test-dir/MiniOzoneClusterImpl-ea0c9936-27f2-41d8-a3b5-aa3c9248b619/datanode-5/meta/datanode.id
2019-09-04 12:57:48,497 [main] INFO  volume.HddsVolume (HddsVolume.java:<init>(176)) - Creating Volume: /workdir/hadoop-ozone/integration-test/target/test-dir/MiniOzoneClusterImpl-ea0c9936-27f2-41d8-a3b5-aa3c9248b619/datanode-6/data/containers/hdds of  storage type : DISK and capacity : 1482555576320
2019-09-04 12:57:48,497 [main] INFO  volume.VolumeSet (VolumeSet.java:initializeVolumeSet(170)) - Added Volume : /workdir/hadoop-ozone/integration-test/target/test-dir/MiniOzoneClusterImpl-ea0c9936-27f2-41d8-a3b5-aa3c9248b619/datanode-6/data/containers/hdds to VolumeSet
2019-09-04 12:57:48,497 [main] INFO  volume.ThrottledAsyncChecker (ThrottledAsyncChecker.java:schedule(140)) - Scheduling a check for org.apache.hadoop.ozone.container.common.volume.HddsVolume@439b15f2
2019-09-04 12:57:48,498 [main] INFO  volume.HddsVolumeChecker (HddsVolumeChecker.java:checkAllVolumes(203)) - Scheduled health check for volume org.apache.hadoop.ozone.container.common.volume.HddsVolume@439b15f2
2019-09-04 12:57:48,511 [main] INFO  impl.RaftServerProxy (ConfUtils.java:logGet(43)) - raft.rpc.type = GRPC (default)
2019-09-04 12:57:48,511 [main] INFO  grpc.GrpcFactory (GrpcFactory.java:checkPooledByteBufAllocatorUseCacheForAllThreads(45)) - PERFORMANCE WARNING: useCacheForAllThreads is true that may cause Netty to create a lot garbage objects and, as a result, trigger GC.
	It is recommended to disable useCacheForAllThreads by setting -Dorg.apache.ratis.thirdparty.io.netty.allocator.useCacheForAllThreads=false in command line.
2019-09-04 12:57:48,511 [main] INFO  grpc.GrpcConfigKeys$Server (ConfUtils.java:logGet(43)) - raft.grpc.server.port = 0 (default)
2019-09-04 12:57:48,511 [main] INFO  server.GrpcService (ConfUtils.java:logGet(43)) - raft.grpc.message.size.max = 33570816 (custom)
2019-09-04 12:57:48,512 [main] INFO  server.RaftServerConfigKeys (ConfUtils.java:logGet(43)) - raft.server.log.appender.buffer.byte-limit = 33554432 (custom)
2019-09-04 12:57:48,512 [main] INFO  server.GrpcService (ConfUtils.java:logGet(43)) - raft.grpc.flow.control.window = 1MB (=1048576) (default)
2019-09-04 12:57:48,512 [main] INFO  server.RaftServerConfigKeys (ConfUtils.java:logGet(43)) - raft.server.rpc.request.timeout = 3000ms (default)
2019-09-04 12:57:48,513 [main] INFO  server.RaftServerConfigKeys (ConfUtils.java:logGet(43)) - raft.server.storage.dir = [/workdir/hadoop-ozone/integration-test/target/test-dir/MiniOzoneClusterImpl-ea0c9936-27f2-41d8-a3b5-aa3c9248b619/datanode-6/data/ratis] (custom)
2019-09-04 12:57:48,514 [main] INFO  hdfs.DFSUtil (DFSUtil.java:httpServerTemplateForNNAndJN(1641)) - Starting Web-server for hddsDatanode at: http://0.0.0.0:0
2019-09-04 12:57:48,516 [main] INFO  server.AuthenticationFilter (AuthenticationFilter.java:constructSecretProvider(240)) - Unable to initialize FileSignerSecretProvider, falling back to use random secrets.
2019-09-04 12:57:48,517 [main] WARN  http.HttpRequestLog (HttpRequestLog.java:getRequestLog(97)) - Jetty request log can only be enabled using Log4j
2019-09-04 12:57:48,519 [main] INFO  http.HttpServer2 (HttpServer2.java:addGlobalFilter(975)) - Added global filter 'safety' (class=org.apache.hadoop.http.HttpServer2$QuotingInputFilter)
2019-09-04 12:57:48,520 [main] INFO  http.HttpServer2 (HttpServer2.java:addFilter(948)) - Added filter static_user_filter (class=org.apache.hadoop.http.lib.StaticUserWebFilter$StaticUserFilter) to context hddsDatanode
2019-09-04 12:57:48,520 [main] INFO  http.HttpServer2 (HttpServer2.java:addFilter(958)) - Added filter static_user_filter (class=org.apache.hadoop.http.lib.StaticUserWebFilter$StaticUserFilter) to context static
2019-09-04 12:57:48,520 [main] INFO  http.HttpServer2 (HttpServer2.java:addFilter(958)) - Added filter static_user_filter (class=org.apache.hadoop.http.lib.StaticUserWebFilter$StaticUserFilter) to context logs
2019-09-04 12:57:48,521 [main] INFO  http.HttpServer2 (HttpServer2.java:bindListener(1191)) - Jetty bound to port 38923
2019-09-04 12:57:48,521 [main] INFO  server.Server (Server.java:doStart(351)) - jetty-9.3.24.v20180605, build timestamp: 2018-06-05T17:11:56Z, git hash: 84205aa28f11a4f31f2a3b86d1bba2cc8ab69827
2019-09-04 12:57:48,523 [main] INFO  handler.ContextHandler (ContextHandler.java:doStart(781)) - Started o.e.j.s.ServletContextHandler@2dc3271b{/logs,file:///workdir/hadoop-ozone/integration-test/target/log,AVAILABLE}
2019-09-04 12:57:48,524 [main] INFO  handler.ContextHandler (ContextHandler.java:doStart(781)) - Started o.e.j.s.ServletContextHandler@3d0035d2{/static,jar:file:/home/user/.m2/repository/org/apache/hadoop/hadoop-hdds-container-service/0.5.0-SNAPSHOT/hadoop-hdds-container-service-0.5.0-SNAPSHOT.jar!/webapps/static,AVAILABLE}
2019-09-04 12:57:48,560 [main] INFO  handler.ContextHandler (ContextHandler.java:doStart(781)) - Started o.e.j.w.WebAppContext@66b59b7d{/,file:///tmp/jetty-0.0.0.0-38923-hddsDatanode-_-any-4727562026140112947.dir/webapp/,AVAILABLE}{/hddsDatanode}
2019-09-04 12:57:48,561 [main] INFO  server.AbstractConnector (AbstractConnector.java:doStart(278)) - Started ServerConnector@53311681{HTTP/1.1,[http/1.1]}{0.0.0.0:38923}
2019-09-04 12:57:48,561 [main] INFO  server.Server (Server.java:doStart(419)) - Started @5600ms
2019-09-04 12:57:48,562 [main] WARN  impl.MetricsSystemImpl (MetricsSystemImpl.java:register(276)) - Sink prometheus already exists!
2019-09-04 12:57:48,562 [main] INFO  server.BaseHttpServer (BaseHttpServer.java:updateConnectorAddress(215)) - HTTP server of HDDSDATANODE is listening at http://0.0.0.0:38923
2019-09-04 12:57:48,565 [main] INFO  ozone.MiniOzoneClusterImpl (MiniOzoneClusterImpl.java:lambda$waitForClusterToBeReady$0(140)) - Waiting for cluster to be ready. Got 0 of 7 DN Heartbeats.
2019-09-04 12:57:48,566 [org.apache.hadoop.util.JvmPauseMonitor$Monitor@76d94205] INFO  util.JvmPauseMonitor (JvmPauseMonitor.java:run(188)) - Starting JVM pause monitor
2019-09-04 12:57:48,568 [Datanode State Machine Thread - 0] INFO  datanode.InitDatanodeState (InitDatanodeState.java:persistContainerDatanodeDetails(140)) - DatanodeDetails is persisted to /workdir/hadoop-ozone/integration-test/target/test-dir/MiniOzoneClusterImpl-ea0c9936-27f2-41d8-a3b5-aa3c9248b619/datanode-6/meta/datanode.id
2019-09-04 12:57:49,565 [main] INFO  ozone.MiniOzoneClusterImpl (MiniOzoneClusterImpl.java:lambda$waitForClusterToBeReady$0(140)) - Waiting for cluster to be ready. Got 0 of 7 DN Heartbeats.
2019-09-04 12:57:50,153 [Datanode State Machine Thread - 0] INFO  ozoneimpl.OzoneContainer (OzoneContainer.java:start(201)) - Attempting to start container services.
2019-09-04 12:57:50,155 [Datanode State Machine Thread - 0] INFO  ozoneimpl.OzoneContainer (OzoneContainer.java:startContainerScrub(175)) - Background container scrubber has been disabled by hdds.containerscrub.enabled
2019-09-04 12:57:50,155 [Datanode State Machine Thread - 0] INFO  ratis.XceiverServerRatis (XceiverServerRatis.java:start(393)) - Starting XceiverServerRatis 0a6371c7-e9de-42bd-a046-6f0feeb71a95 at port 0
2019-09-04 12:57:50,169 [Datanode State Machine Thread - 0] INFO  ozoneimpl.OzoneContainer (OzoneContainer.java:start(201)) - Attempting to start container services.
2019-09-04 12:57:50,175 [Datanode State Machine Thread - 0] INFO  ozoneimpl.OzoneContainer (OzoneContainer.java:startContainerScrub(175)) - Background container scrubber has been disabled by hdds.containerscrub.enabled
2019-09-04 12:57:50,175 [Datanode State Machine Thread - 0] INFO  ratis.XceiverServerRatis (XceiverServerRatis.java:start(393)) - Starting XceiverServerRatis c961c69f-9eae-4d72-9c2a-0156ee378652 at port 0
2019-09-04 12:57:50,185 [Datanode State Machine Thread - 0] INFO  impl.RaftServerProxy (RaftServerProxy.java:lambda$start$3(299)) - 0a6371c7-e9de-42bd-a046-6f0feeb71a95: start RPC server
2019-09-04 12:57:50,187 [Datanode State Machine Thread - 0] INFO  impl.RaftServerProxy (RaftServerProxy.java:lambda$start$3(299)) - c961c69f-9eae-4d72-9c2a-0156ee378652: start RPC server
2019-09-04 12:57:50,237 [Datanode State Machine Thread - 0] INFO  ozoneimpl.OzoneContainer (OzoneContainer.java:start(201)) - Attempting to start container services.
2019-09-04 12:57:50,241 [Datanode State Machine Thread - 0] INFO  ozoneimpl.OzoneContainer (OzoneContainer.java:startContainerScrub(175)) - Background container scrubber has been disabled by hdds.containerscrub.enabled
2019-09-04 12:57:50,242 [Datanode State Machine Thread - 0] INFO  ratis.XceiverServerRatis (XceiverServerRatis.java:start(393)) - Starting XceiverServerRatis 41b70c7e-0a9b-42f1-bdd5-b75d7be68999 at port 0
2019-09-04 12:57:50,251 [Datanode State Machine Thread - 0] INFO  impl.RaftServerProxy (RaftServerProxy.java:lambda$start$3(299)) - 41b70c7e-0a9b-42f1-bdd5-b75d7be68999: start RPC server
2019-09-04 12:57:50,332 [Datanode State Machine Thread - 0] INFO  ozoneimpl.OzoneContainer (OzoneContainer.java:start(201)) - Attempting to start container services.
2019-09-04 12:57:50,333 [Datanode State Machine Thread - 0] INFO  ozoneimpl.OzoneContainer (OzoneContainer.java:startContainerScrub(175)) - Background container scrubber has been disabled by hdds.containerscrub.enabled
2019-09-04 12:57:50,333 [Datanode State Machine Thread - 0] INFO  ratis.XceiverServerRatis (XceiverServerRatis.java:start(393)) - Starting XceiverServerRatis 2e6edd61-a3cd-4fc6-8ced-1e6b5c08eab5 at port 0
2019-09-04 12:57:50,355 [Datanode State Machine Thread - 0] INFO  impl.RaftServerProxy (RaftServerProxy.java:lambda$start$3(299)) - 2e6edd61-a3cd-4fc6-8ced-1e6b5c08eab5: start RPC server
2019-09-04 12:57:50,375 [Datanode State Machine Thread - 0] INFO  server.GrpcService (GrpcService.java:startImpl(149)) - c961c69f-9eae-4d72-9c2a-0156ee378652: GrpcService started, listening on 0.0.0.0/0.0.0.0:37448
2019-09-04 12:57:50,375 [Datanode State Machine Thread - 0] INFO  server.GrpcService (GrpcService.java:startImpl(149)) - 2e6edd61-a3cd-4fc6-8ced-1e6b5c08eab5: GrpcService started, listening on 0.0.0.0/0.0.0.0:45365
2019-09-04 12:57:50,377 [Datanode State Machine Thread - 0] INFO  ratis.XceiverServerRatis (XceiverServerRatis.java:start(403)) - XceiverServerRatis 2e6edd61-a3cd-4fc6-8ced-1e6b5c08eab5 is started using port 45365
2019-09-04 12:57:50,375 [Datanode State Machine Thread - 0] INFO  server.GrpcService (GrpcService.java:startImpl(149)) - 0a6371c7-e9de-42bd-a046-6f0feeb71a95: GrpcService started, listening on 0.0.0.0/0.0.0.0:42776
2019-09-04 12:57:50,375 [Datanode State Machine Thread - 0] INFO  server.GrpcService (GrpcService.java:startImpl(149)) - 41b70c7e-0a9b-42f1-bdd5-b75d7be68999: GrpcService started, listening on 0.0.0.0/0.0.0.0:44764
2019-09-04 12:57:50,378 [Datanode State Machine Thread - 0] INFO  ratis.XceiverServerRatis (XceiverServerRatis.java:start(403)) - XceiverServerRatis 0a6371c7-e9de-42bd-a046-6f0feeb71a95 is started using port 42776
2019-09-04 12:57:50,377 [Datanode State Machine Thread - 0] INFO  ratis.XceiverServerRatis (XceiverServerRatis.java:start(403)) - XceiverServerRatis c961c69f-9eae-4d72-9c2a-0156ee378652 is started using port 37448
2019-09-04 12:57:50,378 [Datanode State Machine Thread - 0] INFO  ratis.XceiverServerRatis (XceiverServerRatis.java:start(403)) - XceiverServerRatis 41b70c7e-0a9b-42f1-bdd5-b75d7be68999 is started using port 44764
2019-09-04 12:57:50,388 [Datanode State Machine Thread - 0] INFO  server.XceiverServerGrpc (XceiverServerGrpc.java:start(163)) - XceiverServerGrpc 41b70c7e-0a9b-42f1-bdd5-b75d7be68999 is started using port 41178
2019-09-04 12:57:50,388 [Datanode State Machine Thread - 0] INFO  server.XceiverServerGrpc (XceiverServerGrpc.java:start(163)) - XceiverServerGrpc 2e6edd61-a3cd-4fc6-8ced-1e6b5c08eab5 is started using port 32779
2019-09-04 12:57:50,388 [Datanode State Machine Thread - 0] INFO  server.XceiverServerGrpc (XceiverServerGrpc.java:start(163)) - XceiverServerGrpc c961c69f-9eae-4d72-9c2a-0156ee378652 is started using port 38713
2019-09-04 12:57:50,388 [Datanode State Machine Thread - 0] INFO  server.XceiverServerGrpc (XceiverServerGrpc.java:start(163)) - XceiverServerGrpc 0a6371c7-e9de-42bd-a046-6f0feeb71a95 is started using port 44089
2019-09-04 12:57:50,417 [Datanode State Machine Thread - 0] INFO  ozoneimpl.OzoneContainer (OzoneContainer.java:start(201)) - Attempting to start container services.
2019-09-04 12:57:50,417 [Datanode State Machine Thread - 0] INFO  ozoneimpl.OzoneContainer (OzoneContainer.java:startContainerScrub(175)) - Background container scrubber has been disabled by hdds.containerscrub.enabled
2019-09-04 12:57:50,417 [Datanode State Machine Thread - 0] INFO  ratis.XceiverServerRatis (XceiverServerRatis.java:start(393)) - Starting XceiverServerRatis 6cbd16fb-409a-4203-ae13-b6936b2a9753 at port 0
2019-09-04 12:57:50,422 [Datanode State Machine Thread - 0] INFO  impl.RaftServerProxy (RaftServerProxy.java:lambda$start$3(299)) - 6cbd16fb-409a-4203-ae13-b6936b2a9753: start RPC server
2019-09-04 12:57:50,426 [Datanode State Machine Thread - 0] INFO  server.GrpcService (GrpcService.java:startImpl(149)) - 6cbd16fb-409a-4203-ae13-b6936b2a9753: GrpcService started, listening on 0.0.0.0/0.0.0.0:42358
2019-09-04 12:57:50,426 [Datanode State Machine Thread - 0] INFO  ratis.XceiverServerRatis (XceiverServerRatis.java:start(403)) - XceiverServerRatis 6cbd16fb-409a-4203-ae13-b6936b2a9753 is started using port 42358
2019-09-04 12:57:50,431 [Datanode State Machine Thread - 0] INFO  server.XceiverServerGrpc (XceiverServerGrpc.java:start(163)) - XceiverServerGrpc 6cbd16fb-409a-4203-ae13-b6936b2a9753 is started using port 34266
2019-09-04 12:57:50,503 [Datanode State Machine Thread - 0] INFO  ozoneimpl.OzoneContainer (OzoneContainer.java:start(201)) - Attempting to start container services.
2019-09-04 12:57:50,504 [Datanode State Machine Thread - 0] INFO  ozoneimpl.OzoneContainer (OzoneContainer.java:startContainerScrub(175)) - Background container scrubber has been disabled by hdds.containerscrub.enabled
2019-09-04 12:57:50,504 [Datanode State Machine Thread - 0] INFO  ratis.XceiverServerRatis (XceiverServerRatis.java:start(393)) - Starting XceiverServerRatis a406e7a3-25da-4471-b260-f46b81080cf7 at port 0
2019-09-04 12:57:50,512 [Datanode State Machine Thread - 0] INFO  impl.RaftServerProxy (RaftServerProxy.java:lambda$start$3(299)) - a406e7a3-25da-4471-b260-f46b81080cf7: start RPC server
2019-09-04 12:57:50,515 [Datanode State Machine Thread - 0] INFO  server.GrpcService (GrpcService.java:startImpl(149)) - a406e7a3-25da-4471-b260-f46b81080cf7: GrpcService started, listening on 0.0.0.0/0.0.0.0:44207
2019-09-04 12:57:50,516 [Datanode State Machine Thread - 0] INFO  ratis.XceiverServerRatis (XceiverServerRatis.java:start(403)) - XceiverServerRatis a406e7a3-25da-4471-b260-f46b81080cf7 is started using port 44207
2019-09-04 12:57:50,519 [Datanode State Machine Thread - 0] INFO  server.XceiverServerGrpc (XceiverServerGrpc.java:start(163)) - XceiverServerGrpc a406e7a3-25da-4471-b260-f46b81080cf7 is started using port 41700
2019-09-04 12:57:50,566 [main] INFO  ozone.MiniOzoneClusterImpl (MiniOzoneClusterImpl.java:lambda$waitForClusterToBeReady$0(140)) - Waiting for cluster to be ready. Got 0 of 7 DN Heartbeats.
2019-09-04 12:57:50,581 [Datanode State Machine Thread - 0] INFO  ozoneimpl.OzoneContainer (OzoneContainer.java:start(201)) - Attempting to start container services.
2019-09-04 12:57:50,582 [Datanode State Machine Thread - 0] INFO  ozoneimpl.OzoneContainer (OzoneContainer.java:startContainerScrub(175)) - Background container scrubber has been disabled by hdds.containerscrub.enabled
2019-09-04 12:57:50,582 [Datanode State Machine Thread - 0] INFO  ratis.XceiverServerRatis (XceiverServerRatis.java:start(393)) - Starting XceiverServerRatis 0b7b5e0e-aa68-4a1e-b481-ada831baaf89 at port 0
2019-09-04 12:57:50,591 [Datanode State Machine Thread - 0] INFO  impl.RaftServerProxy (RaftServerProxy.java:lambda$start$3(299)) - 0b7b5e0e-aa68-4a1e-b481-ada831baaf89: start RPC server
2019-09-04 12:57:50,595 [Datanode State Machine Thread - 0] INFO  server.GrpcService (GrpcService.java:startImpl(149)) - 0b7b5e0e-aa68-4a1e-b481-ada831baaf89: GrpcService started, listening on 0.0.0.0/0.0.0.0:41108
2019-09-04 12:57:50,595 [Datanode State Machine Thread - 0] INFO  ratis.XceiverServerRatis (XceiverServerRatis.java:start(403)) - XceiverServerRatis 0b7b5e0e-aa68-4a1e-b481-ada831baaf89 is started using port 41108
2019-09-04 12:57:50,599 [Datanode State Machine Thread - 0] INFO  server.XceiverServerGrpc (XceiverServerGrpc.java:start(163)) - XceiverServerGrpc 0b7b5e0e-aa68-4a1e-b481-ada831baaf89 is started using port 33032
2019-09-04 12:57:51,567 [main] INFO  ozone.MiniOzoneClusterImpl (MiniOzoneClusterImpl.java:lambda$waitForClusterToBeReady$0(140)) - Waiting for cluster to be ready. Got 0 of 7 DN Heartbeats.
2019-09-04 12:57:52,117 [IPC Server handler 1 on 40857] INFO  net.NetworkTopology (NetworkTopologyImpl.java:add(110)) - Added a new node: /default-rack/0a6371c7-e9de-42bd-a046-6f0feeb71a95
2019-09-04 12:57:52,118 [IPC Server handler 1 on 40857] INFO  node.SCMNodeManager (SCMNodeManager.java:register(266)) - Registered Data node : 0a6371c7-e9de-42bd-a046-6f0feeb71a95{ip: 192.168.34.40, host: pr-hdds-1553-wz5m7-2465012709, networkLocation: /default-rack, certSerialId: null}
2019-09-04 12:57:52,124 [EventQueue-NodeRegistrationContainerReportForDataNodeSafeModeRule] INFO  safemode.SCMSafeModeManager (DataNodeSafeModeRule.java:process(71)) - SCM in safe mode. 1 DataNodes registered, 1 required.
2019-09-04 12:57:52,124 [EventQueue-NodeRegistrationContainerReportForDataNodeSafeModeRule] INFO  safemode.SCMSafeModeManager (SCMSafeModeManager.java:validateSafeModeExitRules(177)) - ScmSafeModeManager, all rules are successfully validated
2019-09-04 12:57:52,124 [EventQueue-NodeRegistrationContainerReportForDataNodeSafeModeRule] INFO  safemode.SCMSafeModeManager (SCMSafeModeManager.java:exitSafeMode(193)) - SCM exiting safe mode.
2019-09-04 12:57:52,153 [IPC Server handler 2 on 40857] INFO  net.NetworkTopology (NetworkTopologyImpl.java:add(110)) - Added a new node: /default-rack/c961c69f-9eae-4d72-9c2a-0156ee378652
2019-09-04 12:57:52,154 [IPC Server handler 2 on 40857] INFO  node.SCMNodeManager (SCMNodeManager.java:register(266)) - Registered Data node : c961c69f-9eae-4d72-9c2a-0156ee378652{ip: 192.168.34.40, host: pr-hdds-1553-wz5m7-2465012709, networkLocation: /default-rack, certSerialId: null}
2019-09-04 12:57:52,226 [IPC Server handler 4 on 40857] INFO  net.NetworkTopology (NetworkTopologyImpl.java:add(110)) - Added a new node: /default-rack/41b70c7e-0a9b-42f1-bdd5-b75d7be68999
2019-09-04 12:57:52,227 [IPC Server handler 4 on 40857] INFO  node.SCMNodeManager (SCMNodeManager.java:register(266)) - Registered Data node : 41b70c7e-0a9b-42f1-bdd5-b75d7be68999{ip: 192.168.34.40, host: pr-hdds-1553-wz5m7-2465012709, networkLocation: /default-rack, certSerialId: null}
2019-09-04 12:57:52,320 [IPC Server handler 3 on 40857] INFO  net.NetworkTopology (NetworkTopologyImpl.java:add(110)) - Added a new node: /default-rack/2e6edd61-a3cd-4fc6-8ced-1e6b5c08eab5
2019-09-04 12:57:52,320 [IPC Server handler 3 on 40857] INFO  node.SCMNodeManager (SCMNodeManager.java:register(266)) - Registered Data node : 2e6edd61-a3cd-4fc6-8ced-1e6b5c08eab5{ip: 192.168.34.40, host: pr-hdds-1553-wz5m7-2465012709, networkLocation: /default-rack, certSerialId: null}
2019-09-04 12:57:52,399 [IPC Server handler 6 on 40857] INFO  net.NetworkTopology (NetworkTopologyImpl.java:add(110)) - Added a new node: /default-rack/6cbd16fb-409a-4203-ae13-b6936b2a9753
2019-09-04 12:57:52,399 [IPC Server handler 6 on 40857] INFO  node.SCMNodeManager (SCMNodeManager.java:register(266)) - Registered Data node : 6cbd16fb-409a-4203-ae13-b6936b2a9753{ip: 192.168.34.40, host: pr-hdds-1553-wz5m7-2465012709, networkLocation: /default-rack, certSerialId: null}
2019-09-04 12:57:52,518 [IPC Server handler 5 on 40857] INFO  net.NetworkTopology (NetworkTopologyImpl.java:add(110)) - Added a new node: /default-rack/a406e7a3-25da-4471-b260-f46b81080cf7
2019-09-04 12:57:52,519 [IPC Server handler 5 on 40857] INFO  node.SCMNodeManager (SCMNodeManager.java:register(266)) - Registered Data node : a406e7a3-25da-4471-b260-f46b81080cf7{ip: 192.168.34.40, host: pr-hdds-1553-wz5m7-2465012709, networkLocation: /default-rack, certSerialId: null}
2019-09-04 12:57:52,569 [main] INFO  ozone.MiniOzoneClusterImpl (MiniOzoneClusterImpl.java:lambda$waitForClusterToBeReady$0(140)) - Waiting for cluster to be ready. Got 6 of 7 DN Heartbeats.
2019-09-04 12:57:52,570 [IPC Server handler 7 on 40857] INFO  net.NetworkTopology (NetworkTopologyImpl.java:add(110)) - Added a new node: /default-rack/0b7b5e0e-aa68-4a1e-b481-ada831baaf89
2019-09-04 12:57:52,570 [IPC Server handler 7 on 40857] INFO  node.SCMNodeManager (SCMNodeManager.java:register(266)) - Registered Data node : 0b7b5e0e-aa68-4a1e-b481-ada831baaf89{ip: 192.168.34.40, host: pr-hdds-1553-wz5m7-2465012709, networkLocation: /default-rack, certSerialId: null}
2019-09-04 12:57:52,685 [grpc-default-executor-0] INFO  impl.RaftServerProxy (RaftServerProxy.java:addNew(89)) - 0a6371c7-e9de-42bd-a046-6f0feeb71a95: addNew group-7048C7234546:[0a6371c7-e9de-42bd-a046-6f0feeb71a95:192.168.34.40:42776] returns group-7048C7234546:java.util.concurrent.CompletableFuture@5c63b584[Not completed]
2019-09-04 12:57:52,710 [pool-27-thread-1] INFO  impl.RaftServerImpl (RaftServerImpl.java:<init>(93)) - 0a6371c7-e9de-42bd-a046-6f0feeb71a95: new RaftServerImpl for group-7048C7234546:[0a6371c7-e9de-42bd-a046-6f0feeb71a95:192.168.34.40:42776] with ContainerStateMachine:uninitialized
2019-09-04 12:57:52,712 [pool-27-thread-1] INFO  server.RaftServerConfigKeys (ConfUtils.java:logGet(43)) - raft.server.rpc.timeout.min = 5s (custom)
2019-09-04 12:57:52,714 [pool-27-thread-1] INFO  server.RaftServerConfigKeys (ConfUtils.java:logGet(43)) - raft.server.rpc.timeout.max = 5200ms (custom)
2019-09-04 12:57:52,714 [pool-27-thread-1] INFO  server.RaftServerConfigKeys (ConfUtils.java:logGet(43)) - raft.server.rpcslowness.timeout = 120s (custom)
2019-09-04 12:57:52,715 [pool-27-thread-1] INFO  server.RaftServerConfigKeys (ConfUtils.java:logGet(43)) - raft.server.sleep.deviation.threshold = 300 (default)
2019-09-04 12:57:52,716 [pool-27-thread-1] INFO  server.RaftServerConfigKeys (ConfUtils.java:logGet(43)) - raft.server.log.appender.install.snapshot.enabled = false (custom)
2019-09-04 12:57:52,726 [pool-27-thread-1] INFO  impl.RaftServerImpl (ServerState.java:<init>(105)) - 0a6371c7-e9de-42bd-a046-6f0feeb71a95:group-7048C7234546 ConfigurationManager, init=-1: [0a6371c7-e9de-42bd-a046-6f0feeb71a95:192.168.34.40:42776], old=null, confs=<EMPTY_MAP>
2019-09-04 12:57:52,726 [pool-27-thread-1] INFO  server.RaftServerConfigKeys (ConfUtils.java:logGet(43)) - raft.server.storage.dir = [/workdir/hadoop-ozone/integration-test/target/test-dir/MiniOzoneClusterImpl-ea0c9936-27f2-41d8-a3b5-aa3c9248b619/datanode-0/data/ratis] (custom)
2019-09-04 12:57:52,735 [pool-27-thread-1] INFO  storage.RaftStorageDirectory (RaftStorageDirectory.java:analyzeStorage(246)) - The storage directory /workdir/hadoop-ozone/integration-test/target/test-dir/MiniOzoneClusterImpl-ea0c9936-27f2-41d8-a3b5-aa3c9248b619/datanode-0/data/ratis/8edb2abd-2cbe-4758-94fe-7048c7234546 does not exist. Creating ...
2019-09-04 12:57:52,765 [pool-27-thread-1] INFO  storage.RaftStorageDirectory (RaftStorageDirectory.java:tryLock(328)) - Lock on /workdir/hadoop-ozone/integration-test/target/test-dir/MiniOzoneClusterImpl-ea0c9936-27f2-41d8-a3b5-aa3c9248b619/datanode-0/data/ratis/8edb2abd-2cbe-4758-94fe-7048c7234546/in_use.lock acquired by nodename 3419@pr-hdds-1553-wz5m7-2465012709
2019-09-04 12:57:52,781 [pool-27-thread-1] INFO  storage.RaftStorage (RaftStorage.java:format(72)) - Storage directory /workdir/hadoop-ozone/integration-test/target/test-dir/MiniOzoneClusterImpl-ea0c9936-27f2-41d8-a3b5-aa3c9248b619/datanode-0/data/ratis/8edb2abd-2cbe-4758-94fe-7048c7234546 has been successfully formatted.
2019-09-04 12:57:52,784 [pool-27-thread-1] INFO  ratis.ContainerStateMachine (ContainerStateMachine.java:loadSnapshot(227)) - group-7048C7234546: The snapshot info is null. Setting the last applied indexto:(t:0, i:~)
2019-09-04 12:57:52,784 [pool-27-thread-1] INFO  server.RaftServerConfigKeys (ConfUtils.java:logGet(43)) - raft.server.leader.election.timeout = 120s (custom)
2019-09-04 12:57:52,787 [pool-27-thread-1] INFO  server.RaftServerConfigKeys (ConfUtils.java:logGet(43)) - raft.server.log.use.memory = false (default)
2019-09-04 12:57:52,794 [pool-27-thread-1] INFO  server.RaftServerConfigKeys (ConfUtils.java:logGet(43)) - raft.server.log.purge.gap = 1000000 (custom)
2019-09-04 12:57:52,794 [pool-27-thread-1] INFO  server.RaftServerConfigKeys (ConfUtils.java:logGet(43)) - raft.server.log.appender.buffer.byte-limit = 33554432 (custom)
2019-09-04 12:57:52,796 [pool-27-thread-1] INFO  server.RaftServerConfigKeys (ConfUtils.java:logGet(43)) - raft.server.log.segment.size.max = 1048576 (custom)
2019-09-04 12:57:52,802 [pool-27-thread-1] INFO  server.RaftServerConfigKeys (ConfUtils.java:logGet(43)) - raft.server.log.segment.cache.num.max = 2 (custom)
2019-09-04 12:57:52,809 [pool-27-thread-1] INFO  segmented.SegmentedRaftLogWorker (SegmentedRaftLogWorker.java:<init>(172)) - new 0a6371c7-e9de-42bd-a046-6f0feeb71a95-SegmentedRaftLogWorker:Storage Directory /workdir/hadoop-ozone/integration-test/target/test-dir/MiniOzoneClusterImpl-ea0c9936-27f2-41d8-a3b5-aa3c9248b619/datanode-0/data/ratis/8edb2abd-2cbe-4758-94fe-7048c7234546 for RaftStorage:Storage Directory /workdir/hadoop-ozone/integration-test/target/test-dir/MiniOzoneClusterImpl-ea0c9936-27f2-41d8-a3b5-aa3c9248b619/datanode-0/data/ratis/8edb2abd-2cbe-4758-94fe-7048c7234546
2019-09-04 12:57:52,824 [pool-27-thread-1] INFO  server.RaftServerConfigKeys (ConfUtils.java:logGet(43)) - raft.server.log.queue.byte-limit = 2147483647 (custom)
2019-09-04 12:57:52,824 [pool-27-thread-1] INFO  server.RaftServerConfigKeys (ConfUtils.java:logGet(43)) - raft.server.log.queue.element-limit = 1024 (custom)
2019-09-04 12:57:52,830 [pool-27-thread-1] INFO  server.RaftServerConfigKeys (ConfUtils.java:logGet(43)) - raft.server.log.segment.size.max = 1048576 (custom)
2019-09-04 12:57:52,830 [pool-27-thread-1] INFO  server.RaftServerConfigKeys (ConfUtils.java:logGet(43)) - raft.server.log.preallocated.size = 16384 (custom)
2019-09-04 12:57:52,831 [pool-27-thread-1] INFO  server.RaftServerConfigKeys (ConfUtils.java:logGet(43)) - raft.server.log.write.buffer.size = 33554432 (custom)
2019-09-04 12:57:52,832 [pool-27-thread-1] INFO  server.RaftServerConfigKeys (ConfUtils.java:logGet(43)) - raft.server.log.force.sync.num = 128 (default)
2019-09-04 12:57:52,833 [pool-27-thread-1] INFO  server.RaftServerConfigKeys (ConfUtils.java:logGet(43)) - raft.server.log.statemachine.data.sync = true (default)
2019-09-04 12:57:52,833 [pool-27-thread-1] INFO  server.RaftServerConfigKeys (ConfUtils.java:logGet(43)) - raft.server.log.statemachine.data.sync.timeout = 10s (default)
2019-09-04 12:57:52,833 [pool-27-thread-1] INFO  server.RaftServerConfigKeys (ConfUtils.java:logGet(43)) - raft.server.log.statemachine.data.sync.timeout.retry = -1 (default)
2019-09-04 12:57:52,843 [pool-27-thread-1] INFO  server.RaftServerConfigKeys (ConfUtils.java:logGet(43)) - raft.server.log.statemachine.data.caching.enabled = true (custom)
2019-09-04 12:57:52,848 [pool-27-thread-1] INFO  segmented.SegmentedRaftLogWorker (SegmentedRaftLogWorker.java:lambda$new$0(132)) - 0a6371c7-e9de-42bd-a046-6f0feeb71a95-SegmentedRaftLogWorker:Storage Directory /workdir/hadoop-ozone/integration-test/target/test-dir/MiniOzoneClusterImpl-ea0c9936-27f2-41d8-a3b5-aa3c9248b619/datanode-0/data/ratis/8edb2abd-2cbe-4758-94fe-7048c7234546: flushIndex: setUnconditionally 0 -> -1
2019-09-04 12:57:52,853 [pool-27-thread-1] INFO  server.RaftServerConfigKeys (ConfUtils.java:logGet(43)) - raft.server.snapshot.auto.trigger.enabled = true (custom)
2019-09-04 12:57:52,854 [pool-27-thread-1] INFO  server.RaftServerConfigKeys (ConfUtils.java:logGet(43)) - raft.server.snapshot.auto.trigger.threshold = 10000 (custom)
2019-09-04 12:57:52,854 [pool-27-thread-1] INFO  server.RaftServerConfigKeys (ConfUtils.java:logGet(43)) - raft.server.retrycache.expirytime = 600000ms (custom)
2019-09-04 12:57:52,876 [pool-27-thread-1] INFO  impl.RaftServerImpl (RaftServerImpl.java:start(180)) - 0a6371c7-e9de-42bd-a046-6f0feeb71a95: start group-7048C7234546
2019-09-04 12:57:52,877 [pool-27-thread-1] INFO  impl.RaftServerImpl (RaftServerImpl.java:setRole(171)) - 0a6371c7-e9de-42bd-a046-6f0feeb71a95:group-7048C7234546 changes role from null to FOLLOWER at term 0 for startAsFollower
2019-09-04 12:57:52,878 [pool-27-thread-1] INFO  impl.RoleInfo (RoleInfo.java:updateAndGet(143)) - 0a6371c7-e9de-42bd-a046-6f0feeb71a95: start FollowerState
2019-09-04 12:57:52,880 [pool-27-thread-1] INFO  util.JmxRegister (JmxRegister.java:tryRegister(44)) - Successfully registered JMX Bean with object name Ratis:service=RaftServer,group=group-7048C7234546,id=0a6371c7-e9de-42bd-a046-6f0feeb71a95
2019-09-04 12:57:52,949 [RatisPipelineUtilsThread] INFO  pipeline.PipelineStateManager (PipelineStateManager.java:addPipeline(56)) - Created pipeline Pipeline[ Id: 8edb2abd-2cbe-4758-94fe-7048c7234546, Nodes: 0a6371c7-e9de-42bd-a046-6f0feeb71a95{ip: 192.168.34.40, host: pr-hdds-1553-wz5m7-2465012709, networkLocation: /default-rack, certSerialId: null}, Type:RATIS, Factor:ONE, State:OPEN]
2019-09-04 12:57:52,986 [grpc-default-executor-0] INFO  impl.RaftServerProxy (RaftServerProxy.java:addNew(89)) - 41b70c7e-0a9b-42f1-bdd5-b75d7be68999: addNew group-75084F681451:[41b70c7e-0a9b-42f1-bdd5-b75d7be68999:192.168.34.40:44764] returns group-75084F681451:java.util.concurrent.CompletableFuture@62674f8b[Not completed]
2019-09-04 12:57:53,052 [pool-47-thread-1] INFO  impl.RaftServerImpl (RaftServerImpl.java:<init>(93)) - 41b70c7e-0a9b-42f1-bdd5-b75d7be68999: new RaftServerImpl for group-75084F681451:[41b70c7e-0a9b-42f1-bdd5-b75d7be68999:192.168.34.40:44764] with ContainerStateMachine:uninitialized
2019-09-04 12:57:53,054 [pool-47-thread-1] INFO  server.RaftServerConfigKeys (ConfUtils.java:logGet(43)) - raft.server.rpc.timeout.min = 5s (custom)
2019-09-04 12:57:53,054 [pool-47-thread-1] INFO  server.RaftServerConfigKeys (ConfUtils.java:logGet(43)) - raft.server.rpc.timeout.max = 5200ms (custom)
2019-09-04 12:57:53,054 [pool-47-thread-1] INFO  server.RaftServerConfigKeys (ConfUtils.java:logGet(43)) - raft.server.rpcslowness.timeout = 120s (custom)
2019-09-04 12:57:53,054 [pool-47-thread-1] INFO  server.RaftServerConfigKeys (ConfUtils.java:logGet(43)) - raft.server.sleep.deviation.threshold = 300 (default)
2019-09-04 12:57:53,055 [pool-47-thread-1] INFO  server.RaftServerConfigKeys (ConfUtils.java:logGet(43)) - raft.server.log.appender.install.snapshot.enabled = false (custom)
2019-09-04 12:57:53,055 [pool-47-thread-1] INFO  impl.RaftServerImpl (ServerState.java:<init>(105)) - 41b70c7e-0a9b-42f1-bdd5-b75d7be68999:group-75084F681451 ConfigurationManager, init=-1: [41b70c7e-0a9b-42f1-bdd5-b75d7be68999:192.168.34.40:44764], old=null, confs=<EMPTY_MAP>
2019-09-04 12:57:53,055 [pool-47-thread-1] INFO  server.RaftServerConfigKeys (ConfUtils.java:logGet(43)) - raft.server.storage.dir = [/workdir/hadoop-ozone/integration-test/target/test-dir/MiniOzoneClusterImpl-ea0c9936-27f2-41d8-a3b5-aa3c9248b619/datanode-2/data/ratis] (custom)
2019-09-04 12:57:53,055 [pool-47-thread-1] INFO  storage.RaftStorageDirectory (RaftStorageDirectory.java:analyzeStorage(246)) - The storage directory /workdir/hadoop-ozone/integration-test/target/test-dir/MiniOzoneClusterImpl-ea0c9936-27f2-41d8-a3b5-aa3c9248b619/datanode-2/data/ratis/18014aab-2ab2-44f6-a2e3-75084f681451 does not exist. Creating ...
2019-09-04 12:57:53,069 [pool-47-thread-1] INFO  storage.RaftStorageDirectory (RaftStorageDirectory.java:tryLock(328)) - Lock on /workdir/hadoop-ozone/integration-test/target/test-dir/MiniOzoneClusterImpl-ea0c9936-27f2-41d8-a3b5-aa3c9248b619/datanode-2/data/ratis/18014aab-2ab2-44f6-a2e3-75084f681451/in_use.lock acquired by nodename 3419@pr-hdds-1553-wz5m7-2465012709
2019-09-04 12:57:53,082 [pool-47-thread-1] INFO  storage.RaftStorage (RaftStorage.java:format(72)) - Storage directory /workdir/hadoop-ozone/integration-test/target/test-dir/MiniOzoneClusterImpl-ea0c9936-27f2-41d8-a3b5-aa3c9248b619/datanode-2/data/ratis/18014aab-2ab2-44f6-a2e3-75084f681451 has been successfully formatted.
2019-09-04 12:57:53,083 [pool-47-thread-1] INFO  ratis.ContainerStateMachine (ContainerStateMachine.java:loadSnapshot(227)) - group-75084F681451: The snapshot info is null. Setting the last applied indexto:(t:0, i:~)
2019-09-04 12:57:53,084 [pool-47-thread-1] INFO  server.RaftServerConfigKeys (ConfUtils.java:logGet(43)) - raft.server.leader.election.timeout = 120s (custom)
2019-09-04 12:57:53,084 [pool-47-thread-1] INFO  server.RaftServerConfigKeys (ConfUtils.java:logGet(43)) - raft.server.log.use.memory = false (default)
2019-09-04 12:57:53,085 [pool-47-thread-1] INFO  server.RaftServerConfigKeys (ConfUtils.java:logGet(43)) - raft.server.log.purge.gap = 1000000 (custom)
2019-09-04 12:57:53,085 [pool-47-thread-1] INFO  server.RaftServerConfigKeys (ConfUtils.java:logGet(43)) - raft.server.log.appender.buffer.byte-limit = 33554432 (custom)
2019-09-04 12:57:53,085 [pool-47-thread-1] INFO  server.RaftServerConfigKeys (ConfUtils.java:logGet(43)) - raft.server.log.segment.size.max = 1048576 (custom)
2019-09-04 12:57:53,085 [pool-47-thread-1] INFO  server.RaftServerConfigKeys (ConfUtils.java:logGet(43)) - raft.server.log.segment.cache.num.max = 2 (custom)
2019-09-04 12:57:53,085 [pool-47-thread-1] INFO  segmented.SegmentedRaftLogWorker (SegmentedRaftLogWorker.java:<init>(172)) - new 41b70c7e-0a9b-42f1-bdd5-b75d7be68999-SegmentedRaftLogWorker:Storage Directory /workdir/hadoop-ozone/integration-test/target/test-dir/MiniOzoneClusterImpl-ea0c9936-27f2-41d8-a3b5-aa3c9248b619/datanode-2/data/ratis/18014aab-2ab2-44f6-a2e3-75084f681451 for RaftStorage:Storage Directory /workdir/hadoop-ozone/integration-test/target/test-dir/MiniOzoneClusterImpl-ea0c9936-27f2-41d8-a3b5-aa3c9248b619/datanode-2/data/ratis/18014aab-2ab2-44f6-a2e3-75084f681451
2019-09-04 12:57:53,086 [pool-47-thread-1] INFO  server.RaftServerConfigKeys (ConfUtils.java:logGet(43)) - raft.server.log.queue.byte-limit = 2147483647 (custom)
2019-09-04 12:57:53,087 [pool-47-thread-1] INFO  server.RaftServerConfigKeys (ConfUtils.java:logGet(43)) - raft.server.log.queue.element-limit = 1024 (custom)
2019-09-04 12:57:53,087 [pool-47-thread-1] INFO  server.RaftServerConfigKeys (ConfUtils.java:logGet(43)) - raft.server.log.segment.size.max = 1048576 (custom)
2019-09-04 12:57:53,087 [pool-47-thread-1] INFO  server.RaftServerConfigKeys (ConfUtils.java:logGet(43)) - raft.server.log.preallocated.size = 16384 (custom)
2019-09-04 12:57:53,087 [pool-47-thread-1] INFO  server.RaftServerConfigKeys (ConfUtils.java:logGet(43)) - raft.server.log.write.buffer.size = 33554432 (custom)
2019-09-04 12:57:53,087 [pool-47-thread-1] INFO  server.RaftServerConfigKeys (ConfUtils.java:logGet(43)) - raft.server.log.force.sync.num = 128 (default)
2019-09-04 12:57:53,087 [pool-47-thread-1] INFO  server.RaftServerConfigKeys (ConfUtils.java:logGet(43)) - raft.server.log.statemachine.data.sync = true (default)
2019-09-04 12:57:53,087 [pool-47-thread-1] INFO  server.RaftServerConfigKeys (ConfUtils.java:logGet(43)) - raft.server.log.statemachine.data.sync.timeout = 10s (default)
2019-09-04 12:57:53,087 [pool-47-thread-1] INFO  server.RaftServerConfigKeys (ConfUtils.java:logGet(43)) - raft.server.log.statemachine.data.sync.timeout.retry = -1 (default)
2019-09-04 12:57:53,088 [pool-47-thread-1] INFO  server.RaftServerConfigKeys (ConfUtils.java:logGet(43)) - raft.server.log.statemachine.data.caching.enabled = true (custom)
2019-09-04 12:57:53,088 [pool-47-thread-1] INFO  segmented.SegmentedRaftLogWorker (SegmentedRaftLogWorker.java:lambda$new$0(132)) - 41b70c7e-0a9b-42f1-bdd5-b75d7be68999-SegmentedRaftLogWorker:Storage Directory /workdir/hadoop-ozone/integration-test/target/test-dir/MiniOzoneClusterImpl-ea0c9936-27f2-41d8-a3b5-aa3c9248b619/datanode-2/data/ratis/18014aab-2ab2-44f6-a2e3-75084f681451: flushIndex: setUnconditionally 0 -> -1
2019-09-04 12:57:53,088 [pool-47-thread-1] INFO  server.RaftServerConfigKeys (ConfUtils.java:logGet(43)) - raft.server.snapshot.auto.trigger.enabled = true (custom)
2019-09-04 12:57:53,089 [pool-47-thread-1] INFO  server.RaftServerConfigKeys (ConfUtils.java:logGet(43)) - raft.server.snapshot.auto.trigger.threshold = 10000 (custom)
2019-09-04 12:57:53,089 [pool-47-thread-1] INFO  server.RaftServerConfigKeys (ConfUtils.java:logGet(43)) - raft.server.retrycache.expirytime = 600000ms (custom)
2019-09-04 12:57:53,089 [pool-47-thread-1] INFO  impl.RaftServerImpl (RaftServerImpl.java:start(180)) - 41b70c7e-0a9b-42f1-bdd5-b75d7be68999: start group-75084F681451
2019-09-04 12:57:53,089 [pool-47-thread-1] INFO  impl.RaftServerImpl (RaftServerImpl.java:setRole(171)) - 41b70c7e-0a9b-42f1-bdd5-b75d7be68999:group-75084F681451 changes role from null to FOLLOWER at term 0 for startAsFollower
2019-09-04 12:57:53,089 [pool-47-thread-1] INFO  impl.RoleInfo (RoleInfo.java:updateAndGet(143)) - 41b70c7e-0a9b-42f1-bdd5-b75d7be68999: start FollowerState
2019-09-04 12:57:53,091 [pool-47-thread-1] INFO  util.JmxRegister (JmxRegister.java:tryRegister(44)) - Successfully registered JMX Bean with object name Ratis:service=RaftServer,group=group-75084F681451,id=41b70c7e-0a9b-42f1-bdd5-b75d7be68999
2019-09-04 12:57:53,105 [RatisPipelineUtilsThread] INFO  pipeline.PipelineStateManager (PipelineStateManager.java:addPipeline(56)) - Created pipeline Pipeline[ Id: 18014aab-2ab2-44f6-a2e3-75084f681451, Nodes: 41b70c7e-0a9b-42f1-bdd5-b75d7be68999{ip: 192.168.34.40, host: pr-hdds-1553-wz5m7-2465012709, networkLocation: /default-rack, certSerialId: null}, Type:RATIS, Factor:ONE, State:OPEN]
2019-09-04 12:57:53,131 [grpc-default-executor-0] INFO  impl.RaftServerProxy (RaftServerProxy.java:addNew(89)) - 6cbd16fb-409a-4203-ae13-b6936b2a9753: addNew group-55291206B8FC:[6cbd16fb-409a-4203-ae13-b6936b2a9753:192.168.34.40:42358] returns group-55291206B8FC:java.util.concurrent.CompletableFuture@7d795883[Not completed]
2019-09-04 12:57:53,148 [pool-67-thread-1] INFO  impl.RaftServerImpl (RaftServerImpl.java:<init>(93)) - 6cbd16fb-409a-4203-ae13-b6936b2a9753: new RaftServerImpl for group-55291206B8FC:[6cbd16fb-409a-4203-ae13-b6936b2a9753:192.168.34.40:42358] with ContainerStateMachine:uninitialized
2019-09-04 12:57:53,148 [pool-67-thread-1] INFO  server.RaftServerConfigKeys (ConfUtils.java:logGet(43)) - raft.server.rpc.timeout.min = 5s (custom)
2019-09-04 12:57:53,149 [pool-67-thread-1] INFO  server.RaftServerConfigKeys (ConfUtils.java:logGet(43)) - raft.server.rpc.timeout.max = 5200ms (custom)
2019-09-04 12:57:53,149 [pool-67-thread-1] INFO  server.RaftServerConfigKeys (ConfUtils.java:logGet(43)) - raft.server.rpcslowness.timeout = 120s (custom)
2019-09-04 12:57:53,149 [pool-67-thread-1] INFO  server.RaftServerConfigKeys (ConfUtils.java:logGet(43)) - raft.server.sleep.deviation.threshold = 300 (default)
2019-09-04 12:57:53,149 [pool-67-thread-1] INFO  server.RaftServerConfigKeys (ConfUtils.java:logGet(43)) - raft.server.log.appender.install.snapshot.enabled = false (custom)
2019-09-04 12:57:53,149 [pool-67-thread-1] INFO  impl.RaftServerImpl (ServerState.java:<init>(105)) - 6cbd16fb-409a-4203-ae13-b6936b2a9753:group-55291206B8FC ConfigurationManager, init=-1: [6cbd16fb-409a-4203-ae13-b6936b2a9753:192.168.34.40:42358], old=null, confs=<EMPTY_MAP>
2019-09-04 12:57:53,149 [pool-67-thread-1] INFO  server.RaftServerConfigKeys (ConfUtils.java:logGet(43)) - raft.server.storage.dir = [/workdir/hadoop-ozone/integration-test/target/test-dir/MiniOzoneClusterImpl-ea0c9936-27f2-41d8-a3b5-aa3c9248b619/datanode-4/data/ratis] (custom)
2019-09-04 12:57:53,150 [pool-67-thread-1] INFO  storage.RaftStorageDirectory (RaftStorageDirectory.java:analyzeStorage(246)) - The storage directory /workdir/hadoop-ozone/integration-test/target/test-dir/MiniOzoneClusterImpl-ea0c9936-27f2-41d8-a3b5-aa3c9248b619/datanode-4/data/ratis/29192974-c06a-4900-922c-55291206b8fc does not exist. Creating ...
2019-09-04 12:57:53,163 [pool-67-thread-1] INFO  storage.RaftStorageDirectory (RaftStorageDirectory.java:tryLock(328)) - Lock on /workdir/hadoop-ozone/integration-test/target/test-dir/MiniOzoneClusterImpl-ea0c9936-27f2-41d8-a3b5-aa3c9248b619/datanode-4/data/ratis/29192974-c06a-4900-922c-55291206b8fc/in_use.lock acquired by nodename 3419@pr-hdds-1553-wz5m7-2465012709
2019-09-04 12:57:53,175 [pool-67-thread-1] INFO  storage.RaftStorage (RaftStorage.java:format(72)) - Storage directory /workdir/hadoop-ozone/integration-test/target/test-dir/MiniOzoneClusterImpl-ea0c9936-27f2-41d8-a3b5-aa3c9248b619/datanode-4/data/ratis/29192974-c06a-4900-922c-55291206b8fc has been successfully formatted.
2019-09-04 12:57:53,176 [pool-67-thread-1] INFO  ratis.ContainerStateMachine (ContainerStateMachine.java:loadSnapshot(227)) - group-55291206B8FC: The snapshot info is null. Setting the last applied indexto:(t:0, i:~)
2019-09-04 12:57:53,176 [pool-67-thread-1] INFO  server.RaftServerConfigKeys (ConfUtils.java:logGet(43)) - raft.server.leader.election.timeout = 120s (custom)
2019-09-04 12:57:53,176 [pool-67-thread-1] INFO  server.RaftServerConfigKeys (ConfUtils.java:logGet(43)) - raft.server.log.use.memory = false (default)
2019-09-04 12:57:53,177 [pool-67-thread-1] INFO  server.RaftServerConfigKeys (ConfUtils.java:logGet(43)) - raft.server.log.purge.gap = 1000000 (custom)
2019-09-04 12:57:53,177 [pool-67-thread-1] INFO  server.RaftServerConfigKeys (ConfUtils.java:logGet(43)) - raft.server.log.appender.buffer.byte-limit = 33554432 (custom)
2019-09-04 12:57:53,177 [pool-67-thread-1] INFO  server.RaftServerConfigKeys (ConfUtils.java:logGet(43)) - raft.server.log.segment.size.max = 1048576 (custom)
2019-09-04 12:57:53,177 [pool-67-thread-1] INFO  server.RaftServerConfigKeys (ConfUtils.java:logGet(43)) - raft.server.log.segment.cache.num.max = 2 (custom)
2019-09-04 12:57:53,177 [pool-67-thread-1] INFO  segmented.SegmentedRaftLogWorker (SegmentedRaftLogWorker.java:<init>(172)) - new 6cbd16fb-409a-4203-ae13-b6936b2a9753-SegmentedRaftLogWorker:Storage Directory /workdir/hadoop-ozone/integration-test/target/test-dir/MiniOzoneClusterImpl-ea0c9936-27f2-41d8-a3b5-aa3c9248b619/datanode-4/data/ratis/29192974-c06a-4900-922c-55291206b8fc for RaftStorage:Storage Directory /workdir/hadoop-ozone/integration-test/target/test-dir/MiniOzoneClusterImpl-ea0c9936-27f2-41d8-a3b5-aa3c9248b619/datanode-4/data/ratis/29192974-c06a-4900-922c-55291206b8fc
2019-09-04 12:57:53,178 [pool-67-thread-1] INFO  server.RaftServerConfigKeys (ConfUtils.java:logGet(43)) - raft.server.log.queue.byte-limit = 2147483647 (custom)
2019-09-04 12:57:53,178 [pool-67-thread-1] INFO  server.RaftServerConfigKeys (ConfUtils.java:logGet(43)) - raft.server.log.queue.element-limit = 1024 (custom)
2019-09-04 12:57:53,178 [pool-67-thread-1] INFO  server.RaftServerConfigKeys (ConfUtils.java:logGet(43)) - raft.server.log.segment.size.max = 1048576 (custom)
2019-09-04 12:57:53,178 [pool-67-thread-1] INFO  server.RaftServerConfigKeys (ConfUtils.java:logGet(43)) - raft.server.log.preallocated.size = 16384 (custom)
2019-09-04 12:57:53,179 [pool-67-thread-1] INFO  server.RaftServerConfigKeys (ConfUtils.java:logGet(43)) - raft.server.log.write.buffer.size = 33554432 (custom)
2019-09-04 12:57:53,179 [pool-67-thread-1] INFO  server.RaftServerConfigKeys (ConfUtils.java:logGet(43)) - raft.server.log.force.sync.num = 128 (default)
2019-09-04 12:57:53,179 [pool-67-thread-1] INFO  server.RaftServerConfigKeys (ConfUtils.java:logGet(43)) - raft.server.log.statemachine.data.sync = true (default)
2019-09-04 12:57:53,179 [pool-67-thread-1] INFO  server.RaftServerConfigKeys (ConfUtils.java:logGet(43)) - raft.server.log.statemachine.data.sync.timeout = 10s (default)
2019-09-04 12:57:53,180 [pool-67-thread-1] INFO  server.RaftServerConfigKeys (ConfUtils.java:logGet(43)) - raft.server.log.statemachine.data.sync.timeout.retry = -1 (default)
2019-09-04 12:57:53,180 [pool-67-thread-1] INFO  server.RaftServerConfigKeys (ConfUtils.java:logGet(43)) - raft.server.log.statemachine.data.caching.enabled = true (custom)
2019-09-04 12:57:53,180 [pool-67-thread-1] INFO  segmented.SegmentedRaftLogWorker (SegmentedRaftLogWorker.java:lambda$new$0(132)) - 6cbd16fb-409a-4203-ae13-b6936b2a9753-SegmentedRaftLogWorker:Storage Directory /workdir/hadoop-ozone/integration-test/target/test-dir/MiniOzoneClusterImpl-ea0c9936-27f2-41d8-a3b5-aa3c9248b619/datanode-4/data/ratis/29192974-c06a-4900-922c-55291206b8fc: flushIndex: setUnconditionally 0 -> -1
2019-09-04 12:57:53,181 [pool-67-thread-1] INFO  server.RaftServerConfigKeys (ConfUtils.java:logGet(43)) - raft.server.snapshot.auto.trigger.enabled = true (custom)
2019-09-04 12:57:53,181 [pool-67-thread-1] INFO  server.RaftServerConfigKeys (ConfUtils.java:logGet(43)) - raft.server.snapshot.auto.trigger.threshold = 10000 (custom)
2019-09-04 12:57:53,181 [pool-67-thread-1] INFO  server.RaftServerConfigKeys (ConfUtils.java:logGet(43)) - raft.server.retrycache.expirytime = 600000ms (custom)
2019-09-04 12:57:53,182 [pool-67-thread-1] INFO  impl.RaftServerImpl (RaftServerImpl.java:start(180)) - 6cbd16fb-409a-4203-ae13-b6936b2a9753: start group-55291206B8FC
2019-09-04 12:57:53,182 [pool-67-thread-1] INFO  impl.RaftServerImpl (RaftServerImpl.java:setRole(171)) - 6cbd16fb-409a-4203-ae13-b6936b2a9753:group-55291206B8FC changes role from null to FOLLOWER at term 0 for startAsFollower
2019-09-04 12:57:53,182 [pool-67-thread-1] INFO  impl.RoleInfo (RoleInfo.java:updateAndGet(143)) - 6cbd16fb-409a-4203-ae13-b6936b2a9753: start FollowerState
2019-09-04 12:57:53,185 [pool-67-thread-1] INFO  util.JmxRegister (JmxRegister.java:tryRegister(44)) - Successfully registered JMX Bean with object name Ratis:service=RaftServer,group=group-55291206B8FC,id=6cbd16fb-409a-4203-ae13-b6936b2a9753
2019-09-04 12:57:53,199 [RatisPipelineUtilsThread] INFO  pipeline.PipelineStateManager (PipelineStateManager.java:addPipeline(56)) - Created pipeline Pipeline[ Id: 29192974-c06a-4900-922c-55291206b8fc, Nodes: 6cbd16fb-409a-4203-ae13-b6936b2a9753{ip: 192.168.34.40, host: pr-hdds-1553-wz5m7-2465012709, networkLocation: /default-rack, certSerialId: null}, Type:RATIS, Factor:ONE, State:OPEN]
2019-09-04 12:57:53,219 [grpc-default-executor-0] INFO  impl.RaftServerProxy (RaftServerProxy.java:addNew(89)) - 0b7b5e0e-aa68-4a1e-b481-ada831baaf89: addNew group-1CD7A3021F93:[0b7b5e0e-aa68-4a1e-b481-ada831baaf89:192.168.34.40:41108] returns group-1CD7A3021F93:java.util.concurrent.CompletableFuture@7dd0b3be[Not completed]
2019-09-04 12:57:53,224 [pool-87-thread-1] INFO  impl.RaftServerImpl (RaftServerImpl.java:<init>(93)) - 0b7b5e0e-aa68-4a1e-b481-ada831baaf89: new RaftServerImpl for group-1CD7A3021F93:[0b7b5e0e-aa68-4a1e-b481-ada831baaf89:192.168.34.40:41108] with ContainerStateMachine:uninitialized
2019-09-04 12:57:53,225 [pool-87-thread-1] INFO  server.RaftServerConfigKeys (ConfUtils.java:logGet(43)) - raft.server.rpc.timeout.min = 5s (custom)
2019-09-04 12:57:53,225 [pool-87-thread-1] INFO  server.RaftServerConfigKeys (ConfUtils.java:logGet(43)) - raft.server.rpc.timeout.max = 5200ms (custom)
2019-09-04 12:57:53,225 [pool-87-thread-1] INFO  server.RaftServerConfigKeys (ConfUtils.java:logGet(43)) - raft.server.rpcslowness.timeout = 120s (custom)
2019-09-04 12:57:53,225 [pool-87-thread-1] INFO  server.RaftServerConfigKeys (ConfUtils.java:logGet(43)) - raft.server.sleep.deviation.threshold = 300 (default)
2019-09-04 12:57:53,225 [pool-87-thread-1] INFO  server.RaftServerConfigKeys (ConfUtils.java:logGet(43)) - raft.server.log.appender.install.snapshot.enabled = false (custom)
2019-09-04 12:57:53,226 [pool-87-thread-1] INFO  impl.RaftServerImpl (ServerState.java:<init>(105)) - 0b7b5e0e-aa68-4a1e-b481-ada831baaf89:group-1CD7A3021F93 ConfigurationManager, init=-1: [0b7b5e0e-aa68-4a1e-b481-ada831baaf89:192.168.34.40:41108], old=null, confs=<EMPTY_MAP>
2019-09-04 12:57:53,226 [pool-87-thread-1] INFO  server.RaftServerConfigKeys (ConfUtils.java:logGet(43)) - raft.server.storage.dir = [/workdir/hadoop-ozone/integration-test/target/test-dir/MiniOzoneClusterImpl-ea0c9936-27f2-41d8-a3b5-aa3c9248b619/datanode-6/data/ratis] (custom)
2019-09-04 12:57:53,227 [pool-87-thread-1] INFO  storage.RaftStorageDirectory (RaftStorageDirectory.java:analyzeStorage(246)) - The storage directory /workdir/hadoop-ozone/integration-test/target/test-dir/MiniOzoneClusterImpl-ea0c9936-27f2-41d8-a3b5-aa3c9248b619/datanode-6/data/ratis/4aab226d-352a-4f31-bbc8-1cd7a3021f93 does not exist. Creating ...
2019-09-04 12:57:53,240 [pool-87-thread-1] INFO  storage.RaftStorageDirectory (RaftStorageDirectory.java:tryLock(328)) - Lock on /workdir/hadoop-ozone/integration-test/target/test-dir/MiniOzoneClusterImpl-ea0c9936-27f2-41d8-a3b5-aa3c9248b619/datanode-6/data/ratis/4aab226d-352a-4f31-bbc8-1cd7a3021f93/in_use.lock acquired by nodename 3419@pr-hdds-1553-wz5m7-2465012709
2019-09-04 12:57:53,252 [pool-87-thread-1] INFO  storage.RaftStorage (RaftStorage.java:format(72)) - Storage directory /workdir/hadoop-ozone/integration-test/target/test-dir/MiniOzoneClusterImpl-ea0c9936-27f2-41d8-a3b5-aa3c9248b619/datanode-6/data/ratis/4aab226d-352a-4f31-bbc8-1cd7a3021f93 has been successfully formatted.
2019-09-04 12:57:53,253 [pool-87-thread-1] INFO  ratis.ContainerStateMachine (ContainerStateMachine.java:loadSnapshot(227)) - group-1CD7A3021F93: The snapshot info is null. Setting the last applied indexto:(t:0, i:~)
2019-09-04 12:57:53,253 [pool-87-thread-1] INFO  server.RaftServerConfigKeys (ConfUtils.java:logGet(43)) - raft.server.leader.election.timeout = 120s (custom)
2019-09-04 12:57:53,253 [pool-87-thread-1] INFO  server.RaftServerConfigKeys (ConfUtils.java:logGet(43)) - raft.server.log.use.memory = false (default)
2019-09-04 12:57:53,253 [pool-87-thread-1] INFO  server.RaftServerConfigKeys (ConfUtils.java:logGet(43)) - raft.server.log.purge.gap = 1000000 (custom)
2019-09-04 12:57:53,253 [pool-87-thread-1] INFO  server.RaftServerConfigKeys (ConfUtils.java:logGet(43)) - raft.server.log.appender.buffer.byte-limit = 33554432 (custom)
2019-09-04 12:57:53,254 [pool-87-thread-1] INFO  server.RaftServerConfigKeys (ConfUtils.java:logGet(43)) - raft.server.log.segment.size.max = 1048576 (custom)
2019-09-04 12:57:53,254 [pool-87-thread-1] INFO  server.RaftServerConfigKeys (ConfUtils.java:logGet(43)) - raft.server.log.segment.cache.num.max = 2 (custom)
2019-09-04 12:57:53,254 [pool-87-thread-1] INFO  segmented.SegmentedRaftLogWorker (SegmentedRaftLogWorker.java:<init>(172)) - new 0b7b5e0e-aa68-4a1e-b481-ada831baaf89-SegmentedRaftLogWorker:Storage Directory /workdir/hadoop-ozone/integration-test/target/test-dir/MiniOzoneClusterImpl-ea0c9936-27f2-41d8-a3b5-aa3c9248b619/datanode-6/data/ratis/4aab226d-352a-4f31-bbc8-1cd7a3021f93 for RaftStorage:Storage Directory /workdir/hadoop-ozone/integration-test/target/test-dir/MiniOzoneClusterImpl-ea0c9936-27f2-41d8-a3b5-aa3c9248b619/datanode-6/data/ratis/4aab226d-352a-4f31-bbc8-1cd7a3021f93
2019-09-04 12:57:53,254 [pool-87-thread-1] INFO  server.RaftServerConfigKeys (ConfUtils.java:logGet(43)) - raft.server.log.queue.byte-limit = 2147483647 (custom)
2019-09-04 12:57:53,254 [pool-87-thread-1] INFO  server.RaftServerConfigKeys (ConfUtils.java:logGet(43)) - raft.server.log.queue.element-limit = 1024 (custom)
2019-09-04 12:57:53,255 [pool-87-thread-1] INFO  server.RaftServerConfigKeys (ConfUtils.java:logGet(43)) - raft.server.log.segment.size.max = 1048576 (custom)
2019-09-04 12:57:53,255 [pool-87-thread-1] INFO  server.RaftServerConfigKeys (ConfUtils.java:logGet(43)) - raft.server.log.preallocated.size = 16384 (custom)
2019-09-04 12:57:53,255 [pool-87-thread-1] INFO  server.RaftServerConfigKeys (ConfUtils.java:logGet(43)) - raft.server.log.write.buffer.size = 33554432 (custom)
2019-09-04 12:57:53,255 [pool-87-thread-1] INFO  server.RaftServerConfigKeys (ConfUtils.java:logGet(43)) - raft.server.log.force.sync.num = 128 (default)
2019-09-04 12:57:53,255 [pool-87-thread-1] INFO  server.RaftServerConfigKeys (ConfUtils.java:logGet(43)) - raft.server.log.statemachine.data.sync = true (default)
2019-09-04 12:57:53,256 [pool-87-thread-1] INFO  server.RaftServerConfigKeys (ConfUtils.java:logGet(43)) - raft.server.log.statemachine.data.sync.timeout = 10s (default)
2019-09-04 12:57:53,256 [pool-87-thread-1] INFO  server.RaftServerConfigKeys (ConfUtils.java:logGet(43)) - raft.server.log.statemachine.data.sync.timeout.retry = -1 (default)
2019-09-04 12:57:53,256 [pool-87-thread-1] INFO  server.RaftServerConfigKeys (ConfUtils.java:logGet(43)) - raft.server.log.statemachine.data.caching.enabled = true (custom)
2019-09-04 12:57:53,256 [pool-87-thread-1] INFO  segmented.SegmentedRaftLogWorker (SegmentedRaftLogWorker.java:lambda$new$0(132)) - 0b7b5e0e-aa68-4a1e-b481-ada831baaf89-SegmentedRaftLogWorker:Storage Directory /workdir/hadoop-ozone/integration-test/target/test-dir/MiniOzoneClusterImpl-ea0c9936-27f2-41d8-a3b5-aa3c9248b619/datanode-6/data/ratis/4aab226d-352a-4f31-bbc8-1cd7a3021f93: flushIndex: setUnconditionally 0 -> -1
2019-09-04 12:57:53,257 [pool-87-thread-1] INFO  server.RaftServerConfigKeys (ConfUtils.java:logGet(43)) - raft.server.snapshot.auto.trigger.enabled = true (custom)
2019-09-04 12:57:53,257 [pool-87-thread-1] INFO  server.RaftServerConfigKeys (ConfUtils.java:logGet(43)) - raft.server.snapshot.auto.trigger.threshold = 10000 (custom)
2019-09-04 12:57:53,257 [pool-87-thread-1] INFO  server.RaftServerConfigKeys (ConfUtils.java:logGet(43)) - raft.server.retrycache.expirytime = 600000ms (custom)
2019-09-04 12:57:53,258 [pool-87-thread-1] INFO  impl.RaftServerImpl (RaftServerImpl.java:start(180)) - 0b7b5e0e-aa68-4a1e-b481-ada831baaf89: start group-1CD7A3021F93
2019-09-04 12:57:53,258 [pool-87-thread-1] INFO  impl.RaftServerImpl (RaftServerImpl.java:setRole(171)) - 0b7b5e0e-aa68-4a1e-b481-ada831baaf89:group-1CD7A3021F93 changes role from null to FOLLOWER at term 0 for startAsFollower
2019-09-04 12:57:53,258 [pool-87-thread-1] INFO  impl.RoleInfo (RoleInfo.java:updateAndGet(143)) - 0b7b5e0e-aa68-4a1e-b481-ada831baaf89: start FollowerState
2019-09-04 12:57:53,258 [pool-87-thread-1] INFO  util.JmxRegister (JmxRegister.java:tryRegister(44)) - Successfully registered JMX Bean with object name Ratis:service=RaftServer,group=group-1CD7A3021F93,id=0b7b5e0e-aa68-4a1e-b481-ada831baaf89
2019-09-04 12:57:53,273 [RatisPipelineUtilsThread] INFO  pipeline.PipelineStateManager (PipelineStateManager.java:addPipeline(56)) - Created pipeline Pipeline[ Id: 4aab226d-352a-4f31-bbc8-1cd7a3021f93, Nodes: 0b7b5e0e-aa68-4a1e-b481-ada831baaf89{ip: 192.168.34.40, host: pr-hdds-1553-wz5m7-2465012709, networkLocation: /default-rack, certSerialId: null}, Type:RATIS, Factor:ONE, State:OPEN]
2019-09-04 12:57:53,297 [grpc-default-executor-0] INFO  impl.RaftServerProxy (RaftServerProxy.java:addNew(89)) - a406e7a3-25da-4471-b260-f46b81080cf7: addNew group-7029949D55DA:[a406e7a3-25da-4471-b260-f46b81080cf7:192.168.34.40:44207] returns group-7029949D55DA:java.util.concurrent.CompletableFuture@524534b7[Not completed]
2019-09-04 12:57:53,302 [pool-77-thread-1] INFO  impl.RaftServerImpl (RaftServerImpl.java:<init>(93)) - a406e7a3-25da-4471-b260-f46b81080cf7: new RaftServerImpl for group-7029949D55DA:[a406e7a3-25da-4471-b260-f46b81080cf7:192.168.34.40:44207] with ContainerStateMachine:uninitialized
2019-09-04 12:57:53,303 [pool-77-thread-1] INFO  server.RaftServerConfigKeys (ConfUtils.java:logGet(43)) - raft.server.rpc.timeout.min = 5s (custom)
2019-09-04 12:57:53,303 [pool-77-thread-1] INFO  server.RaftServerConfigKeys (ConfUtils.java:logGet(43)) - raft.server.rpc.timeout.max = 5200ms (custom)
2019-09-04 12:57:53,303 [pool-77-thread-1] INFO  server.RaftServerConfigKeys (ConfUtils.java:logGet(43)) - raft.server.rpcslowness.timeout = 120s (custom)
2019-09-04 12:57:53,303 [pool-77-thread-1] INFO  server.RaftServerConfigKeys (ConfUtils.java:logGet(43)) - raft.server.sleep.deviation.threshold = 300 (default)
2019-09-04 12:57:53,303 [pool-77-thread-1] INFO  server.RaftServerConfigKeys (ConfUtils.java:logGet(43)) - raft.server.log.appender.install.snapshot.enabled = false (custom)
2019-09-04 12:57:53,304 [pool-77-thread-1] INFO  impl.RaftServerImpl (ServerState.java:<init>(105)) - a406e7a3-25da-4471-b260-f46b81080cf7:group-7029949D55DA ConfigurationManager, init=-1: [a406e7a3-25da-4471-b260-f46b81080cf7:192.168.34.40:44207], old=null, confs=<EMPTY_MAP>
2019-09-04 12:57:53,304 [pool-77-thread-1] INFO  server.RaftServerConfigKeys (ConfUtils.java:logGet(43)) - raft.server.storage.dir = [/workdir/hadoop-ozone/integration-test/target/test-dir/MiniOzoneClusterImpl-ea0c9936-27f2-41d8-a3b5-aa3c9248b619/datanode-5/data/ratis] (custom)
2019-09-04 12:57:53,305 [pool-77-thread-1] INFO  storage.RaftStorageDirectory (RaftStorageDirectory.java:analyzeStorage(246)) - The storage directory /workdir/hadoop-ozone/integration-test/target/test-dir/MiniOzoneClusterImpl-ea0c9936-27f2-41d8-a3b5-aa3c9248b619/datanode-5/data/ratis/2bafeac2-e191-43e6-888b-7029949d55da does not exist. Creating ...
2019-09-04 12:57:53,318 [pool-77-thread-1] INFO  storage.RaftStorageDirectory (RaftStorageDirectory.java:tryLock(328)) - Lock on /workdir/hadoop-ozone/integration-test/target/test-dir/MiniOzoneClusterImpl-ea0c9936-27f2-41d8-a3b5-aa3c9248b619/datanode-5/data/ratis/2bafeac2-e191-43e6-888b-7029949d55da/in_use.lock acquired by nodename 3419@pr-hdds-1553-wz5m7-2465012709
2019-09-04 12:57:53,336 [pool-77-thread-1] INFO  storage.RaftStorage (RaftStorage.java:format(72)) - Storage directory /workdir/hadoop-ozone/integration-test/target/test-dir/MiniOzoneClusterImpl-ea0c9936-27f2-41d8-a3b5-aa3c9248b619/datanode-5/data/ratis/2bafeac2-e191-43e6-888b-7029949d55da has been successfully formatted.
2019-09-04 12:57:53,336 [pool-77-thread-1] INFO  ratis.ContainerStateMachine (ContainerStateMachine.java:loadSnapshot(227)) - group-7029949D55DA: The snapshot info is null. Setting the last applied indexto:(t:0, i:~)
2019-09-04 12:57:53,336 [pool-77-thread-1] INFO  server.RaftServerConfigKeys (ConfUtils.java:logGet(43)) - raft.server.leader.election.timeout = 120s (custom)
2019-09-04 12:57:53,337 [pool-77-thread-1] INFO  server.RaftServerConfigKeys (ConfUtils.java:logGet(43)) - raft.server.log.use.memory = false (default)
2019-09-04 12:57:53,337 [pool-77-thread-1] INFO  server.RaftServerConfigKeys (ConfUtils.java:logGet(43)) - raft.server.log.purge.gap = 1000000 (custom)
2019-09-04 12:57:53,337 [pool-77-thread-1] INFO  server.RaftServerConfigKeys (ConfUtils.java:logGet(43)) - raft.server.log.appender.buffer.byte-limit = 33554432 (custom)
2019-09-04 12:57:53,337 [pool-77-thread-1] INFO  server.RaftServerConfigKeys (ConfUtils.java:logGet(43)) - raft.server.log.segment.size.max = 1048576 (custom)
2019-09-04 12:57:53,337 [pool-77-thread-1] INFO  server.RaftServerConfigKeys (ConfUtils.java:logGet(43)) - raft.server.log.segment.cache.num.max = 2 (custom)
2019-09-04 12:57:53,337 [pool-77-thread-1] INFO  segmented.SegmentedRaftLogWorker (SegmentedRaftLogWorker.java:<init>(172)) - new a406e7a3-25da-4471-b260-f46b81080cf7-SegmentedRaftLogWorker:Storage Directory /workdir/hadoop-ozone/integration-test/target/test-dir/MiniOzoneClusterImpl-ea0c9936-27f2-41d8-a3b5-aa3c9248b619/datanode-5/data/ratis/2bafeac2-e191-43e6-888b-7029949d55da for RaftStorage:Storage Directory /workdir/hadoop-ozone/integration-test/target/test-dir/MiniOzoneClusterImpl-ea0c9936-27f2-41d8-a3b5-aa3c9248b619/datanode-5/data/ratis/2bafeac2-e191-43e6-888b-7029949d55da
2019-09-04 12:57:53,338 [pool-77-thread-1] INFO  server.RaftServerConfigKeys (ConfUtils.java:logGet(43)) - raft.server.log.queue.byte-limit = 2147483647 (custom)
2019-09-04 12:57:53,338 [pool-77-thread-1] INFO  server.RaftServerConfigKeys (ConfUtils.java:logGet(43)) - raft.server.log.queue.element-limit = 1024 (custom)
2019-09-04 12:57:53,338 [pool-77-thread-1] INFO  server.RaftServerConfigKeys (ConfUtils.java:logGet(43)) - raft.server.log.segment.size.max = 1048576 (custom)
2019-09-04 12:57:53,338 [pool-77-thread-1] INFO  server.RaftServerConfigKeys (ConfUtils.java:logGet(43)) - raft.server.log.preallocated.size = 16384 (custom)
2019-09-04 12:57:53,338 [pool-77-thread-1] INFO  server.RaftServerConfigKeys (ConfUtils.java:logGet(43)) - raft.server.log.write.buffer.size = 33554432 (custom)
2019-09-04 12:57:53,339 [pool-77-thread-1] INFO  server.RaftServerConfigKeys (ConfUtils.java:logGet(43)) - raft.server.log.force.sync.num = 128 (default)
2019-09-04 12:57:53,339 [pool-77-thread-1] INFO  server.RaftServerConfigKeys (ConfUtils.java:logGet(43)) - raft.server.log.statemachine.data.sync = true (default)
2019-09-04 12:57:53,339 [pool-77-thread-1] INFO  server.RaftServerConfigKeys (ConfUtils.java:logGet(43)) - raft.server.log.statemachine.data.sync.timeout = 10s (default)
2019-09-04 12:57:53,339 [pool-77-thread-1] INFO  server.RaftServerConfigKeys (ConfUtils.java:logGet(43)) - raft.server.log.statemachine.data.sync.timeout.retry = -1 (default)
2019-09-04 12:57:53,339 [pool-77-thread-1] INFO  server.RaftServerConfigKeys (ConfUtils.java:logGet(43)) - raft.server.log.statemachine.data.caching.enabled = true (custom)
2019-09-04 12:57:53,340 [pool-77-thread-1] INFO  segmented.SegmentedRaftLogWorker (SegmentedRaftLogWorker.java:lambda$new$0(132)) - a406e7a3-25da-4471-b260-f46b81080cf7-SegmentedRaftLogWorker:Storage Directory /workdir/hadoop-ozone/integration-test/target/test-dir/MiniOzoneClusterImpl-ea0c9936-27f2-41d8-a3b5-aa3c9248b619/datanode-5/data/ratis/2bafeac2-e191-43e6-888b-7029949d55da: flushIndex: setUnconditionally 0 -> -1
2019-09-04 12:57:53,340 [pool-77-thread-1] INFO  server.RaftServerConfigKeys (ConfUtils.java:logGet(43)) - raft.server.snapshot.auto.trigger.enabled = true (custom)
2019-09-04 12:57:53,340 [pool-77-thread-1] INFO  server.RaftServerConfigKeys (ConfUtils.java:logGet(43)) - raft.server.snapshot.auto.trigger.threshold = 10000 (custom)
2019-09-04 12:57:53,340 [pool-77-thread-1] INFO  server.RaftServerConfigKeys (ConfUtils.java:logGet(43)) - raft.server.retrycache.expirytime = 600000ms (custom)
2019-09-04 12:57:53,341 [pool-77-thread-1] INFO  impl.RaftServerImpl (RaftServerImpl.java:start(180)) - a406e7a3-25da-4471-b260-f46b81080cf7: start group-7029949D55DA
2019-09-04 12:57:53,341 [pool-77-thread-1] INFO  impl.RaftServerImpl (RaftServerImpl.java:setRole(171)) - a406e7a3-25da-4471-b260-f46b81080cf7:group-7029949D55DA changes role from null to FOLLOWER at term 0 for startAsFollower
2019-09-04 12:57:53,341 [pool-77-thread-1] INFO  impl.RoleInfo (RoleInfo.java:updateAndGet(143)) - a406e7a3-25da-4471-b260-f46b81080cf7: start FollowerState
2019-09-04 12:57:53,341 [pool-77-thread-1] INFO  util.JmxRegister (JmxRegister.java:tryRegister(44)) - Successfully registered JMX Bean with object name Ratis:service=RaftServer,group=group-7029949D55DA,id=a406e7a3-25da-4471-b260-f46b81080cf7
2019-09-04 12:57:53,354 [RatisPipelineUtilsThread] INFO  pipeline.PipelineStateManager (PipelineStateManager.java:addPipeline(56)) - Created pipeline Pipeline[ Id: 2bafeac2-e191-43e6-888b-7029949d55da, Nodes: a406e7a3-25da-4471-b260-f46b81080cf7{ip: 192.168.34.40, host: pr-hdds-1553-wz5m7-2465012709, networkLocation: /default-rack, certSerialId: null}, Type:RATIS, Factor:ONE, State:OPEN]
2019-09-04 12:57:53,377 [grpc-default-executor-0] INFO  impl.RaftServerProxy (RaftServerProxy.java:addNew(89)) - c961c69f-9eae-4d72-9c2a-0156ee378652: addNew group-2A9A5EB9E133:[c961c69f-9eae-4d72-9c2a-0156ee378652:192.168.34.40:37448] returns group-2A9A5EB9E133:java.util.concurrent.CompletableFuture@583bbf1e[Not completed]
2019-09-04 12:57:53,379 [pool-37-thread-1] INFO  impl.RaftServerImpl (RaftServerImpl.java:<init>(93)) - c961c69f-9eae-4d72-9c2a-0156ee378652: new RaftServerImpl for group-2A9A5EB9E133:[c961c69f-9eae-4d72-9c2a-0156ee378652:192.168.34.40:37448] with ContainerStateMachine:uninitialized
2019-09-04 12:57:53,379 [pool-37-thread-1] INFO  server.RaftServerConfigKeys (ConfUtils.java:logGet(43)) - raft.server.rpc.timeout.min = 5s (custom)
2019-09-04 12:57:53,379 [pool-37-thread-1] INFO  server.RaftServerConfigKeys (ConfUtils.java:logGet(43)) - raft.server.rpc.timeout.max = 5200ms (custom)
2019-09-04 12:57:53,379 [pool-37-thread-1] INFO  server.RaftServerConfigKeys (ConfUtils.java:logGet(43)) - raft.server.rpcslowness.timeout = 120s (custom)
2019-09-04 12:57:53,380 [pool-37-thread-1] INFO  server.RaftServerConfigKeys (ConfUtils.java:logGet(43)) - raft.server.sleep.deviation.threshold = 300 (default)
2019-09-04 12:57:53,380 [pool-37-thread-1] INFO  server.RaftServerConfigKeys (ConfUtils.java:logGet(43)) - raft.server.log.appender.install.snapshot.enabled = false (custom)
2019-09-04 12:57:53,380 [pool-37-thread-1] INFO  impl.RaftServerImpl (ServerState.java:<init>(105)) - c961c69f-9eae-4d72-9c2a-0156ee378652:group-2A9A5EB9E133 ConfigurationManager, init=-1: [c961c69f-9eae-4d72-9c2a-0156ee378652:192.168.34.40:37448], old=null, confs=<EMPTY_MAP>
2019-09-04 12:57:53,380 [pool-37-thread-1] INFO  server.RaftServerConfigKeys (ConfUtils.java:logGet(43)) - raft.server.storage.dir = [/workdir/hadoop-ozone/integration-test/target/test-dir/MiniOzoneClusterImpl-ea0c9936-27f2-41d8-a3b5-aa3c9248b619/datanode-1/data/ratis] (custom)
2019-09-04 12:57:53,380 [pool-37-thread-1] INFO  storage.RaftStorageDirectory (RaftStorageDirectory.java:analyzeStorage(246)) - The storage directory /workdir/hadoop-ozone/integration-test/target/test-dir/MiniOzoneClusterImpl-ea0c9936-27f2-41d8-a3b5-aa3c9248b619/datanode-1/data/ratis/fc1309b0-7909-4aa0-8f2a-2a9a5eb9e133 does not exist. Creating ...
2019-09-04 12:57:53,393 [pool-37-thread-1] INFO  storage.RaftStorageDirectory (RaftStorageDirectory.java:tryLock(328)) - Lock on /workdir/hadoop-ozone/integration-test/target/test-dir/MiniOzoneClusterImpl-ea0c9936-27f2-41d8-a3b5-aa3c9248b619/datanode-1/data/ratis/fc1309b0-7909-4aa0-8f2a-2a9a5eb9e133/in_use.lock acquired by nodename 3419@pr-hdds-1553-wz5m7-2465012709
2019-09-04 12:57:53,407 [pool-37-thread-1] INFO  storage.RaftStorage (RaftStorage.java:format(72)) - Storage directory /workdir/hadoop-ozone/integration-test/target/test-dir/MiniOzoneClusterImpl-ea0c9936-27f2-41d8-a3b5-aa3c9248b619/datanode-1/data/ratis/fc1309b0-7909-4aa0-8f2a-2a9a5eb9e133 has been successfully formatted.
2019-09-04 12:57:53,407 [pool-37-thread-1] INFO  ratis.ContainerStateMachine (ContainerStateMachine.java:loadSnapshot(227)) - group-2A9A5EB9E133: The snapshot info is null. Setting the last applied indexto:(t:0, i:~)
2019-09-04 12:57:53,407 [pool-37-thread-1] INFO  server.RaftServerConfigKeys (ConfUtils.java:logGet(43)) - raft.server.leader.election.timeout = 120s (custom)
2019-09-04 12:57:53,407 [pool-37-thread-1] INFO  server.RaftServerConfigKeys (ConfUtils.java:logGet(43)) - raft.server.log.use.memory = false (default)
2019-09-04 12:57:53,407 [pool-37-thread-1] INFO  server.RaftServerConfigKeys (ConfUtils.java:logGet(43)) - raft.server.log.purge.gap = 1000000 (custom)
2019-09-04 12:57:53,407 [pool-37-thread-1] INFO  server.RaftServerConfigKeys (ConfUtils.java:logGet(43)) - raft.server.log.appender.buffer.byte-limit = 33554432 (custom)
2019-09-04 12:57:53,408 [pool-37-thread-1] INFO  server.RaftServerConfigKeys (ConfUtils.java:logGet(43)) - raft.server.log.segment.size.max = 1048576 (custom)
2019-09-04 12:57:53,408 [pool-37-thread-1] INFO  server.RaftServerConfigKeys (ConfUtils.java:logGet(43)) - raft.server.log.segment.cache.num.max = 2 (custom)
2019-09-04 12:57:53,408 [pool-37-thread-1] INFO  segmented.SegmentedRaftLogWorker (SegmentedRaftLogWorker.java:<init>(172)) - new c961c69f-9eae-4d72-9c2a-0156ee378652-SegmentedRaftLogWorker:Storage Directory /workdir/hadoop-ozone/integration-test/target/test-dir/MiniOzoneClusterImpl-ea0c9936-27f2-41d8-a3b5-aa3c9248b619/datanode-1/data/ratis/fc1309b0-7909-4aa0-8f2a-2a9a5eb9e133 for RaftStorage:Storage Directory /workdir/hadoop-ozone/integration-test/target/test-dir/MiniOzoneClusterImpl-ea0c9936-27f2-41d8-a3b5-aa3c9248b619/datanode-1/data/ratis/fc1309b0-7909-4aa0-8f2a-2a9a5eb9e133
2019-09-04 12:57:53,408 [pool-37-thread-1] INFO  server.RaftServerConfigKeys (ConfUtils.java:logGet(43)) - raft.server.log.queue.byte-limit = 2147483647 (custom)
2019-09-04 12:57:53,408 [pool-37-thread-1] INFO  server.RaftServerConfigKeys (ConfUtils.java:logGet(43)) - raft.server.log.queue.element-limit = 1024 (custom)
2019-09-04 12:57:53,408 [pool-37-thread-1] INFO  server.RaftServerConfigKeys (ConfUtils.java:logGet(43)) - raft.server.log.segment.size.max = 1048576 (custom)
2019-09-04 12:57:53,409 [pool-37-thread-1] INFO  server.RaftServerConfigKeys (ConfUtils.java:logGet(43)) - raft.server.log.preallocated.size = 16384 (custom)
2019-09-04 12:57:53,409 [pool-37-thread-1] INFO  server.RaftServerConfigKeys (ConfUtils.java:logGet(43)) - raft.server.log.write.buffer.size = 33554432 (custom)
2019-09-04 12:57:53,409 [pool-37-thread-1] INFO  server.RaftServerConfigKeys (ConfUtils.java:logGet(43)) - raft.server.log.force.sync.num = 128 (default)
2019-09-04 12:57:53,409 [pool-37-thread-1] INFO  server.RaftServerConfigKeys (ConfUtils.java:logGet(43)) - raft.server.log.statemachine.data.sync = true (default)
2019-09-04 12:57:53,409 [pool-37-thread-1] INFO  server.RaftServerConfigKeys (ConfUtils.java:logGet(43)) - raft.server.log.statemachine.data.sync.timeout = 10s (default)
2019-09-04 12:57:53,409 [pool-37-thread-1] INFO  server.RaftServerConfigKeys (ConfUtils.java:logGet(43)) - raft.server.log.statemachine.data.sync.timeout.retry = -1 (default)
2019-09-04 12:57:53,410 [pool-37-thread-1] INFO  server.RaftServerConfigKeys (ConfUtils.java:logGet(43)) - raft.server.log.statemachine.data.caching.enabled = true (custom)
2019-09-04 12:57:53,410 [pool-37-thread-1] INFO  segmented.SegmentedRaftLogWorker (SegmentedRaftLogWorker.java:lambda$new$0(132)) - c961c69f-9eae-4d72-9c2a-0156ee378652-SegmentedRaftLogWorker:Storage Directory /workdir/hadoop-ozone/integration-test/target/test-dir/MiniOzoneClusterImpl-ea0c9936-27f2-41d8-a3b5-aa3c9248b619/datanode-1/data/ratis/fc1309b0-7909-4aa0-8f2a-2a9a5eb9e133: flushIndex: setUnconditionally 0 -> -1
2019-09-04 12:57:53,410 [pool-37-thread-1] INFO  server.RaftServerConfigKeys (ConfUtils.java:logGet(43)) - raft.server.snapshot.auto.trigger.enabled = true (custom)
2019-09-04 12:57:53,410 [pool-37-thread-1] INFO  server.RaftServerConfigKeys (ConfUtils.java:logGet(43)) - raft.server.snapshot.auto.trigger.threshold = 10000 (custom)
2019-09-04 12:57:53,411 [pool-37-thread-1] INFO  server.RaftServerConfigKeys (ConfUtils.java:logGet(43)) - raft.server.retrycache.expirytime = 600000ms (custom)
2019-09-04 12:57:53,411 [pool-37-thread-1] INFO  impl.RaftServerImpl (RaftServerImpl.java:start(180)) - c961c69f-9eae-4d72-9c2a-0156ee378652: start group-2A9A5EB9E133
2019-09-04 12:57:53,411 [pool-37-thread-1] INFO  impl.RaftServerImpl (RaftServerImpl.java:setRole(171)) - c961c69f-9eae-4d72-9c2a-0156ee378652:group-2A9A5EB9E133 changes role from null to FOLLOWER at term 0 for startAsFollower
2019-09-04 12:57:53,411 [pool-37-thread-1] INFO  impl.RoleInfo (RoleInfo.java:updateAndGet(143)) - c961c69f-9eae-4d72-9c2a-0156ee378652: start FollowerState
2019-09-04 12:57:53,411 [pool-37-thread-1] INFO  util.JmxRegister (JmxRegister.java:tryRegister(44)) - Successfully registered JMX Bean with object name Ratis:service=RaftServer,group=group-2A9A5EB9E133,id=c961c69f-9eae-4d72-9c2a-0156ee378652
2019-09-04 12:57:53,421 [RatisPipelineUtilsThread] INFO  pipeline.PipelineStateManager (PipelineStateManager.java:addPipeline(56)) - Created pipeline Pipeline[ Id: fc1309b0-7909-4aa0-8f2a-2a9a5eb9e133, Nodes: c961c69f-9eae-4d72-9c2a-0156ee378652{ip: 192.168.34.40, host: pr-hdds-1553-wz5m7-2465012709, networkLocation: /default-rack, certSerialId: null}, Type:RATIS, Factor:ONE, State:OPEN]
2019-09-04 12:57:53,435 [grpc-default-executor-0] INFO  impl.RaftServerProxy (RaftServerProxy.java:addNew(89)) - 2e6edd61-a3cd-4fc6-8ced-1e6b5c08eab5: addNew group-CDCEBF04B733:[2e6edd61-a3cd-4fc6-8ced-1e6b5c08eab5:192.168.34.40:45365] returns group-CDCEBF04B733:java.util.concurrent.CompletableFuture@5a527e81[Not completed]
2019-09-04 12:57:53,439 [pool-57-thread-1] INFO  impl.RaftServerImpl (RaftServerImpl.java:<init>(93)) - 2e6edd61-a3cd-4fc6-8ced-1e6b5c08eab5: new RaftServerImpl for group-CDCEBF04B733:[2e6edd61-a3cd-4fc6-8ced-1e6b5c08eab5:192.168.34.40:45365] with ContainerStateMachine:uninitialized
2019-09-04 12:57:53,440 [pool-57-thread-1] INFO  server.RaftServerConfigKeys (ConfUtils.java:logGet(43)) - raft.server.rpc.timeout.min = 5s (custom)
2019-09-04 12:57:53,440 [pool-57-thread-1] INFO  server.RaftServerConfigKeys (ConfUtils.java:logGet(43)) - raft.server.rpc.timeout.max = 5200ms (custom)
2019-09-04 12:57:53,440 [pool-57-thread-1] INFO  server.RaftServerConfigKeys (ConfUtils.java:logGet(43)) - raft.server.rpcslowness.timeout = 120s (custom)
2019-09-04 12:57:53,440 [pool-57-thread-1] INFO  server.RaftServerConfigKeys (ConfUtils.java:logGet(43)) - raft.server.sleep.deviation.threshold = 300 (default)
2019-09-04 12:57:53,440 [pool-57-thread-1] INFO  server.RaftServerConfigKeys (ConfUtils.java:logGet(43)) - raft.server.log.appender.install.snapshot.enabled = false (custom)
2019-09-04 12:57:53,441 [pool-57-thread-1] INFO  impl.RaftServerImpl (ServerState.java:<init>(105)) - 2e6edd61-a3cd-4fc6-8ced-1e6b5c08eab5:group-CDCEBF04B733 ConfigurationManager, init=-1: [2e6edd61-a3cd-4fc6-8ced-1e6b5c08eab5:192.168.34.40:45365], old=null, confs=<EMPTY_MAP>
2019-09-04 12:57:53,441 [pool-57-thread-1] INFO  server.RaftServerConfigKeys (ConfUtils.java:logGet(43)) - raft.server.storage.dir = [/workdir/hadoop-ozone/integration-test/target/test-dir/MiniOzoneClusterImpl-ea0c9936-27f2-41d8-a3b5-aa3c9248b619/datanode-3/data/ratis] (custom)
2019-09-04 12:57:53,441 [pool-57-thread-1] INFO  storage.RaftStorageDirectory (RaftStorageDirectory.java:analyzeStorage(246)) - The storage directory /workdir/hadoop-ozone/integration-test/target/test-dir/MiniOzoneClusterImpl-ea0c9936-27f2-41d8-a3b5-aa3c9248b619/datanode-3/data/ratis/5e36570b-2ec4-43c7-b730-cdcebf04b733 does not exist. Creating ...
2019-09-04 12:57:53,454 [pool-57-thread-1] INFO  storage.RaftStorageDirectory (RaftStorageDirectory.java:tryLock(328)) - Lock on /workdir/hadoop-ozone/integration-test/target/test-dir/MiniOzoneClusterImpl-ea0c9936-27f2-41d8-a3b5-aa3c9248b619/datanode-3/data/ratis/5e36570b-2ec4-43c7-b730-cdcebf04b733/in_use.lock acquired by nodename 3419@pr-hdds-1553-wz5m7-2465012709
2019-09-04 12:57:53,466 [pool-57-thread-1] INFO  storage.RaftStorage (RaftStorage.java:format(72)) - Storage directory /workdir/hadoop-ozone/integration-test/target/test-dir/MiniOzoneClusterImpl-ea0c9936-27f2-41d8-a3b5-aa3c9248b619/datanode-3/data/ratis/5e36570b-2ec4-43c7-b730-cdcebf04b733 has been successfully formatted.
2019-09-04 12:57:53,467 [pool-57-thread-1] INFO  ratis.ContainerStateMachine (ContainerStateMachine.java:loadSnapshot(227)) - group-CDCEBF04B733: The snapshot info is null. Setting the last applied indexto:(t:0, i:~)
2019-09-04 12:57:53,467 [pool-57-thread-1] INFO  server.RaftServerConfigKeys (ConfUtils.java:logGet(43)) - raft.server.leader.election.timeout = 120s (custom)
2019-09-04 12:57:53,467 [pool-57-thread-1] INFO  server.RaftServerConfigKeys (ConfUtils.java:logGet(43)) - raft.server.log.use.memory = false (default)
2019-09-04 12:57:53,467 [pool-57-thread-1] INFO  server.RaftServerConfigKeys (ConfUtils.java:logGet(43)) - raft.server.log.purge.gap = 1000000 (custom)
2019-09-04 12:57:53,467 [pool-57-thread-1] INFO  server.RaftServerConfigKeys (ConfUtils.java:logGet(43)) - raft.server.log.appender.buffer.byte-limit = 33554432 (custom)
2019-09-04 12:57:53,468 [pool-57-thread-1] INFO  server.RaftServerConfigKeys (ConfUtils.java:logGet(43)) - raft.server.log.segment.size.max = 1048576 (custom)
2019-09-04 12:57:53,468 [pool-57-thread-1] INFO  server.RaftServerConfigKeys (ConfUtils.java:logGet(43)) - raft.server.log.segment.cache.num.max = 2 (custom)
2019-09-04 12:57:53,468 [pool-57-thread-1] INFO  segmented.SegmentedRaftLogWorker (SegmentedRaftLogWorker.java:<init>(172)) - new 2e6edd61-a3cd-4fc6-8ced-1e6b5c08eab5-SegmentedRaftLogWorker:Storage Directory /workdir/hadoop-ozone/integration-test/target/test-dir/MiniOzoneClusterImpl-ea0c9936-27f2-41d8-a3b5-aa3c9248b619/datanode-3/data/ratis/5e36570b-2ec4-43c7-b730-cdcebf04b733 for RaftStorage:Storage Directory /workdir/hadoop-ozone/integration-test/target/test-dir/MiniOzoneClusterImpl-ea0c9936-27f2-41d8-a3b5-aa3c9248b619/datanode-3/data/ratis/5e36570b-2ec4-43c7-b730-cdcebf04b733
2019-09-04 12:57:53,468 [pool-57-thread-1] INFO  server.RaftServerConfigKeys (ConfUtils.java:logGet(43)) - raft.server.log.queue.byte-limit = 2147483647 (custom)
2019-09-04 12:57:53,468 [pool-57-thread-1] INFO  server.RaftServerConfigKeys (ConfUtils.java:logGet(43)) - raft.server.log.queue.element-limit = 1024 (custom)
2019-09-04 12:57:53,468 [pool-57-thread-1] INFO  server.RaftServerConfigKeys (ConfUtils.java:logGet(43)) - raft.server.log.segment.size.max = 1048576 (custom)
2019-09-04 12:57:53,469 [pool-57-thread-1] INFO  server.RaftServerConfigKeys (ConfUtils.java:logGet(43)) - raft.server.log.preallocated.size = 16384 (custom)
2019-09-04 12:57:53,469 [pool-57-thread-1] INFO  server.RaftServerConfigKeys (ConfUtils.java:logGet(43)) - raft.server.log.write.buffer.size = 33554432 (custom)
2019-09-04 12:57:53,469 [pool-57-thread-1] INFO  server.RaftServerConfigKeys (ConfUtils.java:logGet(43)) - raft.server.log.force.sync.num = 128 (default)
2019-09-04 12:57:53,469 [pool-57-thread-1] INFO  server.RaftServerConfigKeys (ConfUtils.java:logGet(43)) - raft.server.log.statemachine.data.sync = true (default)
2019-09-04 12:57:53,469 [pool-57-thread-1] INFO  server.RaftServerConfigKeys (ConfUtils.java:logGet(43)) - raft.server.log.statemachine.data.sync.timeout = 10s (default)
2019-09-04 12:57:53,469 [pool-57-thread-1] INFO  server.RaftServerConfigKeys (ConfUtils.java:logGet(43)) - raft.server.log.statemachine.data.sync.timeout.retry = -1 (default)
2019-09-04 12:57:53,469 [pool-57-thread-1] INFO  server.RaftServerConfigKeys (ConfUtils.java:logGet(43)) - raft.server.log.statemachine.data.caching.enabled = true (custom)
2019-09-04 12:57:53,470 [pool-57-thread-1] INFO  segmented.SegmentedRaftLogWorker (SegmentedRaftLogWorker.java:lambda$new$0(132)) - 2e6edd61-a3cd-4fc6-8ced-1e6b5c08eab5-SegmentedRaftLogWorker:Storage Directory /workdir/hadoop-ozone/integration-test/target/test-dir/MiniOzoneClusterImpl-ea0c9936-27f2-41d8-a3b5-aa3c9248b619/datanode-3/data/ratis/5e36570b-2ec4-43c7-b730-cdcebf04b733: flushIndex: setUnconditionally 0 -> -1
2019-09-04 12:57:53,470 [pool-57-thread-1] INFO  server.RaftServerConfigKeys (ConfUtils.java:logGet(43)) - raft.server.snapshot.auto.trigger.enabled = true (custom)
2019-09-04 12:57:53,470 [pool-57-thread-1] INFO  server.RaftServerConfigKeys (ConfUtils.java:logGet(43)) - raft.server.snapshot.auto.trigger.threshold = 10000 (custom)
2019-09-04 12:57:53,470 [pool-57-thread-1] INFO  server.RaftServerConfigKeys (ConfUtils.java:logGet(43)) - raft.server.retrycache.expirytime = 600000ms (custom)
2019-09-04 12:57:53,471 [pool-57-thread-1] INFO  impl.RaftServerImpl (RaftServerImpl.java:start(180)) - 2e6edd61-a3cd-4fc6-8ced-1e6b5c08eab5: start group-CDCEBF04B733
2019-09-04 12:57:53,471 [pool-57-thread-1] INFO  impl.RaftServerImpl (RaftServerImpl.java:setRole(171)) - 2e6edd61-a3cd-4fc6-8ced-1e6b5c08eab5:group-CDCEBF04B733 changes role from null to FOLLOWER at term 0 for startAsFollower
2019-09-04 12:57:53,471 [pool-57-thread-1] INFO  impl.RoleInfo (RoleInfo.java:updateAndGet(143)) - 2e6edd61-a3cd-4fc6-8ced-1e6b5c08eab5: start FollowerState
2019-09-04 12:57:53,471 [pool-57-thread-1] INFO  util.JmxRegister (JmxRegister.java:tryRegister(44)) - Successfully registered JMX Bean with object name Ratis:service=RaftServer,group=group-CDCEBF04B733,id=2e6edd61-a3cd-4fc6-8ced-1e6b5c08eab5
2019-09-04 12:57:53,484 [RatisPipelineUtilsThread] INFO  pipeline.PipelineStateManager (PipelineStateManager.java:addPipeline(56)) - Created pipeline Pipeline[ Id: 5e36570b-2ec4-43c7-b730-cdcebf04b733, Nodes: 2e6edd61-a3cd-4fc6-8ced-1e6b5c08eab5{ip: 192.168.34.40, host: pr-hdds-1553-wz5m7-2465012709, networkLocation: /default-rack, certSerialId: null}, Type:RATIS, Factor:ONE, State:OPEN]
2019-09-04 12:57:53,514 [grpc-default-executor-2] INFO  impl.RaftServerProxy (RaftServerProxy.java:addNew(89)) - 0b7b5e0e-aa68-4a1e-b481-ada831baaf89: addNew group-6DE7507FE9B5:[6cbd16fb-409a-4203-ae13-b6936b2a9753:192.168.34.40:42358, 41b70c7e-0a9b-42f1-bdd5-b75d7be68999:192.168.34.40:44764, 0b7b5e0e-aa68-4a1e-b481-ada831baaf89:192.168.34.40:41108] returns group-6DE7507FE9B5:java.util.concurrent.CompletableFuture@969148[Not completed]
2019-09-04 12:57:53,515 [grpc-default-executor-1] INFO  impl.RaftServerProxy (RaftServerProxy.java:addNew(89)) - 6cbd16fb-409a-4203-ae13-b6936b2a9753: addNew group-6DE7507FE9B5:[6cbd16fb-409a-4203-ae13-b6936b2a9753:192.168.34.40:42358, 41b70c7e-0a9b-42f1-bdd5-b75d7be68999:192.168.34.40:44764, 0b7b5e0e-aa68-4a1e-b481-ada831baaf89:192.168.34.40:41108] returns group-6DE7507FE9B5:java.util.concurrent.CompletableFuture@5ff78869[Not completed]
2019-09-04 12:57:53,517 [grpc-default-executor-1] INFO  impl.RaftServerProxy (RaftServerProxy.java:addNew(89)) - 41b70c7e-0a9b-42f1-bdd5-b75d7be68999: addNew group-6DE7507FE9B5:[6cbd16fb-409a-4203-ae13-b6936b2a9753:192.168.34.40:42358, 41b70c7e-0a9b-42f1-bdd5-b75d7be68999:192.168.34.40:44764, 0b7b5e0e-aa68-4a1e-b481-ada831baaf89:192.168.34.40:41108] returns group-6DE7507FE9B5:java.util.concurrent.CompletableFuture@1af51df3[Not completed]
2019-09-04 12:57:53,518 [pool-87-thread-1] INFO  impl.RaftServerImpl (RaftServerImpl.java:<init>(93)) - 0b7b5e0e-aa68-4a1e-b481-ada831baaf89: new RaftServerImpl for group-6DE7507FE9B5:[6cbd16fb-409a-4203-ae13-b6936b2a9753:192.168.34.40:42358, 41b70c7e-0a9b-42f1-bdd5-b75d7be68999:192.168.34.40:44764, 0b7b5e0e-aa68-4a1e-b481-ada831baaf89:192.168.34.40:41108] with ContainerStateMachine:uninitialized
2019-09-04 12:57:53,518 [pool-87-thread-1] INFO  server.RaftServerConfigKeys (ConfUtils.java:logGet(43)) - raft.server.rpc.timeout.min = 5s (custom)
2019-09-04 12:57:53,518 [pool-87-thread-1] INFO  server.RaftServerConfigKeys (ConfUtils.java:logGet(43)) - raft.server.rpc.timeout.max = 5200ms (custom)
2019-09-04 12:57:53,519 [pool-87-thread-1] INFO  server.RaftServerConfigKeys (ConfUtils.java:logGet(43)) - raft.server.rpcslowness.timeout = 120s (custom)
2019-09-04 12:57:53,519 [pool-87-thread-1] INFO  server.RaftServerConfigKeys (ConfUtils.java:logGet(43)) - raft.server.sleep.deviation.threshold = 300 (default)
2019-09-04 12:57:53,519 [pool-87-thread-1] INFO  server.RaftServerConfigKeys (ConfUtils.java:logGet(43)) - raft.server.log.appender.install.snapshot.enabled = false (custom)
2019-09-04 12:57:53,519 [pool-87-thread-1] INFO  impl.RaftServerImpl (ServerState.java:<init>(105)) - 0b7b5e0e-aa68-4a1e-b481-ada831baaf89:group-6DE7507FE9B5 ConfigurationManager, init=-1: [6cbd16fb-409a-4203-ae13-b6936b2a9753:192.168.34.40:42358, 41b70c7e-0a9b-42f1-bdd5-b75d7be68999:192.168.34.40:44764, 0b7b5e0e-aa68-4a1e-b481-ada831baaf89:192.168.34.40:41108], old=null, confs=<EMPTY_MAP>
2019-09-04 12:57:53,519 [pool-47-thread-1] INFO  impl.RaftServerImpl (RaftServerImpl.java:<init>(93)) - 41b70c7e-0a9b-42f1-bdd5-b75d7be68999: new RaftServerImpl for group-6DE7507FE9B5:[6cbd16fb-409a-4203-ae13-b6936b2a9753:192.168.34.40:42358, 41b70c7e-0a9b-42f1-bdd5-b75d7be68999:192.168.34.40:44764, 0b7b5e0e-aa68-4a1e-b481-ada831baaf89:192.168.34.40:41108] with ContainerStateMachine:uninitialized
2019-09-04 12:57:53,519 [pool-87-thread-1] INFO  server.RaftServerConfigKeys (ConfUtils.java:logGet(43)) - raft.server.storage.dir = [/workdir/hadoop-ozone/integration-test/target/test-dir/MiniOzoneClusterImpl-ea0c9936-27f2-41d8-a3b5-aa3c9248b619/datanode-6/data/ratis] (custom)
2019-09-04 12:57:53,519 [pool-47-thread-1] INFO  server.RaftServerConfigKeys (ConfUtils.java:logGet(43)) - raft.server.rpc.timeout.min = 5s (custom)
2019-09-04 12:57:53,520 [pool-47-thread-1] INFO  server.RaftServerConfigKeys (ConfUtils.java:logGet(43)) - raft.server.rpc.timeout.max = 5200ms (custom)
2019-09-04 12:57:53,520 [pool-47-thread-1] INFO  server.RaftServerConfigKeys (ConfUtils.java:logGet(43)) - raft.server.rpcslowness.timeout = 120s (custom)
2019-09-04 12:57:53,520 [pool-87-thread-1] INFO  storage.RaftStorageDirectory (RaftStorageDirectory.java:analyzeStorage(246)) - The storage directory /workdir/hadoop-ozone/integration-test/target/test-dir/MiniOzoneClusterImpl-ea0c9936-27f2-41d8-a3b5-aa3c9248b619/datanode-6/data/ratis/ecc10bd4-7cb9-4a06-b907-6de7507fe9b5 does not exist. Creating ...
2019-09-04 12:57:53,520 [pool-47-thread-1] INFO  server.RaftServerConfigKeys (ConfUtils.java:logGet(43)) - raft.server.sleep.deviation.threshold = 300 (default)
2019-09-04 12:57:53,520 [pool-47-thread-1] INFO  server.RaftServerConfigKeys (ConfUtils.java:logGet(43)) - raft.server.log.appender.install.snapshot.enabled = false (custom)
2019-09-04 12:57:53,520 [pool-47-thread-1] INFO  impl.RaftServerImpl (ServerState.java:<init>(105)) - 41b70c7e-0a9b-42f1-bdd5-b75d7be68999:group-6DE7507FE9B5 ConfigurationManager, init=-1: [6cbd16fb-409a-4203-ae13-b6936b2a9753:192.168.34.40:42358, 41b70c7e-0a9b-42f1-bdd5-b75d7be68999:192.168.34.40:44764, 0b7b5e0e-aa68-4a1e-b481-ada831baaf89:192.168.34.40:41108], old=null, confs=<EMPTY_MAP>
2019-09-04 12:57:53,520 [pool-47-thread-1] INFO  server.RaftServerConfigKeys (ConfUtils.java:logGet(43)) - raft.server.storage.dir = [/workdir/hadoop-ozone/integration-test/target/test-dir/MiniOzoneClusterImpl-ea0c9936-27f2-41d8-a3b5-aa3c9248b619/datanode-2/data/ratis] (custom)
2019-09-04 12:57:53,520 [pool-67-thread-1] INFO  impl.RaftServerImpl (RaftServerImpl.java:<init>(93)) - 6cbd16fb-409a-4203-ae13-b6936b2a9753: new RaftServerImpl for group-6DE7507FE9B5:[6cbd16fb-409a-4203-ae13-b6936b2a9753:192.168.34.40:42358, 41b70c7e-0a9b-42f1-bdd5-b75d7be68999:192.168.34.40:44764, 0b7b5e0e-aa68-4a1e-b481-ada831baaf89:192.168.34.40:41108] with ContainerStateMachine:uninitialized
2019-09-04 12:57:53,521 [pool-67-thread-1] INFO  server.RaftServerConfigKeys (ConfUtils.java:logGet(43)) - raft.server.rpc.timeout.min = 5s (custom)
2019-09-04 12:57:53,521 [pool-47-thread-1] INFO  storage.RaftStorageDirectory (RaftStorageDirectory.java:analyzeStorage(246)) - The storage directory /workdir/hadoop-ozone/integration-test/target/test-dir/MiniOzoneClusterImpl-ea0c9936-27f2-41d8-a3b5-aa3c9248b619/datanode-2/data/ratis/ecc10bd4-7cb9-4a06-b907-6de7507fe9b5 does not exist. Creating ...
2019-09-04 12:57:53,521 [pool-67-thread-1] INFO  server.RaftServerConfigKeys (ConfUtils.java:logGet(43)) - raft.server.rpc.timeout.max = 5200ms (custom)
2019-09-04 12:57:53,521 [pool-67-thread-1] INFO  server.RaftServerConfigKeys (ConfUtils.java:logGet(43)) - raft.server.rpcslowness.timeout = 120s (custom)
2019-09-04 12:57:53,521 [pool-67-thread-1] INFO  server.RaftServerConfigKeys (ConfUtils.java:logGet(43)) - raft.server.sleep.deviation.threshold = 300 (default)
2019-09-04 12:57:53,521 [pool-67-thread-1] INFO  server.RaftServerConfigKeys (ConfUtils.java:logGet(43)) - raft.server.log.appender.install.snapshot.enabled = false (custom)
2019-09-04 12:57:53,522 [pool-67-thread-1] INFO  impl.RaftServerImpl (ServerState.java:<init>(105)) - 6cbd16fb-409a-4203-ae13-b6936b2a9753:group-6DE7507FE9B5 ConfigurationManager, init=-1: [6cbd16fb-409a-4203-ae13-b6936b2a9753:192.168.34.40:42358, 41b70c7e-0a9b-42f1-bdd5-b75d7be68999:192.168.34.40:44764, 0b7b5e0e-aa68-4a1e-b481-ada831baaf89:192.168.34.40:41108], old=null, confs=<EMPTY_MAP>
2019-09-04 12:57:53,522 [pool-67-thread-1] INFO  server.RaftServerConfigKeys (ConfUtils.java:logGet(43)) - raft.server.storage.dir = [/workdir/hadoop-ozone/integration-test/target/test-dir/MiniOzoneClusterImpl-ea0c9936-27f2-41d8-a3b5-aa3c9248b619/datanode-4/data/ratis] (custom)
2019-09-04 12:57:53,522 [pool-67-thread-1] INFO  storage.RaftStorageDirectory (RaftStorageDirectory.java:analyzeStorage(246)) - The storage directory /workdir/hadoop-ozone/integration-test/target/test-dir/MiniOzoneClusterImpl-ea0c9936-27f2-41d8-a3b5-aa3c9248b619/datanode-4/data/ratis/ecc10bd4-7cb9-4a06-b907-6de7507fe9b5 does not exist. Creating ...
2019-09-04 12:57:53,545 [pool-87-thread-1] INFO  storage.RaftStorageDirectory (RaftStorageDirectory.java:tryLock(328)) - Lock on /workdir/hadoop-ozone/integration-test/target/test-dir/MiniOzoneClusterImpl-ea0c9936-27f2-41d8-a3b5-aa3c9248b619/datanode-6/data/ratis/ecc10bd4-7cb9-4a06-b907-6de7507fe9b5/in_use.lock acquired by nodename 3419@pr-hdds-1553-wz5m7-2465012709
2019-09-04 12:57:53,545 [pool-47-thread-1] INFO  storage.RaftStorageDirectory (RaftStorageDirectory.java:tryLock(328)) - Lock on /workdir/hadoop-ozone/integration-test/target/test-dir/MiniOzoneClusterImpl-ea0c9936-27f2-41d8-a3b5-aa3c9248b619/datanode-2/data/ratis/ecc10bd4-7cb9-4a06-b907-6de7507fe9b5/in_use.lock acquired by nodename 3419@pr-hdds-1553-wz5m7-2465012709
2019-09-04 12:57:53,545 [pool-67-thread-1] INFO  storage.RaftStorageDirectory (RaftStorageDirectory.java:tryLock(328)) - Lock on /workdir/hadoop-ozone/integration-test/target/test-dir/MiniOzoneClusterImpl-ea0c9936-27f2-41d8-a3b5-aa3c9248b619/datanode-4/data/ratis/ecc10bd4-7cb9-4a06-b907-6de7507fe9b5/in_use.lock acquired by nodename 3419@pr-hdds-1553-wz5m7-2465012709
2019-09-04 12:57:53,570 [pool-67-thread-1] INFO  storage.RaftStorage (RaftStorage.java:format(72)) - Storage directory /workdir/hadoop-ozone/integration-test/target/test-dir/MiniOzoneClusterImpl-ea0c9936-27f2-41d8-a3b5-aa3c9248b619/datanode-4/data/ratis/ecc10bd4-7cb9-4a06-b907-6de7507fe9b5 has been successfully formatted.
2019-09-04 12:57:53,570 [pool-47-thread-1] INFO  storage.RaftStorage (RaftStorage.java:format(72)) - Storage directory /workdir/hadoop-ozone/integration-test/target/test-dir/MiniOzoneClusterImpl-ea0c9936-27f2-41d8-a3b5-aa3c9248b619/datanode-2/data/ratis/ecc10bd4-7cb9-4a06-b907-6de7507fe9b5 has been successfully formatted.
2019-09-04 12:57:53,570 [pool-87-thread-1] INFO  storage.RaftStorage (RaftStorage.java:format(72)) - Storage directory /workdir/hadoop-ozone/integration-test/target/test-dir/MiniOzoneClusterImpl-ea0c9936-27f2-41d8-a3b5-aa3c9248b619/datanode-6/data/ratis/ecc10bd4-7cb9-4a06-b907-6de7507fe9b5 has been successfully formatted.
2019-09-04 12:57:53,570 [main] INFO  ozone.MiniOzoneClusterImpl (MiniOzoneClusterImpl.java:lambda$waitForClusterToBeReady$0(140)) - Cluster is ready. Got 7 of 7 DN Heartbeats.
2019-09-04 12:57:53,570 [pool-87-thread-1] INFO  ratis.ContainerStateMachine (ContainerStateMachine.java:loadSnapshot(227)) - group-6DE7507FE9B5: The snapshot info is null. Setting the last applied indexto:(t:0, i:~)
2019-09-04 12:57:53,570 [pool-47-thread-1] INFO  ratis.ContainerStateMachine (ContainerStateMachine.java:loadSnapshot(227)) - group-6DE7507FE9B5: The snapshot info is null. Setting the last applied indexto:(t:0, i:~)
2019-09-04 12:57:53,570 [pool-67-thread-1] INFO  ratis.ContainerStateMachine (ContainerStateMachine.java:loadSnapshot(227)) - group-6DE7507FE9B5: The snapshot info is null. Setting the last applied indexto:(t:0, i:~)
2019-09-04 12:57:53,571 [pool-47-thread-1] INFO  server.RaftServerConfigKeys (ConfUtils.java:logGet(43)) - raft.server.leader.election.timeout = 120s (custom)
2019-09-04 12:57:53,571 [pool-87-thread-1] INFO  server.RaftServerConfigKeys (ConfUtils.java:logGet(43)) - raft.server.leader.election.timeout = 120s (custom)
2019-09-04 12:57:53,571 [pool-47-thread-1] INFO  server.RaftServerConfigKeys (ConfUtils.java:logGet(43)) - raft.server.log.use.memory = false (default)
2019-09-04 12:57:53,571 [pool-67-thread-1] INFO  server.RaftServerConfigKeys (ConfUtils.java:logGet(43)) - raft.server.leader.election.timeout = 120s (custom)
2019-09-04 12:57:53,571 [pool-47-thread-1] INFO  server.RaftServerConfigKeys (ConfUtils.java:logGet(43)) - raft.server.log.purge.gap = 1000000 (custom)
2019-09-04 12:57:53,571 [pool-87-thread-1] INFO  server.RaftServerConfigKeys (ConfUtils.java:logGet(43)) - raft.server.log.use.memory = false (default)
2019-09-04 12:57:53,571 [pool-47-thread-1] INFO  server.RaftServerConfigKeys (ConfUtils.java:logGet(43)) - raft.server.log.appender.buffer.byte-limit = 33554432 (custom)
2019-09-04 12:57:53,571 [pool-67-thread-1] INFO  server.RaftServerConfigKeys (ConfUtils.java:logGet(43)) - raft.server.log.use.memory = false (default)
2019-09-04 12:57:53,572 [pool-47-thread-1] INFO  server.RaftServerConfigKeys (ConfUtils.java:logGet(43)) - raft.server.log.segment.size.max = 1048576 (custom)
2019-09-04 12:57:53,572 [pool-87-thread-1] INFO  server.RaftServerConfigKeys (ConfUtils.java:logGet(43)) - raft.server.log.purge.gap = 1000000 (custom)
2019-09-04 12:57:53,572 [pool-47-thread-1] INFO  server.RaftServerConfigKeys (ConfUtils.java:logGet(43)) - raft.server.log.segment.cache.num.max = 2 (custom)
2019-09-04 12:57:53,572 [pool-67-thread-1] INFO  server.RaftServerConfigKeys (ConfUtils.java:logGet(43)) - raft.server.log.purge.gap = 1000000 (custom)
2019-09-04 12:57:53,572 [pool-47-thread-1] INFO  segmented.SegmentedRaftLogWorker (SegmentedRaftLogWorker.java:<init>(172)) - new 41b70c7e-0a9b-42f1-bdd5-b75d7be68999-SegmentedRaftLogWorker:Storage Directory /workdir/hadoop-ozone/integration-test/target/test-dir/MiniOzoneClusterImpl-ea0c9936-27f2-41d8-a3b5-aa3c9248b619/datanode-2/data/ratis/ecc10bd4-7cb9-4a06-b907-6de7507fe9b5 for RaftStorage:Storage Directory /workdir/hadoop-ozone/integration-test/target/test-dir/MiniOzoneClusterImpl-ea0c9936-27f2-41d8-a3b5-aa3c9248b619/datanode-2/data/ratis/ecc10bd4-7cb9-4a06-b907-6de7507fe9b5
2019-09-04 12:57:53,572 [pool-87-thread-1] INFO  server.RaftServerConfigKeys (ConfUtils.java:logGet(43)) - raft.server.log.appender.buffer.byte-limit = 33554432 (custom)
2019-09-04 12:57:53,572 [pool-47-thread-1] INFO  server.RaftServerConfigKeys (ConfUtils.java:logGet(43)) - raft.server.log.queue.byte-limit = 2147483647 (custom)
2019-09-04 12:57:53,572 [pool-67-thread-1] INFO  server.RaftServerConfigKeys (ConfUtils.java:logGet(43)) - raft.server.log.appender.buffer.byte-limit = 33554432 (custom)
2019-09-04 12:57:53,574 [pool-87-thread-1] INFO  server.RaftServerConfigKeys (ConfUtils.java:logGet(43)) - raft.server.log.segment.size.max = 1048576 (custom)
2019-09-04 12:57:53,574 [pool-47-thread-1] INFO  server.RaftServerConfigKeys (ConfUtils.java:logGet(43)) - raft.server.log.queue.element-limit = 1024 (custom)
2019-09-04 12:57:53,574 [pool-87-thread-1] INFO  server.RaftServerConfigKeys (ConfUtils.java:logGet(43)) - raft.server.log.segment.cache.num.max = 2 (custom)
2019-09-04 12:57:53,574 [pool-67-thread-1] INFO  server.RaftServerConfigKeys (ConfUtils.java:logGet(43)) - raft.server.log.segment.size.max = 1048576 (custom)
2019-09-04 12:57:53,574 [pool-87-thread-1] INFO  segmented.SegmentedRaftLogWorker (SegmentedRaftLogWorker.java:<init>(172)) - new 0b7b5e0e-aa68-4a1e-b481-ada831baaf89-SegmentedRaftLogWorker:Storage Directory /workdir/hadoop-ozone/integration-test/target/test-dir/MiniOzoneClusterImpl-ea0c9936-27f2-41d8-a3b5-aa3c9248b619/datanode-6/data/ratis/ecc10bd4-7cb9-4a06-b907-6de7507fe9b5 for RaftStorage:Storage Directory /workdir/hadoop-ozone/integration-test/target/test-dir/MiniOzoneClusterImpl-ea0c9936-27f2-41d8-a3b5-aa3c9248b619/datanode-6/data/ratis/ecc10bd4-7cb9-4a06-b907-6de7507fe9b5
2019-09-04 12:57:53,574 [pool-47-thread-1] INFO  server.RaftServerConfigKeys (ConfUtils.java:logGet(43)) - raft.server.log.segment.size.max = 1048576 (custom)
2019-09-04 12:57:53,575 [pool-87-thread-1] INFO  server.RaftServerConfigKeys (ConfUtils.java:logGet(43)) - raft.server.log.queue.byte-limit = 2147483647 (custom)
2019-09-04 12:57:53,575 [pool-67-thread-1] INFO  server.RaftServerConfigKeys (ConfUtils.java:logGet(43)) - raft.server.log.segment.cache.num.max = 2 (custom)
2019-09-04 12:57:53,576 [pool-87-thread-1] INFO  server.RaftServerConfigKeys (ConfUtils.java:logGet(43)) - raft.server.log.queue.element-limit = 1024 (custom)
2019-09-04 12:57:53,575 [pool-47-thread-1] INFO  server.RaftServerConfigKeys (ConfUtils.java:logGet(43)) - raft.server.log.preallocated.size = 16384 (custom)
2019-09-04 12:57:53,576 [pool-87-thread-1] INFO  server.RaftServerConfigKeys (ConfUtils.java:logGet(43)) - raft.server.log.segment.size.max = 1048576 (custom)
2019-09-04 12:57:53,576 [pool-67-thread-1] INFO  segmented.SegmentedRaftLogWorker (SegmentedRaftLogWorker.java:<init>(172)) - new 6cbd16fb-409a-4203-ae13-b6936b2a9753-SegmentedRaftLogWorker:Storage Directory /workdir/hadoop-ozone/integration-test/target/test-dir/MiniOzoneClusterImpl-ea0c9936-27f2-41d8-a3b5-aa3c9248b619/datanode-4/data/ratis/ecc10bd4-7cb9-4a06-b907-6de7507fe9b5 for RaftStorage:Storage Directory /workdir/hadoop-ozone/integration-test/target/test-dir/MiniOzoneClusterImpl-ea0c9936-27f2-41d8-a3b5-aa3c9248b619/datanode-4/data/ratis/ecc10bd4-7cb9-4a06-b907-6de7507fe9b5
2019-09-04 12:57:53,576 [pool-87-thread-1] INFO  server.RaftServerConfigKeys (ConfUtils.java:logGet(43)) - raft.server.log.preallocated.size = 16384 (custom)
2019-09-04 12:57:53,576 [pool-47-thread-1] INFO  server.RaftServerConfigKeys (ConfUtils.java:logGet(43)) - raft.server.log.write.buffer.size = 33554432 (custom)
2019-09-04 12:57:53,577 [pool-87-thread-1] INFO  server.RaftServerConfigKeys (ConfUtils.java:logGet(43)) - raft.server.log.write.buffer.size = 33554432 (custom)
2019-09-04 12:57:53,577 [pool-67-thread-1] INFO  server.RaftServerConfigKeys (ConfUtils.java:logGet(43)) - raft.server.log.queue.byte-limit = 2147483647 (custom)
2019-09-04 12:57:53,579 [pool-87-thread-1] INFO  server.RaftServerConfigKeys (ConfUtils.java:logGet(43)) - raft.server.log.force.sync.num = 128 (default)
2019-09-04 12:57:53,579 [pool-47-thread-1] INFO  server.RaftServerConfigKeys (ConfUtils.java:logGet(43)) - raft.server.log.force.sync.num = 128 (default)
2019-09-04 12:57:53,580 [pool-87-thread-1] INFO  server.RaftServerConfigKeys (ConfUtils.java:logGet(43)) - raft.server.log.statemachine.data.sync = true (default)
2019-09-04 12:57:53,579 [pool-67-thread-1] INFO  server.RaftServerConfigKeys (ConfUtils.java:logGet(43)) - raft.server.log.queue.element-limit = 1024 (custom)
2019-09-04 12:57:53,580 [pool-87-thread-1] INFO  server.RaftServerConfigKeys (ConfUtils.java:logGet(43)) - raft.server.log.statemachine.data.sync.timeout = 10s (default)
2019-09-04 12:57:53,580 [pool-47-thread-1] INFO  server.RaftServerConfigKeys (ConfUtils.java:logGet(43)) - raft.server.log.statemachine.data.sync = true (default)
2019-09-04 12:57:53,580 [pool-87-thread-1] INFO  server.RaftServerConfigKeys (ConfUtils.java:logGet(43)) - raft.server.log.statemachine.data.sync.timeout.retry = -1 (default)
2019-09-04 12:57:53,580 [pool-67-thread-1] INFO  server.RaftServerConfigKeys (ConfUtils.java:logGet(43)) - raft.server.log.segment.size.max = 1048576 (custom)
2019-09-04 12:57:53,580 [pool-87-thread-1] INFO  server.RaftServerConfigKeys (ConfUtils.java:logGet(43)) - raft.server.log.statemachine.data.caching.enabled = true (custom)
2019-09-04 12:57:53,580 [pool-47-thread-1] INFO  server.RaftServerConfigKeys (ConfUtils.java:logGet(43)) - raft.server.log.statemachine.data.sync.timeout = 10s (default)
2019-09-04 12:57:53,580 [pool-67-thread-1] INFO  server.RaftServerConfigKeys (ConfUtils.java:logGet(43)) - raft.server.log.preallocated.size = 16384 (custom)
2019-09-04 12:57:53,581 [pool-87-thread-1] INFO  segmented.SegmentedRaftLogWorker (SegmentedRaftLogWorker.java:lambda$new$0(132)) - 0b7b5e0e-aa68-4a1e-b481-ada831baaf89-SegmentedRaftLogWorker:Storage Directory /workdir/hadoop-ozone/integration-test/target/test-dir/MiniOzoneClusterImpl-ea0c9936-27f2-41d8-a3b5-aa3c9248b619/datanode-6/data/ratis/ecc10bd4-7cb9-4a06-b907-6de7507fe9b5: flushIndex: setUnconditionally 0 -> -1
2019-09-04 12:57:53,581 [pool-47-thread-1] INFO  server.RaftServerConfigKeys (ConfUtils.java:logGet(43)) - raft.server.log.statemachine.data.sync.timeout.retry = -1 (default)
2019-09-04 12:57:53,581 [pool-67-thread-1] INFO  server.RaftServerConfigKeys (ConfUtils.java:logGet(43)) - raft.server.log.write.buffer.size = 33554432 (custom)
2019-09-04 12:57:53,581 [pool-87-thread-1] INFO  server.RaftServerConfigKeys (ConfUtils.java:logGet(43)) - raft.server.snapshot.auto.trigger.enabled = true (custom)
2019-09-04 12:57:53,581 [pool-47-thread-1] INFO  server.RaftServerConfigKeys (ConfUtils.java:logGet(43)) - raft.server.log.statemachine.data.caching.enabled = true (custom)
2019-09-04 12:57:53,581 [pool-87-thread-1] INFO  server.RaftServerConfigKeys (ConfUtils.java:logGet(43)) - raft.server.snapshot.auto.trigger.threshold = 10000 (custom)
2019-09-04 12:57:53,581 [pool-67-thread-1] INFO  server.RaftServerConfigKeys (ConfUtils.java:logGet(43)) - raft.server.log.force.sync.num = 128 (default)
2019-09-04 12:57:53,582 [pool-87-thread-1] INFO  server.RaftServerConfigKeys (ConfUtils.java:logGet(43)) - raft.server.retrycache.expirytime = 600000ms (custom)
2019-09-04 12:57:53,581 [pool-47-thread-1] INFO  segmented.SegmentedRaftLogWorker (SegmentedRaftLogWorker.java:lambda$new$0(132)) - 41b70c7e-0a9b-42f1-bdd5-b75d7be68999-SegmentedRaftLogWorker:Storage Directory /workdir/hadoop-ozone/integration-test/target/test-dir/MiniOzoneClusterImpl-ea0c9936-27f2-41d8-a3b5-aa3c9248b619/datanode-2/data/ratis/ecc10bd4-7cb9-4a06-b907-6de7507fe9b5: flushIndex: setUnconditionally 0 -> -1
2019-09-04 12:57:53,582 [pool-67-thread-1] INFO  server.RaftServerConfigKeys (ConfUtils.java:logGet(43)) - raft.server.log.statemachine.data.sync = true (default)
2019-09-04 12:57:53,582 [pool-47-thread-1] INFO  server.RaftServerConfigKeys (ConfUtils.java:logGet(43)) - raft.server.snapshot.auto.trigger.enabled = true (custom)
2019-09-04 12:57:53,582 [pool-87-thread-1] INFO  impl.RaftServerImpl (RaftServerImpl.java:start(180)) - 0b7b5e0e-aa68-4a1e-b481-ada831baaf89: start group-6DE7507FE9B5
2019-09-04 12:57:53,582 [pool-47-thread-1] INFO  server.RaftServerConfigKeys (ConfUtils.java:logGet(43)) - raft.server.snapshot.auto.trigger.threshold = 10000 (custom)
2019-09-04 12:57:53,582 [pool-67-thread-1] INFO  server.RaftServerConfigKeys (ConfUtils.java:logGet(43)) - raft.server.log.statemachine.data.sync.timeout = 10s (default)
2019-09-04 12:57:53,582 [pool-47-thread-1] INFO  server.RaftServerConfigKeys (ConfUtils.java:logGet(43)) - raft.server.retrycache.expirytime = 600000ms (custom)
2019-09-04 12:57:53,582 [pool-87-thread-1] INFO  impl.RaftServerImpl (RaftServerImpl.java:setRole(171)) - 0b7b5e0e-aa68-4a1e-b481-ada831baaf89:group-6DE7507FE9B5 changes role from null to FOLLOWER at term 0 for startAsFollower
2019-09-04 12:57:53,583 [pool-47-thread-1] INFO  impl.RaftServerImpl (RaftServerImpl.java:start(180)) - 41b70c7e-0a9b-42f1-bdd5-b75d7be68999: start group-6DE7507FE9B5
2019-09-04 12:57:53,583 [pool-87-thread-1] INFO  impl.RoleInfo (RoleInfo.java:updateAndGet(143)) - 0b7b5e0e-aa68-4a1e-b481-ada831baaf89: start FollowerState
2019-09-04 12:57:53,582 [pool-67-thread-1] INFO  server.RaftServerConfigKeys (ConfUtils.java:logGet(43)) - raft.server.log.statemachine.data.sync.timeout.retry = -1 (default)
2019-09-04 12:57:53,583 [pool-47-thread-1] INFO  impl.RaftServerImpl (RaftServerImpl.java:setRole(171)) - 41b70c7e-0a9b-42f1-bdd5-b75d7be68999:group-6DE7507FE9B5 changes role from null to FOLLOWER at term 0 for startAsFollower
2019-09-04 12:57:53,583 [pool-67-thread-1] INFO  server.RaftServerConfigKeys (ConfUtils.java:logGet(43)) - raft.server.log.statemachine.data.caching.enabled = true (custom)
2019-09-04 12:57:53,583 [pool-47-thread-1] INFO  impl.RoleInfo (RoleInfo.java:updateAndGet(143)) - 41b70c7e-0a9b-42f1-bdd5-b75d7be68999: start FollowerState
2019-09-04 12:57:53,583 [pool-87-thread-1] INFO  util.JmxRegister (JmxRegister.java:tryRegister(44)) - Successfully registered JMX Bean with object name Ratis:service=RaftServer,group=group-6DE7507FE9B5,id=0b7b5e0e-aa68-4a1e-b481-ada831baaf89
2019-09-04 12:57:53,583 [pool-67-thread-1] INFO  segmented.SegmentedRaftLogWorker (SegmentedRaftLogWorker.java:lambda$new$0(132)) - 6cbd16fb-409a-4203-ae13-b6936b2a9753-SegmentedRaftLogWorker:Storage Directory /workdir/hadoop-ozone/integration-test/target/test-dir/MiniOzoneClusterImpl-ea0c9936-27f2-41d8-a3b5-aa3c9248b619/datanode-4/data/ratis/ecc10bd4-7cb9-4a06-b907-6de7507fe9b5: flushIndex: setUnconditionally 0 -> -1
2019-09-04 12:57:53,584 [pool-47-thread-1] INFO  util.JmxRegister (JmxRegister.java:tryRegister(44)) - Successfully registered JMX Bean with object name Ratis:service=RaftServer,group=group-6DE7507FE9B5,id=41b70c7e-0a9b-42f1-bdd5-b75d7be68999
2019-09-04 12:57:53,584 [pool-67-thread-1] INFO  server.RaftServerConfigKeys (ConfUtils.java:logGet(43)) - raft.server.snapshot.auto.trigger.enabled = true (custom)
2019-09-04 12:57:53,584 [pool-67-thread-1] INFO  server.RaftServerConfigKeys (ConfUtils.java:logGet(43)) - raft.server.snapshot.auto.trigger.threshold = 10000 (custom)
2019-09-04 12:57:53,584 [pool-67-thread-1] INFO  server.RaftServerConfigKeys (ConfUtils.java:logGet(43)) - raft.server.retrycache.expirytime = 600000ms (custom)
2019-09-04 12:57:53,585 [pool-67-thread-1] INFO  impl.RaftServerImpl (RaftServerImpl.java:start(180)) - 6cbd16fb-409a-4203-ae13-b6936b2a9753: start group-6DE7507FE9B5
2019-09-04 12:57:53,585 [pool-67-thread-1] INFO  impl.RaftServerImpl (RaftServerImpl.java:setRole(171)) - 6cbd16fb-409a-4203-ae13-b6936b2a9753:group-6DE7507FE9B5 changes role from null to FOLLOWER at term 0 for startAsFollower
2019-09-04 12:57:53,585 [pool-67-thread-1] INFO  impl.RoleInfo (RoleInfo.java:updateAndGet(143)) - 6cbd16fb-409a-4203-ae13-b6936b2a9753: start FollowerState
2019-09-04 12:57:53,588 [pool-67-thread-1] INFO  util.JmxRegister (JmxRegister.java:tryRegister(44)) - Successfully registered JMX Bean with object name Ratis:service=RaftServer,group=group-6DE7507FE9B5,id=6cbd16fb-409a-4203-ae13-b6936b2a9753
2019-09-04 12:57:53,602 [RatisPipelineUtilsThread] INFO  pipeline.PipelineStateManager (PipelineStateManager.java:addPipeline(56)) - Created pipeline Pipeline[ Id: ecc10bd4-7cb9-4a06-b907-6de7507fe9b5, Nodes: 41b70c7e-0a9b-42f1-bdd5-b75d7be68999{ip: 192.168.34.40, host: pr-hdds-1553-wz5m7-2465012709, networkLocation: /default-rack, certSerialId: null}6cbd16fb-409a-4203-ae13-b6936b2a9753{ip: 192.168.34.40, host: pr-hdds-1553-wz5m7-2465012709, networkLocation: /default-rack, certSerialId: null}0b7b5e0e-aa68-4a1e-b481-ada831baaf89{ip: 192.168.34.40, host: pr-hdds-1553-wz5m7-2465012709, networkLocation: /default-rack, certSerialId: null}, Type:RATIS, Factor:THREE, State:OPEN]
2019-09-04 12:57:53,633 [grpc-default-executor-1] INFO  impl.RaftServerProxy (RaftServerProxy.java:addNew(89)) - a406e7a3-25da-4471-b260-f46b81080cf7: addNew group-262F9AE7B615:[a406e7a3-25da-4471-b260-f46b81080cf7:192.168.34.40:44207, 0a6371c7-e9de-42bd-a046-6f0feeb71a95:192.168.34.40:42776, c961c69f-9eae-4d72-9c2a-0156ee378652:192.168.34.40:37448] returns group-262F9AE7B615:java.util.concurrent.CompletableFuture@48f274d4[Not completed]
2019-09-04 12:57:53,633 [grpc-default-executor-2] INFO  impl.RaftServerProxy (RaftServerProxy.java:addNew(89)) - c961c69f-9eae-4d72-9c2a-0156ee378652: addNew group-262F9AE7B615:[a406e7a3-25da-4471-b260-f46b81080cf7:192.168.34.40:44207, 0a6371c7-e9de-42bd-a046-6f0feeb71a95:192.168.34.40:42776, c961c69f-9eae-4d72-9c2a-0156ee378652:192.168.34.40:37448] returns group-262F9AE7B615:java.util.concurrent.CompletableFuture@41ab9b73[Not completed]
2019-09-04 12:57:53,637 [grpc-default-executor-2] INFO  impl.RaftServerProxy (RaftServerProxy.java:addNew(89)) - 0a6371c7-e9de-42bd-a046-6f0feeb71a95: addNew group-262F9AE7B615:[a406e7a3-25da-4471-b260-f46b81080cf7:192.168.34.40:44207, 0a6371c7-e9de-42bd-a046-6f0feeb71a95:192.168.34.40:42776, c961c69f-9eae-4d72-9c2a-0156ee378652:192.168.34.40:37448] returns group-262F9AE7B615:java.util.concurrent.CompletableFuture@44085b4a[Not completed]
2019-09-04 12:57:53,638 [pool-77-thread-1] INFO  impl.RaftServerImpl (RaftServerImpl.java:<init>(93)) - a406e7a3-25da-4471-b260-f46b81080cf7: new RaftServerImpl for group-262F9AE7B615:[a406e7a3-25da-4471-b260-f46b81080cf7:192.168.34.40:44207, 0a6371c7-e9de-42bd-a046-6f0feeb71a95:192.168.34.40:42776, c961c69f-9eae-4d72-9c2a-0156ee378652:192.168.34.40:37448] with ContainerStateMachine:uninitialized
2019-09-04 12:57:53,638 [pool-77-thread-1] INFO  server.RaftServerConfigKeys (ConfUtils.java:logGet(43)) - raft.server.rpc.timeout.min = 5s (custom)
2019-09-04 12:57:53,638 [pool-77-thread-1] INFO  server.RaftServerConfigKeys (ConfUtils.java:logGet(43)) - raft.server.rpc.timeout.max = 5200ms (custom)
2019-09-04 12:57:53,639 [pool-77-thread-1] INFO  server.RaftServerConfigKeys (ConfUtils.java:logGet(43)) - raft.server.rpcslowness.timeout = 120s (custom)
2019-09-04 12:57:53,639 [pool-77-thread-1] INFO  server.RaftServerConfigKeys (ConfUtils.java:logGet(43)) - raft.server.sleep.deviation.threshold = 300 (default)
2019-09-04 12:57:53,639 [pool-77-thread-1] INFO  server.RaftServerConfigKeys (ConfUtils.java:logGet(43)) - raft.server.log.appender.install.snapshot.enabled = false (custom)
2019-09-04 12:57:53,639 [pool-27-thread-1] INFO  impl.RaftServerImpl (RaftServerImpl.java:<init>(93)) - 0a6371c7-e9de-42bd-a046-6f0feeb71a95: new RaftServerImpl for group-262F9AE7B615:[a406e7a3-25da-4471-b260-f46b81080cf7:192.168.34.40:44207, 0a6371c7-e9de-42bd-a046-6f0feeb71a95:192.168.34.40:42776, c961c69f-9eae-4d72-9c2a-0156ee378652:192.168.34.40:37448] with ContainerStateMachine:uninitialized
2019-09-04 12:57:53,639 [pool-77-thread-1] INFO  impl.RaftServerImpl (ServerState.java:<init>(105)) - a406e7a3-25da-4471-b260-f46b81080cf7:group-262F9AE7B615 ConfigurationManager, init=-1: [a406e7a3-25da-4471-b260-f46b81080cf7:192.168.34.40:44207, 0a6371c7-e9de-42bd-a046-6f0feeb71a95:192.168.34.40:42776, c961c69f-9eae-4d72-9c2a-0156ee378652:192.168.34.40:37448], old=null, confs=<EMPTY_MAP>
2019-09-04 12:57:53,639 [pool-27-thread-1] INFO  server.RaftServerConfigKeys (ConfUtils.java:logGet(43)) - raft.server.rpc.timeout.min = 5s (custom)
2019-09-04 12:57:53,639 [pool-77-thread-1] INFO  server.RaftServerConfigKeys (ConfUtils.java:logGet(43)) - raft.server.storage.dir = [/workdir/hadoop-ozone/integration-test/target/test-dir/MiniOzoneClusterImpl-ea0c9936-27f2-41d8-a3b5-aa3c9248b619/datanode-5/data/ratis] (custom)
2019-09-04 12:57:53,639 [pool-27-thread-1] INFO  server.RaftServerConfigKeys (ConfUtils.java:logGet(43)) - raft.server.rpc.timeout.max = 5200ms (custom)
2019-09-04 12:57:53,640 [pool-27-thread-1] INFO  server.RaftServerConfigKeys (ConfUtils.java:logGet(43)) - raft.server.rpcslowness.timeout = 120s (custom)
2019-09-04 12:57:53,640 [pool-77-thread-1] INFO  storage.RaftStorageDirectory (RaftStorageDirectory.java:analyzeStorage(246)) - The storage directory /workdir/hadoop-ozone/integration-test/target/test-dir/MiniOzoneClusterImpl-ea0c9936-27f2-41d8-a3b5-aa3c9248b619/datanode-5/data/ratis/32767698-0f62-4dce-bb8e-262f9ae7b615 does not exist. Creating ...
2019-09-04 12:57:53,640 [pool-27-thread-1] INFO  server.RaftServerConfigKeys (ConfUtils.java:logGet(43)) - raft.server.sleep.deviation.threshold = 300 (default)
2019-09-04 12:57:53,640 [pool-27-thread-1] INFO  server.RaftServerConfigKeys (ConfUtils.java:logGet(43)) - raft.server.log.appender.install.snapshot.enabled = false (custom)
2019-09-04 12:57:53,640 [pool-27-thread-1] INFO  impl.RaftServerImpl (ServerState.java:<init>(105)) - 0a6371c7-e9de-42bd-a046-6f0feeb71a95:group-262F9AE7B615 ConfigurationManager, init=-1: [a406e7a3-25da-4471-b260-f46b81080cf7:192.168.34.40:44207, 0a6371c7-e9de-42bd-a046-6f0feeb71a95:192.168.34.40:42776, c961c69f-9eae-4d72-9c2a-0156ee378652:192.168.34.40:37448], old=null, confs=<EMPTY_MAP>
2019-09-04 12:57:53,640 [pool-37-thread-1] INFO  impl.RaftServerImpl (RaftServerImpl.java:<init>(93)) - c961c69f-9eae-4d72-9c2a-0156ee378652: new RaftServerImpl for group-262F9AE7B615:[a406e7a3-25da-4471-b260-f46b81080cf7:192.168.34.40:44207, 0a6371c7-e9de-42bd-a046-6f0feeb71a95:192.168.34.40:42776, c961c69f-9eae-4d72-9c2a-0156ee378652:192.168.34.40:37448] with ContainerStateMachine:uninitialized
2019-09-04 12:57:53,641 [pool-27-thread-1] INFO  server.RaftServerConfigKeys (ConfUtils.java:logGet(43)) - raft.server.storage.dir = [/workdir/hadoop-ozone/integration-test/target/test-dir/MiniOzoneClusterImpl-ea0c9936-27f2-41d8-a3b5-aa3c9248b619/datanode-0/data/ratis] (custom)
2019-09-04 12:57:53,641 [pool-37-thread-1] INFO  server.RaftServerConfigKeys (ConfUtils.java:logGet(43)) - raft.server.rpc.timeout.min = 5s (custom)
2019-09-04 12:57:53,641 [pool-37-thread-1] INFO  server.RaftServerConfigKeys (ConfUtils.java:logGet(43)) - raft.server.rpc.timeout.max = 5200ms (custom)
2019-09-04 12:57:53,641 [pool-27-thread-1] INFO  storage.RaftStorageDirectory (RaftStorageDirectory.java:analyzeStorage(246)) - The storage directory /workdir/hadoop-ozone/integration-test/target/test-dir/MiniOzoneClusterImpl-ea0c9936-27f2-41d8-a3b5-aa3c9248b619/datanode-0/data/ratis/32767698-0f62-4dce-bb8e-262f9ae7b615 does not exist. Creating ...
2019-09-04 12:57:53,641 [pool-37-thread-1] INFO  server.RaftServerConfigKeys (ConfUtils.java:logGet(43)) - raft.server.rpcslowness.timeout = 120s (custom)
2019-09-04 12:57:53,641 [pool-37-thread-1] INFO  server.RaftServerConfigKeys (ConfUtils.java:logGet(43)) - raft.server.sleep.deviation.threshold = 300 (default)
2019-09-04 12:57:53,642 [pool-37-thread-1] INFO  server.RaftServerConfigKeys (ConfUtils.java:logGet(43)) - raft.server.log.appender.install.snapshot.enabled = false (custom)
2019-09-04 12:57:53,642 [pool-37-thread-1] INFO  impl.RaftServerImpl (ServerState.java:<init>(105)) - c961c69f-9eae-4d72-9c2a-0156ee378652:group-262F9AE7B615 ConfigurationManager, init=-1: [a406e7a3-25da-4471-b260-f46b81080cf7:192.168.34.40:44207, 0a6371c7-e9de-42bd-a046-6f0feeb71a95:192.168.34.40:42776, c961c69f-9eae-4d72-9c2a-0156ee378652:192.168.34.40:37448], old=null, confs=<EMPTY_MAP>
2019-09-04 12:57:53,642 [pool-37-thread-1] INFO  server.RaftServerConfigKeys (ConfUtils.java:logGet(43)) - raft.server.storage.dir = [/workdir/hadoop-ozone/integration-test/target/test-dir/MiniOzoneClusterImpl-ea0c9936-27f2-41d8-a3b5-aa3c9248b619/datanode-1/data/ratis] (custom)
2019-09-04 12:57:53,642 [pool-37-thread-1] INFO  storage.RaftStorageDirectory (RaftStorageDirectory.java:analyzeStorage(246)) - The storage directory /workdir/hadoop-ozone/integration-test/target/test-dir/MiniOzoneClusterImpl-ea0c9936-27f2-41d8-a3b5-aa3c9248b619/datanode-1/data/ratis/32767698-0f62-4dce-bb8e-262f9ae7b615 does not exist. Creating ...
2019-09-04 12:57:53,654 [pool-77-thread-1] INFO  storage.RaftStorageDirectory (RaftStorageDirectory.java:tryLock(328)) - Lock on /workdir/hadoop-ozone/integration-test/target/test-dir/MiniOzoneClusterImpl-ea0c9936-27f2-41d8-a3b5-aa3c9248b619/datanode-5/data/ratis/32767698-0f62-4dce-bb8e-262f9ae7b615/in_use.lock acquired by nodename 3419@pr-hdds-1553-wz5m7-2465012709
2019-09-04 12:57:53,654 [pool-37-thread-1] INFO  storage.RaftStorageDirectory (RaftStorageDirectory.java:tryLock(328)) - Lock on /workdir/hadoop-ozone/integration-test/target/test-dir/MiniOzoneClusterImpl-ea0c9936-27f2-41d8-a3b5-aa3c9248b619/datanode-1/data/ratis/32767698-0f62-4dce-bb8e-262f9ae7b615/in_use.lock acquired by nodename 3419@pr-hdds-1553-wz5m7-2465012709
2019-09-04 12:57:53,654 [pool-27-thread-1] INFO  storage.RaftStorageDirectory (RaftStorageDirectory.java:tryLock(328)) - Lock on /workdir/hadoop-ozone/integration-test/target/test-dir/MiniOzoneClusterImpl-ea0c9936-27f2-41d8-a3b5-aa3c9248b619/datanode-0/data/ratis/32767698-0f62-4dce-bb8e-262f9ae7b615/in_use.lock acquired by nodename 3419@pr-hdds-1553-wz5m7-2465012709
2019-09-04 12:57:53,668 [pool-37-thread-1] INFO  storage.RaftStorage (RaftStorage.java:format(72)) - Storage directory /workdir/hadoop-ozone/integration-test/target/test-dir/MiniOzoneClusterImpl-ea0c9936-27f2-41d8-a3b5-aa3c9248b619/datanode-1/data/ratis/32767698-0f62-4dce-bb8e-262f9ae7b615 has been successfully formatted.
2019-09-04 12:57:53,668 [pool-77-thread-1] INFO  storage.RaftStorage (RaftStorage.java:format(72)) - Storage directory /workdir/hadoop-ozone/integration-test/target/test-dir/MiniOzoneClusterImpl-ea0c9936-27f2-41d8-a3b5-aa3c9248b619/datanode-5/data/ratis/32767698-0f62-4dce-bb8e-262f9ae7b615 has been successfully formatted.
2019-09-04 12:57:53,668 [pool-27-thread-1] INFO  storage.RaftStorage (RaftStorage.java:format(72)) - Storage directory /workdir/hadoop-ozone/integration-test/target/test-dir/MiniOzoneClusterImpl-ea0c9936-27f2-41d8-a3b5-aa3c9248b619/datanode-0/data/ratis/32767698-0f62-4dce-bb8e-262f9ae7b615 has been successfully formatted.
2019-09-04 12:57:53,668 [pool-77-thread-1] INFO  ratis.ContainerStateMachine (ContainerStateMachine.java:loadSnapshot(227)) - group-262F9AE7B615: The snapshot info is null. Setting the last applied indexto:(t:0, i:~)
2019-09-04 12:57:53,668 [pool-37-thread-1] INFO  ratis.ContainerStateMachine (ContainerStateMachine.java:loadSnapshot(227)) - group-262F9AE7B615: The snapshot info is null. Setting the last applied indexto:(t:0, i:~)
2019-09-04 12:57:53,669 [pool-77-thread-1] INFO  server.RaftServerConfigKeys (ConfUtils.java:logGet(43)) - raft.server.leader.election.timeout = 120s (custom)
2019-09-04 12:57:53,669 [pool-27-thread-1] INFO  ratis.ContainerStateMachine (ContainerStateMachine.java:loadSnapshot(227)) - group-262F9AE7B615: The snapshot info is null. Setting the last applied indexto:(t:0, i:~)
2019-09-04 12:57:53,669 [pool-77-thread-1] INFO  server.RaftServerConfigKeys (ConfUtils.java:logGet(43)) - raft.server.log.use.memory = false (default)
2019-09-04 12:57:53,669 [pool-37-thread-1] INFO  server.RaftServerConfigKeys (ConfUtils.java:logGet(43)) - raft.server.leader.election.timeout = 120s (custom)
2019-09-04 12:57:53,669 [pool-77-thread-1] INFO  server.RaftServerConfigKeys (ConfUtils.java:logGet(43)) - raft.server.log.purge.gap = 1000000 (custom)
2019-09-04 12:57:53,669 [pool-27-thread-1] INFO  server.RaftServerConfigKeys (ConfUtils.java:logGet(43)) - raft.server.leader.election.timeout = 120s (custom)
2019-09-04 12:57:53,669 [pool-77-thread-1] INFO  server.RaftServerConfigKeys (ConfUtils.java:logGet(43)) - raft.server.log.appender.buffer.byte-limit = 33554432 (custom)
2019-09-04 12:57:53,669 [pool-37-thread-1] INFO  server.RaftServerConfigKeys (ConfUtils.java:logGet(43)) - raft.server.log.use.memory = false (default)
2019-09-04 12:57:53,670 [pool-77-thread-1] INFO  server.RaftServerConfigKeys (ConfUtils.java:logGet(43)) - raft.server.log.segment.size.max = 1048576 (custom)
2019-09-04 12:57:53,669 [pool-27-thread-1] INFO  server.RaftServerConfigKeys (ConfUtils.java:logGet(43)) - raft.server.log.use.memory = false (default)
2019-09-04 12:57:53,670 [pool-77-thread-1] INFO  server.RaftServerConfigKeys (ConfUtils.java:logGet(43)) - raft.server.log.segment.cache.num.max = 2 (custom)
2019-09-04 12:57:53,670 [pool-37-thread-1] INFO  server.RaftServerConfigKeys (ConfUtils.java:logGet(43)) - raft.server.log.purge.gap = 1000000 (custom)
2019-09-04 12:57:53,670 [pool-77-thread-1] INFO  segmented.SegmentedRaftLogWorker (SegmentedRaftLogWorker.java:<init>(172)) - new a406e7a3-25da-4471-b260-f46b81080cf7-SegmentedRaftLogWorker:Storage Directory /workdir/hadoop-ozone/integration-test/target/test-dir/MiniOzoneClusterImpl-ea0c9936-27f2-41d8-a3b5-aa3c9248b619/datanode-5/data/ratis/32767698-0f62-4dce-bb8e-262f9ae7b615 for RaftStorage:Storage Directory /workdir/hadoop-ozone/integration-test/target/test-dir/MiniOzoneClusterImpl-ea0c9936-27f2-41d8-a3b5-aa3c9248b619/datanode-5/data/ratis/32767698-0f62-4dce-bb8e-262f9ae7b615
2019-09-04 12:57:53,670 [pool-27-thread-1] INFO  server.RaftServerConfigKeys (ConfUtils.java:logGet(43)) - raft.server.log.purge.gap = 1000000 (custom)
2019-09-04 12:57:53,670 [pool-77-thread-1] INFO  server.RaftServerConfigKeys (ConfUtils.java:logGet(43)) - raft.server.log.queue.byte-limit = 2147483647 (custom)
2019-09-04 12:57:53,670 [pool-37-thread-1] INFO  server.RaftServerConfigKeys (ConfUtils.java:logGet(43)) - raft.server.log.appender.buffer.byte-limit = 33554432 (custom)
2019-09-04 12:57:53,672 [pool-77-thread-1] INFO  server.RaftServerConfigKeys (ConfUtils.java:logGet(43)) - raft.server.log.queue.element-limit = 1024 (custom)
2019-09-04 12:57:53,670 [pool-27-thread-1] INFO  server.RaftServerConfigKeys (ConfUtils.java:logGet(43)) - raft.server.log.appender.buffer.byte-limit = 33554432 (custom)
2019-09-04 12:57:53,673 [pool-77-thread-1] INFO  server.RaftServerConfigKeys (ConfUtils.java:logGet(43)) - raft.server.log.segment.size.max = 1048576 (custom)
2019-09-04 12:57:53,673 [pool-37-thread-1] INFO  server.RaftServerConfigKeys (ConfUtils.java:logGet(43)) - raft.server.log.segment.size.max = 1048576 (custom)
2019-09-04 12:57:53,673 [pool-77-thread-1] INFO  server.RaftServerConfigKeys (ConfUtils.java:logGet(43)) - raft.server.log.preallocated.size = 16384 (custom)
2019-09-04 12:57:53,673 [pool-27-thread-1] INFO  server.RaftServerConfigKeys (ConfUtils.java:logGet(43)) - raft.server.log.segment.size.max = 1048576 (custom)
2019-09-04 12:57:53,673 [pool-77-thread-1] INFO  server.RaftServerConfigKeys (ConfUtils.java:logGet(43)) - raft.server.log.write.buffer.size = 33554432 (custom)
2019-09-04 12:57:53,673 [pool-37-thread-1] INFO  server.RaftServerConfigKeys (ConfUtils.java:logGet(43)) - raft.server.log.segment.cache.num.max = 2 (custom)
2019-09-04 12:57:53,674 [pool-77-thread-1] INFO  server.RaftServerConfigKeys (ConfUtils.java:logGet(43)) - raft.server.log.force.sync.num = 128 (default)
2019-09-04 12:57:53,674 [pool-27-thread-1] INFO  server.RaftServerConfigKeys (ConfUtils.java:logGet(43)) - raft.server.log.segment.cache.num.max = 2 (custom)
2019-09-04 12:57:53,674 [pool-77-thread-1] INFO  server.RaftServerConfigKeys (ConfUtils.java:logGet(43)) - raft.server.log.statemachine.data.sync = true (default)
2019-09-04 12:57:53,674 [pool-37-thread-1] INFO  segmented.SegmentedRaftLogWorker (SegmentedRaftLogWorker.java:<init>(172)) - new c961c69f-9eae-4d72-9c2a-0156ee378652-SegmentedRaftLogWorker:Storage Directory /workdir/hadoop-ozone/integration-test/target/test-dir/MiniOzoneClusterImpl-ea0c9936-27f2-41d8-a3b5-aa3c9248b619/datanode-1/data/ratis/32767698-0f62-4dce-bb8e-262f9ae7b615 for RaftStorage:Storage Directory /workdir/hadoop-ozone/integration-test/target/test-dir/MiniOzoneClusterImpl-ea0c9936-27f2-41d8-a3b5-aa3c9248b619/datanode-1/data/ratis/32767698-0f62-4dce-bb8e-262f9ae7b615
2019-09-04 12:57:53,674 [pool-77-thread-1] INFO  server.RaftServerConfigKeys (ConfUtils.java:logGet(43)) - raft.server.log.statemachine.data.sync.timeout = 10s (default)
2019-09-04 12:57:53,674 [pool-27-thread-1] INFO  segmented.SegmentedRaftLogWorker (SegmentedRaftLogWorker.java:<init>(172)) - new 0a6371c7-e9de-42bd-a046-6f0feeb71a95-SegmentedRaftLogWorker:Storage Directory /workdir/hadoop-ozone/integration-test/target/test-dir/MiniOzoneClusterImpl-ea0c9936-27f2-41d8-a3b5-aa3c9248b619/datanode-0/data/ratis/32767698-0f62-4dce-bb8e-262f9ae7b615 for RaftStorage:Storage Directory /workdir/hadoop-ozone/integration-test/target/test-dir/MiniOzoneClusterImpl-ea0c9936-27f2-41d8-a3b5-aa3c9248b619/datanode-0/data/ratis/32767698-0f62-4dce-bb8e-262f9ae7b615
2019-09-04 12:57:53,674 [pool-77-thread-1] INFO  server.RaftServerConfigKeys (ConfUtils.java:logGet(43)) - raft.server.log.statemachine.data.sync.timeout.retry = -1 (default)
2019-09-04 12:57:53,674 [pool-37-thread-1] INFO  server.RaftServerConfigKeys (ConfUtils.java:logGet(43)) - raft.server.log.queue.byte-limit = 2147483647 (custom)
2019-09-04 12:57:53,678 [pool-77-thread-1] INFO  server.RaftServerConfigKeys (ConfUtils.java:logGet(43)) - raft.server.log.statemachine.data.caching.enabled = true (custom)
2019-09-04 12:57:53,676 [pool-27-thread-1] INFO  server.RaftServerConfigKeys (ConfUtils.java:logGet(43)) - raft.server.log.queue.byte-limit = 2147483647 (custom)
2019-09-04 12:57:53,678 [pool-37-thread-1] INFO  server.RaftServerConfigKeys (ConfUtils.java:logGet(43)) - raft.server.log.queue.element-limit = 1024 (custom)
2019-09-04 12:57:53,678 [pool-27-thread-1] INFO  server.RaftServerConfigKeys (ConfUtils.java:logGet(43)) - raft.server.log.queue.element-limit = 1024 (custom)
2019-09-04 12:57:53,678 [pool-77-thread-1] INFO  segmented.SegmentedRaftLogWorker (SegmentedRaftLogWorker.java:lambda$new$0(132)) - a406e7a3-25da-4471-b260-f46b81080cf7-SegmentedRaftLogWorker:Storage Directory /workdir/hadoop-ozone/integration-test/target/test-dir/MiniOzoneClusterImpl-ea0c9936-27f2-41d8-a3b5-aa3c9248b619/datanode-5/data/ratis/32767698-0f62-4dce-bb8e-262f9ae7b615: flushIndex: setUnconditionally 0 -> -1
2019-09-04 12:57:53,678 [pool-27-thread-1] INFO  server.RaftServerConfigKeys (ConfUtils.java:logGet(43)) - raft.server.log.segment.size.max = 1048576 (custom)
2019-09-04 12:57:53,678 [pool-37-thread-1] INFO  server.RaftServerConfigKeys (ConfUtils.java:logGet(43)) - raft.server.log.segment.size.max = 1048576 (custom)
2019-09-04 12:57:53,679 [pool-77-thread-1] INFO  server.RaftServerConfigKeys (ConfUtils.java:logGet(43)) - raft.server.snapshot.auto.trigger.enabled = true (custom)
2019-09-04 12:57:53,679 [pool-27-thread-1] INFO  server.RaftServerConfigKeys (ConfUtils.java:logGet(43)) - raft.server.log.preallocated.size = 16384 (custom)
2019-09-04 12:57:53,679 [pool-77-thread-1] INFO  server.RaftServerConfigKeys (ConfUtils.java:logGet(43)) - raft.server.snapshot.auto.trigger.threshold = 10000 (custom)
2019-09-04 12:57:53,679 [pool-37-thread-1] INFO  server.RaftServerConfigKeys (ConfUtils.java:logGet(43)) - raft.server.log.preallocated.size = 16384 (custom)
2019-09-04 12:57:53,679 [pool-27-thread-1] INFO  server.RaftServerConfigKeys (ConfUtils.java:logGet(43)) - raft.server.log.write.buffer.size = 33554432 (custom)
2019-09-04 12:57:53,679 [pool-37-thread-1] INFO  server.RaftServerConfigKeys (ConfUtils.java:logGet(43)) - raft.server.log.write.buffer.size = 33554432 (custom)
2019-09-04 12:57:53,679 [pool-77-thread-1] INFO  server.RaftServerConfigKeys (ConfUtils.java:logGet(43)) - raft.server.retrycache.expirytime = 600000ms (custom)
2019-09-04 12:57:53,679 [pool-37-thread-1] INFO  server.RaftServerConfigKeys (ConfUtils.java:logGet(43)) - raft.server.log.force.sync.num = 128 (default)
2019-09-04 12:57:53,679 [pool-27-thread-1] INFO  server.RaftServerConfigKeys (ConfUtils.java:logGet(43)) - raft.server.log.force.sync.num = 128 (default)
2019-09-04 12:57:53,680 [pool-37-thread-1] INFO  server.RaftServerConfigKeys (ConfUtils.java:logGet(43)) - raft.server.log.statemachine.data.sync = true (default)
2019-09-04 12:57:53,680 [pool-77-thread-1] INFO  impl.RaftServerImpl (RaftServerImpl.java:start(180)) - a406e7a3-25da-4471-b260-f46b81080cf7: start group-262F9AE7B615
2019-09-04 12:57:53,680 [pool-37-thread-1] INFO  server.RaftServerConfigKeys (ConfUtils.java:logGet(43)) - raft.server.log.statemachine.data.sync.timeout = 10s (default)
2019-09-04 12:57:53,680 [pool-27-thread-1] INFO  server.RaftServerConfigKeys (ConfUtils.java:logGet(43)) - raft.server.log.statemachine.data.sync = true (default)
2019-09-04 12:57:53,680 [pool-37-thread-1] INFO  server.RaftServerConfigKeys (ConfUtils.java:logGet(43)) - raft.server.log.statemachine.data.sync.timeout.retry = -1 (default)
2019-09-04 12:57:53,680 [pool-77-thread-1] INFO  impl.RaftServerImpl (RaftServerImpl.java:setRole(171)) - a406e7a3-25da-4471-b260-f46b81080cf7:group-262F9AE7B615 changes role from null to FOLLOWER at term 0 for startAsFollower
2019-09-04 12:57:53,681 [pool-37-thread-1] INFO  server.RaftServerConfigKeys (ConfUtils.java:logGet(43)) - raft.server.log.statemachine.data.caching.enabled = true (custom)
2019-09-04 12:57:53,680 [pool-27-thread-1] INFO  server.RaftServerConfigKeys (ConfUtils.java:logGet(43)) - raft.server.log.statemachine.data.sync.timeout = 10s (default)
2019-09-04 12:57:53,681 [pool-77-thread-1] INFO  impl.RoleInfo (RoleInfo.java:updateAndGet(143)) - a406e7a3-25da-4471-b260-f46b81080cf7: start FollowerState
2019-09-04 12:57:53,681 [pool-27-thread-1] INFO  server.RaftServerConfigKeys (ConfUtils.java:logGet(43)) - raft.server.log.statemachine.data.sync.timeout.retry = -1 (default)
2019-09-04 12:57:53,681 [pool-37-thread-1] INFO  segmented.SegmentedRaftLogWorker (SegmentedRaftLogWorker.java:lambda$new$0(132)) - c961c69f-9eae-4d72-9c2a-0156ee378652-SegmentedRaftLogWorker:Storage Directory /workdir/hadoop-ozone/integration-test/target/test-dir/MiniOzoneClusterImpl-ea0c9936-27f2-41d8-a3b5-aa3c9248b619/datanode-1/data/ratis/32767698-0f62-4dce-bb8e-262f9ae7b615: flushIndex: setUnconditionally 0 -> -1
2019-09-04 12:57:53,681 [pool-27-thread-1] INFO  server.RaftServerConfigKeys (ConfUtils.java:logGet(43)) - raft.server.log.statemachine.data.caching.enabled = true (custom)
2019-09-04 12:57:53,681 [pool-77-thread-1] INFO  util.JmxRegister (JmxRegister.java:tryRegister(44)) - Successfully registered JMX Bean with object name Ratis:service=RaftServer,group=group-262F9AE7B615,id=a406e7a3-25da-4471-b260-f46b81080cf7
2019-09-04 12:57:53,681 [pool-37-thread-1] INFO  server.RaftServerConfigKeys (ConfUtils.java:logGet(43)) - raft.server.snapshot.auto.trigger.enabled = true (custom)
2019-09-04 12:57:53,682 [pool-27-thread-1] INFO  segmented.SegmentedRaftLogWorker (SegmentedRaftLogWorker.java:lambda$new$0(132)) - 0a6371c7-e9de-42bd-a046-6f0feeb71a95-SegmentedRaftLogWorker:Storage Directory /workdir/hadoop-ozone/integration-test/target/test-dir/MiniOzoneClusterImpl-ea0c9936-27f2-41d8-a3b5-aa3c9248b619/datanode-0/data/ratis/32767698-0f62-4dce-bb8e-262f9ae7b615: flushIndex: setUnconditionally 0 -> -1
2019-09-04 12:57:53,682 [pool-37-thread-1] INFO  server.RaftServerConfigKeys (ConfUtils.java:logGet(43)) - raft.server.snapshot.auto.trigger.threshold = 10000 (custom)
2019-09-04 12:57:53,682 [pool-37-thread-1] INFO  server.RaftServerConfigKeys (ConfUtils.java:logGet(43)) - raft.server.retrycache.expirytime = 600000ms (custom)
2019-09-04 12:57:53,682 [pool-27-thread-1] INFO  server.RaftServerConfigKeys (ConfUtils.java:logGet(43)) - raft.server.snapshot.auto.trigger.enabled = true (custom)
2019-09-04 12:57:53,682 [pool-37-thread-1] INFO  impl.RaftServerImpl (RaftServerImpl.java:start(180)) - c961c69f-9eae-4d72-9c2a-0156ee378652: start group-262F9AE7B615
2019-09-04 12:57:53,682 [pool-27-thread-1] INFO  server.RaftServerConfigKeys (ConfUtils.java:logGet(43)) - raft.server.snapshot.auto.trigger.threshold = 10000 (custom)
2019-09-04 12:57:53,682 [pool-37-thread-1] INFO  impl.RaftServerImpl (RaftServerImpl.java:setRole(171)) - c961c69f-9eae-4d72-9c2a-0156ee378652:group-262F9AE7B615 changes role from null to FOLLOWER at term 0 for startAsFollower
2019-09-04 12:57:53,683 [pool-27-thread-1] INFO  server.RaftServerConfigKeys (ConfUtils.java:logGet(43)) - raft.server.retrycache.expirytime = 600000ms (custom)
2019-09-04 12:57:53,683 [pool-37-thread-1] INFO  impl.RoleInfo (RoleInfo.java:updateAndGet(143)) - c961c69f-9eae-4d72-9c2a-0156ee378652: start FollowerState
2019-09-04 12:57:53,683 [pool-27-thread-1] INFO  impl.RaftServerImpl (RaftServerImpl.java:start(180)) - 0a6371c7-e9de-42bd-a046-6f0feeb71a95: start group-262F9AE7B615
2019-09-04 12:57:53,683 [pool-27-thread-1] INFO  impl.RaftServerImpl (RaftServerImpl.java:setRole(171)) - 0a6371c7-e9de-42bd-a046-6f0feeb71a95:group-262F9AE7B615 changes role from null to FOLLOWER at term 0 for startAsFollower
2019-09-04 12:57:53,683 [pool-37-thread-1] INFO  util.JmxRegister (JmxRegister.java:tryRegister(44)) - Successfully registered JMX Bean with object name Ratis:service=RaftServer,group=group-262F9AE7B615,id=c961c69f-9eae-4d72-9c2a-0156ee378652
2019-09-04 12:57:53,683 [pool-27-thread-1] INFO  impl.RoleInfo (RoleInfo.java:updateAndGet(143)) - 0a6371c7-e9de-42bd-a046-6f0feeb71a95: start FollowerState
2019-09-04 12:57:53,685 [pool-27-thread-1] INFO  util.JmxRegister (JmxRegister.java:tryRegister(44)) - Successfully registered JMX Bean with object name Ratis:service=RaftServer,group=group-262F9AE7B615,id=0a6371c7-e9de-42bd-a046-6f0feeb71a95
2019-09-04 12:57:53,703 [RatisPipelineUtilsThread] INFO  pipeline.PipelineStateManager (PipelineStateManager.java:addPipeline(56)) - Created pipeline Pipeline[ Id: 32767698-0f62-4dce-bb8e-262f9ae7b615, Nodes: a406e7a3-25da-4471-b260-f46b81080cf7{ip: 192.168.34.40, host: pr-hdds-1553-wz5m7-2465012709, networkLocation: /default-rack, certSerialId: null}c961c69f-9eae-4d72-9c2a-0156ee378652{ip: 192.168.34.40, host: pr-hdds-1553-wz5m7-2465012709, networkLocation: /default-rack, certSerialId: null}0a6371c7-e9de-42bd-a046-6f0feeb71a95{ip: 192.168.34.40, host: pr-hdds-1553-wz5m7-2465012709, networkLocation: /default-rack, certSerialId: null}, Type:RATIS, Factor:THREE, State:OPEN]
2019-09-04 12:57:54,056 [main] INFO  rpc.RpcClient (RpcClient.java:createVolume(293)) - Creating Volume: testblockoutputstream, with jenkins1000 as owner.
2019-09-04 12:57:54,143 [IPC Server handler 4 on 46850] INFO  volume.OMVolumeCreateRequest (OMVolumeCreateRequest.java:validateAndUpdateCache(189)) - created volume:testblockoutputstream for user:jenkins1000
2019-09-04 12:57:54,182 [main] INFO  rpc.RpcClient (RpcClient.java:createBucket(432)) - Creating Bucket: testblockoutputstream/testblockoutputstream, with Versioning false and Storage Type set to DISK and Encryption set to false 
2019-09-04 12:57:54,201 [main] INFO  impl.MetricsSystemImpl (MetricsSystemImpl.java:init(158)) - XceiverClientMetrics metrics system started (again)
2019-09-04 12:57:54,859 [grpc-default-executor-2] INFO  client.GrpcClientProtocolClient (GrpcClientProtocolClient.java:onNext(255)) - client-7283990EAF13->41b70c7e-0a9b-42f1-bdd5-b75d7be68999: receive RaftClientReply:client-7283990EAF13->41b70c7e-0a9b-42f1-bdd5-b75d7be68999@group-6DE7507FE9B5, cid=13, FAILED org.apache.ratis.protocol.NotLeaderException: Server 41b70c7e-0a9b-42f1-bdd5-b75d7be68999 is not the leader (null). Request must be sent to leader., logIndex=0, commits[41b70c7e-0a9b-42f1-bdd5-b75d7be68999:c-1]
2019-09-04 12:57:55,131 [Thread-238] INFO  container.ReplicationManager (ReplicationManager.java:start(162)) - Starting Replication Monitor Thread.
2019-09-04 12:57:55,137 [ReplicationMonitor] INFO  container.ReplicationManager (ReplicationManager.java:run(225)) - Replication Monitor Thread took 4 milliseconds for processing 1 containers.
2019-09-04 12:57:55,904 [grpc-default-executor-1] INFO  client.GrpcClientProtocolClient (GrpcClientProtocolClient.java:onNext(255)) - client-7283990EAF13->0b7b5e0e-aa68-4a1e-b481-ada831baaf89: receive RaftClientReply:client-7283990EAF13->0b7b5e0e-aa68-4a1e-b481-ada831baaf89@group-6DE7507FE9B5, cid=13, FAILED org.apache.ratis.protocol.NotLeaderException: Server 0b7b5e0e-aa68-4a1e-b481-ada831baaf89 is not the leader (null). Request must be sent to leader., logIndex=0, commits[0b7b5e0e-aa68-4a1e-b481-ada831baaf89:c-1]
2019-09-04 12:57:56,935 [grpc-default-executor-1] INFO  client.GrpcClientProtocolClient (GrpcClientProtocolClient.java:onNext(255)) - client-7283990EAF13->6cbd16fb-409a-4203-ae13-b6936b2a9753: receive RaftClientReply:client-7283990EAF13->6cbd16fb-409a-4203-ae13-b6936b2a9753@group-6DE7507FE9B5, cid=13, FAILED org.apache.ratis.protocol.NotLeaderException: Server 6cbd16fb-409a-4203-ae13-b6936b2a9753 is not the leader (null). Request must be sent to leader., logIndex=0, commits[6cbd16fb-409a-4203-ae13-b6936b2a9753:c-1]
2019-09-04 12:57:57,954 [grpc-default-executor-2] INFO  client.GrpcClientProtocolClient (GrpcClientProtocolClient.java:onNext(255)) - client-7283990EAF13->0b7b5e0e-aa68-4a1e-b481-ada831baaf89: receive RaftClientReply:client-7283990EAF13->0b7b5e0e-aa68-4a1e-b481-ada831baaf89@group-6DE7507FE9B5, cid=13, FAILED org.apache.ratis.protocol.NotLeaderException: Server 0b7b5e0e-aa68-4a1e-b481-ada831baaf89 is not the leader (null). Request must be sent to leader., logIndex=0, commits[0b7b5e0e-aa68-4a1e-b481-ada831baaf89:c-1]
2019-09-04 12:57:58,018 [Thread-240] INFO  impl.FollowerState (FollowerState.java:run(106)) - 0a6371c7-e9de-42bd-a046-6f0feeb71a95:group-7048C7234546 changes to CANDIDATE, lastRpcTime:5140, electionTimeout:5139ms
2019-09-04 12:57:58,020 [Thread-240] INFO  impl.RoleInfo (RoleInfo.java:shutdownFollowerState(121)) - 0a6371c7-e9de-42bd-a046-6f0feeb71a95: shutdown FollowerState
2019-09-04 12:57:58,020 [Thread-240] INFO  impl.RaftServerImpl (RaftServerImpl.java:setRole(171)) - 0a6371c7-e9de-42bd-a046-6f0feeb71a95:group-7048C7234546 changes role from FOLLOWER to CANDIDATE at term 0 for changeToCandidate
2019-09-04 12:57:58,027 [Thread-240] INFO  impl.RoleInfo (RoleInfo.java:updateAndGet(143)) - 0a6371c7-e9de-42bd-a046-6f0feeb71a95: start LeaderElection
2019-09-04 12:57:58,046 [0a6371c7-e9de-42bd-a046-6f0feeb71a95:group-7048C7234546:LeaderElection1] INFO  impl.LeaderElection (LeaderElection.java:askForVotes(181)) - 0a6371c7-e9de-42bd-a046-6f0feeb71a95:group-7048C7234546:LeaderElection1: begin an election at term 1 for -1: [0a6371c7-e9de-42bd-a046-6f0feeb71a95:192.168.34.40:42776], old=null
2019-09-04 12:57:58,050 [0a6371c7-e9de-42bd-a046-6f0feeb71a95:group-7048C7234546:LeaderElection1] INFO  impl.RoleInfo (RoleInfo.java:shutdownLeaderElection(134)) - 0a6371c7-e9de-42bd-a046-6f0feeb71a95: shutdown LeaderElection
2019-09-04 12:57:58,051 [0a6371c7-e9de-42bd-a046-6f0feeb71a95:group-7048C7234546:LeaderElection1] INFO  impl.RaftServerImpl (RaftServerImpl.java:setRole(171)) - 0a6371c7-e9de-42bd-a046-6f0feeb71a95:group-7048C7234546 changes role from CANDIDATE to LEADER at term 1 for changeToLeader
2019-09-04 12:57:58,052 [0a6371c7-e9de-42bd-a046-6f0feeb71a95:group-7048C7234546:LeaderElection1] INFO  impl.RaftServerImpl (ServerState.java:setLeader(263)) - 0a6371c7-e9de-42bd-a046-6f0feeb71a95:group-7048C7234546 change Leader from null to 0a6371c7-e9de-42bd-a046-6f0feeb71a95 at term 1 for becomeLeader, leader elected after 5267ms
2019-09-04 12:57:58,062 [0a6371c7-e9de-42bd-a046-6f0feeb71a95:group-7048C7234546:LeaderElection1] INFO  server.RaftServerConfigKeys (ConfUtils.java:logGet(43)) - raft.server.staging.catchup.gap = 1000 (default)
2019-09-04 12:57:58,063 [0a6371c7-e9de-42bd-a046-6f0feeb71a95:group-7048C7234546:LeaderElection1] INFO  server.RaftServerConfigKeys (ConfUtils.java:logGet(43)) - raft.server.rpc.sleep.time = 25ms (default)
2019-09-04 12:57:58,067 [0a6371c7-e9de-42bd-a046-6f0feeb71a95:group-7048C7234546:LeaderElection1] INFO  server.RaftServerConfigKeys (ConfUtils.java:logGet(43)) - raft.server.write.element-limit = 4096 (default)
2019-09-04 12:57:58,070 [0a6371c7-e9de-42bd-a046-6f0feeb71a95:group-7048C7234546:LeaderElection1] INFO  server.RaftServerConfigKeys (ConfUtils.java:logGet(43)) - raft.server.watch.timeout = 10s (default)
2019-09-04 12:57:58,071 [0a6371c7-e9de-42bd-a046-6f0feeb71a95:group-7048C7234546:LeaderElection1] INFO  server.RaftServerConfigKeys (ConfUtils.java:logGet(43)) - raft.server.watch.timeout.denomination = 1s (default)
2019-09-04 12:57:58,072 [0a6371c7-e9de-42bd-a046-6f0feeb71a95:group-7048C7234546:LeaderElection1] INFO  server.RaftServerConfigKeys (ConfUtils.java:logGet(43)) - raft.server.watch.element-limit = 65536 (default)
2019-09-04 12:57:58,083 [0a6371c7-e9de-42bd-a046-6f0feeb71a95:group-7048C7234546:LeaderElection1] INFO  impl.RoleInfo (RoleInfo.java:updateAndGet(143)) - 0a6371c7-e9de-42bd-a046-6f0feeb71a95: start LeaderState
2019-09-04 12:57:58,110 [0a6371c7-e9de-42bd-a046-6f0feeb71a95:group-7048C7234546:LeaderElection1] INFO  segmented.SegmentedRaftLogWorker (SegmentedRaftLogWorker.java:startLogSegment(380)) - 0a6371c7-e9de-42bd-a046-6f0feeb71a95-SegmentedRaftLogWorker:Storage Directory /workdir/hadoop-ozone/integration-test/target/test-dir/MiniOzoneClusterImpl-ea0c9936-27f2-41d8-a3b5-aa3c9248b619/datanode-0/data/ratis/8edb2abd-2cbe-4758-94fe-7048c7234546: Starting segment from index:0
2019-09-04 12:57:58,120 [0a6371c7-e9de-42bd-a046-6f0feeb71a95:group-7048C7234546:LeaderElection1] INFO  impl.RaftServerImpl (ServerState.java:setRaftConf(361)) - 0a6371c7-e9de-42bd-a046-6f0feeb71a95:group-7048C7234546 set configuration 0: [0a6371c7-e9de-42bd-a046-6f0feeb71a95:192.168.34.40:42776], old=null at 0
2019-09-04 12:57:58,137 [Thread-243] INFO  impl.FollowerState (FollowerState.java:run(106)) - 41b70c7e-0a9b-42f1-bdd5-b75d7be68999:group-75084F681451 changes to CANDIDATE, lastRpcTime:5047, electionTimeout:5046ms
2019-09-04 12:57:58,139 [Thread-243] INFO  impl.RoleInfo (RoleInfo.java:shutdownFollowerState(121)) - 41b70c7e-0a9b-42f1-bdd5-b75d7be68999: shutdown FollowerState
2019-09-04 12:57:58,139 [Thread-243] INFO  impl.RaftServerImpl (RaftServerImpl.java:setRole(171)) - 41b70c7e-0a9b-42f1-bdd5-b75d7be68999:group-75084F681451 changes role from FOLLOWER to CANDIDATE at term 0 for changeToCandidate
2019-09-04 12:57:58,139 [Thread-243] INFO  impl.RoleInfo (RoleInfo.java:updateAndGet(143)) - 41b70c7e-0a9b-42f1-bdd5-b75d7be68999: start LeaderElection
2019-09-04 12:57:58,159 [41b70c7e-0a9b-42f1-bdd5-b75d7be68999:group-75084F681451:LeaderElection2] INFO  impl.LeaderElection (LeaderElection.java:askForVotes(181)) - 41b70c7e-0a9b-42f1-bdd5-b75d7be68999:group-75084F681451:LeaderElection2: begin an election at term 1 for -1: [41b70c7e-0a9b-42f1-bdd5-b75d7be68999:192.168.34.40:44764], old=null
2019-09-04 12:57:58,161 [41b70c7e-0a9b-42f1-bdd5-b75d7be68999:group-75084F681451:LeaderElection2] INFO  impl.RoleInfo (RoleInfo.java:shutdownLeaderElection(134)) - 41b70c7e-0a9b-42f1-bdd5-b75d7be68999: shutdown LeaderElection
2019-09-04 12:57:58,161 [41b70c7e-0a9b-42f1-bdd5-b75d7be68999:group-75084F681451:LeaderElection2] INFO  impl.RaftServerImpl (RaftServerImpl.java:setRole(171)) - 41b70c7e-0a9b-42f1-bdd5-b75d7be68999:group-75084F681451 changes role from CANDIDATE to LEADER at term 1 for changeToLeader
2019-09-04 12:57:58,161 [41b70c7e-0a9b-42f1-bdd5-b75d7be68999:group-75084F681451:LeaderElection2] INFO  impl.RaftServerImpl (ServerState.java:setLeader(263)) - 41b70c7e-0a9b-42f1-bdd5-b75d7be68999:group-75084F681451 change Leader from null to 41b70c7e-0a9b-42f1-bdd5-b75d7be68999 at term 1 for becomeLeader, leader elected after 5076ms
2019-09-04 12:57:58,163 [41b70c7e-0a9b-42f1-bdd5-b75d7be68999:group-75084F681451:LeaderElection2] INFO  server.RaftServerConfigKeys (ConfUtils.java:logGet(43)) - raft.server.staging.catchup.gap = 1000 (default)
2019-09-04 12:57:58,163 [41b70c7e-0a9b-42f1-bdd5-b75d7be68999:group-75084F681451:LeaderElection2] INFO  server.RaftServerConfigKeys (ConfUtils.java:logGet(43)) - raft.server.rpc.sleep.time = 25ms (default)
2019-09-04 12:57:58,164 [41b70c7e-0a9b-42f1-bdd5-b75d7be68999:group-75084F681451:LeaderElection2] INFO  server.RaftServerConfigKeys (ConfUtils.java:logGet(43)) - raft.server.write.element-limit = 4096 (default)
2019-09-04 12:57:58,164 [41b70c7e-0a9b-42f1-bdd5-b75d7be68999:group-75084F681451:LeaderElection2] INFO  server.RaftServerConfigKeys (ConfUtils.java:logGet(43)) - raft.server.watch.timeout = 10s (default)
2019-09-04 12:57:58,164 [41b70c7e-0a9b-42f1-bdd5-b75d7be68999:group-75084F681451:LeaderElection2] INFO  server.RaftServerConfigKeys (ConfUtils.java:logGet(43)) - raft.server.watch.timeout.denomination = 1s (default)
2019-09-04 12:57:58,164 [41b70c7e-0a9b-42f1-bdd5-b75d7be68999:group-75084F681451:LeaderElection2] INFO  server.RaftServerConfigKeys (ConfUtils.java:logGet(43)) - raft.server.watch.element-limit = 65536 (default)
2019-09-04 12:57:58,164 [41b70c7e-0a9b-42f1-bdd5-b75d7be68999:group-75084F681451:LeaderElection2] INFO  impl.RoleInfo (RoleInfo.java:updateAndGet(143)) - 41b70c7e-0a9b-42f1-bdd5-b75d7be68999: start LeaderState
2019-09-04 12:57:58,165 [41b70c7e-0a9b-42f1-bdd5-b75d7be68999:group-75084F681451:LeaderElection2] INFO  segmented.SegmentedRaftLogWorker (SegmentedRaftLogWorker.java:startLogSegment(380)) - 41b70c7e-0a9b-42f1-bdd5-b75d7be68999-SegmentedRaftLogWorker:Storage Directory /workdir/hadoop-ozone/integration-test/target/test-dir/MiniOzoneClusterImpl-ea0c9936-27f2-41d8-a3b5-aa3c9248b619/datanode-2/data/ratis/18014aab-2ab2-44f6-a2e3-75084f681451: Starting segment from index:0
2019-09-04 12:57:58,165 [41b70c7e-0a9b-42f1-bdd5-b75d7be68999:group-75084F681451:LeaderElection2] INFO  impl.RaftServerImpl (ServerState.java:setRaftConf(361)) - 41b70c7e-0a9b-42f1-bdd5-b75d7be68999:group-75084F681451 set configuration 0: [41b70c7e-0a9b-42f1-bdd5-b75d7be68999:192.168.34.40:44764], old=null at 0
2019-09-04 12:57:58,269 [Thread-249] INFO  impl.FollowerState (FollowerState.java:run(106)) - 0b7b5e0e-aa68-4a1e-b481-ada831baaf89:group-1CD7A3021F93 changes to CANDIDATE, lastRpcTime:5010, electionTimeout:5010ms
2019-09-04 12:57:58,269 [Thread-249] INFO  impl.RoleInfo (RoleInfo.java:shutdownFollowerState(121)) - 0b7b5e0e-aa68-4a1e-b481-ada831baaf89: shutdown FollowerState
2019-09-04 12:57:58,269 [Thread-249] INFO  impl.RaftServerImpl (RaftServerImpl.java:setRole(171)) - 0b7b5e0e-aa68-4a1e-b481-ada831baaf89:group-1CD7A3021F93 changes role from FOLLOWER to CANDIDATE at term 0 for changeToCandidate
2019-09-04 12:57:58,269 [Thread-249] INFO  impl.RoleInfo (RoleInfo.java:updateAndGet(143)) - 0b7b5e0e-aa68-4a1e-b481-ada831baaf89: start LeaderElection
2019-09-04 12:57:58,308 [41b70c7e-0a9b-42f1-bdd5-b75d7be68999-SegmentedRaftLogWorker:Storage Directory /workdir/hadoop-ozone/integration-test/target/test-dir/MiniOzoneClusterImpl-ea0c9936-27f2-41d8-a3b5-aa3c9248b619/datanode-2/data/ratis/18014aab-2ab2-44f6-a2e3-75084f681451] INFO  segmented.SegmentedRaftLogWorker (SegmentedRaftLogWorker.java:execute(569)) - 41b70c7e-0a9b-42f1-bdd5-b75d7be68999-SegmentedRaftLogWorker:Storage Directory /workdir/hadoop-ozone/integration-test/target/test-dir/MiniOzoneClusterImpl-ea0c9936-27f2-41d8-a3b5-aa3c9248b619/datanode-2/data/ratis/18014aab-2ab2-44f6-a2e3-75084f681451: created new log segment /workdir/hadoop-ozone/integration-test/target/test-dir/MiniOzoneClusterImpl-ea0c9936-27f2-41d8-a3b5-aa3c9248b619/datanode-2/data/ratis/18014aab-2ab2-44f6-a2e3-75084f681451/current/log_inprogress_0
2019-09-04 12:57:58,308 [0b7b5e0e-aa68-4a1e-b481-ada831baaf89:group-1CD7A3021F93:LeaderElection3] INFO  impl.LeaderElection (LeaderElection.java:askForVotes(181)) - 0b7b5e0e-aa68-4a1e-b481-ada831baaf89:group-1CD7A3021F93:LeaderElection3: begin an election at term 1 for -1: [0b7b5e0e-aa68-4a1e-b481-ada831baaf89:192.168.34.40:41108], old=null
2019-09-04 12:57:58,308 [0a6371c7-e9de-42bd-a046-6f0feeb71a95-SegmentedRaftLogWorker:Storage Directory /workdir/hadoop-ozone/integration-test/target/test-dir/MiniOzoneClusterImpl-ea0c9936-27f2-41d8-a3b5-aa3c9248b619/datanode-0/data/ratis/8edb2abd-2cbe-4758-94fe-7048c7234546] INFO  segmented.SegmentedRaftLogWorker (SegmentedRaftLogWorker.java:execute(569)) - 0a6371c7-e9de-42bd-a046-6f0feeb71a95-SegmentedRaftLogWorker:Storage Directory /workdir/hadoop-ozone/integration-test/target/test-dir/MiniOzoneClusterImpl-ea0c9936-27f2-41d8-a3b5-aa3c9248b619/datanode-0/data/ratis/8edb2abd-2cbe-4758-94fe-7048c7234546: created new log segment /workdir/hadoop-ozone/integration-test/target/test-dir/MiniOzoneClusterImpl-ea0c9936-27f2-41d8-a3b5-aa3c9248b619/datanode-0/data/ratis/8edb2abd-2cbe-4758-94fe-7048c7234546/current/log_inprogress_0
2019-09-04 12:57:58,308 [0b7b5e0e-aa68-4a1e-b481-ada831baaf89:group-1CD7A3021F93:LeaderElection3] INFO  impl.RoleInfo (RoleInfo.java:shutdownLeaderElection(134)) - 0b7b5e0e-aa68-4a1e-b481-ada831baaf89: shutdown LeaderElection
2019-09-04 12:57:58,321 [0b7b5e0e-aa68-4a1e-b481-ada831baaf89:group-1CD7A3021F93:LeaderElection3] INFO  impl.RaftServerImpl (RaftServerImpl.java:setRole(171)) - 0b7b5e0e-aa68-4a1e-b481-ada831baaf89:group-1CD7A3021F93 changes role from CANDIDATE to LEADER at term 1 for changeToLeader
2019-09-04 12:57:58,321 [0b7b5e0e-aa68-4a1e-b481-ada831baaf89:group-1CD7A3021F93:LeaderElection3] INFO  impl.RaftServerImpl (ServerState.java:setLeader(263)) - 0b7b5e0e-aa68-4a1e-b481-ada831baaf89:group-1CD7A3021F93 change Leader from null to 0b7b5e0e-aa68-4a1e-b481-ada831baaf89 at term 1 for becomeLeader, leader elected after 5068ms
2019-09-04 12:57:58,323 [0b7b5e0e-aa68-4a1e-b481-ada831baaf89:group-1CD7A3021F93:LeaderElection3] INFO  server.RaftServerConfigKeys (ConfUtils.java:logGet(43)) - raft.server.staging.catchup.gap = 1000 (default)
2019-09-04 12:57:58,323 [0b7b5e0e-aa68-4a1e-b481-ada831baaf89:group-1CD7A3021F93:LeaderElection3] INFO  server.RaftServerConfigKeys (ConfUtils.java:logGet(43)) - raft.server.rpc.sleep.time = 25ms (default)
2019-09-04 12:57:58,323 [0b7b5e0e-aa68-4a1e-b481-ada831baaf89:group-1CD7A3021F93:LeaderElection3] INFO  server.RaftServerConfigKeys (ConfUtils.java:logGet(43)) - raft.server.write.element-limit = 4096 (default)
2019-09-04 12:57:58,323 [0b7b5e0e-aa68-4a1e-b481-ada831baaf89:group-1CD7A3021F93:LeaderElection3] INFO  server.RaftServerConfigKeys (ConfUtils.java:logGet(43)) - raft.server.watch.timeout = 10s (default)
2019-09-04 12:57:58,324 [0b7b5e0e-aa68-4a1e-b481-ada831baaf89:group-1CD7A3021F93:LeaderElection3] INFO  server.RaftServerConfigKeys (ConfUtils.java:logGet(43)) - raft.server.watch.timeout.denomination = 1s (default)
2019-09-04 12:57:58,324 [0b7b5e0e-aa68-4a1e-b481-ada831baaf89:group-1CD7A3021F93:LeaderElection3] INFO  server.RaftServerConfigKeys (ConfUtils.java:logGet(43)) - raft.server.watch.element-limit = 65536 (default)
2019-09-04 12:57:58,324 [0b7b5e0e-aa68-4a1e-b481-ada831baaf89:group-1CD7A3021F93:LeaderElection3] INFO  impl.RoleInfo (RoleInfo.java:updateAndGet(143)) - 0b7b5e0e-aa68-4a1e-b481-ada831baaf89: start LeaderState
2019-09-04 12:57:58,324 [0b7b5e0e-aa68-4a1e-b481-ada831baaf89:group-1CD7A3021F93:LeaderElection3] INFO  segmented.SegmentedRaftLogWorker (SegmentedRaftLogWorker.java:startLogSegment(380)) - 0b7b5e0e-aa68-4a1e-b481-ada831baaf89-SegmentedRaftLogWorker:Storage Directory /workdir/hadoop-ozone/integration-test/target/test-dir/MiniOzoneClusterImpl-ea0c9936-27f2-41d8-a3b5-aa3c9248b619/datanode-6/data/ratis/4aab226d-352a-4f31-bbc8-1cd7a3021f93: Starting segment from index:0
2019-09-04 12:57:58,325 [0b7b5e0e-aa68-4a1e-b481-ada831baaf89:group-1CD7A3021F93:LeaderElection3] INFO  impl.RaftServerImpl (ServerState.java:setRaftConf(361)) - 0b7b5e0e-aa68-4a1e-b481-ada831baaf89:group-1CD7A3021F93 set configuration 0: [0b7b5e0e-aa68-4a1e-b481-ada831baaf89:192.168.34.40:41108], old=null at 0
2019-09-04 12:57:58,370 [Thread-252] INFO  impl.FollowerState (FollowerState.java:run(106)) - a406e7a3-25da-4471-b260-f46b81080cf7:group-7029949D55DA changes to CANDIDATE, lastRpcTime:5029, electionTimeout:5029ms
2019-09-04 12:57:58,372 [0b7b5e0e-aa68-4a1e-b481-ada831baaf89-SegmentedRaftLogWorker:Storage Directory /workdir/hadoop-ozone/integration-test/target/test-dir/MiniOzoneClusterImpl-ea0c9936-27f2-41d8-a3b5-aa3c9248b619/datanode-6/data/ratis/4aab226d-352a-4f31-bbc8-1cd7a3021f93] INFO  segmented.SegmentedRaftLogWorker (SegmentedRaftLogWorker.java:execute(569)) - 0b7b5e0e-aa68-4a1e-b481-ada831baaf89-SegmentedRaftLogWorker:Storage Directory /workdir/hadoop-ozone/integration-test/target/test-dir/MiniOzoneClusterImpl-ea0c9936-27f2-41d8-a3b5-aa3c9248b619/datanode-6/data/ratis/4aab226d-352a-4f31-bbc8-1cd7a3021f93: created new log segment /workdir/hadoop-ozone/integration-test/target/test-dir/MiniOzoneClusterImpl-ea0c9936-27f2-41d8-a3b5-aa3c9248b619/datanode-6/data/ratis/4aab226d-352a-4f31-bbc8-1cd7a3021f93/current/log_inprogress_0
2019-09-04 12:57:58,372 [Thread-252] INFO  impl.RoleInfo (RoleInfo.java:shutdownFollowerState(121)) - a406e7a3-25da-4471-b260-f46b81080cf7: shutdown FollowerState
2019-09-04 12:57:58,372 [Thread-252] INFO  impl.RaftServerImpl (RaftServerImpl.java:setRole(171)) - a406e7a3-25da-4471-b260-f46b81080cf7:group-7029949D55DA changes role from FOLLOWER to CANDIDATE at term 0 for changeToCandidate
2019-09-04 12:57:58,373 [Thread-252] INFO  impl.RoleInfo (RoleInfo.java:updateAndGet(143)) - a406e7a3-25da-4471-b260-f46b81080cf7: start LeaderElection
2019-09-04 12:57:58,382 [Thread-246] INFO  impl.FollowerState (FollowerState.java:run(106)) - 6cbd16fb-409a-4203-ae13-b6936b2a9753:group-55291206B8FC changes to CANDIDATE, lastRpcTime:5199, electionTimeout:5196ms
2019-09-04 12:57:58,383 [Thread-246] INFO  impl.RoleInfo (RoleInfo.java:shutdownFollowerState(121)) - 6cbd16fb-409a-4203-ae13-b6936b2a9753: shutdown FollowerState
2019-09-04 12:57:58,383 [Thread-246] INFO  impl.RaftServerImpl (RaftServerImpl.java:setRole(171)) - 6cbd16fb-409a-4203-ae13-b6936b2a9753:group-55291206B8FC changes role from FOLLOWER to CANDIDATE at term 0 for changeToCandidate
2019-09-04 12:57:58,384 [Thread-246] INFO  impl.RoleInfo (RoleInfo.java:updateAndGet(143)) - 6cbd16fb-409a-4203-ae13-b6936b2a9753: start LeaderElection
2019-09-04 12:57:58,388 [a406e7a3-25da-4471-b260-f46b81080cf7:group-7029949D55DA:LeaderElection4] INFO  impl.LeaderElection (LeaderElection.java:askForVotes(181)) - a406e7a3-25da-4471-b260-f46b81080cf7:group-7029949D55DA:LeaderElection4: begin an election at term 1 for -1: [a406e7a3-25da-4471-b260-f46b81080cf7:192.168.34.40:44207], old=null
2019-09-04 12:57:58,388 [a406e7a3-25da-4471-b260-f46b81080cf7:group-7029949D55DA:LeaderElection4] INFO  impl.RoleInfo (RoleInfo.java:shutdownLeaderElection(134)) - a406e7a3-25da-4471-b260-f46b81080cf7: shutdown LeaderElection
2019-09-04 12:57:58,388 [a406e7a3-25da-4471-b260-f46b81080cf7:group-7029949D55DA:LeaderElection4] INFO  impl.RaftServerImpl (RaftServerImpl.java:setRole(171)) - a406e7a3-25da-4471-b260-f46b81080cf7:group-7029949D55DA changes role from CANDIDATE to LEADER at term 1 for changeToLeader
2019-09-04 12:57:58,388 [a406e7a3-25da-4471-b260-f46b81080cf7:group-7029949D55DA:LeaderElection4] INFO  impl.RaftServerImpl (ServerState.java:setLeader(263)) - a406e7a3-25da-4471-b260-f46b81080cf7:group-7029949D55DA change Leader from null to a406e7a3-25da-4471-b260-f46b81080cf7 at term 1 for becomeLeader, leader elected after 5052ms
2019-09-04 12:57:58,390 [a406e7a3-25da-4471-b260-f46b81080cf7:group-7029949D55DA:LeaderElection4] INFO  server.RaftServerConfigKeys (ConfUtils.java:logGet(43)) - raft.server.staging.catchup.gap = 1000 (default)
2019-09-04 12:57:58,390 [a406e7a3-25da-4471-b260-f46b81080cf7:group-7029949D55DA:LeaderElection4] INFO  server.RaftServerConfigKeys (ConfUtils.java:logGet(43)) - raft.server.rpc.sleep.time = 25ms (default)
2019-09-04 12:57:58,390 [a406e7a3-25da-4471-b260-f46b81080cf7:group-7029949D55DA:LeaderElection4] INFO  server.RaftServerConfigKeys (ConfUtils.java:logGet(43)) - raft.server.write.element-limit = 4096 (default)
2019-09-04 12:57:58,390 [a406e7a3-25da-4471-b260-f46b81080cf7:group-7029949D55DA:LeaderElection4] INFO  server.RaftServerConfigKeys (ConfUtils.java:logGet(43)) - raft.server.watch.timeout = 10s (default)
2019-09-04 12:57:58,390 [a406e7a3-25da-4471-b260-f46b81080cf7:group-7029949D55DA:LeaderElection4] INFO  server.RaftServerConfigKeys (ConfUtils.java:logGet(43)) - raft.server.watch.timeout.denomination = 1s (default)
2019-09-04 12:57:58,391 [a406e7a3-25da-4471-b260-f46b81080cf7:group-7029949D55DA:LeaderElection4] INFO  server.RaftServerConfigKeys (ConfUtils.java:logGet(43)) - raft.server.watch.element-limit = 65536 (default)
2019-09-04 12:57:58,391 [a406e7a3-25da-4471-b260-f46b81080cf7:group-7029949D55DA:LeaderElection4] INFO  impl.RoleInfo (RoleInfo.java:updateAndGet(143)) - a406e7a3-25da-4471-b260-f46b81080cf7: start LeaderState
2019-09-04 12:57:58,391 [a406e7a3-25da-4471-b260-f46b81080cf7:group-7029949D55DA:LeaderElection4] INFO  segmented.SegmentedRaftLogWorker (SegmentedRaftLogWorker.java:startLogSegment(380)) - a406e7a3-25da-4471-b260-f46b81080cf7-SegmentedRaftLogWorker:Storage Directory /workdir/hadoop-ozone/integration-test/target/test-dir/MiniOzoneClusterImpl-ea0c9936-27f2-41d8-a3b5-aa3c9248b619/datanode-5/data/ratis/2bafeac2-e191-43e6-888b-7029949d55da: Starting segment from index:0
2019-09-04 12:57:58,391 [a406e7a3-25da-4471-b260-f46b81080cf7:group-7029949D55DA:LeaderElection4] INFO  impl.RaftServerImpl (ServerState.java:setRaftConf(361)) - a406e7a3-25da-4471-b260-f46b81080cf7:group-7029949D55DA set configuration 0: [a406e7a3-25da-4471-b260-f46b81080cf7:192.168.34.40:44207], old=null at 0
2019-09-04 12:57:58,417 [6cbd16fb-409a-4203-ae13-b6936b2a9753:group-55291206B8FC:LeaderElection5] INFO  impl.LeaderElection (LeaderElection.java:askForVotes(181)) - 6cbd16fb-409a-4203-ae13-b6936b2a9753:group-55291206B8FC:LeaderElection5: begin an election at term 1 for -1: [6cbd16fb-409a-4203-ae13-b6936b2a9753:192.168.34.40:42358], old=null
2019-09-04 12:57:58,417 [6cbd16fb-409a-4203-ae13-b6936b2a9753:group-55291206B8FC:LeaderElection5] INFO  impl.RoleInfo (RoleInfo.java:shutdownLeaderElection(134)) - 6cbd16fb-409a-4203-ae13-b6936b2a9753: shutdown LeaderElection
2019-09-04 12:57:58,417 [6cbd16fb-409a-4203-ae13-b6936b2a9753:group-55291206B8FC:LeaderElection5] INFO  impl.RaftServerImpl (RaftServerImpl.java:setRole(171)) - 6cbd16fb-409a-4203-ae13-b6936b2a9753:group-55291206B8FC changes role from CANDIDATE to LEADER at term 1 for changeToLeader
2019-09-04 12:57:58,417 [6cbd16fb-409a-4203-ae13-b6936b2a9753:group-55291206B8FC:LeaderElection5] INFO  impl.RaftServerImpl (ServerState.java:setLeader(263)) - 6cbd16fb-409a-4203-ae13-b6936b2a9753:group-55291206B8FC change Leader from null to 6cbd16fb-409a-4203-ae13-b6936b2a9753 at term 1 for becomeLeader, leader elected after 5241ms
2019-09-04 12:57:58,419 [6cbd16fb-409a-4203-ae13-b6936b2a9753:group-55291206B8FC:LeaderElection5] INFO  server.RaftServerConfigKeys (ConfUtils.java:logGet(43)) - raft.server.staging.catchup.gap = 1000 (default)
2019-09-04 12:57:58,419 [6cbd16fb-409a-4203-ae13-b6936b2a9753:group-55291206B8FC:LeaderElection5] INFO  server.RaftServerConfigKeys (ConfUtils.java:logGet(43)) - raft.server.rpc.sleep.time = 25ms (default)
2019-09-04 12:57:58,419 [6cbd16fb-409a-4203-ae13-b6936b2a9753:group-55291206B8FC:LeaderElection5] INFO  server.RaftServerConfigKeys (ConfUtils.java:logGet(43)) - raft.server.write.element-limit = 4096 (default)
2019-09-04 12:57:58,419 [6cbd16fb-409a-4203-ae13-b6936b2a9753:group-55291206B8FC:LeaderElection5] INFO  server.RaftServerConfigKeys (ConfUtils.java:logGet(43)) - raft.server.watch.timeout = 10s (default)
2019-09-04 12:57:58,419 [6cbd16fb-409a-4203-ae13-b6936b2a9753:group-55291206B8FC:LeaderElection5] INFO  server.RaftServerConfigKeys (ConfUtils.java:logGet(43)) - raft.server.watch.timeout.denomination = 1s (default)
2019-09-04 12:57:58,420 [6cbd16fb-409a-4203-ae13-b6936b2a9753:group-55291206B8FC:LeaderElection5] INFO  server.RaftServerConfigKeys (ConfUtils.java:logGet(43)) - raft.server.watch.element-limit = 65536 (default)
2019-09-04 12:57:58,420 [6cbd16fb-409a-4203-ae13-b6936b2a9753:group-55291206B8FC:LeaderElection5] INFO  impl.RoleInfo (RoleInfo.java:updateAndGet(143)) - 6cbd16fb-409a-4203-ae13-b6936b2a9753: start LeaderState
2019-09-04 12:57:58,420 [6cbd16fb-409a-4203-ae13-b6936b2a9753:group-55291206B8FC:LeaderElection5] INFO  segmented.SegmentedRaftLogWorker (SegmentedRaftLogWorker.java:startLogSegment(380)) - 6cbd16fb-409a-4203-ae13-b6936b2a9753-SegmentedRaftLogWorker:Storage Directory /workdir/hadoop-ozone/integration-test/target/test-dir/MiniOzoneClusterImpl-ea0c9936-27f2-41d8-a3b5-aa3c9248b619/datanode-4/data/ratis/29192974-c06a-4900-922c-55291206b8fc: Starting segment from index:0
2019-09-04 12:57:58,421 [6cbd16fb-409a-4203-ae13-b6936b2a9753:group-55291206B8FC:LeaderElection5] INFO  impl.RaftServerImpl (ServerState.java:setRaftConf(361)) - 6cbd16fb-409a-4203-ae13-b6936b2a9753:group-55291206B8FC set configuration 0: [6cbd16fb-409a-4203-ae13-b6936b2a9753:192.168.34.40:42358], old=null at 0
2019-09-04 12:57:58,452 [a406e7a3-25da-4471-b260-f46b81080cf7-SegmentedRaftLogWorker:Storage Directory /workdir/hadoop-ozone/integration-test/target/test-dir/MiniOzoneClusterImpl-ea0c9936-27f2-41d8-a3b5-aa3c9248b619/datanode-5/data/ratis/2bafeac2-e191-43e6-888b-7029949d55da] INFO  segmented.SegmentedRaftLogWorker (SegmentedRaftLogWorker.java:execute(569)) - a406e7a3-25da-4471-b260-f46b81080cf7-SegmentedRaftLogWorker:Storage Directory /workdir/hadoop-ozone/integration-test/target/test-dir/MiniOzoneClusterImpl-ea0c9936-27f2-41d8-a3b5-aa3c9248b619/datanode-5/data/ratis/2bafeac2-e191-43e6-888b-7029949d55da: created new log segment /workdir/hadoop-ozone/integration-test/target/test-dir/MiniOzoneClusterImpl-ea0c9936-27f2-41d8-a3b5-aa3c9248b619/datanode-5/data/ratis/2bafeac2-e191-43e6-888b-7029949d55da/current/log_inprogress_0
2019-09-04 12:57:58,464 [6cbd16fb-409a-4203-ae13-b6936b2a9753-SegmentedRaftLogWorker:Storage Directory /workdir/hadoop-ozone/integration-test/target/test-dir/MiniOzoneClusterImpl-ea0c9936-27f2-41d8-a3b5-aa3c9248b619/datanode-4/data/ratis/29192974-c06a-4900-922c-55291206b8fc] INFO  segmented.SegmentedRaftLogWorker (SegmentedRaftLogWorker.java:execute(569)) - 6cbd16fb-409a-4203-ae13-b6936b2a9753-SegmentedRaftLogWorker:Storage Directory /workdir/hadoop-ozone/integration-test/target/test-dir/MiniOzoneClusterImpl-ea0c9936-27f2-41d8-a3b5-aa3c9248b619/datanode-4/data/ratis/29192974-c06a-4900-922c-55291206b8fc: created new log segment /workdir/hadoop-ozone/integration-test/target/test-dir/MiniOzoneClusterImpl-ea0c9936-27f2-41d8-a3b5-aa3c9248b619/datanode-4/data/ratis/29192974-c06a-4900-922c-55291206b8fc/current/log_inprogress_0
2019-09-04 12:57:58,475 [Thread-255] INFO  impl.FollowerState (FollowerState.java:run(106)) - c961c69f-9eae-4d72-9c2a-0156ee378652:group-2A9A5EB9E133 changes to CANDIDATE, lastRpcTime:5063, electionTimeout:5063ms
2019-09-04 12:57:58,476 [Thread-255] INFO  impl.RoleInfo (RoleInfo.java:shutdownFollowerState(121)) - c961c69f-9eae-4d72-9c2a-0156ee378652: shutdown FollowerState
2019-09-04 12:57:58,477 [Thread-255] INFO  impl.RaftServerImpl (RaftServerImpl.java:setRole(171)) - c961c69f-9eae-4d72-9c2a-0156ee378652:group-2A9A5EB9E133 changes role from FOLLOWER to CANDIDATE at term 0 for changeToCandidate
2019-09-04 12:57:58,477 [Thread-255] INFO  impl.RoleInfo (RoleInfo.java:updateAndGet(143)) - c961c69f-9eae-4d72-9c2a-0156ee378652: start LeaderElection
2019-09-04 12:57:58,493 [c961c69f-9eae-4d72-9c2a-0156ee378652:group-2A9A5EB9E133:LeaderElection6] INFO  impl.LeaderElection (LeaderElection.java:askForVotes(181)) - c961c69f-9eae-4d72-9c2a-0156ee378652:group-2A9A5EB9E133:LeaderElection6: begin an election at term 1 for -1: [c961c69f-9eae-4d72-9c2a-0156ee378652:192.168.34.40:37448], old=null
2019-09-04 12:57:58,495 [c961c69f-9eae-4d72-9c2a-0156ee378652:group-2A9A5EB9E133:LeaderElection6] INFO  impl.RoleInfo (RoleInfo.java:shutdownLeaderElection(134)) - c961c69f-9eae-4d72-9c2a-0156ee378652: shutdown LeaderElection
2019-09-04 12:57:58,495 [c961c69f-9eae-4d72-9c2a-0156ee378652:group-2A9A5EB9E133:LeaderElection6] INFO  impl.RaftServerImpl (RaftServerImpl.java:setRole(171)) - c961c69f-9eae-4d72-9c2a-0156ee378652:group-2A9A5EB9E133 changes role from CANDIDATE to LEADER at term 1 for changeToLeader
2019-09-04 12:57:58,495 [c961c69f-9eae-4d72-9c2a-0156ee378652:group-2A9A5EB9E133:LeaderElection6] INFO  impl.RaftServerImpl (ServerState.java:setLeader(263)) - c961c69f-9eae-4d72-9c2a-0156ee378652:group-2A9A5EB9E133 change Leader from null to c961c69f-9eae-4d72-9c2a-0156ee378652 at term 1 for becomeLeader, leader elected after 5087ms
2019-09-04 12:57:58,496 [c961c69f-9eae-4d72-9c2a-0156ee378652:group-2A9A5EB9E133:LeaderElection6] INFO  server.RaftServerConfigKeys (ConfUtils.java:logGet(43)) - raft.server.staging.catchup.gap = 1000 (default)
2019-09-04 12:57:58,496 [c961c69f-9eae-4d72-9c2a-0156ee378652:group-2A9A5EB9E133:LeaderElection6] INFO  server.RaftServerConfigKeys (ConfUtils.java:logGet(43)) - raft.server.rpc.sleep.time = 25ms (default)
2019-09-04 12:57:58,497 [c961c69f-9eae-4d72-9c2a-0156ee378652:group-2A9A5EB9E133:LeaderElection6] INFO  server.RaftServerConfigKeys (ConfUtils.java:logGet(43)) - raft.server.write.element-limit = 4096 (default)
2019-09-04 12:57:58,497 [c961c69f-9eae-4d72-9c2a-0156ee378652:group-2A9A5EB9E133:LeaderElection6] INFO  server.RaftServerConfigKeys (ConfUtils.java:logGet(43)) - raft.server.watch.timeout = 10s (default)
2019-09-04 12:57:58,497 [c961c69f-9eae-4d72-9c2a-0156ee378652:group-2A9A5EB9E133:LeaderElection6] INFO  server.RaftServerConfigKeys (ConfUtils.java:logGet(43)) - raft.server.watch.timeout.denomination = 1s (default)
2019-09-04 12:57:58,497 [c961c69f-9eae-4d72-9c2a-0156ee378652:group-2A9A5EB9E133:LeaderElection6] INFO  server.RaftServerConfigKeys (ConfUtils.java:logGet(43)) - raft.server.watch.element-limit = 65536 (default)
2019-09-04 12:57:58,497 [c961c69f-9eae-4d72-9c2a-0156ee378652:group-2A9A5EB9E133:LeaderElection6] INFO  impl.RoleInfo (RoleInfo.java:updateAndGet(143)) - c961c69f-9eae-4d72-9c2a-0156ee378652: start LeaderState
2019-09-04 12:57:58,497 [c961c69f-9eae-4d72-9c2a-0156ee378652:group-2A9A5EB9E133:LeaderElection6] INFO  segmented.SegmentedRaftLogWorker (SegmentedRaftLogWorker.java:startLogSegment(380)) - c961c69f-9eae-4d72-9c2a-0156ee378652-SegmentedRaftLogWorker:Storage Directory /workdir/hadoop-ozone/integration-test/target/test-dir/MiniOzoneClusterImpl-ea0c9936-27f2-41d8-a3b5-aa3c9248b619/datanode-1/data/ratis/fc1309b0-7909-4aa0-8f2a-2a9a5eb9e133: Starting segment from index:0
2019-09-04 12:57:58,498 [c961c69f-9eae-4d72-9c2a-0156ee378652:group-2A9A5EB9E133:LeaderElection6] INFO  impl.RaftServerImpl (ServerState.java:setRaftConf(361)) - c961c69f-9eae-4d72-9c2a-0156ee378652:group-2A9A5EB9E133 set configuration 0: [c961c69f-9eae-4d72-9c2a-0156ee378652:192.168.34.40:37448], old=null at 0
2019-09-04 12:57:58,558 [c961c69f-9eae-4d72-9c2a-0156ee378652-SegmentedRaftLogWorker:Storage Directory /workdir/hadoop-ozone/integration-test/target/test-dir/MiniOzoneClusterImpl-ea0c9936-27f2-41d8-a3b5-aa3c9248b619/datanode-1/data/ratis/fc1309b0-7909-4aa0-8f2a-2a9a5eb9e133] INFO  segmented.SegmentedRaftLogWorker (SegmentedRaftLogWorker.java:execute(569)) - c961c69f-9eae-4d72-9c2a-0156ee378652-SegmentedRaftLogWorker:Storage Directory /workdir/hadoop-ozone/integration-test/target/test-dir/MiniOzoneClusterImpl-ea0c9936-27f2-41d8-a3b5-aa3c9248b619/datanode-1/data/ratis/fc1309b0-7909-4aa0-8f2a-2a9a5eb9e133: created new log segment /workdir/hadoop-ozone/integration-test/target/test-dir/MiniOzoneClusterImpl-ea0c9936-27f2-41d8-a3b5-aa3c9248b619/datanode-1/data/ratis/fc1309b0-7909-4aa0-8f2a-2a9a5eb9e133/current/log_inprogress_0
2019-09-04 12:57:58,595 [Thread-262] INFO  impl.FollowerState (FollowerState.java:run(106)) - 0b7b5e0e-aa68-4a1e-b481-ada831baaf89:group-6DE7507FE9B5 changes to CANDIDATE, lastRpcTime:5012, electionTimeout:5012ms
2019-09-04 12:57:58,595 [Thread-262] INFO  impl.RoleInfo (RoleInfo.java:shutdownFollowerState(121)) - 0b7b5e0e-aa68-4a1e-b481-ada831baaf89: shutdown FollowerState
2019-09-04 12:57:58,595 [Thread-262] INFO  impl.RaftServerImpl (RaftServerImpl.java:setRole(171)) - 0b7b5e0e-aa68-4a1e-b481-ada831baaf89:group-6DE7507FE9B5 changes role from FOLLOWER to CANDIDATE at term 0 for changeToCandidate
2019-09-04 12:57:58,596 [Thread-262] INFO  impl.RoleInfo (RoleInfo.java:updateAndGet(143)) - 0b7b5e0e-aa68-4a1e-b481-ada831baaf89: start LeaderElection
2019-09-04 12:57:58,603 [Thread-267] INFO  impl.FollowerState (FollowerState.java:run(106)) - 6cbd16fb-409a-4203-ae13-b6936b2a9753:group-6DE7507FE9B5 changes to CANDIDATE, lastRpcTime:5017, electionTimeout:5016ms
2019-09-04 12:57:58,604 [Thread-267] INFO  impl.RoleInfo (RoleInfo.java:shutdownFollowerState(121)) - 6cbd16fb-409a-4203-ae13-b6936b2a9753: shutdown FollowerState
2019-09-04 12:57:58,605 [Thread-267] INFO  impl.RaftServerImpl (RaftServerImpl.java:setRole(171)) - 6cbd16fb-409a-4203-ae13-b6936b2a9753:group-6DE7507FE9B5 changes role from FOLLOWER to CANDIDATE at term 0 for changeToCandidate
2019-09-04 12:57:58,605 [Thread-267] INFO  impl.RoleInfo (RoleInfo.java:updateAndGet(143)) - 6cbd16fb-409a-4203-ae13-b6936b2a9753: start LeaderElection
2019-09-04 12:57:58,613 [6cbd16fb-409a-4203-ae13-b6936b2a9753:group-6DE7507FE9B5:LeaderElection8] INFO  impl.LeaderElection (LeaderElection.java:askForVotes(181)) - 6cbd16fb-409a-4203-ae13-b6936b2a9753:group-6DE7507FE9B5:LeaderElection8: begin an election at term 1 for -1: [6cbd16fb-409a-4203-ae13-b6936b2a9753:192.168.34.40:42358, 41b70c7e-0a9b-42f1-bdd5-b75d7be68999:192.168.34.40:44764, 0b7b5e0e-aa68-4a1e-b481-ada831baaf89:192.168.34.40:41108], old=null
2019-09-04 12:57:58,613 [0b7b5e0e-aa68-4a1e-b481-ada831baaf89:group-6DE7507FE9B5:LeaderElection7] INFO  impl.LeaderElection (LeaderElection.java:askForVotes(181)) - 0b7b5e0e-aa68-4a1e-b481-ada831baaf89:group-6DE7507FE9B5:LeaderElection7: begin an election at term 1 for -1: [6cbd16fb-409a-4203-ae13-b6936b2a9753:192.168.34.40:42358, 41b70c7e-0a9b-42f1-bdd5-b75d7be68999:192.168.34.40:44764, 0b7b5e0e-aa68-4a1e-b481-ada831baaf89:192.168.34.40:41108], old=null
2019-09-04 12:57:58,643 [Thread-258] INFO  impl.FollowerState (FollowerState.java:run(106)) - 2e6edd61-a3cd-4fc6-8ced-1e6b5c08eab5:group-CDCEBF04B733 changes to CANDIDATE, lastRpcTime:5172, electionTimeout:5171ms
2019-09-04 12:57:58,643 [Thread-258] INFO  impl.RoleInfo (RoleInfo.java:shutdownFollowerState(121)) - 2e6edd61-a3cd-4fc6-8ced-1e6b5c08eab5: shutdown FollowerState
2019-09-04 12:57:58,643 [Thread-258] INFO  impl.RaftServerImpl (RaftServerImpl.java:setRole(171)) - 2e6edd61-a3cd-4fc6-8ced-1e6b5c08eab5:group-CDCEBF04B733 changes role from FOLLOWER to CANDIDATE at term 0 for changeToCandidate
2019-09-04 12:57:58,644 [Thread-258] INFO  impl.RoleInfo (RoleInfo.java:updateAndGet(143)) - 2e6edd61-a3cd-4fc6-8ced-1e6b5c08eab5: start LeaderElection
2019-09-04 12:57:58,652 [grpc-default-executor-3] INFO  impl.RaftServerImpl (RaftServerImpl.java:setRole(171)) - 41b70c7e-0a9b-42f1-bdd5-b75d7be68999:group-6DE7507FE9B5 changes role from FOLLOWER to FOLLOWER at term 1 for recognizeCandidate:0b7b5e0e-aa68-4a1e-b481-ada831baaf89
2019-09-04 12:57:58,654 [grpc-default-executor-3] INFO  impl.RoleInfo (RoleInfo.java:shutdownFollowerState(121)) - 41b70c7e-0a9b-42f1-bdd5-b75d7be68999: shutdown FollowerState
2019-09-04 12:57:58,656 [grpc-default-executor-3] INFO  impl.RoleInfo (RoleInfo.java:updateAndGet(143)) - 41b70c7e-0a9b-42f1-bdd5-b75d7be68999: start FollowerState
2019-09-04 12:57:58,656 [Thread-263] INFO  impl.FollowerState (FollowerState.java:run(114)) - 41b70c7e-0a9b-42f1-bdd5-b75d7be68999: FollowerState was interrupted: java.lang.InterruptedException: sleep interrupted
2019-09-04 12:57:58,670 [2e6edd61-a3cd-4fc6-8ced-1e6b5c08eab5:group-CDCEBF04B733:LeaderElection9] INFO  impl.LeaderElection (LeaderElection.java:askForVotes(181)) - 2e6edd61-a3cd-4fc6-8ced-1e6b5c08eab5:group-CDCEBF04B733:LeaderElection9: begin an election at term 1 for -1: [2e6edd61-a3cd-4fc6-8ced-1e6b5c08eab5:192.168.34.40:45365], old=null
2019-09-04 12:57:58,670 [2e6edd61-a3cd-4fc6-8ced-1e6b5c08eab5:group-CDCEBF04B733:LeaderElection9] INFO  impl.RoleInfo (RoleInfo.java:shutdownLeaderElection(134)) - 2e6edd61-a3cd-4fc6-8ced-1e6b5c08eab5: shutdown LeaderElection
2019-09-04 12:57:58,670 [2e6edd61-a3cd-4fc6-8ced-1e6b5c08eab5:group-CDCEBF04B733:LeaderElection9] INFO  impl.RaftServerImpl (RaftServerImpl.java:setRole(171)) - 2e6edd61-a3cd-4fc6-8ced-1e6b5c08eab5:group-CDCEBF04B733 changes role from CANDIDATE to LEADER at term 1 for changeToLeader
2019-09-04 12:57:58,670 [2e6edd61-a3cd-4fc6-8ced-1e6b5c08eab5:group-CDCEBF04B733:LeaderElection9] INFO  impl.RaftServerImpl (ServerState.java:setLeader(263)) - 2e6edd61-a3cd-4fc6-8ced-1e6b5c08eab5:group-CDCEBF04B733 change Leader from null to 2e6edd61-a3cd-4fc6-8ced-1e6b5c08eab5 at term 1 for becomeLeader, leader elected after 5203ms
2019-09-04 12:57:58,672 [2e6edd61-a3cd-4fc6-8ced-1e6b5c08eab5:group-CDCEBF04B733:LeaderElection9] INFO  server.RaftServerConfigKeys (ConfUtils.java:logGet(43)) - raft.server.staging.catchup.gap = 1000 (default)
2019-09-04 12:57:58,672 [2e6edd61-a3cd-4fc6-8ced-1e6b5c08eab5:group-CDCEBF04B733:LeaderElection9] INFO  server.RaftServerConfigKeys (ConfUtils.java:logGet(43)) - raft.server.rpc.sleep.time = 25ms (default)
2019-09-04 12:57:58,678 [2e6edd61-a3cd-4fc6-8ced-1e6b5c08eab5:group-CDCEBF04B733:LeaderElection9] INFO  server.RaftServerConfigKeys (ConfUtils.java:logGet(43)) - raft.server.write.element-limit = 4096 (default)
2019-09-04 12:57:58,678 [2e6edd61-a3cd-4fc6-8ced-1e6b5c08eab5:group-CDCEBF04B733:LeaderElection9] INFO  server.RaftServerConfigKeys (ConfUtils.java:logGet(43)) - raft.server.watch.timeout = 10s (default)
2019-09-04 12:57:58,678 [2e6edd61-a3cd-4fc6-8ced-1e6b5c08eab5:group-CDCEBF04B733:LeaderElection9] INFO  server.RaftServerConfigKeys (ConfUtils.java:logGet(43)) - raft.server.watch.timeout.denomination = 1s (default)
2019-09-04 12:57:58,678 [2e6edd61-a3cd-4fc6-8ced-1e6b5c08eab5:group-CDCEBF04B733:LeaderElection9] INFO  server.RaftServerConfigKeys (ConfUtils.java:logGet(43)) - raft.server.watch.element-limit = 65536 (default)
2019-09-04 12:57:58,679 [2e6edd61-a3cd-4fc6-8ced-1e6b5c08eab5:group-CDCEBF04B733:LeaderElection9] INFO  impl.RoleInfo (RoleInfo.java:updateAndGet(143)) - 2e6edd61-a3cd-4fc6-8ced-1e6b5c08eab5: start LeaderState
2019-09-04 12:57:58,679 [2e6edd61-a3cd-4fc6-8ced-1e6b5c08eab5:group-CDCEBF04B733:LeaderElection9] INFO  segmented.SegmentedRaftLogWorker (SegmentedRaftLogWorker.java:startLogSegment(380)) - 2e6edd61-a3cd-4fc6-8ced-1e6b5c08eab5-SegmentedRaftLogWorker:Storage Directory /workdir/hadoop-ozone/integration-test/target/test-dir/MiniOzoneClusterImpl-ea0c9936-27f2-41d8-a3b5-aa3c9248b619/datanode-3/data/ratis/5e36570b-2ec4-43c7-b730-cdcebf04b733: Starting segment from index:0
2019-09-04 12:57:58,679 [2e6edd61-a3cd-4fc6-8ced-1e6b5c08eab5:group-CDCEBF04B733:LeaderElection9] INFO  impl.RaftServerImpl (ServerState.java:setRaftConf(361)) - 2e6edd61-a3cd-4fc6-8ced-1e6b5c08eab5:group-CDCEBF04B733 set configuration 0: [2e6edd61-a3cd-4fc6-8ced-1e6b5c08eab5:192.168.34.40:45365], old=null at 0
2019-09-04 12:57:58,714 [Thread-274] INFO  impl.FollowerState (FollowerState.java:run(106)) - c961c69f-9eae-4d72-9c2a-0156ee378652:group-262F9AE7B615 changes to CANDIDATE, lastRpcTime:5031, electionTimeout:5024ms
2019-09-04 12:57:58,714 [Thread-274] INFO  impl.RoleInfo (RoleInfo.java:shutdownFollowerState(121)) - c961c69f-9eae-4d72-9c2a-0156ee378652: shutdown FollowerState
2019-09-04 12:57:58,715 [Thread-274] INFO  impl.RaftServerImpl (RaftServerImpl.java:setRole(171)) - c961c69f-9eae-4d72-9c2a-0156ee378652:group-262F9AE7B615 changes role from FOLLOWER to CANDIDATE at term 0 for changeToCandidate
2019-09-04 12:57:58,715 [Thread-274] INFO  impl.RoleInfo (RoleInfo.java:updateAndGet(143)) - c961c69f-9eae-4d72-9c2a-0156ee378652: start LeaderElection
2019-09-04 12:57:58,720 [6cbd16fb-409a-4203-ae13-b6936b2a9753:group-6DE7507FE9B5:LeaderElection8] INFO  impl.LeaderElection (LeaderElection.java:logAndReturn(56)) - 6cbd16fb-409a-4203-ae13-b6936b2a9753:group-6DE7507FE9B5:LeaderElection8: Election REJECTED; received 2 response(s) [6cbd16fb-409a-4203-ae13-b6936b2a9753<-41b70c7e-0a9b-42f1-bdd5-b75d7be68999#0:FAIL-t1, 6cbd16fb-409a-4203-ae13-b6936b2a9753<-0b7b5e0e-aa68-4a1e-b481-ada831baaf89#0:FAIL-t1] and 0 exception(s); 6cbd16fb-409a-4203-ae13-b6936b2a9753:t1, leader=null, voted=6cbd16fb-409a-4203-ae13-b6936b2a9753, raftlog=6cbd16fb-409a-4203-ae13-b6936b2a9753-SegmentedRaftLog:OPENED:c-1,f-1,i0, conf=-1: [6cbd16fb-409a-4203-ae13-b6936b2a9753:192.168.34.40:42358, 41b70c7e-0a9b-42f1-bdd5-b75d7be68999:192.168.34.40:44764, 0b7b5e0e-aa68-4a1e-b481-ada831baaf89:192.168.34.40:41108], old=null
2019-09-04 12:57:58,720 [0b7b5e0e-aa68-4a1e-b481-ada831baaf89:group-6DE7507FE9B5:LeaderElection7] INFO  impl.LeaderElection (LeaderElection.java:logAndReturn(56)) - 0b7b5e0e-aa68-4a1e-b481-ada831baaf89:group-6DE7507FE9B5:LeaderElection7: Election PASSED; received 2 response(s) [0b7b5e0e-aa68-4a1e-b481-ada831baaf89<-6cbd16fb-409a-4203-ae13-b6936b2a9753#0:FAIL-t1, 0b7b5e0e-aa68-4a1e-b481-ada831baaf89<-41b70c7e-0a9b-42f1-bdd5-b75d7be68999#0:OK-t1] and 0 exception(s); 0b7b5e0e-aa68-4a1e-b481-ada831baaf89:t1, leader=null, voted=0b7b5e0e-aa68-4a1e-b481-ada831baaf89, raftlog=0b7b5e0e-aa68-4a1e-b481-ada831baaf89-SegmentedRaftLog:OPENED:c-1,f-1,i0, conf=-1: [6cbd16fb-409a-4203-ae13-b6936b2a9753:192.168.34.40:42358, 41b70c7e-0a9b-42f1-bdd5-b75d7be68999:192.168.34.40:44764, 0b7b5e0e-aa68-4a1e-b481-ada831baaf89:192.168.34.40:41108], old=null
2019-09-04 12:57:58,721 [6cbd16fb-409a-4203-ae13-b6936b2a9753:group-6DE7507FE9B5:LeaderElection8] INFO  impl.RaftServerImpl (RaftServerImpl.java:setRole(171)) - 6cbd16fb-409a-4203-ae13-b6936b2a9753:group-6DE7507FE9B5 changes role from CANDIDATE to FOLLOWER at term 1 for DISCOVERED_A_NEW_TERM
2019-09-04 12:57:58,722 [0b7b5e0e-aa68-4a1e-b481-ada831baaf89:group-6DE7507FE9B5:LeaderElection7] INFO  impl.RoleInfo (RoleInfo.java:shutdownLeaderElection(134)) - 0b7b5e0e-aa68-4a1e-b481-ada831baaf89: shutdown LeaderElection
2019-09-04 12:57:58,722 [6cbd16fb-409a-4203-ae13-b6936b2a9753:group-6DE7507FE9B5:LeaderElection8] INFO  impl.RoleInfo (RoleInfo.java:shutdownLeaderElection(134)) - 6cbd16fb-409a-4203-ae13-b6936b2a9753: shutdown LeaderElection
2019-09-04 12:57:58,723 [0b7b5e0e-aa68-4a1e-b481-ada831baaf89:group-6DE7507FE9B5:LeaderElection7] INFO  impl.RaftServerImpl (RaftServerImpl.java:setRole(171)) - 0b7b5e0e-aa68-4a1e-b481-ada831baaf89:group-6DE7507FE9B5 changes role from CANDIDATE to LEADER at term 1 for changeToLeader
2019-09-04 12:57:58,728 [2e6edd61-a3cd-4fc6-8ced-1e6b5c08eab5-SegmentedRaftLogWorker:Storage Directory /workdir/hadoop-ozone/integration-test/target/test-dir/MiniOzoneClusterImpl-ea0c9936-27f2-41d8-a3b5-aa3c9248b619/datanode-3/data/ratis/5e36570b-2ec4-43c7-b730-cdcebf04b733] INFO  segmented.SegmentedRaftLogWorker (SegmentedRaftLogWorker.java:execute(569)) - 2e6edd61-a3cd-4fc6-8ced-1e6b5c08eab5-SegmentedRaftLogWorker:Storage Directory /workdir/hadoop-ozone/integration-test/target/test-dir/MiniOzoneClusterImpl-ea0c9936-27f2-41d8-a3b5-aa3c9248b619/datanode-3/data/ratis/5e36570b-2ec4-43c7-b730-cdcebf04b733: created new log segment /workdir/hadoop-ozone/integration-test/target/test-dir/MiniOzoneClusterImpl-ea0c9936-27f2-41d8-a3b5-aa3c9248b619/datanode-3/data/ratis/5e36570b-2ec4-43c7-b730-cdcebf04b733/current/log_inprogress_0
2019-09-04 12:57:58,728 [c961c69f-9eae-4d72-9c2a-0156ee378652:group-262F9AE7B615:LeaderElection10] INFO  impl.LeaderElection (LeaderElection.java:askForVotes(181)) - c961c69f-9eae-4d72-9c2a-0156ee378652:group-262F9AE7B615:LeaderElection10: begin an election at term 1 for -1: [a406e7a3-25da-4471-b260-f46b81080cf7:192.168.34.40:44207, 0a6371c7-e9de-42bd-a046-6f0feeb71a95:192.168.34.40:42776, c961c69f-9eae-4d72-9c2a-0156ee378652:192.168.34.40:37448], old=null
2019-09-04 12:57:58,728 [6cbd16fb-409a-4203-ae13-b6936b2a9753:group-6DE7507FE9B5:LeaderElection8] INFO  impl.RoleInfo (RoleInfo.java:updateAndGet(143)) - 6cbd16fb-409a-4203-ae13-b6936b2a9753: start FollowerState
2019-09-04 12:57:58,728 [0b7b5e0e-aa68-4a1e-b481-ada831baaf89:group-6DE7507FE9B5:LeaderElection7] INFO  impl.RaftServerImpl (ServerState.java:setLeader(263)) - 0b7b5e0e-aa68-4a1e-b481-ada831baaf89:group-6DE7507FE9B5 change Leader from null to 0b7b5e0e-aa68-4a1e-b481-ada831baaf89 at term 1 for becomeLeader, leader elected after 5157ms
2019-09-04 12:57:58,730 [Thread-275] INFO  impl.FollowerState (FollowerState.java:run(106)) - 0a6371c7-e9de-42bd-a046-6f0feeb71a95:group-262F9AE7B615 changes to CANDIDATE, lastRpcTime:5046, electionTimeout:5044ms
2019-09-04 12:57:58,730 [0b7b5e0e-aa68-4a1e-b481-ada831baaf89:group-6DE7507FE9B5:LeaderElection7] INFO  server.RaftServerConfigKeys (ConfUtils.java:logGet(43)) - raft.server.staging.catchup.gap = 1000 (default)
2019-09-04 12:57:58,730 [Thread-275] INFO  impl.RoleInfo (RoleInfo.java:shutdownFollowerState(121)) - 0a6371c7-e9de-42bd-a046-6f0feeb71a95: shutdown FollowerState
2019-09-04 12:57:58,731 [0b7b5e0e-aa68-4a1e-b481-ada831baaf89:group-6DE7507FE9B5:LeaderElection7] INFO  server.RaftServerConfigKeys (ConfUtils.java:logGet(43)) - raft.server.rpc.sleep.time = 25ms (default)
2019-09-04 12:57:58,732 [Thread-275] INFO  impl.RaftServerImpl (RaftServerImpl.java:setRole(171)) - 0a6371c7-e9de-42bd-a046-6f0feeb71a95:group-262F9AE7B615 changes role from FOLLOWER to CANDIDATE at term 0 for changeToCandidate
2019-09-04 12:57:58,732 [0b7b5e0e-aa68-4a1e-b481-ada831baaf89:group-6DE7507FE9B5:LeaderElection7] INFO  server.RaftServerConfigKeys (ConfUtils.java:logGet(43)) - raft.server.write.element-limit = 4096 (default)
2019-09-04 12:57:58,732 [Thread-275] INFO  impl.RoleInfo (RoleInfo.java:updateAndGet(143)) - 0a6371c7-e9de-42bd-a046-6f0feeb71a95: start LeaderElection
2019-09-04 12:57:58,732 [0b7b5e0e-aa68-4a1e-b481-ada831baaf89:group-6DE7507FE9B5:LeaderElection7] INFO  server.RaftServerConfigKeys (ConfUtils.java:logGet(43)) - raft.server.watch.timeout = 10s (default)
2019-09-04 12:57:58,740 [0b7b5e0e-aa68-4a1e-b481-ada831baaf89:group-6DE7507FE9B5:LeaderElection7] INFO  server.RaftServerConfigKeys (ConfUtils.java:logGet(43)) - raft.server.watch.timeout.denomination = 1s (default)
2019-09-04 12:57:58,740 [0b7b5e0e-aa68-4a1e-b481-ada831baaf89:group-6DE7507FE9B5:LeaderElection7] INFO  server.RaftServerConfigKeys (ConfUtils.java:logGet(43)) - raft.server.watch.element-limit = 65536 (default)
2019-09-04 12:57:58,743 [0b7b5e0e-aa68-4a1e-b481-ada831baaf89:group-6DE7507FE9B5:LeaderElection7] INFO  server.RaftServerConfigKeys (ConfUtils.java:logGet(43)) - raft.server.log.appender.snapshot.chunk.size.max = 16MB (=16777216) (default)
2019-09-04 12:57:58,743 [0a6371c7-e9de-42bd-a046-6f0feeb71a95:group-262F9AE7B615:LeaderElection11] INFO  impl.LeaderElection (LeaderElection.java:askForVotes(181)) - 0a6371c7-e9de-42bd-a046-6f0feeb71a95:group-262F9AE7B615:LeaderElection11: begin an election at term 1 for -1: [a406e7a3-25da-4471-b260-f46b81080cf7:192.168.34.40:44207, 0a6371c7-e9de-42bd-a046-6f0feeb71a95:192.168.34.40:42776, c961c69f-9eae-4d72-9c2a-0156ee378652:192.168.34.40:37448], old=null
2019-09-04 12:57:58,743 [0b7b5e0e-aa68-4a1e-b481-ada831baaf89:group-6DE7507FE9B5:LeaderElection7] INFO  server.RaftServerConfigKeys (ConfUtils.java:logGet(43)) - raft.server.log.appender.buffer.byte-limit = 33554432 (custom)
2019-09-04 12:57:58,743 [0b7b5e0e-aa68-4a1e-b481-ada831baaf89:group-6DE7507FE9B5:LeaderElection7] INFO  server.RaftServerConfigKeys (ConfUtils.java:logGet(43)) - raft.server.log.appender.buffer.element-limit = 1 (custom)
2019-09-04 12:57:58,762 [Thread-270] INFO  impl.FollowerState (FollowerState.java:run(106)) - a406e7a3-25da-4471-b260-f46b81080cf7:group-262F9AE7B615 changes to CANDIDATE, lastRpcTime:5081, electionTimeout:5071ms
2019-09-04 12:57:58,762 [Thread-270] INFO  impl.RoleInfo (RoleInfo.java:shutdownFollowerState(121)) - a406e7a3-25da-4471-b260-f46b81080cf7: shutdown FollowerState
2019-09-04 12:57:58,762 [Thread-270] INFO  impl.RaftServerImpl (RaftServerImpl.java:setRole(171)) - a406e7a3-25da-4471-b260-f46b81080cf7:group-262F9AE7B615 changes role from FOLLOWER to CANDIDATE at term 0 for changeToCandidate
2019-09-04 12:57:58,768 [Thread-270] INFO  impl.RoleInfo (RoleInfo.java:updateAndGet(143)) - a406e7a3-25da-4471-b260-f46b81080cf7: start LeaderElection
2019-09-04 12:57:58,777 [0b7b5e0e-aa68-4a1e-b481-ada831baaf89:group-6DE7507FE9B5:LeaderElection7] INFO  grpc.GrpcConfigKeys$Server (ConfUtils.java:logGet(43)) - raft.grpc.server.leader.outstanding.appends.max = 128 (default)
2019-09-04 12:57:58,777 [0b7b5e0e-aa68-4a1e-b481-ada831baaf89:group-6DE7507FE9B5:LeaderElection7] INFO  server.RaftServerConfigKeys (ConfUtils.java:logGet(43)) - raft.server.rpc.request.timeout = 3000ms (default)
2019-09-04 12:57:58,777 [0b7b5e0e-aa68-4a1e-b481-ada831baaf89:group-6DE7507FE9B5:LeaderElection7] INFO  server.RaftServerConfigKeys (ConfUtils.java:logGet(43)) - raft.server.log.appender.install.snapshot.enabled = false (custom)
2019-09-04 12:57:58,777 [0b7b5e0e-aa68-4a1e-b481-ada831baaf89:group-6DE7507FE9B5:LeaderElection7] INFO  server.RaftServerConfigKeys (ConfUtils.java:logGet(43)) - raft.server.log.appender.snapshot.chunk.size.max = 16MB (=16777216) (default)
2019-09-04 12:57:58,778 [0b7b5e0e-aa68-4a1e-b481-ada831baaf89:group-6DE7507FE9B5:LeaderElection7] INFO  server.RaftServerConfigKeys (ConfUtils.java:logGet(43)) - raft.server.log.appender.buffer.byte-limit = 33554432 (custom)
2019-09-04 12:57:58,778 [0b7b5e0e-aa68-4a1e-b481-ada831baaf89:group-6DE7507FE9B5:LeaderElection7] INFO  server.RaftServerConfigKeys (ConfUtils.java:logGet(43)) - raft.server.log.appender.buffer.element-limit = 1 (custom)
2019-09-04 12:57:58,781 [0b7b5e0e-aa68-4a1e-b481-ada831baaf89:group-6DE7507FE9B5:LeaderElection7] INFO  grpc.GrpcConfigKeys$Server (ConfUtils.java:logGet(43)) - raft.grpc.server.leader.outstanding.appends.max = 128 (default)
2019-09-04 12:57:58,781 [0b7b5e0e-aa68-4a1e-b481-ada831baaf89:group-6DE7507FE9B5:LeaderElection7] INFO  server.RaftServerConfigKeys (ConfUtils.java:logGet(43)) - raft.server.rpc.request.timeout = 3000ms (default)
2019-09-04 12:57:58,781 [0b7b5e0e-aa68-4a1e-b481-ada831baaf89:group-6DE7507FE9B5:LeaderElection7] INFO  server.RaftServerConfigKeys (ConfUtils.java:logGet(43)) - raft.server.log.appender.install.snapshot.enabled = false (custom)
2019-09-04 12:57:58,785 [0b7b5e0e-aa68-4a1e-b481-ada831baaf89:group-6DE7507FE9B5:LeaderElection7] INFO  impl.RoleInfo (RoleInfo.java:updateAndGet(143)) - 0b7b5e0e-aa68-4a1e-b481-ada831baaf89: start LeaderState
2019-09-04 12:57:58,785 [0b7b5e0e-aa68-4a1e-b481-ada831baaf89:group-6DE7507FE9B5:LeaderElection7] INFO  segmented.SegmentedRaftLogWorker (SegmentedRaftLogWorker.java:startLogSegment(380)) - 0b7b5e0e-aa68-4a1e-b481-ada831baaf89-SegmentedRaftLogWorker:Storage Directory /workdir/hadoop-ozone/integration-test/target/test-dir/MiniOzoneClusterImpl-ea0c9936-27f2-41d8-a3b5-aa3c9248b619/datanode-6/data/ratis/ecc10bd4-7cb9-4a06-b907-6de7507fe9b5: Starting segment from index:0
2019-09-04 12:57:58,785 [a406e7a3-25da-4471-b260-f46b81080cf7:group-262F9AE7B615:LeaderElection12] INFO  impl.LeaderElection (LeaderElection.java:askForVotes(181)) - a406e7a3-25da-4471-b260-f46b81080cf7:group-262F9AE7B615:LeaderElection12: begin an election at term 1 for -1: [a406e7a3-25da-4471-b260-f46b81080cf7:192.168.34.40:44207, 0a6371c7-e9de-42bd-a046-6f0feeb71a95:192.168.34.40:42776, c961c69f-9eae-4d72-9c2a-0156ee378652:192.168.34.40:37448], old=null
2019-09-04 12:57:58,786 [0b7b5e0e-aa68-4a1e-b481-ada831baaf89:group-6DE7507FE9B5:LeaderElection7] INFO  impl.RaftServerImpl (ServerState.java:setRaftConf(361)) - 0b7b5e0e-aa68-4a1e-b481-ada831baaf89:group-6DE7507FE9B5 set configuration 0: [6cbd16fb-409a-4203-ae13-b6936b2a9753:192.168.34.40:42358, 41b70c7e-0a9b-42f1-bdd5-b75d7be68999:192.168.34.40:44764, 0b7b5e0e-aa68-4a1e-b481-ada831baaf89:192.168.34.40:41108], old=null at 0
2019-09-04 12:57:58,829 [c961c69f-9eae-4d72-9c2a-0156ee378652:group-262F9AE7B615:LeaderElection10] INFO  impl.LeaderElection (LeaderElection.java:logAndReturn(56)) - c961c69f-9eae-4d72-9c2a-0156ee378652:group-262F9AE7B615:LeaderElection10: Election REJECTED; received 2 response(s) [c961c69f-9eae-4d72-9c2a-0156ee378652<-0a6371c7-e9de-42bd-a046-6f0feeb71a95#0:FAIL-t1, c961c69f-9eae-4d72-9c2a-0156ee378652<-a406e7a3-25da-4471-b260-f46b81080cf7#0:FAIL-t1] and 0 exception(s); c961c69f-9eae-4d72-9c2a-0156ee378652:t1, leader=null, voted=c961c69f-9eae-4d72-9c2a-0156ee378652, raftlog=c961c69f-9eae-4d72-9c2a-0156ee378652-SegmentedRaftLog:OPENED:c-1,f-1,i0, conf=-1: [a406e7a3-25da-4471-b260-f46b81080cf7:192.168.34.40:44207, 0a6371c7-e9de-42bd-a046-6f0feeb71a95:192.168.34.40:42776, c961c69f-9eae-4d72-9c2a-0156ee378652:192.168.34.40:37448], old=null
2019-09-04 12:57:58,829 [c961c69f-9eae-4d72-9c2a-0156ee378652:group-262F9AE7B615:LeaderElection10] INFO  impl.RaftServerImpl (RaftServerImpl.java:setRole(171)) - c961c69f-9eae-4d72-9c2a-0156ee378652:group-262F9AE7B615 changes role from CANDIDATE to FOLLOWER at term 1 for DISCOVERED_A_NEW_TERM
2019-09-04 12:57:58,833 [c961c69f-9eae-4d72-9c2a-0156ee378652:group-262F9AE7B615:LeaderElection10] INFO  impl.RoleInfo (RoleInfo.java:shutdownLeaderElection(134)) - c961c69f-9eae-4d72-9c2a-0156ee378652: shutdown LeaderElection
2019-09-04 12:57:58,833 [c961c69f-9eae-4d72-9c2a-0156ee378652:group-262F9AE7B615:LeaderElection10] INFO  impl.RoleInfo (RoleInfo.java:updateAndGet(143)) - c961c69f-9eae-4d72-9c2a-0156ee378652: start FollowerState
2019-09-04 12:57:58,835 [0b7b5e0e-aa68-4a1e-b481-ada831baaf89-SegmentedRaftLogWorker:Storage Directory /workdir/hadoop-ozone/integration-test/target/test-dir/MiniOzoneClusterImpl-ea0c9936-27f2-41d8-a3b5-aa3c9248b619/datanode-6/data/ratis/ecc10bd4-7cb9-4a06-b907-6de7507fe9b5] INFO  segmented.SegmentedRaftLogWorker (SegmentedRaftLogWorker.java:execute(569)) - 0b7b5e0e-aa68-4a1e-b481-ada831baaf89-SegmentedRaftLogWorker:Storage Directory /workdir/hadoop-ozone/integration-test/target/test-dir/MiniOzoneClusterImpl-ea0c9936-27f2-41d8-a3b5-aa3c9248b619/datanode-6/data/ratis/ecc10bd4-7cb9-4a06-b907-6de7507fe9b5: created new log segment /workdir/hadoop-ozone/integration-test/target/test-dir/MiniOzoneClusterImpl-ea0c9936-27f2-41d8-a3b5-aa3c9248b619/datanode-6/data/ratis/ecc10bd4-7cb9-4a06-b907-6de7507fe9b5/current/log_inprogress_0
2019-09-04 12:57:58,839 [0a6371c7-e9de-42bd-a046-6f0feeb71a95:group-262F9AE7B615:LeaderElection11] INFO  impl.LeaderElection (LeaderElection.java:logAndReturn(56)) - 0a6371c7-e9de-42bd-a046-6f0feeb71a95:group-262F9AE7B615:LeaderElection11: Election REJECTED; received 2 response(s) [0a6371c7-e9de-42bd-a046-6f0feeb71a95<-a406e7a3-25da-4471-b260-f46b81080cf7#0:FAIL-t1, 0a6371c7-e9de-42bd-a046-6f0feeb71a95<-c961c69f-9eae-4d72-9c2a-0156ee378652#0:FAIL-t1] and 0 exception(s); 0a6371c7-e9de-42bd-a046-6f0feeb71a95:t1, leader=null, voted=0a6371c7-e9de-42bd-a046-6f0feeb71a95, raftlog=0a6371c7-e9de-42bd-a046-6f0feeb71a95-SegmentedRaftLog:OPENED:c-1,f-1,i0, conf=-1: [a406e7a3-25da-4471-b260-f46b81080cf7:192.168.34.40:44207, 0a6371c7-e9de-42bd-a046-6f0feeb71a95:192.168.34.40:42776, c961c69f-9eae-4d72-9c2a-0156ee378652:192.168.34.40:37448], old=null
2019-09-04 12:57:58,839 [0a6371c7-e9de-42bd-a046-6f0feeb71a95:group-262F9AE7B615:LeaderElection11] INFO  impl.RaftServerImpl (RaftServerImpl.java:setRole(171)) - 0a6371c7-e9de-42bd-a046-6f0feeb71a95:group-262F9AE7B615 changes role from CANDIDATE to FOLLOWER at term 1 for DISCOVERED_A_NEW_TERM
2019-09-04 12:57:58,841 [0a6371c7-e9de-42bd-a046-6f0feeb71a95:group-262F9AE7B615:LeaderElection11] INFO  impl.RoleInfo (RoleInfo.java:shutdownLeaderElection(134)) - 0a6371c7-e9de-42bd-a046-6f0feeb71a95: shutdown LeaderElection
2019-09-04 12:57:58,846 [0a6371c7-e9de-42bd-a046-6f0feeb71a95:group-262F9AE7B615:LeaderElection11] INFO  impl.RoleInfo (RoleInfo.java:updateAndGet(143)) - 0a6371c7-e9de-42bd-a046-6f0feeb71a95: start FollowerState
2019-09-04 12:57:58,864 [a406e7a3-25da-4471-b260-f46b81080cf7:group-262F9AE7B615:LeaderElection12] INFO  impl.LeaderElection (LeaderElection.java:logAndReturn(56)) - a406e7a3-25da-4471-b260-f46b81080cf7:group-262F9AE7B615:LeaderElection12: Election REJECTED; received 2 response(s) [a406e7a3-25da-4471-b260-f46b81080cf7<-0a6371c7-e9de-42bd-a046-6f0feeb71a95#0:FAIL-t1, a406e7a3-25da-4471-b260-f46b81080cf7<-c961c69f-9eae-4d72-9c2a-0156ee378652#0:FAIL-t1] and 0 exception(s); a406e7a3-25da-4471-b260-f46b81080cf7:t1, leader=null, voted=a406e7a3-25da-4471-b260-f46b81080cf7, raftlog=a406e7a3-25da-4471-b260-f46b81080cf7-SegmentedRaftLog:OPENED:c-1,f-1,i0, conf=-1: [a406e7a3-25da-4471-b260-f46b81080cf7:192.168.34.40:44207, 0a6371c7-e9de-42bd-a046-6f0feeb71a95:192.168.34.40:42776, c961c69f-9eae-4d72-9c2a-0156ee378652:192.168.34.40:37448], old=null
2019-09-04 12:57:58,865 [a406e7a3-25da-4471-b260-f46b81080cf7:group-262F9AE7B615:LeaderElection12] INFO  impl.RaftServerImpl (RaftServerImpl.java:setRole(171)) - a406e7a3-25da-4471-b260-f46b81080cf7:group-262F9AE7B615 changes role from CANDIDATE to FOLLOWER at term 1 for DISCOVERED_A_NEW_TERM
2019-09-04 12:57:58,874 [a406e7a3-25da-4471-b260-f46b81080cf7:group-262F9AE7B615:LeaderElection12] INFO  impl.RoleInfo (RoleInfo.java:shutdownLeaderElection(134)) - a406e7a3-25da-4471-b260-f46b81080cf7: shutdown LeaderElection
2019-09-04 12:57:58,874 [a406e7a3-25da-4471-b260-f46b81080cf7:group-262F9AE7B615:LeaderElection12] INFO  impl.RoleInfo (RoleInfo.java:updateAndGet(143)) - a406e7a3-25da-4471-b260-f46b81080cf7: start FollowerState
2019-09-04 12:57:58,879 [grpc-default-executor-3] INFO  impl.RaftServerImpl (ServerState.java:setLeader(263)) - 41b70c7e-0a9b-42f1-bdd5-b75d7be68999:group-6DE7507FE9B5 change Leader from null to 0b7b5e0e-aa68-4a1e-b481-ada831baaf89 at term 1 for appendEntries, leader elected after 5308ms
2019-09-04 12:57:58,879 [grpc-default-executor-0] INFO  impl.RaftServerImpl (ServerState.java:setLeader(263)) - 6cbd16fb-409a-4203-ae13-b6936b2a9753:group-6DE7507FE9B5 change Leader from null to 0b7b5e0e-aa68-4a1e-b481-ada831baaf89 at term 1 for appendEntries, leader elected after 5308ms
2019-09-04 12:57:58,910 [grpc-default-executor-3] INFO  impl.RaftServerImpl (ServerState.java:setRaftConf(361)) - 6cbd16fb-409a-4203-ae13-b6936b2a9753:group-6DE7507FE9B5 set configuration 0: [6cbd16fb-409a-4203-ae13-b6936b2a9753:192.168.34.40:42358, 41b70c7e-0a9b-42f1-bdd5-b75d7be68999:192.168.34.40:44764, 0b7b5e0e-aa68-4a1e-b481-ada831baaf89:192.168.34.40:41108], old=null at 0
2019-09-04 12:57:58,910 [grpc-default-executor-0] INFO  impl.RaftServerImpl (ServerState.java:setRaftConf(361)) - 41b70c7e-0a9b-42f1-bdd5-b75d7be68999:group-6DE7507FE9B5 set configuration 0: [6cbd16fb-409a-4203-ae13-b6936b2a9753:192.168.34.40:42358, 41b70c7e-0a9b-42f1-bdd5-b75d7be68999:192.168.34.40:44764, 0b7b5e0e-aa68-4a1e-b481-ada831baaf89:192.168.34.40:41108], old=null at 0
2019-09-04 12:57:58,910 [grpc-default-executor-3] INFO  segmented.SegmentedRaftLogWorker (SegmentedRaftLogWorker.java:startLogSegment(380)) - 6cbd16fb-409a-4203-ae13-b6936b2a9753-SegmentedRaftLogWorker:Storage Directory /workdir/hadoop-ozone/integration-test/target/test-dir/MiniOzoneClusterImpl-ea0c9936-27f2-41d8-a3b5-aa3c9248b619/datanode-4/data/ratis/ecc10bd4-7cb9-4a06-b907-6de7507fe9b5: Starting segment from index:0
2019-09-04 12:57:58,910 [grpc-default-executor-0] INFO  segmented.SegmentedRaftLogWorker (SegmentedRaftLogWorker.java:startLogSegment(380)) - 41b70c7e-0a9b-42f1-bdd5-b75d7be68999-SegmentedRaftLogWorker:Storage Directory /workdir/hadoop-ozone/integration-test/target/test-dir/MiniOzoneClusterImpl-ea0c9936-27f2-41d8-a3b5-aa3c9248b619/datanode-2/data/ratis/ecc10bd4-7cb9-4a06-b907-6de7507fe9b5: Starting segment from index:0
2019-09-04 12:57:58,949 [6cbd16fb-409a-4203-ae13-b6936b2a9753-SegmentedRaftLogWorker:Storage Directory /workdir/hadoop-ozone/integration-test/target/test-dir/MiniOzoneClusterImpl-ea0c9936-27f2-41d8-a3b5-aa3c9248b619/datanode-4/data/ratis/ecc10bd4-7cb9-4a06-b907-6de7507fe9b5] INFO  segmented.SegmentedRaftLogWorker (SegmentedRaftLogWorker.java:execute(569)) - 6cbd16fb-409a-4203-ae13-b6936b2a9753-SegmentedRaftLogWorker:Storage Directory /workdir/hadoop-ozone/integration-test/target/test-dir/MiniOzoneClusterImpl-ea0c9936-27f2-41d8-a3b5-aa3c9248b619/datanode-4/data/ratis/ecc10bd4-7cb9-4a06-b907-6de7507fe9b5: created new log segment /workdir/hadoop-ozone/integration-test/target/test-dir/MiniOzoneClusterImpl-ea0c9936-27f2-41d8-a3b5-aa3c9248b619/datanode-4/data/ratis/ecc10bd4-7cb9-4a06-b907-6de7507fe9b5/current/log_inprogress_0
2019-09-04 12:57:58,949 [41b70c7e-0a9b-42f1-bdd5-b75d7be68999-SegmentedRaftLogWorker:Storage Directory /workdir/hadoop-ozone/integration-test/target/test-dir/MiniOzoneClusterImpl-ea0c9936-27f2-41d8-a3b5-aa3c9248b619/datanode-2/data/ratis/ecc10bd4-7cb9-4a06-b907-6de7507fe9b5] INFO  segmented.SegmentedRaftLogWorker (SegmentedRaftLogWorker.java:execute(569)) - 41b70c7e-0a9b-42f1-bdd5-b75d7be68999-SegmentedRaftLogWorker:Storage Directory /workdir/hadoop-ozone/integration-test/target/test-dir/MiniOzoneClusterImpl-ea0c9936-27f2-41d8-a3b5-aa3c9248b619/datanode-2/data/ratis/ecc10bd4-7cb9-4a06-b907-6de7507fe9b5: created new log segment /workdir/hadoop-ozone/integration-test/target/test-dir/MiniOzoneClusterImpl-ea0c9936-27f2-41d8-a3b5-aa3c9248b619/datanode-2/data/ratis/ecc10bd4-7cb9-4a06-b907-6de7507fe9b5/current/log_inprogress_0
2019-09-04 12:57:58,973 [grpc-default-executor-0] INFO  client.GrpcClientProtocolClient (GrpcClientProtocolClient.java:onNext(255)) - client-7283990EAF13->6cbd16fb-409a-4203-ae13-b6936b2a9753: receive RaftClientReply:client-7283990EAF13->6cbd16fb-409a-4203-ae13-b6936b2a9753@group-6DE7507FE9B5, cid=13, FAILED org.apache.ratis.protocol.NotLeaderException: Server 6cbd16fb-409a-4203-ae13-b6936b2a9753 is not the leader (0b7b5e0e-aa68-4a1e-b481-ada831baaf89:192.168.34.40:41108). Request must be sent to leader., logIndex=0, commits[6cbd16fb-409a-4203-ae13-b6936b2a9753:c0, 41b70c7e-0a9b-42f1-bdd5-b75d7be68999:c-1, 0b7b5e0e-aa68-4a1e-b481-ada831baaf89:c0]
2019-09-04 12:57:59,288 [grpc-default-executor-2] INFO  client.GrpcClientProtocolClient (GrpcClientProtocolClient.java:onNext(255)) - client-7283990EAF13->0b7b5e0e-aa68-4a1e-b481-ada831baaf89: receive RaftClientReply:client-7283990EAF13->0b7b5e0e-aa68-4a1e-b481-ada831baaf89@group-6DE7507FE9B5, cid=13, SUCCESS, logIndex=1, commits[0b7b5e0e-aa68-4a1e-b481-ada831baaf89:c1, 6cbd16fb-409a-4203-ae13-b6936b2a9753:c0, 41b70c7e-0a9b-42f1-bdd5-b75d7be68999:c0]
2019-09-04 12:57:59,335 [grpc-default-executor-0] INFO  client.GrpcClientProtocolClient (GrpcClientProtocolClient.java:onNext(255)) - client-7283990EAF13->0b7b5e0e-aa68-4a1e-b481-ada831baaf89: receive RaftClientReply:client-7283990EAF13->0b7b5e0e-aa68-4a1e-b481-ada831baaf89@group-6DE7507FE9B5, cid=14, SUCCESS, logIndex=3, commits[0b7b5e0e-aa68-4a1e-b481-ada831baaf89:c3, 6cbd16fb-409a-4203-ae13-b6936b2a9753:c2, 41b70c7e-0a9b-42f1-bdd5-b75d7be68999:c2]
2019-09-04 12:57:59,443 [grpc-default-executor-1] INFO  client.GrpcClientProtocolClient (GrpcClientProtocolClient.java:onNext(255)) - client-7283990EAF13->0b7b5e0e-aa68-4a1e-b481-ada831baaf89: receive RaftClientReply:client-7283990EAF13->0b7b5e0e-aa68-4a1e-b481-ada831baaf89@group-6DE7507FE9B5, cid=15, SUCCESS, logIndex=4, commits[0b7b5e0e-aa68-4a1e-b481-ada831baaf89:c12, 6cbd16fb-409a-4203-ae13-b6936b2a9753:c8, 41b70c7e-0a9b-42f1-bdd5-b75d7be68999:c8]
2019-09-04 12:57:59,449 [grpc-default-executor-1] INFO  client.GrpcClientProtocolClient (GrpcClientProtocolClient.java:onNext(255)) - client-7283990EAF13->0b7b5e0e-aa68-4a1e-b481-ada831baaf89: receive RaftClientReply:client-7283990EAF13->0b7b5e0e-aa68-4a1e-b481-ada831baaf89@group-6DE7507FE9B5, cid=16, SUCCESS, logIndex=5, commits[0b7b5e0e-aa68-4a1e-b481-ada831baaf89:c12, 6cbd16fb-409a-4203-ae13-b6936b2a9753:c8, 41b70c7e-0a9b-42f1-bdd5-b75d7be68999:c8]
2019-09-04 12:57:59,450 [grpc-default-executor-1] INFO  client.GrpcClientProtocolClient (GrpcClientProtocolClient.java:onNext(255)) - client-7283990EAF13->0b7b5e0e-aa68-4a1e-b481-ada831baaf89: receive RaftClientReply:client-7283990EAF13->0b7b5e0e-aa68-4a1e-b481-ada831baaf89@group-6DE7507FE9B5, cid=17, SUCCESS, logIndex=6, commits[0b7b5e0e-aa68-4a1e-b481-ada831baaf89:c12, 6cbd16fb-409a-4203-ae13-b6936b2a9753:c8, 41b70c7e-0a9b-42f1-bdd5-b75d7be68999:c8]
2019-09-04 12:57:59,515 [grpc-default-executor-1] INFO  client.GrpcClientProtocolClient (GrpcClientProtocolClient.java:onNext(255)) - client-7283990EAF13->0b7b5e0e-aa68-4a1e-b481-ada831baaf89: receive RaftClientReply:client-7283990EAF13->0b7b5e0e-aa68-4a1e-b481-ada831baaf89@group-6DE7507FE9B5, cid=18, SUCCESS, logIndex=7, commits[0b7b5e0e-aa68-4a1e-b481-ada831baaf89:c12, 6cbd16fb-409a-4203-ae13-b6936b2a9753:c8, 41b70c7e-0a9b-42f1-bdd5-b75d7be68999:c8]
2019-09-04 12:57:59,544 [grpc-default-executor-1] INFO  client.GrpcClientProtocolClient (GrpcClientProtocolClient.java:onNext(255)) - client-7283990EAF13->0b7b5e0e-aa68-4a1e-b481-ada831baaf89: receive RaftClientReply:client-7283990EAF13->0b7b5e0e-aa68-4a1e-b481-ada831baaf89@group-6DE7507FE9B5, cid=19, SUCCESS, logIndex=13, commits[0b7b5e0e-aa68-4a1e-b481-ada831baaf89:c13, 6cbd16fb-409a-4203-ae13-b6936b2a9753:c12, 41b70c7e-0a9b-42f1-bdd5-b75d7be68999:c12]
2019-09-04 12:57:59,559 [grpc-default-executor-2] INFO  client.GrpcClientProtocolClient (GrpcClientProtocolClient.java:onNext(255)) - client-7283990EAF13->0b7b5e0e-aa68-4a1e-b481-ada831baaf89: receive RaftClientReply:client-7283990EAF13->0b7b5e0e-aa68-4a1e-b481-ada831baaf89@group-6DE7507FE9B5, cid=20, SUCCESS, logIndex=14, commits[0b7b5e0e-aa68-4a1e-b481-ada831baaf89:c14, 6cbd16fb-409a-4203-ae13-b6936b2a9753:c12, 41b70c7e-0a9b-42f1-bdd5-b75d7be68999:c12]
2019-09-04 12:58:00,571 [main] WARN  scm.XceiverClientRatis (XceiverClientRatis.java:watchForCommit(262)) - 3 way commit failed on pipeline Pipeline[ Id: ecc10bd4-7cb9-4a06-b907-6de7507fe9b5, Nodes: 41b70c7e-0a9b-42f1-bdd5-b75d7be68999{ip: 192.168.34.40, host: pr-hdds-1553-wz5m7-2465012709, networkLocation: /default-rack, certSerialId: null}6cbd16fb-409a-4203-ae13-b6936b2a9753{ip: 192.168.34.40, host: pr-hdds-1553-wz5m7-2465012709, networkLocation: /default-rack, certSerialId: null}0b7b5e0e-aa68-4a1e-b481-ada831baaf89{ip: 192.168.34.40, host: pr-hdds-1553-wz5m7-2465012709, networkLocation: /default-rack, certSerialId: null}, Type:RATIS, Factor:THREE, State:OPEN]
java.util.concurrent.TimeoutException
	at java.util.concurrent.CompletableFuture.timedGet(CompletableFuture.java:1771)
	at java.util.concurrent.CompletableFuture.get(CompletableFuture.java:1915)
	at org.apache.hadoop.hdds.scm.XceiverClientRatis.watchForCommit(XceiverClientRatis.java:259)
	at org.apache.hadoop.hdds.scm.storage.CommitWatcher.watchForCommit(CommitWatcher.java:194)
	at org.apache.hadoop.hdds.scm.storage.CommitWatcher.watchOnLastIndex(CommitWatcher.java:157)
	at org.apache.hadoop.hdds.scm.storage.BlockOutputStream.watchForCommit(BlockOutputStream.java:347)
	at org.apache.hadoop.hdds.scm.storage.BlockOutputStream.handleFlush(BlockOutputStream.java:479)
	at org.apache.hadoop.hdds.scm.storage.BlockOutputStream.flush(BlockOutputStream.java:428)
	at org.apache.hadoop.ozone.client.io.BlockOutputStreamEntry.flush(BlockOutputStreamEntry.java:136)
	at org.apache.hadoop.ozone.client.io.KeyOutputStream.handleFlushOrClose(KeyOutputStream.java:442)
	at org.apache.hadoop.ozone.client.io.KeyOutputStream.flush(KeyOutputStream.java:396)
	at org.apache.hadoop.ozone.client.io.OzoneOutputStream.flush(OzoneOutputStream.java:54)
	at org.apache.hadoop.ozone.client.rpc.TestBlockOutputStreamWithFailures.test2DatanodesFailure(TestBlockOutputStreamWithFailures.java:461)
	at sun.reflect.NativeMethodAccessorImpl.invoke0(Native Method)
	at sun.reflect.NativeMethodAccessorImpl.invoke(NativeMethodAccessorImpl.java:62)
	at sun.reflect.DelegatingMethodAccessorImpl.invoke(DelegatingMethodAccessorImpl.java:43)
	at java.lang.reflect.Method.invoke(Method.java:498)
	at org.junit.runners.model.FrameworkMethod$1.runReflectiveCall(FrameworkMethod.java:47)
	at org.junit.internal.runners.model.ReflectiveCallable.run(ReflectiveCallable.java:12)
	at org.junit.runners.model.FrameworkMethod.invokeExplosively(FrameworkMethod.java:44)
	at org.junit.internal.runners.statements.InvokeMethod.evaluate(InvokeMethod.java:17)
	at org.junit.internal.runners.statements.RunBefores.evaluate(RunBefores.java:26)
	at org.junit.internal.runners.statements.RunAfters.evaluate(RunAfters.java:27)
	at org.junit.runners.ParentRunner.runLeaf(ParentRunner.java:271)
	at org.junit.runners.BlockJUnit4ClassRunner.runChild(BlockJUnit4ClassRunner.java:70)
	at org.junit.runners.BlockJUnit4ClassRunner.runChild(BlockJUnit4ClassRunner.java:50)
	at org.junit.runners.ParentRunner$3.run(ParentRunner.java:238)
	at org.junit.runners.ParentRunner$1.schedule(ParentRunner.java:63)
	at org.junit.runners.ParentRunner.runChildren(ParentRunner.java:236)
	at org.junit.runners.ParentRunner.access$000(ParentRunner.java:53)
	at org.junit.runners.ParentRunner$2.evaluate(ParentRunner.java:229)
	at org.junit.runners.ParentRunner.run(ParentRunner.java:309)
	at org.apache.maven.surefire.junit4.JUnit4Provider.execute(JUnit4Provider.java:365)
	at org.apache.maven.surefire.junit4.JUnit4Provider.executeWithRerun(JUnit4Provider.java:273)
	at org.apache.maven.surefire.junit4.JUnit4Provider.executeTestSet(JUnit4Provider.java:238)
	at org.apache.maven.surefire.junit4.JUnit4Provider.invoke(JUnit4Provider.java:159)
	at org.apache.maven.surefire.booter.ForkedBooter.invokeProviderInSameClassLoader(ForkedBooter.java:384)
	at org.apache.maven.surefire.booter.ForkedBooter.runSuitesInProcess(ForkedBooter.java:345)
	at org.apache.maven.surefire.booter.ForkedBooter.execute(ForkedBooter.java:126)
	at org.apache.maven.surefire.booter.ForkedBooter.main(ForkedBooter.java:418)
2019-09-04 12:58:01,574 [main] WARN  storage.CommitWatcher (CommitWatcher.java:watchForCommit(203)) - watchForCommit failed for index 14
java.util.concurrent.TimeoutException
	at java.util.concurrent.CompletableFuture.timedGet(CompletableFuture.java:1771)
	at java.util.concurrent.CompletableFuture.get(CompletableFuture.java:1915)
	at org.apache.hadoop.hdds.scm.XceiverClientRatis.watchForCommit(XceiverClientRatis.java:268)
	at org.apache.hadoop.hdds.scm.storage.CommitWatcher.watchForCommit(CommitWatcher.java:194)
	at org.apache.hadoop.hdds.scm.storage.CommitWatcher.watchOnLastIndex(CommitWatcher.java:157)
	at org.apache.hadoop.hdds.scm.storage.BlockOutputStream.watchForCommit(BlockOutputStream.java:347)
	at org.apache.hadoop.hdds.scm.storage.BlockOutputStream.handleFlush(BlockOutputStream.java:479)
	at org.apache.hadoop.hdds.scm.storage.BlockOutputStream.flush(BlockOutputStream.java:428)
	at org.apache.hadoop.ozone.client.io.BlockOutputStreamEntry.flush(BlockOutputStreamEntry.java:136)
	at org.apache.hadoop.ozone.client.io.KeyOutputStream.handleFlushOrClose(KeyOutputStream.java:442)
	at org.apache.hadoop.ozone.client.io.KeyOutputStream.flush(KeyOutputStream.java:396)
	at org.apache.hadoop.ozone.client.io.OzoneOutputStream.flush(OzoneOutputStream.java:54)
	at org.apache.hadoop.ozone.client.rpc.TestBlockOutputStreamWithFailures.test2DatanodesFailure(TestBlockOutputStreamWithFailures.java:461)
	at sun.reflect.NativeMethodAccessorImpl.invoke0(Native Method)
	at sun.reflect.NativeMethodAccessorImpl.invoke(NativeMethodAccessorImpl.java:62)
	at sun.reflect.DelegatingMethodAccessorImpl.invoke(DelegatingMethodAccessorImpl.java:43)
	at java.lang.reflect.Method.invoke(Method.java:498)
	at org.junit.runners.model.FrameworkMethod$1.runReflectiveCall(FrameworkMethod.java:47)
	at org.junit.internal.runners.model.ReflectiveCallable.run(ReflectiveCallable.java:12)
	at org.junit.runners.model.FrameworkMethod.invokeExplosively(FrameworkMethod.java:44)
	at org.junit.internal.runners.statements.InvokeMethod.evaluate(InvokeMethod.java:17)
	at org.junit.internal.runners.statements.RunBefores.evaluate(RunBefores.java:26)
	at org.junit.internal.runners.statements.RunAfters.evaluate(RunAfters.java:27)
	at org.junit.runners.ParentRunner.runLeaf(ParentRunner.java:271)
	at org.junit.runners.BlockJUnit4ClassRunner.runChild(BlockJUnit4ClassRunner.java:70)
	at org.junit.runners.BlockJUnit4ClassRunner.runChild(BlockJUnit4ClassRunner.java:50)
	at org.junit.runners.ParentRunner$3.run(ParentRunner.java:238)
	at org.junit.runners.ParentRunner$1.schedule(ParentRunner.java:63)
	at org.junit.runners.ParentRunner.runChildren(ParentRunner.java:236)
	at org.junit.runners.ParentRunner.access$000(ParentRunner.java:53)
	at org.junit.runners.ParentRunner$2.evaluate(ParentRunner.java:229)
	at org.junit.runners.ParentRunner.run(ParentRunner.java:309)
	at org.apache.maven.surefire.junit4.JUnit4Provider.execute(JUnit4Provider.java:365)
	at org.apache.maven.surefire.junit4.JUnit4Provider.executeWithRerun(JUnit4Provider.java:273)
	at org.apache.maven.surefire.junit4.JUnit4Provider.executeTestSet(JUnit4Provider.java:238)
	at org.apache.maven.surefire.junit4.JUnit4Provider.invoke(JUnit4Provider.java:159)
	at org.apache.maven.surefire.booter.ForkedBooter.invokeProviderInSameClassLoader(ForkedBooter.java:384)
	at org.apache.maven.surefire.booter.ForkedBooter.runSuitesInProcess(ForkedBooter.java:345)
	at org.apache.maven.surefire.booter.ForkedBooter.execute(ForkedBooter.java:126)
	at org.apache.maven.surefire.booter.ForkedBooter.main(ForkedBooter.java:418)
2019-09-04 12:58:01,577 [main] WARN  io.KeyOutputStream (KeyOutputStream.java:handleException(276)) - Encountered exception java.io.IOException: Unexpected Storage Container Exception: java.io.IOException: Unexpected Storage Container Exception: java.util.concurrent.TimeoutException on the pipeline Pipeline[ Id: ecc10bd4-7cb9-4a06-b907-6de7507fe9b5, Nodes: 41b70c7e-0a9b-42f1-bdd5-b75d7be68999{ip: 192.168.34.40, host: pr-hdds-1553-wz5m7-2465012709, networkLocation: /default-rack, certSerialId: null}6cbd16fb-409a-4203-ae13-b6936b2a9753{ip: 192.168.34.40, host: pr-hdds-1553-wz5m7-2465012709, networkLocation: /default-rack, certSerialId: null}0b7b5e0e-aa68-4a1e-b481-ada831baaf89{ip: 192.168.34.40, host: pr-hdds-1553-wz5m7-2465012709, networkLocation: /default-rack, certSerialId: null}, Type:RATIS, Factor:THREE, State:OPEN]. The last committed block length is 400, uncommitted data length is 50 retry count 0
2019-09-04 12:58:01,616 [grpc-default-executor-2] INFO  client.GrpcClientProtocolClient (GrpcClientProtocolClient.java:onNext(255)) - client-5FBA1B9B585A->a406e7a3-25da-4471-b260-f46b81080cf7: receive RaftClientReply:client-5FBA1B9B585A->a406e7a3-25da-4471-b260-f46b81080cf7@group-262F9AE7B615, cid=23, FAILED org.apache.ratis.protocol.NotLeaderException: Server a406e7a3-25da-4471-b260-f46b81080cf7 is not the leader (null). Request must be sent to leader., logIndex=0, commits[a406e7a3-25da-4471-b260-f46b81080cf7:c-1]
2019-09-04 12:58:02,079 [grpc-default-executor-1] INFO  client.GrpcClientProtocolClient (GrpcClientProtocolClient.java:onNext(255)) - client-7283990EAF13->0b7b5e0e-aa68-4a1e-b481-ada831baaf89: receive RaftClientReply:client-7283990EAF13->0b7b5e0e-aa68-4a1e-b481-ada831baaf89@group-6DE7507FE9B5, cid=22, SUCCESS, logIndex=0, commits[0b7b5e0e-aa68-4a1e-b481-ada831baaf89:c16, 6cbd16fb-409a-4203-ae13-b6936b2a9753:c16, 41b70c7e-0a9b-42f1-bdd5-b75d7be68999:c13]
2019-09-04 12:58:02,082 [grpc-default-executor-1] INFO  client.GrpcClientProtocolClient (GrpcClientProtocolClient.java:onNext(255)) - client-7283990EAF13->0b7b5e0e-aa68-4a1e-b481-ada831baaf89: receive RaftClientReply:client-7283990EAF13->0b7b5e0e-aa68-4a1e-b481-ada831baaf89@group-6DE7507FE9B5, cid=21, SUCCESS, logIndex=0, commits[0b7b5e0e-aa68-4a1e-b481-ada831baaf89:c16, 6cbd16fb-409a-4203-ae13-b6936b2a9753:c16, 41b70c7e-0a9b-42f1-bdd5-b75d7be68999:c16]
2019-09-04 12:58:02,646 [grpc-default-executor-1] INFO  client.GrpcClientProtocolClient (GrpcClientProtocolClient.java:onNext(255)) - client-5FBA1B9B585A->c961c69f-9eae-4d72-9c2a-0156ee378652: receive RaftClientReply:client-5FBA1B9B585A->c961c69f-9eae-4d72-9c2a-0156ee378652@group-262F9AE7B615, cid=23, FAILED org.apache.ratis.protocol.NotLeaderException: Server c961c69f-9eae-4d72-9c2a-0156ee378652 is not the leader (null). Request must be sent to leader., logIndex=0, commits[c961c69f-9eae-4d72-9c2a-0156ee378652:c-1]
2019-09-04 12:58:03,668 [grpc-default-executor-2] INFO  client.GrpcClientProtocolClient (GrpcClientProtocolClient.java:onNext(255)) - client-5FBA1B9B585A->a406e7a3-25da-4471-b260-f46b81080cf7: receive RaftClientReply:client-5FBA1B9B585A->a406e7a3-25da-4471-b260-f46b81080cf7@group-262F9AE7B615, cid=23, FAILED org.apache.ratis.protocol.NotLeaderException: Server a406e7a3-25da-4471-b260-f46b81080cf7 is not the leader (null). Request must be sent to leader., logIndex=0, commits[a406e7a3-25da-4471-b260-f46b81080cf7:c-1]
2019-09-04 12:58:03,867 [Thread-328] INFO  impl.FollowerState (FollowerState.java:run(106)) - c961c69f-9eae-4d72-9c2a-0156ee378652:group-262F9AE7B615 changes to CANDIDATE, lastRpcTime:5033, electionTimeout:5029ms
2019-09-04 12:58:03,869 [Thread-328] INFO  impl.RoleInfo (RoleInfo.java:shutdownFollowerState(121)) - c961c69f-9eae-4d72-9c2a-0156ee378652: shutdown FollowerState
2019-09-04 12:58:03,869 [Thread-328] INFO  impl.RaftServerImpl (RaftServerImpl.java:setRole(171)) - c961c69f-9eae-4d72-9c2a-0156ee378652:group-262F9AE7B615 changes role from FOLLOWER to CANDIDATE at term 1 for changeToCandidate
2019-09-04 12:58:03,869 [Thread-328] INFO  impl.RoleInfo (RoleInfo.java:updateAndGet(143)) - c961c69f-9eae-4d72-9c2a-0156ee378652: start LeaderElection
2019-09-04 12:58:03,885 [c961c69f-9eae-4d72-9c2a-0156ee378652:group-262F9AE7B615:LeaderElection13] INFO  impl.LeaderElection (LeaderElection.java:askForVotes(181)) - c961c69f-9eae-4d72-9c2a-0156ee378652:group-262F9AE7B615:LeaderElection13: begin an election at term 2 for -1: [a406e7a3-25da-4471-b260-f46b81080cf7:192.168.34.40:44207, 0a6371c7-e9de-42bd-a046-6f0feeb71a95:192.168.34.40:42776, c961c69f-9eae-4d72-9c2a-0156ee378652:192.168.34.40:37448], old=null
2019-09-04 12:58:03,901 [grpc-default-executor-2] INFO  impl.RaftServerImpl (RaftServerImpl.java:setRole(171)) - a406e7a3-25da-4471-b260-f46b81080cf7:group-262F9AE7B615 changes role from FOLLOWER to FOLLOWER at term 2 for recognizeCandidate:c961c69f-9eae-4d72-9c2a-0156ee378652
2019-09-04 12:58:03,901 [grpc-default-executor-1] INFO  impl.RaftServerImpl (RaftServerImpl.java:setRole(171)) - 0a6371c7-e9de-42bd-a046-6f0feeb71a95:group-262F9AE7B615 changes role from FOLLOWER to FOLLOWER at term 2 for recognizeCandidate:c961c69f-9eae-4d72-9c2a-0156ee378652
2019-09-04 12:58:03,902 [grpc-default-executor-2] INFO  impl.RoleInfo (RoleInfo.java:shutdownFollowerState(121)) - a406e7a3-25da-4471-b260-f46b81080cf7: shutdown FollowerState
2019-09-04 12:58:03,902 [grpc-default-executor-1] INFO  impl.RoleInfo (RoleInfo.java:shutdownFollowerState(121)) - 0a6371c7-e9de-42bd-a046-6f0feeb71a95: shutdown FollowerState
2019-09-04 12:58:03,902 [grpc-default-executor-2] INFO  impl.RoleInfo (RoleInfo.java:updateAndGet(143)) - a406e7a3-25da-4471-b260-f46b81080cf7: start FollowerState
2019-09-04 12:58:03,902 [Thread-332] INFO  impl.FollowerState (FollowerState.java:run(114)) - a406e7a3-25da-4471-b260-f46b81080cf7: FollowerState was interrupted: java.lang.InterruptedException: sleep interrupted
2019-09-04 12:58:03,902 [Thread-329] INFO  impl.FollowerState (FollowerState.java:run(114)) - 0a6371c7-e9de-42bd-a046-6f0feeb71a95: FollowerState was interrupted: java.lang.InterruptedException: sleep interrupted
2019-09-04 12:58:03,902 [grpc-default-executor-1] INFO  impl.RoleInfo (RoleInfo.java:updateAndGet(143)) - 0a6371c7-e9de-42bd-a046-6f0feeb71a95: start FollowerState
2019-09-04 12:58:03,922 [c961c69f-9eae-4d72-9c2a-0156ee378652:group-262F9AE7B615:LeaderElection13] INFO  impl.LeaderElection (LeaderElection.java:logAndReturn(56)) - c961c69f-9eae-4d72-9c2a-0156ee378652:group-262F9AE7B615:LeaderElection13: Election PASSED; received 1 response(s) [c961c69f-9eae-4d72-9c2a-0156ee378652<-a406e7a3-25da-4471-b260-f46b81080cf7#0:OK-t2] and 0 exception(s); c961c69f-9eae-4d72-9c2a-0156ee378652:t2, leader=null, voted=c961c69f-9eae-4d72-9c2a-0156ee378652, raftlog=c961c69f-9eae-4d72-9c2a-0156ee378652-SegmentedRaftLog:OPENED:c-1,f-1,i0, conf=-1: [a406e7a3-25da-4471-b260-f46b81080cf7:192.168.34.40:44207, 0a6371c7-e9de-42bd-a046-6f0feeb71a95:192.168.34.40:42776, c961c69f-9eae-4d72-9c2a-0156ee378652:192.168.34.40:37448], old=null
2019-09-04 12:58:03,922 [c961c69f-9eae-4d72-9c2a-0156ee378652:group-262F9AE7B615:LeaderElection13] INFO  impl.RoleInfo (RoleInfo.java:shutdownLeaderElection(134)) - c961c69f-9eae-4d72-9c2a-0156ee378652: shutdown LeaderElection
2019-09-04 12:58:03,922 [c961c69f-9eae-4d72-9c2a-0156ee378652:group-262F9AE7B615:LeaderElection13] INFO  impl.RaftServerImpl (RaftServerImpl.java:setRole(171)) - c961c69f-9eae-4d72-9c2a-0156ee378652:group-262F9AE7B615 changes role from CANDIDATE to LEADER at term 2 for changeToLeader
2019-09-04 12:58:03,924 [c961c69f-9eae-4d72-9c2a-0156ee378652:group-262F9AE7B615:LeaderElection13] INFO  impl.RaftServerImpl (ServerState.java:setLeader(263)) - c961c69f-9eae-4d72-9c2a-0156ee378652:group-262F9AE7B615 change Leader from null to c961c69f-9eae-4d72-9c2a-0156ee378652 at term 2 for becomeLeader, leader elected after 10255ms
2019-09-04 12:58:03,924 [c961c69f-9eae-4d72-9c2a-0156ee378652:group-262F9AE7B615:LeaderElection13] INFO  server.RaftServerConfigKeys (ConfUtils.java:logGet(43)) - raft.server.staging.catchup.gap = 1000 (default)
2019-09-04 12:58:03,924 [c961c69f-9eae-4d72-9c2a-0156ee378652:group-262F9AE7B615:LeaderElection13] INFO  server.RaftServerConfigKeys (ConfUtils.java:logGet(43)) - raft.server.rpc.sleep.time = 25ms (default)
2019-09-04 12:58:03,925 [c961c69f-9eae-4d72-9c2a-0156ee378652:group-262F9AE7B615:LeaderElection13] INFO  server.RaftServerConfigKeys (ConfUtils.java:logGet(43)) - raft.server.write.element-limit = 4096 (default)
2019-09-04 12:58:03,925 [c961c69f-9eae-4d72-9c2a-0156ee378652:group-262F9AE7B615:LeaderElection13] INFO  server.RaftServerConfigKeys (ConfUtils.java:logGet(43)) - raft.server.watch.timeout = 10s (default)
2019-09-04 12:58:03,925 [c961c69f-9eae-4d72-9c2a-0156ee378652:group-262F9AE7B615:LeaderElection13] INFO  server.RaftServerConfigKeys (ConfUtils.java:logGet(43)) - raft.server.watch.timeout.denomination = 1s (default)
2019-09-04 12:58:03,925 [c961c69f-9eae-4d72-9c2a-0156ee378652:group-262F9AE7B615:LeaderElection13] INFO  server.RaftServerConfigKeys (ConfUtils.java:logGet(43)) - raft.server.watch.element-limit = 65536 (default)
2019-09-04 12:58:03,925 [c961c69f-9eae-4d72-9c2a-0156ee378652:group-262F9AE7B615:LeaderElection13] INFO  server.RaftServerConfigKeys (ConfUtils.java:logGet(43)) - raft.server.log.appender.snapshot.chunk.size.max = 16MB (=16777216) (default)
2019-09-04 12:58:03,925 [c961c69f-9eae-4d72-9c2a-0156ee378652:group-262F9AE7B615:LeaderElection13] INFO  server.RaftServerConfigKeys (ConfUtils.java:logGet(43)) - raft.server.log.appender.buffer.byte-limit = 33554432 (custom)
2019-09-04 12:58:03,925 [c961c69f-9eae-4d72-9c2a-0156ee378652:group-262F9AE7B615:LeaderElection13] INFO  server.RaftServerConfigKeys (ConfUtils.java:logGet(43)) - raft.server.log.appender.buffer.element-limit = 1 (custom)
2019-09-04 12:58:03,926 [c961c69f-9eae-4d72-9c2a-0156ee378652:group-262F9AE7B615:LeaderElection13] INFO  grpc.GrpcConfigKeys$Server (ConfUtils.java:logGet(43)) - raft.grpc.server.leader.outstanding.appends.max = 128 (default)
2019-09-04 12:58:03,928 [c961c69f-9eae-4d72-9c2a-0156ee378652:group-262F9AE7B615:LeaderElection13] INFO  server.RaftServerConfigKeys (ConfUtils.java:logGet(43)) - raft.server.rpc.request.timeout = 3000ms (default)
2019-09-04 12:58:03,928 [c961c69f-9eae-4d72-9c2a-0156ee378652:group-262F9AE7B615:LeaderElection13] INFO  server.RaftServerConfigKeys (ConfUtils.java:logGet(43)) - raft.server.log.appender.install.snapshot.enabled = false (custom)
2019-09-04 12:58:03,928 [c961c69f-9eae-4d72-9c2a-0156ee378652:group-262F9AE7B615:LeaderElection13] INFO  server.RaftServerConfigKeys (ConfUtils.java:logGet(43)) - raft.server.log.appender.snapshot.chunk.size.max = 16MB (=16777216) (default)
2019-09-04 12:58:03,928 [c961c69f-9eae-4d72-9c2a-0156ee378652:group-262F9AE7B615:LeaderElection13] INFO  server.RaftServerConfigKeys (ConfUtils.java:logGet(43)) - raft.server.log.appender.buffer.byte-limit = 33554432 (custom)
2019-09-04 12:58:03,928 [c961c69f-9eae-4d72-9c2a-0156ee378652:group-262F9AE7B615:LeaderElection13] INFO  server.RaftServerConfigKeys (ConfUtils.java:logGet(43)) - raft.server.log.appender.buffer.element-limit = 1 (custom)
2019-09-04 12:58:03,928 [c961c69f-9eae-4d72-9c2a-0156ee378652:group-262F9AE7B615:LeaderElection13] INFO  grpc.GrpcConfigKeys$Server (ConfUtils.java:logGet(43)) - raft.grpc.server.leader.outstanding.appends.max = 128 (default)
2019-09-04 12:58:03,929 [c961c69f-9eae-4d72-9c2a-0156ee378652:group-262F9AE7B615:LeaderElection13] INFO  server.RaftServerConfigKeys (ConfUtils.java:logGet(43)) - raft.server.rpc.request.timeout = 3000ms (default)
2019-09-04 12:58:03,929 [c961c69f-9eae-4d72-9c2a-0156ee378652:group-262F9AE7B615:LeaderElection13] INFO  server.RaftServerConfigKeys (ConfUtils.java:logGet(43)) - raft.server.log.appender.install.snapshot.enabled = false (custom)
2019-09-04 12:58:03,929 [c961c69f-9eae-4d72-9c2a-0156ee378652:group-262F9AE7B615:LeaderElection13] INFO  impl.RoleInfo (RoleInfo.java:updateAndGet(143)) - c961c69f-9eae-4d72-9c2a-0156ee378652: start LeaderState
2019-09-04 12:58:03,929 [c961c69f-9eae-4d72-9c2a-0156ee378652:group-262F9AE7B615:LeaderElection13] INFO  segmented.SegmentedRaftLogWorker (SegmentedRaftLogWorker.java:startLogSegment(380)) - c961c69f-9eae-4d72-9c2a-0156ee378652-SegmentedRaftLogWorker:Storage Directory /workdir/hadoop-ozone/integration-test/target/test-dir/MiniOzoneClusterImpl-ea0c9936-27f2-41d8-a3b5-aa3c9248b619/datanode-1/data/ratis/32767698-0f62-4dce-bb8e-262f9ae7b615: Starting segment from index:0
2019-09-04 12:58:03,930 [c961c69f-9eae-4d72-9c2a-0156ee378652:group-262F9AE7B615:LeaderElection13] INFO  impl.RaftServerImpl (ServerState.java:setRaftConf(361)) - c961c69f-9eae-4d72-9c2a-0156ee378652:group-262F9AE7B615 set configuration 0: [a406e7a3-25da-4471-b260-f46b81080cf7:192.168.34.40:44207, 0a6371c7-e9de-42bd-a046-6f0feeb71a95:192.168.34.40:42776, c961c69f-9eae-4d72-9c2a-0156ee378652:192.168.34.40:37448], old=null at 0
2019-09-04 12:58:03,962 [grpc-default-executor-1] INFO  impl.RaftServerImpl (ServerState.java:setLeader(263)) - a406e7a3-25da-4471-b260-f46b81080cf7:group-262F9AE7B615 change Leader from null to c961c69f-9eae-4d72-9c2a-0156ee378652 at term 2 for appendEntries, leader elected after 10293ms
2019-09-04 12:58:03,962 [grpc-default-executor-2] INFO  impl.RaftServerImpl (ServerState.java:setLeader(263)) - 0a6371c7-e9de-42bd-a046-6f0feeb71a95:group-262F9AE7B615 change Leader from null to c961c69f-9eae-4d72-9c2a-0156ee378652 at term 2 for appendEntries, leader elected after 10293ms
2019-09-04 12:58:03,965 [grpc-default-executor-1] INFO  impl.RaftServerImpl (ServerState.java:setRaftConf(361)) - a406e7a3-25da-4471-b260-f46b81080cf7:group-262F9AE7B615 set configuration 0: [a406e7a3-25da-4471-b260-f46b81080cf7:192.168.34.40:44207, 0a6371c7-e9de-42bd-a046-6f0feeb71a95:192.168.34.40:42776, c961c69f-9eae-4d72-9c2a-0156ee378652:192.168.34.40:37448], old=null at 0
2019-09-04 12:58:03,965 [grpc-default-executor-1] INFO  segmented.SegmentedRaftLogWorker (SegmentedRaftLogWorker.java:startLogSegment(380)) - a406e7a3-25da-4471-b260-f46b81080cf7-SegmentedRaftLogWorker:Storage Directory /workdir/hadoop-ozone/integration-test/target/test-dir/MiniOzoneClusterImpl-ea0c9936-27f2-41d8-a3b5-aa3c9248b619/datanode-5/data/ratis/32767698-0f62-4dce-bb8e-262f9ae7b615: Starting segment from index:0
2019-09-04 12:58:03,966 [grpc-default-executor-2] INFO  impl.RaftServerImpl (ServerState.java:setRaftConf(361)) - 0a6371c7-e9de-42bd-a046-6f0feeb71a95:group-262F9AE7B615 set configuration 0: [a406e7a3-25da-4471-b260-f46b81080cf7:192.168.34.40:44207, 0a6371c7-e9de-42bd-a046-6f0feeb71a95:192.168.34.40:42776, c961c69f-9eae-4d72-9c2a-0156ee378652:192.168.34.40:37448], old=null at 0
2019-09-04 12:58:03,966 [grpc-default-executor-2] INFO  segmented.SegmentedRaftLogWorker (SegmentedRaftLogWorker.java:startLogSegment(380)) - 0a6371c7-e9de-42bd-a046-6f0feeb71a95-SegmentedRaftLogWorker:Storage Directory /workdir/hadoop-ozone/integration-test/target/test-dir/MiniOzoneClusterImpl-ea0c9936-27f2-41d8-a3b5-aa3c9248b619/datanode-0/data/ratis/32767698-0f62-4dce-bb8e-262f9ae7b615: Starting segment from index:0
2019-09-04 12:58:03,974 [c961c69f-9eae-4d72-9c2a-0156ee378652-SegmentedRaftLogWorker:Storage Directory /workdir/hadoop-ozone/integration-test/target/test-dir/MiniOzoneClusterImpl-ea0c9936-27f2-41d8-a3b5-aa3c9248b619/datanode-1/data/ratis/32767698-0f62-4dce-bb8e-262f9ae7b615] INFO  segmented.SegmentedRaftLogWorker (SegmentedRaftLogWorker.java:execute(569)) - c961c69f-9eae-4d72-9c2a-0156ee378652-SegmentedRaftLogWorker:Storage Directory /workdir/hadoop-ozone/integration-test/target/test-dir/MiniOzoneClusterImpl-ea0c9936-27f2-41d8-a3b5-aa3c9248b619/datanode-1/data/ratis/32767698-0f62-4dce-bb8e-262f9ae7b615: created new log segment /workdir/hadoop-ozone/integration-test/target/test-dir/MiniOzoneClusterImpl-ea0c9936-27f2-41d8-a3b5-aa3c9248b619/datanode-1/data/ratis/32767698-0f62-4dce-bb8e-262f9ae7b615/current/log_inprogress_0
2019-09-04 12:58:04,004 [0a6371c7-e9de-42bd-a046-6f0feeb71a95-SegmentedRaftLogWorker:Storage Directory /workdir/hadoop-ozone/integration-test/target/test-dir/MiniOzoneClusterImpl-ea0c9936-27f2-41d8-a3b5-aa3c9248b619/datanode-0/data/ratis/32767698-0f62-4dce-bb8e-262f9ae7b615] INFO  segmented.SegmentedRaftLogWorker (SegmentedRaftLogWorker.java:execute(569)) - 0a6371c7-e9de-42bd-a046-6f0feeb71a95-SegmentedRaftLogWorker:Storage Directory /workdir/hadoop-ozone/integration-test/target/test-dir/MiniOzoneClusterImpl-ea0c9936-27f2-41d8-a3b5-aa3c9248b619/datanode-0/data/ratis/32767698-0f62-4dce-bb8e-262f9ae7b615: created new log segment /workdir/hadoop-ozone/integration-test/target/test-dir/MiniOzoneClusterImpl-ea0c9936-27f2-41d8-a3b5-aa3c9248b619/datanode-0/data/ratis/32767698-0f62-4dce-bb8e-262f9ae7b615/current/log_inprogress_0
2019-09-04 12:58:04,004 [a406e7a3-25da-4471-b260-f46b81080cf7-SegmentedRaftLogWorker:Storage Directory /workdir/hadoop-ozone/integration-test/target/test-dir/MiniOzoneClusterImpl-ea0c9936-27f2-41d8-a3b5-aa3c9248b619/datanode-5/data/ratis/32767698-0f62-4dce-bb8e-262f9ae7b615] INFO  segmented.SegmentedRaftLogWorker (SegmentedRaftLogWorker.java:execute(569)) - a406e7a3-25da-4471-b260-f46b81080cf7-SegmentedRaftLogWorker:Storage Directory /workdir/hadoop-ozone/integration-test/target/test-dir/MiniOzoneClusterImpl-ea0c9936-27f2-41d8-a3b5-aa3c9248b619/datanode-5/data/ratis/32767698-0f62-4dce-bb8e-262f9ae7b615: created new log segment /workdir/hadoop-ozone/integration-test/target/test-dir/MiniOzoneClusterImpl-ea0c9936-27f2-41d8-a3b5-aa3c9248b619/datanode-5/data/ratis/32767698-0f62-4dce-bb8e-262f9ae7b615/current/log_inprogress_0
2019-09-04 12:58:04,846 [grpc-default-executor-1] INFO  client.GrpcClientProtocolClient (GrpcClientProtocolClient.java:onNext(255)) - client-5FBA1B9B585A->c961c69f-9eae-4d72-9c2a-0156ee378652: receive RaftClientReply:client-5FBA1B9B585A->c961c69f-9eae-4d72-9c2a-0156ee378652@group-262F9AE7B615, cid=23, SUCCESS, logIndex=1, commits[c961c69f-9eae-4d72-9c2a-0156ee378652:c1, a406e7a3-25da-4471-b260-f46b81080cf7:c0, 0a6371c7-e9de-42bd-a046-6f0feeb71a95:c0]
2019-09-04 12:58:04,933 [grpc-default-executor-2] INFO  client.GrpcClientProtocolClient (GrpcClientProtocolClient.java:onNext(255)) - client-5FBA1B9B585A->c961c69f-9eae-4d72-9c2a-0156ee378652: receive RaftClientReply:client-5FBA1B9B585A->c961c69f-9eae-4d72-9c2a-0156ee378652@group-262F9AE7B615, cid=24, SUCCESS, logIndex=3, commits[c961c69f-9eae-4d72-9c2a-0156ee378652:c4, a406e7a3-25da-4471-b260-f46b81080cf7:c3, 0a6371c7-e9de-42bd-a046-6f0feeb71a95:c3]
2019-09-04 12:58:04,935 [main] INFO  ozone.MiniOzoneClusterImpl (MiniOzoneClusterImpl.java:shutdown(307)) - Shutting down the Mini Ozone Cluster
2019-09-04 12:58:04,935 [main] INFO  ozone.MiniOzoneClusterImpl (MiniOzoneClusterImpl.java:stop(322)) - Stopping the Mini Ozone Cluster
2019-09-04 12:58:04,936 [main] INFO  ozone.MiniOzoneClusterImpl (MiniOzoneClusterImpl.java:stop(324)) - Stopping the OzoneManager
2019-09-04 12:58:04,936 [main] INFO  ipc.Server (Server.java:stop(3082)) - Stopping server on 46850
2019-09-04 12:58:04,955 [IPC Server listener on 46850] INFO  ipc.Server (Server.java:run(1185)) - Stopping IPC Server listener on 46850
2019-09-04 12:58:04,966 [main] INFO  ratis.OzoneManagerDoubleBuffer (OzoneManagerDoubleBuffer.java:stop(248)) - Stopping OMDoubleBuffer flush thread
2019-09-04 12:58:04,968 [IPC Server Responder] INFO  ipc.Server (Server.java:run(1319)) - Stopping IPC Server Responder
2019-09-04 12:58:04,969 [OMDoubleBufferFlushThread] INFO  ratis.OzoneManagerDoubleBuffer (OzoneManagerDoubleBuffer.java:flushTransactions(191)) - OMDoubleBuffer flush thread OMDoubleBufferFlushThread is interrupted and will exit. OMDoubleBufferFlushThread
2019-09-04 12:58:04,971 [main] INFO  utils.BackgroundService (BackgroundService.java:shutdown(148)) - Shutting down service KeyDeletingService
2019-09-04 12:58:04,977 [main] INFO  handler.ContextHandler (ContextHandler.java:doStop(910)) - Stopped o.e.j.w.WebAppContext@31cb96e1{/,null,UNAVAILABLE}{/ozoneManager}
2019-09-04 12:58:04,983 [main] INFO  server.AbstractConnector (AbstractConnector.java:doStop(318)) - Stopped ServerConnector@3eed0f5{HTTP/1.1,[http/1.1]}{0.0.0.0:0}
2019-09-04 12:58:04,984 [main] INFO  handler.ContextHandler (ContextHandler.java:doStop(910)) - Stopped o.e.j.s.ServletContextHandler@131fcb6f{/static,file:///workdir/hadoop-ozone/integration-test/target/test-classes/webapps/static,UNAVAILABLE}
2019-09-04 12:58:04,984 [main] INFO  handler.ContextHandler (ContextHandler.java:doStop(910)) - Stopped o.e.j.s.ServletContextHandler@383790cf{/logs,file:///workdir/hadoop-ozone/integration-test/target/log,UNAVAILABLE}
2019-09-04 12:58:04,993 [main] INFO  ozone.MiniOzoneClusterImpl (MiniOzoneClusterImpl.java:stop(330)) - Shutting the HddsDatanodes
2019-09-04 12:58:05,235 [Datanode State Machine Thread - 0] INFO  statemachine.DatanodeStateMachine (DatanodeStateMachine.java:lambda$startDaemon$0(350)) - Ozone container server started.
2019-09-04 12:58:05,781 [Datanode State Machine Thread - 0] INFO  statemachine.DatanodeStateMachine (DatanodeStateMachine.java:lambda$startDaemon$0(350)) - Ozone container server started.
2019-09-04 12:58:09,274 [EventQueue-StaleNodeForStaleNodeHandler] INFO  node.StaleNodeHandler (StaleNodeHandler.java:onMessage(58)) - Datanode 6cbd16fb-409a-4203-ae13-b6936b2a9753{ip: 192.168.34.40, host: pr-hdds-1553-wz5m7-2465012709, networkLocation: /default-rack, certSerialId: null} moved to stale state. Finalizing its pipelines [PipelineID=ecc10bd4-7cb9-4a06-b907-6de7507fe9b5, PipelineID=29192974-c06a-4900-922c-55291206b8fc]
2019-09-04 12:58:09,274 [EventQueue-StaleNodeForStaleNodeHandler] INFO  pipeline.SCMPipelineManager (SCMPipelineManager.java:finalizeAndDestroyPipeline(311)) - destroying pipeline:Pipeline[ Id: ecc10bd4-7cb9-4a06-b907-6de7507fe9b5, Nodes: 41b70c7e-0a9b-42f1-bdd5-b75d7be68999{ip: 192.168.34.40, host: pr-hdds-1553-wz5m7-2465012709, networkLocation: /default-rack, certSerialId: null}6cbd16fb-409a-4203-ae13-b6936b2a9753{ip: 192.168.34.40, host: pr-hdds-1553-wz5m7-2465012709, networkLocation: /default-rack, certSerialId: null}0b7b5e0e-aa68-4a1e-b481-ada831baaf89{ip: 192.168.34.40, host: pr-hdds-1553-wz5m7-2465012709, networkLocation: /default-rack, certSerialId: null}, Type:RATIS, Factor:THREE, State:OPEN]
2019-09-04 12:58:09,275 [EventQueue-StaleNodeForStaleNodeHandler] INFO  pipeline.PipelineStateManager (PipelineStateManager.java:finalizePipeline(123)) - Pipeline Pipeline[ Id: ecc10bd4-7cb9-4a06-b907-6de7507fe9b5, Nodes: 41b70c7e-0a9b-42f1-bdd5-b75d7be68999{ip: 192.168.34.40, host: pr-hdds-1553-wz5m7-2465012709, networkLocation: /default-rack, certSerialId: null}6cbd16fb-409a-4203-ae13-b6936b2a9753{ip: 192.168.34.40, host: pr-hdds-1553-wz5m7-2465012709, networkLocation: /default-rack, certSerialId: null}0b7b5e0e-aa68-4a1e-b481-ada831baaf89{ip: 192.168.34.40, host: pr-hdds-1553-wz5m7-2465012709, networkLocation: /default-rack, certSerialId: null}, Type:RATIS, Factor:THREE, State:CLOSED] moved to CLOSED state
2019-09-04 12:58:09,276 [EventQueue-CloseContainerForCloseContainerEventHandler] INFO  container.CloseContainerEventHandler (CloseContainerEventHandler.java:onMessage(61)) - Close container Event triggered for container : #1
2019-09-04 12:58:09,277 [EventQueue-StaleNodeForStaleNodeHandler] INFO  pipeline.SCMPipelineManager (SCMPipelineManager.java:finalizeAndDestroyPipeline(311)) - destroying pipeline:Pipeline[ Id: 29192974-c06a-4900-922c-55291206b8fc, Nodes: 6cbd16fb-409a-4203-ae13-b6936b2a9753{ip: 192.168.34.40, host: pr-hdds-1553-wz5m7-2465012709, networkLocation: /default-rack, certSerialId: null}, Type:RATIS, Factor:ONE, State:OPEN]
2019-09-04 12:58:09,278 [EventQueue-StaleNodeForStaleNodeHandler] INFO  pipeline.PipelineStateManager (PipelineStateManager.java:finalizePipeline(123)) - Pipeline Pipeline[ Id: 29192974-c06a-4900-922c-55291206b8fc, Nodes: 6cbd16fb-409a-4203-ae13-b6936b2a9753{ip: 192.168.34.40, host: pr-hdds-1553-wz5m7-2465012709, networkLocation: /default-rack, certSerialId: null}, Type:RATIS, Factor:ONE, State:CLOSED] moved to CLOSED state
2019-09-04 12:58:09,874 [EventQueue-StaleNodeForStaleNodeHandler] INFO  node.StaleNodeHandler (StaleNodeHandler.java:onMessage(58)) - Datanode c961c69f-9eae-4d72-9c2a-0156ee378652{ip: 192.168.34.40, host: pr-hdds-1553-wz5m7-2465012709, networkLocation: /default-rack, certSerialId: null} moved to stale state. Finalizing its pipelines [PipelineID=fc1309b0-7909-4aa0-8f2a-2a9a5eb9e133, PipelineID=32767698-0f62-4dce-bb8e-262f9ae7b615]
2019-09-04 12:58:09,875 [EventQueue-StaleNodeForStaleNodeHandler] INFO  pipeline.SCMPipelineManager (SCMPipelineManager.java:finalizeAndDestroyPipeline(311)) - destroying pipeline:Pipeline[ Id: fc1309b0-7909-4aa0-8f2a-2a9a5eb9e133, Nodes: c961c69f-9eae-4d72-9c2a-0156ee378652{ip: 192.168.34.40, host: pr-hdds-1553-wz5m7-2465012709, networkLocation: /default-rack, certSerialId: null}, Type:RATIS, Factor:ONE, State:OPEN]
2019-09-04 12:58:09,875 [EventQueue-StaleNodeForStaleNodeHandler] INFO  pipeline.PipelineStateManager (PipelineStateManager.java:finalizePipeline(123)) - Pipeline Pipeline[ Id: fc1309b0-7909-4aa0-8f2a-2a9a5eb9e133, Nodes: c961c69f-9eae-4d72-9c2a-0156ee378652{ip: 192.168.34.40, host: pr-hdds-1553-wz5m7-2465012709, networkLocation: /default-rack, certSerialId: null}, Type:RATIS, Factor:ONE, State:CLOSED] moved to CLOSED state
2019-09-04 12:58:09,875 [EventQueue-StaleNodeForStaleNodeHandler] INFO  pipeline.SCMPipelineManager (SCMPipelineManager.java:finalizeAndDestroyPipeline(311)) - destroying pipeline:Pipeline[ Id: 32767698-0f62-4dce-bb8e-262f9ae7b615, Nodes: a406e7a3-25da-4471-b260-f46b81080cf7{ip: 192.168.34.40, host: pr-hdds-1553-wz5m7-2465012709, networkLocation: /default-rack, certSerialId: null}c961c69f-9eae-4d72-9c2a-0156ee378652{ip: 192.168.34.40, host: pr-hdds-1553-wz5m7-2465012709, networkLocation: /default-rack, certSerialId: null}0a6371c7-e9de-42bd-a046-6f0feeb71a95{ip: 192.168.34.40, host: pr-hdds-1553-wz5m7-2465012709, networkLocation: /default-rack, certSerialId: null}, Type:RATIS, Factor:THREE, State:OPEN]
2019-09-04 12:58:09,876 [EventQueue-StaleNodeForStaleNodeHandler] INFO  pipeline.PipelineStateManager (PipelineStateManager.java:finalizePipeline(123)) - Pipeline Pipeline[ Id: 32767698-0f62-4dce-bb8e-262f9ae7b615, Nodes: a406e7a3-25da-4471-b260-f46b81080cf7{ip: 192.168.34.40, host: pr-hdds-1553-wz5m7-2465012709, networkLocation: /default-rack, certSerialId: null}c961c69f-9eae-4d72-9c2a-0156ee378652{ip: 192.168.34.40, host: pr-hdds-1553-wz5m7-2465012709, networkLocation: /default-rack, certSerialId: null}0a6371c7-e9de-42bd-a046-6f0feeb71a95{ip: 192.168.34.40, host: pr-hdds-1553-wz5m7-2465012709, networkLocation: /default-rack, certSerialId: null}, Type:RATIS, Factor:THREE, State:CLOSED] moved to CLOSED state
2019-09-04 12:58:09,876 [EventQueue-CloseContainerForCloseContainerEventHandler] INFO  container.CloseContainerEventHandler (CloseContainerEventHandler.java:onMessage(61)) - Close container Event triggered for container : #2
2019-09-04 12:58:09,997 [main] INFO  ozoneimpl.OzoneContainer (OzoneContainer.java:stop(215)) - Attempting to stop container services.
2019-09-04 12:58:09,997 [ForkJoinPool.commonPool-worker-0] INFO  ozoneimpl.OzoneContainer (OzoneContainer.java:stop(215)) - Attempting to stop container services.
2019-09-04 12:58:09,998 [main] INFO  impl.RaftServerProxy (RaftServerProxy.java:lambda$close$4(314)) - 6cbd16fb-409a-4203-ae13-b6936b2a9753: close
2019-09-04 12:58:09,998 [ForkJoinPool.commonPool-worker-0] INFO  impl.RaftServerProxy (RaftServerProxy.java:lambda$close$4(314)) - c961c69f-9eae-4d72-9c2a-0156ee378652: close
2019-09-04 12:58:09,999 [ForkJoinPool.commonPool-worker-0] INFO  impl.RaftServerImpl (RaftServerImpl.java:lambda$shutdown$3(245)) - c961c69f-9eae-4d72-9c2a-0156ee378652: shutdown group-2A9A5EB9E133
2019-09-04 12:58:09,999 [main] INFO  impl.RaftServerImpl (RaftServerImpl.java:lambda$shutdown$3(245)) - 6cbd16fb-409a-4203-ae13-b6936b2a9753: shutdown group-6DE7507FE9B5
2019-09-04 12:58:10,000 [ForkJoinPool.commonPool-worker-0] INFO  util.JmxRegister (JmxRegister.java:unregister(73)) - Successfully un-registered JMX Bean with object name Ratis:service=RaftServer,group=group-2A9A5EB9E133,id=c961c69f-9eae-4d72-9c2a-0156ee378652
2019-09-04 12:58:10,000 [main] INFO  util.JmxRegister (JmxRegister.java:unregister(73)) - Successfully un-registered JMX Bean with object name Ratis:service=RaftServer,group=group-6DE7507FE9B5,id=6cbd16fb-409a-4203-ae13-b6936b2a9753
2019-09-04 12:58:10,000 [ForkJoinPool.commonPool-worker-0] INFO  impl.RoleInfo (RoleInfo.java:shutdownLeaderState(104)) - c961c69f-9eae-4d72-9c2a-0156ee378652: shutdown LeaderState
2019-09-04 12:58:10,001 [main] INFO  impl.RoleInfo (RoleInfo.java:shutdownFollowerState(121)) - 6cbd16fb-409a-4203-ae13-b6936b2a9753: shutdown FollowerState
2019-09-04 12:58:10,002 [main] INFO  impl.StateMachineUpdater (StateMachineUpdater.java:stopAndJoin(115)) - StateMachineUpdater:6cbd16fb-409a-4203-ae13-b6936b2a9753:group-6DE7507FE9B5: set stopIndex = 16
2019-09-04 12:58:10,002 [StateMachineUpdater:6cbd16fb-409a-4203-ae13-b6936b2a9753:group-6DE7507FE9B5] INFO  ratis.ContainerStateMachine (ContainerStateMachine.java:takeSnapshot(284)) - group-6DE7507FE9B5: Taking a snapshot at:(t:1, i:16) file /workdir/hadoop-ozone/integration-test/target/test-dir/MiniOzoneClusterImpl-ea0c9936-27f2-41d8-a3b5-aa3c9248b619/datanode-4/data/ratis/ecc10bd4-7cb9-4a06-b907-6de7507fe9b5/sm/snapshot.1_16
2019-09-04 12:58:10,002 [ForkJoinPool.commonPool-worker-0] INFO  impl.PendingRequests (PendingRequests.java:sendNotLeaderResponses(202)) - c961c69f-9eae-4d72-9c2a-0156ee378652-PendingRequests: sendNotLeaderResponses
2019-09-04 12:58:10,002 [Thread-316] INFO  impl.FollowerState (FollowerState.java:run(114)) - 6cbd16fb-409a-4203-ae13-b6936b2a9753: FollowerState was interrupted: java.lang.InterruptedException: sleep interrupted
2019-09-04 12:58:10,007 [ForkJoinPool.commonPool-worker-0] INFO  impl.StateMachineUpdater (StateMachineUpdater.java:stopAndJoin(115)) - StateMachineUpdater:c961c69f-9eae-4d72-9c2a-0156ee378652:group-2A9A5EB9E133: set stopIndex = 0
2019-09-04 12:58:10,010 [ForkJoinPool.commonPool-worker-0] INFO  impl.RaftServerImpl (ServerState.java:close(394)) - c961c69f-9eae-4d72-9c2a-0156ee378652:group-2A9A5EB9E133 closes. The last applied log index is 0
2019-09-04 12:58:10,012 [c961c69f-9eae-4d72-9c2a-0156ee378652-SegmentedRaftLogWorker:Storage Directory /workdir/hadoop-ozone/integration-test/target/test-dir/MiniOzoneClusterImpl-ea0c9936-27f2-41d8-a3b5-aa3c9248b619/datanode-1/data/ratis/fc1309b0-7909-4aa0-8f2a-2a9a5eb9e133] INFO  segmented.SegmentedRaftLogWorker (SegmentedRaftLogWorker.java:run(313)) - c961c69f-9eae-4d72-9c2a-0156ee378652-SegmentedRaftLogWorker:Storage Directory /workdir/hadoop-ozone/integration-test/target/test-dir/MiniOzoneClusterImpl-ea0c9936-27f2-41d8-a3b5-aa3c9248b619/datanode-1/data/ratis/fc1309b0-7909-4aa0-8f2a-2a9a5eb9e133 was interrupted, exiting. There are 0 tasks remaining in the queue.
2019-09-04 12:58:10,014 [ForkJoinPool.commonPool-worker-0] INFO  segmented.SegmentedRaftLogWorker (SegmentedRaftLogWorker.java:close(228)) - c961c69f-9eae-4d72-9c2a-0156ee378652-SegmentedRaftLogWorker:Storage Directory /workdir/hadoop-ozone/integration-test/target/test-dir/MiniOzoneClusterImpl-ea0c9936-27f2-41d8-a3b5-aa3c9248b619/datanode-1/data/ratis/fc1309b0-7909-4aa0-8f2a-2a9a5eb9e133 close()
2019-09-04 12:58:10,018 [ForkJoinPool.commonPool-worker-0] INFO  impl.RaftServerImpl (RaftServerImpl.java:lambda$shutdown$3(245)) - c961c69f-9eae-4d72-9c2a-0156ee378652: shutdown group-262F9AE7B615
2019-09-04 12:58:10,018 [ForkJoinPool.commonPool-worker-0] INFO  util.JmxRegister (JmxRegister.java:unregister(73)) - Successfully un-registered JMX Bean with object name Ratis:service=RaftServer,group=group-262F9AE7B615,id=c961c69f-9eae-4d72-9c2a-0156ee378652
2019-09-04 12:58:10,019 [ForkJoinPool.commonPool-worker-0] INFO  impl.RoleInfo (RoleInfo.java:shutdownLeaderState(104)) - c961c69f-9eae-4d72-9c2a-0156ee378652: shutdown LeaderState
2019-09-04 12:58:10,023 [ForkJoinPool.commonPool-worker-0] INFO  impl.PendingRequests (PendingRequests.java:sendNotLeaderResponses(202)) - c961c69f-9eae-4d72-9c2a-0156ee378652-PendingRequests: sendNotLeaderResponses
2019-09-04 12:58:10,023 [org.apache.ratis.server.impl.LogAppender$AppenderDaemon$$Lambda$510/8438413@6bb316cf] WARN  server.GrpcLogAppender (GrpcLogAppender.java:mayWait(143)) - GrpcLogAppender(c961c69f-9eae-4d72-9c2a-0156ee378652->0a6371c7-e9de-42bd-a046-6f0feeb71a95): Wait interrupted by java.lang.InterruptedException
2019-09-04 12:58:10,023 [org.apache.ratis.server.impl.LogAppender$AppenderDaemon$$Lambda$510/8438413@2eb18d7d] WARN  server.GrpcLogAppender (GrpcLogAppender.java:mayWait(143)) - GrpcLogAppender(c961c69f-9eae-4d72-9c2a-0156ee378652->a406e7a3-25da-4471-b260-f46b81080cf7): Wait interrupted by java.lang.InterruptedException
2019-09-04 12:58:10,028 [grpc-default-executor-2] INFO  server.GrpcServerProtocolService (GrpcServerProtocolService.java:onCompleted(104)) - a406e7a3-25da-4471-b260-f46b81080cf7: appendEntries completed
2019-09-04 12:58:10,028 [grpc-default-executor-1] INFO  server.GrpcServerProtocolService (GrpcServerProtocolService.java:onCompleted(104)) - 0a6371c7-e9de-42bd-a046-6f0feeb71a95: appendEntries completed
2019-09-04 12:58:10,032 [grpc-default-executor-1] INFO  server.GrpcLogAppender (GrpcLogAppender.java:onCompleted(292)) - c961c69f-9eae-4d72-9c2a-0156ee378652->a406e7a3-25da-4471-b260-f46b81080cf7: follower responses appendEntries COMPLETED
2019-09-04 12:58:10,034 [grpc-default-executor-2] INFO  server.GrpcLogAppender (GrpcLogAppender.java:onCompleted(292)) - c961c69f-9eae-4d72-9c2a-0156ee378652->0a6371c7-e9de-42bd-a046-6f0feeb71a95: follower responses appendEntries COMPLETED
2019-09-04 12:58:10,041 [ForkJoinPool.commonPool-worker-0] INFO  impl.StateMachineUpdater (StateMachineUpdater.java:stopAndJoin(115)) - StateMachineUpdater:c961c69f-9eae-4d72-9c2a-0156ee378652:group-262F9AE7B615: set stopIndex = 4
2019-09-04 12:58:10,041 [StateMachineUpdater:c961c69f-9eae-4d72-9c2a-0156ee378652:group-262F9AE7B615] INFO  ratis.ContainerStateMachine (ContainerStateMachine.java:takeSnapshot(284)) - group-262F9AE7B615: Taking a snapshot at:(t:2, i:4) file /workdir/hadoop-ozone/integration-test/target/test-dir/MiniOzoneClusterImpl-ea0c9936-27f2-41d8-a3b5-aa3c9248b619/datanode-1/data/ratis/32767698-0f62-4dce-bb8e-262f9ae7b615/sm/snapshot.2_4
2019-09-04 12:58:10,042 [grpc-default-executor-1] INFO  impl.FollowerInfo (FollowerInfo.java:lambda$new$0(50)) - c961c69f-9eae-4d72-9c2a-0156ee378652->a406e7a3-25da-4471-b260-f46b81080cf7: nextIndex: updateUnconditionally 5 -> 4
2019-09-04 12:58:10,042 [grpc-default-executor-2] INFO  impl.FollowerInfo (FollowerInfo.java:lambda$new$0(50)) - c961c69f-9eae-4d72-9c2a-0156ee378652->0a6371c7-e9de-42bd-a046-6f0feeb71a95: nextIndex: updateUnconditionally 5 -> 4
2019-09-04 12:58:10,050 [StateMachineUpdater:c961c69f-9eae-4d72-9c2a-0156ee378652:group-262F9AE7B615] INFO  ratis.ContainerStateMachine (ContainerStateMachine.java:takeSnapshot(295)) - group-262F9AE7B615: Finished taking a snapshot at:(t:2, i:4) file:/workdir/hadoop-ozone/integration-test/target/test-dir/MiniOzoneClusterImpl-ea0c9936-27f2-41d8-a3b5-aa3c9248b619/datanode-1/data/ratis/32767698-0f62-4dce-bb8e-262f9ae7b615/sm/snapshot.2_4 time:8
2019-09-04 12:58:10,050 [StateMachineUpdater:6cbd16fb-409a-4203-ae13-b6936b2a9753:group-6DE7507FE9B5] INFO  ratis.ContainerStateMachine (ContainerStateMachine.java:takeSnapshot(295)) - group-6DE7507FE9B5: Finished taking a snapshot at:(t:1, i:16) file:/workdir/hadoop-ozone/integration-test/target/test-dir/MiniOzoneClusterImpl-ea0c9936-27f2-41d8-a3b5-aa3c9248b619/datanode-4/data/ratis/ecc10bd4-7cb9-4a06-b907-6de7507fe9b5/sm/snapshot.1_16 time:48
2019-09-04 12:58:10,050 [StateMachineUpdater:c961c69f-9eae-4d72-9c2a-0156ee378652:group-262F9AE7B615] INFO  impl.StateMachineUpdater (StateMachineUpdater.java:takeSnapshot(242)) - StateMachineUpdater:c961c69f-9eae-4d72-9c2a-0156ee378652:group-262F9AE7B615: Took a snapshot at index 4
2019-09-04 12:58:10,050 [StateMachineUpdater:6cbd16fb-409a-4203-ae13-b6936b2a9753:group-6DE7507FE9B5] INFO  impl.StateMachineUpdater (StateMachineUpdater.java:takeSnapshot(242)) - StateMachineUpdater:6cbd16fb-409a-4203-ae13-b6936b2a9753:group-6DE7507FE9B5: Took a snapshot at index 16
2019-09-04 12:58:10,050 [StateMachineUpdater:6cbd16fb-409a-4203-ae13-b6936b2a9753:group-6DE7507FE9B5] INFO  impl.StateMachineUpdater (StateMachineUpdater.java:lambda$new$0(80)) - StateMachineUpdater:6cbd16fb-409a-4203-ae13-b6936b2a9753:group-6DE7507FE9B5: snapshotIndex: updateIncreasingly -1 -> 16
2019-09-04 12:58:10,050 [StateMachineUpdater:c961c69f-9eae-4d72-9c2a-0156ee378652:group-262F9AE7B615] INFO  impl.StateMachineUpdater (StateMachineUpdater.java:lambda$new$0(80)) - StateMachineUpdater:c961c69f-9eae-4d72-9c2a-0156ee378652:group-262F9AE7B615: snapshotIndex: updateIncreasingly -1 -> 4
2019-09-04 12:58:10,065 [ForkJoinPool.commonPool-worker-0] INFO  impl.RaftServerImpl (ServerState.java:close(394)) - c961c69f-9eae-4d72-9c2a-0156ee378652:group-262F9AE7B615 closes. The last applied log index is 4
2019-09-04 12:58:10,065 [main] INFO  impl.RaftServerImpl (ServerState.java:close(394)) - 6cbd16fb-409a-4203-ae13-b6936b2a9753:group-6DE7507FE9B5 closes. The last applied log index is 16
2019-09-04 12:58:10,065 [c961c69f-9eae-4d72-9c2a-0156ee378652-SegmentedRaftLogWorker:Storage Directory /workdir/hadoop-ozone/integration-test/target/test-dir/MiniOzoneClusterImpl-ea0c9936-27f2-41d8-a3b5-aa3c9248b619/datanode-1/data/ratis/32767698-0f62-4dce-bb8e-262f9ae7b615] INFO  segmented.SegmentedRaftLogWorker (SegmentedRaftLogWorker.java:run(313)) - c961c69f-9eae-4d72-9c2a-0156ee378652-SegmentedRaftLogWorker:Storage Directory /workdir/hadoop-ozone/integration-test/target/test-dir/MiniOzoneClusterImpl-ea0c9936-27f2-41d8-a3b5-aa3c9248b619/datanode-1/data/ratis/32767698-0f62-4dce-bb8e-262f9ae7b615 was interrupted, exiting. There are 0 tasks remaining in the queue.
2019-09-04 12:58:10,066 [6cbd16fb-409a-4203-ae13-b6936b2a9753-SegmentedRaftLogWorker:Storage Directory /workdir/hadoop-ozone/integration-test/target/test-dir/MiniOzoneClusterImpl-ea0c9936-27f2-41d8-a3b5-aa3c9248b619/datanode-4/data/ratis/ecc10bd4-7cb9-4a06-b907-6de7507fe9b5] INFO  segmented.SegmentedRaftLogWorker (SegmentedRaftLogWorker.java:run(313)) - 6cbd16fb-409a-4203-ae13-b6936b2a9753-SegmentedRaftLogWorker:Storage Directory /workdir/hadoop-ozone/integration-test/target/test-dir/MiniOzoneClusterImpl-ea0c9936-27f2-41d8-a3b5-aa3c9248b619/datanode-4/data/ratis/ecc10bd4-7cb9-4a06-b907-6de7507fe9b5 was interrupted, exiting. There are 0 tasks remaining in the queue.
2019-09-04 12:58:10,067 [ForkJoinPool.commonPool-worker-0] INFO  segmented.SegmentedRaftLogWorker (SegmentedRaftLogWorker.java:close(228)) - c961c69f-9eae-4d72-9c2a-0156ee378652-SegmentedRaftLogWorker:Storage Directory /workdir/hadoop-ozone/integration-test/target/test-dir/MiniOzoneClusterImpl-ea0c9936-27f2-41d8-a3b5-aa3c9248b619/datanode-1/data/ratis/32767698-0f62-4dce-bb8e-262f9ae7b615 close()
2019-09-04 12:58:10,069 [main] INFO  segmented.SegmentedRaftLogWorker (SegmentedRaftLogWorker.java:close(228)) - 6cbd16fb-409a-4203-ae13-b6936b2a9753-SegmentedRaftLogWorker:Storage Directory /workdir/hadoop-ozone/integration-test/target/test-dir/MiniOzoneClusterImpl-ea0c9936-27f2-41d8-a3b5-aa3c9248b619/datanode-4/data/ratis/ecc10bd4-7cb9-4a06-b907-6de7507fe9b5 close()
2019-09-04 12:58:10,075 [main] INFO  impl.RaftServerImpl (RaftServerImpl.java:lambda$shutdown$3(245)) - 6cbd16fb-409a-4203-ae13-b6936b2a9753: shutdown group-55291206B8FC
2019-09-04 12:58:10,075 [ForkJoinPool.commonPool-worker-0] INFO  server.GrpcService (GrpcService.java:closeImpl(155)) - c961c69f-9eae-4d72-9c2a-0156ee378652: shutdown server with port 37448 now
2019-09-04 12:58:10,075 [main] INFO  util.JmxRegister (JmxRegister.java:unregister(73)) - Successfully un-registered JMX Bean with object name Ratis:service=RaftServer,group=group-55291206B8FC,id=6cbd16fb-409a-4203-ae13-b6936b2a9753
2019-09-04 12:58:10,076 [main] INFO  impl.RoleInfo (RoleInfo.java:shutdownLeaderState(104)) - 6cbd16fb-409a-4203-ae13-b6936b2a9753: shutdown LeaderState
2019-09-04 12:58:10,076 [main] INFO  impl.PendingRequests (PendingRequests.java:sendNotLeaderResponses(202)) - 6cbd16fb-409a-4203-ae13-b6936b2a9753-PendingRequests: sendNotLeaderResponses
2019-09-04 12:58:10,078 [main] INFO  impl.StateMachineUpdater (StateMachineUpdater.java:stopAndJoin(115)) - StateMachineUpdater:6cbd16fb-409a-4203-ae13-b6936b2a9753:group-55291206B8FC: set stopIndex = 0
2019-09-04 12:58:10,078 [main] INFO  impl.RaftServerImpl (ServerState.java:close(394)) - 6cbd16fb-409a-4203-ae13-b6936b2a9753:group-55291206B8FC closes. The last applied log index is 0
2019-09-04 12:58:10,079 [6cbd16fb-409a-4203-ae13-b6936b2a9753-SegmentedRaftLogWorker:Storage Directory /workdir/hadoop-ozone/integration-test/target/test-dir/MiniOzoneClusterImpl-ea0c9936-27f2-41d8-a3b5-aa3c9248b619/datanode-4/data/ratis/29192974-c06a-4900-922c-55291206b8fc] INFO  segmented.SegmentedRaftLogWorker (SegmentedRaftLogWorker.java:run(313)) - 6cbd16fb-409a-4203-ae13-b6936b2a9753-SegmentedRaftLogWorker:Storage Directory /workdir/hadoop-ozone/integration-test/target/test-dir/MiniOzoneClusterImpl-ea0c9936-27f2-41d8-a3b5-aa3c9248b619/datanode-4/data/ratis/29192974-c06a-4900-922c-55291206b8fc was interrupted, exiting. There are 0 tasks remaining in the queue.
2019-09-04 12:58:10,081 [main] INFO  segmented.SegmentedRaftLogWorker (SegmentedRaftLogWorker.java:close(228)) - 6cbd16fb-409a-4203-ae13-b6936b2a9753-SegmentedRaftLogWorker:Storage Directory /workdir/hadoop-ozone/integration-test/target/test-dir/MiniOzoneClusterImpl-ea0c9936-27f2-41d8-a3b5-aa3c9248b619/datanode-4/data/ratis/29192974-c06a-4900-922c-55291206b8fc close()
2019-09-04 12:58:10,084 [main] INFO  server.GrpcService (GrpcService.java:closeImpl(155)) - 6cbd16fb-409a-4203-ae13-b6936b2a9753: shutdown server with port 42358 now
2019-09-04 12:58:10,084 [ForkJoinPool.commonPool-worker-0] INFO  server.GrpcService (GrpcService.java:closeImpl(163)) - c961c69f-9eae-4d72-9c2a-0156ee378652: shutdown server with port 37448 successfully
2019-09-04 12:58:10,092 [main] INFO  server.GrpcService (GrpcService.java:closeImpl(163)) - 6cbd16fb-409a-4203-ae13-b6936b2a9753: shutdown server with port 42358 successfully
2019-09-04 12:58:10,093 [grpc-default-executor-2] WARN  server.GrpcServerProtocolService (LogUtils.java:warn(134)) - 6cbd16fb-409a-4203-ae13-b6936b2a9753: appendEntries onError: org.apache.ratis.thirdparty.io.grpc.StatusRuntimeException: CANCELLED: cancelled before receiving half close
2019-09-04 12:58:10,093 [grpc-default-executor-3] WARN  server.GrpcLogAppender (LogUtils.java:warn(134)) - 0b7b5e0e-aa68-4a1e-b481-ada831baaf89->6cbd16fb-409a-4203-ae13-b6936b2a9753: Failed appendEntries: org.apache.ratis.thirdparty.io.grpc.StatusRuntimeException: CANCELLED: HTTP/2 error code: CANCEL
Received Rst Stream
2019-09-04 12:58:10,095 [grpc-default-executor-3] INFO  impl.FollowerInfo (FollowerInfo.java:lambda$new$0(50)) - 0b7b5e0e-aa68-4a1e-b481-ada831baaf89->6cbd16fb-409a-4203-ae13-b6936b2a9753: nextIndex: updateUnconditionally 17 -> 16
2019-09-04 12:58:10,101 [refreshUsed-/workdir/hadoop-ozone/integration-test/target/test-dir/MiniOzoneClusterImpl-ea0c9936-27f2-41d8-a3b5-aa3c9248b619/datanode-1/data/containers] WARN  fs.CachingGetSpaceUsed (CachingGetSpaceUsed.java:run(183)) - Thread Interrupted waiting to refresh disk information: sleep interrupted
2019-09-04 12:58:10,104 [refreshUsed-/workdir/hadoop-ozone/integration-test/target/test-dir/MiniOzoneClusterImpl-ea0c9936-27f2-41d8-a3b5-aa3c9248b619/datanode-4/data/containers] WARN  fs.CachingGetSpaceUsed (CachingGetSpaceUsed.java:run(183)) - Thread Interrupted waiting to refresh disk information: sleep interrupted
2019-09-04 12:58:10,124 [main] INFO  utils.BackgroundService (BackgroundService.java:shutdown(148)) - Shutting down service BlockDeletingService
2019-09-04 12:58:10,128 [ForkJoinPool.commonPool-worker-0] INFO  utils.BackgroundService (BackgroundService.java:shutdown(148)) - Shutting down service BlockDeletingService
2019-09-04 12:58:10,129 [main] INFO  statemachine.DatanodeStateMachine (DatanodeStateMachine.java:stopDaemon(395)) - Ozone container server stopped.
2019-09-04 12:58:10,133 [ForkJoinPool.commonPool-worker-0] INFO  statemachine.DatanodeStateMachine (DatanodeStateMachine.java:stopDaemon(395)) - Ozone container server stopped.
2019-09-04 12:58:10,138 [main] INFO  handler.ContextHandler (ContextHandler.java:doStop(910)) - Stopped o.e.j.w.WebAppContext@6f94fb9d{/,null,UNAVAILABLE}{/hddsDatanode}
2019-09-04 12:58:10,138 [ForkJoinPool.commonPool-worker-0] INFO  handler.ContextHandler (ContextHandler.java:doStop(910)) - Stopped o.e.j.w.WebAppContext@5460b754{/,null,UNAVAILABLE}{/hddsDatanode}
2019-09-04 12:58:10,139 [main] INFO  server.AbstractConnector (AbstractConnector.java:doStop(318)) - Stopped ServerConnector@17fa1336{HTTP/1.1,[http/1.1]}{0.0.0.0:0}
2019-09-04 12:58:10,139 [ForkJoinPool.commonPool-worker-0] INFO  server.AbstractConnector (AbstractConnector.java:doStop(318)) - Stopped ServerConnector@a9f023e{HTTP/1.1,[http/1.1]}{0.0.0.0:0}
2019-09-04 12:58:10,139 [main] INFO  handler.ContextHandler (ContextHandler.java:doStop(910)) - Stopped o.e.j.s.ServletContextHandler@44f24a20{/static,jar:file:/home/user/.m2/repository/org/apache/hadoop/hadoop-hdds-container-service/0.5.0-SNAPSHOT/hadoop-hdds-container-service-0.5.0-SNAPSHOT.jar!/webapps/static,UNAVAILABLE}
2019-09-04 12:58:10,141 [ForkJoinPool.commonPool-worker-0] INFO  handler.ContextHandler (ContextHandler.java:doStop(910)) - Stopped o.e.j.s.ServletContextHandler@e84fb85{/static,jar:file:/home/user/.m2/repository/org/apache/hadoop/hadoop-hdds-container-service/0.5.0-SNAPSHOT/hadoop-hdds-container-service-0.5.0-SNAPSHOT.jar!/webapps/static,UNAVAILABLE}
2019-09-04 12:58:10,143 [main] INFO  handler.ContextHandler (ContextHandler.java:doStop(910)) - Stopped o.e.j.s.ServletContextHandler@18b8d173{/logs,file:///workdir/hadoop-ozone/integration-test/target/log,UNAVAILABLE}
2019-09-04 12:58:10,143 [ForkJoinPool.commonPool-worker-0] INFO  handler.ContextHandler (ContextHandler.java:doStop(910)) - Stopped o.e.j.s.ServletContextHandler@623dcf2a{/logs,file:///workdir/hadoop-ozone/integration-test/target/log,UNAVAILABLE}
2019-09-04 12:58:10,237 [Datanode State Machine Thread - 0] INFO  statemachine.DatanodeStateMachine (DatanodeStateMachine.java:lambda$startDaemon$0(350)) - Ozone container server started.
2019-09-04 12:58:10,716 [Datanode State Machine Thread - 0] INFO  statemachine.DatanodeStateMachine (DatanodeStateMachine.java:lambda$startDaemon$0(350)) - Ozone container server started.
2019-09-04 12:58:12,100 [grpc-default-executor-3] WARN  server.GrpcLogAppender (LogUtils.java:warn(134)) - 0b7b5e0e-aa68-4a1e-b481-ada831baaf89->6cbd16fb-409a-4203-ae13-b6936b2a9753: Failed appendEntries: org.apache.ratis.thirdparty.io.grpc.StatusRuntimeException: UNAVAILABLE: io exception
2019-09-04 12:58:12,102 [grpc-default-executor-3] INFO  impl.FollowerInfo (FollowerInfo.java:lambda$new$0(50)) - 0b7b5e0e-aa68-4a1e-b481-ada831baaf89->6cbd16fb-409a-4203-ae13-b6936b2a9753: nextIndex: updateUnconditionally 16 -> 15
2019-09-04 12:58:12,238 [grpc-default-executor-2] WARN  server.GrpcLogAppender (LogUtils.java:warn(134)) - 0b7b5e0e-aa68-4a1e-b481-ada831baaf89->6cbd16fb-409a-4203-ae13-b6936b2a9753: Failed appendEntries: org.apache.ratis.thirdparty.io.grpc.StatusRuntimeException: UNAVAILABLE: io exception
2019-09-04 12:58:12,240 [grpc-default-executor-2] INFO  impl.FollowerInfo (FollowerInfo.java:lambda$new$0(50)) - 0b7b5e0e-aa68-4a1e-b481-ada831baaf89->6cbd16fb-409a-4203-ae13-b6936b2a9753: nextIndex: updateUnconditionally 16 -> 15
2019-09-04 12:58:12,251 [grpc-default-executor-1] WARN  server.GrpcLogAppender (LogUtils.java:warn(134)) - 0b7b5e0e-aa68-4a1e-b481-ada831baaf89->6cbd16fb-409a-4203-ae13-b6936b2a9753: Failed appendEntries: org.apache.ratis.thirdparty.io.grpc.StatusRuntimeException: UNAVAILABLE: io exception
2019-09-04 12:58:12,252 [grpc-default-executor-1] INFO  impl.FollowerInfo (FollowerInfo.java:lambda$new$0(50)) - 0b7b5e0e-aa68-4a1e-b481-ada831baaf89->6cbd16fb-409a-4203-ae13-b6936b2a9753: nextIndex: updateUnconditionally 16 -> 15
2019-09-04 12:58:12,263 [grpc-default-executor-2] WARN  server.GrpcLogAppender (LogUtils.java:warn(134)) - 0b7b5e0e-aa68-4a1e-b481-ada831baaf89->6cbd16fb-409a-4203-ae13-b6936b2a9753: Failed appendEntries: org.apache.ratis.thirdparty.io.grpc.StatusRuntimeException: UNAVAILABLE: io exception
2019-09-04 12:58:12,265 [grpc-default-executor-2] INFO  impl.FollowerInfo (FollowerInfo.java:lambda$new$0(50)) - 0b7b5e0e-aa68-4a1e-b481-ada831baaf89->6cbd16fb-409a-4203-ae13-b6936b2a9753: nextIndex: updateUnconditionally 16 -> 15
2019-09-04 12:58:12,271 [RatisApplyTransactionExecutor 1] INFO  interfaces.Container (KeyValueContainer.java:flushAndSyncDB(382)) - Container 1 is synced with bcsId 14.
2019-09-04 12:58:12,272 [RatisApplyTransactionExecutor 1] INFO  interfaces.Container (KeyValueContainer.java:flushAndSyncDB(382)) - Container 1 is synced with bcsId 14.
2019-09-04 12:58:12,299 [EventQueue-IncrementalContainerReportForIncrementalContainerReportHandler] INFO  container.IncrementalContainerReportHandler (AbstractContainerReportHandler.java:updateContainerState(176)) - Moving container #1 to CLOSED state, datanode 0b7b5e0e-aa68-4a1e-b481-ada831baaf89{ip: 192.168.34.40, host: pr-hdds-1553-wz5m7-2465012709, networkLocation: /default-rack, certSerialId: null} reported CLOSED replica.
2019-09-04 12:58:12,310 [RatisApplyTransactionExecutor 1] INFO  interfaces.Container (KeyValueContainer.java:flushAndSyncDB(382)) - Container 1 is synced with bcsId 14.
2019-09-04 12:58:12,312 [RatisApplyTransactionExecutor 1] INFO  interfaces.Container (KeyValueContainer.java:flushAndSyncDB(382)) - Container 1 is synced with bcsId 14.
2019-09-04 12:58:14,282 [EventQueue-StaleNodeForStaleNodeHandler] INFO  node.StaleNodeHandler (StaleNodeHandler.java:onMessage(58)) - Datanode 41b70c7e-0a9b-42f1-bdd5-b75d7be68999{ip: 192.168.34.40, host: pr-hdds-1553-wz5m7-2465012709, networkLocation: /default-rack, certSerialId: null} moved to stale state. Finalizing its pipelines [PipelineID=ecc10bd4-7cb9-4a06-b907-6de7507fe9b5, PipelineID=18014aab-2ab2-44f6-a2e3-75084f681451]
2019-09-04 12:58:14,282 [EventQueue-StaleNodeForStaleNodeHandler] INFO  pipeline.SCMPipelineManager (SCMPipelineManager.java:finalizeAndDestroyPipeline(311)) - destroying pipeline:Pipeline[ Id: ecc10bd4-7cb9-4a06-b907-6de7507fe9b5, Nodes: 41b70c7e-0a9b-42f1-bdd5-b75d7be68999{ip: 192.168.34.40, host: pr-hdds-1553-wz5m7-2465012709, networkLocation: /default-rack, certSerialId: null}6cbd16fb-409a-4203-ae13-b6936b2a9753{ip: 192.168.34.40, host: pr-hdds-1553-wz5m7-2465012709, networkLocation: /default-rack, certSerialId: null}0b7b5e0e-aa68-4a1e-b481-ada831baaf89{ip: 192.168.34.40, host: pr-hdds-1553-wz5m7-2465012709, networkLocation: /default-rack, certSerialId: null}, Type:RATIS, Factor:THREE, State:CLOSED]
2019-09-04 12:58:14,282 [EventQueue-StaleNodeForStaleNodeHandler] INFO  pipeline.SCMPipelineManager (SCMPipelineManager.java:finalizeAndDestroyPipeline(311)) - destroying pipeline:Pipeline[ Id: 18014aab-2ab2-44f6-a2e3-75084f681451, Nodes: 41b70c7e-0a9b-42f1-bdd5-b75d7be68999{ip: 192.168.34.40, host: pr-hdds-1553-wz5m7-2465012709, networkLocation: /default-rack, certSerialId: null}, Type:RATIS, Factor:ONE, State:OPEN]
2019-09-04 12:58:14,282 [EventQueue-StaleNodeForStaleNodeHandler] INFO  pipeline.PipelineStateManager (PipelineStateManager.java:finalizePipeline(123)) - Pipeline Pipeline[ Id: 18014aab-2ab2-44f6-a2e3-75084f681451, Nodes: 41b70c7e-0a9b-42f1-bdd5-b75d7be68999{ip: 192.168.34.40, host: pr-hdds-1553-wz5m7-2465012709, networkLocation: /default-rack, certSerialId: null}, Type:RATIS, Factor:ONE, State:CLOSED] moved to CLOSED state
2019-09-04 12:58:14,767 [grpc-default-executor-3] WARN  server.GrpcLogAppender (LogUtils.java:warn(134)) - 0b7b5e0e-aa68-4a1e-b481-ada831baaf89->6cbd16fb-409a-4203-ae13-b6936b2a9753: Failed appendEntries: org.apache.ratis.thirdparty.io.grpc.StatusRuntimeException: UNAVAILABLE: io exception
2019-09-04 12:58:14,769 [grpc-default-executor-3] INFO  impl.FollowerInfo (FollowerInfo.java:lambda$new$0(50)) - 0b7b5e0e-aa68-4a1e-b481-ada831baaf89->6cbd16fb-409a-4203-ae13-b6936b2a9753: nextIndex: updateUnconditionally 15 -> 14
2019-09-04 12:58:14,783 [EventQueue-StaleNodeForStaleNodeHandler] INFO  node.StaleNodeHandler (StaleNodeHandler.java:onMessage(58)) - Datanode 2e6edd61-a3cd-4fc6-8ced-1e6b5c08eab5{ip: 192.168.34.40, host: pr-hdds-1553-wz5m7-2465012709, networkLocation: /default-rack, certSerialId: null} moved to stale state. Finalizing its pipelines [PipelineID=5e36570b-2ec4-43c7-b730-cdcebf04b733]
2019-09-04 12:58:14,783 [EventQueue-StaleNodeForStaleNodeHandler] INFO  pipeline.SCMPipelineManager (SCMPipelineManager.java:finalizeAndDestroyPipeline(311)) - destroying pipeline:Pipeline[ Id: 5e36570b-2ec4-43c7-b730-cdcebf04b733, Nodes: 2e6edd61-a3cd-4fc6-8ced-1e6b5c08eab5{ip: 192.168.34.40, host: pr-hdds-1553-wz5m7-2465012709, networkLocation: /default-rack, certSerialId: null}, Type:RATIS, Factor:ONE, State:OPEN]
2019-09-04 12:58:14,784 [EventQueue-StaleNodeForStaleNodeHandler] INFO  pipeline.PipelineStateManager (PipelineStateManager.java:finalizePipeline(123)) - Pipeline Pipeline[ Id: 5e36570b-2ec4-43c7-b730-cdcebf04b733, Nodes: 2e6edd61-a3cd-4fc6-8ced-1e6b5c08eab5{ip: 192.168.34.40, host: pr-hdds-1553-wz5m7-2465012709, networkLocation: /default-rack, certSerialId: null}, Type:RATIS, Factor:ONE, State:CLOSED] moved to CLOSED state
2019-09-04 12:58:15,145 [ForkJoinPool.commonPool-worker-0] INFO  ozoneimpl.OzoneContainer (OzoneContainer.java:stop(215)) - Attempting to stop container services.
2019-09-04 12:58:15,145 [main] INFO  ozoneimpl.OzoneContainer (OzoneContainer.java:stop(215)) - Attempting to stop container services.
2019-09-04 12:58:15,146 [ForkJoinPool.commonPool-worker-0] INFO  impl.RaftServerProxy (RaftServerProxy.java:lambda$close$4(314)) - 41b70c7e-0a9b-42f1-bdd5-b75d7be68999: close
2019-09-04 12:58:15,146 [main] INFO  impl.RaftServerProxy (RaftServerProxy.java:lambda$close$4(314)) - 2e6edd61-a3cd-4fc6-8ced-1e6b5c08eab5: close
2019-09-04 12:58:15,146 [ForkJoinPool.commonPool-worker-0] INFO  impl.RaftServerImpl (RaftServerImpl.java:lambda$shutdown$3(245)) - 41b70c7e-0a9b-42f1-bdd5-b75d7be68999: shutdown group-6DE7507FE9B5
2019-09-04 12:58:15,147 [main] INFO  impl.RaftServerImpl (RaftServerImpl.java:lambda$shutdown$3(245)) - 2e6edd61-a3cd-4fc6-8ced-1e6b5c08eab5: shutdown group-CDCEBF04B733
2019-09-04 12:58:15,147 [ForkJoinPool.commonPool-worker-0] INFO  util.JmxRegister (JmxRegister.java:unregister(73)) - Successfully un-registered JMX Bean with object name Ratis:service=RaftServer,group=group-6DE7507FE9B5,id=41b70c7e-0a9b-42f1-bdd5-b75d7be68999
2019-09-04 12:58:15,147 [main] INFO  util.JmxRegister (JmxRegister.java:unregister(73)) - Successfully un-registered JMX Bean with object name Ratis:service=RaftServer,group=group-CDCEBF04B733,id=2e6edd61-a3cd-4fc6-8ced-1e6b5c08eab5
2019-09-04 12:58:15,148 [main] INFO  impl.RoleInfo (RoleInfo.java:shutdownLeaderState(104)) - 2e6edd61-a3cd-4fc6-8ced-1e6b5c08eab5: shutdown LeaderState
2019-09-04 12:58:15,147 [ForkJoinPool.commonPool-worker-0] INFO  impl.RoleInfo (RoleInfo.java:shutdownFollowerState(121)) - 41b70c7e-0a9b-42f1-bdd5-b75d7be68999: shutdown FollowerState
2019-09-04 12:58:15,148 [main] INFO  impl.PendingRequests (PendingRequests.java:sendNotLeaderResponses(202)) - 2e6edd61-a3cd-4fc6-8ced-1e6b5c08eab5-PendingRequests: sendNotLeaderResponses
2019-09-04 12:58:15,149 [Thread-313] INFO  impl.FollowerState (FollowerState.java:run(114)) - 41b70c7e-0a9b-42f1-bdd5-b75d7be68999: FollowerState was interrupted: java.lang.InterruptedException: sleep interrupted
2019-09-04 12:58:15,149 [StateMachineUpdater:41b70c7e-0a9b-42f1-bdd5-b75d7be68999:group-6DE7507FE9B5] INFO  ratis.ContainerStateMachine (ContainerStateMachine.java:takeSnapshot(284)) - group-6DE7507FE9B5: Taking a snapshot at:(t:1, i:17) file /workdir/hadoop-ozone/integration-test/target/test-dir/MiniOzoneClusterImpl-ea0c9936-27f2-41d8-a3b5-aa3c9248b619/datanode-2/data/ratis/ecc10bd4-7cb9-4a06-b907-6de7507fe9b5/sm/snapshot.1_17
2019-09-04 12:58:15,148 [ForkJoinPool.commonPool-worker-0] INFO  impl.StateMachineUpdater (StateMachineUpdater.java:stopAndJoin(115)) - StateMachineUpdater:41b70c7e-0a9b-42f1-bdd5-b75d7be68999:group-6DE7507FE9B5: set stopIndex = 18
2019-09-04 12:58:15,151 [main] INFO  impl.StateMachineUpdater (StateMachineUpdater.java:stopAndJoin(115)) - StateMachineUpdater:2e6edd61-a3cd-4fc6-8ced-1e6b5c08eab5:group-CDCEBF04B733: set stopIndex = 0
2019-09-04 12:58:15,152 [main] INFO  impl.RaftServerImpl (ServerState.java:close(394)) - 2e6edd61-a3cd-4fc6-8ced-1e6b5c08eab5:group-CDCEBF04B733 closes. The last applied log index is 0
2019-09-04 12:58:15,152 [2e6edd61-a3cd-4fc6-8ced-1e6b5c08eab5-SegmentedRaftLogWorker:Storage Directory /workdir/hadoop-ozone/integration-test/target/test-dir/MiniOzoneClusterImpl-ea0c9936-27f2-41d8-a3b5-aa3c9248b619/datanode-3/data/ratis/5e36570b-2ec4-43c7-b730-cdcebf04b733] INFO  segmented.SegmentedRaftLogWorker (SegmentedRaftLogWorker.java:run(313)) - 2e6edd61-a3cd-4fc6-8ced-1e6b5c08eab5-SegmentedRaftLogWorker:Storage Directory /workdir/hadoop-ozone/integration-test/target/test-dir/MiniOzoneClusterImpl-ea0c9936-27f2-41d8-a3b5-aa3c9248b619/datanode-3/data/ratis/5e36570b-2ec4-43c7-b730-cdcebf04b733 was interrupted, exiting. There are 0 tasks remaining in the queue.
2019-09-04 12:58:15,154 [main] INFO  segmented.SegmentedRaftLogWorker (SegmentedRaftLogWorker.java:close(228)) - 2e6edd61-a3cd-4fc6-8ced-1e6b5c08eab5-SegmentedRaftLogWorker:Storage Directory /workdir/hadoop-ozone/integration-test/target/test-dir/MiniOzoneClusterImpl-ea0c9936-27f2-41d8-a3b5-aa3c9248b619/datanode-3/data/ratis/5e36570b-2ec4-43c7-b730-cdcebf04b733 close()
2019-09-04 12:58:15,157 [main] INFO  server.GrpcService (GrpcService.java:closeImpl(155)) - 2e6edd61-a3cd-4fc6-8ced-1e6b5c08eab5: shutdown server with port 45365 now
2019-09-04 12:58:15,159 [main] INFO  server.GrpcService (GrpcService.java:closeImpl(163)) - 2e6edd61-a3cd-4fc6-8ced-1e6b5c08eab5: shutdown server with port 45365 successfully
2019-09-04 12:58:15,160 [refreshUsed-/workdir/hadoop-ozone/integration-test/target/test-dir/MiniOzoneClusterImpl-ea0c9936-27f2-41d8-a3b5-aa3c9248b619/datanode-3/data/containers] WARN  fs.CachingGetSpaceUsed (CachingGetSpaceUsed.java:run(183)) - Thread Interrupted waiting to refresh disk information: sleep interrupted
2019-09-04 12:58:15,166 [StateMachineUpdater:41b70c7e-0a9b-42f1-bdd5-b75d7be68999:group-6DE7507FE9B5] INFO  ratis.ContainerStateMachine (ContainerStateMachine.java:takeSnapshot(295)) - group-6DE7507FE9B5: Finished taking a snapshot at:(t:1, i:17) file:/workdir/hadoop-ozone/integration-test/target/test-dir/MiniOzoneClusterImpl-ea0c9936-27f2-41d8-a3b5-aa3c9248b619/datanode-2/data/ratis/ecc10bd4-7cb9-4a06-b907-6de7507fe9b5/sm/snapshot.1_17 time:16
2019-09-04 12:58:15,167 [StateMachineUpdater:41b70c7e-0a9b-42f1-bdd5-b75d7be68999:group-6DE7507FE9B5] INFO  impl.StateMachineUpdater (StateMachineUpdater.java:takeSnapshot(242)) - StateMachineUpdater:41b70c7e-0a9b-42f1-bdd5-b75d7be68999:group-6DE7507FE9B5: Took a snapshot at index 17
2019-09-04 12:58:15,167 [StateMachineUpdater:41b70c7e-0a9b-42f1-bdd5-b75d7be68999:group-6DE7507FE9B5] INFO  impl.StateMachineUpdater (StateMachineUpdater.java:lambda$new$0(80)) - StateMachineUpdater:41b70c7e-0a9b-42f1-bdd5-b75d7be68999:group-6DE7507FE9B5: snapshotIndex: updateIncreasingly -1 -> 17
2019-09-04 12:58:15,167 [ForkJoinPool.commonPool-worker-0] INFO  impl.RaftServerImpl (ServerState.java:close(394)) - 41b70c7e-0a9b-42f1-bdd5-b75d7be68999:group-6DE7507FE9B5 closes. The last applied log index is 18
2019-09-04 12:58:15,167 [41b70c7e-0a9b-42f1-bdd5-b75d7be68999-SegmentedRaftLogWorker:Storage Directory /workdir/hadoop-ozone/integration-test/target/test-dir/MiniOzoneClusterImpl-ea0c9936-27f2-41d8-a3b5-aa3c9248b619/datanode-2/data/ratis/ecc10bd4-7cb9-4a06-b907-6de7507fe9b5] INFO  segmented.SegmentedRaftLogWorker (SegmentedRaftLogWorker.java:run(313)) - 41b70c7e-0a9b-42f1-bdd5-b75d7be68999-SegmentedRaftLogWorker:Storage Directory /workdir/hadoop-ozone/integration-test/target/test-dir/MiniOzoneClusterImpl-ea0c9936-27f2-41d8-a3b5-aa3c9248b619/datanode-2/data/ratis/ecc10bd4-7cb9-4a06-b907-6de7507fe9b5 was interrupted, exiting. There are 0 tasks remaining in the queue.
2019-09-04 12:58:15,169 [ForkJoinPool.commonPool-worker-0] INFO  segmented.SegmentedRaftLogWorker (SegmentedRaftLogWorker.java:close(228)) - 41b70c7e-0a9b-42f1-bdd5-b75d7be68999-SegmentedRaftLogWorker:Storage Directory /workdir/hadoop-ozone/integration-test/target/test-dir/MiniOzoneClusterImpl-ea0c9936-27f2-41d8-a3b5-aa3c9248b619/datanode-2/data/ratis/ecc10bd4-7cb9-4a06-b907-6de7507fe9b5 close()
2019-09-04 12:58:15,171 [ForkJoinPool.commonPool-worker-0] INFO  impl.RaftServerImpl (RaftServerImpl.java:lambda$shutdown$3(245)) - 41b70c7e-0a9b-42f1-bdd5-b75d7be68999: shutdown group-75084F681451
2019-09-04 12:58:15,172 [ForkJoinPool.commonPool-worker-0] INFO  util.JmxRegister (JmxRegister.java:unregister(73)) - Successfully un-registered JMX Bean with object name Ratis:service=RaftServer,group=group-75084F681451,id=41b70c7e-0a9b-42f1-bdd5-b75d7be68999
2019-09-04 12:58:15,172 [ForkJoinPool.commonPool-worker-0] INFO  impl.RoleInfo (RoleInfo.java:shutdownLeaderState(104)) - 41b70c7e-0a9b-42f1-bdd5-b75d7be68999: shutdown LeaderState
2019-09-04 12:58:15,172 [ForkJoinPool.commonPool-worker-0] INFO  impl.PendingRequests (PendingRequests.java:sendNotLeaderResponses(202)) - 41b70c7e-0a9b-42f1-bdd5-b75d7be68999-PendingRequests: sendNotLeaderResponses
2019-09-04 12:58:15,172 [ForkJoinPool.commonPool-worker-0] INFO  impl.StateMachineUpdater (StateMachineUpdater.java:stopAndJoin(115)) - StateMachineUpdater:41b70c7e-0a9b-42f1-bdd5-b75d7be68999:group-75084F681451: set stopIndex = 0
2019-09-04 12:58:15,173 [ForkJoinPool.commonPool-worker-0] INFO  impl.RaftServerImpl (ServerState.java:close(394)) - 41b70c7e-0a9b-42f1-bdd5-b75d7be68999:group-75084F681451 closes. The last applied log index is 0
2019-09-04 12:58:15,173 [41b70c7e-0a9b-42f1-bdd5-b75d7be68999-SegmentedRaftLogWorker:Storage Directory /workdir/hadoop-ozone/integration-test/target/test-dir/MiniOzoneClusterImpl-ea0c9936-27f2-41d8-a3b5-aa3c9248b619/datanode-2/data/ratis/18014aab-2ab2-44f6-a2e3-75084f681451] INFO  segmented.SegmentedRaftLogWorker (SegmentedRaftLogWorker.java:run(313)) - 41b70c7e-0a9b-42f1-bdd5-b75d7be68999-SegmentedRaftLogWorker:Storage Directory /workdir/hadoop-ozone/integration-test/target/test-dir/MiniOzoneClusterImpl-ea0c9936-27f2-41d8-a3b5-aa3c9248b619/datanode-2/data/ratis/18014aab-2ab2-44f6-a2e3-75084f681451 was interrupted, exiting. There are 0 tasks remaining in the queue.
2019-09-04 12:58:15,175 [ForkJoinPool.commonPool-worker-0] INFO  segmented.SegmentedRaftLogWorker (SegmentedRaftLogWorker.java:close(228)) - 41b70c7e-0a9b-42f1-bdd5-b75d7be68999-SegmentedRaftLogWorker:Storage Directory /workdir/hadoop-ozone/integration-test/target/test-dir/MiniOzoneClusterImpl-ea0c9936-27f2-41d8-a3b5-aa3c9248b619/datanode-2/data/ratis/18014aab-2ab2-44f6-a2e3-75084f681451 close()
2019-09-04 12:58:15,178 [ForkJoinPool.commonPool-worker-0] INFO  server.GrpcService (GrpcService.java:closeImpl(155)) - 41b70c7e-0a9b-42f1-bdd5-b75d7be68999: shutdown server with port 44764 now
2019-09-04 12:58:15,181 [grpc-default-executor-2] WARN  server.GrpcServerProtocolService (LogUtils.java:warn(134)) - 41b70c7e-0a9b-42f1-bdd5-b75d7be68999: appendEntries onError: org.apache.ratis.thirdparty.io.grpc.StatusRuntimeException: CANCELLED: cancelled before receiving half close
2019-09-04 12:58:15,181 [grpc-default-executor-1] WARN  server.GrpcLogAppender (LogUtils.java:warn(134)) - 0b7b5e0e-aa68-4a1e-b481-ada831baaf89->41b70c7e-0a9b-42f1-bdd5-b75d7be68999: Failed appendEntries: org.apache.ratis.thirdparty.io.grpc.StatusRuntimeException: CANCELLED: HTTP/2 error code: CANCEL
Received Rst Stream
2019-09-04 12:58:15,181 [ForkJoinPool.commonPool-worker-0] INFO  server.GrpcService (GrpcService.java:closeImpl(163)) - 41b70c7e-0a9b-42f1-bdd5-b75d7be68999: shutdown server with port 44764 successfully
2019-09-04 12:58:15,183 [grpc-default-executor-1] INFO  impl.FollowerInfo (FollowerInfo.java:lambda$new$0(50)) - 0b7b5e0e-aa68-4a1e-b481-ada831baaf89->41b70c7e-0a9b-42f1-bdd5-b75d7be68999: nextIndex: updateUnconditionally 19 -> 18
2019-09-04 12:58:15,184 [refreshUsed-/workdir/hadoop-ozone/integration-test/target/test-dir/MiniOzoneClusterImpl-ea0c9936-27f2-41d8-a3b5-aa3c9248b619/datanode-2/data/containers] WARN  fs.CachingGetSpaceUsed (CachingGetSpaceUsed.java:run(183)) - Thread Interrupted waiting to refresh disk information: sleep interrupted
2019-09-04 12:58:15,190 [main] INFO  utils.BackgroundService (BackgroundService.java:shutdown(148)) - Shutting down service BlockDeletingService
2019-09-04 12:58:15,193 [main] INFO  statemachine.DatanodeStateMachine (DatanodeStateMachine.java:stopDaemon(395)) - Ozone container server stopped.
2019-09-04 12:58:15,194 [main] INFO  handler.ContextHandler (ContextHandler.java:doStop(910)) - Stopped o.e.j.w.WebAppContext@43af351a{/,null,UNAVAILABLE}{/hddsDatanode}
2019-09-04 12:58:15,195 [main] INFO  server.AbstractConnector (AbstractConnector.java:doStop(318)) - Stopped ServerConnector@1305c126{HTTP/1.1,[http/1.1]}{0.0.0.0:0}
2019-09-04 12:58:15,195 [main] INFO  handler.ContextHandler (ContextHandler.java:doStop(910)) - Stopped o.e.j.s.ServletContextHandler@6342d610{/static,jar:file:/home/user/.m2/repository/org/apache/hadoop/hadoop-hdds-container-service/0.5.0-SNAPSHOT/hadoop-hdds-container-service-0.5.0-SNAPSHOT.jar!/webapps/static,UNAVAILABLE}
2019-09-04 12:58:15,195 [main] INFO  handler.ContextHandler (ContextHandler.java:doStop(910)) - Stopped o.e.j.s.ServletContextHandler@53f4c1e6{/logs,file:///workdir/hadoop-ozone/integration-test/target/log,UNAVAILABLE}
2019-09-04 12:58:15,199 [ForkJoinPool.commonPool-worker-0] INFO  utils.BackgroundService (BackgroundService.java:shutdown(148)) - Shutting down service BlockDeletingService
2019-09-04 12:58:15,202 [ForkJoinPool.commonPool-worker-0] INFO  statemachine.DatanodeStateMachine (DatanodeStateMachine.java:stopDaemon(395)) - Ozone container server stopped.
2019-09-04 12:58:15,206 [ForkJoinPool.commonPool-worker-0] INFO  handler.ContextHandler (ContextHandler.java:doStop(910)) - Stopped o.e.j.w.WebAppContext@4d21c56e{/,null,UNAVAILABLE}{/hddsDatanode}
2019-09-04 12:58:15,207 [ForkJoinPool.commonPool-worker-0] INFO  server.AbstractConnector (AbstractConnector.java:doStop(318)) - Stopped ServerConnector@726aa968{HTTP/1.1,[http/1.1]}{0.0.0.0:0}
2019-09-04 12:58:15,208 [ForkJoinPool.commonPool-worker-0] INFO  handler.ContextHandler (ContextHandler.java:doStop(910)) - Stopped o.e.j.s.ServletContextHandler@5b5e7036{/static,jar:file:/home/user/.m2/repository/org/apache/hadoop/hadoop-hdds-container-service/0.5.0-SNAPSHOT/hadoop-hdds-container-service-0.5.0-SNAPSHOT.jar!/webapps/static,UNAVAILABLE}
2019-09-04 12:58:15,209 [ForkJoinPool.commonPool-worker-0] INFO  handler.ContextHandler (ContextHandler.java:doStop(910)) - Stopped o.e.j.s.ServletContextHandler@2924f1d8{/logs,file:///workdir/hadoop-ozone/integration-test/target/log,UNAVAILABLE}
2019-09-04 12:58:15,298 [Datanode State Machine Thread - 0] INFO  statemachine.DatanodeStateMachine (DatanodeStateMachine.java:lambda$startDaemon$0(350)) - Ozone container server started.
2019-09-04 12:58:15,832 [Datanode State Machine Thread - 0] INFO  statemachine.DatanodeStateMachine (DatanodeStateMachine.java:lambda$startDaemon$0(350)) - Ozone container server started.
2019-09-04 12:58:17,277 [grpc-default-executor-3] WARN  server.GrpcLogAppender (LogUtils.java:warn(134)) - 0b7b5e0e-aa68-4a1e-b481-ada831baaf89->6cbd16fb-409a-4203-ae13-b6936b2a9753: Failed appendEntries: org.apache.ratis.thirdparty.io.grpc.StatusRuntimeException: UNAVAILABLE: io exception
2019-09-04 12:58:17,277 [grpc-default-executor-0] WARN  server.GrpcLogAppender (LogUtils.java:warn(134)) - 0b7b5e0e-aa68-4a1e-b481-ada831baaf89->41b70c7e-0a9b-42f1-bdd5-b75d7be68999: Failed appendEntries: org.apache.ratis.thirdparty.io.grpc.StatusRuntimeException: UNAVAILABLE: io exception
2019-09-04 12:58:17,283 [grpc-default-executor-3] INFO  impl.FollowerInfo (FollowerInfo.java:lambda$new$0(50)) - 0b7b5e0e-aa68-4a1e-b481-ada831baaf89->6cbd16fb-409a-4203-ae13-b6936b2a9753: nextIndex: updateUnconditionally 14 -> 13
2019-09-04 12:58:17,283 [grpc-default-executor-0] INFO  impl.FollowerInfo (FollowerInfo.java:lambda$new$0(50)) - 0b7b5e0e-aa68-4a1e-b481-ada831baaf89->41b70c7e-0a9b-42f1-bdd5-b75d7be68999: nextIndex: updateUnconditionally 18 -> 17
2019-09-04 12:58:19,158 [Thread-410] INFO  impl.FollowerState (FollowerState.java:run(106)) - a406e7a3-25da-4471-b260-f46b81080cf7:group-262F9AE7B615 changes to CANDIDATE, lastRpcTime:9256, electionTimeout:5117ms
2019-09-04 12:58:19,159 [Thread-410] INFO  impl.RoleInfo (RoleInfo.java:shutdownFollowerState(121)) - a406e7a3-25da-4471-b260-f46b81080cf7: shutdown FollowerState
2019-09-04 12:58:19,159 [Thread-410] INFO  impl.RaftServerImpl (RaftServerImpl.java:setRole(171)) - a406e7a3-25da-4471-b260-f46b81080cf7:group-262F9AE7B615 changes role from FOLLOWER to CANDIDATE at term 2 for changeToCandidate
2019-09-04 12:58:19,159 [Thread-410] INFO  impl.RoleInfo (RoleInfo.java:updateAndGet(143)) - a406e7a3-25da-4471-b260-f46b81080cf7: start LeaderElection
2019-09-04 12:58:19,161 [a406e7a3-25da-4471-b260-f46b81080cf7:group-262F9AE7B615:LeaderElection14] INFO  impl.RaftServerImpl (ServerState.java:setLeader(263)) - a406e7a3-25da-4471-b260-f46b81080cf7:group-262F9AE7B615 change Leader from c961c69f-9eae-4d72-9c2a-0156ee378652 to null at term 2 for initElection
2019-09-04 12:58:19,270 [Thread-411] INFO  impl.FollowerState (FollowerState.java:run(106)) - 0a6371c7-e9de-42bd-a046-6f0feeb71a95:group-262F9AE7B615 changes to CANDIDATE, lastRpcTime:9366, electionTimeout:5084ms
2019-09-04 12:58:19,270 [Thread-411] INFO  impl.RoleInfo (RoleInfo.java:shutdownFollowerState(121)) - 0a6371c7-e9de-42bd-a046-6f0feeb71a95: shutdown FollowerState
2019-09-04 12:58:19,270 [Thread-411] INFO  impl.RaftServerImpl (RaftServerImpl.java:setRole(171)) - 0a6371c7-e9de-42bd-a046-6f0feeb71a95:group-262F9AE7B615 changes role from FOLLOWER to CANDIDATE at term 2 for changeToCandidate
2019-09-04 12:58:19,271 [Thread-411] INFO  impl.RoleInfo (RoleInfo.java:updateAndGet(143)) - 0a6371c7-e9de-42bd-a046-6f0feeb71a95: start LeaderElection
2019-09-04 12:58:19,277 [0a6371c7-e9de-42bd-a046-6f0feeb71a95:group-262F9AE7B615:LeaderElection15] INFO  impl.RaftServerImpl (ServerState.java:setLeader(263)) - 0a6371c7-e9de-42bd-a046-6f0feeb71a95:group-262F9AE7B615 change Leader from c961c69f-9eae-4d72-9c2a-0156ee378652 to null at term 2 for initElection
2019-09-04 12:58:19,392 [EventQueue-StaleNodeForStaleNodeHandler] INFO  node.StaleNodeHandler (StaleNodeHandler.java:onMessage(58)) - Datanode 0b7b5e0e-aa68-4a1e-b481-ada831baaf89{ip: 192.168.34.40, host: pr-hdds-1553-wz5m7-2465012709, networkLocation: /default-rack, certSerialId: null} moved to stale state. Finalizing its pipelines [PipelineID=ecc10bd4-7cb9-4a06-b907-6de7507fe9b5, PipelineID=4aab226d-352a-4f31-bbc8-1cd7a3021f93]
2019-09-04 12:58:19,392 [EventQueue-StaleNodeForStaleNodeHandler] INFO  pipeline.SCMPipelineManager (SCMPipelineManager.java:finalizeAndDestroyPipeline(311)) - destroying pipeline:Pipeline[ Id: ecc10bd4-7cb9-4a06-b907-6de7507fe9b5, Nodes: 41b70c7e-0a9b-42f1-bdd5-b75d7be68999{ip: 192.168.34.40, host: pr-hdds-1553-wz5m7-2465012709, networkLocation: /default-rack, certSerialId: null}6cbd16fb-409a-4203-ae13-b6936b2a9753{ip: 192.168.34.40, host: pr-hdds-1553-wz5m7-2465012709, networkLocation: /default-rack, certSerialId: null}0b7b5e0e-aa68-4a1e-b481-ada831baaf89{ip: 192.168.34.40, host: pr-hdds-1553-wz5m7-2465012709, networkLocation: /default-rack, certSerialId: null}, Type:RATIS, Factor:THREE, State:CLOSED]
2019-09-04 12:58:19,393 [EventQueue-StaleNodeForStaleNodeHandler] INFO  pipeline.SCMPipelineManager (SCMPipelineManager.java:finalizeAndDestroyPipeline(311)) - destroying pipeline:Pipeline[ Id: 4aab226d-352a-4f31-bbc8-1cd7a3021f93, Nodes: 0b7b5e0e-aa68-4a1e-b481-ada831baaf89{ip: 192.168.34.40, host: pr-hdds-1553-wz5m7-2465012709, networkLocation: /default-rack, certSerialId: null}, Type:RATIS, Factor:ONE, State:OPEN]
2019-09-04 12:58:19,393 [EventQueue-StaleNodeForStaleNodeHandler] INFO  pipeline.PipelineStateManager (PipelineStateManager.java:finalizePipeline(123)) - Pipeline Pipeline[ Id: 4aab226d-352a-4f31-bbc8-1cd7a3021f93, Nodes: 0b7b5e0e-aa68-4a1e-b481-ada831baaf89{ip: 192.168.34.40, host: pr-hdds-1553-wz5m7-2465012709, networkLocation: /default-rack, certSerialId: null}, Type:RATIS, Factor:ONE, State:CLOSED] moved to CLOSED state
2019-09-04 12:58:19,483 [a406e7a3-25da-4471-b260-f46b81080cf7:group-262F9AE7B615:LeaderElection14] INFO  impl.LeaderElection (LeaderElection.java:askForVotes(181)) - a406e7a3-25da-4471-b260-f46b81080cf7:group-262F9AE7B615:LeaderElection14: begin an election at term 3 for 0: [a406e7a3-25da-4471-b260-f46b81080cf7:192.168.34.40:44207, 0a6371c7-e9de-42bd-a046-6f0feeb71a95:192.168.34.40:42776, c961c69f-9eae-4d72-9c2a-0156ee378652:192.168.34.40:37448], old=null
2019-09-04 12:58:19,492 [a406e7a3-25da-4471-b260-f46b81080cf7:group-262F9AE7B615:LeaderElection14] INFO  impl.LeaderElection (LogUtils.java:infoOrTrace(149)) - a406e7a3-25da-4471-b260-f46b81080cf7:group-262F9AE7B615:LeaderElection14 got exception when requesting votes: {}
java.util.concurrent.ExecutionException: org.apache.ratis.thirdparty.io.grpc.StatusRuntimeException: UNAVAILABLE: io exception
	at java.util.concurrent.FutureTask.report(FutureTask.java:122)
	at java.util.concurrent.FutureTask.get(FutureTask.java:192)
	at org.apache.ratis.server.impl.LeaderElection.waitForResults(LeaderElection.java:262)
	at org.apache.ratis.server.impl.LeaderElection.askForVotes(LeaderElection.java:200)
	at org.apache.ratis.server.impl.LeaderElection.run(LeaderElection.java:130)
	at java.lang.Thread.run(Thread.java:748)
Caused by: org.apache.ratis.thirdparty.io.grpc.StatusRuntimeException: UNAVAILABLE: io exception
	at org.apache.ratis.thirdparty.io.grpc.stub.ClientCalls.toStatusRuntimeException(ClientCalls.java:233)
	at org.apache.ratis.thirdparty.io.grpc.stub.ClientCalls.getUnchecked(ClientCalls.java:214)
	at org.apache.ratis.thirdparty.io.grpc.stub.ClientCalls.blockingUnaryCall(ClientCalls.java:139)
	at org.apache.ratis.proto.grpc.RaftServerProtocolServiceGrpc$RaftServerProtocolServiceBlockingStub.requestVote(RaftServerProtocolServiceGrpc.java:265)
	at org.apache.ratis.grpc.server.GrpcServerProtocolClient.requestVote(GrpcServerProtocolClient.java:83)
	at org.apache.ratis.grpc.server.GrpcService.requestVote(GrpcService.java:195)
	at org.apache.ratis.server.impl.LeaderElection.lambda$submitRequests$1(LeaderElection.java:237)
	at java.util.concurrent.FutureTask.run(FutureTask.java:266)
	at java.util.concurrent.Executors$RunnableAdapter.call(Executors.java:511)
	at java.util.concurrent.FutureTask.run(FutureTask.java:266)
	at java.util.concurrent.ThreadPoolExecutor.runWorker(ThreadPoolExecutor.java:1149)
	at java.util.concurrent.ThreadPoolExecutor$Worker.run(ThreadPoolExecutor.java:624)
	... 1 more
Caused by: org.apache.ratis.thirdparty.io.netty.channel.AbstractChannel$AnnotatedConnectException: Connection refused: /192.168.34.40:37448
	at sun.nio.ch.SocketChannelImpl.checkConnect(Native Method)
	at sun.nio.ch.SocketChannelImpl.finishConnect(SocketChannelImpl.java:717)
	at org.apache.ratis.thirdparty.io.netty.channel.socket.nio.NioSocketChannel.doFinishConnect(NioSocketChannel.java:327)
	at org.apache.ratis.thirdparty.io.netty.channel.nio.AbstractNioChannel$AbstractNioUnsafe.finishConnect(AbstractNioChannel.java:340)
	at org.apache.ratis.thirdparty.io.netty.channel.nio.NioEventLoop.processSelectedKey(NioEventLoop.java:632)
	at org.apache.ratis.thirdparty.io.netty.channel.nio.NioEventLoop.processSelectedKeysOptimized(NioEventLoop.java:579)
	at org.apache.ratis.thirdparty.io.netty.channel.nio.NioEventLoop.processSelectedKeys(NioEventLoop.java:496)
	at org.apache.ratis.thirdparty.io.netty.channel.nio.NioEventLoop.run(NioEventLoop.java:458)
	at org.apache.ratis.thirdparty.io.netty.util.concurrent.SingleThreadEventExecutor$5.run(SingleThreadEventExecutor.java:897)
	at org.apache.ratis.thirdparty.io.netty.util.concurrent.FastThreadLocalRunnable.run(FastThreadLocalRunnable.java:30)
	... 1 more
Caused by: java.net.ConnectException: Connection refused
	... 11 more
2019-09-04 12:58:19,532 [0a6371c7-e9de-42bd-a046-6f0feeb71a95:group-262F9AE7B615:LeaderElection15] INFO  impl.LeaderElection (LeaderElection.java:askForVotes(181)) - 0a6371c7-e9de-42bd-a046-6f0feeb71a95:group-262F9AE7B615:LeaderElection15: begin an election at term 3 for 0: [a406e7a3-25da-4471-b260-f46b81080cf7:192.168.34.40:44207, 0a6371c7-e9de-42bd-a046-6f0feeb71a95:192.168.34.40:42776, c961c69f-9eae-4d72-9c2a-0156ee378652:192.168.34.40:37448], old=null
2019-09-04 12:58:19,534 [a406e7a3-25da-4471-b260-f46b81080cf7:group-262F9AE7B615:LeaderElection14] INFO  impl.LeaderElection (LeaderElection.java:logAndReturn(56)) - a406e7a3-25da-4471-b260-f46b81080cf7:group-262F9AE7B615:LeaderElection14: Election REJECTED; received 1 response(s) [a406e7a3-25da-4471-b260-f46b81080cf7<-0a6371c7-e9de-42bd-a046-6f0feeb71a95#0:FAIL-t3] and 1 exception(s); a406e7a3-25da-4471-b260-f46b81080cf7:t3, leader=null, voted=a406e7a3-25da-4471-b260-f46b81080cf7, raftlog=a406e7a3-25da-4471-b260-f46b81080cf7-SegmentedRaftLog:OPENED:c4,f4,i4, conf=0: [a406e7a3-25da-4471-b260-f46b81080cf7:192.168.34.40:44207, 0a6371c7-e9de-42bd-a046-6f0feeb71a95:192.168.34.40:42776, c961c69f-9eae-4d72-9c2a-0156ee378652:192.168.34.40:37448], old=null
2019-09-04 12:58:19,535 [a406e7a3-25da-4471-b260-f46b81080cf7:group-262F9AE7B615:LeaderElection14] INFO  impl.LeaderElection (LogUtils.java:infoOrTrace(149)) -   Exception 0: {}
java.util.concurrent.ExecutionException: org.apache.ratis.thirdparty.io.grpc.StatusRuntimeException: UNAVAILABLE: io exception
	at java.util.concurrent.FutureTask.report(FutureTask.java:122)
	at java.util.concurrent.FutureTask.get(FutureTask.java:192)
	at org.apache.ratis.server.impl.LeaderElection.waitForResults(LeaderElection.java:262)
	at org.apache.ratis.server.impl.LeaderElection.askForVotes(LeaderElection.java:200)
	at org.apache.ratis.server.impl.LeaderElection.run(LeaderElection.java:130)
	at java.lang.Thread.run(Thread.java:748)
Caused by: org.apache.ratis.thirdparty.io.grpc.StatusRuntimeException: UNAVAILABLE: io exception
	at org.apache.ratis.thirdparty.io.grpc.stub.ClientCalls.toStatusRuntimeException(ClientCalls.java:233)
	at org.apache.ratis.thirdparty.io.grpc.stub.ClientCalls.getUnchecked(ClientCalls.java:214)
	at org.apache.ratis.thirdparty.io.grpc.stub.ClientCalls.blockingUnaryCall(ClientCalls.java:139)
	at org.apache.ratis.proto.grpc.RaftServerProtocolServiceGrpc$RaftServerProtocolServiceBlockingStub.requestVote(RaftServerProtocolServiceGrpc.java:265)
	at org.apache.ratis.grpc.server.GrpcServerProtocolClient.requestVote(GrpcServerProtocolClient.java:83)
	at org.apache.ratis.grpc.server.GrpcService.requestVote(GrpcService.java:195)
	at org.apache.ratis.server.impl.LeaderElection.lambda$submitRequests$1(LeaderElection.java:237)
	at java.util.concurrent.FutureTask.run(FutureTask.java:266)
	at java.util.concurrent.Executors$RunnableAdapter.call(Executors.java:511)
	at java.util.concurrent.FutureTask.run(FutureTask.java:266)
	at java.util.concurrent.ThreadPoolExecutor.runWorker(ThreadPoolExecutor.java:1149)
	at java.util.concurrent.ThreadPoolExecutor$Worker.run(ThreadPoolExecutor.java:624)
	... 1 more
Caused by: org.apache.ratis.thirdparty.io.netty.channel.AbstractChannel$AnnotatedConnectException: Connection refused: /192.168.34.40:37448
	at sun.nio.ch.SocketChannelImpl.checkConnect(Native Method)
	at sun.nio.ch.SocketChannelImpl.finishConnect(SocketChannelImpl.java:717)
	at org.apache.ratis.thirdparty.io.netty.channel.socket.nio.NioSocketChannel.doFinishConnect(NioSocketChannel.java:327)
	at org.apache.ratis.thirdparty.io.netty.channel.nio.AbstractNioChannel$AbstractNioUnsafe.finishConnect(AbstractNioChannel.java:340)
	at org.apache.ratis.thirdparty.io.netty.channel.nio.NioEventLoop.processSelectedKey(NioEventLoop.java:632)
	at org.apache.ratis.thirdparty.io.netty.channel.nio.NioEventLoop.processSelectedKeysOptimized(NioEventLoop.java:579)
	at org.apache.ratis.thirdparty.io.netty.channel.nio.NioEventLoop.processSelectedKeys(NioEventLoop.java:496)
	at org.apache.ratis.thirdparty.io.netty.channel.nio.NioEventLoop.run(NioEventLoop.java:458)
	at org.apache.ratis.thirdparty.io.netty.util.concurrent.SingleThreadEventExecutor$5.run(SingleThreadEventExecutor.java:897)
	at org.apache.ratis.thirdparty.io.netty.util.concurrent.FastThreadLocalRunnable.run(FastThreadLocalRunnable.java:30)
	... 1 more
Caused by: java.net.ConnectException: Connection refused
	... 11 more
2019-09-04 12:58:19,537 [a406e7a3-25da-4471-b260-f46b81080cf7:group-262F9AE7B615:LeaderElection14] INFO  impl.RaftServerImpl (RaftServerImpl.java:setRole(171)) - a406e7a3-25da-4471-b260-f46b81080cf7:group-262F9AE7B615 changes role from CANDIDATE to FOLLOWER at term 3 for DISCOVERED_A_NEW_TERM
2019-09-04 12:58:19,538 [a406e7a3-25da-4471-b260-f46b81080cf7:group-262F9AE7B615:LeaderElection14] INFO  impl.RoleInfo (RoleInfo.java:shutdownLeaderElection(134)) - a406e7a3-25da-4471-b260-f46b81080cf7: shutdown LeaderElection
2019-09-04 12:58:19,540 [0a6371c7-e9de-42bd-a046-6f0feeb71a95:group-262F9AE7B615:LeaderElection15] INFO  impl.LeaderElection (LogUtils.java:infoOrTrace(149)) - 0a6371c7-e9de-42bd-a046-6f0feeb71a95:group-262F9AE7B615:LeaderElection15 got exception when requesting votes: {}
java.util.concurrent.ExecutionException: org.apache.ratis.thirdparty.io.grpc.StatusRuntimeException: UNAVAILABLE: io exception
	at java.util.concurrent.FutureTask.report(FutureTask.java:122)
	at java.util.concurrent.FutureTask.get(FutureTask.java:192)
	at org.apache.ratis.server.impl.LeaderElection.waitForResults(LeaderElection.java:262)
	at org.apache.ratis.server.impl.LeaderElection.askForVotes(LeaderElection.java:200)
	at org.apache.ratis.server.impl.LeaderElection.run(LeaderElection.java:130)
	at java.lang.Thread.run(Thread.java:748)
Caused by: org.apache.ratis.thirdparty.io.grpc.StatusRuntimeException: UNAVAILABLE: io exception
	at org.apache.ratis.thirdparty.io.grpc.stub.ClientCalls.toStatusRuntimeException(ClientCalls.java:233)
	at org.apache.ratis.thirdparty.io.grpc.stub.ClientCalls.getUnchecked(ClientCalls.java:214)
	at org.apache.ratis.thirdparty.io.grpc.stub.ClientCalls.blockingUnaryCall(ClientCalls.java:139)
	at org.apache.ratis.proto.grpc.RaftServerProtocolServiceGrpc$RaftServerProtocolServiceBlockingStub.requestVote(RaftServerProtocolServiceGrpc.java:265)
	at org.apache.ratis.grpc.server.GrpcServerProtocolClient.requestVote(GrpcServerProtocolClient.java:83)
	at org.apache.ratis.grpc.server.GrpcService.requestVote(GrpcService.java:195)
	at org.apache.ratis.server.impl.LeaderElection.lambda$submitRequests$1(LeaderElection.java:237)
	at java.util.concurrent.FutureTask.run(FutureTask.java:266)
	at java.util.concurrent.Executors$RunnableAdapter.call(Executors.java:511)
	at java.util.concurrent.FutureTask.run(FutureTask.java:266)
	at java.util.concurrent.ThreadPoolExecutor.runWorker(ThreadPoolExecutor.java:1149)
	at java.util.concurrent.ThreadPoolExecutor$Worker.run(ThreadPoolExecutor.java:624)
	... 1 more
Caused by: org.apache.ratis.thirdparty.io.netty.channel.AbstractChannel$AnnotatedConnectException: Connection refused: /192.168.34.40:37448
	at sun.nio.ch.SocketChannelImpl.checkConnect(Native Method)
	at sun.nio.ch.SocketChannelImpl.finishConnect(SocketChannelImpl.java:717)
	at org.apache.ratis.thirdparty.io.netty.channel.socket.nio.NioSocketChannel.doFinishConnect(NioSocketChannel.java:327)
	at org.apache.ratis.thirdparty.io.netty.channel.nio.AbstractNioChannel$AbstractNioUnsafe.finishConnect(AbstractNioChannel.java:340)
	at org.apache.ratis.thirdparty.io.netty.channel.nio.NioEventLoop.processSelectedKey(NioEventLoop.java:632)
	at org.apache.ratis.thirdparty.io.netty.channel.nio.NioEventLoop.processSelectedKeysOptimized(NioEventLoop.java:579)
	at org.apache.ratis.thirdparty.io.netty.channel.nio.NioEventLoop.processSelectedKeys(NioEventLoop.java:496)
	at org.apache.ratis.thirdparty.io.netty.channel.nio.NioEventLoop.run(NioEventLoop.java:458)
	at org.apache.ratis.thirdparty.io.netty.util.concurrent.SingleThreadEventExecutor$5.run(SingleThreadEventExecutor.java:897)
	at org.apache.ratis.thirdparty.io.netty.util.concurrent.FastThreadLocalRunnable.run(FastThreadLocalRunnable.java:30)
	... 1 more
Caused by: java.net.ConnectException: Connection refused
	... 11 more
2019-09-04 12:58:19,540 [a406e7a3-25da-4471-b260-f46b81080cf7:group-262F9AE7B615:LeaderElection14] INFO  impl.RoleInfo (RoleInfo.java:updateAndGet(143)) - a406e7a3-25da-4471-b260-f46b81080cf7: start FollowerState
2019-09-04 12:58:19,545 [0a6371c7-e9de-42bd-a046-6f0feeb71a95:group-262F9AE7B615:LeaderElection15] INFO  impl.LeaderElection (LeaderElection.java:logAndReturn(56)) - 0a6371c7-e9de-42bd-a046-6f0feeb71a95:group-262F9AE7B615:LeaderElection15: Election REJECTED; received 1 response(s) [0a6371c7-e9de-42bd-a046-6f0feeb71a95<-a406e7a3-25da-4471-b260-f46b81080cf7#0:FAIL-t3] and 1 exception(s); 0a6371c7-e9de-42bd-a046-6f0feeb71a95:t3, leader=null, voted=0a6371c7-e9de-42bd-a046-6f0feeb71a95, raftlog=0a6371c7-e9de-42bd-a046-6f0feeb71a95-SegmentedRaftLog:OPENED:c4,f4,i4, conf=0: [a406e7a3-25da-4471-b260-f46b81080cf7:192.168.34.40:44207, 0a6371c7-e9de-42bd-a046-6f0feeb71a95:192.168.34.40:42776, c961c69f-9eae-4d72-9c2a-0156ee378652:192.168.34.40:37448], old=null
2019-09-04 12:58:19,545 [0a6371c7-e9de-42bd-a046-6f0feeb71a95:group-262F9AE7B615:LeaderElection15] INFO  impl.LeaderElection (LogUtils.java:infoOrTrace(149)) -   Exception 0: {}
java.util.concurrent.ExecutionException: org.apache.ratis.thirdparty.io.grpc.StatusRuntimeException: UNAVAILABLE: io exception
	at java.util.concurrent.FutureTask.report(FutureTask.java:122)
	at java.util.concurrent.FutureTask.get(FutureTask.java:192)
	at org.apache.ratis.server.impl.LeaderElection.waitForResults(LeaderElection.java:262)
	at org.apache.ratis.server.impl.LeaderElection.askForVotes(LeaderElection.java:200)
	at org.apache.ratis.server.impl.LeaderElection.run(LeaderElection.java:130)
	at java.lang.Thread.run(Thread.java:748)
Caused by: org.apache.ratis.thirdparty.io.grpc.StatusRuntimeException: UNAVAILABLE: io exception
	at org.apache.ratis.thirdparty.io.grpc.stub.ClientCalls.toStatusRuntimeException(ClientCalls.java:233)
	at org.apache.ratis.thirdparty.io.grpc.stub.ClientCalls.getUnchecked(ClientCalls.java:214)
	at org.apache.ratis.thirdparty.io.grpc.stub.ClientCalls.blockingUnaryCall(ClientCalls.java:139)
	at org.apache.ratis.proto.grpc.RaftServerProtocolServiceGrpc$RaftServerProtocolServiceBlockingStub.requestVote(RaftServerProtocolServiceGrpc.java:265)
	at org.apache.ratis.grpc.server.GrpcServerProtocolClient.requestVote(GrpcServerProtocolClient.java:83)
	at org.apache.ratis.grpc.server.GrpcService.requestVote(GrpcService.java:195)
	at org.apache.ratis.server.impl.LeaderElection.lambda$submitRequests$1(LeaderElection.java:237)
	at java.util.concurrent.FutureTask.run(FutureTask.java:266)
	at java.util.concurrent.Executors$RunnableAdapter.call(Executors.java:511)
	at java.util.concurrent.FutureTask.run(FutureTask.java:266)
	at java.util.concurrent.ThreadPoolExecutor.runWorker(ThreadPoolExecutor.java:1149)
	at java.util.concurrent.ThreadPoolExecutor$Worker.run(ThreadPoolExecutor.java:624)
	... 1 more
Caused by: org.apache.ratis.thirdparty.io.netty.channel.AbstractChannel$AnnotatedConnectException: Connection refused: /192.168.34.40:37448
	at sun.nio.ch.SocketChannelImpl.checkConnect(Native Method)
	at sun.nio.ch.SocketChannelImpl.finishConnect(SocketChannelImpl.java:717)
	at org.apache.ratis.thirdparty.io.netty.channel.socket.nio.NioSocketChannel.doFinishConnect(NioSocketChannel.java:327)
	at org.apache.ratis.thirdparty.io.netty.channel.nio.AbstractNioChannel$AbstractNioUnsafe.finishConnect(AbstractNioChannel.java:340)
	at org.apache.ratis.thirdparty.io.netty.channel.nio.NioEventLoop.processSelectedKey(NioEventLoop.java:632)
	at org.apache.ratis.thirdparty.io.netty.channel.nio.NioEventLoop.processSelectedKeysOptimized(NioEventLoop.java:579)
	at org.apache.ratis.thirdparty.io.netty.channel.nio.NioEventLoop.processSelectedKeys(NioEventLoop.java:496)
	at org.apache.ratis.thirdparty.io.netty.channel.nio.NioEventLoop.run(NioEventLoop.java:458)
	at org.apache.ratis.thirdparty.io.netty.util.concurrent.SingleThreadEventExecutor$5.run(SingleThreadEventExecutor.java:897)
	at org.apache.ratis.thirdparty.io.netty.util.concurrent.FastThreadLocalRunnable.run(FastThreadLocalRunnable.java:30)
	... 1 more
Caused by: java.net.ConnectException: Connection refused
	... 11 more
2019-09-04 12:58:19,546 [0a6371c7-e9de-42bd-a046-6f0feeb71a95:group-262F9AE7B615:LeaderElection15] INFO  impl.RaftServerImpl (RaftServerImpl.java:setRole(171)) - 0a6371c7-e9de-42bd-a046-6f0feeb71a95:group-262F9AE7B615 changes role from CANDIDATE to FOLLOWER at term 3 for DISCOVERED_A_NEW_TERM
2019-09-04 12:58:19,547 [0a6371c7-e9de-42bd-a046-6f0feeb71a95:group-262F9AE7B615:LeaderElection15] INFO  impl.RoleInfo (RoleInfo.java:shutdownLeaderElection(134)) - 0a6371c7-e9de-42bd-a046-6f0feeb71a95: shutdown LeaderElection
2019-09-04 12:58:19,547 [0a6371c7-e9de-42bd-a046-6f0feeb71a95:group-262F9AE7B615:LeaderElection15] INFO  impl.RoleInfo (RoleInfo.java:updateAndGet(143)) - 0a6371c7-e9de-42bd-a046-6f0feeb71a95: start FollowerState
2019-09-04 12:58:19,778 [grpc-default-executor-2] WARN  server.GrpcLogAppender (LogUtils.java:warn(134)) - 0b7b5e0e-aa68-4a1e-b481-ada831baaf89->41b70c7e-0a9b-42f1-bdd5-b75d7be68999: Failed appendEntries: org.apache.ratis.thirdparty.io.grpc.StatusRuntimeException: UNAVAILABLE: io exception
2019-09-04 12:58:19,781 [grpc-default-executor-1] WARN  server.GrpcLogAppender (LogUtils.java:warn(134)) - 0b7b5e0e-aa68-4a1e-b481-ada831baaf89->6cbd16fb-409a-4203-ae13-b6936b2a9753: Failed appendEntries: org.apache.ratis.thirdparty.io.grpc.StatusRuntimeException: UNAVAILABLE: io exception
2019-09-04 12:58:19,781 [grpc-default-executor-2] INFO  impl.FollowerInfo (FollowerInfo.java:lambda$new$0(50)) - 0b7b5e0e-aa68-4a1e-b481-ada831baaf89->41b70c7e-0a9b-42f1-bdd5-b75d7be68999: nextIndex: updateUnconditionally 17 -> 16
2019-09-04 12:58:19,782 [grpc-default-executor-1] INFO  impl.FollowerInfo (FollowerInfo.java:lambda$new$0(50)) - 0b7b5e0e-aa68-4a1e-b481-ada831baaf89->6cbd16fb-409a-4203-ae13-b6936b2a9753: nextIndex: updateUnconditionally 13 -> 12
2019-09-04 12:58:19,893 [EventQueue-StaleNodeForStaleNodeHandler] INFO  node.StaleNodeHandler (StaleNodeHandler.java:onMessage(58)) - Datanode 0a6371c7-e9de-42bd-a046-6f0feeb71a95{ip: 192.168.34.40, host: pr-hdds-1553-wz5m7-2465012709, networkLocation: /default-rack, certSerialId: null} moved to stale state. Finalizing its pipelines [PipelineID=32767698-0f62-4dce-bb8e-262f9ae7b615, PipelineID=8edb2abd-2cbe-4758-94fe-7048c7234546]
2019-09-04 12:58:19,893 [EventQueue-StaleNodeForStaleNodeHandler] INFO  pipeline.SCMPipelineManager (SCMPipelineManager.java:finalizeAndDestroyPipeline(311)) - destroying pipeline:Pipeline[ Id: 32767698-0f62-4dce-bb8e-262f9ae7b615, Nodes: a406e7a3-25da-4471-b260-f46b81080cf7{ip: 192.168.34.40, host: pr-hdds-1553-wz5m7-2465012709, networkLocation: /default-rack, certSerialId: null}c961c69f-9eae-4d72-9c2a-0156ee378652{ip: 192.168.34.40, host: pr-hdds-1553-wz5m7-2465012709, networkLocation: /default-rack, certSerialId: null}0a6371c7-e9de-42bd-a046-6f0feeb71a95{ip: 192.168.34.40, host: pr-hdds-1553-wz5m7-2465012709, networkLocation: /default-rack, certSerialId: null}, Type:RATIS, Factor:THREE, State:CLOSED]
2019-09-04 12:58:19,893 [EventQueue-StaleNodeForStaleNodeHandler] INFO  pipeline.SCMPipelineManager (SCMPipelineManager.java:finalizeAndDestroyPipeline(311)) - destroying pipeline:Pipeline[ Id: 8edb2abd-2cbe-4758-94fe-7048c7234546, Nodes: 0a6371c7-e9de-42bd-a046-6f0feeb71a95{ip: 192.168.34.40, host: pr-hdds-1553-wz5m7-2465012709, networkLocation: /default-rack, certSerialId: null}, Type:RATIS, Factor:ONE, State:OPEN]
2019-09-04 12:58:19,894 [EventQueue-StaleNodeForStaleNodeHandler] INFO  pipeline.PipelineStateManager (PipelineStateManager.java:finalizePipeline(123)) - Pipeline Pipeline[ Id: 8edb2abd-2cbe-4758-94fe-7048c7234546, Nodes: 0a6371c7-e9de-42bd-a046-6f0feeb71a95{ip: 192.168.34.40, host: pr-hdds-1553-wz5m7-2465012709, networkLocation: /default-rack, certSerialId: null}, Type:RATIS, Factor:ONE, State:CLOSED] moved to CLOSED state
2019-09-04 12:58:20,196 [main] INFO  ozoneimpl.OzoneContainer (OzoneContainer.java:stop(215)) - Attempting to stop container services.
2019-09-04 12:58:20,197 [main] INFO  impl.RaftServerProxy (RaftServerProxy.java:lambda$close$4(314)) - 0b7b5e0e-aa68-4a1e-b481-ada831baaf89: close
2019-09-04 12:58:20,198 [main] INFO  impl.RaftServerImpl (RaftServerImpl.java:lambda$shutdown$3(245)) - 0b7b5e0e-aa68-4a1e-b481-ada831baaf89: shutdown group-6DE7507FE9B5
2019-09-04 12:58:20,198 [main] INFO  util.JmxRegister (JmxRegister.java:unregister(73)) - Successfully un-registered JMX Bean with object name Ratis:service=RaftServer,group=group-6DE7507FE9B5,id=0b7b5e0e-aa68-4a1e-b481-ada831baaf89
2019-09-04 12:58:20,198 [main] INFO  impl.RoleInfo (RoleInfo.java:shutdownLeaderState(104)) - 0b7b5e0e-aa68-4a1e-b481-ada831baaf89: shutdown LeaderState
2019-09-04 12:58:20,202 [org.apache.ratis.server.impl.LogAppender$AppenderDaemon$$Lambda$510/8438413@3cf42173] WARN  server.GrpcLogAppender (GrpcLogAppender.java:mayWait(143)) - GrpcLogAppender(0b7b5e0e-aa68-4a1e-b481-ada831baaf89->6cbd16fb-409a-4203-ae13-b6936b2a9753): Wait interrupted by java.lang.InterruptedException
2019-09-04 12:58:20,203 [org.apache.ratis.server.impl.LogAppender$AppenderDaemon$$Lambda$510/8438413@4eadf55] WARN  server.GrpcLogAppender (GrpcLogAppender.java:mayWait(143)) - GrpcLogAppender(0b7b5e0e-aa68-4a1e-b481-ada831baaf89->41b70c7e-0a9b-42f1-bdd5-b75d7be68999): Wait interrupted by java.lang.InterruptedException
2019-09-04 12:58:20,203 [main] INFO  impl.PendingRequests (PendingRequests.java:sendNotLeaderResponses(202)) - 0b7b5e0e-aa68-4a1e-b481-ada831baaf89-PendingRequests: sendNotLeaderResponses
2019-09-04 12:58:20,206 [main] INFO  impl.StateMachineUpdater (StateMachineUpdater.java:stopAndJoin(115)) - StateMachineUpdater:0b7b5e0e-aa68-4a1e-b481-ada831baaf89:group-6DE7507FE9B5: set stopIndex = 18
2019-09-04 12:58:20,206 [StateMachineUpdater:0b7b5e0e-aa68-4a1e-b481-ada831baaf89:group-6DE7507FE9B5] INFO  ratis.ContainerStateMachine (ContainerStateMachine.java:takeSnapshot(284)) - group-6DE7507FE9B5: Taking a snapshot at:(t:1, i:18) file /workdir/hadoop-ozone/integration-test/target/test-dir/MiniOzoneClusterImpl-ea0c9936-27f2-41d8-a3b5-aa3c9248b619/datanode-6/data/ratis/ecc10bd4-7cb9-4a06-b907-6de7507fe9b5/sm/snapshot.1_18
2019-09-04 12:58:20,212 [ForkJoinPool.commonPool-worker-0] INFO  ozoneimpl.OzoneContainer (OzoneContainer.java:stop(215)) - Attempting to stop container services.
2019-09-04 12:58:20,213 [ForkJoinPool.commonPool-worker-0] INFO  impl.RaftServerProxy (RaftServerProxy.java:lambda$close$4(314)) - 0a6371c7-e9de-42bd-a046-6f0feeb71a95: close
2019-09-04 12:58:20,213 [ForkJoinPool.commonPool-worker-0] INFO  impl.RaftServerImpl (RaftServerImpl.java:lambda$shutdown$3(245)) - 0a6371c7-e9de-42bd-a046-6f0feeb71a95: shutdown group-262F9AE7B615
2019-09-04 12:58:20,213 [ForkJoinPool.commonPool-worker-0] INFO  util.JmxRegister (JmxRegister.java:unregister(73)) - Successfully un-registered JMX Bean with object name Ratis:service=RaftServer,group=group-262F9AE7B615,id=0a6371c7-e9de-42bd-a046-6f0feeb71a95
2019-09-04 12:58:20,213 [ForkJoinPool.commonPool-worker-0] INFO  impl.RoleInfo (RoleInfo.java:shutdownFollowerState(121)) - 0a6371c7-e9de-42bd-a046-6f0feeb71a95: shutdown FollowerState
2019-09-04 12:58:20,214 [ForkJoinPool.commonPool-worker-0] INFO  impl.StateMachineUpdater (StateMachineUpdater.java:stopAndJoin(115)) - StateMachineUpdater:0a6371c7-e9de-42bd-a046-6f0feeb71a95:group-262F9AE7B615: set stopIndex = 4
2019-09-04 12:58:20,214 [Thread-464] INFO  impl.FollowerState (FollowerState.java:run(114)) - 0a6371c7-e9de-42bd-a046-6f0feeb71a95: FollowerState was interrupted: java.lang.InterruptedException: sleep interrupted
2019-09-04 12:58:20,214 [StateMachineUpdater:0a6371c7-e9de-42bd-a046-6f0feeb71a95:group-262F9AE7B615] INFO  ratis.ContainerStateMachine (ContainerStateMachine.java:takeSnapshot(284)) - group-262F9AE7B615: Taking a snapshot at:(t:2, i:3) file /workdir/hadoop-ozone/integration-test/target/test-dir/MiniOzoneClusterImpl-ea0c9936-27f2-41d8-a3b5-aa3c9248b619/datanode-0/data/ratis/32767698-0f62-4dce-bb8e-262f9ae7b615/sm/snapshot.2_3
2019-09-04 12:58:20,331 [StateMachineUpdater:0a6371c7-e9de-42bd-a046-6f0feeb71a95:group-262F9AE7B615] INFO  ratis.ContainerStateMachine (ContainerStateMachine.java:takeSnapshot(295)) - group-262F9AE7B615: Finished taking a snapshot at:(t:2, i:3) file:/workdir/hadoop-ozone/integration-test/target/test-dir/MiniOzoneClusterImpl-ea0c9936-27f2-41d8-a3b5-aa3c9248b619/datanode-0/data/ratis/32767698-0f62-4dce-bb8e-262f9ae7b615/sm/snapshot.2_3 time:117
2019-09-04 12:58:20,331 [StateMachineUpdater:0b7b5e0e-aa68-4a1e-b481-ada831baaf89:group-6DE7507FE9B5] INFO  ratis.ContainerStateMachine (ContainerStateMachine.java:takeSnapshot(295)) - group-6DE7507FE9B5: Finished taking a snapshot at:(t:1, i:18) file:/workdir/hadoop-ozone/integration-test/target/test-dir/MiniOzoneClusterImpl-ea0c9936-27f2-41d8-a3b5-aa3c9248b619/datanode-6/data/ratis/ecc10bd4-7cb9-4a06-b907-6de7507fe9b5/sm/snapshot.1_18 time:125
2019-09-04 12:58:20,331 [StateMachineUpdater:0a6371c7-e9de-42bd-a046-6f0feeb71a95:group-262F9AE7B615] INFO  impl.StateMachineUpdater (StateMachineUpdater.java:takeSnapshot(242)) - StateMachineUpdater:0a6371c7-e9de-42bd-a046-6f0feeb71a95:group-262F9AE7B615: Took a snapshot at index 3
2019-09-04 12:58:20,331 [StateMachineUpdater:0b7b5e0e-aa68-4a1e-b481-ada831baaf89:group-6DE7507FE9B5] INFO  impl.StateMachineUpdater (StateMachineUpdater.java:takeSnapshot(242)) - StateMachineUpdater:0b7b5e0e-aa68-4a1e-b481-ada831baaf89:group-6DE7507FE9B5: Took a snapshot at index 18
2019-09-04 12:58:20,331 [StateMachineUpdater:0a6371c7-e9de-42bd-a046-6f0feeb71a95:group-262F9AE7B615] INFO  impl.StateMachineUpdater (StateMachineUpdater.java:lambda$new$0(80)) - StateMachineUpdater:0a6371c7-e9de-42bd-a046-6f0feeb71a95:group-262F9AE7B615: snapshotIndex: updateIncreasingly -1 -> 3
2019-09-04 12:58:20,331 [StateMachineUpdater:0b7b5e0e-aa68-4a1e-b481-ada831baaf89:group-6DE7507FE9B5] INFO  impl.StateMachineUpdater (StateMachineUpdater.java:lambda$new$0(80)) - StateMachineUpdater:0b7b5e0e-aa68-4a1e-b481-ada831baaf89:group-6DE7507FE9B5: snapshotIndex: updateIncreasingly -1 -> 18
2019-09-04 12:58:20,332 [main] INFO  impl.RaftServerImpl (ServerState.java:close(394)) - 0b7b5e0e-aa68-4a1e-b481-ada831baaf89:group-6DE7507FE9B5 closes. The last applied log index is 18
2019-09-04 12:58:20,332 [ForkJoinPool.commonPool-worker-0] INFO  impl.RaftServerImpl (ServerState.java:close(394)) - 0a6371c7-e9de-42bd-a046-6f0feeb71a95:group-262F9AE7B615 closes. The last applied log index is 4
2019-09-04 12:58:20,333 [0b7b5e0e-aa68-4a1e-b481-ada831baaf89-SegmentedRaftLogWorker:Storage Directory /workdir/hadoop-ozone/integration-test/target/test-dir/MiniOzoneClusterImpl-ea0c9936-27f2-41d8-a3b5-aa3c9248b619/datanode-6/data/ratis/ecc10bd4-7cb9-4a06-b907-6de7507fe9b5] INFO  segmented.SegmentedRaftLogWorker (SegmentedRaftLogWorker.java:run(313)) - 0b7b5e0e-aa68-4a1e-b481-ada831baaf89-SegmentedRaftLogWorker:Storage Directory /workdir/hadoop-ozone/integration-test/target/test-dir/MiniOzoneClusterImpl-ea0c9936-27f2-41d8-a3b5-aa3c9248b619/datanode-6/data/ratis/ecc10bd4-7cb9-4a06-b907-6de7507fe9b5 was interrupted, exiting. There are 0 tasks remaining in the queue.
2019-09-04 12:58:20,333 [0a6371c7-e9de-42bd-a046-6f0feeb71a95-SegmentedRaftLogWorker:Storage Directory /workdir/hadoop-ozone/integration-test/target/test-dir/MiniOzoneClusterImpl-ea0c9936-27f2-41d8-a3b5-aa3c9248b619/datanode-0/data/ratis/32767698-0f62-4dce-bb8e-262f9ae7b615] INFO  segmented.SegmentedRaftLogWorker (SegmentedRaftLogWorker.java:run(313)) - 0a6371c7-e9de-42bd-a046-6f0feeb71a95-SegmentedRaftLogWorker:Storage Directory /workdir/hadoop-ozone/integration-test/target/test-dir/MiniOzoneClusterImpl-ea0c9936-27f2-41d8-a3b5-aa3c9248b619/datanode-0/data/ratis/32767698-0f62-4dce-bb8e-262f9ae7b615 was interrupted, exiting. There are 0 tasks remaining in the queue.
2019-09-04 12:58:20,334 [main] INFO  segmented.SegmentedRaftLogWorker (SegmentedRaftLogWorker.java:close(228)) - 0b7b5e0e-aa68-4a1e-b481-ada831baaf89-SegmentedRaftLogWorker:Storage Directory /workdir/hadoop-ozone/integration-test/target/test-dir/MiniOzoneClusterImpl-ea0c9936-27f2-41d8-a3b5-aa3c9248b619/datanode-6/data/ratis/ecc10bd4-7cb9-4a06-b907-6de7507fe9b5 close()
2019-09-04 12:58:20,336 [ForkJoinPool.commonPool-worker-0] INFO  segmented.SegmentedRaftLogWorker (SegmentedRaftLogWorker.java:close(228)) - 0a6371c7-e9de-42bd-a046-6f0feeb71a95-SegmentedRaftLogWorker:Storage Directory /workdir/hadoop-ozone/integration-test/target/test-dir/MiniOzoneClusterImpl-ea0c9936-27f2-41d8-a3b5-aa3c9248b619/datanode-0/data/ratis/32767698-0f62-4dce-bb8e-262f9ae7b615 close()
2019-09-04 12:58:20,338 [main] INFO  impl.RaftServerImpl (RaftServerImpl.java:lambda$shutdown$3(245)) - 0b7b5e0e-aa68-4a1e-b481-ada831baaf89: shutdown group-1CD7A3021F93
2019-09-04 12:58:20,341 [ForkJoinPool.commonPool-worker-0] INFO  impl.RaftServerImpl (RaftServerImpl.java:lambda$shutdown$3(245)) - 0a6371c7-e9de-42bd-a046-6f0feeb71a95: shutdown group-7048C7234546
2019-09-04 12:58:20,341 [main] INFO  util.JmxRegister (JmxRegister.java:unregister(73)) - Successfully un-registered JMX Bean with object name Ratis:service=RaftServer,group=group-1CD7A3021F93,id=0b7b5e0e-aa68-4a1e-b481-ada831baaf89
2019-09-04 12:58:20,341 [ForkJoinPool.commonPool-worker-0] INFO  util.JmxRegister (JmxRegister.java:unregister(73)) - Successfully un-registered JMX Bean with object name Ratis:service=RaftServer,group=group-7048C7234546,id=0a6371c7-e9de-42bd-a046-6f0feeb71a95
2019-09-04 12:58:20,342 [main] INFO  impl.RoleInfo (RoleInfo.java:shutdownLeaderState(104)) - 0b7b5e0e-aa68-4a1e-b481-ada831baaf89: shutdown LeaderState
2019-09-04 12:58:20,342 [ForkJoinPool.commonPool-worker-0] INFO  impl.RoleInfo (RoleInfo.java:shutdownLeaderState(104)) - 0a6371c7-e9de-42bd-a046-6f0feeb71a95: shutdown LeaderState
2019-09-04 12:58:20,342 [main] INFO  impl.PendingRequests (PendingRequests.java:sendNotLeaderResponses(202)) - 0b7b5e0e-aa68-4a1e-b481-ada831baaf89-PendingRequests: sendNotLeaderResponses
2019-09-04 12:58:20,343 [ForkJoinPool.commonPool-worker-0] INFO  impl.PendingRequests (PendingRequests.java:sendNotLeaderResponses(202)) - 0a6371c7-e9de-42bd-a046-6f0feeb71a95-PendingRequests: sendNotLeaderResponses
2019-09-04 12:58:20,343 [main] INFO  impl.StateMachineUpdater (StateMachineUpdater.java:stopAndJoin(115)) - StateMachineUpdater:0b7b5e0e-aa68-4a1e-b481-ada831baaf89:group-1CD7A3021F93: set stopIndex = 0
2019-09-04 12:58:20,344 [ForkJoinPool.commonPool-worker-0] INFO  impl.StateMachineUpdater (StateMachineUpdater.java:stopAndJoin(115)) - StateMachineUpdater:0a6371c7-e9de-42bd-a046-6f0feeb71a95:group-7048C7234546: set stopIndex = 0
2019-09-04 12:58:20,344 [main] INFO  impl.RaftServerImpl (ServerState.java:close(394)) - 0b7b5e0e-aa68-4a1e-b481-ada831baaf89:group-1CD7A3021F93 closes. The last applied log index is 0
2019-09-04 12:58:20,344 [ForkJoinPool.commonPool-worker-0] INFO  impl.RaftServerImpl (ServerState.java:close(394)) - 0a6371c7-e9de-42bd-a046-6f0feeb71a95:group-7048C7234546 closes. The last applied log index is 0
2019-09-04 12:58:20,345 [0b7b5e0e-aa68-4a1e-b481-ada831baaf89-SegmentedRaftLogWorker:Storage Directory /workdir/hadoop-ozone/integration-test/target/test-dir/MiniOzoneClusterImpl-ea0c9936-27f2-41d8-a3b5-aa3c9248b619/datanode-6/data/ratis/4aab226d-352a-4f31-bbc8-1cd7a3021f93] INFO  segmented.SegmentedRaftLogWorker (SegmentedRaftLogWorker.java:run(313)) - 0b7b5e0e-aa68-4a1e-b481-ada831baaf89-SegmentedRaftLogWorker:Storage Directory /workdir/hadoop-ozone/integration-test/target/test-dir/MiniOzoneClusterImpl-ea0c9936-27f2-41d8-a3b5-aa3c9248b619/datanode-6/data/ratis/4aab226d-352a-4f31-bbc8-1cd7a3021f93 was interrupted, exiting. There are 0 tasks remaining in the queue.
2019-09-04 12:58:20,345 [0a6371c7-e9de-42bd-a046-6f0feeb71a95-SegmentedRaftLogWorker:Storage Directory /workdir/hadoop-ozone/integration-test/target/test-dir/MiniOzoneClusterImpl-ea0c9936-27f2-41d8-a3b5-aa3c9248b619/datanode-0/data/ratis/8edb2abd-2cbe-4758-94fe-7048c7234546] INFO  segmented.SegmentedRaftLogWorker (SegmentedRaftLogWorker.java:run(313)) - 0a6371c7-e9de-42bd-a046-6f0feeb71a95-SegmentedRaftLogWorker:Storage Directory /workdir/hadoop-ozone/integration-test/target/test-dir/MiniOzoneClusterImpl-ea0c9936-27f2-41d8-a3b5-aa3c9248b619/datanode-0/data/ratis/8edb2abd-2cbe-4758-94fe-7048c7234546 was interrupted, exiting. There are 0 tasks remaining in the queue.
2019-09-04 12:58:20,346 [main] INFO  segmented.SegmentedRaftLogWorker (SegmentedRaftLogWorker.java:close(228)) - 0b7b5e0e-aa68-4a1e-b481-ada831baaf89-SegmentedRaftLogWorker:Storage Directory /workdir/hadoop-ozone/integration-test/target/test-dir/MiniOzoneClusterImpl-ea0c9936-27f2-41d8-a3b5-aa3c9248b619/datanode-6/data/ratis/4aab226d-352a-4f31-bbc8-1cd7a3021f93 close()
2019-09-04 12:58:20,351 [ForkJoinPool.commonPool-worker-0] INFO  segmented.SegmentedRaftLogWorker (SegmentedRaftLogWorker.java:close(228)) - 0a6371c7-e9de-42bd-a046-6f0feeb71a95-SegmentedRaftLogWorker:Storage Directory /workdir/hadoop-ozone/integration-test/target/test-dir/MiniOzoneClusterImpl-ea0c9936-27f2-41d8-a3b5-aa3c9248b619/datanode-0/data/ratis/8edb2abd-2cbe-4758-94fe-7048c7234546 close()
2019-09-04 12:58:20,352 [main] INFO  server.GrpcService (GrpcService.java:closeImpl(155)) - 0b7b5e0e-aa68-4a1e-b481-ada831baaf89: shutdown server with port 41108 now
2019-09-04 12:58:20,354 [ForkJoinPool.commonPool-worker-0] INFO  server.GrpcService (GrpcService.java:closeImpl(155)) - 0a6371c7-e9de-42bd-a046-6f0feeb71a95: shutdown server with port 42776 now
2019-09-04 12:58:20,355 [ForkJoinPool.commonPool-worker-0] INFO  server.GrpcService (GrpcService.java:closeImpl(163)) - 0a6371c7-e9de-42bd-a046-6f0feeb71a95: shutdown server with port 42776 successfully
2019-09-04 12:58:20,355 [main] INFO  server.GrpcService (GrpcService.java:closeImpl(163)) - 0b7b5e0e-aa68-4a1e-b481-ada831baaf89: shutdown server with port 41108 successfully
2019-09-04 12:58:20,357 [grpc-default-executor-2] WARN  client.GrpcClientProtocolService (LogUtils.java:warn(134)) - 3-UnorderedRequestStreamObserver3: onError: org.apache.ratis.thirdparty.io.grpc.StatusRuntimeException: CANCELLED: cancelled before receiving half close
2019-09-04 12:58:20,358 [refreshUsed-/workdir/hadoop-ozone/integration-test/target/test-dir/MiniOzoneClusterImpl-ea0c9936-27f2-41d8-a3b5-aa3c9248b619/datanode-6/data/containers] WARN  fs.CachingGetSpaceUsed (CachingGetSpaceUsed.java:run(183)) - Thread Interrupted waiting to refresh disk information: sleep interrupted
2019-09-04 12:58:20,360 [refreshUsed-/workdir/hadoop-ozone/integration-test/target/test-dir/MiniOzoneClusterImpl-ea0c9936-27f2-41d8-a3b5-aa3c9248b619/datanode-0/data/containers] WARN  fs.CachingGetSpaceUsed (CachingGetSpaceUsed.java:run(183)) - Thread Interrupted waiting to refresh disk information: sleep interrupted
2019-09-04 12:58:20,377 [ForkJoinPool.commonPool-worker-0] INFO  utils.BackgroundService (BackgroundService.java:shutdown(148)) - Shutting down service BlockDeletingService
2019-09-04 12:58:20,380 [ForkJoinPool.commonPool-worker-0] INFO  statemachine.DatanodeStateMachine (DatanodeStateMachine.java:stopDaemon(395)) - Ozone container server stopped.
2019-09-04 12:58:20,384 [ForkJoinPool.commonPool-worker-0] INFO  handler.ContextHandler (ContextHandler.java:doStop(910)) - Stopped o.e.j.w.WebAppContext@252dc8c4{/,null,UNAVAILABLE}{/hddsDatanode}
2019-09-04 12:58:20,384 [ForkJoinPool.commonPool-worker-0] INFO  server.AbstractConnector (AbstractConnector.java:doStop(318)) - Stopped ServerConnector@43045f9f{HTTP/1.1,[http/1.1]}{0.0.0.0:0}
2019-09-04 12:58:20,386 [ForkJoinPool.commonPool-worker-0] INFO  handler.ContextHandler (ContextHandler.java:doStop(910)) - Stopped o.e.j.s.ServletContextHandler@1e58512c{/static,jar:file:/home/user/.m2/repository/org/apache/hadoop/hadoop-hdds-container-service/0.5.0-SNAPSHOT/hadoop-hdds-container-service-0.5.0-SNAPSHOT.jar!/webapps/static,UNAVAILABLE}
2019-09-04 12:58:20,387 [ForkJoinPool.commonPool-worker-0] INFO  handler.ContextHandler (ContextHandler.java:doStop(910)) - Stopped o.e.j.s.ServletContextHandler@508a65bf{/logs,file:///workdir/hadoop-ozone/integration-test/target/log,UNAVAILABLE}
2019-09-04 12:58:20,390 [main] INFO  utils.BackgroundService (BackgroundService.java:shutdown(148)) - Shutting down service BlockDeletingService
2019-09-04 12:58:20,393 [main] INFO  statemachine.DatanodeStateMachine (DatanodeStateMachine.java:stopDaemon(395)) - Ozone container server stopped.
2019-09-04 12:58:20,394 [main] INFO  handler.ContextHandler (ContextHandler.java:doStop(910)) - Stopped o.e.j.w.WebAppContext@66b59b7d{/,null,UNAVAILABLE}{/hddsDatanode}
2019-09-04 12:58:20,395 [main] INFO  server.AbstractConnector (AbstractConnector.java:doStop(318)) - Stopped ServerConnector@53311681{HTTP/1.1,[http/1.1]}{0.0.0.0:0}
2019-09-04 12:58:20,395 [main] INFO  handler.ContextHandler (ContextHandler.java:doStop(910)) - Stopped o.e.j.s.ServletContextHandler@3d0035d2{/static,jar:file:/home/user/.m2/repository/org/apache/hadoop/hadoop-hdds-container-service/0.5.0-SNAPSHOT/hadoop-hdds-container-service-0.5.0-SNAPSHOT.jar!/webapps/static,UNAVAILABLE}
2019-09-04 12:58:20,396 [main] INFO  handler.ContextHandler (ContextHandler.java:doStop(910)) - Stopped o.e.j.s.ServletContextHandler@2dc3271b{/logs,file:///workdir/hadoop-ozone/integration-test/target/log,UNAVAILABLE}
2019-09-04 12:58:20,846 [Datanode State Machine Thread - 0] INFO  statemachine.DatanodeStateMachine (DatanodeStateMachine.java:lambda$startDaemon$0(350)) - Ozone container server started.
2019-09-04 12:58:24,598 [Thread-463] INFO  impl.FollowerState (FollowerState.java:run(106)) - a406e7a3-25da-4471-b260-f46b81080cf7:group-262F9AE7B615 changes to CANDIDATE, lastRpcTime:5058, electionTimeout:5055ms
2019-09-04 12:58:24,599 [Thread-463] INFO  impl.RoleInfo (RoleInfo.java:shutdownFollowerState(121)) - a406e7a3-25da-4471-b260-f46b81080cf7: shutdown FollowerState
2019-09-04 12:58:24,599 [Thread-463] INFO  impl.RaftServerImpl (RaftServerImpl.java:setRole(171)) - a406e7a3-25da-4471-b260-f46b81080cf7:group-262F9AE7B615 changes role from FOLLOWER to CANDIDATE at term 3 for changeToCandidate
2019-09-04 12:58:24,599 [Thread-463] INFO  impl.RoleInfo (RoleInfo.java:updateAndGet(143)) - a406e7a3-25da-4471-b260-f46b81080cf7: start LeaderElection
2019-09-04 12:58:24,902 [EventQueue-StaleNodeForStaleNodeHandler] INFO  node.StaleNodeHandler (StaleNodeHandler.java:onMessage(58)) - Datanode a406e7a3-25da-4471-b260-f46b81080cf7{ip: 192.168.34.40, host: pr-hdds-1553-wz5m7-2465012709, networkLocation: /default-rack, certSerialId: null} moved to stale state. Finalizing its pipelines [PipelineID=32767698-0f62-4dce-bb8e-262f9ae7b615, PipelineID=2bafeac2-e191-43e6-888b-7029949d55da]
2019-09-04 12:58:24,903 [EventQueue-StaleNodeForStaleNodeHandler] INFO  pipeline.SCMPipelineManager (SCMPipelineManager.java:finalizeAndDestroyPipeline(311)) - destroying pipeline:Pipeline[ Id: 32767698-0f62-4dce-bb8e-262f9ae7b615, Nodes: a406e7a3-25da-4471-b260-f46b81080cf7{ip: 192.168.34.40, host: pr-hdds-1553-wz5m7-2465012709, networkLocation: /default-rack, certSerialId: null}c961c69f-9eae-4d72-9c2a-0156ee378652{ip: 192.168.34.40, host: pr-hdds-1553-wz5m7-2465012709, networkLocation: /default-rack, certSerialId: null}0a6371c7-e9de-42bd-a046-6f0feeb71a95{ip: 192.168.34.40, host: pr-hdds-1553-wz5m7-2465012709, networkLocation: /default-rack, certSerialId: null}, Type:RATIS, Factor:THREE, State:CLOSED]
2019-09-04 12:58:24,903 [EventQueue-StaleNodeForStaleNodeHandler] INFO  pipeline.SCMPipelineManager (SCMPipelineManager.java:finalizeAndDestroyPipeline(311)) - destroying pipeline:Pipeline[ Id: 2bafeac2-e191-43e6-888b-7029949d55da, Nodes: a406e7a3-25da-4471-b260-f46b81080cf7{ip: 192.168.34.40, host: pr-hdds-1553-wz5m7-2465012709, networkLocation: /default-rack, certSerialId: null}, Type:RATIS, Factor:ONE, State:OPEN]
2019-09-04 12:58:24,903 [EventQueue-StaleNodeForStaleNodeHandler] INFO  pipeline.PipelineStateManager (PipelineStateManager.java:finalizePipeline(123)) - Pipeline Pipeline[ Id: 2bafeac2-e191-43e6-888b-7029949d55da, Nodes: a406e7a3-25da-4471-b260-f46b81080cf7{ip: 192.168.34.40, host: pr-hdds-1553-wz5m7-2465012709, networkLocation: /default-rack, certSerialId: null}, Type:RATIS, Factor:ONE, State:CLOSED] moved to CLOSED state
2019-09-04 12:58:25,055 [a406e7a3-25da-4471-b260-f46b81080cf7:group-262F9AE7B615:LeaderElection16] INFO  impl.LeaderElection (LeaderElection.java:askForVotes(181)) - a406e7a3-25da-4471-b260-f46b81080cf7:group-262F9AE7B615:LeaderElection16: begin an election at term 4 for 0: [a406e7a3-25da-4471-b260-f46b81080cf7:192.168.34.40:44207, 0a6371c7-e9de-42bd-a046-6f0feeb71a95:192.168.34.40:42776, c961c69f-9eae-4d72-9c2a-0156ee378652:192.168.34.40:37448], old=null
2019-09-04 12:58:25,057 [a406e7a3-25da-4471-b260-f46b81080cf7:group-262F9AE7B615:LeaderElection16] INFO  impl.LeaderElection (LogUtils.java:infoOrTrace(149)) - a406e7a3-25da-4471-b260-f46b81080cf7:group-262F9AE7B615:LeaderElection16 got exception when requesting votes: {}
java.util.concurrent.ExecutionException: org.apache.ratis.thirdparty.io.grpc.StatusRuntimeException: UNAVAILABLE: io exception
	at java.util.concurrent.FutureTask.report(FutureTask.java:122)
	at java.util.concurrent.FutureTask.get(FutureTask.java:192)
	at org.apache.ratis.server.impl.LeaderElection.waitForResults(LeaderElection.java:262)
	at org.apache.ratis.server.impl.LeaderElection.askForVotes(LeaderElection.java:200)
	at org.apache.ratis.server.impl.LeaderElection.run(LeaderElection.java:130)
	at java.lang.Thread.run(Thread.java:748)
Caused by: org.apache.ratis.thirdparty.io.grpc.StatusRuntimeException: UNAVAILABLE: io exception
	at org.apache.ratis.thirdparty.io.grpc.stub.ClientCalls.toStatusRuntimeException(ClientCalls.java:233)
	at org.apache.ratis.thirdparty.io.grpc.stub.ClientCalls.getUnchecked(ClientCalls.java:214)
	at org.apache.ratis.thirdparty.io.grpc.stub.ClientCalls.blockingUnaryCall(ClientCalls.java:139)
	at org.apache.ratis.proto.grpc.RaftServerProtocolServiceGrpc$RaftServerProtocolServiceBlockingStub.requestVote(RaftServerProtocolServiceGrpc.java:265)
	at org.apache.ratis.grpc.server.GrpcServerProtocolClient.requestVote(GrpcServerProtocolClient.java:83)
	at org.apache.ratis.grpc.server.GrpcService.requestVote(GrpcService.java:195)
	at org.apache.ratis.server.impl.LeaderElection.lambda$submitRequests$1(LeaderElection.java:237)
	at java.util.concurrent.FutureTask.run(FutureTask.java:266)
	at java.util.concurrent.Executors$RunnableAdapter.call(Executors.java:511)
	at java.util.concurrent.FutureTask.run(FutureTask.java:266)
	at java.util.concurrent.ThreadPoolExecutor.runWorker(ThreadPoolExecutor.java:1149)
	at java.util.concurrent.ThreadPoolExecutor$Worker.run(ThreadPoolExecutor.java:624)
	... 1 more
Caused by: org.apache.ratis.thirdparty.io.netty.channel.AbstractChannel$AnnotatedConnectException: Connection refused: /192.168.34.40:37448
	at sun.nio.ch.SocketChannelImpl.checkConnect(Native Method)
	at sun.nio.ch.SocketChannelImpl.finishConnect(SocketChannelImpl.java:717)
	at org.apache.ratis.thirdparty.io.netty.channel.socket.nio.NioSocketChannel.doFinishConnect(NioSocketChannel.java:327)
	at org.apache.ratis.thirdparty.io.netty.channel.nio.AbstractNioChannel$AbstractNioUnsafe.finishConnect(AbstractNioChannel.java:340)
	at org.apache.ratis.thirdparty.io.netty.channel.nio.NioEventLoop.processSelectedKey(NioEventLoop.java:632)
	at org.apache.ratis.thirdparty.io.netty.channel.nio.NioEventLoop.processSelectedKeysOptimized(NioEventLoop.java:579)
	at org.apache.ratis.thirdparty.io.netty.channel.nio.NioEventLoop.processSelectedKeys(NioEventLoop.java:496)
	at org.apache.ratis.thirdparty.io.netty.channel.nio.NioEventLoop.run(NioEventLoop.java:458)
	at org.apache.ratis.thirdparty.io.netty.util.concurrent.SingleThreadEventExecutor$5.run(SingleThreadEventExecutor.java:897)
	at org.apache.ratis.thirdparty.io.netty.util.concurrent.FastThreadLocalRunnable.run(FastThreadLocalRunnable.java:30)
	... 1 more
Caused by: java.net.ConnectException: Connection refused
	... 11 more
2019-09-04 12:58:25,060 [a406e7a3-25da-4471-b260-f46b81080cf7:group-262F9AE7B615:LeaderElection16] INFO  impl.LeaderElection (LogUtils.java:infoOrTrace(149)) - a406e7a3-25da-4471-b260-f46b81080cf7:group-262F9AE7B615:LeaderElection16 got exception when requesting votes: {}
java.util.concurrent.ExecutionException: org.apache.ratis.thirdparty.io.grpc.StatusRuntimeException: UNAVAILABLE: io exception
	at java.util.concurrent.FutureTask.report(FutureTask.java:122)
	at java.util.concurrent.FutureTask.get(FutureTask.java:192)
	at org.apache.ratis.server.impl.LeaderElection.waitForResults(LeaderElection.java:262)
	at org.apache.ratis.server.impl.LeaderElection.askForVotes(LeaderElection.java:200)
	at org.apache.ratis.server.impl.LeaderElection.run(LeaderElection.java:130)
	at java.lang.Thread.run(Thread.java:748)
Caused by: org.apache.ratis.thirdparty.io.grpc.StatusRuntimeException: UNAVAILABLE: io exception
	at org.apache.ratis.thirdparty.io.grpc.stub.ClientCalls.toStatusRuntimeException(ClientCalls.java:233)
	at org.apache.ratis.thirdparty.io.grpc.stub.ClientCalls.getUnchecked(ClientCalls.java:214)
	at org.apache.ratis.thirdparty.io.grpc.stub.ClientCalls.blockingUnaryCall(ClientCalls.java:139)
	at org.apache.ratis.proto.grpc.RaftServerProtocolServiceGrpc$RaftServerProtocolServiceBlockingStub.requestVote(RaftServerProtocolServiceGrpc.java:265)
	at org.apache.ratis.grpc.server.GrpcServerProtocolClient.requestVote(GrpcServerProtocolClient.java:83)
	at org.apache.ratis.grpc.server.GrpcService.requestVote(GrpcService.java:195)
	at org.apache.ratis.server.impl.LeaderElection.lambda$submitRequests$1(LeaderElection.java:237)
	at java.util.concurrent.FutureTask.run(FutureTask.java:266)
	at java.util.concurrent.Executors$RunnableAdapter.call(Executors.java:511)
	at java.util.concurrent.FutureTask.run(FutureTask.java:266)
	at java.util.concurrent.ThreadPoolExecutor.runWorker(ThreadPoolExecutor.java:1149)
	at java.util.concurrent.ThreadPoolExecutor$Worker.run(ThreadPoolExecutor.java:624)
	... 1 more
Caused by: org.apache.ratis.thirdparty.io.netty.channel.AbstractChannel$AnnotatedConnectException: Connection refused: /192.168.34.40:42776
	at sun.nio.ch.SocketChannelImpl.checkConnect(Native Method)
	at sun.nio.ch.SocketChannelImpl.finishConnect(SocketChannelImpl.java:717)
	at org.apache.ratis.thirdparty.io.netty.channel.socket.nio.NioSocketChannel.doFinishConnect(NioSocketChannel.java:327)
	at org.apache.ratis.thirdparty.io.netty.channel.nio.AbstractNioChannel$AbstractNioUnsafe.finishConnect(AbstractNioChannel.java:340)
	at org.apache.ratis.thirdparty.io.netty.channel.nio.NioEventLoop.processSelectedKey(NioEventLoop.java:632)
	at org.apache.ratis.thirdparty.io.netty.channel.nio.NioEventLoop.processSelectedKeysOptimized(NioEventLoop.java:579)
	at org.apache.ratis.thirdparty.io.netty.channel.nio.NioEventLoop.processSelectedKeys(NioEventLoop.java:496)
	at org.apache.ratis.thirdparty.io.netty.channel.nio.NioEventLoop.run(NioEventLoop.java:458)
	at org.apache.ratis.thirdparty.io.netty.util.concurrent.SingleThreadEventExecutor$5.run(SingleThreadEventExecutor.java:897)
	at org.apache.ratis.thirdparty.io.netty.util.concurrent.FastThreadLocalRunnable.run(FastThreadLocalRunnable.java:30)
	... 1 more
Caused by: java.net.ConnectException: Connection refused
	... 11 more
2019-09-04 12:58:25,061 [a406e7a3-25da-4471-b260-f46b81080cf7:group-262F9AE7B615:LeaderElection16] INFO  impl.LeaderElection (LeaderElection.java:logAndReturn(56)) - a406e7a3-25da-4471-b260-f46b81080cf7:group-262F9AE7B615:LeaderElection16: Election REJECTED; received 0 response(s) [] and 2 exception(s); a406e7a3-25da-4471-b260-f46b81080cf7:t4, leader=null, voted=a406e7a3-25da-4471-b260-f46b81080cf7, raftlog=a406e7a3-25da-4471-b260-f46b81080cf7-SegmentedRaftLog:OPENED:c4,f4,i4, conf=0: [a406e7a3-25da-4471-b260-f46b81080cf7:192.168.34.40:44207, 0a6371c7-e9de-42bd-a046-6f0feeb71a95:192.168.34.40:42776, c961c69f-9eae-4d72-9c2a-0156ee378652:192.168.34.40:37448], old=null
2019-09-04 12:58:25,061 [a406e7a3-25da-4471-b260-f46b81080cf7:group-262F9AE7B615:LeaderElection16] INFO  impl.LeaderElection (LogUtils.java:infoOrTrace(149)) -   Exception 0: {}
java.util.concurrent.ExecutionException: org.apache.ratis.thirdparty.io.grpc.StatusRuntimeException: UNAVAILABLE: io exception
	at java.util.concurrent.FutureTask.report(FutureTask.java:122)
	at java.util.concurrent.FutureTask.get(FutureTask.java:192)
	at org.apache.ratis.server.impl.LeaderElection.waitForResults(LeaderElection.java:262)
	at org.apache.ratis.server.impl.LeaderElection.askForVotes(LeaderElection.java:200)
	at org.apache.ratis.server.impl.LeaderElection.run(LeaderElection.java:130)
	at java.lang.Thread.run(Thread.java:748)
Caused by: org.apache.ratis.thirdparty.io.grpc.StatusRuntimeException: UNAVAILABLE: io exception
	at org.apache.ratis.thirdparty.io.grpc.stub.ClientCalls.toStatusRuntimeException(ClientCalls.java:233)
	at org.apache.ratis.thirdparty.io.grpc.stub.ClientCalls.getUnchecked(ClientCalls.java:214)
	at org.apache.ratis.thirdparty.io.grpc.stub.ClientCalls.blockingUnaryCall(ClientCalls.java:139)
	at org.apache.ratis.proto.grpc.RaftServerProtocolServiceGrpc$RaftServerProtocolServiceBlockingStub.requestVote(RaftServerProtocolServiceGrpc.java:265)
	at org.apache.ratis.grpc.server.GrpcServerProtocolClient.requestVote(GrpcServerProtocolClient.java:83)
	at org.apache.ratis.grpc.server.GrpcService.requestVote(GrpcService.java:195)
	at org.apache.ratis.server.impl.LeaderElection.lambda$submitRequests$1(LeaderElection.java:237)
	at java.util.concurrent.FutureTask.run(FutureTask.java:266)
	at java.util.concurrent.Executors$RunnableAdapter.call(Executors.java:511)
	at java.util.concurrent.FutureTask.run(FutureTask.java:266)
	at java.util.concurrent.ThreadPoolExecutor.runWorker(ThreadPoolExecutor.java:1149)
	at java.util.concurrent.ThreadPoolExecutor$Worker.run(ThreadPoolExecutor.java:624)
	... 1 more
Caused by: org.apache.ratis.thirdparty.io.netty.channel.AbstractChannel$AnnotatedConnectException: Connection refused: /192.168.34.40:37448
	at sun.nio.ch.SocketChannelImpl.checkConnect(Native Method)
	at sun.nio.ch.SocketChannelImpl.finishConnect(SocketChannelImpl.java:717)
	at org.apache.ratis.thirdparty.io.netty.channel.socket.nio.NioSocketChannel.doFinishConnect(NioSocketChannel.java:327)
	at org.apache.ratis.thirdparty.io.netty.channel.nio.AbstractNioChannel$AbstractNioUnsafe.finishConnect(AbstractNioChannel.java:340)
	at org.apache.ratis.thirdparty.io.netty.channel.nio.NioEventLoop.processSelectedKey(NioEventLoop.java:632)
	at org.apache.ratis.thirdparty.io.netty.channel.nio.NioEventLoop.processSelectedKeysOptimized(NioEventLoop.java:579)
	at org.apache.ratis.thirdparty.io.netty.channel.nio.NioEventLoop.processSelectedKeys(NioEventLoop.java:496)
	at org.apache.ratis.thirdparty.io.netty.channel.nio.NioEventLoop.run(NioEventLoop.java:458)
	at org.apache.ratis.thirdparty.io.netty.util.concurrent.SingleThreadEventExecutor$5.run(SingleThreadEventExecutor.java:897)
	at org.apache.ratis.thirdparty.io.netty.util.concurrent.FastThreadLocalRunnable.run(FastThreadLocalRunnable.java:30)
	... 1 more
Caused by: java.net.ConnectException: Connection refused
	... 11 more
2019-09-04 12:58:25,062 [a406e7a3-25da-4471-b260-f46b81080cf7:group-262F9AE7B615:LeaderElection16] INFO  impl.LeaderElection (LogUtils.java:infoOrTrace(149)) -   Exception 1: {}
java.util.concurrent.ExecutionException: org.apache.ratis.thirdparty.io.grpc.StatusRuntimeException: UNAVAILABLE: io exception
	at java.util.concurrent.FutureTask.report(FutureTask.java:122)
	at java.util.concurrent.FutureTask.get(FutureTask.java:192)
	at org.apache.ratis.server.impl.LeaderElection.waitForResults(LeaderElection.java:262)
	at org.apache.ratis.server.impl.LeaderElection.askForVotes(LeaderElection.java:200)
	at org.apache.ratis.server.impl.LeaderElection.run(LeaderElection.java:130)
	at java.lang.Thread.run(Thread.java:748)
Caused by: org.apache.ratis.thirdparty.io.grpc.StatusRuntimeException: UNAVAILABLE: io exception
	at org.apache.ratis.thirdparty.io.grpc.stub.ClientCalls.toStatusRuntimeException(ClientCalls.java:233)
	at org.apache.ratis.thirdparty.io.grpc.stub.ClientCalls.getUnchecked(ClientCalls.java:214)
	at org.apache.ratis.thirdparty.io.grpc.stub.ClientCalls.blockingUnaryCall(ClientCalls.java:139)
	at org.apache.ratis.proto.grpc.RaftServerProtocolServiceGrpc$RaftServerProtocolServiceBlockingStub.requestVote(RaftServerProtocolServiceGrpc.java:265)
	at org.apache.ratis.grpc.server.GrpcServerProtocolClient.requestVote(GrpcServerProtocolClient.java:83)
	at org.apache.ratis.grpc.server.GrpcService.requestVote(GrpcService.java:195)
	at org.apache.ratis.server.impl.LeaderElection.lambda$submitRequests$1(LeaderElection.java:237)
	at java.util.concurrent.FutureTask.run(FutureTask.java:266)
	at java.util.concurrent.Executors$RunnableAdapter.call(Executors.java:511)
	at java.util.concurrent.FutureTask.run(FutureTask.java:266)
	at java.util.concurrent.ThreadPoolExecutor.runWorker(ThreadPoolExecutor.java:1149)
	at java.util.concurrent.ThreadPoolExecutor$Worker.run(ThreadPoolExecutor.java:624)
	... 1 more
Caused by: org.apache.ratis.thirdparty.io.netty.channel.AbstractChannel$AnnotatedConnectException: Connection refused: /192.168.34.40:42776
	at sun.nio.ch.SocketChannelImpl.checkConnect(Native Method)
	at sun.nio.ch.SocketChannelImpl.finishConnect(SocketChannelImpl.java:717)
	at org.apache.ratis.thirdparty.io.netty.channel.socket.nio.NioSocketChannel.doFinishConnect(NioSocketChannel.java:327)
	at org.apache.ratis.thirdparty.io.netty.channel.nio.AbstractNioChannel$AbstractNioUnsafe.finishConnect(AbstractNioChannel.java:340)
	at org.apache.ratis.thirdparty.io.netty.channel.nio.NioEventLoop.processSelectedKey(NioEventLoop.java:632)
	at org.apache.ratis.thirdparty.io.netty.channel.nio.NioEventLoop.processSelectedKeysOptimized(NioEventLoop.java:579)
	at org.apache.ratis.thirdparty.io.netty.channel.nio.NioEventLoop.processSelectedKeys(NioEventLoop.java:496)
	at org.apache.ratis.thirdparty.io.netty.channel.nio.NioEventLoop.run(NioEventLoop.java:458)
	at org.apache.ratis.thirdparty.io.netty.util.concurrent.SingleThreadEventExecutor$5.run(SingleThreadEventExecutor.java:897)
	at org.apache.ratis.thirdparty.io.netty.util.concurrent.FastThreadLocalRunnable.run(FastThreadLocalRunnable.java:30)
	... 1 more
Caused by: java.net.ConnectException: Connection refused
	... 11 more
2019-09-04 12:58:25,063 [a406e7a3-25da-4471-b260-f46b81080cf7:group-262F9AE7B615:LeaderElection16] INFO  impl.RaftServerImpl (RaftServerImpl.java:setRole(171)) - a406e7a3-25da-4471-b260-f46b81080cf7:group-262F9AE7B615 changes role from CANDIDATE to FOLLOWER at term 4 for DISCOVERED_A_NEW_TERM
2019-09-04 12:58:25,064 [a406e7a3-25da-4471-b260-f46b81080cf7:group-262F9AE7B615:LeaderElection16] INFO  impl.RoleInfo (RoleInfo.java:shutdownLeaderElection(134)) - a406e7a3-25da-4471-b260-f46b81080cf7: shutdown LeaderElection
2019-09-04 12:58:25,064 [a406e7a3-25da-4471-b260-f46b81080cf7:group-262F9AE7B615:LeaderElection16] INFO  impl.RoleInfo (RoleInfo.java:updateAndGet(143)) - a406e7a3-25da-4471-b260-f46b81080cf7: start FollowerState
2019-09-04 12:58:25,389 [ForkJoinPool.commonPool-worker-0] INFO  ozoneimpl.OzoneContainer (OzoneContainer.java:stop(215)) - Attempting to stop container services.
2019-09-04 12:58:25,389 [ForkJoinPool.commonPool-worker-0] INFO  impl.RaftServerProxy (RaftServerProxy.java:lambda$close$4(314)) - a406e7a3-25da-4471-b260-f46b81080cf7: close
2019-09-04 12:58:25,390 [ForkJoinPool.commonPool-worker-0] INFO  impl.RaftServerImpl (RaftServerImpl.java:lambda$shutdown$3(245)) - a406e7a3-25da-4471-b260-f46b81080cf7: shutdown group-262F9AE7B615
2019-09-04 12:58:25,390 [ForkJoinPool.commonPool-worker-0] INFO  util.JmxRegister (JmxRegister.java:unregister(73)) - Successfully un-registered JMX Bean with object name Ratis:service=RaftServer,group=group-262F9AE7B615,id=a406e7a3-25da-4471-b260-f46b81080cf7
2019-09-04 12:58:25,390 [ForkJoinPool.commonPool-worker-0] INFO  impl.RoleInfo (RoleInfo.java:shutdownFollowerState(121)) - a406e7a3-25da-4471-b260-f46b81080cf7: shutdown FollowerState
2019-09-04 12:58:25,391 [ForkJoinPool.commonPool-worker-0] INFO  impl.StateMachineUpdater (StateMachineUpdater.java:stopAndJoin(115)) - StateMachineUpdater:a406e7a3-25da-4471-b260-f46b81080cf7:group-262F9AE7B615: set stopIndex = 4
2019-09-04 12:58:25,391 [StateMachineUpdater:a406e7a3-25da-4471-b260-f46b81080cf7:group-262F9AE7B615] INFO  ratis.ContainerStateMachine (ContainerStateMachine.java:takeSnapshot(284)) - group-262F9AE7B615: Taking a snapshot at:(t:2, i:3) file /workdir/hadoop-ozone/integration-test/target/test-dir/MiniOzoneClusterImpl-ea0c9936-27f2-41d8-a3b5-aa3c9248b619/datanode-5/data/ratis/32767698-0f62-4dce-bb8e-262f9ae7b615/sm/snapshot.2_3
2019-09-04 12:58:25,391 [Thread-468] INFO  impl.FollowerState (FollowerState.java:run(114)) - a406e7a3-25da-4471-b260-f46b81080cf7: FollowerState was interrupted: java.lang.InterruptedException: sleep interrupted
2019-09-04 12:58:25,494 [StateMachineUpdater:a406e7a3-25da-4471-b260-f46b81080cf7:group-262F9AE7B615] INFO  ratis.ContainerStateMachine (ContainerStateMachine.java:takeSnapshot(295)) - group-262F9AE7B615: Finished taking a snapshot at:(t:2, i:3) file:/workdir/hadoop-ozone/integration-test/target/test-dir/MiniOzoneClusterImpl-ea0c9936-27f2-41d8-a3b5-aa3c9248b619/datanode-5/data/ratis/32767698-0f62-4dce-bb8e-262f9ae7b615/sm/snapshot.2_3 time:103
2019-09-04 12:58:25,494 [StateMachineUpdater:a406e7a3-25da-4471-b260-f46b81080cf7:group-262F9AE7B615] INFO  impl.StateMachineUpdater (StateMachineUpdater.java:takeSnapshot(242)) - StateMachineUpdater:a406e7a3-25da-4471-b260-f46b81080cf7:group-262F9AE7B615: Took a snapshot at index 3
2019-09-04 12:58:25,494 [StateMachineUpdater:a406e7a3-25da-4471-b260-f46b81080cf7:group-262F9AE7B615] INFO  impl.StateMachineUpdater (StateMachineUpdater.java:lambda$new$0(80)) - StateMachineUpdater:a406e7a3-25da-4471-b260-f46b81080cf7:group-262F9AE7B615: snapshotIndex: updateIncreasingly -1 -> 3
2019-09-04 12:58:25,495 [ForkJoinPool.commonPool-worker-0] INFO  impl.RaftServerImpl (ServerState.java:close(394)) - a406e7a3-25da-4471-b260-f46b81080cf7:group-262F9AE7B615 closes. The last applied log index is 4
2019-09-04 12:58:25,495 [a406e7a3-25da-4471-b260-f46b81080cf7-SegmentedRaftLogWorker:Storage Directory /workdir/hadoop-ozone/integration-test/target/test-dir/MiniOzoneClusterImpl-ea0c9936-27f2-41d8-a3b5-aa3c9248b619/datanode-5/data/ratis/32767698-0f62-4dce-bb8e-262f9ae7b615] INFO  segmented.SegmentedRaftLogWorker (SegmentedRaftLogWorker.java:run(313)) - a406e7a3-25da-4471-b260-f46b81080cf7-SegmentedRaftLogWorker:Storage Directory /workdir/hadoop-ozone/integration-test/target/test-dir/MiniOzoneClusterImpl-ea0c9936-27f2-41d8-a3b5-aa3c9248b619/datanode-5/data/ratis/32767698-0f62-4dce-bb8e-262f9ae7b615 was interrupted, exiting. There are 0 tasks remaining in the queue.
2019-09-04 12:58:25,496 [ForkJoinPool.commonPool-worker-0] INFO  segmented.SegmentedRaftLogWorker (SegmentedRaftLogWorker.java:close(228)) - a406e7a3-25da-4471-b260-f46b81080cf7-SegmentedRaftLogWorker:Storage Directory /workdir/hadoop-ozone/integration-test/target/test-dir/MiniOzoneClusterImpl-ea0c9936-27f2-41d8-a3b5-aa3c9248b619/datanode-5/data/ratis/32767698-0f62-4dce-bb8e-262f9ae7b615 close()
2019-09-04 12:58:25,497 [ForkJoinPool.commonPool-worker-0] INFO  impl.RaftServerImpl (RaftServerImpl.java:lambda$shutdown$3(245)) - a406e7a3-25da-4471-b260-f46b81080cf7: shutdown group-7029949D55DA
2019-09-04 12:58:25,498 [ForkJoinPool.commonPool-worker-0] INFO  util.JmxRegister (JmxRegister.java:unregister(73)) - Successfully un-registered JMX Bean with object name Ratis:service=RaftServer,group=group-7029949D55DA,id=a406e7a3-25da-4471-b260-f46b81080cf7
2019-09-04 12:58:25,498 [ForkJoinPool.commonPool-worker-0] INFO  impl.RoleInfo (RoleInfo.java:shutdownLeaderState(104)) - a406e7a3-25da-4471-b260-f46b81080cf7: shutdown LeaderState
2019-09-04 12:58:25,498 [ForkJoinPool.commonPool-worker-0] INFO  impl.PendingRequests (PendingRequests.java:sendNotLeaderResponses(202)) - a406e7a3-25da-4471-b260-f46b81080cf7-PendingRequests: sendNotLeaderResponses
2019-09-04 12:58:25,499 [ForkJoinPool.commonPool-worker-0] INFO  impl.StateMachineUpdater (StateMachineUpdater.java:stopAndJoin(115)) - StateMachineUpdater:a406e7a3-25da-4471-b260-f46b81080cf7:group-7029949D55DA: set stopIndex = 0
2019-09-04 12:58:25,499 [ForkJoinPool.commonPool-worker-0] INFO  impl.RaftServerImpl (ServerState.java:close(394)) - a406e7a3-25da-4471-b260-f46b81080cf7:group-7029949D55DA closes. The last applied log index is 0
2019-09-04 12:58:25,500 [a406e7a3-25da-4471-b260-f46b81080cf7-SegmentedRaftLogWorker:Storage Directory /workdir/hadoop-ozone/integration-test/target/test-dir/MiniOzoneClusterImpl-ea0c9936-27f2-41d8-a3b5-aa3c9248b619/datanode-5/data/ratis/2bafeac2-e191-43e6-888b-7029949d55da] INFO  segmented.SegmentedRaftLogWorker (SegmentedRaftLogWorker.java:run(313)) - a406e7a3-25da-4471-b260-f46b81080cf7-SegmentedRaftLogWorker:Storage Directory /workdir/hadoop-ozone/integration-test/target/test-dir/MiniOzoneClusterImpl-ea0c9936-27f2-41d8-a3b5-aa3c9248b619/datanode-5/data/ratis/2bafeac2-e191-43e6-888b-7029949d55da was interrupted, exiting. There are 0 tasks remaining in the queue.
2019-09-04 12:58:25,500 [ForkJoinPool.commonPool-worker-0] INFO  segmented.SegmentedRaftLogWorker (SegmentedRaftLogWorker.java:close(228)) - a406e7a3-25da-4471-b260-f46b81080cf7-SegmentedRaftLogWorker:Storage Directory /workdir/hadoop-ozone/integration-test/target/test-dir/MiniOzoneClusterImpl-ea0c9936-27f2-41d8-a3b5-aa3c9248b619/datanode-5/data/ratis/2bafeac2-e191-43e6-888b-7029949d55da close()
2019-09-04 12:58:25,501 [ForkJoinPool.commonPool-worker-0] INFO  server.GrpcService (GrpcService.java:closeImpl(155)) - a406e7a3-25da-4471-b260-f46b81080cf7: shutdown server with port 44207 now
2019-09-04 12:58:25,502 [ForkJoinPool.commonPool-worker-0] INFO  server.GrpcService (GrpcService.java:closeImpl(163)) - a406e7a3-25da-4471-b260-f46b81080cf7: shutdown server with port 44207 successfully
2019-09-04 12:58:25,503 [refreshUsed-/workdir/hadoop-ozone/integration-test/target/test-dir/MiniOzoneClusterImpl-ea0c9936-27f2-41d8-a3b5-aa3c9248b619/datanode-5/data/containers] WARN  fs.CachingGetSpaceUsed (CachingGetSpaceUsed.java:run(183)) - Thread Interrupted waiting to refresh disk information: sleep interrupted
2019-09-04 12:58:25,519 [ForkJoinPool.commonPool-worker-0] INFO  utils.BackgroundService (BackgroundService.java:shutdown(148)) - Shutting down service BlockDeletingService
2019-09-04 12:58:25,522 [ForkJoinPool.commonPool-worker-0] INFO  statemachine.DatanodeStateMachine (DatanodeStateMachine.java:stopDaemon(395)) - Ozone container server stopped.
2019-09-04 12:58:25,525 [ForkJoinPool.commonPool-worker-0] INFO  handler.ContextHandler (ContextHandler.java:doStop(910)) - Stopped o.e.j.w.WebAppContext@12eedfee{/,null,UNAVAILABLE}{/hddsDatanode}
2019-09-04 12:58:25,525 [ForkJoinPool.commonPool-worker-0] INFO  server.AbstractConnector (AbstractConnector.java:doStop(318)) - Stopped ServerConnector@3c3c4a71{HTTP/1.1,[http/1.1]}{0.0.0.0:0}
2019-09-04 12:58:25,526 [ForkJoinPool.commonPool-worker-0] INFO  handler.ContextHandler (ContextHandler.java:doStop(910)) - Stopped o.e.j.s.ServletContextHandler@127a7272{/static,jar:file:/home/user/.m2/repository/org/apache/hadoop/hadoop-hdds-container-service/0.5.0-SNAPSHOT/hadoop-hdds-container-service-0.5.0-SNAPSHOT.jar!/webapps/static,UNAVAILABLE}
2019-09-04 12:58:25,527 [ForkJoinPool.commonPool-worker-0] INFO  handler.ContextHandler (ContextHandler.java:doStop(910)) - Stopped o.e.j.s.ServletContextHandler@56637cff{/logs,file:///workdir/hadoop-ozone/integration-test/target/log,UNAVAILABLE}
2019-09-04 12:58:25,528 [main] INFO  ozone.MiniOzoneClusterImpl (MiniOzoneClusterImpl.java:stop(339)) - Stopping the StorageContainerManager
2019-09-04 12:58:25,528 [main] INFO  server.StorageContainerManager (StorageContainerManager.java:stop(801)) - Stopping Replication Manager Service.
2019-09-04 12:58:25,529 [main] INFO  container.ReplicationManager (ReplicationManager.java:stop(203)) - Stopping Replication Monitor Thread.
2019-09-04 12:58:25,529 [main] INFO  server.StorageContainerManager (StorageContainerManager.java:stop(808)) - Stopping Lease Manager of the command watchers
2019-09-04 12:58:25,529 [main] INFO  server.StorageContainerManager (StorageContainerManager.java:stop(815)) - Stopping datanode service RPC server
2019-09-04 12:58:25,529 [main] INFO  server.SCMDatanodeProtocolServer (SCMDatanodeProtocolServer.java:stop(367)) - Stopping the RPC server for DataNodes
2019-09-04 12:58:25,530 [main] INFO  ipc.Server (Server.java:stop(3082)) - Stopping server on 40857
2019-09-04 12:58:25,531 [IPC Server listener on 40857] INFO  ipc.Server (Server.java:run(1185)) - Stopping IPC Server listener on 40857
2019-09-04 12:58:25,532 [IPC Server Responder] INFO  ipc.Server (Server.java:run(1319)) - Stopping IPC Server Responder
2019-09-04 12:58:25,604 [SCM Heartbeat Processing Thread - 0] WARN  node.NodeStateManager (NodeStateManager.java:scheduleNextHealthCheck(646)) - Current Thread is interrupted, shutting down HB processing thread for Node Manager.
2019-09-04 12:58:25,604 [main] INFO  server.StorageContainerManager (StorageContainerManager.java:stop(823)) - Stopping block service RPC server
2019-09-04 12:58:25,604 [main] INFO  server.SCMBlockProtocolServer (SCMBlockProtocolServer.java:stop(155)) - Stopping the RPC server for Block Protocol
2019-09-04 12:58:25,605 [main] INFO  ipc.Server (Server.java:stop(3082)) - Stopping server on 36379
2019-09-04 12:58:25,606 [main] INFO  server.StorageContainerManager (StorageContainerManager.java:stop(830)) - Stopping the StorageContainerLocationProtocol RPC server
2019-09-04 12:58:25,607 [main] INFO  server.SCMClientProtocolServer (SCMClientProtocolServer.java:stop(159)) - Stopping the RPC server for Client Protocol
2019-09-04 12:58:25,607 [IPC Server listener on 36379] INFO  ipc.Server (Server.java:run(1185)) - Stopping IPC Server listener on 36379
2019-09-04 12:58:25,607 [main] INFO  ipc.Server (Server.java:stop(3082)) - Stopping server on 40430
2019-09-04 12:58:25,607 [IPC Server Responder] INFO  ipc.Server (Server.java:run(1319)) - Stopping IPC Server Responder
2019-09-04 12:58:25,609 [main] INFO  server.StorageContainerManager (StorageContainerManager.java:stop(837)) - Stopping Storage Container Manager HTTP server.
2019-09-04 12:58:25,609 [IPC Server Responder] INFO  ipc.Server (Server.java:run(1319)) - Stopping IPC Server Responder
2019-09-04 12:58:25,609 [IPC Server listener on 40430] INFO  ipc.Server (Server.java:run(1185)) - Stopping IPC Server listener on 40430
2019-09-04 12:58:25,610 [main] INFO  handler.ContextHandler (ContextHandler.java:doStop(910)) - Stopped o.e.j.w.WebAppContext@56db847e{/,null,UNAVAILABLE}{/scm}
2019-09-04 12:58:25,610 [main] INFO  server.AbstractConnector (AbstractConnector.java:doStop(318)) - Stopped ServerConnector@5cc5b667{HTTP/1.1,[http/1.1]}{0.0.0.0:0}
2019-09-04 12:58:25,611 [main] INFO  handler.ContextHandler (ContextHandler.java:doStop(910)) - Stopped o.e.j.s.ServletContextHandler@2ceb80a1{/static,file:///workdir/hadoop-ozone/integration-test/target/test-classes/webapps/static,UNAVAILABLE}
2019-09-04 12:58:25,611 [main] INFO  handler.ContextHandler (ContextHandler.java:doStop(910)) - Stopped o.e.j.s.ServletContextHandler@674bd420{/logs,file:///workdir/hadoop-ozone/integration-test/target/log,UNAVAILABLE}
2019-09-04 12:58:25,612 [main] INFO  server.StorageContainerManager (StorageContainerManager.java:stop(848)) - Stopping Block Manager Service.
2019-09-04 12:58:25,613 [main] INFO  utils.BackgroundService (BackgroundService.java:shutdown(148)) - Shutting down service SCMBlockDeletingService
2019-09-04 12:58:25,613 [main] INFO  utils.BackgroundService (BackgroundService.java:shutdown(148)) - Shutting down service SCMBlockDeletingService
2019-09-04 12:58:25,614 [main] INFO  server.StorageContainerManager (StorageContainerManager.java:stop(870)) - Stopping SCM Event Queue.
2019-09-04 12:58:25,618 [main] INFO  impl.MetricsSystemImpl (MetricsSystemImpl.java:stop(210)) - Stopping XceiverClientMetrics metrics system...
2019-09-04 12:58:25,624 [prometheus] INFO  impl.MetricsSinkAdapter (MetricsSinkAdapter.java:publishMetricsFromQueue(141)) - prometheus thread interrupted.
2019-09-04 12:58:25,624 [main] INFO  impl.MetricsSystemImpl (MetricsSystemImpl.java:stop(216)) - XceiverClientMetrics metrics system stopped.
]]></system-out>
    <system-err><![CDATA[ERROR StatusLogger No Log4j 2 configuration file found. Using default configuration (logging only errors to the console), or user programmatically provided configurations. Set system property 'log4j2.debug' to show Log4j 2 internal initialization logging. See https://logging.apache.org/log4j/2.x/manual/configuration.html for instructions on how to configure Log4j 2
]]></system-err>
  </testcase>
  <testcase name="testDatanodeFailureWithPreAllocation" classname="org.apache.hadoop.ozone.client.rpc.TestBlockOutputStreamWithFailures" time="227.445"/>
  <testcase name="testDatanodeFailureWithSingleNodeRatis" classname="org.apache.hadoop.ozone.client.rpc.TestBlockOutputStreamWithFailures" time="225.525"/>
  <testcase name="testWatchForCommitWithSingleNodeRatis" classname="org.apache.hadoop.ozone.client.rpc.TestBlockOutputStreamWithFailures" time="34.953"/>
  <testcase name="testWatchForCommitDatanodeFailure" classname="org.apache.hadoop.ozone.client.rpc.TestBlockOutputStreamWithFailures" time="34.044"/>
  <testcase name="testFailureWithPrimeSizedData" classname="org.apache.hadoop.ozone.client.rpc.TestBlockOutputStreamWithFailures" time="35.249"/>
  <testcase name="testWatchForCommitWithCloseContainerException" classname="org.apache.hadoop.ozone.client.rpc.TestBlockOutputStreamWithFailures" time="40.131"/>
  <testcase name="testExceptionDuringClose" classname="org.apache.hadoop.ozone.client.rpc.TestBlockOutputStreamWithFailures" time="34.735"/>
</testsuite>