<?xml version="1.0" encoding="UTF-8"?>
<testsuite xmlns:xsi="http://www.w3.org/2001/XMLSchema-instance" xsi:noNamespaceSchemaLocation="https://maven.apache.org/surefire/maven-surefire-plugin/xsd/surefire-test-report.xsd" name="org.apache.hadoop.fs.ozone.TestOzoneFileSystem" time="136.478" tests="7" errors="2" skipped="0" failures="0">
  <properties>
    <property name="awt.toolkit" value="sun.awt.X11.XToolkit"/>
    <property name="file.encoding.pkg" value="sun.io"/>
    <property name="java.specification.version" value="1.8"/>
    <property name="sun.cpu.isalist" value=""/>
    <property name="sun.jnu.encoding" value="UTF-8"/>
    <property name="java.class.path" value="/workdir/hadoop-ozone/ozonefs/target/test-classes:/workdir/hadoop-ozone/ozonefs/target/classes:/home/user/.m2/repository/org/apache/hadoop/hadoop-common/3.2.0/hadoop-common-3.2.0.jar:/home/user/.m2/repository/org/apache/hadoop/hadoop-annotations/3.2.0/hadoop-annotations-3.2.0.jar:/usr/lib/jvm/java-1.8-openjdk/jre/../lib/tools.jar:/home/user/.m2/repository/com/google/guava/guava/11.0.2/guava-11.0.2.jar:/home/user/.m2/repository/commons-cli/commons-cli/1.2/commons-cli-1.2.jar:/home/user/.m2/repository/org/apache/commons/commons-math3/3.1.1/commons-math3-3.1.1.jar:/home/user/.m2/repository/org/apache/httpcomponents/httpclient/4.5.2/httpclient-4.5.2.jar:/home/user/.m2/repository/org/apache/httpcomponents/httpcore/4.4.4/httpcore-4.4.4.jar:/home/user/.m2/repository/commons-codec/commons-codec/1.11/commons-codec-1.11.jar:/home/user/.m2/repository/commons-io/commons-io/2.5/commons-io-2.5.jar:/home/user/.m2/repository/commons-net/commons-net/3.6/commons-net-3.6.jar:/home/user/.m2/repository/commons-collections/commons-collections/3.2.2/commons-collections-3.2.2.jar:/home/user/.m2/repository/javax/servlet/javax.servlet-api/3.1.0/javax.servlet-api-3.1.0.jar:/home/user/.m2/repository/org/eclipse/jetty/jetty-server/9.3.24.v20180605/jetty-server-9.3.24.v20180605.jar:/home/user/.m2/repository/org/eclipse/jetty/jetty-http/9.3.24.v20180605/jetty-http-9.3.24.v20180605.jar:/home/user/.m2/repository/org/eclipse/jetty/jetty-io/9.3.24.v20180605/jetty-io-9.3.24.v20180605.jar:/home/user/.m2/repository/org/eclipse/jetty/jetty-util/9.3.24.v20180605/jetty-util-9.3.24.v20180605.jar:/home/user/.m2/repository/org/eclipse/jetty/jetty-servlet/9.3.24.v20180605/jetty-servlet-9.3.24.v20180605.jar:/home/user/.m2/repository/org/eclipse/jetty/jetty-security/9.3.24.v20180605/jetty-security-9.3.24.v20180605.jar:/home/user/.m2/repository/org/eclipse/jetty/jetty-webapp/9.3.24.v20180605/jetty-webapp-9.3.24.v20180605.jar:/home/user/.m2/repository/org/eclipse/jetty/jetty-xml/9.3.24.v20180605/jetty-xml-9.3.24.v20180605.jar:/home/user/.m2/repository/javax/servlet/jsp/jsp-api/2.1/jsp-api-2.1.jar:/home/user/.m2/repository/com/sun/jersey/jersey-core/1.19/jersey-core-1.19.jar:/home/user/.m2/repository/javax/ws/rs/jsr311-api/1.1.1/jsr311-api-1.1.1.jar:/home/user/.m2/repository/com/sun/jersey/jersey-servlet/1.19/jersey-servlet-1.19.jar:/home/user/.m2/repository/com/sun/jersey/jersey-json/1.19/jersey-json-1.19.jar:/home/user/.m2/repository/org/codehaus/jettison/jettison/1.1/jettison-1.1.jar:/home/user/.m2/repository/com/sun/xml/bind/jaxb-impl/2.3.0.1/jaxb-impl-2.3.0.1.jar:/home/user/.m2/repository/org/codehaus/jackson/jackson-core-asl/1.9.13/jackson-core-asl-1.9.13.jar:/home/user/.m2/repository/org/codehaus/jackson/jackson-mapper-asl/1.9.13/jackson-mapper-asl-1.9.13.jar:/home/user/.m2/repository/org/codehaus/jackson/jackson-jaxrs/1.9.13/jackson-jaxrs-1.9.13.jar:/home/user/.m2/repository/org/codehaus/jackson/jackson-xc/1.9.13/jackson-xc-1.9.13.jar:/home/user/.m2/repository/com/sun/jersey/jersey-server/1.19/jersey-server-1.19.jar:/home/user/.m2/repository/commons-logging/commons-logging/1.1.3/commons-logging-1.1.3.jar:/home/user/.m2/repository/log4j/log4j/1.2.17/log4j-1.2.17.jar:/home/user/.m2/repository/commons-beanutils/commons-beanutils/1.9.3/commons-beanutils-1.9.3.jar:/home/user/.m2/repository/org/apache/commons/commons-configuration2/2.1.1/commons-configuration2-2.1.1.jar:/home/user/.m2/repository/org/apache/commons/commons-lang3/3.7/commons-lang3-3.7.jar:/home/user/.m2/repository/org/apache/commons/commons-text/1.4/commons-text-1.4.jar:/home/user/.m2/repository/org/slf4j/slf4j-api/1.7.25/slf4j-api-1.7.25.jar:/home/user/.m2/repository/org/slf4j/slf4j-log4j12/1.7.25/slf4j-log4j12-1.7.25.jar:/home/user/.m2/repository/org/apache/avro/avro/1.7.7/avro-1.7.7.jar:/home/user/.m2/repository/com/thoughtworks/paranamer/paranamer/2.3/paranamer-2.3.jar:/home/user/.m2/repository/org/xerial/snappy/snappy-java/1.0.5/snappy-java-1.0.5.jar:/home/user/.m2/repository/com/google/re2j/re2j/1.1/re2j-1.1.jar:/home/user/.m2/repository/com/google/protobuf/protobuf-java/2.5.0/protobuf-java-2.5.0.jar:/home/user/.m2/repository/com/google/code/gson/gson/2.2.4/gson-2.2.4.jar:/home/user/.m2/repository/org/apache/hadoop/hadoop-auth/3.2.0/hadoop-auth-3.2.0.jar:/home/user/.m2/repository/com/nimbusds/nimbus-jose-jwt/4.41.1/nimbus-jose-jwt-4.41.1.jar:/home/user/.m2/repository/com/github/stephenc/jcip/jcip-annotations/1.0-1/jcip-annotations-1.0-1.jar:/home/user/.m2/repository/net/minidev/json-smart/2.3/json-smart-2.3.jar:/home/user/.m2/repository/net/minidev/accessors-smart/1.2/accessors-smart-1.2.jar:/home/user/.m2/repository/org/apache/curator/curator-framework/2.12.0/curator-framework-2.12.0.jar:/home/user/.m2/repository/com/jcraft/jsch/0.1.54/jsch-0.1.54.jar:/home/user/.m2/repository/org/apache/curator/curator-client/2.12.0/curator-client-2.12.0.jar:/home/user/.m2/repository/org/apache/curator/curator-recipes/2.12.0/curator-recipes-2.12.0.jar:/home/user/.m2/repository/com/google/code/findbugs/jsr305/3.0.0/jsr305-3.0.0.jar:/home/user/.m2/repository/org/apache/htrace/htrace-core4/4.1.0-incubating/htrace-core4-4.1.0-incubating.jar:/home/user/.m2/repository/org/apache/zookeeper/zookeeper/3.4.13/zookeeper-3.4.13.jar:/home/user/.m2/repository/org/apache/yetus/audience-annotations/0.5.0/audience-annotations-0.5.0.jar:/home/user/.m2/repository/org/apache/commons/commons-compress/1.4.1/commons-compress-1.4.1.jar:/home/user/.m2/repository/org/tukaani/xz/1.0/xz-1.0.jar:/home/user/.m2/repository/org/apache/kerby/kerb-simplekdc/1.0.1/kerb-simplekdc-1.0.1.jar:/home/user/.m2/repository/org/apache/kerby/kerb-client/1.0.1/kerb-client-1.0.1.jar:/home/user/.m2/repository/org/apache/kerby/kerby-config/1.0.1/kerby-config-1.0.1.jar:/home/user/.m2/repository/org/apache/kerby/kerb-core/1.0.1/kerb-core-1.0.1.jar:/home/user/.m2/repository/org/apache/kerby/kerby-pkix/1.0.1/kerby-pkix-1.0.1.jar:/home/user/.m2/repository/org/apache/kerby/kerby-asn1/1.0.1/kerby-asn1-1.0.1.jar:/home/user/.m2/repository/org/apache/kerby/kerby-util/1.0.1/kerby-util-1.0.1.jar:/home/user/.m2/repository/org/apache/kerby/kerb-common/1.0.1/kerb-common-1.0.1.jar:/home/user/.m2/repository/org/apache/kerby/kerb-crypto/1.0.1/kerb-crypto-1.0.1.jar:/home/user/.m2/repository/org/apache/kerby/kerb-util/1.0.1/kerb-util-1.0.1.jar:/home/user/.m2/repository/org/apache/kerby/token-provider/1.0.1/token-provider-1.0.1.jar:/home/user/.m2/repository/org/apache/kerby/kerb-admin/1.0.1/kerb-admin-1.0.1.jar:/home/user/.m2/repository/org/apache/kerby/kerb-server/1.0.1/kerb-server-1.0.1.jar:/home/user/.m2/repository/org/apache/kerby/kerb-identity/1.0.1/kerb-identity-1.0.1.jar:/home/user/.m2/repository/org/apache/kerby/kerby-xdr/1.0.1/kerby-xdr-1.0.1.jar:/home/user/.m2/repository/com/fasterxml/jackson/core/jackson-databind/2.9.5/jackson-databind-2.9.5.jar:/home/user/.m2/repository/com/fasterxml/jackson/core/jackson-annotations/2.9.5/jackson-annotations-2.9.5.jar:/home/user/.m2/repository/com/fasterxml/jackson/core/jackson-core/2.9.5/jackson-core-2.9.5.jar:/home/user/.m2/repository/org/codehaus/woodstox/stax2-api/3.1.4/stax2-api-3.1.4.jar:/home/user/.m2/repository/com/fasterxml/woodstox/woodstox-core/5.0.3/woodstox-core-5.0.3.jar:/home/user/.m2/repository/dnsjava/dnsjava/2.1.7/dnsjava-2.1.7.jar:/home/user/.m2/repository/org/apache/hadoop/hadoop-hdfs/3.2.0/hadoop-hdfs-3.2.0.jar:/home/user/.m2/repository/org/eclipse/jetty/jetty-util-ajax/9.3.24.v20180605/jetty-util-ajax-9.3.24.v20180605.jar:/home/user/.m2/repository/commons-daemon/commons-daemon/1.0.13/commons-daemon-1.0.13.jar:/home/user/.m2/repository/io/netty/netty/3.10.5.Final/netty-3.10.5.Final.jar:/home/user/.m2/repository/io/netty/netty-all/4.0.52.Final/netty-all-4.0.52.Final.jar:/home/user/.m2/repository/org/fusesource/leveldbjni/leveldbjni-all/1.8/leveldbjni-all-1.8.jar:/home/user/.m2/repository/org/apache/hadoop/hadoop-hdds-common/0.5.0-SNAPSHOT/hadoop-hdds-common-0.5.0-SNAPSHOT.jar:/home/user/.m2/repository/org/apache/hadoop/hadoop-hdds-config/0.5.0-SNAPSHOT/hadoop-hdds-config-0.5.0-SNAPSHOT.jar:/home/user/.m2/repository/javax/annotation/javax.annotation-api/1.2/javax.annotation-api-1.2.jar:/home/user/.m2/repository/org/apache/ratis/ratis-server/0.4.0-2337318-SNAPSHOT/ratis-server-0.4.0-2337318-SNAPSHOT.jar:/home/user/.m2/repository/org/apache/ratis/ratis-thirdparty-misc/0.2.0/ratis-thirdparty-misc-0.2.0.jar:/home/user/.m2/repository/org/apache/ratis/ratis-proto/0.4.0-2337318-SNAPSHOT/ratis-proto-0.4.0-2337318-SNAPSHOT.jar:/home/user/.m2/repository/org/apache/ratis/ratis-common/0.4.0-2337318-SNAPSHOT/ratis-common-0.4.0-2337318-SNAPSHOT.jar:/home/user/.m2/repository/org/apache/ratis/ratis-client/0.4.0-2337318-SNAPSHOT/ratis-client-0.4.0-2337318-SNAPSHOT.jar:/home/user/.m2/repository/org/apache/ratis/ratis-metrics/0.4.0-2337318-SNAPSHOT/ratis-metrics-0.4.0-2337318-SNAPSHOT.jar:/home/user/.m2/repository/org/apache/ratis/ratis-netty/0.4.0-2337318-SNAPSHOT/ratis-netty-0.4.0-2337318-SNAPSHOT.jar:/home/user/.m2/repository/org/apache/ratis/ratis-grpc/0.4.0-2337318-SNAPSHOT/ratis-grpc-0.4.0-2337318-SNAPSHOT.jar:/home/user/.m2/repository/org/rocksdb/rocksdbjni/6.0.1/rocksdbjni-6.0.1.jar:/home/user/.m2/repository/org/apache/logging/log4j/log4j-api/2.11.0/log4j-api-2.11.0.jar:/home/user/.m2/repository/org/apache/logging/log4j/log4j-core/2.11.0/log4j-core-2.11.0.jar:/home/user/.m2/repository/com/lmax/disruptor/3.4.2/disruptor-3.4.2.jar:/home/user/.m2/repository/org/apache/commons/commons-pool2/2.6.0/commons-pool2-2.6.0.jar:/home/user/.m2/repository/org/bouncycastle/bcpkix-jdk15on/1.60/bcpkix-jdk15on-1.60.jar:/home/user/.m2/repository/commons-validator/commons-validator/1.6/commons-validator-1.6.jar:/home/user/.m2/repository/commons-digester/commons-digester/1.8.1/commons-digester-1.8.1.jar:/home/user/.m2/repository/io/jaegertracing/jaeger-client/0.33.1/jaeger-client-0.33.1.jar:/home/user/.m2/repository/io/jaegertracing/jaeger-thrift/0.33.1/jaeger-thrift-0.33.1.jar:/home/user/.m2/repository/org/apache/thrift/libthrift/0.11.0/libthrift-0.11.0.jar:/home/user/.m2/repository/com/squareup/okhttp3/okhttp/3.9.0/okhttp-3.9.0.jar:/home/user/.m2/repository/com/squareup/okio/okio/1.13.0/okio-1.13.0.jar:/home/user/.m2/repository/io/jaegertracing/jaeger-core/0.33.1/jaeger-core-0.33.1.jar:/home/user/.m2/repository/io/jaegertracing/jaeger-tracerresolver/0.33.1/jaeger-tracerresolver-0.33.1.jar:/home/user/.m2/repository/io/opentracing/contrib/opentracing-tracerresolver/0.1.5/opentracing-tracerresolver-0.1.5.jar:/home/user/.m2/repository/io/opentracing/opentracing-util/0.31.0/opentracing-util-0.31.0.jar:/home/user/.m2/repository/io/opentracing/opentracing-api/0.31.0/opentracing-api-0.31.0.jar:/home/user/.m2/repository/io/opentracing/opentracing-noop/0.31.0/opentracing-noop-0.31.0.jar:/home/user/.m2/repository/org/yaml/snakeyaml/1.16/snakeyaml-1.16.jar:/home/user/.m2/repository/org/apache/hadoop/hadoop-hdfs-client/3.2.0/hadoop-hdfs-client-3.2.0.jar:/home/user/.m2/repository/info/picocli/picocli/3.9.6/picocli-3.9.6.jar:/home/user/.m2/repository/org/apache/hadoop/hadoop-hdds-server-scm/0.5.0-SNAPSHOT/hadoop-hdds-server-scm-0.5.0-SNAPSHOT.jar:/home/user/.m2/repository/org/apache/hadoop/hadoop-hdds-docs/0.5.0-SNAPSHOT/hadoop-hdds-docs-0.5.0-SNAPSHOT.jar:/home/user/.m2/repository/io/dropwizard/metrics/metrics-core/3.2.4/metrics-core-3.2.4.jar:/home/user/.m2/repository/org/hamcrest/hamcrest-all/1.3/hamcrest-all-1.3.jar:/home/user/.m2/repository/org/bouncycastle/bcprov-jdk15on/1.60/bcprov-jdk15on-1.60.jar:/home/user/.m2/repository/org/apache/hadoop/hadoop-hdds-server-framework/0.5.0-SNAPSHOT/hadoop-hdds-server-framework-0.5.0-SNAPSHOT.jar:/home/user/.m2/repository/org/apache/hadoop/hadoop-ozone-ozone-manager/0.5.0-SNAPSHOT/hadoop-ozone-ozone-manager-0.5.0-SNAPSHOT.jar:/home/user/.m2/repository/org/apache/hadoop/hadoop-hdds-container-service/0.5.0-SNAPSHOT/hadoop-hdds-container-service-0.5.0-SNAPSHOT.jar:/home/user/.m2/repository/org/apache/hadoop/hadoop-hdds-client/0.5.0-SNAPSHOT/hadoop-hdds-client-0.5.0-SNAPSHOT.jar:/home/user/.m2/repository/org/apache/hadoop/hadoop-ozone-common/0.5.0-SNAPSHOT/hadoop-ozone-common-0.5.0-SNAPSHOT.jar:/home/user/.m2/repository/org/apache/hadoop/hadoop-hdds-tools/0.5.0-SNAPSHOT/hadoop-hdds-tools-0.5.0-SNAPSHOT.jar:/home/user/.m2/repository/org/xerial/sqlite-jdbc/3.25.2/sqlite-jdbc-3.25.2.jar:/home/user/.m2/repository/com/google/code/findbugs/findbugs/3.0.1/findbugs-3.0.1.jar:/home/user/.m2/repository/net/jcip/jcip-annotations/1.0/jcip-annotations-1.0.jar:/home/user/.m2/repository/com/google/code/findbugs/bcel-findbugs/6.0/bcel-findbugs-6.0.jar:/home/user/.m2/repository/com/google/code/findbugs/jFormatString/2.0.1/jFormatString-2.0.1.jar:/home/user/.m2/repository/dom4j/dom4j/1.6.1/dom4j-1.6.1.jar:/home/user/.m2/repository/xml-apis/xml-apis/1.0.b2/xml-apis-1.0.b2.jar:/home/user/.m2/repository/org/ow2/asm/asm-debug-all/5.0.2/asm-debug-all-5.0.2.jar:/home/user/.m2/repository/org/ow2/asm/asm-commons/5.0.2/asm-commons-5.0.2.jar:/home/user/.m2/repository/org/ow2/asm/asm-tree/5.0.2/asm-tree-5.0.2.jar:/home/user/.m2/repository/org/ow2/asm/asm/5.0.4/asm-5.0.4.jar:/home/user/.m2/repository/commons-lang/commons-lang/2.6/commons-lang-2.6.jar:/home/user/.m2/repository/com/apple/AppleJavaExtensions/1.4/AppleJavaExtensions-1.4.jar:/home/user/.m2/repository/jaxen/jaxen/1.1.6/jaxen-1.1.6.jar:/home/user/.m2/repository/org/apache/hadoop/hadoop-common/3.2.0/hadoop-common-3.2.0-tests.jar:/home/user/.m2/repository/org/apache/hadoop/hadoop-ozone-client/0.5.0-SNAPSHOT/hadoop-ozone-client-0.5.0-SNAPSHOT.jar:/home/user/.m2/repository/org/apache/hadoop/hadoop-hdfs/3.2.0/hadoop-hdfs-3.2.0-tests.jar:/workdir/hadoop-ozone/integration-test/target/test-classes:/home/user/.m2/repository/org/apache/hadoop/hadoop-ozone-s3gateway/0.5.0-SNAPSHOT/hadoop-ozone-s3gateway-0.5.0-SNAPSHOT.jar:/home/user/.m2/repository/org/jboss/weld/servlet/weld-servlet/2.4.7.Final/weld-servlet-2.4.7.Final.jar:/home/user/.m2/repository/org/glassfish/jersey/containers/jersey-container-servlet-core/2.27/jersey-container-servlet-core-2.27.jar:/home/user/.m2/repository/org/glassfish/hk2/external/javax.inject/2.5.0-b42/javax.inject-2.5.0-b42.jar:/home/user/.m2/repository/org/glassfish/jersey/core/jersey-common/2.27/jersey-common-2.27.jar:/home/user/.m2/repository/org/glassfish/hk2/osgi-resource-locator/1.0.1/osgi-resource-locator-1.0.1.jar:/home/user/.m2/repository/javax/ws/rs/javax.ws.rs-api/2.1/javax.ws.rs-api-2.1.jar:/home/user/.m2/repository/org/glassfish/jersey/ext/cdi/jersey-cdi1x/2.27/jersey-cdi1x-2.27.jar:/home/user/.m2/repository/org/glassfish/jersey/inject/jersey-hk2/2.27/jersey-hk2-2.27.jar:/home/user/.m2/repository/org/glassfish/hk2/hk2-locator/2.5.0-b42/hk2-locator-2.5.0-b42.jar:/home/user/.m2/repository/org/javassist/javassist/3.22.0-CR2/javassist-3.22.0-CR2.jar:/home/user/.m2/repository/org/glassfish/hk2/hk2-api/2.5.0/hk2-api-2.5.0.jar:/home/user/.m2/repository/org/glassfish/hk2/external/jakarta.inject/2.5.0/jakarta.inject-2.5.0.jar:/home/user/.m2/repository/org/glassfish/hk2/hk2-utils/2.5.0/hk2-utils-2.5.0.jar:/home/user/.m2/repository/jakarta/annotation/jakarta.annotation-api/1.3.4/jakarta.annotation-api-1.3.4.jar:/home/user/.m2/repository/org/glassfish/hk2/external/aopalliance-repackaged/2.5.0/aopalliance-repackaged-2.5.0.jar:/home/user/.m2/repository/com/fasterxml/jackson/dataformat/jackson-dataformat-xml/2.9.0/jackson-dataformat-xml-2.9.0.jar:/home/user/.m2/repository/com/fasterxml/jackson/module/jackson-module-jaxb-annotations/2.9.5/jackson-module-jaxb-annotations-2.9.5.jar:/home/user/.m2/repository/javax/enterprise/cdi-api/1.2/cdi-api-1.2.jar:/home/user/.m2/repository/javax/el/javax.el-api/3.0.0/javax.el-api-3.0.0.jar:/home/user/.m2/repository/javax/interceptor/javax.interceptor-api/1.2/javax.interceptor-api-1.2.jar:/home/user/.m2/repository/javax/inject/javax.inject/1/javax.inject-1.jar:/home/user/.m2/repository/com/sun/xml/bind/jaxb-core/2.3.0.1/jaxb-core-2.3.0.1.jar:/home/user/.m2/repository/javax/xml/bind/jaxb-api/2.3.0/jaxb-api-2.3.0.jar:/home/user/.m2/repository/javax/activation/activation/1.1.1/activation-1.1.1.jar:/home/user/.m2/repository/org/apache/hadoop/hadoop-ozone-csi/0.5.0-SNAPSHOT/hadoop-ozone-csi-0.5.0-SNAPSHOT.jar:/home/user/.m2/repository/com/google/protobuf/protobuf-java-util/3.5.1/protobuf-java-util-3.5.1.jar:/home/user/.m2/repository/io/grpc/grpc-netty/1.17.1/grpc-netty-1.17.1.jar:/home/user/.m2/repository/io/grpc/grpc-core/1.17.1/grpc-core-1.17.1.jar:/home/user/.m2/repository/io/grpc/grpc-context/1.17.1/grpc-context-1.17.1.jar:/home/user/.m2/repository/com/google/errorprone/error_prone_annotations/2.2.0/error_prone_annotations-2.2.0.jar:/home/user/.m2/repository/org/codehaus/mojo/animal-sniffer-annotations/1.17/animal-sniffer-annotations-1.17.jar:/home/user/.m2/repository/io/opencensus/opencensus-api/0.17.0/opencensus-api-0.17.0.jar:/home/user/.m2/repository/io/opencensus/opencensus-contrib-grpc-metrics/0.17.0/opencensus-contrib-grpc-metrics-0.17.0.jar:/home/user/.m2/repository/io/netty/netty-codec-http2/4.1.30.Final/netty-codec-http2-4.1.30.Final.jar:/home/user/.m2/repository/io/netty/netty-codec-http/4.1.30.Final/netty-codec-http-4.1.30.Final.jar:/home/user/.m2/repository/io/netty/netty-codec/4.1.30.Final/netty-codec-4.1.30.Final.jar:/home/user/.m2/repository/io/netty/netty-handler/4.1.30.Final/netty-handler-4.1.30.Final.jar:/home/user/.m2/repository/io/netty/netty-handler-proxy/4.1.30.Final/netty-handler-proxy-4.1.30.Final.jar:/home/user/.m2/repository/io/netty/netty-codec-socks/4.1.30.Final/netty-codec-socks-4.1.30.Final.jar:/home/user/.m2/repository/io/netty/netty-transport-native-epoll/4.1.30.Final/netty-transport-native-epoll-4.1.30.Final.jar:/home/user/.m2/repository/io/netty/netty-common/4.1.30.Final/netty-common-4.1.30.Final.jar:/home/user/.m2/repository/io/netty/netty-buffer/4.1.30.Final/netty-buffer-4.1.30.Final.jar:/home/user/.m2/repository/io/netty/netty-transport/4.1.30.Final/netty-transport-4.1.30.Final.jar:/home/user/.m2/repository/io/netty/netty-resolver/4.1.30.Final/netty-resolver-4.1.30.Final.jar:/home/user/.m2/repository/io/netty/netty-transport-native-unix-common/4.1.30.Final/netty-transport-native-unix-common-4.1.30.Final.jar:/home/user/.m2/repository/io/grpc/grpc-protobuf/1.17.1/grpc-protobuf-1.17.1.jar:/home/user/.m2/repository/com/google/api/grpc/proto-google-common-protos/1.0.0/proto-google-common-protos-1.0.0.jar:/home/user/.m2/repository/io/grpc/grpc-protobuf-lite/1.17.1/grpc-protobuf-lite-1.17.1.jar:/home/user/.m2/repository/io/grpc/grpc-stub/1.17.1/grpc-stub-1.17.1.jar:/home/user/.m2/repository/org/apache/hadoop/hadoop-ozone-recon/0.5.0-SNAPSHOT/hadoop-ozone-recon-0.5.0-SNAPSHOT.jar:/home/user/.m2/repository/org/apache/hadoop/hadoop-ozone-reconcodegen/0.5.0-SNAPSHOT/hadoop-ozone-reconcodegen-0.5.0-SNAPSHOT.jar:/home/user/.m2/repository/com/google/inject/extensions/guice-multibindings/4.0/guice-multibindings-4.0.jar:/home/user/.m2/repository/com/google/inject/guice/4.0/guice-4.0.jar:/home/user/.m2/repository/aopalliance/aopalliance/1.0/aopalliance-1.0.jar:/home/user/.m2/repository/org/glassfish/jersey/containers/jersey-container-servlet/2.27/jersey-container-servlet-2.27.jar:/home/user/.m2/repository/org/glassfish/hk2/guice-bridge/2.5.0/guice-bridge-2.5.0.jar:/home/user/.m2/repository/org/glassfish/jersey/core/jersey-server/2.27/jersey-server-2.27.jar:/home/user/.m2/repository/org/glassfish/jersey/core/jersey-client/2.27/jersey-client-2.27.jar:/home/user/.m2/repository/org/glassfish/jersey/media/jersey-media-jaxb/2.27/jersey-media-jaxb-2.27.jar:/home/user/.m2/repository/javax/validation/validation-api/1.1.0.Final/validation-api-1.1.0.Final.jar:/home/user/.m2/repository/org/glassfish/jersey/media/jersey-media-json-jackson/2.27/jersey-media-json-jackson-2.27.jar:/home/user/.m2/repository/org/glassfish/jersey/ext/jersey-entity-filtering/2.27/jersey-entity-filtering-2.27.jar:/home/user/.m2/repository/com/google/inject/extensions/guice-assistedinject/4.0/guice-assistedinject-4.0.jar:/home/user/.m2/repository/org/jooq/jooq/3.11.10/jooq-3.11.10.jar:/home/user/.m2/repository/org/jooq/jooq-meta/3.11.10/jooq-meta-3.11.10.jar:/home/user/.m2/repository/org/jooq/jooq-codegen/3.11.10/jooq-codegen-3.11.10.jar:/home/user/.m2/repository/com/jolbox/bonecp/0.8.0.RELEASE/bonecp-0.8.0.RELEASE.jar:/home/user/.m2/repository/org/springframework/spring-jdbc/5.1.3.RELEASE/spring-jdbc-5.1.3.RELEASE.jar:/home/user/.m2/repository/org/springframework/spring-beans/5.1.3.RELEASE/spring-beans-5.1.3.RELEASE.jar:/home/user/.m2/repository/org/springframework/spring-core/5.1.3.RELEASE/spring-core-5.1.3.RELEASE.jar:/home/user/.m2/repository/org/springframework/spring-jcl/5.1.3.RELEASE/spring-jcl-5.1.3.RELEASE.jar:/home/user/.m2/repository/org/springframework/spring-tx/5.1.3.RELEASE/spring-tx-5.1.3.RELEASE.jar:/home/user/.m2/repository/org/mockito/mockito-all/1.10.19/mockito-all-1.10.19.jar:/home/user/.m2/repository/junit/junit/4.11/junit-4.11.jar:/home/user/.m2/repository/org/hamcrest/hamcrest-core/1.3/hamcrest-core-1.3.jar:/home/user/.m2/repository/org/apache/hadoop/hadoop-distcp/3.2.0/hadoop-distcp-3.2.0.jar:/home/user/.m2/repository/org/apache/hadoop/hadoop-distcp/3.2.0/hadoop-distcp-3.2.0-tests.jar:/home/user/.m2/repository/org/apache/hadoop/hadoop-mapreduce-client-jobclient/3.2.0/hadoop-mapreduce-client-jobclient-3.2.0.jar:/home/user/.m2/repository/org/apache/hadoop/hadoop-mapreduce-client-common/3.2.0/hadoop-mapreduce-client-common-3.2.0.jar:/home/user/.m2/repository/org/apache/hadoop/hadoop-yarn-common/3.2.0/hadoop-yarn-common-3.2.0.jar:/home/user/.m2/repository/org/apache/hadoop/hadoop-yarn-api/3.2.0/hadoop-yarn-api-3.2.0.jar:/home/user/.m2/repository/com/sun/jersey/jersey-client/1.19/jersey-client-1.19.jar:/home/user/.m2/repository/com/sun/jersey/contribs/jersey-guice/1.19/jersey-guice-1.19.jar:/home/user/.m2/repository/com/fasterxml/jackson/jaxrs/jackson-jaxrs-json-provider/2.9.5/jackson-jaxrs-json-provider-2.9.5.jar:/home/user/.m2/repository/com/fasterxml/jackson/jaxrs/jackson-jaxrs-base/2.9.5/jackson-jaxrs-base-2.9.5.jar:/home/user/.m2/repository/org/apache/hadoop/hadoop-yarn-client/3.2.0/hadoop-yarn-client-3.2.0.jar:/home/user/.m2/repository/org/apache/hadoop/hadoop-mapreduce-client-core/3.2.0/hadoop-mapreduce-client-core-3.2.0.jar:/home/user/.m2/repository/com/google/inject/extensions/guice-servlet/4.0/guice-servlet-4.0.jar:/home/user/.m2/repository/org/powermock/powermock-module-junit4/1.6.5/powermock-module-junit4-1.6.5.jar:/home/user/.m2/repository/org/powermock/powermock-module-junit4-common/1.6.5/powermock-module-junit4-common-1.6.5.jar:/home/user/.m2/repository/org/powermock/powermock-core/1.6.5/powermock-core-1.6.5.jar:/home/user/.m2/repository/org/powermock/powermock-reflect/1.6.5/powermock-reflect-1.6.5.jar:/home/user/.m2/repository/org/powermock/powermock-api-mockito/1.6.5/powermock-api-mockito-1.6.5.jar:/home/user/.m2/repository/org/mockito/mockito-core/1.10.19/mockito-core-1.10.19.jar:/home/user/.m2/repository/org/objenesis/objenesis/1.0/objenesis-1.0.jar:/home/user/.m2/repository/org/powermock/powermock-api-mockito-common/1.6.5/powermock-api-mockito-common-1.6.5.jar:/home/user/.m2/repository/org/powermock/powermock-api-support/1.6.5/powermock-api-support-1.6.5.jar:"/>
    <property name="java.vm.vendor" value="IcedTea"/>
    <property name="sun.arch.data.model" value="64"/>
    <property name="test.build.dir" value="/workdir/hadoop-ozone/ozonefs/target/test-dir"/>
    <property name="test.cache.data" value=""/>
    <property name="java.vendor.url" value="https://icedtea.classpath.org"/>
    <property name="user.timezone" value=""/>
    <property name="java.vm.specification.version" value="1.8"/>
    <property name="os.name" value="Linux"/>
    <property name="test.build.data" value="/workdir/hadoop-ozone/ozonefs/target/test-dir"/>
    <property name="user.country" value="US"/>
    <property name="sun.java.launcher" value="SUN_STANDARD"/>
    <property name="sun.boot.library.path" value="/usr/lib/jvm/java-1.8-openjdk/jre/lib/amd64"/>
    <property name="sun.java.command" value="/workdir/hadoop-ozone/ozonefs/target/surefire/surefirebooter274754598716524983.jar /workdir/hadoop-ozone/ozonefs/target/surefire 2019-08-23T18-25-06_099-jvmRun1 surefire8476782635005482518tmp surefire_867159564766195711712tmp"/>
    <property name="test" value="!TestMiniChaosOzoneCluster"/>
    <property name="surefire.test.class.path" value="/workdir/hadoop-ozone/ozonefs/target/test-classes:/workdir/hadoop-ozone/ozonefs/target/classes:/home/user/.m2/repository/org/apache/hadoop/hadoop-common/3.2.0/hadoop-common-3.2.0.jar:/home/user/.m2/repository/org/apache/hadoop/hadoop-annotations/3.2.0/hadoop-annotations-3.2.0.jar:/usr/lib/jvm/java-1.8-openjdk/jre/../lib/tools.jar:/home/user/.m2/repository/com/google/guava/guava/11.0.2/guava-11.0.2.jar:/home/user/.m2/repository/commons-cli/commons-cli/1.2/commons-cli-1.2.jar:/home/user/.m2/repository/org/apache/commons/commons-math3/3.1.1/commons-math3-3.1.1.jar:/home/user/.m2/repository/org/apache/httpcomponents/httpclient/4.5.2/httpclient-4.5.2.jar:/home/user/.m2/repository/org/apache/httpcomponents/httpcore/4.4.4/httpcore-4.4.4.jar:/home/user/.m2/repository/commons-codec/commons-codec/1.11/commons-codec-1.11.jar:/home/user/.m2/repository/commons-io/commons-io/2.5/commons-io-2.5.jar:/home/user/.m2/repository/commons-net/commons-net/3.6/commons-net-3.6.jar:/home/user/.m2/repository/commons-collections/commons-collections/3.2.2/commons-collections-3.2.2.jar:/home/user/.m2/repository/javax/servlet/javax.servlet-api/3.1.0/javax.servlet-api-3.1.0.jar:/home/user/.m2/repository/org/eclipse/jetty/jetty-server/9.3.24.v20180605/jetty-server-9.3.24.v20180605.jar:/home/user/.m2/repository/org/eclipse/jetty/jetty-http/9.3.24.v20180605/jetty-http-9.3.24.v20180605.jar:/home/user/.m2/repository/org/eclipse/jetty/jetty-io/9.3.24.v20180605/jetty-io-9.3.24.v20180605.jar:/home/user/.m2/repository/org/eclipse/jetty/jetty-util/9.3.24.v20180605/jetty-util-9.3.24.v20180605.jar:/home/user/.m2/repository/org/eclipse/jetty/jetty-servlet/9.3.24.v20180605/jetty-servlet-9.3.24.v20180605.jar:/home/user/.m2/repository/org/eclipse/jetty/jetty-security/9.3.24.v20180605/jetty-security-9.3.24.v20180605.jar:/home/user/.m2/repository/org/eclipse/jetty/jetty-webapp/9.3.24.v20180605/jetty-webapp-9.3.24.v20180605.jar:/home/user/.m2/repository/org/eclipse/jetty/jetty-xml/9.3.24.v20180605/jetty-xml-9.3.24.v20180605.jar:/home/user/.m2/repository/javax/servlet/jsp/jsp-api/2.1/jsp-api-2.1.jar:/home/user/.m2/repository/com/sun/jersey/jersey-core/1.19/jersey-core-1.19.jar:/home/user/.m2/repository/javax/ws/rs/jsr311-api/1.1.1/jsr311-api-1.1.1.jar:/home/user/.m2/repository/com/sun/jersey/jersey-servlet/1.19/jersey-servlet-1.19.jar:/home/user/.m2/repository/com/sun/jersey/jersey-json/1.19/jersey-json-1.19.jar:/home/user/.m2/repository/org/codehaus/jettison/jettison/1.1/jettison-1.1.jar:/home/user/.m2/repository/com/sun/xml/bind/jaxb-impl/2.3.0.1/jaxb-impl-2.3.0.1.jar:/home/user/.m2/repository/org/codehaus/jackson/jackson-core-asl/1.9.13/jackson-core-asl-1.9.13.jar:/home/user/.m2/repository/org/codehaus/jackson/jackson-mapper-asl/1.9.13/jackson-mapper-asl-1.9.13.jar:/home/user/.m2/repository/org/codehaus/jackson/jackson-jaxrs/1.9.13/jackson-jaxrs-1.9.13.jar:/home/user/.m2/repository/org/codehaus/jackson/jackson-xc/1.9.13/jackson-xc-1.9.13.jar:/home/user/.m2/repository/com/sun/jersey/jersey-server/1.19/jersey-server-1.19.jar:/home/user/.m2/repository/commons-logging/commons-logging/1.1.3/commons-logging-1.1.3.jar:/home/user/.m2/repository/log4j/log4j/1.2.17/log4j-1.2.17.jar:/home/user/.m2/repository/commons-beanutils/commons-beanutils/1.9.3/commons-beanutils-1.9.3.jar:/home/user/.m2/repository/org/apache/commons/commons-configuration2/2.1.1/commons-configuration2-2.1.1.jar:/home/user/.m2/repository/org/apache/commons/commons-lang3/3.7/commons-lang3-3.7.jar:/home/user/.m2/repository/org/apache/commons/commons-text/1.4/commons-text-1.4.jar:/home/user/.m2/repository/org/slf4j/slf4j-api/1.7.25/slf4j-api-1.7.25.jar:/home/user/.m2/repository/org/slf4j/slf4j-log4j12/1.7.25/slf4j-log4j12-1.7.25.jar:/home/user/.m2/repository/org/apache/avro/avro/1.7.7/avro-1.7.7.jar:/home/user/.m2/repository/com/thoughtworks/paranamer/paranamer/2.3/paranamer-2.3.jar:/home/user/.m2/repository/org/xerial/snappy/snappy-java/1.0.5/snappy-java-1.0.5.jar:/home/user/.m2/repository/com/google/re2j/re2j/1.1/re2j-1.1.jar:/home/user/.m2/repository/com/google/protobuf/protobuf-java/2.5.0/protobuf-java-2.5.0.jar:/home/user/.m2/repository/com/google/code/gson/gson/2.2.4/gson-2.2.4.jar:/home/user/.m2/repository/org/apache/hadoop/hadoop-auth/3.2.0/hadoop-auth-3.2.0.jar:/home/user/.m2/repository/com/nimbusds/nimbus-jose-jwt/4.41.1/nimbus-jose-jwt-4.41.1.jar:/home/user/.m2/repository/com/github/stephenc/jcip/jcip-annotations/1.0-1/jcip-annotations-1.0-1.jar:/home/user/.m2/repository/net/minidev/json-smart/2.3/json-smart-2.3.jar:/home/user/.m2/repository/net/minidev/accessors-smart/1.2/accessors-smart-1.2.jar:/home/user/.m2/repository/org/apache/curator/curator-framework/2.12.0/curator-framework-2.12.0.jar:/home/user/.m2/repository/com/jcraft/jsch/0.1.54/jsch-0.1.54.jar:/home/user/.m2/repository/org/apache/curator/curator-client/2.12.0/curator-client-2.12.0.jar:/home/user/.m2/repository/org/apache/curator/curator-recipes/2.12.0/curator-recipes-2.12.0.jar:/home/user/.m2/repository/com/google/code/findbugs/jsr305/3.0.0/jsr305-3.0.0.jar:/home/user/.m2/repository/org/apache/htrace/htrace-core4/4.1.0-incubating/htrace-core4-4.1.0-incubating.jar:/home/user/.m2/repository/org/apache/zookeeper/zookeeper/3.4.13/zookeeper-3.4.13.jar:/home/user/.m2/repository/org/apache/yetus/audience-annotations/0.5.0/audience-annotations-0.5.0.jar:/home/user/.m2/repository/org/apache/commons/commons-compress/1.4.1/commons-compress-1.4.1.jar:/home/user/.m2/repository/org/tukaani/xz/1.0/xz-1.0.jar:/home/user/.m2/repository/org/apache/kerby/kerb-simplekdc/1.0.1/kerb-simplekdc-1.0.1.jar:/home/user/.m2/repository/org/apache/kerby/kerb-client/1.0.1/kerb-client-1.0.1.jar:/home/user/.m2/repository/org/apache/kerby/kerby-config/1.0.1/kerby-config-1.0.1.jar:/home/user/.m2/repository/org/apache/kerby/kerb-core/1.0.1/kerb-core-1.0.1.jar:/home/user/.m2/repository/org/apache/kerby/kerby-pkix/1.0.1/kerby-pkix-1.0.1.jar:/home/user/.m2/repository/org/apache/kerby/kerby-asn1/1.0.1/kerby-asn1-1.0.1.jar:/home/user/.m2/repository/org/apache/kerby/kerby-util/1.0.1/kerby-util-1.0.1.jar:/home/user/.m2/repository/org/apache/kerby/kerb-common/1.0.1/kerb-common-1.0.1.jar:/home/user/.m2/repository/org/apache/kerby/kerb-crypto/1.0.1/kerb-crypto-1.0.1.jar:/home/user/.m2/repository/org/apache/kerby/kerb-util/1.0.1/kerb-util-1.0.1.jar:/home/user/.m2/repository/org/apache/kerby/token-provider/1.0.1/token-provider-1.0.1.jar:/home/user/.m2/repository/org/apache/kerby/kerb-admin/1.0.1/kerb-admin-1.0.1.jar:/home/user/.m2/repository/org/apache/kerby/kerb-server/1.0.1/kerb-server-1.0.1.jar:/home/user/.m2/repository/org/apache/kerby/kerb-identity/1.0.1/kerb-identity-1.0.1.jar:/home/user/.m2/repository/org/apache/kerby/kerby-xdr/1.0.1/kerby-xdr-1.0.1.jar:/home/user/.m2/repository/com/fasterxml/jackson/core/jackson-databind/2.9.5/jackson-databind-2.9.5.jar:/home/user/.m2/repository/com/fasterxml/jackson/core/jackson-annotations/2.9.5/jackson-annotations-2.9.5.jar:/home/user/.m2/repository/com/fasterxml/jackson/core/jackson-core/2.9.5/jackson-core-2.9.5.jar:/home/user/.m2/repository/org/codehaus/woodstox/stax2-api/3.1.4/stax2-api-3.1.4.jar:/home/user/.m2/repository/com/fasterxml/woodstox/woodstox-core/5.0.3/woodstox-core-5.0.3.jar:/home/user/.m2/repository/dnsjava/dnsjava/2.1.7/dnsjava-2.1.7.jar:/home/user/.m2/repository/org/apache/hadoop/hadoop-hdfs/3.2.0/hadoop-hdfs-3.2.0.jar:/home/user/.m2/repository/org/eclipse/jetty/jetty-util-ajax/9.3.24.v20180605/jetty-util-ajax-9.3.24.v20180605.jar:/home/user/.m2/repository/commons-daemon/commons-daemon/1.0.13/commons-daemon-1.0.13.jar:/home/user/.m2/repository/io/netty/netty/3.10.5.Final/netty-3.10.5.Final.jar:/home/user/.m2/repository/io/netty/netty-all/4.0.52.Final/netty-all-4.0.52.Final.jar:/home/user/.m2/repository/org/fusesource/leveldbjni/leveldbjni-all/1.8/leveldbjni-all-1.8.jar:/home/user/.m2/repository/org/apache/hadoop/hadoop-hdds-common/0.5.0-SNAPSHOT/hadoop-hdds-common-0.5.0-SNAPSHOT.jar:/home/user/.m2/repository/org/apache/hadoop/hadoop-hdds-config/0.5.0-SNAPSHOT/hadoop-hdds-config-0.5.0-SNAPSHOT.jar:/home/user/.m2/repository/javax/annotation/javax.annotation-api/1.2/javax.annotation-api-1.2.jar:/home/user/.m2/repository/org/apache/ratis/ratis-server/0.4.0-2337318-SNAPSHOT/ratis-server-0.4.0-2337318-SNAPSHOT.jar:/home/user/.m2/repository/org/apache/ratis/ratis-thirdparty-misc/0.2.0/ratis-thirdparty-misc-0.2.0.jar:/home/user/.m2/repository/org/apache/ratis/ratis-proto/0.4.0-2337318-SNAPSHOT/ratis-proto-0.4.0-2337318-SNAPSHOT.jar:/home/user/.m2/repository/org/apache/ratis/ratis-common/0.4.0-2337318-SNAPSHOT/ratis-common-0.4.0-2337318-SNAPSHOT.jar:/home/user/.m2/repository/org/apache/ratis/ratis-client/0.4.0-2337318-SNAPSHOT/ratis-client-0.4.0-2337318-SNAPSHOT.jar:/home/user/.m2/repository/org/apache/ratis/ratis-metrics/0.4.0-2337318-SNAPSHOT/ratis-metrics-0.4.0-2337318-SNAPSHOT.jar:/home/user/.m2/repository/org/apache/ratis/ratis-netty/0.4.0-2337318-SNAPSHOT/ratis-netty-0.4.0-2337318-SNAPSHOT.jar:/home/user/.m2/repository/org/apache/ratis/ratis-grpc/0.4.0-2337318-SNAPSHOT/ratis-grpc-0.4.0-2337318-SNAPSHOT.jar:/home/user/.m2/repository/org/rocksdb/rocksdbjni/6.0.1/rocksdbjni-6.0.1.jar:/home/user/.m2/repository/org/apache/logging/log4j/log4j-api/2.11.0/log4j-api-2.11.0.jar:/home/user/.m2/repository/org/apache/logging/log4j/log4j-core/2.11.0/log4j-core-2.11.0.jar:/home/user/.m2/repository/com/lmax/disruptor/3.4.2/disruptor-3.4.2.jar:/home/user/.m2/repository/org/apache/commons/commons-pool2/2.6.0/commons-pool2-2.6.0.jar:/home/user/.m2/repository/org/bouncycastle/bcpkix-jdk15on/1.60/bcpkix-jdk15on-1.60.jar:/home/user/.m2/repository/commons-validator/commons-validator/1.6/commons-validator-1.6.jar:/home/user/.m2/repository/commons-digester/commons-digester/1.8.1/commons-digester-1.8.1.jar:/home/user/.m2/repository/io/jaegertracing/jaeger-client/0.33.1/jaeger-client-0.33.1.jar:/home/user/.m2/repository/io/jaegertracing/jaeger-thrift/0.33.1/jaeger-thrift-0.33.1.jar:/home/user/.m2/repository/org/apache/thrift/libthrift/0.11.0/libthrift-0.11.0.jar:/home/user/.m2/repository/com/squareup/okhttp3/okhttp/3.9.0/okhttp-3.9.0.jar:/home/user/.m2/repository/com/squareup/okio/okio/1.13.0/okio-1.13.0.jar:/home/user/.m2/repository/io/jaegertracing/jaeger-core/0.33.1/jaeger-core-0.33.1.jar:/home/user/.m2/repository/io/jaegertracing/jaeger-tracerresolver/0.33.1/jaeger-tracerresolver-0.33.1.jar:/home/user/.m2/repository/io/opentracing/contrib/opentracing-tracerresolver/0.1.5/opentracing-tracerresolver-0.1.5.jar:/home/user/.m2/repository/io/opentracing/opentracing-util/0.31.0/opentracing-util-0.31.0.jar:/home/user/.m2/repository/io/opentracing/opentracing-api/0.31.0/opentracing-api-0.31.0.jar:/home/user/.m2/repository/io/opentracing/opentracing-noop/0.31.0/opentracing-noop-0.31.0.jar:/home/user/.m2/repository/org/yaml/snakeyaml/1.16/snakeyaml-1.16.jar:/home/user/.m2/repository/org/apache/hadoop/hadoop-hdfs-client/3.2.0/hadoop-hdfs-client-3.2.0.jar:/home/user/.m2/repository/info/picocli/picocli/3.9.6/picocli-3.9.6.jar:/home/user/.m2/repository/org/apache/hadoop/hadoop-hdds-server-scm/0.5.0-SNAPSHOT/hadoop-hdds-server-scm-0.5.0-SNAPSHOT.jar:/home/user/.m2/repository/org/apache/hadoop/hadoop-hdds-docs/0.5.0-SNAPSHOT/hadoop-hdds-docs-0.5.0-SNAPSHOT.jar:/home/user/.m2/repository/io/dropwizard/metrics/metrics-core/3.2.4/metrics-core-3.2.4.jar:/home/user/.m2/repository/org/hamcrest/hamcrest-all/1.3/hamcrest-all-1.3.jar:/home/user/.m2/repository/org/bouncycastle/bcprov-jdk15on/1.60/bcprov-jdk15on-1.60.jar:/home/user/.m2/repository/org/apache/hadoop/hadoop-hdds-server-framework/0.5.0-SNAPSHOT/hadoop-hdds-server-framework-0.5.0-SNAPSHOT.jar:/home/user/.m2/repository/org/apache/hadoop/hadoop-ozone-ozone-manager/0.5.0-SNAPSHOT/hadoop-ozone-ozone-manager-0.5.0-SNAPSHOT.jar:/home/user/.m2/repository/org/apache/hadoop/hadoop-hdds-container-service/0.5.0-SNAPSHOT/hadoop-hdds-container-service-0.5.0-SNAPSHOT.jar:/home/user/.m2/repository/org/apache/hadoop/hadoop-hdds-client/0.5.0-SNAPSHOT/hadoop-hdds-client-0.5.0-SNAPSHOT.jar:/home/user/.m2/repository/org/apache/hadoop/hadoop-ozone-common/0.5.0-SNAPSHOT/hadoop-ozone-common-0.5.0-SNAPSHOT.jar:/home/user/.m2/repository/org/apache/hadoop/hadoop-hdds-tools/0.5.0-SNAPSHOT/hadoop-hdds-tools-0.5.0-SNAPSHOT.jar:/home/user/.m2/repository/org/xerial/sqlite-jdbc/3.25.2/sqlite-jdbc-3.25.2.jar:/home/user/.m2/repository/com/google/code/findbugs/findbugs/3.0.1/findbugs-3.0.1.jar:/home/user/.m2/repository/net/jcip/jcip-annotations/1.0/jcip-annotations-1.0.jar:/home/user/.m2/repository/com/google/code/findbugs/bcel-findbugs/6.0/bcel-findbugs-6.0.jar:/home/user/.m2/repository/com/google/code/findbugs/jFormatString/2.0.1/jFormatString-2.0.1.jar:/home/user/.m2/repository/dom4j/dom4j/1.6.1/dom4j-1.6.1.jar:/home/user/.m2/repository/xml-apis/xml-apis/1.0.b2/xml-apis-1.0.b2.jar:/home/user/.m2/repository/org/ow2/asm/asm-debug-all/5.0.2/asm-debug-all-5.0.2.jar:/home/user/.m2/repository/org/ow2/asm/asm-commons/5.0.2/asm-commons-5.0.2.jar:/home/user/.m2/repository/org/ow2/asm/asm-tree/5.0.2/asm-tree-5.0.2.jar:/home/user/.m2/repository/org/ow2/asm/asm/5.0.4/asm-5.0.4.jar:/home/user/.m2/repository/commons-lang/commons-lang/2.6/commons-lang-2.6.jar:/home/user/.m2/repository/com/apple/AppleJavaExtensions/1.4/AppleJavaExtensions-1.4.jar:/home/user/.m2/repository/jaxen/jaxen/1.1.6/jaxen-1.1.6.jar:/home/user/.m2/repository/org/apache/hadoop/hadoop-common/3.2.0/hadoop-common-3.2.0-tests.jar:/home/user/.m2/repository/org/apache/hadoop/hadoop-ozone-client/0.5.0-SNAPSHOT/hadoop-ozone-client-0.5.0-SNAPSHOT.jar:/home/user/.m2/repository/org/apache/hadoop/hadoop-hdfs/3.2.0/hadoop-hdfs-3.2.0-tests.jar:/workdir/hadoop-ozone/integration-test/target/test-classes:/home/user/.m2/repository/org/apache/hadoop/hadoop-ozone-s3gateway/0.5.0-SNAPSHOT/hadoop-ozone-s3gateway-0.5.0-SNAPSHOT.jar:/home/user/.m2/repository/org/jboss/weld/servlet/weld-servlet/2.4.7.Final/weld-servlet-2.4.7.Final.jar:/home/user/.m2/repository/org/glassfish/jersey/containers/jersey-container-servlet-core/2.27/jersey-container-servlet-core-2.27.jar:/home/user/.m2/repository/org/glassfish/hk2/external/javax.inject/2.5.0-b42/javax.inject-2.5.0-b42.jar:/home/user/.m2/repository/org/glassfish/jersey/core/jersey-common/2.27/jersey-common-2.27.jar:/home/user/.m2/repository/org/glassfish/hk2/osgi-resource-locator/1.0.1/osgi-resource-locator-1.0.1.jar:/home/user/.m2/repository/javax/ws/rs/javax.ws.rs-api/2.1/javax.ws.rs-api-2.1.jar:/home/user/.m2/repository/org/glassfish/jersey/ext/cdi/jersey-cdi1x/2.27/jersey-cdi1x-2.27.jar:/home/user/.m2/repository/org/glassfish/jersey/inject/jersey-hk2/2.27/jersey-hk2-2.27.jar:/home/user/.m2/repository/org/glassfish/hk2/hk2-locator/2.5.0-b42/hk2-locator-2.5.0-b42.jar:/home/user/.m2/repository/org/javassist/javassist/3.22.0-CR2/javassist-3.22.0-CR2.jar:/home/user/.m2/repository/org/glassfish/hk2/hk2-api/2.5.0/hk2-api-2.5.0.jar:/home/user/.m2/repository/org/glassfish/hk2/external/jakarta.inject/2.5.0/jakarta.inject-2.5.0.jar:/home/user/.m2/repository/org/glassfish/hk2/hk2-utils/2.5.0/hk2-utils-2.5.0.jar:/home/user/.m2/repository/jakarta/annotation/jakarta.annotation-api/1.3.4/jakarta.annotation-api-1.3.4.jar:/home/user/.m2/repository/org/glassfish/hk2/external/aopalliance-repackaged/2.5.0/aopalliance-repackaged-2.5.0.jar:/home/user/.m2/repository/com/fasterxml/jackson/dataformat/jackson-dataformat-xml/2.9.0/jackson-dataformat-xml-2.9.0.jar:/home/user/.m2/repository/com/fasterxml/jackson/module/jackson-module-jaxb-annotations/2.9.5/jackson-module-jaxb-annotations-2.9.5.jar:/home/user/.m2/repository/javax/enterprise/cdi-api/1.2/cdi-api-1.2.jar:/home/user/.m2/repository/javax/el/javax.el-api/3.0.0/javax.el-api-3.0.0.jar:/home/user/.m2/repository/javax/interceptor/javax.interceptor-api/1.2/javax.interceptor-api-1.2.jar:/home/user/.m2/repository/javax/inject/javax.inject/1/javax.inject-1.jar:/home/user/.m2/repository/com/sun/xml/bind/jaxb-core/2.3.0.1/jaxb-core-2.3.0.1.jar:/home/user/.m2/repository/javax/xml/bind/jaxb-api/2.3.0/jaxb-api-2.3.0.jar:/home/user/.m2/repository/javax/activation/activation/1.1.1/activation-1.1.1.jar:/home/user/.m2/repository/org/apache/hadoop/hadoop-ozone-csi/0.5.0-SNAPSHOT/hadoop-ozone-csi-0.5.0-SNAPSHOT.jar:/home/user/.m2/repository/com/google/protobuf/protobuf-java-util/3.5.1/protobuf-java-util-3.5.1.jar:/home/user/.m2/repository/io/grpc/grpc-netty/1.17.1/grpc-netty-1.17.1.jar:/home/user/.m2/repository/io/grpc/grpc-core/1.17.1/grpc-core-1.17.1.jar:/home/user/.m2/repository/io/grpc/grpc-context/1.17.1/grpc-context-1.17.1.jar:/home/user/.m2/repository/com/google/errorprone/error_prone_annotations/2.2.0/error_prone_annotations-2.2.0.jar:/home/user/.m2/repository/org/codehaus/mojo/animal-sniffer-annotations/1.17/animal-sniffer-annotations-1.17.jar:/home/user/.m2/repository/io/opencensus/opencensus-api/0.17.0/opencensus-api-0.17.0.jar:/home/user/.m2/repository/io/opencensus/opencensus-contrib-grpc-metrics/0.17.0/opencensus-contrib-grpc-metrics-0.17.0.jar:/home/user/.m2/repository/io/netty/netty-codec-http2/4.1.30.Final/netty-codec-http2-4.1.30.Final.jar:/home/user/.m2/repository/io/netty/netty-codec-http/4.1.30.Final/netty-codec-http-4.1.30.Final.jar:/home/user/.m2/repository/io/netty/netty-codec/4.1.30.Final/netty-codec-4.1.30.Final.jar:/home/user/.m2/repository/io/netty/netty-handler/4.1.30.Final/netty-handler-4.1.30.Final.jar:/home/user/.m2/repository/io/netty/netty-handler-proxy/4.1.30.Final/netty-handler-proxy-4.1.30.Final.jar:/home/user/.m2/repository/io/netty/netty-codec-socks/4.1.30.Final/netty-codec-socks-4.1.30.Final.jar:/home/user/.m2/repository/io/netty/netty-transport-native-epoll/4.1.30.Final/netty-transport-native-epoll-4.1.30.Final.jar:/home/user/.m2/repository/io/netty/netty-common/4.1.30.Final/netty-common-4.1.30.Final.jar:/home/user/.m2/repository/io/netty/netty-buffer/4.1.30.Final/netty-buffer-4.1.30.Final.jar:/home/user/.m2/repository/io/netty/netty-transport/4.1.30.Final/netty-transport-4.1.30.Final.jar:/home/user/.m2/repository/io/netty/netty-resolver/4.1.30.Final/netty-resolver-4.1.30.Final.jar:/home/user/.m2/repository/io/netty/netty-transport-native-unix-common/4.1.30.Final/netty-transport-native-unix-common-4.1.30.Final.jar:/home/user/.m2/repository/io/grpc/grpc-protobuf/1.17.1/grpc-protobuf-1.17.1.jar:/home/user/.m2/repository/com/google/api/grpc/proto-google-common-protos/1.0.0/proto-google-common-protos-1.0.0.jar:/home/user/.m2/repository/io/grpc/grpc-protobuf-lite/1.17.1/grpc-protobuf-lite-1.17.1.jar:/home/user/.m2/repository/io/grpc/grpc-stub/1.17.1/grpc-stub-1.17.1.jar:/home/user/.m2/repository/org/apache/hadoop/hadoop-ozone-recon/0.5.0-SNAPSHOT/hadoop-ozone-recon-0.5.0-SNAPSHOT.jar:/home/user/.m2/repository/org/apache/hadoop/hadoop-ozone-reconcodegen/0.5.0-SNAPSHOT/hadoop-ozone-reconcodegen-0.5.0-SNAPSHOT.jar:/home/user/.m2/repository/com/google/inject/extensions/guice-multibindings/4.0/guice-multibindings-4.0.jar:/home/user/.m2/repository/com/google/inject/guice/4.0/guice-4.0.jar:/home/user/.m2/repository/aopalliance/aopalliance/1.0/aopalliance-1.0.jar:/home/user/.m2/repository/org/glassfish/jersey/containers/jersey-container-servlet/2.27/jersey-container-servlet-2.27.jar:/home/user/.m2/repository/org/glassfish/hk2/guice-bridge/2.5.0/guice-bridge-2.5.0.jar:/home/user/.m2/repository/org/glassfish/jersey/core/jersey-server/2.27/jersey-server-2.27.jar:/home/user/.m2/repository/org/glassfish/jersey/core/jersey-client/2.27/jersey-client-2.27.jar:/home/user/.m2/repository/org/glassfish/jersey/media/jersey-media-jaxb/2.27/jersey-media-jaxb-2.27.jar:/home/user/.m2/repository/javax/validation/validation-api/1.1.0.Final/validation-api-1.1.0.Final.jar:/home/user/.m2/repository/org/glassfish/jersey/media/jersey-media-json-jackson/2.27/jersey-media-json-jackson-2.27.jar:/home/user/.m2/repository/org/glassfish/jersey/ext/jersey-entity-filtering/2.27/jersey-entity-filtering-2.27.jar:/home/user/.m2/repository/com/google/inject/extensions/guice-assistedinject/4.0/guice-assistedinject-4.0.jar:/home/user/.m2/repository/org/jooq/jooq/3.11.10/jooq-3.11.10.jar:/home/user/.m2/repository/org/jooq/jooq-meta/3.11.10/jooq-meta-3.11.10.jar:/home/user/.m2/repository/org/jooq/jooq-codegen/3.11.10/jooq-codegen-3.11.10.jar:/home/user/.m2/repository/com/jolbox/bonecp/0.8.0.RELEASE/bonecp-0.8.0.RELEASE.jar:/home/user/.m2/repository/org/springframework/spring-jdbc/5.1.3.RELEASE/spring-jdbc-5.1.3.RELEASE.jar:/home/user/.m2/repository/org/springframework/spring-beans/5.1.3.RELEASE/spring-beans-5.1.3.RELEASE.jar:/home/user/.m2/repository/org/springframework/spring-core/5.1.3.RELEASE/spring-core-5.1.3.RELEASE.jar:/home/user/.m2/repository/org/springframework/spring-jcl/5.1.3.RELEASE/spring-jcl-5.1.3.RELEASE.jar:/home/user/.m2/repository/org/springframework/spring-tx/5.1.3.RELEASE/spring-tx-5.1.3.RELEASE.jar:/home/user/.m2/repository/org/mockito/mockito-all/1.10.19/mockito-all-1.10.19.jar:/home/user/.m2/repository/junit/junit/4.11/junit-4.11.jar:/home/user/.m2/repository/org/hamcrest/hamcrest-core/1.3/hamcrest-core-1.3.jar:/home/user/.m2/repository/org/apache/hadoop/hadoop-distcp/3.2.0/hadoop-distcp-3.2.0.jar:/home/user/.m2/repository/org/apache/hadoop/hadoop-distcp/3.2.0/hadoop-distcp-3.2.0-tests.jar:/home/user/.m2/repository/org/apache/hadoop/hadoop-mapreduce-client-jobclient/3.2.0/hadoop-mapreduce-client-jobclient-3.2.0.jar:/home/user/.m2/repository/org/apache/hadoop/hadoop-mapreduce-client-common/3.2.0/hadoop-mapreduce-client-common-3.2.0.jar:/home/user/.m2/repository/org/apache/hadoop/hadoop-yarn-common/3.2.0/hadoop-yarn-common-3.2.0.jar:/home/user/.m2/repository/org/apache/hadoop/hadoop-yarn-api/3.2.0/hadoop-yarn-api-3.2.0.jar:/home/user/.m2/repository/com/sun/jersey/jersey-client/1.19/jersey-client-1.19.jar:/home/user/.m2/repository/com/sun/jersey/contribs/jersey-guice/1.19/jersey-guice-1.19.jar:/home/user/.m2/repository/com/fasterxml/jackson/jaxrs/jackson-jaxrs-json-provider/2.9.5/jackson-jaxrs-json-provider-2.9.5.jar:/home/user/.m2/repository/com/fasterxml/jackson/jaxrs/jackson-jaxrs-base/2.9.5/jackson-jaxrs-base-2.9.5.jar:/home/user/.m2/repository/org/apache/hadoop/hadoop-yarn-client/3.2.0/hadoop-yarn-client-3.2.0.jar:/home/user/.m2/repository/org/apache/hadoop/hadoop-mapreduce-client-core/3.2.0/hadoop-mapreduce-client-core-3.2.0.jar:/home/user/.m2/repository/com/google/inject/extensions/guice-servlet/4.0/guice-servlet-4.0.jar:/home/user/.m2/repository/org/powermock/powermock-module-junit4/1.6.5/powermock-module-junit4-1.6.5.jar:/home/user/.m2/repository/org/powermock/powermock-module-junit4-common/1.6.5/powermock-module-junit4-common-1.6.5.jar:/home/user/.m2/repository/org/powermock/powermock-core/1.6.5/powermock-core-1.6.5.jar:/home/user/.m2/repository/org/powermock/powermock-reflect/1.6.5/powermock-reflect-1.6.5.jar:/home/user/.m2/repository/org/powermock/powermock-api-mockito/1.6.5/powermock-api-mockito-1.6.5.jar:/home/user/.m2/repository/org/mockito/mockito-core/1.10.19/mockito-core-1.10.19.jar:/home/user/.m2/repository/org/objenesis/objenesis/1.0/objenesis-1.0.jar:/home/user/.m2/repository/org/powermock/powermock-api-mockito-common/1.6.5/powermock-api-mockito-common-1.6.5.jar:/home/user/.m2/repository/org/powermock/powermock-api-support/1.6.5/powermock-api-support-1.6.5.jar:"/>
    <property name="sun.cpu.endian" value="little"/>
    <property name="user.home" value="/home/user"/>
    <property name="user.language" value="en"/>
    <property name="java.specification.vendor" value="Oracle Corporation"/>
    <property name="java.home" value="/usr/lib/jvm/java-1.8-openjdk/jre"/>
    <property name="java.security.krb5.conf" value="/workdir/hadoop-ozone/ozonefs/target/test-classes/krb5.conf"/>
    <property name="basedir" value="/workdir/hadoop-ozone/ozonefs"/>
    <property name="file.separator" value="/"/>
    <property name="line.separator" value="&#10;"/>
    <property name="java.vm.specification.vendor" value="Oracle Corporation"/>
    <property name="java.specification.name" value="Java Platform API Specification"/>
    <property name="java.awt.graphicsenv" value="sun.awt.X11GraphicsEnvironment"/>
    <property name="surefire.real.class.path" value="/workdir/hadoop-ozone/ozonefs/target/surefire/surefirebooter274754598716524983.jar"/>
    <property name="hadoop.log.dir" value="/workdir/hadoop-ozone/ozonefs/target/log"/>
    <property name="sun.boot.class.path" value="/usr/lib/jvm/java-1.8-openjdk/jre/lib/resources.jar:/usr/lib/jvm/java-1.8-openjdk/jre/lib/rt.jar:/usr/lib/jvm/java-1.8-openjdk/jre/lib/sunrsasign.jar:/usr/lib/jvm/java-1.8-openjdk/jre/lib/jsse.jar:/usr/lib/jvm/java-1.8-openjdk/jre/lib/jce.jar:/usr/lib/jvm/java-1.8-openjdk/jre/lib/charsets.jar:/usr/lib/jvm/java-1.8-openjdk/jre/lib/jfr.jar:/usr/lib/jvm/java-1.8-openjdk/jre/classes"/>
    <property name="sun.management.compiler" value="HotSpot 64-Bit Tiered Compilers"/>
    <property name="java.runtime.version" value="1.8.0_212-b04"/>
    <property name="java.net.preferIPv4Stack" value="true"/>
    <property name="user.name" value="jenkins1000"/>
    <property name="path.separator" value=":"/>
    <property name="java.security.egd" value="file:///dev/urandom"/>
    <property name="os.version" value="3.10.0-957.12.2.el7.x86_64"/>
    <property name="java.endorsed.dirs" value="/usr/lib/jvm/java-1.8-openjdk/jre/lib/endorsed"/>
    <property name="java.runtime.name" value="OpenJDK Runtime Environment"/>
    <property name="file.encoding" value="UTF-8"/>
    <property name="java.vm.name" value="OpenJDK 64-Bit Server VM"/>
    <property name="test.build.webapps" value=""/>
    <property name="localRepository" value="/home/user/.m2/repository"/>
    <property name="java.vendor.url.bug" value="https://icedtea.classpath.org/bugzilla"/>
    <property name="java.io.tmpdir" value="/tmp"/>
    <property name="require.test.libhadoop" value=""/>
    <property name="java.version" value="1.8.0_212"/>
    <property name="user.dir" value="/workdir/hadoop-ozone/ozonefs"/>
    <property name="os.arch" value="amd64"/>
    <property name="java.vm.specification.name" value="Java Virtual Machine Specification"/>
    <property name="test.build.classes" value="/workdir/hadoop-ozone/ozonefs/target/test-classes"/>
    <property name="java.awt.printerjob" value="sun.print.PSPrinterJob"/>
    <property name="sun.os.patch.level" value="unknown"/>
    <property name="hadoop.tmp.dir" value="/workdir/hadoop-ozone/ozonefs/target/tmp"/>
    <property name="java.library.path" value="/usr/lib/jvm/java-1.8-openjdk/jre/lib/amd64/server:/usr/lib/jvm/java-1.8-openjdk/jre/lib/amd64:/usr/lib/jvm/java-1.8-openjdk/jre/../lib/amd64:/workdir/hadoop-ozone/ozonefs/target/native/target/usr/local/lib:/workdir/hadoop-ozone/ozonefs/../../hadoop-common-project/hadoop-common/target/native/target/usr/local/lib:/usr/java/packages/lib/amd64:/usr/lib64:/lib64:/lib:/usr/lib"/>
    <property name="java.vm.info" value="mixed mode"/>
    <property name="java.vendor" value="IcedTea"/>
    <property name="java.vm.version" value="25.212-b04"/>
    <property name="java.ext.dirs" value="/usr/lib/jvm/java-1.8-openjdk/jre/lib/ext:/usr/java/packages/lib/ext"/>
    <property name="sun.io.unicode.encoding" value="UnicodeLittle"/>
    <property name="java.class.version" value="52.0"/>
  </properties>
  <testcase name="testOzoneFsServiceLoader" classname="org.apache.hadoop.fs.ozone.TestOzoneFileSystem" time="24.657"/>
  <testcase name="testListStatusOnRoot" classname="org.apache.hadoop.fs.ozone.TestOzoneFileSystem" time="18.244"/>
  <testcase name="testListStatusOnSubDirs" classname="org.apache.hadoop.fs.ozone.TestOzoneFileSystem" time="19.21"/>
  <testcase name="testListStatus" classname="org.apache.hadoop.fs.ozone.TestOzoneFileSystem" time="17.519"/>
  <testcase name="testCreateDoesNotAddParentDirKeys" classname="org.apache.hadoop.fs.ozone.TestOzoneFileSystem" time="17.624">
    <error message="Bucket or Volume name is null" type="java.lang.IllegalArgumentException">java.lang.IllegalArgumentException: Bucket or Volume name is null
	at org.apache.hadoop.hdds.scm.client.HddsClientUtils.verifyResourceName(HddsClientUtils.java:142)
	at org.apache.hadoop.ozone.client.rpc.RpcClient.getVolumeDetails(RpcClient.java:321)
	at sun.reflect.NativeMethodAccessorImpl.invoke0(Native Method)
	at sun.reflect.NativeMethodAccessorImpl.invoke(NativeMethodAccessorImpl.java:62)
	at sun.reflect.DelegatingMethodAccessorImpl.invoke(DelegatingMethodAccessorImpl.java:43)
	at java.lang.reflect.Method.invoke(Method.java:498)
	at org.apache.hadoop.ozone.client.OzoneClientInvocationHandler.invoke(OzoneClientInvocationHandler.java:54)
	at com.sun.proxy.$Proxy51.getVolumeDetails(Unknown Source)
	at sun.reflect.NativeMethodAccessorImpl.invoke0(Native Method)
	at sun.reflect.NativeMethodAccessorImpl.invoke(NativeMethodAccessorImpl.java:62)
	at sun.reflect.DelegatingMethodAccessorImpl.invoke(DelegatingMethodAccessorImpl.java:43)
	at java.lang.reflect.Method.invoke(Method.java:498)
	at org.apache.hadoop.hdds.tracing.TraceAllMethod.invoke(TraceAllMethod.java:66)
	at com.sun.proxy.$Proxy51.getVolumeDetails(Unknown Source)
	at org.apache.hadoop.ozone.client.ObjectStore.getVolume(ObjectStore.java:171)
	at org.apache.hadoop.fs.ozone.TestOzoneFileSystem.getKey(TestOzoneFileSystem.java:271)
	at org.apache.hadoop.fs.ozone.TestOzoneFileSystem.testCreateDoesNotAddParentDirKeys(TestOzoneFileSystem.java:109)
	at sun.reflect.NativeMethodAccessorImpl.invoke0(Native Method)
	at sun.reflect.NativeMethodAccessorImpl.invoke(NativeMethodAccessorImpl.java:62)
	at sun.reflect.DelegatingMethodAccessorImpl.invoke(DelegatingMethodAccessorImpl.java:43)
	at java.lang.reflect.Method.invoke(Method.java:498)
	at org.junit.runners.model.FrameworkMethod$1.runReflectiveCall(FrameworkMethod.java:47)
	at org.junit.internal.runners.model.ReflectiveCallable.run(ReflectiveCallable.java:12)
	at org.junit.runners.model.FrameworkMethod.invokeExplosively(FrameworkMethod.java:44)
	at org.junit.internal.runners.statements.InvokeMethod.evaluate(InvokeMethod.java:17)
	at org.junit.internal.runners.statements.RunBefores.evaluate(RunBefores.java:26)
	at org.junit.internal.runners.statements.RunAfters.evaluate(RunAfters.java:27)
	at org.junit.internal.runners.statements.FailOnTimeout$StatementThread.run(FailOnTimeout.java:74)
</error>
    <system-out><![CDATA[2019-08-23 19:58:32,849 [Thread-876] WARN  server.ServerUtils (ServerUtils.java:getScmDbDir(145)) - ozone.scm.db.dirs is not configured. We recommend adding this setting. Falling back to ozone.metadata.dirs instead.
2019-08-23 19:58:32,879 [Thread-876] WARN  server.ServerUtils (ServerUtils.java:getScmDbDir(145)) - ozone.scm.db.dirs is not configured. We recommend adding this setting. Falling back to ozone.metadata.dirs instead.
2019-08-23 19:58:32,880 [Thread-876] WARN  server.ServerUtils (ServerUtils.java:getScmDbDir(145)) - ozone.scm.db.dirs is not configured. We recommend adding this setting. Falling back to ozone.metadata.dirs instead.
2019-08-23 19:58:32,880 [Thread-876] INFO  db.DBStoreBuilder (DBStoreBuilder.java:addTable(110)) - using custom profile for table: deletedBlocks
2019-08-23 19:58:32,880 [Thread-876] INFO  db.DBStoreBuilder (DBStoreBuilder.java:processTables(161)) - Using default column profile:DBProfile.DISK for Table:deletedBlocks
2019-08-23 19:58:32,881 [Thread-876] INFO  db.DBStoreBuilder (DBStoreBuilder.java:addTable(110)) - using custom profile for table: validCerts
2019-08-23 19:58:32,881 [Thread-876] INFO  db.DBStoreBuilder (DBStoreBuilder.java:processTables(161)) - Using default column profile:DBProfile.DISK for Table:validCerts
2019-08-23 19:58:32,882 [Thread-876] INFO  db.DBStoreBuilder (DBStoreBuilder.java:addTable(110)) - using custom profile for table: revokedCerts
2019-08-23 19:58:32,882 [Thread-876] INFO  db.DBStoreBuilder (DBStoreBuilder.java:processTables(161)) - Using default column profile:DBProfile.DISK for Table:revokedCerts
2019-08-23 19:58:32,882 [Thread-876] INFO  db.DBStoreBuilder (DBStoreBuilder.java:addTable(110)) - using custom profile for table: default
2019-08-23 19:58:32,882 [Thread-876] INFO  db.DBStoreBuilder (DBStoreBuilder.java:processTables(167)) - Using default column profile:DBProfile.DISK for Table:default
2019-08-23 19:58:32,882 [Thread-876] INFO  db.DBStoreBuilder (DBStoreBuilder.java:getDbProfile(198)) - Using default options. DBProfile.DISK
2019-08-23 19:58:33,204 [Thread-876] INFO  net.NodeSchemaLoader (NodeSchemaLoader.java:loadSchemaFromFile(125)) - Loading file from sun.misc.CompoundEnumeration@4e44173f
2019-08-23 19:58:33,204 [Thread-876] INFO  net.NodeSchemaLoader (NodeSchemaLoader.java:loadSchema(171)) - Loading network topology layer schema file
2019-08-23 19:58:33,210 [Thread-876] WARN  server.ServerUtils (ServerUtils.java:sanitizeUserArgs(70)) - ozone.scm.stale.node.interval value = 300000 is larger than max = 100000 based on the key value of ozone.scm.heartbeat.thread.interval, reset to the max value 100000.
2019-08-23 19:58:33,210 [Thread-876] WARN  server.ServerUtils (ServerUtils.java:sanitizeUserArgs(70)) - ozone.scm.stale.node.interval value = 300000 is larger than max = 100000 based on the key value of ozone.scm.heartbeat.thread.interval, reset to the max value 100000.
2019-08-23 19:58:33,210 [Thread-876] INFO  node.SCMNodeManager (SCMNodeManager.java:<init>(121)) - Entering startup safe mode.
2019-08-23 19:58:33,211 [Thread-876] INFO  algorithms.ContainerPlacementPolicyFactory (ContainerPlacementPolicyFactory.java:getPolicy(55)) - Create container placement policy of type org.apache.hadoop.hdds.scm.container.placement.algorithms.SCMContainerPlacementRandom
2019-08-23 19:58:33,211 [Thread-876] WARN  server.ServerUtils (ServerUtils.java:getScmDbDir(145)) - ozone.scm.db.dirs is not configured. We recommend adding this setting. Falling back to ozone.metadata.dirs instead.
2019-08-23 19:58:33,353 [Thread-876] INFO  pipeline.SCMPipelineManager (SCMPipelineManager.java:initializePipelineState(126)) - No pipeline exists in current db
2019-08-23 19:58:33,353 [Thread-876] WARN  server.ServerUtils (ServerUtils.java:getScmDbDir(145)) - ozone.scm.db.dirs is not configured. We recommend adding this setting. Falling back to ozone.metadata.dirs instead.
2019-08-23 19:58:33,509 [Thread-876] WARN  events.EventQueue (EventQueue.java:fireEvent(175)) - No event handler registered for event TypedEvent{payloadType=SafeModeStatus, name='SafeModeStatus'}
2019-08-23 19:58:33,510 [Thread-876] INFO  ipc.CallQueueManager (CallQueueManager.java:<init>(84)) - Using callQueue: class java.util.concurrent.LinkedBlockingQueue, queueCapacity: 2000, scheduler: class org.apache.hadoop.ipc.DefaultRpcScheduler, ipcBackoff: false.
2019-08-23 19:58:33,512 [Socket Reader #1 for port 43654] INFO  ipc.Server (Server.java:run(1074)) - Starting Socket Reader #1 for port 43654
2019-08-23 19:58:33,514 [Thread-876] INFO  ipc.CallQueueManager (CallQueueManager.java:<init>(84)) - Using callQueue: class java.util.concurrent.LinkedBlockingQueue, queueCapacity: 2000, scheduler: class org.apache.hadoop.ipc.DefaultRpcScheduler, ipcBackoff: false.
2019-08-23 19:58:33,515 [Socket Reader #1 for port 33401] INFO  ipc.Server (Server.java:run(1074)) - Starting Socket Reader #1 for port 33401
2019-08-23 19:58:33,517 [Thread-876] INFO  ipc.CallQueueManager (CallQueueManager.java:<init>(84)) - Using callQueue: class java.util.concurrent.LinkedBlockingQueue, queueCapacity: 2000, scheduler: class org.apache.hadoop.ipc.DefaultRpcScheduler, ipcBackoff: false.
2019-08-23 19:58:33,518 [Socket Reader #1 for port 40960] INFO  ipc.Server (Server.java:run(1074)) - Starting Socket Reader #1 for port 40960
2019-08-23 19:58:33,521 [Thread-876] INFO  hdfs.DFSUtil (DFSUtil.java:httpServerTemplateForNNAndJN(1641)) - Starting Web-server for scm at: http://0.0.0.0:0
2019-08-23 19:58:33,525 [Thread-876] INFO  server.AuthenticationFilter (AuthenticationFilter.java:constructSecretProvider(240)) - Unable to initialize FileSignerSecretProvider, falling back to use random secrets.
2019-08-23 19:58:33,526 [Thread-876] WARN  http.HttpRequestLog (HttpRequestLog.java:getRequestLog(97)) - Jetty request log can only be enabled using Log4j
2019-08-23 19:58:33,529 [Thread-876] INFO  http.HttpServer2 (HttpServer2.java:addGlobalFilter(975)) - Added global filter 'safety' (class=org.apache.hadoop.http.HttpServer2$QuotingInputFilter)
2019-08-23 19:58:33,530 [Thread-876] INFO  http.HttpServer2 (HttpServer2.java:addFilter(948)) - Added filter static_user_filter (class=org.apache.hadoop.http.lib.StaticUserWebFilter$StaticUserFilter) to context scm
2019-08-23 19:58:33,530 [Thread-876] INFO  http.HttpServer2 (HttpServer2.java:addFilter(958)) - Added filter static_user_filter (class=org.apache.hadoop.http.lib.StaticUserWebFilter$StaticUserFilter) to context logs
2019-08-23 19:58:33,530 [Thread-876] INFO  http.HttpServer2 (HttpServer2.java:addFilter(958)) - Added filter static_user_filter (class=org.apache.hadoop.http.lib.StaticUserWebFilter$StaticUserFilter) to context static
2019-08-23 19:58:33,534 [Thread-876] INFO  server.StorageContainerManager (StorageContainerManager.java:start(759)) - StorageContainerLocationProtocol RPC server is listening at /0.0.0.0:40960
2019-08-23 19:58:33,537 [Thread-876] WARN  impl.MetricsConfig (MetricsConfig.java:loadFirst(134)) - Cannot locate configuration: tried hadoop-metrics2-storagecontainermanager.properties,hadoop-metrics2.properties
2019-08-23 19:58:33,538 [Thread-876] INFO  impl.MetricsSystemImpl (MetricsSystemImpl.java:startTimer(374)) - Scheduled Metric snapshot period at 10 second(s).
2019-08-23 19:58:33,538 [Thread-876] INFO  impl.MetricsSystemImpl (MetricsSystemImpl.java:start(191)) - StorageContainerManager metrics system started
2019-08-23 19:58:33,591 [Thread-876] INFO  server.SCMClientProtocolServer (SCMClientProtocolServer.java:start(151)) - RPC server for Client  is listening at /0.0.0.0:40960
2019-08-23 19:58:33,592 [IPC Server Responder] INFO  ipc.Server (Server.java:run(1314)) - IPC Server Responder: starting
2019-08-23 19:58:33,592 [IPC Server listener on 40960] INFO  ipc.Server (Server.java:run(1153)) - IPC Server listener on 40960: starting
2019-08-23 19:58:33,595 [Thread-876] INFO  server.StorageContainerManager (StorageContainerManager.java:start(769)) - ScmBlockLocationProtocol RPC server is listening at /0.0.0.0:33401
2019-08-23 19:58:33,596 [Thread-876] INFO  server.SCMBlockProtocolServer (SCMBlockProtocolServer.java:start(140)) - RPC server for Block Protocol is listening at /0.0.0.0:33401
2019-08-23 19:58:33,596 [IPC Server Responder] INFO  ipc.Server (Server.java:run(1314)) - IPC Server Responder: starting
2019-08-23 19:58:33,596 [IPC Server listener on 33401] INFO  ipc.Server (Server.java:run(1153)) - IPC Server listener on 33401: starting
2019-08-23 19:58:33,599 [Thread-876] INFO  server.StorageContainerManager (StorageContainerManager.java:start(773)) - ScmDatanodeProtocl RPC server is listening at /0.0.0.0:43654
2019-08-23 19:58:33,599 [Thread-876] INFO  server.SCMDatanodeProtocolServer (SCMDatanodeProtocolServer.java:start(191)) - RPC server for DataNodes is listening at /0.0.0.0:43654
2019-08-23 19:58:33,599 [IPC Server Responder] INFO  ipc.Server (Server.java:run(1314)) - IPC Server Responder: starting
2019-08-23 19:58:33,600 [IPC Server listener on 43654] INFO  ipc.Server (Server.java:run(1153)) - IPC Server listener on 43654: starting
2019-08-23 19:58:33,604 [Thread-876] INFO  http.HttpServer2 (HttpServer2.java:bindListener(1191)) - Jetty bound to port 38547
2019-08-23 19:58:33,604 [Thread-876] INFO  server.Server (Server.java:doStart(351)) - jetty-9.3.24.v20180605, build timestamp: 2018-06-05T17:11:56Z, git hash: 84205aa28f11a4f31f2a3b86d1bba2cc8ab69827
2019-08-23 19:58:33,606 [Thread-876] INFO  handler.ContextHandler (ContextHandler.java:doStart(781)) - Started o.e.j.s.ServletContextHandler@5143698f{/logs,file:///workdir/hadoop-ozone/ozonefs/target/log,AVAILABLE}
2019-08-23 19:58:33,606 [Thread-876] INFO  handler.ContextHandler (ContextHandler.java:doStart(781)) - Started o.e.j.s.ServletContextHandler@764b0dd6{/static,jar:file:/home/user/.m2/repository/org/apache/hadoop/hadoop-hdds-server-scm/0.5.0-SNAPSHOT/hadoop-hdds-server-scm-0.5.0-SNAPSHOT.jar!/webapps/static,AVAILABLE}
2019-08-23 19:58:33,646 [Thread-876] INFO  handler.ContextHandler (ContextHandler.java:doStart(781)) - Started o.e.j.w.WebAppContext@76c9d670{/,file:///tmp/jetty-0.0.0.0-38547-scm-_-any-2323101334581446963.dir/webapp/,AVAILABLE}{/scm}
2019-08-23 19:58:33,647 [Thread-876] INFO  server.AbstractConnector (AbstractConnector.java:doStart(278)) - Started ServerConnector@5f2f9e19{HTTP/1.1,[http/1.1]}{0.0.0.0:38547}
2019-08-23 19:58:33,648 [Thread-876] INFO  server.Server (Server.java:doStart(419)) - Started @80881ms
2019-08-23 19:58:33,649 [Thread-876] INFO  server.BaseHttpServer (BaseHttpServer.java:updateConnectorAddress(213)) - HTTP server of SCM is listening at http://0.0.0.0:38547
2019-08-23 19:58:33,650 [Thread-876] WARN  server.ServerUtils (ServerUtils.java:getDBPath(222)) - ozone.om.db.dirs is not configured. We recommend adding this setting. Falling back to ozone.metadata.dirs instead.
2019-08-23 19:58:33,651 [org.apache.hadoop.util.JvmPauseMonitor$Monitor@5a894e0f] INFO  util.JvmPauseMonitor (JvmPauseMonitor.java:run(188)) - Starting JVM pause monitor
2019-08-23 19:58:33,670 [Thread-876] WARN  server.ServerUtils (ServerUtils.java:getDBPath(222)) - ozone.om.db.dirs is not configured. We recommend adding this setting. Falling back to ozone.metadata.dirs instead.
2019-08-23 19:58:33,670 [Thread-876] WARN  server.ServerUtils (ServerUtils.java:getDBPath(222)) - ozone.om.db.dirs is not configured. We recommend adding this setting. Falling back to ozone.metadata.dirs instead.
2019-08-23 19:58:33,671 [Thread-876] INFO  om.OzoneManager (OzoneManager.java:setOMNodeDetails(648)) - OM Service ID is not set. Setting it to the default ID: omServiceIdDefault
2019-08-23 19:58:33,671 [Thread-876] INFO  om.OzoneManager (OzoneManager.java:setOMNodeDetails(654)) - OM Node ID is not set. Setting it to the OmStorage's OmID: 1e33e9c9-51a0-4205-bcec-d2ad63d8f07c
2019-08-23 19:58:33,671 [Thread-876] INFO  om.OzoneManager (OzoneManager.java:loadOMHAConfigs(605)) - Found matching OM address with OMServiceId: null, OMNodeId: null, RPC Address: localhost:0 and Ratis port: 9872
2019-08-23 19:58:33,676 | INFO  | SCMAudit | user=jenkins1000 | ip=192.168.36.107 | op=GET_SCM_INFO null | ret=SUCCESS |  
2019-08-23 19:58:33,678 [Thread-876] WARN  server.ServerUtils (ServerUtils.java:getDBPath(222)) - ozone.om.db.dirs is not configured. We recommend adding this setting. Falling back to ozone.metadata.dirs instead.
2019-08-23 19:58:33,679 [Thread-876] INFO  db.DBStoreBuilder (DBStoreBuilder.java:addTable(110)) - using custom profile for table: userTable
2019-08-23 19:58:33,679 [Thread-876] INFO  db.DBStoreBuilder (DBStoreBuilder.java:processTables(161)) - Using default column profile:DBProfile.DISK for Table:userTable
2019-08-23 19:58:33,679 [Thread-876] INFO  db.DBStoreBuilder (DBStoreBuilder.java:addTable(110)) - using custom profile for table: volumeTable
2019-08-23 19:58:33,679 [Thread-876] INFO  db.DBStoreBuilder (DBStoreBuilder.java:processTables(161)) - Using default column profile:DBProfile.DISK for Table:volumeTable
2019-08-23 19:58:33,680 [Thread-876] INFO  db.DBStoreBuilder (DBStoreBuilder.java:addTable(110)) - using custom profile for table: bucketTable
2019-08-23 19:58:33,680 [Thread-876] INFO  db.DBStoreBuilder (DBStoreBuilder.java:processTables(161)) - Using default column profile:DBProfile.DISK for Table:bucketTable
2019-08-23 19:58:33,680 [Thread-876] INFO  db.DBStoreBuilder (DBStoreBuilder.java:addTable(110)) - using custom profile for table: keyTable
2019-08-23 19:58:33,680 [Thread-876] INFO  db.DBStoreBuilder (DBStoreBuilder.java:processTables(161)) - Using default column profile:DBProfile.DISK for Table:keyTable
2019-08-23 19:58:33,680 [Thread-876] INFO  db.DBStoreBuilder (DBStoreBuilder.java:addTable(110)) - using custom profile for table: deletedTable
2019-08-23 19:58:33,680 [Thread-876] INFO  db.DBStoreBuilder (DBStoreBuilder.java:processTables(161)) - Using default column profile:DBProfile.DISK for Table:deletedTable
2019-08-23 19:58:33,681 [Thread-876] INFO  db.DBStoreBuilder (DBStoreBuilder.java:addTable(110)) - using custom profile for table: openKeyTable
2019-08-23 19:58:33,681 [Thread-876] INFO  db.DBStoreBuilder (DBStoreBuilder.java:processTables(161)) - Using default column profile:DBProfile.DISK for Table:openKeyTable
2019-08-23 19:58:33,681 [Thread-876] INFO  db.DBStoreBuilder (DBStoreBuilder.java:addTable(110)) - using custom profile for table: s3Table
2019-08-23 19:58:33,681 [Thread-876] INFO  db.DBStoreBuilder (DBStoreBuilder.java:processTables(161)) - Using default column profile:DBProfile.DISK for Table:s3Table
2019-08-23 19:58:33,681 [Thread-876] INFO  db.DBStoreBuilder (DBStoreBuilder.java:addTable(110)) - using custom profile for table: multipartInfoTable
2019-08-23 19:58:33,681 [Thread-876] INFO  db.DBStoreBuilder (DBStoreBuilder.java:processTables(161)) - Using default column profile:DBProfile.DISK for Table:multipartInfoTable
2019-08-23 19:58:33,682 [Thread-876] INFO  db.DBStoreBuilder (DBStoreBuilder.java:addTable(110)) - using custom profile for table: dTokenTable
2019-08-23 19:58:33,682 [Thread-876] INFO  db.DBStoreBuilder (DBStoreBuilder.java:processTables(161)) - Using default column profile:DBProfile.DISK for Table:dTokenTable
2019-08-23 19:58:33,682 [Thread-876] INFO  db.DBStoreBuilder (DBStoreBuilder.java:addTable(110)) - using custom profile for table: s3SecretTable
2019-08-23 19:58:33,682 [Thread-876] INFO  db.DBStoreBuilder (DBStoreBuilder.java:processTables(161)) - Using default column profile:DBProfile.DISK for Table:s3SecretTable
2019-08-23 19:58:33,682 [Thread-876] INFO  db.DBStoreBuilder (DBStoreBuilder.java:addTable(110)) - using custom profile for table: prefixTable
2019-08-23 19:58:33,682 [Thread-876] INFO  db.DBStoreBuilder (DBStoreBuilder.java:processTables(161)) - Using default column profile:DBProfile.DISK for Table:prefixTable
2019-08-23 19:58:33,683 [Thread-876] INFO  db.DBStoreBuilder (DBStoreBuilder.java:addTable(110)) - using custom profile for table: default
2019-08-23 19:58:33,683 [Thread-876] INFO  db.DBStoreBuilder (DBStoreBuilder.java:processTables(167)) - Using default column profile:DBProfile.DISK for Table:default
2019-08-23 19:58:33,683 [Thread-876] INFO  db.DBStoreBuilder (DBStoreBuilder.java:getDbProfile(198)) - Using default options. DBProfile.DISK
2019-08-23 19:58:34,634 [Thread-876] INFO  ipc.CallQueueManager (CallQueueManager.java:<init>(84)) - Using callQueue: class java.util.concurrent.LinkedBlockingQueue, queueCapacity: 2000, scheduler: class org.apache.hadoop.ipc.DefaultRpcScheduler, ipcBackoff: false.
2019-08-23 19:58:34,636 [Socket Reader #1 for port 33759] INFO  ipc.Server (Server.java:run(1074)) - Starting Socket Reader #1 for port 33759
2019-08-23 19:58:34,662 [Thread-876] INFO  om.OzoneManager (OzoneManager.java:start(1259)) - OzoneManager RPC server is listening at localhost/127.0.0.1:33759
2019-08-23 19:58:34,662 [Thread-876] INFO  impl.MetricsSystemImpl (MetricsSystemImpl.java:init(158)) - OzoneManager metrics system started (again)
2019-08-23 19:58:34,663 [IPC Server Responder] INFO  ipc.Server (Server.java:run(1314)) - IPC Server Responder: starting
2019-08-23 19:58:34,663 [IPC Server listener on 33759] INFO  ipc.Server (Server.java:run(1153)) - IPC Server listener on 33759: starting
2019-08-23 19:58:34,667 [Thread-876] INFO  hdfs.DFSUtil (DFSUtil.java:httpServerTemplateForNNAndJN(1641)) - Starting Web-server for ozoneManager at: http://0.0.0.0:0
2019-08-23 19:58:34,670 [Thread-876] INFO  server.AuthenticationFilter (AuthenticationFilter.java:constructSecretProvider(240)) - Unable to initialize FileSignerSecretProvider, falling back to use random secrets.
2019-08-23 19:58:34,670 [Thread-876] WARN  http.HttpRequestLog (HttpRequestLog.java:getRequestLog(97)) - Jetty request log can only be enabled using Log4j
2019-08-23 19:58:34,673 [Thread-876] INFO  http.HttpServer2 (HttpServer2.java:addGlobalFilter(975)) - Added global filter 'safety' (class=org.apache.hadoop.http.HttpServer2$QuotingInputFilter)
2019-08-23 19:58:34,674 [Thread-876] INFO  http.HttpServer2 (HttpServer2.java:addFilter(948)) - Added filter static_user_filter (class=org.apache.hadoop.http.lib.StaticUserWebFilter$StaticUserFilter) to context ozoneManager
2019-08-23 19:58:34,674 [Thread-876] INFO  http.HttpServer2 (HttpServer2.java:addFilter(958)) - Added filter static_user_filter (class=org.apache.hadoop.http.lib.StaticUserWebFilter$StaticUserFilter) to context logs
2019-08-23 19:58:34,674 [Thread-876] INFO  http.HttpServer2 (HttpServer2.java:addFilter(958)) - Added filter static_user_filter (class=org.apache.hadoop.http.lib.StaticUserWebFilter$StaticUserFilter) to context static
2019-08-23 19:58:34,675 [Thread-876] INFO  http.HttpServer2 (HttpServer2.java:bindListener(1191)) - Jetty bound to port 36864
2019-08-23 19:58:34,675 [Thread-876] INFO  server.Server (Server.java:doStart(351)) - jetty-9.3.24.v20180605, build timestamp: 2018-06-05T17:11:56Z, git hash: 84205aa28f11a4f31f2a3b86d1bba2cc8ab69827
2019-08-23 19:58:34,677 [Thread-876] INFO  handler.ContextHandler (ContextHandler.java:doStart(781)) - Started o.e.j.s.ServletContextHandler@7b56eec8{/logs,file:///workdir/hadoop-ozone/ozonefs/target/log,AVAILABLE}
2019-08-23 19:58:34,678 [Thread-876] INFO  handler.ContextHandler (ContextHandler.java:doStart(781)) - Started o.e.j.s.ServletContextHandler@cd2817c{/static,jar:file:/home/user/.m2/repository/org/apache/hadoop/hadoop-ozone-ozone-manager/0.5.0-SNAPSHOT/hadoop-ozone-ozone-manager-0.5.0-SNAPSHOT.jar!/webapps/static,AVAILABLE}
2019-08-23 19:58:34,741 [Thread-876] INFO  handler.ContextHandler (ContextHandler.java:doStart(781)) - Started o.e.j.w.WebAppContext@2845114b{/,file:///tmp/jetty-0.0.0.0-36864-ozoneManager-_-any-2882312738950360354.dir/webapp/,AVAILABLE}{/ozoneManager}
2019-08-23 19:58:34,741 [Thread-876] INFO  server.AbstractConnector (AbstractConnector.java:doStart(278)) - Started ServerConnector@4660866{HTTP/1.1,[http/1.1]}{0.0.0.0:36864}
2019-08-23 19:58:34,742 [Thread-876] INFO  server.Server (Server.java:doStart(419)) - Started @81974ms
2019-08-23 19:58:34,743 [Thread-876] INFO  server.BaseHttpServer (BaseHttpServer.java:updateConnectorAddress(213)) - HTTP server of OZONEMANAGER is listening at http://0.0.0.0:36864
2019-08-23 19:58:34,751 [Thread-876] INFO  impl.MetricsSystemImpl (MetricsSystemImpl.java:init(158)) - HddsDatanode metrics system started (again)
2019-08-23 19:58:34,753 [Thread-876] INFO  ozone.HddsDatanodeService (HddsDatanodeService.java:start(184)) - HddsDatanodeService host:pr-hdds-738-bs8cz-951698853 ip:192.168.36.107
2019-08-23 19:58:34,759 [Thread-876] INFO  volume.HddsVolume (HddsVolume.java:<init>(176)) - Creating Volume: /workdir/hadoop-ozone/ozonefs/target/test-dir/MiniOzoneClusterImpl-fe22ef2d-1048-42e2-b089-b9315fdb5fda/datanode-0/data/containers/hdds of  storage type : DISK and capacity : 1482555576320
2019-08-23 19:58:34,759 [Thread-876] INFO  volume.VolumeSet (VolumeSet.java:initializeVolumeSet(170)) - Added Volume : /workdir/hadoop-ozone/ozonefs/target/test-dir/MiniOzoneClusterImpl-fe22ef2d-1048-42e2-b089-b9315fdb5fda/datanode-0/data/containers/hdds to VolumeSet
2019-08-23 19:58:34,759 [Thread-876] INFO  volume.ThrottledAsyncChecker (ThrottledAsyncChecker.java:schedule(140)) - Scheduling a check for org.apache.hadoop.ozone.container.common.volume.HddsVolume@1250a8aa
2019-08-23 19:58:34,759 [Thread-876] INFO  volume.HddsVolumeChecker (HddsVolumeChecker.java:checkAllVolumes(203)) - Scheduled health check for volume org.apache.hadoop.ozone.container.common.volume.HddsVolume@1250a8aa
2019-08-23 19:58:34,780 [Thread-876] INFO  impl.RaftServerProxy (ConfUtils.java:logGet(43)) - raft.rpc.type = GRPC (default)
2019-08-23 19:58:34,780 [Thread-876] INFO  grpc.GrpcFactory (GrpcFactory.java:checkPooledByteBufAllocatorUseCacheForAllThreads(45)) - PERFORMANCE WARNING: useCacheForAllThreads is true that may cause Netty to create a lot garbage objects and, as a result, trigger GC.
	It is recommended to disable useCacheForAllThreads by setting -Dorg.apache.ratis.thirdparty.io.netty.allocator.useCacheForAllThreads=false in command line.
2019-08-23 19:58:34,780 [Thread-876] INFO  grpc.GrpcConfigKeys$Server (ConfUtils.java:logGet(43)) - raft.grpc.server.port = 0 (default)
2019-08-23 19:58:34,780 [Thread-876] INFO  server.GrpcService (ConfUtils.java:logGet(43)) - raft.grpc.message.size.max = 33570816 (custom)
2019-08-23 19:58:34,780 [Thread-876] INFO  server.RaftServerConfigKeys (ConfUtils.java:logGet(43)) - raft.server.log.appender.buffer.byte-limit = 33554432 (custom)
2019-08-23 19:58:34,781 [Thread-876] INFO  server.GrpcService (ConfUtils.java:logGet(43)) - raft.grpc.flow.control.window = 1MB (=1048576) (default)
2019-08-23 19:58:34,781 [Thread-876] INFO  server.RaftServerConfigKeys (ConfUtils.java:logGet(43)) - raft.server.rpc.request.timeout = 3000ms (default)
2019-08-23 19:58:34,781 [Thread-876] INFO  server.RaftServerConfigKeys (ConfUtils.java:logGet(43)) - raft.server.storage.dir = [/workdir/hadoop-ozone/ozonefs/target/test-dir/MiniOzoneClusterImpl-fe22ef2d-1048-42e2-b089-b9315fdb5fda/datanode-0/data/ratis] (custom)
2019-08-23 19:58:34,782 [Thread-876] INFO  replication.SimpleContainerDownloader (SimpleContainerDownloader.java:<init>(72)) - Starting container downloader service to copy containers to replicate.
2019-08-23 19:58:34,782 [Thread-876] INFO  hdfs.DFSUtil (DFSUtil.java:httpServerTemplateForNNAndJN(1641)) - Starting Web-server for hddsDatanode at: http://0.0.0.0:0
2019-08-23 19:58:34,784 [Thread-876] INFO  server.AuthenticationFilter (AuthenticationFilter.java:constructSecretProvider(240)) - Unable to initialize FileSignerSecretProvider, falling back to use random secrets.
2019-08-23 19:58:34,784 [Thread-876] WARN  http.HttpRequestLog (HttpRequestLog.java:getRequestLog(97)) - Jetty request log can only be enabled using Log4j
2019-08-23 19:58:34,786 [Thread-876] INFO  http.HttpServer2 (HttpServer2.java:addGlobalFilter(975)) - Added global filter 'safety' (class=org.apache.hadoop.http.HttpServer2$QuotingInputFilter)
2019-08-23 19:58:34,786 [Thread-876] INFO  http.HttpServer2 (HttpServer2.java:addFilter(948)) - Added filter static_user_filter (class=org.apache.hadoop.http.lib.StaticUserWebFilter$StaticUserFilter) to context hddsDatanode
2019-08-23 19:58:34,786 [Thread-876] INFO  http.HttpServer2 (HttpServer2.java:addFilter(958)) - Added filter static_user_filter (class=org.apache.hadoop.http.lib.StaticUserWebFilter$StaticUserFilter) to context static
2019-08-23 19:58:34,787 [Thread-876] INFO  http.HttpServer2 (HttpServer2.java:addFilter(958)) - Added filter static_user_filter (class=org.apache.hadoop.http.lib.StaticUserWebFilter$StaticUserFilter) to context logs
2019-08-23 19:58:34,787 [Thread-876] INFO  http.HttpServer2 (HttpServer2.java:bindListener(1191)) - Jetty bound to port 41162
2019-08-23 19:58:34,787 [Thread-876] INFO  server.Server (Server.java:doStart(351)) - jetty-9.3.24.v20180605, build timestamp: 2018-06-05T17:11:56Z, git hash: 84205aa28f11a4f31f2a3b86d1bba2cc8ab69827
2019-08-23 19:58:34,789 [Thread-876] INFO  handler.ContextHandler (ContextHandler.java:doStart(781)) - Started o.e.j.s.ServletContextHandler@493d1b6f{/logs,file:///workdir/hadoop-ozone/ozonefs/target/log,AVAILABLE}
2019-08-23 19:58:34,789 [Thread-876] INFO  handler.ContextHandler (ContextHandler.java:doStart(781)) - Started o.e.j.s.ServletContextHandler@5f3de95d{/static,jar:file:/home/user/.m2/repository/org/apache/hadoop/hadoop-hdds-container-service/0.5.0-SNAPSHOT/hadoop-hdds-container-service-0.5.0-SNAPSHOT.jar!/webapps/static,AVAILABLE}
2019-08-23 19:58:34,815 [Thread-876] INFO  handler.ContextHandler (ContextHandler.java:doStart(781)) - Started o.e.j.w.WebAppContext@72b0a8bd{/,file:///tmp/jetty-0.0.0.0-41162-hddsDatanode-_-any-3061543517895554199.dir/webapp/,AVAILABLE}{/hddsDatanode}
2019-08-23 19:58:34,816 [Thread-876] INFO  server.AbstractConnector (AbstractConnector.java:doStart(278)) - Started ServerConnector@728b6b9e{HTTP/1.1,[http/1.1]}{0.0.0.0:41162}
2019-08-23 19:58:34,817 [Thread-876] INFO  server.Server (Server.java:doStart(419)) - Started @82049ms
2019-08-23 19:58:34,817 [Thread-876] INFO  server.BaseHttpServer (BaseHttpServer.java:updateConnectorAddress(213)) - HTTP server of HDDSDATANODE is listening at http://0.0.0.0:41162
2019-08-23 19:58:34,818 [Thread-876] INFO  impl.MetricsSystemImpl (MetricsSystemImpl.java:init(158)) - HddsDatanode metrics system started (again)
2019-08-23 19:58:34,820 [org.apache.hadoop.util.JvmPauseMonitor$Monitor@1e85db10] INFO  util.JvmPauseMonitor (JvmPauseMonitor.java:run(188)) - Starting JVM pause monitor
2019-08-23 19:58:34,820 [Thread-876] INFO  ozone.HddsDatanodeService (HddsDatanodeService.java:start(184)) - HddsDatanodeService host:pr-hdds-738-bs8cz-951698853 ip:192.168.36.107
2019-08-23 19:58:34,822 [Datanode State Machine Thread - 0] INFO  datanode.InitDatanodeState (InitDatanodeState.java:persistContainerDatanodeDetails(140)) - DatanodeDetails is persisted to /workdir/hadoop-ozone/ozonefs/target/test-dir/MiniOzoneClusterImpl-fe22ef2d-1048-42e2-b089-b9315fdb5fda/datanode-0/meta/datanode.id
2019-08-23 19:58:34,825 [Thread-876] INFO  volume.HddsVolume (HddsVolume.java:<init>(176)) - Creating Volume: /workdir/hadoop-ozone/ozonefs/target/test-dir/MiniOzoneClusterImpl-fe22ef2d-1048-42e2-b089-b9315fdb5fda/datanode-1/data/containers/hdds of  storage type : DISK and capacity : 1482555576320
2019-08-23 19:58:34,826 [Thread-876] INFO  volume.VolumeSet (VolumeSet.java:initializeVolumeSet(170)) - Added Volume : /workdir/hadoop-ozone/ozonefs/target/test-dir/MiniOzoneClusterImpl-fe22ef2d-1048-42e2-b089-b9315fdb5fda/datanode-1/data/containers/hdds to VolumeSet
2019-08-23 19:58:34,826 [Thread-876] INFO  volume.ThrottledAsyncChecker (ThrottledAsyncChecker.java:schedule(140)) - Scheduling a check for org.apache.hadoop.ozone.container.common.volume.HddsVolume@2fdca85c
2019-08-23 19:58:34,826 [Thread-876] INFO  volume.HddsVolumeChecker (HddsVolumeChecker.java:checkAllVolumes(203)) - Scheduled health check for volume org.apache.hadoop.ozone.container.common.volume.HddsVolume@2fdca85c
2019-08-23 19:58:34,851 [Thread-876] INFO  impl.RaftServerProxy (ConfUtils.java:logGet(43)) - raft.rpc.type = GRPC (default)
2019-08-23 19:58:34,851 [Thread-876] INFO  grpc.GrpcFactory (GrpcFactory.java:checkPooledByteBufAllocatorUseCacheForAllThreads(45)) - PERFORMANCE WARNING: useCacheForAllThreads is true that may cause Netty to create a lot garbage objects and, as a result, trigger GC.
	It is recommended to disable useCacheForAllThreads by setting -Dorg.apache.ratis.thirdparty.io.netty.allocator.useCacheForAllThreads=false in command line.
2019-08-23 19:58:34,851 [Thread-876] INFO  grpc.GrpcConfigKeys$Server (ConfUtils.java:logGet(43)) - raft.grpc.server.port = 0 (default)
2019-08-23 19:58:34,851 [Thread-876] INFO  server.GrpcService (ConfUtils.java:logGet(43)) - raft.grpc.message.size.max = 33570816 (custom)
2019-08-23 19:58:34,852 [Thread-876] INFO  server.RaftServerConfigKeys (ConfUtils.java:logGet(43)) - raft.server.log.appender.buffer.byte-limit = 33554432 (custom)
2019-08-23 19:58:34,852 [Thread-876] INFO  server.GrpcService (ConfUtils.java:logGet(43)) - raft.grpc.flow.control.window = 1MB (=1048576) (default)
2019-08-23 19:58:34,852 [Thread-876] INFO  server.RaftServerConfigKeys (ConfUtils.java:logGet(43)) - raft.server.rpc.request.timeout = 3000ms (default)
2019-08-23 19:58:34,853 [Thread-876] INFO  server.RaftServerConfigKeys (ConfUtils.java:logGet(43)) - raft.server.storage.dir = [/workdir/hadoop-ozone/ozonefs/target/test-dir/MiniOzoneClusterImpl-fe22ef2d-1048-42e2-b089-b9315fdb5fda/datanode-1/data/ratis] (custom)
2019-08-23 19:58:34,853 [Thread-876] INFO  replication.SimpleContainerDownloader (SimpleContainerDownloader.java:<init>(72)) - Starting container downloader service to copy containers to replicate.
2019-08-23 19:58:34,854 [Thread-876] INFO  hdfs.DFSUtil (DFSUtil.java:httpServerTemplateForNNAndJN(1641)) - Starting Web-server for hddsDatanode at: http://0.0.0.0:0
2019-08-23 19:58:34,856 [Thread-876] INFO  server.AuthenticationFilter (AuthenticationFilter.java:constructSecretProvider(240)) - Unable to initialize FileSignerSecretProvider, falling back to use random secrets.
2019-08-23 19:58:34,856 [Thread-876] WARN  http.HttpRequestLog (HttpRequestLog.java:getRequestLog(97)) - Jetty request log can only be enabled using Log4j
2019-08-23 19:58:34,858 [Thread-876] INFO  http.HttpServer2 (HttpServer2.java:addGlobalFilter(975)) - Added global filter 'safety' (class=org.apache.hadoop.http.HttpServer2$QuotingInputFilter)
2019-08-23 19:58:34,858 [Thread-876] INFO  http.HttpServer2 (HttpServer2.java:addFilter(948)) - Added filter static_user_filter (class=org.apache.hadoop.http.lib.StaticUserWebFilter$StaticUserFilter) to context hddsDatanode
2019-08-23 19:58:34,859 [Thread-876] INFO  http.HttpServer2 (HttpServer2.java:addFilter(958)) - Added filter static_user_filter (class=org.apache.hadoop.http.lib.StaticUserWebFilter$StaticUserFilter) to context logs
2019-08-23 19:58:34,859 [Thread-876] INFO  http.HttpServer2 (HttpServer2.java:addFilter(958)) - Added filter static_user_filter (class=org.apache.hadoop.http.lib.StaticUserWebFilter$StaticUserFilter) to context static
2019-08-23 19:58:34,859 [Thread-876] INFO  http.HttpServer2 (HttpServer2.java:bindListener(1191)) - Jetty bound to port 36979
2019-08-23 19:58:34,860 [Thread-876] INFO  server.Server (Server.java:doStart(351)) - jetty-9.3.24.v20180605, build timestamp: 2018-06-05T17:11:56Z, git hash: 84205aa28f11a4f31f2a3b86d1bba2cc8ab69827
2019-08-23 19:58:34,861 [Thread-876] INFO  handler.ContextHandler (ContextHandler.java:doStart(781)) - Started o.e.j.s.ServletContextHandler@623a3f7{/logs,file:///workdir/hadoop-ozone/ozonefs/target/log,AVAILABLE}
2019-08-23 19:58:34,862 [Thread-876] INFO  handler.ContextHandler (ContextHandler.java:doStart(781)) - Started o.e.j.s.ServletContextHandler@1a30b466{/static,jar:file:/home/user/.m2/repository/org/apache/hadoop/hadoop-hdds-container-service/0.5.0-SNAPSHOT/hadoop-hdds-container-service-0.5.0-SNAPSHOT.jar!/webapps/static,AVAILABLE}
2019-08-23 19:58:34,890 [Thread-876] INFO  handler.ContextHandler (ContextHandler.java:doStart(781)) - Started o.e.j.w.WebAppContext@10720dc7{/,file:///tmp/jetty-0.0.0.0-36979-hddsDatanode-_-any-4310433523501611699.dir/webapp/,AVAILABLE}{/hddsDatanode}
2019-08-23 19:58:34,891 [Thread-876] INFO  server.AbstractConnector (AbstractConnector.java:doStart(278)) - Started ServerConnector@367fb04f{HTTP/1.1,[http/1.1]}{0.0.0.0:36979}
2019-08-23 19:58:34,892 [Thread-876] INFO  server.Server (Server.java:doStart(419)) - Started @82124ms
2019-08-23 19:58:34,892 [Thread-876] INFO  server.BaseHttpServer (BaseHttpServer.java:updateConnectorAddress(213)) - HTTP server of HDDSDATANODE is listening at http://0.0.0.0:36979
2019-08-23 19:58:34,893 [Thread-876] INFO  impl.MetricsSystemImpl (MetricsSystemImpl.java:init(158)) - HddsDatanode metrics system started (again)
2019-08-23 19:58:34,895 [org.apache.hadoop.util.JvmPauseMonitor$Monitor@e8b1929] INFO  util.JvmPauseMonitor (JvmPauseMonitor.java:run(188)) - Starting JVM pause monitor
2019-08-23 19:58:34,895 [Thread-876] INFO  ozone.HddsDatanodeService (HddsDatanodeService.java:start(184)) - HddsDatanodeService host:pr-hdds-738-bs8cz-951698853 ip:192.168.36.107
2019-08-23 19:58:34,897 [Datanode State Machine Thread - 0] INFO  datanode.InitDatanodeState (InitDatanodeState.java:persistContainerDatanodeDetails(140)) - DatanodeDetails is persisted to /workdir/hadoop-ozone/ozonefs/target/test-dir/MiniOzoneClusterImpl-fe22ef2d-1048-42e2-b089-b9315fdb5fda/datanode-1/meta/datanode.id
2019-08-23 19:58:34,903 [Thread-876] INFO  volume.HddsVolume (HddsVolume.java:<init>(176)) - Creating Volume: /workdir/hadoop-ozone/ozonefs/target/test-dir/MiniOzoneClusterImpl-fe22ef2d-1048-42e2-b089-b9315fdb5fda/datanode-2/data/containers/hdds of  storage type : DISK and capacity : 1482555576320
2019-08-23 19:58:34,903 [Thread-876] INFO  volume.VolumeSet (VolumeSet.java:initializeVolumeSet(170)) - Added Volume : /workdir/hadoop-ozone/ozonefs/target/test-dir/MiniOzoneClusterImpl-fe22ef2d-1048-42e2-b089-b9315fdb5fda/datanode-2/data/containers/hdds to VolumeSet
2019-08-23 19:58:34,903 [Thread-876] INFO  volume.ThrottledAsyncChecker (ThrottledAsyncChecker.java:schedule(140)) - Scheduling a check for org.apache.hadoop.ozone.container.common.volume.HddsVolume@73fcca6a
2019-08-23 19:58:34,904 [Thread-876] INFO  volume.HddsVolumeChecker (HddsVolumeChecker.java:checkAllVolumes(203)) - Scheduled health check for volume org.apache.hadoop.ozone.container.common.volume.HddsVolume@73fcca6a
2019-08-23 19:58:35,101 [Thread-876] INFO  impl.RaftServerProxy (ConfUtils.java:logGet(43)) - raft.rpc.type = GRPC (default)
2019-08-23 19:58:35,101 [Thread-876] INFO  grpc.GrpcFactory (GrpcFactory.java:checkPooledByteBufAllocatorUseCacheForAllThreads(45)) - PERFORMANCE WARNING: useCacheForAllThreads is true that may cause Netty to create a lot garbage objects and, as a result, trigger GC.
	It is recommended to disable useCacheForAllThreads by setting -Dorg.apache.ratis.thirdparty.io.netty.allocator.useCacheForAllThreads=false in command line.
2019-08-23 19:58:35,101 [Thread-876] INFO  grpc.GrpcConfigKeys$Server (ConfUtils.java:logGet(43)) - raft.grpc.server.port = 0 (default)
2019-08-23 19:58:35,102 [Thread-876] INFO  server.GrpcService (ConfUtils.java:logGet(43)) - raft.grpc.message.size.max = 33570816 (custom)
2019-08-23 19:58:35,102 [Thread-876] INFO  server.RaftServerConfigKeys (ConfUtils.java:logGet(43)) - raft.server.log.appender.buffer.byte-limit = 33554432 (custom)
2019-08-23 19:58:35,102 [Thread-876] INFO  server.GrpcService (ConfUtils.java:logGet(43)) - raft.grpc.flow.control.window = 1MB (=1048576) (default)
2019-08-23 19:58:35,102 [Thread-876] INFO  server.RaftServerConfigKeys (ConfUtils.java:logGet(43)) - raft.server.rpc.request.timeout = 3000ms (default)
2019-08-23 19:58:35,103 [Thread-876] INFO  server.RaftServerConfigKeys (ConfUtils.java:logGet(43)) - raft.server.storage.dir = [/workdir/hadoop-ozone/ozonefs/target/test-dir/MiniOzoneClusterImpl-fe22ef2d-1048-42e2-b089-b9315fdb5fda/datanode-2/data/ratis] (custom)
2019-08-23 19:58:35,103 [Thread-876] INFO  replication.SimpleContainerDownloader (SimpleContainerDownloader.java:<init>(72)) - Starting container downloader service to copy containers to replicate.
2019-08-23 19:58:35,104 [Thread-876] INFO  hdfs.DFSUtil (DFSUtil.java:httpServerTemplateForNNAndJN(1641)) - Starting Web-server for hddsDatanode at: http://0.0.0.0:0
2019-08-23 19:58:35,106 [Thread-876] INFO  server.AuthenticationFilter (AuthenticationFilter.java:constructSecretProvider(240)) - Unable to initialize FileSignerSecretProvider, falling back to use random secrets.
2019-08-23 19:58:35,106 [Thread-876] WARN  http.HttpRequestLog (HttpRequestLog.java:getRequestLog(97)) - Jetty request log can only be enabled using Log4j
2019-08-23 19:58:35,108 [Thread-876] INFO  http.HttpServer2 (HttpServer2.java:addGlobalFilter(975)) - Added global filter 'safety' (class=org.apache.hadoop.http.HttpServer2$QuotingInputFilter)
2019-08-23 19:58:35,108 [Thread-876] INFO  http.HttpServer2 (HttpServer2.java:addFilter(948)) - Added filter static_user_filter (class=org.apache.hadoop.http.lib.StaticUserWebFilter$StaticUserFilter) to context hddsDatanode
2019-08-23 19:58:35,108 [Thread-876] INFO  http.HttpServer2 (HttpServer2.java:addFilter(958)) - Added filter static_user_filter (class=org.apache.hadoop.http.lib.StaticUserWebFilter$StaticUserFilter) to context static
2019-08-23 19:58:35,109 [Thread-876] INFO  http.HttpServer2 (HttpServer2.java:addFilter(958)) - Added filter static_user_filter (class=org.apache.hadoop.http.lib.StaticUserWebFilter$StaticUserFilter) to context logs
2019-08-23 19:58:35,109 [Thread-876] INFO  http.HttpServer2 (HttpServer2.java:bindListener(1191)) - Jetty bound to port 41311
2019-08-23 19:58:35,109 [Thread-876] INFO  server.Server (Server.java:doStart(351)) - jetty-9.3.24.v20180605, build timestamp: 2018-06-05T17:11:56Z, git hash: 84205aa28f11a4f31f2a3b86d1bba2cc8ab69827
2019-08-23 19:58:35,111 [Thread-876] INFO  handler.ContextHandler (ContextHandler.java:doStart(781)) - Started o.e.j.s.ServletContextHandler@a954f44{/logs,file:///workdir/hadoop-ozone/ozonefs/target/log,AVAILABLE}
2019-08-23 19:58:35,111 [Thread-876] INFO  handler.ContextHandler (ContextHandler.java:doStart(781)) - Started o.e.j.s.ServletContextHandler@31b79d67{/static,jar:file:/home/user/.m2/repository/org/apache/hadoop/hadoop-hdds-container-service/0.5.0-SNAPSHOT/hadoop-hdds-container-service-0.5.0-SNAPSHOT.jar!/webapps/static,AVAILABLE}
2019-08-23 19:58:35,139 [Thread-876] INFO  handler.ContextHandler (ContextHandler.java:doStart(781)) - Started o.e.j.w.WebAppContext@1e4c1c12{/,file:///tmp/jetty-0.0.0.0-41311-hddsDatanode-_-any-5690633558550778132.dir/webapp/,AVAILABLE}{/hddsDatanode}
2019-08-23 19:58:35,139 [Thread-876] INFO  server.AbstractConnector (AbstractConnector.java:doStart(278)) - Started ServerConnector@5461003d{HTTP/1.1,[http/1.1]}{0.0.0.0:41311}
2019-08-23 19:58:35,140 [Thread-876] INFO  server.Server (Server.java:doStart(419)) - Started @82373ms
2019-08-23 19:58:35,141 [Thread-876] INFO  server.BaseHttpServer (BaseHttpServer.java:updateConnectorAddress(213)) - HTTP server of HDDSDATANODE is listening at http://0.0.0.0:41311
2019-08-23 19:58:35,141 [Thread-876] INFO  ozone.MiniOzoneClusterImpl (MiniOzoneClusterImpl.java:lambda$waitForClusterToBeReady$0(140)) - Waiting for cluster to be ready. Got 0 of 3 DN Heartbeats.
2019-08-23 19:58:35,142 [org.apache.hadoop.util.JvmPauseMonitor$Monitor@56991a7e] INFO  util.JvmPauseMonitor (JvmPauseMonitor.java:run(188)) - Starting JVM pause monitor
2019-08-23 19:58:35,144 [Datanode State Machine Thread - 0] INFO  datanode.InitDatanodeState (InitDatanodeState.java:persistContainerDatanodeDetails(140)) - DatanodeDetails is persisted to /workdir/hadoop-ozone/ozonefs/target/test-dir/MiniOzoneClusterImpl-fe22ef2d-1048-42e2-b089-b9315fdb5fda/datanode-2/meta/datanode.id
2019-08-23 19:58:36,142 [Thread-876] INFO  ozone.MiniOzoneClusterImpl (MiniOzoneClusterImpl.java:lambda$waitForClusterToBeReady$0(140)) - Waiting for cluster to be ready. Got 0 of 3 DN Heartbeats.
2019-08-23 19:58:36,826 | INFO  | SCMAudit | user=jenkins1000 | ip=192.168.36.107 | op=GET_VERSION null | ret=SUCCESS |  
2019-08-23 19:58:36,858 [Datanode State Machine Thread - 0] INFO  ozoneimpl.OzoneContainer (OzoneContainer.java:start(186)) - Attempting to start container services.
2019-08-23 19:58:36,859 [Datanode State Machine Thread - 0] INFO  ozoneimpl.OzoneContainer (OzoneContainer.java:startContainerScrub(160)) - Background container scrubber has been disabled by hdds.containerscrub.enabled
2019-08-23 19:58:36,859 [Datanode State Machine Thread - 0] INFO  ratis.XceiverServerRatis (XceiverServerRatis.java:start(404)) - Starting XceiverServerRatis 39f39e0a-be75-467c-aaf0-77e27bb45711 at port 0
2019-08-23 19:58:36,867 [Datanode State Machine Thread - 0] INFO  impl.RaftServerProxy (RaftServerProxy.java:lambda$start$3(299)) - 39f39e0a-be75-467c-aaf0-77e27bb45711: start RPC server
2019-08-23 19:58:36,870 [Datanode State Machine Thread - 0] INFO  server.GrpcService (GrpcService.java:startImpl(149)) - 39f39e0a-be75-467c-aaf0-77e27bb45711: GrpcService started, listening on 0.0.0.0/0.0.0.0:39690
2019-08-23 19:58:36,871 [Datanode State Machine Thread - 0] INFO  ratis.XceiverServerRatis (XceiverServerRatis.java:start(414)) - XceiverServerRatis 39f39e0a-be75-467c-aaf0-77e27bb45711 is started using port 39690
2019-08-23 19:58:36,872 [Datanode State Machine Thread - 0] INFO  server.XceiverServerGrpc (XceiverServerGrpc.java:start(161)) - XceiverServerGrpc 39f39e0a-be75-467c-aaf0-77e27bb45711 is started using port 42615
2019-08-23 19:58:36,896 | INFO  | SCMAudit | user=jenkins1000 | ip=192.168.36.107 | op=GET_VERSION null | ret=SUCCESS |  
2019-08-23 19:58:36,917 [Datanode State Machine Thread - 0] INFO  ozoneimpl.OzoneContainer (OzoneContainer.java:start(186)) - Attempting to start container services.
2019-08-23 19:58:36,917 [Datanode State Machine Thread - 0] INFO  ozoneimpl.OzoneContainer (OzoneContainer.java:startContainerScrub(160)) - Background container scrubber has been disabled by hdds.containerscrub.enabled
2019-08-23 19:58:36,917 [Datanode State Machine Thread - 0] INFO  ratis.XceiverServerRatis (XceiverServerRatis.java:start(404)) - Starting XceiverServerRatis e4359d7d-049d-4ed5-b522-e458a01bef8f at port 0
2019-08-23 19:58:36,925 [Datanode State Machine Thread - 0] INFO  impl.RaftServerProxy (RaftServerProxy.java:lambda$start$3(299)) - e4359d7d-049d-4ed5-b522-e458a01bef8f: start RPC server
2019-08-23 19:58:36,926 [Datanode State Machine Thread - 0] INFO  server.GrpcService (GrpcService.java:startImpl(149)) - e4359d7d-049d-4ed5-b522-e458a01bef8f: GrpcService started, listening on 0.0.0.0/0.0.0.0:32869
2019-08-23 19:58:36,926 [Datanode State Machine Thread - 0] INFO  ratis.XceiverServerRatis (XceiverServerRatis.java:start(414)) - XceiverServerRatis e4359d7d-049d-4ed5-b522-e458a01bef8f is started using port 32869
2019-08-23 19:58:36,927 [Datanode State Machine Thread - 0] INFO  server.XceiverServerGrpc (XceiverServerGrpc.java:start(161)) - XceiverServerGrpc e4359d7d-049d-4ed5-b522-e458a01bef8f is started using port 40157
2019-08-23 19:58:37,142 [Thread-876] INFO  ozone.MiniOzoneClusterImpl (MiniOzoneClusterImpl.java:lambda$waitForClusterToBeReady$0(140)) - Waiting for cluster to be ready. Got 0 of 3 DN Heartbeats.
2019-08-23 19:58:37,145 | INFO  | SCMAudit | user=jenkins1000 | ip=192.168.36.107 | op=GET_VERSION null | ret=SUCCESS |  
2019-08-23 19:58:37,167 [Datanode State Machine Thread - 0] INFO  ozoneimpl.OzoneContainer (OzoneContainer.java:start(186)) - Attempting to start container services.
2019-08-23 19:58:37,168 [Datanode State Machine Thread - 0] INFO  ozoneimpl.OzoneContainer (OzoneContainer.java:startContainerScrub(160)) - Background container scrubber has been disabled by hdds.containerscrub.enabled
2019-08-23 19:58:37,168 [Datanode State Machine Thread - 0] INFO  ratis.XceiverServerRatis (XceiverServerRatis.java:start(404)) - Starting XceiverServerRatis 76c40241-e9c3-4a83-8a78-f5858cfc2f67 at port 0
2019-08-23 19:58:37,175 [Datanode State Machine Thread - 0] INFO  impl.RaftServerProxy (RaftServerProxy.java:lambda$start$3(299)) - 76c40241-e9c3-4a83-8a78-f5858cfc2f67: start RPC server
2019-08-23 19:58:37,176 [Datanode State Machine Thread - 0] INFO  server.GrpcService (GrpcService.java:startImpl(149)) - 76c40241-e9c3-4a83-8a78-f5858cfc2f67: GrpcService started, listening on 0.0.0.0/0.0.0.0:34295
2019-08-23 19:58:37,176 [Datanode State Machine Thread - 0] INFO  ratis.XceiverServerRatis (XceiverServerRatis.java:start(414)) - XceiverServerRatis 76c40241-e9c3-4a83-8a78-f5858cfc2f67 is started using port 34295
2019-08-23 19:58:37,177 [Datanode State Machine Thread - 0] INFO  server.XceiverServerGrpc (XceiverServerGrpc.java:start(161)) - XceiverServerGrpc 76c40241-e9c3-4a83-8a78-f5858cfc2f67 is started using port 41829
2019-08-23 19:58:38,143 [Thread-876] INFO  ozone.MiniOzoneClusterImpl (MiniOzoneClusterImpl.java:lambda$waitForClusterToBeReady$0(140)) - Waiting for cluster to be ready. Got 0 of 3 DN Heartbeats.
2019-08-23 19:58:38,824 [IPC Server handler 0 on 43654] INFO  net.NetworkTopology (NetworkTopologyImpl.java:add(110)) - Added a new node: /default-rack/39f39e0a-be75-467c-aaf0-77e27bb45711
2019-08-23 19:58:38,825 [IPC Server handler 0 on 43654] INFO  node.SCMNodeManager (SCMNodeManager.java:register(273)) - Registered Data node : 39f39e0a-be75-467c-aaf0-77e27bb45711{ip: 192.168.36.107, host: pr-hdds-738-bs8cz-951698853, networkLocation: /default-rack, certSerialId: null}
2019-08-23 19:58:38,826 [EventQueue-NodeRegistrationContainerReportForDataNodeSafeModeRule] INFO  safemode.SCMSafeModeManager (DataNodeSafeModeRule.java:process(71)) - SCM in safe mode. 1 DataNodes registered, 1 required.
2019-08-23 19:58:38,826 | INFO  | SCMAudit | user=jenkins1000 | ip=192.168.36.107 | op=REGISTER {datanodeDetails=39f39e0a-be75-467c-aaf0-77e27bb45711{ip: 192.168.36.107, host: pr-hdds-738-bs8cz-951698853, networkLocation: /default-rack, certSerialId: null}} | ret=SUCCESS |  
2019-08-23 19:58:38,827 [EventQueue-NodeRegistrationContainerReportForContainerSafeModeRule] INFO  safemode.SCMSafeModeManager (SCMSafeModeManager.java:validateSafeModeExitRules(177)) - ScmSafeModeManager, all rules are successfully validated
2019-08-23 19:58:38,828 [EventQueue-NodeRegistrationContainerReportForContainerSafeModeRule] INFO  safemode.SCMSafeModeManager (SCMSafeModeManager.java:exitSafeMode(193)) - SCM exiting safe mode.
2019-08-23 19:58:38,842 [grpc-default-executor-0] INFO  impl.RaftServerProxy (RaftServerProxy.java:addNew(89)) - 39f39e0a-be75-467c-aaf0-77e27bb45711: addNew group-FCBD2F61E1EF:[39f39e0a-be75-467c-aaf0-77e27bb45711:192.168.36.107:39690] returns group-FCBD2F61E1EF:java.util.concurrent.CompletableFuture@489573d[Not completed]
2019-08-23 19:58:38,843 [pool-239-thread-1] INFO  impl.RaftServerImpl (RaftServerImpl.java:<init>(93)) - 39f39e0a-be75-467c-aaf0-77e27bb45711: new RaftServerImpl for group-FCBD2F61E1EF:[39f39e0a-be75-467c-aaf0-77e27bb45711:192.168.36.107:39690] with ContainerStateMachine:uninitialized
2019-08-23 19:58:38,843 [pool-239-thread-1] INFO  server.RaftServerConfigKeys (ConfUtils.java:logGet(43)) - raft.server.rpc.timeout.min = 5s (custom)
2019-08-23 19:58:38,843 [pool-239-thread-1] INFO  server.RaftServerConfigKeys (ConfUtils.java:logGet(43)) - raft.server.rpc.timeout.max = 5200ms (custom)
2019-08-23 19:58:38,843 [pool-239-thread-1] INFO  server.RaftServerConfigKeys (ConfUtils.java:logGet(43)) - raft.server.rpcslowness.timeout = 120s (custom)
2019-08-23 19:58:38,843 [pool-239-thread-1] INFO  server.RaftServerConfigKeys (ConfUtils.java:logGet(43)) - raft.server.sleep.deviation.threshold = 300 (default)
2019-08-23 19:58:38,844 [pool-239-thread-1] INFO  server.RaftServerConfigKeys (ConfUtils.java:logGet(43)) - raft.server.log.appender.install.snapshot.enabled = false (custom)
2019-08-23 19:58:38,844 [pool-239-thread-1] INFO  impl.RaftServerImpl (ServerState.java:<init>(105)) - 39f39e0a-be75-467c-aaf0-77e27bb45711:group-FCBD2F61E1EF ConfigurationManager, init=-1: [39f39e0a-be75-467c-aaf0-77e27bb45711:192.168.36.107:39690], old=null, confs=<EMPTY_MAP>
2019-08-23 19:58:38,844 [pool-239-thread-1] INFO  server.RaftServerConfigKeys (ConfUtils.java:logGet(43)) - raft.server.storage.dir = [/workdir/hadoop-ozone/ozonefs/target/test-dir/MiniOzoneClusterImpl-fe22ef2d-1048-42e2-b089-b9315fdb5fda/datanode-0/data/ratis] (custom)
2019-08-23 19:58:38,844 [pool-239-thread-1] INFO  storage.RaftStorageDirectory (RaftStorageDirectory.java:analyzeStorage(246)) - The storage directory /workdir/hadoop-ozone/ozonefs/target/test-dir/MiniOzoneClusterImpl-fe22ef2d-1048-42e2-b089-b9315fdb5fda/datanode-0/data/ratis/346a1d1a-c90c-42c3-b9dd-fcbd2f61e1ef does not exist. Creating ...
2019-08-23 19:58:38,863 [pool-239-thread-1] INFO  storage.RaftStorageDirectory (RaftStorageDirectory.java:tryLock(328)) - Lock on /workdir/hadoop-ozone/ozonefs/target/test-dir/MiniOzoneClusterImpl-fe22ef2d-1048-42e2-b089-b9315fdb5fda/datanode-0/data/ratis/346a1d1a-c90c-42c3-b9dd-fcbd2f61e1ef/in_use.lock acquired by nodename 13914@pr-hdds-738-bs8cz-951698853
2019-08-23 19:58:38,886 [pool-239-thread-1] INFO  storage.RaftStorage (RaftStorage.java:format(72)) - Storage directory /workdir/hadoop-ozone/ozonefs/target/test-dir/MiniOzoneClusterImpl-fe22ef2d-1048-42e2-b089-b9315fdb5fda/datanode-0/data/ratis/346a1d1a-c90c-42c3-b9dd-fcbd2f61e1ef has been successfully formatted.
2019-08-23 19:58:38,887 [pool-239-thread-1] INFO  ratis.ContainerStateMachine (ContainerStateMachine.java:loadSnapshot(226)) - group-FCBD2F61E1EF: The snapshot info is null. Setting the last applied indexto:(t:0, i:~)
2019-08-23 19:58:38,887 [pool-239-thread-1] INFO  server.RaftServerConfigKeys (ConfUtils.java:logGet(43)) - raft.server.leader.election.timeout = 120s (custom)
2019-08-23 19:58:38,887 [pool-239-thread-1] INFO  server.RaftServerConfigKeys (ConfUtils.java:logGet(43)) - raft.server.log.use.memory = false (default)
2019-08-23 19:58:38,887 [pool-239-thread-1] INFO  server.RaftServerConfigKeys (ConfUtils.java:logGet(43)) - raft.server.log.purge.gap = 1000000 (custom)
2019-08-23 19:58:38,887 [pool-239-thread-1] INFO  server.RaftServerConfigKeys (ConfUtils.java:logGet(43)) - raft.server.log.appender.buffer.byte-limit = 33554432 (custom)
2019-08-23 19:58:38,888 [pool-239-thread-1] INFO  server.RaftServerConfigKeys (ConfUtils.java:logGet(43)) - raft.server.log.segment.size.max = 1048576 (custom)
2019-08-23 19:58:38,888 [pool-239-thread-1] INFO  server.RaftServerConfigKeys (ConfUtils.java:logGet(43)) - raft.server.log.segment.cache.num.max = 2 (custom)
2019-08-23 19:58:38,888 [pool-239-thread-1] INFO  segmented.SegmentedRaftLogWorker (SegmentedRaftLogWorker.java:<init>(172)) - new 39f39e0a-be75-467c-aaf0-77e27bb45711-SegmentedRaftLogWorker:Storage Directory /workdir/hadoop-ozone/ozonefs/target/test-dir/MiniOzoneClusterImpl-fe22ef2d-1048-42e2-b089-b9315fdb5fda/datanode-0/data/ratis/346a1d1a-c90c-42c3-b9dd-fcbd2f61e1ef for RaftStorage:Storage Directory /workdir/hadoop-ozone/ozonefs/target/test-dir/MiniOzoneClusterImpl-fe22ef2d-1048-42e2-b089-b9315fdb5fda/datanode-0/data/ratis/346a1d1a-c90c-42c3-b9dd-fcbd2f61e1ef
2019-08-23 19:58:38,888 [pool-239-thread-1] INFO  server.RaftServerConfigKeys (ConfUtils.java:logGet(43)) - raft.server.log.queue.byte-limit = 2147483647 (custom)
2019-08-23 19:58:38,888 [pool-239-thread-1] INFO  server.RaftServerConfigKeys (ConfUtils.java:logGet(43)) - raft.server.log.queue.element-limit = 1024 (custom)
2019-08-23 19:58:38,889 [pool-239-thread-1] INFO  server.RaftServerConfigKeys (ConfUtils.java:logGet(43)) - raft.server.log.segment.size.max = 1048576 (custom)
2019-08-23 19:58:38,889 [pool-239-thread-1] INFO  server.RaftServerConfigKeys (ConfUtils.java:logGet(43)) - raft.server.log.preallocated.size = 16384 (custom)
2019-08-23 19:58:38,889 [pool-239-thread-1] INFO  server.RaftServerConfigKeys (ConfUtils.java:logGet(43)) - raft.server.log.write.buffer.size = 33554432 (custom)
2019-08-23 19:58:38,889 [pool-239-thread-1] INFO  server.RaftServerConfigKeys (ConfUtils.java:logGet(43)) - raft.server.log.force.sync.num = 128 (default)
2019-08-23 19:58:38,889 [pool-239-thread-1] INFO  server.RaftServerConfigKeys (ConfUtils.java:logGet(43)) - raft.server.log.statemachine.data.sync = true (default)
2019-08-23 19:58:38,889 [pool-239-thread-1] INFO  server.RaftServerConfigKeys (ConfUtils.java:logGet(43)) - raft.server.log.statemachine.data.sync.timeout = 10s (default)
2019-08-23 19:58:38,889 [pool-239-thread-1] INFO  server.RaftServerConfigKeys (ConfUtils.java:logGet(43)) - raft.server.log.statemachine.data.sync.timeout.retry = -1 (default)
2019-08-23 19:58:38,890 [pool-239-thread-1] INFO  server.RaftServerConfigKeys (ConfUtils.java:logGet(43)) - raft.server.log.statemachine.data.caching.enabled = true (custom)
2019-08-23 19:58:38,890 [pool-239-thread-1] INFO  segmented.SegmentedRaftLogWorker (SegmentedRaftLogWorker.java:lambda$new$0(132)) - 39f39e0a-be75-467c-aaf0-77e27bb45711-SegmentedRaftLogWorker:Storage Directory /workdir/hadoop-ozone/ozonefs/target/test-dir/MiniOzoneClusterImpl-fe22ef2d-1048-42e2-b089-b9315fdb5fda/datanode-0/data/ratis/346a1d1a-c90c-42c3-b9dd-fcbd2f61e1ef: flushIndex: setUnconditionally 0 -> -1
2019-08-23 19:58:38,890 [pool-239-thread-1] INFO  server.RaftServerConfigKeys (ConfUtils.java:logGet(43)) - raft.server.snapshot.auto.trigger.enabled = true (custom)
2019-08-23 19:58:38,890 [pool-239-thread-1] INFO  server.RaftServerConfigKeys (ConfUtils.java:logGet(43)) - raft.server.snapshot.auto.trigger.threshold = 10000 (custom)
2019-08-23 19:58:38,891 [pool-239-thread-1] INFO  server.RaftServerConfigKeys (ConfUtils.java:logGet(43)) - raft.server.retrycache.expirytime = 600000ms (custom)
2019-08-23 19:58:38,891 [pool-239-thread-1] INFO  impl.RaftServerImpl (RaftServerImpl.java:start(180)) - 39f39e0a-be75-467c-aaf0-77e27bb45711: start group-FCBD2F61E1EF
2019-08-23 19:58:38,891 [pool-239-thread-1] INFO  impl.RaftServerImpl (RaftServerImpl.java:setRole(171)) - 39f39e0a-be75-467c-aaf0-77e27bb45711:group-FCBD2F61E1EF changes role from null to FOLLOWER at term 0 for startAsFollower
2019-08-23 19:58:38,891 [pool-239-thread-1] INFO  impl.RoleInfo (RoleInfo.java:updateAndGet(143)) - 39f39e0a-be75-467c-aaf0-77e27bb45711: start FollowerState
2019-08-23 19:58:38,892 [pool-239-thread-1] INFO  util.JmxRegister (JmxRegister.java:tryRegister(44)) - Successfully registered JMX Bean with object name Ratis:service=RaftServer,group=group-FCBD2F61E1EF,id=39f39e0a-be75-467c-aaf0-77e27bb45711
2019-08-23 19:58:38,896 [RatisPipelineUtilsThread] INFO  pipeline.PipelineStateManager (PipelineStateManager.java:addPipeline(56)) - Created pipeline Pipeline[ Id: 346a1d1a-c90c-42c3-b9dd-fcbd2f61e1ef, Nodes: 39f39e0a-be75-467c-aaf0-77e27bb45711{ip: 192.168.36.107, host: pr-hdds-738-bs8cz-951698853, networkLocation: /default-rack, certSerialId: null}, Type:RATIS, Factor:ONE, State:OPEN]
2019-08-23 19:58:38,896 [IPC Server handler 2 on 43654] INFO  net.NetworkTopology (NetworkTopologyImpl.java:add(110)) - Added a new node: /default-rack/e4359d7d-049d-4ed5-b522-e458a01bef8f
2019-08-23 19:58:38,897 [IPC Server handler 2 on 43654] INFO  node.SCMNodeManager (SCMNodeManager.java:register(273)) - Registered Data node : e4359d7d-049d-4ed5-b522-e458a01bef8f{ip: 192.168.36.107, host: pr-hdds-738-bs8cz-951698853, networkLocation: /default-rack, certSerialId: null}
2019-08-23 19:58:38,897 | INFO  | SCMAudit | user=jenkins1000 | ip=192.168.36.107 | op=REGISTER {datanodeDetails=e4359d7d-049d-4ed5-b522-e458a01bef8f{ip: 192.168.36.107, host: pr-hdds-738-bs8cz-951698853, networkLocation: /default-rack, certSerialId: null}} | ret=SUCCESS |  
2019-08-23 19:58:38,906 [grpc-default-executor-0] INFO  impl.RaftServerProxy (RaftServerProxy.java:addNew(89)) - e4359d7d-049d-4ed5-b522-e458a01bef8f: addNew group-7425B6E310CA:[e4359d7d-049d-4ed5-b522-e458a01bef8f:192.168.36.107:32869] returns group-7425B6E310CA:java.util.concurrent.CompletableFuture@2ad832ab[Not completed]
2019-08-23 19:58:38,907 [pool-250-thread-1] INFO  impl.RaftServerImpl (RaftServerImpl.java:<init>(93)) - e4359d7d-049d-4ed5-b522-e458a01bef8f: new RaftServerImpl for group-7425B6E310CA:[e4359d7d-049d-4ed5-b522-e458a01bef8f:192.168.36.107:32869] with ContainerStateMachine:uninitialized
2019-08-23 19:58:38,908 [pool-250-thread-1] INFO  server.RaftServerConfigKeys (ConfUtils.java:logGet(43)) - raft.server.rpc.timeout.min = 5s (custom)
2019-08-23 19:58:38,908 [pool-250-thread-1] INFO  server.RaftServerConfigKeys (ConfUtils.java:logGet(43)) - raft.server.rpc.timeout.max = 5200ms (custom)
2019-08-23 19:58:38,908 [pool-250-thread-1] INFO  server.RaftServerConfigKeys (ConfUtils.java:logGet(43)) - raft.server.rpcslowness.timeout = 120s (custom)
2019-08-23 19:58:38,908 [pool-250-thread-1] INFO  server.RaftServerConfigKeys (ConfUtils.java:logGet(43)) - raft.server.sleep.deviation.threshold = 300 (default)
2019-08-23 19:58:38,908 [pool-250-thread-1] INFO  server.RaftServerConfigKeys (ConfUtils.java:logGet(43)) - raft.server.log.appender.install.snapshot.enabled = false (custom)
2019-08-23 19:58:38,908 [pool-250-thread-1] INFO  impl.RaftServerImpl (ServerState.java:<init>(105)) - e4359d7d-049d-4ed5-b522-e458a01bef8f:group-7425B6E310CA ConfigurationManager, init=-1: [e4359d7d-049d-4ed5-b522-e458a01bef8f:192.168.36.107:32869], old=null, confs=<EMPTY_MAP>
2019-08-23 19:58:38,909 [pool-250-thread-1] INFO  server.RaftServerConfigKeys (ConfUtils.java:logGet(43)) - raft.server.storage.dir = [/workdir/hadoop-ozone/ozonefs/target/test-dir/MiniOzoneClusterImpl-fe22ef2d-1048-42e2-b089-b9315fdb5fda/datanode-1/data/ratis] (custom)
2019-08-23 19:58:38,909 [pool-250-thread-1] INFO  storage.RaftStorageDirectory (RaftStorageDirectory.java:analyzeStorage(246)) - The storage directory /workdir/hadoop-ozone/ozonefs/target/test-dir/MiniOzoneClusterImpl-fe22ef2d-1048-42e2-b089-b9315fdb5fda/datanode-1/data/ratis/37cb051e-283f-4679-81dd-7425b6e310ca does not exist. Creating ...
2019-08-23 19:58:38,932 [pool-250-thread-1] INFO  storage.RaftStorageDirectory (RaftStorageDirectory.java:tryLock(328)) - Lock on /workdir/hadoop-ozone/ozonefs/target/test-dir/MiniOzoneClusterImpl-fe22ef2d-1048-42e2-b089-b9315fdb5fda/datanode-1/data/ratis/37cb051e-283f-4679-81dd-7425b6e310ca/in_use.lock acquired by nodename 13914@pr-hdds-738-bs8cz-951698853
2019-08-23 19:58:38,955 [pool-250-thread-1] INFO  storage.RaftStorage (RaftStorage.java:format(72)) - Storage directory /workdir/hadoop-ozone/ozonefs/target/test-dir/MiniOzoneClusterImpl-fe22ef2d-1048-42e2-b089-b9315fdb5fda/datanode-1/data/ratis/37cb051e-283f-4679-81dd-7425b6e310ca has been successfully formatted.
2019-08-23 19:58:38,956 [pool-250-thread-1] INFO  ratis.ContainerStateMachine (ContainerStateMachine.java:loadSnapshot(226)) - group-7425B6E310CA: The snapshot info is null. Setting the last applied indexto:(t:0, i:~)
2019-08-23 19:58:38,956 [pool-250-thread-1] INFO  server.RaftServerConfigKeys (ConfUtils.java:logGet(43)) - raft.server.leader.election.timeout = 120s (custom)
2019-08-23 19:58:38,956 [pool-250-thread-1] INFO  server.RaftServerConfigKeys (ConfUtils.java:logGet(43)) - raft.server.log.use.memory = false (default)
2019-08-23 19:58:38,956 [pool-250-thread-1] INFO  server.RaftServerConfigKeys (ConfUtils.java:logGet(43)) - raft.server.log.purge.gap = 1000000 (custom)
2019-08-23 19:58:38,956 [pool-250-thread-1] INFO  server.RaftServerConfigKeys (ConfUtils.java:logGet(43)) - raft.server.log.appender.buffer.byte-limit = 33554432 (custom)
2019-08-23 19:58:38,957 [pool-250-thread-1] INFO  server.RaftServerConfigKeys (ConfUtils.java:logGet(43)) - raft.server.log.segment.size.max = 1048576 (custom)
2019-08-23 19:58:38,957 [pool-250-thread-1] INFO  server.RaftServerConfigKeys (ConfUtils.java:logGet(43)) - raft.server.log.segment.cache.num.max = 2 (custom)
2019-08-23 19:58:38,957 [pool-250-thread-1] INFO  segmented.SegmentedRaftLogWorker (SegmentedRaftLogWorker.java:<init>(172)) - new e4359d7d-049d-4ed5-b522-e458a01bef8f-SegmentedRaftLogWorker:Storage Directory /workdir/hadoop-ozone/ozonefs/target/test-dir/MiniOzoneClusterImpl-fe22ef2d-1048-42e2-b089-b9315fdb5fda/datanode-1/data/ratis/37cb051e-283f-4679-81dd-7425b6e310ca for RaftStorage:Storage Directory /workdir/hadoop-ozone/ozonefs/target/test-dir/MiniOzoneClusterImpl-fe22ef2d-1048-42e2-b089-b9315fdb5fda/datanode-1/data/ratis/37cb051e-283f-4679-81dd-7425b6e310ca
2019-08-23 19:58:38,957 [pool-250-thread-1] INFO  server.RaftServerConfigKeys (ConfUtils.java:logGet(43)) - raft.server.log.queue.byte-limit = 2147483647 (custom)
2019-08-23 19:58:38,957 [pool-250-thread-1] INFO  server.RaftServerConfigKeys (ConfUtils.java:logGet(43)) - raft.server.log.queue.element-limit = 1024 (custom)
2019-08-23 19:58:38,958 [pool-250-thread-1] INFO  server.RaftServerConfigKeys (ConfUtils.java:logGet(43)) - raft.server.log.segment.size.max = 1048576 (custom)
2019-08-23 19:58:38,958 [pool-250-thread-1] INFO  server.RaftServerConfigKeys (ConfUtils.java:logGet(43)) - raft.server.log.preallocated.size = 16384 (custom)
2019-08-23 19:58:38,958 [pool-250-thread-1] INFO  server.RaftServerConfigKeys (ConfUtils.java:logGet(43)) - raft.server.log.write.buffer.size = 33554432 (custom)
2019-08-23 19:58:38,958 [pool-250-thread-1] INFO  server.RaftServerConfigKeys (ConfUtils.java:logGet(43)) - raft.server.log.force.sync.num = 128 (default)
2019-08-23 19:58:38,958 [pool-250-thread-1] INFO  server.RaftServerConfigKeys (ConfUtils.java:logGet(43)) - raft.server.log.statemachine.data.sync = true (default)
2019-08-23 19:58:38,958 [pool-250-thread-1] INFO  server.RaftServerConfigKeys (ConfUtils.java:logGet(43)) - raft.server.log.statemachine.data.sync.timeout = 10s (default)
2019-08-23 19:58:38,958 [pool-250-thread-1] INFO  server.RaftServerConfigKeys (ConfUtils.java:logGet(43)) - raft.server.log.statemachine.data.sync.timeout.retry = -1 (default)
2019-08-23 19:58:38,959 [pool-250-thread-1] INFO  server.RaftServerConfigKeys (ConfUtils.java:logGet(43)) - raft.server.log.statemachine.data.caching.enabled = true (custom)
2019-08-23 19:58:38,959 [pool-250-thread-1] INFO  segmented.SegmentedRaftLogWorker (SegmentedRaftLogWorker.java:lambda$new$0(132)) - e4359d7d-049d-4ed5-b522-e458a01bef8f-SegmentedRaftLogWorker:Storage Directory /workdir/hadoop-ozone/ozonefs/target/test-dir/MiniOzoneClusterImpl-fe22ef2d-1048-42e2-b089-b9315fdb5fda/datanode-1/data/ratis/37cb051e-283f-4679-81dd-7425b6e310ca: flushIndex: setUnconditionally 0 -> -1
2019-08-23 19:58:38,959 [pool-250-thread-1] INFO  server.RaftServerConfigKeys (ConfUtils.java:logGet(43)) - raft.server.snapshot.auto.trigger.enabled = true (custom)
2019-08-23 19:58:38,960 [pool-250-thread-1] INFO  server.RaftServerConfigKeys (ConfUtils.java:logGet(43)) - raft.server.snapshot.auto.trigger.threshold = 10000 (custom)
2019-08-23 19:58:38,960 [pool-250-thread-1] INFO  server.RaftServerConfigKeys (ConfUtils.java:logGet(43)) - raft.server.retrycache.expirytime = 600000ms (custom)
2019-08-23 19:58:38,960 [pool-250-thread-1] INFO  impl.RaftServerImpl (RaftServerImpl.java:start(180)) - e4359d7d-049d-4ed5-b522-e458a01bef8f: start group-7425B6E310CA
2019-08-23 19:58:38,960 [pool-250-thread-1] INFO  impl.RaftServerImpl (RaftServerImpl.java:setRole(171)) - e4359d7d-049d-4ed5-b522-e458a01bef8f:group-7425B6E310CA changes role from null to FOLLOWER at term 0 for startAsFollower
2019-08-23 19:58:38,961 [pool-250-thread-1] INFO  impl.RoleInfo (RoleInfo.java:updateAndGet(143)) - e4359d7d-049d-4ed5-b522-e458a01bef8f: start FollowerState
2019-08-23 19:58:38,961 [pool-250-thread-1] INFO  util.JmxRegister (JmxRegister.java:tryRegister(44)) - Successfully registered JMX Bean with object name Ratis:service=RaftServer,group=group-7425B6E310CA,id=e4359d7d-049d-4ed5-b522-e458a01bef8f
2019-08-23 19:58:38,969 [RatisPipelineUtilsThread] INFO  pipeline.PipelineStateManager (PipelineStateManager.java:addPipeline(56)) - Created pipeline Pipeline[ Id: 37cb051e-283f-4679-81dd-7425b6e310ca, Nodes: e4359d7d-049d-4ed5-b522-e458a01bef8f{ip: 192.168.36.107, host: pr-hdds-738-bs8cz-951698853, networkLocation: /default-rack, certSerialId: null}, Type:RATIS, Factor:ONE, State:OPEN]
2019-08-23 19:58:39,143 [Thread-876] INFO  ozone.MiniOzoneClusterImpl (MiniOzoneClusterImpl.java:lambda$waitForClusterToBeReady$0(140)) - Waiting for cluster to be ready. Got 2 of 3 DN Heartbeats.
2019-08-23 19:58:39,147 [IPC Server handler 4 on 43654] INFO  net.NetworkTopology (NetworkTopologyImpl.java:add(110)) - Added a new node: /default-rack/76c40241-e9c3-4a83-8a78-f5858cfc2f67
2019-08-23 19:58:39,147 [IPC Server handler 4 on 43654] INFO  node.SCMNodeManager (SCMNodeManager.java:register(273)) - Registered Data node : 76c40241-e9c3-4a83-8a78-f5858cfc2f67{ip: 192.168.36.107, host: pr-hdds-738-bs8cz-951698853, networkLocation: /default-rack, certSerialId: null}
2019-08-23 19:58:39,150 | INFO  | SCMAudit | user=jenkins1000 | ip=192.168.36.107 | op=REGISTER {datanodeDetails=76c40241-e9c3-4a83-8a78-f5858cfc2f67{ip: 192.168.36.107, host: pr-hdds-738-bs8cz-951698853, networkLocation: /default-rack, certSerialId: null}} | ret=SUCCESS |  
2019-08-23 19:58:39,163 [grpc-default-executor-0] INFO  impl.RaftServerProxy (RaftServerProxy.java:addNew(89)) - 76c40241-e9c3-4a83-8a78-f5858cfc2f67: addNew group-665300840204:[76c40241-e9c3-4a83-8a78-f5858cfc2f67:192.168.36.107:34295] returns group-665300840204:java.util.concurrent.CompletableFuture@5afac79a[Not completed]
2019-08-23 19:58:39,165 [pool-261-thread-1] INFO  impl.RaftServerImpl (RaftServerImpl.java:<init>(93)) - 76c40241-e9c3-4a83-8a78-f5858cfc2f67: new RaftServerImpl for group-665300840204:[76c40241-e9c3-4a83-8a78-f5858cfc2f67:192.168.36.107:34295] with ContainerStateMachine:uninitialized
2019-08-23 19:58:39,165 [pool-261-thread-1] INFO  server.RaftServerConfigKeys (ConfUtils.java:logGet(43)) - raft.server.rpc.timeout.min = 5s (custom)
2019-08-23 19:58:39,165 [pool-261-thread-1] INFO  server.RaftServerConfigKeys (ConfUtils.java:logGet(43)) - raft.server.rpc.timeout.max = 5200ms (custom)
2019-08-23 19:58:39,165 [pool-261-thread-1] INFO  server.RaftServerConfigKeys (ConfUtils.java:logGet(43)) - raft.server.rpcslowness.timeout = 120s (custom)
2019-08-23 19:58:39,165 [pool-261-thread-1] INFO  server.RaftServerConfigKeys (ConfUtils.java:logGet(43)) - raft.server.sleep.deviation.threshold = 300 (default)
2019-08-23 19:58:39,166 [pool-261-thread-1] INFO  server.RaftServerConfigKeys (ConfUtils.java:logGet(43)) - raft.server.log.appender.install.snapshot.enabled = false (custom)
2019-08-23 19:58:39,166 [pool-261-thread-1] INFO  impl.RaftServerImpl (ServerState.java:<init>(105)) - 76c40241-e9c3-4a83-8a78-f5858cfc2f67:group-665300840204 ConfigurationManager, init=-1: [76c40241-e9c3-4a83-8a78-f5858cfc2f67:192.168.36.107:34295], old=null, confs=<EMPTY_MAP>
2019-08-23 19:58:39,166 [pool-261-thread-1] INFO  server.RaftServerConfigKeys (ConfUtils.java:logGet(43)) - raft.server.storage.dir = [/workdir/hadoop-ozone/ozonefs/target/test-dir/MiniOzoneClusterImpl-fe22ef2d-1048-42e2-b089-b9315fdb5fda/datanode-2/data/ratis] (custom)
2019-08-23 19:58:39,166 [pool-261-thread-1] INFO  storage.RaftStorageDirectory (RaftStorageDirectory.java:analyzeStorage(246)) - The storage directory /workdir/hadoop-ozone/ozonefs/target/test-dir/MiniOzoneClusterImpl-fe22ef2d-1048-42e2-b089-b9315fdb5fda/datanode-2/data/ratis/8c0a8a03-f78a-410d-b35a-665300840204 does not exist. Creating ...
2019-08-23 19:58:39,190 [pool-261-thread-1] INFO  storage.RaftStorageDirectory (RaftStorageDirectory.java:tryLock(328)) - Lock on /workdir/hadoop-ozone/ozonefs/target/test-dir/MiniOzoneClusterImpl-fe22ef2d-1048-42e2-b089-b9315fdb5fda/datanode-2/data/ratis/8c0a8a03-f78a-410d-b35a-665300840204/in_use.lock acquired by nodename 13914@pr-hdds-738-bs8cz-951698853
2019-08-23 19:58:39,214 [pool-261-thread-1] INFO  storage.RaftStorage (RaftStorage.java:format(72)) - Storage directory /workdir/hadoop-ozone/ozonefs/target/test-dir/MiniOzoneClusterImpl-fe22ef2d-1048-42e2-b089-b9315fdb5fda/datanode-2/data/ratis/8c0a8a03-f78a-410d-b35a-665300840204 has been successfully formatted.
2019-08-23 19:58:39,214 [pool-261-thread-1] INFO  ratis.ContainerStateMachine (ContainerStateMachine.java:loadSnapshot(226)) - group-665300840204: The snapshot info is null. Setting the last applied indexto:(t:0, i:~)
2019-08-23 19:58:39,215 [pool-261-thread-1] INFO  server.RaftServerConfigKeys (ConfUtils.java:logGet(43)) - raft.server.leader.election.timeout = 120s (custom)
2019-08-23 19:58:39,215 [pool-261-thread-1] INFO  server.RaftServerConfigKeys (ConfUtils.java:logGet(43)) - raft.server.log.use.memory = false (default)
2019-08-23 19:58:39,215 [pool-261-thread-1] INFO  server.RaftServerConfigKeys (ConfUtils.java:logGet(43)) - raft.server.log.purge.gap = 1000000 (custom)
2019-08-23 19:58:39,215 [pool-261-thread-1] INFO  server.RaftServerConfigKeys (ConfUtils.java:logGet(43)) - raft.server.log.appender.buffer.byte-limit = 33554432 (custom)
2019-08-23 19:58:39,215 [pool-261-thread-1] INFO  server.RaftServerConfigKeys (ConfUtils.java:logGet(43)) - raft.server.log.segment.size.max = 1048576 (custom)
2019-08-23 19:58:39,216 [pool-261-thread-1] INFO  server.RaftServerConfigKeys (ConfUtils.java:logGet(43)) - raft.server.log.segment.cache.num.max = 2 (custom)
2019-08-23 19:58:39,216 [pool-261-thread-1] INFO  segmented.SegmentedRaftLogWorker (SegmentedRaftLogWorker.java:<init>(172)) - new 76c40241-e9c3-4a83-8a78-f5858cfc2f67-SegmentedRaftLogWorker:Storage Directory /workdir/hadoop-ozone/ozonefs/target/test-dir/MiniOzoneClusterImpl-fe22ef2d-1048-42e2-b089-b9315fdb5fda/datanode-2/data/ratis/8c0a8a03-f78a-410d-b35a-665300840204 for RaftStorage:Storage Directory /workdir/hadoop-ozone/ozonefs/target/test-dir/MiniOzoneClusterImpl-fe22ef2d-1048-42e2-b089-b9315fdb5fda/datanode-2/data/ratis/8c0a8a03-f78a-410d-b35a-665300840204
2019-08-23 19:58:39,216 [pool-261-thread-1] INFO  server.RaftServerConfigKeys (ConfUtils.java:logGet(43)) - raft.server.log.queue.byte-limit = 2147483647 (custom)
2019-08-23 19:58:39,216 [pool-261-thread-1] INFO  server.RaftServerConfigKeys (ConfUtils.java:logGet(43)) - raft.server.log.queue.element-limit = 1024 (custom)
2019-08-23 19:58:39,216 [pool-261-thread-1] INFO  server.RaftServerConfigKeys (ConfUtils.java:logGet(43)) - raft.server.log.segment.size.max = 1048576 (custom)
2019-08-23 19:58:39,217 [pool-261-thread-1] INFO  server.RaftServerConfigKeys (ConfUtils.java:logGet(43)) - raft.server.log.preallocated.size = 16384 (custom)
2019-08-23 19:58:39,217 [pool-261-thread-1] INFO  server.RaftServerConfigKeys (ConfUtils.java:logGet(43)) - raft.server.log.write.buffer.size = 33554432 (custom)
2019-08-23 19:58:39,217 [pool-261-thread-1] INFO  server.RaftServerConfigKeys (ConfUtils.java:logGet(43)) - raft.server.log.force.sync.num = 128 (default)
2019-08-23 19:58:39,217 [pool-261-thread-1] INFO  server.RaftServerConfigKeys (ConfUtils.java:logGet(43)) - raft.server.log.statemachine.data.sync = true (default)
2019-08-23 19:58:39,217 [pool-261-thread-1] INFO  server.RaftServerConfigKeys (ConfUtils.java:logGet(43)) - raft.server.log.statemachine.data.sync.timeout = 10s (default)
2019-08-23 19:58:39,217 [pool-261-thread-1] INFO  server.RaftServerConfigKeys (ConfUtils.java:logGet(43)) - raft.server.log.statemachine.data.sync.timeout.retry = -1 (default)
2019-08-23 19:58:39,218 [pool-261-thread-1] INFO  server.RaftServerConfigKeys (ConfUtils.java:logGet(43)) - raft.server.log.statemachine.data.caching.enabled = true (custom)
2019-08-23 19:58:39,218 [pool-261-thread-1] INFO  segmented.SegmentedRaftLogWorker (SegmentedRaftLogWorker.java:lambda$new$0(132)) - 76c40241-e9c3-4a83-8a78-f5858cfc2f67-SegmentedRaftLogWorker:Storage Directory /workdir/hadoop-ozone/ozonefs/target/test-dir/MiniOzoneClusterImpl-fe22ef2d-1048-42e2-b089-b9315fdb5fda/datanode-2/data/ratis/8c0a8a03-f78a-410d-b35a-665300840204: flushIndex: setUnconditionally 0 -> -1
2019-08-23 19:58:39,219 [pool-261-thread-1] INFO  server.RaftServerConfigKeys (ConfUtils.java:logGet(43)) - raft.server.snapshot.auto.trigger.enabled = true (custom)
2019-08-23 19:58:39,219 [pool-261-thread-1] INFO  server.RaftServerConfigKeys (ConfUtils.java:logGet(43)) - raft.server.snapshot.auto.trigger.threshold = 10000 (custom)
2019-08-23 19:58:39,219 [pool-261-thread-1] INFO  server.RaftServerConfigKeys (ConfUtils.java:logGet(43)) - raft.server.retrycache.expirytime = 600000ms (custom)
2019-08-23 19:58:39,219 [pool-261-thread-1] INFO  impl.RaftServerImpl (RaftServerImpl.java:start(180)) - 76c40241-e9c3-4a83-8a78-f5858cfc2f67: start group-665300840204
2019-08-23 19:58:39,219 [pool-261-thread-1] INFO  impl.RaftServerImpl (RaftServerImpl.java:setRole(171)) - 76c40241-e9c3-4a83-8a78-f5858cfc2f67:group-665300840204 changes role from null to FOLLOWER at term 0 for startAsFollower
2019-08-23 19:58:39,220 [pool-261-thread-1] INFO  impl.RoleInfo (RoleInfo.java:updateAndGet(143)) - 76c40241-e9c3-4a83-8a78-f5858cfc2f67: start FollowerState
2019-08-23 19:58:39,220 [pool-261-thread-1] INFO  util.JmxRegister (JmxRegister.java:tryRegister(44)) - Successfully registered JMX Bean with object name Ratis:service=RaftServer,group=group-665300840204,id=76c40241-e9c3-4a83-8a78-f5858cfc2f67
2019-08-23 19:58:39,226 [RatisPipelineUtilsThread] INFO  pipeline.PipelineStateManager (PipelineStateManager.java:addPipeline(56)) - Created pipeline Pipeline[ Id: 8c0a8a03-f78a-410d-b35a-665300840204, Nodes: 76c40241-e9c3-4a83-8a78-f5858cfc2f67{ip: 192.168.36.107, host: pr-hdds-738-bs8cz-951698853, networkLocation: /default-rack, certSerialId: null}, Type:RATIS, Factor:ONE, State:OPEN]
2019-08-23 19:58:39,258 [grpc-default-executor-1] INFO  impl.RaftServerProxy (RaftServerProxy.java:addNew(89)) - 39f39e0a-be75-467c-aaf0-77e27bb45711: addNew group-0463FDDFC8C6:[76c40241-e9c3-4a83-8a78-f5858cfc2f67:192.168.36.107:34295, 39f39e0a-be75-467c-aaf0-77e27bb45711:192.168.36.107:39690, e4359d7d-049d-4ed5-b522-e458a01bef8f:192.168.36.107:32869] returns group-0463FDDFC8C6:java.util.concurrent.CompletableFuture@8abe712[Not completed]
2019-08-23 19:58:39,258 [grpc-default-executor-2] INFO  impl.RaftServerProxy (RaftServerProxy.java:addNew(89)) - 76c40241-e9c3-4a83-8a78-f5858cfc2f67: addNew group-0463FDDFC8C6:[76c40241-e9c3-4a83-8a78-f5858cfc2f67:192.168.36.107:34295, 39f39e0a-be75-467c-aaf0-77e27bb45711:192.168.36.107:39690, e4359d7d-049d-4ed5-b522-e458a01bef8f:192.168.36.107:32869] returns group-0463FDDFC8C6:java.util.concurrent.CompletableFuture@54a2a7ee[Not completed]
2019-08-23 19:58:39,261 [pool-239-thread-1] INFO  impl.RaftServerImpl (RaftServerImpl.java:<init>(93)) - 39f39e0a-be75-467c-aaf0-77e27bb45711: new RaftServerImpl for group-0463FDDFC8C6:[76c40241-e9c3-4a83-8a78-f5858cfc2f67:192.168.36.107:34295, 39f39e0a-be75-467c-aaf0-77e27bb45711:192.168.36.107:39690, e4359d7d-049d-4ed5-b522-e458a01bef8f:192.168.36.107:32869] with ContainerStateMachine:uninitialized
2019-08-23 19:58:39,261 [grpc-default-executor-2] INFO  impl.RaftServerProxy (RaftServerProxy.java:addNew(89)) - e4359d7d-049d-4ed5-b522-e458a01bef8f: addNew group-0463FDDFC8C6:[76c40241-e9c3-4a83-8a78-f5858cfc2f67:192.168.36.107:34295, 39f39e0a-be75-467c-aaf0-77e27bb45711:192.168.36.107:39690, e4359d7d-049d-4ed5-b522-e458a01bef8f:192.168.36.107:32869] returns group-0463FDDFC8C6:java.util.concurrent.CompletableFuture@11a0231e[Not completed]
2019-08-23 19:58:39,261 [pool-239-thread-1] INFO  server.RaftServerConfigKeys (ConfUtils.java:logGet(43)) - raft.server.rpc.timeout.min = 5s (custom)
2019-08-23 19:58:39,261 [pool-239-thread-1] INFO  server.RaftServerConfigKeys (ConfUtils.java:logGet(43)) - raft.server.rpc.timeout.max = 5200ms (custom)
2019-08-23 19:58:39,261 [pool-239-thread-1] INFO  server.RaftServerConfigKeys (ConfUtils.java:logGet(43)) - raft.server.rpcslowness.timeout = 120s (custom)
2019-08-23 19:58:39,262 [pool-239-thread-1] INFO  server.RaftServerConfigKeys (ConfUtils.java:logGet(43)) - raft.server.sleep.deviation.threshold = 300 (default)
2019-08-23 19:58:39,262 [pool-239-thread-1] INFO  server.RaftServerConfigKeys (ConfUtils.java:logGet(43)) - raft.server.log.appender.install.snapshot.enabled = false (custom)
2019-08-23 19:58:39,262 [pool-239-thread-1] INFO  impl.RaftServerImpl (ServerState.java:<init>(105)) - 39f39e0a-be75-467c-aaf0-77e27bb45711:group-0463FDDFC8C6 ConfigurationManager, init=-1: [76c40241-e9c3-4a83-8a78-f5858cfc2f67:192.168.36.107:34295, 39f39e0a-be75-467c-aaf0-77e27bb45711:192.168.36.107:39690, e4359d7d-049d-4ed5-b522-e458a01bef8f:192.168.36.107:32869], old=null, confs=<EMPTY_MAP>
2019-08-23 19:58:39,262 [pool-261-thread-1] INFO  impl.RaftServerImpl (RaftServerImpl.java:<init>(93)) - 76c40241-e9c3-4a83-8a78-f5858cfc2f67: new RaftServerImpl for group-0463FDDFC8C6:[76c40241-e9c3-4a83-8a78-f5858cfc2f67:192.168.36.107:34295, 39f39e0a-be75-467c-aaf0-77e27bb45711:192.168.36.107:39690, e4359d7d-049d-4ed5-b522-e458a01bef8f:192.168.36.107:32869] with ContainerStateMachine:uninitialized
2019-08-23 19:58:39,262 [pool-239-thread-1] INFO  server.RaftServerConfigKeys (ConfUtils.java:logGet(43)) - raft.server.storage.dir = [/workdir/hadoop-ozone/ozonefs/target/test-dir/MiniOzoneClusterImpl-fe22ef2d-1048-42e2-b089-b9315fdb5fda/datanode-0/data/ratis] (custom)
2019-08-23 19:58:39,262 [pool-261-thread-1] INFO  server.RaftServerConfigKeys (ConfUtils.java:logGet(43)) - raft.server.rpc.timeout.min = 5s (custom)
2019-08-23 19:58:39,263 [pool-261-thread-1] INFO  server.RaftServerConfigKeys (ConfUtils.java:logGet(43)) - raft.server.rpc.timeout.max = 5200ms (custom)
2019-08-23 19:58:39,263 [pool-261-thread-1] INFO  server.RaftServerConfigKeys (ConfUtils.java:logGet(43)) - raft.server.rpcslowness.timeout = 120s (custom)
2019-08-23 19:58:39,263 [pool-239-thread-1] INFO  storage.RaftStorageDirectory (RaftStorageDirectory.java:analyzeStorage(246)) - The storage directory /workdir/hadoop-ozone/ozonefs/target/test-dir/MiniOzoneClusterImpl-fe22ef2d-1048-42e2-b089-b9315fdb5fda/datanode-0/data/ratis/b167ba7c-b620-434e-ad67-0463fddfc8c6 does not exist. Creating ...
2019-08-23 19:58:39,263 [pool-250-thread-1] INFO  impl.RaftServerImpl (RaftServerImpl.java:<init>(93)) - e4359d7d-049d-4ed5-b522-e458a01bef8f: new RaftServerImpl for group-0463FDDFC8C6:[76c40241-e9c3-4a83-8a78-f5858cfc2f67:192.168.36.107:34295, 39f39e0a-be75-467c-aaf0-77e27bb45711:192.168.36.107:39690, e4359d7d-049d-4ed5-b522-e458a01bef8f:192.168.36.107:32869] with ContainerStateMachine:uninitialized
2019-08-23 19:58:39,263 [pool-261-thread-1] INFO  server.RaftServerConfigKeys (ConfUtils.java:logGet(43)) - raft.server.sleep.deviation.threshold = 300 (default)
2019-08-23 19:58:39,263 [pool-250-thread-1] INFO  server.RaftServerConfigKeys (ConfUtils.java:logGet(43)) - raft.server.rpc.timeout.min = 5s (custom)
2019-08-23 19:58:39,264 [pool-261-thread-1] INFO  server.RaftServerConfigKeys (ConfUtils.java:logGet(43)) - raft.server.log.appender.install.snapshot.enabled = false (custom)
2019-08-23 19:58:39,264 [pool-250-thread-1] INFO  server.RaftServerConfigKeys (ConfUtils.java:logGet(43)) - raft.server.rpc.timeout.max = 5200ms (custom)
2019-08-23 19:58:39,264 [pool-261-thread-1] INFO  impl.RaftServerImpl (ServerState.java:<init>(105)) - 76c40241-e9c3-4a83-8a78-f5858cfc2f67:group-0463FDDFC8C6 ConfigurationManager, init=-1: [76c40241-e9c3-4a83-8a78-f5858cfc2f67:192.168.36.107:34295, 39f39e0a-be75-467c-aaf0-77e27bb45711:192.168.36.107:39690, e4359d7d-049d-4ed5-b522-e458a01bef8f:192.168.36.107:32869], old=null, confs=<EMPTY_MAP>
2019-08-23 19:58:39,264 [pool-250-thread-1] INFO  server.RaftServerConfigKeys (ConfUtils.java:logGet(43)) - raft.server.rpcslowness.timeout = 120s (custom)
2019-08-23 19:58:39,264 [pool-261-thread-1] INFO  server.RaftServerConfigKeys (ConfUtils.java:logGet(43)) - raft.server.storage.dir = [/workdir/hadoop-ozone/ozonefs/target/test-dir/MiniOzoneClusterImpl-fe22ef2d-1048-42e2-b089-b9315fdb5fda/datanode-2/data/ratis] (custom)
2019-08-23 19:58:39,264 [pool-250-thread-1] INFO  server.RaftServerConfigKeys (ConfUtils.java:logGet(43)) - raft.server.sleep.deviation.threshold = 300 (default)
2019-08-23 19:58:39,265 [pool-250-thread-1] INFO  server.RaftServerConfigKeys (ConfUtils.java:logGet(43)) - raft.server.log.appender.install.snapshot.enabled = false (custom)
2019-08-23 19:58:39,265 [pool-261-thread-1] INFO  storage.RaftStorageDirectory (RaftStorageDirectory.java:analyzeStorage(246)) - The storage directory /workdir/hadoop-ozone/ozonefs/target/test-dir/MiniOzoneClusterImpl-fe22ef2d-1048-42e2-b089-b9315fdb5fda/datanode-2/data/ratis/b167ba7c-b620-434e-ad67-0463fddfc8c6 does not exist. Creating ...
2019-08-23 19:58:39,265 [pool-250-thread-1] INFO  impl.RaftServerImpl (ServerState.java:<init>(105)) - e4359d7d-049d-4ed5-b522-e458a01bef8f:group-0463FDDFC8C6 ConfigurationManager, init=-1: [76c40241-e9c3-4a83-8a78-f5858cfc2f67:192.168.36.107:34295, 39f39e0a-be75-467c-aaf0-77e27bb45711:192.168.36.107:39690, e4359d7d-049d-4ed5-b522-e458a01bef8f:192.168.36.107:32869], old=null, confs=<EMPTY_MAP>
2019-08-23 19:58:39,265 [pool-250-thread-1] INFO  server.RaftServerConfigKeys (ConfUtils.java:logGet(43)) - raft.server.storage.dir = [/workdir/hadoop-ozone/ozonefs/target/test-dir/MiniOzoneClusterImpl-fe22ef2d-1048-42e2-b089-b9315fdb5fda/datanode-1/data/ratis] (custom)
2019-08-23 19:58:39,265 [pool-250-thread-1] INFO  storage.RaftStorageDirectory (RaftStorageDirectory.java:analyzeStorage(246)) - The storage directory /workdir/hadoop-ozone/ozonefs/target/test-dir/MiniOzoneClusterImpl-fe22ef2d-1048-42e2-b089-b9315fdb5fda/datanode-1/data/ratis/b167ba7c-b620-434e-ad67-0463fddfc8c6 does not exist. Creating ...
2019-08-23 19:58:39,281 [pool-239-thread-1] INFO  storage.RaftStorageDirectory (RaftStorageDirectory.java:tryLock(328)) - Lock on /workdir/hadoop-ozone/ozonefs/target/test-dir/MiniOzoneClusterImpl-fe22ef2d-1048-42e2-b089-b9315fdb5fda/datanode-0/data/ratis/b167ba7c-b620-434e-ad67-0463fddfc8c6/in_use.lock acquired by nodename 13914@pr-hdds-738-bs8cz-951698853
2019-08-23 19:58:39,281 [pool-261-thread-1] INFO  storage.RaftStorageDirectory (RaftStorageDirectory.java:tryLock(328)) - Lock on /workdir/hadoop-ozone/ozonefs/target/test-dir/MiniOzoneClusterImpl-fe22ef2d-1048-42e2-b089-b9315fdb5fda/datanode-2/data/ratis/b167ba7c-b620-434e-ad67-0463fddfc8c6/in_use.lock acquired by nodename 13914@pr-hdds-738-bs8cz-951698853
2019-08-23 19:58:39,281 [pool-250-thread-1] INFO  storage.RaftStorageDirectory (RaftStorageDirectory.java:tryLock(328)) - Lock on /workdir/hadoop-ozone/ozonefs/target/test-dir/MiniOzoneClusterImpl-fe22ef2d-1048-42e2-b089-b9315fdb5fda/datanode-1/data/ratis/b167ba7c-b620-434e-ad67-0463fddfc8c6/in_use.lock acquired by nodename 13914@pr-hdds-738-bs8cz-951698853
2019-08-23 19:58:39,312 [pool-239-thread-1] INFO  storage.RaftStorage (RaftStorage.java:format(72)) - Storage directory /workdir/hadoop-ozone/ozonefs/target/test-dir/MiniOzoneClusterImpl-fe22ef2d-1048-42e2-b089-b9315fdb5fda/datanode-0/data/ratis/b167ba7c-b620-434e-ad67-0463fddfc8c6 has been successfully formatted.
2019-08-23 19:58:39,312 [pool-261-thread-1] INFO  storage.RaftStorage (RaftStorage.java:format(72)) - Storage directory /workdir/hadoop-ozone/ozonefs/target/test-dir/MiniOzoneClusterImpl-fe22ef2d-1048-42e2-b089-b9315fdb5fda/datanode-2/data/ratis/b167ba7c-b620-434e-ad67-0463fddfc8c6 has been successfully formatted.
2019-08-23 19:58:39,312 [pool-250-thread-1] INFO  storage.RaftStorage (RaftStorage.java:format(72)) - Storage directory /workdir/hadoop-ozone/ozonefs/target/test-dir/MiniOzoneClusterImpl-fe22ef2d-1048-42e2-b089-b9315fdb5fda/datanode-1/data/ratis/b167ba7c-b620-434e-ad67-0463fddfc8c6 has been successfully formatted.
2019-08-23 19:58:39,313 [pool-261-thread-1] INFO  ratis.ContainerStateMachine (ContainerStateMachine.java:loadSnapshot(226)) - group-0463FDDFC8C6: The snapshot info is null. Setting the last applied indexto:(t:0, i:~)
2019-08-23 19:58:39,313 [pool-239-thread-1] INFO  ratis.ContainerStateMachine (ContainerStateMachine.java:loadSnapshot(226)) - group-0463FDDFC8C6: The snapshot info is null. Setting the last applied indexto:(t:0, i:~)
2019-08-23 19:58:39,313 [pool-261-thread-1] INFO  server.RaftServerConfigKeys (ConfUtils.java:logGet(43)) - raft.server.leader.election.timeout = 120s (custom)
2019-08-23 19:58:39,313 [pool-250-thread-1] INFO  ratis.ContainerStateMachine (ContainerStateMachine.java:loadSnapshot(226)) - group-0463FDDFC8C6: The snapshot info is null. Setting the last applied indexto:(t:0, i:~)
2019-08-23 19:58:39,313 [pool-261-thread-1] INFO  server.RaftServerConfigKeys (ConfUtils.java:logGet(43)) - raft.server.log.use.memory = false (default)
2019-08-23 19:58:39,313 [pool-239-thread-1] INFO  server.RaftServerConfigKeys (ConfUtils.java:logGet(43)) - raft.server.leader.election.timeout = 120s (custom)
2019-08-23 19:58:39,313 [pool-250-thread-1] INFO  server.RaftServerConfigKeys (ConfUtils.java:logGet(43)) - raft.server.leader.election.timeout = 120s (custom)
2019-08-23 19:58:39,314 [pool-261-thread-1] INFO  server.RaftServerConfigKeys (ConfUtils.java:logGet(43)) - raft.server.log.purge.gap = 1000000 (custom)
2019-08-23 19:58:39,314 [pool-239-thread-1] INFO  server.RaftServerConfigKeys (ConfUtils.java:logGet(43)) - raft.server.log.use.memory = false (default)
2019-08-23 19:58:39,314 [pool-261-thread-1] INFO  server.RaftServerConfigKeys (ConfUtils.java:logGet(43)) - raft.server.log.appender.buffer.byte-limit = 33554432 (custom)
2019-08-23 19:58:39,314 [pool-250-thread-1] INFO  server.RaftServerConfigKeys (ConfUtils.java:logGet(43)) - raft.server.log.use.memory = false (default)
2019-08-23 19:58:39,314 [pool-261-thread-1] INFO  server.RaftServerConfigKeys (ConfUtils.java:logGet(43)) - raft.server.log.segment.size.max = 1048576 (custom)
2019-08-23 19:58:39,314 [pool-239-thread-1] INFO  server.RaftServerConfigKeys (ConfUtils.java:logGet(43)) - raft.server.log.purge.gap = 1000000 (custom)
2019-08-23 19:58:39,314 [pool-250-thread-1] INFO  server.RaftServerConfigKeys (ConfUtils.java:logGet(43)) - raft.server.log.purge.gap = 1000000 (custom)
2019-08-23 19:58:39,315 [pool-239-thread-1] INFO  server.RaftServerConfigKeys (ConfUtils.java:logGet(43)) - raft.server.log.appender.buffer.byte-limit = 33554432 (custom)
2019-08-23 19:58:39,315 [pool-261-thread-1] INFO  server.RaftServerConfigKeys (ConfUtils.java:logGet(43)) - raft.server.log.segment.cache.num.max = 2 (custom)
2019-08-23 19:58:39,315 [pool-239-thread-1] INFO  server.RaftServerConfigKeys (ConfUtils.java:logGet(43)) - raft.server.log.segment.size.max = 1048576 (custom)
2019-08-23 19:58:39,315 [pool-250-thread-1] INFO  server.RaftServerConfigKeys (ConfUtils.java:logGet(43)) - raft.server.log.appender.buffer.byte-limit = 33554432 (custom)
2019-08-23 19:58:39,315 [pool-261-thread-1] INFO  segmented.SegmentedRaftLogWorker (SegmentedRaftLogWorker.java:<init>(172)) - new 76c40241-e9c3-4a83-8a78-f5858cfc2f67-SegmentedRaftLogWorker:Storage Directory /workdir/hadoop-ozone/ozonefs/target/test-dir/MiniOzoneClusterImpl-fe22ef2d-1048-42e2-b089-b9315fdb5fda/datanode-2/data/ratis/b167ba7c-b620-434e-ad67-0463fddfc8c6 for RaftStorage:Storage Directory /workdir/hadoop-ozone/ozonefs/target/test-dir/MiniOzoneClusterImpl-fe22ef2d-1048-42e2-b089-b9315fdb5fda/datanode-2/data/ratis/b167ba7c-b620-434e-ad67-0463fddfc8c6
2019-08-23 19:58:39,315 [pool-239-thread-1] INFO  server.RaftServerConfigKeys (ConfUtils.java:logGet(43)) - raft.server.log.segment.cache.num.max = 2 (custom)
2019-08-23 19:58:39,316 [pool-250-thread-1] INFO  server.RaftServerConfigKeys (ConfUtils.java:logGet(43)) - raft.server.log.segment.size.max = 1048576 (custom)
2019-08-23 19:58:39,316 [pool-261-thread-1] INFO  server.RaftServerConfigKeys (ConfUtils.java:logGet(43)) - raft.server.log.queue.byte-limit = 2147483647 (custom)
2019-08-23 19:58:39,316 [pool-239-thread-1] INFO  segmented.SegmentedRaftLogWorker (SegmentedRaftLogWorker.java:<init>(172)) - new 39f39e0a-be75-467c-aaf0-77e27bb45711-SegmentedRaftLogWorker:Storage Directory /workdir/hadoop-ozone/ozonefs/target/test-dir/MiniOzoneClusterImpl-fe22ef2d-1048-42e2-b089-b9315fdb5fda/datanode-0/data/ratis/b167ba7c-b620-434e-ad67-0463fddfc8c6 for RaftStorage:Storage Directory /workdir/hadoop-ozone/ozonefs/target/test-dir/MiniOzoneClusterImpl-fe22ef2d-1048-42e2-b089-b9315fdb5fda/datanode-0/data/ratis/b167ba7c-b620-434e-ad67-0463fddfc8c6
2019-08-23 19:58:39,316 [pool-261-thread-1] INFO  server.RaftServerConfigKeys (ConfUtils.java:logGet(43)) - raft.server.log.queue.element-limit = 1024 (custom)
2019-08-23 19:58:39,316 [pool-250-thread-1] INFO  server.RaftServerConfigKeys (ConfUtils.java:logGet(43)) - raft.server.log.segment.cache.num.max = 2 (custom)
2019-08-23 19:58:39,317 [pool-261-thread-1] INFO  server.RaftServerConfigKeys (ConfUtils.java:logGet(43)) - raft.server.log.segment.size.max = 1048576 (custom)
2019-08-23 19:58:39,316 [pool-239-thread-1] INFO  server.RaftServerConfigKeys (ConfUtils.java:logGet(43)) - raft.server.log.queue.byte-limit = 2147483647 (custom)
2019-08-23 19:58:39,317 [pool-261-thread-1] INFO  server.RaftServerConfigKeys (ConfUtils.java:logGet(43)) - raft.server.log.preallocated.size = 16384 (custom)
2019-08-23 19:58:39,317 [pool-250-thread-1] INFO  segmented.SegmentedRaftLogWorker (SegmentedRaftLogWorker.java:<init>(172)) - new e4359d7d-049d-4ed5-b522-e458a01bef8f-SegmentedRaftLogWorker:Storage Directory /workdir/hadoop-ozone/ozonefs/target/test-dir/MiniOzoneClusterImpl-fe22ef2d-1048-42e2-b089-b9315fdb5fda/datanode-1/data/ratis/b167ba7c-b620-434e-ad67-0463fddfc8c6 for RaftStorage:Storage Directory /workdir/hadoop-ozone/ozonefs/target/test-dir/MiniOzoneClusterImpl-fe22ef2d-1048-42e2-b089-b9315fdb5fda/datanode-1/data/ratis/b167ba7c-b620-434e-ad67-0463fddfc8c6
2019-08-23 19:58:39,317 [pool-261-thread-1] INFO  server.RaftServerConfigKeys (ConfUtils.java:logGet(43)) - raft.server.log.write.buffer.size = 33554432 (custom)
2019-08-23 19:58:39,317 [pool-239-thread-1] INFO  server.RaftServerConfigKeys (ConfUtils.java:logGet(43)) - raft.server.log.queue.element-limit = 1024 (custom)
2019-08-23 19:58:39,318 [pool-261-thread-1] INFO  server.RaftServerConfigKeys (ConfUtils.java:logGet(43)) - raft.server.log.force.sync.num = 128 (default)
2019-08-23 19:58:39,317 [pool-250-thread-1] INFO  server.RaftServerConfigKeys (ConfUtils.java:logGet(43)) - raft.server.log.queue.byte-limit = 2147483647 (custom)
2019-08-23 19:58:39,318 [pool-261-thread-1] INFO  server.RaftServerConfigKeys (ConfUtils.java:logGet(43)) - raft.server.log.statemachine.data.sync = true (default)
2019-08-23 19:58:39,318 [pool-261-thread-1] INFO  server.RaftServerConfigKeys (ConfUtils.java:logGet(43)) - raft.server.log.statemachine.data.sync.timeout = 10s (default)
2019-08-23 19:58:39,318 [pool-239-thread-1] INFO  server.RaftServerConfigKeys (ConfUtils.java:logGet(43)) - raft.server.log.segment.size.max = 1048576 (custom)
2019-08-23 19:58:39,318 [pool-261-thread-1] INFO  server.RaftServerConfigKeys (ConfUtils.java:logGet(43)) - raft.server.log.statemachine.data.sync.timeout.retry = -1 (default)
2019-08-23 19:58:39,318 [pool-250-thread-1] INFO  server.RaftServerConfigKeys (ConfUtils.java:logGet(43)) - raft.server.log.queue.element-limit = 1024 (custom)
2019-08-23 19:58:39,319 [pool-261-thread-1] INFO  server.RaftServerConfigKeys (ConfUtils.java:logGet(43)) - raft.server.log.statemachine.data.caching.enabled = true (custom)
2019-08-23 19:58:39,319 [pool-239-thread-1] INFO  server.RaftServerConfigKeys (ConfUtils.java:logGet(43)) - raft.server.log.preallocated.size = 16384 (custom)
2019-08-23 19:58:39,319 [pool-250-thread-1] INFO  server.RaftServerConfigKeys (ConfUtils.java:logGet(43)) - raft.server.log.segment.size.max = 1048576 (custom)
2019-08-23 19:58:39,319 [pool-239-thread-1] INFO  server.RaftServerConfigKeys (ConfUtils.java:logGet(43)) - raft.server.log.write.buffer.size = 33554432 (custom)
2019-08-23 19:58:39,320 [pool-250-thread-1] INFO  server.RaftServerConfigKeys (ConfUtils.java:logGet(43)) - raft.server.log.preallocated.size = 16384 (custom)
2019-08-23 19:58:39,320 [pool-261-thread-1] INFO  segmented.SegmentedRaftLogWorker (SegmentedRaftLogWorker.java:lambda$new$0(132)) - 76c40241-e9c3-4a83-8a78-f5858cfc2f67-SegmentedRaftLogWorker:Storage Directory /workdir/hadoop-ozone/ozonefs/target/test-dir/MiniOzoneClusterImpl-fe22ef2d-1048-42e2-b089-b9315fdb5fda/datanode-2/data/ratis/b167ba7c-b620-434e-ad67-0463fddfc8c6: flushIndex: setUnconditionally 0 -> -1
2019-08-23 19:58:39,320 [pool-250-thread-1] INFO  server.RaftServerConfigKeys (ConfUtils.java:logGet(43)) - raft.server.log.write.buffer.size = 33554432 (custom)
2019-08-23 19:58:39,320 [pool-239-thread-1] INFO  server.RaftServerConfigKeys (ConfUtils.java:logGet(43)) - raft.server.log.force.sync.num = 128 (default)
2019-08-23 19:58:39,320 [pool-250-thread-1] INFO  server.RaftServerConfigKeys (ConfUtils.java:logGet(43)) - raft.server.log.force.sync.num = 128 (default)
2019-08-23 19:58:39,321 [pool-261-thread-1] INFO  server.RaftServerConfigKeys (ConfUtils.java:logGet(43)) - raft.server.snapshot.auto.trigger.enabled = true (custom)
2019-08-23 19:58:39,320 [pool-239-thread-1] INFO  server.RaftServerConfigKeys (ConfUtils.java:logGet(43)) - raft.server.log.statemachine.data.sync = true (default)
2019-08-23 19:58:39,321 [pool-261-thread-1] INFO  server.RaftServerConfigKeys (ConfUtils.java:logGet(43)) - raft.server.snapshot.auto.trigger.threshold = 10000 (custom)
2019-08-23 19:58:39,321 [pool-250-thread-1] INFO  server.RaftServerConfigKeys (ConfUtils.java:logGet(43)) - raft.server.log.statemachine.data.sync = true (default)
2019-08-23 19:58:39,321 [pool-261-thread-1] INFO  server.RaftServerConfigKeys (ConfUtils.java:logGet(43)) - raft.server.retrycache.expirytime = 600000ms (custom)
2019-08-23 19:58:39,321 [pool-239-thread-1] INFO  server.RaftServerConfigKeys (ConfUtils.java:logGet(43)) - raft.server.log.statemachine.data.sync.timeout = 10s (default)
2019-08-23 19:58:39,321 [pool-250-thread-1] INFO  server.RaftServerConfigKeys (ConfUtils.java:logGet(43)) - raft.server.log.statemachine.data.sync.timeout = 10s (default)
2019-08-23 19:58:39,322 [pool-239-thread-1] INFO  server.RaftServerConfigKeys (ConfUtils.java:logGet(43)) - raft.server.log.statemachine.data.sync.timeout.retry = -1 (default)
2019-08-23 19:58:39,322 [pool-261-thread-1] INFO  impl.RaftServerImpl (RaftServerImpl.java:start(180)) - 76c40241-e9c3-4a83-8a78-f5858cfc2f67: start group-0463FDDFC8C6
2019-08-23 19:58:39,322 [pool-239-thread-1] INFO  server.RaftServerConfigKeys (ConfUtils.java:logGet(43)) - raft.server.log.statemachine.data.caching.enabled = true (custom)
2019-08-23 19:58:39,322 [pool-250-thread-1] INFO  server.RaftServerConfigKeys (ConfUtils.java:logGet(43)) - raft.server.log.statemachine.data.sync.timeout.retry = -1 (default)
2019-08-23 19:58:39,322 [pool-261-thread-1] INFO  impl.RaftServerImpl (RaftServerImpl.java:setRole(171)) - 76c40241-e9c3-4a83-8a78-f5858cfc2f67:group-0463FDDFC8C6 changes role from null to FOLLOWER at term 0 for startAsFollower
2019-08-23 19:58:39,322 [pool-250-thread-1] INFO  server.RaftServerConfigKeys (ConfUtils.java:logGet(43)) - raft.server.log.statemachine.data.caching.enabled = true (custom)
2019-08-23 19:58:39,322 [pool-239-thread-1] INFO  segmented.SegmentedRaftLogWorker (SegmentedRaftLogWorker.java:lambda$new$0(132)) - 39f39e0a-be75-467c-aaf0-77e27bb45711-SegmentedRaftLogWorker:Storage Directory /workdir/hadoop-ozone/ozonefs/target/test-dir/MiniOzoneClusterImpl-fe22ef2d-1048-42e2-b089-b9315fdb5fda/datanode-0/data/ratis/b167ba7c-b620-434e-ad67-0463fddfc8c6: flushIndex: setUnconditionally 0 -> -1
2019-08-23 19:58:39,323 [pool-261-thread-1] INFO  impl.RoleInfo (RoleInfo.java:updateAndGet(143)) - 76c40241-e9c3-4a83-8a78-f5858cfc2f67: start FollowerState
2019-08-23 19:58:39,323 [pool-250-thread-1] INFO  segmented.SegmentedRaftLogWorker (SegmentedRaftLogWorker.java:lambda$new$0(132)) - e4359d7d-049d-4ed5-b522-e458a01bef8f-SegmentedRaftLogWorker:Storage Directory /workdir/hadoop-ozone/ozonefs/target/test-dir/MiniOzoneClusterImpl-fe22ef2d-1048-42e2-b089-b9315fdb5fda/datanode-1/data/ratis/b167ba7c-b620-434e-ad67-0463fddfc8c6: flushIndex: setUnconditionally 0 -> -1
2019-08-23 19:58:39,323 [pool-239-thread-1] INFO  server.RaftServerConfigKeys (ConfUtils.java:logGet(43)) - raft.server.snapshot.auto.trigger.enabled = true (custom)
2019-08-23 19:58:39,323 [pool-239-thread-1] INFO  server.RaftServerConfigKeys (ConfUtils.java:logGet(43)) - raft.server.snapshot.auto.trigger.threshold = 10000 (custom)
2019-08-23 19:58:39,323 [pool-250-thread-1] INFO  server.RaftServerConfigKeys (ConfUtils.java:logGet(43)) - raft.server.snapshot.auto.trigger.enabled = true (custom)
2019-08-23 19:58:39,324 [pool-239-thread-1] INFO  server.RaftServerConfigKeys (ConfUtils.java:logGet(43)) - raft.server.retrycache.expirytime = 600000ms (custom)
2019-08-23 19:58:39,323 [pool-261-thread-1] INFO  util.JmxRegister (JmxRegister.java:tryRegister(44)) - Successfully registered JMX Bean with object name Ratis:service=RaftServer,group=group-0463FDDFC8C6,id=76c40241-e9c3-4a83-8a78-f5858cfc2f67
2019-08-23 19:58:39,324 [pool-239-thread-1] INFO  impl.RaftServerImpl (RaftServerImpl.java:start(180)) - 39f39e0a-be75-467c-aaf0-77e27bb45711: start group-0463FDDFC8C6
2019-08-23 19:58:39,324 [pool-239-thread-1] INFO  impl.RaftServerImpl (RaftServerImpl.java:setRole(171)) - 39f39e0a-be75-467c-aaf0-77e27bb45711:group-0463FDDFC8C6 changes role from null to FOLLOWER at term 0 for startAsFollower
2019-08-23 19:58:39,324 [pool-250-thread-1] INFO  server.RaftServerConfigKeys (ConfUtils.java:logGet(43)) - raft.server.snapshot.auto.trigger.threshold = 10000 (custom)
2019-08-23 19:58:39,324 [pool-239-thread-1] INFO  impl.RoleInfo (RoleInfo.java:updateAndGet(143)) - 39f39e0a-be75-467c-aaf0-77e27bb45711: start FollowerState
2019-08-23 19:58:39,324 [pool-250-thread-1] INFO  server.RaftServerConfigKeys (ConfUtils.java:logGet(43)) - raft.server.retrycache.expirytime = 600000ms (custom)
2019-08-23 19:58:39,325 [pool-250-thread-1] INFO  impl.RaftServerImpl (RaftServerImpl.java:start(180)) - e4359d7d-049d-4ed5-b522-e458a01bef8f: start group-0463FDDFC8C6
2019-08-23 19:58:39,325 [pool-239-thread-1] INFO  util.JmxRegister (JmxRegister.java:tryRegister(44)) - Successfully registered JMX Bean with object name Ratis:service=RaftServer,group=group-0463FDDFC8C6,id=39f39e0a-be75-467c-aaf0-77e27bb45711
2019-08-23 19:58:39,325 [pool-250-thread-1] INFO  impl.RaftServerImpl (RaftServerImpl.java:setRole(171)) - e4359d7d-049d-4ed5-b522-e458a01bef8f:group-0463FDDFC8C6 changes role from null to FOLLOWER at term 0 for startAsFollower
2019-08-23 19:58:39,325 [pool-250-thread-1] INFO  impl.RoleInfo (RoleInfo.java:updateAndGet(143)) - e4359d7d-049d-4ed5-b522-e458a01bef8f: start FollowerState
2019-08-23 19:58:39,326 [pool-250-thread-1] INFO  util.JmxRegister (JmxRegister.java:tryRegister(44)) - Successfully registered JMX Bean with object name Ratis:service=RaftServer,group=group-0463FDDFC8C6,id=e4359d7d-049d-4ed5-b522-e458a01bef8f
2019-08-23 19:58:39,335 [RatisPipelineUtilsThread] INFO  pipeline.PipelineStateManager (PipelineStateManager.java:addPipeline(56)) - Created pipeline Pipeline[ Id: b167ba7c-b620-434e-ad67-0463fddfc8c6, Nodes: 76c40241-e9c3-4a83-8a78-f5858cfc2f67{ip: 192.168.36.107, host: pr-hdds-738-bs8cz-951698853, networkLocation: /default-rack, certSerialId: null}39f39e0a-be75-467c-aaf0-77e27bb45711{ip: 192.168.36.107, host: pr-hdds-738-bs8cz-951698853, networkLocation: /default-rack, certSerialId: null}e4359d7d-049d-4ed5-b522-e458a01bef8f{ip: 192.168.36.107, host: pr-hdds-738-bs8cz-951698853, networkLocation: /default-rack, certSerialId: null}, Type:RATIS, Factor:THREE, State:OPEN]
2019-08-23 19:58:40,144 [Thread-876] INFO  ozone.MiniOzoneClusterImpl (MiniOzoneClusterImpl.java:lambda$waitForClusterToBeReady$0(140)) - Cluster is ready. Got 3 of 3 DN Heartbeats.
2019-08-23 19:58:40,179 [Thread-876] INFO  rpc.RpcClient (RpcClient.java:createVolume(293)) - Creating Volume: volume03909, with user81587 as owner.
2019-08-23 19:58:40,182 | INFO  | OMAudit | user=jenkins1000 | ip=127.0.0.1 | op=CREATE_VOLUME {admin=admin32473, owner=user81587, volume=volume03909, creationTime=1566590320181, quotaInBytes=1152921504606846976} | ret=SUCCESS |  
2019-08-23 19:58:40,188 | INFO  | OMAudit | user=jenkins1000 | ip=127.0.0.1 | op=READ_VOLUME {volume=volume03909} | ret=SUCCESS |  
2019-08-23 19:58:40,189 [Thread-876] INFO  rpc.RpcClient (RpcClient.java:createBucket(432)) - Creating Bucket: volume03909/bucket92075, with Versioning false and Storage Type set to DISK and Encryption set to false 
2019-08-23 19:58:40,193 | INFO  | OMAudit | user=jenkins1000 | ip=127.0.0.1 | op=CREATE_BUCKET {volume=volume03909, bucket=bucket92075, acls=[user:jenkins1000:a[ACCESS], group:default:a[ACCESS]], isVersionEnabled=false, storageType=DISK, creationTime=0} | ret=SUCCESS |  
2019-08-23 19:58:40,195 | INFO  | OMAudit | user=jenkins1000 | ip=127.0.0.1 | op=READ_BUCKET {volume=volume03909, bucket=bucket92075} | ret=SUCCESS |  
2019-08-23 19:58:40,208 | INFO  | OMAudit | user=jenkins1000 | ip=127.0.0.1 | op=READ_VOLUME {volume=volume03909} | ret=SUCCESS |  
2019-08-23 19:58:40,210 | INFO  | OMAudit | user=jenkins1000 | ip=127.0.0.1 | op=READ_BUCKET {volume=volume03909, bucket=bucket92075} | ret=SUCCESS |  
2019-08-23 19:58:40,234 | INFO  | SCMAudit | user=jenkins1000 | ip=192.168.36.107 | op=ALLOCATE_BLOCK {owner=1e33e9c9-51a0-4205-bcec-d2ad63d8f07c, size=4194304, type=RATIS, factor=THREE} | ret=SUCCESS |  
2019-08-23 19:58:40,237 | INFO  | OMAudit | user=jenkins1000 | ip=127.0.0.1 | op=CREATE_FILE {volume=volume03909, bucket=bucket92075, key=testCreateDoesNotAddParentDirKeys/parent/child, dataSize=0, replicationType=RATIS, replicationFactor=THREE, keyLocationInfo=null} | ret=SUCCESS |  
2019-08-23 19:58:40,242 | INFO  | OMAudit | user=jenkins1000 | ip=127.0.0.1 | op=COMMIT_KEY {volume=volume03909, bucket=bucket92075, key=testCreateDoesNotAddParentDirKeys/parent/child, dataSize=0, replicationType=null, replicationFactor=null, keyLocationInfo=[], clientID=102668063226724362} | ret=SUCCESS |  
2019-08-23 19:58:40,249 [Thread-876] INFO  ozone.MiniOzoneClusterImpl (MiniOzoneClusterImpl.java:shutdown(307)) - Shutting down the Mini Ozone Cluster
2019-08-23 19:58:40,250 | INFO  | SCMAudit | user=null | ip=null | op=GET_SCM_INFO null | ret=SUCCESS |  
2019-08-23 19:58:40,250 [Thread-876] INFO  ozone.MiniOzoneClusterImpl (MiniOzoneClusterImpl.java:stop(322)) - Stopping the Mini Ozone Cluster
2019-08-23 19:58:40,250 [Thread-876] INFO  ozone.MiniOzoneClusterImpl (MiniOzoneClusterImpl.java:stop(324)) - Stopping the OzoneManager
2019-08-23 19:58:40,250 [Thread-876] INFO  ipc.Server (Server.java:stop(3082)) - Stopping server on 33759
2019-08-23 19:58:40,253 [IPC Server listener on 33759] INFO  ipc.Server (Server.java:run(1185)) - Stopping IPC Server listener on 33759
2019-08-23 19:58:40,253 [Thread-876] INFO  ratis.OzoneManagerDoubleBuffer (OzoneManagerDoubleBuffer.java:stop(248)) - Stopping OMDoubleBuffer flush thread
2019-08-23 19:58:40,254 [IPC Server Responder] INFO  ipc.Server (Server.java:run(1319)) - Stopping IPC Server Responder
2019-08-23 19:58:40,258 [OMDoubleBufferFlushThread] INFO  ratis.OzoneManagerDoubleBuffer (OzoneManagerDoubleBuffer.java:flushTransactions(191)) - OMDoubleBuffer flush thread OMDoubleBufferFlushThread is interrupted and will exit. OMDoubleBufferFlushThread
2019-08-23 19:58:40,259 [Thread-876] INFO  utils.BackgroundService (BackgroundService.java:shutdown(148)) - Shutting down service KeyDeletingService
2019-08-23 19:58:40,260 [Thread-876] INFO  handler.ContextHandler (ContextHandler.java:doStop(910)) - Stopped o.e.j.w.WebAppContext@2845114b{/,null,UNAVAILABLE}{/ozoneManager}
2019-08-23 19:58:40,261 [Thread-876] INFO  server.AbstractConnector (AbstractConnector.java:doStop(318)) - Stopped ServerConnector@4660866{HTTP/1.1,[http/1.1]}{0.0.0.0:0}
2019-08-23 19:58:40,261 [Thread-876] INFO  handler.ContextHandler (ContextHandler.java:doStop(910)) - Stopped o.e.j.s.ServletContextHandler@cd2817c{/static,jar:file:/home/user/.m2/repository/org/apache/hadoop/hadoop-ozone-ozone-manager/0.5.0-SNAPSHOT/hadoop-ozone-ozone-manager-0.5.0-SNAPSHOT.jar!/webapps/static,UNAVAILABLE}
2019-08-23 19:58:40,261 [Thread-876] INFO  handler.ContextHandler (ContextHandler.java:doStop(910)) - Stopped o.e.j.s.ServletContextHandler@7b56eec8{/logs,file:///workdir/hadoop-ozone/ozonefs/target/log,UNAVAILABLE}
2019-08-23 19:58:40,264 [Thread-876] INFO  ozone.MiniOzoneClusterImpl (MiniOzoneClusterImpl.java:stop(330)) - Shutting the HddsDatanodes
2019-08-23 19:58:40,820 [Datanode State Machine Thread - 0] INFO  statemachine.DatanodeStateMachine (DatanodeStateMachine.java:lambda$startDaemon$0(350)) - Ozone container server started.
2019-08-23 19:58:40,895 [Datanode State Machine Thread - 0] INFO  statemachine.DatanodeStateMachine (DatanodeStateMachine.java:lambda$startDaemon$0(350)) - Ozone container server started.
2019-08-23 19:58:41,146 | INFO  | SCMAudit | user=jenkins1000 | ip=192.168.36.107 | op=SEND_HEARTBEAT {datanodeUUID=76c40241-e9c3-4a83-8a78-f5858cfc2f67, command=[]} | ret=SUCCESS |  
2019-08-23 19:58:41,829 [Thread-1048] INFO  container.ReplicationManager (ReplicationManager.java:start(152)) - Starting Replication Monitor Thread.
2019-08-23 19:58:41,832 [ReplicationMonitor] INFO  container.ReplicationManager (ReplicationManager.java:run(215)) - Replication Monitor Thread took 0 milliseconds for processing 1 containers.
2019-08-23 19:58:42,146 | INFO  | SCMAudit | user=jenkins1000 | ip=192.168.36.107 | op=SEND_HEARTBEAT {datanodeUUID=76c40241-e9c3-4a83-8a78-f5858cfc2f67, command=[]} | ret=SUCCESS |  
2019-08-23 19:58:43,147 | INFO  | SCMAudit | user=jenkins1000 | ip=192.168.36.107 | op=SEND_HEARTBEAT {datanodeUUID=76c40241-e9c3-4a83-8a78-f5858cfc2f67, command=[]} | ret=SUCCESS |  
2019-08-23 19:58:43,972 [Thread-1053] INFO  impl.FollowerState (FollowerState.java:run(106)) - e4359d7d-049d-4ed5-b522-e458a01bef8f:group-7425B6E310CA changes to CANDIDATE, lastRpcTime:5011, electionTimeout:5011ms
2019-08-23 19:58:43,973 [Thread-1053] INFO  impl.RoleInfo (RoleInfo.java:shutdownFollowerState(121)) - e4359d7d-049d-4ed5-b522-e458a01bef8f: shutdown FollowerState
2019-08-23 19:58:43,973 [Thread-1053] INFO  impl.RaftServerImpl (RaftServerImpl.java:setRole(171)) - e4359d7d-049d-4ed5-b522-e458a01bef8f:group-7425B6E310CA changes role from FOLLOWER to CANDIDATE at term 0 for changeToCandidate
2019-08-23 19:58:43,973 [Thread-1053] INFO  impl.RoleInfo (RoleInfo.java:updateAndGet(143)) - e4359d7d-049d-4ed5-b522-e458a01bef8f: start LeaderElection
2019-08-23 19:58:44,013 [e4359d7d-049d-4ed5-b522-e458a01bef8f:group-7425B6E310CA:LeaderElection27] INFO  impl.LeaderElection (LeaderElection.java:askForVotes(181)) - e4359d7d-049d-4ed5-b522-e458a01bef8f:group-7425B6E310CA:LeaderElection27: begin an election at term 1 for -1: [e4359d7d-049d-4ed5-b522-e458a01bef8f:192.168.36.107:32869], old=null
2019-08-23 19:58:44,014 [e4359d7d-049d-4ed5-b522-e458a01bef8f:group-7425B6E310CA:LeaderElection27] INFO  impl.RoleInfo (RoleInfo.java:shutdownLeaderElection(134)) - e4359d7d-049d-4ed5-b522-e458a01bef8f: shutdown LeaderElection
2019-08-23 19:58:44,014 [e4359d7d-049d-4ed5-b522-e458a01bef8f:group-7425B6E310CA:LeaderElection27] INFO  impl.RaftServerImpl (RaftServerImpl.java:setRole(171)) - e4359d7d-049d-4ed5-b522-e458a01bef8f:group-7425B6E310CA changes role from CANDIDATE to LEADER at term 1 for changeToLeader
2019-08-23 19:58:44,014 [e4359d7d-049d-4ed5-b522-e458a01bef8f:group-7425B6E310CA:LeaderElection27] INFO  impl.RaftServerImpl (ServerState.java:setLeader(263)) - e4359d7d-049d-4ed5-b522-e458a01bef8f:group-7425B6E310CA change Leader from null to e4359d7d-049d-4ed5-b522-e458a01bef8f at term 1 for becomeLeader, leader elected after 5058ms
2019-08-23 19:58:44,015 [e4359d7d-049d-4ed5-b522-e458a01bef8f:group-7425B6E310CA:LeaderElection27] INFO  server.RaftServerConfigKeys (ConfUtils.java:logGet(43)) - raft.server.staging.catchup.gap = 1000 (default)
2019-08-23 19:58:44,015 [e4359d7d-049d-4ed5-b522-e458a01bef8f:group-7425B6E310CA:LeaderElection27] INFO  server.RaftServerConfigKeys (ConfUtils.java:logGet(43)) - raft.server.rpc.sleep.time = 25ms (default)
2019-08-23 19:58:44,016 [e4359d7d-049d-4ed5-b522-e458a01bef8f:group-7425B6E310CA:LeaderElection27] INFO  server.RaftServerConfigKeys (ConfUtils.java:logGet(43)) - raft.server.write.element-limit = 4096 (default)
2019-08-23 19:58:44,016 [e4359d7d-049d-4ed5-b522-e458a01bef8f:group-7425B6E310CA:LeaderElection27] INFO  server.RaftServerConfigKeys (ConfUtils.java:logGet(43)) - raft.server.watch.timeout = 10s (default)
2019-08-23 19:58:44,016 [e4359d7d-049d-4ed5-b522-e458a01bef8f:group-7425B6E310CA:LeaderElection27] INFO  server.RaftServerConfigKeys (ConfUtils.java:logGet(43)) - raft.server.watch.timeout.denomination = 1s (default)
2019-08-23 19:58:44,016 [e4359d7d-049d-4ed5-b522-e458a01bef8f:group-7425B6E310CA:LeaderElection27] INFO  server.RaftServerConfigKeys (ConfUtils.java:logGet(43)) - raft.server.watch.element-limit = 65536 (default)
2019-08-23 19:58:44,017 [e4359d7d-049d-4ed5-b522-e458a01bef8f:group-7425B6E310CA:LeaderElection27] INFO  impl.RoleInfo (RoleInfo.java:updateAndGet(143)) - e4359d7d-049d-4ed5-b522-e458a01bef8f: start LeaderState
2019-08-23 19:58:44,017 [e4359d7d-049d-4ed5-b522-e458a01bef8f:group-7425B6E310CA:LeaderElection27] INFO  segmented.SegmentedRaftLogWorker (SegmentedRaftLogWorker.java:startLogSegment(380)) - e4359d7d-049d-4ed5-b522-e458a01bef8f-SegmentedRaftLogWorker:Storage Directory /workdir/hadoop-ozone/ozonefs/target/test-dir/MiniOzoneClusterImpl-fe22ef2d-1048-42e2-b089-b9315fdb5fda/datanode-1/data/ratis/37cb051e-283f-4679-81dd-7425b6e310ca: Starting segment from index:0
2019-08-23 19:58:44,018 [e4359d7d-049d-4ed5-b522-e458a01bef8f:group-7425B6E310CA:LeaderElection27] INFO  impl.RaftServerImpl (ServerState.java:setRaftConf(361)) - e4359d7d-049d-4ed5-b522-e458a01bef8f:group-7425B6E310CA set configuration 0: [e4359d7d-049d-4ed5-b522-e458a01bef8f:192.168.36.107:32869], old=null at 0
2019-08-23 19:58:44,080 [e4359d7d-049d-4ed5-b522-e458a01bef8f-SegmentedRaftLogWorker:Storage Directory /workdir/hadoop-ozone/ozonefs/target/test-dir/MiniOzoneClusterImpl-fe22ef2d-1048-42e2-b089-b9315fdb5fda/datanode-1/data/ratis/37cb051e-283f-4679-81dd-7425b6e310ca] INFO  segmented.SegmentedRaftLogWorker (SegmentedRaftLogWorker.java:execute(569)) - e4359d7d-049d-4ed5-b522-e458a01bef8f-SegmentedRaftLogWorker:Storage Directory /workdir/hadoop-ozone/ozonefs/target/test-dir/MiniOzoneClusterImpl-fe22ef2d-1048-42e2-b089-b9315fdb5fda/datanode-1/data/ratis/37cb051e-283f-4679-81dd-7425b6e310ca: created new log segment /workdir/hadoop-ozone/ozonefs/target/test-dir/MiniOzoneClusterImpl-fe22ef2d-1048-42e2-b089-b9315fdb5fda/datanode-1/data/ratis/37cb051e-283f-4679-81dd-7425b6e310ca/current/log_inprogress_0
2019-08-23 19:58:44,086 [Thread-1050] INFO  impl.FollowerState (FollowerState.java:run(106)) - 39f39e0a-be75-467c-aaf0-77e27bb45711:group-FCBD2F61E1EF changes to CANDIDATE, lastRpcTime:5194, electionTimeout:5194ms
2019-08-23 19:58:44,086 [Thread-1050] INFO  impl.RoleInfo (RoleInfo.java:shutdownFollowerState(121)) - 39f39e0a-be75-467c-aaf0-77e27bb45711: shutdown FollowerState
2019-08-23 19:58:44,086 [Thread-1050] INFO  impl.RaftServerImpl (RaftServerImpl.java:setRole(171)) - 39f39e0a-be75-467c-aaf0-77e27bb45711:group-FCBD2F61E1EF changes role from FOLLOWER to CANDIDATE at term 0 for changeToCandidate
2019-08-23 19:58:44,086 [Thread-1050] INFO  impl.RoleInfo (RoleInfo.java:updateAndGet(143)) - 39f39e0a-be75-467c-aaf0-77e27bb45711: start LeaderElection
2019-08-23 19:58:44,105 [39f39e0a-be75-467c-aaf0-77e27bb45711:group-FCBD2F61E1EF:LeaderElection28] INFO  impl.LeaderElection (LeaderElection.java:askForVotes(181)) - 39f39e0a-be75-467c-aaf0-77e27bb45711:group-FCBD2F61E1EF:LeaderElection28: begin an election at term 1 for -1: [39f39e0a-be75-467c-aaf0-77e27bb45711:192.168.36.107:39690], old=null
2019-08-23 19:58:44,106 [39f39e0a-be75-467c-aaf0-77e27bb45711:group-FCBD2F61E1EF:LeaderElection28] INFO  impl.RoleInfo (RoleInfo.java:shutdownLeaderElection(134)) - 39f39e0a-be75-467c-aaf0-77e27bb45711: shutdown LeaderElection
2019-08-23 19:58:44,106 [39f39e0a-be75-467c-aaf0-77e27bb45711:group-FCBD2F61E1EF:LeaderElection28] INFO  impl.RaftServerImpl (RaftServerImpl.java:setRole(171)) - 39f39e0a-be75-467c-aaf0-77e27bb45711:group-FCBD2F61E1EF changes role from CANDIDATE to LEADER at term 1 for changeToLeader
2019-08-23 19:58:44,106 [39f39e0a-be75-467c-aaf0-77e27bb45711:group-FCBD2F61E1EF:LeaderElection28] INFO  impl.RaftServerImpl (ServerState.java:setLeader(263)) - 39f39e0a-be75-467c-aaf0-77e27bb45711:group-FCBD2F61E1EF change Leader from null to 39f39e0a-be75-467c-aaf0-77e27bb45711 at term 1 for becomeLeader, leader elected after 5218ms
2019-08-23 19:58:44,106 [39f39e0a-be75-467c-aaf0-77e27bb45711:group-FCBD2F61E1EF:LeaderElection28] INFO  server.RaftServerConfigKeys (ConfUtils.java:logGet(43)) - raft.server.staging.catchup.gap = 1000 (default)
2019-08-23 19:58:44,106 [39f39e0a-be75-467c-aaf0-77e27bb45711:group-FCBD2F61E1EF:LeaderElection28] INFO  server.RaftServerConfigKeys (ConfUtils.java:logGet(43)) - raft.server.rpc.sleep.time = 25ms (default)
2019-08-23 19:58:44,106 [39f39e0a-be75-467c-aaf0-77e27bb45711:group-FCBD2F61E1EF:LeaderElection28] INFO  server.RaftServerConfigKeys (ConfUtils.java:logGet(43)) - raft.server.write.element-limit = 4096 (default)
2019-08-23 19:58:44,107 [39f39e0a-be75-467c-aaf0-77e27bb45711:group-FCBD2F61E1EF:LeaderElection28] INFO  server.RaftServerConfigKeys (ConfUtils.java:logGet(43)) - raft.server.watch.timeout = 10s (default)
2019-08-23 19:58:44,107 [39f39e0a-be75-467c-aaf0-77e27bb45711:group-FCBD2F61E1EF:LeaderElection28] INFO  server.RaftServerConfigKeys (ConfUtils.java:logGet(43)) - raft.server.watch.timeout.denomination = 1s (default)
2019-08-23 19:58:44,107 [39f39e0a-be75-467c-aaf0-77e27bb45711:group-FCBD2F61E1EF:LeaderElection28] INFO  server.RaftServerConfigKeys (ConfUtils.java:logGet(43)) - raft.server.watch.element-limit = 65536 (default)
2019-08-23 19:58:44,107 [39f39e0a-be75-467c-aaf0-77e27bb45711:group-FCBD2F61E1EF:LeaderElection28] INFO  impl.RoleInfo (RoleInfo.java:updateAndGet(143)) - 39f39e0a-be75-467c-aaf0-77e27bb45711: start LeaderState
2019-08-23 19:58:44,108 [39f39e0a-be75-467c-aaf0-77e27bb45711:group-FCBD2F61E1EF:LeaderElection28] INFO  segmented.SegmentedRaftLogWorker (SegmentedRaftLogWorker.java:startLogSegment(380)) - 39f39e0a-be75-467c-aaf0-77e27bb45711-SegmentedRaftLogWorker:Storage Directory /workdir/hadoop-ozone/ozonefs/target/test-dir/MiniOzoneClusterImpl-fe22ef2d-1048-42e2-b089-b9315fdb5fda/datanode-0/data/ratis/346a1d1a-c90c-42c3-b9dd-fcbd2f61e1ef: Starting segment from index:0
2019-08-23 19:58:44,108 [39f39e0a-be75-467c-aaf0-77e27bb45711:group-FCBD2F61E1EF:LeaderElection28] INFO  impl.RaftServerImpl (ServerState.java:setRaftConf(361)) - 39f39e0a-be75-467c-aaf0-77e27bb45711:group-FCBD2F61E1EF set configuration 0: [39f39e0a-be75-467c-aaf0-77e27bb45711:192.168.36.107:39690], old=null at 0
2019-08-23 19:58:44,146 | INFO  | SCMAudit | user=jenkins1000 | ip=192.168.36.107 | op=SEND_HEARTBEAT {datanodeUUID=76c40241-e9c3-4a83-8a78-f5858cfc2f67, command=[]} | ret=SUCCESS |  
2019-08-23 19:58:44,164 [39f39e0a-be75-467c-aaf0-77e27bb45711-SegmentedRaftLogWorker:Storage Directory /workdir/hadoop-ozone/ozonefs/target/test-dir/MiniOzoneClusterImpl-fe22ef2d-1048-42e2-b089-b9315fdb5fda/datanode-0/data/ratis/346a1d1a-c90c-42c3-b9dd-fcbd2f61e1ef] INFO  segmented.SegmentedRaftLogWorker (SegmentedRaftLogWorker.java:execute(569)) - 39f39e0a-be75-467c-aaf0-77e27bb45711-SegmentedRaftLogWorker:Storage Directory /workdir/hadoop-ozone/ozonefs/target/test-dir/MiniOzoneClusterImpl-fe22ef2d-1048-42e2-b089-b9315fdb5fda/datanode-0/data/ratis/346a1d1a-c90c-42c3-b9dd-fcbd2f61e1ef: created new log segment /workdir/hadoop-ozone/ozonefs/target/test-dir/MiniOzoneClusterImpl-fe22ef2d-1048-42e2-b089-b9315fdb5fda/datanode-0/data/ratis/346a1d1a-c90c-42c3-b9dd-fcbd2f61e1ef/current/log_inprogress_0
2019-08-23 19:58:44,242 [Thread-1056] INFO  impl.FollowerState (FollowerState.java:run(106)) - 76c40241-e9c3-4a83-8a78-f5858cfc2f67:group-665300840204 changes to CANDIDATE, lastRpcTime:5022, electionTimeout:5022ms
2019-08-23 19:58:44,243 [Thread-1056] INFO  impl.RoleInfo (RoleInfo.java:shutdownFollowerState(121)) - 76c40241-e9c3-4a83-8a78-f5858cfc2f67: shutdown FollowerState
2019-08-23 19:58:44,243 [Thread-1056] INFO  impl.RaftServerImpl (RaftServerImpl.java:setRole(171)) - 76c40241-e9c3-4a83-8a78-f5858cfc2f67:group-665300840204 changes role from FOLLOWER to CANDIDATE at term 0 for changeToCandidate
2019-08-23 19:58:44,243 [Thread-1056] INFO  impl.RoleInfo (RoleInfo.java:updateAndGet(143)) - 76c40241-e9c3-4a83-8a78-f5858cfc2f67: start LeaderElection
2019-08-23 19:58:44,273 [76c40241-e9c3-4a83-8a78-f5858cfc2f67:group-665300840204:LeaderElection29] INFO  impl.LeaderElection (LeaderElection.java:askForVotes(181)) - 76c40241-e9c3-4a83-8a78-f5858cfc2f67:group-665300840204:LeaderElection29: begin an election at term 1 for -1: [76c40241-e9c3-4a83-8a78-f5858cfc2f67:192.168.36.107:34295], old=null
2019-08-23 19:58:44,273 [76c40241-e9c3-4a83-8a78-f5858cfc2f67:group-665300840204:LeaderElection29] INFO  impl.RoleInfo (RoleInfo.java:shutdownLeaderElection(134)) - 76c40241-e9c3-4a83-8a78-f5858cfc2f67: shutdown LeaderElection
2019-08-23 19:58:44,273 [76c40241-e9c3-4a83-8a78-f5858cfc2f67:group-665300840204:LeaderElection29] INFO  impl.RaftServerImpl (RaftServerImpl.java:setRole(171)) - 76c40241-e9c3-4a83-8a78-f5858cfc2f67:group-665300840204 changes role from CANDIDATE to LEADER at term 1 for changeToLeader
2019-08-23 19:58:44,273 [76c40241-e9c3-4a83-8a78-f5858cfc2f67:group-665300840204:LeaderElection29] INFO  impl.RaftServerImpl (ServerState.java:setLeader(263)) - 76c40241-e9c3-4a83-8a78-f5858cfc2f67:group-665300840204 change Leader from null to 76c40241-e9c3-4a83-8a78-f5858cfc2f67 at term 1 for becomeLeader, leader elected after 5058ms
2019-08-23 19:58:44,274 [76c40241-e9c3-4a83-8a78-f5858cfc2f67:group-665300840204:LeaderElection29] INFO  server.RaftServerConfigKeys (ConfUtils.java:logGet(43)) - raft.server.staging.catchup.gap = 1000 (default)
2019-08-23 19:58:44,274 [76c40241-e9c3-4a83-8a78-f5858cfc2f67:group-665300840204:LeaderElection29] INFO  server.RaftServerConfigKeys (ConfUtils.java:logGet(43)) - raft.server.rpc.sleep.time = 25ms (default)
2019-08-23 19:58:44,274 [76c40241-e9c3-4a83-8a78-f5858cfc2f67:group-665300840204:LeaderElection29] INFO  server.RaftServerConfigKeys (ConfUtils.java:logGet(43)) - raft.server.write.element-limit = 4096 (default)
2019-08-23 19:58:44,274 [76c40241-e9c3-4a83-8a78-f5858cfc2f67:group-665300840204:LeaderElection29] INFO  server.RaftServerConfigKeys (ConfUtils.java:logGet(43)) - raft.server.watch.timeout = 10s (default)
2019-08-23 19:58:44,274 [76c40241-e9c3-4a83-8a78-f5858cfc2f67:group-665300840204:LeaderElection29] INFO  server.RaftServerConfigKeys (ConfUtils.java:logGet(43)) - raft.server.watch.timeout.denomination = 1s (default)
2019-08-23 19:58:44,275 [76c40241-e9c3-4a83-8a78-f5858cfc2f67:group-665300840204:LeaderElection29] INFO  server.RaftServerConfigKeys (ConfUtils.java:logGet(43)) - raft.server.watch.element-limit = 65536 (default)
2019-08-23 19:58:44,275 [76c40241-e9c3-4a83-8a78-f5858cfc2f67:group-665300840204:LeaderElection29] INFO  impl.RoleInfo (RoleInfo.java:updateAndGet(143)) - 76c40241-e9c3-4a83-8a78-f5858cfc2f67: start LeaderState
2019-08-23 19:58:44,275 [76c40241-e9c3-4a83-8a78-f5858cfc2f67:group-665300840204:LeaderElection29] INFO  segmented.SegmentedRaftLogWorker (SegmentedRaftLogWorker.java:startLogSegment(380)) - 76c40241-e9c3-4a83-8a78-f5858cfc2f67-SegmentedRaftLogWorker:Storage Directory /workdir/hadoop-ozone/ozonefs/target/test-dir/MiniOzoneClusterImpl-fe22ef2d-1048-42e2-b089-b9315fdb5fda/datanode-2/data/ratis/8c0a8a03-f78a-410d-b35a-665300840204: Starting segment from index:0
2019-08-23 19:58:44,276 [76c40241-e9c3-4a83-8a78-f5858cfc2f67:group-665300840204:LeaderElection29] INFO  impl.RaftServerImpl (ServerState.java:setRaftConf(361)) - 76c40241-e9c3-4a83-8a78-f5858cfc2f67:group-665300840204 set configuration 0: [76c40241-e9c3-4a83-8a78-f5858cfc2f67:192.168.36.107:34295], old=null at 0
2019-08-23 19:58:44,331 [76c40241-e9c3-4a83-8a78-f5858cfc2f67-SegmentedRaftLogWorker:Storage Directory /workdir/hadoop-ozone/ozonefs/target/test-dir/MiniOzoneClusterImpl-fe22ef2d-1048-42e2-b089-b9315fdb5fda/datanode-2/data/ratis/8c0a8a03-f78a-410d-b35a-665300840204] INFO  segmented.SegmentedRaftLogWorker (SegmentedRaftLogWorker.java:execute(569)) - 76c40241-e9c3-4a83-8a78-f5858cfc2f67-SegmentedRaftLogWorker:Storage Directory /workdir/hadoop-ozone/ozonefs/target/test-dir/MiniOzoneClusterImpl-fe22ef2d-1048-42e2-b089-b9315fdb5fda/datanode-2/data/ratis/8c0a8a03-f78a-410d-b35a-665300840204: created new log segment /workdir/hadoop-ozone/ozonefs/target/test-dir/MiniOzoneClusterImpl-fe22ef2d-1048-42e2-b089-b9315fdb5fda/datanode-2/data/ratis/8c0a8a03-f78a-410d-b35a-665300840204/current/log_inprogress_0
2019-08-23 19:58:44,412 [Thread-1059] INFO  impl.FollowerState (FollowerState.java:run(106)) - 76c40241-e9c3-4a83-8a78-f5858cfc2f67:group-0463FDDFC8C6 changes to CANDIDATE, lastRpcTime:5089, electionTimeout:5089ms
2019-08-23 19:58:44,413 [Thread-1059] INFO  impl.RoleInfo (RoleInfo.java:shutdownFollowerState(121)) - 76c40241-e9c3-4a83-8a78-f5858cfc2f67: shutdown FollowerState
2019-08-23 19:58:44,413 [Thread-1059] INFO  impl.RaftServerImpl (RaftServerImpl.java:setRole(171)) - 76c40241-e9c3-4a83-8a78-f5858cfc2f67:group-0463FDDFC8C6 changes role from FOLLOWER to CANDIDATE at term 0 for changeToCandidate
2019-08-23 19:58:44,413 [Thread-1059] INFO  impl.RoleInfo (RoleInfo.java:updateAndGet(143)) - 76c40241-e9c3-4a83-8a78-f5858cfc2f67: start LeaderElection
2019-08-23 19:58:44,432 [Thread-1061] INFO  impl.FollowerState (FollowerState.java:run(106)) - 39f39e0a-be75-467c-aaf0-77e27bb45711:group-0463FDDFC8C6 changes to CANDIDATE, lastRpcTime:5107, electionTimeout:5107ms
2019-08-23 19:58:44,432 [Thread-1061] INFO  impl.RoleInfo (RoleInfo.java:shutdownFollowerState(121)) - 39f39e0a-be75-467c-aaf0-77e27bb45711: shutdown FollowerState
2019-08-23 19:58:44,432 [Thread-1061] INFO  impl.RaftServerImpl (RaftServerImpl.java:setRole(171)) - 39f39e0a-be75-467c-aaf0-77e27bb45711:group-0463FDDFC8C6 changes role from FOLLOWER to CANDIDATE at term 0 for changeToCandidate
2019-08-23 19:58:44,432 [Thread-1061] INFO  impl.RoleInfo (RoleInfo.java:updateAndGet(143)) - 39f39e0a-be75-467c-aaf0-77e27bb45711: start LeaderElection
2019-08-23 19:58:44,440 [76c40241-e9c3-4a83-8a78-f5858cfc2f67:group-0463FDDFC8C6:LeaderElection30] INFO  impl.LeaderElection (LeaderElection.java:askForVotes(181)) - 76c40241-e9c3-4a83-8a78-f5858cfc2f67:group-0463FDDFC8C6:LeaderElection30: begin an election at term 1 for -1: [76c40241-e9c3-4a83-8a78-f5858cfc2f67:192.168.36.107:34295, 39f39e0a-be75-467c-aaf0-77e27bb45711:192.168.36.107:39690, e4359d7d-049d-4ed5-b522-e458a01bef8f:192.168.36.107:32869], old=null
2019-08-23 19:58:44,461 [grpc-default-executor-2] INFO  impl.RaftServerImpl (RaftServerImpl.java:setRole(171)) - e4359d7d-049d-4ed5-b522-e458a01bef8f:group-0463FDDFC8C6 changes role from FOLLOWER to FOLLOWER at term 1 for recognizeCandidate:76c40241-e9c3-4a83-8a78-f5858cfc2f67
2019-08-23 19:58:44,461 [grpc-default-executor-2] INFO  impl.RoleInfo (RoleInfo.java:shutdownFollowerState(121)) - e4359d7d-049d-4ed5-b522-e458a01bef8f: shutdown FollowerState
2019-08-23 19:58:44,461 [grpc-default-executor-2] INFO  impl.RoleInfo (RoleInfo.java:updateAndGet(143)) - e4359d7d-049d-4ed5-b522-e458a01bef8f: start FollowerState
2019-08-23 19:58:44,466 [39f39e0a-be75-467c-aaf0-77e27bb45711:group-0463FDDFC8C6:LeaderElection31] INFO  impl.LeaderElection (LeaderElection.java:askForVotes(181)) - 39f39e0a-be75-467c-aaf0-77e27bb45711:group-0463FDDFC8C6:LeaderElection31: begin an election at term 1 for -1: [76c40241-e9c3-4a83-8a78-f5858cfc2f67:192.168.36.107:34295, 39f39e0a-be75-467c-aaf0-77e27bb45711:192.168.36.107:39690, e4359d7d-049d-4ed5-b522-e458a01bef8f:192.168.36.107:32869], old=null
2019-08-23 19:58:44,486 [39f39e0a-be75-467c-aaf0-77e27bb45711:group-0463FDDFC8C6:LeaderElection31] INFO  impl.LeaderElection (LeaderElection.java:logAndReturn(56)) - 39f39e0a-be75-467c-aaf0-77e27bb45711:group-0463FDDFC8C6:LeaderElection31: Election REJECTED; received 2 response(s) [39f39e0a-be75-467c-aaf0-77e27bb45711<-76c40241-e9c3-4a83-8a78-f5858cfc2f67#0:FAIL-t1, 39f39e0a-be75-467c-aaf0-77e27bb45711<-e4359d7d-049d-4ed5-b522-e458a01bef8f#0:FAIL-t1] and 0 exception(s); 39f39e0a-be75-467c-aaf0-77e27bb45711:t1, leader=null, voted=39f39e0a-be75-467c-aaf0-77e27bb45711, raftlog=39f39e0a-be75-467c-aaf0-77e27bb45711-SegmentedRaftLog:OPENED:c-1,f-1,i0, conf=-1: [76c40241-e9c3-4a83-8a78-f5858cfc2f67:192.168.36.107:34295, 39f39e0a-be75-467c-aaf0-77e27bb45711:192.168.36.107:39690, e4359d7d-049d-4ed5-b522-e458a01bef8f:192.168.36.107:32869], old=null
2019-08-23 19:58:44,486 [39f39e0a-be75-467c-aaf0-77e27bb45711:group-0463FDDFC8C6:LeaderElection31] INFO  impl.RaftServerImpl (RaftServerImpl.java:setRole(171)) - 39f39e0a-be75-467c-aaf0-77e27bb45711:group-0463FDDFC8C6 changes role from CANDIDATE to FOLLOWER at term 1 for DISCOVERED_A_NEW_TERM
2019-08-23 19:58:44,487 [39f39e0a-be75-467c-aaf0-77e27bb45711:group-0463FDDFC8C6:LeaderElection31] INFO  impl.RoleInfo (RoleInfo.java:shutdownLeaderElection(134)) - 39f39e0a-be75-467c-aaf0-77e27bb45711: shutdown LeaderElection
2019-08-23 19:58:44,487 [39f39e0a-be75-467c-aaf0-77e27bb45711:group-0463FDDFC8C6:LeaderElection31] INFO  impl.RoleInfo (RoleInfo.java:updateAndGet(143)) - 39f39e0a-be75-467c-aaf0-77e27bb45711: start FollowerState
2019-08-23 19:58:44,487 [76c40241-e9c3-4a83-8a78-f5858cfc2f67:group-0463FDDFC8C6:LeaderElection30] INFO  impl.LeaderElection (LeaderElection.java:logAndReturn(56)) - 76c40241-e9c3-4a83-8a78-f5858cfc2f67:group-0463FDDFC8C6:LeaderElection30: Election PASSED; received 2 response(s) [76c40241-e9c3-4a83-8a78-f5858cfc2f67<-39f39e0a-be75-467c-aaf0-77e27bb45711#0:FAIL-t1, 76c40241-e9c3-4a83-8a78-f5858cfc2f67<-e4359d7d-049d-4ed5-b522-e458a01bef8f#0:OK-t1] and 0 exception(s); 76c40241-e9c3-4a83-8a78-f5858cfc2f67:t1, leader=null, voted=76c40241-e9c3-4a83-8a78-f5858cfc2f67, raftlog=76c40241-e9c3-4a83-8a78-f5858cfc2f67-SegmentedRaftLog:OPENED:c-1,f-1,i0, conf=-1: [76c40241-e9c3-4a83-8a78-f5858cfc2f67:192.168.36.107:34295, 39f39e0a-be75-467c-aaf0-77e27bb45711:192.168.36.107:39690, e4359d7d-049d-4ed5-b522-e458a01bef8f:192.168.36.107:32869], old=null
2019-08-23 19:58:44,487 [76c40241-e9c3-4a83-8a78-f5858cfc2f67:group-0463FDDFC8C6:LeaderElection30] INFO  impl.RoleInfo (RoleInfo.java:shutdownLeaderElection(134)) - 76c40241-e9c3-4a83-8a78-f5858cfc2f67: shutdown LeaderElection
2019-08-23 19:58:44,487 [76c40241-e9c3-4a83-8a78-f5858cfc2f67:group-0463FDDFC8C6:LeaderElection30] INFO  impl.RaftServerImpl (RaftServerImpl.java:setRole(171)) - 76c40241-e9c3-4a83-8a78-f5858cfc2f67:group-0463FDDFC8C6 changes role from CANDIDATE to LEADER at term 1 for changeToLeader
2019-08-23 19:58:44,487 [76c40241-e9c3-4a83-8a78-f5858cfc2f67:group-0463FDDFC8C6:LeaderElection30] INFO  impl.RaftServerImpl (ServerState.java:setLeader(263)) - 76c40241-e9c3-4a83-8a78-f5858cfc2f67:group-0463FDDFC8C6 change Leader from null to 76c40241-e9c3-4a83-8a78-f5858cfc2f67 at term 1 for becomeLeader, leader elected after 5174ms
2019-08-23 19:58:44,488 [76c40241-e9c3-4a83-8a78-f5858cfc2f67:group-0463FDDFC8C6:LeaderElection30] INFO  server.RaftServerConfigKeys (ConfUtils.java:logGet(43)) - raft.server.staging.catchup.gap = 1000 (default)
2019-08-23 19:58:44,488 [76c40241-e9c3-4a83-8a78-f5858cfc2f67:group-0463FDDFC8C6:LeaderElection30] INFO  server.RaftServerConfigKeys (ConfUtils.java:logGet(43)) - raft.server.rpc.sleep.time = 25ms (default)
2019-08-23 19:58:44,488 [76c40241-e9c3-4a83-8a78-f5858cfc2f67:group-0463FDDFC8C6:LeaderElection30] INFO  server.RaftServerConfigKeys (ConfUtils.java:logGet(43)) - raft.server.write.element-limit = 4096 (default)
2019-08-23 19:58:44,488 [76c40241-e9c3-4a83-8a78-f5858cfc2f67:group-0463FDDFC8C6:LeaderElection30] INFO  server.RaftServerConfigKeys (ConfUtils.java:logGet(43)) - raft.server.watch.timeout = 10s (default)
2019-08-23 19:58:44,488 [76c40241-e9c3-4a83-8a78-f5858cfc2f67:group-0463FDDFC8C6:LeaderElection30] INFO  server.RaftServerConfigKeys (ConfUtils.java:logGet(43)) - raft.server.watch.timeout.denomination = 1s (default)
2019-08-23 19:58:44,489 [76c40241-e9c3-4a83-8a78-f5858cfc2f67:group-0463FDDFC8C6:LeaderElection30] INFO  server.RaftServerConfigKeys (ConfUtils.java:logGet(43)) - raft.server.watch.element-limit = 65536 (default)
2019-08-23 19:58:44,489 [76c40241-e9c3-4a83-8a78-f5858cfc2f67:group-0463FDDFC8C6:LeaderElection30] INFO  server.RaftServerConfigKeys (ConfUtils.java:logGet(43)) - raft.server.log.appender.snapshot.chunk.size.max = 16MB (=16777216) (default)
2019-08-23 19:58:44,490 [76c40241-e9c3-4a83-8a78-f5858cfc2f67:group-0463FDDFC8C6:LeaderElection30] INFO  server.RaftServerConfigKeys (ConfUtils.java:logGet(43)) - raft.server.log.appender.buffer.byte-limit = 33554432 (custom)
2019-08-23 19:58:44,490 [76c40241-e9c3-4a83-8a78-f5858cfc2f67:group-0463FDDFC8C6:LeaderElection30] INFO  server.RaftServerConfigKeys (ConfUtils.java:logGet(43)) - raft.server.log.appender.buffer.element-limit = 1 (custom)
2019-08-23 19:58:44,490 [76c40241-e9c3-4a83-8a78-f5858cfc2f67:group-0463FDDFC8C6:LeaderElection30] INFO  grpc.GrpcConfigKeys$Server (ConfUtils.java:logGet(43)) - raft.grpc.server.leader.outstanding.appends.max = 128 (default)
2019-08-23 19:58:44,490 [76c40241-e9c3-4a83-8a78-f5858cfc2f67:group-0463FDDFC8C6:LeaderElection30] INFO  server.RaftServerConfigKeys (ConfUtils.java:logGet(43)) - raft.server.rpc.request.timeout = 3000ms (default)
2019-08-23 19:58:44,491 [76c40241-e9c3-4a83-8a78-f5858cfc2f67:group-0463FDDFC8C6:LeaderElection30] INFO  server.RaftServerConfigKeys (ConfUtils.java:logGet(43)) - raft.server.log.appender.install.snapshot.enabled = false (custom)
2019-08-23 19:58:44,491 [76c40241-e9c3-4a83-8a78-f5858cfc2f67:group-0463FDDFC8C6:LeaderElection30] INFO  server.RaftServerConfigKeys (ConfUtils.java:logGet(43)) - raft.server.log.appender.snapshot.chunk.size.max = 16MB (=16777216) (default)
2019-08-23 19:58:44,491 [76c40241-e9c3-4a83-8a78-f5858cfc2f67:group-0463FDDFC8C6:LeaderElection30] INFO  server.RaftServerConfigKeys (ConfUtils.java:logGet(43)) - raft.server.log.appender.buffer.byte-limit = 33554432 (custom)
2019-08-23 19:58:44,491 [76c40241-e9c3-4a83-8a78-f5858cfc2f67:group-0463FDDFC8C6:LeaderElection30] INFO  server.RaftServerConfigKeys (ConfUtils.java:logGet(43)) - raft.server.log.appender.buffer.element-limit = 1 (custom)
2019-08-23 19:58:44,492 [76c40241-e9c3-4a83-8a78-f5858cfc2f67:group-0463FDDFC8C6:LeaderElection30] INFO  grpc.GrpcConfigKeys$Server (ConfUtils.java:logGet(43)) - raft.grpc.server.leader.outstanding.appends.max = 128 (default)
2019-08-23 19:58:44,492 [76c40241-e9c3-4a83-8a78-f5858cfc2f67:group-0463FDDFC8C6:LeaderElection30] INFO  server.RaftServerConfigKeys (ConfUtils.java:logGet(43)) - raft.server.rpc.request.timeout = 3000ms (default)
2019-08-23 19:58:44,492 [76c40241-e9c3-4a83-8a78-f5858cfc2f67:group-0463FDDFC8C6:LeaderElection30] INFO  server.RaftServerConfigKeys (ConfUtils.java:logGet(43)) - raft.server.log.appender.install.snapshot.enabled = false (custom)
2019-08-23 19:58:44,492 [76c40241-e9c3-4a83-8a78-f5858cfc2f67:group-0463FDDFC8C6:LeaderElection30] INFO  impl.RoleInfo (RoleInfo.java:updateAndGet(143)) - 76c40241-e9c3-4a83-8a78-f5858cfc2f67: start LeaderState
2019-08-23 19:58:44,493 [76c40241-e9c3-4a83-8a78-f5858cfc2f67:group-0463FDDFC8C6:LeaderElection30] INFO  segmented.SegmentedRaftLogWorker (SegmentedRaftLogWorker.java:startLogSegment(380)) - 76c40241-e9c3-4a83-8a78-f5858cfc2f67-SegmentedRaftLogWorker:Storage Directory /workdir/hadoop-ozone/ozonefs/target/test-dir/MiniOzoneClusterImpl-fe22ef2d-1048-42e2-b089-b9315fdb5fda/datanode-2/data/ratis/b167ba7c-b620-434e-ad67-0463fddfc8c6: Starting segment from index:0
2019-08-23 19:58:44,494 [76c40241-e9c3-4a83-8a78-f5858cfc2f67:group-0463FDDFC8C6:LeaderElection30] INFO  impl.RaftServerImpl (ServerState.java:setRaftConf(361)) - 76c40241-e9c3-4a83-8a78-f5858cfc2f67:group-0463FDDFC8C6 set configuration 0: [76c40241-e9c3-4a83-8a78-f5858cfc2f67:192.168.36.107:34295, 39f39e0a-be75-467c-aaf0-77e27bb45711:192.168.36.107:39690, e4359d7d-049d-4ed5-b522-e458a01bef8f:192.168.36.107:32869], old=null at 0
2019-08-23 19:58:44,526 [grpc-default-executor-1] INFO  impl.RaftServerImpl (ServerState.java:setLeader(263)) - e4359d7d-049d-4ed5-b522-e458a01bef8f:group-0463FDDFC8C6 change Leader from null to 76c40241-e9c3-4a83-8a78-f5858cfc2f67 at term 1 for appendEntries, leader elected after 5212ms
2019-08-23 19:58:44,526 [grpc-default-executor-2] INFO  impl.RaftServerImpl (ServerState.java:setLeader(263)) - 39f39e0a-be75-467c-aaf0-77e27bb45711:group-0463FDDFC8C6 change Leader from null to 76c40241-e9c3-4a83-8a78-f5858cfc2f67 at term 1 for appendEntries, leader elected after 5212ms
2019-08-23 19:58:44,530 [grpc-default-executor-2] INFO  impl.RaftServerImpl (ServerState.java:setRaftConf(361)) - 39f39e0a-be75-467c-aaf0-77e27bb45711:group-0463FDDFC8C6 set configuration 0: [76c40241-e9c3-4a83-8a78-f5858cfc2f67:192.168.36.107:34295, 39f39e0a-be75-467c-aaf0-77e27bb45711:192.168.36.107:39690, e4359d7d-049d-4ed5-b522-e458a01bef8f:192.168.36.107:32869], old=null at 0
2019-08-23 19:58:44,531 [grpc-default-executor-1] INFO  impl.RaftServerImpl (ServerState.java:setRaftConf(361)) - e4359d7d-049d-4ed5-b522-e458a01bef8f:group-0463FDDFC8C6 set configuration 0: [76c40241-e9c3-4a83-8a78-f5858cfc2f67:192.168.36.107:34295, 39f39e0a-be75-467c-aaf0-77e27bb45711:192.168.36.107:39690, e4359d7d-049d-4ed5-b522-e458a01bef8f:192.168.36.107:32869], old=null at 0
2019-08-23 19:58:44,531 [grpc-default-executor-2] INFO  segmented.SegmentedRaftLogWorker (SegmentedRaftLogWorker.java:startLogSegment(380)) - 39f39e0a-be75-467c-aaf0-77e27bb45711-SegmentedRaftLogWorker:Storage Directory /workdir/hadoop-ozone/ozonefs/target/test-dir/MiniOzoneClusterImpl-fe22ef2d-1048-42e2-b089-b9315fdb5fda/datanode-0/data/ratis/b167ba7c-b620-434e-ad67-0463fddfc8c6: Starting segment from index:0
2019-08-23 19:58:44,531 [grpc-default-executor-1] INFO  segmented.SegmentedRaftLogWorker (SegmentedRaftLogWorker.java:startLogSegment(380)) - e4359d7d-049d-4ed5-b522-e458a01bef8f-SegmentedRaftLogWorker:Storage Directory /workdir/hadoop-ozone/ozonefs/target/test-dir/MiniOzoneClusterImpl-fe22ef2d-1048-42e2-b089-b9315fdb5fda/datanode-1/data/ratis/b167ba7c-b620-434e-ad67-0463fddfc8c6: Starting segment from index:0
2019-08-23 19:58:44,550 [76c40241-e9c3-4a83-8a78-f5858cfc2f67-SegmentedRaftLogWorker:Storage Directory /workdir/hadoop-ozone/ozonefs/target/test-dir/MiniOzoneClusterImpl-fe22ef2d-1048-42e2-b089-b9315fdb5fda/datanode-2/data/ratis/b167ba7c-b620-434e-ad67-0463fddfc8c6] INFO  segmented.SegmentedRaftLogWorker (SegmentedRaftLogWorker.java:execute(569)) - 76c40241-e9c3-4a83-8a78-f5858cfc2f67-SegmentedRaftLogWorker:Storage Directory /workdir/hadoop-ozone/ozonefs/target/test-dir/MiniOzoneClusterImpl-fe22ef2d-1048-42e2-b089-b9315fdb5fda/datanode-2/data/ratis/b167ba7c-b620-434e-ad67-0463fddfc8c6: created new log segment /workdir/hadoop-ozone/ozonefs/target/test-dir/MiniOzoneClusterImpl-fe22ef2d-1048-42e2-b089-b9315fdb5fda/datanode-2/data/ratis/b167ba7c-b620-434e-ad67-0463fddfc8c6/current/log_inprogress_0
2019-08-23 19:58:44,592 [39f39e0a-be75-467c-aaf0-77e27bb45711-SegmentedRaftLogWorker:Storage Directory /workdir/hadoop-ozone/ozonefs/target/test-dir/MiniOzoneClusterImpl-fe22ef2d-1048-42e2-b089-b9315fdb5fda/datanode-0/data/ratis/b167ba7c-b620-434e-ad67-0463fddfc8c6] INFO  segmented.SegmentedRaftLogWorker (SegmentedRaftLogWorker.java:execute(569)) - 39f39e0a-be75-467c-aaf0-77e27bb45711-SegmentedRaftLogWorker:Storage Directory /workdir/hadoop-ozone/ozonefs/target/test-dir/MiniOzoneClusterImpl-fe22ef2d-1048-42e2-b089-b9315fdb5fda/datanode-0/data/ratis/b167ba7c-b620-434e-ad67-0463fddfc8c6: created new log segment /workdir/hadoop-ozone/ozonefs/target/test-dir/MiniOzoneClusterImpl-fe22ef2d-1048-42e2-b089-b9315fdb5fda/datanode-0/data/ratis/b167ba7c-b620-434e-ad67-0463fddfc8c6/current/log_inprogress_0
2019-08-23 19:58:44,592 [e4359d7d-049d-4ed5-b522-e458a01bef8f-SegmentedRaftLogWorker:Storage Directory /workdir/hadoop-ozone/ozonefs/target/test-dir/MiniOzoneClusterImpl-fe22ef2d-1048-42e2-b089-b9315fdb5fda/datanode-1/data/ratis/b167ba7c-b620-434e-ad67-0463fddfc8c6] INFO  segmented.SegmentedRaftLogWorker (SegmentedRaftLogWorker.java:execute(569)) - e4359d7d-049d-4ed5-b522-e458a01bef8f-SegmentedRaftLogWorker:Storage Directory /workdir/hadoop-ozone/ozonefs/target/test-dir/MiniOzoneClusterImpl-fe22ef2d-1048-42e2-b089-b9315fdb5fda/datanode-1/data/ratis/b167ba7c-b620-434e-ad67-0463fddfc8c6: created new log segment /workdir/hadoop-ozone/ozonefs/target/test-dir/MiniOzoneClusterImpl-fe22ef2d-1048-42e2-b089-b9315fdb5fda/datanode-1/data/ratis/b167ba7c-b620-434e-ad67-0463fddfc8c6/current/log_inprogress_0
2019-08-23 19:58:45,146 | INFO  | SCMAudit | user=jenkins1000 | ip=192.168.36.107 | op=SEND_HEARTBEAT {datanodeUUID=76c40241-e9c3-4a83-8a78-f5858cfc2f67, command=[]} | ret=SUCCESS |  
2019-08-23 19:58:45,264 [Thread-876] INFO  ozoneimpl.OzoneContainer (OzoneContainer.java:stop(199)) - Attempting to stop container services.
2019-08-23 19:58:45,264 [ForkJoinPool.commonPool-worker-0] INFO  ozoneimpl.OzoneContainer (OzoneContainer.java:stop(199)) - Attempting to stop container services.
2019-08-23 19:58:45,265 [Thread-876] INFO  impl.RaftServerProxy (RaftServerProxy.java:lambda$close$4(314)) - e4359d7d-049d-4ed5-b522-e458a01bef8f: close
2019-08-23 19:58:45,265 [ForkJoinPool.commonPool-worker-0] INFO  impl.RaftServerProxy (RaftServerProxy.java:lambda$close$4(314)) - 39f39e0a-be75-467c-aaf0-77e27bb45711: close
2019-08-23 19:58:45,265 [Thread-876] INFO  impl.RaftServerImpl (RaftServerImpl.java:lambda$shutdown$3(245)) - e4359d7d-049d-4ed5-b522-e458a01bef8f: shutdown group-7425B6E310CA
2019-08-23 19:58:45,266 [ForkJoinPool.commonPool-worker-0] INFO  impl.RaftServerImpl (RaftServerImpl.java:lambda$shutdown$3(245)) - 39f39e0a-be75-467c-aaf0-77e27bb45711: shutdown group-FCBD2F61E1EF
2019-08-23 19:58:45,266 [Thread-876] INFO  util.JmxRegister (JmxRegister.java:unregister(73)) - Successfully un-registered JMX Bean with object name Ratis:service=RaftServer,group=group-7425B6E310CA,id=e4359d7d-049d-4ed5-b522-e458a01bef8f
2019-08-23 19:58:45,266 [ForkJoinPool.commonPool-worker-0] INFO  util.JmxRegister (JmxRegister.java:unregister(73)) - Successfully un-registered JMX Bean with object name Ratis:service=RaftServer,group=group-FCBD2F61E1EF,id=39f39e0a-be75-467c-aaf0-77e27bb45711
2019-08-23 19:58:45,266 [Thread-876] INFO  impl.RoleInfo (RoleInfo.java:shutdownLeaderState(104)) - e4359d7d-049d-4ed5-b522-e458a01bef8f: shutdown LeaderState
2019-08-23 19:58:45,267 [ForkJoinPool.commonPool-worker-0] INFO  impl.RoleInfo (RoleInfo.java:shutdownLeaderState(104)) - 39f39e0a-be75-467c-aaf0-77e27bb45711: shutdown LeaderState
2019-08-23 19:58:45,267 [Thread-876] INFO  impl.PendingRequests (PendingRequests.java:sendNotLeaderResponses(202)) - e4359d7d-049d-4ed5-b522-e458a01bef8f-PendingRequests: sendNotLeaderResponses
2019-08-23 19:58:45,267 [ForkJoinPool.commonPool-worker-0] INFO  impl.PendingRequests (PendingRequests.java:sendNotLeaderResponses(202)) - 39f39e0a-be75-467c-aaf0-77e27bb45711-PendingRequests: sendNotLeaderResponses
2019-08-23 19:58:45,268 [Thread-876] INFO  impl.StateMachineUpdater (StateMachineUpdater.java:stopAndJoin(115)) - StateMachineUpdater:e4359d7d-049d-4ed5-b522-e458a01bef8f:group-7425B6E310CA: set stopIndex = 0
2019-08-23 19:58:45,268 [ForkJoinPool.commonPool-worker-0] INFO  impl.StateMachineUpdater (StateMachineUpdater.java:stopAndJoin(115)) - StateMachineUpdater:39f39e0a-be75-467c-aaf0-77e27bb45711:group-FCBD2F61E1EF: set stopIndex = 0
2019-08-23 19:58:45,268 [Thread-876] INFO  impl.RaftServerImpl (ServerState.java:close(394)) - e4359d7d-049d-4ed5-b522-e458a01bef8f:group-7425B6E310CA closes. The last applied log index is 0
2019-08-23 19:58:45,268 [ForkJoinPool.commonPool-worker-0] INFO  impl.RaftServerImpl (ServerState.java:close(394)) - 39f39e0a-be75-467c-aaf0-77e27bb45711:group-FCBD2F61E1EF closes. The last applied log index is 0
2019-08-23 19:58:45,269 [e4359d7d-049d-4ed5-b522-e458a01bef8f-SegmentedRaftLogWorker:Storage Directory /workdir/hadoop-ozone/ozonefs/target/test-dir/MiniOzoneClusterImpl-fe22ef2d-1048-42e2-b089-b9315fdb5fda/datanode-1/data/ratis/37cb051e-283f-4679-81dd-7425b6e310ca] INFO  segmented.SegmentedRaftLogWorker (SegmentedRaftLogWorker.java:run(313)) - e4359d7d-049d-4ed5-b522-e458a01bef8f-SegmentedRaftLogWorker:Storage Directory /workdir/hadoop-ozone/ozonefs/target/test-dir/MiniOzoneClusterImpl-fe22ef2d-1048-42e2-b089-b9315fdb5fda/datanode-1/data/ratis/37cb051e-283f-4679-81dd-7425b6e310ca was interrupted, exiting. There are 0 tasks remaining in the queue.
2019-08-23 19:58:45,269 [39f39e0a-be75-467c-aaf0-77e27bb45711-SegmentedRaftLogWorker:Storage Directory /workdir/hadoop-ozone/ozonefs/target/test-dir/MiniOzoneClusterImpl-fe22ef2d-1048-42e2-b089-b9315fdb5fda/datanode-0/data/ratis/346a1d1a-c90c-42c3-b9dd-fcbd2f61e1ef] INFO  segmented.SegmentedRaftLogWorker (SegmentedRaftLogWorker.java:run(313)) - 39f39e0a-be75-467c-aaf0-77e27bb45711-SegmentedRaftLogWorker:Storage Directory /workdir/hadoop-ozone/ozonefs/target/test-dir/MiniOzoneClusterImpl-fe22ef2d-1048-42e2-b089-b9315fdb5fda/datanode-0/data/ratis/346a1d1a-c90c-42c3-b9dd-fcbd2f61e1ef was interrupted, exiting. There are 0 tasks remaining in the queue.
2019-08-23 19:58:45,271 [Thread-876] INFO  segmented.SegmentedRaftLogWorker (SegmentedRaftLogWorker.java:close(228)) - e4359d7d-049d-4ed5-b522-e458a01bef8f-SegmentedRaftLogWorker:Storage Directory /workdir/hadoop-ozone/ozonefs/target/test-dir/MiniOzoneClusterImpl-fe22ef2d-1048-42e2-b089-b9315fdb5fda/datanode-1/data/ratis/37cb051e-283f-4679-81dd-7425b6e310ca close()
2019-08-23 19:58:45,272 [ForkJoinPool.commonPool-worker-0] INFO  segmented.SegmentedRaftLogWorker (SegmentedRaftLogWorker.java:close(228)) - 39f39e0a-be75-467c-aaf0-77e27bb45711-SegmentedRaftLogWorker:Storage Directory /workdir/hadoop-ozone/ozonefs/target/test-dir/MiniOzoneClusterImpl-fe22ef2d-1048-42e2-b089-b9315fdb5fda/datanode-0/data/ratis/346a1d1a-c90c-42c3-b9dd-fcbd2f61e1ef close()
2019-08-23 19:58:45,273 [Thread-876] INFO  impl.RaftServerImpl (RaftServerImpl.java:lambda$shutdown$3(245)) - e4359d7d-049d-4ed5-b522-e458a01bef8f: shutdown group-0463FDDFC8C6
2019-08-23 19:58:45,275 [ForkJoinPool.commonPool-worker-0] INFO  impl.RaftServerImpl (RaftServerImpl.java:lambda$shutdown$3(245)) - 39f39e0a-be75-467c-aaf0-77e27bb45711: shutdown group-0463FDDFC8C6
2019-08-23 19:58:45,275 [Thread-876] INFO  util.JmxRegister (JmxRegister.java:unregister(73)) - Successfully un-registered JMX Bean with object name Ratis:service=RaftServer,group=group-0463FDDFC8C6,id=e4359d7d-049d-4ed5-b522-e458a01bef8f
2019-08-23 19:58:45,276 [ForkJoinPool.commonPool-worker-0] INFO  util.JmxRegister (JmxRegister.java:unregister(73)) - Successfully un-registered JMX Bean with object name Ratis:service=RaftServer,group=group-0463FDDFC8C6,id=39f39e0a-be75-467c-aaf0-77e27bb45711
2019-08-23 19:58:45,276 [Thread-876] INFO  impl.RoleInfo (RoleInfo.java:shutdownFollowerState(121)) - e4359d7d-049d-4ed5-b522-e458a01bef8f: shutdown FollowerState
2019-08-23 19:58:45,276 [ForkJoinPool.commonPool-worker-0] INFO  impl.RoleInfo (RoleInfo.java:shutdownFollowerState(121)) - 39f39e0a-be75-467c-aaf0-77e27bb45711: shutdown FollowerState
2019-08-23 19:58:45,277 [Thread-1081] INFO  impl.FollowerState (FollowerState.java:run(114)) - e4359d7d-049d-4ed5-b522-e458a01bef8f: FollowerState was interrupted: java.lang.InterruptedException: sleep interrupted
2019-08-23 19:58:45,277 [Thread-876] INFO  impl.StateMachineUpdater (StateMachineUpdater.java:stopAndJoin(115)) - StateMachineUpdater:e4359d7d-049d-4ed5-b522-e458a01bef8f:group-0463FDDFC8C6: set stopIndex = -1
2019-08-23 19:58:45,277 [Thread-1084] INFO  impl.FollowerState (FollowerState.java:run(114)) - 39f39e0a-be75-467c-aaf0-77e27bb45711: FollowerState was interrupted: java.lang.InterruptedException: sleep interrupted
2019-08-23 19:58:45,277 [ForkJoinPool.commonPool-worker-0] INFO  impl.StateMachineUpdater (StateMachineUpdater.java:stopAndJoin(115)) - StateMachineUpdater:39f39e0a-be75-467c-aaf0-77e27bb45711:group-0463FDDFC8C6: set stopIndex = -1
2019-08-23 19:58:45,278 [Thread-876] INFO  impl.RaftServerImpl (ServerState.java:close(394)) - e4359d7d-049d-4ed5-b522-e458a01bef8f:group-0463FDDFC8C6 closes. The last applied log index is -1
2019-08-23 19:58:45,280 [ForkJoinPool.commonPool-worker-0] INFO  impl.RaftServerImpl (ServerState.java:close(394)) - 39f39e0a-be75-467c-aaf0-77e27bb45711:group-0463FDDFC8C6 closes. The last applied log index is -1
2019-08-23 19:58:45,280 [e4359d7d-049d-4ed5-b522-e458a01bef8f-SegmentedRaftLogWorker:Storage Directory /workdir/hadoop-ozone/ozonefs/target/test-dir/MiniOzoneClusterImpl-fe22ef2d-1048-42e2-b089-b9315fdb5fda/datanode-1/data/ratis/b167ba7c-b620-434e-ad67-0463fddfc8c6] INFO  segmented.SegmentedRaftLogWorker (SegmentedRaftLogWorker.java:run(313)) - e4359d7d-049d-4ed5-b522-e458a01bef8f-SegmentedRaftLogWorker:Storage Directory /workdir/hadoop-ozone/ozonefs/target/test-dir/MiniOzoneClusterImpl-fe22ef2d-1048-42e2-b089-b9315fdb5fda/datanode-1/data/ratis/b167ba7c-b620-434e-ad67-0463fddfc8c6 was interrupted, exiting. There are 0 tasks remaining in the queue.
2019-08-23 19:58:45,280 [39f39e0a-be75-467c-aaf0-77e27bb45711-SegmentedRaftLogWorker:Storage Directory /workdir/hadoop-ozone/ozonefs/target/test-dir/MiniOzoneClusterImpl-fe22ef2d-1048-42e2-b089-b9315fdb5fda/datanode-0/data/ratis/b167ba7c-b620-434e-ad67-0463fddfc8c6] INFO  segmented.SegmentedRaftLogWorker (SegmentedRaftLogWorker.java:run(313)) - 39f39e0a-be75-467c-aaf0-77e27bb45711-SegmentedRaftLogWorker:Storage Directory /workdir/hadoop-ozone/ozonefs/target/test-dir/MiniOzoneClusterImpl-fe22ef2d-1048-42e2-b089-b9315fdb5fda/datanode-0/data/ratis/b167ba7c-b620-434e-ad67-0463fddfc8c6 was interrupted, exiting. There are 0 tasks remaining in the queue.
2019-08-23 19:58:45,281 [Thread-876] INFO  segmented.SegmentedRaftLogWorker (SegmentedRaftLogWorker.java:close(228)) - e4359d7d-049d-4ed5-b522-e458a01bef8f-SegmentedRaftLogWorker:Storage Directory /workdir/hadoop-ozone/ozonefs/target/test-dir/MiniOzoneClusterImpl-fe22ef2d-1048-42e2-b089-b9315fdb5fda/datanode-1/data/ratis/b167ba7c-b620-434e-ad67-0463fddfc8c6 close()
2019-08-23 19:58:45,282 [ForkJoinPool.commonPool-worker-0] INFO  segmented.SegmentedRaftLogWorker (SegmentedRaftLogWorker.java:close(228)) - 39f39e0a-be75-467c-aaf0-77e27bb45711-SegmentedRaftLogWorker:Storage Directory /workdir/hadoop-ozone/ozonefs/target/test-dir/MiniOzoneClusterImpl-fe22ef2d-1048-42e2-b089-b9315fdb5fda/datanode-0/data/ratis/b167ba7c-b620-434e-ad67-0463fddfc8c6 close()
2019-08-23 19:58:45,284 [Thread-876] INFO  server.GrpcService (GrpcService.java:closeImpl(155)) - e4359d7d-049d-4ed5-b522-e458a01bef8f: shutdown server with port 32869 now
2019-08-23 19:58:45,286 [ForkJoinPool.commonPool-worker-0] INFO  server.GrpcService (GrpcService.java:closeImpl(155)) - 39f39e0a-be75-467c-aaf0-77e27bb45711: shutdown server with port 39690 now
2019-08-23 19:58:45,292 [Thread-876] INFO  server.GrpcService (GrpcService.java:closeImpl(163)) - e4359d7d-049d-4ed5-b522-e458a01bef8f: shutdown server with port 32869 successfully
2019-08-23 19:58:45,292 [ForkJoinPool.commonPool-worker-0] INFO  server.GrpcService (GrpcService.java:closeImpl(163)) - 39f39e0a-be75-467c-aaf0-77e27bb45711: shutdown server with port 39690 successfully
2019-08-23 19:58:45,292 [grpc-default-executor-3] WARN  server.GrpcServerProtocolService (LogUtils.java:warn(134)) - 39f39e0a-be75-467c-aaf0-77e27bb45711: appendEntries onError: org.apache.ratis.thirdparty.io.grpc.StatusRuntimeException: CANCELLED: cancelled before receiving half close
2019-08-23 19:58:45,292 [grpc-default-executor-1] WARN  server.GrpcLogAppender (LogUtils.java:warn(134)) - 76c40241-e9c3-4a83-8a78-f5858cfc2f67->e4359d7d-049d-4ed5-b522-e458a01bef8f: Failed appendEntries: org.apache.ratis.thirdparty.io.grpc.StatusRuntimeException: CANCELLED: HTTP/2 error code: CANCEL
Received Rst Stream
2019-08-23 19:58:45,292 [grpc-default-executor-2] WARN  server.GrpcLogAppender (LogUtils.java:warn(134)) - 76c40241-e9c3-4a83-8a78-f5858cfc2f67->39f39e0a-be75-467c-aaf0-77e27bb45711: Failed appendEntries: org.apache.ratis.thirdparty.io.grpc.StatusRuntimeException: CANCELLED: HTTP/2 error code: CANCEL
Received Rst Stream
2019-08-23 19:58:45,292 [grpc-default-executor-0] WARN  server.GrpcServerProtocolService (LogUtils.java:warn(134)) - e4359d7d-049d-4ed5-b522-e458a01bef8f: appendEntries onError: org.apache.ratis.thirdparty.io.grpc.StatusRuntimeException: CANCELLED: cancelled before receiving half close
2019-08-23 19:58:45,294 [Thread-876] INFO  utils.BackgroundService (BackgroundService.java:shutdown(148)) - Shutting down service BlockDeletingService
2019-08-23 19:58:45,297 [ForkJoinPool.commonPool-worker-0] INFO  utils.BackgroundService (BackgroundService.java:shutdown(148)) - Shutting down service BlockDeletingService
2019-08-23 19:58:45,298 [grpc-default-executor-1] INFO  impl.FollowerInfo (FollowerInfo.java:lambda$new$0(50)) - 76c40241-e9c3-4a83-8a78-f5858cfc2f67->e4359d7d-049d-4ed5-b522-e458a01bef8f: nextIndex: updateUnconditionally 1 -> 0
2019-08-23 19:58:45,298 [grpc-default-executor-2] INFO  impl.FollowerInfo (FollowerInfo.java:lambda$new$0(50)) - 76c40241-e9c3-4a83-8a78-f5858cfc2f67->39f39e0a-be75-467c-aaf0-77e27bb45711: nextIndex: updateUnconditionally 1 -> 0
2019-08-23 19:58:45,299 [refreshUsed-/workdir/hadoop-ozone/ozonefs/target/test-dir/MiniOzoneClusterImpl-fe22ef2d-1048-42e2-b089-b9315fdb5fda/datanode-1/data/containers] WARN  fs.CachingGetSpaceUsed (CachingGetSpaceUsed.java:run(183)) - Thread Interrupted waiting to refresh disk information: sleep interrupted
2019-08-23 19:58:45,300 [refreshUsed-/workdir/hadoop-ozone/ozonefs/target/test-dir/MiniOzoneClusterImpl-fe22ef2d-1048-42e2-b089-b9315fdb5fda/datanode-0/data/containers] WARN  fs.CachingGetSpaceUsed (CachingGetSpaceUsed.java:run(183)) - Thread Interrupted waiting to refresh disk information: sleep interrupted
2019-08-23 19:58:45,328 [ForkJoinPool.commonPool-worker-0] INFO  statemachine.DatanodeStateMachine (DatanodeStateMachine.java:stopDaemon(395)) - Ozone container server stopped.
2019-08-23 19:58:45,331 [ForkJoinPool.commonPool-worker-0] INFO  handler.ContextHandler (ContextHandler.java:doStop(910)) - Stopped o.e.j.w.WebAppContext@72b0a8bd{/,null,UNAVAILABLE}{/hddsDatanode}
2019-08-23 19:58:45,333 [Thread-876] INFO  statemachine.DatanodeStateMachine (DatanodeStateMachine.java:stopDaemon(395)) - Ozone container server stopped.
2019-08-23 19:58:45,334 [Thread-876] INFO  handler.ContextHandler (ContextHandler.java:doStop(910)) - Stopped o.e.j.w.WebAppContext@10720dc7{/,null,UNAVAILABLE}{/hddsDatanode}
2019-08-23 19:58:45,334 [ForkJoinPool.commonPool-worker-0] INFO  server.AbstractConnector (AbstractConnector.java:doStop(318)) - Stopped ServerConnector@728b6b9e{HTTP/1.1,[http/1.1]}{0.0.0.0:0}
2019-08-23 19:58:45,335 [ForkJoinPool.commonPool-worker-0] INFO  handler.ContextHandler (ContextHandler.java:doStop(910)) - Stopped o.e.j.s.ServletContextHandler@5f3de95d{/static,jar:file:/home/user/.m2/repository/org/apache/hadoop/hadoop-hdds-container-service/0.5.0-SNAPSHOT/hadoop-hdds-container-service-0.5.0-SNAPSHOT.jar!/webapps/static,UNAVAILABLE}
2019-08-23 19:58:45,335 [Thread-876] INFO  server.AbstractConnector (AbstractConnector.java:doStop(318)) - Stopped ServerConnector@367fb04f{HTTP/1.1,[http/1.1]}{0.0.0.0:0}
2019-08-23 19:58:45,336 [ForkJoinPool.commonPool-worker-0] INFO  handler.ContextHandler (ContextHandler.java:doStop(910)) - Stopped o.e.j.s.ServletContextHandler@493d1b6f{/logs,file:///workdir/hadoop-ozone/ozonefs/target/log,UNAVAILABLE}
2019-08-23 19:58:45,336 [Thread-876] INFO  handler.ContextHandler (ContextHandler.java:doStop(910)) - Stopped o.e.j.s.ServletContextHandler@1a30b466{/static,jar:file:/home/user/.m2/repository/org/apache/hadoop/hadoop-hdds-container-service/0.5.0-SNAPSHOT/hadoop-hdds-container-service-0.5.0-SNAPSHOT.jar!/webapps/static,UNAVAILABLE}
2019-08-23 19:58:45,336 [Thread-876] INFO  handler.ContextHandler (ContextHandler.java:doStop(910)) - Stopped o.e.j.s.ServletContextHandler@623a3f7{/logs,file:///workdir/hadoop-ozone/ozonefs/target/log,UNAVAILABLE}
2019-08-23 19:58:46,145 [Datanode State Machine Thread - 0] INFO  statemachine.DatanodeStateMachine (DatanodeStateMachine.java:lambda$startDaemon$0(350)) - Ozone container server started.
2019-08-23 19:58:47,113 [grpc-default-executor-1] WARN  server.GrpcLogAppender (LogUtils.java:warn(134)) - 76c40241-e9c3-4a83-8a78-f5858cfc2f67->e4359d7d-049d-4ed5-b522-e458a01bef8f: Failed appendEntries: org.apache.ratis.thirdparty.io.grpc.StatusRuntimeException: UNAVAILABLE: io exception
2019-08-23 19:58:47,113 [grpc-default-executor-3] WARN  server.GrpcLogAppender (LogUtils.java:warn(134)) - 76c40241-e9c3-4a83-8a78-f5858cfc2f67->39f39e0a-be75-467c-aaf0-77e27bb45711: Failed appendEntries: org.apache.ratis.thirdparty.io.grpc.StatusRuntimeException: UNAVAILABLE: io exception
2019-08-23 19:58:47,115 [grpc-default-executor-1] INFO  impl.FollowerInfo (FollowerInfo.java:lambda$new$0(50)) - 76c40241-e9c3-4a83-8a78-f5858cfc2f67->e4359d7d-049d-4ed5-b522-e458a01bef8f: nextIndex: updateUnconditionally 0 -> 0
2019-08-23 19:58:47,116 [grpc-default-executor-3] INFO  impl.FollowerInfo (FollowerInfo.java:lambda$new$0(50)) - 76c40241-e9c3-4a83-8a78-f5858cfc2f67->39f39e0a-be75-467c-aaf0-77e27bb45711: nextIndex: updateUnconditionally 0 -> 0
2019-08-23 19:58:49,618 [grpc-default-executor-3] WARN  server.GrpcLogAppender (LogUtils.java:warn(134)) - 76c40241-e9c3-4a83-8a78-f5858cfc2f67->e4359d7d-049d-4ed5-b522-e458a01bef8f: Failed appendEntries: org.apache.ratis.thirdparty.io.grpc.StatusRuntimeException: UNAVAILABLE: io exception
2019-08-23 19:58:49,619 [grpc-default-executor-4] WARN  server.GrpcLogAppender (LogUtils.java:warn(134)) - 76c40241-e9c3-4a83-8a78-f5858cfc2f67->39f39e0a-be75-467c-aaf0-77e27bb45711: Failed appendEntries: org.apache.ratis.thirdparty.io.grpc.StatusRuntimeException: UNAVAILABLE: io exception
2019-08-23 19:58:49,620 [grpc-default-executor-3] INFO  impl.FollowerInfo (FollowerInfo.java:lambda$new$0(50)) - 76c40241-e9c3-4a83-8a78-f5858cfc2f67->e4359d7d-049d-4ed5-b522-e458a01bef8f: nextIndex: updateUnconditionally 0 -> 0
2019-08-23 19:58:49,620 [grpc-default-executor-4] INFO  impl.FollowerInfo (FollowerInfo.java:lambda$new$0(50)) - 76c40241-e9c3-4a83-8a78-f5858cfc2f67->39f39e0a-be75-467c-aaf0-77e27bb45711: nextIndex: updateUnconditionally 0 -> 0
2019-08-23 19:58:50,338 [ForkJoinPool.commonPool-worker-0] INFO  ozoneimpl.OzoneContainer (OzoneContainer.java:stop(199)) - Attempting to stop container services.
2019-08-23 19:58:50,339 [ForkJoinPool.commonPool-worker-0] INFO  impl.RaftServerProxy (RaftServerProxy.java:lambda$close$4(314)) - 76c40241-e9c3-4a83-8a78-f5858cfc2f67: close
2019-08-23 19:58:50,340 [ForkJoinPool.commonPool-worker-0] INFO  impl.RaftServerImpl (RaftServerImpl.java:lambda$shutdown$3(245)) - 76c40241-e9c3-4a83-8a78-f5858cfc2f67: shutdown group-665300840204
2019-08-23 19:58:50,340 [ForkJoinPool.commonPool-worker-0] INFO  util.JmxRegister (JmxRegister.java:unregister(73)) - Successfully un-registered JMX Bean with object name Ratis:service=RaftServer,group=group-665300840204,id=76c40241-e9c3-4a83-8a78-f5858cfc2f67
2019-08-23 19:58:50,340 [ForkJoinPool.commonPool-worker-0] INFO  impl.RoleInfo (RoleInfo.java:shutdownLeaderState(104)) - 76c40241-e9c3-4a83-8a78-f5858cfc2f67: shutdown LeaderState
2019-08-23 19:58:50,341 [ForkJoinPool.commonPool-worker-0] INFO  impl.PendingRequests (PendingRequests.java:sendNotLeaderResponses(202)) - 76c40241-e9c3-4a83-8a78-f5858cfc2f67-PendingRequests: sendNotLeaderResponses
2019-08-23 19:58:50,341 [ForkJoinPool.commonPool-worker-0] INFO  impl.StateMachineUpdater (StateMachineUpdater.java:stopAndJoin(115)) - StateMachineUpdater:76c40241-e9c3-4a83-8a78-f5858cfc2f67:group-665300840204: set stopIndex = 0
2019-08-23 19:58:50,342 [ForkJoinPool.commonPool-worker-0] INFO  impl.RaftServerImpl (ServerState.java:close(394)) - 76c40241-e9c3-4a83-8a78-f5858cfc2f67:group-665300840204 closes. The last applied log index is 0
2019-08-23 19:58:50,342 [76c40241-e9c3-4a83-8a78-f5858cfc2f67-SegmentedRaftLogWorker:Storage Directory /workdir/hadoop-ozone/ozonefs/target/test-dir/MiniOzoneClusterImpl-fe22ef2d-1048-42e2-b089-b9315fdb5fda/datanode-2/data/ratis/8c0a8a03-f78a-410d-b35a-665300840204] INFO  segmented.SegmentedRaftLogWorker (SegmentedRaftLogWorker.java:run(313)) - 76c40241-e9c3-4a83-8a78-f5858cfc2f67-SegmentedRaftLogWorker:Storage Directory /workdir/hadoop-ozone/ozonefs/target/test-dir/MiniOzoneClusterImpl-fe22ef2d-1048-42e2-b089-b9315fdb5fda/datanode-2/data/ratis/8c0a8a03-f78a-410d-b35a-665300840204 was interrupted, exiting. There are 0 tasks remaining in the queue.
2019-08-23 19:58:50,344 [ForkJoinPool.commonPool-worker-0] INFO  segmented.SegmentedRaftLogWorker (SegmentedRaftLogWorker.java:close(228)) - 76c40241-e9c3-4a83-8a78-f5858cfc2f67-SegmentedRaftLogWorker:Storage Directory /workdir/hadoop-ozone/ozonefs/target/test-dir/MiniOzoneClusterImpl-fe22ef2d-1048-42e2-b089-b9315fdb5fda/datanode-2/data/ratis/8c0a8a03-f78a-410d-b35a-665300840204 close()
2019-08-23 19:58:50,346 [ForkJoinPool.commonPool-worker-0] INFO  impl.RaftServerImpl (RaftServerImpl.java:lambda$shutdown$3(245)) - 76c40241-e9c3-4a83-8a78-f5858cfc2f67: shutdown group-0463FDDFC8C6
2019-08-23 19:58:50,346 [ForkJoinPool.commonPool-worker-0] INFO  util.JmxRegister (JmxRegister.java:unregister(73)) - Successfully un-registered JMX Bean with object name Ratis:service=RaftServer,group=group-0463FDDFC8C6,id=76c40241-e9c3-4a83-8a78-f5858cfc2f67
2019-08-23 19:58:50,346 [ForkJoinPool.commonPool-worker-0] INFO  impl.RoleInfo (RoleInfo.java:shutdownLeaderState(104)) - 76c40241-e9c3-4a83-8a78-f5858cfc2f67: shutdown LeaderState
2019-08-23 19:58:50,348 [ForkJoinPool.commonPool-worker-0] INFO  impl.PendingRequests (PendingRequests.java:sendNotLeaderResponses(202)) - 76c40241-e9c3-4a83-8a78-f5858cfc2f67-PendingRequests: sendNotLeaderResponses
2019-08-23 19:58:50,348 [org.apache.ratis.server.impl.LogAppender$AppenderDaemon$$Lambda$398/1604956656@3512c0dc] WARN  server.GrpcLogAppender (GrpcLogAppender.java:mayWait(143)) - GrpcLogAppender(76c40241-e9c3-4a83-8a78-f5858cfc2f67->e4359d7d-049d-4ed5-b522-e458a01bef8f): Wait interrupted by java.lang.InterruptedException
2019-08-23 19:58:50,348 [org.apache.ratis.server.impl.LogAppender$AppenderDaemon$$Lambda$398/1604956656@701050ba] WARN  server.GrpcLogAppender (GrpcLogAppender.java:mayWait(143)) - GrpcLogAppender(76c40241-e9c3-4a83-8a78-f5858cfc2f67->39f39e0a-be75-467c-aaf0-77e27bb45711): Wait interrupted by java.lang.InterruptedException
2019-08-23 19:58:50,348 [ForkJoinPool.commonPool-worker-0] INFO  impl.StateMachineUpdater (StateMachineUpdater.java:stopAndJoin(115)) - StateMachineUpdater:76c40241-e9c3-4a83-8a78-f5858cfc2f67:group-0463FDDFC8C6: set stopIndex = 0
2019-08-23 19:58:50,349 [ForkJoinPool.commonPool-worker-0] INFO  impl.RaftServerImpl (ServerState.java:close(394)) - 76c40241-e9c3-4a83-8a78-f5858cfc2f67:group-0463FDDFC8C6 closes. The last applied log index is 0
2019-08-23 19:58:50,349 [76c40241-e9c3-4a83-8a78-f5858cfc2f67-SegmentedRaftLogWorker:Storage Directory /workdir/hadoop-ozone/ozonefs/target/test-dir/MiniOzoneClusterImpl-fe22ef2d-1048-42e2-b089-b9315fdb5fda/datanode-2/data/ratis/b167ba7c-b620-434e-ad67-0463fddfc8c6] INFO  segmented.SegmentedRaftLogWorker (SegmentedRaftLogWorker.java:run(313)) - 76c40241-e9c3-4a83-8a78-f5858cfc2f67-SegmentedRaftLogWorker:Storage Directory /workdir/hadoop-ozone/ozonefs/target/test-dir/MiniOzoneClusterImpl-fe22ef2d-1048-42e2-b089-b9315fdb5fda/datanode-2/data/ratis/b167ba7c-b620-434e-ad67-0463fddfc8c6 was interrupted, exiting. There are 0 tasks remaining in the queue.
2019-08-23 19:58:50,352 [ForkJoinPool.commonPool-worker-0] INFO  segmented.SegmentedRaftLogWorker (SegmentedRaftLogWorker.java:close(228)) - 76c40241-e9c3-4a83-8a78-f5858cfc2f67-SegmentedRaftLogWorker:Storage Directory /workdir/hadoop-ozone/ozonefs/target/test-dir/MiniOzoneClusterImpl-fe22ef2d-1048-42e2-b089-b9315fdb5fda/datanode-2/data/ratis/b167ba7c-b620-434e-ad67-0463fddfc8c6 close()
2019-08-23 19:58:50,353 [ForkJoinPool.commonPool-worker-0] INFO  server.GrpcService (GrpcService.java:closeImpl(155)) - 76c40241-e9c3-4a83-8a78-f5858cfc2f67: shutdown server with port 34295 now
2019-08-23 19:58:50,354 [ForkJoinPool.commonPool-worker-0] INFO  server.GrpcService (GrpcService.java:closeImpl(163)) - 76c40241-e9c3-4a83-8a78-f5858cfc2f67: shutdown server with port 34295 successfully
2019-08-23 19:58:50,355 [ForkJoinPool.commonPool-worker-0] INFO  utils.BackgroundService (BackgroundService.java:shutdown(148)) - Shutting down service BlockDeletingService
2019-08-23 19:58:50,356 [refreshUsed-/workdir/hadoop-ozone/ozonefs/target/test-dir/MiniOzoneClusterImpl-fe22ef2d-1048-42e2-b089-b9315fdb5fda/datanode-2/data/containers] WARN  fs.CachingGetSpaceUsed (CachingGetSpaceUsed.java:run(183)) - Thread Interrupted waiting to refresh disk information: sleep interrupted
2019-08-23 19:58:50,388 [ForkJoinPool.commonPool-worker-0] INFO  statemachine.DatanodeStateMachine (DatanodeStateMachine.java:stopDaemon(395)) - Ozone container server stopped.
2019-08-23 19:58:50,390 [ForkJoinPool.commonPool-worker-0] INFO  handler.ContextHandler (ContextHandler.java:doStop(910)) - Stopped o.e.j.w.WebAppContext@1e4c1c12{/,null,UNAVAILABLE}{/hddsDatanode}
2019-08-23 19:58:50,391 [ForkJoinPool.commonPool-worker-0] INFO  server.AbstractConnector (AbstractConnector.java:doStop(318)) - Stopped ServerConnector@5461003d{HTTP/1.1,[http/1.1]}{0.0.0.0:0}
2019-08-23 19:58:50,393 [ForkJoinPool.commonPool-worker-0] INFO  handler.ContextHandler (ContextHandler.java:doStop(910)) - Stopped o.e.j.s.ServletContextHandler@31b79d67{/static,jar:file:/home/user/.m2/repository/org/apache/hadoop/hadoop-hdds-container-service/0.5.0-SNAPSHOT/hadoop-hdds-container-service-0.5.0-SNAPSHOT.jar!/webapps/static,UNAVAILABLE}
2019-08-23 19:58:50,394 [ForkJoinPool.commonPool-worker-0] INFO  handler.ContextHandler (ContextHandler.java:doStop(910)) - Stopped o.e.j.s.ServletContextHandler@a954f44{/logs,file:///workdir/hadoop-ozone/ozonefs/target/log,UNAVAILABLE}
2019-08-23 19:58:50,395 [Thread-876] INFO  ozone.MiniOzoneClusterImpl (MiniOzoneClusterImpl.java:stop(339)) - Stopping the StorageContainerManager
2019-08-23 19:58:50,395 [Thread-876] INFO  server.StorageContainerManager (StorageContainerManager.java:stop(797)) - Stopping Replication Manager Service.
2019-08-23 19:58:50,395 [Thread-876] INFO  container.ReplicationManager (ReplicationManager.java:stop(193)) - Stopping Replication Monitor Thread.
2019-08-23 19:58:50,396 [Thread-876] INFO  server.StorageContainerManager (StorageContainerManager.java:stop(804)) - Stopping Lease Manager of the command watchers
2019-08-23 19:58:50,396 [Thread-876] INFO  server.StorageContainerManager (StorageContainerManager.java:stop(811)) - Stopping datanode service RPC server
2019-08-23 19:58:50,396 [Thread-876] INFO  server.SCMDatanodeProtocolServer (SCMDatanodeProtocolServer.java:stop(367)) - Stopping the RPC server for DataNodes
2019-08-23 19:58:50,396 [Thread-876] INFO  ipc.Server (Server.java:stop(3082)) - Stopping server on 43654
2019-08-23 19:58:50,399 [IPC Server listener on 43654] INFO  ipc.Server (Server.java:run(1185)) - Stopping IPC Server listener on 43654
2019-08-23 19:58:50,399 [IPC Server Responder] INFO  ipc.Server (Server.java:run(1319)) - Stopping IPC Server Responder
2019-08-23 19:58:50,402 [SCM Heartbeat Processing Thread - 0] WARN  node.NodeStateManager (NodeStateManager.java:scheduleNextHealthCheck(646)) - Current Thread is interrupted, shutting down HB processing thread for Node Manager.
2019-08-23 19:58:50,402 [Thread-876] INFO  server.StorageContainerManager (StorageContainerManager.java:stop(819)) - Stopping block service RPC server
2019-08-23 19:58:50,403 [Thread-876] INFO  server.SCMBlockProtocolServer (SCMBlockProtocolServer.java:stop(148)) - Stopping the RPC server for Block Protocol
2019-08-23 19:58:50,403 [Thread-876] INFO  ipc.Server (Server.java:stop(3082)) - Stopping server on 33401
2019-08-23 19:58:50,404 [Thread-876] INFO  server.StorageContainerManager (StorageContainerManager.java:stop(826)) - Stopping the StorageContainerLocationProtocol RPC server
2019-08-23 19:58:50,404 [Thread-876] INFO  server.SCMClientProtocolServer (SCMClientProtocolServer.java:stop(159)) - Stopping the RPC server for Client Protocol
2019-08-23 19:58:50,405 [IPC Server Responder] INFO  ipc.Server (Server.java:run(1319)) - Stopping IPC Server Responder
2019-08-23 19:58:50,405 [Thread-876] INFO  ipc.Server (Server.java:stop(3082)) - Stopping server on 40960
2019-08-23 19:58:50,404 [IPC Server listener on 33401] INFO  ipc.Server (Server.java:run(1185)) - Stopping IPC Server listener on 33401
2019-08-23 19:58:50,407 [IPC Server listener on 40960] INFO  ipc.Server (Server.java:run(1185)) - Stopping IPC Server listener on 40960
2019-08-23 19:58:50,407 [Thread-876] INFO  server.StorageContainerManager (StorageContainerManager.java:stop(833)) - Stopping Storage Container Manager HTTP server.
2019-08-23 19:58:50,408 [IPC Server Responder] INFO  ipc.Server (Server.java:run(1319)) - Stopping IPC Server Responder
2019-08-23 19:58:50,409 [Thread-876] INFO  handler.ContextHandler (ContextHandler.java:doStop(910)) - Stopped o.e.j.w.WebAppContext@76c9d670{/,null,UNAVAILABLE}{/scm}
2019-08-23 19:58:50,410 [Thread-876] INFO  server.AbstractConnector (AbstractConnector.java:doStop(318)) - Stopped ServerConnector@5f2f9e19{HTTP/1.1,[http/1.1]}{0.0.0.0:0}
2019-08-23 19:58:50,410 [Thread-876] INFO  handler.ContextHandler (ContextHandler.java:doStop(910)) - Stopped o.e.j.s.ServletContextHandler@764b0dd6{/static,jar:file:/home/user/.m2/repository/org/apache/hadoop/hadoop-hdds-server-scm/0.5.0-SNAPSHOT/hadoop-hdds-server-scm-0.5.0-SNAPSHOT.jar!/webapps/static,UNAVAILABLE}
2019-08-23 19:58:50,411 [Thread-876] INFO  handler.ContextHandler (ContextHandler.java:doStop(910)) - Stopped o.e.j.s.ServletContextHandler@5143698f{/logs,file:///workdir/hadoop-ozone/ozonefs/target/log,UNAVAILABLE}
2019-08-23 19:58:50,412 [Thread-876] INFO  server.StorageContainerManager (StorageContainerManager.java:stop(844)) - Stopping Block Manager Service.
2019-08-23 19:58:50,412 [Thread-876] INFO  utils.BackgroundService (BackgroundService.java:shutdown(148)) - Shutting down service SCMBlockDeletingService
2019-08-23 19:58:50,413 [Thread-876] INFO  utils.BackgroundService (BackgroundService.java:shutdown(148)) - Shutting down service SCMBlockDeletingService
2019-08-23 19:58:50,413 [Thread-876] INFO  server.StorageContainerManager (StorageContainerManager.java:stop(866)) - Stopping SCM Event Queue.
2019-08-23 19:58:50,417 [Thread-876] INFO  impl.MetricsSystemImpl (MetricsSystemImpl.java:stop(210)) - Stopping HddsDatanode metrics system...
2019-08-23 19:58:50,421 [Thread-876] INFO  impl.MetricsSystemImpl (MetricsSystemImpl.java:stop(216)) - HddsDatanode metrics system stopped.
]]></system-out>
  </testcase>
  <testcase name="testDeleteCreatesFakeParentDir" classname="org.apache.hadoop.fs.ozone.TestOzoneFileSystem" time="18.096">
    <error message="Bucket or Volume name is null" type="java.lang.IllegalArgumentException">java.lang.IllegalArgumentException: Bucket or Volume name is null
	at org.apache.hadoop.hdds.scm.client.HddsClientUtils.verifyResourceName(HddsClientUtils.java:142)
	at org.apache.hadoop.ozone.client.rpc.RpcClient.getVolumeDetails(RpcClient.java:321)
	at sun.reflect.NativeMethodAccessorImpl.invoke0(Native Method)
	at sun.reflect.NativeMethodAccessorImpl.invoke(NativeMethodAccessorImpl.java:62)
	at sun.reflect.DelegatingMethodAccessorImpl.invoke(DelegatingMethodAccessorImpl.java:43)
	at java.lang.reflect.Method.invoke(Method.java:498)
	at org.apache.hadoop.ozone.client.OzoneClientInvocationHandler.invoke(OzoneClientInvocationHandler.java:54)
	at com.sun.proxy.$Proxy51.getVolumeDetails(Unknown Source)
	at sun.reflect.NativeMethodAccessorImpl.invoke0(Native Method)
	at sun.reflect.NativeMethodAccessorImpl.invoke(NativeMethodAccessorImpl.java:62)
	at sun.reflect.DelegatingMethodAccessorImpl.invoke(DelegatingMethodAccessorImpl.java:43)
	at java.lang.reflect.Method.invoke(Method.java:498)
	at org.apache.hadoop.hdds.tracing.TraceAllMethod.invoke(TraceAllMethod.java:66)
	at com.sun.proxy.$Proxy51.getVolumeDetails(Unknown Source)
	at org.apache.hadoop.ozone.client.ObjectStore.getVolume(ObjectStore.java:171)
	at org.apache.hadoop.fs.ozone.TestOzoneFileSystem.getKey(TestOzoneFileSystem.java:271)
	at org.apache.hadoop.fs.ozone.TestOzoneFileSystem.testDeleteCreatesFakeParentDir(TestOzoneFileSystem.java:136)
	at sun.reflect.NativeMethodAccessorImpl.invoke0(Native Method)
	at sun.reflect.NativeMethodAccessorImpl.invoke(NativeMethodAccessorImpl.java:62)
	at sun.reflect.DelegatingMethodAccessorImpl.invoke(DelegatingMethodAccessorImpl.java:43)
	at java.lang.reflect.Method.invoke(Method.java:498)
	at org.junit.runners.model.FrameworkMethod$1.runReflectiveCall(FrameworkMethod.java:47)
	at org.junit.internal.runners.model.ReflectiveCallable.run(ReflectiveCallable.java:12)
	at org.junit.runners.model.FrameworkMethod.invokeExplosively(FrameworkMethod.java:44)
	at org.junit.internal.runners.statements.InvokeMethod.evaluate(InvokeMethod.java:17)
	at org.junit.internal.runners.statements.RunBefores.evaluate(RunBefores.java:26)
	at org.junit.internal.runners.statements.RunAfters.evaluate(RunAfters.java:27)
	at org.junit.internal.runners.statements.FailOnTimeout$StatementThread.run(FailOnTimeout.java:74)
</error>
    <system-out><![CDATA[2019-08-23 19:58:50,460 [Thread-1094] WARN  server.ServerUtils (ServerUtils.java:getScmDbDir(145)) - ozone.scm.db.dirs is not configured. We recommend adding this setting. Falling back to ozone.metadata.dirs instead.
2019-08-23 19:58:50,482 [Thread-1094] WARN  server.ServerUtils (ServerUtils.java:getScmDbDir(145)) - ozone.scm.db.dirs is not configured. We recommend adding this setting. Falling back to ozone.metadata.dirs instead.
2019-08-23 19:58:50,483 [Thread-1094] WARN  server.ServerUtils (ServerUtils.java:getScmDbDir(145)) - ozone.scm.db.dirs is not configured. We recommend adding this setting. Falling back to ozone.metadata.dirs instead.
2019-08-23 19:58:50,484 [Thread-1094] INFO  db.DBStoreBuilder (DBStoreBuilder.java:addTable(110)) - using custom profile for table: deletedBlocks
2019-08-23 19:58:50,484 [Thread-1094] INFO  db.DBStoreBuilder (DBStoreBuilder.java:processTables(161)) - Using default column profile:DBProfile.DISK for Table:deletedBlocks
2019-08-23 19:58:50,484 [Thread-1094] INFO  db.DBStoreBuilder (DBStoreBuilder.java:addTable(110)) - using custom profile for table: validCerts
2019-08-23 19:58:50,484 [Thread-1094] INFO  db.DBStoreBuilder (DBStoreBuilder.java:processTables(161)) - Using default column profile:DBProfile.DISK for Table:validCerts
2019-08-23 19:58:50,484 [Thread-1094] INFO  db.DBStoreBuilder (DBStoreBuilder.java:addTable(110)) - using custom profile for table: revokedCerts
2019-08-23 19:58:50,484 [Thread-1094] INFO  db.DBStoreBuilder (DBStoreBuilder.java:processTables(161)) - Using default column profile:DBProfile.DISK for Table:revokedCerts
2019-08-23 19:58:50,485 [Thread-1094] INFO  db.DBStoreBuilder (DBStoreBuilder.java:addTable(110)) - using custom profile for table: default
2019-08-23 19:58:50,485 [Thread-1094] INFO  db.DBStoreBuilder (DBStoreBuilder.java:processTables(167)) - Using default column profile:DBProfile.DISK for Table:default
2019-08-23 19:58:50,485 [Thread-1094] INFO  db.DBStoreBuilder (DBStoreBuilder.java:getDbProfile(198)) - Using default options. DBProfile.DISK
2019-08-23 19:58:50,837 [Thread-1094] INFO  net.NodeSchemaLoader (NodeSchemaLoader.java:loadSchemaFromFile(125)) - Loading file from sun.misc.CompoundEnumeration@6be6a733
2019-08-23 19:58:50,837 [Thread-1094] INFO  net.NodeSchemaLoader (NodeSchemaLoader.java:loadSchema(171)) - Loading network topology layer schema file
2019-08-23 19:58:50,845 [Thread-1094] WARN  server.ServerUtils (ServerUtils.java:sanitizeUserArgs(70)) - ozone.scm.stale.node.interval value = 300000 is larger than max = 100000 based on the key value of ozone.scm.heartbeat.thread.interval, reset to the max value 100000.
2019-08-23 19:58:50,845 [Thread-1094] WARN  server.ServerUtils (ServerUtils.java:sanitizeUserArgs(70)) - ozone.scm.stale.node.interval value = 300000 is larger than max = 100000 based on the key value of ozone.scm.heartbeat.thread.interval, reset to the max value 100000.
2019-08-23 19:58:50,845 [Thread-1094] INFO  node.SCMNodeManager (SCMNodeManager.java:<init>(121)) - Entering startup safe mode.
2019-08-23 19:58:50,846 [Thread-1094] INFO  algorithms.ContainerPlacementPolicyFactory (ContainerPlacementPolicyFactory.java:getPolicy(55)) - Create container placement policy of type org.apache.hadoop.hdds.scm.container.placement.algorithms.SCMContainerPlacementRandom
2019-08-23 19:58:50,846 [Thread-1094] WARN  server.ServerUtils (ServerUtils.java:getScmDbDir(145)) - ozone.scm.db.dirs is not configured. We recommend adding this setting. Falling back to ozone.metadata.dirs instead.
2019-08-23 19:58:50,995 [Thread-1094] INFO  pipeline.SCMPipelineManager (SCMPipelineManager.java:initializePipelineState(126)) - No pipeline exists in current db
2019-08-23 19:58:50,995 [Thread-1094] WARN  server.ServerUtils (ServerUtils.java:getScmDbDir(145)) - ozone.scm.db.dirs is not configured. We recommend adding this setting. Falling back to ozone.metadata.dirs instead.
2019-08-23 19:58:51,132 [Thread-1094] WARN  events.EventQueue (EventQueue.java:fireEvent(175)) - No event handler registered for event TypedEvent{payloadType=SafeModeStatus, name='SafeModeStatus'}
2019-08-23 19:58:51,133 [Thread-1094] INFO  ipc.CallQueueManager (CallQueueManager.java:<init>(84)) - Using callQueue: class java.util.concurrent.LinkedBlockingQueue, queueCapacity: 2000, scheduler: class org.apache.hadoop.ipc.DefaultRpcScheduler, ipcBackoff: false.
2019-08-23 19:58:51,135 [Socket Reader #1 for port 41342] INFO  ipc.Server (Server.java:run(1074)) - Starting Socket Reader #1 for port 41342
2019-08-23 19:58:51,137 [Thread-1094] INFO  ipc.CallQueueManager (CallQueueManager.java:<init>(84)) - Using callQueue: class java.util.concurrent.LinkedBlockingQueue, queueCapacity: 2000, scheduler: class org.apache.hadoop.ipc.DefaultRpcScheduler, ipcBackoff: false.
2019-08-23 19:58:51,137 [Socket Reader #1 for port 33503] INFO  ipc.Server (Server.java:run(1074)) - Starting Socket Reader #1 for port 33503
2019-08-23 19:58:51,139 [Thread-1094] INFO  ipc.CallQueueManager (CallQueueManager.java:<init>(84)) - Using callQueue: class java.util.concurrent.LinkedBlockingQueue, queueCapacity: 2000, scheduler: class org.apache.hadoop.ipc.DefaultRpcScheduler, ipcBackoff: false.
2019-08-23 19:58:51,140 [Socket Reader #1 for port 39616] INFO  ipc.Server (Server.java:run(1074)) - Starting Socket Reader #1 for port 39616
2019-08-23 19:58:51,144 [Thread-1094] INFO  hdfs.DFSUtil (DFSUtil.java:httpServerTemplateForNNAndJN(1641)) - Starting Web-server for scm at: http://0.0.0.0:0
2019-08-23 19:58:51,147 [Thread-1094] INFO  server.AuthenticationFilter (AuthenticationFilter.java:constructSecretProvider(240)) - Unable to initialize FileSignerSecretProvider, falling back to use random secrets.
2019-08-23 19:58:51,148 [Thread-1094] WARN  http.HttpRequestLog (HttpRequestLog.java:getRequestLog(97)) - Jetty request log can only be enabled using Log4j
2019-08-23 19:58:51,151 [Thread-1094] INFO  http.HttpServer2 (HttpServer2.java:addGlobalFilter(975)) - Added global filter 'safety' (class=org.apache.hadoop.http.HttpServer2$QuotingInputFilter)
2019-08-23 19:58:51,152 [Thread-1094] INFO  http.HttpServer2 (HttpServer2.java:addFilter(948)) - Added filter static_user_filter (class=org.apache.hadoop.http.lib.StaticUserWebFilter$StaticUserFilter) to context scm
2019-08-23 19:58:51,152 [Thread-1094] INFO  http.HttpServer2 (HttpServer2.java:addFilter(958)) - Added filter static_user_filter (class=org.apache.hadoop.http.lib.StaticUserWebFilter$StaticUserFilter) to context logs
2019-08-23 19:58:51,152 [Thread-1094] INFO  http.HttpServer2 (HttpServer2.java:addFilter(958)) - Added filter static_user_filter (class=org.apache.hadoop.http.lib.StaticUserWebFilter$StaticUserFilter) to context static
2019-08-23 19:58:51,154 [Thread-1094] INFO  server.StorageContainerManager (StorageContainerManager.java:start(759)) - StorageContainerLocationProtocol RPC server is listening at /0.0.0.0:39616
2019-08-23 19:58:51,157 [Thread-1094] WARN  impl.MetricsConfig (MetricsConfig.java:loadFirst(134)) - Cannot locate configuration: tried hadoop-metrics2-storagecontainermanager.properties,hadoop-metrics2.properties
2019-08-23 19:58:51,158 [Thread-1094] INFO  impl.MetricsSystemImpl (MetricsSystemImpl.java:startTimer(374)) - Scheduled Metric snapshot period at 10 second(s).
2019-08-23 19:58:51,158 [Thread-1094] INFO  impl.MetricsSystemImpl (MetricsSystemImpl.java:start(191)) - StorageContainerManager metrics system started
2019-08-23 19:58:51,211 [Thread-1094] INFO  server.SCMClientProtocolServer (SCMClientProtocolServer.java:start(151)) - RPC server for Client  is listening at /0.0.0.0:39616
2019-08-23 19:58:51,212 [IPC Server Responder] INFO  ipc.Server (Server.java:run(1314)) - IPC Server Responder: starting
2019-08-23 19:58:51,212 [IPC Server listener on 39616] INFO  ipc.Server (Server.java:run(1153)) - IPC Server listener on 39616: starting
2019-08-23 19:58:51,215 [Thread-1094] INFO  server.StorageContainerManager (StorageContainerManager.java:start(769)) - ScmBlockLocationProtocol RPC server is listening at /0.0.0.0:33503
2019-08-23 19:58:51,215 [Thread-1094] INFO  server.SCMBlockProtocolServer (SCMBlockProtocolServer.java:start(140)) - RPC server for Block Protocol is listening at /0.0.0.0:33503
2019-08-23 19:58:51,216 [IPC Server Responder] INFO  ipc.Server (Server.java:run(1314)) - IPC Server Responder: starting
2019-08-23 19:58:51,216 [IPC Server listener on 33503] INFO  ipc.Server (Server.java:run(1153)) - IPC Server listener on 33503: starting
2019-08-23 19:58:51,219 [Thread-1094] INFO  server.StorageContainerManager (StorageContainerManager.java:start(773)) - ScmDatanodeProtocl RPC server is listening at /0.0.0.0:41342
2019-08-23 19:58:51,219 [Thread-1094] INFO  server.SCMDatanodeProtocolServer (SCMDatanodeProtocolServer.java:start(191)) - RPC server for DataNodes is listening at /0.0.0.0:41342
2019-08-23 19:58:51,220 [IPC Server Responder] INFO  ipc.Server (Server.java:run(1314)) - IPC Server Responder: starting
2019-08-23 19:58:51,220 [IPC Server listener on 41342] INFO  ipc.Server (Server.java:run(1153)) - IPC Server listener on 41342: starting
2019-08-23 19:58:51,225 [Thread-1094] INFO  http.HttpServer2 (HttpServer2.java:bindListener(1191)) - Jetty bound to port 34148
2019-08-23 19:58:51,225 [Thread-1094] INFO  server.Server (Server.java:doStart(351)) - jetty-9.3.24.v20180605, build timestamp: 2018-06-05T17:11:56Z, git hash: 84205aa28f11a4f31f2a3b86d1bba2cc8ab69827
2019-08-23 19:58:51,228 [Thread-1094] INFO  handler.ContextHandler (ContextHandler.java:doStart(781)) - Started o.e.j.s.ServletContextHandler@72ad9c28{/logs,file:///workdir/hadoop-ozone/ozonefs/target/log,AVAILABLE}
2019-08-23 19:58:51,228 [Thread-1094] INFO  handler.ContextHandler (ContextHandler.java:doStart(781)) - Started o.e.j.s.ServletContextHandler@795a1663{/static,jar:file:/home/user/.m2/repository/org/apache/hadoop/hadoop-hdds-server-scm/0.5.0-SNAPSHOT/hadoop-hdds-server-scm-0.5.0-SNAPSHOT.jar!/webapps/static,AVAILABLE}
2019-08-23 19:58:51,286 [Thread-1094] INFO  handler.ContextHandler (ContextHandler.java:doStart(781)) - Started o.e.j.w.WebAppContext@46e409a3{/,file:///tmp/jetty-0.0.0.0-34148-scm-_-any-6381460435660567242.dir/webapp/,AVAILABLE}{/scm}
2019-08-23 19:58:51,286 [Thread-1094] INFO  server.AbstractConnector (AbstractConnector.java:doStart(278)) - Started ServerConnector@e98793b{HTTP/1.1,[http/1.1]}{0.0.0.0:34148}
2019-08-23 19:58:51,287 [Thread-1094] INFO  server.Server (Server.java:doStart(419)) - Started @98520ms
2019-08-23 19:58:51,288 [Thread-1094] INFO  server.BaseHttpServer (BaseHttpServer.java:updateConnectorAddress(213)) - HTTP server of SCM is listening at http://0.0.0.0:34148
2019-08-23 19:58:51,289 [Thread-1094] WARN  server.ServerUtils (ServerUtils.java:getDBPath(222)) - ozone.om.db.dirs is not configured. We recommend adding this setting. Falling back to ozone.metadata.dirs instead.
2019-08-23 19:58:51,290 [org.apache.hadoop.util.JvmPauseMonitor$Monitor@2559373c] INFO  util.JvmPauseMonitor (JvmPauseMonitor.java:run(188)) - Starting JVM pause monitor
2019-08-23 19:58:51,320 [Thread-1094] WARN  server.ServerUtils (ServerUtils.java:getDBPath(222)) - ozone.om.db.dirs is not configured. We recommend adding this setting. Falling back to ozone.metadata.dirs instead.
2019-08-23 19:58:51,320 [Thread-1094] WARN  server.ServerUtils (ServerUtils.java:getDBPath(222)) - ozone.om.db.dirs is not configured. We recommend adding this setting. Falling back to ozone.metadata.dirs instead.
2019-08-23 19:58:51,321 [Thread-1094] INFO  om.OzoneManager (OzoneManager.java:setOMNodeDetails(648)) - OM Service ID is not set. Setting it to the default ID: omServiceIdDefault
2019-08-23 19:58:51,321 [Thread-1094] INFO  om.OzoneManager (OzoneManager.java:setOMNodeDetails(654)) - OM Node ID is not set. Setting it to the OmStorage's OmID: 5479f689-925a-4f1d-ac53-c85929f77423
2019-08-23 19:58:51,321 [Thread-1094] INFO  om.OzoneManager (OzoneManager.java:loadOMHAConfigs(605)) - Found matching OM address with OMServiceId: null, OMNodeId: null, RPC Address: localhost:0 and Ratis port: 9872
2019-08-23 19:58:51,332 | INFO  | SCMAudit | user=jenkins1000 | ip=192.168.36.107 | op=GET_SCM_INFO null | ret=SUCCESS |  
2019-08-23 19:58:51,335 [Thread-1094] WARN  server.ServerUtils (ServerUtils.java:getDBPath(222)) - ozone.om.db.dirs is not configured. We recommend adding this setting. Falling back to ozone.metadata.dirs instead.
2019-08-23 19:58:51,335 [Thread-1094] INFO  db.DBStoreBuilder (DBStoreBuilder.java:addTable(110)) - using custom profile for table: userTable
2019-08-23 19:58:51,335 [Thread-1094] INFO  db.DBStoreBuilder (DBStoreBuilder.java:processTables(161)) - Using default column profile:DBProfile.DISK for Table:userTable
2019-08-23 19:58:51,336 [Thread-1094] INFO  db.DBStoreBuilder (DBStoreBuilder.java:addTable(110)) - using custom profile for table: volumeTable
2019-08-23 19:58:51,336 [Thread-1094] INFO  db.DBStoreBuilder (DBStoreBuilder.java:processTables(161)) - Using default column profile:DBProfile.DISK for Table:volumeTable
2019-08-23 19:58:51,336 [Thread-1094] INFO  db.DBStoreBuilder (DBStoreBuilder.java:addTable(110)) - using custom profile for table: bucketTable
2019-08-23 19:58:51,336 [Thread-1094] INFO  db.DBStoreBuilder (DBStoreBuilder.java:processTables(161)) - Using default column profile:DBProfile.DISK for Table:bucketTable
2019-08-23 19:58:51,337 [Thread-1094] INFO  db.DBStoreBuilder (DBStoreBuilder.java:addTable(110)) - using custom profile for table: keyTable
2019-08-23 19:58:51,337 [Thread-1094] INFO  db.DBStoreBuilder (DBStoreBuilder.java:processTables(161)) - Using default column profile:DBProfile.DISK for Table:keyTable
2019-08-23 19:58:51,337 [Thread-1094] INFO  db.DBStoreBuilder (DBStoreBuilder.java:addTable(110)) - using custom profile for table: deletedTable
2019-08-23 19:58:51,337 [Thread-1094] INFO  db.DBStoreBuilder (DBStoreBuilder.java:processTables(161)) - Using default column profile:DBProfile.DISK for Table:deletedTable
2019-08-23 19:58:51,337 [Thread-1094] INFO  db.DBStoreBuilder (DBStoreBuilder.java:addTable(110)) - using custom profile for table: openKeyTable
2019-08-23 19:58:51,338 [Thread-1094] INFO  db.DBStoreBuilder (DBStoreBuilder.java:processTables(161)) - Using default column profile:DBProfile.DISK for Table:openKeyTable
2019-08-23 19:58:51,338 [Thread-1094] INFO  db.DBStoreBuilder (DBStoreBuilder.java:addTable(110)) - using custom profile for table: s3Table
2019-08-23 19:58:51,338 [Thread-1094] INFO  db.DBStoreBuilder (DBStoreBuilder.java:processTables(161)) - Using default column profile:DBProfile.DISK for Table:s3Table
2019-08-23 19:58:51,338 [Thread-1094] INFO  db.DBStoreBuilder (DBStoreBuilder.java:addTable(110)) - using custom profile for table: multipartInfoTable
2019-08-23 19:58:51,338 [Thread-1094] INFO  db.DBStoreBuilder (DBStoreBuilder.java:processTables(161)) - Using default column profile:DBProfile.DISK for Table:multipartInfoTable
2019-08-23 19:58:51,339 [Thread-1094] INFO  db.DBStoreBuilder (DBStoreBuilder.java:addTable(110)) - using custom profile for table: dTokenTable
2019-08-23 19:58:51,339 [Thread-1094] INFO  db.DBStoreBuilder (DBStoreBuilder.java:processTables(161)) - Using default column profile:DBProfile.DISK for Table:dTokenTable
2019-08-23 19:58:51,339 [Thread-1094] INFO  db.DBStoreBuilder (DBStoreBuilder.java:addTable(110)) - using custom profile for table: s3SecretTable
2019-08-23 19:58:51,339 [Thread-1094] INFO  db.DBStoreBuilder (DBStoreBuilder.java:processTables(161)) - Using default column profile:DBProfile.DISK for Table:s3SecretTable
2019-08-23 19:58:51,340 [Thread-1094] INFO  db.DBStoreBuilder (DBStoreBuilder.java:addTable(110)) - using custom profile for table: prefixTable
2019-08-23 19:58:51,340 [Thread-1094] INFO  db.DBStoreBuilder (DBStoreBuilder.java:processTables(161)) - Using default column profile:DBProfile.DISK for Table:prefixTable
2019-08-23 19:58:51,340 [Thread-1094] INFO  db.DBStoreBuilder (DBStoreBuilder.java:addTable(110)) - using custom profile for table: default
2019-08-23 19:58:51,340 [Thread-1094] INFO  db.DBStoreBuilder (DBStoreBuilder.java:processTables(167)) - Using default column profile:DBProfile.DISK for Table:default
2019-08-23 19:58:51,340 [Thread-1094] INFO  db.DBStoreBuilder (DBStoreBuilder.java:getDbProfile(198)) - Using default options. DBProfile.DISK
2019-08-23 19:58:52,260 [Thread-1094] INFO  ipc.CallQueueManager (CallQueueManager.java:<init>(84)) - Using callQueue: class java.util.concurrent.LinkedBlockingQueue, queueCapacity: 2000, scheduler: class org.apache.hadoop.ipc.DefaultRpcScheduler, ipcBackoff: false.
2019-08-23 19:58:52,261 [Socket Reader #1 for port 42456] INFO  ipc.Server (Server.java:run(1074)) - Starting Socket Reader #1 for port 42456
2019-08-23 19:58:52,288 [Thread-1094] INFO  om.OzoneManager (OzoneManager.java:start(1259)) - OzoneManager RPC server is listening at localhost/127.0.0.1:42456
2019-08-23 19:58:52,288 [Thread-1094] INFO  impl.MetricsSystemImpl (MetricsSystemImpl.java:init(158)) - OzoneManager metrics system started (again)
2019-08-23 19:58:52,289 [IPC Server Responder] INFO  ipc.Server (Server.java:run(1314)) - IPC Server Responder: starting
2019-08-23 19:58:52,289 [IPC Server listener on 42456] INFO  ipc.Server (Server.java:run(1153)) - IPC Server listener on 42456: starting
2019-08-23 19:58:52,294 [Thread-1094] INFO  hdfs.DFSUtil (DFSUtil.java:httpServerTemplateForNNAndJN(1641)) - Starting Web-server for ozoneManager at: http://0.0.0.0:0
2019-08-23 19:58:52,296 [Thread-1094] INFO  server.AuthenticationFilter (AuthenticationFilter.java:constructSecretProvider(240)) - Unable to initialize FileSignerSecretProvider, falling back to use random secrets.
2019-08-23 19:58:52,297 [Thread-1094] WARN  http.HttpRequestLog (HttpRequestLog.java:getRequestLog(97)) - Jetty request log can only be enabled using Log4j
2019-08-23 19:58:52,299 [Thread-1094] INFO  http.HttpServer2 (HttpServer2.java:addGlobalFilter(975)) - Added global filter 'safety' (class=org.apache.hadoop.http.HttpServer2$QuotingInputFilter)
2019-08-23 19:58:52,300 [Thread-1094] INFO  http.HttpServer2 (HttpServer2.java:addFilter(948)) - Added filter static_user_filter (class=org.apache.hadoop.http.lib.StaticUserWebFilter$StaticUserFilter) to context ozoneManager
2019-08-23 19:58:52,300 [Thread-1094] INFO  http.HttpServer2 (HttpServer2.java:addFilter(958)) - Added filter static_user_filter (class=org.apache.hadoop.http.lib.StaticUserWebFilter$StaticUserFilter) to context logs
2019-08-23 19:58:52,300 [Thread-1094] INFO  http.HttpServer2 (HttpServer2.java:addFilter(958)) - Added filter static_user_filter (class=org.apache.hadoop.http.lib.StaticUserWebFilter$StaticUserFilter) to context static
2019-08-23 19:58:52,301 [Thread-1094] INFO  http.HttpServer2 (HttpServer2.java:bindListener(1191)) - Jetty bound to port 42767
2019-08-23 19:58:52,301 [Thread-1094] INFO  server.Server (Server.java:doStart(351)) - jetty-9.3.24.v20180605, build timestamp: 2018-06-05T17:11:56Z, git hash: 84205aa28f11a4f31f2a3b86d1bba2cc8ab69827
2019-08-23 19:58:52,303 [Thread-1094] INFO  handler.ContextHandler (ContextHandler.java:doStart(781)) - Started o.e.j.s.ServletContextHandler@1a2a726f{/logs,file:///workdir/hadoop-ozone/ozonefs/target/log,AVAILABLE}
2019-08-23 19:58:52,303 [Thread-1094] INFO  handler.ContextHandler (ContextHandler.java:doStart(781)) - Started o.e.j.s.ServletContextHandler@2475eace{/static,jar:file:/home/user/.m2/repository/org/apache/hadoop/hadoop-ozone-ozone-manager/0.5.0-SNAPSHOT/hadoop-ozone-ozone-manager-0.5.0-SNAPSHOT.jar!/webapps/static,AVAILABLE}
2019-08-23 19:58:52,356 [Thread-1094] INFO  handler.ContextHandler (ContextHandler.java:doStart(781)) - Started o.e.j.w.WebAppContext@54eef79a{/,file:///tmp/jetty-0.0.0.0-42767-ozoneManager-_-any-4138777042104890905.dir/webapp/,AVAILABLE}{/ozoneManager}
2019-08-23 19:58:52,356 [Thread-1094] INFO  server.AbstractConnector (AbstractConnector.java:doStart(278)) - Started ServerConnector@774c8675{HTTP/1.1,[http/1.1]}{0.0.0.0:42767}
2019-08-23 19:58:52,357 [Thread-1094] INFO  server.Server (Server.java:doStart(419)) - Started @99590ms
2019-08-23 19:58:52,358 [Thread-1094] INFO  server.BaseHttpServer (BaseHttpServer.java:updateConnectorAddress(213)) - HTTP server of OZONEMANAGER is listening at http://0.0.0.0:42767
2019-08-23 19:58:52,365 [Thread-1094] INFO  impl.MetricsSystemImpl (MetricsSystemImpl.java:init(158)) - HddsDatanode metrics system started (again)
2019-08-23 19:58:52,367 [Thread-1094] INFO  ozone.HddsDatanodeService (HddsDatanodeService.java:start(184)) - HddsDatanodeService host:pr-hdds-738-bs8cz-951698853 ip:192.168.36.107
2019-08-23 19:58:52,374 [Thread-1094] INFO  volume.HddsVolume (HddsVolume.java:<init>(176)) - Creating Volume: /workdir/hadoop-ozone/ozonefs/target/test-dir/MiniOzoneClusterImpl-543f2ac3-ec6a-40e0-90c6-1f9d9b3dc6e0/datanode-0/data/containers/hdds of  storage type : DISK and capacity : 1482555576320
2019-08-23 19:58:52,374 [Thread-1094] INFO  volume.VolumeSet (VolumeSet.java:initializeVolumeSet(170)) - Added Volume : /workdir/hadoop-ozone/ozonefs/target/test-dir/MiniOzoneClusterImpl-543f2ac3-ec6a-40e0-90c6-1f9d9b3dc6e0/datanode-0/data/containers/hdds to VolumeSet
2019-08-23 19:58:52,374 [Thread-1094] INFO  volume.ThrottledAsyncChecker (ThrottledAsyncChecker.java:schedule(140)) - Scheduling a check for org.apache.hadoop.ozone.container.common.volume.HddsVolume@168b210c
2019-08-23 19:58:52,375 [Thread-1094] INFO  volume.HddsVolumeChecker (HddsVolumeChecker.java:checkAllVolumes(203)) - Scheduled health check for volume org.apache.hadoop.ozone.container.common.volume.HddsVolume@168b210c
2019-08-23 19:58:52,397 [Thread-1094] INFO  impl.RaftServerProxy (ConfUtils.java:logGet(43)) - raft.rpc.type = GRPC (default)
2019-08-23 19:58:52,397 [Thread-1094] INFO  grpc.GrpcFactory (GrpcFactory.java:checkPooledByteBufAllocatorUseCacheForAllThreads(45)) - PERFORMANCE WARNING: useCacheForAllThreads is true that may cause Netty to create a lot garbage objects and, as a result, trigger GC.
	It is recommended to disable useCacheForAllThreads by setting -Dorg.apache.ratis.thirdparty.io.netty.allocator.useCacheForAllThreads=false in command line.
2019-08-23 19:58:52,397 [Thread-1094] INFO  grpc.GrpcConfigKeys$Server (ConfUtils.java:logGet(43)) - raft.grpc.server.port = 0 (default)
2019-08-23 19:58:52,398 [Thread-1094] INFO  server.GrpcService (ConfUtils.java:logGet(43)) - raft.grpc.message.size.max = 33570816 (custom)
2019-08-23 19:58:52,398 [Thread-1094] INFO  server.RaftServerConfigKeys (ConfUtils.java:logGet(43)) - raft.server.log.appender.buffer.byte-limit = 33554432 (custom)
2019-08-23 19:58:52,398 [Thread-1094] INFO  server.GrpcService (ConfUtils.java:logGet(43)) - raft.grpc.flow.control.window = 1MB (=1048576) (default)
2019-08-23 19:58:52,398 [Thread-1094] INFO  server.RaftServerConfigKeys (ConfUtils.java:logGet(43)) - raft.server.rpc.request.timeout = 3000ms (default)
2019-08-23 19:58:52,399 [Thread-1094] INFO  server.RaftServerConfigKeys (ConfUtils.java:logGet(43)) - raft.server.storage.dir = [/workdir/hadoop-ozone/ozonefs/target/test-dir/MiniOzoneClusterImpl-543f2ac3-ec6a-40e0-90c6-1f9d9b3dc6e0/datanode-0/data/ratis] (custom)
2019-08-23 19:58:52,400 [Thread-1094] INFO  replication.SimpleContainerDownloader (SimpleContainerDownloader.java:<init>(72)) - Starting container downloader service to copy containers to replicate.
2019-08-23 19:58:52,402 [Thread-1094] INFO  hdfs.DFSUtil (DFSUtil.java:httpServerTemplateForNNAndJN(1641)) - Starting Web-server for hddsDatanode at: http://0.0.0.0:0
2019-08-23 19:58:52,404 [Thread-1094] INFO  server.AuthenticationFilter (AuthenticationFilter.java:constructSecretProvider(240)) - Unable to initialize FileSignerSecretProvider, falling back to use random secrets.
2019-08-23 19:58:52,405 [Thread-1094] WARN  http.HttpRequestLog (HttpRequestLog.java:getRequestLog(97)) - Jetty request log can only be enabled using Log4j
2019-08-23 19:58:52,407 [Thread-1094] INFO  http.HttpServer2 (HttpServer2.java:addGlobalFilter(975)) - Added global filter 'safety' (class=org.apache.hadoop.http.HttpServer2$QuotingInputFilter)
2019-08-23 19:58:52,408 [Thread-1094] INFO  http.HttpServer2 (HttpServer2.java:addFilter(948)) - Added filter static_user_filter (class=org.apache.hadoop.http.lib.StaticUserWebFilter$StaticUserFilter) to context hddsDatanode
2019-08-23 19:58:52,408 [Thread-1094] INFO  http.HttpServer2 (HttpServer2.java:addFilter(958)) - Added filter static_user_filter (class=org.apache.hadoop.http.lib.StaticUserWebFilter$StaticUserFilter) to context logs
2019-08-23 19:58:52,408 [Thread-1094] INFO  http.HttpServer2 (HttpServer2.java:addFilter(958)) - Added filter static_user_filter (class=org.apache.hadoop.http.lib.StaticUserWebFilter$StaticUserFilter) to context static
2019-08-23 19:58:52,409 [Thread-1094] INFO  http.HttpServer2 (HttpServer2.java:bindListener(1191)) - Jetty bound to port 34898
2019-08-23 19:58:52,409 [Thread-1094] INFO  server.Server (Server.java:doStart(351)) - jetty-9.3.24.v20180605, build timestamp: 2018-06-05T17:11:56Z, git hash: 84205aa28f11a4f31f2a3b86d1bba2cc8ab69827
2019-08-23 19:58:52,411 [Thread-1094] INFO  handler.ContextHandler (ContextHandler.java:doStart(781)) - Started o.e.j.s.ServletContextHandler@50a31d95{/logs,file:///workdir/hadoop-ozone/ozonefs/target/log,AVAILABLE}
2019-08-23 19:58:52,412 [Thread-1094] INFO  handler.ContextHandler (ContextHandler.java:doStart(781)) - Started o.e.j.s.ServletContextHandler@64323d0b{/static,jar:file:/home/user/.m2/repository/org/apache/hadoop/hadoop-hdds-container-service/0.5.0-SNAPSHOT/hadoop-hdds-container-service-0.5.0-SNAPSHOT.jar!/webapps/static,AVAILABLE}
2019-08-23 19:58:52,458 [Thread-1094] INFO  handler.ContextHandler (ContextHandler.java:doStart(781)) - Started o.e.j.w.WebAppContext@5ae294b0{/,file:///tmp/jetty-0.0.0.0-34898-hddsDatanode-_-any-72437173423203589.dir/webapp/,AVAILABLE}{/hddsDatanode}
2019-08-23 19:58:52,458 [Thread-1094] INFO  server.AbstractConnector (AbstractConnector.java:doStart(278)) - Started ServerConnector@41174801{HTTP/1.1,[http/1.1]}{0.0.0.0:34898}
2019-08-23 19:58:52,460 [Thread-1094] INFO  server.Server (Server.java:doStart(419)) - Started @99692ms
2019-08-23 19:58:52,460 [Thread-1094] INFO  server.BaseHttpServer (BaseHttpServer.java:updateConnectorAddress(213)) - HTTP server of HDDSDATANODE is listening at http://0.0.0.0:34898
2019-08-23 19:58:52,461 [Thread-1094] INFO  impl.MetricsSystemImpl (MetricsSystemImpl.java:init(158)) - HddsDatanode metrics system started (again)
2019-08-23 19:58:52,463 [org.apache.hadoop.util.JvmPauseMonitor$Monitor@5d0508e2] INFO  util.JvmPauseMonitor (JvmPauseMonitor.java:run(188)) - Starting JVM pause monitor
2019-08-23 19:58:52,464 [Thread-1094] INFO  ozone.HddsDatanodeService (HddsDatanodeService.java:start(184)) - HddsDatanodeService host:pr-hdds-738-bs8cz-951698853 ip:192.168.36.107
2019-08-23 19:58:52,468 [Datanode State Machine Thread - 0] INFO  datanode.InitDatanodeState (InitDatanodeState.java:persistContainerDatanodeDetails(140)) - DatanodeDetails is persisted to /workdir/hadoop-ozone/ozonefs/target/test-dir/MiniOzoneClusterImpl-543f2ac3-ec6a-40e0-90c6-1f9d9b3dc6e0/datanode-0/meta/datanode.id
2019-08-23 19:58:52,471 [Thread-1094] INFO  volume.HddsVolume (HddsVolume.java:<init>(176)) - Creating Volume: /workdir/hadoop-ozone/ozonefs/target/test-dir/MiniOzoneClusterImpl-543f2ac3-ec6a-40e0-90c6-1f9d9b3dc6e0/datanode-1/data/containers/hdds of  storage type : DISK and capacity : 1482555576320
2019-08-23 19:58:52,471 [Thread-1094] INFO  volume.VolumeSet (VolumeSet.java:initializeVolumeSet(170)) - Added Volume : /workdir/hadoop-ozone/ozonefs/target/test-dir/MiniOzoneClusterImpl-543f2ac3-ec6a-40e0-90c6-1f9d9b3dc6e0/datanode-1/data/containers/hdds to VolumeSet
2019-08-23 19:58:52,472 [Thread-1094] INFO  volume.ThrottledAsyncChecker (ThrottledAsyncChecker.java:schedule(140)) - Scheduling a check for org.apache.hadoop.ozone.container.common.volume.HddsVolume@6a0ecc12
2019-08-23 19:58:52,472 [Thread-1094] INFO  volume.HddsVolumeChecker (HddsVolumeChecker.java:checkAllVolumes(203)) - Scheduled health check for volume org.apache.hadoop.ozone.container.common.volume.HddsVolume@6a0ecc12
2019-08-23 19:58:52,499 [Thread-1094] INFO  impl.RaftServerProxy (ConfUtils.java:logGet(43)) - raft.rpc.type = GRPC (default)
2019-08-23 19:58:52,499 [Thread-1094] INFO  grpc.GrpcFactory (GrpcFactory.java:checkPooledByteBufAllocatorUseCacheForAllThreads(45)) - PERFORMANCE WARNING: useCacheForAllThreads is true that may cause Netty to create a lot garbage objects and, as a result, trigger GC.
	It is recommended to disable useCacheForAllThreads by setting -Dorg.apache.ratis.thirdparty.io.netty.allocator.useCacheForAllThreads=false in command line.
2019-08-23 19:58:52,499 [Thread-1094] INFO  grpc.GrpcConfigKeys$Server (ConfUtils.java:logGet(43)) - raft.grpc.server.port = 0 (default)
2019-08-23 19:58:52,500 [Thread-1094] INFO  server.GrpcService (ConfUtils.java:logGet(43)) - raft.grpc.message.size.max = 33570816 (custom)
2019-08-23 19:58:52,500 [Thread-1094] INFO  server.RaftServerConfigKeys (ConfUtils.java:logGet(43)) - raft.server.log.appender.buffer.byte-limit = 33554432 (custom)
2019-08-23 19:58:52,500 [Thread-1094] INFO  server.GrpcService (ConfUtils.java:logGet(43)) - raft.grpc.flow.control.window = 1MB (=1048576) (default)
2019-08-23 19:58:52,500 [Thread-1094] INFO  server.RaftServerConfigKeys (ConfUtils.java:logGet(43)) - raft.server.rpc.request.timeout = 3000ms (default)
2019-08-23 19:58:52,501 [Thread-1094] INFO  server.RaftServerConfigKeys (ConfUtils.java:logGet(43)) - raft.server.storage.dir = [/workdir/hadoop-ozone/ozonefs/target/test-dir/MiniOzoneClusterImpl-543f2ac3-ec6a-40e0-90c6-1f9d9b3dc6e0/datanode-1/data/ratis] (custom)
2019-08-23 19:58:52,501 [Thread-1094] INFO  replication.SimpleContainerDownloader (SimpleContainerDownloader.java:<init>(72)) - Starting container downloader service to copy containers to replicate.
2019-08-23 19:58:52,502 [Thread-1094] INFO  hdfs.DFSUtil (DFSUtil.java:httpServerTemplateForNNAndJN(1641)) - Starting Web-server for hddsDatanode at: http://0.0.0.0:0
2019-08-23 19:58:52,504 [Thread-1094] INFO  server.AuthenticationFilter (AuthenticationFilter.java:constructSecretProvider(240)) - Unable to initialize FileSignerSecretProvider, falling back to use random secrets.
2019-08-23 19:58:52,504 [Thread-1094] WARN  http.HttpRequestLog (HttpRequestLog.java:getRequestLog(97)) - Jetty request log can only be enabled using Log4j
2019-08-23 19:58:52,506 [Thread-1094] INFO  http.HttpServer2 (HttpServer2.java:addGlobalFilter(975)) - Added global filter 'safety' (class=org.apache.hadoop.http.HttpServer2$QuotingInputFilter)
2019-08-23 19:58:52,507 [Thread-1094] INFO  http.HttpServer2 (HttpServer2.java:addFilter(948)) - Added filter static_user_filter (class=org.apache.hadoop.http.lib.StaticUserWebFilter$StaticUserFilter) to context hddsDatanode
2019-08-23 19:58:52,507 [Thread-1094] INFO  http.HttpServer2 (HttpServer2.java:addFilter(958)) - Added filter static_user_filter (class=org.apache.hadoop.http.lib.StaticUserWebFilter$StaticUserFilter) to context logs
2019-08-23 19:58:52,508 [Thread-1094] INFO  http.HttpServer2 (HttpServer2.java:addFilter(958)) - Added filter static_user_filter (class=org.apache.hadoop.http.lib.StaticUserWebFilter$StaticUserFilter) to context static
2019-08-23 19:58:52,508 [Thread-1094] INFO  http.HttpServer2 (HttpServer2.java:bindListener(1191)) - Jetty bound to port 45738
2019-08-23 19:58:52,508 [Thread-1094] INFO  server.Server (Server.java:doStart(351)) - jetty-9.3.24.v20180605, build timestamp: 2018-06-05T17:11:56Z, git hash: 84205aa28f11a4f31f2a3b86d1bba2cc8ab69827
2019-08-23 19:58:52,510 [Thread-1094] INFO  handler.ContextHandler (ContextHandler.java:doStart(781)) - Started o.e.j.s.ServletContextHandler@2d90a4d4{/logs,file:///workdir/hadoop-ozone/ozonefs/target/log,AVAILABLE}
2019-08-23 19:58:52,511 [Thread-1094] INFO  handler.ContextHandler (ContextHandler.java:doStart(781)) - Started o.e.j.s.ServletContextHandler@40140541{/static,jar:file:/home/user/.m2/repository/org/apache/hadoop/hadoop-hdds-container-service/0.5.0-SNAPSHOT/hadoop-hdds-container-service-0.5.0-SNAPSHOT.jar!/webapps/static,AVAILABLE}
2019-08-23 19:58:52,543 [Thread-1094] INFO  handler.ContextHandler (ContextHandler.java:doStart(781)) - Started o.e.j.w.WebAppContext@3e9cc142{/,file:///tmp/jetty-0.0.0.0-45738-hddsDatanode-_-any-3297870963969501903.dir/webapp/,AVAILABLE}{/hddsDatanode}
2019-08-23 19:58:52,543 [Thread-1094] INFO  server.AbstractConnector (AbstractConnector.java:doStart(278)) - Started ServerConnector@3ff3efc3{HTTP/1.1,[http/1.1]}{0.0.0.0:45738}
2019-08-23 19:58:52,545 [Thread-1094] INFO  server.Server (Server.java:doStart(419)) - Started @99777ms
2019-08-23 19:58:52,545 [Thread-1094] INFO  server.BaseHttpServer (BaseHttpServer.java:updateConnectorAddress(213)) - HTTP server of HDDSDATANODE is listening at http://0.0.0.0:45738
2019-08-23 19:58:52,546 [Thread-1094] INFO  impl.MetricsSystemImpl (MetricsSystemImpl.java:init(158)) - HddsDatanode metrics system started (again)
2019-08-23 19:58:52,548 [org.apache.hadoop.util.JvmPauseMonitor$Monitor@1417ae92] INFO  util.JvmPauseMonitor (JvmPauseMonitor.java:run(188)) - Starting JVM pause monitor
2019-08-23 19:58:52,549 [Thread-1094] INFO  ozone.HddsDatanodeService (HddsDatanodeService.java:start(184)) - HddsDatanodeService host:pr-hdds-738-bs8cz-951698853 ip:192.168.36.107
2019-08-23 19:58:52,551 [Datanode State Machine Thread - 0] INFO  datanode.InitDatanodeState (InitDatanodeState.java:persistContainerDatanodeDetails(140)) - DatanodeDetails is persisted to /workdir/hadoop-ozone/ozonefs/target/test-dir/MiniOzoneClusterImpl-543f2ac3-ec6a-40e0-90c6-1f9d9b3dc6e0/datanode-1/meta/datanode.id
2019-08-23 19:58:52,556 [Thread-1094] INFO  volume.HddsVolume (HddsVolume.java:<init>(176)) - Creating Volume: /workdir/hadoop-ozone/ozonefs/target/test-dir/MiniOzoneClusterImpl-543f2ac3-ec6a-40e0-90c6-1f9d9b3dc6e0/datanode-2/data/containers/hdds of  storage type : DISK and capacity : 1482555576320
2019-08-23 19:58:52,556 [Thread-1094] INFO  volume.VolumeSet (VolumeSet.java:initializeVolumeSet(170)) - Added Volume : /workdir/hadoop-ozone/ozonefs/target/test-dir/MiniOzoneClusterImpl-543f2ac3-ec6a-40e0-90c6-1f9d9b3dc6e0/datanode-2/data/containers/hdds to VolumeSet
2019-08-23 19:58:52,557 [Thread-1094] INFO  volume.ThrottledAsyncChecker (ThrottledAsyncChecker.java:schedule(140)) - Scheduling a check for org.apache.hadoop.ozone.container.common.volume.HddsVolume@5b6c8ed3
2019-08-23 19:58:52,557 [Thread-1094] INFO  volume.HddsVolumeChecker (HddsVolumeChecker.java:checkAllVolumes(203)) - Scheduled health check for volume org.apache.hadoop.ozone.container.common.volume.HddsVolume@5b6c8ed3
2019-08-23 19:58:52,583 [Thread-1094] INFO  impl.RaftServerProxy (ConfUtils.java:logGet(43)) - raft.rpc.type = GRPC (default)
2019-08-23 19:58:52,583 [Thread-1094] INFO  grpc.GrpcFactory (GrpcFactory.java:checkPooledByteBufAllocatorUseCacheForAllThreads(45)) - PERFORMANCE WARNING: useCacheForAllThreads is true that may cause Netty to create a lot garbage objects and, as a result, trigger GC.
	It is recommended to disable useCacheForAllThreads by setting -Dorg.apache.ratis.thirdparty.io.netty.allocator.useCacheForAllThreads=false in command line.
2019-08-23 19:58:52,584 [Thread-1094] INFO  grpc.GrpcConfigKeys$Server (ConfUtils.java:logGet(43)) - raft.grpc.server.port = 0 (default)
2019-08-23 19:58:52,584 [Thread-1094] INFO  server.GrpcService (ConfUtils.java:logGet(43)) - raft.grpc.message.size.max = 33570816 (custom)
2019-08-23 19:58:52,584 [Thread-1094] INFO  server.RaftServerConfigKeys (ConfUtils.java:logGet(43)) - raft.server.log.appender.buffer.byte-limit = 33554432 (custom)
2019-08-23 19:58:52,584 [Thread-1094] INFO  server.GrpcService (ConfUtils.java:logGet(43)) - raft.grpc.flow.control.window = 1MB (=1048576) (default)
2019-08-23 19:58:52,584 [Thread-1094] INFO  server.RaftServerConfigKeys (ConfUtils.java:logGet(43)) - raft.server.rpc.request.timeout = 3000ms (default)
2019-08-23 19:58:52,585 [Thread-1094] INFO  server.RaftServerConfigKeys (ConfUtils.java:logGet(43)) - raft.server.storage.dir = [/workdir/hadoop-ozone/ozonefs/target/test-dir/MiniOzoneClusterImpl-543f2ac3-ec6a-40e0-90c6-1f9d9b3dc6e0/datanode-2/data/ratis] (custom)
2019-08-23 19:58:52,585 [Thread-1094] INFO  replication.SimpleContainerDownloader (SimpleContainerDownloader.java:<init>(72)) - Starting container downloader service to copy containers to replicate.
2019-08-23 19:58:52,586 [Thread-1094] INFO  hdfs.DFSUtil (DFSUtil.java:httpServerTemplateForNNAndJN(1641)) - Starting Web-server for hddsDatanode at: http://0.0.0.0:0
2019-08-23 19:58:52,588 [Thread-1094] INFO  server.AuthenticationFilter (AuthenticationFilter.java:constructSecretProvider(240)) - Unable to initialize FileSignerSecretProvider, falling back to use random secrets.
2019-08-23 19:58:52,588 [Thread-1094] WARN  http.HttpRequestLog (HttpRequestLog.java:getRequestLog(97)) - Jetty request log can only be enabled using Log4j
2019-08-23 19:58:52,590 [Thread-1094] INFO  http.HttpServer2 (HttpServer2.java:addGlobalFilter(975)) - Added global filter 'safety' (class=org.apache.hadoop.http.HttpServer2$QuotingInputFilter)
2019-08-23 19:58:52,591 [Thread-1094] INFO  http.HttpServer2 (HttpServer2.java:addFilter(948)) - Added filter static_user_filter (class=org.apache.hadoop.http.lib.StaticUserWebFilter$StaticUserFilter) to context hddsDatanode
2019-08-23 19:58:52,591 [Thread-1094] INFO  http.HttpServer2 (HttpServer2.java:addFilter(958)) - Added filter static_user_filter (class=org.apache.hadoop.http.lib.StaticUserWebFilter$StaticUserFilter) to context static
2019-08-23 19:58:52,591 [Thread-1094] INFO  http.HttpServer2 (HttpServer2.java:addFilter(958)) - Added filter static_user_filter (class=org.apache.hadoop.http.lib.StaticUserWebFilter$StaticUserFilter) to context logs
2019-08-23 19:58:52,592 [Thread-1094] INFO  http.HttpServer2 (HttpServer2.java:bindListener(1191)) - Jetty bound to port 43162
2019-08-23 19:58:52,592 [Thread-1094] INFO  server.Server (Server.java:doStart(351)) - jetty-9.3.24.v20180605, build timestamp: 2018-06-05T17:11:56Z, git hash: 84205aa28f11a4f31f2a3b86d1bba2cc8ab69827
2019-08-23 19:58:52,594 [Thread-1094] INFO  handler.ContextHandler (ContextHandler.java:doStart(781)) - Started o.e.j.s.ServletContextHandler@6d6c9c45{/logs,file:///workdir/hadoop-ozone/ozonefs/target/log,AVAILABLE}
2019-08-23 19:58:52,594 [Thread-1094] INFO  handler.ContextHandler (ContextHandler.java:doStart(781)) - Started o.e.j.s.ServletContextHandler@13140911{/static,jar:file:/home/user/.m2/repository/org/apache/hadoop/hadoop-hdds-container-service/0.5.0-SNAPSHOT/hadoop-hdds-container-service-0.5.0-SNAPSHOT.jar!/webapps/static,AVAILABLE}
2019-08-23 19:58:52,622 [Thread-1094] INFO  handler.ContextHandler (ContextHandler.java:doStart(781)) - Started o.e.j.w.WebAppContext@4118a9b9{/,file:///tmp/jetty-0.0.0.0-43162-hddsDatanode-_-any-3767451257257428105.dir/webapp/,AVAILABLE}{/hddsDatanode}
2019-08-23 19:58:52,623 [Thread-1094] INFO  server.AbstractConnector (AbstractConnector.java:doStart(278)) - Started ServerConnector@3b3f60a1{HTTP/1.1,[http/1.1]}{0.0.0.0:43162}
2019-08-23 19:58:52,624 [Thread-1094] INFO  server.Server (Server.java:doStart(419)) - Started @99856ms
2019-08-23 19:58:52,625 [Thread-1094] INFO  server.BaseHttpServer (BaseHttpServer.java:updateConnectorAddress(213)) - HTTP server of HDDSDATANODE is listening at http://0.0.0.0:43162
2019-08-23 19:58:52,625 [Thread-1094] INFO  ozone.MiniOzoneClusterImpl (MiniOzoneClusterImpl.java:lambda$waitForClusterToBeReady$0(140)) - Waiting for cluster to be ready. Got 0 of 3 DN Heartbeats.
2019-08-23 19:58:52,626 [org.apache.hadoop.util.JvmPauseMonitor$Monitor@7840eb37] INFO  util.JvmPauseMonitor (JvmPauseMonitor.java:run(188)) - Starting JVM pause monitor
2019-08-23 19:58:52,628 [Datanode State Machine Thread - 0] INFO  datanode.InitDatanodeState (InitDatanodeState.java:persistContainerDatanodeDetails(140)) - DatanodeDetails is persisted to /workdir/hadoop-ozone/ozonefs/target/test-dir/MiniOzoneClusterImpl-543f2ac3-ec6a-40e0-90c6-1f9d9b3dc6e0/datanode-2/meta/datanode.id
2019-08-23 19:58:53,626 [Thread-1094] INFO  ozone.MiniOzoneClusterImpl (MiniOzoneClusterImpl.java:lambda$waitForClusterToBeReady$0(140)) - Waiting for cluster to be ready. Got 0 of 3 DN Heartbeats.
2019-08-23 19:58:54,468 | INFO  | SCMAudit | user=jenkins1000 | ip=192.168.36.107 | op=GET_VERSION null | ret=SUCCESS |  
2019-08-23 19:58:54,490 [Datanode State Machine Thread - 0] INFO  ozoneimpl.OzoneContainer (OzoneContainer.java:start(186)) - Attempting to start container services.
2019-08-23 19:58:54,491 [Datanode State Machine Thread - 0] INFO  ozoneimpl.OzoneContainer (OzoneContainer.java:startContainerScrub(160)) - Background container scrubber has been disabled by hdds.containerscrub.enabled
2019-08-23 19:58:54,491 [Datanode State Machine Thread - 0] INFO  ratis.XceiverServerRatis (XceiverServerRatis.java:start(404)) - Starting XceiverServerRatis a219d4eb-9520-4930-807c-c63459ca1d1e at port 0
2019-08-23 19:58:54,497 [Datanode State Machine Thread - 0] INFO  impl.RaftServerProxy (RaftServerProxy.java:lambda$start$3(299)) - a219d4eb-9520-4930-807c-c63459ca1d1e: start RPC server
2019-08-23 19:58:54,500 [Datanode State Machine Thread - 0] INFO  server.GrpcService (GrpcService.java:startImpl(149)) - a219d4eb-9520-4930-807c-c63459ca1d1e: GrpcService started, listening on 0.0.0.0/0.0.0.0:43309
2019-08-23 19:58:54,500 [Datanode State Machine Thread - 0] INFO  ratis.XceiverServerRatis (XceiverServerRatis.java:start(414)) - XceiverServerRatis a219d4eb-9520-4930-807c-c63459ca1d1e is started using port 43309
2019-08-23 19:58:54,500 [Datanode State Machine Thread - 0] INFO  server.XceiverServerGrpc (XceiverServerGrpc.java:start(161)) - XceiverServerGrpc a219d4eb-9520-4930-807c-c63459ca1d1e is started using port 45551
2019-08-23 19:58:54,549 | INFO  | SCMAudit | user=jenkins1000 | ip=192.168.36.107 | op=GET_VERSION null | ret=SUCCESS |  
2019-08-23 19:58:54,555 [Datanode State Machine Thread - 0] INFO  ozoneimpl.OzoneContainer (OzoneContainer.java:start(186)) - Attempting to start container services.
2019-08-23 19:58:54,555 [Datanode State Machine Thread - 0] INFO  ozoneimpl.OzoneContainer (OzoneContainer.java:startContainerScrub(160)) - Background container scrubber has been disabled by hdds.containerscrub.enabled
2019-08-23 19:58:54,555 [Datanode State Machine Thread - 0] INFO  ratis.XceiverServerRatis (XceiverServerRatis.java:start(404)) - Starting XceiverServerRatis bf5edd15-084c-4fa4-8dda-fa8d8a5a5d52 at port 0
2019-08-23 19:58:54,561 [Datanode State Machine Thread - 0] INFO  impl.RaftServerProxy (RaftServerProxy.java:lambda$start$3(299)) - bf5edd15-084c-4fa4-8dda-fa8d8a5a5d52: start RPC server
2019-08-23 19:58:54,563 [Datanode State Machine Thread - 0] INFO  server.GrpcService (GrpcService.java:startImpl(149)) - bf5edd15-084c-4fa4-8dda-fa8d8a5a5d52: GrpcService started, listening on 0.0.0.0/0.0.0.0:41065
2019-08-23 19:58:54,564 [Datanode State Machine Thread - 0] INFO  ratis.XceiverServerRatis (XceiverServerRatis.java:start(414)) - XceiverServerRatis bf5edd15-084c-4fa4-8dda-fa8d8a5a5d52 is started using port 41065
2019-08-23 19:58:54,564 [Datanode State Machine Thread - 0] INFO  server.XceiverServerGrpc (XceiverServerGrpc.java:start(161)) - XceiverServerGrpc bf5edd15-084c-4fa4-8dda-fa8d8a5a5d52 is started using port 37025
2019-08-23 19:58:54,626 [Thread-1094] INFO  ozone.MiniOzoneClusterImpl (MiniOzoneClusterImpl.java:lambda$waitForClusterToBeReady$0(140)) - Waiting for cluster to be ready. Got 0 of 3 DN Heartbeats.
2019-08-23 19:58:54,628 | INFO  | SCMAudit | user=jenkins1000 | ip=192.168.36.107 | op=GET_VERSION null | ret=SUCCESS |  
2019-08-23 19:58:54,647 [Datanode State Machine Thread - 0] INFO  ozoneimpl.OzoneContainer (OzoneContainer.java:start(186)) - Attempting to start container services.
2019-08-23 19:58:54,647 [Datanode State Machine Thread - 0] INFO  ozoneimpl.OzoneContainer (OzoneContainer.java:startContainerScrub(160)) - Background container scrubber has been disabled by hdds.containerscrub.enabled
2019-08-23 19:58:54,647 [Datanode State Machine Thread - 0] INFO  ratis.XceiverServerRatis (XceiverServerRatis.java:start(404)) - Starting XceiverServerRatis cabd03a2-5c51-441b-94d3-2eefcd21bf46 at port 0
2019-08-23 19:58:54,656 [Datanode State Machine Thread - 0] INFO  impl.RaftServerProxy (RaftServerProxy.java:lambda$start$3(299)) - cabd03a2-5c51-441b-94d3-2eefcd21bf46: start RPC server
2019-08-23 19:58:54,657 [Datanode State Machine Thread - 0] INFO  server.GrpcService (GrpcService.java:startImpl(149)) - cabd03a2-5c51-441b-94d3-2eefcd21bf46: GrpcService started, listening on 0.0.0.0/0.0.0.0:41197
2019-08-23 19:58:54,657 [Datanode State Machine Thread - 0] INFO  ratis.XceiverServerRatis (XceiverServerRatis.java:start(414)) - XceiverServerRatis cabd03a2-5c51-441b-94d3-2eefcd21bf46 is started using port 41197
2019-08-23 19:58:54,658 [Datanode State Machine Thread - 0] INFO  server.XceiverServerGrpc (XceiverServerGrpc.java:start(161)) - XceiverServerGrpc cabd03a2-5c51-441b-94d3-2eefcd21bf46 is started using port 34381
2019-08-23 19:58:55,627 [Thread-1094] INFO  ozone.MiniOzoneClusterImpl (MiniOzoneClusterImpl.java:lambda$waitForClusterToBeReady$0(140)) - Waiting for cluster to be ready. Got 0 of 3 DN Heartbeats.
2019-08-23 19:58:56,466 [IPC Server handler 0 on 41342] INFO  net.NetworkTopology (NetworkTopologyImpl.java:add(110)) - Added a new node: /default-rack/a219d4eb-9520-4930-807c-c63459ca1d1e
2019-08-23 19:58:56,468 [IPC Server handler 0 on 41342] INFO  node.SCMNodeManager (SCMNodeManager.java:register(273)) - Registered Data node : a219d4eb-9520-4930-807c-c63459ca1d1e{ip: 192.168.36.107, host: pr-hdds-738-bs8cz-951698853, networkLocation: /default-rack, certSerialId: null}
2019-08-23 19:58:56,469 [EventQueue-NodeRegistrationContainerReportForDataNodeSafeModeRule] INFO  safemode.SCMSafeModeManager (DataNodeSafeModeRule.java:process(71)) - SCM in safe mode. 1 DataNodes registered, 1 required.
2019-08-23 19:58:56,471 [EventQueue-NodeRegistrationContainerReportForDataNodeSafeModeRule] INFO  safemode.SCMSafeModeManager (SCMSafeModeManager.java:validateSafeModeExitRules(177)) - ScmSafeModeManager, all rules are successfully validated
2019-08-23 19:58:56,471 [EventQueue-NodeRegistrationContainerReportForDataNodeSafeModeRule] INFO  safemode.SCMSafeModeManager (SCMSafeModeManager.java:exitSafeMode(193)) - SCM exiting safe mode.
2019-08-23 19:58:56,471 | INFO  | SCMAudit | user=jenkins1000 | ip=192.168.36.107 | op=REGISTER {datanodeDetails=a219d4eb-9520-4930-807c-c63459ca1d1e{ip: 192.168.36.107, host: pr-hdds-738-bs8cz-951698853, networkLocation: /default-rack, certSerialId: null}} | ret=SUCCESS |  
2019-08-23 19:58:56,486 [grpc-default-executor-0] INFO  impl.RaftServerProxy (RaftServerProxy.java:addNew(89)) - a219d4eb-9520-4930-807c-c63459ca1d1e: addNew group-F030E4BC0A13:[a219d4eb-9520-4930-807c-c63459ca1d1e:192.168.36.107:43309] returns group-F030E4BC0A13:java.util.concurrent.CompletableFuture@6a4bb75b[Not completed]
2019-08-23 19:58:56,488 [pool-292-thread-1] INFO  impl.RaftServerImpl (RaftServerImpl.java:<init>(93)) - a219d4eb-9520-4930-807c-c63459ca1d1e: new RaftServerImpl for group-F030E4BC0A13:[a219d4eb-9520-4930-807c-c63459ca1d1e:192.168.36.107:43309] with ContainerStateMachine:uninitialized
2019-08-23 19:58:56,488 [pool-292-thread-1] INFO  server.RaftServerConfigKeys (ConfUtils.java:logGet(43)) - raft.server.rpc.timeout.min = 5s (custom)
2019-08-23 19:58:56,488 [pool-292-thread-1] INFO  server.RaftServerConfigKeys (ConfUtils.java:logGet(43)) - raft.server.rpc.timeout.max = 5200ms (custom)
2019-08-23 19:58:56,488 [pool-292-thread-1] INFO  server.RaftServerConfigKeys (ConfUtils.java:logGet(43)) - raft.server.rpcslowness.timeout = 120s (custom)
2019-08-23 19:58:56,488 [pool-292-thread-1] INFO  server.RaftServerConfigKeys (ConfUtils.java:logGet(43)) - raft.server.sleep.deviation.threshold = 300 (default)
2019-08-23 19:58:56,488 [pool-292-thread-1] INFO  server.RaftServerConfigKeys (ConfUtils.java:logGet(43)) - raft.server.log.appender.install.snapshot.enabled = false (custom)
2019-08-23 19:58:56,489 [pool-292-thread-1] INFO  impl.RaftServerImpl (ServerState.java:<init>(105)) - a219d4eb-9520-4930-807c-c63459ca1d1e:group-F030E4BC0A13 ConfigurationManager, init=-1: [a219d4eb-9520-4930-807c-c63459ca1d1e:192.168.36.107:43309], old=null, confs=<EMPTY_MAP>
2019-08-23 19:58:56,489 [pool-292-thread-1] INFO  server.RaftServerConfigKeys (ConfUtils.java:logGet(43)) - raft.server.storage.dir = [/workdir/hadoop-ozone/ozonefs/target/test-dir/MiniOzoneClusterImpl-543f2ac3-ec6a-40e0-90c6-1f9d9b3dc6e0/datanode-0/data/ratis] (custom)
2019-08-23 19:58:56,489 [pool-292-thread-1] INFO  storage.RaftStorageDirectory (RaftStorageDirectory.java:analyzeStorage(246)) - The storage directory /workdir/hadoop-ozone/ozonefs/target/test-dir/MiniOzoneClusterImpl-543f2ac3-ec6a-40e0-90c6-1f9d9b3dc6e0/datanode-0/data/ratis/ca3f6acf-eb05-4550-8480-f030e4bc0a13 does not exist. Creating ...
2019-08-23 19:58:56,549 [IPC Server handler 2 on 41342] INFO  net.NetworkTopology (NetworkTopologyImpl.java:add(110)) - Added a new node: /default-rack/bf5edd15-084c-4fa4-8dda-fa8d8a5a5d52
2019-08-23 19:58:56,549 [IPC Server handler 2 on 41342] INFO  node.SCMNodeManager (SCMNodeManager.java:register(273)) - Registered Data node : bf5edd15-084c-4fa4-8dda-fa8d8a5a5d52{ip: 192.168.36.107, host: pr-hdds-738-bs8cz-951698853, networkLocation: /default-rack, certSerialId: null}
2019-08-23 19:58:56,550 | INFO  | SCMAudit | user=jenkins1000 | ip=192.168.36.107 | op=REGISTER {datanodeDetails=bf5edd15-084c-4fa4-8dda-fa8d8a5a5d52{ip: 192.168.36.107, host: pr-hdds-738-bs8cz-951698853, networkLocation: /default-rack, certSerialId: null}} | ret=SUCCESS |  
2019-08-23 19:58:56,627 [Thread-1094] INFO  ozone.MiniOzoneClusterImpl (MiniOzoneClusterImpl.java:lambda$waitForClusterToBeReady$0(140)) - Waiting for cluster to be ready. Got 2 of 3 DN Heartbeats.
2019-08-23 19:58:56,628 [IPC Server handler 1 on 41342] INFO  net.NetworkTopology (NetworkTopologyImpl.java:add(110)) - Added a new node: /default-rack/cabd03a2-5c51-441b-94d3-2eefcd21bf46
2019-08-23 19:58:56,628 [IPC Server handler 1 on 41342] INFO  node.SCMNodeManager (SCMNodeManager.java:register(273)) - Registered Data node : cabd03a2-5c51-441b-94d3-2eefcd21bf46{ip: 192.168.36.107, host: pr-hdds-738-bs8cz-951698853, networkLocation: /default-rack, certSerialId: null}
2019-08-23 19:58:56,629 | INFO  | SCMAudit | user=jenkins1000 | ip=192.168.36.107 | op=REGISTER {datanodeDetails=cabd03a2-5c51-441b-94d3-2eefcd21bf46{ip: 192.168.36.107, host: pr-hdds-738-bs8cz-951698853, networkLocation: /default-rack, certSerialId: null}} | ret=SUCCESS |  
2019-08-23 19:58:56,955 [pool-292-thread-1] INFO  storage.RaftStorageDirectory (RaftStorageDirectory.java:tryLock(328)) - Lock on /workdir/hadoop-ozone/ozonefs/target/test-dir/MiniOzoneClusterImpl-543f2ac3-ec6a-40e0-90c6-1f9d9b3dc6e0/datanode-0/data/ratis/ca3f6acf-eb05-4550-8480-f030e4bc0a13/in_use.lock acquired by nodename 13914@pr-hdds-738-bs8cz-951698853
2019-08-23 19:58:56,982 [pool-292-thread-1] INFO  storage.RaftStorage (RaftStorage.java:format(72)) - Storage directory /workdir/hadoop-ozone/ozonefs/target/test-dir/MiniOzoneClusterImpl-543f2ac3-ec6a-40e0-90c6-1f9d9b3dc6e0/datanode-0/data/ratis/ca3f6acf-eb05-4550-8480-f030e4bc0a13 has been successfully formatted.
2019-08-23 19:58:56,983 [pool-292-thread-1] INFO  ratis.ContainerStateMachine (ContainerStateMachine.java:loadSnapshot(226)) - group-F030E4BC0A13: The snapshot info is null. Setting the last applied indexto:(t:0, i:~)
2019-08-23 19:58:56,983 [pool-292-thread-1] INFO  server.RaftServerConfigKeys (ConfUtils.java:logGet(43)) - raft.server.leader.election.timeout = 120s (custom)
2019-08-23 19:58:56,983 [pool-292-thread-1] INFO  server.RaftServerConfigKeys (ConfUtils.java:logGet(43)) - raft.server.log.use.memory = false (default)
2019-08-23 19:58:56,983 [pool-292-thread-1] INFO  server.RaftServerConfigKeys (ConfUtils.java:logGet(43)) - raft.server.log.purge.gap = 1000000 (custom)
2019-08-23 19:58:56,983 [pool-292-thread-1] INFO  server.RaftServerConfigKeys (ConfUtils.java:logGet(43)) - raft.server.log.appender.buffer.byte-limit = 33554432 (custom)
2019-08-23 19:58:56,983 [pool-292-thread-1] INFO  server.RaftServerConfigKeys (ConfUtils.java:logGet(43)) - raft.server.log.segment.size.max = 1048576 (custom)
2019-08-23 19:58:56,984 [pool-292-thread-1] INFO  server.RaftServerConfigKeys (ConfUtils.java:logGet(43)) - raft.server.log.segment.cache.num.max = 2 (custom)
2019-08-23 19:58:56,984 [pool-292-thread-1] INFO  segmented.SegmentedRaftLogWorker (SegmentedRaftLogWorker.java:<init>(172)) - new a219d4eb-9520-4930-807c-c63459ca1d1e-SegmentedRaftLogWorker:Storage Directory /workdir/hadoop-ozone/ozonefs/target/test-dir/MiniOzoneClusterImpl-543f2ac3-ec6a-40e0-90c6-1f9d9b3dc6e0/datanode-0/data/ratis/ca3f6acf-eb05-4550-8480-f030e4bc0a13 for RaftStorage:Storage Directory /workdir/hadoop-ozone/ozonefs/target/test-dir/MiniOzoneClusterImpl-543f2ac3-ec6a-40e0-90c6-1f9d9b3dc6e0/datanode-0/data/ratis/ca3f6acf-eb05-4550-8480-f030e4bc0a13
2019-08-23 19:58:56,984 [pool-292-thread-1] INFO  server.RaftServerConfigKeys (ConfUtils.java:logGet(43)) - raft.server.log.queue.byte-limit = 2147483647 (custom)
2019-08-23 19:58:56,984 [pool-292-thread-1] INFO  server.RaftServerConfigKeys (ConfUtils.java:logGet(43)) - raft.server.log.queue.element-limit = 1024 (custom)
2019-08-23 19:58:56,984 [pool-292-thread-1] INFO  server.RaftServerConfigKeys (ConfUtils.java:logGet(43)) - raft.server.log.segment.size.max = 1048576 (custom)
2019-08-23 19:58:56,985 [pool-292-thread-1] INFO  server.RaftServerConfigKeys (ConfUtils.java:logGet(43)) - raft.server.log.preallocated.size = 16384 (custom)
2019-08-23 19:58:56,985 [pool-292-thread-1] INFO  server.RaftServerConfigKeys (ConfUtils.java:logGet(43)) - raft.server.log.write.buffer.size = 33554432 (custom)
2019-08-23 19:58:56,985 [pool-292-thread-1] INFO  server.RaftServerConfigKeys (ConfUtils.java:logGet(43)) - raft.server.log.force.sync.num = 128 (default)
2019-08-23 19:58:56,985 [pool-292-thread-1] INFO  server.RaftServerConfigKeys (ConfUtils.java:logGet(43)) - raft.server.log.statemachine.data.sync = true (default)
2019-08-23 19:58:56,985 [pool-292-thread-1] INFO  server.RaftServerConfigKeys (ConfUtils.java:logGet(43)) - raft.server.log.statemachine.data.sync.timeout = 10s (default)
2019-08-23 19:58:56,985 [pool-292-thread-1] INFO  server.RaftServerConfigKeys (ConfUtils.java:logGet(43)) - raft.server.log.statemachine.data.sync.timeout.retry = -1 (default)
2019-08-23 19:58:56,986 [pool-292-thread-1] INFO  server.RaftServerConfigKeys (ConfUtils.java:logGet(43)) - raft.server.log.statemachine.data.caching.enabled = true (custom)
2019-08-23 19:58:56,986 [pool-292-thread-1] INFO  segmented.SegmentedRaftLogWorker (SegmentedRaftLogWorker.java:lambda$new$0(132)) - a219d4eb-9520-4930-807c-c63459ca1d1e-SegmentedRaftLogWorker:Storage Directory /workdir/hadoop-ozone/ozonefs/target/test-dir/MiniOzoneClusterImpl-543f2ac3-ec6a-40e0-90c6-1f9d9b3dc6e0/datanode-0/data/ratis/ca3f6acf-eb05-4550-8480-f030e4bc0a13: flushIndex: setUnconditionally 0 -> -1
2019-08-23 19:58:56,986 [pool-292-thread-1] INFO  server.RaftServerConfigKeys (ConfUtils.java:logGet(43)) - raft.server.snapshot.auto.trigger.enabled = true (custom)
2019-08-23 19:58:56,987 [pool-292-thread-1] INFO  server.RaftServerConfigKeys (ConfUtils.java:logGet(43)) - raft.server.snapshot.auto.trigger.threshold = 10000 (custom)
2019-08-23 19:58:56,987 [pool-292-thread-1] INFO  server.RaftServerConfigKeys (ConfUtils.java:logGet(43)) - raft.server.retrycache.expirytime = 600000ms (custom)
2019-08-23 19:58:56,987 [pool-292-thread-1] INFO  impl.RaftServerImpl (RaftServerImpl.java:start(180)) - a219d4eb-9520-4930-807c-c63459ca1d1e: start group-F030E4BC0A13
2019-08-23 19:58:56,987 [pool-292-thread-1] INFO  impl.RaftServerImpl (RaftServerImpl.java:setRole(171)) - a219d4eb-9520-4930-807c-c63459ca1d1e:group-F030E4BC0A13 changes role from null to FOLLOWER at term 0 for startAsFollower
2019-08-23 19:58:56,987 [pool-292-thread-1] INFO  impl.RoleInfo (RoleInfo.java:updateAndGet(143)) - a219d4eb-9520-4930-807c-c63459ca1d1e: start FollowerState
2019-08-23 19:58:56,988 [pool-292-thread-1] INFO  util.JmxRegister (JmxRegister.java:tryRegister(44)) - Successfully registered JMX Bean with object name Ratis:service=RaftServer,group=group-F030E4BC0A13,id=a219d4eb-9520-4930-807c-c63459ca1d1e
2019-08-23 19:58:56,994 [RatisPipelineUtilsThread] INFO  pipeline.PipelineStateManager (PipelineStateManager.java:addPipeline(56)) - Created pipeline Pipeline[ Id: ca3f6acf-eb05-4550-8480-f030e4bc0a13, Nodes: a219d4eb-9520-4930-807c-c63459ca1d1e{ip: 192.168.36.107, host: pr-hdds-738-bs8cz-951698853, networkLocation: /default-rack, certSerialId: null}, Type:RATIS, Factor:ONE, State:OPEN]
2019-08-23 19:58:57,006 [grpc-default-executor-0] INFO  impl.RaftServerProxy (RaftServerProxy.java:addNew(89)) - bf5edd15-084c-4fa4-8dda-fa8d8a5a5d52: addNew group-29523003A186:[bf5edd15-084c-4fa4-8dda-fa8d8a5a5d52:192.168.36.107:41065] returns group-29523003A186:java.util.concurrent.CompletableFuture@3da2c194[Not completed]
2019-08-23 19:58:57,008 [pool-303-thread-1] INFO  impl.RaftServerImpl (RaftServerImpl.java:<init>(93)) - bf5edd15-084c-4fa4-8dda-fa8d8a5a5d52: new RaftServerImpl for group-29523003A186:[bf5edd15-084c-4fa4-8dda-fa8d8a5a5d52:192.168.36.107:41065] with ContainerStateMachine:uninitialized
2019-08-23 19:58:57,008 [pool-303-thread-1] INFO  server.RaftServerConfigKeys (ConfUtils.java:logGet(43)) - raft.server.rpc.timeout.min = 5s (custom)
2019-08-23 19:58:57,009 [pool-303-thread-1] INFO  server.RaftServerConfigKeys (ConfUtils.java:logGet(43)) - raft.server.rpc.timeout.max = 5200ms (custom)
2019-08-23 19:58:57,009 [pool-303-thread-1] INFO  server.RaftServerConfigKeys (ConfUtils.java:logGet(43)) - raft.server.rpcslowness.timeout = 120s (custom)
2019-08-23 19:58:57,009 [pool-303-thread-1] INFO  server.RaftServerConfigKeys (ConfUtils.java:logGet(43)) - raft.server.sleep.deviation.threshold = 300 (default)
2019-08-23 19:58:57,009 [pool-303-thread-1] INFO  server.RaftServerConfigKeys (ConfUtils.java:logGet(43)) - raft.server.log.appender.install.snapshot.enabled = false (custom)
2019-08-23 19:58:57,009 [pool-303-thread-1] INFO  impl.RaftServerImpl (ServerState.java:<init>(105)) - bf5edd15-084c-4fa4-8dda-fa8d8a5a5d52:group-29523003A186 ConfigurationManager, init=-1: [bf5edd15-084c-4fa4-8dda-fa8d8a5a5d52:192.168.36.107:41065], old=null, confs=<EMPTY_MAP>
2019-08-23 19:58:57,010 [pool-303-thread-1] INFO  server.RaftServerConfigKeys (ConfUtils.java:logGet(43)) - raft.server.storage.dir = [/workdir/hadoop-ozone/ozonefs/target/test-dir/MiniOzoneClusterImpl-543f2ac3-ec6a-40e0-90c6-1f9d9b3dc6e0/datanode-1/data/ratis] (custom)
2019-08-23 19:58:57,010 [pool-303-thread-1] INFO  storage.RaftStorageDirectory (RaftStorageDirectory.java:analyzeStorage(246)) - The storage directory /workdir/hadoop-ozone/ozonefs/target/test-dir/MiniOzoneClusterImpl-543f2ac3-ec6a-40e0-90c6-1f9d9b3dc6e0/datanode-1/data/ratis/0d2c5b88-2367-438e-84ee-29523003a186 does not exist. Creating ...
2019-08-23 19:58:57,028 [pool-303-thread-1] INFO  storage.RaftStorageDirectory (RaftStorageDirectory.java:tryLock(328)) - Lock on /workdir/hadoop-ozone/ozonefs/target/test-dir/MiniOzoneClusterImpl-543f2ac3-ec6a-40e0-90c6-1f9d9b3dc6e0/datanode-1/data/ratis/0d2c5b88-2367-438e-84ee-29523003a186/in_use.lock acquired by nodename 13914@pr-hdds-738-bs8cz-951698853
2019-08-23 19:58:57,045 [pool-303-thread-1] INFO  storage.RaftStorage (RaftStorage.java:format(72)) - Storage directory /workdir/hadoop-ozone/ozonefs/target/test-dir/MiniOzoneClusterImpl-543f2ac3-ec6a-40e0-90c6-1f9d9b3dc6e0/datanode-1/data/ratis/0d2c5b88-2367-438e-84ee-29523003a186 has been successfully formatted.
2019-08-23 19:58:57,045 [pool-303-thread-1] INFO  ratis.ContainerStateMachine (ContainerStateMachine.java:loadSnapshot(226)) - group-29523003A186: The snapshot info is null. Setting the last applied indexto:(t:0, i:~)
2019-08-23 19:58:57,045 [pool-303-thread-1] INFO  server.RaftServerConfigKeys (ConfUtils.java:logGet(43)) - raft.server.leader.election.timeout = 120s (custom)
2019-08-23 19:58:57,045 [pool-303-thread-1] INFO  server.RaftServerConfigKeys (ConfUtils.java:logGet(43)) - raft.server.log.use.memory = false (default)
2019-08-23 19:58:57,046 [pool-303-thread-1] INFO  server.RaftServerConfigKeys (ConfUtils.java:logGet(43)) - raft.server.log.purge.gap = 1000000 (custom)
2019-08-23 19:58:57,046 [pool-303-thread-1] INFO  server.RaftServerConfigKeys (ConfUtils.java:logGet(43)) - raft.server.log.appender.buffer.byte-limit = 33554432 (custom)
2019-08-23 19:58:57,046 [pool-303-thread-1] INFO  server.RaftServerConfigKeys (ConfUtils.java:logGet(43)) - raft.server.log.segment.size.max = 1048576 (custom)
2019-08-23 19:58:57,046 [pool-303-thread-1] INFO  server.RaftServerConfigKeys (ConfUtils.java:logGet(43)) - raft.server.log.segment.cache.num.max = 2 (custom)
2019-08-23 19:58:57,046 [pool-303-thread-1] INFO  segmented.SegmentedRaftLogWorker (SegmentedRaftLogWorker.java:<init>(172)) - new bf5edd15-084c-4fa4-8dda-fa8d8a5a5d52-SegmentedRaftLogWorker:Storage Directory /workdir/hadoop-ozone/ozonefs/target/test-dir/MiniOzoneClusterImpl-543f2ac3-ec6a-40e0-90c6-1f9d9b3dc6e0/datanode-1/data/ratis/0d2c5b88-2367-438e-84ee-29523003a186 for RaftStorage:Storage Directory /workdir/hadoop-ozone/ozonefs/target/test-dir/MiniOzoneClusterImpl-543f2ac3-ec6a-40e0-90c6-1f9d9b3dc6e0/datanode-1/data/ratis/0d2c5b88-2367-438e-84ee-29523003a186
2019-08-23 19:58:57,046 [pool-303-thread-1] INFO  server.RaftServerConfigKeys (ConfUtils.java:logGet(43)) - raft.server.log.queue.byte-limit = 2147483647 (custom)
2019-08-23 19:58:57,047 [pool-303-thread-1] INFO  server.RaftServerConfigKeys (ConfUtils.java:logGet(43)) - raft.server.log.queue.element-limit = 1024 (custom)
2019-08-23 19:58:57,047 [pool-303-thread-1] INFO  server.RaftServerConfigKeys (ConfUtils.java:logGet(43)) - raft.server.log.segment.size.max = 1048576 (custom)
2019-08-23 19:58:57,047 [pool-303-thread-1] INFO  server.RaftServerConfigKeys (ConfUtils.java:logGet(43)) - raft.server.log.preallocated.size = 16384 (custom)
2019-08-23 19:58:57,047 [pool-303-thread-1] INFO  server.RaftServerConfigKeys (ConfUtils.java:logGet(43)) - raft.server.log.write.buffer.size = 33554432 (custom)
2019-08-23 19:58:57,047 [pool-303-thread-1] INFO  server.RaftServerConfigKeys (ConfUtils.java:logGet(43)) - raft.server.log.force.sync.num = 128 (default)
2019-08-23 19:58:57,047 [pool-303-thread-1] INFO  server.RaftServerConfigKeys (ConfUtils.java:logGet(43)) - raft.server.log.statemachine.data.sync = true (default)
2019-08-23 19:58:57,047 [pool-303-thread-1] INFO  server.RaftServerConfigKeys (ConfUtils.java:logGet(43)) - raft.server.log.statemachine.data.sync.timeout = 10s (default)
2019-08-23 19:58:57,048 [pool-303-thread-1] INFO  server.RaftServerConfigKeys (ConfUtils.java:logGet(43)) - raft.server.log.statemachine.data.sync.timeout.retry = -1 (default)
2019-08-23 19:58:57,048 [pool-303-thread-1] INFO  server.RaftServerConfigKeys (ConfUtils.java:logGet(43)) - raft.server.log.statemachine.data.caching.enabled = true (custom)
2019-08-23 19:58:57,048 [pool-303-thread-1] INFO  segmented.SegmentedRaftLogWorker (SegmentedRaftLogWorker.java:lambda$new$0(132)) - bf5edd15-084c-4fa4-8dda-fa8d8a5a5d52-SegmentedRaftLogWorker:Storage Directory /workdir/hadoop-ozone/ozonefs/target/test-dir/MiniOzoneClusterImpl-543f2ac3-ec6a-40e0-90c6-1f9d9b3dc6e0/datanode-1/data/ratis/0d2c5b88-2367-438e-84ee-29523003a186: flushIndex: setUnconditionally 0 -> -1
2019-08-23 19:58:57,049 [pool-303-thread-1] INFO  server.RaftServerConfigKeys (ConfUtils.java:logGet(43)) - raft.server.snapshot.auto.trigger.enabled = true (custom)
2019-08-23 19:58:57,049 [pool-303-thread-1] INFO  server.RaftServerConfigKeys (ConfUtils.java:logGet(43)) - raft.server.snapshot.auto.trigger.threshold = 10000 (custom)
2019-08-23 19:58:57,049 [pool-303-thread-1] INFO  server.RaftServerConfigKeys (ConfUtils.java:logGet(43)) - raft.server.retrycache.expirytime = 600000ms (custom)
2019-08-23 19:58:57,049 [pool-303-thread-1] INFO  impl.RaftServerImpl (RaftServerImpl.java:start(180)) - bf5edd15-084c-4fa4-8dda-fa8d8a5a5d52: start group-29523003A186
2019-08-23 19:58:57,049 [pool-303-thread-1] INFO  impl.RaftServerImpl (RaftServerImpl.java:setRole(171)) - bf5edd15-084c-4fa4-8dda-fa8d8a5a5d52:group-29523003A186 changes role from null to FOLLOWER at term 0 for startAsFollower
2019-08-23 19:58:57,049 [pool-303-thread-1] INFO  impl.RoleInfo (RoleInfo.java:updateAndGet(143)) - bf5edd15-084c-4fa4-8dda-fa8d8a5a5d52: start FollowerState
2019-08-23 19:58:57,050 [pool-303-thread-1] INFO  util.JmxRegister (JmxRegister.java:tryRegister(44)) - Successfully registered JMX Bean with object name Ratis:service=RaftServer,group=group-29523003A186,id=bf5edd15-084c-4fa4-8dda-fa8d8a5a5d52
2019-08-23 19:58:57,056 [RatisPipelineUtilsThread] INFO  pipeline.PipelineStateManager (PipelineStateManager.java:addPipeline(56)) - Created pipeline Pipeline[ Id: 0d2c5b88-2367-438e-84ee-29523003a186, Nodes: bf5edd15-084c-4fa4-8dda-fa8d8a5a5d52{ip: 192.168.36.107, host: pr-hdds-738-bs8cz-951698853, networkLocation: /default-rack, certSerialId: null}, Type:RATIS, Factor:ONE, State:OPEN]
2019-08-23 19:58:57,066 [grpc-default-executor-0] INFO  impl.RaftServerProxy (RaftServerProxy.java:addNew(89)) - cabd03a2-5c51-441b-94d3-2eefcd21bf46: addNew group-F612DFE228CC:[cabd03a2-5c51-441b-94d3-2eefcd21bf46:192.168.36.107:41197] returns group-F612DFE228CC:java.util.concurrent.CompletableFuture@da3a0b0[Not completed]
2019-08-23 19:58:57,068 [pool-314-thread-1] INFO  impl.RaftServerImpl (RaftServerImpl.java:<init>(93)) - cabd03a2-5c51-441b-94d3-2eefcd21bf46: new RaftServerImpl for group-F612DFE228CC:[cabd03a2-5c51-441b-94d3-2eefcd21bf46:192.168.36.107:41197] with ContainerStateMachine:uninitialized
2019-08-23 19:58:57,069 [pool-314-thread-1] INFO  server.RaftServerConfigKeys (ConfUtils.java:logGet(43)) - raft.server.rpc.timeout.min = 5s (custom)
2019-08-23 19:58:57,069 [pool-314-thread-1] INFO  server.RaftServerConfigKeys (ConfUtils.java:logGet(43)) - raft.server.rpc.timeout.max = 5200ms (custom)
2019-08-23 19:58:57,069 [pool-314-thread-1] INFO  server.RaftServerConfigKeys (ConfUtils.java:logGet(43)) - raft.server.rpcslowness.timeout = 120s (custom)
2019-08-23 19:58:57,069 [pool-314-thread-1] INFO  server.RaftServerConfigKeys (ConfUtils.java:logGet(43)) - raft.server.sleep.deviation.threshold = 300 (default)
2019-08-23 19:58:57,069 [pool-314-thread-1] INFO  server.RaftServerConfigKeys (ConfUtils.java:logGet(43)) - raft.server.log.appender.install.snapshot.enabled = false (custom)
2019-08-23 19:58:57,069 [pool-314-thread-1] INFO  impl.RaftServerImpl (ServerState.java:<init>(105)) - cabd03a2-5c51-441b-94d3-2eefcd21bf46:group-F612DFE228CC ConfigurationManager, init=-1: [cabd03a2-5c51-441b-94d3-2eefcd21bf46:192.168.36.107:41197], old=null, confs=<EMPTY_MAP>
2019-08-23 19:58:57,070 [pool-314-thread-1] INFO  server.RaftServerConfigKeys (ConfUtils.java:logGet(43)) - raft.server.storage.dir = [/workdir/hadoop-ozone/ozonefs/target/test-dir/MiniOzoneClusterImpl-543f2ac3-ec6a-40e0-90c6-1f9d9b3dc6e0/datanode-2/data/ratis] (custom)
2019-08-23 19:58:57,070 [pool-314-thread-1] INFO  storage.RaftStorageDirectory (RaftStorageDirectory.java:analyzeStorage(246)) - The storage directory /workdir/hadoop-ozone/ozonefs/target/test-dir/MiniOzoneClusterImpl-543f2ac3-ec6a-40e0-90c6-1f9d9b3dc6e0/datanode-2/data/ratis/93284a2f-87a1-40cf-a2ec-f612dfe228cc does not exist. Creating ...
2019-08-23 19:58:57,088 [pool-314-thread-1] INFO  storage.RaftStorageDirectory (RaftStorageDirectory.java:tryLock(328)) - Lock on /workdir/hadoop-ozone/ozonefs/target/test-dir/MiniOzoneClusterImpl-543f2ac3-ec6a-40e0-90c6-1f9d9b3dc6e0/datanode-2/data/ratis/93284a2f-87a1-40cf-a2ec-f612dfe228cc/in_use.lock acquired by nodename 13914@pr-hdds-738-bs8cz-951698853
2019-08-23 19:58:57,136 [pool-314-thread-1] INFO  storage.RaftStorage (RaftStorage.java:format(72)) - Storage directory /workdir/hadoop-ozone/ozonefs/target/test-dir/MiniOzoneClusterImpl-543f2ac3-ec6a-40e0-90c6-1f9d9b3dc6e0/datanode-2/data/ratis/93284a2f-87a1-40cf-a2ec-f612dfe228cc has been successfully formatted.
2019-08-23 19:58:57,137 [pool-314-thread-1] INFO  ratis.ContainerStateMachine (ContainerStateMachine.java:loadSnapshot(226)) - group-F612DFE228CC: The snapshot info is null. Setting the last applied indexto:(t:0, i:~)
2019-08-23 19:58:57,137 [pool-314-thread-1] INFO  server.RaftServerConfigKeys (ConfUtils.java:logGet(43)) - raft.server.leader.election.timeout = 120s (custom)
2019-08-23 19:58:57,137 [pool-314-thread-1] INFO  server.RaftServerConfigKeys (ConfUtils.java:logGet(43)) - raft.server.log.use.memory = false (default)
2019-08-23 19:58:57,137 [pool-314-thread-1] INFO  server.RaftServerConfigKeys (ConfUtils.java:logGet(43)) - raft.server.log.purge.gap = 1000000 (custom)
2019-08-23 19:58:57,137 [pool-314-thread-1] INFO  server.RaftServerConfigKeys (ConfUtils.java:logGet(43)) - raft.server.log.appender.buffer.byte-limit = 33554432 (custom)
2019-08-23 19:58:57,138 [pool-314-thread-1] INFO  server.RaftServerConfigKeys (ConfUtils.java:logGet(43)) - raft.server.log.segment.size.max = 1048576 (custom)
2019-08-23 19:58:57,138 [pool-314-thread-1] INFO  server.RaftServerConfigKeys (ConfUtils.java:logGet(43)) - raft.server.log.segment.cache.num.max = 2 (custom)
2019-08-23 19:58:57,138 [pool-314-thread-1] INFO  segmented.SegmentedRaftLogWorker (SegmentedRaftLogWorker.java:<init>(172)) - new cabd03a2-5c51-441b-94d3-2eefcd21bf46-SegmentedRaftLogWorker:Storage Directory /workdir/hadoop-ozone/ozonefs/target/test-dir/MiniOzoneClusterImpl-543f2ac3-ec6a-40e0-90c6-1f9d9b3dc6e0/datanode-2/data/ratis/93284a2f-87a1-40cf-a2ec-f612dfe228cc for RaftStorage:Storage Directory /workdir/hadoop-ozone/ozonefs/target/test-dir/MiniOzoneClusterImpl-543f2ac3-ec6a-40e0-90c6-1f9d9b3dc6e0/datanode-2/data/ratis/93284a2f-87a1-40cf-a2ec-f612dfe228cc
2019-08-23 19:58:57,138 [pool-314-thread-1] INFO  server.RaftServerConfigKeys (ConfUtils.java:logGet(43)) - raft.server.log.queue.byte-limit = 2147483647 (custom)
2019-08-23 19:58:57,138 [pool-314-thread-1] INFO  server.RaftServerConfigKeys (ConfUtils.java:logGet(43)) - raft.server.log.queue.element-limit = 1024 (custom)
2019-08-23 19:58:57,139 [pool-314-thread-1] INFO  server.RaftServerConfigKeys (ConfUtils.java:logGet(43)) - raft.server.log.segment.size.max = 1048576 (custom)
2019-08-23 19:58:57,139 [pool-314-thread-1] INFO  server.RaftServerConfigKeys (ConfUtils.java:logGet(43)) - raft.server.log.preallocated.size = 16384 (custom)
2019-08-23 19:58:57,139 [pool-314-thread-1] INFO  server.RaftServerConfigKeys (ConfUtils.java:logGet(43)) - raft.server.log.write.buffer.size = 33554432 (custom)
2019-08-23 19:58:57,139 [pool-314-thread-1] INFO  server.RaftServerConfigKeys (ConfUtils.java:logGet(43)) - raft.server.log.force.sync.num = 128 (default)
2019-08-23 19:58:57,139 [pool-314-thread-1] INFO  server.RaftServerConfigKeys (ConfUtils.java:logGet(43)) - raft.server.log.statemachine.data.sync = true (default)
2019-08-23 19:58:57,140 [pool-314-thread-1] INFO  server.RaftServerConfigKeys (ConfUtils.java:logGet(43)) - raft.server.log.statemachine.data.sync.timeout = 10s (default)
2019-08-23 19:58:57,140 [pool-314-thread-1] INFO  server.RaftServerConfigKeys (ConfUtils.java:logGet(43)) - raft.server.log.statemachine.data.sync.timeout.retry = -1 (default)
2019-08-23 19:58:57,140 [pool-314-thread-1] INFO  server.RaftServerConfigKeys (ConfUtils.java:logGet(43)) - raft.server.log.statemachine.data.caching.enabled = true (custom)
2019-08-23 19:58:57,141 [pool-314-thread-1] INFO  segmented.SegmentedRaftLogWorker (SegmentedRaftLogWorker.java:lambda$new$0(132)) - cabd03a2-5c51-441b-94d3-2eefcd21bf46-SegmentedRaftLogWorker:Storage Directory /workdir/hadoop-ozone/ozonefs/target/test-dir/MiniOzoneClusterImpl-543f2ac3-ec6a-40e0-90c6-1f9d9b3dc6e0/datanode-2/data/ratis/93284a2f-87a1-40cf-a2ec-f612dfe228cc: flushIndex: setUnconditionally 0 -> -1
2019-08-23 19:58:57,141 [pool-314-thread-1] INFO  server.RaftServerConfigKeys (ConfUtils.java:logGet(43)) - raft.server.snapshot.auto.trigger.enabled = true (custom)
2019-08-23 19:58:57,141 [pool-314-thread-1] INFO  server.RaftServerConfigKeys (ConfUtils.java:logGet(43)) - raft.server.snapshot.auto.trigger.threshold = 10000 (custom)
2019-08-23 19:58:57,141 [pool-314-thread-1] INFO  server.RaftServerConfigKeys (ConfUtils.java:logGet(43)) - raft.server.retrycache.expirytime = 600000ms (custom)
2019-08-23 19:58:57,142 [pool-314-thread-1] INFO  impl.RaftServerImpl (RaftServerImpl.java:start(180)) - cabd03a2-5c51-441b-94d3-2eefcd21bf46: start group-F612DFE228CC
2019-08-23 19:58:57,142 [pool-314-thread-1] INFO  impl.RaftServerImpl (RaftServerImpl.java:setRole(171)) - cabd03a2-5c51-441b-94d3-2eefcd21bf46:group-F612DFE228CC changes role from null to FOLLOWER at term 0 for startAsFollower
2019-08-23 19:58:57,142 [pool-314-thread-1] INFO  impl.RoleInfo (RoleInfo.java:updateAndGet(143)) - cabd03a2-5c51-441b-94d3-2eefcd21bf46: start FollowerState
2019-08-23 19:58:57,142 [pool-314-thread-1] INFO  util.JmxRegister (JmxRegister.java:tryRegister(44)) - Successfully registered JMX Bean with object name Ratis:service=RaftServer,group=group-F612DFE228CC,id=cabd03a2-5c51-441b-94d3-2eefcd21bf46
2019-08-23 19:58:57,148 [RatisPipelineUtilsThread] INFO  pipeline.PipelineStateManager (PipelineStateManager.java:addPipeline(56)) - Created pipeline Pipeline[ Id: 93284a2f-87a1-40cf-a2ec-f612dfe228cc, Nodes: cabd03a2-5c51-441b-94d3-2eefcd21bf46{ip: 192.168.36.107, host: pr-hdds-738-bs8cz-951698853, networkLocation: /default-rack, certSerialId: null}, Type:RATIS, Factor:ONE, State:OPEN]
2019-08-23 19:58:57,165 [grpc-default-executor-2] INFO  impl.RaftServerProxy (RaftServerProxy.java:addNew(89)) - cabd03a2-5c51-441b-94d3-2eefcd21bf46: addNew group-28C58F509F89:[bf5edd15-084c-4fa4-8dda-fa8d8a5a5d52:192.168.36.107:41065, a219d4eb-9520-4930-807c-c63459ca1d1e:192.168.36.107:43309, cabd03a2-5c51-441b-94d3-2eefcd21bf46:192.168.36.107:41197] returns group-28C58F509F89:java.util.concurrent.CompletableFuture@5e895bda[Not completed]
2019-08-23 19:58:57,167 [grpc-default-executor-2] INFO  impl.RaftServerProxy (RaftServerProxy.java:addNew(89)) - bf5edd15-084c-4fa4-8dda-fa8d8a5a5d52: addNew group-28C58F509F89:[bf5edd15-084c-4fa4-8dda-fa8d8a5a5d52:192.168.36.107:41065, a219d4eb-9520-4930-807c-c63459ca1d1e:192.168.36.107:43309, cabd03a2-5c51-441b-94d3-2eefcd21bf46:192.168.36.107:41197] returns group-28C58F509F89:java.util.concurrent.CompletableFuture@1b8bde6f[Not completed]
2019-08-23 19:58:57,167 [grpc-default-executor-0] INFO  impl.RaftServerProxy (RaftServerProxy.java:addNew(89)) - a219d4eb-9520-4930-807c-c63459ca1d1e: addNew group-28C58F509F89:[bf5edd15-084c-4fa4-8dda-fa8d8a5a5d52:192.168.36.107:41065, a219d4eb-9520-4930-807c-c63459ca1d1e:192.168.36.107:43309, cabd03a2-5c51-441b-94d3-2eefcd21bf46:192.168.36.107:41197] returns group-28C58F509F89:java.util.concurrent.CompletableFuture@89b6638[Not completed]
2019-08-23 19:58:57,169 [pool-314-thread-1] INFO  impl.RaftServerImpl (RaftServerImpl.java:<init>(93)) - cabd03a2-5c51-441b-94d3-2eefcd21bf46: new RaftServerImpl for group-28C58F509F89:[bf5edd15-084c-4fa4-8dda-fa8d8a5a5d52:192.168.36.107:41065, a219d4eb-9520-4930-807c-c63459ca1d1e:192.168.36.107:43309, cabd03a2-5c51-441b-94d3-2eefcd21bf46:192.168.36.107:41197] with ContainerStateMachine:uninitialized
2019-08-23 19:58:57,169 [pool-314-thread-1] INFO  server.RaftServerConfigKeys (ConfUtils.java:logGet(43)) - raft.server.rpc.timeout.min = 5s (custom)
2019-08-23 19:58:57,169 [pool-314-thread-1] INFO  server.RaftServerConfigKeys (ConfUtils.java:logGet(43)) - raft.server.rpc.timeout.max = 5200ms (custom)
2019-08-23 19:58:57,169 [pool-314-thread-1] INFO  server.RaftServerConfigKeys (ConfUtils.java:logGet(43)) - raft.server.rpcslowness.timeout = 120s (custom)
2019-08-23 19:58:57,169 [pool-303-thread-1] INFO  impl.RaftServerImpl (RaftServerImpl.java:<init>(93)) - bf5edd15-084c-4fa4-8dda-fa8d8a5a5d52: new RaftServerImpl for group-28C58F509F89:[bf5edd15-084c-4fa4-8dda-fa8d8a5a5d52:192.168.36.107:41065, a219d4eb-9520-4930-807c-c63459ca1d1e:192.168.36.107:43309, cabd03a2-5c51-441b-94d3-2eefcd21bf46:192.168.36.107:41197] with ContainerStateMachine:uninitialized
2019-08-23 19:58:57,169 [pool-314-thread-1] INFO  server.RaftServerConfigKeys (ConfUtils.java:logGet(43)) - raft.server.sleep.deviation.threshold = 300 (default)
2019-08-23 19:58:57,170 [pool-292-thread-1] INFO  impl.RaftServerImpl (RaftServerImpl.java:<init>(93)) - a219d4eb-9520-4930-807c-c63459ca1d1e: new RaftServerImpl for group-28C58F509F89:[bf5edd15-084c-4fa4-8dda-fa8d8a5a5d52:192.168.36.107:41065, a219d4eb-9520-4930-807c-c63459ca1d1e:192.168.36.107:43309, cabd03a2-5c51-441b-94d3-2eefcd21bf46:192.168.36.107:41197] with ContainerStateMachine:uninitialized
2019-08-23 19:58:57,170 [pool-314-thread-1] INFO  server.RaftServerConfigKeys (ConfUtils.java:logGet(43)) - raft.server.log.appender.install.snapshot.enabled = false (custom)
2019-08-23 19:58:57,170 [pool-303-thread-1] INFO  server.RaftServerConfigKeys (ConfUtils.java:logGet(43)) - raft.server.rpc.timeout.min = 5s (custom)
2019-08-23 19:58:57,170 [pool-314-thread-1] INFO  impl.RaftServerImpl (ServerState.java:<init>(105)) - cabd03a2-5c51-441b-94d3-2eefcd21bf46:group-28C58F509F89 ConfigurationManager, init=-1: [bf5edd15-084c-4fa4-8dda-fa8d8a5a5d52:192.168.36.107:41065, a219d4eb-9520-4930-807c-c63459ca1d1e:192.168.36.107:43309, cabd03a2-5c51-441b-94d3-2eefcd21bf46:192.168.36.107:41197], old=null, confs=<EMPTY_MAP>
2019-08-23 19:58:57,170 [pool-292-thread-1] INFO  server.RaftServerConfigKeys (ConfUtils.java:logGet(43)) - raft.server.rpc.timeout.min = 5s (custom)
2019-08-23 19:58:57,170 [pool-314-thread-1] INFO  server.RaftServerConfigKeys (ConfUtils.java:logGet(43)) - raft.server.storage.dir = [/workdir/hadoop-ozone/ozonefs/target/test-dir/MiniOzoneClusterImpl-543f2ac3-ec6a-40e0-90c6-1f9d9b3dc6e0/datanode-2/data/ratis] (custom)
2019-08-23 19:58:57,170 [pool-303-thread-1] INFO  server.RaftServerConfigKeys (ConfUtils.java:logGet(43)) - raft.server.rpc.timeout.max = 5200ms (custom)
2019-08-23 19:58:57,171 [pool-292-thread-1] INFO  server.RaftServerConfigKeys (ConfUtils.java:logGet(43)) - raft.server.rpc.timeout.max = 5200ms (custom)
2019-08-23 19:58:57,171 [pool-303-thread-1] INFO  server.RaftServerConfigKeys (ConfUtils.java:logGet(43)) - raft.server.rpcslowness.timeout = 120s (custom)
2019-08-23 19:58:57,171 [pool-292-thread-1] INFO  server.RaftServerConfigKeys (ConfUtils.java:logGet(43)) - raft.server.rpcslowness.timeout = 120s (custom)
2019-08-23 19:58:57,171 [pool-314-thread-1] INFO  storage.RaftStorageDirectory (RaftStorageDirectory.java:analyzeStorage(246)) - The storage directory /workdir/hadoop-ozone/ozonefs/target/test-dir/MiniOzoneClusterImpl-543f2ac3-ec6a-40e0-90c6-1f9d9b3dc6e0/datanode-2/data/ratis/bb43c2e0-6b6f-444a-877e-28c58f509f89 does not exist. Creating ...
2019-08-23 19:58:57,171 [pool-292-thread-1] INFO  server.RaftServerConfigKeys (ConfUtils.java:logGet(43)) - raft.server.sleep.deviation.threshold = 300 (default)
2019-08-23 19:58:57,171 [pool-303-thread-1] INFO  server.RaftServerConfigKeys (ConfUtils.java:logGet(43)) - raft.server.sleep.deviation.threshold = 300 (default)
2019-08-23 19:58:57,171 [pool-292-thread-1] INFO  server.RaftServerConfigKeys (ConfUtils.java:logGet(43)) - raft.server.log.appender.install.snapshot.enabled = false (custom)
2019-08-23 19:58:57,172 [pool-303-thread-1] INFO  server.RaftServerConfigKeys (ConfUtils.java:logGet(43)) - raft.server.log.appender.install.snapshot.enabled = false (custom)
2019-08-23 19:58:57,172 [pool-292-thread-1] INFO  impl.RaftServerImpl (ServerState.java:<init>(105)) - a219d4eb-9520-4930-807c-c63459ca1d1e:group-28C58F509F89 ConfigurationManager, init=-1: [bf5edd15-084c-4fa4-8dda-fa8d8a5a5d52:192.168.36.107:41065, a219d4eb-9520-4930-807c-c63459ca1d1e:192.168.36.107:43309, cabd03a2-5c51-441b-94d3-2eefcd21bf46:192.168.36.107:41197], old=null, confs=<EMPTY_MAP>
2019-08-23 19:58:57,172 [pool-303-thread-1] INFO  impl.RaftServerImpl (ServerState.java:<init>(105)) - bf5edd15-084c-4fa4-8dda-fa8d8a5a5d52:group-28C58F509F89 ConfigurationManager, init=-1: [bf5edd15-084c-4fa4-8dda-fa8d8a5a5d52:192.168.36.107:41065, a219d4eb-9520-4930-807c-c63459ca1d1e:192.168.36.107:43309, cabd03a2-5c51-441b-94d3-2eefcd21bf46:192.168.36.107:41197], old=null, confs=<EMPTY_MAP>
2019-08-23 19:58:57,172 [pool-292-thread-1] INFO  server.RaftServerConfigKeys (ConfUtils.java:logGet(43)) - raft.server.storage.dir = [/workdir/hadoop-ozone/ozonefs/target/test-dir/MiniOzoneClusterImpl-543f2ac3-ec6a-40e0-90c6-1f9d9b3dc6e0/datanode-0/data/ratis] (custom)
2019-08-23 19:58:57,172 [pool-303-thread-1] INFO  server.RaftServerConfigKeys (ConfUtils.java:logGet(43)) - raft.server.storage.dir = [/workdir/hadoop-ozone/ozonefs/target/test-dir/MiniOzoneClusterImpl-543f2ac3-ec6a-40e0-90c6-1f9d9b3dc6e0/datanode-1/data/ratis] (custom)
2019-08-23 19:58:57,172 [pool-292-thread-1] INFO  storage.RaftStorageDirectory (RaftStorageDirectory.java:analyzeStorage(246)) - The storage directory /workdir/hadoop-ozone/ozonefs/target/test-dir/MiniOzoneClusterImpl-543f2ac3-ec6a-40e0-90c6-1f9d9b3dc6e0/datanode-0/data/ratis/bb43c2e0-6b6f-444a-877e-28c58f509f89 does not exist. Creating ...
2019-08-23 19:58:57,173 [pool-303-thread-1] INFO  storage.RaftStorageDirectory (RaftStorageDirectory.java:analyzeStorage(246)) - The storage directory /workdir/hadoop-ozone/ozonefs/target/test-dir/MiniOzoneClusterImpl-543f2ac3-ec6a-40e0-90c6-1f9d9b3dc6e0/datanode-1/data/ratis/bb43c2e0-6b6f-444a-877e-28c58f509f89 does not exist. Creating ...
2019-08-23 19:58:57,187 [pool-303-thread-1] INFO  storage.RaftStorageDirectory (RaftStorageDirectory.java:tryLock(328)) - Lock on /workdir/hadoop-ozone/ozonefs/target/test-dir/MiniOzoneClusterImpl-543f2ac3-ec6a-40e0-90c6-1f9d9b3dc6e0/datanode-1/data/ratis/bb43c2e0-6b6f-444a-877e-28c58f509f89/in_use.lock acquired by nodename 13914@pr-hdds-738-bs8cz-951698853
2019-08-23 19:58:57,187 [pool-292-thread-1] INFO  storage.RaftStorageDirectory (RaftStorageDirectory.java:tryLock(328)) - Lock on /workdir/hadoop-ozone/ozonefs/target/test-dir/MiniOzoneClusterImpl-543f2ac3-ec6a-40e0-90c6-1f9d9b3dc6e0/datanode-0/data/ratis/bb43c2e0-6b6f-444a-877e-28c58f509f89/in_use.lock acquired by nodename 13914@pr-hdds-738-bs8cz-951698853
2019-08-23 19:58:57,187 [pool-314-thread-1] INFO  storage.RaftStorageDirectory (RaftStorageDirectory.java:tryLock(328)) - Lock on /workdir/hadoop-ozone/ozonefs/target/test-dir/MiniOzoneClusterImpl-543f2ac3-ec6a-40e0-90c6-1f9d9b3dc6e0/datanode-2/data/ratis/bb43c2e0-6b6f-444a-877e-28c58f509f89/in_use.lock acquired by nodename 13914@pr-hdds-738-bs8cz-951698853
2019-08-23 19:58:57,204 [pool-292-thread-1] INFO  storage.RaftStorage (RaftStorage.java:format(72)) - Storage directory /workdir/hadoop-ozone/ozonefs/target/test-dir/MiniOzoneClusterImpl-543f2ac3-ec6a-40e0-90c6-1f9d9b3dc6e0/datanode-0/data/ratis/bb43c2e0-6b6f-444a-877e-28c58f509f89 has been successfully formatted.
2019-08-23 19:58:57,204 [pool-314-thread-1] INFO  storage.RaftStorage (RaftStorage.java:format(72)) - Storage directory /workdir/hadoop-ozone/ozonefs/target/test-dir/MiniOzoneClusterImpl-543f2ac3-ec6a-40e0-90c6-1f9d9b3dc6e0/datanode-2/data/ratis/bb43c2e0-6b6f-444a-877e-28c58f509f89 has been successfully formatted.
2019-08-23 19:58:57,204 [pool-303-thread-1] INFO  storage.RaftStorage (RaftStorage.java:format(72)) - Storage directory /workdir/hadoop-ozone/ozonefs/target/test-dir/MiniOzoneClusterImpl-543f2ac3-ec6a-40e0-90c6-1f9d9b3dc6e0/datanode-1/data/ratis/bb43c2e0-6b6f-444a-877e-28c58f509f89 has been successfully formatted.
2019-08-23 19:58:57,204 [pool-292-thread-1] INFO  ratis.ContainerStateMachine (ContainerStateMachine.java:loadSnapshot(226)) - group-28C58F509F89: The snapshot info is null. Setting the last applied indexto:(t:0, i:~)
2019-08-23 19:58:57,205 [pool-303-thread-1] INFO  ratis.ContainerStateMachine (ContainerStateMachine.java:loadSnapshot(226)) - group-28C58F509F89: The snapshot info is null. Setting the last applied indexto:(t:0, i:~)
2019-08-23 19:58:57,205 [pool-314-thread-1] INFO  ratis.ContainerStateMachine (ContainerStateMachine.java:loadSnapshot(226)) - group-28C58F509F89: The snapshot info is null. Setting the last applied indexto:(t:0, i:~)
2019-08-23 19:58:57,205 [pool-303-thread-1] INFO  server.RaftServerConfigKeys (ConfUtils.java:logGet(43)) - raft.server.leader.election.timeout = 120s (custom)
2019-08-23 19:58:57,205 [pool-292-thread-1] INFO  server.RaftServerConfigKeys (ConfUtils.java:logGet(43)) - raft.server.leader.election.timeout = 120s (custom)
2019-08-23 19:58:57,205 [pool-303-thread-1] INFO  server.RaftServerConfigKeys (ConfUtils.java:logGet(43)) - raft.server.log.use.memory = false (default)
2019-08-23 19:58:57,205 [pool-314-thread-1] INFO  server.RaftServerConfigKeys (ConfUtils.java:logGet(43)) - raft.server.leader.election.timeout = 120s (custom)
2019-08-23 19:58:57,206 [pool-303-thread-1] INFO  server.RaftServerConfigKeys (ConfUtils.java:logGet(43)) - raft.server.log.purge.gap = 1000000 (custom)
2019-08-23 19:58:57,205 [pool-292-thread-1] INFO  server.RaftServerConfigKeys (ConfUtils.java:logGet(43)) - raft.server.log.use.memory = false (default)
2019-08-23 19:58:57,206 [pool-303-thread-1] INFO  server.RaftServerConfigKeys (ConfUtils.java:logGet(43)) - raft.server.log.appender.buffer.byte-limit = 33554432 (custom)
2019-08-23 19:58:57,206 [pool-314-thread-1] INFO  server.RaftServerConfigKeys (ConfUtils.java:logGet(43)) - raft.server.log.use.memory = false (default)
2019-08-23 19:58:57,206 [pool-303-thread-1] INFO  server.RaftServerConfigKeys (ConfUtils.java:logGet(43)) - raft.server.log.segment.size.max = 1048576 (custom)
2019-08-23 19:58:57,206 [pool-292-thread-1] INFO  server.RaftServerConfigKeys (ConfUtils.java:logGet(43)) - raft.server.log.purge.gap = 1000000 (custom)
2019-08-23 19:58:57,207 [pool-303-thread-1] INFO  server.RaftServerConfigKeys (ConfUtils.java:logGet(43)) - raft.server.log.segment.cache.num.max = 2 (custom)
2019-08-23 19:58:57,207 [pool-314-thread-1] INFO  server.RaftServerConfigKeys (ConfUtils.java:logGet(43)) - raft.server.log.purge.gap = 1000000 (custom)
2019-08-23 19:58:57,207 [pool-303-thread-1] INFO  segmented.SegmentedRaftLogWorker (SegmentedRaftLogWorker.java:<init>(172)) - new bf5edd15-084c-4fa4-8dda-fa8d8a5a5d52-SegmentedRaftLogWorker:Storage Directory /workdir/hadoop-ozone/ozonefs/target/test-dir/MiniOzoneClusterImpl-543f2ac3-ec6a-40e0-90c6-1f9d9b3dc6e0/datanode-1/data/ratis/bb43c2e0-6b6f-444a-877e-28c58f509f89 for RaftStorage:Storage Directory /workdir/hadoop-ozone/ozonefs/target/test-dir/MiniOzoneClusterImpl-543f2ac3-ec6a-40e0-90c6-1f9d9b3dc6e0/datanode-1/data/ratis/bb43c2e0-6b6f-444a-877e-28c58f509f89
2019-08-23 19:58:57,207 [pool-292-thread-1] INFO  server.RaftServerConfigKeys (ConfUtils.java:logGet(43)) - raft.server.log.appender.buffer.byte-limit = 33554432 (custom)
2019-08-23 19:58:57,207 [pool-303-thread-1] INFO  server.RaftServerConfigKeys (ConfUtils.java:logGet(43)) - raft.server.log.queue.byte-limit = 2147483647 (custom)
2019-08-23 19:58:57,207 [pool-314-thread-1] INFO  server.RaftServerConfigKeys (ConfUtils.java:logGet(43)) - raft.server.log.appender.buffer.byte-limit = 33554432 (custom)
2019-08-23 19:58:57,208 [pool-303-thread-1] INFO  server.RaftServerConfigKeys (ConfUtils.java:logGet(43)) - raft.server.log.queue.element-limit = 1024 (custom)
2019-08-23 19:58:57,207 [pool-292-thread-1] INFO  server.RaftServerConfigKeys (ConfUtils.java:logGet(43)) - raft.server.log.segment.size.max = 1048576 (custom)
2019-08-23 19:58:57,208 [pool-303-thread-1] INFO  server.RaftServerConfigKeys (ConfUtils.java:logGet(43)) - raft.server.log.segment.size.max = 1048576 (custom)
2019-08-23 19:58:57,208 [pool-314-thread-1] INFO  server.RaftServerConfigKeys (ConfUtils.java:logGet(43)) - raft.server.log.segment.size.max = 1048576 (custom)
2019-08-23 19:58:57,208 [pool-303-thread-1] INFO  server.RaftServerConfigKeys (ConfUtils.java:logGet(43)) - raft.server.log.preallocated.size = 16384 (custom)
2019-08-23 19:58:57,208 [pool-292-thread-1] INFO  server.RaftServerConfigKeys (ConfUtils.java:logGet(43)) - raft.server.log.segment.cache.num.max = 2 (custom)
2019-08-23 19:58:57,209 [pool-303-thread-1] INFO  server.RaftServerConfigKeys (ConfUtils.java:logGet(43)) - raft.server.log.write.buffer.size = 33554432 (custom)
2019-08-23 19:58:57,208 [pool-314-thread-1] INFO  server.RaftServerConfigKeys (ConfUtils.java:logGet(43)) - raft.server.log.segment.cache.num.max = 2 (custom)
2019-08-23 19:58:57,209 [pool-303-thread-1] INFO  server.RaftServerConfigKeys (ConfUtils.java:logGet(43)) - raft.server.log.force.sync.num = 128 (default)
2019-08-23 19:58:57,209 [pool-292-thread-1] INFO  segmented.SegmentedRaftLogWorker (SegmentedRaftLogWorker.java:<init>(172)) - new a219d4eb-9520-4930-807c-c63459ca1d1e-SegmentedRaftLogWorker:Storage Directory /workdir/hadoop-ozone/ozonefs/target/test-dir/MiniOzoneClusterImpl-543f2ac3-ec6a-40e0-90c6-1f9d9b3dc6e0/datanode-0/data/ratis/bb43c2e0-6b6f-444a-877e-28c58f509f89 for RaftStorage:Storage Directory /workdir/hadoop-ozone/ozonefs/target/test-dir/MiniOzoneClusterImpl-543f2ac3-ec6a-40e0-90c6-1f9d9b3dc6e0/datanode-0/data/ratis/bb43c2e0-6b6f-444a-877e-28c58f509f89
2019-08-23 19:58:57,209 [pool-303-thread-1] INFO  server.RaftServerConfigKeys (ConfUtils.java:logGet(43)) - raft.server.log.statemachine.data.sync = true (default)
2019-08-23 19:58:57,209 [pool-314-thread-1] INFO  segmented.SegmentedRaftLogWorker (SegmentedRaftLogWorker.java:<init>(172)) - new cabd03a2-5c51-441b-94d3-2eefcd21bf46-SegmentedRaftLogWorker:Storage Directory /workdir/hadoop-ozone/ozonefs/target/test-dir/MiniOzoneClusterImpl-543f2ac3-ec6a-40e0-90c6-1f9d9b3dc6e0/datanode-2/data/ratis/bb43c2e0-6b6f-444a-877e-28c58f509f89 for RaftStorage:Storage Directory /workdir/hadoop-ozone/ozonefs/target/test-dir/MiniOzoneClusterImpl-543f2ac3-ec6a-40e0-90c6-1f9d9b3dc6e0/datanode-2/data/ratis/bb43c2e0-6b6f-444a-877e-28c58f509f89
2019-08-23 19:58:57,210 [pool-303-thread-1] INFO  server.RaftServerConfigKeys (ConfUtils.java:logGet(43)) - raft.server.log.statemachine.data.sync.timeout = 10s (default)
2019-08-23 19:58:57,210 [pool-292-thread-1] INFO  server.RaftServerConfigKeys (ConfUtils.java:logGet(43)) - raft.server.log.queue.byte-limit = 2147483647 (custom)
2019-08-23 19:58:57,210 [pool-303-thread-1] INFO  server.RaftServerConfigKeys (ConfUtils.java:logGet(43)) - raft.server.log.statemachine.data.sync.timeout.retry = -1 (default)
2019-08-23 19:58:57,210 [pool-314-thread-1] INFO  server.RaftServerConfigKeys (ConfUtils.java:logGet(43)) - raft.server.log.queue.byte-limit = 2147483647 (custom)
2019-08-23 19:58:57,210 [pool-303-thread-1] INFO  server.RaftServerConfigKeys (ConfUtils.java:logGet(43)) - raft.server.log.statemachine.data.caching.enabled = true (custom)
2019-08-23 19:58:57,210 [pool-292-thread-1] INFO  server.RaftServerConfigKeys (ConfUtils.java:logGet(43)) - raft.server.log.queue.element-limit = 1024 (custom)
2019-08-23 19:58:57,210 [pool-314-thread-1] INFO  server.RaftServerConfigKeys (ConfUtils.java:logGet(43)) - raft.server.log.queue.element-limit = 1024 (custom)
2019-08-23 19:58:57,211 [pool-303-thread-1] INFO  segmented.SegmentedRaftLogWorker (SegmentedRaftLogWorker.java:lambda$new$0(132)) - bf5edd15-084c-4fa4-8dda-fa8d8a5a5d52-SegmentedRaftLogWorker:Storage Directory /workdir/hadoop-ozone/ozonefs/target/test-dir/MiniOzoneClusterImpl-543f2ac3-ec6a-40e0-90c6-1f9d9b3dc6e0/datanode-1/data/ratis/bb43c2e0-6b6f-444a-877e-28c58f509f89: flushIndex: setUnconditionally 0 -> -1
2019-08-23 19:58:57,211 [pool-292-thread-1] INFO  server.RaftServerConfigKeys (ConfUtils.java:logGet(43)) - raft.server.log.segment.size.max = 1048576 (custom)
2019-08-23 19:58:57,211 [pool-314-thread-1] INFO  server.RaftServerConfigKeys (ConfUtils.java:logGet(43)) - raft.server.log.segment.size.max = 1048576 (custom)
2019-08-23 19:58:57,211 [pool-292-thread-1] INFO  server.RaftServerConfigKeys (ConfUtils.java:logGet(43)) - raft.server.log.preallocated.size = 16384 (custom)
2019-08-23 19:58:57,211 [pool-314-thread-1] INFO  server.RaftServerConfigKeys (ConfUtils.java:logGet(43)) - raft.server.log.preallocated.size = 16384 (custom)
2019-08-23 19:58:57,211 [pool-303-thread-1] INFO  server.RaftServerConfigKeys (ConfUtils.java:logGet(43)) - raft.server.snapshot.auto.trigger.enabled = true (custom)
2019-08-23 19:58:57,212 [pool-314-thread-1] INFO  server.RaftServerConfigKeys (ConfUtils.java:logGet(43)) - raft.server.log.write.buffer.size = 33554432 (custom)
2019-08-23 19:58:57,212 [pool-292-thread-1] INFO  server.RaftServerConfigKeys (ConfUtils.java:logGet(43)) - raft.server.log.write.buffer.size = 33554432 (custom)
2019-08-23 19:58:57,212 [pool-314-thread-1] INFO  server.RaftServerConfigKeys (ConfUtils.java:logGet(43)) - raft.server.log.force.sync.num = 128 (default)
2019-08-23 19:58:57,212 [pool-303-thread-1] INFO  server.RaftServerConfigKeys (ConfUtils.java:logGet(43)) - raft.server.snapshot.auto.trigger.threshold = 10000 (custom)
2019-08-23 19:58:57,212 [pool-314-thread-1] INFO  server.RaftServerConfigKeys (ConfUtils.java:logGet(43)) - raft.server.log.statemachine.data.sync = true (default)
2019-08-23 19:58:57,212 [pool-292-thread-1] INFO  server.RaftServerConfigKeys (ConfUtils.java:logGet(43)) - raft.server.log.force.sync.num = 128 (default)
2019-08-23 19:58:57,213 [pool-314-thread-1] INFO  server.RaftServerConfigKeys (ConfUtils.java:logGet(43)) - raft.server.log.statemachine.data.sync.timeout = 10s (default)
2019-08-23 19:58:57,212 [pool-303-thread-1] INFO  server.RaftServerConfigKeys (ConfUtils.java:logGet(43)) - raft.server.retrycache.expirytime = 600000ms (custom)
2019-08-23 19:58:57,213 [pool-314-thread-1] INFO  server.RaftServerConfigKeys (ConfUtils.java:logGet(43)) - raft.server.log.statemachine.data.sync.timeout.retry = -1 (default)
2019-08-23 19:58:57,213 [pool-292-thread-1] INFO  server.RaftServerConfigKeys (ConfUtils.java:logGet(43)) - raft.server.log.statemachine.data.sync = true (default)
2019-08-23 19:58:57,213 [pool-314-thread-1] INFO  server.RaftServerConfigKeys (ConfUtils.java:logGet(43)) - raft.server.log.statemachine.data.caching.enabled = true (custom)
2019-08-23 19:58:57,213 [pool-303-thread-1] INFO  impl.RaftServerImpl (RaftServerImpl.java:start(180)) - bf5edd15-084c-4fa4-8dda-fa8d8a5a5d52: start group-28C58F509F89
2019-08-23 19:58:57,213 [pool-292-thread-1] INFO  server.RaftServerConfigKeys (ConfUtils.java:logGet(43)) - raft.server.log.statemachine.data.sync.timeout = 10s (default)
2019-08-23 19:58:57,214 [pool-314-thread-1] INFO  segmented.SegmentedRaftLogWorker (SegmentedRaftLogWorker.java:lambda$new$0(132)) - cabd03a2-5c51-441b-94d3-2eefcd21bf46-SegmentedRaftLogWorker:Storage Directory /workdir/hadoop-ozone/ozonefs/target/test-dir/MiniOzoneClusterImpl-543f2ac3-ec6a-40e0-90c6-1f9d9b3dc6e0/datanode-2/data/ratis/bb43c2e0-6b6f-444a-877e-28c58f509f89: flushIndex: setUnconditionally 0 -> -1
2019-08-23 19:58:57,214 [pool-303-thread-1] INFO  impl.RaftServerImpl (RaftServerImpl.java:setRole(171)) - bf5edd15-084c-4fa4-8dda-fa8d8a5a5d52:group-28C58F509F89 changes role from null to FOLLOWER at term 0 for startAsFollower
2019-08-23 19:58:57,214 [pool-292-thread-1] INFO  server.RaftServerConfigKeys (ConfUtils.java:logGet(43)) - raft.server.log.statemachine.data.sync.timeout.retry = -1 (default)
2019-08-23 19:58:57,214 [pool-303-thread-1] INFO  impl.RoleInfo (RoleInfo.java:updateAndGet(143)) - bf5edd15-084c-4fa4-8dda-fa8d8a5a5d52: start FollowerState
2019-08-23 19:58:57,214 [pool-314-thread-1] INFO  server.RaftServerConfigKeys (ConfUtils.java:logGet(43)) - raft.server.snapshot.auto.trigger.enabled = true (custom)
2019-08-23 19:58:57,214 [pool-292-thread-1] INFO  server.RaftServerConfigKeys (ConfUtils.java:logGet(43)) - raft.server.log.statemachine.data.caching.enabled = true (custom)
2019-08-23 19:58:57,214 [pool-314-thread-1] INFO  server.RaftServerConfigKeys (ConfUtils.java:logGet(43)) - raft.server.snapshot.auto.trigger.threshold = 10000 (custom)
2019-08-23 19:58:57,215 [pool-303-thread-1] INFO  util.JmxRegister (JmxRegister.java:tryRegister(44)) - Successfully registered JMX Bean with object name Ratis:service=RaftServer,group=group-28C58F509F89,id=bf5edd15-084c-4fa4-8dda-fa8d8a5a5d52
2019-08-23 19:58:57,215 [pool-314-thread-1] INFO  server.RaftServerConfigKeys (ConfUtils.java:logGet(43)) - raft.server.retrycache.expirytime = 600000ms (custom)
2019-08-23 19:58:57,215 [pool-292-thread-1] INFO  segmented.SegmentedRaftLogWorker (SegmentedRaftLogWorker.java:lambda$new$0(132)) - a219d4eb-9520-4930-807c-c63459ca1d1e-SegmentedRaftLogWorker:Storage Directory /workdir/hadoop-ozone/ozonefs/target/test-dir/MiniOzoneClusterImpl-543f2ac3-ec6a-40e0-90c6-1f9d9b3dc6e0/datanode-0/data/ratis/bb43c2e0-6b6f-444a-877e-28c58f509f89: flushIndex: setUnconditionally 0 -> -1
2019-08-23 19:58:57,215 [pool-314-thread-1] INFO  impl.RaftServerImpl (RaftServerImpl.java:start(180)) - cabd03a2-5c51-441b-94d3-2eefcd21bf46: start group-28C58F509F89
2019-08-23 19:58:57,215 [pool-314-thread-1] INFO  impl.RaftServerImpl (RaftServerImpl.java:setRole(171)) - cabd03a2-5c51-441b-94d3-2eefcd21bf46:group-28C58F509F89 changes role from null to FOLLOWER at term 0 for startAsFollower
2019-08-23 19:58:57,215 [pool-292-thread-1] INFO  server.RaftServerConfigKeys (ConfUtils.java:logGet(43)) - raft.server.snapshot.auto.trigger.enabled = true (custom)
2019-08-23 19:58:57,216 [pool-314-thread-1] INFO  impl.RoleInfo (RoleInfo.java:updateAndGet(143)) - cabd03a2-5c51-441b-94d3-2eefcd21bf46: start FollowerState
2019-08-23 19:58:57,216 [pool-292-thread-1] INFO  server.RaftServerConfigKeys (ConfUtils.java:logGet(43)) - raft.server.snapshot.auto.trigger.threshold = 10000 (custom)
2019-08-23 19:58:57,216 [pool-292-thread-1] INFO  server.RaftServerConfigKeys (ConfUtils.java:logGet(43)) - raft.server.retrycache.expirytime = 600000ms (custom)
2019-08-23 19:58:57,216 [pool-314-thread-1] INFO  util.JmxRegister (JmxRegister.java:tryRegister(44)) - Successfully registered JMX Bean with object name Ratis:service=RaftServer,group=group-28C58F509F89,id=cabd03a2-5c51-441b-94d3-2eefcd21bf46
2019-08-23 19:58:57,216 [pool-292-thread-1] INFO  impl.RaftServerImpl (RaftServerImpl.java:start(180)) - a219d4eb-9520-4930-807c-c63459ca1d1e: start group-28C58F509F89
2019-08-23 19:58:57,216 [pool-292-thread-1] INFO  impl.RaftServerImpl (RaftServerImpl.java:setRole(171)) - a219d4eb-9520-4930-807c-c63459ca1d1e:group-28C58F509F89 changes role from null to FOLLOWER at term 0 for startAsFollower
2019-08-23 19:58:57,217 [pool-292-thread-1] INFO  impl.RoleInfo (RoleInfo.java:updateAndGet(143)) - a219d4eb-9520-4930-807c-c63459ca1d1e: start FollowerState
2019-08-23 19:58:57,219 [pool-292-thread-1] INFO  util.JmxRegister (JmxRegister.java:tryRegister(44)) - Successfully registered JMX Bean with object name Ratis:service=RaftServer,group=group-28C58F509F89,id=a219d4eb-9520-4930-807c-c63459ca1d1e
2019-08-23 19:58:57,227 [RatisPipelineUtilsThread] INFO  pipeline.PipelineStateManager (PipelineStateManager.java:addPipeline(56)) - Created pipeline Pipeline[ Id: bb43c2e0-6b6f-444a-877e-28c58f509f89, Nodes: bf5edd15-084c-4fa4-8dda-fa8d8a5a5d52{ip: 192.168.36.107, host: pr-hdds-738-bs8cz-951698853, networkLocation: /default-rack, certSerialId: null}a219d4eb-9520-4930-807c-c63459ca1d1e{ip: 192.168.36.107, host: pr-hdds-738-bs8cz-951698853, networkLocation: /default-rack, certSerialId: null}cabd03a2-5c51-441b-94d3-2eefcd21bf46{ip: 192.168.36.107, host: pr-hdds-738-bs8cz-951698853, networkLocation: /default-rack, certSerialId: null}, Type:RATIS, Factor:THREE, State:OPEN]
2019-08-23 19:58:57,628 [Thread-1094] INFO  ozone.MiniOzoneClusterImpl (MiniOzoneClusterImpl.java:lambda$waitForClusterToBeReady$0(140)) - Cluster is ready. Got 3 of 3 DN Heartbeats.
2019-08-23 19:58:57,668 [Thread-1094] INFO  rpc.RpcClient (RpcClient.java:createVolume(293)) - Creating Volume: volume29633, with user39027 as owner.
2019-08-23 19:58:57,671 | INFO  | OMAudit | user=jenkins1000 | ip=127.0.0.1 | op=CREATE_VOLUME {admin=admin28750, owner=user39027, volume=volume29633, creationTime=1566590337670, quotaInBytes=1152921504606846976} | ret=SUCCESS |  
2019-08-23 19:58:57,679 | INFO  | OMAudit | user=jenkins1000 | ip=127.0.0.1 | op=READ_VOLUME {volume=volume29633} | ret=SUCCESS |  
2019-08-23 19:58:57,680 [Thread-1094] INFO  rpc.RpcClient (RpcClient.java:createBucket(432)) - Creating Bucket: volume29633/bucket82648, with Versioning false and Storage Type set to DISK and Encryption set to false 
2019-08-23 19:58:57,684 | INFO  | OMAudit | user=jenkins1000 | ip=127.0.0.1 | op=CREATE_BUCKET {volume=volume29633, bucket=bucket82648, acls=[user:jenkins1000:a[ACCESS], group:default:a[ACCESS]], isVersionEnabled=false, storageType=DISK, creationTime=0} | ret=SUCCESS |  
2019-08-23 19:58:57,685 | INFO  | OMAudit | user=jenkins1000 | ip=127.0.0.1 | op=READ_BUCKET {volume=volume29633, bucket=bucket82648} | ret=SUCCESS |  
2019-08-23 19:58:57,694 | INFO  | OMAudit | user=jenkins1000 | ip=127.0.0.1 | op=READ_VOLUME {volume=volume29633} | ret=SUCCESS |  
2019-08-23 19:58:57,695 | INFO  | OMAudit | user=jenkins1000 | ip=127.0.0.1 | op=READ_BUCKET {volume=volume29633, bucket=bucket82648} | ret=SUCCESS |  
2019-08-23 19:58:57,719 | INFO  | SCMAudit | user=jenkins1000 | ip=192.168.36.107 | op=ALLOCATE_BLOCK {owner=5479f689-925a-4f1d-ac53-c85929f77423, size=4194304, type=RATIS, factor=THREE} | ret=SUCCESS |  
2019-08-23 19:58:57,725 | INFO  | OMAudit | user=jenkins1000 | ip=127.0.0.1 | op=CREATE_FILE {volume=volume29633, bucket=bucket82648, key=testDeleteCreatesFakeParentDir/parent/child, dataSize=0, replicationType=RATIS, replicationFactor=THREE, keyLocationInfo=null} | ret=SUCCESS |  
2019-08-23 19:58:57,727 | INFO  | OMAudit | user=jenkins1000 | ip=127.0.0.1 | op=COMMIT_KEY {volume=volume29633, bucket=bucket82648, key=testDeleteCreatesFakeParentDir/parent/child, dataSize=0, replicationType=null, replicationFactor=null, keyLocationInfo=[], clientID=102668064372621324} | ret=SUCCESS |  
2019-08-23 19:58:57,733 [Thread-1094] INFO  ozone.MiniOzoneClusterImpl (MiniOzoneClusterImpl.java:shutdown(307)) - Shutting down the Mini Ozone Cluster
2019-08-23 19:58:57,733 | INFO  | SCMAudit | user=null | ip=null | op=GET_SCM_INFO null | ret=SUCCESS |  
2019-08-23 19:58:57,733 [Thread-1094] INFO  ozone.MiniOzoneClusterImpl (MiniOzoneClusterImpl.java:stop(322)) - Stopping the Mini Ozone Cluster
2019-08-23 19:58:57,733 [Thread-1094] INFO  ozone.MiniOzoneClusterImpl (MiniOzoneClusterImpl.java:stop(324)) - Stopping the OzoneManager
2019-08-23 19:58:57,733 [Thread-1094] INFO  ipc.Server (Server.java:stop(3082)) - Stopping server on 42456
2019-08-23 19:58:57,736 [IPC Server listener on 42456] INFO  ipc.Server (Server.java:run(1185)) - Stopping IPC Server listener on 42456
2019-08-23 19:58:57,737 [IPC Server Responder] INFO  ipc.Server (Server.java:run(1319)) - Stopping IPC Server Responder
2019-08-23 19:58:57,736 [Thread-1094] INFO  ratis.OzoneManagerDoubleBuffer (OzoneManagerDoubleBuffer.java:stop(248)) - Stopping OMDoubleBuffer flush thread
2019-08-23 19:58:57,738 [OMDoubleBufferFlushThread] INFO  ratis.OzoneManagerDoubleBuffer (OzoneManagerDoubleBuffer.java:flushTransactions(191)) - OMDoubleBuffer flush thread OMDoubleBufferFlushThread is interrupted and will exit. OMDoubleBufferFlushThread
2019-08-23 19:58:57,738 [Thread-1094] INFO  utils.BackgroundService (BackgroundService.java:shutdown(148)) - Shutting down service KeyDeletingService
2019-08-23 19:58:57,740 [Thread-1094] INFO  handler.ContextHandler (ContextHandler.java:doStop(910)) - Stopped o.e.j.w.WebAppContext@54eef79a{/,null,UNAVAILABLE}{/ozoneManager}
2019-08-23 19:58:57,740 [Thread-1094] INFO  server.AbstractConnector (AbstractConnector.java:doStop(318)) - Stopped ServerConnector@774c8675{HTTP/1.1,[http/1.1]}{0.0.0.0:0}
2019-08-23 19:58:57,740 [Thread-1094] INFO  handler.ContextHandler (ContextHandler.java:doStop(910)) - Stopped o.e.j.s.ServletContextHandler@2475eace{/static,jar:file:/home/user/.m2/repository/org/apache/hadoop/hadoop-ozone-ozone-manager/0.5.0-SNAPSHOT/hadoop-ozone-ozone-manager-0.5.0-SNAPSHOT.jar!/webapps/static,UNAVAILABLE}
2019-08-23 19:58:57,741 [Thread-1094] INFO  handler.ContextHandler (ContextHandler.java:doStop(910)) - Stopped o.e.j.s.ServletContextHandler@1a2a726f{/logs,file:///workdir/hadoop-ozone/ozonefs/target/log,UNAVAILABLE}
2019-08-23 19:58:57,742 [Thread-1094] INFO  ozone.MiniOzoneClusterImpl (MiniOzoneClusterImpl.java:stop(330)) - Shutting the HddsDatanodes
2019-08-23 19:58:58,463 [Datanode State Machine Thread - 0] INFO  statemachine.DatanodeStateMachine (DatanodeStateMachine.java:lambda$startDaemon$0(350)) - Ozone container server started.
2019-08-23 19:58:58,547 [Datanode State Machine Thread - 0] INFO  statemachine.DatanodeStateMachine (DatanodeStateMachine.java:lambda$startDaemon$0(350)) - Ozone container server started.
2019-08-23 19:58:58,628 | INFO  | SCMAudit | user=jenkins1000 | ip=192.168.36.107 | op=SEND_HEARTBEAT {datanodeUUID=cabd03a2-5c51-441b-94d3-2eefcd21bf46, command=[]} | ret=SUCCESS |  
2019-08-23 19:58:59,472 [Thread-1266] INFO  container.ReplicationManager (ReplicationManager.java:start(152)) - Starting Replication Monitor Thread.
2019-08-23 19:58:59,474 [ReplicationMonitor] INFO  container.ReplicationManager (ReplicationManager.java:run(215)) - Replication Monitor Thread took 0 milliseconds for processing 1 containers.
2019-08-23 19:58:59,628 | INFO  | SCMAudit | user=jenkins1000 | ip=192.168.36.107 | op=SEND_HEARTBEAT {datanodeUUID=cabd03a2-5c51-441b-94d3-2eefcd21bf46, command=[]} | ret=SUCCESS |  
2019-08-23 19:59:00,628 | INFO  | SCMAudit | user=jenkins1000 | ip=192.168.36.107 | op=SEND_HEARTBEAT {datanodeUUID=cabd03a2-5c51-441b-94d3-2eefcd21bf46, command=[]} | ret=SUCCESS |  
2019-08-23 19:59:01,629 | INFO  | SCMAudit | user=jenkins1000 | ip=192.168.36.107 | op=SEND_HEARTBEAT {datanodeUUID=cabd03a2-5c51-441b-94d3-2eefcd21bf46, command=[]} | ret=SUCCESS |  
2019-08-23 19:59:02,119 [Thread-1271] INFO  impl.FollowerState (FollowerState.java:run(106)) - bf5edd15-084c-4fa4-8dda-fa8d8a5a5d52:group-29523003A186 changes to CANDIDATE, lastRpcTime:5069, electionTimeout:5069ms
2019-08-23 19:59:02,119 [Thread-1271] INFO  impl.RoleInfo (RoleInfo.java:shutdownFollowerState(121)) - bf5edd15-084c-4fa4-8dda-fa8d8a5a5d52: shutdown FollowerState
2019-08-23 19:59:02,120 [Thread-1271] INFO  impl.RaftServerImpl (RaftServerImpl.java:setRole(171)) - bf5edd15-084c-4fa4-8dda-fa8d8a5a5d52:group-29523003A186 changes role from FOLLOWER to CANDIDATE at term 0 for changeToCandidate
2019-08-23 19:59:02,120 [Thread-1271] INFO  impl.RoleInfo (RoleInfo.java:updateAndGet(143)) - bf5edd15-084c-4fa4-8dda-fa8d8a5a5d52: start LeaderElection
2019-08-23 19:59:02,145 [Thread-1268] INFO  impl.FollowerState (FollowerState.java:run(106)) - a219d4eb-9520-4930-807c-c63459ca1d1e:group-F030E4BC0A13 changes to CANDIDATE, lastRpcTime:5157, electionTimeout:5157ms
2019-08-23 19:59:02,145 [Thread-1268] INFO  impl.RoleInfo (RoleInfo.java:shutdownFollowerState(121)) - a219d4eb-9520-4930-807c-c63459ca1d1e: shutdown FollowerState
2019-08-23 19:59:02,145 [Thread-1268] INFO  impl.RaftServerImpl (RaftServerImpl.java:setRole(171)) - a219d4eb-9520-4930-807c-c63459ca1d1e:group-F030E4BC0A13 changes role from FOLLOWER to CANDIDATE at term 0 for changeToCandidate
2019-08-23 19:59:02,145 [Thread-1268] INFO  impl.RoleInfo (RoleInfo.java:updateAndGet(143)) - a219d4eb-9520-4930-807c-c63459ca1d1e: start LeaderElection
2019-08-23 19:59:02,204 [Thread-1274] INFO  impl.FollowerState (FollowerState.java:run(106)) - cabd03a2-5c51-441b-94d3-2eefcd21bf46:group-F612DFE228CC changes to CANDIDATE, lastRpcTime:5062, electionTimeout:5062ms
2019-08-23 19:59:02,205 [Thread-1274] INFO  impl.RoleInfo (RoleInfo.java:shutdownFollowerState(121)) - cabd03a2-5c51-441b-94d3-2eefcd21bf46: shutdown FollowerState
2019-08-23 19:59:02,205 [Thread-1274] INFO  impl.RaftServerImpl (RaftServerImpl.java:setRole(171)) - cabd03a2-5c51-441b-94d3-2eefcd21bf46:group-F612DFE228CC changes role from FOLLOWER to CANDIDATE at term 0 for changeToCandidate
2019-08-23 19:59:02,205 [Thread-1274] INFO  impl.RoleInfo (RoleInfo.java:updateAndGet(143)) - cabd03a2-5c51-441b-94d3-2eefcd21bf46: start LeaderElection
2019-08-23 19:59:02,272 [Thread-1280] INFO  impl.FollowerState (FollowerState.java:run(106)) - cabd03a2-5c51-441b-94d3-2eefcd21bf46:group-28C58F509F89 changes to CANDIDATE, lastRpcTime:5056, electionTimeout:5056ms
2019-08-23 19:59:02,272 [Thread-1280] INFO  impl.RoleInfo (RoleInfo.java:shutdownFollowerState(121)) - cabd03a2-5c51-441b-94d3-2eefcd21bf46: shutdown FollowerState
2019-08-23 19:59:02,273 [Thread-1280] INFO  impl.RaftServerImpl (RaftServerImpl.java:setRole(171)) - cabd03a2-5c51-441b-94d3-2eefcd21bf46:group-28C58F509F89 changes role from FOLLOWER to CANDIDATE at term 0 for changeToCandidate
2019-08-23 19:59:02,273 [Thread-1280] INFO  impl.RoleInfo (RoleInfo.java:updateAndGet(143)) - cabd03a2-5c51-441b-94d3-2eefcd21bf46: start LeaderElection
2019-08-23 19:59:02,312 [Thread-1283] INFO  impl.FollowerState (FollowerState.java:run(106)) - a219d4eb-9520-4930-807c-c63459ca1d1e:group-28C58F509F89 changes to CANDIDATE, lastRpcTime:5095, electionTimeout:5093ms
2019-08-23 19:59:02,313 [Thread-1283] INFO  impl.RoleInfo (RoleInfo.java:shutdownFollowerState(121)) - a219d4eb-9520-4930-807c-c63459ca1d1e: shutdown FollowerState
2019-08-23 19:59:02,313 [Thread-1283] INFO  impl.RaftServerImpl (RaftServerImpl.java:setRole(171)) - a219d4eb-9520-4930-807c-c63459ca1d1e:group-28C58F509F89 changes role from FOLLOWER to CANDIDATE at term 0 for changeToCandidate
2019-08-23 19:59:02,313 [Thread-1283] INFO  impl.RoleInfo (RoleInfo.java:updateAndGet(143)) - a219d4eb-9520-4930-807c-c63459ca1d1e: start LeaderElection
2019-08-23 19:59:02,373 [Thread-1277] INFO  impl.FollowerState (FollowerState.java:run(106)) - bf5edd15-084c-4fa4-8dda-fa8d8a5a5d52:group-28C58F509F89 changes to CANDIDATE, lastRpcTime:5158, electionTimeout:5158ms
2019-08-23 19:59:02,373 [Thread-1277] INFO  impl.RoleInfo (RoleInfo.java:shutdownFollowerState(121)) - bf5edd15-084c-4fa4-8dda-fa8d8a5a5d52: shutdown FollowerState
2019-08-23 19:59:02,373 [Thread-1277] INFO  impl.RaftServerImpl (RaftServerImpl.java:setRole(171)) - bf5edd15-084c-4fa4-8dda-fa8d8a5a5d52:group-28C58F509F89 changes role from FOLLOWER to CANDIDATE at term 0 for changeToCandidate
2019-08-23 19:59:02,373 [Thread-1277] INFO  impl.RoleInfo (RoleInfo.java:updateAndGet(143)) - bf5edd15-084c-4fa4-8dda-fa8d8a5a5d52: start LeaderElection
2019-08-23 19:59:02,628 | INFO  | SCMAudit | user=jenkins1000 | ip=192.168.36.107 | op=SEND_HEARTBEAT {datanodeUUID=cabd03a2-5c51-441b-94d3-2eefcd21bf46, command=[]} | ret=SUCCESS |  
2019-08-23 19:59:02,648 [bf5edd15-084c-4fa4-8dda-fa8d8a5a5d52:group-29523003A186:LeaderElection32] INFO  impl.LeaderElection (LeaderElection.java:askForVotes(181)) - bf5edd15-084c-4fa4-8dda-fa8d8a5a5d52:group-29523003A186:LeaderElection32: begin an election at term 1 for -1: [bf5edd15-084c-4fa4-8dda-fa8d8a5a5d52:192.168.36.107:41065], old=null
2019-08-23 19:59:02,648 [a219d4eb-9520-4930-807c-c63459ca1d1e:group-F030E4BC0A13:LeaderElection33] INFO  impl.LeaderElection (LeaderElection.java:askForVotes(181)) - a219d4eb-9520-4930-807c-c63459ca1d1e:group-F030E4BC0A13:LeaderElection33: begin an election at term 1 for -1: [a219d4eb-9520-4930-807c-c63459ca1d1e:192.168.36.107:43309], old=null
2019-08-23 19:59:02,648 [bf5edd15-084c-4fa4-8dda-fa8d8a5a5d52:group-29523003A186:LeaderElection32] INFO  impl.RoleInfo (RoleInfo.java:shutdownLeaderElection(134)) - bf5edd15-084c-4fa4-8dda-fa8d8a5a5d52: shutdown LeaderElection
2019-08-23 19:59:02,648 [a219d4eb-9520-4930-807c-c63459ca1d1e:group-F030E4BC0A13:LeaderElection33] INFO  impl.RoleInfo (RoleInfo.java:shutdownLeaderElection(134)) - a219d4eb-9520-4930-807c-c63459ca1d1e: shutdown LeaderElection
2019-08-23 19:59:02,649 [bf5edd15-084c-4fa4-8dda-fa8d8a5a5d52:group-29523003A186:LeaderElection32] INFO  impl.RaftServerImpl (RaftServerImpl.java:setRole(171)) - bf5edd15-084c-4fa4-8dda-fa8d8a5a5d52:group-29523003A186 changes role from CANDIDATE to LEADER at term 1 for changeToLeader
2019-08-23 19:59:02,649 [a219d4eb-9520-4930-807c-c63459ca1d1e:group-F030E4BC0A13:LeaderElection33] INFO  impl.RaftServerImpl (RaftServerImpl.java:setRole(171)) - a219d4eb-9520-4930-807c-c63459ca1d1e:group-F030E4BC0A13 changes role from CANDIDATE to LEADER at term 1 for changeToLeader
2019-08-23 19:59:02,649 [bf5edd15-084c-4fa4-8dda-fa8d8a5a5d52:group-29523003A186:LeaderElection32] INFO  impl.RaftServerImpl (ServerState.java:setLeader(263)) - bf5edd15-084c-4fa4-8dda-fa8d8a5a5d52:group-29523003A186 change Leader from null to bf5edd15-084c-4fa4-8dda-fa8d8a5a5d52 at term 1 for becomeLeader, leader elected after 5603ms
2019-08-23 19:59:02,649 [a219d4eb-9520-4930-807c-c63459ca1d1e:group-28C58F509F89:LeaderElection36] INFO  impl.LeaderElection (LeaderElection.java:askForVotes(181)) - a219d4eb-9520-4930-807c-c63459ca1d1e:group-28C58F509F89:LeaderElection36: begin an election at term 1 for -1: [bf5edd15-084c-4fa4-8dda-fa8d8a5a5d52:192.168.36.107:41065, a219d4eb-9520-4930-807c-c63459ca1d1e:192.168.36.107:43309, cabd03a2-5c51-441b-94d3-2eefcd21bf46:192.168.36.107:41197], old=null
2019-08-23 19:59:02,649 [cabd03a2-5c51-441b-94d3-2eefcd21bf46:group-F612DFE228CC:LeaderElection34] INFO  impl.LeaderElection (LeaderElection.java:askForVotes(181)) - cabd03a2-5c51-441b-94d3-2eefcd21bf46:group-F612DFE228CC:LeaderElection34: begin an election at term 1 for -1: [cabd03a2-5c51-441b-94d3-2eefcd21bf46:192.168.36.107:41197], old=null
2019-08-23 19:59:02,649 [a219d4eb-9520-4930-807c-c63459ca1d1e:group-F030E4BC0A13:LeaderElection33] INFO  impl.RaftServerImpl (ServerState.java:setLeader(263)) - a219d4eb-9520-4930-807c-c63459ca1d1e:group-F030E4BC0A13 change Leader from null to a219d4eb-9520-4930-807c-c63459ca1d1e at term 1 for becomeLeader, leader elected after 5666ms
2019-08-23 19:59:02,650 [cabd03a2-5c51-441b-94d3-2eefcd21bf46:group-F612DFE228CC:LeaderElection34] INFO  impl.RoleInfo (RoleInfo.java:shutdownLeaderElection(134)) - cabd03a2-5c51-441b-94d3-2eefcd21bf46: shutdown LeaderElection
2019-08-23 19:59:02,649 [bf5edd15-084c-4fa4-8dda-fa8d8a5a5d52:group-29523003A186:LeaderElection32] INFO  server.RaftServerConfigKeys (ConfUtils.java:logGet(43)) - raft.server.staging.catchup.gap = 1000 (default)
2019-08-23 19:59:02,649 [bf5edd15-084c-4fa4-8dda-fa8d8a5a5d52:group-28C58F509F89:LeaderElection37] INFO  impl.LeaderElection (LeaderElection.java:askForVotes(181)) - bf5edd15-084c-4fa4-8dda-fa8d8a5a5d52:group-28C58F509F89:LeaderElection37: begin an election at term 1 for -1: [bf5edd15-084c-4fa4-8dda-fa8d8a5a5d52:192.168.36.107:41065, a219d4eb-9520-4930-807c-c63459ca1d1e:192.168.36.107:43309, cabd03a2-5c51-441b-94d3-2eefcd21bf46:192.168.36.107:41197], old=null
2019-08-23 19:59:02,649 [cabd03a2-5c51-441b-94d3-2eefcd21bf46:group-28C58F509F89:LeaderElection35] INFO  impl.LeaderElection (LeaderElection.java:askForVotes(181)) - cabd03a2-5c51-441b-94d3-2eefcd21bf46:group-28C58F509F89:LeaderElection35: begin an election at term 1 for -1: [bf5edd15-084c-4fa4-8dda-fa8d8a5a5d52:192.168.36.107:41065, a219d4eb-9520-4930-807c-c63459ca1d1e:192.168.36.107:43309, cabd03a2-5c51-441b-94d3-2eefcd21bf46:192.168.36.107:41197], old=null
2019-08-23 19:59:02,650 [bf5edd15-084c-4fa4-8dda-fa8d8a5a5d52:group-29523003A186:LeaderElection32] INFO  server.RaftServerConfigKeys (ConfUtils.java:logGet(43)) - raft.server.rpc.sleep.time = 25ms (default)
2019-08-23 19:59:02,650 [cabd03a2-5c51-441b-94d3-2eefcd21bf46:group-F612DFE228CC:LeaderElection34] INFO  impl.RaftServerImpl (RaftServerImpl.java:setRole(171)) - cabd03a2-5c51-441b-94d3-2eefcd21bf46:group-F612DFE228CC changes role from CANDIDATE to LEADER at term 1 for changeToLeader
2019-08-23 19:59:02,651 [cabd03a2-5c51-441b-94d3-2eefcd21bf46:group-F612DFE228CC:LeaderElection34] INFO  impl.RaftServerImpl (ServerState.java:setLeader(263)) - cabd03a2-5c51-441b-94d3-2eefcd21bf46:group-F612DFE228CC change Leader from null to cabd03a2-5c51-441b-94d3-2eefcd21bf46 at term 1 for becomeLeader, leader elected after 5514ms
2019-08-23 19:59:02,650 [a219d4eb-9520-4930-807c-c63459ca1d1e:group-F030E4BC0A13:LeaderElection33] INFO  server.RaftServerConfigKeys (ConfUtils.java:logGet(43)) - raft.server.staging.catchup.gap = 1000 (default)
2019-08-23 19:59:02,651 [cabd03a2-5c51-441b-94d3-2eefcd21bf46:group-F612DFE228CC:LeaderElection34] INFO  server.RaftServerConfigKeys (ConfUtils.java:logGet(43)) - raft.server.staging.catchup.gap = 1000 (default)
2019-08-23 19:59:02,651 [bf5edd15-084c-4fa4-8dda-fa8d8a5a5d52:group-29523003A186:LeaderElection32] INFO  server.RaftServerConfigKeys (ConfUtils.java:logGet(43)) - raft.server.write.element-limit = 4096 (default)
2019-08-23 19:59:02,651 [cabd03a2-5c51-441b-94d3-2eefcd21bf46:group-F612DFE228CC:LeaderElection34] INFO  server.RaftServerConfigKeys (ConfUtils.java:logGet(43)) - raft.server.rpc.sleep.time = 25ms (default)
2019-08-23 19:59:02,651 [a219d4eb-9520-4930-807c-c63459ca1d1e:group-F030E4BC0A13:LeaderElection33] INFO  server.RaftServerConfigKeys (ConfUtils.java:logGet(43)) - raft.server.rpc.sleep.time = 25ms (default)
2019-08-23 19:59:02,656 [cabd03a2-5c51-441b-94d3-2eefcd21bf46:group-F612DFE228CC:LeaderElection34] INFO  server.RaftServerConfigKeys (ConfUtils.java:logGet(43)) - raft.server.write.element-limit = 4096 (default)
2019-08-23 19:59:02,654 [bf5edd15-084c-4fa4-8dda-fa8d8a5a5d52:group-29523003A186:LeaderElection32] INFO  server.RaftServerConfigKeys (ConfUtils.java:logGet(43)) - raft.server.watch.timeout = 10s (default)
2019-08-23 19:59:02,657 [cabd03a2-5c51-441b-94d3-2eefcd21bf46:group-F612DFE228CC:LeaderElection34] INFO  server.RaftServerConfigKeys (ConfUtils.java:logGet(43)) - raft.server.watch.timeout = 10s (default)
2019-08-23 19:59:02,657 [a219d4eb-9520-4930-807c-c63459ca1d1e:group-F030E4BC0A13:LeaderElection33] INFO  server.RaftServerConfigKeys (ConfUtils.java:logGet(43)) - raft.server.write.element-limit = 4096 (default)
2019-08-23 19:59:02,657 [cabd03a2-5c51-441b-94d3-2eefcd21bf46:group-F612DFE228CC:LeaderElection34] INFO  server.RaftServerConfigKeys (ConfUtils.java:logGet(43)) - raft.server.watch.timeout.denomination = 1s (default)
2019-08-23 19:59:02,657 [bf5edd15-084c-4fa4-8dda-fa8d8a5a5d52:group-29523003A186:LeaderElection32] INFO  server.RaftServerConfigKeys (ConfUtils.java:logGet(43)) - raft.server.watch.timeout.denomination = 1s (default)
2019-08-23 19:59:02,661 [cabd03a2-5c51-441b-94d3-2eefcd21bf46:group-F612DFE228CC:LeaderElection34] INFO  server.RaftServerConfigKeys (ConfUtils.java:logGet(43)) - raft.server.watch.element-limit = 65536 (default)
2019-08-23 19:59:02,659 [a219d4eb-9520-4930-807c-c63459ca1d1e:group-F030E4BC0A13:LeaderElection33] INFO  server.RaftServerConfigKeys (ConfUtils.java:logGet(43)) - raft.server.watch.timeout = 10s (default)
2019-08-23 19:59:02,661 [cabd03a2-5c51-441b-94d3-2eefcd21bf46:group-F612DFE228CC:LeaderElection34] INFO  impl.RoleInfo (RoleInfo.java:updateAndGet(143)) - cabd03a2-5c51-441b-94d3-2eefcd21bf46: start LeaderState
2019-08-23 19:59:02,661 [bf5edd15-084c-4fa4-8dda-fa8d8a5a5d52:group-29523003A186:LeaderElection32] INFO  server.RaftServerConfigKeys (ConfUtils.java:logGet(43)) - raft.server.watch.element-limit = 65536 (default)
2019-08-23 19:59:02,661 [a219d4eb-9520-4930-807c-c63459ca1d1e:group-F030E4BC0A13:LeaderElection33] INFO  server.RaftServerConfigKeys (ConfUtils.java:logGet(43)) - raft.server.watch.timeout.denomination = 1s (default)
2019-08-23 19:59:02,662 [bf5edd15-084c-4fa4-8dda-fa8d8a5a5d52:group-29523003A186:LeaderElection32] INFO  impl.RoleInfo (RoleInfo.java:updateAndGet(143)) - bf5edd15-084c-4fa4-8dda-fa8d8a5a5d52: start LeaderState
2019-08-23 19:59:02,662 [cabd03a2-5c51-441b-94d3-2eefcd21bf46:group-F612DFE228CC:LeaderElection34] INFO  segmented.SegmentedRaftLogWorker (SegmentedRaftLogWorker.java:startLogSegment(380)) - cabd03a2-5c51-441b-94d3-2eefcd21bf46-SegmentedRaftLogWorker:Storage Directory /workdir/hadoop-ozone/ozonefs/target/test-dir/MiniOzoneClusterImpl-543f2ac3-ec6a-40e0-90c6-1f9d9b3dc6e0/datanode-2/data/ratis/93284a2f-87a1-40cf-a2ec-f612dfe228cc: Starting segment from index:0
2019-08-23 19:59:02,662 [bf5edd15-084c-4fa4-8dda-fa8d8a5a5d52:group-29523003A186:LeaderElection32] INFO  segmented.SegmentedRaftLogWorker (SegmentedRaftLogWorker.java:startLogSegment(380)) - bf5edd15-084c-4fa4-8dda-fa8d8a5a5d52-SegmentedRaftLogWorker:Storage Directory /workdir/hadoop-ozone/ozonefs/target/test-dir/MiniOzoneClusterImpl-543f2ac3-ec6a-40e0-90c6-1f9d9b3dc6e0/datanode-1/data/ratis/0d2c5b88-2367-438e-84ee-29523003a186: Starting segment from index:0
2019-08-23 19:59:02,662 [a219d4eb-9520-4930-807c-c63459ca1d1e:group-F030E4BC0A13:LeaderElection33] INFO  server.RaftServerConfigKeys (ConfUtils.java:logGet(43)) - raft.server.watch.element-limit = 65536 (default)
2019-08-23 19:59:02,663 [cabd03a2-5c51-441b-94d3-2eefcd21bf46:group-F612DFE228CC:LeaderElection34] INFO  impl.RaftServerImpl (ServerState.java:setRaftConf(361)) - cabd03a2-5c51-441b-94d3-2eefcd21bf46:group-F612DFE228CC set configuration 0: [cabd03a2-5c51-441b-94d3-2eefcd21bf46:192.168.36.107:41197], old=null at 0
2019-08-23 19:59:02,702 [bf5edd15-084c-4fa4-8dda-fa8d8a5a5d52:group-29523003A186:LeaderElection32] INFO  impl.RaftServerImpl (ServerState.java:setRaftConf(361)) - bf5edd15-084c-4fa4-8dda-fa8d8a5a5d52:group-29523003A186 set configuration 0: [bf5edd15-084c-4fa4-8dda-fa8d8a5a5d52:192.168.36.107:41065], old=null at 0
2019-08-23 19:59:02,702 [a219d4eb-9520-4930-807c-c63459ca1d1e:group-F030E4BC0A13:LeaderElection33] INFO  impl.RoleInfo (RoleInfo.java:updateAndGet(143)) - a219d4eb-9520-4930-807c-c63459ca1d1e: start LeaderState
2019-08-23 19:59:02,703 [a219d4eb-9520-4930-807c-c63459ca1d1e:group-F030E4BC0A13:LeaderElection33] INFO  segmented.SegmentedRaftLogWorker (SegmentedRaftLogWorker.java:startLogSegment(380)) - a219d4eb-9520-4930-807c-c63459ca1d1e-SegmentedRaftLogWorker:Storage Directory /workdir/hadoop-ozone/ozonefs/target/test-dir/MiniOzoneClusterImpl-543f2ac3-ec6a-40e0-90c6-1f9d9b3dc6e0/datanode-0/data/ratis/ca3f6acf-eb05-4550-8480-f030e4bc0a13: Starting segment from index:0
2019-08-23 19:59:02,703 [a219d4eb-9520-4930-807c-c63459ca1d1e:group-F030E4BC0A13:LeaderElection33] INFO  impl.RaftServerImpl (ServerState.java:setRaftConf(361)) - a219d4eb-9520-4930-807c-c63459ca1d1e:group-F030E4BC0A13 set configuration 0: [a219d4eb-9520-4930-807c-c63459ca1d1e:192.168.36.107:43309], old=null at 0
2019-08-23 19:59:02,744 [ForkJoinPool.commonPool-worker-1] INFO  ozoneimpl.OzoneContainer (OzoneContainer.java:stop(199)) - Attempting to stop container services.
2019-08-23 19:59:02,745 [Thread-1094] INFO  ozoneimpl.OzoneContainer (OzoneContainer.java:stop(199)) - Attempting to stop container services.
2019-08-23 19:59:02,747 [ForkJoinPool.commonPool-worker-1] INFO  impl.RaftServerProxy (RaftServerProxy.java:lambda$close$4(314)) - a219d4eb-9520-4930-807c-c63459ca1d1e: close
2019-08-23 19:59:02,747 [Thread-1094] INFO  impl.RaftServerProxy (RaftServerProxy.java:lambda$close$4(314)) - bf5edd15-084c-4fa4-8dda-fa8d8a5a5d52: close
2019-08-23 19:59:02,749 [ForkJoinPool.commonPool-worker-1] INFO  impl.RaftServerImpl (RaftServerImpl.java:lambda$shutdown$3(245)) - a219d4eb-9520-4930-807c-c63459ca1d1e: shutdown group-28C58F509F89
2019-08-23 19:59:02,749 [Thread-1094] INFO  impl.RaftServerImpl (RaftServerImpl.java:lambda$shutdown$3(245)) - bf5edd15-084c-4fa4-8dda-fa8d8a5a5d52: shutdown group-29523003A186
2019-08-23 19:59:02,751 [ForkJoinPool.commonPool-worker-1] INFO  util.JmxRegister (JmxRegister.java:unregister(73)) - Successfully un-registered JMX Bean with object name Ratis:service=RaftServer,group=group-28C58F509F89,id=a219d4eb-9520-4930-807c-c63459ca1d1e
2019-08-23 19:59:02,755 [ForkJoinPool.commonPool-worker-1] INFO  impl.RoleInfo (RoleInfo.java:shutdownLeaderElection(134)) - a219d4eb-9520-4930-807c-c63459ca1d1e: shutdown LeaderElection
2019-08-23 19:59:02,753 [Thread-1094] INFO  util.JmxRegister (JmxRegister.java:unregister(73)) - Successfully un-registered JMX Bean with object name Ratis:service=RaftServer,group=group-29523003A186,id=bf5edd15-084c-4fa4-8dda-fa8d8a5a5d52
2019-08-23 19:59:02,757 [Thread-1094] INFO  impl.RoleInfo (RoleInfo.java:shutdownLeaderState(104)) - bf5edd15-084c-4fa4-8dda-fa8d8a5a5d52: shutdown LeaderState
2019-08-23 19:59:02,757 [ForkJoinPool.commonPool-worker-1] INFO  impl.StateMachineUpdater (StateMachineUpdater.java:stopAndJoin(115)) - StateMachineUpdater:a219d4eb-9520-4930-807c-c63459ca1d1e:group-28C58F509F89: set stopIndex = -1
2019-08-23 19:59:02,759 [Thread-1094] INFO  impl.PendingRequests (PendingRequests.java:sendNotLeaderResponses(202)) - bf5edd15-084c-4fa4-8dda-fa8d8a5a5d52-PendingRequests: sendNotLeaderResponses
2019-08-23 19:59:02,760 [ForkJoinPool.commonPool-worker-1] INFO  impl.RaftServerImpl (ServerState.java:close(394)) - a219d4eb-9520-4930-807c-c63459ca1d1e:group-28C58F509F89 closes. The last applied log index is -1
2019-08-23 19:59:02,761 [Thread-1094] INFO  impl.StateMachineUpdater (StateMachineUpdater.java:stopAndJoin(115)) - StateMachineUpdater:bf5edd15-084c-4fa4-8dda-fa8d8a5a5d52:group-29523003A186: set stopIndex = -1
2019-08-23 19:59:02,762 [a219d4eb-9520-4930-807c-c63459ca1d1e-SegmentedRaftLogWorker:Storage Directory /workdir/hadoop-ozone/ozonefs/target/test-dir/MiniOzoneClusterImpl-543f2ac3-ec6a-40e0-90c6-1f9d9b3dc6e0/datanode-0/data/ratis/bb43c2e0-6b6f-444a-877e-28c58f509f89] INFO  segmented.SegmentedRaftLogWorker (SegmentedRaftLogWorker.java:run(313)) - a219d4eb-9520-4930-807c-c63459ca1d1e-SegmentedRaftLogWorker:Storage Directory /workdir/hadoop-ozone/ozonefs/target/test-dir/MiniOzoneClusterImpl-543f2ac3-ec6a-40e0-90c6-1f9d9b3dc6e0/datanode-0/data/ratis/bb43c2e0-6b6f-444a-877e-28c58f509f89 was interrupted, exiting. There are 0 tasks remaining in the queue.
2019-08-23 19:59:02,762 [Thread-1094] INFO  impl.RaftServerImpl (ServerState.java:close(394)) - bf5edd15-084c-4fa4-8dda-fa8d8a5a5d52:group-29523003A186 closes. The last applied log index is -1
2019-08-23 19:59:02,763 [ForkJoinPool.commonPool-worker-1] INFO  segmented.SegmentedRaftLogWorker (SegmentedRaftLogWorker.java:close(228)) - a219d4eb-9520-4930-807c-c63459ca1d1e-SegmentedRaftLogWorker:Storage Directory /workdir/hadoop-ozone/ozonefs/target/test-dir/MiniOzoneClusterImpl-543f2ac3-ec6a-40e0-90c6-1f9d9b3dc6e0/datanode-0/data/ratis/bb43c2e0-6b6f-444a-877e-28c58f509f89 close()
2019-08-23 19:59:02,764 [cabd03a2-5c51-441b-94d3-2eefcd21bf46:group-28C58F509F89:LeaderElection35] INFO  impl.LeaderElection (LeaderElection.java:logAndReturn(56)) - cabd03a2-5c51-441b-94d3-2eefcd21bf46:group-28C58F509F89:LeaderElection35: Election REJECTED; received 2 response(s) [cabd03a2-5c51-441b-94d3-2eefcd21bf46<-a219d4eb-9520-4930-807c-c63459ca1d1e#0:FAIL-t1, cabd03a2-5c51-441b-94d3-2eefcd21bf46<-bf5edd15-084c-4fa4-8dda-fa8d8a5a5d52#0:FAIL-t1] and 0 exception(s); cabd03a2-5c51-441b-94d3-2eefcd21bf46:t1, leader=null, voted=cabd03a2-5c51-441b-94d3-2eefcd21bf46, raftlog=cabd03a2-5c51-441b-94d3-2eefcd21bf46-SegmentedRaftLog:OPENED:c-1,f-1,i0, conf=-1: [bf5edd15-084c-4fa4-8dda-fa8d8a5a5d52:192.168.36.107:41065, a219d4eb-9520-4930-807c-c63459ca1d1e:192.168.36.107:43309, cabd03a2-5c51-441b-94d3-2eefcd21bf46:192.168.36.107:41197], old=null
2019-08-23 19:59:02,764 [a219d4eb-9520-4930-807c-c63459ca1d1e:group-28C58F509F89:LeaderElection36] INFO  impl.LeaderElection (LeaderElection.java:logAndReturn(56)) - a219d4eb-9520-4930-807c-c63459ca1d1e:group-28C58F509F89:LeaderElection36: Election REJECTED; received 1 response(s) [a219d4eb-9520-4930-807c-c63459ca1d1e<-cabd03a2-5c51-441b-94d3-2eefcd21bf46#0:FAIL-t1] and 0 exception(s); a219d4eb-9520-4930-807c-c63459ca1d1e:t1, leader=null, voted=a219d4eb-9520-4930-807c-c63459ca1d1e, raftlog=a219d4eb-9520-4930-807c-c63459ca1d1e-SegmentedRaftLog:CLOSED:c-1, conf=-1: [bf5edd15-084c-4fa4-8dda-fa8d8a5a5d52:192.168.36.107:41065, a219d4eb-9520-4930-807c-c63459ca1d1e:192.168.36.107:43309, cabd03a2-5c51-441b-94d3-2eefcd21bf46:192.168.36.107:41197], old=null
2019-08-23 19:59:02,768 [cabd03a2-5c51-441b-94d3-2eefcd21bf46:group-28C58F509F89:LeaderElection35] INFO  impl.RaftServerImpl (RaftServerImpl.java:setRole(171)) - cabd03a2-5c51-441b-94d3-2eefcd21bf46:group-28C58F509F89 changes role from CANDIDATE to FOLLOWER at term 1 for DISCOVERED_A_NEW_TERM
2019-08-23 19:59:02,770 [cabd03a2-5c51-441b-94d3-2eefcd21bf46:group-28C58F509F89:LeaderElection35] INFO  impl.RoleInfo (RoleInfo.java:shutdownLeaderElection(134)) - cabd03a2-5c51-441b-94d3-2eefcd21bf46: shutdown LeaderElection
2019-08-23 19:59:02,768 [ForkJoinPool.commonPool-worker-1] INFO  impl.RaftServerImpl (RaftServerImpl.java:lambda$shutdown$3(245)) - a219d4eb-9520-4930-807c-c63459ca1d1e: shutdown group-F030E4BC0A13
2019-08-23 19:59:02,770 [cabd03a2-5c51-441b-94d3-2eefcd21bf46:group-28C58F509F89:LeaderElection35] INFO  impl.RoleInfo (RoleInfo.java:updateAndGet(143)) - cabd03a2-5c51-441b-94d3-2eefcd21bf46: start FollowerState
2019-08-23 19:59:02,771 [ForkJoinPool.commonPool-worker-1] INFO  util.JmxRegister (JmxRegister.java:unregister(73)) - Successfully un-registered JMX Bean with object name Ratis:service=RaftServer,group=group-F030E4BC0A13,id=a219d4eb-9520-4930-807c-c63459ca1d1e
2019-08-23 19:59:02,771 [ForkJoinPool.commonPool-worker-1] INFO  impl.RoleInfo (RoleInfo.java:shutdownLeaderState(104)) - a219d4eb-9520-4930-807c-c63459ca1d1e: shutdown LeaderState
2019-08-23 19:59:02,771 [bf5edd15-084c-4fa4-8dda-fa8d8a5a5d52:group-28C58F509F89:LeaderElection37] INFO  impl.LeaderElection (LeaderElection.java:logAndReturn(56)) - bf5edd15-084c-4fa4-8dda-fa8d8a5a5d52:group-28C58F509F89:LeaderElection37: Election REJECTED; received 2 response(s) [bf5edd15-084c-4fa4-8dda-fa8d8a5a5d52<-a219d4eb-9520-4930-807c-c63459ca1d1e#0:FAIL-t1, bf5edd15-084c-4fa4-8dda-fa8d8a5a5d52<-cabd03a2-5c51-441b-94d3-2eefcd21bf46#0:FAIL-t1] and 0 exception(s); bf5edd15-084c-4fa4-8dda-fa8d8a5a5d52:t1, leader=null, voted=bf5edd15-084c-4fa4-8dda-fa8d8a5a5d52, raftlog=bf5edd15-084c-4fa4-8dda-fa8d8a5a5d52-SegmentedRaftLog:OPENED:c-1,f-1,i0, conf=-1: [bf5edd15-084c-4fa4-8dda-fa8d8a5a5d52:192.168.36.107:41065, a219d4eb-9520-4930-807c-c63459ca1d1e:192.168.36.107:43309, cabd03a2-5c51-441b-94d3-2eefcd21bf46:192.168.36.107:41197], old=null
2019-08-23 19:59:02,771 [ForkJoinPool.commonPool-worker-1] INFO  impl.PendingRequests (PendingRequests.java:sendNotLeaderResponses(202)) - a219d4eb-9520-4930-807c-c63459ca1d1e-PendingRequests: sendNotLeaderResponses
2019-08-23 19:59:02,772 [bf5edd15-084c-4fa4-8dda-fa8d8a5a5d52:group-28C58F509F89:LeaderElection37] INFO  impl.RaftServerImpl (RaftServerImpl.java:setRole(171)) - bf5edd15-084c-4fa4-8dda-fa8d8a5a5d52:group-28C58F509F89 changes role from CANDIDATE to FOLLOWER at term 1 for DISCOVERED_A_NEW_TERM
2019-08-23 19:59:02,772 [ForkJoinPool.commonPool-worker-1] INFO  impl.StateMachineUpdater (StateMachineUpdater.java:stopAndJoin(115)) - StateMachineUpdater:a219d4eb-9520-4930-807c-c63459ca1d1e:group-F030E4BC0A13: set stopIndex = -1
2019-08-23 19:59:02,772 [bf5edd15-084c-4fa4-8dda-fa8d8a5a5d52:group-28C58F509F89:LeaderElection37] INFO  impl.RoleInfo (RoleInfo.java:shutdownLeaderElection(134)) - bf5edd15-084c-4fa4-8dda-fa8d8a5a5d52: shutdown LeaderElection
2019-08-23 19:59:02,772 [ForkJoinPool.commonPool-worker-1] INFO  impl.RaftServerImpl (ServerState.java:close(394)) - a219d4eb-9520-4930-807c-c63459ca1d1e:group-F030E4BC0A13 closes. The last applied log index is -1
2019-08-23 19:59:02,772 [bf5edd15-084c-4fa4-8dda-fa8d8a5a5d52:group-28C58F509F89:LeaderElection37] INFO  impl.RoleInfo (RoleInfo.java:updateAndGet(143)) - bf5edd15-084c-4fa4-8dda-fa8d8a5a5d52: start FollowerState
2019-08-23 19:59:03,383 [cabd03a2-5c51-441b-94d3-2eefcd21bf46-SegmentedRaftLogWorker:Storage Directory /workdir/hadoop-ozone/ozonefs/target/test-dir/MiniOzoneClusterImpl-543f2ac3-ec6a-40e0-90c6-1f9d9b3dc6e0/datanode-2/data/ratis/93284a2f-87a1-40cf-a2ec-f612dfe228cc] INFO  segmented.SegmentedRaftLogWorker (SegmentedRaftLogWorker.java:execute(569)) - cabd03a2-5c51-441b-94d3-2eefcd21bf46-SegmentedRaftLogWorker:Storage Directory /workdir/hadoop-ozone/ozonefs/target/test-dir/MiniOzoneClusterImpl-543f2ac3-ec6a-40e0-90c6-1f9d9b3dc6e0/datanode-2/data/ratis/93284a2f-87a1-40cf-a2ec-f612dfe228cc: created new log segment /workdir/hadoop-ozone/ozonefs/target/test-dir/MiniOzoneClusterImpl-543f2ac3-ec6a-40e0-90c6-1f9d9b3dc6e0/datanode-2/data/ratis/93284a2f-87a1-40cf-a2ec-f612dfe228cc/current/log_inprogress_0
2019-08-23 19:59:03,383 [bf5edd15-084c-4fa4-8dda-fa8d8a5a5d52-SegmentedRaftLogWorker:Storage Directory /workdir/hadoop-ozone/ozonefs/target/test-dir/MiniOzoneClusterImpl-543f2ac3-ec6a-40e0-90c6-1f9d9b3dc6e0/datanode-1/data/ratis/0d2c5b88-2367-438e-84ee-29523003a186] WARN  segmented.SegmentedRaftLogOutputStream (SegmentedRaftLogOutputStream.java:<init>(77)) - Hit IOException while creating log segment /workdir/hadoop-ozone/ozonefs/target/test-dir/MiniOzoneClusterImpl-543f2ac3-ec6a-40e0-90c6-1f9d9b3dc6e0/datanode-1/data/ratis/0d2c5b88-2367-438e-84ee-29523003a186/current/log_inprogress_0, delete the partial file.
2019-08-23 19:59:03,383 [a219d4eb-9520-4930-807c-c63459ca1d1e-SegmentedRaftLogWorker:Storage Directory /workdir/hadoop-ozone/ozonefs/target/test-dir/MiniOzoneClusterImpl-543f2ac3-ec6a-40e0-90c6-1f9d9b3dc6e0/datanode-0/data/ratis/ca3f6acf-eb05-4550-8480-f030e4bc0a13] WARN  segmented.SegmentedRaftLogOutputStream (SegmentedRaftLogOutputStream.java:<init>(77)) - Hit IOException while creating log segment /workdir/hadoop-ozone/ozonefs/target/test-dir/MiniOzoneClusterImpl-543f2ac3-ec6a-40e0-90c6-1f9d9b3dc6e0/datanode-0/data/ratis/ca3f6acf-eb05-4550-8480-f030e4bc0a13/current/log_inprogress_0, delete the partial file.
2019-08-23 19:59:03,391 [Thread-1094] INFO  segmented.SegmentedRaftLogWorker (SegmentedRaftLogWorker.java:close(228)) - bf5edd15-084c-4fa4-8dda-fa8d8a5a5d52-SegmentedRaftLogWorker:Storage Directory /workdir/hadoop-ozone/ozonefs/target/test-dir/MiniOzoneClusterImpl-543f2ac3-ec6a-40e0-90c6-1f9d9b3dc6e0/datanode-1/data/ratis/0d2c5b88-2367-438e-84ee-29523003a186 close()
2019-08-23 19:59:03,391 [ForkJoinPool.commonPool-worker-1] INFO  segmented.SegmentedRaftLogWorker (SegmentedRaftLogWorker.java:close(228)) - a219d4eb-9520-4930-807c-c63459ca1d1e-SegmentedRaftLogWorker:Storage Directory /workdir/hadoop-ozone/ozonefs/target/test-dir/MiniOzoneClusterImpl-543f2ac3-ec6a-40e0-90c6-1f9d9b3dc6e0/datanode-0/data/ratis/ca3f6acf-eb05-4550-8480-f030e4bc0a13 close()
2019-08-23 19:59:03,395 [Thread-1094] INFO  impl.RaftServerImpl (RaftServerImpl.java:lambda$shutdown$3(245)) - bf5edd15-084c-4fa4-8dda-fa8d8a5a5d52: shutdown group-28C58F509F89
2019-08-23 19:59:03,398 [ForkJoinPool.commonPool-worker-1] INFO  server.GrpcService (GrpcService.java:closeImpl(155)) - a219d4eb-9520-4930-807c-c63459ca1d1e: shutdown server with port 43309 now
2019-08-23 19:59:03,398 [Thread-1094] INFO  util.JmxRegister (JmxRegister.java:unregister(73)) - Successfully un-registered JMX Bean with object name Ratis:service=RaftServer,group=group-28C58F509F89,id=bf5edd15-084c-4fa4-8dda-fa8d8a5a5d52
2019-08-23 19:59:03,400 [Thread-1094] INFO  impl.RoleInfo (RoleInfo.java:shutdownFollowerState(121)) - bf5edd15-084c-4fa4-8dda-fa8d8a5a5d52: shutdown FollowerState
2019-08-23 19:59:03,402 [Thread-1094] INFO  impl.StateMachineUpdater (StateMachineUpdater.java:stopAndJoin(115)) - StateMachineUpdater:bf5edd15-084c-4fa4-8dda-fa8d8a5a5d52:group-28C58F509F89: set stopIndex = -1
2019-08-23 19:59:03,402 [Thread-1305] INFO  impl.FollowerState (FollowerState.java:run(114)) - bf5edd15-084c-4fa4-8dda-fa8d8a5a5d52: FollowerState was interrupted: java.lang.InterruptedException: sleep interrupted
2019-08-23 19:59:03,402 [Thread-1094] INFO  impl.RaftServerImpl (ServerState.java:close(394)) - bf5edd15-084c-4fa4-8dda-fa8d8a5a5d52:group-28C58F509F89 closes. The last applied log index is -1
2019-08-23 19:59:03,403 [ForkJoinPool.commonPool-worker-1] INFO  server.GrpcService (GrpcService.java:closeImpl(163)) - a219d4eb-9520-4930-807c-c63459ca1d1e: shutdown server with port 43309 successfully
2019-08-23 19:59:03,404 [bf5edd15-084c-4fa4-8dda-fa8d8a5a5d52-SegmentedRaftLogWorker:Storage Directory /workdir/hadoop-ozone/ozonefs/target/test-dir/MiniOzoneClusterImpl-543f2ac3-ec6a-40e0-90c6-1f9d9b3dc6e0/datanode-1/data/ratis/bb43c2e0-6b6f-444a-877e-28c58f509f89] INFO  segmented.SegmentedRaftLogWorker (SegmentedRaftLogWorker.java:run(313)) - bf5edd15-084c-4fa4-8dda-fa8d8a5a5d52-SegmentedRaftLogWorker:Storage Directory /workdir/hadoop-ozone/ozonefs/target/test-dir/MiniOzoneClusterImpl-543f2ac3-ec6a-40e0-90c6-1f9d9b3dc6e0/datanode-1/data/ratis/bb43c2e0-6b6f-444a-877e-28c58f509f89 was interrupted, exiting. There are 0 tasks remaining in the queue.
2019-08-23 19:59:03,404 [Thread-1094] INFO  segmented.SegmentedRaftLogWorker (SegmentedRaftLogWorker.java:close(228)) - bf5edd15-084c-4fa4-8dda-fa8d8a5a5d52-SegmentedRaftLogWorker:Storage Directory /workdir/hadoop-ozone/ozonefs/target/test-dir/MiniOzoneClusterImpl-543f2ac3-ec6a-40e0-90c6-1f9d9b3dc6e0/datanode-1/data/ratis/bb43c2e0-6b6f-444a-877e-28c58f509f89 close()
2019-08-23 19:59:03,408 [Thread-1094] INFO  server.GrpcService (GrpcService.java:closeImpl(155)) - bf5edd15-084c-4fa4-8dda-fa8d8a5a5d52: shutdown server with port 41065 now
2019-08-23 19:59:03,408 [ForkJoinPool.commonPool-worker-1] INFO  utils.BackgroundService (BackgroundService.java:shutdown(148)) - Shutting down service BlockDeletingService
2019-08-23 19:59:03,412 [Thread-1094] INFO  server.GrpcService (GrpcService.java:closeImpl(163)) - bf5edd15-084c-4fa4-8dda-fa8d8a5a5d52: shutdown server with port 41065 successfully
2019-08-23 19:59:03,413 [refreshUsed-/workdir/hadoop-ozone/ozonefs/target/test-dir/MiniOzoneClusterImpl-543f2ac3-ec6a-40e0-90c6-1f9d9b3dc6e0/datanode-0/data/containers] WARN  fs.CachingGetSpaceUsed (CachingGetSpaceUsed.java:run(183)) - Thread Interrupted waiting to refresh disk information: sleep interrupted
2019-08-23 19:59:03,418 [Thread-1094] INFO  utils.BackgroundService (BackgroundService.java:shutdown(148)) - Shutting down service BlockDeletingService
2019-08-23 19:59:03,420 [refreshUsed-/workdir/hadoop-ozone/ozonefs/target/test-dir/MiniOzoneClusterImpl-543f2ac3-ec6a-40e0-90c6-1f9d9b3dc6e0/datanode-1/data/containers] WARN  fs.CachingGetSpaceUsed (CachingGetSpaceUsed.java:run(183)) - Thread Interrupted waiting to refresh disk information: sleep interrupted
2019-08-23 19:59:03,451 [Thread-1094] INFO  statemachine.DatanodeStateMachine (DatanodeStateMachine.java:stopDaemon(395)) - Ozone container server stopped.
2019-08-23 19:59:03,452 [Thread-1094] INFO  handler.ContextHandler (ContextHandler.java:doStop(910)) - Stopped o.e.j.w.WebAppContext@3e9cc142{/,null,UNAVAILABLE}{/hddsDatanode}
2019-08-23 19:59:03,452 [Thread-1094] INFO  server.AbstractConnector (AbstractConnector.java:doStop(318)) - Stopped ServerConnector@3ff3efc3{HTTP/1.1,[http/1.1]}{0.0.0.0:0}
2019-08-23 19:59:03,453 [Thread-1094] INFO  handler.ContextHandler (ContextHandler.java:doStop(910)) - Stopped o.e.j.s.ServletContextHandler@40140541{/static,jar:file:/home/user/.m2/repository/org/apache/hadoop/hadoop-hdds-container-service/0.5.0-SNAPSHOT/hadoop-hdds-container-service-0.5.0-SNAPSHOT.jar!/webapps/static,UNAVAILABLE}
2019-08-23 19:59:03,453 [Thread-1094] INFO  handler.ContextHandler (ContextHandler.java:doStop(910)) - Stopped o.e.j.s.ServletContextHandler@2d90a4d4{/logs,file:///workdir/hadoop-ozone/ozonefs/target/log,UNAVAILABLE}
2019-08-23 19:59:03,457 [ForkJoinPool.commonPool-worker-1] INFO  statemachine.DatanodeStateMachine (DatanodeStateMachine.java:stopDaemon(395)) - Ozone container server stopped.
2019-08-23 19:59:03,460 [ForkJoinPool.commonPool-worker-1] INFO  handler.ContextHandler (ContextHandler.java:doStop(910)) - Stopped o.e.j.w.WebAppContext@5ae294b0{/,null,UNAVAILABLE}{/hddsDatanode}
2019-08-23 19:59:03,461 [ForkJoinPool.commonPool-worker-1] INFO  server.AbstractConnector (AbstractConnector.java:doStop(318)) - Stopped ServerConnector@41174801{HTTP/1.1,[http/1.1]}{0.0.0.0:0}
2019-08-23 19:59:03,462 [ForkJoinPool.commonPool-worker-1] INFO  handler.ContextHandler (ContextHandler.java:doStop(910)) - Stopped o.e.j.s.ServletContextHandler@64323d0b{/static,jar:file:/home/user/.m2/repository/org/apache/hadoop/hadoop-hdds-container-service/0.5.0-SNAPSHOT/hadoop-hdds-container-service-0.5.0-SNAPSHOT.jar!/webapps/static,UNAVAILABLE}
2019-08-23 19:59:03,463 [ForkJoinPool.commonPool-worker-1] INFO  handler.ContextHandler (ContextHandler.java:doStop(910)) - Stopped o.e.j.s.ServletContextHandler@50a31d95{/logs,file:///workdir/hadoop-ozone/ozonefs/target/log,UNAVAILABLE}
2019-08-23 19:59:03,627 [Datanode State Machine Thread - 0] INFO  statemachine.DatanodeStateMachine (DatanodeStateMachine.java:lambda$startDaemon$0(350)) - Ozone container server started.
2019-08-23 19:59:07,965 [Thread-1304] INFO  impl.FollowerState (FollowerState.java:run(106)) - cabd03a2-5c51-441b-94d3-2eefcd21bf46:group-28C58F509F89 changes to CANDIDATE, lastRpcTime:5195, electionTimeout:5194ms
2019-08-23 19:59:07,966 [Thread-1304] INFO  impl.RoleInfo (RoleInfo.java:shutdownFollowerState(121)) - cabd03a2-5c51-441b-94d3-2eefcd21bf46: shutdown FollowerState
2019-08-23 19:59:07,966 [Thread-1304] INFO  impl.RaftServerImpl (RaftServerImpl.java:setRole(171)) - cabd03a2-5c51-441b-94d3-2eefcd21bf46:group-28C58F509F89 changes role from FOLLOWER to CANDIDATE at term 1 for changeToCandidate
2019-08-23 19:59:07,966 [Thread-1304] INFO  impl.RoleInfo (RoleInfo.java:updateAndGet(143)) - cabd03a2-5c51-441b-94d3-2eefcd21bf46: start LeaderElection
2019-08-23 19:59:07,991 [cabd03a2-5c51-441b-94d3-2eefcd21bf46:group-28C58F509F89:LeaderElection38] INFO  impl.LeaderElection (LeaderElection.java:askForVotes(181)) - cabd03a2-5c51-441b-94d3-2eefcd21bf46:group-28C58F509F89:LeaderElection38: begin an election at term 2 for -1: [bf5edd15-084c-4fa4-8dda-fa8d8a5a5d52:192.168.36.107:41065, a219d4eb-9520-4930-807c-c63459ca1d1e:192.168.36.107:43309, cabd03a2-5c51-441b-94d3-2eefcd21bf46:192.168.36.107:41197], old=null
2019-08-23 19:59:07,995 [cabd03a2-5c51-441b-94d3-2eefcd21bf46:group-28C58F509F89:LeaderElection38] INFO  impl.LeaderElection (LogUtils.java:infoOrTrace(149)) - cabd03a2-5c51-441b-94d3-2eefcd21bf46:group-28C58F509F89:LeaderElection38 got exception when requesting votes: {}
java.util.concurrent.ExecutionException: org.apache.ratis.thirdparty.io.grpc.StatusRuntimeException: UNAVAILABLE: io exception
	at java.util.concurrent.FutureTask.report(FutureTask.java:122)
	at java.util.concurrent.FutureTask.get(FutureTask.java:192)
	at org.apache.ratis.server.impl.LeaderElection.waitForResults(LeaderElection.java:262)
	at org.apache.ratis.server.impl.LeaderElection.askForVotes(LeaderElection.java:200)
	at org.apache.ratis.server.impl.LeaderElection.run(LeaderElection.java:130)
	at java.lang.Thread.run(Thread.java:748)
Caused by: org.apache.ratis.thirdparty.io.grpc.StatusRuntimeException: UNAVAILABLE: io exception
	at org.apache.ratis.thirdparty.io.grpc.stub.ClientCalls.toStatusRuntimeException(ClientCalls.java:233)
	at org.apache.ratis.thirdparty.io.grpc.stub.ClientCalls.getUnchecked(ClientCalls.java:214)
	at org.apache.ratis.thirdparty.io.grpc.stub.ClientCalls.blockingUnaryCall(ClientCalls.java:139)
	at org.apache.ratis.proto.grpc.RaftServerProtocolServiceGrpc$RaftServerProtocolServiceBlockingStub.requestVote(RaftServerProtocolServiceGrpc.java:265)
	at org.apache.ratis.grpc.server.GrpcServerProtocolClient.requestVote(GrpcServerProtocolClient.java:83)
	at org.apache.ratis.grpc.server.GrpcService.requestVote(GrpcService.java:195)
	at org.apache.ratis.server.impl.LeaderElection.lambda$submitRequests$1(LeaderElection.java:237)
	at java.util.concurrent.FutureTask.run(FutureTask.java:266)
	at java.util.concurrent.Executors$RunnableAdapter.call(Executors.java:511)
	at java.util.concurrent.FutureTask.run(FutureTask.java:266)
	at java.util.concurrent.ThreadPoolExecutor.runWorker(ThreadPoolExecutor.java:1149)
	at java.util.concurrent.ThreadPoolExecutor$Worker.run(ThreadPoolExecutor.java:624)
	... 1 more
Caused by: org.apache.ratis.thirdparty.io.netty.channel.AbstractChannel$AnnotatedConnectException: Connection refused: /192.168.36.107:41065
	at sun.nio.ch.SocketChannelImpl.checkConnect(Native Method)
	at sun.nio.ch.SocketChannelImpl.finishConnect(SocketChannelImpl.java:717)
	at org.apache.ratis.thirdparty.io.netty.channel.socket.nio.NioSocketChannel.doFinishConnect(NioSocketChannel.java:327)
	at org.apache.ratis.thirdparty.io.netty.channel.nio.AbstractNioChannel$AbstractNioUnsafe.finishConnect(AbstractNioChannel.java:340)
	at org.apache.ratis.thirdparty.io.netty.channel.nio.NioEventLoop.processSelectedKey(NioEventLoop.java:632)
	at org.apache.ratis.thirdparty.io.netty.channel.nio.NioEventLoop.processSelectedKeysOptimized(NioEventLoop.java:579)
	at org.apache.ratis.thirdparty.io.netty.channel.nio.NioEventLoop.processSelectedKeys(NioEventLoop.java:496)
	at org.apache.ratis.thirdparty.io.netty.channel.nio.NioEventLoop.run(NioEventLoop.java:458)
	at org.apache.ratis.thirdparty.io.netty.util.concurrent.SingleThreadEventExecutor$5.run(SingleThreadEventExecutor.java:897)
	at org.apache.ratis.thirdparty.io.netty.util.concurrent.FastThreadLocalRunnable.run(FastThreadLocalRunnable.java:30)
	... 1 more
Caused by: java.net.ConnectException: Connection refused
	... 11 more
2019-08-23 19:59:07,997 [cabd03a2-5c51-441b-94d3-2eefcd21bf46:group-28C58F509F89:LeaderElection38] INFO  impl.LeaderElection (LogUtils.java:infoOrTrace(149)) - cabd03a2-5c51-441b-94d3-2eefcd21bf46:group-28C58F509F89:LeaderElection38 got exception when requesting votes: {}
java.util.concurrent.ExecutionException: org.apache.ratis.thirdparty.io.grpc.StatusRuntimeException: UNAVAILABLE: io exception
	at java.util.concurrent.FutureTask.report(FutureTask.java:122)
	at java.util.concurrent.FutureTask.get(FutureTask.java:192)
	at org.apache.ratis.server.impl.LeaderElection.waitForResults(LeaderElection.java:262)
	at org.apache.ratis.server.impl.LeaderElection.askForVotes(LeaderElection.java:200)
	at org.apache.ratis.server.impl.LeaderElection.run(LeaderElection.java:130)
	at java.lang.Thread.run(Thread.java:748)
Caused by: org.apache.ratis.thirdparty.io.grpc.StatusRuntimeException: UNAVAILABLE: io exception
	at org.apache.ratis.thirdparty.io.grpc.stub.ClientCalls.toStatusRuntimeException(ClientCalls.java:233)
	at org.apache.ratis.thirdparty.io.grpc.stub.ClientCalls.getUnchecked(ClientCalls.java:214)
	at org.apache.ratis.thirdparty.io.grpc.stub.ClientCalls.blockingUnaryCall(ClientCalls.java:139)
	at org.apache.ratis.proto.grpc.RaftServerProtocolServiceGrpc$RaftServerProtocolServiceBlockingStub.requestVote(RaftServerProtocolServiceGrpc.java:265)
	at org.apache.ratis.grpc.server.GrpcServerProtocolClient.requestVote(GrpcServerProtocolClient.java:83)
	at org.apache.ratis.grpc.server.GrpcService.requestVote(GrpcService.java:195)
	at org.apache.ratis.server.impl.LeaderElection.lambda$submitRequests$1(LeaderElection.java:237)
	at java.util.concurrent.FutureTask.run(FutureTask.java:266)
	at java.util.concurrent.Executors$RunnableAdapter.call(Executors.java:511)
	at java.util.concurrent.FutureTask.run(FutureTask.java:266)
	at java.util.concurrent.ThreadPoolExecutor.runWorker(ThreadPoolExecutor.java:1149)
	at java.util.concurrent.ThreadPoolExecutor$Worker.run(ThreadPoolExecutor.java:624)
	... 1 more
Caused by: org.apache.ratis.thirdparty.io.netty.channel.AbstractChannel$AnnotatedConnectException: Connection refused: /192.168.36.107:43309
	at sun.nio.ch.SocketChannelImpl.checkConnect(Native Method)
	at sun.nio.ch.SocketChannelImpl.finishConnect(SocketChannelImpl.java:717)
	at org.apache.ratis.thirdparty.io.netty.channel.socket.nio.NioSocketChannel.doFinishConnect(NioSocketChannel.java:327)
	at org.apache.ratis.thirdparty.io.netty.channel.nio.AbstractNioChannel$AbstractNioUnsafe.finishConnect(AbstractNioChannel.java:340)
	at org.apache.ratis.thirdparty.io.netty.channel.nio.NioEventLoop.processSelectedKey(NioEventLoop.java:632)
	at org.apache.ratis.thirdparty.io.netty.channel.nio.NioEventLoop.processSelectedKeysOptimized(NioEventLoop.java:579)
	at org.apache.ratis.thirdparty.io.netty.channel.nio.NioEventLoop.processSelectedKeys(NioEventLoop.java:496)
	at org.apache.ratis.thirdparty.io.netty.channel.nio.NioEventLoop.run(NioEventLoop.java:458)
	at org.apache.ratis.thirdparty.io.netty.util.concurrent.SingleThreadEventExecutor$5.run(SingleThreadEventExecutor.java:897)
	at org.apache.ratis.thirdparty.io.netty.util.concurrent.FastThreadLocalRunnable.run(FastThreadLocalRunnable.java:30)
	... 1 more
Caused by: java.net.ConnectException: Connection refused
	... 11 more
2019-08-23 19:59:07,999 [cabd03a2-5c51-441b-94d3-2eefcd21bf46:group-28C58F509F89:LeaderElection38] INFO  impl.LeaderElection (LeaderElection.java:logAndReturn(56)) - cabd03a2-5c51-441b-94d3-2eefcd21bf46:group-28C58F509F89:LeaderElection38: Election REJECTED; received 0 response(s) [] and 2 exception(s); cabd03a2-5c51-441b-94d3-2eefcd21bf46:t2, leader=null, voted=cabd03a2-5c51-441b-94d3-2eefcd21bf46, raftlog=cabd03a2-5c51-441b-94d3-2eefcd21bf46-SegmentedRaftLog:OPENED:c-1,f-1,i0, conf=-1: [bf5edd15-084c-4fa4-8dda-fa8d8a5a5d52:192.168.36.107:41065, a219d4eb-9520-4930-807c-c63459ca1d1e:192.168.36.107:43309, cabd03a2-5c51-441b-94d3-2eefcd21bf46:192.168.36.107:41197], old=null
2019-08-23 19:59:07,999 [cabd03a2-5c51-441b-94d3-2eefcd21bf46:group-28C58F509F89:LeaderElection38] INFO  impl.LeaderElection (LogUtils.java:infoOrTrace(149)) -   Exception 0: {}
java.util.concurrent.ExecutionException: org.apache.ratis.thirdparty.io.grpc.StatusRuntimeException: UNAVAILABLE: io exception
	at java.util.concurrent.FutureTask.report(FutureTask.java:122)
	at java.util.concurrent.FutureTask.get(FutureTask.java:192)
	at org.apache.ratis.server.impl.LeaderElection.waitForResults(LeaderElection.java:262)
	at org.apache.ratis.server.impl.LeaderElection.askForVotes(LeaderElection.java:200)
	at org.apache.ratis.server.impl.LeaderElection.run(LeaderElection.java:130)
	at java.lang.Thread.run(Thread.java:748)
Caused by: org.apache.ratis.thirdparty.io.grpc.StatusRuntimeException: UNAVAILABLE: io exception
	at org.apache.ratis.thirdparty.io.grpc.stub.ClientCalls.toStatusRuntimeException(ClientCalls.java:233)
	at org.apache.ratis.thirdparty.io.grpc.stub.ClientCalls.getUnchecked(ClientCalls.java:214)
	at org.apache.ratis.thirdparty.io.grpc.stub.ClientCalls.blockingUnaryCall(ClientCalls.java:139)
	at org.apache.ratis.proto.grpc.RaftServerProtocolServiceGrpc$RaftServerProtocolServiceBlockingStub.requestVote(RaftServerProtocolServiceGrpc.java:265)
	at org.apache.ratis.grpc.server.GrpcServerProtocolClient.requestVote(GrpcServerProtocolClient.java:83)
	at org.apache.ratis.grpc.server.GrpcService.requestVote(GrpcService.java:195)
	at org.apache.ratis.server.impl.LeaderElection.lambda$submitRequests$1(LeaderElection.java:237)
	at java.util.concurrent.FutureTask.run(FutureTask.java:266)
	at java.util.concurrent.Executors$RunnableAdapter.call(Executors.java:511)
	at java.util.concurrent.FutureTask.run(FutureTask.java:266)
	at java.util.concurrent.ThreadPoolExecutor.runWorker(ThreadPoolExecutor.java:1149)
	at java.util.concurrent.ThreadPoolExecutor$Worker.run(ThreadPoolExecutor.java:624)
	... 1 more
Caused by: org.apache.ratis.thirdparty.io.netty.channel.AbstractChannel$AnnotatedConnectException: Connection refused: /192.168.36.107:41065
	at sun.nio.ch.SocketChannelImpl.checkConnect(Native Method)
	at sun.nio.ch.SocketChannelImpl.finishConnect(SocketChannelImpl.java:717)
	at org.apache.ratis.thirdparty.io.netty.channel.socket.nio.NioSocketChannel.doFinishConnect(NioSocketChannel.java:327)
	at org.apache.ratis.thirdparty.io.netty.channel.nio.AbstractNioChannel$AbstractNioUnsafe.finishConnect(AbstractNioChannel.java:340)
	at org.apache.ratis.thirdparty.io.netty.channel.nio.NioEventLoop.processSelectedKey(NioEventLoop.java:632)
	at org.apache.ratis.thirdparty.io.netty.channel.nio.NioEventLoop.processSelectedKeysOptimized(NioEventLoop.java:579)
	at org.apache.ratis.thirdparty.io.netty.channel.nio.NioEventLoop.processSelectedKeys(NioEventLoop.java:496)
	at org.apache.ratis.thirdparty.io.netty.channel.nio.NioEventLoop.run(NioEventLoop.java:458)
	at org.apache.ratis.thirdparty.io.netty.util.concurrent.SingleThreadEventExecutor$5.run(SingleThreadEventExecutor.java:897)
	at org.apache.ratis.thirdparty.io.netty.util.concurrent.FastThreadLocalRunnable.run(FastThreadLocalRunnable.java:30)
	... 1 more
Caused by: java.net.ConnectException: Connection refused
	... 11 more
2019-08-23 19:59:08,000 [cabd03a2-5c51-441b-94d3-2eefcd21bf46:group-28C58F509F89:LeaderElection38] INFO  impl.LeaderElection (LogUtils.java:infoOrTrace(149)) -   Exception 1: {}
java.util.concurrent.ExecutionException: org.apache.ratis.thirdparty.io.grpc.StatusRuntimeException: UNAVAILABLE: io exception
	at java.util.concurrent.FutureTask.report(FutureTask.java:122)
	at java.util.concurrent.FutureTask.get(FutureTask.java:192)
	at org.apache.ratis.server.impl.LeaderElection.waitForResults(LeaderElection.java:262)
	at org.apache.ratis.server.impl.LeaderElection.askForVotes(LeaderElection.java:200)
	at org.apache.ratis.server.impl.LeaderElection.run(LeaderElection.java:130)
	at java.lang.Thread.run(Thread.java:748)
Caused by: org.apache.ratis.thirdparty.io.grpc.StatusRuntimeException: UNAVAILABLE: io exception
	at org.apache.ratis.thirdparty.io.grpc.stub.ClientCalls.toStatusRuntimeException(ClientCalls.java:233)
	at org.apache.ratis.thirdparty.io.grpc.stub.ClientCalls.getUnchecked(ClientCalls.java:214)
	at org.apache.ratis.thirdparty.io.grpc.stub.ClientCalls.blockingUnaryCall(ClientCalls.java:139)
	at org.apache.ratis.proto.grpc.RaftServerProtocolServiceGrpc$RaftServerProtocolServiceBlockingStub.requestVote(RaftServerProtocolServiceGrpc.java:265)
	at org.apache.ratis.grpc.server.GrpcServerProtocolClient.requestVote(GrpcServerProtocolClient.java:83)
	at org.apache.ratis.grpc.server.GrpcService.requestVote(GrpcService.java:195)
	at org.apache.ratis.server.impl.LeaderElection.lambda$submitRequests$1(LeaderElection.java:237)
	at java.util.concurrent.FutureTask.run(FutureTask.java:266)
	at java.util.concurrent.Executors$RunnableAdapter.call(Executors.java:511)
	at java.util.concurrent.FutureTask.run(FutureTask.java:266)
	at java.util.concurrent.ThreadPoolExecutor.runWorker(ThreadPoolExecutor.java:1149)
	at java.util.concurrent.ThreadPoolExecutor$Worker.run(ThreadPoolExecutor.java:624)
	... 1 more
Caused by: org.apache.ratis.thirdparty.io.netty.channel.AbstractChannel$AnnotatedConnectException: Connection refused: /192.168.36.107:43309
	at sun.nio.ch.SocketChannelImpl.checkConnect(Native Method)
	at sun.nio.ch.SocketChannelImpl.finishConnect(SocketChannelImpl.java:717)
	at org.apache.ratis.thirdparty.io.netty.channel.socket.nio.NioSocketChannel.doFinishConnect(NioSocketChannel.java:327)
	at org.apache.ratis.thirdparty.io.netty.channel.nio.AbstractNioChannel$AbstractNioUnsafe.finishConnect(AbstractNioChannel.java:340)
	at org.apache.ratis.thirdparty.io.netty.channel.nio.NioEventLoop.processSelectedKey(NioEventLoop.java:632)
	at org.apache.ratis.thirdparty.io.netty.channel.nio.NioEventLoop.processSelectedKeysOptimized(NioEventLoop.java:579)
	at org.apache.ratis.thirdparty.io.netty.channel.nio.NioEventLoop.processSelectedKeys(NioEventLoop.java:496)
	at org.apache.ratis.thirdparty.io.netty.channel.nio.NioEventLoop.run(NioEventLoop.java:458)
	at org.apache.ratis.thirdparty.io.netty.util.concurrent.SingleThreadEventExecutor$5.run(SingleThreadEventExecutor.java:897)
	at org.apache.ratis.thirdparty.io.netty.util.concurrent.FastThreadLocalRunnable.run(FastThreadLocalRunnable.java:30)
	... 1 more
Caused by: java.net.ConnectException: Connection refused
	... 11 more
2019-08-23 19:59:08,000 [cabd03a2-5c51-441b-94d3-2eefcd21bf46:group-28C58F509F89:LeaderElection38] INFO  impl.RaftServerImpl (RaftServerImpl.java:setRole(171)) - cabd03a2-5c51-441b-94d3-2eefcd21bf46:group-28C58F509F89 changes role from CANDIDATE to FOLLOWER at term 2 for DISCOVERED_A_NEW_TERM
2019-08-23 19:59:08,000 [cabd03a2-5c51-441b-94d3-2eefcd21bf46:group-28C58F509F89:LeaderElection38] INFO  impl.RoleInfo (RoleInfo.java:shutdownLeaderElection(134)) - cabd03a2-5c51-441b-94d3-2eefcd21bf46: shutdown LeaderElection
2019-08-23 19:59:08,000 [cabd03a2-5c51-441b-94d3-2eefcd21bf46:group-28C58F509F89:LeaderElection38] INFO  impl.RoleInfo (RoleInfo.java:updateAndGet(143)) - cabd03a2-5c51-441b-94d3-2eefcd21bf46: start FollowerState
2019-08-23 19:59:08,455 [Thread-1094] INFO  ozoneimpl.OzoneContainer (OzoneContainer.java:stop(199)) - Attempting to stop container services.
2019-08-23 19:59:08,455 [Thread-1094] INFO  impl.RaftServerProxy (RaftServerProxy.java:lambda$close$4(314)) - cabd03a2-5c51-441b-94d3-2eefcd21bf46: close
2019-08-23 19:59:08,456 [Thread-1094] INFO  impl.RaftServerImpl (RaftServerImpl.java:lambda$shutdown$3(245)) - cabd03a2-5c51-441b-94d3-2eefcd21bf46: shutdown group-28C58F509F89
2019-08-23 19:59:08,456 [ForkJoinPool.commonPool-worker-0] INFO  impl.RaftServerImpl (RaftServerImpl.java:lambda$shutdown$3(245)) - cabd03a2-5c51-441b-94d3-2eefcd21bf46: shutdown group-F612DFE228CC
2019-08-23 19:59:08,456 [Thread-1094] INFO  util.JmxRegister (JmxRegister.java:unregister(73)) - Successfully un-registered JMX Bean with object name Ratis:service=RaftServer,group=group-28C58F509F89,id=cabd03a2-5c51-441b-94d3-2eefcd21bf46
2019-08-23 19:59:08,456 [ForkJoinPool.commonPool-worker-0] INFO  util.JmxRegister (JmxRegister.java:unregister(73)) - Successfully un-registered JMX Bean with object name Ratis:service=RaftServer,group=group-F612DFE228CC,id=cabd03a2-5c51-441b-94d3-2eefcd21bf46
2019-08-23 19:59:08,456 [Thread-1094] INFO  impl.RoleInfo (RoleInfo.java:shutdownFollowerState(121)) - cabd03a2-5c51-441b-94d3-2eefcd21bf46: shutdown FollowerState
2019-08-23 19:59:08,457 [ForkJoinPool.commonPool-worker-0] INFO  impl.RoleInfo (RoleInfo.java:shutdownLeaderState(104)) - cabd03a2-5c51-441b-94d3-2eefcd21bf46: shutdown LeaderState
2019-08-23 19:59:08,457 [Thread-1309] INFO  impl.FollowerState (FollowerState.java:run(114)) - cabd03a2-5c51-441b-94d3-2eefcd21bf46: FollowerState was interrupted: java.lang.InterruptedException: sleep interrupted
2019-08-23 19:59:08,457 [Thread-1094] INFO  impl.StateMachineUpdater (StateMachineUpdater.java:stopAndJoin(115)) - StateMachineUpdater:cabd03a2-5c51-441b-94d3-2eefcd21bf46:group-28C58F509F89: set stopIndex = -1
2019-08-23 19:59:08,458 [Thread-1094] INFO  impl.RaftServerImpl (ServerState.java:close(394)) - cabd03a2-5c51-441b-94d3-2eefcd21bf46:group-28C58F509F89 closes. The last applied log index is -1
2019-08-23 19:59:08,457 [ForkJoinPool.commonPool-worker-0] INFO  impl.PendingRequests (PendingRequests.java:sendNotLeaderResponses(202)) - cabd03a2-5c51-441b-94d3-2eefcd21bf46-PendingRequests: sendNotLeaderResponses
2019-08-23 19:59:08,459 [cabd03a2-5c51-441b-94d3-2eefcd21bf46-SegmentedRaftLogWorker:Storage Directory /workdir/hadoop-ozone/ozonefs/target/test-dir/MiniOzoneClusterImpl-543f2ac3-ec6a-40e0-90c6-1f9d9b3dc6e0/datanode-2/data/ratis/bb43c2e0-6b6f-444a-877e-28c58f509f89] INFO  segmented.SegmentedRaftLogWorker (SegmentedRaftLogWorker.java:run(313)) - cabd03a2-5c51-441b-94d3-2eefcd21bf46-SegmentedRaftLogWorker:Storage Directory /workdir/hadoop-ozone/ozonefs/target/test-dir/MiniOzoneClusterImpl-543f2ac3-ec6a-40e0-90c6-1f9d9b3dc6e0/datanode-2/data/ratis/bb43c2e0-6b6f-444a-877e-28c58f509f89 was interrupted, exiting. There are 0 tasks remaining in the queue.
2019-08-23 19:59:08,459 [ForkJoinPool.commonPool-worker-0] INFO  impl.StateMachineUpdater (StateMachineUpdater.java:stopAndJoin(115)) - StateMachineUpdater:cabd03a2-5c51-441b-94d3-2eefcd21bf46:group-F612DFE228CC: set stopIndex = 0
2019-08-23 19:59:08,459 [Thread-1094] INFO  segmented.SegmentedRaftLogWorker (SegmentedRaftLogWorker.java:close(228)) - cabd03a2-5c51-441b-94d3-2eefcd21bf46-SegmentedRaftLogWorker:Storage Directory /workdir/hadoop-ozone/ozonefs/target/test-dir/MiniOzoneClusterImpl-543f2ac3-ec6a-40e0-90c6-1f9d9b3dc6e0/datanode-2/data/ratis/bb43c2e0-6b6f-444a-877e-28c58f509f89 close()
2019-08-23 19:59:08,459 [ForkJoinPool.commonPool-worker-0] INFO  impl.RaftServerImpl (ServerState.java:close(394)) - cabd03a2-5c51-441b-94d3-2eefcd21bf46:group-F612DFE228CC closes. The last applied log index is 0
2019-08-23 19:59:08,461 [cabd03a2-5c51-441b-94d3-2eefcd21bf46-SegmentedRaftLogWorker:Storage Directory /workdir/hadoop-ozone/ozonefs/target/test-dir/MiniOzoneClusterImpl-543f2ac3-ec6a-40e0-90c6-1f9d9b3dc6e0/datanode-2/data/ratis/93284a2f-87a1-40cf-a2ec-f612dfe228cc] INFO  segmented.SegmentedRaftLogWorker (SegmentedRaftLogWorker.java:run(313)) - cabd03a2-5c51-441b-94d3-2eefcd21bf46-SegmentedRaftLogWorker:Storage Directory /workdir/hadoop-ozone/ozonefs/target/test-dir/MiniOzoneClusterImpl-543f2ac3-ec6a-40e0-90c6-1f9d9b3dc6e0/datanode-2/data/ratis/93284a2f-87a1-40cf-a2ec-f612dfe228cc was interrupted, exiting. There are 0 tasks remaining in the queue.
2019-08-23 19:59:08,462 [ForkJoinPool.commonPool-worker-0] INFO  segmented.SegmentedRaftLogWorker (SegmentedRaftLogWorker.java:close(228)) - cabd03a2-5c51-441b-94d3-2eefcd21bf46-SegmentedRaftLogWorker:Storage Directory /workdir/hadoop-ozone/ozonefs/target/test-dir/MiniOzoneClusterImpl-543f2ac3-ec6a-40e0-90c6-1f9d9b3dc6e0/datanode-2/data/ratis/93284a2f-87a1-40cf-a2ec-f612dfe228cc close()
2019-08-23 19:59:08,464 [Thread-1094] INFO  server.GrpcService (GrpcService.java:closeImpl(155)) - cabd03a2-5c51-441b-94d3-2eefcd21bf46: shutdown server with port 41197 now
2019-08-23 19:59:08,466 [Thread-1094] INFO  server.GrpcService (GrpcService.java:closeImpl(163)) - cabd03a2-5c51-441b-94d3-2eefcd21bf46: shutdown server with port 41197 successfully
2019-08-23 19:59:08,470 [Thread-1094] INFO  utils.BackgroundService (BackgroundService.java:shutdown(148)) - Shutting down service BlockDeletingService
2019-08-23 19:59:08,471 [refreshUsed-/workdir/hadoop-ozone/ozonefs/target/test-dir/MiniOzoneClusterImpl-543f2ac3-ec6a-40e0-90c6-1f9d9b3dc6e0/datanode-2/data/containers] WARN  fs.CachingGetSpaceUsed (CachingGetSpaceUsed.java:run(183)) - Thread Interrupted waiting to refresh disk information: sleep interrupted
2019-08-23 19:59:08,488 [Thread-1094] INFO  statemachine.DatanodeStateMachine (DatanodeStateMachine.java:stopDaemon(395)) - Ozone container server stopped.
2019-08-23 19:59:08,489 [Thread-1094] INFO  handler.ContextHandler (ContextHandler.java:doStop(910)) - Stopped o.e.j.w.WebAppContext@4118a9b9{/,null,UNAVAILABLE}{/hddsDatanode}
2019-08-23 19:59:08,490 [Thread-1094] INFO  server.AbstractConnector (AbstractConnector.java:doStop(318)) - Stopped ServerConnector@3b3f60a1{HTTP/1.1,[http/1.1]}{0.0.0.0:0}
2019-08-23 19:59:08,490 [Thread-1094] INFO  handler.ContextHandler (ContextHandler.java:doStop(910)) - Stopped o.e.j.s.ServletContextHandler@13140911{/static,jar:file:/home/user/.m2/repository/org/apache/hadoop/hadoop-hdds-container-service/0.5.0-SNAPSHOT/hadoop-hdds-container-service-0.5.0-SNAPSHOT.jar!/webapps/static,UNAVAILABLE}
2019-08-23 19:59:08,491 [Thread-1094] INFO  handler.ContextHandler (ContextHandler.java:doStop(910)) - Stopped o.e.j.s.ServletContextHandler@6d6c9c45{/logs,file:///workdir/hadoop-ozone/ozonefs/target/log,UNAVAILABLE}
2019-08-23 19:59:08,491 [Thread-1094] INFO  ozone.MiniOzoneClusterImpl (MiniOzoneClusterImpl.java:stop(339)) - Stopping the StorageContainerManager
2019-08-23 19:59:08,492 [Thread-1094] INFO  server.StorageContainerManager (StorageContainerManager.java:stop(797)) - Stopping Replication Manager Service.
2019-08-23 19:59:08,492 [Thread-1094] INFO  container.ReplicationManager (ReplicationManager.java:stop(193)) - Stopping Replication Monitor Thread.
2019-08-23 19:59:08,492 [Thread-1094] INFO  server.StorageContainerManager (StorageContainerManager.java:stop(804)) - Stopping Lease Manager of the command watchers
2019-08-23 19:59:08,492 [Thread-1094] INFO  server.StorageContainerManager (StorageContainerManager.java:stop(811)) - Stopping datanode service RPC server
2019-08-23 19:59:08,492 [Thread-1094] INFO  server.SCMDatanodeProtocolServer (SCMDatanodeProtocolServer.java:stop(367)) - Stopping the RPC server for DataNodes
2019-08-23 19:59:08,492 [Thread-1094] INFO  ipc.Server (Server.java:stop(3082)) - Stopping server on 41342
2019-08-23 19:59:08,493 [IPC Server listener on 41342] INFO  ipc.Server (Server.java:run(1185)) - Stopping IPC Server listener on 41342
2019-08-23 19:59:08,493 [IPC Server Responder] INFO  ipc.Server (Server.java:run(1319)) - Stopping IPC Server Responder
2019-08-23 19:59:08,511 [SCM Heartbeat Processing Thread - 0] WARN  node.NodeStateManager (NodeStateManager.java:scheduleNextHealthCheck(646)) - Current Thread is interrupted, shutting down HB processing thread for Node Manager.
2019-08-23 19:59:08,511 [Thread-1094] INFO  server.StorageContainerManager (StorageContainerManager.java:stop(819)) - Stopping block service RPC server
2019-08-23 19:59:08,511 [Thread-1094] INFO  server.SCMBlockProtocolServer (SCMBlockProtocolServer.java:stop(148)) - Stopping the RPC server for Block Protocol
2019-08-23 19:59:08,511 [Thread-1094] INFO  ipc.Server (Server.java:stop(3082)) - Stopping server on 33503
2019-08-23 19:59:08,512 [IPC Server listener on 33503] INFO  ipc.Server (Server.java:run(1185)) - Stopping IPC Server listener on 33503
2019-08-23 19:59:08,515 [Thread-1094] INFO  server.StorageContainerManager (StorageContainerManager.java:stop(826)) - Stopping the StorageContainerLocationProtocol RPC server
2019-08-23 19:59:08,515 [IPC Server Responder] INFO  ipc.Server (Server.java:run(1319)) - Stopping IPC Server Responder
2019-08-23 19:59:08,515 [Thread-1094] INFO  server.SCMClientProtocolServer (SCMClientProtocolServer.java:stop(159)) - Stopping the RPC server for Client Protocol
2019-08-23 19:59:08,515 [Thread-1094] INFO  ipc.Server (Server.java:stop(3082)) - Stopping server on 39616
2019-08-23 19:59:08,516 [IPC Server listener on 39616] INFO  ipc.Server (Server.java:run(1185)) - Stopping IPC Server listener on 39616
2019-08-23 19:59:08,516 [Thread-1094] INFO  server.StorageContainerManager (StorageContainerManager.java:stop(833)) - Stopping Storage Container Manager HTTP server.
2019-08-23 19:59:08,516 [IPC Server Responder] INFO  ipc.Server (Server.java:run(1319)) - Stopping IPC Server Responder
2019-08-23 19:59:08,518 [Thread-1094] INFO  handler.ContextHandler (ContextHandler.java:doStop(910)) - Stopped o.e.j.w.WebAppContext@46e409a3{/,null,UNAVAILABLE}{/scm}
2019-08-23 19:59:08,519 [Thread-1094] INFO  server.AbstractConnector (AbstractConnector.java:doStop(318)) - Stopped ServerConnector@e98793b{HTTP/1.1,[http/1.1]}{0.0.0.0:0}
2019-08-23 19:59:08,519 [Thread-1094] INFO  handler.ContextHandler (ContextHandler.java:doStop(910)) - Stopped o.e.j.s.ServletContextHandler@795a1663{/static,jar:file:/home/user/.m2/repository/org/apache/hadoop/hadoop-hdds-server-scm/0.5.0-SNAPSHOT/hadoop-hdds-server-scm-0.5.0-SNAPSHOT.jar!/webapps/static,UNAVAILABLE}
2019-08-23 19:59:08,519 [Thread-1094] INFO  handler.ContextHandler (ContextHandler.java:doStop(910)) - Stopped o.e.j.s.ServletContextHandler@72ad9c28{/logs,file:///workdir/hadoop-ozone/ozonefs/target/log,UNAVAILABLE}
2019-08-23 19:59:08,520 [Thread-1094] INFO  server.StorageContainerManager (StorageContainerManager.java:stop(844)) - Stopping Block Manager Service.
2019-08-23 19:59:08,520 [Thread-1094] INFO  utils.BackgroundService (BackgroundService.java:shutdown(148)) - Shutting down service SCMBlockDeletingService
2019-08-23 19:59:08,520 [Thread-1094] INFO  utils.BackgroundService (BackgroundService.java:shutdown(148)) - Shutting down service SCMBlockDeletingService
2019-08-23 19:59:08,521 [Thread-1094] INFO  server.StorageContainerManager (StorageContainerManager.java:stop(866)) - Stopping SCM Event Queue.
2019-08-23 19:59:08,524 [Thread-1094] INFO  impl.MetricsSystemImpl (MetricsSystemImpl.java:stop(210)) - Stopping HddsDatanode metrics system...
2019-08-23 19:59:08,529 [Thread-1094] INFO  impl.MetricsSystemImpl (MetricsSystemImpl.java:stop(216)) - HddsDatanode metrics system stopped.
]]></system-out>
  </testcase>
  <testcase name="testListStatusOnLargeDirectory" classname="org.apache.hadoop.fs.ozone.TestOzoneFileSystem" time="21.04"/>
</testsuite>