<?xml version="1.0" encoding="UTF-8"?>
<testsuite xmlns:xsi="http://www.w3.org/2001/XMLSchema-instance" xsi:noNamespaceSchemaLocation="https://maven.apache.org/surefire/maven-surefire-plugin/xsd/surefire-test-report.xsd" name="org.apache.hadoop.ozone.container.common.statemachine.commandhandler.TestBlockDeletion" time="101.351" tests="1" errors="0" skipped="0" failures="1">
  <properties>
    <property name="awt.toolkit" value="sun.awt.X11.XToolkit"/>
    <property name="file.encoding.pkg" value="sun.io"/>
    <property name="java.specification.version" value="1.8"/>
    <property name="sun.cpu.isalist" value=""/>
    <property name="sun.jnu.encoding" value="UTF-8"/>
    <property name="java.class.path" value="/workdir/hadoop-ozone/integration-test/target/test-classes:/workdir/hadoop-ozone/integration-test/target/classes:/home/user/.m2/repository/org/apache/hadoop/hadoop-ozone-common/0.5.0-SNAPSHOT/hadoop-ozone-common-0.5.0-SNAPSHOT.jar:/home/user/.m2/repository/org/apache/commons/commons-compress/1.4.1/commons-compress-1.4.1.jar:/home/user/.m2/repository/org/tukaani/xz/1.0/xz-1.0.jar:/home/user/.m2/repository/org/apache/hadoop/hadoop-common/3.2.0/hadoop-common-3.2.0.jar:/home/user/.m2/repository/org/apache/hadoop/hadoop-hdfs/3.2.0/hadoop-hdfs-3.2.0.jar:/home/user/.m2/repository/org/apache/hadoop/hadoop-hdfs-client/3.2.0/hadoop-hdfs-client-3.2.0.jar:/home/user/.m2/repository/com/fasterxml/jackson/core/jackson-annotations/2.9.5/jackson-annotations-2.9.5.jar:/home/user/.m2/repository/org/apache/hadoop/hadoop-hdds-common/0.5.0-SNAPSHOT/hadoop-hdds-common-0.5.0-SNAPSHOT.jar:/home/user/.m2/repository/javax/annotation/javax.annotation-api/1.2/javax.annotation-api-1.2.jar:/home/user/.m2/repository/org/apache/ratis/ratis-server/0.4.0-2337318-SNAPSHOT/ratis-server-0.4.0-2337318-SNAPSHOT.jar:/home/user/.m2/repository/org/apache/ratis/ratis-thirdparty-misc/0.2.0/ratis-thirdparty-misc-0.2.0.jar:/home/user/.m2/repository/org/apache/ratis/ratis-proto/0.4.0-2337318-SNAPSHOT/ratis-proto-0.4.0-2337318-SNAPSHOT.jar:/home/user/.m2/repository/org/apache/ratis/ratis-common/0.4.0-2337318-SNAPSHOT/ratis-common-0.4.0-2337318-SNAPSHOT.jar:/home/user/.m2/repository/org/apache/ratis/ratis-client/0.4.0-2337318-SNAPSHOT/ratis-client-0.4.0-2337318-SNAPSHOT.jar:/home/user/.m2/repository/org/apache/ratis/ratis-metrics/0.4.0-2337318-SNAPSHOT/ratis-metrics-0.4.0-2337318-SNAPSHOT.jar:/home/user/.m2/repository/org/apache/ratis/ratis-netty/0.4.0-2337318-SNAPSHOT/ratis-netty-0.4.0-2337318-SNAPSHOT.jar:/home/user/.m2/repository/org/apache/ratis/ratis-grpc/0.4.0-2337318-SNAPSHOT/ratis-grpc-0.4.0-2337318-SNAPSHOT.jar:/home/user/.m2/repository/org/rocksdb/rocksdbjni/6.0.1/rocksdbjni-6.0.1.jar:/home/user/.m2/repository/org/apache/logging/log4j/log4j-api/2.11.0/log4j-api-2.11.0.jar:/home/user/.m2/repository/org/apache/logging/log4j/log4j-core/2.11.0/log4j-core-2.11.0.jar:/home/user/.m2/repository/com/lmax/disruptor/3.4.2/disruptor-3.4.2.jar:/home/user/.m2/repository/org/apache/commons/commons-pool2/2.6.0/commons-pool2-2.6.0.jar:/home/user/.m2/repository/org/bouncycastle/bcpkix-jdk15on/1.60/bcpkix-jdk15on-1.60.jar:/home/user/.m2/repository/commons-validator/commons-validator/1.6/commons-validator-1.6.jar:/home/user/.m2/repository/commons-digester/commons-digester/1.8.1/commons-digester-1.8.1.jar:/home/user/.m2/repository/io/jaegertracing/jaeger-client/0.33.1/jaeger-client-0.33.1.jar:/home/user/.m2/repository/io/jaegertracing/jaeger-thrift/0.33.1/jaeger-thrift-0.33.1.jar:/home/user/.m2/repository/org/apache/thrift/libthrift/0.11.0/libthrift-0.11.0.jar:/home/user/.m2/repository/com/squareup/okhttp3/okhttp/3.9.0/okhttp-3.9.0.jar:/home/user/.m2/repository/com/squareup/okio/okio/1.13.0/okio-1.13.0.jar:/home/user/.m2/repository/io/jaegertracing/jaeger-core/0.33.1/jaeger-core-0.33.1.jar:/home/user/.m2/repository/io/jaegertracing/jaeger-tracerresolver/0.33.1/jaeger-tracerresolver-0.33.1.jar:/home/user/.m2/repository/io/opentracing/contrib/opentracing-tracerresolver/0.1.5/opentracing-tracerresolver-0.1.5.jar:/home/user/.m2/repository/io/opentracing/opentracing-util/0.31.0/opentracing-util-0.31.0.jar:/home/user/.m2/repository/io/opentracing/opentracing-api/0.31.0/opentracing-api-0.31.0.jar:/home/user/.m2/repository/io/opentracing/opentracing-noop/0.31.0/opentracing-noop-0.31.0.jar:/home/user/.m2/repository/org/apache/hadoop/hadoop-hdds-server-framework/0.5.0-SNAPSHOT/hadoop-hdds-server-framework-0.5.0-SNAPSHOT.jar:/home/user/.m2/repository/org/apache/hadoop/hadoop-hdds-container-service/0.5.0-SNAPSHOT/hadoop-hdds-container-service-0.5.0-SNAPSHOT.jar:/home/user/.m2/repository/org/apache/hadoop/hadoop-hdds-client/0.5.0-SNAPSHOT/hadoop-hdds-client-0.5.0-SNAPSHOT.jar:/home/user/.m2/repository/org/apache/hadoop/hadoop-hdds-tools/0.5.0-SNAPSHOT/hadoop-hdds-tools-0.5.0-SNAPSHOT.jar:/home/user/.m2/repository/org/apache/hadoop/hadoop-hdds-server-scm/0.5.0-SNAPSHOT/hadoop-hdds-server-scm-0.5.0-SNAPSHOT.jar:/home/user/.m2/repository/org/apache/hadoop/hadoop-hdds-docs/0.5.0-SNAPSHOT/hadoop-hdds-docs-0.5.0-SNAPSHOT.jar:/home/user/.m2/repository/io/dropwizard/metrics/metrics-core/3.2.4/metrics-core-3.2.4.jar:/home/user/.m2/repository/org/hamcrest/hamcrest-all/1.3/hamcrest-all-1.3.jar:/home/user/.m2/repository/org/bouncycastle/bcprov-jdk15on/1.60/bcprov-jdk15on-1.60.jar:/home/user/.m2/repository/info/picocli/picocli/3.9.6/picocli-3.9.6.jar:/home/user/.m2/repository/com/google/protobuf/protobuf-java/2.5.0/protobuf-java-2.5.0.jar:/home/user/.m2/repository/com/google/guava/guava/11.0.2/guava-11.0.2.jar:/home/user/.m2/repository/org/apache/hadoop/hadoop-ozone-ozone-manager/0.5.0-SNAPSHOT/hadoop-ozone-ozone-manager-0.5.0-SNAPSHOT.jar:/home/user/.m2/repository/org/apache/hadoop/hadoop-minikdc/3.2.0/hadoop-minikdc-3.2.0.jar:/home/user/.m2/repository/commons-io/commons-io/2.5/commons-io-2.5.jar:/home/user/.m2/repository/org/apache/kerby/kerb-simplekdc/1.0.1/kerb-simplekdc-1.0.1.jar:/home/user/.m2/repository/org/apache/kerby/kerb-client/1.0.1/kerb-client-1.0.1.jar:/home/user/.m2/repository/org/apache/kerby/kerby-config/1.0.1/kerby-config-1.0.1.jar:/home/user/.m2/repository/org/apache/kerby/kerb-core/1.0.1/kerb-core-1.0.1.jar:/home/user/.m2/repository/org/apache/kerby/kerby-pkix/1.0.1/kerby-pkix-1.0.1.jar:/home/user/.m2/repository/org/apache/kerby/kerby-asn1/1.0.1/kerby-asn1-1.0.1.jar:/home/user/.m2/repository/org/apache/kerby/kerby-util/1.0.1/kerby-util-1.0.1.jar:/home/user/.m2/repository/org/apache/kerby/kerb-common/1.0.1/kerb-common-1.0.1.jar:/home/user/.m2/repository/org/apache/kerby/kerb-crypto/1.0.1/kerb-crypto-1.0.1.jar:/home/user/.m2/repository/org/apache/kerby/kerb-util/1.0.1/kerb-util-1.0.1.jar:/home/user/.m2/repository/org/apache/kerby/token-provider/1.0.1/token-provider-1.0.1.jar:/home/user/.m2/repository/org/apache/kerby/kerb-admin/1.0.1/kerb-admin-1.0.1.jar:/home/user/.m2/repository/org/apache/kerby/kerb-server/1.0.1/kerb-server-1.0.1.jar:/home/user/.m2/repository/org/apache/kerby/kerb-identity/1.0.1/kerb-identity-1.0.1.jar:/home/user/.m2/repository/org/apache/kerby/kerby-xdr/1.0.1/kerby-xdr-1.0.1.jar:/home/user/.m2/repository/org/slf4j/slf4j-log4j12/1.7.25/slf4j-log4j12-1.7.25.jar:/home/user/.m2/repository/org/apache/hadoop/hadoop-ozone-s3gateway/0.5.0-SNAPSHOT/hadoop-ozone-s3gateway-0.5.0-SNAPSHOT.jar:/home/user/.m2/repository/org/jboss/weld/servlet/weld-servlet/2.4.7.Final/weld-servlet-2.4.7.Final.jar:/home/user/.m2/repository/org/glassfish/jersey/containers/jersey-container-servlet-core/2.27/jersey-container-servlet-core-2.27.jar:/home/user/.m2/repository/org/glassfish/hk2/external/javax.inject/2.5.0-b42/javax.inject-2.5.0-b42.jar:/home/user/.m2/repository/org/glassfish/jersey/core/jersey-common/2.27/jersey-common-2.27.jar:/home/user/.m2/repository/org/glassfish/hk2/osgi-resource-locator/1.0.1/osgi-resource-locator-1.0.1.jar:/home/user/.m2/repository/javax/ws/rs/javax.ws.rs-api/2.1/javax.ws.rs-api-2.1.jar:/home/user/.m2/repository/org/glassfish/jersey/ext/cdi/jersey-cdi1x/2.27/jersey-cdi1x-2.27.jar:/home/user/.m2/repository/org/glassfish/jersey/inject/jersey-hk2/2.27/jersey-hk2-2.27.jar:/home/user/.m2/repository/org/glassfish/hk2/hk2-locator/2.5.0-b42/hk2-locator-2.5.0-b42.jar:/home/user/.m2/repository/org/javassist/javassist/3.22.0-CR2/javassist-3.22.0-CR2.jar:/home/user/.m2/repository/org/glassfish/hk2/hk2-api/2.5.0/hk2-api-2.5.0.jar:/home/user/.m2/repository/org/glassfish/hk2/external/jakarta.inject/2.5.0/jakarta.inject-2.5.0.jar:/home/user/.m2/repository/org/glassfish/hk2/hk2-utils/2.5.0/hk2-utils-2.5.0.jar:/home/user/.m2/repository/jakarta/annotation/jakarta.annotation-api/1.3.4/jakarta.annotation-api-1.3.4.jar:/home/user/.m2/repository/org/glassfish/hk2/external/aopalliance-repackaged/2.5.0/aopalliance-repackaged-2.5.0.jar:/home/user/.m2/repository/com/fasterxml/jackson/dataformat/jackson-dataformat-xml/2.9.0/jackson-dataformat-xml-2.9.0.jar:/home/user/.m2/repository/com/fasterxml/jackson/core/jackson-core/2.9.5/jackson-core-2.9.5.jar:/home/user/.m2/repository/com/fasterxml/jackson/module/jackson-module-jaxb-annotations/2.9.5/jackson-module-jaxb-annotations-2.9.5.jar:/home/user/.m2/repository/javax/enterprise/cdi-api/1.2/cdi-api-1.2.jar:/home/user/.m2/repository/javax/el/javax.el-api/3.0.0/javax.el-api-3.0.0.jar:/home/user/.m2/repository/javax/interceptor/javax.interceptor-api/1.2/javax.interceptor-api-1.2.jar:/home/user/.m2/repository/javax/inject/javax.inject/1/javax.inject-1.jar:/home/user/.m2/repository/com/sun/xml/bind/jaxb-impl/2.3.0.1/jaxb-impl-2.3.0.1.jar:/home/user/.m2/repository/com/sun/xml/bind/jaxb-core/2.3.0.1/jaxb-core-2.3.0.1.jar:/home/user/.m2/repository/javax/xml/bind/jaxb-api/2.3.0/jaxb-api-2.3.0.jar:/home/user/.m2/repository/javax/activation/activation/1.1.1/activation-1.1.1.jar:/home/user/.m2/repository/org/apache/hadoop/hadoop-ozone-csi/0.5.0-SNAPSHOT/hadoop-ozone-csi-0.5.0-SNAPSHOT.jar:/home/user/.m2/repository/com/google/protobuf/protobuf-java-util/3.5.1/protobuf-java-util-3.5.1.jar:/home/user/.m2/repository/org/apache/hadoop/hadoop-hdds-config/0.5.0-SNAPSHOT/hadoop-hdds-config-0.5.0-SNAPSHOT.jar:/home/user/.m2/repository/io/grpc/grpc-netty/1.17.1/grpc-netty-1.17.1.jar:/home/user/.m2/repository/io/grpc/grpc-core/1.17.1/grpc-core-1.17.1.jar:/home/user/.m2/repository/io/grpc/grpc-context/1.17.1/grpc-context-1.17.1.jar:/home/user/.m2/repository/com/google/errorprone/error_prone_annotations/2.2.0/error_prone_annotations-2.2.0.jar:/home/user/.m2/repository/org/codehaus/mojo/animal-sniffer-annotations/1.17/animal-sniffer-annotations-1.17.jar:/home/user/.m2/repository/io/opencensus/opencensus-api/0.17.0/opencensus-api-0.17.0.jar:/home/user/.m2/repository/io/opencensus/opencensus-contrib-grpc-metrics/0.17.0/opencensus-contrib-grpc-metrics-0.17.0.jar:/home/user/.m2/repository/io/netty/netty-codec-http2/4.1.30.Final/netty-codec-http2-4.1.30.Final.jar:/home/user/.m2/repository/io/netty/netty-codec-http/4.1.30.Final/netty-codec-http-4.1.30.Final.jar:/home/user/.m2/repository/io/netty/netty-codec/4.1.30.Final/netty-codec-4.1.30.Final.jar:/home/user/.m2/repository/io/netty/netty-handler/4.1.30.Final/netty-handler-4.1.30.Final.jar:/home/user/.m2/repository/io/netty/netty-handler-proxy/4.1.30.Final/netty-handler-proxy-4.1.30.Final.jar:/home/user/.m2/repository/io/netty/netty-codec-socks/4.1.30.Final/netty-codec-socks-4.1.30.Final.jar:/home/user/.m2/repository/io/netty/netty-transport-native-epoll/4.1.30.Final/netty-transport-native-epoll-4.1.30.Final.jar:/home/user/.m2/repository/io/netty/netty-common/4.1.30.Final/netty-common-4.1.30.Final.jar:/home/user/.m2/repository/io/netty/netty-buffer/4.1.30.Final/netty-buffer-4.1.30.Final.jar:/home/user/.m2/repository/io/netty/netty-transport/4.1.30.Final/netty-transport-4.1.30.Final.jar:/home/user/.m2/repository/io/netty/netty-resolver/4.1.30.Final/netty-resolver-4.1.30.Final.jar:/home/user/.m2/repository/io/netty/netty-transport-native-unix-common/4.1.30.Final/netty-transport-native-unix-common-4.1.30.Final.jar:/home/user/.m2/repository/io/grpc/grpc-protobuf/1.17.1/grpc-protobuf-1.17.1.jar:/home/user/.m2/repository/com/google/api/grpc/proto-google-common-protos/1.0.0/proto-google-common-protos-1.0.0.jar:/home/user/.m2/repository/io/grpc/grpc-protobuf-lite/1.17.1/grpc-protobuf-lite-1.17.1.jar:/home/user/.m2/repository/io/grpc/grpc-stub/1.17.1/grpc-stub-1.17.1.jar:/home/user/.m2/repository/org/apache/hadoop/hadoop-ozone-recon/0.5.0-SNAPSHOT/hadoop-ozone-recon-0.5.0-SNAPSHOT.jar:/home/user/.m2/repository/org/apache/hadoop/hadoop-ozone-reconcodegen/0.5.0-SNAPSHOT/hadoop-ozone-reconcodegen-0.5.0-SNAPSHOT.jar:/home/user/.m2/repository/com/google/inject/extensions/guice-multibindings/4.0/guice-multibindings-4.0.jar:/home/user/.m2/repository/com/google/inject/guice/4.0/guice-4.0.jar:/home/user/.m2/repository/aopalliance/aopalliance/1.0/aopalliance-1.0.jar:/home/user/.m2/repository/com/google/inject/extensions/guice-servlet/4.0/guice-servlet-4.0.jar:/home/user/.m2/repository/org/glassfish/jersey/containers/jersey-container-servlet/2.27/jersey-container-servlet-2.27.jar:/home/user/.m2/repository/org/glassfish/hk2/guice-bridge/2.5.0/guice-bridge-2.5.0.jar:/home/user/.m2/repository/org/glassfish/jersey/core/jersey-server/2.27/jersey-server-2.27.jar:/home/user/.m2/repository/org/glassfish/jersey/core/jersey-client/2.27/jersey-client-2.27.jar:/home/user/.m2/repository/org/glassfish/jersey/media/jersey-media-jaxb/2.27/jersey-media-jaxb-2.27.jar:/home/user/.m2/repository/javax/validation/validation-api/1.1.0.Final/validation-api-1.1.0.Final.jar:/home/user/.m2/repository/org/glassfish/jersey/media/jersey-media-json-jackson/2.27/jersey-media-json-jackson-2.27.jar:/home/user/.m2/repository/org/glassfish/jersey/ext/jersey-entity-filtering/2.27/jersey-entity-filtering-2.27.jar:/home/user/.m2/repository/com/google/inject/extensions/guice-assistedinject/4.0/guice-assistedinject-4.0.jar:/home/user/.m2/repository/org/jooq/jooq/3.11.10/jooq-3.11.10.jar:/home/user/.m2/repository/org/jooq/jooq-meta/3.11.10/jooq-meta-3.11.10.jar:/home/user/.m2/repository/org/jooq/jooq-codegen/3.11.10/jooq-codegen-3.11.10.jar:/home/user/.m2/repository/com/jolbox/bonecp/0.8.0.RELEASE/bonecp-0.8.0.RELEASE.jar:/home/user/.m2/repository/org/xerial/sqlite-jdbc/3.25.2/sqlite-jdbc-3.25.2.jar:/home/user/.m2/repository/org/springframework/spring-jdbc/5.1.3.RELEASE/spring-jdbc-5.1.3.RELEASE.jar:/home/user/.m2/repository/org/springframework/spring-beans/5.1.3.RELEASE/spring-beans-5.1.3.RELEASE.jar:/home/user/.m2/repository/org/springframework/spring-core/5.1.3.RELEASE/spring-core-5.1.3.RELEASE.jar:/home/user/.m2/repository/org/springframework/spring-jcl/5.1.3.RELEASE/spring-jcl-5.1.3.RELEASE.jar:/home/user/.m2/repository/org/springframework/spring-tx/5.1.3.RELEASE/spring-tx-5.1.3.RELEASE.jar:/home/user/.m2/repository/org/apache/hadoop/hadoop-ozone-client/0.5.0-SNAPSHOT/hadoop-ozone-client-0.5.0-SNAPSHOT.jar:/home/user/.m2/repository/commons-lang/commons-lang/2.6/commons-lang-2.6.jar:/home/user/.m2/repository/org/apache/hadoop/hadoop-ozone-ozone-manager/0.5.0-SNAPSHOT/hadoop-ozone-ozone-manager-0.5.0-SNAPSHOT-tests.jar:/home/user/.m2/repository/junit/junit/4.11/junit-4.11.jar:/home/user/.m2/repository/org/hamcrest/hamcrest-core/1.3/hamcrest-core-1.3.jar:/home/user/.m2/repository/org/openjdk/jmh/jmh-core/1.19/jmh-core-1.19.jar:/home/user/.m2/repository/net/sf/jopt-simple/jopt-simple/4.6/jopt-simple-4.6.jar:/home/user/.m2/repository/org/apache/commons/commons-math3/3.1.1/commons-math3-3.1.1.jar:/home/user/.m2/repository/org/openjdk/jmh/jmh-generator-annprocess/1.19/jmh-generator-annprocess-1.19.jar:/home/user/.m2/repository/org/mockito/mockito-all/1.8.5/mockito-all-1.8.5.jar:/home/user/.m2/repository/org/apache/hadoop/hadoop-kms/3.2.0/hadoop-kms-3.2.0.jar:/home/user/.m2/repository/org/apache/hadoop/hadoop-auth/3.2.0/hadoop-auth-3.2.0.jar:/home/user/.m2/repository/com/nimbusds/nimbus-jose-jwt/4.41.1/nimbus-jose-jwt-4.41.1.jar:/home/user/.m2/repository/com/github/stephenc/jcip/jcip-annotations/1.0-1/jcip-annotations-1.0-1.jar:/home/user/.m2/repository/net/minidev/json-smart/2.3/json-smart-2.3.jar:/home/user/.m2/repository/net/minidev/accessors-smart/1.2/accessors-smart-1.2.jar:/home/user/.m2/repository/org/ow2/asm/asm/5.0.4/asm-5.0.4.jar:/home/user/.m2/repository/org/apache/curator/curator-framework/2.12.0/curator-framework-2.12.0.jar:/home/user/.m2/repository/com/sun/jersey/jersey-core/1.19/jersey-core-1.19.jar:/home/user/.m2/repository/javax/ws/rs/jsr311-api/1.1.1/jsr311-api-1.1.1.jar:/home/user/.m2/repository/com/sun/jersey/jersey-server/1.19/jersey-server-1.19.jar:/home/user/.m2/repository/javax/servlet/javax.servlet-api/3.1.0/javax.servlet-api-3.1.0.jar:/home/user/.m2/repository/org/eclipse/jetty/jetty-server/9.3.24.v20180605/jetty-server-9.3.24.v20180605.jar:/home/user/.m2/repository/org/eclipse/jetty/jetty-http/9.3.24.v20180605/jetty-http-9.3.24.v20180605.jar:/home/user/.m2/repository/org/eclipse/jetty/jetty-io/9.3.24.v20180605/jetty-io-9.3.24.v20180605.jar:/home/user/.m2/repository/org/eclipse/jetty/jetty-webapp/9.3.24.v20180605/jetty-webapp-9.3.24.v20180605.jar:/home/user/.m2/repository/org/eclipse/jetty/jetty-xml/9.3.24.v20180605/jetty-xml-9.3.24.v20180605.jar:/home/user/.m2/repository/log4j/log4j/1.2.17/log4j-1.2.17.jar:/home/user/.m2/repository/org/slf4j/slf4j-api/1.7.25/slf4j-api-1.7.25.jar:/home/user/.m2/repository/org/slf4j/jul-to-slf4j/1.7.25/jul-to-slf4j-1.7.25.jar:/home/user/.m2/repository/org/eclipse/jetty/jetty-util/9.3.24.v20180605/jetty-util-9.3.24.v20180605.jar:/home/user/.m2/repository/com/fasterxml/jackson/core/jackson-databind/2.9.5/jackson-databind-2.9.5.jar:/home/user/.m2/repository/org/apache/hadoop/hadoop-kms/3.2.0/hadoop-kms-3.2.0-tests.jar:/home/user/.m2/repository/org/apache/hadoop/hadoop-hdds-server-scm/0.5.0-SNAPSHOT/hadoop-hdds-server-scm-0.5.0-SNAPSHOT-tests.jar:/home/user/.m2/repository/org/apache/hadoop/hadoop-hdds-container-service/0.5.0-SNAPSHOT/hadoop-hdds-container-service-0.5.0-SNAPSHOT-tests.jar:/home/user/.m2/repository/org/yaml/snakeyaml/1.16/snakeyaml-1.16.jar:/home/user/.m2/repository/org/apache/hadoop/hadoop-common/3.2.0/hadoop-common-3.2.0-tests.jar:/home/user/.m2/repository/org/apache/hadoop/hadoop-annotations/3.2.0/hadoop-annotations-3.2.0.jar:/usr/lib/jvm/java-1.8-openjdk/jre/../lib/tools.jar:/home/user/.m2/repository/commons-cli/commons-cli/1.2/commons-cli-1.2.jar:/home/user/.m2/repository/org/apache/httpcomponents/httpclient/4.5.2/httpclient-4.5.2.jar:/home/user/.m2/repository/org/apache/httpcomponents/httpcore/4.4.4/httpcore-4.4.4.jar:/home/user/.m2/repository/commons-codec/commons-codec/1.11/commons-codec-1.11.jar:/home/user/.m2/repository/commons-net/commons-net/3.6/commons-net-3.6.jar:/home/user/.m2/repository/commons-collections/commons-collections/3.2.2/commons-collections-3.2.2.jar:/home/user/.m2/repository/org/eclipse/jetty/jetty-servlet/9.3.24.v20180605/jetty-servlet-9.3.24.v20180605.jar:/home/user/.m2/repository/org/eclipse/jetty/jetty-security/9.3.24.v20180605/jetty-security-9.3.24.v20180605.jar:/home/user/.m2/repository/javax/servlet/jsp/jsp-api/2.1/jsp-api-2.1.jar:/home/user/.m2/repository/com/sun/jersey/jersey-servlet/1.19/jersey-servlet-1.19.jar:/home/user/.m2/repository/com/sun/jersey/jersey-json/1.19/jersey-json-1.19.jar:/home/user/.m2/repository/org/codehaus/jettison/jettison/1.1/jettison-1.1.jar:/home/user/.m2/repository/org/codehaus/jackson/jackson-core-asl/1.9.13/jackson-core-asl-1.9.13.jar:/home/user/.m2/repository/org/codehaus/jackson/jackson-mapper-asl/1.9.13/jackson-mapper-asl-1.9.13.jar:/home/user/.m2/repository/org/codehaus/jackson/jackson-jaxrs/1.9.13/jackson-jaxrs-1.9.13.jar:/home/user/.m2/repository/org/codehaus/jackson/jackson-xc/1.9.13/jackson-xc-1.9.13.jar:/home/user/.m2/repository/commons-logging/commons-logging/1.1.3/commons-logging-1.1.3.jar:/home/user/.m2/repository/commons-beanutils/commons-beanutils/1.9.3/commons-beanutils-1.9.3.jar:/home/user/.m2/repository/org/apache/commons/commons-configuration2/2.1.1/commons-configuration2-2.1.1.jar:/home/user/.m2/repository/org/apache/commons/commons-lang3/3.7/commons-lang3-3.7.jar:/home/user/.m2/repository/org/apache/commons/commons-text/1.4/commons-text-1.4.jar:/home/user/.m2/repository/org/apache/avro/avro/1.7.7/avro-1.7.7.jar:/home/user/.m2/repository/com/thoughtworks/paranamer/paranamer/2.3/paranamer-2.3.jar:/home/user/.m2/repository/org/xerial/snappy/snappy-java/1.0.5/snappy-java-1.0.5.jar:/home/user/.m2/repository/com/google/re2j/re2j/1.1/re2j-1.1.jar:/home/user/.m2/repository/com/google/code/gson/gson/2.2.4/gson-2.2.4.jar:/home/user/.m2/repository/com/jcraft/jsch/0.1.54/jsch-0.1.54.jar:/home/user/.m2/repository/org/apache/curator/curator-client/2.12.0/curator-client-2.12.0.jar:/home/user/.m2/repository/org/apache/curator/curator-recipes/2.12.0/curator-recipes-2.12.0.jar:/home/user/.m2/repository/com/google/code/findbugs/jsr305/3.0.0/jsr305-3.0.0.jar:/home/user/.m2/repository/org/apache/htrace/htrace-core4/4.1.0-incubating/htrace-core4-4.1.0-incubating.jar:/home/user/.m2/repository/org/apache/zookeeper/zookeeper/3.4.13/zookeeper-3.4.13.jar:/home/user/.m2/repository/org/apache/yetus/audience-annotations/0.5.0/audience-annotations-0.5.0.jar:/home/user/.m2/repository/org/codehaus/woodstox/stax2-api/3.1.4/stax2-api-3.1.4.jar:/home/user/.m2/repository/com/fasterxml/woodstox/woodstox-core/5.0.3/woodstox-core-5.0.3.jar:/home/user/.m2/repository/dnsjava/dnsjava/2.1.7/dnsjava-2.1.7.jar:/home/user/.m2/repository/org/apache/hadoop/hadoop-hdfs/3.2.0/hadoop-hdfs-3.2.0-tests.jar:/home/user/.m2/repository/org/eclipse/jetty/jetty-util-ajax/9.3.24.v20180605/jetty-util-ajax-9.3.24.v20180605.jar:/home/user/.m2/repository/commons-daemon/commons-daemon/1.0.13/commons-daemon-1.0.13.jar:/home/user/.m2/repository/io/netty/netty/3.10.5.Final/netty-3.10.5.Final.jar:/home/user/.m2/repository/io/netty/netty-all/4.0.52.Final/netty-all-4.0.52.Final.jar:/home/user/.m2/repository/org/fusesource/leveldbjni/leveldbjni-all/1.8/leveldbjni-all-1.8.jar:"/>
    <property name="java.vm.vendor" value="IcedTea"/>
    <property name="sun.arch.data.model" value="64"/>
    <property name="test.build.dir" value="/workdir/hadoop-ozone/integration-test/target/test-dir"/>
    <property name="test.cache.data" value=""/>
    <property name="java.vendor.url" value="https://icedtea.classpath.org"/>
    <property name="user.timezone" value=""/>
    <property name="java.vm.specification.version" value="1.8"/>
    <property name="os.name" value="Linux"/>
    <property name="test.build.data" value="/workdir/hadoop-ozone/integration-test/target/test-dir"/>
    <property name="user.country" value="US"/>
    <property name="sun.java.launcher" value="SUN_STANDARD"/>
    <property name="sun.boot.library.path" value="/usr/lib/jvm/java-1.8-openjdk/jre/lib/amd64"/>
    <property name="sun.java.command" value="/workdir/hadoop-ozone/integration-test/target/surefire/surefirebooter5736855011073654461.jar /workdir/hadoop-ozone/integration-test/target/surefire 2019-09-02T05-12-03_009-jvmRun1 surefire8360696438380577261tmp surefire_806361376119658406674tmp"/>
    <property name="test" value="!TestMiniChaosOzoneCluster"/>
    <property name="surefire.test.class.path" value="/workdir/hadoop-ozone/integration-test/target/test-classes:/workdir/hadoop-ozone/integration-test/target/classes:/home/user/.m2/repository/org/apache/hadoop/hadoop-ozone-common/0.5.0-SNAPSHOT/hadoop-ozone-common-0.5.0-SNAPSHOT.jar:/home/user/.m2/repository/org/apache/commons/commons-compress/1.4.1/commons-compress-1.4.1.jar:/home/user/.m2/repository/org/tukaani/xz/1.0/xz-1.0.jar:/home/user/.m2/repository/org/apache/hadoop/hadoop-common/3.2.0/hadoop-common-3.2.0.jar:/home/user/.m2/repository/org/apache/hadoop/hadoop-hdfs/3.2.0/hadoop-hdfs-3.2.0.jar:/home/user/.m2/repository/org/apache/hadoop/hadoop-hdfs-client/3.2.0/hadoop-hdfs-client-3.2.0.jar:/home/user/.m2/repository/com/fasterxml/jackson/core/jackson-annotations/2.9.5/jackson-annotations-2.9.5.jar:/home/user/.m2/repository/org/apache/hadoop/hadoop-hdds-common/0.5.0-SNAPSHOT/hadoop-hdds-common-0.5.0-SNAPSHOT.jar:/home/user/.m2/repository/javax/annotation/javax.annotation-api/1.2/javax.annotation-api-1.2.jar:/home/user/.m2/repository/org/apache/ratis/ratis-server/0.4.0-2337318-SNAPSHOT/ratis-server-0.4.0-2337318-SNAPSHOT.jar:/home/user/.m2/repository/org/apache/ratis/ratis-thirdparty-misc/0.2.0/ratis-thirdparty-misc-0.2.0.jar:/home/user/.m2/repository/org/apache/ratis/ratis-proto/0.4.0-2337318-SNAPSHOT/ratis-proto-0.4.0-2337318-SNAPSHOT.jar:/home/user/.m2/repository/org/apache/ratis/ratis-common/0.4.0-2337318-SNAPSHOT/ratis-common-0.4.0-2337318-SNAPSHOT.jar:/home/user/.m2/repository/org/apache/ratis/ratis-client/0.4.0-2337318-SNAPSHOT/ratis-client-0.4.0-2337318-SNAPSHOT.jar:/home/user/.m2/repository/org/apache/ratis/ratis-metrics/0.4.0-2337318-SNAPSHOT/ratis-metrics-0.4.0-2337318-SNAPSHOT.jar:/home/user/.m2/repository/org/apache/ratis/ratis-netty/0.4.0-2337318-SNAPSHOT/ratis-netty-0.4.0-2337318-SNAPSHOT.jar:/home/user/.m2/repository/org/apache/ratis/ratis-grpc/0.4.0-2337318-SNAPSHOT/ratis-grpc-0.4.0-2337318-SNAPSHOT.jar:/home/user/.m2/repository/org/rocksdb/rocksdbjni/6.0.1/rocksdbjni-6.0.1.jar:/home/user/.m2/repository/org/apache/logging/log4j/log4j-api/2.11.0/log4j-api-2.11.0.jar:/home/user/.m2/repository/org/apache/logging/log4j/log4j-core/2.11.0/log4j-core-2.11.0.jar:/home/user/.m2/repository/com/lmax/disruptor/3.4.2/disruptor-3.4.2.jar:/home/user/.m2/repository/org/apache/commons/commons-pool2/2.6.0/commons-pool2-2.6.0.jar:/home/user/.m2/repository/org/bouncycastle/bcpkix-jdk15on/1.60/bcpkix-jdk15on-1.60.jar:/home/user/.m2/repository/commons-validator/commons-validator/1.6/commons-validator-1.6.jar:/home/user/.m2/repository/commons-digester/commons-digester/1.8.1/commons-digester-1.8.1.jar:/home/user/.m2/repository/io/jaegertracing/jaeger-client/0.33.1/jaeger-client-0.33.1.jar:/home/user/.m2/repository/io/jaegertracing/jaeger-thrift/0.33.1/jaeger-thrift-0.33.1.jar:/home/user/.m2/repository/org/apache/thrift/libthrift/0.11.0/libthrift-0.11.0.jar:/home/user/.m2/repository/com/squareup/okhttp3/okhttp/3.9.0/okhttp-3.9.0.jar:/home/user/.m2/repository/com/squareup/okio/okio/1.13.0/okio-1.13.0.jar:/home/user/.m2/repository/io/jaegertracing/jaeger-core/0.33.1/jaeger-core-0.33.1.jar:/home/user/.m2/repository/io/jaegertracing/jaeger-tracerresolver/0.33.1/jaeger-tracerresolver-0.33.1.jar:/home/user/.m2/repository/io/opentracing/contrib/opentracing-tracerresolver/0.1.5/opentracing-tracerresolver-0.1.5.jar:/home/user/.m2/repository/io/opentracing/opentracing-util/0.31.0/opentracing-util-0.31.0.jar:/home/user/.m2/repository/io/opentracing/opentracing-api/0.31.0/opentracing-api-0.31.0.jar:/home/user/.m2/repository/io/opentracing/opentracing-noop/0.31.0/opentracing-noop-0.31.0.jar:/home/user/.m2/repository/org/apache/hadoop/hadoop-hdds-server-framework/0.5.0-SNAPSHOT/hadoop-hdds-server-framework-0.5.0-SNAPSHOT.jar:/home/user/.m2/repository/org/apache/hadoop/hadoop-hdds-container-service/0.5.0-SNAPSHOT/hadoop-hdds-container-service-0.5.0-SNAPSHOT.jar:/home/user/.m2/repository/org/apache/hadoop/hadoop-hdds-client/0.5.0-SNAPSHOT/hadoop-hdds-client-0.5.0-SNAPSHOT.jar:/home/user/.m2/repository/org/apache/hadoop/hadoop-hdds-tools/0.5.0-SNAPSHOT/hadoop-hdds-tools-0.5.0-SNAPSHOT.jar:/home/user/.m2/repository/org/apache/hadoop/hadoop-hdds-server-scm/0.5.0-SNAPSHOT/hadoop-hdds-server-scm-0.5.0-SNAPSHOT.jar:/home/user/.m2/repository/org/apache/hadoop/hadoop-hdds-docs/0.5.0-SNAPSHOT/hadoop-hdds-docs-0.5.0-SNAPSHOT.jar:/home/user/.m2/repository/io/dropwizard/metrics/metrics-core/3.2.4/metrics-core-3.2.4.jar:/home/user/.m2/repository/org/hamcrest/hamcrest-all/1.3/hamcrest-all-1.3.jar:/home/user/.m2/repository/org/bouncycastle/bcprov-jdk15on/1.60/bcprov-jdk15on-1.60.jar:/home/user/.m2/repository/info/picocli/picocli/3.9.6/picocli-3.9.6.jar:/home/user/.m2/repository/com/google/protobuf/protobuf-java/2.5.0/protobuf-java-2.5.0.jar:/home/user/.m2/repository/com/google/guava/guava/11.0.2/guava-11.0.2.jar:/home/user/.m2/repository/org/apache/hadoop/hadoop-ozone-ozone-manager/0.5.0-SNAPSHOT/hadoop-ozone-ozone-manager-0.5.0-SNAPSHOT.jar:/home/user/.m2/repository/org/apache/hadoop/hadoop-minikdc/3.2.0/hadoop-minikdc-3.2.0.jar:/home/user/.m2/repository/commons-io/commons-io/2.5/commons-io-2.5.jar:/home/user/.m2/repository/org/apache/kerby/kerb-simplekdc/1.0.1/kerb-simplekdc-1.0.1.jar:/home/user/.m2/repository/org/apache/kerby/kerb-client/1.0.1/kerb-client-1.0.1.jar:/home/user/.m2/repository/org/apache/kerby/kerby-config/1.0.1/kerby-config-1.0.1.jar:/home/user/.m2/repository/org/apache/kerby/kerb-core/1.0.1/kerb-core-1.0.1.jar:/home/user/.m2/repository/org/apache/kerby/kerby-pkix/1.0.1/kerby-pkix-1.0.1.jar:/home/user/.m2/repository/org/apache/kerby/kerby-asn1/1.0.1/kerby-asn1-1.0.1.jar:/home/user/.m2/repository/org/apache/kerby/kerby-util/1.0.1/kerby-util-1.0.1.jar:/home/user/.m2/repository/org/apache/kerby/kerb-common/1.0.1/kerb-common-1.0.1.jar:/home/user/.m2/repository/org/apache/kerby/kerb-crypto/1.0.1/kerb-crypto-1.0.1.jar:/home/user/.m2/repository/org/apache/kerby/kerb-util/1.0.1/kerb-util-1.0.1.jar:/home/user/.m2/repository/org/apache/kerby/token-provider/1.0.1/token-provider-1.0.1.jar:/home/user/.m2/repository/org/apache/kerby/kerb-admin/1.0.1/kerb-admin-1.0.1.jar:/home/user/.m2/repository/org/apache/kerby/kerb-server/1.0.1/kerb-server-1.0.1.jar:/home/user/.m2/repository/org/apache/kerby/kerb-identity/1.0.1/kerb-identity-1.0.1.jar:/home/user/.m2/repository/org/apache/kerby/kerby-xdr/1.0.1/kerby-xdr-1.0.1.jar:/home/user/.m2/repository/org/slf4j/slf4j-log4j12/1.7.25/slf4j-log4j12-1.7.25.jar:/home/user/.m2/repository/org/apache/hadoop/hadoop-ozone-s3gateway/0.5.0-SNAPSHOT/hadoop-ozone-s3gateway-0.5.0-SNAPSHOT.jar:/home/user/.m2/repository/org/jboss/weld/servlet/weld-servlet/2.4.7.Final/weld-servlet-2.4.7.Final.jar:/home/user/.m2/repository/org/glassfish/jersey/containers/jersey-container-servlet-core/2.27/jersey-container-servlet-core-2.27.jar:/home/user/.m2/repository/org/glassfish/hk2/external/javax.inject/2.5.0-b42/javax.inject-2.5.0-b42.jar:/home/user/.m2/repository/org/glassfish/jersey/core/jersey-common/2.27/jersey-common-2.27.jar:/home/user/.m2/repository/org/glassfish/hk2/osgi-resource-locator/1.0.1/osgi-resource-locator-1.0.1.jar:/home/user/.m2/repository/javax/ws/rs/javax.ws.rs-api/2.1/javax.ws.rs-api-2.1.jar:/home/user/.m2/repository/org/glassfish/jersey/ext/cdi/jersey-cdi1x/2.27/jersey-cdi1x-2.27.jar:/home/user/.m2/repository/org/glassfish/jersey/inject/jersey-hk2/2.27/jersey-hk2-2.27.jar:/home/user/.m2/repository/org/glassfish/hk2/hk2-locator/2.5.0-b42/hk2-locator-2.5.0-b42.jar:/home/user/.m2/repository/org/javassist/javassist/3.22.0-CR2/javassist-3.22.0-CR2.jar:/home/user/.m2/repository/org/glassfish/hk2/hk2-api/2.5.0/hk2-api-2.5.0.jar:/home/user/.m2/repository/org/glassfish/hk2/external/jakarta.inject/2.5.0/jakarta.inject-2.5.0.jar:/home/user/.m2/repository/org/glassfish/hk2/hk2-utils/2.5.0/hk2-utils-2.5.0.jar:/home/user/.m2/repository/jakarta/annotation/jakarta.annotation-api/1.3.4/jakarta.annotation-api-1.3.4.jar:/home/user/.m2/repository/org/glassfish/hk2/external/aopalliance-repackaged/2.5.0/aopalliance-repackaged-2.5.0.jar:/home/user/.m2/repository/com/fasterxml/jackson/dataformat/jackson-dataformat-xml/2.9.0/jackson-dataformat-xml-2.9.0.jar:/home/user/.m2/repository/com/fasterxml/jackson/core/jackson-core/2.9.5/jackson-core-2.9.5.jar:/home/user/.m2/repository/com/fasterxml/jackson/module/jackson-module-jaxb-annotations/2.9.5/jackson-module-jaxb-annotations-2.9.5.jar:/home/user/.m2/repository/javax/enterprise/cdi-api/1.2/cdi-api-1.2.jar:/home/user/.m2/repository/javax/el/javax.el-api/3.0.0/javax.el-api-3.0.0.jar:/home/user/.m2/repository/javax/interceptor/javax.interceptor-api/1.2/javax.interceptor-api-1.2.jar:/home/user/.m2/repository/javax/inject/javax.inject/1/javax.inject-1.jar:/home/user/.m2/repository/com/sun/xml/bind/jaxb-impl/2.3.0.1/jaxb-impl-2.3.0.1.jar:/home/user/.m2/repository/com/sun/xml/bind/jaxb-core/2.3.0.1/jaxb-core-2.3.0.1.jar:/home/user/.m2/repository/javax/xml/bind/jaxb-api/2.3.0/jaxb-api-2.3.0.jar:/home/user/.m2/repository/javax/activation/activation/1.1.1/activation-1.1.1.jar:/home/user/.m2/repository/org/apache/hadoop/hadoop-ozone-csi/0.5.0-SNAPSHOT/hadoop-ozone-csi-0.5.0-SNAPSHOT.jar:/home/user/.m2/repository/com/google/protobuf/protobuf-java-util/3.5.1/protobuf-java-util-3.5.1.jar:/home/user/.m2/repository/org/apache/hadoop/hadoop-hdds-config/0.5.0-SNAPSHOT/hadoop-hdds-config-0.5.0-SNAPSHOT.jar:/home/user/.m2/repository/io/grpc/grpc-netty/1.17.1/grpc-netty-1.17.1.jar:/home/user/.m2/repository/io/grpc/grpc-core/1.17.1/grpc-core-1.17.1.jar:/home/user/.m2/repository/io/grpc/grpc-context/1.17.1/grpc-context-1.17.1.jar:/home/user/.m2/repository/com/google/errorprone/error_prone_annotations/2.2.0/error_prone_annotations-2.2.0.jar:/home/user/.m2/repository/org/codehaus/mojo/animal-sniffer-annotations/1.17/animal-sniffer-annotations-1.17.jar:/home/user/.m2/repository/io/opencensus/opencensus-api/0.17.0/opencensus-api-0.17.0.jar:/home/user/.m2/repository/io/opencensus/opencensus-contrib-grpc-metrics/0.17.0/opencensus-contrib-grpc-metrics-0.17.0.jar:/home/user/.m2/repository/io/netty/netty-codec-http2/4.1.30.Final/netty-codec-http2-4.1.30.Final.jar:/home/user/.m2/repository/io/netty/netty-codec-http/4.1.30.Final/netty-codec-http-4.1.30.Final.jar:/home/user/.m2/repository/io/netty/netty-codec/4.1.30.Final/netty-codec-4.1.30.Final.jar:/home/user/.m2/repository/io/netty/netty-handler/4.1.30.Final/netty-handler-4.1.30.Final.jar:/home/user/.m2/repository/io/netty/netty-handler-proxy/4.1.30.Final/netty-handler-proxy-4.1.30.Final.jar:/home/user/.m2/repository/io/netty/netty-codec-socks/4.1.30.Final/netty-codec-socks-4.1.30.Final.jar:/home/user/.m2/repository/io/netty/netty-transport-native-epoll/4.1.30.Final/netty-transport-native-epoll-4.1.30.Final.jar:/home/user/.m2/repository/io/netty/netty-common/4.1.30.Final/netty-common-4.1.30.Final.jar:/home/user/.m2/repository/io/netty/netty-buffer/4.1.30.Final/netty-buffer-4.1.30.Final.jar:/home/user/.m2/repository/io/netty/netty-transport/4.1.30.Final/netty-transport-4.1.30.Final.jar:/home/user/.m2/repository/io/netty/netty-resolver/4.1.30.Final/netty-resolver-4.1.30.Final.jar:/home/user/.m2/repository/io/netty/netty-transport-native-unix-common/4.1.30.Final/netty-transport-native-unix-common-4.1.30.Final.jar:/home/user/.m2/repository/io/grpc/grpc-protobuf/1.17.1/grpc-protobuf-1.17.1.jar:/home/user/.m2/repository/com/google/api/grpc/proto-google-common-protos/1.0.0/proto-google-common-protos-1.0.0.jar:/home/user/.m2/repository/io/grpc/grpc-protobuf-lite/1.17.1/grpc-protobuf-lite-1.17.1.jar:/home/user/.m2/repository/io/grpc/grpc-stub/1.17.1/grpc-stub-1.17.1.jar:/home/user/.m2/repository/org/apache/hadoop/hadoop-ozone-recon/0.5.0-SNAPSHOT/hadoop-ozone-recon-0.5.0-SNAPSHOT.jar:/home/user/.m2/repository/org/apache/hadoop/hadoop-ozone-reconcodegen/0.5.0-SNAPSHOT/hadoop-ozone-reconcodegen-0.5.0-SNAPSHOT.jar:/home/user/.m2/repository/com/google/inject/extensions/guice-multibindings/4.0/guice-multibindings-4.0.jar:/home/user/.m2/repository/com/google/inject/guice/4.0/guice-4.0.jar:/home/user/.m2/repository/aopalliance/aopalliance/1.0/aopalliance-1.0.jar:/home/user/.m2/repository/com/google/inject/extensions/guice-servlet/4.0/guice-servlet-4.0.jar:/home/user/.m2/repository/org/glassfish/jersey/containers/jersey-container-servlet/2.27/jersey-container-servlet-2.27.jar:/home/user/.m2/repository/org/glassfish/hk2/guice-bridge/2.5.0/guice-bridge-2.5.0.jar:/home/user/.m2/repository/org/glassfish/jersey/core/jersey-server/2.27/jersey-server-2.27.jar:/home/user/.m2/repository/org/glassfish/jersey/core/jersey-client/2.27/jersey-client-2.27.jar:/home/user/.m2/repository/org/glassfish/jersey/media/jersey-media-jaxb/2.27/jersey-media-jaxb-2.27.jar:/home/user/.m2/repository/javax/validation/validation-api/1.1.0.Final/validation-api-1.1.0.Final.jar:/home/user/.m2/repository/org/glassfish/jersey/media/jersey-media-json-jackson/2.27/jersey-media-json-jackson-2.27.jar:/home/user/.m2/repository/org/glassfish/jersey/ext/jersey-entity-filtering/2.27/jersey-entity-filtering-2.27.jar:/home/user/.m2/repository/com/google/inject/extensions/guice-assistedinject/4.0/guice-assistedinject-4.0.jar:/home/user/.m2/repository/org/jooq/jooq/3.11.10/jooq-3.11.10.jar:/home/user/.m2/repository/org/jooq/jooq-meta/3.11.10/jooq-meta-3.11.10.jar:/home/user/.m2/repository/org/jooq/jooq-codegen/3.11.10/jooq-codegen-3.11.10.jar:/home/user/.m2/repository/com/jolbox/bonecp/0.8.0.RELEASE/bonecp-0.8.0.RELEASE.jar:/home/user/.m2/repository/org/xerial/sqlite-jdbc/3.25.2/sqlite-jdbc-3.25.2.jar:/home/user/.m2/repository/org/springframework/spring-jdbc/5.1.3.RELEASE/spring-jdbc-5.1.3.RELEASE.jar:/home/user/.m2/repository/org/springframework/spring-beans/5.1.3.RELEASE/spring-beans-5.1.3.RELEASE.jar:/home/user/.m2/repository/org/springframework/spring-core/5.1.3.RELEASE/spring-core-5.1.3.RELEASE.jar:/home/user/.m2/repository/org/springframework/spring-jcl/5.1.3.RELEASE/spring-jcl-5.1.3.RELEASE.jar:/home/user/.m2/repository/org/springframework/spring-tx/5.1.3.RELEASE/spring-tx-5.1.3.RELEASE.jar:/home/user/.m2/repository/org/apache/hadoop/hadoop-ozone-client/0.5.0-SNAPSHOT/hadoop-ozone-client-0.5.0-SNAPSHOT.jar:/home/user/.m2/repository/commons-lang/commons-lang/2.6/commons-lang-2.6.jar:/home/user/.m2/repository/org/apache/hadoop/hadoop-ozone-ozone-manager/0.5.0-SNAPSHOT/hadoop-ozone-ozone-manager-0.5.0-SNAPSHOT-tests.jar:/home/user/.m2/repository/junit/junit/4.11/junit-4.11.jar:/home/user/.m2/repository/org/hamcrest/hamcrest-core/1.3/hamcrest-core-1.3.jar:/home/user/.m2/repository/org/openjdk/jmh/jmh-core/1.19/jmh-core-1.19.jar:/home/user/.m2/repository/net/sf/jopt-simple/jopt-simple/4.6/jopt-simple-4.6.jar:/home/user/.m2/repository/org/apache/commons/commons-math3/3.1.1/commons-math3-3.1.1.jar:/home/user/.m2/repository/org/openjdk/jmh/jmh-generator-annprocess/1.19/jmh-generator-annprocess-1.19.jar:/home/user/.m2/repository/org/mockito/mockito-all/1.8.5/mockito-all-1.8.5.jar:/home/user/.m2/repository/org/apache/hadoop/hadoop-kms/3.2.0/hadoop-kms-3.2.0.jar:/home/user/.m2/repository/org/apache/hadoop/hadoop-auth/3.2.0/hadoop-auth-3.2.0.jar:/home/user/.m2/repository/com/nimbusds/nimbus-jose-jwt/4.41.1/nimbus-jose-jwt-4.41.1.jar:/home/user/.m2/repository/com/github/stephenc/jcip/jcip-annotations/1.0-1/jcip-annotations-1.0-1.jar:/home/user/.m2/repository/net/minidev/json-smart/2.3/json-smart-2.3.jar:/home/user/.m2/repository/net/minidev/accessors-smart/1.2/accessors-smart-1.2.jar:/home/user/.m2/repository/org/ow2/asm/asm/5.0.4/asm-5.0.4.jar:/home/user/.m2/repository/org/apache/curator/curator-framework/2.12.0/curator-framework-2.12.0.jar:/home/user/.m2/repository/com/sun/jersey/jersey-core/1.19/jersey-core-1.19.jar:/home/user/.m2/repository/javax/ws/rs/jsr311-api/1.1.1/jsr311-api-1.1.1.jar:/home/user/.m2/repository/com/sun/jersey/jersey-server/1.19/jersey-server-1.19.jar:/home/user/.m2/repository/javax/servlet/javax.servlet-api/3.1.0/javax.servlet-api-3.1.0.jar:/home/user/.m2/repository/org/eclipse/jetty/jetty-server/9.3.24.v20180605/jetty-server-9.3.24.v20180605.jar:/home/user/.m2/repository/org/eclipse/jetty/jetty-http/9.3.24.v20180605/jetty-http-9.3.24.v20180605.jar:/home/user/.m2/repository/org/eclipse/jetty/jetty-io/9.3.24.v20180605/jetty-io-9.3.24.v20180605.jar:/home/user/.m2/repository/org/eclipse/jetty/jetty-webapp/9.3.24.v20180605/jetty-webapp-9.3.24.v20180605.jar:/home/user/.m2/repository/org/eclipse/jetty/jetty-xml/9.3.24.v20180605/jetty-xml-9.3.24.v20180605.jar:/home/user/.m2/repository/log4j/log4j/1.2.17/log4j-1.2.17.jar:/home/user/.m2/repository/org/slf4j/slf4j-api/1.7.25/slf4j-api-1.7.25.jar:/home/user/.m2/repository/org/slf4j/jul-to-slf4j/1.7.25/jul-to-slf4j-1.7.25.jar:/home/user/.m2/repository/org/eclipse/jetty/jetty-util/9.3.24.v20180605/jetty-util-9.3.24.v20180605.jar:/home/user/.m2/repository/com/fasterxml/jackson/core/jackson-databind/2.9.5/jackson-databind-2.9.5.jar:/home/user/.m2/repository/org/apache/hadoop/hadoop-kms/3.2.0/hadoop-kms-3.2.0-tests.jar:/home/user/.m2/repository/org/apache/hadoop/hadoop-hdds-server-scm/0.5.0-SNAPSHOT/hadoop-hdds-server-scm-0.5.0-SNAPSHOT-tests.jar:/home/user/.m2/repository/org/apache/hadoop/hadoop-hdds-container-service/0.5.0-SNAPSHOT/hadoop-hdds-container-service-0.5.0-SNAPSHOT-tests.jar:/home/user/.m2/repository/org/yaml/snakeyaml/1.16/snakeyaml-1.16.jar:/home/user/.m2/repository/org/apache/hadoop/hadoop-common/3.2.0/hadoop-common-3.2.0-tests.jar:/home/user/.m2/repository/org/apache/hadoop/hadoop-annotations/3.2.0/hadoop-annotations-3.2.0.jar:/usr/lib/jvm/java-1.8-openjdk/jre/../lib/tools.jar:/home/user/.m2/repository/commons-cli/commons-cli/1.2/commons-cli-1.2.jar:/home/user/.m2/repository/org/apache/httpcomponents/httpclient/4.5.2/httpclient-4.5.2.jar:/home/user/.m2/repository/org/apache/httpcomponents/httpcore/4.4.4/httpcore-4.4.4.jar:/home/user/.m2/repository/commons-codec/commons-codec/1.11/commons-codec-1.11.jar:/home/user/.m2/repository/commons-net/commons-net/3.6/commons-net-3.6.jar:/home/user/.m2/repository/commons-collections/commons-collections/3.2.2/commons-collections-3.2.2.jar:/home/user/.m2/repository/org/eclipse/jetty/jetty-servlet/9.3.24.v20180605/jetty-servlet-9.3.24.v20180605.jar:/home/user/.m2/repository/org/eclipse/jetty/jetty-security/9.3.24.v20180605/jetty-security-9.3.24.v20180605.jar:/home/user/.m2/repository/javax/servlet/jsp/jsp-api/2.1/jsp-api-2.1.jar:/home/user/.m2/repository/com/sun/jersey/jersey-servlet/1.19/jersey-servlet-1.19.jar:/home/user/.m2/repository/com/sun/jersey/jersey-json/1.19/jersey-json-1.19.jar:/home/user/.m2/repository/org/codehaus/jettison/jettison/1.1/jettison-1.1.jar:/home/user/.m2/repository/org/codehaus/jackson/jackson-core-asl/1.9.13/jackson-core-asl-1.9.13.jar:/home/user/.m2/repository/org/codehaus/jackson/jackson-mapper-asl/1.9.13/jackson-mapper-asl-1.9.13.jar:/home/user/.m2/repository/org/codehaus/jackson/jackson-jaxrs/1.9.13/jackson-jaxrs-1.9.13.jar:/home/user/.m2/repository/org/codehaus/jackson/jackson-xc/1.9.13/jackson-xc-1.9.13.jar:/home/user/.m2/repository/commons-logging/commons-logging/1.1.3/commons-logging-1.1.3.jar:/home/user/.m2/repository/commons-beanutils/commons-beanutils/1.9.3/commons-beanutils-1.9.3.jar:/home/user/.m2/repository/org/apache/commons/commons-configuration2/2.1.1/commons-configuration2-2.1.1.jar:/home/user/.m2/repository/org/apache/commons/commons-lang3/3.7/commons-lang3-3.7.jar:/home/user/.m2/repository/org/apache/commons/commons-text/1.4/commons-text-1.4.jar:/home/user/.m2/repository/org/apache/avro/avro/1.7.7/avro-1.7.7.jar:/home/user/.m2/repository/com/thoughtworks/paranamer/paranamer/2.3/paranamer-2.3.jar:/home/user/.m2/repository/org/xerial/snappy/snappy-java/1.0.5/snappy-java-1.0.5.jar:/home/user/.m2/repository/com/google/re2j/re2j/1.1/re2j-1.1.jar:/home/user/.m2/repository/com/google/code/gson/gson/2.2.4/gson-2.2.4.jar:/home/user/.m2/repository/com/jcraft/jsch/0.1.54/jsch-0.1.54.jar:/home/user/.m2/repository/org/apache/curator/curator-client/2.12.0/curator-client-2.12.0.jar:/home/user/.m2/repository/org/apache/curator/curator-recipes/2.12.0/curator-recipes-2.12.0.jar:/home/user/.m2/repository/com/google/code/findbugs/jsr305/3.0.0/jsr305-3.0.0.jar:/home/user/.m2/repository/org/apache/htrace/htrace-core4/4.1.0-incubating/htrace-core4-4.1.0-incubating.jar:/home/user/.m2/repository/org/apache/zookeeper/zookeeper/3.4.13/zookeeper-3.4.13.jar:/home/user/.m2/repository/org/apache/yetus/audience-annotations/0.5.0/audience-annotations-0.5.0.jar:/home/user/.m2/repository/org/codehaus/woodstox/stax2-api/3.1.4/stax2-api-3.1.4.jar:/home/user/.m2/repository/com/fasterxml/woodstox/woodstox-core/5.0.3/woodstox-core-5.0.3.jar:/home/user/.m2/repository/dnsjava/dnsjava/2.1.7/dnsjava-2.1.7.jar:/home/user/.m2/repository/org/apache/hadoop/hadoop-hdfs/3.2.0/hadoop-hdfs-3.2.0-tests.jar:/home/user/.m2/repository/org/eclipse/jetty/jetty-util-ajax/9.3.24.v20180605/jetty-util-ajax-9.3.24.v20180605.jar:/home/user/.m2/repository/commons-daemon/commons-daemon/1.0.13/commons-daemon-1.0.13.jar:/home/user/.m2/repository/io/netty/netty/3.10.5.Final/netty-3.10.5.Final.jar:/home/user/.m2/repository/io/netty/netty-all/4.0.52.Final/netty-all-4.0.52.Final.jar:/home/user/.m2/repository/org/fusesource/leveldbjni/leveldbjni-all/1.8/leveldbjni-all-1.8.jar:"/>
    <property name="sun.cpu.endian" value="little"/>
    <property name="user.home" value="/home/user"/>
    <property name="user.language" value="en"/>
    <property name="java.specification.vendor" value="Oracle Corporation"/>
    <property name="java.home" value="/usr/lib/jvm/java-1.8-openjdk/jre"/>
    <property name="java.security.krb5.conf" value="/workdir/hadoop-ozone/integration-test/target/test-classes/krb5.conf"/>
    <property name="basedir" value="/workdir/hadoop-ozone/integration-test"/>
    <property name="file.separator" value="/"/>
    <property name="line.separator" value="&#10;"/>
    <property name="java.vm.specification.vendor" value="Oracle Corporation"/>
    <property name="java.specification.name" value="Java Platform API Specification"/>
    <property name="java.awt.graphicsenv" value="sun.awt.X11GraphicsEnvironment"/>
    <property name="surefire.real.class.path" value="/workdir/hadoop-ozone/integration-test/target/surefire/surefirebooter5736855011073654461.jar"/>
    <property name="hadoop.log.dir" value="/workdir/hadoop-ozone/integration-test/target/log"/>
    <property name="sun.boot.class.path" value="/usr/lib/jvm/java-1.8-openjdk/jre/lib/resources.jar:/usr/lib/jvm/java-1.8-openjdk/jre/lib/rt.jar:/usr/lib/jvm/java-1.8-openjdk/jre/lib/sunrsasign.jar:/usr/lib/jvm/java-1.8-openjdk/jre/lib/jsse.jar:/usr/lib/jvm/java-1.8-openjdk/jre/lib/jce.jar:/usr/lib/jvm/java-1.8-openjdk/jre/lib/charsets.jar:/usr/lib/jvm/java-1.8-openjdk/jre/lib/jfr.jar:/usr/lib/jvm/java-1.8-openjdk/jre/classes"/>
    <property name="sun.management.compiler" value="HotSpot 64-Bit Tiered Compilers"/>
    <property name="java.runtime.version" value="1.8.0_212-b04"/>
    <property name="java.net.preferIPv4Stack" value="true"/>
    <property name="user.name" value="jenkins1000"/>
    <property name="path.separator" value=":"/>
    <property name="java.security.egd" value="file:///dev/urandom"/>
    <property name="os.version" value="3.10.0-957.12.2.el7.x86_64"/>
    <property name="java.endorsed.dirs" value="/usr/lib/jvm/java-1.8-openjdk/jre/lib/endorsed"/>
    <property name="java.runtime.name" value="OpenJDK Runtime Environment"/>
    <property name="file.encoding" value="UTF-8"/>
    <property name="java.vm.name" value="OpenJDK 64-Bit Server VM"/>
    <property name="test.build.webapps" value=""/>
    <property name="localRepository" value="/home/user/.m2/repository"/>
    <property name="java.vendor.url.bug" value="https://icedtea.classpath.org/bugzilla"/>
    <property name="java.io.tmpdir" value="/tmp"/>
    <property name="require.test.libhadoop" value=""/>
    <property name="java.version" value="1.8.0_212"/>
    <property name="user.dir" value="/workdir/hadoop-ozone/integration-test"/>
    <property name="os.arch" value="amd64"/>
    <property name="java.vm.specification.name" value="Java Virtual Machine Specification"/>
    <property name="test.build.classes" value="/workdir/hadoop-ozone/integration-test/target/test-classes"/>
    <property name="java.awt.printerjob" value="sun.print.PSPrinterJob"/>
    <property name="sun.os.patch.level" value="unknown"/>
    <property name="hadoop.tmp.dir" value="/workdir/hadoop-ozone/integration-test/target/tmp"/>
    <property name="java.library.path" value="/usr/lib/jvm/java-1.8-openjdk/jre/lib/amd64/server:/usr/lib/jvm/java-1.8-openjdk/jre/lib/amd64:/usr/lib/jvm/java-1.8-openjdk/jre/../lib/amd64:/workdir/hadoop-ozone/integration-test/target/native/target/usr/local/lib:/workdir/hadoop-ozone/integration-test/../../hadoop-common-project/hadoop-common/target/native/target/usr/local/lib:/usr/java/packages/lib/amd64:/usr/lib64:/lib64:/lib:/usr/lib"/>
    <property name="java.vm.info" value="mixed mode"/>
    <property name="java.vendor" value="IcedTea"/>
    <property name="java.vm.version" value="25.212-b04"/>
    <property name="java.ext.dirs" value="/usr/lib/jvm/java-1.8-openjdk/jre/lib/ext:/usr/java/packages/lib/ext"/>
    <property name="sun.io.unicode.encoding" value="UnicodeLittle"/>
    <property name="java.class.version" value="52.0"/>
  </properties>
  <testcase name="testBlockDeletion" classname="org.apache.hadoop.ozone.container.common.statemachine.commandhandler.TestBlockDeletion" time="90.936">
    <failure message="expected null, but was:&lt;[B@28ee7bee&gt;" type="java.lang.AssertionError"><![CDATA[java.lang.AssertionError: expected null, but was:<[B@28ee7bee>
	at org.junit.Assert.fail(Assert.java:88)
	at org.junit.Assert.failNotNull(Assert.java:664)
	at org.junit.Assert.assertNull(Assert.java:646)
	at org.junit.Assert.assertNull(Assert.java:656)
	at org.apache.hadoop.ozone.container.common.statemachine.commandhandler.TestBlockDeletion.lambda$verifyBlocksDeleted$5(TestBlockDeletion.java:334)
	at org.apache.hadoop.ozone.OzoneTestUtils.performOperationOnKeyContainers(OzoneTestUtils.java:96)
	at org.apache.hadoop.ozone.container.common.statemachine.commandhandler.TestBlockDeletion.verifyBlocksDeleted(TestBlockDeletion.java:328)
	at org.apache.hadoop.ozone.container.common.statemachine.commandhandler.TestBlockDeletion.testBlockDeletion(TestBlockDeletion.java:188)
	at sun.reflect.NativeMethodAccessorImpl.invoke0(Native Method)
	at sun.reflect.NativeMethodAccessorImpl.invoke(NativeMethodAccessorImpl.java:62)
	at sun.reflect.DelegatingMethodAccessorImpl.invoke(DelegatingMethodAccessorImpl.java:43)
	at java.lang.reflect.Method.invoke(Method.java:498)
	at org.junit.runners.model.FrameworkMethod$1.runReflectiveCall(FrameworkMethod.java:47)
	at org.junit.internal.runners.model.ReflectiveCallable.run(ReflectiveCallable.java:12)
	at org.junit.runners.model.FrameworkMethod.invokeExplosively(FrameworkMethod.java:44)
	at org.junit.internal.runners.statements.InvokeMethod.evaluate(InvokeMethod.java:17)
	at org.junit.runners.ParentRunner.runLeaf(ParentRunner.java:271)
	at org.junit.runners.BlockJUnit4ClassRunner.runChild(BlockJUnit4ClassRunner.java:70)
	at org.junit.runners.BlockJUnit4ClassRunner.runChild(BlockJUnit4ClassRunner.java:50)
	at org.junit.runners.ParentRunner$3.run(ParentRunner.java:238)
	at org.junit.runners.ParentRunner$1.schedule(ParentRunner.java:63)
	at org.junit.runners.ParentRunner.runChildren(ParentRunner.java:236)
	at org.junit.runners.ParentRunner.access$000(ParentRunner.java:53)
	at org.junit.runners.ParentRunner$2.evaluate(ParentRunner.java:229)
	at org.junit.internal.runners.statements.RunBefores.evaluate(RunBefores.java:26)
	at org.junit.runners.ParentRunner.run(ParentRunner.java:309)
	at org.apache.maven.surefire.junit4.JUnit4Provider.execute(JUnit4Provider.java:365)
	at org.apache.maven.surefire.junit4.JUnit4Provider.executeWithRerun(JUnit4Provider.java:273)
	at org.apache.maven.surefire.junit4.JUnit4Provider.executeTestSet(JUnit4Provider.java:238)
	at org.apache.maven.surefire.junit4.JUnit4Provider.invoke(JUnit4Provider.java:159)
	at org.apache.maven.surefire.booter.ForkedBooter.invokeProviderInSameClassLoader(ForkedBooter.java:384)
	at org.apache.maven.surefire.booter.ForkedBooter.runSuitesInProcess(ForkedBooter.java:345)
	at org.apache.maven.surefire.booter.ForkedBooter.execute(ForkedBooter.java:126)
	at org.apache.maven.surefire.booter.ForkedBooter.main(ForkedBooter.java:418)
]]></failure>
    <system-out><![CDATA[2019-09-02 06:29:38,887 [main] WARN  server.ServerUtils (ServerUtils.java:getScmDbDir(145)) - ozone.scm.db.dirs is not configured. We recommend adding this setting. Falling back to ozone.metadata.dirs instead.
2019-09-02 06:29:39,016 [main] WARN  server.ServerUtils (ServerUtils.java:getScmDbDir(145)) - ozone.scm.db.dirs is not configured. We recommend adding this setting. Falling back to ozone.metadata.dirs instead.
2019-09-02 06:29:39,019 [main] WARN  server.ServerUtils (ServerUtils.java:getScmDbDir(145)) - ozone.scm.db.dirs is not configured. We recommend adding this setting. Falling back to ozone.metadata.dirs instead.
2019-09-02 06:29:39,043 [main] INFO  util.log (Log.java:initialized(192)) - Logging initialized @917ms
2019-09-02 06:29:39,158 [main] INFO  db.DBStoreBuilder (DBStoreBuilder.java:addTable(110)) - using custom profile for table: deletedBlocks
2019-09-02 06:29:39,159 [main] INFO  db.DBStoreBuilder (DBStoreBuilder.java:processTables(161)) - Using default column profile:DBProfile.DISK for Table:deletedBlocks
2019-09-02 06:29:39,159 [main] INFO  db.DBStoreBuilder (DBStoreBuilder.java:addTable(110)) - using custom profile for table: validCerts
2019-09-02 06:29:39,159 [main] INFO  db.DBStoreBuilder (DBStoreBuilder.java:processTables(161)) - Using default column profile:DBProfile.DISK for Table:validCerts
2019-09-02 06:29:39,160 [main] INFO  db.DBStoreBuilder (DBStoreBuilder.java:addTable(110)) - using custom profile for table: revokedCerts
2019-09-02 06:29:39,160 [main] INFO  db.DBStoreBuilder (DBStoreBuilder.java:processTables(161)) - Using default column profile:DBProfile.DISK for Table:revokedCerts
2019-09-02 06:29:39,179 [main] INFO  db.DBStoreBuilder (DBStoreBuilder.java:addTable(110)) - using custom profile for table: default
2019-09-02 06:29:39,179 [main] INFO  db.DBStoreBuilder (DBStoreBuilder.java:processTables(167)) - Using default column profile:DBProfile.DISK for Table:default
2019-09-02 06:29:39,181 [main] INFO  db.DBStoreBuilder (DBStoreBuilder.java:getDbProfile(198)) - Using default options. DBProfile.DISK
2019-09-02 06:29:39,472 [main] INFO  net.NodeSchemaLoader (NodeSchemaLoader.java:loadSchemaFromFile(125)) - Loading file from sun.misc.CompoundEnumeration@3e694b3f
2019-09-02 06:29:39,474 [main] INFO  net.NodeSchemaLoader (NodeSchemaLoader.java:loadSchema(171)) - Loading network topology layer schema file
2019-09-02 06:29:39,548 [main] INFO  node.SCMNodeManager (SCMNodeManager.java:<init>(114)) - Entering startup safe mode.
2019-09-02 06:29:39,623 [main] INFO  algorithms.ContainerPlacementPolicyFactory (ContainerPlacementPolicyFactory.java:getPolicy(55)) - Create container placement policy of type org.apache.hadoop.hdds.scm.container.placement.algorithms.SCMContainerPlacementRandom
2019-09-02 06:29:39,637 [main] WARN  server.ServerUtils (ServerUtils.java:getScmDbDir(145)) - ozone.scm.db.dirs is not configured. We recommend adding this setting. Falling back to ozone.metadata.dirs instead.
2019-09-02 06:29:39,704 [main] INFO  pipeline.SCMPipelineManager (SCMPipelineManager.java:initializePipelineState(126)) - No pipeline exists in current db
2019-09-02 06:29:39,707 [main] WARN  server.ServerUtils (ServerUtils.java:getScmDbDir(145)) - ozone.scm.db.dirs is not configured. We recommend adding this setting. Falling back to ozone.metadata.dirs instead.
2019-09-02 06:29:39,837 [main] WARN  events.EventQueue (EventQueue.java:fireEvent(183)) - No event handler registered for event TypedEvent{payloadType=SafeModeStatus, name='SafeModeStatus'}
2019-09-02 06:29:40,257 [main] INFO  ipc.CallQueueManager (CallQueueManager.java:<init>(84)) - Using callQueue: class java.util.concurrent.LinkedBlockingQueue, queueCapacity: 2000, scheduler: class org.apache.hadoop.ipc.DefaultRpcScheduler, ipcBackoff: false.
2019-09-02 06:29:40,286 [Socket Reader #1 for port 46403] INFO  ipc.Server (Server.java:run(1074)) - Starting Socket Reader #1 for port 46403
2019-09-02 06:29:40,422 [main] INFO  ipc.CallQueueManager (CallQueueManager.java:<init>(84)) - Using callQueue: class java.util.concurrent.LinkedBlockingQueue, queueCapacity: 2000, scheduler: class org.apache.hadoop.ipc.DefaultRpcScheduler, ipcBackoff: false.
2019-09-02 06:29:40,423 [Socket Reader #1 for port 34298] INFO  ipc.Server (Server.java:run(1074)) - Starting Socket Reader #1 for port 34298
2019-09-02 06:29:40,431 [main] INFO  ipc.CallQueueManager (CallQueueManager.java:<init>(84)) - Using callQueue: class java.util.concurrent.LinkedBlockingQueue, queueCapacity: 2000, scheduler: class org.apache.hadoop.ipc.DefaultRpcScheduler, ipcBackoff: false.
2019-09-02 06:29:40,432 [Socket Reader #1 for port 37069] INFO  ipc.Server (Server.java:run(1074)) - Starting Socket Reader #1 for port 37069
2019-09-02 06:29:40,453 [main] INFO  hdfs.DFSUtil (DFSUtil.java:httpServerTemplateForNNAndJN(1641)) - Starting Web-server for scm at: http://0.0.0.0:0
2019-09-02 06:29:40,599 [main] INFO  server.AuthenticationFilter (AuthenticationFilter.java:constructSecretProvider(240)) - Unable to initialize FileSignerSecretProvider, falling back to use random secrets.
2019-09-02 06:29:40,608 [main] WARN  http.HttpRequestLog (HttpRequestLog.java:getRequestLog(97)) - Jetty request log can only be enabled using Log4j
2019-09-02 06:29:40,616 [main] INFO  http.HttpServer2 (HttpServer2.java:addGlobalFilter(975)) - Added global filter 'safety' (class=org.apache.hadoop.http.HttpServer2$QuotingInputFilter)
2019-09-02 06:29:40,619 [main] INFO  http.HttpServer2 (HttpServer2.java:addFilter(948)) - Added filter static_user_filter (class=org.apache.hadoop.http.lib.StaticUserWebFilter$StaticUserFilter) to context scm
2019-09-02 06:29:40,620 [main] INFO  http.HttpServer2 (HttpServer2.java:addFilter(958)) - Added filter static_user_filter (class=org.apache.hadoop.http.lib.StaticUserWebFilter$StaticUserFilter) to context static
2019-09-02 06:29:40,620 [main] INFO  http.HttpServer2 (HttpServer2.java:addFilter(958)) - Added filter static_user_filter (class=org.apache.hadoop.http.lib.StaticUserWebFilter$StaticUserFilter) to context logs
2019-09-02 06:29:40,652 [main] INFO  server.StorageContainerManager (StorageContainerManager.java:start(759)) - StorageContainerLocationProtocol RPC server is listening at /0.0.0.0:37069
2019-09-02 06:29:40,714 [main] WARN  impl.MetricsConfig (MetricsConfig.java:loadFirst(134)) - Cannot locate configuration: tried hadoop-metrics2-storagecontainermanager.properties,hadoop-metrics2.properties
2019-09-02 06:29:40,727 [main] INFO  impl.MetricsSystemImpl (MetricsSystemImpl.java:startTimer(374)) - Scheduled Metric snapshot period at 10 second(s).
2019-09-02 06:29:40,727 [main] INFO  impl.MetricsSystemImpl (MetricsSystemImpl.java:start(191)) - StorageContainerManager metrics system started
2019-09-02 06:29:40,964 [main] INFO  server.SCMClientProtocolServer (SCMClientProtocolServer.java:start(151)) - RPC server for Client  is listening at /0.0.0.0:37069
2019-09-02 06:29:40,964 [IPC Server Responder] INFO  ipc.Server (Server.java:run(1314)) - IPC Server Responder: starting
2019-09-02 06:29:40,965 [IPC Server listener on 37069] INFO  ipc.Server (Server.java:run(1153)) - IPC Server listener on 37069: starting
2019-09-02 06:29:40,968 [main] INFO  server.StorageContainerManager (StorageContainerManager.java:start(769)) - ScmBlockLocationProtocol RPC server is listening at /0.0.0.0:34298
2019-09-02 06:29:40,970 [main] INFO  server.SCMBlockProtocolServer (SCMBlockProtocolServer.java:start(146)) - RPC server for Block Protocol is listening at /0.0.0.0:34298
2019-09-02 06:29:40,970 [IPC Server Responder] INFO  ipc.Server (Server.java:run(1314)) - IPC Server Responder: starting
2019-09-02 06:29:40,970 [IPC Server listener on 34298] INFO  ipc.Server (Server.java:run(1153)) - IPC Server listener on 34298: starting
2019-09-02 06:29:40,973 [main] INFO  server.StorageContainerManager (StorageContainerManager.java:start(773)) - ScmDatanodeProtocl RPC server is listening at /0.0.0.0:46403
2019-09-02 06:29:40,973 [main] INFO  server.SCMDatanodeProtocolServer (SCMDatanodeProtocolServer.java:start(191)) - RPC server for DataNodes is listening at /0.0.0.0:46403
2019-09-02 06:29:40,973 [IPC Server Responder] INFO  ipc.Server (Server.java:run(1314)) - IPC Server Responder: starting
2019-09-02 06:29:40,973 [IPC Server listener on 46403] INFO  ipc.Server (Server.java:run(1153)) - IPC Server listener on 46403: starting
2019-09-02 06:29:40,977 [main] INFO  http.HttpServer2 (HttpServer2.java:bindListener(1191)) - Jetty bound to port 33797
2019-09-02 06:29:40,978 [main] INFO  server.Server (Server.java:doStart(351)) - jetty-9.3.24.v20180605, build timestamp: 2018-06-05T17:11:56Z, git hash: 84205aa28f11a4f31f2a3b86d1bba2cc8ab69827
2019-09-02 06:29:41,015 [main] INFO  handler.ContextHandler (ContextHandler.java:doStart(781)) - Started o.e.j.s.ServletContextHandler@45815ffc{/logs,file:///workdir/hadoop-ozone/integration-test/target/log,AVAILABLE}
2019-09-02 06:29:41,016 [main] INFO  handler.ContextHandler (ContextHandler.java:doStart(781)) - Started o.e.j.s.ServletContextHandler@d3957fe{/static,file:///workdir/hadoop-ozone/integration-test/target/test-classes/webapps/static,AVAILABLE}
2019-09-02 06:29:41,065 [main] INFO  handler.ContextHandler (ContextHandler.java:doStart(781)) - Started o.e.j.w.WebAppContext@4cc547a{/,file:///workdir/hadoop-ozone/integration-test/target/test-classes/webapps/scm/,AVAILABLE}{/scm}
2019-09-02 06:29:41,071 [main] INFO  server.AbstractConnector (AbstractConnector.java:doStart(278)) - Started ServerConnector@3574e198{HTTP/1.1,[http/1.1]}{0.0.0.0:33797}
2019-09-02 06:29:41,071 [main] INFO  server.Server (Server.java:doStart(419)) - Started @2946ms
2019-09-02 06:29:41,073 [main] INFO  impl.MetricsSinkAdapter (MetricsSinkAdapter.java:start(204)) - Sink prometheus started
2019-09-02 06:29:41,073 [main] INFO  impl.MetricsSystemImpl (MetricsSystemImpl.java:registerSink(301)) - Registered sink prometheus
2019-09-02 06:29:41,074 [main] INFO  server.BaseHttpServer (BaseHttpServer.java:updateConnectorAddress(215)) - HTTP server of SCM is listening at http://0.0.0.0:33797
2019-09-02 06:29:41,079 [SCMBlockDeletingService#1] DEBUG block.SCMBlockDeletingService (SCMBlockDeletingService.java:call(138)) - Running DeletedBlockTransactionScanner
2019-09-02 06:29:41,079 [org.apache.hadoop.util.JvmPauseMonitor$Monitor@67427b69] INFO  util.JvmPauseMonitor (JvmPauseMonitor.java:run(188)) - Starting JVM pause monitor
2019-09-02 06:29:41,082 [main] WARN  server.ServerUtils (ServerUtils.java:getDBPath(222)) - ozone.om.db.dirs is not configured. We recommend adding this setting. Falling back to ozone.metadata.dirs instead.
2019-09-02 06:29:41,088 [SCMBlockDeletingService#1] DEBUG block.SCMBlockDeletingService (SCMBlockDeletingService.java:call(155)) - Scanned deleted blocks log and got 0 delTX to process.
2019-09-02 06:29:41,180 [main] WARN  server.ServerUtils (ServerUtils.java:getDBPath(222)) - ozone.om.db.dirs is not configured. We recommend adding this setting. Falling back to ozone.metadata.dirs instead.
2019-09-02 06:29:41,181 [main] WARN  server.ServerUtils (ServerUtils.java:getDBPath(222)) - ozone.om.db.dirs is not configured. We recommend adding this setting. Falling back to ozone.metadata.dirs instead.
2019-09-02 06:29:41,183 [main] INFO  om.OzoneManager (OzoneManager.java:setOMNodeDetails(649)) - OM Service ID is not set. Setting it to the default ID: omServiceIdDefault
2019-09-02 06:29:41,183 [main] INFO  om.OzoneManager (OzoneManager.java:setOMNodeDetails(655)) - OM Node ID is not set. Setting it to the OmStorage's OmID: 1de9aaf6-cc15-4b96-b3e8-a0bf9567ec06
2019-09-02 06:29:41,185 [main] INFO  om.OzoneManager (OzoneManager.java:loadOMHAConfigs(606)) - Found matching OM address with OMServiceId: null, OMNodeId: null, RPC Address: localhost:0 and Ratis port: 9872
2019-09-02 06:29:41,189 [SCMBlockDeletingService#1] DEBUG block.SCMBlockDeletingService (SCMBlockDeletingService.java:call(138)) - Running DeletedBlockTransactionScanner
2019-09-02 06:29:41,190 [SCMBlockDeletingService#1] DEBUG block.SCMBlockDeletingService (SCMBlockDeletingService.java:call(155)) - Scanned deleted blocks log and got 0 delTX to process.
2019-09-02 06:29:41,291 [SCMBlockDeletingService#1] DEBUG block.SCMBlockDeletingService (SCMBlockDeletingService.java:call(138)) - Running DeletedBlockTransactionScanner
2019-09-02 06:29:41,291 [SCMBlockDeletingService#1] DEBUG block.SCMBlockDeletingService (SCMBlockDeletingService.java:call(155)) - Scanned deleted blocks log and got 0 delTX to process.
2019-09-02 06:29:41,392 [SCMBlockDeletingService#1] DEBUG block.SCMBlockDeletingService (SCMBlockDeletingService.java:call(138)) - Running DeletedBlockTransactionScanner
2019-09-02 06:29:41,392 [SCMBlockDeletingService#1] DEBUG block.SCMBlockDeletingService (SCMBlockDeletingService.java:call(155)) - Scanned deleted blocks log and got 0 delTX to process.
2019-09-02 06:29:41,493 [SCMBlockDeletingService#1] DEBUG block.SCMBlockDeletingService (SCMBlockDeletingService.java:call(138)) - Running DeletedBlockTransactionScanner
2019-09-02 06:29:41,494 [SCMBlockDeletingService#1] DEBUG block.SCMBlockDeletingService (SCMBlockDeletingService.java:call(155)) - Scanned deleted blocks log and got 0 delTX to process.
2019-09-02 06:29:41,594 [SCMBlockDeletingService#1] DEBUG block.SCMBlockDeletingService (SCMBlockDeletingService.java:call(138)) - Running DeletedBlockTransactionScanner
2019-09-02 06:29:41,595 [SCMBlockDeletingService#1] DEBUG block.SCMBlockDeletingService (SCMBlockDeletingService.java:call(155)) - Scanned deleted blocks log and got 0 delTX to process.
2019-09-02 06:29:41,696 [SCMBlockDeletingService#0] DEBUG block.SCMBlockDeletingService (SCMBlockDeletingService.java:call(138)) - Running DeletedBlockTransactionScanner
2019-09-02 06:29:41,696 [SCMBlockDeletingService#0] DEBUG block.SCMBlockDeletingService (SCMBlockDeletingService.java:call(155)) - Scanned deleted blocks log and got 0 delTX to process.
2019-09-02 06:29:41,797 [SCMBlockDeletingService#0] DEBUG block.SCMBlockDeletingService (SCMBlockDeletingService.java:call(138)) - Running DeletedBlockTransactionScanner
2019-09-02 06:29:41,798 [SCMBlockDeletingService#0] DEBUG block.SCMBlockDeletingService (SCMBlockDeletingService.java:call(155)) - Scanned deleted blocks log and got 0 delTX to process.
2019-09-02 06:29:41,898 [SCMBlockDeletingService#0] DEBUG block.SCMBlockDeletingService (SCMBlockDeletingService.java:call(138)) - Running DeletedBlockTransactionScanner
2019-09-02 06:29:41,899 [SCMBlockDeletingService#0] DEBUG block.SCMBlockDeletingService (SCMBlockDeletingService.java:call(155)) - Scanned deleted blocks log and got 0 delTX to process.
2019-09-02 06:29:41,939 [main] WARN  server.ServerUtils (ServerUtils.java:getDBPath(222)) - ozone.om.db.dirs is not configured. We recommend adding this setting. Falling back to ozone.metadata.dirs instead.
2019-09-02 06:29:41,946 [main] INFO  db.DBStoreBuilder (DBStoreBuilder.java:addTable(110)) - using custom profile for table: userTable
2019-09-02 06:29:41,947 [main] INFO  db.DBStoreBuilder (DBStoreBuilder.java:processTables(161)) - Using default column profile:DBProfile.DISK for Table:userTable
2019-09-02 06:29:41,947 [main] INFO  db.DBStoreBuilder (DBStoreBuilder.java:addTable(110)) - using custom profile for table: volumeTable
2019-09-02 06:29:41,947 [main] INFO  db.DBStoreBuilder (DBStoreBuilder.java:processTables(161)) - Using default column profile:DBProfile.DISK for Table:volumeTable
2019-09-02 06:29:41,947 [main] INFO  db.DBStoreBuilder (DBStoreBuilder.java:addTable(110)) - using custom profile for table: bucketTable
2019-09-02 06:29:41,948 [main] INFO  db.DBStoreBuilder (DBStoreBuilder.java:processTables(161)) - Using default column profile:DBProfile.DISK for Table:bucketTable
2019-09-02 06:29:41,948 [main] INFO  db.DBStoreBuilder (DBStoreBuilder.java:addTable(110)) - using custom profile for table: keyTable
2019-09-02 06:29:41,948 [main] INFO  db.DBStoreBuilder (DBStoreBuilder.java:processTables(161)) - Using default column profile:DBProfile.DISK for Table:keyTable
2019-09-02 06:29:41,948 [main] INFO  db.DBStoreBuilder (DBStoreBuilder.java:addTable(110)) - using custom profile for table: deletedTable
2019-09-02 06:29:41,948 [main] INFO  db.DBStoreBuilder (DBStoreBuilder.java:processTables(161)) - Using default column profile:DBProfile.DISK for Table:deletedTable
2019-09-02 06:29:41,949 [main] INFO  db.DBStoreBuilder (DBStoreBuilder.java:addTable(110)) - using custom profile for table: openKeyTable
2019-09-02 06:29:41,949 [main] INFO  db.DBStoreBuilder (DBStoreBuilder.java:processTables(161)) - Using default column profile:DBProfile.DISK for Table:openKeyTable
2019-09-02 06:29:41,949 [main] INFO  db.DBStoreBuilder (DBStoreBuilder.java:addTable(110)) - using custom profile for table: s3Table
2019-09-02 06:29:41,949 [main] INFO  db.DBStoreBuilder (DBStoreBuilder.java:processTables(161)) - Using default column profile:DBProfile.DISK for Table:s3Table
2019-09-02 06:29:41,950 [main] INFO  db.DBStoreBuilder (DBStoreBuilder.java:addTable(110)) - using custom profile for table: multipartInfoTable
2019-09-02 06:29:41,950 [main] INFO  db.DBStoreBuilder (DBStoreBuilder.java:processTables(161)) - Using default column profile:DBProfile.DISK for Table:multipartInfoTable
2019-09-02 06:29:41,950 [main] INFO  db.DBStoreBuilder (DBStoreBuilder.java:addTable(110)) - using custom profile for table: dTokenTable
2019-09-02 06:29:41,950 [main] INFO  db.DBStoreBuilder (DBStoreBuilder.java:processTables(161)) - Using default column profile:DBProfile.DISK for Table:dTokenTable
2019-09-02 06:29:41,950 [main] INFO  db.DBStoreBuilder (DBStoreBuilder.java:addTable(110)) - using custom profile for table: s3SecretTable
2019-09-02 06:29:41,951 [main] INFO  db.DBStoreBuilder (DBStoreBuilder.java:processTables(161)) - Using default column profile:DBProfile.DISK for Table:s3SecretTable
2019-09-02 06:29:41,951 [main] INFO  db.DBStoreBuilder (DBStoreBuilder.java:addTable(110)) - using custom profile for table: prefixTable
2019-09-02 06:29:41,951 [main] INFO  db.DBStoreBuilder (DBStoreBuilder.java:processTables(161)) - Using default column profile:DBProfile.DISK for Table:prefixTable
2019-09-02 06:29:41,951 [main] INFO  db.DBStoreBuilder (DBStoreBuilder.java:addTable(110)) - using custom profile for table: default
2019-09-02 06:29:41,951 [main] INFO  db.DBStoreBuilder (DBStoreBuilder.java:processTables(167)) - Using default column profile:DBProfile.DISK for Table:default
2019-09-02 06:29:41,952 [main] INFO  db.DBStoreBuilder (DBStoreBuilder.java:getDbProfile(198)) - Using default options. DBProfile.DISK
2019-09-02 06:29:41,999 [SCMBlockDeletingService#1] DEBUG block.SCMBlockDeletingService (SCMBlockDeletingService.java:call(138)) - Running DeletedBlockTransactionScanner
2019-09-02 06:29:42,000 [SCMBlockDeletingService#1] DEBUG block.SCMBlockDeletingService (SCMBlockDeletingService.java:call(155)) - Scanned deleted blocks log and got 0 delTX to process.
2019-09-02 06:29:42,100 [SCMBlockDeletingService#0] DEBUG block.SCMBlockDeletingService (SCMBlockDeletingService.java:call(138)) - Running DeletedBlockTransactionScanner
2019-09-02 06:29:42,101 [SCMBlockDeletingService#0] DEBUG block.SCMBlockDeletingService (SCMBlockDeletingService.java:call(155)) - Scanned deleted blocks log and got 0 delTX to process.
2019-09-02 06:29:42,202 [SCMBlockDeletingService#0] DEBUG block.SCMBlockDeletingService (SCMBlockDeletingService.java:call(138)) - Running DeletedBlockTransactionScanner
2019-09-02 06:29:42,202 [SCMBlockDeletingService#0] DEBUG block.SCMBlockDeletingService (SCMBlockDeletingService.java:call(155)) - Scanned deleted blocks log and got 0 delTX to process.
2019-09-02 06:29:42,302 [SCMBlockDeletingService#0] DEBUG block.SCMBlockDeletingService (SCMBlockDeletingService.java:call(138)) - Running DeletedBlockTransactionScanner
2019-09-02 06:29:42,303 [SCMBlockDeletingService#0] DEBUG block.SCMBlockDeletingService (SCMBlockDeletingService.java:call(155)) - Scanned deleted blocks log and got 0 delTX to process.
2019-09-02 06:29:42,403 [SCMBlockDeletingService#0] DEBUG block.SCMBlockDeletingService (SCMBlockDeletingService.java:call(138)) - Running DeletedBlockTransactionScanner
2019-09-02 06:29:42,404 [SCMBlockDeletingService#0] DEBUG block.SCMBlockDeletingService (SCMBlockDeletingService.java:call(155)) - Scanned deleted blocks log and got 0 delTX to process.
2019-09-02 06:29:42,421 [main] INFO  ipc.CallQueueManager (CallQueueManager.java:<init>(84)) - Using callQueue: class java.util.concurrent.LinkedBlockingQueue, queueCapacity: 2000, scheduler: class org.apache.hadoop.ipc.DefaultRpcScheduler, ipcBackoff: false.
2019-09-02 06:29:42,422 [Socket Reader #1 for port 35432] INFO  ipc.Server (Server.java:run(1074)) - Starting Socket Reader #1 for port 35432
2019-09-02 06:29:42,447 [main] INFO  om.OzoneManager (OzoneManager.java:start(1240)) - OzoneManager RPC server is listening at localhost/127.0.0.1:35432
2019-09-02 06:29:42,447 [main] INFO  impl.MetricsSystemImpl (MetricsSystemImpl.java:init(158)) - OzoneManager metrics system started (again)
2019-09-02 06:29:42,449 [IPC Server Responder] INFO  ipc.Server (Server.java:run(1314)) - IPC Server Responder: starting
2019-09-02 06:29:42,449 [IPC Server listener on 35432] INFO  ipc.Server (Server.java:run(1153)) - IPC Server listener on 35432: starting
2019-09-02 06:29:42,455 [main] INFO  hdfs.DFSUtil (DFSUtil.java:httpServerTemplateForNNAndJN(1641)) - Starting Web-server for ozoneManager at: http://0.0.0.0:0
2019-09-02 06:29:42,456 [main] INFO  server.AuthenticationFilter (AuthenticationFilter.java:constructSecretProvider(240)) - Unable to initialize FileSignerSecretProvider, falling back to use random secrets.
2019-09-02 06:29:42,457 [main] WARN  http.HttpRequestLog (HttpRequestLog.java:getRequestLog(97)) - Jetty request log can only be enabled using Log4j
2019-09-02 06:29:42,459 [main] INFO  http.HttpServer2 (HttpServer2.java:addGlobalFilter(975)) - Added global filter 'safety' (class=org.apache.hadoop.http.HttpServer2$QuotingInputFilter)
2019-09-02 06:29:42,460 [main] INFO  http.HttpServer2 (HttpServer2.java:addFilter(948)) - Added filter static_user_filter (class=org.apache.hadoop.http.lib.StaticUserWebFilter$StaticUserFilter) to context ozoneManager
2019-09-02 06:29:42,460 [main] INFO  http.HttpServer2 (HttpServer2.java:addFilter(958)) - Added filter static_user_filter (class=org.apache.hadoop.http.lib.StaticUserWebFilter$StaticUserFilter) to context logs
2019-09-02 06:29:42,460 [main] INFO  http.HttpServer2 (HttpServer2.java:addFilter(958)) - Added filter static_user_filter (class=org.apache.hadoop.http.lib.StaticUserWebFilter$StaticUserFilter) to context static
2019-09-02 06:29:42,463 [main] INFO  http.HttpServer2 (HttpServer2.java:bindListener(1191)) - Jetty bound to port 33296
2019-09-02 06:29:42,463 [main] INFO  server.Server (Server.java:doStart(351)) - jetty-9.3.24.v20180605, build timestamp: 2018-06-05T17:11:56Z, git hash: 84205aa28f11a4f31f2a3b86d1bba2cc8ab69827
2019-09-02 06:29:42,465 [main] INFO  handler.ContextHandler (ContextHandler.java:doStart(781)) - Started o.e.j.s.ServletContextHandler@1bc425e7{/logs,file:///workdir/hadoop-ozone/integration-test/target/log,AVAILABLE}
2019-09-02 06:29:42,466 [main] INFO  handler.ContextHandler (ContextHandler.java:doStart(781)) - Started o.e.j.s.ServletContextHandler@322803db{/static,file:///workdir/hadoop-ozone/integration-test/target/test-classes/webapps/static,AVAILABLE}
2019-09-02 06:29:42,471 [main] INFO  handler.ContextHandler (ContextHandler.java:doStart(781)) - Started o.e.j.w.WebAppContext@4d0b0fd4{/,file:///workdir/hadoop-ozone/integration-test/target/test-classes/webapps/ozoneManager/,AVAILABLE}{/ozoneManager}
2019-09-02 06:29:42,471 [main] INFO  server.AbstractConnector (AbstractConnector.java:doStart(278)) - Started ServerConnector@7a24eb3{HTTP/1.1,[http/1.1]}{0.0.0.0:33296}
2019-09-02 06:29:42,472 [main] INFO  server.Server (Server.java:doStart(419)) - Started @4347ms
2019-09-02 06:29:42,474 [main] WARN  impl.MetricsSystemImpl (MetricsSystemImpl.java:register(276)) - Sink prometheus already exists!
2019-09-02 06:29:42,474 [main] INFO  server.BaseHttpServer (BaseHttpServer.java:updateConnectorAddress(215)) - HTTP server of OZONEMANAGER is listening at http://0.0.0.0:33296
2019-09-02 06:29:42,504 [SCMBlockDeletingService#0] DEBUG block.SCMBlockDeletingService (SCMBlockDeletingService.java:call(138)) - Running DeletedBlockTransactionScanner
2019-09-02 06:29:42,505 [SCMBlockDeletingService#0] DEBUG block.SCMBlockDeletingService (SCMBlockDeletingService.java:call(155)) - Scanned deleted blocks log and got 0 delTX to process.
2019-09-02 06:29:42,671 [SCMBlockDeletingService#0] DEBUG block.SCMBlockDeletingService (SCMBlockDeletingService.java:call(138)) - Running DeletedBlockTransactionScanner
2019-09-02 06:29:42,672 [SCMBlockDeletingService#0] DEBUG block.SCMBlockDeletingService (SCMBlockDeletingService.java:call(155)) - Scanned deleted blocks log and got 0 delTX to process.
2019-09-02 06:29:42,776 [SCMBlockDeletingService#0] DEBUG block.SCMBlockDeletingService (SCMBlockDeletingService.java:call(138)) - Running DeletedBlockTransactionScanner
2019-09-02 06:29:42,778 [SCMBlockDeletingService#0] DEBUG block.SCMBlockDeletingService (SCMBlockDeletingService.java:call(155)) - Scanned deleted blocks log and got 0 delTX to process.
2019-09-02 06:29:42,812 [main] INFO  impl.MetricsSystemImpl (MetricsSystemImpl.java:init(158)) - HddsDatanode metrics system started (again)
2019-09-02 06:29:42,872 [main] INFO  ozone.HddsDatanodeService (HddsDatanodeService.java:start(184)) - HddsDatanodeService host:trunk-nightly-20190902-fsht6-3309735379 ip:192.168.36.97
2019-09-02 06:29:42,879 [SCMBlockDeletingService#0] DEBUG block.SCMBlockDeletingService (SCMBlockDeletingService.java:call(138)) - Running DeletedBlockTransactionScanner
2019-09-02 06:29:42,879 [SCMBlockDeletingService#0] DEBUG block.SCMBlockDeletingService (SCMBlockDeletingService.java:call(155)) - Scanned deleted blocks log and got 0 delTX to process.
2019-09-02 06:29:42,909 [main] INFO  volume.HddsVolume (HddsVolume.java:<init>(176)) - Creating Volume: /workdir/hadoop-ozone/integration-test/target/test-dir/MiniOzoneClusterImpl-6a7e25ec-1fb2-41bc-9349-4a036b68fad4/datanode-0/data/containers/hdds of  storage type : DISK and capacity : 1482555576320
2019-09-02 06:29:42,911 [main] INFO  volume.VolumeSet (VolumeSet.java:initializeVolumeSet(170)) - Added Volume : /workdir/hadoop-ozone/integration-test/target/test-dir/MiniOzoneClusterImpl-6a7e25ec-1fb2-41bc-9349-4a036b68fad4/datanode-0/data/containers/hdds to VolumeSet
2019-09-02 06:29:42,914 [main] INFO  volume.ThrottledAsyncChecker (ThrottledAsyncChecker.java:schedule(140)) - Scheduling a check for org.apache.hadoop.ozone.container.common.volume.HddsVolume@b8e246c
2019-09-02 06:29:42,933 [main] INFO  volume.HddsVolumeChecker (HddsVolumeChecker.java:checkAllVolumes(203)) - Scheduled health check for volume org.apache.hadoop.ozone.container.common.volume.HddsVolume@b8e246c
2019-09-02 06:29:42,980 [SCMBlockDeletingService#0] DEBUG block.SCMBlockDeletingService (SCMBlockDeletingService.java:call(138)) - Running DeletedBlockTransactionScanner
2019-09-02 06:29:42,980 [SCMBlockDeletingService#0] DEBUG block.SCMBlockDeletingService (SCMBlockDeletingService.java:call(155)) - Scanned deleted blocks log and got 0 delTX to process.
2019-09-02 06:29:43,058 [main] INFO  impl.RaftServerProxy (ConfUtils.java:logGet(43)) - raft.rpc.type = GRPC (default)
2019-09-02 06:29:43,081 [SCMBlockDeletingService#0] DEBUG block.SCMBlockDeletingService (SCMBlockDeletingService.java:call(138)) - Running DeletedBlockTransactionScanner
2019-09-02 06:29:43,081 [SCMBlockDeletingService#0] DEBUG block.SCMBlockDeletingService (SCMBlockDeletingService.java:call(155)) - Scanned deleted blocks log and got 0 delTX to process.
2019-09-02 06:29:43,150 [main] INFO  grpc.GrpcFactory (GrpcFactory.java:checkPooledByteBufAllocatorUseCacheForAllThreads(45)) - PERFORMANCE WARNING: useCacheForAllThreads is true that may cause Netty to create a lot garbage objects and, as a result, trigger GC.
	It is recommended to disable useCacheForAllThreads by setting -Dorg.apache.ratis.thirdparty.io.netty.allocator.useCacheForAllThreads=false in command line.
2019-09-02 06:29:43,159 [main] INFO  grpc.GrpcConfigKeys$Server (ConfUtils.java:logGet(43)) - raft.grpc.server.port = 0 (default)
2019-09-02 06:29:43,161 [main] INFO  server.GrpcService (ConfUtils.java:logGet(43)) - raft.grpc.message.size.max = 33570816 (custom)
2019-09-02 06:29:43,163 [main] INFO  server.RaftServerConfigKeys (ConfUtils.java:logGet(43)) - raft.server.log.appender.buffer.byte-limit = 33554432 (custom)
2019-09-02 06:29:43,164 [main] INFO  server.GrpcService (ConfUtils.java:logGet(43)) - raft.grpc.flow.control.window = 1MB (=1048576) (default)
2019-09-02 06:29:43,165 [main] INFO  server.RaftServerConfigKeys (ConfUtils.java:logGet(43)) - raft.server.rpc.request.timeout = 3000ms (default)
2019-09-02 06:29:43,182 [SCMBlockDeletingService#0] DEBUG block.SCMBlockDeletingService (SCMBlockDeletingService.java:call(138)) - Running DeletedBlockTransactionScanner
2019-09-02 06:29:43,182 [SCMBlockDeletingService#0] DEBUG block.SCMBlockDeletingService (SCMBlockDeletingService.java:call(155)) - Scanned deleted blocks log and got 0 delTX to process.
2019-09-02 06:29:43,283 [SCMBlockDeletingService#0] DEBUG block.SCMBlockDeletingService (SCMBlockDeletingService.java:call(138)) - Running DeletedBlockTransactionScanner
2019-09-02 06:29:43,284 [SCMBlockDeletingService#0] DEBUG block.SCMBlockDeletingService (SCMBlockDeletingService.java:call(155)) - Scanned deleted blocks log and got 0 delTX to process.
2019-09-02 06:29:43,336 [main] INFO  server.RaftServerConfigKeys (ConfUtils.java:logGet(43)) - raft.server.storage.dir = [/workdir/hadoop-ozone/integration-test/target/test-dir/MiniOzoneClusterImpl-6a7e25ec-1fb2-41bc-9349-4a036b68fad4/datanode-0/data/ratis] (custom)
2019-09-02 06:29:43,384 [SCMBlockDeletingService#1] DEBUG block.SCMBlockDeletingService (SCMBlockDeletingService.java:call(138)) - Running DeletedBlockTransactionScanner
2019-09-02 06:29:43,384 [SCMBlockDeletingService#1] DEBUG block.SCMBlockDeletingService (SCMBlockDeletingService.java:call(155)) - Scanned deleted blocks log and got 0 delTX to process.
2019-09-02 06:29:43,392 [main] INFO  hdfs.DFSUtil (DFSUtil.java:httpServerTemplateForNNAndJN(1641)) - Starting Web-server for hddsDatanode at: http://0.0.0.0:0
2019-09-02 06:29:43,394 [main] INFO  server.AuthenticationFilter (AuthenticationFilter.java:constructSecretProvider(240)) - Unable to initialize FileSignerSecretProvider, falling back to use random secrets.
2019-09-02 06:29:43,395 [main] WARN  http.HttpRequestLog (HttpRequestLog.java:getRequestLog(97)) - Jetty request log can only be enabled using Log4j
2019-09-02 06:29:43,397 [main] INFO  http.HttpServer2 (HttpServer2.java:addGlobalFilter(975)) - Added global filter 'safety' (class=org.apache.hadoop.http.HttpServer2$QuotingInputFilter)
2019-09-02 06:29:43,398 [main] INFO  http.HttpServer2 (HttpServer2.java:addFilter(948)) - Added filter static_user_filter (class=org.apache.hadoop.http.lib.StaticUserWebFilter$StaticUserFilter) to context hddsDatanode
2019-09-02 06:29:43,399 [main] INFO  http.HttpServer2 (HttpServer2.java:addFilter(958)) - Added filter static_user_filter (class=org.apache.hadoop.http.lib.StaticUserWebFilter$StaticUserFilter) to context logs
2019-09-02 06:29:43,399 [main] INFO  http.HttpServer2 (HttpServer2.java:addFilter(958)) - Added filter static_user_filter (class=org.apache.hadoop.http.lib.StaticUserWebFilter$StaticUserFilter) to context static
2019-09-02 06:29:43,400 [main] INFO  http.HttpServer2 (HttpServer2.java:bindListener(1191)) - Jetty bound to port 36569
2019-09-02 06:29:43,400 [main] INFO  server.Server (Server.java:doStart(351)) - jetty-9.3.24.v20180605, build timestamp: 2018-06-05T17:11:56Z, git hash: 84205aa28f11a4f31f2a3b86d1bba2cc8ab69827
2019-09-02 06:29:43,403 [main] INFO  handler.ContextHandler (ContextHandler.java:doStart(781)) - Started o.e.j.s.ServletContextHandler@5633ed82{/logs,file:///workdir/hadoop-ozone/integration-test/target/log,AVAILABLE}
2019-09-02 06:29:43,404 [main] INFO  handler.ContextHandler (ContextHandler.java:doStart(781)) - Started o.e.j.s.ServletContextHandler@34d52ecd{/static,jar:file:/home/user/.m2/repository/org/apache/hadoop/hadoop-hdds-container-service/0.5.0-SNAPSHOT/hadoop-hdds-container-service-0.5.0-SNAPSHOT.jar!/webapps/static,AVAILABLE}
2019-09-02 06:29:43,457 [main] INFO  handler.ContextHandler (ContextHandler.java:doStart(781)) - Started o.e.j.w.WebAppContext@35c12c7a{/,file:///tmp/jetty-0.0.0.0-36569-hddsDatanode-_-any-616324331442158461.dir/webapp/,AVAILABLE}{/hddsDatanode}
2019-09-02 06:29:43,459 [main] INFO  server.AbstractConnector (AbstractConnector.java:doStart(278)) - Started ServerConnector@658255aa{HTTP/1.1,[http/1.1]}{0.0.0.0:36569}
2019-09-02 06:29:43,460 [main] INFO  server.Server (Server.java:doStart(419)) - Started @5335ms
2019-09-02 06:29:43,461 [main] WARN  impl.MetricsSystemImpl (MetricsSystemImpl.java:register(276)) - Sink prometheus already exists!
2019-09-02 06:29:43,462 [main] INFO  server.BaseHttpServer (BaseHttpServer.java:updateConnectorAddress(215)) - HTTP server of HDDSDATANODE is listening at http://0.0.0.0:36569
2019-09-02 06:29:43,465 [main] INFO  ozone.MiniOzoneClusterImpl (MiniOzoneClusterImpl.java:lambda$waitForClusterToBeReady$0(140)) - Waiting for cluster to be ready. Got 0 of 1 DN Heartbeats.
2019-09-02 06:29:43,470 [org.apache.hadoop.util.JvmPauseMonitor$Monitor@318ff1ff] INFO  util.JvmPauseMonitor (JvmPauseMonitor.java:run(188)) - Starting JVM pause monitor
2019-09-02 06:29:43,485 [SCMBlockDeletingService#0] DEBUG block.SCMBlockDeletingService (SCMBlockDeletingService.java:call(138)) - Running DeletedBlockTransactionScanner
2019-09-02 06:29:43,485 [SCMBlockDeletingService#0] DEBUG block.SCMBlockDeletingService (SCMBlockDeletingService.java:call(155)) - Scanned deleted blocks log and got 0 delTX to process.
2019-09-02 06:29:43,586 [SCMBlockDeletingService#1] DEBUG block.SCMBlockDeletingService (SCMBlockDeletingService.java:call(138)) - Running DeletedBlockTransactionScanner
2019-09-02 06:29:43,586 [SCMBlockDeletingService#1] DEBUG block.SCMBlockDeletingService (SCMBlockDeletingService.java:call(155)) - Scanned deleted blocks log and got 0 delTX to process.
2019-09-02 06:29:43,598 [Datanode State Machine Thread - 0] INFO  datanode.InitDatanodeState (InitDatanodeState.java:persistContainerDatanodeDetails(140)) - DatanodeDetails is persisted to /workdir/hadoop-ozone/integration-test/target/test-dir/MiniOzoneClusterImpl-6a7e25ec-1fb2-41bc-9349-4a036b68fad4/datanode-0/meta/datanode.id
2019-09-02 06:29:43,687 [SCMBlockDeletingService#0] DEBUG block.SCMBlockDeletingService (SCMBlockDeletingService.java:call(138)) - Running DeletedBlockTransactionScanner
2019-09-02 06:29:43,693 [SCMBlockDeletingService#0] DEBUG block.SCMBlockDeletingService (SCMBlockDeletingService.java:call(155)) - Scanned deleted blocks log and got 0 delTX to process.
2019-09-02 06:29:43,794 [SCMBlockDeletingService#0] DEBUG block.SCMBlockDeletingService (SCMBlockDeletingService.java:call(138)) - Running DeletedBlockTransactionScanner
2019-09-02 06:29:43,794 [SCMBlockDeletingService#0] DEBUG block.SCMBlockDeletingService (SCMBlockDeletingService.java:call(155)) - Scanned deleted blocks log and got 0 delTX to process.
2019-09-02 06:29:43,895 [SCMBlockDeletingService#0] DEBUG block.SCMBlockDeletingService (SCMBlockDeletingService.java:call(138)) - Running DeletedBlockTransactionScanner
2019-09-02 06:29:43,896 [SCMBlockDeletingService#0] DEBUG block.SCMBlockDeletingService (SCMBlockDeletingService.java:call(155)) - Scanned deleted blocks log and got 0 delTX to process.
2019-09-02 06:29:43,996 [SCMBlockDeletingService#0] DEBUG block.SCMBlockDeletingService (SCMBlockDeletingService.java:call(138)) - Running DeletedBlockTransactionScanner
2019-09-02 06:29:43,997 [SCMBlockDeletingService#0] DEBUG block.SCMBlockDeletingService (SCMBlockDeletingService.java:call(155)) - Scanned deleted blocks log and got 0 delTX to process.
2019-09-02 06:29:44,097 [SCMBlockDeletingService#0] DEBUG block.SCMBlockDeletingService (SCMBlockDeletingService.java:call(138)) - Running DeletedBlockTransactionScanner
2019-09-02 06:29:44,098 [SCMBlockDeletingService#0] DEBUG block.SCMBlockDeletingService (SCMBlockDeletingService.java:call(155)) - Scanned deleted blocks log and got 0 delTX to process.
2019-09-02 06:29:44,198 [SCMBlockDeletingService#0] DEBUG block.SCMBlockDeletingService (SCMBlockDeletingService.java:call(138)) - Running DeletedBlockTransactionScanner
2019-09-02 06:29:44,199 [SCMBlockDeletingService#0] DEBUG block.SCMBlockDeletingService (SCMBlockDeletingService.java:call(155)) - Scanned deleted blocks log and got 0 delTX to process.
2019-09-02 06:29:44,299 [SCMBlockDeletingService#1] DEBUG block.SCMBlockDeletingService (SCMBlockDeletingService.java:call(138)) - Running DeletedBlockTransactionScanner
2019-09-02 06:29:44,300 [SCMBlockDeletingService#1] DEBUG block.SCMBlockDeletingService (SCMBlockDeletingService.java:call(155)) - Scanned deleted blocks log and got 0 delTX to process.
2019-09-02 06:29:44,401 [SCMBlockDeletingService#1] DEBUG block.SCMBlockDeletingService (SCMBlockDeletingService.java:call(138)) - Running DeletedBlockTransactionScanner
2019-09-02 06:29:44,401 [SCMBlockDeletingService#1] DEBUG block.SCMBlockDeletingService (SCMBlockDeletingService.java:call(155)) - Scanned deleted blocks log and got 0 delTX to process.
2019-09-02 06:29:44,465 [main] INFO  ozone.MiniOzoneClusterImpl (MiniOzoneClusterImpl.java:lambda$waitForClusterToBeReady$0(140)) - Waiting for cluster to be ready. Got 0 of 1 DN Heartbeats.
2019-09-02 06:29:44,502 [SCMBlockDeletingService#0] DEBUG block.SCMBlockDeletingService (SCMBlockDeletingService.java:call(138)) - Running DeletedBlockTransactionScanner
2019-09-02 06:29:44,502 [SCMBlockDeletingService#0] DEBUG block.SCMBlockDeletingService (SCMBlockDeletingService.java:call(155)) - Scanned deleted blocks log and got 0 delTX to process.
2019-09-02 06:29:44,602 [SCMBlockDeletingService#0] DEBUG block.SCMBlockDeletingService (SCMBlockDeletingService.java:call(138)) - Running DeletedBlockTransactionScanner
2019-09-02 06:29:44,603 [SCMBlockDeletingService#0] DEBUG block.SCMBlockDeletingService (SCMBlockDeletingService.java:call(155)) - Scanned deleted blocks log and got 0 delTX to process.
2019-09-02 06:29:44,703 [SCMBlockDeletingService#0] DEBUG block.SCMBlockDeletingService (SCMBlockDeletingService.java:call(138)) - Running DeletedBlockTransactionScanner
2019-09-02 06:29:44,704 [SCMBlockDeletingService#0] DEBUG block.SCMBlockDeletingService (SCMBlockDeletingService.java:call(155)) - Scanned deleted blocks log and got 0 delTX to process.
2019-09-02 06:29:44,804 [SCMBlockDeletingService#0] DEBUG block.SCMBlockDeletingService (SCMBlockDeletingService.java:call(138)) - Running DeletedBlockTransactionScanner
2019-09-02 06:29:44,805 [SCMBlockDeletingService#0] DEBUG block.SCMBlockDeletingService (SCMBlockDeletingService.java:call(155)) - Scanned deleted blocks log and got 0 delTX to process.
2019-09-02 06:29:44,905 [SCMBlockDeletingService#0] DEBUG block.SCMBlockDeletingService (SCMBlockDeletingService.java:call(138)) - Running DeletedBlockTransactionScanner
2019-09-02 06:29:44,906 [SCMBlockDeletingService#0] DEBUG block.SCMBlockDeletingService (SCMBlockDeletingService.java:call(155)) - Scanned deleted blocks log and got 0 delTX to process.
2019-09-02 06:29:45,006 [SCMBlockDeletingService#1] DEBUG block.SCMBlockDeletingService (SCMBlockDeletingService.java:call(138)) - Running DeletedBlockTransactionScanner
2019-09-02 06:29:45,007 [SCMBlockDeletingService#1] DEBUG block.SCMBlockDeletingService (SCMBlockDeletingService.java:call(155)) - Scanned deleted blocks log and got 0 delTX to process.
2019-09-02 06:29:45,107 [SCMBlockDeletingService#1] DEBUG block.SCMBlockDeletingService (SCMBlockDeletingService.java:call(138)) - Running DeletedBlockTransactionScanner
2019-09-02 06:29:45,108 [SCMBlockDeletingService#1] DEBUG block.SCMBlockDeletingService (SCMBlockDeletingService.java:call(155)) - Scanned deleted blocks log and got 0 delTX to process.
2019-09-02 06:29:45,208 [SCMBlockDeletingService#1] DEBUG block.SCMBlockDeletingService (SCMBlockDeletingService.java:call(138)) - Running DeletedBlockTransactionScanner
2019-09-02 06:29:45,209 [SCMBlockDeletingService#1] DEBUG block.SCMBlockDeletingService (SCMBlockDeletingService.java:call(155)) - Scanned deleted blocks log and got 0 delTX to process.
2019-09-02 06:29:45,309 [SCMBlockDeletingService#1] DEBUG block.SCMBlockDeletingService (SCMBlockDeletingService.java:call(138)) - Running DeletedBlockTransactionScanner
2019-09-02 06:29:45,310 [SCMBlockDeletingService#1] DEBUG block.SCMBlockDeletingService (SCMBlockDeletingService.java:call(155)) - Scanned deleted blocks log and got 0 delTX to process.
2019-09-02 06:29:45,410 [SCMBlockDeletingService#0] DEBUG block.SCMBlockDeletingService (SCMBlockDeletingService.java:call(138)) - Running DeletedBlockTransactionScanner
2019-09-02 06:29:45,411 [SCMBlockDeletingService#0] DEBUG block.SCMBlockDeletingService (SCMBlockDeletingService.java:call(155)) - Scanned deleted blocks log and got 0 delTX to process.
2019-09-02 06:29:45,466 [main] INFO  ozone.MiniOzoneClusterImpl (MiniOzoneClusterImpl.java:lambda$waitForClusterToBeReady$0(140)) - Waiting for cluster to be ready. Got 0 of 1 DN Heartbeats.
2019-09-02 06:29:45,511 [SCMBlockDeletingService#0] DEBUG block.SCMBlockDeletingService (SCMBlockDeletingService.java:call(138)) - Running DeletedBlockTransactionScanner
2019-09-02 06:29:45,512 [SCMBlockDeletingService#0] DEBUG block.SCMBlockDeletingService (SCMBlockDeletingService.java:call(155)) - Scanned deleted blocks log and got 0 delTX to process.
2019-09-02 06:29:45,544 [Datanode State Machine Thread - 0] INFO  ozoneimpl.OzoneContainer (OzoneContainer.java:start(201)) - Attempting to start container services.
2019-09-02 06:29:45,546 [Datanode State Machine Thread - 0] INFO  ozoneimpl.OzoneContainer (OzoneContainer.java:startContainerScrub(175)) - Background container scrubber has been disabled by hdds.containerscrub.enabled
2019-09-02 06:29:45,546 [Datanode State Machine Thread - 0] INFO  ratis.XceiverServerRatis (XceiverServerRatis.java:start(393)) - Starting XceiverServerRatis 3258574c-39ac-4ed5-9145-ea59a337c299 at port 0
2019-09-02 06:29:45,574 [Datanode State Machine Thread - 0] INFO  impl.RaftServerProxy (RaftServerProxy.java:lambda$start$3(299)) - 3258574c-39ac-4ed5-9145-ea59a337c299: start RPC server
2019-09-02 06:29:45,612 [SCMBlockDeletingService#1] DEBUG block.SCMBlockDeletingService (SCMBlockDeletingService.java:call(138)) - Running DeletedBlockTransactionScanner
2019-09-02 06:29:45,613 [SCMBlockDeletingService#1] DEBUG block.SCMBlockDeletingService (SCMBlockDeletingService.java:call(155)) - Scanned deleted blocks log and got 0 delTX to process.
2019-09-02 06:29:45,713 [SCMBlockDeletingService#0] DEBUG block.SCMBlockDeletingService (SCMBlockDeletingService.java:call(138)) - Running DeletedBlockTransactionScanner
2019-09-02 06:29:45,714 [SCMBlockDeletingService#0] DEBUG block.SCMBlockDeletingService (SCMBlockDeletingService.java:call(155)) - Scanned deleted blocks log and got 0 delTX to process.
2019-09-02 06:29:45,714 [Datanode State Machine Thread - 0] INFO  server.GrpcService (GrpcService.java:startImpl(149)) - 3258574c-39ac-4ed5-9145-ea59a337c299: GrpcService started, listening on 0.0.0.0/0.0.0.0:35043
2019-09-02 06:29:45,715 [Datanode State Machine Thread - 0] INFO  ratis.XceiverServerRatis (XceiverServerRatis.java:start(403)) - XceiverServerRatis 3258574c-39ac-4ed5-9145-ea59a337c299 is started using port 35043
2019-09-02 06:29:45,720 [Datanode State Machine Thread - 0] INFO  server.XceiverServerGrpc (XceiverServerGrpc.java:start(163)) - XceiverServerGrpc 3258574c-39ac-4ed5-9145-ea59a337c299 is started using port 45793
2019-09-02 06:29:45,814 [SCMBlockDeletingService#1] DEBUG block.SCMBlockDeletingService (SCMBlockDeletingService.java:call(138)) - Running DeletedBlockTransactionScanner
2019-09-02 06:29:45,815 [SCMBlockDeletingService#1] DEBUG block.SCMBlockDeletingService (SCMBlockDeletingService.java:call(155)) - Scanned deleted blocks log and got 0 delTX to process.
2019-09-02 06:29:45,915 [SCMBlockDeletingService#1] DEBUG block.SCMBlockDeletingService (SCMBlockDeletingService.java:call(138)) - Running DeletedBlockTransactionScanner
2019-09-02 06:29:45,916 [SCMBlockDeletingService#1] DEBUG block.SCMBlockDeletingService (SCMBlockDeletingService.java:call(155)) - Scanned deleted blocks log and got 0 delTX to process.
2019-09-02 06:29:46,016 [SCMBlockDeletingService#1] DEBUG block.SCMBlockDeletingService (SCMBlockDeletingService.java:call(138)) - Running DeletedBlockTransactionScanner
2019-09-02 06:29:46,017 [SCMBlockDeletingService#1] DEBUG block.SCMBlockDeletingService (SCMBlockDeletingService.java:call(155)) - Scanned deleted blocks log and got 0 delTX to process.
2019-09-02 06:29:46,118 [SCMBlockDeletingService#1] DEBUG block.SCMBlockDeletingService (SCMBlockDeletingService.java:call(138)) - Running DeletedBlockTransactionScanner
2019-09-02 06:29:46,118 [SCMBlockDeletingService#1] DEBUG block.SCMBlockDeletingService (SCMBlockDeletingService.java:call(155)) - Scanned deleted blocks log and got 0 delTX to process.
2019-09-02 06:29:46,219 [SCMBlockDeletingService#1] DEBUG block.SCMBlockDeletingService (SCMBlockDeletingService.java:call(138)) - Running DeletedBlockTransactionScanner
2019-09-02 06:29:46,219 [SCMBlockDeletingService#1] DEBUG block.SCMBlockDeletingService (SCMBlockDeletingService.java:call(155)) - Scanned deleted blocks log and got 0 delTX to process.
2019-09-02 06:29:46,320 [SCMBlockDeletingService#1] DEBUG block.SCMBlockDeletingService (SCMBlockDeletingService.java:call(138)) - Running DeletedBlockTransactionScanner
2019-09-02 06:29:46,320 [SCMBlockDeletingService#1] DEBUG block.SCMBlockDeletingService (SCMBlockDeletingService.java:call(155)) - Scanned deleted blocks log and got 0 delTX to process.
2019-09-02 06:29:46,421 [SCMBlockDeletingService#1] DEBUG block.SCMBlockDeletingService (SCMBlockDeletingService.java:call(138)) - Running DeletedBlockTransactionScanner
2019-09-02 06:29:46,422 [SCMBlockDeletingService#1] DEBUG block.SCMBlockDeletingService (SCMBlockDeletingService.java:call(155)) - Scanned deleted blocks log and got 0 delTX to process.
2019-09-02 06:29:46,467 [main] INFO  ozone.MiniOzoneClusterImpl (MiniOzoneClusterImpl.java:lambda$waitForClusterToBeReady$0(140)) - Waiting for cluster to be ready. Got 0 of 1 DN Heartbeats.
2019-09-02 06:29:46,522 [SCMBlockDeletingService#1] DEBUG block.SCMBlockDeletingService (SCMBlockDeletingService.java:call(138)) - Running DeletedBlockTransactionScanner
2019-09-02 06:29:46,523 [SCMBlockDeletingService#1] DEBUG block.SCMBlockDeletingService (SCMBlockDeletingService.java:call(155)) - Scanned deleted blocks log and got 0 delTX to process.
2019-09-02 06:29:46,623 [SCMBlockDeletingService#1] DEBUG block.SCMBlockDeletingService (SCMBlockDeletingService.java:call(138)) - Running DeletedBlockTransactionScanner
2019-09-02 06:29:46,624 [SCMBlockDeletingService#1] DEBUG block.SCMBlockDeletingService (SCMBlockDeletingService.java:call(155)) - Scanned deleted blocks log and got 0 delTX to process.
2019-09-02 06:29:46,724 [SCMBlockDeletingService#1] DEBUG block.SCMBlockDeletingService (SCMBlockDeletingService.java:call(138)) - Running DeletedBlockTransactionScanner
2019-09-02 06:29:46,724 [SCMBlockDeletingService#1] DEBUG block.SCMBlockDeletingService (SCMBlockDeletingService.java:call(155)) - Scanned deleted blocks log and got 0 delTX to process.
2019-09-02 06:29:46,825 [SCMBlockDeletingService#0] DEBUG block.SCMBlockDeletingService (SCMBlockDeletingService.java:call(138)) - Running DeletedBlockTransactionScanner
2019-09-02 06:29:46,825 [SCMBlockDeletingService#0] DEBUG block.SCMBlockDeletingService (SCMBlockDeletingService.java:call(155)) - Scanned deleted blocks log and got 0 delTX to process.
2019-09-02 06:29:46,926 [SCMBlockDeletingService#0] DEBUG block.SCMBlockDeletingService (SCMBlockDeletingService.java:call(138)) - Running DeletedBlockTransactionScanner
2019-09-02 06:29:46,927 [SCMBlockDeletingService#0] DEBUG block.SCMBlockDeletingService (SCMBlockDeletingService.java:call(155)) - Scanned deleted blocks log and got 0 delTX to process.
2019-09-02 06:29:47,027 [SCMBlockDeletingService#0] DEBUG block.SCMBlockDeletingService (SCMBlockDeletingService.java:call(138)) - Running DeletedBlockTransactionScanner
2019-09-02 06:29:47,028 [SCMBlockDeletingService#0] DEBUG block.SCMBlockDeletingService (SCMBlockDeletingService.java:call(155)) - Scanned deleted blocks log and got 0 delTX to process.
2019-09-02 06:29:47,129 [SCMBlockDeletingService#0] DEBUG block.SCMBlockDeletingService (SCMBlockDeletingService.java:call(138)) - Running DeletedBlockTransactionScanner
2019-09-02 06:29:47,129 [SCMBlockDeletingService#0] DEBUG block.SCMBlockDeletingService (SCMBlockDeletingService.java:call(155)) - Scanned deleted blocks log and got 0 delTX to process.
2019-09-02 06:29:47,230 [SCMBlockDeletingService#0] DEBUG block.SCMBlockDeletingService (SCMBlockDeletingService.java:call(138)) - Running DeletedBlockTransactionScanner
2019-09-02 06:29:47,230 [SCMBlockDeletingService#0] DEBUG block.SCMBlockDeletingService (SCMBlockDeletingService.java:call(155)) - Scanned deleted blocks log and got 0 delTX to process.
2019-09-02 06:29:47,331 [SCMBlockDeletingService#1] DEBUG block.SCMBlockDeletingService (SCMBlockDeletingService.java:call(138)) - Running DeletedBlockTransactionScanner
2019-09-02 06:29:47,331 [SCMBlockDeletingService#1] DEBUG block.SCMBlockDeletingService (SCMBlockDeletingService.java:call(155)) - Scanned deleted blocks log and got 0 delTX to process.
2019-09-02 06:29:47,432 [SCMBlockDeletingService#1] DEBUG block.SCMBlockDeletingService (SCMBlockDeletingService.java:call(138)) - Running DeletedBlockTransactionScanner
2019-09-02 06:29:47,432 [SCMBlockDeletingService#1] DEBUG block.SCMBlockDeletingService (SCMBlockDeletingService.java:call(155)) - Scanned deleted blocks log and got 0 delTX to process.
2019-09-02 06:29:47,467 [main] INFO  ozone.MiniOzoneClusterImpl (MiniOzoneClusterImpl.java:lambda$waitForClusterToBeReady$0(140)) - Waiting for cluster to be ready. Got 0 of 1 DN Heartbeats.
2019-09-02 06:29:47,504 [IPC Server handler 0 on 46403] INFO  net.NetworkTopology (NetworkTopologyImpl.java:add(110)) - Added a new node: /default-rack/3258574c-39ac-4ed5-9145-ea59a337c299
2019-09-02 06:29:47,504 [IPC Server handler 0 on 46403] INFO  node.SCMNodeManager (SCMNodeManager.java:register(266)) - Registered Data node : 3258574c-39ac-4ed5-9145-ea59a337c299{ip: 192.168.36.97, host: trunk-nightly-20190902-fsht6-3309735379, networkLocation: /default-rack, certSerialId: null}
2019-09-02 06:29:47,508 [EventQueue-NodeRegistrationContainerReportForDataNodeSafeModeRule] INFO  safemode.SCMSafeModeManager (DataNodeSafeModeRule.java:process(71)) - SCM in safe mode. 1 DataNodes registered, 1 required.
2019-09-02 06:29:47,508 [EventQueue-NodeRegistrationContainerReportForDataNodeSafeModeRule] INFO  safemode.SCMSafeModeManager (SCMSafeModeManager.java:validateSafeModeExitRules(177)) - ScmSafeModeManager, all rules are successfully validated
2019-09-02 06:29:47,508 [EventQueue-NodeRegistrationContainerReportForDataNodeSafeModeRule] INFO  safemode.SCMSafeModeManager (SCMSafeModeManager.java:exitSafeMode(193)) - SCM exiting safe mode.
2019-09-02 06:29:47,533 [SCMBlockDeletingService#1] DEBUG block.SCMBlockDeletingService (SCMBlockDeletingService.java:call(138)) - Running DeletedBlockTransactionScanner
2019-09-02 06:29:47,533 [SCMBlockDeletingService#1] DEBUG block.SCMBlockDeletingService (SCMBlockDeletingService.java:call(155)) - Scanned deleted blocks log and got 0 delTX to process.
2019-09-02 06:29:47,634 [SCMBlockDeletingService#1] DEBUG block.SCMBlockDeletingService (SCMBlockDeletingService.java:call(138)) - Running DeletedBlockTransactionScanner
2019-09-02 06:29:47,634 [SCMBlockDeletingService#1] DEBUG block.SCMBlockDeletingService (SCMBlockDeletingService.java:call(155)) - Scanned deleted blocks log and got 0 delTX to process.
2019-09-02 06:29:47,735 [SCMBlockDeletingService#1] DEBUG block.SCMBlockDeletingService (SCMBlockDeletingService.java:call(138)) - Running DeletedBlockTransactionScanner
2019-09-02 06:29:47,735 [SCMBlockDeletingService#1] DEBUG block.SCMBlockDeletingService (SCMBlockDeletingService.java:call(155)) - Scanned deleted blocks log and got 0 delTX to process.
2019-09-02 06:29:47,836 [SCMBlockDeletingService#1] DEBUG block.SCMBlockDeletingService (SCMBlockDeletingService.java:call(138)) - Running DeletedBlockTransactionScanner
2019-09-02 06:29:47,836 [SCMBlockDeletingService#1] DEBUG block.SCMBlockDeletingService (SCMBlockDeletingService.java:call(155)) - Scanned deleted blocks log and got 0 delTX to process.
2019-09-02 06:29:47,937 [SCMBlockDeletingService#1] DEBUG block.SCMBlockDeletingService (SCMBlockDeletingService.java:call(138)) - Running DeletedBlockTransactionScanner
2019-09-02 06:29:47,937 [SCMBlockDeletingService#1] DEBUG block.SCMBlockDeletingService (SCMBlockDeletingService.java:call(155)) - Scanned deleted blocks log and got 0 delTX to process.
2019-09-02 06:29:48,029 [grpc-default-executor-0] INFO  impl.RaftServerProxy (RaftServerProxy.java:addNew(89)) - 3258574c-39ac-4ed5-9145-ea59a337c299: addNew group-6C7D867BDA6A:[3258574c-39ac-4ed5-9145-ea59a337c299:192.168.36.97:35043] returns group-6C7D867BDA6A:java.util.concurrent.CompletableFuture@6ab08a[Not completed]
2019-09-02 06:29:48,038 [SCMBlockDeletingService#1] DEBUG block.SCMBlockDeletingService (SCMBlockDeletingService.java:call(138)) - Running DeletedBlockTransactionScanner
2019-09-02 06:29:48,038 [SCMBlockDeletingService#1] DEBUG block.SCMBlockDeletingService (SCMBlockDeletingService.java:call(155)) - Scanned deleted blocks log and got 0 delTX to process.
2019-09-02 06:29:48,048 [pool-27-thread-1] INFO  impl.RaftServerImpl (RaftServerImpl.java:<init>(93)) - 3258574c-39ac-4ed5-9145-ea59a337c299: new RaftServerImpl for group-6C7D867BDA6A:[3258574c-39ac-4ed5-9145-ea59a337c299:192.168.36.97:35043] with ContainerStateMachine:uninitialized
2019-09-02 06:29:48,051 [pool-27-thread-1] INFO  server.RaftServerConfigKeys (ConfUtils.java:logGet(43)) - raft.server.rpc.timeout.min = 5s (custom)
2019-09-02 06:29:48,052 [pool-27-thread-1] INFO  server.RaftServerConfigKeys (ConfUtils.java:logGet(43)) - raft.server.rpc.timeout.max = 5200ms (custom)
2019-09-02 06:29:48,052 [pool-27-thread-1] INFO  server.RaftServerConfigKeys (ConfUtils.java:logGet(43)) - raft.server.rpcslowness.timeout = 120s (custom)
2019-09-02 06:29:48,053 [pool-27-thread-1] INFO  server.RaftServerConfigKeys (ConfUtils.java:logGet(43)) - raft.server.sleep.deviation.threshold = 300 (default)
2019-09-02 06:29:48,054 [pool-27-thread-1] INFO  server.RaftServerConfigKeys (ConfUtils.java:logGet(43)) - raft.server.log.appender.install.snapshot.enabled = false (custom)
2019-09-02 06:29:48,063 [pool-27-thread-1] INFO  impl.RaftServerImpl (ServerState.java:<init>(105)) - 3258574c-39ac-4ed5-9145-ea59a337c299:group-6C7D867BDA6A ConfigurationManager, init=-1: [3258574c-39ac-4ed5-9145-ea59a337c299:192.168.36.97:35043], old=null, confs=<EMPTY_MAP>
2019-09-02 06:29:48,064 [pool-27-thread-1] INFO  server.RaftServerConfigKeys (ConfUtils.java:logGet(43)) - raft.server.storage.dir = [/workdir/hadoop-ozone/integration-test/target/test-dir/MiniOzoneClusterImpl-6a7e25ec-1fb2-41bc-9349-4a036b68fad4/datanode-0/data/ratis] (custom)
2019-09-02 06:29:48,073 [pool-27-thread-1] INFO  storage.RaftStorageDirectory (RaftStorageDirectory.java:analyzeStorage(246)) - The storage directory /workdir/hadoop-ozone/integration-test/target/test-dir/MiniOzoneClusterImpl-6a7e25ec-1fb2-41bc-9349-4a036b68fad4/datanode-0/data/ratis/64ed058b-0019-49be-a698-6c7d867bda6a does not exist. Creating ...
2019-09-02 06:29:48,099 [pool-27-thread-1] INFO  storage.RaftStorageDirectory (RaftStorageDirectory.java:tryLock(328)) - Lock on /workdir/hadoop-ozone/integration-test/target/test-dir/MiniOzoneClusterImpl-6a7e25ec-1fb2-41bc-9349-4a036b68fad4/datanode-0/data/ratis/64ed058b-0019-49be-a698-6c7d867bda6a/in_use.lock acquired by nodename 5922@trunk-nightly-20190902-fsht6-3309735379
2019-09-02 06:29:48,105 [pool-27-thread-1] INFO  storage.RaftStorage (RaftStorage.java:format(72)) - Storage directory /workdir/hadoop-ozone/integration-test/target/test-dir/MiniOzoneClusterImpl-6a7e25ec-1fb2-41bc-9349-4a036b68fad4/datanode-0/data/ratis/64ed058b-0019-49be-a698-6c7d867bda6a has been successfully formatted.
2019-09-02 06:29:48,108 [pool-27-thread-1] INFO  ratis.ContainerStateMachine (ContainerStateMachine.java:loadSnapshot(227)) - group-6C7D867BDA6A: The snapshot info is null. Setting the last applied indexto:(t:0, i:~)
2019-09-02 06:29:48,108 [pool-27-thread-1] INFO  server.RaftServerConfigKeys (ConfUtils.java:logGet(43)) - raft.server.leader.election.timeout = 120s (custom)
2019-09-02 06:29:48,111 [pool-27-thread-1] INFO  server.RaftServerConfigKeys (ConfUtils.java:logGet(43)) - raft.server.log.use.memory = false (default)
2019-09-02 06:29:48,117 [pool-27-thread-1] INFO  server.RaftServerConfigKeys (ConfUtils.java:logGet(43)) - raft.server.log.purge.gap = 1000000 (custom)
2019-09-02 06:29:48,118 [pool-27-thread-1] INFO  server.RaftServerConfigKeys (ConfUtils.java:logGet(43)) - raft.server.log.appender.buffer.byte-limit = 33554432 (custom)
2019-09-02 06:29:48,119 [pool-27-thread-1] INFO  server.RaftServerConfigKeys (ConfUtils.java:logGet(43)) - raft.server.log.segment.size.max = 1048576 (custom)
2019-09-02 06:29:48,125 [pool-27-thread-1] INFO  server.RaftServerConfigKeys (ConfUtils.java:logGet(43)) - raft.server.log.segment.cache.num.max = 2 (custom)
2019-09-02 06:29:48,131 [pool-27-thread-1] INFO  segmented.SegmentedRaftLogWorker (SegmentedRaftLogWorker.java:<init>(172)) - new 3258574c-39ac-4ed5-9145-ea59a337c299-SegmentedRaftLogWorker:Storage Directory /workdir/hadoop-ozone/integration-test/target/test-dir/MiniOzoneClusterImpl-6a7e25ec-1fb2-41bc-9349-4a036b68fad4/datanode-0/data/ratis/64ed058b-0019-49be-a698-6c7d867bda6a for RaftStorage:Storage Directory /workdir/hadoop-ozone/integration-test/target/test-dir/MiniOzoneClusterImpl-6a7e25ec-1fb2-41bc-9349-4a036b68fad4/datanode-0/data/ratis/64ed058b-0019-49be-a698-6c7d867bda6a
2019-09-02 06:29:48,139 [SCMBlockDeletingService#1] DEBUG block.SCMBlockDeletingService (SCMBlockDeletingService.java:call(138)) - Running DeletedBlockTransactionScanner
2019-09-02 06:29:48,139 [SCMBlockDeletingService#1] DEBUG block.SCMBlockDeletingService (SCMBlockDeletingService.java:call(155)) - Scanned deleted blocks log and got 0 delTX to process.
2019-09-02 06:29:48,144 [pool-27-thread-1] INFO  server.RaftServerConfigKeys (ConfUtils.java:logGet(43)) - raft.server.log.queue.byte-limit = 2147483647 (custom)
2019-09-02 06:29:48,146 [pool-27-thread-1] INFO  server.RaftServerConfigKeys (ConfUtils.java:logGet(43)) - raft.server.log.queue.element-limit = 1024 (custom)
2019-09-02 06:29:48,151 [pool-27-thread-1] INFO  server.RaftServerConfigKeys (ConfUtils.java:logGet(43)) - raft.server.log.segment.size.max = 1048576 (custom)
2019-09-02 06:29:48,152 [pool-27-thread-1] INFO  server.RaftServerConfigKeys (ConfUtils.java:logGet(43)) - raft.server.log.preallocated.size = 16384 (custom)
2019-09-02 06:29:48,152 [pool-27-thread-1] INFO  server.RaftServerConfigKeys (ConfUtils.java:logGet(43)) - raft.server.log.write.buffer.size = 33554432 (custom)
2019-09-02 06:29:48,153 [pool-27-thread-1] INFO  server.RaftServerConfigKeys (ConfUtils.java:logGet(43)) - raft.server.log.force.sync.num = 128 (default)
2019-09-02 06:29:48,154 [pool-27-thread-1] INFO  server.RaftServerConfigKeys (ConfUtils.java:logGet(43)) - raft.server.log.statemachine.data.sync = true (default)
2019-09-02 06:29:48,154 [pool-27-thread-1] INFO  server.RaftServerConfigKeys (ConfUtils.java:logGet(43)) - raft.server.log.statemachine.data.sync.timeout = 10s (default)
2019-09-02 06:29:48,154 [pool-27-thread-1] INFO  server.RaftServerConfigKeys (ConfUtils.java:logGet(43)) - raft.server.log.statemachine.data.sync.timeout.retry = -1 (default)
2019-09-02 06:29:48,163 [pool-27-thread-1] INFO  server.RaftServerConfigKeys (ConfUtils.java:logGet(43)) - raft.server.log.statemachine.data.caching.enabled = true (custom)
2019-09-02 06:29:48,168 [pool-27-thread-1] INFO  segmented.SegmentedRaftLogWorker (SegmentedRaftLogWorker.java:lambda$new$0(132)) - 3258574c-39ac-4ed5-9145-ea59a337c299-SegmentedRaftLogWorker:Storage Directory /workdir/hadoop-ozone/integration-test/target/test-dir/MiniOzoneClusterImpl-6a7e25ec-1fb2-41bc-9349-4a036b68fad4/datanode-0/data/ratis/64ed058b-0019-49be-a698-6c7d867bda6a: flushIndex: setUnconditionally 0 -> -1
2019-09-02 06:29:48,172 [pool-27-thread-1] INFO  server.RaftServerConfigKeys (ConfUtils.java:logGet(43)) - raft.server.snapshot.auto.trigger.enabled = true (custom)
2019-09-02 06:29:48,173 [pool-27-thread-1] INFO  server.RaftServerConfigKeys (ConfUtils.java:logGet(43)) - raft.server.snapshot.auto.trigger.threshold = 10000 (custom)
2019-09-02 06:29:48,173 [pool-27-thread-1] INFO  server.RaftServerConfigKeys (ConfUtils.java:logGet(43)) - raft.server.retrycache.expirytime = 600000ms (custom)
2019-09-02 06:29:48,192 [pool-27-thread-1] INFO  impl.RaftServerImpl (RaftServerImpl.java:start(180)) - 3258574c-39ac-4ed5-9145-ea59a337c299: start group-6C7D867BDA6A
2019-09-02 06:29:48,193 [pool-27-thread-1] INFO  impl.RaftServerImpl (RaftServerImpl.java:setRole(171)) - 3258574c-39ac-4ed5-9145-ea59a337c299:group-6C7D867BDA6A changes role from null to FOLLOWER at term 0 for startAsFollower
2019-09-02 06:29:48,195 [pool-27-thread-1] INFO  impl.RoleInfo (RoleInfo.java:updateAndGet(143)) - 3258574c-39ac-4ed5-9145-ea59a337c299: start FollowerState
2019-09-02 06:29:48,196 [pool-27-thread-1] INFO  util.JmxRegister (JmxRegister.java:tryRegister(44)) - Successfully registered JMX Bean with object name Ratis:service=RaftServer,group=group-6C7D867BDA6A,id=3258574c-39ac-4ed5-9145-ea59a337c299
2019-09-02 06:29:48,239 [SCMBlockDeletingService#1] DEBUG block.SCMBlockDeletingService (SCMBlockDeletingService.java:call(138)) - Running DeletedBlockTransactionScanner
2019-09-02 06:29:48,240 [SCMBlockDeletingService#1] DEBUG block.SCMBlockDeletingService (SCMBlockDeletingService.java:call(155)) - Scanned deleted blocks log and got 0 delTX to process.
2019-09-02 06:29:48,248 [RatisPipelineUtilsThread] INFO  pipeline.PipelineStateManager (PipelineStateManager.java:addPipeline(56)) - Created pipeline Pipeline[ Id: 64ed058b-0019-49be-a698-6c7d867bda6a, Nodes: 3258574c-39ac-4ed5-9145-ea59a337c299{ip: 192.168.36.97, host: trunk-nightly-20190902-fsht6-3309735379, networkLocation: /default-rack, certSerialId: null}, Type:RATIS, Factor:ONE, State:OPEN]
2019-09-02 06:29:48,340 [SCMBlockDeletingService#1] DEBUG block.SCMBlockDeletingService (SCMBlockDeletingService.java:call(138)) - Running DeletedBlockTransactionScanner
2019-09-02 06:29:48,341 [SCMBlockDeletingService#1] DEBUG block.SCMBlockDeletingService (SCMBlockDeletingService.java:call(155)) - Scanned deleted blocks log and got 0 delTX to process.
2019-09-02 06:29:48,442 [SCMBlockDeletingService#1] DEBUG block.SCMBlockDeletingService (SCMBlockDeletingService.java:call(138)) - Running DeletedBlockTransactionScanner
2019-09-02 06:29:48,442 [SCMBlockDeletingService#1] DEBUG block.SCMBlockDeletingService (SCMBlockDeletingService.java:call(155)) - Scanned deleted blocks log and got 0 delTX to process.
2019-09-02 06:29:48,468 [main] INFO  ozone.MiniOzoneClusterImpl (MiniOzoneClusterImpl.java:lambda$waitForClusterToBeReady$0(140)) - Cluster is ready. Got 1 of 1 DN Heartbeats.
2019-09-02 06:29:48,543 [SCMBlockDeletingService#1] DEBUG block.SCMBlockDeletingService (SCMBlockDeletingService.java:call(138)) - Running DeletedBlockTransactionScanner
2019-09-02 06:29:48,543 [SCMBlockDeletingService#1] DEBUG block.SCMBlockDeletingService (SCMBlockDeletingService.java:call(155)) - Scanned deleted blocks log and got 0 delTX to process.
2019-09-02 06:29:48,643 [SCMBlockDeletingService#0] DEBUG block.SCMBlockDeletingService (SCMBlockDeletingService.java:call(138)) - Running DeletedBlockTransactionScanner
2019-09-02 06:29:48,644 [SCMBlockDeletingService#0] DEBUG block.SCMBlockDeletingService (SCMBlockDeletingService.java:call(155)) - Scanned deleted blocks log and got 0 delTX to process.
2019-09-02 06:29:48,744 [SCMBlockDeletingService#0] DEBUG block.SCMBlockDeletingService (SCMBlockDeletingService.java:call(138)) - Running DeletedBlockTransactionScanner
2019-09-02 06:29:48,745 [SCMBlockDeletingService#0] DEBUG block.SCMBlockDeletingService (SCMBlockDeletingService.java:call(155)) - Scanned deleted blocks log and got 0 delTX to process.
2019-09-02 06:29:48,845 [SCMBlockDeletingService#0] DEBUG block.SCMBlockDeletingService (SCMBlockDeletingService.java:call(138)) - Running DeletedBlockTransactionScanner
2019-09-02 06:29:48,846 [SCMBlockDeletingService#0] DEBUG block.SCMBlockDeletingService (SCMBlockDeletingService.java:call(155)) - Scanned deleted blocks log and got 0 delTX to process.
2019-09-02 06:29:48,946 [SCMBlockDeletingService#1] DEBUG block.SCMBlockDeletingService (SCMBlockDeletingService.java:call(138)) - Running DeletedBlockTransactionScanner
2019-09-02 06:29:48,946 [SCMBlockDeletingService#1] DEBUG block.SCMBlockDeletingService (SCMBlockDeletingService.java:call(155)) - Scanned deleted blocks log and got 0 delTX to process.
2019-09-02 06:29:49,047 [SCMBlockDeletingService#1] DEBUG block.SCMBlockDeletingService (SCMBlockDeletingService.java:call(138)) - Running DeletedBlockTransactionScanner
2019-09-02 06:29:49,048 [SCMBlockDeletingService#1] DEBUG block.SCMBlockDeletingService (SCMBlockDeletingService.java:call(155)) - Scanned deleted blocks log and got 0 delTX to process.
2019-09-02 06:29:49,148 [SCMBlockDeletingService#1] DEBUG block.SCMBlockDeletingService (SCMBlockDeletingService.java:call(138)) - Running DeletedBlockTransactionScanner
2019-09-02 06:29:49,149 [SCMBlockDeletingService#1] DEBUG block.SCMBlockDeletingService (SCMBlockDeletingService.java:call(155)) - Scanned deleted blocks log and got 0 delTX to process.
2019-09-02 06:29:49,249 [SCMBlockDeletingService#1] DEBUG block.SCMBlockDeletingService (SCMBlockDeletingService.java:call(138)) - Running DeletedBlockTransactionScanner
2019-09-02 06:29:49,249 [SCMBlockDeletingService#1] DEBUG block.SCMBlockDeletingService (SCMBlockDeletingService.java:call(155)) - Scanned deleted blocks log and got 0 delTX to process.
2019-09-02 06:29:49,350 [SCMBlockDeletingService#1] DEBUG block.SCMBlockDeletingService (SCMBlockDeletingService.java:call(138)) - Running DeletedBlockTransactionScanner
2019-09-02 06:29:49,350 [SCMBlockDeletingService#1] DEBUG block.SCMBlockDeletingService (SCMBlockDeletingService.java:call(155)) - Scanned deleted blocks log and got 0 delTX to process.
2019-09-02 06:29:49,451 [SCMBlockDeletingService#1] DEBUG block.SCMBlockDeletingService (SCMBlockDeletingService.java:call(138)) - Running DeletedBlockTransactionScanner
2019-09-02 06:29:49,451 [SCMBlockDeletingService#1] DEBUG block.SCMBlockDeletingService (SCMBlockDeletingService.java:call(155)) - Scanned deleted blocks log and got 0 delTX to process.
2019-09-02 06:29:49,551 [SCMBlockDeletingService#1] DEBUG block.SCMBlockDeletingService (SCMBlockDeletingService.java:call(138)) - Running DeletedBlockTransactionScanner
2019-09-02 06:29:49,552 [SCMBlockDeletingService#1] DEBUG block.SCMBlockDeletingService (SCMBlockDeletingService.java:call(155)) - Scanned deleted blocks log and got 0 delTX to process.
2019-09-02 06:29:49,652 [SCMBlockDeletingService#1] DEBUG block.SCMBlockDeletingService (SCMBlockDeletingService.java:call(138)) - Running DeletedBlockTransactionScanner
2019-09-02 06:29:49,653 [SCMBlockDeletingService#1] DEBUG block.SCMBlockDeletingService (SCMBlockDeletingService.java:call(155)) - Scanned deleted blocks log and got 0 delTX to process.
2019-09-02 06:29:49,753 [SCMBlockDeletingService#1] DEBUG block.SCMBlockDeletingService (SCMBlockDeletingService.java:call(138)) - Running DeletedBlockTransactionScanner
2019-09-02 06:29:49,754 [SCMBlockDeletingService#1] DEBUG block.SCMBlockDeletingService (SCMBlockDeletingService.java:call(155)) - Scanned deleted blocks log and got 0 delTX to process.
2019-09-02 06:29:49,854 [SCMBlockDeletingService#1] DEBUG block.SCMBlockDeletingService (SCMBlockDeletingService.java:call(138)) - Running DeletedBlockTransactionScanner
2019-09-02 06:29:49,854 [SCMBlockDeletingService#1] DEBUG block.SCMBlockDeletingService (SCMBlockDeletingService.java:call(155)) - Scanned deleted blocks log and got 0 delTX to process.
2019-09-02 06:29:49,955 [SCMBlockDeletingService#1] DEBUG block.SCMBlockDeletingService (SCMBlockDeletingService.java:call(138)) - Running DeletedBlockTransactionScanner
2019-09-02 06:29:49,955 [SCMBlockDeletingService#1] DEBUG block.SCMBlockDeletingService (SCMBlockDeletingService.java:call(155)) - Scanned deleted blocks log and got 0 delTX to process.
2019-09-02 06:29:50,056 [SCMBlockDeletingService#1] DEBUG block.SCMBlockDeletingService (SCMBlockDeletingService.java:call(138)) - Running DeletedBlockTransactionScanner
2019-09-02 06:29:50,056 [SCMBlockDeletingService#1] DEBUG block.SCMBlockDeletingService (SCMBlockDeletingService.java:call(155)) - Scanned deleted blocks log and got 0 delTX to process.
2019-09-02 06:29:50,157 [SCMBlockDeletingService#1] DEBUG block.SCMBlockDeletingService (SCMBlockDeletingService.java:call(138)) - Running DeletedBlockTransactionScanner
2019-09-02 06:29:50,157 [SCMBlockDeletingService#1] DEBUG block.SCMBlockDeletingService (SCMBlockDeletingService.java:call(155)) - Scanned deleted blocks log and got 0 delTX to process.
2019-09-02 06:29:50,258 [SCMBlockDeletingService#1] DEBUG block.SCMBlockDeletingService (SCMBlockDeletingService.java:call(138)) - Running DeletedBlockTransactionScanner
2019-09-02 06:29:50,258 [SCMBlockDeletingService#1] DEBUG block.SCMBlockDeletingService (SCMBlockDeletingService.java:call(155)) - Scanned deleted blocks log and got 0 delTX to process.
2019-09-02 06:29:50,359 [SCMBlockDeletingService#1] DEBUG block.SCMBlockDeletingService (SCMBlockDeletingService.java:call(138)) - Running DeletedBlockTransactionScanner
2019-09-02 06:29:50,359 [SCMBlockDeletingService#1] DEBUG block.SCMBlockDeletingService (SCMBlockDeletingService.java:call(155)) - Scanned deleted blocks log and got 0 delTX to process.
2019-09-02 06:29:50,460 [SCMBlockDeletingService#0] DEBUG block.SCMBlockDeletingService (SCMBlockDeletingService.java:call(138)) - Running DeletedBlockTransactionScanner
2019-09-02 06:29:50,460 [SCMBlockDeletingService#0] DEBUG block.SCMBlockDeletingService (SCMBlockDeletingService.java:call(155)) - Scanned deleted blocks log and got 0 delTX to process.
2019-09-02 06:29:50,514 [Thread-156] INFO  container.ReplicationManager (ReplicationManager.java:start(162)) - Starting Replication Monitor Thread.
2019-09-02 06:29:50,517 [ReplicationMonitor] INFO  container.ReplicationManager (ReplicationManager.java:run(225)) - Replication Monitor Thread took 1 milliseconds for processing 0 containers.
2019-09-02 06:29:50,561 [SCMBlockDeletingService#0] DEBUG block.SCMBlockDeletingService (SCMBlockDeletingService.java:call(138)) - Running DeletedBlockTransactionScanner
2019-09-02 06:29:50,561 [SCMBlockDeletingService#0] DEBUG block.SCMBlockDeletingService (SCMBlockDeletingService.java:call(155)) - Scanned deleted blocks log and got 0 delTX to process.
2019-09-02 06:29:50,662 [SCMBlockDeletingService#0] DEBUG block.SCMBlockDeletingService (SCMBlockDeletingService.java:call(138)) - Running DeletedBlockTransactionScanner
2019-09-02 06:29:50,662 [SCMBlockDeletingService#0] DEBUG block.SCMBlockDeletingService (SCMBlockDeletingService.java:call(155)) - Scanned deleted blocks log and got 0 delTX to process.
2019-09-02 06:29:50,764 [SCMBlockDeletingService#0] DEBUG block.SCMBlockDeletingService (SCMBlockDeletingService.java:call(138)) - Running DeletedBlockTransactionScanner
2019-09-02 06:29:50,774 [SCMBlockDeletingService#0] DEBUG block.SCMBlockDeletingService (SCMBlockDeletingService.java:call(155)) - Scanned deleted blocks log and got 0 delTX to process.
2019-09-02 06:29:50,874 [SCMBlockDeletingService#0] DEBUG block.SCMBlockDeletingService (SCMBlockDeletingService.java:call(138)) - Running DeletedBlockTransactionScanner
2019-09-02 06:29:50,874 [SCMBlockDeletingService#0] DEBUG block.SCMBlockDeletingService (SCMBlockDeletingService.java:call(155)) - Scanned deleted blocks log and got 0 delTX to process.
2019-09-02 06:29:50,975 [SCMBlockDeletingService#0] DEBUG block.SCMBlockDeletingService (SCMBlockDeletingService.java:call(138)) - Running DeletedBlockTransactionScanner
2019-09-02 06:29:50,975 [SCMBlockDeletingService#0] DEBUG block.SCMBlockDeletingService (SCMBlockDeletingService.java:call(155)) - Scanned deleted blocks log and got 0 delTX to process.
2019-09-02 06:29:51,076 [SCMBlockDeletingService#0] DEBUG block.SCMBlockDeletingService (SCMBlockDeletingService.java:call(138)) - Running DeletedBlockTransactionScanner
2019-09-02 06:29:51,077 [SCMBlockDeletingService#0] DEBUG block.SCMBlockDeletingService (SCMBlockDeletingService.java:call(155)) - Scanned deleted blocks log and got 0 delTX to process.
2019-09-02 06:29:51,095 [main] INFO  rpc.RpcClient (RpcClient.java:createVolume(293)) - Creating Volume: 4d014bc4-ea3a-495a-aa22-ea390b9136f4, with jenkins1000 as owner.
2019-09-02 06:29:51,136 [main] INFO  rpc.RpcClient (RpcClient.java:createBucket(432)) - Creating Bucket: 4d014bc4-ea3a-495a-aa22-ea390b9136f4/44e2cad4-cf5a-490c-be09-2529f8971861, with Versioning false and Storage Type set to DISK and Encryption set to false 
2019-09-02 06:29:51,177 [SCMBlockDeletingService#0] DEBUG block.SCMBlockDeletingService (SCMBlockDeletingService.java:call(138)) - Running DeletedBlockTransactionScanner
2019-09-02 06:29:51,178 [SCMBlockDeletingService#0] DEBUG block.SCMBlockDeletingService (SCMBlockDeletingService.java:call(155)) - Scanned deleted blocks log and got 0 delTX to process.
2019-09-02 06:29:51,278 [SCMBlockDeletingService#0] DEBUG block.SCMBlockDeletingService (SCMBlockDeletingService.java:call(138)) - Running DeletedBlockTransactionScanner
2019-09-02 06:29:51,278 [SCMBlockDeletingService#0] DEBUG block.SCMBlockDeletingService (SCMBlockDeletingService.java:call(155)) - Scanned deleted blocks log and got 0 delTX to process.
2019-09-02 06:29:51,379 [SCMBlockDeletingService#0] DEBUG block.SCMBlockDeletingService (SCMBlockDeletingService.java:call(138)) - Running DeletedBlockTransactionScanner
2019-09-02 06:29:51,379 [SCMBlockDeletingService#0] DEBUG block.SCMBlockDeletingService (SCMBlockDeletingService.java:call(155)) - Scanned deleted blocks log and got 0 delTX to process.
2019-09-02 06:29:51,480 [SCMBlockDeletingService#1] DEBUG block.SCMBlockDeletingService (SCMBlockDeletingService.java:call(138)) - Running DeletedBlockTransactionScanner
2019-09-02 06:29:51,480 [SCMBlockDeletingService#1] DEBUG block.SCMBlockDeletingService (SCMBlockDeletingService.java:call(155)) - Scanned deleted blocks log and got 0 delTX to process.
2019-09-02 06:29:51,581 [SCMBlockDeletingService#1] DEBUG block.SCMBlockDeletingService (SCMBlockDeletingService.java:call(138)) - Running DeletedBlockTransactionScanner
2019-09-02 06:29:51,581 [SCMBlockDeletingService#1] DEBUG block.SCMBlockDeletingService (SCMBlockDeletingService.java:call(155)) - Scanned deleted blocks log and got 0 delTX to process.
2019-09-02 06:29:51,588 [main] INFO  impl.MetricsSystemImpl (MetricsSystemImpl.java:init(158)) - XceiverClientMetrics metrics system started (again)
2019-09-02 06:29:52,066 [SCMBlockDeletingService#1] DEBUG block.SCMBlockDeletingService (SCMBlockDeletingService.java:call(138)) - Running DeletedBlockTransactionScanner
2019-09-02 06:29:52,068 [SCMBlockDeletingService#1] DEBUG block.SCMBlockDeletingService (SCMBlockDeletingService.java:call(155)) - Scanned deleted blocks log and got 0 delTX to process.
2019-09-02 06:29:52,124 [grpc-default-executor-0] INFO  client.GrpcClientProtocolClient (GrpcClientProtocolClient.java:onNext(255)) - client-0D308AD40832->3258574c-39ac-4ed5-9145-ea59a337c299: receive RaftClientReply:client-0D308AD40832->3258574c-39ac-4ed5-9145-ea59a337c299@group-6C7D867BDA6A, cid=1, FAILED org.apache.ratis.protocol.NotLeaderException: Server 3258574c-39ac-4ed5-9145-ea59a337c299 is not the leader (null). Request must be sent to leader., logIndex=0, commits[3258574c-39ac-4ed5-9145-ea59a337c299:c-1]
2019-09-02 06:29:52,168 [SCMBlockDeletingService#1] DEBUG block.SCMBlockDeletingService (SCMBlockDeletingService.java:call(138)) - Running DeletedBlockTransactionScanner
2019-09-02 06:29:52,169 [SCMBlockDeletingService#1] DEBUG block.SCMBlockDeletingService (SCMBlockDeletingService.java:call(155)) - Scanned deleted blocks log and got 0 delTX to process.
2019-09-02 06:29:52,269 [SCMBlockDeletingService#1] DEBUG block.SCMBlockDeletingService (SCMBlockDeletingService.java:call(138)) - Running DeletedBlockTransactionScanner
2019-09-02 06:29:52,270 [SCMBlockDeletingService#1] DEBUG block.SCMBlockDeletingService (SCMBlockDeletingService.java:call(155)) - Scanned deleted blocks log and got 0 delTX to process.
2019-09-02 06:29:52,370 [SCMBlockDeletingService#1] DEBUG block.SCMBlockDeletingService (SCMBlockDeletingService.java:call(138)) - Running DeletedBlockTransactionScanner
2019-09-02 06:29:52,370 [SCMBlockDeletingService#1] DEBUG block.SCMBlockDeletingService (SCMBlockDeletingService.java:call(155)) - Scanned deleted blocks log and got 0 delTX to process.
2019-09-02 06:29:52,471 [SCMBlockDeletingService#1] DEBUG block.SCMBlockDeletingService (SCMBlockDeletingService.java:call(138)) - Running DeletedBlockTransactionScanner
2019-09-02 06:29:52,471 [SCMBlockDeletingService#1] DEBUG block.SCMBlockDeletingService (SCMBlockDeletingService.java:call(155)) - Scanned deleted blocks log and got 0 delTX to process.
2019-09-02 06:29:52,572 [SCMBlockDeletingService#1] DEBUG block.SCMBlockDeletingService (SCMBlockDeletingService.java:call(138)) - Running DeletedBlockTransactionScanner
2019-09-02 06:29:52,572 [SCMBlockDeletingService#1] DEBUG block.SCMBlockDeletingService (SCMBlockDeletingService.java:call(155)) - Scanned deleted blocks log and got 0 delTX to process.
2019-09-02 06:29:52,672 [SCMBlockDeletingService#1] DEBUG block.SCMBlockDeletingService (SCMBlockDeletingService.java:call(138)) - Running DeletedBlockTransactionScanner
2019-09-02 06:29:52,673 [SCMBlockDeletingService#1] DEBUG block.SCMBlockDeletingService (SCMBlockDeletingService.java:call(155)) - Scanned deleted blocks log and got 0 delTX to process.
2019-09-02 06:29:52,773 [SCMBlockDeletingService#1] DEBUG block.SCMBlockDeletingService (SCMBlockDeletingService.java:call(138)) - Running DeletedBlockTransactionScanner
2019-09-02 06:29:52,774 [SCMBlockDeletingService#1] DEBUG block.SCMBlockDeletingService (SCMBlockDeletingService.java:call(155)) - Scanned deleted blocks log and got 0 delTX to process.
2019-09-02 06:29:52,874 [SCMBlockDeletingService#1] DEBUG block.SCMBlockDeletingService (SCMBlockDeletingService.java:call(138)) - Running DeletedBlockTransactionScanner
2019-09-02 06:29:52,875 [SCMBlockDeletingService#1] DEBUG block.SCMBlockDeletingService (SCMBlockDeletingService.java:call(155)) - Scanned deleted blocks log and got 0 delTX to process.
2019-09-02 06:29:52,975 [SCMBlockDeletingService#1] DEBUG block.SCMBlockDeletingService (SCMBlockDeletingService.java:call(138)) - Running DeletedBlockTransactionScanner
2019-09-02 06:29:52,976 [SCMBlockDeletingService#1] DEBUG block.SCMBlockDeletingService (SCMBlockDeletingService.java:call(155)) - Scanned deleted blocks log and got 0 delTX to process.
2019-09-02 06:29:53,076 [SCMBlockDeletingService#1] DEBUG block.SCMBlockDeletingService (SCMBlockDeletingService.java:call(138)) - Running DeletedBlockTransactionScanner
2019-09-02 06:29:53,076 [SCMBlockDeletingService#1] DEBUG block.SCMBlockDeletingService (SCMBlockDeletingService.java:call(155)) - Scanned deleted blocks log and got 0 delTX to process.
2019-09-02 06:29:53,177 [SCMBlockDeletingService#1] DEBUG block.SCMBlockDeletingService (SCMBlockDeletingService.java:call(138)) - Running DeletedBlockTransactionScanner
2019-09-02 06:29:53,177 [SCMBlockDeletingService#1] DEBUG block.SCMBlockDeletingService (SCMBlockDeletingService.java:call(155)) - Scanned deleted blocks log and got 0 delTX to process.
2019-09-02 06:29:53,278 [SCMBlockDeletingService#1] DEBUG block.SCMBlockDeletingService (SCMBlockDeletingService.java:call(138)) - Running DeletedBlockTransactionScanner
2019-09-02 06:29:53,278 [SCMBlockDeletingService#1] DEBUG block.SCMBlockDeletingService (SCMBlockDeletingService.java:call(155)) - Scanned deleted blocks log and got 0 delTX to process.
2019-09-02 06:29:53,352 [Thread-158] INFO  impl.FollowerState (FollowerState.java:run(106)) - 3258574c-39ac-4ed5-9145-ea59a337c299:group-6C7D867BDA6A changes to CANDIDATE, lastRpcTime:5157, electionTimeout:5157ms
2019-09-02 06:29:53,354 [Thread-158] INFO  impl.RoleInfo (RoleInfo.java:shutdownFollowerState(121)) - 3258574c-39ac-4ed5-9145-ea59a337c299: shutdown FollowerState
2019-09-02 06:29:53,355 [Thread-158] INFO  impl.RaftServerImpl (RaftServerImpl.java:setRole(171)) - 3258574c-39ac-4ed5-9145-ea59a337c299:group-6C7D867BDA6A changes role from FOLLOWER to CANDIDATE at term 0 for changeToCandidate
2019-09-02 06:29:53,360 [Thread-158] INFO  impl.RoleInfo (RoleInfo.java:updateAndGet(143)) - 3258574c-39ac-4ed5-9145-ea59a337c299: start LeaderElection
2019-09-02 06:29:53,376 [3258574c-39ac-4ed5-9145-ea59a337c299:group-6C7D867BDA6A:LeaderElection1] INFO  impl.LeaderElection (LeaderElection.java:askForVotes(181)) - 3258574c-39ac-4ed5-9145-ea59a337c299:group-6C7D867BDA6A:LeaderElection1: begin an election at term 1 for -1: [3258574c-39ac-4ed5-9145-ea59a337c299:192.168.36.97:35043], old=null
2019-09-02 06:29:53,378 [3258574c-39ac-4ed5-9145-ea59a337c299:group-6C7D867BDA6A:LeaderElection1] INFO  impl.RoleInfo (RoleInfo.java:shutdownLeaderElection(134)) - 3258574c-39ac-4ed5-9145-ea59a337c299: shutdown LeaderElection
2019-09-02 06:29:53,378 [SCMBlockDeletingService#1] DEBUG block.SCMBlockDeletingService (SCMBlockDeletingService.java:call(138)) - Running DeletedBlockTransactionScanner
2019-09-02 06:29:53,379 [SCMBlockDeletingService#1] DEBUG block.SCMBlockDeletingService (SCMBlockDeletingService.java:call(155)) - Scanned deleted blocks log and got 0 delTX to process.
2019-09-02 06:29:53,380 [3258574c-39ac-4ed5-9145-ea59a337c299:group-6C7D867BDA6A:LeaderElection1] INFO  impl.RaftServerImpl (RaftServerImpl.java:setRole(171)) - 3258574c-39ac-4ed5-9145-ea59a337c299:group-6C7D867BDA6A changes role from CANDIDATE to LEADER at term 1 for changeToLeader
2019-09-02 06:29:53,380 [3258574c-39ac-4ed5-9145-ea59a337c299:group-6C7D867BDA6A:LeaderElection1] INFO  impl.RaftServerImpl (ServerState.java:setLeader(263)) - 3258574c-39ac-4ed5-9145-ea59a337c299:group-6C7D867BDA6A change Leader from null to 3258574c-39ac-4ed5-9145-ea59a337c299 at term 1 for becomeLeader, leader elected after 5271ms
2019-09-02 06:29:53,388 [3258574c-39ac-4ed5-9145-ea59a337c299:group-6C7D867BDA6A:LeaderElection1] INFO  server.RaftServerConfigKeys (ConfUtils.java:logGet(43)) - raft.server.staging.catchup.gap = 1000 (default)
2019-09-02 06:29:53,388 [3258574c-39ac-4ed5-9145-ea59a337c299:group-6C7D867BDA6A:LeaderElection1] INFO  server.RaftServerConfigKeys (ConfUtils.java:logGet(43)) - raft.server.rpc.sleep.time = 25ms (default)
2019-09-02 06:29:53,392 [3258574c-39ac-4ed5-9145-ea59a337c299:group-6C7D867BDA6A:LeaderElection1] INFO  server.RaftServerConfigKeys (ConfUtils.java:logGet(43)) - raft.server.write.element-limit = 4096 (default)
2019-09-02 06:29:53,395 [3258574c-39ac-4ed5-9145-ea59a337c299:group-6C7D867BDA6A:LeaderElection1] INFO  server.RaftServerConfigKeys (ConfUtils.java:logGet(43)) - raft.server.watch.timeout = 10s (default)
2019-09-02 06:29:53,396 [3258574c-39ac-4ed5-9145-ea59a337c299:group-6C7D867BDA6A:LeaderElection1] INFO  server.RaftServerConfigKeys (ConfUtils.java:logGet(43)) - raft.server.watch.timeout.denomination = 1s (default)
2019-09-02 06:29:53,397 [3258574c-39ac-4ed5-9145-ea59a337c299:group-6C7D867BDA6A:LeaderElection1] INFO  server.RaftServerConfigKeys (ConfUtils.java:logGet(43)) - raft.server.watch.element-limit = 65536 (default)
2019-09-02 06:29:53,408 [3258574c-39ac-4ed5-9145-ea59a337c299:group-6C7D867BDA6A:LeaderElection1] INFO  impl.RoleInfo (RoleInfo.java:updateAndGet(143)) - 3258574c-39ac-4ed5-9145-ea59a337c299: start LeaderState
2019-09-02 06:29:53,430 [3258574c-39ac-4ed5-9145-ea59a337c299:group-6C7D867BDA6A:LeaderElection1] INFO  segmented.SegmentedRaftLogWorker (SegmentedRaftLogWorker.java:startLogSegment(380)) - 3258574c-39ac-4ed5-9145-ea59a337c299-SegmentedRaftLogWorker:Storage Directory /workdir/hadoop-ozone/integration-test/target/test-dir/MiniOzoneClusterImpl-6a7e25ec-1fb2-41bc-9349-4a036b68fad4/datanode-0/data/ratis/64ed058b-0019-49be-a698-6c7d867bda6a: Starting segment from index:0
2019-09-02 06:29:53,440 [3258574c-39ac-4ed5-9145-ea59a337c299:group-6C7D867BDA6A:LeaderElection1] INFO  impl.RaftServerImpl (ServerState.java:setRaftConf(361)) - 3258574c-39ac-4ed5-9145-ea59a337c299:group-6C7D867BDA6A set configuration 0: [3258574c-39ac-4ed5-9145-ea59a337c299:192.168.36.97:35043], old=null at 0
2019-09-02 06:29:53,479 [SCMBlockDeletingService#1] DEBUG block.SCMBlockDeletingService (SCMBlockDeletingService.java:call(138)) - Running DeletedBlockTransactionScanner
2019-09-02 06:29:53,480 [SCMBlockDeletingService#1] DEBUG block.SCMBlockDeletingService (SCMBlockDeletingService.java:call(155)) - Scanned deleted blocks log and got 0 delTX to process.
2019-09-02 06:29:53,580 [SCMBlockDeletingService#1] DEBUG block.SCMBlockDeletingService (SCMBlockDeletingService.java:call(138)) - Running DeletedBlockTransactionScanner
2019-09-02 06:29:53,580 [SCMBlockDeletingService#1] DEBUG block.SCMBlockDeletingService (SCMBlockDeletingService.java:call(155)) - Scanned deleted blocks log and got 0 delTX to process.
2019-09-02 06:29:53,623 [3258574c-39ac-4ed5-9145-ea59a337c299-SegmentedRaftLogWorker:Storage Directory /workdir/hadoop-ozone/integration-test/target/test-dir/MiniOzoneClusterImpl-6a7e25ec-1fb2-41bc-9349-4a036b68fad4/datanode-0/data/ratis/64ed058b-0019-49be-a698-6c7d867bda6a] INFO  segmented.SegmentedRaftLogWorker (SegmentedRaftLogWorker.java:execute(569)) - 3258574c-39ac-4ed5-9145-ea59a337c299-SegmentedRaftLogWorker:Storage Directory /workdir/hadoop-ozone/integration-test/target/test-dir/MiniOzoneClusterImpl-6a7e25ec-1fb2-41bc-9349-4a036b68fad4/datanode-0/data/ratis/64ed058b-0019-49be-a698-6c7d867bda6a: created new log segment /workdir/hadoop-ozone/integration-test/target/test-dir/MiniOzoneClusterImpl-6a7e25ec-1fb2-41bc-9349-4a036b68fad4/datanode-0/data/ratis/64ed058b-0019-49be-a698-6c7d867bda6a/current/log_inprogress_0
2019-09-02 06:29:53,681 [SCMBlockDeletingService#1] DEBUG block.SCMBlockDeletingService (SCMBlockDeletingService.java:call(138)) - Running DeletedBlockTransactionScanner
2019-09-02 06:29:53,681 [SCMBlockDeletingService#1] DEBUG block.SCMBlockDeletingService (SCMBlockDeletingService.java:call(155)) - Scanned deleted blocks log and got 0 delTX to process.
2019-09-02 06:29:53,782 [SCMBlockDeletingService#1] DEBUG block.SCMBlockDeletingService (SCMBlockDeletingService.java:call(138)) - Running DeletedBlockTransactionScanner
2019-09-02 06:29:53,782 [SCMBlockDeletingService#1] DEBUG block.SCMBlockDeletingService (SCMBlockDeletingService.java:call(155)) - Scanned deleted blocks log and got 0 delTX to process.
2019-09-02 06:29:53,883 [SCMBlockDeletingService#1] DEBUG block.SCMBlockDeletingService (SCMBlockDeletingService.java:call(138)) - Running DeletedBlockTransactionScanner
2019-09-02 06:29:53,883 [SCMBlockDeletingService#1] DEBUG block.SCMBlockDeletingService (SCMBlockDeletingService.java:call(155)) - Scanned deleted blocks log and got 0 delTX to process.
2019-09-02 06:29:53,984 [SCMBlockDeletingService#1] DEBUG block.SCMBlockDeletingService (SCMBlockDeletingService.java:call(138)) - Running DeletedBlockTransactionScanner
2019-09-02 06:29:53,984 [SCMBlockDeletingService#1] DEBUG block.SCMBlockDeletingService (SCMBlockDeletingService.java:call(155)) - Scanned deleted blocks log and got 0 delTX to process.
2019-09-02 06:29:54,084 [SCMBlockDeletingService#0] DEBUG block.SCMBlockDeletingService (SCMBlockDeletingService.java:call(138)) - Running DeletedBlockTransactionScanner
2019-09-02 06:29:54,085 [SCMBlockDeletingService#0] DEBUG block.SCMBlockDeletingService (SCMBlockDeletingService.java:call(155)) - Scanned deleted blocks log and got 0 delTX to process.
2019-09-02 06:29:54,186 [SCMBlockDeletingService#0] DEBUG block.SCMBlockDeletingService (SCMBlockDeletingService.java:call(138)) - Running DeletedBlockTransactionScanner
2019-09-02 06:29:54,186 [SCMBlockDeletingService#0] DEBUG block.SCMBlockDeletingService (SCMBlockDeletingService.java:call(155)) - Scanned deleted blocks log and got 0 delTX to process.
2019-09-02 06:29:54,287 [SCMBlockDeletingService#0] DEBUG block.SCMBlockDeletingService (SCMBlockDeletingService.java:call(138)) - Running DeletedBlockTransactionScanner
2019-09-02 06:29:54,287 [SCMBlockDeletingService#0] DEBUG block.SCMBlockDeletingService (SCMBlockDeletingService.java:call(155)) - Scanned deleted blocks log and got 0 delTX to process.
2019-09-02 06:29:54,371 [grpc-default-executor-1] INFO  client.GrpcClientProtocolClient (GrpcClientProtocolClient.java:onNext(255)) - client-0D308AD40832->3258574c-39ac-4ed5-9145-ea59a337c299: receive RaftClientReply:client-0D308AD40832->3258574c-39ac-4ed5-9145-ea59a337c299@group-6C7D867BDA6A, cid=1, SUCCESS, logIndex=1, commits[3258574c-39ac-4ed5-9145-ea59a337c299:c1]
2019-09-02 06:29:54,387 [SCMBlockDeletingService#0] DEBUG block.SCMBlockDeletingService (SCMBlockDeletingService.java:call(138)) - Running DeletedBlockTransactionScanner
2019-09-02 06:29:54,388 [SCMBlockDeletingService#0] DEBUG block.SCMBlockDeletingService (SCMBlockDeletingService.java:call(155)) - Scanned deleted blocks log and got 0 delTX to process.
2019-09-02 06:29:54,463 [grpc-default-executor-0] INFO  client.GrpcClientProtocolClient (GrpcClientProtocolClient.java:onNext(255)) - client-0D308AD40832->3258574c-39ac-4ed5-9145-ea59a337c299: receive RaftClientReply:client-0D308AD40832->3258574c-39ac-4ed5-9145-ea59a337c299@group-6C7D867BDA6A, cid=2, SUCCESS, logIndex=3, commits[3258574c-39ac-4ed5-9145-ea59a337c299:c7]
2019-09-02 06:29:54,467 [grpc-default-executor-0] INFO  client.GrpcClientProtocolClient (GrpcClientProtocolClient.java:onNext(255)) - client-0D308AD40832->3258574c-39ac-4ed5-9145-ea59a337c299: receive RaftClientReply:client-0D308AD40832->3258574c-39ac-4ed5-9145-ea59a337c299@group-6C7D867BDA6A, cid=3, SUCCESS, logIndex=5, commits[3258574c-39ac-4ed5-9145-ea59a337c299:c7]
2019-09-02 06:29:54,468 [grpc-default-executor-0] INFO  client.GrpcClientProtocolClient (GrpcClientProtocolClient.java:onNext(255)) - client-0D308AD40832->3258574c-39ac-4ed5-9145-ea59a337c299: receive RaftClientReply:client-0D308AD40832->3258574c-39ac-4ed5-9145-ea59a337c299@group-6C7D867BDA6A, cid=4, SUCCESS, logIndex=6, commits[3258574c-39ac-4ed5-9145-ea59a337c299:c7]
2019-09-02 06:29:54,488 [SCMBlockDeletingService#0] DEBUG block.SCMBlockDeletingService (SCMBlockDeletingService.java:call(138)) - Running DeletedBlockTransactionScanner
2019-09-02 06:29:54,489 [SCMBlockDeletingService#0] DEBUG block.SCMBlockDeletingService (SCMBlockDeletingService.java:call(155)) - Scanned deleted blocks log and got 0 delTX to process.
2019-09-02 06:29:54,523 [grpc-default-executor-1] INFO  client.GrpcClientProtocolClient (GrpcClientProtocolClient.java:onNext(255)) - client-0D308AD40832->3258574c-39ac-4ed5-9145-ea59a337c299: receive RaftClientReply:client-0D308AD40832->3258574c-39ac-4ed5-9145-ea59a337c299@group-6C7D867BDA6A, cid=5, SUCCESS, logIndex=8, commits[3258574c-39ac-4ed5-9145-ea59a337c299:c9]
2019-09-02 06:29:54,524 [grpc-default-executor-1] INFO  client.GrpcClientProtocolClient (GrpcClientProtocolClient.java:onNext(255)) - client-0D308AD40832->3258574c-39ac-4ed5-9145-ea59a337c299: receive RaftClientReply:client-0D308AD40832->3258574c-39ac-4ed5-9145-ea59a337c299@group-6C7D867BDA6A, cid=6, SUCCESS, logIndex=9, commits[3258574c-39ac-4ed5-9145-ea59a337c299:c9]
2019-09-02 06:29:54,531 [grpc-default-executor-1] INFO  client.GrpcClientProtocolClient (GrpcClientProtocolClient.java:onNext(255)) - client-0D308AD40832->3258574c-39ac-4ed5-9145-ea59a337c299: receive RaftClientReply:client-0D308AD40832->3258574c-39ac-4ed5-9145-ea59a337c299@group-6C7D867BDA6A, cid=7, SUCCESS, logIndex=10, commits[3258574c-39ac-4ed5-9145-ea59a337c299:c12]
2019-09-02 06:29:54,534 [grpc-default-executor-1] INFO  client.GrpcClientProtocolClient (GrpcClientProtocolClient.java:onNext(255)) - client-0D308AD40832->3258574c-39ac-4ed5-9145-ea59a337c299: receive RaftClientReply:client-0D308AD40832->3258574c-39ac-4ed5-9145-ea59a337c299@group-6C7D867BDA6A, cid=8, SUCCESS, logIndex=11, commits[3258574c-39ac-4ed5-9145-ea59a337c299:c12]
2019-09-02 06:29:54,589 [SCMBlockDeletingService#0] DEBUG block.SCMBlockDeletingService (SCMBlockDeletingService.java:call(138)) - Running DeletedBlockTransactionScanner
2019-09-02 06:29:54,590 [SCMBlockDeletingService#0] DEBUG block.SCMBlockDeletingService (SCMBlockDeletingService.java:call(155)) - Scanned deleted blocks log and got 0 delTX to process.
2019-09-02 06:29:54,673 [grpc-default-executor-1] INFO  client.GrpcClientProtocolClient (GrpcClientProtocolClient.java:onNext(255)) - client-0D308AD40832->3258574c-39ac-4ed5-9145-ea59a337c299: receive RaftClientReply:client-0D308AD40832->3258574c-39ac-4ed5-9145-ea59a337c299@group-6C7D867BDA6A, cid=9, SUCCESS, logIndex=13, commits[3258574c-39ac-4ed5-9145-ea59a337c299:c16]
2019-09-02 06:29:54,690 [SCMBlockDeletingService#0] DEBUG block.SCMBlockDeletingService (SCMBlockDeletingService.java:call(138)) - Running DeletedBlockTransactionScanner
2019-09-02 06:29:54,690 [SCMBlockDeletingService#0] DEBUG block.SCMBlockDeletingService (SCMBlockDeletingService.java:call(155)) - Scanned deleted blocks log and got 0 delTX to process.
2019-09-02 06:29:54,719 [grpc-default-executor-1] INFO  client.GrpcClientProtocolClient (GrpcClientProtocolClient.java:onNext(255)) - client-0D308AD40832->3258574c-39ac-4ed5-9145-ea59a337c299: receive RaftClientReply:client-0D308AD40832->3258574c-39ac-4ed5-9145-ea59a337c299@group-6C7D867BDA6A, cid=10, SUCCESS, logIndex=14, commits[3258574c-39ac-4ed5-9145-ea59a337c299:c17]
2019-09-02 06:29:54,722 [grpc-default-executor-1] INFO  client.GrpcClientProtocolClient (GrpcClientProtocolClient.java:onNext(255)) - client-0D308AD40832->3258574c-39ac-4ed5-9145-ea59a337c299: receive RaftClientReply:client-0D308AD40832->3258574c-39ac-4ed5-9145-ea59a337c299@group-6C7D867BDA6A, cid=11, SUCCESS, logIndex=15, commits[3258574c-39ac-4ed5-9145-ea59a337c299:c17]
2019-09-02 06:29:54,723 [grpc-default-executor-1] INFO  client.GrpcClientProtocolClient (GrpcClientProtocolClient.java:onNext(255)) - client-0D308AD40832->3258574c-39ac-4ed5-9145-ea59a337c299: receive RaftClientReply:client-0D308AD40832->3258574c-39ac-4ed5-9145-ea59a337c299@group-6C7D867BDA6A, cid=12, SUCCESS, logIndex=16, commits[3258574c-39ac-4ed5-9145-ea59a337c299:c17]
2019-09-02 06:29:54,765 [grpc-default-executor-1] INFO  client.GrpcClientProtocolClient (GrpcClientProtocolClient.java:onNext(255)) - client-0D308AD40832->3258574c-39ac-4ed5-9145-ea59a337c299: receive RaftClientReply:client-0D308AD40832->3258574c-39ac-4ed5-9145-ea59a337c299@group-6C7D867BDA6A, cid=13, SUCCESS, logIndex=18, commits[3258574c-39ac-4ed5-9145-ea59a337c299:c19]
2019-09-02 06:29:54,768 [grpc-default-executor-1] INFO  client.GrpcClientProtocolClient (GrpcClientProtocolClient.java:onNext(255)) - client-0D308AD40832->3258574c-39ac-4ed5-9145-ea59a337c299: receive RaftClientReply:client-0D308AD40832->3258574c-39ac-4ed5-9145-ea59a337c299@group-6C7D867BDA6A, cid=14, SUCCESS, logIndex=19, commits[3258574c-39ac-4ed5-9145-ea59a337c299:c19]
2019-09-02 06:29:54,785 [grpc-default-executor-1] INFO  client.GrpcClientProtocolClient (GrpcClientProtocolClient.java:onNext(255)) - client-0D308AD40832->3258574c-39ac-4ed5-9145-ea59a337c299: receive RaftClientReply:client-0D308AD40832->3258574c-39ac-4ed5-9145-ea59a337c299@group-6C7D867BDA6A, cid=15, SUCCESS, logIndex=21, commits[3258574c-39ac-4ed5-9145-ea59a337c299:c22]
2019-09-02 06:29:54,788 [grpc-default-executor-1] INFO  client.GrpcClientProtocolClient (GrpcClientProtocolClient.java:onNext(255)) - client-0D308AD40832->3258574c-39ac-4ed5-9145-ea59a337c299: receive RaftClientReply:client-0D308AD40832->3258574c-39ac-4ed5-9145-ea59a337c299@group-6C7D867BDA6A, cid=16, SUCCESS, logIndex=22, commits[3258574c-39ac-4ed5-9145-ea59a337c299:c22]
2019-09-02 06:29:54,791 [SCMBlockDeletingService#0] DEBUG block.SCMBlockDeletingService (SCMBlockDeletingService.java:call(138)) - Running DeletedBlockTransactionScanner
2019-09-02 06:29:54,791 [SCMBlockDeletingService#0] DEBUG block.SCMBlockDeletingService (SCMBlockDeletingService.java:call(155)) - Scanned deleted blocks log and got 0 delTX to process.
2019-09-02 06:29:54,892 [SCMBlockDeletingService#0] DEBUG block.SCMBlockDeletingService (SCMBlockDeletingService.java:call(138)) - Running DeletedBlockTransactionScanner
2019-09-02 06:29:54,892 [SCMBlockDeletingService#0] DEBUG block.SCMBlockDeletingService (SCMBlockDeletingService.java:call(155)) - Scanned deleted blocks log and got 0 delTX to process.
2019-09-02 06:29:54,927 [grpc-default-executor-1] INFO  client.GrpcClientProtocolClient (GrpcClientProtocolClient.java:onNext(255)) - client-0D308AD40832->3258574c-39ac-4ed5-9145-ea59a337c299: receive RaftClientReply:client-0D308AD40832->3258574c-39ac-4ed5-9145-ea59a337c299@group-6C7D867BDA6A, cid=17, SUCCESS, logIndex=24, commits[3258574c-39ac-4ed5-9145-ea59a337c299:c28]
2019-09-02 06:29:54,958 [grpc-default-executor-1] INFO  client.GrpcClientProtocolClient (GrpcClientProtocolClient.java:onNext(255)) - client-0D308AD40832->3258574c-39ac-4ed5-9145-ea59a337c299: receive RaftClientReply:client-0D308AD40832->3258574c-39ac-4ed5-9145-ea59a337c299@group-6C7D867BDA6A, cid=18, SUCCESS, logIndex=25, commits[3258574c-39ac-4ed5-9145-ea59a337c299:c28]
2019-09-02 06:29:54,959 [grpc-default-executor-1] INFO  client.GrpcClientProtocolClient (GrpcClientProtocolClient.java:onNext(255)) - client-0D308AD40832->3258574c-39ac-4ed5-9145-ea59a337c299: receive RaftClientReply:client-0D308AD40832->3258574c-39ac-4ed5-9145-ea59a337c299@group-6C7D867BDA6A, cid=19, SUCCESS, logIndex=26, commits[3258574c-39ac-4ed5-9145-ea59a337c299:c28]
2019-09-02 06:29:54,960 [grpc-default-executor-1] INFO  client.GrpcClientProtocolClient (GrpcClientProtocolClient.java:onNext(255)) - client-0D308AD40832->3258574c-39ac-4ed5-9145-ea59a337c299: receive RaftClientReply:client-0D308AD40832->3258574c-39ac-4ed5-9145-ea59a337c299@group-6C7D867BDA6A, cid=20, SUCCESS, logIndex=27, commits[3258574c-39ac-4ed5-9145-ea59a337c299:c28]
2019-09-02 06:29:54,993 [SCMBlockDeletingService#0] DEBUG block.SCMBlockDeletingService (SCMBlockDeletingService.java:call(138)) - Running DeletedBlockTransactionScanner
2019-09-02 06:29:54,997 [SCMBlockDeletingService#0] DEBUG block.SCMBlockDeletingService (SCMBlockDeletingService.java:call(155)) - Scanned deleted blocks log and got 0 delTX to process.
2019-09-02 06:29:55,000 [grpc-default-executor-1] INFO  client.GrpcClientProtocolClient (GrpcClientProtocolClient.java:onNext(255)) - client-0D308AD40832->3258574c-39ac-4ed5-9145-ea59a337c299: receive RaftClientReply:client-0D308AD40832->3258574c-39ac-4ed5-9145-ea59a337c299@group-6C7D867BDA6A, cid=21, SUCCESS, logIndex=29, commits[3258574c-39ac-4ed5-9145-ea59a337c299:c30]
2019-09-02 06:29:55,001 [grpc-default-executor-1] INFO  client.GrpcClientProtocolClient (GrpcClientProtocolClient.java:onNext(255)) - client-0D308AD40832->3258574c-39ac-4ed5-9145-ea59a337c299: receive RaftClientReply:client-0D308AD40832->3258574c-39ac-4ed5-9145-ea59a337c299@group-6C7D867BDA6A, cid=22, SUCCESS, logIndex=30, commits[3258574c-39ac-4ed5-9145-ea59a337c299:c30]
2019-09-02 06:29:55,024 [grpc-default-executor-1] INFO  client.GrpcClientProtocolClient (GrpcClientProtocolClient.java:onNext(255)) - client-0D308AD40832->3258574c-39ac-4ed5-9145-ea59a337c299: receive RaftClientReply:client-0D308AD40832->3258574c-39ac-4ed5-9145-ea59a337c299@group-6C7D867BDA6A, cid=23, SUCCESS, logIndex=32, commits[3258574c-39ac-4ed5-9145-ea59a337c299:c33]
2019-09-02 06:29:55,025 [grpc-default-executor-1] INFO  client.GrpcClientProtocolClient (GrpcClientProtocolClient.java:onNext(255)) - client-0D308AD40832->3258574c-39ac-4ed5-9145-ea59a337c299: receive RaftClientReply:client-0D308AD40832->3258574c-39ac-4ed5-9145-ea59a337c299@group-6C7D867BDA6A, cid=24, SUCCESS, logIndex=33, commits[3258574c-39ac-4ed5-9145-ea59a337c299:c33]
2019-09-02 06:29:55,063 [grpc-default-executor-1] INFO  client.GrpcClientProtocolClient (GrpcClientProtocolClient.java:onNext(255)) - client-0D308AD40832->3258574c-39ac-4ed5-9145-ea59a337c299: receive RaftClientReply:client-0D308AD40832->3258574c-39ac-4ed5-9145-ea59a337c299@group-6C7D867BDA6A, cid=25, SUCCESS, logIndex=35, commits[3258574c-39ac-4ed5-9145-ea59a337c299:c36]
2019-09-02 06:29:55,064 [grpc-default-executor-1] INFO  client.GrpcClientProtocolClient (GrpcClientProtocolClient.java:onNext(255)) - client-0D308AD40832->3258574c-39ac-4ed5-9145-ea59a337c299: receive RaftClientReply:client-0D308AD40832->3258574c-39ac-4ed5-9145-ea59a337c299@group-6C7D867BDA6A, cid=26, SUCCESS, logIndex=36, commits[3258574c-39ac-4ed5-9145-ea59a337c299:c36]
2019-09-02 06:29:55,075 [grpc-default-executor-1] INFO  client.GrpcClientProtocolClient (GrpcClientProtocolClient.java:onNext(255)) - client-0D308AD40832->3258574c-39ac-4ed5-9145-ea59a337c299: receive RaftClientReply:client-0D308AD40832->3258574c-39ac-4ed5-9145-ea59a337c299@group-6C7D867BDA6A, cid=27, SUCCESS, logIndex=37, commits[3258574c-39ac-4ed5-9145-ea59a337c299:c39]
2019-09-02 06:29:55,076 [grpc-default-executor-1] INFO  client.GrpcClientProtocolClient (GrpcClientProtocolClient.java:onNext(255)) - client-0D308AD40832->3258574c-39ac-4ed5-9145-ea59a337c299: receive RaftClientReply:client-0D308AD40832->3258574c-39ac-4ed5-9145-ea59a337c299@group-6C7D867BDA6A, cid=28, SUCCESS, logIndex=38, commits[3258574c-39ac-4ed5-9145-ea59a337c299:c40]
2019-09-02 06:29:55,102 [SCMBlockDeletingService#0] DEBUG block.SCMBlockDeletingService (SCMBlockDeletingService.java:call(138)) - Running DeletedBlockTransactionScanner
2019-09-02 06:29:55,102 [SCMBlockDeletingService#0] DEBUG block.SCMBlockDeletingService (SCMBlockDeletingService.java:call(155)) - Scanned deleted blocks log and got 0 delTX to process.
2019-09-02 06:29:55,125 [grpc-default-executor-0] INFO  client.GrpcClientProtocolClient (GrpcClientProtocolClient.java:onNext(255)) - client-0D308AD40832->3258574c-39ac-4ed5-9145-ea59a337c299: receive RaftClientReply:client-0D308AD40832->3258574c-39ac-4ed5-9145-ea59a337c299@group-6C7D867BDA6A, cid=29, SUCCESS, logIndex=41, commits[3258574c-39ac-4ed5-9145-ea59a337c299:c42]
2019-09-02 06:29:55,126 [grpc-default-executor-0] INFO  client.GrpcClientProtocolClient (GrpcClientProtocolClient.java:onNext(255)) - client-0D308AD40832->3258574c-39ac-4ed5-9145-ea59a337c299: receive RaftClientReply:client-0D308AD40832->3258574c-39ac-4ed5-9145-ea59a337c299@group-6C7D867BDA6A, cid=30, SUCCESS, logIndex=42, commits[3258574c-39ac-4ed5-9145-ea59a337c299:c42]
2019-09-02 06:29:55,135 [grpc-default-executor-0] INFO  client.GrpcClientProtocolClient (GrpcClientProtocolClient.java:onNext(255)) - client-0D308AD40832->3258574c-39ac-4ed5-9145-ea59a337c299: receive RaftClientReply:client-0D308AD40832->3258574c-39ac-4ed5-9145-ea59a337c299@group-6C7D867BDA6A, cid=31, SUCCESS, logIndex=43, commits[3258574c-39ac-4ed5-9145-ea59a337c299:c45]
2019-09-02 06:29:55,136 [grpc-default-executor-0] INFO  client.GrpcClientProtocolClient (GrpcClientProtocolClient.java:onNext(255)) - client-0D308AD40832->3258574c-39ac-4ed5-9145-ea59a337c299: receive RaftClientReply:client-0D308AD40832->3258574c-39ac-4ed5-9145-ea59a337c299@group-6C7D867BDA6A, cid=32, SUCCESS, logIndex=44, commits[3258574c-39ac-4ed5-9145-ea59a337c299:c46]
2019-09-02 06:29:55,170 [grpc-default-executor-0] INFO  client.GrpcClientProtocolClient (GrpcClientProtocolClient.java:onNext(255)) - client-0D308AD40832->3258574c-39ac-4ed5-9145-ea59a337c299: receive RaftClientReply:client-0D308AD40832->3258574c-39ac-4ed5-9145-ea59a337c299@group-6C7D867BDA6A, cid=33, SUCCESS, logIndex=47, commits[3258574c-39ac-4ed5-9145-ea59a337c299:c50]
2019-09-02 06:29:55,173 [grpc-default-executor-0] INFO  client.GrpcClientProtocolClient (GrpcClientProtocolClient.java:onNext(255)) - client-0D308AD40832->3258574c-39ac-4ed5-9145-ea59a337c299: receive RaftClientReply:client-0D308AD40832->3258574c-39ac-4ed5-9145-ea59a337c299@group-6C7D867BDA6A, cid=34, SUCCESS, logIndex=48, commits[3258574c-39ac-4ed5-9145-ea59a337c299:c52]
2019-09-02 06:29:55,174 [grpc-default-executor-0] INFO  client.GrpcClientProtocolClient (GrpcClientProtocolClient.java:onNext(255)) - client-0D308AD40832->3258574c-39ac-4ed5-9145-ea59a337c299: receive RaftClientReply:client-0D308AD40832->3258574c-39ac-4ed5-9145-ea59a337c299@group-6C7D867BDA6A, cid=35, SUCCESS, logIndex=49, commits[3258574c-39ac-4ed5-9145-ea59a337c299:c52]
2019-09-02 06:29:55,175 [grpc-default-executor-0] INFO  client.GrpcClientProtocolClient (GrpcClientProtocolClient.java:onNext(255)) - client-0D308AD40832->3258574c-39ac-4ed5-9145-ea59a337c299: receive RaftClientReply:client-0D308AD40832->3258574c-39ac-4ed5-9145-ea59a337c299@group-6C7D867BDA6A, cid=36, SUCCESS, logIndex=50, commits[3258574c-39ac-4ed5-9145-ea59a337c299:c52]
2019-09-02 06:29:55,203 [SCMBlockDeletingService#0] DEBUG block.SCMBlockDeletingService (SCMBlockDeletingService.java:call(138)) - Running DeletedBlockTransactionScanner
2019-09-02 06:29:55,203 [SCMBlockDeletingService#0] DEBUG block.SCMBlockDeletingService (SCMBlockDeletingService.java:call(155)) - Scanned deleted blocks log and got 0 delTX to process.
2019-09-02 06:29:55,208 [grpc-default-executor-1] INFO  client.GrpcClientProtocolClient (GrpcClientProtocolClient.java:onNext(255)) - client-0D308AD40832->3258574c-39ac-4ed5-9145-ea59a337c299: receive RaftClientReply:client-0D308AD40832->3258574c-39ac-4ed5-9145-ea59a337c299@group-6C7D867BDA6A, cid=37, SUCCESS, logIndex=53, commits[3258574c-39ac-4ed5-9145-ea59a337c299:c54]
2019-09-02 06:29:55,209 [grpc-default-executor-1] INFO  client.GrpcClientProtocolClient (GrpcClientProtocolClient.java:onNext(255)) - client-0D308AD40832->3258574c-39ac-4ed5-9145-ea59a337c299: receive RaftClientReply:client-0D308AD40832->3258574c-39ac-4ed5-9145-ea59a337c299@group-6C7D867BDA6A, cid=38, SUCCESS, logIndex=54, commits[3258574c-39ac-4ed5-9145-ea59a337c299:c54]
2019-09-02 06:29:55,218 [grpc-default-executor-1] INFO  client.GrpcClientProtocolClient (GrpcClientProtocolClient.java:onNext(255)) - client-0D308AD40832->3258574c-39ac-4ed5-9145-ea59a337c299: receive RaftClientReply:client-0D308AD40832->3258574c-39ac-4ed5-9145-ea59a337c299@group-6C7D867BDA6A, cid=39, SUCCESS, logIndex=55, commits[3258574c-39ac-4ed5-9145-ea59a337c299:c57]
2019-09-02 06:29:55,219 [grpc-default-executor-1] INFO  client.GrpcClientProtocolClient (GrpcClientProtocolClient.java:onNext(255)) - client-0D308AD40832->3258574c-39ac-4ed5-9145-ea59a337c299: receive RaftClientReply:client-0D308AD40832->3258574c-39ac-4ed5-9145-ea59a337c299@group-6C7D867BDA6A, cid=40, SUCCESS, logIndex=56, commits[3258574c-39ac-4ed5-9145-ea59a337c299:c58]
2019-09-02 06:29:55,253 [grpc-default-executor-1] INFO  client.GrpcClientProtocolClient (GrpcClientProtocolClient.java:onNext(255)) - client-0D308AD40832->3258574c-39ac-4ed5-9145-ea59a337c299: receive RaftClientReply:client-0D308AD40832->3258574c-39ac-4ed5-9145-ea59a337c299@group-6C7D867BDA6A, cid=41, SUCCESS, logIndex=59, commits[3258574c-39ac-4ed5-9145-ea59a337c299:c62]
2019-09-02 06:29:55,255 [grpc-default-executor-1] INFO  client.GrpcClientProtocolClient (GrpcClientProtocolClient.java:onNext(255)) - client-0D308AD40832->3258574c-39ac-4ed5-9145-ea59a337c299: receive RaftClientReply:client-0D308AD40832->3258574c-39ac-4ed5-9145-ea59a337c299@group-6C7D867BDA6A, cid=42, SUCCESS, logIndex=60, commits[3258574c-39ac-4ed5-9145-ea59a337c299:c64]
2019-09-02 06:29:55,256 [grpc-default-executor-1] INFO  client.GrpcClientProtocolClient (GrpcClientProtocolClient.java:onNext(255)) - client-0D308AD40832->3258574c-39ac-4ed5-9145-ea59a337c299: receive RaftClientReply:client-0D308AD40832->3258574c-39ac-4ed5-9145-ea59a337c299@group-6C7D867BDA6A, cid=43, SUCCESS, logIndex=61, commits[3258574c-39ac-4ed5-9145-ea59a337c299:c64]
2019-09-02 06:29:55,256 [grpc-default-executor-1] INFO  client.GrpcClientProtocolClient (GrpcClientProtocolClient.java:onNext(255)) - client-0D308AD40832->3258574c-39ac-4ed5-9145-ea59a337c299: receive RaftClientReply:client-0D308AD40832->3258574c-39ac-4ed5-9145-ea59a337c299@group-6C7D867BDA6A, cid=44, SUCCESS, logIndex=62, commits[3258574c-39ac-4ed5-9145-ea59a337c299:c64]
2019-09-02 06:29:55,304 [SCMBlockDeletingService#1] DEBUG block.SCMBlockDeletingService (SCMBlockDeletingService.java:call(138)) - Running DeletedBlockTransactionScanner
2019-09-02 06:29:55,304 [SCMBlockDeletingService#1] DEBUG block.SCMBlockDeletingService (SCMBlockDeletingService.java:call(155)) - Scanned deleted blocks log and got 0 delTX to process.
2019-09-02 06:29:55,404 [SCMBlockDeletingService#1] DEBUG block.SCMBlockDeletingService (SCMBlockDeletingService.java:call(138)) - Running DeletedBlockTransactionScanner
2019-09-02 06:29:55,405 [SCMBlockDeletingService#1] DEBUG block.SCMBlockDeletingService (SCMBlockDeletingService.java:call(155)) - Scanned deleted blocks log and got 0 delTX to process.
2019-09-02 06:29:55,416 [grpc-default-executor-1] INFO  client.GrpcClientProtocolClient (GrpcClientProtocolClient.java:onNext(255)) - client-0D308AD40832->3258574c-39ac-4ed5-9145-ea59a337c299: receive RaftClientReply:client-0D308AD40832->3258574c-39ac-4ed5-9145-ea59a337c299@group-6C7D867BDA6A, cid=45, SUCCESS, logIndex=65, commits[3258574c-39ac-4ed5-9145-ea59a337c299:c66]
2019-09-02 06:29:55,417 [grpc-default-executor-1] INFO  client.GrpcClientProtocolClient (GrpcClientProtocolClient.java:onNext(255)) - client-0D308AD40832->3258574c-39ac-4ed5-9145-ea59a337c299: receive RaftClientReply:client-0D308AD40832->3258574c-39ac-4ed5-9145-ea59a337c299@group-6C7D867BDA6A, cid=46, SUCCESS, logIndex=66, commits[3258574c-39ac-4ed5-9145-ea59a337c299:c66]
2019-09-02 06:29:55,427 [grpc-default-executor-1] INFO  client.GrpcClientProtocolClient (GrpcClientProtocolClient.java:onNext(255)) - client-0D308AD40832->3258574c-39ac-4ed5-9145-ea59a337c299: receive RaftClientReply:client-0D308AD40832->3258574c-39ac-4ed5-9145-ea59a337c299@group-6C7D867BDA6A, cid=47, SUCCESS, logIndex=67, commits[3258574c-39ac-4ed5-9145-ea59a337c299:c69]
2019-09-02 06:29:55,428 [grpc-default-executor-1] INFO  client.GrpcClientProtocolClient (GrpcClientProtocolClient.java:onNext(255)) - client-0D308AD40832->3258574c-39ac-4ed5-9145-ea59a337c299: receive RaftClientReply:client-0D308AD40832->3258574c-39ac-4ed5-9145-ea59a337c299@group-6C7D867BDA6A, cid=48, SUCCESS, logIndex=68, commits[3258574c-39ac-4ed5-9145-ea59a337c299:c70]
2019-09-02 06:29:55,476 [grpc-default-executor-1] INFO  client.GrpcClientProtocolClient (GrpcClientProtocolClient.java:onNext(255)) - client-0D308AD40832->3258574c-39ac-4ed5-9145-ea59a337c299: receive RaftClientReply:client-0D308AD40832->3258574c-39ac-4ed5-9145-ea59a337c299@group-6C7D867BDA6A, cid=49, SUCCESS, logIndex=71, commits[3258574c-39ac-4ed5-9145-ea59a337c299:c74]
2019-09-02 06:29:55,477 [grpc-default-executor-1] INFO  client.GrpcClientProtocolClient (GrpcClientProtocolClient.java:onNext(255)) - client-0D308AD40832->3258574c-39ac-4ed5-9145-ea59a337c299: receive RaftClientReply:client-0D308AD40832->3258574c-39ac-4ed5-9145-ea59a337c299@group-6C7D867BDA6A, cid=50, SUCCESS, logIndex=72, commits[3258574c-39ac-4ed5-9145-ea59a337c299:c76]
2019-09-02 06:29:55,478 [grpc-default-executor-1] INFO  client.GrpcClientProtocolClient (GrpcClientProtocolClient.java:onNext(255)) - client-0D308AD40832->3258574c-39ac-4ed5-9145-ea59a337c299: receive RaftClientReply:client-0D308AD40832->3258574c-39ac-4ed5-9145-ea59a337c299@group-6C7D867BDA6A, cid=51, SUCCESS, logIndex=73, commits[3258574c-39ac-4ed5-9145-ea59a337c299:c76]
2019-09-02 06:29:55,479 [grpc-default-executor-1] INFO  client.GrpcClientProtocolClient (GrpcClientProtocolClient.java:onNext(255)) - client-0D308AD40832->3258574c-39ac-4ed5-9145-ea59a337c299: receive RaftClientReply:client-0D308AD40832->3258574c-39ac-4ed5-9145-ea59a337c299@group-6C7D867BDA6A, cid=52, SUCCESS, logIndex=74, commits[3258574c-39ac-4ed5-9145-ea59a337c299:c76]
2019-09-02 06:29:55,505 [SCMBlockDeletingService#1] DEBUG block.SCMBlockDeletingService (SCMBlockDeletingService.java:call(138)) - Running DeletedBlockTransactionScanner
2019-09-02 06:29:55,506 [SCMBlockDeletingService#1] DEBUG block.SCMBlockDeletingService (SCMBlockDeletingService.java:call(155)) - Scanned deleted blocks log and got 0 delTX to process.
2019-09-02 06:29:55,508 [grpc-default-executor-1] INFO  client.GrpcClientProtocolClient (GrpcClientProtocolClient.java:onNext(255)) - client-0D308AD40832->3258574c-39ac-4ed5-9145-ea59a337c299: receive RaftClientReply:client-0D308AD40832->3258574c-39ac-4ed5-9145-ea59a337c299@group-6C7D867BDA6A, cid=53, SUCCESS, logIndex=77, commits[3258574c-39ac-4ed5-9145-ea59a337c299:c80]
2019-09-02 06:29:55,510 [grpc-default-executor-1] INFO  client.GrpcClientProtocolClient (GrpcClientProtocolClient.java:onNext(255)) - client-0D308AD40832->3258574c-39ac-4ed5-9145-ea59a337c299: receive RaftClientReply:client-0D308AD40832->3258574c-39ac-4ed5-9145-ea59a337c299@group-6C7D867BDA6A, cid=54, SUCCESS, logIndex=78, commits[3258574c-39ac-4ed5-9145-ea59a337c299:c81]
2019-09-02 06:29:55,510 [grpc-default-executor-1] INFO  client.GrpcClientProtocolClient (GrpcClientProtocolClient.java:onNext(255)) - client-0D308AD40832->3258574c-39ac-4ed5-9145-ea59a337c299: receive RaftClientReply:client-0D308AD40832->3258574c-39ac-4ed5-9145-ea59a337c299@group-6C7D867BDA6A, cid=55, SUCCESS, logIndex=79, commits[3258574c-39ac-4ed5-9145-ea59a337c299:c81]
2019-09-02 06:29:55,511 [grpc-default-executor-1] INFO  client.GrpcClientProtocolClient (GrpcClientProtocolClient.java:onNext(255)) - client-0D308AD40832->3258574c-39ac-4ed5-9145-ea59a337c299: receive RaftClientReply:client-0D308AD40832->3258574c-39ac-4ed5-9145-ea59a337c299@group-6C7D867BDA6A, cid=56, SUCCESS, logIndex=80, commits[3258574c-39ac-4ed5-9145-ea59a337c299:c82]
2019-09-02 06:29:55,550 [grpc-default-executor-0] INFO  client.GrpcClientProtocolClient (GrpcClientProtocolClient.java:onNext(255)) - client-0D308AD40832->3258574c-39ac-4ed5-9145-ea59a337c299: receive RaftClientReply:client-0D308AD40832->3258574c-39ac-4ed5-9145-ea59a337c299@group-6C7D867BDA6A, cid=57, SUCCESS, logIndex=83, commits[3258574c-39ac-4ed5-9145-ea59a337c299:c86]
2019-09-02 06:29:55,552 [grpc-default-executor-0] INFO  client.GrpcClientProtocolClient (GrpcClientProtocolClient.java:onNext(255)) - client-0D308AD40832->3258574c-39ac-4ed5-9145-ea59a337c299: receive RaftClientReply:client-0D308AD40832->3258574c-39ac-4ed5-9145-ea59a337c299@group-6C7D867BDA6A, cid=58, SUCCESS, logIndex=84, commits[3258574c-39ac-4ed5-9145-ea59a337c299:c88]
2019-09-02 06:29:55,553 [grpc-default-executor-0] INFO  client.GrpcClientProtocolClient (GrpcClientProtocolClient.java:onNext(255)) - client-0D308AD40832->3258574c-39ac-4ed5-9145-ea59a337c299: receive RaftClientReply:client-0D308AD40832->3258574c-39ac-4ed5-9145-ea59a337c299@group-6C7D867BDA6A, cid=59, SUCCESS, logIndex=85, commits[3258574c-39ac-4ed5-9145-ea59a337c299:c88]
2019-09-02 06:29:55,554 [grpc-default-executor-0] INFO  client.GrpcClientProtocolClient (GrpcClientProtocolClient.java:onNext(255)) - client-0D308AD40832->3258574c-39ac-4ed5-9145-ea59a337c299: receive RaftClientReply:client-0D308AD40832->3258574c-39ac-4ed5-9145-ea59a337c299@group-6C7D867BDA6A, cid=60, SUCCESS, logIndex=86, commits[3258574c-39ac-4ed5-9145-ea59a337c299:c88]
2019-09-02 06:29:55,587 [grpc-default-executor-1] INFO  client.GrpcClientProtocolClient (GrpcClientProtocolClient.java:onNext(255)) - client-0D308AD40832->3258574c-39ac-4ed5-9145-ea59a337c299: receive RaftClientReply:client-0D308AD40832->3258574c-39ac-4ed5-9145-ea59a337c299@group-6C7D867BDA6A, cid=61, SUCCESS, logIndex=89, commits[3258574c-39ac-4ed5-9145-ea59a337c299:c90]
2019-09-02 06:29:55,589 [grpc-default-executor-1] INFO  client.GrpcClientProtocolClient (GrpcClientProtocolClient.java:onNext(255)) - client-0D308AD40832->3258574c-39ac-4ed5-9145-ea59a337c299: receive RaftClientReply:client-0D308AD40832->3258574c-39ac-4ed5-9145-ea59a337c299@group-6C7D867BDA6A, cid=62, SUCCESS, logIndex=90, commits[3258574c-39ac-4ed5-9145-ea59a337c299:c93]
2019-09-02 06:29:55,590 [grpc-default-executor-1] INFO  client.GrpcClientProtocolClient (GrpcClientProtocolClient.java:onNext(255)) - client-0D308AD40832->3258574c-39ac-4ed5-9145-ea59a337c299: receive RaftClientReply:client-0D308AD40832->3258574c-39ac-4ed5-9145-ea59a337c299@group-6C7D867BDA6A, cid=63, SUCCESS, logIndex=91, commits[3258574c-39ac-4ed5-9145-ea59a337c299:c94]
2019-09-02 06:29:55,590 [grpc-default-executor-1] INFO  client.GrpcClientProtocolClient (GrpcClientProtocolClient.java:onNext(255)) - client-0D308AD40832->3258574c-39ac-4ed5-9145-ea59a337c299: receive RaftClientReply:client-0D308AD40832->3258574c-39ac-4ed5-9145-ea59a337c299@group-6C7D867BDA6A, cid=64, SUCCESS, logIndex=92, commits[3258574c-39ac-4ed5-9145-ea59a337c299:c94]
2019-09-02 06:29:55,606 [SCMBlockDeletingService#1] DEBUG block.SCMBlockDeletingService (SCMBlockDeletingService.java:call(138)) - Running DeletedBlockTransactionScanner
2019-09-02 06:29:55,606 [SCMBlockDeletingService#1] DEBUG block.SCMBlockDeletingService (SCMBlockDeletingService.java:call(155)) - Scanned deleted blocks log and got 0 delTX to process.
2019-09-02 06:29:55,628 [grpc-default-executor-0] INFO  client.GrpcClientProtocolClient (GrpcClientProtocolClient.java:onNext(255)) - client-0D308AD40832->3258574c-39ac-4ed5-9145-ea59a337c299: receive RaftClientReply:client-0D308AD40832->3258574c-39ac-4ed5-9145-ea59a337c299@group-6C7D867BDA6A, cid=65, SUCCESS, logIndex=95, commits[3258574c-39ac-4ed5-9145-ea59a337c299:c96]
2019-09-02 06:29:55,630 [grpc-default-executor-0] INFO  client.GrpcClientProtocolClient (GrpcClientProtocolClient.java:onNext(255)) - client-0D308AD40832->3258574c-39ac-4ed5-9145-ea59a337c299: receive RaftClientReply:client-0D308AD40832->3258574c-39ac-4ed5-9145-ea59a337c299@group-6C7D867BDA6A, cid=66, SUCCESS, logIndex=96, commits[3258574c-39ac-4ed5-9145-ea59a337c299:c98]
2019-09-02 06:29:55,630 [grpc-default-executor-0] INFO  client.GrpcClientProtocolClient (GrpcClientProtocolClient.java:onNext(255)) - client-0D308AD40832->3258574c-39ac-4ed5-9145-ea59a337c299: receive RaftClientReply:client-0D308AD40832->3258574c-39ac-4ed5-9145-ea59a337c299@group-6C7D867BDA6A, cid=67, SUCCESS, logIndex=97, commits[3258574c-39ac-4ed5-9145-ea59a337c299:c98]
2019-09-02 06:29:55,632 [grpc-default-executor-0] INFO  client.GrpcClientProtocolClient (GrpcClientProtocolClient.java:onNext(255)) - client-0D308AD40832->3258574c-39ac-4ed5-9145-ea59a337c299: receive RaftClientReply:client-0D308AD40832->3258574c-39ac-4ed5-9145-ea59a337c299@group-6C7D867BDA6A, cid=68, SUCCESS, logIndex=98, commits[3258574c-39ac-4ed5-9145-ea59a337c299:c98]
2019-09-02 06:29:55,658 [grpc-default-executor-0] INFO  client.GrpcClientProtocolClient (GrpcClientProtocolClient.java:onNext(255)) - client-0D308AD40832->3258574c-39ac-4ed5-9145-ea59a337c299: receive RaftClientReply:client-0D308AD40832->3258574c-39ac-4ed5-9145-ea59a337c299@group-6C7D867BDA6A, cid=69, SUCCESS, logIndex=101, commits[3258574c-39ac-4ed5-9145-ea59a337c299:c104]
2019-09-02 06:29:55,660 [grpc-default-executor-0] INFO  client.GrpcClientProtocolClient (GrpcClientProtocolClient.java:onNext(255)) - client-0D308AD40832->3258574c-39ac-4ed5-9145-ea59a337c299: receive RaftClientReply:client-0D308AD40832->3258574c-39ac-4ed5-9145-ea59a337c299@group-6C7D867BDA6A, cid=70, SUCCESS, logIndex=102, commits[3258574c-39ac-4ed5-9145-ea59a337c299:c105]
2019-09-02 06:29:55,661 [grpc-default-executor-0] INFO  client.GrpcClientProtocolClient (GrpcClientProtocolClient.java:onNext(255)) - client-0D308AD40832->3258574c-39ac-4ed5-9145-ea59a337c299: receive RaftClientReply:client-0D308AD40832->3258574c-39ac-4ed5-9145-ea59a337c299@group-6C7D867BDA6A, cid=71, SUCCESS, logIndex=103, commits[3258574c-39ac-4ed5-9145-ea59a337c299:c106]
2019-09-02 06:29:55,662 [grpc-default-executor-0] INFO  client.GrpcClientProtocolClient (GrpcClientProtocolClient.java:onNext(255)) - client-0D308AD40832->3258574c-39ac-4ed5-9145-ea59a337c299: receive RaftClientReply:client-0D308AD40832->3258574c-39ac-4ed5-9145-ea59a337c299@group-6C7D867BDA6A, cid=72, SUCCESS, logIndex=104, commits[3258574c-39ac-4ed5-9145-ea59a337c299:c106]
2019-09-02 06:29:55,704 [grpc-default-executor-0] INFO  client.GrpcClientProtocolClient (GrpcClientProtocolClient.java:onNext(255)) - client-0D308AD40832->3258574c-39ac-4ed5-9145-ea59a337c299: receive RaftClientReply:client-0D308AD40832->3258574c-39ac-4ed5-9145-ea59a337c299@group-6C7D867BDA6A, cid=73, SUCCESS, logIndex=107, commits[3258574c-39ac-4ed5-9145-ea59a337c299:c110]
2019-09-02 06:29:55,705 [grpc-default-executor-0] INFO  client.GrpcClientProtocolClient (GrpcClientProtocolClient.java:onNext(255)) - client-0D308AD40832->3258574c-39ac-4ed5-9145-ea59a337c299: receive RaftClientReply:client-0D308AD40832->3258574c-39ac-4ed5-9145-ea59a337c299@group-6C7D867BDA6A, cid=74, SUCCESS, logIndex=108, commits[3258574c-39ac-4ed5-9145-ea59a337c299:c112]
2019-09-02 06:29:55,705 [grpc-default-executor-0] INFO  client.GrpcClientProtocolClient (GrpcClientProtocolClient.java:onNext(255)) - client-0D308AD40832->3258574c-39ac-4ed5-9145-ea59a337c299: receive RaftClientReply:client-0D308AD40832->3258574c-39ac-4ed5-9145-ea59a337c299@group-6C7D867BDA6A, cid=75, SUCCESS, logIndex=109, commits[3258574c-39ac-4ed5-9145-ea59a337c299:c112]
2019-09-02 06:29:55,706 [grpc-default-executor-0] INFO  client.GrpcClientProtocolClient (GrpcClientProtocolClient.java:onNext(255)) - client-0D308AD40832->3258574c-39ac-4ed5-9145-ea59a337c299: receive RaftClientReply:client-0D308AD40832->3258574c-39ac-4ed5-9145-ea59a337c299@group-6C7D867BDA6A, cid=76, SUCCESS, logIndex=110, commits[3258574c-39ac-4ed5-9145-ea59a337c299:c112]
2019-09-02 06:29:55,707 [SCMBlockDeletingService#1] DEBUG block.SCMBlockDeletingService (SCMBlockDeletingService.java:call(138)) - Running DeletedBlockTransactionScanner
2019-09-02 06:29:55,707 [SCMBlockDeletingService#1] DEBUG block.SCMBlockDeletingService (SCMBlockDeletingService.java:call(155)) - Scanned deleted blocks log and got 0 delTX to process.
2019-09-02 06:29:55,743 [grpc-default-executor-0] INFO  client.GrpcClientProtocolClient (GrpcClientProtocolClient.java:onNext(255)) - client-0D308AD40832->3258574c-39ac-4ed5-9145-ea59a337c299: receive RaftClientReply:client-0D308AD40832->3258574c-39ac-4ed5-9145-ea59a337c299@group-6C7D867BDA6A, cid=77, SUCCESS, logIndex=113, commits[3258574c-39ac-4ed5-9145-ea59a337c299:c116]
2019-09-02 06:29:55,744 [grpc-default-executor-0] INFO  client.GrpcClientProtocolClient (GrpcClientProtocolClient.java:onNext(255)) - client-0D308AD40832->3258574c-39ac-4ed5-9145-ea59a337c299: receive RaftClientReply:client-0D308AD40832->3258574c-39ac-4ed5-9145-ea59a337c299@group-6C7D867BDA6A, cid=78, SUCCESS, logIndex=114, commits[3258574c-39ac-4ed5-9145-ea59a337c299:c118]
2019-09-02 06:29:55,745 [grpc-default-executor-0] INFO  client.GrpcClientProtocolClient (GrpcClientProtocolClient.java:onNext(255)) - client-0D308AD40832->3258574c-39ac-4ed5-9145-ea59a337c299: receive RaftClientReply:client-0D308AD40832->3258574c-39ac-4ed5-9145-ea59a337c299@group-6C7D867BDA6A, cid=79, SUCCESS, logIndex=115, commits[3258574c-39ac-4ed5-9145-ea59a337c299:c118]
2019-09-02 06:29:55,746 [grpc-default-executor-0] INFO  client.GrpcClientProtocolClient (GrpcClientProtocolClient.java:onNext(255)) - client-0D308AD40832->3258574c-39ac-4ed5-9145-ea59a337c299: receive RaftClientReply:client-0D308AD40832->3258574c-39ac-4ed5-9145-ea59a337c299@group-6C7D867BDA6A, cid=80, SUCCESS, logIndex=116, commits[3258574c-39ac-4ed5-9145-ea59a337c299:c118]
2019-09-02 06:29:55,788 [grpc-default-executor-1] INFO  client.GrpcClientProtocolClient (GrpcClientProtocolClient.java:onNext(255)) - client-0D308AD40832->3258574c-39ac-4ed5-9145-ea59a337c299: receive RaftClientReply:client-0D308AD40832->3258574c-39ac-4ed5-9145-ea59a337c299@group-6C7D867BDA6A, cid=81, SUCCESS, logIndex=119, commits[3258574c-39ac-4ed5-9145-ea59a337c299:c122]
2019-09-02 06:29:55,789 [grpc-default-executor-1] INFO  client.GrpcClientProtocolClient (GrpcClientProtocolClient.java:onNext(255)) - client-0D308AD40832->3258574c-39ac-4ed5-9145-ea59a337c299: receive RaftClientReply:client-0D308AD40832->3258574c-39ac-4ed5-9145-ea59a337c299@group-6C7D867BDA6A, cid=82, SUCCESS, logIndex=120, commits[3258574c-39ac-4ed5-9145-ea59a337c299:c124]
2019-09-02 06:29:55,790 [grpc-default-executor-1] INFO  client.GrpcClientProtocolClient (GrpcClientProtocolClient.java:onNext(255)) - client-0D308AD40832->3258574c-39ac-4ed5-9145-ea59a337c299: receive RaftClientReply:client-0D308AD40832->3258574c-39ac-4ed5-9145-ea59a337c299@group-6C7D867BDA6A, cid=83, SUCCESS, logIndex=121, commits[3258574c-39ac-4ed5-9145-ea59a337c299:c124]
2019-09-02 06:29:55,791 [grpc-default-executor-1] INFO  client.GrpcClientProtocolClient (GrpcClientProtocolClient.java:onNext(255)) - client-0D308AD40832->3258574c-39ac-4ed5-9145-ea59a337c299: receive RaftClientReply:client-0D308AD40832->3258574c-39ac-4ed5-9145-ea59a337c299@group-6C7D867BDA6A, cid=84, SUCCESS, logIndex=122, commits[3258574c-39ac-4ed5-9145-ea59a337c299:c124]
2019-09-02 06:29:55,807 [SCMBlockDeletingService#1] DEBUG block.SCMBlockDeletingService (SCMBlockDeletingService.java:call(138)) - Running DeletedBlockTransactionScanner
2019-09-02 06:29:55,808 [SCMBlockDeletingService#1] DEBUG block.SCMBlockDeletingService (SCMBlockDeletingService.java:call(155)) - Scanned deleted blocks log and got 0 delTX to process.
2019-09-02 06:29:55,829 [grpc-default-executor-1] INFO  client.GrpcClientProtocolClient (GrpcClientProtocolClient.java:onNext(255)) - client-0D308AD40832->3258574c-39ac-4ed5-9145-ea59a337c299: receive RaftClientReply:client-0D308AD40832->3258574c-39ac-4ed5-9145-ea59a337c299@group-6C7D867BDA6A, cid=85, SUCCESS, logIndex=125, commits[3258574c-39ac-4ed5-9145-ea59a337c299:c126]
2019-09-02 06:29:55,830 [grpc-default-executor-1] INFO  client.GrpcClientProtocolClient (GrpcClientProtocolClient.java:onNext(255)) - client-0D308AD40832->3258574c-39ac-4ed5-9145-ea59a337c299: receive RaftClientReply:client-0D308AD40832->3258574c-39ac-4ed5-9145-ea59a337c299@group-6C7D867BDA6A, cid=86, SUCCESS, logIndex=126, commits[3258574c-39ac-4ed5-9145-ea59a337c299:c126]
2019-09-02 06:29:55,839 [grpc-default-executor-1] INFO  client.GrpcClientProtocolClient (GrpcClientProtocolClient.java:onNext(255)) - client-0D308AD40832->3258574c-39ac-4ed5-9145-ea59a337c299: receive RaftClientReply:client-0D308AD40832->3258574c-39ac-4ed5-9145-ea59a337c299@group-6C7D867BDA6A, cid=87, SUCCESS, logIndex=127, commits[3258574c-39ac-4ed5-9145-ea59a337c299:c129]
2019-09-02 06:29:55,840 [grpc-default-executor-1] INFO  client.GrpcClientProtocolClient (GrpcClientProtocolClient.java:onNext(255)) - client-0D308AD40832->3258574c-39ac-4ed5-9145-ea59a337c299: receive RaftClientReply:client-0D308AD40832->3258574c-39ac-4ed5-9145-ea59a337c299@group-6C7D867BDA6A, cid=88, SUCCESS, logIndex=128, commits[3258574c-39ac-4ed5-9145-ea59a337c299:c129]
2019-09-02 06:29:55,908 [SCMBlockDeletingService#1] DEBUG block.SCMBlockDeletingService (SCMBlockDeletingService.java:call(138)) - Running DeletedBlockTransactionScanner
2019-09-02 06:29:55,908 [SCMBlockDeletingService#1] DEBUG block.SCMBlockDeletingService (SCMBlockDeletingService.java:call(155)) - Scanned deleted blocks log and got 0 delTX to process.
2019-09-02 06:29:56,009 [SCMBlockDeletingService#1] DEBUG block.SCMBlockDeletingService (SCMBlockDeletingService.java:call(138)) - Running DeletedBlockTransactionScanner
2019-09-02 06:29:56,009 [SCMBlockDeletingService#1] DEBUG block.SCMBlockDeletingService (SCMBlockDeletingService.java:call(155)) - Scanned deleted blocks log and got 0 delTX to process.
2019-09-02 06:29:56,015 [grpc-default-executor-0] INFO  client.GrpcClientProtocolClient (GrpcClientProtocolClient.java:onNext(255)) - client-0D308AD40832->3258574c-39ac-4ed5-9145-ea59a337c299: receive RaftClientReply:client-0D308AD40832->3258574c-39ac-4ed5-9145-ea59a337c299@group-6C7D867BDA6A, cid=89, SUCCESS, logIndex=130, commits[3258574c-39ac-4ed5-9145-ea59a337c299:c133]
2019-09-02 06:29:56,016 [grpc-default-executor-0] INFO  client.GrpcClientProtocolClient (GrpcClientProtocolClient.java:onNext(255)) - client-0D308AD40832->3258574c-39ac-4ed5-9145-ea59a337c299: receive RaftClientReply:client-0D308AD40832->3258574c-39ac-4ed5-9145-ea59a337c299@group-6C7D867BDA6A, cid=90, SUCCESS, logIndex=131, commits[3258574c-39ac-4ed5-9145-ea59a337c299:c133]
2019-09-02 06:29:56,017 [grpc-default-executor-0] INFO  client.GrpcClientProtocolClient (GrpcClientProtocolClient.java:onNext(255)) - client-0D308AD40832->3258574c-39ac-4ed5-9145-ea59a337c299: receive RaftClientReply:client-0D308AD40832->3258574c-39ac-4ed5-9145-ea59a337c299@group-6C7D867BDA6A, cid=91, SUCCESS, logIndex=132, commits[3258574c-39ac-4ed5-9145-ea59a337c299:c133]
2019-09-02 06:29:56,017 [grpc-default-executor-0] INFO  client.GrpcClientProtocolClient (GrpcClientProtocolClient.java:onNext(255)) - client-0D308AD40832->3258574c-39ac-4ed5-9145-ea59a337c299: receive RaftClientReply:client-0D308AD40832->3258574c-39ac-4ed5-9145-ea59a337c299@group-6C7D867BDA6A, cid=92, SUCCESS, logIndex=133, commits[3258574c-39ac-4ed5-9145-ea59a337c299:c133]
2019-09-02 06:29:56,078 [grpc-default-executor-0] INFO  client.GrpcClientProtocolClient (GrpcClientProtocolClient.java:onNext(255)) - client-0D308AD40832->3258574c-39ac-4ed5-9145-ea59a337c299: receive RaftClientReply:client-0D308AD40832->3258574c-39ac-4ed5-9145-ea59a337c299@group-6C7D867BDA6A, cid=93, SUCCESS, logIndex=135, commits[3258574c-39ac-4ed5-9145-ea59a337c299:c136]
2019-09-02 06:29:56,080 [grpc-default-executor-0] INFO  client.GrpcClientProtocolClient (GrpcClientProtocolClient.java:onNext(255)) - client-0D308AD40832->3258574c-39ac-4ed5-9145-ea59a337c299: receive RaftClientReply:client-0D308AD40832->3258574c-39ac-4ed5-9145-ea59a337c299@group-6C7D867BDA6A, cid=94, SUCCESS, logIndex=136, commits[3258574c-39ac-4ed5-9145-ea59a337c299:c136]
2019-09-02 06:29:56,086 [grpc-default-executor-0] INFO  client.GrpcClientProtocolClient (GrpcClientProtocolClient.java:onNext(255)) - client-0D308AD40832->3258574c-39ac-4ed5-9145-ea59a337c299: receive RaftClientReply:client-0D308AD40832->3258574c-39ac-4ed5-9145-ea59a337c299@group-6C7D867BDA6A, cid=95, SUCCESS, logIndex=137, commits[3258574c-39ac-4ed5-9145-ea59a337c299:c139]
2019-09-02 06:29:56,087 [grpc-default-executor-0] INFO  client.GrpcClientProtocolClient (GrpcClientProtocolClient.java:onNext(255)) - client-0D308AD40832->3258574c-39ac-4ed5-9145-ea59a337c299: receive RaftClientReply:client-0D308AD40832->3258574c-39ac-4ed5-9145-ea59a337c299@group-6C7D867BDA6A, cid=96, SUCCESS, logIndex=138, commits[3258574c-39ac-4ed5-9145-ea59a337c299:c139]
2019-09-02 06:29:56,110 [SCMBlockDeletingService#1] DEBUG block.SCMBlockDeletingService (SCMBlockDeletingService.java:call(138)) - Running DeletedBlockTransactionScanner
2019-09-02 06:29:56,110 [SCMBlockDeletingService#1] DEBUG block.SCMBlockDeletingService (SCMBlockDeletingService.java:call(155)) - Scanned deleted blocks log and got 0 delTX to process.
2019-09-02 06:29:56,126 [grpc-default-executor-1] INFO  client.GrpcClientProtocolClient (GrpcClientProtocolClient.java:onNext(255)) - client-0D308AD40832->3258574c-39ac-4ed5-9145-ea59a337c299: receive RaftClientReply:client-0D308AD40832->3258574c-39ac-4ed5-9145-ea59a337c299@group-6C7D867BDA6A, cid=97, SUCCESS, logIndex=141, commits[3258574c-39ac-4ed5-9145-ea59a337c299:c144]
2019-09-02 06:29:56,127 [grpc-default-executor-1] INFO  client.GrpcClientProtocolClient (GrpcClientProtocolClient.java:onNext(255)) - client-0D308AD40832->3258574c-39ac-4ed5-9145-ea59a337c299: receive RaftClientReply:client-0D308AD40832->3258574c-39ac-4ed5-9145-ea59a337c299@group-6C7D867BDA6A, cid=98, SUCCESS, logIndex=142, commits[3258574c-39ac-4ed5-9145-ea59a337c299:c146]
2019-09-02 06:29:56,128 [grpc-default-executor-1] INFO  client.GrpcClientProtocolClient (GrpcClientProtocolClient.java:onNext(255)) - client-0D308AD40832->3258574c-39ac-4ed5-9145-ea59a337c299: receive RaftClientReply:client-0D308AD40832->3258574c-39ac-4ed5-9145-ea59a337c299@group-6C7D867BDA6A, cid=99, SUCCESS, logIndex=143, commits[3258574c-39ac-4ed5-9145-ea59a337c299:c146]
2019-09-02 06:29:56,128 [grpc-default-executor-1] INFO  client.GrpcClientProtocolClient (GrpcClientProtocolClient.java:onNext(255)) - client-0D308AD40832->3258574c-39ac-4ed5-9145-ea59a337c299: receive RaftClientReply:client-0D308AD40832->3258574c-39ac-4ed5-9145-ea59a337c299@group-6C7D867BDA6A, cid=100, SUCCESS, logIndex=144, commits[3258574c-39ac-4ed5-9145-ea59a337c299:c146]
2019-09-02 06:29:56,158 [grpc-default-executor-1] INFO  client.GrpcClientProtocolClient (GrpcClientProtocolClient.java:onNext(255)) - client-0D308AD40832->3258574c-39ac-4ed5-9145-ea59a337c299: receive RaftClientReply:client-0D308AD40832->3258574c-39ac-4ed5-9145-ea59a337c299@group-6C7D867BDA6A, cid=101, SUCCESS, logIndex=147, commits[3258574c-39ac-4ed5-9145-ea59a337c299:c150]
2019-09-02 06:29:56,159 [grpc-default-executor-1] INFO  client.GrpcClientProtocolClient (GrpcClientProtocolClient.java:onNext(255)) - client-0D308AD40832->3258574c-39ac-4ed5-9145-ea59a337c299: receive RaftClientReply:client-0D308AD40832->3258574c-39ac-4ed5-9145-ea59a337c299@group-6C7D867BDA6A, cid=102, SUCCESS, logIndex=148, commits[3258574c-39ac-4ed5-9145-ea59a337c299:c152]
2019-09-02 06:29:56,160 [grpc-default-executor-1] INFO  client.GrpcClientProtocolClient (GrpcClientProtocolClient.java:onNext(255)) - client-0D308AD40832->3258574c-39ac-4ed5-9145-ea59a337c299: receive RaftClientReply:client-0D308AD40832->3258574c-39ac-4ed5-9145-ea59a337c299@group-6C7D867BDA6A, cid=103, SUCCESS, logIndex=149, commits[3258574c-39ac-4ed5-9145-ea59a337c299:c152]
2019-09-02 06:29:56,160 [grpc-default-executor-1] INFO  client.GrpcClientProtocolClient (GrpcClientProtocolClient.java:onNext(255)) - client-0D308AD40832->3258574c-39ac-4ed5-9145-ea59a337c299: receive RaftClientReply:client-0D308AD40832->3258574c-39ac-4ed5-9145-ea59a337c299@group-6C7D867BDA6A, cid=104, SUCCESS, logIndex=150, commits[3258574c-39ac-4ed5-9145-ea59a337c299:c152]
2019-09-02 06:29:56,191 [grpc-default-executor-1] INFO  client.GrpcClientProtocolClient (GrpcClientProtocolClient.java:onNext(255)) - client-0D308AD40832->3258574c-39ac-4ed5-9145-ea59a337c299: receive RaftClientReply:client-0D308AD40832->3258574c-39ac-4ed5-9145-ea59a337c299@group-6C7D867BDA6A, cid=105, SUCCESS, logIndex=153, commits[3258574c-39ac-4ed5-9145-ea59a337c299:c154]
2019-09-02 06:29:56,192 [grpc-default-executor-1] INFO  client.GrpcClientProtocolClient (GrpcClientProtocolClient.java:onNext(255)) - client-0D308AD40832->3258574c-39ac-4ed5-9145-ea59a337c299: receive RaftClientReply:client-0D308AD40832->3258574c-39ac-4ed5-9145-ea59a337c299@group-6C7D867BDA6A, cid=106, SUCCESS, logIndex=154, commits[3258574c-39ac-4ed5-9145-ea59a337c299:c154]
2019-09-02 06:29:56,192 [grpc-default-executor-1] INFO  client.GrpcClientProtocolClient (GrpcClientProtocolClient.java:onNext(255)) - client-0D308AD40832->3258574c-39ac-4ed5-9145-ea59a337c299: receive RaftClientReply:client-0D308AD40832->3258574c-39ac-4ed5-9145-ea59a337c299@group-6C7D867BDA6A, cid=107, SUCCESS, logIndex=155, commits[3258574c-39ac-4ed5-9145-ea59a337c299:c156]
2019-09-02 06:29:56,193 [grpc-default-executor-1] INFO  client.GrpcClientProtocolClient (GrpcClientProtocolClient.java:onNext(255)) - client-0D308AD40832->3258574c-39ac-4ed5-9145-ea59a337c299: receive RaftClientReply:client-0D308AD40832->3258574c-39ac-4ed5-9145-ea59a337c299@group-6C7D867BDA6A, cid=108, SUCCESS, logIndex=156, commits[3258574c-39ac-4ed5-9145-ea59a337c299:c156]
2019-09-02 06:29:56,211 [SCMBlockDeletingService#1] DEBUG block.SCMBlockDeletingService (SCMBlockDeletingService.java:call(138)) - Running DeletedBlockTransactionScanner
2019-09-02 06:29:56,211 [SCMBlockDeletingService#1] DEBUG block.SCMBlockDeletingService (SCMBlockDeletingService.java:call(155)) - Scanned deleted blocks log and got 0 delTX to process.
2019-09-02 06:29:56,219 [grpc-default-executor-0] INFO  client.GrpcClientProtocolClient (GrpcClientProtocolClient.java:onNext(255)) - client-0D308AD40832->3258574c-39ac-4ed5-9145-ea59a337c299: receive RaftClientReply:client-0D308AD40832->3258574c-39ac-4ed5-9145-ea59a337c299@group-6C7D867BDA6A, cid=109, SUCCESS, logIndex=159, commits[3258574c-39ac-4ed5-9145-ea59a337c299:c162]
2019-09-02 06:29:56,220 [grpc-default-executor-0] INFO  client.GrpcClientProtocolClient (GrpcClientProtocolClient.java:onNext(255)) - client-0D308AD40832->3258574c-39ac-4ed5-9145-ea59a337c299: receive RaftClientReply:client-0D308AD40832->3258574c-39ac-4ed5-9145-ea59a337c299@group-6C7D867BDA6A, cid=110, SUCCESS, logIndex=160, commits[3258574c-39ac-4ed5-9145-ea59a337c299:c162]
2019-09-02 06:29:56,221 [grpc-default-executor-0] INFO  client.GrpcClientProtocolClient (GrpcClientProtocolClient.java:onNext(255)) - client-0D308AD40832->3258574c-39ac-4ed5-9145-ea59a337c299: receive RaftClientReply:client-0D308AD40832->3258574c-39ac-4ed5-9145-ea59a337c299@group-6C7D867BDA6A, cid=111, SUCCESS, logIndex=161, commits[3258574c-39ac-4ed5-9145-ea59a337c299:c162]
2019-09-02 06:29:56,221 [grpc-default-executor-0] INFO  client.GrpcClientProtocolClient (GrpcClientProtocolClient.java:onNext(255)) - client-0D308AD40832->3258574c-39ac-4ed5-9145-ea59a337c299: receive RaftClientReply:client-0D308AD40832->3258574c-39ac-4ed5-9145-ea59a337c299@group-6C7D867BDA6A, cid=112, SUCCESS, logIndex=162, commits[3258574c-39ac-4ed5-9145-ea59a337c299:c162]
2019-09-02 06:29:56,311 [SCMBlockDeletingService#1] DEBUG block.SCMBlockDeletingService (SCMBlockDeletingService.java:call(138)) - Running DeletedBlockTransactionScanner
2019-09-02 06:29:56,312 [SCMBlockDeletingService#1] DEBUG block.SCMBlockDeletingService (SCMBlockDeletingService.java:call(155)) - Scanned deleted blocks log and got 0 delTX to process.
2019-09-02 06:29:56,412 [SCMBlockDeletingService#1] DEBUG block.SCMBlockDeletingService (SCMBlockDeletingService.java:call(138)) - Running DeletedBlockTransactionScanner
2019-09-02 06:29:56,412 [SCMBlockDeletingService#1] DEBUG block.SCMBlockDeletingService (SCMBlockDeletingService.java:call(155)) - Scanned deleted blocks log and got 0 delTX to process.
2019-09-02 06:29:56,513 [SCMBlockDeletingService#1] DEBUG block.SCMBlockDeletingService (SCMBlockDeletingService.java:call(138)) - Running DeletedBlockTransactionScanner
2019-09-02 06:29:56,513 [SCMBlockDeletingService#1] DEBUG block.SCMBlockDeletingService (SCMBlockDeletingService.java:call(155)) - Scanned deleted blocks log and got 0 delTX to process.
2019-09-02 06:29:56,614 [SCMBlockDeletingService#1] DEBUG block.SCMBlockDeletingService (SCMBlockDeletingService.java:call(138)) - Running DeletedBlockTransactionScanner
2019-09-02 06:29:56,614 [grpc-default-executor-0] INFO  client.GrpcClientProtocolClient (GrpcClientProtocolClient.java:onNext(255)) - client-0D308AD40832->3258574c-39ac-4ed5-9145-ea59a337c299: receive RaftClientReply:client-0D308AD40832->3258574c-39ac-4ed5-9145-ea59a337c299@group-6C7D867BDA6A, cid=113, SUCCESS, logIndex=165, commits[3258574c-39ac-4ed5-9145-ea59a337c299:c168]
2019-09-02 06:29:56,614 [SCMBlockDeletingService#1] DEBUG block.SCMBlockDeletingService (SCMBlockDeletingService.java:call(155)) - Scanned deleted blocks log and got 0 delTX to process.
2019-09-02 06:29:56,615 [grpc-default-executor-0] INFO  client.GrpcClientProtocolClient (GrpcClientProtocolClient.java:onNext(255)) - client-0D308AD40832->3258574c-39ac-4ed5-9145-ea59a337c299: receive RaftClientReply:client-0D308AD40832->3258574c-39ac-4ed5-9145-ea59a337c299@group-6C7D867BDA6A, cid=114, SUCCESS, logIndex=166, commits[3258574c-39ac-4ed5-9145-ea59a337c299:c168]
2019-09-02 06:29:56,616 [grpc-default-executor-0] INFO  client.GrpcClientProtocolClient (GrpcClientProtocolClient.java:onNext(255)) - client-0D308AD40832->3258574c-39ac-4ed5-9145-ea59a337c299: receive RaftClientReply:client-0D308AD40832->3258574c-39ac-4ed5-9145-ea59a337c299@group-6C7D867BDA6A, cid=115, SUCCESS, logIndex=167, commits[3258574c-39ac-4ed5-9145-ea59a337c299:c168]
2019-09-02 06:29:56,617 [grpc-default-executor-0] INFO  client.GrpcClientProtocolClient (GrpcClientProtocolClient.java:onNext(255)) - client-0D308AD40832->3258574c-39ac-4ed5-9145-ea59a337c299: receive RaftClientReply:client-0D308AD40832->3258574c-39ac-4ed5-9145-ea59a337c299@group-6C7D867BDA6A, cid=116, SUCCESS, logIndex=168, commits[3258574c-39ac-4ed5-9145-ea59a337c299:c168]
2019-09-02 06:29:56,642 [grpc-default-executor-0] INFO  client.GrpcClientProtocolClient (GrpcClientProtocolClient.java:onNext(255)) - client-0D308AD40832->3258574c-39ac-4ed5-9145-ea59a337c299: receive RaftClientReply:client-0D308AD40832->3258574c-39ac-4ed5-9145-ea59a337c299@group-6C7D867BDA6A, cid=117, SUCCESS, logIndex=170, commits[3258574c-39ac-4ed5-9145-ea59a337c299:c171]
2019-09-02 06:29:56,643 [grpc-default-executor-0] INFO  client.GrpcClientProtocolClient (GrpcClientProtocolClient.java:onNext(255)) - client-0D308AD40832->3258574c-39ac-4ed5-9145-ea59a337c299: receive RaftClientReply:client-0D308AD40832->3258574c-39ac-4ed5-9145-ea59a337c299@group-6C7D867BDA6A, cid=118, SUCCESS, logIndex=171, commits[3258574c-39ac-4ed5-9145-ea59a337c299:c171]
2019-09-02 06:29:56,653 [grpc-default-executor-0] INFO  client.GrpcClientProtocolClient (GrpcClientProtocolClient.java:onNext(255)) - client-0D308AD40832->3258574c-39ac-4ed5-9145-ea59a337c299: receive RaftClientReply:client-0D308AD40832->3258574c-39ac-4ed5-9145-ea59a337c299@group-6C7D867BDA6A, cid=119, SUCCESS, logIndex=172, commits[3258574c-39ac-4ed5-9145-ea59a337c299:c174]
2019-09-02 06:29:56,654 [grpc-default-executor-0] INFO  client.GrpcClientProtocolClient (GrpcClientProtocolClient.java:onNext(255)) - client-0D308AD40832->3258574c-39ac-4ed5-9145-ea59a337c299: receive RaftClientReply:client-0D308AD40832->3258574c-39ac-4ed5-9145-ea59a337c299@group-6C7D867BDA6A, cid=120, SUCCESS, logIndex=173, commits[3258574c-39ac-4ed5-9145-ea59a337c299:c174]
2019-09-02 06:29:56,688 [grpc-default-executor-1] INFO  client.GrpcClientProtocolClient (GrpcClientProtocolClient.java:onNext(255)) - client-0D308AD40832->3258574c-39ac-4ed5-9145-ea59a337c299: receive RaftClientReply:client-0D308AD40832->3258574c-39ac-4ed5-9145-ea59a337c299@group-6C7D867BDA6A, cid=121, SUCCESS, logIndex=175, commits[3258574c-39ac-4ed5-9145-ea59a337c299:c176]
2019-09-02 06:29:56,689 [grpc-default-executor-1] INFO  client.GrpcClientProtocolClient (GrpcClientProtocolClient.java:onNext(255)) - client-0D308AD40832->3258574c-39ac-4ed5-9145-ea59a337c299: receive RaftClientReply:client-0D308AD40832->3258574c-39ac-4ed5-9145-ea59a337c299@group-6C7D867BDA6A, cid=122, SUCCESS, logIndex=176, commits[3258574c-39ac-4ed5-9145-ea59a337c299:c176]
2019-09-02 06:29:56,701 [grpc-default-executor-1] INFO  client.GrpcClientProtocolClient (GrpcClientProtocolClient.java:onNext(255)) - client-0D308AD40832->3258574c-39ac-4ed5-9145-ea59a337c299: receive RaftClientReply:client-0D308AD40832->3258574c-39ac-4ed5-9145-ea59a337c299@group-6C7D867BDA6A, cid=123, SUCCESS, logIndex=177, commits[3258574c-39ac-4ed5-9145-ea59a337c299:c178]
2019-09-02 06:29:56,703 [grpc-default-executor-1] INFO  client.GrpcClientProtocolClient (GrpcClientProtocolClient.java:onNext(255)) - client-0D308AD40832->3258574c-39ac-4ed5-9145-ea59a337c299: receive RaftClientReply:client-0D308AD40832->3258574c-39ac-4ed5-9145-ea59a337c299@group-6C7D867BDA6A, cid=124, SUCCESS, logIndex=178, commits[3258574c-39ac-4ed5-9145-ea59a337c299:c180]
2019-09-02 06:29:56,715 [SCMBlockDeletingService#1] DEBUG block.SCMBlockDeletingService (SCMBlockDeletingService.java:call(138)) - Running DeletedBlockTransactionScanner
2019-09-02 06:29:56,715 [SCMBlockDeletingService#1] DEBUG block.SCMBlockDeletingService (SCMBlockDeletingService.java:call(155)) - Scanned deleted blocks log and got 0 delTX to process.
2019-09-02 06:29:56,726 [grpc-default-executor-0] INFO  client.GrpcClientProtocolClient (GrpcClientProtocolClient.java:onNext(255)) - client-0D308AD40832->3258574c-39ac-4ed5-9145-ea59a337c299: receive RaftClientReply:client-0D308AD40832->3258574c-39ac-4ed5-9145-ea59a337c299@group-6C7D867BDA6A, cid=125, SUCCESS, logIndex=181, commits[3258574c-39ac-4ed5-9145-ea59a337c299:c184]
2019-09-02 06:29:56,727 [grpc-default-executor-0] INFO  client.GrpcClientProtocolClient (GrpcClientProtocolClient.java:onNext(255)) - client-0D308AD40832->3258574c-39ac-4ed5-9145-ea59a337c299: receive RaftClientReply:client-0D308AD40832->3258574c-39ac-4ed5-9145-ea59a337c299@group-6C7D867BDA6A, cid=126, SUCCESS, logIndex=182, commits[3258574c-39ac-4ed5-9145-ea59a337c299:c186]
2019-09-02 06:29:56,727 [grpc-default-executor-0] INFO  client.GrpcClientProtocolClient (GrpcClientProtocolClient.java:onNext(255)) - client-0D308AD40832->3258574c-39ac-4ed5-9145-ea59a337c299: receive RaftClientReply:client-0D308AD40832->3258574c-39ac-4ed5-9145-ea59a337c299@group-6C7D867BDA6A, cid=127, SUCCESS, logIndex=183, commits[3258574c-39ac-4ed5-9145-ea59a337c299:c186]
2019-09-02 06:29:56,728 [grpc-default-executor-0] INFO  client.GrpcClientProtocolClient (GrpcClientProtocolClient.java:onNext(255)) - client-0D308AD40832->3258574c-39ac-4ed5-9145-ea59a337c299: receive RaftClientReply:client-0D308AD40832->3258574c-39ac-4ed5-9145-ea59a337c299@group-6C7D867BDA6A, cid=128, SUCCESS, logIndex=184, commits[3258574c-39ac-4ed5-9145-ea59a337c299:c186]
2019-09-02 06:29:56,761 [grpc-default-executor-1] INFO  client.GrpcClientProtocolClient (GrpcClientProtocolClient.java:onNext(255)) - client-0D308AD40832->3258574c-39ac-4ed5-9145-ea59a337c299: receive RaftClientReply:client-0D308AD40832->3258574c-39ac-4ed5-9145-ea59a337c299@group-6C7D867BDA6A, cid=129, SUCCESS, logIndex=187, commits[3258574c-39ac-4ed5-9145-ea59a337c299:c190]
2019-09-02 06:29:56,761 [grpc-default-executor-1] INFO  client.GrpcClientProtocolClient (GrpcClientProtocolClient.java:onNext(255)) - client-0D308AD40832->3258574c-39ac-4ed5-9145-ea59a337c299: receive RaftClientReply:client-0D308AD40832->3258574c-39ac-4ed5-9145-ea59a337c299@group-6C7D867BDA6A, cid=130, SUCCESS, logIndex=188, commits[3258574c-39ac-4ed5-9145-ea59a337c299:c192]
2019-09-02 06:29:56,762 [grpc-default-executor-1] INFO  client.GrpcClientProtocolClient (GrpcClientProtocolClient.java:onNext(255)) - client-0D308AD40832->3258574c-39ac-4ed5-9145-ea59a337c299: receive RaftClientReply:client-0D308AD40832->3258574c-39ac-4ed5-9145-ea59a337c299@group-6C7D867BDA6A, cid=131, SUCCESS, logIndex=189, commits[3258574c-39ac-4ed5-9145-ea59a337c299:c192]
2019-09-02 06:29:56,763 [grpc-default-executor-1] INFO  client.GrpcClientProtocolClient (GrpcClientProtocolClient.java:onNext(255)) - client-0D308AD40832->3258574c-39ac-4ed5-9145-ea59a337c299: receive RaftClientReply:client-0D308AD40832->3258574c-39ac-4ed5-9145-ea59a337c299@group-6C7D867BDA6A, cid=132, SUCCESS, logIndex=190, commits[3258574c-39ac-4ed5-9145-ea59a337c299:c192]
2019-09-02 06:29:56,816 [SCMBlockDeletingService#1] DEBUG block.SCMBlockDeletingService (SCMBlockDeletingService.java:call(138)) - Running DeletedBlockTransactionScanner
2019-09-02 06:29:56,816 [SCMBlockDeletingService#1] DEBUG block.SCMBlockDeletingService (SCMBlockDeletingService.java:call(155)) - Scanned deleted blocks log and got 0 delTX to process.
2019-09-02 06:29:57,088 [SCMBlockDeletingService#1] DEBUG block.SCMBlockDeletingService (SCMBlockDeletingService.java:call(138)) - Running DeletedBlockTransactionScanner
2019-09-02 06:29:57,088 [SCMBlockDeletingService#1] DEBUG block.SCMBlockDeletingService (SCMBlockDeletingService.java:call(155)) - Scanned deleted blocks log and got 0 delTX to process.
2019-09-02 06:29:57,114 [grpc-default-executor-0] INFO  client.GrpcClientProtocolClient (GrpcClientProtocolClient.java:onNext(255)) - client-0D308AD40832->3258574c-39ac-4ed5-9145-ea59a337c299: receive RaftClientReply:client-0D308AD40832->3258574c-39ac-4ed5-9145-ea59a337c299@group-6C7D867BDA6A, cid=133, SUCCESS, logIndex=193, commits[3258574c-39ac-4ed5-9145-ea59a337c299:c196]
2019-09-02 06:29:57,115 [grpc-default-executor-0] INFO  client.GrpcClientProtocolClient (GrpcClientProtocolClient.java:onNext(255)) - client-0D308AD40832->3258574c-39ac-4ed5-9145-ea59a337c299: receive RaftClientReply:client-0D308AD40832->3258574c-39ac-4ed5-9145-ea59a337c299@group-6C7D867BDA6A, cid=134, SUCCESS, logIndex=194, commits[3258574c-39ac-4ed5-9145-ea59a337c299:c198]
2019-09-02 06:29:57,116 [grpc-default-executor-0] INFO  client.GrpcClientProtocolClient (GrpcClientProtocolClient.java:onNext(255)) - client-0D308AD40832->3258574c-39ac-4ed5-9145-ea59a337c299: receive RaftClientReply:client-0D308AD40832->3258574c-39ac-4ed5-9145-ea59a337c299@group-6C7D867BDA6A, cid=135, SUCCESS, logIndex=195, commits[3258574c-39ac-4ed5-9145-ea59a337c299:c198]
2019-09-02 06:29:57,117 [grpc-default-executor-0] INFO  client.GrpcClientProtocolClient (GrpcClientProtocolClient.java:onNext(255)) - client-0D308AD40832->3258574c-39ac-4ed5-9145-ea59a337c299: receive RaftClientReply:client-0D308AD40832->3258574c-39ac-4ed5-9145-ea59a337c299@group-6C7D867BDA6A, cid=136, SUCCESS, logIndex=196, commits[3258574c-39ac-4ed5-9145-ea59a337c299:c198]
2019-09-02 06:29:57,153 [grpc-default-executor-1] INFO  client.GrpcClientProtocolClient (GrpcClientProtocolClient.java:onNext(255)) - client-0D308AD40832->3258574c-39ac-4ed5-9145-ea59a337c299: receive RaftClientReply:client-0D308AD40832->3258574c-39ac-4ed5-9145-ea59a337c299@group-6C7D867BDA6A, cid=137, SUCCESS, logIndex=199, commits[3258574c-39ac-4ed5-9145-ea59a337c299:c200]
2019-09-02 06:29:57,154 [grpc-default-executor-1] INFO  client.GrpcClientProtocolClient (GrpcClientProtocolClient.java:onNext(255)) - client-0D308AD40832->3258574c-39ac-4ed5-9145-ea59a337c299: receive RaftClientReply:client-0D308AD40832->3258574c-39ac-4ed5-9145-ea59a337c299@group-6C7D867BDA6A, cid=138, SUCCESS, logIndex=200, commits[3258574c-39ac-4ed5-9145-ea59a337c299:c200]
2019-09-02 06:29:57,163 [grpc-default-executor-1] INFO  client.GrpcClientProtocolClient (GrpcClientProtocolClient.java:onNext(255)) - client-0D308AD40832->3258574c-39ac-4ed5-9145-ea59a337c299: receive RaftClientReply:client-0D308AD40832->3258574c-39ac-4ed5-9145-ea59a337c299@group-6C7D867BDA6A, cid=139, SUCCESS, logIndex=201, commits[3258574c-39ac-4ed5-9145-ea59a337c299:c202]
2019-09-02 06:29:57,164 [grpc-default-executor-1] INFO  client.GrpcClientProtocolClient (GrpcClientProtocolClient.java:onNext(255)) - client-0D308AD40832->3258574c-39ac-4ed5-9145-ea59a337c299: receive RaftClientReply:client-0D308AD40832->3258574c-39ac-4ed5-9145-ea59a337c299@group-6C7D867BDA6A, cid=140, SUCCESS, logIndex=202, commits[3258574c-39ac-4ed5-9145-ea59a337c299:c203]
2019-09-02 06:29:57,188 [grpc-default-executor-1] INFO  client.GrpcClientProtocolClient (GrpcClientProtocolClient.java:onNext(255)) - client-0D308AD40832->3258574c-39ac-4ed5-9145-ea59a337c299: receive RaftClientReply:client-0D308AD40832->3258574c-39ac-4ed5-9145-ea59a337c299@group-6C7D867BDA6A, cid=141, SUCCESS, logIndex=205, commits[3258574c-39ac-4ed5-9145-ea59a337c299:c208]
2019-09-02 06:29:57,189 [SCMBlockDeletingService#1] DEBUG block.SCMBlockDeletingService (SCMBlockDeletingService.java:call(138)) - Running DeletedBlockTransactionScanner
2019-09-02 06:29:57,189 [SCMBlockDeletingService#1] DEBUG block.SCMBlockDeletingService (SCMBlockDeletingService.java:call(155)) - Scanned deleted blocks log and got 0 delTX to process.
2019-09-02 06:29:57,189 [grpc-default-executor-1] INFO  client.GrpcClientProtocolClient (GrpcClientProtocolClient.java:onNext(255)) - client-0D308AD40832->3258574c-39ac-4ed5-9145-ea59a337c299: receive RaftClientReply:client-0D308AD40832->3258574c-39ac-4ed5-9145-ea59a337c299@group-6C7D867BDA6A, cid=142, SUCCESS, logIndex=206, commits[3258574c-39ac-4ed5-9145-ea59a337c299:c209]
2019-09-02 06:29:57,190 [grpc-default-executor-1] INFO  client.GrpcClientProtocolClient (GrpcClientProtocolClient.java:onNext(255)) - client-0D308AD40832->3258574c-39ac-4ed5-9145-ea59a337c299: receive RaftClientReply:client-0D308AD40832->3258574c-39ac-4ed5-9145-ea59a337c299@group-6C7D867BDA6A, cid=143, SUCCESS, logIndex=207, commits[3258574c-39ac-4ed5-9145-ea59a337c299:c210]
2019-09-02 06:29:57,190 [grpc-default-executor-1] INFO  client.GrpcClientProtocolClient (GrpcClientProtocolClient.java:onNext(255)) - client-0D308AD40832->3258574c-39ac-4ed5-9145-ea59a337c299: receive RaftClientReply:client-0D308AD40832->3258574c-39ac-4ed5-9145-ea59a337c299@group-6C7D867BDA6A, cid=144, SUCCESS, logIndex=208, commits[3258574c-39ac-4ed5-9145-ea59a337c299:c210]
2019-09-02 06:29:57,224 [grpc-default-executor-1] INFO  client.GrpcClientProtocolClient (GrpcClientProtocolClient.java:onNext(255)) - client-0D308AD40832->3258574c-39ac-4ed5-9145-ea59a337c299: receive RaftClientReply:client-0D308AD40832->3258574c-39ac-4ed5-9145-ea59a337c299@group-6C7D867BDA6A, cid=145, SUCCESS, logIndex=211, commits[3258574c-39ac-4ed5-9145-ea59a337c299:c212]
2019-09-02 06:29:57,225 [grpc-default-executor-1] INFO  client.GrpcClientProtocolClient (GrpcClientProtocolClient.java:onNext(255)) - client-0D308AD40832->3258574c-39ac-4ed5-9145-ea59a337c299: receive RaftClientReply:client-0D308AD40832->3258574c-39ac-4ed5-9145-ea59a337c299@group-6C7D867BDA6A, cid=146, SUCCESS, logIndex=212, commits[3258574c-39ac-4ed5-9145-ea59a337c299:c216]
2019-09-02 06:29:57,226 [grpc-default-executor-1] INFO  client.GrpcClientProtocolClient (GrpcClientProtocolClient.java:onNext(255)) - client-0D308AD40832->3258574c-39ac-4ed5-9145-ea59a337c299: receive RaftClientReply:client-0D308AD40832->3258574c-39ac-4ed5-9145-ea59a337c299@group-6C7D867BDA6A, cid=147, SUCCESS, logIndex=213, commits[3258574c-39ac-4ed5-9145-ea59a337c299:c216]
2019-09-02 06:29:57,226 [grpc-default-executor-1] INFO  client.GrpcClientProtocolClient (GrpcClientProtocolClient.java:onNext(255)) - client-0D308AD40832->3258574c-39ac-4ed5-9145-ea59a337c299: receive RaftClientReply:client-0D308AD40832->3258574c-39ac-4ed5-9145-ea59a337c299@group-6C7D867BDA6A, cid=148, SUCCESS, logIndex=214, commits[3258574c-39ac-4ed5-9145-ea59a337c299:c216]
2019-09-02 06:29:57,259 [grpc-default-executor-1] INFO  client.GrpcClientProtocolClient (GrpcClientProtocolClient.java:onNext(255)) - client-0D308AD40832->3258574c-39ac-4ed5-9145-ea59a337c299: receive RaftClientReply:client-0D308AD40832->3258574c-39ac-4ed5-9145-ea59a337c299@group-6C7D867BDA6A, cid=149, SUCCESS, logIndex=217, commits[3258574c-39ac-4ed5-9145-ea59a337c299:c220]
2019-09-02 06:29:57,259 [grpc-default-executor-1] INFO  client.GrpcClientProtocolClient (GrpcClientProtocolClient.java:onNext(255)) - client-0D308AD40832->3258574c-39ac-4ed5-9145-ea59a337c299: receive RaftClientReply:client-0D308AD40832->3258574c-39ac-4ed5-9145-ea59a337c299@group-6C7D867BDA6A, cid=150, SUCCESS, logIndex=218, commits[3258574c-39ac-4ed5-9145-ea59a337c299:c220]
2019-09-02 06:29:57,260 [grpc-default-executor-1] INFO  client.GrpcClientProtocolClient (GrpcClientProtocolClient.java:onNext(255)) - client-0D308AD40832->3258574c-39ac-4ed5-9145-ea59a337c299: receive RaftClientReply:client-0D308AD40832->3258574c-39ac-4ed5-9145-ea59a337c299@group-6C7D867BDA6A, cid=151, SUCCESS, logIndex=219, commits[3258574c-39ac-4ed5-9145-ea59a337c299:c220]
2019-09-02 06:29:57,261 [grpc-default-executor-1] INFO  client.GrpcClientProtocolClient (GrpcClientProtocolClient.java:onNext(255)) - client-0D308AD40832->3258574c-39ac-4ed5-9145-ea59a337c299: receive RaftClientReply:client-0D308AD40832->3258574c-39ac-4ed5-9145-ea59a337c299@group-6C7D867BDA6A, cid=152, SUCCESS, logIndex=220, commits[3258574c-39ac-4ed5-9145-ea59a337c299:c220]
2019-09-02 06:29:57,289 [SCMBlockDeletingService#1] DEBUG block.SCMBlockDeletingService (SCMBlockDeletingService.java:call(138)) - Running DeletedBlockTransactionScanner
2019-09-02 06:29:57,290 [SCMBlockDeletingService#1] DEBUG block.SCMBlockDeletingService (SCMBlockDeletingService.java:call(155)) - Scanned deleted blocks log and got 0 delTX to process.
2019-09-02 06:29:57,290 [grpc-default-executor-1] INFO  client.GrpcClientProtocolClient (GrpcClientProtocolClient.java:onNext(255)) - client-0D308AD40832->3258574c-39ac-4ed5-9145-ea59a337c299: receive RaftClientReply:client-0D308AD40832->3258574c-39ac-4ed5-9145-ea59a337c299@group-6C7D867BDA6A, cid=153, SUCCESS, logIndex=222, commits[3258574c-39ac-4ed5-9145-ea59a337c299:c225]
2019-09-02 06:29:57,291 [grpc-default-executor-1] INFO  client.GrpcClientProtocolClient (GrpcClientProtocolClient.java:onNext(255)) - client-0D308AD40832->3258574c-39ac-4ed5-9145-ea59a337c299: receive RaftClientReply:client-0D308AD40832->3258574c-39ac-4ed5-9145-ea59a337c299@group-6C7D867BDA6A, cid=154, SUCCESS, logIndex=223, commits[3258574c-39ac-4ed5-9145-ea59a337c299:c226]
2019-09-02 06:29:57,291 [grpc-default-executor-1] INFO  client.GrpcClientProtocolClient (GrpcClientProtocolClient.java:onNext(255)) - client-0D308AD40832->3258574c-39ac-4ed5-9145-ea59a337c299: receive RaftClientReply:client-0D308AD40832->3258574c-39ac-4ed5-9145-ea59a337c299@group-6C7D867BDA6A, cid=155, SUCCESS, logIndex=224, commits[3258574c-39ac-4ed5-9145-ea59a337c299:c227]
2019-09-02 06:29:57,292 [grpc-default-executor-1] INFO  client.GrpcClientProtocolClient (GrpcClientProtocolClient.java:onNext(255)) - client-0D308AD40832->3258574c-39ac-4ed5-9145-ea59a337c299: receive RaftClientReply:client-0D308AD40832->3258574c-39ac-4ed5-9145-ea59a337c299@group-6C7D867BDA6A, cid=156, SUCCESS, logIndex=225, commits[3258574c-39ac-4ed5-9145-ea59a337c299:c227]
2019-09-02 06:29:57,317 [grpc-default-executor-0] INFO  client.GrpcClientProtocolClient (GrpcClientProtocolClient.java:onNext(255)) - client-0D308AD40832->3258574c-39ac-4ed5-9145-ea59a337c299: receive RaftClientReply:client-0D308AD40832->3258574c-39ac-4ed5-9145-ea59a337c299@group-6C7D867BDA6A, cid=157, SUCCESS, logIndex=228, commits[3258574c-39ac-4ed5-9145-ea59a337c299:c231]
2019-09-02 06:29:57,317 [grpc-default-executor-0] INFO  client.GrpcClientProtocolClient (GrpcClientProtocolClient.java:onNext(255)) - client-0D308AD40832->3258574c-39ac-4ed5-9145-ea59a337c299: receive RaftClientReply:client-0D308AD40832->3258574c-39ac-4ed5-9145-ea59a337c299@group-6C7D867BDA6A, cid=158, SUCCESS, logIndex=229, commits[3258574c-39ac-4ed5-9145-ea59a337c299:c231]
2019-09-02 06:29:57,318 [grpc-default-executor-0] INFO  client.GrpcClientProtocolClient (GrpcClientProtocolClient.java:onNext(255)) - client-0D308AD40832->3258574c-39ac-4ed5-9145-ea59a337c299: receive RaftClientReply:client-0D308AD40832->3258574c-39ac-4ed5-9145-ea59a337c299@group-6C7D867BDA6A, cid=159, SUCCESS, logIndex=230, commits[3258574c-39ac-4ed5-9145-ea59a337c299:c231]
2019-09-02 06:29:57,318 [grpc-default-executor-0] INFO  client.GrpcClientProtocolClient (GrpcClientProtocolClient.java:onNext(255)) - client-0D308AD40832->3258574c-39ac-4ed5-9145-ea59a337c299: receive RaftClientReply:client-0D308AD40832->3258574c-39ac-4ed5-9145-ea59a337c299@group-6C7D867BDA6A, cid=160, SUCCESS, logIndex=231, commits[3258574c-39ac-4ed5-9145-ea59a337c299:c231]
2019-09-02 06:29:57,351 [grpc-default-executor-0] INFO  client.GrpcClientProtocolClient (GrpcClientProtocolClient.java:onNext(255)) - client-0D308AD40832->3258574c-39ac-4ed5-9145-ea59a337c299: receive RaftClientReply:client-0D308AD40832->3258574c-39ac-4ed5-9145-ea59a337c299@group-6C7D867BDA6A, cid=161, SUCCESS, logIndex=233, commits[3258574c-39ac-4ed5-9145-ea59a337c299:c236]
2019-09-02 06:29:57,352 [grpc-default-executor-0] INFO  client.GrpcClientProtocolClient (GrpcClientProtocolClient.java:onNext(255)) - client-0D308AD40832->3258574c-39ac-4ed5-9145-ea59a337c299: receive RaftClientReply:client-0D308AD40832->3258574c-39ac-4ed5-9145-ea59a337c299@group-6C7D867BDA6A, cid=162, SUCCESS, logIndex=234, commits[3258574c-39ac-4ed5-9145-ea59a337c299:c236]
2019-09-02 06:29:57,353 [grpc-default-executor-0] INFO  client.GrpcClientProtocolClient (GrpcClientProtocolClient.java:onNext(255)) - client-0D308AD40832->3258574c-39ac-4ed5-9145-ea59a337c299: receive RaftClientReply:client-0D308AD40832->3258574c-39ac-4ed5-9145-ea59a337c299@group-6C7D867BDA6A, cid=163, SUCCESS, logIndex=235, commits[3258574c-39ac-4ed5-9145-ea59a337c299:c236]
2019-09-02 06:29:57,354 [grpc-default-executor-0] INFO  client.GrpcClientProtocolClient (GrpcClientProtocolClient.java:onNext(255)) - client-0D308AD40832->3258574c-39ac-4ed5-9145-ea59a337c299: receive RaftClientReply:client-0D308AD40832->3258574c-39ac-4ed5-9145-ea59a337c299@group-6C7D867BDA6A, cid=164, SUCCESS, logIndex=236, commits[3258574c-39ac-4ed5-9145-ea59a337c299:c236]
2019-09-02 06:29:57,380 [grpc-default-executor-0] INFO  client.GrpcClientProtocolClient (GrpcClientProtocolClient.java:onNext(255)) - client-0D308AD40832->3258574c-39ac-4ed5-9145-ea59a337c299: receive RaftClientReply:client-0D308AD40832->3258574c-39ac-4ed5-9145-ea59a337c299@group-6C7D867BDA6A, cid=165, SUCCESS, logIndex=238, commits[3258574c-39ac-4ed5-9145-ea59a337c299:c241]
2019-09-02 06:29:57,381 [grpc-default-executor-0] INFO  client.GrpcClientProtocolClient (GrpcClientProtocolClient.java:onNext(255)) - client-0D308AD40832->3258574c-39ac-4ed5-9145-ea59a337c299: receive RaftClientReply:client-0D308AD40832->3258574c-39ac-4ed5-9145-ea59a337c299@group-6C7D867BDA6A, cid=166, SUCCESS, logIndex=239, commits[3258574c-39ac-4ed5-9145-ea59a337c299:c242]
2019-09-02 06:29:57,381 [grpc-default-executor-0] INFO  client.GrpcClientProtocolClient (GrpcClientProtocolClient.java:onNext(255)) - client-0D308AD40832->3258574c-39ac-4ed5-9145-ea59a337c299: receive RaftClientReply:client-0D308AD40832->3258574c-39ac-4ed5-9145-ea59a337c299@group-6C7D867BDA6A, cid=167, SUCCESS, logIndex=240, commits[3258574c-39ac-4ed5-9145-ea59a337c299:c242]
2019-09-02 06:29:57,382 [grpc-default-executor-0] INFO  client.GrpcClientProtocolClient (GrpcClientProtocolClient.java:onNext(255)) - client-0D308AD40832->3258574c-39ac-4ed5-9145-ea59a337c299: receive RaftClientReply:client-0D308AD40832->3258574c-39ac-4ed5-9145-ea59a337c299@group-6C7D867BDA6A, cid=168, SUCCESS, logIndex=241, commits[3258574c-39ac-4ed5-9145-ea59a337c299:c242]
2019-09-02 06:29:57,390 [SCMBlockDeletingService#1] DEBUG block.SCMBlockDeletingService (SCMBlockDeletingService.java:call(138)) - Running DeletedBlockTransactionScanner
2019-09-02 06:29:57,390 [SCMBlockDeletingService#1] DEBUG block.SCMBlockDeletingService (SCMBlockDeletingService.java:call(155)) - Scanned deleted blocks log and got 0 delTX to process.
2019-09-02 06:29:57,401 [grpc-default-executor-1] INFO  client.GrpcClientProtocolClient (GrpcClientProtocolClient.java:onNext(255)) - client-0D308AD40832->3258574c-39ac-4ed5-9145-ea59a337c299: receive RaftClientReply:client-0D308AD40832->3258574c-39ac-4ed5-9145-ea59a337c299@group-6C7D867BDA6A, cid=169, SUCCESS, logIndex=243, commits[3258574c-39ac-4ed5-9145-ea59a337c299:c244]
2019-09-02 06:29:57,402 [grpc-default-executor-1] INFO  client.GrpcClientProtocolClient (GrpcClientProtocolClient.java:onNext(255)) - client-0D308AD40832->3258574c-39ac-4ed5-9145-ea59a337c299: receive RaftClientReply:client-0D308AD40832->3258574c-39ac-4ed5-9145-ea59a337c299@group-6C7D867BDA6A, cid=170, SUCCESS, logIndex=244, commits[3258574c-39ac-4ed5-9145-ea59a337c299:c244]
2019-09-02 06:29:57,403 [grpc-default-executor-1] INFO  client.GrpcClientProtocolClient (GrpcClientProtocolClient.java:onNext(255)) - client-0D308AD40832->3258574c-39ac-4ed5-9145-ea59a337c299: receive RaftClientReply:client-0D308AD40832->3258574c-39ac-4ed5-9145-ea59a337c299@group-6C7D867BDA6A, cid=171, SUCCESS, logIndex=245, commits[3258574c-39ac-4ed5-9145-ea59a337c299:c247]
2019-09-02 06:29:57,404 [grpc-default-executor-1] INFO  client.GrpcClientProtocolClient (GrpcClientProtocolClient.java:onNext(255)) - client-0D308AD40832->3258574c-39ac-4ed5-9145-ea59a337c299: receive RaftClientReply:client-0D308AD40832->3258574c-39ac-4ed5-9145-ea59a337c299@group-6C7D867BDA6A, cid=172, SUCCESS, logIndex=247, commits[3258574c-39ac-4ed5-9145-ea59a337c299:c248]
2019-09-02 06:29:57,425 [grpc-default-executor-0] INFO  client.GrpcClientProtocolClient (GrpcClientProtocolClient.java:onNext(255)) - client-0D308AD40832->3258574c-39ac-4ed5-9145-ea59a337c299: receive RaftClientReply:client-0D308AD40832->3258574c-39ac-4ed5-9145-ea59a337c299@group-6C7D867BDA6A, cid=173, SUCCESS, logIndex=249, commits[3258574c-39ac-4ed5-9145-ea59a337c299:c249]
2019-09-02 06:29:57,429 [grpc-default-executor-1] INFO  client.GrpcClientProtocolClient (GrpcClientProtocolClient.java:onNext(255)) - client-0D308AD40832->3258574c-39ac-4ed5-9145-ea59a337c299: receive RaftClientReply:client-0D308AD40832->3258574c-39ac-4ed5-9145-ea59a337c299@group-6C7D867BDA6A, cid=174, SUCCESS, logIndex=251, commits[3258574c-39ac-4ed5-9145-ea59a337c299:c251]
2019-09-02 06:29:57,439 [grpc-default-executor-1] INFO  client.GrpcClientProtocolClient (GrpcClientProtocolClient.java:onNext(255)) - client-0D308AD40832->3258574c-39ac-4ed5-9145-ea59a337c299: receive RaftClientReply:client-0D308AD40832->3258574c-39ac-4ed5-9145-ea59a337c299@group-6C7D867BDA6A, cid=175, SUCCESS, logIndex=252, commits[3258574c-39ac-4ed5-9145-ea59a337c299:c253]
2019-09-02 06:29:57,449 [grpc-default-executor-1] INFO  client.GrpcClientProtocolClient (GrpcClientProtocolClient.java:onNext(255)) - client-0D308AD40832->3258574c-39ac-4ed5-9145-ea59a337c299: receive RaftClientReply:client-0D308AD40832->3258574c-39ac-4ed5-9145-ea59a337c299@group-6C7D867BDA6A, cid=176, SUCCESS, logIndex=254, commits[3258574c-39ac-4ed5-9145-ea59a337c299:c254]
2019-09-02 06:29:57,490 [SCMBlockDeletingService#1] DEBUG block.SCMBlockDeletingService (SCMBlockDeletingService.java:call(138)) - Running DeletedBlockTransactionScanner
2019-09-02 06:29:57,491 [SCMBlockDeletingService#1] DEBUG block.SCMBlockDeletingService (SCMBlockDeletingService.java:call(155)) - Scanned deleted blocks log and got 0 delTX to process.
2019-09-02 06:29:57,574 [grpc-default-executor-1] INFO  client.GrpcClientProtocolClient (GrpcClientProtocolClient.java:onNext(255)) - client-0D308AD40832->3258574c-39ac-4ed5-9145-ea59a337c299: receive RaftClientReply:client-0D308AD40832->3258574c-39ac-4ed5-9145-ea59a337c299@group-6C7D867BDA6A, cid=177, SUCCESS, logIndex=256, commits[3258574c-39ac-4ed5-9145-ea59a337c299:c259]
2019-09-02 06:29:57,575 [grpc-default-executor-1] INFO  client.GrpcClientProtocolClient (GrpcClientProtocolClient.java:onNext(255)) - client-0D308AD40832->3258574c-39ac-4ed5-9145-ea59a337c299: receive RaftClientReply:client-0D308AD40832->3258574c-39ac-4ed5-9145-ea59a337c299@group-6C7D867BDA6A, cid=178, SUCCESS, logIndex=257, commits[3258574c-39ac-4ed5-9145-ea59a337c299:c259]
2019-09-02 06:29:57,575 [grpc-default-executor-1] INFO  client.GrpcClientProtocolClient (GrpcClientProtocolClient.java:onNext(255)) - client-0D308AD40832->3258574c-39ac-4ed5-9145-ea59a337c299: receive RaftClientReply:client-0D308AD40832->3258574c-39ac-4ed5-9145-ea59a337c299@group-6C7D867BDA6A, cid=179, SUCCESS, logIndex=258, commits[3258574c-39ac-4ed5-9145-ea59a337c299:c259]
2019-09-02 06:29:57,576 [grpc-default-executor-1] INFO  client.GrpcClientProtocolClient (GrpcClientProtocolClient.java:onNext(255)) - client-0D308AD40832->3258574c-39ac-4ed5-9145-ea59a337c299: receive RaftClientReply:client-0D308AD40832->3258574c-39ac-4ed5-9145-ea59a337c299@group-6C7D867BDA6A, cid=180, SUCCESS, logIndex=259, commits[3258574c-39ac-4ed5-9145-ea59a337c299:c259]
2019-09-02 06:29:57,591 [SCMBlockDeletingService#1] DEBUG block.SCMBlockDeletingService (SCMBlockDeletingService.java:call(138)) - Running DeletedBlockTransactionScanner
2019-09-02 06:29:57,591 [SCMBlockDeletingService#1] DEBUG block.SCMBlockDeletingService (SCMBlockDeletingService.java:call(155)) - Scanned deleted blocks log and got 0 delTX to process.
2019-09-02 06:29:57,630 [grpc-default-executor-1] INFO  client.GrpcClientProtocolClient (GrpcClientProtocolClient.java:onNext(255)) - client-0D308AD40832->3258574c-39ac-4ed5-9145-ea59a337c299: receive RaftClientReply:client-0D308AD40832->3258574c-39ac-4ed5-9145-ea59a337c299@group-6C7D867BDA6A, cid=181, SUCCESS, logIndex=261, commits[3258574c-39ac-4ed5-9145-ea59a337c299:c264]
2019-09-02 06:29:57,630 [grpc-default-executor-1] INFO  client.GrpcClientProtocolClient (GrpcClientProtocolClient.java:onNext(255)) - client-0D308AD40832->3258574c-39ac-4ed5-9145-ea59a337c299: receive RaftClientReply:client-0D308AD40832->3258574c-39ac-4ed5-9145-ea59a337c299@group-6C7D867BDA6A, cid=182, SUCCESS, logIndex=262, commits[3258574c-39ac-4ed5-9145-ea59a337c299:c264]
2019-09-02 06:29:57,631 [grpc-default-executor-1] INFO  client.GrpcClientProtocolClient (GrpcClientProtocolClient.java:onNext(255)) - client-0D308AD40832->3258574c-39ac-4ed5-9145-ea59a337c299: receive RaftClientReply:client-0D308AD40832->3258574c-39ac-4ed5-9145-ea59a337c299@group-6C7D867BDA6A, cid=183, SUCCESS, logIndex=263, commits[3258574c-39ac-4ed5-9145-ea59a337c299:c264]
2019-09-02 06:29:57,631 [grpc-default-executor-1] INFO  client.GrpcClientProtocolClient (GrpcClientProtocolClient.java:onNext(255)) - client-0D308AD40832->3258574c-39ac-4ed5-9145-ea59a337c299: receive RaftClientReply:client-0D308AD40832->3258574c-39ac-4ed5-9145-ea59a337c299@group-6C7D867BDA6A, cid=184, SUCCESS, logIndex=264, commits[3258574c-39ac-4ed5-9145-ea59a337c299:c265]
2019-09-02 06:29:57,650 [grpc-default-executor-0] INFO  client.GrpcClientProtocolClient (GrpcClientProtocolClient.java:onNext(255)) - client-0D308AD40832->3258574c-39ac-4ed5-9145-ea59a337c299: receive RaftClientReply:client-0D308AD40832->3258574c-39ac-4ed5-9145-ea59a337c299@group-6C7D867BDA6A, cid=185, SUCCESS, logIndex=266, commits[3258574c-39ac-4ed5-9145-ea59a337c299:c267]
2019-09-02 06:29:57,651 [grpc-default-executor-0] INFO  client.GrpcClientProtocolClient (GrpcClientProtocolClient.java:onNext(255)) - client-0D308AD40832->3258574c-39ac-4ed5-9145-ea59a337c299: receive RaftClientReply:client-0D308AD40832->3258574c-39ac-4ed5-9145-ea59a337c299@group-6C7D867BDA6A, cid=186, SUCCESS, logIndex=267, commits[3258574c-39ac-4ed5-9145-ea59a337c299:c267]
2019-09-02 06:29:57,652 [grpc-default-executor-0] INFO  client.GrpcClientProtocolClient (GrpcClientProtocolClient.java:onNext(255)) - client-0D308AD40832->3258574c-39ac-4ed5-9145-ea59a337c299: receive RaftClientReply:client-0D308AD40832->3258574c-39ac-4ed5-9145-ea59a337c299@group-6C7D867BDA6A, cid=187, SUCCESS, logIndex=268, commits[3258574c-39ac-4ed5-9145-ea59a337c299:c270]
2019-09-02 06:29:57,652 [grpc-default-executor-0] INFO  client.GrpcClientProtocolClient (GrpcClientProtocolClient.java:onNext(255)) - client-0D308AD40832->3258574c-39ac-4ed5-9145-ea59a337c299: receive RaftClientReply:client-0D308AD40832->3258574c-39ac-4ed5-9145-ea59a337c299@group-6C7D867BDA6A, cid=188, SUCCESS, logIndex=269, commits[3258574c-39ac-4ed5-9145-ea59a337c299:c270]
2019-09-02 06:29:57,671 [grpc-default-executor-0] INFO  client.GrpcClientProtocolClient (GrpcClientProtocolClient.java:onNext(255)) - client-0D308AD40832->3258574c-39ac-4ed5-9145-ea59a337c299: receive RaftClientReply:client-0D308AD40832->3258574c-39ac-4ed5-9145-ea59a337c299@group-6C7D867BDA6A, cid=189, SUCCESS, logIndex=271, commits[3258574c-39ac-4ed5-9145-ea59a337c299:c274]
2019-09-02 06:29:57,672 [grpc-default-executor-0] INFO  client.GrpcClientProtocolClient (GrpcClientProtocolClient.java:onNext(255)) - client-0D308AD40832->3258574c-39ac-4ed5-9145-ea59a337c299: receive RaftClientReply:client-0D308AD40832->3258574c-39ac-4ed5-9145-ea59a337c299@group-6C7D867BDA6A, cid=190, SUCCESS, logIndex=272, commits[3258574c-39ac-4ed5-9145-ea59a337c299:c275]
2019-09-02 06:29:57,672 [grpc-default-executor-0] INFO  client.GrpcClientProtocolClient (GrpcClientProtocolClient.java:onNext(255)) - client-0D308AD40832->3258574c-39ac-4ed5-9145-ea59a337c299: receive RaftClientReply:client-0D308AD40832->3258574c-39ac-4ed5-9145-ea59a337c299@group-6C7D867BDA6A, cid=191, SUCCESS, logIndex=273, commits[3258574c-39ac-4ed5-9145-ea59a337c299:c275]
2019-09-02 06:29:57,673 [grpc-default-executor-0] INFO  client.GrpcClientProtocolClient (GrpcClientProtocolClient.java:onNext(255)) - client-0D308AD40832->3258574c-39ac-4ed5-9145-ea59a337c299: receive RaftClientReply:client-0D308AD40832->3258574c-39ac-4ed5-9145-ea59a337c299@group-6C7D867BDA6A, cid=192, SUCCESS, logIndex=274, commits[3258574c-39ac-4ed5-9145-ea59a337c299:c275]
2019-09-02 06:29:57,692 [SCMBlockDeletingService#1] DEBUG block.SCMBlockDeletingService (SCMBlockDeletingService.java:call(138)) - Running DeletedBlockTransactionScanner
2019-09-02 06:29:57,692 [SCMBlockDeletingService#1] DEBUG block.SCMBlockDeletingService (SCMBlockDeletingService.java:call(155)) - Scanned deleted blocks log and got 0 delTX to process.
2019-09-02 06:29:57,697 [grpc-default-executor-0] INFO  client.GrpcClientProtocolClient (GrpcClientProtocolClient.java:onNext(255)) - client-0D308AD40832->3258574c-39ac-4ed5-9145-ea59a337c299: receive RaftClientReply:client-0D308AD40832->3258574c-39ac-4ed5-9145-ea59a337c299@group-6C7D867BDA6A, cid=193, SUCCESS, logIndex=276, commits[3258574c-39ac-4ed5-9145-ea59a337c299:c277]
2019-09-02 06:29:57,698 [grpc-default-executor-0] INFO  client.GrpcClientProtocolClient (GrpcClientProtocolClient.java:onNext(255)) - client-0D308AD40832->3258574c-39ac-4ed5-9145-ea59a337c299: receive RaftClientReply:client-0D308AD40832->3258574c-39ac-4ed5-9145-ea59a337c299@group-6C7D867BDA6A, cid=194, SUCCESS, logIndex=277, commits[3258574c-39ac-4ed5-9145-ea59a337c299:c277]
2019-09-02 06:29:57,716 [grpc-default-executor-0] INFO  client.GrpcClientProtocolClient (GrpcClientProtocolClient.java:onNext(255)) - client-0D308AD40832->3258574c-39ac-4ed5-9145-ea59a337c299: receive RaftClientReply:client-0D308AD40832->3258574c-39ac-4ed5-9145-ea59a337c299@group-6C7D867BDA6A, cid=195, SUCCESS, logIndex=278, commits[3258574c-39ac-4ed5-9145-ea59a337c299:c280]
2019-09-02 06:29:57,717 [grpc-default-executor-0] INFO  client.GrpcClientProtocolClient (GrpcClientProtocolClient.java:onNext(255)) - client-0D308AD40832->3258574c-39ac-4ed5-9145-ea59a337c299: receive RaftClientReply:client-0D308AD40832->3258574c-39ac-4ed5-9145-ea59a337c299@group-6C7D867BDA6A, cid=196, SUCCESS, logIndex=279, commits[3258574c-39ac-4ed5-9145-ea59a337c299:c280]
2019-09-02 06:29:57,742 [grpc-default-executor-0] INFO  client.GrpcClientProtocolClient (GrpcClientProtocolClient.java:onNext(255)) - client-0D308AD40832->3258574c-39ac-4ed5-9145-ea59a337c299: receive RaftClientReply:client-0D308AD40832->3258574c-39ac-4ed5-9145-ea59a337c299@group-6C7D867BDA6A, cid=197, SUCCESS, logIndex=281, commits[3258574c-39ac-4ed5-9145-ea59a337c299:c284]
2019-09-02 06:29:57,743 [grpc-default-executor-0] INFO  client.GrpcClientProtocolClient (GrpcClientProtocolClient.java:onNext(255)) - client-0D308AD40832->3258574c-39ac-4ed5-9145-ea59a337c299: receive RaftClientReply:client-0D308AD40832->3258574c-39ac-4ed5-9145-ea59a337c299@group-6C7D867BDA6A, cid=198, SUCCESS, logIndex=282, commits[3258574c-39ac-4ed5-9145-ea59a337c299:c284]
2019-09-02 06:29:57,743 [grpc-default-executor-0] INFO  client.GrpcClientProtocolClient (GrpcClientProtocolClient.java:onNext(255)) - client-0D308AD40832->3258574c-39ac-4ed5-9145-ea59a337c299: receive RaftClientReply:client-0D308AD40832->3258574c-39ac-4ed5-9145-ea59a337c299@group-6C7D867BDA6A, cid=199, SUCCESS, logIndex=283, commits[3258574c-39ac-4ed5-9145-ea59a337c299:c284]
2019-09-02 06:29:57,744 [grpc-default-executor-0] INFO  client.GrpcClientProtocolClient (GrpcClientProtocolClient.java:onNext(255)) - client-0D308AD40832->3258574c-39ac-4ed5-9145-ea59a337c299: receive RaftClientReply:client-0D308AD40832->3258574c-39ac-4ed5-9145-ea59a337c299@group-6C7D867BDA6A, cid=200, SUCCESS, logIndex=284, commits[3258574c-39ac-4ed5-9145-ea59a337c299:c284]
2019-09-02 06:29:57,771 [grpc-default-executor-1] INFO  client.GrpcClientProtocolClient (GrpcClientProtocolClient.java:onNext(255)) - client-0D308AD40832->3258574c-39ac-4ed5-9145-ea59a337c299: receive RaftClientReply:client-0D308AD40832->3258574c-39ac-4ed5-9145-ea59a337c299@group-6C7D867BDA6A, cid=201, SUCCESS, logIndex=286, commits[3258574c-39ac-4ed5-9145-ea59a337c299:c287]
2019-09-02 06:29:57,772 [grpc-default-executor-1] INFO  client.GrpcClientProtocolClient (GrpcClientProtocolClient.java:onNext(255)) - client-0D308AD40832->3258574c-39ac-4ed5-9145-ea59a337c299: receive RaftClientReply:client-0D308AD40832->3258574c-39ac-4ed5-9145-ea59a337c299@group-6C7D867BDA6A, cid=202, SUCCESS, logIndex=287, commits[3258574c-39ac-4ed5-9145-ea59a337c299:c290]
2019-09-02 06:29:57,772 [grpc-default-executor-1] INFO  client.GrpcClientProtocolClient (GrpcClientProtocolClient.java:onNext(255)) - client-0D308AD40832->3258574c-39ac-4ed5-9145-ea59a337c299: receive RaftClientReply:client-0D308AD40832->3258574c-39ac-4ed5-9145-ea59a337c299@group-6C7D867BDA6A, cid=203, SUCCESS, logIndex=288, commits[3258574c-39ac-4ed5-9145-ea59a337c299:c291]
2019-09-02 06:29:57,773 [grpc-default-executor-1] INFO  client.GrpcClientProtocolClient (GrpcClientProtocolClient.java:onNext(255)) - client-0D308AD40832->3258574c-39ac-4ed5-9145-ea59a337c299: receive RaftClientReply:client-0D308AD40832->3258574c-39ac-4ed5-9145-ea59a337c299@group-6C7D867BDA6A, cid=204, SUCCESS, logIndex=289, commits[3258574c-39ac-4ed5-9145-ea59a337c299:c291]
2019-09-02 06:29:57,792 [SCMBlockDeletingService#1] DEBUG block.SCMBlockDeletingService (SCMBlockDeletingService.java:call(138)) - Running DeletedBlockTransactionScanner
2019-09-02 06:29:57,792 [SCMBlockDeletingService#1] DEBUG block.SCMBlockDeletingService (SCMBlockDeletingService.java:call(155)) - Scanned deleted blocks log and got 0 delTX to process.
2019-09-02 06:29:57,794 [grpc-default-executor-1] INFO  client.GrpcClientProtocolClient (GrpcClientProtocolClient.java:onNext(255)) - client-0D308AD40832->3258574c-39ac-4ed5-9145-ea59a337c299: receive RaftClientReply:client-0D308AD40832->3258574c-39ac-4ed5-9145-ea59a337c299@group-6C7D867BDA6A, cid=205, SUCCESS, logIndex=292, commits[3258574c-39ac-4ed5-9145-ea59a337c299:c295]
2019-09-02 06:29:57,795 [grpc-default-executor-1] INFO  client.GrpcClientProtocolClient (GrpcClientProtocolClient.java:onNext(255)) - client-0D308AD40832->3258574c-39ac-4ed5-9145-ea59a337c299: receive RaftClientReply:client-0D308AD40832->3258574c-39ac-4ed5-9145-ea59a337c299@group-6C7D867BDA6A, cid=206, SUCCESS, logIndex=293, commits[3258574c-39ac-4ed5-9145-ea59a337c299:c296]
2019-09-02 06:29:57,795 [grpc-default-executor-1] INFO  client.GrpcClientProtocolClient (GrpcClientProtocolClient.java:onNext(255)) - client-0D308AD40832->3258574c-39ac-4ed5-9145-ea59a337c299: receive RaftClientReply:client-0D308AD40832->3258574c-39ac-4ed5-9145-ea59a337c299@group-6C7D867BDA6A, cid=207, SUCCESS, logIndex=294, commits[3258574c-39ac-4ed5-9145-ea59a337c299:c297]
2019-09-02 06:29:57,795 [grpc-default-executor-1] INFO  client.GrpcClientProtocolClient (GrpcClientProtocolClient.java:onNext(255)) - client-0D308AD40832->3258574c-39ac-4ed5-9145-ea59a337c299: receive RaftClientReply:client-0D308AD40832->3258574c-39ac-4ed5-9145-ea59a337c299@group-6C7D867BDA6A, cid=208, SUCCESS, logIndex=295, commits[3258574c-39ac-4ed5-9145-ea59a337c299:c297]
2019-09-02 06:29:57,822 [grpc-default-executor-1] INFO  client.GrpcClientProtocolClient (GrpcClientProtocolClient.java:onNext(255)) - client-0D308AD40832->3258574c-39ac-4ed5-9145-ea59a337c299: receive RaftClientReply:client-0D308AD40832->3258574c-39ac-4ed5-9145-ea59a337c299@group-6C7D867BDA6A, cid=209, SUCCESS, logIndex=298, commits[3258574c-39ac-4ed5-9145-ea59a337c299:c299]
2019-09-02 06:29:57,822 [grpc-default-executor-1] INFO  client.GrpcClientProtocolClient (GrpcClientProtocolClient.java:onNext(255)) - client-0D308AD40832->3258574c-39ac-4ed5-9145-ea59a337c299: receive RaftClientReply:client-0D308AD40832->3258574c-39ac-4ed5-9145-ea59a337c299@group-6C7D867BDA6A, cid=210, SUCCESS, logIndex=299, commits[3258574c-39ac-4ed5-9145-ea59a337c299:c301]
2019-09-02 06:29:57,823 [grpc-default-executor-1] INFO  client.GrpcClientProtocolClient (GrpcClientProtocolClient.java:onNext(255)) - client-0D308AD40832->3258574c-39ac-4ed5-9145-ea59a337c299: receive RaftClientReply:client-0D308AD40832->3258574c-39ac-4ed5-9145-ea59a337c299@group-6C7D867BDA6A, cid=211, SUCCESS, logIndex=300, commits[3258574c-39ac-4ed5-9145-ea59a337c299:c302]
2019-09-02 06:29:57,823 [grpc-default-executor-1] INFO  client.GrpcClientProtocolClient (GrpcClientProtocolClient.java:onNext(255)) - client-0D308AD40832->3258574c-39ac-4ed5-9145-ea59a337c299: receive RaftClientReply:client-0D308AD40832->3258574c-39ac-4ed5-9145-ea59a337c299@group-6C7D867BDA6A, cid=212, SUCCESS, logIndex=301, commits[3258574c-39ac-4ed5-9145-ea59a337c299:c303]
2019-09-02 06:29:57,844 [grpc-default-executor-1] INFO  client.GrpcClientProtocolClient (GrpcClientProtocolClient.java:onNext(255)) - client-0D308AD40832->3258574c-39ac-4ed5-9145-ea59a337c299: receive RaftClientReply:client-0D308AD40832->3258574c-39ac-4ed5-9145-ea59a337c299@group-6C7D867BDA6A, cid=213, SUCCESS, logIndex=304, commits[3258574c-39ac-4ed5-9145-ea59a337c299:c307]
2019-09-02 06:29:57,845 [grpc-default-executor-1] INFO  client.GrpcClientProtocolClient (GrpcClientProtocolClient.java:onNext(255)) - client-0D308AD40832->3258574c-39ac-4ed5-9145-ea59a337c299: receive RaftClientReply:client-0D308AD40832->3258574c-39ac-4ed5-9145-ea59a337c299@group-6C7D867BDA6A, cid=214, SUCCESS, logIndex=305, commits[3258574c-39ac-4ed5-9145-ea59a337c299:c308]
2019-09-02 06:29:57,845 [grpc-default-executor-1] INFO  client.GrpcClientProtocolClient (GrpcClientProtocolClient.java:onNext(255)) - client-0D308AD40832->3258574c-39ac-4ed5-9145-ea59a337c299: receive RaftClientReply:client-0D308AD40832->3258574c-39ac-4ed5-9145-ea59a337c299@group-6C7D867BDA6A, cid=215, SUCCESS, logIndex=306, commits[3258574c-39ac-4ed5-9145-ea59a337c299:c308]
2019-09-02 06:29:57,846 [grpc-default-executor-1] INFO  client.GrpcClientProtocolClient (GrpcClientProtocolClient.java:onNext(255)) - client-0D308AD40832->3258574c-39ac-4ed5-9145-ea59a337c299: receive RaftClientReply:client-0D308AD40832->3258574c-39ac-4ed5-9145-ea59a337c299@group-6C7D867BDA6A, cid=216, SUCCESS, logIndex=307, commits[3258574c-39ac-4ed5-9145-ea59a337c299:c308]
2019-09-02 06:29:57,874 [grpc-default-executor-1] INFO  client.GrpcClientProtocolClient (GrpcClientProtocolClient.java:onNext(255)) - client-0D308AD40832->3258574c-39ac-4ed5-9145-ea59a337c299: receive RaftClientReply:client-0D308AD40832->3258574c-39ac-4ed5-9145-ea59a337c299@group-6C7D867BDA6A, cid=217, SUCCESS, logIndex=309, commits[3258574c-39ac-4ed5-9145-ea59a337c299:c312]
2019-09-02 06:29:57,875 [grpc-default-executor-1] INFO  client.GrpcClientProtocolClient (GrpcClientProtocolClient.java:onNext(255)) - client-0D308AD40832->3258574c-39ac-4ed5-9145-ea59a337c299: receive RaftClientReply:client-0D308AD40832->3258574c-39ac-4ed5-9145-ea59a337c299@group-6C7D867BDA6A, cid=218, SUCCESS, logIndex=310, commits[3258574c-39ac-4ed5-9145-ea59a337c299:c313]
2019-09-02 06:29:57,875 [grpc-default-executor-1] INFO  client.GrpcClientProtocolClient (GrpcClientProtocolClient.java:onNext(255)) - client-0D308AD40832->3258574c-39ac-4ed5-9145-ea59a337c299: receive RaftClientReply:client-0D308AD40832->3258574c-39ac-4ed5-9145-ea59a337c299@group-6C7D867BDA6A, cid=219, SUCCESS, logIndex=311, commits[3258574c-39ac-4ed5-9145-ea59a337c299:c313]
2019-09-02 06:29:57,876 [grpc-default-executor-1] INFO  client.GrpcClientProtocolClient (GrpcClientProtocolClient.java:onNext(255)) - client-0D308AD40832->3258574c-39ac-4ed5-9145-ea59a337c299: receive RaftClientReply:client-0D308AD40832->3258574c-39ac-4ed5-9145-ea59a337c299@group-6C7D867BDA6A, cid=220, SUCCESS, logIndex=312, commits[3258574c-39ac-4ed5-9145-ea59a337c299:c313]
2019-09-02 06:29:57,893 [SCMBlockDeletingService#1] DEBUG block.SCMBlockDeletingService (SCMBlockDeletingService.java:call(138)) - Running DeletedBlockTransactionScanner
2019-09-02 06:29:57,893 [SCMBlockDeletingService#1] DEBUG block.SCMBlockDeletingService (SCMBlockDeletingService.java:call(155)) - Scanned deleted blocks log and got 0 delTX to process.
2019-09-02 06:29:57,993 [SCMBlockDeletingService#1] DEBUG block.SCMBlockDeletingService (SCMBlockDeletingService.java:call(138)) - Running DeletedBlockTransactionScanner
2019-09-02 06:29:57,993 [SCMBlockDeletingService#1] DEBUG block.SCMBlockDeletingService (SCMBlockDeletingService.java:call(155)) - Scanned deleted blocks log and got 0 delTX to process.
2019-09-02 06:29:58,008 [grpc-default-executor-0] INFO  client.GrpcClientProtocolClient (GrpcClientProtocolClient.java:onNext(255)) - client-0D308AD40832->3258574c-39ac-4ed5-9145-ea59a337c299: receive RaftClientReply:client-0D308AD40832->3258574c-39ac-4ed5-9145-ea59a337c299@group-6C7D867BDA6A, cid=221, SUCCESS, logIndex=314, commits[3258574c-39ac-4ed5-9145-ea59a337c299:c317]
2019-09-02 06:29:58,008 [grpc-default-executor-0] INFO  client.GrpcClientProtocolClient (GrpcClientProtocolClient.java:onNext(255)) - client-0D308AD40832->3258574c-39ac-4ed5-9145-ea59a337c299: receive RaftClientReply:client-0D308AD40832->3258574c-39ac-4ed5-9145-ea59a337c299@group-6C7D867BDA6A, cid=222, SUCCESS, logIndex=315, commits[3258574c-39ac-4ed5-9145-ea59a337c299:c318]
2019-09-02 06:29:58,009 [grpc-default-executor-0] INFO  client.GrpcClientProtocolClient (GrpcClientProtocolClient.java:onNext(255)) - client-0D308AD40832->3258574c-39ac-4ed5-9145-ea59a337c299: receive RaftClientReply:client-0D308AD40832->3258574c-39ac-4ed5-9145-ea59a337c299@group-6C7D867BDA6A, cid=223, SUCCESS, logIndex=316, commits[3258574c-39ac-4ed5-9145-ea59a337c299:c319]
2019-09-02 06:29:58,010 [grpc-default-executor-0] INFO  client.GrpcClientProtocolClient (GrpcClientProtocolClient.java:onNext(255)) - client-0D308AD40832->3258574c-39ac-4ed5-9145-ea59a337c299: receive RaftClientReply:client-0D308AD40832->3258574c-39ac-4ed5-9145-ea59a337c299@group-6C7D867BDA6A, cid=224, SUCCESS, logIndex=317, commits[3258574c-39ac-4ed5-9145-ea59a337c299:c319]
2019-09-02 06:29:58,036 [grpc-default-executor-1] INFO  client.GrpcClientProtocolClient (GrpcClientProtocolClient.java:onNext(255)) - client-0D308AD40832->3258574c-39ac-4ed5-9145-ea59a337c299: receive RaftClientReply:client-0D308AD40832->3258574c-39ac-4ed5-9145-ea59a337c299@group-6C7D867BDA6A, cid=225, SUCCESS, logIndex=320, commits[3258574c-39ac-4ed5-9145-ea59a337c299:c321]
2019-09-02 06:29:58,037 [grpc-default-executor-1] INFO  client.GrpcClientProtocolClient (GrpcClientProtocolClient.java:onNext(255)) - client-0D308AD40832->3258574c-39ac-4ed5-9145-ea59a337c299: receive RaftClientReply:client-0D308AD40832->3258574c-39ac-4ed5-9145-ea59a337c299@group-6C7D867BDA6A, cid=226, SUCCESS, logIndex=321, commits[3258574c-39ac-4ed5-9145-ea59a337c299:c323]
2019-09-02 06:29:58,037 [grpc-default-executor-1] INFO  client.GrpcClientProtocolClient (GrpcClientProtocolClient.java:onNext(255)) - client-0D308AD40832->3258574c-39ac-4ed5-9145-ea59a337c299: receive RaftClientReply:client-0D308AD40832->3258574c-39ac-4ed5-9145-ea59a337c299@group-6C7D867BDA6A, cid=227, SUCCESS, logIndex=322, commits[3258574c-39ac-4ed5-9145-ea59a337c299:c324]
2019-09-02 06:29:58,038 [grpc-default-executor-1] INFO  client.GrpcClientProtocolClient (GrpcClientProtocolClient.java:onNext(255)) - client-0D308AD40832->3258574c-39ac-4ed5-9145-ea59a337c299: receive RaftClientReply:client-0D308AD40832->3258574c-39ac-4ed5-9145-ea59a337c299@group-6C7D867BDA6A, cid=228, SUCCESS, logIndex=323, commits[3258574c-39ac-4ed5-9145-ea59a337c299:c324]
2019-09-02 06:29:58,060 [grpc-default-executor-1] INFO  client.GrpcClientProtocolClient (GrpcClientProtocolClient.java:onNext(255)) - client-0D308AD40832->3258574c-39ac-4ed5-9145-ea59a337c299: receive RaftClientReply:client-0D308AD40832->3258574c-39ac-4ed5-9145-ea59a337c299@group-6C7D867BDA6A, cid=229, SUCCESS, logIndex=326, commits[3258574c-39ac-4ed5-9145-ea59a337c299:c327]
2019-09-02 06:29:58,061 [grpc-default-executor-1] INFO  client.GrpcClientProtocolClient (GrpcClientProtocolClient.java:onNext(255)) - client-0D308AD40832->3258574c-39ac-4ed5-9145-ea59a337c299: receive RaftClientReply:client-0D308AD40832->3258574c-39ac-4ed5-9145-ea59a337c299@group-6C7D867BDA6A, cid=230, SUCCESS, logIndex=327, commits[3258574c-39ac-4ed5-9145-ea59a337c299:c330]
2019-09-02 06:29:58,061 [grpc-default-executor-1] INFO  client.GrpcClientProtocolClient (GrpcClientProtocolClient.java:onNext(255)) - client-0D308AD40832->3258574c-39ac-4ed5-9145-ea59a337c299: receive RaftClientReply:client-0D308AD40832->3258574c-39ac-4ed5-9145-ea59a337c299@group-6C7D867BDA6A, cid=231, SUCCESS, logIndex=328, commits[3258574c-39ac-4ed5-9145-ea59a337c299:c330]
2019-09-02 06:29:58,062 [grpc-default-executor-1] INFO  client.GrpcClientProtocolClient (GrpcClientProtocolClient.java:onNext(255)) - client-0D308AD40832->3258574c-39ac-4ed5-9145-ea59a337c299: receive RaftClientReply:client-0D308AD40832->3258574c-39ac-4ed5-9145-ea59a337c299@group-6C7D867BDA6A, cid=232, SUCCESS, logIndex=329, commits[3258574c-39ac-4ed5-9145-ea59a337c299:c331]
2019-09-02 06:29:58,091 [grpc-default-executor-1] INFO  client.GrpcClientProtocolClient (GrpcClientProtocolClient.java:onNext(255)) - client-0D308AD40832->3258574c-39ac-4ed5-9145-ea59a337c299: receive RaftClientReply:client-0D308AD40832->3258574c-39ac-4ed5-9145-ea59a337c299@group-6C7D867BDA6A, cid=233, SUCCESS, logIndex=332, commits[3258574c-39ac-4ed5-9145-ea59a337c299:c333]
2019-09-02 06:29:58,092 [grpc-default-executor-1] INFO  client.GrpcClientProtocolClient (GrpcClientProtocolClient.java:onNext(255)) - client-0D308AD40832->3258574c-39ac-4ed5-9145-ea59a337c299: receive RaftClientReply:client-0D308AD40832->3258574c-39ac-4ed5-9145-ea59a337c299@group-6C7D867BDA6A, cid=234, SUCCESS, logIndex=333, commits[3258574c-39ac-4ed5-9145-ea59a337c299:c335]
2019-09-02 06:29:58,092 [grpc-default-executor-1] INFO  client.GrpcClientProtocolClient (GrpcClientProtocolClient.java:onNext(255)) - client-0D308AD40832->3258574c-39ac-4ed5-9145-ea59a337c299: receive RaftClientReply:client-0D308AD40832->3258574c-39ac-4ed5-9145-ea59a337c299@group-6C7D867BDA6A, cid=235, SUCCESS, logIndex=334, commits[3258574c-39ac-4ed5-9145-ea59a337c299:c336]
2019-09-02 06:29:58,093 [grpc-default-executor-1] INFO  client.GrpcClientProtocolClient (GrpcClientProtocolClient.java:onNext(255)) - client-0D308AD40832->3258574c-39ac-4ed5-9145-ea59a337c299: receive RaftClientReply:client-0D308AD40832->3258574c-39ac-4ed5-9145-ea59a337c299@group-6C7D867BDA6A, cid=236, SUCCESS, logIndex=335, commits[3258574c-39ac-4ed5-9145-ea59a337c299:c337]
2019-09-02 06:29:58,094 [SCMBlockDeletingService#0] DEBUG block.SCMBlockDeletingService (SCMBlockDeletingService.java:call(138)) - Running DeletedBlockTransactionScanner
2019-09-02 06:29:58,094 [SCMBlockDeletingService#0] DEBUG block.SCMBlockDeletingService (SCMBlockDeletingService.java:call(155)) - Scanned deleted blocks log and got 0 delTX to process.
2019-09-02 06:29:58,114 [grpc-default-executor-1] INFO  client.GrpcClientProtocolClient (GrpcClientProtocolClient.java:onNext(255)) - client-0D308AD40832->3258574c-39ac-4ed5-9145-ea59a337c299: receive RaftClientReply:client-0D308AD40832->3258574c-39ac-4ed5-9145-ea59a337c299@group-6C7D867BDA6A, cid=237, SUCCESS, logIndex=338, commits[3258574c-39ac-4ed5-9145-ea59a337c299:c341]
2019-09-02 06:29:58,115 [grpc-default-executor-1] INFO  client.GrpcClientProtocolClient (GrpcClientProtocolClient.java:onNext(255)) - client-0D308AD40832->3258574c-39ac-4ed5-9145-ea59a337c299: receive RaftClientReply:client-0D308AD40832->3258574c-39ac-4ed5-9145-ea59a337c299@group-6C7D867BDA6A, cid=238, SUCCESS, logIndex=339, commits[3258574c-39ac-4ed5-9145-ea59a337c299:c342]
2019-09-02 06:29:58,115 [grpc-default-executor-1] INFO  client.GrpcClientProtocolClient (GrpcClientProtocolClient.java:onNext(255)) - client-0D308AD40832->3258574c-39ac-4ed5-9145-ea59a337c299: receive RaftClientReply:client-0D308AD40832->3258574c-39ac-4ed5-9145-ea59a337c299@group-6C7D867BDA6A, cid=239, SUCCESS, logIndex=340, commits[3258574c-39ac-4ed5-9145-ea59a337c299:c343]
2019-09-02 06:29:58,116 [grpc-default-executor-1] INFO  client.GrpcClientProtocolClient (GrpcClientProtocolClient.java:onNext(255)) - client-0D308AD40832->3258574c-39ac-4ed5-9145-ea59a337c299: receive RaftClientReply:client-0D308AD40832->3258574c-39ac-4ed5-9145-ea59a337c299@group-6C7D867BDA6A, cid=240, SUCCESS, logIndex=341, commits[3258574c-39ac-4ed5-9145-ea59a337c299:c343]
2019-09-02 06:29:58,145 [grpc-default-executor-1] INFO  client.GrpcClientProtocolClient (GrpcClientProtocolClient.java:onNext(255)) - client-0D308AD40832->3258574c-39ac-4ed5-9145-ea59a337c299: receive RaftClientReply:client-0D308AD40832->3258574c-39ac-4ed5-9145-ea59a337c299@group-6C7D867BDA6A, cid=241, SUCCESS, logIndex=344, commits[3258574c-39ac-4ed5-9145-ea59a337c299:c347]
2019-09-02 06:29:58,146 [grpc-default-executor-1] INFO  client.GrpcClientProtocolClient (GrpcClientProtocolClient.java:onNext(255)) - client-0D308AD40832->3258574c-39ac-4ed5-9145-ea59a337c299: receive RaftClientReply:client-0D308AD40832->3258574c-39ac-4ed5-9145-ea59a337c299@group-6C7D867BDA6A, cid=242, SUCCESS, logIndex=345, commits[3258574c-39ac-4ed5-9145-ea59a337c299:c348]
2019-09-02 06:29:58,146 [grpc-default-executor-1] INFO  client.GrpcClientProtocolClient (GrpcClientProtocolClient.java:onNext(255)) - client-0D308AD40832->3258574c-39ac-4ed5-9145-ea59a337c299: receive RaftClientReply:client-0D308AD40832->3258574c-39ac-4ed5-9145-ea59a337c299@group-6C7D867BDA6A, cid=243, SUCCESS, logIndex=346, commits[3258574c-39ac-4ed5-9145-ea59a337c299:c349]
2019-09-02 06:29:58,147 [grpc-default-executor-1] INFO  client.GrpcClientProtocolClient (GrpcClientProtocolClient.java:onNext(255)) - client-0D308AD40832->3258574c-39ac-4ed5-9145-ea59a337c299: receive RaftClientReply:client-0D308AD40832->3258574c-39ac-4ed5-9145-ea59a337c299@group-6C7D867BDA6A, cid=244, SUCCESS, logIndex=347, commits[3258574c-39ac-4ed5-9145-ea59a337c299:c349]
2019-09-02 06:29:58,169 [grpc-default-executor-0] INFO  client.GrpcClientProtocolClient (GrpcClientProtocolClient.java:onNext(255)) - client-0D308AD40832->3258574c-39ac-4ed5-9145-ea59a337c299: receive RaftClientReply:client-0D308AD40832->3258574c-39ac-4ed5-9145-ea59a337c299@group-6C7D867BDA6A, cid=245, SUCCESS, logIndex=350, commits[3258574c-39ac-4ed5-9145-ea59a337c299:c353]
2019-09-02 06:29:58,169 [grpc-default-executor-0] INFO  client.GrpcClientProtocolClient (GrpcClientProtocolClient.java:onNext(255)) - client-0D308AD40832->3258574c-39ac-4ed5-9145-ea59a337c299: receive RaftClientReply:client-0D308AD40832->3258574c-39ac-4ed5-9145-ea59a337c299@group-6C7D867BDA6A, cid=246, SUCCESS, logIndex=351, commits[3258574c-39ac-4ed5-9145-ea59a337c299:c353]
2019-09-02 06:29:58,169 [grpc-default-executor-0] INFO  client.GrpcClientProtocolClient (GrpcClientProtocolClient.java:onNext(255)) - client-0D308AD40832->3258574c-39ac-4ed5-9145-ea59a337c299: receive RaftClientReply:client-0D308AD40832->3258574c-39ac-4ed5-9145-ea59a337c299@group-6C7D867BDA6A, cid=247, SUCCESS, logIndex=352, commits[3258574c-39ac-4ed5-9145-ea59a337c299:c354]
2019-09-02 06:29:58,170 [grpc-default-executor-0] INFO  client.GrpcClientProtocolClient (GrpcClientProtocolClient.java:onNext(255)) - client-0D308AD40832->3258574c-39ac-4ed5-9145-ea59a337c299: receive RaftClientReply:client-0D308AD40832->3258574c-39ac-4ed5-9145-ea59a337c299@group-6C7D867BDA6A, cid=248, SUCCESS, logIndex=353, commits[3258574c-39ac-4ed5-9145-ea59a337c299:c355]
2019-09-02 06:29:58,194 [SCMBlockDeletingService#0] DEBUG block.SCMBlockDeletingService (SCMBlockDeletingService.java:call(138)) - Running DeletedBlockTransactionScanner
2019-09-02 06:29:58,194 [SCMBlockDeletingService#0] DEBUG block.SCMBlockDeletingService (SCMBlockDeletingService.java:call(155)) - Scanned deleted blocks log and got 0 delTX to process.
2019-09-02 06:29:58,197 [grpc-default-executor-1] INFO  client.GrpcClientProtocolClient (GrpcClientProtocolClient.java:onNext(255)) - client-0D308AD40832->3258574c-39ac-4ed5-9145-ea59a337c299: receive RaftClientReply:client-0D308AD40832->3258574c-39ac-4ed5-9145-ea59a337c299@group-6C7D867BDA6A, cid=249, SUCCESS, logIndex=356, commits[3258574c-39ac-4ed5-9145-ea59a337c299:c359]
2019-09-02 06:29:58,198 [grpc-default-executor-1] INFO  client.GrpcClientProtocolClient (GrpcClientProtocolClient.java:onNext(255)) - client-0D308AD40832->3258574c-39ac-4ed5-9145-ea59a337c299: receive RaftClientReply:client-0D308AD40832->3258574c-39ac-4ed5-9145-ea59a337c299@group-6C7D867BDA6A, cid=250, SUCCESS, logIndex=357, commits[3258574c-39ac-4ed5-9145-ea59a337c299:c359]
2019-09-02 06:29:58,198 [grpc-default-executor-1] INFO  client.GrpcClientProtocolClient (GrpcClientProtocolClient.java:onNext(255)) - client-0D308AD40832->3258574c-39ac-4ed5-9145-ea59a337c299: receive RaftClientReply:client-0D308AD40832->3258574c-39ac-4ed5-9145-ea59a337c299@group-6C7D867BDA6A, cid=251, SUCCESS, logIndex=358, commits[3258574c-39ac-4ed5-9145-ea59a337c299:c359]
2019-09-02 06:29:58,198 [grpc-default-executor-1] INFO  client.GrpcClientProtocolClient (GrpcClientProtocolClient.java:onNext(255)) - client-0D308AD40832->3258574c-39ac-4ed5-9145-ea59a337c299: receive RaftClientReply:client-0D308AD40832->3258574c-39ac-4ed5-9145-ea59a337c299@group-6C7D867BDA6A, cid=252, SUCCESS, logIndex=359, commits[3258574c-39ac-4ed5-9145-ea59a337c299:c359]
2019-09-02 06:29:58,220 [grpc-default-executor-1] INFO  client.GrpcClientProtocolClient (GrpcClientProtocolClient.java:onNext(255)) - client-0D308AD40832->3258574c-39ac-4ed5-9145-ea59a337c299: receive RaftClientReply:client-0D308AD40832->3258574c-39ac-4ed5-9145-ea59a337c299@group-6C7D867BDA6A, cid=253, SUCCESS, logIndex=361, commits[3258574c-39ac-4ed5-9145-ea59a337c299:c364]
2019-09-02 06:29:58,220 [grpc-default-executor-1] INFO  client.GrpcClientProtocolClient (GrpcClientProtocolClient.java:onNext(255)) - client-0D308AD40832->3258574c-39ac-4ed5-9145-ea59a337c299: receive RaftClientReply:client-0D308AD40832->3258574c-39ac-4ed5-9145-ea59a337c299@group-6C7D867BDA6A, cid=254, SUCCESS, logIndex=362, commits[3258574c-39ac-4ed5-9145-ea59a337c299:c364]
2019-09-02 06:29:58,221 [grpc-default-executor-1] INFO  client.GrpcClientProtocolClient (GrpcClientProtocolClient.java:onNext(255)) - client-0D308AD40832->3258574c-39ac-4ed5-9145-ea59a337c299: receive RaftClientReply:client-0D308AD40832->3258574c-39ac-4ed5-9145-ea59a337c299@group-6C7D867BDA6A, cid=255, SUCCESS, logIndex=363, commits[3258574c-39ac-4ed5-9145-ea59a337c299:c364]
2019-09-02 06:29:58,221 [grpc-default-executor-1] INFO  client.GrpcClientProtocolClient (GrpcClientProtocolClient.java:onNext(255)) - client-0D308AD40832->3258574c-39ac-4ed5-9145-ea59a337c299: receive RaftClientReply:client-0D308AD40832->3258574c-39ac-4ed5-9145-ea59a337c299@group-6C7D867BDA6A, cid=256, SUCCESS, logIndex=364, commits[3258574c-39ac-4ed5-9145-ea59a337c299:c364]
2019-09-02 06:29:58,245 [grpc-default-executor-1] INFO  client.GrpcClientProtocolClient (GrpcClientProtocolClient.java:onNext(255)) - client-0D308AD40832->3258574c-39ac-4ed5-9145-ea59a337c299: receive RaftClientReply:client-0D308AD40832->3258574c-39ac-4ed5-9145-ea59a337c299@group-6C7D867BDA6A, cid=257, SUCCESS, logIndex=366, commits[3258574c-39ac-4ed5-9145-ea59a337c299:c367]
2019-09-02 06:29:58,246 [grpc-default-executor-1] INFO  client.GrpcClientProtocolClient (GrpcClientProtocolClient.java:onNext(255)) - client-0D308AD40832->3258574c-39ac-4ed5-9145-ea59a337c299: receive RaftClientReply:client-0D308AD40832->3258574c-39ac-4ed5-9145-ea59a337c299@group-6C7D867BDA6A, cid=258, SUCCESS, logIndex=367, commits[3258574c-39ac-4ed5-9145-ea59a337c299:c369]
2019-09-02 06:29:58,247 [grpc-default-executor-1] INFO  client.GrpcClientProtocolClient (GrpcClientProtocolClient.java:onNext(255)) - client-0D308AD40832->3258574c-39ac-4ed5-9145-ea59a337c299: receive RaftClientReply:client-0D308AD40832->3258574c-39ac-4ed5-9145-ea59a337c299@group-6C7D867BDA6A, cid=259, SUCCESS, logIndex=368, commits[3258574c-39ac-4ed5-9145-ea59a337c299:c370]
2019-09-02 06:29:58,247 [grpc-default-executor-1] INFO  client.GrpcClientProtocolClient (GrpcClientProtocolClient.java:onNext(255)) - client-0D308AD40832->3258574c-39ac-4ed5-9145-ea59a337c299: receive RaftClientReply:client-0D308AD40832->3258574c-39ac-4ed5-9145-ea59a337c299@group-6C7D867BDA6A, cid=260, SUCCESS, logIndex=369, commits[3258574c-39ac-4ed5-9145-ea59a337c299:c371]
2019-09-02 06:29:58,266 [grpc-default-executor-0] INFO  client.GrpcClientProtocolClient (GrpcClientProtocolClient.java:onNext(255)) - client-0D308AD40832->3258574c-39ac-4ed5-9145-ea59a337c299: receive RaftClientReply:client-0D308AD40832->3258574c-39ac-4ed5-9145-ea59a337c299@group-6C7D867BDA6A, cid=261, SUCCESS, logIndex=372, commits[3258574c-39ac-4ed5-9145-ea59a337c299:c373]
2019-09-02 06:29:58,266 [grpc-default-executor-0] INFO  client.GrpcClientProtocolClient (GrpcClientProtocolClient.java:onNext(255)) - client-0D308AD40832->3258574c-39ac-4ed5-9145-ea59a337c299: receive RaftClientReply:client-0D308AD40832->3258574c-39ac-4ed5-9145-ea59a337c299@group-6C7D867BDA6A, cid=262, SUCCESS, logIndex=373, commits[3258574c-39ac-4ed5-9145-ea59a337c299:c375]
2019-09-02 06:29:58,267 [grpc-default-executor-0] INFO  client.GrpcClientProtocolClient (GrpcClientProtocolClient.java:onNext(255)) - client-0D308AD40832->3258574c-39ac-4ed5-9145-ea59a337c299: receive RaftClientReply:client-0D308AD40832->3258574c-39ac-4ed5-9145-ea59a337c299@group-6C7D867BDA6A, cid=263, SUCCESS, logIndex=374, commits[3258574c-39ac-4ed5-9145-ea59a337c299:c375]
2019-09-02 06:29:58,267 [grpc-default-executor-0] INFO  client.GrpcClientProtocolClient (GrpcClientProtocolClient.java:onNext(255)) - client-0D308AD40832->3258574c-39ac-4ed5-9145-ea59a337c299: receive RaftClientReply:client-0D308AD40832->3258574c-39ac-4ed5-9145-ea59a337c299@group-6C7D867BDA6A, cid=264, SUCCESS, logIndex=375, commits[3258574c-39ac-4ed5-9145-ea59a337c299:c376]
2019-09-02 06:29:58,295 [SCMBlockDeletingService#0] DEBUG block.SCMBlockDeletingService (SCMBlockDeletingService.java:call(138)) - Running DeletedBlockTransactionScanner
2019-09-02 06:29:58,295 [SCMBlockDeletingService#0] DEBUG block.SCMBlockDeletingService (SCMBlockDeletingService.java:call(155)) - Scanned deleted blocks log and got 0 delTX to process.
2019-09-02 06:29:58,366 [grpc-default-executor-0] INFO  client.GrpcClientProtocolClient (GrpcClientProtocolClient.java:onNext(255)) - client-0D308AD40832->3258574c-39ac-4ed5-9145-ea59a337c299: receive RaftClientReply:client-0D308AD40832->3258574c-39ac-4ed5-9145-ea59a337c299@group-6C7D867BDA6A, cid=265, SUCCESS, logIndex=378, commits[3258574c-39ac-4ed5-9145-ea59a337c299:c381]
2019-09-02 06:29:58,366 [grpc-default-executor-0] INFO  client.GrpcClientProtocolClient (GrpcClientProtocolClient.java:onNext(255)) - client-0D308AD40832->3258574c-39ac-4ed5-9145-ea59a337c299: receive RaftClientReply:client-0D308AD40832->3258574c-39ac-4ed5-9145-ea59a337c299@group-6C7D867BDA6A, cid=266, SUCCESS, logIndex=379, commits[3258574c-39ac-4ed5-9145-ea59a337c299:c382]
2019-09-02 06:29:58,367 [grpc-default-executor-0] INFO  client.GrpcClientProtocolClient (GrpcClientProtocolClient.java:onNext(255)) - client-0D308AD40832->3258574c-39ac-4ed5-9145-ea59a337c299: receive RaftClientReply:client-0D308AD40832->3258574c-39ac-4ed5-9145-ea59a337c299@group-6C7D867BDA6A, cid=267, SUCCESS, logIndex=380, commits[3258574c-39ac-4ed5-9145-ea59a337c299:c383]
2019-09-02 06:29:58,367 [grpc-default-executor-0] INFO  client.GrpcClientProtocolClient (GrpcClientProtocolClient.java:onNext(255)) - client-0D308AD40832->3258574c-39ac-4ed5-9145-ea59a337c299: receive RaftClientReply:client-0D308AD40832->3258574c-39ac-4ed5-9145-ea59a337c299@group-6C7D867BDA6A, cid=268, SUCCESS, logIndex=381, commits[3258574c-39ac-4ed5-9145-ea59a337c299:c383]
2019-09-02 06:29:58,388 [grpc-default-executor-0] INFO  client.GrpcClientProtocolClient (GrpcClientProtocolClient.java:onNext(255)) - client-0D308AD40832->3258574c-39ac-4ed5-9145-ea59a337c299: receive RaftClientReply:client-0D308AD40832->3258574c-39ac-4ed5-9145-ea59a337c299@group-6C7D867BDA6A, cid=269, SUCCESS, logIndex=384, commits[3258574c-39ac-4ed5-9145-ea59a337c299:c387]
2019-09-02 06:29:58,389 [grpc-default-executor-0] INFO  client.GrpcClientProtocolClient (GrpcClientProtocolClient.java:onNext(255)) - client-0D308AD40832->3258574c-39ac-4ed5-9145-ea59a337c299: receive RaftClientReply:client-0D308AD40832->3258574c-39ac-4ed5-9145-ea59a337c299@group-6C7D867BDA6A, cid=270, SUCCESS, logIndex=385, commits[3258574c-39ac-4ed5-9145-ea59a337c299:c388]
2019-09-02 06:29:58,389 [grpc-default-executor-0] INFO  client.GrpcClientProtocolClient (GrpcClientProtocolClient.java:onNext(255)) - client-0D308AD40832->3258574c-39ac-4ed5-9145-ea59a337c299: receive RaftClientReply:client-0D308AD40832->3258574c-39ac-4ed5-9145-ea59a337c299@group-6C7D867BDA6A, cid=271, SUCCESS, logIndex=386, commits[3258574c-39ac-4ed5-9145-ea59a337c299:c389]
2019-09-02 06:29:58,390 [grpc-default-executor-0] INFO  client.GrpcClientProtocolClient (GrpcClientProtocolClient.java:onNext(255)) - client-0D308AD40832->3258574c-39ac-4ed5-9145-ea59a337c299: receive RaftClientReply:client-0D308AD40832->3258574c-39ac-4ed5-9145-ea59a337c299@group-6C7D867BDA6A, cid=272, SUCCESS, logIndex=387, commits[3258574c-39ac-4ed5-9145-ea59a337c299:c389]
2019-09-02 06:29:58,395 [SCMBlockDeletingService#0] DEBUG block.SCMBlockDeletingService (SCMBlockDeletingService.java:call(138)) - Running DeletedBlockTransactionScanner
2019-09-02 06:29:58,396 [SCMBlockDeletingService#0] DEBUG block.SCMBlockDeletingService (SCMBlockDeletingService.java:call(155)) - Scanned deleted blocks log and got 0 delTX to process.
2019-09-02 06:29:58,570 [SCMBlockDeletingService#0] DEBUG block.SCMBlockDeletingService (SCMBlockDeletingService.java:call(138)) - Running DeletedBlockTransactionScanner
2019-09-02 06:29:58,571 [SCMBlockDeletingService#0] DEBUG block.SCMBlockDeletingService (SCMBlockDeletingService.java:call(155)) - Scanned deleted blocks log and got 0 delTX to process.
2019-09-02 06:29:58,585 [grpc-default-executor-1] INFO  client.GrpcClientProtocolClient (GrpcClientProtocolClient.java:onNext(255)) - client-0D308AD40832->3258574c-39ac-4ed5-9145-ea59a337c299: receive RaftClientReply:client-0D308AD40832->3258574c-39ac-4ed5-9145-ea59a337c299@group-6C7D867BDA6A, cid=273, SUCCESS, logIndex=390, commits[3258574c-39ac-4ed5-9145-ea59a337c299:c391]
2019-09-02 06:29:58,585 [grpc-default-executor-1] INFO  client.GrpcClientProtocolClient (GrpcClientProtocolClient.java:onNext(255)) - client-0D308AD40832->3258574c-39ac-4ed5-9145-ea59a337c299: receive RaftClientReply:client-0D308AD40832->3258574c-39ac-4ed5-9145-ea59a337c299@group-6C7D867BDA6A, cid=274, SUCCESS, logIndex=391, commits[3258574c-39ac-4ed5-9145-ea59a337c299:c391]
2019-09-02 06:29:58,595 [grpc-default-executor-1] INFO  client.GrpcClientProtocolClient (GrpcClientProtocolClient.java:onNext(255)) - client-0D308AD40832->3258574c-39ac-4ed5-9145-ea59a337c299: receive RaftClientReply:client-0D308AD40832->3258574c-39ac-4ed5-9145-ea59a337c299@group-6C7D867BDA6A, cid=275, SUCCESS, logIndex=392, commits[3258574c-39ac-4ed5-9145-ea59a337c299:c393]
2019-09-02 06:29:58,596 [grpc-default-executor-1] INFO  client.GrpcClientProtocolClient (GrpcClientProtocolClient.java:onNext(255)) - client-0D308AD40832->3258574c-39ac-4ed5-9145-ea59a337c299: receive RaftClientReply:client-0D308AD40832->3258574c-39ac-4ed5-9145-ea59a337c299@group-6C7D867BDA6A, cid=276, SUCCESS, logIndex=393, commits[3258574c-39ac-4ed5-9145-ea59a337c299:c394]
2019-09-02 06:29:58,618 [grpc-default-executor-1] INFO  client.GrpcClientProtocolClient (GrpcClientProtocolClient.java:onNext(255)) - client-0D308AD40832->3258574c-39ac-4ed5-9145-ea59a337c299: receive RaftClientReply:client-0D308AD40832->3258574c-39ac-4ed5-9145-ea59a337c299@group-6C7D867BDA6A, cid=277, SUCCESS, logIndex=396, commits[3258574c-39ac-4ed5-9145-ea59a337c299:c399]
2019-09-02 06:29:58,619 [grpc-default-executor-1] INFO  client.GrpcClientProtocolClient (GrpcClientProtocolClient.java:onNext(255)) - client-0D308AD40832->3258574c-39ac-4ed5-9145-ea59a337c299: receive RaftClientReply:client-0D308AD40832->3258574c-39ac-4ed5-9145-ea59a337c299@group-6C7D867BDA6A, cid=278, SUCCESS, logIndex=397, commits[3258574c-39ac-4ed5-9145-ea59a337c299:c400]
2019-09-02 06:29:58,620 [grpc-default-executor-1] INFO  client.GrpcClientProtocolClient (GrpcClientProtocolClient.java:onNext(255)) - client-0D308AD40832->3258574c-39ac-4ed5-9145-ea59a337c299: receive RaftClientReply:client-0D308AD40832->3258574c-39ac-4ed5-9145-ea59a337c299@group-6C7D867BDA6A, cid=279, SUCCESS, logIndex=398, commits[3258574c-39ac-4ed5-9145-ea59a337c299:c401]
2019-09-02 06:29:58,620 [grpc-default-executor-1] INFO  client.GrpcClientProtocolClient (GrpcClientProtocolClient.java:onNext(255)) - client-0D308AD40832->3258574c-39ac-4ed5-9145-ea59a337c299: receive RaftClientReply:client-0D308AD40832->3258574c-39ac-4ed5-9145-ea59a337c299@group-6C7D867BDA6A, cid=280, SUCCESS, logIndex=399, commits[3258574c-39ac-4ed5-9145-ea59a337c299:c401]
2019-09-02 06:29:58,648 [grpc-default-executor-1] INFO  client.GrpcClientProtocolClient (GrpcClientProtocolClient.java:onNext(255)) - client-0D308AD40832->3258574c-39ac-4ed5-9145-ea59a337c299: receive RaftClientReply:client-0D308AD40832->3258574c-39ac-4ed5-9145-ea59a337c299@group-6C7D867BDA6A, cid=281, SUCCESS, logIndex=402, commits[3258574c-39ac-4ed5-9145-ea59a337c299:c405]
2019-09-02 06:29:58,649 [grpc-default-executor-1] INFO  client.GrpcClientProtocolClient (GrpcClientProtocolClient.java:onNext(255)) - client-0D308AD40832->3258574c-39ac-4ed5-9145-ea59a337c299: receive RaftClientReply:client-0D308AD40832->3258574c-39ac-4ed5-9145-ea59a337c299@group-6C7D867BDA6A, cid=282, SUCCESS, logIndex=403, commits[3258574c-39ac-4ed5-9145-ea59a337c299:c406]
2019-09-02 06:29:58,649 [grpc-default-executor-1] INFO  client.GrpcClientProtocolClient (GrpcClientProtocolClient.java:onNext(255)) - client-0D308AD40832->3258574c-39ac-4ed5-9145-ea59a337c299: receive RaftClientReply:client-0D308AD40832->3258574c-39ac-4ed5-9145-ea59a337c299@group-6C7D867BDA6A, cid=283, SUCCESS, logIndex=404, commits[3258574c-39ac-4ed5-9145-ea59a337c299:c407]
2019-09-02 06:29:58,650 [grpc-default-executor-1] INFO  client.GrpcClientProtocolClient (GrpcClientProtocolClient.java:onNext(255)) - client-0D308AD40832->3258574c-39ac-4ed5-9145-ea59a337c299: receive RaftClientReply:client-0D308AD40832->3258574c-39ac-4ed5-9145-ea59a337c299@group-6C7D867BDA6A, cid=284, SUCCESS, logIndex=405, commits[3258574c-39ac-4ed5-9145-ea59a337c299:c407]
2019-09-02 06:29:58,671 [SCMBlockDeletingService#0] DEBUG block.SCMBlockDeletingService (SCMBlockDeletingService.java:call(138)) - Running DeletedBlockTransactionScanner
2019-09-02 06:29:58,671 [SCMBlockDeletingService#0] DEBUG block.SCMBlockDeletingService (SCMBlockDeletingService.java:call(155)) - Scanned deleted blocks log and got 0 delTX to process.
2019-09-02 06:29:58,676 [grpc-default-executor-1] INFO  client.GrpcClientProtocolClient (GrpcClientProtocolClient.java:onNext(255)) - client-0D308AD40832->3258574c-39ac-4ed5-9145-ea59a337c299: receive RaftClientReply:client-0D308AD40832->3258574c-39ac-4ed5-9145-ea59a337c299@group-6C7D867BDA6A, cid=285, SUCCESS, logIndex=408, commits[3258574c-39ac-4ed5-9145-ea59a337c299:c411]
2019-09-02 06:29:58,677 [grpc-default-executor-1] INFO  client.GrpcClientProtocolClient (GrpcClientProtocolClient.java:onNext(255)) - client-0D308AD40832->3258574c-39ac-4ed5-9145-ea59a337c299: receive RaftClientReply:client-0D308AD40832->3258574c-39ac-4ed5-9145-ea59a337c299@group-6C7D867BDA6A, cid=286, SUCCESS, logIndex=409, commits[3258574c-39ac-4ed5-9145-ea59a337c299:c412]
2019-09-02 06:29:58,677 [grpc-default-executor-1] INFO  client.GrpcClientProtocolClient (GrpcClientProtocolClient.java:onNext(255)) - client-0D308AD40832->3258574c-39ac-4ed5-9145-ea59a337c299: receive RaftClientReply:client-0D308AD40832->3258574c-39ac-4ed5-9145-ea59a337c299@group-6C7D867BDA6A, cid=287, SUCCESS, logIndex=410, commits[3258574c-39ac-4ed5-9145-ea59a337c299:c413]
2019-09-02 06:29:58,678 [grpc-default-executor-1] INFO  client.GrpcClientProtocolClient (GrpcClientProtocolClient.java:onNext(255)) - client-0D308AD40832->3258574c-39ac-4ed5-9145-ea59a337c299: receive RaftClientReply:client-0D308AD40832->3258574c-39ac-4ed5-9145-ea59a337c299@group-6C7D867BDA6A, cid=288, SUCCESS, logIndex=411, commits[3258574c-39ac-4ed5-9145-ea59a337c299:c413]
2019-09-02 06:29:58,705 [grpc-default-executor-1] INFO  client.GrpcClientProtocolClient (GrpcClientProtocolClient.java:onNext(255)) - client-0D308AD40832->3258574c-39ac-4ed5-9145-ea59a337c299: receive RaftClientReply:client-0D308AD40832->3258574c-39ac-4ed5-9145-ea59a337c299@group-6C7D867BDA6A, cid=289, SUCCESS, logIndex=414, commits[3258574c-39ac-4ed5-9145-ea59a337c299:c415]
2019-09-02 06:29:58,705 [grpc-default-executor-1] INFO  client.GrpcClientProtocolClient (GrpcClientProtocolClient.java:onNext(255)) - client-0D308AD40832->3258574c-39ac-4ed5-9145-ea59a337c299: receive RaftClientReply:client-0D308AD40832->3258574c-39ac-4ed5-9145-ea59a337c299@group-6C7D867BDA6A, cid=290, SUCCESS, logIndex=415, commits[3258574c-39ac-4ed5-9145-ea59a337c299:c417]
2019-09-02 06:29:58,706 [grpc-default-executor-1] INFO  client.GrpcClientProtocolClient (GrpcClientProtocolClient.java:onNext(255)) - client-0D308AD40832->3258574c-39ac-4ed5-9145-ea59a337c299: receive RaftClientReply:client-0D308AD40832->3258574c-39ac-4ed5-9145-ea59a337c299@group-6C7D867BDA6A, cid=291, SUCCESS, logIndex=416, commits[3258574c-39ac-4ed5-9145-ea59a337c299:c418]
2019-09-02 06:29:58,706 [grpc-default-executor-1] INFO  client.GrpcClientProtocolClient (GrpcClientProtocolClient.java:onNext(255)) - client-0D308AD40832->3258574c-39ac-4ed5-9145-ea59a337c299: receive RaftClientReply:client-0D308AD40832->3258574c-39ac-4ed5-9145-ea59a337c299@group-6C7D867BDA6A, cid=292, SUCCESS, logIndex=417, commits[3258574c-39ac-4ed5-9145-ea59a337c299:c419]
2019-09-02 06:29:58,727 [grpc-default-executor-0] INFO  client.GrpcClientProtocolClient (GrpcClientProtocolClient.java:onNext(255)) - client-0D308AD40832->3258574c-39ac-4ed5-9145-ea59a337c299: receive RaftClientReply:client-0D308AD40832->3258574c-39ac-4ed5-9145-ea59a337c299@group-6C7D867BDA6A, cid=293, SUCCESS, logIndex=420, commits[3258574c-39ac-4ed5-9145-ea59a337c299:c421]
2019-09-02 06:29:58,727 [grpc-default-executor-0] INFO  client.GrpcClientProtocolClient (GrpcClientProtocolClient.java:onNext(255)) - client-0D308AD40832->3258574c-39ac-4ed5-9145-ea59a337c299: receive RaftClientReply:client-0D308AD40832->3258574c-39ac-4ed5-9145-ea59a337c299@group-6C7D867BDA6A, cid=294, SUCCESS, logIndex=421, commits[3258574c-39ac-4ed5-9145-ea59a337c299:c424]
2019-09-02 06:29:58,728 [grpc-default-executor-0] INFO  client.GrpcClientProtocolClient (GrpcClientProtocolClient.java:onNext(255)) - client-0D308AD40832->3258574c-39ac-4ed5-9145-ea59a337c299: receive RaftClientReply:client-0D308AD40832->3258574c-39ac-4ed5-9145-ea59a337c299@group-6C7D867BDA6A, cid=295, SUCCESS, logIndex=422, commits[3258574c-39ac-4ed5-9145-ea59a337c299:c424]
2019-09-02 06:29:58,728 [grpc-default-executor-0] INFO  client.GrpcClientProtocolClient (GrpcClientProtocolClient.java:onNext(255)) - client-0D308AD40832->3258574c-39ac-4ed5-9145-ea59a337c299: receive RaftClientReply:client-0D308AD40832->3258574c-39ac-4ed5-9145-ea59a337c299@group-6C7D867BDA6A, cid=296, SUCCESS, logIndex=423, commits[3258574c-39ac-4ed5-9145-ea59a337c299:c425]
2019-09-02 06:29:58,758 [grpc-default-executor-1] INFO  client.GrpcClientProtocolClient (GrpcClientProtocolClient.java:onNext(255)) - client-0D308AD40832->3258574c-39ac-4ed5-9145-ea59a337c299: receive RaftClientReply:client-0D308AD40832->3258574c-39ac-4ed5-9145-ea59a337c299@group-6C7D867BDA6A, cid=297, SUCCESS, logIndex=426, commits[3258574c-39ac-4ed5-9145-ea59a337c299:c426]
2019-09-02 06:29:58,767 [grpc-default-executor-1] INFO  client.GrpcClientProtocolClient (GrpcClientProtocolClient.java:onNext(255)) - client-0D308AD40832->3258574c-39ac-4ed5-9145-ea59a337c299: receive RaftClientReply:client-0D308AD40832->3258574c-39ac-4ed5-9145-ea59a337c299@group-6C7D867BDA6A, cid=298, SUCCESS, logIndex=427, commits[3258574c-39ac-4ed5-9145-ea59a337c299:c430]
2019-09-02 06:29:58,768 [grpc-default-executor-1] INFO  client.GrpcClientProtocolClient (GrpcClientProtocolClient.java:onNext(255)) - client-0D308AD40832->3258574c-39ac-4ed5-9145-ea59a337c299: receive RaftClientReply:client-0D308AD40832->3258574c-39ac-4ed5-9145-ea59a337c299@group-6C7D867BDA6A, cid=299, SUCCESS, logIndex=428, commits[3258574c-39ac-4ed5-9145-ea59a337c299:c431]
2019-09-02 06:29:58,768 [grpc-default-executor-1] INFO  client.GrpcClientProtocolClient (GrpcClientProtocolClient.java:onNext(255)) - client-0D308AD40832->3258574c-39ac-4ed5-9145-ea59a337c299: receive RaftClientReply:client-0D308AD40832->3258574c-39ac-4ed5-9145-ea59a337c299@group-6C7D867BDA6A, cid=300, SUCCESS, logIndex=429, commits[3258574c-39ac-4ed5-9145-ea59a337c299:c431]
2019-09-02 06:29:58,772 [SCMBlockDeletingService#0] DEBUG block.SCMBlockDeletingService (SCMBlockDeletingService.java:call(138)) - Running DeletedBlockTransactionScanner
2019-09-02 06:29:58,772 [SCMBlockDeletingService#0] DEBUG block.SCMBlockDeletingService (SCMBlockDeletingService.java:call(155)) - Scanned deleted blocks log and got 0 delTX to process.
2019-09-02 06:29:58,789 [grpc-default-executor-1] INFO  client.GrpcClientProtocolClient (GrpcClientProtocolClient.java:onNext(255)) - client-0D308AD40832->3258574c-39ac-4ed5-9145-ea59a337c299: receive RaftClientReply:client-0D308AD40832->3258574c-39ac-4ed5-9145-ea59a337c299@group-6C7D867BDA6A, cid=301, SUCCESS, logIndex=432, commits[3258574c-39ac-4ed5-9145-ea59a337c299:c433]
2019-09-02 06:29:58,790 [grpc-default-executor-1] INFO  client.GrpcClientProtocolClient (GrpcClientProtocolClient.java:onNext(255)) - client-0D308AD40832->3258574c-39ac-4ed5-9145-ea59a337c299: receive RaftClientReply:client-0D308AD40832->3258574c-39ac-4ed5-9145-ea59a337c299@group-6C7D867BDA6A, cid=302, SUCCESS, logIndex=433, commits[3258574c-39ac-4ed5-9145-ea59a337c299:c436]
2019-09-02 06:29:58,790 [grpc-default-executor-1] INFO  client.GrpcClientProtocolClient (GrpcClientProtocolClient.java:onNext(255)) - client-0D308AD40832->3258574c-39ac-4ed5-9145-ea59a337c299: receive RaftClientReply:client-0D308AD40832->3258574c-39ac-4ed5-9145-ea59a337c299@group-6C7D867BDA6A, cid=303, SUCCESS, logIndex=434, commits[3258574c-39ac-4ed5-9145-ea59a337c299:c436]
2019-09-02 06:29:58,791 [grpc-default-executor-1] INFO  client.GrpcClientProtocolClient (GrpcClientProtocolClient.java:onNext(255)) - client-0D308AD40832->3258574c-39ac-4ed5-9145-ea59a337c299: receive RaftClientReply:client-0D308AD40832->3258574c-39ac-4ed5-9145-ea59a337c299@group-6C7D867BDA6A, cid=304, SUCCESS, logIndex=435, commits[3258574c-39ac-4ed5-9145-ea59a337c299:c437]
2019-09-02 06:29:58,812 [grpc-default-executor-1] INFO  client.GrpcClientProtocolClient (GrpcClientProtocolClient.java:onNext(255)) - client-0D308AD40832->3258574c-39ac-4ed5-9145-ea59a337c299: receive RaftClientReply:client-0D308AD40832->3258574c-39ac-4ed5-9145-ea59a337c299@group-6C7D867BDA6A, cid=305, SUCCESS, logIndex=438, commits[3258574c-39ac-4ed5-9145-ea59a337c299:c441]
2019-09-02 06:29:58,813 [grpc-default-executor-1] INFO  client.GrpcClientProtocolClient (GrpcClientProtocolClient.java:onNext(255)) - client-0D308AD40832->3258574c-39ac-4ed5-9145-ea59a337c299: receive RaftClientReply:client-0D308AD40832->3258574c-39ac-4ed5-9145-ea59a337c299@group-6C7D867BDA6A, cid=306, SUCCESS, logIndex=439, commits[3258574c-39ac-4ed5-9145-ea59a337c299:c442]
2019-09-02 06:29:58,813 [grpc-default-executor-1] INFO  client.GrpcClientProtocolClient (GrpcClientProtocolClient.java:onNext(255)) - client-0D308AD40832->3258574c-39ac-4ed5-9145-ea59a337c299: receive RaftClientReply:client-0D308AD40832->3258574c-39ac-4ed5-9145-ea59a337c299@group-6C7D867BDA6A, cid=307, SUCCESS, logIndex=440, commits[3258574c-39ac-4ed5-9145-ea59a337c299:c443]
2019-09-02 06:29:58,814 [grpc-default-executor-1] INFO  client.GrpcClientProtocolClient (GrpcClientProtocolClient.java:onNext(255)) - client-0D308AD40832->3258574c-39ac-4ed5-9145-ea59a337c299: receive RaftClientReply:client-0D308AD40832->3258574c-39ac-4ed5-9145-ea59a337c299@group-6C7D867BDA6A, cid=308, SUCCESS, logIndex=441, commits[3258574c-39ac-4ed5-9145-ea59a337c299:c443]
2019-09-02 06:29:58,872 [SCMBlockDeletingService#0] DEBUG block.SCMBlockDeletingService (SCMBlockDeletingService.java:call(138)) - Running DeletedBlockTransactionScanner
2019-09-02 06:29:58,873 [SCMBlockDeletingService#0] DEBUG block.SCMBlockDeletingService (SCMBlockDeletingService.java:call(155)) - Scanned deleted blocks log and got 0 delTX to process.
2019-09-02 06:29:58,926 [grpc-default-executor-1] INFO  client.GrpcClientProtocolClient (GrpcClientProtocolClient.java:onNext(255)) - client-0D308AD40832->3258574c-39ac-4ed5-9145-ea59a337c299: receive RaftClientReply:client-0D308AD40832->3258574c-39ac-4ed5-9145-ea59a337c299@group-6C7D867BDA6A, cid=309, SUCCESS, logIndex=444, commits[3258574c-39ac-4ed5-9145-ea59a337c299:c447]
2019-09-02 06:29:58,927 [grpc-default-executor-1] INFO  client.GrpcClientProtocolClient (GrpcClientProtocolClient.java:onNext(255)) - client-0D308AD40832->3258574c-39ac-4ed5-9145-ea59a337c299: receive RaftClientReply:client-0D308AD40832->3258574c-39ac-4ed5-9145-ea59a337c299@group-6C7D867BDA6A, cid=310, SUCCESS, logIndex=445, commits[3258574c-39ac-4ed5-9145-ea59a337c299:c449]
2019-09-02 06:29:58,928 [grpc-default-executor-1] INFO  client.GrpcClientProtocolClient (GrpcClientProtocolClient.java:onNext(255)) - client-0D308AD40832->3258574c-39ac-4ed5-9145-ea59a337c299: receive RaftClientReply:client-0D308AD40832->3258574c-39ac-4ed5-9145-ea59a337c299@group-6C7D867BDA6A, cid=311, SUCCESS, logIndex=446, commits[3258574c-39ac-4ed5-9145-ea59a337c299:c449]
2019-09-02 06:29:58,928 [grpc-default-executor-1] INFO  client.GrpcClientProtocolClient (GrpcClientProtocolClient.java:onNext(255)) - client-0D308AD40832->3258574c-39ac-4ed5-9145-ea59a337c299: receive RaftClientReply:client-0D308AD40832->3258574c-39ac-4ed5-9145-ea59a337c299@group-6C7D867BDA6A, cid=312, SUCCESS, logIndex=447, commits[3258574c-39ac-4ed5-9145-ea59a337c299:c449]
2019-09-02 06:29:58,957 [grpc-default-executor-0] INFO  client.GrpcClientProtocolClient (GrpcClientProtocolClient.java:onNext(255)) - client-0D308AD40832->3258574c-39ac-4ed5-9145-ea59a337c299: receive RaftClientReply:client-0D308AD40832->3258574c-39ac-4ed5-9145-ea59a337c299@group-6C7D867BDA6A, cid=313, SUCCESS, logIndex=450, commits[3258574c-39ac-4ed5-9145-ea59a337c299:c453]
2019-09-02 06:29:58,958 [grpc-default-executor-0] INFO  client.GrpcClientProtocolClient (GrpcClientProtocolClient.java:onNext(255)) - client-0D308AD40832->3258574c-39ac-4ed5-9145-ea59a337c299: receive RaftClientReply:client-0D308AD40832->3258574c-39ac-4ed5-9145-ea59a337c299@group-6C7D867BDA6A, cid=314, SUCCESS, logIndex=451, commits[3258574c-39ac-4ed5-9145-ea59a337c299:c454]
2019-09-02 06:29:58,959 [grpc-default-executor-0] INFO  client.GrpcClientProtocolClient (GrpcClientProtocolClient.java:onNext(255)) - client-0D308AD40832->3258574c-39ac-4ed5-9145-ea59a337c299: receive RaftClientReply:client-0D308AD40832->3258574c-39ac-4ed5-9145-ea59a337c299@group-6C7D867BDA6A, cid=315, SUCCESS, logIndex=452, commits[3258574c-39ac-4ed5-9145-ea59a337c299:c455]
2019-09-02 06:29:58,959 [grpc-default-executor-0] INFO  client.GrpcClientProtocolClient (GrpcClientProtocolClient.java:onNext(255)) - client-0D308AD40832->3258574c-39ac-4ed5-9145-ea59a337c299: receive RaftClientReply:client-0D308AD40832->3258574c-39ac-4ed5-9145-ea59a337c299@group-6C7D867BDA6A, cid=316, SUCCESS, logIndex=453, commits[3258574c-39ac-4ed5-9145-ea59a337c299:c455]
2019-09-02 06:29:58,973 [SCMBlockDeletingService#0] DEBUG block.SCMBlockDeletingService (SCMBlockDeletingService.java:call(138)) - Running DeletedBlockTransactionScanner
2019-09-02 06:29:58,973 [SCMBlockDeletingService#0] DEBUG block.SCMBlockDeletingService (SCMBlockDeletingService.java:call(155)) - Scanned deleted blocks log and got 0 delTX to process.
2019-09-02 06:29:58,981 [grpc-default-executor-0] INFO  client.GrpcClientProtocolClient (GrpcClientProtocolClient.java:onNext(255)) - client-0D308AD40832->3258574c-39ac-4ed5-9145-ea59a337c299: receive RaftClientReply:client-0D308AD40832->3258574c-39ac-4ed5-9145-ea59a337c299@group-6C7D867BDA6A, cid=317, SUCCESS, logIndex=456, commits[3258574c-39ac-4ed5-9145-ea59a337c299:c459]
2019-09-02 06:29:58,982 [grpc-default-executor-0] INFO  client.GrpcClientProtocolClient (GrpcClientProtocolClient.java:onNext(255)) - client-0D308AD40832->3258574c-39ac-4ed5-9145-ea59a337c299: receive RaftClientReply:client-0D308AD40832->3258574c-39ac-4ed5-9145-ea59a337c299@group-6C7D867BDA6A, cid=318, SUCCESS, logIndex=457, commits[3258574c-39ac-4ed5-9145-ea59a337c299:c460]
2019-09-02 06:29:58,982 [grpc-default-executor-0] INFO  client.GrpcClientProtocolClient (GrpcClientProtocolClient.java:onNext(255)) - client-0D308AD40832->3258574c-39ac-4ed5-9145-ea59a337c299: receive RaftClientReply:client-0D308AD40832->3258574c-39ac-4ed5-9145-ea59a337c299@group-6C7D867BDA6A, cid=319, SUCCESS, logIndex=458, commits[3258574c-39ac-4ed5-9145-ea59a337c299:c460]
2019-09-02 06:29:58,982 [grpc-default-executor-0] INFO  client.GrpcClientProtocolClient (GrpcClientProtocolClient.java:onNext(255)) - client-0D308AD40832->3258574c-39ac-4ed5-9145-ea59a337c299: receive RaftClientReply:client-0D308AD40832->3258574c-39ac-4ed5-9145-ea59a337c299@group-6C7D867BDA6A, cid=320, SUCCESS, logIndex=459, commits[3258574c-39ac-4ed5-9145-ea59a337c299:c461]
2019-09-02 06:29:59,011 [grpc-default-executor-0] INFO  client.GrpcClientProtocolClient (GrpcClientProtocolClient.java:onNext(255)) - client-0D308AD40832->3258574c-39ac-4ed5-9145-ea59a337c299: receive RaftClientReply:client-0D308AD40832->3258574c-39ac-4ed5-9145-ea59a337c299@group-6C7D867BDA6A, cid=321, SUCCESS, logIndex=462, commits[3258574c-39ac-4ed5-9145-ea59a337c299:c465]
2019-09-02 06:29:59,012 [grpc-default-executor-0] INFO  client.GrpcClientProtocolClient (GrpcClientProtocolClient.java:onNext(255)) - client-0D308AD40832->3258574c-39ac-4ed5-9145-ea59a337c299: receive RaftClientReply:client-0D308AD40832->3258574c-39ac-4ed5-9145-ea59a337c299@group-6C7D867BDA6A, cid=322, SUCCESS, logIndex=463, commits[3258574c-39ac-4ed5-9145-ea59a337c299:c466]
2019-09-02 06:29:59,013 [grpc-default-executor-0] INFO  client.GrpcClientProtocolClient (GrpcClientProtocolClient.java:onNext(255)) - client-0D308AD40832->3258574c-39ac-4ed5-9145-ea59a337c299: receive RaftClientReply:client-0D308AD40832->3258574c-39ac-4ed5-9145-ea59a337c299@group-6C7D867BDA6A, cid=323, SUCCESS, logIndex=464, commits[3258574c-39ac-4ed5-9145-ea59a337c299:c467]
2019-09-02 06:29:59,013 [grpc-default-executor-0] INFO  client.GrpcClientProtocolClient (GrpcClientProtocolClient.java:onNext(255)) - client-0D308AD40832->3258574c-39ac-4ed5-9145-ea59a337c299: receive RaftClientReply:client-0D308AD40832->3258574c-39ac-4ed5-9145-ea59a337c299@group-6C7D867BDA6A, cid=324, SUCCESS, logIndex=465, commits[3258574c-39ac-4ed5-9145-ea59a337c299:c467]
2019-09-02 06:29:59,034 [grpc-default-executor-0] INFO  client.GrpcClientProtocolClient (GrpcClientProtocolClient.java:onNext(255)) - client-0D308AD40832->3258574c-39ac-4ed5-9145-ea59a337c299: receive RaftClientReply:client-0D308AD40832->3258574c-39ac-4ed5-9145-ea59a337c299@group-6C7D867BDA6A, cid=325, SUCCESS, logIndex=468, commits[3258574c-39ac-4ed5-9145-ea59a337c299:c469]
2019-09-02 06:29:59,034 [grpc-default-executor-0] INFO  client.GrpcClientProtocolClient (GrpcClientProtocolClient.java:onNext(255)) - client-0D308AD40832->3258574c-39ac-4ed5-9145-ea59a337c299: receive RaftClientReply:client-0D308AD40832->3258574c-39ac-4ed5-9145-ea59a337c299@group-6C7D867BDA6A, cid=326, SUCCESS, logIndex=469, commits[3258574c-39ac-4ed5-9145-ea59a337c299:c472]
2019-09-02 06:29:59,035 [grpc-default-executor-0] INFO  client.GrpcClientProtocolClient (GrpcClientProtocolClient.java:onNext(255)) - client-0D308AD40832->3258574c-39ac-4ed5-9145-ea59a337c299: receive RaftClientReply:client-0D308AD40832->3258574c-39ac-4ed5-9145-ea59a337c299@group-6C7D867BDA6A, cid=327, SUCCESS, logIndex=470, commits[3258574c-39ac-4ed5-9145-ea59a337c299:c472]
2019-09-02 06:29:59,035 [grpc-default-executor-0] INFO  client.GrpcClientProtocolClient (GrpcClientProtocolClient.java:onNext(255)) - client-0D308AD40832->3258574c-39ac-4ed5-9145-ea59a337c299: receive RaftClientReply:client-0D308AD40832->3258574c-39ac-4ed5-9145-ea59a337c299@group-6C7D867BDA6A, cid=328, SUCCESS, logIndex=471, commits[3258574c-39ac-4ed5-9145-ea59a337c299:c473]
2019-09-02 06:29:59,063 [grpc-default-executor-0] INFO  client.GrpcClientProtocolClient (GrpcClientProtocolClient.java:onNext(255)) - client-0D308AD40832->3258574c-39ac-4ed5-9145-ea59a337c299: receive RaftClientReply:client-0D308AD40832->3258574c-39ac-4ed5-9145-ea59a337c299@group-6C7D867BDA6A, cid=329, SUCCESS, logIndex=474, commits[3258574c-39ac-4ed5-9145-ea59a337c299:c477]
2019-09-02 06:29:59,064 [grpc-default-executor-0] INFO  client.GrpcClientProtocolClient (GrpcClientProtocolClient.java:onNext(255)) - client-0D308AD40832->3258574c-39ac-4ed5-9145-ea59a337c299: receive RaftClientReply:client-0D308AD40832->3258574c-39ac-4ed5-9145-ea59a337c299@group-6C7D867BDA6A, cid=330, SUCCESS, logIndex=475, commits[3258574c-39ac-4ed5-9145-ea59a337c299:c478]
2019-09-02 06:29:59,064 [grpc-default-executor-0] INFO  client.GrpcClientProtocolClient (GrpcClientProtocolClient.java:onNext(255)) - client-0D308AD40832->3258574c-39ac-4ed5-9145-ea59a337c299: receive RaftClientReply:client-0D308AD40832->3258574c-39ac-4ed5-9145-ea59a337c299@group-6C7D867BDA6A, cid=331, SUCCESS, logIndex=476, commits[3258574c-39ac-4ed5-9145-ea59a337c299:c479]
2019-09-02 06:29:59,065 [grpc-default-executor-0] INFO  client.GrpcClientProtocolClient (GrpcClientProtocolClient.java:onNext(255)) - client-0D308AD40832->3258574c-39ac-4ed5-9145-ea59a337c299: receive RaftClientReply:client-0D308AD40832->3258574c-39ac-4ed5-9145-ea59a337c299@group-6C7D867BDA6A, cid=332, SUCCESS, logIndex=477, commits[3258574c-39ac-4ed5-9145-ea59a337c299:c479]
2019-09-02 06:29:59,073 [SCMBlockDeletingService#0] DEBUG block.SCMBlockDeletingService (SCMBlockDeletingService.java:call(138)) - Running DeletedBlockTransactionScanner
2019-09-02 06:29:59,074 [SCMBlockDeletingService#0] DEBUG block.SCMBlockDeletingService (SCMBlockDeletingService.java:call(155)) - Scanned deleted blocks log and got 0 delTX to process.
2019-09-02 06:29:59,083 [grpc-default-executor-0] INFO  client.GrpcClientProtocolClient (GrpcClientProtocolClient.java:onNext(255)) - client-0D308AD40832->3258574c-39ac-4ed5-9145-ea59a337c299: receive RaftClientReply:client-0D308AD40832->3258574c-39ac-4ed5-9145-ea59a337c299@group-6C7D867BDA6A, cid=333, SUCCESS, logIndex=480, commits[3258574c-39ac-4ed5-9145-ea59a337c299:c481]
2019-09-02 06:29:59,083 [grpc-default-executor-0] INFO  client.GrpcClientProtocolClient (GrpcClientProtocolClient.java:onNext(255)) - client-0D308AD40832->3258574c-39ac-4ed5-9145-ea59a337c299: receive RaftClientReply:client-0D308AD40832->3258574c-39ac-4ed5-9145-ea59a337c299@group-6C7D867BDA6A, cid=334, SUCCESS, logIndex=481, commits[3258574c-39ac-4ed5-9145-ea59a337c299:c483]
2019-09-02 06:29:59,084 [grpc-default-executor-0] INFO  client.GrpcClientProtocolClient (GrpcClientProtocolClient.java:onNext(255)) - client-0D308AD40832->3258574c-39ac-4ed5-9145-ea59a337c299: receive RaftClientReply:client-0D308AD40832->3258574c-39ac-4ed5-9145-ea59a337c299@group-6C7D867BDA6A, cid=335, SUCCESS, logIndex=482, commits[3258574c-39ac-4ed5-9145-ea59a337c299:c484]
2019-09-02 06:29:59,084 [grpc-default-executor-0] INFO  client.GrpcClientProtocolClient (GrpcClientProtocolClient.java:onNext(255)) - client-0D308AD40832->3258574c-39ac-4ed5-9145-ea59a337c299: receive RaftClientReply:client-0D308AD40832->3258574c-39ac-4ed5-9145-ea59a337c299@group-6C7D867BDA6A, cid=336, SUCCESS, logIndex=483, commits[3258574c-39ac-4ed5-9145-ea59a337c299:c485]
2019-09-02 06:29:59,109 [grpc-default-executor-0] INFO  client.GrpcClientProtocolClient (GrpcClientProtocolClient.java:onNext(255)) - client-0D308AD40832->3258574c-39ac-4ed5-9145-ea59a337c299: receive RaftClientReply:client-0D308AD40832->3258574c-39ac-4ed5-9145-ea59a337c299@group-6C7D867BDA6A, cid=337, SUCCESS, logIndex=486, commits[3258574c-39ac-4ed5-9145-ea59a337c299:c487]
2019-09-02 06:29:59,109 [grpc-default-executor-0] INFO  client.GrpcClientProtocolClient (GrpcClientProtocolClient.java:onNext(255)) - client-0D308AD40832->3258574c-39ac-4ed5-9145-ea59a337c299: receive RaftClientReply:client-0D308AD40832->3258574c-39ac-4ed5-9145-ea59a337c299@group-6C7D867BDA6A, cid=338, SUCCESS, logIndex=487, commits[3258574c-39ac-4ed5-9145-ea59a337c299:c490]
2019-09-02 06:29:59,110 [grpc-default-executor-0] INFO  client.GrpcClientProtocolClient (GrpcClientProtocolClient.java:onNext(255)) - client-0D308AD40832->3258574c-39ac-4ed5-9145-ea59a337c299: receive RaftClientReply:client-0D308AD40832->3258574c-39ac-4ed5-9145-ea59a337c299@group-6C7D867BDA6A, cid=339, SUCCESS, logIndex=488, commits[3258574c-39ac-4ed5-9145-ea59a337c299:c490]
2019-09-02 06:29:59,110 [grpc-default-executor-0] INFO  client.GrpcClientProtocolClient (GrpcClientProtocolClient.java:onNext(255)) - client-0D308AD40832->3258574c-39ac-4ed5-9145-ea59a337c299: receive RaftClientReply:client-0D308AD40832->3258574c-39ac-4ed5-9145-ea59a337c299@group-6C7D867BDA6A, cid=340, SUCCESS, logIndex=489, commits[3258574c-39ac-4ed5-9145-ea59a337c299:c491]
2019-09-02 06:29:59,131 [grpc-default-executor-0] INFO  client.GrpcClientProtocolClient (GrpcClientProtocolClient.java:onNext(255)) - client-0D308AD40832->3258574c-39ac-4ed5-9145-ea59a337c299: receive RaftClientReply:client-0D308AD40832->3258574c-39ac-4ed5-9145-ea59a337c299@group-6C7D867BDA6A, cid=341, SUCCESS, logIndex=492, commits[3258574c-39ac-4ed5-9145-ea59a337c299:c495]
2019-09-02 06:29:59,132 [grpc-default-executor-0] INFO  client.GrpcClientProtocolClient (GrpcClientProtocolClient.java:onNext(255)) - client-0D308AD40832->3258574c-39ac-4ed5-9145-ea59a337c299: receive RaftClientReply:client-0D308AD40832->3258574c-39ac-4ed5-9145-ea59a337c299@group-6C7D867BDA6A, cid=342, SUCCESS, logIndex=493, commits[3258574c-39ac-4ed5-9145-ea59a337c299:c496]
2019-09-02 06:29:59,132 [grpc-default-executor-0] INFO  client.GrpcClientProtocolClient (GrpcClientProtocolClient.java:onNext(255)) - client-0D308AD40832->3258574c-39ac-4ed5-9145-ea59a337c299: receive RaftClientReply:client-0D308AD40832->3258574c-39ac-4ed5-9145-ea59a337c299@group-6C7D867BDA6A, cid=343, SUCCESS, logIndex=494, commits[3258574c-39ac-4ed5-9145-ea59a337c299:c497]
2019-09-02 06:29:59,133 [grpc-default-executor-0] INFO  client.GrpcClientProtocolClient (GrpcClientProtocolClient.java:onNext(255)) - client-0D308AD40832->3258574c-39ac-4ed5-9145-ea59a337c299: receive RaftClientReply:client-0D308AD40832->3258574c-39ac-4ed5-9145-ea59a337c299@group-6C7D867BDA6A, cid=344, SUCCESS, logIndex=495, commits[3258574c-39ac-4ed5-9145-ea59a337c299:c497]
2019-09-02 06:29:59,166 [grpc-default-executor-1] INFO  client.GrpcClientProtocolClient (GrpcClientProtocolClient.java:onNext(255)) - client-0D308AD40832->3258574c-39ac-4ed5-9145-ea59a337c299: receive RaftClientReply:client-0D308AD40832->3258574c-39ac-4ed5-9145-ea59a337c299@group-6C7D867BDA6A, cid=345, SUCCESS, logIndex=498, commits[3258574c-39ac-4ed5-9145-ea59a337c299:c501]
2019-09-02 06:29:59,167 [grpc-default-executor-0] INFO  client.GrpcClientProtocolClient (GrpcClientProtocolClient.java:onNext(255)) - client-0D308AD40832->3258574c-39ac-4ed5-9145-ea59a337c299: receive RaftClientReply:client-0D308AD40832->3258574c-39ac-4ed5-9145-ea59a337c299@group-6C7D867BDA6A, cid=346, SUCCESS, logIndex=499, commits[3258574c-39ac-4ed5-9145-ea59a337c299:c501]
2019-09-02 06:29:59,167 [grpc-default-executor-0] INFO  client.GrpcClientProtocolClient (GrpcClientProtocolClient.java:onNext(255)) - client-0D308AD40832->3258574c-39ac-4ed5-9145-ea59a337c299: receive RaftClientReply:client-0D308AD40832->3258574c-39ac-4ed5-9145-ea59a337c299@group-6C7D867BDA6A, cid=347, SUCCESS, logIndex=500, commits[3258574c-39ac-4ed5-9145-ea59a337c299:c501]
2019-09-02 06:29:59,167 [grpc-default-executor-0] INFO  client.GrpcClientProtocolClient (GrpcClientProtocolClient.java:onNext(255)) - client-0D308AD40832->3258574c-39ac-4ed5-9145-ea59a337c299: receive RaftClientReply:client-0D308AD40832->3258574c-39ac-4ed5-9145-ea59a337c299@group-6C7D867BDA6A, cid=348, SUCCESS, logIndex=501, commits[3258574c-39ac-4ed5-9145-ea59a337c299:c501]
2019-09-02 06:29:59,174 [SCMBlockDeletingService#0] DEBUG block.SCMBlockDeletingService (SCMBlockDeletingService.java:call(138)) - Running DeletedBlockTransactionScanner
2019-09-02 06:29:59,174 [SCMBlockDeletingService#0] DEBUG block.SCMBlockDeletingService (SCMBlockDeletingService.java:call(155)) - Scanned deleted blocks log and got 0 delTX to process.
2019-09-02 06:29:59,177 [grpc-default-executor-1] INFO  client.GrpcClientProtocolClient (GrpcClientProtocolClient.java:onNext(255)) - client-0D308AD40832->3258574c-39ac-4ed5-9145-ea59a337c299: receive RaftClientReply:client-0D308AD40832->3258574c-39ac-4ed5-9145-ea59a337c299@group-6C7D867BDA6A, cid=349, SUCCESS, logIndex=503, commits[3258574c-39ac-4ed5-9145-ea59a337c299:c504]
2019-09-02 06:29:59,178 [grpc-default-executor-1] INFO  client.GrpcClientProtocolClient (GrpcClientProtocolClient.java:onNext(255)) - client-0D308AD40832->3258574c-39ac-4ed5-9145-ea59a337c299: receive RaftClientReply:client-0D308AD40832->3258574c-39ac-4ed5-9145-ea59a337c299@group-6C7D867BDA6A, cid=350, SUCCESS, logIndex=504, commits[3258574c-39ac-4ed5-9145-ea59a337c299:c504]
2019-09-02 06:29:59,190 [grpc-default-executor-1] INFO  client.GrpcClientProtocolClient (GrpcClientProtocolClient.java:onNext(255)) - client-0D308AD40832->3258574c-39ac-4ed5-9145-ea59a337c299: receive RaftClientReply:client-0D308AD40832->3258574c-39ac-4ed5-9145-ea59a337c299@group-6C7D867BDA6A, cid=351, SUCCESS, logIndex=505, commits[3258574c-39ac-4ed5-9145-ea59a337c299:c507]
2019-09-02 06:29:59,190 [grpc-default-executor-1] INFO  client.GrpcClientProtocolClient (GrpcClientProtocolClient.java:onNext(255)) - client-0D308AD40832->3258574c-39ac-4ed5-9145-ea59a337c299: receive RaftClientReply:client-0D308AD40832->3258574c-39ac-4ed5-9145-ea59a337c299@group-6C7D867BDA6A, cid=352, SUCCESS, logIndex=506, commits[3258574c-39ac-4ed5-9145-ea59a337c299:c507]
2019-09-02 06:29:59,275 [SCMBlockDeletingService#0] DEBUG block.SCMBlockDeletingService (SCMBlockDeletingService.java:call(138)) - Running DeletedBlockTransactionScanner
2019-09-02 06:29:59,275 [SCMBlockDeletingService#0] DEBUG block.SCMBlockDeletingService (SCMBlockDeletingService.java:call(155)) - Scanned deleted blocks log and got 0 delTX to process.
2019-09-02 06:29:59,302 [grpc-default-executor-0] INFO  client.GrpcClientProtocolClient (GrpcClientProtocolClient.java:onNext(255)) - client-0D308AD40832->3258574c-39ac-4ed5-9145-ea59a337c299: receive RaftClientReply:client-0D308AD40832->3258574c-39ac-4ed5-9145-ea59a337c299@group-6C7D867BDA6A, cid=353, SUCCESS, logIndex=508, commits[3258574c-39ac-4ed5-9145-ea59a337c299:c511]
2019-09-02 06:29:59,304 [grpc-default-executor-0] INFO  client.GrpcClientProtocolClient (GrpcClientProtocolClient.java:onNext(255)) - client-0D308AD40832->3258574c-39ac-4ed5-9145-ea59a337c299: receive RaftClientReply:client-0D308AD40832->3258574c-39ac-4ed5-9145-ea59a337c299@group-6C7D867BDA6A, cid=354, SUCCESS, logIndex=509, commits[3258574c-39ac-4ed5-9145-ea59a337c299:c511]
2019-09-02 06:29:59,304 [grpc-default-executor-0] INFO  client.GrpcClientProtocolClient (GrpcClientProtocolClient.java:onNext(255)) - client-0D308AD40832->3258574c-39ac-4ed5-9145-ea59a337c299: receive RaftClientReply:client-0D308AD40832->3258574c-39ac-4ed5-9145-ea59a337c299@group-6C7D867BDA6A, cid=355, SUCCESS, logIndex=510, commits[3258574c-39ac-4ed5-9145-ea59a337c299:c511]
2019-09-02 06:29:59,305 [grpc-default-executor-0] INFO  client.GrpcClientProtocolClient (GrpcClientProtocolClient.java:onNext(255)) - client-0D308AD40832->3258574c-39ac-4ed5-9145-ea59a337c299: receive RaftClientReply:client-0D308AD40832->3258574c-39ac-4ed5-9145-ea59a337c299@group-6C7D867BDA6A, cid=356, SUCCESS, logIndex=511, commits[3258574c-39ac-4ed5-9145-ea59a337c299:c511]
2019-09-02 06:29:59,321 [grpc-default-executor-0] INFO  client.GrpcClientProtocolClient (GrpcClientProtocolClient.java:onNext(255)) - client-0D308AD40832->3258574c-39ac-4ed5-9145-ea59a337c299: receive RaftClientReply:client-0D308AD40832->3258574c-39ac-4ed5-9145-ea59a337c299@group-6C7D867BDA6A, cid=357, SUCCESS, logIndex=513, commits[3258574c-39ac-4ed5-9145-ea59a337c299:c516]
2019-09-02 06:29:59,321 [grpc-default-executor-0] INFO  client.GrpcClientProtocolClient (GrpcClientProtocolClient.java:onNext(255)) - client-0D308AD40832->3258574c-39ac-4ed5-9145-ea59a337c299: receive RaftClientReply:client-0D308AD40832->3258574c-39ac-4ed5-9145-ea59a337c299@group-6C7D867BDA6A, cid=358, SUCCESS, logIndex=514, commits[3258574c-39ac-4ed5-9145-ea59a337c299:c517]
2019-09-02 06:29:59,322 [grpc-default-executor-0] INFO  client.GrpcClientProtocolClient (GrpcClientProtocolClient.java:onNext(255)) - client-0D308AD40832->3258574c-39ac-4ed5-9145-ea59a337c299: receive RaftClientReply:client-0D308AD40832->3258574c-39ac-4ed5-9145-ea59a337c299@group-6C7D867BDA6A, cid=359, SUCCESS, logIndex=515, commits[3258574c-39ac-4ed5-9145-ea59a337c299:c517]
2019-09-02 06:29:59,322 [grpc-default-executor-0] INFO  client.GrpcClientProtocolClient (GrpcClientProtocolClient.java:onNext(255)) - client-0D308AD40832->3258574c-39ac-4ed5-9145-ea59a337c299: receive RaftClientReply:client-0D308AD40832->3258574c-39ac-4ed5-9145-ea59a337c299@group-6C7D867BDA6A, cid=360, SUCCESS, logIndex=516, commits[3258574c-39ac-4ed5-9145-ea59a337c299:c517]
2019-09-02 06:29:59,346 [grpc-default-executor-0] INFO  client.GrpcClientProtocolClient (GrpcClientProtocolClient.java:onNext(255)) - client-0D308AD40832->3258574c-39ac-4ed5-9145-ea59a337c299: receive RaftClientReply:client-0D308AD40832->3258574c-39ac-4ed5-9145-ea59a337c299@group-6C7D867BDA6A, cid=361, SUCCESS, logIndex=518, commits[3258574c-39ac-4ed5-9145-ea59a337c299:c519]
2019-09-02 06:29:59,347 [grpc-default-executor-0] INFO  client.GrpcClientProtocolClient (GrpcClientProtocolClient.java:onNext(255)) - client-0D308AD40832->3258574c-39ac-4ed5-9145-ea59a337c299: receive RaftClientReply:client-0D308AD40832->3258574c-39ac-4ed5-9145-ea59a337c299@group-6C7D867BDA6A, cid=362, SUCCESS, logIndex=519, commits[3258574c-39ac-4ed5-9145-ea59a337c299:c519]
2019-09-02 06:29:59,355 [grpc-default-executor-0] INFO  client.GrpcClientProtocolClient (GrpcClientProtocolClient.java:onNext(255)) - client-0D308AD40832->3258574c-39ac-4ed5-9145-ea59a337c299: receive RaftClientReply:client-0D308AD40832->3258574c-39ac-4ed5-9145-ea59a337c299@group-6C7D867BDA6A, cid=363, SUCCESS, logIndex=520, commits[3258574c-39ac-4ed5-9145-ea59a337c299:c521]
2019-09-02 06:29:59,356 [grpc-default-executor-0] INFO  client.GrpcClientProtocolClient (GrpcClientProtocolClient.java:onNext(255)) - client-0D308AD40832->3258574c-39ac-4ed5-9145-ea59a337c299: receive RaftClientReply:client-0D308AD40832->3258574c-39ac-4ed5-9145-ea59a337c299@group-6C7D867BDA6A, cid=364, SUCCESS, logIndex=521, commits[3258574c-39ac-4ed5-9145-ea59a337c299:c523]
2019-09-02 06:29:59,374 [grpc-default-executor-0] INFO  client.GrpcClientProtocolClient (GrpcClientProtocolClient.java:onNext(255)) - client-0D308AD40832->3258574c-39ac-4ed5-9145-ea59a337c299: receive RaftClientReply:client-0D308AD40832->3258574c-39ac-4ed5-9145-ea59a337c299@group-6C7D867BDA6A, cid=365, SUCCESS, logIndex=524, commits[3258574c-39ac-4ed5-9145-ea59a337c299:c525]
2019-09-02 06:29:59,375 [grpc-default-executor-0] INFO  client.GrpcClientProtocolClient (GrpcClientProtocolClient.java:onNext(255)) - client-0D308AD40832->3258574c-39ac-4ed5-9145-ea59a337c299: receive RaftClientReply:client-0D308AD40832->3258574c-39ac-4ed5-9145-ea59a337c299@group-6C7D867BDA6A, cid=366, SUCCESS, logIndex=525, commits[3258574c-39ac-4ed5-9145-ea59a337c299:c525]
2019-09-02 06:29:59,375 [SCMBlockDeletingService#0] DEBUG block.SCMBlockDeletingService (SCMBlockDeletingService.java:call(138)) - Running DeletedBlockTransactionScanner
2019-09-02 06:29:59,375 [SCMBlockDeletingService#0] DEBUG block.SCMBlockDeletingService (SCMBlockDeletingService.java:call(155)) - Scanned deleted blocks log and got 0 delTX to process.
2019-09-02 06:29:59,376 [grpc-default-executor-0] INFO  client.GrpcClientProtocolClient (GrpcClientProtocolClient.java:onNext(255)) - client-0D308AD40832->3258574c-39ac-4ed5-9145-ea59a337c299: receive RaftClientReply:client-0D308AD40832->3258574c-39ac-4ed5-9145-ea59a337c299@group-6C7D867BDA6A, cid=367, SUCCESS, logIndex=526, commits[3258574c-39ac-4ed5-9145-ea59a337c299:c527]
2019-09-02 06:29:59,376 [grpc-default-executor-0] INFO  client.GrpcClientProtocolClient (GrpcClientProtocolClient.java:onNext(255)) - client-0D308AD40832->3258574c-39ac-4ed5-9145-ea59a337c299: receive RaftClientReply:client-0D308AD40832->3258574c-39ac-4ed5-9145-ea59a337c299@group-6C7D867BDA6A, cid=368, SUCCESS, logIndex=527, commits[3258574c-39ac-4ed5-9145-ea59a337c299:c528]
2019-09-02 06:29:59,400 [grpc-default-executor-0] INFO  client.GrpcClientProtocolClient (GrpcClientProtocolClient.java:onNext(255)) - client-0D308AD40832->3258574c-39ac-4ed5-9145-ea59a337c299: receive RaftClientReply:client-0D308AD40832->3258574c-39ac-4ed5-9145-ea59a337c299@group-6C7D867BDA6A, cid=369, SUCCESS, logIndex=530, commits[3258574c-39ac-4ed5-9145-ea59a337c299:c533]
2019-09-02 06:29:59,401 [grpc-default-executor-0] INFO  client.GrpcClientProtocolClient (GrpcClientProtocolClient.java:onNext(255)) - client-0D308AD40832->3258574c-39ac-4ed5-9145-ea59a337c299: receive RaftClientReply:client-0D308AD40832->3258574c-39ac-4ed5-9145-ea59a337c299@group-6C7D867BDA6A, cid=370, SUCCESS, logIndex=531, commits[3258574c-39ac-4ed5-9145-ea59a337c299:c534]
2019-09-02 06:29:59,401 [grpc-default-executor-0] INFO  client.GrpcClientProtocolClient (GrpcClientProtocolClient.java:onNext(255)) - client-0D308AD40832->3258574c-39ac-4ed5-9145-ea59a337c299: receive RaftClientReply:client-0D308AD40832->3258574c-39ac-4ed5-9145-ea59a337c299@group-6C7D867BDA6A, cid=371, SUCCESS, logIndex=532, commits[3258574c-39ac-4ed5-9145-ea59a337c299:c535]
2019-09-02 06:29:59,402 [grpc-default-executor-0] INFO  client.GrpcClientProtocolClient (GrpcClientProtocolClient.java:onNext(255)) - client-0D308AD40832->3258574c-39ac-4ed5-9145-ea59a337c299: receive RaftClientReply:client-0D308AD40832->3258574c-39ac-4ed5-9145-ea59a337c299@group-6C7D867BDA6A, cid=372, SUCCESS, logIndex=533, commits[3258574c-39ac-4ed5-9145-ea59a337c299:c535]
2019-09-02 06:29:59,424 [grpc-default-executor-0] INFO  client.GrpcClientProtocolClient (GrpcClientProtocolClient.java:onNext(255)) - client-0D308AD40832->3258574c-39ac-4ed5-9145-ea59a337c299: receive RaftClientReply:client-0D308AD40832->3258574c-39ac-4ed5-9145-ea59a337c299@group-6C7D867BDA6A, cid=373, SUCCESS, logIndex=536, commits[3258574c-39ac-4ed5-9145-ea59a337c299:c540]
2019-09-02 06:29:59,424 [grpc-default-executor-0] INFO  client.GrpcClientProtocolClient (GrpcClientProtocolClient.java:onNext(255)) - client-0D308AD40832->3258574c-39ac-4ed5-9145-ea59a337c299: receive RaftClientReply:client-0D308AD40832->3258574c-39ac-4ed5-9145-ea59a337c299@group-6C7D867BDA6A, cid=374, SUCCESS, logIndex=537, commits[3258574c-39ac-4ed5-9145-ea59a337c299:c540]
2019-09-02 06:29:59,425 [grpc-default-executor-0] INFO  client.GrpcClientProtocolClient (GrpcClientProtocolClient.java:onNext(255)) - client-0D308AD40832->3258574c-39ac-4ed5-9145-ea59a337c299: receive RaftClientReply:client-0D308AD40832->3258574c-39ac-4ed5-9145-ea59a337c299@group-6C7D867BDA6A, cid=375, SUCCESS, logIndex=538, commits[3258574c-39ac-4ed5-9145-ea59a337c299:c540]
2019-09-02 06:29:59,425 [grpc-default-executor-0] INFO  client.GrpcClientProtocolClient (GrpcClientProtocolClient.java:onNext(255)) - client-0D308AD40832->3258574c-39ac-4ed5-9145-ea59a337c299: receive RaftClientReply:client-0D308AD40832->3258574c-39ac-4ed5-9145-ea59a337c299@group-6C7D867BDA6A, cid=376, SUCCESS, logIndex=539, commits[3258574c-39ac-4ed5-9145-ea59a337c299:c540]
2019-09-02 06:29:59,450 [grpc-default-executor-0] INFO  client.GrpcClientProtocolClient (GrpcClientProtocolClient.java:onNext(255)) - client-0D308AD40832->3258574c-39ac-4ed5-9145-ea59a337c299: receive RaftClientReply:client-0D308AD40832->3258574c-39ac-4ed5-9145-ea59a337c299@group-6C7D867BDA6A, cid=377, SUCCESS, logIndex=541, commits[3258574c-39ac-4ed5-9145-ea59a337c299:c542]
2019-09-02 06:29:59,450 [grpc-default-executor-0] INFO  client.GrpcClientProtocolClient (GrpcClientProtocolClient.java:onNext(255)) - client-0D308AD40832->3258574c-39ac-4ed5-9145-ea59a337c299: receive RaftClientReply:client-0D308AD40832->3258574c-39ac-4ed5-9145-ea59a337c299@group-6C7D867BDA6A, cid=378, SUCCESS, logIndex=542, commits[3258574c-39ac-4ed5-9145-ea59a337c299:c544]
2019-09-02 06:29:59,451 [grpc-default-executor-0] INFO  client.GrpcClientProtocolClient (GrpcClientProtocolClient.java:onNext(255)) - client-0D308AD40832->3258574c-39ac-4ed5-9145-ea59a337c299: receive RaftClientReply:client-0D308AD40832->3258574c-39ac-4ed5-9145-ea59a337c299@group-6C7D867BDA6A, cid=379, SUCCESS, logIndex=543, commits[3258574c-39ac-4ed5-9145-ea59a337c299:c544]
2019-09-02 06:29:59,451 [grpc-default-executor-0] INFO  client.GrpcClientProtocolClient (GrpcClientProtocolClient.java:onNext(255)) - client-0D308AD40832->3258574c-39ac-4ed5-9145-ea59a337c299: receive RaftClientReply:client-0D308AD40832->3258574c-39ac-4ed5-9145-ea59a337c299@group-6C7D867BDA6A, cid=380, SUCCESS, logIndex=544, commits[3258574c-39ac-4ed5-9145-ea59a337c299:c545]
2019-09-02 06:29:59,476 [SCMBlockDeletingService#0] DEBUG block.SCMBlockDeletingService (SCMBlockDeletingService.java:call(138)) - Running DeletedBlockTransactionScanner
2019-09-02 06:29:59,477 [SCMBlockDeletingService#0] DEBUG block.SCMBlockDeletingService (SCMBlockDeletingService.java:call(155)) - Scanned deleted blocks log and got 0 delTX to process.
2019-09-02 06:29:59,477 [grpc-default-executor-1] INFO  client.GrpcClientProtocolClient (GrpcClientProtocolClient.java:onNext(255)) - client-0D308AD40832->3258574c-39ac-4ed5-9145-ea59a337c299: receive RaftClientReply:client-0D308AD40832->3258574c-39ac-4ed5-9145-ea59a337c299@group-6C7D867BDA6A, cid=381, SUCCESS, logIndex=547, commits[3258574c-39ac-4ed5-9145-ea59a337c299:c548]
2019-09-02 06:29:59,478 [grpc-default-executor-1] INFO  client.GrpcClientProtocolClient (GrpcClientProtocolClient.java:onNext(255)) - client-0D308AD40832->3258574c-39ac-4ed5-9145-ea59a337c299: receive RaftClientReply:client-0D308AD40832->3258574c-39ac-4ed5-9145-ea59a337c299@group-6C7D867BDA6A, cid=382, SUCCESS, logIndex=548, commits[3258574c-39ac-4ed5-9145-ea59a337c299:c548]
2019-09-02 06:29:59,482 [grpc-default-executor-1] INFO  client.GrpcClientProtocolClient (GrpcClientProtocolClient.java:onNext(255)) - client-0D308AD40832->3258574c-39ac-4ed5-9145-ea59a337c299: receive RaftClientReply:client-0D308AD40832->3258574c-39ac-4ed5-9145-ea59a337c299@group-6C7D867BDA6A, cid=383, SUCCESS, logIndex=549, commits[3258574c-39ac-4ed5-9145-ea59a337c299:c550]
2019-09-02 06:29:59,482 [grpc-default-executor-1] INFO  client.GrpcClientProtocolClient (GrpcClientProtocolClient.java:onNext(255)) - client-0D308AD40832->3258574c-39ac-4ed5-9145-ea59a337c299: receive RaftClientReply:client-0D308AD40832->3258574c-39ac-4ed5-9145-ea59a337c299@group-6C7D867BDA6A, cid=384, SUCCESS, logIndex=550, commits[3258574c-39ac-4ed5-9145-ea59a337c299:c551]
2019-09-02 06:29:59,512 [grpc-default-executor-1] INFO  client.GrpcClientProtocolClient (GrpcClientProtocolClient.java:onNext(255)) - client-0D308AD40832->3258574c-39ac-4ed5-9145-ea59a337c299: receive RaftClientReply:client-0D308AD40832->3258574c-39ac-4ed5-9145-ea59a337c299@group-6C7D867BDA6A, cid=385, SUCCESS, logIndex=553, commits[3258574c-39ac-4ed5-9145-ea59a337c299:c554]
2019-09-02 06:29:59,513 [grpc-default-executor-1] INFO  client.GrpcClientProtocolClient (GrpcClientProtocolClient.java:onNext(255)) - client-0D308AD40832->3258574c-39ac-4ed5-9145-ea59a337c299: receive RaftClientReply:client-0D308AD40832->3258574c-39ac-4ed5-9145-ea59a337c299@group-6C7D867BDA6A, cid=386, SUCCESS, logIndex=554, commits[3258574c-39ac-4ed5-9145-ea59a337c299:c556]
2019-09-02 06:29:59,513 [grpc-default-executor-1] INFO  client.GrpcClientProtocolClient (GrpcClientProtocolClient.java:onNext(255)) - client-0D308AD40832->3258574c-39ac-4ed5-9145-ea59a337c299: receive RaftClientReply:client-0D308AD40832->3258574c-39ac-4ed5-9145-ea59a337c299@group-6C7D867BDA6A, cid=387, SUCCESS, logIndex=555, commits[3258574c-39ac-4ed5-9145-ea59a337c299:c557]
2019-09-02 06:29:59,514 [grpc-default-executor-1] INFO  client.GrpcClientProtocolClient (GrpcClientProtocolClient.java:onNext(255)) - client-0D308AD40832->3258574c-39ac-4ed5-9145-ea59a337c299: receive RaftClientReply:client-0D308AD40832->3258574c-39ac-4ed5-9145-ea59a337c299@group-6C7D867BDA6A, cid=388, SUCCESS, logIndex=556, commits[3258574c-39ac-4ed5-9145-ea59a337c299:c558]
2019-09-02 06:29:59,533 [grpc-default-executor-1] INFO  client.GrpcClientProtocolClient (GrpcClientProtocolClient.java:onNext(255)) - client-0D308AD40832->3258574c-39ac-4ed5-9145-ea59a337c299: receive RaftClientReply:client-0D308AD40832->3258574c-39ac-4ed5-9145-ea59a337c299@group-6C7D867BDA6A, cid=389, SUCCESS, logIndex=559, commits[3258574c-39ac-4ed5-9145-ea59a337c299:c560]
2019-09-02 06:29:59,534 [grpc-default-executor-1] INFO  client.GrpcClientProtocolClient (GrpcClientProtocolClient.java:onNext(255)) - client-0D308AD40832->3258574c-39ac-4ed5-9145-ea59a337c299: receive RaftClientReply:client-0D308AD40832->3258574c-39ac-4ed5-9145-ea59a337c299@group-6C7D867BDA6A, cid=390, SUCCESS, logIndex=560, commits[3258574c-39ac-4ed5-9145-ea59a337c299:c560]
2019-09-02 06:29:59,534 [grpc-default-executor-1] INFO  client.GrpcClientProtocolClient (GrpcClientProtocolClient.java:onNext(255)) - client-0D308AD40832->3258574c-39ac-4ed5-9145-ea59a337c299: receive RaftClientReply:client-0D308AD40832->3258574c-39ac-4ed5-9145-ea59a337c299@group-6C7D867BDA6A, cid=391, SUCCESS, logIndex=561, commits[3258574c-39ac-4ed5-9145-ea59a337c299:c562]
2019-09-02 06:29:59,535 [grpc-default-executor-1] INFO  client.GrpcClientProtocolClient (GrpcClientProtocolClient.java:onNext(255)) - client-0D308AD40832->3258574c-39ac-4ed5-9145-ea59a337c299: receive RaftClientReply:client-0D308AD40832->3258574c-39ac-4ed5-9145-ea59a337c299@group-6C7D867BDA6A, cid=392, SUCCESS, logIndex=562, commits[3258574c-39ac-4ed5-9145-ea59a337c299:c563]
2019-09-02 06:29:59,564 [grpc-default-executor-1] INFO  client.GrpcClientProtocolClient (GrpcClientProtocolClient.java:onNext(255)) - client-0D308AD40832->3258574c-39ac-4ed5-9145-ea59a337c299: receive RaftClientReply:client-0D308AD40832->3258574c-39ac-4ed5-9145-ea59a337c299@group-6C7D867BDA6A, cid=393, SUCCESS, logIndex=565, commits[3258574c-39ac-4ed5-9145-ea59a337c299:c568]
2019-09-02 06:29:59,564 [grpc-default-executor-1] INFO  client.GrpcClientProtocolClient (GrpcClientProtocolClient.java:onNext(255)) - client-0D308AD40832->3258574c-39ac-4ed5-9145-ea59a337c299: receive RaftClientReply:client-0D308AD40832->3258574c-39ac-4ed5-9145-ea59a337c299@group-6C7D867BDA6A, cid=394, SUCCESS, logIndex=566, commits[3258574c-39ac-4ed5-9145-ea59a337c299:c569]
2019-09-02 06:29:59,565 [grpc-default-executor-1] INFO  client.GrpcClientProtocolClient (GrpcClientProtocolClient.java:onNext(255)) - client-0D308AD40832->3258574c-39ac-4ed5-9145-ea59a337c299: receive RaftClientReply:client-0D308AD40832->3258574c-39ac-4ed5-9145-ea59a337c299@group-6C7D867BDA6A, cid=395, SUCCESS, logIndex=567, commits[3258574c-39ac-4ed5-9145-ea59a337c299:c569]
2019-09-02 06:29:59,565 [grpc-default-executor-1] INFO  client.GrpcClientProtocolClient (GrpcClientProtocolClient.java:onNext(255)) - client-0D308AD40832->3258574c-39ac-4ed5-9145-ea59a337c299: receive RaftClientReply:client-0D308AD40832->3258574c-39ac-4ed5-9145-ea59a337c299@group-6C7D867BDA6A, cid=396, SUCCESS, logIndex=568, commits[3258574c-39ac-4ed5-9145-ea59a337c299:c569]
2019-09-02 06:29:59,577 [SCMBlockDeletingService#0] DEBUG block.SCMBlockDeletingService (SCMBlockDeletingService.java:call(138)) - Running DeletedBlockTransactionScanner
2019-09-02 06:29:59,578 [SCMBlockDeletingService#0] DEBUG block.SCMBlockDeletingService (SCMBlockDeletingService.java:call(155)) - Scanned deleted blocks log and got 0 delTX to process.
2019-09-02 06:29:59,674 [grpc-default-executor-1] INFO  client.GrpcClientProtocolClient (GrpcClientProtocolClient.java:onNext(255)) - client-0D308AD40832->3258574c-39ac-4ed5-9145-ea59a337c299: receive RaftClientReply:client-0D308AD40832->3258574c-39ac-4ed5-9145-ea59a337c299@group-6C7D867BDA6A, cid=397, SUCCESS, logIndex=570, commits[3258574c-39ac-4ed5-9145-ea59a337c299:c573]
2019-09-02 06:29:59,675 [grpc-default-executor-1] INFO  client.GrpcClientProtocolClient (GrpcClientProtocolClient.java:onNext(255)) - client-0D308AD40832->3258574c-39ac-4ed5-9145-ea59a337c299: receive RaftClientReply:client-0D308AD40832->3258574c-39ac-4ed5-9145-ea59a337c299@group-6C7D867BDA6A, cid=398, SUCCESS, logIndex=571, commits[3258574c-39ac-4ed5-9145-ea59a337c299:c573]
2019-09-02 06:29:59,675 [grpc-default-executor-1] INFO  client.GrpcClientProtocolClient (GrpcClientProtocolClient.java:onNext(255)) - client-0D308AD40832->3258574c-39ac-4ed5-9145-ea59a337c299: receive RaftClientReply:client-0D308AD40832->3258574c-39ac-4ed5-9145-ea59a337c299@group-6C7D867BDA6A, cid=399, SUCCESS, logIndex=572, commits[3258574c-39ac-4ed5-9145-ea59a337c299:c573]
2019-09-02 06:29:59,676 [grpc-default-executor-1] INFO  client.GrpcClientProtocolClient (GrpcClientProtocolClient.java:onNext(255)) - client-0D308AD40832->3258574c-39ac-4ed5-9145-ea59a337c299: receive RaftClientReply:client-0D308AD40832->3258574c-39ac-4ed5-9145-ea59a337c299@group-6C7D867BDA6A, cid=400, SUCCESS, logIndex=573, commits[3258574c-39ac-4ed5-9145-ea59a337c299:c573]
2019-09-02 06:29:59,678 [SCMBlockDeletingService#0] DEBUG block.SCMBlockDeletingService (SCMBlockDeletingService.java:call(138)) - Running DeletedBlockTransactionScanner
2019-09-02 06:29:59,678 [SCMBlockDeletingService#0] DEBUG block.SCMBlockDeletingService (SCMBlockDeletingService.java:call(155)) - Scanned deleted blocks log and got 0 delTX to process.
2019-09-02 06:29:59,710 [grpc-default-executor-0] INFO  client.GrpcClientProtocolClient (GrpcClientProtocolClient.java:onNext(255)) - client-0D308AD40832->3258574c-39ac-4ed5-9145-ea59a337c299: receive RaftClientReply:client-0D308AD40832->3258574c-39ac-4ed5-9145-ea59a337c299@group-6C7D867BDA6A, cid=401, SUCCESS, logIndex=575, commits[3258574c-39ac-4ed5-9145-ea59a337c299:c576]
2019-09-02 06:29:59,712 [grpc-default-executor-0] INFO  client.GrpcClientProtocolClient (GrpcClientProtocolClient.java:onNext(255)) - client-0D308AD40832->3258574c-39ac-4ed5-9145-ea59a337c299: receive RaftClientReply:client-0D308AD40832->3258574c-39ac-4ed5-9145-ea59a337c299@group-6C7D867BDA6A, cid=402, SUCCESS, logIndex=576, commits[3258574c-39ac-4ed5-9145-ea59a337c299:c576]
2019-09-02 06:29:59,718 [grpc-default-executor-0] INFO  client.GrpcClientProtocolClient (GrpcClientProtocolClient.java:onNext(255)) - client-0D308AD40832->3258574c-39ac-4ed5-9145-ea59a337c299: receive RaftClientReply:client-0D308AD40832->3258574c-39ac-4ed5-9145-ea59a337c299@group-6C7D867BDA6A, cid=403, SUCCESS, logIndex=577, commits[3258574c-39ac-4ed5-9145-ea59a337c299:c579]
2019-09-02 06:29:59,718 [grpc-default-executor-0] INFO  client.GrpcClientProtocolClient (GrpcClientProtocolClient.java:onNext(255)) - client-0D308AD40832->3258574c-39ac-4ed5-9145-ea59a337c299: receive RaftClientReply:client-0D308AD40832->3258574c-39ac-4ed5-9145-ea59a337c299@group-6C7D867BDA6A, cid=404, SUCCESS, logIndex=578, commits[3258574c-39ac-4ed5-9145-ea59a337c299:c580]
2019-09-02 06:29:59,740 [grpc-default-executor-1] INFO  client.GrpcClientProtocolClient (GrpcClientProtocolClient.java:onNext(255)) - client-0D308AD40832->3258574c-39ac-4ed5-9145-ea59a337c299: receive RaftClientReply:client-0D308AD40832->3258574c-39ac-4ed5-9145-ea59a337c299@group-6C7D867BDA6A, cid=405, SUCCESS, logIndex=581, commits[3258574c-39ac-4ed5-9145-ea59a337c299:c582]
2019-09-02 06:29:59,740 [grpc-default-executor-1] INFO  client.GrpcClientProtocolClient (GrpcClientProtocolClient.java:onNext(255)) - client-0D308AD40832->3258574c-39ac-4ed5-9145-ea59a337c299: receive RaftClientReply:client-0D308AD40832->3258574c-39ac-4ed5-9145-ea59a337c299@group-6C7D867BDA6A, cid=406, SUCCESS, logIndex=582, commits[3258574c-39ac-4ed5-9145-ea59a337c299:c585]
2019-09-02 06:29:59,741 [grpc-default-executor-1] INFO  client.GrpcClientProtocolClient (GrpcClientProtocolClient.java:onNext(255)) - client-0D308AD40832->3258574c-39ac-4ed5-9145-ea59a337c299: receive RaftClientReply:client-0D308AD40832->3258574c-39ac-4ed5-9145-ea59a337c299@group-6C7D867BDA6A, cid=407, SUCCESS, logIndex=583, commits[3258574c-39ac-4ed5-9145-ea59a337c299:c585]
2019-09-02 06:29:59,741 [grpc-default-executor-1] INFO  client.GrpcClientProtocolClient (GrpcClientProtocolClient.java:onNext(255)) - client-0D308AD40832->3258574c-39ac-4ed5-9145-ea59a337c299: receive RaftClientReply:client-0D308AD40832->3258574c-39ac-4ed5-9145-ea59a337c299@group-6C7D867BDA6A, cid=408, SUCCESS, logIndex=584, commits[3258574c-39ac-4ed5-9145-ea59a337c299:c586]
2019-09-02 06:29:59,769 [grpc-default-executor-0] INFO  client.GrpcClientProtocolClient (GrpcClientProtocolClient.java:onNext(255)) - client-0D308AD40832->3258574c-39ac-4ed5-9145-ea59a337c299: receive RaftClientReply:client-0D308AD40832->3258574c-39ac-4ed5-9145-ea59a337c299@group-6C7D867BDA6A, cid=409, SUCCESS, logIndex=587, commits[3258574c-39ac-4ed5-9145-ea59a337c299:c588]
2019-09-02 06:29:59,770 [grpc-default-executor-0] INFO  client.GrpcClientProtocolClient (GrpcClientProtocolClient.java:onNext(255)) - client-0D308AD40832->3258574c-39ac-4ed5-9145-ea59a337c299: receive RaftClientReply:client-0D308AD40832->3258574c-39ac-4ed5-9145-ea59a337c299@group-6C7D867BDA6A, cid=410, SUCCESS, logIndex=588, commits[3258574c-39ac-4ed5-9145-ea59a337c299:c590]
2019-09-02 06:29:59,771 [grpc-default-executor-0] INFO  client.GrpcClientProtocolClient (GrpcClientProtocolClient.java:onNext(255)) - client-0D308AD40832->3258574c-39ac-4ed5-9145-ea59a337c299: receive RaftClientReply:client-0D308AD40832->3258574c-39ac-4ed5-9145-ea59a337c299@group-6C7D867BDA6A, cid=411, SUCCESS, logIndex=589, commits[3258574c-39ac-4ed5-9145-ea59a337c299:c590]
2019-09-02 06:29:59,772 [grpc-default-executor-0] INFO  client.GrpcClientProtocolClient (GrpcClientProtocolClient.java:onNext(255)) - client-0D308AD40832->3258574c-39ac-4ed5-9145-ea59a337c299: receive RaftClientReply:client-0D308AD40832->3258574c-39ac-4ed5-9145-ea59a337c299@group-6C7D867BDA6A, cid=412, SUCCESS, logIndex=590, commits[3258574c-39ac-4ed5-9145-ea59a337c299:c591]
2019-09-02 06:29:59,779 [SCMBlockDeletingService#0] DEBUG block.SCMBlockDeletingService (SCMBlockDeletingService.java:call(138)) - Running DeletedBlockTransactionScanner
2019-09-02 06:29:59,779 [SCMBlockDeletingService#0] DEBUG block.SCMBlockDeletingService (SCMBlockDeletingService.java:call(155)) - Scanned deleted blocks log and got 0 delTX to process.
2019-09-02 06:29:59,795 [grpc-default-executor-0] INFO  client.GrpcClientProtocolClient (GrpcClientProtocolClient.java:onNext(255)) - client-0D308AD40832->3258574c-39ac-4ed5-9145-ea59a337c299: receive RaftClientReply:client-0D308AD40832->3258574c-39ac-4ed5-9145-ea59a337c299@group-6C7D867BDA6A, cid=413, SUCCESS, logIndex=593, commits[3258574c-39ac-4ed5-9145-ea59a337c299:c594]
2019-09-02 06:29:59,795 [grpc-default-executor-0] INFO  client.GrpcClientProtocolClient (GrpcClientProtocolClient.java:onNext(255)) - client-0D308AD40832->3258574c-39ac-4ed5-9145-ea59a337c299: receive RaftClientReply:client-0D308AD40832->3258574c-39ac-4ed5-9145-ea59a337c299@group-6C7D867BDA6A, cid=414, SUCCESS, logIndex=594, commits[3258574c-39ac-4ed5-9145-ea59a337c299:c594]
2019-09-02 06:29:59,806 [grpc-default-executor-0] INFO  client.GrpcClientProtocolClient (GrpcClientProtocolClient.java:onNext(255)) - client-0D308AD40832->3258574c-39ac-4ed5-9145-ea59a337c299: receive RaftClientReply:client-0D308AD40832->3258574c-39ac-4ed5-9145-ea59a337c299@group-6C7D867BDA6A, cid=415, SUCCESS, logIndex=595, commits[3258574c-39ac-4ed5-9145-ea59a337c299:c597]
2019-09-02 06:29:59,806 [grpc-default-executor-0] INFO  client.GrpcClientProtocolClient (GrpcClientProtocolClient.java:onNext(255)) - client-0D308AD40832->3258574c-39ac-4ed5-9145-ea59a337c299: receive RaftClientReply:client-0D308AD40832->3258574c-39ac-4ed5-9145-ea59a337c299@group-6C7D867BDA6A, cid=416, SUCCESS, logIndex=596, commits[3258574c-39ac-4ed5-9145-ea59a337c299:c597]
2019-09-02 06:29:59,837 [grpc-default-executor-1] INFO  client.GrpcClientProtocolClient (GrpcClientProtocolClient.java:onNext(255)) - client-0D308AD40832->3258574c-39ac-4ed5-9145-ea59a337c299: receive RaftClientReply:client-0D308AD40832->3258574c-39ac-4ed5-9145-ea59a337c299@group-6C7D867BDA6A, cid=417, SUCCESS, logIndex=598, commits[3258574c-39ac-4ed5-9145-ea59a337c299:c601]
2019-09-02 06:29:59,838 [grpc-default-executor-1] INFO  client.GrpcClientProtocolClient (GrpcClientProtocolClient.java:onNext(255)) - client-0D308AD40832->3258574c-39ac-4ed5-9145-ea59a337c299: receive RaftClientReply:client-0D308AD40832->3258574c-39ac-4ed5-9145-ea59a337c299@group-6C7D867BDA6A, cid=418, SUCCESS, logIndex=599, commits[3258574c-39ac-4ed5-9145-ea59a337c299:c602]
2019-09-02 06:29:59,838 [grpc-default-executor-1] INFO  client.GrpcClientProtocolClient (GrpcClientProtocolClient.java:onNext(255)) - client-0D308AD40832->3258574c-39ac-4ed5-9145-ea59a337c299: receive RaftClientReply:client-0D308AD40832->3258574c-39ac-4ed5-9145-ea59a337c299@group-6C7D867BDA6A, cid=419, SUCCESS, logIndex=600, commits[3258574c-39ac-4ed5-9145-ea59a337c299:c603]
2019-09-02 06:29:59,838 [grpc-default-executor-1] INFO  client.GrpcClientProtocolClient (GrpcClientProtocolClient.java:onNext(255)) - client-0D308AD40832->3258574c-39ac-4ed5-9145-ea59a337c299: receive RaftClientReply:client-0D308AD40832->3258574c-39ac-4ed5-9145-ea59a337c299@group-6C7D867BDA6A, cid=420, SUCCESS, logIndex=601, commits[3258574c-39ac-4ed5-9145-ea59a337c299:c603]
2019-09-02 06:29:59,859 [grpc-default-executor-1] INFO  client.GrpcClientProtocolClient (GrpcClientProtocolClient.java:onNext(255)) - client-0D308AD40832->3258574c-39ac-4ed5-9145-ea59a337c299: receive RaftClientReply:client-0D308AD40832->3258574c-39ac-4ed5-9145-ea59a337c299@group-6C7D867BDA6A, cid=421, SUCCESS, logIndex=604, commits[3258574c-39ac-4ed5-9145-ea59a337c299:c605]
2019-09-02 06:29:59,860 [grpc-default-executor-1] INFO  client.GrpcClientProtocolClient (GrpcClientProtocolClient.java:onNext(255)) - client-0D308AD40832->3258574c-39ac-4ed5-9145-ea59a337c299: receive RaftClientReply:client-0D308AD40832->3258574c-39ac-4ed5-9145-ea59a337c299@group-6C7D867BDA6A, cid=422, SUCCESS, logIndex=605, commits[3258574c-39ac-4ed5-9145-ea59a337c299:c607]
2019-09-02 06:29:59,860 [grpc-default-executor-1] INFO  client.GrpcClientProtocolClient (GrpcClientProtocolClient.java:onNext(255)) - client-0D308AD40832->3258574c-39ac-4ed5-9145-ea59a337c299: receive RaftClientReply:client-0D308AD40832->3258574c-39ac-4ed5-9145-ea59a337c299@group-6C7D867BDA6A, cid=423, SUCCESS, logIndex=606, commits[3258574c-39ac-4ed5-9145-ea59a337c299:c608]
2019-09-02 06:29:59,860 [grpc-default-executor-1] INFO  client.GrpcClientProtocolClient (GrpcClientProtocolClient.java:onNext(255)) - client-0D308AD40832->3258574c-39ac-4ed5-9145-ea59a337c299: receive RaftClientReply:client-0D308AD40832->3258574c-39ac-4ed5-9145-ea59a337c299@group-6C7D867BDA6A, cid=424, SUCCESS, logIndex=607, commits[3258574c-39ac-4ed5-9145-ea59a337c299:c608]
2019-09-02 06:29:59,879 [SCMBlockDeletingService#0] DEBUG block.SCMBlockDeletingService (SCMBlockDeletingService.java:call(138)) - Running DeletedBlockTransactionScanner
2019-09-02 06:29:59,880 [SCMBlockDeletingService#0] DEBUG block.SCMBlockDeletingService (SCMBlockDeletingService.java:call(155)) - Scanned deleted blocks log and got 0 delTX to process.
2019-09-02 06:29:59,887 [grpc-default-executor-0] INFO  client.GrpcClientProtocolClient (GrpcClientProtocolClient.java:onNext(255)) - client-0D308AD40832->3258574c-39ac-4ed5-9145-ea59a337c299: receive RaftClientReply:client-0D308AD40832->3258574c-39ac-4ed5-9145-ea59a337c299@group-6C7D867BDA6A, cid=425, SUCCESS, logIndex=610, commits[3258574c-39ac-4ed5-9145-ea59a337c299:c611]
2019-09-02 06:29:59,888 [grpc-default-executor-0] INFO  client.GrpcClientProtocolClient (GrpcClientProtocolClient.java:onNext(255)) - client-0D308AD40832->3258574c-39ac-4ed5-9145-ea59a337c299: receive RaftClientReply:client-0D308AD40832->3258574c-39ac-4ed5-9145-ea59a337c299@group-6C7D867BDA6A, cid=426, SUCCESS, logIndex=611, commits[3258574c-39ac-4ed5-9145-ea59a337c299:c611]
2019-09-02 06:29:59,889 [grpc-default-executor-0] INFO  client.GrpcClientProtocolClient (GrpcClientProtocolClient.java:onNext(255)) - client-0D308AD40832->3258574c-39ac-4ed5-9145-ea59a337c299: receive RaftClientReply:client-0D308AD40832->3258574c-39ac-4ed5-9145-ea59a337c299@group-6C7D867BDA6A, cid=427, SUCCESS, logIndex=612, commits[3258574c-39ac-4ed5-9145-ea59a337c299:c613]
2019-09-02 06:29:59,889 [grpc-default-executor-0] INFO  client.GrpcClientProtocolClient (GrpcClientProtocolClient.java:onNext(255)) - client-0D308AD40832->3258574c-39ac-4ed5-9145-ea59a337c299: receive RaftClientReply:client-0D308AD40832->3258574c-39ac-4ed5-9145-ea59a337c299@group-6C7D867BDA6A, cid=428, SUCCESS, logIndex=613, commits[3258574c-39ac-4ed5-9145-ea59a337c299:c614]
2019-09-02 06:29:59,917 [grpc-default-executor-1] INFO  client.GrpcClientProtocolClient (GrpcClientProtocolClient.java:onNext(255)) - client-0D308AD40832->3258574c-39ac-4ed5-9145-ea59a337c299: receive RaftClientReply:client-0D308AD40832->3258574c-39ac-4ed5-9145-ea59a337c299@group-6C7D867BDA6A, cid=429, SUCCESS, logIndex=616, commits[3258574c-39ac-4ed5-9145-ea59a337c299:c619]
2019-09-02 06:29:59,917 [grpc-default-executor-1] INFO  client.GrpcClientProtocolClient (GrpcClientProtocolClient.java:onNext(255)) - client-0D308AD40832->3258574c-39ac-4ed5-9145-ea59a337c299: receive RaftClientReply:client-0D308AD40832->3258574c-39ac-4ed5-9145-ea59a337c299@group-6C7D867BDA6A, cid=430, SUCCESS, logIndex=617, commits[3258574c-39ac-4ed5-9145-ea59a337c299:c620]
2019-09-02 06:29:59,918 [grpc-default-executor-1] INFO  client.GrpcClientProtocolClient (GrpcClientProtocolClient.java:onNext(255)) - client-0D308AD40832->3258574c-39ac-4ed5-9145-ea59a337c299: receive RaftClientReply:client-0D308AD40832->3258574c-39ac-4ed5-9145-ea59a337c299@group-6C7D867BDA6A, cid=431, SUCCESS, logIndex=618, commits[3258574c-39ac-4ed5-9145-ea59a337c299:c621]
2019-09-02 06:29:59,918 [grpc-default-executor-1] INFO  client.GrpcClientProtocolClient (GrpcClientProtocolClient.java:onNext(255)) - client-0D308AD40832->3258574c-39ac-4ed5-9145-ea59a337c299: receive RaftClientReply:client-0D308AD40832->3258574c-39ac-4ed5-9145-ea59a337c299@group-6C7D867BDA6A, cid=432, SUCCESS, logIndex=619, commits[3258574c-39ac-4ed5-9145-ea59a337c299:c621]
2019-09-02 06:29:59,945 [grpc-default-executor-1] INFO  client.GrpcClientProtocolClient (GrpcClientProtocolClient.java:onNext(255)) - client-0D308AD40832->3258574c-39ac-4ed5-9145-ea59a337c299: receive RaftClientReply:client-0D308AD40832->3258574c-39ac-4ed5-9145-ea59a337c299@group-6C7D867BDA6A, cid=433, SUCCESS, logIndex=622, commits[3258574c-39ac-4ed5-9145-ea59a337c299:c623]
2019-09-02 06:29:59,946 [grpc-default-executor-1] INFO  client.GrpcClientProtocolClient (GrpcClientProtocolClient.java:onNext(255)) - client-0D308AD40832->3258574c-39ac-4ed5-9145-ea59a337c299: receive RaftClientReply:client-0D308AD40832->3258574c-39ac-4ed5-9145-ea59a337c299@group-6C7D867BDA6A, cid=434, SUCCESS, logIndex=623, commits[3258574c-39ac-4ed5-9145-ea59a337c299:c626]
2019-09-02 06:29:59,946 [grpc-default-executor-1] INFO  client.GrpcClientProtocolClient (GrpcClientProtocolClient.java:onNext(255)) - client-0D308AD40832->3258574c-39ac-4ed5-9145-ea59a337c299: receive RaftClientReply:client-0D308AD40832->3258574c-39ac-4ed5-9145-ea59a337c299@group-6C7D867BDA6A, cid=435, SUCCESS, logIndex=624, commits[3258574c-39ac-4ed5-9145-ea59a337c299:c626]
2019-09-02 06:29:59,946 [grpc-default-executor-1] INFO  client.GrpcClientProtocolClient (GrpcClientProtocolClient.java:onNext(255)) - client-0D308AD40832->3258574c-39ac-4ed5-9145-ea59a337c299: receive RaftClientReply:client-0D308AD40832->3258574c-39ac-4ed5-9145-ea59a337c299@group-6C7D867BDA6A, cid=436, SUCCESS, logIndex=625, commits[3258574c-39ac-4ed5-9145-ea59a337c299:c627]
2019-09-02 06:29:59,965 [grpc-default-executor-0] INFO  client.GrpcClientProtocolClient (GrpcClientProtocolClient.java:onNext(255)) - client-0D308AD40832->3258574c-39ac-4ed5-9145-ea59a337c299: receive RaftClientReply:client-0D308AD40832->3258574c-39ac-4ed5-9145-ea59a337c299@group-6C7D867BDA6A, cid=437, SUCCESS, logIndex=628, commits[3258574c-39ac-4ed5-9145-ea59a337c299:c629]
2019-09-02 06:29:59,966 [grpc-default-executor-0] INFO  client.GrpcClientProtocolClient (GrpcClientProtocolClient.java:onNext(255)) - client-0D308AD40832->3258574c-39ac-4ed5-9145-ea59a337c299: receive RaftClientReply:client-0D308AD40832->3258574c-39ac-4ed5-9145-ea59a337c299@group-6C7D867BDA6A, cid=438, SUCCESS, logIndex=629, commits[3258574c-39ac-4ed5-9145-ea59a337c299:c631]
2019-09-02 06:29:59,966 [grpc-default-executor-0] INFO  client.GrpcClientProtocolClient (GrpcClientProtocolClient.java:onNext(255)) - client-0D308AD40832->3258574c-39ac-4ed5-9145-ea59a337c299: receive RaftClientReply:client-0D308AD40832->3258574c-39ac-4ed5-9145-ea59a337c299@group-6C7D867BDA6A, cid=439, SUCCESS, logIndex=630, commits[3258574c-39ac-4ed5-9145-ea59a337c299:c632]
2019-09-02 06:29:59,967 [grpc-default-executor-0] INFO  client.GrpcClientProtocolClient (GrpcClientProtocolClient.java:onNext(255)) - client-0D308AD40832->3258574c-39ac-4ed5-9145-ea59a337c299: receive RaftClientReply:client-0D308AD40832->3258574c-39ac-4ed5-9145-ea59a337c299@group-6C7D867BDA6A, cid=440, SUCCESS, logIndex=631, commits[3258574c-39ac-4ed5-9145-ea59a337c299:c632]
2019-09-02 06:30:00,106 [SCMBlockDeletingService#0] DEBUG block.SCMBlockDeletingService (SCMBlockDeletingService.java:call(138)) - Running DeletedBlockTransactionScanner
2019-09-02 06:30:00,107 [SCMBlockDeletingService#0] DEBUG block.SCMBlockDeletingService (SCMBlockDeletingService.java:call(155)) - Scanned deleted blocks log and got 0 delTX to process.
2019-09-02 06:30:00,125 [grpc-default-executor-0] INFO  client.GrpcClientProtocolClient (GrpcClientProtocolClient.java:onNext(255)) - client-0D308AD40832->3258574c-39ac-4ed5-9145-ea59a337c299: receive RaftClientReply:client-0D308AD40832->3258574c-39ac-4ed5-9145-ea59a337c299@group-6C7D867BDA6A, cid=441, SUCCESS, logIndex=634, commits[3258574c-39ac-4ed5-9145-ea59a337c299:c635]
2019-09-02 06:30:00,126 [grpc-default-executor-0] INFO  client.GrpcClientProtocolClient (GrpcClientProtocolClient.java:onNext(255)) - client-0D308AD40832->3258574c-39ac-4ed5-9145-ea59a337c299: receive RaftClientReply:client-0D308AD40832->3258574c-39ac-4ed5-9145-ea59a337c299@group-6C7D867BDA6A, cid=442, SUCCESS, logIndex=635, commits[3258574c-39ac-4ed5-9145-ea59a337c299:c635]
2019-09-02 06:30:00,207 [SCMBlockDeletingService#1] DEBUG block.SCMBlockDeletingService (SCMBlockDeletingService.java:call(138)) - Running DeletedBlockTransactionScanner
2019-09-02 06:30:00,207 [SCMBlockDeletingService#1] DEBUG block.SCMBlockDeletingService (SCMBlockDeletingService.java:call(155)) - Scanned deleted blocks log and got 0 delTX to process.
2019-09-02 06:30:00,251 [grpc-default-executor-1] INFO  client.GrpcClientProtocolClient (GrpcClientProtocolClient.java:onNext(255)) - client-0D308AD40832->3258574c-39ac-4ed5-9145-ea59a337c299: receive RaftClientReply:client-0D308AD40832->3258574c-39ac-4ed5-9145-ea59a337c299@group-6C7D867BDA6A, cid=443, SUCCESS, logIndex=637, commits[3258574c-39ac-4ed5-9145-ea59a337c299:c638]
2019-09-02 06:30:00,251 [grpc-default-executor-1] INFO  client.GrpcClientProtocolClient (GrpcClientProtocolClient.java:onNext(255)) - client-0D308AD40832->3258574c-39ac-4ed5-9145-ea59a337c299: receive RaftClientReply:client-0D308AD40832->3258574c-39ac-4ed5-9145-ea59a337c299@group-6C7D867BDA6A, cid=444, SUCCESS, logIndex=638, commits[3258574c-39ac-4ed5-9145-ea59a337c299:c638]
2019-09-02 06:30:00,275 [grpc-default-executor-1] INFO  client.GrpcClientProtocolClient (GrpcClientProtocolClient.java:onNext(255)) - client-0D308AD40832->3258574c-39ac-4ed5-9145-ea59a337c299: receive RaftClientReply:client-0D308AD40832->3258574c-39ac-4ed5-9145-ea59a337c299@group-6C7D867BDA6A, cid=445, SUCCESS, logIndex=640, commits[3258574c-39ac-4ed5-9145-ea59a337c299:c643]
2019-09-02 06:30:00,276 [grpc-default-executor-1] INFO  client.GrpcClientProtocolClient (GrpcClientProtocolClient.java:onNext(255)) - client-0D308AD40832->3258574c-39ac-4ed5-9145-ea59a337c299: receive RaftClientReply:client-0D308AD40832->3258574c-39ac-4ed5-9145-ea59a337c299@group-6C7D867BDA6A, cid=446, SUCCESS, logIndex=641, commits[3258574c-39ac-4ed5-9145-ea59a337c299:c644]
2019-09-02 06:30:00,276 [grpc-default-executor-1] INFO  client.GrpcClientProtocolClient (GrpcClientProtocolClient.java:onNext(255)) - client-0D308AD40832->3258574c-39ac-4ed5-9145-ea59a337c299: receive RaftClientReply:client-0D308AD40832->3258574c-39ac-4ed5-9145-ea59a337c299@group-6C7D867BDA6A, cid=447, SUCCESS, logIndex=642, commits[3258574c-39ac-4ed5-9145-ea59a337c299:c644]
2019-09-02 06:30:00,277 [grpc-default-executor-1] INFO  client.GrpcClientProtocolClient (GrpcClientProtocolClient.java:onNext(255)) - client-0D308AD40832->3258574c-39ac-4ed5-9145-ea59a337c299: receive RaftClientReply:client-0D308AD40832->3258574c-39ac-4ed5-9145-ea59a337c299@group-6C7D867BDA6A, cid=448, SUCCESS, logIndex=643, commits[3258574c-39ac-4ed5-9145-ea59a337c299:c644]
2019-09-02 06:30:00,308 [SCMBlockDeletingService#1] DEBUG block.SCMBlockDeletingService (SCMBlockDeletingService.java:call(138)) - Running DeletedBlockTransactionScanner
2019-09-02 06:30:00,308 [SCMBlockDeletingService#1] DEBUG block.SCMBlockDeletingService (SCMBlockDeletingService.java:call(155)) - Scanned deleted blocks log and got 0 delTX to process.
2019-09-02 06:30:00,315 [grpc-default-executor-1] INFO  client.GrpcClientProtocolClient (GrpcClientProtocolClient.java:onNext(255)) - client-0D308AD40832->3258574c-39ac-4ed5-9145-ea59a337c299: receive RaftClientReply:client-0D308AD40832->3258574c-39ac-4ed5-9145-ea59a337c299@group-6C7D867BDA6A, cid=449, SUCCESS, logIndex=645, commits[3258574c-39ac-4ed5-9145-ea59a337c299:c648]
2019-09-02 06:30:00,316 [grpc-default-executor-1] INFO  client.GrpcClientProtocolClient (GrpcClientProtocolClient.java:onNext(255)) - client-0D308AD40832->3258574c-39ac-4ed5-9145-ea59a337c299: receive RaftClientReply:client-0D308AD40832->3258574c-39ac-4ed5-9145-ea59a337c299@group-6C7D867BDA6A, cid=450, SUCCESS, logIndex=646, commits[3258574c-39ac-4ed5-9145-ea59a337c299:c648]
2019-09-02 06:30:00,317 [grpc-default-executor-1] INFO  client.GrpcClientProtocolClient (GrpcClientProtocolClient.java:onNext(255)) - client-0D308AD40832->3258574c-39ac-4ed5-9145-ea59a337c299: receive RaftClientReply:client-0D308AD40832->3258574c-39ac-4ed5-9145-ea59a337c299@group-6C7D867BDA6A, cid=451, SUCCESS, logIndex=647, commits[3258574c-39ac-4ed5-9145-ea59a337c299:c648]
2019-09-02 06:30:00,317 [grpc-default-executor-1] INFO  client.GrpcClientProtocolClient (GrpcClientProtocolClient.java:onNext(255)) - client-0D308AD40832->3258574c-39ac-4ed5-9145-ea59a337c299: receive RaftClientReply:client-0D308AD40832->3258574c-39ac-4ed5-9145-ea59a337c299@group-6C7D867BDA6A, cid=452, SUCCESS, logIndex=648, commits[3258574c-39ac-4ed5-9145-ea59a337c299:c648]
2019-09-02 06:30:00,327 [grpc-default-executor-0] INFO  client.GrpcClientProtocolClient (GrpcClientProtocolClient.java:onNext(255)) - client-0D308AD40832->3258574c-39ac-4ed5-9145-ea59a337c299: receive RaftClientReply:client-0D308AD40832->3258574c-39ac-4ed5-9145-ea59a337c299@group-6C7D867BDA6A, cid=453, SUCCESS, logIndex=650, commits[3258574c-39ac-4ed5-9145-ea59a337c299:c651]
2019-09-02 06:30:00,327 [grpc-default-executor-0] INFO  client.GrpcClientProtocolClient (GrpcClientProtocolClient.java:onNext(255)) - client-0D308AD40832->3258574c-39ac-4ed5-9145-ea59a337c299: receive RaftClientReply:client-0D308AD40832->3258574c-39ac-4ed5-9145-ea59a337c299@group-6C7D867BDA6A, cid=454, SUCCESS, logIndex=651, commits[3258574c-39ac-4ed5-9145-ea59a337c299:c651]
2019-09-02 06:30:00,339 [grpc-default-executor-0] INFO  client.GrpcClientProtocolClient (GrpcClientProtocolClient.java:onNext(255)) - client-0D308AD40832->3258574c-39ac-4ed5-9145-ea59a337c299: receive RaftClientReply:client-0D308AD40832->3258574c-39ac-4ed5-9145-ea59a337c299@group-6C7D867BDA6A, cid=455, SUCCESS, logIndex=652, commits[3258574c-39ac-4ed5-9145-ea59a337c299:c654]
2019-09-02 06:30:00,339 [grpc-default-executor-0] INFO  client.GrpcClientProtocolClient (GrpcClientProtocolClient.java:onNext(255)) - client-0D308AD40832->3258574c-39ac-4ed5-9145-ea59a337c299: receive RaftClientReply:client-0D308AD40832->3258574c-39ac-4ed5-9145-ea59a337c299@group-6C7D867BDA6A, cid=456, SUCCESS, logIndex=653, commits[3258574c-39ac-4ed5-9145-ea59a337c299:c654]
2019-09-02 06:30:00,361 [grpc-default-executor-0] INFO  client.GrpcClientProtocolClient (GrpcClientProtocolClient.java:onNext(255)) - client-0D308AD40832->3258574c-39ac-4ed5-9145-ea59a337c299: receive RaftClientReply:client-0D308AD40832->3258574c-39ac-4ed5-9145-ea59a337c299@group-6C7D867BDA6A, cid=457, SUCCESS, logIndex=655, commits[3258574c-39ac-4ed5-9145-ea59a337c299:c658]
2019-09-02 06:30:00,362 [grpc-default-executor-0] INFO  client.GrpcClientProtocolClient (GrpcClientProtocolClient.java:onNext(255)) - client-0D308AD40832->3258574c-39ac-4ed5-9145-ea59a337c299: receive RaftClientReply:client-0D308AD40832->3258574c-39ac-4ed5-9145-ea59a337c299@group-6C7D867BDA6A, cid=458, SUCCESS, logIndex=656, commits[3258574c-39ac-4ed5-9145-ea59a337c299:c659]
2019-09-02 06:30:00,362 [grpc-default-executor-0] INFO  client.GrpcClientProtocolClient (GrpcClientProtocolClient.java:onNext(255)) - client-0D308AD40832->3258574c-39ac-4ed5-9145-ea59a337c299: receive RaftClientReply:client-0D308AD40832->3258574c-39ac-4ed5-9145-ea59a337c299@group-6C7D867BDA6A, cid=459, SUCCESS, logIndex=657, commits[3258574c-39ac-4ed5-9145-ea59a337c299:c660]
2019-09-02 06:30:00,363 [grpc-default-executor-0] INFO  client.GrpcClientProtocolClient (GrpcClientProtocolClient.java:onNext(255)) - client-0D308AD40832->3258574c-39ac-4ed5-9145-ea59a337c299: receive RaftClientReply:client-0D308AD40832->3258574c-39ac-4ed5-9145-ea59a337c299@group-6C7D867BDA6A, cid=460, SUCCESS, logIndex=658, commits[3258574c-39ac-4ed5-9145-ea59a337c299:c660]
2019-09-02 06:30:00,383 [grpc-default-executor-0] INFO  client.GrpcClientProtocolClient (GrpcClientProtocolClient.java:onNext(255)) - client-0D308AD40832->3258574c-39ac-4ed5-9145-ea59a337c299: receive RaftClientReply:client-0D308AD40832->3258574c-39ac-4ed5-9145-ea59a337c299@group-6C7D867BDA6A, cid=461, SUCCESS, logIndex=661, commits[3258574c-39ac-4ed5-9145-ea59a337c299:c662]
2019-09-02 06:30:00,383 [grpc-default-executor-0] INFO  client.GrpcClientProtocolClient (GrpcClientProtocolClient.java:onNext(255)) - client-0D308AD40832->3258574c-39ac-4ed5-9145-ea59a337c299: receive RaftClientReply:client-0D308AD40832->3258574c-39ac-4ed5-9145-ea59a337c299@group-6C7D867BDA6A, cid=462, SUCCESS, logIndex=662, commits[3258574c-39ac-4ed5-9145-ea59a337c299:c662]
2019-09-02 06:30:00,385 [grpc-default-executor-0] INFO  client.GrpcClientProtocolClient (GrpcClientProtocolClient.java:onNext(255)) - client-0D308AD40832->3258574c-39ac-4ed5-9145-ea59a337c299: receive RaftClientReply:client-0D308AD40832->3258574c-39ac-4ed5-9145-ea59a337c299@group-6C7D867BDA6A, cid=463, SUCCESS, logIndex=663, commits[3258574c-39ac-4ed5-9145-ea59a337c299:c664]
2019-09-02 06:30:00,385 [grpc-default-executor-0] INFO  client.GrpcClientProtocolClient (GrpcClientProtocolClient.java:onNext(255)) - client-0D308AD40832->3258574c-39ac-4ed5-9145-ea59a337c299: receive RaftClientReply:client-0D308AD40832->3258574c-39ac-4ed5-9145-ea59a337c299@group-6C7D867BDA6A, cid=464, SUCCESS, logIndex=664, commits[3258574c-39ac-4ed5-9145-ea59a337c299:c665]
2019-09-02 06:30:00,409 [SCMBlockDeletingService#1] DEBUG block.SCMBlockDeletingService (SCMBlockDeletingService.java:call(138)) - Running DeletedBlockTransactionScanner
2019-09-02 06:30:00,409 [SCMBlockDeletingService#1] DEBUG block.SCMBlockDeletingService (SCMBlockDeletingService.java:call(155)) - Scanned deleted blocks log and got 0 delTX to process.
2019-09-02 06:30:00,411 [grpc-default-executor-1] INFO  client.GrpcClientProtocolClient (GrpcClientProtocolClient.java:onNext(255)) - client-0D308AD40832->3258574c-39ac-4ed5-9145-ea59a337c299: receive RaftClientReply:client-0D308AD40832->3258574c-39ac-4ed5-9145-ea59a337c299@group-6C7D867BDA6A, cid=465, SUCCESS, logIndex=667, commits[3258574c-39ac-4ed5-9145-ea59a337c299:c668]
2019-09-02 06:30:00,412 [grpc-default-executor-1] INFO  client.GrpcClientProtocolClient (GrpcClientProtocolClient.java:onNext(255)) - client-0D308AD40832->3258574c-39ac-4ed5-9145-ea59a337c299: receive RaftClientReply:client-0D308AD40832->3258574c-39ac-4ed5-9145-ea59a337c299@group-6C7D867BDA6A, cid=466, SUCCESS, logIndex=668, commits[3258574c-39ac-4ed5-9145-ea59a337c299:c668]
2019-09-02 06:30:00,413 [grpc-default-executor-1] INFO  client.GrpcClientProtocolClient (GrpcClientProtocolClient.java:onNext(255)) - client-0D308AD40832->3258574c-39ac-4ed5-9145-ea59a337c299: receive RaftClientReply:client-0D308AD40832->3258574c-39ac-4ed5-9145-ea59a337c299@group-6C7D867BDA6A, cid=467, SUCCESS, logIndex=669, commits[3258574c-39ac-4ed5-9145-ea59a337c299:c670]
2019-09-02 06:30:00,413 [grpc-default-executor-1] INFO  client.GrpcClientProtocolClient (GrpcClientProtocolClient.java:onNext(255)) - client-0D308AD40832->3258574c-39ac-4ed5-9145-ea59a337c299: receive RaftClientReply:client-0D308AD40832->3258574c-39ac-4ed5-9145-ea59a337c299@group-6C7D867BDA6A, cid=468, SUCCESS, logIndex=670, commits[3258574c-39ac-4ed5-9145-ea59a337c299:c670]
2019-09-02 06:30:00,425 [grpc-default-executor-0] INFO  client.GrpcClientProtocolClient (GrpcClientProtocolClient.java:onNext(255)) - client-0D308AD40832->3258574c-39ac-4ed5-9145-ea59a337c299: receive RaftClientReply:client-0D308AD40832->3258574c-39ac-4ed5-9145-ea59a337c299@group-6C7D867BDA6A, cid=469, SUCCESS, logIndex=673, commits[3258574c-39ac-4ed5-9145-ea59a337c299:c674]
2019-09-02 06:30:00,425 [grpc-default-executor-0] INFO  client.GrpcClientProtocolClient (GrpcClientProtocolClient.java:onNext(255)) - client-0D308AD40832->3258574c-39ac-4ed5-9145-ea59a337c299: receive RaftClientReply:client-0D308AD40832->3258574c-39ac-4ed5-9145-ea59a337c299@group-6C7D867BDA6A, cid=470, SUCCESS, logIndex=674, commits[3258574c-39ac-4ed5-9145-ea59a337c299:c674]
2019-09-02 06:30:00,437 [grpc-default-executor-0] INFO  client.GrpcClientProtocolClient (GrpcClientProtocolClient.java:onNext(255)) - client-0D308AD40832->3258574c-39ac-4ed5-9145-ea59a337c299: receive RaftClientReply:client-0D308AD40832->3258574c-39ac-4ed5-9145-ea59a337c299@group-6C7D867BDA6A, cid=471, SUCCESS, logIndex=675, commits[3258574c-39ac-4ed5-9145-ea59a337c299:c677]
2019-09-02 06:30:00,437 [grpc-default-executor-0] INFO  client.GrpcClientProtocolClient (GrpcClientProtocolClient.java:onNext(255)) - client-0D308AD40832->3258574c-39ac-4ed5-9145-ea59a337c299: receive RaftClientReply:client-0D308AD40832->3258574c-39ac-4ed5-9145-ea59a337c299@group-6C7D867BDA6A, cid=472, SUCCESS, logIndex=677, commits[3258574c-39ac-4ed5-9145-ea59a337c299:c678]
2019-09-02 06:30:00,465 [grpc-default-executor-0] INFO  client.GrpcClientProtocolClient (GrpcClientProtocolClient.java:onNext(255)) - client-0D308AD40832->3258574c-39ac-4ed5-9145-ea59a337c299: receive RaftClientReply:client-0D308AD40832->3258574c-39ac-4ed5-9145-ea59a337c299@group-6C7D867BDA6A, cid=473, SUCCESS, logIndex=679, commits[3258574c-39ac-4ed5-9145-ea59a337c299:c680]
2019-09-02 06:30:00,465 [grpc-default-executor-0] INFO  client.GrpcClientProtocolClient (GrpcClientProtocolClient.java:onNext(255)) - client-0D308AD40832->3258574c-39ac-4ed5-9145-ea59a337c299: receive RaftClientReply:client-0D308AD40832->3258574c-39ac-4ed5-9145-ea59a337c299@group-6C7D867BDA6A, cid=474, SUCCESS, logIndex=680, commits[3258574c-39ac-4ed5-9145-ea59a337c299:c682]
2019-09-02 06:30:00,466 [grpc-default-executor-0] INFO  client.GrpcClientProtocolClient (GrpcClientProtocolClient.java:onNext(255)) - client-0D308AD40832->3258574c-39ac-4ed5-9145-ea59a337c299: receive RaftClientReply:client-0D308AD40832->3258574c-39ac-4ed5-9145-ea59a337c299@group-6C7D867BDA6A, cid=475, SUCCESS, logIndex=681, commits[3258574c-39ac-4ed5-9145-ea59a337c299:c683]
2019-09-02 06:30:00,466 [grpc-default-executor-0] INFO  client.GrpcClientProtocolClient (GrpcClientProtocolClient.java:onNext(255)) - client-0D308AD40832->3258574c-39ac-4ed5-9145-ea59a337c299: receive RaftClientReply:client-0D308AD40832->3258574c-39ac-4ed5-9145-ea59a337c299@group-6C7D867BDA6A, cid=476, SUCCESS, logIndex=682, commits[3258574c-39ac-4ed5-9145-ea59a337c299:c683]
2019-09-02 06:30:00,486 [grpc-default-executor-0] INFO  client.GrpcClientProtocolClient (GrpcClientProtocolClient.java:onNext(255)) - client-0D308AD40832->3258574c-39ac-4ed5-9145-ea59a337c299: receive RaftClientReply:client-0D308AD40832->3258574c-39ac-4ed5-9145-ea59a337c299@group-6C7D867BDA6A, cid=477, SUCCESS, logIndex=685, commits[3258574c-39ac-4ed5-9145-ea59a337c299:c688]
2019-09-02 06:30:00,486 [grpc-default-executor-0] INFO  client.GrpcClientProtocolClient (GrpcClientProtocolClient.java:onNext(255)) - client-0D308AD40832->3258574c-39ac-4ed5-9145-ea59a337c299: receive RaftClientReply:client-0D308AD40832->3258574c-39ac-4ed5-9145-ea59a337c299@group-6C7D867BDA6A, cid=478, SUCCESS, logIndex=686, commits[3258574c-39ac-4ed5-9145-ea59a337c299:c688]
2019-09-02 06:30:00,487 [grpc-default-executor-0] INFO  client.GrpcClientProtocolClient (GrpcClientProtocolClient.java:onNext(255)) - client-0D308AD40832->3258574c-39ac-4ed5-9145-ea59a337c299: receive RaftClientReply:client-0D308AD40832->3258574c-39ac-4ed5-9145-ea59a337c299@group-6C7D867BDA6A, cid=479, SUCCESS, logIndex=687, commits[3258574c-39ac-4ed5-9145-ea59a337c299:c689]
2019-09-02 06:30:00,487 [grpc-default-executor-0] INFO  client.GrpcClientProtocolClient (GrpcClientProtocolClient.java:onNext(255)) - client-0D308AD40832->3258574c-39ac-4ed5-9145-ea59a337c299: receive RaftClientReply:client-0D308AD40832->3258574c-39ac-4ed5-9145-ea59a337c299@group-6C7D867BDA6A, cid=480, SUCCESS, logIndex=688, commits[3258574c-39ac-4ed5-9145-ea59a337c299:c690]
2019-09-02 06:30:00,509 [SCMBlockDeletingService#1] DEBUG block.SCMBlockDeletingService (SCMBlockDeletingService.java:call(138)) - Running DeletedBlockTransactionScanner
2019-09-02 06:30:00,510 [SCMBlockDeletingService#1] DEBUG block.SCMBlockDeletingService (SCMBlockDeletingService.java:call(155)) - Scanned deleted blocks log and got 0 delTX to process.
2019-09-02 06:30:00,514 [grpc-default-executor-1] INFO  client.GrpcClientProtocolClient (GrpcClientProtocolClient.java:onNext(255)) - client-0D308AD40832->3258574c-39ac-4ed5-9145-ea59a337c299: receive RaftClientReply:client-0D308AD40832->3258574c-39ac-4ed5-9145-ea59a337c299@group-6C7D867BDA6A, cid=481, SUCCESS, logIndex=691, commits[3258574c-39ac-4ed5-9145-ea59a337c299:c694]
2019-09-02 06:30:00,514 [grpc-default-executor-1] INFO  client.GrpcClientProtocolClient (GrpcClientProtocolClient.java:onNext(255)) - client-0D308AD40832->3258574c-39ac-4ed5-9145-ea59a337c299: receive RaftClientReply:client-0D308AD40832->3258574c-39ac-4ed5-9145-ea59a337c299@group-6C7D867BDA6A, cid=482, SUCCESS, logIndex=692, commits[3258574c-39ac-4ed5-9145-ea59a337c299:c695]
2019-09-02 06:30:00,514 [grpc-default-executor-1] INFO  client.GrpcClientProtocolClient (GrpcClientProtocolClient.java:onNext(255)) - client-0D308AD40832->3258574c-39ac-4ed5-9145-ea59a337c299: receive RaftClientReply:client-0D308AD40832->3258574c-39ac-4ed5-9145-ea59a337c299@group-6C7D867BDA6A, cid=483, SUCCESS, logIndex=693, commits[3258574c-39ac-4ed5-9145-ea59a337c299:c695]
2019-09-02 06:30:00,515 [grpc-default-executor-1] INFO  client.GrpcClientProtocolClient (GrpcClientProtocolClient.java:onNext(255)) - client-0D308AD40832->3258574c-39ac-4ed5-9145-ea59a337c299: receive RaftClientReply:client-0D308AD40832->3258574c-39ac-4ed5-9145-ea59a337c299@group-6C7D867BDA6A, cid=484, SUCCESS, logIndex=694, commits[3258574c-39ac-4ed5-9145-ea59a337c299:c696]
2019-09-02 06:30:00,534 [grpc-default-executor-0] INFO  client.GrpcClientProtocolClient (GrpcClientProtocolClient.java:onNext(255)) - client-0D308AD40832->3258574c-39ac-4ed5-9145-ea59a337c299: receive RaftClientReply:client-0D308AD40832->3258574c-39ac-4ed5-9145-ea59a337c299@group-6C7D867BDA6A, cid=485, SUCCESS, logIndex=697, commits[3258574c-39ac-4ed5-9145-ea59a337c299:c698]
2019-09-02 06:30:00,535 [grpc-default-executor-0] INFO  client.GrpcClientProtocolClient (GrpcClientProtocolClient.java:onNext(255)) - client-0D308AD40832->3258574c-39ac-4ed5-9145-ea59a337c299: receive RaftClientReply:client-0D308AD40832->3258574c-39ac-4ed5-9145-ea59a337c299@group-6C7D867BDA6A, cid=486, SUCCESS, logIndex=698, commits[3258574c-39ac-4ed5-9145-ea59a337c299:c698]
2019-09-02 06:30:00,610 [SCMBlockDeletingService#1] DEBUG block.SCMBlockDeletingService (SCMBlockDeletingService.java:call(138)) - Running DeletedBlockTransactionScanner
2019-09-02 06:30:00,611 [SCMBlockDeletingService#1] DEBUG block.SCMBlockDeletingService (SCMBlockDeletingService.java:call(155)) - Scanned deleted blocks log and got 0 delTX to process.
2019-09-02 06:30:00,663 [grpc-default-executor-0] INFO  client.GrpcClientProtocolClient (GrpcClientProtocolClient.java:onNext(255)) - client-0D308AD40832->3258574c-39ac-4ed5-9145-ea59a337c299: receive RaftClientReply:client-0D308AD40832->3258574c-39ac-4ed5-9145-ea59a337c299@group-6C7D867BDA6A, cid=487, SUCCESS, logIndex=700, commits[3258574c-39ac-4ed5-9145-ea59a337c299:c701]
2019-09-02 06:30:00,664 [grpc-default-executor-0] INFO  client.GrpcClientProtocolClient (GrpcClientProtocolClient.java:onNext(255)) - client-0D308AD40832->3258574c-39ac-4ed5-9145-ea59a337c299: receive RaftClientReply:client-0D308AD40832->3258574c-39ac-4ed5-9145-ea59a337c299@group-6C7D867BDA6A, cid=488, SUCCESS, logIndex=701, commits[3258574c-39ac-4ed5-9145-ea59a337c299:c701]
2019-09-02 06:30:00,698 [grpc-default-executor-0] INFO  client.GrpcClientProtocolClient (GrpcClientProtocolClient.java:onNext(255)) - client-0D308AD40832->3258574c-39ac-4ed5-9145-ea59a337c299: receive RaftClientReply:client-0D308AD40832->3258574c-39ac-4ed5-9145-ea59a337c299@group-6C7D867BDA6A, cid=489, SUCCESS, logIndex=703, commits[3258574c-39ac-4ed5-9145-ea59a337c299:c706]
2019-09-02 06:30:00,699 [grpc-default-executor-0] INFO  client.GrpcClientProtocolClient (GrpcClientProtocolClient.java:onNext(255)) - client-0D308AD40832->3258574c-39ac-4ed5-9145-ea59a337c299: receive RaftClientReply:client-0D308AD40832->3258574c-39ac-4ed5-9145-ea59a337c299@group-6C7D867BDA6A, cid=490, SUCCESS, logIndex=704, commits[3258574c-39ac-4ed5-9145-ea59a337c299:c707]
2019-09-02 06:30:00,700 [grpc-default-executor-0] INFO  client.GrpcClientProtocolClient (GrpcClientProtocolClient.java:onNext(255)) - client-0D308AD40832->3258574c-39ac-4ed5-9145-ea59a337c299: receive RaftClientReply:client-0D308AD40832->3258574c-39ac-4ed5-9145-ea59a337c299@group-6C7D867BDA6A, cid=491, SUCCESS, logIndex=705, commits[3258574c-39ac-4ed5-9145-ea59a337c299:c708]
2019-09-02 06:30:00,700 [grpc-default-executor-0] INFO  client.GrpcClientProtocolClient (GrpcClientProtocolClient.java:onNext(255)) - client-0D308AD40832->3258574c-39ac-4ed5-9145-ea59a337c299: receive RaftClientReply:client-0D308AD40832->3258574c-39ac-4ed5-9145-ea59a337c299@group-6C7D867BDA6A, cid=492, SUCCESS, logIndex=706, commits[3258574c-39ac-4ed5-9145-ea59a337c299:c708]
2019-09-02 06:30:00,711 [SCMBlockDeletingService#1] DEBUG block.SCMBlockDeletingService (SCMBlockDeletingService.java:call(138)) - Running DeletedBlockTransactionScanner
2019-09-02 06:30:00,711 [SCMBlockDeletingService#1] DEBUG block.SCMBlockDeletingService (SCMBlockDeletingService.java:call(155)) - Scanned deleted blocks log and got 0 delTX to process.
2019-09-02 06:30:00,723 [grpc-default-executor-0] INFO  client.GrpcClientProtocolClient (GrpcClientProtocolClient.java:onNext(255)) - client-0D308AD40832->3258574c-39ac-4ed5-9145-ea59a337c299: receive RaftClientReply:client-0D308AD40832->3258574c-39ac-4ed5-9145-ea59a337c299@group-6C7D867BDA6A, cid=493, SUCCESS, logIndex=709, commits[3258574c-39ac-4ed5-9145-ea59a337c299:c710]
2019-09-02 06:30:00,724 [grpc-default-executor-0] INFO  client.GrpcClientProtocolClient (GrpcClientProtocolClient.java:onNext(255)) - client-0D308AD40832->3258574c-39ac-4ed5-9145-ea59a337c299: receive RaftClientReply:client-0D308AD40832->3258574c-39ac-4ed5-9145-ea59a337c299@group-6C7D867BDA6A, cid=494, SUCCESS, logIndex=710, commits[3258574c-39ac-4ed5-9145-ea59a337c299:c713]
2019-09-02 06:30:00,724 [grpc-default-executor-0] INFO  client.GrpcClientProtocolClient (GrpcClientProtocolClient.java:onNext(255)) - client-0D308AD40832->3258574c-39ac-4ed5-9145-ea59a337c299: receive RaftClientReply:client-0D308AD40832->3258574c-39ac-4ed5-9145-ea59a337c299@group-6C7D867BDA6A, cid=495, SUCCESS, logIndex=711, commits[3258574c-39ac-4ed5-9145-ea59a337c299:c714]
2019-09-02 06:30:00,725 [grpc-default-executor-0] INFO  client.GrpcClientProtocolClient (GrpcClientProtocolClient.java:onNext(255)) - client-0D308AD40832->3258574c-39ac-4ed5-9145-ea59a337c299: receive RaftClientReply:client-0D308AD40832->3258574c-39ac-4ed5-9145-ea59a337c299@group-6C7D867BDA6A, cid=496, SUCCESS, logIndex=712, commits[3258574c-39ac-4ed5-9145-ea59a337c299:c714]
2019-09-02 06:30:00,813 [SCMBlockDeletingService#1] DEBUG block.SCMBlockDeletingService (SCMBlockDeletingService.java:call(138)) - Running DeletedBlockTransactionScanner
2019-09-02 06:30:00,814 [SCMBlockDeletingService#1] DEBUG block.SCMBlockDeletingService (SCMBlockDeletingService.java:call(155)) - Scanned deleted blocks log and got 0 delTX to process.
2019-09-02 06:30:00,816 [grpc-default-executor-0] INFO  client.GrpcClientProtocolClient (GrpcClientProtocolClient.java:onNext(255)) - client-0D308AD40832->3258574c-39ac-4ed5-9145-ea59a337c299: receive RaftClientReply:client-0D308AD40832->3258574c-39ac-4ed5-9145-ea59a337c299@group-6C7D867BDA6A, cid=497, SUCCESS, logIndex=715, commits[3258574c-39ac-4ed5-9145-ea59a337c299:c716]
2019-09-02 06:30:00,818 [grpc-default-executor-0] INFO  client.GrpcClientProtocolClient (GrpcClientProtocolClient.java:onNext(255)) - client-0D308AD40832->3258574c-39ac-4ed5-9145-ea59a337c299: receive RaftClientReply:client-0D308AD40832->3258574c-39ac-4ed5-9145-ea59a337c299@group-6C7D867BDA6A, cid=498, SUCCESS, logIndex=716, commits[3258574c-39ac-4ed5-9145-ea59a337c299:c716]
2019-09-02 06:30:00,846 [grpc-default-executor-0] INFO  client.GrpcClientProtocolClient (GrpcClientProtocolClient.java:onNext(255)) - client-0D308AD40832->3258574c-39ac-4ed5-9145-ea59a337c299: receive RaftClientReply:client-0D308AD40832->3258574c-39ac-4ed5-9145-ea59a337c299@group-6C7D867BDA6A, cid=499, SUCCESS, logIndex=718, commits[3258574c-39ac-4ed5-9145-ea59a337c299:c719]
2019-09-02 06:30:00,847 [grpc-default-executor-0] INFO  client.GrpcClientProtocolClient (GrpcClientProtocolClient.java:onNext(255)) - client-0D308AD40832->3258574c-39ac-4ed5-9145-ea59a337c299: receive RaftClientReply:client-0D308AD40832->3258574c-39ac-4ed5-9145-ea59a337c299@group-6C7D867BDA6A, cid=500, SUCCESS, logIndex=719, commits[3258574c-39ac-4ed5-9145-ea59a337c299:c719]
2019-09-02 06:30:00,869 [grpc-default-executor-0] INFO  client.GrpcClientProtocolClient (GrpcClientProtocolClient.java:onNext(255)) - client-0D308AD40832->3258574c-39ac-4ed5-9145-ea59a337c299: receive RaftClientReply:client-0D308AD40832->3258574c-39ac-4ed5-9145-ea59a337c299@group-6C7D867BDA6A, cid=501, SUCCESS, logIndex=721, commits[3258574c-39ac-4ed5-9145-ea59a337c299:c722]
2019-09-02 06:30:00,870 [grpc-default-executor-0] INFO  client.GrpcClientProtocolClient (GrpcClientProtocolClient.java:onNext(255)) - client-0D308AD40832->3258574c-39ac-4ed5-9145-ea59a337c299: receive RaftClientReply:client-0D308AD40832->3258574c-39ac-4ed5-9145-ea59a337c299@group-6C7D867BDA6A, cid=502, SUCCESS, logIndex=722, commits[3258574c-39ac-4ed5-9145-ea59a337c299:c725]
2019-09-02 06:30:00,870 [grpc-default-executor-0] INFO  client.GrpcClientProtocolClient (GrpcClientProtocolClient.java:onNext(255)) - client-0D308AD40832->3258574c-39ac-4ed5-9145-ea59a337c299: receive RaftClientReply:client-0D308AD40832->3258574c-39ac-4ed5-9145-ea59a337c299@group-6C7D867BDA6A, cid=503, SUCCESS, logIndex=723, commits[3258574c-39ac-4ed5-9145-ea59a337c299:c726]
2019-09-02 06:30:00,871 [grpc-default-executor-0] INFO  client.GrpcClientProtocolClient (GrpcClientProtocolClient.java:onNext(255)) - client-0D308AD40832->3258574c-39ac-4ed5-9145-ea59a337c299: receive RaftClientReply:client-0D308AD40832->3258574c-39ac-4ed5-9145-ea59a337c299@group-6C7D867BDA6A, cid=504, SUCCESS, logIndex=724, commits[3258574c-39ac-4ed5-9145-ea59a337c299:c726]
2019-09-02 06:30:00,905 [grpc-default-executor-0] INFO  client.GrpcClientProtocolClient (GrpcClientProtocolClient.java:onNext(255)) - client-0D308AD40832->3258574c-39ac-4ed5-9145-ea59a337c299: receive RaftClientReply:client-0D308AD40832->3258574c-39ac-4ed5-9145-ea59a337c299@group-6C7D867BDA6A, cid=505, SUCCESS, logIndex=727, commits[3258574c-39ac-4ed5-9145-ea59a337c299:c730]
2019-09-02 06:30:00,906 [grpc-default-executor-0] INFO  client.GrpcClientProtocolClient (GrpcClientProtocolClient.java:onNext(255)) - client-0D308AD40832->3258574c-39ac-4ed5-9145-ea59a337c299: receive RaftClientReply:client-0D308AD40832->3258574c-39ac-4ed5-9145-ea59a337c299@group-6C7D867BDA6A, cid=506, SUCCESS, logIndex=728, commits[3258574c-39ac-4ed5-9145-ea59a337c299:c731]
2019-09-02 06:30:00,906 [grpc-default-executor-0] INFO  client.GrpcClientProtocolClient (GrpcClientProtocolClient.java:onNext(255)) - client-0D308AD40832->3258574c-39ac-4ed5-9145-ea59a337c299: receive RaftClientReply:client-0D308AD40832->3258574c-39ac-4ed5-9145-ea59a337c299@group-6C7D867BDA6A, cid=507, SUCCESS, logIndex=729, commits[3258574c-39ac-4ed5-9145-ea59a337c299:c731]
2019-09-02 06:30:00,907 [grpc-default-executor-0] INFO  client.GrpcClientProtocolClient (GrpcClientProtocolClient.java:onNext(255)) - client-0D308AD40832->3258574c-39ac-4ed5-9145-ea59a337c299: receive RaftClientReply:client-0D308AD40832->3258574c-39ac-4ed5-9145-ea59a337c299@group-6C7D867BDA6A, cid=508, SUCCESS, logIndex=730, commits[3258574c-39ac-4ed5-9145-ea59a337c299:c732]
2019-09-02 06:30:00,914 [SCMBlockDeletingService#1] DEBUG block.SCMBlockDeletingService (SCMBlockDeletingService.java:call(138)) - Running DeletedBlockTransactionScanner
2019-09-02 06:30:00,915 [SCMBlockDeletingService#1] DEBUG block.SCMBlockDeletingService (SCMBlockDeletingService.java:call(155)) - Scanned deleted blocks log and got 0 delTX to process.
2019-09-02 06:30:00,929 [grpc-default-executor-1] INFO  client.GrpcClientProtocolClient (GrpcClientProtocolClient.java:onNext(255)) - client-0D308AD40832->3258574c-39ac-4ed5-9145-ea59a337c299: receive RaftClientReply:client-0D308AD40832->3258574c-39ac-4ed5-9145-ea59a337c299@group-6C7D867BDA6A, cid=509, SUCCESS, logIndex=733, commits[3258574c-39ac-4ed5-9145-ea59a337c299:c734]
2019-09-02 06:30:00,932 [grpc-default-executor-1] INFO  client.GrpcClientProtocolClient (GrpcClientProtocolClient.java:onNext(255)) - client-0D308AD40832->3258574c-39ac-4ed5-9145-ea59a337c299: receive RaftClientReply:client-0D308AD40832->3258574c-39ac-4ed5-9145-ea59a337c299@group-6C7D867BDA6A, cid=510, SUCCESS, logIndex=734, commits[3258574c-39ac-4ed5-9145-ea59a337c299:c737]
2019-09-02 06:30:00,933 [grpc-default-executor-1] INFO  client.GrpcClientProtocolClient (GrpcClientProtocolClient.java:onNext(255)) - client-0D308AD40832->3258574c-39ac-4ed5-9145-ea59a337c299: receive RaftClientReply:client-0D308AD40832->3258574c-39ac-4ed5-9145-ea59a337c299@group-6C7D867BDA6A, cid=511, SUCCESS, logIndex=735, commits[3258574c-39ac-4ed5-9145-ea59a337c299:c738]
2019-09-02 06:30:00,934 [grpc-default-executor-1] INFO  client.GrpcClientProtocolClient (GrpcClientProtocolClient.java:onNext(255)) - client-0D308AD40832->3258574c-39ac-4ed5-9145-ea59a337c299: receive RaftClientReply:client-0D308AD40832->3258574c-39ac-4ed5-9145-ea59a337c299@group-6C7D867BDA6A, cid=512, SUCCESS, logIndex=736, commits[3258574c-39ac-4ed5-9145-ea59a337c299:c738]
2019-09-02 06:30:00,970 [grpc-default-executor-1] INFO  client.GrpcClientProtocolClient (GrpcClientProtocolClient.java:onNext(255)) - client-0D308AD40832->3258574c-39ac-4ed5-9145-ea59a337c299: receive RaftClientReply:client-0D308AD40832->3258574c-39ac-4ed5-9145-ea59a337c299@group-6C7D867BDA6A, cid=513, SUCCESS, logIndex=739, commits[3258574c-39ac-4ed5-9145-ea59a337c299:c740]
2019-09-02 06:30:00,971 [grpc-default-executor-1] INFO  client.GrpcClientProtocolClient (GrpcClientProtocolClient.java:onNext(255)) - client-0D308AD40832->3258574c-39ac-4ed5-9145-ea59a337c299: receive RaftClientReply:client-0D308AD40832->3258574c-39ac-4ed5-9145-ea59a337c299@group-6C7D867BDA6A, cid=514, SUCCESS, logIndex=740, commits[3258574c-39ac-4ed5-9145-ea59a337c299:c740]
2019-09-02 06:30:00,980 [grpc-default-executor-1] INFO  client.GrpcClientProtocolClient (GrpcClientProtocolClient.java:onNext(255)) - client-0D308AD40832->3258574c-39ac-4ed5-9145-ea59a337c299: receive RaftClientReply:client-0D308AD40832->3258574c-39ac-4ed5-9145-ea59a337c299@group-6C7D867BDA6A, cid=515, SUCCESS, logIndex=741, commits[3258574c-39ac-4ed5-9145-ea59a337c299:c742]
2019-09-02 06:30:00,980 [grpc-default-executor-1] INFO  client.GrpcClientProtocolClient (GrpcClientProtocolClient.java:onNext(255)) - client-0D308AD40832->3258574c-39ac-4ed5-9145-ea59a337c299: receive RaftClientReply:client-0D308AD40832->3258574c-39ac-4ed5-9145-ea59a337c299@group-6C7D867BDA6A, cid=516, SUCCESS, logIndex=742, commits[3258574c-39ac-4ed5-9145-ea59a337c299:c743]
2019-09-02 06:30:01,002 [grpc-default-executor-0] INFO  client.GrpcClientProtocolClient (GrpcClientProtocolClient.java:onNext(255)) - client-0D308AD40832->3258574c-39ac-4ed5-9145-ea59a337c299: receive RaftClientReply:client-0D308AD40832->3258574c-39ac-4ed5-9145-ea59a337c299@group-6C7D867BDA6A, cid=517, SUCCESS, logIndex=745, commits[3258574c-39ac-4ed5-9145-ea59a337c299:c748]
2019-09-02 06:30:01,003 [grpc-default-executor-0] INFO  client.GrpcClientProtocolClient (GrpcClientProtocolClient.java:onNext(255)) - client-0D308AD40832->3258574c-39ac-4ed5-9145-ea59a337c299: receive RaftClientReply:client-0D308AD40832->3258574c-39ac-4ed5-9145-ea59a337c299@group-6C7D867BDA6A, cid=518, SUCCESS, logIndex=746, commits[3258574c-39ac-4ed5-9145-ea59a337c299:c749]
2019-09-02 06:30:01,004 [grpc-default-executor-0] INFO  client.GrpcClientProtocolClient (GrpcClientProtocolClient.java:onNext(255)) - client-0D308AD40832->3258574c-39ac-4ed5-9145-ea59a337c299: receive RaftClientReply:client-0D308AD40832->3258574c-39ac-4ed5-9145-ea59a337c299@group-6C7D867BDA6A, cid=519, SUCCESS, logIndex=747, commits[3258574c-39ac-4ed5-9145-ea59a337c299:c749]
2019-09-02 06:30:01,004 [grpc-default-executor-0] INFO  client.GrpcClientProtocolClient (GrpcClientProtocolClient.java:onNext(255)) - client-0D308AD40832->3258574c-39ac-4ed5-9145-ea59a337c299: receive RaftClientReply:client-0D308AD40832->3258574c-39ac-4ed5-9145-ea59a337c299@group-6C7D867BDA6A, cid=520, SUCCESS, logIndex=748, commits[3258574c-39ac-4ed5-9145-ea59a337c299:c749]
2019-09-02 06:30:01,015 [SCMBlockDeletingService#1] DEBUG block.SCMBlockDeletingService (SCMBlockDeletingService.java:call(138)) - Running DeletedBlockTransactionScanner
2019-09-02 06:30:01,015 [SCMBlockDeletingService#1] DEBUG block.SCMBlockDeletingService (SCMBlockDeletingService.java:call(155)) - Scanned deleted blocks log and got 0 delTX to process.
2019-09-02 06:30:01,035 [grpc-default-executor-1] INFO  client.GrpcClientProtocolClient (GrpcClientProtocolClient.java:onNext(255)) - client-0D308AD40832->3258574c-39ac-4ed5-9145-ea59a337c299: receive RaftClientReply:client-0D308AD40832->3258574c-39ac-4ed5-9145-ea59a337c299@group-6C7D867BDA6A, cid=521, SUCCESS, logIndex=750, commits[3258574c-39ac-4ed5-9145-ea59a337c299:c753]
2019-09-02 06:30:01,036 [grpc-default-executor-1] INFO  client.GrpcClientProtocolClient (GrpcClientProtocolClient.java:onNext(255)) - client-0D308AD40832->3258574c-39ac-4ed5-9145-ea59a337c299: receive RaftClientReply:client-0D308AD40832->3258574c-39ac-4ed5-9145-ea59a337c299@group-6C7D867BDA6A, cid=522, SUCCESS, logIndex=751, commits[3258574c-39ac-4ed5-9145-ea59a337c299:c753]
2019-09-02 06:30:01,037 [grpc-default-executor-1] INFO  client.GrpcClientProtocolClient (GrpcClientProtocolClient.java:onNext(255)) - client-0D308AD40832->3258574c-39ac-4ed5-9145-ea59a337c299: receive RaftClientReply:client-0D308AD40832->3258574c-39ac-4ed5-9145-ea59a337c299@group-6C7D867BDA6A, cid=523, SUCCESS, logIndex=752, commits[3258574c-39ac-4ed5-9145-ea59a337c299:c753]
2019-09-02 06:30:01,037 [grpc-default-executor-1] INFO  client.GrpcClientProtocolClient (GrpcClientProtocolClient.java:onNext(255)) - client-0D308AD40832->3258574c-39ac-4ed5-9145-ea59a337c299: receive RaftClientReply:client-0D308AD40832->3258574c-39ac-4ed5-9145-ea59a337c299@group-6C7D867BDA6A, cid=524, SUCCESS, logIndex=753, commits[3258574c-39ac-4ed5-9145-ea59a337c299:c753]
2019-09-02 06:30:01,059 [grpc-default-executor-1] INFO  client.GrpcClientProtocolClient (GrpcClientProtocolClient.java:onNext(255)) - client-0D308AD40832->3258574c-39ac-4ed5-9145-ea59a337c299: receive RaftClientReply:client-0D308AD40832->3258574c-39ac-4ed5-9145-ea59a337c299@group-6C7D867BDA6A, cid=525, SUCCESS, logIndex=755, commits[3258574c-39ac-4ed5-9145-ea59a337c299:c758]
2019-09-02 06:30:01,060 [grpc-default-executor-1] INFO  client.GrpcClientProtocolClient (GrpcClientProtocolClient.java:onNext(255)) - client-0D308AD40832->3258574c-39ac-4ed5-9145-ea59a337c299: receive RaftClientReply:client-0D308AD40832->3258574c-39ac-4ed5-9145-ea59a337c299@group-6C7D867BDA6A, cid=526, SUCCESS, logIndex=756, commits[3258574c-39ac-4ed5-9145-ea59a337c299:c758]
2019-09-02 06:30:01,060 [grpc-default-executor-1] INFO  client.GrpcClientProtocolClient (GrpcClientProtocolClient.java:onNext(255)) - client-0D308AD40832->3258574c-39ac-4ed5-9145-ea59a337c299: receive RaftClientReply:client-0D308AD40832->3258574c-39ac-4ed5-9145-ea59a337c299@group-6C7D867BDA6A, cid=527, SUCCESS, logIndex=757, commits[3258574c-39ac-4ed5-9145-ea59a337c299:c758]
2019-09-02 06:30:01,060 [grpc-default-executor-1] INFO  client.GrpcClientProtocolClient (GrpcClientProtocolClient.java:onNext(255)) - client-0D308AD40832->3258574c-39ac-4ed5-9145-ea59a337c299: receive RaftClientReply:client-0D308AD40832->3258574c-39ac-4ed5-9145-ea59a337c299@group-6C7D867BDA6A, cid=528, SUCCESS, logIndex=758, commits[3258574c-39ac-4ed5-9145-ea59a337c299:c758]
2019-09-02 06:30:01,090 [grpc-default-executor-0] INFO  client.GrpcClientProtocolClient (GrpcClientProtocolClient.java:onNext(255)) - client-0D308AD40832->3258574c-39ac-4ed5-9145-ea59a337c299: receive RaftClientReply:client-0D308AD40832->3258574c-39ac-4ed5-9145-ea59a337c299@group-6C7D867BDA6A, cid=529, SUCCESS, logIndex=760, commits[3258574c-39ac-4ed5-9145-ea59a337c299:c761]
2019-09-02 06:30:01,090 [grpc-default-executor-0] INFO  client.GrpcClientProtocolClient (GrpcClientProtocolClient.java:onNext(255)) - client-0D308AD40832->3258574c-39ac-4ed5-9145-ea59a337c299: receive RaftClientReply:client-0D308AD40832->3258574c-39ac-4ed5-9145-ea59a337c299@group-6C7D867BDA6A, cid=530, SUCCESS, logIndex=761, commits[3258574c-39ac-4ed5-9145-ea59a337c299:c761]
2019-09-02 06:30:01,115 [SCMBlockDeletingService#1] DEBUG block.SCMBlockDeletingService (SCMBlockDeletingService.java:call(138)) - Running DeletedBlockTransactionScanner
2019-09-02 06:30:01,116 [SCMBlockDeletingService#1] DEBUG block.SCMBlockDeletingService (SCMBlockDeletingService.java:call(155)) - Scanned deleted blocks log and got 0 delTX to process.
2019-09-02 06:30:01,184 [grpc-default-executor-0] INFO  client.GrpcClientProtocolClient (GrpcClientProtocolClient.java:onNext(255)) - client-0D308AD40832->3258574c-39ac-4ed5-9145-ea59a337c299: receive RaftClientReply:client-0D308AD40832->3258574c-39ac-4ed5-9145-ea59a337c299@group-6C7D867BDA6A, cid=531, SUCCESS, logIndex=763, commits[3258574c-39ac-4ed5-9145-ea59a337c299:c764]
2019-09-02 06:30:01,184 [grpc-default-executor-0] INFO  client.GrpcClientProtocolClient (GrpcClientProtocolClient.java:onNext(255)) - client-0D308AD40832->3258574c-39ac-4ed5-9145-ea59a337c299: receive RaftClientReply:client-0D308AD40832->3258574c-39ac-4ed5-9145-ea59a337c299@group-6C7D867BDA6A, cid=532, SUCCESS, logIndex=764, commits[3258574c-39ac-4ed5-9145-ea59a337c299:c765]
2019-09-02 06:30:01,212 [grpc-default-executor-0] INFO  client.GrpcClientProtocolClient (GrpcClientProtocolClient.java:onNext(255)) - client-0D308AD40832->3258574c-39ac-4ed5-9145-ea59a337c299: receive RaftClientReply:client-0D308AD40832->3258574c-39ac-4ed5-9145-ea59a337c299@group-6C7D867BDA6A, cid=533, SUCCESS, logIndex=766, commits[3258574c-39ac-4ed5-9145-ea59a337c299:c767]
2019-09-02 06:30:01,212 [grpc-default-executor-0] INFO  client.GrpcClientProtocolClient (GrpcClientProtocolClient.java:onNext(255)) - client-0D308AD40832->3258574c-39ac-4ed5-9145-ea59a337c299: receive RaftClientReply:client-0D308AD40832->3258574c-39ac-4ed5-9145-ea59a337c299@group-6C7D867BDA6A, cid=534, SUCCESS, logIndex=767, commits[3258574c-39ac-4ed5-9145-ea59a337c299:c769]
2019-09-02 06:30:01,213 [grpc-default-executor-0] INFO  client.GrpcClientProtocolClient (GrpcClientProtocolClient.java:onNext(255)) - client-0D308AD40832->3258574c-39ac-4ed5-9145-ea59a337c299: receive RaftClientReply:client-0D308AD40832->3258574c-39ac-4ed5-9145-ea59a337c299@group-6C7D867BDA6A, cid=535, SUCCESS, logIndex=768, commits[3258574c-39ac-4ed5-9145-ea59a337c299:c770]
2019-09-02 06:30:01,213 [grpc-default-executor-0] INFO  client.GrpcClientProtocolClient (GrpcClientProtocolClient.java:onNext(255)) - client-0D308AD40832->3258574c-39ac-4ed5-9145-ea59a337c299: receive RaftClientReply:client-0D308AD40832->3258574c-39ac-4ed5-9145-ea59a337c299@group-6C7D867BDA6A, cid=536, SUCCESS, logIndex=769, commits[3258574c-39ac-4ed5-9145-ea59a337c299:c771]
2019-09-02 06:30:01,216 [SCMBlockDeletingService#1] DEBUG block.SCMBlockDeletingService (SCMBlockDeletingService.java:call(138)) - Running DeletedBlockTransactionScanner
2019-09-02 06:30:01,216 [SCMBlockDeletingService#1] DEBUG block.SCMBlockDeletingService (SCMBlockDeletingService.java:call(155)) - Scanned deleted blocks log and got 0 delTX to process.
2019-09-02 06:30:01,239 [grpc-default-executor-0] INFO  client.GrpcClientProtocolClient (GrpcClientProtocolClient.java:onNext(255)) - client-0D308AD40832->3258574c-39ac-4ed5-9145-ea59a337c299: receive RaftClientReply:client-0D308AD40832->3258574c-39ac-4ed5-9145-ea59a337c299@group-6C7D867BDA6A, cid=537, SUCCESS, logIndex=772, commits[3258574c-39ac-4ed5-9145-ea59a337c299:c773]
2019-09-02 06:30:01,240 [grpc-default-executor-0] INFO  client.GrpcClientProtocolClient (GrpcClientProtocolClient.java:onNext(255)) - client-0D308AD40832->3258574c-39ac-4ed5-9145-ea59a337c299: receive RaftClientReply:client-0D308AD40832->3258574c-39ac-4ed5-9145-ea59a337c299@group-6C7D867BDA6A, cid=538, SUCCESS, logIndex=773, commits[3258574c-39ac-4ed5-9145-ea59a337c299:c776]
2019-09-02 06:30:01,240 [grpc-default-executor-0] INFO  client.GrpcClientProtocolClient (GrpcClientProtocolClient.java:onNext(255)) - client-0D308AD40832->3258574c-39ac-4ed5-9145-ea59a337c299: receive RaftClientReply:client-0D308AD40832->3258574c-39ac-4ed5-9145-ea59a337c299@group-6C7D867BDA6A, cid=539, SUCCESS, logIndex=774, commits[3258574c-39ac-4ed5-9145-ea59a337c299:c776]
2019-09-02 06:30:01,240 [grpc-default-executor-0] INFO  client.GrpcClientProtocolClient (GrpcClientProtocolClient.java:onNext(255)) - client-0D308AD40832->3258574c-39ac-4ed5-9145-ea59a337c299: receive RaftClientReply:client-0D308AD40832->3258574c-39ac-4ed5-9145-ea59a337c299@group-6C7D867BDA6A, cid=540, SUCCESS, logIndex=775, commits[3258574c-39ac-4ed5-9145-ea59a337c299:c777]
2019-09-02 06:30:01,259 [grpc-default-executor-1] INFO  client.GrpcClientProtocolClient (GrpcClientProtocolClient.java:onNext(255)) - client-0D308AD40832->3258574c-39ac-4ed5-9145-ea59a337c299: receive RaftClientReply:client-0D308AD40832->3258574c-39ac-4ed5-9145-ea59a337c299@group-6C7D867BDA6A, cid=541, SUCCESS, logIndex=778, commits[3258574c-39ac-4ed5-9145-ea59a337c299:c779]
2019-09-02 06:30:01,260 [grpc-default-executor-1] INFO  client.GrpcClientProtocolClient (GrpcClientProtocolClient.java:onNext(255)) - client-0D308AD40832->3258574c-39ac-4ed5-9145-ea59a337c299: receive RaftClientReply:client-0D308AD40832->3258574c-39ac-4ed5-9145-ea59a337c299@group-6C7D867BDA6A, cid=542, SUCCESS, logIndex=779, commits[3258574c-39ac-4ed5-9145-ea59a337c299:c781]
2019-09-02 06:30:01,260 [grpc-default-executor-1] INFO  client.GrpcClientProtocolClient (GrpcClientProtocolClient.java:onNext(255)) - client-0D308AD40832->3258574c-39ac-4ed5-9145-ea59a337c299: receive RaftClientReply:client-0D308AD40832->3258574c-39ac-4ed5-9145-ea59a337c299@group-6C7D867BDA6A, cid=543, SUCCESS, logIndex=780, commits[3258574c-39ac-4ed5-9145-ea59a337c299:c782]
2019-09-02 06:30:01,260 [grpc-default-executor-1] INFO  client.GrpcClientProtocolClient (GrpcClientProtocolClient.java:onNext(255)) - client-0D308AD40832->3258574c-39ac-4ed5-9145-ea59a337c299: receive RaftClientReply:client-0D308AD40832->3258574c-39ac-4ed5-9145-ea59a337c299@group-6C7D867BDA6A, cid=544, SUCCESS, logIndex=781, commits[3258574c-39ac-4ed5-9145-ea59a337c299:c782]
2019-09-02 06:30:01,289 [grpc-default-executor-0] INFO  client.GrpcClientProtocolClient (GrpcClientProtocolClient.java:onNext(255)) - client-0D308AD40832->3258574c-39ac-4ed5-9145-ea59a337c299: receive RaftClientReply:client-0D308AD40832->3258574c-39ac-4ed5-9145-ea59a337c299@group-6C7D867BDA6A, cid=545, SUCCESS, logIndex=784, commits[3258574c-39ac-4ed5-9145-ea59a337c299:c788]
2019-09-02 06:30:01,290 [grpc-default-executor-0] INFO  client.GrpcClientProtocolClient (GrpcClientProtocolClient.java:onNext(255)) - client-0D308AD40832->3258574c-39ac-4ed5-9145-ea59a337c299: receive RaftClientReply:client-0D308AD40832->3258574c-39ac-4ed5-9145-ea59a337c299@group-6C7D867BDA6A, cid=546, SUCCESS, logIndex=785, commits[3258574c-39ac-4ed5-9145-ea59a337c299:c788]
2019-09-02 06:30:01,290 [grpc-default-executor-0] INFO  client.GrpcClientProtocolClient (GrpcClientProtocolClient.java:onNext(255)) - client-0D308AD40832->3258574c-39ac-4ed5-9145-ea59a337c299: receive RaftClientReply:client-0D308AD40832->3258574c-39ac-4ed5-9145-ea59a337c299@group-6C7D867BDA6A, cid=547, SUCCESS, logIndex=786, commits[3258574c-39ac-4ed5-9145-ea59a337c299:c788]
2019-09-02 06:30:01,290 [grpc-default-executor-0] INFO  client.GrpcClientProtocolClient (GrpcClientProtocolClient.java:onNext(255)) - client-0D308AD40832->3258574c-39ac-4ed5-9145-ea59a337c299: receive RaftClientReply:client-0D308AD40832->3258574c-39ac-4ed5-9145-ea59a337c299@group-6C7D867BDA6A, cid=548, SUCCESS, logIndex=787, commits[3258574c-39ac-4ed5-9145-ea59a337c299:c788]
2019-09-02 06:30:01,312 [grpc-default-executor-0] INFO  client.GrpcClientProtocolClient (GrpcClientProtocolClient.java:onNext(255)) - client-0D308AD40832->3258574c-39ac-4ed5-9145-ea59a337c299: receive RaftClientReply:client-0D308AD40832->3258574c-39ac-4ed5-9145-ea59a337c299@group-6C7D867BDA6A, cid=549, SUCCESS, logIndex=789, commits[3258574c-39ac-4ed5-9145-ea59a337c299:c792]
2019-09-02 06:30:01,313 [grpc-default-executor-0] INFO  client.GrpcClientProtocolClient (GrpcClientProtocolClient.java:onNext(255)) - client-0D308AD40832->3258574c-39ac-4ed5-9145-ea59a337c299: receive RaftClientReply:client-0D308AD40832->3258574c-39ac-4ed5-9145-ea59a337c299@group-6C7D867BDA6A, cid=550, SUCCESS, logIndex=790, commits[3258574c-39ac-4ed5-9145-ea59a337c299:c793]
2019-09-02 06:30:01,313 [grpc-default-executor-0] INFO  client.GrpcClientProtocolClient (GrpcClientProtocolClient.java:onNext(255)) - client-0D308AD40832->3258574c-39ac-4ed5-9145-ea59a337c299: receive RaftClientReply:client-0D308AD40832->3258574c-39ac-4ed5-9145-ea59a337c299@group-6C7D867BDA6A, cid=551, SUCCESS, logIndex=791, commits[3258574c-39ac-4ed5-9145-ea59a337c299:c794]
2019-09-02 06:30:01,313 [grpc-default-executor-0] INFO  client.GrpcClientProtocolClient (GrpcClientProtocolClient.java:onNext(255)) - client-0D308AD40832->3258574c-39ac-4ed5-9145-ea59a337c299: receive RaftClientReply:client-0D308AD40832->3258574c-39ac-4ed5-9145-ea59a337c299@group-6C7D867BDA6A, cid=552, SUCCESS, logIndex=792, commits[3258574c-39ac-4ed5-9145-ea59a337c299:c794]
2019-09-02 06:30:01,316 [SCMBlockDeletingService#1] DEBUG block.SCMBlockDeletingService (SCMBlockDeletingService.java:call(138)) - Running DeletedBlockTransactionScanner
2019-09-02 06:30:01,317 [SCMBlockDeletingService#1] DEBUG block.SCMBlockDeletingService (SCMBlockDeletingService.java:call(155)) - Scanned deleted blocks log and got 0 delTX to process.
2019-09-02 06:30:01,339 [grpc-default-executor-1] INFO  client.GrpcClientProtocolClient (GrpcClientProtocolClient.java:onNext(255)) - client-0D308AD40832->3258574c-39ac-4ed5-9145-ea59a337c299: receive RaftClientReply:client-0D308AD40832->3258574c-39ac-4ed5-9145-ea59a337c299@group-6C7D867BDA6A, cid=553, SUCCESS, logIndex=795, commits[3258574c-39ac-4ed5-9145-ea59a337c299:c798]
2019-09-02 06:30:01,340 [grpc-default-executor-1] INFO  client.GrpcClientProtocolClient (GrpcClientProtocolClient.java:onNext(255)) - client-0D308AD40832->3258574c-39ac-4ed5-9145-ea59a337c299: receive RaftClientReply:client-0D308AD40832->3258574c-39ac-4ed5-9145-ea59a337c299@group-6C7D867BDA6A, cid=554, SUCCESS, logIndex=796, commits[3258574c-39ac-4ed5-9145-ea59a337c299:c798]
2019-09-02 06:30:01,341 [grpc-default-executor-1] INFO  client.GrpcClientProtocolClient (GrpcClientProtocolClient.java:onNext(255)) - client-0D308AD40832->3258574c-39ac-4ed5-9145-ea59a337c299: receive RaftClientReply:client-0D308AD40832->3258574c-39ac-4ed5-9145-ea59a337c299@group-6C7D867BDA6A, cid=555, SUCCESS, logIndex=797, commits[3258574c-39ac-4ed5-9145-ea59a337c299:c799]
2019-09-02 06:30:01,341 [grpc-default-executor-1] INFO  client.GrpcClientProtocolClient (GrpcClientProtocolClient.java:onNext(255)) - client-0D308AD40832->3258574c-39ac-4ed5-9145-ea59a337c299: receive RaftClientReply:client-0D308AD40832->3258574c-39ac-4ed5-9145-ea59a337c299@group-6C7D867BDA6A, cid=556, SUCCESS, logIndex=798, commits[3258574c-39ac-4ed5-9145-ea59a337c299:c800]
2019-09-02 06:30:01,360 [grpc-default-executor-0] INFO  client.GrpcClientProtocolClient (GrpcClientProtocolClient.java:onNext(255)) - client-0D308AD40832->3258574c-39ac-4ed5-9145-ea59a337c299: receive RaftClientReply:client-0D308AD40832->3258574c-39ac-4ed5-9145-ea59a337c299@group-6C7D867BDA6A, cid=557, SUCCESS, logIndex=801, commits[3258574c-39ac-4ed5-9145-ea59a337c299:c802]
2019-09-02 06:30:01,361 [grpc-default-executor-0] INFO  client.GrpcClientProtocolClient (GrpcClientProtocolClient.java:onNext(255)) - client-0D308AD40832->3258574c-39ac-4ed5-9145-ea59a337c299: receive RaftClientReply:client-0D308AD40832->3258574c-39ac-4ed5-9145-ea59a337c299@group-6C7D867BDA6A, cid=558, SUCCESS, logIndex=802, commits[3258574c-39ac-4ed5-9145-ea59a337c299:c804]
2019-09-02 06:30:01,361 [grpc-default-executor-0] INFO  client.GrpcClientProtocolClient (GrpcClientProtocolClient.java:onNext(255)) - client-0D308AD40832->3258574c-39ac-4ed5-9145-ea59a337c299: receive RaftClientReply:client-0D308AD40832->3258574c-39ac-4ed5-9145-ea59a337c299@group-6C7D867BDA6A, cid=559, SUCCESS, logIndex=803, commits[3258574c-39ac-4ed5-9145-ea59a337c299:c804]
2019-09-02 06:30:01,361 [grpc-default-executor-0] INFO  client.GrpcClientProtocolClient (GrpcClientProtocolClient.java:onNext(255)) - client-0D308AD40832->3258574c-39ac-4ed5-9145-ea59a337c299: receive RaftClientReply:client-0D308AD40832->3258574c-39ac-4ed5-9145-ea59a337c299@group-6C7D867BDA6A, cid=560, SUCCESS, logIndex=804, commits[3258574c-39ac-4ed5-9145-ea59a337c299:c804]
2019-09-02 06:30:01,417 [SCMBlockDeletingService#1] DEBUG block.SCMBlockDeletingService (SCMBlockDeletingService.java:call(138)) - Running DeletedBlockTransactionScanner
2019-09-02 06:30:01,418 [SCMBlockDeletingService#1] DEBUG block.SCMBlockDeletingService (SCMBlockDeletingService.java:call(155)) - Scanned deleted blocks log and got 0 delTX to process.
2019-09-02 06:30:01,518 [SCMBlockDeletingService#1] DEBUG block.SCMBlockDeletingService (SCMBlockDeletingService.java:call(138)) - Running DeletedBlockTransactionScanner
2019-09-02 06:30:01,527 [grpc-default-executor-1] INFO  client.GrpcClientProtocolClient (GrpcClientProtocolClient.java:onNext(255)) - client-0D308AD40832->3258574c-39ac-4ed5-9145-ea59a337c299: receive RaftClientReply:client-0D308AD40832->3258574c-39ac-4ed5-9145-ea59a337c299@group-6C7D867BDA6A, cid=561, SUCCESS, logIndex=807, commits[3258574c-39ac-4ed5-9145-ea59a337c299:c810]
2019-09-02 06:30:01,528 [grpc-default-executor-1] INFO  client.GrpcClientProtocolClient (GrpcClientProtocolClient.java:onNext(255)) - client-0D308AD40832->3258574c-39ac-4ed5-9145-ea59a337c299: receive RaftClientReply:client-0D308AD40832->3258574c-39ac-4ed5-9145-ea59a337c299@group-6C7D867BDA6A, cid=562, SUCCESS, logIndex=808, commits[3258574c-39ac-4ed5-9145-ea59a337c299:c811]
2019-09-02 06:30:01,529 [grpc-default-executor-1] INFO  client.GrpcClientProtocolClient (GrpcClientProtocolClient.java:onNext(255)) - client-0D308AD40832->3258574c-39ac-4ed5-9145-ea59a337c299: receive RaftClientReply:client-0D308AD40832->3258574c-39ac-4ed5-9145-ea59a337c299@group-6C7D867BDA6A, cid=563, SUCCESS, logIndex=809, commits[3258574c-39ac-4ed5-9145-ea59a337c299:c811]
2019-09-02 06:30:01,529 [grpc-default-executor-1] INFO  client.GrpcClientProtocolClient (GrpcClientProtocolClient.java:onNext(255)) - client-0D308AD40832->3258574c-39ac-4ed5-9145-ea59a337c299: receive RaftClientReply:client-0D308AD40832->3258574c-39ac-4ed5-9145-ea59a337c299@group-6C7D867BDA6A, cid=564, SUCCESS, logIndex=810, commits[3258574c-39ac-4ed5-9145-ea59a337c299:c812]
2019-09-02 06:30:01,530 [SCMBlockDeletingService#1] DEBUG block.SCMBlockDeletingService (SCMBlockDeletingService.java:call(155)) - Scanned deleted blocks log and got 0 delTX to process.
2019-09-02 06:30:01,552 [grpc-default-executor-0] INFO  client.GrpcClientProtocolClient (GrpcClientProtocolClient.java:onNext(255)) - client-0D308AD40832->3258574c-39ac-4ed5-9145-ea59a337c299: receive RaftClientReply:client-0D308AD40832->3258574c-39ac-4ed5-9145-ea59a337c299@group-6C7D867BDA6A, cid=565, SUCCESS, logIndex=813, commits[3258574c-39ac-4ed5-9145-ea59a337c299:c814]
2019-09-02 06:30:01,553 [grpc-default-executor-0] INFO  client.GrpcClientProtocolClient (GrpcClientProtocolClient.java:onNext(255)) - client-0D308AD40832->3258574c-39ac-4ed5-9145-ea59a337c299: receive RaftClientReply:client-0D308AD40832->3258574c-39ac-4ed5-9145-ea59a337c299@group-6C7D867BDA6A, cid=566, SUCCESS, logIndex=814, commits[3258574c-39ac-4ed5-9145-ea59a337c299:c816]
2019-09-02 06:30:01,553 [grpc-default-executor-0] INFO  client.GrpcClientProtocolClient (GrpcClientProtocolClient.java:onNext(255)) - client-0D308AD40832->3258574c-39ac-4ed5-9145-ea59a337c299: receive RaftClientReply:client-0D308AD40832->3258574c-39ac-4ed5-9145-ea59a337c299@group-6C7D867BDA6A, cid=567, SUCCESS, logIndex=815, commits[3258574c-39ac-4ed5-9145-ea59a337c299:c817]
2019-09-02 06:30:01,554 [grpc-default-executor-0] INFO  client.GrpcClientProtocolClient (GrpcClientProtocolClient.java:onNext(255)) - client-0D308AD40832->3258574c-39ac-4ed5-9145-ea59a337c299: receive RaftClientReply:client-0D308AD40832->3258574c-39ac-4ed5-9145-ea59a337c299@group-6C7D867BDA6A, cid=568, SUCCESS, logIndex=816, commits[3258574c-39ac-4ed5-9145-ea59a337c299:c818]
2019-09-02 06:30:01,584 [grpc-default-executor-1] INFO  client.GrpcClientProtocolClient (GrpcClientProtocolClient.java:onNext(255)) - client-0D308AD40832->3258574c-39ac-4ed5-9145-ea59a337c299: receive RaftClientReply:client-0D308AD40832->3258574c-39ac-4ed5-9145-ea59a337c299@group-6C7D867BDA6A, cid=569, SUCCESS, logIndex=819, commits[3258574c-39ac-4ed5-9145-ea59a337c299:c822]
2019-09-02 06:30:01,585 [grpc-default-executor-1] INFO  client.GrpcClientProtocolClient (GrpcClientProtocolClient.java:onNext(255)) - client-0D308AD40832->3258574c-39ac-4ed5-9145-ea59a337c299: receive RaftClientReply:client-0D308AD40832->3258574c-39ac-4ed5-9145-ea59a337c299@group-6C7D867BDA6A, cid=570, SUCCESS, logIndex=820, commits[3258574c-39ac-4ed5-9145-ea59a337c299:c823]
2019-09-02 06:30:01,586 [grpc-default-executor-1] INFO  client.GrpcClientProtocolClient (GrpcClientProtocolClient.java:onNext(255)) - client-0D308AD40832->3258574c-39ac-4ed5-9145-ea59a337c299: receive RaftClientReply:client-0D308AD40832->3258574c-39ac-4ed5-9145-ea59a337c299@group-6C7D867BDA6A, cid=571, SUCCESS, logIndex=821, commits[3258574c-39ac-4ed5-9145-ea59a337c299:c824]
2019-09-02 06:30:01,587 [grpc-default-executor-1] INFO  client.GrpcClientProtocolClient (GrpcClientProtocolClient.java:onNext(255)) - client-0D308AD40832->3258574c-39ac-4ed5-9145-ea59a337c299: receive RaftClientReply:client-0D308AD40832->3258574c-39ac-4ed5-9145-ea59a337c299@group-6C7D867BDA6A, cid=572, SUCCESS, logIndex=822, commits[3258574c-39ac-4ed5-9145-ea59a337c299:c824]
2019-09-02 06:30:01,645 [SCMBlockDeletingService#1] DEBUG block.SCMBlockDeletingService (SCMBlockDeletingService.java:call(138)) - Running DeletedBlockTransactionScanner
2019-09-02 06:30:01,645 [SCMBlockDeletingService#1] DEBUG block.SCMBlockDeletingService (SCMBlockDeletingService.java:call(155)) - Scanned deleted blocks log and got 0 delTX to process.
2019-09-02 06:30:01,663 [grpc-default-executor-0] INFO  client.GrpcClientProtocolClient (GrpcClientProtocolClient.java:onNext(255)) - client-0D308AD40832->3258574c-39ac-4ed5-9145-ea59a337c299: receive RaftClientReply:client-0D308AD40832->3258574c-39ac-4ed5-9145-ea59a337c299@group-6C7D867BDA6A, cid=573, SUCCESS, logIndex=825, commits[3258574c-39ac-4ed5-9145-ea59a337c299:c826]
2019-09-02 06:30:01,664 [grpc-default-executor-0] INFO  client.GrpcClientProtocolClient (GrpcClientProtocolClient.java:onNext(255)) - client-0D308AD40832->3258574c-39ac-4ed5-9145-ea59a337c299: receive RaftClientReply:client-0D308AD40832->3258574c-39ac-4ed5-9145-ea59a337c299@group-6C7D867BDA6A, cid=574, SUCCESS, logIndex=826, commits[3258574c-39ac-4ed5-9145-ea59a337c299:c827]
2019-09-02 06:30:01,745 [SCMBlockDeletingService#1] DEBUG block.SCMBlockDeletingService (SCMBlockDeletingService.java:call(138)) - Running DeletedBlockTransactionScanner
2019-09-02 06:30:01,746 [SCMBlockDeletingService#1] DEBUG block.SCMBlockDeletingService (SCMBlockDeletingService.java:call(155)) - Scanned deleted blocks log and got 0 delTX to process.
2019-09-02 06:30:01,763 [grpc-default-executor-1] INFO  client.GrpcClientProtocolClient (GrpcClientProtocolClient.java:onNext(255)) - client-0D308AD40832->3258574c-39ac-4ed5-9145-ea59a337c299: receive RaftClientReply:client-0D308AD40832->3258574c-39ac-4ed5-9145-ea59a337c299@group-6C7D867BDA6A, cid=575, SUCCESS, logIndex=828, commits[3258574c-39ac-4ed5-9145-ea59a337c299:c830]
2019-09-02 06:30:01,764 [grpc-default-executor-1] INFO  client.GrpcClientProtocolClient (GrpcClientProtocolClient.java:onNext(255)) - client-0D308AD40832->3258574c-39ac-4ed5-9145-ea59a337c299: receive RaftClientReply:client-0D308AD40832->3258574c-39ac-4ed5-9145-ea59a337c299@group-6C7D867BDA6A, cid=576, SUCCESS, logIndex=829, commits[3258574c-39ac-4ed5-9145-ea59a337c299:c830]
2019-09-02 06:30:01,792 [grpc-default-executor-0] INFO  client.GrpcClientProtocolClient (GrpcClientProtocolClient.java:onNext(255)) - client-0D308AD40832->3258574c-39ac-4ed5-9145-ea59a337c299: receive RaftClientReply:client-0D308AD40832->3258574c-39ac-4ed5-9145-ea59a337c299@group-6C7D867BDA6A, cid=577, SUCCESS, logIndex=831, commits[3258574c-39ac-4ed5-9145-ea59a337c299:c834]
2019-09-02 06:30:01,793 [grpc-default-executor-0] INFO  client.GrpcClientProtocolClient (GrpcClientProtocolClient.java:onNext(255)) - client-0D308AD40832->3258574c-39ac-4ed5-9145-ea59a337c299: receive RaftClientReply:client-0D308AD40832->3258574c-39ac-4ed5-9145-ea59a337c299@group-6C7D867BDA6A, cid=578, SUCCESS, logIndex=832, commits[3258574c-39ac-4ed5-9145-ea59a337c299:c835]
2019-09-02 06:30:01,794 [grpc-default-executor-0] INFO  client.GrpcClientProtocolClient (GrpcClientProtocolClient.java:onNext(255)) - client-0D308AD40832->3258574c-39ac-4ed5-9145-ea59a337c299: receive RaftClientReply:client-0D308AD40832->3258574c-39ac-4ed5-9145-ea59a337c299@group-6C7D867BDA6A, cid=579, SUCCESS, logIndex=833, commits[3258574c-39ac-4ed5-9145-ea59a337c299:c835]
2019-09-02 06:30:01,794 [grpc-default-executor-0] INFO  client.GrpcClientProtocolClient (GrpcClientProtocolClient.java:onNext(255)) - client-0D308AD40832->3258574c-39ac-4ed5-9145-ea59a337c299: receive RaftClientReply:client-0D308AD40832->3258574c-39ac-4ed5-9145-ea59a337c299@group-6C7D867BDA6A, cid=580, SUCCESS, logIndex=834, commits[3258574c-39ac-4ed5-9145-ea59a337c299:c836]
2019-09-02 06:30:01,813 [grpc-default-executor-1] INFO  client.GrpcClientProtocolClient (GrpcClientProtocolClient.java:onNext(255)) - client-0D308AD40832->3258574c-39ac-4ed5-9145-ea59a337c299: receive RaftClientReply:client-0D308AD40832->3258574c-39ac-4ed5-9145-ea59a337c299@group-6C7D867BDA6A, cid=581, SUCCESS, logIndex=837, commits[3258574c-39ac-4ed5-9145-ea59a337c299:c838]
2019-09-02 06:30:01,813 [grpc-default-executor-1] INFO  client.GrpcClientProtocolClient (GrpcClientProtocolClient.java:onNext(255)) - client-0D308AD40832->3258574c-39ac-4ed5-9145-ea59a337c299: receive RaftClientReply:client-0D308AD40832->3258574c-39ac-4ed5-9145-ea59a337c299@group-6C7D867BDA6A, cid=582, SUCCESS, logIndex=838, commits[3258574c-39ac-4ed5-9145-ea59a337c299:c840]
2019-09-02 06:30:01,814 [grpc-default-executor-1] INFO  client.GrpcClientProtocolClient (GrpcClientProtocolClient.java:onNext(255)) - client-0D308AD40832->3258574c-39ac-4ed5-9145-ea59a337c299: receive RaftClientReply:client-0D308AD40832->3258574c-39ac-4ed5-9145-ea59a337c299@group-6C7D867BDA6A, cid=583, SUCCESS, logIndex=839, commits[3258574c-39ac-4ed5-9145-ea59a337c299:c840]
2019-09-02 06:30:01,814 [grpc-default-executor-1] INFO  client.GrpcClientProtocolClient (GrpcClientProtocolClient.java:onNext(255)) - client-0D308AD40832->3258574c-39ac-4ed5-9145-ea59a337c299: receive RaftClientReply:client-0D308AD40832->3258574c-39ac-4ed5-9145-ea59a337c299@group-6C7D867BDA6A, cid=584, SUCCESS, logIndex=840, commits[3258574c-39ac-4ed5-9145-ea59a337c299:c842]
2019-09-02 06:30:01,842 [grpc-default-executor-0] INFO  client.GrpcClientProtocolClient (GrpcClientProtocolClient.java:onNext(255)) - client-0D308AD40832->3258574c-39ac-4ed5-9145-ea59a337c299: receive RaftClientReply:client-0D308AD40832->3258574c-39ac-4ed5-9145-ea59a337c299@group-6C7D867BDA6A, cid=585, SUCCESS, logIndex=843, commits[3258574c-39ac-4ed5-9145-ea59a337c299:c846]
2019-09-02 06:30:01,843 [grpc-default-executor-0] INFO  client.GrpcClientProtocolClient (GrpcClientProtocolClient.java:onNext(255)) - client-0D308AD40832->3258574c-39ac-4ed5-9145-ea59a337c299: receive RaftClientReply:client-0D308AD40832->3258574c-39ac-4ed5-9145-ea59a337c299@group-6C7D867BDA6A, cid=586, SUCCESS, logIndex=844, commits[3258574c-39ac-4ed5-9145-ea59a337c299:c846]
2019-09-02 06:30:01,843 [grpc-default-executor-0] INFO  client.GrpcClientProtocolClient (GrpcClientProtocolClient.java:onNext(255)) - client-0D308AD40832->3258574c-39ac-4ed5-9145-ea59a337c299: receive RaftClientReply:client-0D308AD40832->3258574c-39ac-4ed5-9145-ea59a337c299@group-6C7D867BDA6A, cid=587, SUCCESS, logIndex=845, commits[3258574c-39ac-4ed5-9145-ea59a337c299:c846]
2019-09-02 06:30:01,844 [grpc-default-executor-0] INFO  client.GrpcClientProtocolClient (GrpcClientProtocolClient.java:onNext(255)) - client-0D308AD40832->3258574c-39ac-4ed5-9145-ea59a337c299: receive RaftClientReply:client-0D308AD40832->3258574c-39ac-4ed5-9145-ea59a337c299@group-6C7D867BDA6A, cid=588, SUCCESS, logIndex=846, commits[3258574c-39ac-4ed5-9145-ea59a337c299:c846]
2019-09-02 06:30:01,846 [SCMBlockDeletingService#0] DEBUG block.SCMBlockDeletingService (SCMBlockDeletingService.java:call(138)) - Running DeletedBlockTransactionScanner
2019-09-02 06:30:01,846 [SCMBlockDeletingService#0] DEBUG block.SCMBlockDeletingService (SCMBlockDeletingService.java:call(155)) - Scanned deleted blocks log and got 0 delTX to process.
2019-09-02 06:30:01,866 [grpc-default-executor-1] INFO  client.GrpcClientProtocolClient (GrpcClientProtocolClient.java:onNext(255)) - client-0D308AD40832->3258574c-39ac-4ed5-9145-ea59a337c299: receive RaftClientReply:client-0D308AD40832->3258574c-39ac-4ed5-9145-ea59a337c299@group-6C7D867BDA6A, cid=589, SUCCESS, logIndex=848, commits[3258574c-39ac-4ed5-9145-ea59a337c299:c851]
2019-09-02 06:30:01,866 [grpc-default-executor-1] INFO  client.GrpcClientProtocolClient (GrpcClientProtocolClient.java:onNext(255)) - client-0D308AD40832->3258574c-39ac-4ed5-9145-ea59a337c299: receive RaftClientReply:client-0D308AD40832->3258574c-39ac-4ed5-9145-ea59a337c299@group-6C7D867BDA6A, cid=590, SUCCESS, logIndex=849, commits[3258574c-39ac-4ed5-9145-ea59a337c299:c852]
2019-09-02 06:30:01,867 [grpc-default-executor-1] INFO  client.GrpcClientProtocolClient (GrpcClientProtocolClient.java:onNext(255)) - client-0D308AD40832->3258574c-39ac-4ed5-9145-ea59a337c299: receive RaftClientReply:client-0D308AD40832->3258574c-39ac-4ed5-9145-ea59a337c299@group-6C7D867BDA6A, cid=591, SUCCESS, logIndex=850, commits[3258574c-39ac-4ed5-9145-ea59a337c299:c852]
2019-09-02 06:30:01,867 [grpc-default-executor-1] INFO  client.GrpcClientProtocolClient (GrpcClientProtocolClient.java:onNext(255)) - client-0D308AD40832->3258574c-39ac-4ed5-9145-ea59a337c299: receive RaftClientReply:client-0D308AD40832->3258574c-39ac-4ed5-9145-ea59a337c299@group-6C7D867BDA6A, cid=592, SUCCESS, logIndex=851, commits[3258574c-39ac-4ed5-9145-ea59a337c299:c852]
2019-09-02 06:30:01,894 [grpc-default-executor-0] INFO  client.GrpcClientProtocolClient (GrpcClientProtocolClient.java:onNext(255)) - client-0D308AD40832->3258574c-39ac-4ed5-9145-ea59a337c299: receive RaftClientReply:client-0D308AD40832->3258574c-39ac-4ed5-9145-ea59a337c299@group-6C7D867BDA6A, cid=593, SUCCESS, logIndex=853, commits[3258574c-39ac-4ed5-9145-ea59a337c299:c854]
2019-09-02 06:30:01,895 [grpc-default-executor-0] INFO  client.GrpcClientProtocolClient (GrpcClientProtocolClient.java:onNext(255)) - client-0D308AD40832->3258574c-39ac-4ed5-9145-ea59a337c299: receive RaftClientReply:client-0D308AD40832->3258574c-39ac-4ed5-9145-ea59a337c299@group-6C7D867BDA6A, cid=594, SUCCESS, logIndex=854, commits[3258574c-39ac-4ed5-9145-ea59a337c299:c856]
2019-09-02 06:30:01,895 [grpc-default-executor-0] INFO  client.GrpcClientProtocolClient (GrpcClientProtocolClient.java:onNext(255)) - client-0D308AD40832->3258574c-39ac-4ed5-9145-ea59a337c299: receive RaftClientReply:client-0D308AD40832->3258574c-39ac-4ed5-9145-ea59a337c299@group-6C7D867BDA6A, cid=595, SUCCESS, logIndex=855, commits[3258574c-39ac-4ed5-9145-ea59a337c299:c857]
2019-09-02 06:30:01,896 [grpc-default-executor-0] INFO  client.GrpcClientProtocolClient (GrpcClientProtocolClient.java:onNext(255)) - client-0D308AD40832->3258574c-39ac-4ed5-9145-ea59a337c299: receive RaftClientReply:client-0D308AD40832->3258574c-39ac-4ed5-9145-ea59a337c299@group-6C7D867BDA6A, cid=596, SUCCESS, logIndex=856, commits[3258574c-39ac-4ed5-9145-ea59a337c299:c858]
2019-09-02 06:30:01,917 [grpc-default-executor-0] INFO  client.GrpcClientProtocolClient (GrpcClientProtocolClient.java:onNext(255)) - client-0D308AD40832->3258574c-39ac-4ed5-9145-ea59a337c299: receive RaftClientReply:client-0D308AD40832->3258574c-39ac-4ed5-9145-ea59a337c299@group-6C7D867BDA6A, cid=597, SUCCESS, logIndex=859, commits[3258574c-39ac-4ed5-9145-ea59a337c299:c862]
2019-09-02 06:30:01,917 [grpc-default-executor-0] INFO  client.GrpcClientProtocolClient (GrpcClientProtocolClient.java:onNext(255)) - client-0D308AD40832->3258574c-39ac-4ed5-9145-ea59a337c299: receive RaftClientReply:client-0D308AD40832->3258574c-39ac-4ed5-9145-ea59a337c299@group-6C7D867BDA6A, cid=598, SUCCESS, logIndex=860, commits[3258574c-39ac-4ed5-9145-ea59a337c299:c863]
2019-09-02 06:30:01,918 [grpc-default-executor-0] INFO  client.GrpcClientProtocolClient (GrpcClientProtocolClient.java:onNext(255)) - client-0D308AD40832->3258574c-39ac-4ed5-9145-ea59a337c299: receive RaftClientReply:client-0D308AD40832->3258574c-39ac-4ed5-9145-ea59a337c299@group-6C7D867BDA6A, cid=599, SUCCESS, logIndex=861, commits[3258574c-39ac-4ed5-9145-ea59a337c299:c863]
2019-09-02 06:30:01,918 [grpc-default-executor-0] INFO  client.GrpcClientProtocolClient (GrpcClientProtocolClient.java:onNext(255)) - client-0D308AD40832->3258574c-39ac-4ed5-9145-ea59a337c299: receive RaftClientReply:client-0D308AD40832->3258574c-39ac-4ed5-9145-ea59a337c299@group-6C7D867BDA6A, cid=600, SUCCESS, logIndex=862, commits[3258574c-39ac-4ed5-9145-ea59a337c299:c864]
2019-09-02 06:30:01,945 [grpc-default-executor-1] INFO  client.GrpcClientProtocolClient (GrpcClientProtocolClient.java:onNext(255)) - client-0D308AD40832->3258574c-39ac-4ed5-9145-ea59a337c299: receive RaftClientReply:client-0D308AD40832->3258574c-39ac-4ed5-9145-ea59a337c299@group-6C7D867BDA6A, cid=601, SUCCESS, logIndex=865, commits[3258574c-39ac-4ed5-9145-ea59a337c299:c868]
2019-09-02 06:30:01,946 [grpc-default-executor-1] INFO  client.GrpcClientProtocolClient (GrpcClientProtocolClient.java:onNext(255)) - client-0D308AD40832->3258574c-39ac-4ed5-9145-ea59a337c299: receive RaftClientReply:client-0D308AD40832->3258574c-39ac-4ed5-9145-ea59a337c299@group-6C7D867BDA6A, cid=602, SUCCESS, logIndex=866, commits[3258574c-39ac-4ed5-9145-ea59a337c299:c869]
2019-09-02 06:30:01,946 [SCMBlockDeletingService#0] DEBUG block.SCMBlockDeletingService (SCMBlockDeletingService.java:call(138)) - Running DeletedBlockTransactionScanner
2019-09-02 06:30:01,947 [grpc-default-executor-1] INFO  client.GrpcClientProtocolClient (GrpcClientProtocolClient.java:onNext(255)) - client-0D308AD40832->3258574c-39ac-4ed5-9145-ea59a337c299: receive RaftClientReply:client-0D308AD40832->3258574c-39ac-4ed5-9145-ea59a337c299@group-6C7D867BDA6A, cid=603, SUCCESS, logIndex=867, commits[3258574c-39ac-4ed5-9145-ea59a337c299:c869]
2019-09-02 06:30:01,947 [SCMBlockDeletingService#0] DEBUG block.SCMBlockDeletingService (SCMBlockDeletingService.java:call(155)) - Scanned deleted blocks log and got 0 delTX to process.
2019-09-02 06:30:01,947 [grpc-default-executor-1] INFO  client.GrpcClientProtocolClient (GrpcClientProtocolClient.java:onNext(255)) - client-0D308AD40832->3258574c-39ac-4ed5-9145-ea59a337c299: receive RaftClientReply:client-0D308AD40832->3258574c-39ac-4ed5-9145-ea59a337c299@group-6C7D867BDA6A, cid=604, SUCCESS, logIndex=868, commits[3258574c-39ac-4ed5-9145-ea59a337c299:c870]
2019-09-02 06:30:01,967 [grpc-default-executor-1] INFO  client.GrpcClientProtocolClient (GrpcClientProtocolClient.java:onNext(255)) - client-0D308AD40832->3258574c-39ac-4ed5-9145-ea59a337c299: receive RaftClientReply:client-0D308AD40832->3258574c-39ac-4ed5-9145-ea59a337c299@group-6C7D867BDA6A, cid=605, SUCCESS, logIndex=871, commits[3258574c-39ac-4ed5-9145-ea59a337c299:c872]
2019-09-02 06:30:01,968 [grpc-default-executor-1] INFO  client.GrpcClientProtocolClient (GrpcClientProtocolClient.java:onNext(255)) - client-0D308AD40832->3258574c-39ac-4ed5-9145-ea59a337c299: receive RaftClientReply:client-0D308AD40832->3258574c-39ac-4ed5-9145-ea59a337c299@group-6C7D867BDA6A, cid=606, SUCCESS, logIndex=872, commits[3258574c-39ac-4ed5-9145-ea59a337c299:c874]
2019-09-02 06:30:01,968 [grpc-default-executor-1] INFO  client.GrpcClientProtocolClient (GrpcClientProtocolClient.java:onNext(255)) - client-0D308AD40832->3258574c-39ac-4ed5-9145-ea59a337c299: receive RaftClientReply:client-0D308AD40832->3258574c-39ac-4ed5-9145-ea59a337c299@group-6C7D867BDA6A, cid=607, SUCCESS, logIndex=873, commits[3258574c-39ac-4ed5-9145-ea59a337c299:c875]
2019-09-02 06:30:01,968 [grpc-default-executor-1] INFO  client.GrpcClientProtocolClient (GrpcClientProtocolClient.java:onNext(255)) - client-0D308AD40832->3258574c-39ac-4ed5-9145-ea59a337c299: receive RaftClientReply:client-0D308AD40832->3258574c-39ac-4ed5-9145-ea59a337c299@group-6C7D867BDA6A, cid=608, SUCCESS, logIndex=874, commits[3258574c-39ac-4ed5-9145-ea59a337c299:c875]
2019-09-02 06:30:01,994 [grpc-default-executor-1] INFO  client.GrpcClientProtocolClient (GrpcClientProtocolClient.java:onNext(255)) - client-0D308AD40832->3258574c-39ac-4ed5-9145-ea59a337c299: receive RaftClientReply:client-0D308AD40832->3258574c-39ac-4ed5-9145-ea59a337c299@group-6C7D867BDA6A, cid=609, SUCCESS, logIndex=877, commits[3258574c-39ac-4ed5-9145-ea59a337c299:c878]
2019-09-02 06:30:01,995 [grpc-default-executor-1] INFO  client.GrpcClientProtocolClient (GrpcClientProtocolClient.java:onNext(255)) - client-0D308AD40832->3258574c-39ac-4ed5-9145-ea59a337c299: receive RaftClientReply:client-0D308AD40832->3258574c-39ac-4ed5-9145-ea59a337c299@group-6C7D867BDA6A, cid=610, SUCCESS, logIndex=878, commits[3258574c-39ac-4ed5-9145-ea59a337c299:c878]
2019-09-02 06:30:01,996 [grpc-default-executor-1] INFO  client.GrpcClientProtocolClient (GrpcClientProtocolClient.java:onNext(255)) - client-0D308AD40832->3258574c-39ac-4ed5-9145-ea59a337c299: receive RaftClientReply:client-0D308AD40832->3258574c-39ac-4ed5-9145-ea59a337c299@group-6C7D867BDA6A, cid=611, SUCCESS, logIndex=879, commits[3258574c-39ac-4ed5-9145-ea59a337c299:c881]
2019-09-02 06:30:01,996 [grpc-default-executor-1] INFO  client.GrpcClientProtocolClient (GrpcClientProtocolClient.java:onNext(255)) - client-0D308AD40832->3258574c-39ac-4ed5-9145-ea59a337c299: receive RaftClientReply:client-0D308AD40832->3258574c-39ac-4ed5-9145-ea59a337c299@group-6C7D867BDA6A, cid=612, SUCCESS, logIndex=880, commits[3258574c-39ac-4ed5-9145-ea59a337c299:c881]
2019-09-02 06:30:02,014 [grpc-default-executor-1] INFO  client.GrpcClientProtocolClient (GrpcClientProtocolClient.java:onNext(255)) - client-0D308AD40832->3258574c-39ac-4ed5-9145-ea59a337c299: receive RaftClientReply:client-0D308AD40832->3258574c-39ac-4ed5-9145-ea59a337c299@group-6C7D867BDA6A, cid=613, SUCCESS, logIndex=882, commits[3258574c-39ac-4ed5-9145-ea59a337c299:c883]
2019-09-02 06:30:02,014 [grpc-default-executor-1] INFO  client.GrpcClientProtocolClient (GrpcClientProtocolClient.java:onNext(255)) - client-0D308AD40832->3258574c-39ac-4ed5-9145-ea59a337c299: receive RaftClientReply:client-0D308AD40832->3258574c-39ac-4ed5-9145-ea59a337c299@group-6C7D867BDA6A, cid=614, SUCCESS, logIndex=883, commits[3258574c-39ac-4ed5-9145-ea59a337c299:c885]
2019-09-02 06:30:02,015 [grpc-default-executor-1] INFO  client.GrpcClientProtocolClient (GrpcClientProtocolClient.java:onNext(255)) - client-0D308AD40832->3258574c-39ac-4ed5-9145-ea59a337c299: receive RaftClientReply:client-0D308AD40832->3258574c-39ac-4ed5-9145-ea59a337c299@group-6C7D867BDA6A, cid=615, SUCCESS, logIndex=884, commits[3258574c-39ac-4ed5-9145-ea59a337c299:c885]
2019-09-02 06:30:02,015 [grpc-default-executor-1] INFO  client.GrpcClientProtocolClient (GrpcClientProtocolClient.java:onNext(255)) - client-0D308AD40832->3258574c-39ac-4ed5-9145-ea59a337c299: receive RaftClientReply:client-0D308AD40832->3258574c-39ac-4ed5-9145-ea59a337c299@group-6C7D867BDA6A, cid=616, SUCCESS, logIndex=885, commits[3258574c-39ac-4ed5-9145-ea59a337c299:c886]
2019-09-02 06:30:02,036 [grpc-default-executor-0] INFO  client.GrpcClientProtocolClient (GrpcClientProtocolClient.java:onNext(255)) - client-0D308AD40832->3258574c-39ac-4ed5-9145-ea59a337c299: receive RaftClientReply:client-0D308AD40832->3258574c-39ac-4ed5-9145-ea59a337c299@group-6C7D867BDA6A, cid=617, SUCCESS, logIndex=888, commits[3258574c-39ac-4ed5-9145-ea59a337c299:c889]
2019-09-02 06:30:02,036 [grpc-default-executor-0] INFO  client.GrpcClientProtocolClient (GrpcClientProtocolClient.java:onNext(255)) - client-0D308AD40832->3258574c-39ac-4ed5-9145-ea59a337c299: receive RaftClientReply:client-0D308AD40832->3258574c-39ac-4ed5-9145-ea59a337c299@group-6C7D867BDA6A, cid=618, SUCCESS, logIndex=889, commits[3258574c-39ac-4ed5-9145-ea59a337c299:c889]
2019-09-02 06:30:02,047 [SCMBlockDeletingService#0] DEBUG block.SCMBlockDeletingService (SCMBlockDeletingService.java:call(138)) - Running DeletedBlockTransactionScanner
2019-09-02 06:30:02,048 [SCMBlockDeletingService#0] DEBUG block.SCMBlockDeletingService (SCMBlockDeletingService.java:call(155)) - Scanned deleted blocks log and got 0 delTX to process.
2019-09-02 06:30:02,136 [grpc-default-executor-1] INFO  client.GrpcClientProtocolClient (GrpcClientProtocolClient.java:onNext(255)) - client-0D308AD40832->3258574c-39ac-4ed5-9145-ea59a337c299: receive RaftClientReply:client-0D308AD40832->3258574c-39ac-4ed5-9145-ea59a337c299@group-6C7D867BDA6A, cid=619, SUCCESS, logIndex=891, commits[3258574c-39ac-4ed5-9145-ea59a337c299:c893]
2019-09-02 06:30:02,136 [grpc-default-executor-1] INFO  client.GrpcClientProtocolClient (GrpcClientProtocolClient.java:onNext(255)) - client-0D308AD40832->3258574c-39ac-4ed5-9145-ea59a337c299: receive RaftClientReply:client-0D308AD40832->3258574c-39ac-4ed5-9145-ea59a337c299@group-6C7D867BDA6A, cid=620, SUCCESS, logIndex=892, commits[3258574c-39ac-4ed5-9145-ea59a337c299:c893]
2019-09-02 06:30:02,148 [SCMBlockDeletingService#0] DEBUG block.SCMBlockDeletingService (SCMBlockDeletingService.java:call(138)) - Running DeletedBlockTransactionScanner
2019-09-02 06:30:02,148 [SCMBlockDeletingService#0] DEBUG block.SCMBlockDeletingService (SCMBlockDeletingService.java:call(155)) - Scanned deleted blocks log and got 0 delTX to process.
2019-09-02 06:30:02,160 [grpc-default-executor-0] INFO  client.GrpcClientProtocolClient (GrpcClientProtocolClient.java:onNext(255)) - client-0D308AD40832->3258574c-39ac-4ed5-9145-ea59a337c299: receive RaftClientReply:client-0D308AD40832->3258574c-39ac-4ed5-9145-ea59a337c299@group-6C7D867BDA6A, cid=621, SUCCESS, logIndex=894, commits[3258574c-39ac-4ed5-9145-ea59a337c299:c897]
2019-09-02 06:30:02,160 [grpc-default-executor-0] INFO  client.GrpcClientProtocolClient (GrpcClientProtocolClient.java:onNext(255)) - client-0D308AD40832->3258574c-39ac-4ed5-9145-ea59a337c299: receive RaftClientReply:client-0D308AD40832->3258574c-39ac-4ed5-9145-ea59a337c299@group-6C7D867BDA6A, cid=622, SUCCESS, logIndex=895, commits[3258574c-39ac-4ed5-9145-ea59a337c299:c897]
2019-09-02 06:30:02,160 [grpc-default-executor-0] INFO  client.GrpcClientProtocolClient (GrpcClientProtocolClient.java:onNext(255)) - client-0D308AD40832->3258574c-39ac-4ed5-9145-ea59a337c299: receive RaftClientReply:client-0D308AD40832->3258574c-39ac-4ed5-9145-ea59a337c299@group-6C7D867BDA6A, cid=623, SUCCESS, logIndex=896, commits[3258574c-39ac-4ed5-9145-ea59a337c299:c898]
2019-09-02 06:30:02,161 [grpc-default-executor-0] INFO  client.GrpcClientProtocolClient (GrpcClientProtocolClient.java:onNext(255)) - client-0D308AD40832->3258574c-39ac-4ed5-9145-ea59a337c299: receive RaftClientReply:client-0D308AD40832->3258574c-39ac-4ed5-9145-ea59a337c299@group-6C7D867BDA6A, cid=624, SUCCESS, logIndex=897, commits[3258574c-39ac-4ed5-9145-ea59a337c299:c898]
2019-09-02 06:30:02,190 [grpc-default-executor-0] INFO  client.GrpcClientProtocolClient (GrpcClientProtocolClient.java:onNext(255)) - client-0D308AD40832->3258574c-39ac-4ed5-9145-ea59a337c299: receive RaftClientReply:client-0D308AD40832->3258574c-39ac-4ed5-9145-ea59a337c299@group-6C7D867BDA6A, cid=625, SUCCESS, logIndex=900, commits[3258574c-39ac-4ed5-9145-ea59a337c299:c903]
2019-09-02 06:30:02,191 [grpc-default-executor-0] INFO  client.GrpcClientProtocolClient (GrpcClientProtocolClient.java:onNext(255)) - client-0D308AD40832->3258574c-39ac-4ed5-9145-ea59a337c299: receive RaftClientReply:client-0D308AD40832->3258574c-39ac-4ed5-9145-ea59a337c299@group-6C7D867BDA6A, cid=626, SUCCESS, logIndex=901, commits[3258574c-39ac-4ed5-9145-ea59a337c299:c904]
2019-09-02 06:30:02,191 [grpc-default-executor-0] INFO  client.GrpcClientProtocolClient (GrpcClientProtocolClient.java:onNext(255)) - client-0D308AD40832->3258574c-39ac-4ed5-9145-ea59a337c299: receive RaftClientReply:client-0D308AD40832->3258574c-39ac-4ed5-9145-ea59a337c299@group-6C7D867BDA6A, cid=627, SUCCESS, logIndex=902, commits[3258574c-39ac-4ed5-9145-ea59a337c299:c904]
2019-09-02 06:30:02,192 [grpc-default-executor-0] INFO  client.GrpcClientProtocolClient (GrpcClientProtocolClient.java:onNext(255)) - client-0D308AD40832->3258574c-39ac-4ed5-9145-ea59a337c299: receive RaftClientReply:client-0D308AD40832->3258574c-39ac-4ed5-9145-ea59a337c299@group-6C7D867BDA6A, cid=628, SUCCESS, logIndex=903, commits[3258574c-39ac-4ed5-9145-ea59a337c299:c904]
2019-09-02 06:30:02,211 [grpc-default-executor-1] INFO  client.GrpcClientProtocolClient (GrpcClientProtocolClient.java:onNext(255)) - client-0D308AD40832->3258574c-39ac-4ed5-9145-ea59a337c299: receive RaftClientReply:client-0D308AD40832->3258574c-39ac-4ed5-9145-ea59a337c299@group-6C7D867BDA6A, cid=629, SUCCESS, logIndex=905, commits[3258574c-39ac-4ed5-9145-ea59a337c299:c906]
2019-09-02 06:30:02,212 [grpc-default-executor-1] INFO  client.GrpcClientProtocolClient (GrpcClientProtocolClient.java:onNext(255)) - client-0D308AD40832->3258574c-39ac-4ed5-9145-ea59a337c299: receive RaftClientReply:client-0D308AD40832->3258574c-39ac-4ed5-9145-ea59a337c299@group-6C7D867BDA6A, cid=630, SUCCESS, logIndex=906, commits[3258574c-39ac-4ed5-9145-ea59a337c299:c908]
2019-09-02 06:30:02,212 [grpc-default-executor-1] INFO  client.GrpcClientProtocolClient (GrpcClientProtocolClient.java:onNext(255)) - client-0D308AD40832->3258574c-39ac-4ed5-9145-ea59a337c299: receive RaftClientReply:client-0D308AD40832->3258574c-39ac-4ed5-9145-ea59a337c299@group-6C7D867BDA6A, cid=631, SUCCESS, logIndex=907, commits[3258574c-39ac-4ed5-9145-ea59a337c299:c908]
2019-09-02 06:30:02,212 [grpc-default-executor-1] INFO  client.GrpcClientProtocolClient (GrpcClientProtocolClient.java:onNext(255)) - client-0D308AD40832->3258574c-39ac-4ed5-9145-ea59a337c299: receive RaftClientReply:client-0D308AD40832->3258574c-39ac-4ed5-9145-ea59a337c299@group-6C7D867BDA6A, cid=632, SUCCESS, logIndex=908, commits[3258574c-39ac-4ed5-9145-ea59a337c299:c909]
2019-09-02 06:30:02,316 [SCMBlockDeletingService#0] DEBUG block.SCMBlockDeletingService (SCMBlockDeletingService.java:call(138)) - Running DeletedBlockTransactionScanner
2019-09-02 06:30:02,316 [SCMBlockDeletingService#0] DEBUG block.SCMBlockDeletingService (SCMBlockDeletingService.java:call(155)) - Scanned deleted blocks log and got 0 delTX to process.
2019-09-02 06:30:02,335 [grpc-default-executor-0] INFO  client.GrpcClientProtocolClient (GrpcClientProtocolClient.java:onNext(255)) - client-0D308AD40832->3258574c-39ac-4ed5-9145-ea59a337c299: receive RaftClientReply:client-0D308AD40832->3258574c-39ac-4ed5-9145-ea59a337c299@group-6C7D867BDA6A, cid=633, SUCCESS, logIndex=911, commits[3258574c-39ac-4ed5-9145-ea59a337c299:c914]
2019-09-02 06:30:02,338 [grpc-default-executor-0] INFO  client.GrpcClientProtocolClient (GrpcClientProtocolClient.java:onNext(255)) - client-0D308AD40832->3258574c-39ac-4ed5-9145-ea59a337c299: receive RaftClientReply:client-0D308AD40832->3258574c-39ac-4ed5-9145-ea59a337c299@group-6C7D867BDA6A, cid=634, SUCCESS, logIndex=912, commits[3258574c-39ac-4ed5-9145-ea59a337c299:c915]
2019-09-02 06:30:02,338 [grpc-default-executor-0] INFO  client.GrpcClientProtocolClient (GrpcClientProtocolClient.java:onNext(255)) - client-0D308AD40832->3258574c-39ac-4ed5-9145-ea59a337c299: receive RaftClientReply:client-0D308AD40832->3258574c-39ac-4ed5-9145-ea59a337c299@group-6C7D867BDA6A, cid=635, SUCCESS, logIndex=913, commits[3258574c-39ac-4ed5-9145-ea59a337c299:c916]
2019-09-02 06:30:02,339 [grpc-default-executor-0] INFO  client.GrpcClientProtocolClient (GrpcClientProtocolClient.java:onNext(255)) - client-0D308AD40832->3258574c-39ac-4ed5-9145-ea59a337c299: receive RaftClientReply:client-0D308AD40832->3258574c-39ac-4ed5-9145-ea59a337c299@group-6C7D867BDA6A, cid=636, SUCCESS, logIndex=914, commits[3258574c-39ac-4ed5-9145-ea59a337c299:c916]
2019-09-02 06:30:02,364 [grpc-default-executor-0] INFO  client.GrpcClientProtocolClient (GrpcClientProtocolClient.java:onNext(255)) - client-0D308AD40832->3258574c-39ac-4ed5-9145-ea59a337c299: receive RaftClientReply:client-0D308AD40832->3258574c-39ac-4ed5-9145-ea59a337c299@group-6C7D867BDA6A, cid=637, SUCCESS, logIndex=917, commits[3258574c-39ac-4ed5-9145-ea59a337c299:c918]
2019-09-02 06:30:02,364 [grpc-default-executor-0] INFO  client.GrpcClientProtocolClient (GrpcClientProtocolClient.java:onNext(255)) - client-0D308AD40832->3258574c-39ac-4ed5-9145-ea59a337c299: receive RaftClientReply:client-0D308AD40832->3258574c-39ac-4ed5-9145-ea59a337c299@group-6C7D867BDA6A, cid=638, SUCCESS, logIndex=918, commits[3258574c-39ac-4ed5-9145-ea59a337c299:c920]
2019-09-02 06:30:02,365 [grpc-default-executor-0] INFO  client.GrpcClientProtocolClient (GrpcClientProtocolClient.java:onNext(255)) - client-0D308AD40832->3258574c-39ac-4ed5-9145-ea59a337c299: receive RaftClientReply:client-0D308AD40832->3258574c-39ac-4ed5-9145-ea59a337c299@group-6C7D867BDA6A, cid=639, SUCCESS, logIndex=919, commits[3258574c-39ac-4ed5-9145-ea59a337c299:c920]
2019-09-02 06:30:02,365 [grpc-default-executor-0] INFO  client.GrpcClientProtocolClient (GrpcClientProtocolClient.java:onNext(255)) - client-0D308AD40832->3258574c-39ac-4ed5-9145-ea59a337c299: receive RaftClientReply:client-0D308AD40832->3258574c-39ac-4ed5-9145-ea59a337c299@group-6C7D867BDA6A, cid=640, SUCCESS, logIndex=920, commits[3258574c-39ac-4ed5-9145-ea59a337c299:c921]
2019-09-02 06:30:02,398 [grpc-default-executor-1] INFO  client.GrpcClientProtocolClient (GrpcClientProtocolClient.java:onNext(255)) - client-0D308AD40832->3258574c-39ac-4ed5-9145-ea59a337c299: receive RaftClientReply:client-0D308AD40832->3258574c-39ac-4ed5-9145-ea59a337c299@group-6C7D867BDA6A, cid=641, SUCCESS, logIndex=923, commits[3258574c-39ac-4ed5-9145-ea59a337c299:c924]
2019-09-02 06:30:02,399 [grpc-default-executor-1] INFO  client.GrpcClientProtocolClient (GrpcClientProtocolClient.java:onNext(255)) - client-0D308AD40832->3258574c-39ac-4ed5-9145-ea59a337c299: receive RaftClientReply:client-0D308AD40832->3258574c-39ac-4ed5-9145-ea59a337c299@group-6C7D867BDA6A, cid=642, SUCCESS, logIndex=924, commits[3258574c-39ac-4ed5-9145-ea59a337c299:c926]
2019-09-02 06:30:02,400 [grpc-default-executor-1] INFO  client.GrpcClientProtocolClient (GrpcClientProtocolClient.java:onNext(255)) - client-0D308AD40832->3258574c-39ac-4ed5-9145-ea59a337c299: receive RaftClientReply:client-0D308AD40832->3258574c-39ac-4ed5-9145-ea59a337c299@group-6C7D867BDA6A, cid=643, SUCCESS, logIndex=925, commits[3258574c-39ac-4ed5-9145-ea59a337c299:c927]
2019-09-02 06:30:02,400 [grpc-default-executor-1] INFO  client.GrpcClientProtocolClient (GrpcClientProtocolClient.java:onNext(255)) - client-0D308AD40832->3258574c-39ac-4ed5-9145-ea59a337c299: receive RaftClientReply:client-0D308AD40832->3258574c-39ac-4ed5-9145-ea59a337c299@group-6C7D867BDA6A, cid=644, SUCCESS, logIndex=926, commits[3258574c-39ac-4ed5-9145-ea59a337c299:c928]
2019-09-02 06:30:02,416 [SCMBlockDeletingService#1] DEBUG block.SCMBlockDeletingService (SCMBlockDeletingService.java:call(138)) - Running DeletedBlockTransactionScanner
2019-09-02 06:30:02,417 [SCMBlockDeletingService#1] DEBUG block.SCMBlockDeletingService (SCMBlockDeletingService.java:call(155)) - Scanned deleted blocks log and got 0 delTX to process.
2019-09-02 06:30:02,429 [grpc-default-executor-0] INFO  client.GrpcClientProtocolClient (GrpcClientProtocolClient.java:onNext(255)) - client-0D308AD40832->3258574c-39ac-4ed5-9145-ea59a337c299: receive RaftClientReply:client-0D308AD40832->3258574c-39ac-4ed5-9145-ea59a337c299@group-6C7D867BDA6A, cid=645, SUCCESS, logIndex=929, commits[3258574c-39ac-4ed5-9145-ea59a337c299:c930]
2019-09-02 06:30:02,430 [grpc-default-executor-0] INFO  client.GrpcClientProtocolClient (GrpcClientProtocolClient.java:onNext(255)) - client-0D308AD40832->3258574c-39ac-4ed5-9145-ea59a337c299: receive RaftClientReply:client-0D308AD40832->3258574c-39ac-4ed5-9145-ea59a337c299@group-6C7D867BDA6A, cid=646, SUCCESS, logIndex=930, commits[3258574c-39ac-4ed5-9145-ea59a337c299:c933]
2019-09-02 06:30:02,430 [grpc-default-executor-0] INFO  client.GrpcClientProtocolClient (GrpcClientProtocolClient.java:onNext(255)) - client-0D308AD40832->3258574c-39ac-4ed5-9145-ea59a337c299: receive RaftClientReply:client-0D308AD40832->3258574c-39ac-4ed5-9145-ea59a337c299@group-6C7D867BDA6A, cid=647, SUCCESS, logIndex=931, commits[3258574c-39ac-4ed5-9145-ea59a337c299:c934]
2019-09-02 06:30:02,431 [grpc-default-executor-0] INFO  client.GrpcClientProtocolClient (GrpcClientProtocolClient.java:onNext(255)) - client-0D308AD40832->3258574c-39ac-4ed5-9145-ea59a337c299: receive RaftClientReply:client-0D308AD40832->3258574c-39ac-4ed5-9145-ea59a337c299@group-6C7D867BDA6A, cid=648, SUCCESS, logIndex=932, commits[3258574c-39ac-4ed5-9145-ea59a337c299:c934]
2019-09-02 06:30:02,458 [grpc-default-executor-0] INFO  client.GrpcClientProtocolClient (GrpcClientProtocolClient.java:onNext(255)) - client-0D308AD40832->3258574c-39ac-4ed5-9145-ea59a337c299: receive RaftClientReply:client-0D308AD40832->3258574c-39ac-4ed5-9145-ea59a337c299@group-6C7D867BDA6A, cid=649, SUCCESS, logIndex=935, commits[3258574c-39ac-4ed5-9145-ea59a337c299:c936]
2019-09-02 06:30:02,459 [grpc-default-executor-0] INFO  client.GrpcClientProtocolClient (GrpcClientProtocolClient.java:onNext(255)) - client-0D308AD40832->3258574c-39ac-4ed5-9145-ea59a337c299: receive RaftClientReply:client-0D308AD40832->3258574c-39ac-4ed5-9145-ea59a337c299@group-6C7D867BDA6A, cid=650, SUCCESS, logIndex=936, commits[3258574c-39ac-4ed5-9145-ea59a337c299:c938]
2019-09-02 06:30:02,460 [grpc-default-executor-0] INFO  client.GrpcClientProtocolClient (GrpcClientProtocolClient.java:onNext(255)) - client-0D308AD40832->3258574c-39ac-4ed5-9145-ea59a337c299: receive RaftClientReply:client-0D308AD40832->3258574c-39ac-4ed5-9145-ea59a337c299@group-6C7D867BDA6A, cid=651, SUCCESS, logIndex=937, commits[3258574c-39ac-4ed5-9145-ea59a337c299:c938]
2019-09-02 06:30:02,460 [grpc-default-executor-0] INFO  client.GrpcClientProtocolClient (GrpcClientProtocolClient.java:onNext(255)) - client-0D308AD40832->3258574c-39ac-4ed5-9145-ea59a337c299: receive RaftClientReply:client-0D308AD40832->3258574c-39ac-4ed5-9145-ea59a337c299@group-6C7D867BDA6A, cid=652, SUCCESS, logIndex=938, commits[3258574c-39ac-4ed5-9145-ea59a337c299:c939]
2019-09-02 06:30:02,478 [grpc-default-executor-0] INFO  client.GrpcClientProtocolClient (GrpcClientProtocolClient.java:onNext(255)) - client-0D308AD40832->3258574c-39ac-4ed5-9145-ea59a337c299: receive RaftClientReply:client-0D308AD40832->3258574c-39ac-4ed5-9145-ea59a337c299@group-6C7D867BDA6A, cid=653, SUCCESS, logIndex=941, commits[3258574c-39ac-4ed5-9145-ea59a337c299:c942]
2019-09-02 06:30:02,478 [grpc-default-executor-0] INFO  client.GrpcClientProtocolClient (GrpcClientProtocolClient.java:onNext(255)) - client-0D308AD40832->3258574c-39ac-4ed5-9145-ea59a337c299: receive RaftClientReply:client-0D308AD40832->3258574c-39ac-4ed5-9145-ea59a337c299@group-6C7D867BDA6A, cid=654, SUCCESS, logIndex=942, commits[3258574c-39ac-4ed5-9145-ea59a337c299:c942]
2019-09-02 06:30:02,480 [grpc-default-executor-0] INFO  client.GrpcClientProtocolClient (GrpcClientProtocolClient.java:onNext(255)) - client-0D308AD40832->3258574c-39ac-4ed5-9145-ea59a337c299: receive RaftClientReply:client-0D308AD40832->3258574c-39ac-4ed5-9145-ea59a337c299@group-6C7D867BDA6A, cid=655, SUCCESS, logIndex=943, commits[3258574c-39ac-4ed5-9145-ea59a337c299:c944]
2019-09-02 06:30:02,480 [grpc-default-executor-0] INFO  client.GrpcClientProtocolClient (GrpcClientProtocolClient.java:onNext(255)) - client-0D308AD40832->3258574c-39ac-4ed5-9145-ea59a337c299: receive RaftClientReply:client-0D308AD40832->3258574c-39ac-4ed5-9145-ea59a337c299@group-6C7D867BDA6A, cid=656, SUCCESS, logIndex=944, commits[3258574c-39ac-4ed5-9145-ea59a337c299:c944]
2019-09-02 06:30:02,508 [grpc-default-executor-0] INFO  client.GrpcClientProtocolClient (GrpcClientProtocolClient.java:onNext(255)) - client-0D308AD40832->3258574c-39ac-4ed5-9145-ea59a337c299: receive RaftClientReply:client-0D308AD40832->3258574c-39ac-4ed5-9145-ea59a337c299@group-6C7D867BDA6A, cid=657, SUCCESS, logIndex=947, commits[3258574c-39ac-4ed5-9145-ea59a337c299:c948]
2019-09-02 06:30:02,509 [grpc-default-executor-0] INFO  client.GrpcClientProtocolClient (GrpcClientProtocolClient.java:onNext(255)) - client-0D308AD40832->3258574c-39ac-4ed5-9145-ea59a337c299: receive RaftClientReply:client-0D308AD40832->3258574c-39ac-4ed5-9145-ea59a337c299@group-6C7D867BDA6A, cid=658, SUCCESS, logIndex=948, commits[3258574c-39ac-4ed5-9145-ea59a337c299:c951]
2019-09-02 06:30:02,509 [grpc-default-executor-0] INFO  client.GrpcClientProtocolClient (GrpcClientProtocolClient.java:onNext(255)) - client-0D308AD40832->3258574c-39ac-4ed5-9145-ea59a337c299: receive RaftClientReply:client-0D308AD40832->3258574c-39ac-4ed5-9145-ea59a337c299@group-6C7D867BDA6A, cid=659, SUCCESS, logIndex=949, commits[3258574c-39ac-4ed5-9145-ea59a337c299:c951]
2019-09-02 06:30:02,509 [grpc-default-executor-0] INFO  client.GrpcClientProtocolClient (GrpcClientProtocolClient.java:onNext(255)) - client-0D308AD40832->3258574c-39ac-4ed5-9145-ea59a337c299: receive RaftClientReply:client-0D308AD40832->3258574c-39ac-4ed5-9145-ea59a337c299@group-6C7D867BDA6A, cid=660, SUCCESS, logIndex=950, commits[3258574c-39ac-4ed5-9145-ea59a337c299:c952]
2019-09-02 06:30:02,517 [SCMBlockDeletingService#1] DEBUG block.SCMBlockDeletingService (SCMBlockDeletingService.java:call(138)) - Running DeletedBlockTransactionScanner
2019-09-02 06:30:02,519 [SCMBlockDeletingService#1] DEBUG block.SCMBlockDeletingService (SCMBlockDeletingService.java:call(155)) - Scanned deleted blocks log and got 0 delTX to process.
2019-09-02 06:30:02,528 [grpc-default-executor-0] INFO  client.GrpcClientProtocolClient (GrpcClientProtocolClient.java:onNext(255)) - client-0D308AD40832->3258574c-39ac-4ed5-9145-ea59a337c299: receive RaftClientReply:client-0D308AD40832->3258574c-39ac-4ed5-9145-ea59a337c299@group-6C7D867BDA6A, cid=661, SUCCESS, logIndex=953, commits[3258574c-39ac-4ed5-9145-ea59a337c299:c954]
2019-09-02 06:30:02,529 [grpc-default-executor-0] INFO  client.GrpcClientProtocolClient (GrpcClientProtocolClient.java:onNext(255)) - client-0D308AD40832->3258574c-39ac-4ed5-9145-ea59a337c299: receive RaftClientReply:client-0D308AD40832->3258574c-39ac-4ed5-9145-ea59a337c299@group-6C7D867BDA6A, cid=662, SUCCESS, logIndex=954, commits[3258574c-39ac-4ed5-9145-ea59a337c299:c954]
2019-09-02 06:30:02,619 [SCMBlockDeletingService#1] DEBUG block.SCMBlockDeletingService (SCMBlockDeletingService.java:call(138)) - Running DeletedBlockTransactionScanner
2019-09-02 06:30:02,620 [SCMBlockDeletingService#1] DEBUG block.SCMBlockDeletingService (SCMBlockDeletingService.java:call(155)) - Scanned deleted blocks log and got 0 delTX to process.
2019-09-02 06:30:02,628 [grpc-default-executor-1] INFO  client.GrpcClientProtocolClient (GrpcClientProtocolClient.java:onNext(255)) - client-0D308AD40832->3258574c-39ac-4ed5-9145-ea59a337c299: receive RaftClientReply:client-0D308AD40832->3258574c-39ac-4ed5-9145-ea59a337c299@group-6C7D867BDA6A, cid=663, SUCCESS, logIndex=956, commits[3258574c-39ac-4ed5-9145-ea59a337c299:c957]
2019-09-02 06:30:02,629 [grpc-default-executor-1] INFO  client.GrpcClientProtocolClient (GrpcClientProtocolClient.java:onNext(255)) - client-0D308AD40832->3258574c-39ac-4ed5-9145-ea59a337c299: receive RaftClientReply:client-0D308AD40832->3258574c-39ac-4ed5-9145-ea59a337c299@group-6C7D867BDA6A, cid=664, SUCCESS, logIndex=957, commits[3258574c-39ac-4ed5-9145-ea59a337c299:c958]
2019-09-02 06:30:02,657 [grpc-default-executor-1] INFO  client.GrpcClientProtocolClient (GrpcClientProtocolClient.java:onNext(255)) - client-0D308AD40832->3258574c-39ac-4ed5-9145-ea59a337c299: receive RaftClientReply:client-0D308AD40832->3258574c-39ac-4ed5-9145-ea59a337c299@group-6C7D867BDA6A, cid=665, SUCCESS, logIndex=959, commits[3258574c-39ac-4ed5-9145-ea59a337c299:c960]
2019-09-02 06:30:02,657 [grpc-default-executor-1] INFO  client.GrpcClientProtocolClient (GrpcClientProtocolClient.java:onNext(255)) - client-0D308AD40832->3258574c-39ac-4ed5-9145-ea59a337c299: receive RaftClientReply:client-0D308AD40832->3258574c-39ac-4ed5-9145-ea59a337c299@group-6C7D867BDA6A, cid=666, SUCCESS, logIndex=960, commits[3258574c-39ac-4ed5-9145-ea59a337c299:c960]
2019-09-02 06:30:02,658 [grpc-default-executor-1] INFO  client.GrpcClientProtocolClient (GrpcClientProtocolClient.java:onNext(255)) - client-0D308AD40832->3258574c-39ac-4ed5-9145-ea59a337c299: receive RaftClientReply:client-0D308AD40832->3258574c-39ac-4ed5-9145-ea59a337c299@group-6C7D867BDA6A, cid=667, SUCCESS, logIndex=961, commits[3258574c-39ac-4ed5-9145-ea59a337c299:c962]
2019-09-02 06:30:02,658 [grpc-default-executor-1] INFO  client.GrpcClientProtocolClient (GrpcClientProtocolClient.java:onNext(255)) - client-0D308AD40832->3258574c-39ac-4ed5-9145-ea59a337c299: receive RaftClientReply:client-0D308AD40832->3258574c-39ac-4ed5-9145-ea59a337c299@group-6C7D867BDA6A, cid=668, SUCCESS, logIndex=962, commits[3258574c-39ac-4ed5-9145-ea59a337c299:c963]
2019-09-02 06:30:02,676 [grpc-default-executor-1] INFO  client.GrpcClientProtocolClient (GrpcClientProtocolClient.java:onNext(255)) - client-0D308AD40832->3258574c-39ac-4ed5-9145-ea59a337c299: receive RaftClientReply:client-0D308AD40832->3258574c-39ac-4ed5-9145-ea59a337c299@group-6C7D867BDA6A, cid=669, SUCCESS, logIndex=965, commits[3258574c-39ac-4ed5-9145-ea59a337c299:c966]
2019-09-02 06:30:02,676 [grpc-default-executor-1] INFO  client.GrpcClientProtocolClient (GrpcClientProtocolClient.java:onNext(255)) - client-0D308AD40832->3258574c-39ac-4ed5-9145-ea59a337c299: receive RaftClientReply:client-0D308AD40832->3258574c-39ac-4ed5-9145-ea59a337c299@group-6C7D867BDA6A, cid=670, SUCCESS, logIndex=966, commits[3258574c-39ac-4ed5-9145-ea59a337c299:c966]
2019-09-02 06:30:02,679 [grpc-default-executor-1] INFO  client.GrpcClientProtocolClient (GrpcClientProtocolClient.java:onNext(255)) - client-0D308AD40832->3258574c-39ac-4ed5-9145-ea59a337c299: receive RaftClientReply:client-0D308AD40832->3258574c-39ac-4ed5-9145-ea59a337c299@group-6C7D867BDA6A, cid=671, SUCCESS, logIndex=967, commits[3258574c-39ac-4ed5-9145-ea59a337c299:c968]
2019-09-02 06:30:02,680 [grpc-default-executor-1] INFO  client.GrpcClientProtocolClient (GrpcClientProtocolClient.java:onNext(255)) - client-0D308AD40832->3258574c-39ac-4ed5-9145-ea59a337c299: receive RaftClientReply:client-0D308AD40832->3258574c-39ac-4ed5-9145-ea59a337c299@group-6C7D867BDA6A, cid=672, SUCCESS, logIndex=968, commits[3258574c-39ac-4ed5-9145-ea59a337c299:c969]
2019-09-02 06:30:02,710 [grpc-default-executor-0] INFO  client.GrpcClientProtocolClient (GrpcClientProtocolClient.java:onNext(255)) - client-0D308AD40832->3258574c-39ac-4ed5-9145-ea59a337c299: receive RaftClientReply:client-0D308AD40832->3258574c-39ac-4ed5-9145-ea59a337c299@group-6C7D867BDA6A, cid=673, SUCCESS, logIndex=971, commits[3258574c-39ac-4ed5-9145-ea59a337c299:c974]
2019-09-02 06:30:02,711 [grpc-default-executor-0] INFO  client.GrpcClientProtocolClient (GrpcClientProtocolClient.java:onNext(255)) - client-0D308AD40832->3258574c-39ac-4ed5-9145-ea59a337c299: receive RaftClientReply:client-0D308AD40832->3258574c-39ac-4ed5-9145-ea59a337c299@group-6C7D867BDA6A, cid=674, SUCCESS, logIndex=972, commits[3258574c-39ac-4ed5-9145-ea59a337c299:c975]
2019-09-02 06:30:02,711 [grpc-default-executor-0] INFO  client.GrpcClientProtocolClient (GrpcClientProtocolClient.java:onNext(255)) - client-0D308AD40832->3258574c-39ac-4ed5-9145-ea59a337c299: receive RaftClientReply:client-0D308AD40832->3258574c-39ac-4ed5-9145-ea59a337c299@group-6C7D867BDA6A, cid=675, SUCCESS, logIndex=973, commits[3258574c-39ac-4ed5-9145-ea59a337c299:c976]
2019-09-02 06:30:02,712 [grpc-default-executor-0] INFO  client.GrpcClientProtocolClient (GrpcClientProtocolClient.java:onNext(255)) - client-0D308AD40832->3258574c-39ac-4ed5-9145-ea59a337c299: receive RaftClientReply:client-0D308AD40832->3258574c-39ac-4ed5-9145-ea59a337c299@group-6C7D867BDA6A, cid=676, SUCCESS, logIndex=974, commits[3258574c-39ac-4ed5-9145-ea59a337c299:c976]
2019-09-02 06:30:02,720 [SCMBlockDeletingService#1] DEBUG block.SCMBlockDeletingService (SCMBlockDeletingService.java:call(138)) - Running DeletedBlockTransactionScanner
2019-09-02 06:30:02,720 [SCMBlockDeletingService#1] DEBUG block.SCMBlockDeletingService (SCMBlockDeletingService.java:call(155)) - Scanned deleted blocks log and got 0 delTX to process.
2019-09-02 06:30:02,736 [grpc-default-executor-0] INFO  client.GrpcClientProtocolClient (GrpcClientProtocolClient.java:onNext(255)) - client-0D308AD40832->3258574c-39ac-4ed5-9145-ea59a337c299: receive RaftClientReply:client-0D308AD40832->3258574c-39ac-4ed5-9145-ea59a337c299@group-6C7D867BDA6A, cid=677, SUCCESS, logIndex=977, commits[3258574c-39ac-4ed5-9145-ea59a337c299:c978]
2019-09-02 06:30:02,736 [grpc-default-executor-0] INFO  client.GrpcClientProtocolClient (GrpcClientProtocolClient.java:onNext(255)) - client-0D308AD40832->3258574c-39ac-4ed5-9145-ea59a337c299: receive RaftClientReply:client-0D308AD40832->3258574c-39ac-4ed5-9145-ea59a337c299@group-6C7D867BDA6A, cid=678, SUCCESS, logIndex=978, commits[3258574c-39ac-4ed5-9145-ea59a337c299:c980]
2019-09-02 06:30:02,737 [grpc-default-executor-0] INFO  client.GrpcClientProtocolClient (GrpcClientProtocolClient.java:onNext(255)) - client-0D308AD40832->3258574c-39ac-4ed5-9145-ea59a337c299: receive RaftClientReply:client-0D308AD40832->3258574c-39ac-4ed5-9145-ea59a337c299@group-6C7D867BDA6A, cid=679, SUCCESS, logIndex=979, commits[3258574c-39ac-4ed5-9145-ea59a337c299:c981]
2019-09-02 06:30:02,737 [grpc-default-executor-0] INFO  client.GrpcClientProtocolClient (GrpcClientProtocolClient.java:onNext(255)) - client-0D308AD40832->3258574c-39ac-4ed5-9145-ea59a337c299: receive RaftClientReply:client-0D308AD40832->3258574c-39ac-4ed5-9145-ea59a337c299@group-6C7D867BDA6A, cid=680, SUCCESS, logIndex=980, commits[3258574c-39ac-4ed5-9145-ea59a337c299:c982]
2019-09-02 06:30:02,766 [grpc-default-executor-1] INFO  client.GrpcClientProtocolClient (GrpcClientProtocolClient.java:onNext(255)) - client-0D308AD40832->3258574c-39ac-4ed5-9145-ea59a337c299: receive RaftClientReply:client-0D308AD40832->3258574c-39ac-4ed5-9145-ea59a337c299@group-6C7D867BDA6A, cid=681, SUCCESS, logIndex=983, commits[3258574c-39ac-4ed5-9145-ea59a337c299:c984]
2019-09-02 06:30:02,767 [grpc-default-executor-1] INFO  client.GrpcClientProtocolClient (GrpcClientProtocolClient.java:onNext(255)) - client-0D308AD40832->3258574c-39ac-4ed5-9145-ea59a337c299: receive RaftClientReply:client-0D308AD40832->3258574c-39ac-4ed5-9145-ea59a337c299@group-6C7D867BDA6A, cid=682, SUCCESS, logIndex=984, commits[3258574c-39ac-4ed5-9145-ea59a337c299:c986]
2019-09-02 06:30:02,767 [grpc-default-executor-1] INFO  client.GrpcClientProtocolClient (GrpcClientProtocolClient.java:onNext(255)) - client-0D308AD40832->3258574c-39ac-4ed5-9145-ea59a337c299: receive RaftClientReply:client-0D308AD40832->3258574c-39ac-4ed5-9145-ea59a337c299@group-6C7D867BDA6A, cid=683, SUCCESS, logIndex=985, commits[3258574c-39ac-4ed5-9145-ea59a337c299:c987]
2019-09-02 06:30:02,767 [grpc-default-executor-1] INFO  client.GrpcClientProtocolClient (GrpcClientProtocolClient.java:onNext(255)) - client-0D308AD40832->3258574c-39ac-4ed5-9145-ea59a337c299: receive RaftClientReply:client-0D308AD40832->3258574c-39ac-4ed5-9145-ea59a337c299@group-6C7D867BDA6A, cid=684, SUCCESS, logIndex=986, commits[3258574c-39ac-4ed5-9145-ea59a337c299:c988]
2019-09-02 06:30:02,788 [grpc-default-executor-1] INFO  client.GrpcClientProtocolClient (GrpcClientProtocolClient.java:onNext(255)) - client-0D308AD40832->3258574c-39ac-4ed5-9145-ea59a337c299: receive RaftClientReply:client-0D308AD40832->3258574c-39ac-4ed5-9145-ea59a337c299@group-6C7D867BDA6A, cid=685, SUCCESS, logIndex=989, commits[3258574c-39ac-4ed5-9145-ea59a337c299:c990]
2019-09-02 06:30:02,788 [grpc-default-executor-1] INFO  client.GrpcClientProtocolClient (GrpcClientProtocolClient.java:onNext(255)) - client-0D308AD40832->3258574c-39ac-4ed5-9145-ea59a337c299: receive RaftClientReply:client-0D308AD40832->3258574c-39ac-4ed5-9145-ea59a337c299@group-6C7D867BDA6A, cid=686, SUCCESS, logIndex=990, commits[3258574c-39ac-4ed5-9145-ea59a337c299:c992]
2019-09-02 06:30:02,789 [grpc-default-executor-1] INFO  client.GrpcClientProtocolClient (GrpcClientProtocolClient.java:onNext(255)) - client-0D308AD40832->3258574c-39ac-4ed5-9145-ea59a337c299: receive RaftClientReply:client-0D308AD40832->3258574c-39ac-4ed5-9145-ea59a337c299@group-6C7D867BDA6A, cid=687, SUCCESS, logIndex=991, commits[3258574c-39ac-4ed5-9145-ea59a337c299:c993]
2019-09-02 06:30:02,789 [grpc-default-executor-1] INFO  client.GrpcClientProtocolClient (GrpcClientProtocolClient.java:onNext(255)) - client-0D308AD40832->3258574c-39ac-4ed5-9145-ea59a337c299: receive RaftClientReply:client-0D308AD40832->3258574c-39ac-4ed5-9145-ea59a337c299@group-6C7D867BDA6A, cid=688, SUCCESS, logIndex=992, commits[3258574c-39ac-4ed5-9145-ea59a337c299:c993]
2019-09-02 06:30:02,816 [grpc-default-executor-0] INFO  client.GrpcClientProtocolClient (GrpcClientProtocolClient.java:onNext(255)) - client-0D308AD40832->3258574c-39ac-4ed5-9145-ea59a337c299: receive RaftClientReply:client-0D308AD40832->3258574c-39ac-4ed5-9145-ea59a337c299@group-6C7D867BDA6A, cid=689, SUCCESS, logIndex=995, commits[3258574c-39ac-4ed5-9145-ea59a337c299:c996]
2019-09-02 06:30:02,816 [grpc-default-executor-0] INFO  client.GrpcClientProtocolClient (GrpcClientProtocolClient.java:onNext(255)) - client-0D308AD40832->3258574c-39ac-4ed5-9145-ea59a337c299: receive RaftClientReply:client-0D308AD40832->3258574c-39ac-4ed5-9145-ea59a337c299@group-6C7D867BDA6A, cid=690, SUCCESS, logIndex=996, commits[3258574c-39ac-4ed5-9145-ea59a337c299:c998]
2019-09-02 06:30:02,817 [grpc-default-executor-0] INFO  client.GrpcClientProtocolClient (GrpcClientProtocolClient.java:onNext(255)) - client-0D308AD40832->3258574c-39ac-4ed5-9145-ea59a337c299: receive RaftClientReply:client-0D308AD40832->3258574c-39ac-4ed5-9145-ea59a337c299@group-6C7D867BDA6A, cid=691, SUCCESS, logIndex=997, commits[3258574c-39ac-4ed5-9145-ea59a337c299:c999]
2019-09-02 06:30:02,817 [grpc-default-executor-0] INFO  client.GrpcClientProtocolClient (GrpcClientProtocolClient.java:onNext(255)) - client-0D308AD40832->3258574c-39ac-4ed5-9145-ea59a337c299: receive RaftClientReply:client-0D308AD40832->3258574c-39ac-4ed5-9145-ea59a337c299@group-6C7D867BDA6A, cid=692, SUCCESS, logIndex=998, commits[3258574c-39ac-4ed5-9145-ea59a337c299:c1000]
2019-09-02 06:30:02,820 [SCMBlockDeletingService#1] DEBUG block.SCMBlockDeletingService (SCMBlockDeletingService.java:call(138)) - Running DeletedBlockTransactionScanner
2019-09-02 06:30:02,820 [SCMBlockDeletingService#1] DEBUG block.SCMBlockDeletingService (SCMBlockDeletingService.java:call(155)) - Scanned deleted blocks log and got 0 delTX to process.
2019-09-02 06:30:02,838 [grpc-default-executor-0] INFO  client.GrpcClientProtocolClient (GrpcClientProtocolClient.java:onNext(255)) - client-0D308AD40832->3258574c-39ac-4ed5-9145-ea59a337c299: receive RaftClientReply:client-0D308AD40832->3258574c-39ac-4ed5-9145-ea59a337c299@group-6C7D867BDA6A, cid=693, SUCCESS, logIndex=1001, commits[3258574c-39ac-4ed5-9145-ea59a337c299:c1002]
2019-09-02 06:30:02,838 [grpc-default-executor-0] INFO  client.GrpcClientProtocolClient (GrpcClientProtocolClient.java:onNext(255)) - client-0D308AD40832->3258574c-39ac-4ed5-9145-ea59a337c299: receive RaftClientReply:client-0D308AD40832->3258574c-39ac-4ed5-9145-ea59a337c299@group-6C7D867BDA6A, cid=694, SUCCESS, logIndex=1002, commits[3258574c-39ac-4ed5-9145-ea59a337c299:c1002]
2019-09-02 06:30:02,839 [grpc-default-executor-0] INFO  client.GrpcClientProtocolClient (GrpcClientProtocolClient.java:onNext(255)) - client-0D308AD40832->3258574c-39ac-4ed5-9145-ea59a337c299: receive RaftClientReply:client-0D308AD40832->3258574c-39ac-4ed5-9145-ea59a337c299@group-6C7D867BDA6A, cid=695, SUCCESS, logIndex=1003, commits[3258574c-39ac-4ed5-9145-ea59a337c299:c1005]
2019-09-02 06:30:02,839 [grpc-default-executor-0] INFO  client.GrpcClientProtocolClient (GrpcClientProtocolClient.java:onNext(255)) - client-0D308AD40832->3258574c-39ac-4ed5-9145-ea59a337c299: receive RaftClientReply:client-0D308AD40832->3258574c-39ac-4ed5-9145-ea59a337c299@group-6C7D867BDA6A, cid=696, SUCCESS, logIndex=1004, commits[3258574c-39ac-4ed5-9145-ea59a337c299:c1005]
2019-09-02 06:30:02,867 [grpc-default-executor-1] INFO  client.GrpcClientProtocolClient (GrpcClientProtocolClient.java:onNext(255)) - client-0D308AD40832->3258574c-39ac-4ed5-9145-ea59a337c299: receive RaftClientReply:client-0D308AD40832->3258574c-39ac-4ed5-9145-ea59a337c299@group-6C7D867BDA6A, cid=697, SUCCESS, logIndex=1007, commits[3258574c-39ac-4ed5-9145-ea59a337c299:c1010]
2019-09-02 06:30:02,867 [grpc-default-executor-1] INFO  client.GrpcClientProtocolClient (GrpcClientProtocolClient.java:onNext(255)) - client-0D308AD40832->3258574c-39ac-4ed5-9145-ea59a337c299: receive RaftClientReply:client-0D308AD40832->3258574c-39ac-4ed5-9145-ea59a337c299@group-6C7D867BDA6A, cid=698, SUCCESS, logIndex=1008, commits[3258574c-39ac-4ed5-9145-ea59a337c299:c1011]
2019-09-02 06:30:02,868 [grpc-default-executor-1] INFO  client.GrpcClientProtocolClient (GrpcClientProtocolClient.java:onNext(255)) - client-0D308AD40832->3258574c-39ac-4ed5-9145-ea59a337c299: receive RaftClientReply:client-0D308AD40832->3258574c-39ac-4ed5-9145-ea59a337c299@group-6C7D867BDA6A, cid=699, SUCCESS, logIndex=1009, commits[3258574c-39ac-4ed5-9145-ea59a337c299:c1011]
2019-09-02 06:30:02,868 [grpc-default-executor-1] INFO  client.GrpcClientProtocolClient (GrpcClientProtocolClient.java:onNext(255)) - client-0D308AD40832->3258574c-39ac-4ed5-9145-ea59a337c299: receive RaftClientReply:client-0D308AD40832->3258574c-39ac-4ed5-9145-ea59a337c299@group-6C7D867BDA6A, cid=700, SUCCESS, logIndex=1010, commits[3258574c-39ac-4ed5-9145-ea59a337c299:c1011]
2019-09-02 06:30:02,888 [grpc-default-executor-1] INFO  client.GrpcClientProtocolClient (GrpcClientProtocolClient.java:onNext(255)) - client-0D308AD40832->3258574c-39ac-4ed5-9145-ea59a337c299: receive RaftClientReply:client-0D308AD40832->3258574c-39ac-4ed5-9145-ea59a337c299@group-6C7D867BDA6A, cid=701, SUCCESS, logIndex=1013, commits[3258574c-39ac-4ed5-9145-ea59a337c299:c1014]
2019-09-02 06:30:02,889 [grpc-default-executor-1] INFO  client.GrpcClientProtocolClient (GrpcClientProtocolClient.java:onNext(255)) - client-0D308AD40832->3258574c-39ac-4ed5-9145-ea59a337c299: receive RaftClientReply:client-0D308AD40832->3258574c-39ac-4ed5-9145-ea59a337c299@group-6C7D867BDA6A, cid=702, SUCCESS, logIndex=1014, commits[3258574c-39ac-4ed5-9145-ea59a337c299:c1016]
2019-09-02 06:30:02,889 [grpc-default-executor-1] INFO  client.GrpcClientProtocolClient (GrpcClientProtocolClient.java:onNext(255)) - client-0D308AD40832->3258574c-39ac-4ed5-9145-ea59a337c299: receive RaftClientReply:client-0D308AD40832->3258574c-39ac-4ed5-9145-ea59a337c299@group-6C7D867BDA6A, cid=703, SUCCESS, logIndex=1015, commits[3258574c-39ac-4ed5-9145-ea59a337c299:c1016]
2019-09-02 06:30:02,890 [grpc-default-executor-1] INFO  client.GrpcClientProtocolClient (GrpcClientProtocolClient.java:onNext(255)) - client-0D308AD40832->3258574c-39ac-4ed5-9145-ea59a337c299: receive RaftClientReply:client-0D308AD40832->3258574c-39ac-4ed5-9145-ea59a337c299@group-6C7D867BDA6A, cid=704, SUCCESS, logIndex=1016, commits[3258574c-39ac-4ed5-9145-ea59a337c299:c1017]
2019-09-02 06:30:02,917 [grpc-default-executor-0] INFO  client.GrpcClientProtocolClient (GrpcClientProtocolClient.java:onNext(255)) - client-0D308AD40832->3258574c-39ac-4ed5-9145-ea59a337c299: receive RaftClientReply:client-0D308AD40832->3258574c-39ac-4ed5-9145-ea59a337c299@group-6C7D867BDA6A, cid=705, SUCCESS, logIndex=1019, commits[3258574c-39ac-4ed5-9145-ea59a337c299:c1020]
2019-09-02 06:30:02,917 [grpc-default-executor-0] INFO  client.GrpcClientProtocolClient (GrpcClientProtocolClient.java:onNext(255)) - client-0D308AD40832->3258574c-39ac-4ed5-9145-ea59a337c299: receive RaftClientReply:client-0D308AD40832->3258574c-39ac-4ed5-9145-ea59a337c299@group-6C7D867BDA6A, cid=706, SUCCESS, logIndex=1020, commits[3258574c-39ac-4ed5-9145-ea59a337c299:c1021]
2019-09-02 06:30:02,921 [SCMBlockDeletingService#1] DEBUG block.SCMBlockDeletingService (SCMBlockDeletingService.java:call(138)) - Running DeletedBlockTransactionScanner
2019-09-02 06:30:02,921 [SCMBlockDeletingService#1] DEBUG block.SCMBlockDeletingService (SCMBlockDeletingService.java:call(155)) - Scanned deleted blocks log and got 0 delTX to process.
2019-09-02 06:30:03,106 [SCMBlockDeletingService#1] DEBUG block.SCMBlockDeletingService (SCMBlockDeletingService.java:call(138)) - Running DeletedBlockTransactionScanner
2019-09-02 06:30:03,106 [SCMBlockDeletingService#1] DEBUG block.SCMBlockDeletingService (SCMBlockDeletingService.java:call(155)) - Scanned deleted blocks log and got 0 delTX to process.
2019-09-02 06:30:03,133 [grpc-default-executor-1] INFO  client.GrpcClientProtocolClient (GrpcClientProtocolClient.java:onNext(255)) - client-0D308AD40832->3258574c-39ac-4ed5-9145-ea59a337c299: receive RaftClientReply:client-0D308AD40832->3258574c-39ac-4ed5-9145-ea59a337c299@group-6C7D867BDA6A, cid=707, SUCCESS, logIndex=1022, commits[3258574c-39ac-4ed5-9145-ea59a337c299:c1023]
2019-09-02 06:30:03,134 [grpc-default-executor-1] INFO  client.GrpcClientProtocolClient (GrpcClientProtocolClient.java:onNext(255)) - client-0D308AD40832->3258574c-39ac-4ed5-9145-ea59a337c299: receive RaftClientReply:client-0D308AD40832->3258574c-39ac-4ed5-9145-ea59a337c299@group-6C7D867BDA6A, cid=708, SUCCESS, logIndex=1023, commits[3258574c-39ac-4ed5-9145-ea59a337c299:c1023]
2019-09-02 06:30:03,154 [grpc-default-executor-0] INFO  client.GrpcClientProtocolClient (GrpcClientProtocolClient.java:onNext(255)) - client-0D308AD40832->3258574c-39ac-4ed5-9145-ea59a337c299: receive RaftClientReply:client-0D308AD40832->3258574c-39ac-4ed5-9145-ea59a337c299@group-6C7D867BDA6A, cid=709, SUCCESS, logIndex=1025, commits[3258574c-39ac-4ed5-9145-ea59a337c299:c1026]
2019-09-02 06:30:03,154 [grpc-default-executor-0] INFO  client.GrpcClientProtocolClient (GrpcClientProtocolClient.java:onNext(255)) - client-0D308AD40832->3258574c-39ac-4ed5-9145-ea59a337c299: receive RaftClientReply:client-0D308AD40832->3258574c-39ac-4ed5-9145-ea59a337c299@group-6C7D867BDA6A, cid=710, SUCCESS, logIndex=1026, commits[3258574c-39ac-4ed5-9145-ea59a337c299:c1028]
2019-09-02 06:30:03,154 [grpc-default-executor-0] INFO  client.GrpcClientProtocolClient (GrpcClientProtocolClient.java:onNext(255)) - client-0D308AD40832->3258574c-39ac-4ed5-9145-ea59a337c299: receive RaftClientReply:client-0D308AD40832->3258574c-39ac-4ed5-9145-ea59a337c299@group-6C7D867BDA6A, cid=711, SUCCESS, logIndex=1027, commits[3258574c-39ac-4ed5-9145-ea59a337c299:c1029]
2019-09-02 06:30:03,155 [grpc-default-executor-0] INFO  client.GrpcClientProtocolClient (GrpcClientProtocolClient.java:onNext(255)) - client-0D308AD40832->3258574c-39ac-4ed5-9145-ea59a337c299: receive RaftClientReply:client-0D308AD40832->3258574c-39ac-4ed5-9145-ea59a337c299@group-6C7D867BDA6A, cid=712, SUCCESS, logIndex=1028, commits[3258574c-39ac-4ed5-9145-ea59a337c299:c1030]
2019-09-02 06:30:03,183 [grpc-default-executor-0] INFO  client.GrpcClientProtocolClient (GrpcClientProtocolClient.java:onNext(255)) - client-0D308AD40832->3258574c-39ac-4ed5-9145-ea59a337c299: receive RaftClientReply:client-0D308AD40832->3258574c-39ac-4ed5-9145-ea59a337c299@group-6C7D867BDA6A, cid=713, SUCCESS, logIndex=1031, commits[3258574c-39ac-4ed5-9145-ea59a337c299:c1035]
2019-09-02 06:30:03,184 [grpc-default-executor-0] INFO  client.GrpcClientProtocolClient (GrpcClientProtocolClient.java:onNext(255)) - client-0D308AD40832->3258574c-39ac-4ed5-9145-ea59a337c299: receive RaftClientReply:client-0D308AD40832->3258574c-39ac-4ed5-9145-ea59a337c299@group-6C7D867BDA6A, cid=714, SUCCESS, logIndex=1032, commits[3258574c-39ac-4ed5-9145-ea59a337c299:c1035]
2019-09-02 06:30:03,184 [grpc-default-executor-0] INFO  client.GrpcClientProtocolClient (GrpcClientProtocolClient.java:onNext(255)) - client-0D308AD40832->3258574c-39ac-4ed5-9145-ea59a337c299: receive RaftClientReply:client-0D308AD40832->3258574c-39ac-4ed5-9145-ea59a337c299@group-6C7D867BDA6A, cid=715, SUCCESS, logIndex=1033, commits[3258574c-39ac-4ed5-9145-ea59a337c299:c1035]
2019-09-02 06:30:03,185 [grpc-default-executor-0] INFO  client.GrpcClientProtocolClient (GrpcClientProtocolClient.java:onNext(255)) - client-0D308AD40832->3258574c-39ac-4ed5-9145-ea59a337c299: receive RaftClientReply:client-0D308AD40832->3258574c-39ac-4ed5-9145-ea59a337c299@group-6C7D867BDA6A, cid=716, SUCCESS, logIndex=1034, commits[3258574c-39ac-4ed5-9145-ea59a337c299:c1035]
2019-09-02 06:30:03,203 [grpc-default-executor-1] INFO  client.GrpcClientProtocolClient (GrpcClientProtocolClient.java:onNext(255)) - client-0D308AD40832->3258574c-39ac-4ed5-9145-ea59a337c299: receive RaftClientReply:client-0D308AD40832->3258574c-39ac-4ed5-9145-ea59a337c299@group-6C7D867BDA6A, cid=717, SUCCESS, logIndex=1036, commits[3258574c-39ac-4ed5-9145-ea59a337c299:c1037]
2019-09-02 06:30:03,203 [grpc-default-executor-1] INFO  client.GrpcClientProtocolClient (GrpcClientProtocolClient.java:onNext(255)) - client-0D308AD40832->3258574c-39ac-4ed5-9145-ea59a337c299: receive RaftClientReply:client-0D308AD40832->3258574c-39ac-4ed5-9145-ea59a337c299@group-6C7D867BDA6A, cid=718, SUCCESS, logIndex=1037, commits[3258574c-39ac-4ed5-9145-ea59a337c299:c1037]
2019-09-02 06:30:03,205 [grpc-default-executor-1] INFO  client.GrpcClientProtocolClient (GrpcClientProtocolClient.java:onNext(255)) - client-0D308AD40832->3258574c-39ac-4ed5-9145-ea59a337c299: receive RaftClientReply:client-0D308AD40832->3258574c-39ac-4ed5-9145-ea59a337c299@group-6C7D867BDA6A, cid=719, SUCCESS, logIndex=1038, commits[3258574c-39ac-4ed5-9145-ea59a337c299:c1039]
2019-09-02 06:30:03,206 [grpc-default-executor-1] INFO  client.GrpcClientProtocolClient (GrpcClientProtocolClient.java:onNext(255)) - client-0D308AD40832->3258574c-39ac-4ed5-9145-ea59a337c299: receive RaftClientReply:client-0D308AD40832->3258574c-39ac-4ed5-9145-ea59a337c299@group-6C7D867BDA6A, cid=720, SUCCESS, logIndex=1039, commits[3258574c-39ac-4ed5-9145-ea59a337c299:c1039]
2019-09-02 06:30:03,206 [SCMBlockDeletingService#1] DEBUG block.SCMBlockDeletingService (SCMBlockDeletingService.java:call(138)) - Running DeletedBlockTransactionScanner
2019-09-02 06:30:03,206 [SCMBlockDeletingService#1] DEBUG block.SCMBlockDeletingService (SCMBlockDeletingService.java:call(155)) - Scanned deleted blocks log and got 0 delTX to process.
2019-09-02 06:30:03,236 [grpc-default-executor-1] INFO  client.GrpcClientProtocolClient (GrpcClientProtocolClient.java:onNext(255)) - client-0D308AD40832->3258574c-39ac-4ed5-9145-ea59a337c299: receive RaftClientReply:client-0D308AD40832->3258574c-39ac-4ed5-9145-ea59a337c299@group-6C7D867BDA6A, cid=721, SUCCESS, logIndex=1042, commits[3258574c-39ac-4ed5-9145-ea59a337c299:c1045]
2019-09-02 06:30:03,236 [grpc-default-executor-1] INFO  client.GrpcClientProtocolClient (GrpcClientProtocolClient.java:onNext(255)) - client-0D308AD40832->3258574c-39ac-4ed5-9145-ea59a337c299: receive RaftClientReply:client-0D308AD40832->3258574c-39ac-4ed5-9145-ea59a337c299@group-6C7D867BDA6A, cid=722, SUCCESS, logIndex=1043, commits[3258574c-39ac-4ed5-9145-ea59a337c299:c1046]
2019-09-02 06:30:03,237 [grpc-default-executor-1] INFO  client.GrpcClientProtocolClient (GrpcClientProtocolClient.java:onNext(255)) - client-0D308AD40832->3258574c-39ac-4ed5-9145-ea59a337c299: receive RaftClientReply:client-0D308AD40832->3258574c-39ac-4ed5-9145-ea59a337c299@group-6C7D867BDA6A, cid=723, SUCCESS, logIndex=1044, commits[3258574c-39ac-4ed5-9145-ea59a337c299:c1046]
2019-09-02 06:30:03,237 [grpc-default-executor-1] INFO  client.GrpcClientProtocolClient (GrpcClientProtocolClient.java:onNext(255)) - client-0D308AD40832->3258574c-39ac-4ed5-9145-ea59a337c299: receive RaftClientReply:client-0D308AD40832->3258574c-39ac-4ed5-9145-ea59a337c299@group-6C7D867BDA6A, cid=724, SUCCESS, logIndex=1045, commits[3258574c-39ac-4ed5-9145-ea59a337c299:c1046]
2019-09-02 06:30:03,260 [grpc-default-executor-1] INFO  client.GrpcClientProtocolClient (GrpcClientProtocolClient.java:onNext(255)) - client-0D308AD40832->3258574c-39ac-4ed5-9145-ea59a337c299: receive RaftClientReply:client-0D308AD40832->3258574c-39ac-4ed5-9145-ea59a337c299@group-6C7D867BDA6A, cid=725, SUCCESS, logIndex=1047, commits[3258574c-39ac-4ed5-9145-ea59a337c299:c1050]
2019-09-02 06:30:03,260 [grpc-default-executor-1] INFO  client.GrpcClientProtocolClient (GrpcClientProtocolClient.java:onNext(255)) - client-0D308AD40832->3258574c-39ac-4ed5-9145-ea59a337c299: receive RaftClientReply:client-0D308AD40832->3258574c-39ac-4ed5-9145-ea59a337c299@group-6C7D867BDA6A, cid=726, SUCCESS, logIndex=1048, commits[3258574c-39ac-4ed5-9145-ea59a337c299:c1050]
2019-09-02 06:30:03,261 [grpc-default-executor-1] INFO  client.GrpcClientProtocolClient (GrpcClientProtocolClient.java:onNext(255)) - client-0D308AD40832->3258574c-39ac-4ed5-9145-ea59a337c299: receive RaftClientReply:client-0D308AD40832->3258574c-39ac-4ed5-9145-ea59a337c299@group-6C7D867BDA6A, cid=727, SUCCESS, logIndex=1049, commits[3258574c-39ac-4ed5-9145-ea59a337c299:c1050]
2019-09-02 06:30:03,261 [grpc-default-executor-1] INFO  client.GrpcClientProtocolClient (GrpcClientProtocolClient.java:onNext(255)) - client-0D308AD40832->3258574c-39ac-4ed5-9145-ea59a337c299: receive RaftClientReply:client-0D308AD40832->3258574c-39ac-4ed5-9145-ea59a337c299@group-6C7D867BDA6A, cid=728, SUCCESS, logIndex=1050, commits[3258574c-39ac-4ed5-9145-ea59a337c299:c1050]
2019-09-02 06:30:03,288 [grpc-default-executor-0] INFO  client.GrpcClientProtocolClient (GrpcClientProtocolClient.java:onNext(255)) - client-0D308AD40832->3258574c-39ac-4ed5-9145-ea59a337c299: receive RaftClientReply:client-0D308AD40832->3258574c-39ac-4ed5-9145-ea59a337c299@group-6C7D867BDA6A, cid=729, SUCCESS, logIndex=1052, commits[3258574c-39ac-4ed5-9145-ea59a337c299:c1053]
2019-09-02 06:30:03,288 [grpc-default-executor-0] INFO  client.GrpcClientProtocolClient (GrpcClientProtocolClient.java:onNext(255)) - client-0D308AD40832->3258574c-39ac-4ed5-9145-ea59a337c299: receive RaftClientReply:client-0D308AD40832->3258574c-39ac-4ed5-9145-ea59a337c299@group-6C7D867BDA6A, cid=730, SUCCESS, logIndex=1053, commits[3258574c-39ac-4ed5-9145-ea59a337c299:c1055]
2019-09-02 06:30:03,289 [grpc-default-executor-0] INFO  client.GrpcClientProtocolClient (GrpcClientProtocolClient.java:onNext(255)) - client-0D308AD40832->3258574c-39ac-4ed5-9145-ea59a337c299: receive RaftClientReply:client-0D308AD40832->3258574c-39ac-4ed5-9145-ea59a337c299@group-6C7D867BDA6A, cid=731, SUCCESS, logIndex=1054, commits[3258574c-39ac-4ed5-9145-ea59a337c299:c1056]
2019-09-02 06:30:03,289 [grpc-default-executor-0] INFO  client.GrpcClientProtocolClient (GrpcClientProtocolClient.java:onNext(255)) - client-0D308AD40832->3258574c-39ac-4ed5-9145-ea59a337c299: receive RaftClientReply:client-0D308AD40832->3258574c-39ac-4ed5-9145-ea59a337c299@group-6C7D867BDA6A, cid=732, SUCCESS, logIndex=1055, commits[3258574c-39ac-4ed5-9145-ea59a337c299:c1057]
2019-09-02 06:30:03,307 [SCMBlockDeletingService#1] DEBUG block.SCMBlockDeletingService (SCMBlockDeletingService.java:call(138)) - Running DeletedBlockTransactionScanner
2019-09-02 06:30:03,307 [SCMBlockDeletingService#1] DEBUG block.SCMBlockDeletingService (SCMBlockDeletingService.java:call(155)) - Scanned deleted blocks log and got 0 delTX to process.
2019-09-02 06:30:03,312 [grpc-default-executor-1] INFO  client.GrpcClientProtocolClient (GrpcClientProtocolClient.java:onNext(255)) - client-0D308AD40832->3258574c-39ac-4ed5-9145-ea59a337c299: receive RaftClientReply:client-0D308AD40832->3258574c-39ac-4ed5-9145-ea59a337c299@group-6C7D867BDA6A, cid=733, SUCCESS, logIndex=1058, commits[3258574c-39ac-4ed5-9145-ea59a337c299:c1059]
2019-09-02 06:30:03,312 [grpc-default-executor-1] INFO  client.GrpcClientProtocolClient (GrpcClientProtocolClient.java:onNext(255)) - client-0D308AD40832->3258574c-39ac-4ed5-9145-ea59a337c299: receive RaftClientReply:client-0D308AD40832->3258574c-39ac-4ed5-9145-ea59a337c299@group-6C7D867BDA6A, cid=734, SUCCESS, logIndex=1059, commits[3258574c-39ac-4ed5-9145-ea59a337c299:c1059]
2019-09-02 06:30:03,322 [grpc-default-executor-1] INFO  client.GrpcClientProtocolClient (GrpcClientProtocolClient.java:onNext(255)) - client-0D308AD40832->3258574c-39ac-4ed5-9145-ea59a337c299: receive RaftClientReply:client-0D308AD40832->3258574c-39ac-4ed5-9145-ea59a337c299@group-6C7D867BDA6A, cid=735, SUCCESS, logIndex=1060, commits[3258574c-39ac-4ed5-9145-ea59a337c299:c1061]
2019-09-02 06:30:03,323 [grpc-default-executor-1] INFO  client.GrpcClientProtocolClient (GrpcClientProtocolClient.java:onNext(255)) - client-0D308AD40832->3258574c-39ac-4ed5-9145-ea59a337c299: receive RaftClientReply:client-0D308AD40832->3258574c-39ac-4ed5-9145-ea59a337c299@group-6C7D867BDA6A, cid=736, SUCCESS, logIndex=1061, commits[3258574c-39ac-4ed5-9145-ea59a337c299:c1062]
2019-09-02 06:30:03,348 [grpc-default-executor-1] INFO  client.GrpcClientProtocolClient (GrpcClientProtocolClient.java:onNext(255)) - client-0D308AD40832->3258574c-39ac-4ed5-9145-ea59a337c299: receive RaftClientReply:client-0D308AD40832->3258574c-39ac-4ed5-9145-ea59a337c299@group-6C7D867BDA6A, cid=737, SUCCESS, logIndex=1064, commits[3258574c-39ac-4ed5-9145-ea59a337c299:c1067]
2019-09-02 06:30:03,349 [grpc-default-executor-1] INFO  client.GrpcClientProtocolClient (GrpcClientProtocolClient.java:onNext(255)) - client-0D308AD40832->3258574c-39ac-4ed5-9145-ea59a337c299: receive RaftClientReply:client-0D308AD40832->3258574c-39ac-4ed5-9145-ea59a337c299@group-6C7D867BDA6A, cid=738, SUCCESS, logIndex=1065, commits[3258574c-39ac-4ed5-9145-ea59a337c299:c1068]
2019-09-02 06:30:03,349 [grpc-default-executor-1] INFO  client.GrpcClientProtocolClient (GrpcClientProtocolClient.java:onNext(255)) - client-0D308AD40832->3258574c-39ac-4ed5-9145-ea59a337c299: receive RaftClientReply:client-0D308AD40832->3258574c-39ac-4ed5-9145-ea59a337c299@group-6C7D867BDA6A, cid=739, SUCCESS, logIndex=1066, commits[3258574c-39ac-4ed5-9145-ea59a337c299:c1069]
2019-09-02 06:30:03,350 [grpc-default-executor-1] INFO  client.GrpcClientProtocolClient (GrpcClientProtocolClient.java:onNext(255)) - client-0D308AD40832->3258574c-39ac-4ed5-9145-ea59a337c299: receive RaftClientReply:client-0D308AD40832->3258574c-39ac-4ed5-9145-ea59a337c299@group-6C7D867BDA6A, cid=740, SUCCESS, logIndex=1067, commits[3258574c-39ac-4ed5-9145-ea59a337c299:c1069]
2019-09-02 06:30:03,369 [grpc-default-executor-0] INFO  client.GrpcClientProtocolClient (GrpcClientProtocolClient.java:onNext(255)) - client-0D308AD40832->3258574c-39ac-4ed5-9145-ea59a337c299: receive RaftClientReply:client-0D308AD40832->3258574c-39ac-4ed5-9145-ea59a337c299@group-6C7D867BDA6A, cid=741, SUCCESS, logIndex=1070, commits[3258574c-39ac-4ed5-9145-ea59a337c299:c1073]
2019-09-02 06:30:03,370 [grpc-default-executor-0] INFO  client.GrpcClientProtocolClient (GrpcClientProtocolClient.java:onNext(255)) - client-0D308AD40832->3258574c-39ac-4ed5-9145-ea59a337c299: receive RaftClientReply:client-0D308AD40832->3258574c-39ac-4ed5-9145-ea59a337c299@group-6C7D867BDA6A, cid=742, SUCCESS, logIndex=1071, commits[3258574c-39ac-4ed5-9145-ea59a337c299:c1074]
2019-09-02 06:30:03,370 [grpc-default-executor-0] INFO  client.GrpcClientProtocolClient (GrpcClientProtocolClient.java:onNext(255)) - client-0D308AD40832->3258574c-39ac-4ed5-9145-ea59a337c299: receive RaftClientReply:client-0D308AD40832->3258574c-39ac-4ed5-9145-ea59a337c299@group-6C7D867BDA6A, cid=743, SUCCESS, logIndex=1072, commits[3258574c-39ac-4ed5-9145-ea59a337c299:c1074]
2019-09-02 06:30:03,371 [grpc-default-executor-0] INFO  client.GrpcClientProtocolClient (GrpcClientProtocolClient.java:onNext(255)) - client-0D308AD40832->3258574c-39ac-4ed5-9145-ea59a337c299: receive RaftClientReply:client-0D308AD40832->3258574c-39ac-4ed5-9145-ea59a337c299@group-6C7D867BDA6A, cid=744, SUCCESS, logIndex=1073, commits[3258574c-39ac-4ed5-9145-ea59a337c299:c1075]
2019-09-02 06:30:03,398 [grpc-default-executor-1] INFO  client.GrpcClientProtocolClient (GrpcClientProtocolClient.java:onNext(255)) - client-0D308AD40832->3258574c-39ac-4ed5-9145-ea59a337c299: receive RaftClientReply:client-0D308AD40832->3258574c-39ac-4ed5-9145-ea59a337c299@group-6C7D867BDA6A, cid=745, SUCCESS, logIndex=1076, commits[3258574c-39ac-4ed5-9145-ea59a337c299:c1077]
2019-09-02 06:30:03,398 [grpc-default-executor-1] INFO  client.GrpcClientProtocolClient (GrpcClientProtocolClient.java:onNext(255)) - client-0D308AD40832->3258574c-39ac-4ed5-9145-ea59a337c299: receive RaftClientReply:client-0D308AD40832->3258574c-39ac-4ed5-9145-ea59a337c299@group-6C7D867BDA6A, cid=746, SUCCESS, logIndex=1077, commits[3258574c-39ac-4ed5-9145-ea59a337c299:c1079]
2019-09-02 06:30:03,399 [grpc-default-executor-1] INFO  client.GrpcClientProtocolClient (GrpcClientProtocolClient.java:onNext(255)) - client-0D308AD40832->3258574c-39ac-4ed5-9145-ea59a337c299: receive RaftClientReply:client-0D308AD40832->3258574c-39ac-4ed5-9145-ea59a337c299@group-6C7D867BDA6A, cid=747, SUCCESS, logIndex=1078, commits[3258574c-39ac-4ed5-9145-ea59a337c299:c1080]
2019-09-02 06:30:03,399 [grpc-default-executor-1] INFO  client.GrpcClientProtocolClient (GrpcClientProtocolClient.java:onNext(255)) - client-0D308AD40832->3258574c-39ac-4ed5-9145-ea59a337c299: receive RaftClientReply:client-0D308AD40832->3258574c-39ac-4ed5-9145-ea59a337c299@group-6C7D867BDA6A, cid=748, SUCCESS, logIndex=1079, commits[3258574c-39ac-4ed5-9145-ea59a337c299:c1080]
2019-09-02 06:30:03,407 [SCMBlockDeletingService#1] DEBUG block.SCMBlockDeletingService (SCMBlockDeletingService.java:call(138)) - Running DeletedBlockTransactionScanner
2019-09-02 06:30:03,407 [SCMBlockDeletingService#1] DEBUG block.SCMBlockDeletingService (SCMBlockDeletingService.java:call(155)) - Scanned deleted blocks log and got 0 delTX to process.
2019-09-02 06:30:03,419 [grpc-default-executor-1] INFO  client.GrpcClientProtocolClient (GrpcClientProtocolClient.java:onNext(255)) - client-0D308AD40832->3258574c-39ac-4ed5-9145-ea59a337c299: receive RaftClientReply:client-0D308AD40832->3258574c-39ac-4ed5-9145-ea59a337c299@group-6C7D867BDA6A, cid=749, SUCCESS, logIndex=1082, commits[3258574c-39ac-4ed5-9145-ea59a337c299:c1083]
2019-09-02 06:30:03,419 [grpc-default-executor-1] INFO  client.GrpcClientProtocolClient (GrpcClientProtocolClient.java:onNext(255)) - client-0D308AD40832->3258574c-39ac-4ed5-9145-ea59a337c299: receive RaftClientReply:client-0D308AD40832->3258574c-39ac-4ed5-9145-ea59a337c299@group-6C7D867BDA6A, cid=750, SUCCESS, logIndex=1083, commits[3258574c-39ac-4ed5-9145-ea59a337c299:c1084]
2019-09-02 06:30:03,508 [SCMBlockDeletingService#1] DEBUG block.SCMBlockDeletingService (SCMBlockDeletingService.java:call(138)) - Running DeletedBlockTransactionScanner
2019-09-02 06:30:03,508 [SCMBlockDeletingService#1] DEBUG block.SCMBlockDeletingService (SCMBlockDeletingService.java:call(155)) - Scanned deleted blocks log and got 0 delTX to process.
2019-09-02 06:30:03,544 [grpc-default-executor-0] INFO  client.GrpcClientProtocolClient (GrpcClientProtocolClient.java:onNext(255)) - client-0D308AD40832->3258574c-39ac-4ed5-9145-ea59a337c299: receive RaftClientReply:client-0D308AD40832->3258574c-39ac-4ed5-9145-ea59a337c299@group-6C7D867BDA6A, cid=751, SUCCESS, logIndex=1085, commits[3258574c-39ac-4ed5-9145-ea59a337c299:c1086]
2019-09-02 06:30:03,544 [grpc-default-executor-0] INFO  client.GrpcClientProtocolClient (GrpcClientProtocolClient.java:onNext(255)) - client-0D308AD40832->3258574c-39ac-4ed5-9145-ea59a337c299: receive RaftClientReply:client-0D308AD40832->3258574c-39ac-4ed5-9145-ea59a337c299@group-6C7D867BDA6A, cid=752, SUCCESS, logIndex=1086, commits[3258574c-39ac-4ed5-9145-ea59a337c299:c1087]
2019-09-02 06:30:03,564 [grpc-default-executor-0] INFO  client.GrpcClientProtocolClient (GrpcClientProtocolClient.java:onNext(255)) - client-0D308AD40832->3258574c-39ac-4ed5-9145-ea59a337c299: receive RaftClientReply:client-0D308AD40832->3258574c-39ac-4ed5-9145-ea59a337c299@group-6C7D867BDA6A, cid=753, SUCCESS, logIndex=1088, commits[3258574c-39ac-4ed5-9145-ea59a337c299:c1091]
2019-09-02 06:30:03,565 [grpc-default-executor-0] INFO  client.GrpcClientProtocolClient (GrpcClientProtocolClient.java:onNext(255)) - client-0D308AD40832->3258574c-39ac-4ed5-9145-ea59a337c299: receive RaftClientReply:client-0D308AD40832->3258574c-39ac-4ed5-9145-ea59a337c299@group-6C7D867BDA6A, cid=754, SUCCESS, logIndex=1089, commits[3258574c-39ac-4ed5-9145-ea59a337c299:c1092]
2019-09-02 06:30:03,565 [grpc-default-executor-0] INFO  client.GrpcClientProtocolClient (GrpcClientProtocolClient.java:onNext(255)) - client-0D308AD40832->3258574c-39ac-4ed5-9145-ea59a337c299: receive RaftClientReply:client-0D308AD40832->3258574c-39ac-4ed5-9145-ea59a337c299@group-6C7D867BDA6A, cid=755, SUCCESS, logIndex=1090, commits[3258574c-39ac-4ed5-9145-ea59a337c299:c1092]
2019-09-02 06:30:03,566 [grpc-default-executor-0] INFO  client.GrpcClientProtocolClient (GrpcClientProtocolClient.java:onNext(255)) - client-0D308AD40832->3258574c-39ac-4ed5-9145-ea59a337c299: receive RaftClientReply:client-0D308AD40832->3258574c-39ac-4ed5-9145-ea59a337c299@group-6C7D867BDA6A, cid=756, SUCCESS, logIndex=1091, commits[3258574c-39ac-4ed5-9145-ea59a337c299:c1092]
2019-09-02 06:30:03,580 [grpc-default-executor-0] INFO  client.GrpcClientProtocolClient (GrpcClientProtocolClient.java:onNext(255)) - client-0D308AD40832->3258574c-39ac-4ed5-9145-ea59a337c299: receive RaftClientReply:client-0D308AD40832->3258574c-39ac-4ed5-9145-ea59a337c299@group-6C7D867BDA6A, cid=757, SUCCESS, logIndex=1093, commits[3258574c-39ac-4ed5-9145-ea59a337c299:c1094]
2019-09-02 06:30:03,581 [grpc-default-executor-0] INFO  client.GrpcClientProtocolClient (GrpcClientProtocolClient.java:onNext(255)) - client-0D308AD40832->3258574c-39ac-4ed5-9145-ea59a337c299: receive RaftClientReply:client-0D308AD40832->3258574c-39ac-4ed5-9145-ea59a337c299@group-6C7D867BDA6A, cid=758, SUCCESS, logIndex=1094, commits[3258574c-39ac-4ed5-9145-ea59a337c299:c1096]
2019-09-02 06:30:03,581 [grpc-default-executor-0] INFO  client.GrpcClientProtocolClient (GrpcClientProtocolClient.java:onNext(255)) - client-0D308AD40832->3258574c-39ac-4ed5-9145-ea59a337c299: receive RaftClientReply:client-0D308AD40832->3258574c-39ac-4ed5-9145-ea59a337c299@group-6C7D867BDA6A, cid=759, SUCCESS, logIndex=1095, commits[3258574c-39ac-4ed5-9145-ea59a337c299:c1097]
2019-09-02 06:30:03,582 [grpc-default-executor-0] INFO  client.GrpcClientProtocolClient (GrpcClientProtocolClient.java:onNext(255)) - client-0D308AD40832->3258574c-39ac-4ed5-9145-ea59a337c299: receive RaftClientReply:client-0D308AD40832->3258574c-39ac-4ed5-9145-ea59a337c299@group-6C7D867BDA6A, cid=760, SUCCESS, logIndex=1096, commits[3258574c-39ac-4ed5-9145-ea59a337c299:c1097]
2019-09-02 06:30:03,605 [grpc-default-executor-1] INFO  client.GrpcClientProtocolClient (GrpcClientProtocolClient.java:onNext(255)) - client-0D308AD40832->3258574c-39ac-4ed5-9145-ea59a337c299: receive RaftClientReply:client-0D308AD40832->3258574c-39ac-4ed5-9145-ea59a337c299@group-6C7D867BDA6A, cid=761, SUCCESS, logIndex=1099, commits[3258574c-39ac-4ed5-9145-ea59a337c299:c1102]
2019-09-02 06:30:03,606 [grpc-default-executor-1] INFO  client.GrpcClientProtocolClient (GrpcClientProtocolClient.java:onNext(255)) - client-0D308AD40832->3258574c-39ac-4ed5-9145-ea59a337c299: receive RaftClientReply:client-0D308AD40832->3258574c-39ac-4ed5-9145-ea59a337c299@group-6C7D867BDA6A, cid=762, SUCCESS, logIndex=1100, commits[3258574c-39ac-4ed5-9145-ea59a337c299:c1103]
2019-09-02 06:30:03,606 [grpc-default-executor-1] INFO  client.GrpcClientProtocolClient (GrpcClientProtocolClient.java:onNext(255)) - client-0D308AD40832->3258574c-39ac-4ed5-9145-ea59a337c299: receive RaftClientReply:client-0D308AD40832->3258574c-39ac-4ed5-9145-ea59a337c299@group-6C7D867BDA6A, cid=763, SUCCESS, logIndex=1101, commits[3258574c-39ac-4ed5-9145-ea59a337c299:c1103]
2019-09-02 06:30:03,607 [grpc-default-executor-1] INFO  client.GrpcClientProtocolClient (GrpcClientProtocolClient.java:onNext(255)) - client-0D308AD40832->3258574c-39ac-4ed5-9145-ea59a337c299: receive RaftClientReply:client-0D308AD40832->3258574c-39ac-4ed5-9145-ea59a337c299@group-6C7D867BDA6A, cid=764, SUCCESS, logIndex=1102, commits[3258574c-39ac-4ed5-9145-ea59a337c299:c1103]
2019-09-02 06:30:03,608 [SCMBlockDeletingService#1] DEBUG block.SCMBlockDeletingService (SCMBlockDeletingService.java:call(138)) - Running DeletedBlockTransactionScanner
2019-09-02 06:30:03,609 [SCMBlockDeletingService#1] DEBUG block.SCMBlockDeletingService (SCMBlockDeletingService.java:call(155)) - Scanned deleted blocks log and got 0 delTX to process.
2019-09-02 06:30:03,628 [grpc-default-executor-0] INFO  client.GrpcClientProtocolClient (GrpcClientProtocolClient.java:onNext(255)) - client-0D308AD40832->3258574c-39ac-4ed5-9145-ea59a337c299: receive RaftClientReply:client-0D308AD40832->3258574c-39ac-4ed5-9145-ea59a337c299@group-6C7D867BDA6A, cid=765, SUCCESS, logIndex=1104, commits[3258574c-39ac-4ed5-9145-ea59a337c299:c1107]
2019-09-02 06:30:03,629 [grpc-default-executor-0] INFO  client.GrpcClientProtocolClient (GrpcClientProtocolClient.java:onNext(255)) - client-0D308AD40832->3258574c-39ac-4ed5-9145-ea59a337c299: receive RaftClientReply:client-0D308AD40832->3258574c-39ac-4ed5-9145-ea59a337c299@group-6C7D867BDA6A, cid=766, SUCCESS, logIndex=1105, commits[3258574c-39ac-4ed5-9145-ea59a337c299:c1108]
2019-09-02 06:30:03,629 [grpc-default-executor-0] INFO  client.GrpcClientProtocolClient (GrpcClientProtocolClient.java:onNext(255)) - client-0D308AD40832->3258574c-39ac-4ed5-9145-ea59a337c299: receive RaftClientReply:client-0D308AD40832->3258574c-39ac-4ed5-9145-ea59a337c299@group-6C7D867BDA6A, cid=767, SUCCESS, logIndex=1106, commits[3258574c-39ac-4ed5-9145-ea59a337c299:c1109]
2019-09-02 06:30:03,630 [grpc-default-executor-0] INFO  client.GrpcClientProtocolClient (GrpcClientProtocolClient.java:onNext(255)) - client-0D308AD40832->3258574c-39ac-4ed5-9145-ea59a337c299: receive RaftClientReply:client-0D308AD40832->3258574c-39ac-4ed5-9145-ea59a337c299@group-6C7D867BDA6A, cid=768, SUCCESS, logIndex=1107, commits[3258574c-39ac-4ed5-9145-ea59a337c299:c1109]
2019-09-02 06:30:03,658 [grpc-default-executor-1] INFO  client.GrpcClientProtocolClient (GrpcClientProtocolClient.java:onNext(255)) - client-0D308AD40832->3258574c-39ac-4ed5-9145-ea59a337c299: receive RaftClientReply:client-0D308AD40832->3258574c-39ac-4ed5-9145-ea59a337c299@group-6C7D867BDA6A, cid=769, SUCCESS, logIndex=1110, commits[3258574c-39ac-4ed5-9145-ea59a337c299:c1113]
2019-09-02 06:30:03,659 [grpc-default-executor-1] INFO  client.GrpcClientProtocolClient (GrpcClientProtocolClient.java:onNext(255)) - client-0D308AD40832->3258574c-39ac-4ed5-9145-ea59a337c299: receive RaftClientReply:client-0D308AD40832->3258574c-39ac-4ed5-9145-ea59a337c299@group-6C7D867BDA6A, cid=770, SUCCESS, logIndex=1111, commits[3258574c-39ac-4ed5-9145-ea59a337c299:c1114]
2019-09-02 06:30:03,659 [grpc-default-executor-1] INFO  client.GrpcClientProtocolClient (GrpcClientProtocolClient.java:onNext(255)) - client-0D308AD40832->3258574c-39ac-4ed5-9145-ea59a337c299: receive RaftClientReply:client-0D308AD40832->3258574c-39ac-4ed5-9145-ea59a337c299@group-6C7D867BDA6A, cid=771, SUCCESS, logIndex=1112, commits[3258574c-39ac-4ed5-9145-ea59a337c299:c1115]
2019-09-02 06:30:03,660 [grpc-default-executor-1] INFO  client.GrpcClientProtocolClient (GrpcClientProtocolClient.java:onNext(255)) - client-0D308AD40832->3258574c-39ac-4ed5-9145-ea59a337c299: receive RaftClientReply:client-0D308AD40832->3258574c-39ac-4ed5-9145-ea59a337c299@group-6C7D867BDA6A, cid=772, SUCCESS, logIndex=1113, commits[3258574c-39ac-4ed5-9145-ea59a337c299:c1115]
2019-09-02 06:30:03,680 [grpc-default-executor-1] INFO  client.GrpcClientProtocolClient (GrpcClientProtocolClient.java:onNext(255)) - client-0D308AD40832->3258574c-39ac-4ed5-9145-ea59a337c299: receive RaftClientReply:client-0D308AD40832->3258574c-39ac-4ed5-9145-ea59a337c299@group-6C7D867BDA6A, cid=773, SUCCESS, logIndex=1116, commits[3258574c-39ac-4ed5-9145-ea59a337c299:c1117]
2019-09-02 06:30:03,681 [grpc-default-executor-1] INFO  client.GrpcClientProtocolClient (GrpcClientProtocolClient.java:onNext(255)) - client-0D308AD40832->3258574c-39ac-4ed5-9145-ea59a337c299: receive RaftClientReply:client-0D308AD40832->3258574c-39ac-4ed5-9145-ea59a337c299@group-6C7D867BDA6A, cid=774, SUCCESS, logIndex=1117, commits[3258574c-39ac-4ed5-9145-ea59a337c299:c1120]
2019-09-02 06:30:03,681 [grpc-default-executor-1] INFO  client.GrpcClientProtocolClient (GrpcClientProtocolClient.java:onNext(255)) - client-0D308AD40832->3258574c-39ac-4ed5-9145-ea59a337c299: receive RaftClientReply:client-0D308AD40832->3258574c-39ac-4ed5-9145-ea59a337c299@group-6C7D867BDA6A, cid=775, SUCCESS, logIndex=1118, commits[3258574c-39ac-4ed5-9145-ea59a337c299:c1121]
2019-09-02 06:30:03,682 [grpc-default-executor-1] INFO  client.GrpcClientProtocolClient (GrpcClientProtocolClient.java:onNext(255)) - client-0D308AD40832->3258574c-39ac-4ed5-9145-ea59a337c299: receive RaftClientReply:client-0D308AD40832->3258574c-39ac-4ed5-9145-ea59a337c299@group-6C7D867BDA6A, cid=776, SUCCESS, logIndex=1119, commits[3258574c-39ac-4ed5-9145-ea59a337c299:c1121]
2019-09-02 06:30:03,708 [grpc-default-executor-1] INFO  client.GrpcClientProtocolClient (GrpcClientProtocolClient.java:onNext(255)) - client-0D308AD40832->3258574c-39ac-4ed5-9145-ea59a337c299: receive RaftClientReply:client-0D308AD40832->3258574c-39ac-4ed5-9145-ea59a337c299@group-6C7D867BDA6A, cid=777, SUCCESS, logIndex=1122, commits[3258574c-39ac-4ed5-9145-ea59a337c299:c1125]
2019-09-02 06:30:03,709 [SCMBlockDeletingService#1] DEBUG block.SCMBlockDeletingService (SCMBlockDeletingService.java:call(138)) - Running DeletedBlockTransactionScanner
2019-09-02 06:30:03,709 [grpc-default-executor-1] INFO  client.GrpcClientProtocolClient (GrpcClientProtocolClient.java:onNext(255)) - client-0D308AD40832->3258574c-39ac-4ed5-9145-ea59a337c299: receive RaftClientReply:client-0D308AD40832->3258574c-39ac-4ed5-9145-ea59a337c299@group-6C7D867BDA6A, cid=778, SUCCESS, logIndex=1123, commits[3258574c-39ac-4ed5-9145-ea59a337c299:c1126]
2019-09-02 06:30:03,709 [SCMBlockDeletingService#1] DEBUG block.SCMBlockDeletingService (SCMBlockDeletingService.java:call(155)) - Scanned deleted blocks log and got 0 delTX to process.
2019-09-02 06:30:03,710 [grpc-default-executor-1] INFO  client.GrpcClientProtocolClient (GrpcClientProtocolClient.java:onNext(255)) - client-0D308AD40832->3258574c-39ac-4ed5-9145-ea59a337c299: receive RaftClientReply:client-0D308AD40832->3258574c-39ac-4ed5-9145-ea59a337c299@group-6C7D867BDA6A, cid=779, SUCCESS, logIndex=1124, commits[3258574c-39ac-4ed5-9145-ea59a337c299:c1127]
2019-09-02 06:30:03,710 [grpc-default-executor-1] INFO  client.GrpcClientProtocolClient (GrpcClientProtocolClient.java:onNext(255)) - client-0D308AD40832->3258574c-39ac-4ed5-9145-ea59a337c299: receive RaftClientReply:client-0D308AD40832->3258574c-39ac-4ed5-9145-ea59a337c299@group-6C7D867BDA6A, cid=780, SUCCESS, logIndex=1125, commits[3258574c-39ac-4ed5-9145-ea59a337c299:c1127]
2019-09-02 06:30:03,823 [SCMBlockDeletingService#1] DEBUG block.SCMBlockDeletingService (SCMBlockDeletingService.java:call(138)) - Running DeletedBlockTransactionScanner
2019-09-02 06:30:03,823 [SCMBlockDeletingService#1] DEBUG block.SCMBlockDeletingService (SCMBlockDeletingService.java:call(155)) - Scanned deleted blocks log and got 0 delTX to process.
2019-09-02 06:30:03,836 [grpc-default-executor-1] INFO  client.GrpcClientProtocolClient (GrpcClientProtocolClient.java:onNext(255)) - client-0D308AD40832->3258574c-39ac-4ed5-9145-ea59a337c299: receive RaftClientReply:client-0D308AD40832->3258574c-39ac-4ed5-9145-ea59a337c299@group-6C7D867BDA6A, cid=781, SUCCESS, logIndex=1128, commits[3258574c-39ac-4ed5-9145-ea59a337c299:c1131]
2019-09-02 06:30:03,837 [grpc-default-executor-1] INFO  client.GrpcClientProtocolClient (GrpcClientProtocolClient.java:onNext(255)) - client-0D308AD40832->3258574c-39ac-4ed5-9145-ea59a337c299: receive RaftClientReply:client-0D308AD40832->3258574c-39ac-4ed5-9145-ea59a337c299@group-6C7D867BDA6A, cid=782, SUCCESS, logIndex=1129, commits[3258574c-39ac-4ed5-9145-ea59a337c299:c1132]
2019-09-02 06:30:03,837 [grpc-default-executor-1] INFO  client.GrpcClientProtocolClient (GrpcClientProtocolClient.java:onNext(255)) - client-0D308AD40832->3258574c-39ac-4ed5-9145-ea59a337c299: receive RaftClientReply:client-0D308AD40832->3258574c-39ac-4ed5-9145-ea59a337c299@group-6C7D867BDA6A, cid=783, SUCCESS, logIndex=1130, commits[3258574c-39ac-4ed5-9145-ea59a337c299:c1132]
2019-09-02 06:30:03,838 [grpc-default-executor-1] INFO  client.GrpcClientProtocolClient (GrpcClientProtocolClient.java:onNext(255)) - client-0D308AD40832->3258574c-39ac-4ed5-9145-ea59a337c299: receive RaftClientReply:client-0D308AD40832->3258574c-39ac-4ed5-9145-ea59a337c299@group-6C7D867BDA6A, cid=784, SUCCESS, logIndex=1131, commits[3258574c-39ac-4ed5-9145-ea59a337c299:c1133]
2019-09-02 06:30:03,867 [grpc-default-executor-0] INFO  client.GrpcClientProtocolClient (GrpcClientProtocolClient.java:onNext(255)) - client-0D308AD40832->3258574c-39ac-4ed5-9145-ea59a337c299: receive RaftClientReply:client-0D308AD40832->3258574c-39ac-4ed5-9145-ea59a337c299@group-6C7D867BDA6A, cid=785, SUCCESS, logIndex=1134, commits[3258574c-39ac-4ed5-9145-ea59a337c299:c1137]
2019-09-02 06:30:03,868 [grpc-default-executor-0] INFO  client.GrpcClientProtocolClient (GrpcClientProtocolClient.java:onNext(255)) - client-0D308AD40832->3258574c-39ac-4ed5-9145-ea59a337c299: receive RaftClientReply:client-0D308AD40832->3258574c-39ac-4ed5-9145-ea59a337c299@group-6C7D867BDA6A, cid=786, SUCCESS, logIndex=1135, commits[3258574c-39ac-4ed5-9145-ea59a337c299:c1139]
2019-09-02 06:30:03,868 [grpc-default-executor-0] INFO  client.GrpcClientProtocolClient (GrpcClientProtocolClient.java:onNext(255)) - client-0D308AD40832->3258574c-39ac-4ed5-9145-ea59a337c299: receive RaftClientReply:client-0D308AD40832->3258574c-39ac-4ed5-9145-ea59a337c299@group-6C7D867BDA6A, cid=787, SUCCESS, logIndex=1136, commits[3258574c-39ac-4ed5-9145-ea59a337c299:c1139]
2019-09-02 06:30:03,869 [grpc-default-executor-0] INFO  client.GrpcClientProtocolClient (GrpcClientProtocolClient.java:onNext(255)) - client-0D308AD40832->3258574c-39ac-4ed5-9145-ea59a337c299: receive RaftClientReply:client-0D308AD40832->3258574c-39ac-4ed5-9145-ea59a337c299@group-6C7D867BDA6A, cid=788, SUCCESS, logIndex=1137, commits[3258574c-39ac-4ed5-9145-ea59a337c299:c1139]
2019-09-02 06:30:03,890 [grpc-default-executor-0] INFO  client.GrpcClientProtocolClient (GrpcClientProtocolClient.java:onNext(255)) - client-0D308AD40832->3258574c-39ac-4ed5-9145-ea59a337c299: receive RaftClientReply:client-0D308AD40832->3258574c-39ac-4ed5-9145-ea59a337c299@group-6C7D867BDA6A, cid=789, SUCCESS, logIndex=1140, commits[3258574c-39ac-4ed5-9145-ea59a337c299:c1143]
2019-09-02 06:30:03,891 [grpc-default-executor-0] INFO  client.GrpcClientProtocolClient (GrpcClientProtocolClient.java:onNext(255)) - client-0D308AD40832->3258574c-39ac-4ed5-9145-ea59a337c299: receive RaftClientReply:client-0D308AD40832->3258574c-39ac-4ed5-9145-ea59a337c299@group-6C7D867BDA6A, cid=790, SUCCESS, logIndex=1141, commits[3258574c-39ac-4ed5-9145-ea59a337c299:c1144]
2019-09-02 06:30:03,891 [grpc-default-executor-0] INFO  client.GrpcClientProtocolClient (GrpcClientProtocolClient.java:onNext(255)) - client-0D308AD40832->3258574c-39ac-4ed5-9145-ea59a337c299: receive RaftClientReply:client-0D308AD40832->3258574c-39ac-4ed5-9145-ea59a337c299@group-6C7D867BDA6A, cid=791, SUCCESS, logIndex=1142, commits[3258574c-39ac-4ed5-9145-ea59a337c299:c1145]
2019-09-02 06:30:03,892 [grpc-default-executor-0] INFO  client.GrpcClientProtocolClient (GrpcClientProtocolClient.java:onNext(255)) - client-0D308AD40832->3258574c-39ac-4ed5-9145-ea59a337c299: receive RaftClientReply:client-0D308AD40832->3258574c-39ac-4ed5-9145-ea59a337c299@group-6C7D867BDA6A, cid=792, SUCCESS, logIndex=1143, commits[3258574c-39ac-4ed5-9145-ea59a337c299:c1145]
2019-09-02 06:30:03,921 [grpc-default-executor-1] INFO  client.GrpcClientProtocolClient (GrpcClientProtocolClient.java:onNext(255)) - client-0D308AD40832->3258574c-39ac-4ed5-9145-ea59a337c299: receive RaftClientReply:client-0D308AD40832->3258574c-39ac-4ed5-9145-ea59a337c299@group-6C7D867BDA6A, cid=793, SUCCESS, logIndex=1146, commits[3258574c-39ac-4ed5-9145-ea59a337c299:c1147]
2019-09-02 06:30:03,921 [grpc-default-executor-1] INFO  client.GrpcClientProtocolClient (GrpcClientProtocolClient.java:onNext(255)) - client-0D308AD40832->3258574c-39ac-4ed5-9145-ea59a337c299: receive RaftClientReply:client-0D308AD40832->3258574c-39ac-4ed5-9145-ea59a337c299@group-6C7D867BDA6A, cid=794, SUCCESS, logIndex=1147, commits[3258574c-39ac-4ed5-9145-ea59a337c299:c1148]
2019-09-02 06:30:03,924 [SCMBlockDeletingService#1] DEBUG block.SCMBlockDeletingService (SCMBlockDeletingService.java:call(138)) - Running DeletedBlockTransactionScanner
2019-09-02 06:30:03,924 [SCMBlockDeletingService#1] DEBUG block.SCMBlockDeletingService (SCMBlockDeletingService.java:call(155)) - Scanned deleted blocks log and got 0 delTX to process.
2019-09-02 06:30:04,009 [grpc-default-executor-1] INFO  client.GrpcClientProtocolClient (GrpcClientProtocolClient.java:onNext(255)) - client-0D308AD40832->3258574c-39ac-4ed5-9145-ea59a337c299: receive RaftClientReply:client-0D308AD40832->3258574c-39ac-4ed5-9145-ea59a337c299@group-6C7D867BDA6A, cid=795, SUCCESS, logIndex=1149, commits[3258574c-39ac-4ed5-9145-ea59a337c299:c1150]
2019-09-02 06:30:04,009 [grpc-default-executor-1] INFO  client.GrpcClientProtocolClient (GrpcClientProtocolClient.java:onNext(255)) - client-0D308AD40832->3258574c-39ac-4ed5-9145-ea59a337c299: receive RaftClientReply:client-0D308AD40832->3258574c-39ac-4ed5-9145-ea59a337c299@group-6C7D867BDA6A, cid=796, SUCCESS, logIndex=1150, commits[3258574c-39ac-4ed5-9145-ea59a337c299:c1151]
2019-09-02 06:30:04,022 [grpc-default-executor-1] INFO  client.GrpcClientProtocolClient (GrpcClientProtocolClient.java:onNext(255)) - client-0D308AD40832->3258574c-39ac-4ed5-9145-ea59a337c299: receive RaftClientReply:client-0D308AD40832->3258574c-39ac-4ed5-9145-ea59a337c299@group-6C7D867BDA6A, cid=797, SUCCESS, logIndex=1152, commits[3258574c-39ac-4ed5-9145-ea59a337c299:c1153]
2019-09-02 06:30:04,022 [grpc-default-executor-1] INFO  client.GrpcClientProtocolClient (GrpcClientProtocolClient.java:onNext(255)) - client-0D308AD40832->3258574c-39ac-4ed5-9145-ea59a337c299: receive RaftClientReply:client-0D308AD40832->3258574c-39ac-4ed5-9145-ea59a337c299@group-6C7D867BDA6A, cid=798, SUCCESS, logIndex=1153, commits[3258574c-39ac-4ed5-9145-ea59a337c299:c1155]
2019-09-02 06:30:04,022 [grpc-default-executor-1] INFO  client.GrpcClientProtocolClient (GrpcClientProtocolClient.java:onNext(255)) - client-0D308AD40832->3258574c-39ac-4ed5-9145-ea59a337c299: receive RaftClientReply:client-0D308AD40832->3258574c-39ac-4ed5-9145-ea59a337c299@group-6C7D867BDA6A, cid=799, SUCCESS, logIndex=1154, commits[3258574c-39ac-4ed5-9145-ea59a337c299:c1155]
2019-09-02 06:30:04,023 [grpc-default-executor-1] INFO  client.GrpcClientProtocolClient (GrpcClientProtocolClient.java:onNext(255)) - client-0D308AD40832->3258574c-39ac-4ed5-9145-ea59a337c299: receive RaftClientReply:client-0D308AD40832->3258574c-39ac-4ed5-9145-ea59a337c299@group-6C7D867BDA6A, cid=800, SUCCESS, logIndex=1155, commits[3258574c-39ac-4ed5-9145-ea59a337c299:c1156]
2019-09-02 06:30:04,024 [SCMBlockDeletingService#1] DEBUG block.SCMBlockDeletingService (SCMBlockDeletingService.java:call(138)) - Running DeletedBlockTransactionScanner
2019-09-02 06:30:04,024 [SCMBlockDeletingService#1] DEBUG block.SCMBlockDeletingService (SCMBlockDeletingService.java:call(155)) - Scanned deleted blocks log and got 0 delTX to process.
2019-09-02 06:30:04,049 [grpc-default-executor-0] INFO  client.GrpcClientProtocolClient (GrpcClientProtocolClient.java:onNext(255)) - client-0D308AD40832->3258574c-39ac-4ed5-9145-ea59a337c299: receive RaftClientReply:client-0D308AD40832->3258574c-39ac-4ed5-9145-ea59a337c299@group-6C7D867BDA6A, cid=801, SUCCESS, logIndex=1158, commits[3258574c-39ac-4ed5-9145-ea59a337c299:c1161]
2019-09-02 06:30:04,049 [grpc-default-executor-0] INFO  client.GrpcClientProtocolClient (GrpcClientProtocolClient.java:onNext(255)) - client-0D308AD40832->3258574c-39ac-4ed5-9145-ea59a337c299: receive RaftClientReply:client-0D308AD40832->3258574c-39ac-4ed5-9145-ea59a337c299@group-6C7D867BDA6A, cid=802, SUCCESS, logIndex=1159, commits[3258574c-39ac-4ed5-9145-ea59a337c299:c1162]
2019-09-02 06:30:04,050 [grpc-default-executor-0] INFO  client.GrpcClientProtocolClient (GrpcClientProtocolClient.java:onNext(255)) - client-0D308AD40832->3258574c-39ac-4ed5-9145-ea59a337c299: receive RaftClientReply:client-0D308AD40832->3258574c-39ac-4ed5-9145-ea59a337c299@group-6C7D867BDA6A, cid=803, SUCCESS, logIndex=1160, commits[3258574c-39ac-4ed5-9145-ea59a337c299:c1162]
2019-09-02 06:30:04,050 [grpc-default-executor-0] INFO  client.GrpcClientProtocolClient (GrpcClientProtocolClient.java:onNext(255)) - client-0D308AD40832->3258574c-39ac-4ed5-9145-ea59a337c299: receive RaftClientReply:client-0D308AD40832->3258574c-39ac-4ed5-9145-ea59a337c299@group-6C7D867BDA6A, cid=804, SUCCESS, logIndex=1161, commits[3258574c-39ac-4ed5-9145-ea59a337c299:c1162]
2019-09-02 06:30:04,069 [grpc-default-executor-0] INFO  client.GrpcClientProtocolClient (GrpcClientProtocolClient.java:onNext(255)) - client-0D308AD40832->3258574c-39ac-4ed5-9145-ea59a337c299: receive RaftClientReply:client-0D308AD40832->3258574c-39ac-4ed5-9145-ea59a337c299@group-6C7D867BDA6A, cid=805, SUCCESS, logIndex=1163, commits[3258574c-39ac-4ed5-9145-ea59a337c299:c1164]
2019-09-02 06:30:04,069 [grpc-default-executor-0] INFO  client.GrpcClientProtocolClient (GrpcClientProtocolClient.java:onNext(255)) - client-0D308AD40832->3258574c-39ac-4ed5-9145-ea59a337c299: receive RaftClientReply:client-0D308AD40832->3258574c-39ac-4ed5-9145-ea59a337c299@group-6C7D867BDA6A, cid=806, SUCCESS, logIndex=1164, commits[3258574c-39ac-4ed5-9145-ea59a337c299:c1167]
2019-09-02 06:30:04,070 [grpc-default-executor-0] INFO  client.GrpcClientProtocolClient (GrpcClientProtocolClient.java:onNext(255)) - client-0D308AD40832->3258574c-39ac-4ed5-9145-ea59a337c299: receive RaftClientReply:client-0D308AD40832->3258574c-39ac-4ed5-9145-ea59a337c299@group-6C7D867BDA6A, cid=807, SUCCESS, logIndex=1165, commits[3258574c-39ac-4ed5-9145-ea59a337c299:c1168]
2019-09-02 06:30:04,070 [grpc-default-executor-0] INFO  client.GrpcClientProtocolClient (GrpcClientProtocolClient.java:onNext(255)) - client-0D308AD40832->3258574c-39ac-4ed5-9145-ea59a337c299: receive RaftClientReply:client-0D308AD40832->3258574c-39ac-4ed5-9145-ea59a337c299@group-6C7D867BDA6A, cid=808, SUCCESS, logIndex=1166, commits[3258574c-39ac-4ed5-9145-ea59a337c299:c1168]
2019-09-02 06:30:04,094 [grpc-default-executor-0] INFO  client.GrpcClientProtocolClient (GrpcClientProtocolClient.java:onNext(255)) - client-0D308AD40832->3258574c-39ac-4ed5-9145-ea59a337c299: receive RaftClientReply:client-0D308AD40832->3258574c-39ac-4ed5-9145-ea59a337c299@group-6C7D867BDA6A, cid=809, SUCCESS, logIndex=1169, commits[3258574c-39ac-4ed5-9145-ea59a337c299:c1170]
2019-09-02 06:30:04,095 [grpc-default-executor-0] INFO  client.GrpcClientProtocolClient (GrpcClientProtocolClient.java:onNext(255)) - client-0D308AD40832->3258574c-39ac-4ed5-9145-ea59a337c299: receive RaftClientReply:client-0D308AD40832->3258574c-39ac-4ed5-9145-ea59a337c299@group-6C7D867BDA6A, cid=810, SUCCESS, logIndex=1170, commits[3258574c-39ac-4ed5-9145-ea59a337c299:c1170]
2019-09-02 06:30:04,095 [grpc-default-executor-0] INFO  client.GrpcClientProtocolClient (GrpcClientProtocolClient.java:onNext(255)) - client-0D308AD40832->3258574c-39ac-4ed5-9145-ea59a337c299: receive RaftClientReply:client-0D308AD40832->3258574c-39ac-4ed5-9145-ea59a337c299@group-6C7D867BDA6A, cid=811, SUCCESS, logIndex=1171, commits[3258574c-39ac-4ed5-9145-ea59a337c299:c1172]
2019-09-02 06:30:04,096 [grpc-default-executor-0] INFO  client.GrpcClientProtocolClient (GrpcClientProtocolClient.java:onNext(255)) - client-0D308AD40832->3258574c-39ac-4ed5-9145-ea59a337c299: receive RaftClientReply:client-0D308AD40832->3258574c-39ac-4ed5-9145-ea59a337c299@group-6C7D867BDA6A, cid=812, SUCCESS, logIndex=1172, commits[3258574c-39ac-4ed5-9145-ea59a337c299:c1173]
2019-09-02 06:30:04,115 [grpc-default-executor-0] INFO  client.GrpcClientProtocolClient (GrpcClientProtocolClient.java:onNext(255)) - client-0D308AD40832->3258574c-39ac-4ed5-9145-ea59a337c299: receive RaftClientReply:client-0D308AD40832->3258574c-39ac-4ed5-9145-ea59a337c299@group-6C7D867BDA6A, cid=813, SUCCESS, logIndex=1175, commits[3258574c-39ac-4ed5-9145-ea59a337c299:c1178]
2019-09-02 06:30:04,115 [grpc-default-executor-0] INFO  client.GrpcClientProtocolClient (GrpcClientProtocolClient.java:onNext(255)) - client-0D308AD40832->3258574c-39ac-4ed5-9145-ea59a337c299: receive RaftClientReply:client-0D308AD40832->3258574c-39ac-4ed5-9145-ea59a337c299@group-6C7D867BDA6A, cid=814, SUCCESS, logIndex=1176, commits[3258574c-39ac-4ed5-9145-ea59a337c299:c1179]
2019-09-02 06:30:04,116 [grpc-default-executor-0] INFO  client.GrpcClientProtocolClient (GrpcClientProtocolClient.java:onNext(255)) - client-0D308AD40832->3258574c-39ac-4ed5-9145-ea59a337c299: receive RaftClientReply:client-0D308AD40832->3258574c-39ac-4ed5-9145-ea59a337c299@group-6C7D867BDA6A, cid=815, SUCCESS, logIndex=1177, commits[3258574c-39ac-4ed5-9145-ea59a337c299:c1179]
2019-09-02 06:30:04,116 [grpc-default-executor-0] INFO  client.GrpcClientProtocolClient (GrpcClientProtocolClient.java:onNext(255)) - client-0D308AD40832->3258574c-39ac-4ed5-9145-ea59a337c299: receive RaftClientReply:client-0D308AD40832->3258574c-39ac-4ed5-9145-ea59a337c299@group-6C7D867BDA6A, cid=816, SUCCESS, logIndex=1178, commits[3258574c-39ac-4ed5-9145-ea59a337c299:c1179]
2019-09-02 06:30:04,125 [SCMBlockDeletingService#1] DEBUG block.SCMBlockDeletingService (SCMBlockDeletingService.java:call(138)) - Running DeletedBlockTransactionScanner
2019-09-02 06:30:04,125 [SCMBlockDeletingService#1] DEBUG block.SCMBlockDeletingService (SCMBlockDeletingService.java:call(155)) - Scanned deleted blocks log and got 0 delTX to process.
2019-09-02 06:30:04,139 [grpc-default-executor-0] INFO  client.GrpcClientProtocolClient (GrpcClientProtocolClient.java:onNext(255)) - client-0D308AD40832->3258574c-39ac-4ed5-9145-ea59a337c299: receive RaftClientReply:client-0D308AD40832->3258574c-39ac-4ed5-9145-ea59a337c299@group-6C7D867BDA6A, cid=817, SUCCESS, logIndex=1180, commits[3258574c-39ac-4ed5-9145-ea59a337c299:c1181]
2019-09-02 06:30:04,140 [grpc-default-executor-0] INFO  client.GrpcClientProtocolClient (GrpcClientProtocolClient.java:onNext(255)) - client-0D308AD40832->3258574c-39ac-4ed5-9145-ea59a337c299: receive RaftClientReply:client-0D308AD40832->3258574c-39ac-4ed5-9145-ea59a337c299@group-6C7D867BDA6A, cid=818, SUCCESS, logIndex=1181, commits[3258574c-39ac-4ed5-9145-ea59a337c299:c1183]
2019-09-02 06:30:04,140 [grpc-default-executor-0] INFO  client.GrpcClientProtocolClient (GrpcClientProtocolClient.java:onNext(255)) - client-0D308AD40832->3258574c-39ac-4ed5-9145-ea59a337c299: receive RaftClientReply:client-0D308AD40832->3258574c-39ac-4ed5-9145-ea59a337c299@group-6C7D867BDA6A, cid=819, SUCCESS, logIndex=1182, commits[3258574c-39ac-4ed5-9145-ea59a337c299:c1184]
2019-09-02 06:30:04,140 [grpc-default-executor-0] INFO  client.GrpcClientProtocolClient (GrpcClientProtocolClient.java:onNext(255)) - client-0D308AD40832->3258574c-39ac-4ed5-9145-ea59a337c299: receive RaftClientReply:client-0D308AD40832->3258574c-39ac-4ed5-9145-ea59a337c299@group-6C7D867BDA6A, cid=820, SUCCESS, logIndex=1183, commits[3258574c-39ac-4ed5-9145-ea59a337c299:c1184]
2019-09-02 06:30:04,149 [grpc-default-executor-1] INFO  client.GrpcClientProtocolClient (GrpcClientProtocolClient.java:onNext(255)) - client-0D308AD40832->3258574c-39ac-4ed5-9145-ea59a337c299: receive RaftClientReply:client-0D308AD40832->3258574c-39ac-4ed5-9145-ea59a337c299@group-6C7D867BDA6A, cid=821, SUCCESS, logIndex=1186, commits[3258574c-39ac-4ed5-9145-ea59a337c299:c1187]
2019-09-02 06:30:04,149 [grpc-default-executor-1] INFO  client.GrpcClientProtocolClient (GrpcClientProtocolClient.java:onNext(255)) - client-0D308AD40832->3258574c-39ac-4ed5-9145-ea59a337c299: receive RaftClientReply:client-0D308AD40832->3258574c-39ac-4ed5-9145-ea59a337c299@group-6C7D867BDA6A, cid=822, SUCCESS, logIndex=1187, commits[3258574c-39ac-4ed5-9145-ea59a337c299:c1187]
2019-09-02 06:30:04,150 [grpc-default-executor-1] INFO  client.GrpcClientProtocolClient (GrpcClientProtocolClient.java:onNext(255)) - client-0D308AD40832->3258574c-39ac-4ed5-9145-ea59a337c299: receive RaftClientReply:client-0D308AD40832->3258574c-39ac-4ed5-9145-ea59a337c299@group-6C7D867BDA6A, cid=823, SUCCESS, logIndex=1188, commits[3258574c-39ac-4ed5-9145-ea59a337c299:c1190]
2019-09-02 06:30:04,151 [grpc-default-executor-1] INFO  client.GrpcClientProtocolClient (GrpcClientProtocolClient.java:onNext(255)) - client-0D308AD40832->3258574c-39ac-4ed5-9145-ea59a337c299: receive RaftClientReply:client-0D308AD40832->3258574c-39ac-4ed5-9145-ea59a337c299@group-6C7D867BDA6A, cid=824, SUCCESS, logIndex=1189, commits[3258574c-39ac-4ed5-9145-ea59a337c299:c1190]
2019-09-02 06:30:04,171 [grpc-default-executor-1] INFO  client.GrpcClientProtocolClient (GrpcClientProtocolClient.java:onNext(255)) - client-0D308AD40832->3258574c-39ac-4ed5-9145-ea59a337c299: receive RaftClientReply:client-0D308AD40832->3258574c-39ac-4ed5-9145-ea59a337c299@group-6C7D867BDA6A, cid=825, SUCCESS, logIndex=1191, commits[3258574c-39ac-4ed5-9145-ea59a337c299:c1194]
2019-09-02 06:30:04,172 [grpc-default-executor-1] INFO  client.GrpcClientProtocolClient (GrpcClientProtocolClient.java:onNext(255)) - client-0D308AD40832->3258574c-39ac-4ed5-9145-ea59a337c299: receive RaftClientReply:client-0D308AD40832->3258574c-39ac-4ed5-9145-ea59a337c299@group-6C7D867BDA6A, cid=826, SUCCESS, logIndex=1192, commits[3258574c-39ac-4ed5-9145-ea59a337c299:c1194]
2019-09-02 06:30:04,172 [grpc-default-executor-1] INFO  client.GrpcClientProtocolClient (GrpcClientProtocolClient.java:onNext(255)) - client-0D308AD40832->3258574c-39ac-4ed5-9145-ea59a337c299: receive RaftClientReply:client-0D308AD40832->3258574c-39ac-4ed5-9145-ea59a337c299@group-6C7D867BDA6A, cid=827, SUCCESS, logIndex=1193, commits[3258574c-39ac-4ed5-9145-ea59a337c299:c1195]
2019-09-02 06:30:04,172 [grpc-default-executor-1] INFO  client.GrpcClientProtocolClient (GrpcClientProtocolClient.java:onNext(255)) - client-0D308AD40832->3258574c-39ac-4ed5-9145-ea59a337c299: receive RaftClientReply:client-0D308AD40832->3258574c-39ac-4ed5-9145-ea59a337c299@group-6C7D867BDA6A, cid=828, SUCCESS, logIndex=1194, commits[3258574c-39ac-4ed5-9145-ea59a337c299:c1195]
2019-09-02 06:30:04,182 [grpc-default-executor-0] INFO  client.GrpcClientProtocolClient (GrpcClientProtocolClient.java:onNext(255)) - client-0D308AD40832->3258574c-39ac-4ed5-9145-ea59a337c299: receive RaftClientReply:client-0D308AD40832->3258574c-39ac-4ed5-9145-ea59a337c299@group-6C7D867BDA6A, cid=829, SUCCESS, logIndex=1197, commits[3258574c-39ac-4ed5-9145-ea59a337c299:c1198]
2019-09-02 06:30:04,183 [grpc-default-executor-0] INFO  client.GrpcClientProtocolClient (GrpcClientProtocolClient.java:onNext(255)) - client-0D308AD40832->3258574c-39ac-4ed5-9145-ea59a337c299: receive RaftClientReply:client-0D308AD40832->3258574c-39ac-4ed5-9145-ea59a337c299@group-6C7D867BDA6A, cid=830, SUCCESS, logIndex=1198, commits[3258574c-39ac-4ed5-9145-ea59a337c299:c1198]
2019-09-02 06:30:04,184 [grpc-default-executor-0] INFO  client.GrpcClientProtocolClient (GrpcClientProtocolClient.java:onNext(255)) - client-0D308AD40832->3258574c-39ac-4ed5-9145-ea59a337c299: receive RaftClientReply:client-0D308AD40832->3258574c-39ac-4ed5-9145-ea59a337c299@group-6C7D867BDA6A, cid=831, SUCCESS, logIndex=1199, commits[3258574c-39ac-4ed5-9145-ea59a337c299:c1201]
2019-09-02 06:30:04,184 [grpc-default-executor-0] INFO  client.GrpcClientProtocolClient (GrpcClientProtocolClient.java:onNext(255)) - client-0D308AD40832->3258574c-39ac-4ed5-9145-ea59a337c299: receive RaftClientReply:client-0D308AD40832->3258574c-39ac-4ed5-9145-ea59a337c299@group-6C7D867BDA6A, cid=832, SUCCESS, logIndex=1200, commits[3258574c-39ac-4ed5-9145-ea59a337c299:c1201]
2019-09-02 06:30:04,197 [grpc-default-executor-1] INFO  client.GrpcClientProtocolClient (GrpcClientProtocolClient.java:onNext(255)) - client-0D308AD40832->3258574c-39ac-4ed5-9145-ea59a337c299: receive RaftClientReply:client-0D308AD40832->3258574c-39ac-4ed5-9145-ea59a337c299@group-6C7D867BDA6A, cid=833, SUCCESS, logIndex=1202, commits[3258574c-39ac-4ed5-9145-ea59a337c299:c1203]
2019-09-02 06:30:04,197 [grpc-default-executor-1] INFO  client.GrpcClientProtocolClient (GrpcClientProtocolClient.java:onNext(255)) - client-0D308AD40832->3258574c-39ac-4ed5-9145-ea59a337c299: receive RaftClientReply:client-0D308AD40832->3258574c-39ac-4ed5-9145-ea59a337c299@group-6C7D867BDA6A, cid=834, SUCCESS, logIndex=1203, commits[3258574c-39ac-4ed5-9145-ea59a337c299:c1203]
2019-09-02 06:30:04,199 [grpc-default-executor-1] INFO  client.GrpcClientProtocolClient (GrpcClientProtocolClient.java:onNext(255)) - client-0D308AD40832->3258574c-39ac-4ed5-9145-ea59a337c299: receive RaftClientReply:client-0D308AD40832->3258574c-39ac-4ed5-9145-ea59a337c299@group-6C7D867BDA6A, cid=835, SUCCESS, logIndex=1204, commits[3258574c-39ac-4ed5-9145-ea59a337c299:c1206]
2019-09-02 06:30:04,199 [grpc-default-executor-1] INFO  client.GrpcClientProtocolClient (GrpcClientProtocolClient.java:onNext(255)) - client-0D308AD40832->3258574c-39ac-4ed5-9145-ea59a337c299: receive RaftClientReply:client-0D308AD40832->3258574c-39ac-4ed5-9145-ea59a337c299@group-6C7D867BDA6A, cid=836, SUCCESS, logIndex=1205, commits[3258574c-39ac-4ed5-9145-ea59a337c299:c1206]
2019-09-02 06:30:04,215 [grpc-default-executor-1] INFO  client.GrpcClientProtocolClient (GrpcClientProtocolClient.java:onNext(255)) - client-0D308AD40832->3258574c-39ac-4ed5-9145-ea59a337c299: receive RaftClientReply:client-0D308AD40832->3258574c-39ac-4ed5-9145-ea59a337c299@group-6C7D867BDA6A, cid=837, SUCCESS, logIndex=1207, commits[3258574c-39ac-4ed5-9145-ea59a337c299:c1208]
2019-09-02 06:30:04,216 [grpc-default-executor-1] INFO  client.GrpcClientProtocolClient (GrpcClientProtocolClient.java:onNext(255)) - client-0D308AD40832->3258574c-39ac-4ed5-9145-ea59a337c299: receive RaftClientReply:client-0D308AD40832->3258574c-39ac-4ed5-9145-ea59a337c299@group-6C7D867BDA6A, cid=838, SUCCESS, logIndex=1208, commits[3258574c-39ac-4ed5-9145-ea59a337c299:c1209]
2019-09-02 06:30:04,225 [SCMBlockDeletingService#1] DEBUG block.SCMBlockDeletingService (SCMBlockDeletingService.java:call(138)) - Running DeletedBlockTransactionScanner
2019-09-02 06:30:04,226 [SCMBlockDeletingService#1] DEBUG block.SCMBlockDeletingService (SCMBlockDeletingService.java:call(155)) - Scanned deleted blocks log and got 0 delTX to process.
2019-09-02 06:30:04,321 [grpc-default-executor-1] INFO  client.GrpcClientProtocolClient (GrpcClientProtocolClient.java:onNext(255)) - client-0D308AD40832->3258574c-39ac-4ed5-9145-ea59a337c299: receive RaftClientReply:client-0D308AD40832->3258574c-39ac-4ed5-9145-ea59a337c299@group-6C7D867BDA6A, cid=839, SUCCESS, logIndex=1210, commits[3258574c-39ac-4ed5-9145-ea59a337c299:c1211]
2019-09-02 06:30:04,321 [grpc-default-executor-1] INFO  client.GrpcClientProtocolClient (GrpcClientProtocolClient.java:onNext(255)) - client-0D308AD40832->3258574c-39ac-4ed5-9145-ea59a337c299: receive RaftClientReply:client-0D308AD40832->3258574c-39ac-4ed5-9145-ea59a337c299@group-6C7D867BDA6A, cid=840, SUCCESS, logIndex=1211, commits[3258574c-39ac-4ed5-9145-ea59a337c299:c1212]
2019-09-02 06:30:04,326 [SCMBlockDeletingService#1] DEBUG block.SCMBlockDeletingService (SCMBlockDeletingService.java:call(138)) - Running DeletedBlockTransactionScanner
2019-09-02 06:30:04,326 [SCMBlockDeletingService#1] DEBUG block.SCMBlockDeletingService (SCMBlockDeletingService.java:call(155)) - Scanned deleted blocks log and got 0 delTX to process.
2019-09-02 06:30:04,337 [grpc-default-executor-1] INFO  client.GrpcClientProtocolClient (GrpcClientProtocolClient.java:onNext(255)) - client-0D308AD40832->3258574c-39ac-4ed5-9145-ea59a337c299: receive RaftClientReply:client-0D308AD40832->3258574c-39ac-4ed5-9145-ea59a337c299@group-6C7D867BDA6A, cid=841, SUCCESS, logIndex=1213, commits[3258574c-39ac-4ed5-9145-ea59a337c299:c1214]
2019-09-02 06:30:04,410 [grpc-default-executor-1] INFO  client.GrpcClientProtocolClient (GrpcClientProtocolClient.java:onNext(255)) - client-0D308AD40832->3258574c-39ac-4ed5-9145-ea59a337c299: receive RaftClientReply:client-0D308AD40832->3258574c-39ac-4ed5-9145-ea59a337c299@group-6C7D867BDA6A, cid=842, SUCCESS, logIndex=1214, commits[3258574c-39ac-4ed5-9145-ea59a337c299:c1214]
2019-09-02 06:30:04,410 [grpc-default-executor-1] INFO  client.GrpcClientProtocolClient (GrpcClientProtocolClient.java:onNext(255)) - client-0D308AD40832->3258574c-39ac-4ed5-9145-ea59a337c299: receive RaftClientReply:client-0D308AD40832->3258574c-39ac-4ed5-9145-ea59a337c299@group-6C7D867BDA6A, cid=843, SUCCESS, logIndex=1215, commits[3258574c-39ac-4ed5-9145-ea59a337c299:c1217]
2019-09-02 06:30:04,411 [grpc-default-executor-1] INFO  client.GrpcClientProtocolClient (GrpcClientProtocolClient.java:onNext(255)) - client-0D308AD40832->3258574c-39ac-4ed5-9145-ea59a337c299: receive RaftClientReply:client-0D308AD40832->3258574c-39ac-4ed5-9145-ea59a337c299@group-6C7D867BDA6A, cid=844, SUCCESS, logIndex=1216, commits[3258574c-39ac-4ed5-9145-ea59a337c299:c1217]
2019-09-02 06:30:04,427 [SCMBlockDeletingService#1] DEBUG block.SCMBlockDeletingService (SCMBlockDeletingService.java:call(138)) - Running DeletedBlockTransactionScanner
2019-09-02 06:30:04,427 [SCMBlockDeletingService#1] DEBUG block.SCMBlockDeletingService (SCMBlockDeletingService.java:call(155)) - Scanned deleted blocks log and got 0 delTX to process.
2019-09-02 06:30:04,431 [grpc-default-executor-1] INFO  client.GrpcClientProtocolClient (GrpcClientProtocolClient.java:onNext(255)) - client-0D308AD40832->3258574c-39ac-4ed5-9145-ea59a337c299: receive RaftClientReply:client-0D308AD40832->3258574c-39ac-4ed5-9145-ea59a337c299@group-6C7D867BDA6A, cid=845, SUCCESS, logIndex=1218, commits[3258574c-39ac-4ed5-9145-ea59a337c299:c1219]
2019-09-02 06:30:04,432 [grpc-default-executor-1] INFO  client.GrpcClientProtocolClient (GrpcClientProtocolClient.java:onNext(255)) - client-0D308AD40832->3258574c-39ac-4ed5-9145-ea59a337c299: receive RaftClientReply:client-0D308AD40832->3258574c-39ac-4ed5-9145-ea59a337c299@group-6C7D867BDA6A, cid=846, SUCCESS, logIndex=1219, commits[3258574c-39ac-4ed5-9145-ea59a337c299:c1221]
2019-09-02 06:30:04,432 [grpc-default-executor-1] INFO  client.GrpcClientProtocolClient (GrpcClientProtocolClient.java:onNext(255)) - client-0D308AD40832->3258574c-39ac-4ed5-9145-ea59a337c299: receive RaftClientReply:client-0D308AD40832->3258574c-39ac-4ed5-9145-ea59a337c299@group-6C7D867BDA6A, cid=847, SUCCESS, logIndex=1220, commits[3258574c-39ac-4ed5-9145-ea59a337c299:c1222]
2019-09-02 06:30:04,433 [grpc-default-executor-1] INFO  client.GrpcClientProtocolClient (GrpcClientProtocolClient.java:onNext(255)) - client-0D308AD40832->3258574c-39ac-4ed5-9145-ea59a337c299: receive RaftClientReply:client-0D308AD40832->3258574c-39ac-4ed5-9145-ea59a337c299@group-6C7D867BDA6A, cid=848, SUCCESS, logIndex=1221, commits[3258574c-39ac-4ed5-9145-ea59a337c299:c1223]
2019-09-02 06:30:04,459 [grpc-default-executor-1] INFO  client.GrpcClientProtocolClient (GrpcClientProtocolClient.java:onNext(255)) - client-0D308AD40832->3258574c-39ac-4ed5-9145-ea59a337c299: receive RaftClientReply:client-0D308AD40832->3258574c-39ac-4ed5-9145-ea59a337c299@group-6C7D867BDA6A, cid=849, SUCCESS, logIndex=1224, commits[3258574c-39ac-4ed5-9145-ea59a337c299:c1225]
2019-09-02 06:30:04,460 [grpc-default-executor-1] INFO  client.GrpcClientProtocolClient (GrpcClientProtocolClient.java:onNext(255)) - client-0D308AD40832->3258574c-39ac-4ed5-9145-ea59a337c299: receive RaftClientReply:client-0D308AD40832->3258574c-39ac-4ed5-9145-ea59a337c299@group-6C7D867BDA6A, cid=850, SUCCESS, logIndex=1225, commits[3258574c-39ac-4ed5-9145-ea59a337c299:c1228]
2019-09-02 06:30:04,460 [grpc-default-executor-1] INFO  client.GrpcClientProtocolClient (GrpcClientProtocolClient.java:onNext(255)) - client-0D308AD40832->3258574c-39ac-4ed5-9145-ea59a337c299: receive RaftClientReply:client-0D308AD40832->3258574c-39ac-4ed5-9145-ea59a337c299@group-6C7D867BDA6A, cid=851, SUCCESS, logIndex=1226, commits[3258574c-39ac-4ed5-9145-ea59a337c299:c1228]
2019-09-02 06:30:04,460 [grpc-default-executor-1] INFO  client.GrpcClientProtocolClient (GrpcClientProtocolClient.java:onNext(255)) - client-0D308AD40832->3258574c-39ac-4ed5-9145-ea59a337c299: receive RaftClientReply:client-0D308AD40832->3258574c-39ac-4ed5-9145-ea59a337c299@group-6C7D867BDA6A, cid=852, SUCCESS, logIndex=1227, commits[3258574c-39ac-4ed5-9145-ea59a337c299:c1229]
2019-09-02 06:30:04,483 [grpc-default-executor-1] INFO  client.GrpcClientProtocolClient (GrpcClientProtocolClient.java:onNext(255)) - client-0D308AD40832->3258574c-39ac-4ed5-9145-ea59a337c299: receive RaftClientReply:client-0D308AD40832->3258574c-39ac-4ed5-9145-ea59a337c299@group-6C7D867BDA6A, cid=853, SUCCESS, logIndex=1230, commits[3258574c-39ac-4ed5-9145-ea59a337c299:c1233]
2019-09-02 06:30:04,483 [grpc-default-executor-1] INFO  client.GrpcClientProtocolClient (GrpcClientProtocolClient.java:onNext(255)) - client-0D308AD40832->3258574c-39ac-4ed5-9145-ea59a337c299: receive RaftClientReply:client-0D308AD40832->3258574c-39ac-4ed5-9145-ea59a337c299@group-6C7D867BDA6A, cid=854, SUCCESS, logIndex=1231, commits[3258574c-39ac-4ed5-9145-ea59a337c299:c1234]
2019-09-02 06:30:04,483 [grpc-default-executor-1] INFO  client.GrpcClientProtocolClient (GrpcClientProtocolClient.java:onNext(255)) - client-0D308AD40832->3258574c-39ac-4ed5-9145-ea59a337c299: receive RaftClientReply:client-0D308AD40832->3258574c-39ac-4ed5-9145-ea59a337c299@group-6C7D867BDA6A, cid=855, SUCCESS, logIndex=1232, commits[3258574c-39ac-4ed5-9145-ea59a337c299:c1234]
2019-09-02 06:30:04,484 [grpc-default-executor-1] INFO  client.GrpcClientProtocolClient (GrpcClientProtocolClient.java:onNext(255)) - client-0D308AD40832->3258574c-39ac-4ed5-9145-ea59a337c299: receive RaftClientReply:client-0D308AD40832->3258574c-39ac-4ed5-9145-ea59a337c299@group-6C7D867BDA6A, cid=856, SUCCESS, logIndex=1233, commits[3258574c-39ac-4ed5-9145-ea59a337c299:c1234]
2019-09-02 06:30:04,498 [grpc-default-executor-0] INFO  client.GrpcClientProtocolClient (GrpcClientProtocolClient.java:onNext(255)) - client-0D308AD40832->3258574c-39ac-4ed5-9145-ea59a337c299: receive RaftClientReply:client-0D308AD40832->3258574c-39ac-4ed5-9145-ea59a337c299@group-6C7D867BDA6A, cid=857, SUCCESS, logIndex=1235, commits[3258574c-39ac-4ed5-9145-ea59a337c299:c1236]
2019-09-02 06:30:04,499 [grpc-default-executor-0] INFO  client.GrpcClientProtocolClient (GrpcClientProtocolClient.java:onNext(255)) - client-0D308AD40832->3258574c-39ac-4ed5-9145-ea59a337c299: receive RaftClientReply:client-0D308AD40832->3258574c-39ac-4ed5-9145-ea59a337c299@group-6C7D867BDA6A, cid=858, SUCCESS, logIndex=1236, commits[3258574c-39ac-4ed5-9145-ea59a337c299:c1236]
2019-09-02 06:30:04,499 [grpc-default-executor-0] INFO  client.GrpcClientProtocolClient (GrpcClientProtocolClient.java:onNext(255)) - client-0D308AD40832->3258574c-39ac-4ed5-9145-ea59a337c299: receive RaftClientReply:client-0D308AD40832->3258574c-39ac-4ed5-9145-ea59a337c299@group-6C7D867BDA6A, cid=859, SUCCESS, logIndex=1237, commits[3258574c-39ac-4ed5-9145-ea59a337c299:c1239]
2019-09-02 06:30:04,499 [grpc-default-executor-0] INFO  client.GrpcClientProtocolClient (GrpcClientProtocolClient.java:onNext(255)) - client-0D308AD40832->3258574c-39ac-4ed5-9145-ea59a337c299: receive RaftClientReply:client-0D308AD40832->3258574c-39ac-4ed5-9145-ea59a337c299@group-6C7D867BDA6A, cid=860, SUCCESS, logIndex=1238, commits[3258574c-39ac-4ed5-9145-ea59a337c299:c1239]
2019-09-02 06:30:04,508 [grpc-default-executor-0] INFO  client.GrpcClientProtocolClient (GrpcClientProtocolClient.java:onNext(255)) - client-0D308AD40832->3258574c-39ac-4ed5-9145-ea59a337c299: receive RaftClientReply:client-0D308AD40832->3258574c-39ac-4ed5-9145-ea59a337c299@group-6C7D867BDA6A, cid=861, SUCCESS, logIndex=1240, commits[3258574c-39ac-4ed5-9145-ea59a337c299:c1241]
2019-09-02 06:30:04,508 [grpc-default-executor-0] INFO  client.GrpcClientProtocolClient (GrpcClientProtocolClient.java:onNext(255)) - client-0D308AD40832->3258574c-39ac-4ed5-9145-ea59a337c299: receive RaftClientReply:client-0D308AD40832->3258574c-39ac-4ed5-9145-ea59a337c299@group-6C7D867BDA6A, cid=862, SUCCESS, logIndex=1241, commits[3258574c-39ac-4ed5-9145-ea59a337c299:c1241]
2019-09-02 06:30:04,510 [grpc-default-executor-0] INFO  client.GrpcClientProtocolClient (GrpcClientProtocolClient.java:onNext(255)) - client-0D308AD40832->3258574c-39ac-4ed5-9145-ea59a337c299: receive RaftClientReply:client-0D308AD40832->3258574c-39ac-4ed5-9145-ea59a337c299@group-6C7D867BDA6A, cid=863, SUCCESS, logIndex=1242, commits[3258574c-39ac-4ed5-9145-ea59a337c299:c1244]
2019-09-02 06:30:04,510 [grpc-default-executor-0] INFO  client.GrpcClientProtocolClient (GrpcClientProtocolClient.java:onNext(255)) - client-0D308AD40832->3258574c-39ac-4ed5-9145-ea59a337c299: receive RaftClientReply:client-0D308AD40832->3258574c-39ac-4ed5-9145-ea59a337c299@group-6C7D867BDA6A, cid=864, SUCCESS, logIndex=1244, commits[3258574c-39ac-4ed5-9145-ea59a337c299:c1245]
2019-09-02 06:30:04,525 [grpc-default-executor-1] INFO  client.GrpcClientProtocolClient (GrpcClientProtocolClient.java:onNext(255)) - client-0D308AD40832->3258574c-39ac-4ed5-9145-ea59a337c299: receive RaftClientReply:client-0D308AD40832->3258574c-39ac-4ed5-9145-ea59a337c299@group-6C7D867BDA6A, cid=865, SUCCESS, logIndex=1246, commits[3258574c-39ac-4ed5-9145-ea59a337c299:c1247]
2019-09-02 06:30:04,526 [grpc-default-executor-1] INFO  client.GrpcClientProtocolClient (GrpcClientProtocolClient.java:onNext(255)) - client-0D308AD40832->3258574c-39ac-4ed5-9145-ea59a337c299: receive RaftClientReply:client-0D308AD40832->3258574c-39ac-4ed5-9145-ea59a337c299@group-6C7D867BDA6A, cid=866, SUCCESS, logIndex=1247, commits[3258574c-39ac-4ed5-9145-ea59a337c299:c1249]
2019-09-02 06:30:04,526 [grpc-default-executor-1] INFO  client.GrpcClientProtocolClient (GrpcClientProtocolClient.java:onNext(255)) - client-0D308AD40832->3258574c-39ac-4ed5-9145-ea59a337c299: receive RaftClientReply:client-0D308AD40832->3258574c-39ac-4ed5-9145-ea59a337c299@group-6C7D867BDA6A, cid=867, SUCCESS, logIndex=1248, commits[3258574c-39ac-4ed5-9145-ea59a337c299:c1250]
2019-09-02 06:30:04,526 [grpc-default-executor-1] INFO  client.GrpcClientProtocolClient (GrpcClientProtocolClient.java:onNext(255)) - client-0D308AD40832->3258574c-39ac-4ed5-9145-ea59a337c299: receive RaftClientReply:client-0D308AD40832->3258574c-39ac-4ed5-9145-ea59a337c299@group-6C7D867BDA6A, cid=868, SUCCESS, logIndex=1249, commits[3258574c-39ac-4ed5-9145-ea59a337c299:c1251]
2019-09-02 06:30:04,527 [SCMBlockDeletingService#1] DEBUG block.SCMBlockDeletingService (SCMBlockDeletingService.java:call(138)) - Running DeletedBlockTransactionScanner
2019-09-02 06:30:04,527 [SCMBlockDeletingService#1] DEBUG block.SCMBlockDeletingService (SCMBlockDeletingService.java:call(155)) - Scanned deleted blocks log and got 0 delTX to process.
2019-09-02 06:30:04,543 [grpc-default-executor-0] INFO  client.GrpcClientProtocolClient (GrpcClientProtocolClient.java:onNext(255)) - client-0D308AD40832->3258574c-39ac-4ed5-9145-ea59a337c299: receive RaftClientReply:client-0D308AD40832->3258574c-39ac-4ed5-9145-ea59a337c299@group-6C7D867BDA6A, cid=869, SUCCESS, logIndex=1252, commits[3258574c-39ac-4ed5-9145-ea59a337c299:c1255]
2019-09-02 06:30:04,547 [grpc-default-executor-0] INFO  client.GrpcClientProtocolClient (GrpcClientProtocolClient.java:onNext(255)) - client-0D308AD40832->3258574c-39ac-4ed5-9145-ea59a337c299: receive RaftClientReply:client-0D308AD40832->3258574c-39ac-4ed5-9145-ea59a337c299@group-6C7D867BDA6A, cid=870, SUCCESS, logIndex=1253, commits[3258574c-39ac-4ed5-9145-ea59a337c299:c1257]
2019-09-02 06:30:04,547 [grpc-default-executor-0] INFO  client.GrpcClientProtocolClient (GrpcClientProtocolClient.java:onNext(255)) - client-0D308AD40832->3258574c-39ac-4ed5-9145-ea59a337c299: receive RaftClientReply:client-0D308AD40832->3258574c-39ac-4ed5-9145-ea59a337c299@group-6C7D867BDA6A, cid=871, SUCCESS, logIndex=1254, commits[3258574c-39ac-4ed5-9145-ea59a337c299:c1257]
2019-09-02 06:30:04,547 [grpc-default-executor-0] INFO  client.GrpcClientProtocolClient (GrpcClientProtocolClient.java:onNext(255)) - client-0D308AD40832->3258574c-39ac-4ed5-9145-ea59a337c299: receive RaftClientReply:client-0D308AD40832->3258574c-39ac-4ed5-9145-ea59a337c299@group-6C7D867BDA6A, cid=872, SUCCESS, logIndex=1255, commits[3258574c-39ac-4ed5-9145-ea59a337c299:c1257]
2019-09-02 06:30:04,562 [grpc-default-executor-0] INFO  client.GrpcClientProtocolClient (GrpcClientProtocolClient.java:onNext(255)) - client-0D308AD40832->3258574c-39ac-4ed5-9145-ea59a337c299: receive RaftClientReply:client-0D308AD40832->3258574c-39ac-4ed5-9145-ea59a337c299@group-6C7D867BDA6A, cid=873, SUCCESS, logIndex=1258, commits[3258574c-39ac-4ed5-9145-ea59a337c299:c1261]
2019-09-02 06:30:04,563 [grpc-default-executor-0] INFO  client.GrpcClientProtocolClient (GrpcClientProtocolClient.java:onNext(255)) - client-0D308AD40832->3258574c-39ac-4ed5-9145-ea59a337c299: receive RaftClientReply:client-0D308AD40832->3258574c-39ac-4ed5-9145-ea59a337c299@group-6C7D867BDA6A, cid=874, SUCCESS, logIndex=1259, commits[3258574c-39ac-4ed5-9145-ea59a337c299:c1261]
2019-09-02 06:30:04,563 [grpc-default-executor-0] INFO  client.GrpcClientProtocolClient (GrpcClientProtocolClient.java:onNext(255)) - client-0D308AD40832->3258574c-39ac-4ed5-9145-ea59a337c299: receive RaftClientReply:client-0D308AD40832->3258574c-39ac-4ed5-9145-ea59a337c299@group-6C7D867BDA6A, cid=875, SUCCESS, logIndex=1260, commits[3258574c-39ac-4ed5-9145-ea59a337c299:c1262]
2019-09-02 06:30:04,564 [grpc-default-executor-0] INFO  client.GrpcClientProtocolClient (GrpcClientProtocolClient.java:onNext(255)) - client-0D308AD40832->3258574c-39ac-4ed5-9145-ea59a337c299: receive RaftClientReply:client-0D308AD40832->3258574c-39ac-4ed5-9145-ea59a337c299@group-6C7D867BDA6A, cid=876, SUCCESS, logIndex=1261, commits[3258574c-39ac-4ed5-9145-ea59a337c299:c1263]
2019-09-02 06:30:04,580 [grpc-default-executor-1] INFO  client.GrpcClientProtocolClient (GrpcClientProtocolClient.java:onNext(255)) - client-0D308AD40832->3258574c-39ac-4ed5-9145-ea59a337c299: receive RaftClientReply:client-0D308AD40832->3258574c-39ac-4ed5-9145-ea59a337c299@group-6C7D867BDA6A, cid=877, SUCCESS, logIndex=1264, commits[3258574c-39ac-4ed5-9145-ea59a337c299:c1265]
2019-09-02 06:30:04,580 [grpc-default-executor-1] INFO  client.GrpcClientProtocolClient (GrpcClientProtocolClient.java:onNext(255)) - client-0D308AD40832->3258574c-39ac-4ed5-9145-ea59a337c299: receive RaftClientReply:client-0D308AD40832->3258574c-39ac-4ed5-9145-ea59a337c299@group-6C7D867BDA6A, cid=878, SUCCESS, logIndex=1265, commits[3258574c-39ac-4ed5-9145-ea59a337c299:c1268]
2019-09-02 06:30:04,580 [grpc-default-executor-1] INFO  client.GrpcClientProtocolClient (GrpcClientProtocolClient.java:onNext(255)) - client-0D308AD40832->3258574c-39ac-4ed5-9145-ea59a337c299: receive RaftClientReply:client-0D308AD40832->3258574c-39ac-4ed5-9145-ea59a337c299@group-6C7D867BDA6A, cid=879, SUCCESS, logIndex=1266, commits[3258574c-39ac-4ed5-9145-ea59a337c299:c1268]
2019-09-02 06:30:04,581 [grpc-default-executor-1] INFO  client.GrpcClientProtocolClient (GrpcClientProtocolClient.java:onNext(255)) - client-0D308AD40832->3258574c-39ac-4ed5-9145-ea59a337c299: receive RaftClientReply:client-0D308AD40832->3258574c-39ac-4ed5-9145-ea59a337c299@group-6C7D867BDA6A, cid=880, SUCCESS, logIndex=1267, commits[3258574c-39ac-4ed5-9145-ea59a337c299:c1268]
2019-09-02 06:30:04,596 [grpc-default-executor-1] INFO  client.GrpcClientProtocolClient (GrpcClientProtocolClient.java:onNext(255)) - client-0D308AD40832->3258574c-39ac-4ed5-9145-ea59a337c299: receive RaftClientReply:client-0D308AD40832->3258574c-39ac-4ed5-9145-ea59a337c299@group-6C7D867BDA6A, cid=881, SUCCESS, logIndex=1270, commits[3258574c-39ac-4ed5-9145-ea59a337c299:c1271]
2019-09-02 06:30:04,596 [grpc-default-executor-1] INFO  client.GrpcClientProtocolClient (GrpcClientProtocolClient.java:onNext(255)) - client-0D308AD40832->3258574c-39ac-4ed5-9145-ea59a337c299: receive RaftClientReply:client-0D308AD40832->3258574c-39ac-4ed5-9145-ea59a337c299@group-6C7D867BDA6A, cid=882, SUCCESS, logIndex=1271, commits[3258574c-39ac-4ed5-9145-ea59a337c299:c1272]
2019-09-02 06:30:04,598 [grpc-default-executor-1] INFO  client.GrpcClientProtocolClient (GrpcClientProtocolClient.java:onNext(255)) - client-0D308AD40832->3258574c-39ac-4ed5-9145-ea59a337c299: receive RaftClientReply:client-0D308AD40832->3258574c-39ac-4ed5-9145-ea59a337c299@group-6C7D867BDA6A, cid=883, SUCCESS, logIndex=1273, commits[3258574c-39ac-4ed5-9145-ea59a337c299:c1274]
2019-09-02 06:30:04,599 [grpc-default-executor-1] INFO  client.GrpcClientProtocolClient (GrpcClientProtocolClient.java:onNext(255)) - client-0D308AD40832->3258574c-39ac-4ed5-9145-ea59a337c299: receive RaftClientReply:client-0D308AD40832->3258574c-39ac-4ed5-9145-ea59a337c299@group-6C7D867BDA6A, cid=884, SUCCESS, logIndex=1274, commits[3258574c-39ac-4ed5-9145-ea59a337c299:c1275]
2019-09-02 06:30:04,628 [SCMBlockDeletingService#1] DEBUG block.SCMBlockDeletingService (SCMBlockDeletingService.java:call(138)) - Running DeletedBlockTransactionScanner
2019-09-02 06:30:04,628 [SCMBlockDeletingService#1] DEBUG block.SCMBlockDeletingService (SCMBlockDeletingService.java:call(155)) - Scanned deleted blocks log and got 0 delTX to process.
2019-09-02 06:30:04,715 [grpc-default-executor-1] INFO  client.GrpcClientProtocolClient (GrpcClientProtocolClient.java:onNext(255)) - client-0D308AD40832->3258574c-39ac-4ed5-9145-ea59a337c299: receive RaftClientReply:client-0D308AD40832->3258574c-39ac-4ed5-9145-ea59a337c299@group-6C7D867BDA6A, cid=885, SUCCESS, logIndex=1276, commits[3258574c-39ac-4ed5-9145-ea59a337c299:c1280]
2019-09-02 06:30:04,716 [grpc-default-executor-1] INFO  client.GrpcClientProtocolClient (GrpcClientProtocolClient.java:onNext(255)) - client-0D308AD40832->3258574c-39ac-4ed5-9145-ea59a337c299: receive RaftClientReply:client-0D308AD40832->3258574c-39ac-4ed5-9145-ea59a337c299@group-6C7D867BDA6A, cid=886, SUCCESS, logIndex=1277, commits[3258574c-39ac-4ed5-9145-ea59a337c299:c1281]
2019-09-02 06:30:04,716 [grpc-default-executor-1] INFO  client.GrpcClientProtocolClient (GrpcClientProtocolClient.java:onNext(255)) - client-0D308AD40832->3258574c-39ac-4ed5-9145-ea59a337c299: receive RaftClientReply:client-0D308AD40832->3258574c-39ac-4ed5-9145-ea59a337c299@group-6C7D867BDA6A, cid=887, SUCCESS, logIndex=1278, commits[3258574c-39ac-4ed5-9145-ea59a337c299:c1281]
2019-09-02 06:30:04,717 [grpc-default-executor-1] INFO  client.GrpcClientProtocolClient (GrpcClientProtocolClient.java:onNext(255)) - client-0D308AD40832->3258574c-39ac-4ed5-9145-ea59a337c299: receive RaftClientReply:client-0D308AD40832->3258574c-39ac-4ed5-9145-ea59a337c299@group-6C7D867BDA6A, cid=888, SUCCESS, logIndex=1279, commits[3258574c-39ac-4ed5-9145-ea59a337c299:c1281]
2019-09-02 06:30:04,729 [SCMBlockDeletingService#1] DEBUG block.SCMBlockDeletingService (SCMBlockDeletingService.java:call(138)) - Running DeletedBlockTransactionScanner
2019-09-02 06:30:04,729 [SCMBlockDeletingService#1] DEBUG block.SCMBlockDeletingService (SCMBlockDeletingService.java:call(155)) - Scanned deleted blocks log and got 0 delTX to process.
2019-09-02 06:30:04,744 [grpc-default-executor-1] INFO  client.GrpcClientProtocolClient (GrpcClientProtocolClient.java:onNext(255)) - client-0D308AD40832->3258574c-39ac-4ed5-9145-ea59a337c299: receive RaftClientReply:client-0D308AD40832->3258574c-39ac-4ed5-9145-ea59a337c299@group-6C7D867BDA6A, cid=889, SUCCESS, logIndex=1282, commits[3258574c-39ac-4ed5-9145-ea59a337c299:c1283]
2019-09-02 06:30:04,745 [grpc-default-executor-1] INFO  client.GrpcClientProtocolClient (GrpcClientProtocolClient.java:onNext(255)) - client-0D308AD40832->3258574c-39ac-4ed5-9145-ea59a337c299: receive RaftClientReply:client-0D308AD40832->3258574c-39ac-4ed5-9145-ea59a337c299@group-6C7D867BDA6A, cid=890, SUCCESS, logIndex=1283, commits[3258574c-39ac-4ed5-9145-ea59a337c299:c1285]
2019-09-02 06:30:04,746 [grpc-default-executor-1] INFO  client.GrpcClientProtocolClient (GrpcClientProtocolClient.java:onNext(255)) - client-0D308AD40832->3258574c-39ac-4ed5-9145-ea59a337c299: receive RaftClientReply:client-0D308AD40832->3258574c-39ac-4ed5-9145-ea59a337c299@group-6C7D867BDA6A, cid=891, SUCCESS, logIndex=1284, commits[3258574c-39ac-4ed5-9145-ea59a337c299:c1285]
2019-09-02 06:30:04,746 [grpc-default-executor-1] INFO  client.GrpcClientProtocolClient (GrpcClientProtocolClient.java:onNext(255)) - client-0D308AD40832->3258574c-39ac-4ed5-9145-ea59a337c299: receive RaftClientReply:client-0D308AD40832->3258574c-39ac-4ed5-9145-ea59a337c299@group-6C7D867BDA6A, cid=892, SUCCESS, logIndex=1285, commits[3258574c-39ac-4ed5-9145-ea59a337c299:c1285]
2019-09-02 06:30:04,766 [grpc-default-executor-0] INFO  client.GrpcClientProtocolClient (GrpcClientProtocolClient.java:onNext(255)) - client-0D308AD40832->3258574c-39ac-4ed5-9145-ea59a337c299: receive RaftClientReply:client-0D308AD40832->3258574c-39ac-4ed5-9145-ea59a337c299@group-6C7D867BDA6A, cid=893, SUCCESS, logIndex=1288, commits[3258574c-39ac-4ed5-9145-ea59a337c299:c1291]
2019-09-02 06:30:04,767 [grpc-default-executor-0] INFO  client.GrpcClientProtocolClient (GrpcClientProtocolClient.java:onNext(255)) - client-0D308AD40832->3258574c-39ac-4ed5-9145-ea59a337c299: receive RaftClientReply:client-0D308AD40832->3258574c-39ac-4ed5-9145-ea59a337c299@group-6C7D867BDA6A, cid=894, SUCCESS, logIndex=1289, commits[3258574c-39ac-4ed5-9145-ea59a337c299:c1292]
2019-09-02 06:30:04,767 [grpc-default-executor-0] INFO  client.GrpcClientProtocolClient (GrpcClientProtocolClient.java:onNext(255)) - client-0D308AD40832->3258574c-39ac-4ed5-9145-ea59a337c299: receive RaftClientReply:client-0D308AD40832->3258574c-39ac-4ed5-9145-ea59a337c299@group-6C7D867BDA6A, cid=895, SUCCESS, logIndex=1290, commits[3258574c-39ac-4ed5-9145-ea59a337c299:c1292]
2019-09-02 06:30:04,767 [grpc-default-executor-0] INFO  client.GrpcClientProtocolClient (GrpcClientProtocolClient.java:onNext(255)) - client-0D308AD40832->3258574c-39ac-4ed5-9145-ea59a337c299: receive RaftClientReply:client-0D308AD40832->3258574c-39ac-4ed5-9145-ea59a337c299@group-6C7D867BDA6A, cid=896, SUCCESS, logIndex=1291, commits[3258574c-39ac-4ed5-9145-ea59a337c299:c1292]
2019-09-02 06:30:04,784 [grpc-default-executor-0] INFO  client.GrpcClientProtocolClient (GrpcClientProtocolClient.java:onNext(255)) - client-0D308AD40832->3258574c-39ac-4ed5-9145-ea59a337c299: receive RaftClientReply:client-0D308AD40832->3258574c-39ac-4ed5-9145-ea59a337c299@group-6C7D867BDA6A, cid=897, SUCCESS, logIndex=1293, commits[3258574c-39ac-4ed5-9145-ea59a337c299:c1294]
2019-09-02 06:30:04,785 [grpc-default-executor-0] INFO  client.GrpcClientProtocolClient (GrpcClientProtocolClient.java:onNext(255)) - client-0D308AD40832->3258574c-39ac-4ed5-9145-ea59a337c299: receive RaftClientReply:client-0D308AD40832->3258574c-39ac-4ed5-9145-ea59a337c299@group-6C7D867BDA6A, cid=898, SUCCESS, logIndex=1294, commits[3258574c-39ac-4ed5-9145-ea59a337c299:c1294]
2019-09-02 06:30:04,810 [grpc-default-executor-0] INFO  client.GrpcClientProtocolClient (GrpcClientProtocolClient.java:onNext(255)) - client-0D308AD40832->3258574c-39ac-4ed5-9145-ea59a337c299: receive RaftClientReply:client-0D308AD40832->3258574c-39ac-4ed5-9145-ea59a337c299@group-6C7D867BDA6A, cid=899, SUCCESS, logIndex=1295, commits[3258574c-39ac-4ed5-9145-ea59a337c299:c1297]
2019-09-02 06:30:04,810 [grpc-default-executor-0] INFO  client.GrpcClientProtocolClient (GrpcClientProtocolClient.java:onNext(255)) - client-0D308AD40832->3258574c-39ac-4ed5-9145-ea59a337c299: receive RaftClientReply:client-0D308AD40832->3258574c-39ac-4ed5-9145-ea59a337c299@group-6C7D867BDA6A, cid=900, SUCCESS, logIndex=1296, commits[3258574c-39ac-4ed5-9145-ea59a337c299:c1297]
2019-09-02 06:30:04,829 [SCMBlockDeletingService#1] DEBUG block.SCMBlockDeletingService (SCMBlockDeletingService.java:call(138)) - Running DeletedBlockTransactionScanner
2019-09-02 06:30:04,830 [SCMBlockDeletingService#1] DEBUG block.SCMBlockDeletingService (SCMBlockDeletingService.java:call(155)) - Scanned deleted blocks log and got 0 delTX to process.
2019-09-02 06:30:04,831 [grpc-default-executor-0] INFO  client.GrpcClientProtocolClient (GrpcClientProtocolClient.java:onNext(255)) - client-0D308AD40832->3258574c-39ac-4ed5-9145-ea59a337c299: receive RaftClientReply:client-0D308AD40832->3258574c-39ac-4ed5-9145-ea59a337c299@group-6C7D867BDA6A, cid=901, SUCCESS, logIndex=1298, commits[3258574c-39ac-4ed5-9145-ea59a337c299:c1299]
2019-09-02 06:30:04,831 [grpc-default-executor-0] INFO  client.GrpcClientProtocolClient (GrpcClientProtocolClient.java:onNext(255)) - client-0D308AD40832->3258574c-39ac-4ed5-9145-ea59a337c299: receive RaftClientReply:client-0D308AD40832->3258574c-39ac-4ed5-9145-ea59a337c299@group-6C7D867BDA6A, cid=902, SUCCESS, logIndex=1299, commits[3258574c-39ac-4ed5-9145-ea59a337c299:c1301]
2019-09-02 06:30:04,832 [grpc-default-executor-0] INFO  client.GrpcClientProtocolClient (GrpcClientProtocolClient.java:onNext(255)) - client-0D308AD40832->3258574c-39ac-4ed5-9145-ea59a337c299: receive RaftClientReply:client-0D308AD40832->3258574c-39ac-4ed5-9145-ea59a337c299@group-6C7D867BDA6A, cid=903, SUCCESS, logIndex=1300, commits[3258574c-39ac-4ed5-9145-ea59a337c299:c1302]
2019-09-02 06:30:04,832 [grpc-default-executor-0] INFO  client.GrpcClientProtocolClient (GrpcClientProtocolClient.java:onNext(255)) - client-0D308AD40832->3258574c-39ac-4ed5-9145-ea59a337c299: receive RaftClientReply:client-0D308AD40832->3258574c-39ac-4ed5-9145-ea59a337c299@group-6C7D867BDA6A, cid=904, SUCCESS, logIndex=1301, commits[3258574c-39ac-4ed5-9145-ea59a337c299:c1303]
2019-09-02 06:30:04,858 [grpc-default-executor-0] INFO  client.GrpcClientProtocolClient (GrpcClientProtocolClient.java:onNext(255)) - client-0D308AD40832->3258574c-39ac-4ed5-9145-ea59a337c299: receive RaftClientReply:client-0D308AD40832->3258574c-39ac-4ed5-9145-ea59a337c299@group-6C7D867BDA6A, cid=905, SUCCESS, logIndex=1304, commits[3258574c-39ac-4ed5-9145-ea59a337c299:c1305]
2019-09-02 06:30:04,858 [grpc-default-executor-0] INFO  client.GrpcClientProtocolClient (GrpcClientProtocolClient.java:onNext(255)) - client-0D308AD40832->3258574c-39ac-4ed5-9145-ea59a337c299: receive RaftClientReply:client-0D308AD40832->3258574c-39ac-4ed5-9145-ea59a337c299@group-6C7D867BDA6A, cid=906, SUCCESS, logIndex=1305, commits[3258574c-39ac-4ed5-9145-ea59a337c299:c1305]
2019-09-02 06:30:04,867 [grpc-default-executor-0] INFO  client.GrpcClientProtocolClient (GrpcClientProtocolClient.java:onNext(255)) - client-0D308AD40832->3258574c-39ac-4ed5-9145-ea59a337c299: receive RaftClientReply:client-0D308AD40832->3258574c-39ac-4ed5-9145-ea59a337c299@group-6C7D867BDA6A, cid=907, SUCCESS, logIndex=1306, commits[3258574c-39ac-4ed5-9145-ea59a337c299:c1308]
2019-09-02 06:30:04,867 [grpc-default-executor-0] INFO  client.GrpcClientProtocolClient (GrpcClientProtocolClient.java:onNext(255)) - client-0D308AD40832->3258574c-39ac-4ed5-9145-ea59a337c299: receive RaftClientReply:client-0D308AD40832->3258574c-39ac-4ed5-9145-ea59a337c299@group-6C7D867BDA6A, cid=908, SUCCESS, logIndex=1307, commits[3258574c-39ac-4ed5-9145-ea59a337c299:c1309]
2019-09-02 06:30:04,890 [grpc-default-executor-0] INFO  client.GrpcClientProtocolClient (GrpcClientProtocolClient.java:onNext(255)) - client-0D308AD40832->3258574c-39ac-4ed5-9145-ea59a337c299: receive RaftClientReply:client-0D308AD40832->3258574c-39ac-4ed5-9145-ea59a337c299@group-6C7D867BDA6A, cid=909, SUCCESS, logIndex=1310, commits[3258574c-39ac-4ed5-9145-ea59a337c299:c1313]
2019-09-02 06:30:04,890 [grpc-default-executor-0] INFO  client.GrpcClientProtocolClient (GrpcClientProtocolClient.java:onNext(255)) - client-0D308AD40832->3258574c-39ac-4ed5-9145-ea59a337c299: receive RaftClientReply:client-0D308AD40832->3258574c-39ac-4ed5-9145-ea59a337c299@group-6C7D867BDA6A, cid=910, SUCCESS, logIndex=1311, commits[3258574c-39ac-4ed5-9145-ea59a337c299:c1313]
2019-09-02 06:30:04,891 [grpc-default-executor-0] INFO  client.GrpcClientProtocolClient (GrpcClientProtocolClient.java:onNext(255)) - client-0D308AD40832->3258574c-39ac-4ed5-9145-ea59a337c299: receive RaftClientReply:client-0D308AD40832->3258574c-39ac-4ed5-9145-ea59a337c299@group-6C7D867BDA6A, cid=911, SUCCESS, logIndex=1312, commits[3258574c-39ac-4ed5-9145-ea59a337c299:c1313]
2019-09-02 06:30:04,892 [grpc-default-executor-0] INFO  client.GrpcClientProtocolClient (GrpcClientProtocolClient.java:onNext(255)) - client-0D308AD40832->3258574c-39ac-4ed5-9145-ea59a337c299: receive RaftClientReply:client-0D308AD40832->3258574c-39ac-4ed5-9145-ea59a337c299@group-6C7D867BDA6A, cid=912, SUCCESS, logIndex=1313, commits[3258574c-39ac-4ed5-9145-ea59a337c299:c1313]
2019-09-02 06:30:04,919 [grpc-default-executor-0] INFO  client.GrpcClientProtocolClient (GrpcClientProtocolClient.java:onNext(255)) - client-0D308AD40832->3258574c-39ac-4ed5-9145-ea59a337c299: receive RaftClientReply:client-0D308AD40832->3258574c-39ac-4ed5-9145-ea59a337c299@group-6C7D867BDA6A, cid=913, SUCCESS, logIndex=1315, commits[3258574c-39ac-4ed5-9145-ea59a337c299:c1316]
2019-09-02 06:30:04,920 [grpc-default-executor-0] INFO  client.GrpcClientProtocolClient (GrpcClientProtocolClient.java:onNext(255)) - client-0D308AD40832->3258574c-39ac-4ed5-9145-ea59a337c299: receive RaftClientReply:client-0D308AD40832->3258574c-39ac-4ed5-9145-ea59a337c299@group-6C7D867BDA6A, cid=914, SUCCESS, logIndex=1316, commits[3258574c-39ac-4ed5-9145-ea59a337c299:c1316]
2019-09-02 06:30:04,921 [grpc-default-executor-0] INFO  client.GrpcClientProtocolClient (GrpcClientProtocolClient.java:onNext(255)) - client-0D308AD40832->3258574c-39ac-4ed5-9145-ea59a337c299: receive RaftClientReply:client-0D308AD40832->3258574c-39ac-4ed5-9145-ea59a337c299@group-6C7D867BDA6A, cid=915, SUCCESS, logIndex=1317, commits[3258574c-39ac-4ed5-9145-ea59a337c299:c1319]
2019-09-02 06:30:04,922 [grpc-default-executor-0] INFO  client.GrpcClientProtocolClient (GrpcClientProtocolClient.java:onNext(255)) - client-0D308AD40832->3258574c-39ac-4ed5-9145-ea59a337c299: receive RaftClientReply:client-0D308AD40832->3258574c-39ac-4ed5-9145-ea59a337c299@group-6C7D867BDA6A, cid=916, SUCCESS, logIndex=1318, commits[3258574c-39ac-4ed5-9145-ea59a337c299:c1319]
2019-09-02 06:30:04,930 [SCMBlockDeletingService#1] DEBUG block.SCMBlockDeletingService (SCMBlockDeletingService.java:call(138)) - Running DeletedBlockTransactionScanner
2019-09-02 06:30:04,931 [SCMBlockDeletingService#1] DEBUG block.SCMBlockDeletingService (SCMBlockDeletingService.java:call(155)) - Scanned deleted blocks log and got 0 delTX to process.
2019-09-02 06:30:04,942 [grpc-default-executor-0] INFO  client.GrpcClientProtocolClient (GrpcClientProtocolClient.java:onNext(255)) - client-0D308AD40832->3258574c-39ac-4ed5-9145-ea59a337c299: receive RaftClientReply:client-0D308AD40832->3258574c-39ac-4ed5-9145-ea59a337c299@group-6C7D867BDA6A, cid=917, SUCCESS, logIndex=1320, commits[3258574c-39ac-4ed5-9145-ea59a337c299:c1321]
2019-09-02 06:30:04,942 [grpc-default-executor-0] INFO  client.GrpcClientProtocolClient (GrpcClientProtocolClient.java:onNext(255)) - client-0D308AD40832->3258574c-39ac-4ed5-9145-ea59a337c299: receive RaftClientReply:client-0D308AD40832->3258574c-39ac-4ed5-9145-ea59a337c299@group-6C7D867BDA6A, cid=918, SUCCESS, logIndex=1321, commits[3258574c-39ac-4ed5-9145-ea59a337c299:c1323]
2019-09-02 06:30:04,943 [grpc-default-executor-0] INFO  client.GrpcClientProtocolClient (GrpcClientProtocolClient.java:onNext(255)) - client-0D308AD40832->3258574c-39ac-4ed5-9145-ea59a337c299: receive RaftClientReply:client-0D308AD40832->3258574c-39ac-4ed5-9145-ea59a337c299@group-6C7D867BDA6A, cid=919, SUCCESS, logIndex=1322, commits[3258574c-39ac-4ed5-9145-ea59a337c299:c1324]
2019-09-02 06:30:04,943 [grpc-default-executor-0] INFO  client.GrpcClientProtocolClient (GrpcClientProtocolClient.java:onNext(255)) - client-0D308AD40832->3258574c-39ac-4ed5-9145-ea59a337c299: receive RaftClientReply:client-0D308AD40832->3258574c-39ac-4ed5-9145-ea59a337c299@group-6C7D867BDA6A, cid=920, SUCCESS, logIndex=1323, commits[3258574c-39ac-4ed5-9145-ea59a337c299:c1325]
2019-09-02 06:30:04,972 [grpc-default-executor-0] INFO  client.GrpcClientProtocolClient (GrpcClientProtocolClient.java:onNext(255)) - client-0D308AD40832->3258574c-39ac-4ed5-9145-ea59a337c299: receive RaftClientReply:client-0D308AD40832->3258574c-39ac-4ed5-9145-ea59a337c299@group-6C7D867BDA6A, cid=921, SUCCESS, logIndex=1326, commits[3258574c-39ac-4ed5-9145-ea59a337c299:c1329]
2019-09-02 06:30:04,972 [grpc-default-executor-0] INFO  client.GrpcClientProtocolClient (GrpcClientProtocolClient.java:onNext(255)) - client-0D308AD40832->3258574c-39ac-4ed5-9145-ea59a337c299: receive RaftClientReply:client-0D308AD40832->3258574c-39ac-4ed5-9145-ea59a337c299@group-6C7D867BDA6A, cid=922, SUCCESS, logIndex=1327, commits[3258574c-39ac-4ed5-9145-ea59a337c299:c1330]
2019-09-02 06:30:04,973 [grpc-default-executor-0] INFO  client.GrpcClientProtocolClient (GrpcClientProtocolClient.java:onNext(255)) - client-0D308AD40832->3258574c-39ac-4ed5-9145-ea59a337c299: receive RaftClientReply:client-0D308AD40832->3258574c-39ac-4ed5-9145-ea59a337c299@group-6C7D867BDA6A, cid=923, SUCCESS, logIndex=1328, commits[3258574c-39ac-4ed5-9145-ea59a337c299:c1330]
2019-09-02 06:30:04,973 [grpc-default-executor-0] INFO  client.GrpcClientProtocolClient (GrpcClientProtocolClient.java:onNext(255)) - client-0D308AD40832->3258574c-39ac-4ed5-9145-ea59a337c299: receive RaftClientReply:client-0D308AD40832->3258574c-39ac-4ed5-9145-ea59a337c299@group-6C7D867BDA6A, cid=924, SUCCESS, logIndex=1329, commits[3258574c-39ac-4ed5-9145-ea59a337c299:c1330]
2019-09-02 06:30:04,992 [grpc-default-executor-0] INFO  client.GrpcClientProtocolClient (GrpcClientProtocolClient.java:onNext(255)) - client-0D308AD40832->3258574c-39ac-4ed5-9145-ea59a337c299: receive RaftClientReply:client-0D308AD40832->3258574c-39ac-4ed5-9145-ea59a337c299@group-6C7D867BDA6A, cid=925, SUCCESS, logIndex=1331, commits[3258574c-39ac-4ed5-9145-ea59a337c299:c1332]
2019-09-02 06:30:04,993 [grpc-default-executor-0] INFO  client.GrpcClientProtocolClient (GrpcClientProtocolClient.java:onNext(255)) - client-0D308AD40832->3258574c-39ac-4ed5-9145-ea59a337c299: receive RaftClientReply:client-0D308AD40832->3258574c-39ac-4ed5-9145-ea59a337c299@group-6C7D867BDA6A, cid=926, SUCCESS, logIndex=1332, commits[3258574c-39ac-4ed5-9145-ea59a337c299:c1334]
2019-09-02 06:30:04,993 [grpc-default-executor-0] INFO  client.GrpcClientProtocolClient (GrpcClientProtocolClient.java:onNext(255)) - client-0D308AD40832->3258574c-39ac-4ed5-9145-ea59a337c299: receive RaftClientReply:client-0D308AD40832->3258574c-39ac-4ed5-9145-ea59a337c299@group-6C7D867BDA6A, cid=927, SUCCESS, logIndex=1333, commits[3258574c-39ac-4ed5-9145-ea59a337c299:c1335]
2019-09-02 06:30:04,994 [grpc-default-executor-0] INFO  client.GrpcClientProtocolClient (GrpcClientProtocolClient.java:onNext(255)) - client-0D308AD40832->3258574c-39ac-4ed5-9145-ea59a337c299: receive RaftClientReply:client-0D308AD40832->3258574c-39ac-4ed5-9145-ea59a337c299@group-6C7D867BDA6A, cid=928, SUCCESS, logIndex=1334, commits[3258574c-39ac-4ed5-9145-ea59a337c299:c1335]
2019-09-02 06:30:05,095 [SCMBlockDeletingService#1] DEBUG block.SCMBlockDeletingService (SCMBlockDeletingService.java:call(138)) - Running DeletedBlockTransactionScanner
2019-09-02 06:30:05,095 [SCMBlockDeletingService#1] DEBUG block.SCMBlockDeletingService (SCMBlockDeletingService.java:call(155)) - Scanned deleted blocks log and got 0 delTX to process.
2019-09-02 06:30:05,195 [SCMBlockDeletingService#1] DEBUG block.SCMBlockDeletingService (SCMBlockDeletingService.java:call(138)) - Running DeletedBlockTransactionScanner
2019-09-02 06:30:05,196 [SCMBlockDeletingService#1] DEBUG block.SCMBlockDeletingService (SCMBlockDeletingService.java:call(155)) - Scanned deleted blocks log and got 0 delTX to process.
2019-09-02 06:30:05,209 [grpc-default-executor-1] INFO  client.GrpcClientProtocolClient (GrpcClientProtocolClient.java:onNext(255)) - client-0D308AD40832->3258574c-39ac-4ed5-9145-ea59a337c299: receive RaftClientReply:client-0D308AD40832->3258574c-39ac-4ed5-9145-ea59a337c299@group-6C7D867BDA6A, cid=929, SUCCESS, logIndex=1337, commits[3258574c-39ac-4ed5-9145-ea59a337c299:c1340]
2019-09-02 06:30:05,210 [grpc-default-executor-1] INFO  client.GrpcClientProtocolClient (GrpcClientProtocolClient.java:onNext(255)) - client-0D308AD40832->3258574c-39ac-4ed5-9145-ea59a337c299: receive RaftClientReply:client-0D308AD40832->3258574c-39ac-4ed5-9145-ea59a337c299@group-6C7D867BDA6A, cid=930, SUCCESS, logIndex=1338, commits[3258574c-39ac-4ed5-9145-ea59a337c299:c1341]
2019-09-02 06:30:05,210 [grpc-default-executor-1] INFO  client.GrpcClientProtocolClient (GrpcClientProtocolClient.java:onNext(255)) - client-0D308AD40832->3258574c-39ac-4ed5-9145-ea59a337c299: receive RaftClientReply:client-0D308AD40832->3258574c-39ac-4ed5-9145-ea59a337c299@group-6C7D867BDA6A, cid=931, SUCCESS, logIndex=1339, commits[3258574c-39ac-4ed5-9145-ea59a337c299:c1341]
2019-09-02 06:30:05,211 [grpc-default-executor-1] INFO  client.GrpcClientProtocolClient (GrpcClientProtocolClient.java:onNext(255)) - client-0D308AD40832->3258574c-39ac-4ed5-9145-ea59a337c299: receive RaftClientReply:client-0D308AD40832->3258574c-39ac-4ed5-9145-ea59a337c299@group-6C7D867BDA6A, cid=932, SUCCESS, logIndex=1340, commits[3258574c-39ac-4ed5-9145-ea59a337c299:c1341]
2019-09-02 06:30:05,230 [grpc-default-executor-0] INFO  client.GrpcClientProtocolClient (GrpcClientProtocolClient.java:onNext(255)) - client-0D308AD40832->3258574c-39ac-4ed5-9145-ea59a337c299: receive RaftClientReply:client-0D308AD40832->3258574c-39ac-4ed5-9145-ea59a337c299@group-6C7D867BDA6A, cid=933, SUCCESS, logIndex=1342, commits[3258574c-39ac-4ed5-9145-ea59a337c299:c1345]
2019-09-02 06:30:05,231 [grpc-default-executor-0] INFO  client.GrpcClientProtocolClient (GrpcClientProtocolClient.java:onNext(255)) - client-0D308AD40832->3258574c-39ac-4ed5-9145-ea59a337c299: receive RaftClientReply:client-0D308AD40832->3258574c-39ac-4ed5-9145-ea59a337c299@group-6C7D867BDA6A, cid=934, SUCCESS, logIndex=1343, commits[3258574c-39ac-4ed5-9145-ea59a337c299:c1346]
2019-09-02 06:30:05,231 [grpc-default-executor-0] INFO  client.GrpcClientProtocolClient (GrpcClientProtocolClient.java:onNext(255)) - client-0D308AD40832->3258574c-39ac-4ed5-9145-ea59a337c299: receive RaftClientReply:client-0D308AD40832->3258574c-39ac-4ed5-9145-ea59a337c299@group-6C7D867BDA6A, cid=935, SUCCESS, logIndex=1344, commits[3258574c-39ac-4ed5-9145-ea59a337c299:c1346]
2019-09-02 06:30:05,232 [grpc-default-executor-0] INFO  client.GrpcClientProtocolClient (GrpcClientProtocolClient.java:onNext(255)) - client-0D308AD40832->3258574c-39ac-4ed5-9145-ea59a337c299: receive RaftClientReply:client-0D308AD40832->3258574c-39ac-4ed5-9145-ea59a337c299@group-6C7D867BDA6A, cid=936, SUCCESS, logIndex=1345, commits[3258574c-39ac-4ed5-9145-ea59a337c299:c1346]
2019-09-02 06:30:05,260 [grpc-default-executor-1] INFO  client.GrpcClientProtocolClient (GrpcClientProtocolClient.java:onNext(255)) - client-0D308AD40832->3258574c-39ac-4ed5-9145-ea59a337c299: receive RaftClientReply:client-0D308AD40832->3258574c-39ac-4ed5-9145-ea59a337c299@group-6C7D867BDA6A, cid=937, SUCCESS, logIndex=1347, commits[3258574c-39ac-4ed5-9145-ea59a337c299:c1350]
2019-09-02 06:30:05,261 [grpc-default-executor-1] INFO  client.GrpcClientProtocolClient (GrpcClientProtocolClient.java:onNext(255)) - client-0D308AD40832->3258574c-39ac-4ed5-9145-ea59a337c299: receive RaftClientReply:client-0D308AD40832->3258574c-39ac-4ed5-9145-ea59a337c299@group-6C7D867BDA6A, cid=938, SUCCESS, logIndex=1348, commits[3258574c-39ac-4ed5-9145-ea59a337c299:c1351]
2019-09-02 06:30:05,261 [grpc-default-executor-1] INFO  client.GrpcClientProtocolClient (GrpcClientProtocolClient.java:onNext(255)) - client-0D308AD40832->3258574c-39ac-4ed5-9145-ea59a337c299: receive RaftClientReply:client-0D308AD40832->3258574c-39ac-4ed5-9145-ea59a337c299@group-6C7D867BDA6A, cid=939, SUCCESS, logIndex=1349, commits[3258574c-39ac-4ed5-9145-ea59a337c299:c1351]
2019-09-02 06:30:05,262 [grpc-default-executor-1] INFO  client.GrpcClientProtocolClient (GrpcClientProtocolClient.java:onNext(255)) - client-0D308AD40832->3258574c-39ac-4ed5-9145-ea59a337c299: receive RaftClientReply:client-0D308AD40832->3258574c-39ac-4ed5-9145-ea59a337c299@group-6C7D867BDA6A, cid=940, SUCCESS, logIndex=1350, commits[3258574c-39ac-4ed5-9145-ea59a337c299:c1351]
2019-09-02 06:30:05,284 [grpc-default-executor-1] INFO  client.GrpcClientProtocolClient (GrpcClientProtocolClient.java:onNext(255)) - client-0D308AD40832->3258574c-39ac-4ed5-9145-ea59a337c299: receive RaftClientReply:client-0D308AD40832->3258574c-39ac-4ed5-9145-ea59a337c299@group-6C7D867BDA6A, cid=941, SUCCESS, logIndex=1352, commits[3258574c-39ac-4ed5-9145-ea59a337c299:c1355]
2019-09-02 06:30:05,284 [grpc-default-executor-1] INFO  client.GrpcClientProtocolClient (GrpcClientProtocolClient.java:onNext(255)) - client-0D308AD40832->3258574c-39ac-4ed5-9145-ea59a337c299: receive RaftClientReply:client-0D308AD40832->3258574c-39ac-4ed5-9145-ea59a337c299@group-6C7D867BDA6A, cid=942, SUCCESS, logIndex=1353, commits[3258574c-39ac-4ed5-9145-ea59a337c299:c1356]
2019-09-02 06:30:05,285 [grpc-default-executor-1] INFO  client.GrpcClientProtocolClient (GrpcClientProtocolClient.java:onNext(255)) - client-0D308AD40832->3258574c-39ac-4ed5-9145-ea59a337c299: receive RaftClientReply:client-0D308AD40832->3258574c-39ac-4ed5-9145-ea59a337c299@group-6C7D867BDA6A, cid=943, SUCCESS, logIndex=1354, commits[3258574c-39ac-4ed5-9145-ea59a337c299:c1356]
2019-09-02 06:30:05,285 [grpc-default-executor-1] INFO  client.GrpcClientProtocolClient (GrpcClientProtocolClient.java:onNext(255)) - client-0D308AD40832->3258574c-39ac-4ed5-9145-ea59a337c299: receive RaftClientReply:client-0D308AD40832->3258574c-39ac-4ed5-9145-ea59a337c299@group-6C7D867BDA6A, cid=944, SUCCESS, logIndex=1355, commits[3258574c-39ac-4ed5-9145-ea59a337c299:c1356]
2019-09-02 06:30:05,296 [SCMBlockDeletingService#1] DEBUG block.SCMBlockDeletingService (SCMBlockDeletingService.java:call(138)) - Running DeletedBlockTransactionScanner
2019-09-02 06:30:05,297 [SCMBlockDeletingService#1] DEBUG block.SCMBlockDeletingService (SCMBlockDeletingService.java:call(155)) - Scanned deleted blocks log and got 0 delTX to process.
2019-09-02 06:30:05,315 [grpc-default-executor-0] INFO  client.GrpcClientProtocolClient (GrpcClientProtocolClient.java:onNext(255)) - client-0D308AD40832->3258574c-39ac-4ed5-9145-ea59a337c299: receive RaftClientReply:client-0D308AD40832->3258574c-39ac-4ed5-9145-ea59a337c299@group-6C7D867BDA6A, cid=945, SUCCESS, logIndex=1357, commits[3258574c-39ac-4ed5-9145-ea59a337c299:c1360]
2019-09-02 06:30:05,315 [grpc-default-executor-0] INFO  client.GrpcClientProtocolClient (GrpcClientProtocolClient.java:onNext(255)) - client-0D308AD40832->3258574c-39ac-4ed5-9145-ea59a337c299: receive RaftClientReply:client-0D308AD40832->3258574c-39ac-4ed5-9145-ea59a337c299@group-6C7D867BDA6A, cid=946, SUCCESS, logIndex=1358, commits[3258574c-39ac-4ed5-9145-ea59a337c299:c1361]
2019-09-02 06:30:05,315 [grpc-default-executor-0] INFO  client.GrpcClientProtocolClient (GrpcClientProtocolClient.java:onNext(255)) - client-0D308AD40832->3258574c-39ac-4ed5-9145-ea59a337c299: receive RaftClientReply:client-0D308AD40832->3258574c-39ac-4ed5-9145-ea59a337c299@group-6C7D867BDA6A, cid=947, SUCCESS, logIndex=1359, commits[3258574c-39ac-4ed5-9145-ea59a337c299:c1361]
2019-09-02 06:30:05,316 [grpc-default-executor-0] INFO  client.GrpcClientProtocolClient (GrpcClientProtocolClient.java:onNext(255)) - client-0D308AD40832->3258574c-39ac-4ed5-9145-ea59a337c299: receive RaftClientReply:client-0D308AD40832->3258574c-39ac-4ed5-9145-ea59a337c299@group-6C7D867BDA6A, cid=948, SUCCESS, logIndex=1360, commits[3258574c-39ac-4ed5-9145-ea59a337c299:c1361]
2019-09-02 06:30:05,337 [grpc-default-executor-0] INFO  client.GrpcClientProtocolClient (GrpcClientProtocolClient.java:onNext(255)) - client-0D308AD40832->3258574c-39ac-4ed5-9145-ea59a337c299: receive RaftClientReply:client-0D308AD40832->3258574c-39ac-4ed5-9145-ea59a337c299@group-6C7D867BDA6A, cid=949, SUCCESS, logIndex=1362, commits[3258574c-39ac-4ed5-9145-ea59a337c299:c1365]
2019-09-02 06:30:05,337 [grpc-default-executor-0] INFO  client.GrpcClientProtocolClient (GrpcClientProtocolClient.java:onNext(255)) - client-0D308AD40832->3258574c-39ac-4ed5-9145-ea59a337c299: receive RaftClientReply:client-0D308AD40832->3258574c-39ac-4ed5-9145-ea59a337c299@group-6C7D867BDA6A, cid=950, SUCCESS, logIndex=1363, commits[3258574c-39ac-4ed5-9145-ea59a337c299:c1366]
2019-09-02 06:30:05,338 [grpc-default-executor-0] INFO  client.GrpcClientProtocolClient (GrpcClientProtocolClient.java:onNext(255)) - client-0D308AD40832->3258574c-39ac-4ed5-9145-ea59a337c299: receive RaftClientReply:client-0D308AD40832->3258574c-39ac-4ed5-9145-ea59a337c299@group-6C7D867BDA6A, cid=951, SUCCESS, logIndex=1364, commits[3258574c-39ac-4ed5-9145-ea59a337c299:c1366]
2019-09-02 06:30:05,338 [grpc-default-executor-0] INFO  client.GrpcClientProtocolClient (GrpcClientProtocolClient.java:onNext(255)) - client-0D308AD40832->3258574c-39ac-4ed5-9145-ea59a337c299: receive RaftClientReply:client-0D308AD40832->3258574c-39ac-4ed5-9145-ea59a337c299@group-6C7D867BDA6A, cid=952, SUCCESS, logIndex=1365, commits[3258574c-39ac-4ed5-9145-ea59a337c299:c1366]
2019-09-02 06:30:05,369 [grpc-default-executor-1] INFO  client.GrpcClientProtocolClient (GrpcClientProtocolClient.java:onNext(255)) - client-0D308AD40832->3258574c-39ac-4ed5-9145-ea59a337c299: receive RaftClientReply:client-0D308AD40832->3258574c-39ac-4ed5-9145-ea59a337c299@group-6C7D867BDA6A, cid=953, SUCCESS, logIndex=1367, commits[3258574c-39ac-4ed5-9145-ea59a337c299:c1370]
2019-09-02 06:30:05,369 [grpc-default-executor-1] INFO  client.GrpcClientProtocolClient (GrpcClientProtocolClient.java:onNext(255)) - client-0D308AD40832->3258574c-39ac-4ed5-9145-ea59a337c299: receive RaftClientReply:client-0D308AD40832->3258574c-39ac-4ed5-9145-ea59a337c299@group-6C7D867BDA6A, cid=954, SUCCESS, logIndex=1368, commits[3258574c-39ac-4ed5-9145-ea59a337c299:c1371]
2019-09-02 06:30:05,369 [grpc-default-executor-1] INFO  client.GrpcClientProtocolClient (GrpcClientProtocolClient.java:onNext(255)) - client-0D308AD40832->3258574c-39ac-4ed5-9145-ea59a337c299: receive RaftClientReply:client-0D308AD40832->3258574c-39ac-4ed5-9145-ea59a337c299@group-6C7D867BDA6A, cid=955, SUCCESS, logIndex=1369, commits[3258574c-39ac-4ed5-9145-ea59a337c299:c1371]
2019-09-02 06:30:05,370 [grpc-default-executor-1] INFO  client.GrpcClientProtocolClient (GrpcClientProtocolClient.java:onNext(255)) - client-0D308AD40832->3258574c-39ac-4ed5-9145-ea59a337c299: receive RaftClientReply:client-0D308AD40832->3258574c-39ac-4ed5-9145-ea59a337c299@group-6C7D867BDA6A, cid=956, SUCCESS, logIndex=1370, commits[3258574c-39ac-4ed5-9145-ea59a337c299:c1371]
2019-09-02 06:30:05,389 [grpc-default-executor-1] INFO  client.GrpcClientProtocolClient (GrpcClientProtocolClient.java:onNext(255)) - client-0D308AD40832->3258574c-39ac-4ed5-9145-ea59a337c299: receive RaftClientReply:client-0D308AD40832->3258574c-39ac-4ed5-9145-ea59a337c299@group-6C7D867BDA6A, cid=957, SUCCESS, logIndex=1372, commits[3258574c-39ac-4ed5-9145-ea59a337c299:c1373]
2019-09-02 06:30:05,390 [grpc-default-executor-1] INFO  client.GrpcClientProtocolClient (GrpcClientProtocolClient.java:onNext(255)) - client-0D308AD40832->3258574c-39ac-4ed5-9145-ea59a337c299: receive RaftClientReply:client-0D308AD40832->3258574c-39ac-4ed5-9145-ea59a337c299@group-6C7D867BDA6A, cid=958, SUCCESS, logIndex=1373, commits[3258574c-39ac-4ed5-9145-ea59a337c299:c1375]
2019-09-02 06:30:05,390 [grpc-default-executor-1] INFO  client.GrpcClientProtocolClient (GrpcClientProtocolClient.java:onNext(255)) - client-0D308AD40832->3258574c-39ac-4ed5-9145-ea59a337c299: receive RaftClientReply:client-0D308AD40832->3258574c-39ac-4ed5-9145-ea59a337c299@group-6C7D867BDA6A, cid=959, SUCCESS, logIndex=1374, commits[3258574c-39ac-4ed5-9145-ea59a337c299:c1376]
2019-09-02 06:30:05,390 [grpc-default-executor-1] INFO  client.GrpcClientProtocolClient (GrpcClientProtocolClient.java:onNext(255)) - client-0D308AD40832->3258574c-39ac-4ed5-9145-ea59a337c299: receive RaftClientReply:client-0D308AD40832->3258574c-39ac-4ed5-9145-ea59a337c299@group-6C7D867BDA6A, cid=960, SUCCESS, logIndex=1375, commits[3258574c-39ac-4ed5-9145-ea59a337c299:c1376]
2019-09-02 06:30:05,397 [SCMBlockDeletingService#1] DEBUG block.SCMBlockDeletingService (SCMBlockDeletingService.java:call(138)) - Running DeletedBlockTransactionScanner
2019-09-02 06:30:05,397 [SCMBlockDeletingService#1] DEBUG block.SCMBlockDeletingService (SCMBlockDeletingService.java:call(155)) - Scanned deleted blocks log and got 0 delTX to process.
2019-09-02 06:30:05,419 [grpc-default-executor-0] INFO  client.GrpcClientProtocolClient (GrpcClientProtocolClient.java:onNext(255)) - client-0D308AD40832->3258574c-39ac-4ed5-9145-ea59a337c299: receive RaftClientReply:client-0D308AD40832->3258574c-39ac-4ed5-9145-ea59a337c299@group-6C7D867BDA6A, cid=961, SUCCESS, logIndex=1378, commits[3258574c-39ac-4ed5-9145-ea59a337c299:c1381]
2019-09-02 06:30:05,420 [grpc-default-executor-0] INFO  client.GrpcClientProtocolClient (GrpcClientProtocolClient.java:onNext(255)) - client-0D308AD40832->3258574c-39ac-4ed5-9145-ea59a337c299: receive RaftClientReply:client-0D308AD40832->3258574c-39ac-4ed5-9145-ea59a337c299@group-6C7D867BDA6A, cid=962, SUCCESS, logIndex=1379, commits[3258574c-39ac-4ed5-9145-ea59a337c299:c1382]
2019-09-02 06:30:05,420 [grpc-default-executor-0] INFO  client.GrpcClientProtocolClient (GrpcClientProtocolClient.java:onNext(255)) - client-0D308AD40832->3258574c-39ac-4ed5-9145-ea59a337c299: receive RaftClientReply:client-0D308AD40832->3258574c-39ac-4ed5-9145-ea59a337c299@group-6C7D867BDA6A, cid=963, SUCCESS, logIndex=1380, commits[3258574c-39ac-4ed5-9145-ea59a337c299:c1382]
2019-09-02 06:30:05,421 [grpc-default-executor-0] INFO  client.GrpcClientProtocolClient (GrpcClientProtocolClient.java:onNext(255)) - client-0D308AD40832->3258574c-39ac-4ed5-9145-ea59a337c299: receive RaftClientReply:client-0D308AD40832->3258574c-39ac-4ed5-9145-ea59a337c299@group-6C7D867BDA6A, cid=964, SUCCESS, logIndex=1381, commits[3258574c-39ac-4ed5-9145-ea59a337c299:c1382]
2019-09-02 06:30:05,439 [grpc-default-executor-0] INFO  client.GrpcClientProtocolClient (GrpcClientProtocolClient.java:onNext(255)) - client-0D308AD40832->3258574c-39ac-4ed5-9145-ea59a337c299: receive RaftClientReply:client-0D308AD40832->3258574c-39ac-4ed5-9145-ea59a337c299@group-6C7D867BDA6A, cid=965, SUCCESS, logIndex=1383, commits[3258574c-39ac-4ed5-9145-ea59a337c299:c1386]
2019-09-02 06:30:05,439 [grpc-default-executor-0] INFO  client.GrpcClientProtocolClient (GrpcClientProtocolClient.java:onNext(255)) - client-0D308AD40832->3258574c-39ac-4ed5-9145-ea59a337c299: receive RaftClientReply:client-0D308AD40832->3258574c-39ac-4ed5-9145-ea59a337c299@group-6C7D867BDA6A, cid=966, SUCCESS, logIndex=1384, commits[3258574c-39ac-4ed5-9145-ea59a337c299:c1386]
2019-09-02 06:30:05,440 [grpc-default-executor-0] INFO  client.GrpcClientProtocolClient (GrpcClientProtocolClient.java:onNext(255)) - client-0D308AD40832->3258574c-39ac-4ed5-9145-ea59a337c299: receive RaftClientReply:client-0D308AD40832->3258574c-39ac-4ed5-9145-ea59a337c299@group-6C7D867BDA6A, cid=967, SUCCESS, logIndex=1385, commits[3258574c-39ac-4ed5-9145-ea59a337c299:c1387]
2019-09-02 06:30:05,440 [grpc-default-executor-0] INFO  client.GrpcClientProtocolClient (GrpcClientProtocolClient.java:onNext(255)) - client-0D308AD40832->3258574c-39ac-4ed5-9145-ea59a337c299: receive RaftClientReply:client-0D308AD40832->3258574c-39ac-4ed5-9145-ea59a337c299@group-6C7D867BDA6A, cid=968, SUCCESS, logIndex=1386, commits[3258574c-39ac-4ed5-9145-ea59a337c299:c1388]
2019-09-02 06:30:05,466 [grpc-default-executor-0] INFO  client.GrpcClientProtocolClient (GrpcClientProtocolClient.java:onNext(255)) - client-0D308AD40832->3258574c-39ac-4ed5-9145-ea59a337c299: receive RaftClientReply:client-0D308AD40832->3258574c-39ac-4ed5-9145-ea59a337c299@group-6C7D867BDA6A, cid=969, SUCCESS, logIndex=1389, commits[3258574c-39ac-4ed5-9145-ea59a337c299:c1392]
2019-09-02 06:30:05,466 [grpc-default-executor-0] INFO  client.GrpcClientProtocolClient (GrpcClientProtocolClient.java:onNext(255)) - client-0D308AD40832->3258574c-39ac-4ed5-9145-ea59a337c299: receive RaftClientReply:client-0D308AD40832->3258574c-39ac-4ed5-9145-ea59a337c299@group-6C7D867BDA6A, cid=970, SUCCESS, logIndex=1390, commits[3258574c-39ac-4ed5-9145-ea59a337c299:c1392]
2019-09-02 06:30:05,466 [grpc-default-executor-0] INFO  client.GrpcClientProtocolClient (GrpcClientProtocolClient.java:onNext(255)) - client-0D308AD40832->3258574c-39ac-4ed5-9145-ea59a337c299: receive RaftClientReply:client-0D308AD40832->3258574c-39ac-4ed5-9145-ea59a337c299@group-6C7D867BDA6A, cid=971, SUCCESS, logIndex=1391, commits[3258574c-39ac-4ed5-9145-ea59a337c299:c1393]
2019-09-02 06:30:05,467 [grpc-default-executor-0] INFO  client.GrpcClientProtocolClient (GrpcClientProtocolClient.java:onNext(255)) - client-0D308AD40832->3258574c-39ac-4ed5-9145-ea59a337c299: receive RaftClientReply:client-0D308AD40832->3258574c-39ac-4ed5-9145-ea59a337c299@group-6C7D867BDA6A, cid=972, SUCCESS, logIndex=1392, commits[3258574c-39ac-4ed5-9145-ea59a337c299:c1394]
2019-09-02 06:30:05,497 [SCMBlockDeletingService#1] DEBUG block.SCMBlockDeletingService (SCMBlockDeletingService.java:call(138)) - Running DeletedBlockTransactionScanner
2019-09-02 06:30:05,498 [SCMBlockDeletingService#1] DEBUG block.SCMBlockDeletingService (SCMBlockDeletingService.java:call(155)) - Scanned deleted blocks log and got 0 delTX to process.
2019-09-02 06:30:05,598 [grpc-default-executor-0] INFO  client.GrpcClientProtocolClient (GrpcClientProtocolClient.java:onNext(255)) - client-0D308AD40832->3258574c-39ac-4ed5-9145-ea59a337c299: receive RaftClientReply:client-0D308AD40832->3258574c-39ac-4ed5-9145-ea59a337c299@group-6C7D867BDA6A, cid=973, SUCCESS, logIndex=1395, commits[3258574c-39ac-4ed5-9145-ea59a337c299:c1399]
2019-09-02 06:30:05,598 [SCMBlockDeletingService#1] DEBUG block.SCMBlockDeletingService (SCMBlockDeletingService.java:call(138)) - Running DeletedBlockTransactionScanner
2019-09-02 06:30:05,599 [SCMBlockDeletingService#1] DEBUG block.SCMBlockDeletingService (SCMBlockDeletingService.java:call(155)) - Scanned deleted blocks log and got 0 delTX to process.
2019-09-02 06:30:05,599 [grpc-default-executor-0] INFO  client.GrpcClientProtocolClient (GrpcClientProtocolClient.java:onNext(255)) - client-0D308AD40832->3258574c-39ac-4ed5-9145-ea59a337c299: receive RaftClientReply:client-0D308AD40832->3258574c-39ac-4ed5-9145-ea59a337c299@group-6C7D867BDA6A, cid=974, SUCCESS, logIndex=1396, commits[3258574c-39ac-4ed5-9145-ea59a337c299:c1399]
2019-09-02 06:30:05,599 [grpc-default-executor-0] INFO  client.GrpcClientProtocolClient (GrpcClientProtocolClient.java:onNext(255)) - client-0D308AD40832->3258574c-39ac-4ed5-9145-ea59a337c299: receive RaftClientReply:client-0D308AD40832->3258574c-39ac-4ed5-9145-ea59a337c299@group-6C7D867BDA6A, cid=975, SUCCESS, logIndex=1397, commits[3258574c-39ac-4ed5-9145-ea59a337c299:c1399]
2019-09-02 06:30:05,600 [grpc-default-executor-0] INFO  client.GrpcClientProtocolClient (GrpcClientProtocolClient.java:onNext(255)) - client-0D308AD40832->3258574c-39ac-4ed5-9145-ea59a337c299: receive RaftClientReply:client-0D308AD40832->3258574c-39ac-4ed5-9145-ea59a337c299@group-6C7D867BDA6A, cid=976, SUCCESS, logIndex=1398, commits[3258574c-39ac-4ed5-9145-ea59a337c299:c1399]
2019-09-02 06:30:05,630 [grpc-default-executor-0] INFO  client.GrpcClientProtocolClient (GrpcClientProtocolClient.java:onNext(255)) - client-0D308AD40832->3258574c-39ac-4ed5-9145-ea59a337c299: receive RaftClientReply:client-0D308AD40832->3258574c-39ac-4ed5-9145-ea59a337c299@group-6C7D867BDA6A, cid=977, SUCCESS, logIndex=1400, commits[3258574c-39ac-4ed5-9145-ea59a337c299:c1403]
2019-09-02 06:30:05,631 [grpc-default-executor-0] INFO  client.GrpcClientProtocolClient (GrpcClientProtocolClient.java:onNext(255)) - client-0D308AD40832->3258574c-39ac-4ed5-9145-ea59a337c299: receive RaftClientReply:client-0D308AD40832->3258574c-39ac-4ed5-9145-ea59a337c299@group-6C7D867BDA6A, cid=978, SUCCESS, logIndex=1401, commits[3258574c-39ac-4ed5-9145-ea59a337c299:c1404]
2019-09-02 06:30:05,632 [grpc-default-executor-0] INFO  client.GrpcClientProtocolClient (GrpcClientProtocolClient.java:onNext(255)) - client-0D308AD40832->3258574c-39ac-4ed5-9145-ea59a337c299: receive RaftClientReply:client-0D308AD40832->3258574c-39ac-4ed5-9145-ea59a337c299@group-6C7D867BDA6A, cid=979, SUCCESS, logIndex=1402, commits[3258574c-39ac-4ed5-9145-ea59a337c299:c1404]
2019-09-02 06:30:05,632 [grpc-default-executor-0] INFO  client.GrpcClientProtocolClient (GrpcClientProtocolClient.java:onNext(255)) - client-0D308AD40832->3258574c-39ac-4ed5-9145-ea59a337c299: receive RaftClientReply:client-0D308AD40832->3258574c-39ac-4ed5-9145-ea59a337c299@group-6C7D867BDA6A, cid=980, SUCCESS, logIndex=1403, commits[3258574c-39ac-4ed5-9145-ea59a337c299:c1404]
2019-09-02 06:30:05,655 [grpc-default-executor-0] INFO  client.GrpcClientProtocolClient (GrpcClientProtocolClient.java:onNext(255)) - client-0D308AD40832->3258574c-39ac-4ed5-9145-ea59a337c299: receive RaftClientReply:client-0D308AD40832->3258574c-39ac-4ed5-9145-ea59a337c299@group-6C7D867BDA6A, cid=981, SUCCESS, logIndex=1405, commits[3258574c-39ac-4ed5-9145-ea59a337c299:c1408]
2019-09-02 06:30:05,656 [grpc-default-executor-0] INFO  client.GrpcClientProtocolClient (GrpcClientProtocolClient.java:onNext(255)) - client-0D308AD40832->3258574c-39ac-4ed5-9145-ea59a337c299: receive RaftClientReply:client-0D308AD40832->3258574c-39ac-4ed5-9145-ea59a337c299@group-6C7D867BDA6A, cid=982, SUCCESS, logIndex=1406, commits[3258574c-39ac-4ed5-9145-ea59a337c299:c1409]
2019-09-02 06:30:05,656 [grpc-default-executor-0] INFO  client.GrpcClientProtocolClient (GrpcClientProtocolClient.java:onNext(255)) - client-0D308AD40832->3258574c-39ac-4ed5-9145-ea59a337c299: receive RaftClientReply:client-0D308AD40832->3258574c-39ac-4ed5-9145-ea59a337c299@group-6C7D867BDA6A, cid=983, SUCCESS, logIndex=1407, commits[3258574c-39ac-4ed5-9145-ea59a337c299:c1409]
2019-09-02 06:30:05,657 [grpc-default-executor-0] INFO  client.GrpcClientProtocolClient (GrpcClientProtocolClient.java:onNext(255)) - client-0D308AD40832->3258574c-39ac-4ed5-9145-ea59a337c299: receive RaftClientReply:client-0D308AD40832->3258574c-39ac-4ed5-9145-ea59a337c299@group-6C7D867BDA6A, cid=984, SUCCESS, logIndex=1408, commits[3258574c-39ac-4ed5-9145-ea59a337c299:c1409]
2019-09-02 06:30:05,683 [grpc-default-executor-0] INFO  client.GrpcClientProtocolClient (GrpcClientProtocolClient.java:onNext(255)) - client-0D308AD40832->3258574c-39ac-4ed5-9145-ea59a337c299: receive RaftClientReply:client-0D308AD40832->3258574c-39ac-4ed5-9145-ea59a337c299@group-6C7D867BDA6A, cid=985, SUCCESS, logIndex=1410, commits[3258574c-39ac-4ed5-9145-ea59a337c299:c1411]
2019-09-02 06:30:05,684 [grpc-default-executor-0] INFO  client.GrpcClientProtocolClient (GrpcClientProtocolClient.java:onNext(255)) - client-0D308AD40832->3258574c-39ac-4ed5-9145-ea59a337c299: receive RaftClientReply:client-0D308AD40832->3258574c-39ac-4ed5-9145-ea59a337c299@group-6C7D867BDA6A, cid=986, SUCCESS, logIndex=1411, commits[3258574c-39ac-4ed5-9145-ea59a337c299:c1413]
2019-09-02 06:30:05,684 [grpc-default-executor-0] INFO  client.GrpcClientProtocolClient (GrpcClientProtocolClient.java:onNext(255)) - client-0D308AD40832->3258574c-39ac-4ed5-9145-ea59a337c299: receive RaftClientReply:client-0D308AD40832->3258574c-39ac-4ed5-9145-ea59a337c299@group-6C7D867BDA6A, cid=987, SUCCESS, logIndex=1412, commits[3258574c-39ac-4ed5-9145-ea59a337c299:c1413]
2019-09-02 06:30:05,684 [grpc-default-executor-0] INFO  client.GrpcClientProtocolClient (GrpcClientProtocolClient.java:onNext(255)) - client-0D308AD40832->3258574c-39ac-4ed5-9145-ea59a337c299: receive RaftClientReply:client-0D308AD40832->3258574c-39ac-4ed5-9145-ea59a337c299@group-6C7D867BDA6A, cid=988, SUCCESS, logIndex=1413, commits[3258574c-39ac-4ed5-9145-ea59a337c299:c1414]
2019-09-02 06:30:05,788 [SCMBlockDeletingService#1] DEBUG block.SCMBlockDeletingService (SCMBlockDeletingService.java:call(138)) - Running DeletedBlockTransactionScanner
2019-09-02 06:30:05,788 [SCMBlockDeletingService#1] DEBUG block.SCMBlockDeletingService (SCMBlockDeletingService.java:call(155)) - Scanned deleted blocks log and got 0 delTX to process.
2019-09-02 06:30:05,806 [grpc-default-executor-1] INFO  client.GrpcClientProtocolClient (GrpcClientProtocolClient.java:onNext(255)) - client-0D308AD40832->3258574c-39ac-4ed5-9145-ea59a337c299: receive RaftClientReply:client-0D308AD40832->3258574c-39ac-4ed5-9145-ea59a337c299@group-6C7D867BDA6A, cid=989, SUCCESS, logIndex=1416, commits[3258574c-39ac-4ed5-9145-ea59a337c299:c1419]
2019-09-02 06:30:05,807 [grpc-default-executor-1] INFO  client.GrpcClientProtocolClient (GrpcClientProtocolClient.java:onNext(255)) - client-0D308AD40832->3258574c-39ac-4ed5-9145-ea59a337c299: receive RaftClientReply:client-0D308AD40832->3258574c-39ac-4ed5-9145-ea59a337c299@group-6C7D867BDA6A, cid=990, SUCCESS, logIndex=1417, commits[3258574c-39ac-4ed5-9145-ea59a337c299:c1420]
2019-09-02 06:30:05,807 [grpc-default-executor-1] INFO  client.GrpcClientProtocolClient (GrpcClientProtocolClient.java:onNext(255)) - client-0D308AD40832->3258574c-39ac-4ed5-9145-ea59a337c299: receive RaftClientReply:client-0D308AD40832->3258574c-39ac-4ed5-9145-ea59a337c299@group-6C7D867BDA6A, cid=991, SUCCESS, logIndex=1418, commits[3258574c-39ac-4ed5-9145-ea59a337c299:c1420]
2019-09-02 06:30:05,808 [grpc-default-executor-1] INFO  client.GrpcClientProtocolClient (GrpcClientProtocolClient.java:onNext(255)) - client-0D308AD40832->3258574c-39ac-4ed5-9145-ea59a337c299: receive RaftClientReply:client-0D308AD40832->3258574c-39ac-4ed5-9145-ea59a337c299@group-6C7D867BDA6A, cid=992, SUCCESS, logIndex=1419, commits[3258574c-39ac-4ed5-9145-ea59a337c299:c1420]
2019-09-02 06:30:05,839 [grpc-default-executor-1] INFO  client.GrpcClientProtocolClient (GrpcClientProtocolClient.java:onNext(255)) - client-0D308AD40832->3258574c-39ac-4ed5-9145-ea59a337c299: receive RaftClientReply:client-0D308AD40832->3258574c-39ac-4ed5-9145-ea59a337c299@group-6C7D867BDA6A, cid=993, SUCCESS, logIndex=1421, commits[3258574c-39ac-4ed5-9145-ea59a337c299:c1424]
2019-09-02 06:30:05,840 [grpc-default-executor-1] INFO  client.GrpcClientProtocolClient (GrpcClientProtocolClient.java:onNext(255)) - client-0D308AD40832->3258574c-39ac-4ed5-9145-ea59a337c299: receive RaftClientReply:client-0D308AD40832->3258574c-39ac-4ed5-9145-ea59a337c299@group-6C7D867BDA6A, cid=994, SUCCESS, logIndex=1422, commits[3258574c-39ac-4ed5-9145-ea59a337c299:c1425]
2019-09-02 06:30:05,840 [grpc-default-executor-1] INFO  client.GrpcClientProtocolClient (GrpcClientProtocolClient.java:onNext(255)) - client-0D308AD40832->3258574c-39ac-4ed5-9145-ea59a337c299: receive RaftClientReply:client-0D308AD40832->3258574c-39ac-4ed5-9145-ea59a337c299@group-6C7D867BDA6A, cid=995, SUCCESS, logIndex=1423, commits[3258574c-39ac-4ed5-9145-ea59a337c299:c1425]
2019-09-02 06:30:05,841 [grpc-default-executor-1] INFO  client.GrpcClientProtocolClient (GrpcClientProtocolClient.java:onNext(255)) - client-0D308AD40832->3258574c-39ac-4ed5-9145-ea59a337c299: receive RaftClientReply:client-0D308AD40832->3258574c-39ac-4ed5-9145-ea59a337c299@group-6C7D867BDA6A, cid=996, SUCCESS, logIndex=1424, commits[3258574c-39ac-4ed5-9145-ea59a337c299:c1425]
2019-09-02 06:30:05,861 [grpc-default-executor-1] INFO  client.GrpcClientProtocolClient (GrpcClientProtocolClient.java:onNext(255)) - client-0D308AD40832->3258574c-39ac-4ed5-9145-ea59a337c299: receive RaftClientReply:client-0D308AD40832->3258574c-39ac-4ed5-9145-ea59a337c299@group-6C7D867BDA6A, cid=997, SUCCESS, logIndex=1426, commits[3258574c-39ac-4ed5-9145-ea59a337c299:c1429]
2019-09-02 06:30:05,861 [grpc-default-executor-1] INFO  client.GrpcClientProtocolClient (GrpcClientProtocolClient.java:onNext(255)) - client-0D308AD40832->3258574c-39ac-4ed5-9145-ea59a337c299: receive RaftClientReply:client-0D308AD40832->3258574c-39ac-4ed5-9145-ea59a337c299@group-6C7D867BDA6A, cid=998, SUCCESS, logIndex=1427, commits[3258574c-39ac-4ed5-9145-ea59a337c299:c1430]
2019-09-02 06:30:05,862 [grpc-default-executor-1] INFO  client.GrpcClientProtocolClient (GrpcClientProtocolClient.java:onNext(255)) - client-0D308AD40832->3258574c-39ac-4ed5-9145-ea59a337c299: receive RaftClientReply:client-0D308AD40832->3258574c-39ac-4ed5-9145-ea59a337c299@group-6C7D867BDA6A, cid=999, SUCCESS, logIndex=1428, commits[3258574c-39ac-4ed5-9145-ea59a337c299:c1430]
2019-09-02 06:30:05,862 [grpc-default-executor-1] INFO  client.GrpcClientProtocolClient (GrpcClientProtocolClient.java:onNext(255)) - client-0D308AD40832->3258574c-39ac-4ed5-9145-ea59a337c299: receive RaftClientReply:client-0D308AD40832->3258574c-39ac-4ed5-9145-ea59a337c299@group-6C7D867BDA6A, cid=1000, SUCCESS, logIndex=1429, commits[3258574c-39ac-4ed5-9145-ea59a337c299:c1430]
2019-09-02 06:30:05,886 [grpc-default-executor-0] INFO  client.GrpcClientProtocolClient (GrpcClientProtocolClient.java:onNext(255)) - client-0D308AD40832->3258574c-39ac-4ed5-9145-ea59a337c299: receive RaftClientReply:client-0D308AD40832->3258574c-39ac-4ed5-9145-ea59a337c299@group-6C7D867BDA6A, cid=1001, SUCCESS, logIndex=1431, commits[3258574c-39ac-4ed5-9145-ea59a337c299:c1432]
2019-09-02 06:30:05,887 [grpc-default-executor-0] INFO  client.GrpcClientProtocolClient (GrpcClientProtocolClient.java:onNext(255)) - client-0D308AD40832->3258574c-39ac-4ed5-9145-ea59a337c299: receive RaftClientReply:client-0D308AD40832->3258574c-39ac-4ed5-9145-ea59a337c299@group-6C7D867BDA6A, cid=1002, SUCCESS, logIndex=1432, commits[3258574c-39ac-4ed5-9145-ea59a337c299:c1435]
2019-09-02 06:30:05,887 [grpc-default-executor-0] INFO  client.GrpcClientProtocolClient (GrpcClientProtocolClient.java:onNext(255)) - client-0D308AD40832->3258574c-39ac-4ed5-9145-ea59a337c299: receive RaftClientReply:client-0D308AD40832->3258574c-39ac-4ed5-9145-ea59a337c299@group-6C7D867BDA6A, cid=1003, SUCCESS, logIndex=1433, commits[3258574c-39ac-4ed5-9145-ea59a337c299:c1435]
2019-09-02 06:30:05,888 [grpc-default-executor-0] INFO  client.GrpcClientProtocolClient (GrpcClientProtocolClient.java:onNext(255)) - client-0D308AD40832->3258574c-39ac-4ed5-9145-ea59a337c299: receive RaftClientReply:client-0D308AD40832->3258574c-39ac-4ed5-9145-ea59a337c299@group-6C7D867BDA6A, cid=1004, SUCCESS, logIndex=1434, commits[3258574c-39ac-4ed5-9145-ea59a337c299:c1436]
2019-09-02 06:30:05,889 [SCMBlockDeletingService#1] DEBUG block.SCMBlockDeletingService (SCMBlockDeletingService.java:call(138)) - Running DeletedBlockTransactionScanner
2019-09-02 06:30:05,889 [SCMBlockDeletingService#1] DEBUG block.SCMBlockDeletingService (SCMBlockDeletingService.java:call(155)) - Scanned deleted blocks log and got 0 delTX to process.
2019-09-02 06:30:05,912 [grpc-default-executor-0] INFO  client.GrpcClientProtocolClient (GrpcClientProtocolClient.java:onNext(255)) - client-0D308AD40832->3258574c-39ac-4ed5-9145-ea59a337c299: receive RaftClientReply:client-0D308AD40832->3258574c-39ac-4ed5-9145-ea59a337c299@group-6C7D867BDA6A, cid=1005, SUCCESS, logIndex=1437, commits[3258574c-39ac-4ed5-9145-ea59a337c299:c1438]
2019-09-02 06:30:05,913 [grpc-default-executor-0] INFO  client.GrpcClientProtocolClient (GrpcClientProtocolClient.java:onNext(255)) - client-0D308AD40832->3258574c-39ac-4ed5-9145-ea59a337c299: receive RaftClientReply:client-0D308AD40832->3258574c-39ac-4ed5-9145-ea59a337c299@group-6C7D867BDA6A, cid=1006, SUCCESS, logIndex=1438, commits[3258574c-39ac-4ed5-9145-ea59a337c299:c1438]
2019-09-02 06:30:05,919 [grpc-default-executor-0] INFO  client.GrpcClientProtocolClient (GrpcClientProtocolClient.java:onNext(255)) - client-0D308AD40832->3258574c-39ac-4ed5-9145-ea59a337c299: receive RaftClientReply:client-0D308AD40832->3258574c-39ac-4ed5-9145-ea59a337c299@group-6C7D867BDA6A, cid=1007, SUCCESS, logIndex=1439, commits[3258574c-39ac-4ed5-9145-ea59a337c299:c1440]
2019-09-02 06:30:05,920 [grpc-default-executor-0] INFO  client.GrpcClientProtocolClient (GrpcClientProtocolClient.java:onNext(255)) - client-0D308AD40832->3258574c-39ac-4ed5-9145-ea59a337c299: receive RaftClientReply:client-0D308AD40832->3258574c-39ac-4ed5-9145-ea59a337c299@group-6C7D867BDA6A, cid=1008, SUCCESS, logIndex=1440, commits[3258574c-39ac-4ed5-9145-ea59a337c299:c1442]
2019-09-02 06:30:05,957 [grpc-default-executor-0] INFO  client.GrpcClientProtocolClient (GrpcClientProtocolClient.java:onNext(255)) - client-0D308AD40832->3258574c-39ac-4ed5-9145-ea59a337c299: receive RaftClientReply:client-0D308AD40832->3258574c-39ac-4ed5-9145-ea59a337c299@group-6C7D867BDA6A, cid=1009, SUCCESS, logIndex=1443, commits[3258574c-39ac-4ed5-9145-ea59a337c299:c1446]
2019-09-02 06:30:05,958 [grpc-default-executor-0] INFO  client.GrpcClientProtocolClient (GrpcClientProtocolClient.java:onNext(255)) - client-0D308AD40832->3258574c-39ac-4ed5-9145-ea59a337c299: receive RaftClientReply:client-0D308AD40832->3258574c-39ac-4ed5-9145-ea59a337c299@group-6C7D867BDA6A, cid=1010, SUCCESS, logIndex=1444, commits[3258574c-39ac-4ed5-9145-ea59a337c299:c1447]
2019-09-02 06:30:05,958 [grpc-default-executor-0] INFO  client.GrpcClientProtocolClient (GrpcClientProtocolClient.java:onNext(255)) - client-0D308AD40832->3258574c-39ac-4ed5-9145-ea59a337c299: receive RaftClientReply:client-0D308AD40832->3258574c-39ac-4ed5-9145-ea59a337c299@group-6C7D867BDA6A, cid=1011, SUCCESS, logIndex=1445, commits[3258574c-39ac-4ed5-9145-ea59a337c299:c1447]
2019-09-02 06:30:05,958 [grpc-default-executor-0] INFO  client.GrpcClientProtocolClient (GrpcClientProtocolClient.java:onNext(255)) - client-0D308AD40832->3258574c-39ac-4ed5-9145-ea59a337c299: receive RaftClientReply:client-0D308AD40832->3258574c-39ac-4ed5-9145-ea59a337c299@group-6C7D867BDA6A, cid=1012, SUCCESS, logIndex=1446, commits[3258574c-39ac-4ed5-9145-ea59a337c299:c1447]
2019-09-02 06:30:05,979 [grpc-default-executor-1] INFO  client.GrpcClientProtocolClient (GrpcClientProtocolClient.java:onNext(255)) - client-0D308AD40832->3258574c-39ac-4ed5-9145-ea59a337c299: receive RaftClientReply:client-0D308AD40832->3258574c-39ac-4ed5-9145-ea59a337c299@group-6C7D867BDA6A, cid=1013, SUCCESS, logIndex=1448, commits[3258574c-39ac-4ed5-9145-ea59a337c299:c1449]
2019-09-02 06:30:05,979 [grpc-default-executor-1] INFO  client.GrpcClientProtocolClient (GrpcClientProtocolClient.java:onNext(255)) - client-0D308AD40832->3258574c-39ac-4ed5-9145-ea59a337c299: receive RaftClientReply:client-0D308AD40832->3258574c-39ac-4ed5-9145-ea59a337c299@group-6C7D867BDA6A, cid=1014, SUCCESS, logIndex=1449, commits[3258574c-39ac-4ed5-9145-ea59a337c299:c1451]
2019-09-02 06:30:05,980 [grpc-default-executor-1] INFO  client.GrpcClientProtocolClient (GrpcClientProtocolClient.java:onNext(255)) - client-0D308AD40832->3258574c-39ac-4ed5-9145-ea59a337c299: receive RaftClientReply:client-0D308AD40832->3258574c-39ac-4ed5-9145-ea59a337c299@group-6C7D867BDA6A, cid=1015, SUCCESS, logIndex=1450, commits[3258574c-39ac-4ed5-9145-ea59a337c299:c1451]
2019-09-02 06:30:05,980 [grpc-default-executor-1] INFO  client.GrpcClientProtocolClient (GrpcClientProtocolClient.java:onNext(255)) - client-0D308AD40832->3258574c-39ac-4ed5-9145-ea59a337c299: receive RaftClientReply:client-0D308AD40832->3258574c-39ac-4ed5-9145-ea59a337c299@group-6C7D867BDA6A, cid=1016, SUCCESS, logIndex=1451, commits[3258574c-39ac-4ed5-9145-ea59a337c299:c1452]
2019-09-02 06:30:05,990 [SCMBlockDeletingService#1] DEBUG block.SCMBlockDeletingService (SCMBlockDeletingService.java:call(138)) - Running DeletedBlockTransactionScanner
2019-09-02 06:30:05,990 [SCMBlockDeletingService#1] DEBUG block.SCMBlockDeletingService (SCMBlockDeletingService.java:call(155)) - Scanned deleted blocks log and got 0 delTX to process.
2019-09-02 06:30:06,090 [SCMBlockDeletingService#1] DEBUG block.SCMBlockDeletingService (SCMBlockDeletingService.java:call(138)) - Running DeletedBlockTransactionScanner
2019-09-02 06:30:06,091 [SCMBlockDeletingService#1] DEBUG block.SCMBlockDeletingService (SCMBlockDeletingService.java:call(155)) - Scanned deleted blocks log and got 0 delTX to process.
2019-09-02 06:30:06,096 [grpc-default-executor-0] INFO  client.GrpcClientProtocolClient (GrpcClientProtocolClient.java:onNext(255)) - client-0D308AD40832->3258574c-39ac-4ed5-9145-ea59a337c299: receive RaftClientReply:client-0D308AD40832->3258574c-39ac-4ed5-9145-ea59a337c299@group-6C7D867BDA6A, cid=1017, SUCCESS, logIndex=1454, commits[3258574c-39ac-4ed5-9145-ea59a337c299:c1455]
2019-09-02 06:30:06,097 [grpc-default-executor-0] INFO  client.GrpcClientProtocolClient (GrpcClientProtocolClient.java:onNext(255)) - client-0D308AD40832->3258574c-39ac-4ed5-9145-ea59a337c299: receive RaftClientReply:client-0D308AD40832->3258574c-39ac-4ed5-9145-ea59a337c299@group-6C7D867BDA6A, cid=1018, SUCCESS, logIndex=1455, commits[3258574c-39ac-4ed5-9145-ea59a337c299:c1457]
2019-09-02 06:30:06,097 [grpc-default-executor-0] INFO  client.GrpcClientProtocolClient (GrpcClientProtocolClient.java:onNext(255)) - client-0D308AD40832->3258574c-39ac-4ed5-9145-ea59a337c299: receive RaftClientReply:client-0D308AD40832->3258574c-39ac-4ed5-9145-ea59a337c299@group-6C7D867BDA6A, cid=1019, SUCCESS, logIndex=1456, commits[3258574c-39ac-4ed5-9145-ea59a337c299:c1458]
2019-09-02 06:30:06,097 [grpc-default-executor-0] INFO  client.GrpcClientProtocolClient (GrpcClientProtocolClient.java:onNext(255)) - client-0D308AD40832->3258574c-39ac-4ed5-9145-ea59a337c299: receive RaftClientReply:client-0D308AD40832->3258574c-39ac-4ed5-9145-ea59a337c299@group-6C7D867BDA6A, cid=1020, SUCCESS, logIndex=1457, commits[3258574c-39ac-4ed5-9145-ea59a337c299:c1458]
2019-09-02 06:30:06,111 [grpc-default-executor-1] INFO  client.GrpcClientProtocolClient (GrpcClientProtocolClient.java:onNext(255)) - client-0D308AD40832->3258574c-39ac-4ed5-9145-ea59a337c299: receive RaftClientReply:client-0D308AD40832->3258574c-39ac-4ed5-9145-ea59a337c299@group-6C7D867BDA6A, cid=1021, SUCCESS, logIndex=1460, commits[3258574c-39ac-4ed5-9145-ea59a337c299:c1463]
2019-09-02 06:30:06,112 [grpc-default-executor-1] INFO  client.GrpcClientProtocolClient (GrpcClientProtocolClient.java:onNext(255)) - client-0D308AD40832->3258574c-39ac-4ed5-9145-ea59a337c299: receive RaftClientReply:client-0D308AD40832->3258574c-39ac-4ed5-9145-ea59a337c299@group-6C7D867BDA6A, cid=1022, SUCCESS, logIndex=1461, commits[3258574c-39ac-4ed5-9145-ea59a337c299:c1464]
2019-09-02 06:30:06,112 [grpc-default-executor-1] INFO  client.GrpcClientProtocolClient (GrpcClientProtocolClient.java:onNext(255)) - client-0D308AD40832->3258574c-39ac-4ed5-9145-ea59a337c299: receive RaftClientReply:client-0D308AD40832->3258574c-39ac-4ed5-9145-ea59a337c299@group-6C7D867BDA6A, cid=1023, SUCCESS, logIndex=1462, commits[3258574c-39ac-4ed5-9145-ea59a337c299:c1464]
2019-09-02 06:30:06,112 [grpc-default-executor-1] INFO  client.GrpcClientProtocolClient (GrpcClientProtocolClient.java:onNext(255)) - client-0D308AD40832->3258574c-39ac-4ed5-9145-ea59a337c299: receive RaftClientReply:client-0D308AD40832->3258574c-39ac-4ed5-9145-ea59a337c299@group-6C7D867BDA6A, cid=1024, SUCCESS, logIndex=1463, commits[3258574c-39ac-4ed5-9145-ea59a337c299:c1465]
2019-09-02 06:30:06,141 [grpc-default-executor-0] INFO  client.GrpcClientProtocolClient (GrpcClientProtocolClient.java:onNext(255)) - client-0D308AD40832->3258574c-39ac-4ed5-9145-ea59a337c299: receive RaftClientReply:client-0D308AD40832->3258574c-39ac-4ed5-9145-ea59a337c299@group-6C7D867BDA6A, cid=1025, SUCCESS, logIndex=1466, commits[3258574c-39ac-4ed5-9145-ea59a337c299:c1469]
2019-09-02 06:30:06,141 [grpc-default-executor-0] INFO  client.GrpcClientProtocolClient (GrpcClientProtocolClient.java:onNext(255)) - client-0D308AD40832->3258574c-39ac-4ed5-9145-ea59a337c299: receive RaftClientReply:client-0D308AD40832->3258574c-39ac-4ed5-9145-ea59a337c299@group-6C7D867BDA6A, cid=1026, SUCCESS, logIndex=1467, commits[3258574c-39ac-4ed5-9145-ea59a337c299:c1470]
2019-09-02 06:30:06,142 [grpc-default-executor-0] INFO  client.GrpcClientProtocolClient (GrpcClientProtocolClient.java:onNext(255)) - client-0D308AD40832->3258574c-39ac-4ed5-9145-ea59a337c299: receive RaftClientReply:client-0D308AD40832->3258574c-39ac-4ed5-9145-ea59a337c299@group-6C7D867BDA6A, cid=1027, SUCCESS, logIndex=1468, commits[3258574c-39ac-4ed5-9145-ea59a337c299:c1470]
2019-09-02 06:30:06,142 [grpc-default-executor-0] INFO  client.GrpcClientProtocolClient (GrpcClientProtocolClient.java:onNext(255)) - client-0D308AD40832->3258574c-39ac-4ed5-9145-ea59a337c299: receive RaftClientReply:client-0D308AD40832->3258574c-39ac-4ed5-9145-ea59a337c299@group-6C7D867BDA6A, cid=1028, SUCCESS, logIndex=1469, commits[3258574c-39ac-4ed5-9145-ea59a337c299:c1470]
2019-09-02 06:30:06,163 [grpc-default-executor-0] INFO  client.GrpcClientProtocolClient (GrpcClientProtocolClient.java:onNext(255)) - client-0D308AD40832->3258574c-39ac-4ed5-9145-ea59a337c299: receive RaftClientReply:client-0D308AD40832->3258574c-39ac-4ed5-9145-ea59a337c299@group-6C7D867BDA6A, cid=1029, SUCCESS, logIndex=1471, commits[3258574c-39ac-4ed5-9145-ea59a337c299:c1474]
2019-09-02 06:30:06,164 [grpc-default-executor-0] INFO  client.GrpcClientProtocolClient (GrpcClientProtocolClient.java:onNext(255)) - client-0D308AD40832->3258574c-39ac-4ed5-9145-ea59a337c299: receive RaftClientReply:client-0D308AD40832->3258574c-39ac-4ed5-9145-ea59a337c299@group-6C7D867BDA6A, cid=1030, SUCCESS, logIndex=1472, commits[3258574c-39ac-4ed5-9145-ea59a337c299:c1475]
2019-09-02 06:30:06,164 [grpc-default-executor-0] INFO  client.GrpcClientProtocolClient (GrpcClientProtocolClient.java:onNext(255)) - client-0D308AD40832->3258574c-39ac-4ed5-9145-ea59a337c299: receive RaftClientReply:client-0D308AD40832->3258574c-39ac-4ed5-9145-ea59a337c299@group-6C7D867BDA6A, cid=1031, SUCCESS, logIndex=1473, commits[3258574c-39ac-4ed5-9145-ea59a337c299:c1475]
2019-09-02 06:30:06,165 [grpc-default-executor-0] INFO  client.GrpcClientProtocolClient (GrpcClientProtocolClient.java:onNext(255)) - client-0D308AD40832->3258574c-39ac-4ed5-9145-ea59a337c299: receive RaftClientReply:client-0D308AD40832->3258574c-39ac-4ed5-9145-ea59a337c299@group-6C7D867BDA6A, cid=1032, SUCCESS, logIndex=1474, commits[3258574c-39ac-4ed5-9145-ea59a337c299:c1475]
2019-09-02 06:30:06,190 [grpc-default-executor-0] INFO  client.GrpcClientProtocolClient (GrpcClientProtocolClient.java:onNext(255)) - client-0D308AD40832->3258574c-39ac-4ed5-9145-ea59a337c299: receive RaftClientReply:client-0D308AD40832->3258574c-39ac-4ed5-9145-ea59a337c299@group-6C7D867BDA6A, cid=1033, SUCCESS, logIndex=1476, commits[3258574c-39ac-4ed5-9145-ea59a337c299:c1479]
2019-09-02 06:30:06,191 [grpc-default-executor-0] INFO  client.GrpcClientProtocolClient (GrpcClientProtocolClient.java:onNext(255)) - client-0D308AD40832->3258574c-39ac-4ed5-9145-ea59a337c299: receive RaftClientReply:client-0D308AD40832->3258574c-39ac-4ed5-9145-ea59a337c299@group-6C7D867BDA6A, cid=1034, SUCCESS, logIndex=1477, commits[3258574c-39ac-4ed5-9145-ea59a337c299:c1480]
2019-09-02 06:30:06,191 [SCMBlockDeletingService#1] DEBUG block.SCMBlockDeletingService (SCMBlockDeletingService.java:call(138)) - Running DeletedBlockTransactionScanner
2019-09-02 06:30:06,191 [grpc-default-executor-0] INFO  client.GrpcClientProtocolClient (GrpcClientProtocolClient.java:onNext(255)) - client-0D308AD40832->3258574c-39ac-4ed5-9145-ea59a337c299: receive RaftClientReply:client-0D308AD40832->3258574c-39ac-4ed5-9145-ea59a337c299@group-6C7D867BDA6A, cid=1035, SUCCESS, logIndex=1478, commits[3258574c-39ac-4ed5-9145-ea59a337c299:c1480]
2019-09-02 06:30:06,191 [SCMBlockDeletingService#1] DEBUG block.SCMBlockDeletingService (SCMBlockDeletingService.java:call(155)) - Scanned deleted blocks log and got 0 delTX to process.
2019-09-02 06:30:06,192 [grpc-default-executor-0] INFO  client.GrpcClientProtocolClient (GrpcClientProtocolClient.java:onNext(255)) - client-0D308AD40832->3258574c-39ac-4ed5-9145-ea59a337c299: receive RaftClientReply:client-0D308AD40832->3258574c-39ac-4ed5-9145-ea59a337c299@group-6C7D867BDA6A, cid=1036, SUCCESS, logIndex=1479, commits[3258574c-39ac-4ed5-9145-ea59a337c299:c1480]
2019-09-02 06:30:06,233 [grpc-default-executor-0] INFO  client.GrpcClientProtocolClient (GrpcClientProtocolClient.java:onNext(255)) - client-0D308AD40832->3258574c-39ac-4ed5-9145-ea59a337c299: receive RaftClientReply:client-0D308AD40832->3258574c-39ac-4ed5-9145-ea59a337c299@group-6C7D867BDA6A, cid=1037, SUCCESS, logIndex=1481, commits[3258574c-39ac-4ed5-9145-ea59a337c299:c1482]
2019-09-02 06:30:06,234 [grpc-default-executor-0] INFO  client.GrpcClientProtocolClient (GrpcClientProtocolClient.java:onNext(255)) - client-0D308AD40832->3258574c-39ac-4ed5-9145-ea59a337c299: receive RaftClientReply:client-0D308AD40832->3258574c-39ac-4ed5-9145-ea59a337c299@group-6C7D867BDA6A, cid=1038, SUCCESS, logIndex=1482, commits[3258574c-39ac-4ed5-9145-ea59a337c299:c1484]
2019-09-02 06:30:06,234 [grpc-default-executor-0] INFO  client.GrpcClientProtocolClient (GrpcClientProtocolClient.java:onNext(255)) - client-0D308AD40832->3258574c-39ac-4ed5-9145-ea59a337c299: receive RaftClientReply:client-0D308AD40832->3258574c-39ac-4ed5-9145-ea59a337c299@group-6C7D867BDA6A, cid=1039, SUCCESS, logIndex=1483, commits[3258574c-39ac-4ed5-9145-ea59a337c299:c1485]
2019-09-02 06:30:06,234 [grpc-default-executor-0] INFO  client.GrpcClientProtocolClient (GrpcClientProtocolClient.java:onNext(255)) - client-0D308AD40832->3258574c-39ac-4ed5-9145-ea59a337c299: receive RaftClientReply:client-0D308AD40832->3258574c-39ac-4ed5-9145-ea59a337c299@group-6C7D867BDA6A, cid=1040, SUCCESS, logIndex=1484, commits[3258574c-39ac-4ed5-9145-ea59a337c299:c1485]
2019-09-02 06:30:06,260 [grpc-default-executor-1] INFO  client.GrpcClientProtocolClient (GrpcClientProtocolClient.java:onNext(255)) - client-0D308AD40832->3258574c-39ac-4ed5-9145-ea59a337c299: receive RaftClientReply:client-0D308AD40832->3258574c-39ac-4ed5-9145-ea59a337c299@group-6C7D867BDA6A, cid=1041, SUCCESS, logIndex=1487, commits[3258574c-39ac-4ed5-9145-ea59a337c299:c1490]
2019-09-02 06:30:06,261 [grpc-default-executor-1] INFO  client.GrpcClientProtocolClient (GrpcClientProtocolClient.java:onNext(255)) - client-0D308AD40832->3258574c-39ac-4ed5-9145-ea59a337c299: receive RaftClientReply:client-0D308AD40832->3258574c-39ac-4ed5-9145-ea59a337c299@group-6C7D867BDA6A, cid=1042, SUCCESS, logIndex=1488, commits[3258574c-39ac-4ed5-9145-ea59a337c299:c1491]
2019-09-02 06:30:06,262 [grpc-default-executor-1] INFO  client.GrpcClientProtocolClient (GrpcClientProtocolClient.java:onNext(255)) - client-0D308AD40832->3258574c-39ac-4ed5-9145-ea59a337c299: receive RaftClientReply:client-0D308AD40832->3258574c-39ac-4ed5-9145-ea59a337c299@group-6C7D867BDA6A, cid=1043, SUCCESS, logIndex=1489, commits[3258574c-39ac-4ed5-9145-ea59a337c299:c1491]
2019-09-02 06:30:06,262 [grpc-default-executor-1] INFO  client.GrpcClientProtocolClient (GrpcClientProtocolClient.java:onNext(255)) - client-0D308AD40832->3258574c-39ac-4ed5-9145-ea59a337c299: receive RaftClientReply:client-0D308AD40832->3258574c-39ac-4ed5-9145-ea59a337c299@group-6C7D867BDA6A, cid=1044, SUCCESS, logIndex=1490, commits[3258574c-39ac-4ed5-9145-ea59a337c299:c1491]
2019-09-02 06:30:06,271 [grpc-default-executor-1] INFO  client.GrpcClientProtocolClient (GrpcClientProtocolClient.java:onNext(255)) - client-0D308AD40832->3258574c-39ac-4ed5-9145-ea59a337c299: receive RaftClientReply:client-0D308AD40832->3258574c-39ac-4ed5-9145-ea59a337c299@group-6C7D867BDA6A, cid=1045, SUCCESS, logIndex=1492, commits[3258574c-39ac-4ed5-9145-ea59a337c299:c1493]
2019-09-02 06:30:06,272 [grpc-default-executor-1] INFO  client.GrpcClientProtocolClient (GrpcClientProtocolClient.java:onNext(255)) - client-0D308AD40832->3258574c-39ac-4ed5-9145-ea59a337c299: receive RaftClientReply:client-0D308AD40832->3258574c-39ac-4ed5-9145-ea59a337c299@group-6C7D867BDA6A, cid=1046, SUCCESS, logIndex=1493, commits[3258574c-39ac-4ed5-9145-ea59a337c299:c1493]
2019-09-02 06:30:06,274 [grpc-default-executor-1] INFO  client.GrpcClientProtocolClient (GrpcClientProtocolClient.java:onNext(255)) - client-0D308AD40832->3258574c-39ac-4ed5-9145-ea59a337c299: receive RaftClientReply:client-0D308AD40832->3258574c-39ac-4ed5-9145-ea59a337c299@group-6C7D867BDA6A, cid=1047, SUCCESS, logIndex=1494, commits[3258574c-39ac-4ed5-9145-ea59a337c299:c1496]
2019-09-02 06:30:06,275 [grpc-default-executor-1] INFO  client.GrpcClientProtocolClient (GrpcClientProtocolClient.java:onNext(255)) - client-0D308AD40832->3258574c-39ac-4ed5-9145-ea59a337c299: receive RaftClientReply:client-0D308AD40832->3258574c-39ac-4ed5-9145-ea59a337c299@group-6C7D867BDA6A, cid=1048, SUCCESS, logIndex=1495, commits[3258574c-39ac-4ed5-9145-ea59a337c299:c1496]
2019-09-02 06:30:06,292 [SCMBlockDeletingService#1] DEBUG block.SCMBlockDeletingService (SCMBlockDeletingService.java:call(138)) - Running DeletedBlockTransactionScanner
2019-09-02 06:30:06,292 [SCMBlockDeletingService#1] DEBUG block.SCMBlockDeletingService (SCMBlockDeletingService.java:call(155)) - Scanned deleted blocks log and got 0 delTX to process.
2019-09-02 06:30:06,293 [grpc-default-executor-1] INFO  client.GrpcClientProtocolClient (GrpcClientProtocolClient.java:onNext(255)) - client-0D308AD40832->3258574c-39ac-4ed5-9145-ea59a337c299: receive RaftClientReply:client-0D308AD40832->3258574c-39ac-4ed5-9145-ea59a337c299@group-6C7D867BDA6A, cid=1049, SUCCESS, logIndex=1497, commits[3258574c-39ac-4ed5-9145-ea59a337c299:c1498]
2019-09-02 06:30:06,293 [grpc-default-executor-1] INFO  client.GrpcClientProtocolClient (GrpcClientProtocolClient.java:onNext(255)) - client-0D308AD40832->3258574c-39ac-4ed5-9145-ea59a337c299: receive RaftClientReply:client-0D308AD40832->3258574c-39ac-4ed5-9145-ea59a337c299@group-6C7D867BDA6A, cid=1050, SUCCESS, logIndex=1498, commits[3258574c-39ac-4ed5-9145-ea59a337c299:c1498]
2019-09-02 06:30:06,294 [grpc-default-executor-1] INFO  client.GrpcClientProtocolClient (GrpcClientProtocolClient.java:onNext(255)) - client-0D308AD40832->3258574c-39ac-4ed5-9145-ea59a337c299: receive RaftClientReply:client-0D308AD40832->3258574c-39ac-4ed5-9145-ea59a337c299@group-6C7D867BDA6A, cid=1051, SUCCESS, logIndex=1499, commits[3258574c-39ac-4ed5-9145-ea59a337c299:c1501]
2019-09-02 06:30:06,295 [grpc-default-executor-1] INFO  client.GrpcClientProtocolClient (GrpcClientProtocolClient.java:onNext(255)) - client-0D308AD40832->3258574c-39ac-4ed5-9145-ea59a337c299: receive RaftClientReply:client-0D308AD40832->3258574c-39ac-4ed5-9145-ea59a337c299@group-6C7D867BDA6A, cid=1052, SUCCESS, logIndex=1500, commits[3258574c-39ac-4ed5-9145-ea59a337c299:c1501]
2019-09-02 06:30:06,305 [grpc-default-executor-0] INFO  client.GrpcClientProtocolClient (GrpcClientProtocolClient.java:onNext(255)) - client-0D308AD40832->3258574c-39ac-4ed5-9145-ea59a337c299: receive RaftClientReply:client-0D308AD40832->3258574c-39ac-4ed5-9145-ea59a337c299@group-6C7D867BDA6A, cid=1053, SUCCESS, logIndex=1502, commits[3258574c-39ac-4ed5-9145-ea59a337c299:c1505]
2019-09-02 06:30:06,305 [grpc-default-executor-0] INFO  client.GrpcClientProtocolClient (GrpcClientProtocolClient.java:onNext(255)) - client-0D308AD40832->3258574c-39ac-4ed5-9145-ea59a337c299: receive RaftClientReply:client-0D308AD40832->3258574c-39ac-4ed5-9145-ea59a337c299@group-6C7D867BDA6A, cid=1054, SUCCESS, logIndex=1503, commits[3258574c-39ac-4ed5-9145-ea59a337c299:c1505]
2019-09-02 06:30:06,306 [grpc-default-executor-0] INFO  client.GrpcClientProtocolClient (GrpcClientProtocolClient.java:onNext(255)) - client-0D308AD40832->3258574c-39ac-4ed5-9145-ea59a337c299: receive RaftClientReply:client-0D308AD40832->3258574c-39ac-4ed5-9145-ea59a337c299@group-6C7D867BDA6A, cid=1055, SUCCESS, logIndex=1504, commits[3258574c-39ac-4ed5-9145-ea59a337c299:c1506]
2019-09-02 06:30:06,306 [grpc-default-executor-0] INFO  client.GrpcClientProtocolClient (GrpcClientProtocolClient.java:onNext(255)) - client-0D308AD40832->3258574c-39ac-4ed5-9145-ea59a337c299: receive RaftClientReply:client-0D308AD40832->3258574c-39ac-4ed5-9145-ea59a337c299@group-6C7D867BDA6A, cid=1056, SUCCESS, logIndex=1505, commits[3258574c-39ac-4ed5-9145-ea59a337c299:c1506]
2019-09-02 06:30:06,322 [grpc-default-executor-0] INFO  client.GrpcClientProtocolClient (GrpcClientProtocolClient.java:onNext(255)) - client-0D308AD40832->3258574c-39ac-4ed5-9145-ea59a337c299: receive RaftClientReply:client-0D308AD40832->3258574c-39ac-4ed5-9145-ea59a337c299@group-6C7D867BDA6A, cid=1057, SUCCESS, logIndex=1508, commits[3258574c-39ac-4ed5-9145-ea59a337c299:c1509]
2019-09-02 06:30:06,323 [grpc-default-executor-0] INFO  client.GrpcClientProtocolClient (GrpcClientProtocolClient.java:onNext(255)) - client-0D308AD40832->3258574c-39ac-4ed5-9145-ea59a337c299: receive RaftClientReply:client-0D308AD40832->3258574c-39ac-4ed5-9145-ea59a337c299@group-6C7D867BDA6A, cid=1058, SUCCESS, logIndex=1509, commits[3258574c-39ac-4ed5-9145-ea59a337c299:c1511]
2019-09-02 06:30:06,323 [grpc-default-executor-0] INFO  client.GrpcClientProtocolClient (GrpcClientProtocolClient.java:onNext(255)) - client-0D308AD40832->3258574c-39ac-4ed5-9145-ea59a337c299: receive RaftClientReply:client-0D308AD40832->3258574c-39ac-4ed5-9145-ea59a337c299@group-6C7D867BDA6A, cid=1059, SUCCESS, logIndex=1510, commits[3258574c-39ac-4ed5-9145-ea59a337c299:c1511]
2019-09-02 06:30:06,323 [grpc-default-executor-0] INFO  client.GrpcClientProtocolClient (GrpcClientProtocolClient.java:onNext(255)) - client-0D308AD40832->3258574c-39ac-4ed5-9145-ea59a337c299: receive RaftClientReply:client-0D308AD40832->3258574c-39ac-4ed5-9145-ea59a337c299@group-6C7D867BDA6A, cid=1060, SUCCESS, logIndex=1511, commits[3258574c-39ac-4ed5-9145-ea59a337c299:c1511]
2019-09-02 06:30:06,392 [SCMBlockDeletingService#1] DEBUG block.SCMBlockDeletingService (SCMBlockDeletingService.java:call(138)) - Running DeletedBlockTransactionScanner
2019-09-02 06:30:06,393 [SCMBlockDeletingService#1] DEBUG block.SCMBlockDeletingService (SCMBlockDeletingService.java:call(155)) - Scanned deleted blocks log and got 0 delTX to process.
2019-09-02 06:30:06,493 [SCMBlockDeletingService#1] DEBUG block.SCMBlockDeletingService (SCMBlockDeletingService.java:call(138)) - Running DeletedBlockTransactionScanner
2019-09-02 06:30:06,493 [SCMBlockDeletingService#1] DEBUG block.SCMBlockDeletingService (SCMBlockDeletingService.java:call(155)) - Scanned deleted blocks log and got 0 delTX to process.
2019-09-02 06:30:06,511 [grpc-default-executor-0] INFO  client.GrpcClientProtocolClient (GrpcClientProtocolClient.java:onNext(255)) - client-0D308AD40832->3258574c-39ac-4ed5-9145-ea59a337c299: receive RaftClientReply:client-0D308AD40832->3258574c-39ac-4ed5-9145-ea59a337c299@group-6C7D867BDA6A, cid=1061, SUCCESS, logIndex=1514, commits[3258574c-39ac-4ed5-9145-ea59a337c299:c1515]
2019-09-02 06:30:06,511 [grpc-default-executor-0] INFO  client.GrpcClientProtocolClient (GrpcClientProtocolClient.java:onNext(255)) - client-0D308AD40832->3258574c-39ac-4ed5-9145-ea59a337c299: receive RaftClientReply:client-0D308AD40832->3258574c-39ac-4ed5-9145-ea59a337c299@group-6C7D867BDA6A, cid=1062, SUCCESS, logIndex=1515, commits[3258574c-39ac-4ed5-9145-ea59a337c299:c1517]
2019-09-02 06:30:06,511 [grpc-default-executor-0] INFO  client.GrpcClientProtocolClient (GrpcClientProtocolClient.java:onNext(255)) - client-0D308AD40832->3258574c-39ac-4ed5-9145-ea59a337c299: receive RaftClientReply:client-0D308AD40832->3258574c-39ac-4ed5-9145-ea59a337c299@group-6C7D867BDA6A, cid=1063, SUCCESS, logIndex=1516, commits[3258574c-39ac-4ed5-9145-ea59a337c299:c1518]
2019-09-02 06:30:06,512 [grpc-default-executor-0] INFO  client.GrpcClientProtocolClient (GrpcClientProtocolClient.java:onNext(255)) - client-0D308AD40832->3258574c-39ac-4ed5-9145-ea59a337c299: receive RaftClientReply:client-0D308AD40832->3258574c-39ac-4ed5-9145-ea59a337c299@group-6C7D867BDA6A, cid=1064, SUCCESS, logIndex=1517, commits[3258574c-39ac-4ed5-9145-ea59a337c299:c1518]
2019-09-02 06:30:06,531 [grpc-default-executor-0] INFO  client.GrpcClientProtocolClient (GrpcClientProtocolClient.java:onNext(255)) - client-0D308AD40832->3258574c-39ac-4ed5-9145-ea59a337c299: receive RaftClientReply:client-0D308AD40832->3258574c-39ac-4ed5-9145-ea59a337c299@group-6C7D867BDA6A, cid=1065, SUCCESS, logIndex=1520, commits[3258574c-39ac-4ed5-9145-ea59a337c299:c1521]
2019-09-02 06:30:06,532 [grpc-default-executor-0] INFO  client.GrpcClientProtocolClient (GrpcClientProtocolClient.java:onNext(255)) - client-0D308AD40832->3258574c-39ac-4ed5-9145-ea59a337c299: receive RaftClientReply:client-0D308AD40832->3258574c-39ac-4ed5-9145-ea59a337c299@group-6C7D867BDA6A, cid=1066, SUCCESS, logIndex=1521, commits[3258574c-39ac-4ed5-9145-ea59a337c299:c1523]
2019-09-02 06:30:06,532 [grpc-default-executor-0] INFO  client.GrpcClientProtocolClient (GrpcClientProtocolClient.java:onNext(255)) - client-0D308AD40832->3258574c-39ac-4ed5-9145-ea59a337c299: receive RaftClientReply:client-0D308AD40832->3258574c-39ac-4ed5-9145-ea59a337c299@group-6C7D867BDA6A, cid=1067, SUCCESS, logIndex=1522, commits[3258574c-39ac-4ed5-9145-ea59a337c299:c1524]
2019-09-02 06:30:06,532 [grpc-default-executor-0] INFO  client.GrpcClientProtocolClient (GrpcClientProtocolClient.java:onNext(255)) - client-0D308AD40832->3258574c-39ac-4ed5-9145-ea59a337c299: receive RaftClientReply:client-0D308AD40832->3258574c-39ac-4ed5-9145-ea59a337c299@group-6C7D867BDA6A, cid=1068, SUCCESS, logIndex=1523, commits[3258574c-39ac-4ed5-9145-ea59a337c299:c1525]
2019-09-02 06:30:06,546 [grpc-default-executor-1] INFO  client.GrpcClientProtocolClient (GrpcClientProtocolClient.java:onNext(255)) - client-0D308AD40832->3258574c-39ac-4ed5-9145-ea59a337c299: receive RaftClientReply:client-0D308AD40832->3258574c-39ac-4ed5-9145-ea59a337c299@group-6C7D867BDA6A, cid=1069, SUCCESS, logIndex=1526, commits[3258574c-39ac-4ed5-9145-ea59a337c299:c1527]
2019-09-02 06:30:06,547 [grpc-default-executor-1] INFO  client.GrpcClientProtocolClient (GrpcClientProtocolClient.java:onNext(255)) - client-0D308AD40832->3258574c-39ac-4ed5-9145-ea59a337c299: receive RaftClientReply:client-0D308AD40832->3258574c-39ac-4ed5-9145-ea59a337c299@group-6C7D867BDA6A, cid=1070, SUCCESS, logIndex=1527, commits[3258574c-39ac-4ed5-9145-ea59a337c299:c1529]
2019-09-02 06:30:06,547 [grpc-default-executor-1] INFO  client.GrpcClientProtocolClient (GrpcClientProtocolClient.java:onNext(255)) - client-0D308AD40832->3258574c-39ac-4ed5-9145-ea59a337c299: receive RaftClientReply:client-0D308AD40832->3258574c-39ac-4ed5-9145-ea59a337c299@group-6C7D867BDA6A, cid=1071, SUCCESS, logIndex=1528, commits[3258574c-39ac-4ed5-9145-ea59a337c299:c1530]
2019-09-02 06:30:06,547 [grpc-default-executor-1] INFO  client.GrpcClientProtocolClient (GrpcClientProtocolClient.java:onNext(255)) - client-0D308AD40832->3258574c-39ac-4ed5-9145-ea59a337c299: receive RaftClientReply:client-0D308AD40832->3258574c-39ac-4ed5-9145-ea59a337c299@group-6C7D867BDA6A, cid=1072, SUCCESS, logIndex=1529, commits[3258574c-39ac-4ed5-9145-ea59a337c299:c1530]
2019-09-02 06:30:06,570 [grpc-default-executor-1] INFO  client.GrpcClientProtocolClient (GrpcClientProtocolClient.java:onNext(255)) - client-0D308AD40832->3258574c-39ac-4ed5-9145-ea59a337c299: receive RaftClientReply:client-0D308AD40832->3258574c-39ac-4ed5-9145-ea59a337c299@group-6C7D867BDA6A, cid=1073, SUCCESS, logIndex=1532, commits[3258574c-39ac-4ed5-9145-ea59a337c299:c1533]
2019-09-02 06:30:06,570 [grpc-default-executor-1] INFO  client.GrpcClientProtocolClient (GrpcClientProtocolClient.java:onNext(255)) - client-0D308AD40832->3258574c-39ac-4ed5-9145-ea59a337c299: receive RaftClientReply:client-0D308AD40832->3258574c-39ac-4ed5-9145-ea59a337c299@group-6C7D867BDA6A, cid=1074, SUCCESS, logIndex=1533, commits[3258574c-39ac-4ed5-9145-ea59a337c299:c1535]
2019-09-02 06:30:06,571 [grpc-default-executor-1] INFO  client.GrpcClientProtocolClient (GrpcClientProtocolClient.java:onNext(255)) - client-0D308AD40832->3258574c-39ac-4ed5-9145-ea59a337c299: receive RaftClientReply:client-0D308AD40832->3258574c-39ac-4ed5-9145-ea59a337c299@group-6C7D867BDA6A, cid=1075, SUCCESS, logIndex=1534, commits[3258574c-39ac-4ed5-9145-ea59a337c299:c1535]
2019-09-02 06:30:06,571 [grpc-default-executor-1] INFO  client.GrpcClientProtocolClient (GrpcClientProtocolClient.java:onNext(255)) - client-0D308AD40832->3258574c-39ac-4ed5-9145-ea59a337c299: receive RaftClientReply:client-0D308AD40832->3258574c-39ac-4ed5-9145-ea59a337c299@group-6C7D867BDA6A, cid=1076, SUCCESS, logIndex=1535, commits[3258574c-39ac-4ed5-9145-ea59a337c299:c1535]
2019-09-02 06:30:06,589 [grpc-default-executor-1] INFO  client.GrpcClientProtocolClient (GrpcClientProtocolClient.java:onNext(255)) - client-0D308AD40832->3258574c-39ac-4ed5-9145-ea59a337c299: receive RaftClientReply:client-0D308AD40832->3258574c-39ac-4ed5-9145-ea59a337c299@group-6C7D867BDA6A, cid=1077, SUCCESS, logIndex=1538, commits[3258574c-39ac-4ed5-9145-ea59a337c299:c1539]
2019-09-02 06:30:06,589 [grpc-default-executor-1] INFO  client.GrpcClientProtocolClient (GrpcClientProtocolClient.java:onNext(255)) - client-0D308AD40832->3258574c-39ac-4ed5-9145-ea59a337c299: receive RaftClientReply:client-0D308AD40832->3258574c-39ac-4ed5-9145-ea59a337c299@group-6C7D867BDA6A, cid=1078, SUCCESS, logIndex=1539, commits[3258574c-39ac-4ed5-9145-ea59a337c299:c1541]
2019-09-02 06:30:06,589 [grpc-default-executor-1] INFO  client.GrpcClientProtocolClient (GrpcClientProtocolClient.java:onNext(255)) - client-0D308AD40832->3258574c-39ac-4ed5-9145-ea59a337c299: receive RaftClientReply:client-0D308AD40832->3258574c-39ac-4ed5-9145-ea59a337c299@group-6C7D867BDA6A, cid=1079, SUCCESS, logIndex=1540, commits[3258574c-39ac-4ed5-9145-ea59a337c299:c1541]
2019-09-02 06:30:06,589 [grpc-default-executor-1] INFO  client.GrpcClientProtocolClient (GrpcClientProtocolClient.java:onNext(255)) - client-0D308AD40832->3258574c-39ac-4ed5-9145-ea59a337c299: receive RaftClientReply:client-0D308AD40832->3258574c-39ac-4ed5-9145-ea59a337c299@group-6C7D867BDA6A, cid=1080, SUCCESS, logIndex=1541, commits[3258574c-39ac-4ed5-9145-ea59a337c299:c1542]
2019-09-02 06:30:06,594 [SCMBlockDeletingService#1] DEBUG block.SCMBlockDeletingService (SCMBlockDeletingService.java:call(138)) - Running DeletedBlockTransactionScanner
2019-09-02 06:30:06,594 [SCMBlockDeletingService#1] DEBUG block.SCMBlockDeletingService (SCMBlockDeletingService.java:call(155)) - Scanned deleted blocks log and got 0 delTX to process.
2019-09-02 06:30:06,612 [grpc-default-executor-1] INFO  client.GrpcClientProtocolClient (GrpcClientProtocolClient.java:onNext(255)) - client-0D308AD40832->3258574c-39ac-4ed5-9145-ea59a337c299: receive RaftClientReply:client-0D308AD40832->3258574c-39ac-4ed5-9145-ea59a337c299@group-6C7D867BDA6A, cid=1081, SUCCESS, logIndex=1544, commits[3258574c-39ac-4ed5-9145-ea59a337c299:c1545]
2019-09-02 06:30:06,613 [grpc-default-executor-1] INFO  client.GrpcClientProtocolClient (GrpcClientProtocolClient.java:onNext(255)) - client-0D308AD40832->3258574c-39ac-4ed5-9145-ea59a337c299: receive RaftClientReply:client-0D308AD40832->3258574c-39ac-4ed5-9145-ea59a337c299@group-6C7D867BDA6A, cid=1082, SUCCESS, logIndex=1545, commits[3258574c-39ac-4ed5-9145-ea59a337c299:c1547]
2019-09-02 06:30:06,613 [grpc-default-executor-1] INFO  client.GrpcClientProtocolClient (GrpcClientProtocolClient.java:onNext(255)) - client-0D308AD40832->3258574c-39ac-4ed5-9145-ea59a337c299: receive RaftClientReply:client-0D308AD40832->3258574c-39ac-4ed5-9145-ea59a337c299@group-6C7D867BDA6A, cid=1083, SUCCESS, logIndex=1546, commits[3258574c-39ac-4ed5-9145-ea59a337c299:c1548]
2019-09-02 06:30:06,613 [grpc-default-executor-1] INFO  client.GrpcClientProtocolClient (GrpcClientProtocolClient.java:onNext(255)) - client-0D308AD40832->3258574c-39ac-4ed5-9145-ea59a337c299: receive RaftClientReply:client-0D308AD40832->3258574c-39ac-4ed5-9145-ea59a337c299@group-6C7D867BDA6A, cid=1084, SUCCESS, logIndex=1547, commits[3258574c-39ac-4ed5-9145-ea59a337c299:c1548]
2019-09-02 06:30:06,631 [grpc-default-executor-1] INFO  client.GrpcClientProtocolClient (GrpcClientProtocolClient.java:onNext(255)) - client-0D308AD40832->3258574c-39ac-4ed5-9145-ea59a337c299: receive RaftClientReply:client-0D308AD40832->3258574c-39ac-4ed5-9145-ea59a337c299@group-6C7D867BDA6A, cid=1085, SUCCESS, logIndex=1550, commits[3258574c-39ac-4ed5-9145-ea59a337c299:c1551]
2019-09-02 06:30:06,632 [grpc-default-executor-1] INFO  client.GrpcClientProtocolClient (GrpcClientProtocolClient.java:onNext(255)) - client-0D308AD40832->3258574c-39ac-4ed5-9145-ea59a337c299: receive RaftClientReply:client-0D308AD40832->3258574c-39ac-4ed5-9145-ea59a337c299@group-6C7D867BDA6A, cid=1086, SUCCESS, logIndex=1551, commits[3258574c-39ac-4ed5-9145-ea59a337c299:c1553]
2019-09-02 06:30:06,632 [grpc-default-executor-1] INFO  client.GrpcClientProtocolClient (GrpcClientProtocolClient.java:onNext(255)) - client-0D308AD40832->3258574c-39ac-4ed5-9145-ea59a337c299: receive RaftClientReply:client-0D308AD40832->3258574c-39ac-4ed5-9145-ea59a337c299@group-6C7D867BDA6A, cid=1087, SUCCESS, logIndex=1552, commits[3258574c-39ac-4ed5-9145-ea59a337c299:c1554]
2019-09-02 06:30:06,632 [grpc-default-executor-1] INFO  client.GrpcClientProtocolClient (GrpcClientProtocolClient.java:onNext(255)) - client-0D308AD40832->3258574c-39ac-4ed5-9145-ea59a337c299: receive RaftClientReply:client-0D308AD40832->3258574c-39ac-4ed5-9145-ea59a337c299@group-6C7D867BDA6A, cid=1088, SUCCESS, logIndex=1553, commits[3258574c-39ac-4ed5-9145-ea59a337c299:c1554]
2019-09-02 06:30:06,657 [grpc-default-executor-0] INFO  client.GrpcClientProtocolClient (GrpcClientProtocolClient.java:onNext(255)) - client-0D308AD40832->3258574c-39ac-4ed5-9145-ea59a337c299: receive RaftClientReply:client-0D308AD40832->3258574c-39ac-4ed5-9145-ea59a337c299@group-6C7D867BDA6A, cid=1089, SUCCESS, logIndex=1556, commits[3258574c-39ac-4ed5-9145-ea59a337c299:c1559]
2019-09-02 06:30:06,657 [grpc-default-executor-0] INFO  client.GrpcClientProtocolClient (GrpcClientProtocolClient.java:onNext(255)) - client-0D308AD40832->3258574c-39ac-4ed5-9145-ea59a337c299: receive RaftClientReply:client-0D308AD40832->3258574c-39ac-4ed5-9145-ea59a337c299@group-6C7D867BDA6A, cid=1090, SUCCESS, logIndex=1557, commits[3258574c-39ac-4ed5-9145-ea59a337c299:c1559]
2019-09-02 06:30:06,658 [grpc-default-executor-0] INFO  client.GrpcClientProtocolClient (GrpcClientProtocolClient.java:onNext(255)) - client-0D308AD40832->3258574c-39ac-4ed5-9145-ea59a337c299: receive RaftClientReply:client-0D308AD40832->3258574c-39ac-4ed5-9145-ea59a337c299@group-6C7D867BDA6A, cid=1091, SUCCESS, logIndex=1558, commits[3258574c-39ac-4ed5-9145-ea59a337c299:c1560]
2019-09-02 06:30:06,658 [grpc-default-executor-0] INFO  client.GrpcClientProtocolClient (GrpcClientProtocolClient.java:onNext(255)) - client-0D308AD40832->3258574c-39ac-4ed5-9145-ea59a337c299: receive RaftClientReply:client-0D308AD40832->3258574c-39ac-4ed5-9145-ea59a337c299@group-6C7D867BDA6A, cid=1092, SUCCESS, logIndex=1559, commits[3258574c-39ac-4ed5-9145-ea59a337c299:c1561]
2019-09-02 06:30:06,677 [grpc-default-executor-0] INFO  client.GrpcClientProtocolClient (GrpcClientProtocolClient.java:onNext(255)) - client-0D308AD40832->3258574c-39ac-4ed5-9145-ea59a337c299: receive RaftClientReply:client-0D308AD40832->3258574c-39ac-4ed5-9145-ea59a337c299@group-6C7D867BDA6A, cid=1093, SUCCESS, logIndex=1562, commits[3258574c-39ac-4ed5-9145-ea59a337c299:c1563]
2019-09-02 06:30:06,678 [grpc-default-executor-0] INFO  client.GrpcClientProtocolClient (GrpcClientProtocolClient.java:onNext(255)) - client-0D308AD40832->3258574c-39ac-4ed5-9145-ea59a337c299: receive RaftClientReply:client-0D308AD40832->3258574c-39ac-4ed5-9145-ea59a337c299@group-6C7D867BDA6A, cid=1094, SUCCESS, logIndex=1563, commits[3258574c-39ac-4ed5-9145-ea59a337c299:c1565]
2019-09-02 06:30:06,678 [grpc-default-executor-0] INFO  client.GrpcClientProtocolClient (GrpcClientProtocolClient.java:onNext(255)) - client-0D308AD40832->3258574c-39ac-4ed5-9145-ea59a337c299: receive RaftClientReply:client-0D308AD40832->3258574c-39ac-4ed5-9145-ea59a337c299@group-6C7D867BDA6A, cid=1095, SUCCESS, logIndex=1564, commits[3258574c-39ac-4ed5-9145-ea59a337c299:c1566]
2019-09-02 06:30:06,679 [grpc-default-executor-0] INFO  client.GrpcClientProtocolClient (GrpcClientProtocolClient.java:onNext(255)) - client-0D308AD40832->3258574c-39ac-4ed5-9145-ea59a337c299: receive RaftClientReply:client-0D308AD40832->3258574c-39ac-4ed5-9145-ea59a337c299@group-6C7D867BDA6A, cid=1096, SUCCESS, logIndex=1565, commits[3258574c-39ac-4ed5-9145-ea59a337c299:c1566]
2019-09-02 06:30:06,694 [SCMBlockDeletingService#1] DEBUG block.SCMBlockDeletingService (SCMBlockDeletingService.java:call(138)) - Running DeletedBlockTransactionScanner
2019-09-02 06:30:06,695 [SCMBlockDeletingService#1] DEBUG block.SCMBlockDeletingService (SCMBlockDeletingService.java:call(155)) - Scanned deleted blocks log and got 0 delTX to process.
2019-09-02 06:30:06,703 [grpc-default-executor-0] INFO  client.GrpcClientProtocolClient (GrpcClientProtocolClient.java:onNext(255)) - client-0D308AD40832->3258574c-39ac-4ed5-9145-ea59a337c299: receive RaftClientReply:client-0D308AD40832->3258574c-39ac-4ed5-9145-ea59a337c299@group-6C7D867BDA6A, cid=1097, SUCCESS, logIndex=1568, commits[3258574c-39ac-4ed5-9145-ea59a337c299:c1569]
2019-09-02 06:30:06,705 [grpc-default-executor-0] INFO  client.GrpcClientProtocolClient (GrpcClientProtocolClient.java:onNext(255)) - client-0D308AD40832->3258574c-39ac-4ed5-9145-ea59a337c299: receive RaftClientReply:client-0D308AD40832->3258574c-39ac-4ed5-9145-ea59a337c299@group-6C7D867BDA6A, cid=1098, SUCCESS, logIndex=1569, commits[3258574c-39ac-4ed5-9145-ea59a337c299:c1569]
2019-09-02 06:30:06,706 [grpc-default-executor-0] INFO  client.GrpcClientProtocolClient (GrpcClientProtocolClient.java:onNext(255)) - client-0D308AD40832->3258574c-39ac-4ed5-9145-ea59a337c299: receive RaftClientReply:client-0D308AD40832->3258574c-39ac-4ed5-9145-ea59a337c299@group-6C7D867BDA6A, cid=1099, SUCCESS, logIndex=1570, commits[3258574c-39ac-4ed5-9145-ea59a337c299:c1571]
2019-09-02 06:30:06,706 [grpc-default-executor-0] INFO  client.GrpcClientProtocolClient (GrpcClientProtocolClient.java:onNext(255)) - client-0D308AD40832->3258574c-39ac-4ed5-9145-ea59a337c299: receive RaftClientReply:client-0D308AD40832->3258574c-39ac-4ed5-9145-ea59a337c299@group-6C7D867BDA6A, cid=1100, SUCCESS, logIndex=1571, commits[3258574c-39ac-4ed5-9145-ea59a337c299:c1572]
2019-09-02 06:30:06,725 [grpc-default-executor-0] INFO  client.GrpcClientProtocolClient (GrpcClientProtocolClient.java:onNext(255)) - client-0D308AD40832->3258574c-39ac-4ed5-9145-ea59a337c299: receive RaftClientReply:client-0D308AD40832->3258574c-39ac-4ed5-9145-ea59a337c299@group-6C7D867BDA6A, cid=1101, SUCCESS, logIndex=1574, commits[3258574c-39ac-4ed5-9145-ea59a337c299:c1577]
2019-09-02 06:30:06,725 [grpc-default-executor-0] INFO  client.GrpcClientProtocolClient (GrpcClientProtocolClient.java:onNext(255)) - client-0D308AD40832->3258574c-39ac-4ed5-9145-ea59a337c299: receive RaftClientReply:client-0D308AD40832->3258574c-39ac-4ed5-9145-ea59a337c299@group-6C7D867BDA6A, cid=1102, SUCCESS, logIndex=1575, commits[3258574c-39ac-4ed5-9145-ea59a337c299:c1578]
2019-09-02 06:30:06,726 [grpc-default-executor-0] INFO  client.GrpcClientProtocolClient (GrpcClientProtocolClient.java:onNext(255)) - client-0D308AD40832->3258574c-39ac-4ed5-9145-ea59a337c299: receive RaftClientReply:client-0D308AD40832->3258574c-39ac-4ed5-9145-ea59a337c299@group-6C7D867BDA6A, cid=1103, SUCCESS, logIndex=1576, commits[3258574c-39ac-4ed5-9145-ea59a337c299:c1579]
2019-09-02 06:30:06,726 [grpc-default-executor-0] INFO  client.GrpcClientProtocolClient (GrpcClientProtocolClient.java:onNext(255)) - client-0D308AD40832->3258574c-39ac-4ed5-9145-ea59a337c299: receive RaftClientReply:client-0D308AD40832->3258574c-39ac-4ed5-9145-ea59a337c299@group-6C7D867BDA6A, cid=1104, SUCCESS, logIndex=1577, commits[3258574c-39ac-4ed5-9145-ea59a337c299:c1579]
2019-09-02 06:30:06,795 [SCMBlockDeletingService#1] DEBUG block.SCMBlockDeletingService (SCMBlockDeletingService.java:call(138)) - Running DeletedBlockTransactionScanner
2019-09-02 06:30:06,795 [SCMBlockDeletingService#1] DEBUG block.SCMBlockDeletingService (SCMBlockDeletingService.java:call(155)) - Scanned deleted blocks log and got 0 delTX to process.
2019-09-02 06:30:06,872 [grpc-default-executor-1] INFO  client.GrpcClientProtocolClient (GrpcClientProtocolClient.java:onNext(255)) - client-0D308AD40832->3258574c-39ac-4ed5-9145-ea59a337c299: receive RaftClientReply:client-0D308AD40832->3258574c-39ac-4ed5-9145-ea59a337c299@group-6C7D867BDA6A, cid=1105, SUCCESS, logIndex=1580, commits[3258574c-39ac-4ed5-9145-ea59a337c299:c1583]
2019-09-02 06:30:06,872 [grpc-default-executor-1] INFO  client.GrpcClientProtocolClient (GrpcClientProtocolClient.java:onNext(255)) - client-0D308AD40832->3258574c-39ac-4ed5-9145-ea59a337c299: receive RaftClientReply:client-0D308AD40832->3258574c-39ac-4ed5-9145-ea59a337c299@group-6C7D867BDA6A, cid=1106, SUCCESS, logIndex=1581, commits[3258574c-39ac-4ed5-9145-ea59a337c299:c1584]
2019-09-02 06:30:06,873 [grpc-default-executor-1] INFO  client.GrpcClientProtocolClient (GrpcClientProtocolClient.java:onNext(255)) - client-0D308AD40832->3258574c-39ac-4ed5-9145-ea59a337c299: receive RaftClientReply:client-0D308AD40832->3258574c-39ac-4ed5-9145-ea59a337c299@group-6C7D867BDA6A, cid=1107, SUCCESS, logIndex=1582, commits[3258574c-39ac-4ed5-9145-ea59a337c299:c1584]
2019-09-02 06:30:06,874 [grpc-default-executor-1] INFO  client.GrpcClientProtocolClient (GrpcClientProtocolClient.java:onNext(255)) - client-0D308AD40832->3258574c-39ac-4ed5-9145-ea59a337c299: receive RaftClientReply:client-0D308AD40832->3258574c-39ac-4ed5-9145-ea59a337c299@group-6C7D867BDA6A, cid=1108, SUCCESS, logIndex=1583, commits[3258574c-39ac-4ed5-9145-ea59a337c299:c1584]
2019-09-02 06:30:06,893 [grpc-default-executor-1] INFO  client.GrpcClientProtocolClient (GrpcClientProtocolClient.java:onNext(255)) - client-0D308AD40832->3258574c-39ac-4ed5-9145-ea59a337c299: receive RaftClientReply:client-0D308AD40832->3258574c-39ac-4ed5-9145-ea59a337c299@group-6C7D867BDA6A, cid=1109, SUCCESS, logIndex=1585, commits[3258574c-39ac-4ed5-9145-ea59a337c299:c1586]
2019-09-02 06:30:06,894 [grpc-default-executor-1] INFO  client.GrpcClientProtocolClient (GrpcClientProtocolClient.java:onNext(255)) - client-0D308AD40832->3258574c-39ac-4ed5-9145-ea59a337c299: receive RaftClientReply:client-0D308AD40832->3258574c-39ac-4ed5-9145-ea59a337c299@group-6C7D867BDA6A, cid=1110, SUCCESS, logIndex=1586, commits[3258574c-39ac-4ed5-9145-ea59a337c299:c1588]
2019-09-02 06:30:06,894 [grpc-default-executor-1] INFO  client.GrpcClientProtocolClient (GrpcClientProtocolClient.java:onNext(255)) - client-0D308AD40832->3258574c-39ac-4ed5-9145-ea59a337c299: receive RaftClientReply:client-0D308AD40832->3258574c-39ac-4ed5-9145-ea59a337c299@group-6C7D867BDA6A, cid=1111, SUCCESS, logIndex=1587, commits[3258574c-39ac-4ed5-9145-ea59a337c299:c1589]
2019-09-02 06:30:06,895 [grpc-default-executor-1] INFO  client.GrpcClientProtocolClient (GrpcClientProtocolClient.java:onNext(255)) - client-0D308AD40832->3258574c-39ac-4ed5-9145-ea59a337c299: receive RaftClientReply:client-0D308AD40832->3258574c-39ac-4ed5-9145-ea59a337c299@group-6C7D867BDA6A, cid=1112, SUCCESS, logIndex=1588, commits[3258574c-39ac-4ed5-9145-ea59a337c299:c1590]
2019-09-02 06:30:06,896 [SCMBlockDeletingService#1] DEBUG block.SCMBlockDeletingService (SCMBlockDeletingService.java:call(138)) - Running DeletedBlockTransactionScanner
2019-09-02 06:30:06,896 [SCMBlockDeletingService#1] DEBUG block.SCMBlockDeletingService (SCMBlockDeletingService.java:call(155)) - Scanned deleted blocks log and got 0 delTX to process.
2019-09-02 06:30:06,923 [grpc-default-executor-1] INFO  client.GrpcClientProtocolClient (GrpcClientProtocolClient.java:onNext(255)) - client-0D308AD40832->3258574c-39ac-4ed5-9145-ea59a337c299: receive RaftClientReply:client-0D308AD40832->3258574c-39ac-4ed5-9145-ea59a337c299@group-6C7D867BDA6A, cid=1113, SUCCESS, logIndex=1591, commits[3258574c-39ac-4ed5-9145-ea59a337c299:c1594]
2019-09-02 06:30:06,923 [grpc-default-executor-1] INFO  client.GrpcClientProtocolClient (GrpcClientProtocolClient.java:onNext(255)) - client-0D308AD40832->3258574c-39ac-4ed5-9145-ea59a337c299: receive RaftClientReply:client-0D308AD40832->3258574c-39ac-4ed5-9145-ea59a337c299@group-6C7D867BDA6A, cid=1114, SUCCESS, logIndex=1592, commits[3258574c-39ac-4ed5-9145-ea59a337c299:c1595]
2019-09-02 06:30:06,924 [grpc-default-executor-1] INFO  client.GrpcClientProtocolClient (GrpcClientProtocolClient.java:onNext(255)) - client-0D308AD40832->3258574c-39ac-4ed5-9145-ea59a337c299: receive RaftClientReply:client-0D308AD40832->3258574c-39ac-4ed5-9145-ea59a337c299@group-6C7D867BDA6A, cid=1115, SUCCESS, logIndex=1593, commits[3258574c-39ac-4ed5-9145-ea59a337c299:c1595]
2019-09-02 06:30:06,924 [grpc-default-executor-1] INFO  client.GrpcClientProtocolClient (GrpcClientProtocolClient.java:onNext(255)) - client-0D308AD40832->3258574c-39ac-4ed5-9145-ea59a337c299: receive RaftClientReply:client-0D308AD40832->3258574c-39ac-4ed5-9145-ea59a337c299@group-6C7D867BDA6A, cid=1116, SUCCESS, logIndex=1594, commits[3258574c-39ac-4ed5-9145-ea59a337c299:c1595]
2019-09-02 06:30:06,943 [grpc-default-executor-0] INFO  client.GrpcClientProtocolClient (GrpcClientProtocolClient.java:onNext(255)) - client-0D308AD40832->3258574c-39ac-4ed5-9145-ea59a337c299: receive RaftClientReply:client-0D308AD40832->3258574c-39ac-4ed5-9145-ea59a337c299@group-6C7D867BDA6A, cid=1117, SUCCESS, logIndex=1596, commits[3258574c-39ac-4ed5-9145-ea59a337c299:c1597]
2019-09-02 06:30:06,944 [grpc-default-executor-0] INFO  client.GrpcClientProtocolClient (GrpcClientProtocolClient.java:onNext(255)) - client-0D308AD40832->3258574c-39ac-4ed5-9145-ea59a337c299: receive RaftClientReply:client-0D308AD40832->3258574c-39ac-4ed5-9145-ea59a337c299@group-6C7D867BDA6A, cid=1118, SUCCESS, logIndex=1597, commits[3258574c-39ac-4ed5-9145-ea59a337c299:c1599]
2019-09-02 06:30:06,944 [grpc-default-executor-0] INFO  client.GrpcClientProtocolClient (GrpcClientProtocolClient.java:onNext(255)) - client-0D308AD40832->3258574c-39ac-4ed5-9145-ea59a337c299: receive RaftClientReply:client-0D308AD40832->3258574c-39ac-4ed5-9145-ea59a337c299@group-6C7D867BDA6A, cid=1119, SUCCESS, logIndex=1598, commits[3258574c-39ac-4ed5-9145-ea59a337c299:c1600]
2019-09-02 06:30:06,945 [grpc-default-executor-0] INFO  client.GrpcClientProtocolClient (GrpcClientProtocolClient.java:onNext(255)) - client-0D308AD40832->3258574c-39ac-4ed5-9145-ea59a337c299: receive RaftClientReply:client-0D308AD40832->3258574c-39ac-4ed5-9145-ea59a337c299@group-6C7D867BDA6A, cid=1120, SUCCESS, logIndex=1599, commits[3258574c-39ac-4ed5-9145-ea59a337c299:c1601]
2019-09-02 06:30:06,972 [grpc-default-executor-1] INFO  client.GrpcClientProtocolClient (GrpcClientProtocolClient.java:onNext(255)) - client-0D308AD40832->3258574c-39ac-4ed5-9145-ea59a337c299: receive RaftClientReply:client-0D308AD40832->3258574c-39ac-4ed5-9145-ea59a337c299@group-6C7D867BDA6A, cid=1121, SUCCESS, logIndex=1602, commits[3258574c-39ac-4ed5-9145-ea59a337c299:c1605]
2019-09-02 06:30:06,973 [grpc-default-executor-1] INFO  client.GrpcClientProtocolClient (GrpcClientProtocolClient.java:onNext(255)) - client-0D308AD40832->3258574c-39ac-4ed5-9145-ea59a337c299: receive RaftClientReply:client-0D308AD40832->3258574c-39ac-4ed5-9145-ea59a337c299@group-6C7D867BDA6A, cid=1122, SUCCESS, logIndex=1603, commits[3258574c-39ac-4ed5-9145-ea59a337c299:c1606]
2019-09-02 06:30:06,973 [grpc-default-executor-1] INFO  client.GrpcClientProtocolClient (GrpcClientProtocolClient.java:onNext(255)) - client-0D308AD40832->3258574c-39ac-4ed5-9145-ea59a337c299: receive RaftClientReply:client-0D308AD40832->3258574c-39ac-4ed5-9145-ea59a337c299@group-6C7D867BDA6A, cid=1123, SUCCESS, logIndex=1604, commits[3258574c-39ac-4ed5-9145-ea59a337c299:c1606]
2019-09-02 06:30:06,974 [grpc-default-executor-1] INFO  client.GrpcClientProtocolClient (GrpcClientProtocolClient.java:onNext(255)) - client-0D308AD40832->3258574c-39ac-4ed5-9145-ea59a337c299: receive RaftClientReply:client-0D308AD40832->3258574c-39ac-4ed5-9145-ea59a337c299@group-6C7D867BDA6A, cid=1124, SUCCESS, logIndex=1605, commits[3258574c-39ac-4ed5-9145-ea59a337c299:c1606]
2019-09-02 06:30:06,995 [grpc-default-executor-0] INFO  client.GrpcClientProtocolClient (GrpcClientProtocolClient.java:onNext(255)) - client-0D308AD40832->3258574c-39ac-4ed5-9145-ea59a337c299: receive RaftClientReply:client-0D308AD40832->3258574c-39ac-4ed5-9145-ea59a337c299@group-6C7D867BDA6A, cid=1125, SUCCESS, logIndex=1607, commits[3258574c-39ac-4ed5-9145-ea59a337c299:c1611]
2019-09-02 06:30:06,996 [grpc-default-executor-0] INFO  client.GrpcClientProtocolClient (GrpcClientProtocolClient.java:onNext(255)) - client-0D308AD40832->3258574c-39ac-4ed5-9145-ea59a337c299: receive RaftClientReply:client-0D308AD40832->3258574c-39ac-4ed5-9145-ea59a337c299@group-6C7D867BDA6A, cid=1126, SUCCESS, logIndex=1608, commits[3258574c-39ac-4ed5-9145-ea59a337c299:c1611]
2019-09-02 06:30:06,996 [grpc-default-executor-0] INFO  client.GrpcClientProtocolClient (GrpcClientProtocolClient.java:onNext(255)) - client-0D308AD40832->3258574c-39ac-4ed5-9145-ea59a337c299: receive RaftClientReply:client-0D308AD40832->3258574c-39ac-4ed5-9145-ea59a337c299@group-6C7D867BDA6A, cid=1127, SUCCESS, logIndex=1609, commits[3258574c-39ac-4ed5-9145-ea59a337c299:c1611]
2019-09-02 06:30:06,996 [grpc-default-executor-0] INFO  client.GrpcClientProtocolClient (GrpcClientProtocolClient.java:onNext(255)) - client-0D308AD40832->3258574c-39ac-4ed5-9145-ea59a337c299: receive RaftClientReply:client-0D308AD40832->3258574c-39ac-4ed5-9145-ea59a337c299@group-6C7D867BDA6A, cid=1128, SUCCESS, logIndex=1610, commits[3258574c-39ac-4ed5-9145-ea59a337c299:c1611]
2019-09-02 06:30:06,996 [SCMBlockDeletingService#1] DEBUG block.SCMBlockDeletingService (SCMBlockDeletingService.java:call(138)) - Running DeletedBlockTransactionScanner
2019-09-02 06:30:06,997 [SCMBlockDeletingService#1] DEBUG block.SCMBlockDeletingService (SCMBlockDeletingService.java:call(155)) - Scanned deleted blocks log and got 0 delTX to process.
2019-09-02 06:30:07,021 [grpc-default-executor-0] INFO  client.GrpcClientProtocolClient (GrpcClientProtocolClient.java:onNext(255)) - client-0D308AD40832->3258574c-39ac-4ed5-9145-ea59a337c299: receive RaftClientReply:client-0D308AD40832->3258574c-39ac-4ed5-9145-ea59a337c299@group-6C7D867BDA6A, cid=1129, SUCCESS, logIndex=1612, commits[3258574c-39ac-4ed5-9145-ea59a337c299:c1615]
2019-09-02 06:30:07,022 [grpc-default-executor-0] INFO  client.GrpcClientProtocolClient (GrpcClientProtocolClient.java:onNext(255)) - client-0D308AD40832->3258574c-39ac-4ed5-9145-ea59a337c299: receive RaftClientReply:client-0D308AD40832->3258574c-39ac-4ed5-9145-ea59a337c299@group-6C7D867BDA6A, cid=1130, SUCCESS, logIndex=1613, commits[3258574c-39ac-4ed5-9145-ea59a337c299:c1615]
2019-09-02 06:30:07,022 [grpc-default-executor-0] INFO  client.GrpcClientProtocolClient (GrpcClientProtocolClient.java:onNext(255)) - client-0D308AD40832->3258574c-39ac-4ed5-9145-ea59a337c299: receive RaftClientReply:client-0D308AD40832->3258574c-39ac-4ed5-9145-ea59a337c299@group-6C7D867BDA6A, cid=1131, SUCCESS, logIndex=1614, commits[3258574c-39ac-4ed5-9145-ea59a337c299:c1616]
2019-09-02 06:30:07,022 [grpc-default-executor-0] INFO  client.GrpcClientProtocolClient (GrpcClientProtocolClient.java:onNext(255)) - client-0D308AD40832->3258574c-39ac-4ed5-9145-ea59a337c299: receive RaftClientReply:client-0D308AD40832->3258574c-39ac-4ed5-9145-ea59a337c299@group-6C7D867BDA6A, cid=1132, SUCCESS, logIndex=1615, commits[3258574c-39ac-4ed5-9145-ea59a337c299:c1617]
2019-09-02 06:30:07,057 [grpc-default-executor-0] INFO  client.GrpcClientProtocolClient (GrpcClientProtocolClient.java:onNext(255)) - client-0D308AD40832->3258574c-39ac-4ed5-9145-ea59a337c299: receive RaftClientReply:client-0D308AD40832->3258574c-39ac-4ed5-9145-ea59a337c299@group-6C7D867BDA6A, cid=1133, SUCCESS, logIndex=1618, commits[3258574c-39ac-4ed5-9145-ea59a337c299:c1621]
2019-09-02 06:30:07,141 [SCMBlockDeletingService#1] DEBUG block.SCMBlockDeletingService (SCMBlockDeletingService.java:call(138)) - Running DeletedBlockTransactionScanner
2019-09-02 06:30:07,142 [SCMBlockDeletingService#1] DEBUG block.SCMBlockDeletingService (SCMBlockDeletingService.java:call(155)) - Scanned deleted blocks log and got 0 delTX to process.
2019-09-02 06:30:07,142 [grpc-default-executor-0] INFO  client.GrpcClientProtocolClient (GrpcClientProtocolClient.java:onNext(255)) - client-0D308AD40832->3258574c-39ac-4ed5-9145-ea59a337c299: receive RaftClientReply:client-0D308AD40832->3258574c-39ac-4ed5-9145-ea59a337c299@group-6C7D867BDA6A, cid=1134, SUCCESS, logIndex=1619, commits[3258574c-39ac-4ed5-9145-ea59a337c299:c1622]
2019-09-02 06:30:07,142 [grpc-default-executor-0] INFO  client.GrpcClientProtocolClient (GrpcClientProtocolClient.java:onNext(255)) - client-0D308AD40832->3258574c-39ac-4ed5-9145-ea59a337c299: receive RaftClientReply:client-0D308AD40832->3258574c-39ac-4ed5-9145-ea59a337c299@group-6C7D867BDA6A, cid=1135, SUCCESS, logIndex=1620, commits[3258574c-39ac-4ed5-9145-ea59a337c299:c1622]
2019-09-02 06:30:07,143 [grpc-default-executor-0] INFO  client.GrpcClientProtocolClient (GrpcClientProtocolClient.java:onNext(255)) - client-0D308AD40832->3258574c-39ac-4ed5-9145-ea59a337c299: receive RaftClientReply:client-0D308AD40832->3258574c-39ac-4ed5-9145-ea59a337c299@group-6C7D867BDA6A, cid=1136, SUCCESS, logIndex=1621, commits[3258574c-39ac-4ed5-9145-ea59a337c299:c1622]
2019-09-02 06:30:07,168 [grpc-default-executor-1] INFO  client.GrpcClientProtocolClient (GrpcClientProtocolClient.java:onNext(255)) - client-0D308AD40832->3258574c-39ac-4ed5-9145-ea59a337c299: receive RaftClientReply:client-0D308AD40832->3258574c-39ac-4ed5-9145-ea59a337c299@group-6C7D867BDA6A, cid=1137, SUCCESS, logIndex=1623, commits[3258574c-39ac-4ed5-9145-ea59a337c299:c1627]
2019-09-02 06:30:07,168 [grpc-default-executor-1] INFO  client.GrpcClientProtocolClient (GrpcClientProtocolClient.java:onNext(255)) - client-0D308AD40832->3258574c-39ac-4ed5-9145-ea59a337c299: receive RaftClientReply:client-0D308AD40832->3258574c-39ac-4ed5-9145-ea59a337c299@group-6C7D867BDA6A, cid=1138, SUCCESS, logIndex=1624, commits[3258574c-39ac-4ed5-9145-ea59a337c299:c1627]
2019-09-02 06:30:07,168 [grpc-default-executor-1] INFO  client.GrpcClientProtocolClient (GrpcClientProtocolClient.java:onNext(255)) - client-0D308AD40832->3258574c-39ac-4ed5-9145-ea59a337c299: receive RaftClientReply:client-0D308AD40832->3258574c-39ac-4ed5-9145-ea59a337c299@group-6C7D867BDA6A, cid=1139, SUCCESS, logIndex=1625, commits[3258574c-39ac-4ed5-9145-ea59a337c299:c1627]
2019-09-02 06:30:07,169 [grpc-default-executor-1] INFO  client.GrpcClientProtocolClient (GrpcClientProtocolClient.java:onNext(255)) - client-0D308AD40832->3258574c-39ac-4ed5-9145-ea59a337c299: receive RaftClientReply:client-0D308AD40832->3258574c-39ac-4ed5-9145-ea59a337c299@group-6C7D867BDA6A, cid=1140, SUCCESS, logIndex=1626, commits[3258574c-39ac-4ed5-9145-ea59a337c299:c1627]
2019-09-02 06:30:07,189 [grpc-default-executor-0] INFO  client.GrpcClientProtocolClient (GrpcClientProtocolClient.java:onNext(255)) - client-0D308AD40832->3258574c-39ac-4ed5-9145-ea59a337c299: receive RaftClientReply:client-0D308AD40832->3258574c-39ac-4ed5-9145-ea59a337c299@group-6C7D867BDA6A, cid=1141, SUCCESS, logIndex=1628, commits[3258574c-39ac-4ed5-9145-ea59a337c299:c1631]
2019-09-02 06:30:07,190 [grpc-default-executor-0] INFO  client.GrpcClientProtocolClient (GrpcClientProtocolClient.java:onNext(255)) - client-0D308AD40832->3258574c-39ac-4ed5-9145-ea59a337c299: receive RaftClientReply:client-0D308AD40832->3258574c-39ac-4ed5-9145-ea59a337c299@group-6C7D867BDA6A, cid=1142, SUCCESS, logIndex=1629, commits[3258574c-39ac-4ed5-9145-ea59a337c299:c1632]
2019-09-02 06:30:07,190 [grpc-default-executor-0] INFO  client.GrpcClientProtocolClient (GrpcClientProtocolClient.java:onNext(255)) - client-0D308AD40832->3258574c-39ac-4ed5-9145-ea59a337c299: receive RaftClientReply:client-0D308AD40832->3258574c-39ac-4ed5-9145-ea59a337c299@group-6C7D867BDA6A, cid=1143, SUCCESS, logIndex=1630, commits[3258574c-39ac-4ed5-9145-ea59a337c299:c1632]
2019-09-02 06:30:07,190 [grpc-default-executor-0] INFO  client.GrpcClientProtocolClient (GrpcClientProtocolClient.java:onNext(255)) - client-0D308AD40832->3258574c-39ac-4ed5-9145-ea59a337c299: receive RaftClientReply:client-0D308AD40832->3258574c-39ac-4ed5-9145-ea59a337c299@group-6C7D867BDA6A, cid=1144, SUCCESS, logIndex=1631, commits[3258574c-39ac-4ed5-9145-ea59a337c299:c1632]
2019-09-02 06:30:07,216 [grpc-default-executor-0] INFO  client.GrpcClientProtocolClient (GrpcClientProtocolClient.java:onNext(255)) - client-0D308AD40832->3258574c-39ac-4ed5-9145-ea59a337c299: receive RaftClientReply:client-0D308AD40832->3258574c-39ac-4ed5-9145-ea59a337c299@group-6C7D867BDA6A, cid=1145, SUCCESS, logIndex=1633, commits[3258574c-39ac-4ed5-9145-ea59a337c299:c1636]
2019-09-02 06:30:07,216 [grpc-default-executor-0] INFO  client.GrpcClientProtocolClient (GrpcClientProtocolClient.java:onNext(255)) - client-0D308AD40832->3258574c-39ac-4ed5-9145-ea59a337c299: receive RaftClientReply:client-0D308AD40832->3258574c-39ac-4ed5-9145-ea59a337c299@group-6C7D867BDA6A, cid=1146, SUCCESS, logIndex=1634, commits[3258574c-39ac-4ed5-9145-ea59a337c299:c1637]
2019-09-02 06:30:07,216 [grpc-default-executor-0] INFO  client.GrpcClientProtocolClient (GrpcClientProtocolClient.java:onNext(255)) - client-0D308AD40832->3258574c-39ac-4ed5-9145-ea59a337c299: receive RaftClientReply:client-0D308AD40832->3258574c-39ac-4ed5-9145-ea59a337c299@group-6C7D867BDA6A, cid=1147, SUCCESS, logIndex=1635, commits[3258574c-39ac-4ed5-9145-ea59a337c299:c1637]
2019-09-02 06:30:07,217 [grpc-default-executor-0] INFO  client.GrpcClientProtocolClient (GrpcClientProtocolClient.java:onNext(255)) - client-0D308AD40832->3258574c-39ac-4ed5-9145-ea59a337c299: receive RaftClientReply:client-0D308AD40832->3258574c-39ac-4ed5-9145-ea59a337c299@group-6C7D867BDA6A, cid=1148, SUCCESS, logIndex=1636, commits[3258574c-39ac-4ed5-9145-ea59a337c299:c1637]
2019-09-02 06:30:07,242 [SCMBlockDeletingService#1] DEBUG block.SCMBlockDeletingService (SCMBlockDeletingService.java:call(138)) - Running DeletedBlockTransactionScanner
2019-09-02 06:30:07,242 [SCMBlockDeletingService#1] DEBUG block.SCMBlockDeletingService (SCMBlockDeletingService.java:call(155)) - Scanned deleted blocks log and got 0 delTX to process.
2019-09-02 06:30:07,323 [grpc-default-executor-1] INFO  client.GrpcClientProtocolClient (GrpcClientProtocolClient.java:onNext(255)) - client-0D308AD40832->3258574c-39ac-4ed5-9145-ea59a337c299: receive RaftClientReply:client-0D308AD40832->3258574c-39ac-4ed5-9145-ea59a337c299@group-6C7D867BDA6A, cid=1149, SUCCESS, logIndex=1638, commits[3258574c-39ac-4ed5-9145-ea59a337c299:c1641]
2019-09-02 06:30:07,324 [grpc-default-executor-1] INFO  client.GrpcClientProtocolClient (GrpcClientProtocolClient.java:onNext(255)) - client-0D308AD40832->3258574c-39ac-4ed5-9145-ea59a337c299: receive RaftClientReply:client-0D308AD40832->3258574c-39ac-4ed5-9145-ea59a337c299@group-6C7D867BDA6A, cid=1150, SUCCESS, logIndex=1639, commits[3258574c-39ac-4ed5-9145-ea59a337c299:c1641]
2019-09-02 06:30:07,324 [grpc-default-executor-1] INFO  client.GrpcClientProtocolClient (GrpcClientProtocolClient.java:onNext(255)) - client-0D308AD40832->3258574c-39ac-4ed5-9145-ea59a337c299: receive RaftClientReply:client-0D308AD40832->3258574c-39ac-4ed5-9145-ea59a337c299@group-6C7D867BDA6A, cid=1151, SUCCESS, logIndex=1640, commits[3258574c-39ac-4ed5-9145-ea59a337c299:c1641]
2019-09-02 06:30:07,325 [grpc-default-executor-1] INFO  client.GrpcClientProtocolClient (GrpcClientProtocolClient.java:onNext(255)) - client-0D308AD40832->3258574c-39ac-4ed5-9145-ea59a337c299: receive RaftClientReply:client-0D308AD40832->3258574c-39ac-4ed5-9145-ea59a337c299@group-6C7D867BDA6A, cid=1152, SUCCESS, logIndex=1641, commits[3258574c-39ac-4ed5-9145-ea59a337c299:c1642]
2019-09-02 06:30:07,343 [SCMBlockDeletingService#1] DEBUG block.SCMBlockDeletingService (SCMBlockDeletingService.java:call(138)) - Running DeletedBlockTransactionScanner
2019-09-02 06:30:07,343 [SCMBlockDeletingService#1] DEBUG block.SCMBlockDeletingService (SCMBlockDeletingService.java:call(155)) - Scanned deleted blocks log and got 0 delTX to process.
2019-09-02 06:30:07,350 [grpc-default-executor-1] INFO  client.GrpcClientProtocolClient (GrpcClientProtocolClient.java:onNext(255)) - client-0D308AD40832->3258574c-39ac-4ed5-9145-ea59a337c299: receive RaftClientReply:client-0D308AD40832->3258574c-39ac-4ed5-9145-ea59a337c299@group-6C7D867BDA6A, cid=1153, SUCCESS, logIndex=1644, commits[3258574c-39ac-4ed5-9145-ea59a337c299:c1645]
2019-09-02 06:30:07,351 [grpc-default-executor-1] INFO  client.GrpcClientProtocolClient (GrpcClientProtocolClient.java:onNext(255)) - client-0D308AD40832->3258574c-39ac-4ed5-9145-ea59a337c299: receive RaftClientReply:client-0D308AD40832->3258574c-39ac-4ed5-9145-ea59a337c299@group-6C7D867BDA6A, cid=1154, SUCCESS, logIndex=1645, commits[3258574c-39ac-4ed5-9145-ea59a337c299:c1647]
2019-09-02 06:30:07,351 [grpc-default-executor-1] INFO  client.GrpcClientProtocolClient (GrpcClientProtocolClient.java:onNext(255)) - client-0D308AD40832->3258574c-39ac-4ed5-9145-ea59a337c299: receive RaftClientReply:client-0D308AD40832->3258574c-39ac-4ed5-9145-ea59a337c299@group-6C7D867BDA6A, cid=1155, SUCCESS, logIndex=1646, commits[3258574c-39ac-4ed5-9145-ea59a337c299:c1648]
2019-09-02 06:30:07,351 [grpc-default-executor-1] INFO  client.GrpcClientProtocolClient (GrpcClientProtocolClient.java:onNext(255)) - client-0D308AD40832->3258574c-39ac-4ed5-9145-ea59a337c299: receive RaftClientReply:client-0D308AD40832->3258574c-39ac-4ed5-9145-ea59a337c299@group-6C7D867BDA6A, cid=1156, SUCCESS, logIndex=1647, commits[3258574c-39ac-4ed5-9145-ea59a337c299:c1649]
2019-09-02 06:30:07,370 [grpc-default-executor-1] INFO  client.GrpcClientProtocolClient (GrpcClientProtocolClient.java:onNext(255)) - client-0D308AD40832->3258574c-39ac-4ed5-9145-ea59a337c299: receive RaftClientReply:client-0D308AD40832->3258574c-39ac-4ed5-9145-ea59a337c299@group-6C7D867BDA6A, cid=1157, SUCCESS, logIndex=1650, commits[3258574c-39ac-4ed5-9145-ea59a337c299:c1651]
2019-09-02 06:30:07,372 [grpc-default-executor-1] INFO  client.GrpcClientProtocolClient (GrpcClientProtocolClient.java:onNext(255)) - client-0D308AD40832->3258574c-39ac-4ed5-9145-ea59a337c299: receive RaftClientReply:client-0D308AD40832->3258574c-39ac-4ed5-9145-ea59a337c299@group-6C7D867BDA6A, cid=1158, SUCCESS, logIndex=1651, commits[3258574c-39ac-4ed5-9145-ea59a337c299:c1651]
2019-09-02 06:30:07,372 [grpc-default-executor-1] INFO  client.GrpcClientProtocolClient (GrpcClientProtocolClient.java:onNext(255)) - client-0D308AD40832->3258574c-39ac-4ed5-9145-ea59a337c299: receive RaftClientReply:client-0D308AD40832->3258574c-39ac-4ed5-9145-ea59a337c299@group-6C7D867BDA6A, cid=1159, SUCCESS, logIndex=1652, commits[3258574c-39ac-4ed5-9145-ea59a337c299:c1654]
2019-09-02 06:30:07,373 [grpc-default-executor-1] INFO  client.GrpcClientProtocolClient (GrpcClientProtocolClient.java:onNext(255)) - client-0D308AD40832->3258574c-39ac-4ed5-9145-ea59a337c299: receive RaftClientReply:client-0D308AD40832->3258574c-39ac-4ed5-9145-ea59a337c299@group-6C7D867BDA6A, cid=1160, SUCCESS, logIndex=1653, commits[3258574c-39ac-4ed5-9145-ea59a337c299:c1654]
2019-09-02 06:30:07,397 [grpc-default-executor-1] INFO  client.GrpcClientProtocolClient (GrpcClientProtocolClient.java:onNext(255)) - client-0D308AD40832->3258574c-39ac-4ed5-9145-ea59a337c299: receive RaftClientReply:client-0D308AD40832->3258574c-39ac-4ed5-9145-ea59a337c299@group-6C7D867BDA6A, cid=1161, SUCCESS, logIndex=1655, commits[3258574c-39ac-4ed5-9145-ea59a337c299:c1656]
2019-09-02 06:30:07,398 [grpc-default-executor-1] INFO  client.GrpcClientProtocolClient (GrpcClientProtocolClient.java:onNext(255)) - client-0D308AD40832->3258574c-39ac-4ed5-9145-ea59a337c299: receive RaftClientReply:client-0D308AD40832->3258574c-39ac-4ed5-9145-ea59a337c299@group-6C7D867BDA6A, cid=1162, SUCCESS, logIndex=1656, commits[3258574c-39ac-4ed5-9145-ea59a337c299:c1658]
2019-09-02 06:30:07,398 [grpc-default-executor-1] INFO  client.GrpcClientProtocolClient (GrpcClientProtocolClient.java:onNext(255)) - client-0D308AD40832->3258574c-39ac-4ed5-9145-ea59a337c299: receive RaftClientReply:client-0D308AD40832->3258574c-39ac-4ed5-9145-ea59a337c299@group-6C7D867BDA6A, cid=1163, SUCCESS, logIndex=1657, commits[3258574c-39ac-4ed5-9145-ea59a337c299:c1658]
2019-09-02 06:30:07,398 [grpc-default-executor-1] INFO  client.GrpcClientProtocolClient (GrpcClientProtocolClient.java:onNext(255)) - client-0D308AD40832->3258574c-39ac-4ed5-9145-ea59a337c299: receive RaftClientReply:client-0D308AD40832->3258574c-39ac-4ed5-9145-ea59a337c299@group-6C7D867BDA6A, cid=1164, SUCCESS, logIndex=1658, commits[3258574c-39ac-4ed5-9145-ea59a337c299:c1659]
2019-09-02 06:30:07,417 [grpc-default-executor-1] INFO  client.GrpcClientProtocolClient (GrpcClientProtocolClient.java:onNext(255)) - client-0D308AD40832->3258574c-39ac-4ed5-9145-ea59a337c299: receive RaftClientReply:client-0D308AD40832->3258574c-39ac-4ed5-9145-ea59a337c299@group-6C7D867BDA6A, cid=1165, SUCCESS, logIndex=1661, commits[3258574c-39ac-4ed5-9145-ea59a337c299:c1664]
2019-09-02 06:30:07,417 [grpc-default-executor-1] INFO  client.GrpcClientProtocolClient (GrpcClientProtocolClient.java:onNext(255)) - client-0D308AD40832->3258574c-39ac-4ed5-9145-ea59a337c299: receive RaftClientReply:client-0D308AD40832->3258574c-39ac-4ed5-9145-ea59a337c299@group-6C7D867BDA6A, cid=1166, SUCCESS, logIndex=1662, commits[3258574c-39ac-4ed5-9145-ea59a337c299:c1665]
2019-09-02 06:30:07,418 [grpc-default-executor-1] INFO  client.GrpcClientProtocolClient (GrpcClientProtocolClient.java:onNext(255)) - client-0D308AD40832->3258574c-39ac-4ed5-9145-ea59a337c299: receive RaftClientReply:client-0D308AD40832->3258574c-39ac-4ed5-9145-ea59a337c299@group-6C7D867BDA6A, cid=1167, SUCCESS, logIndex=1663, commits[3258574c-39ac-4ed5-9145-ea59a337c299:c1665]
2019-09-02 06:30:07,418 [grpc-default-executor-1] INFO  client.GrpcClientProtocolClient (GrpcClientProtocolClient.java:onNext(255)) - client-0D308AD40832->3258574c-39ac-4ed5-9145-ea59a337c299: receive RaftClientReply:client-0D308AD40832->3258574c-39ac-4ed5-9145-ea59a337c299@group-6C7D867BDA6A, cid=1168, SUCCESS, logIndex=1664, commits[3258574c-39ac-4ed5-9145-ea59a337c299:c1665]
2019-09-02 06:30:07,443 [SCMBlockDeletingService#1] DEBUG block.SCMBlockDeletingService (SCMBlockDeletingService.java:call(138)) - Running DeletedBlockTransactionScanner
2019-09-02 06:30:07,443 [SCMBlockDeletingService#1] DEBUG block.SCMBlockDeletingService (SCMBlockDeletingService.java:call(155)) - Scanned deleted blocks log and got 0 delTX to process.
2019-09-02 06:30:07,444 [grpc-default-executor-1] INFO  client.GrpcClientProtocolClient (GrpcClientProtocolClient.java:onNext(255)) - client-0D308AD40832->3258574c-39ac-4ed5-9145-ea59a337c299: receive RaftClientReply:client-0D308AD40832->3258574c-39ac-4ed5-9145-ea59a337c299@group-6C7D867BDA6A, cid=1169, SUCCESS, logIndex=1667, commits[3258574c-39ac-4ed5-9145-ea59a337c299:c1671]
2019-09-02 06:30:07,445 [grpc-default-executor-1] INFO  client.GrpcClientProtocolClient (GrpcClientProtocolClient.java:onNext(255)) - client-0D308AD40832->3258574c-39ac-4ed5-9145-ea59a337c299: receive RaftClientReply:client-0D308AD40832->3258574c-39ac-4ed5-9145-ea59a337c299@group-6C7D867BDA6A, cid=1170, SUCCESS, logIndex=1668, commits[3258574c-39ac-4ed5-9145-ea59a337c299:c1671]
2019-09-02 06:30:07,446 [grpc-default-executor-1] INFO  client.GrpcClientProtocolClient (GrpcClientProtocolClient.java:onNext(255)) - client-0D308AD40832->3258574c-39ac-4ed5-9145-ea59a337c299: receive RaftClientReply:client-0D308AD40832->3258574c-39ac-4ed5-9145-ea59a337c299@group-6C7D867BDA6A, cid=1171, SUCCESS, logIndex=1669, commits[3258574c-39ac-4ed5-9145-ea59a337c299:c1671]
2019-09-02 06:30:07,446 [grpc-default-executor-1] INFO  client.GrpcClientProtocolClient (GrpcClientProtocolClient.java:onNext(255)) - client-0D308AD40832->3258574c-39ac-4ed5-9145-ea59a337c299: receive RaftClientReply:client-0D308AD40832->3258574c-39ac-4ed5-9145-ea59a337c299@group-6C7D867BDA6A, cid=1172, SUCCESS, logIndex=1670, commits[3258574c-39ac-4ed5-9145-ea59a337c299:c1671]
2019-09-02 06:30:07,465 [grpc-default-executor-1] INFO  client.GrpcClientProtocolClient (GrpcClientProtocolClient.java:onNext(255)) - client-0D308AD40832->3258574c-39ac-4ed5-9145-ea59a337c299: receive RaftClientReply:client-0D308AD40832->3258574c-39ac-4ed5-9145-ea59a337c299@group-6C7D867BDA6A, cid=1173, SUCCESS, logIndex=1672, commits[3258574c-39ac-4ed5-9145-ea59a337c299:c1673]
2019-09-02 06:30:07,465 [grpc-default-executor-1] INFO  client.GrpcClientProtocolClient (GrpcClientProtocolClient.java:onNext(255)) - client-0D308AD40832->3258574c-39ac-4ed5-9145-ea59a337c299: receive RaftClientReply:client-0D308AD40832->3258574c-39ac-4ed5-9145-ea59a337c299@group-6C7D867BDA6A, cid=1174, SUCCESS, logIndex=1673, commits[3258574c-39ac-4ed5-9145-ea59a337c299:c1675]
2019-09-02 06:30:07,466 [grpc-default-executor-1] INFO  client.GrpcClientProtocolClient (GrpcClientProtocolClient.java:onNext(255)) - client-0D308AD40832->3258574c-39ac-4ed5-9145-ea59a337c299: receive RaftClientReply:client-0D308AD40832->3258574c-39ac-4ed5-9145-ea59a337c299@group-6C7D867BDA6A, cid=1175, SUCCESS, logIndex=1674, commits[3258574c-39ac-4ed5-9145-ea59a337c299:c1676]
2019-09-02 06:30:07,466 [grpc-default-executor-1] INFO  client.GrpcClientProtocolClient (GrpcClientProtocolClient.java:onNext(255)) - client-0D308AD40832->3258574c-39ac-4ed5-9145-ea59a337c299: receive RaftClientReply:client-0D308AD40832->3258574c-39ac-4ed5-9145-ea59a337c299@group-6C7D867BDA6A, cid=1176, SUCCESS, logIndex=1675, commits[3258574c-39ac-4ed5-9145-ea59a337c299:c1676]
2019-09-02 06:30:07,491 [grpc-default-executor-1] INFO  client.GrpcClientProtocolClient (GrpcClientProtocolClient.java:onNext(255)) - client-0D308AD40832->3258574c-39ac-4ed5-9145-ea59a337c299: receive RaftClientReply:client-0D308AD40832->3258574c-39ac-4ed5-9145-ea59a337c299@group-6C7D867BDA6A, cid=1177, SUCCESS, logIndex=1678, commits[3258574c-39ac-4ed5-9145-ea59a337c299:c1681]
2019-09-02 06:30:07,491 [grpc-default-executor-1] INFO  client.GrpcClientProtocolClient (GrpcClientProtocolClient.java:onNext(255)) - client-0D308AD40832->3258574c-39ac-4ed5-9145-ea59a337c299: receive RaftClientReply:client-0D308AD40832->3258574c-39ac-4ed5-9145-ea59a337c299@group-6C7D867BDA6A, cid=1178, SUCCESS, logIndex=1679, commits[3258574c-39ac-4ed5-9145-ea59a337c299:c1682]
2019-09-02 06:30:07,492 [grpc-default-executor-1] INFO  client.GrpcClientProtocolClient (GrpcClientProtocolClient.java:onNext(255)) - client-0D308AD40832->3258574c-39ac-4ed5-9145-ea59a337c299: receive RaftClientReply:client-0D308AD40832->3258574c-39ac-4ed5-9145-ea59a337c299@group-6C7D867BDA6A, cid=1179, SUCCESS, logIndex=1680, commits[3258574c-39ac-4ed5-9145-ea59a337c299:c1682]
2019-09-02 06:30:07,492 [grpc-default-executor-1] INFO  client.GrpcClientProtocolClient (GrpcClientProtocolClient.java:onNext(255)) - client-0D308AD40832->3258574c-39ac-4ed5-9145-ea59a337c299: receive RaftClientReply:client-0D308AD40832->3258574c-39ac-4ed5-9145-ea59a337c299@group-6C7D867BDA6A, cid=1180, SUCCESS, logIndex=1681, commits[3258574c-39ac-4ed5-9145-ea59a337c299:c1682]
2019-09-02 06:30:07,510 [grpc-default-executor-1] INFO  client.GrpcClientProtocolClient (GrpcClientProtocolClient.java:onNext(255)) - client-0D308AD40832->3258574c-39ac-4ed5-9145-ea59a337c299: receive RaftClientReply:client-0D308AD40832->3258574c-39ac-4ed5-9145-ea59a337c299@group-6C7D867BDA6A, cid=1181, SUCCESS, logIndex=1683, commits[3258574c-39ac-4ed5-9145-ea59a337c299:c1686]
2019-09-02 06:30:07,511 [grpc-default-executor-1] INFO  client.GrpcClientProtocolClient (GrpcClientProtocolClient.java:onNext(255)) - client-0D308AD40832->3258574c-39ac-4ed5-9145-ea59a337c299: receive RaftClientReply:client-0D308AD40832->3258574c-39ac-4ed5-9145-ea59a337c299@group-6C7D867BDA6A, cid=1182, SUCCESS, logIndex=1684, commits[3258574c-39ac-4ed5-9145-ea59a337c299:c1686]
2019-09-02 06:30:07,511 [grpc-default-executor-1] INFO  client.GrpcClientProtocolClient (GrpcClientProtocolClient.java:onNext(255)) - client-0D308AD40832->3258574c-39ac-4ed5-9145-ea59a337c299: receive RaftClientReply:client-0D308AD40832->3258574c-39ac-4ed5-9145-ea59a337c299@group-6C7D867BDA6A, cid=1183, SUCCESS, logIndex=1685, commits[3258574c-39ac-4ed5-9145-ea59a337c299:c1687]
2019-09-02 06:30:07,511 [grpc-default-executor-1] INFO  client.GrpcClientProtocolClient (GrpcClientProtocolClient.java:onNext(255)) - client-0D308AD40832->3258574c-39ac-4ed5-9145-ea59a337c299: receive RaftClientReply:client-0D308AD40832->3258574c-39ac-4ed5-9145-ea59a337c299@group-6C7D867BDA6A, cid=1184, SUCCESS, logIndex=1686, commits[3258574c-39ac-4ed5-9145-ea59a337c299:c1687]
2019-09-02 06:30:07,535 [grpc-default-executor-1] INFO  client.GrpcClientProtocolClient (GrpcClientProtocolClient.java:onNext(255)) - client-0D308AD40832->3258574c-39ac-4ed5-9145-ea59a337c299: receive RaftClientReply:client-0D308AD40832->3258574c-39ac-4ed5-9145-ea59a337c299@group-6C7D867BDA6A, cid=1185, SUCCESS, logIndex=1689, commits[3258574c-39ac-4ed5-9145-ea59a337c299:c1690]
2019-09-02 06:30:07,536 [grpc-default-executor-1] INFO  client.GrpcClientProtocolClient (GrpcClientProtocolClient.java:onNext(255)) - client-0D308AD40832->3258574c-39ac-4ed5-9145-ea59a337c299: receive RaftClientReply:client-0D308AD40832->3258574c-39ac-4ed5-9145-ea59a337c299@group-6C7D867BDA6A, cid=1186, SUCCESS, logIndex=1690, commits[3258574c-39ac-4ed5-9145-ea59a337c299:c1692]
2019-09-02 06:30:07,536 [grpc-default-executor-1] INFO  client.GrpcClientProtocolClient (GrpcClientProtocolClient.java:onNext(255)) - client-0D308AD40832->3258574c-39ac-4ed5-9145-ea59a337c299: receive RaftClientReply:client-0D308AD40832->3258574c-39ac-4ed5-9145-ea59a337c299@group-6C7D867BDA6A, cid=1187, SUCCESS, logIndex=1691, commits[3258574c-39ac-4ed5-9145-ea59a337c299:c1693]
2019-09-02 06:30:07,536 [grpc-default-executor-1] INFO  client.GrpcClientProtocolClient (GrpcClientProtocolClient.java:onNext(255)) - client-0D308AD40832->3258574c-39ac-4ed5-9145-ea59a337c299: receive RaftClientReply:client-0D308AD40832->3258574c-39ac-4ed5-9145-ea59a337c299@group-6C7D867BDA6A, cid=1188, SUCCESS, logIndex=1692, commits[3258574c-39ac-4ed5-9145-ea59a337c299:c1693]
2019-09-02 06:30:07,544 [SCMBlockDeletingService#1] DEBUG block.SCMBlockDeletingService (SCMBlockDeletingService.java:call(138)) - Running DeletedBlockTransactionScanner
2019-09-02 06:30:07,544 [SCMBlockDeletingService#1] DEBUG block.SCMBlockDeletingService (SCMBlockDeletingService.java:call(155)) - Scanned deleted blocks log and got 0 delTX to process.
2019-09-02 06:30:07,554 [grpc-default-executor-1] INFO  client.GrpcClientProtocolClient (GrpcClientProtocolClient.java:onNext(255)) - client-0D308AD40832->3258574c-39ac-4ed5-9145-ea59a337c299: receive RaftClientReply:client-0D308AD40832->3258574c-39ac-4ed5-9145-ea59a337c299@group-6C7D867BDA6A, cid=1189, SUCCESS, logIndex=1695, commits[3258574c-39ac-4ed5-9145-ea59a337c299:c1698]
2019-09-02 06:30:07,554 [grpc-default-executor-1] INFO  client.GrpcClientProtocolClient (GrpcClientProtocolClient.java:onNext(255)) - client-0D308AD40832->3258574c-39ac-4ed5-9145-ea59a337c299: receive RaftClientReply:client-0D308AD40832->3258574c-39ac-4ed5-9145-ea59a337c299@group-6C7D867BDA6A, cid=1190, SUCCESS, logIndex=1696, commits[3258574c-39ac-4ed5-9145-ea59a337c299:c1699]
2019-09-02 06:30:07,555 [grpc-default-executor-1] INFO  client.GrpcClientProtocolClient (GrpcClientProtocolClient.java:onNext(255)) - client-0D308AD40832->3258574c-39ac-4ed5-9145-ea59a337c299: receive RaftClientReply:client-0D308AD40832->3258574c-39ac-4ed5-9145-ea59a337c299@group-6C7D867BDA6A, cid=1191, SUCCESS, logIndex=1697, commits[3258574c-39ac-4ed5-9145-ea59a337c299:c1699]
2019-09-02 06:30:07,555 [grpc-default-executor-1] INFO  client.GrpcClientProtocolClient (GrpcClientProtocolClient.java:onNext(255)) - client-0D308AD40832->3258574c-39ac-4ed5-9145-ea59a337c299: receive RaftClientReply:client-0D308AD40832->3258574c-39ac-4ed5-9145-ea59a337c299@group-6C7D867BDA6A, cid=1192, SUCCESS, logIndex=1698, commits[3258574c-39ac-4ed5-9145-ea59a337c299:c1700]
2019-09-02 06:30:07,644 [SCMBlockDeletingService#1] DEBUG block.SCMBlockDeletingService (SCMBlockDeletingService.java:call(138)) - Running DeletedBlockTransactionScanner
2019-09-02 06:30:07,645 [SCMBlockDeletingService#1] DEBUG block.SCMBlockDeletingService (SCMBlockDeletingService.java:call(155)) - Scanned deleted blocks log and got 0 delTX to process.
2019-09-02 06:30:07,666 [grpc-default-executor-1] INFO  client.GrpcClientProtocolClient (GrpcClientProtocolClient.java:onNext(255)) - client-0D308AD40832->3258574c-39ac-4ed5-9145-ea59a337c299: receive RaftClientReply:client-0D308AD40832->3258574c-39ac-4ed5-9145-ea59a337c299@group-6C7D867BDA6A, cid=1193, SUCCESS, logIndex=1701, commits[3258574c-39ac-4ed5-9145-ea59a337c299:c1702]
2019-09-02 06:30:07,666 [grpc-default-executor-1] INFO  client.GrpcClientProtocolClient (GrpcClientProtocolClient.java:onNext(255)) - client-0D308AD40832->3258574c-39ac-4ed5-9145-ea59a337c299: receive RaftClientReply:client-0D308AD40832->3258574c-39ac-4ed5-9145-ea59a337c299@group-6C7D867BDA6A, cid=1194, SUCCESS, logIndex=1702, commits[3258574c-39ac-4ed5-9145-ea59a337c299:c1704]
2019-09-02 06:30:07,736 [grpc-default-executor-1] INFO  client.GrpcClientProtocolClient (GrpcClientProtocolClient.java:onNext(255)) - client-0D308AD40832->3258574c-39ac-4ed5-9145-ea59a337c299: receive RaftClientReply:client-0D308AD40832->3258574c-39ac-4ed5-9145-ea59a337c299@group-6C7D867BDA6A, cid=1195, SUCCESS, logIndex=1703, commits[3258574c-39ac-4ed5-9145-ea59a337c299:c1704]
2019-09-02 06:30:07,736 [grpc-default-executor-1] INFO  client.GrpcClientProtocolClient (GrpcClientProtocolClient.java:onNext(255)) - client-0D308AD40832->3258574c-39ac-4ed5-9145-ea59a337c299: receive RaftClientReply:client-0D308AD40832->3258574c-39ac-4ed5-9145-ea59a337c299@group-6C7D867BDA6A, cid=1196, SUCCESS, logIndex=1704, commits[3258574c-39ac-4ed5-9145-ea59a337c299:c1705]
2019-09-02 06:30:07,746 [SCMBlockDeletingService#1] DEBUG block.SCMBlockDeletingService (SCMBlockDeletingService.java:call(138)) - Running DeletedBlockTransactionScanner
2019-09-02 06:30:07,746 [SCMBlockDeletingService#1] DEBUG block.SCMBlockDeletingService (SCMBlockDeletingService.java:call(155)) - Scanned deleted blocks log and got 0 delTX to process.
2019-09-02 06:30:07,755 [grpc-default-executor-1] INFO  client.GrpcClientProtocolClient (GrpcClientProtocolClient.java:onNext(255)) - client-0D308AD40832->3258574c-39ac-4ed5-9145-ea59a337c299: receive RaftClientReply:client-0D308AD40832->3258574c-39ac-4ed5-9145-ea59a337c299@group-6C7D867BDA6A, cid=1197, SUCCESS, logIndex=1707, commits[3258574c-39ac-4ed5-9145-ea59a337c299:c1708]
2019-09-02 06:30:07,755 [grpc-default-executor-1] INFO  client.GrpcClientProtocolClient (GrpcClientProtocolClient.java:onNext(255)) - client-0D308AD40832->3258574c-39ac-4ed5-9145-ea59a337c299: receive RaftClientReply:client-0D308AD40832->3258574c-39ac-4ed5-9145-ea59a337c299@group-6C7D867BDA6A, cid=1198, SUCCESS, logIndex=1708, commits[3258574c-39ac-4ed5-9145-ea59a337c299:c1710]
2019-09-02 06:30:07,756 [grpc-default-executor-1] INFO  client.GrpcClientProtocolClient (GrpcClientProtocolClient.java:onNext(255)) - client-0D308AD40832->3258574c-39ac-4ed5-9145-ea59a337c299: receive RaftClientReply:client-0D308AD40832->3258574c-39ac-4ed5-9145-ea59a337c299@group-6C7D867BDA6A, cid=1199, SUCCESS, logIndex=1709, commits[3258574c-39ac-4ed5-9145-ea59a337c299:c1711]
2019-09-02 06:30:07,756 [grpc-default-executor-1] INFO  client.GrpcClientProtocolClient (GrpcClientProtocolClient.java:onNext(255)) - client-0D308AD40832->3258574c-39ac-4ed5-9145-ea59a337c299: receive RaftClientReply:client-0D308AD40832->3258574c-39ac-4ed5-9145-ea59a337c299@group-6C7D867BDA6A, cid=1200, SUCCESS, logIndex=1710, commits[3258574c-39ac-4ed5-9145-ea59a337c299:c1712]
2019-09-02 06:30:07,779 [grpc-default-executor-1] INFO  client.GrpcClientProtocolClient (GrpcClientProtocolClient.java:onNext(255)) - client-0D308AD40832->3258574c-39ac-4ed5-9145-ea59a337c299: receive RaftClientReply:client-0D308AD40832->3258574c-39ac-4ed5-9145-ea59a337c299@group-6C7D867BDA6A, cid=1201, SUCCESS, logIndex=1713, commits[3258574c-39ac-4ed5-9145-ea59a337c299:c1714]
2019-09-02 06:30:07,780 [grpc-default-executor-1] INFO  client.GrpcClientProtocolClient (GrpcClientProtocolClient.java:onNext(255)) - client-0D308AD40832->3258574c-39ac-4ed5-9145-ea59a337c299: receive RaftClientReply:client-0D308AD40832->3258574c-39ac-4ed5-9145-ea59a337c299@group-6C7D867BDA6A, cid=1202, SUCCESS, logIndex=1714, commits[3258574c-39ac-4ed5-9145-ea59a337c299:c1716]
2019-09-02 06:30:07,780 [grpc-default-executor-1] INFO  client.GrpcClientProtocolClient (GrpcClientProtocolClient.java:onNext(255)) - client-0D308AD40832->3258574c-39ac-4ed5-9145-ea59a337c299: receive RaftClientReply:client-0D308AD40832->3258574c-39ac-4ed5-9145-ea59a337c299@group-6C7D867BDA6A, cid=1203, SUCCESS, logIndex=1715, commits[3258574c-39ac-4ed5-9145-ea59a337c299:c1716]
2019-09-02 06:30:07,780 [grpc-default-executor-1] INFO  client.GrpcClientProtocolClient (GrpcClientProtocolClient.java:onNext(255)) - client-0D308AD40832->3258574c-39ac-4ed5-9145-ea59a337c299: receive RaftClientReply:client-0D308AD40832->3258574c-39ac-4ed5-9145-ea59a337c299@group-6C7D867BDA6A, cid=1204, SUCCESS, logIndex=1716, commits[3258574c-39ac-4ed5-9145-ea59a337c299:c1716]
2019-09-02 06:30:07,798 [grpc-default-executor-0] INFO  client.GrpcClientProtocolClient (GrpcClientProtocolClient.java:onNext(255)) - client-0D308AD40832->3258574c-39ac-4ed5-9145-ea59a337c299: receive RaftClientReply:client-0D308AD40832->3258574c-39ac-4ed5-9145-ea59a337c299@group-6C7D867BDA6A, cid=1205, SUCCESS, logIndex=1719, commits[3258574c-39ac-4ed5-9145-ea59a337c299:c1720]
2019-09-02 06:30:07,799 [grpc-default-executor-0] INFO  client.GrpcClientProtocolClient (GrpcClientProtocolClient.java:onNext(255)) - client-0D308AD40832->3258574c-39ac-4ed5-9145-ea59a337c299: receive RaftClientReply:client-0D308AD40832->3258574c-39ac-4ed5-9145-ea59a337c299@group-6C7D867BDA6A, cid=1206, SUCCESS, logIndex=1720, commits[3258574c-39ac-4ed5-9145-ea59a337c299:c1722]
2019-09-02 06:30:07,799 [grpc-default-executor-0] INFO  client.GrpcClientProtocolClient (GrpcClientProtocolClient.java:onNext(255)) - client-0D308AD40832->3258574c-39ac-4ed5-9145-ea59a337c299: receive RaftClientReply:client-0D308AD40832->3258574c-39ac-4ed5-9145-ea59a337c299@group-6C7D867BDA6A, cid=1207, SUCCESS, logIndex=1721, commits[3258574c-39ac-4ed5-9145-ea59a337c299:c1722]
2019-09-02 06:30:07,799 [grpc-default-executor-0] INFO  client.GrpcClientProtocolClient (GrpcClientProtocolClient.java:onNext(255)) - client-0D308AD40832->3258574c-39ac-4ed5-9145-ea59a337c299: receive RaftClientReply:client-0D308AD40832->3258574c-39ac-4ed5-9145-ea59a337c299@group-6C7D867BDA6A, cid=1208, SUCCESS, logIndex=1722, commits[3258574c-39ac-4ed5-9145-ea59a337c299:c1723]
2019-09-02 06:30:07,824 [grpc-default-executor-1] INFO  client.GrpcClientProtocolClient (GrpcClientProtocolClient.java:onNext(255)) - client-0D308AD40832->3258574c-39ac-4ed5-9145-ea59a337c299: receive RaftClientReply:client-0D308AD40832->3258574c-39ac-4ed5-9145-ea59a337c299@group-6C7D867BDA6A, cid=1209, SUCCESS, logIndex=1725, commits[3258574c-39ac-4ed5-9145-ea59a337c299:c1729]
2019-09-02 06:30:07,825 [grpc-default-executor-1] INFO  client.GrpcClientProtocolClient (GrpcClientProtocolClient.java:onNext(255)) - client-0D308AD40832->3258574c-39ac-4ed5-9145-ea59a337c299: receive RaftClientReply:client-0D308AD40832->3258574c-39ac-4ed5-9145-ea59a337c299@group-6C7D867BDA6A, cid=1210, SUCCESS, logIndex=1726, commits[3258574c-39ac-4ed5-9145-ea59a337c299:c1729]
2019-09-02 06:30:07,825 [grpc-default-executor-1] INFO  client.GrpcClientProtocolClient (GrpcClientProtocolClient.java:onNext(255)) - client-0D308AD40832->3258574c-39ac-4ed5-9145-ea59a337c299: receive RaftClientReply:client-0D308AD40832->3258574c-39ac-4ed5-9145-ea59a337c299@group-6C7D867BDA6A, cid=1211, SUCCESS, logIndex=1727, commits[3258574c-39ac-4ed5-9145-ea59a337c299:c1729]
2019-09-02 06:30:07,825 [grpc-default-executor-1] INFO  client.GrpcClientProtocolClient (GrpcClientProtocolClient.java:onNext(255)) - client-0D308AD40832->3258574c-39ac-4ed5-9145-ea59a337c299: receive RaftClientReply:client-0D308AD40832->3258574c-39ac-4ed5-9145-ea59a337c299@group-6C7D867BDA6A, cid=1212, SUCCESS, logIndex=1728, commits[3258574c-39ac-4ed5-9145-ea59a337c299:c1729]
2019-09-02 06:30:07,844 [grpc-default-executor-1] INFO  client.GrpcClientProtocolClient (GrpcClientProtocolClient.java:onNext(255)) - client-0D308AD40832->3258574c-39ac-4ed5-9145-ea59a337c299: receive RaftClientReply:client-0D308AD40832->3258574c-39ac-4ed5-9145-ea59a337c299@group-6C7D867BDA6A, cid=1213, SUCCESS, logIndex=1730, commits[3258574c-39ac-4ed5-9145-ea59a337c299:c1731]
2019-09-02 06:30:07,845 [grpc-default-executor-1] INFO  client.GrpcClientProtocolClient (GrpcClientProtocolClient.java:onNext(255)) - client-0D308AD40832->3258574c-39ac-4ed5-9145-ea59a337c299: receive RaftClientReply:client-0D308AD40832->3258574c-39ac-4ed5-9145-ea59a337c299@group-6C7D867BDA6A, cid=1214, SUCCESS, logIndex=1731, commits[3258574c-39ac-4ed5-9145-ea59a337c299:c1731]
2019-09-02 06:30:07,846 [SCMBlockDeletingService#1] DEBUG block.SCMBlockDeletingService (SCMBlockDeletingService.java:call(138)) - Running DeletedBlockTransactionScanner
2019-09-02 06:30:07,847 [SCMBlockDeletingService#1] DEBUG block.SCMBlockDeletingService (SCMBlockDeletingService.java:call(155)) - Scanned deleted blocks log and got 0 delTX to process.
2019-09-02 06:30:07,872 [grpc-default-executor-1] INFO  client.GrpcClientProtocolClient (GrpcClientProtocolClient.java:onNext(255)) - client-0D308AD40832->3258574c-39ac-4ed5-9145-ea59a337c299: receive RaftClientReply:client-0D308AD40832->3258574c-39ac-4ed5-9145-ea59a337c299@group-6C7D867BDA6A, cid=1215, SUCCESS, logIndex=1732, commits[3258574c-39ac-4ed5-9145-ea59a337c299:c1734]
2019-09-02 06:30:07,873 [grpc-default-executor-1] INFO  client.GrpcClientProtocolClient (GrpcClientProtocolClient.java:onNext(255)) - client-0D308AD40832->3258574c-39ac-4ed5-9145-ea59a337c299: receive RaftClientReply:client-0D308AD40832->3258574c-39ac-4ed5-9145-ea59a337c299@group-6C7D867BDA6A, cid=1216, SUCCESS, logIndex=1733, commits[3258574c-39ac-4ed5-9145-ea59a337c299:c1734]
2019-09-02 06:30:07,897 [grpc-default-executor-0] INFO  client.GrpcClientProtocolClient (GrpcClientProtocolClient.java:onNext(255)) - client-0D308AD40832->3258574c-39ac-4ed5-9145-ea59a337c299: receive RaftClientReply:client-0D308AD40832->3258574c-39ac-4ed5-9145-ea59a337c299@group-6C7D867BDA6A, cid=1217, SUCCESS, logIndex=1735, commits[3258574c-39ac-4ed5-9145-ea59a337c299:c1738]
2019-09-02 06:30:07,898 [grpc-default-executor-0] INFO  client.GrpcClientProtocolClient (GrpcClientProtocolClient.java:onNext(255)) - client-0D308AD40832->3258574c-39ac-4ed5-9145-ea59a337c299: receive RaftClientReply:client-0D308AD40832->3258574c-39ac-4ed5-9145-ea59a337c299@group-6C7D867BDA6A, cid=1218, SUCCESS, logIndex=1736, commits[3258574c-39ac-4ed5-9145-ea59a337c299:c1739]
2019-09-02 06:30:07,898 [grpc-default-executor-0] INFO  client.GrpcClientProtocolClient (GrpcClientProtocolClient.java:onNext(255)) - client-0D308AD40832->3258574c-39ac-4ed5-9145-ea59a337c299: receive RaftClientReply:client-0D308AD40832->3258574c-39ac-4ed5-9145-ea59a337c299@group-6C7D867BDA6A, cid=1219, SUCCESS, logIndex=1737, commits[3258574c-39ac-4ed5-9145-ea59a337c299:c1739]
2019-09-02 06:30:07,898 [grpc-default-executor-0] INFO  client.GrpcClientProtocolClient (GrpcClientProtocolClient.java:onNext(255)) - client-0D308AD40832->3258574c-39ac-4ed5-9145-ea59a337c299: receive RaftClientReply:client-0D308AD40832->3258574c-39ac-4ed5-9145-ea59a337c299@group-6C7D867BDA6A, cid=1220, SUCCESS, logIndex=1738, commits[3258574c-39ac-4ed5-9145-ea59a337c299:c1740]
2019-09-02 06:30:07,920 [grpc-default-executor-1] INFO  client.GrpcClientProtocolClient (GrpcClientProtocolClient.java:onNext(255)) - client-0D308AD40832->3258574c-39ac-4ed5-9145-ea59a337c299: receive RaftClientReply:client-0D308AD40832->3258574c-39ac-4ed5-9145-ea59a337c299@group-6C7D867BDA6A, cid=1221, SUCCESS, logIndex=1741, commits[3258574c-39ac-4ed5-9145-ea59a337c299:c1744]
2019-09-02 06:30:07,921 [grpc-default-executor-1] INFO  client.GrpcClientProtocolClient (GrpcClientProtocolClient.java:onNext(255)) - client-0D308AD40832->3258574c-39ac-4ed5-9145-ea59a337c299: receive RaftClientReply:client-0D308AD40832->3258574c-39ac-4ed5-9145-ea59a337c299@group-6C7D867BDA6A, cid=1222, SUCCESS, logIndex=1742, commits[3258574c-39ac-4ed5-9145-ea59a337c299:c1745]
2019-09-02 06:30:07,921 [grpc-default-executor-1] INFO  client.GrpcClientProtocolClient (GrpcClientProtocolClient.java:onNext(255)) - client-0D308AD40832->3258574c-39ac-4ed5-9145-ea59a337c299: receive RaftClientReply:client-0D308AD40832->3258574c-39ac-4ed5-9145-ea59a337c299@group-6C7D867BDA6A, cid=1223, SUCCESS, logIndex=1743, commits[3258574c-39ac-4ed5-9145-ea59a337c299:c1745]
2019-09-02 06:30:07,921 [grpc-default-executor-1] INFO  client.GrpcClientProtocolClient (GrpcClientProtocolClient.java:onNext(255)) - client-0D308AD40832->3258574c-39ac-4ed5-9145-ea59a337c299: receive RaftClientReply:client-0D308AD40832->3258574c-39ac-4ed5-9145-ea59a337c299@group-6C7D867BDA6A, cid=1224, SUCCESS, logIndex=1744, commits[3258574c-39ac-4ed5-9145-ea59a337c299:c1745]
2019-09-02 06:30:07,947 [SCMBlockDeletingService#1] DEBUG block.SCMBlockDeletingService (SCMBlockDeletingService.java:call(138)) - Running DeletedBlockTransactionScanner
2019-09-02 06:30:07,947 [grpc-default-executor-1] INFO  client.GrpcClientProtocolClient (GrpcClientProtocolClient.java:onNext(255)) - client-0D308AD40832->3258574c-39ac-4ed5-9145-ea59a337c299: receive RaftClientReply:client-0D308AD40832->3258574c-39ac-4ed5-9145-ea59a337c299@group-6C7D867BDA6A, cid=1225, SUCCESS, logIndex=1746, commits[3258574c-39ac-4ed5-9145-ea59a337c299:c1747]
2019-09-02 06:30:07,947 [SCMBlockDeletingService#1] DEBUG block.SCMBlockDeletingService (SCMBlockDeletingService.java:call(155)) - Scanned deleted blocks log and got 0 delTX to process.
2019-09-02 06:30:07,948 [grpc-default-executor-1] INFO  client.GrpcClientProtocolClient (GrpcClientProtocolClient.java:onNext(255)) - client-0D308AD40832->3258574c-39ac-4ed5-9145-ea59a337c299: receive RaftClientReply:client-0D308AD40832->3258574c-39ac-4ed5-9145-ea59a337c299@group-6C7D867BDA6A, cid=1226, SUCCESS, logIndex=1747, commits[3258574c-39ac-4ed5-9145-ea59a337c299:c1749]
2019-09-02 06:30:07,948 [grpc-default-executor-1] INFO  client.GrpcClientProtocolClient (GrpcClientProtocolClient.java:onNext(255)) - client-0D308AD40832->3258574c-39ac-4ed5-9145-ea59a337c299: receive RaftClientReply:client-0D308AD40832->3258574c-39ac-4ed5-9145-ea59a337c299@group-6C7D867BDA6A, cid=1227, SUCCESS, logIndex=1748, commits[3258574c-39ac-4ed5-9145-ea59a337c299:c1750]
2019-09-02 06:30:07,948 [grpc-default-executor-1] INFO  client.GrpcClientProtocolClient (GrpcClientProtocolClient.java:onNext(255)) - client-0D308AD40832->3258574c-39ac-4ed5-9145-ea59a337c299: receive RaftClientReply:client-0D308AD40832->3258574c-39ac-4ed5-9145-ea59a337c299@group-6C7D867BDA6A, cid=1228, SUCCESS, logIndex=1749, commits[3258574c-39ac-4ed5-9145-ea59a337c299:c1751]
2019-09-02 06:30:07,966 [grpc-default-executor-1] INFO  client.GrpcClientProtocolClient (GrpcClientProtocolClient.java:onNext(255)) - client-0D308AD40832->3258574c-39ac-4ed5-9145-ea59a337c299: receive RaftClientReply:client-0D308AD40832->3258574c-39ac-4ed5-9145-ea59a337c299@group-6C7D867BDA6A, cid=1229, SUCCESS, logIndex=1752, commits[3258574c-39ac-4ed5-9145-ea59a337c299:c1753]
2019-09-02 06:30:07,967 [grpc-default-executor-1] INFO  client.GrpcClientProtocolClient (GrpcClientProtocolClient.java:onNext(255)) - client-0D308AD40832->3258574c-39ac-4ed5-9145-ea59a337c299: receive RaftClientReply:client-0D308AD40832->3258574c-39ac-4ed5-9145-ea59a337c299@group-6C7D867BDA6A, cid=1230, SUCCESS, logIndex=1753, commits[3258574c-39ac-4ed5-9145-ea59a337c299:c1755]
2019-09-02 06:30:07,967 [grpc-default-executor-1] INFO  client.GrpcClientProtocolClient (GrpcClientProtocolClient.java:onNext(255)) - client-0D308AD40832->3258574c-39ac-4ed5-9145-ea59a337c299: receive RaftClientReply:client-0D308AD40832->3258574c-39ac-4ed5-9145-ea59a337c299@group-6C7D867BDA6A, cid=1231, SUCCESS, logIndex=1754, commits[3258574c-39ac-4ed5-9145-ea59a337c299:c1756]
2019-09-02 06:30:07,968 [grpc-default-executor-1] INFO  client.GrpcClientProtocolClient (GrpcClientProtocolClient.java:onNext(255)) - client-0D308AD40832->3258574c-39ac-4ed5-9145-ea59a337c299: receive RaftClientReply:client-0D308AD40832->3258574c-39ac-4ed5-9145-ea59a337c299@group-6C7D867BDA6A, cid=1232, SUCCESS, logIndex=1755, commits[3258574c-39ac-4ed5-9145-ea59a337c299:c1757]
2019-09-02 06:30:07,993 [grpc-default-executor-1] INFO  client.GrpcClientProtocolClient (GrpcClientProtocolClient.java:onNext(255)) - client-0D308AD40832->3258574c-39ac-4ed5-9145-ea59a337c299: receive RaftClientReply:client-0D308AD40832->3258574c-39ac-4ed5-9145-ea59a337c299@group-6C7D867BDA6A, cid=1233, SUCCESS, logIndex=1758, commits[3258574c-39ac-4ed5-9145-ea59a337c299:c1759]
2019-09-02 06:30:07,993 [grpc-default-executor-1] INFO  client.GrpcClientProtocolClient (GrpcClientProtocolClient.java:onNext(255)) - client-0D308AD40832->3258574c-39ac-4ed5-9145-ea59a337c299: receive RaftClientReply:client-0D308AD40832->3258574c-39ac-4ed5-9145-ea59a337c299@group-6C7D867BDA6A, cid=1234, SUCCESS, logIndex=1759, commits[3258574c-39ac-4ed5-9145-ea59a337c299:c1761]
2019-09-02 06:30:07,994 [grpc-default-executor-1] INFO  client.GrpcClientProtocolClient (GrpcClientProtocolClient.java:onNext(255)) - client-0D308AD40832->3258574c-39ac-4ed5-9145-ea59a337c299: receive RaftClientReply:client-0D308AD40832->3258574c-39ac-4ed5-9145-ea59a337c299@group-6C7D867BDA6A, cid=1235, SUCCESS, logIndex=1760, commits[3258574c-39ac-4ed5-9145-ea59a337c299:c1762]
2019-09-02 06:30:07,994 [grpc-default-executor-1] INFO  client.GrpcClientProtocolClient (GrpcClientProtocolClient.java:onNext(255)) - client-0D308AD40832->3258574c-39ac-4ed5-9145-ea59a337c299: receive RaftClientReply:client-0D308AD40832->3258574c-39ac-4ed5-9145-ea59a337c299@group-6C7D867BDA6A, cid=1236, SUCCESS, logIndex=1761, commits[3258574c-39ac-4ed5-9145-ea59a337c299:c1762]
2019-09-02 06:30:08,048 [SCMBlockDeletingService#1] DEBUG block.SCMBlockDeletingService (SCMBlockDeletingService.java:call(138)) - Running DeletedBlockTransactionScanner
2019-09-02 06:30:08,048 [SCMBlockDeletingService#1] DEBUG block.SCMBlockDeletingService (SCMBlockDeletingService.java:call(155)) - Scanned deleted blocks log and got 0 delTX to process.
2019-09-02 06:30:08,100 [grpc-default-executor-1] INFO  client.GrpcClientProtocolClient (GrpcClientProtocolClient.java:onNext(255)) - client-0D308AD40832->3258574c-39ac-4ed5-9145-ea59a337c299: receive RaftClientReply:client-0D308AD40832->3258574c-39ac-4ed5-9145-ea59a337c299@group-6C7D867BDA6A, cid=1237, SUCCESS, logIndex=1764, commits[3258574c-39ac-4ed5-9145-ea59a337c299:c1767]
2019-09-02 06:30:08,101 [grpc-default-executor-1] INFO  client.GrpcClientProtocolClient (GrpcClientProtocolClient.java:onNext(255)) - client-0D308AD40832->3258574c-39ac-4ed5-9145-ea59a337c299: receive RaftClientReply:client-0D308AD40832->3258574c-39ac-4ed5-9145-ea59a337c299@group-6C7D867BDA6A, cid=1238, SUCCESS, logIndex=1765, commits[3258574c-39ac-4ed5-9145-ea59a337c299:c1768]
2019-09-02 06:30:08,101 [grpc-default-executor-1] INFO  client.GrpcClientProtocolClient (GrpcClientProtocolClient.java:onNext(255)) - client-0D308AD40832->3258574c-39ac-4ed5-9145-ea59a337c299: receive RaftClientReply:client-0D308AD40832->3258574c-39ac-4ed5-9145-ea59a337c299@group-6C7D867BDA6A, cid=1239, SUCCESS, logIndex=1766, commits[3258574c-39ac-4ed5-9145-ea59a337c299:c1768]
2019-09-02 06:30:08,101 [grpc-default-executor-1] INFO  client.GrpcClientProtocolClient (GrpcClientProtocolClient.java:onNext(255)) - client-0D308AD40832->3258574c-39ac-4ed5-9145-ea59a337c299: receive RaftClientReply:client-0D308AD40832->3258574c-39ac-4ed5-9145-ea59a337c299@group-6C7D867BDA6A, cid=1240, SUCCESS, logIndex=1767, commits[3258574c-39ac-4ed5-9145-ea59a337c299:c1768]
2019-09-02 06:30:08,126 [grpc-default-executor-0] INFO  client.GrpcClientProtocolClient (GrpcClientProtocolClient.java:onNext(255)) - client-0D308AD40832->3258574c-39ac-4ed5-9145-ea59a337c299: receive RaftClientReply:client-0D308AD40832->3258574c-39ac-4ed5-9145-ea59a337c299@group-6C7D867BDA6A, cid=1241, SUCCESS, logIndex=1769, commits[3258574c-39ac-4ed5-9145-ea59a337c299:c1772]
2019-09-02 06:30:08,127 [grpc-default-executor-0] INFO  client.GrpcClientProtocolClient (GrpcClientProtocolClient.java:onNext(255)) - client-0D308AD40832->3258574c-39ac-4ed5-9145-ea59a337c299: receive RaftClientReply:client-0D308AD40832->3258574c-39ac-4ed5-9145-ea59a337c299@group-6C7D867BDA6A, cid=1242, SUCCESS, logIndex=1770, commits[3258574c-39ac-4ed5-9145-ea59a337c299:c1773]
2019-09-02 06:30:08,127 [grpc-default-executor-0] INFO  client.GrpcClientProtocolClient (GrpcClientProtocolClient.java:onNext(255)) - client-0D308AD40832->3258574c-39ac-4ed5-9145-ea59a337c299: receive RaftClientReply:client-0D308AD40832->3258574c-39ac-4ed5-9145-ea59a337c299@group-6C7D867BDA6A, cid=1243, SUCCESS, logIndex=1771, commits[3258574c-39ac-4ed5-9145-ea59a337c299:c1773]
2019-09-02 06:30:08,127 [grpc-default-executor-0] INFO  client.GrpcClientProtocolClient (GrpcClientProtocolClient.java:onNext(255)) - client-0D308AD40832->3258574c-39ac-4ed5-9145-ea59a337c299: receive RaftClientReply:client-0D308AD40832->3258574c-39ac-4ed5-9145-ea59a337c299@group-6C7D867BDA6A, cid=1244, SUCCESS, logIndex=1772, commits[3258574c-39ac-4ed5-9145-ea59a337c299:c1773]
2019-09-02 06:30:08,145 [grpc-default-executor-1] INFO  client.GrpcClientProtocolClient (GrpcClientProtocolClient.java:onNext(255)) - client-0D308AD40832->3258574c-39ac-4ed5-9145-ea59a337c299: receive RaftClientReply:client-0D308AD40832->3258574c-39ac-4ed5-9145-ea59a337c299@group-6C7D867BDA6A, cid=1245, SUCCESS, logIndex=1774, commits[3258574c-39ac-4ed5-9145-ea59a337c299:c1775]
2019-09-02 06:30:08,146 [grpc-default-executor-1] INFO  client.GrpcClientProtocolClient (GrpcClientProtocolClient.java:onNext(255)) - client-0D308AD40832->3258574c-39ac-4ed5-9145-ea59a337c299: receive RaftClientReply:client-0D308AD40832->3258574c-39ac-4ed5-9145-ea59a337c299@group-6C7D867BDA6A, cid=1246, SUCCESS, logIndex=1775, commits[3258574c-39ac-4ed5-9145-ea59a337c299:c1777]
2019-09-02 06:30:08,146 [grpc-default-executor-1] INFO  client.GrpcClientProtocolClient (GrpcClientProtocolClient.java:onNext(255)) - client-0D308AD40832->3258574c-39ac-4ed5-9145-ea59a337c299: receive RaftClientReply:client-0D308AD40832->3258574c-39ac-4ed5-9145-ea59a337c299@group-6C7D867BDA6A, cid=1247, SUCCESS, logIndex=1776, commits[3258574c-39ac-4ed5-9145-ea59a337c299:c1778]
2019-09-02 06:30:08,146 [grpc-default-executor-1] INFO  client.GrpcClientProtocolClient (GrpcClientProtocolClient.java:onNext(255)) - client-0D308AD40832->3258574c-39ac-4ed5-9145-ea59a337c299: receive RaftClientReply:client-0D308AD40832->3258574c-39ac-4ed5-9145-ea59a337c299@group-6C7D867BDA6A, cid=1248, SUCCESS, logIndex=1777, commits[3258574c-39ac-4ed5-9145-ea59a337c299:c1778]
2019-09-02 06:30:08,148 [SCMBlockDeletingService#1] DEBUG block.SCMBlockDeletingService (SCMBlockDeletingService.java:call(138)) - Running DeletedBlockTransactionScanner
2019-09-02 06:30:08,149 [SCMBlockDeletingService#1] DEBUG block.SCMBlockDeletingService (SCMBlockDeletingService.java:call(155)) - Scanned deleted blocks log and got 0 delTX to process.
2019-09-02 06:30:08,171 [grpc-default-executor-0] INFO  client.GrpcClientProtocolClient (GrpcClientProtocolClient.java:onNext(255)) - client-0D308AD40832->3258574c-39ac-4ed5-9145-ea59a337c299: receive RaftClientReply:client-0D308AD40832->3258574c-39ac-4ed5-9145-ea59a337c299@group-6C7D867BDA6A, cid=1249, SUCCESS, logIndex=1780, commits[3258574c-39ac-4ed5-9145-ea59a337c299:c1783]
2019-09-02 06:30:08,171 [grpc-default-executor-0] INFO  client.GrpcClientProtocolClient (GrpcClientProtocolClient.java:onNext(255)) - client-0D308AD40832->3258574c-39ac-4ed5-9145-ea59a337c299: receive RaftClientReply:client-0D308AD40832->3258574c-39ac-4ed5-9145-ea59a337c299@group-6C7D867BDA6A, cid=1250, SUCCESS, logIndex=1781, commits[3258574c-39ac-4ed5-9145-ea59a337c299:c1784]
2019-09-02 06:30:08,172 [grpc-default-executor-0] INFO  client.GrpcClientProtocolClient (GrpcClientProtocolClient.java:onNext(255)) - client-0D308AD40832->3258574c-39ac-4ed5-9145-ea59a337c299: receive RaftClientReply:client-0D308AD40832->3258574c-39ac-4ed5-9145-ea59a337c299@group-6C7D867BDA6A, cid=1251, SUCCESS, logIndex=1782, commits[3258574c-39ac-4ed5-9145-ea59a337c299:c1784]
2019-09-02 06:30:08,172 [grpc-default-executor-0] INFO  client.GrpcClientProtocolClient (GrpcClientProtocolClient.java:onNext(255)) - client-0D308AD40832->3258574c-39ac-4ed5-9145-ea59a337c299: receive RaftClientReply:client-0D308AD40832->3258574c-39ac-4ed5-9145-ea59a337c299@group-6C7D867BDA6A, cid=1252, SUCCESS, logIndex=1783, commits[3258574c-39ac-4ed5-9145-ea59a337c299:c1785]
2019-09-02 06:30:08,191 [grpc-default-executor-0] INFO  client.GrpcClientProtocolClient (GrpcClientProtocolClient.java:onNext(255)) - client-0D308AD40832->3258574c-39ac-4ed5-9145-ea59a337c299: receive RaftClientReply:client-0D308AD40832->3258574c-39ac-4ed5-9145-ea59a337c299@group-6C7D867BDA6A, cid=1253, SUCCESS, logIndex=1786, commits[3258574c-39ac-4ed5-9145-ea59a337c299:c1787]
2019-09-02 06:30:08,192 [grpc-default-executor-0] INFO  client.GrpcClientProtocolClient (GrpcClientProtocolClient.java:onNext(255)) - client-0D308AD40832->3258574c-39ac-4ed5-9145-ea59a337c299: receive RaftClientReply:client-0D308AD40832->3258574c-39ac-4ed5-9145-ea59a337c299@group-6C7D867BDA6A, cid=1254, SUCCESS, logIndex=1787, commits[3258574c-39ac-4ed5-9145-ea59a337c299:c1789]
2019-09-02 06:30:08,192 [grpc-default-executor-0] INFO  client.GrpcClientProtocolClient (GrpcClientProtocolClient.java:onNext(255)) - client-0D308AD40832->3258574c-39ac-4ed5-9145-ea59a337c299: receive RaftClientReply:client-0D308AD40832->3258574c-39ac-4ed5-9145-ea59a337c299@group-6C7D867BDA6A, cid=1255, SUCCESS, logIndex=1788, commits[3258574c-39ac-4ed5-9145-ea59a337c299:c1790]
2019-09-02 06:30:08,192 [grpc-default-executor-0] INFO  client.GrpcClientProtocolClient (GrpcClientProtocolClient.java:onNext(255)) - client-0D308AD40832->3258574c-39ac-4ed5-9145-ea59a337c299: receive RaftClientReply:client-0D308AD40832->3258574c-39ac-4ed5-9145-ea59a337c299@group-6C7D867BDA6A, cid=1256, SUCCESS, logIndex=1789, commits[3258574c-39ac-4ed5-9145-ea59a337c299:c1790]
2019-09-02 06:30:08,217 [grpc-default-executor-1] INFO  client.GrpcClientProtocolClient (GrpcClientProtocolClient.java:onNext(255)) - client-0D308AD40832->3258574c-39ac-4ed5-9145-ea59a337c299: receive RaftClientReply:client-0D308AD40832->3258574c-39ac-4ed5-9145-ea59a337c299@group-6C7D867BDA6A, cid=1257, SUCCESS, logIndex=1792, commits[3258574c-39ac-4ed5-9145-ea59a337c299:c1795]
2019-09-02 06:30:08,218 [grpc-default-executor-1] INFO  client.GrpcClientProtocolClient (GrpcClientProtocolClient.java:onNext(255)) - client-0D308AD40832->3258574c-39ac-4ed5-9145-ea59a337c299: receive RaftClientReply:client-0D308AD40832->3258574c-39ac-4ed5-9145-ea59a337c299@group-6C7D867BDA6A, cid=1258, SUCCESS, logIndex=1793, commits[3258574c-39ac-4ed5-9145-ea59a337c299:c1796]
2019-09-02 06:30:08,218 [grpc-default-executor-1] INFO  client.GrpcClientProtocolClient (GrpcClientProtocolClient.java:onNext(255)) - client-0D308AD40832->3258574c-39ac-4ed5-9145-ea59a337c299: receive RaftClientReply:client-0D308AD40832->3258574c-39ac-4ed5-9145-ea59a337c299@group-6C7D867BDA6A, cid=1259, SUCCESS, logIndex=1794, commits[3258574c-39ac-4ed5-9145-ea59a337c299:c1796]
2019-09-02 06:30:08,218 [grpc-default-executor-1] INFO  client.GrpcClientProtocolClient (GrpcClientProtocolClient.java:onNext(255)) - client-0D308AD40832->3258574c-39ac-4ed5-9145-ea59a337c299: receive RaftClientReply:client-0D308AD40832->3258574c-39ac-4ed5-9145-ea59a337c299@group-6C7D867BDA6A, cid=1260, SUCCESS, logIndex=1795, commits[3258574c-39ac-4ed5-9145-ea59a337c299:c1796]
2019-09-02 06:30:08,249 [SCMBlockDeletingService#1] DEBUG block.SCMBlockDeletingService (SCMBlockDeletingService.java:call(138)) - Running DeletedBlockTransactionScanner
2019-09-02 06:30:08,249 [grpc-default-executor-0] INFO  client.GrpcClientProtocolClient (GrpcClientProtocolClient.java:onNext(255)) - client-0D308AD40832->3258574c-39ac-4ed5-9145-ea59a337c299: receive RaftClientReply:client-0D308AD40832->3258574c-39ac-4ed5-9145-ea59a337c299@group-6C7D867BDA6A, cid=1261, SUCCESS, logIndex=1797, commits[3258574c-39ac-4ed5-9145-ea59a337c299:c1800]
2019-09-02 06:30:08,249 [SCMBlockDeletingService#1] DEBUG block.SCMBlockDeletingService (SCMBlockDeletingService.java:call(155)) - Scanned deleted blocks log and got 0 delTX to process.
2019-09-02 06:30:08,249 [grpc-default-executor-0] INFO  client.GrpcClientProtocolClient (GrpcClientProtocolClient.java:onNext(255)) - client-0D308AD40832->3258574c-39ac-4ed5-9145-ea59a337c299: receive RaftClientReply:client-0D308AD40832->3258574c-39ac-4ed5-9145-ea59a337c299@group-6C7D867BDA6A, cid=1262, SUCCESS, logIndex=1798, commits[3258574c-39ac-4ed5-9145-ea59a337c299:c1801]
2019-09-02 06:30:08,250 [grpc-default-executor-0] INFO  client.GrpcClientProtocolClient (GrpcClientProtocolClient.java:onNext(255)) - client-0D308AD40832->3258574c-39ac-4ed5-9145-ea59a337c299: receive RaftClientReply:client-0D308AD40832->3258574c-39ac-4ed5-9145-ea59a337c299@group-6C7D867BDA6A, cid=1263, SUCCESS, logIndex=1799, commits[3258574c-39ac-4ed5-9145-ea59a337c299:c1801]
2019-09-02 06:30:08,250 [grpc-default-executor-0] INFO  client.GrpcClientProtocolClient (GrpcClientProtocolClient.java:onNext(255)) - client-0D308AD40832->3258574c-39ac-4ed5-9145-ea59a337c299: receive RaftClientReply:client-0D308AD40832->3258574c-39ac-4ed5-9145-ea59a337c299@group-6C7D867BDA6A, cid=1264, SUCCESS, logIndex=1800, commits[3258574c-39ac-4ed5-9145-ea59a337c299:c1801]
2019-09-02 06:30:08,272 [grpc-default-executor-0] INFO  client.GrpcClientProtocolClient (GrpcClientProtocolClient.java:onNext(255)) - client-0D308AD40832->3258574c-39ac-4ed5-9145-ea59a337c299: receive RaftClientReply:client-0D308AD40832->3258574c-39ac-4ed5-9145-ea59a337c299@group-6C7D867BDA6A, cid=1265, SUCCESS, logIndex=1802, commits[3258574c-39ac-4ed5-9145-ea59a337c299:c1803]
2019-09-02 06:30:08,272 [grpc-default-executor-0] INFO  client.GrpcClientProtocolClient (GrpcClientProtocolClient.java:onNext(255)) - client-0D308AD40832->3258574c-39ac-4ed5-9145-ea59a337c299: receive RaftClientReply:client-0D308AD40832->3258574c-39ac-4ed5-9145-ea59a337c299@group-6C7D867BDA6A, cid=1266, SUCCESS, logIndex=1803, commits[3258574c-39ac-4ed5-9145-ea59a337c299:c1805]
2019-09-02 06:30:08,273 [grpc-default-executor-0] INFO  client.GrpcClientProtocolClient (GrpcClientProtocolClient.java:onNext(255)) - client-0D308AD40832->3258574c-39ac-4ed5-9145-ea59a337c299: receive RaftClientReply:client-0D308AD40832->3258574c-39ac-4ed5-9145-ea59a337c299@group-6C7D867BDA6A, cid=1267, SUCCESS, logIndex=1804, commits[3258574c-39ac-4ed5-9145-ea59a337c299:c1805]
2019-09-02 06:30:08,273 [grpc-default-executor-0] INFO  client.GrpcClientProtocolClient (GrpcClientProtocolClient.java:onNext(255)) - client-0D308AD40832->3258574c-39ac-4ed5-9145-ea59a337c299: receive RaftClientReply:client-0D308AD40832->3258574c-39ac-4ed5-9145-ea59a337c299@group-6C7D867BDA6A, cid=1268, SUCCESS, logIndex=1805, commits[3258574c-39ac-4ed5-9145-ea59a337c299:c1806]
2019-09-02 06:30:08,290 [grpc-default-executor-0] INFO  client.GrpcClientProtocolClient (GrpcClientProtocolClient.java:onNext(255)) - client-0D308AD40832->3258574c-39ac-4ed5-9145-ea59a337c299: receive RaftClientReply:client-0D308AD40832->3258574c-39ac-4ed5-9145-ea59a337c299@group-6C7D867BDA6A, cid=1269, SUCCESS, logIndex=1808, commits[3258574c-39ac-4ed5-9145-ea59a337c299:c1809]
2019-09-02 06:30:08,291 [grpc-default-executor-0] INFO  client.GrpcClientProtocolClient (GrpcClientProtocolClient.java:onNext(255)) - client-0D308AD40832->3258574c-39ac-4ed5-9145-ea59a337c299: receive RaftClientReply:client-0D308AD40832->3258574c-39ac-4ed5-9145-ea59a337c299@group-6C7D867BDA6A, cid=1270, SUCCESS, logIndex=1809, commits[3258574c-39ac-4ed5-9145-ea59a337c299:c1809]
2019-09-02 06:30:08,291 [grpc-default-executor-0] INFO  client.GrpcClientProtocolClient (GrpcClientProtocolClient.java:onNext(255)) - client-0D308AD40832->3258574c-39ac-4ed5-9145-ea59a337c299: receive RaftClientReply:client-0D308AD40832->3258574c-39ac-4ed5-9145-ea59a337c299@group-6C7D867BDA6A, cid=1271, SUCCESS, logIndex=1810, commits[3258574c-39ac-4ed5-9145-ea59a337c299:c1811]
2019-09-02 06:30:08,291 [grpc-default-executor-0] INFO  client.GrpcClientProtocolClient (GrpcClientProtocolClient.java:onNext(255)) - client-0D308AD40832->3258574c-39ac-4ed5-9145-ea59a337c299: receive RaftClientReply:client-0D308AD40832->3258574c-39ac-4ed5-9145-ea59a337c299@group-6C7D867BDA6A, cid=1272, SUCCESS, logIndex=1811, commits[3258574c-39ac-4ed5-9145-ea59a337c299:c1811]
2019-09-02 06:30:08,315 [grpc-default-executor-1] INFO  client.GrpcClientProtocolClient (GrpcClientProtocolClient.java:onNext(255)) - client-0D308AD40832->3258574c-39ac-4ed5-9145-ea59a337c299: receive RaftClientReply:client-0D308AD40832->3258574c-39ac-4ed5-9145-ea59a337c299@group-6C7D867BDA6A, cid=1273, SUCCESS, logIndex=1814, commits[3258574c-39ac-4ed5-9145-ea59a337c299:c1815]
2019-09-02 06:30:08,315 [grpc-default-executor-1] INFO  client.GrpcClientProtocolClient (GrpcClientProtocolClient.java:onNext(255)) - client-0D308AD40832->3258574c-39ac-4ed5-9145-ea59a337c299: receive RaftClientReply:client-0D308AD40832->3258574c-39ac-4ed5-9145-ea59a337c299@group-6C7D867BDA6A, cid=1274, SUCCESS, logIndex=1815, commits[3258574c-39ac-4ed5-9145-ea59a337c299:c1817]
2019-09-02 06:30:08,316 [grpc-default-executor-1] INFO  client.GrpcClientProtocolClient (GrpcClientProtocolClient.java:onNext(255)) - client-0D308AD40832->3258574c-39ac-4ed5-9145-ea59a337c299: receive RaftClientReply:client-0D308AD40832->3258574c-39ac-4ed5-9145-ea59a337c299@group-6C7D867BDA6A, cid=1275, SUCCESS, logIndex=1816, commits[3258574c-39ac-4ed5-9145-ea59a337c299:c1817]
2019-09-02 06:30:08,316 [grpc-default-executor-1] INFO  client.GrpcClientProtocolClient (GrpcClientProtocolClient.java:onNext(255)) - client-0D308AD40832->3258574c-39ac-4ed5-9145-ea59a337c299: receive RaftClientReply:client-0D308AD40832->3258574c-39ac-4ed5-9145-ea59a337c299@group-6C7D867BDA6A, cid=1276, SUCCESS, logIndex=1817, commits[3258574c-39ac-4ed5-9145-ea59a337c299:c1818]
2019-09-02 06:30:08,335 [grpc-default-executor-1] INFO  client.GrpcClientProtocolClient (GrpcClientProtocolClient.java:onNext(255)) - client-0D308AD40832->3258574c-39ac-4ed5-9145-ea59a337c299: receive RaftClientReply:client-0D308AD40832->3258574c-39ac-4ed5-9145-ea59a337c299@group-6C7D867BDA6A, cid=1277, SUCCESS, logIndex=1820, commits[3258574c-39ac-4ed5-9145-ea59a337c299:c1821]
2019-09-02 06:30:08,340 [grpc-default-executor-1] INFO  client.GrpcClientProtocolClient (GrpcClientProtocolClient.java:onNext(255)) - client-0D308AD40832->3258574c-39ac-4ed5-9145-ea59a337c299: receive RaftClientReply:client-0D308AD40832->3258574c-39ac-4ed5-9145-ea59a337c299@group-6C7D867BDA6A, cid=1278, SUCCESS, logIndex=1821, commits[3258574c-39ac-4ed5-9145-ea59a337c299:c1825]
2019-09-02 06:30:08,341 [grpc-default-executor-1] INFO  client.GrpcClientProtocolClient (GrpcClientProtocolClient.java:onNext(255)) - client-0D308AD40832->3258574c-39ac-4ed5-9145-ea59a337c299: receive RaftClientReply:client-0D308AD40832->3258574c-39ac-4ed5-9145-ea59a337c299@group-6C7D867BDA6A, cid=1279, SUCCESS, logIndex=1822, commits[3258574c-39ac-4ed5-9145-ea59a337c299:c1825]
2019-09-02 06:30:08,341 [grpc-default-executor-1] INFO  client.GrpcClientProtocolClient (GrpcClientProtocolClient.java:onNext(255)) - client-0D308AD40832->3258574c-39ac-4ed5-9145-ea59a337c299: receive RaftClientReply:client-0D308AD40832->3258574c-39ac-4ed5-9145-ea59a337c299@group-6C7D867BDA6A, cid=1280, SUCCESS, logIndex=1823, commits[3258574c-39ac-4ed5-9145-ea59a337c299:c1825]
2019-09-02 06:30:08,404 [SCMBlockDeletingService#1] DEBUG block.SCMBlockDeletingService (SCMBlockDeletingService.java:call(138)) - Running DeletedBlockTransactionScanner
2019-09-02 06:30:08,405 [SCMBlockDeletingService#1] DEBUG block.SCMBlockDeletingService (SCMBlockDeletingService.java:call(155)) - Scanned deleted blocks log and got 0 delTX to process.
2019-09-02 06:30:08,424 [grpc-default-executor-0] INFO  client.GrpcClientProtocolClient (GrpcClientProtocolClient.java:onNext(255)) - client-0D308AD40832->3258574c-39ac-4ed5-9145-ea59a337c299: receive RaftClientReply:client-0D308AD40832->3258574c-39ac-4ed5-9145-ea59a337c299@group-6C7D867BDA6A, cid=1281, SUCCESS, logIndex=1826, commits[3258574c-39ac-4ed5-9145-ea59a337c299:c1827]
2019-09-02 06:30:08,424 [grpc-default-executor-0] INFO  client.GrpcClientProtocolClient (GrpcClientProtocolClient.java:onNext(255)) - client-0D308AD40832->3258574c-39ac-4ed5-9145-ea59a337c299: receive RaftClientReply:client-0D308AD40832->3258574c-39ac-4ed5-9145-ea59a337c299@group-6C7D867BDA6A, cid=1282, SUCCESS, logIndex=1827, commits[3258574c-39ac-4ed5-9145-ea59a337c299:c1828]
2019-09-02 06:30:08,505 [SCMBlockDeletingService#1] DEBUG block.SCMBlockDeletingService (SCMBlockDeletingService.java:call(138)) - Running DeletedBlockTransactionScanner
2019-09-02 06:30:08,506 [SCMBlockDeletingService#1] DEBUG block.SCMBlockDeletingService (SCMBlockDeletingService.java:call(155)) - Scanned deleted blocks log and got 0 delTX to process.
2019-09-02 06:30:08,556 [grpc-default-executor-1] INFO  client.GrpcClientProtocolClient (GrpcClientProtocolClient.java:onNext(255)) - client-0D308AD40832->3258574c-39ac-4ed5-9145-ea59a337c299: receive RaftClientReply:client-0D308AD40832->3258574c-39ac-4ed5-9145-ea59a337c299@group-6C7D867BDA6A, cid=1283, SUCCESS, logIndex=1829, commits[3258574c-39ac-4ed5-9145-ea59a337c299:c1830]
2019-09-02 06:30:08,556 [grpc-default-executor-1] INFO  client.GrpcClientProtocolClient (GrpcClientProtocolClient.java:onNext(255)) - client-0D308AD40832->3258574c-39ac-4ed5-9145-ea59a337c299: receive RaftClientReply:client-0D308AD40832->3258574c-39ac-4ed5-9145-ea59a337c299@group-6C7D867BDA6A, cid=1284, SUCCESS, logIndex=1830, commits[3258574c-39ac-4ed5-9145-ea59a337c299:c1831]
2019-09-02 06:30:08,575 [grpc-default-executor-0] INFO  client.GrpcClientProtocolClient (GrpcClientProtocolClient.java:onNext(255)) - client-0D308AD40832->3258574c-39ac-4ed5-9145-ea59a337c299: receive RaftClientReply:client-0D308AD40832->3258574c-39ac-4ed5-9145-ea59a337c299@group-6C7D867BDA6A, cid=1285, SUCCESS, logIndex=1832, commits[3258574c-39ac-4ed5-9145-ea59a337c299:c1833]
2019-09-02 06:30:08,575 [grpc-default-executor-0] INFO  client.GrpcClientProtocolClient (GrpcClientProtocolClient.java:onNext(255)) - client-0D308AD40832->3258574c-39ac-4ed5-9145-ea59a337c299: receive RaftClientReply:client-0D308AD40832->3258574c-39ac-4ed5-9145-ea59a337c299@group-6C7D867BDA6A, cid=1286, SUCCESS, logIndex=1833, commits[3258574c-39ac-4ed5-9145-ea59a337c299:c1833]
2019-09-02 06:30:08,577 [grpc-default-executor-0] INFO  client.GrpcClientProtocolClient (GrpcClientProtocolClient.java:onNext(255)) - client-0D308AD40832->3258574c-39ac-4ed5-9145-ea59a337c299: receive RaftClientReply:client-0D308AD40832->3258574c-39ac-4ed5-9145-ea59a337c299@group-6C7D867BDA6A, cid=1287, SUCCESS, logIndex=1834, commits[3258574c-39ac-4ed5-9145-ea59a337c299:c1835]
2019-09-02 06:30:08,577 [grpc-default-executor-0] INFO  client.GrpcClientProtocolClient (GrpcClientProtocolClient.java:onNext(255)) - client-0D308AD40832->3258574c-39ac-4ed5-9145-ea59a337c299: receive RaftClientReply:client-0D308AD40832->3258574c-39ac-4ed5-9145-ea59a337c299@group-6C7D867BDA6A, cid=1288, SUCCESS, logIndex=1835, commits[3258574c-39ac-4ed5-9145-ea59a337c299:c1835]
2019-09-02 06:30:08,601 [grpc-default-executor-0] INFO  client.GrpcClientProtocolClient (GrpcClientProtocolClient.java:onNext(255)) - client-0D308AD40832->3258574c-39ac-4ed5-9145-ea59a337c299: receive RaftClientReply:client-0D308AD40832->3258574c-39ac-4ed5-9145-ea59a337c299@group-6C7D867BDA6A, cid=1289, SUCCESS, logIndex=1838, commits[3258574c-39ac-4ed5-9145-ea59a337c299:c1839]
2019-09-02 06:30:08,602 [grpc-default-executor-0] INFO  client.GrpcClientProtocolClient (GrpcClientProtocolClient.java:onNext(255)) - client-0D308AD40832->3258574c-39ac-4ed5-9145-ea59a337c299: receive RaftClientReply:client-0D308AD40832->3258574c-39ac-4ed5-9145-ea59a337c299@group-6C7D867BDA6A, cid=1290, SUCCESS, logIndex=1839, commits[3258574c-39ac-4ed5-9145-ea59a337c299:c1841]
2019-09-02 06:30:08,602 [grpc-default-executor-0] INFO  client.GrpcClientProtocolClient (GrpcClientProtocolClient.java:onNext(255)) - client-0D308AD40832->3258574c-39ac-4ed5-9145-ea59a337c299: receive RaftClientReply:client-0D308AD40832->3258574c-39ac-4ed5-9145-ea59a337c299@group-6C7D867BDA6A, cid=1291, SUCCESS, logIndex=1840, commits[3258574c-39ac-4ed5-9145-ea59a337c299:c1842]
2019-09-02 06:30:08,602 [grpc-default-executor-0] INFO  client.GrpcClientProtocolClient (GrpcClientProtocolClient.java:onNext(255)) - client-0D308AD40832->3258574c-39ac-4ed5-9145-ea59a337c299: receive RaftClientReply:client-0D308AD40832->3258574c-39ac-4ed5-9145-ea59a337c299@group-6C7D867BDA6A, cid=1292, SUCCESS, logIndex=1841, commits[3258574c-39ac-4ed5-9145-ea59a337c299:c1842]
2019-09-02 06:30:08,606 [SCMBlockDeletingService#1] DEBUG block.SCMBlockDeletingService (SCMBlockDeletingService.java:call(138)) - Running DeletedBlockTransactionScanner
2019-09-02 06:30:08,606 [SCMBlockDeletingService#1] DEBUG block.SCMBlockDeletingService (SCMBlockDeletingService.java:call(155)) - Scanned deleted blocks log and got 0 delTX to process.
2019-09-02 06:30:08,620 [grpc-default-executor-0] INFO  client.GrpcClientProtocolClient (GrpcClientProtocolClient.java:onNext(255)) - client-0D308AD40832->3258574c-39ac-4ed5-9145-ea59a337c299: receive RaftClientReply:client-0D308AD40832->3258574c-39ac-4ed5-9145-ea59a337c299@group-6C7D867BDA6A, cid=1293, SUCCESS, logIndex=1844, commits[3258574c-39ac-4ed5-9145-ea59a337c299:c1845]
2019-09-02 06:30:08,621 [grpc-default-executor-0] INFO  client.GrpcClientProtocolClient (GrpcClientProtocolClient.java:onNext(255)) - client-0D308AD40832->3258574c-39ac-4ed5-9145-ea59a337c299: receive RaftClientReply:client-0D308AD40832->3258574c-39ac-4ed5-9145-ea59a337c299@group-6C7D867BDA6A, cid=1294, SUCCESS, logIndex=1845, commits[3258574c-39ac-4ed5-9145-ea59a337c299:c1845]
2019-09-02 06:30:08,621 [grpc-default-executor-0] INFO  client.GrpcClientProtocolClient (GrpcClientProtocolClient.java:onNext(255)) - client-0D308AD40832->3258574c-39ac-4ed5-9145-ea59a337c299: receive RaftClientReply:client-0D308AD40832->3258574c-39ac-4ed5-9145-ea59a337c299@group-6C7D867BDA6A, cid=1295, SUCCESS, logIndex=1846, commits[3258574c-39ac-4ed5-9145-ea59a337c299:c1847]
2019-09-02 06:30:08,621 [grpc-default-executor-0] INFO  client.GrpcClientProtocolClient (GrpcClientProtocolClient.java:onNext(255)) - client-0D308AD40832->3258574c-39ac-4ed5-9145-ea59a337c299: receive RaftClientReply:client-0D308AD40832->3258574c-39ac-4ed5-9145-ea59a337c299@group-6C7D867BDA6A, cid=1296, SUCCESS, logIndex=1847, commits[3258574c-39ac-4ed5-9145-ea59a337c299:c1848]
2019-09-02 06:30:08,645 [grpc-default-executor-1] INFO  client.GrpcClientProtocolClient (GrpcClientProtocolClient.java:onNext(255)) - client-0D308AD40832->3258574c-39ac-4ed5-9145-ea59a337c299: receive RaftClientReply:client-0D308AD40832->3258574c-39ac-4ed5-9145-ea59a337c299@group-6C7D867BDA6A, cid=1297, SUCCESS, logIndex=1850, commits[3258574c-39ac-4ed5-9145-ea59a337c299:c1851]
2019-09-02 06:30:08,645 [grpc-default-executor-1] INFO  client.GrpcClientProtocolClient (GrpcClientProtocolClient.java:onNext(255)) - client-0D308AD40832->3258574c-39ac-4ed5-9145-ea59a337c299: receive RaftClientReply:client-0D308AD40832->3258574c-39ac-4ed5-9145-ea59a337c299@group-6C7D867BDA6A, cid=1298, SUCCESS, logIndex=1851, commits[3258574c-39ac-4ed5-9145-ea59a337c299:c1853]
2019-09-02 06:30:08,646 [grpc-default-executor-1] INFO  client.GrpcClientProtocolClient (GrpcClientProtocolClient.java:onNext(255)) - client-0D308AD40832->3258574c-39ac-4ed5-9145-ea59a337c299: receive RaftClientReply:client-0D308AD40832->3258574c-39ac-4ed5-9145-ea59a337c299@group-6C7D867BDA6A, cid=1299, SUCCESS, logIndex=1852, commits[3258574c-39ac-4ed5-9145-ea59a337c299:c1854]
2019-09-02 06:30:08,646 [grpc-default-executor-1] INFO  client.GrpcClientProtocolClient (GrpcClientProtocolClient.java:onNext(255)) - client-0D308AD40832->3258574c-39ac-4ed5-9145-ea59a337c299: receive RaftClientReply:client-0D308AD40832->3258574c-39ac-4ed5-9145-ea59a337c299@group-6C7D867BDA6A, cid=1300, SUCCESS, logIndex=1853, commits[3258574c-39ac-4ed5-9145-ea59a337c299:c1854]
2019-09-02 06:30:08,665 [grpc-default-executor-0] INFO  client.GrpcClientProtocolClient (GrpcClientProtocolClient.java:onNext(255)) - client-0D308AD40832->3258574c-39ac-4ed5-9145-ea59a337c299: receive RaftClientReply:client-0D308AD40832->3258574c-39ac-4ed5-9145-ea59a337c299@group-6C7D867BDA6A, cid=1301, SUCCESS, logIndex=1856, commits[3258574c-39ac-4ed5-9145-ea59a337c299:c1857]
2019-09-02 06:30:08,665 [grpc-default-executor-0] INFO  client.GrpcClientProtocolClient (GrpcClientProtocolClient.java:onNext(255)) - client-0D308AD40832->3258574c-39ac-4ed5-9145-ea59a337c299: receive RaftClientReply:client-0D308AD40832->3258574c-39ac-4ed5-9145-ea59a337c299@group-6C7D867BDA6A, cid=1302, SUCCESS, logIndex=1857, commits[3258574c-39ac-4ed5-9145-ea59a337c299:c1859]
2019-09-02 06:30:08,665 [grpc-default-executor-0] INFO  client.GrpcClientProtocolClient (GrpcClientProtocolClient.java:onNext(255)) - client-0D308AD40832->3258574c-39ac-4ed5-9145-ea59a337c299: receive RaftClientReply:client-0D308AD40832->3258574c-39ac-4ed5-9145-ea59a337c299@group-6C7D867BDA6A, cid=1303, SUCCESS, logIndex=1858, commits[3258574c-39ac-4ed5-9145-ea59a337c299:c1860]
2019-09-02 06:30:08,666 [grpc-default-executor-0] INFO  client.GrpcClientProtocolClient (GrpcClientProtocolClient.java:onNext(255)) - client-0D308AD40832->3258574c-39ac-4ed5-9145-ea59a337c299: receive RaftClientReply:client-0D308AD40832->3258574c-39ac-4ed5-9145-ea59a337c299@group-6C7D867BDA6A, cid=1304, SUCCESS, logIndex=1859, commits[3258574c-39ac-4ed5-9145-ea59a337c299:c1860]
2019-09-02 06:30:08,691 [grpc-default-executor-1] INFO  client.GrpcClientProtocolClient (GrpcClientProtocolClient.java:onNext(255)) - client-0D308AD40832->3258574c-39ac-4ed5-9145-ea59a337c299: receive RaftClientReply:client-0D308AD40832->3258574c-39ac-4ed5-9145-ea59a337c299@group-6C7D867BDA6A, cid=1305, SUCCESS, logIndex=1862, commits[3258574c-39ac-4ed5-9145-ea59a337c299:c1863]
2019-09-02 06:30:08,692 [grpc-default-executor-1] INFO  client.GrpcClientProtocolClient (GrpcClientProtocolClient.java:onNext(255)) - client-0D308AD40832->3258574c-39ac-4ed5-9145-ea59a337c299: receive RaftClientReply:client-0D308AD40832->3258574c-39ac-4ed5-9145-ea59a337c299@group-6C7D867BDA6A, cid=1306, SUCCESS, logIndex=1863, commits[3258574c-39ac-4ed5-9145-ea59a337c299:c1865]
2019-09-02 06:30:08,692 [grpc-default-executor-1] INFO  client.GrpcClientProtocolClient (GrpcClientProtocolClient.java:onNext(255)) - client-0D308AD40832->3258574c-39ac-4ed5-9145-ea59a337c299: receive RaftClientReply:client-0D308AD40832->3258574c-39ac-4ed5-9145-ea59a337c299@group-6C7D867BDA6A, cid=1307, SUCCESS, logIndex=1864, commits[3258574c-39ac-4ed5-9145-ea59a337c299:c1865]
2019-09-02 06:30:08,692 [grpc-default-executor-1] INFO  client.GrpcClientProtocolClient (GrpcClientProtocolClient.java:onNext(255)) - client-0D308AD40832->3258574c-39ac-4ed5-9145-ea59a337c299: receive RaftClientReply:client-0D308AD40832->3258574c-39ac-4ed5-9145-ea59a337c299@group-6C7D867BDA6A, cid=1308, SUCCESS, logIndex=1865, commits[3258574c-39ac-4ed5-9145-ea59a337c299:c1866]
2019-09-02 06:30:08,707 [SCMBlockDeletingService#1] DEBUG block.SCMBlockDeletingService (SCMBlockDeletingService.java:call(138)) - Running DeletedBlockTransactionScanner
2019-09-02 06:30:08,707 [SCMBlockDeletingService#1] DEBUG block.SCMBlockDeletingService (SCMBlockDeletingService.java:call(155)) - Scanned deleted blocks log and got 0 delTX to process.
2019-09-02 06:30:08,711 [grpc-default-executor-1] INFO  client.GrpcClientProtocolClient (GrpcClientProtocolClient.java:onNext(255)) - client-0D308AD40832->3258574c-39ac-4ed5-9145-ea59a337c299: receive RaftClientReply:client-0D308AD40832->3258574c-39ac-4ed5-9145-ea59a337c299@group-6C7D867BDA6A, cid=1309, SUCCESS, logIndex=1868, commits[3258574c-39ac-4ed5-9145-ea59a337c299:c1869]
2019-09-02 06:30:08,711 [grpc-default-executor-1] INFO  client.GrpcClientProtocolClient (GrpcClientProtocolClient.java:onNext(255)) - client-0D308AD40832->3258574c-39ac-4ed5-9145-ea59a337c299: receive RaftClientReply:client-0D308AD40832->3258574c-39ac-4ed5-9145-ea59a337c299@group-6C7D867BDA6A, cid=1310, SUCCESS, logIndex=1869, commits[3258574c-39ac-4ed5-9145-ea59a337c299:c1871]
2019-09-02 06:30:08,711 [grpc-default-executor-1] INFO  client.GrpcClientProtocolClient (GrpcClientProtocolClient.java:onNext(255)) - client-0D308AD40832->3258574c-39ac-4ed5-9145-ea59a337c299: receive RaftClientReply:client-0D308AD40832->3258574c-39ac-4ed5-9145-ea59a337c299@group-6C7D867BDA6A, cid=1311, SUCCESS, logIndex=1870, commits[3258574c-39ac-4ed5-9145-ea59a337c299:c1871]
2019-09-02 06:30:08,711 [grpc-default-executor-1] INFO  client.GrpcClientProtocolClient (GrpcClientProtocolClient.java:onNext(255)) - client-0D308AD40832->3258574c-39ac-4ed5-9145-ea59a337c299: receive RaftClientReply:client-0D308AD40832->3258574c-39ac-4ed5-9145-ea59a337c299@group-6C7D867BDA6A, cid=1312, SUCCESS, logIndex=1871, commits[3258574c-39ac-4ed5-9145-ea59a337c299:c1872]
2019-09-02 06:30:08,734 [grpc-default-executor-1] INFO  client.GrpcClientProtocolClient (GrpcClientProtocolClient.java:onNext(255)) - client-0D308AD40832->3258574c-39ac-4ed5-9145-ea59a337c299: receive RaftClientReply:client-0D308AD40832->3258574c-39ac-4ed5-9145-ea59a337c299@group-6C7D867BDA6A, cid=1313, SUCCESS, logIndex=1874, commits[3258574c-39ac-4ed5-9145-ea59a337c299:c1875]
2019-09-02 06:30:08,735 [grpc-default-executor-1] INFO  client.GrpcClientProtocolClient (GrpcClientProtocolClient.java:onNext(255)) - client-0D308AD40832->3258574c-39ac-4ed5-9145-ea59a337c299: receive RaftClientReply:client-0D308AD40832->3258574c-39ac-4ed5-9145-ea59a337c299@group-6C7D867BDA6A, cid=1314, SUCCESS, logIndex=1875, commits[3258574c-39ac-4ed5-9145-ea59a337c299:c1875]
2019-09-02 06:30:08,735 [grpc-default-executor-1] INFO  client.GrpcClientProtocolClient (GrpcClientProtocolClient.java:onNext(255)) - client-0D308AD40832->3258574c-39ac-4ed5-9145-ea59a337c299: receive RaftClientReply:client-0D308AD40832->3258574c-39ac-4ed5-9145-ea59a337c299@group-6C7D867BDA6A, cid=1315, SUCCESS, logIndex=1876, commits[3258574c-39ac-4ed5-9145-ea59a337c299:c1877]
2019-09-02 06:30:08,735 [grpc-default-executor-1] INFO  client.GrpcClientProtocolClient (GrpcClientProtocolClient.java:onNext(255)) - client-0D308AD40832->3258574c-39ac-4ed5-9145-ea59a337c299: receive RaftClientReply:client-0D308AD40832->3258574c-39ac-4ed5-9145-ea59a337c299@group-6C7D867BDA6A, cid=1316, SUCCESS, logIndex=1877, commits[3258574c-39ac-4ed5-9145-ea59a337c299:c1878]
2019-09-02 06:30:08,754 [grpc-default-executor-1] INFO  client.GrpcClientProtocolClient (GrpcClientProtocolClient.java:onNext(255)) - client-0D308AD40832->3258574c-39ac-4ed5-9145-ea59a337c299: receive RaftClientReply:client-0D308AD40832->3258574c-39ac-4ed5-9145-ea59a337c299@group-6C7D867BDA6A, cid=1317, SUCCESS, logIndex=1880, commits[3258574c-39ac-4ed5-9145-ea59a337c299:c1881]
2019-09-02 06:30:08,755 [grpc-default-executor-1] INFO  client.GrpcClientProtocolClient (GrpcClientProtocolClient.java:onNext(255)) - client-0D308AD40832->3258574c-39ac-4ed5-9145-ea59a337c299: receive RaftClientReply:client-0D308AD40832->3258574c-39ac-4ed5-9145-ea59a337c299@group-6C7D867BDA6A, cid=1318, SUCCESS, logIndex=1881, commits[3258574c-39ac-4ed5-9145-ea59a337c299:c1883]
2019-09-02 06:30:08,755 [grpc-default-executor-1] INFO  client.GrpcClientProtocolClient (GrpcClientProtocolClient.java:onNext(255)) - client-0D308AD40832->3258574c-39ac-4ed5-9145-ea59a337c299: receive RaftClientReply:client-0D308AD40832->3258574c-39ac-4ed5-9145-ea59a337c299@group-6C7D867BDA6A, cid=1319, SUCCESS, logIndex=1882, commits[3258574c-39ac-4ed5-9145-ea59a337c299:c1884]
2019-09-02 06:30:08,755 [grpc-default-executor-1] INFO  client.GrpcClientProtocolClient (GrpcClientProtocolClient.java:onNext(255)) - client-0D308AD40832->3258574c-39ac-4ed5-9145-ea59a337c299: receive RaftClientReply:client-0D308AD40832->3258574c-39ac-4ed5-9145-ea59a337c299@group-6C7D867BDA6A, cid=1320, SUCCESS, logIndex=1883, commits[3258574c-39ac-4ed5-9145-ea59a337c299:c1885]
2019-09-02 06:30:08,780 [grpc-default-executor-0] INFO  client.GrpcClientProtocolClient (GrpcClientProtocolClient.java:onNext(255)) - client-0D308AD40832->3258574c-39ac-4ed5-9145-ea59a337c299: receive RaftClientReply:client-0D308AD40832->3258574c-39ac-4ed5-9145-ea59a337c299@group-6C7D867BDA6A, cid=1321, SUCCESS, logIndex=1886, commits[3258574c-39ac-4ed5-9145-ea59a337c299:c1889]
2019-09-02 06:30:08,781 [grpc-default-executor-0] INFO  client.GrpcClientProtocolClient (GrpcClientProtocolClient.java:onNext(255)) - client-0D308AD40832->3258574c-39ac-4ed5-9145-ea59a337c299: receive RaftClientReply:client-0D308AD40832->3258574c-39ac-4ed5-9145-ea59a337c299@group-6C7D867BDA6A, cid=1322, SUCCESS, logIndex=1887, commits[3258574c-39ac-4ed5-9145-ea59a337c299:c1889]
2019-09-02 06:30:08,781 [grpc-default-executor-0] INFO  client.GrpcClientProtocolClient (GrpcClientProtocolClient.java:onNext(255)) - client-0D308AD40832->3258574c-39ac-4ed5-9145-ea59a337c299: receive RaftClientReply:client-0D308AD40832->3258574c-39ac-4ed5-9145-ea59a337c299@group-6C7D867BDA6A, cid=1323, SUCCESS, logIndex=1888, commits[3258574c-39ac-4ed5-9145-ea59a337c299:c1890]
2019-09-02 06:30:08,781 [grpc-default-executor-0] INFO  client.GrpcClientProtocolClient (GrpcClientProtocolClient.java:onNext(255)) - client-0D308AD40832->3258574c-39ac-4ed5-9145-ea59a337c299: receive RaftClientReply:client-0D308AD40832->3258574c-39ac-4ed5-9145-ea59a337c299@group-6C7D867BDA6A, cid=1324, SUCCESS, logIndex=1889, commits[3258574c-39ac-4ed5-9145-ea59a337c299:c1890]
2019-09-02 06:30:08,791 [grpc-default-executor-1] INFO  client.GrpcClientProtocolClient (GrpcClientProtocolClient.java:onNext(255)) - client-0D308AD40832->3258574c-39ac-4ed5-9145-ea59a337c299: receive RaftClientReply:client-0D308AD40832->3258574c-39ac-4ed5-9145-ea59a337c299@group-6C7D867BDA6A, cid=1325, SUCCESS, logIndex=1892, commits[3258574c-39ac-4ed5-9145-ea59a337c299:c1893]
2019-09-02 06:30:08,791 [grpc-default-executor-1] INFO  client.GrpcClientProtocolClient (GrpcClientProtocolClient.java:onNext(255)) - client-0D308AD40832->3258574c-39ac-4ed5-9145-ea59a337c299: receive RaftClientReply:client-0D308AD40832->3258574c-39ac-4ed5-9145-ea59a337c299@group-6C7D867BDA6A, cid=1326, SUCCESS, logIndex=1893, commits[3258574c-39ac-4ed5-9145-ea59a337c299:c1894]
2019-09-02 06:30:08,807 [SCMBlockDeletingService#1] DEBUG block.SCMBlockDeletingService (SCMBlockDeletingService.java:call(138)) - Running DeletedBlockTransactionScanner
2019-09-02 06:30:08,808 [SCMBlockDeletingService#1] DEBUG block.SCMBlockDeletingService (SCMBlockDeletingService.java:call(155)) - Scanned deleted blocks log and got 0 delTX to process.
2019-09-02 06:30:08,902 [grpc-default-executor-0] INFO  client.GrpcClientProtocolClient (GrpcClientProtocolClient.java:onNext(255)) - client-0D308AD40832->3258574c-39ac-4ed5-9145-ea59a337c299: receive RaftClientReply:client-0D308AD40832->3258574c-39ac-4ed5-9145-ea59a337c299@group-6C7D867BDA6A, cid=1327, SUCCESS, logIndex=1895, commits[3258574c-39ac-4ed5-9145-ea59a337c299:c1896]
2019-09-02 06:30:08,903 [grpc-default-executor-0] INFO  client.GrpcClientProtocolClient (GrpcClientProtocolClient.java:onNext(255)) - client-0D308AD40832->3258574c-39ac-4ed5-9145-ea59a337c299: receive RaftClientReply:client-0D308AD40832->3258574c-39ac-4ed5-9145-ea59a337c299@group-6C7D867BDA6A, cid=1328, SUCCESS, logIndex=1896, commits[3258574c-39ac-4ed5-9145-ea59a337c299:c1897]
2019-09-02 06:30:08,908 [SCMBlockDeletingService#1] DEBUG block.SCMBlockDeletingService (SCMBlockDeletingService.java:call(138)) - Running DeletedBlockTransactionScanner
2019-09-02 06:30:08,908 [SCMBlockDeletingService#1] DEBUG block.SCMBlockDeletingService (SCMBlockDeletingService.java:call(155)) - Scanned deleted blocks log and got 0 delTX to process.
2019-09-02 06:30:08,928 [grpc-default-executor-0] INFO  client.GrpcClientProtocolClient (GrpcClientProtocolClient.java:onNext(255)) - client-0D308AD40832->3258574c-39ac-4ed5-9145-ea59a337c299: receive RaftClientReply:client-0D308AD40832->3258574c-39ac-4ed5-9145-ea59a337c299@group-6C7D867BDA6A, cid=1329, SUCCESS, logIndex=1898, commits[3258574c-39ac-4ed5-9145-ea59a337c299:c1901]
2019-09-02 06:30:08,929 [grpc-default-executor-0] INFO  client.GrpcClientProtocolClient (GrpcClientProtocolClient.java:onNext(255)) - client-0D308AD40832->3258574c-39ac-4ed5-9145-ea59a337c299: receive RaftClientReply:client-0D308AD40832->3258574c-39ac-4ed5-9145-ea59a337c299@group-6C7D867BDA6A, cid=1330, SUCCESS, logIndex=1899, commits[3258574c-39ac-4ed5-9145-ea59a337c299:c1902]
2019-09-02 06:30:08,930 [grpc-default-executor-0] INFO  client.GrpcClientProtocolClient (GrpcClientProtocolClient.java:onNext(255)) - client-0D308AD40832->3258574c-39ac-4ed5-9145-ea59a337c299: receive RaftClientReply:client-0D308AD40832->3258574c-39ac-4ed5-9145-ea59a337c299@group-6C7D867BDA6A, cid=1331, SUCCESS, logIndex=1900, commits[3258574c-39ac-4ed5-9145-ea59a337c299:c1902]
2019-09-02 06:30:08,930 [grpc-default-executor-0] INFO  client.GrpcClientProtocolClient (GrpcClientProtocolClient.java:onNext(255)) - client-0D308AD40832->3258574c-39ac-4ed5-9145-ea59a337c299: receive RaftClientReply:client-0D308AD40832->3258574c-39ac-4ed5-9145-ea59a337c299@group-6C7D867BDA6A, cid=1332, SUCCESS, logIndex=1901, commits[3258574c-39ac-4ed5-9145-ea59a337c299:c1902]
2019-09-02 06:30:08,948 [grpc-default-executor-0] INFO  client.GrpcClientProtocolClient (GrpcClientProtocolClient.java:onNext(255)) - client-0D308AD40832->3258574c-39ac-4ed5-9145-ea59a337c299: receive RaftClientReply:client-0D308AD40832->3258574c-39ac-4ed5-9145-ea59a337c299@group-6C7D867BDA6A, cid=1333, SUCCESS, logIndex=1903, commits[3258574c-39ac-4ed5-9145-ea59a337c299:c1904]
2019-09-02 06:30:08,949 [grpc-default-executor-0] INFO  client.GrpcClientProtocolClient (GrpcClientProtocolClient.java:onNext(255)) - client-0D308AD40832->3258574c-39ac-4ed5-9145-ea59a337c299: receive RaftClientReply:client-0D308AD40832->3258574c-39ac-4ed5-9145-ea59a337c299@group-6C7D867BDA6A, cid=1334, SUCCESS, logIndex=1904, commits[3258574c-39ac-4ed5-9145-ea59a337c299:c1906]
2019-09-02 06:30:08,949 [grpc-default-executor-0] INFO  client.GrpcClientProtocolClient (GrpcClientProtocolClient.java:onNext(255)) - client-0D308AD40832->3258574c-39ac-4ed5-9145-ea59a337c299: receive RaftClientReply:client-0D308AD40832->3258574c-39ac-4ed5-9145-ea59a337c299@group-6C7D867BDA6A, cid=1335, SUCCESS, logIndex=1905, commits[3258574c-39ac-4ed5-9145-ea59a337c299:c1906]
2019-09-02 06:30:08,949 [grpc-default-executor-1] INFO  client.GrpcClientProtocolClient (GrpcClientProtocolClient.java:onNext(255)) - client-0D308AD40832->3258574c-39ac-4ed5-9145-ea59a337c299: receive RaftClientReply:client-0D308AD40832->3258574c-39ac-4ed5-9145-ea59a337c299@group-6C7D867BDA6A, cid=1336, SUCCESS, logIndex=1906, commits[3258574c-39ac-4ed5-9145-ea59a337c299:c1907]
2019-09-02 06:30:08,977 [grpc-default-executor-0] INFO  client.GrpcClientProtocolClient (GrpcClientProtocolClient.java:onNext(255)) - client-0D308AD40832->3258574c-39ac-4ed5-9145-ea59a337c299: receive RaftClientReply:client-0D308AD40832->3258574c-39ac-4ed5-9145-ea59a337c299@group-6C7D867BDA6A, cid=1337, SUCCESS, logIndex=1909, commits[3258574c-39ac-4ed5-9145-ea59a337c299:c1912]
2019-09-02 06:30:08,978 [grpc-default-executor-0] INFO  client.GrpcClientProtocolClient (GrpcClientProtocolClient.java:onNext(255)) - client-0D308AD40832->3258574c-39ac-4ed5-9145-ea59a337c299: receive RaftClientReply:client-0D308AD40832->3258574c-39ac-4ed5-9145-ea59a337c299@group-6C7D867BDA6A, cid=1338, SUCCESS, logIndex=1910, commits[3258574c-39ac-4ed5-9145-ea59a337c299:c1912]
2019-09-02 06:30:08,978 [grpc-default-executor-0] INFO  client.GrpcClientProtocolClient (GrpcClientProtocolClient.java:onNext(255)) - client-0D308AD40832->3258574c-39ac-4ed5-9145-ea59a337c299: receive RaftClientReply:client-0D308AD40832->3258574c-39ac-4ed5-9145-ea59a337c299@group-6C7D867BDA6A, cid=1339, SUCCESS, logIndex=1911, commits[3258574c-39ac-4ed5-9145-ea59a337c299:c1913]
2019-09-02 06:30:08,978 [grpc-default-executor-0] INFO  client.GrpcClientProtocolClient (GrpcClientProtocolClient.java:onNext(255)) - client-0D308AD40832->3258574c-39ac-4ed5-9145-ea59a337c299: receive RaftClientReply:client-0D308AD40832->3258574c-39ac-4ed5-9145-ea59a337c299@group-6C7D867BDA6A, cid=1340, SUCCESS, logIndex=1912, commits[3258574c-39ac-4ed5-9145-ea59a337c299:c1913]
2019-09-02 06:30:09,059 [SCMBlockDeletingService#1] DEBUG block.SCMBlockDeletingService (SCMBlockDeletingService.java:call(138)) - Running DeletedBlockTransactionScanner
2019-09-02 06:30:09,060 [SCMBlockDeletingService#1] DEBUG block.SCMBlockDeletingService (SCMBlockDeletingService.java:call(155)) - Scanned deleted blocks log and got 0 delTX to process.
2019-09-02 06:30:09,075 [grpc-default-executor-1] INFO  client.GrpcClientProtocolClient (GrpcClientProtocolClient.java:onNext(255)) - client-0D308AD40832->3258574c-39ac-4ed5-9145-ea59a337c299: receive RaftClientReply:client-0D308AD40832->3258574c-39ac-4ed5-9145-ea59a337c299@group-6C7D867BDA6A, cid=1341, SUCCESS, logIndex=1915, commits[3258574c-39ac-4ed5-9145-ea59a337c299:c1916]
2019-09-02 06:30:09,076 [grpc-default-executor-1] INFO  client.GrpcClientProtocolClient (GrpcClientProtocolClient.java:onNext(255)) - client-0D308AD40832->3258574c-39ac-4ed5-9145-ea59a337c299: receive RaftClientReply:client-0D308AD40832->3258574c-39ac-4ed5-9145-ea59a337c299@group-6C7D867BDA6A, cid=1342, SUCCESS, logIndex=1916, commits[3258574c-39ac-4ed5-9145-ea59a337c299:c1916]
2019-09-02 06:30:09,077 [grpc-default-executor-1] INFO  client.GrpcClientProtocolClient (GrpcClientProtocolClient.java:onNext(255)) - client-0D308AD40832->3258574c-39ac-4ed5-9145-ea59a337c299: receive RaftClientReply:client-0D308AD40832->3258574c-39ac-4ed5-9145-ea59a337c299@group-6C7D867BDA6A, cid=1343, SUCCESS, logIndex=1917, commits[3258574c-39ac-4ed5-9145-ea59a337c299:c1919]
2019-09-02 06:30:09,077 [grpc-default-executor-1] INFO  client.GrpcClientProtocolClient (GrpcClientProtocolClient.java:onNext(255)) - client-0D308AD40832->3258574c-39ac-4ed5-9145-ea59a337c299: receive RaftClientReply:client-0D308AD40832->3258574c-39ac-4ed5-9145-ea59a337c299@group-6C7D867BDA6A, cid=1344, SUCCESS, logIndex=1918, commits[3258574c-39ac-4ed5-9145-ea59a337c299:c1919]
2019-09-02 06:30:09,105 [grpc-default-executor-0] INFO  client.GrpcClientProtocolClient (GrpcClientProtocolClient.java:onNext(255)) - client-0D308AD40832->3258574c-39ac-4ed5-9145-ea59a337c299: receive RaftClientReply:client-0D308AD40832->3258574c-39ac-4ed5-9145-ea59a337c299@group-6C7D867BDA6A, cid=1345, SUCCESS, logIndex=1920, commits[3258574c-39ac-4ed5-9145-ea59a337c299:c1921]
2019-09-02 06:30:09,105 [grpc-default-executor-0] INFO  client.GrpcClientProtocolClient (GrpcClientProtocolClient.java:onNext(255)) - client-0D308AD40832->3258574c-39ac-4ed5-9145-ea59a337c299: receive RaftClientReply:client-0D308AD40832->3258574c-39ac-4ed5-9145-ea59a337c299@group-6C7D867BDA6A, cid=1346, SUCCESS, logIndex=1921, commits[3258574c-39ac-4ed5-9145-ea59a337c299:c1923]
2019-09-02 06:30:09,106 [grpc-default-executor-0] INFO  client.GrpcClientProtocolClient (GrpcClientProtocolClient.java:onNext(255)) - client-0D308AD40832->3258574c-39ac-4ed5-9145-ea59a337c299: receive RaftClientReply:client-0D308AD40832->3258574c-39ac-4ed5-9145-ea59a337c299@group-6C7D867BDA6A, cid=1347, SUCCESS, logIndex=1922, commits[3258574c-39ac-4ed5-9145-ea59a337c299:c1923]
2019-09-02 06:30:09,106 [grpc-default-executor-0] INFO  client.GrpcClientProtocolClient (GrpcClientProtocolClient.java:onNext(255)) - client-0D308AD40832->3258574c-39ac-4ed5-9145-ea59a337c299: receive RaftClientReply:client-0D308AD40832->3258574c-39ac-4ed5-9145-ea59a337c299@group-6C7D867BDA6A, cid=1348, SUCCESS, logIndex=1923, commits[3258574c-39ac-4ed5-9145-ea59a337c299:c1924]
2019-09-02 06:30:09,125 [grpc-default-executor-0] INFO  client.GrpcClientProtocolClient (GrpcClientProtocolClient.java:onNext(255)) - client-0D308AD40832->3258574c-39ac-4ed5-9145-ea59a337c299: receive RaftClientReply:client-0D308AD40832->3258574c-39ac-4ed5-9145-ea59a337c299@group-6C7D867BDA6A, cid=1349, SUCCESS, logIndex=1926, commits[3258574c-39ac-4ed5-9145-ea59a337c299:c1927]
2019-09-02 06:30:09,125 [grpc-default-executor-0] INFO  client.GrpcClientProtocolClient (GrpcClientProtocolClient.java:onNext(255)) - client-0D308AD40832->3258574c-39ac-4ed5-9145-ea59a337c299: receive RaftClientReply:client-0D308AD40832->3258574c-39ac-4ed5-9145-ea59a337c299@group-6C7D867BDA6A, cid=1350, SUCCESS, logIndex=1927, commits[3258574c-39ac-4ed5-9145-ea59a337c299:c1929]
2019-09-02 06:30:09,126 [grpc-default-executor-0] INFO  client.GrpcClientProtocolClient (GrpcClientProtocolClient.java:onNext(255)) - client-0D308AD40832->3258574c-39ac-4ed5-9145-ea59a337c299: receive RaftClientReply:client-0D308AD40832->3258574c-39ac-4ed5-9145-ea59a337c299@group-6C7D867BDA6A, cid=1351, SUCCESS, logIndex=1928, commits[3258574c-39ac-4ed5-9145-ea59a337c299:c1929]
2019-09-02 06:30:09,126 [grpc-default-executor-0] INFO  client.GrpcClientProtocolClient (GrpcClientProtocolClient.java:onNext(255)) - client-0D308AD40832->3258574c-39ac-4ed5-9145-ea59a337c299: receive RaftClientReply:client-0D308AD40832->3258574c-39ac-4ed5-9145-ea59a337c299@group-6C7D867BDA6A, cid=1352, SUCCESS, logIndex=1929, commits[3258574c-39ac-4ed5-9145-ea59a337c299:c1930]
2019-09-02 06:30:09,158 [grpc-default-executor-0] INFO  client.GrpcClientProtocolClient (GrpcClientProtocolClient.java:onNext(255)) - client-0D308AD40832->3258574c-39ac-4ed5-9145-ea59a337c299: receive RaftClientReply:client-0D308AD40832->3258574c-39ac-4ed5-9145-ea59a337c299@group-6C7D867BDA6A, cid=1353, SUCCESS, logIndex=1932, commits[3258574c-39ac-4ed5-9145-ea59a337c299:c1933]
2019-09-02 06:30:09,159 [grpc-default-executor-0] INFO  client.GrpcClientProtocolClient (GrpcClientProtocolClient.java:onNext(255)) - client-0D308AD40832->3258574c-39ac-4ed5-9145-ea59a337c299: receive RaftClientReply:client-0D308AD40832->3258574c-39ac-4ed5-9145-ea59a337c299@group-6C7D867BDA6A, cid=1354, SUCCESS, logIndex=1933, commits[3258574c-39ac-4ed5-9145-ea59a337c299:c1935]
2019-09-02 06:30:09,159 [grpc-default-executor-0] INFO  client.GrpcClientProtocolClient (GrpcClientProtocolClient.java:onNext(255)) - client-0D308AD40832->3258574c-39ac-4ed5-9145-ea59a337c299: receive RaftClientReply:client-0D308AD40832->3258574c-39ac-4ed5-9145-ea59a337c299@group-6C7D867BDA6A, cid=1355, SUCCESS, logIndex=1934, commits[3258574c-39ac-4ed5-9145-ea59a337c299:c1935]
2019-09-02 06:30:09,159 [grpc-default-executor-0] INFO  client.GrpcClientProtocolClient (GrpcClientProtocolClient.java:onNext(255)) - client-0D308AD40832->3258574c-39ac-4ed5-9145-ea59a337c299: receive RaftClientReply:client-0D308AD40832->3258574c-39ac-4ed5-9145-ea59a337c299@group-6C7D867BDA6A, cid=1356, SUCCESS, logIndex=1935, commits[3258574c-39ac-4ed5-9145-ea59a337c299:c1936]
2019-09-02 06:30:09,160 [SCMBlockDeletingService#1] DEBUG block.SCMBlockDeletingService (SCMBlockDeletingService.java:call(138)) - Running DeletedBlockTransactionScanner
2019-09-02 06:30:09,160 [SCMBlockDeletingService#1] DEBUG block.SCMBlockDeletingService (SCMBlockDeletingService.java:call(155)) - Scanned deleted blocks log and got 0 delTX to process.
2019-09-02 06:30:09,183 [grpc-default-executor-1] INFO  client.GrpcClientProtocolClient (GrpcClientProtocolClient.java:onNext(255)) - client-0D308AD40832->3258574c-39ac-4ed5-9145-ea59a337c299: receive RaftClientReply:client-0D308AD40832->3258574c-39ac-4ed5-9145-ea59a337c299@group-6C7D867BDA6A, cid=1357, SUCCESS, logIndex=1938, commits[3258574c-39ac-4ed5-9145-ea59a337c299:c1939]
2019-09-02 06:30:09,183 [grpc-default-executor-1] INFO  client.GrpcClientProtocolClient (GrpcClientProtocolClient.java:onNext(255)) - client-0D308AD40832->3258574c-39ac-4ed5-9145-ea59a337c299: receive RaftClientReply:client-0D308AD40832->3258574c-39ac-4ed5-9145-ea59a337c299@group-6C7D867BDA6A, cid=1358, SUCCESS, logIndex=1939, commits[3258574c-39ac-4ed5-9145-ea59a337c299:c1941]
2019-09-02 06:30:09,183 [grpc-default-executor-1] INFO  client.GrpcClientProtocolClient (GrpcClientProtocolClient.java:onNext(255)) - client-0D308AD40832->3258574c-39ac-4ed5-9145-ea59a337c299: receive RaftClientReply:client-0D308AD40832->3258574c-39ac-4ed5-9145-ea59a337c299@group-6C7D867BDA6A, cid=1359, SUCCESS, logIndex=1940, commits[3258574c-39ac-4ed5-9145-ea59a337c299:c1941]
2019-09-02 06:30:09,184 [grpc-default-executor-1] INFO  client.GrpcClientProtocolClient (GrpcClientProtocolClient.java:onNext(255)) - client-0D308AD40832->3258574c-39ac-4ed5-9145-ea59a337c299: receive RaftClientReply:client-0D308AD40832->3258574c-39ac-4ed5-9145-ea59a337c299@group-6C7D867BDA6A, cid=1360, SUCCESS, logIndex=1941, commits[3258574c-39ac-4ed5-9145-ea59a337c299:c1941]
2019-09-02 06:30:09,211 [grpc-default-executor-1] INFO  client.GrpcClientProtocolClient (GrpcClientProtocolClient.java:onNext(255)) - client-0D308AD40832->3258574c-39ac-4ed5-9145-ea59a337c299: receive RaftClientReply:client-0D308AD40832->3258574c-39ac-4ed5-9145-ea59a337c299@group-6C7D867BDA6A, cid=1361, SUCCESS, logIndex=1944, commits[3258574c-39ac-4ed5-9145-ea59a337c299:c1947]
2019-09-02 06:30:09,212 [grpc-default-executor-1] INFO  client.GrpcClientProtocolClient (GrpcClientProtocolClient.java:onNext(255)) - client-0D308AD40832->3258574c-39ac-4ed5-9145-ea59a337c299: receive RaftClientReply:client-0D308AD40832->3258574c-39ac-4ed5-9145-ea59a337c299@group-6C7D867BDA6A, cid=1362, SUCCESS, logIndex=1945, commits[3258574c-39ac-4ed5-9145-ea59a337c299:c1948]
2019-09-02 06:30:09,212 [grpc-default-executor-1] INFO  client.GrpcClientProtocolClient (GrpcClientProtocolClient.java:onNext(255)) - client-0D308AD40832->3258574c-39ac-4ed5-9145-ea59a337c299: receive RaftClientReply:client-0D308AD40832->3258574c-39ac-4ed5-9145-ea59a337c299@group-6C7D867BDA6A, cid=1363, SUCCESS, logIndex=1946, commits[3258574c-39ac-4ed5-9145-ea59a337c299:c1948]
2019-09-02 06:30:09,213 [grpc-default-executor-1] INFO  client.GrpcClientProtocolClient (GrpcClientProtocolClient.java:onNext(255)) - client-0D308AD40832->3258574c-39ac-4ed5-9145-ea59a337c299: receive RaftClientReply:client-0D308AD40832->3258574c-39ac-4ed5-9145-ea59a337c299@group-6C7D867BDA6A, cid=1364, SUCCESS, logIndex=1947, commits[3258574c-39ac-4ed5-9145-ea59a337c299:c1949]
2019-09-02 06:30:09,234 [grpc-default-executor-1] INFO  client.GrpcClientProtocolClient (GrpcClientProtocolClient.java:onNext(255)) - client-0D308AD40832->3258574c-39ac-4ed5-9145-ea59a337c299: receive RaftClientReply:client-0D308AD40832->3258574c-39ac-4ed5-9145-ea59a337c299@group-6C7D867BDA6A, cid=1365, SUCCESS, logIndex=1950, commits[3258574c-39ac-4ed5-9145-ea59a337c299:c1953]
2019-09-02 06:30:09,235 [grpc-default-executor-1] INFO  client.GrpcClientProtocolClient (GrpcClientProtocolClient.java:onNext(255)) - client-0D308AD40832->3258574c-39ac-4ed5-9145-ea59a337c299: receive RaftClientReply:client-0D308AD40832->3258574c-39ac-4ed5-9145-ea59a337c299@group-6C7D867BDA6A, cid=1366, SUCCESS, logIndex=1951, commits[3258574c-39ac-4ed5-9145-ea59a337c299:c1954]
2019-09-02 06:30:09,235 [grpc-default-executor-1] INFO  client.GrpcClientProtocolClient (GrpcClientProtocolClient.java:onNext(255)) - client-0D308AD40832->3258574c-39ac-4ed5-9145-ea59a337c299: receive RaftClientReply:client-0D308AD40832->3258574c-39ac-4ed5-9145-ea59a337c299@group-6C7D867BDA6A, cid=1367, SUCCESS, logIndex=1952, commits[3258574c-39ac-4ed5-9145-ea59a337c299:c1954]
2019-09-02 06:30:09,236 [grpc-default-executor-1] INFO  client.GrpcClientProtocolClient (GrpcClientProtocolClient.java:onNext(255)) - client-0D308AD40832->3258574c-39ac-4ed5-9145-ea59a337c299: receive RaftClientReply:client-0D308AD40832->3258574c-39ac-4ed5-9145-ea59a337c299@group-6C7D867BDA6A, cid=1368, SUCCESS, logIndex=1953, commits[3258574c-39ac-4ed5-9145-ea59a337c299:c1954]
2019-09-02 06:30:09,261 [SCMBlockDeletingService#1] DEBUG block.SCMBlockDeletingService (SCMBlockDeletingService.java:call(138)) - Running DeletedBlockTransactionScanner
2019-09-02 06:30:09,261 [SCMBlockDeletingService#1] DEBUG block.SCMBlockDeletingService (SCMBlockDeletingService.java:call(155)) - Scanned deleted blocks log and got 0 delTX to process.
2019-09-02 06:30:09,262 [grpc-default-executor-0] INFO  client.GrpcClientProtocolClient (GrpcClientProtocolClient.java:onNext(255)) - client-0D308AD40832->3258574c-39ac-4ed5-9145-ea59a337c299: receive RaftClientReply:client-0D308AD40832->3258574c-39ac-4ed5-9145-ea59a337c299@group-6C7D867BDA6A, cid=1369, SUCCESS, logIndex=1956, commits[3258574c-39ac-4ed5-9145-ea59a337c299:c1957]
2019-09-02 06:30:09,263 [grpc-default-executor-0] INFO  client.GrpcClientProtocolClient (GrpcClientProtocolClient.java:onNext(255)) - client-0D308AD40832->3258574c-39ac-4ed5-9145-ea59a337c299: receive RaftClientReply:client-0D308AD40832->3258574c-39ac-4ed5-9145-ea59a337c299@group-6C7D867BDA6A, cid=1370, SUCCESS, logIndex=1957, commits[3258574c-39ac-4ed5-9145-ea59a337c299:c1957]
2019-09-02 06:30:09,361 [SCMBlockDeletingService#1] DEBUG block.SCMBlockDeletingService (SCMBlockDeletingService.java:call(138)) - Running DeletedBlockTransactionScanner
2019-09-02 06:30:09,362 [SCMBlockDeletingService#1] DEBUG block.SCMBlockDeletingService (SCMBlockDeletingService.java:call(155)) - Scanned deleted blocks log and got 0 delTX to process.
2019-09-02 06:30:09,362 [grpc-default-executor-1] INFO  client.GrpcClientProtocolClient (GrpcClientProtocolClient.java:onNext(255)) - client-0D308AD40832->3258574c-39ac-4ed5-9145-ea59a337c299: receive RaftClientReply:client-0D308AD40832->3258574c-39ac-4ed5-9145-ea59a337c299@group-6C7D867BDA6A, cid=1371, SUCCESS, logIndex=1959, commits[3258574c-39ac-4ed5-9145-ea59a337c299:c1960]
2019-09-02 06:30:09,362 [grpc-default-executor-1] INFO  client.GrpcClientProtocolClient (GrpcClientProtocolClient.java:onNext(255)) - client-0D308AD40832->3258574c-39ac-4ed5-9145-ea59a337c299: receive RaftClientReply:client-0D308AD40832->3258574c-39ac-4ed5-9145-ea59a337c299@group-6C7D867BDA6A, cid=1372, SUCCESS, logIndex=1960, commits[3258574c-39ac-4ed5-9145-ea59a337c299:c1961]
2019-09-02 06:30:09,382 [grpc-default-executor-1] INFO  client.GrpcClientProtocolClient (GrpcClientProtocolClient.java:onNext(255)) - client-0D308AD40832->3258574c-39ac-4ed5-9145-ea59a337c299: receive RaftClientReply:client-0D308AD40832->3258574c-39ac-4ed5-9145-ea59a337c299@group-6C7D867BDA6A, cid=1373, SUCCESS, logIndex=1962, commits[3258574c-39ac-4ed5-9145-ea59a337c299:c1965]
2019-09-02 06:30:09,383 [grpc-default-executor-1] INFO  client.GrpcClientProtocolClient (GrpcClientProtocolClient.java:onNext(255)) - client-0D308AD40832->3258574c-39ac-4ed5-9145-ea59a337c299: receive RaftClientReply:client-0D308AD40832->3258574c-39ac-4ed5-9145-ea59a337c299@group-6C7D867BDA6A, cid=1374, SUCCESS, logIndex=1963, commits[3258574c-39ac-4ed5-9145-ea59a337c299:c1966]
2019-09-02 06:30:09,383 [grpc-default-executor-1] INFO  client.GrpcClientProtocolClient (GrpcClientProtocolClient.java:onNext(255)) - client-0D308AD40832->3258574c-39ac-4ed5-9145-ea59a337c299: receive RaftClientReply:client-0D308AD40832->3258574c-39ac-4ed5-9145-ea59a337c299@group-6C7D867BDA6A, cid=1375, SUCCESS, logIndex=1964, commits[3258574c-39ac-4ed5-9145-ea59a337c299:c1966]
2019-09-02 06:30:09,384 [grpc-default-executor-1] INFO  client.GrpcClientProtocolClient (GrpcClientProtocolClient.java:onNext(255)) - client-0D308AD40832->3258574c-39ac-4ed5-9145-ea59a337c299: receive RaftClientReply:client-0D308AD40832->3258574c-39ac-4ed5-9145-ea59a337c299@group-6C7D867BDA6A, cid=1376, SUCCESS, logIndex=1965, commits[3258574c-39ac-4ed5-9145-ea59a337c299:c1966]
2019-09-02 06:30:09,409 [grpc-default-executor-0] INFO  client.GrpcClientProtocolClient (GrpcClientProtocolClient.java:onNext(255)) - client-0D308AD40832->3258574c-39ac-4ed5-9145-ea59a337c299: receive RaftClientReply:client-0D308AD40832->3258574c-39ac-4ed5-9145-ea59a337c299@group-6C7D867BDA6A, cid=1377, SUCCESS, logIndex=1967, commits[3258574c-39ac-4ed5-9145-ea59a337c299:c1970]
2019-09-02 06:30:09,410 [grpc-default-executor-0] INFO  client.GrpcClientProtocolClient (GrpcClientProtocolClient.java:onNext(255)) - client-0D308AD40832->3258574c-39ac-4ed5-9145-ea59a337c299: receive RaftClientReply:client-0D308AD40832->3258574c-39ac-4ed5-9145-ea59a337c299@group-6C7D867BDA6A, cid=1378, SUCCESS, logIndex=1968, commits[3258574c-39ac-4ed5-9145-ea59a337c299:c1970]
2019-09-02 06:30:09,410 [grpc-default-executor-0] INFO  client.GrpcClientProtocolClient (GrpcClientProtocolClient.java:onNext(255)) - client-0D308AD40832->3258574c-39ac-4ed5-9145-ea59a337c299: receive RaftClientReply:client-0D308AD40832->3258574c-39ac-4ed5-9145-ea59a337c299@group-6C7D867BDA6A, cid=1379, SUCCESS, logIndex=1969, commits[3258574c-39ac-4ed5-9145-ea59a337c299:c1971]
2019-09-02 06:30:09,410 [grpc-default-executor-0] INFO  client.GrpcClientProtocolClient (GrpcClientProtocolClient.java:onNext(255)) - client-0D308AD40832->3258574c-39ac-4ed5-9145-ea59a337c299: receive RaftClientReply:client-0D308AD40832->3258574c-39ac-4ed5-9145-ea59a337c299@group-6C7D867BDA6A, cid=1380, SUCCESS, logIndex=1970, commits[3258574c-39ac-4ed5-9145-ea59a337c299:c1971]
2019-09-02 06:30:09,429 [grpc-default-executor-0] INFO  client.GrpcClientProtocolClient (GrpcClientProtocolClient.java:onNext(255)) - client-0D308AD40832->3258574c-39ac-4ed5-9145-ea59a337c299: receive RaftClientReply:client-0D308AD40832->3258574c-39ac-4ed5-9145-ea59a337c299@group-6C7D867BDA6A, cid=1381, SUCCESS, logIndex=1973, commits[3258574c-39ac-4ed5-9145-ea59a337c299:c1974]
2019-09-02 06:30:09,429 [grpc-default-executor-0] INFO  client.GrpcClientProtocolClient (GrpcClientProtocolClient.java:onNext(255)) - client-0D308AD40832->3258574c-39ac-4ed5-9145-ea59a337c299: receive RaftClientReply:client-0D308AD40832->3258574c-39ac-4ed5-9145-ea59a337c299@group-6C7D867BDA6A, cid=1382, SUCCESS, logIndex=1974, commits[3258574c-39ac-4ed5-9145-ea59a337c299:c1976]
2019-09-02 06:30:09,429 [grpc-default-executor-0] INFO  client.GrpcClientProtocolClient (GrpcClientProtocolClient.java:onNext(255)) - client-0D308AD40832->3258574c-39ac-4ed5-9145-ea59a337c299: receive RaftClientReply:client-0D308AD40832->3258574c-39ac-4ed5-9145-ea59a337c299@group-6C7D867BDA6A, cid=1383, SUCCESS, logIndex=1975, commits[3258574c-39ac-4ed5-9145-ea59a337c299:c1977]
2019-09-02 06:30:09,430 [grpc-default-executor-0] INFO  client.GrpcClientProtocolClient (GrpcClientProtocolClient.java:onNext(255)) - client-0D308AD40832->3258574c-39ac-4ed5-9145-ea59a337c299: receive RaftClientReply:client-0D308AD40832->3258574c-39ac-4ed5-9145-ea59a337c299@group-6C7D867BDA6A, cid=1384, SUCCESS, logIndex=1976, commits[3258574c-39ac-4ed5-9145-ea59a337c299:c1977]
2019-09-02 06:30:09,453 [grpc-default-executor-1] INFO  client.GrpcClientProtocolClient (GrpcClientProtocolClient.java:onNext(255)) - client-0D308AD40832->3258574c-39ac-4ed5-9145-ea59a337c299: receive RaftClientReply:client-0D308AD40832->3258574c-39ac-4ed5-9145-ea59a337c299@group-6C7D867BDA6A, cid=1385, SUCCESS, logIndex=1979, commits[3258574c-39ac-4ed5-9145-ea59a337c299:c1980]
2019-09-02 06:30:09,454 [grpc-default-executor-1] INFO  client.GrpcClientProtocolClient (GrpcClientProtocolClient.java:onNext(255)) - client-0D308AD40832->3258574c-39ac-4ed5-9145-ea59a337c299: receive RaftClientReply:client-0D308AD40832->3258574c-39ac-4ed5-9145-ea59a337c299@group-6C7D867BDA6A, cid=1386, SUCCESS, logIndex=1980, commits[3258574c-39ac-4ed5-9145-ea59a337c299:c1982]
2019-09-02 06:30:09,454 [grpc-default-executor-1] INFO  client.GrpcClientProtocolClient (GrpcClientProtocolClient.java:onNext(255)) - client-0D308AD40832->3258574c-39ac-4ed5-9145-ea59a337c299: receive RaftClientReply:client-0D308AD40832->3258574c-39ac-4ed5-9145-ea59a337c299@group-6C7D867BDA6A, cid=1387, SUCCESS, logIndex=1981, commits[3258574c-39ac-4ed5-9145-ea59a337c299:c1983]
2019-09-02 06:30:09,455 [grpc-default-executor-1] INFO  client.GrpcClientProtocolClient (GrpcClientProtocolClient.java:onNext(255)) - client-0D308AD40832->3258574c-39ac-4ed5-9145-ea59a337c299: receive RaftClientReply:client-0D308AD40832->3258574c-39ac-4ed5-9145-ea59a337c299@group-6C7D867BDA6A, cid=1388, SUCCESS, logIndex=1982, commits[3258574c-39ac-4ed5-9145-ea59a337c299:c1983]
2019-09-02 06:30:09,462 [SCMBlockDeletingService#1] DEBUG block.SCMBlockDeletingService (SCMBlockDeletingService.java:call(138)) - Running DeletedBlockTransactionScanner
2019-09-02 06:30:09,462 [SCMBlockDeletingService#1] DEBUG block.SCMBlockDeletingService (SCMBlockDeletingService.java:call(155)) - Scanned deleted blocks log and got 0 delTX to process.
2019-09-02 06:30:09,473 [grpc-default-executor-1] INFO  client.GrpcClientProtocolClient (GrpcClientProtocolClient.java:onNext(255)) - client-0D308AD40832->3258574c-39ac-4ed5-9145-ea59a337c299: receive RaftClientReply:client-0D308AD40832->3258574c-39ac-4ed5-9145-ea59a337c299@group-6C7D867BDA6A, cid=1389, SUCCESS, logIndex=1985, commits[3258574c-39ac-4ed5-9145-ea59a337c299:c1986]
2019-09-02 06:30:09,473 [grpc-default-executor-1] INFO  client.GrpcClientProtocolClient (GrpcClientProtocolClient.java:onNext(255)) - client-0D308AD40832->3258574c-39ac-4ed5-9145-ea59a337c299: receive RaftClientReply:client-0D308AD40832->3258574c-39ac-4ed5-9145-ea59a337c299@group-6C7D867BDA6A, cid=1390, SUCCESS, logIndex=1986, commits[3258574c-39ac-4ed5-9145-ea59a337c299:c1988]
2019-09-02 06:30:09,473 [grpc-default-executor-1] INFO  client.GrpcClientProtocolClient (GrpcClientProtocolClient.java:onNext(255)) - client-0D308AD40832->3258574c-39ac-4ed5-9145-ea59a337c299: receive RaftClientReply:client-0D308AD40832->3258574c-39ac-4ed5-9145-ea59a337c299@group-6C7D867BDA6A, cid=1391, SUCCESS, logIndex=1987, commits[3258574c-39ac-4ed5-9145-ea59a337c299:c1988]
2019-09-02 06:30:09,474 [grpc-default-executor-1] INFO  client.GrpcClientProtocolClient (GrpcClientProtocolClient.java:onNext(255)) - client-0D308AD40832->3258574c-39ac-4ed5-9145-ea59a337c299: receive RaftClientReply:client-0D308AD40832->3258574c-39ac-4ed5-9145-ea59a337c299@group-6C7D867BDA6A, cid=1392, SUCCESS, logIndex=1988, commits[3258574c-39ac-4ed5-9145-ea59a337c299:c1989]
2019-09-02 06:30:09,508 [grpc-default-executor-1] INFO  client.GrpcClientProtocolClient (GrpcClientProtocolClient.java:onNext(255)) - client-0D308AD40832->3258574c-39ac-4ed5-9145-ea59a337c299: receive RaftClientReply:client-0D308AD40832->3258574c-39ac-4ed5-9145-ea59a337c299@group-6C7D867BDA6A, cid=1393, SUCCESS, logIndex=1991, commits[3258574c-39ac-4ed5-9145-ea59a337c299:c1994]
2019-09-02 06:30:09,508 [grpc-default-executor-1] INFO  client.GrpcClientProtocolClient (GrpcClientProtocolClient.java:onNext(255)) - client-0D308AD40832->3258574c-39ac-4ed5-9145-ea59a337c299: receive RaftClientReply:client-0D308AD40832->3258574c-39ac-4ed5-9145-ea59a337c299@group-6C7D867BDA6A, cid=1394, SUCCESS, logIndex=1992, commits[3258574c-39ac-4ed5-9145-ea59a337c299:c1995]
2019-09-02 06:30:09,509 [grpc-default-executor-1] INFO  client.GrpcClientProtocolClient (GrpcClientProtocolClient.java:onNext(255)) - client-0D308AD40832->3258574c-39ac-4ed5-9145-ea59a337c299: receive RaftClientReply:client-0D308AD40832->3258574c-39ac-4ed5-9145-ea59a337c299@group-6C7D867BDA6A, cid=1395, SUCCESS, logIndex=1993, commits[3258574c-39ac-4ed5-9145-ea59a337c299:c1995]
2019-09-02 06:30:09,509 [grpc-default-executor-1] INFO  client.GrpcClientProtocolClient (GrpcClientProtocolClient.java:onNext(255)) - client-0D308AD40832->3258574c-39ac-4ed5-9145-ea59a337c299: receive RaftClientReply:client-0D308AD40832->3258574c-39ac-4ed5-9145-ea59a337c299@group-6C7D867BDA6A, cid=1396, SUCCESS, logIndex=1994, commits[3258574c-39ac-4ed5-9145-ea59a337c299:c1995]
2019-09-02 06:30:09,528 [grpc-default-executor-0] INFO  client.GrpcClientProtocolClient (GrpcClientProtocolClient.java:onNext(255)) - client-0D308AD40832->3258574c-39ac-4ed5-9145-ea59a337c299: receive RaftClientReply:client-0D308AD40832->3258574c-39ac-4ed5-9145-ea59a337c299@group-6C7D867BDA6A, cid=1397, SUCCESS, logIndex=1996, commits[3258574c-39ac-4ed5-9145-ea59a337c299:c1999]
2019-09-02 06:30:09,529 [grpc-default-executor-0] INFO  client.GrpcClientProtocolClient (GrpcClientProtocolClient.java:onNext(255)) - client-0D308AD40832->3258574c-39ac-4ed5-9145-ea59a337c299: receive RaftClientReply:client-0D308AD40832->3258574c-39ac-4ed5-9145-ea59a337c299@group-6C7D867BDA6A, cid=1398, SUCCESS, logIndex=1997, commits[3258574c-39ac-4ed5-9145-ea59a337c299:c2000]
2019-09-02 06:30:09,529 [grpc-default-executor-0] INFO  client.GrpcClientProtocolClient (GrpcClientProtocolClient.java:onNext(255)) - client-0D308AD40832->3258574c-39ac-4ed5-9145-ea59a337c299: receive RaftClientReply:client-0D308AD40832->3258574c-39ac-4ed5-9145-ea59a337c299@group-6C7D867BDA6A, cid=1399, SUCCESS, logIndex=1998, commits[3258574c-39ac-4ed5-9145-ea59a337c299:c2000]
2019-09-02 06:30:09,529 [grpc-default-executor-0] INFO  client.GrpcClientProtocolClient (GrpcClientProtocolClient.java:onNext(255)) - client-0D308AD40832->3258574c-39ac-4ed5-9145-ea59a337c299: receive RaftClientReply:client-0D308AD40832->3258574c-39ac-4ed5-9145-ea59a337c299@group-6C7D867BDA6A, cid=1400, SUCCESS, logIndex=1999, commits[3258574c-39ac-4ed5-9145-ea59a337c299:c2000]
2019-09-02 06:30:09,554 [grpc-default-executor-0] INFO  client.GrpcClientProtocolClient (GrpcClientProtocolClient.java:onNext(255)) - client-0D308AD40832->3258574c-39ac-4ed5-9145-ea59a337c299: receive RaftClientReply:client-0D308AD40832->3258574c-39ac-4ed5-9145-ea59a337c299@group-6C7D867BDA6A, cid=1401, SUCCESS, logIndex=2001, commits[3258574c-39ac-4ed5-9145-ea59a337c299:c2002]
2019-09-02 06:30:09,556 [grpc-default-executor-0] INFO  client.GrpcClientProtocolClient (GrpcClientProtocolClient.java:onNext(255)) - client-0D308AD40832->3258574c-39ac-4ed5-9145-ea59a337c299: receive RaftClientReply:client-0D308AD40832->3258574c-39ac-4ed5-9145-ea59a337c299@group-6C7D867BDA6A, cid=1402, SUCCESS, logIndex=2002, commits[3258574c-39ac-4ed5-9145-ea59a337c299:c2002]
2019-09-02 06:30:09,557 [grpc-default-executor-0] INFO  client.GrpcClientProtocolClient (GrpcClientProtocolClient.java:onNext(255)) - client-0D308AD40832->3258574c-39ac-4ed5-9145-ea59a337c299: receive RaftClientReply:client-0D308AD40832->3258574c-39ac-4ed5-9145-ea59a337c299@group-6C7D867BDA6A, cid=1403, SUCCESS, logIndex=2003, commits[3258574c-39ac-4ed5-9145-ea59a337c299:c2005]
2019-09-02 06:30:09,557 [grpc-default-executor-0] INFO  client.GrpcClientProtocolClient (GrpcClientProtocolClient.java:onNext(255)) - client-0D308AD40832->3258574c-39ac-4ed5-9145-ea59a337c299: receive RaftClientReply:client-0D308AD40832->3258574c-39ac-4ed5-9145-ea59a337c299@group-6C7D867BDA6A, cid=1404, SUCCESS, logIndex=2004, commits[3258574c-39ac-4ed5-9145-ea59a337c299:c2005]
2019-09-02 06:30:09,562 [SCMBlockDeletingService#1] DEBUG block.SCMBlockDeletingService (SCMBlockDeletingService.java:call(138)) - Running DeletedBlockTransactionScanner
2019-09-02 06:30:09,563 [SCMBlockDeletingService#1] DEBUG block.SCMBlockDeletingService (SCMBlockDeletingService.java:call(155)) - Scanned deleted blocks log and got 0 delTX to process.
2019-09-02 06:30:09,576 [grpc-default-executor-0] INFO  client.GrpcClientProtocolClient (GrpcClientProtocolClient.java:onNext(255)) - client-0D308AD40832->3258574c-39ac-4ed5-9145-ea59a337c299: receive RaftClientReply:client-0D308AD40832->3258574c-39ac-4ed5-9145-ea59a337c299@group-6C7D867BDA6A, cid=1405, SUCCESS, logIndex=2006, commits[3258574c-39ac-4ed5-9145-ea59a337c299:c2009]
2019-09-02 06:30:09,577 [grpc-default-executor-0] INFO  client.GrpcClientProtocolClient (GrpcClientProtocolClient.java:onNext(255)) - client-0D308AD40832->3258574c-39ac-4ed5-9145-ea59a337c299: receive RaftClientReply:client-0D308AD40832->3258574c-39ac-4ed5-9145-ea59a337c299@group-6C7D867BDA6A, cid=1406, SUCCESS, logIndex=2007, commits[3258574c-39ac-4ed5-9145-ea59a337c299:c2009]
2019-09-02 06:30:09,577 [grpc-default-executor-0] INFO  client.GrpcClientProtocolClient (GrpcClientProtocolClient.java:onNext(255)) - client-0D308AD40832->3258574c-39ac-4ed5-9145-ea59a337c299: receive RaftClientReply:client-0D308AD40832->3258574c-39ac-4ed5-9145-ea59a337c299@group-6C7D867BDA6A, cid=1407, SUCCESS, logIndex=2008, commits[3258574c-39ac-4ed5-9145-ea59a337c299:c2010]
2019-09-02 06:30:09,577 [grpc-default-executor-0] INFO  client.GrpcClientProtocolClient (GrpcClientProtocolClient.java:onNext(255)) - client-0D308AD40832->3258574c-39ac-4ed5-9145-ea59a337c299: receive RaftClientReply:client-0D308AD40832->3258574c-39ac-4ed5-9145-ea59a337c299@group-6C7D867BDA6A, cid=1408, SUCCESS, logIndex=2009, commits[3258574c-39ac-4ed5-9145-ea59a337c299:c2011]
2019-09-02 06:30:09,605 [grpc-default-executor-0] INFO  client.GrpcClientProtocolClient (GrpcClientProtocolClient.java:onNext(255)) - client-0D308AD40832->3258574c-39ac-4ed5-9145-ea59a337c299: receive RaftClientReply:client-0D308AD40832->3258574c-39ac-4ed5-9145-ea59a337c299@group-6C7D867BDA6A, cid=1409, SUCCESS, logIndex=2012, commits[3258574c-39ac-4ed5-9145-ea59a337c299:c2015]
2019-09-02 06:30:09,606 [grpc-default-executor-0] INFO  client.GrpcClientProtocolClient (GrpcClientProtocolClient.java:onNext(255)) - client-0D308AD40832->3258574c-39ac-4ed5-9145-ea59a337c299: receive RaftClientReply:client-0D308AD40832->3258574c-39ac-4ed5-9145-ea59a337c299@group-6C7D867BDA6A, cid=1410, SUCCESS, logIndex=2013, commits[3258574c-39ac-4ed5-9145-ea59a337c299:c2016]
2019-09-02 06:30:09,606 [grpc-default-executor-0] INFO  client.GrpcClientProtocolClient (GrpcClientProtocolClient.java:onNext(255)) - client-0D308AD40832->3258574c-39ac-4ed5-9145-ea59a337c299: receive RaftClientReply:client-0D308AD40832->3258574c-39ac-4ed5-9145-ea59a337c299@group-6C7D867BDA6A, cid=1411, SUCCESS, logIndex=2014, commits[3258574c-39ac-4ed5-9145-ea59a337c299:c2016]
2019-09-02 06:30:09,607 [grpc-default-executor-0] INFO  client.GrpcClientProtocolClient (GrpcClientProtocolClient.java:onNext(255)) - client-0D308AD40832->3258574c-39ac-4ed5-9145-ea59a337c299: receive RaftClientReply:client-0D308AD40832->3258574c-39ac-4ed5-9145-ea59a337c299@group-6C7D867BDA6A, cid=1412, SUCCESS, logIndex=2015, commits[3258574c-39ac-4ed5-9145-ea59a337c299:c2016]
2019-09-02 06:30:09,689 [SCMBlockDeletingService#1] DEBUG block.SCMBlockDeletingService (SCMBlockDeletingService.java:call(138)) - Running DeletedBlockTransactionScanner
2019-09-02 06:30:09,689 [SCMBlockDeletingService#1] DEBUG block.SCMBlockDeletingService (SCMBlockDeletingService.java:call(155)) - Scanned deleted blocks log and got 0 delTX to process.
2019-09-02 06:30:09,705 [grpc-default-executor-0] INFO  client.GrpcClientProtocolClient (GrpcClientProtocolClient.java:onNext(255)) - client-0D308AD40832->3258574c-39ac-4ed5-9145-ea59a337c299: receive RaftClientReply:client-0D308AD40832->3258574c-39ac-4ed5-9145-ea59a337c299@group-6C7D867BDA6A, cid=1413, SUCCESS, logIndex=2017, commits[3258574c-39ac-4ed5-9145-ea59a337c299:c2018]
2019-09-02 06:30:09,706 [grpc-default-executor-0] INFO  client.GrpcClientProtocolClient (GrpcClientProtocolClient.java:onNext(255)) - client-0D308AD40832->3258574c-39ac-4ed5-9145-ea59a337c299: receive RaftClientReply:client-0D308AD40832->3258574c-39ac-4ed5-9145-ea59a337c299@group-6C7D867BDA6A, cid=1414, SUCCESS, logIndex=2018, commits[3258574c-39ac-4ed5-9145-ea59a337c299:c2019]
2019-09-02 06:30:09,790 [SCMBlockDeletingService#1] DEBUG block.SCMBlockDeletingService (SCMBlockDeletingService.java:call(138)) - Running DeletedBlockTransactionScanner
2019-09-02 06:30:09,790 [SCMBlockDeletingService#1] DEBUG block.SCMBlockDeletingService (SCMBlockDeletingService.java:call(155)) - Scanned deleted blocks log and got 0 delTX to process.
2019-09-02 06:30:09,816 [grpc-default-executor-0] INFO  client.GrpcClientProtocolClient (GrpcClientProtocolClient.java:onNext(255)) - client-0D308AD40832->3258574c-39ac-4ed5-9145-ea59a337c299: receive RaftClientReply:client-0D308AD40832->3258574c-39ac-4ed5-9145-ea59a337c299@group-6C7D867BDA6A, cid=1415, SUCCESS, logIndex=2020, commits[3258574c-39ac-4ed5-9145-ea59a337c299:c2021]
2019-09-02 06:30:09,817 [grpc-default-executor-0] INFO  client.GrpcClientProtocolClient (GrpcClientProtocolClient.java:onNext(255)) - client-0D308AD40832->3258574c-39ac-4ed5-9145-ea59a337c299: receive RaftClientReply:client-0D308AD40832->3258574c-39ac-4ed5-9145-ea59a337c299@group-6C7D867BDA6A, cid=1416, SUCCESS, logIndex=2021, commits[3258574c-39ac-4ed5-9145-ea59a337c299:c2022]
2019-09-02 06:30:09,844 [grpc-default-executor-1] INFO  client.GrpcClientProtocolClient (GrpcClientProtocolClient.java:onNext(255)) - client-0D308AD40832->3258574c-39ac-4ed5-9145-ea59a337c299: receive RaftClientReply:client-0D308AD40832->3258574c-39ac-4ed5-9145-ea59a337c299@group-6C7D867BDA6A, cid=1417, SUCCESS, logIndex=2023, commits[3258574c-39ac-4ed5-9145-ea59a337c299:c2024]
2019-09-02 06:30:09,844 [grpc-default-executor-1] INFO  client.GrpcClientProtocolClient (GrpcClientProtocolClient.java:onNext(255)) - client-0D308AD40832->3258574c-39ac-4ed5-9145-ea59a337c299: receive RaftClientReply:client-0D308AD40832->3258574c-39ac-4ed5-9145-ea59a337c299@group-6C7D867BDA6A, cid=1418, SUCCESS, logIndex=2024, commits[3258574c-39ac-4ed5-9145-ea59a337c299:c2024]
2019-09-02 06:30:09,845 [grpc-default-executor-1] INFO  client.GrpcClientProtocolClient (GrpcClientProtocolClient.java:onNext(255)) - client-0D308AD40832->3258574c-39ac-4ed5-9145-ea59a337c299: receive RaftClientReply:client-0D308AD40832->3258574c-39ac-4ed5-9145-ea59a337c299@group-6C7D867BDA6A, cid=1419, SUCCESS, logIndex=2025, commits[3258574c-39ac-4ed5-9145-ea59a337c299:c2026]
2019-09-02 06:30:09,845 [grpc-default-executor-1] INFO  client.GrpcClientProtocolClient (GrpcClientProtocolClient.java:onNext(255)) - client-0D308AD40832->3258574c-39ac-4ed5-9145-ea59a337c299: receive RaftClientReply:client-0D308AD40832->3258574c-39ac-4ed5-9145-ea59a337c299@group-6C7D867BDA6A, cid=1420, SUCCESS, logIndex=2026, commits[3258574c-39ac-4ed5-9145-ea59a337c299:c2027]
2019-09-02 06:30:09,865 [grpc-default-executor-0] INFO  client.GrpcClientProtocolClient (GrpcClientProtocolClient.java:onNext(255)) - client-0D308AD40832->3258574c-39ac-4ed5-9145-ea59a337c299: receive RaftClientReply:client-0D308AD40832->3258574c-39ac-4ed5-9145-ea59a337c299@group-6C7D867BDA6A, cid=1421, SUCCESS, logIndex=2029, commits[3258574c-39ac-4ed5-9145-ea59a337c299:c2030]
2019-09-02 06:30:09,866 [grpc-default-executor-0] INFO  client.GrpcClientProtocolClient (GrpcClientProtocolClient.java:onNext(255)) - client-0D308AD40832->3258574c-39ac-4ed5-9145-ea59a337c299: receive RaftClientReply:client-0D308AD40832->3258574c-39ac-4ed5-9145-ea59a337c299@group-6C7D867BDA6A, cid=1422, SUCCESS, logIndex=2030, commits[3258574c-39ac-4ed5-9145-ea59a337c299:c2032]
2019-09-02 06:30:09,867 [grpc-default-executor-0] INFO  client.GrpcClientProtocolClient (GrpcClientProtocolClient.java:onNext(255)) - client-0D308AD40832->3258574c-39ac-4ed5-9145-ea59a337c299: receive RaftClientReply:client-0D308AD40832->3258574c-39ac-4ed5-9145-ea59a337c299@group-6C7D867BDA6A, cid=1423, SUCCESS, logIndex=2031, commits[3258574c-39ac-4ed5-9145-ea59a337c299:c2033]
2019-09-02 06:30:09,867 [grpc-default-executor-0] INFO  client.GrpcClientProtocolClient (GrpcClientProtocolClient.java:onNext(255)) - client-0D308AD40832->3258574c-39ac-4ed5-9145-ea59a337c299: receive RaftClientReply:client-0D308AD40832->3258574c-39ac-4ed5-9145-ea59a337c299@group-6C7D867BDA6A, cid=1424, SUCCESS, logIndex=2032, commits[3258574c-39ac-4ed5-9145-ea59a337c299:c2034]
2019-09-02 06:30:09,891 [SCMBlockDeletingService#1] DEBUG block.SCMBlockDeletingService (SCMBlockDeletingService.java:call(138)) - Running DeletedBlockTransactionScanner
2019-09-02 06:30:09,891 [SCMBlockDeletingService#1] DEBUG block.SCMBlockDeletingService (SCMBlockDeletingService.java:call(155)) - Scanned deleted blocks log and got 0 delTX to process.
2019-09-02 06:30:09,901 [grpc-default-executor-1] INFO  client.GrpcClientProtocolClient (GrpcClientProtocolClient.java:onNext(255)) - client-0D308AD40832->3258574c-39ac-4ed5-9145-ea59a337c299: receive RaftClientReply:client-0D308AD40832->3258574c-39ac-4ed5-9145-ea59a337c299@group-6C7D867BDA6A, cid=1425, SUCCESS, logIndex=2035, commits[3258574c-39ac-4ed5-9145-ea59a337c299:c2038]
2019-09-02 06:30:09,902 [grpc-default-executor-1] INFO  client.GrpcClientProtocolClient (GrpcClientProtocolClient.java:onNext(255)) - client-0D308AD40832->3258574c-39ac-4ed5-9145-ea59a337c299: receive RaftClientReply:client-0D308AD40832->3258574c-39ac-4ed5-9145-ea59a337c299@group-6C7D867BDA6A, cid=1426, SUCCESS, logIndex=2036, commits[3258574c-39ac-4ed5-9145-ea59a337c299:c2039]
2019-09-02 06:30:09,903 [grpc-default-executor-1] INFO  client.GrpcClientProtocolClient (GrpcClientProtocolClient.java:onNext(255)) - client-0D308AD40832->3258574c-39ac-4ed5-9145-ea59a337c299: receive RaftClientReply:client-0D308AD40832->3258574c-39ac-4ed5-9145-ea59a337c299@group-6C7D867BDA6A, cid=1427, SUCCESS, logIndex=2037, commits[3258574c-39ac-4ed5-9145-ea59a337c299:c2039]
2019-09-02 06:30:09,903 [grpc-default-executor-1] INFO  client.GrpcClientProtocolClient (GrpcClientProtocolClient.java:onNext(255)) - client-0D308AD40832->3258574c-39ac-4ed5-9145-ea59a337c299: receive RaftClientReply:client-0D308AD40832->3258574c-39ac-4ed5-9145-ea59a337c299@group-6C7D867BDA6A, cid=1428, SUCCESS, logIndex=2038, commits[3258574c-39ac-4ed5-9145-ea59a337c299:c2040]
2019-09-02 06:30:09,931 [grpc-default-executor-1] INFO  client.GrpcClientProtocolClient (GrpcClientProtocolClient.java:onNext(255)) - client-0D308AD40832->3258574c-39ac-4ed5-9145-ea59a337c299: receive RaftClientReply:client-0D308AD40832->3258574c-39ac-4ed5-9145-ea59a337c299@group-6C7D867BDA6A, cid=1429, SUCCESS, logIndex=2041, commits[3258574c-39ac-4ed5-9145-ea59a337c299:c2042]
2019-09-02 06:30:09,932 [grpc-default-executor-1] INFO  client.GrpcClientProtocolClient (GrpcClientProtocolClient.java:onNext(255)) - client-0D308AD40832->3258574c-39ac-4ed5-9145-ea59a337c299: receive RaftClientReply:client-0D308AD40832->3258574c-39ac-4ed5-9145-ea59a337c299@group-6C7D867BDA6A, cid=1430, SUCCESS, logIndex=2042, commits[3258574c-39ac-4ed5-9145-ea59a337c299:c2044]
2019-09-02 06:30:09,933 [grpc-default-executor-1] INFO  client.GrpcClientProtocolClient (GrpcClientProtocolClient.java:onNext(255)) - client-0D308AD40832->3258574c-39ac-4ed5-9145-ea59a337c299: receive RaftClientReply:client-0D308AD40832->3258574c-39ac-4ed5-9145-ea59a337c299@group-6C7D867BDA6A, cid=1431, SUCCESS, logIndex=2043, commits[3258574c-39ac-4ed5-9145-ea59a337c299:c2045]
2019-09-02 06:30:09,933 [grpc-default-executor-1] INFO  client.GrpcClientProtocolClient (GrpcClientProtocolClient.java:onNext(255)) - client-0D308AD40832->3258574c-39ac-4ed5-9145-ea59a337c299: receive RaftClientReply:client-0D308AD40832->3258574c-39ac-4ed5-9145-ea59a337c299@group-6C7D867BDA6A, cid=1432, SUCCESS, logIndex=2044, commits[3258574c-39ac-4ed5-9145-ea59a337c299:c2046]
2019-09-02 06:30:09,967 [grpc-default-executor-0] INFO  client.GrpcClientProtocolClient (GrpcClientProtocolClient.java:onNext(255)) - client-0D308AD40832->3258574c-39ac-4ed5-9145-ea59a337c299: receive RaftClientReply:client-0D308AD40832->3258574c-39ac-4ed5-9145-ea59a337c299@group-6C7D867BDA6A, cid=1433, SUCCESS, logIndex=2047, commits[3258574c-39ac-4ed5-9145-ea59a337c299:c2048]
2019-09-02 06:30:09,968 [grpc-default-executor-0] INFO  client.GrpcClientProtocolClient (GrpcClientProtocolClient.java:onNext(255)) - client-0D308AD40832->3258574c-39ac-4ed5-9145-ea59a337c299: receive RaftClientReply:client-0D308AD40832->3258574c-39ac-4ed5-9145-ea59a337c299@group-6C7D867BDA6A, cid=1434, SUCCESS, logIndex=2048, commits[3258574c-39ac-4ed5-9145-ea59a337c299:c2050]
2019-09-02 06:30:09,969 [grpc-default-executor-0] INFO  client.GrpcClientProtocolClient (GrpcClientProtocolClient.java:onNext(255)) - client-0D308AD40832->3258574c-39ac-4ed5-9145-ea59a337c299: receive RaftClientReply:client-0D308AD40832->3258574c-39ac-4ed5-9145-ea59a337c299@group-6C7D867BDA6A, cid=1435, SUCCESS, logIndex=2049, commits[3258574c-39ac-4ed5-9145-ea59a337c299:c2051]
2019-09-02 06:30:09,970 [grpc-default-executor-0] INFO  client.GrpcClientProtocolClient (GrpcClientProtocolClient.java:onNext(255)) - client-0D308AD40832->3258574c-39ac-4ed5-9145-ea59a337c299: receive RaftClientReply:client-0D308AD40832->3258574c-39ac-4ed5-9145-ea59a337c299@group-6C7D867BDA6A, cid=1436, SUCCESS, logIndex=2050, commits[3258574c-39ac-4ed5-9145-ea59a337c299:c2052]
2019-09-02 06:30:09,991 [grpc-default-executor-0] INFO  client.GrpcClientProtocolClient (GrpcClientProtocolClient.java:onNext(255)) - client-0D308AD40832->3258574c-39ac-4ed5-9145-ea59a337c299: receive RaftClientReply:client-0D308AD40832->3258574c-39ac-4ed5-9145-ea59a337c299@group-6C7D867BDA6A, cid=1437, SUCCESS, logIndex=2053, commits[3258574c-39ac-4ed5-9145-ea59a337c299:c2054]
2019-09-02 06:30:09,991 [grpc-default-executor-0] INFO  client.GrpcClientProtocolClient (GrpcClientProtocolClient.java:onNext(255)) - client-0D308AD40832->3258574c-39ac-4ed5-9145-ea59a337c299: receive RaftClientReply:client-0D308AD40832->3258574c-39ac-4ed5-9145-ea59a337c299@group-6C7D867BDA6A, cid=1438, SUCCESS, logIndex=2054, commits[3258574c-39ac-4ed5-9145-ea59a337c299:c2054]
2019-09-02 06:30:09,991 [SCMBlockDeletingService#1] DEBUG block.SCMBlockDeletingService (SCMBlockDeletingService.java:call(138)) - Running DeletedBlockTransactionScanner
2019-09-02 06:30:09,992 [SCMBlockDeletingService#1] DEBUG block.SCMBlockDeletingService (SCMBlockDeletingService.java:call(155)) - Scanned deleted blocks log and got 0 delTX to process.
2019-09-02 06:30:09,992 [grpc-default-executor-0] INFO  client.GrpcClientProtocolClient (GrpcClientProtocolClient.java:onNext(255)) - client-0D308AD40832->3258574c-39ac-4ed5-9145-ea59a337c299: receive RaftClientReply:client-0D308AD40832->3258574c-39ac-4ed5-9145-ea59a337c299@group-6C7D867BDA6A, cid=1439, SUCCESS, logIndex=2055, commits[3258574c-39ac-4ed5-9145-ea59a337c299:c2056]
2019-09-02 06:30:09,993 [grpc-default-executor-0] INFO  client.GrpcClientProtocolClient (GrpcClientProtocolClient.java:onNext(255)) - client-0D308AD40832->3258574c-39ac-4ed5-9145-ea59a337c299: receive RaftClientReply:client-0D308AD40832->3258574c-39ac-4ed5-9145-ea59a337c299@group-6C7D867BDA6A, cid=1440, SUCCESS, logIndex=2056, commits[3258574c-39ac-4ed5-9145-ea59a337c299:c2057]
2019-09-02 06:30:10,025 [grpc-default-executor-0] INFO  client.GrpcClientProtocolClient (GrpcClientProtocolClient.java:onNext(255)) - client-0D308AD40832->3258574c-39ac-4ed5-9145-ea59a337c299: receive RaftClientReply:client-0D308AD40832->3258574c-39ac-4ed5-9145-ea59a337c299@group-6C7D867BDA6A, cid=1441, SUCCESS, logIndex=2059, commits[3258574c-39ac-4ed5-9145-ea59a337c299:c2060]
2019-09-02 06:30:10,026 [grpc-default-executor-0] INFO  client.GrpcClientProtocolClient (GrpcClientProtocolClient.java:onNext(255)) - client-0D308AD40832->3258574c-39ac-4ed5-9145-ea59a337c299: receive RaftClientReply:client-0D308AD40832->3258574c-39ac-4ed5-9145-ea59a337c299@group-6C7D867BDA6A, cid=1442, SUCCESS, logIndex=2060, commits[3258574c-39ac-4ed5-9145-ea59a337c299:c2062]
2019-09-02 06:30:10,027 [grpc-default-executor-0] INFO  client.GrpcClientProtocolClient (GrpcClientProtocolClient.java:onNext(255)) - client-0D308AD40832->3258574c-39ac-4ed5-9145-ea59a337c299: receive RaftClientReply:client-0D308AD40832->3258574c-39ac-4ed5-9145-ea59a337c299@group-6C7D867BDA6A, cid=1443, SUCCESS, logIndex=2061, commits[3258574c-39ac-4ed5-9145-ea59a337c299:c2063]
2019-09-02 06:30:10,027 [grpc-default-executor-0] INFO  client.GrpcClientProtocolClient (GrpcClientProtocolClient.java:onNext(255)) - client-0D308AD40832->3258574c-39ac-4ed5-9145-ea59a337c299: receive RaftClientReply:client-0D308AD40832->3258574c-39ac-4ed5-9145-ea59a337c299@group-6C7D867BDA6A, cid=1444, SUCCESS, logIndex=2062, commits[3258574c-39ac-4ed5-9145-ea59a337c299:c2063]
2019-09-02 06:30:10,048 [grpc-default-executor-1] INFO  client.GrpcClientProtocolClient (GrpcClientProtocolClient.java:onNext(255)) - client-0D308AD40832->3258574c-39ac-4ed5-9145-ea59a337c299: receive RaftClientReply:client-0D308AD40832->3258574c-39ac-4ed5-9145-ea59a337c299@group-6C7D867BDA6A, cid=1445, SUCCESS, logIndex=2065, commits[3258574c-39ac-4ed5-9145-ea59a337c299:c2068]
2019-09-02 06:30:10,049 [grpc-default-executor-1] INFO  client.GrpcClientProtocolClient (GrpcClientProtocolClient.java:onNext(255)) - client-0D308AD40832->3258574c-39ac-4ed5-9145-ea59a337c299: receive RaftClientReply:client-0D308AD40832->3258574c-39ac-4ed5-9145-ea59a337c299@group-6C7D867BDA6A, cid=1446, SUCCESS, logIndex=2066, commits[3258574c-39ac-4ed5-9145-ea59a337c299:c2068]
2019-09-02 06:30:10,049 [grpc-default-executor-1] INFO  client.GrpcClientProtocolClient (GrpcClientProtocolClient.java:onNext(255)) - client-0D308AD40832->3258574c-39ac-4ed5-9145-ea59a337c299: receive RaftClientReply:client-0D308AD40832->3258574c-39ac-4ed5-9145-ea59a337c299@group-6C7D867BDA6A, cid=1447, SUCCESS, logIndex=2067, commits[3258574c-39ac-4ed5-9145-ea59a337c299:c2069]
2019-09-02 06:30:10,050 [grpc-default-executor-1] INFO  client.GrpcClientProtocolClient (GrpcClientProtocolClient.java:onNext(255)) - client-0D308AD40832->3258574c-39ac-4ed5-9145-ea59a337c299: receive RaftClientReply:client-0D308AD40832->3258574c-39ac-4ed5-9145-ea59a337c299@group-6C7D867BDA6A, cid=1448, SUCCESS, logIndex=2068, commits[3258574c-39ac-4ed5-9145-ea59a337c299:c2070]
2019-09-02 06:30:10,073 [grpc-default-executor-0] INFO  client.GrpcClientProtocolClient (GrpcClientProtocolClient.java:onNext(255)) - client-0D308AD40832->3258574c-39ac-4ed5-9145-ea59a337c299: receive RaftClientReply:client-0D308AD40832->3258574c-39ac-4ed5-9145-ea59a337c299@group-6C7D867BDA6A, cid=1449, SUCCESS, logIndex=2071, commits[3258574c-39ac-4ed5-9145-ea59a337c299:c2072]
2019-09-02 06:30:10,074 [grpc-default-executor-0] INFO  client.GrpcClientProtocolClient (GrpcClientProtocolClient.java:onNext(255)) - client-0D308AD40832->3258574c-39ac-4ed5-9145-ea59a337c299: receive RaftClientReply:client-0D308AD40832->3258574c-39ac-4ed5-9145-ea59a337c299@group-6C7D867BDA6A, cid=1450, SUCCESS, logIndex=2072, commits[3258574c-39ac-4ed5-9145-ea59a337c299:c2073]
2019-09-02 06:30:10,077 [grpc-default-executor-0] INFO  client.GrpcClientProtocolClient (GrpcClientProtocolClient.java:onNext(255)) - client-0D308AD40832->3258574c-39ac-4ed5-9145-ea59a337c299: receive RaftClientReply:client-0D308AD40832->3258574c-39ac-4ed5-9145-ea59a337c299@group-6C7D867BDA6A, cid=1451, SUCCESS, logIndex=2074, commits[3258574c-39ac-4ed5-9145-ea59a337c299:c2075]
2019-09-02 06:30:10,077 [grpc-default-executor-0] INFO  client.GrpcClientProtocolClient (GrpcClientProtocolClient.java:onNext(255)) - client-0D308AD40832->3258574c-39ac-4ed5-9145-ea59a337c299: receive RaftClientReply:client-0D308AD40832->3258574c-39ac-4ed5-9145-ea59a337c299@group-6C7D867BDA6A, cid=1452, SUCCESS, logIndex=2075, commits[3258574c-39ac-4ed5-9145-ea59a337c299:c2076]
2019-09-02 06:30:10,092 [grpc-default-executor-0] INFO  client.GrpcClientProtocolClient (GrpcClientProtocolClient.java:onNext(255)) - client-0D308AD40832->3258574c-39ac-4ed5-9145-ea59a337c299: receive RaftClientReply:client-0D308AD40832->3258574c-39ac-4ed5-9145-ea59a337c299@group-6C7D867BDA6A, cid=1453, SUCCESS, logIndex=2077, commits[3258574c-39ac-4ed5-9145-ea59a337c299:c2078]
2019-09-02 06:30:10,092 [SCMBlockDeletingService#1] DEBUG block.SCMBlockDeletingService (SCMBlockDeletingService.java:call(138)) - Running DeletedBlockTransactionScanner
2019-09-02 06:30:10,092 [grpc-default-executor-1] INFO  client.GrpcClientProtocolClient (GrpcClientProtocolClient.java:onNext(255)) - client-0D308AD40832->3258574c-39ac-4ed5-9145-ea59a337c299: receive RaftClientReply:client-0D308AD40832->3258574c-39ac-4ed5-9145-ea59a337c299@group-6C7D867BDA6A, cid=1454, SUCCESS, logIndex=2078, commits[3258574c-39ac-4ed5-9145-ea59a337c299:c2079]
2019-09-02 06:30:10,093 [SCMBlockDeletingService#1] DEBUG block.SCMBlockDeletingService (SCMBlockDeletingService.java:call(155)) - Scanned deleted blocks log and got 0 delTX to process.
2019-09-02 06:30:10,096 [grpc-default-executor-1] INFO  client.GrpcClientProtocolClient (GrpcClientProtocolClient.java:onNext(255)) - client-0D308AD40832->3258574c-39ac-4ed5-9145-ea59a337c299: receive RaftClientReply:client-0D308AD40832->3258574c-39ac-4ed5-9145-ea59a337c299@group-6C7D867BDA6A, cid=1455, SUCCESS, logIndex=2080, commits[3258574c-39ac-4ed5-9145-ea59a337c299:c2081]
2019-09-02 06:30:10,096 [grpc-default-executor-1] INFO  client.GrpcClientProtocolClient (GrpcClientProtocolClient.java:onNext(255)) - client-0D308AD40832->3258574c-39ac-4ed5-9145-ea59a337c299: receive RaftClientReply:client-0D308AD40832->3258574c-39ac-4ed5-9145-ea59a337c299@group-6C7D867BDA6A, cid=1456, SUCCESS, logIndex=2081, commits[3258574c-39ac-4ed5-9145-ea59a337c299:c2082]
2019-09-02 06:30:10,118 [grpc-default-executor-0] INFO  client.GrpcClientProtocolClient (GrpcClientProtocolClient.java:onNext(255)) - client-0D308AD40832->3258574c-39ac-4ed5-9145-ea59a337c299: receive RaftClientReply:client-0D308AD40832->3258574c-39ac-4ed5-9145-ea59a337c299@group-6C7D867BDA6A, cid=1457, SUCCESS, logIndex=2083, commits[3258574c-39ac-4ed5-9145-ea59a337c299:c2084]
2019-09-02 06:30:10,119 [grpc-default-executor-0] INFO  client.GrpcClientProtocolClient (GrpcClientProtocolClient.java:onNext(255)) - client-0D308AD40832->3258574c-39ac-4ed5-9145-ea59a337c299: receive RaftClientReply:client-0D308AD40832->3258574c-39ac-4ed5-9145-ea59a337c299@group-6C7D867BDA6A, cid=1458, SUCCESS, logIndex=2084, commits[3258574c-39ac-4ed5-9145-ea59a337c299:c2085]
2019-09-02 06:30:10,193 [SCMBlockDeletingService#1] DEBUG block.SCMBlockDeletingService (SCMBlockDeletingService.java:call(138)) - Running DeletedBlockTransactionScanner
2019-09-02 06:30:10,193 [SCMBlockDeletingService#1] DEBUG block.SCMBlockDeletingService (SCMBlockDeletingService.java:call(155)) - Scanned deleted blocks log and got 0 delTX to process.
2019-09-02 06:30:10,257 [grpc-default-executor-1] INFO  client.GrpcClientProtocolClient (GrpcClientProtocolClient.java:onNext(255)) - client-0D308AD40832->3258574c-39ac-4ed5-9145-ea59a337c299: receive RaftClientReply:client-0D308AD40832->3258574c-39ac-4ed5-9145-ea59a337c299@group-6C7D867BDA6A, cid=1459, SUCCESS, logIndex=2086, commits[3258574c-39ac-4ed5-9145-ea59a337c299:c2087]
2019-09-02 06:30:10,258 [grpc-default-executor-1] INFO  client.GrpcClientProtocolClient (GrpcClientProtocolClient.java:onNext(255)) - client-0D308AD40832->3258574c-39ac-4ed5-9145-ea59a337c299: receive RaftClientReply:client-0D308AD40832->3258574c-39ac-4ed5-9145-ea59a337c299@group-6C7D867BDA6A, cid=1460, SUCCESS, logIndex=2087, commits[3258574c-39ac-4ed5-9145-ea59a337c299:c2088]
2019-09-02 06:30:10,270 [grpc-default-executor-1] INFO  client.GrpcClientProtocolClient (GrpcClientProtocolClient.java:onNext(255)) - client-0D308AD40832->3258574c-39ac-4ed5-9145-ea59a337c299: receive RaftClientReply:client-0D308AD40832->3258574c-39ac-4ed5-9145-ea59a337c299@group-6C7D867BDA6A, cid=1461, SUCCESS, logIndex=2089, commits[3258574c-39ac-4ed5-9145-ea59a337c299:c2090]
2019-09-02 06:30:10,271 [grpc-default-executor-1] INFO  client.GrpcClientProtocolClient (GrpcClientProtocolClient.java:onNext(255)) - client-0D308AD40832->3258574c-39ac-4ed5-9145-ea59a337c299: receive RaftClientReply:client-0D308AD40832->3258574c-39ac-4ed5-9145-ea59a337c299@group-6C7D867BDA6A, cid=1462, SUCCESS, logIndex=2090, commits[3258574c-39ac-4ed5-9145-ea59a337c299:c2090]
2019-09-02 06:30:10,275 [grpc-default-executor-1] INFO  client.GrpcClientProtocolClient (GrpcClientProtocolClient.java:onNext(255)) - client-0D308AD40832->3258574c-39ac-4ed5-9145-ea59a337c299: receive RaftClientReply:client-0D308AD40832->3258574c-39ac-4ed5-9145-ea59a337c299@group-6C7D867BDA6A, cid=1463, SUCCESS, logIndex=2091, commits[3258574c-39ac-4ed5-9145-ea59a337c299:c2093]
2019-09-02 06:30:10,275 [grpc-default-executor-1] INFO  client.GrpcClientProtocolClient (GrpcClientProtocolClient.java:onNext(255)) - client-0D308AD40832->3258574c-39ac-4ed5-9145-ea59a337c299: receive RaftClientReply:client-0D308AD40832->3258574c-39ac-4ed5-9145-ea59a337c299@group-6C7D867BDA6A, cid=1464, SUCCESS, logIndex=2092, commits[3258574c-39ac-4ed5-9145-ea59a337c299:c2093]
2019-09-02 06:30:10,294 [SCMBlockDeletingService#1] DEBUG block.SCMBlockDeletingService (SCMBlockDeletingService.java:call(138)) - Running DeletedBlockTransactionScanner
2019-09-02 06:30:10,294 [SCMBlockDeletingService#1] DEBUG block.SCMBlockDeletingService (SCMBlockDeletingService.java:call(155)) - Scanned deleted blocks log and got 0 delTX to process.
2019-09-02 06:30:10,296 [grpc-default-executor-1] INFO  client.GrpcClientProtocolClient (GrpcClientProtocolClient.java:onNext(255)) - client-0D308AD40832->3258574c-39ac-4ed5-9145-ea59a337c299: receive RaftClientReply:client-0D308AD40832->3258574c-39ac-4ed5-9145-ea59a337c299@group-6C7D867BDA6A, cid=1465, SUCCESS, logIndex=2094, commits[3258574c-39ac-4ed5-9145-ea59a337c299:c2095]
2019-09-02 06:30:10,297 [grpc-default-executor-1] INFO  client.GrpcClientProtocolClient (GrpcClientProtocolClient.java:onNext(255)) - client-0D308AD40832->3258574c-39ac-4ed5-9145-ea59a337c299: receive RaftClientReply:client-0D308AD40832->3258574c-39ac-4ed5-9145-ea59a337c299@group-6C7D867BDA6A, cid=1466, SUCCESS, logIndex=2095, commits[3258574c-39ac-4ed5-9145-ea59a337c299:c2095]
2019-09-02 06:30:10,304 [grpc-default-executor-1] INFO  client.GrpcClientProtocolClient (GrpcClientProtocolClient.java:onNext(255)) - client-0D308AD40832->3258574c-39ac-4ed5-9145-ea59a337c299: receive RaftClientReply:client-0D308AD40832->3258574c-39ac-4ed5-9145-ea59a337c299@group-6C7D867BDA6A, cid=1467, SUCCESS, logIndex=2096, commits[3258574c-39ac-4ed5-9145-ea59a337c299:c2098]
2019-09-02 06:30:10,304 [grpc-default-executor-1] INFO  client.GrpcClientProtocolClient (GrpcClientProtocolClient.java:onNext(255)) - client-0D308AD40832->3258574c-39ac-4ed5-9145-ea59a337c299: receive RaftClientReply:client-0D308AD40832->3258574c-39ac-4ed5-9145-ea59a337c299@group-6C7D867BDA6A, cid=1468, SUCCESS, logIndex=2097, commits[3258574c-39ac-4ed5-9145-ea59a337c299:c2098]
2019-09-02 06:30:10,319 [grpc-default-executor-1] INFO  client.GrpcClientProtocolClient (GrpcClientProtocolClient.java:onNext(255)) - client-0D308AD40832->3258574c-39ac-4ed5-9145-ea59a337c299: receive RaftClientReply:client-0D308AD40832->3258574c-39ac-4ed5-9145-ea59a337c299@group-6C7D867BDA6A, cid=1469, SUCCESS, logIndex=2099, commits[3258574c-39ac-4ed5-9145-ea59a337c299:c2100]
2019-09-02 06:30:10,320 [grpc-default-executor-1] INFO  client.GrpcClientProtocolClient (GrpcClientProtocolClient.java:onNext(255)) - client-0D308AD40832->3258574c-39ac-4ed5-9145-ea59a337c299: receive RaftClientReply:client-0D308AD40832->3258574c-39ac-4ed5-9145-ea59a337c299@group-6C7D867BDA6A, cid=1470, SUCCESS, logIndex=2100, commits[3258574c-39ac-4ed5-9145-ea59a337c299:c2102]
2019-09-02 06:30:10,321 [grpc-default-executor-1] INFO  client.GrpcClientProtocolClient (GrpcClientProtocolClient.java:onNext(255)) - client-0D308AD40832->3258574c-39ac-4ed5-9145-ea59a337c299: receive RaftClientReply:client-0D308AD40832->3258574c-39ac-4ed5-9145-ea59a337c299@group-6C7D867BDA6A, cid=1471, SUCCESS, logIndex=2101, commits[3258574c-39ac-4ed5-9145-ea59a337c299:c2103]
2019-09-02 06:30:10,321 [grpc-default-executor-1] INFO  client.GrpcClientProtocolClient (GrpcClientProtocolClient.java:onNext(255)) - client-0D308AD40832->3258574c-39ac-4ed5-9145-ea59a337c299: receive RaftClientReply:client-0D308AD40832->3258574c-39ac-4ed5-9145-ea59a337c299@group-6C7D867BDA6A, cid=1472, SUCCESS, logIndex=2102, commits[3258574c-39ac-4ed5-9145-ea59a337c299:c2104]
2019-09-02 06:30:10,349 [grpc-default-executor-1] INFO  client.GrpcClientProtocolClient (GrpcClientProtocolClient.java:onNext(255)) - client-0D308AD40832->3258574c-39ac-4ed5-9145-ea59a337c299: receive RaftClientReply:client-0D308AD40832->3258574c-39ac-4ed5-9145-ea59a337c299@group-6C7D867BDA6A, cid=1473, SUCCESS, logIndex=2105, commits[3258574c-39ac-4ed5-9145-ea59a337c299:c2106]
2019-09-02 06:30:10,350 [grpc-default-executor-1] INFO  client.GrpcClientProtocolClient (GrpcClientProtocolClient.java:onNext(255)) - client-0D308AD40832->3258574c-39ac-4ed5-9145-ea59a337c299: receive RaftClientReply:client-0D308AD40832->3258574c-39ac-4ed5-9145-ea59a337c299@group-6C7D867BDA6A, cid=1474, SUCCESS, logIndex=2106, commits[3258574c-39ac-4ed5-9145-ea59a337c299:c2108]
2019-09-02 06:30:10,351 [grpc-default-executor-1] INFO  client.GrpcClientProtocolClient (GrpcClientProtocolClient.java:onNext(255)) - client-0D308AD40832->3258574c-39ac-4ed5-9145-ea59a337c299: receive RaftClientReply:client-0D308AD40832->3258574c-39ac-4ed5-9145-ea59a337c299@group-6C7D867BDA6A, cid=1475, SUCCESS, logIndex=2107, commits[3258574c-39ac-4ed5-9145-ea59a337c299:c2109]
2019-09-02 06:30:10,351 [grpc-default-executor-1] INFO  client.GrpcClientProtocolClient (GrpcClientProtocolClient.java:onNext(255)) - client-0D308AD40832->3258574c-39ac-4ed5-9145-ea59a337c299: receive RaftClientReply:client-0D308AD40832->3258574c-39ac-4ed5-9145-ea59a337c299@group-6C7D867BDA6A, cid=1476, SUCCESS, logIndex=2108, commits[3258574c-39ac-4ed5-9145-ea59a337c299:c2110]
2019-09-02 06:30:10,372 [grpc-default-executor-1] INFO  client.GrpcClientProtocolClient (GrpcClientProtocolClient.java:onNext(255)) - client-0D308AD40832->3258574c-39ac-4ed5-9145-ea59a337c299: receive RaftClientReply:client-0D308AD40832->3258574c-39ac-4ed5-9145-ea59a337c299@group-6C7D867BDA6A, cid=1477, SUCCESS, logIndex=2111, commits[3258574c-39ac-4ed5-9145-ea59a337c299:c2112]
2019-09-02 06:30:10,372 [grpc-default-executor-1] INFO  client.GrpcClientProtocolClient (GrpcClientProtocolClient.java:onNext(255)) - client-0D308AD40832->3258574c-39ac-4ed5-9145-ea59a337c299: receive RaftClientReply:client-0D308AD40832->3258574c-39ac-4ed5-9145-ea59a337c299@group-6C7D867BDA6A, cid=1478, SUCCESS, logIndex=2112, commits[3258574c-39ac-4ed5-9145-ea59a337c299:c2114]
2019-09-02 06:30:10,373 [grpc-default-executor-1] INFO  client.GrpcClientProtocolClient (GrpcClientProtocolClient.java:onNext(255)) - client-0D308AD40832->3258574c-39ac-4ed5-9145-ea59a337c299: receive RaftClientReply:client-0D308AD40832->3258574c-39ac-4ed5-9145-ea59a337c299@group-6C7D867BDA6A, cid=1479, SUCCESS, logIndex=2113, commits[3258574c-39ac-4ed5-9145-ea59a337c299:c2115]
2019-09-02 06:30:10,373 [grpc-default-executor-1] INFO  client.GrpcClientProtocolClient (GrpcClientProtocolClient.java:onNext(255)) - client-0D308AD40832->3258574c-39ac-4ed5-9145-ea59a337c299: receive RaftClientReply:client-0D308AD40832->3258574c-39ac-4ed5-9145-ea59a337c299@group-6C7D867BDA6A, cid=1480, SUCCESS, logIndex=2114, commits[3258574c-39ac-4ed5-9145-ea59a337c299:c2116]
2019-09-02 06:30:10,395 [SCMBlockDeletingService#1] DEBUG block.SCMBlockDeletingService (SCMBlockDeletingService.java:call(138)) - Running DeletedBlockTransactionScanner
2019-09-02 06:30:10,395 [SCMBlockDeletingService#1] DEBUG block.SCMBlockDeletingService (SCMBlockDeletingService.java:call(155)) - Scanned deleted blocks log and got 0 delTX to process.
2019-09-02 06:30:10,403 [grpc-default-executor-1] INFO  client.GrpcClientProtocolClient (GrpcClientProtocolClient.java:onNext(255)) - client-0D308AD40832->3258574c-39ac-4ed5-9145-ea59a337c299: receive RaftClientReply:client-0D308AD40832->3258574c-39ac-4ed5-9145-ea59a337c299@group-6C7D867BDA6A, cid=1481, SUCCESS, logIndex=2117, commits[3258574c-39ac-4ed5-9145-ea59a337c299:c2118]
2019-09-02 06:30:10,404 [grpc-default-executor-1] INFO  client.GrpcClientProtocolClient (GrpcClientProtocolClient.java:onNext(255)) - client-0D308AD40832->3258574c-39ac-4ed5-9145-ea59a337c299: receive RaftClientReply:client-0D308AD40832->3258574c-39ac-4ed5-9145-ea59a337c299@group-6C7D867BDA6A, cid=1482, SUCCESS, logIndex=2118, commits[3258574c-39ac-4ed5-9145-ea59a337c299:c2118]
2019-09-02 06:30:10,405 [grpc-default-executor-1] INFO  client.GrpcClientProtocolClient (GrpcClientProtocolClient.java:onNext(255)) - client-0D308AD40832->3258574c-39ac-4ed5-9145-ea59a337c299: receive RaftClientReply:client-0D308AD40832->3258574c-39ac-4ed5-9145-ea59a337c299@group-6C7D867BDA6A, cid=1483, SUCCESS, logIndex=2119, commits[3258574c-39ac-4ed5-9145-ea59a337c299:c2120]
2019-09-02 06:30:10,406 [grpc-default-executor-1] INFO  client.GrpcClientProtocolClient (GrpcClientProtocolClient.java:onNext(255)) - client-0D308AD40832->3258574c-39ac-4ed5-9145-ea59a337c299: receive RaftClientReply:client-0D308AD40832->3258574c-39ac-4ed5-9145-ea59a337c299@group-6C7D867BDA6A, cid=1484, SUCCESS, logIndex=2120, commits[3258574c-39ac-4ed5-9145-ea59a337c299:c2120]
2019-09-02 06:30:10,881 [SCMBlockDeletingService#1] DEBUG block.SCMBlockDeletingService (SCMBlockDeletingService.java:call(138)) - Running DeletedBlockTransactionScanner
2019-09-02 06:30:10,882 [SCMBlockDeletingService#1] DEBUG block.SCMBlockDeletingService (SCMBlockDeletingService.java:call(155)) - Scanned deleted blocks log and got 0 delTX to process.
2019-09-02 06:30:10,896 [grpc-default-executor-0] INFO  client.GrpcClientProtocolClient (GrpcClientProtocolClient.java:onNext(255)) - client-0D308AD40832->3258574c-39ac-4ed5-9145-ea59a337c299: receive RaftClientReply:client-0D308AD40832->3258574c-39ac-4ed5-9145-ea59a337c299@group-6C7D867BDA6A, cid=1485, SUCCESS, logIndex=2123, commits[3258574c-39ac-4ed5-9145-ea59a337c299:c2124]
2019-09-02 06:30:10,897 [grpc-default-executor-0] INFO  client.GrpcClientProtocolClient (GrpcClientProtocolClient.java:onNext(255)) - client-0D308AD40832->3258574c-39ac-4ed5-9145-ea59a337c299: receive RaftClientReply:client-0D308AD40832->3258574c-39ac-4ed5-9145-ea59a337c299@group-6C7D867BDA6A, cid=1486, SUCCESS, logIndex=2124, commits[3258574c-39ac-4ed5-9145-ea59a337c299:c2127]
2019-09-02 06:30:10,897 [grpc-default-executor-0] INFO  client.GrpcClientProtocolClient (GrpcClientProtocolClient.java:onNext(255)) - client-0D308AD40832->3258574c-39ac-4ed5-9145-ea59a337c299: receive RaftClientReply:client-0D308AD40832->3258574c-39ac-4ed5-9145-ea59a337c299@group-6C7D867BDA6A, cid=1487, SUCCESS, logIndex=2125, commits[3258574c-39ac-4ed5-9145-ea59a337c299:c2128]
2019-09-02 06:30:10,898 [grpc-default-executor-0] INFO  client.GrpcClientProtocolClient (GrpcClientProtocolClient.java:onNext(255)) - client-0D308AD40832->3258574c-39ac-4ed5-9145-ea59a337c299: receive RaftClientReply:client-0D308AD40832->3258574c-39ac-4ed5-9145-ea59a337c299@group-6C7D867BDA6A, cid=1488, SUCCESS, logIndex=2126, commits[3258574c-39ac-4ed5-9145-ea59a337c299:c2128]
2019-09-02 06:30:10,929 [grpc-default-executor-0] INFO  client.GrpcClientProtocolClient (GrpcClientProtocolClient.java:onNext(255)) - client-0D308AD40832->3258574c-39ac-4ed5-9145-ea59a337c299: receive RaftClientReply:client-0D308AD40832->3258574c-39ac-4ed5-9145-ea59a337c299@group-6C7D867BDA6A, cid=1489, SUCCESS, logIndex=2129, commits[3258574c-39ac-4ed5-9145-ea59a337c299:c2130]
2019-09-02 06:30:10,929 [grpc-default-executor-0] INFO  client.GrpcClientProtocolClient (GrpcClientProtocolClient.java:onNext(255)) - client-0D308AD40832->3258574c-39ac-4ed5-9145-ea59a337c299: receive RaftClientReply:client-0D308AD40832->3258574c-39ac-4ed5-9145-ea59a337c299@group-6C7D867BDA6A, cid=1490, SUCCESS, logIndex=2130, commits[3258574c-39ac-4ed5-9145-ea59a337c299:c2133]
2019-09-02 06:30:10,930 [grpc-default-executor-0] INFO  client.GrpcClientProtocolClient (GrpcClientProtocolClient.java:onNext(255)) - client-0D308AD40832->3258574c-39ac-4ed5-9145-ea59a337c299: receive RaftClientReply:client-0D308AD40832->3258574c-39ac-4ed5-9145-ea59a337c299@group-6C7D867BDA6A, cid=1491, SUCCESS, logIndex=2131, commits[3258574c-39ac-4ed5-9145-ea59a337c299:c2133]
2019-09-02 06:30:10,930 [grpc-default-executor-0] INFO  client.GrpcClientProtocolClient (GrpcClientProtocolClient.java:onNext(255)) - client-0D308AD40832->3258574c-39ac-4ed5-9145-ea59a337c299: receive RaftClientReply:client-0D308AD40832->3258574c-39ac-4ed5-9145-ea59a337c299@group-6C7D867BDA6A, cid=1492, SUCCESS, logIndex=2132, commits[3258574c-39ac-4ed5-9145-ea59a337c299:c2134]
2019-09-02 06:30:10,953 [grpc-default-executor-0] INFO  client.GrpcClientProtocolClient (GrpcClientProtocolClient.java:onNext(255)) - client-0D308AD40832->3258574c-39ac-4ed5-9145-ea59a337c299: receive RaftClientReply:client-0D308AD40832->3258574c-39ac-4ed5-9145-ea59a337c299@group-6C7D867BDA6A, cid=1493, SUCCESS, logIndex=2135, commits[3258574c-39ac-4ed5-9145-ea59a337c299:c2138]
2019-09-02 06:30:10,954 [grpc-default-executor-0] INFO  client.GrpcClientProtocolClient (GrpcClientProtocolClient.java:onNext(255)) - client-0D308AD40832->3258574c-39ac-4ed5-9145-ea59a337c299: receive RaftClientReply:client-0D308AD40832->3258574c-39ac-4ed5-9145-ea59a337c299@group-6C7D867BDA6A, cid=1494, SUCCESS, logIndex=2136, commits[3258574c-39ac-4ed5-9145-ea59a337c299:c2139]
2019-09-02 06:30:10,954 [grpc-default-executor-0] INFO  client.GrpcClientProtocolClient (GrpcClientProtocolClient.java:onNext(255)) - client-0D308AD40832->3258574c-39ac-4ed5-9145-ea59a337c299: receive RaftClientReply:client-0D308AD40832->3258574c-39ac-4ed5-9145-ea59a337c299@group-6C7D867BDA6A, cid=1495, SUCCESS, logIndex=2137, commits[3258574c-39ac-4ed5-9145-ea59a337c299:c2139]
2019-09-02 06:30:10,955 [grpc-default-executor-0] INFO  client.GrpcClientProtocolClient (GrpcClientProtocolClient.java:onNext(255)) - client-0D308AD40832->3258574c-39ac-4ed5-9145-ea59a337c299: receive RaftClientReply:client-0D308AD40832->3258574c-39ac-4ed5-9145-ea59a337c299@group-6C7D867BDA6A, cid=1496, SUCCESS, logIndex=2138, commits[3258574c-39ac-4ed5-9145-ea59a337c299:c2139]
2019-09-02 06:30:10,982 [SCMBlockDeletingService#1] DEBUG block.SCMBlockDeletingService (SCMBlockDeletingService.java:call(138)) - Running DeletedBlockTransactionScanner
2019-09-02 06:30:10,982 [SCMBlockDeletingService#1] DEBUG block.SCMBlockDeletingService (SCMBlockDeletingService.java:call(155)) - Scanned deleted blocks log and got 0 delTX to process.
2019-09-02 06:30:10,989 [grpc-default-executor-0] INFO  client.GrpcClientProtocolClient (GrpcClientProtocolClient.java:onNext(255)) - client-0D308AD40832->3258574c-39ac-4ed5-9145-ea59a337c299: receive RaftClientReply:client-0D308AD40832->3258574c-39ac-4ed5-9145-ea59a337c299@group-6C7D867BDA6A, cid=1497, SUCCESS, logIndex=2140, commits[3258574c-39ac-4ed5-9145-ea59a337c299:c2141]
2019-09-02 06:30:10,990 [grpc-default-executor-0] INFO  client.GrpcClientProtocolClient (GrpcClientProtocolClient.java:onNext(255)) - client-0D308AD40832->3258574c-39ac-4ed5-9145-ea59a337c299: receive RaftClientReply:client-0D308AD40832->3258574c-39ac-4ed5-9145-ea59a337c299@group-6C7D867BDA6A, cid=1498, SUCCESS, logIndex=2141, commits[3258574c-39ac-4ed5-9145-ea59a337c299:c2141]
2019-09-02 06:30:10,995 [grpc-default-executor-0] INFO  client.GrpcClientProtocolClient (GrpcClientProtocolClient.java:onNext(255)) - client-0D308AD40832->3258574c-39ac-4ed5-9145-ea59a337c299: receive RaftClientReply:client-0D308AD40832->3258574c-39ac-4ed5-9145-ea59a337c299@group-6C7D867BDA6A, cid=1499, SUCCESS, logIndex=2142, commits[3258574c-39ac-4ed5-9145-ea59a337c299:c2143]
2019-09-02 06:30:10,995 [grpc-default-executor-0] INFO  client.GrpcClientProtocolClient (GrpcClientProtocolClient.java:onNext(255)) - client-0D308AD40832->3258574c-39ac-4ed5-9145-ea59a337c299: receive RaftClientReply:client-0D308AD40832->3258574c-39ac-4ed5-9145-ea59a337c299@group-6C7D867BDA6A, cid=1500, SUCCESS, logIndex=2143, commits[3258574c-39ac-4ed5-9145-ea59a337c299:c2144]
2019-09-02 06:30:11,016 [grpc-default-executor-1] INFO  client.GrpcClientProtocolClient (GrpcClientProtocolClient.java:onNext(255)) - client-0D308AD40832->3258574c-39ac-4ed5-9145-ea59a337c299: receive RaftClientReply:client-0D308AD40832->3258574c-39ac-4ed5-9145-ea59a337c299@group-6C7D867BDA6A, cid=1501, SUCCESS, logIndex=2146, commits[3258574c-39ac-4ed5-9145-ea59a337c299:c2147]
2019-09-02 06:30:11,016 [grpc-default-executor-1] INFO  client.GrpcClientProtocolClient (GrpcClientProtocolClient.java:onNext(255)) - client-0D308AD40832->3258574c-39ac-4ed5-9145-ea59a337c299: receive RaftClientReply:client-0D308AD40832->3258574c-39ac-4ed5-9145-ea59a337c299@group-6C7D867BDA6A, cid=1502, SUCCESS, logIndex=2147, commits[3258574c-39ac-4ed5-9145-ea59a337c299:c2148]
2019-09-02 06:30:11,083 [SCMBlockDeletingService#1] DEBUG block.SCMBlockDeletingService (SCMBlockDeletingService.java:call(138)) - Running DeletedBlockTransactionScanner
2019-09-02 06:30:11,083 [SCMBlockDeletingService#1] DEBUG block.SCMBlockDeletingService (SCMBlockDeletingService.java:call(155)) - Scanned deleted blocks log and got 0 delTX to process.
2019-09-02 06:30:11,130 [grpc-default-executor-0] INFO  client.GrpcClientProtocolClient (GrpcClientProtocolClient.java:onNext(255)) - client-0D308AD40832->3258574c-39ac-4ed5-9145-ea59a337c299: receive RaftClientReply:client-0D308AD40832->3258574c-39ac-4ed5-9145-ea59a337c299@group-6C7D867BDA6A, cid=1503, SUCCESS, logIndex=2149, commits[3258574c-39ac-4ed5-9145-ea59a337c299:c2150]
2019-09-02 06:30:11,130 [grpc-default-executor-0] INFO  client.GrpcClientProtocolClient (GrpcClientProtocolClient.java:onNext(255)) - client-0D308AD40832->3258574c-39ac-4ed5-9145-ea59a337c299: receive RaftClientReply:client-0D308AD40832->3258574c-39ac-4ed5-9145-ea59a337c299@group-6C7D867BDA6A, cid=1504, SUCCESS, logIndex=2150, commits[3258574c-39ac-4ed5-9145-ea59a337c299:c2151]
2019-09-02 06:30:11,156 [grpc-default-executor-1] INFO  client.GrpcClientProtocolClient (GrpcClientProtocolClient.java:onNext(255)) - client-0D308AD40832->3258574c-39ac-4ed5-9145-ea59a337c299: receive RaftClientReply:client-0D308AD40832->3258574c-39ac-4ed5-9145-ea59a337c299@group-6C7D867BDA6A, cid=1505, SUCCESS, logIndex=2152, commits[3258574c-39ac-4ed5-9145-ea59a337c299:c2155]
2019-09-02 06:30:11,156 [grpc-default-executor-1] INFO  client.GrpcClientProtocolClient (GrpcClientProtocolClient.java:onNext(255)) - client-0D308AD40832->3258574c-39ac-4ed5-9145-ea59a337c299: receive RaftClientReply:client-0D308AD40832->3258574c-39ac-4ed5-9145-ea59a337c299@group-6C7D867BDA6A, cid=1506, SUCCESS, logIndex=2153, commits[3258574c-39ac-4ed5-9145-ea59a337c299:c2156]
2019-09-02 06:30:11,156 [grpc-default-executor-1] INFO  client.GrpcClientProtocolClient (GrpcClientProtocolClient.java:onNext(255)) - client-0D308AD40832->3258574c-39ac-4ed5-9145-ea59a337c299: receive RaftClientReply:client-0D308AD40832->3258574c-39ac-4ed5-9145-ea59a337c299@group-6C7D867BDA6A, cid=1507, SUCCESS, logIndex=2154, commits[3258574c-39ac-4ed5-9145-ea59a337c299:c2156]
2019-09-02 06:30:11,157 [grpc-default-executor-1] INFO  client.GrpcClientProtocolClient (GrpcClientProtocolClient.java:onNext(255)) - client-0D308AD40832->3258574c-39ac-4ed5-9145-ea59a337c299: receive RaftClientReply:client-0D308AD40832->3258574c-39ac-4ed5-9145-ea59a337c299@group-6C7D867BDA6A, cid=1508, SUCCESS, logIndex=2155, commits[3258574c-39ac-4ed5-9145-ea59a337c299:c2156]
2019-09-02 06:30:11,183 [grpc-default-executor-0] INFO  client.GrpcClientProtocolClient (GrpcClientProtocolClient.java:onNext(255)) - client-0D308AD40832->3258574c-39ac-4ed5-9145-ea59a337c299: receive RaftClientReply:client-0D308AD40832->3258574c-39ac-4ed5-9145-ea59a337c299@group-6C7D867BDA6A, cid=1509, SUCCESS, logIndex=2157, commits[3258574c-39ac-4ed5-9145-ea59a337c299:c2160]
2019-09-02 06:30:11,183 [SCMBlockDeletingService#1] DEBUG block.SCMBlockDeletingService (SCMBlockDeletingService.java:call(138)) - Running DeletedBlockTransactionScanner
2019-09-02 06:30:11,184 [grpc-default-executor-0] INFO  client.GrpcClientProtocolClient (GrpcClientProtocolClient.java:onNext(255)) - client-0D308AD40832->3258574c-39ac-4ed5-9145-ea59a337c299: receive RaftClientReply:client-0D308AD40832->3258574c-39ac-4ed5-9145-ea59a337c299@group-6C7D867BDA6A, cid=1510, SUCCESS, logIndex=2158, commits[3258574c-39ac-4ed5-9145-ea59a337c299:c2161]
2019-09-02 06:30:11,184 [SCMBlockDeletingService#1] DEBUG block.SCMBlockDeletingService (SCMBlockDeletingService.java:call(155)) - Scanned deleted blocks log and got 0 delTX to process.
2019-09-02 06:30:11,184 [grpc-default-executor-0] INFO  client.GrpcClientProtocolClient (GrpcClientProtocolClient.java:onNext(255)) - client-0D308AD40832->3258574c-39ac-4ed5-9145-ea59a337c299: receive RaftClientReply:client-0D308AD40832->3258574c-39ac-4ed5-9145-ea59a337c299@group-6C7D867BDA6A, cid=1511, SUCCESS, logIndex=2159, commits[3258574c-39ac-4ed5-9145-ea59a337c299:c2161]
2019-09-02 06:30:11,184 [grpc-default-executor-0] INFO  client.GrpcClientProtocolClient (GrpcClientProtocolClient.java:onNext(255)) - client-0D308AD40832->3258574c-39ac-4ed5-9145-ea59a337c299: receive RaftClientReply:client-0D308AD40832->3258574c-39ac-4ed5-9145-ea59a337c299@group-6C7D867BDA6A, cid=1512, SUCCESS, logIndex=2160, commits[3258574c-39ac-4ed5-9145-ea59a337c299:c2161]
2019-09-02 06:30:11,209 [grpc-default-executor-1] INFO  client.GrpcClientProtocolClient (GrpcClientProtocolClient.java:onNext(255)) - client-0D308AD40832->3258574c-39ac-4ed5-9145-ea59a337c299: receive RaftClientReply:client-0D308AD40832->3258574c-39ac-4ed5-9145-ea59a337c299@group-6C7D867BDA6A, cid=1513, SUCCESS, logIndex=2162, commits[3258574c-39ac-4ed5-9145-ea59a337c299:c2165]
2019-09-02 06:30:11,209 [grpc-default-executor-1] INFO  client.GrpcClientProtocolClient (GrpcClientProtocolClient.java:onNext(255)) - client-0D308AD40832->3258574c-39ac-4ed5-9145-ea59a337c299: receive RaftClientReply:client-0D308AD40832->3258574c-39ac-4ed5-9145-ea59a337c299@group-6C7D867BDA6A, cid=1514, SUCCESS, logIndex=2163, commits[3258574c-39ac-4ed5-9145-ea59a337c299:c2166]
2019-09-02 06:30:11,210 [grpc-default-executor-1] INFO  client.GrpcClientProtocolClient (GrpcClientProtocolClient.java:onNext(255)) - client-0D308AD40832->3258574c-39ac-4ed5-9145-ea59a337c299: receive RaftClientReply:client-0D308AD40832->3258574c-39ac-4ed5-9145-ea59a337c299@group-6C7D867BDA6A, cid=1515, SUCCESS, logIndex=2164, commits[3258574c-39ac-4ed5-9145-ea59a337c299:c2166]
2019-09-02 06:30:11,210 [grpc-default-executor-1] INFO  client.GrpcClientProtocolClient (GrpcClientProtocolClient.java:onNext(255)) - client-0D308AD40832->3258574c-39ac-4ed5-9145-ea59a337c299: receive RaftClientReply:client-0D308AD40832->3258574c-39ac-4ed5-9145-ea59a337c299@group-6C7D867BDA6A, cid=1516, SUCCESS, logIndex=2165, commits[3258574c-39ac-4ed5-9145-ea59a337c299:c2166]
2019-09-02 06:30:11,227 [grpc-default-executor-0] INFO  client.GrpcClientProtocolClient (GrpcClientProtocolClient.java:onNext(255)) - client-0D308AD40832->3258574c-39ac-4ed5-9145-ea59a337c299: receive RaftClientReply:client-0D308AD40832->3258574c-39ac-4ed5-9145-ea59a337c299@group-6C7D867BDA6A, cid=1517, SUCCESS, logIndex=2167, commits[3258574c-39ac-4ed5-9145-ea59a337c299:c2170]
2019-09-02 06:30:11,228 [grpc-default-executor-0] INFO  client.GrpcClientProtocolClient (GrpcClientProtocolClient.java:onNext(255)) - client-0D308AD40832->3258574c-39ac-4ed5-9145-ea59a337c299: receive RaftClientReply:client-0D308AD40832->3258574c-39ac-4ed5-9145-ea59a337c299@group-6C7D867BDA6A, cid=1518, SUCCESS, logIndex=2168, commits[3258574c-39ac-4ed5-9145-ea59a337c299:c2170]
2019-09-02 06:30:11,228 [grpc-default-executor-0] INFO  client.GrpcClientProtocolClient (GrpcClientProtocolClient.java:onNext(255)) - client-0D308AD40832->3258574c-39ac-4ed5-9145-ea59a337c299: receive RaftClientReply:client-0D308AD40832->3258574c-39ac-4ed5-9145-ea59a337c299@group-6C7D867BDA6A, cid=1519, SUCCESS, logIndex=2169, commits[3258574c-39ac-4ed5-9145-ea59a337c299:c2171]
2019-09-02 06:30:11,228 [grpc-default-executor-0] INFO  client.GrpcClientProtocolClient (GrpcClientProtocolClient.java:onNext(255)) - client-0D308AD40832->3258574c-39ac-4ed5-9145-ea59a337c299: receive RaftClientReply:client-0D308AD40832->3258574c-39ac-4ed5-9145-ea59a337c299@group-6C7D867BDA6A, cid=1520, SUCCESS, logIndex=2170, commits[3258574c-39ac-4ed5-9145-ea59a337c299:c2171]
2019-09-02 06:30:11,255 [grpc-default-executor-0] INFO  client.GrpcClientProtocolClient (GrpcClientProtocolClient.java:onNext(255)) - client-0D308AD40832->3258574c-39ac-4ed5-9145-ea59a337c299: receive RaftClientReply:client-0D308AD40832->3258574c-39ac-4ed5-9145-ea59a337c299@group-6C7D867BDA6A, cid=1521, SUCCESS, logIndex=2173, commits[3258574c-39ac-4ed5-9145-ea59a337c299:c2177]
2019-09-02 06:30:11,255 [grpc-default-executor-0] INFO  client.GrpcClientProtocolClient (GrpcClientProtocolClient.java:onNext(255)) - client-0D308AD40832->3258574c-39ac-4ed5-9145-ea59a337c299: receive RaftClientReply:client-0D308AD40832->3258574c-39ac-4ed5-9145-ea59a337c299@group-6C7D867BDA6A, cid=1522, SUCCESS, logIndex=2174, commits[3258574c-39ac-4ed5-9145-ea59a337c299:c2177]
2019-09-02 06:30:11,256 [grpc-default-executor-0] INFO  client.GrpcClientProtocolClient (GrpcClientProtocolClient.java:onNext(255)) - client-0D308AD40832->3258574c-39ac-4ed5-9145-ea59a337c299: receive RaftClientReply:client-0D308AD40832->3258574c-39ac-4ed5-9145-ea59a337c299@group-6C7D867BDA6A, cid=1523, SUCCESS, logIndex=2175, commits[3258574c-39ac-4ed5-9145-ea59a337c299:c2177]
2019-09-02 06:30:11,256 [grpc-default-executor-0] INFO  client.GrpcClientProtocolClient (GrpcClientProtocolClient.java:onNext(255)) - client-0D308AD40832->3258574c-39ac-4ed5-9145-ea59a337c299: receive RaftClientReply:client-0D308AD40832->3258574c-39ac-4ed5-9145-ea59a337c299@group-6C7D867BDA6A, cid=1524, SUCCESS, logIndex=2176, commits[3258574c-39ac-4ed5-9145-ea59a337c299:c2177]
2019-09-02 06:30:11,284 [SCMBlockDeletingService#1] DEBUG block.SCMBlockDeletingService (SCMBlockDeletingService.java:call(138)) - Running DeletedBlockTransactionScanner
2019-09-02 06:30:11,284 [SCMBlockDeletingService#1] DEBUG block.SCMBlockDeletingService (SCMBlockDeletingService.java:call(155)) - Scanned deleted blocks log and got 0 delTX to process.
2019-09-02 06:30:11,290 [grpc-default-executor-1] INFO  client.GrpcClientProtocolClient (GrpcClientProtocolClient.java:onNext(255)) - client-0D308AD40832->3258574c-39ac-4ed5-9145-ea59a337c299: receive RaftClientReply:client-0D308AD40832->3258574c-39ac-4ed5-9145-ea59a337c299@group-6C7D867BDA6A, cid=1525, SUCCESS, logIndex=2178, commits[3258574c-39ac-4ed5-9145-ea59a337c299:c2181]
2019-09-02 06:30:11,290 [grpc-default-executor-1] INFO  client.GrpcClientProtocolClient (GrpcClientProtocolClient.java:onNext(255)) - client-0D308AD40832->3258574c-39ac-4ed5-9145-ea59a337c299: receive RaftClientReply:client-0D308AD40832->3258574c-39ac-4ed5-9145-ea59a337c299@group-6C7D867BDA6A, cid=1526, SUCCESS, logIndex=2179, commits[3258574c-39ac-4ed5-9145-ea59a337c299:c2181]
2019-09-02 06:30:11,290 [grpc-default-executor-1] INFO  client.GrpcClientProtocolClient (GrpcClientProtocolClient.java:onNext(255)) - client-0D308AD40832->3258574c-39ac-4ed5-9145-ea59a337c299: receive RaftClientReply:client-0D308AD40832->3258574c-39ac-4ed5-9145-ea59a337c299@group-6C7D867BDA6A, cid=1527, SUCCESS, logIndex=2180, commits[3258574c-39ac-4ed5-9145-ea59a337c299:c2182]
2019-09-02 06:30:11,290 [grpc-default-executor-1] INFO  client.GrpcClientProtocolClient (GrpcClientProtocolClient.java:onNext(255)) - client-0D308AD40832->3258574c-39ac-4ed5-9145-ea59a337c299: receive RaftClientReply:client-0D308AD40832->3258574c-39ac-4ed5-9145-ea59a337c299@group-6C7D867BDA6A, cid=1528, SUCCESS, logIndex=2181, commits[3258574c-39ac-4ed5-9145-ea59a337c299:c2182]
2019-09-02 06:30:11,316 [grpc-default-executor-1] INFO  client.GrpcClientProtocolClient (GrpcClientProtocolClient.java:onNext(255)) - client-0D308AD40832->3258574c-39ac-4ed5-9145-ea59a337c299: receive RaftClientReply:client-0D308AD40832->3258574c-39ac-4ed5-9145-ea59a337c299@group-6C7D867BDA6A, cid=1529, SUCCESS, logIndex=2183, commits[3258574c-39ac-4ed5-9145-ea59a337c299:c2186]
2019-09-02 06:30:11,317 [grpc-default-executor-1] INFO  client.GrpcClientProtocolClient (GrpcClientProtocolClient.java:onNext(255)) - client-0D308AD40832->3258574c-39ac-4ed5-9145-ea59a337c299: receive RaftClientReply:client-0D308AD40832->3258574c-39ac-4ed5-9145-ea59a337c299@group-6C7D867BDA6A, cid=1530, SUCCESS, logIndex=2184, commits[3258574c-39ac-4ed5-9145-ea59a337c299:c2186]
2019-09-02 06:30:11,317 [grpc-default-executor-1] INFO  client.GrpcClientProtocolClient (GrpcClientProtocolClient.java:onNext(255)) - client-0D308AD40832->3258574c-39ac-4ed5-9145-ea59a337c299: receive RaftClientReply:client-0D308AD40832->3258574c-39ac-4ed5-9145-ea59a337c299@group-6C7D867BDA6A, cid=1531, SUCCESS, logIndex=2185, commits[3258574c-39ac-4ed5-9145-ea59a337c299:c2187]
2019-09-02 06:30:11,317 [grpc-default-executor-1] INFO  client.GrpcClientProtocolClient (GrpcClientProtocolClient.java:onNext(255)) - client-0D308AD40832->3258574c-39ac-4ed5-9145-ea59a337c299: receive RaftClientReply:client-0D308AD40832->3258574c-39ac-4ed5-9145-ea59a337c299@group-6C7D867BDA6A, cid=1532, SUCCESS, logIndex=2186, commits[3258574c-39ac-4ed5-9145-ea59a337c299:c2187]
2019-09-02 06:30:11,336 [grpc-default-executor-1] INFO  client.GrpcClientProtocolClient (GrpcClientProtocolClient.java:onNext(255)) - client-0D308AD40832->3258574c-39ac-4ed5-9145-ea59a337c299: receive RaftClientReply:client-0D308AD40832->3258574c-39ac-4ed5-9145-ea59a337c299@group-6C7D867BDA6A, cid=1533, SUCCESS, logIndex=2189, commits[3258574c-39ac-4ed5-9145-ea59a337c299:c2190]
2019-09-02 06:30:11,336 [grpc-default-executor-1] INFO  client.GrpcClientProtocolClient (GrpcClientProtocolClient.java:onNext(255)) - client-0D308AD40832->3258574c-39ac-4ed5-9145-ea59a337c299: receive RaftClientReply:client-0D308AD40832->3258574c-39ac-4ed5-9145-ea59a337c299@group-6C7D867BDA6A, cid=1534, SUCCESS, logIndex=2190, commits[3258574c-39ac-4ed5-9145-ea59a337c299:c2190]
2019-09-02 06:30:11,337 [grpc-default-executor-1] INFO  client.GrpcClientProtocolClient (GrpcClientProtocolClient.java:onNext(255)) - client-0D308AD40832->3258574c-39ac-4ed5-9145-ea59a337c299: receive RaftClientReply:client-0D308AD40832->3258574c-39ac-4ed5-9145-ea59a337c299@group-6C7D867BDA6A, cid=1535, SUCCESS, logIndex=2191, commits[3258574c-39ac-4ed5-9145-ea59a337c299:c2192]
2019-09-02 06:30:11,338 [grpc-default-executor-1] INFO  client.GrpcClientProtocolClient (GrpcClientProtocolClient.java:onNext(255)) - client-0D308AD40832->3258574c-39ac-4ed5-9145-ea59a337c299: receive RaftClientReply:client-0D308AD40832->3258574c-39ac-4ed5-9145-ea59a337c299@group-6C7D867BDA6A, cid=1536, SUCCESS, logIndex=2192, commits[3258574c-39ac-4ed5-9145-ea59a337c299:c2192]
2019-09-02 06:30:11,362 [grpc-default-executor-0] INFO  client.GrpcClientProtocolClient (GrpcClientProtocolClient.java:onNext(255)) - client-0D308AD40832->3258574c-39ac-4ed5-9145-ea59a337c299: receive RaftClientReply:client-0D308AD40832->3258574c-39ac-4ed5-9145-ea59a337c299@group-6C7D867BDA6A, cid=1537, SUCCESS, logIndex=2195, commits[3258574c-39ac-4ed5-9145-ea59a337c299:c2198]
2019-09-02 06:30:11,363 [grpc-default-executor-0] INFO  client.GrpcClientProtocolClient (GrpcClientProtocolClient.java:onNext(255)) - client-0D308AD40832->3258574c-39ac-4ed5-9145-ea59a337c299: receive RaftClientReply:client-0D308AD40832->3258574c-39ac-4ed5-9145-ea59a337c299@group-6C7D867BDA6A, cid=1538, SUCCESS, logIndex=2196, commits[3258574c-39ac-4ed5-9145-ea59a337c299:c2198]
2019-09-02 06:30:11,363 [grpc-default-executor-0] INFO  client.GrpcClientProtocolClient (GrpcClientProtocolClient.java:onNext(255)) - client-0D308AD40832->3258574c-39ac-4ed5-9145-ea59a337c299: receive RaftClientReply:client-0D308AD40832->3258574c-39ac-4ed5-9145-ea59a337c299@group-6C7D867BDA6A, cid=1539, SUCCESS, logIndex=2197, commits[3258574c-39ac-4ed5-9145-ea59a337c299:c2199]
2019-09-02 06:30:11,363 [grpc-default-executor-0] INFO  client.GrpcClientProtocolClient (GrpcClientProtocolClient.java:onNext(255)) - client-0D308AD40832->3258574c-39ac-4ed5-9145-ea59a337c299: receive RaftClientReply:client-0D308AD40832->3258574c-39ac-4ed5-9145-ea59a337c299@group-6C7D867BDA6A, cid=1540, SUCCESS, logIndex=2198, commits[3258574c-39ac-4ed5-9145-ea59a337c299:c2199]
2019-09-02 06:30:11,382 [grpc-default-executor-0] INFO  client.GrpcClientProtocolClient (GrpcClientProtocolClient.java:onNext(255)) - client-0D308AD40832->3258574c-39ac-4ed5-9145-ea59a337c299: receive RaftClientReply:client-0D308AD40832->3258574c-39ac-4ed5-9145-ea59a337c299@group-6C7D867BDA6A, cid=1541, SUCCESS, logIndex=2201, commits[3258574c-39ac-4ed5-9145-ea59a337c299:c2202]
2019-09-02 06:30:11,382 [grpc-default-executor-0] INFO  client.GrpcClientProtocolClient (GrpcClientProtocolClient.java:onNext(255)) - client-0D308AD40832->3258574c-39ac-4ed5-9145-ea59a337c299: receive RaftClientReply:client-0D308AD40832->3258574c-39ac-4ed5-9145-ea59a337c299@group-6C7D867BDA6A, cid=1542, SUCCESS, logIndex=2202, commits[3258574c-39ac-4ed5-9145-ea59a337c299:c2204]
2019-09-02 06:30:11,382 [grpc-default-executor-0] INFO  client.GrpcClientProtocolClient (GrpcClientProtocolClient.java:onNext(255)) - client-0D308AD40832->3258574c-39ac-4ed5-9145-ea59a337c299: receive RaftClientReply:client-0D308AD40832->3258574c-39ac-4ed5-9145-ea59a337c299@group-6C7D867BDA6A, cid=1543, SUCCESS, logIndex=2203, commits[3258574c-39ac-4ed5-9145-ea59a337c299:c2204]
2019-09-02 06:30:11,383 [grpc-default-executor-0] INFO  client.GrpcClientProtocolClient (GrpcClientProtocolClient.java:onNext(255)) - client-0D308AD40832->3258574c-39ac-4ed5-9145-ea59a337c299: receive RaftClientReply:client-0D308AD40832->3258574c-39ac-4ed5-9145-ea59a337c299@group-6C7D867BDA6A, cid=1544, SUCCESS, logIndex=2204, commits[3258574c-39ac-4ed5-9145-ea59a337c299:c2205]
2019-09-02 06:30:11,385 [SCMBlockDeletingService#1] DEBUG block.SCMBlockDeletingService (SCMBlockDeletingService.java:call(138)) - Running DeletedBlockTransactionScanner
2019-09-02 06:30:11,385 [SCMBlockDeletingService#1] DEBUG block.SCMBlockDeletingService (SCMBlockDeletingService.java:call(155)) - Scanned deleted blocks log and got 0 delTX to process.
2019-09-02 06:30:11,397 [grpc-default-executor-0] INFO  client.GrpcClientProtocolClient (GrpcClientProtocolClient.java:onNext(255)) - client-0D308AD40832->3258574c-39ac-4ed5-9145-ea59a337c299: receive RaftClientReply:client-0D308AD40832->3258574c-39ac-4ed5-9145-ea59a337c299@group-6C7D867BDA6A, cid=1545, SUCCESS, logIndex=2207, commits[3258574c-39ac-4ed5-9145-ea59a337c299:c2208]
2019-09-02 06:30:11,397 [grpc-default-executor-0] INFO  client.GrpcClientProtocolClient (GrpcClientProtocolClient.java:onNext(255)) - client-0D308AD40832->3258574c-39ac-4ed5-9145-ea59a337c299: receive RaftClientReply:client-0D308AD40832->3258574c-39ac-4ed5-9145-ea59a337c299@group-6C7D867BDA6A, cid=1546, SUCCESS, logIndex=2208, commits[3258574c-39ac-4ed5-9145-ea59a337c299:c2208]
2019-09-02 06:30:11,549 [SCMBlockDeletingService#1] DEBUG block.SCMBlockDeletingService (SCMBlockDeletingService.java:call(138)) - Running DeletedBlockTransactionScanner
2019-09-02 06:30:11,550 [SCMBlockDeletingService#1] DEBUG block.SCMBlockDeletingService (SCMBlockDeletingService.java:call(155)) - Scanned deleted blocks log and got 0 delTX to process.
2019-09-02 06:30:11,577 [grpc-default-executor-1] INFO  client.GrpcClientProtocolClient (GrpcClientProtocolClient.java:onNext(255)) - client-0D308AD40832->3258574c-39ac-4ed5-9145-ea59a337c299: receive RaftClientReply:client-0D308AD40832->3258574c-39ac-4ed5-9145-ea59a337c299@group-6C7D867BDA6A, cid=1547, SUCCESS, logIndex=2210, commits[3258574c-39ac-4ed5-9145-ea59a337c299:c2211]
2019-09-02 06:30:11,578 [grpc-default-executor-1] INFO  client.GrpcClientProtocolClient (GrpcClientProtocolClient.java:onNext(255)) - client-0D308AD40832->3258574c-39ac-4ed5-9145-ea59a337c299: receive RaftClientReply:client-0D308AD40832->3258574c-39ac-4ed5-9145-ea59a337c299@group-6C7D867BDA6A, cid=1548, SUCCESS, logIndex=2211, commits[3258574c-39ac-4ed5-9145-ea59a337c299:c2212]
2019-09-02 06:30:11,603 [grpc-default-executor-1] INFO  client.GrpcClientProtocolClient (GrpcClientProtocolClient.java:onNext(255)) - client-0D308AD40832->3258574c-39ac-4ed5-9145-ea59a337c299: receive RaftClientReply:client-0D308AD40832->3258574c-39ac-4ed5-9145-ea59a337c299@group-6C7D867BDA6A, cid=1549, SUCCESS, logIndex=2213, commits[3258574c-39ac-4ed5-9145-ea59a337c299:c2214]
2019-09-02 06:30:11,604 [grpc-default-executor-1] INFO  client.GrpcClientProtocolClient (GrpcClientProtocolClient.java:onNext(255)) - client-0D308AD40832->3258574c-39ac-4ed5-9145-ea59a337c299: receive RaftClientReply:client-0D308AD40832->3258574c-39ac-4ed5-9145-ea59a337c299@group-6C7D867BDA6A, cid=1550, SUCCESS, logIndex=2214, commits[3258574c-39ac-4ed5-9145-ea59a337c299:c2217]
2019-09-02 06:30:11,609 [grpc-default-executor-1] INFO  client.GrpcClientProtocolClient (GrpcClientProtocolClient.java:onNext(255)) - client-0D308AD40832->3258574c-39ac-4ed5-9145-ea59a337c299: receive RaftClientReply:client-0D308AD40832->3258574c-39ac-4ed5-9145-ea59a337c299@group-6C7D867BDA6A, cid=1551, SUCCESS, logIndex=2215, commits[3258574c-39ac-4ed5-9145-ea59a337c299:c2217]
2019-09-02 06:30:11,612 [grpc-default-executor-1] INFO  client.GrpcClientProtocolClient (GrpcClientProtocolClient.java:onNext(255)) - client-0D308AD40832->3258574c-39ac-4ed5-9145-ea59a337c299: receive RaftClientReply:client-0D308AD40832->3258574c-39ac-4ed5-9145-ea59a337c299@group-6C7D867BDA6A, cid=1552, SUCCESS, logIndex=2216, commits[3258574c-39ac-4ed5-9145-ea59a337c299:c2217]
2019-09-02 06:30:11,644 [grpc-default-executor-0] INFO  client.GrpcClientProtocolClient (GrpcClientProtocolClient.java:onNext(255)) - client-0D308AD40832->3258574c-39ac-4ed5-9145-ea59a337c299: receive RaftClientReply:client-0D308AD40832->3258574c-39ac-4ed5-9145-ea59a337c299@group-6C7D867BDA6A, cid=1553, SUCCESS, logIndex=2219, commits[3258574c-39ac-4ed5-9145-ea59a337c299:c2222]
2019-09-02 06:30:11,645 [grpc-default-executor-0] INFO  client.GrpcClientProtocolClient (GrpcClientProtocolClient.java:onNext(255)) - client-0D308AD40832->3258574c-39ac-4ed5-9145-ea59a337c299: receive RaftClientReply:client-0D308AD40832->3258574c-39ac-4ed5-9145-ea59a337c299@group-6C7D867BDA6A, cid=1554, SUCCESS, logIndex=2220, commits[3258574c-39ac-4ed5-9145-ea59a337c299:c2222]
2019-09-02 06:30:11,645 [grpc-default-executor-0] INFO  client.GrpcClientProtocolClient (GrpcClientProtocolClient.java:onNext(255)) - client-0D308AD40832->3258574c-39ac-4ed5-9145-ea59a337c299: receive RaftClientReply:client-0D308AD40832->3258574c-39ac-4ed5-9145-ea59a337c299@group-6C7D867BDA6A, cid=1555, SUCCESS, logIndex=2221, commits[3258574c-39ac-4ed5-9145-ea59a337c299:c2222]
2019-09-02 06:30:11,645 [grpc-default-executor-0] INFO  client.GrpcClientProtocolClient (GrpcClientProtocolClient.java:onNext(255)) - client-0D308AD40832->3258574c-39ac-4ed5-9145-ea59a337c299: receive RaftClientReply:client-0D308AD40832->3258574c-39ac-4ed5-9145-ea59a337c299@group-6C7D867BDA6A, cid=1556, SUCCESS, logIndex=2222, commits[3258574c-39ac-4ed5-9145-ea59a337c299:c2222]
2019-09-02 06:30:11,650 [SCMBlockDeletingService#1] DEBUG block.SCMBlockDeletingService (SCMBlockDeletingService.java:call(138)) - Running DeletedBlockTransactionScanner
2019-09-02 06:30:11,650 [SCMBlockDeletingService#1] DEBUG block.SCMBlockDeletingService (SCMBlockDeletingService.java:call(155)) - Scanned deleted blocks log and got 0 delTX to process.
2019-09-02 06:30:11,665 [grpc-default-executor-1] INFO  client.GrpcClientProtocolClient (GrpcClientProtocolClient.java:onNext(255)) - client-0D308AD40832->3258574c-39ac-4ed5-9145-ea59a337c299: receive RaftClientReply:client-0D308AD40832->3258574c-39ac-4ed5-9145-ea59a337c299@group-6C7D867BDA6A, cid=1557, SUCCESS, logIndex=2224, commits[3258574c-39ac-4ed5-9145-ea59a337c299:c2227]
2019-09-02 06:30:11,665 [grpc-default-executor-1] INFO  client.GrpcClientProtocolClient (GrpcClientProtocolClient.java:onNext(255)) - client-0D308AD40832->3258574c-39ac-4ed5-9145-ea59a337c299: receive RaftClientReply:client-0D308AD40832->3258574c-39ac-4ed5-9145-ea59a337c299@group-6C7D867BDA6A, cid=1558, SUCCESS, logIndex=2225, commits[3258574c-39ac-4ed5-9145-ea59a337c299:c2227]
2019-09-02 06:30:11,666 [grpc-default-executor-1] INFO  client.GrpcClientProtocolClient (GrpcClientProtocolClient.java:onNext(255)) - client-0D308AD40832->3258574c-39ac-4ed5-9145-ea59a337c299: receive RaftClientReply:client-0D308AD40832->3258574c-39ac-4ed5-9145-ea59a337c299@group-6C7D867BDA6A, cid=1559, SUCCESS, logIndex=2226, commits[3258574c-39ac-4ed5-9145-ea59a337c299:c2228]
2019-09-02 06:30:11,666 [grpc-default-executor-1] INFO  client.GrpcClientProtocolClient (GrpcClientProtocolClient.java:onNext(255)) - client-0D308AD40832->3258574c-39ac-4ed5-9145-ea59a337c299: receive RaftClientReply:client-0D308AD40832->3258574c-39ac-4ed5-9145-ea59a337c299@group-6C7D867BDA6A, cid=1560, SUCCESS, logIndex=2227, commits[3258574c-39ac-4ed5-9145-ea59a337c299:c2228]
2019-09-02 06:30:11,692 [grpc-default-executor-0] INFO  client.GrpcClientProtocolClient (GrpcClientProtocolClient.java:onNext(255)) - client-0D308AD40832->3258574c-39ac-4ed5-9145-ea59a337c299: receive RaftClientReply:client-0D308AD40832->3258574c-39ac-4ed5-9145-ea59a337c299@group-6C7D867BDA6A, cid=1561, SUCCESS, logIndex=2229, commits[3258574c-39ac-4ed5-9145-ea59a337c299:c2232]
2019-09-02 06:30:11,692 [grpc-default-executor-0] INFO  client.GrpcClientProtocolClient (GrpcClientProtocolClient.java:onNext(255)) - client-0D308AD40832->3258574c-39ac-4ed5-9145-ea59a337c299: receive RaftClientReply:client-0D308AD40832->3258574c-39ac-4ed5-9145-ea59a337c299@group-6C7D867BDA6A, cid=1562, SUCCESS, logIndex=2230, commits[3258574c-39ac-4ed5-9145-ea59a337c299:c2233]
2019-09-02 06:30:11,692 [grpc-default-executor-0] INFO  client.GrpcClientProtocolClient (GrpcClientProtocolClient.java:onNext(255)) - client-0D308AD40832->3258574c-39ac-4ed5-9145-ea59a337c299: receive RaftClientReply:client-0D308AD40832->3258574c-39ac-4ed5-9145-ea59a337c299@group-6C7D867BDA6A, cid=1563, SUCCESS, logIndex=2231, commits[3258574c-39ac-4ed5-9145-ea59a337c299:c2233]
2019-09-02 06:30:11,693 [grpc-default-executor-0] INFO  client.GrpcClientProtocolClient (GrpcClientProtocolClient.java:onNext(255)) - client-0D308AD40832->3258574c-39ac-4ed5-9145-ea59a337c299: receive RaftClientReply:client-0D308AD40832->3258574c-39ac-4ed5-9145-ea59a337c299@group-6C7D867BDA6A, cid=1564, SUCCESS, logIndex=2232, commits[3258574c-39ac-4ed5-9145-ea59a337c299:c2233]
2019-09-02 06:30:11,710 [grpc-default-executor-1] INFO  client.GrpcClientProtocolClient (GrpcClientProtocolClient.java:onNext(255)) - client-0D308AD40832->3258574c-39ac-4ed5-9145-ea59a337c299: receive RaftClientReply:client-0D308AD40832->3258574c-39ac-4ed5-9145-ea59a337c299@group-6C7D867BDA6A, cid=1565, SUCCESS, logIndex=2234, commits[3258574c-39ac-4ed5-9145-ea59a337c299:c2235]
2019-09-02 06:30:11,710 [grpc-default-executor-1] INFO  client.GrpcClientProtocolClient (GrpcClientProtocolClient.java:onNext(255)) - client-0D308AD40832->3258574c-39ac-4ed5-9145-ea59a337c299: receive RaftClientReply:client-0D308AD40832->3258574c-39ac-4ed5-9145-ea59a337c299@group-6C7D867BDA6A, cid=1566, SUCCESS, logIndex=2235, commits[3258574c-39ac-4ed5-9145-ea59a337c299:c2237]
2019-09-02 06:30:11,711 [grpc-default-executor-1] INFO  client.GrpcClientProtocolClient (GrpcClientProtocolClient.java:onNext(255)) - client-0D308AD40832->3258574c-39ac-4ed5-9145-ea59a337c299: receive RaftClientReply:client-0D308AD40832->3258574c-39ac-4ed5-9145-ea59a337c299@group-6C7D867BDA6A, cid=1567, SUCCESS, logIndex=2236, commits[3258574c-39ac-4ed5-9145-ea59a337c299:c2237]
2019-09-02 06:30:11,711 [grpc-default-executor-1] INFO  client.GrpcClientProtocolClient (GrpcClientProtocolClient.java:onNext(255)) - client-0D308AD40832->3258574c-39ac-4ed5-9145-ea59a337c299: receive RaftClientReply:client-0D308AD40832->3258574c-39ac-4ed5-9145-ea59a337c299@group-6C7D867BDA6A, cid=1568, SUCCESS, logIndex=2237, commits[3258574c-39ac-4ed5-9145-ea59a337c299:c2237]
2019-09-02 06:30:11,735 [grpc-default-executor-1] INFO  client.GrpcClientProtocolClient (GrpcClientProtocolClient.java:onNext(255)) - client-0D308AD40832->3258574c-39ac-4ed5-9145-ea59a337c299: receive RaftClientReply:client-0D308AD40832->3258574c-39ac-4ed5-9145-ea59a337c299@group-6C7D867BDA6A, cid=1569, SUCCESS, logIndex=2240, commits[3258574c-39ac-4ed5-9145-ea59a337c299:c2241]
2019-09-02 06:30:11,736 [grpc-default-executor-1] INFO  client.GrpcClientProtocolClient (GrpcClientProtocolClient.java:onNext(255)) - client-0D308AD40832->3258574c-39ac-4ed5-9145-ea59a337c299: receive RaftClientReply:client-0D308AD40832->3258574c-39ac-4ed5-9145-ea59a337c299@group-6C7D867BDA6A, cid=1570, SUCCESS, logIndex=2241, commits[3258574c-39ac-4ed5-9145-ea59a337c299:c2243]
2019-09-02 06:30:11,736 [grpc-default-executor-1] INFO  client.GrpcClientProtocolClient (GrpcClientProtocolClient.java:onNext(255)) - client-0D308AD40832->3258574c-39ac-4ed5-9145-ea59a337c299: receive RaftClientReply:client-0D308AD40832->3258574c-39ac-4ed5-9145-ea59a337c299@group-6C7D867BDA6A, cid=1571, SUCCESS, logIndex=2242, commits[3258574c-39ac-4ed5-9145-ea59a337c299:c2243]
2019-09-02 06:30:11,736 [grpc-default-executor-1] INFO  client.GrpcClientProtocolClient (GrpcClientProtocolClient.java:onNext(255)) - client-0D308AD40832->3258574c-39ac-4ed5-9145-ea59a337c299: receive RaftClientReply:client-0D308AD40832->3258574c-39ac-4ed5-9145-ea59a337c299@group-6C7D867BDA6A, cid=1572, SUCCESS, logIndex=2243, commits[3258574c-39ac-4ed5-9145-ea59a337c299:c2244]
2019-09-02 06:30:11,750 [SCMBlockDeletingService#0] DEBUG block.SCMBlockDeletingService (SCMBlockDeletingService.java:call(138)) - Running DeletedBlockTransactionScanner
2019-09-02 06:30:11,750 [SCMBlockDeletingService#0] DEBUG block.SCMBlockDeletingService (SCMBlockDeletingService.java:call(155)) - Scanned deleted blocks log and got 0 delTX to process.
2019-09-02 06:30:11,754 [grpc-default-executor-0] INFO  client.GrpcClientProtocolClient (GrpcClientProtocolClient.java:onNext(255)) - client-0D308AD40832->3258574c-39ac-4ed5-9145-ea59a337c299: receive RaftClientReply:client-0D308AD40832->3258574c-39ac-4ed5-9145-ea59a337c299@group-6C7D867BDA6A, cid=1573, SUCCESS, logIndex=2246, commits[3258574c-39ac-4ed5-9145-ea59a337c299:c2247]
2019-09-02 06:30:11,754 [grpc-default-executor-0] INFO  client.GrpcClientProtocolClient (GrpcClientProtocolClient.java:onNext(255)) - client-0D308AD40832->3258574c-39ac-4ed5-9145-ea59a337c299: receive RaftClientReply:client-0D308AD40832->3258574c-39ac-4ed5-9145-ea59a337c299@group-6C7D867BDA6A, cid=1574, SUCCESS, logIndex=2247, commits[3258574c-39ac-4ed5-9145-ea59a337c299:c2249]
2019-09-02 06:30:11,755 [grpc-default-executor-0] INFO  client.GrpcClientProtocolClient (GrpcClientProtocolClient.java:onNext(255)) - client-0D308AD40832->3258574c-39ac-4ed5-9145-ea59a337c299: receive RaftClientReply:client-0D308AD40832->3258574c-39ac-4ed5-9145-ea59a337c299@group-6C7D867BDA6A, cid=1575, SUCCESS, logIndex=2248, commits[3258574c-39ac-4ed5-9145-ea59a337c299:c2250]
2019-09-02 06:30:11,755 [grpc-default-executor-0] INFO  client.GrpcClientProtocolClient (GrpcClientProtocolClient.java:onNext(255)) - client-0D308AD40832->3258574c-39ac-4ed5-9145-ea59a337c299: receive RaftClientReply:client-0D308AD40832->3258574c-39ac-4ed5-9145-ea59a337c299@group-6C7D867BDA6A, cid=1576, SUCCESS, logIndex=2249, commits[3258574c-39ac-4ed5-9145-ea59a337c299:c2250]
2019-09-02 06:30:11,780 [grpc-default-executor-0] INFO  client.GrpcClientProtocolClient (GrpcClientProtocolClient.java:onNext(255)) - client-0D308AD40832->3258574c-39ac-4ed5-9145-ea59a337c299: receive RaftClientReply:client-0D308AD40832->3258574c-39ac-4ed5-9145-ea59a337c299@group-6C7D867BDA6A, cid=1577, SUCCESS, logIndex=2252, commits[3258574c-39ac-4ed5-9145-ea59a337c299:c2255]
2019-09-02 06:30:11,781 [grpc-default-executor-0] INFO  client.GrpcClientProtocolClient (GrpcClientProtocolClient.java:onNext(255)) - client-0D308AD40832->3258574c-39ac-4ed5-9145-ea59a337c299: receive RaftClientReply:client-0D308AD40832->3258574c-39ac-4ed5-9145-ea59a337c299@group-6C7D867BDA6A, cid=1578, SUCCESS, logIndex=2253, commits[3258574c-39ac-4ed5-9145-ea59a337c299:c2256]
2019-09-02 06:30:11,781 [grpc-default-executor-0] INFO  client.GrpcClientProtocolClient (GrpcClientProtocolClient.java:onNext(255)) - client-0D308AD40832->3258574c-39ac-4ed5-9145-ea59a337c299: receive RaftClientReply:client-0D308AD40832->3258574c-39ac-4ed5-9145-ea59a337c299@group-6C7D867BDA6A, cid=1579, SUCCESS, logIndex=2254, commits[3258574c-39ac-4ed5-9145-ea59a337c299:c2256]
2019-09-02 06:30:11,781 [grpc-default-executor-0] INFO  client.GrpcClientProtocolClient (GrpcClientProtocolClient.java:onNext(255)) - client-0D308AD40832->3258574c-39ac-4ed5-9145-ea59a337c299: receive RaftClientReply:client-0D308AD40832->3258574c-39ac-4ed5-9145-ea59a337c299@group-6C7D867BDA6A, cid=1580, SUCCESS, logIndex=2255, commits[3258574c-39ac-4ed5-9145-ea59a337c299:c2256]
2019-09-02 06:30:11,801 [grpc-default-executor-0] INFO  client.GrpcClientProtocolClient (GrpcClientProtocolClient.java:onNext(255)) - client-0D308AD40832->3258574c-39ac-4ed5-9145-ea59a337c299: receive RaftClientReply:client-0D308AD40832->3258574c-39ac-4ed5-9145-ea59a337c299@group-6C7D867BDA6A, cid=1581, SUCCESS, logIndex=2257, commits[3258574c-39ac-4ed5-9145-ea59a337c299:c2260]
2019-09-02 06:30:11,801 [grpc-default-executor-0] INFO  client.GrpcClientProtocolClient (GrpcClientProtocolClient.java:onNext(255)) - client-0D308AD40832->3258574c-39ac-4ed5-9145-ea59a337c299: receive RaftClientReply:client-0D308AD40832->3258574c-39ac-4ed5-9145-ea59a337c299@group-6C7D867BDA6A, cid=1582, SUCCESS, logIndex=2258, commits[3258574c-39ac-4ed5-9145-ea59a337c299:c2261]
2019-09-02 06:30:11,801 [grpc-default-executor-0] INFO  client.GrpcClientProtocolClient (GrpcClientProtocolClient.java:onNext(255)) - client-0D308AD40832->3258574c-39ac-4ed5-9145-ea59a337c299: receive RaftClientReply:client-0D308AD40832->3258574c-39ac-4ed5-9145-ea59a337c299@group-6C7D867BDA6A, cid=1583, SUCCESS, logIndex=2259, commits[3258574c-39ac-4ed5-9145-ea59a337c299:c2261]
2019-09-02 06:30:11,801 [grpc-default-executor-0] INFO  client.GrpcClientProtocolClient (GrpcClientProtocolClient.java:onNext(255)) - client-0D308AD40832->3258574c-39ac-4ed5-9145-ea59a337c299: receive RaftClientReply:client-0D308AD40832->3258574c-39ac-4ed5-9145-ea59a337c299@group-6C7D867BDA6A, cid=1584, SUCCESS, logIndex=2260, commits[3258574c-39ac-4ed5-9145-ea59a337c299:c2261]
2019-09-02 06:30:11,824 [grpc-default-executor-0] INFO  client.GrpcClientProtocolClient (GrpcClientProtocolClient.java:onNext(255)) - client-0D308AD40832->3258574c-39ac-4ed5-9145-ea59a337c299: receive RaftClientReply:client-0D308AD40832->3258574c-39ac-4ed5-9145-ea59a337c299@group-6C7D867BDA6A, cid=1585, SUCCESS, logIndex=2262, commits[3258574c-39ac-4ed5-9145-ea59a337c299:c2265]
2019-09-02 06:30:11,824 [grpc-default-executor-0] INFO  client.GrpcClientProtocolClient (GrpcClientProtocolClient.java:onNext(255)) - client-0D308AD40832->3258574c-39ac-4ed5-9145-ea59a337c299: receive RaftClientReply:client-0D308AD40832->3258574c-39ac-4ed5-9145-ea59a337c299@group-6C7D867BDA6A, cid=1586, SUCCESS, logIndex=2263, commits[3258574c-39ac-4ed5-9145-ea59a337c299:c2265]
2019-09-02 06:30:11,824 [grpc-default-executor-1] INFO  client.GrpcClientProtocolClient (GrpcClientProtocolClient.java:onNext(255)) - client-0D308AD40832->3258574c-39ac-4ed5-9145-ea59a337c299: receive RaftClientReply:client-0D308AD40832->3258574c-39ac-4ed5-9145-ea59a337c299@group-6C7D867BDA6A, cid=1587, SUCCESS, logIndex=2264, commits[3258574c-39ac-4ed5-9145-ea59a337c299:c2265]
2019-09-02 06:30:11,825 [grpc-default-executor-1] INFO  client.GrpcClientProtocolClient (GrpcClientProtocolClient.java:onNext(255)) - client-0D308AD40832->3258574c-39ac-4ed5-9145-ea59a337c299: receive RaftClientReply:client-0D308AD40832->3258574c-39ac-4ed5-9145-ea59a337c299@group-6C7D867BDA6A, cid=1588, SUCCESS, logIndex=2265, commits[3258574c-39ac-4ed5-9145-ea59a337c299:c2265]
2019-09-02 06:30:11,832 [grpc-default-executor-1] INFO  client.GrpcClientProtocolClient (GrpcClientProtocolClient.java:onNext(255)) - client-0D308AD40832->3258574c-39ac-4ed5-9145-ea59a337c299: receive RaftClientReply:client-0D308AD40832->3258574c-39ac-4ed5-9145-ea59a337c299@group-6C7D867BDA6A, cid=1589, SUCCESS, logIndex=2267, commits[3258574c-39ac-4ed5-9145-ea59a337c299:c2268]
2019-09-02 06:30:11,832 [grpc-default-executor-1] INFO  client.GrpcClientProtocolClient (GrpcClientProtocolClient.java:onNext(255)) - client-0D308AD40832->3258574c-39ac-4ed5-9145-ea59a337c299: receive RaftClientReply:client-0D308AD40832->3258574c-39ac-4ed5-9145-ea59a337c299@group-6C7D867BDA6A, cid=1590, SUCCESS, logIndex=2268, commits[3258574c-39ac-4ed5-9145-ea59a337c299:c2268]
2019-09-02 06:30:11,851 [SCMBlockDeletingService#0] DEBUG block.SCMBlockDeletingService (SCMBlockDeletingService.java:call(138)) - Running DeletedBlockTransactionScanner
2019-09-02 06:30:11,851 [SCMBlockDeletingService#0] DEBUG block.SCMBlockDeletingService (SCMBlockDeletingService.java:call(155)) - Scanned deleted blocks log and got 0 delTX to process.
2019-09-02 06:30:11,915 [grpc-default-executor-1] INFO  client.GrpcClientProtocolClient (GrpcClientProtocolClient.java:onNext(255)) - client-0D308AD40832->3258574c-39ac-4ed5-9145-ea59a337c299: receive RaftClientReply:client-0D308AD40832->3258574c-39ac-4ed5-9145-ea59a337c299@group-6C7D867BDA6A, cid=1591, SUCCESS, logIndex=2270, commits[3258574c-39ac-4ed5-9145-ea59a337c299:c2271]
2019-09-02 06:30:11,915 [grpc-default-executor-1] INFO  client.GrpcClientProtocolClient (GrpcClientProtocolClient.java:onNext(255)) - client-0D308AD40832->3258574c-39ac-4ed5-9145-ea59a337c299: receive RaftClientReply:client-0D308AD40832->3258574c-39ac-4ed5-9145-ea59a337c299@group-6C7D867BDA6A, cid=1592, SUCCESS, logIndex=2271, commits[3258574c-39ac-4ed5-9145-ea59a337c299:c2272]
2019-09-02 06:30:11,935 [grpc-default-executor-1] INFO  client.GrpcClientProtocolClient (GrpcClientProtocolClient.java:onNext(255)) - client-0D308AD40832->3258574c-39ac-4ed5-9145-ea59a337c299: receive RaftClientReply:client-0D308AD40832->3258574c-39ac-4ed5-9145-ea59a337c299@group-6C7D867BDA6A, cid=1593, SUCCESS, logIndex=2273, commits[3258574c-39ac-4ed5-9145-ea59a337c299:c2276]
2019-09-02 06:30:11,936 [grpc-default-executor-1] INFO  client.GrpcClientProtocolClient (GrpcClientProtocolClient.java:onNext(255)) - client-0D308AD40832->3258574c-39ac-4ed5-9145-ea59a337c299: receive RaftClientReply:client-0D308AD40832->3258574c-39ac-4ed5-9145-ea59a337c299@group-6C7D867BDA6A, cid=1594, SUCCESS, logIndex=2274, commits[3258574c-39ac-4ed5-9145-ea59a337c299:c2277]
2019-09-02 06:30:11,936 [grpc-default-executor-1] INFO  client.GrpcClientProtocolClient (GrpcClientProtocolClient.java:onNext(255)) - client-0D308AD40832->3258574c-39ac-4ed5-9145-ea59a337c299: receive RaftClientReply:client-0D308AD40832->3258574c-39ac-4ed5-9145-ea59a337c299@group-6C7D867BDA6A, cid=1595, SUCCESS, logIndex=2275, commits[3258574c-39ac-4ed5-9145-ea59a337c299:c2277]
2019-09-02 06:30:11,937 [grpc-default-executor-1] INFO  client.GrpcClientProtocolClient (GrpcClientProtocolClient.java:onNext(255)) - client-0D308AD40832->3258574c-39ac-4ed5-9145-ea59a337c299: receive RaftClientReply:client-0D308AD40832->3258574c-39ac-4ed5-9145-ea59a337c299@group-6C7D867BDA6A, cid=1596, SUCCESS, logIndex=2276, commits[3258574c-39ac-4ed5-9145-ea59a337c299:c2277]
2019-09-02 06:30:11,951 [SCMBlockDeletingService#0] DEBUG block.SCMBlockDeletingService (SCMBlockDeletingService.java:call(138)) - Running DeletedBlockTransactionScanner
2019-09-02 06:30:11,951 [SCMBlockDeletingService#0] DEBUG block.SCMBlockDeletingService (SCMBlockDeletingService.java:call(155)) - Scanned deleted blocks log and got 0 delTX to process.
2019-09-02 06:30:11,956 [grpc-default-executor-1] INFO  client.GrpcClientProtocolClient (GrpcClientProtocolClient.java:onNext(255)) - client-0D308AD40832->3258574c-39ac-4ed5-9145-ea59a337c299: receive RaftClientReply:client-0D308AD40832->3258574c-39ac-4ed5-9145-ea59a337c299@group-6C7D867BDA6A, cid=1597, SUCCESS, logIndex=2278, commits[3258574c-39ac-4ed5-9145-ea59a337c299:c2281]
2019-09-02 06:30:11,957 [grpc-default-executor-1] INFO  client.GrpcClientProtocolClient (GrpcClientProtocolClient.java:onNext(255)) - client-0D308AD40832->3258574c-39ac-4ed5-9145-ea59a337c299: receive RaftClientReply:client-0D308AD40832->3258574c-39ac-4ed5-9145-ea59a337c299@group-6C7D867BDA6A, cid=1598, SUCCESS, logIndex=2279, commits[3258574c-39ac-4ed5-9145-ea59a337c299:c2281]
2019-09-02 06:30:11,957 [grpc-default-executor-1] INFO  client.GrpcClientProtocolClient (GrpcClientProtocolClient.java:onNext(255)) - client-0D308AD40832->3258574c-39ac-4ed5-9145-ea59a337c299: receive RaftClientReply:client-0D308AD40832->3258574c-39ac-4ed5-9145-ea59a337c299@group-6C7D867BDA6A, cid=1599, SUCCESS, logIndex=2280, commits[3258574c-39ac-4ed5-9145-ea59a337c299:c2281]
2019-09-02 06:30:11,957 [grpc-default-executor-1] INFO  client.GrpcClientProtocolClient (GrpcClientProtocolClient.java:onNext(255)) - client-0D308AD40832->3258574c-39ac-4ed5-9145-ea59a337c299: receive RaftClientReply:client-0D308AD40832->3258574c-39ac-4ed5-9145-ea59a337c299@group-6C7D867BDA6A, cid=1600, SUCCESS, logIndex=2281, commits[3258574c-39ac-4ed5-9145-ea59a337c299:c2281]
2019-09-02 06:30:11,982 [grpc-default-executor-1] INFO  client.GrpcClientProtocolClient (GrpcClientProtocolClient.java:onNext(255)) - client-0D308AD40832->3258574c-39ac-4ed5-9145-ea59a337c299: receive RaftClientReply:client-0D308AD40832->3258574c-39ac-4ed5-9145-ea59a337c299@group-6C7D867BDA6A, cid=1601, SUCCESS, logIndex=2283, commits[3258574c-39ac-4ed5-9145-ea59a337c299:c2286]
2019-09-02 06:30:11,982 [grpc-default-executor-1] INFO  client.GrpcClientProtocolClient (GrpcClientProtocolClient.java:onNext(255)) - client-0D308AD40832->3258574c-39ac-4ed5-9145-ea59a337c299: receive RaftClientReply:client-0D308AD40832->3258574c-39ac-4ed5-9145-ea59a337c299@group-6C7D867BDA6A, cid=1602, SUCCESS, logIndex=2284, commits[3258574c-39ac-4ed5-9145-ea59a337c299:c2287]
2019-09-02 06:30:11,982 [grpc-default-executor-1] INFO  client.GrpcClientProtocolClient (GrpcClientProtocolClient.java:onNext(255)) - client-0D308AD40832->3258574c-39ac-4ed5-9145-ea59a337c299: receive RaftClientReply:client-0D308AD40832->3258574c-39ac-4ed5-9145-ea59a337c299@group-6C7D867BDA6A, cid=1603, SUCCESS, logIndex=2285, commits[3258574c-39ac-4ed5-9145-ea59a337c299:c2287]
2019-09-02 06:30:11,983 [grpc-default-executor-1] INFO  client.GrpcClientProtocolClient (GrpcClientProtocolClient.java:onNext(255)) - client-0D308AD40832->3258574c-39ac-4ed5-9145-ea59a337c299: receive RaftClientReply:client-0D308AD40832->3258574c-39ac-4ed5-9145-ea59a337c299@group-6C7D867BDA6A, cid=1604, SUCCESS, logIndex=2286, commits[3258574c-39ac-4ed5-9145-ea59a337c299:c2287]
2019-09-02 06:30:12,002 [grpc-default-executor-0] INFO  client.GrpcClientProtocolClient (GrpcClientProtocolClient.java:onNext(255)) - client-0D308AD40832->3258574c-39ac-4ed5-9145-ea59a337c299: receive RaftClientReply:client-0D308AD40832->3258574c-39ac-4ed5-9145-ea59a337c299@group-6C7D867BDA6A, cid=1605, SUCCESS, logIndex=2288, commits[3258574c-39ac-4ed5-9145-ea59a337c299:c2291]
2019-09-02 06:30:12,002 [grpc-default-executor-0] INFO  client.GrpcClientProtocolClient (GrpcClientProtocolClient.java:onNext(255)) - client-0D308AD40832->3258574c-39ac-4ed5-9145-ea59a337c299: receive RaftClientReply:client-0D308AD40832->3258574c-39ac-4ed5-9145-ea59a337c299@group-6C7D867BDA6A, cid=1606, SUCCESS, logIndex=2289, commits[3258574c-39ac-4ed5-9145-ea59a337c299:c2291]
2019-09-02 06:30:12,002 [grpc-default-executor-0] INFO  client.GrpcClientProtocolClient (GrpcClientProtocolClient.java:onNext(255)) - client-0D308AD40832->3258574c-39ac-4ed5-9145-ea59a337c299: receive RaftClientReply:client-0D308AD40832->3258574c-39ac-4ed5-9145-ea59a337c299@group-6C7D867BDA6A, cid=1607, SUCCESS, logIndex=2290, commits[3258574c-39ac-4ed5-9145-ea59a337c299:c2292]
2019-09-02 06:30:12,002 [grpc-default-executor-0] INFO  client.GrpcClientProtocolClient (GrpcClientProtocolClient.java:onNext(255)) - client-0D308AD40832->3258574c-39ac-4ed5-9145-ea59a337c299: receive RaftClientReply:client-0D308AD40832->3258574c-39ac-4ed5-9145-ea59a337c299@group-6C7D867BDA6A, cid=1608, SUCCESS, logIndex=2291, commits[3258574c-39ac-4ed5-9145-ea59a337c299:c2292]
2019-09-02 06:30:12,028 [grpc-default-executor-0] INFO  client.GrpcClientProtocolClient (GrpcClientProtocolClient.java:onNext(255)) - client-0D308AD40832->3258574c-39ac-4ed5-9145-ea59a337c299: receive RaftClientReply:client-0D308AD40832->3258574c-39ac-4ed5-9145-ea59a337c299@group-6C7D867BDA6A, cid=1609, SUCCESS, logIndex=2293, commits[3258574c-39ac-4ed5-9145-ea59a337c299:c2294]
2019-09-02 06:30:12,028 [grpc-default-executor-0] INFO  client.GrpcClientProtocolClient (GrpcClientProtocolClient.java:onNext(255)) - client-0D308AD40832->3258574c-39ac-4ed5-9145-ea59a337c299: receive RaftClientReply:client-0D308AD40832->3258574c-39ac-4ed5-9145-ea59a337c299@group-6C7D867BDA6A, cid=1610, SUCCESS, logIndex=2294, commits[3258574c-39ac-4ed5-9145-ea59a337c299:c2296]
2019-09-02 06:30:12,028 [grpc-default-executor-0] INFO  client.GrpcClientProtocolClient (GrpcClientProtocolClient.java:onNext(255)) - client-0D308AD40832->3258574c-39ac-4ed5-9145-ea59a337c299: receive RaftClientReply:client-0D308AD40832->3258574c-39ac-4ed5-9145-ea59a337c299@group-6C7D867BDA6A, cid=1611, SUCCESS, logIndex=2295, commits[3258574c-39ac-4ed5-9145-ea59a337c299:c2297]
2019-09-02 06:30:12,028 [grpc-default-executor-0] INFO  client.GrpcClientProtocolClient (GrpcClientProtocolClient.java:onNext(255)) - client-0D308AD40832->3258574c-39ac-4ed5-9145-ea59a337c299: receive RaftClientReply:client-0D308AD40832->3258574c-39ac-4ed5-9145-ea59a337c299@group-6C7D867BDA6A, cid=1612, SUCCESS, logIndex=2296, commits[3258574c-39ac-4ed5-9145-ea59a337c299:c2297]
2019-09-02 06:30:12,047 [grpc-default-executor-0] INFO  client.GrpcClientProtocolClient (GrpcClientProtocolClient.java:onNext(255)) - client-0D308AD40832->3258574c-39ac-4ed5-9145-ea59a337c299: receive RaftClientReply:client-0D308AD40832->3258574c-39ac-4ed5-9145-ea59a337c299@group-6C7D867BDA6A, cid=1613, SUCCESS, logIndex=2299, commits[3258574c-39ac-4ed5-9145-ea59a337c299:c2302]
2019-09-02 06:30:12,048 [grpc-default-executor-0] INFO  client.GrpcClientProtocolClient (GrpcClientProtocolClient.java:onNext(255)) - client-0D308AD40832->3258574c-39ac-4ed5-9145-ea59a337c299: receive RaftClientReply:client-0D308AD40832->3258574c-39ac-4ed5-9145-ea59a337c299@group-6C7D867BDA6A, cid=1614, SUCCESS, logIndex=2300, commits[3258574c-39ac-4ed5-9145-ea59a337c299:c2302]
2019-09-02 06:30:12,048 [grpc-default-executor-0] INFO  client.GrpcClientProtocolClient (GrpcClientProtocolClient.java:onNext(255)) - client-0D308AD40832->3258574c-39ac-4ed5-9145-ea59a337c299: receive RaftClientReply:client-0D308AD40832->3258574c-39ac-4ed5-9145-ea59a337c299@group-6C7D867BDA6A, cid=1615, SUCCESS, logIndex=2301, commits[3258574c-39ac-4ed5-9145-ea59a337c299:c2303]
2019-09-02 06:30:12,048 [grpc-default-executor-0] INFO  client.GrpcClientProtocolClient (GrpcClientProtocolClient.java:onNext(255)) - client-0D308AD40832->3258574c-39ac-4ed5-9145-ea59a337c299: receive RaftClientReply:client-0D308AD40832->3258574c-39ac-4ed5-9145-ea59a337c299@group-6C7D867BDA6A, cid=1616, SUCCESS, logIndex=2302, commits[3258574c-39ac-4ed5-9145-ea59a337c299:c2303]
2019-09-02 06:30:12,052 [SCMBlockDeletingService#0] DEBUG block.SCMBlockDeletingService (SCMBlockDeletingService.java:call(138)) - Running DeletedBlockTransactionScanner
2019-09-02 06:30:12,052 [SCMBlockDeletingService#0] DEBUG block.SCMBlockDeletingService (SCMBlockDeletingService.java:call(155)) - Scanned deleted blocks log and got 0 delTX to process.
2019-09-02 06:30:12,073 [grpc-default-executor-0] INFO  client.GrpcClientProtocolClient (GrpcClientProtocolClient.java:onNext(255)) - client-0D308AD40832->3258574c-39ac-4ed5-9145-ea59a337c299: receive RaftClientReply:client-0D308AD40832->3258574c-39ac-4ed5-9145-ea59a337c299@group-6C7D867BDA6A, cid=1617, SUCCESS, logIndex=2304, commits[3258574c-39ac-4ed5-9145-ea59a337c299:c2305]
2019-09-02 06:30:12,074 [grpc-default-executor-0] INFO  client.GrpcClientProtocolClient (GrpcClientProtocolClient.java:onNext(255)) - client-0D308AD40832->3258574c-39ac-4ed5-9145-ea59a337c299: receive RaftClientReply:client-0D308AD40832->3258574c-39ac-4ed5-9145-ea59a337c299@group-6C7D867BDA6A, cid=1618, SUCCESS, logIndex=2305, commits[3258574c-39ac-4ed5-9145-ea59a337c299:c2305]
2019-09-02 06:30:12,075 [grpc-default-executor-0] INFO  client.GrpcClientProtocolClient (GrpcClientProtocolClient.java:onNext(255)) - client-0D308AD40832->3258574c-39ac-4ed5-9145-ea59a337c299: receive RaftClientReply:client-0D308AD40832->3258574c-39ac-4ed5-9145-ea59a337c299@group-6C7D867BDA6A, cid=1619, SUCCESS, logIndex=2306, commits[3258574c-39ac-4ed5-9145-ea59a337c299:c2307]
2019-09-02 06:30:12,076 [grpc-default-executor-0] INFO  client.GrpcClientProtocolClient (GrpcClientProtocolClient.java:onNext(255)) - client-0D308AD40832->3258574c-39ac-4ed5-9145-ea59a337c299: receive RaftClientReply:client-0D308AD40832->3258574c-39ac-4ed5-9145-ea59a337c299@group-6C7D867BDA6A, cid=1620, SUCCESS, logIndex=2307, commits[3258574c-39ac-4ed5-9145-ea59a337c299:c2307]
2019-09-02 06:30:12,087 [grpc-default-executor-0] INFO  client.GrpcClientProtocolClient (GrpcClientProtocolClient.java:onNext(255)) - client-0D308AD40832->3258574c-39ac-4ed5-9145-ea59a337c299: receive RaftClientReply:client-0D308AD40832->3258574c-39ac-4ed5-9145-ea59a337c299@group-6C7D867BDA6A, cid=1621, SUCCESS, logIndex=2310, commits[3258574c-39ac-4ed5-9145-ea59a337c299:c2313]
2019-09-02 06:30:12,088 [grpc-default-executor-0] INFO  client.GrpcClientProtocolClient (GrpcClientProtocolClient.java:onNext(255)) - client-0D308AD40832->3258574c-39ac-4ed5-9145-ea59a337c299: receive RaftClientReply:client-0D308AD40832->3258574c-39ac-4ed5-9145-ea59a337c299@group-6C7D867BDA6A, cid=1622, SUCCESS, logIndex=2311, commits[3258574c-39ac-4ed5-9145-ea59a337c299:c2313]
2019-09-02 06:30:12,088 [grpc-default-executor-0] INFO  client.GrpcClientProtocolClient (GrpcClientProtocolClient.java:onNext(255)) - client-0D308AD40832->3258574c-39ac-4ed5-9145-ea59a337c299: receive RaftClientReply:client-0D308AD40832->3258574c-39ac-4ed5-9145-ea59a337c299@group-6C7D867BDA6A, cid=1623, SUCCESS, logIndex=2312, commits[3258574c-39ac-4ed5-9145-ea59a337c299:c2314]
2019-09-02 06:30:12,088 [grpc-default-executor-0] INFO  client.GrpcClientProtocolClient (GrpcClientProtocolClient.java:onNext(255)) - client-0D308AD40832->3258574c-39ac-4ed5-9145-ea59a337c299: receive RaftClientReply:client-0D308AD40832->3258574c-39ac-4ed5-9145-ea59a337c299@group-6C7D867BDA6A, cid=1624, SUCCESS, logIndex=2313, commits[3258574c-39ac-4ed5-9145-ea59a337c299:c2314]
2019-09-02 06:30:12,112 [grpc-default-executor-0] INFO  client.GrpcClientProtocolClient (GrpcClientProtocolClient.java:onNext(255)) - client-0D308AD40832->3258574c-39ac-4ed5-9145-ea59a337c299: receive RaftClientReply:client-0D308AD40832->3258574c-39ac-4ed5-9145-ea59a337c299@group-6C7D867BDA6A, cid=1625, SUCCESS, logIndex=2315, commits[3258574c-39ac-4ed5-9145-ea59a337c299:c2316]
2019-09-02 06:30:12,113 [grpc-default-executor-0] INFO  client.GrpcClientProtocolClient (GrpcClientProtocolClient.java:onNext(255)) - client-0D308AD40832->3258574c-39ac-4ed5-9145-ea59a337c299: receive RaftClientReply:client-0D308AD40832->3258574c-39ac-4ed5-9145-ea59a337c299@group-6C7D867BDA6A, cid=1626, SUCCESS, logIndex=2316, commits[3258574c-39ac-4ed5-9145-ea59a337c299:c2318]
2019-09-02 06:30:12,113 [grpc-default-executor-0] INFO  client.GrpcClientProtocolClient (GrpcClientProtocolClient.java:onNext(255)) - client-0D308AD40832->3258574c-39ac-4ed5-9145-ea59a337c299: receive RaftClientReply:client-0D308AD40832->3258574c-39ac-4ed5-9145-ea59a337c299@group-6C7D867BDA6A, cid=1627, SUCCESS, logIndex=2317, commits[3258574c-39ac-4ed5-9145-ea59a337c299:c2318]
2019-09-02 06:30:12,114 [grpc-default-executor-0] INFO  client.GrpcClientProtocolClient (GrpcClientProtocolClient.java:onNext(255)) - client-0D308AD40832->3258574c-39ac-4ed5-9145-ea59a337c299: receive RaftClientReply:client-0D308AD40832->3258574c-39ac-4ed5-9145-ea59a337c299@group-6C7D867BDA6A, cid=1628, SUCCESS, logIndex=2318, commits[3258574c-39ac-4ed5-9145-ea59a337c299:c2319]
2019-09-02 06:30:12,122 [grpc-default-executor-0] INFO  client.GrpcClientProtocolClient (GrpcClientProtocolClient.java:onNext(255)) - client-0D308AD40832->3258574c-39ac-4ed5-9145-ea59a337c299: receive RaftClientReply:client-0D308AD40832->3258574c-39ac-4ed5-9145-ea59a337c299@group-6C7D867BDA6A, cid=1629, SUCCESS, logIndex=2321, commits[3258574c-39ac-4ed5-9145-ea59a337c299:c2322]
2019-09-02 06:30:12,122 [grpc-default-executor-0] INFO  client.GrpcClientProtocolClient (GrpcClientProtocolClient.java:onNext(255)) - client-0D308AD40832->3258574c-39ac-4ed5-9145-ea59a337c299: receive RaftClientReply:client-0D308AD40832->3258574c-39ac-4ed5-9145-ea59a337c299@group-6C7D867BDA6A, cid=1630, SUCCESS, logIndex=2322, commits[3258574c-39ac-4ed5-9145-ea59a337c299:c2322]
2019-09-02 06:30:12,123 [grpc-default-executor-0] INFO  client.GrpcClientProtocolClient (GrpcClientProtocolClient.java:onNext(255)) - client-0D308AD40832->3258574c-39ac-4ed5-9145-ea59a337c299: receive RaftClientReply:client-0D308AD40832->3258574c-39ac-4ed5-9145-ea59a337c299@group-6C7D867BDA6A, cid=1631, SUCCESS, logIndex=2323, commits[3258574c-39ac-4ed5-9145-ea59a337c299:c2325]
2019-09-02 06:30:12,123 [grpc-default-executor-0] INFO  client.GrpcClientProtocolClient (GrpcClientProtocolClient.java:onNext(255)) - client-0D308AD40832->3258574c-39ac-4ed5-9145-ea59a337c299: receive RaftClientReply:client-0D308AD40832->3258574c-39ac-4ed5-9145-ea59a337c299@group-6C7D867BDA6A, cid=1632, SUCCESS, logIndex=2324, commits[3258574c-39ac-4ed5-9145-ea59a337c299:c2325]
2019-09-02 06:30:12,196 [SCMBlockDeletingService#0] DEBUG block.SCMBlockDeletingService (SCMBlockDeletingService.java:call(138)) - Running DeletedBlockTransactionScanner
2019-09-02 06:30:12,196 [SCMBlockDeletingService#0] DEBUG block.SCMBlockDeletingService (SCMBlockDeletingService.java:call(155)) - Scanned deleted blocks log and got 0 delTX to process.
2019-09-02 06:30:12,212 [grpc-default-executor-1] INFO  client.GrpcClientProtocolClient (GrpcClientProtocolClient.java:onNext(255)) - client-0D308AD40832->3258574c-39ac-4ed5-9145-ea59a337c299: receive RaftClientReply:client-0D308AD40832->3258574c-39ac-4ed5-9145-ea59a337c299@group-6C7D867BDA6A, cid=1633, SUCCESS, logIndex=2326, commits[3258574c-39ac-4ed5-9145-ea59a337c299:c2327]
2019-09-02 06:30:12,213 [grpc-default-executor-1] INFO  client.GrpcClientProtocolClient (GrpcClientProtocolClient.java:onNext(255)) - client-0D308AD40832->3258574c-39ac-4ed5-9145-ea59a337c299: receive RaftClientReply:client-0D308AD40832->3258574c-39ac-4ed5-9145-ea59a337c299@group-6C7D867BDA6A, cid=1634, SUCCESS, logIndex=2327, commits[3258574c-39ac-4ed5-9145-ea59a337c299:c2328]
2019-09-02 06:30:12,297 [SCMBlockDeletingService#1] DEBUG block.SCMBlockDeletingService (SCMBlockDeletingService.java:call(138)) - Running DeletedBlockTransactionScanner
2019-09-02 06:30:12,297 [SCMBlockDeletingService#1] DEBUG block.SCMBlockDeletingService (SCMBlockDeletingService.java:call(155)) - Scanned deleted blocks log and got 0 delTX to process.
2019-09-02 06:30:12,306 [grpc-default-executor-0] INFO  client.GrpcClientProtocolClient (GrpcClientProtocolClient.java:onNext(255)) - client-0D308AD40832->3258574c-39ac-4ed5-9145-ea59a337c299: receive RaftClientReply:client-0D308AD40832->3258574c-39ac-4ed5-9145-ea59a337c299@group-6C7D867BDA6A, cid=1635, SUCCESS, logIndex=2329, commits[3258574c-39ac-4ed5-9145-ea59a337c299:c2330]
2019-09-02 06:30:12,307 [grpc-default-executor-0] INFO  client.GrpcClientProtocolClient (GrpcClientProtocolClient.java:onNext(255)) - client-0D308AD40832->3258574c-39ac-4ed5-9145-ea59a337c299: receive RaftClientReply:client-0D308AD40832->3258574c-39ac-4ed5-9145-ea59a337c299@group-6C7D867BDA6A, cid=1636, SUCCESS, logIndex=2330, commits[3258574c-39ac-4ed5-9145-ea59a337c299:c2331]
2019-09-02 06:30:12,314 [grpc-default-executor-0] INFO  client.GrpcClientProtocolClient (GrpcClientProtocolClient.java:onNext(255)) - client-0D308AD40832->3258574c-39ac-4ed5-9145-ea59a337c299: receive RaftClientReply:client-0D308AD40832->3258574c-39ac-4ed5-9145-ea59a337c299@group-6C7D867BDA6A, cid=1637, SUCCESS, logIndex=2332, commits[3258574c-39ac-4ed5-9145-ea59a337c299:c2333]
2019-09-02 06:30:12,315 [grpc-default-executor-0] INFO  client.GrpcClientProtocolClient (GrpcClientProtocolClient.java:onNext(255)) - client-0D308AD40832->3258574c-39ac-4ed5-9145-ea59a337c299: receive RaftClientReply:client-0D308AD40832->3258574c-39ac-4ed5-9145-ea59a337c299@group-6C7D867BDA6A, cid=1638, SUCCESS, logIndex=2333, commits[3258574c-39ac-4ed5-9145-ea59a337c299:c2333]
2019-09-02 06:30:12,316 [grpc-default-executor-0] INFO  client.GrpcClientProtocolClient (GrpcClientProtocolClient.java:onNext(255)) - client-0D308AD40832->3258574c-39ac-4ed5-9145-ea59a337c299: receive RaftClientReply:client-0D308AD40832->3258574c-39ac-4ed5-9145-ea59a337c299@group-6C7D867BDA6A, cid=1639, SUCCESS, logIndex=2334, commits[3258574c-39ac-4ed5-9145-ea59a337c299:c2336]
2019-09-02 06:30:12,316 [grpc-default-executor-0] INFO  client.GrpcClientProtocolClient (GrpcClientProtocolClient.java:onNext(255)) - client-0D308AD40832->3258574c-39ac-4ed5-9145-ea59a337c299: receive RaftClientReply:client-0D308AD40832->3258574c-39ac-4ed5-9145-ea59a337c299@group-6C7D867BDA6A, cid=1640, SUCCESS, logIndex=2335, commits[3258574c-39ac-4ed5-9145-ea59a337c299:c2336]
2019-09-02 06:30:12,330 [grpc-default-executor-0] INFO  client.GrpcClientProtocolClient (GrpcClientProtocolClient.java:onNext(255)) - client-0D308AD40832->3258574c-39ac-4ed5-9145-ea59a337c299: receive RaftClientReply:client-0D308AD40832->3258574c-39ac-4ed5-9145-ea59a337c299@group-6C7D867BDA6A, cid=1641, SUCCESS, logIndex=2337, commits[3258574c-39ac-4ed5-9145-ea59a337c299:c2340]
2019-09-02 06:30:12,331 [grpc-default-executor-0] INFO  client.GrpcClientProtocolClient (GrpcClientProtocolClient.java:onNext(255)) - client-0D308AD40832->3258574c-39ac-4ed5-9145-ea59a337c299: receive RaftClientReply:client-0D308AD40832->3258574c-39ac-4ed5-9145-ea59a337c299@group-6C7D867BDA6A, cid=1642, SUCCESS, logIndex=2338, commits[3258574c-39ac-4ed5-9145-ea59a337c299:c2340]
2019-09-02 06:30:12,331 [grpc-default-executor-0] INFO  client.GrpcClientProtocolClient (GrpcClientProtocolClient.java:onNext(255)) - client-0D308AD40832->3258574c-39ac-4ed5-9145-ea59a337c299: receive RaftClientReply:client-0D308AD40832->3258574c-39ac-4ed5-9145-ea59a337c299@group-6C7D867BDA6A, cid=1643, SUCCESS, logIndex=2339, commits[3258574c-39ac-4ed5-9145-ea59a337c299:c2341]
2019-09-02 06:30:12,331 [grpc-default-executor-0] INFO  client.GrpcClientProtocolClient (GrpcClientProtocolClient.java:onNext(255)) - client-0D308AD40832->3258574c-39ac-4ed5-9145-ea59a337c299: receive RaftClientReply:client-0D308AD40832->3258574c-39ac-4ed5-9145-ea59a337c299@group-6C7D867BDA6A, cid=1644, SUCCESS, logIndex=2340, commits[3258574c-39ac-4ed5-9145-ea59a337c299:c2341]
2019-09-02 06:30:12,344 [grpc-default-executor-1] INFO  client.GrpcClientProtocolClient (GrpcClientProtocolClient.java:onNext(255)) - client-0D308AD40832->3258574c-39ac-4ed5-9145-ea59a337c299: receive RaftClientReply:client-0D308AD40832->3258574c-39ac-4ed5-9145-ea59a337c299@group-6C7D867BDA6A, cid=1645, SUCCESS, logIndex=2342, commits[3258574c-39ac-4ed5-9145-ea59a337c299:c2345]
2019-09-02 06:30:12,344 [grpc-default-executor-1] INFO  client.GrpcClientProtocolClient (GrpcClientProtocolClient.java:onNext(255)) - client-0D308AD40832->3258574c-39ac-4ed5-9145-ea59a337c299: receive RaftClientReply:client-0D308AD40832->3258574c-39ac-4ed5-9145-ea59a337c299@group-6C7D867BDA6A, cid=1646, SUCCESS, logIndex=2343, commits[3258574c-39ac-4ed5-9145-ea59a337c299:c2345]
2019-09-02 06:30:12,344 [grpc-default-executor-1] INFO  client.GrpcClientProtocolClient (GrpcClientProtocolClient.java:onNext(255)) - client-0D308AD40832->3258574c-39ac-4ed5-9145-ea59a337c299: receive RaftClientReply:client-0D308AD40832->3258574c-39ac-4ed5-9145-ea59a337c299@group-6C7D867BDA6A, cid=1647, SUCCESS, logIndex=2344, commits[3258574c-39ac-4ed5-9145-ea59a337c299:c2345]
2019-09-02 06:30:12,345 [grpc-default-executor-1] INFO  client.GrpcClientProtocolClient (GrpcClientProtocolClient.java:onNext(255)) - client-0D308AD40832->3258574c-39ac-4ed5-9145-ea59a337c299: receive RaftClientReply:client-0D308AD40832->3258574c-39ac-4ed5-9145-ea59a337c299@group-6C7D867BDA6A, cid=1648, SUCCESS, logIndex=2345, commits[3258574c-39ac-4ed5-9145-ea59a337c299:c2345]
2019-09-02 06:30:12,375 [grpc-default-executor-1] INFO  client.GrpcClientProtocolClient (GrpcClientProtocolClient.java:onNext(255)) - client-0D308AD40832->3258574c-39ac-4ed5-9145-ea59a337c299: receive RaftClientReply:client-0D308AD40832->3258574c-39ac-4ed5-9145-ea59a337c299@group-6C7D867BDA6A, cid=1649, SUCCESS, logIndex=2347, commits[3258574c-39ac-4ed5-9145-ea59a337c299:c2348]
2019-09-02 06:30:12,375 [grpc-default-executor-1] INFO  client.GrpcClientProtocolClient (GrpcClientProtocolClient.java:onNext(255)) - client-0D308AD40832->3258574c-39ac-4ed5-9145-ea59a337c299: receive RaftClientReply:client-0D308AD40832->3258574c-39ac-4ed5-9145-ea59a337c299@group-6C7D867BDA6A, cid=1650, SUCCESS, logIndex=2348, commits[3258574c-39ac-4ed5-9145-ea59a337c299:c2350]
2019-09-02 06:30:12,376 [grpc-default-executor-1] INFO  client.GrpcClientProtocolClient (GrpcClientProtocolClient.java:onNext(255)) - client-0D308AD40832->3258574c-39ac-4ed5-9145-ea59a337c299: receive RaftClientReply:client-0D308AD40832->3258574c-39ac-4ed5-9145-ea59a337c299@group-6C7D867BDA6A, cid=1651, SUCCESS, logIndex=2349, commits[3258574c-39ac-4ed5-9145-ea59a337c299:c2350]
2019-09-02 06:30:12,376 [grpc-default-executor-1] INFO  client.GrpcClientProtocolClient (GrpcClientProtocolClient.java:onNext(255)) - client-0D308AD40832->3258574c-39ac-4ed5-9145-ea59a337c299: receive RaftClientReply:client-0D308AD40832->3258574c-39ac-4ed5-9145-ea59a337c299@group-6C7D867BDA6A, cid=1652, SUCCESS, logIndex=2350, commits[3258574c-39ac-4ed5-9145-ea59a337c299:c2351]
2019-09-02 06:30:12,392 [grpc-default-executor-1] INFO  client.GrpcClientProtocolClient (GrpcClientProtocolClient.java:onNext(255)) - client-0D308AD40832->3258574c-39ac-4ed5-9145-ea59a337c299: receive RaftClientReply:client-0D308AD40832->3258574c-39ac-4ed5-9145-ea59a337c299@group-6C7D867BDA6A, cid=1653, SUCCESS, logIndex=2353, commits[3258574c-39ac-4ed5-9145-ea59a337c299:c2354]
2019-09-02 06:30:12,393 [grpc-default-executor-1] INFO  client.GrpcClientProtocolClient (GrpcClientProtocolClient.java:onNext(255)) - client-0D308AD40832->3258574c-39ac-4ed5-9145-ea59a337c299: receive RaftClientReply:client-0D308AD40832->3258574c-39ac-4ed5-9145-ea59a337c299@group-6C7D867BDA6A, cid=1654, SUCCESS, logIndex=2354, commits[3258574c-39ac-4ed5-9145-ea59a337c299:c2356]
2019-09-02 06:30:12,393 [grpc-default-executor-1] INFO  client.GrpcClientProtocolClient (GrpcClientProtocolClient.java:onNext(255)) - client-0D308AD40832->3258574c-39ac-4ed5-9145-ea59a337c299: receive RaftClientReply:client-0D308AD40832->3258574c-39ac-4ed5-9145-ea59a337c299@group-6C7D867BDA6A, cid=1655, SUCCESS, logIndex=2355, commits[3258574c-39ac-4ed5-9145-ea59a337c299:c2357]
2019-09-02 06:30:12,393 [grpc-default-executor-1] INFO  client.GrpcClientProtocolClient (GrpcClientProtocolClient.java:onNext(255)) - client-0D308AD40832->3258574c-39ac-4ed5-9145-ea59a337c299: receive RaftClientReply:client-0D308AD40832->3258574c-39ac-4ed5-9145-ea59a337c299@group-6C7D867BDA6A, cid=1656, SUCCESS, logIndex=2356, commits[3258574c-39ac-4ed5-9145-ea59a337c299:c2357]
2019-09-02 06:30:12,397 [SCMBlockDeletingService#1] DEBUG block.SCMBlockDeletingService (SCMBlockDeletingService.java:call(138)) - Running DeletedBlockTransactionScanner
2019-09-02 06:30:12,397 [SCMBlockDeletingService#1] DEBUG block.SCMBlockDeletingService (SCMBlockDeletingService.java:call(155)) - Scanned deleted blocks log and got 0 delTX to process.
2019-09-02 06:30:12,419 [grpc-default-executor-0] INFO  client.GrpcClientProtocolClient (GrpcClientProtocolClient.java:onNext(255)) - client-0D308AD40832->3258574c-39ac-4ed5-9145-ea59a337c299: receive RaftClientReply:client-0D308AD40832->3258574c-39ac-4ed5-9145-ea59a337c299@group-6C7D867BDA6A, cid=1657, SUCCESS, logIndex=2359, commits[3258574c-39ac-4ed5-9145-ea59a337c299:c2362]
2019-09-02 06:30:12,420 [grpc-default-executor-0] INFO  client.GrpcClientProtocolClient (GrpcClientProtocolClient.java:onNext(255)) - client-0D308AD40832->3258574c-39ac-4ed5-9145-ea59a337c299: receive RaftClientReply:client-0D308AD40832->3258574c-39ac-4ed5-9145-ea59a337c299@group-6C7D867BDA6A, cid=1658, SUCCESS, logIndex=2360, commits[3258574c-39ac-4ed5-9145-ea59a337c299:c2362]
2019-09-02 06:30:12,420 [grpc-default-executor-0] INFO  client.GrpcClientProtocolClient (GrpcClientProtocolClient.java:onNext(255)) - client-0D308AD40832->3258574c-39ac-4ed5-9145-ea59a337c299: receive RaftClientReply:client-0D308AD40832->3258574c-39ac-4ed5-9145-ea59a337c299@group-6C7D867BDA6A, cid=1659, SUCCESS, logIndex=2361, commits[3258574c-39ac-4ed5-9145-ea59a337c299:c2362]
2019-09-02 06:30:12,420 [grpc-default-executor-0] INFO  client.GrpcClientProtocolClient (GrpcClientProtocolClient.java:onNext(255)) - client-0D308AD40832->3258574c-39ac-4ed5-9145-ea59a337c299: receive RaftClientReply:client-0D308AD40832->3258574c-39ac-4ed5-9145-ea59a337c299@group-6C7D867BDA6A, cid=1660, SUCCESS, logIndex=2362, commits[3258574c-39ac-4ed5-9145-ea59a337c299:c2362]
2019-09-02 06:30:12,440 [grpc-default-executor-0] INFO  client.GrpcClientProtocolClient (GrpcClientProtocolClient.java:onNext(255)) - client-0D308AD40832->3258574c-39ac-4ed5-9145-ea59a337c299: receive RaftClientReply:client-0D308AD40832->3258574c-39ac-4ed5-9145-ea59a337c299@group-6C7D867BDA6A, cid=1661, SUCCESS, logIndex=2364, commits[3258574c-39ac-4ed5-9145-ea59a337c299:c2367]
2019-09-02 06:30:12,441 [grpc-default-executor-0] INFO  client.GrpcClientProtocolClient (GrpcClientProtocolClient.java:onNext(255)) - client-0D308AD40832->3258574c-39ac-4ed5-9145-ea59a337c299: receive RaftClientReply:client-0D308AD40832->3258574c-39ac-4ed5-9145-ea59a337c299@group-6C7D867BDA6A, cid=1662, SUCCESS, logIndex=2365, commits[3258574c-39ac-4ed5-9145-ea59a337c299:c2368]
2019-09-02 06:30:12,441 [grpc-default-executor-0] INFO  client.GrpcClientProtocolClient (GrpcClientProtocolClient.java:onNext(255)) - client-0D308AD40832->3258574c-39ac-4ed5-9145-ea59a337c299: receive RaftClientReply:client-0D308AD40832->3258574c-39ac-4ed5-9145-ea59a337c299@group-6C7D867BDA6A, cid=1663, SUCCESS, logIndex=2366, commits[3258574c-39ac-4ed5-9145-ea59a337c299:c2368]
2019-09-02 06:30:12,441 [grpc-default-executor-0] INFO  client.GrpcClientProtocolClient (GrpcClientProtocolClient.java:onNext(255)) - client-0D308AD40832->3258574c-39ac-4ed5-9145-ea59a337c299: receive RaftClientReply:client-0D308AD40832->3258574c-39ac-4ed5-9145-ea59a337c299@group-6C7D867BDA6A, cid=1664, SUCCESS, logIndex=2367, commits[3258574c-39ac-4ed5-9145-ea59a337c299:c2368]
2019-09-02 06:30:12,468 [grpc-default-executor-1] INFO  client.GrpcClientProtocolClient (GrpcClientProtocolClient.java:onNext(255)) - client-0D308AD40832->3258574c-39ac-4ed5-9145-ea59a337c299: receive RaftClientReply:client-0D308AD40832->3258574c-39ac-4ed5-9145-ea59a337c299@group-6C7D867BDA6A, cid=1665, SUCCESS, logIndex=2369, commits[3258574c-39ac-4ed5-9145-ea59a337c299:c2372]
2019-09-02 06:30:12,469 [grpc-default-executor-1] INFO  client.GrpcClientProtocolClient (GrpcClientProtocolClient.java:onNext(255)) - client-0D308AD40832->3258574c-39ac-4ed5-9145-ea59a337c299: receive RaftClientReply:client-0D308AD40832->3258574c-39ac-4ed5-9145-ea59a337c299@group-6C7D867BDA6A, cid=1666, SUCCESS, logIndex=2370, commits[3258574c-39ac-4ed5-9145-ea59a337c299:c2373]
2019-09-02 06:30:12,469 [grpc-default-executor-1] INFO  client.GrpcClientProtocolClient (GrpcClientProtocolClient.java:onNext(255)) - client-0D308AD40832->3258574c-39ac-4ed5-9145-ea59a337c299: receive RaftClientReply:client-0D308AD40832->3258574c-39ac-4ed5-9145-ea59a337c299@group-6C7D867BDA6A, cid=1667, SUCCESS, logIndex=2371, commits[3258574c-39ac-4ed5-9145-ea59a337c299:c2373]
2019-09-02 06:30:12,469 [grpc-default-executor-1] INFO  client.GrpcClientProtocolClient (GrpcClientProtocolClient.java:onNext(255)) - client-0D308AD40832->3258574c-39ac-4ed5-9145-ea59a337c299: receive RaftClientReply:client-0D308AD40832->3258574c-39ac-4ed5-9145-ea59a337c299@group-6C7D867BDA6A, cid=1668, SUCCESS, logIndex=2372, commits[3258574c-39ac-4ed5-9145-ea59a337c299:c2373]
2019-09-02 06:30:12,489 [grpc-default-executor-1] INFO  client.GrpcClientProtocolClient (GrpcClientProtocolClient.java:onNext(255)) - client-0D308AD40832->3258574c-39ac-4ed5-9145-ea59a337c299: receive RaftClientReply:client-0D308AD40832->3258574c-39ac-4ed5-9145-ea59a337c299@group-6C7D867BDA6A, cid=1669, SUCCESS, logIndex=2374, commits[3258574c-39ac-4ed5-9145-ea59a337c299:c2377]
2019-09-02 06:30:12,489 [grpc-default-executor-1] INFO  client.GrpcClientProtocolClient (GrpcClientProtocolClient.java:onNext(255)) - client-0D308AD40832->3258574c-39ac-4ed5-9145-ea59a337c299: receive RaftClientReply:client-0D308AD40832->3258574c-39ac-4ed5-9145-ea59a337c299@group-6C7D867BDA6A, cid=1670, SUCCESS, logIndex=2375, commits[3258574c-39ac-4ed5-9145-ea59a337c299:c2378]
2019-09-02 06:30:12,489 [grpc-default-executor-1] INFO  client.GrpcClientProtocolClient (GrpcClientProtocolClient.java:onNext(255)) - client-0D308AD40832->3258574c-39ac-4ed5-9145-ea59a337c299: receive RaftClientReply:client-0D308AD40832->3258574c-39ac-4ed5-9145-ea59a337c299@group-6C7D867BDA6A, cid=1671, SUCCESS, logIndex=2376, commits[3258574c-39ac-4ed5-9145-ea59a337c299:c2378]
2019-09-02 06:30:12,490 [grpc-default-executor-1] INFO  client.GrpcClientProtocolClient (GrpcClientProtocolClient.java:onNext(255)) - client-0D308AD40832->3258574c-39ac-4ed5-9145-ea59a337c299: receive RaftClientReply:client-0D308AD40832->3258574c-39ac-4ed5-9145-ea59a337c299@group-6C7D867BDA6A, cid=1672, SUCCESS, logIndex=2377, commits[3258574c-39ac-4ed5-9145-ea59a337c299:c2378]
2019-09-02 06:30:12,497 [SCMBlockDeletingService#1] DEBUG block.SCMBlockDeletingService (SCMBlockDeletingService.java:call(138)) - Running DeletedBlockTransactionScanner
2019-09-02 06:30:12,498 [SCMBlockDeletingService#1] DEBUG block.SCMBlockDeletingService (SCMBlockDeletingService.java:call(155)) - Scanned deleted blocks log and got 0 delTX to process.
2019-09-02 06:30:12,515 [grpc-default-executor-1] INFO  client.GrpcClientProtocolClient (GrpcClientProtocolClient.java:onNext(255)) - client-0D308AD40832->3258574c-39ac-4ed5-9145-ea59a337c299: receive RaftClientReply:client-0D308AD40832->3258574c-39ac-4ed5-9145-ea59a337c299@group-6C7D867BDA6A, cid=1673, SUCCESS, logIndex=2379, commits[3258574c-39ac-4ed5-9145-ea59a337c299:c2382]
2019-09-02 06:30:12,516 [grpc-default-executor-1] INFO  client.GrpcClientProtocolClient (GrpcClientProtocolClient.java:onNext(255)) - client-0D308AD40832->3258574c-39ac-4ed5-9145-ea59a337c299: receive RaftClientReply:client-0D308AD40832->3258574c-39ac-4ed5-9145-ea59a337c299@group-6C7D867BDA6A, cid=1674, SUCCESS, logIndex=2380, commits[3258574c-39ac-4ed5-9145-ea59a337c299:c2382]
2019-09-02 06:30:12,516 [grpc-default-executor-1] INFO  client.GrpcClientProtocolClient (GrpcClientProtocolClient.java:onNext(255)) - client-0D308AD40832->3258574c-39ac-4ed5-9145-ea59a337c299: receive RaftClientReply:client-0D308AD40832->3258574c-39ac-4ed5-9145-ea59a337c299@group-6C7D867BDA6A, cid=1675, SUCCESS, logIndex=2381, commits[3258574c-39ac-4ed5-9145-ea59a337c299:c2382]
2019-09-02 06:30:12,516 [grpc-default-executor-1] INFO  client.GrpcClientProtocolClient (GrpcClientProtocolClient.java:onNext(255)) - client-0D308AD40832->3258574c-39ac-4ed5-9145-ea59a337c299: receive RaftClientReply:client-0D308AD40832->3258574c-39ac-4ed5-9145-ea59a337c299@group-6C7D867BDA6A, cid=1676, SUCCESS, logIndex=2382, commits[3258574c-39ac-4ed5-9145-ea59a337c299:c2382]
2019-09-02 06:30:12,534 [grpc-default-executor-1] INFO  client.GrpcClientProtocolClient (GrpcClientProtocolClient.java:onNext(255)) - client-0D308AD40832->3258574c-39ac-4ed5-9145-ea59a337c299: receive RaftClientReply:client-0D308AD40832->3258574c-39ac-4ed5-9145-ea59a337c299@group-6C7D867BDA6A, cid=1677, SUCCESS, logIndex=2384, commits[3258574c-39ac-4ed5-9145-ea59a337c299:c2385]
2019-09-02 06:30:12,534 [grpc-default-executor-1] INFO  client.GrpcClientProtocolClient (GrpcClientProtocolClient.java:onNext(255)) - client-0D308AD40832->3258574c-39ac-4ed5-9145-ea59a337c299: receive RaftClientReply:client-0D308AD40832->3258574c-39ac-4ed5-9145-ea59a337c299@group-6C7D867BDA6A, cid=1678, SUCCESS, logIndex=2385, commits[3258574c-39ac-4ed5-9145-ea59a337c299:c2385]
2019-09-02 06:30:12,598 [SCMBlockDeletingService#1] DEBUG block.SCMBlockDeletingService (SCMBlockDeletingService.java:call(138)) - Running DeletedBlockTransactionScanner
2019-09-02 06:30:12,598 [SCMBlockDeletingService#1] DEBUG block.SCMBlockDeletingService (SCMBlockDeletingService.java:call(155)) - Scanned deleted blocks log and got 0 delTX to process.
2019-09-02 06:30:12,615 [grpc-default-executor-1] INFO  client.GrpcClientProtocolClient (GrpcClientProtocolClient.java:onNext(255)) - client-0D308AD40832->3258574c-39ac-4ed5-9145-ea59a337c299: receive RaftClientReply:client-0D308AD40832->3258574c-39ac-4ed5-9145-ea59a337c299@group-6C7D867BDA6A, cid=1679, SUCCESS, logIndex=2387, commits[3258574c-39ac-4ed5-9145-ea59a337c299:c2388]
2019-09-02 06:30:12,615 [grpc-default-executor-1] INFO  client.GrpcClientProtocolClient (GrpcClientProtocolClient.java:onNext(255)) - client-0D308AD40832->3258574c-39ac-4ed5-9145-ea59a337c299: receive RaftClientReply:client-0D308AD40832->3258574c-39ac-4ed5-9145-ea59a337c299@group-6C7D867BDA6A, cid=1680, SUCCESS, logIndex=2388, commits[3258574c-39ac-4ed5-9145-ea59a337c299:c2388]
2019-09-02 06:30:12,646 [grpc-default-executor-1] INFO  client.GrpcClientProtocolClient (GrpcClientProtocolClient.java:onNext(255)) - client-0D308AD40832->3258574c-39ac-4ed5-9145-ea59a337c299: receive RaftClientReply:client-0D308AD40832->3258574c-39ac-4ed5-9145-ea59a337c299@group-6C7D867BDA6A, cid=1681, SUCCESS, logIndex=2390, commits[3258574c-39ac-4ed5-9145-ea59a337c299:c2393]
2019-09-02 06:30:12,646 [grpc-default-executor-1] INFO  client.GrpcClientProtocolClient (GrpcClientProtocolClient.java:onNext(255)) - client-0D308AD40832->3258574c-39ac-4ed5-9145-ea59a337c299: receive RaftClientReply:client-0D308AD40832->3258574c-39ac-4ed5-9145-ea59a337c299@group-6C7D867BDA6A, cid=1682, SUCCESS, logIndex=2391, commits[3258574c-39ac-4ed5-9145-ea59a337c299:c2393]
2019-09-02 06:30:12,646 [grpc-default-executor-1] INFO  client.GrpcClientProtocolClient (GrpcClientProtocolClient.java:onNext(255)) - client-0D308AD40832->3258574c-39ac-4ed5-9145-ea59a337c299: receive RaftClientReply:client-0D308AD40832->3258574c-39ac-4ed5-9145-ea59a337c299@group-6C7D867BDA6A, cid=1683, SUCCESS, logIndex=2392, commits[3258574c-39ac-4ed5-9145-ea59a337c299:c2394]
2019-09-02 06:30:12,646 [grpc-default-executor-1] INFO  client.GrpcClientProtocolClient (GrpcClientProtocolClient.java:onNext(255)) - client-0D308AD40832->3258574c-39ac-4ed5-9145-ea59a337c299: receive RaftClientReply:client-0D308AD40832->3258574c-39ac-4ed5-9145-ea59a337c299@group-6C7D867BDA6A, cid=1684, SUCCESS, logIndex=2393, commits[3258574c-39ac-4ed5-9145-ea59a337c299:c2394]
2019-09-02 06:30:12,665 [grpc-default-executor-1] INFO  client.GrpcClientProtocolClient (GrpcClientProtocolClient.java:onNext(255)) - client-0D308AD40832->3258574c-39ac-4ed5-9145-ea59a337c299: receive RaftClientReply:client-0D308AD40832->3258574c-39ac-4ed5-9145-ea59a337c299@group-6C7D867BDA6A, cid=1685, SUCCESS, logIndex=2395, commits[3258574c-39ac-4ed5-9145-ea59a337c299:c2398]
2019-09-02 06:30:12,666 [grpc-default-executor-1] INFO  client.GrpcClientProtocolClient (GrpcClientProtocolClient.java:onNext(255)) - client-0D308AD40832->3258574c-39ac-4ed5-9145-ea59a337c299: receive RaftClientReply:client-0D308AD40832->3258574c-39ac-4ed5-9145-ea59a337c299@group-6C7D867BDA6A, cid=1686, SUCCESS, logIndex=2396, commits[3258574c-39ac-4ed5-9145-ea59a337c299:c2399]
2019-09-02 06:30:12,666 [grpc-default-executor-1] INFO  client.GrpcClientProtocolClient (GrpcClientProtocolClient.java:onNext(255)) - client-0D308AD40832->3258574c-39ac-4ed5-9145-ea59a337c299: receive RaftClientReply:client-0D308AD40832->3258574c-39ac-4ed5-9145-ea59a337c299@group-6C7D867BDA6A, cid=1687, SUCCESS, logIndex=2397, commits[3258574c-39ac-4ed5-9145-ea59a337c299:c2399]
2019-09-02 06:30:12,666 [grpc-default-executor-1] INFO  client.GrpcClientProtocolClient (GrpcClientProtocolClient.java:onNext(255)) - client-0D308AD40832->3258574c-39ac-4ed5-9145-ea59a337c299: receive RaftClientReply:client-0D308AD40832->3258574c-39ac-4ed5-9145-ea59a337c299@group-6C7D867BDA6A, cid=1688, SUCCESS, logIndex=2398, commits[3258574c-39ac-4ed5-9145-ea59a337c299:c2399]
2019-09-02 06:30:12,692 [grpc-default-executor-1] INFO  client.GrpcClientProtocolClient (GrpcClientProtocolClient.java:onNext(255)) - client-0D308AD40832->3258574c-39ac-4ed5-9145-ea59a337c299: receive RaftClientReply:client-0D308AD40832->3258574c-39ac-4ed5-9145-ea59a337c299@group-6C7D867BDA6A, cid=1689, SUCCESS, logIndex=2400, commits[3258574c-39ac-4ed5-9145-ea59a337c299:c2401]
2019-09-02 06:30:12,692 [grpc-default-executor-1] INFO  client.GrpcClientProtocolClient (GrpcClientProtocolClient.java:onNext(255)) - client-0D308AD40832->3258574c-39ac-4ed5-9145-ea59a337c299: receive RaftClientReply:client-0D308AD40832->3258574c-39ac-4ed5-9145-ea59a337c299@group-6C7D867BDA6A, cid=1690, SUCCESS, logIndex=2401, commits[3258574c-39ac-4ed5-9145-ea59a337c299:c2403]
2019-09-02 06:30:12,692 [grpc-default-executor-1] INFO  client.GrpcClientProtocolClient (GrpcClientProtocolClient.java:onNext(255)) - client-0D308AD40832->3258574c-39ac-4ed5-9145-ea59a337c299: receive RaftClientReply:client-0D308AD40832->3258574c-39ac-4ed5-9145-ea59a337c299@group-6C7D867BDA6A, cid=1691, SUCCESS, logIndex=2402, commits[3258574c-39ac-4ed5-9145-ea59a337c299:c2404]
2019-09-02 06:30:12,693 [grpc-default-executor-1] INFO  client.GrpcClientProtocolClient (GrpcClientProtocolClient.java:onNext(255)) - client-0D308AD40832->3258574c-39ac-4ed5-9145-ea59a337c299: receive RaftClientReply:client-0D308AD40832->3258574c-39ac-4ed5-9145-ea59a337c299@group-6C7D867BDA6A, cid=1692, SUCCESS, logIndex=2403, commits[3258574c-39ac-4ed5-9145-ea59a337c299:c2404]
2019-09-02 06:30:12,698 [SCMBlockDeletingService#1] DEBUG block.SCMBlockDeletingService (SCMBlockDeletingService.java:call(138)) - Running DeletedBlockTransactionScanner
2019-09-02 06:30:12,699 [SCMBlockDeletingService#1] DEBUG block.SCMBlockDeletingService (SCMBlockDeletingService.java:call(155)) - Scanned deleted blocks log and got 0 delTX to process.
2019-09-02 06:30:12,711 [grpc-default-executor-0] INFO  client.GrpcClientProtocolClient (GrpcClientProtocolClient.java:onNext(255)) - client-0D308AD40832->3258574c-39ac-4ed5-9145-ea59a337c299: receive RaftClientReply:client-0D308AD40832->3258574c-39ac-4ed5-9145-ea59a337c299@group-6C7D867BDA6A, cid=1693, SUCCESS, logIndex=2406, commits[3258574c-39ac-4ed5-9145-ea59a337c299:c2407]
2019-09-02 06:30:12,712 [grpc-default-executor-0] INFO  client.GrpcClientProtocolClient (GrpcClientProtocolClient.java:onNext(255)) - client-0D308AD40832->3258574c-39ac-4ed5-9145-ea59a337c299: receive RaftClientReply:client-0D308AD40832->3258574c-39ac-4ed5-9145-ea59a337c299@group-6C7D867BDA6A, cid=1694, SUCCESS, logIndex=2407, commits[3258574c-39ac-4ed5-9145-ea59a337c299:c2407]
2019-09-02 06:30:12,713 [grpc-default-executor-0] INFO  client.GrpcClientProtocolClient (GrpcClientProtocolClient.java:onNext(255)) - client-0D308AD40832->3258574c-39ac-4ed5-9145-ea59a337c299: receive RaftClientReply:client-0D308AD40832->3258574c-39ac-4ed5-9145-ea59a337c299@group-6C7D867BDA6A, cid=1695, SUCCESS, logIndex=2408, commits[3258574c-39ac-4ed5-9145-ea59a337c299:c2409]
2019-09-02 06:30:12,714 [grpc-default-executor-0] INFO  client.GrpcClientProtocolClient (GrpcClientProtocolClient.java:onNext(255)) - client-0D308AD40832->3258574c-39ac-4ed5-9145-ea59a337c299: receive RaftClientReply:client-0D308AD40832->3258574c-39ac-4ed5-9145-ea59a337c299@group-6C7D867BDA6A, cid=1696, SUCCESS, logIndex=2409, commits[3258574c-39ac-4ed5-9145-ea59a337c299:c2409]
2019-09-02 06:30:12,738 [grpc-default-executor-1] INFO  client.GrpcClientProtocolClient (GrpcClientProtocolClient.java:onNext(255)) - client-0D308AD40832->3258574c-39ac-4ed5-9145-ea59a337c299: receive RaftClientReply:client-0D308AD40832->3258574c-39ac-4ed5-9145-ea59a337c299@group-6C7D867BDA6A, cid=1697, SUCCESS, logIndex=2412, commits[3258574c-39ac-4ed5-9145-ea59a337c299:c2413]
2019-09-02 06:30:12,738 [grpc-default-executor-1] INFO  client.GrpcClientProtocolClient (GrpcClientProtocolClient.java:onNext(255)) - client-0D308AD40832->3258574c-39ac-4ed5-9145-ea59a337c299: receive RaftClientReply:client-0D308AD40832->3258574c-39ac-4ed5-9145-ea59a337c299@group-6C7D867BDA6A, cid=1698, SUCCESS, logIndex=2413, commits[3258574c-39ac-4ed5-9145-ea59a337c299:c2415]
2019-09-02 06:30:12,739 [grpc-default-executor-1] INFO  client.GrpcClientProtocolClient (GrpcClientProtocolClient.java:onNext(255)) - client-0D308AD40832->3258574c-39ac-4ed5-9145-ea59a337c299: receive RaftClientReply:client-0D308AD40832->3258574c-39ac-4ed5-9145-ea59a337c299@group-6C7D867BDA6A, cid=1699, SUCCESS, logIndex=2414, commits[3258574c-39ac-4ed5-9145-ea59a337c299:c2416]
2019-09-02 06:30:12,739 [grpc-default-executor-1] INFO  client.GrpcClientProtocolClient (GrpcClientProtocolClient.java:onNext(255)) - client-0D308AD40832->3258574c-39ac-4ed5-9145-ea59a337c299: receive RaftClientReply:client-0D308AD40832->3258574c-39ac-4ed5-9145-ea59a337c299@group-6C7D867BDA6A, cid=1700, SUCCESS, logIndex=2415, commits[3258574c-39ac-4ed5-9145-ea59a337c299:c2416]
2019-09-02 06:30:12,758 [grpc-default-executor-1] INFO  client.GrpcClientProtocolClient (GrpcClientProtocolClient.java:onNext(255)) - client-0D308AD40832->3258574c-39ac-4ed5-9145-ea59a337c299: receive RaftClientReply:client-0D308AD40832->3258574c-39ac-4ed5-9145-ea59a337c299@group-6C7D867BDA6A, cid=1701, SUCCESS, logIndex=2418, commits[3258574c-39ac-4ed5-9145-ea59a337c299:c2419]
2019-09-02 06:30:12,831 [SCMBlockDeletingService#1] DEBUG block.SCMBlockDeletingService (SCMBlockDeletingService.java:call(138)) - Running DeletedBlockTransactionScanner
2019-09-02 06:30:12,831 [SCMBlockDeletingService#1] DEBUG block.SCMBlockDeletingService (SCMBlockDeletingService.java:call(155)) - Scanned deleted blocks log and got 0 delTX to process.
2019-09-02 06:30:12,831 [grpc-default-executor-1] INFO  client.GrpcClientProtocolClient (GrpcClientProtocolClient.java:onNext(255)) - client-0D308AD40832->3258574c-39ac-4ed5-9145-ea59a337c299: receive RaftClientReply:client-0D308AD40832->3258574c-39ac-4ed5-9145-ea59a337c299@group-6C7D867BDA6A, cid=1702, SUCCESS, logIndex=2419, commits[3258574c-39ac-4ed5-9145-ea59a337c299:c2421]
2019-09-02 06:30:12,832 [grpc-default-executor-1] INFO  client.GrpcClientProtocolClient (GrpcClientProtocolClient.java:onNext(255)) - client-0D308AD40832->3258574c-39ac-4ed5-9145-ea59a337c299: receive RaftClientReply:client-0D308AD40832->3258574c-39ac-4ed5-9145-ea59a337c299@group-6C7D867BDA6A, cid=1703, SUCCESS, logIndex=2420, commits[3258574c-39ac-4ed5-9145-ea59a337c299:c2421]
2019-09-02 06:30:12,832 [grpc-default-executor-1] INFO  client.GrpcClientProtocolClient (GrpcClientProtocolClient.java:onNext(255)) - client-0D308AD40832->3258574c-39ac-4ed5-9145-ea59a337c299: receive RaftClientReply:client-0D308AD40832->3258574c-39ac-4ed5-9145-ea59a337c299@group-6C7D867BDA6A, cid=1704, SUCCESS, logIndex=2421, commits[3258574c-39ac-4ed5-9145-ea59a337c299:c2422]
2019-09-02 06:30:12,858 [grpc-default-executor-0] INFO  client.GrpcClientProtocolClient (GrpcClientProtocolClient.java:onNext(255)) - client-0D308AD40832->3258574c-39ac-4ed5-9145-ea59a337c299: receive RaftClientReply:client-0D308AD40832->3258574c-39ac-4ed5-9145-ea59a337c299@group-6C7D867BDA6A, cid=1705, SUCCESS, logIndex=2424, commits[3258574c-39ac-4ed5-9145-ea59a337c299:c2427]
2019-09-02 06:30:12,858 [grpc-default-executor-0] INFO  client.GrpcClientProtocolClient (GrpcClientProtocolClient.java:onNext(255)) - client-0D308AD40832->3258574c-39ac-4ed5-9145-ea59a337c299: receive RaftClientReply:client-0D308AD40832->3258574c-39ac-4ed5-9145-ea59a337c299@group-6C7D867BDA6A, cid=1706, SUCCESS, logIndex=2425, commits[3258574c-39ac-4ed5-9145-ea59a337c299:c2428]
2019-09-02 06:30:12,859 [grpc-default-executor-0] INFO  client.GrpcClientProtocolClient (GrpcClientProtocolClient.java:onNext(255)) - client-0D308AD40832->3258574c-39ac-4ed5-9145-ea59a337c299: receive RaftClientReply:client-0D308AD40832->3258574c-39ac-4ed5-9145-ea59a337c299@group-6C7D867BDA6A, cid=1707, SUCCESS, logIndex=2426, commits[3258574c-39ac-4ed5-9145-ea59a337c299:c2428]
2019-09-02 06:30:12,859 [grpc-default-executor-0] INFO  client.GrpcClientProtocolClient (GrpcClientProtocolClient.java:onNext(255)) - client-0D308AD40832->3258574c-39ac-4ed5-9145-ea59a337c299: receive RaftClientReply:client-0D308AD40832->3258574c-39ac-4ed5-9145-ea59a337c299@group-6C7D867BDA6A, cid=1708, SUCCESS, logIndex=2427, commits[3258574c-39ac-4ed5-9145-ea59a337c299:c2428]
2019-09-02 06:30:12,881 [grpc-default-executor-0] INFO  client.GrpcClientProtocolClient (GrpcClientProtocolClient.java:onNext(255)) - client-0D308AD40832->3258574c-39ac-4ed5-9145-ea59a337c299: receive RaftClientReply:client-0D308AD40832->3258574c-39ac-4ed5-9145-ea59a337c299@group-6C7D867BDA6A, cid=1709, SUCCESS, logIndex=2429, commits[3258574c-39ac-4ed5-9145-ea59a337c299:c2433]
2019-09-02 06:30:12,881 [grpc-default-executor-0] INFO  client.GrpcClientProtocolClient (GrpcClientProtocolClient.java:onNext(255)) - client-0D308AD40832->3258574c-39ac-4ed5-9145-ea59a337c299: receive RaftClientReply:client-0D308AD40832->3258574c-39ac-4ed5-9145-ea59a337c299@group-6C7D867BDA6A, cid=1710, SUCCESS, logIndex=2430, commits[3258574c-39ac-4ed5-9145-ea59a337c299:c2433]
2019-09-02 06:30:12,881 [grpc-default-executor-0] INFO  client.GrpcClientProtocolClient (GrpcClientProtocolClient.java:onNext(255)) - client-0D308AD40832->3258574c-39ac-4ed5-9145-ea59a337c299: receive RaftClientReply:client-0D308AD40832->3258574c-39ac-4ed5-9145-ea59a337c299@group-6C7D867BDA6A, cid=1711, SUCCESS, logIndex=2431, commits[3258574c-39ac-4ed5-9145-ea59a337c299:c2433]
2019-09-02 06:30:12,882 [grpc-default-executor-0] INFO  client.GrpcClientProtocolClient (GrpcClientProtocolClient.java:onNext(255)) - client-0D308AD40832->3258574c-39ac-4ed5-9145-ea59a337c299: receive RaftClientReply:client-0D308AD40832->3258574c-39ac-4ed5-9145-ea59a337c299@group-6C7D867BDA6A, cid=1712, SUCCESS, logIndex=2432, commits[3258574c-39ac-4ed5-9145-ea59a337c299:c2433]
2019-09-02 06:30:12,910 [grpc-default-executor-1] INFO  client.GrpcClientProtocolClient (GrpcClientProtocolClient.java:onNext(255)) - client-0D308AD40832->3258574c-39ac-4ed5-9145-ea59a337c299: receive RaftClientReply:client-0D308AD40832->3258574c-39ac-4ed5-9145-ea59a337c299@group-6C7D867BDA6A, cid=1713, SUCCESS, logIndex=2434, commits[3258574c-39ac-4ed5-9145-ea59a337c299:c2437]
2019-09-02 06:30:12,911 [grpc-default-executor-1] INFO  client.GrpcClientProtocolClient (GrpcClientProtocolClient.java:onNext(255)) - client-0D308AD40832->3258574c-39ac-4ed5-9145-ea59a337c299: receive RaftClientReply:client-0D308AD40832->3258574c-39ac-4ed5-9145-ea59a337c299@group-6C7D867BDA6A, cid=1714, SUCCESS, logIndex=2435, commits[3258574c-39ac-4ed5-9145-ea59a337c299:c2438]
2019-09-02 06:30:12,911 [grpc-default-executor-1] INFO  client.GrpcClientProtocolClient (GrpcClientProtocolClient.java:onNext(255)) - client-0D308AD40832->3258574c-39ac-4ed5-9145-ea59a337c299: receive RaftClientReply:client-0D308AD40832->3258574c-39ac-4ed5-9145-ea59a337c299@group-6C7D867BDA6A, cid=1715, SUCCESS, logIndex=2436, commits[3258574c-39ac-4ed5-9145-ea59a337c299:c2438]
2019-09-02 06:30:12,911 [grpc-default-executor-1] INFO  client.GrpcClientProtocolClient (GrpcClientProtocolClient.java:onNext(255)) - client-0D308AD40832->3258574c-39ac-4ed5-9145-ea59a337c299: receive RaftClientReply:client-0D308AD40832->3258574c-39ac-4ed5-9145-ea59a337c299@group-6C7D867BDA6A, cid=1716, SUCCESS, logIndex=2437, commits[3258574c-39ac-4ed5-9145-ea59a337c299:c2438]
2019-09-02 06:30:12,929 [grpc-default-executor-1] INFO  client.GrpcClientProtocolClient (GrpcClientProtocolClient.java:onNext(255)) - client-0D308AD40832->3258574c-39ac-4ed5-9145-ea59a337c299: receive RaftClientReply:client-0D308AD40832->3258574c-39ac-4ed5-9145-ea59a337c299@group-6C7D867BDA6A, cid=1717, SUCCESS, logIndex=2439, commits[3258574c-39ac-4ed5-9145-ea59a337c299:c2442]
2019-09-02 06:30:12,930 [grpc-default-executor-1] INFO  client.GrpcClientProtocolClient (GrpcClientProtocolClient.java:onNext(255)) - client-0D308AD40832->3258574c-39ac-4ed5-9145-ea59a337c299: receive RaftClientReply:client-0D308AD40832->3258574c-39ac-4ed5-9145-ea59a337c299@group-6C7D867BDA6A, cid=1718, SUCCESS, logIndex=2440, commits[3258574c-39ac-4ed5-9145-ea59a337c299:c2443]
2019-09-02 06:30:12,930 [grpc-default-executor-1] INFO  client.GrpcClientProtocolClient (GrpcClientProtocolClient.java:onNext(255)) - client-0D308AD40832->3258574c-39ac-4ed5-9145-ea59a337c299: receive RaftClientReply:client-0D308AD40832->3258574c-39ac-4ed5-9145-ea59a337c299@group-6C7D867BDA6A, cid=1719, SUCCESS, logIndex=2441, commits[3258574c-39ac-4ed5-9145-ea59a337c299:c2443]
2019-09-02 06:30:12,930 [grpc-default-executor-1] INFO  client.GrpcClientProtocolClient (GrpcClientProtocolClient.java:onNext(255)) - client-0D308AD40832->3258574c-39ac-4ed5-9145-ea59a337c299: receive RaftClientReply:client-0D308AD40832->3258574c-39ac-4ed5-9145-ea59a337c299@group-6C7D867BDA6A, cid=1720, SUCCESS, logIndex=2442, commits[3258574c-39ac-4ed5-9145-ea59a337c299:c2443]
2019-09-02 06:30:12,931 [SCMBlockDeletingService#1] DEBUG block.SCMBlockDeletingService (SCMBlockDeletingService.java:call(138)) - Running DeletedBlockTransactionScanner
2019-09-02 06:30:12,931 [SCMBlockDeletingService#1] DEBUG block.SCMBlockDeletingService (SCMBlockDeletingService.java:call(155)) - Scanned deleted blocks log and got 0 delTX to process.
2019-09-02 06:30:12,956 [grpc-default-executor-1] INFO  client.GrpcClientProtocolClient (GrpcClientProtocolClient.java:onNext(255)) - client-0D308AD40832->3258574c-39ac-4ed5-9145-ea59a337c299: receive RaftClientReply:client-0D308AD40832->3258574c-39ac-4ed5-9145-ea59a337c299@group-6C7D867BDA6A, cid=1721, SUCCESS, logIndex=2444, commits[3258574c-39ac-4ed5-9145-ea59a337c299:c2447]
2019-09-02 06:30:12,957 [grpc-default-executor-1] INFO  client.GrpcClientProtocolClient (GrpcClientProtocolClient.java:onNext(255)) - client-0D308AD40832->3258574c-39ac-4ed5-9145-ea59a337c299: receive RaftClientReply:client-0D308AD40832->3258574c-39ac-4ed5-9145-ea59a337c299@group-6C7D867BDA6A, cid=1722, SUCCESS, logIndex=2445, commits[3258574c-39ac-4ed5-9145-ea59a337c299:c2447]
2019-09-02 06:30:12,957 [grpc-default-executor-1] INFO  client.GrpcClientProtocolClient (GrpcClientProtocolClient.java:onNext(255)) - client-0D308AD40832->3258574c-39ac-4ed5-9145-ea59a337c299: receive RaftClientReply:client-0D308AD40832->3258574c-39ac-4ed5-9145-ea59a337c299@group-6C7D867BDA6A, cid=1723, SUCCESS, logIndex=2446, commits[3258574c-39ac-4ed5-9145-ea59a337c299:c2448]
2019-09-02 06:30:12,957 [grpc-default-executor-1] INFO  client.GrpcClientProtocolClient (GrpcClientProtocolClient.java:onNext(255)) - client-0D308AD40832->3258574c-39ac-4ed5-9145-ea59a337c299: receive RaftClientReply:client-0D308AD40832->3258574c-39ac-4ed5-9145-ea59a337c299@group-6C7D867BDA6A, cid=1724, SUCCESS, logIndex=2447, commits[3258574c-39ac-4ed5-9145-ea59a337c299:c2449]
2019-09-02 06:30:13,032 [SCMBlockDeletingService#1] DEBUG block.SCMBlockDeletingService (SCMBlockDeletingService.java:call(138)) - Running DeletedBlockTransactionScanner
2019-09-02 06:30:13,032 [SCMBlockDeletingService#1] DEBUG block.SCMBlockDeletingService (SCMBlockDeletingService.java:call(155)) - Scanned deleted blocks log and got 0 delTX to process.
2019-09-02 06:30:13,070 [grpc-default-executor-1] INFO  client.GrpcClientProtocolClient (GrpcClientProtocolClient.java:onNext(255)) - client-0D308AD40832->3258574c-39ac-4ed5-9145-ea59a337c299: receive RaftClientReply:client-0D308AD40832->3258574c-39ac-4ed5-9145-ea59a337c299@group-6C7D867BDA6A, cid=1725, SUCCESS, logIndex=2450, commits[3258574c-39ac-4ed5-9145-ea59a337c299:c2453]
2019-09-02 06:30:13,071 [grpc-default-executor-1] INFO  client.GrpcClientProtocolClient (GrpcClientProtocolClient.java:onNext(255)) - client-0D308AD40832->3258574c-39ac-4ed5-9145-ea59a337c299: receive RaftClientReply:client-0D308AD40832->3258574c-39ac-4ed5-9145-ea59a337c299@group-6C7D867BDA6A, cid=1726, SUCCESS, logIndex=2451, commits[3258574c-39ac-4ed5-9145-ea59a337c299:c2454]
2019-09-02 06:30:13,071 [grpc-default-executor-1] INFO  client.GrpcClientProtocolClient (GrpcClientProtocolClient.java:onNext(255)) - client-0D308AD40832->3258574c-39ac-4ed5-9145-ea59a337c299: receive RaftClientReply:client-0D308AD40832->3258574c-39ac-4ed5-9145-ea59a337c299@group-6C7D867BDA6A, cid=1727, SUCCESS, logIndex=2452, commits[3258574c-39ac-4ed5-9145-ea59a337c299:c2454]
2019-09-02 06:30:13,071 [grpc-default-executor-1] INFO  client.GrpcClientProtocolClient (GrpcClientProtocolClient.java:onNext(255)) - client-0D308AD40832->3258574c-39ac-4ed5-9145-ea59a337c299: receive RaftClientReply:client-0D308AD40832->3258574c-39ac-4ed5-9145-ea59a337c299@group-6C7D867BDA6A, cid=1728, SUCCESS, logIndex=2453, commits[3258574c-39ac-4ed5-9145-ea59a337c299:c2454]
2019-09-02 06:30:13,097 [grpc-default-executor-0] INFO  client.GrpcClientProtocolClient (GrpcClientProtocolClient.java:onNext(255)) - client-0D308AD40832->3258574c-39ac-4ed5-9145-ea59a337c299: receive RaftClientReply:client-0D308AD40832->3258574c-39ac-4ed5-9145-ea59a337c299@group-6C7D867BDA6A, cid=1729, SUCCESS, logIndex=2455, commits[3258574c-39ac-4ed5-9145-ea59a337c299:c2458]
2019-09-02 06:30:13,098 [grpc-default-executor-0] INFO  client.GrpcClientProtocolClient (GrpcClientProtocolClient.java:onNext(255)) - client-0D308AD40832->3258574c-39ac-4ed5-9145-ea59a337c299: receive RaftClientReply:client-0D308AD40832->3258574c-39ac-4ed5-9145-ea59a337c299@group-6C7D867BDA6A, cid=1730, SUCCESS, logIndex=2456, commits[3258574c-39ac-4ed5-9145-ea59a337c299:c2459]
2019-09-02 06:30:13,098 [grpc-default-executor-0] INFO  client.GrpcClientProtocolClient (GrpcClientProtocolClient.java:onNext(255)) - client-0D308AD40832->3258574c-39ac-4ed5-9145-ea59a337c299: receive RaftClientReply:client-0D308AD40832->3258574c-39ac-4ed5-9145-ea59a337c299@group-6C7D867BDA6A, cid=1731, SUCCESS, logIndex=2457, commits[3258574c-39ac-4ed5-9145-ea59a337c299:c2459]
2019-09-02 06:30:13,098 [grpc-default-executor-0] INFO  client.GrpcClientProtocolClient (GrpcClientProtocolClient.java:onNext(255)) - client-0D308AD40832->3258574c-39ac-4ed5-9145-ea59a337c299: receive RaftClientReply:client-0D308AD40832->3258574c-39ac-4ed5-9145-ea59a337c299@group-6C7D867BDA6A, cid=1732, SUCCESS, logIndex=2458, commits[3258574c-39ac-4ed5-9145-ea59a337c299:c2459]
2019-09-02 06:30:13,119 [grpc-default-executor-0] INFO  client.GrpcClientProtocolClient (GrpcClientProtocolClient.java:onNext(255)) - client-0D308AD40832->3258574c-39ac-4ed5-9145-ea59a337c299: receive RaftClientReply:client-0D308AD40832->3258574c-39ac-4ed5-9145-ea59a337c299@group-6C7D867BDA6A, cid=1733, SUCCESS, logIndex=2460, commits[3258574c-39ac-4ed5-9145-ea59a337c299:c2463]
2019-09-02 06:30:13,119 [grpc-default-executor-0] INFO  client.GrpcClientProtocolClient (GrpcClientProtocolClient.java:onNext(255)) - client-0D308AD40832->3258574c-39ac-4ed5-9145-ea59a337c299: receive RaftClientReply:client-0D308AD40832->3258574c-39ac-4ed5-9145-ea59a337c299@group-6C7D867BDA6A, cid=1734, SUCCESS, logIndex=2461, commits[3258574c-39ac-4ed5-9145-ea59a337c299:c2464]
2019-09-02 06:30:13,120 [grpc-default-executor-0] INFO  client.GrpcClientProtocolClient (GrpcClientProtocolClient.java:onNext(255)) - client-0D308AD40832->3258574c-39ac-4ed5-9145-ea59a337c299: receive RaftClientReply:client-0D308AD40832->3258574c-39ac-4ed5-9145-ea59a337c299@group-6C7D867BDA6A, cid=1735, SUCCESS, logIndex=2462, commits[3258574c-39ac-4ed5-9145-ea59a337c299:c2464]
2019-09-02 06:30:13,120 [grpc-default-executor-0] INFO  client.GrpcClientProtocolClient (GrpcClientProtocolClient.java:onNext(255)) - client-0D308AD40832->3258574c-39ac-4ed5-9145-ea59a337c299: receive RaftClientReply:client-0D308AD40832->3258574c-39ac-4ed5-9145-ea59a337c299@group-6C7D867BDA6A, cid=1736, SUCCESS, logIndex=2463, commits[3258574c-39ac-4ed5-9145-ea59a337c299:c2464]
2019-09-02 06:30:13,133 [SCMBlockDeletingService#1] DEBUG block.SCMBlockDeletingService (SCMBlockDeletingService.java:call(138)) - Running DeletedBlockTransactionScanner
2019-09-02 06:30:13,133 [SCMBlockDeletingService#1] DEBUG block.SCMBlockDeletingService (SCMBlockDeletingService.java:call(155)) - Scanned deleted blocks log and got 0 delTX to process.
2019-09-02 06:30:13,146 [grpc-default-executor-1] INFO  client.GrpcClientProtocolClient (GrpcClientProtocolClient.java:onNext(255)) - client-0D308AD40832->3258574c-39ac-4ed5-9145-ea59a337c299: receive RaftClientReply:client-0D308AD40832->3258574c-39ac-4ed5-9145-ea59a337c299@group-6C7D867BDA6A, cid=1737, SUCCESS, logIndex=2465, commits[3258574c-39ac-4ed5-9145-ea59a337c299:c2468]
2019-09-02 06:30:13,147 [grpc-default-executor-1] INFO  client.GrpcClientProtocolClient (GrpcClientProtocolClient.java:onNext(255)) - client-0D308AD40832->3258574c-39ac-4ed5-9145-ea59a337c299: receive RaftClientReply:client-0D308AD40832->3258574c-39ac-4ed5-9145-ea59a337c299@group-6C7D867BDA6A, cid=1738, SUCCESS, logIndex=2466, commits[3258574c-39ac-4ed5-9145-ea59a337c299:c2469]
2019-09-02 06:30:13,147 [grpc-default-executor-1] INFO  client.GrpcClientProtocolClient (GrpcClientProtocolClient.java:onNext(255)) - client-0D308AD40832->3258574c-39ac-4ed5-9145-ea59a337c299: receive RaftClientReply:client-0D308AD40832->3258574c-39ac-4ed5-9145-ea59a337c299@group-6C7D867BDA6A, cid=1739, SUCCESS, logIndex=2467, commits[3258574c-39ac-4ed5-9145-ea59a337c299:c2469]
2019-09-02 06:30:13,148 [grpc-default-executor-1] INFO  client.GrpcClientProtocolClient (GrpcClientProtocolClient.java:onNext(255)) - client-0D308AD40832->3258574c-39ac-4ed5-9145-ea59a337c299: receive RaftClientReply:client-0D308AD40832->3258574c-39ac-4ed5-9145-ea59a337c299@group-6C7D867BDA6A, cid=1740, SUCCESS, logIndex=2468, commits[3258574c-39ac-4ed5-9145-ea59a337c299:c2469]
2019-09-02 06:30:13,170 [grpc-default-executor-0] INFO  client.GrpcClientProtocolClient (GrpcClientProtocolClient.java:onNext(255)) - client-0D308AD40832->3258574c-39ac-4ed5-9145-ea59a337c299: receive RaftClientReply:client-0D308AD40832->3258574c-39ac-4ed5-9145-ea59a337c299@group-6C7D867BDA6A, cid=1741, SUCCESS, logIndex=2470, commits[3258574c-39ac-4ed5-9145-ea59a337c299:c2473]
2019-09-02 06:30:13,171 [grpc-default-executor-0] INFO  client.GrpcClientProtocolClient (GrpcClientProtocolClient.java:onNext(255)) - client-0D308AD40832->3258574c-39ac-4ed5-9145-ea59a337c299: receive RaftClientReply:client-0D308AD40832->3258574c-39ac-4ed5-9145-ea59a337c299@group-6C7D867BDA6A, cid=1742, SUCCESS, logIndex=2471, commits[3258574c-39ac-4ed5-9145-ea59a337c299:c2474]
2019-09-02 06:30:13,171 [grpc-default-executor-0] INFO  client.GrpcClientProtocolClient (GrpcClientProtocolClient.java:onNext(255)) - client-0D308AD40832->3258574c-39ac-4ed5-9145-ea59a337c299: receive RaftClientReply:client-0D308AD40832->3258574c-39ac-4ed5-9145-ea59a337c299@group-6C7D867BDA6A, cid=1743, SUCCESS, logIndex=2472, commits[3258574c-39ac-4ed5-9145-ea59a337c299:c2474]
2019-09-02 06:30:13,171 [grpc-default-executor-0] INFO  client.GrpcClientProtocolClient (GrpcClientProtocolClient.java:onNext(255)) - client-0D308AD40832->3258574c-39ac-4ed5-9145-ea59a337c299: receive RaftClientReply:client-0D308AD40832->3258574c-39ac-4ed5-9145-ea59a337c299@group-6C7D867BDA6A, cid=1744, SUCCESS, logIndex=2473, commits[3258574c-39ac-4ed5-9145-ea59a337c299:c2474]
2019-09-02 06:30:13,198 [grpc-default-executor-0] INFO  client.GrpcClientProtocolClient (GrpcClientProtocolClient.java:onNext(255)) - client-0D308AD40832->3258574c-39ac-4ed5-9145-ea59a337c299: receive RaftClientReply:client-0D308AD40832->3258574c-39ac-4ed5-9145-ea59a337c299@group-6C7D867BDA6A, cid=1745, SUCCESS, logIndex=2475, commits[3258574c-39ac-4ed5-9145-ea59a337c299:c2478]
2019-09-02 06:30:13,199 [grpc-default-executor-0] INFO  client.GrpcClientProtocolClient (GrpcClientProtocolClient.java:onNext(255)) - client-0D308AD40832->3258574c-39ac-4ed5-9145-ea59a337c299: receive RaftClientReply:client-0D308AD40832->3258574c-39ac-4ed5-9145-ea59a337c299@group-6C7D867BDA6A, cid=1746, SUCCESS, logIndex=2476, commits[3258574c-39ac-4ed5-9145-ea59a337c299:c2479]
2019-09-02 06:30:13,199 [grpc-default-executor-0] INFO  client.GrpcClientProtocolClient (GrpcClientProtocolClient.java:onNext(255)) - client-0D308AD40832->3258574c-39ac-4ed5-9145-ea59a337c299: receive RaftClientReply:client-0D308AD40832->3258574c-39ac-4ed5-9145-ea59a337c299@group-6C7D867BDA6A, cid=1747, SUCCESS, logIndex=2477, commits[3258574c-39ac-4ed5-9145-ea59a337c299:c2479]
2019-09-02 06:30:13,199 [grpc-default-executor-0] INFO  client.GrpcClientProtocolClient (GrpcClientProtocolClient.java:onNext(255)) - client-0D308AD40832->3258574c-39ac-4ed5-9145-ea59a337c299: receive RaftClientReply:client-0D308AD40832->3258574c-39ac-4ed5-9145-ea59a337c299@group-6C7D867BDA6A, cid=1748, SUCCESS, logIndex=2478, commits[3258574c-39ac-4ed5-9145-ea59a337c299:c2479]
2019-09-02 06:30:13,217 [grpc-default-executor-0] INFO  client.GrpcClientProtocolClient (GrpcClientProtocolClient.java:onNext(255)) - client-0D308AD40832->3258574c-39ac-4ed5-9145-ea59a337c299: receive RaftClientReply:client-0D308AD40832->3258574c-39ac-4ed5-9145-ea59a337c299@group-6C7D867BDA6A, cid=1749, SUCCESS, logIndex=2480, commits[3258574c-39ac-4ed5-9145-ea59a337c299:c2481]
2019-09-02 06:30:13,217 [grpc-default-executor-0] INFO  client.GrpcClientProtocolClient (GrpcClientProtocolClient.java:onNext(255)) - client-0D308AD40832->3258574c-39ac-4ed5-9145-ea59a337c299: receive RaftClientReply:client-0D308AD40832->3258574c-39ac-4ed5-9145-ea59a337c299@group-6C7D867BDA6A, cid=1750, SUCCESS, logIndex=2481, commits[3258574c-39ac-4ed5-9145-ea59a337c299:c2481]
2019-09-02 06:30:13,231 [grpc-default-executor-0] INFO  client.GrpcClientProtocolClient (GrpcClientProtocolClient.java:onNext(255)) - client-0D308AD40832->3258574c-39ac-4ed5-9145-ea59a337c299: receive RaftClientReply:client-0D308AD40832->3258574c-39ac-4ed5-9145-ea59a337c299@group-6C7D867BDA6A, cid=1751, SUCCESS, logIndex=2482, commits[3258574c-39ac-4ed5-9145-ea59a337c299:c2483]
2019-09-02 06:30:13,232 [grpc-default-executor-0] INFO  client.GrpcClientProtocolClient (GrpcClientProtocolClient.java:onNext(255)) - client-0D308AD40832->3258574c-39ac-4ed5-9145-ea59a337c299: receive RaftClientReply:client-0D308AD40832->3258574c-39ac-4ed5-9145-ea59a337c299@group-6C7D867BDA6A, cid=1752, SUCCESS, logIndex=2483, commits[3258574c-39ac-4ed5-9145-ea59a337c299:c2484]
2019-09-02 06:30:13,233 [SCMBlockDeletingService#1] DEBUG block.SCMBlockDeletingService (SCMBlockDeletingService.java:call(138)) - Running DeletedBlockTransactionScanner
2019-09-02 06:30:13,233 [SCMBlockDeletingService#1] DEBUG block.SCMBlockDeletingService (SCMBlockDeletingService.java:call(155)) - Scanned deleted blocks log and got 0 delTX to process.
2019-09-02 06:30:13,260 [grpc-default-executor-0] INFO  client.GrpcClientProtocolClient (GrpcClientProtocolClient.java:onNext(255)) - client-0D308AD40832->3258574c-39ac-4ed5-9145-ea59a337c299: receive RaftClientReply:client-0D308AD40832->3258574c-39ac-4ed5-9145-ea59a337c299@group-6C7D867BDA6A, cid=1753, SUCCESS, logIndex=2486, commits[3258574c-39ac-4ed5-9145-ea59a337c299:c2487]
2019-09-02 06:30:13,261 [grpc-default-executor-0] INFO  client.GrpcClientProtocolClient (GrpcClientProtocolClient.java:onNext(255)) - client-0D308AD40832->3258574c-39ac-4ed5-9145-ea59a337c299: receive RaftClientReply:client-0D308AD40832->3258574c-39ac-4ed5-9145-ea59a337c299@group-6C7D867BDA6A, cid=1754, SUCCESS, logIndex=2487, commits[3258574c-39ac-4ed5-9145-ea59a337c299:c2487]
2019-09-02 06:30:13,262 [grpc-default-executor-0] INFO  client.GrpcClientProtocolClient (GrpcClientProtocolClient.java:onNext(255)) - client-0D308AD40832->3258574c-39ac-4ed5-9145-ea59a337c299: receive RaftClientReply:client-0D308AD40832->3258574c-39ac-4ed5-9145-ea59a337c299@group-6C7D867BDA6A, cid=1755, SUCCESS, logIndex=2488, commits[3258574c-39ac-4ed5-9145-ea59a337c299:c2489]
2019-09-02 06:30:13,262 [grpc-default-executor-0] INFO  client.GrpcClientProtocolClient (GrpcClientProtocolClient.java:onNext(255)) - client-0D308AD40832->3258574c-39ac-4ed5-9145-ea59a337c299: receive RaftClientReply:client-0D308AD40832->3258574c-39ac-4ed5-9145-ea59a337c299@group-6C7D867BDA6A, cid=1756, SUCCESS, logIndex=2489, commits[3258574c-39ac-4ed5-9145-ea59a337c299:c2489]
2019-09-02 06:30:13,284 [grpc-default-executor-0] INFO  client.GrpcClientProtocolClient (GrpcClientProtocolClient.java:onNext(255)) - client-0D308AD40832->3258574c-39ac-4ed5-9145-ea59a337c299: receive RaftClientReply:client-0D308AD40832->3258574c-39ac-4ed5-9145-ea59a337c299@group-6C7D867BDA6A, cid=1757, SUCCESS, logIndex=2492, commits[3258574c-39ac-4ed5-9145-ea59a337c299:c2495]
2019-09-02 06:30:13,284 [grpc-default-executor-0] INFO  client.GrpcClientProtocolClient (GrpcClientProtocolClient.java:onNext(255)) - client-0D308AD40832->3258574c-39ac-4ed5-9145-ea59a337c299: receive RaftClientReply:client-0D308AD40832->3258574c-39ac-4ed5-9145-ea59a337c299@group-6C7D867BDA6A, cid=1758, SUCCESS, logIndex=2493, commits[3258574c-39ac-4ed5-9145-ea59a337c299:c2496]
2019-09-02 06:30:13,285 [grpc-default-executor-0] INFO  client.GrpcClientProtocolClient (GrpcClientProtocolClient.java:onNext(255)) - client-0D308AD40832->3258574c-39ac-4ed5-9145-ea59a337c299: receive RaftClientReply:client-0D308AD40832->3258574c-39ac-4ed5-9145-ea59a337c299@group-6C7D867BDA6A, cid=1759, SUCCESS, logIndex=2494, commits[3258574c-39ac-4ed5-9145-ea59a337c299:c2496]
2019-09-02 06:30:13,285 [grpc-default-executor-0] INFO  client.GrpcClientProtocolClient (GrpcClientProtocolClient.java:onNext(255)) - client-0D308AD40832->3258574c-39ac-4ed5-9145-ea59a337c299: receive RaftClientReply:client-0D308AD40832->3258574c-39ac-4ed5-9145-ea59a337c299@group-6C7D867BDA6A, cid=1760, SUCCESS, logIndex=2495, commits[3258574c-39ac-4ed5-9145-ea59a337c299:c2496]
2019-09-02 06:30:13,315 [grpc-default-executor-1] INFO  client.GrpcClientProtocolClient (GrpcClientProtocolClient.java:onNext(255)) - client-0D308AD40832->3258574c-39ac-4ed5-9145-ea59a337c299: receive RaftClientReply:client-0D308AD40832->3258574c-39ac-4ed5-9145-ea59a337c299@group-6C7D867BDA6A, cid=1761, SUCCESS, logIndex=2497, commits[3258574c-39ac-4ed5-9145-ea59a337c299:c2498]
2019-09-02 06:30:13,315 [grpc-default-executor-1] INFO  client.GrpcClientProtocolClient (GrpcClientProtocolClient.java:onNext(255)) - client-0D308AD40832->3258574c-39ac-4ed5-9145-ea59a337c299: receive RaftClientReply:client-0D308AD40832->3258574c-39ac-4ed5-9145-ea59a337c299@group-6C7D867BDA6A, cid=1762, SUCCESS, logIndex=2498, commits[3258574c-39ac-4ed5-9145-ea59a337c299:c2498]
2019-09-02 06:30:13,316 [grpc-default-executor-1] INFO  client.GrpcClientProtocolClient (GrpcClientProtocolClient.java:onNext(255)) - client-0D308AD40832->3258574c-39ac-4ed5-9145-ea59a337c299: receive RaftClientReply:client-0D308AD40832->3258574c-39ac-4ed5-9145-ea59a337c299@group-6C7D867BDA6A, cid=1763, SUCCESS, logIndex=2499, commits[3258574c-39ac-4ed5-9145-ea59a337c299:c2500]
2019-09-02 06:30:13,316 [grpc-default-executor-1] INFO  client.GrpcClientProtocolClient (GrpcClientProtocolClient.java:onNext(255)) - client-0D308AD40832->3258574c-39ac-4ed5-9145-ea59a337c299: receive RaftClientReply:client-0D308AD40832->3258574c-39ac-4ed5-9145-ea59a337c299@group-6C7D867BDA6A, cid=1764, SUCCESS, logIndex=2500, commits[3258574c-39ac-4ed5-9145-ea59a337c299:c2501]
2019-09-02 06:30:13,334 [SCMBlockDeletingService#1] DEBUG block.SCMBlockDeletingService (SCMBlockDeletingService.java:call(138)) - Running DeletedBlockTransactionScanner
2019-09-02 06:30:13,334 [SCMBlockDeletingService#1] DEBUG block.SCMBlockDeletingService (SCMBlockDeletingService.java:call(155)) - Scanned deleted blocks log and got 0 delTX to process.
2019-09-02 06:30:13,340 [grpc-default-executor-1] INFO  client.GrpcClientProtocolClient (GrpcClientProtocolClient.java:onNext(255)) - client-0D308AD40832->3258574c-39ac-4ed5-9145-ea59a337c299: receive RaftClientReply:client-0D308AD40832->3258574c-39ac-4ed5-9145-ea59a337c299@group-6C7D867BDA6A, cid=1765, SUCCESS, logIndex=2503, commits[3258574c-39ac-4ed5-9145-ea59a337c299:c2506]
2019-09-02 06:30:13,340 [grpc-default-executor-1] INFO  client.GrpcClientProtocolClient (GrpcClientProtocolClient.java:onNext(255)) - client-0D308AD40832->3258574c-39ac-4ed5-9145-ea59a337c299: receive RaftClientReply:client-0D308AD40832->3258574c-39ac-4ed5-9145-ea59a337c299@group-6C7D867BDA6A, cid=1766, SUCCESS, logIndex=2504, commits[3258574c-39ac-4ed5-9145-ea59a337c299:c2507]
2019-09-02 06:30:13,341 [grpc-default-executor-1] INFO  client.GrpcClientProtocolClient (GrpcClientProtocolClient.java:onNext(255)) - client-0D308AD40832->3258574c-39ac-4ed5-9145-ea59a337c299: receive RaftClientReply:client-0D308AD40832->3258574c-39ac-4ed5-9145-ea59a337c299@group-6C7D867BDA6A, cid=1767, SUCCESS, logIndex=2505, commits[3258574c-39ac-4ed5-9145-ea59a337c299:c2507]
2019-09-02 06:30:13,341 [grpc-default-executor-1] INFO  client.GrpcClientProtocolClient (GrpcClientProtocolClient.java:onNext(255)) - client-0D308AD40832->3258574c-39ac-4ed5-9145-ea59a337c299: receive RaftClientReply:client-0D308AD40832->3258574c-39ac-4ed5-9145-ea59a337c299@group-6C7D867BDA6A, cid=1768, SUCCESS, logIndex=2506, commits[3258574c-39ac-4ed5-9145-ea59a337c299:c2507]
2019-09-02 06:30:13,434 [SCMBlockDeletingService#1] DEBUG block.SCMBlockDeletingService (SCMBlockDeletingService.java:call(138)) - Running DeletedBlockTransactionScanner
2019-09-02 06:30:13,435 [SCMBlockDeletingService#1] DEBUG block.SCMBlockDeletingService (SCMBlockDeletingService.java:call(155)) - Scanned deleted blocks log and got 0 delTX to process.
2019-09-02 06:30:13,472 [grpc-default-executor-1] INFO  client.GrpcClientProtocolClient (GrpcClientProtocolClient.java:onNext(255)) - client-0D308AD40832->3258574c-39ac-4ed5-9145-ea59a337c299: receive RaftClientReply:client-0D308AD40832->3258574c-39ac-4ed5-9145-ea59a337c299@group-6C7D867BDA6A, cid=1769, SUCCESS, logIndex=2508, commits[3258574c-39ac-4ed5-9145-ea59a337c299:c2511]
2019-09-02 06:30:13,472 [grpc-default-executor-1] INFO  client.GrpcClientProtocolClient (GrpcClientProtocolClient.java:onNext(255)) - client-0D308AD40832->3258574c-39ac-4ed5-9145-ea59a337c299: receive RaftClientReply:client-0D308AD40832->3258574c-39ac-4ed5-9145-ea59a337c299@group-6C7D867BDA6A, cid=1770, SUCCESS, logIndex=2509, commits[3258574c-39ac-4ed5-9145-ea59a337c299:c2512]
2019-09-02 06:30:13,473 [grpc-default-executor-1] INFO  client.GrpcClientProtocolClient (GrpcClientProtocolClient.java:onNext(255)) - client-0D308AD40832->3258574c-39ac-4ed5-9145-ea59a337c299: receive RaftClientReply:client-0D308AD40832->3258574c-39ac-4ed5-9145-ea59a337c299@group-6C7D867BDA6A, cid=1771, SUCCESS, logIndex=2510, commits[3258574c-39ac-4ed5-9145-ea59a337c299:c2512]
2019-09-02 06:30:13,473 [grpc-default-executor-1] INFO  client.GrpcClientProtocolClient (GrpcClientProtocolClient.java:onNext(255)) - client-0D308AD40832->3258574c-39ac-4ed5-9145-ea59a337c299: receive RaftClientReply:client-0D308AD40832->3258574c-39ac-4ed5-9145-ea59a337c299@group-6C7D867BDA6A, cid=1772, SUCCESS, logIndex=2511, commits[3258574c-39ac-4ed5-9145-ea59a337c299:c2512]
2019-09-02 06:30:13,494 [grpc-default-executor-0] INFO  client.GrpcClientProtocolClient (GrpcClientProtocolClient.java:onNext(255)) - client-0D308AD40832->3258574c-39ac-4ed5-9145-ea59a337c299: receive RaftClientReply:client-0D308AD40832->3258574c-39ac-4ed5-9145-ea59a337c299@group-6C7D867BDA6A, cid=1773, SUCCESS, logIndex=2513, commits[3258574c-39ac-4ed5-9145-ea59a337c299:c2516]
2019-09-02 06:30:13,495 [grpc-default-executor-0] INFO  client.GrpcClientProtocolClient (GrpcClientProtocolClient.java:onNext(255)) - client-0D308AD40832->3258574c-39ac-4ed5-9145-ea59a337c299: receive RaftClientReply:client-0D308AD40832->3258574c-39ac-4ed5-9145-ea59a337c299@group-6C7D867BDA6A, cid=1774, SUCCESS, logIndex=2514, commits[3258574c-39ac-4ed5-9145-ea59a337c299:c2516]
2019-09-02 06:30:13,495 [grpc-default-executor-0] INFO  client.GrpcClientProtocolClient (GrpcClientProtocolClient.java:onNext(255)) - client-0D308AD40832->3258574c-39ac-4ed5-9145-ea59a337c299: receive RaftClientReply:client-0D308AD40832->3258574c-39ac-4ed5-9145-ea59a337c299@group-6C7D867BDA6A, cid=1775, SUCCESS, logIndex=2515, commits[3258574c-39ac-4ed5-9145-ea59a337c299:c2516]
2019-09-02 06:30:13,496 [grpc-default-executor-0] INFO  client.GrpcClientProtocolClient (GrpcClientProtocolClient.java:onNext(255)) - client-0D308AD40832->3258574c-39ac-4ed5-9145-ea59a337c299: receive RaftClientReply:client-0D308AD40832->3258574c-39ac-4ed5-9145-ea59a337c299@group-6C7D867BDA6A, cid=1776, SUCCESS, logIndex=2516, commits[3258574c-39ac-4ed5-9145-ea59a337c299:c2516]
2019-09-02 06:30:13,524 [grpc-default-executor-1] INFO  client.GrpcClientProtocolClient (GrpcClientProtocolClient.java:onNext(255)) - client-0D308AD40832->3258574c-39ac-4ed5-9145-ea59a337c299: receive RaftClientReply:client-0D308AD40832->3258574c-39ac-4ed5-9145-ea59a337c299@group-6C7D867BDA6A, cid=1777, SUCCESS, logIndex=2518, commits[3258574c-39ac-4ed5-9145-ea59a337c299:c2521]
2019-09-02 06:30:13,525 [grpc-default-executor-1] INFO  client.GrpcClientProtocolClient (GrpcClientProtocolClient.java:onNext(255)) - client-0D308AD40832->3258574c-39ac-4ed5-9145-ea59a337c299: receive RaftClientReply:client-0D308AD40832->3258574c-39ac-4ed5-9145-ea59a337c299@group-6C7D867BDA6A, cid=1778, SUCCESS, logIndex=2519, commits[3258574c-39ac-4ed5-9145-ea59a337c299:c2522]
2019-09-02 06:30:13,525 [grpc-default-executor-1] INFO  client.GrpcClientProtocolClient (GrpcClientProtocolClient.java:onNext(255)) - client-0D308AD40832->3258574c-39ac-4ed5-9145-ea59a337c299: receive RaftClientReply:client-0D308AD40832->3258574c-39ac-4ed5-9145-ea59a337c299@group-6C7D867BDA6A, cid=1779, SUCCESS, logIndex=2520, commits[3258574c-39ac-4ed5-9145-ea59a337c299:c2522]
2019-09-02 06:30:13,526 [grpc-default-executor-1] INFO  client.GrpcClientProtocolClient (GrpcClientProtocolClient.java:onNext(255)) - client-0D308AD40832->3258574c-39ac-4ed5-9145-ea59a337c299: receive RaftClientReply:client-0D308AD40832->3258574c-39ac-4ed5-9145-ea59a337c299@group-6C7D867BDA6A, cid=1780, SUCCESS, logIndex=2521, commits[3258574c-39ac-4ed5-9145-ea59a337c299:c2522]
2019-09-02 06:30:13,535 [SCMBlockDeletingService#1] DEBUG block.SCMBlockDeletingService (SCMBlockDeletingService.java:call(138)) - Running DeletedBlockTransactionScanner
2019-09-02 06:30:13,536 [SCMBlockDeletingService#1] DEBUG block.SCMBlockDeletingService (SCMBlockDeletingService.java:call(155)) - Scanned deleted blocks log and got 0 delTX to process.
2019-09-02 06:30:13,548 [grpc-default-executor-1] INFO  client.GrpcClientProtocolClient (GrpcClientProtocolClient.java:onNext(255)) - client-0D308AD40832->3258574c-39ac-4ed5-9145-ea59a337c299: receive RaftClientReply:client-0D308AD40832->3258574c-39ac-4ed5-9145-ea59a337c299@group-6C7D867BDA6A, cid=1781, SUCCESS, logIndex=2523, commits[3258574c-39ac-4ed5-9145-ea59a337c299:c2527]
2019-09-02 06:30:13,549 [grpc-default-executor-1] INFO  client.GrpcClientProtocolClient (GrpcClientProtocolClient.java:onNext(255)) - client-0D308AD40832->3258574c-39ac-4ed5-9145-ea59a337c299: receive RaftClientReply:client-0D308AD40832->3258574c-39ac-4ed5-9145-ea59a337c299@group-6C7D867BDA6A, cid=1782, SUCCESS, logIndex=2524, commits[3258574c-39ac-4ed5-9145-ea59a337c299:c2527]
2019-09-02 06:30:13,549 [grpc-default-executor-1] INFO  client.GrpcClientProtocolClient (GrpcClientProtocolClient.java:onNext(255)) - client-0D308AD40832->3258574c-39ac-4ed5-9145-ea59a337c299: receive RaftClientReply:client-0D308AD40832->3258574c-39ac-4ed5-9145-ea59a337c299@group-6C7D867BDA6A, cid=1783, SUCCESS, logIndex=2525, commits[3258574c-39ac-4ed5-9145-ea59a337c299:c2527]
2019-09-02 06:30:13,550 [grpc-default-executor-1] INFO  client.GrpcClientProtocolClient (GrpcClientProtocolClient.java:onNext(255)) - client-0D308AD40832->3258574c-39ac-4ed5-9145-ea59a337c299: receive RaftClientReply:client-0D308AD40832->3258574c-39ac-4ed5-9145-ea59a337c299@group-6C7D867BDA6A, cid=1784, SUCCESS, logIndex=2526, commits[3258574c-39ac-4ed5-9145-ea59a337c299:c2527]
2019-09-02 06:30:13,649 [SCMBlockDeletingService#1] DEBUG block.SCMBlockDeletingService (SCMBlockDeletingService.java:call(138)) - Running DeletedBlockTransactionScanner
2019-09-02 06:30:13,650 [SCMBlockDeletingService#1] DEBUG block.SCMBlockDeletingService (SCMBlockDeletingService.java:call(155)) - Scanned deleted blocks log and got 0 delTX to process.
2019-09-02 06:30:13,662 [grpc-default-executor-1] INFO  client.GrpcClientProtocolClient (GrpcClientProtocolClient.java:onNext(255)) - client-0D308AD40832->3258574c-39ac-4ed5-9145-ea59a337c299: receive RaftClientReply:client-0D308AD40832->3258574c-39ac-4ed5-9145-ea59a337c299@group-6C7D867BDA6A, cid=1785, SUCCESS, logIndex=2528, commits[3258574c-39ac-4ed5-9145-ea59a337c299:c2529]
2019-09-02 06:30:13,663 [grpc-default-executor-1] INFO  client.GrpcClientProtocolClient (GrpcClientProtocolClient.java:onNext(255)) - client-0D308AD40832->3258574c-39ac-4ed5-9145-ea59a337c299: receive RaftClientReply:client-0D308AD40832->3258574c-39ac-4ed5-9145-ea59a337c299@group-6C7D867BDA6A, cid=1786, SUCCESS, logIndex=2529, commits[3258574c-39ac-4ed5-9145-ea59a337c299:c2531]
2019-09-02 06:30:13,663 [grpc-default-executor-1] INFO  client.GrpcClientProtocolClient (GrpcClientProtocolClient.java:onNext(255)) - client-0D308AD40832->3258574c-39ac-4ed5-9145-ea59a337c299: receive RaftClientReply:client-0D308AD40832->3258574c-39ac-4ed5-9145-ea59a337c299@group-6C7D867BDA6A, cid=1787, SUCCESS, logIndex=2530, commits[3258574c-39ac-4ed5-9145-ea59a337c299:c2532]
2019-09-02 06:30:13,663 [grpc-default-executor-1] INFO  client.GrpcClientProtocolClient (GrpcClientProtocolClient.java:onNext(255)) - client-0D308AD40832->3258574c-39ac-4ed5-9145-ea59a337c299: receive RaftClientReply:client-0D308AD40832->3258574c-39ac-4ed5-9145-ea59a337c299@group-6C7D867BDA6A, cid=1788, SUCCESS, logIndex=2531, commits[3258574c-39ac-4ed5-9145-ea59a337c299:c2533]
2019-09-02 06:30:13,685 [grpc-default-executor-0] INFO  client.GrpcClientProtocolClient (GrpcClientProtocolClient.java:onNext(255)) - client-0D308AD40832->3258574c-39ac-4ed5-9145-ea59a337c299: receive RaftClientReply:client-0D308AD40832->3258574c-39ac-4ed5-9145-ea59a337c299@group-6C7D867BDA6A, cid=1789, SUCCESS, logIndex=2534, commits[3258574c-39ac-4ed5-9145-ea59a337c299:c2537]
2019-09-02 06:30:13,686 [grpc-default-executor-0] INFO  client.GrpcClientProtocolClient (GrpcClientProtocolClient.java:onNext(255)) - client-0D308AD40832->3258574c-39ac-4ed5-9145-ea59a337c299: receive RaftClientReply:client-0D308AD40832->3258574c-39ac-4ed5-9145-ea59a337c299@group-6C7D867BDA6A, cid=1790, SUCCESS, logIndex=2535, commits[3258574c-39ac-4ed5-9145-ea59a337c299:c2538]
2019-09-02 06:30:13,686 [grpc-default-executor-0] INFO  client.GrpcClientProtocolClient (GrpcClientProtocolClient.java:onNext(255)) - client-0D308AD40832->3258574c-39ac-4ed5-9145-ea59a337c299: receive RaftClientReply:client-0D308AD40832->3258574c-39ac-4ed5-9145-ea59a337c299@group-6C7D867BDA6A, cid=1791, SUCCESS, logIndex=2536, commits[3258574c-39ac-4ed5-9145-ea59a337c299:c2538]
2019-09-02 06:30:13,687 [grpc-default-executor-0] INFO  client.GrpcClientProtocolClient (GrpcClientProtocolClient.java:onNext(255)) - client-0D308AD40832->3258574c-39ac-4ed5-9145-ea59a337c299: receive RaftClientReply:client-0D308AD40832->3258574c-39ac-4ed5-9145-ea59a337c299@group-6C7D867BDA6A, cid=1792, SUCCESS, logIndex=2537, commits[3258574c-39ac-4ed5-9145-ea59a337c299:c2538]
2019-09-02 06:30:13,714 [grpc-default-executor-1] INFO  client.GrpcClientProtocolClient (GrpcClientProtocolClient.java:onNext(255)) - client-0D308AD40832->3258574c-39ac-4ed5-9145-ea59a337c299: receive RaftClientReply:client-0D308AD40832->3258574c-39ac-4ed5-9145-ea59a337c299@group-6C7D867BDA6A, cid=1793, SUCCESS, logIndex=2539, commits[3258574c-39ac-4ed5-9145-ea59a337c299:c2542]
2019-09-02 06:30:13,715 [grpc-default-executor-1] INFO  client.GrpcClientProtocolClient (GrpcClientProtocolClient.java:onNext(255)) - client-0D308AD40832->3258574c-39ac-4ed5-9145-ea59a337c299: receive RaftClientReply:client-0D308AD40832->3258574c-39ac-4ed5-9145-ea59a337c299@group-6C7D867BDA6A, cid=1794, SUCCESS, logIndex=2540, commits[3258574c-39ac-4ed5-9145-ea59a337c299:c2543]
2019-09-02 06:30:13,715 [grpc-default-executor-1] INFO  client.GrpcClientProtocolClient (GrpcClientProtocolClient.java:onNext(255)) - client-0D308AD40832->3258574c-39ac-4ed5-9145-ea59a337c299: receive RaftClientReply:client-0D308AD40832->3258574c-39ac-4ed5-9145-ea59a337c299@group-6C7D867BDA6A, cid=1795, SUCCESS, logIndex=2541, commits[3258574c-39ac-4ed5-9145-ea59a337c299:c2543]
2019-09-02 06:30:13,716 [grpc-default-executor-1] INFO  client.GrpcClientProtocolClient (GrpcClientProtocolClient.java:onNext(255)) - client-0D308AD40832->3258574c-39ac-4ed5-9145-ea59a337c299: receive RaftClientReply:client-0D308AD40832->3258574c-39ac-4ed5-9145-ea59a337c299@group-6C7D867BDA6A, cid=1796, SUCCESS, logIndex=2542, commits[3258574c-39ac-4ed5-9145-ea59a337c299:c2543]
2019-09-02 06:30:13,735 [grpc-default-executor-0] INFO  client.GrpcClientProtocolClient (GrpcClientProtocolClient.java:onNext(255)) - client-0D308AD40832->3258574c-39ac-4ed5-9145-ea59a337c299: receive RaftClientReply:client-0D308AD40832->3258574c-39ac-4ed5-9145-ea59a337c299@group-6C7D867BDA6A, cid=1797, SUCCESS, logIndex=2544, commits[3258574c-39ac-4ed5-9145-ea59a337c299:c2547]
2019-09-02 06:30:13,736 [grpc-default-executor-0] INFO  client.GrpcClientProtocolClient (GrpcClientProtocolClient.java:onNext(255)) - client-0D308AD40832->3258574c-39ac-4ed5-9145-ea59a337c299: receive RaftClientReply:client-0D308AD40832->3258574c-39ac-4ed5-9145-ea59a337c299@group-6C7D867BDA6A, cid=1798, SUCCESS, logIndex=2545, commits[3258574c-39ac-4ed5-9145-ea59a337c299:c2548]
2019-09-02 06:30:13,736 [grpc-default-executor-0] INFO  client.GrpcClientProtocolClient (GrpcClientProtocolClient.java:onNext(255)) - client-0D308AD40832->3258574c-39ac-4ed5-9145-ea59a337c299: receive RaftClientReply:client-0D308AD40832->3258574c-39ac-4ed5-9145-ea59a337c299@group-6C7D867BDA6A, cid=1799, SUCCESS, logIndex=2546, commits[3258574c-39ac-4ed5-9145-ea59a337c299:c2548]
2019-09-02 06:30:13,736 [grpc-default-executor-0] INFO  client.GrpcClientProtocolClient (GrpcClientProtocolClient.java:onNext(255)) - client-0D308AD40832->3258574c-39ac-4ed5-9145-ea59a337c299: receive RaftClientReply:client-0D308AD40832->3258574c-39ac-4ed5-9145-ea59a337c299@group-6C7D867BDA6A, cid=1800, SUCCESS, logIndex=2547, commits[3258574c-39ac-4ed5-9145-ea59a337c299:c2548]
2019-09-02 06:30:13,750 [SCMBlockDeletingService#1] DEBUG block.SCMBlockDeletingService (SCMBlockDeletingService.java:call(138)) - Running DeletedBlockTransactionScanner
2019-09-02 06:30:13,750 [SCMBlockDeletingService#1] DEBUG block.SCMBlockDeletingService (SCMBlockDeletingService.java:call(155)) - Scanned deleted blocks log and got 0 delTX to process.
2019-09-02 06:30:13,762 [grpc-default-executor-1] INFO  client.GrpcClientProtocolClient (GrpcClientProtocolClient.java:onNext(255)) - client-0D308AD40832->3258574c-39ac-4ed5-9145-ea59a337c299: receive RaftClientReply:client-0D308AD40832->3258574c-39ac-4ed5-9145-ea59a337c299@group-6C7D867BDA6A, cid=1801, SUCCESS, logIndex=2549, commits[3258574c-39ac-4ed5-9145-ea59a337c299:c2552]
2019-09-02 06:30:13,762 [grpc-default-executor-1] INFO  client.GrpcClientProtocolClient (GrpcClientProtocolClient.java:onNext(255)) - client-0D308AD40832->3258574c-39ac-4ed5-9145-ea59a337c299: receive RaftClientReply:client-0D308AD40832->3258574c-39ac-4ed5-9145-ea59a337c299@group-6C7D867BDA6A, cid=1802, SUCCESS, logIndex=2550, commits[3258574c-39ac-4ed5-9145-ea59a337c299:c2552]
2019-09-02 06:30:13,763 [grpc-default-executor-1] INFO  client.GrpcClientProtocolClient (GrpcClientProtocolClient.java:onNext(255)) - client-0D308AD40832->3258574c-39ac-4ed5-9145-ea59a337c299: receive RaftClientReply:client-0D308AD40832->3258574c-39ac-4ed5-9145-ea59a337c299@group-6C7D867BDA6A, cid=1803, SUCCESS, logIndex=2551, commits[3258574c-39ac-4ed5-9145-ea59a337c299:c2553]
2019-09-02 06:30:13,763 [grpc-default-executor-1] INFO  client.GrpcClientProtocolClient (GrpcClientProtocolClient.java:onNext(255)) - client-0D308AD40832->3258574c-39ac-4ed5-9145-ea59a337c299: receive RaftClientReply:client-0D308AD40832->3258574c-39ac-4ed5-9145-ea59a337c299@group-6C7D867BDA6A, cid=1804, SUCCESS, logIndex=2552, commits[3258574c-39ac-4ed5-9145-ea59a337c299:c2553]
2019-09-02 06:30:13,781 [grpc-default-executor-1] INFO  client.GrpcClientProtocolClient (GrpcClientProtocolClient.java:onNext(255)) - client-0D308AD40832->3258574c-39ac-4ed5-9145-ea59a337c299: receive RaftClientReply:client-0D308AD40832->3258574c-39ac-4ed5-9145-ea59a337c299@group-6C7D867BDA6A, cid=1805, SUCCESS, logIndex=2554, commits[3258574c-39ac-4ed5-9145-ea59a337c299:c2555]
2019-09-02 06:30:13,781 [grpc-default-executor-1] INFO  client.GrpcClientProtocolClient (GrpcClientProtocolClient.java:onNext(255)) - client-0D308AD40832->3258574c-39ac-4ed5-9145-ea59a337c299: receive RaftClientReply:client-0D308AD40832->3258574c-39ac-4ed5-9145-ea59a337c299@group-6C7D867BDA6A, cid=1806, SUCCESS, logIndex=2555, commits[3258574c-39ac-4ed5-9145-ea59a337c299:c2555]
2019-09-02 06:30:13,781 [grpc-default-executor-1] INFO  client.GrpcClientProtocolClient (GrpcClientProtocolClient.java:onNext(255)) - client-0D308AD40832->3258574c-39ac-4ed5-9145-ea59a337c299: receive RaftClientReply:client-0D308AD40832->3258574c-39ac-4ed5-9145-ea59a337c299@group-6C7D867BDA6A, cid=1807, SUCCESS, logIndex=2556, commits[3258574c-39ac-4ed5-9145-ea59a337c299:c2558]
2019-09-02 06:30:13,782 [grpc-default-executor-1] INFO  client.GrpcClientProtocolClient (GrpcClientProtocolClient.java:onNext(255)) - client-0D308AD40832->3258574c-39ac-4ed5-9145-ea59a337c299: receive RaftClientReply:client-0D308AD40832->3258574c-39ac-4ed5-9145-ea59a337c299@group-6C7D867BDA6A, cid=1808, SUCCESS, logIndex=2557, commits[3258574c-39ac-4ed5-9145-ea59a337c299:c2558]
2019-09-02 06:30:13,807 [grpc-default-executor-0] INFO  client.GrpcClientProtocolClient (GrpcClientProtocolClient.java:onNext(255)) - client-0D308AD40832->3258574c-39ac-4ed5-9145-ea59a337c299: receive RaftClientReply:client-0D308AD40832->3258574c-39ac-4ed5-9145-ea59a337c299@group-6C7D867BDA6A, cid=1809, SUCCESS, logIndex=2560, commits[3258574c-39ac-4ed5-9145-ea59a337c299:c2561]
2019-09-02 06:30:13,807 [grpc-default-executor-0] INFO  client.GrpcClientProtocolClient (GrpcClientProtocolClient.java:onNext(255)) - client-0D308AD40832->3258574c-39ac-4ed5-9145-ea59a337c299: receive RaftClientReply:client-0D308AD40832->3258574c-39ac-4ed5-9145-ea59a337c299@group-6C7D867BDA6A, cid=1810, SUCCESS, logIndex=2561, commits[3258574c-39ac-4ed5-9145-ea59a337c299:c2561]
2019-09-02 06:30:13,807 [grpc-default-executor-0] INFO  client.GrpcClientProtocolClient (GrpcClientProtocolClient.java:onNext(255)) - client-0D308AD40832->3258574c-39ac-4ed5-9145-ea59a337c299: receive RaftClientReply:client-0D308AD40832->3258574c-39ac-4ed5-9145-ea59a337c299@group-6C7D867BDA6A, cid=1811, SUCCESS, logIndex=2562, commits[3258574c-39ac-4ed5-9145-ea59a337c299:c2563]
2019-09-02 06:30:13,808 [grpc-default-executor-0] INFO  client.GrpcClientProtocolClient (GrpcClientProtocolClient.java:onNext(255)) - client-0D308AD40832->3258574c-39ac-4ed5-9145-ea59a337c299: receive RaftClientReply:client-0D308AD40832->3258574c-39ac-4ed5-9145-ea59a337c299@group-6C7D867BDA6A, cid=1812, SUCCESS, logIndex=2563, commits[3258574c-39ac-4ed5-9145-ea59a337c299:c2564]
2019-09-02 06:30:13,850 [SCMBlockDeletingService#1] DEBUG block.SCMBlockDeletingService (SCMBlockDeletingService.java:call(138)) - Running DeletedBlockTransactionScanner
2019-09-02 06:30:13,851 [SCMBlockDeletingService#1] DEBUG block.SCMBlockDeletingService (SCMBlockDeletingService.java:call(155)) - Scanned deleted blocks log and got 0 delTX to process.
2019-09-02 06:30:13,914 [grpc-default-executor-1] INFO  client.GrpcClientProtocolClient (GrpcClientProtocolClient.java:onNext(255)) - client-0D308AD40832->3258574c-39ac-4ed5-9145-ea59a337c299: receive RaftClientReply:client-0D308AD40832->3258574c-39ac-4ed5-9145-ea59a337c299@group-6C7D867BDA6A, cid=1813, SUCCESS, logIndex=2566, commits[3258574c-39ac-4ed5-9145-ea59a337c299:c2569]
2019-09-02 06:30:13,915 [grpc-default-executor-1] INFO  client.GrpcClientProtocolClient (GrpcClientProtocolClient.java:onNext(255)) - client-0D308AD40832->3258574c-39ac-4ed5-9145-ea59a337c299: receive RaftClientReply:client-0D308AD40832->3258574c-39ac-4ed5-9145-ea59a337c299@group-6C7D867BDA6A, cid=1814, SUCCESS, logIndex=2567, commits[3258574c-39ac-4ed5-9145-ea59a337c299:c2570]
2019-09-02 06:30:13,915 [grpc-default-executor-1] INFO  client.GrpcClientProtocolClient (GrpcClientProtocolClient.java:onNext(255)) - client-0D308AD40832->3258574c-39ac-4ed5-9145-ea59a337c299: receive RaftClientReply:client-0D308AD40832->3258574c-39ac-4ed5-9145-ea59a337c299@group-6C7D867BDA6A, cid=1815, SUCCESS, logIndex=2568, commits[3258574c-39ac-4ed5-9145-ea59a337c299:c2570]
2019-09-02 06:30:13,915 [grpc-default-executor-1] INFO  client.GrpcClientProtocolClient (GrpcClientProtocolClient.java:onNext(255)) - client-0D308AD40832->3258574c-39ac-4ed5-9145-ea59a337c299: receive RaftClientReply:client-0D308AD40832->3258574c-39ac-4ed5-9145-ea59a337c299@group-6C7D867BDA6A, cid=1816, SUCCESS, logIndex=2569, commits[3258574c-39ac-4ed5-9145-ea59a337c299:c2570]
2019-09-02 06:30:13,943 [grpc-default-executor-1] INFO  client.GrpcClientProtocolClient (GrpcClientProtocolClient.java:onNext(255)) - client-0D308AD40832->3258574c-39ac-4ed5-9145-ea59a337c299: receive RaftClientReply:client-0D308AD40832->3258574c-39ac-4ed5-9145-ea59a337c299@group-6C7D867BDA6A, cid=1817, SUCCESS, logIndex=2571, commits[3258574c-39ac-4ed5-9145-ea59a337c299:c2572]
2019-09-02 06:30:13,944 [grpc-default-executor-1] INFO  client.GrpcClientProtocolClient (GrpcClientProtocolClient.java:onNext(255)) - client-0D308AD40832->3258574c-39ac-4ed5-9145-ea59a337c299: receive RaftClientReply:client-0D308AD40832->3258574c-39ac-4ed5-9145-ea59a337c299@group-6C7D867BDA6A, cid=1818, SUCCESS, logIndex=2572, commits[3258574c-39ac-4ed5-9145-ea59a337c299:c2574]
2019-09-02 06:30:13,944 [grpc-default-executor-1] INFO  client.GrpcClientProtocolClient (GrpcClientProtocolClient.java:onNext(255)) - client-0D308AD40832->3258574c-39ac-4ed5-9145-ea59a337c299: receive RaftClientReply:client-0D308AD40832->3258574c-39ac-4ed5-9145-ea59a337c299@group-6C7D867BDA6A, cid=1819, SUCCESS, logIndex=2573, commits[3258574c-39ac-4ed5-9145-ea59a337c299:c2574]
2019-09-02 06:30:13,944 [grpc-default-executor-1] INFO  client.GrpcClientProtocolClient (GrpcClientProtocolClient.java:onNext(255)) - client-0D308AD40832->3258574c-39ac-4ed5-9145-ea59a337c299: receive RaftClientReply:client-0D308AD40832->3258574c-39ac-4ed5-9145-ea59a337c299@group-6C7D867BDA6A, cid=1820, SUCCESS, logIndex=2574, commits[3258574c-39ac-4ed5-9145-ea59a337c299:c2575]
2019-09-02 06:30:13,951 [SCMBlockDeletingService#1] DEBUG block.SCMBlockDeletingService (SCMBlockDeletingService.java:call(138)) - Running DeletedBlockTransactionScanner
2019-09-02 06:30:13,951 [SCMBlockDeletingService#1] DEBUG block.SCMBlockDeletingService (SCMBlockDeletingService.java:call(155)) - Scanned deleted blocks log and got 0 delTX to process.
2019-09-02 06:30:13,965 [grpc-default-executor-1] INFO  client.GrpcClientProtocolClient (GrpcClientProtocolClient.java:onNext(255)) - client-0D308AD40832->3258574c-39ac-4ed5-9145-ea59a337c299: receive RaftClientReply:client-0D308AD40832->3258574c-39ac-4ed5-9145-ea59a337c299@group-6C7D867BDA6A, cid=1821, SUCCESS, logIndex=2577, commits[3258574c-39ac-4ed5-9145-ea59a337c299:c2580]
2019-09-02 06:30:13,965 [grpc-default-executor-1] INFO  client.GrpcClientProtocolClient (GrpcClientProtocolClient.java:onNext(255)) - client-0D308AD40832->3258574c-39ac-4ed5-9145-ea59a337c299: receive RaftClientReply:client-0D308AD40832->3258574c-39ac-4ed5-9145-ea59a337c299@group-6C7D867BDA6A, cid=1822, SUCCESS, logIndex=2578, commits[3258574c-39ac-4ed5-9145-ea59a337c299:c2580]
2019-09-02 06:30:13,966 [grpc-default-executor-1] INFO  client.GrpcClientProtocolClient (GrpcClientProtocolClient.java:onNext(255)) - client-0D308AD40832->3258574c-39ac-4ed5-9145-ea59a337c299: receive RaftClientReply:client-0D308AD40832->3258574c-39ac-4ed5-9145-ea59a337c299@group-6C7D867BDA6A, cid=1823, SUCCESS, logIndex=2579, commits[3258574c-39ac-4ed5-9145-ea59a337c299:c2581]
2019-09-02 06:30:13,966 [grpc-default-executor-1] INFO  client.GrpcClientProtocolClient (GrpcClientProtocolClient.java:onNext(255)) - client-0D308AD40832->3258574c-39ac-4ed5-9145-ea59a337c299: receive RaftClientReply:client-0D308AD40832->3258574c-39ac-4ed5-9145-ea59a337c299@group-6C7D867BDA6A, cid=1824, SUCCESS, logIndex=2580, commits[3258574c-39ac-4ed5-9145-ea59a337c299:c2582]
2019-09-02 06:30:13,994 [grpc-default-executor-1] INFO  client.GrpcClientProtocolClient (GrpcClientProtocolClient.java:onNext(255)) - client-0D308AD40832->3258574c-39ac-4ed5-9145-ea59a337c299: receive RaftClientReply:client-0D308AD40832->3258574c-39ac-4ed5-9145-ea59a337c299@group-6C7D867BDA6A, cid=1825, SUCCESS, logIndex=2583, commits[3258574c-39ac-4ed5-9145-ea59a337c299:c2586]
2019-09-02 06:30:13,995 [grpc-default-executor-1] INFO  client.GrpcClientProtocolClient (GrpcClientProtocolClient.java:onNext(255)) - client-0D308AD40832->3258574c-39ac-4ed5-9145-ea59a337c299: receive RaftClientReply:client-0D308AD40832->3258574c-39ac-4ed5-9145-ea59a337c299@group-6C7D867BDA6A, cid=1826, SUCCESS, logIndex=2584, commits[3258574c-39ac-4ed5-9145-ea59a337c299:c2586]
2019-09-02 06:30:13,995 [grpc-default-executor-1] INFO  client.GrpcClientProtocolClient (GrpcClientProtocolClient.java:onNext(255)) - client-0D308AD40832->3258574c-39ac-4ed5-9145-ea59a337c299: receive RaftClientReply:client-0D308AD40832->3258574c-39ac-4ed5-9145-ea59a337c299@group-6C7D867BDA6A, cid=1827, SUCCESS, logIndex=2585, commits[3258574c-39ac-4ed5-9145-ea59a337c299:c2587]
2019-09-02 06:30:13,995 [grpc-default-executor-1] INFO  client.GrpcClientProtocolClient (GrpcClientProtocolClient.java:onNext(255)) - client-0D308AD40832->3258574c-39ac-4ed5-9145-ea59a337c299: receive RaftClientReply:client-0D308AD40832->3258574c-39ac-4ed5-9145-ea59a337c299@group-6C7D867BDA6A, cid=1828, SUCCESS, logIndex=2586, commits[3258574c-39ac-4ed5-9145-ea59a337c299:c2588]
2019-09-02 06:30:14,014 [grpc-default-executor-1] INFO  client.GrpcClientProtocolClient (GrpcClientProtocolClient.java:onNext(255)) - client-0D308AD40832->3258574c-39ac-4ed5-9145-ea59a337c299: receive RaftClientReply:client-0D308AD40832->3258574c-39ac-4ed5-9145-ea59a337c299@group-6C7D867BDA6A, cid=1829, SUCCESS, logIndex=2589, commits[3258574c-39ac-4ed5-9145-ea59a337c299:c2590]
2019-09-02 06:30:14,016 [grpc-default-executor-1] INFO  client.GrpcClientProtocolClient (GrpcClientProtocolClient.java:onNext(255)) - client-0D308AD40832->3258574c-39ac-4ed5-9145-ea59a337c299: receive RaftClientReply:client-0D308AD40832->3258574c-39ac-4ed5-9145-ea59a337c299@group-6C7D867BDA6A, cid=1830, SUCCESS, logIndex=2590, commits[3258574c-39ac-4ed5-9145-ea59a337c299:c2590]
2019-09-02 06:30:14,017 [grpc-default-executor-1] INFO  client.GrpcClientProtocolClient (GrpcClientProtocolClient.java:onNext(255)) - client-0D308AD40832->3258574c-39ac-4ed5-9145-ea59a337c299: receive RaftClientReply:client-0D308AD40832->3258574c-39ac-4ed5-9145-ea59a337c299@group-6C7D867BDA6A, cid=1831, SUCCESS, logIndex=2591, commits[3258574c-39ac-4ed5-9145-ea59a337c299:c2593]
2019-09-02 06:30:14,017 [grpc-default-executor-1] INFO  client.GrpcClientProtocolClient (GrpcClientProtocolClient.java:onNext(255)) - client-0D308AD40832->3258574c-39ac-4ed5-9145-ea59a337c299: receive RaftClientReply:client-0D308AD40832->3258574c-39ac-4ed5-9145-ea59a337c299@group-6C7D867BDA6A, cid=1832, SUCCESS, logIndex=2592, commits[3258574c-39ac-4ed5-9145-ea59a337c299:c2593]
2019-09-02 06:30:14,046 [grpc-default-executor-1] INFO  client.GrpcClientProtocolClient (GrpcClientProtocolClient.java:onNext(255)) - client-0D308AD40832->3258574c-39ac-4ed5-9145-ea59a337c299: receive RaftClientReply:client-0D308AD40832->3258574c-39ac-4ed5-9145-ea59a337c299@group-6C7D867BDA6A, cid=1833, SUCCESS, logIndex=2594, commits[3258574c-39ac-4ed5-9145-ea59a337c299:c2597]
2019-09-02 06:30:14,047 [grpc-default-executor-1] INFO  client.GrpcClientProtocolClient (GrpcClientProtocolClient.java:onNext(255)) - client-0D308AD40832->3258574c-39ac-4ed5-9145-ea59a337c299: receive RaftClientReply:client-0D308AD40832->3258574c-39ac-4ed5-9145-ea59a337c299@group-6C7D867BDA6A, cid=1834, SUCCESS, logIndex=2595, commits[3258574c-39ac-4ed5-9145-ea59a337c299:c2598]
2019-09-02 06:30:14,047 [grpc-default-executor-1] INFO  client.GrpcClientProtocolClient (GrpcClientProtocolClient.java:onNext(255)) - client-0D308AD40832->3258574c-39ac-4ed5-9145-ea59a337c299: receive RaftClientReply:client-0D308AD40832->3258574c-39ac-4ed5-9145-ea59a337c299@group-6C7D867BDA6A, cid=1835, SUCCESS, logIndex=2596, commits[3258574c-39ac-4ed5-9145-ea59a337c299:c2598]
2019-09-02 06:30:14,047 [grpc-default-executor-1] INFO  client.GrpcClientProtocolClient (GrpcClientProtocolClient.java:onNext(255)) - client-0D308AD40832->3258574c-39ac-4ed5-9145-ea59a337c299: receive RaftClientReply:client-0D308AD40832->3258574c-39ac-4ed5-9145-ea59a337c299@group-6C7D867BDA6A, cid=1836, SUCCESS, logIndex=2597, commits[3258574c-39ac-4ed5-9145-ea59a337c299:c2598]
2019-09-02 06:30:14,052 [SCMBlockDeletingService#1] DEBUG block.SCMBlockDeletingService (SCMBlockDeletingService.java:call(138)) - Running DeletedBlockTransactionScanner
2019-09-02 06:30:14,053 [SCMBlockDeletingService#1] DEBUG block.SCMBlockDeletingService (SCMBlockDeletingService.java:call(155)) - Scanned deleted blocks log and got 0 delTX to process.
2019-09-02 06:30:14,070 [grpc-default-executor-1] INFO  client.GrpcClientProtocolClient (GrpcClientProtocolClient.java:onNext(255)) - client-0D308AD40832->3258574c-39ac-4ed5-9145-ea59a337c299: receive RaftClientReply:client-0D308AD40832->3258574c-39ac-4ed5-9145-ea59a337c299@group-6C7D867BDA6A, cid=1837, SUCCESS, logIndex=2599, commits[3258574c-39ac-4ed5-9145-ea59a337c299:c2602]
2019-09-02 06:30:14,070 [grpc-default-executor-1] INFO  client.GrpcClientProtocolClient (GrpcClientProtocolClient.java:onNext(255)) - client-0D308AD40832->3258574c-39ac-4ed5-9145-ea59a337c299: receive RaftClientReply:client-0D308AD40832->3258574c-39ac-4ed5-9145-ea59a337c299@group-6C7D867BDA6A, cid=1838, SUCCESS, logIndex=2600, commits[3258574c-39ac-4ed5-9145-ea59a337c299:c2602]
2019-09-02 06:30:14,071 [grpc-default-executor-1] INFO  client.GrpcClientProtocolClient (GrpcClientProtocolClient.java:onNext(255)) - client-0D308AD40832->3258574c-39ac-4ed5-9145-ea59a337c299: receive RaftClientReply:client-0D308AD40832->3258574c-39ac-4ed5-9145-ea59a337c299@group-6C7D867BDA6A, cid=1839, SUCCESS, logIndex=2601, commits[3258574c-39ac-4ed5-9145-ea59a337c299:c2603]
2019-09-02 06:30:14,071 [grpc-default-executor-1] INFO  client.GrpcClientProtocolClient (GrpcClientProtocolClient.java:onNext(255)) - client-0D308AD40832->3258574c-39ac-4ed5-9145-ea59a337c299: receive RaftClientReply:client-0D308AD40832->3258574c-39ac-4ed5-9145-ea59a337c299@group-6C7D867BDA6A, cid=1840, SUCCESS, logIndex=2602, commits[3258574c-39ac-4ed5-9145-ea59a337c299:c2603]
2019-09-02 06:30:14,097 [grpc-default-executor-1] INFO  client.GrpcClientProtocolClient (GrpcClientProtocolClient.java:onNext(255)) - client-0D308AD40832->3258574c-39ac-4ed5-9145-ea59a337c299: receive RaftClientReply:client-0D308AD40832->3258574c-39ac-4ed5-9145-ea59a337c299@group-6C7D867BDA6A, cid=1841, SUCCESS, logIndex=2605, commits[3258574c-39ac-4ed5-9145-ea59a337c299:c2606]
2019-09-02 06:30:14,098 [grpc-default-executor-1] INFO  client.GrpcClientProtocolClient (GrpcClientProtocolClient.java:onNext(255)) - client-0D308AD40832->3258574c-39ac-4ed5-9145-ea59a337c299: receive RaftClientReply:client-0D308AD40832->3258574c-39ac-4ed5-9145-ea59a337c299@group-6C7D867BDA6A, cid=1842, SUCCESS, logIndex=2606, commits[3258574c-39ac-4ed5-9145-ea59a337c299:c2606]
2019-09-02 06:30:14,098 [grpc-default-executor-1] INFO  client.GrpcClientProtocolClient (GrpcClientProtocolClient.java:onNext(255)) - client-0D308AD40832->3258574c-39ac-4ed5-9145-ea59a337c299: receive RaftClientReply:client-0D308AD40832->3258574c-39ac-4ed5-9145-ea59a337c299@group-6C7D867BDA6A, cid=1843, SUCCESS, logIndex=2607, commits[3258574c-39ac-4ed5-9145-ea59a337c299:c2608]
2019-09-02 06:30:14,098 [grpc-default-executor-1] INFO  client.GrpcClientProtocolClient (GrpcClientProtocolClient.java:onNext(255)) - client-0D308AD40832->3258574c-39ac-4ed5-9145-ea59a337c299: receive RaftClientReply:client-0D308AD40832->3258574c-39ac-4ed5-9145-ea59a337c299@group-6C7D867BDA6A, cid=1844, SUCCESS, logIndex=2608, commits[3258574c-39ac-4ed5-9145-ea59a337c299:c2608]
2019-09-02 06:30:14,111 [grpc-default-executor-0] INFO  client.GrpcClientProtocolClient (GrpcClientProtocolClient.java:onNext(255)) - client-0D308AD40832->3258574c-39ac-4ed5-9145-ea59a337c299: receive RaftClientReply:client-0D308AD40832->3258574c-39ac-4ed5-9145-ea59a337c299@group-6C7D867BDA6A, cid=1845, SUCCESS, logIndex=2611, commits[3258574c-39ac-4ed5-9145-ea59a337c299:c2614]
2019-09-02 06:30:14,112 [grpc-default-executor-0] INFO  client.GrpcClientProtocolClient (GrpcClientProtocolClient.java:onNext(255)) - client-0D308AD40832->3258574c-39ac-4ed5-9145-ea59a337c299: receive RaftClientReply:client-0D308AD40832->3258574c-39ac-4ed5-9145-ea59a337c299@group-6C7D867BDA6A, cid=1846, SUCCESS, logIndex=2612, commits[3258574c-39ac-4ed5-9145-ea59a337c299:c2614]
2019-09-02 06:30:14,112 [grpc-default-executor-0] INFO  client.GrpcClientProtocolClient (GrpcClientProtocolClient.java:onNext(255)) - client-0D308AD40832->3258574c-39ac-4ed5-9145-ea59a337c299: receive RaftClientReply:client-0D308AD40832->3258574c-39ac-4ed5-9145-ea59a337c299@group-6C7D867BDA6A, cid=1847, SUCCESS, logIndex=2613, commits[3258574c-39ac-4ed5-9145-ea59a337c299:c2614]
2019-09-02 06:30:14,112 [grpc-default-executor-0] INFO  client.GrpcClientProtocolClient (GrpcClientProtocolClient.java:onNext(255)) - client-0D308AD40832->3258574c-39ac-4ed5-9145-ea59a337c299: receive RaftClientReply:client-0D308AD40832->3258574c-39ac-4ed5-9145-ea59a337c299@group-6C7D867BDA6A, cid=1848, SUCCESS, logIndex=2614, commits[3258574c-39ac-4ed5-9145-ea59a337c299:c2614]
2019-09-02 06:30:14,139 [grpc-default-executor-0] INFO  client.GrpcClientProtocolClient (GrpcClientProtocolClient.java:onNext(255)) - client-0D308AD40832->3258574c-39ac-4ed5-9145-ea59a337c299: receive RaftClientReply:client-0D308AD40832->3258574c-39ac-4ed5-9145-ea59a337c299@group-6C7D867BDA6A, cid=1849, SUCCESS, logIndex=2616, commits[3258574c-39ac-4ed5-9145-ea59a337c299:c2619]
2019-09-02 06:30:14,140 [grpc-default-executor-0] INFO  client.GrpcClientProtocolClient (GrpcClientProtocolClient.java:onNext(255)) - client-0D308AD40832->3258574c-39ac-4ed5-9145-ea59a337c299: receive RaftClientReply:client-0D308AD40832->3258574c-39ac-4ed5-9145-ea59a337c299@group-6C7D867BDA6A, cid=1850, SUCCESS, logIndex=2617, commits[3258574c-39ac-4ed5-9145-ea59a337c299:c2619]
2019-09-02 06:30:14,140 [grpc-default-executor-0] INFO  client.GrpcClientProtocolClient (GrpcClientProtocolClient.java:onNext(255)) - client-0D308AD40832->3258574c-39ac-4ed5-9145-ea59a337c299: receive RaftClientReply:client-0D308AD40832->3258574c-39ac-4ed5-9145-ea59a337c299@group-6C7D867BDA6A, cid=1851, SUCCESS, logIndex=2618, commits[3258574c-39ac-4ed5-9145-ea59a337c299:c2620]
2019-09-02 06:30:14,141 [grpc-default-executor-0] INFO  client.GrpcClientProtocolClient (GrpcClientProtocolClient.java:onNext(255)) - client-0D308AD40832->3258574c-39ac-4ed5-9145-ea59a337c299: receive RaftClientReply:client-0D308AD40832->3258574c-39ac-4ed5-9145-ea59a337c299@group-6C7D867BDA6A, cid=1852, SUCCESS, logIndex=2619, commits[3258574c-39ac-4ed5-9145-ea59a337c299:c2621]
2019-09-02 06:30:14,150 [grpc-default-executor-1] INFO  client.GrpcClientProtocolClient (GrpcClientProtocolClient.java:onNext(255)) - client-0D308AD40832->3258574c-39ac-4ed5-9145-ea59a337c299: receive RaftClientReply:client-0D308AD40832->3258574c-39ac-4ed5-9145-ea59a337c299@group-6C7D867BDA6A, cid=1853, SUCCESS, logIndex=2622, commits[3258574c-39ac-4ed5-9145-ea59a337c299:c2623]
2019-09-02 06:30:14,151 [grpc-default-executor-1] INFO  client.GrpcClientProtocolClient (GrpcClientProtocolClient.java:onNext(255)) - client-0D308AD40832->3258574c-39ac-4ed5-9145-ea59a337c299: receive RaftClientReply:client-0D308AD40832->3258574c-39ac-4ed5-9145-ea59a337c299@group-6C7D867BDA6A, cid=1854, SUCCESS, logIndex=2623, commits[3258574c-39ac-4ed5-9145-ea59a337c299:c2623]
2019-09-02 06:30:14,153 [SCMBlockDeletingService#1] DEBUG block.SCMBlockDeletingService (SCMBlockDeletingService.java:call(138)) - Running DeletedBlockTransactionScanner
2019-09-02 06:30:14,153 [grpc-default-executor-1] INFO  client.GrpcClientProtocolClient (GrpcClientProtocolClient.java:onNext(255)) - client-0D308AD40832->3258574c-39ac-4ed5-9145-ea59a337c299: receive RaftClientReply:client-0D308AD40832->3258574c-39ac-4ed5-9145-ea59a337c299@group-6C7D867BDA6A, cid=1855, SUCCESS, logIndex=2624, commits[3258574c-39ac-4ed5-9145-ea59a337c299:c2626]
2019-09-02 06:30:14,153 [SCMBlockDeletingService#1] DEBUG block.SCMBlockDeletingService (SCMBlockDeletingService.java:call(155)) - Scanned deleted blocks log and got 0 delTX to process.
2019-09-02 06:30:14,154 [grpc-default-executor-1] INFO  client.GrpcClientProtocolClient (GrpcClientProtocolClient.java:onNext(255)) - client-0D308AD40832->3258574c-39ac-4ed5-9145-ea59a337c299: receive RaftClientReply:client-0D308AD40832->3258574c-39ac-4ed5-9145-ea59a337c299@group-6C7D867BDA6A, cid=1856, SUCCESS, logIndex=2626, commits[3258574c-39ac-4ed5-9145-ea59a337c299:c2627]
2019-09-02 06:30:14,254 [SCMBlockDeletingService#0] DEBUG block.SCMBlockDeletingService (SCMBlockDeletingService.java:call(138)) - Running DeletedBlockTransactionScanner
2019-09-02 06:30:14,255 [SCMBlockDeletingService#0] DEBUG block.SCMBlockDeletingService (SCMBlockDeletingService.java:call(155)) - Scanned deleted blocks log and got 0 delTX to process.
2019-09-02 06:30:14,274 [grpc-default-executor-0] INFO  client.GrpcClientProtocolClient (GrpcClientProtocolClient.java:onNext(255)) - client-0D308AD40832->3258574c-39ac-4ed5-9145-ea59a337c299: receive RaftClientReply:client-0D308AD40832->3258574c-39ac-4ed5-9145-ea59a337c299@group-6C7D867BDA6A, cid=1857, SUCCESS, logIndex=2628, commits[3258574c-39ac-4ed5-9145-ea59a337c299:c2631]
2019-09-02 06:30:14,275 [grpc-default-executor-0] INFO  client.GrpcClientProtocolClient (GrpcClientProtocolClient.java:onNext(255)) - client-0D308AD40832->3258574c-39ac-4ed5-9145-ea59a337c299: receive RaftClientReply:client-0D308AD40832->3258574c-39ac-4ed5-9145-ea59a337c299@group-6C7D867BDA6A, cid=1858, SUCCESS, logIndex=2629, commits[3258574c-39ac-4ed5-9145-ea59a337c299:c2631]
2019-09-02 06:30:14,275 [grpc-default-executor-0] INFO  client.GrpcClientProtocolClient (GrpcClientProtocolClient.java:onNext(255)) - client-0D308AD40832->3258574c-39ac-4ed5-9145-ea59a337c299: receive RaftClientReply:client-0D308AD40832->3258574c-39ac-4ed5-9145-ea59a337c299@group-6C7D867BDA6A, cid=1859, SUCCESS, logIndex=2630, commits[3258574c-39ac-4ed5-9145-ea59a337c299:c2631]
2019-09-02 06:30:14,276 [grpc-default-executor-0] INFO  client.GrpcClientProtocolClient (GrpcClientProtocolClient.java:onNext(255)) - client-0D308AD40832->3258574c-39ac-4ed5-9145-ea59a337c299: receive RaftClientReply:client-0D308AD40832->3258574c-39ac-4ed5-9145-ea59a337c299@group-6C7D867BDA6A, cid=1860, SUCCESS, logIndex=2631, commits[3258574c-39ac-4ed5-9145-ea59a337c299:c2631]
2019-09-02 06:30:14,295 [grpc-default-executor-0] INFO  client.GrpcClientProtocolClient (GrpcClientProtocolClient.java:onNext(255)) - client-0D308AD40832->3258574c-39ac-4ed5-9145-ea59a337c299: receive RaftClientReply:client-0D308AD40832->3258574c-39ac-4ed5-9145-ea59a337c299@group-6C7D867BDA6A, cid=1861, SUCCESS, logIndex=2633, commits[3258574c-39ac-4ed5-9145-ea59a337c299:c2634]
2019-09-02 06:30:14,295 [grpc-default-executor-0] INFO  client.GrpcClientProtocolClient (GrpcClientProtocolClient.java:onNext(255)) - client-0D308AD40832->3258574c-39ac-4ed5-9145-ea59a337c299: receive RaftClientReply:client-0D308AD40832->3258574c-39ac-4ed5-9145-ea59a337c299@group-6C7D867BDA6A, cid=1862, SUCCESS, logIndex=2634, commits[3258574c-39ac-4ed5-9145-ea59a337c299:c2634]
2019-09-02 06:30:14,296 [grpc-default-executor-0] INFO  client.GrpcClientProtocolClient (GrpcClientProtocolClient.java:onNext(255)) - client-0D308AD40832->3258574c-39ac-4ed5-9145-ea59a337c299: receive RaftClientReply:client-0D308AD40832->3258574c-39ac-4ed5-9145-ea59a337c299@group-6C7D867BDA6A, cid=1863, SUCCESS, logIndex=2635, commits[3258574c-39ac-4ed5-9145-ea59a337c299:c2636]
2019-09-02 06:30:14,297 [grpc-default-executor-0] INFO  client.GrpcClientProtocolClient (GrpcClientProtocolClient.java:onNext(255)) - client-0D308AD40832->3258574c-39ac-4ed5-9145-ea59a337c299: receive RaftClientReply:client-0D308AD40832->3258574c-39ac-4ed5-9145-ea59a337c299@group-6C7D867BDA6A, cid=1864, SUCCESS, logIndex=2636, commits[3258574c-39ac-4ed5-9145-ea59a337c299:c2636]
2019-09-02 06:30:14,325 [grpc-default-executor-1] INFO  client.GrpcClientProtocolClient (GrpcClientProtocolClient.java:onNext(255)) - client-0D308AD40832->3258574c-39ac-4ed5-9145-ea59a337c299: receive RaftClientReply:client-0D308AD40832->3258574c-39ac-4ed5-9145-ea59a337c299@group-6C7D867BDA6A, cid=1865, SUCCESS, logIndex=2639, commits[3258574c-39ac-4ed5-9145-ea59a337c299:c2640]
2019-09-02 06:30:14,326 [grpc-default-executor-1] INFO  client.GrpcClientProtocolClient (GrpcClientProtocolClient.java:onNext(255)) - client-0D308AD40832->3258574c-39ac-4ed5-9145-ea59a337c299: receive RaftClientReply:client-0D308AD40832->3258574c-39ac-4ed5-9145-ea59a337c299@group-6C7D867BDA6A, cid=1866, SUCCESS, logIndex=2640, commits[3258574c-39ac-4ed5-9145-ea59a337c299:c2642]
2019-09-02 06:30:14,326 [grpc-default-executor-1] INFO  client.GrpcClientProtocolClient (GrpcClientProtocolClient.java:onNext(255)) - client-0D308AD40832->3258574c-39ac-4ed5-9145-ea59a337c299: receive RaftClientReply:client-0D308AD40832->3258574c-39ac-4ed5-9145-ea59a337c299@group-6C7D867BDA6A, cid=1867, SUCCESS, logIndex=2641, commits[3258574c-39ac-4ed5-9145-ea59a337c299:c2643]
2019-09-02 06:30:14,326 [grpc-default-executor-1] INFO  client.GrpcClientProtocolClient (GrpcClientProtocolClient.java:onNext(255)) - client-0D308AD40832->3258574c-39ac-4ed5-9145-ea59a337c299: receive RaftClientReply:client-0D308AD40832->3258574c-39ac-4ed5-9145-ea59a337c299@group-6C7D867BDA6A, cid=1868, SUCCESS, logIndex=2642, commits[3258574c-39ac-4ed5-9145-ea59a337c299:c2644]
2019-09-02 06:30:14,431 [SCMBlockDeletingService#0] DEBUG block.SCMBlockDeletingService (SCMBlockDeletingService.java:call(138)) - Running DeletedBlockTransactionScanner
2019-09-02 06:30:14,431 [SCMBlockDeletingService#0] DEBUG block.SCMBlockDeletingService (SCMBlockDeletingService.java:call(155)) - Scanned deleted blocks log and got 0 delTX to process.
2019-09-02 06:30:14,431 [grpc-default-executor-1] INFO  client.GrpcClientProtocolClient (GrpcClientProtocolClient.java:onNext(255)) - client-0D308AD40832->3258574c-39ac-4ed5-9145-ea59a337c299: receive RaftClientReply:client-0D308AD40832->3258574c-39ac-4ed5-9145-ea59a337c299@group-6C7D867BDA6A, cid=1869, SUCCESS, logIndex=2645, commits[3258574c-39ac-4ed5-9145-ea59a337c299:c2646]
2019-09-02 06:30:14,432 [grpc-default-executor-1] INFO  client.GrpcClientProtocolClient (GrpcClientProtocolClient.java:onNext(255)) - client-0D308AD40832->3258574c-39ac-4ed5-9145-ea59a337c299: receive RaftClientReply:client-0D308AD40832->3258574c-39ac-4ed5-9145-ea59a337c299@group-6C7D867BDA6A, cid=1870, SUCCESS, logIndex=2646, commits[3258574c-39ac-4ed5-9145-ea59a337c299:c2648]
2019-09-02 06:30:14,432 [grpc-default-executor-1] INFO  client.GrpcClientProtocolClient (GrpcClientProtocolClient.java:onNext(255)) - client-0D308AD40832->3258574c-39ac-4ed5-9145-ea59a337c299: receive RaftClientReply:client-0D308AD40832->3258574c-39ac-4ed5-9145-ea59a337c299@group-6C7D867BDA6A, cid=1871, SUCCESS, logIndex=2647, commits[3258574c-39ac-4ed5-9145-ea59a337c299:c2649]
2019-09-02 06:30:14,433 [grpc-default-executor-1] INFO  client.GrpcClientProtocolClient (GrpcClientProtocolClient.java:onNext(255)) - client-0D308AD40832->3258574c-39ac-4ed5-9145-ea59a337c299: receive RaftClientReply:client-0D308AD40832->3258574c-39ac-4ed5-9145-ea59a337c299@group-6C7D867BDA6A, cid=1872, SUCCESS, logIndex=2648, commits[3258574c-39ac-4ed5-9145-ea59a337c299:c2649]
2019-09-02 06:30:14,462 [grpc-default-executor-1] INFO  client.GrpcClientProtocolClient (GrpcClientProtocolClient.java:onNext(255)) - client-0D308AD40832->3258574c-39ac-4ed5-9145-ea59a337c299: receive RaftClientReply:client-0D308AD40832->3258574c-39ac-4ed5-9145-ea59a337c299@group-6C7D867BDA6A, cid=1873, SUCCESS, logIndex=2651, commits[3258574c-39ac-4ed5-9145-ea59a337c299:c2652]
2019-09-02 06:30:14,462 [grpc-default-executor-1] INFO  client.GrpcClientProtocolClient (GrpcClientProtocolClient.java:onNext(255)) - client-0D308AD40832->3258574c-39ac-4ed5-9145-ea59a337c299: receive RaftClientReply:client-0D308AD40832->3258574c-39ac-4ed5-9145-ea59a337c299@group-6C7D867BDA6A, cid=1874, SUCCESS, logIndex=2652, commits[3258574c-39ac-4ed5-9145-ea59a337c299:c2652]
2019-09-02 06:30:14,463 [grpc-default-executor-1] INFO  client.GrpcClientProtocolClient (GrpcClientProtocolClient.java:onNext(255)) - client-0D308AD40832->3258574c-39ac-4ed5-9145-ea59a337c299: receive RaftClientReply:client-0D308AD40832->3258574c-39ac-4ed5-9145-ea59a337c299@group-6C7D867BDA6A, cid=1875, SUCCESS, logIndex=2653, commits[3258574c-39ac-4ed5-9145-ea59a337c299:c2654]
2019-09-02 06:30:14,464 [grpc-default-executor-1] INFO  client.GrpcClientProtocolClient (GrpcClientProtocolClient.java:onNext(255)) - client-0D308AD40832->3258574c-39ac-4ed5-9145-ea59a337c299: receive RaftClientReply:client-0D308AD40832->3258574c-39ac-4ed5-9145-ea59a337c299@group-6C7D867BDA6A, cid=1876, SUCCESS, logIndex=2654, commits[3258574c-39ac-4ed5-9145-ea59a337c299:c2654]
2019-09-02 06:30:14,486 [grpc-default-executor-0] INFO  client.GrpcClientProtocolClient (GrpcClientProtocolClient.java:onNext(255)) - client-0D308AD40832->3258574c-39ac-4ed5-9145-ea59a337c299: receive RaftClientReply:client-0D308AD40832->3258574c-39ac-4ed5-9145-ea59a337c299@group-6C7D867BDA6A, cid=1877, SUCCESS, logIndex=2657, commits[3258574c-39ac-4ed5-9145-ea59a337c299:c2660]
2019-09-02 06:30:14,486 [grpc-default-executor-0] INFO  client.GrpcClientProtocolClient (GrpcClientProtocolClient.java:onNext(255)) - client-0D308AD40832->3258574c-39ac-4ed5-9145-ea59a337c299: receive RaftClientReply:client-0D308AD40832->3258574c-39ac-4ed5-9145-ea59a337c299@group-6C7D867BDA6A, cid=1878, SUCCESS, logIndex=2658, commits[3258574c-39ac-4ed5-9145-ea59a337c299:c2660]
2019-09-02 06:30:14,487 [grpc-default-executor-0] INFO  client.GrpcClientProtocolClient (GrpcClientProtocolClient.java:onNext(255)) - client-0D308AD40832->3258574c-39ac-4ed5-9145-ea59a337c299: receive RaftClientReply:client-0D308AD40832->3258574c-39ac-4ed5-9145-ea59a337c299@group-6C7D867BDA6A, cid=1879, SUCCESS, logIndex=2659, commits[3258574c-39ac-4ed5-9145-ea59a337c299:c2661]
2019-09-02 06:30:14,487 [grpc-default-executor-0] INFO  client.GrpcClientProtocolClient (GrpcClientProtocolClient.java:onNext(255)) - client-0D308AD40832->3258574c-39ac-4ed5-9145-ea59a337c299: receive RaftClientReply:client-0D308AD40832->3258574c-39ac-4ed5-9145-ea59a337c299@group-6C7D867BDA6A, cid=1880, SUCCESS, logIndex=2660, commits[3258574c-39ac-4ed5-9145-ea59a337c299:c2661]
2019-09-02 06:30:14,514 [grpc-default-executor-0] INFO  client.GrpcClientProtocolClient (GrpcClientProtocolClient.java:onNext(255)) - client-0D308AD40832->3258574c-39ac-4ed5-9145-ea59a337c299: receive RaftClientReply:client-0D308AD40832->3258574c-39ac-4ed5-9145-ea59a337c299@group-6C7D867BDA6A, cid=1881, SUCCESS, logIndex=2662, commits[3258574c-39ac-4ed5-9145-ea59a337c299:c2663]
2019-09-02 06:30:14,515 [grpc-default-executor-0] INFO  client.GrpcClientProtocolClient (GrpcClientProtocolClient.java:onNext(255)) - client-0D308AD40832->3258574c-39ac-4ed5-9145-ea59a337c299: receive RaftClientReply:client-0D308AD40832->3258574c-39ac-4ed5-9145-ea59a337c299@group-6C7D867BDA6A, cid=1882, SUCCESS, logIndex=2663, commits[3258574c-39ac-4ed5-9145-ea59a337c299:c2663]
2019-09-02 06:30:14,516 [grpc-default-executor-0] INFO  client.GrpcClientProtocolClient (GrpcClientProtocolClient.java:onNext(255)) - client-0D308AD40832->3258574c-39ac-4ed5-9145-ea59a337c299: receive RaftClientReply:client-0D308AD40832->3258574c-39ac-4ed5-9145-ea59a337c299@group-6C7D867BDA6A, cid=1883, SUCCESS, logIndex=2664, commits[3258574c-39ac-4ed5-9145-ea59a337c299:c2665]
2019-09-02 06:30:14,517 [grpc-default-executor-0] INFO  client.GrpcClientProtocolClient (GrpcClientProtocolClient.java:onNext(255)) - client-0D308AD40832->3258574c-39ac-4ed5-9145-ea59a337c299: receive RaftClientReply:client-0D308AD40832->3258574c-39ac-4ed5-9145-ea59a337c299@group-6C7D867BDA6A, cid=1884, SUCCESS, logIndex=2665, commits[3258574c-39ac-4ed5-9145-ea59a337c299:c2665]
2019-09-02 06:30:14,531 [SCMBlockDeletingService#0] DEBUG block.SCMBlockDeletingService (SCMBlockDeletingService.java:call(138)) - Running DeletedBlockTransactionScanner
2019-09-02 06:30:14,532 [SCMBlockDeletingService#0] DEBUG block.SCMBlockDeletingService (SCMBlockDeletingService.java:call(155)) - Scanned deleted blocks log and got 0 delTX to process.
2019-09-02 06:30:14,558 [grpc-default-executor-0] INFO  client.GrpcClientProtocolClient (GrpcClientProtocolClient.java:onNext(255)) - client-0D308AD40832->3258574c-39ac-4ed5-9145-ea59a337c299: receive RaftClientReply:client-0D308AD40832->3258574c-39ac-4ed5-9145-ea59a337c299@group-6C7D867BDA6A, cid=1885, SUCCESS, logIndex=2668, commits[3258574c-39ac-4ed5-9145-ea59a337c299:c2671]
2019-09-02 06:30:14,559 [grpc-default-executor-0] INFO  client.GrpcClientProtocolClient (GrpcClientProtocolClient.java:onNext(255)) - client-0D308AD40832->3258574c-39ac-4ed5-9145-ea59a337c299: receive RaftClientReply:client-0D308AD40832->3258574c-39ac-4ed5-9145-ea59a337c299@group-6C7D867BDA6A, cid=1886, SUCCESS, logIndex=2669, commits[3258574c-39ac-4ed5-9145-ea59a337c299:c2672]
2019-09-02 06:30:14,559 [grpc-default-executor-0] INFO  client.GrpcClientProtocolClient (GrpcClientProtocolClient.java:onNext(255)) - client-0D308AD40832->3258574c-39ac-4ed5-9145-ea59a337c299: receive RaftClientReply:client-0D308AD40832->3258574c-39ac-4ed5-9145-ea59a337c299@group-6C7D867BDA6A, cid=1887, SUCCESS, logIndex=2670, commits[3258574c-39ac-4ed5-9145-ea59a337c299:c2672]
2019-09-02 06:30:14,560 [grpc-default-executor-0] INFO  client.GrpcClientProtocolClient (GrpcClientProtocolClient.java:onNext(255)) - client-0D308AD40832->3258574c-39ac-4ed5-9145-ea59a337c299: receive RaftClientReply:client-0D308AD40832->3258574c-39ac-4ed5-9145-ea59a337c299@group-6C7D867BDA6A, cid=1888, SUCCESS, logIndex=2671, commits[3258574c-39ac-4ed5-9145-ea59a337c299:c2672]
2019-09-02 06:30:14,587 [grpc-default-executor-1] INFO  client.GrpcClientProtocolClient (GrpcClientProtocolClient.java:onNext(255)) - client-0D308AD40832->3258574c-39ac-4ed5-9145-ea59a337c299: receive RaftClientReply:client-0D308AD40832->3258574c-39ac-4ed5-9145-ea59a337c299@group-6C7D867BDA6A, cid=1889, SUCCESS, logIndex=2673, commits[3258574c-39ac-4ed5-9145-ea59a337c299:c2674]
2019-09-02 06:30:14,588 [grpc-default-executor-1] INFO  client.GrpcClientProtocolClient (GrpcClientProtocolClient.java:onNext(255)) - client-0D308AD40832->3258574c-39ac-4ed5-9145-ea59a337c299: receive RaftClientReply:client-0D308AD40832->3258574c-39ac-4ed5-9145-ea59a337c299@group-6C7D867BDA6A, cid=1890, SUCCESS, logIndex=2674, commits[3258574c-39ac-4ed5-9145-ea59a337c299:c2676]
2019-09-02 06:30:14,588 [grpc-default-executor-1] INFO  client.GrpcClientProtocolClient (GrpcClientProtocolClient.java:onNext(255)) - client-0D308AD40832->3258574c-39ac-4ed5-9145-ea59a337c299: receive RaftClientReply:client-0D308AD40832->3258574c-39ac-4ed5-9145-ea59a337c299@group-6C7D867BDA6A, cid=1891, SUCCESS, logIndex=2675, commits[3258574c-39ac-4ed5-9145-ea59a337c299:c2677]
2019-09-02 06:30:14,589 [grpc-default-executor-1] INFO  client.GrpcClientProtocolClient (GrpcClientProtocolClient.java:onNext(255)) - client-0D308AD40832->3258574c-39ac-4ed5-9145-ea59a337c299: receive RaftClientReply:client-0D308AD40832->3258574c-39ac-4ed5-9145-ea59a337c299@group-6C7D867BDA6A, cid=1892, SUCCESS, logIndex=2676, commits[3258574c-39ac-4ed5-9145-ea59a337c299:c2677]
2019-09-02 06:30:14,611 [grpc-default-executor-0] INFO  client.GrpcClientProtocolClient (GrpcClientProtocolClient.java:onNext(255)) - client-0D308AD40832->3258574c-39ac-4ed5-9145-ea59a337c299: receive RaftClientReply:client-0D308AD40832->3258574c-39ac-4ed5-9145-ea59a337c299@group-6C7D867BDA6A, cid=1893, SUCCESS, logIndex=2679, commits[3258574c-39ac-4ed5-9145-ea59a337c299:c2680]
2019-09-02 06:30:14,612 [grpc-default-executor-0] INFO  client.GrpcClientProtocolClient (GrpcClientProtocolClient.java:onNext(255)) - client-0D308AD40832->3258574c-39ac-4ed5-9145-ea59a337c299: receive RaftClientReply:client-0D308AD40832->3258574c-39ac-4ed5-9145-ea59a337c299@group-6C7D867BDA6A, cid=1894, SUCCESS, logIndex=2680, commits[3258574c-39ac-4ed5-9145-ea59a337c299:c2682]
2019-09-02 06:30:14,612 [grpc-default-executor-0] INFO  client.GrpcClientProtocolClient (GrpcClientProtocolClient.java:onNext(255)) - client-0D308AD40832->3258574c-39ac-4ed5-9145-ea59a337c299: receive RaftClientReply:client-0D308AD40832->3258574c-39ac-4ed5-9145-ea59a337c299@group-6C7D867BDA6A, cid=1895, SUCCESS, logIndex=2681, commits[3258574c-39ac-4ed5-9145-ea59a337c299:c2683]
2019-09-02 06:30:14,612 [grpc-default-executor-0] INFO  client.GrpcClientProtocolClient (GrpcClientProtocolClient.java:onNext(255)) - client-0D308AD40832->3258574c-39ac-4ed5-9145-ea59a337c299: receive RaftClientReply:client-0D308AD40832->3258574c-39ac-4ed5-9145-ea59a337c299@group-6C7D867BDA6A, cid=1896, SUCCESS, logIndex=2682, commits[3258574c-39ac-4ed5-9145-ea59a337c299:c2684]
2019-09-02 06:30:14,632 [SCMBlockDeletingService#0] DEBUG block.SCMBlockDeletingService (SCMBlockDeletingService.java:call(138)) - Running DeletedBlockTransactionScanner
2019-09-02 06:30:14,632 [SCMBlockDeletingService#0] DEBUG block.SCMBlockDeletingService (SCMBlockDeletingService.java:call(155)) - Scanned deleted blocks log and got 0 delTX to process.
2019-09-02 06:30:14,641 [grpc-default-executor-1] INFO  client.GrpcClientProtocolClient (GrpcClientProtocolClient.java:onNext(255)) - client-0D308AD40832->3258574c-39ac-4ed5-9145-ea59a337c299: receive RaftClientReply:client-0D308AD40832->3258574c-39ac-4ed5-9145-ea59a337c299@group-6C7D867BDA6A, cid=1897, SUCCESS, logIndex=2685, commits[3258574c-39ac-4ed5-9145-ea59a337c299:c2686]
2019-09-02 06:30:14,641 [grpc-default-executor-1] INFO  client.GrpcClientProtocolClient (GrpcClientProtocolClient.java:onNext(255)) - client-0D308AD40832->3258574c-39ac-4ed5-9145-ea59a337c299: receive RaftClientReply:client-0D308AD40832->3258574c-39ac-4ed5-9145-ea59a337c299@group-6C7D867BDA6A, cid=1898, SUCCESS, logIndex=2686, commits[3258574c-39ac-4ed5-9145-ea59a337c299:c2686]
2019-09-02 06:30:14,642 [grpc-default-executor-1] INFO  client.GrpcClientProtocolClient (GrpcClientProtocolClient.java:onNext(255)) - client-0D308AD40832->3258574c-39ac-4ed5-9145-ea59a337c299: receive RaftClientReply:client-0D308AD40832->3258574c-39ac-4ed5-9145-ea59a337c299@group-6C7D867BDA6A, cid=1899, SUCCESS, logIndex=2687, commits[3258574c-39ac-4ed5-9145-ea59a337c299:c2688]
2019-09-02 06:30:14,643 [grpc-default-executor-1] INFO  client.GrpcClientProtocolClient (GrpcClientProtocolClient.java:onNext(255)) - client-0D308AD40832->3258574c-39ac-4ed5-9145-ea59a337c299: receive RaftClientReply:client-0D308AD40832->3258574c-39ac-4ed5-9145-ea59a337c299@group-6C7D867BDA6A, cid=1900, SUCCESS, logIndex=2688, commits[3258574c-39ac-4ed5-9145-ea59a337c299:c2688]
2019-09-02 06:30:14,733 [SCMBlockDeletingService#0] DEBUG block.SCMBlockDeletingService (SCMBlockDeletingService.java:call(138)) - Running DeletedBlockTransactionScanner
2019-09-02 06:30:14,733 [SCMBlockDeletingService#0] DEBUG block.SCMBlockDeletingService (SCMBlockDeletingService.java:call(155)) - Scanned deleted blocks log and got 0 delTX to process.
2019-09-02 06:30:14,787 [grpc-default-executor-1] INFO  client.GrpcClientProtocolClient (GrpcClientProtocolClient.java:onNext(255)) - client-0D308AD40832->3258574c-39ac-4ed5-9145-ea59a337c299: receive RaftClientReply:client-0D308AD40832->3258574c-39ac-4ed5-9145-ea59a337c299@group-6C7D867BDA6A, cid=1901, SUCCESS, logIndex=2691, commits[3258574c-39ac-4ed5-9145-ea59a337c299:c2694]
2019-09-02 06:30:14,788 [grpc-default-executor-1] INFO  client.GrpcClientProtocolClient (GrpcClientProtocolClient.java:onNext(255)) - client-0D308AD40832->3258574c-39ac-4ed5-9145-ea59a337c299: receive RaftClientReply:client-0D308AD40832->3258574c-39ac-4ed5-9145-ea59a337c299@group-6C7D867BDA6A, cid=1902, SUCCESS, logIndex=2692, commits[3258574c-39ac-4ed5-9145-ea59a337c299:c2694]
2019-09-02 06:30:14,788 [grpc-default-executor-1] INFO  client.GrpcClientProtocolClient (GrpcClientProtocolClient.java:onNext(255)) - client-0D308AD40832->3258574c-39ac-4ed5-9145-ea59a337c299: receive RaftClientReply:client-0D308AD40832->3258574c-39ac-4ed5-9145-ea59a337c299@group-6C7D867BDA6A, cid=1903, SUCCESS, logIndex=2693, commits[3258574c-39ac-4ed5-9145-ea59a337c299:c2695]
2019-09-02 06:30:14,788 [grpc-default-executor-1] INFO  client.GrpcClientProtocolClient (GrpcClientProtocolClient.java:onNext(255)) - client-0D308AD40832->3258574c-39ac-4ed5-9145-ea59a337c299: receive RaftClientReply:client-0D308AD40832->3258574c-39ac-4ed5-9145-ea59a337c299@group-6C7D867BDA6A, cid=1904, SUCCESS, logIndex=2694, commits[3258574c-39ac-4ed5-9145-ea59a337c299:c2695]
2019-09-02 06:30:14,817 [grpc-default-executor-1] INFO  client.GrpcClientProtocolClient (GrpcClientProtocolClient.java:onNext(255)) - client-0D308AD40832->3258574c-39ac-4ed5-9145-ea59a337c299: receive RaftClientReply:client-0D308AD40832->3258574c-39ac-4ed5-9145-ea59a337c299@group-6C7D867BDA6A, cid=1905, SUCCESS, logIndex=2696, commits[3258574c-39ac-4ed5-9145-ea59a337c299:c2699]
2019-09-02 06:30:14,818 [grpc-default-executor-1] INFO  client.GrpcClientProtocolClient (GrpcClientProtocolClient.java:onNext(255)) - client-0D308AD40832->3258574c-39ac-4ed5-9145-ea59a337c299: receive RaftClientReply:client-0D308AD40832->3258574c-39ac-4ed5-9145-ea59a337c299@group-6C7D867BDA6A, cid=1906, SUCCESS, logIndex=2697, commits[3258574c-39ac-4ed5-9145-ea59a337c299:c2699]
2019-09-02 06:30:14,819 [grpc-default-executor-1] INFO  client.GrpcClientProtocolClient (GrpcClientProtocolClient.java:onNext(255)) - client-0D308AD40832->3258574c-39ac-4ed5-9145-ea59a337c299: receive RaftClientReply:client-0D308AD40832->3258574c-39ac-4ed5-9145-ea59a337c299@group-6C7D867BDA6A, cid=1907, SUCCESS, logIndex=2698, commits[3258574c-39ac-4ed5-9145-ea59a337c299:c2700]
2019-09-02 06:30:14,819 [grpc-default-executor-1] INFO  client.GrpcClientProtocolClient (GrpcClientProtocolClient.java:onNext(255)) - client-0D308AD40832->3258574c-39ac-4ed5-9145-ea59a337c299: receive RaftClientReply:client-0D308AD40832->3258574c-39ac-4ed5-9145-ea59a337c299@group-6C7D867BDA6A, cid=1908, SUCCESS, logIndex=2699, commits[3258574c-39ac-4ed5-9145-ea59a337c299:c2701]
2019-09-02 06:30:14,833 [SCMBlockDeletingService#0] DEBUG block.SCMBlockDeletingService (SCMBlockDeletingService.java:call(138)) - Running DeletedBlockTransactionScanner
2019-09-02 06:30:14,834 [SCMBlockDeletingService#0] DEBUG block.SCMBlockDeletingService (SCMBlockDeletingService.java:call(155)) - Scanned deleted blocks log and got 0 delTX to process.
2019-09-02 06:30:14,842 [grpc-default-executor-1] INFO  client.GrpcClientProtocolClient (GrpcClientProtocolClient.java:onNext(255)) - client-0D308AD40832->3258574c-39ac-4ed5-9145-ea59a337c299: receive RaftClientReply:client-0D308AD40832->3258574c-39ac-4ed5-9145-ea59a337c299@group-6C7D867BDA6A, cid=1909, SUCCESS, logIndex=2702, commits[3258574c-39ac-4ed5-9145-ea59a337c299:c2703]
2019-09-02 06:30:14,843 [grpc-default-executor-1] INFO  client.GrpcClientProtocolClient (GrpcClientProtocolClient.java:onNext(255)) - client-0D308AD40832->3258574c-39ac-4ed5-9145-ea59a337c299: receive RaftClientReply:client-0D308AD40832->3258574c-39ac-4ed5-9145-ea59a337c299@group-6C7D867BDA6A, cid=1910, SUCCESS, logIndex=2703, commits[3258574c-39ac-4ed5-9145-ea59a337c299:c2703]
2019-09-02 06:30:14,844 [grpc-default-executor-1] INFO  client.GrpcClientProtocolClient (GrpcClientProtocolClient.java:onNext(255)) - client-0D308AD40832->3258574c-39ac-4ed5-9145-ea59a337c299: receive RaftClientReply:client-0D308AD40832->3258574c-39ac-4ed5-9145-ea59a337c299@group-6C7D867BDA6A, cid=1911, SUCCESS, logIndex=2704, commits[3258574c-39ac-4ed5-9145-ea59a337c299:c2705]
2019-09-02 06:30:14,844 [grpc-default-executor-1] INFO  client.GrpcClientProtocolClient (GrpcClientProtocolClient.java:onNext(255)) - client-0D308AD40832->3258574c-39ac-4ed5-9145-ea59a337c299: receive RaftClientReply:client-0D308AD40832->3258574c-39ac-4ed5-9145-ea59a337c299@group-6C7D867BDA6A, cid=1912, SUCCESS, logIndex=2705, commits[3258574c-39ac-4ed5-9145-ea59a337c299:c2705]
2019-09-02 06:30:14,884 [grpc-default-executor-0] INFO  client.GrpcClientProtocolClient (GrpcClientProtocolClient.java:onNext(255)) - client-0D308AD40832->3258574c-39ac-4ed5-9145-ea59a337c299: receive RaftClientReply:client-0D308AD40832->3258574c-39ac-4ed5-9145-ea59a337c299@group-6C7D867BDA6A, cid=1913, SUCCESS, logIndex=2708, commits[3258574c-39ac-4ed5-9145-ea59a337c299:c2711]
2019-09-02 06:30:14,885 [grpc-default-executor-0] INFO  client.GrpcClientProtocolClient (GrpcClientProtocolClient.java:onNext(255)) - client-0D308AD40832->3258574c-39ac-4ed5-9145-ea59a337c299: receive RaftClientReply:client-0D308AD40832->3258574c-39ac-4ed5-9145-ea59a337c299@group-6C7D867BDA6A, cid=1914, SUCCESS, logIndex=2709, commits[3258574c-39ac-4ed5-9145-ea59a337c299:c2712]
2019-09-02 06:30:14,886 [grpc-default-executor-0] INFO  client.GrpcClientProtocolClient (GrpcClientProtocolClient.java:onNext(255)) - client-0D308AD40832->3258574c-39ac-4ed5-9145-ea59a337c299: receive RaftClientReply:client-0D308AD40832->3258574c-39ac-4ed5-9145-ea59a337c299@group-6C7D867BDA6A, cid=1915, SUCCESS, logIndex=2710, commits[3258574c-39ac-4ed5-9145-ea59a337c299:c2712]
2019-09-02 06:30:14,886 [grpc-default-executor-0] INFO  client.GrpcClientProtocolClient (GrpcClientProtocolClient.java:onNext(255)) - client-0D308AD40832->3258574c-39ac-4ed5-9145-ea59a337c299: receive RaftClientReply:client-0D308AD40832->3258574c-39ac-4ed5-9145-ea59a337c299@group-6C7D867BDA6A, cid=1916, SUCCESS, logIndex=2711, commits[3258574c-39ac-4ed5-9145-ea59a337c299:c2712]
2019-09-02 06:30:14,908 [grpc-default-executor-1] INFO  client.GrpcClientProtocolClient (GrpcClientProtocolClient.java:onNext(255)) - client-0D308AD40832->3258574c-39ac-4ed5-9145-ea59a337c299: receive RaftClientReply:client-0D308AD40832->3258574c-39ac-4ed5-9145-ea59a337c299@group-6C7D867BDA6A, cid=1917, SUCCESS, logIndex=2713, commits[3258574c-39ac-4ed5-9145-ea59a337c299:c2714]
2019-09-02 06:30:14,909 [grpc-default-executor-1] INFO  client.GrpcClientProtocolClient (GrpcClientProtocolClient.java:onNext(255)) - client-0D308AD40832->3258574c-39ac-4ed5-9145-ea59a337c299: receive RaftClientReply:client-0D308AD40832->3258574c-39ac-4ed5-9145-ea59a337c299@group-6C7D867BDA6A, cid=1918, SUCCESS, logIndex=2714, commits[3258574c-39ac-4ed5-9145-ea59a337c299:c2714]
2019-09-02 06:30:14,909 [grpc-default-executor-1] INFO  client.GrpcClientProtocolClient (GrpcClientProtocolClient.java:onNext(255)) - client-0D308AD40832->3258574c-39ac-4ed5-9145-ea59a337c299: receive RaftClientReply:client-0D308AD40832->3258574c-39ac-4ed5-9145-ea59a337c299@group-6C7D867BDA6A, cid=1919, SUCCESS, logIndex=2715, commits[3258574c-39ac-4ed5-9145-ea59a337c299:c2716]
2019-09-02 06:30:14,909 [grpc-default-executor-1] INFO  client.GrpcClientProtocolClient (GrpcClientProtocolClient.java:onNext(255)) - client-0D308AD40832->3258574c-39ac-4ed5-9145-ea59a337c299: receive RaftClientReply:client-0D308AD40832->3258574c-39ac-4ed5-9145-ea59a337c299@group-6C7D867BDA6A, cid=1920, SUCCESS, logIndex=2716, commits[3258574c-39ac-4ed5-9145-ea59a337c299:c2716]
2019-09-02 06:30:14,934 [SCMBlockDeletingService#0] DEBUG block.SCMBlockDeletingService (SCMBlockDeletingService.java:call(138)) - Running DeletedBlockTransactionScanner
2019-09-02 06:30:14,934 [SCMBlockDeletingService#0] DEBUG block.SCMBlockDeletingService (SCMBlockDeletingService.java:call(155)) - Scanned deleted blocks log and got 0 delTX to process.
2019-09-02 06:30:14,936 [grpc-default-executor-0] INFO  client.GrpcClientProtocolClient (GrpcClientProtocolClient.java:onNext(255)) - client-0D308AD40832->3258574c-39ac-4ed5-9145-ea59a337c299: receive RaftClientReply:client-0D308AD40832->3258574c-39ac-4ed5-9145-ea59a337c299@group-6C7D867BDA6A, cid=1921, SUCCESS, logIndex=2719, commits[3258574c-39ac-4ed5-9145-ea59a337c299:c2720]
2019-09-02 06:30:14,937 [grpc-default-executor-0] INFO  client.GrpcClientProtocolClient (GrpcClientProtocolClient.java:onNext(255)) - client-0D308AD40832->3258574c-39ac-4ed5-9145-ea59a337c299: receive RaftClientReply:client-0D308AD40832->3258574c-39ac-4ed5-9145-ea59a337c299@group-6C7D867BDA6A, cid=1922, SUCCESS, logIndex=2720, commits[3258574c-39ac-4ed5-9145-ea59a337c299:c2722]
2019-09-02 06:30:14,938 [grpc-default-executor-0] INFO  client.GrpcClientProtocolClient (GrpcClientProtocolClient.java:onNext(255)) - client-0D308AD40832->3258574c-39ac-4ed5-9145-ea59a337c299: receive RaftClientReply:client-0D308AD40832->3258574c-39ac-4ed5-9145-ea59a337c299@group-6C7D867BDA6A, cid=1923, SUCCESS, logIndex=2721, commits[3258574c-39ac-4ed5-9145-ea59a337c299:c2722]
2019-09-02 06:30:14,938 [grpc-default-executor-0] INFO  client.GrpcClientProtocolClient (GrpcClientProtocolClient.java:onNext(255)) - client-0D308AD40832->3258574c-39ac-4ed5-9145-ea59a337c299: receive RaftClientReply:client-0D308AD40832->3258574c-39ac-4ed5-9145-ea59a337c299@group-6C7D867BDA6A, cid=1924, SUCCESS, logIndex=2722, commits[3258574c-39ac-4ed5-9145-ea59a337c299:c2723]
2019-09-02 06:30:14,956 [grpc-default-executor-1] INFO  client.GrpcClientProtocolClient (GrpcClientProtocolClient.java:onNext(255)) - client-0D308AD40832->3258574c-39ac-4ed5-9145-ea59a337c299: receive RaftClientReply:client-0D308AD40832->3258574c-39ac-4ed5-9145-ea59a337c299@group-6C7D867BDA6A, cid=1925, SUCCESS, logIndex=2725, commits[3258574c-39ac-4ed5-9145-ea59a337c299:c2726]
2019-09-02 06:30:14,957 [grpc-default-executor-1] INFO  client.GrpcClientProtocolClient (GrpcClientProtocolClient.java:onNext(255)) - client-0D308AD40832->3258574c-39ac-4ed5-9145-ea59a337c299: receive RaftClientReply:client-0D308AD40832->3258574c-39ac-4ed5-9145-ea59a337c299@group-6C7D867BDA6A, cid=1926, SUCCESS, logIndex=2726, commits[3258574c-39ac-4ed5-9145-ea59a337c299:c2728]
2019-09-02 06:30:14,957 [grpc-default-executor-1] INFO  client.GrpcClientProtocolClient (GrpcClientProtocolClient.java:onNext(255)) - client-0D308AD40832->3258574c-39ac-4ed5-9145-ea59a337c299: receive RaftClientReply:client-0D308AD40832->3258574c-39ac-4ed5-9145-ea59a337c299@group-6C7D867BDA6A, cid=1927, SUCCESS, logIndex=2727, commits[3258574c-39ac-4ed5-9145-ea59a337c299:c2729]
2019-09-02 06:30:14,957 [grpc-default-executor-1] INFO  client.GrpcClientProtocolClient (GrpcClientProtocolClient.java:onNext(255)) - client-0D308AD40832->3258574c-39ac-4ed5-9145-ea59a337c299: receive RaftClientReply:client-0D308AD40832->3258574c-39ac-4ed5-9145-ea59a337c299@group-6C7D867BDA6A, cid=1928, SUCCESS, logIndex=2728, commits[3258574c-39ac-4ed5-9145-ea59a337c299:c2729]
2019-09-02 06:30:14,983 [grpc-default-executor-0] INFO  client.GrpcClientProtocolClient (GrpcClientProtocolClient.java:onNext(255)) - client-0D308AD40832->3258574c-39ac-4ed5-9145-ea59a337c299: receive RaftClientReply:client-0D308AD40832->3258574c-39ac-4ed5-9145-ea59a337c299@group-6C7D867BDA6A, cid=1929, SUCCESS, logIndex=2731, commits[3258574c-39ac-4ed5-9145-ea59a337c299:c2732]
2019-09-02 06:30:14,984 [grpc-default-executor-0] INFO  client.GrpcClientProtocolClient (GrpcClientProtocolClient.java:onNext(255)) - client-0D308AD40832->3258574c-39ac-4ed5-9145-ea59a337c299: receive RaftClientReply:client-0D308AD40832->3258574c-39ac-4ed5-9145-ea59a337c299@group-6C7D867BDA6A, cid=1930, SUCCESS, logIndex=2732, commits[3258574c-39ac-4ed5-9145-ea59a337c299:c2732]
2019-09-02 06:30:14,985 [grpc-default-executor-0] INFO  client.GrpcClientProtocolClient (GrpcClientProtocolClient.java:onNext(255)) - client-0D308AD40832->3258574c-39ac-4ed5-9145-ea59a337c299: receive RaftClientReply:client-0D308AD40832->3258574c-39ac-4ed5-9145-ea59a337c299@group-6C7D867BDA6A, cid=1931, SUCCESS, logIndex=2733, commits[3258574c-39ac-4ed5-9145-ea59a337c299:c2734]
2019-09-02 06:30:14,985 [grpc-default-executor-0] INFO  client.GrpcClientProtocolClient (GrpcClientProtocolClient.java:onNext(255)) - client-0D308AD40832->3258574c-39ac-4ed5-9145-ea59a337c299: receive RaftClientReply:client-0D308AD40832->3258574c-39ac-4ed5-9145-ea59a337c299@group-6C7D867BDA6A, cid=1932, SUCCESS, logIndex=2734, commits[3258574c-39ac-4ed5-9145-ea59a337c299:c2734]
2019-09-02 06:30:15,029 [grpc-default-executor-0] INFO  client.GrpcClientProtocolClient (GrpcClientProtocolClient.java:onNext(255)) - client-0D308AD40832->3258574c-39ac-4ed5-9145-ea59a337c299: receive RaftClientReply:client-0D308AD40832->3258574c-39ac-4ed5-9145-ea59a337c299@group-6C7D867BDA6A, cid=1933, SUCCESS, logIndex=2737, commits[3258574c-39ac-4ed5-9145-ea59a337c299:c2740]
2019-09-02 06:30:15,029 [grpc-default-executor-0] INFO  client.GrpcClientProtocolClient (GrpcClientProtocolClient.java:onNext(255)) - client-0D308AD40832->3258574c-39ac-4ed5-9145-ea59a337c299: receive RaftClientReply:client-0D308AD40832->3258574c-39ac-4ed5-9145-ea59a337c299@group-6C7D867BDA6A, cid=1934, SUCCESS, logIndex=2738, commits[3258574c-39ac-4ed5-9145-ea59a337c299:c2740]
2019-09-02 06:30:15,030 [grpc-default-executor-0] INFO  client.GrpcClientProtocolClient (GrpcClientProtocolClient.java:onNext(255)) - client-0D308AD40832->3258574c-39ac-4ed5-9145-ea59a337c299: receive RaftClientReply:client-0D308AD40832->3258574c-39ac-4ed5-9145-ea59a337c299@group-6C7D867BDA6A, cid=1935, SUCCESS, logIndex=2739, commits[3258574c-39ac-4ed5-9145-ea59a337c299:c2740]
2019-09-02 06:30:15,030 [grpc-default-executor-0] INFO  client.GrpcClientProtocolClient (GrpcClientProtocolClient.java:onNext(255)) - client-0D308AD40832->3258574c-39ac-4ed5-9145-ea59a337c299: receive RaftClientReply:client-0D308AD40832->3258574c-39ac-4ed5-9145-ea59a337c299@group-6C7D867BDA6A, cid=1936, SUCCESS, logIndex=2740, commits[3258574c-39ac-4ed5-9145-ea59a337c299:c2740]
2019-09-02 06:30:15,035 [SCMBlockDeletingService#0] DEBUG block.SCMBlockDeletingService (SCMBlockDeletingService.java:call(138)) - Running DeletedBlockTransactionScanner
2019-09-02 06:30:15,035 [SCMBlockDeletingService#0] DEBUG block.SCMBlockDeletingService (SCMBlockDeletingService.java:call(155)) - Scanned deleted blocks log and got 0 delTX to process.
2019-09-02 06:30:15,063 [grpc-default-executor-1] INFO  client.GrpcClientProtocolClient (GrpcClientProtocolClient.java:onNext(255)) - client-0D308AD40832->3258574c-39ac-4ed5-9145-ea59a337c299: receive RaftClientReply:client-0D308AD40832->3258574c-39ac-4ed5-9145-ea59a337c299@group-6C7D867BDA6A, cid=1937, SUCCESS, logIndex=2742, commits[3258574c-39ac-4ed5-9145-ea59a337c299:c2745]
2019-09-02 06:30:15,064 [grpc-default-executor-1] INFO  client.GrpcClientProtocolClient (GrpcClientProtocolClient.java:onNext(255)) - client-0D308AD40832->3258574c-39ac-4ed5-9145-ea59a337c299: receive RaftClientReply:client-0D308AD40832->3258574c-39ac-4ed5-9145-ea59a337c299@group-6C7D867BDA6A, cid=1938, SUCCESS, logIndex=2743, commits[3258574c-39ac-4ed5-9145-ea59a337c299:c2746]
2019-09-02 06:30:15,067 [grpc-default-executor-1] INFO  client.GrpcClientProtocolClient (GrpcClientProtocolClient.java:onNext(255)) - client-0D308AD40832->3258574c-39ac-4ed5-9145-ea59a337c299: receive RaftClientReply:client-0D308AD40832->3258574c-39ac-4ed5-9145-ea59a337c299@group-6C7D867BDA6A, cid=1939, SUCCESS, logIndex=2744, commits[3258574c-39ac-4ed5-9145-ea59a337c299:c2746]
2019-09-02 06:30:15,068 [grpc-default-executor-1] INFO  client.GrpcClientProtocolClient (GrpcClientProtocolClient.java:onNext(255)) - client-0D308AD40832->3258574c-39ac-4ed5-9145-ea59a337c299: receive RaftClientReply:client-0D308AD40832->3258574c-39ac-4ed5-9145-ea59a337c299@group-6C7D867BDA6A, cid=1940, SUCCESS, logIndex=2745, commits[3258574c-39ac-4ed5-9145-ea59a337c299:c2746]
2019-09-02 06:30:15,083 [grpc-default-executor-1] INFO  client.GrpcClientProtocolClient (GrpcClientProtocolClient.java:onNext(255)) - client-0D308AD40832->3258574c-39ac-4ed5-9145-ea59a337c299: receive RaftClientReply:client-0D308AD40832->3258574c-39ac-4ed5-9145-ea59a337c299@group-6C7D867BDA6A, cid=1941, SUCCESS, logIndex=2747, commits[3258574c-39ac-4ed5-9145-ea59a337c299:c2750]
2019-09-02 06:30:15,084 [grpc-default-executor-1] INFO  client.GrpcClientProtocolClient (GrpcClientProtocolClient.java:onNext(255)) - client-0D308AD40832->3258574c-39ac-4ed5-9145-ea59a337c299: receive RaftClientReply:client-0D308AD40832->3258574c-39ac-4ed5-9145-ea59a337c299@group-6C7D867BDA6A, cid=1942, SUCCESS, logIndex=2748, commits[3258574c-39ac-4ed5-9145-ea59a337c299:c2751]
2019-09-02 06:30:15,084 [grpc-default-executor-1] INFO  client.GrpcClientProtocolClient (GrpcClientProtocolClient.java:onNext(255)) - client-0D308AD40832->3258574c-39ac-4ed5-9145-ea59a337c299: receive RaftClientReply:client-0D308AD40832->3258574c-39ac-4ed5-9145-ea59a337c299@group-6C7D867BDA6A, cid=1943, SUCCESS, logIndex=2749, commits[3258574c-39ac-4ed5-9145-ea59a337c299:c2751]
2019-09-02 06:30:15,084 [grpc-default-executor-1] INFO  client.GrpcClientProtocolClient (GrpcClientProtocolClient.java:onNext(255)) - client-0D308AD40832->3258574c-39ac-4ed5-9145-ea59a337c299: receive RaftClientReply:client-0D308AD40832->3258574c-39ac-4ed5-9145-ea59a337c299@group-6C7D867BDA6A, cid=1944, SUCCESS, logIndex=2750, commits[3258574c-39ac-4ed5-9145-ea59a337c299:c2751]
2019-09-02 06:30:15,135 [SCMBlockDeletingService#0] DEBUG block.SCMBlockDeletingService (SCMBlockDeletingService.java:call(138)) - Running DeletedBlockTransactionScanner
2019-09-02 06:30:15,135 [SCMBlockDeletingService#0] DEBUG block.SCMBlockDeletingService (SCMBlockDeletingService.java:call(155)) - Scanned deleted blocks log and got 0 delTX to process.
2019-09-02 06:30:15,198 [grpc-default-executor-0] INFO  client.GrpcClientProtocolClient (GrpcClientProtocolClient.java:onNext(255)) - client-0D308AD40832->3258574c-39ac-4ed5-9145-ea59a337c299: receive RaftClientReply:client-0D308AD40832->3258574c-39ac-4ed5-9145-ea59a337c299@group-6C7D867BDA6A, cid=1945, SUCCESS, logIndex=2752, commits[3258574c-39ac-4ed5-9145-ea59a337c299:c2755]
2019-09-02 06:30:15,199 [grpc-default-executor-0] INFO  client.GrpcClientProtocolClient (GrpcClientProtocolClient.java:onNext(255)) - client-0D308AD40832->3258574c-39ac-4ed5-9145-ea59a337c299: receive RaftClientReply:client-0D308AD40832->3258574c-39ac-4ed5-9145-ea59a337c299@group-6C7D867BDA6A, cid=1946, SUCCESS, logIndex=2753, commits[3258574c-39ac-4ed5-9145-ea59a337c299:c2756]
2019-09-02 06:30:15,199 [grpc-default-executor-0] INFO  client.GrpcClientProtocolClient (GrpcClientProtocolClient.java:onNext(255)) - client-0D308AD40832->3258574c-39ac-4ed5-9145-ea59a337c299: receive RaftClientReply:client-0D308AD40832->3258574c-39ac-4ed5-9145-ea59a337c299@group-6C7D867BDA6A, cid=1947, SUCCESS, logIndex=2754, commits[3258574c-39ac-4ed5-9145-ea59a337c299:c2756]
2019-09-02 06:30:15,199 [grpc-default-executor-0] INFO  client.GrpcClientProtocolClient (GrpcClientProtocolClient.java:onNext(255)) - client-0D308AD40832->3258574c-39ac-4ed5-9145-ea59a337c299: receive RaftClientReply:client-0D308AD40832->3258574c-39ac-4ed5-9145-ea59a337c299@group-6C7D867BDA6A, cid=1948, SUCCESS, logIndex=2755, commits[3258574c-39ac-4ed5-9145-ea59a337c299:c2756]
2019-09-02 06:30:15,221 [grpc-default-executor-0] INFO  client.GrpcClientProtocolClient (GrpcClientProtocolClient.java:onNext(255)) - client-0D308AD40832->3258574c-39ac-4ed5-9145-ea59a337c299: receive RaftClientReply:client-0D308AD40832->3258574c-39ac-4ed5-9145-ea59a337c299@group-6C7D867BDA6A, cid=1949, SUCCESS, logIndex=2757, commits[3258574c-39ac-4ed5-9145-ea59a337c299:c2760]
2019-09-02 06:30:15,221 [grpc-default-executor-0] INFO  client.GrpcClientProtocolClient (GrpcClientProtocolClient.java:onNext(255)) - client-0D308AD40832->3258574c-39ac-4ed5-9145-ea59a337c299: receive RaftClientReply:client-0D308AD40832->3258574c-39ac-4ed5-9145-ea59a337c299@group-6C7D867BDA6A, cid=1950, SUCCESS, logIndex=2758, commits[3258574c-39ac-4ed5-9145-ea59a337c299:c2761]
2019-09-02 06:30:15,221 [grpc-default-executor-0] INFO  client.GrpcClientProtocolClient (GrpcClientProtocolClient.java:onNext(255)) - client-0D308AD40832->3258574c-39ac-4ed5-9145-ea59a337c299: receive RaftClientReply:client-0D308AD40832->3258574c-39ac-4ed5-9145-ea59a337c299@group-6C7D867BDA6A, cid=1951, SUCCESS, logIndex=2759, commits[3258574c-39ac-4ed5-9145-ea59a337c299:c2761]
2019-09-02 06:30:15,222 [grpc-default-executor-0] INFO  client.GrpcClientProtocolClient (GrpcClientProtocolClient.java:onNext(255)) - client-0D308AD40832->3258574c-39ac-4ed5-9145-ea59a337c299: receive RaftClientReply:client-0D308AD40832->3258574c-39ac-4ed5-9145-ea59a337c299@group-6C7D867BDA6A, cid=1952, SUCCESS, logIndex=2760, commits[3258574c-39ac-4ed5-9145-ea59a337c299:c2761]
2019-09-02 06:30:15,236 [SCMBlockDeletingService#0] DEBUG block.SCMBlockDeletingService (SCMBlockDeletingService.java:call(138)) - Running DeletedBlockTransactionScanner
2019-09-02 06:30:15,236 [SCMBlockDeletingService#0] DEBUG block.SCMBlockDeletingService (SCMBlockDeletingService.java:call(155)) - Scanned deleted blocks log and got 0 delTX to process.
2019-09-02 06:30:15,256 [grpc-default-executor-0] INFO  client.GrpcClientProtocolClient (GrpcClientProtocolClient.java:onNext(255)) - client-0D308AD40832->3258574c-39ac-4ed5-9145-ea59a337c299: receive RaftClientReply:client-0D308AD40832->3258574c-39ac-4ed5-9145-ea59a337c299@group-6C7D867BDA6A, cid=1953, SUCCESS, logIndex=2762, commits[3258574c-39ac-4ed5-9145-ea59a337c299:c2765]
2019-09-02 06:30:15,257 [grpc-default-executor-0] INFO  client.GrpcClientProtocolClient (GrpcClientProtocolClient.java:onNext(255)) - client-0D308AD40832->3258574c-39ac-4ed5-9145-ea59a337c299: receive RaftClientReply:client-0D308AD40832->3258574c-39ac-4ed5-9145-ea59a337c299@group-6C7D867BDA6A, cid=1954, SUCCESS, logIndex=2763, commits[3258574c-39ac-4ed5-9145-ea59a337c299:c2766]
2019-09-02 06:30:15,257 [grpc-default-executor-0] INFO  client.GrpcClientProtocolClient (GrpcClientProtocolClient.java:onNext(255)) - client-0D308AD40832->3258574c-39ac-4ed5-9145-ea59a337c299: receive RaftClientReply:client-0D308AD40832->3258574c-39ac-4ed5-9145-ea59a337c299@group-6C7D867BDA6A, cid=1955, SUCCESS, logIndex=2764, commits[3258574c-39ac-4ed5-9145-ea59a337c299:c2766]
2019-09-02 06:30:15,258 [grpc-default-executor-0] INFO  client.GrpcClientProtocolClient (GrpcClientProtocolClient.java:onNext(255)) - client-0D308AD40832->3258574c-39ac-4ed5-9145-ea59a337c299: receive RaftClientReply:client-0D308AD40832->3258574c-39ac-4ed5-9145-ea59a337c299@group-6C7D867BDA6A, cid=1956, SUCCESS, logIndex=2765, commits[3258574c-39ac-4ed5-9145-ea59a337c299:c2766]
2019-09-02 06:30:15,280 [grpc-default-executor-0] INFO  client.GrpcClientProtocolClient (GrpcClientProtocolClient.java:onNext(255)) - client-0D308AD40832->3258574c-39ac-4ed5-9145-ea59a337c299: receive RaftClientReply:client-0D308AD40832->3258574c-39ac-4ed5-9145-ea59a337c299@group-6C7D867BDA6A, cid=1957, SUCCESS, logIndex=2767, commits[3258574c-39ac-4ed5-9145-ea59a337c299:c2770]
2019-09-02 06:30:15,281 [grpc-default-executor-0] INFO  client.GrpcClientProtocolClient (GrpcClientProtocolClient.java:onNext(255)) - client-0D308AD40832->3258574c-39ac-4ed5-9145-ea59a337c299: receive RaftClientReply:client-0D308AD40832->3258574c-39ac-4ed5-9145-ea59a337c299@group-6C7D867BDA6A, cid=1958, SUCCESS, logIndex=2768, commits[3258574c-39ac-4ed5-9145-ea59a337c299:c2771]
2019-09-02 06:30:15,281 [grpc-default-executor-0] INFO  client.GrpcClientProtocolClient (GrpcClientProtocolClient.java:onNext(255)) - client-0D308AD40832->3258574c-39ac-4ed5-9145-ea59a337c299: receive RaftClientReply:client-0D308AD40832->3258574c-39ac-4ed5-9145-ea59a337c299@group-6C7D867BDA6A, cid=1959, SUCCESS, logIndex=2769, commits[3258574c-39ac-4ed5-9145-ea59a337c299:c2772]
2019-09-02 06:30:15,281 [grpc-default-executor-0] INFO  client.GrpcClientProtocolClient (GrpcClientProtocolClient.java:onNext(255)) - client-0D308AD40832->3258574c-39ac-4ed5-9145-ea59a337c299: receive RaftClientReply:client-0D308AD40832->3258574c-39ac-4ed5-9145-ea59a337c299@group-6C7D867BDA6A, cid=1960, SUCCESS, logIndex=2770, commits[3258574c-39ac-4ed5-9145-ea59a337c299:c2772]
2019-09-02 06:30:15,310 [grpc-default-executor-1] INFO  client.GrpcClientProtocolClient (GrpcClientProtocolClient.java:onNext(255)) - client-0D308AD40832->3258574c-39ac-4ed5-9145-ea59a337c299: receive RaftClientReply:client-0D308AD40832->3258574c-39ac-4ed5-9145-ea59a337c299@group-6C7D867BDA6A, cid=1961, SUCCESS, logIndex=2773, commits[3258574c-39ac-4ed5-9145-ea59a337c299:c2774]
2019-09-02 06:30:15,311 [grpc-default-executor-1] INFO  client.GrpcClientProtocolClient (GrpcClientProtocolClient.java:onNext(255)) - client-0D308AD40832->3258574c-39ac-4ed5-9145-ea59a337c299: receive RaftClientReply:client-0D308AD40832->3258574c-39ac-4ed5-9145-ea59a337c299@group-6C7D867BDA6A, cid=1962, SUCCESS, logIndex=2774, commits[3258574c-39ac-4ed5-9145-ea59a337c299:c2776]
2019-09-02 06:30:15,311 [grpc-default-executor-1] INFO  client.GrpcClientProtocolClient (GrpcClientProtocolClient.java:onNext(255)) - client-0D308AD40832->3258574c-39ac-4ed5-9145-ea59a337c299: receive RaftClientReply:client-0D308AD40832->3258574c-39ac-4ed5-9145-ea59a337c299@group-6C7D867BDA6A, cid=1963, SUCCESS, logIndex=2775, commits[3258574c-39ac-4ed5-9145-ea59a337c299:c2777]
2019-09-02 06:30:15,311 [grpc-default-executor-1] INFO  client.GrpcClientProtocolClient (GrpcClientProtocolClient.java:onNext(255)) - client-0D308AD40832->3258574c-39ac-4ed5-9145-ea59a337c299: receive RaftClientReply:client-0D308AD40832->3258574c-39ac-4ed5-9145-ea59a337c299@group-6C7D867BDA6A, cid=1964, SUCCESS, logIndex=2776, commits[3258574c-39ac-4ed5-9145-ea59a337c299:c2777]
2019-09-02 06:30:15,409 [SCMBlockDeletingService#0] DEBUG block.SCMBlockDeletingService (SCMBlockDeletingService.java:call(138)) - Running DeletedBlockTransactionScanner
2019-09-02 06:30:15,409 [SCMBlockDeletingService#0] DEBUG block.SCMBlockDeletingService (SCMBlockDeletingService.java:call(155)) - Scanned deleted blocks log and got 0 delTX to process.
2019-09-02 06:30:15,416 [grpc-default-executor-1] INFO  client.GrpcClientProtocolClient (GrpcClientProtocolClient.java:onNext(255)) - client-0D308AD40832->3258574c-39ac-4ed5-9145-ea59a337c299: receive RaftClientReply:client-0D308AD40832->3258574c-39ac-4ed5-9145-ea59a337c299@group-6C7D867BDA6A, cid=1965, SUCCESS, logIndex=2779, commits[3258574c-39ac-4ed5-9145-ea59a337c299:c2780]
2019-09-02 06:30:15,416 [grpc-default-executor-1] INFO  client.GrpcClientProtocolClient (GrpcClientProtocolClient.java:onNext(255)) - client-0D308AD40832->3258574c-39ac-4ed5-9145-ea59a337c299: receive RaftClientReply:client-0D308AD40832->3258574c-39ac-4ed5-9145-ea59a337c299@group-6C7D867BDA6A, cid=1966, SUCCESS, logIndex=2780, commits[3258574c-39ac-4ed5-9145-ea59a337c299:c2780]
2019-09-02 06:30:15,417 [grpc-default-executor-1] INFO  client.GrpcClientProtocolClient (GrpcClientProtocolClient.java:onNext(255)) - client-0D308AD40832->3258574c-39ac-4ed5-9145-ea59a337c299: receive RaftClientReply:client-0D308AD40832->3258574c-39ac-4ed5-9145-ea59a337c299@group-6C7D867BDA6A, cid=1967, SUCCESS, logIndex=2781, commits[3258574c-39ac-4ed5-9145-ea59a337c299:c2783]
2019-09-02 06:30:15,418 [grpc-default-executor-1] INFO  client.GrpcClientProtocolClient (GrpcClientProtocolClient.java:onNext(255)) - client-0D308AD40832->3258574c-39ac-4ed5-9145-ea59a337c299: receive RaftClientReply:client-0D308AD40832->3258574c-39ac-4ed5-9145-ea59a337c299@group-6C7D867BDA6A, cid=1968, SUCCESS, logIndex=2782, commits[3258574c-39ac-4ed5-9145-ea59a337c299:c2783]
2019-09-02 06:30:15,438 [grpc-default-executor-0] INFO  client.GrpcClientProtocolClient (GrpcClientProtocolClient.java:onNext(255)) - client-0D308AD40832->3258574c-39ac-4ed5-9145-ea59a337c299: receive RaftClientReply:client-0D308AD40832->3258574c-39ac-4ed5-9145-ea59a337c299@group-6C7D867BDA6A, cid=1969, SUCCESS, logIndex=2784, commits[3258574c-39ac-4ed5-9145-ea59a337c299:c2785]
2019-09-02 06:30:15,438 [grpc-default-executor-0] INFO  client.GrpcClientProtocolClient (GrpcClientProtocolClient.java:onNext(255)) - client-0D308AD40832->3258574c-39ac-4ed5-9145-ea59a337c299: receive RaftClientReply:client-0D308AD40832->3258574c-39ac-4ed5-9145-ea59a337c299@group-6C7D867BDA6A, cid=1970, SUCCESS, logIndex=2785, commits[3258574c-39ac-4ed5-9145-ea59a337c299:c2785]
2019-09-02 06:30:15,440 [grpc-default-executor-0] INFO  client.GrpcClientProtocolClient (GrpcClientProtocolClient.java:onNext(255)) - client-0D308AD40832->3258574c-39ac-4ed5-9145-ea59a337c299: receive RaftClientReply:client-0D308AD40832->3258574c-39ac-4ed5-9145-ea59a337c299@group-6C7D867BDA6A, cid=1971, SUCCESS, logIndex=2786, commits[3258574c-39ac-4ed5-9145-ea59a337c299:c2788]
2019-09-02 06:30:15,441 [grpc-default-executor-0] INFO  client.GrpcClientProtocolClient (GrpcClientProtocolClient.java:onNext(255)) - client-0D308AD40832->3258574c-39ac-4ed5-9145-ea59a337c299: receive RaftClientReply:client-0D308AD40832->3258574c-39ac-4ed5-9145-ea59a337c299@group-6C7D867BDA6A, cid=1972, SUCCESS, logIndex=2787, commits[3258574c-39ac-4ed5-9145-ea59a337c299:c2788]
2019-09-02 06:30:15,462 [grpc-default-executor-0] INFO  client.GrpcClientProtocolClient (GrpcClientProtocolClient.java:onNext(255)) - client-0D308AD40832->3258574c-39ac-4ed5-9145-ea59a337c299: receive RaftClientReply:client-0D308AD40832->3258574c-39ac-4ed5-9145-ea59a337c299@group-6C7D867BDA6A, cid=1973, SUCCESS, logIndex=2789, commits[3258574c-39ac-4ed5-9145-ea59a337c299:c2792]
2019-09-02 06:30:15,463 [grpc-default-executor-0] INFO  client.GrpcClientProtocolClient (GrpcClientProtocolClient.java:onNext(255)) - client-0D308AD40832->3258574c-39ac-4ed5-9145-ea59a337c299: receive RaftClientReply:client-0D308AD40832->3258574c-39ac-4ed5-9145-ea59a337c299@group-6C7D867BDA6A, cid=1974, SUCCESS, logIndex=2790, commits[3258574c-39ac-4ed5-9145-ea59a337c299:c2793]
2019-09-02 06:30:15,463 [grpc-default-executor-0] INFO  client.GrpcClientProtocolClient (GrpcClientProtocolClient.java:onNext(255)) - client-0D308AD40832->3258574c-39ac-4ed5-9145-ea59a337c299: receive RaftClientReply:client-0D308AD40832->3258574c-39ac-4ed5-9145-ea59a337c299@group-6C7D867BDA6A, cid=1975, SUCCESS, logIndex=2791, commits[3258574c-39ac-4ed5-9145-ea59a337c299:c2793]
2019-09-02 06:30:15,464 [grpc-default-executor-0] INFO  client.GrpcClientProtocolClient (GrpcClientProtocolClient.java:onNext(255)) - client-0D308AD40832->3258574c-39ac-4ed5-9145-ea59a337c299: receive RaftClientReply:client-0D308AD40832->3258574c-39ac-4ed5-9145-ea59a337c299@group-6C7D867BDA6A, cid=1976, SUCCESS, logIndex=2792, commits[3258574c-39ac-4ed5-9145-ea59a337c299:c2793]
2019-09-02 06:30:15,485 [grpc-default-executor-0] INFO  client.GrpcClientProtocolClient (GrpcClientProtocolClient.java:onNext(255)) - client-0D308AD40832->3258574c-39ac-4ed5-9145-ea59a337c299: receive RaftClientReply:client-0D308AD40832->3258574c-39ac-4ed5-9145-ea59a337c299@group-6C7D867BDA6A, cid=1977, SUCCESS, logIndex=2794, commits[3258574c-39ac-4ed5-9145-ea59a337c299:c2797]
2019-09-02 06:30:15,486 [grpc-default-executor-0] INFO  client.GrpcClientProtocolClient (GrpcClientProtocolClient.java:onNext(255)) - client-0D308AD40832->3258574c-39ac-4ed5-9145-ea59a337c299: receive RaftClientReply:client-0D308AD40832->3258574c-39ac-4ed5-9145-ea59a337c299@group-6C7D867BDA6A, cid=1978, SUCCESS, logIndex=2795, commits[3258574c-39ac-4ed5-9145-ea59a337c299:c2797]
2019-09-02 06:30:15,486 [grpc-default-executor-0] INFO  client.GrpcClientProtocolClient (GrpcClientProtocolClient.java:onNext(255)) - client-0D308AD40832->3258574c-39ac-4ed5-9145-ea59a337c299: receive RaftClientReply:client-0D308AD40832->3258574c-39ac-4ed5-9145-ea59a337c299@group-6C7D867BDA6A, cid=1979, SUCCESS, logIndex=2796, commits[3258574c-39ac-4ed5-9145-ea59a337c299:c2799]
2019-09-02 06:30:15,487 [grpc-default-executor-0] INFO  client.GrpcClientProtocolClient (GrpcClientProtocolClient.java:onNext(255)) - client-0D308AD40832->3258574c-39ac-4ed5-9145-ea59a337c299: receive RaftClientReply:client-0D308AD40832->3258574c-39ac-4ed5-9145-ea59a337c299@group-6C7D867BDA6A, cid=1980, SUCCESS, logIndex=2797, commits[3258574c-39ac-4ed5-9145-ea59a337c299:c2799]
2019-09-02 06:30:15,499 [grpc-default-executor-0] INFO  client.GrpcClientProtocolClient (GrpcClientProtocolClient.java:onNext(255)) - client-0D308AD40832->3258574c-39ac-4ed5-9145-ea59a337c299: receive RaftClientReply:client-0D308AD40832->3258574c-39ac-4ed5-9145-ea59a337c299@group-6C7D867BDA6A, cid=1981, SUCCESS, logIndex=2800, commits[3258574c-39ac-4ed5-9145-ea59a337c299:c2803]
2019-09-02 06:30:15,500 [grpc-default-executor-0] INFO  client.GrpcClientProtocolClient (GrpcClientProtocolClient.java:onNext(255)) - client-0D308AD40832->3258574c-39ac-4ed5-9145-ea59a337c299: receive RaftClientReply:client-0D308AD40832->3258574c-39ac-4ed5-9145-ea59a337c299@group-6C7D867BDA6A, cid=1982, SUCCESS, logIndex=2801, commits[3258574c-39ac-4ed5-9145-ea59a337c299:c2804]
2019-09-02 06:30:15,500 [grpc-default-executor-0] INFO  client.GrpcClientProtocolClient (GrpcClientProtocolClient.java:onNext(255)) - client-0D308AD40832->3258574c-39ac-4ed5-9145-ea59a337c299: receive RaftClientReply:client-0D308AD40832->3258574c-39ac-4ed5-9145-ea59a337c299@group-6C7D867BDA6A, cid=1983, SUCCESS, logIndex=2802, commits[3258574c-39ac-4ed5-9145-ea59a337c299:c2804]
2019-09-02 06:30:15,500 [grpc-default-executor-0] INFO  client.GrpcClientProtocolClient (GrpcClientProtocolClient.java:onNext(255)) - client-0D308AD40832->3258574c-39ac-4ed5-9145-ea59a337c299: receive RaftClientReply:client-0D308AD40832->3258574c-39ac-4ed5-9145-ea59a337c299@group-6C7D867BDA6A, cid=1984, SUCCESS, logIndex=2803, commits[3258574c-39ac-4ed5-9145-ea59a337c299:c2804]
2019-09-02 06:30:15,510 [SCMBlockDeletingService#0] DEBUG block.SCMBlockDeletingService (SCMBlockDeletingService.java:call(138)) - Running DeletedBlockTransactionScanner
2019-09-02 06:30:15,510 [SCMBlockDeletingService#0] DEBUG block.SCMBlockDeletingService (SCMBlockDeletingService.java:call(155)) - Scanned deleted blocks log and got 0 delTX to process.
2019-09-02 06:30:15,520 [grpc-default-executor-0] INFO  client.GrpcClientProtocolClient (GrpcClientProtocolClient.java:onNext(255)) - client-0D308AD40832->3258574c-39ac-4ed5-9145-ea59a337c299: receive RaftClientReply:client-0D308AD40832->3258574c-39ac-4ed5-9145-ea59a337c299@group-6C7D867BDA6A, cid=1985, SUCCESS, logIndex=2805, commits[3258574c-39ac-4ed5-9145-ea59a337c299:c2806]
2019-09-02 06:30:15,521 [grpc-default-executor-0] INFO  client.GrpcClientProtocolClient (GrpcClientProtocolClient.java:onNext(255)) - client-0D308AD40832->3258574c-39ac-4ed5-9145-ea59a337c299: receive RaftClientReply:client-0D308AD40832->3258574c-39ac-4ed5-9145-ea59a337c299@group-6C7D867BDA6A, cid=1986, SUCCESS, logIndex=2806, commits[3258574c-39ac-4ed5-9145-ea59a337c299:c2806]
2019-09-02 06:30:15,522 [grpc-default-executor-0] INFO  client.GrpcClientProtocolClient (GrpcClientProtocolClient.java:onNext(255)) - client-0D308AD40832->3258574c-39ac-4ed5-9145-ea59a337c299: receive RaftClientReply:client-0D308AD40832->3258574c-39ac-4ed5-9145-ea59a337c299@group-6C7D867BDA6A, cid=1987, SUCCESS, logIndex=2807, commits[3258574c-39ac-4ed5-9145-ea59a337c299:c2809]
2019-09-02 06:30:15,523 [grpc-default-executor-0] INFO  client.GrpcClientProtocolClient (GrpcClientProtocolClient.java:onNext(255)) - client-0D308AD40832->3258574c-39ac-4ed5-9145-ea59a337c299: receive RaftClientReply:client-0D308AD40832->3258574c-39ac-4ed5-9145-ea59a337c299@group-6C7D867BDA6A, cid=1988, SUCCESS, logIndex=2808, commits[3258574c-39ac-4ed5-9145-ea59a337c299:c2809]
2019-09-02 06:30:15,610 [SCMBlockDeletingService#0] DEBUG block.SCMBlockDeletingService (SCMBlockDeletingService.java:call(138)) - Running DeletedBlockTransactionScanner
2019-09-02 06:30:15,611 [SCMBlockDeletingService#0] DEBUG block.SCMBlockDeletingService (SCMBlockDeletingService.java:call(155)) - Scanned deleted blocks log and got 0 delTX to process.
2019-09-02 06:30:15,640 [grpc-default-executor-0] INFO  client.GrpcClientProtocolClient (GrpcClientProtocolClient.java:onNext(255)) - client-0D308AD40832->3258574c-39ac-4ed5-9145-ea59a337c299: receive RaftClientReply:client-0D308AD40832->3258574c-39ac-4ed5-9145-ea59a337c299@group-6C7D867BDA6A, cid=1989, SUCCESS, logIndex=2810, commits[3258574c-39ac-4ed5-9145-ea59a337c299:c2814]
2019-09-02 06:30:15,641 [grpc-default-executor-0] INFO  client.GrpcClientProtocolClient (GrpcClientProtocolClient.java:onNext(255)) - client-0D308AD40832->3258574c-39ac-4ed5-9145-ea59a337c299: receive RaftClientReply:client-0D308AD40832->3258574c-39ac-4ed5-9145-ea59a337c299@group-6C7D867BDA6A, cid=1990, SUCCESS, logIndex=2811, commits[3258574c-39ac-4ed5-9145-ea59a337c299:c2814]
2019-09-02 06:30:15,641 [grpc-default-executor-0] INFO  client.GrpcClientProtocolClient (GrpcClientProtocolClient.java:onNext(255)) - client-0D308AD40832->3258574c-39ac-4ed5-9145-ea59a337c299: receive RaftClientReply:client-0D308AD40832->3258574c-39ac-4ed5-9145-ea59a337c299@group-6C7D867BDA6A, cid=1991, SUCCESS, logIndex=2812, commits[3258574c-39ac-4ed5-9145-ea59a337c299:c2814]
2019-09-02 06:30:15,642 [grpc-default-executor-0] INFO  client.GrpcClientProtocolClient (GrpcClientProtocolClient.java:onNext(255)) - client-0D308AD40832->3258574c-39ac-4ed5-9145-ea59a337c299: receive RaftClientReply:client-0D308AD40832->3258574c-39ac-4ed5-9145-ea59a337c299@group-6C7D867BDA6A, cid=1992, SUCCESS, logIndex=2813, commits[3258574c-39ac-4ed5-9145-ea59a337c299:c2814]
2019-09-02 06:30:15,674 [grpc-default-executor-0] INFO  client.GrpcClientProtocolClient (GrpcClientProtocolClient.java:onNext(255)) - client-0D308AD40832->3258574c-39ac-4ed5-9145-ea59a337c299: receive RaftClientReply:client-0D308AD40832->3258574c-39ac-4ed5-9145-ea59a337c299@group-6C7D867BDA6A, cid=1993, SUCCESS, logIndex=2815, commits[3258574c-39ac-4ed5-9145-ea59a337c299:c2818]
2019-09-02 06:30:15,675 [grpc-default-executor-0] INFO  client.GrpcClientProtocolClient (GrpcClientProtocolClient.java:onNext(255)) - client-0D308AD40832->3258574c-39ac-4ed5-9145-ea59a337c299: receive RaftClientReply:client-0D308AD40832->3258574c-39ac-4ed5-9145-ea59a337c299@group-6C7D867BDA6A, cid=1994, SUCCESS, logIndex=2816, commits[3258574c-39ac-4ed5-9145-ea59a337c299:c2818]
2019-09-02 06:30:15,675 [grpc-default-executor-0] INFO  client.GrpcClientProtocolClient (GrpcClientProtocolClient.java:onNext(255)) - client-0D308AD40832->3258574c-39ac-4ed5-9145-ea59a337c299: receive RaftClientReply:client-0D308AD40832->3258574c-39ac-4ed5-9145-ea59a337c299@group-6C7D867BDA6A, cid=1995, SUCCESS, logIndex=2817, commits[3258574c-39ac-4ed5-9145-ea59a337c299:c2818]
2019-09-02 06:30:15,676 [grpc-default-executor-0] INFO  client.GrpcClientProtocolClient (GrpcClientProtocolClient.java:onNext(255)) - client-0D308AD40832->3258574c-39ac-4ed5-9145-ea59a337c299: receive RaftClientReply:client-0D308AD40832->3258574c-39ac-4ed5-9145-ea59a337c299@group-6C7D867BDA6A, cid=1996, SUCCESS, logIndex=2818, commits[3258574c-39ac-4ed5-9145-ea59a337c299:c2818]
2019-09-02 06:30:15,697 [grpc-default-executor-1] INFO  client.GrpcClientProtocolClient (GrpcClientProtocolClient.java:onNext(255)) - client-0D308AD40832->3258574c-39ac-4ed5-9145-ea59a337c299: receive RaftClientReply:client-0D308AD40832->3258574c-39ac-4ed5-9145-ea59a337c299@group-6C7D867BDA6A, cid=1997, SUCCESS, logIndex=2820, commits[3258574c-39ac-4ed5-9145-ea59a337c299:c2823]
2019-09-02 06:30:15,697 [grpc-default-executor-1] INFO  client.GrpcClientProtocolClient (GrpcClientProtocolClient.java:onNext(255)) - client-0D308AD40832->3258574c-39ac-4ed5-9145-ea59a337c299: receive RaftClientReply:client-0D308AD40832->3258574c-39ac-4ed5-9145-ea59a337c299@group-6C7D867BDA6A, cid=1998, SUCCESS, logIndex=2821, commits[3258574c-39ac-4ed5-9145-ea59a337c299:c2824]
2019-09-02 06:30:15,698 [grpc-default-executor-1] INFO  client.GrpcClientProtocolClient (GrpcClientProtocolClient.java:onNext(255)) - client-0D308AD40832->3258574c-39ac-4ed5-9145-ea59a337c299: receive RaftClientReply:client-0D308AD40832->3258574c-39ac-4ed5-9145-ea59a337c299@group-6C7D867BDA6A, cid=1999, SUCCESS, logIndex=2822, commits[3258574c-39ac-4ed5-9145-ea59a337c299:c2824]
2019-09-02 06:30:15,698 [grpc-default-executor-1] INFO  client.GrpcClientProtocolClient (GrpcClientProtocolClient.java:onNext(255)) - client-0D308AD40832->3258574c-39ac-4ed5-9145-ea59a337c299: receive RaftClientReply:client-0D308AD40832->3258574c-39ac-4ed5-9145-ea59a337c299@group-6C7D867BDA6A, cid=2000, SUCCESS, logIndex=2823, commits[3258574c-39ac-4ed5-9145-ea59a337c299:c2824]
2019-09-02 06:30:15,711 [SCMBlockDeletingService#0] DEBUG block.SCMBlockDeletingService (SCMBlockDeletingService.java:call(138)) - Running DeletedBlockTransactionScanner
2019-09-02 06:30:15,712 [SCMBlockDeletingService#0] DEBUG block.SCMBlockDeletingService (SCMBlockDeletingService.java:call(155)) - Scanned deleted blocks log and got 0 delTX to process.
2019-09-02 06:30:15,715 [grpc-default-executor-1] INFO  client.GrpcClientProtocolClient (GrpcClientProtocolClient.java:onNext(255)) - client-0D308AD40832->3258574c-39ac-4ed5-9145-ea59a337c299: receive RaftClientReply:client-0D308AD40832->3258574c-39ac-4ed5-9145-ea59a337c299@group-6C7D867BDA6A, cid=2001, SUCCESS, logIndex=2825, commits[3258574c-39ac-4ed5-9145-ea59a337c299:c2826]
2019-09-02 06:30:15,715 [grpc-default-executor-1] INFO  client.GrpcClientProtocolClient (GrpcClientProtocolClient.java:onNext(255)) - client-0D308AD40832->3258574c-39ac-4ed5-9145-ea59a337c299: receive RaftClientReply:client-0D308AD40832->3258574c-39ac-4ed5-9145-ea59a337c299@group-6C7D867BDA6A, cid=2002, SUCCESS, logIndex=2826, commits[3258574c-39ac-4ed5-9145-ea59a337c299:c2826]
2019-09-02 06:30:15,716 [grpc-default-executor-1] INFO  client.GrpcClientProtocolClient (GrpcClientProtocolClient.java:onNext(255)) - client-0D308AD40832->3258574c-39ac-4ed5-9145-ea59a337c299: receive RaftClientReply:client-0D308AD40832->3258574c-39ac-4ed5-9145-ea59a337c299@group-6C7D867BDA6A, cid=2003, SUCCESS, logIndex=2827, commits[3258574c-39ac-4ed5-9145-ea59a337c299:c2829]
2019-09-02 06:30:15,717 [grpc-default-executor-1] INFO  client.GrpcClientProtocolClient (GrpcClientProtocolClient.java:onNext(255)) - client-0D308AD40832->3258574c-39ac-4ed5-9145-ea59a337c299: receive RaftClientReply:client-0D308AD40832->3258574c-39ac-4ed5-9145-ea59a337c299@group-6C7D867BDA6A, cid=2004, SUCCESS, logIndex=2828, commits[3258574c-39ac-4ed5-9145-ea59a337c299:c2829]
2019-09-02 06:30:15,727 [grpc-default-executor-1] INFO  client.GrpcClientProtocolClient (GrpcClientProtocolClient.java:onNext(255)) - client-0D308AD40832->3258574c-39ac-4ed5-9145-ea59a337c299: receive RaftClientReply:client-0D308AD40832->3258574c-39ac-4ed5-9145-ea59a337c299@group-6C7D867BDA6A, cid=2005, SUCCESS, logIndex=2830, commits[3258574c-39ac-4ed5-9145-ea59a337c299:c2833]
2019-09-02 06:30:15,728 [grpc-default-executor-1] INFO  client.GrpcClientProtocolClient (GrpcClientProtocolClient.java:onNext(255)) - client-0D308AD40832->3258574c-39ac-4ed5-9145-ea59a337c299: receive RaftClientReply:client-0D308AD40832->3258574c-39ac-4ed5-9145-ea59a337c299@group-6C7D867BDA6A, cid=2006, SUCCESS, logIndex=2831, commits[3258574c-39ac-4ed5-9145-ea59a337c299:c2834]
2019-09-02 06:30:15,728 [grpc-default-executor-1] INFO  client.GrpcClientProtocolClient (GrpcClientProtocolClient.java:onNext(255)) - client-0D308AD40832->3258574c-39ac-4ed5-9145-ea59a337c299: receive RaftClientReply:client-0D308AD40832->3258574c-39ac-4ed5-9145-ea59a337c299@group-6C7D867BDA6A, cid=2007, SUCCESS, logIndex=2832, commits[3258574c-39ac-4ed5-9145-ea59a337c299:c2834]
2019-09-02 06:30:15,728 [grpc-default-executor-1] INFO  client.GrpcClientProtocolClient (GrpcClientProtocolClient.java:onNext(255)) - client-0D308AD40832->3258574c-39ac-4ed5-9145-ea59a337c299: receive RaftClientReply:client-0D308AD40832->3258574c-39ac-4ed5-9145-ea59a337c299@group-6C7D867BDA6A, cid=2008, SUCCESS, logIndex=2833, commits[3258574c-39ac-4ed5-9145-ea59a337c299:c2834]
2019-09-02 06:30:15,744 [grpc-default-executor-1] INFO  client.GrpcClientProtocolClient (GrpcClientProtocolClient.java:onNext(255)) - client-0D308AD40832->3258574c-39ac-4ed5-9145-ea59a337c299: receive RaftClientReply:client-0D308AD40832->3258574c-39ac-4ed5-9145-ea59a337c299@group-6C7D867BDA6A, cid=2009, SUCCESS, logIndex=2835, commits[3258574c-39ac-4ed5-9145-ea59a337c299:c2836]
2019-09-02 06:30:15,745 [grpc-default-executor-1] INFO  client.GrpcClientProtocolClient (GrpcClientProtocolClient.java:onNext(255)) - client-0D308AD40832->3258574c-39ac-4ed5-9145-ea59a337c299: receive RaftClientReply:client-0D308AD40832->3258574c-39ac-4ed5-9145-ea59a337c299@group-6C7D867BDA6A, cid=2010, SUCCESS, logIndex=2836, commits[3258574c-39ac-4ed5-9145-ea59a337c299:c2836]
2019-09-02 06:30:15,747 [grpc-default-executor-1] INFO  client.GrpcClientProtocolClient (GrpcClientProtocolClient.java:onNext(255)) - client-0D308AD40832->3258574c-39ac-4ed5-9145-ea59a337c299: receive RaftClientReply:client-0D308AD40832->3258574c-39ac-4ed5-9145-ea59a337c299@group-6C7D867BDA6A, cid=2011, SUCCESS, logIndex=2837, commits[3258574c-39ac-4ed5-9145-ea59a337c299:c2839]
2019-09-02 06:30:15,747 [grpc-default-executor-1] INFO  client.GrpcClientProtocolClient (GrpcClientProtocolClient.java:onNext(255)) - client-0D308AD40832->3258574c-39ac-4ed5-9145-ea59a337c299: receive RaftClientReply:client-0D308AD40832->3258574c-39ac-4ed5-9145-ea59a337c299@group-6C7D867BDA6A, cid=2012, SUCCESS, logIndex=2838, commits[3258574c-39ac-4ed5-9145-ea59a337c299:c2839]
2019-09-02 06:30:15,755 [grpc-default-executor-1] INFO  client.GrpcClientProtocolClient (GrpcClientProtocolClient.java:onNext(255)) - client-0D308AD40832->3258574c-39ac-4ed5-9145-ea59a337c299: receive RaftClientReply:client-0D308AD40832->3258574c-39ac-4ed5-9145-ea59a337c299@group-6C7D867BDA6A, cid=2013, SUCCESS, logIndex=2840, commits[3258574c-39ac-4ed5-9145-ea59a337c299:c2841]
2019-09-02 06:30:15,756 [grpc-default-executor-1] INFO  client.GrpcClientProtocolClient (GrpcClientProtocolClient.java:onNext(255)) - client-0D308AD40832->3258574c-39ac-4ed5-9145-ea59a337c299: receive RaftClientReply:client-0D308AD40832->3258574c-39ac-4ed5-9145-ea59a337c299@group-6C7D867BDA6A, cid=2014, SUCCESS, logIndex=2841, commits[3258574c-39ac-4ed5-9145-ea59a337c299:c2841]
2019-09-02 06:30:15,759 [grpc-default-executor-1] INFO  client.GrpcClientProtocolClient (GrpcClientProtocolClient.java:onNext(255)) - client-0D308AD40832->3258574c-39ac-4ed5-9145-ea59a337c299: receive RaftClientReply:client-0D308AD40832->3258574c-39ac-4ed5-9145-ea59a337c299@group-6C7D867BDA6A, cid=2015, SUCCESS, logIndex=2842, commits[3258574c-39ac-4ed5-9145-ea59a337c299:c2844]
2019-09-02 06:30:15,760 [grpc-default-executor-1] INFO  client.GrpcClientProtocolClient (GrpcClientProtocolClient.java:onNext(255)) - client-0D308AD40832->3258574c-39ac-4ed5-9145-ea59a337c299: receive RaftClientReply:client-0D308AD40832->3258574c-39ac-4ed5-9145-ea59a337c299@group-6C7D867BDA6A, cid=2016, SUCCESS, logIndex=2843, commits[3258574c-39ac-4ed5-9145-ea59a337c299:c2844]
2019-09-02 06:30:15,785 [grpc-default-executor-1] INFO  client.GrpcClientProtocolClient (GrpcClientProtocolClient.java:onNext(255)) - client-0D308AD40832->3258574c-39ac-4ed5-9145-ea59a337c299: receive RaftClientReply:client-0D308AD40832->3258574c-39ac-4ed5-9145-ea59a337c299@group-6C7D867BDA6A, cid=2017, SUCCESS, logIndex=2845, commits[3258574c-39ac-4ed5-9145-ea59a337c299:c2848]
2019-09-02 06:30:15,786 [grpc-default-executor-1] INFO  client.GrpcClientProtocolClient (GrpcClientProtocolClient.java:onNext(255)) - client-0D308AD40832->3258574c-39ac-4ed5-9145-ea59a337c299: receive RaftClientReply:client-0D308AD40832->3258574c-39ac-4ed5-9145-ea59a337c299@group-6C7D867BDA6A, cid=2018, SUCCESS, logIndex=2846, commits[3258574c-39ac-4ed5-9145-ea59a337c299:c2848]
2019-09-02 06:30:15,786 [grpc-default-executor-1] INFO  client.GrpcClientProtocolClient (GrpcClientProtocolClient.java:onNext(255)) - client-0D308AD40832->3258574c-39ac-4ed5-9145-ea59a337c299: receive RaftClientReply:client-0D308AD40832->3258574c-39ac-4ed5-9145-ea59a337c299@group-6C7D867BDA6A, cid=2019, SUCCESS, logIndex=2847, commits[3258574c-39ac-4ed5-9145-ea59a337c299:c2849]
2019-09-02 06:30:15,786 [grpc-default-executor-1] INFO  client.GrpcClientProtocolClient (GrpcClientProtocolClient.java:onNext(255)) - client-0D308AD40832->3258574c-39ac-4ed5-9145-ea59a337c299: receive RaftClientReply:client-0D308AD40832->3258574c-39ac-4ed5-9145-ea59a337c299@group-6C7D867BDA6A, cid=2020, SUCCESS, logIndex=2848, commits[3258574c-39ac-4ed5-9145-ea59a337c299:c2849]
2019-09-02 06:30:15,812 [SCMBlockDeletingService#0] DEBUG block.SCMBlockDeletingService (SCMBlockDeletingService.java:call(138)) - Running DeletedBlockTransactionScanner
2019-09-02 06:30:15,812 [SCMBlockDeletingService#0] DEBUG block.SCMBlockDeletingService (SCMBlockDeletingService.java:call(155)) - Scanned deleted blocks log and got 0 delTX to process.
2019-09-02 06:30:15,815 [grpc-default-executor-1] INFO  client.GrpcClientProtocolClient (GrpcClientProtocolClient.java:onNext(255)) - client-0D308AD40832->3258574c-39ac-4ed5-9145-ea59a337c299: receive RaftClientReply:client-0D308AD40832->3258574c-39ac-4ed5-9145-ea59a337c299@group-6C7D867BDA6A, cid=2021, SUCCESS, logIndex=2850, commits[3258574c-39ac-4ed5-9145-ea59a337c299:c2853]
2019-09-02 06:30:15,815 [grpc-default-executor-1] INFO  client.GrpcClientProtocolClient (GrpcClientProtocolClient.java:onNext(255)) - client-0D308AD40832->3258574c-39ac-4ed5-9145-ea59a337c299: receive RaftClientReply:client-0D308AD40832->3258574c-39ac-4ed5-9145-ea59a337c299@group-6C7D867BDA6A, cid=2022, SUCCESS, logIndex=2851, commits[3258574c-39ac-4ed5-9145-ea59a337c299:c2854]
2019-09-02 06:30:15,816 [grpc-default-executor-1] INFO  client.GrpcClientProtocolClient (GrpcClientProtocolClient.java:onNext(255)) - client-0D308AD40832->3258574c-39ac-4ed5-9145-ea59a337c299: receive RaftClientReply:client-0D308AD40832->3258574c-39ac-4ed5-9145-ea59a337c299@group-6C7D867BDA6A, cid=2023, SUCCESS, logIndex=2852, commits[3258574c-39ac-4ed5-9145-ea59a337c299:c2854]
2019-09-02 06:30:15,816 [grpc-default-executor-1] INFO  client.GrpcClientProtocolClient (GrpcClientProtocolClient.java:onNext(255)) - client-0D308AD40832->3258574c-39ac-4ed5-9145-ea59a337c299: receive RaftClientReply:client-0D308AD40832->3258574c-39ac-4ed5-9145-ea59a337c299@group-6C7D867BDA6A, cid=2024, SUCCESS, logIndex=2853, commits[3258574c-39ac-4ed5-9145-ea59a337c299:c2854]
2019-09-02 06:30:15,841 [grpc-default-executor-1] INFO  client.GrpcClientProtocolClient (GrpcClientProtocolClient.java:onNext(255)) - client-0D308AD40832->3258574c-39ac-4ed5-9145-ea59a337c299: receive RaftClientReply:client-0D308AD40832->3258574c-39ac-4ed5-9145-ea59a337c299@group-6C7D867BDA6A, cid=2025, SUCCESS, logIndex=2855, commits[3258574c-39ac-4ed5-9145-ea59a337c299:c2858]
2019-09-02 06:30:15,842 [grpc-default-executor-1] INFO  client.GrpcClientProtocolClient (GrpcClientProtocolClient.java:onNext(255)) - client-0D308AD40832->3258574c-39ac-4ed5-9145-ea59a337c299: receive RaftClientReply:client-0D308AD40832->3258574c-39ac-4ed5-9145-ea59a337c299@group-6C7D867BDA6A, cid=2026, SUCCESS, logIndex=2856, commits[3258574c-39ac-4ed5-9145-ea59a337c299:c2858]
2019-09-02 06:30:15,842 [grpc-default-executor-1] INFO  client.GrpcClientProtocolClient (GrpcClientProtocolClient.java:onNext(255)) - client-0D308AD40832->3258574c-39ac-4ed5-9145-ea59a337c299: receive RaftClientReply:client-0D308AD40832->3258574c-39ac-4ed5-9145-ea59a337c299@group-6C7D867BDA6A, cid=2027, SUCCESS, logIndex=2857, commits[3258574c-39ac-4ed5-9145-ea59a337c299:c2859]
2019-09-02 06:30:15,842 [grpc-default-executor-1] INFO  client.GrpcClientProtocolClient (GrpcClientProtocolClient.java:onNext(255)) - client-0D308AD40832->3258574c-39ac-4ed5-9145-ea59a337c299: receive RaftClientReply:client-0D308AD40832->3258574c-39ac-4ed5-9145-ea59a337c299@group-6C7D867BDA6A, cid=2028, SUCCESS, logIndex=2858, commits[3258574c-39ac-4ed5-9145-ea59a337c299:c2859]
2019-09-02 06:30:15,860 [grpc-default-executor-1] INFO  client.GrpcClientProtocolClient (GrpcClientProtocolClient.java:onNext(255)) - client-0D308AD40832->3258574c-39ac-4ed5-9145-ea59a337c299: receive RaftClientReply:client-0D308AD40832->3258574c-39ac-4ed5-9145-ea59a337c299@group-6C7D867BDA6A, cid=2029, SUCCESS, logIndex=2861, commits[3258574c-39ac-4ed5-9145-ea59a337c299:c2864]
2019-09-02 06:30:15,860 [grpc-default-executor-1] INFO  client.GrpcClientProtocolClient (GrpcClientProtocolClient.java:onNext(255)) - client-0D308AD40832->3258574c-39ac-4ed5-9145-ea59a337c299: receive RaftClientReply:client-0D308AD40832->3258574c-39ac-4ed5-9145-ea59a337c299@group-6C7D867BDA6A, cid=2030, SUCCESS, logIndex=2862, commits[3258574c-39ac-4ed5-9145-ea59a337c299:c2865]
2019-09-02 06:30:15,861 [grpc-default-executor-1] INFO  client.GrpcClientProtocolClient (GrpcClientProtocolClient.java:onNext(255)) - client-0D308AD40832->3258574c-39ac-4ed5-9145-ea59a337c299: receive RaftClientReply:client-0D308AD40832->3258574c-39ac-4ed5-9145-ea59a337c299@group-6C7D867BDA6A, cid=2031, SUCCESS, logIndex=2863, commits[3258574c-39ac-4ed5-9145-ea59a337c299:c2865]
2019-09-02 06:30:15,861 [grpc-default-executor-1] INFO  client.GrpcClientProtocolClient (GrpcClientProtocolClient.java:onNext(255)) - client-0D308AD40832->3258574c-39ac-4ed5-9145-ea59a337c299: receive RaftClientReply:client-0D308AD40832->3258574c-39ac-4ed5-9145-ea59a337c299@group-6C7D867BDA6A, cid=2032, SUCCESS, logIndex=2864, commits[3258574c-39ac-4ed5-9145-ea59a337c299:c2865]
2019-09-02 06:30:15,913 [SCMBlockDeletingService#0] DEBUG block.SCMBlockDeletingService (SCMBlockDeletingService.java:call(138)) - Running DeletedBlockTransactionScanner
2019-09-02 06:30:15,913 [SCMBlockDeletingService#0] DEBUG block.SCMBlockDeletingService (SCMBlockDeletingService.java:call(155)) - Scanned deleted blocks log and got 0 delTX to process.
2019-09-02 06:30:15,984 [grpc-default-executor-0] INFO  client.GrpcClientProtocolClient (GrpcClientProtocolClient.java:onNext(255)) - client-0D308AD40832->3258574c-39ac-4ed5-9145-ea59a337c299: receive RaftClientReply:client-0D308AD40832->3258574c-39ac-4ed5-9145-ea59a337c299@group-6C7D867BDA6A, cid=2033, SUCCESS, logIndex=2866, commits[3258574c-39ac-4ed5-9145-ea59a337c299:c2869]
2019-09-02 06:30:15,988 [grpc-default-executor-0] INFO  client.GrpcClientProtocolClient (GrpcClientProtocolClient.java:onNext(255)) - client-0D308AD40832->3258574c-39ac-4ed5-9145-ea59a337c299: receive RaftClientReply:client-0D308AD40832->3258574c-39ac-4ed5-9145-ea59a337c299@group-6C7D867BDA6A, cid=2034, SUCCESS, logIndex=2867, commits[3258574c-39ac-4ed5-9145-ea59a337c299:c2869]
2019-09-02 06:30:15,989 [grpc-default-executor-0] INFO  client.GrpcClientProtocolClient (GrpcClientProtocolClient.java:onNext(255)) - client-0D308AD40832->3258574c-39ac-4ed5-9145-ea59a337c299: receive RaftClientReply:client-0D308AD40832->3258574c-39ac-4ed5-9145-ea59a337c299@group-6C7D867BDA6A, cid=2035, SUCCESS, logIndex=2868, commits[3258574c-39ac-4ed5-9145-ea59a337c299:c2869]
2019-09-02 06:30:15,989 [grpc-default-executor-0] INFO  client.GrpcClientProtocolClient (GrpcClientProtocolClient.java:onNext(255)) - client-0D308AD40832->3258574c-39ac-4ed5-9145-ea59a337c299: receive RaftClientReply:client-0D308AD40832->3258574c-39ac-4ed5-9145-ea59a337c299@group-6C7D867BDA6A, cid=2036, SUCCESS, logIndex=2869, commits[3258574c-39ac-4ed5-9145-ea59a337c299:c2869]
2019-09-02 06:30:16,007 [grpc-default-executor-0] INFO  client.GrpcClientProtocolClient (GrpcClientProtocolClient.java:onNext(255)) - client-0D308AD40832->3258574c-39ac-4ed5-9145-ea59a337c299: receive RaftClientReply:client-0D308AD40832->3258574c-39ac-4ed5-9145-ea59a337c299@group-6C7D867BDA6A, cid=2037, SUCCESS, logIndex=2871, commits[3258574c-39ac-4ed5-9145-ea59a337c299:c2872]
2019-09-02 06:30:16,008 [grpc-default-executor-0] INFO  client.GrpcClientProtocolClient (GrpcClientProtocolClient.java:onNext(255)) - client-0D308AD40832->3258574c-39ac-4ed5-9145-ea59a337c299: receive RaftClientReply:client-0D308AD40832->3258574c-39ac-4ed5-9145-ea59a337c299@group-6C7D867BDA6A, cid=2038, SUCCESS, logIndex=2872, commits[3258574c-39ac-4ed5-9145-ea59a337c299:c2874]
2019-09-02 06:30:16,008 [grpc-default-executor-0] INFO  client.GrpcClientProtocolClient (GrpcClientProtocolClient.java:onNext(255)) - client-0D308AD40832->3258574c-39ac-4ed5-9145-ea59a337c299: receive RaftClientReply:client-0D308AD40832->3258574c-39ac-4ed5-9145-ea59a337c299@group-6C7D867BDA6A, cid=2039, SUCCESS, logIndex=2873, commits[3258574c-39ac-4ed5-9145-ea59a337c299:c2874]
2019-09-02 06:30:16,008 [grpc-default-executor-0] INFO  client.GrpcClientProtocolClient (GrpcClientProtocolClient.java:onNext(255)) - client-0D308AD40832->3258574c-39ac-4ed5-9145-ea59a337c299: receive RaftClientReply:client-0D308AD40832->3258574c-39ac-4ed5-9145-ea59a337c299@group-6C7D867BDA6A, cid=2040, SUCCESS, logIndex=2874, commits[3258574c-39ac-4ed5-9145-ea59a337c299:c2875]
2019-09-02 06:30:16,013 [SCMBlockDeletingService#0] DEBUG block.SCMBlockDeletingService (SCMBlockDeletingService.java:call(138)) - Running DeletedBlockTransactionScanner
2019-09-02 06:30:16,014 [SCMBlockDeletingService#0] DEBUG block.SCMBlockDeletingService (SCMBlockDeletingService.java:call(155)) - Scanned deleted blocks log and got 0 delTX to process.
2019-09-02 06:30:16,034 [grpc-default-executor-0] INFO  client.GrpcClientProtocolClient (GrpcClientProtocolClient.java:onNext(255)) - client-0D308AD40832->3258574c-39ac-4ed5-9145-ea59a337c299: receive RaftClientReply:client-0D308AD40832->3258574c-39ac-4ed5-9145-ea59a337c299@group-6C7D867BDA6A, cid=2041, SUCCESS, logIndex=2877, commits[3258574c-39ac-4ed5-9145-ea59a337c299:c2878]
2019-09-02 06:30:16,035 [grpc-default-executor-0] INFO  client.GrpcClientProtocolClient (GrpcClientProtocolClient.java:onNext(255)) - client-0D308AD40832->3258574c-39ac-4ed5-9145-ea59a337c299: receive RaftClientReply:client-0D308AD40832->3258574c-39ac-4ed5-9145-ea59a337c299@group-6C7D867BDA6A, cid=2042, SUCCESS, logIndex=2878, commits[3258574c-39ac-4ed5-9145-ea59a337c299:c2880]
2019-09-02 06:30:16,035 [grpc-default-executor-0] INFO  client.GrpcClientProtocolClient (GrpcClientProtocolClient.java:onNext(255)) - client-0D308AD40832->3258574c-39ac-4ed5-9145-ea59a337c299: receive RaftClientReply:client-0D308AD40832->3258574c-39ac-4ed5-9145-ea59a337c299@group-6C7D867BDA6A, cid=2043, SUCCESS, logIndex=2879, commits[3258574c-39ac-4ed5-9145-ea59a337c299:c2880]
2019-09-02 06:30:16,035 [grpc-default-executor-0] INFO  client.GrpcClientProtocolClient (GrpcClientProtocolClient.java:onNext(255)) - client-0D308AD40832->3258574c-39ac-4ed5-9145-ea59a337c299: receive RaftClientReply:client-0D308AD40832->3258574c-39ac-4ed5-9145-ea59a337c299@group-6C7D867BDA6A, cid=2044, SUCCESS, logIndex=2880, commits[3258574c-39ac-4ed5-9145-ea59a337c299:c2881]
2019-09-02 06:30:16,045 [grpc-default-executor-0] INFO  client.GrpcClientProtocolClient (GrpcClientProtocolClient.java:onNext(255)) - client-0D308AD40832->3258574c-39ac-4ed5-9145-ea59a337c299: receive RaftClientReply:client-0D308AD40832->3258574c-39ac-4ed5-9145-ea59a337c299@group-6C7D867BDA6A, cid=2045, SUCCESS, logIndex=2883, commits[3258574c-39ac-4ed5-9145-ea59a337c299:c2884]
2019-09-02 06:30:16,045 [grpc-default-executor-0] INFO  client.GrpcClientProtocolClient (GrpcClientProtocolClient.java:onNext(255)) - client-0D308AD40832->3258574c-39ac-4ed5-9145-ea59a337c299: receive RaftClientReply:client-0D308AD40832->3258574c-39ac-4ed5-9145-ea59a337c299@group-6C7D867BDA6A, cid=2046, SUCCESS, logIndex=2884, commits[3258574c-39ac-4ed5-9145-ea59a337c299:c2884]
2019-09-02 06:30:16,047 [grpc-default-executor-0] INFO  client.GrpcClientProtocolClient (GrpcClientProtocolClient.java:onNext(255)) - client-0D308AD40832->3258574c-39ac-4ed5-9145-ea59a337c299: receive RaftClientReply:client-0D308AD40832->3258574c-39ac-4ed5-9145-ea59a337c299@group-6C7D867BDA6A, cid=2047, SUCCESS, logIndex=2885, commits[3258574c-39ac-4ed5-9145-ea59a337c299:c2887]
2019-09-02 06:30:16,047 [grpc-default-executor-0] INFO  client.GrpcClientProtocolClient (GrpcClientProtocolClient.java:onNext(255)) - client-0D308AD40832->3258574c-39ac-4ed5-9145-ea59a337c299: receive RaftClientReply:client-0D308AD40832->3258574c-39ac-4ed5-9145-ea59a337c299@group-6C7D867BDA6A, cid=2048, SUCCESS, logIndex=2886, commits[3258574c-39ac-4ed5-9145-ea59a337c299:c2887]
2019-09-02 06:30:16,063 [grpc-default-executor-1] INFO  client.GrpcClientProtocolClient (GrpcClientProtocolClient.java:onNext(255)) - client-0D308AD40832->3258574c-39ac-4ed5-9145-ea59a337c299: receive RaftClientReply:client-0D308AD40832->3258574c-39ac-4ed5-9145-ea59a337c299@group-6C7D867BDA6A, cid=2049, SUCCESS, logIndex=2888, commits[3258574c-39ac-4ed5-9145-ea59a337c299:c2889]
2019-09-02 06:30:16,063 [grpc-default-executor-1] INFO  client.GrpcClientProtocolClient (GrpcClientProtocolClient.java:onNext(255)) - client-0D308AD40832->3258574c-39ac-4ed5-9145-ea59a337c299: receive RaftClientReply:client-0D308AD40832->3258574c-39ac-4ed5-9145-ea59a337c299@group-6C7D867BDA6A, cid=2050, SUCCESS, logIndex=2889, commits[3258574c-39ac-4ed5-9145-ea59a337c299:c2889]
2019-09-02 06:30:16,064 [grpc-default-executor-1] INFO  client.GrpcClientProtocolClient (GrpcClientProtocolClient.java:onNext(255)) - client-0D308AD40832->3258574c-39ac-4ed5-9145-ea59a337c299: receive RaftClientReply:client-0D308AD40832->3258574c-39ac-4ed5-9145-ea59a337c299@group-6C7D867BDA6A, cid=2051, SUCCESS, logIndex=2890, commits[3258574c-39ac-4ed5-9145-ea59a337c299:c2892]
2019-09-02 06:30:16,065 [grpc-default-executor-1] INFO  client.GrpcClientProtocolClient (GrpcClientProtocolClient.java:onNext(255)) - client-0D308AD40832->3258574c-39ac-4ed5-9145-ea59a337c299: receive RaftClientReply:client-0D308AD40832->3258574c-39ac-4ed5-9145-ea59a337c299@group-6C7D867BDA6A, cid=2052, SUCCESS, logIndex=2891, commits[3258574c-39ac-4ed5-9145-ea59a337c299:c2892]
2019-09-02 06:30:16,073 [grpc-default-executor-1] INFO  client.GrpcClientProtocolClient (GrpcClientProtocolClient.java:onNext(255)) - client-0D308AD40832->3258574c-39ac-4ed5-9145-ea59a337c299: receive RaftClientReply:client-0D308AD40832->3258574c-39ac-4ed5-9145-ea59a337c299@group-6C7D867BDA6A, cid=2053, SUCCESS, logIndex=2893, commits[3258574c-39ac-4ed5-9145-ea59a337c299:c2894]
2019-09-02 06:30:16,074 [grpc-default-executor-1] INFO  client.GrpcClientProtocolClient (GrpcClientProtocolClient.java:onNext(255)) - client-0D308AD40832->3258574c-39ac-4ed5-9145-ea59a337c299: receive RaftClientReply:client-0D308AD40832->3258574c-39ac-4ed5-9145-ea59a337c299@group-6C7D867BDA6A, cid=2054, SUCCESS, logIndex=2894, commits[3258574c-39ac-4ed5-9145-ea59a337c299:c2894]
2019-09-02 06:30:16,075 [grpc-default-executor-1] INFO  client.GrpcClientProtocolClient (GrpcClientProtocolClient.java:onNext(255)) - client-0D308AD40832->3258574c-39ac-4ed5-9145-ea59a337c299: receive RaftClientReply:client-0D308AD40832->3258574c-39ac-4ed5-9145-ea59a337c299@group-6C7D867BDA6A, cid=2055, SUCCESS, logIndex=2895, commits[3258574c-39ac-4ed5-9145-ea59a337c299:c2897]
2019-09-02 06:30:16,075 [grpc-default-executor-1] INFO  client.GrpcClientProtocolClient (GrpcClientProtocolClient.java:onNext(255)) - client-0D308AD40832->3258574c-39ac-4ed5-9145-ea59a337c299: receive RaftClientReply:client-0D308AD40832->3258574c-39ac-4ed5-9145-ea59a337c299@group-6C7D867BDA6A, cid=2056, SUCCESS, logIndex=2896, commits[3258574c-39ac-4ed5-9145-ea59a337c299:c2897]
2019-09-02 06:30:16,168 [SCMBlockDeletingService#0] DEBUG block.SCMBlockDeletingService (SCMBlockDeletingService.java:call(138)) - Running DeletedBlockTransactionScanner
2019-09-02 06:30:16,168 [SCMBlockDeletingService#0] DEBUG block.SCMBlockDeletingService (SCMBlockDeletingService.java:call(155)) - Scanned deleted blocks log and got 0 delTX to process.
2019-09-02 06:30:16,183 [grpc-default-executor-0] INFO  client.GrpcClientProtocolClient (GrpcClientProtocolClient.java:onNext(255)) - client-0D308AD40832->3258574c-39ac-4ed5-9145-ea59a337c299: receive RaftClientReply:client-0D308AD40832->3258574c-39ac-4ed5-9145-ea59a337c299@group-6C7D867BDA6A, cid=2057, SUCCESS, logIndex=2898, commits[3258574c-39ac-4ed5-9145-ea59a337c299:c2899]
2019-09-02 06:30:16,184 [grpc-default-executor-0] INFO  client.GrpcClientProtocolClient (GrpcClientProtocolClient.java:onNext(255)) - client-0D308AD40832->3258574c-39ac-4ed5-9145-ea59a337c299: receive RaftClientReply:client-0D308AD40832->3258574c-39ac-4ed5-9145-ea59a337c299@group-6C7D867BDA6A, cid=2058, SUCCESS, logIndex=2899, commits[3258574c-39ac-4ed5-9145-ea59a337c299:c2899]
2019-09-02 06:30:16,185 [grpc-default-executor-0] INFO  client.GrpcClientProtocolClient (GrpcClientProtocolClient.java:onNext(255)) - client-0D308AD40832->3258574c-39ac-4ed5-9145-ea59a337c299: receive RaftClientReply:client-0D308AD40832->3258574c-39ac-4ed5-9145-ea59a337c299@group-6C7D867BDA6A, cid=2059, SUCCESS, logIndex=2900, commits[3258574c-39ac-4ed5-9145-ea59a337c299:c2901]
2019-09-02 06:30:16,185 [grpc-default-executor-0] INFO  client.GrpcClientProtocolClient (GrpcClientProtocolClient.java:onNext(255)) - client-0D308AD40832->3258574c-39ac-4ed5-9145-ea59a337c299: receive RaftClientReply:client-0D308AD40832->3258574c-39ac-4ed5-9145-ea59a337c299@group-6C7D867BDA6A, cid=2060, SUCCESS, logIndex=2901, commits[3258574c-39ac-4ed5-9145-ea59a337c299:c2901]
2019-09-02 06:30:16,208 [grpc-default-executor-0] INFO  client.GrpcClientProtocolClient (GrpcClientProtocolClient.java:onNext(255)) - client-0D308AD40832->3258574c-39ac-4ed5-9145-ea59a337c299: receive RaftClientReply:client-0D308AD40832->3258574c-39ac-4ed5-9145-ea59a337c299@group-6C7D867BDA6A, cid=2061, SUCCESS, logIndex=2904, commits[3258574c-39ac-4ed5-9145-ea59a337c299:c2907]
2019-09-02 06:30:16,208 [grpc-default-executor-0] INFO  client.GrpcClientProtocolClient (GrpcClientProtocolClient.java:onNext(255)) - client-0D308AD40832->3258574c-39ac-4ed5-9145-ea59a337c299: receive RaftClientReply:client-0D308AD40832->3258574c-39ac-4ed5-9145-ea59a337c299@group-6C7D867BDA6A, cid=2062, SUCCESS, logIndex=2905, commits[3258574c-39ac-4ed5-9145-ea59a337c299:c2908]
2019-09-02 06:30:16,209 [grpc-default-executor-0] INFO  client.GrpcClientProtocolClient (GrpcClientProtocolClient.java:onNext(255)) - client-0D308AD40832->3258574c-39ac-4ed5-9145-ea59a337c299: receive RaftClientReply:client-0D308AD40832->3258574c-39ac-4ed5-9145-ea59a337c299@group-6C7D867BDA6A, cid=2063, SUCCESS, logIndex=2906, commits[3258574c-39ac-4ed5-9145-ea59a337c299:c2908]
2019-09-02 06:30:16,209 [grpc-default-executor-0] INFO  client.GrpcClientProtocolClient (GrpcClientProtocolClient.java:onNext(255)) - client-0D308AD40832->3258574c-39ac-4ed5-9145-ea59a337c299: receive RaftClientReply:client-0D308AD40832->3258574c-39ac-4ed5-9145-ea59a337c299@group-6C7D867BDA6A, cid=2064, SUCCESS, logIndex=2907, commits[3258574c-39ac-4ed5-9145-ea59a337c299:c2908]
2019-09-02 06:30:16,237 [grpc-default-executor-0] INFO  client.GrpcClientProtocolClient (GrpcClientProtocolClient.java:onNext(255)) - client-0D308AD40832->3258574c-39ac-4ed5-9145-ea59a337c299: receive RaftClientReply:client-0D308AD40832->3258574c-39ac-4ed5-9145-ea59a337c299@group-6C7D867BDA6A, cid=2065, SUCCESS, logIndex=2909, commits[3258574c-39ac-4ed5-9145-ea59a337c299:c2912]
2019-09-02 06:30:16,238 [grpc-default-executor-0] INFO  client.GrpcClientProtocolClient (GrpcClientProtocolClient.java:onNext(255)) - client-0D308AD40832->3258574c-39ac-4ed5-9145-ea59a337c299: receive RaftClientReply:client-0D308AD40832->3258574c-39ac-4ed5-9145-ea59a337c299@group-6C7D867BDA6A, cid=2066, SUCCESS, logIndex=2910, commits[3258574c-39ac-4ed5-9145-ea59a337c299:c2912]
2019-09-02 06:30:16,238 [grpc-default-executor-0] INFO  client.GrpcClientProtocolClient (GrpcClientProtocolClient.java:onNext(255)) - client-0D308AD40832->3258574c-39ac-4ed5-9145-ea59a337c299: receive RaftClientReply:client-0D308AD40832->3258574c-39ac-4ed5-9145-ea59a337c299@group-6C7D867BDA6A, cid=2067, SUCCESS, logIndex=2911, commits[3258574c-39ac-4ed5-9145-ea59a337c299:c2913]
2019-09-02 06:30:16,238 [grpc-default-executor-0] INFO  client.GrpcClientProtocolClient (GrpcClientProtocolClient.java:onNext(255)) - client-0D308AD40832->3258574c-39ac-4ed5-9145-ea59a337c299: receive RaftClientReply:client-0D308AD40832->3258574c-39ac-4ed5-9145-ea59a337c299@group-6C7D867BDA6A, cid=2068, SUCCESS, logIndex=2912, commits[3258574c-39ac-4ed5-9145-ea59a337c299:c2914]
2019-09-02 06:30:16,260 [grpc-default-executor-0] INFO  client.GrpcClientProtocolClient (GrpcClientProtocolClient.java:onNext(255)) - client-0D308AD40832->3258574c-39ac-4ed5-9145-ea59a337c299: receive RaftClientReply:client-0D308AD40832->3258574c-39ac-4ed5-9145-ea59a337c299@group-6C7D867BDA6A, cid=2069, SUCCESS, logIndex=2915, commits[3258574c-39ac-4ed5-9145-ea59a337c299:c2918]
2019-09-02 06:30:16,261 [grpc-default-executor-0] INFO  client.GrpcClientProtocolClient (GrpcClientProtocolClient.java:onNext(255)) - client-0D308AD40832->3258574c-39ac-4ed5-9145-ea59a337c299: receive RaftClientReply:client-0D308AD40832->3258574c-39ac-4ed5-9145-ea59a337c299@group-6C7D867BDA6A, cid=2070, SUCCESS, logIndex=2916, commits[3258574c-39ac-4ed5-9145-ea59a337c299:c2918]
2019-09-02 06:30:16,262 [grpc-default-executor-0] INFO  client.GrpcClientProtocolClient (GrpcClientProtocolClient.java:onNext(255)) - client-0D308AD40832->3258574c-39ac-4ed5-9145-ea59a337c299: receive RaftClientReply:client-0D308AD40832->3258574c-39ac-4ed5-9145-ea59a337c299@group-6C7D867BDA6A, cid=2071, SUCCESS, logIndex=2917, commits[3258574c-39ac-4ed5-9145-ea59a337c299:c2919]
2019-09-02 06:30:16,262 [grpc-default-executor-0] INFO  client.GrpcClientProtocolClient (GrpcClientProtocolClient.java:onNext(255)) - client-0D308AD40832->3258574c-39ac-4ed5-9145-ea59a337c299: receive RaftClientReply:client-0D308AD40832->3258574c-39ac-4ed5-9145-ea59a337c299@group-6C7D867BDA6A, cid=2072, SUCCESS, logIndex=2918, commits[3258574c-39ac-4ed5-9145-ea59a337c299:c2920]
2019-09-02 06:30:16,269 [SCMBlockDeletingService#0] DEBUG block.SCMBlockDeletingService (SCMBlockDeletingService.java:call(138)) - Running DeletedBlockTransactionScanner
2019-09-02 06:30:16,271 [SCMBlockDeletingService#0] DEBUG block.SCMBlockDeletingService (SCMBlockDeletingService.java:call(155)) - Scanned deleted blocks log and got 0 delTX to process.
2019-09-02 06:30:16,293 [grpc-default-executor-0] INFO  client.GrpcClientProtocolClient (GrpcClientProtocolClient.java:onNext(255)) - client-0D308AD40832->3258574c-39ac-4ed5-9145-ea59a337c299: receive RaftClientReply:client-0D308AD40832->3258574c-39ac-4ed5-9145-ea59a337c299@group-6C7D867BDA6A, cid=2073, SUCCESS, logIndex=2921, commits[3258574c-39ac-4ed5-9145-ea59a337c299:c2922]
2019-09-02 06:30:16,294 [grpc-default-executor-0] INFO  client.GrpcClientProtocolClient (GrpcClientProtocolClient.java:onNext(255)) - client-0D308AD40832->3258574c-39ac-4ed5-9145-ea59a337c299: receive RaftClientReply:client-0D308AD40832->3258574c-39ac-4ed5-9145-ea59a337c299@group-6C7D867BDA6A, cid=2074, SUCCESS, logIndex=2922, commits[3258574c-39ac-4ed5-9145-ea59a337c299:c2924]
2019-09-02 06:30:16,294 [grpc-default-executor-0] INFO  client.GrpcClientProtocolClient (GrpcClientProtocolClient.java:onNext(255)) - client-0D308AD40832->3258574c-39ac-4ed5-9145-ea59a337c299: receive RaftClientReply:client-0D308AD40832->3258574c-39ac-4ed5-9145-ea59a337c299@group-6C7D867BDA6A, cid=2075, SUCCESS, logIndex=2923, commits[3258574c-39ac-4ed5-9145-ea59a337c299:c2925]
2019-09-02 06:30:16,294 [grpc-default-executor-0] INFO  client.GrpcClientProtocolClient (GrpcClientProtocolClient.java:onNext(255)) - client-0D308AD40832->3258574c-39ac-4ed5-9145-ea59a337c299: receive RaftClientReply:client-0D308AD40832->3258574c-39ac-4ed5-9145-ea59a337c299@group-6C7D867BDA6A, cid=2076, SUCCESS, logIndex=2924, commits[3258574c-39ac-4ed5-9145-ea59a337c299:c2925]
2019-09-02 06:30:16,371 [SCMBlockDeletingService#0] DEBUG block.SCMBlockDeletingService (SCMBlockDeletingService.java:call(138)) - Running DeletedBlockTransactionScanner
2019-09-02 06:30:16,371 [SCMBlockDeletingService#0] DEBUG block.SCMBlockDeletingService (SCMBlockDeletingService.java:call(155)) - Scanned deleted blocks log and got 0 delTX to process.
2019-09-02 06:30:16,415 [grpc-default-executor-1] INFO  client.GrpcClientProtocolClient (GrpcClientProtocolClient.java:onNext(255)) - client-0D308AD40832->3258574c-39ac-4ed5-9145-ea59a337c299: receive RaftClientReply:client-0D308AD40832->3258574c-39ac-4ed5-9145-ea59a337c299@group-6C7D867BDA6A, cid=2077, SUCCESS, logIndex=2927, commits[3258574c-39ac-4ed5-9145-ea59a337c299:c2930]
2019-09-02 06:30:16,415 [grpc-default-executor-1] INFO  client.GrpcClientProtocolClient (GrpcClientProtocolClient.java:onNext(255)) - client-0D308AD40832->3258574c-39ac-4ed5-9145-ea59a337c299: receive RaftClientReply:client-0D308AD40832->3258574c-39ac-4ed5-9145-ea59a337c299@group-6C7D867BDA6A, cid=2078, SUCCESS, logIndex=2928, commits[3258574c-39ac-4ed5-9145-ea59a337c299:c2931]
2019-09-02 06:30:16,416 [grpc-default-executor-1] INFO  client.GrpcClientProtocolClient (GrpcClientProtocolClient.java:onNext(255)) - client-0D308AD40832->3258574c-39ac-4ed5-9145-ea59a337c299: receive RaftClientReply:client-0D308AD40832->3258574c-39ac-4ed5-9145-ea59a337c299@group-6C7D867BDA6A, cid=2079, SUCCESS, logIndex=2929, commits[3258574c-39ac-4ed5-9145-ea59a337c299:c2931]
2019-09-02 06:30:16,416 [grpc-default-executor-1] INFO  client.GrpcClientProtocolClient (GrpcClientProtocolClient.java:onNext(255)) - client-0D308AD40832->3258574c-39ac-4ed5-9145-ea59a337c299: receive RaftClientReply:client-0D308AD40832->3258574c-39ac-4ed5-9145-ea59a337c299@group-6C7D867BDA6A, cid=2080, SUCCESS, logIndex=2930, commits[3258574c-39ac-4ed5-9145-ea59a337c299:c2931]
2019-09-02 06:30:16,444 [grpc-default-executor-1] INFO  client.GrpcClientProtocolClient (GrpcClientProtocolClient.java:onNext(255)) - client-0D308AD40832->3258574c-39ac-4ed5-9145-ea59a337c299: receive RaftClientReply:client-0D308AD40832->3258574c-39ac-4ed5-9145-ea59a337c299@group-6C7D867BDA6A, cid=2081, SUCCESS, logIndex=2932, commits[3258574c-39ac-4ed5-9145-ea59a337c299:c2933]
2019-09-02 06:30:16,445 [grpc-default-executor-1] INFO  client.GrpcClientProtocolClient (GrpcClientProtocolClient.java:onNext(255)) - client-0D308AD40832->3258574c-39ac-4ed5-9145-ea59a337c299: receive RaftClientReply:client-0D308AD40832->3258574c-39ac-4ed5-9145-ea59a337c299@group-6C7D867BDA6A, cid=2082, SUCCESS, logIndex=2933, commits[3258574c-39ac-4ed5-9145-ea59a337c299:c2935]
2019-09-02 06:30:16,445 [grpc-default-executor-1] INFO  client.GrpcClientProtocolClient (GrpcClientProtocolClient.java:onNext(255)) - client-0D308AD40832->3258574c-39ac-4ed5-9145-ea59a337c299: receive RaftClientReply:client-0D308AD40832->3258574c-39ac-4ed5-9145-ea59a337c299@group-6C7D867BDA6A, cid=2083, SUCCESS, logIndex=2934, commits[3258574c-39ac-4ed5-9145-ea59a337c299:c2936]
2019-09-02 06:30:16,446 [grpc-default-executor-1] INFO  client.GrpcClientProtocolClient (GrpcClientProtocolClient.java:onNext(255)) - client-0D308AD40832->3258574c-39ac-4ed5-9145-ea59a337c299: receive RaftClientReply:client-0D308AD40832->3258574c-39ac-4ed5-9145-ea59a337c299@group-6C7D867BDA6A, cid=2084, SUCCESS, logIndex=2935, commits[3258574c-39ac-4ed5-9145-ea59a337c299:c2936]
2019-09-02 06:30:16,466 [grpc-default-executor-1] INFO  client.GrpcClientProtocolClient (GrpcClientProtocolClient.java:onNext(255)) - client-0D308AD40832->3258574c-39ac-4ed5-9145-ea59a337c299: receive RaftClientReply:client-0D308AD40832->3258574c-39ac-4ed5-9145-ea59a337c299@group-6C7D867BDA6A, cid=2085, SUCCESS, logIndex=2938, commits[3258574c-39ac-4ed5-9145-ea59a337c299:c2939]
2019-09-02 06:30:16,467 [grpc-default-executor-1] INFO  client.GrpcClientProtocolClient (GrpcClientProtocolClient.java:onNext(255)) - client-0D308AD40832->3258574c-39ac-4ed5-9145-ea59a337c299: receive RaftClientReply:client-0D308AD40832->3258574c-39ac-4ed5-9145-ea59a337c299@group-6C7D867BDA6A, cid=2086, SUCCESS, logIndex=2939, commits[3258574c-39ac-4ed5-9145-ea59a337c299:c2939]
2019-09-02 06:30:16,468 [grpc-default-executor-1] INFO  client.GrpcClientProtocolClient (GrpcClientProtocolClient.java:onNext(255)) - client-0D308AD40832->3258574c-39ac-4ed5-9145-ea59a337c299: receive RaftClientReply:client-0D308AD40832->3258574c-39ac-4ed5-9145-ea59a337c299@group-6C7D867BDA6A, cid=2087, SUCCESS, logIndex=2940, commits[3258574c-39ac-4ed5-9145-ea59a337c299:c2941]
2019-09-02 06:30:16,469 [grpc-default-executor-1] INFO  client.GrpcClientProtocolClient (GrpcClientProtocolClient.java:onNext(255)) - client-0D308AD40832->3258574c-39ac-4ed5-9145-ea59a337c299: receive RaftClientReply:client-0D308AD40832->3258574c-39ac-4ed5-9145-ea59a337c299@group-6C7D867BDA6A, cid=2088, SUCCESS, logIndex=2941, commits[3258574c-39ac-4ed5-9145-ea59a337c299:c2941]
2019-09-02 06:30:16,472 [SCMBlockDeletingService#0] DEBUG block.SCMBlockDeletingService (SCMBlockDeletingService.java:call(138)) - Running DeletedBlockTransactionScanner
2019-09-02 06:30:16,472 [SCMBlockDeletingService#0] DEBUG block.SCMBlockDeletingService (SCMBlockDeletingService.java:call(155)) - Scanned deleted blocks log and got 0 delTX to process.
2019-09-02 06:30:16,500 [grpc-default-executor-1] INFO  client.GrpcClientProtocolClient (GrpcClientProtocolClient.java:onNext(255)) - client-0D308AD40832->3258574c-39ac-4ed5-9145-ea59a337c299: receive RaftClientReply:client-0D308AD40832->3258574c-39ac-4ed5-9145-ea59a337c299@group-6C7D867BDA6A, cid=2089, SUCCESS, logIndex=2944, commits[3258574c-39ac-4ed5-9145-ea59a337c299:c2947]
2019-09-02 06:30:16,501 [grpc-default-executor-1] INFO  client.GrpcClientProtocolClient (GrpcClientProtocolClient.java:onNext(255)) - client-0D308AD40832->3258574c-39ac-4ed5-9145-ea59a337c299: receive RaftClientReply:client-0D308AD40832->3258574c-39ac-4ed5-9145-ea59a337c299@group-6C7D867BDA6A, cid=2090, SUCCESS, logIndex=2945, commits[3258574c-39ac-4ed5-9145-ea59a337c299:c2948]
2019-09-02 06:30:16,501 [grpc-default-executor-1] INFO  client.GrpcClientProtocolClient (GrpcClientProtocolClient.java:onNext(255)) - client-0D308AD40832->3258574c-39ac-4ed5-9145-ea59a337c299: receive RaftClientReply:client-0D308AD40832->3258574c-39ac-4ed5-9145-ea59a337c299@group-6C7D867BDA6A, cid=2091, SUCCESS, logIndex=2946, commits[3258574c-39ac-4ed5-9145-ea59a337c299:c2948]
2019-09-02 06:30:16,502 [grpc-default-executor-1] INFO  client.GrpcClientProtocolClient (GrpcClientProtocolClient.java:onNext(255)) - client-0D308AD40832->3258574c-39ac-4ed5-9145-ea59a337c299: receive RaftClientReply:client-0D308AD40832->3258574c-39ac-4ed5-9145-ea59a337c299@group-6C7D867BDA6A, cid=2092, SUCCESS, logIndex=2947, commits[3258574c-39ac-4ed5-9145-ea59a337c299:c2948]
2019-09-02 06:30:16,522 [grpc-default-executor-1] INFO  client.GrpcClientProtocolClient (GrpcClientProtocolClient.java:onNext(255)) - client-0D308AD40832->3258574c-39ac-4ed5-9145-ea59a337c299: receive RaftClientReply:client-0D308AD40832->3258574c-39ac-4ed5-9145-ea59a337c299@group-6C7D867BDA6A, cid=2093, SUCCESS, logIndex=2949, commits[3258574c-39ac-4ed5-9145-ea59a337c299:c2952]
2019-09-02 06:30:16,523 [grpc-default-executor-1] INFO  client.GrpcClientProtocolClient (GrpcClientProtocolClient.java:onNext(255)) - client-0D308AD40832->3258574c-39ac-4ed5-9145-ea59a337c299: receive RaftClientReply:client-0D308AD40832->3258574c-39ac-4ed5-9145-ea59a337c299@group-6C7D867BDA6A, cid=2094, SUCCESS, logIndex=2950, commits[3258574c-39ac-4ed5-9145-ea59a337c299:c2952]
2019-09-02 06:30:16,523 [grpc-default-executor-1] INFO  client.GrpcClientProtocolClient (GrpcClientProtocolClient.java:onNext(255)) - client-0D308AD40832->3258574c-39ac-4ed5-9145-ea59a337c299: receive RaftClientReply:client-0D308AD40832->3258574c-39ac-4ed5-9145-ea59a337c299@group-6C7D867BDA6A, cid=2095, SUCCESS, logIndex=2951, commits[3258574c-39ac-4ed5-9145-ea59a337c299:c2953]
2019-09-02 06:30:16,524 [grpc-default-executor-1] INFO  client.GrpcClientProtocolClient (GrpcClientProtocolClient.java:onNext(255)) - client-0D308AD40832->3258574c-39ac-4ed5-9145-ea59a337c299: receive RaftClientReply:client-0D308AD40832->3258574c-39ac-4ed5-9145-ea59a337c299@group-6C7D867BDA6A, cid=2096, SUCCESS, logIndex=2952, commits[3258574c-39ac-4ed5-9145-ea59a337c299:c2954]
2019-09-02 06:30:16,557 [grpc-default-executor-1] INFO  client.GrpcClientProtocolClient (GrpcClientProtocolClient.java:onNext(255)) - client-0D308AD40832->3258574c-39ac-4ed5-9145-ea59a337c299: receive RaftClientReply:client-0D308AD40832->3258574c-39ac-4ed5-9145-ea59a337c299@group-6C7D867BDA6A, cid=2097, SUCCESS, logIndex=2955, commits[3258574c-39ac-4ed5-9145-ea59a337c299:c2958]
2019-09-02 06:30:16,557 [grpc-default-executor-1] INFO  client.GrpcClientProtocolClient (GrpcClientProtocolClient.java:onNext(255)) - client-0D308AD40832->3258574c-39ac-4ed5-9145-ea59a337c299: receive RaftClientReply:client-0D308AD40832->3258574c-39ac-4ed5-9145-ea59a337c299@group-6C7D867BDA6A, cid=2098, SUCCESS, logIndex=2956, commits[3258574c-39ac-4ed5-9145-ea59a337c299:c2959]
2019-09-02 06:30:16,558 [grpc-default-executor-1] INFO  client.GrpcClientProtocolClient (GrpcClientProtocolClient.java:onNext(255)) - client-0D308AD40832->3258574c-39ac-4ed5-9145-ea59a337c299: receive RaftClientReply:client-0D308AD40832->3258574c-39ac-4ed5-9145-ea59a337c299@group-6C7D867BDA6A, cid=2099, SUCCESS, logIndex=2957, commits[3258574c-39ac-4ed5-9145-ea59a337c299:c2959]
2019-09-02 06:30:16,558 [grpc-default-executor-1] INFO  client.GrpcClientProtocolClient (GrpcClientProtocolClient.java:onNext(255)) - client-0D308AD40832->3258574c-39ac-4ed5-9145-ea59a337c299: receive RaftClientReply:client-0D308AD40832->3258574c-39ac-4ed5-9145-ea59a337c299@group-6C7D867BDA6A, cid=2100, SUCCESS, logIndex=2958, commits[3258574c-39ac-4ed5-9145-ea59a337c299:c2959]
2019-09-02 06:30:16,573 [SCMBlockDeletingService#0] DEBUG block.SCMBlockDeletingService (SCMBlockDeletingService.java:call(138)) - Running DeletedBlockTransactionScanner
2019-09-02 06:30:16,573 [SCMBlockDeletingService#0] DEBUG block.SCMBlockDeletingService (SCMBlockDeletingService.java:call(155)) - Scanned deleted blocks log and got 0 delTX to process.
2019-09-02 06:30:16,581 [grpc-default-executor-1] INFO  client.GrpcClientProtocolClient (GrpcClientProtocolClient.java:onNext(255)) - client-0D308AD40832->3258574c-39ac-4ed5-9145-ea59a337c299: receive RaftClientReply:client-0D308AD40832->3258574c-39ac-4ed5-9145-ea59a337c299@group-6C7D867BDA6A, cid=2101, SUCCESS, logIndex=2960, commits[3258574c-39ac-4ed5-9145-ea59a337c299:c2963]
2019-09-02 06:30:16,582 [grpc-default-executor-1] INFO  client.GrpcClientProtocolClient (GrpcClientProtocolClient.java:onNext(255)) - client-0D308AD40832->3258574c-39ac-4ed5-9145-ea59a337c299: receive RaftClientReply:client-0D308AD40832->3258574c-39ac-4ed5-9145-ea59a337c299@group-6C7D867BDA6A, cid=2102, SUCCESS, logIndex=2961, commits[3258574c-39ac-4ed5-9145-ea59a337c299:c2964]
2019-09-02 06:30:16,582 [grpc-default-executor-1] INFO  client.GrpcClientProtocolClient (GrpcClientProtocolClient.java:onNext(255)) - client-0D308AD40832->3258574c-39ac-4ed5-9145-ea59a337c299: receive RaftClientReply:client-0D308AD40832->3258574c-39ac-4ed5-9145-ea59a337c299@group-6C7D867BDA6A, cid=2103, SUCCESS, logIndex=2962, commits[3258574c-39ac-4ed5-9145-ea59a337c299:c2964]
2019-09-02 06:30:16,582 [grpc-default-executor-1] INFO  client.GrpcClientProtocolClient (GrpcClientProtocolClient.java:onNext(255)) - client-0D308AD40832->3258574c-39ac-4ed5-9145-ea59a337c299: receive RaftClientReply:client-0D308AD40832->3258574c-39ac-4ed5-9145-ea59a337c299@group-6C7D867BDA6A, cid=2104, SUCCESS, logIndex=2963, commits[3258574c-39ac-4ed5-9145-ea59a337c299:c2964]
2019-09-02 06:30:16,610 [grpc-default-executor-0] INFO  client.GrpcClientProtocolClient (GrpcClientProtocolClient.java:onNext(255)) - client-0D308AD40832->3258574c-39ac-4ed5-9145-ea59a337c299: receive RaftClientReply:client-0D308AD40832->3258574c-39ac-4ed5-9145-ea59a337c299@group-6C7D867BDA6A, cid=2105, SUCCESS, logIndex=2965, commits[3258574c-39ac-4ed5-9145-ea59a337c299:c2966]
2019-09-02 06:30:16,611 [grpc-default-executor-0] INFO  client.GrpcClientProtocolClient (GrpcClientProtocolClient.java:onNext(255)) - client-0D308AD40832->3258574c-39ac-4ed5-9145-ea59a337c299: receive RaftClientReply:client-0D308AD40832->3258574c-39ac-4ed5-9145-ea59a337c299@group-6C7D867BDA6A, cid=2106, SUCCESS, logIndex=2966, commits[3258574c-39ac-4ed5-9145-ea59a337c299:c2966]
2019-09-02 06:30:16,611 [grpc-default-executor-0] INFO  client.GrpcClientProtocolClient (GrpcClientProtocolClient.java:onNext(255)) - client-0D308AD40832->3258574c-39ac-4ed5-9145-ea59a337c299: receive RaftClientReply:client-0D308AD40832->3258574c-39ac-4ed5-9145-ea59a337c299@group-6C7D867BDA6A, cid=2107, SUCCESS, logIndex=2967, commits[3258574c-39ac-4ed5-9145-ea59a337c299:c2968]
2019-09-02 06:30:16,612 [grpc-default-executor-0] INFO  client.GrpcClientProtocolClient (GrpcClientProtocolClient.java:onNext(255)) - client-0D308AD40832->3258574c-39ac-4ed5-9145-ea59a337c299: receive RaftClientReply:client-0D308AD40832->3258574c-39ac-4ed5-9145-ea59a337c299@group-6C7D867BDA6A, cid=2108, SUCCESS, logIndex=2968, commits[3258574c-39ac-4ed5-9145-ea59a337c299:c2968]
2019-09-02 06:30:16,623 [grpc-default-executor-0] INFO  client.GrpcClientProtocolClient (GrpcClientProtocolClient.java:onNext(255)) - client-0D308AD40832->3258574c-39ac-4ed5-9145-ea59a337c299: receive RaftClientReply:client-0D308AD40832->3258574c-39ac-4ed5-9145-ea59a337c299@group-6C7D867BDA6A, cid=2109, SUCCESS, logIndex=2971, commits[3258574c-39ac-4ed5-9145-ea59a337c299:c2972]
2019-09-02 06:30:16,623 [grpc-default-executor-0] INFO  client.GrpcClientProtocolClient (GrpcClientProtocolClient.java:onNext(255)) - client-0D308AD40832->3258574c-39ac-4ed5-9145-ea59a337c299: receive RaftClientReply:client-0D308AD40832->3258574c-39ac-4ed5-9145-ea59a337c299@group-6C7D867BDA6A, cid=2110, SUCCESS, logIndex=2972, commits[3258574c-39ac-4ed5-9145-ea59a337c299:c2972]
2019-09-02 06:30:16,625 [grpc-default-executor-0] INFO  client.GrpcClientProtocolClient (GrpcClientProtocolClient.java:onNext(255)) - client-0D308AD40832->3258574c-39ac-4ed5-9145-ea59a337c299: receive RaftClientReply:client-0D308AD40832->3258574c-39ac-4ed5-9145-ea59a337c299@group-6C7D867BDA6A, cid=2111, SUCCESS, logIndex=2973, commits[3258574c-39ac-4ed5-9145-ea59a337c299:c2975]
2019-09-02 06:30:16,626 [grpc-default-executor-0] INFO  client.GrpcClientProtocolClient (GrpcClientProtocolClient.java:onNext(255)) - client-0D308AD40832->3258574c-39ac-4ed5-9145-ea59a337c299: receive RaftClientReply:client-0D308AD40832->3258574c-39ac-4ed5-9145-ea59a337c299@group-6C7D867BDA6A, cid=2112, SUCCESS, logIndex=2974, commits[3258574c-39ac-4ed5-9145-ea59a337c299:c2975]
2019-09-02 06:30:16,654 [grpc-default-executor-1] INFO  client.GrpcClientProtocolClient (GrpcClientProtocolClient.java:onNext(255)) - client-0D308AD40832->3258574c-39ac-4ed5-9145-ea59a337c299: receive RaftClientReply:client-0D308AD40832->3258574c-39ac-4ed5-9145-ea59a337c299@group-6C7D867BDA6A, cid=2113, SUCCESS, logIndex=2976, commits[3258574c-39ac-4ed5-9145-ea59a337c299:c2977]
2019-09-02 06:30:16,655 [grpc-default-executor-1] INFO  client.GrpcClientProtocolClient (GrpcClientProtocolClient.java:onNext(255)) - client-0D308AD40832->3258574c-39ac-4ed5-9145-ea59a337c299: receive RaftClientReply:client-0D308AD40832->3258574c-39ac-4ed5-9145-ea59a337c299@group-6C7D867BDA6A, cid=2114, SUCCESS, logIndex=2977, commits[3258574c-39ac-4ed5-9145-ea59a337c299:c2979]
2019-09-02 06:30:16,655 [grpc-default-executor-1] INFO  client.GrpcClientProtocolClient (GrpcClientProtocolClient.java:onNext(255)) - client-0D308AD40832->3258574c-39ac-4ed5-9145-ea59a337c299: receive RaftClientReply:client-0D308AD40832->3258574c-39ac-4ed5-9145-ea59a337c299@group-6C7D867BDA6A, cid=2115, SUCCESS, logIndex=2978, commits[3258574c-39ac-4ed5-9145-ea59a337c299:c2980]
2019-09-02 06:30:16,656 [grpc-default-executor-1] INFO  client.GrpcClientProtocolClient (GrpcClientProtocolClient.java:onNext(255)) - client-0D308AD40832->3258574c-39ac-4ed5-9145-ea59a337c299: receive RaftClientReply:client-0D308AD40832->3258574c-39ac-4ed5-9145-ea59a337c299@group-6C7D867BDA6A, cid=2116, SUCCESS, logIndex=2979, commits[3258574c-39ac-4ed5-9145-ea59a337c299:c2980]
2019-09-02 06:30:16,671 [grpc-default-executor-0] INFO  client.GrpcClientProtocolClient (GrpcClientProtocolClient.java:onNext(255)) - client-0D308AD40832->3258574c-39ac-4ed5-9145-ea59a337c299: receive RaftClientReply:client-0D308AD40832->3258574c-39ac-4ed5-9145-ea59a337c299@group-6C7D867BDA6A, cid=2117, SUCCESS, logIndex=2982, commits[3258574c-39ac-4ed5-9145-ea59a337c299:c2983]
2019-09-02 06:30:16,671 [grpc-default-executor-0] INFO  client.GrpcClientProtocolClient (GrpcClientProtocolClient.java:onNext(255)) - client-0D308AD40832->3258574c-39ac-4ed5-9145-ea59a337c299: receive RaftClientReply:client-0D308AD40832->3258574c-39ac-4ed5-9145-ea59a337c299@group-6C7D867BDA6A, cid=2118, SUCCESS, logIndex=2983, commits[3258574c-39ac-4ed5-9145-ea59a337c299:c2985]
2019-09-02 06:30:16,672 [grpc-default-executor-0] INFO  client.GrpcClientProtocolClient (GrpcClientProtocolClient.java:onNext(255)) - client-0D308AD40832->3258574c-39ac-4ed5-9145-ea59a337c299: receive RaftClientReply:client-0D308AD40832->3258574c-39ac-4ed5-9145-ea59a337c299@group-6C7D867BDA6A, cid=2119, SUCCESS, logIndex=2984, commits[3258574c-39ac-4ed5-9145-ea59a337c299:c2986]
2019-09-02 06:30:16,672 [grpc-default-executor-0] INFO  client.GrpcClientProtocolClient (GrpcClientProtocolClient.java:onNext(255)) - client-0D308AD40832->3258574c-39ac-4ed5-9145-ea59a337c299: receive RaftClientReply:client-0D308AD40832->3258574c-39ac-4ed5-9145-ea59a337c299@group-6C7D867BDA6A, cid=2120, SUCCESS, logIndex=2985, commits[3258574c-39ac-4ed5-9145-ea59a337c299:c2987]
2019-09-02 06:30:16,673 [SCMBlockDeletingService#0] DEBUG block.SCMBlockDeletingService (SCMBlockDeletingService.java:call(138)) - Running DeletedBlockTransactionScanner
2019-09-02 06:30:16,674 [SCMBlockDeletingService#0] DEBUG block.SCMBlockDeletingService (SCMBlockDeletingService.java:call(155)) - Scanned deleted blocks log and got 0 delTX to process.
2019-09-02 06:30:16,702 [grpc-default-executor-0] INFO  client.GrpcClientProtocolClient (GrpcClientProtocolClient.java:onNext(255)) - client-0D308AD40832->3258574c-39ac-4ed5-9145-ea59a337c299: receive RaftClientReply:client-0D308AD40832->3258574c-39ac-4ed5-9145-ea59a337c299@group-6C7D867BDA6A, cid=2121, SUCCESS, logIndex=2988, commits[3258574c-39ac-4ed5-9145-ea59a337c299:c2989]
2019-09-02 06:30:16,703 [grpc-default-executor-0] INFO  client.GrpcClientProtocolClient (GrpcClientProtocolClient.java:onNext(255)) - client-0D308AD40832->3258574c-39ac-4ed5-9145-ea59a337c299: receive RaftClientReply:client-0D308AD40832->3258574c-39ac-4ed5-9145-ea59a337c299@group-6C7D867BDA6A, cid=2122, SUCCESS, logIndex=2989, commits[3258574c-39ac-4ed5-9145-ea59a337c299:c2990]
2019-09-02 06:30:16,774 [SCMBlockDeletingService#0] DEBUG block.SCMBlockDeletingService (SCMBlockDeletingService.java:call(138)) - Running DeletedBlockTransactionScanner
2019-09-02 06:30:16,774 [SCMBlockDeletingService#0] DEBUG block.SCMBlockDeletingService (SCMBlockDeletingService.java:call(155)) - Scanned deleted blocks log and got 0 delTX to process.
2019-09-02 06:30:16,813 [grpc-default-executor-1] INFO  client.GrpcClientProtocolClient (GrpcClientProtocolClient.java:onNext(255)) - client-0D308AD40832->3258574c-39ac-4ed5-9145-ea59a337c299: receive RaftClientReply:client-0D308AD40832->3258574c-39ac-4ed5-9145-ea59a337c299@group-6C7D867BDA6A, cid=2123, SUCCESS, logIndex=2991, commits[3258574c-39ac-4ed5-9145-ea59a337c299:c2992]
2019-09-02 06:30:16,813 [grpc-default-executor-1] INFO  client.GrpcClientProtocolClient (GrpcClientProtocolClient.java:onNext(255)) - client-0D308AD40832->3258574c-39ac-4ed5-9145-ea59a337c299: receive RaftClientReply:client-0D308AD40832->3258574c-39ac-4ed5-9145-ea59a337c299@group-6C7D867BDA6A, cid=2124, SUCCESS, logIndex=2992, commits[3258574c-39ac-4ed5-9145-ea59a337c299:c2993]
2019-09-02 06:30:16,834 [grpc-default-executor-0] INFO  client.GrpcClientProtocolClient (GrpcClientProtocolClient.java:onNext(255)) - client-0D308AD40832->3258574c-39ac-4ed5-9145-ea59a337c299: receive RaftClientReply:client-0D308AD40832->3258574c-39ac-4ed5-9145-ea59a337c299@group-6C7D867BDA6A, cid=2125, SUCCESS, logIndex=2994, commits[3258574c-39ac-4ed5-9145-ea59a337c299:c2997]
2019-09-02 06:30:16,834 [grpc-default-executor-0] INFO  client.GrpcClientProtocolClient (GrpcClientProtocolClient.java:onNext(255)) - client-0D308AD40832->3258574c-39ac-4ed5-9145-ea59a337c299: receive RaftClientReply:client-0D308AD40832->3258574c-39ac-4ed5-9145-ea59a337c299@group-6C7D867BDA6A, cid=2126, SUCCESS, logIndex=2995, commits[3258574c-39ac-4ed5-9145-ea59a337c299:c2998]
2019-09-02 06:30:16,835 [grpc-default-executor-0] INFO  client.GrpcClientProtocolClient (GrpcClientProtocolClient.java:onNext(255)) - client-0D308AD40832->3258574c-39ac-4ed5-9145-ea59a337c299: receive RaftClientReply:client-0D308AD40832->3258574c-39ac-4ed5-9145-ea59a337c299@group-6C7D867BDA6A, cid=2127, SUCCESS, logIndex=2996, commits[3258574c-39ac-4ed5-9145-ea59a337c299:c2998]
2019-09-02 06:30:16,835 [grpc-default-executor-0] INFO  client.GrpcClientProtocolClient (GrpcClientProtocolClient.java:onNext(255)) - client-0D308AD40832->3258574c-39ac-4ed5-9145-ea59a337c299: receive RaftClientReply:client-0D308AD40832->3258574c-39ac-4ed5-9145-ea59a337c299@group-6C7D867BDA6A, cid=2128, SUCCESS, logIndex=2997, commits[3258574c-39ac-4ed5-9145-ea59a337c299:c2998]
2019-09-02 06:30:16,865 [grpc-default-executor-1] INFO  client.GrpcClientProtocolClient (GrpcClientProtocolClient.java:onNext(255)) - client-0D308AD40832->3258574c-39ac-4ed5-9145-ea59a337c299: receive RaftClientReply:client-0D308AD40832->3258574c-39ac-4ed5-9145-ea59a337c299@group-6C7D867BDA6A, cid=2129, SUCCESS, logIndex=2999, commits[3258574c-39ac-4ed5-9145-ea59a337c299:c3002]
2019-09-02 06:30:16,865 [grpc-default-executor-1] INFO  client.GrpcClientProtocolClient (GrpcClientProtocolClient.java:onNext(255)) - client-0D308AD40832->3258574c-39ac-4ed5-9145-ea59a337c299: receive RaftClientReply:client-0D308AD40832->3258574c-39ac-4ed5-9145-ea59a337c299@group-6C7D867BDA6A, cid=2130, SUCCESS, logIndex=3000, commits[3258574c-39ac-4ed5-9145-ea59a337c299:c3003]
2019-09-02 06:30:16,866 [grpc-default-executor-1] INFO  client.GrpcClientProtocolClient (GrpcClientProtocolClient.java:onNext(255)) - client-0D308AD40832->3258574c-39ac-4ed5-9145-ea59a337c299: receive RaftClientReply:client-0D308AD40832->3258574c-39ac-4ed5-9145-ea59a337c299@group-6C7D867BDA6A, cid=2131, SUCCESS, logIndex=3001, commits[3258574c-39ac-4ed5-9145-ea59a337c299:c3003]
2019-09-02 06:30:16,866 [grpc-default-executor-1] INFO  client.GrpcClientProtocolClient (GrpcClientProtocolClient.java:onNext(255)) - client-0D308AD40832->3258574c-39ac-4ed5-9145-ea59a337c299: receive RaftClientReply:client-0D308AD40832->3258574c-39ac-4ed5-9145-ea59a337c299@group-6C7D867BDA6A, cid=2132, SUCCESS, logIndex=3002, commits[3258574c-39ac-4ed5-9145-ea59a337c299:c3003]
2019-09-02 06:30:16,875 [SCMBlockDeletingService#0] DEBUG block.SCMBlockDeletingService (SCMBlockDeletingService.java:call(138)) - Running DeletedBlockTransactionScanner
2019-09-02 06:30:16,875 [SCMBlockDeletingService#0] DEBUG block.SCMBlockDeletingService (SCMBlockDeletingService.java:call(155)) - Scanned deleted blocks log and got 0 delTX to process.
2019-09-02 06:30:16,887 [grpc-default-executor-1] INFO  client.GrpcClientProtocolClient (GrpcClientProtocolClient.java:onNext(255)) - client-0D308AD40832->3258574c-39ac-4ed5-9145-ea59a337c299: receive RaftClientReply:client-0D308AD40832->3258574c-39ac-4ed5-9145-ea59a337c299@group-6C7D867BDA6A, cid=2133, SUCCESS, logIndex=3004, commits[3258574c-39ac-4ed5-9145-ea59a337c299:c3007]
2019-09-02 06:30:16,887 [grpc-default-executor-1] INFO  client.GrpcClientProtocolClient (GrpcClientProtocolClient.java:onNext(255)) - client-0D308AD40832->3258574c-39ac-4ed5-9145-ea59a337c299: receive RaftClientReply:client-0D308AD40832->3258574c-39ac-4ed5-9145-ea59a337c299@group-6C7D867BDA6A, cid=2134, SUCCESS, logIndex=3005, commits[3258574c-39ac-4ed5-9145-ea59a337c299:c3008]
2019-09-02 06:30:16,888 [grpc-default-executor-1] INFO  client.GrpcClientProtocolClient (GrpcClientProtocolClient.java:onNext(255)) - client-0D308AD40832->3258574c-39ac-4ed5-9145-ea59a337c299: receive RaftClientReply:client-0D308AD40832->3258574c-39ac-4ed5-9145-ea59a337c299@group-6C7D867BDA6A, cid=2135, SUCCESS, logIndex=3006, commits[3258574c-39ac-4ed5-9145-ea59a337c299:c3008]
2019-09-02 06:30:16,888 [grpc-default-executor-1] INFO  client.GrpcClientProtocolClient (GrpcClientProtocolClient.java:onNext(255)) - client-0D308AD40832->3258574c-39ac-4ed5-9145-ea59a337c299: receive RaftClientReply:client-0D308AD40832->3258574c-39ac-4ed5-9145-ea59a337c299@group-6C7D867BDA6A, cid=2136, SUCCESS, logIndex=3007, commits[3258574c-39ac-4ed5-9145-ea59a337c299:c3008]
2019-09-02 06:30:16,920 [grpc-default-executor-0] INFO  client.GrpcClientProtocolClient (GrpcClientProtocolClient.java:onNext(255)) - client-0D308AD40832->3258574c-39ac-4ed5-9145-ea59a337c299: receive RaftClientReply:client-0D308AD40832->3258574c-39ac-4ed5-9145-ea59a337c299@group-6C7D867BDA6A, cid=2137, SUCCESS, logIndex=3009, commits[3258574c-39ac-4ed5-9145-ea59a337c299:c3010]
2019-09-02 06:30:16,921 [grpc-default-executor-0] INFO  client.GrpcClientProtocolClient (GrpcClientProtocolClient.java:onNext(255)) - client-0D308AD40832->3258574c-39ac-4ed5-9145-ea59a337c299: receive RaftClientReply:client-0D308AD40832->3258574c-39ac-4ed5-9145-ea59a337c299@group-6C7D867BDA6A, cid=2138, SUCCESS, logIndex=3010, commits[3258574c-39ac-4ed5-9145-ea59a337c299:c3012]
2019-09-02 06:30:16,921 [grpc-default-executor-0] INFO  client.GrpcClientProtocolClient (GrpcClientProtocolClient.java:onNext(255)) - client-0D308AD40832->3258574c-39ac-4ed5-9145-ea59a337c299: receive RaftClientReply:client-0D308AD40832->3258574c-39ac-4ed5-9145-ea59a337c299@group-6C7D867BDA6A, cid=2139, SUCCESS, logIndex=3011, commits[3258574c-39ac-4ed5-9145-ea59a337c299:c3013]
2019-09-02 06:30:16,921 [grpc-default-executor-0] INFO  client.GrpcClientProtocolClient (GrpcClientProtocolClient.java:onNext(255)) - client-0D308AD40832->3258574c-39ac-4ed5-9145-ea59a337c299: receive RaftClientReply:client-0D308AD40832->3258574c-39ac-4ed5-9145-ea59a337c299@group-6C7D867BDA6A, cid=2140, SUCCESS, logIndex=3012, commits[3258574c-39ac-4ed5-9145-ea59a337c299:c3014]
2019-09-02 06:30:16,948 [grpc-default-executor-1] INFO  client.GrpcClientProtocolClient (GrpcClientProtocolClient.java:onNext(255)) - client-0D308AD40832->3258574c-39ac-4ed5-9145-ea59a337c299: receive RaftClientReply:client-0D308AD40832->3258574c-39ac-4ed5-9145-ea59a337c299@group-6C7D867BDA6A, cid=2141, SUCCESS, logIndex=3015, commits[3258574c-39ac-4ed5-9145-ea59a337c299:c3016]
2019-09-02 06:30:16,948 [grpc-default-executor-1] INFO  client.GrpcClientProtocolClient (GrpcClientProtocolClient.java:onNext(255)) - client-0D308AD40832->3258574c-39ac-4ed5-9145-ea59a337c299: receive RaftClientReply:client-0D308AD40832->3258574c-39ac-4ed5-9145-ea59a337c299@group-6C7D867BDA6A, cid=2142, SUCCESS, logIndex=3016, commits[3258574c-39ac-4ed5-9145-ea59a337c299:c3016]
2019-09-02 06:30:16,949 [grpc-default-executor-1] INFO  client.GrpcClientProtocolClient (GrpcClientProtocolClient.java:onNext(255)) - client-0D308AD40832->3258574c-39ac-4ed5-9145-ea59a337c299: receive RaftClientReply:client-0D308AD40832->3258574c-39ac-4ed5-9145-ea59a337c299@group-6C7D867BDA6A, cid=2143, SUCCESS, logIndex=3017, commits[3258574c-39ac-4ed5-9145-ea59a337c299:c3018]
2019-09-02 06:30:16,950 [grpc-default-executor-1] INFO  client.GrpcClientProtocolClient (GrpcClientProtocolClient.java:onNext(255)) - client-0D308AD40832->3258574c-39ac-4ed5-9145-ea59a337c299: receive RaftClientReply:client-0D308AD40832->3258574c-39ac-4ed5-9145-ea59a337c299@group-6C7D867BDA6A, cid=2144, SUCCESS, logIndex=3018, commits[3258574c-39ac-4ed5-9145-ea59a337c299:c3018]
2019-09-02 06:30:16,975 [SCMBlockDeletingService#0] DEBUG block.SCMBlockDeletingService (SCMBlockDeletingService.java:call(138)) - Running DeletedBlockTransactionScanner
2019-09-02 06:30:16,976 [SCMBlockDeletingService#0] DEBUG block.SCMBlockDeletingService (SCMBlockDeletingService.java:call(155)) - Scanned deleted blocks log and got 0 delTX to process.
2019-09-02 06:30:16,978 [grpc-default-executor-1] INFO  client.GrpcClientProtocolClient (GrpcClientProtocolClient.java:onNext(255)) - client-0D308AD40832->3258574c-39ac-4ed5-9145-ea59a337c299: receive RaftClientReply:client-0D308AD40832->3258574c-39ac-4ed5-9145-ea59a337c299@group-6C7D867BDA6A, cid=2145, SUCCESS, logIndex=3021, commits[3258574c-39ac-4ed5-9145-ea59a337c299:c3022]
2019-09-02 06:30:16,979 [grpc-default-executor-1] INFO  client.GrpcClientProtocolClient (GrpcClientProtocolClient.java:onNext(255)) - client-0D308AD40832->3258574c-39ac-4ed5-9145-ea59a337c299: receive RaftClientReply:client-0D308AD40832->3258574c-39ac-4ed5-9145-ea59a337c299@group-6C7D867BDA6A, cid=2146, SUCCESS, logIndex=3022, commits[3258574c-39ac-4ed5-9145-ea59a337c299:c3022]
2019-09-02 06:30:16,980 [grpc-default-executor-1] INFO  client.GrpcClientProtocolClient (GrpcClientProtocolClient.java:onNext(255)) - client-0D308AD40832->3258574c-39ac-4ed5-9145-ea59a337c299: receive RaftClientReply:client-0D308AD40832->3258574c-39ac-4ed5-9145-ea59a337c299@group-6C7D867BDA6A, cid=2147, SUCCESS, logIndex=3023, commits[3258574c-39ac-4ed5-9145-ea59a337c299:c3024]
2019-09-02 06:30:16,981 [grpc-default-executor-1] INFO  client.GrpcClientProtocolClient (GrpcClientProtocolClient.java:onNext(255)) - client-0D308AD40832->3258574c-39ac-4ed5-9145-ea59a337c299: receive RaftClientReply:client-0D308AD40832->3258574c-39ac-4ed5-9145-ea59a337c299@group-6C7D867BDA6A, cid=2148, SUCCESS, logIndex=3024, commits[3258574c-39ac-4ed5-9145-ea59a337c299:c3024]
2019-09-02 06:30:17,004 [grpc-default-executor-1] INFO  client.GrpcClientProtocolClient (GrpcClientProtocolClient.java:onNext(255)) - client-0D308AD40832->3258574c-39ac-4ed5-9145-ea59a337c299: receive RaftClientReply:client-0D308AD40832->3258574c-39ac-4ed5-9145-ea59a337c299@group-6C7D867BDA6A, cid=2149, SUCCESS, logIndex=3027, commits[3258574c-39ac-4ed5-9145-ea59a337c299:c3028]
2019-09-02 06:30:17,005 [grpc-default-executor-1] INFO  client.GrpcClientProtocolClient (GrpcClientProtocolClient.java:onNext(255)) - client-0D308AD40832->3258574c-39ac-4ed5-9145-ea59a337c299: receive RaftClientReply:client-0D308AD40832->3258574c-39ac-4ed5-9145-ea59a337c299@group-6C7D867BDA6A, cid=2150, SUCCESS, logIndex=3028, commits[3258574c-39ac-4ed5-9145-ea59a337c299:c3030]
2019-09-02 06:30:17,005 [grpc-default-executor-1] INFO  client.GrpcClientProtocolClient (GrpcClientProtocolClient.java:onNext(255)) - client-0D308AD40832->3258574c-39ac-4ed5-9145-ea59a337c299: receive RaftClientReply:client-0D308AD40832->3258574c-39ac-4ed5-9145-ea59a337c299@group-6C7D867BDA6A, cid=2151, SUCCESS, logIndex=3029, commits[3258574c-39ac-4ed5-9145-ea59a337c299:c3031]
2019-09-02 06:30:17,006 [grpc-default-executor-1] INFO  client.GrpcClientProtocolClient (GrpcClientProtocolClient.java:onNext(255)) - client-0D308AD40832->3258574c-39ac-4ed5-9145-ea59a337c299: receive RaftClientReply:client-0D308AD40832->3258574c-39ac-4ed5-9145-ea59a337c299@group-6C7D867BDA6A, cid=2152, SUCCESS, logIndex=3030, commits[3258574c-39ac-4ed5-9145-ea59a337c299:c3032]
2019-09-02 06:30:17,034 [grpc-default-executor-0] INFO  client.GrpcClientProtocolClient (GrpcClientProtocolClient.java:onNext(255)) - client-0D308AD40832->3258574c-39ac-4ed5-9145-ea59a337c299: receive RaftClientReply:client-0D308AD40832->3258574c-39ac-4ed5-9145-ea59a337c299@group-6C7D867BDA6A, cid=2153, SUCCESS, logIndex=3033, commits[3258574c-39ac-4ed5-9145-ea59a337c299:c3036]
2019-09-02 06:30:17,035 [grpc-default-executor-0] INFO  client.GrpcClientProtocolClient (GrpcClientProtocolClient.java:onNext(255)) - client-0D308AD40832->3258574c-39ac-4ed5-9145-ea59a337c299: receive RaftClientReply:client-0D308AD40832->3258574c-39ac-4ed5-9145-ea59a337c299@group-6C7D867BDA6A, cid=2154, SUCCESS, logIndex=3034, commits[3258574c-39ac-4ed5-9145-ea59a337c299:c3036]
2019-09-02 06:30:17,035 [grpc-default-executor-0] INFO  client.GrpcClientProtocolClient (GrpcClientProtocolClient.java:onNext(255)) - client-0D308AD40832->3258574c-39ac-4ed5-9145-ea59a337c299: receive RaftClientReply:client-0D308AD40832->3258574c-39ac-4ed5-9145-ea59a337c299@group-6C7D867BDA6A, cid=2155, SUCCESS, logIndex=3035, commits[3258574c-39ac-4ed5-9145-ea59a337c299:c3037]
2019-09-02 06:30:17,036 [grpc-default-executor-0] INFO  client.GrpcClientProtocolClient (GrpcClientProtocolClient.java:onNext(255)) - client-0D308AD40832->3258574c-39ac-4ed5-9145-ea59a337c299: receive RaftClientReply:client-0D308AD40832->3258574c-39ac-4ed5-9145-ea59a337c299@group-6C7D867BDA6A, cid=2156, SUCCESS, logIndex=3036, commits[3258574c-39ac-4ed5-9145-ea59a337c299:c3038]
2019-09-02 06:30:17,135 [SCMBlockDeletingService#0] DEBUG block.SCMBlockDeletingService (SCMBlockDeletingService.java:call(138)) - Running DeletedBlockTransactionScanner
2019-09-02 06:30:17,136 [SCMBlockDeletingService#0] DEBUG block.SCMBlockDeletingService (SCMBlockDeletingService.java:call(155)) - Scanned deleted blocks log and got 0 delTX to process.
2019-09-02 06:30:17,154 [grpc-default-executor-1] INFO  client.GrpcClientProtocolClient (GrpcClientProtocolClient.java:onNext(255)) - client-0D308AD40832->3258574c-39ac-4ed5-9145-ea59a337c299: receive RaftClientReply:client-0D308AD40832->3258574c-39ac-4ed5-9145-ea59a337c299@group-6C7D867BDA6A, cid=2157, SUCCESS, logIndex=3039, commits[3258574c-39ac-4ed5-9145-ea59a337c299:c3040]
2019-09-02 06:30:17,155 [grpc-default-executor-1] INFO  client.GrpcClientProtocolClient (GrpcClientProtocolClient.java:onNext(255)) - client-0D308AD40832->3258574c-39ac-4ed5-9145-ea59a337c299: receive RaftClientReply:client-0D308AD40832->3258574c-39ac-4ed5-9145-ea59a337c299@group-6C7D867BDA6A, cid=2158, SUCCESS, logIndex=3040, commits[3258574c-39ac-4ed5-9145-ea59a337c299:c3043]
2019-09-02 06:30:17,156 [grpc-default-executor-1] INFO  client.GrpcClientProtocolClient (GrpcClientProtocolClient.java:onNext(255)) - client-0D308AD40832->3258574c-39ac-4ed5-9145-ea59a337c299: receive RaftClientReply:client-0D308AD40832->3258574c-39ac-4ed5-9145-ea59a337c299@group-6C7D867BDA6A, cid=2159, SUCCESS, logIndex=3041, commits[3258574c-39ac-4ed5-9145-ea59a337c299:c3043]
2019-09-02 06:30:17,157 [grpc-default-executor-1] INFO  client.GrpcClientProtocolClient (GrpcClientProtocolClient.java:onNext(255)) - client-0D308AD40832->3258574c-39ac-4ed5-9145-ea59a337c299: receive RaftClientReply:client-0D308AD40832->3258574c-39ac-4ed5-9145-ea59a337c299@group-6C7D867BDA6A, cid=2160, SUCCESS, logIndex=3042, commits[3258574c-39ac-4ed5-9145-ea59a337c299:c3043]
2019-09-02 06:30:17,177 [grpc-default-executor-1] INFO  client.GrpcClientProtocolClient (GrpcClientProtocolClient.java:onNext(255)) - client-0D308AD40832->3258574c-39ac-4ed5-9145-ea59a337c299: receive RaftClientReply:client-0D308AD40832->3258574c-39ac-4ed5-9145-ea59a337c299@group-6C7D867BDA6A, cid=2161, SUCCESS, logIndex=3044, commits[3258574c-39ac-4ed5-9145-ea59a337c299:c3047]
2019-09-02 06:30:17,178 [grpc-default-executor-1] INFO  client.GrpcClientProtocolClient (GrpcClientProtocolClient.java:onNext(255)) - client-0D308AD40832->3258574c-39ac-4ed5-9145-ea59a337c299: receive RaftClientReply:client-0D308AD40832->3258574c-39ac-4ed5-9145-ea59a337c299@group-6C7D867BDA6A, cid=2162, SUCCESS, logIndex=3045, commits[3258574c-39ac-4ed5-9145-ea59a337c299:c3048]
2019-09-02 06:30:17,178 [grpc-default-executor-1] INFO  client.GrpcClientProtocolClient (GrpcClientProtocolClient.java:onNext(255)) - client-0D308AD40832->3258574c-39ac-4ed5-9145-ea59a337c299: receive RaftClientReply:client-0D308AD40832->3258574c-39ac-4ed5-9145-ea59a337c299@group-6C7D867BDA6A, cid=2163, SUCCESS, logIndex=3046, commits[3258574c-39ac-4ed5-9145-ea59a337c299:c3048]
2019-09-02 06:30:17,179 [grpc-default-executor-1] INFO  client.GrpcClientProtocolClient (GrpcClientProtocolClient.java:onNext(255)) - client-0D308AD40832->3258574c-39ac-4ed5-9145-ea59a337c299: receive RaftClientReply:client-0D308AD40832->3258574c-39ac-4ed5-9145-ea59a337c299@group-6C7D867BDA6A, cid=2164, SUCCESS, logIndex=3047, commits[3258574c-39ac-4ed5-9145-ea59a337c299:c3048]
2019-09-02 06:30:17,196 [grpc-default-executor-0] INFO  client.GrpcClientProtocolClient (GrpcClientProtocolClient.java:onNext(255)) - client-0D308AD40832->3258574c-39ac-4ed5-9145-ea59a337c299: receive RaftClientReply:client-0D308AD40832->3258574c-39ac-4ed5-9145-ea59a337c299@group-6C7D867BDA6A, cid=2165, SUCCESS, logIndex=3049, commits[3258574c-39ac-4ed5-9145-ea59a337c299:c3050]
2019-09-02 06:30:17,197 [grpc-default-executor-0] INFO  client.GrpcClientProtocolClient (GrpcClientProtocolClient.java:onNext(255)) - client-0D308AD40832->3258574c-39ac-4ed5-9145-ea59a337c299: receive RaftClientReply:client-0D308AD40832->3258574c-39ac-4ed5-9145-ea59a337c299@group-6C7D867BDA6A, cid=2166, SUCCESS, logIndex=3050, commits[3258574c-39ac-4ed5-9145-ea59a337c299:c3051]
2019-09-02 06:30:17,236 [SCMBlockDeletingService#0] DEBUG block.SCMBlockDeletingService (SCMBlockDeletingService.java:call(138)) - Running DeletedBlockTransactionScanner
2019-09-02 06:30:17,236 [SCMBlockDeletingService#0] DEBUG block.SCMBlockDeletingService (SCMBlockDeletingService.java:call(155)) - Scanned deleted blocks log and got 0 delTX to process.
2019-09-02 06:30:17,315 [grpc-default-executor-1] INFO  client.GrpcClientProtocolClient (GrpcClientProtocolClient.java:onNext(255)) - client-0D308AD40832->3258574c-39ac-4ed5-9145-ea59a337c299: receive RaftClientReply:client-0D308AD40832->3258574c-39ac-4ed5-9145-ea59a337c299@group-6C7D867BDA6A, cid=2167, SUCCESS, logIndex=3052, commits[3258574c-39ac-4ed5-9145-ea59a337c299:c3053]
2019-09-02 06:30:17,316 [grpc-default-executor-1] INFO  client.GrpcClientProtocolClient (GrpcClientProtocolClient.java:onNext(255)) - client-0D308AD40832->3258574c-39ac-4ed5-9145-ea59a337c299: receive RaftClientReply:client-0D308AD40832->3258574c-39ac-4ed5-9145-ea59a337c299@group-6C7D867BDA6A, cid=2168, SUCCESS, logIndex=3053, commits[3258574c-39ac-4ed5-9145-ea59a337c299:c3053]
2019-09-02 06:30:17,337 [SCMBlockDeletingService#0] DEBUG block.SCMBlockDeletingService (SCMBlockDeletingService.java:call(138)) - Running DeletedBlockTransactionScanner
2019-09-02 06:30:17,337 [SCMBlockDeletingService#0] DEBUG block.SCMBlockDeletingService (SCMBlockDeletingService.java:call(155)) - Scanned deleted blocks log and got 0 delTX to process.
2019-09-02 06:30:17,341 [grpc-default-executor-0] INFO  client.GrpcClientProtocolClient (GrpcClientProtocolClient.java:onNext(255)) - client-0D308AD40832->3258574c-39ac-4ed5-9145-ea59a337c299: receive RaftClientReply:client-0D308AD40832->3258574c-39ac-4ed5-9145-ea59a337c299@group-6C7D867BDA6A, cid=2169, SUCCESS, logIndex=3055, commits[3258574c-39ac-4ed5-9145-ea59a337c299:c3056]
2019-09-02 06:30:17,341 [grpc-default-executor-0] INFO  client.GrpcClientProtocolClient (GrpcClientProtocolClient.java:onNext(255)) - client-0D308AD40832->3258574c-39ac-4ed5-9145-ea59a337c299: receive RaftClientReply:client-0D308AD40832->3258574c-39ac-4ed5-9145-ea59a337c299@group-6C7D867BDA6A, cid=2170, SUCCESS, logIndex=3056, commits[3258574c-39ac-4ed5-9145-ea59a337c299:c3058]
2019-09-02 06:30:17,342 [grpc-default-executor-0] INFO  client.GrpcClientProtocolClient (GrpcClientProtocolClient.java:onNext(255)) - client-0D308AD40832->3258574c-39ac-4ed5-9145-ea59a337c299: receive RaftClientReply:client-0D308AD40832->3258574c-39ac-4ed5-9145-ea59a337c299@group-6C7D867BDA6A, cid=2171, SUCCESS, logIndex=3057, commits[3258574c-39ac-4ed5-9145-ea59a337c299:c3058]
2019-09-02 06:30:17,342 [grpc-default-executor-0] INFO  client.GrpcClientProtocolClient (GrpcClientProtocolClient.java:onNext(255)) - client-0D308AD40832->3258574c-39ac-4ed5-9145-ea59a337c299: receive RaftClientReply:client-0D308AD40832->3258574c-39ac-4ed5-9145-ea59a337c299@group-6C7D867BDA6A, cid=2172, SUCCESS, logIndex=3058, commits[3258574c-39ac-4ed5-9145-ea59a337c299:c3059]
2019-09-02 06:30:17,359 [grpc-default-executor-0] INFO  client.GrpcClientProtocolClient (GrpcClientProtocolClient.java:onNext(255)) - client-0D308AD40832->3258574c-39ac-4ed5-9145-ea59a337c299: receive RaftClientReply:client-0D308AD40832->3258574c-39ac-4ed5-9145-ea59a337c299@group-6C7D867BDA6A, cid=2173, SUCCESS, logIndex=3061, commits[3258574c-39ac-4ed5-9145-ea59a337c299:c3062]
2019-09-02 06:30:17,359 [grpc-default-executor-0] INFO  client.GrpcClientProtocolClient (GrpcClientProtocolClient.java:onNext(255)) - client-0D308AD40832->3258574c-39ac-4ed5-9145-ea59a337c299: receive RaftClientReply:client-0D308AD40832->3258574c-39ac-4ed5-9145-ea59a337c299@group-6C7D867BDA6A, cid=2174, SUCCESS, logIndex=3062, commits[3258574c-39ac-4ed5-9145-ea59a337c299:c3064]
2019-09-02 06:30:17,360 [grpc-default-executor-0] INFO  client.GrpcClientProtocolClient (GrpcClientProtocolClient.java:onNext(255)) - client-0D308AD40832->3258574c-39ac-4ed5-9145-ea59a337c299: receive RaftClientReply:client-0D308AD40832->3258574c-39ac-4ed5-9145-ea59a337c299@group-6C7D867BDA6A, cid=2175, SUCCESS, logIndex=3063, commits[3258574c-39ac-4ed5-9145-ea59a337c299:c3064]
2019-09-02 06:30:17,360 [grpc-default-executor-0] INFO  client.GrpcClientProtocolClient (GrpcClientProtocolClient.java:onNext(255)) - client-0D308AD40832->3258574c-39ac-4ed5-9145-ea59a337c299: receive RaftClientReply:client-0D308AD40832->3258574c-39ac-4ed5-9145-ea59a337c299@group-6C7D867BDA6A, cid=2176, SUCCESS, logIndex=3064, commits[3258574c-39ac-4ed5-9145-ea59a337c299:c3065]
2019-09-02 06:30:17,386 [grpc-default-executor-0] INFO  client.GrpcClientProtocolClient (GrpcClientProtocolClient.java:onNext(255)) - client-0D308AD40832->3258574c-39ac-4ed5-9145-ea59a337c299: receive RaftClientReply:client-0D308AD40832->3258574c-39ac-4ed5-9145-ea59a337c299@group-6C7D867BDA6A, cid=2177, SUCCESS, logIndex=3067, commits[3258574c-39ac-4ed5-9145-ea59a337c299:c3071]
2019-09-02 06:30:17,387 [grpc-default-executor-0] INFO  client.GrpcClientProtocolClient (GrpcClientProtocolClient.java:onNext(255)) - client-0D308AD40832->3258574c-39ac-4ed5-9145-ea59a337c299: receive RaftClientReply:client-0D308AD40832->3258574c-39ac-4ed5-9145-ea59a337c299@group-6C7D867BDA6A, cid=2178, SUCCESS, logIndex=3068, commits[3258574c-39ac-4ed5-9145-ea59a337c299:c3071]
2019-09-02 06:30:17,387 [grpc-default-executor-0] INFO  client.GrpcClientProtocolClient (GrpcClientProtocolClient.java:onNext(255)) - client-0D308AD40832->3258574c-39ac-4ed5-9145-ea59a337c299: receive RaftClientReply:client-0D308AD40832->3258574c-39ac-4ed5-9145-ea59a337c299@group-6C7D867BDA6A, cid=2179, SUCCESS, logIndex=3069, commits[3258574c-39ac-4ed5-9145-ea59a337c299:c3071]
2019-09-02 06:30:17,388 [grpc-default-executor-0] INFO  client.GrpcClientProtocolClient (GrpcClientProtocolClient.java:onNext(255)) - client-0D308AD40832->3258574c-39ac-4ed5-9145-ea59a337c299: receive RaftClientReply:client-0D308AD40832->3258574c-39ac-4ed5-9145-ea59a337c299@group-6C7D867BDA6A, cid=2180, SUCCESS, logIndex=3070, commits[3258574c-39ac-4ed5-9145-ea59a337c299:c3071]
2019-09-02 06:30:17,406 [grpc-default-executor-0] INFO  client.GrpcClientProtocolClient (GrpcClientProtocolClient.java:onNext(255)) - client-0D308AD40832->3258574c-39ac-4ed5-9145-ea59a337c299: receive RaftClientReply:client-0D308AD40832->3258574c-39ac-4ed5-9145-ea59a337c299@group-6C7D867BDA6A, cid=2181, SUCCESS, logIndex=3072, commits[3258574c-39ac-4ed5-9145-ea59a337c299:c3075]
2019-09-02 06:30:17,407 [grpc-default-executor-0] INFO  client.GrpcClientProtocolClient (GrpcClientProtocolClient.java:onNext(255)) - client-0D308AD40832->3258574c-39ac-4ed5-9145-ea59a337c299: receive RaftClientReply:client-0D308AD40832->3258574c-39ac-4ed5-9145-ea59a337c299@group-6C7D867BDA6A, cid=2182, SUCCESS, logIndex=3073, commits[3258574c-39ac-4ed5-9145-ea59a337c299:c3075]
2019-09-02 06:30:17,407 [grpc-default-executor-0] INFO  client.GrpcClientProtocolClient (GrpcClientProtocolClient.java:onNext(255)) - client-0D308AD40832->3258574c-39ac-4ed5-9145-ea59a337c299: receive RaftClientReply:client-0D308AD40832->3258574c-39ac-4ed5-9145-ea59a337c299@group-6C7D867BDA6A, cid=2183, SUCCESS, logIndex=3074, commits[3258574c-39ac-4ed5-9145-ea59a337c299:c3076]
2019-09-02 06:30:17,407 [grpc-default-executor-0] INFO  client.GrpcClientProtocolClient (GrpcClientProtocolClient.java:onNext(255)) - client-0D308AD40832->3258574c-39ac-4ed5-9145-ea59a337c299: receive RaftClientReply:client-0D308AD40832->3258574c-39ac-4ed5-9145-ea59a337c299@group-6C7D867BDA6A, cid=2184, SUCCESS, logIndex=3075, commits[3258574c-39ac-4ed5-9145-ea59a337c299:c3076]
2019-09-02 06:30:17,432 [grpc-default-executor-1] INFO  client.GrpcClientProtocolClient (GrpcClientProtocolClient.java:onNext(255)) - client-0D308AD40832->3258574c-39ac-4ed5-9145-ea59a337c299: receive RaftClientReply:client-0D308AD40832->3258574c-39ac-4ed5-9145-ea59a337c299@group-6C7D867BDA6A, cid=2185, SUCCESS, logIndex=3078, commits[3258574c-39ac-4ed5-9145-ea59a337c299:c3081]
2019-09-02 06:30:17,432 [grpc-default-executor-1] INFO  client.GrpcClientProtocolClient (GrpcClientProtocolClient.java:onNext(255)) - client-0D308AD40832->3258574c-39ac-4ed5-9145-ea59a337c299: receive RaftClientReply:client-0D308AD40832->3258574c-39ac-4ed5-9145-ea59a337c299@group-6C7D867BDA6A, cid=2186, SUCCESS, logIndex=3079, commits[3258574c-39ac-4ed5-9145-ea59a337c299:c3081]
2019-09-02 06:30:17,433 [grpc-default-executor-1] INFO  client.GrpcClientProtocolClient (GrpcClientProtocolClient.java:onNext(255)) - client-0D308AD40832->3258574c-39ac-4ed5-9145-ea59a337c299: receive RaftClientReply:client-0D308AD40832->3258574c-39ac-4ed5-9145-ea59a337c299@group-6C7D867BDA6A, cid=2187, SUCCESS, logIndex=3080, commits[3258574c-39ac-4ed5-9145-ea59a337c299:c3082]
2019-09-02 06:30:17,433 [grpc-default-executor-1] INFO  client.GrpcClientProtocolClient (GrpcClientProtocolClient.java:onNext(255)) - client-0D308AD40832->3258574c-39ac-4ed5-9145-ea59a337c299: receive RaftClientReply:client-0D308AD40832->3258574c-39ac-4ed5-9145-ea59a337c299@group-6C7D867BDA6A, cid=2188, SUCCESS, logIndex=3081, commits[3258574c-39ac-4ed5-9145-ea59a337c299:c3083]
2019-09-02 06:30:17,437 [SCMBlockDeletingService#0] DEBUG block.SCMBlockDeletingService (SCMBlockDeletingService.java:call(138)) - Running DeletedBlockTransactionScanner
2019-09-02 06:30:17,438 [SCMBlockDeletingService#0] DEBUG block.SCMBlockDeletingService (SCMBlockDeletingService.java:call(155)) - Scanned deleted blocks log and got 0 delTX to process.
2019-09-02 06:30:17,460 [grpc-default-executor-0] INFO  client.GrpcClientProtocolClient (GrpcClientProtocolClient.java:onNext(255)) - client-0D308AD40832->3258574c-39ac-4ed5-9145-ea59a337c299: receive RaftClientReply:client-0D308AD40832->3258574c-39ac-4ed5-9145-ea59a337c299@group-6C7D867BDA6A, cid=2189, SUCCESS, logIndex=3084, commits[3258574c-39ac-4ed5-9145-ea59a337c299:c3087]
2019-09-02 06:30:17,460 [grpc-default-executor-0] INFO  client.GrpcClientProtocolClient (GrpcClientProtocolClient.java:onNext(255)) - client-0D308AD40832->3258574c-39ac-4ed5-9145-ea59a337c299: receive RaftClientReply:client-0D308AD40832->3258574c-39ac-4ed5-9145-ea59a337c299@group-6C7D867BDA6A, cid=2190, SUCCESS, logIndex=3085, commits[3258574c-39ac-4ed5-9145-ea59a337c299:c3088]
2019-09-02 06:30:17,461 [grpc-default-executor-0] INFO  client.GrpcClientProtocolClient (GrpcClientProtocolClient.java:onNext(255)) - client-0D308AD40832->3258574c-39ac-4ed5-9145-ea59a337c299: receive RaftClientReply:client-0D308AD40832->3258574c-39ac-4ed5-9145-ea59a337c299@group-6C7D867BDA6A, cid=2191, SUCCESS, logIndex=3086, commits[3258574c-39ac-4ed5-9145-ea59a337c299:c3089]
2019-09-02 06:30:17,461 [grpc-default-executor-0] INFO  client.GrpcClientProtocolClient (GrpcClientProtocolClient.java:onNext(255)) - client-0D308AD40832->3258574c-39ac-4ed5-9145-ea59a337c299: receive RaftClientReply:client-0D308AD40832->3258574c-39ac-4ed5-9145-ea59a337c299@group-6C7D867BDA6A, cid=2192, SUCCESS, logIndex=3087, commits[3258574c-39ac-4ed5-9145-ea59a337c299:c3089]
2019-09-02 06:30:17,485 [grpc-default-executor-0] INFO  client.GrpcClientProtocolClient (GrpcClientProtocolClient.java:onNext(255)) - client-0D308AD40832->3258574c-39ac-4ed5-9145-ea59a337c299: receive RaftClientReply:client-0D308AD40832->3258574c-39ac-4ed5-9145-ea59a337c299@group-6C7D867BDA6A, cid=2193, SUCCESS, logIndex=3090, commits[3258574c-39ac-4ed5-9145-ea59a337c299:c3091]
2019-09-02 06:30:17,486 [grpc-default-executor-0] INFO  client.GrpcClientProtocolClient (GrpcClientProtocolClient.java:onNext(255)) - client-0D308AD40832->3258574c-39ac-4ed5-9145-ea59a337c299: receive RaftClientReply:client-0D308AD40832->3258574c-39ac-4ed5-9145-ea59a337c299@group-6C7D867BDA6A, cid=2194, SUCCESS, logIndex=3091, commits[3258574c-39ac-4ed5-9145-ea59a337c299:c3091]
2019-09-02 06:30:17,486 [grpc-default-executor-0] INFO  client.GrpcClientProtocolClient (GrpcClientProtocolClient.java:onNext(255)) - client-0D308AD40832->3258574c-39ac-4ed5-9145-ea59a337c299: receive RaftClientReply:client-0D308AD40832->3258574c-39ac-4ed5-9145-ea59a337c299@group-6C7D867BDA6A, cid=2195, SUCCESS, logIndex=3092, commits[3258574c-39ac-4ed5-9145-ea59a337c299:c3093]
2019-09-02 06:30:17,486 [grpc-default-executor-0] INFO  client.GrpcClientProtocolClient (GrpcClientProtocolClient.java:onNext(255)) - client-0D308AD40832->3258574c-39ac-4ed5-9145-ea59a337c299: receive RaftClientReply:client-0D308AD40832->3258574c-39ac-4ed5-9145-ea59a337c299@group-6C7D867BDA6A, cid=2196, SUCCESS, logIndex=3093, commits[3258574c-39ac-4ed5-9145-ea59a337c299:c3093]
2019-09-02 06:30:17,517 [grpc-default-executor-0] INFO  client.GrpcClientProtocolClient (GrpcClientProtocolClient.java:onNext(255)) - client-0D308AD40832->3258574c-39ac-4ed5-9145-ea59a337c299: receive RaftClientReply:client-0D308AD40832->3258574c-39ac-4ed5-9145-ea59a337c299@group-6C7D867BDA6A, cid=2197, SUCCESS, logIndex=3096, commits[3258574c-39ac-4ed5-9145-ea59a337c299:c3097]
2019-09-02 06:30:17,518 [grpc-default-executor-0] INFO  client.GrpcClientProtocolClient (GrpcClientProtocolClient.java:onNext(255)) - client-0D308AD40832->3258574c-39ac-4ed5-9145-ea59a337c299: receive RaftClientReply:client-0D308AD40832->3258574c-39ac-4ed5-9145-ea59a337c299@group-6C7D867BDA6A, cid=2198, SUCCESS, logIndex=3097, commits[3258574c-39ac-4ed5-9145-ea59a337c299:c3097]
2019-09-02 06:30:17,519 [grpc-default-executor-0] INFO  client.GrpcClientProtocolClient (GrpcClientProtocolClient.java:onNext(255)) - client-0D308AD40832->3258574c-39ac-4ed5-9145-ea59a337c299: receive RaftClientReply:client-0D308AD40832->3258574c-39ac-4ed5-9145-ea59a337c299@group-6C7D867BDA6A, cid=2199, SUCCESS, logIndex=3098, commits[3258574c-39ac-4ed5-9145-ea59a337c299:c3099]
2019-09-02 06:30:17,519 [grpc-default-executor-0] INFO  client.GrpcClientProtocolClient (GrpcClientProtocolClient.java:onNext(255)) - client-0D308AD40832->3258574c-39ac-4ed5-9145-ea59a337c299: receive RaftClientReply:client-0D308AD40832->3258574c-39ac-4ed5-9145-ea59a337c299@group-6C7D867BDA6A, cid=2200, SUCCESS, logIndex=3099, commits[3258574c-39ac-4ed5-9145-ea59a337c299:c3099]
2019-09-02 06:30:17,538 [SCMBlockDeletingService#0] DEBUG block.SCMBlockDeletingService (SCMBlockDeletingService.java:call(138)) - Running DeletedBlockTransactionScanner
2019-09-02 06:30:17,538 [SCMBlockDeletingService#0] DEBUG block.SCMBlockDeletingService (SCMBlockDeletingService.java:call(155)) - Scanned deleted blocks log and got 0 delTX to process.
2019-09-02 06:30:17,543 [grpc-default-executor-0] INFO  client.GrpcClientProtocolClient (GrpcClientProtocolClient.java:onNext(255)) - client-0D308AD40832->3258574c-39ac-4ed5-9145-ea59a337c299: receive RaftClientReply:client-0D308AD40832->3258574c-39ac-4ed5-9145-ea59a337c299@group-6C7D867BDA6A, cid=2201, SUCCESS, logIndex=3102, commits[3258574c-39ac-4ed5-9145-ea59a337c299:c3105]
2019-09-02 06:30:17,544 [grpc-default-executor-0] INFO  client.GrpcClientProtocolClient (GrpcClientProtocolClient.java:onNext(255)) - client-0D308AD40832->3258574c-39ac-4ed5-9145-ea59a337c299: receive RaftClientReply:client-0D308AD40832->3258574c-39ac-4ed5-9145-ea59a337c299@group-6C7D867BDA6A, cid=2202, SUCCESS, logIndex=3103, commits[3258574c-39ac-4ed5-9145-ea59a337c299:c3106]
2019-09-02 06:30:17,544 [grpc-default-executor-0] INFO  client.GrpcClientProtocolClient (GrpcClientProtocolClient.java:onNext(255)) - client-0D308AD40832->3258574c-39ac-4ed5-9145-ea59a337c299: receive RaftClientReply:client-0D308AD40832->3258574c-39ac-4ed5-9145-ea59a337c299@group-6C7D867BDA6A, cid=2203, SUCCESS, logIndex=3104, commits[3258574c-39ac-4ed5-9145-ea59a337c299:c3106]
2019-09-02 06:30:17,544 [grpc-default-executor-0] INFO  client.GrpcClientProtocolClient (GrpcClientProtocolClient.java:onNext(255)) - client-0D308AD40832->3258574c-39ac-4ed5-9145-ea59a337c299: receive RaftClientReply:client-0D308AD40832->3258574c-39ac-4ed5-9145-ea59a337c299@group-6C7D867BDA6A, cid=2204, SUCCESS, logIndex=3105, commits[3258574c-39ac-4ed5-9145-ea59a337c299:c3106]
2019-09-02 06:30:17,564 [grpc-default-executor-0] INFO  client.GrpcClientProtocolClient (GrpcClientProtocolClient.java:onNext(255)) - client-0D308AD40832->3258574c-39ac-4ed5-9145-ea59a337c299: receive RaftClientReply:client-0D308AD40832->3258574c-39ac-4ed5-9145-ea59a337c299@group-6C7D867BDA6A, cid=2205, SUCCESS, logIndex=3107, commits[3258574c-39ac-4ed5-9145-ea59a337c299:c3110]
2019-09-02 06:30:17,564 [grpc-default-executor-0] INFO  client.GrpcClientProtocolClient (GrpcClientProtocolClient.java:onNext(255)) - client-0D308AD40832->3258574c-39ac-4ed5-9145-ea59a337c299: receive RaftClientReply:client-0D308AD40832->3258574c-39ac-4ed5-9145-ea59a337c299@group-6C7D867BDA6A, cid=2206, SUCCESS, logIndex=3108, commits[3258574c-39ac-4ed5-9145-ea59a337c299:c3110]
2019-09-02 06:30:17,564 [grpc-default-executor-0] INFO  client.GrpcClientProtocolClient (GrpcClientProtocolClient.java:onNext(255)) - client-0D308AD40832->3258574c-39ac-4ed5-9145-ea59a337c299: receive RaftClientReply:client-0D308AD40832->3258574c-39ac-4ed5-9145-ea59a337c299@group-6C7D867BDA6A, cid=2207, SUCCESS, logIndex=3109, commits[3258574c-39ac-4ed5-9145-ea59a337c299:c3110]
2019-09-02 06:30:17,564 [grpc-default-executor-0] INFO  client.GrpcClientProtocolClient (GrpcClientProtocolClient.java:onNext(255)) - client-0D308AD40832->3258574c-39ac-4ed5-9145-ea59a337c299: receive RaftClientReply:client-0D308AD40832->3258574c-39ac-4ed5-9145-ea59a337c299@group-6C7D867BDA6A, cid=2208, SUCCESS, logIndex=3110, commits[3258574c-39ac-4ed5-9145-ea59a337c299:c3110]
2019-09-02 06:30:17,589 [grpc-default-executor-1] INFO  client.GrpcClientProtocolClient (GrpcClientProtocolClient.java:onNext(255)) - client-0D308AD40832->3258574c-39ac-4ed5-9145-ea59a337c299: receive RaftClientReply:client-0D308AD40832->3258574c-39ac-4ed5-9145-ea59a337c299@group-6C7D867BDA6A, cid=2209, SUCCESS, logIndex=3112, commits[3258574c-39ac-4ed5-9145-ea59a337c299:c3113]
2019-09-02 06:30:17,590 [grpc-default-executor-1] INFO  client.GrpcClientProtocolClient (GrpcClientProtocolClient.java:onNext(255)) - client-0D308AD40832->3258574c-39ac-4ed5-9145-ea59a337c299: receive RaftClientReply:client-0D308AD40832->3258574c-39ac-4ed5-9145-ea59a337c299@group-6C7D867BDA6A, cid=2210, SUCCESS, logIndex=3113, commits[3258574c-39ac-4ed5-9145-ea59a337c299:c3114]
2019-09-02 06:30:17,638 [SCMBlockDeletingService#0] DEBUG block.SCMBlockDeletingService (SCMBlockDeletingService.java:call(138)) - Running DeletedBlockTransactionScanner
2019-09-02 06:30:17,639 [SCMBlockDeletingService#0] DEBUG block.SCMBlockDeletingService (SCMBlockDeletingService.java:call(155)) - Scanned deleted blocks log and got 0 delTX to process.
2019-09-02 06:30:17,677 [grpc-default-executor-1] INFO  client.GrpcClientProtocolClient (GrpcClientProtocolClient.java:onNext(255)) - client-0D308AD40832->3258574c-39ac-4ed5-9145-ea59a337c299: receive RaftClientReply:client-0D308AD40832->3258574c-39ac-4ed5-9145-ea59a337c299@group-6C7D867BDA6A, cid=2211, SUCCESS, logIndex=3115, commits[3258574c-39ac-4ed5-9145-ea59a337c299:c3116]
2019-09-02 06:30:17,677 [grpc-default-executor-1] INFO  client.GrpcClientProtocolClient (GrpcClientProtocolClient.java:onNext(255)) - client-0D308AD40832->3258574c-39ac-4ed5-9145-ea59a337c299: receive RaftClientReply:client-0D308AD40832->3258574c-39ac-4ed5-9145-ea59a337c299@group-6C7D867BDA6A, cid=2212, SUCCESS, logIndex=3116, commits[3258574c-39ac-4ed5-9145-ea59a337c299:c3117]
2019-09-02 06:30:17,688 [grpc-default-executor-1] INFO  client.GrpcClientProtocolClient (GrpcClientProtocolClient.java:onNext(255)) - client-0D308AD40832->3258574c-39ac-4ed5-9145-ea59a337c299: receive RaftClientReply:client-0D308AD40832->3258574c-39ac-4ed5-9145-ea59a337c299@group-6C7D867BDA6A, cid=2213, SUCCESS, logIndex=3118, commits[3258574c-39ac-4ed5-9145-ea59a337c299:c3121]
2019-09-02 06:30:17,688 [grpc-default-executor-1] INFO  client.GrpcClientProtocolClient (GrpcClientProtocolClient.java:onNext(255)) - client-0D308AD40832->3258574c-39ac-4ed5-9145-ea59a337c299: receive RaftClientReply:client-0D308AD40832->3258574c-39ac-4ed5-9145-ea59a337c299@group-6C7D867BDA6A, cid=2214, SUCCESS, logIndex=3119, commits[3258574c-39ac-4ed5-9145-ea59a337c299:c3121]
2019-09-02 06:30:17,688 [grpc-default-executor-1] INFO  client.GrpcClientProtocolClient (GrpcClientProtocolClient.java:onNext(255)) - client-0D308AD40832->3258574c-39ac-4ed5-9145-ea59a337c299: receive RaftClientReply:client-0D308AD40832->3258574c-39ac-4ed5-9145-ea59a337c299@group-6C7D867BDA6A, cid=2215, SUCCESS, logIndex=3120, commits[3258574c-39ac-4ed5-9145-ea59a337c299:c3121]
2019-09-02 06:30:17,688 [grpc-default-executor-1] INFO  client.GrpcClientProtocolClient (GrpcClientProtocolClient.java:onNext(255)) - client-0D308AD40832->3258574c-39ac-4ed5-9145-ea59a337c299: receive RaftClientReply:client-0D308AD40832->3258574c-39ac-4ed5-9145-ea59a337c299@group-6C7D867BDA6A, cid=2216, SUCCESS, logIndex=3121, commits[3258574c-39ac-4ed5-9145-ea59a337c299:c3121]
2019-09-02 06:30:17,706 [grpc-default-executor-0] INFO  client.GrpcClientProtocolClient (GrpcClientProtocolClient.java:onNext(255)) - client-0D308AD40832->3258574c-39ac-4ed5-9145-ea59a337c299: receive RaftClientReply:client-0D308AD40832->3258574c-39ac-4ed5-9145-ea59a337c299@group-6C7D867BDA6A, cid=2217, SUCCESS, logIndex=3123, commits[3258574c-39ac-4ed5-9145-ea59a337c299:c3126]
2019-09-02 06:30:17,707 [grpc-default-executor-0] INFO  client.GrpcClientProtocolClient (GrpcClientProtocolClient.java:onNext(255)) - client-0D308AD40832->3258574c-39ac-4ed5-9145-ea59a337c299: receive RaftClientReply:client-0D308AD40832->3258574c-39ac-4ed5-9145-ea59a337c299@group-6C7D867BDA6A, cid=2218, SUCCESS, logIndex=3124, commits[3258574c-39ac-4ed5-9145-ea59a337c299:c3127]
2019-09-02 06:30:17,707 [grpc-default-executor-0] INFO  client.GrpcClientProtocolClient (GrpcClientProtocolClient.java:onNext(255)) - client-0D308AD40832->3258574c-39ac-4ed5-9145-ea59a337c299: receive RaftClientReply:client-0D308AD40832->3258574c-39ac-4ed5-9145-ea59a337c299@group-6C7D867BDA6A, cid=2219, SUCCESS, logIndex=3125, commits[3258574c-39ac-4ed5-9145-ea59a337c299:c3127]
2019-09-02 06:30:17,707 [grpc-default-executor-0] INFO  client.GrpcClientProtocolClient (GrpcClientProtocolClient.java:onNext(255)) - client-0D308AD40832->3258574c-39ac-4ed5-9145-ea59a337c299: receive RaftClientReply:client-0D308AD40832->3258574c-39ac-4ed5-9145-ea59a337c299@group-6C7D867BDA6A, cid=2220, SUCCESS, logIndex=3126, commits[3258574c-39ac-4ed5-9145-ea59a337c299:c3127]
2019-09-02 06:30:17,716 [grpc-default-executor-1] INFO  client.GrpcClientProtocolClient (GrpcClientProtocolClient.java:onNext(255)) - client-0D308AD40832->3258574c-39ac-4ed5-9145-ea59a337c299: receive RaftClientReply:client-0D308AD40832->3258574c-39ac-4ed5-9145-ea59a337c299@group-6C7D867BDA6A, cid=2221, SUCCESS, logIndex=3128, commits[3258574c-39ac-4ed5-9145-ea59a337c299:c3129]
2019-09-02 06:30:17,716 [grpc-default-executor-1] INFO  client.GrpcClientProtocolClient (GrpcClientProtocolClient.java:onNext(255)) - client-0D308AD40832->3258574c-39ac-4ed5-9145-ea59a337c299: receive RaftClientReply:client-0D308AD40832->3258574c-39ac-4ed5-9145-ea59a337c299@group-6C7D867BDA6A, cid=2222, SUCCESS, logIndex=3129, commits[3258574c-39ac-4ed5-9145-ea59a337c299:c3130]
2019-09-02 06:30:17,738 [grpc-default-executor-0] INFO  client.GrpcClientProtocolClient (GrpcClientProtocolClient.java:onNext(255)) - client-0D308AD40832->3258574c-39ac-4ed5-9145-ea59a337c299: receive RaftClientReply:client-0D308AD40832->3258574c-39ac-4ed5-9145-ea59a337c299@group-6C7D867BDA6A, cid=2223, SUCCESS, logIndex=3131, commits[3258574c-39ac-4ed5-9145-ea59a337c299:c3132]
2019-09-02 06:30:17,738 [grpc-default-executor-0] INFO  client.GrpcClientProtocolClient (GrpcClientProtocolClient.java:onNext(255)) - client-0D308AD40832->3258574c-39ac-4ed5-9145-ea59a337c299: receive RaftClientReply:client-0D308AD40832->3258574c-39ac-4ed5-9145-ea59a337c299@group-6C7D867BDA6A, cid=2224, SUCCESS, logIndex=3132, commits[3258574c-39ac-4ed5-9145-ea59a337c299:c3133]
2019-09-02 06:30:17,739 [SCMBlockDeletingService#0] DEBUG block.SCMBlockDeletingService (SCMBlockDeletingService.java:call(138)) - Running DeletedBlockTransactionScanner
2019-09-02 06:30:17,739 [SCMBlockDeletingService#0] DEBUG block.SCMBlockDeletingService (SCMBlockDeletingService.java:call(155)) - Scanned deleted blocks log and got 0 delTX to process.
2019-09-02 06:30:17,767 [grpc-default-executor-0] INFO  client.GrpcClientProtocolClient (GrpcClientProtocolClient.java:onNext(255)) - client-0D308AD40832->3258574c-39ac-4ed5-9145-ea59a337c299: receive RaftClientReply:client-0D308AD40832->3258574c-39ac-4ed5-9145-ea59a337c299@group-6C7D867BDA6A, cid=2225, SUCCESS, logIndex=3134, commits[3258574c-39ac-4ed5-9145-ea59a337c299:c3137]
2019-09-02 06:30:17,767 [grpc-default-executor-0] INFO  client.GrpcClientProtocolClient (GrpcClientProtocolClient.java:onNext(255)) - client-0D308AD40832->3258574c-39ac-4ed5-9145-ea59a337c299: receive RaftClientReply:client-0D308AD40832->3258574c-39ac-4ed5-9145-ea59a337c299@group-6C7D867BDA6A, cid=2226, SUCCESS, logIndex=3135, commits[3258574c-39ac-4ed5-9145-ea59a337c299:c3137]
2019-09-02 06:30:17,767 [grpc-default-executor-0] INFO  client.GrpcClientProtocolClient (GrpcClientProtocolClient.java:onNext(255)) - client-0D308AD40832->3258574c-39ac-4ed5-9145-ea59a337c299: receive RaftClientReply:client-0D308AD40832->3258574c-39ac-4ed5-9145-ea59a337c299@group-6C7D867BDA6A, cid=2227, SUCCESS, logIndex=3136, commits[3258574c-39ac-4ed5-9145-ea59a337c299:c3138]
2019-09-02 06:30:17,768 [grpc-default-executor-0] INFO  client.GrpcClientProtocolClient (GrpcClientProtocolClient.java:onNext(255)) - client-0D308AD40832->3258574c-39ac-4ed5-9145-ea59a337c299: receive RaftClientReply:client-0D308AD40832->3258574c-39ac-4ed5-9145-ea59a337c299@group-6C7D867BDA6A, cid=2228, SUCCESS, logIndex=3137, commits[3258574c-39ac-4ed5-9145-ea59a337c299:c3138]
2019-09-02 06:30:17,785 [grpc-default-executor-0] INFO  client.GrpcClientProtocolClient (GrpcClientProtocolClient.java:onNext(255)) - client-0D308AD40832->3258574c-39ac-4ed5-9145-ea59a337c299: receive RaftClientReply:client-0D308AD40832->3258574c-39ac-4ed5-9145-ea59a337c299@group-6C7D867BDA6A, cid=2229, SUCCESS, logIndex=3139, commits[3258574c-39ac-4ed5-9145-ea59a337c299:c3140]
2019-09-02 06:30:17,786 [grpc-default-executor-0] INFO  client.GrpcClientProtocolClient (GrpcClientProtocolClient.java:onNext(255)) - client-0D308AD40832->3258574c-39ac-4ed5-9145-ea59a337c299: receive RaftClientReply:client-0D308AD40832->3258574c-39ac-4ed5-9145-ea59a337c299@group-6C7D867BDA6A, cid=2230, SUCCESS, logIndex=3140, commits[3258574c-39ac-4ed5-9145-ea59a337c299:c3140]
2019-09-02 06:30:17,786 [grpc-default-executor-0] INFO  client.GrpcClientProtocolClient (GrpcClientProtocolClient.java:onNext(255)) - client-0D308AD40832->3258574c-39ac-4ed5-9145-ea59a337c299: receive RaftClientReply:client-0D308AD40832->3258574c-39ac-4ed5-9145-ea59a337c299@group-6C7D867BDA6A, cid=2231, SUCCESS, logIndex=3141, commits[3258574c-39ac-4ed5-9145-ea59a337c299:c3142]
2019-09-02 06:30:17,786 [grpc-default-executor-1] INFO  client.GrpcClientProtocolClient (GrpcClientProtocolClient.java:onNext(255)) - client-0D308AD40832->3258574c-39ac-4ed5-9145-ea59a337c299: receive RaftClientReply:client-0D308AD40832->3258574c-39ac-4ed5-9145-ea59a337c299@group-6C7D867BDA6A, cid=2232, SUCCESS, logIndex=3142, commits[3258574c-39ac-4ed5-9145-ea59a337c299:c3142]
2019-09-02 06:30:17,814 [grpc-default-executor-1] INFO  client.GrpcClientProtocolClient (GrpcClientProtocolClient.java:onNext(255)) - client-0D308AD40832->3258574c-39ac-4ed5-9145-ea59a337c299: receive RaftClientReply:client-0D308AD40832->3258574c-39ac-4ed5-9145-ea59a337c299@group-6C7D867BDA6A, cid=2233, SUCCESS, logIndex=3145, commits[3258574c-39ac-4ed5-9145-ea59a337c299:c3148]
2019-09-02 06:30:17,815 [grpc-default-executor-1] INFO  client.GrpcClientProtocolClient (GrpcClientProtocolClient.java:onNext(255)) - client-0D308AD40832->3258574c-39ac-4ed5-9145-ea59a337c299: receive RaftClientReply:client-0D308AD40832->3258574c-39ac-4ed5-9145-ea59a337c299@group-6C7D867BDA6A, cid=2234, SUCCESS, logIndex=3146, commits[3258574c-39ac-4ed5-9145-ea59a337c299:c3149]
2019-09-02 06:30:17,815 [grpc-default-executor-1] INFO  client.GrpcClientProtocolClient (GrpcClientProtocolClient.java:onNext(255)) - client-0D308AD40832->3258574c-39ac-4ed5-9145-ea59a337c299: receive RaftClientReply:client-0D308AD40832->3258574c-39ac-4ed5-9145-ea59a337c299@group-6C7D867BDA6A, cid=2235, SUCCESS, logIndex=3147, commits[3258574c-39ac-4ed5-9145-ea59a337c299:c3149]
2019-09-02 06:30:17,816 [grpc-default-executor-1] INFO  client.GrpcClientProtocolClient (GrpcClientProtocolClient.java:onNext(255)) - client-0D308AD40832->3258574c-39ac-4ed5-9145-ea59a337c299: receive RaftClientReply:client-0D308AD40832->3258574c-39ac-4ed5-9145-ea59a337c299@group-6C7D867BDA6A, cid=2236, SUCCESS, logIndex=3148, commits[3258574c-39ac-4ed5-9145-ea59a337c299:c3149]
2019-09-02 06:30:17,835 [grpc-default-executor-0] INFO  client.GrpcClientProtocolClient (GrpcClientProtocolClient.java:onNext(255)) - client-0D308AD40832->3258574c-39ac-4ed5-9145-ea59a337c299: receive RaftClientReply:client-0D308AD40832->3258574c-39ac-4ed5-9145-ea59a337c299@group-6C7D867BDA6A, cid=2237, SUCCESS, logIndex=3150, commits[3258574c-39ac-4ed5-9145-ea59a337c299:c3153]
2019-09-02 06:30:17,836 [grpc-default-executor-0] INFO  client.GrpcClientProtocolClient (GrpcClientProtocolClient.java:onNext(255)) - client-0D308AD40832->3258574c-39ac-4ed5-9145-ea59a337c299: receive RaftClientReply:client-0D308AD40832->3258574c-39ac-4ed5-9145-ea59a337c299@group-6C7D867BDA6A, cid=2238, SUCCESS, logIndex=3151, commits[3258574c-39ac-4ed5-9145-ea59a337c299:c3154]
2019-09-02 06:30:17,836 [grpc-default-executor-0] INFO  client.GrpcClientProtocolClient (GrpcClientProtocolClient.java:onNext(255)) - client-0D308AD40832->3258574c-39ac-4ed5-9145-ea59a337c299: receive RaftClientReply:client-0D308AD40832->3258574c-39ac-4ed5-9145-ea59a337c299@group-6C7D867BDA6A, cid=2239, SUCCESS, logIndex=3152, commits[3258574c-39ac-4ed5-9145-ea59a337c299:c3154]
2019-09-02 06:30:17,836 [grpc-default-executor-0] INFO  client.GrpcClientProtocolClient (GrpcClientProtocolClient.java:onNext(255)) - client-0D308AD40832->3258574c-39ac-4ed5-9145-ea59a337c299: receive RaftClientReply:client-0D308AD40832->3258574c-39ac-4ed5-9145-ea59a337c299@group-6C7D867BDA6A, cid=2240, SUCCESS, logIndex=3153, commits[3258574c-39ac-4ed5-9145-ea59a337c299:c3154]
2019-09-02 06:30:17,840 [SCMBlockDeletingService#0] DEBUG block.SCMBlockDeletingService (SCMBlockDeletingService.java:call(138)) - Running DeletedBlockTransactionScanner
2019-09-02 06:30:17,840 [SCMBlockDeletingService#0] DEBUG block.SCMBlockDeletingService (SCMBlockDeletingService.java:call(155)) - Scanned deleted blocks log and got 0 delTX to process.
2019-09-02 06:30:17,864 [grpc-default-executor-0] INFO  client.GrpcClientProtocolClient (GrpcClientProtocolClient.java:onNext(255)) - client-0D308AD40832->3258574c-39ac-4ed5-9145-ea59a337c299: receive RaftClientReply:client-0D308AD40832->3258574c-39ac-4ed5-9145-ea59a337c299@group-6C7D867BDA6A, cid=2241, SUCCESS, logIndex=3155, commits[3258574c-39ac-4ed5-9145-ea59a337c299:c3158]
2019-09-02 06:30:17,865 [grpc-default-executor-0] INFO  client.GrpcClientProtocolClient (GrpcClientProtocolClient.java:onNext(255)) - client-0D308AD40832->3258574c-39ac-4ed5-9145-ea59a337c299: receive RaftClientReply:client-0D308AD40832->3258574c-39ac-4ed5-9145-ea59a337c299@group-6C7D867BDA6A, cid=2242, SUCCESS, logIndex=3156, commits[3258574c-39ac-4ed5-9145-ea59a337c299:c3159]
2019-09-02 06:30:17,866 [grpc-default-executor-0] INFO  client.GrpcClientProtocolClient (GrpcClientProtocolClient.java:onNext(255)) - client-0D308AD40832->3258574c-39ac-4ed5-9145-ea59a337c299: receive RaftClientReply:client-0D308AD40832->3258574c-39ac-4ed5-9145-ea59a337c299@group-6C7D867BDA6A, cid=2243, SUCCESS, logIndex=3157, commits[3258574c-39ac-4ed5-9145-ea59a337c299:c3159]
2019-09-02 06:30:17,866 [grpc-default-executor-0] INFO  client.GrpcClientProtocolClient (GrpcClientProtocolClient.java:onNext(255)) - client-0D308AD40832->3258574c-39ac-4ed5-9145-ea59a337c299: receive RaftClientReply:client-0D308AD40832->3258574c-39ac-4ed5-9145-ea59a337c299@group-6C7D867BDA6A, cid=2244, SUCCESS, logIndex=3158, commits[3258574c-39ac-4ed5-9145-ea59a337c299:c3159]
2019-09-02 06:30:17,886 [grpc-default-executor-1] INFO  client.GrpcClientProtocolClient (GrpcClientProtocolClient.java:onNext(255)) - client-0D308AD40832->3258574c-39ac-4ed5-9145-ea59a337c299: receive RaftClientReply:client-0D308AD40832->3258574c-39ac-4ed5-9145-ea59a337c299@group-6C7D867BDA6A, cid=2245, SUCCESS, logIndex=3160, commits[3258574c-39ac-4ed5-9145-ea59a337c299:c3163]
2019-09-02 06:30:17,887 [grpc-default-executor-1] INFO  client.GrpcClientProtocolClient (GrpcClientProtocolClient.java:onNext(255)) - client-0D308AD40832->3258574c-39ac-4ed5-9145-ea59a337c299: receive RaftClientReply:client-0D308AD40832->3258574c-39ac-4ed5-9145-ea59a337c299@group-6C7D867BDA6A, cid=2246, SUCCESS, logIndex=3161, commits[3258574c-39ac-4ed5-9145-ea59a337c299:c3163]
2019-09-02 06:30:17,887 [grpc-default-executor-1] INFO  client.GrpcClientProtocolClient (GrpcClientProtocolClient.java:onNext(255)) - client-0D308AD40832->3258574c-39ac-4ed5-9145-ea59a337c299: receive RaftClientReply:client-0D308AD40832->3258574c-39ac-4ed5-9145-ea59a337c299@group-6C7D867BDA6A, cid=2247, SUCCESS, logIndex=3162, commits[3258574c-39ac-4ed5-9145-ea59a337c299:c3164]
2019-09-02 06:30:17,887 [grpc-default-executor-1] INFO  client.GrpcClientProtocolClient (GrpcClientProtocolClient.java:onNext(255)) - client-0D308AD40832->3258574c-39ac-4ed5-9145-ea59a337c299: receive RaftClientReply:client-0D308AD40832->3258574c-39ac-4ed5-9145-ea59a337c299@group-6C7D867BDA6A, cid=2248, SUCCESS, logIndex=3163, commits[3258574c-39ac-4ed5-9145-ea59a337c299:c3164]
2019-09-02 06:30:17,914 [grpc-default-executor-1] INFO  client.GrpcClientProtocolClient (GrpcClientProtocolClient.java:onNext(255)) - client-0D308AD40832->3258574c-39ac-4ed5-9145-ea59a337c299: receive RaftClientReply:client-0D308AD40832->3258574c-39ac-4ed5-9145-ea59a337c299@group-6C7D867BDA6A, cid=2249, SUCCESS, logIndex=3165, commits[3258574c-39ac-4ed5-9145-ea59a337c299:c3168]
2019-09-02 06:30:17,914 [grpc-default-executor-1] INFO  client.GrpcClientProtocolClient (GrpcClientProtocolClient.java:onNext(255)) - client-0D308AD40832->3258574c-39ac-4ed5-9145-ea59a337c299: receive RaftClientReply:client-0D308AD40832->3258574c-39ac-4ed5-9145-ea59a337c299@group-6C7D867BDA6A, cid=2250, SUCCESS, logIndex=3166, commits[3258574c-39ac-4ed5-9145-ea59a337c299:c3169]
2019-09-02 06:30:17,915 [grpc-default-executor-1] INFO  client.GrpcClientProtocolClient (GrpcClientProtocolClient.java:onNext(255)) - client-0D308AD40832->3258574c-39ac-4ed5-9145-ea59a337c299: receive RaftClientReply:client-0D308AD40832->3258574c-39ac-4ed5-9145-ea59a337c299@group-6C7D867BDA6A, cid=2251, SUCCESS, logIndex=3167, commits[3258574c-39ac-4ed5-9145-ea59a337c299:c3169]
2019-09-02 06:30:17,915 [grpc-default-executor-1] INFO  client.GrpcClientProtocolClient (GrpcClientProtocolClient.java:onNext(255)) - client-0D308AD40832->3258574c-39ac-4ed5-9145-ea59a337c299: receive RaftClientReply:client-0D308AD40832->3258574c-39ac-4ed5-9145-ea59a337c299@group-6C7D867BDA6A, cid=2252, SUCCESS, logIndex=3168, commits[3258574c-39ac-4ed5-9145-ea59a337c299:c3169]
2019-09-02 06:30:17,998 [SCMBlockDeletingService#0] DEBUG block.SCMBlockDeletingService (SCMBlockDeletingService.java:call(138)) - Running DeletedBlockTransactionScanner
2019-09-02 06:30:17,999 [SCMBlockDeletingService#0] DEBUG block.SCMBlockDeletingService (SCMBlockDeletingService.java:call(155)) - Scanned deleted blocks log and got 0 delTX to process.
2019-09-02 06:30:18,017 [grpc-default-executor-0] INFO  client.GrpcClientProtocolClient (GrpcClientProtocolClient.java:onNext(255)) - client-0D308AD40832->3258574c-39ac-4ed5-9145-ea59a337c299: receive RaftClientReply:client-0D308AD40832->3258574c-39ac-4ed5-9145-ea59a337c299@group-6C7D867BDA6A, cid=2253, SUCCESS, logIndex=3170, commits[3258574c-39ac-4ed5-9145-ea59a337c299:c3171]
2019-09-02 06:30:18,017 [grpc-default-executor-0] INFO  client.GrpcClientProtocolClient (GrpcClientProtocolClient.java:onNext(255)) - client-0D308AD40832->3258574c-39ac-4ed5-9145-ea59a337c299: receive RaftClientReply:client-0D308AD40832->3258574c-39ac-4ed5-9145-ea59a337c299@group-6C7D867BDA6A, cid=2254, SUCCESS, logIndex=3171, commits[3258574c-39ac-4ed5-9145-ea59a337c299:c3172]
2019-09-02 06:30:18,099 [SCMBlockDeletingService#0] DEBUG block.SCMBlockDeletingService (SCMBlockDeletingService.java:call(138)) - Running DeletedBlockTransactionScanner
2019-09-02 06:30:18,099 [SCMBlockDeletingService#0] DEBUG block.SCMBlockDeletingService (SCMBlockDeletingService.java:call(155)) - Scanned deleted blocks log and got 0 delTX to process.
2019-09-02 06:30:18,138 [grpc-default-executor-1] INFO  client.GrpcClientProtocolClient (GrpcClientProtocolClient.java:onNext(255)) - client-0D308AD40832->3258574c-39ac-4ed5-9145-ea59a337c299: receive RaftClientReply:client-0D308AD40832->3258574c-39ac-4ed5-9145-ea59a337c299@group-6C7D867BDA6A, cid=2255, SUCCESS, logIndex=3173, commits[3258574c-39ac-4ed5-9145-ea59a337c299:c3174]
2019-09-02 06:30:18,138 [grpc-default-executor-1] INFO  client.GrpcClientProtocolClient (GrpcClientProtocolClient.java:onNext(255)) - client-0D308AD40832->3258574c-39ac-4ed5-9145-ea59a337c299: receive RaftClientReply:client-0D308AD40832->3258574c-39ac-4ed5-9145-ea59a337c299@group-6C7D867BDA6A, cid=2256, SUCCESS, logIndex=3174, commits[3258574c-39ac-4ed5-9145-ea59a337c299:c3175]
2019-09-02 06:30:18,168 [grpc-default-executor-1] INFO  client.GrpcClientProtocolClient (GrpcClientProtocolClient.java:onNext(255)) - client-0D308AD40832->3258574c-39ac-4ed5-9145-ea59a337c299: receive RaftClientReply:client-0D308AD40832->3258574c-39ac-4ed5-9145-ea59a337c299@group-6C7D867BDA6A, cid=2257, SUCCESS, logIndex=3176, commits[3258574c-39ac-4ed5-9145-ea59a337c299:c3177]
2019-09-02 06:30:18,168 [grpc-default-executor-1] INFO  client.GrpcClientProtocolClient (GrpcClientProtocolClient.java:onNext(255)) - client-0D308AD40832->3258574c-39ac-4ed5-9145-ea59a337c299: receive RaftClientReply:client-0D308AD40832->3258574c-39ac-4ed5-9145-ea59a337c299@group-6C7D867BDA6A, cid=2258, SUCCESS, logIndex=3177, commits[3258574c-39ac-4ed5-9145-ea59a337c299:c3177]
2019-09-02 06:30:18,171 [grpc-default-executor-1] INFO  client.GrpcClientProtocolClient (GrpcClientProtocolClient.java:onNext(255)) - client-0D308AD40832->3258574c-39ac-4ed5-9145-ea59a337c299: receive RaftClientReply:client-0D308AD40832->3258574c-39ac-4ed5-9145-ea59a337c299@group-6C7D867BDA6A, cid=2259, SUCCESS, logIndex=3178, commits[3258574c-39ac-4ed5-9145-ea59a337c299:c3179]
2019-09-02 06:30:18,171 [grpc-default-executor-1] INFO  client.GrpcClientProtocolClient (GrpcClientProtocolClient.java:onNext(255)) - client-0D308AD40832->3258574c-39ac-4ed5-9145-ea59a337c299: receive RaftClientReply:client-0D308AD40832->3258574c-39ac-4ed5-9145-ea59a337c299@group-6C7D867BDA6A, cid=2260, SUCCESS, logIndex=3179, commits[3258574c-39ac-4ed5-9145-ea59a337c299:c3180]
2019-09-02 06:30:18,191 [grpc-default-executor-0] INFO  client.GrpcClientProtocolClient (GrpcClientProtocolClient.java:onNext(255)) - client-0D308AD40832->3258574c-39ac-4ed5-9145-ea59a337c299: receive RaftClientReply:client-0D308AD40832->3258574c-39ac-4ed5-9145-ea59a337c299@group-6C7D867BDA6A, cid=2261, SUCCESS, logIndex=3182, commits[3258574c-39ac-4ed5-9145-ea59a337c299:c3185]
2019-09-02 06:30:18,192 [grpc-default-executor-0] INFO  client.GrpcClientProtocolClient (GrpcClientProtocolClient.java:onNext(255)) - client-0D308AD40832->3258574c-39ac-4ed5-9145-ea59a337c299: receive RaftClientReply:client-0D308AD40832->3258574c-39ac-4ed5-9145-ea59a337c299@group-6C7D867BDA6A, cid=2262, SUCCESS, logIndex=3183, commits[3258574c-39ac-4ed5-9145-ea59a337c299:c3185]
2019-09-02 06:30:18,192 [grpc-default-executor-0] INFO  client.GrpcClientProtocolClient (GrpcClientProtocolClient.java:onNext(255)) - client-0D308AD40832->3258574c-39ac-4ed5-9145-ea59a337c299: receive RaftClientReply:client-0D308AD40832->3258574c-39ac-4ed5-9145-ea59a337c299@group-6C7D867BDA6A, cid=2263, SUCCESS, logIndex=3184, commits[3258574c-39ac-4ed5-9145-ea59a337c299:c3186]
2019-09-02 06:30:18,193 [grpc-default-executor-0] INFO  client.GrpcClientProtocolClient (GrpcClientProtocolClient.java:onNext(255)) - client-0D308AD40832->3258574c-39ac-4ed5-9145-ea59a337c299: receive RaftClientReply:client-0D308AD40832->3258574c-39ac-4ed5-9145-ea59a337c299@group-6C7D867BDA6A, cid=2264, SUCCESS, logIndex=3185, commits[3258574c-39ac-4ed5-9145-ea59a337c299:c3187]
2019-09-02 06:30:18,200 [SCMBlockDeletingService#0] DEBUG block.SCMBlockDeletingService (SCMBlockDeletingService.java:call(138)) - Running DeletedBlockTransactionScanner
2019-09-02 06:30:18,200 [SCMBlockDeletingService#0] DEBUG block.SCMBlockDeletingService (SCMBlockDeletingService.java:call(155)) - Scanned deleted blocks log and got 0 delTX to process.
2019-09-02 06:30:18,222 [grpc-default-executor-0] INFO  client.GrpcClientProtocolClient (GrpcClientProtocolClient.java:onNext(255)) - client-0D308AD40832->3258574c-39ac-4ed5-9145-ea59a337c299: receive RaftClientReply:client-0D308AD40832->3258574c-39ac-4ed5-9145-ea59a337c299@group-6C7D867BDA6A, cid=2265, SUCCESS, logIndex=3188, commits[3258574c-39ac-4ed5-9145-ea59a337c299:c3189]
2019-09-02 06:30:18,223 [grpc-default-executor-0] INFO  client.GrpcClientProtocolClient (GrpcClientProtocolClient.java:onNext(255)) - client-0D308AD40832->3258574c-39ac-4ed5-9145-ea59a337c299: receive RaftClientReply:client-0D308AD40832->3258574c-39ac-4ed5-9145-ea59a337c299@group-6C7D867BDA6A, cid=2266, SUCCESS, logIndex=3189, commits[3258574c-39ac-4ed5-9145-ea59a337c299:c3191]
2019-09-02 06:30:18,223 [grpc-default-executor-0] INFO  client.GrpcClientProtocolClient (GrpcClientProtocolClient.java:onNext(255)) - client-0D308AD40832->3258574c-39ac-4ed5-9145-ea59a337c299: receive RaftClientReply:client-0D308AD40832->3258574c-39ac-4ed5-9145-ea59a337c299@group-6C7D867BDA6A, cid=2267, SUCCESS, logIndex=3190, commits[3258574c-39ac-4ed5-9145-ea59a337c299:c3192]
2019-09-02 06:30:18,224 [grpc-default-executor-0] INFO  client.GrpcClientProtocolClient (GrpcClientProtocolClient.java:onNext(255)) - client-0D308AD40832->3258574c-39ac-4ed5-9145-ea59a337c299: receive RaftClientReply:client-0D308AD40832->3258574c-39ac-4ed5-9145-ea59a337c299@group-6C7D867BDA6A, cid=2268, SUCCESS, logIndex=3191, commits[3258574c-39ac-4ed5-9145-ea59a337c299:c3193]
2019-09-02 06:30:18,244 [grpc-default-executor-0] INFO  client.GrpcClientProtocolClient (GrpcClientProtocolClient.java:onNext(255)) - client-0D308AD40832->3258574c-39ac-4ed5-9145-ea59a337c299: receive RaftClientReply:client-0D308AD40832->3258574c-39ac-4ed5-9145-ea59a337c299@group-6C7D867BDA6A, cid=2269, SUCCESS, logIndex=3194, commits[3258574c-39ac-4ed5-9145-ea59a337c299:c3195]
2019-09-02 06:30:18,244 [grpc-default-executor-0] INFO  client.GrpcClientProtocolClient (GrpcClientProtocolClient.java:onNext(255)) - client-0D308AD40832->3258574c-39ac-4ed5-9145-ea59a337c299: receive RaftClientReply:client-0D308AD40832->3258574c-39ac-4ed5-9145-ea59a337c299@group-6C7D867BDA6A, cid=2270, SUCCESS, logIndex=3195, commits[3258574c-39ac-4ed5-9145-ea59a337c299:c3197]
2019-09-02 06:30:18,245 [grpc-default-executor-0] INFO  client.GrpcClientProtocolClient (GrpcClientProtocolClient.java:onNext(255)) - client-0D308AD40832->3258574c-39ac-4ed5-9145-ea59a337c299: receive RaftClientReply:client-0D308AD40832->3258574c-39ac-4ed5-9145-ea59a337c299@group-6C7D867BDA6A, cid=2271, SUCCESS, logIndex=3196, commits[3258574c-39ac-4ed5-9145-ea59a337c299:c3198]
2019-09-02 06:30:18,245 [grpc-default-executor-0] INFO  client.GrpcClientProtocolClient (GrpcClientProtocolClient.java:onNext(255)) - client-0D308AD40832->3258574c-39ac-4ed5-9145-ea59a337c299: receive RaftClientReply:client-0D308AD40832->3258574c-39ac-4ed5-9145-ea59a337c299@group-6C7D867BDA6A, cid=2272, SUCCESS, logIndex=3197, commits[3258574c-39ac-4ed5-9145-ea59a337c299:c3199]
2019-09-02 06:30:18,272 [grpc-default-executor-0] INFO  client.GrpcClientProtocolClient (GrpcClientProtocolClient.java:onNext(255)) - client-0D308AD40832->3258574c-39ac-4ed5-9145-ea59a337c299: receive RaftClientReply:client-0D308AD40832->3258574c-39ac-4ed5-9145-ea59a337c299@group-6C7D867BDA6A, cid=2273, SUCCESS, logIndex=3200, commits[3258574c-39ac-4ed5-9145-ea59a337c299:c3200]
2019-09-02 06:30:18,274 [grpc-default-executor-0] INFO  client.GrpcClientProtocolClient (GrpcClientProtocolClient.java:onNext(255)) - client-0D308AD40832->3258574c-39ac-4ed5-9145-ea59a337c299: receive RaftClientReply:client-0D308AD40832->3258574c-39ac-4ed5-9145-ea59a337c299@group-6C7D867BDA6A, cid=2274, SUCCESS, logIndex=3201, commits[3258574c-39ac-4ed5-9145-ea59a337c299:c3203]
2019-09-02 06:30:18,275 [grpc-default-executor-0] INFO  client.GrpcClientProtocolClient (GrpcClientProtocolClient.java:onNext(255)) - client-0D308AD40832->3258574c-39ac-4ed5-9145-ea59a337c299: receive RaftClientReply:client-0D308AD40832->3258574c-39ac-4ed5-9145-ea59a337c299@group-6C7D867BDA6A, cid=2275, SUCCESS, logIndex=3202, commits[3258574c-39ac-4ed5-9145-ea59a337c299:c3203]
2019-09-02 06:30:18,275 [grpc-default-executor-0] INFO  client.GrpcClientProtocolClient (GrpcClientProtocolClient.java:onNext(255)) - client-0D308AD40832->3258574c-39ac-4ed5-9145-ea59a337c299: receive RaftClientReply:client-0D308AD40832->3258574c-39ac-4ed5-9145-ea59a337c299@group-6C7D867BDA6A, cid=2276, SUCCESS, logIndex=3203, commits[3258574c-39ac-4ed5-9145-ea59a337c299:c3203]
2019-09-02 06:30:18,299 [grpc-default-executor-0] INFO  client.GrpcClientProtocolClient (GrpcClientProtocolClient.java:onNext(255)) - client-0D308AD40832->3258574c-39ac-4ed5-9145-ea59a337c299: receive RaftClientReply:client-0D308AD40832->3258574c-39ac-4ed5-9145-ea59a337c299@group-6C7D867BDA6A, cid=2277, SUCCESS, logIndex=3206, commits[3258574c-39ac-4ed5-9145-ea59a337c299:c3209]
2019-09-02 06:30:18,299 [grpc-default-executor-0] INFO  client.GrpcClientProtocolClient (GrpcClientProtocolClient.java:onNext(255)) - client-0D308AD40832->3258574c-39ac-4ed5-9145-ea59a337c299: receive RaftClientReply:client-0D308AD40832->3258574c-39ac-4ed5-9145-ea59a337c299@group-6C7D867BDA6A, cid=2278, SUCCESS, logIndex=3207, commits[3258574c-39ac-4ed5-9145-ea59a337c299:c3210]
2019-09-02 06:30:18,300 [grpc-default-executor-0] INFO  client.GrpcClientProtocolClient (GrpcClientProtocolClient.java:onNext(255)) - client-0D308AD40832->3258574c-39ac-4ed5-9145-ea59a337c299: receive RaftClientReply:client-0D308AD40832->3258574c-39ac-4ed5-9145-ea59a337c299@group-6C7D867BDA6A, cid=2279, SUCCESS, logIndex=3208, commits[3258574c-39ac-4ed5-9145-ea59a337c299:c3210]
2019-09-02 06:30:18,300 [grpc-default-executor-0] INFO  client.GrpcClientProtocolClient (GrpcClientProtocolClient.java:onNext(255)) - client-0D308AD40832->3258574c-39ac-4ed5-9145-ea59a337c299: receive RaftClientReply:client-0D308AD40832->3258574c-39ac-4ed5-9145-ea59a337c299@group-6C7D867BDA6A, cid=2280, SUCCESS, logIndex=3209, commits[3258574c-39ac-4ed5-9145-ea59a337c299:c3210]
2019-09-02 06:30:18,300 [SCMBlockDeletingService#1] DEBUG block.SCMBlockDeletingService (SCMBlockDeletingService.java:call(138)) - Running DeletedBlockTransactionScanner
2019-09-02 06:30:18,300 [SCMBlockDeletingService#1] DEBUG block.SCMBlockDeletingService (SCMBlockDeletingService.java:call(155)) - Scanned deleted blocks log and got 0 delTX to process.
2019-09-02 06:30:18,327 [grpc-default-executor-0] INFO  client.GrpcClientProtocolClient (GrpcClientProtocolClient.java:onNext(255)) - client-0D308AD40832->3258574c-39ac-4ed5-9145-ea59a337c299: receive RaftClientReply:client-0D308AD40832->3258574c-39ac-4ed5-9145-ea59a337c299@group-6C7D867BDA6A, cid=2281, SUCCESS, logIndex=3211, commits[3258574c-39ac-4ed5-9145-ea59a337c299:c3212]
2019-09-02 06:30:18,327 [grpc-default-executor-0] INFO  client.GrpcClientProtocolClient (GrpcClientProtocolClient.java:onNext(255)) - client-0D308AD40832->3258574c-39ac-4ed5-9145-ea59a337c299: receive RaftClientReply:client-0D308AD40832->3258574c-39ac-4ed5-9145-ea59a337c299@group-6C7D867BDA6A, cid=2282, SUCCESS, logIndex=3212, commits[3258574c-39ac-4ed5-9145-ea59a337c299:c3214]
2019-09-02 06:30:18,327 [grpc-default-executor-0] INFO  client.GrpcClientProtocolClient (GrpcClientProtocolClient.java:onNext(255)) - client-0D308AD40832->3258574c-39ac-4ed5-9145-ea59a337c299: receive RaftClientReply:client-0D308AD40832->3258574c-39ac-4ed5-9145-ea59a337c299@group-6C7D867BDA6A, cid=2283, SUCCESS, logIndex=3213, commits[3258574c-39ac-4ed5-9145-ea59a337c299:c3215]
2019-09-02 06:30:18,328 [grpc-default-executor-0] INFO  client.GrpcClientProtocolClient (GrpcClientProtocolClient.java:onNext(255)) - client-0D308AD40832->3258574c-39ac-4ed5-9145-ea59a337c299: receive RaftClientReply:client-0D308AD40832->3258574c-39ac-4ed5-9145-ea59a337c299@group-6C7D867BDA6A, cid=2284, SUCCESS, logIndex=3214, commits[3258574c-39ac-4ed5-9145-ea59a337c299:c3215]
2019-09-02 06:30:18,346 [grpc-default-executor-1] INFO  client.GrpcClientProtocolClient (GrpcClientProtocolClient.java:onNext(255)) - client-0D308AD40832->3258574c-39ac-4ed5-9145-ea59a337c299: receive RaftClientReply:client-0D308AD40832->3258574c-39ac-4ed5-9145-ea59a337c299@group-6C7D867BDA6A, cid=2285, SUCCESS, logIndex=3217, commits[3258574c-39ac-4ed5-9145-ea59a337c299:c3218]
2019-09-02 06:30:18,347 [grpc-default-executor-1] INFO  client.GrpcClientProtocolClient (GrpcClientProtocolClient.java:onNext(255)) - client-0D308AD40832->3258574c-39ac-4ed5-9145-ea59a337c299: receive RaftClientReply:client-0D308AD40832->3258574c-39ac-4ed5-9145-ea59a337c299@group-6C7D867BDA6A, cid=2286, SUCCESS, logIndex=3218, commits[3258574c-39ac-4ed5-9145-ea59a337c299:c3218]
2019-09-02 06:30:18,348 [grpc-default-executor-1] INFO  client.GrpcClientProtocolClient (GrpcClientProtocolClient.java:onNext(255)) - client-0D308AD40832->3258574c-39ac-4ed5-9145-ea59a337c299: receive RaftClientReply:client-0D308AD40832->3258574c-39ac-4ed5-9145-ea59a337c299@group-6C7D867BDA6A, cid=2287, SUCCESS, logIndex=3219, commits[3258574c-39ac-4ed5-9145-ea59a337c299:c3220]
2019-09-02 06:30:18,348 [grpc-default-executor-1] INFO  client.GrpcClientProtocolClient (GrpcClientProtocolClient.java:onNext(255)) - client-0D308AD40832->3258574c-39ac-4ed5-9145-ea59a337c299: receive RaftClientReply:client-0D308AD40832->3258574c-39ac-4ed5-9145-ea59a337c299@group-6C7D867BDA6A, cid=2288, SUCCESS, logIndex=3220, commits[3258574c-39ac-4ed5-9145-ea59a337c299:c3220]
2019-09-02 06:30:18,365 [grpc-default-executor-1] INFO  client.GrpcClientProtocolClient (GrpcClientProtocolClient.java:onNext(255)) - client-0D308AD40832->3258574c-39ac-4ed5-9145-ea59a337c299: receive RaftClientReply:client-0D308AD40832->3258574c-39ac-4ed5-9145-ea59a337c299@group-6C7D867BDA6A, cid=2289, SUCCESS, logIndex=3223, commits[3258574c-39ac-4ed5-9145-ea59a337c299:c3224]
2019-09-02 06:30:18,366 [grpc-default-executor-1] INFO  client.GrpcClientProtocolClient (GrpcClientProtocolClient.java:onNext(255)) - client-0D308AD40832->3258574c-39ac-4ed5-9145-ea59a337c299: receive RaftClientReply:client-0D308AD40832->3258574c-39ac-4ed5-9145-ea59a337c299@group-6C7D867BDA6A, cid=2290, SUCCESS, logIndex=3224, commits[3258574c-39ac-4ed5-9145-ea59a337c299:c3224]
2019-09-02 06:30:18,368 [grpc-default-executor-1] INFO  client.GrpcClientProtocolClient (GrpcClientProtocolClient.java:onNext(255)) - client-0D308AD40832->3258574c-39ac-4ed5-9145-ea59a337c299: receive RaftClientReply:client-0D308AD40832->3258574c-39ac-4ed5-9145-ea59a337c299@group-6C7D867BDA6A, cid=2291, SUCCESS, logIndex=3225, commits[3258574c-39ac-4ed5-9145-ea59a337c299:c3227]
2019-09-02 06:30:18,368 [grpc-default-executor-1] INFO  client.GrpcClientProtocolClient (GrpcClientProtocolClient.java:onNext(255)) - client-0D308AD40832->3258574c-39ac-4ed5-9145-ea59a337c299: receive RaftClientReply:client-0D308AD40832->3258574c-39ac-4ed5-9145-ea59a337c299@group-6C7D867BDA6A, cid=2292, SUCCESS, logIndex=3227, commits[3258574c-39ac-4ed5-9145-ea59a337c299:c3227]
2019-09-02 06:30:18,377 [grpc-default-executor-1] INFO  client.GrpcClientProtocolClient (GrpcClientProtocolClient.java:onNext(255)) - client-0D308AD40832->3258574c-39ac-4ed5-9145-ea59a337c299: receive RaftClientReply:client-0D308AD40832->3258574c-39ac-4ed5-9145-ea59a337c299@group-6C7D867BDA6A, cid=2293, SUCCESS, logIndex=3229, commits[3258574c-39ac-4ed5-9145-ea59a337c299:c3230]
2019-09-02 06:30:18,382 [grpc-default-executor-1] INFO  client.GrpcClientProtocolClient (GrpcClientProtocolClient.java:onNext(255)) - client-0D308AD40832->3258574c-39ac-4ed5-9145-ea59a337c299: receive RaftClientReply:client-0D308AD40832->3258574c-39ac-4ed5-9145-ea59a337c299@group-6C7D867BDA6A, cid=2294, SUCCESS, logIndex=3230, commits[3258574c-39ac-4ed5-9145-ea59a337c299:c3231]
2019-09-02 06:30:18,382 [grpc-default-executor-1] INFO  client.GrpcClientProtocolClient (GrpcClientProtocolClient.java:onNext(255)) - client-0D308AD40832->3258574c-39ac-4ed5-9145-ea59a337c299: receive RaftClientReply:client-0D308AD40832->3258574c-39ac-4ed5-9145-ea59a337c299@group-6C7D867BDA6A, cid=2295, SUCCESS, logIndex=3232, commits[3258574c-39ac-4ed5-9145-ea59a337c299:c3234]
2019-09-02 06:30:18,382 [grpc-default-executor-1] INFO  client.GrpcClientProtocolClient (GrpcClientProtocolClient.java:onNext(255)) - client-0D308AD40832->3258574c-39ac-4ed5-9145-ea59a337c299: receive RaftClientReply:client-0D308AD40832->3258574c-39ac-4ed5-9145-ea59a337c299@group-6C7D867BDA6A, cid=2296, SUCCESS, logIndex=3233, commits[3258574c-39ac-4ed5-9145-ea59a337c299:c3234]
2019-09-02 06:30:18,399 [grpc-default-executor-0] INFO  client.GrpcClientProtocolClient (GrpcClientProtocolClient.java:onNext(255)) - client-0D308AD40832->3258574c-39ac-4ed5-9145-ea59a337c299: receive RaftClientReply:client-0D308AD40832->3258574c-39ac-4ed5-9145-ea59a337c299@group-6C7D867BDA6A, cid=2297, SUCCESS, logIndex=3235, commits[3258574c-39ac-4ed5-9145-ea59a337c299:c3236]
2019-09-02 06:30:18,400 [grpc-default-executor-0] INFO  client.GrpcClientProtocolClient (GrpcClientProtocolClient.java:onNext(255)) - client-0D308AD40832->3258574c-39ac-4ed5-9145-ea59a337c299: receive RaftClientReply:client-0D308AD40832->3258574c-39ac-4ed5-9145-ea59a337c299@group-6C7D867BDA6A, cid=2298, SUCCESS, logIndex=3236, commits[3258574c-39ac-4ed5-9145-ea59a337c299:c3237]
2019-09-02 06:30:18,401 [SCMBlockDeletingService#1] DEBUG block.SCMBlockDeletingService (SCMBlockDeletingService.java:call(138)) - Running DeletedBlockTransactionScanner
2019-09-02 06:30:18,401 [SCMBlockDeletingService#1] DEBUG block.SCMBlockDeletingService (SCMBlockDeletingService.java:call(155)) - Scanned deleted blocks log and got 0 delTX to process.
2019-09-02 06:30:18,501 [SCMBlockDeletingService#1] DEBUG block.SCMBlockDeletingService (SCMBlockDeletingService.java:call(138)) - Running DeletedBlockTransactionScanner
2019-09-02 06:30:18,501 [SCMBlockDeletingService#1] DEBUG block.SCMBlockDeletingService (SCMBlockDeletingService.java:call(155)) - Scanned deleted blocks log and got 0 delTX to process.
2019-09-02 06:30:18,517 [grpc-default-executor-0] INFO  client.GrpcClientProtocolClient (GrpcClientProtocolClient.java:onNext(255)) - client-0D308AD40832->3258574c-39ac-4ed5-9145-ea59a337c299: receive RaftClientReply:client-0D308AD40832->3258574c-39ac-4ed5-9145-ea59a337c299@group-6C7D867BDA6A, cid=2299, SUCCESS, logIndex=3238, commits[3258574c-39ac-4ed5-9145-ea59a337c299:c3239]
2019-09-02 06:30:18,517 [grpc-default-executor-0] INFO  client.GrpcClientProtocolClient (GrpcClientProtocolClient.java:onNext(255)) - client-0D308AD40832->3258574c-39ac-4ed5-9145-ea59a337c299: receive RaftClientReply:client-0D308AD40832->3258574c-39ac-4ed5-9145-ea59a337c299@group-6C7D867BDA6A, cid=2300, SUCCESS, logIndex=3239, commits[3258574c-39ac-4ed5-9145-ea59a337c299:c3240]
2019-09-02 06:30:18,538 [grpc-default-executor-1] INFO  client.GrpcClientProtocolClient (GrpcClientProtocolClient.java:onNext(255)) - client-0D308AD40832->3258574c-39ac-4ed5-9145-ea59a337c299: receive RaftClientReply:client-0D308AD40832->3258574c-39ac-4ed5-9145-ea59a337c299@group-6C7D867BDA6A, cid=2301, SUCCESS, logIndex=3241, commits[3258574c-39ac-4ed5-9145-ea59a337c299:c3244]
2019-09-02 06:30:18,539 [grpc-default-executor-1] INFO  client.GrpcClientProtocolClient (GrpcClientProtocolClient.java:onNext(255)) - client-0D308AD40832->3258574c-39ac-4ed5-9145-ea59a337c299: receive RaftClientReply:client-0D308AD40832->3258574c-39ac-4ed5-9145-ea59a337c299@group-6C7D867BDA6A, cid=2302, SUCCESS, logIndex=3242, commits[3258574c-39ac-4ed5-9145-ea59a337c299:c3245]
2019-09-02 06:30:18,539 [grpc-default-executor-1] INFO  client.GrpcClientProtocolClient (GrpcClientProtocolClient.java:onNext(255)) - client-0D308AD40832->3258574c-39ac-4ed5-9145-ea59a337c299: receive RaftClientReply:client-0D308AD40832->3258574c-39ac-4ed5-9145-ea59a337c299@group-6C7D867BDA6A, cid=2303, SUCCESS, logIndex=3243, commits[3258574c-39ac-4ed5-9145-ea59a337c299:c3245]
2019-09-02 06:30:18,540 [grpc-default-executor-1] INFO  client.GrpcClientProtocolClient (GrpcClientProtocolClient.java:onNext(255)) - client-0D308AD40832->3258574c-39ac-4ed5-9145-ea59a337c299: receive RaftClientReply:client-0D308AD40832->3258574c-39ac-4ed5-9145-ea59a337c299@group-6C7D867BDA6A, cid=2304, SUCCESS, logIndex=3244, commits[3258574c-39ac-4ed5-9145-ea59a337c299:c3246]
2019-09-02 06:30:18,569 [grpc-default-executor-1] INFO  client.GrpcClientProtocolClient (GrpcClientProtocolClient.java:onNext(255)) - client-0D308AD40832->3258574c-39ac-4ed5-9145-ea59a337c299: receive RaftClientReply:client-0D308AD40832->3258574c-39ac-4ed5-9145-ea59a337c299@group-6C7D867BDA6A, cid=2305, SUCCESS, logIndex=3247, commits[3258574c-39ac-4ed5-9145-ea59a337c299:c3250]
2019-09-02 06:30:18,570 [grpc-default-executor-1] INFO  client.GrpcClientProtocolClient (GrpcClientProtocolClient.java:onNext(255)) - client-0D308AD40832->3258574c-39ac-4ed5-9145-ea59a337c299: receive RaftClientReply:client-0D308AD40832->3258574c-39ac-4ed5-9145-ea59a337c299@group-6C7D867BDA6A, cid=2306, SUCCESS, logIndex=3248, commits[3258574c-39ac-4ed5-9145-ea59a337c299:c3250]
2019-09-02 06:30:18,570 [grpc-default-executor-1] INFO  client.GrpcClientProtocolClient (GrpcClientProtocolClient.java:onNext(255)) - client-0D308AD40832->3258574c-39ac-4ed5-9145-ea59a337c299: receive RaftClientReply:client-0D308AD40832->3258574c-39ac-4ed5-9145-ea59a337c299@group-6C7D867BDA6A, cid=2307, SUCCESS, logIndex=3249, commits[3258574c-39ac-4ed5-9145-ea59a337c299:c3251]
2019-09-02 06:30:18,571 [grpc-default-executor-1] INFO  client.GrpcClientProtocolClient (GrpcClientProtocolClient.java:onNext(255)) - client-0D308AD40832->3258574c-39ac-4ed5-9145-ea59a337c299: receive RaftClientReply:client-0D308AD40832->3258574c-39ac-4ed5-9145-ea59a337c299@group-6C7D867BDA6A, cid=2308, SUCCESS, logIndex=3250, commits[3258574c-39ac-4ed5-9145-ea59a337c299:c3251]
2019-09-02 06:30:18,590 [grpc-default-executor-1] INFO  client.GrpcClientProtocolClient (GrpcClientProtocolClient.java:onNext(255)) - client-0D308AD40832->3258574c-39ac-4ed5-9145-ea59a337c299: receive RaftClientReply:client-0D308AD40832->3258574c-39ac-4ed5-9145-ea59a337c299@group-6C7D867BDA6A, cid=2309, SUCCESS, logIndex=3253, commits[3258574c-39ac-4ed5-9145-ea59a337c299:c3256]
2019-09-02 06:30:18,590 [grpc-default-executor-1] INFO  client.GrpcClientProtocolClient (GrpcClientProtocolClient.java:onNext(255)) - client-0D308AD40832->3258574c-39ac-4ed5-9145-ea59a337c299: receive RaftClientReply:client-0D308AD40832->3258574c-39ac-4ed5-9145-ea59a337c299@group-6C7D867BDA6A, cid=2310, SUCCESS, logIndex=3254, commits[3258574c-39ac-4ed5-9145-ea59a337c299:c3256]
2019-09-02 06:30:18,591 [grpc-default-executor-1] INFO  client.GrpcClientProtocolClient (GrpcClientProtocolClient.java:onNext(255)) - client-0D308AD40832->3258574c-39ac-4ed5-9145-ea59a337c299: receive RaftClientReply:client-0D308AD40832->3258574c-39ac-4ed5-9145-ea59a337c299@group-6C7D867BDA6A, cid=2311, SUCCESS, logIndex=3255, commits[3258574c-39ac-4ed5-9145-ea59a337c299:c3257]
2019-09-02 06:30:18,591 [grpc-default-executor-1] INFO  client.GrpcClientProtocolClient (GrpcClientProtocolClient.java:onNext(255)) - client-0D308AD40832->3258574c-39ac-4ed5-9145-ea59a337c299: receive RaftClientReply:client-0D308AD40832->3258574c-39ac-4ed5-9145-ea59a337c299@group-6C7D867BDA6A, cid=2312, SUCCESS, logIndex=3256, commits[3258574c-39ac-4ed5-9145-ea59a337c299:c3257]
2019-09-02 06:30:18,602 [SCMBlockDeletingService#1] DEBUG block.SCMBlockDeletingService (SCMBlockDeletingService.java:call(138)) - Running DeletedBlockTransactionScanner
2019-09-02 06:30:18,602 [SCMBlockDeletingService#1] DEBUG block.SCMBlockDeletingService (SCMBlockDeletingService.java:call(155)) - Scanned deleted blocks log and got 0 delTX to process.
2019-09-02 06:30:18,619 [grpc-default-executor-1] INFO  client.GrpcClientProtocolClient (GrpcClientProtocolClient.java:onNext(255)) - client-0D308AD40832->3258574c-39ac-4ed5-9145-ea59a337c299: receive RaftClientReply:client-0D308AD40832->3258574c-39ac-4ed5-9145-ea59a337c299@group-6C7D867BDA6A, cid=2313, SUCCESS, logIndex=3259, commits[3258574c-39ac-4ed5-9145-ea59a337c299:c3262]
2019-09-02 06:30:18,620 [grpc-default-executor-1] INFO  client.GrpcClientProtocolClient (GrpcClientProtocolClient.java:onNext(255)) - client-0D308AD40832->3258574c-39ac-4ed5-9145-ea59a337c299: receive RaftClientReply:client-0D308AD40832->3258574c-39ac-4ed5-9145-ea59a337c299@group-6C7D867BDA6A, cid=2314, SUCCESS, logIndex=3260, commits[3258574c-39ac-4ed5-9145-ea59a337c299:c3263]
2019-09-02 06:30:18,620 [grpc-default-executor-1] INFO  client.GrpcClientProtocolClient (GrpcClientProtocolClient.java:onNext(255)) - client-0D308AD40832->3258574c-39ac-4ed5-9145-ea59a337c299: receive RaftClientReply:client-0D308AD40832->3258574c-39ac-4ed5-9145-ea59a337c299@group-6C7D867BDA6A, cid=2315, SUCCESS, logIndex=3261, commits[3258574c-39ac-4ed5-9145-ea59a337c299:c3263]
2019-09-02 06:30:18,621 [grpc-default-executor-1] INFO  client.GrpcClientProtocolClient (GrpcClientProtocolClient.java:onNext(255)) - client-0D308AD40832->3258574c-39ac-4ed5-9145-ea59a337c299: receive RaftClientReply:client-0D308AD40832->3258574c-39ac-4ed5-9145-ea59a337c299@group-6C7D867BDA6A, cid=2316, SUCCESS, logIndex=3262, commits[3258574c-39ac-4ed5-9145-ea59a337c299:c3264]
2019-09-02 06:30:18,641 [grpc-default-executor-1] INFO  client.GrpcClientProtocolClient (GrpcClientProtocolClient.java:onNext(255)) - client-0D308AD40832->3258574c-39ac-4ed5-9145-ea59a337c299: receive RaftClientReply:client-0D308AD40832->3258574c-39ac-4ed5-9145-ea59a337c299@group-6C7D867BDA6A, cid=2317, SUCCESS, logIndex=3265, commits[3258574c-39ac-4ed5-9145-ea59a337c299:c3266]
2019-09-02 06:30:18,642 [grpc-default-executor-1] INFO  client.GrpcClientProtocolClient (GrpcClientProtocolClient.java:onNext(255)) - client-0D308AD40832->3258574c-39ac-4ed5-9145-ea59a337c299: receive RaftClientReply:client-0D308AD40832->3258574c-39ac-4ed5-9145-ea59a337c299@group-6C7D867BDA6A, cid=2318, SUCCESS, logIndex=3266, commits[3258574c-39ac-4ed5-9145-ea59a337c299:c3266]
2019-09-02 06:30:18,643 [grpc-default-executor-1] INFO  client.GrpcClientProtocolClient (GrpcClientProtocolClient.java:onNext(255)) - client-0D308AD40832->3258574c-39ac-4ed5-9145-ea59a337c299: receive RaftClientReply:client-0D308AD40832->3258574c-39ac-4ed5-9145-ea59a337c299@group-6C7D867BDA6A, cid=2319, SUCCESS, logIndex=3267, commits[3258574c-39ac-4ed5-9145-ea59a337c299:c3269]
2019-09-02 06:30:18,643 [grpc-default-executor-1] INFO  client.GrpcClientProtocolClient (GrpcClientProtocolClient.java:onNext(255)) - client-0D308AD40832->3258574c-39ac-4ed5-9145-ea59a337c299: receive RaftClientReply:client-0D308AD40832->3258574c-39ac-4ed5-9145-ea59a337c299@group-6C7D867BDA6A, cid=2320, SUCCESS, logIndex=3268, commits[3258574c-39ac-4ed5-9145-ea59a337c299:c3269]
2019-09-02 06:30:18,671 [grpc-default-executor-1] INFO  client.GrpcClientProtocolClient (GrpcClientProtocolClient.java:onNext(255)) - client-0D308AD40832->3258574c-39ac-4ed5-9145-ea59a337c299: receive RaftClientReply:client-0D308AD40832->3258574c-39ac-4ed5-9145-ea59a337c299@group-6C7D867BDA6A, cid=2321, SUCCESS, logIndex=3270, commits[3258574c-39ac-4ed5-9145-ea59a337c299:c3273]
2019-09-02 06:30:18,672 [grpc-default-executor-1] INFO  client.GrpcClientProtocolClient (GrpcClientProtocolClient.java:onNext(255)) - client-0D308AD40832->3258574c-39ac-4ed5-9145-ea59a337c299: receive RaftClientReply:client-0D308AD40832->3258574c-39ac-4ed5-9145-ea59a337c299@group-6C7D867BDA6A, cid=2322, SUCCESS, logIndex=3271, commits[3258574c-39ac-4ed5-9145-ea59a337c299:c3273]
2019-09-02 06:30:18,672 [grpc-default-executor-1] INFO  client.GrpcClientProtocolClient (GrpcClientProtocolClient.java:onNext(255)) - client-0D308AD40832->3258574c-39ac-4ed5-9145-ea59a337c299: receive RaftClientReply:client-0D308AD40832->3258574c-39ac-4ed5-9145-ea59a337c299@group-6C7D867BDA6A, cid=2323, SUCCESS, logIndex=3272, commits[3258574c-39ac-4ed5-9145-ea59a337c299:c3274]
2019-09-02 06:30:18,672 [grpc-default-executor-1] INFO  client.GrpcClientProtocolClient (GrpcClientProtocolClient.java:onNext(255)) - client-0D308AD40832->3258574c-39ac-4ed5-9145-ea59a337c299: receive RaftClientReply:client-0D308AD40832->3258574c-39ac-4ed5-9145-ea59a337c299@group-6C7D867BDA6A, cid=2324, SUCCESS, logIndex=3273, commits[3258574c-39ac-4ed5-9145-ea59a337c299:c3274]
2019-09-02 06:30:18,692 [grpc-default-executor-0] INFO  client.GrpcClientProtocolClient (GrpcClientProtocolClient.java:onNext(255)) - client-0D308AD40832->3258574c-39ac-4ed5-9145-ea59a337c299: receive RaftClientReply:client-0D308AD40832->3258574c-39ac-4ed5-9145-ea59a337c299@group-6C7D867BDA6A, cid=2325, SUCCESS, logIndex=3276, commits[3258574c-39ac-4ed5-9145-ea59a337c299:c3277]
2019-09-02 06:30:18,692 [grpc-default-executor-0] INFO  client.GrpcClientProtocolClient (GrpcClientProtocolClient.java:onNext(255)) - client-0D308AD40832->3258574c-39ac-4ed5-9145-ea59a337c299: receive RaftClientReply:client-0D308AD40832->3258574c-39ac-4ed5-9145-ea59a337c299@group-6C7D867BDA6A, cid=2326, SUCCESS, logIndex=3277, commits[3258574c-39ac-4ed5-9145-ea59a337c299:c3279]
2019-09-02 06:30:18,693 [grpc-default-executor-0] INFO  client.GrpcClientProtocolClient (GrpcClientProtocolClient.java:onNext(255)) - client-0D308AD40832->3258574c-39ac-4ed5-9145-ea59a337c299: receive RaftClientReply:client-0D308AD40832->3258574c-39ac-4ed5-9145-ea59a337c299@group-6C7D867BDA6A, cid=2327, SUCCESS, logIndex=3278, commits[3258574c-39ac-4ed5-9145-ea59a337c299:c3280]
2019-09-02 06:30:18,693 [grpc-default-executor-0] INFO  client.GrpcClientProtocolClient (GrpcClientProtocolClient.java:onNext(255)) - client-0D308AD40832->3258574c-39ac-4ed5-9145-ea59a337c299: receive RaftClientReply:client-0D308AD40832->3258574c-39ac-4ed5-9145-ea59a337c299@group-6C7D867BDA6A, cid=2328, SUCCESS, logIndex=3279, commits[3258574c-39ac-4ed5-9145-ea59a337c299:c3280]
2019-09-02 06:30:18,702 [SCMBlockDeletingService#1] DEBUG block.SCMBlockDeletingService (SCMBlockDeletingService.java:call(138)) - Running DeletedBlockTransactionScanner
2019-09-02 06:30:18,702 [SCMBlockDeletingService#1] DEBUG block.SCMBlockDeletingService (SCMBlockDeletingService.java:call(155)) - Scanned deleted blocks log and got 0 delTX to process.
2019-09-02 06:30:18,721 [grpc-default-executor-0] INFO  client.GrpcClientProtocolClient (GrpcClientProtocolClient.java:onNext(255)) - client-0D308AD40832->3258574c-39ac-4ed5-9145-ea59a337c299: receive RaftClientReply:client-0D308AD40832->3258574c-39ac-4ed5-9145-ea59a337c299@group-6C7D867BDA6A, cid=2329, SUCCESS, logIndex=3282, commits[3258574c-39ac-4ed5-9145-ea59a337c299:c3285]
2019-09-02 06:30:18,722 [grpc-default-executor-0] INFO  client.GrpcClientProtocolClient (GrpcClientProtocolClient.java:onNext(255)) - client-0D308AD40832->3258574c-39ac-4ed5-9145-ea59a337c299: receive RaftClientReply:client-0D308AD40832->3258574c-39ac-4ed5-9145-ea59a337c299@group-6C7D867BDA6A, cid=2330, SUCCESS, logIndex=3283, commits[3258574c-39ac-4ed5-9145-ea59a337c299:c3286]
2019-09-02 06:30:18,722 [grpc-default-executor-0] INFO  client.GrpcClientProtocolClient (GrpcClientProtocolClient.java:onNext(255)) - client-0D308AD40832->3258574c-39ac-4ed5-9145-ea59a337c299: receive RaftClientReply:client-0D308AD40832->3258574c-39ac-4ed5-9145-ea59a337c299@group-6C7D867BDA6A, cid=2331, SUCCESS, logIndex=3284, commits[3258574c-39ac-4ed5-9145-ea59a337c299:c3287]
2019-09-02 06:30:18,722 [grpc-default-executor-0] INFO  client.GrpcClientProtocolClient (GrpcClientProtocolClient.java:onNext(255)) - client-0D308AD40832->3258574c-39ac-4ed5-9145-ea59a337c299: receive RaftClientReply:client-0D308AD40832->3258574c-39ac-4ed5-9145-ea59a337c299@group-6C7D867BDA6A, cid=2332, SUCCESS, logIndex=3285, commits[3258574c-39ac-4ed5-9145-ea59a337c299:c3287]
2019-09-02 06:30:18,743 [grpc-default-executor-1] INFO  client.GrpcClientProtocolClient (GrpcClientProtocolClient.java:onNext(255)) - client-0D308AD40832->3258574c-39ac-4ed5-9145-ea59a337c299: receive RaftClientReply:client-0D308AD40832->3258574c-39ac-4ed5-9145-ea59a337c299@group-6C7D867BDA6A, cid=2333, SUCCESS, logIndex=3288, commits[3258574c-39ac-4ed5-9145-ea59a337c299:c3289]
2019-09-02 06:30:18,743 [grpc-default-executor-1] INFO  client.GrpcClientProtocolClient (GrpcClientProtocolClient.java:onNext(255)) - client-0D308AD40832->3258574c-39ac-4ed5-9145-ea59a337c299: receive RaftClientReply:client-0D308AD40832->3258574c-39ac-4ed5-9145-ea59a337c299@group-6C7D867BDA6A, cid=2334, SUCCESS, logIndex=3289, commits[3258574c-39ac-4ed5-9145-ea59a337c299:c3291]
2019-09-02 06:30:18,743 [grpc-default-executor-1] INFO  client.GrpcClientProtocolClient (GrpcClientProtocolClient.java:onNext(255)) - client-0D308AD40832->3258574c-39ac-4ed5-9145-ea59a337c299: receive RaftClientReply:client-0D308AD40832->3258574c-39ac-4ed5-9145-ea59a337c299@group-6C7D867BDA6A, cid=2335, SUCCESS, logIndex=3290, commits[3258574c-39ac-4ed5-9145-ea59a337c299:c3292]
2019-09-02 06:30:18,744 [grpc-default-executor-1] INFO  client.GrpcClientProtocolClient (GrpcClientProtocolClient.java:onNext(255)) - client-0D308AD40832->3258574c-39ac-4ed5-9145-ea59a337c299: receive RaftClientReply:client-0D308AD40832->3258574c-39ac-4ed5-9145-ea59a337c299@group-6C7D867BDA6A, cid=2336, SUCCESS, logIndex=3291, commits[3258574c-39ac-4ed5-9145-ea59a337c299:c3292]
2019-09-02 06:30:18,774 [grpc-default-executor-0] INFO  client.GrpcClientProtocolClient (GrpcClientProtocolClient.java:onNext(255)) - client-0D308AD40832->3258574c-39ac-4ed5-9145-ea59a337c299: receive RaftClientReply:client-0D308AD40832->3258574c-39ac-4ed5-9145-ea59a337c299@group-6C7D867BDA6A, cid=2337, SUCCESS, logIndex=3294, commits[3258574c-39ac-4ed5-9145-ea59a337c299:c3295]
2019-09-02 06:30:18,775 [grpc-default-executor-0] INFO  client.GrpcClientProtocolClient (GrpcClientProtocolClient.java:onNext(255)) - client-0D308AD40832->3258574c-39ac-4ed5-9145-ea59a337c299: receive RaftClientReply:client-0D308AD40832->3258574c-39ac-4ed5-9145-ea59a337c299@group-6C7D867BDA6A, cid=2338, SUCCESS, logIndex=3295, commits[3258574c-39ac-4ed5-9145-ea59a337c299:c3297]
2019-09-02 06:30:18,776 [grpc-default-executor-0] INFO  client.GrpcClientProtocolClient (GrpcClientProtocolClient.java:onNext(255)) - client-0D308AD40832->3258574c-39ac-4ed5-9145-ea59a337c299: receive RaftClientReply:client-0D308AD40832->3258574c-39ac-4ed5-9145-ea59a337c299@group-6C7D867BDA6A, cid=2339, SUCCESS, logIndex=3296, commits[3258574c-39ac-4ed5-9145-ea59a337c299:c3298]
2019-09-02 06:30:18,776 [grpc-default-executor-0] INFO  client.GrpcClientProtocolClient (GrpcClientProtocolClient.java:onNext(255)) - client-0D308AD40832->3258574c-39ac-4ed5-9145-ea59a337c299: receive RaftClientReply:client-0D308AD40832->3258574c-39ac-4ed5-9145-ea59a337c299@group-6C7D867BDA6A, cid=2340, SUCCESS, logIndex=3297, commits[3258574c-39ac-4ed5-9145-ea59a337c299:c3298]
2019-09-02 06:30:18,930 [SCMBlockDeletingService#0] DEBUG block.SCMBlockDeletingService (SCMBlockDeletingService.java:call(138)) - Running DeletedBlockTransactionScanner
2019-09-02 06:30:18,930 [SCMBlockDeletingService#0] DEBUG block.SCMBlockDeletingService (SCMBlockDeletingService.java:call(155)) - Scanned deleted blocks log and got 0 delTX to process.
2019-09-02 06:30:18,950 [grpc-default-executor-0] INFO  client.GrpcClientProtocolClient (GrpcClientProtocolClient.java:onNext(255)) - client-0D308AD40832->3258574c-39ac-4ed5-9145-ea59a337c299: receive RaftClientReply:client-0D308AD40832->3258574c-39ac-4ed5-9145-ea59a337c299@group-6C7D867BDA6A, cid=2341, SUCCESS, logIndex=3300, commits[3258574c-39ac-4ed5-9145-ea59a337c299:c3301]
2019-09-02 06:30:18,950 [grpc-default-executor-0] INFO  client.GrpcClientProtocolClient (GrpcClientProtocolClient.java:onNext(255)) - client-0D308AD40832->3258574c-39ac-4ed5-9145-ea59a337c299: receive RaftClientReply:client-0D308AD40832->3258574c-39ac-4ed5-9145-ea59a337c299@group-6C7D867BDA6A, cid=2342, SUCCESS, logIndex=3301, commits[3258574c-39ac-4ed5-9145-ea59a337c299:c3301]
2019-09-02 06:30:19,030 [SCMBlockDeletingService#1] DEBUG block.SCMBlockDeletingService (SCMBlockDeletingService.java:call(138)) - Running DeletedBlockTransactionScanner
2019-09-02 06:30:19,031 [SCMBlockDeletingService#1] DEBUG block.SCMBlockDeletingService (SCMBlockDeletingService.java:call(155)) - Scanned deleted blocks log and got 0 delTX to process.
2019-09-02 06:30:19,079 [grpc-default-executor-1] INFO  client.GrpcClientProtocolClient (GrpcClientProtocolClient.java:onNext(255)) - client-0D308AD40832->3258574c-39ac-4ed5-9145-ea59a337c299: receive RaftClientReply:client-0D308AD40832->3258574c-39ac-4ed5-9145-ea59a337c299@group-6C7D867BDA6A, cid=2343, SUCCESS, logIndex=3303, commits[3258574c-39ac-4ed5-9145-ea59a337c299:c3304]
2019-09-02 06:30:19,080 [grpc-default-executor-1] INFO  client.GrpcClientProtocolClient (GrpcClientProtocolClient.java:onNext(255)) - client-0D308AD40832->3258574c-39ac-4ed5-9145-ea59a337c299: receive RaftClientReply:client-0D308AD40832->3258574c-39ac-4ed5-9145-ea59a337c299@group-6C7D867BDA6A, cid=2344, SUCCESS, logIndex=3304, commits[3258574c-39ac-4ed5-9145-ea59a337c299:c3305]
2019-09-02 06:30:19,108 [grpc-default-executor-1] INFO  client.GrpcClientProtocolClient (GrpcClientProtocolClient.java:onNext(255)) - client-0D308AD40832->3258574c-39ac-4ed5-9145-ea59a337c299: receive RaftClientReply:client-0D308AD40832->3258574c-39ac-4ed5-9145-ea59a337c299@group-6C7D867BDA6A, cid=2345, SUCCESS, logIndex=3306, commits[3258574c-39ac-4ed5-9145-ea59a337c299:c3309]
2019-09-02 06:30:19,108 [grpc-default-executor-1] INFO  client.GrpcClientProtocolClient (GrpcClientProtocolClient.java:onNext(255)) - client-0D308AD40832->3258574c-39ac-4ed5-9145-ea59a337c299: receive RaftClientReply:client-0D308AD40832->3258574c-39ac-4ed5-9145-ea59a337c299@group-6C7D867BDA6A, cid=2346, SUCCESS, logIndex=3307, commits[3258574c-39ac-4ed5-9145-ea59a337c299:c3310]
2019-09-02 06:30:19,108 [grpc-default-executor-1] INFO  client.GrpcClientProtocolClient (GrpcClientProtocolClient.java:onNext(255)) - client-0D308AD40832->3258574c-39ac-4ed5-9145-ea59a337c299: receive RaftClientReply:client-0D308AD40832->3258574c-39ac-4ed5-9145-ea59a337c299@group-6C7D867BDA6A, cid=2347, SUCCESS, logIndex=3308, commits[3258574c-39ac-4ed5-9145-ea59a337c299:c3310]
2019-09-02 06:30:19,109 [grpc-default-executor-1] INFO  client.GrpcClientProtocolClient (GrpcClientProtocolClient.java:onNext(255)) - client-0D308AD40832->3258574c-39ac-4ed5-9145-ea59a337c299: receive RaftClientReply:client-0D308AD40832->3258574c-39ac-4ed5-9145-ea59a337c299@group-6C7D867BDA6A, cid=2348, SUCCESS, logIndex=3309, commits[3258574c-39ac-4ed5-9145-ea59a337c299:c3310]
2019-09-02 06:30:19,129 [grpc-default-executor-0] INFO  client.GrpcClientProtocolClient (GrpcClientProtocolClient.java:onNext(255)) - client-0D308AD40832->3258574c-39ac-4ed5-9145-ea59a337c299: receive RaftClientReply:client-0D308AD40832->3258574c-39ac-4ed5-9145-ea59a337c299@group-6C7D867BDA6A, cid=2349, SUCCESS, logIndex=3311, commits[3258574c-39ac-4ed5-9145-ea59a337c299:c3314]
2019-09-02 06:30:19,130 [grpc-default-executor-0] INFO  client.GrpcClientProtocolClient (GrpcClientProtocolClient.java:onNext(255)) - client-0D308AD40832->3258574c-39ac-4ed5-9145-ea59a337c299: receive RaftClientReply:client-0D308AD40832->3258574c-39ac-4ed5-9145-ea59a337c299@group-6C7D867BDA6A, cid=2350, SUCCESS, logIndex=3312, commits[3258574c-39ac-4ed5-9145-ea59a337c299:c3314]
2019-09-02 06:30:19,130 [grpc-default-executor-0] INFO  client.GrpcClientProtocolClient (GrpcClientProtocolClient.java:onNext(255)) - client-0D308AD40832->3258574c-39ac-4ed5-9145-ea59a337c299: receive RaftClientReply:client-0D308AD40832->3258574c-39ac-4ed5-9145-ea59a337c299@group-6C7D867BDA6A, cid=2351, SUCCESS, logIndex=3313, commits[3258574c-39ac-4ed5-9145-ea59a337c299:c3314]
2019-09-02 06:30:19,131 [grpc-default-executor-0] INFO  client.GrpcClientProtocolClient (GrpcClientProtocolClient.java:onNext(255)) - client-0D308AD40832->3258574c-39ac-4ed5-9145-ea59a337c299: receive RaftClientReply:client-0D308AD40832->3258574c-39ac-4ed5-9145-ea59a337c299@group-6C7D867BDA6A, cid=2352, SUCCESS, logIndex=3314, commits[3258574c-39ac-4ed5-9145-ea59a337c299:c3314]
2019-09-02 06:30:19,131 [SCMBlockDeletingService#1] DEBUG block.SCMBlockDeletingService (SCMBlockDeletingService.java:call(138)) - Running DeletedBlockTransactionScanner
2019-09-02 06:30:19,132 [SCMBlockDeletingService#1] DEBUG block.SCMBlockDeletingService (SCMBlockDeletingService.java:call(155)) - Scanned deleted blocks log and got 0 delTX to process.
2019-09-02 06:30:19,161 [grpc-default-executor-0] INFO  client.GrpcClientProtocolClient (GrpcClientProtocolClient.java:onNext(255)) - client-0D308AD40832->3258574c-39ac-4ed5-9145-ea59a337c299: receive RaftClientReply:client-0D308AD40832->3258574c-39ac-4ed5-9145-ea59a337c299@group-6C7D867BDA6A, cid=2353, SUCCESS, logIndex=3316, commits[3258574c-39ac-4ed5-9145-ea59a337c299:c3319]
2019-09-02 06:30:19,162 [grpc-default-executor-0] INFO  client.GrpcClientProtocolClient (GrpcClientProtocolClient.java:onNext(255)) - client-0D308AD40832->3258574c-39ac-4ed5-9145-ea59a337c299: receive RaftClientReply:client-0D308AD40832->3258574c-39ac-4ed5-9145-ea59a337c299@group-6C7D867BDA6A, cid=2354, SUCCESS, logIndex=3317, commits[3258574c-39ac-4ed5-9145-ea59a337c299:c3320]
2019-09-02 06:30:19,162 [grpc-default-executor-0] INFO  client.GrpcClientProtocolClient (GrpcClientProtocolClient.java:onNext(255)) - client-0D308AD40832->3258574c-39ac-4ed5-9145-ea59a337c299: receive RaftClientReply:client-0D308AD40832->3258574c-39ac-4ed5-9145-ea59a337c299@group-6C7D867BDA6A, cid=2355, SUCCESS, logIndex=3318, commits[3258574c-39ac-4ed5-9145-ea59a337c299:c3320]
2019-09-02 06:30:19,163 [grpc-default-executor-0] INFO  client.GrpcClientProtocolClient (GrpcClientProtocolClient.java:onNext(255)) - client-0D308AD40832->3258574c-39ac-4ed5-9145-ea59a337c299: receive RaftClientReply:client-0D308AD40832->3258574c-39ac-4ed5-9145-ea59a337c299@group-6C7D867BDA6A, cid=2356, SUCCESS, logIndex=3319, commits[3258574c-39ac-4ed5-9145-ea59a337c299:c3320]
2019-09-02 06:30:19,183 [grpc-default-executor-0] INFO  client.GrpcClientProtocolClient (GrpcClientProtocolClient.java:onNext(255)) - client-0D308AD40832->3258574c-39ac-4ed5-9145-ea59a337c299: receive RaftClientReply:client-0D308AD40832->3258574c-39ac-4ed5-9145-ea59a337c299@group-6C7D867BDA6A, cid=2357, SUCCESS, logIndex=3321, commits[3258574c-39ac-4ed5-9145-ea59a337c299:c3324]
2019-09-02 06:30:19,184 [grpc-default-executor-0] INFO  client.GrpcClientProtocolClient (GrpcClientProtocolClient.java:onNext(255)) - client-0D308AD40832->3258574c-39ac-4ed5-9145-ea59a337c299: receive RaftClientReply:client-0D308AD40832->3258574c-39ac-4ed5-9145-ea59a337c299@group-6C7D867BDA6A, cid=2358, SUCCESS, logIndex=3322, commits[3258574c-39ac-4ed5-9145-ea59a337c299:c3325]
2019-09-02 06:30:19,184 [grpc-default-executor-0] INFO  client.GrpcClientProtocolClient (GrpcClientProtocolClient.java:onNext(255)) - client-0D308AD40832->3258574c-39ac-4ed5-9145-ea59a337c299: receive RaftClientReply:client-0D308AD40832->3258574c-39ac-4ed5-9145-ea59a337c299@group-6C7D867BDA6A, cid=2359, SUCCESS, logIndex=3323, commits[3258574c-39ac-4ed5-9145-ea59a337c299:c3325]
2019-09-02 06:30:19,184 [grpc-default-executor-0] INFO  client.GrpcClientProtocolClient (GrpcClientProtocolClient.java:onNext(255)) - client-0D308AD40832->3258574c-39ac-4ed5-9145-ea59a337c299: receive RaftClientReply:client-0D308AD40832->3258574c-39ac-4ed5-9145-ea59a337c299@group-6C7D867BDA6A, cid=2360, SUCCESS, logIndex=3324, commits[3258574c-39ac-4ed5-9145-ea59a337c299:c3325]
2019-09-02 06:30:19,216 [grpc-default-executor-0] INFO  client.GrpcClientProtocolClient (GrpcClientProtocolClient.java:onNext(255)) - client-0D308AD40832->3258574c-39ac-4ed5-9145-ea59a337c299: receive RaftClientReply:client-0D308AD40832->3258574c-39ac-4ed5-9145-ea59a337c299@group-6C7D867BDA6A, cid=2361, SUCCESS, logIndex=3326, commits[3258574c-39ac-4ed5-9145-ea59a337c299:c3329]
2019-09-02 06:30:19,217 [grpc-default-executor-0] INFO  client.GrpcClientProtocolClient (GrpcClientProtocolClient.java:onNext(255)) - client-0D308AD40832->3258574c-39ac-4ed5-9145-ea59a337c299: receive RaftClientReply:client-0D308AD40832->3258574c-39ac-4ed5-9145-ea59a337c299@group-6C7D867BDA6A, cid=2362, SUCCESS, logIndex=3327, commits[3258574c-39ac-4ed5-9145-ea59a337c299:c3329]
2019-09-02 06:30:19,217 [grpc-default-executor-0] INFO  client.GrpcClientProtocolClient (GrpcClientProtocolClient.java:onNext(255)) - client-0D308AD40832->3258574c-39ac-4ed5-9145-ea59a337c299: receive RaftClientReply:client-0D308AD40832->3258574c-39ac-4ed5-9145-ea59a337c299@group-6C7D867BDA6A, cid=2363, SUCCESS, logIndex=3328, commits[3258574c-39ac-4ed5-9145-ea59a337c299:c3330]
2019-09-02 06:30:19,217 [grpc-default-executor-0] INFO  client.GrpcClientProtocolClient (GrpcClientProtocolClient.java:onNext(255)) - client-0D308AD40832->3258574c-39ac-4ed5-9145-ea59a337c299: receive RaftClientReply:client-0D308AD40832->3258574c-39ac-4ed5-9145-ea59a337c299@group-6C7D867BDA6A, cid=2364, SUCCESS, logIndex=3329, commits[3258574c-39ac-4ed5-9145-ea59a337c299:c3330]
2019-09-02 06:30:19,232 [SCMBlockDeletingService#1] DEBUG block.SCMBlockDeletingService (SCMBlockDeletingService.java:call(138)) - Running DeletedBlockTransactionScanner
2019-09-02 06:30:19,232 [SCMBlockDeletingService#1] DEBUG block.SCMBlockDeletingService (SCMBlockDeletingService.java:call(155)) - Scanned deleted blocks log and got 0 delTX to process.
2019-09-02 06:30:19,242 [grpc-default-executor-0] INFO  client.GrpcClientProtocolClient (GrpcClientProtocolClient.java:onNext(255)) - client-0D308AD40832->3258574c-39ac-4ed5-9145-ea59a337c299: receive RaftClientReply:client-0D308AD40832->3258574c-39ac-4ed5-9145-ea59a337c299@group-6C7D867BDA6A, cid=2365, SUCCESS, logIndex=3331, commits[3258574c-39ac-4ed5-9145-ea59a337c299:c3334]
2019-09-02 06:30:19,243 [grpc-default-executor-0] INFO  client.GrpcClientProtocolClient (GrpcClientProtocolClient.java:onNext(255)) - client-0D308AD40832->3258574c-39ac-4ed5-9145-ea59a337c299: receive RaftClientReply:client-0D308AD40832->3258574c-39ac-4ed5-9145-ea59a337c299@group-6C7D867BDA6A, cid=2366, SUCCESS, logIndex=3332, commits[3258574c-39ac-4ed5-9145-ea59a337c299:c3334]
2019-09-02 06:30:19,243 [grpc-default-executor-0] INFO  client.GrpcClientProtocolClient (GrpcClientProtocolClient.java:onNext(255)) - client-0D308AD40832->3258574c-39ac-4ed5-9145-ea59a337c299: receive RaftClientReply:client-0D308AD40832->3258574c-39ac-4ed5-9145-ea59a337c299@group-6C7D867BDA6A, cid=2367, SUCCESS, logIndex=3333, commits[3258574c-39ac-4ed5-9145-ea59a337c299:c3334]
2019-09-02 06:30:19,243 [grpc-default-executor-0] INFO  client.GrpcClientProtocolClient (GrpcClientProtocolClient.java:onNext(255)) - client-0D308AD40832->3258574c-39ac-4ed5-9145-ea59a337c299: receive RaftClientReply:client-0D308AD40832->3258574c-39ac-4ed5-9145-ea59a337c299@group-6C7D867BDA6A, cid=2368, SUCCESS, logIndex=3334, commits[3258574c-39ac-4ed5-9145-ea59a337c299:c3334]
2019-09-02 06:30:19,270 [grpc-default-executor-0] INFO  client.GrpcClientProtocolClient (GrpcClientProtocolClient.java:onNext(255)) - client-0D308AD40832->3258574c-39ac-4ed5-9145-ea59a337c299: receive RaftClientReply:client-0D308AD40832->3258574c-39ac-4ed5-9145-ea59a337c299@group-6C7D867BDA6A, cid=2369, SUCCESS, logIndex=3336, commits[3258574c-39ac-4ed5-9145-ea59a337c299:c3339]
2019-09-02 06:30:19,270 [grpc-default-executor-0] INFO  client.GrpcClientProtocolClient (GrpcClientProtocolClient.java:onNext(255)) - client-0D308AD40832->3258574c-39ac-4ed5-9145-ea59a337c299: receive RaftClientReply:client-0D308AD40832->3258574c-39ac-4ed5-9145-ea59a337c299@group-6C7D867BDA6A, cid=2370, SUCCESS, logIndex=3337, commits[3258574c-39ac-4ed5-9145-ea59a337c299:c3340]
2019-09-02 06:30:19,271 [grpc-default-executor-0] INFO  client.GrpcClientProtocolClient (GrpcClientProtocolClient.java:onNext(255)) - client-0D308AD40832->3258574c-39ac-4ed5-9145-ea59a337c299: receive RaftClientReply:client-0D308AD40832->3258574c-39ac-4ed5-9145-ea59a337c299@group-6C7D867BDA6A, cid=2371, SUCCESS, logIndex=3338, commits[3258574c-39ac-4ed5-9145-ea59a337c299:c3340]
2019-09-02 06:30:19,271 [grpc-default-executor-0] INFO  client.GrpcClientProtocolClient (GrpcClientProtocolClient.java:onNext(255)) - client-0D308AD40832->3258574c-39ac-4ed5-9145-ea59a337c299: receive RaftClientReply:client-0D308AD40832->3258574c-39ac-4ed5-9145-ea59a337c299@group-6C7D867BDA6A, cid=2372, SUCCESS, logIndex=3339, commits[3258574c-39ac-4ed5-9145-ea59a337c299:c3340]
2019-09-02 06:30:19,290 [grpc-default-executor-0] INFO  client.GrpcClientProtocolClient (GrpcClientProtocolClient.java:onNext(255)) - client-0D308AD40832->3258574c-39ac-4ed5-9145-ea59a337c299: receive RaftClientReply:client-0D308AD40832->3258574c-39ac-4ed5-9145-ea59a337c299@group-6C7D867BDA6A, cid=2373, SUCCESS, logIndex=3341, commits[3258574c-39ac-4ed5-9145-ea59a337c299:c3344]
2019-09-02 06:30:19,290 [grpc-default-executor-0] INFO  client.GrpcClientProtocolClient (GrpcClientProtocolClient.java:onNext(255)) - client-0D308AD40832->3258574c-39ac-4ed5-9145-ea59a337c299: receive RaftClientReply:client-0D308AD40832->3258574c-39ac-4ed5-9145-ea59a337c299@group-6C7D867BDA6A, cid=2374, SUCCESS, logIndex=3342, commits[3258574c-39ac-4ed5-9145-ea59a337c299:c3344]
2019-09-02 06:30:19,291 [grpc-default-executor-0] INFO  client.GrpcClientProtocolClient (GrpcClientProtocolClient.java:onNext(255)) - client-0D308AD40832->3258574c-39ac-4ed5-9145-ea59a337c299: receive RaftClientReply:client-0D308AD40832->3258574c-39ac-4ed5-9145-ea59a337c299@group-6C7D867BDA6A, cid=2375, SUCCESS, logIndex=3343, commits[3258574c-39ac-4ed5-9145-ea59a337c299:c3344]
2019-09-02 06:30:19,291 [grpc-default-executor-0] INFO  client.GrpcClientProtocolClient (GrpcClientProtocolClient.java:onNext(255)) - client-0D308AD40832->3258574c-39ac-4ed5-9145-ea59a337c299: receive RaftClientReply:client-0D308AD40832->3258574c-39ac-4ed5-9145-ea59a337c299@group-6C7D867BDA6A, cid=2376, SUCCESS, logIndex=3344, commits[3258574c-39ac-4ed5-9145-ea59a337c299:c3344]
2019-09-02 06:30:19,323 [grpc-default-executor-0] INFO  client.GrpcClientProtocolClient (GrpcClientProtocolClient.java:onNext(255)) - client-0D308AD40832->3258574c-39ac-4ed5-9145-ea59a337c299: receive RaftClientReply:client-0D308AD40832->3258574c-39ac-4ed5-9145-ea59a337c299@group-6C7D867BDA6A, cid=2377, SUCCESS, logIndex=3346, commits[3258574c-39ac-4ed5-9145-ea59a337c299:c3349]
2019-09-02 06:30:19,324 [grpc-default-executor-0] INFO  client.GrpcClientProtocolClient (GrpcClientProtocolClient.java:onNext(255)) - client-0D308AD40832->3258574c-39ac-4ed5-9145-ea59a337c299: receive RaftClientReply:client-0D308AD40832->3258574c-39ac-4ed5-9145-ea59a337c299@group-6C7D867BDA6A, cid=2378, SUCCESS, logIndex=3347, commits[3258574c-39ac-4ed5-9145-ea59a337c299:c3349]
2019-09-02 06:30:19,324 [grpc-default-executor-0] INFO  client.GrpcClientProtocolClient (GrpcClientProtocolClient.java:onNext(255)) - client-0D308AD40832->3258574c-39ac-4ed5-9145-ea59a337c299: receive RaftClientReply:client-0D308AD40832->3258574c-39ac-4ed5-9145-ea59a337c299@group-6C7D867BDA6A, cid=2379, SUCCESS, logIndex=3348, commits[3258574c-39ac-4ed5-9145-ea59a337c299:c3349]
2019-09-02 06:30:19,325 [grpc-default-executor-0] INFO  client.GrpcClientProtocolClient (GrpcClientProtocolClient.java:onNext(255)) - client-0D308AD40832->3258574c-39ac-4ed5-9145-ea59a337c299: receive RaftClientReply:client-0D308AD40832->3258574c-39ac-4ed5-9145-ea59a337c299@group-6C7D867BDA6A, cid=2380, SUCCESS, logIndex=3349, commits[3258574c-39ac-4ed5-9145-ea59a337c299:c3349]
2019-09-02 06:30:19,332 [SCMBlockDeletingService#1] DEBUG block.SCMBlockDeletingService (SCMBlockDeletingService.java:call(138)) - Running DeletedBlockTransactionScanner
2019-09-02 06:30:19,333 [SCMBlockDeletingService#1] DEBUG block.SCMBlockDeletingService (SCMBlockDeletingService.java:call(155)) - Scanned deleted blocks log and got 0 delTX to process.
2019-09-02 06:30:19,348 [grpc-default-executor-1] INFO  client.GrpcClientProtocolClient (GrpcClientProtocolClient.java:onNext(255)) - client-0D308AD40832->3258574c-39ac-4ed5-9145-ea59a337c299: receive RaftClientReply:client-0D308AD40832->3258574c-39ac-4ed5-9145-ea59a337c299@group-6C7D867BDA6A, cid=2381, SUCCESS, logIndex=3351, commits[3258574c-39ac-4ed5-9145-ea59a337c299:c3354]
2019-09-02 06:30:19,349 [grpc-default-executor-1] INFO  client.GrpcClientProtocolClient (GrpcClientProtocolClient.java:onNext(255)) - client-0D308AD40832->3258574c-39ac-4ed5-9145-ea59a337c299: receive RaftClientReply:client-0D308AD40832->3258574c-39ac-4ed5-9145-ea59a337c299@group-6C7D867BDA6A, cid=2382, SUCCESS, logIndex=3352, commits[3258574c-39ac-4ed5-9145-ea59a337c299:c3355]
2019-09-02 06:30:19,349 [grpc-default-executor-1] INFO  client.GrpcClientProtocolClient (GrpcClientProtocolClient.java:onNext(255)) - client-0D308AD40832->3258574c-39ac-4ed5-9145-ea59a337c299: receive RaftClientReply:client-0D308AD40832->3258574c-39ac-4ed5-9145-ea59a337c299@group-6C7D867BDA6A, cid=2383, SUCCESS, logIndex=3353, commits[3258574c-39ac-4ed5-9145-ea59a337c299:c3355]
2019-09-02 06:30:19,349 [grpc-default-executor-1] INFO  client.GrpcClientProtocolClient (GrpcClientProtocolClient.java:onNext(255)) - client-0D308AD40832->3258574c-39ac-4ed5-9145-ea59a337c299: receive RaftClientReply:client-0D308AD40832->3258574c-39ac-4ed5-9145-ea59a337c299@group-6C7D867BDA6A, cid=2384, SUCCESS, logIndex=3354, commits[3258574c-39ac-4ed5-9145-ea59a337c299:c3355]
2019-09-02 06:30:19,374 [grpc-default-executor-0] INFO  client.GrpcClientProtocolClient (GrpcClientProtocolClient.java:onNext(255)) - client-0D308AD40832->3258574c-39ac-4ed5-9145-ea59a337c299: receive RaftClientReply:client-0D308AD40832->3258574c-39ac-4ed5-9145-ea59a337c299@group-6C7D867BDA6A, cid=2385, SUCCESS, logIndex=3356, commits[3258574c-39ac-4ed5-9145-ea59a337c299:c3357]
2019-09-02 06:30:19,375 [grpc-default-executor-0] INFO  client.GrpcClientProtocolClient (GrpcClientProtocolClient.java:onNext(255)) - client-0D308AD40832->3258574c-39ac-4ed5-9145-ea59a337c299: receive RaftClientReply:client-0D308AD40832->3258574c-39ac-4ed5-9145-ea59a337c299@group-6C7D867BDA6A, cid=2386, SUCCESS, logIndex=3357, commits[3258574c-39ac-4ed5-9145-ea59a337c299:c3358]
2019-09-02 06:30:19,433 [SCMBlockDeletingService#1] DEBUG block.SCMBlockDeletingService (SCMBlockDeletingService.java:call(138)) - Running DeletedBlockTransactionScanner
2019-09-02 06:30:19,435 [SCMBlockDeletingService#1] DEBUG block.SCMBlockDeletingService (SCMBlockDeletingService.java:call(155)) - Scanned deleted blocks log and got 0 delTX to process.
2019-09-02 06:30:19,474 [grpc-default-executor-1] INFO  client.GrpcClientProtocolClient (GrpcClientProtocolClient.java:onNext(255)) - client-0D308AD40832->3258574c-39ac-4ed5-9145-ea59a337c299: receive RaftClientReply:client-0D308AD40832->3258574c-39ac-4ed5-9145-ea59a337c299@group-6C7D867BDA6A, cid=2387, SUCCESS, logIndex=3359, commits[3258574c-39ac-4ed5-9145-ea59a337c299:c3360]
2019-09-02 06:30:19,474 [grpc-default-executor-1] INFO  client.GrpcClientProtocolClient (GrpcClientProtocolClient.java:onNext(255)) - client-0D308AD40832->3258574c-39ac-4ed5-9145-ea59a337c299: receive RaftClientReply:client-0D308AD40832->3258574c-39ac-4ed5-9145-ea59a337c299@group-6C7D867BDA6A, cid=2388, SUCCESS, logIndex=3360, commits[3258574c-39ac-4ed5-9145-ea59a337c299:c3360]
2019-09-02 06:30:19,495 [grpc-default-executor-1] INFO  client.GrpcClientProtocolClient (GrpcClientProtocolClient.java:onNext(255)) - client-0D308AD40832->3258574c-39ac-4ed5-9145-ea59a337c299: receive RaftClientReply:client-0D308AD40832->3258574c-39ac-4ed5-9145-ea59a337c299@group-6C7D867BDA6A, cid=2389, SUCCESS, logIndex=3362, commits[3258574c-39ac-4ed5-9145-ea59a337c299:c3365]
2019-09-02 06:30:19,495 [grpc-default-executor-1] INFO  client.GrpcClientProtocolClient (GrpcClientProtocolClient.java:onNext(255)) - client-0D308AD40832->3258574c-39ac-4ed5-9145-ea59a337c299: receive RaftClientReply:client-0D308AD40832->3258574c-39ac-4ed5-9145-ea59a337c299@group-6C7D867BDA6A, cid=2390, SUCCESS, logIndex=3363, commits[3258574c-39ac-4ed5-9145-ea59a337c299:c3365]
2019-09-02 06:30:19,496 [grpc-default-executor-1] INFO  client.GrpcClientProtocolClient (GrpcClientProtocolClient.java:onNext(255)) - client-0D308AD40832->3258574c-39ac-4ed5-9145-ea59a337c299: receive RaftClientReply:client-0D308AD40832->3258574c-39ac-4ed5-9145-ea59a337c299@group-6C7D867BDA6A, cid=2391, SUCCESS, logIndex=3364, commits[3258574c-39ac-4ed5-9145-ea59a337c299:c3365]
2019-09-02 06:30:19,496 [grpc-default-executor-1] INFO  client.GrpcClientProtocolClient (GrpcClientProtocolClient.java:onNext(255)) - client-0D308AD40832->3258574c-39ac-4ed5-9145-ea59a337c299: receive RaftClientReply:client-0D308AD40832->3258574c-39ac-4ed5-9145-ea59a337c299@group-6C7D867BDA6A, cid=2392, SUCCESS, logIndex=3365, commits[3258574c-39ac-4ed5-9145-ea59a337c299:c3365]
2019-09-02 06:30:19,534 [grpc-default-executor-0] INFO  client.GrpcClientProtocolClient (GrpcClientProtocolClient.java:onNext(255)) - client-0D308AD40832->3258574c-39ac-4ed5-9145-ea59a337c299: receive RaftClientReply:client-0D308AD40832->3258574c-39ac-4ed5-9145-ea59a337c299@group-6C7D867BDA6A, cid=2393, SUCCESS, logIndex=3367, commits[3258574c-39ac-4ed5-9145-ea59a337c299:c3370]
2019-09-02 06:30:19,535 [SCMBlockDeletingService#1] DEBUG block.SCMBlockDeletingService (SCMBlockDeletingService.java:call(138)) - Running DeletedBlockTransactionScanner
2019-09-02 06:30:19,535 [grpc-default-executor-0] INFO  client.GrpcClientProtocolClient (GrpcClientProtocolClient.java:onNext(255)) - client-0D308AD40832->3258574c-39ac-4ed5-9145-ea59a337c299: receive RaftClientReply:client-0D308AD40832->3258574c-39ac-4ed5-9145-ea59a337c299@group-6C7D867BDA6A, cid=2394, SUCCESS, logIndex=3368, commits[3258574c-39ac-4ed5-9145-ea59a337c299:c3370]
2019-09-02 06:30:19,536 [SCMBlockDeletingService#1] DEBUG block.SCMBlockDeletingService (SCMBlockDeletingService.java:call(155)) - Scanned deleted blocks log and got 0 delTX to process.
2019-09-02 06:30:19,536 [grpc-default-executor-0] INFO  client.GrpcClientProtocolClient (GrpcClientProtocolClient.java:onNext(255)) - client-0D308AD40832->3258574c-39ac-4ed5-9145-ea59a337c299: receive RaftClientReply:client-0D308AD40832->3258574c-39ac-4ed5-9145-ea59a337c299@group-6C7D867BDA6A, cid=2395, SUCCESS, logIndex=3369, commits[3258574c-39ac-4ed5-9145-ea59a337c299:c3370]
2019-09-02 06:30:19,536 [grpc-default-executor-0] INFO  client.GrpcClientProtocolClient (GrpcClientProtocolClient.java:onNext(255)) - client-0D308AD40832->3258574c-39ac-4ed5-9145-ea59a337c299: receive RaftClientReply:client-0D308AD40832->3258574c-39ac-4ed5-9145-ea59a337c299@group-6C7D867BDA6A, cid=2396, SUCCESS, logIndex=3370, commits[3258574c-39ac-4ed5-9145-ea59a337c299:c3370]
2019-09-02 06:30:19,558 [grpc-default-executor-1] INFO  client.GrpcClientProtocolClient (GrpcClientProtocolClient.java:onNext(255)) - client-0D308AD40832->3258574c-39ac-4ed5-9145-ea59a337c299: receive RaftClientReply:client-0D308AD40832->3258574c-39ac-4ed5-9145-ea59a337c299@group-6C7D867BDA6A, cid=2397, SUCCESS, logIndex=3372, commits[3258574c-39ac-4ed5-9145-ea59a337c299:c3375]
2019-09-02 06:30:19,558 [grpc-default-executor-1] INFO  client.GrpcClientProtocolClient (GrpcClientProtocolClient.java:onNext(255)) - client-0D308AD40832->3258574c-39ac-4ed5-9145-ea59a337c299: receive RaftClientReply:client-0D308AD40832->3258574c-39ac-4ed5-9145-ea59a337c299@group-6C7D867BDA6A, cid=2398, SUCCESS, logIndex=3373, commits[3258574c-39ac-4ed5-9145-ea59a337c299:c3376]
2019-09-02 06:30:19,559 [grpc-default-executor-1] INFO  client.GrpcClientProtocolClient (GrpcClientProtocolClient.java:onNext(255)) - client-0D308AD40832->3258574c-39ac-4ed5-9145-ea59a337c299: receive RaftClientReply:client-0D308AD40832->3258574c-39ac-4ed5-9145-ea59a337c299@group-6C7D867BDA6A, cid=2399, SUCCESS, logIndex=3374, commits[3258574c-39ac-4ed5-9145-ea59a337c299:c3376]
2019-09-02 06:30:19,559 [grpc-default-executor-1] INFO  client.GrpcClientProtocolClient (GrpcClientProtocolClient.java:onNext(255)) - client-0D308AD40832->3258574c-39ac-4ed5-9145-ea59a337c299: receive RaftClientReply:client-0D308AD40832->3258574c-39ac-4ed5-9145-ea59a337c299@group-6C7D867BDA6A, cid=2400, SUCCESS, logIndex=3375, commits[3258574c-39ac-4ed5-9145-ea59a337c299:c3376]
2019-09-02 06:30:19,589 [grpc-default-executor-1] INFO  client.GrpcClientProtocolClient (GrpcClientProtocolClient.java:onNext(255)) - client-0D308AD40832->3258574c-39ac-4ed5-9145-ea59a337c299: receive RaftClientReply:client-0D308AD40832->3258574c-39ac-4ed5-9145-ea59a337c299@group-6C7D867BDA6A, cid=2401, SUCCESS, logIndex=3377, commits[3258574c-39ac-4ed5-9145-ea59a337c299:c3380]
2019-09-02 06:30:19,589 [grpc-default-executor-1] INFO  client.GrpcClientProtocolClient (GrpcClientProtocolClient.java:onNext(255)) - client-0D308AD40832->3258574c-39ac-4ed5-9145-ea59a337c299: receive RaftClientReply:client-0D308AD40832->3258574c-39ac-4ed5-9145-ea59a337c299@group-6C7D867BDA6A, cid=2402, SUCCESS, logIndex=3378, commits[3258574c-39ac-4ed5-9145-ea59a337c299:c3381]
2019-09-02 06:30:19,590 [grpc-default-executor-1] INFO  client.GrpcClientProtocolClient (GrpcClientProtocolClient.java:onNext(255)) - client-0D308AD40832->3258574c-39ac-4ed5-9145-ea59a337c299: receive RaftClientReply:client-0D308AD40832->3258574c-39ac-4ed5-9145-ea59a337c299@group-6C7D867BDA6A, cid=2403, SUCCESS, logIndex=3379, commits[3258574c-39ac-4ed5-9145-ea59a337c299:c3381]
2019-09-02 06:30:19,590 [grpc-default-executor-1] INFO  client.GrpcClientProtocolClient (GrpcClientProtocolClient.java:onNext(255)) - client-0D308AD40832->3258574c-39ac-4ed5-9145-ea59a337c299: receive RaftClientReply:client-0D308AD40832->3258574c-39ac-4ed5-9145-ea59a337c299@group-6C7D867BDA6A, cid=2404, SUCCESS, logIndex=3380, commits[3258574c-39ac-4ed5-9145-ea59a337c299:c3381]
2019-09-02 06:30:19,613 [grpc-default-executor-1] INFO  client.GrpcClientProtocolClient (GrpcClientProtocolClient.java:onNext(255)) - client-0D308AD40832->3258574c-39ac-4ed5-9145-ea59a337c299: receive RaftClientReply:client-0D308AD40832->3258574c-39ac-4ed5-9145-ea59a337c299@group-6C7D867BDA6A, cid=2405, SUCCESS, logIndex=3382, commits[3258574c-39ac-4ed5-9145-ea59a337c299:c3385]
2019-09-02 06:30:19,613 [grpc-default-executor-1] INFO  client.GrpcClientProtocolClient (GrpcClientProtocolClient.java:onNext(255)) - client-0D308AD40832->3258574c-39ac-4ed5-9145-ea59a337c299: receive RaftClientReply:client-0D308AD40832->3258574c-39ac-4ed5-9145-ea59a337c299@group-6C7D867BDA6A, cid=2406, SUCCESS, logIndex=3383, commits[3258574c-39ac-4ed5-9145-ea59a337c299:c3385]
2019-09-02 06:30:19,614 [grpc-default-executor-1] INFO  client.GrpcClientProtocolClient (GrpcClientProtocolClient.java:onNext(255)) - client-0D308AD40832->3258574c-39ac-4ed5-9145-ea59a337c299: receive RaftClientReply:client-0D308AD40832->3258574c-39ac-4ed5-9145-ea59a337c299@group-6C7D867BDA6A, cid=2407, SUCCESS, logIndex=3384, commits[3258574c-39ac-4ed5-9145-ea59a337c299:c3385]
2019-09-02 06:30:19,614 [grpc-default-executor-1] INFO  client.GrpcClientProtocolClient (GrpcClientProtocolClient.java:onNext(255)) - client-0D308AD40832->3258574c-39ac-4ed5-9145-ea59a337c299: receive RaftClientReply:client-0D308AD40832->3258574c-39ac-4ed5-9145-ea59a337c299@group-6C7D867BDA6A, cid=2408, SUCCESS, logIndex=3385, commits[3258574c-39ac-4ed5-9145-ea59a337c299:c3385]
2019-09-02 06:30:19,636 [SCMBlockDeletingService#1] DEBUG block.SCMBlockDeletingService (SCMBlockDeletingService.java:call(138)) - Running DeletedBlockTransactionScanner
2019-09-02 06:30:19,636 [SCMBlockDeletingService#1] DEBUG block.SCMBlockDeletingService (SCMBlockDeletingService.java:call(155)) - Scanned deleted blocks log and got 0 delTX to process.
2019-09-02 06:30:19,645 [grpc-default-executor-0] INFO  client.GrpcClientProtocolClient (GrpcClientProtocolClient.java:onNext(255)) - client-0D308AD40832->3258574c-39ac-4ed5-9145-ea59a337c299: receive RaftClientReply:client-0D308AD40832->3258574c-39ac-4ed5-9145-ea59a337c299@group-6C7D867BDA6A, cid=2409, SUCCESS, logIndex=3387, commits[3258574c-39ac-4ed5-9145-ea59a337c299:c3390]
2019-09-02 06:30:19,646 [grpc-default-executor-0] INFO  client.GrpcClientProtocolClient (GrpcClientProtocolClient.java:onNext(255)) - client-0D308AD40832->3258574c-39ac-4ed5-9145-ea59a337c299: receive RaftClientReply:client-0D308AD40832->3258574c-39ac-4ed5-9145-ea59a337c299@group-6C7D867BDA6A, cid=2410, SUCCESS, logIndex=3388, commits[3258574c-39ac-4ed5-9145-ea59a337c299:c3391]
2019-09-02 06:30:19,646 [grpc-default-executor-0] INFO  client.GrpcClientProtocolClient (GrpcClientProtocolClient.java:onNext(255)) - client-0D308AD40832->3258574c-39ac-4ed5-9145-ea59a337c299: receive RaftClientReply:client-0D308AD40832->3258574c-39ac-4ed5-9145-ea59a337c299@group-6C7D867BDA6A, cid=2411, SUCCESS, logIndex=3389, commits[3258574c-39ac-4ed5-9145-ea59a337c299:c3391]
2019-09-02 06:30:19,646 [grpc-default-executor-0] INFO  client.GrpcClientProtocolClient (GrpcClientProtocolClient.java:onNext(255)) - client-0D308AD40832->3258574c-39ac-4ed5-9145-ea59a337c299: receive RaftClientReply:client-0D308AD40832->3258574c-39ac-4ed5-9145-ea59a337c299@group-6C7D867BDA6A, cid=2412, SUCCESS, logIndex=3390, commits[3258574c-39ac-4ed5-9145-ea59a337c299:c3391]
2019-09-02 06:30:19,670 [grpc-default-executor-1] INFO  client.GrpcClientProtocolClient (GrpcClientProtocolClient.java:onNext(255)) - client-0D308AD40832->3258574c-39ac-4ed5-9145-ea59a337c299: receive RaftClientReply:client-0D308AD40832->3258574c-39ac-4ed5-9145-ea59a337c299@group-6C7D867BDA6A, cid=2413, SUCCESS, logIndex=3392, commits[3258574c-39ac-4ed5-9145-ea59a337c299:c3395]
2019-09-02 06:30:19,671 [grpc-default-executor-1] INFO  client.GrpcClientProtocolClient (GrpcClientProtocolClient.java:onNext(255)) - client-0D308AD40832->3258574c-39ac-4ed5-9145-ea59a337c299: receive RaftClientReply:client-0D308AD40832->3258574c-39ac-4ed5-9145-ea59a337c299@group-6C7D867BDA6A, cid=2414, SUCCESS, logIndex=3393, commits[3258574c-39ac-4ed5-9145-ea59a337c299:c3395]
2019-09-02 06:30:19,671 [grpc-default-executor-1] INFO  client.GrpcClientProtocolClient (GrpcClientProtocolClient.java:onNext(255)) - client-0D308AD40832->3258574c-39ac-4ed5-9145-ea59a337c299: receive RaftClientReply:client-0D308AD40832->3258574c-39ac-4ed5-9145-ea59a337c299@group-6C7D867BDA6A, cid=2415, SUCCESS, logIndex=3394, commits[3258574c-39ac-4ed5-9145-ea59a337c299:c3396]
2019-09-02 06:30:19,671 [grpc-default-executor-1] INFO  client.GrpcClientProtocolClient (GrpcClientProtocolClient.java:onNext(255)) - client-0D308AD40832->3258574c-39ac-4ed5-9145-ea59a337c299: receive RaftClientReply:client-0D308AD40832->3258574c-39ac-4ed5-9145-ea59a337c299@group-6C7D867BDA6A, cid=2416, SUCCESS, logIndex=3395, commits[3258574c-39ac-4ed5-9145-ea59a337c299:c3396]
2019-09-02 06:30:19,704 [grpc-default-executor-0] INFO  client.GrpcClientProtocolClient (GrpcClientProtocolClient.java:onNext(255)) - client-0D308AD40832->3258574c-39ac-4ed5-9145-ea59a337c299: receive RaftClientReply:client-0D308AD40832->3258574c-39ac-4ed5-9145-ea59a337c299@group-6C7D867BDA6A, cid=2417, SUCCESS, logIndex=3397, commits[3258574c-39ac-4ed5-9145-ea59a337c299:c3400]
2019-09-02 06:30:19,704 [grpc-default-executor-0] INFO  client.GrpcClientProtocolClient (GrpcClientProtocolClient.java:onNext(255)) - client-0D308AD40832->3258574c-39ac-4ed5-9145-ea59a337c299: receive RaftClientReply:client-0D308AD40832->3258574c-39ac-4ed5-9145-ea59a337c299@group-6C7D867BDA6A, cid=2418, SUCCESS, logIndex=3398, commits[3258574c-39ac-4ed5-9145-ea59a337c299:c3401]
2019-09-02 06:30:19,705 [grpc-default-executor-0] INFO  client.GrpcClientProtocolClient (GrpcClientProtocolClient.java:onNext(255)) - client-0D308AD40832->3258574c-39ac-4ed5-9145-ea59a337c299: receive RaftClientReply:client-0D308AD40832->3258574c-39ac-4ed5-9145-ea59a337c299@group-6C7D867BDA6A, cid=2419, SUCCESS, logIndex=3399, commits[3258574c-39ac-4ed5-9145-ea59a337c299:c3401]
2019-09-02 06:30:19,705 [grpc-default-executor-0] INFO  client.GrpcClientProtocolClient (GrpcClientProtocolClient.java:onNext(255)) - client-0D308AD40832->3258574c-39ac-4ed5-9145-ea59a337c299: receive RaftClientReply:client-0D308AD40832->3258574c-39ac-4ed5-9145-ea59a337c299@group-6C7D867BDA6A, cid=2420, SUCCESS, logIndex=3400, commits[3258574c-39ac-4ed5-9145-ea59a337c299:c3401]
2019-09-02 06:30:19,726 [grpc-default-executor-0] INFO  client.GrpcClientProtocolClient (GrpcClientProtocolClient.java:onNext(255)) - client-0D308AD40832->3258574c-39ac-4ed5-9145-ea59a337c299: receive RaftClientReply:client-0D308AD40832->3258574c-39ac-4ed5-9145-ea59a337c299@group-6C7D867BDA6A, cid=2421, SUCCESS, logIndex=3402, commits[3258574c-39ac-4ed5-9145-ea59a337c299:c3403]
2019-09-02 06:30:19,726 [grpc-default-executor-0] INFO  client.GrpcClientProtocolClient (GrpcClientProtocolClient.java:onNext(255)) - client-0D308AD40832->3258574c-39ac-4ed5-9145-ea59a337c299: receive RaftClientReply:client-0D308AD40832->3258574c-39ac-4ed5-9145-ea59a337c299@group-6C7D867BDA6A, cid=2422, SUCCESS, logIndex=3403, commits[3258574c-39ac-4ed5-9145-ea59a337c299:c3403]
2019-09-02 06:30:19,727 [grpc-default-executor-0] INFO  client.GrpcClientProtocolClient (GrpcClientProtocolClient.java:onNext(255)) - client-0D308AD40832->3258574c-39ac-4ed5-9145-ea59a337c299: receive RaftClientReply:client-0D308AD40832->3258574c-39ac-4ed5-9145-ea59a337c299@group-6C7D867BDA6A, cid=2423, SUCCESS, logIndex=3404, commits[3258574c-39ac-4ed5-9145-ea59a337c299:c3405]
2019-09-02 06:30:19,728 [grpc-default-executor-0] INFO  client.GrpcClientProtocolClient (GrpcClientProtocolClient.java:onNext(255)) - client-0D308AD40832->3258574c-39ac-4ed5-9145-ea59a337c299: receive RaftClientReply:client-0D308AD40832->3258574c-39ac-4ed5-9145-ea59a337c299@group-6C7D867BDA6A, cid=2424, SUCCESS, logIndex=3405, commits[3258574c-39ac-4ed5-9145-ea59a337c299:c3405]
2019-09-02 06:30:19,737 [SCMBlockDeletingService#1] DEBUG block.SCMBlockDeletingService (SCMBlockDeletingService.java:call(138)) - Running DeletedBlockTransactionScanner
2019-09-02 06:30:19,737 [SCMBlockDeletingService#1] DEBUG block.SCMBlockDeletingService (SCMBlockDeletingService.java:call(155)) - Scanned deleted blocks log and got 0 delTX to process.
2019-09-02 06:30:19,761 [grpc-default-executor-0] INFO  client.GrpcClientProtocolClient (GrpcClientProtocolClient.java:onNext(255)) - client-0D308AD40832->3258574c-39ac-4ed5-9145-ea59a337c299: receive RaftClientReply:client-0D308AD40832->3258574c-39ac-4ed5-9145-ea59a337c299@group-6C7D867BDA6A, cid=2425, SUCCESS, logIndex=3408, commits[3258574c-39ac-4ed5-9145-ea59a337c299:c3411]
2019-09-02 06:30:19,761 [grpc-default-executor-0] INFO  client.GrpcClientProtocolClient (GrpcClientProtocolClient.java:onNext(255)) - client-0D308AD40832->3258574c-39ac-4ed5-9145-ea59a337c299: receive RaftClientReply:client-0D308AD40832->3258574c-39ac-4ed5-9145-ea59a337c299@group-6C7D867BDA6A, cid=2426, SUCCESS, logIndex=3409, commits[3258574c-39ac-4ed5-9145-ea59a337c299:c3412]
2019-09-02 06:30:19,762 [grpc-default-executor-0] INFO  client.GrpcClientProtocolClient (GrpcClientProtocolClient.java:onNext(255)) - client-0D308AD40832->3258574c-39ac-4ed5-9145-ea59a337c299: receive RaftClientReply:client-0D308AD40832->3258574c-39ac-4ed5-9145-ea59a337c299@group-6C7D867BDA6A, cid=2427, SUCCESS, logIndex=3410, commits[3258574c-39ac-4ed5-9145-ea59a337c299:c3412]
2019-09-02 06:30:19,762 [grpc-default-executor-0] INFO  client.GrpcClientProtocolClient (GrpcClientProtocolClient.java:onNext(255)) - client-0D308AD40832->3258574c-39ac-4ed5-9145-ea59a337c299: receive RaftClientReply:client-0D308AD40832->3258574c-39ac-4ed5-9145-ea59a337c299@group-6C7D867BDA6A, cid=2428, SUCCESS, logIndex=3411, commits[3258574c-39ac-4ed5-9145-ea59a337c299:c3412]
2019-09-02 06:30:19,903 [SCMBlockDeletingService#1] DEBUG block.SCMBlockDeletingService (SCMBlockDeletingService.java:call(138)) - Running DeletedBlockTransactionScanner
2019-09-02 06:30:19,903 [SCMBlockDeletingService#1] DEBUG block.SCMBlockDeletingService (SCMBlockDeletingService.java:call(155)) - Scanned deleted blocks log and got 0 delTX to process.
2019-09-02 06:30:19,921 [grpc-default-executor-1] INFO  client.GrpcClientProtocolClient (GrpcClientProtocolClient.java:onNext(255)) - client-0D308AD40832->3258574c-39ac-4ed5-9145-ea59a337c299: receive RaftClientReply:client-0D308AD40832->3258574c-39ac-4ed5-9145-ea59a337c299@group-6C7D867BDA6A, cid=2429, SUCCESS, logIndex=3413, commits[3258574c-39ac-4ed5-9145-ea59a337c299:c3414]
2019-09-02 06:30:19,922 [grpc-default-executor-1] INFO  client.GrpcClientProtocolClient (GrpcClientProtocolClient.java:onNext(255)) - client-0D308AD40832->3258574c-39ac-4ed5-9145-ea59a337c299: receive RaftClientReply:client-0D308AD40832->3258574c-39ac-4ed5-9145-ea59a337c299@group-6C7D867BDA6A, cid=2430, SUCCESS, logIndex=3414, commits[3258574c-39ac-4ed5-9145-ea59a337c299:c3415]
2019-09-02 06:30:20,004 [SCMBlockDeletingService#1] DEBUG block.SCMBlockDeletingService (SCMBlockDeletingService.java:call(138)) - Running DeletedBlockTransactionScanner
2019-09-02 06:30:20,004 [SCMBlockDeletingService#1] DEBUG block.SCMBlockDeletingService (SCMBlockDeletingService.java:call(155)) - Scanned deleted blocks log and got 0 delTX to process.
2019-09-02 06:30:20,046 [grpc-default-executor-1] INFO  client.GrpcClientProtocolClient (GrpcClientProtocolClient.java:onNext(255)) - client-0D308AD40832->3258574c-39ac-4ed5-9145-ea59a337c299: receive RaftClientReply:client-0D308AD40832->3258574c-39ac-4ed5-9145-ea59a337c299@group-6C7D867BDA6A, cid=2431, SUCCESS, logIndex=3416, commits[3258574c-39ac-4ed5-9145-ea59a337c299:c3417]
2019-09-02 06:30:20,046 [grpc-default-executor-1] INFO  client.GrpcClientProtocolClient (GrpcClientProtocolClient.java:onNext(255)) - client-0D308AD40832->3258574c-39ac-4ed5-9145-ea59a337c299: receive RaftClientReply:client-0D308AD40832->3258574c-39ac-4ed5-9145-ea59a337c299@group-6C7D867BDA6A, cid=2432, SUCCESS, logIndex=3417, commits[3258574c-39ac-4ed5-9145-ea59a337c299:c3418]
2019-09-02 06:30:20,078 [grpc-default-executor-1] INFO  client.GrpcClientProtocolClient (GrpcClientProtocolClient.java:onNext(255)) - client-0D308AD40832->3258574c-39ac-4ed5-9145-ea59a337c299: receive RaftClientReply:client-0D308AD40832->3258574c-39ac-4ed5-9145-ea59a337c299@group-6C7D867BDA6A, cid=2433, SUCCESS, logIndex=3419, commits[3258574c-39ac-4ed5-9145-ea59a337c299:c3422]
2019-09-02 06:30:20,079 [grpc-default-executor-1] INFO  client.GrpcClientProtocolClient (GrpcClientProtocolClient.java:onNext(255)) - client-0D308AD40832->3258574c-39ac-4ed5-9145-ea59a337c299: receive RaftClientReply:client-0D308AD40832->3258574c-39ac-4ed5-9145-ea59a337c299@group-6C7D867BDA6A, cid=2434, SUCCESS, logIndex=3420, commits[3258574c-39ac-4ed5-9145-ea59a337c299:c3422]
2019-09-02 06:30:20,080 [grpc-default-executor-1] INFO  client.GrpcClientProtocolClient (GrpcClientProtocolClient.java:onNext(255)) - client-0D308AD40832->3258574c-39ac-4ed5-9145-ea59a337c299: receive RaftClientReply:client-0D308AD40832->3258574c-39ac-4ed5-9145-ea59a337c299@group-6C7D867BDA6A, cid=2435, SUCCESS, logIndex=3421, commits[3258574c-39ac-4ed5-9145-ea59a337c299:c3422]
2019-09-02 06:30:20,080 [grpc-default-executor-1] INFO  client.GrpcClientProtocolClient (GrpcClientProtocolClient.java:onNext(255)) - client-0D308AD40832->3258574c-39ac-4ed5-9145-ea59a337c299: receive RaftClientReply:client-0D308AD40832->3258574c-39ac-4ed5-9145-ea59a337c299@group-6C7D867BDA6A, cid=2436, SUCCESS, logIndex=3422, commits[3258574c-39ac-4ed5-9145-ea59a337c299:c3422]
2019-09-02 06:30:20,091 [grpc-default-executor-1] INFO  client.GrpcClientProtocolClient (GrpcClientProtocolClient.java:onNext(255)) - client-0D308AD40832->3258574c-39ac-4ed5-9145-ea59a337c299: receive RaftClientReply:client-0D308AD40832->3258574c-39ac-4ed5-9145-ea59a337c299@group-6C7D867BDA6A, cid=2437, SUCCESS, logIndex=3424, commits[3258574c-39ac-4ed5-9145-ea59a337c299:c3425]
2019-09-02 06:30:20,091 [grpc-default-executor-1] INFO  client.GrpcClientProtocolClient (GrpcClientProtocolClient.java:onNext(255)) - client-0D308AD40832->3258574c-39ac-4ed5-9145-ea59a337c299: receive RaftClientReply:client-0D308AD40832->3258574c-39ac-4ed5-9145-ea59a337c299@group-6C7D867BDA6A, cid=2438, SUCCESS, logIndex=3425, commits[3258574c-39ac-4ed5-9145-ea59a337c299:c3425]
2019-09-02 06:30:20,104 [grpc-default-executor-1] INFO  client.GrpcClientProtocolClient (GrpcClientProtocolClient.java:onNext(255)) - client-0D308AD40832->3258574c-39ac-4ed5-9145-ea59a337c299: receive RaftClientReply:client-0D308AD40832->3258574c-39ac-4ed5-9145-ea59a337c299@group-6C7D867BDA6A, cid=2439, SUCCESS, logIndex=3426, commits[3258574c-39ac-4ed5-9145-ea59a337c299:c3428]
2019-09-02 06:30:20,104 [grpc-default-executor-1] INFO  client.GrpcClientProtocolClient (GrpcClientProtocolClient.java:onNext(255)) - client-0D308AD40832->3258574c-39ac-4ed5-9145-ea59a337c299: receive RaftClientReply:client-0D308AD40832->3258574c-39ac-4ed5-9145-ea59a337c299@group-6C7D867BDA6A, cid=2440, SUCCESS, logIndex=3427, commits[3258574c-39ac-4ed5-9145-ea59a337c299:c3428]
2019-09-02 06:30:20,105 [SCMBlockDeletingService#1] DEBUG block.SCMBlockDeletingService (SCMBlockDeletingService.java:call(138)) - Running DeletedBlockTransactionScanner
2019-09-02 06:30:20,105 [SCMBlockDeletingService#1] DEBUG block.SCMBlockDeletingService (SCMBlockDeletingService.java:call(155)) - Scanned deleted blocks log and got 0 delTX to process.
2019-09-02 06:30:20,135 [grpc-default-executor-0] INFO  client.GrpcClientProtocolClient (GrpcClientProtocolClient.java:onNext(255)) - client-0D308AD40832->3258574c-39ac-4ed5-9145-ea59a337c299: receive RaftClientReply:client-0D308AD40832->3258574c-39ac-4ed5-9145-ea59a337c299@group-6C7D867BDA6A, cid=2441, SUCCESS, logIndex=3429, commits[3258574c-39ac-4ed5-9145-ea59a337c299:c3430]
2019-09-02 06:30:20,137 [grpc-default-executor-0] INFO  client.GrpcClientProtocolClient (GrpcClientProtocolClient.java:onNext(255)) - client-0D308AD40832->3258574c-39ac-4ed5-9145-ea59a337c299: receive RaftClientReply:client-0D308AD40832->3258574c-39ac-4ed5-9145-ea59a337c299@group-6C7D867BDA6A, cid=2442, SUCCESS, logIndex=3430, commits[3258574c-39ac-4ed5-9145-ea59a337c299:c3430]
2019-09-02 06:30:20,138 [grpc-default-executor-0] INFO  client.GrpcClientProtocolClient (GrpcClientProtocolClient.java:onNext(255)) - client-0D308AD40832->3258574c-39ac-4ed5-9145-ea59a337c299: receive RaftClientReply:client-0D308AD40832->3258574c-39ac-4ed5-9145-ea59a337c299@group-6C7D867BDA6A, cid=2443, SUCCESS, logIndex=3431, commits[3258574c-39ac-4ed5-9145-ea59a337c299:c3433]
2019-09-02 06:30:20,138 [grpc-default-executor-0] INFO  client.GrpcClientProtocolClient (GrpcClientProtocolClient.java:onNext(255)) - client-0D308AD40832->3258574c-39ac-4ed5-9145-ea59a337c299: receive RaftClientReply:client-0D308AD40832->3258574c-39ac-4ed5-9145-ea59a337c299@group-6C7D867BDA6A, cid=2444, SUCCESS, logIndex=3432, commits[3258574c-39ac-4ed5-9145-ea59a337c299:c3433]
2019-09-02 06:30:20,158 [grpc-default-executor-0] INFO  client.GrpcClientProtocolClient (GrpcClientProtocolClient.java:onNext(255)) - client-0D308AD40832->3258574c-39ac-4ed5-9145-ea59a337c299: receive RaftClientReply:client-0D308AD40832->3258574c-39ac-4ed5-9145-ea59a337c299@group-6C7D867BDA6A, cid=2445, SUCCESS, logIndex=3434, commits[3258574c-39ac-4ed5-9145-ea59a337c299:c3435]
2019-09-02 06:30:20,159 [grpc-default-executor-0] INFO  client.GrpcClientProtocolClient (GrpcClientProtocolClient.java:onNext(255)) - client-0D308AD40832->3258574c-39ac-4ed5-9145-ea59a337c299: receive RaftClientReply:client-0D308AD40832->3258574c-39ac-4ed5-9145-ea59a337c299@group-6C7D867BDA6A, cid=2446, SUCCESS, logIndex=3435, commits[3258574c-39ac-4ed5-9145-ea59a337c299:c3435]
2019-09-02 06:30:20,160 [grpc-default-executor-0] INFO  client.GrpcClientProtocolClient (GrpcClientProtocolClient.java:onNext(255)) - client-0D308AD40832->3258574c-39ac-4ed5-9145-ea59a337c299: receive RaftClientReply:client-0D308AD40832->3258574c-39ac-4ed5-9145-ea59a337c299@group-6C7D867BDA6A, cid=2447, SUCCESS, logIndex=3436, commits[3258574c-39ac-4ed5-9145-ea59a337c299:c3437]
2019-09-02 06:30:20,160 [grpc-default-executor-0] INFO  client.GrpcClientProtocolClient (GrpcClientProtocolClient.java:onNext(255)) - client-0D308AD40832->3258574c-39ac-4ed5-9145-ea59a337c299: receive RaftClientReply:client-0D308AD40832->3258574c-39ac-4ed5-9145-ea59a337c299@group-6C7D867BDA6A, cid=2448, SUCCESS, logIndex=3437, commits[3258574c-39ac-4ed5-9145-ea59a337c299:c3437]
2019-09-02 06:30:20,187 [grpc-default-executor-0] INFO  client.GrpcClientProtocolClient (GrpcClientProtocolClient.java:onNext(255)) - client-0D308AD40832->3258574c-39ac-4ed5-9145-ea59a337c299: receive RaftClientReply:client-0D308AD40832->3258574c-39ac-4ed5-9145-ea59a337c299@group-6C7D867BDA6A, cid=2449, SUCCESS, logIndex=3440, commits[3258574c-39ac-4ed5-9145-ea59a337c299:c3441]
2019-09-02 06:30:20,188 [grpc-default-executor-0] INFO  client.GrpcClientProtocolClient (GrpcClientProtocolClient.java:onNext(255)) - client-0D308AD40832->3258574c-39ac-4ed5-9145-ea59a337c299: receive RaftClientReply:client-0D308AD40832->3258574c-39ac-4ed5-9145-ea59a337c299@group-6C7D867BDA6A, cid=2450, SUCCESS, logIndex=3441, commits[3258574c-39ac-4ed5-9145-ea59a337c299:c3443]
2019-09-02 06:30:20,188 [grpc-default-executor-0] INFO  client.GrpcClientProtocolClient (GrpcClientProtocolClient.java:onNext(255)) - client-0D308AD40832->3258574c-39ac-4ed5-9145-ea59a337c299: receive RaftClientReply:client-0D308AD40832->3258574c-39ac-4ed5-9145-ea59a337c299@group-6C7D867BDA6A, cid=2451, SUCCESS, logIndex=3442, commits[3258574c-39ac-4ed5-9145-ea59a337c299:c3443]
2019-09-02 06:30:20,189 [grpc-default-executor-0] INFO  client.GrpcClientProtocolClient (GrpcClientProtocolClient.java:onNext(255)) - client-0D308AD40832->3258574c-39ac-4ed5-9145-ea59a337c299: receive RaftClientReply:client-0D308AD40832->3258574c-39ac-4ed5-9145-ea59a337c299@group-6C7D867BDA6A, cid=2452, SUCCESS, logIndex=3443, commits[3258574c-39ac-4ed5-9145-ea59a337c299:c3443]
2019-09-02 06:30:20,205 [SCMBlockDeletingService#1] DEBUG block.SCMBlockDeletingService (SCMBlockDeletingService.java:call(138)) - Running DeletedBlockTransactionScanner
2019-09-02 06:30:20,206 [SCMBlockDeletingService#1] DEBUG block.SCMBlockDeletingService (SCMBlockDeletingService.java:call(155)) - Scanned deleted blocks log and got 0 delTX to process.
2019-09-02 06:30:20,210 [grpc-default-executor-0] INFO  client.GrpcClientProtocolClient (GrpcClientProtocolClient.java:onNext(255)) - client-0D308AD40832->3258574c-39ac-4ed5-9145-ea59a337c299: receive RaftClientReply:client-0D308AD40832->3258574c-39ac-4ed5-9145-ea59a337c299@group-6C7D867BDA6A, cid=2453, SUCCESS, logIndex=3446, commits[3258574c-39ac-4ed5-9145-ea59a337c299:c3447]
2019-09-02 06:30:20,211 [grpc-default-executor-0] INFO  client.GrpcClientProtocolClient (GrpcClientProtocolClient.java:onNext(255)) - client-0D308AD40832->3258574c-39ac-4ed5-9145-ea59a337c299: receive RaftClientReply:client-0D308AD40832->3258574c-39ac-4ed5-9145-ea59a337c299@group-6C7D867BDA6A, cid=2454, SUCCESS, logIndex=3447, commits[3258574c-39ac-4ed5-9145-ea59a337c299:c3449]
2019-09-02 06:30:20,211 [grpc-default-executor-0] INFO  client.GrpcClientProtocolClient (GrpcClientProtocolClient.java:onNext(255)) - client-0D308AD40832->3258574c-39ac-4ed5-9145-ea59a337c299: receive RaftClientReply:client-0D308AD40832->3258574c-39ac-4ed5-9145-ea59a337c299@group-6C7D867BDA6A, cid=2455, SUCCESS, logIndex=3448, commits[3258574c-39ac-4ed5-9145-ea59a337c299:c3449]
2019-09-02 06:30:20,211 [grpc-default-executor-0] INFO  client.GrpcClientProtocolClient (GrpcClientProtocolClient.java:onNext(255)) - client-0D308AD40832->3258574c-39ac-4ed5-9145-ea59a337c299: receive RaftClientReply:client-0D308AD40832->3258574c-39ac-4ed5-9145-ea59a337c299@group-6C7D867BDA6A, cid=2456, SUCCESS, logIndex=3449, commits[3258574c-39ac-4ed5-9145-ea59a337c299:c3450]
2019-09-02 06:30:20,236 [grpc-default-executor-0] INFO  client.GrpcClientProtocolClient (GrpcClientProtocolClient.java:onNext(255)) - client-0D308AD40832->3258574c-39ac-4ed5-9145-ea59a337c299: receive RaftClientReply:client-0D308AD40832->3258574c-39ac-4ed5-9145-ea59a337c299@group-6C7D867BDA6A, cid=2457, SUCCESS, logIndex=3452, commits[3258574c-39ac-4ed5-9145-ea59a337c299:c3453]
2019-09-02 06:30:20,237 [grpc-default-executor-0] INFO  client.GrpcClientProtocolClient (GrpcClientProtocolClient.java:onNext(255)) - client-0D308AD40832->3258574c-39ac-4ed5-9145-ea59a337c299: receive RaftClientReply:client-0D308AD40832->3258574c-39ac-4ed5-9145-ea59a337c299@group-6C7D867BDA6A, cid=2458, SUCCESS, logIndex=3453, commits[3258574c-39ac-4ed5-9145-ea59a337c299:c3453]
2019-09-02 06:30:20,238 [grpc-default-executor-0] INFO  client.GrpcClientProtocolClient (GrpcClientProtocolClient.java:onNext(255)) - client-0D308AD40832->3258574c-39ac-4ed5-9145-ea59a337c299: receive RaftClientReply:client-0D308AD40832->3258574c-39ac-4ed5-9145-ea59a337c299@group-6C7D867BDA6A, cid=2459, SUCCESS, logIndex=3454, commits[3258574c-39ac-4ed5-9145-ea59a337c299:c3455]
2019-09-02 06:30:20,238 [grpc-default-executor-0] INFO  client.GrpcClientProtocolClient (GrpcClientProtocolClient.java:onNext(255)) - client-0D308AD40832->3258574c-39ac-4ed5-9145-ea59a337c299: receive RaftClientReply:client-0D308AD40832->3258574c-39ac-4ed5-9145-ea59a337c299@group-6C7D867BDA6A, cid=2460, SUCCESS, logIndex=3455, commits[3258574c-39ac-4ed5-9145-ea59a337c299:c3455]
2019-09-02 06:30:20,250 [grpc-default-executor-0] INFO  client.GrpcClientProtocolClient (GrpcClientProtocolClient.java:onNext(255)) - client-0D308AD40832->3258574c-39ac-4ed5-9145-ea59a337c299: receive RaftClientReply:client-0D308AD40832->3258574c-39ac-4ed5-9145-ea59a337c299@group-6C7D867BDA6A, cid=2461, SUCCESS, logIndex=3458, commits[3258574c-39ac-4ed5-9145-ea59a337c299:c3461]
2019-09-02 06:30:20,250 [grpc-default-executor-0] INFO  client.GrpcClientProtocolClient (GrpcClientProtocolClient.java:onNext(255)) - client-0D308AD40832->3258574c-39ac-4ed5-9145-ea59a337c299: receive RaftClientReply:client-0D308AD40832->3258574c-39ac-4ed5-9145-ea59a337c299@group-6C7D867BDA6A, cid=2462, SUCCESS, logIndex=3459, commits[3258574c-39ac-4ed5-9145-ea59a337c299:c3462]
2019-09-02 06:30:20,250 [grpc-default-executor-0] INFO  client.GrpcClientProtocolClient (GrpcClientProtocolClient.java:onNext(255)) - client-0D308AD40832->3258574c-39ac-4ed5-9145-ea59a337c299: receive RaftClientReply:client-0D308AD40832->3258574c-39ac-4ed5-9145-ea59a337c299@group-6C7D867BDA6A, cid=2463, SUCCESS, logIndex=3460, commits[3258574c-39ac-4ed5-9145-ea59a337c299:c3462]
2019-09-02 06:30:20,250 [grpc-default-executor-0] INFO  client.GrpcClientProtocolClient (GrpcClientProtocolClient.java:onNext(255)) - client-0D308AD40832->3258574c-39ac-4ed5-9145-ea59a337c299: receive RaftClientReply:client-0D308AD40832->3258574c-39ac-4ed5-9145-ea59a337c299@group-6C7D867BDA6A, cid=2464, SUCCESS, logIndex=3461, commits[3258574c-39ac-4ed5-9145-ea59a337c299:c3462]
2019-09-02 06:30:20,277 [grpc-default-executor-1] INFO  client.GrpcClientProtocolClient (GrpcClientProtocolClient.java:onNext(255)) - client-0D308AD40832->3258574c-39ac-4ed5-9145-ea59a337c299: receive RaftClientReply:client-0D308AD40832->3258574c-39ac-4ed5-9145-ea59a337c299@group-6C7D867BDA6A, cid=2465, SUCCESS, logIndex=3463, commits[3258574c-39ac-4ed5-9145-ea59a337c299:c3464]
2019-09-02 06:30:20,278 [grpc-default-executor-1] INFO  client.GrpcClientProtocolClient (GrpcClientProtocolClient.java:onNext(255)) - client-0D308AD40832->3258574c-39ac-4ed5-9145-ea59a337c299: receive RaftClientReply:client-0D308AD40832->3258574c-39ac-4ed5-9145-ea59a337c299@group-6C7D867BDA6A, cid=2466, SUCCESS, logIndex=3464, commits[3258574c-39ac-4ed5-9145-ea59a337c299:c3466]
2019-09-02 06:30:20,278 [grpc-default-executor-1] INFO  client.GrpcClientProtocolClient (GrpcClientProtocolClient.java:onNext(255)) - client-0D308AD40832->3258574c-39ac-4ed5-9145-ea59a337c299: receive RaftClientReply:client-0D308AD40832->3258574c-39ac-4ed5-9145-ea59a337c299@group-6C7D867BDA6A, cid=2467, SUCCESS, logIndex=3465, commits[3258574c-39ac-4ed5-9145-ea59a337c299:c3467]
2019-09-02 06:30:20,278 [grpc-default-executor-1] INFO  client.GrpcClientProtocolClient (GrpcClientProtocolClient.java:onNext(255)) - client-0D308AD40832->3258574c-39ac-4ed5-9145-ea59a337c299: receive RaftClientReply:client-0D308AD40832->3258574c-39ac-4ed5-9145-ea59a337c299@group-6C7D867BDA6A, cid=2468, SUCCESS, logIndex=3466, commits[3258574c-39ac-4ed5-9145-ea59a337c299:c3467]
2019-09-02 06:30:20,302 [grpc-default-executor-0] INFO  client.GrpcClientProtocolClient (GrpcClientProtocolClient.java:onNext(255)) - client-0D308AD40832->3258574c-39ac-4ed5-9145-ea59a337c299: receive RaftClientReply:client-0D308AD40832->3258574c-39ac-4ed5-9145-ea59a337c299@group-6C7D867BDA6A, cid=2469, SUCCESS, logIndex=3469, commits[3258574c-39ac-4ed5-9145-ea59a337c299:c3470]
2019-09-02 06:30:20,302 [grpc-default-executor-0] INFO  client.GrpcClientProtocolClient (GrpcClientProtocolClient.java:onNext(255)) - client-0D308AD40832->3258574c-39ac-4ed5-9145-ea59a337c299: receive RaftClientReply:client-0D308AD40832->3258574c-39ac-4ed5-9145-ea59a337c299@group-6C7D867BDA6A, cid=2470, SUCCESS, logIndex=3470, commits[3258574c-39ac-4ed5-9145-ea59a337c299:c3470]
2019-09-02 06:30:20,306 [SCMBlockDeletingService#1] DEBUG block.SCMBlockDeletingService (SCMBlockDeletingService.java:call(138)) - Running DeletedBlockTransactionScanner
2019-09-02 06:30:20,306 [SCMBlockDeletingService#1] DEBUG block.SCMBlockDeletingService (SCMBlockDeletingService.java:call(155)) - Scanned deleted blocks log and got 0 delTX to process.
2019-09-02 06:30:20,312 [grpc-default-executor-0] INFO  client.GrpcClientProtocolClient (GrpcClientProtocolClient.java:onNext(255)) - client-0D308AD40832->3258574c-39ac-4ed5-9145-ea59a337c299: receive RaftClientReply:client-0D308AD40832->3258574c-39ac-4ed5-9145-ea59a337c299@group-6C7D867BDA6A, cid=2471, SUCCESS, logIndex=3471, commits[3258574c-39ac-4ed5-9145-ea59a337c299:c3472]
2019-09-02 06:30:20,313 [grpc-default-executor-0] INFO  client.GrpcClientProtocolClient (GrpcClientProtocolClient.java:onNext(255)) - client-0D308AD40832->3258574c-39ac-4ed5-9145-ea59a337c299: receive RaftClientReply:client-0D308AD40832->3258574c-39ac-4ed5-9145-ea59a337c299@group-6C7D867BDA6A, cid=2472, SUCCESS, logIndex=3472, commits[3258574c-39ac-4ed5-9145-ea59a337c299:c3473]
2019-09-02 06:30:20,341 [grpc-default-executor-1] INFO  client.GrpcClientProtocolClient (GrpcClientProtocolClient.java:onNext(255)) - client-0D308AD40832->3258574c-39ac-4ed5-9145-ea59a337c299: receive RaftClientReply:client-0D308AD40832->3258574c-39ac-4ed5-9145-ea59a337c299@group-6C7D867BDA6A, cid=2473, SUCCESS, logIndex=3475, commits[3258574c-39ac-4ed5-9145-ea59a337c299:c3476]
2019-09-02 06:30:20,342 [grpc-default-executor-1] INFO  client.GrpcClientProtocolClient (GrpcClientProtocolClient.java:onNext(255)) - client-0D308AD40832->3258574c-39ac-4ed5-9145-ea59a337c299: receive RaftClientReply:client-0D308AD40832->3258574c-39ac-4ed5-9145-ea59a337c299@group-6C7D867BDA6A, cid=2474, SUCCESS, logIndex=3476, commits[3258574c-39ac-4ed5-9145-ea59a337c299:c3477]
2019-09-02 06:30:20,407 [SCMBlockDeletingService#1] DEBUG block.SCMBlockDeletingService (SCMBlockDeletingService.java:call(138)) - Running DeletedBlockTransactionScanner
2019-09-02 06:30:20,407 [SCMBlockDeletingService#1] DEBUG block.SCMBlockDeletingService (SCMBlockDeletingService.java:call(155)) - Scanned deleted blocks log and got 0 delTX to process.
2019-09-02 06:30:20,431 [grpc-default-executor-0] INFO  client.GrpcClientProtocolClient (GrpcClientProtocolClient.java:onNext(255)) - client-0D308AD40832->3258574c-39ac-4ed5-9145-ea59a337c299: receive RaftClientReply:client-0D308AD40832->3258574c-39ac-4ed5-9145-ea59a337c299@group-6C7D867BDA6A, cid=2475, SUCCESS, logIndex=3478, commits[3258574c-39ac-4ed5-9145-ea59a337c299:c3479]
2019-09-02 06:30:20,432 [grpc-default-executor-0] INFO  client.GrpcClientProtocolClient (GrpcClientProtocolClient.java:onNext(255)) - client-0D308AD40832->3258574c-39ac-4ed5-9145-ea59a337c299: receive RaftClientReply:client-0D308AD40832->3258574c-39ac-4ed5-9145-ea59a337c299@group-6C7D867BDA6A, cid=2476, SUCCESS, logIndex=3479, commits[3258574c-39ac-4ed5-9145-ea59a337c299:c3480]
2019-09-02 06:30:20,453 [grpc-default-executor-0] INFO  client.GrpcClientProtocolClient (GrpcClientProtocolClient.java:onNext(255)) - client-0D308AD40832->3258574c-39ac-4ed5-9145-ea59a337c299: receive RaftClientReply:client-0D308AD40832->3258574c-39ac-4ed5-9145-ea59a337c299@group-6C7D867BDA6A, cid=2477, SUCCESS, logIndex=3481, commits[3258574c-39ac-4ed5-9145-ea59a337c299:c3484]
2019-09-02 06:30:20,453 [grpc-default-executor-0] INFO  client.GrpcClientProtocolClient (GrpcClientProtocolClient.java:onNext(255)) - client-0D308AD40832->3258574c-39ac-4ed5-9145-ea59a337c299: receive RaftClientReply:client-0D308AD40832->3258574c-39ac-4ed5-9145-ea59a337c299@group-6C7D867BDA6A, cid=2478, SUCCESS, logIndex=3482, commits[3258574c-39ac-4ed5-9145-ea59a337c299:c3485]
2019-09-02 06:30:20,453 [grpc-default-executor-0] INFO  client.GrpcClientProtocolClient (GrpcClientProtocolClient.java:onNext(255)) - client-0D308AD40832->3258574c-39ac-4ed5-9145-ea59a337c299: receive RaftClientReply:client-0D308AD40832->3258574c-39ac-4ed5-9145-ea59a337c299@group-6C7D867BDA6A, cid=2479, SUCCESS, logIndex=3483, commits[3258574c-39ac-4ed5-9145-ea59a337c299:c3485]
2019-09-02 06:30:20,454 [grpc-default-executor-0] INFO  client.GrpcClientProtocolClient (GrpcClientProtocolClient.java:onNext(255)) - client-0D308AD40832->3258574c-39ac-4ed5-9145-ea59a337c299: receive RaftClientReply:client-0D308AD40832->3258574c-39ac-4ed5-9145-ea59a337c299@group-6C7D867BDA6A, cid=2480, SUCCESS, logIndex=3484, commits[3258574c-39ac-4ed5-9145-ea59a337c299:c3485]
2019-09-02 06:30:20,485 [grpc-default-executor-0] INFO  client.GrpcClientProtocolClient (GrpcClientProtocolClient.java:onNext(255)) - client-0D308AD40832->3258574c-39ac-4ed5-9145-ea59a337c299: receive RaftClientReply:client-0D308AD40832->3258574c-39ac-4ed5-9145-ea59a337c299@group-6C7D867BDA6A, cid=2481, SUCCESS, logIndex=3486, commits[3258574c-39ac-4ed5-9145-ea59a337c299:c3489]
2019-09-02 06:30:20,486 [grpc-default-executor-0] INFO  client.GrpcClientProtocolClient (GrpcClientProtocolClient.java:onNext(255)) - client-0D308AD40832->3258574c-39ac-4ed5-9145-ea59a337c299: receive RaftClientReply:client-0D308AD40832->3258574c-39ac-4ed5-9145-ea59a337c299@group-6C7D867BDA6A, cid=2482, SUCCESS, logIndex=3487, commits[3258574c-39ac-4ed5-9145-ea59a337c299:c3490]
2019-09-02 06:30:20,486 [grpc-default-executor-0] INFO  client.GrpcClientProtocolClient (GrpcClientProtocolClient.java:onNext(255)) - client-0D308AD40832->3258574c-39ac-4ed5-9145-ea59a337c299: receive RaftClientReply:client-0D308AD40832->3258574c-39ac-4ed5-9145-ea59a337c299@group-6C7D867BDA6A, cid=2483, SUCCESS, logIndex=3488, commits[3258574c-39ac-4ed5-9145-ea59a337c299:c3490]
2019-09-02 06:30:20,486 [grpc-default-executor-0] INFO  client.GrpcClientProtocolClient (GrpcClientProtocolClient.java:onNext(255)) - client-0D308AD40832->3258574c-39ac-4ed5-9145-ea59a337c299: receive RaftClientReply:client-0D308AD40832->3258574c-39ac-4ed5-9145-ea59a337c299@group-6C7D867BDA6A, cid=2484, SUCCESS, logIndex=3489, commits[3258574c-39ac-4ed5-9145-ea59a337c299:c3490]
2019-09-02 06:30:20,507 [SCMBlockDeletingService#1] DEBUG block.SCMBlockDeletingService (SCMBlockDeletingService.java:call(138)) - Running DeletedBlockTransactionScanner
2019-09-02 06:30:20,508 [SCMBlockDeletingService#1] DEBUG block.SCMBlockDeletingService (SCMBlockDeletingService.java:call(155)) - Scanned deleted blocks log and got 0 delTX to process.
2019-09-02 06:30:20,508 [grpc-default-executor-0] INFO  client.GrpcClientProtocolClient (GrpcClientProtocolClient.java:onNext(255)) - client-0D308AD40832->3258574c-39ac-4ed5-9145-ea59a337c299: receive RaftClientReply:client-0D308AD40832->3258574c-39ac-4ed5-9145-ea59a337c299@group-6C7D867BDA6A, cid=2485, SUCCESS, logIndex=3491, commits[3258574c-39ac-4ed5-9145-ea59a337c299:c3494]
2019-09-02 06:30:20,508 [grpc-default-executor-0] INFO  client.GrpcClientProtocolClient (GrpcClientProtocolClient.java:onNext(255)) - client-0D308AD40832->3258574c-39ac-4ed5-9145-ea59a337c299: receive RaftClientReply:client-0D308AD40832->3258574c-39ac-4ed5-9145-ea59a337c299@group-6C7D867BDA6A, cid=2486, SUCCESS, logIndex=3492, commits[3258574c-39ac-4ed5-9145-ea59a337c299:c3494]
2019-09-02 06:30:20,509 [grpc-default-executor-0] INFO  client.GrpcClientProtocolClient (GrpcClientProtocolClient.java:onNext(255)) - client-0D308AD40832->3258574c-39ac-4ed5-9145-ea59a337c299: receive RaftClientReply:client-0D308AD40832->3258574c-39ac-4ed5-9145-ea59a337c299@group-6C7D867BDA6A, cid=2487, SUCCESS, logIndex=3493, commits[3258574c-39ac-4ed5-9145-ea59a337c299:c3494]
2019-09-02 06:30:20,509 [grpc-default-executor-0] INFO  client.GrpcClientProtocolClient (GrpcClientProtocolClient.java:onNext(255)) - client-0D308AD40832->3258574c-39ac-4ed5-9145-ea59a337c299: receive RaftClientReply:client-0D308AD40832->3258574c-39ac-4ed5-9145-ea59a337c299@group-6C7D867BDA6A, cid=2488, SUCCESS, logIndex=3494, commits[3258574c-39ac-4ed5-9145-ea59a337c299:c3494]
2019-09-02 06:30:20,543 [grpc-default-executor-0] INFO  client.GrpcClientProtocolClient (GrpcClientProtocolClient.java:onNext(255)) - client-0D308AD40832->3258574c-39ac-4ed5-9145-ea59a337c299: receive RaftClientReply:client-0D308AD40832->3258574c-39ac-4ed5-9145-ea59a337c299@group-6C7D867BDA6A, cid=2489, SUCCESS, logIndex=3496, commits[3258574c-39ac-4ed5-9145-ea59a337c299:c3497]
2019-09-02 06:30:20,544 [grpc-default-executor-0] INFO  client.GrpcClientProtocolClient (GrpcClientProtocolClient.java:onNext(255)) - client-0D308AD40832->3258574c-39ac-4ed5-9145-ea59a337c299: receive RaftClientReply:client-0D308AD40832->3258574c-39ac-4ed5-9145-ea59a337c299@group-6C7D867BDA6A, cid=2490, SUCCESS, logIndex=3497, commits[3258574c-39ac-4ed5-9145-ea59a337c299:c3499]
2019-09-02 06:30:20,544 [grpc-default-executor-0] INFO  client.GrpcClientProtocolClient (GrpcClientProtocolClient.java:onNext(255)) - client-0D308AD40832->3258574c-39ac-4ed5-9145-ea59a337c299: receive RaftClientReply:client-0D308AD40832->3258574c-39ac-4ed5-9145-ea59a337c299@group-6C7D867BDA6A, cid=2491, SUCCESS, logIndex=3498, commits[3258574c-39ac-4ed5-9145-ea59a337c299:c3500]
2019-09-02 06:30:20,545 [grpc-default-executor-0] INFO  client.GrpcClientProtocolClient (GrpcClientProtocolClient.java:onNext(255)) - client-0D308AD40832->3258574c-39ac-4ed5-9145-ea59a337c299: receive RaftClientReply:client-0D308AD40832->3258574c-39ac-4ed5-9145-ea59a337c299@group-6C7D867BDA6A, cid=2492, SUCCESS, logIndex=3499, commits[3258574c-39ac-4ed5-9145-ea59a337c299:c3500]
2019-09-02 06:30:20,565 [grpc-default-executor-1] INFO  client.GrpcClientProtocolClient (GrpcClientProtocolClient.java:onNext(255)) - client-0D308AD40832->3258574c-39ac-4ed5-9145-ea59a337c299: receive RaftClientReply:client-0D308AD40832->3258574c-39ac-4ed5-9145-ea59a337c299@group-6C7D867BDA6A, cid=2493, SUCCESS, logIndex=3502, commits[3258574c-39ac-4ed5-9145-ea59a337c299:c3505]
2019-09-02 06:30:20,565 [grpc-default-executor-1] INFO  client.GrpcClientProtocolClient (GrpcClientProtocolClient.java:onNext(255)) - client-0D308AD40832->3258574c-39ac-4ed5-9145-ea59a337c299: receive RaftClientReply:client-0D308AD40832->3258574c-39ac-4ed5-9145-ea59a337c299@group-6C7D867BDA6A, cid=2494, SUCCESS, logIndex=3503, commits[3258574c-39ac-4ed5-9145-ea59a337c299:c3506]
2019-09-02 06:30:20,566 [grpc-default-executor-1] INFO  client.GrpcClientProtocolClient (GrpcClientProtocolClient.java:onNext(255)) - client-0D308AD40832->3258574c-39ac-4ed5-9145-ea59a337c299: receive RaftClientReply:client-0D308AD40832->3258574c-39ac-4ed5-9145-ea59a337c299@group-6C7D867BDA6A, cid=2495, SUCCESS, logIndex=3504, commits[3258574c-39ac-4ed5-9145-ea59a337c299:c3506]
2019-09-02 06:30:20,566 [grpc-default-executor-1] INFO  client.GrpcClientProtocolClient (GrpcClientProtocolClient.java:onNext(255)) - client-0D308AD40832->3258574c-39ac-4ed5-9145-ea59a337c299: receive RaftClientReply:client-0D308AD40832->3258574c-39ac-4ed5-9145-ea59a337c299@group-6C7D867BDA6A, cid=2496, SUCCESS, logIndex=3505, commits[3258574c-39ac-4ed5-9145-ea59a337c299:c3506]
2019-09-02 06:30:20,596 [grpc-default-executor-1] INFO  client.GrpcClientProtocolClient (GrpcClientProtocolClient.java:onNext(255)) - client-0D308AD40832->3258574c-39ac-4ed5-9145-ea59a337c299: receive RaftClientReply:client-0D308AD40832->3258574c-39ac-4ed5-9145-ea59a337c299@group-6C7D867BDA6A, cid=2497, SUCCESS, logIndex=3507, commits[3258574c-39ac-4ed5-9145-ea59a337c299:c3510]
2019-09-02 06:30:20,597 [grpc-default-executor-1] INFO  client.GrpcClientProtocolClient (GrpcClientProtocolClient.java:onNext(255)) - client-0D308AD40832->3258574c-39ac-4ed5-9145-ea59a337c299: receive RaftClientReply:client-0D308AD40832->3258574c-39ac-4ed5-9145-ea59a337c299@group-6C7D867BDA6A, cid=2498, SUCCESS, logIndex=3508, commits[3258574c-39ac-4ed5-9145-ea59a337c299:c3511]
2019-09-02 06:30:20,597 [grpc-default-executor-1] INFO  client.GrpcClientProtocolClient (GrpcClientProtocolClient.java:onNext(255)) - client-0D308AD40832->3258574c-39ac-4ed5-9145-ea59a337c299: receive RaftClientReply:client-0D308AD40832->3258574c-39ac-4ed5-9145-ea59a337c299@group-6C7D867BDA6A, cid=2499, SUCCESS, logIndex=3509, commits[3258574c-39ac-4ed5-9145-ea59a337c299:c3511]
2019-09-02 06:30:20,597 [grpc-default-executor-1] INFO  client.GrpcClientProtocolClient (GrpcClientProtocolClient.java:onNext(255)) - client-0D308AD40832->3258574c-39ac-4ed5-9145-ea59a337c299: receive RaftClientReply:client-0D308AD40832->3258574c-39ac-4ed5-9145-ea59a337c299@group-6C7D867BDA6A, cid=2500, SUCCESS, logIndex=3510, commits[3258574c-39ac-4ed5-9145-ea59a337c299:c3511]
2019-09-02 06:30:20,608 [SCMBlockDeletingService#1] DEBUG block.SCMBlockDeletingService (SCMBlockDeletingService.java:call(138)) - Running DeletedBlockTransactionScanner
2019-09-02 06:30:20,608 [SCMBlockDeletingService#1] DEBUG block.SCMBlockDeletingService (SCMBlockDeletingService.java:call(155)) - Scanned deleted blocks log and got 0 delTX to process.
2019-09-02 06:30:20,616 [grpc-default-executor-0] INFO  client.GrpcClientProtocolClient (GrpcClientProtocolClient.java:onNext(255)) - client-0D308AD40832->3258574c-39ac-4ed5-9145-ea59a337c299: receive RaftClientReply:client-0D308AD40832->3258574c-39ac-4ed5-9145-ea59a337c299@group-6C7D867BDA6A, cid=2501, SUCCESS, logIndex=3512, commits[3258574c-39ac-4ed5-9145-ea59a337c299:c3513]
2019-09-02 06:30:20,616 [grpc-default-executor-0] INFO  client.GrpcClientProtocolClient (GrpcClientProtocolClient.java:onNext(255)) - client-0D308AD40832->3258574c-39ac-4ed5-9145-ea59a337c299: receive RaftClientReply:client-0D308AD40832->3258574c-39ac-4ed5-9145-ea59a337c299@group-6C7D867BDA6A, cid=2502, SUCCESS, logIndex=3513, commits[3258574c-39ac-4ed5-9145-ea59a337c299:c3513]
2019-09-02 06:30:20,630 [grpc-default-executor-0] INFO  client.GrpcClientProtocolClient (GrpcClientProtocolClient.java:onNext(255)) - client-0D308AD40832->3258574c-39ac-4ed5-9145-ea59a337c299: receive RaftClientReply:client-0D308AD40832->3258574c-39ac-4ed5-9145-ea59a337c299@group-6C7D867BDA6A, cid=2503, SUCCESS, logIndex=3514, commits[3258574c-39ac-4ed5-9145-ea59a337c299:c3516]
2019-09-02 06:30:20,631 [grpc-default-executor-0] INFO  client.GrpcClientProtocolClient (GrpcClientProtocolClient.java:onNext(255)) - client-0D308AD40832->3258574c-39ac-4ed5-9145-ea59a337c299: receive RaftClientReply:client-0D308AD40832->3258574c-39ac-4ed5-9145-ea59a337c299@group-6C7D867BDA6A, cid=2504, SUCCESS, logIndex=3515, commits[3258574c-39ac-4ed5-9145-ea59a337c299:c3516]
2019-09-02 06:30:20,656 [grpc-default-executor-1] INFO  client.GrpcClientProtocolClient (GrpcClientProtocolClient.java:onNext(255)) - client-0D308AD40832->3258574c-39ac-4ed5-9145-ea59a337c299: receive RaftClientReply:client-0D308AD40832->3258574c-39ac-4ed5-9145-ea59a337c299@group-6C7D867BDA6A, cid=2505, SUCCESS, logIndex=3517, commits[3258574c-39ac-4ed5-9145-ea59a337c299:c3518]
2019-09-02 06:30:20,657 [grpc-default-executor-1] INFO  client.GrpcClientProtocolClient (GrpcClientProtocolClient.java:onNext(255)) - client-0D308AD40832->3258574c-39ac-4ed5-9145-ea59a337c299: receive RaftClientReply:client-0D308AD40832->3258574c-39ac-4ed5-9145-ea59a337c299@group-6C7D867BDA6A, cid=2506, SUCCESS, logIndex=3518, commits[3258574c-39ac-4ed5-9145-ea59a337c299:c3520]
2019-09-02 06:30:20,657 [grpc-default-executor-1] INFO  client.GrpcClientProtocolClient (GrpcClientProtocolClient.java:onNext(255)) - client-0D308AD40832->3258574c-39ac-4ed5-9145-ea59a337c299: receive RaftClientReply:client-0D308AD40832->3258574c-39ac-4ed5-9145-ea59a337c299@group-6C7D867BDA6A, cid=2507, SUCCESS, logIndex=3519, commits[3258574c-39ac-4ed5-9145-ea59a337c299:c3520]
2019-09-02 06:30:20,657 [grpc-default-executor-1] INFO  client.GrpcClientProtocolClient (GrpcClientProtocolClient.java:onNext(255)) - client-0D308AD40832->3258574c-39ac-4ed5-9145-ea59a337c299: receive RaftClientReply:client-0D308AD40832->3258574c-39ac-4ed5-9145-ea59a337c299@group-6C7D867BDA6A, cid=2508, SUCCESS, logIndex=3520, commits[3258574c-39ac-4ed5-9145-ea59a337c299:c3521]
2019-09-02 06:30:20,676 [grpc-default-executor-1] INFO  client.GrpcClientProtocolClient (GrpcClientProtocolClient.java:onNext(255)) - client-0D308AD40832->3258574c-39ac-4ed5-9145-ea59a337c299: receive RaftClientReply:client-0D308AD40832->3258574c-39ac-4ed5-9145-ea59a337c299@group-6C7D867BDA6A, cid=2509, SUCCESS, logIndex=3523, commits[3258574c-39ac-4ed5-9145-ea59a337c299:c3524]
2019-09-02 06:30:20,676 [grpc-default-executor-1] INFO  client.GrpcClientProtocolClient (GrpcClientProtocolClient.java:onNext(255)) - client-0D308AD40832->3258574c-39ac-4ed5-9145-ea59a337c299: receive RaftClientReply:client-0D308AD40832->3258574c-39ac-4ed5-9145-ea59a337c299@group-6C7D867BDA6A, cid=2510, SUCCESS, logIndex=3524, commits[3258574c-39ac-4ed5-9145-ea59a337c299:c3526]
2019-09-02 06:30:20,677 [grpc-default-executor-1] INFO  client.GrpcClientProtocolClient (GrpcClientProtocolClient.java:onNext(255)) - client-0D308AD40832->3258574c-39ac-4ed5-9145-ea59a337c299: receive RaftClientReply:client-0D308AD40832->3258574c-39ac-4ed5-9145-ea59a337c299@group-6C7D867BDA6A, cid=2511, SUCCESS, logIndex=3525, commits[3258574c-39ac-4ed5-9145-ea59a337c299:c3527]
2019-09-02 06:30:20,677 [grpc-default-executor-1] INFO  client.GrpcClientProtocolClient (GrpcClientProtocolClient.java:onNext(255)) - client-0D308AD40832->3258574c-39ac-4ed5-9145-ea59a337c299: receive RaftClientReply:client-0D308AD40832->3258574c-39ac-4ed5-9145-ea59a337c299@group-6C7D867BDA6A, cid=2512, SUCCESS, logIndex=3526, commits[3258574c-39ac-4ed5-9145-ea59a337c299:c3527]
2019-09-02 06:30:20,704 [grpc-default-executor-0] INFO  client.GrpcClientProtocolClient (GrpcClientProtocolClient.java:onNext(255)) - client-0D308AD40832->3258574c-39ac-4ed5-9145-ea59a337c299: receive RaftClientReply:client-0D308AD40832->3258574c-39ac-4ed5-9145-ea59a337c299@group-6C7D867BDA6A, cid=2513, SUCCESS, logIndex=3529, commits[3258574c-39ac-4ed5-9145-ea59a337c299:c3532]
2019-09-02 06:30:20,704 [grpc-default-executor-0] INFO  client.GrpcClientProtocolClient (GrpcClientProtocolClient.java:onNext(255)) - client-0D308AD40832->3258574c-39ac-4ed5-9145-ea59a337c299: receive RaftClientReply:client-0D308AD40832->3258574c-39ac-4ed5-9145-ea59a337c299@group-6C7D867BDA6A, cid=2514, SUCCESS, logIndex=3530, commits[3258574c-39ac-4ed5-9145-ea59a337c299:c3533]
2019-09-02 06:30:20,704 [grpc-default-executor-0] INFO  client.GrpcClientProtocolClient (GrpcClientProtocolClient.java:onNext(255)) - client-0D308AD40832->3258574c-39ac-4ed5-9145-ea59a337c299: receive RaftClientReply:client-0D308AD40832->3258574c-39ac-4ed5-9145-ea59a337c299@group-6C7D867BDA6A, cid=2515, SUCCESS, logIndex=3531, commits[3258574c-39ac-4ed5-9145-ea59a337c299:c3533]
2019-09-02 06:30:20,705 [grpc-default-executor-0] INFO  client.GrpcClientProtocolClient (GrpcClientProtocolClient.java:onNext(255)) - client-0D308AD40832->3258574c-39ac-4ed5-9145-ea59a337c299: receive RaftClientReply:client-0D308AD40832->3258574c-39ac-4ed5-9145-ea59a337c299@group-6C7D867BDA6A, cid=2516, SUCCESS, logIndex=3532, commits[3258574c-39ac-4ed5-9145-ea59a337c299:c3533]
2019-09-02 06:30:20,709 [SCMBlockDeletingService#1] DEBUG block.SCMBlockDeletingService (SCMBlockDeletingService.java:call(138)) - Running DeletedBlockTransactionScanner
2019-09-02 06:30:20,709 [SCMBlockDeletingService#1] DEBUG block.SCMBlockDeletingService (SCMBlockDeletingService.java:call(155)) - Scanned deleted blocks log and got 0 delTX to process.
2019-09-02 06:30:20,724 [grpc-default-executor-0] INFO  client.GrpcClientProtocolClient (GrpcClientProtocolClient.java:onNext(255)) - client-0D308AD40832->3258574c-39ac-4ed5-9145-ea59a337c299: receive RaftClientReply:client-0D308AD40832->3258574c-39ac-4ed5-9145-ea59a337c299@group-6C7D867BDA6A, cid=2517, SUCCESS, logIndex=3534, commits[3258574c-39ac-4ed5-9145-ea59a337c299:c3535]
2019-09-02 06:30:20,724 [grpc-default-executor-0] INFO  client.GrpcClientProtocolClient (GrpcClientProtocolClient.java:onNext(255)) - client-0D308AD40832->3258574c-39ac-4ed5-9145-ea59a337c299: receive RaftClientReply:client-0D308AD40832->3258574c-39ac-4ed5-9145-ea59a337c299@group-6C7D867BDA6A, cid=2518, SUCCESS, logIndex=3535, commits[3258574c-39ac-4ed5-9145-ea59a337c299:c3536]
2019-09-02 06:30:20,842 [SCMBlockDeletingService#1] DEBUG block.SCMBlockDeletingService (SCMBlockDeletingService.java:call(138)) - Running DeletedBlockTransactionScanner
2019-09-02 06:30:20,842 [SCMBlockDeletingService#1] DEBUG block.SCMBlockDeletingService (SCMBlockDeletingService.java:call(155)) - Scanned deleted blocks log and got 0 delTX to process.
2019-09-02 06:30:20,929 [grpc-default-executor-1] INFO  client.GrpcClientProtocolClient (GrpcClientProtocolClient.java:onNext(255)) - client-0D308AD40832->3258574c-39ac-4ed5-9145-ea59a337c299: receive RaftClientReply:client-0D308AD40832->3258574c-39ac-4ed5-9145-ea59a337c299@group-6C7D867BDA6A, cid=2519, SUCCESS, logIndex=3537, commits[3258574c-39ac-4ed5-9145-ea59a337c299:c3538]
2019-09-02 06:30:20,930 [grpc-default-executor-1] INFO  client.GrpcClientProtocolClient (GrpcClientProtocolClient.java:onNext(255)) - client-0D308AD40832->3258574c-39ac-4ed5-9145-ea59a337c299: receive RaftClientReply:client-0D308AD40832->3258574c-39ac-4ed5-9145-ea59a337c299@group-6C7D867BDA6A, cid=2520, SUCCESS, logIndex=3538, commits[3258574c-39ac-4ed5-9145-ea59a337c299:c3539]
2019-09-02 06:30:20,943 [SCMBlockDeletingService#1] DEBUG block.SCMBlockDeletingService (SCMBlockDeletingService.java:call(138)) - Running DeletedBlockTransactionScanner
2019-09-02 06:30:20,943 [SCMBlockDeletingService#1] DEBUG block.SCMBlockDeletingService (SCMBlockDeletingService.java:call(155)) - Scanned deleted blocks log and got 0 delTX to process.
2019-09-02 06:30:20,957 [grpc-default-executor-0] INFO  client.GrpcClientProtocolClient (GrpcClientProtocolClient.java:onNext(255)) - client-0D308AD40832->3258574c-39ac-4ed5-9145-ea59a337c299: receive RaftClientReply:client-0D308AD40832->3258574c-39ac-4ed5-9145-ea59a337c299@group-6C7D867BDA6A, cid=2521, SUCCESS, logIndex=3540, commits[3258574c-39ac-4ed5-9145-ea59a337c299:c3541]
2019-09-02 06:30:20,957 [grpc-default-executor-0] INFO  client.GrpcClientProtocolClient (GrpcClientProtocolClient.java:onNext(255)) - client-0D308AD40832->3258574c-39ac-4ed5-9145-ea59a337c299: receive RaftClientReply:client-0D308AD40832->3258574c-39ac-4ed5-9145-ea59a337c299@group-6C7D867BDA6A, cid=2522, SUCCESS, logIndex=3541, commits[3258574c-39ac-4ed5-9145-ea59a337c299:c3541]
2019-09-02 06:30:20,958 [grpc-default-executor-0] INFO  client.GrpcClientProtocolClient (GrpcClientProtocolClient.java:onNext(255)) - client-0D308AD40832->3258574c-39ac-4ed5-9145-ea59a337c299: receive RaftClientReply:client-0D308AD40832->3258574c-39ac-4ed5-9145-ea59a337c299@group-6C7D867BDA6A, cid=2523, SUCCESS, logIndex=3542, commits[3258574c-39ac-4ed5-9145-ea59a337c299:c3543]
2019-09-02 06:30:20,959 [grpc-default-executor-0] INFO  client.GrpcClientProtocolClient (GrpcClientProtocolClient.java:onNext(255)) - client-0D308AD40832->3258574c-39ac-4ed5-9145-ea59a337c299: receive RaftClientReply:client-0D308AD40832->3258574c-39ac-4ed5-9145-ea59a337c299@group-6C7D867BDA6A, cid=2524, SUCCESS, logIndex=3543, commits[3258574c-39ac-4ed5-9145-ea59a337c299:c3543]
2019-09-02 06:30:20,981 [grpc-default-executor-1] INFO  client.GrpcClientProtocolClient (GrpcClientProtocolClient.java:onNext(255)) - client-0D308AD40832->3258574c-39ac-4ed5-9145-ea59a337c299: receive RaftClientReply:client-0D308AD40832->3258574c-39ac-4ed5-9145-ea59a337c299@group-6C7D867BDA6A, cid=2525, SUCCESS, logIndex=3546, commits[3258574c-39ac-4ed5-9145-ea59a337c299:c3549]
2019-09-02 06:30:20,981 [grpc-default-executor-1] INFO  client.GrpcClientProtocolClient (GrpcClientProtocolClient.java:onNext(255)) - client-0D308AD40832->3258574c-39ac-4ed5-9145-ea59a337c299: receive RaftClientReply:client-0D308AD40832->3258574c-39ac-4ed5-9145-ea59a337c299@group-6C7D867BDA6A, cid=2526, SUCCESS, logIndex=3547, commits[3258574c-39ac-4ed5-9145-ea59a337c299:c3550]
2019-09-02 06:30:20,981 [grpc-default-executor-1] INFO  client.GrpcClientProtocolClient (GrpcClientProtocolClient.java:onNext(255)) - client-0D308AD40832->3258574c-39ac-4ed5-9145-ea59a337c299: receive RaftClientReply:client-0D308AD40832->3258574c-39ac-4ed5-9145-ea59a337c299@group-6C7D867BDA6A, cid=2527, SUCCESS, logIndex=3548, commits[3258574c-39ac-4ed5-9145-ea59a337c299:c3550]
2019-09-02 06:30:20,982 [grpc-default-executor-1] INFO  client.GrpcClientProtocolClient (GrpcClientProtocolClient.java:onNext(255)) - client-0D308AD40832->3258574c-39ac-4ed5-9145-ea59a337c299: receive RaftClientReply:client-0D308AD40832->3258574c-39ac-4ed5-9145-ea59a337c299@group-6C7D867BDA6A, cid=2528, SUCCESS, logIndex=3549, commits[3258574c-39ac-4ed5-9145-ea59a337c299:c3550]
2019-09-02 06:30:21,012 [grpc-default-executor-1] INFO  client.GrpcClientProtocolClient (GrpcClientProtocolClient.java:onNext(255)) - client-0D308AD40832->3258574c-39ac-4ed5-9145-ea59a337c299: receive RaftClientReply:client-0D308AD40832->3258574c-39ac-4ed5-9145-ea59a337c299@group-6C7D867BDA6A, cid=2529, SUCCESS, logIndex=3551, commits[3258574c-39ac-4ed5-9145-ea59a337c299:c3552]
2019-09-02 06:30:21,013 [grpc-default-executor-1] INFO  client.GrpcClientProtocolClient (GrpcClientProtocolClient.java:onNext(255)) - client-0D308AD40832->3258574c-39ac-4ed5-9145-ea59a337c299: receive RaftClientReply:client-0D308AD40832->3258574c-39ac-4ed5-9145-ea59a337c299@group-6C7D867BDA6A, cid=2530, SUCCESS, logIndex=3552, commits[3258574c-39ac-4ed5-9145-ea59a337c299:c3554]
2019-09-02 06:30:21,013 [grpc-default-executor-1] INFO  client.GrpcClientProtocolClient (GrpcClientProtocolClient.java:onNext(255)) - client-0D308AD40832->3258574c-39ac-4ed5-9145-ea59a337c299: receive RaftClientReply:client-0D308AD40832->3258574c-39ac-4ed5-9145-ea59a337c299@group-6C7D867BDA6A, cid=2531, SUCCESS, logIndex=3553, commits[3258574c-39ac-4ed5-9145-ea59a337c299:c3555]
2019-09-02 06:30:21,013 [grpc-default-executor-1] INFO  client.GrpcClientProtocolClient (GrpcClientProtocolClient.java:onNext(255)) - client-0D308AD40832->3258574c-39ac-4ed5-9145-ea59a337c299: receive RaftClientReply:client-0D308AD40832->3258574c-39ac-4ed5-9145-ea59a337c299@group-6C7D867BDA6A, cid=2532, SUCCESS, logIndex=3554, commits[3258574c-39ac-4ed5-9145-ea59a337c299:c3555]
2019-09-02 06:30:21,024 [grpc-default-executor-0] INFO  client.GrpcClientProtocolClient (GrpcClientProtocolClient.java:onNext(255)) - client-0D308AD40832->3258574c-39ac-4ed5-9145-ea59a337c299: receive RaftClientReply:client-0D308AD40832->3258574c-39ac-4ed5-9145-ea59a337c299@group-6C7D867BDA6A, cid=2533, SUCCESS, logIndex=3557, commits[3258574c-39ac-4ed5-9145-ea59a337c299:c3560]
2019-09-02 06:30:21,024 [grpc-default-executor-0] INFO  client.GrpcClientProtocolClient (GrpcClientProtocolClient.java:onNext(255)) - client-0D308AD40832->3258574c-39ac-4ed5-9145-ea59a337c299: receive RaftClientReply:client-0D308AD40832->3258574c-39ac-4ed5-9145-ea59a337c299@group-6C7D867BDA6A, cid=2534, SUCCESS, logIndex=3558, commits[3258574c-39ac-4ed5-9145-ea59a337c299:c3561]
2019-09-02 06:30:21,025 [grpc-default-executor-0] INFO  client.GrpcClientProtocolClient (GrpcClientProtocolClient.java:onNext(255)) - client-0D308AD40832->3258574c-39ac-4ed5-9145-ea59a337c299: receive RaftClientReply:client-0D308AD40832->3258574c-39ac-4ed5-9145-ea59a337c299@group-6C7D867BDA6A, cid=2535, SUCCESS, logIndex=3559, commits[3258574c-39ac-4ed5-9145-ea59a337c299:c3561]
2019-09-02 06:30:21,025 [grpc-default-executor-0] INFO  client.GrpcClientProtocolClient (GrpcClientProtocolClient.java:onNext(255)) - client-0D308AD40832->3258574c-39ac-4ed5-9145-ea59a337c299: receive RaftClientReply:client-0D308AD40832->3258574c-39ac-4ed5-9145-ea59a337c299@group-6C7D867BDA6A, cid=2536, SUCCESS, logIndex=3560, commits[3258574c-39ac-4ed5-9145-ea59a337c299:c3561]
2019-09-02 06:30:21,043 [SCMBlockDeletingService#1] DEBUG block.SCMBlockDeletingService (SCMBlockDeletingService.java:call(138)) - Running DeletedBlockTransactionScanner
2019-09-02 06:30:21,043 [SCMBlockDeletingService#1] DEBUG block.SCMBlockDeletingService (SCMBlockDeletingService.java:call(155)) - Scanned deleted blocks log and got 0 delTX to process.
2019-09-02 06:30:21,053 [grpc-default-executor-0] INFO  client.GrpcClientProtocolClient (GrpcClientProtocolClient.java:onNext(255)) - client-0D308AD40832->3258574c-39ac-4ed5-9145-ea59a337c299: receive RaftClientReply:client-0D308AD40832->3258574c-39ac-4ed5-9145-ea59a337c299@group-6C7D867BDA6A, cid=2537, SUCCESS, logIndex=3562, commits[3258574c-39ac-4ed5-9145-ea59a337c299:c3567]
2019-09-02 06:30:21,055 [grpc-default-executor-0] INFO  client.GrpcClientProtocolClient (GrpcClientProtocolClient.java:onNext(255)) - client-0D308AD40832->3258574c-39ac-4ed5-9145-ea59a337c299: receive RaftClientReply:client-0D308AD40832->3258574c-39ac-4ed5-9145-ea59a337c299@group-6C7D867BDA6A, cid=2538, SUCCESS, logIndex=3563, commits[3258574c-39ac-4ed5-9145-ea59a337c299:c3567]
2019-09-02 06:30:21,055 [grpc-default-executor-0] INFO  client.GrpcClientProtocolClient (GrpcClientProtocolClient.java:onNext(255)) - client-0D308AD40832->3258574c-39ac-4ed5-9145-ea59a337c299: receive RaftClientReply:client-0D308AD40832->3258574c-39ac-4ed5-9145-ea59a337c299@group-6C7D867BDA6A, cid=2539, SUCCESS, logIndex=3564, commits[3258574c-39ac-4ed5-9145-ea59a337c299:c3567]
2019-09-02 06:30:21,055 [grpc-default-executor-0] INFO  client.GrpcClientProtocolClient (GrpcClientProtocolClient.java:onNext(255)) - client-0D308AD40832->3258574c-39ac-4ed5-9145-ea59a337c299: receive RaftClientReply:client-0D308AD40832->3258574c-39ac-4ed5-9145-ea59a337c299@group-6C7D867BDA6A, cid=2540, SUCCESS, logIndex=3565, commits[3258574c-39ac-4ed5-9145-ea59a337c299:c3567]
2019-09-02 06:30:21,074 [grpc-default-executor-1] INFO  client.GrpcClientProtocolClient (GrpcClientProtocolClient.java:onNext(255)) - client-0D308AD40832->3258574c-39ac-4ed5-9145-ea59a337c299: receive RaftClientReply:client-0D308AD40832->3258574c-39ac-4ed5-9145-ea59a337c299@group-6C7D867BDA6A, cid=2541, SUCCESS, logIndex=3568, commits[3258574c-39ac-4ed5-9145-ea59a337c299:c3569]
2019-09-02 06:30:21,075 [grpc-default-executor-1] INFO  client.GrpcClientProtocolClient (GrpcClientProtocolClient.java:onNext(255)) - client-0D308AD40832->3258574c-39ac-4ed5-9145-ea59a337c299: receive RaftClientReply:client-0D308AD40832->3258574c-39ac-4ed5-9145-ea59a337c299@group-6C7D867BDA6A, cid=2542, SUCCESS, logIndex=3569, commits[3258574c-39ac-4ed5-9145-ea59a337c299:c3571]
2019-09-02 06:30:21,075 [grpc-default-executor-1] INFO  client.GrpcClientProtocolClient (GrpcClientProtocolClient.java:onNext(255)) - client-0D308AD40832->3258574c-39ac-4ed5-9145-ea59a337c299: receive RaftClientReply:client-0D308AD40832->3258574c-39ac-4ed5-9145-ea59a337c299@group-6C7D867BDA6A, cid=2543, SUCCESS, logIndex=3570, commits[3258574c-39ac-4ed5-9145-ea59a337c299:c3572]
2019-09-02 06:30:21,075 [grpc-default-executor-1] INFO  client.GrpcClientProtocolClient (GrpcClientProtocolClient.java:onNext(255)) - client-0D308AD40832->3258574c-39ac-4ed5-9145-ea59a337c299: receive RaftClientReply:client-0D308AD40832->3258574c-39ac-4ed5-9145-ea59a337c299@group-6C7D867BDA6A, cid=2544, SUCCESS, logIndex=3571, commits[3258574c-39ac-4ed5-9145-ea59a337c299:c3572]
2019-09-02 06:30:21,102 [grpc-default-executor-1] INFO  client.GrpcClientProtocolClient (GrpcClientProtocolClient.java:onNext(255)) - client-0D308AD40832->3258574c-39ac-4ed5-9145-ea59a337c299: receive RaftClientReply:client-0D308AD40832->3258574c-39ac-4ed5-9145-ea59a337c299@group-6C7D867BDA6A, cid=2545, SUCCESS, logIndex=3574, commits[3258574c-39ac-4ed5-9145-ea59a337c299:c3577]
2019-09-02 06:30:21,102 [grpc-default-executor-1] INFO  client.GrpcClientProtocolClient (GrpcClientProtocolClient.java:onNext(255)) - client-0D308AD40832->3258574c-39ac-4ed5-9145-ea59a337c299: receive RaftClientReply:client-0D308AD40832->3258574c-39ac-4ed5-9145-ea59a337c299@group-6C7D867BDA6A, cid=2546, SUCCESS, logIndex=3575, commits[3258574c-39ac-4ed5-9145-ea59a337c299:c3577]
2019-09-02 06:30:21,103 [grpc-default-executor-1] INFO  client.GrpcClientProtocolClient (GrpcClientProtocolClient.java:onNext(255)) - client-0D308AD40832->3258574c-39ac-4ed5-9145-ea59a337c299: receive RaftClientReply:client-0D308AD40832->3258574c-39ac-4ed5-9145-ea59a337c299@group-6C7D867BDA6A, cid=2547, SUCCESS, logIndex=3576, commits[3258574c-39ac-4ed5-9145-ea59a337c299:c3577]
2019-09-02 06:30:21,103 [grpc-default-executor-1] INFO  client.GrpcClientProtocolClient (GrpcClientProtocolClient.java:onNext(255)) - client-0D308AD40832->3258574c-39ac-4ed5-9145-ea59a337c299: receive RaftClientReply:client-0D308AD40832->3258574c-39ac-4ed5-9145-ea59a337c299@group-6C7D867BDA6A, cid=2548, SUCCESS, logIndex=3577, commits[3258574c-39ac-4ed5-9145-ea59a337c299:c3578]
2019-09-02 06:30:21,122 [grpc-default-executor-1] INFO  client.GrpcClientProtocolClient (GrpcClientProtocolClient.java:onNext(255)) - client-0D308AD40832->3258574c-39ac-4ed5-9145-ea59a337c299: receive RaftClientReply:client-0D308AD40832->3258574c-39ac-4ed5-9145-ea59a337c299@group-6C7D867BDA6A, cid=2549, SUCCESS, logIndex=3579, commits[3258574c-39ac-4ed5-9145-ea59a337c299:c3580]
2019-09-02 06:30:21,122 [grpc-default-executor-1] INFO  client.GrpcClientProtocolClient (GrpcClientProtocolClient.java:onNext(255)) - client-0D308AD40832->3258574c-39ac-4ed5-9145-ea59a337c299: receive RaftClientReply:client-0D308AD40832->3258574c-39ac-4ed5-9145-ea59a337c299@group-6C7D867BDA6A, cid=2550, SUCCESS, logIndex=3580, commits[3258574c-39ac-4ed5-9145-ea59a337c299:c3582]
2019-09-02 06:30:21,122 [grpc-default-executor-1] INFO  client.GrpcClientProtocolClient (GrpcClientProtocolClient.java:onNext(255)) - client-0D308AD40832->3258574c-39ac-4ed5-9145-ea59a337c299: receive RaftClientReply:client-0D308AD40832->3258574c-39ac-4ed5-9145-ea59a337c299@group-6C7D867BDA6A, cid=2551, SUCCESS, logIndex=3581, commits[3258574c-39ac-4ed5-9145-ea59a337c299:c3583]
2019-09-02 06:30:21,122 [grpc-default-executor-1] INFO  client.GrpcClientProtocolClient (GrpcClientProtocolClient.java:onNext(255)) - client-0D308AD40832->3258574c-39ac-4ed5-9145-ea59a337c299: receive RaftClientReply:client-0D308AD40832->3258574c-39ac-4ed5-9145-ea59a337c299@group-6C7D867BDA6A, cid=2552, SUCCESS, logIndex=3582, commits[3258574c-39ac-4ed5-9145-ea59a337c299:c3583]
2019-09-02 06:30:21,144 [SCMBlockDeletingService#1] DEBUG block.SCMBlockDeletingService (SCMBlockDeletingService.java:call(138)) - Running DeletedBlockTransactionScanner
2019-09-02 06:30:21,144 [SCMBlockDeletingService#1] DEBUG block.SCMBlockDeletingService (SCMBlockDeletingService.java:call(155)) - Scanned deleted blocks log and got 0 delTX to process.
2019-09-02 06:30:21,151 [grpc-default-executor-0] INFO  client.GrpcClientProtocolClient (GrpcClientProtocolClient.java:onNext(255)) - client-0D308AD40832->3258574c-39ac-4ed5-9145-ea59a337c299: receive RaftClientReply:client-0D308AD40832->3258574c-39ac-4ed5-9145-ea59a337c299@group-6C7D867BDA6A, cid=2553, SUCCESS, logIndex=3585, commits[3258574c-39ac-4ed5-9145-ea59a337c299:c3588]
2019-09-02 06:30:21,151 [grpc-default-executor-0] INFO  client.GrpcClientProtocolClient (GrpcClientProtocolClient.java:onNext(255)) - client-0D308AD40832->3258574c-39ac-4ed5-9145-ea59a337c299: receive RaftClientReply:client-0D308AD40832->3258574c-39ac-4ed5-9145-ea59a337c299@group-6C7D867BDA6A, cid=2554, SUCCESS, logIndex=3586, commits[3258574c-39ac-4ed5-9145-ea59a337c299:c3589]
2019-09-02 06:30:21,152 [grpc-default-executor-0] INFO  client.GrpcClientProtocolClient (GrpcClientProtocolClient.java:onNext(255)) - client-0D308AD40832->3258574c-39ac-4ed5-9145-ea59a337c299: receive RaftClientReply:client-0D308AD40832->3258574c-39ac-4ed5-9145-ea59a337c299@group-6C7D867BDA6A, cid=2555, SUCCESS, logIndex=3587, commits[3258574c-39ac-4ed5-9145-ea59a337c299:c3589]
2019-09-02 06:30:21,152 [grpc-default-executor-0] INFO  client.GrpcClientProtocolClient (GrpcClientProtocolClient.java:onNext(255)) - client-0D308AD40832->3258574c-39ac-4ed5-9145-ea59a337c299: receive RaftClientReply:client-0D308AD40832->3258574c-39ac-4ed5-9145-ea59a337c299@group-6C7D867BDA6A, cid=2556, SUCCESS, logIndex=3588, commits[3258574c-39ac-4ed5-9145-ea59a337c299:c3589]
2019-09-02 06:30:21,164 [grpc-default-executor-0] INFO  client.GrpcClientProtocolClient (GrpcClientProtocolClient.java:onNext(255)) - client-0D308AD40832->3258574c-39ac-4ed5-9145-ea59a337c299: receive RaftClientReply:client-0D308AD40832->3258574c-39ac-4ed5-9145-ea59a337c299@group-6C7D867BDA6A, cid=2557, SUCCESS, logIndex=3590, commits[3258574c-39ac-4ed5-9145-ea59a337c299:c3592]
2019-09-02 06:30:21,164 [grpc-default-executor-0] INFO  client.GrpcClientProtocolClient (GrpcClientProtocolClient.java:onNext(255)) - client-0D308AD40832->3258574c-39ac-4ed5-9145-ea59a337c299: receive RaftClientReply:client-0D308AD40832->3258574c-39ac-4ed5-9145-ea59a337c299@group-6C7D867BDA6A, cid=2558, SUCCESS, logIndex=3591, commits[3258574c-39ac-4ed5-9145-ea59a337c299:c3593]
2019-09-02 06:30:21,165 [grpc-default-executor-0] INFO  client.GrpcClientProtocolClient (GrpcClientProtocolClient.java:onNext(255)) - client-0D308AD40832->3258574c-39ac-4ed5-9145-ea59a337c299: receive RaftClientReply:client-0D308AD40832->3258574c-39ac-4ed5-9145-ea59a337c299@group-6C7D867BDA6A, cid=2559, SUCCESS, logIndex=3592, commits[3258574c-39ac-4ed5-9145-ea59a337c299:c3594]
2019-09-02 06:30:21,165 [grpc-default-executor-0] INFO  client.GrpcClientProtocolClient (GrpcClientProtocolClient.java:onNext(255)) - client-0D308AD40832->3258574c-39ac-4ed5-9145-ea59a337c299: receive RaftClientReply:client-0D308AD40832->3258574c-39ac-4ed5-9145-ea59a337c299@group-6C7D867BDA6A, cid=2560, SUCCESS, logIndex=3593, commits[3258574c-39ac-4ed5-9145-ea59a337c299:c3594]
2019-09-02 06:30:21,178 [grpc-default-executor-0] INFO  client.GrpcClientProtocolClient (GrpcClientProtocolClient.java:onNext(255)) - client-0D308AD40832->3258574c-39ac-4ed5-9145-ea59a337c299: receive RaftClientReply:client-0D308AD40832->3258574c-39ac-4ed5-9145-ea59a337c299@group-6C7D867BDA6A, cid=2561, SUCCESS, logIndex=3596, commits[3258574c-39ac-4ed5-9145-ea59a337c299:c3597]
2019-09-02 06:30:21,179 [grpc-default-executor-0] INFO  client.GrpcClientProtocolClient (GrpcClientProtocolClient.java:onNext(255)) - client-0D308AD40832->3258574c-39ac-4ed5-9145-ea59a337c299: receive RaftClientReply:client-0D308AD40832->3258574c-39ac-4ed5-9145-ea59a337c299@group-6C7D867BDA6A, cid=2562, SUCCESS, logIndex=3597, commits[3258574c-39ac-4ed5-9145-ea59a337c299:c3599]
2019-09-02 06:30:21,179 [grpc-default-executor-0] INFO  client.GrpcClientProtocolClient (GrpcClientProtocolClient.java:onNext(255)) - client-0D308AD40832->3258574c-39ac-4ed5-9145-ea59a337c299: receive RaftClientReply:client-0D308AD40832->3258574c-39ac-4ed5-9145-ea59a337c299@group-6C7D867BDA6A, cid=2563, SUCCESS, logIndex=3598, commits[3258574c-39ac-4ed5-9145-ea59a337c299:c3599]
2019-09-02 06:30:21,179 [grpc-default-executor-0] INFO  client.GrpcClientProtocolClient (GrpcClientProtocolClient.java:onNext(255)) - client-0D308AD40832->3258574c-39ac-4ed5-9145-ea59a337c299: receive RaftClientReply:client-0D308AD40832->3258574c-39ac-4ed5-9145-ea59a337c299@group-6C7D867BDA6A, cid=2564, SUCCESS, logIndex=3599, commits[3258574c-39ac-4ed5-9145-ea59a337c299:c3600]
2019-09-02 06:30:21,244 [SCMBlockDeletingService#1] DEBUG block.SCMBlockDeletingService (SCMBlockDeletingService.java:call(138)) - Running DeletedBlockTransactionScanner
2019-09-02 06:30:21,245 [SCMBlockDeletingService#1] DEBUG block.SCMBlockDeletingService (SCMBlockDeletingService.java:call(155)) - Scanned deleted blocks log and got 0 delTX to process.
2019-09-02 06:30:21,287 [grpc-default-executor-0] INFO  client.GrpcClientProtocolClient (GrpcClientProtocolClient.java:onNext(255)) - client-0D308AD40832->3258574c-39ac-4ed5-9145-ea59a337c299: receive RaftClientReply:client-0D308AD40832->3258574c-39ac-4ed5-9145-ea59a337c299@group-6C7D867BDA6A, cid=2565, SUCCESS, logIndex=3602, commits[3258574c-39ac-4ed5-9145-ea59a337c299:c3605]
2019-09-02 06:30:21,288 [grpc-default-executor-0] INFO  client.GrpcClientProtocolClient (GrpcClientProtocolClient.java:onNext(255)) - client-0D308AD40832->3258574c-39ac-4ed5-9145-ea59a337c299: receive RaftClientReply:client-0D308AD40832->3258574c-39ac-4ed5-9145-ea59a337c299@group-6C7D867BDA6A, cid=2566, SUCCESS, logIndex=3603, commits[3258574c-39ac-4ed5-9145-ea59a337c299:c3605]
2019-09-02 06:30:21,288 [grpc-default-executor-0] INFO  client.GrpcClientProtocolClient (GrpcClientProtocolClient.java:onNext(255)) - client-0D308AD40832->3258574c-39ac-4ed5-9145-ea59a337c299: receive RaftClientReply:client-0D308AD40832->3258574c-39ac-4ed5-9145-ea59a337c299@group-6C7D867BDA6A, cid=2567, SUCCESS, logIndex=3604, commits[3258574c-39ac-4ed5-9145-ea59a337c299:c3605]
2019-09-02 06:30:21,288 [grpc-default-executor-0] INFO  client.GrpcClientProtocolClient (GrpcClientProtocolClient.java:onNext(255)) - client-0D308AD40832->3258574c-39ac-4ed5-9145-ea59a337c299: receive RaftClientReply:client-0D308AD40832->3258574c-39ac-4ed5-9145-ea59a337c299@group-6C7D867BDA6A, cid=2568, SUCCESS, logIndex=3605, commits[3258574c-39ac-4ed5-9145-ea59a337c299:c3605]
2019-09-02 06:30:21,311 [grpc-default-executor-1] INFO  client.GrpcClientProtocolClient (GrpcClientProtocolClient.java:onNext(255)) - client-0D308AD40832->3258574c-39ac-4ed5-9145-ea59a337c299: receive RaftClientReply:client-0D308AD40832->3258574c-39ac-4ed5-9145-ea59a337c299@group-6C7D867BDA6A, cid=2569, SUCCESS, logIndex=3607, commits[3258574c-39ac-4ed5-9145-ea59a337c299:c3608]
2019-09-02 06:30:21,312 [grpc-default-executor-1] INFO  client.GrpcClientProtocolClient (GrpcClientProtocolClient.java:onNext(255)) - client-0D308AD40832->3258574c-39ac-4ed5-9145-ea59a337c299: receive RaftClientReply:client-0D308AD40832->3258574c-39ac-4ed5-9145-ea59a337c299@group-6C7D867BDA6A, cid=2570, SUCCESS, logIndex=3608, commits[3258574c-39ac-4ed5-9145-ea59a337c299:c3610]
2019-09-02 06:30:21,312 [grpc-default-executor-1] INFO  client.GrpcClientProtocolClient (GrpcClientProtocolClient.java:onNext(255)) - client-0D308AD40832->3258574c-39ac-4ed5-9145-ea59a337c299: receive RaftClientReply:client-0D308AD40832->3258574c-39ac-4ed5-9145-ea59a337c299@group-6C7D867BDA6A, cid=2571, SUCCESS, logIndex=3609, commits[3258574c-39ac-4ed5-9145-ea59a337c299:c3610]
2019-09-02 06:30:21,312 [grpc-default-executor-1] INFO  client.GrpcClientProtocolClient (GrpcClientProtocolClient.java:onNext(255)) - client-0D308AD40832->3258574c-39ac-4ed5-9145-ea59a337c299: receive RaftClientReply:client-0D308AD40832->3258574c-39ac-4ed5-9145-ea59a337c299@group-6C7D867BDA6A, cid=2572, SUCCESS, logIndex=3610, commits[3258574c-39ac-4ed5-9145-ea59a337c299:c3611]
2019-09-02 06:30:21,329 [grpc-default-executor-0] INFO  client.GrpcClientProtocolClient (GrpcClientProtocolClient.java:onNext(255)) - client-0D308AD40832->3258574c-39ac-4ed5-9145-ea59a337c299: receive RaftClientReply:client-0D308AD40832->3258574c-39ac-4ed5-9145-ea59a337c299@group-6C7D867BDA6A, cid=2573, SUCCESS, logIndex=3613, commits[3258574c-39ac-4ed5-9145-ea59a337c299:c3614]
2019-09-02 06:30:21,329 [grpc-default-executor-0] INFO  client.GrpcClientProtocolClient (GrpcClientProtocolClient.java:onNext(255)) - client-0D308AD40832->3258574c-39ac-4ed5-9145-ea59a337c299: receive RaftClientReply:client-0D308AD40832->3258574c-39ac-4ed5-9145-ea59a337c299@group-6C7D867BDA6A, cid=2574, SUCCESS, logIndex=3614, commits[3258574c-39ac-4ed5-9145-ea59a337c299:c3616]
2019-09-02 06:30:21,329 [grpc-default-executor-0] INFO  client.GrpcClientProtocolClient (GrpcClientProtocolClient.java:onNext(255)) - client-0D308AD40832->3258574c-39ac-4ed5-9145-ea59a337c299: receive RaftClientReply:client-0D308AD40832->3258574c-39ac-4ed5-9145-ea59a337c299@group-6C7D867BDA6A, cid=2575, SUCCESS, logIndex=3615, commits[3258574c-39ac-4ed5-9145-ea59a337c299:c3617]
2019-09-02 06:30:21,330 [grpc-default-executor-0] INFO  client.GrpcClientProtocolClient (GrpcClientProtocolClient.java:onNext(255)) - client-0D308AD40832->3258574c-39ac-4ed5-9145-ea59a337c299: receive RaftClientReply:client-0D308AD40832->3258574c-39ac-4ed5-9145-ea59a337c299@group-6C7D867BDA6A, cid=2576, SUCCESS, logIndex=3616, commits[3258574c-39ac-4ed5-9145-ea59a337c299:c3617]
2019-09-02 06:30:21,345 [SCMBlockDeletingService#1] DEBUG block.SCMBlockDeletingService (SCMBlockDeletingService.java:call(138)) - Running DeletedBlockTransactionScanner
2019-09-02 06:30:21,345 [SCMBlockDeletingService#1] DEBUG block.SCMBlockDeletingService (SCMBlockDeletingService.java:call(155)) - Scanned deleted blocks log and got 0 delTX to process.
2019-09-02 06:30:21,355 [grpc-default-executor-0] INFO  client.GrpcClientProtocolClient (GrpcClientProtocolClient.java:onNext(255)) - client-0D308AD40832->3258574c-39ac-4ed5-9145-ea59a337c299: receive RaftClientReply:client-0D308AD40832->3258574c-39ac-4ed5-9145-ea59a337c299@group-6C7D867BDA6A, cid=2577, SUCCESS, logIndex=3619, commits[3258574c-39ac-4ed5-9145-ea59a337c299:c3620]
2019-09-02 06:30:21,355 [grpc-default-executor-0] INFO  client.GrpcClientProtocolClient (GrpcClientProtocolClient.java:onNext(255)) - client-0D308AD40832->3258574c-39ac-4ed5-9145-ea59a337c299: receive RaftClientReply:client-0D308AD40832->3258574c-39ac-4ed5-9145-ea59a337c299@group-6C7D867BDA6A, cid=2578, SUCCESS, logIndex=3620, commits[3258574c-39ac-4ed5-9145-ea59a337c299:c3620]
2019-09-02 06:30:21,357 [grpc-default-executor-0] INFO  client.GrpcClientProtocolClient (GrpcClientProtocolClient.java:onNext(255)) - client-0D308AD40832->3258574c-39ac-4ed5-9145-ea59a337c299: receive RaftClientReply:client-0D308AD40832->3258574c-39ac-4ed5-9145-ea59a337c299@group-6C7D867BDA6A, cid=2579, SUCCESS, logIndex=3621, commits[3258574c-39ac-4ed5-9145-ea59a337c299:c3622]
2019-09-02 06:30:21,357 [grpc-default-executor-0] INFO  client.GrpcClientProtocolClient (GrpcClientProtocolClient.java:onNext(255)) - client-0D308AD40832->3258574c-39ac-4ed5-9145-ea59a337c299: receive RaftClientReply:client-0D308AD40832->3258574c-39ac-4ed5-9145-ea59a337c299@group-6C7D867BDA6A, cid=2580, SUCCESS, logIndex=3622, commits[3258574c-39ac-4ed5-9145-ea59a337c299:c3622]
2019-09-02 06:30:21,368 [grpc-default-executor-1] INFO  client.GrpcClientProtocolClient (GrpcClientProtocolClient.java:onNext(255)) - client-0D308AD40832->3258574c-39ac-4ed5-9145-ea59a337c299: receive RaftClientReply:client-0D308AD40832->3258574c-39ac-4ed5-9145-ea59a337c299@group-6C7D867BDA6A, cid=2581, SUCCESS, logIndex=3625, commits[3258574c-39ac-4ed5-9145-ea59a337c299:c3628]
2019-09-02 06:30:21,369 [grpc-default-executor-1] INFO  client.GrpcClientProtocolClient (GrpcClientProtocolClient.java:onNext(255)) - client-0D308AD40832->3258574c-39ac-4ed5-9145-ea59a337c299: receive RaftClientReply:client-0D308AD40832->3258574c-39ac-4ed5-9145-ea59a337c299@group-6C7D867BDA6A, cid=2582, SUCCESS, logIndex=3626, commits[3258574c-39ac-4ed5-9145-ea59a337c299:c3629]
2019-09-02 06:30:21,369 [grpc-default-executor-1] INFO  client.GrpcClientProtocolClient (GrpcClientProtocolClient.java:onNext(255)) - client-0D308AD40832->3258574c-39ac-4ed5-9145-ea59a337c299: receive RaftClientReply:client-0D308AD40832->3258574c-39ac-4ed5-9145-ea59a337c299@group-6C7D867BDA6A, cid=2583, SUCCESS, logIndex=3627, commits[3258574c-39ac-4ed5-9145-ea59a337c299:c3629]
2019-09-02 06:30:21,369 [grpc-default-executor-1] INFO  client.GrpcClientProtocolClient (GrpcClientProtocolClient.java:onNext(255)) - client-0D308AD40832->3258574c-39ac-4ed5-9145-ea59a337c299: receive RaftClientReply:client-0D308AD40832->3258574c-39ac-4ed5-9145-ea59a337c299@group-6C7D867BDA6A, cid=2584, SUCCESS, logIndex=3628, commits[3258574c-39ac-4ed5-9145-ea59a337c299:c3629]
2019-09-02 06:30:21,396 [grpc-default-executor-1] INFO  client.GrpcClientProtocolClient (GrpcClientProtocolClient.java:onNext(255)) - client-0D308AD40832->3258574c-39ac-4ed5-9145-ea59a337c299: receive RaftClientReply:client-0D308AD40832->3258574c-39ac-4ed5-9145-ea59a337c299@group-6C7D867BDA6A, cid=2585, SUCCESS, logIndex=3630, commits[3258574c-39ac-4ed5-9145-ea59a337c299:c3633]
2019-09-02 06:30:21,397 [grpc-default-executor-1] INFO  client.GrpcClientProtocolClient (GrpcClientProtocolClient.java:onNext(255)) - client-0D308AD40832->3258574c-39ac-4ed5-9145-ea59a337c299: receive RaftClientReply:client-0D308AD40832->3258574c-39ac-4ed5-9145-ea59a337c299@group-6C7D867BDA6A, cid=2586, SUCCESS, logIndex=3631, commits[3258574c-39ac-4ed5-9145-ea59a337c299:c3633]
2019-09-02 06:30:21,397 [grpc-default-executor-1] INFO  client.GrpcClientProtocolClient (GrpcClientProtocolClient.java:onNext(255)) - client-0D308AD40832->3258574c-39ac-4ed5-9145-ea59a337c299: receive RaftClientReply:client-0D308AD40832->3258574c-39ac-4ed5-9145-ea59a337c299@group-6C7D867BDA6A, cid=2587, SUCCESS, logIndex=3632, commits[3258574c-39ac-4ed5-9145-ea59a337c299:c3634]
2019-09-02 06:30:21,397 [grpc-default-executor-1] INFO  client.GrpcClientProtocolClient (GrpcClientProtocolClient.java:onNext(255)) - client-0D308AD40832->3258574c-39ac-4ed5-9145-ea59a337c299: receive RaftClientReply:client-0D308AD40832->3258574c-39ac-4ed5-9145-ea59a337c299@group-6C7D867BDA6A, cid=2588, SUCCESS, logIndex=3633, commits[3258574c-39ac-4ed5-9145-ea59a337c299:c3635]
2019-09-02 06:30:21,416 [grpc-default-executor-1] INFO  client.GrpcClientProtocolClient (GrpcClientProtocolClient.java:onNext(255)) - client-0D308AD40832->3258574c-39ac-4ed5-9145-ea59a337c299: receive RaftClientReply:client-0D308AD40832->3258574c-39ac-4ed5-9145-ea59a337c299@group-6C7D867BDA6A, cid=2589, SUCCESS, logIndex=3636, commits[3258574c-39ac-4ed5-9145-ea59a337c299:c3637]
2019-09-02 06:30:21,416 [grpc-default-executor-1] INFO  client.GrpcClientProtocolClient (GrpcClientProtocolClient.java:onNext(255)) - client-0D308AD40832->3258574c-39ac-4ed5-9145-ea59a337c299: receive RaftClientReply:client-0D308AD40832->3258574c-39ac-4ed5-9145-ea59a337c299@group-6C7D867BDA6A, cid=2590, SUCCESS, logIndex=3637, commits[3258574c-39ac-4ed5-9145-ea59a337c299:c3637]
2019-09-02 06:30:21,446 [SCMBlockDeletingService#1] DEBUG block.SCMBlockDeletingService (SCMBlockDeletingService.java:call(138)) - Running DeletedBlockTransactionScanner
2019-09-02 06:30:21,446 [SCMBlockDeletingService#1] DEBUG block.SCMBlockDeletingService (SCMBlockDeletingService.java:call(155)) - Scanned deleted blocks log and got 0 delTX to process.
2019-09-02 06:30:21,546 [SCMBlockDeletingService#1] DEBUG block.SCMBlockDeletingService (SCMBlockDeletingService.java:call(138)) - Running DeletedBlockTransactionScanner
2019-09-02 06:30:21,546 [SCMBlockDeletingService#1] DEBUG block.SCMBlockDeletingService (SCMBlockDeletingService.java:call(155)) - Scanned deleted blocks log and got 0 delTX to process.
2019-09-02 06:30:21,642 [grpc-default-executor-1] INFO  client.GrpcClientProtocolClient (GrpcClientProtocolClient.java:onNext(255)) - client-0D308AD40832->3258574c-39ac-4ed5-9145-ea59a337c299: receive RaftClientReply:client-0D308AD40832->3258574c-39ac-4ed5-9145-ea59a337c299@group-6C7D867BDA6A, cid=2591, SUCCESS, logIndex=3638, commits[3258574c-39ac-4ed5-9145-ea59a337c299:c3639]
2019-09-02 06:30:21,642 [grpc-default-executor-1] INFO  client.GrpcClientProtocolClient (GrpcClientProtocolClient.java:onNext(255)) - client-0D308AD40832->3258574c-39ac-4ed5-9145-ea59a337c299: receive RaftClientReply:client-0D308AD40832->3258574c-39ac-4ed5-9145-ea59a337c299@group-6C7D867BDA6A, cid=2592, SUCCESS, logIndex=3639, commits[3258574c-39ac-4ed5-9145-ea59a337c299:c3639]
2019-09-02 06:30:21,647 [SCMBlockDeletingService#1] DEBUG block.SCMBlockDeletingService (SCMBlockDeletingService.java:call(138)) - Running DeletedBlockTransactionScanner
2019-09-02 06:30:21,647 [SCMBlockDeletingService#1] DEBUG block.SCMBlockDeletingService (SCMBlockDeletingService.java:call(155)) - Scanned deleted blocks log and got 0 delTX to process.
2019-09-02 06:30:21,687 [grpc-default-executor-0] INFO  client.GrpcClientProtocolClient (GrpcClientProtocolClient.java:onNext(255)) - client-0D308AD40832->3258574c-39ac-4ed5-9145-ea59a337c299: receive RaftClientReply:client-0D308AD40832->3258574c-39ac-4ed5-9145-ea59a337c299@group-6C7D867BDA6A, cid=2593, SUCCESS, logIndex=3642, commits[3258574c-39ac-4ed5-9145-ea59a337c299:c3645]
2019-09-02 06:30:21,688 [grpc-default-executor-0] INFO  client.GrpcClientProtocolClient (GrpcClientProtocolClient.java:onNext(255)) - client-0D308AD40832->3258574c-39ac-4ed5-9145-ea59a337c299: receive RaftClientReply:client-0D308AD40832->3258574c-39ac-4ed5-9145-ea59a337c299@group-6C7D867BDA6A, cid=2594, SUCCESS, logIndex=3643, commits[3258574c-39ac-4ed5-9145-ea59a337c299:c3646]
2019-09-02 06:30:21,689 [grpc-default-executor-0] INFO  client.GrpcClientProtocolClient (GrpcClientProtocolClient.java:onNext(255)) - client-0D308AD40832->3258574c-39ac-4ed5-9145-ea59a337c299: receive RaftClientReply:client-0D308AD40832->3258574c-39ac-4ed5-9145-ea59a337c299@group-6C7D867BDA6A, cid=2595, SUCCESS, logIndex=3644, commits[3258574c-39ac-4ed5-9145-ea59a337c299:c3646]
2019-09-02 06:30:21,689 [grpc-default-executor-0] INFO  client.GrpcClientProtocolClient (GrpcClientProtocolClient.java:onNext(255)) - client-0D308AD40832->3258574c-39ac-4ed5-9145-ea59a337c299: receive RaftClientReply:client-0D308AD40832->3258574c-39ac-4ed5-9145-ea59a337c299@group-6C7D867BDA6A, cid=2596, SUCCESS, logIndex=3645, commits[3258574c-39ac-4ed5-9145-ea59a337c299:c3646]
2019-09-02 06:30:21,700 [grpc-default-executor-0] INFO  client.GrpcClientProtocolClient (GrpcClientProtocolClient.java:onNext(255)) - client-0D308AD40832->3258574c-39ac-4ed5-9145-ea59a337c299: receive RaftClientReply:client-0D308AD40832->3258574c-39ac-4ed5-9145-ea59a337c299@group-6C7D867BDA6A, cid=2597, SUCCESS, logIndex=3647, commits[3258574c-39ac-4ed5-9145-ea59a337c299:c3648]
2019-09-02 06:30:21,701 [grpc-default-executor-0] INFO  client.GrpcClientProtocolClient (GrpcClientProtocolClient.java:onNext(255)) - client-0D308AD40832->3258574c-39ac-4ed5-9145-ea59a337c299: receive RaftClientReply:client-0D308AD40832->3258574c-39ac-4ed5-9145-ea59a337c299@group-6C7D867BDA6A, cid=2598, SUCCESS, logIndex=3648, commits[3258574c-39ac-4ed5-9145-ea59a337c299:c3650]
2019-09-02 06:30:21,701 [grpc-default-executor-0] INFO  client.GrpcClientProtocolClient (GrpcClientProtocolClient.java:onNext(255)) - client-0D308AD40832->3258574c-39ac-4ed5-9145-ea59a337c299: receive RaftClientReply:client-0D308AD40832->3258574c-39ac-4ed5-9145-ea59a337c299@group-6C7D867BDA6A, cid=2599, SUCCESS, logIndex=3649, commits[3258574c-39ac-4ed5-9145-ea59a337c299:c3650]
2019-09-02 06:30:21,701 [grpc-default-executor-0] INFO  client.GrpcClientProtocolClient (GrpcClientProtocolClient.java:onNext(255)) - client-0D308AD40832->3258574c-39ac-4ed5-9145-ea59a337c299: receive RaftClientReply:client-0D308AD40832->3258574c-39ac-4ed5-9145-ea59a337c299@group-6C7D867BDA6A, cid=2600, SUCCESS, logIndex=3650, commits[3258574c-39ac-4ed5-9145-ea59a337c299:c3651]
2019-09-02 06:30:21,735 [grpc-default-executor-1] INFO  client.GrpcClientProtocolClient (GrpcClientProtocolClient.java:onNext(255)) - client-0D308AD40832->3258574c-39ac-4ed5-9145-ea59a337c299: receive RaftClientReply:client-0D308AD40832->3258574c-39ac-4ed5-9145-ea59a337c299@group-6C7D867BDA6A, cid=2601, SUCCESS, logIndex=3653, commits[3258574c-39ac-4ed5-9145-ea59a337c299:c3654]
2019-09-02 06:30:21,736 [grpc-default-executor-1] INFO  client.GrpcClientProtocolClient (GrpcClientProtocolClient.java:onNext(255)) - client-0D308AD40832->3258574c-39ac-4ed5-9145-ea59a337c299: receive RaftClientReply:client-0D308AD40832->3258574c-39ac-4ed5-9145-ea59a337c299@group-6C7D867BDA6A, cid=2602, SUCCESS, logIndex=3654, commits[3258574c-39ac-4ed5-9145-ea59a337c299:c3656]
2019-09-02 06:30:21,736 [grpc-default-executor-1] INFO  client.GrpcClientProtocolClient (GrpcClientProtocolClient.java:onNext(255)) - client-0D308AD40832->3258574c-39ac-4ed5-9145-ea59a337c299: receive RaftClientReply:client-0D308AD40832->3258574c-39ac-4ed5-9145-ea59a337c299@group-6C7D867BDA6A, cid=2603, SUCCESS, logIndex=3655, commits[3258574c-39ac-4ed5-9145-ea59a337c299:c3657]
2019-09-02 06:30:21,736 [grpc-default-executor-1] INFO  client.GrpcClientProtocolClient (GrpcClientProtocolClient.java:onNext(255)) - client-0D308AD40832->3258574c-39ac-4ed5-9145-ea59a337c299: receive RaftClientReply:client-0D308AD40832->3258574c-39ac-4ed5-9145-ea59a337c299@group-6C7D867BDA6A, cid=2604, SUCCESS, logIndex=3656, commits[3258574c-39ac-4ed5-9145-ea59a337c299:c3657]
2019-09-02 06:30:21,748 [SCMBlockDeletingService#1] DEBUG block.SCMBlockDeletingService (SCMBlockDeletingService.java:call(138)) - Running DeletedBlockTransactionScanner
2019-09-02 06:30:21,748 [SCMBlockDeletingService#1] DEBUG block.SCMBlockDeletingService (SCMBlockDeletingService.java:call(155)) - Scanned deleted blocks log and got 0 delTX to process.
2019-09-02 06:30:21,752 [grpc-default-executor-0] INFO  client.GrpcClientProtocolClient (GrpcClientProtocolClient.java:onNext(255)) - client-0D308AD40832->3258574c-39ac-4ed5-9145-ea59a337c299: receive RaftClientReply:client-0D308AD40832->3258574c-39ac-4ed5-9145-ea59a337c299@group-6C7D867BDA6A, cid=2605, SUCCESS, logIndex=3659, commits[3258574c-39ac-4ed5-9145-ea59a337c299:c3660]
2019-09-02 06:30:21,753 [grpc-default-executor-0] INFO  client.GrpcClientProtocolClient (GrpcClientProtocolClient.java:onNext(255)) - client-0D308AD40832->3258574c-39ac-4ed5-9145-ea59a337c299: receive RaftClientReply:client-0D308AD40832->3258574c-39ac-4ed5-9145-ea59a337c299@group-6C7D867BDA6A, cid=2606, SUCCESS, logIndex=3660, commits[3258574c-39ac-4ed5-9145-ea59a337c299:c3660]
2019-09-02 06:30:21,754 [grpc-default-executor-0] INFO  client.GrpcClientProtocolClient (GrpcClientProtocolClient.java:onNext(255)) - client-0D308AD40832->3258574c-39ac-4ed5-9145-ea59a337c299: receive RaftClientReply:client-0D308AD40832->3258574c-39ac-4ed5-9145-ea59a337c299@group-6C7D867BDA6A, cid=2607, SUCCESS, logIndex=3661, commits[3258574c-39ac-4ed5-9145-ea59a337c299:c3662]
2019-09-02 06:30:21,755 [grpc-default-executor-0] INFO  client.GrpcClientProtocolClient (GrpcClientProtocolClient.java:onNext(255)) - client-0D308AD40832->3258574c-39ac-4ed5-9145-ea59a337c299: receive RaftClientReply:client-0D308AD40832->3258574c-39ac-4ed5-9145-ea59a337c299@group-6C7D867BDA6A, cid=2608, SUCCESS, logIndex=3662, commits[3258574c-39ac-4ed5-9145-ea59a337c299:c3662]
2019-09-02 06:30:21,848 [SCMBlockDeletingService#1] DEBUG block.SCMBlockDeletingService (SCMBlockDeletingService.java:call(138)) - Running DeletedBlockTransactionScanner
2019-09-02 06:30:21,849 [SCMBlockDeletingService#1] DEBUG block.SCMBlockDeletingService (SCMBlockDeletingService.java:call(155)) - Scanned deleted blocks log and got 0 delTX to process.
2019-09-02 06:30:21,987 [SCMBlockDeletingService#1] DEBUG block.SCMBlockDeletingService (SCMBlockDeletingService.java:call(138)) - Running DeletedBlockTransactionScanner
2019-09-02 06:30:21,987 [SCMBlockDeletingService#1] DEBUG block.SCMBlockDeletingService (SCMBlockDeletingService.java:call(155)) - Scanned deleted blocks log and got 0 delTX to process.
2019-09-02 06:30:22,019 [grpc-default-executor-1] INFO  client.GrpcClientProtocolClient (GrpcClientProtocolClient.java:onNext(255)) - client-0D308AD40832->3258574c-39ac-4ed5-9145-ea59a337c299: receive RaftClientReply:client-0D308AD40832->3258574c-39ac-4ed5-9145-ea59a337c299@group-6C7D867BDA6A, cid=2609, SUCCESS, logIndex=3665, commits[3258574c-39ac-4ed5-9145-ea59a337c299:c3668]
2019-09-02 06:30:22,019 [grpc-default-executor-1] INFO  client.GrpcClientProtocolClient (GrpcClientProtocolClient.java:onNext(255)) - client-0D308AD40832->3258574c-39ac-4ed5-9145-ea59a337c299: receive RaftClientReply:client-0D308AD40832->3258574c-39ac-4ed5-9145-ea59a337c299@group-6C7D867BDA6A, cid=2610, SUCCESS, logIndex=3666, commits[3258574c-39ac-4ed5-9145-ea59a337c299:c3668]
2019-09-02 06:30:22,020 [grpc-default-executor-1] INFO  client.GrpcClientProtocolClient (GrpcClientProtocolClient.java:onNext(255)) - client-0D308AD40832->3258574c-39ac-4ed5-9145-ea59a337c299: receive RaftClientReply:client-0D308AD40832->3258574c-39ac-4ed5-9145-ea59a337c299@group-6C7D867BDA6A, cid=2611, SUCCESS, logIndex=3667, commits[3258574c-39ac-4ed5-9145-ea59a337c299:c3669]
2019-09-02 06:30:22,020 [grpc-default-executor-1] INFO  client.GrpcClientProtocolClient (GrpcClientProtocolClient.java:onNext(255)) - client-0D308AD40832->3258574c-39ac-4ed5-9145-ea59a337c299: receive RaftClientReply:client-0D308AD40832->3258574c-39ac-4ed5-9145-ea59a337c299@group-6C7D867BDA6A, cid=2612, SUCCESS, logIndex=3668, commits[3258574c-39ac-4ed5-9145-ea59a337c299:c3669]
2019-09-02 06:30:22,043 [grpc-default-executor-1] INFO  client.GrpcClientProtocolClient (GrpcClientProtocolClient.java:onNext(255)) - client-0D308AD40832->3258574c-39ac-4ed5-9145-ea59a337c299: receive RaftClientReply:client-0D308AD40832->3258574c-39ac-4ed5-9145-ea59a337c299@group-6C7D867BDA6A, cid=2613, SUCCESS, logIndex=3670, commits[3258574c-39ac-4ed5-9145-ea59a337c299:c3671]
2019-09-02 06:30:22,043 [grpc-default-executor-1] INFO  client.GrpcClientProtocolClient (GrpcClientProtocolClient.java:onNext(255)) - client-0D308AD40832->3258574c-39ac-4ed5-9145-ea59a337c299: receive RaftClientReply:client-0D308AD40832->3258574c-39ac-4ed5-9145-ea59a337c299@group-6C7D867BDA6A, cid=2614, SUCCESS, logIndex=3671, commits[3258574c-39ac-4ed5-9145-ea59a337c299:c3671]
2019-09-02 06:30:22,044 [grpc-default-executor-1] INFO  client.GrpcClientProtocolClient (GrpcClientProtocolClient.java:onNext(255)) - client-0D308AD40832->3258574c-39ac-4ed5-9145-ea59a337c299: receive RaftClientReply:client-0D308AD40832->3258574c-39ac-4ed5-9145-ea59a337c299@group-6C7D867BDA6A, cid=2615, SUCCESS, logIndex=3672, commits[3258574c-39ac-4ed5-9145-ea59a337c299:c3673]
2019-09-02 06:30:22,044 [grpc-default-executor-1] INFO  client.GrpcClientProtocolClient (GrpcClientProtocolClient.java:onNext(255)) - client-0D308AD40832->3258574c-39ac-4ed5-9145-ea59a337c299: receive RaftClientReply:client-0D308AD40832->3258574c-39ac-4ed5-9145-ea59a337c299@group-6C7D867BDA6A, cid=2616, SUCCESS, logIndex=3673, commits[3258574c-39ac-4ed5-9145-ea59a337c299:c3673]
2019-09-02 06:30:22,074 [grpc-default-executor-1] INFO  client.GrpcClientProtocolClient (GrpcClientProtocolClient.java:onNext(255)) - client-0D308AD40832->3258574c-39ac-4ed5-9145-ea59a337c299: receive RaftClientReply:client-0D308AD40832->3258574c-39ac-4ed5-9145-ea59a337c299@group-6C7D867BDA6A, cid=2617, SUCCESS, logIndex=3676, commits[3258574c-39ac-4ed5-9145-ea59a337c299:c3679]
2019-09-02 06:30:22,075 [grpc-default-executor-1] INFO  client.GrpcClientProtocolClient (GrpcClientProtocolClient.java:onNext(255)) - client-0D308AD40832->3258574c-39ac-4ed5-9145-ea59a337c299: receive RaftClientReply:client-0D308AD40832->3258574c-39ac-4ed5-9145-ea59a337c299@group-6C7D867BDA6A, cid=2618, SUCCESS, logIndex=3677, commits[3258574c-39ac-4ed5-9145-ea59a337c299:c3679]
2019-09-02 06:30:22,075 [grpc-default-executor-1] INFO  client.GrpcClientProtocolClient (GrpcClientProtocolClient.java:onNext(255)) - client-0D308AD40832->3258574c-39ac-4ed5-9145-ea59a337c299: receive RaftClientReply:client-0D308AD40832->3258574c-39ac-4ed5-9145-ea59a337c299@group-6C7D867BDA6A, cid=2619, SUCCESS, logIndex=3678, commits[3258574c-39ac-4ed5-9145-ea59a337c299:c3680]
2019-09-02 06:30:22,076 [grpc-default-executor-1] INFO  client.GrpcClientProtocolClient (GrpcClientProtocolClient.java:onNext(255)) - client-0D308AD40832->3258574c-39ac-4ed5-9145-ea59a337c299: receive RaftClientReply:client-0D308AD40832->3258574c-39ac-4ed5-9145-ea59a337c299@group-6C7D867BDA6A, cid=2620, SUCCESS, logIndex=3679, commits[3258574c-39ac-4ed5-9145-ea59a337c299:c3681]
2019-09-02 06:30:22,088 [SCMBlockDeletingService#1] DEBUG block.SCMBlockDeletingService (SCMBlockDeletingService.java:call(138)) - Running DeletedBlockTransactionScanner
2019-09-02 06:30:22,088 [SCMBlockDeletingService#1] DEBUG block.SCMBlockDeletingService (SCMBlockDeletingService.java:call(155)) - Scanned deleted blocks log and got 0 delTX to process.
2019-09-02 06:30:22,095 [grpc-default-executor-1] INFO  client.GrpcClientProtocolClient (GrpcClientProtocolClient.java:onNext(255)) - client-0D308AD40832->3258574c-39ac-4ed5-9145-ea59a337c299: receive RaftClientReply:client-0D308AD40832->3258574c-39ac-4ed5-9145-ea59a337c299@group-6C7D867BDA6A, cid=2621, SUCCESS, logIndex=3682, commits[3258574c-39ac-4ed5-9145-ea59a337c299:c3683]
2019-09-02 06:30:22,096 [grpc-default-executor-1] INFO  client.GrpcClientProtocolClient (GrpcClientProtocolClient.java:onNext(255)) - client-0D308AD40832->3258574c-39ac-4ed5-9145-ea59a337c299: receive RaftClientReply:client-0D308AD40832->3258574c-39ac-4ed5-9145-ea59a337c299@group-6C7D867BDA6A, cid=2622, SUCCESS, logIndex=3683, commits[3258574c-39ac-4ed5-9145-ea59a337c299:c3685]
2019-09-02 06:30:22,096 [grpc-default-executor-1] INFO  client.GrpcClientProtocolClient (GrpcClientProtocolClient.java:onNext(255)) - client-0D308AD40832->3258574c-39ac-4ed5-9145-ea59a337c299: receive RaftClientReply:client-0D308AD40832->3258574c-39ac-4ed5-9145-ea59a337c299@group-6C7D867BDA6A, cid=2623, SUCCESS, logIndex=3684, commits[3258574c-39ac-4ed5-9145-ea59a337c299:c3685]
2019-09-02 06:30:22,096 [grpc-default-executor-1] INFO  client.GrpcClientProtocolClient (GrpcClientProtocolClient.java:onNext(255)) - client-0D308AD40832->3258574c-39ac-4ed5-9145-ea59a337c299: receive RaftClientReply:client-0D308AD40832->3258574c-39ac-4ed5-9145-ea59a337c299@group-6C7D867BDA6A, cid=2624, SUCCESS, logIndex=3685, commits[3258574c-39ac-4ed5-9145-ea59a337c299:c3686]
2019-09-02 06:30:22,140 [grpc-default-executor-1] INFO  client.GrpcClientProtocolClient (GrpcClientProtocolClient.java:onNext(255)) - client-0D308AD40832->3258574c-39ac-4ed5-9145-ea59a337c299: receive RaftClientReply:client-0D308AD40832->3258574c-39ac-4ed5-9145-ea59a337c299@group-6C7D867BDA6A, cid=2625, SUCCESS, logIndex=3688, commits[3258574c-39ac-4ed5-9145-ea59a337c299:c3689]
2019-09-02 06:30:22,141 [grpc-default-executor-1] INFO  client.GrpcClientProtocolClient (GrpcClientProtocolClient.java:onNext(255)) - client-0D308AD40832->3258574c-39ac-4ed5-9145-ea59a337c299: receive RaftClientReply:client-0D308AD40832->3258574c-39ac-4ed5-9145-ea59a337c299@group-6C7D867BDA6A, cid=2626, SUCCESS, logIndex=3689, commits[3258574c-39ac-4ed5-9145-ea59a337c299:c3689]
2019-09-02 06:30:22,142 [grpc-default-executor-1] INFO  client.GrpcClientProtocolClient (GrpcClientProtocolClient.java:onNext(255)) - client-0D308AD40832->3258574c-39ac-4ed5-9145-ea59a337c299: receive RaftClientReply:client-0D308AD40832->3258574c-39ac-4ed5-9145-ea59a337c299@group-6C7D867BDA6A, cid=2627, SUCCESS, logIndex=3690, commits[3258574c-39ac-4ed5-9145-ea59a337c299:c3691]
2019-09-02 06:30:22,142 [grpc-default-executor-1] INFO  client.GrpcClientProtocolClient (GrpcClientProtocolClient.java:onNext(255)) - client-0D308AD40832->3258574c-39ac-4ed5-9145-ea59a337c299: receive RaftClientReply:client-0D308AD40832->3258574c-39ac-4ed5-9145-ea59a337c299@group-6C7D867BDA6A, cid=2628, SUCCESS, logIndex=3691, commits[3258574c-39ac-4ed5-9145-ea59a337c299:c3691]
2019-09-02 06:30:22,165 [grpc-default-executor-1] INFO  client.GrpcClientProtocolClient (GrpcClientProtocolClient.java:onNext(255)) - client-0D308AD40832->3258574c-39ac-4ed5-9145-ea59a337c299: receive RaftClientReply:client-0D308AD40832->3258574c-39ac-4ed5-9145-ea59a337c299@group-6C7D867BDA6A, cid=2629, SUCCESS, logIndex=3694, commits[3258574c-39ac-4ed5-9145-ea59a337c299:c3697]
2019-09-02 06:30:22,166 [grpc-default-executor-1] INFO  client.GrpcClientProtocolClient (GrpcClientProtocolClient.java:onNext(255)) - client-0D308AD40832->3258574c-39ac-4ed5-9145-ea59a337c299: receive RaftClientReply:client-0D308AD40832->3258574c-39ac-4ed5-9145-ea59a337c299@group-6C7D867BDA6A, cid=2630, SUCCESS, logIndex=3695, commits[3258574c-39ac-4ed5-9145-ea59a337c299:c3697]
2019-09-02 06:30:22,166 [grpc-default-executor-1] INFO  client.GrpcClientProtocolClient (GrpcClientProtocolClient.java:onNext(255)) - client-0D308AD40832->3258574c-39ac-4ed5-9145-ea59a337c299: receive RaftClientReply:client-0D308AD40832->3258574c-39ac-4ed5-9145-ea59a337c299@group-6C7D867BDA6A, cid=2631, SUCCESS, logIndex=3696, commits[3258574c-39ac-4ed5-9145-ea59a337c299:c3698]
2019-09-02 06:30:22,167 [grpc-default-executor-1] INFO  client.GrpcClientProtocolClient (GrpcClientProtocolClient.java:onNext(255)) - client-0D308AD40832->3258574c-39ac-4ed5-9145-ea59a337c299: receive RaftClientReply:client-0D308AD40832->3258574c-39ac-4ed5-9145-ea59a337c299@group-6C7D867BDA6A, cid=2632, SUCCESS, logIndex=3697, commits[3258574c-39ac-4ed5-9145-ea59a337c299:c3698]
2019-09-02 06:30:22,188 [SCMBlockDeletingService#1] DEBUG block.SCMBlockDeletingService (SCMBlockDeletingService.java:call(138)) - Running DeletedBlockTransactionScanner
2019-09-02 06:30:22,189 [SCMBlockDeletingService#1] DEBUG block.SCMBlockDeletingService (SCMBlockDeletingService.java:call(155)) - Scanned deleted blocks log and got 0 delTX to process.
2019-09-02 06:30:22,196 [grpc-default-executor-1] INFO  client.GrpcClientProtocolClient (GrpcClientProtocolClient.java:onNext(255)) - client-0D308AD40832->3258574c-39ac-4ed5-9145-ea59a337c299: receive RaftClientReply:client-0D308AD40832->3258574c-39ac-4ed5-9145-ea59a337c299@group-6C7D867BDA6A, cid=2633, SUCCESS, logIndex=3699, commits[3258574c-39ac-4ed5-9145-ea59a337c299:c3700]
2019-09-02 06:30:22,197 [grpc-default-executor-1] INFO  client.GrpcClientProtocolClient (GrpcClientProtocolClient.java:onNext(255)) - client-0D308AD40832->3258574c-39ac-4ed5-9145-ea59a337c299: receive RaftClientReply:client-0D308AD40832->3258574c-39ac-4ed5-9145-ea59a337c299@group-6C7D867BDA6A, cid=2634, SUCCESS, logIndex=3700, commits[3258574c-39ac-4ed5-9145-ea59a337c299:c3702]
2019-09-02 06:30:22,197 [grpc-default-executor-1] INFO  client.GrpcClientProtocolClient (GrpcClientProtocolClient.java:onNext(255)) - client-0D308AD40832->3258574c-39ac-4ed5-9145-ea59a337c299: receive RaftClientReply:client-0D308AD40832->3258574c-39ac-4ed5-9145-ea59a337c299@group-6C7D867BDA6A, cid=2635, SUCCESS, logIndex=3701, commits[3258574c-39ac-4ed5-9145-ea59a337c299:c3703]
2019-09-02 06:30:22,197 [grpc-default-executor-1] INFO  client.GrpcClientProtocolClient (GrpcClientProtocolClient.java:onNext(255)) - client-0D308AD40832->3258574c-39ac-4ed5-9145-ea59a337c299: receive RaftClientReply:client-0D308AD40832->3258574c-39ac-4ed5-9145-ea59a337c299@group-6C7D867BDA6A, cid=2636, SUCCESS, logIndex=3702, commits[3258574c-39ac-4ed5-9145-ea59a337c299:c3703]
2019-09-02 06:30:22,221 [grpc-default-executor-0] INFO  client.GrpcClientProtocolClient (GrpcClientProtocolClient.java:onNext(255)) - client-0D308AD40832->3258574c-39ac-4ed5-9145-ea59a337c299: receive RaftClientReply:client-0D308AD40832->3258574c-39ac-4ed5-9145-ea59a337c299@group-6C7D867BDA6A, cid=2637, SUCCESS, logIndex=3705, commits[3258574c-39ac-4ed5-9145-ea59a337c299:c3706]
2019-09-02 06:30:22,222 [grpc-default-executor-0] INFO  client.GrpcClientProtocolClient (GrpcClientProtocolClient.java:onNext(255)) - client-0D308AD40832->3258574c-39ac-4ed5-9145-ea59a337c299: receive RaftClientReply:client-0D308AD40832->3258574c-39ac-4ed5-9145-ea59a337c299@group-6C7D867BDA6A, cid=2638, SUCCESS, logIndex=3706, commits[3258574c-39ac-4ed5-9145-ea59a337c299:c3706]
2019-09-02 06:30:22,223 [grpc-default-executor-0] INFO  client.GrpcClientProtocolClient (GrpcClientProtocolClient.java:onNext(255)) - client-0D308AD40832->3258574c-39ac-4ed5-9145-ea59a337c299: receive RaftClientReply:client-0D308AD40832->3258574c-39ac-4ed5-9145-ea59a337c299@group-6C7D867BDA6A, cid=2639, SUCCESS, logIndex=3707, commits[3258574c-39ac-4ed5-9145-ea59a337c299:c3708]
2019-09-02 06:30:22,223 [grpc-default-executor-0] INFO  client.GrpcClientProtocolClient (GrpcClientProtocolClient.java:onNext(255)) - client-0D308AD40832->3258574c-39ac-4ed5-9145-ea59a337c299: receive RaftClientReply:client-0D308AD40832->3258574c-39ac-4ed5-9145-ea59a337c299@group-6C7D867BDA6A, cid=2640, SUCCESS, logIndex=3708, commits[3258574c-39ac-4ed5-9145-ea59a337c299:c3708]
2019-09-02 06:30:22,247 [grpc-default-executor-0] INFO  client.GrpcClientProtocolClient (GrpcClientProtocolClient.java:onNext(255)) - client-0D308AD40832->3258574c-39ac-4ed5-9145-ea59a337c299: receive RaftClientReply:client-0D308AD40832->3258574c-39ac-4ed5-9145-ea59a337c299@group-6C7D867BDA6A, cid=2641, SUCCESS, logIndex=3711, commits[3258574c-39ac-4ed5-9145-ea59a337c299:c3712]
2019-09-02 06:30:22,248 [grpc-default-executor-0] INFO  client.GrpcClientProtocolClient (GrpcClientProtocolClient.java:onNext(255)) - client-0D308AD40832->3258574c-39ac-4ed5-9145-ea59a337c299: receive RaftClientReply:client-0D308AD40832->3258574c-39ac-4ed5-9145-ea59a337c299@group-6C7D867BDA6A, cid=2642, SUCCESS, logIndex=3712, commits[3258574c-39ac-4ed5-9145-ea59a337c299:c3714]
2019-09-02 06:30:22,249 [grpc-default-executor-0] INFO  client.GrpcClientProtocolClient (GrpcClientProtocolClient.java:onNext(255)) - client-0D308AD40832->3258574c-39ac-4ed5-9145-ea59a337c299: receive RaftClientReply:client-0D308AD40832->3258574c-39ac-4ed5-9145-ea59a337c299@group-6C7D867BDA6A, cid=2643, SUCCESS, logIndex=3713, commits[3258574c-39ac-4ed5-9145-ea59a337c299:c3715]
2019-09-02 06:30:22,249 [grpc-default-executor-0] INFO  client.GrpcClientProtocolClient (GrpcClientProtocolClient.java:onNext(255)) - client-0D308AD40832->3258574c-39ac-4ed5-9145-ea59a337c299: receive RaftClientReply:client-0D308AD40832->3258574c-39ac-4ed5-9145-ea59a337c299@group-6C7D867BDA6A, cid=2644, SUCCESS, logIndex=3714, commits[3258574c-39ac-4ed5-9145-ea59a337c299:c3715]
2019-09-02 06:30:22,268 [grpc-default-executor-1] INFO  client.GrpcClientProtocolClient (GrpcClientProtocolClient.java:onNext(255)) - client-0D308AD40832->3258574c-39ac-4ed5-9145-ea59a337c299: receive RaftClientReply:client-0D308AD40832->3258574c-39ac-4ed5-9145-ea59a337c299@group-6C7D867BDA6A, cid=2645, SUCCESS, logIndex=3717, commits[3258574c-39ac-4ed5-9145-ea59a337c299:c3718]
2019-09-02 06:30:22,268 [grpc-default-executor-1] INFO  client.GrpcClientProtocolClient (GrpcClientProtocolClient.java:onNext(255)) - client-0D308AD40832->3258574c-39ac-4ed5-9145-ea59a337c299: receive RaftClientReply:client-0D308AD40832->3258574c-39ac-4ed5-9145-ea59a337c299@group-6C7D867BDA6A, cid=2646, SUCCESS, logIndex=3718, commits[3258574c-39ac-4ed5-9145-ea59a337c299:c3718]
2019-09-02 06:30:22,276 [grpc-default-executor-1] INFO  client.GrpcClientProtocolClient (GrpcClientProtocolClient.java:onNext(255)) - client-0D308AD40832->3258574c-39ac-4ed5-9145-ea59a337c299: receive RaftClientReply:client-0D308AD40832->3258574c-39ac-4ed5-9145-ea59a337c299@group-6C7D867BDA6A, cid=2647, SUCCESS, logIndex=3719, commits[3258574c-39ac-4ed5-9145-ea59a337c299:c3720]
2019-09-02 06:30:22,277 [grpc-default-executor-1] INFO  client.GrpcClientProtocolClient (GrpcClientProtocolClient.java:onNext(255)) - client-0D308AD40832->3258574c-39ac-4ed5-9145-ea59a337c299: receive RaftClientReply:client-0D308AD40832->3258574c-39ac-4ed5-9145-ea59a337c299@group-6C7D867BDA6A, cid=2648, SUCCESS, logIndex=3720, commits[3258574c-39ac-4ed5-9145-ea59a337c299:c3721]
2019-09-02 06:30:22,289 [SCMBlockDeletingService#1] DEBUG block.SCMBlockDeletingService (SCMBlockDeletingService.java:call(138)) - Running DeletedBlockTransactionScanner
2019-09-02 06:30:22,289 [SCMBlockDeletingService#1] DEBUG block.SCMBlockDeletingService (SCMBlockDeletingService.java:call(155)) - Scanned deleted blocks log and got 0 delTX to process.
2019-09-02 06:30:22,306 [grpc-default-executor-0] INFO  client.GrpcClientProtocolClient (GrpcClientProtocolClient.java:onNext(255)) - client-0D308AD40832->3258574c-39ac-4ed5-9145-ea59a337c299: receive RaftClientReply:client-0D308AD40832->3258574c-39ac-4ed5-9145-ea59a337c299@group-6C7D867BDA6A, cid=2649, SUCCESS, logIndex=3723, commits[3258574c-39ac-4ed5-9145-ea59a337c299:c3726]
2019-09-02 06:30:22,307 [grpc-default-executor-0] INFO  client.GrpcClientProtocolClient (GrpcClientProtocolClient.java:onNext(255)) - client-0D308AD40832->3258574c-39ac-4ed5-9145-ea59a337c299: receive RaftClientReply:client-0D308AD40832->3258574c-39ac-4ed5-9145-ea59a337c299@group-6C7D867BDA6A, cid=2650, SUCCESS, logIndex=3724, commits[3258574c-39ac-4ed5-9145-ea59a337c299:c3727]
2019-09-02 06:30:22,307 [grpc-default-executor-0] INFO  client.GrpcClientProtocolClient (GrpcClientProtocolClient.java:onNext(255)) - client-0D308AD40832->3258574c-39ac-4ed5-9145-ea59a337c299: receive RaftClientReply:client-0D308AD40832->3258574c-39ac-4ed5-9145-ea59a337c299@group-6C7D867BDA6A, cid=2651, SUCCESS, logIndex=3725, commits[3258574c-39ac-4ed5-9145-ea59a337c299:c3727]
2019-09-02 06:30:22,308 [grpc-default-executor-0] INFO  client.GrpcClientProtocolClient (GrpcClientProtocolClient.java:onNext(255)) - client-0D308AD40832->3258574c-39ac-4ed5-9145-ea59a337c299: receive RaftClientReply:client-0D308AD40832->3258574c-39ac-4ed5-9145-ea59a337c299@group-6C7D867BDA6A, cid=2652, SUCCESS, logIndex=3726, commits[3258574c-39ac-4ed5-9145-ea59a337c299:c3728]
2019-09-02 06:30:22,390 [SCMBlockDeletingService#1] DEBUG block.SCMBlockDeletingService (SCMBlockDeletingService.java:call(138)) - Running DeletedBlockTransactionScanner
2019-09-02 06:30:22,390 [SCMBlockDeletingService#1] DEBUG block.SCMBlockDeletingService (SCMBlockDeletingService.java:call(155)) - Scanned deleted blocks log and got 0 delTX to process.
2019-09-02 06:30:22,425 [grpc-default-executor-0] INFO  client.GrpcClientProtocolClient (GrpcClientProtocolClient.java:onNext(255)) - client-0D308AD40832->3258574c-39ac-4ed5-9145-ea59a337c299: receive RaftClientReply:client-0D308AD40832->3258574c-39ac-4ed5-9145-ea59a337c299@group-6C7D867BDA6A, cid=2653, SUCCESS, logIndex=3729, commits[3258574c-39ac-4ed5-9145-ea59a337c299:c3732]
2019-09-02 06:30:22,426 [grpc-default-executor-0] INFO  client.GrpcClientProtocolClient (GrpcClientProtocolClient.java:onNext(255)) - client-0D308AD40832->3258574c-39ac-4ed5-9145-ea59a337c299: receive RaftClientReply:client-0D308AD40832->3258574c-39ac-4ed5-9145-ea59a337c299@group-6C7D867BDA6A, cid=2654, SUCCESS, logIndex=3730, commits[3258574c-39ac-4ed5-9145-ea59a337c299:c3733]
2019-09-02 06:30:22,426 [grpc-default-executor-0] INFO  client.GrpcClientProtocolClient (GrpcClientProtocolClient.java:onNext(255)) - client-0D308AD40832->3258574c-39ac-4ed5-9145-ea59a337c299: receive RaftClientReply:client-0D308AD40832->3258574c-39ac-4ed5-9145-ea59a337c299@group-6C7D867BDA6A, cid=2655, SUCCESS, logIndex=3731, commits[3258574c-39ac-4ed5-9145-ea59a337c299:c3733]
2019-09-02 06:30:22,426 [grpc-default-executor-0] INFO  client.GrpcClientProtocolClient (GrpcClientProtocolClient.java:onNext(255)) - client-0D308AD40832->3258574c-39ac-4ed5-9145-ea59a337c299: receive RaftClientReply:client-0D308AD40832->3258574c-39ac-4ed5-9145-ea59a337c299@group-6C7D867BDA6A, cid=2656, SUCCESS, logIndex=3732, commits[3258574c-39ac-4ed5-9145-ea59a337c299:c3733]
2019-09-02 06:30:22,452 [grpc-default-executor-0] INFO  client.GrpcClientProtocolClient (GrpcClientProtocolClient.java:onNext(255)) - client-0D308AD40832->3258574c-39ac-4ed5-9145-ea59a337c299: receive RaftClientReply:client-0D308AD40832->3258574c-39ac-4ed5-9145-ea59a337c299@group-6C7D867BDA6A, cid=2657, SUCCESS, logIndex=3734, commits[3258574c-39ac-4ed5-9145-ea59a337c299:c3737]
2019-09-02 06:30:22,453 [grpc-default-executor-0] INFO  client.GrpcClientProtocolClient (GrpcClientProtocolClient.java:onNext(255)) - client-0D308AD40832->3258574c-39ac-4ed5-9145-ea59a337c299: receive RaftClientReply:client-0D308AD40832->3258574c-39ac-4ed5-9145-ea59a337c299@group-6C7D867BDA6A, cid=2658, SUCCESS, logIndex=3735, commits[3258574c-39ac-4ed5-9145-ea59a337c299:c3738]
2019-09-02 06:30:22,453 [grpc-default-executor-0] INFO  client.GrpcClientProtocolClient (GrpcClientProtocolClient.java:onNext(255)) - client-0D308AD40832->3258574c-39ac-4ed5-9145-ea59a337c299: receive RaftClientReply:client-0D308AD40832->3258574c-39ac-4ed5-9145-ea59a337c299@group-6C7D867BDA6A, cid=2659, SUCCESS, logIndex=3736, commits[3258574c-39ac-4ed5-9145-ea59a337c299:c3738]
2019-09-02 06:30:22,453 [grpc-default-executor-0] INFO  client.GrpcClientProtocolClient (GrpcClientProtocolClient.java:onNext(255)) - client-0D308AD40832->3258574c-39ac-4ed5-9145-ea59a337c299: receive RaftClientReply:client-0D308AD40832->3258574c-39ac-4ed5-9145-ea59a337c299@group-6C7D867BDA6A, cid=2660, SUCCESS, logIndex=3737, commits[3258574c-39ac-4ed5-9145-ea59a337c299:c3738]
2019-09-02 06:30:22,469 [grpc-default-executor-1] INFO  client.GrpcClientProtocolClient (GrpcClientProtocolClient.java:onNext(255)) - client-0D308AD40832->3258574c-39ac-4ed5-9145-ea59a337c299: receive RaftClientReply:client-0D308AD40832->3258574c-39ac-4ed5-9145-ea59a337c299@group-6C7D867BDA6A, cid=2661, SUCCESS, logIndex=3739, commits[3258574c-39ac-4ed5-9145-ea59a337c299:c3742]
2019-09-02 06:30:22,469 [grpc-default-executor-1] INFO  client.GrpcClientProtocolClient (GrpcClientProtocolClient.java:onNext(255)) - client-0D308AD40832->3258574c-39ac-4ed5-9145-ea59a337c299: receive RaftClientReply:client-0D308AD40832->3258574c-39ac-4ed5-9145-ea59a337c299@group-6C7D867BDA6A, cid=2662, SUCCESS, logIndex=3740, commits[3258574c-39ac-4ed5-9145-ea59a337c299:c3743]
2019-09-02 06:30:22,470 [grpc-default-executor-1] INFO  client.GrpcClientProtocolClient (GrpcClientProtocolClient.java:onNext(255)) - client-0D308AD40832->3258574c-39ac-4ed5-9145-ea59a337c299: receive RaftClientReply:client-0D308AD40832->3258574c-39ac-4ed5-9145-ea59a337c299@group-6C7D867BDA6A, cid=2663, SUCCESS, logIndex=3741, commits[3258574c-39ac-4ed5-9145-ea59a337c299:c3743]
2019-09-02 06:30:22,473 [grpc-default-executor-1] INFO  client.GrpcClientProtocolClient (GrpcClientProtocolClient.java:onNext(255)) - client-0D308AD40832->3258574c-39ac-4ed5-9145-ea59a337c299: receive RaftClientReply:client-0D308AD40832->3258574c-39ac-4ed5-9145-ea59a337c299@group-6C7D867BDA6A, cid=2664, SUCCESS, logIndex=3742, commits[3258574c-39ac-4ed5-9145-ea59a337c299:c3743]
2019-09-02 06:30:22,490 [SCMBlockDeletingService#1] DEBUG block.SCMBlockDeletingService (SCMBlockDeletingService.java:call(138)) - Running DeletedBlockTransactionScanner
2019-09-02 06:30:22,491 [SCMBlockDeletingService#1] DEBUG block.SCMBlockDeletingService (SCMBlockDeletingService.java:call(155)) - Scanned deleted blocks log and got 0 delTX to process.
2019-09-02 06:30:22,502 [grpc-default-executor-1] INFO  client.GrpcClientProtocolClient (GrpcClientProtocolClient.java:onNext(255)) - client-0D308AD40832->3258574c-39ac-4ed5-9145-ea59a337c299: receive RaftClientReply:client-0D308AD40832->3258574c-39ac-4ed5-9145-ea59a337c299@group-6C7D867BDA6A, cid=2665, SUCCESS, logIndex=3744, commits[3258574c-39ac-4ed5-9145-ea59a337c299:c3745]
2019-09-02 06:30:22,503 [grpc-default-executor-1] INFO  client.GrpcClientProtocolClient (GrpcClientProtocolClient.java:onNext(255)) - client-0D308AD40832->3258574c-39ac-4ed5-9145-ea59a337c299: receive RaftClientReply:client-0D308AD40832->3258574c-39ac-4ed5-9145-ea59a337c299@group-6C7D867BDA6A, cid=2666, SUCCESS, logIndex=3745, commits[3258574c-39ac-4ed5-9145-ea59a337c299:c3745]
2019-09-02 06:30:22,510 [grpc-default-executor-1] INFO  client.GrpcClientProtocolClient (GrpcClientProtocolClient.java:onNext(255)) - client-0D308AD40832->3258574c-39ac-4ed5-9145-ea59a337c299: receive RaftClientReply:client-0D308AD40832->3258574c-39ac-4ed5-9145-ea59a337c299@group-6C7D867BDA6A, cid=2667, SUCCESS, logIndex=3746, commits[3258574c-39ac-4ed5-9145-ea59a337c299:c3747]
2019-09-02 06:30:22,511 [grpc-default-executor-1] INFO  client.GrpcClientProtocolClient (GrpcClientProtocolClient.java:onNext(255)) - client-0D308AD40832->3258574c-39ac-4ed5-9145-ea59a337c299: receive RaftClientReply:client-0D308AD40832->3258574c-39ac-4ed5-9145-ea59a337c299@group-6C7D867BDA6A, cid=2668, SUCCESS, logIndex=3747, commits[3258574c-39ac-4ed5-9145-ea59a337c299:c3747]
2019-09-02 06:30:22,531 [grpc-default-executor-0] INFO  client.GrpcClientProtocolClient (GrpcClientProtocolClient.java:onNext(255)) - client-0D308AD40832->3258574c-39ac-4ed5-9145-ea59a337c299: receive RaftClientReply:client-0D308AD40832->3258574c-39ac-4ed5-9145-ea59a337c299@group-6C7D867BDA6A, cid=2669, SUCCESS, logIndex=3750, commits[3258574c-39ac-4ed5-9145-ea59a337c299:c3751]
2019-09-02 06:30:22,531 [grpc-default-executor-0] INFO  client.GrpcClientProtocolClient (GrpcClientProtocolClient.java:onNext(255)) - client-0D308AD40832->3258574c-39ac-4ed5-9145-ea59a337c299: receive RaftClientReply:client-0D308AD40832->3258574c-39ac-4ed5-9145-ea59a337c299@group-6C7D867BDA6A, cid=2670, SUCCESS, logIndex=3751, commits[3258574c-39ac-4ed5-9145-ea59a337c299:c3751]
2019-09-02 06:30:22,532 [grpc-default-executor-0] INFO  client.GrpcClientProtocolClient (GrpcClientProtocolClient.java:onNext(255)) - client-0D308AD40832->3258574c-39ac-4ed5-9145-ea59a337c299: receive RaftClientReply:client-0D308AD40832->3258574c-39ac-4ed5-9145-ea59a337c299@group-6C7D867BDA6A, cid=2671, SUCCESS, logIndex=3752, commits[3258574c-39ac-4ed5-9145-ea59a337c299:c3754]
2019-09-02 06:30:22,532 [grpc-default-executor-0] INFO  client.GrpcClientProtocolClient (GrpcClientProtocolClient.java:onNext(255)) - client-0D308AD40832->3258574c-39ac-4ed5-9145-ea59a337c299: receive RaftClientReply:client-0D308AD40832->3258574c-39ac-4ed5-9145-ea59a337c299@group-6C7D867BDA6A, cid=2672, SUCCESS, logIndex=3753, commits[3258574c-39ac-4ed5-9145-ea59a337c299:c3754]
2019-09-02 06:30:22,557 [grpc-default-executor-0] INFO  client.GrpcClientProtocolClient (GrpcClientProtocolClient.java:onNext(255)) - client-0D308AD40832->3258574c-39ac-4ed5-9145-ea59a337c299: receive RaftClientReply:client-0D308AD40832->3258574c-39ac-4ed5-9145-ea59a337c299@group-6C7D867BDA6A, cid=2673, SUCCESS, logIndex=3755, commits[3258574c-39ac-4ed5-9145-ea59a337c299:c3758]
2019-09-02 06:30:22,558 [grpc-default-executor-0] INFO  client.GrpcClientProtocolClient (GrpcClientProtocolClient.java:onNext(255)) - client-0D308AD40832->3258574c-39ac-4ed5-9145-ea59a337c299: receive RaftClientReply:client-0D308AD40832->3258574c-39ac-4ed5-9145-ea59a337c299@group-6C7D867BDA6A, cid=2674, SUCCESS, logIndex=3756, commits[3258574c-39ac-4ed5-9145-ea59a337c299:c3759]
2019-09-02 06:30:22,558 [grpc-default-executor-0] INFO  client.GrpcClientProtocolClient (GrpcClientProtocolClient.java:onNext(255)) - client-0D308AD40832->3258574c-39ac-4ed5-9145-ea59a337c299: receive RaftClientReply:client-0D308AD40832->3258574c-39ac-4ed5-9145-ea59a337c299@group-6C7D867BDA6A, cid=2675, SUCCESS, logIndex=3757, commits[3258574c-39ac-4ed5-9145-ea59a337c299:c3759]
2019-09-02 06:30:22,558 [grpc-default-executor-0] INFO  client.GrpcClientProtocolClient (GrpcClientProtocolClient.java:onNext(255)) - client-0D308AD40832->3258574c-39ac-4ed5-9145-ea59a337c299: receive RaftClientReply:client-0D308AD40832->3258574c-39ac-4ed5-9145-ea59a337c299@group-6C7D867BDA6A, cid=2676, SUCCESS, logIndex=3758, commits[3258574c-39ac-4ed5-9145-ea59a337c299:c3759]
2019-09-02 06:30:22,578 [grpc-default-executor-0] INFO  client.GrpcClientProtocolClient (GrpcClientProtocolClient.java:onNext(255)) - client-0D308AD40832->3258574c-39ac-4ed5-9145-ea59a337c299: receive RaftClientReply:client-0D308AD40832->3258574c-39ac-4ed5-9145-ea59a337c299@group-6C7D867BDA6A, cid=2677, SUCCESS, logIndex=3760, commits[3258574c-39ac-4ed5-9145-ea59a337c299:c3763]
2019-09-02 06:30:22,578 [grpc-default-executor-0] INFO  client.GrpcClientProtocolClient (GrpcClientProtocolClient.java:onNext(255)) - client-0D308AD40832->3258574c-39ac-4ed5-9145-ea59a337c299: receive RaftClientReply:client-0D308AD40832->3258574c-39ac-4ed5-9145-ea59a337c299@group-6C7D867BDA6A, cid=2678, SUCCESS, logIndex=3761, commits[3258574c-39ac-4ed5-9145-ea59a337c299:c3763]
2019-09-02 06:30:22,578 [grpc-default-executor-0] INFO  client.GrpcClientProtocolClient (GrpcClientProtocolClient.java:onNext(255)) - client-0D308AD40832->3258574c-39ac-4ed5-9145-ea59a337c299: receive RaftClientReply:client-0D308AD40832->3258574c-39ac-4ed5-9145-ea59a337c299@group-6C7D867BDA6A, cid=2679, SUCCESS, logIndex=3762, commits[3258574c-39ac-4ed5-9145-ea59a337c299:c3763]
2019-09-02 06:30:22,578 [grpc-default-executor-0] INFO  client.GrpcClientProtocolClient (GrpcClientProtocolClient.java:onNext(255)) - client-0D308AD40832->3258574c-39ac-4ed5-9145-ea59a337c299: receive RaftClientReply:client-0D308AD40832->3258574c-39ac-4ed5-9145-ea59a337c299@group-6C7D867BDA6A, cid=2680, SUCCESS, logIndex=3763, commits[3258574c-39ac-4ed5-9145-ea59a337c299:c3763]
2019-09-02 06:30:22,591 [SCMBlockDeletingService#1] DEBUG block.SCMBlockDeletingService (SCMBlockDeletingService.java:call(138)) - Running DeletedBlockTransactionScanner
2019-09-02 06:30:22,591 [SCMBlockDeletingService#1] DEBUG block.SCMBlockDeletingService (SCMBlockDeletingService.java:call(155)) - Scanned deleted blocks log and got 0 delTX to process.
2019-09-02 06:30:22,603 [grpc-default-executor-0] INFO  client.GrpcClientProtocolClient (GrpcClientProtocolClient.java:onNext(255)) - client-0D308AD40832->3258574c-39ac-4ed5-9145-ea59a337c299: receive RaftClientReply:client-0D308AD40832->3258574c-39ac-4ed5-9145-ea59a337c299@group-6C7D867BDA6A, cid=2681, SUCCESS, logIndex=3765, commits[3258574c-39ac-4ed5-9145-ea59a337c299:c3768]
2019-09-02 06:30:22,603 [grpc-default-executor-0] INFO  client.GrpcClientProtocolClient (GrpcClientProtocolClient.java:onNext(255)) - client-0D308AD40832->3258574c-39ac-4ed5-9145-ea59a337c299: receive RaftClientReply:client-0D308AD40832->3258574c-39ac-4ed5-9145-ea59a337c299@group-6C7D867BDA6A, cid=2682, SUCCESS, logIndex=3766, commits[3258574c-39ac-4ed5-9145-ea59a337c299:c3768]
2019-09-02 06:30:22,604 [grpc-default-executor-0] INFO  client.GrpcClientProtocolClient (GrpcClientProtocolClient.java:onNext(255)) - client-0D308AD40832->3258574c-39ac-4ed5-9145-ea59a337c299: receive RaftClientReply:client-0D308AD40832->3258574c-39ac-4ed5-9145-ea59a337c299@group-6C7D867BDA6A, cid=2683, SUCCESS, logIndex=3767, commits[3258574c-39ac-4ed5-9145-ea59a337c299:c3768]
2019-09-02 06:30:22,604 [grpc-default-executor-0] INFO  client.GrpcClientProtocolClient (GrpcClientProtocolClient.java:onNext(255)) - client-0D308AD40832->3258574c-39ac-4ed5-9145-ea59a337c299: receive RaftClientReply:client-0D308AD40832->3258574c-39ac-4ed5-9145-ea59a337c299@group-6C7D867BDA6A, cid=2684, SUCCESS, logIndex=3768, commits[3258574c-39ac-4ed5-9145-ea59a337c299:c3768]
2019-09-02 06:30:22,669 [grpc-default-executor-1] INFO  client.GrpcClientProtocolClient (GrpcClientProtocolClient.java:onNext(255)) - client-0D308AD40832->3258574c-39ac-4ed5-9145-ea59a337c299: receive RaftClientReply:client-0D308AD40832->3258574c-39ac-4ed5-9145-ea59a337c299@group-6C7D867BDA6A, cid=2685, SUCCESS, logIndex=3770, commits[3258574c-39ac-4ed5-9145-ea59a337c299:c3773]
2019-09-02 06:30:22,669 [grpc-default-executor-1] INFO  client.GrpcClientProtocolClient (GrpcClientProtocolClient.java:onNext(255)) - client-0D308AD40832->3258574c-39ac-4ed5-9145-ea59a337c299: receive RaftClientReply:client-0D308AD40832->3258574c-39ac-4ed5-9145-ea59a337c299@group-6C7D867BDA6A, cid=2686, SUCCESS, logIndex=3771, commits[3258574c-39ac-4ed5-9145-ea59a337c299:c3774]
2019-09-02 06:30:22,669 [grpc-default-executor-1] INFO  client.GrpcClientProtocolClient (GrpcClientProtocolClient.java:onNext(255)) - client-0D308AD40832->3258574c-39ac-4ed5-9145-ea59a337c299: receive RaftClientReply:client-0D308AD40832->3258574c-39ac-4ed5-9145-ea59a337c299@group-6C7D867BDA6A, cid=2687, SUCCESS, logIndex=3772, commits[3258574c-39ac-4ed5-9145-ea59a337c299:c3774]
2019-09-02 06:30:22,670 [grpc-default-executor-1] INFO  client.GrpcClientProtocolClient (GrpcClientProtocolClient.java:onNext(255)) - client-0D308AD40832->3258574c-39ac-4ed5-9145-ea59a337c299: receive RaftClientReply:client-0D308AD40832->3258574c-39ac-4ed5-9145-ea59a337c299@group-6C7D867BDA6A, cid=2688, SUCCESS, logIndex=3773, commits[3258574c-39ac-4ed5-9145-ea59a337c299:c3774]
2019-09-02 06:30:22,692 [SCMBlockDeletingService#1] DEBUG block.SCMBlockDeletingService (SCMBlockDeletingService.java:call(138)) - Running DeletedBlockTransactionScanner
2019-09-02 06:30:22,692 [SCMBlockDeletingService#1] DEBUG block.SCMBlockDeletingService (SCMBlockDeletingService.java:call(155)) - Scanned deleted blocks log and got 0 delTX to process.
2019-09-02 06:30:22,699 [grpc-default-executor-0] INFO  client.GrpcClientProtocolClient (GrpcClientProtocolClient.java:onNext(255)) - client-0D308AD40832->3258574c-39ac-4ed5-9145-ea59a337c299: receive RaftClientReply:client-0D308AD40832->3258574c-39ac-4ed5-9145-ea59a337c299@group-6C7D867BDA6A, cid=2689, SUCCESS, logIndex=3775, commits[3258574c-39ac-4ed5-9145-ea59a337c299:c3776]
2019-09-02 06:30:22,699 [grpc-default-executor-0] INFO  client.GrpcClientProtocolClient (GrpcClientProtocolClient.java:onNext(255)) - client-0D308AD40832->3258574c-39ac-4ed5-9145-ea59a337c299: receive RaftClientReply:client-0D308AD40832->3258574c-39ac-4ed5-9145-ea59a337c299@group-6C7D867BDA6A, cid=2690, SUCCESS, logIndex=3776, commits[3258574c-39ac-4ed5-9145-ea59a337c299:c3778]
2019-09-02 06:30:22,700 [grpc-default-executor-0] INFO  client.GrpcClientProtocolClient (GrpcClientProtocolClient.java:onNext(255)) - client-0D308AD40832->3258574c-39ac-4ed5-9145-ea59a337c299: receive RaftClientReply:client-0D308AD40832->3258574c-39ac-4ed5-9145-ea59a337c299@group-6C7D867BDA6A, cid=2691, SUCCESS, logIndex=3777, commits[3258574c-39ac-4ed5-9145-ea59a337c299:c3779]
2019-09-02 06:30:22,700 [grpc-default-executor-0] INFO  client.GrpcClientProtocolClient (GrpcClientProtocolClient.java:onNext(255)) - client-0D308AD40832->3258574c-39ac-4ed5-9145-ea59a337c299: receive RaftClientReply:client-0D308AD40832->3258574c-39ac-4ed5-9145-ea59a337c299@group-6C7D867BDA6A, cid=2692, SUCCESS, logIndex=3778, commits[3258574c-39ac-4ed5-9145-ea59a337c299:c3780]
2019-09-02 06:30:22,719 [grpc-default-executor-0] INFO  client.GrpcClientProtocolClient (GrpcClientProtocolClient.java:onNext(255)) - client-0D308AD40832->3258574c-39ac-4ed5-9145-ea59a337c299: receive RaftClientReply:client-0D308AD40832->3258574c-39ac-4ed5-9145-ea59a337c299@group-6C7D867BDA6A, cid=2693, SUCCESS, logIndex=3781, commits[3258574c-39ac-4ed5-9145-ea59a337c299:c3782]
2019-09-02 06:30:22,720 [grpc-default-executor-0] INFO  client.GrpcClientProtocolClient (GrpcClientProtocolClient.java:onNext(255)) - client-0D308AD40832->3258574c-39ac-4ed5-9145-ea59a337c299: receive RaftClientReply:client-0D308AD40832->3258574c-39ac-4ed5-9145-ea59a337c299@group-6C7D867BDA6A, cid=2694, SUCCESS, logIndex=3782, commits[3258574c-39ac-4ed5-9145-ea59a337c299:c3782]
2019-09-02 06:30:22,720 [grpc-default-executor-0] INFO  client.GrpcClientProtocolClient (GrpcClientProtocolClient.java:onNext(255)) - client-0D308AD40832->3258574c-39ac-4ed5-9145-ea59a337c299: receive RaftClientReply:client-0D308AD40832->3258574c-39ac-4ed5-9145-ea59a337c299@group-6C7D867BDA6A, cid=2695, SUCCESS, logIndex=3783, commits[3258574c-39ac-4ed5-9145-ea59a337c299:c3784]
2019-09-02 06:30:22,720 [grpc-default-executor-0] INFO  client.GrpcClientProtocolClient (GrpcClientProtocolClient.java:onNext(255)) - client-0D308AD40832->3258574c-39ac-4ed5-9145-ea59a337c299: receive RaftClientReply:client-0D308AD40832->3258574c-39ac-4ed5-9145-ea59a337c299@group-6C7D867BDA6A, cid=2696, SUCCESS, logIndex=3784, commits[3258574c-39ac-4ed5-9145-ea59a337c299:c3785]
2019-09-02 06:30:22,792 [SCMBlockDeletingService#1] DEBUG block.SCMBlockDeletingService (SCMBlockDeletingService.java:call(138)) - Running DeletedBlockTransactionScanner
2019-09-02 06:30:22,793 [SCMBlockDeletingService#1] DEBUG block.SCMBlockDeletingService (SCMBlockDeletingService.java:call(155)) - Scanned deleted blocks log and got 0 delTX to process.
2019-09-02 06:30:22,845 [grpc-default-executor-1] INFO  client.GrpcClientProtocolClient (GrpcClientProtocolClient.java:onNext(255)) - client-0D308AD40832->3258574c-39ac-4ed5-9145-ea59a337c299: receive RaftClientReply:client-0D308AD40832->3258574c-39ac-4ed5-9145-ea59a337c299@group-6C7D867BDA6A, cid=2697, SUCCESS, logIndex=3787, commits[3258574c-39ac-4ed5-9145-ea59a337c299:c3790]
2019-09-02 06:30:22,846 [grpc-default-executor-1] INFO  client.GrpcClientProtocolClient (GrpcClientProtocolClient.java:onNext(255)) - client-0D308AD40832->3258574c-39ac-4ed5-9145-ea59a337c299: receive RaftClientReply:client-0D308AD40832->3258574c-39ac-4ed5-9145-ea59a337c299@group-6C7D867BDA6A, cid=2698, SUCCESS, logIndex=3788, commits[3258574c-39ac-4ed5-9145-ea59a337c299:c3791]
2019-09-02 06:30:22,846 [grpc-default-executor-1] INFO  client.GrpcClientProtocolClient (GrpcClientProtocolClient.java:onNext(255)) - client-0D308AD40832->3258574c-39ac-4ed5-9145-ea59a337c299: receive RaftClientReply:client-0D308AD40832->3258574c-39ac-4ed5-9145-ea59a337c299@group-6C7D867BDA6A, cid=2699, SUCCESS, logIndex=3789, commits[3258574c-39ac-4ed5-9145-ea59a337c299:c3791]
2019-09-02 06:30:22,847 [grpc-default-executor-1] INFO  client.GrpcClientProtocolClient (GrpcClientProtocolClient.java:onNext(255)) - client-0D308AD40832->3258574c-39ac-4ed5-9145-ea59a337c299: receive RaftClientReply:client-0D308AD40832->3258574c-39ac-4ed5-9145-ea59a337c299@group-6C7D867BDA6A, cid=2700, SUCCESS, logIndex=3790, commits[3258574c-39ac-4ed5-9145-ea59a337c299:c3791]
2019-09-02 06:30:22,968 [SCMBlockDeletingService#1] DEBUG block.SCMBlockDeletingService (SCMBlockDeletingService.java:call(138)) - Running DeletedBlockTransactionScanner
2019-09-02 06:30:22,968 [SCMBlockDeletingService#1] DEBUG block.SCMBlockDeletingService (SCMBlockDeletingService.java:call(155)) - Scanned deleted blocks log and got 0 delTX to process.
2019-09-02 06:30:22,982 [grpc-default-executor-0] INFO  client.GrpcClientProtocolClient (GrpcClientProtocolClient.java:onNext(255)) - client-0D308AD40832->3258574c-39ac-4ed5-9145-ea59a337c299: receive RaftClientReply:client-0D308AD40832->3258574c-39ac-4ed5-9145-ea59a337c299@group-6C7D867BDA6A, cid=2701, SUCCESS, logIndex=3792, commits[3258574c-39ac-4ed5-9145-ea59a337c299:c3793]
2019-09-02 06:30:22,982 [grpc-default-executor-0] INFO  client.GrpcClientProtocolClient (GrpcClientProtocolClient.java:onNext(255)) - client-0D308AD40832->3258574c-39ac-4ed5-9145-ea59a337c299: receive RaftClientReply:client-0D308AD40832->3258574c-39ac-4ed5-9145-ea59a337c299@group-6C7D867BDA6A, cid=2702, SUCCESS, logIndex=3793, commits[3258574c-39ac-4ed5-9145-ea59a337c299:c3796]
2019-09-02 06:30:22,982 [grpc-default-executor-0] INFO  client.GrpcClientProtocolClient (GrpcClientProtocolClient.java:onNext(255)) - client-0D308AD40832->3258574c-39ac-4ed5-9145-ea59a337c299: receive RaftClientReply:client-0D308AD40832->3258574c-39ac-4ed5-9145-ea59a337c299@group-6C7D867BDA6A, cid=2703, SUCCESS, logIndex=3794, commits[3258574c-39ac-4ed5-9145-ea59a337c299:c3797]
2019-09-02 06:30:22,983 [grpc-default-executor-0] INFO  client.GrpcClientProtocolClient (GrpcClientProtocolClient.java:onNext(255)) - client-0D308AD40832->3258574c-39ac-4ed5-9145-ea59a337c299: receive RaftClientReply:client-0D308AD40832->3258574c-39ac-4ed5-9145-ea59a337c299@group-6C7D867BDA6A, cid=2704, SUCCESS, logIndex=3795, commits[3258574c-39ac-4ed5-9145-ea59a337c299:c3797]
2019-09-02 06:30:23,013 [grpc-default-executor-0] INFO  client.GrpcClientProtocolClient (GrpcClientProtocolClient.java:onNext(255)) - client-0D308AD40832->3258574c-39ac-4ed5-9145-ea59a337c299: receive RaftClientReply:client-0D308AD40832->3258574c-39ac-4ed5-9145-ea59a337c299@group-6C7D867BDA6A, cid=2705, SUCCESS, logIndex=3798, commits[3258574c-39ac-4ed5-9145-ea59a337c299:c3799]
2019-09-02 06:30:23,014 [grpc-default-executor-0] INFO  client.GrpcClientProtocolClient (GrpcClientProtocolClient.java:onNext(255)) - client-0D308AD40832->3258574c-39ac-4ed5-9145-ea59a337c299: receive RaftClientReply:client-0D308AD40832->3258574c-39ac-4ed5-9145-ea59a337c299@group-6C7D867BDA6A, cid=2706, SUCCESS, logIndex=3799, commits[3258574c-39ac-4ed5-9145-ea59a337c299:c3801]
2019-09-02 06:30:23,014 [grpc-default-executor-0] INFO  client.GrpcClientProtocolClient (GrpcClientProtocolClient.java:onNext(255)) - client-0D308AD40832->3258574c-39ac-4ed5-9145-ea59a337c299: receive RaftClientReply:client-0D308AD40832->3258574c-39ac-4ed5-9145-ea59a337c299@group-6C7D867BDA6A, cid=2707, SUCCESS, logIndex=3800, commits[3258574c-39ac-4ed5-9145-ea59a337c299:c3803]
2019-09-02 06:30:23,015 [grpc-default-executor-0] INFO  client.GrpcClientProtocolClient (GrpcClientProtocolClient.java:onNext(255)) - client-0D308AD40832->3258574c-39ac-4ed5-9145-ea59a337c299: receive RaftClientReply:client-0D308AD40832->3258574c-39ac-4ed5-9145-ea59a337c299@group-6C7D867BDA6A, cid=2708, SUCCESS, logIndex=3801, commits[3258574c-39ac-4ed5-9145-ea59a337c299:c3803]
2019-09-02 06:30:23,036 [grpc-default-executor-1] INFO  client.GrpcClientProtocolClient (GrpcClientProtocolClient.java:onNext(255)) - client-0D308AD40832->3258574c-39ac-4ed5-9145-ea59a337c299: receive RaftClientReply:client-0D308AD40832->3258574c-39ac-4ed5-9145-ea59a337c299@group-6C7D867BDA6A, cid=2709, SUCCESS, logIndex=3804, commits[3258574c-39ac-4ed5-9145-ea59a337c299:c3805]
2019-09-02 06:30:23,037 [grpc-default-executor-1] INFO  client.GrpcClientProtocolClient (GrpcClientProtocolClient.java:onNext(255)) - client-0D308AD40832->3258574c-39ac-4ed5-9145-ea59a337c299: receive RaftClientReply:client-0D308AD40832->3258574c-39ac-4ed5-9145-ea59a337c299@group-6C7D867BDA6A, cid=2710, SUCCESS, logIndex=3805, commits[3258574c-39ac-4ed5-9145-ea59a337c299:c3808]
2019-09-02 06:30:23,037 [grpc-default-executor-1] INFO  client.GrpcClientProtocolClient (GrpcClientProtocolClient.java:onNext(255)) - client-0D308AD40832->3258574c-39ac-4ed5-9145-ea59a337c299: receive RaftClientReply:client-0D308AD40832->3258574c-39ac-4ed5-9145-ea59a337c299@group-6C7D867BDA6A, cid=2711, SUCCESS, logIndex=3806, commits[3258574c-39ac-4ed5-9145-ea59a337c299:c3808]
2019-09-02 06:30:23,037 [grpc-default-executor-1] INFO  client.GrpcClientProtocolClient (GrpcClientProtocolClient.java:onNext(255)) - client-0D308AD40832->3258574c-39ac-4ed5-9145-ea59a337c299: receive RaftClientReply:client-0D308AD40832->3258574c-39ac-4ed5-9145-ea59a337c299@group-6C7D867BDA6A, cid=2712, SUCCESS, logIndex=3807, commits[3258574c-39ac-4ed5-9145-ea59a337c299:c3809]
2019-09-02 06:30:23,069 [SCMBlockDeletingService#1] DEBUG block.SCMBlockDeletingService (SCMBlockDeletingService.java:call(138)) - Running DeletedBlockTransactionScanner
2019-09-02 06:30:23,069 [SCMBlockDeletingService#1] DEBUG block.SCMBlockDeletingService (SCMBlockDeletingService.java:call(155)) - Scanned deleted blocks log and got 0 delTX to process.
2019-09-02 06:30:23,069 [grpc-default-executor-1] INFO  client.GrpcClientProtocolClient (GrpcClientProtocolClient.java:onNext(255)) - client-0D308AD40832->3258574c-39ac-4ed5-9145-ea59a337c299: receive RaftClientReply:client-0D308AD40832->3258574c-39ac-4ed5-9145-ea59a337c299@group-6C7D867BDA6A, cid=2713, SUCCESS, logIndex=3810, commits[3258574c-39ac-4ed5-9145-ea59a337c299:c3811]
2019-09-02 06:30:23,070 [grpc-default-executor-1] INFO  client.GrpcClientProtocolClient (GrpcClientProtocolClient.java:onNext(255)) - client-0D308AD40832->3258574c-39ac-4ed5-9145-ea59a337c299: receive RaftClientReply:client-0D308AD40832->3258574c-39ac-4ed5-9145-ea59a337c299@group-6C7D867BDA6A, cid=2714, SUCCESS, logIndex=3811, commits[3258574c-39ac-4ed5-9145-ea59a337c299:c3813]
2019-09-02 06:30:23,071 [grpc-default-executor-1] INFO  client.GrpcClientProtocolClient (GrpcClientProtocolClient.java:onNext(255)) - client-0D308AD40832->3258574c-39ac-4ed5-9145-ea59a337c299: receive RaftClientReply:client-0D308AD40832->3258574c-39ac-4ed5-9145-ea59a337c299@group-6C7D867BDA6A, cid=2715, SUCCESS, logIndex=3812, commits[3258574c-39ac-4ed5-9145-ea59a337c299:c3814]
2019-09-02 06:30:23,071 [grpc-default-executor-1] INFO  client.GrpcClientProtocolClient (GrpcClientProtocolClient.java:onNext(255)) - client-0D308AD40832->3258574c-39ac-4ed5-9145-ea59a337c299: receive RaftClientReply:client-0D308AD40832->3258574c-39ac-4ed5-9145-ea59a337c299@group-6C7D867BDA6A, cid=2716, SUCCESS, logIndex=3813, commits[3258574c-39ac-4ed5-9145-ea59a337c299:c3814]
2019-09-02 06:30:23,093 [grpc-default-executor-1] INFO  client.GrpcClientProtocolClient (GrpcClientProtocolClient.java:onNext(255)) - client-0D308AD40832->3258574c-39ac-4ed5-9145-ea59a337c299: receive RaftClientReply:client-0D308AD40832->3258574c-39ac-4ed5-9145-ea59a337c299@group-6C7D867BDA6A, cid=2717, SUCCESS, logIndex=3816, commits[3258574c-39ac-4ed5-9145-ea59a337c299:c3817]
2019-09-02 06:30:23,094 [grpc-default-executor-1] INFO  client.GrpcClientProtocolClient (GrpcClientProtocolClient.java:onNext(255)) - client-0D308AD40832->3258574c-39ac-4ed5-9145-ea59a337c299: receive RaftClientReply:client-0D308AD40832->3258574c-39ac-4ed5-9145-ea59a337c299@group-6C7D867BDA6A, cid=2718, SUCCESS, logIndex=3817, commits[3258574c-39ac-4ed5-9145-ea59a337c299:c3819]
2019-09-02 06:30:23,094 [grpc-default-executor-1] INFO  client.GrpcClientProtocolClient (GrpcClientProtocolClient.java:onNext(255)) - client-0D308AD40832->3258574c-39ac-4ed5-9145-ea59a337c299: receive RaftClientReply:client-0D308AD40832->3258574c-39ac-4ed5-9145-ea59a337c299@group-6C7D867BDA6A, cid=2719, SUCCESS, logIndex=3818, commits[3258574c-39ac-4ed5-9145-ea59a337c299:c3820]
2019-09-02 06:30:23,094 [grpc-default-executor-1] INFO  client.GrpcClientProtocolClient (GrpcClientProtocolClient.java:onNext(255)) - client-0D308AD40832->3258574c-39ac-4ed5-9145-ea59a337c299: receive RaftClientReply:client-0D308AD40832->3258574c-39ac-4ed5-9145-ea59a337c299@group-6C7D867BDA6A, cid=2720, SUCCESS, logIndex=3819, commits[3258574c-39ac-4ed5-9145-ea59a337c299:c3820]
2019-09-02 06:30:23,122 [grpc-default-executor-0] INFO  client.GrpcClientProtocolClient (GrpcClientProtocolClient.java:onNext(255)) - client-0D308AD40832->3258574c-39ac-4ed5-9145-ea59a337c299: receive RaftClientReply:client-0D308AD40832->3258574c-39ac-4ed5-9145-ea59a337c299@group-6C7D867BDA6A, cid=2721, SUCCESS, logIndex=3822, commits[3258574c-39ac-4ed5-9145-ea59a337c299:c3825]
2019-09-02 06:30:23,123 [grpc-default-executor-0] INFO  client.GrpcClientProtocolClient (GrpcClientProtocolClient.java:onNext(255)) - client-0D308AD40832->3258574c-39ac-4ed5-9145-ea59a337c299: receive RaftClientReply:client-0D308AD40832->3258574c-39ac-4ed5-9145-ea59a337c299@group-6C7D867BDA6A, cid=2722, SUCCESS, logIndex=3823, commits[3258574c-39ac-4ed5-9145-ea59a337c299:c3826]
2019-09-02 06:30:23,124 [grpc-default-executor-0] INFO  client.GrpcClientProtocolClient (GrpcClientProtocolClient.java:onNext(255)) - client-0D308AD40832->3258574c-39ac-4ed5-9145-ea59a337c299: receive RaftClientReply:client-0D308AD40832->3258574c-39ac-4ed5-9145-ea59a337c299@group-6C7D867BDA6A, cid=2723, SUCCESS, logIndex=3824, commits[3258574c-39ac-4ed5-9145-ea59a337c299:c3827]
2019-09-02 06:30:23,124 [grpc-default-executor-0] INFO  client.GrpcClientProtocolClient (GrpcClientProtocolClient.java:onNext(255)) - client-0D308AD40832->3258574c-39ac-4ed5-9145-ea59a337c299: receive RaftClientReply:client-0D308AD40832->3258574c-39ac-4ed5-9145-ea59a337c299@group-6C7D867BDA6A, cid=2724, SUCCESS, logIndex=3825, commits[3258574c-39ac-4ed5-9145-ea59a337c299:c3827]
2019-09-02 06:30:23,143 [grpc-default-executor-0] INFO  client.GrpcClientProtocolClient (GrpcClientProtocolClient.java:onNext(255)) - client-0D308AD40832->3258574c-39ac-4ed5-9145-ea59a337c299: receive RaftClientReply:client-0D308AD40832->3258574c-39ac-4ed5-9145-ea59a337c299@group-6C7D867BDA6A, cid=2725, SUCCESS, logIndex=3828, commits[3258574c-39ac-4ed5-9145-ea59a337c299:c3829]
2019-09-02 06:30:23,143 [grpc-default-executor-0] INFO  client.GrpcClientProtocolClient (GrpcClientProtocolClient.java:onNext(255)) - client-0D308AD40832->3258574c-39ac-4ed5-9145-ea59a337c299: receive RaftClientReply:client-0D308AD40832->3258574c-39ac-4ed5-9145-ea59a337c299@group-6C7D867BDA6A, cid=2726, SUCCESS, logIndex=3829, commits[3258574c-39ac-4ed5-9145-ea59a337c299:c3829]
2019-09-02 06:30:23,144 [grpc-default-executor-0] INFO  client.GrpcClientProtocolClient (GrpcClientProtocolClient.java:onNext(255)) - client-0D308AD40832->3258574c-39ac-4ed5-9145-ea59a337c299: receive RaftClientReply:client-0D308AD40832->3258574c-39ac-4ed5-9145-ea59a337c299@group-6C7D867BDA6A, cid=2727, SUCCESS, logIndex=3830, commits[3258574c-39ac-4ed5-9145-ea59a337c299:c3831]
2019-09-02 06:30:23,145 [grpc-default-executor-0] INFO  client.GrpcClientProtocolClient (GrpcClientProtocolClient.java:onNext(255)) - client-0D308AD40832->3258574c-39ac-4ed5-9145-ea59a337c299: receive RaftClientReply:client-0D308AD40832->3258574c-39ac-4ed5-9145-ea59a337c299@group-6C7D867BDA6A, cid=2728, SUCCESS, logIndex=3831, commits[3258574c-39ac-4ed5-9145-ea59a337c299:c3831]
2019-09-02 06:30:23,169 [SCMBlockDeletingService#1] DEBUG block.SCMBlockDeletingService (SCMBlockDeletingService.java:call(138)) - Running DeletedBlockTransactionScanner
2019-09-02 06:30:23,170 [SCMBlockDeletingService#1] DEBUG block.SCMBlockDeletingService (SCMBlockDeletingService.java:call(155)) - Scanned deleted blocks log and got 0 delTX to process.
2019-09-02 06:30:23,171 [grpc-default-executor-1] INFO  client.GrpcClientProtocolClient (GrpcClientProtocolClient.java:onNext(255)) - client-0D308AD40832->3258574c-39ac-4ed5-9145-ea59a337c299: receive RaftClientReply:client-0D308AD40832->3258574c-39ac-4ed5-9145-ea59a337c299@group-6C7D867BDA6A, cid=2729, SUCCESS, logIndex=3834, commits[3258574c-39ac-4ed5-9145-ea59a337c299:c3835]
2019-09-02 06:30:23,171 [grpc-default-executor-1] INFO  client.GrpcClientProtocolClient (GrpcClientProtocolClient.java:onNext(255)) - client-0D308AD40832->3258574c-39ac-4ed5-9145-ea59a337c299: receive RaftClientReply:client-0D308AD40832->3258574c-39ac-4ed5-9145-ea59a337c299@group-6C7D867BDA6A, cid=2730, SUCCESS, logIndex=3835, commits[3258574c-39ac-4ed5-9145-ea59a337c299:c3837]
2019-09-02 06:30:23,172 [grpc-default-executor-1] INFO  client.GrpcClientProtocolClient (GrpcClientProtocolClient.java:onNext(255)) - client-0D308AD40832->3258574c-39ac-4ed5-9145-ea59a337c299: receive RaftClientReply:client-0D308AD40832->3258574c-39ac-4ed5-9145-ea59a337c299@group-6C7D867BDA6A, cid=2731, SUCCESS, logIndex=3836, commits[3258574c-39ac-4ed5-9145-ea59a337c299:c3837]
2019-09-02 06:30:23,172 [grpc-default-executor-1] INFO  client.GrpcClientProtocolClient (GrpcClientProtocolClient.java:onNext(255)) - client-0D308AD40832->3258574c-39ac-4ed5-9145-ea59a337c299: receive RaftClientReply:client-0D308AD40832->3258574c-39ac-4ed5-9145-ea59a337c299@group-6C7D867BDA6A, cid=2732, SUCCESS, logIndex=3837, commits[3258574c-39ac-4ed5-9145-ea59a337c299:c3838]
2019-09-02 06:30:23,191 [grpc-default-executor-0] INFO  client.GrpcClientProtocolClient (GrpcClientProtocolClient.java:onNext(255)) - client-0D308AD40832->3258574c-39ac-4ed5-9145-ea59a337c299: receive RaftClientReply:client-0D308AD40832->3258574c-39ac-4ed5-9145-ea59a337c299@group-6C7D867BDA6A, cid=2733, SUCCESS, logIndex=3840, commits[3258574c-39ac-4ed5-9145-ea59a337c299:c3841]
2019-09-02 06:30:23,191 [grpc-default-executor-0] INFO  client.GrpcClientProtocolClient (GrpcClientProtocolClient.java:onNext(255)) - client-0D308AD40832->3258574c-39ac-4ed5-9145-ea59a337c299: receive RaftClientReply:client-0D308AD40832->3258574c-39ac-4ed5-9145-ea59a337c299@group-6C7D867BDA6A, cid=2734, SUCCESS, logIndex=3841, commits[3258574c-39ac-4ed5-9145-ea59a337c299:c3843]
2019-09-02 06:30:23,191 [grpc-default-executor-0] INFO  client.GrpcClientProtocolClient (GrpcClientProtocolClient.java:onNext(255)) - client-0D308AD40832->3258574c-39ac-4ed5-9145-ea59a337c299: receive RaftClientReply:client-0D308AD40832->3258574c-39ac-4ed5-9145-ea59a337c299@group-6C7D867BDA6A, cid=2735, SUCCESS, logIndex=3842, commits[3258574c-39ac-4ed5-9145-ea59a337c299:c3844]
2019-09-02 06:30:23,192 [grpc-default-executor-0] INFO  client.GrpcClientProtocolClient (GrpcClientProtocolClient.java:onNext(255)) - client-0D308AD40832->3258574c-39ac-4ed5-9145-ea59a337c299: receive RaftClientReply:client-0D308AD40832->3258574c-39ac-4ed5-9145-ea59a337c299@group-6C7D867BDA6A, cid=2736, SUCCESS, logIndex=3843, commits[3258574c-39ac-4ed5-9145-ea59a337c299:c3844]
2019-09-02 06:30:23,208 [grpc-default-executor-0] INFO  client.GrpcClientProtocolClient (GrpcClientProtocolClient.java:onNext(255)) - client-0D308AD40832->3258574c-39ac-4ed5-9145-ea59a337c299: receive RaftClientReply:client-0D308AD40832->3258574c-39ac-4ed5-9145-ea59a337c299@group-6C7D867BDA6A, cid=2737, SUCCESS, logIndex=3846, commits[3258574c-39ac-4ed5-9145-ea59a337c299:c3847]
2019-09-02 06:30:23,208 [grpc-default-executor-0] INFO  client.GrpcClientProtocolClient (GrpcClientProtocolClient.java:onNext(255)) - client-0D308AD40832->3258574c-39ac-4ed5-9145-ea59a337c299: receive RaftClientReply:client-0D308AD40832->3258574c-39ac-4ed5-9145-ea59a337c299@group-6C7D867BDA6A, cid=2738, SUCCESS, logIndex=3847, commits[3258574c-39ac-4ed5-9145-ea59a337c299:c3847]
2019-09-02 06:30:23,210 [grpc-default-executor-0] INFO  client.GrpcClientProtocolClient (GrpcClientProtocolClient.java:onNext(255)) - client-0D308AD40832->3258574c-39ac-4ed5-9145-ea59a337c299: receive RaftClientReply:client-0D308AD40832->3258574c-39ac-4ed5-9145-ea59a337c299@group-6C7D867BDA6A, cid=2739, SUCCESS, logIndex=3848, commits[3258574c-39ac-4ed5-9145-ea59a337c299:c3850]
2019-09-02 06:30:23,210 [grpc-default-executor-0] INFO  client.GrpcClientProtocolClient (GrpcClientProtocolClient.java:onNext(255)) - client-0D308AD40832->3258574c-39ac-4ed5-9145-ea59a337c299: receive RaftClientReply:client-0D308AD40832->3258574c-39ac-4ed5-9145-ea59a337c299@group-6C7D867BDA6A, cid=2740, SUCCESS, logIndex=3849, commits[3258574c-39ac-4ed5-9145-ea59a337c299:c3850]
2019-09-02 06:30:23,270 [SCMBlockDeletingService#1] DEBUG block.SCMBlockDeletingService (SCMBlockDeletingService.java:call(138)) - Running DeletedBlockTransactionScanner
2019-09-02 06:30:23,270 [SCMBlockDeletingService#1] DEBUG block.SCMBlockDeletingService (SCMBlockDeletingService.java:call(155)) - Scanned deleted blocks log and got 0 delTX to process.
2019-09-02 06:30:23,329 [grpc-default-executor-0] INFO  client.GrpcClientProtocolClient (GrpcClientProtocolClient.java:onNext(255)) - client-0D308AD40832->3258574c-39ac-4ed5-9145-ea59a337c299: receive RaftClientReply:client-0D308AD40832->3258574c-39ac-4ed5-9145-ea59a337c299@group-6C7D867BDA6A, cid=2741, SUCCESS, logIndex=3851, commits[3258574c-39ac-4ed5-9145-ea59a337c299:c3852]
2019-09-02 06:30:23,329 [grpc-default-executor-0] INFO  client.GrpcClientProtocolClient (GrpcClientProtocolClient.java:onNext(255)) - client-0D308AD40832->3258574c-39ac-4ed5-9145-ea59a337c299: receive RaftClientReply:client-0D308AD40832->3258574c-39ac-4ed5-9145-ea59a337c299@group-6C7D867BDA6A, cid=2742, SUCCESS, logIndex=3852, commits[3258574c-39ac-4ed5-9145-ea59a337c299:c3852]
2019-09-02 06:30:23,330 [grpc-default-executor-0] INFO  client.GrpcClientProtocolClient (GrpcClientProtocolClient.java:onNext(255)) - client-0D308AD40832->3258574c-39ac-4ed5-9145-ea59a337c299: receive RaftClientReply:client-0D308AD40832->3258574c-39ac-4ed5-9145-ea59a337c299@group-6C7D867BDA6A, cid=2743, SUCCESS, logIndex=3853, commits[3258574c-39ac-4ed5-9145-ea59a337c299:c3854]
2019-09-02 06:30:23,331 [grpc-default-executor-0] INFO  client.GrpcClientProtocolClient (GrpcClientProtocolClient.java:onNext(255)) - client-0D308AD40832->3258574c-39ac-4ed5-9145-ea59a337c299: receive RaftClientReply:client-0D308AD40832->3258574c-39ac-4ed5-9145-ea59a337c299@group-6C7D867BDA6A, cid=2744, SUCCESS, logIndex=3854, commits[3258574c-39ac-4ed5-9145-ea59a337c299:c3854]
2019-09-02 06:30:23,371 [SCMBlockDeletingService#1] DEBUG block.SCMBlockDeletingService (SCMBlockDeletingService.java:call(138)) - Running DeletedBlockTransactionScanner
2019-09-02 06:30:23,371 [grpc-default-executor-0] INFO  client.GrpcClientProtocolClient (GrpcClientProtocolClient.java:onNext(255)) - client-0D308AD40832->3258574c-39ac-4ed5-9145-ea59a337c299: receive RaftClientReply:client-0D308AD40832->3258574c-39ac-4ed5-9145-ea59a337c299@group-6C7D867BDA6A, cid=2745, SUCCESS, logIndex=3857, commits[3258574c-39ac-4ed5-9145-ea59a337c299:c3858]
2019-09-02 06:30:23,371 [SCMBlockDeletingService#1] DEBUG block.SCMBlockDeletingService (SCMBlockDeletingService.java:call(155)) - Scanned deleted blocks log and got 0 delTX to process.
2019-09-02 06:30:23,373 [grpc-default-executor-0] INFO  client.GrpcClientProtocolClient (GrpcClientProtocolClient.java:onNext(255)) - client-0D308AD40832->3258574c-39ac-4ed5-9145-ea59a337c299: receive RaftClientReply:client-0D308AD40832->3258574c-39ac-4ed5-9145-ea59a337c299@group-6C7D867BDA6A, cid=2746, SUCCESS, logIndex=3858, commits[3258574c-39ac-4ed5-9145-ea59a337c299:c3858]
2019-09-02 06:30:23,385 [grpc-default-executor-0] INFO  client.GrpcClientProtocolClient (GrpcClientProtocolClient.java:onNext(255)) - client-0D308AD40832->3258574c-39ac-4ed5-9145-ea59a337c299: receive RaftClientReply:client-0D308AD40832->3258574c-39ac-4ed5-9145-ea59a337c299@group-6C7D867BDA6A, cid=2747, SUCCESS, logIndex=3859, commits[3258574c-39ac-4ed5-9145-ea59a337c299:c3861]
2019-09-02 06:30:23,389 [grpc-default-executor-0] INFO  client.GrpcClientProtocolClient (GrpcClientProtocolClient.java:onNext(255)) - client-0D308AD40832->3258574c-39ac-4ed5-9145-ea59a337c299: receive RaftClientReply:client-0D308AD40832->3258574c-39ac-4ed5-9145-ea59a337c299@group-6C7D867BDA6A, cid=2748, SUCCESS, logIndex=3860, commits[3258574c-39ac-4ed5-9145-ea59a337c299:c3861]
2019-09-02 06:30:23,421 [grpc-default-executor-0] INFO  client.GrpcClientProtocolClient (GrpcClientProtocolClient.java:onNext(255)) - client-0D308AD40832->3258574c-39ac-4ed5-9145-ea59a337c299: receive RaftClientReply:client-0D308AD40832->3258574c-39ac-4ed5-9145-ea59a337c299@group-6C7D867BDA6A, cid=2749, SUCCESS, logIndex=3862, commits[3258574c-39ac-4ed5-9145-ea59a337c299:c3865]
2019-09-02 06:30:23,422 [grpc-default-executor-0] INFO  client.GrpcClientProtocolClient (GrpcClientProtocolClient.java:onNext(255)) - client-0D308AD40832->3258574c-39ac-4ed5-9145-ea59a337c299: receive RaftClientReply:client-0D308AD40832->3258574c-39ac-4ed5-9145-ea59a337c299@group-6C7D867BDA6A, cid=2750, SUCCESS, logIndex=3863, commits[3258574c-39ac-4ed5-9145-ea59a337c299:c3867]
2019-09-02 06:30:23,423 [grpc-default-executor-0] INFO  client.GrpcClientProtocolClient (GrpcClientProtocolClient.java:onNext(255)) - client-0D308AD40832->3258574c-39ac-4ed5-9145-ea59a337c299: receive RaftClientReply:client-0D308AD40832->3258574c-39ac-4ed5-9145-ea59a337c299@group-6C7D867BDA6A, cid=2751, SUCCESS, logIndex=3864, commits[3258574c-39ac-4ed5-9145-ea59a337c299:c3867]
2019-09-02 06:30:23,424 [grpc-default-executor-0] INFO  client.GrpcClientProtocolClient (GrpcClientProtocolClient.java:onNext(255)) - client-0D308AD40832->3258574c-39ac-4ed5-9145-ea59a337c299: receive RaftClientReply:client-0D308AD40832->3258574c-39ac-4ed5-9145-ea59a337c299@group-6C7D867BDA6A, cid=2752, SUCCESS, logIndex=3865, commits[3258574c-39ac-4ed5-9145-ea59a337c299:c3867]
2019-09-02 06:30:23,462 [grpc-default-executor-1] INFO  client.GrpcClientProtocolClient (GrpcClientProtocolClient.java:onNext(255)) - client-0D308AD40832->3258574c-39ac-4ed5-9145-ea59a337c299: receive RaftClientReply:client-0D308AD40832->3258574c-39ac-4ed5-9145-ea59a337c299@group-6C7D867BDA6A, cid=2753, SUCCESS, logIndex=3868, commits[3258574c-39ac-4ed5-9145-ea59a337c299:c3871]
2019-09-02 06:30:23,463 [grpc-default-executor-1] INFO  client.GrpcClientProtocolClient (GrpcClientProtocolClient.java:onNext(255)) - client-0D308AD40832->3258574c-39ac-4ed5-9145-ea59a337c299: receive RaftClientReply:client-0D308AD40832->3258574c-39ac-4ed5-9145-ea59a337c299@group-6C7D867BDA6A, cid=2754, SUCCESS, logIndex=3869, commits[3258574c-39ac-4ed5-9145-ea59a337c299:c3872]
2019-09-02 06:30:23,464 [grpc-default-executor-1] INFO  client.GrpcClientProtocolClient (GrpcClientProtocolClient.java:onNext(255)) - client-0D308AD40832->3258574c-39ac-4ed5-9145-ea59a337c299: receive RaftClientReply:client-0D308AD40832->3258574c-39ac-4ed5-9145-ea59a337c299@group-6C7D867BDA6A, cid=2755, SUCCESS, logIndex=3870, commits[3258574c-39ac-4ed5-9145-ea59a337c299:c3872]
2019-09-02 06:30:23,464 [grpc-default-executor-1] INFO  client.GrpcClientProtocolClient (GrpcClientProtocolClient.java:onNext(255)) - client-0D308AD40832->3258574c-39ac-4ed5-9145-ea59a337c299: receive RaftClientReply:client-0D308AD40832->3258574c-39ac-4ed5-9145-ea59a337c299@group-6C7D867BDA6A, cid=2756, SUCCESS, logIndex=3871, commits[3258574c-39ac-4ed5-9145-ea59a337c299:c3873]
2019-09-02 06:30:23,471 [SCMBlockDeletingService#1] DEBUG block.SCMBlockDeletingService (SCMBlockDeletingService.java:call(138)) - Running DeletedBlockTransactionScanner
2019-09-02 06:30:23,472 [SCMBlockDeletingService#1] DEBUG block.SCMBlockDeletingService (SCMBlockDeletingService.java:call(155)) - Scanned deleted blocks log and got 0 delTX to process.
2019-09-02 06:30:23,486 [grpc-default-executor-0] INFO  client.GrpcClientProtocolClient (GrpcClientProtocolClient.java:onNext(255)) - client-0D308AD40832->3258574c-39ac-4ed5-9145-ea59a337c299: receive RaftClientReply:client-0D308AD40832->3258574c-39ac-4ed5-9145-ea59a337c299@group-6C7D867BDA6A, cid=2757, SUCCESS, logIndex=3874, commits[3258574c-39ac-4ed5-9145-ea59a337c299:c3875]
2019-09-02 06:30:23,486 [grpc-default-executor-0] INFO  client.GrpcClientProtocolClient (GrpcClientProtocolClient.java:onNext(255)) - client-0D308AD40832->3258574c-39ac-4ed5-9145-ea59a337c299: receive RaftClientReply:client-0D308AD40832->3258574c-39ac-4ed5-9145-ea59a337c299@group-6C7D867BDA6A, cid=2758, SUCCESS, logIndex=3875, commits[3258574c-39ac-4ed5-9145-ea59a337c299:c3877]
2019-09-02 06:30:23,487 [grpc-default-executor-0] INFO  client.GrpcClientProtocolClient (GrpcClientProtocolClient.java:onNext(255)) - client-0D308AD40832->3258574c-39ac-4ed5-9145-ea59a337c299: receive RaftClientReply:client-0D308AD40832->3258574c-39ac-4ed5-9145-ea59a337c299@group-6C7D867BDA6A, cid=2759, SUCCESS, logIndex=3876, commits[3258574c-39ac-4ed5-9145-ea59a337c299:c3878]
2019-09-02 06:30:23,487 [grpc-default-executor-0] INFO  client.GrpcClientProtocolClient (GrpcClientProtocolClient.java:onNext(255)) - client-0D308AD40832->3258574c-39ac-4ed5-9145-ea59a337c299: receive RaftClientReply:client-0D308AD40832->3258574c-39ac-4ed5-9145-ea59a337c299@group-6C7D867BDA6A, cid=2760, SUCCESS, logIndex=3877, commits[3258574c-39ac-4ed5-9145-ea59a337c299:c3878]
2019-09-02 06:30:23,512 [grpc-default-executor-0] INFO  client.GrpcClientProtocolClient (GrpcClientProtocolClient.java:onNext(255)) - client-0D308AD40832->3258574c-39ac-4ed5-9145-ea59a337c299: receive RaftClientReply:client-0D308AD40832->3258574c-39ac-4ed5-9145-ea59a337c299@group-6C7D867BDA6A, cid=2761, SUCCESS, logIndex=3880, commits[3258574c-39ac-4ed5-9145-ea59a337c299:c3881]
2019-09-02 06:30:23,512 [grpc-default-executor-0] INFO  client.GrpcClientProtocolClient (GrpcClientProtocolClient.java:onNext(255)) - client-0D308AD40832->3258574c-39ac-4ed5-9145-ea59a337c299: receive RaftClientReply:client-0D308AD40832->3258574c-39ac-4ed5-9145-ea59a337c299@group-6C7D867BDA6A, cid=2762, SUCCESS, logIndex=3881, commits[3258574c-39ac-4ed5-9145-ea59a337c299:c3881]
2019-09-02 06:30:23,513 [grpc-default-executor-0] INFO  client.GrpcClientProtocolClient (GrpcClientProtocolClient.java:onNext(255)) - client-0D308AD40832->3258574c-39ac-4ed5-9145-ea59a337c299: receive RaftClientReply:client-0D308AD40832->3258574c-39ac-4ed5-9145-ea59a337c299@group-6C7D867BDA6A, cid=2763, SUCCESS, logIndex=3882, commits[3258574c-39ac-4ed5-9145-ea59a337c299:c3883]
2019-09-02 06:30:23,514 [grpc-default-executor-0] INFO  client.GrpcClientProtocolClient (GrpcClientProtocolClient.java:onNext(255)) - client-0D308AD40832->3258574c-39ac-4ed5-9145-ea59a337c299: receive RaftClientReply:client-0D308AD40832->3258574c-39ac-4ed5-9145-ea59a337c299@group-6C7D867BDA6A, cid=2764, SUCCESS, logIndex=3883, commits[3258574c-39ac-4ed5-9145-ea59a337c299:c3883]
2019-09-02 06:30:23,526 [grpc-default-executor-0] INFO  client.GrpcClientProtocolClient (GrpcClientProtocolClient.java:onNext(255)) - client-0D308AD40832->3258574c-39ac-4ed5-9145-ea59a337c299: receive RaftClientReply:client-0D308AD40832->3258574c-39ac-4ed5-9145-ea59a337c299@group-6C7D867BDA6A, cid=2765, SUCCESS, logIndex=3886, commits[3258574c-39ac-4ed5-9145-ea59a337c299:c3887]
2019-09-02 06:30:23,526 [grpc-default-executor-0] INFO  client.GrpcClientProtocolClient (GrpcClientProtocolClient.java:onNext(255)) - client-0D308AD40832->3258574c-39ac-4ed5-9145-ea59a337c299: receive RaftClientReply:client-0D308AD40832->3258574c-39ac-4ed5-9145-ea59a337c299@group-6C7D867BDA6A, cid=2766, SUCCESS, logIndex=3887, commits[3258574c-39ac-4ed5-9145-ea59a337c299:c3887]
2019-09-02 06:30:23,538 [grpc-default-executor-0] INFO  client.GrpcClientProtocolClient (GrpcClientProtocolClient.java:onNext(255)) - client-0D308AD40832->3258574c-39ac-4ed5-9145-ea59a337c299: receive RaftClientReply:client-0D308AD40832->3258574c-39ac-4ed5-9145-ea59a337c299@group-6C7D867BDA6A, cid=2767, SUCCESS, logIndex=3888, commits[3258574c-39ac-4ed5-9145-ea59a337c299:c3890]
2019-09-02 06:30:23,539 [grpc-default-executor-0] INFO  client.GrpcClientProtocolClient (GrpcClientProtocolClient.java:onNext(255)) - client-0D308AD40832->3258574c-39ac-4ed5-9145-ea59a337c299: receive RaftClientReply:client-0D308AD40832->3258574c-39ac-4ed5-9145-ea59a337c299@group-6C7D867BDA6A, cid=2768, SUCCESS, logIndex=3889, commits[3258574c-39ac-4ed5-9145-ea59a337c299:c3890]
2019-09-02 06:30:23,571 [grpc-default-executor-1] INFO  client.GrpcClientProtocolClient (GrpcClientProtocolClient.java:onNext(255)) - client-0D308AD40832->3258574c-39ac-4ed5-9145-ea59a337c299: receive RaftClientReply:client-0D308AD40832->3258574c-39ac-4ed5-9145-ea59a337c299@group-6C7D867BDA6A, cid=2769, SUCCESS, logIndex=3891, commits[3258574c-39ac-4ed5-9145-ea59a337c299:c3892]
2019-09-02 06:30:23,572 [grpc-default-executor-1] INFO  client.GrpcClientProtocolClient (GrpcClientProtocolClient.java:onNext(255)) - client-0D308AD40832->3258574c-39ac-4ed5-9145-ea59a337c299: receive RaftClientReply:client-0D308AD40832->3258574c-39ac-4ed5-9145-ea59a337c299@group-6C7D867BDA6A, cid=2770, SUCCESS, logIndex=3892, commits[3258574c-39ac-4ed5-9145-ea59a337c299:c3892]
2019-09-02 06:30:23,572 [SCMBlockDeletingService#1] DEBUG block.SCMBlockDeletingService (SCMBlockDeletingService.java:call(138)) - Running DeletedBlockTransactionScanner
2019-09-02 06:30:23,572 [SCMBlockDeletingService#1] DEBUG block.SCMBlockDeletingService (SCMBlockDeletingService.java:call(155)) - Scanned deleted blocks log and got 0 delTX to process.
2019-09-02 06:30:23,573 [grpc-default-executor-1] INFO  client.GrpcClientProtocolClient (GrpcClientProtocolClient.java:onNext(255)) - client-0D308AD40832->3258574c-39ac-4ed5-9145-ea59a337c299: receive RaftClientReply:client-0D308AD40832->3258574c-39ac-4ed5-9145-ea59a337c299@group-6C7D867BDA6A, cid=2771, SUCCESS, logIndex=3893, commits[3258574c-39ac-4ed5-9145-ea59a337c299:c3894]
2019-09-02 06:30:23,573 [grpc-default-executor-1] INFO  client.GrpcClientProtocolClient (GrpcClientProtocolClient.java:onNext(255)) - client-0D308AD40832->3258574c-39ac-4ed5-9145-ea59a337c299: receive RaftClientReply:client-0D308AD40832->3258574c-39ac-4ed5-9145-ea59a337c299@group-6C7D867BDA6A, cid=2772, SUCCESS, logIndex=3894, commits[3258574c-39ac-4ed5-9145-ea59a337c299:c3894]
2019-09-02 06:30:23,599 [grpc-default-executor-1] INFO  client.GrpcClientProtocolClient (GrpcClientProtocolClient.java:onNext(255)) - client-0D308AD40832->3258574c-39ac-4ed5-9145-ea59a337c299: receive RaftClientReply:client-0D308AD40832->3258574c-39ac-4ed5-9145-ea59a337c299@group-6C7D867BDA6A, cid=2773, SUCCESS, logIndex=3897, commits[3258574c-39ac-4ed5-9145-ea59a337c299:c3900]
2019-09-02 06:30:23,600 [grpc-default-executor-1] INFO  client.GrpcClientProtocolClient (GrpcClientProtocolClient.java:onNext(255)) - client-0D308AD40832->3258574c-39ac-4ed5-9145-ea59a337c299: receive RaftClientReply:client-0D308AD40832->3258574c-39ac-4ed5-9145-ea59a337c299@group-6C7D867BDA6A, cid=2774, SUCCESS, logIndex=3898, commits[3258574c-39ac-4ed5-9145-ea59a337c299:c3901]
2019-09-02 06:30:23,600 [grpc-default-executor-1] INFO  client.GrpcClientProtocolClient (GrpcClientProtocolClient.java:onNext(255)) - client-0D308AD40832->3258574c-39ac-4ed5-9145-ea59a337c299: receive RaftClientReply:client-0D308AD40832->3258574c-39ac-4ed5-9145-ea59a337c299@group-6C7D867BDA6A, cid=2775, SUCCESS, logIndex=3899, commits[3258574c-39ac-4ed5-9145-ea59a337c299:c3901]
2019-09-02 06:30:23,600 [grpc-default-executor-1] INFO  client.GrpcClientProtocolClient (GrpcClientProtocolClient.java:onNext(255)) - client-0D308AD40832->3258574c-39ac-4ed5-9145-ea59a337c299: receive RaftClientReply:client-0D308AD40832->3258574c-39ac-4ed5-9145-ea59a337c299@group-6C7D867BDA6A, cid=2776, SUCCESS, logIndex=3900, commits[3258574c-39ac-4ed5-9145-ea59a337c299:c3902]
2019-09-02 06:30:23,636 [grpc-default-executor-1] INFO  client.GrpcClientProtocolClient (GrpcClientProtocolClient.java:onNext(255)) - client-0D308AD40832->3258574c-39ac-4ed5-9145-ea59a337c299: receive RaftClientReply:client-0D308AD40832->3258574c-39ac-4ed5-9145-ea59a337c299@group-6C7D867BDA6A, cid=2777, SUCCESS, logIndex=3903, commits[3258574c-39ac-4ed5-9145-ea59a337c299:c3904]
2019-09-02 06:30:23,636 [grpc-default-executor-1] INFO  client.GrpcClientProtocolClient (GrpcClientProtocolClient.java:onNext(255)) - client-0D308AD40832->3258574c-39ac-4ed5-9145-ea59a337c299: receive RaftClientReply:client-0D308AD40832->3258574c-39ac-4ed5-9145-ea59a337c299@group-6C7D867BDA6A, cid=2778, SUCCESS, logIndex=3904, commits[3258574c-39ac-4ed5-9145-ea59a337c299:c3904]
2019-09-02 06:30:23,638 [grpc-default-executor-1] INFO  client.GrpcClientProtocolClient (GrpcClientProtocolClient.java:onNext(255)) - client-0D308AD40832->3258574c-39ac-4ed5-9145-ea59a337c299: receive RaftClientReply:client-0D308AD40832->3258574c-39ac-4ed5-9145-ea59a337c299@group-6C7D867BDA6A, cid=2779, SUCCESS, logIndex=3905, commits[3258574c-39ac-4ed5-9145-ea59a337c299:c3906]
2019-09-02 06:30:23,638 [grpc-default-executor-1] INFO  client.GrpcClientProtocolClient (GrpcClientProtocolClient.java:onNext(255)) - client-0D308AD40832->3258574c-39ac-4ed5-9145-ea59a337c299: receive RaftClientReply:client-0D308AD40832->3258574c-39ac-4ed5-9145-ea59a337c299@group-6C7D867BDA6A, cid=2780, SUCCESS, logIndex=3906, commits[3258574c-39ac-4ed5-9145-ea59a337c299:c3906]
2019-09-02 06:30:23,661 [grpc-default-executor-1] INFO  client.GrpcClientProtocolClient (GrpcClientProtocolClient.java:onNext(255)) - client-0D308AD40832->3258574c-39ac-4ed5-9145-ea59a337c299: receive RaftClientReply:client-0D308AD40832->3258574c-39ac-4ed5-9145-ea59a337c299@group-6C7D867BDA6A, cid=2781, SUCCESS, logIndex=3909, commits[3258574c-39ac-4ed5-9145-ea59a337c299:c3910]
2019-09-02 06:30:23,661 [grpc-default-executor-1] INFO  client.GrpcClientProtocolClient (GrpcClientProtocolClient.java:onNext(255)) - client-0D308AD40832->3258574c-39ac-4ed5-9145-ea59a337c299: receive RaftClientReply:client-0D308AD40832->3258574c-39ac-4ed5-9145-ea59a337c299@group-6C7D867BDA6A, cid=2782, SUCCESS, logIndex=3910, commits[3258574c-39ac-4ed5-9145-ea59a337c299:c3910]
2019-09-02 06:30:23,663 [grpc-default-executor-1] INFO  client.GrpcClientProtocolClient (GrpcClientProtocolClient.java:onNext(255)) - client-0D308AD40832->3258574c-39ac-4ed5-9145-ea59a337c299: receive RaftClientReply:client-0D308AD40832->3258574c-39ac-4ed5-9145-ea59a337c299@group-6C7D867BDA6A, cid=2783, SUCCESS, logIndex=3911, commits[3258574c-39ac-4ed5-9145-ea59a337c299:c3912]
2019-09-02 06:30:23,663 [grpc-default-executor-1] INFO  client.GrpcClientProtocolClient (GrpcClientProtocolClient.java:onNext(255)) - client-0D308AD40832->3258574c-39ac-4ed5-9145-ea59a337c299: receive RaftClientReply:client-0D308AD40832->3258574c-39ac-4ed5-9145-ea59a337c299@group-6C7D867BDA6A, cid=2784, SUCCESS, logIndex=3912, commits[3258574c-39ac-4ed5-9145-ea59a337c299:c3912]
2019-09-02 06:30:23,673 [SCMBlockDeletingService#1] DEBUG block.SCMBlockDeletingService (SCMBlockDeletingService.java:call(138)) - Running DeletedBlockTransactionScanner
2019-09-02 06:30:23,673 [SCMBlockDeletingService#1] DEBUG block.SCMBlockDeletingService (SCMBlockDeletingService.java:call(155)) - Scanned deleted blocks log and got 0 delTX to process.
2019-09-02 06:30:23,774 [SCMBlockDeletingService#1] DEBUG block.SCMBlockDeletingService (SCMBlockDeletingService.java:call(138)) - Running DeletedBlockTransactionScanner
2019-09-02 06:30:23,774 [SCMBlockDeletingService#1] DEBUG block.SCMBlockDeletingService (SCMBlockDeletingService.java:call(155)) - Scanned deleted blocks log and got 0 delTX to process.
2019-09-02 06:30:23,827 [grpc-default-executor-0] INFO  client.GrpcClientProtocolClient (GrpcClientProtocolClient.java:onNext(255)) - client-0D308AD40832->3258574c-39ac-4ed5-9145-ea59a337c299: receive RaftClientReply:client-0D308AD40832->3258574c-39ac-4ed5-9145-ea59a337c299@group-6C7D867BDA6A, cid=2785, SUCCESS, logIndex=3915, commits[3258574c-39ac-4ed5-9145-ea59a337c299:c3916]
2019-09-02 06:30:23,827 [grpc-default-executor-0] INFO  client.GrpcClientProtocolClient (GrpcClientProtocolClient.java:onNext(255)) - client-0D308AD40832->3258574c-39ac-4ed5-9145-ea59a337c299: receive RaftClientReply:client-0D308AD40832->3258574c-39ac-4ed5-9145-ea59a337c299@group-6C7D867BDA6A, cid=2786, SUCCESS, logIndex=3916, commits[3258574c-39ac-4ed5-9145-ea59a337c299:c3916]
2019-09-02 06:30:23,828 [grpc-default-executor-0] INFO  client.GrpcClientProtocolClient (GrpcClientProtocolClient.java:onNext(255)) - client-0D308AD40832->3258574c-39ac-4ed5-9145-ea59a337c299: receive RaftClientReply:client-0D308AD40832->3258574c-39ac-4ed5-9145-ea59a337c299@group-6C7D867BDA6A, cid=2787, SUCCESS, logIndex=3917, commits[3258574c-39ac-4ed5-9145-ea59a337c299:c3918]
2019-09-02 06:30:23,829 [grpc-default-executor-0] INFO  client.GrpcClientProtocolClient (GrpcClientProtocolClient.java:onNext(255)) - client-0D308AD40832->3258574c-39ac-4ed5-9145-ea59a337c299: receive RaftClientReply:client-0D308AD40832->3258574c-39ac-4ed5-9145-ea59a337c299@group-6C7D867BDA6A, cid=2788, SUCCESS, logIndex=3918, commits[3258574c-39ac-4ed5-9145-ea59a337c299:c3918]
2019-09-02 06:30:23,840 [grpc-default-executor-1] INFO  client.GrpcClientProtocolClient (GrpcClientProtocolClient.java:onNext(255)) - client-0D308AD40832->3258574c-39ac-4ed5-9145-ea59a337c299: receive RaftClientReply:client-0D308AD40832->3258574c-39ac-4ed5-9145-ea59a337c299@group-6C7D867BDA6A, cid=2789, SUCCESS, logIndex=3921, commits[3258574c-39ac-4ed5-9145-ea59a337c299:c3922]
2019-09-02 06:30:23,841 [grpc-default-executor-1] INFO  client.GrpcClientProtocolClient (GrpcClientProtocolClient.java:onNext(255)) - client-0D308AD40832->3258574c-39ac-4ed5-9145-ea59a337c299: receive RaftClientReply:client-0D308AD40832->3258574c-39ac-4ed5-9145-ea59a337c299@group-6C7D867BDA6A, cid=2790, SUCCESS, logIndex=3922, commits[3258574c-39ac-4ed5-9145-ea59a337c299:c3922]
2019-09-02 06:30:23,853 [grpc-default-executor-1] INFO  client.GrpcClientProtocolClient (GrpcClientProtocolClient.java:onNext(255)) - client-0D308AD40832->3258574c-39ac-4ed5-9145-ea59a337c299: receive RaftClientReply:client-0D308AD40832->3258574c-39ac-4ed5-9145-ea59a337c299@group-6C7D867BDA6A, cid=2791, SUCCESS, logIndex=3923, commits[3258574c-39ac-4ed5-9145-ea59a337c299:c3925]
2019-09-02 06:30:23,853 [grpc-default-executor-1] INFO  client.GrpcClientProtocolClient (GrpcClientProtocolClient.java:onNext(255)) - client-0D308AD40832->3258574c-39ac-4ed5-9145-ea59a337c299: receive RaftClientReply:client-0D308AD40832->3258574c-39ac-4ed5-9145-ea59a337c299@group-6C7D867BDA6A, cid=2792, SUCCESS, logIndex=3924, commits[3258574c-39ac-4ed5-9145-ea59a337c299:c3925]
2019-09-02 06:30:23,874 [SCMBlockDeletingService#1] DEBUG block.SCMBlockDeletingService (SCMBlockDeletingService.java:call(138)) - Running DeletedBlockTransactionScanner
2019-09-02 06:30:23,875 [SCMBlockDeletingService#1] DEBUG block.SCMBlockDeletingService (SCMBlockDeletingService.java:call(155)) - Scanned deleted blocks log and got 0 delTX to process.
2019-09-02 06:30:23,888 [grpc-default-executor-0] INFO  client.GrpcClientProtocolClient (GrpcClientProtocolClient.java:onNext(255)) - client-0D308AD40832->3258574c-39ac-4ed5-9145-ea59a337c299: receive RaftClientReply:client-0D308AD40832->3258574c-39ac-4ed5-9145-ea59a337c299@group-6C7D867BDA6A, cid=2793, SUCCESS, logIndex=3926, commits[3258574c-39ac-4ed5-9145-ea59a337c299:c3927]
2019-09-02 06:30:23,888 [grpc-default-executor-0] INFO  client.GrpcClientProtocolClient (GrpcClientProtocolClient.java:onNext(255)) - client-0D308AD40832->3258574c-39ac-4ed5-9145-ea59a337c299: receive RaftClientReply:client-0D308AD40832->3258574c-39ac-4ed5-9145-ea59a337c299@group-6C7D867BDA6A, cid=2794, SUCCESS, logIndex=3927, commits[3258574c-39ac-4ed5-9145-ea59a337c299:c3927]
2019-09-02 06:30:23,889 [grpc-default-executor-0] INFO  client.GrpcClientProtocolClient (GrpcClientProtocolClient.java:onNext(255)) - client-0D308AD40832->3258574c-39ac-4ed5-9145-ea59a337c299: receive RaftClientReply:client-0D308AD40832->3258574c-39ac-4ed5-9145-ea59a337c299@group-6C7D867BDA6A, cid=2795, SUCCESS, logIndex=3928, commits[3258574c-39ac-4ed5-9145-ea59a337c299:c3929]
2019-09-02 06:30:23,890 [grpc-default-executor-0] INFO  client.GrpcClientProtocolClient (GrpcClientProtocolClient.java:onNext(255)) - client-0D308AD40832->3258574c-39ac-4ed5-9145-ea59a337c299: receive RaftClientReply:client-0D308AD40832->3258574c-39ac-4ed5-9145-ea59a337c299@group-6C7D867BDA6A, cid=2796, SUCCESS, logIndex=3929, commits[3258574c-39ac-4ed5-9145-ea59a337c299:c3929]
2019-09-02 06:30:23,912 [grpc-default-executor-0] INFO  client.GrpcClientProtocolClient (GrpcClientProtocolClient.java:onNext(255)) - client-0D308AD40832->3258574c-39ac-4ed5-9145-ea59a337c299: receive RaftClientReply:client-0D308AD40832->3258574c-39ac-4ed5-9145-ea59a337c299@group-6C7D867BDA6A, cid=2797, SUCCESS, logIndex=3932, commits[3258574c-39ac-4ed5-9145-ea59a337c299:c3933]
2019-09-02 06:30:23,912 [grpc-default-executor-0] INFO  client.GrpcClientProtocolClient (GrpcClientProtocolClient.java:onNext(255)) - client-0D308AD40832->3258574c-39ac-4ed5-9145-ea59a337c299: receive RaftClientReply:client-0D308AD40832->3258574c-39ac-4ed5-9145-ea59a337c299@group-6C7D867BDA6A, cid=2798, SUCCESS, logIndex=3933, commits[3258574c-39ac-4ed5-9145-ea59a337c299:c3935]
2019-09-02 06:30:23,913 [grpc-default-executor-0] INFO  client.GrpcClientProtocolClient (GrpcClientProtocolClient.java:onNext(255)) - client-0D308AD40832->3258574c-39ac-4ed5-9145-ea59a337c299: receive RaftClientReply:client-0D308AD40832->3258574c-39ac-4ed5-9145-ea59a337c299@group-6C7D867BDA6A, cid=2799, SUCCESS, logIndex=3934, commits[3258574c-39ac-4ed5-9145-ea59a337c299:c3935]
2019-09-02 06:30:23,913 [grpc-default-executor-0] INFO  client.GrpcClientProtocolClient (GrpcClientProtocolClient.java:onNext(255)) - client-0D308AD40832->3258574c-39ac-4ed5-9145-ea59a337c299: receive RaftClientReply:client-0D308AD40832->3258574c-39ac-4ed5-9145-ea59a337c299@group-6C7D867BDA6A, cid=2800, SUCCESS, logIndex=3935, commits[3258574c-39ac-4ed5-9145-ea59a337c299:c3936]
2019-09-02 06:30:23,953 [grpc-default-executor-0] INFO  client.GrpcClientProtocolClient (GrpcClientProtocolClient.java:onNext(255)) - client-0D308AD40832->3258574c-39ac-4ed5-9145-ea59a337c299: receive RaftClientReply:client-0D308AD40832->3258574c-39ac-4ed5-9145-ea59a337c299@group-6C7D867BDA6A, cid=2801, SUCCESS, logIndex=3938, commits[3258574c-39ac-4ed5-9145-ea59a337c299:c3939]
2019-09-02 06:30:23,954 [grpc-default-executor-0] INFO  client.GrpcClientProtocolClient (GrpcClientProtocolClient.java:onNext(255)) - client-0D308AD40832->3258574c-39ac-4ed5-9145-ea59a337c299: receive RaftClientReply:client-0D308AD40832->3258574c-39ac-4ed5-9145-ea59a337c299@group-6C7D867BDA6A, cid=2802, SUCCESS, logIndex=3939, commits[3258574c-39ac-4ed5-9145-ea59a337c299:c3939]
2019-09-02 06:30:23,955 [grpc-default-executor-0] INFO  client.GrpcClientProtocolClient (GrpcClientProtocolClient.java:onNext(255)) - client-0D308AD40832->3258574c-39ac-4ed5-9145-ea59a337c299: receive RaftClientReply:client-0D308AD40832->3258574c-39ac-4ed5-9145-ea59a337c299@group-6C7D867BDA6A, cid=2803, SUCCESS, logIndex=3940, commits[3258574c-39ac-4ed5-9145-ea59a337c299:c3941]
2019-09-02 06:30:23,956 [grpc-default-executor-0] INFO  client.GrpcClientProtocolClient (GrpcClientProtocolClient.java:onNext(255)) - client-0D308AD40832->3258574c-39ac-4ed5-9145-ea59a337c299: receive RaftClientReply:client-0D308AD40832->3258574c-39ac-4ed5-9145-ea59a337c299@group-6C7D867BDA6A, cid=2804, SUCCESS, logIndex=3941, commits[3258574c-39ac-4ed5-9145-ea59a337c299:c3941]
2019-09-02 06:30:24,150 [SCMBlockDeletingService#1] DEBUG block.SCMBlockDeletingService (SCMBlockDeletingService.java:call(138)) - Running DeletedBlockTransactionScanner
2019-09-02 06:30:24,151 [SCMBlockDeletingService#1] DEBUG block.SCMBlockDeletingService (SCMBlockDeletingService.java:call(155)) - Scanned deleted blocks log and got 0 delTX to process.
2019-09-02 06:30:24,165 [grpc-default-executor-1] INFO  client.GrpcClientProtocolClient (GrpcClientProtocolClient.java:onNext(255)) - client-0D308AD40832->3258574c-39ac-4ed5-9145-ea59a337c299: receive RaftClientReply:client-0D308AD40832->3258574c-39ac-4ed5-9145-ea59a337c299@group-6C7D867BDA6A, cid=2805, SUCCESS, logIndex=3944, commits[3258574c-39ac-4ed5-9145-ea59a337c299:c3947]
2019-09-02 06:30:24,166 [grpc-default-executor-1] INFO  client.GrpcClientProtocolClient (GrpcClientProtocolClient.java:onNext(255)) - client-0D308AD40832->3258574c-39ac-4ed5-9145-ea59a337c299: receive RaftClientReply:client-0D308AD40832->3258574c-39ac-4ed5-9145-ea59a337c299@group-6C7D867BDA6A, cid=2806, SUCCESS, logIndex=3945, commits[3258574c-39ac-4ed5-9145-ea59a337c299:c3947]
2019-09-02 06:30:24,166 [grpc-default-executor-1] INFO  client.GrpcClientProtocolClient (GrpcClientProtocolClient.java:onNext(255)) - client-0D308AD40832->3258574c-39ac-4ed5-9145-ea59a337c299: receive RaftClientReply:client-0D308AD40832->3258574c-39ac-4ed5-9145-ea59a337c299@group-6C7D867BDA6A, cid=2807, SUCCESS, logIndex=3946, commits[3258574c-39ac-4ed5-9145-ea59a337c299:c3947]
2019-09-02 06:30:24,166 [grpc-default-executor-1] INFO  client.GrpcClientProtocolClient (GrpcClientProtocolClient.java:onNext(255)) - client-0D308AD40832->3258574c-39ac-4ed5-9145-ea59a337c299: receive RaftClientReply:client-0D308AD40832->3258574c-39ac-4ed5-9145-ea59a337c299@group-6C7D867BDA6A, cid=2808, SUCCESS, logIndex=3947, commits[3258574c-39ac-4ed5-9145-ea59a337c299:c3947]
2019-09-02 06:30:24,197 [grpc-default-executor-0] INFO  client.GrpcClientProtocolClient (GrpcClientProtocolClient.java:onNext(255)) - client-0D308AD40832->3258574c-39ac-4ed5-9145-ea59a337c299: receive RaftClientReply:client-0D308AD40832->3258574c-39ac-4ed5-9145-ea59a337c299@group-6C7D867BDA6A, cid=2809, SUCCESS, logIndex=3949, commits[3258574c-39ac-4ed5-9145-ea59a337c299:c3950]
2019-09-02 06:30:24,198 [grpc-default-executor-0] INFO  client.GrpcClientProtocolClient (GrpcClientProtocolClient.java:onNext(255)) - client-0D308AD40832->3258574c-39ac-4ed5-9145-ea59a337c299: receive RaftClientReply:client-0D308AD40832->3258574c-39ac-4ed5-9145-ea59a337c299@group-6C7D867BDA6A, cid=2810, SUCCESS, logIndex=3950, commits[3258574c-39ac-4ed5-9145-ea59a337c299:c3952]
2019-09-02 06:30:24,198 [grpc-default-executor-0] INFO  client.GrpcClientProtocolClient (GrpcClientProtocolClient.java:onNext(255)) - client-0D308AD40832->3258574c-39ac-4ed5-9145-ea59a337c299: receive RaftClientReply:client-0D308AD40832->3258574c-39ac-4ed5-9145-ea59a337c299@group-6C7D867BDA6A, cid=2811, SUCCESS, logIndex=3951, commits[3258574c-39ac-4ed5-9145-ea59a337c299:c3953]
2019-09-02 06:30:24,198 [grpc-default-executor-0] INFO  client.GrpcClientProtocolClient (GrpcClientProtocolClient.java:onNext(255)) - client-0D308AD40832->3258574c-39ac-4ed5-9145-ea59a337c299: receive RaftClientReply:client-0D308AD40832->3258574c-39ac-4ed5-9145-ea59a337c299@group-6C7D867BDA6A, cid=2812, SUCCESS, logIndex=3952, commits[3258574c-39ac-4ed5-9145-ea59a337c299:c3954]
2019-09-02 06:30:24,222 [grpc-default-executor-0] INFO  client.GrpcClientProtocolClient (GrpcClientProtocolClient.java:onNext(255)) - client-0D308AD40832->3258574c-39ac-4ed5-9145-ea59a337c299: receive RaftClientReply:client-0D308AD40832->3258574c-39ac-4ed5-9145-ea59a337c299@group-6C7D867BDA6A, cid=2813, SUCCESS, logIndex=3955, commits[3258574c-39ac-4ed5-9145-ea59a337c299:c3958]
2019-09-02 06:30:24,222 [grpc-default-executor-0] INFO  client.GrpcClientProtocolClient (GrpcClientProtocolClient.java:onNext(255)) - client-0D308AD40832->3258574c-39ac-4ed5-9145-ea59a337c299: receive RaftClientReply:client-0D308AD40832->3258574c-39ac-4ed5-9145-ea59a337c299@group-6C7D867BDA6A, cid=2814, SUCCESS, logIndex=3956, commits[3258574c-39ac-4ed5-9145-ea59a337c299:c3958]
2019-09-02 06:30:24,223 [grpc-default-executor-0] INFO  client.GrpcClientProtocolClient (GrpcClientProtocolClient.java:onNext(255)) - client-0D308AD40832->3258574c-39ac-4ed5-9145-ea59a337c299: receive RaftClientReply:client-0D308AD40832->3258574c-39ac-4ed5-9145-ea59a337c299@group-6C7D867BDA6A, cid=2815, SUCCESS, logIndex=3957, commits[3258574c-39ac-4ed5-9145-ea59a337c299:c3958]
2019-09-02 06:30:24,223 [grpc-default-executor-0] INFO  client.GrpcClientProtocolClient (GrpcClientProtocolClient.java:onNext(255)) - client-0D308AD40832->3258574c-39ac-4ed5-9145-ea59a337c299: receive RaftClientReply:client-0D308AD40832->3258574c-39ac-4ed5-9145-ea59a337c299@group-6C7D867BDA6A, cid=2816, SUCCESS, logIndex=3958, commits[3258574c-39ac-4ed5-9145-ea59a337c299:c3958]
2019-09-02 06:30:24,251 [SCMBlockDeletingService#0] DEBUG block.SCMBlockDeletingService (SCMBlockDeletingService.java:call(138)) - Running DeletedBlockTransactionScanner
2019-09-02 06:30:24,251 [SCMBlockDeletingService#0] DEBUG block.SCMBlockDeletingService (SCMBlockDeletingService.java:call(155)) - Scanned deleted blocks log and got 0 delTX to process.
2019-09-02 06:30:24,253 [grpc-default-executor-0] INFO  client.GrpcClientProtocolClient (GrpcClientProtocolClient.java:onNext(255)) - client-0D308AD40832->3258574c-39ac-4ed5-9145-ea59a337c299: receive RaftClientReply:client-0D308AD40832->3258574c-39ac-4ed5-9145-ea59a337c299@group-6C7D867BDA6A, cid=2817, SUCCESS, logIndex=3960, commits[3258574c-39ac-4ed5-9145-ea59a337c299:c3963]
2019-09-02 06:30:24,254 [grpc-default-executor-0] INFO  client.GrpcClientProtocolClient (GrpcClientProtocolClient.java:onNext(255)) - client-0D308AD40832->3258574c-39ac-4ed5-9145-ea59a337c299: receive RaftClientReply:client-0D308AD40832->3258574c-39ac-4ed5-9145-ea59a337c299@group-6C7D867BDA6A, cid=2818, SUCCESS, logIndex=3961, commits[3258574c-39ac-4ed5-9145-ea59a337c299:c3964]
2019-09-02 06:30:24,254 [grpc-default-executor-0] INFO  client.GrpcClientProtocolClient (GrpcClientProtocolClient.java:onNext(255)) - client-0D308AD40832->3258574c-39ac-4ed5-9145-ea59a337c299: receive RaftClientReply:client-0D308AD40832->3258574c-39ac-4ed5-9145-ea59a337c299@group-6C7D867BDA6A, cid=2819, SUCCESS, logIndex=3962, commits[3258574c-39ac-4ed5-9145-ea59a337c299:c3964]
2019-09-02 06:30:24,255 [grpc-default-executor-0] INFO  client.GrpcClientProtocolClient (GrpcClientProtocolClient.java:onNext(255)) - client-0D308AD40832->3258574c-39ac-4ed5-9145-ea59a337c299: receive RaftClientReply:client-0D308AD40832->3258574c-39ac-4ed5-9145-ea59a337c299@group-6C7D867BDA6A, cid=2820, SUCCESS, logIndex=3963, commits[3258574c-39ac-4ed5-9145-ea59a337c299:c3964]
2019-09-02 06:30:24,276 [grpc-default-executor-0] INFO  client.GrpcClientProtocolClient (GrpcClientProtocolClient.java:onNext(255)) - client-0D308AD40832->3258574c-39ac-4ed5-9145-ea59a337c299: receive RaftClientReply:client-0D308AD40832->3258574c-39ac-4ed5-9145-ea59a337c299@group-6C7D867BDA6A, cid=2821, SUCCESS, logIndex=3965, commits[3258574c-39ac-4ed5-9145-ea59a337c299:c3968]
2019-09-02 06:30:24,276 [grpc-default-executor-0] INFO  client.GrpcClientProtocolClient (GrpcClientProtocolClient.java:onNext(255)) - client-0D308AD40832->3258574c-39ac-4ed5-9145-ea59a337c299: receive RaftClientReply:client-0D308AD40832->3258574c-39ac-4ed5-9145-ea59a337c299@group-6C7D867BDA6A, cid=2822, SUCCESS, logIndex=3966, commits[3258574c-39ac-4ed5-9145-ea59a337c299:c3968]
2019-09-02 06:30:24,276 [grpc-default-executor-0] INFO  client.GrpcClientProtocolClient (GrpcClientProtocolClient.java:onNext(255)) - client-0D308AD40832->3258574c-39ac-4ed5-9145-ea59a337c299: receive RaftClientReply:client-0D308AD40832->3258574c-39ac-4ed5-9145-ea59a337c299@group-6C7D867BDA6A, cid=2823, SUCCESS, logIndex=3967, commits[3258574c-39ac-4ed5-9145-ea59a337c299:c3969]
2019-09-02 06:30:24,277 [grpc-default-executor-0] INFO  client.GrpcClientProtocolClient (GrpcClientProtocolClient.java:onNext(255)) - client-0D308AD40832->3258574c-39ac-4ed5-9145-ea59a337c299: receive RaftClientReply:client-0D308AD40832->3258574c-39ac-4ed5-9145-ea59a337c299@group-6C7D867BDA6A, cid=2824, SUCCESS, logIndex=3968, commits[3258574c-39ac-4ed5-9145-ea59a337c299:c3969]
2019-09-02 06:30:24,303 [grpc-default-executor-1] INFO  client.GrpcClientProtocolClient (GrpcClientProtocolClient.java:onNext(255)) - client-0D308AD40832->3258574c-39ac-4ed5-9145-ea59a337c299: receive RaftClientReply:client-0D308AD40832->3258574c-39ac-4ed5-9145-ea59a337c299@group-6C7D867BDA6A, cid=2825, SUCCESS, logIndex=3970, commits[3258574c-39ac-4ed5-9145-ea59a337c299:c3971]
2019-09-02 06:30:24,303 [grpc-default-executor-1] INFO  client.GrpcClientProtocolClient (GrpcClientProtocolClient.java:onNext(255)) - client-0D308AD40832->3258574c-39ac-4ed5-9145-ea59a337c299: receive RaftClientReply:client-0D308AD40832->3258574c-39ac-4ed5-9145-ea59a337c299@group-6C7D867BDA6A, cid=2826, SUCCESS, logIndex=3971, commits[3258574c-39ac-4ed5-9145-ea59a337c299:c3973]
2019-09-02 06:30:24,303 [grpc-default-executor-1] INFO  client.GrpcClientProtocolClient (GrpcClientProtocolClient.java:onNext(255)) - client-0D308AD40832->3258574c-39ac-4ed5-9145-ea59a337c299: receive RaftClientReply:client-0D308AD40832->3258574c-39ac-4ed5-9145-ea59a337c299@group-6C7D867BDA6A, cid=2827, SUCCESS, logIndex=3972, commits[3258574c-39ac-4ed5-9145-ea59a337c299:c3974]
2019-09-02 06:30:24,303 [grpc-default-executor-1] INFO  client.GrpcClientProtocolClient (GrpcClientProtocolClient.java:onNext(255)) - client-0D308AD40832->3258574c-39ac-4ed5-9145-ea59a337c299: receive RaftClientReply:client-0D308AD40832->3258574c-39ac-4ed5-9145-ea59a337c299@group-6C7D867BDA6A, cid=2828, SUCCESS, logIndex=3973, commits[3258574c-39ac-4ed5-9145-ea59a337c299:c3974]
2019-09-02 06:30:24,352 [SCMBlockDeletingService#0] DEBUG block.SCMBlockDeletingService (SCMBlockDeletingService.java:call(138)) - Running DeletedBlockTransactionScanner
2019-09-02 06:30:24,352 [SCMBlockDeletingService#0] DEBUG block.SCMBlockDeletingService (SCMBlockDeletingService.java:call(155)) - Scanned deleted blocks log and got 0 delTX to process.
2019-09-02 06:30:24,426 [grpc-default-executor-1] INFO  client.GrpcClientProtocolClient (GrpcClientProtocolClient.java:onNext(255)) - client-0D308AD40832->3258574c-39ac-4ed5-9145-ea59a337c299: receive RaftClientReply:client-0D308AD40832->3258574c-39ac-4ed5-9145-ea59a337c299@group-6C7D867BDA6A, cid=2829, SUCCESS, logIndex=3976, commits[3258574c-39ac-4ed5-9145-ea59a337c299:c3979]
2019-09-02 06:30:24,427 [grpc-default-executor-1] INFO  client.GrpcClientProtocolClient (GrpcClientProtocolClient.java:onNext(255)) - client-0D308AD40832->3258574c-39ac-4ed5-9145-ea59a337c299: receive RaftClientReply:client-0D308AD40832->3258574c-39ac-4ed5-9145-ea59a337c299@group-6C7D867BDA6A, cid=2830, SUCCESS, logIndex=3977, commits[3258574c-39ac-4ed5-9145-ea59a337c299:c3980]
2019-09-02 06:30:24,427 [grpc-default-executor-1] INFO  client.GrpcClientProtocolClient (GrpcClientProtocolClient.java:onNext(255)) - client-0D308AD40832->3258574c-39ac-4ed5-9145-ea59a337c299: receive RaftClientReply:client-0D308AD40832->3258574c-39ac-4ed5-9145-ea59a337c299@group-6C7D867BDA6A, cid=2831, SUCCESS, logIndex=3978, commits[3258574c-39ac-4ed5-9145-ea59a337c299:c3980]
2019-09-02 06:30:24,428 [grpc-default-executor-1] INFO  client.GrpcClientProtocolClient (GrpcClientProtocolClient.java:onNext(255)) - client-0D308AD40832->3258574c-39ac-4ed5-9145-ea59a337c299: receive RaftClientReply:client-0D308AD40832->3258574c-39ac-4ed5-9145-ea59a337c299@group-6C7D867BDA6A, cid=2832, SUCCESS, logIndex=3979, commits[3258574c-39ac-4ed5-9145-ea59a337c299:c3980]
2019-09-02 06:30:24,452 [SCMBlockDeletingService#0] DEBUG block.SCMBlockDeletingService (SCMBlockDeletingService.java:call(138)) - Running DeletedBlockTransactionScanner
2019-09-02 06:30:24,453 [SCMBlockDeletingService#0] DEBUG block.SCMBlockDeletingService (SCMBlockDeletingService.java:call(155)) - Scanned deleted blocks log and got 0 delTX to process.
2019-09-02 06:30:24,459 [grpc-default-executor-0] INFO  client.GrpcClientProtocolClient (GrpcClientProtocolClient.java:onNext(255)) - client-0D308AD40832->3258574c-39ac-4ed5-9145-ea59a337c299: receive RaftClientReply:client-0D308AD40832->3258574c-39ac-4ed5-9145-ea59a337c299@group-6C7D867BDA6A, cid=2833, SUCCESS, logIndex=3981, commits[3258574c-39ac-4ed5-9145-ea59a337c299:c3984]
2019-09-02 06:30:24,459 [grpc-default-executor-0] INFO  client.GrpcClientProtocolClient (GrpcClientProtocolClient.java:onNext(255)) - client-0D308AD40832->3258574c-39ac-4ed5-9145-ea59a337c299: receive RaftClientReply:client-0D308AD40832->3258574c-39ac-4ed5-9145-ea59a337c299@group-6C7D867BDA6A, cid=2834, SUCCESS, logIndex=3982, commits[3258574c-39ac-4ed5-9145-ea59a337c299:c3984]
2019-09-02 06:30:24,459 [grpc-default-executor-0] INFO  client.GrpcClientProtocolClient (GrpcClientProtocolClient.java:onNext(255)) - client-0D308AD40832->3258574c-39ac-4ed5-9145-ea59a337c299: receive RaftClientReply:client-0D308AD40832->3258574c-39ac-4ed5-9145-ea59a337c299@group-6C7D867BDA6A, cid=2835, SUCCESS, logIndex=3983, commits[3258574c-39ac-4ed5-9145-ea59a337c299:c3984]
2019-09-02 06:30:24,460 [grpc-default-executor-0] INFO  client.GrpcClientProtocolClient (GrpcClientProtocolClient.java:onNext(255)) - client-0D308AD40832->3258574c-39ac-4ed5-9145-ea59a337c299: receive RaftClientReply:client-0D308AD40832->3258574c-39ac-4ed5-9145-ea59a337c299@group-6C7D867BDA6A, cid=2836, SUCCESS, logIndex=3984, commits[3258574c-39ac-4ed5-9145-ea59a337c299:c3984]
2019-09-02 06:30:24,470 [grpc-default-executor-0] INFO  client.GrpcClientProtocolClient (GrpcClientProtocolClient.java:onNext(255)) - client-0D308AD40832->3258574c-39ac-4ed5-9145-ea59a337c299: receive RaftClientReply:client-0D308AD40832->3258574c-39ac-4ed5-9145-ea59a337c299@group-6C7D867BDA6A, cid=2837, SUCCESS, logIndex=3986, commits[3258574c-39ac-4ed5-9145-ea59a337c299:c3989]
2019-09-02 06:30:24,471 [grpc-default-executor-0] INFO  client.GrpcClientProtocolClient (GrpcClientProtocolClient.java:onNext(255)) - client-0D308AD40832->3258574c-39ac-4ed5-9145-ea59a337c299: receive RaftClientReply:client-0D308AD40832->3258574c-39ac-4ed5-9145-ea59a337c299@group-6C7D867BDA6A, cid=2838, SUCCESS, logIndex=3987, commits[3258574c-39ac-4ed5-9145-ea59a337c299:c3990]
2019-09-02 06:30:24,471 [grpc-default-executor-0] INFO  client.GrpcClientProtocolClient (GrpcClientProtocolClient.java:onNext(255)) - client-0D308AD40832->3258574c-39ac-4ed5-9145-ea59a337c299: receive RaftClientReply:client-0D308AD40832->3258574c-39ac-4ed5-9145-ea59a337c299@group-6C7D867BDA6A, cid=2839, SUCCESS, logIndex=3988, commits[3258574c-39ac-4ed5-9145-ea59a337c299:c3990]
2019-09-02 06:30:24,471 [grpc-default-executor-0] INFO  client.GrpcClientProtocolClient (GrpcClientProtocolClient.java:onNext(255)) - client-0D308AD40832->3258574c-39ac-4ed5-9145-ea59a337c299: receive RaftClientReply:client-0D308AD40832->3258574c-39ac-4ed5-9145-ea59a337c299@group-6C7D867BDA6A, cid=2840, SUCCESS, logIndex=3989, commits[3258574c-39ac-4ed5-9145-ea59a337c299:c3990]
2019-09-02 06:30:24,499 [grpc-default-executor-0] INFO  client.GrpcClientProtocolClient (GrpcClientProtocolClient.java:onNext(255)) - client-0D308AD40832->3258574c-39ac-4ed5-9145-ea59a337c299: receive RaftClientReply:client-0D308AD40832->3258574c-39ac-4ed5-9145-ea59a337c299@group-6C7D867BDA6A, cid=2841, SUCCESS, logIndex=3991, commits[3258574c-39ac-4ed5-9145-ea59a337c299:c3994]
2019-09-02 06:30:24,500 [grpc-default-executor-0] INFO  client.GrpcClientProtocolClient (GrpcClientProtocolClient.java:onNext(255)) - client-0D308AD40832->3258574c-39ac-4ed5-9145-ea59a337c299: receive RaftClientReply:client-0D308AD40832->3258574c-39ac-4ed5-9145-ea59a337c299@group-6C7D867BDA6A, cid=2842, SUCCESS, logIndex=3992, commits[3258574c-39ac-4ed5-9145-ea59a337c299:c3995]
2019-09-02 06:30:24,500 [grpc-default-executor-0] INFO  client.GrpcClientProtocolClient (GrpcClientProtocolClient.java:onNext(255)) - client-0D308AD40832->3258574c-39ac-4ed5-9145-ea59a337c299: receive RaftClientReply:client-0D308AD40832->3258574c-39ac-4ed5-9145-ea59a337c299@group-6C7D867BDA6A, cid=2843, SUCCESS, logIndex=3993, commits[3258574c-39ac-4ed5-9145-ea59a337c299:c3995]
2019-09-02 06:30:24,501 [grpc-default-executor-0] INFO  client.GrpcClientProtocolClient (GrpcClientProtocolClient.java:onNext(255)) - client-0D308AD40832->3258574c-39ac-4ed5-9145-ea59a337c299: receive RaftClientReply:client-0D308AD40832->3258574c-39ac-4ed5-9145-ea59a337c299@group-6C7D867BDA6A, cid=2844, SUCCESS, logIndex=3994, commits[3258574c-39ac-4ed5-9145-ea59a337c299:c3995]
2019-09-02 06:30:24,521 [grpc-default-executor-0] INFO  client.GrpcClientProtocolClient (GrpcClientProtocolClient.java:onNext(255)) - client-0D308AD40832->3258574c-39ac-4ed5-9145-ea59a337c299: receive RaftClientReply:client-0D308AD40832->3258574c-39ac-4ed5-9145-ea59a337c299@group-6C7D867BDA6A, cid=2845, SUCCESS, logIndex=3996, commits[3258574c-39ac-4ed5-9145-ea59a337c299:c3999]
2019-09-02 06:30:24,522 [grpc-default-executor-0] INFO  client.GrpcClientProtocolClient (GrpcClientProtocolClient.java:onNext(255)) - client-0D308AD40832->3258574c-39ac-4ed5-9145-ea59a337c299: receive RaftClientReply:client-0D308AD40832->3258574c-39ac-4ed5-9145-ea59a337c299@group-6C7D867BDA6A, cid=2846, SUCCESS, logIndex=3997, commits[3258574c-39ac-4ed5-9145-ea59a337c299:c3999]
2019-09-02 06:30:24,522 [grpc-default-executor-0] INFO  client.GrpcClientProtocolClient (GrpcClientProtocolClient.java:onNext(255)) - client-0D308AD40832->3258574c-39ac-4ed5-9145-ea59a337c299: receive RaftClientReply:client-0D308AD40832->3258574c-39ac-4ed5-9145-ea59a337c299@group-6C7D867BDA6A, cid=2847, SUCCESS, logIndex=3998, commits[3258574c-39ac-4ed5-9145-ea59a337c299:c3999]
2019-09-02 06:30:24,522 [grpc-default-executor-0] INFO  client.GrpcClientProtocolClient (GrpcClientProtocolClient.java:onNext(255)) - client-0D308AD40832->3258574c-39ac-4ed5-9145-ea59a337c299: receive RaftClientReply:client-0D308AD40832->3258574c-39ac-4ed5-9145-ea59a337c299@group-6C7D867BDA6A, cid=2848, SUCCESS, logIndex=3999, commits[3258574c-39ac-4ed5-9145-ea59a337c299:c3999]
2019-09-02 06:30:24,553 [grpc-default-executor-0] INFO  client.GrpcClientProtocolClient (GrpcClientProtocolClient.java:onNext(255)) - client-0D308AD40832->3258574c-39ac-4ed5-9145-ea59a337c299: receive RaftClientReply:client-0D308AD40832->3258574c-39ac-4ed5-9145-ea59a337c299@group-6C7D867BDA6A, cid=2849, SUCCESS, logIndex=4001, commits[3258574c-39ac-4ed5-9145-ea59a337c299:c4004]
2019-09-02 06:30:24,553 [SCMBlockDeletingService#0] DEBUG block.SCMBlockDeletingService (SCMBlockDeletingService.java:call(138)) - Running DeletedBlockTransactionScanner
2019-09-02 06:30:24,553 [SCMBlockDeletingService#0] DEBUG block.SCMBlockDeletingService (SCMBlockDeletingService.java:call(155)) - Scanned deleted blocks log and got 0 delTX to process.
2019-09-02 06:30:24,553 [grpc-default-executor-0] INFO  client.GrpcClientProtocolClient (GrpcClientProtocolClient.java:onNext(255)) - client-0D308AD40832->3258574c-39ac-4ed5-9145-ea59a337c299: receive RaftClientReply:client-0D308AD40832->3258574c-39ac-4ed5-9145-ea59a337c299@group-6C7D867BDA6A, cid=2850, SUCCESS, logIndex=4002, commits[3258574c-39ac-4ed5-9145-ea59a337c299:c4004]
2019-09-02 06:30:24,554 [grpc-default-executor-0] INFO  client.GrpcClientProtocolClient (GrpcClientProtocolClient.java:onNext(255)) - client-0D308AD40832->3258574c-39ac-4ed5-9145-ea59a337c299: receive RaftClientReply:client-0D308AD40832->3258574c-39ac-4ed5-9145-ea59a337c299@group-6C7D867BDA6A, cid=2851, SUCCESS, logIndex=4003, commits[3258574c-39ac-4ed5-9145-ea59a337c299:c4004]
2019-09-02 06:30:24,554 [grpc-default-executor-0] INFO  client.GrpcClientProtocolClient (GrpcClientProtocolClient.java:onNext(255)) - client-0D308AD40832->3258574c-39ac-4ed5-9145-ea59a337c299: receive RaftClientReply:client-0D308AD40832->3258574c-39ac-4ed5-9145-ea59a337c299@group-6C7D867BDA6A, cid=2852, SUCCESS, logIndex=4004, commits[3258574c-39ac-4ed5-9145-ea59a337c299:c4004]
2019-09-02 06:30:24,573 [grpc-default-executor-0] INFO  client.GrpcClientProtocolClient (GrpcClientProtocolClient.java:onNext(255)) - client-0D308AD40832->3258574c-39ac-4ed5-9145-ea59a337c299: receive RaftClientReply:client-0D308AD40832->3258574c-39ac-4ed5-9145-ea59a337c299@group-6C7D867BDA6A, cid=2853, SUCCESS, logIndex=4006, commits[3258574c-39ac-4ed5-9145-ea59a337c299:c4009]
2019-09-02 06:30:24,573 [grpc-default-executor-0] INFO  client.GrpcClientProtocolClient (GrpcClientProtocolClient.java:onNext(255)) - client-0D308AD40832->3258574c-39ac-4ed5-9145-ea59a337c299: receive RaftClientReply:client-0D308AD40832->3258574c-39ac-4ed5-9145-ea59a337c299@group-6C7D867BDA6A, cid=2854, SUCCESS, logIndex=4007, commits[3258574c-39ac-4ed5-9145-ea59a337c299:c4010]
2019-09-02 06:30:24,573 [grpc-default-executor-0] INFO  client.GrpcClientProtocolClient (GrpcClientProtocolClient.java:onNext(255)) - client-0D308AD40832->3258574c-39ac-4ed5-9145-ea59a337c299: receive RaftClientReply:client-0D308AD40832->3258574c-39ac-4ed5-9145-ea59a337c299@group-6C7D867BDA6A, cid=2855, SUCCESS, logIndex=4008, commits[3258574c-39ac-4ed5-9145-ea59a337c299:c4010]
2019-09-02 06:30:24,574 [grpc-default-executor-0] INFO  client.GrpcClientProtocolClient (GrpcClientProtocolClient.java:onNext(255)) - client-0D308AD40832->3258574c-39ac-4ed5-9145-ea59a337c299: receive RaftClientReply:client-0D308AD40832->3258574c-39ac-4ed5-9145-ea59a337c299@group-6C7D867BDA6A, cid=2856, SUCCESS, logIndex=4009, commits[3258574c-39ac-4ed5-9145-ea59a337c299:c4010]
2019-09-02 06:30:24,602 [grpc-default-executor-1] INFO  client.GrpcClientProtocolClient (GrpcClientProtocolClient.java:onNext(255)) - client-0D308AD40832->3258574c-39ac-4ed5-9145-ea59a337c299: receive RaftClientReply:client-0D308AD40832->3258574c-39ac-4ed5-9145-ea59a337c299@group-6C7D867BDA6A, cid=2857, SUCCESS, logIndex=4011, commits[3258574c-39ac-4ed5-9145-ea59a337c299:c4014]
2019-09-02 06:30:24,602 [grpc-default-executor-1] INFO  client.GrpcClientProtocolClient (GrpcClientProtocolClient.java:onNext(255)) - client-0D308AD40832->3258574c-39ac-4ed5-9145-ea59a337c299: receive RaftClientReply:client-0D308AD40832->3258574c-39ac-4ed5-9145-ea59a337c299@group-6C7D867BDA6A, cid=2858, SUCCESS, logIndex=4012, commits[3258574c-39ac-4ed5-9145-ea59a337c299:c4015]
2019-09-02 06:30:24,603 [grpc-default-executor-1] INFO  client.GrpcClientProtocolClient (GrpcClientProtocolClient.java:onNext(255)) - client-0D308AD40832->3258574c-39ac-4ed5-9145-ea59a337c299: receive RaftClientReply:client-0D308AD40832->3258574c-39ac-4ed5-9145-ea59a337c299@group-6C7D867BDA6A, cid=2859, SUCCESS, logIndex=4013, commits[3258574c-39ac-4ed5-9145-ea59a337c299:c4015]
2019-09-02 06:30:24,603 [grpc-default-executor-1] INFO  client.GrpcClientProtocolClient (GrpcClientProtocolClient.java:onNext(255)) - client-0D308AD40832->3258574c-39ac-4ed5-9145-ea59a337c299: receive RaftClientReply:client-0D308AD40832->3258574c-39ac-4ed5-9145-ea59a337c299@group-6C7D867BDA6A, cid=2860, SUCCESS, logIndex=4014, commits[3258574c-39ac-4ed5-9145-ea59a337c299:c4015]
2019-09-02 06:30:24,623 [grpc-default-executor-0] INFO  client.GrpcClientProtocolClient (GrpcClientProtocolClient.java:onNext(255)) - client-0D308AD40832->3258574c-39ac-4ed5-9145-ea59a337c299: receive RaftClientReply:client-0D308AD40832->3258574c-39ac-4ed5-9145-ea59a337c299@group-6C7D867BDA6A, cid=2861, SUCCESS, logIndex=4016, commits[3258574c-39ac-4ed5-9145-ea59a337c299:c4019]
2019-09-02 06:30:24,624 [grpc-default-executor-0] INFO  client.GrpcClientProtocolClient (GrpcClientProtocolClient.java:onNext(255)) - client-0D308AD40832->3258574c-39ac-4ed5-9145-ea59a337c299: receive RaftClientReply:client-0D308AD40832->3258574c-39ac-4ed5-9145-ea59a337c299@group-6C7D867BDA6A, cid=2862, SUCCESS, logIndex=4017, commits[3258574c-39ac-4ed5-9145-ea59a337c299:c4020]
2019-09-02 06:30:24,624 [grpc-default-executor-0] INFO  client.GrpcClientProtocolClient (GrpcClientProtocolClient.java:onNext(255)) - client-0D308AD40832->3258574c-39ac-4ed5-9145-ea59a337c299: receive RaftClientReply:client-0D308AD40832->3258574c-39ac-4ed5-9145-ea59a337c299@group-6C7D867BDA6A, cid=2863, SUCCESS, logIndex=4018, commits[3258574c-39ac-4ed5-9145-ea59a337c299:c4020]
2019-09-02 06:30:24,624 [grpc-default-executor-0] INFO  client.GrpcClientProtocolClient (GrpcClientProtocolClient.java:onNext(255)) - client-0D308AD40832->3258574c-39ac-4ed5-9145-ea59a337c299: receive RaftClientReply:client-0D308AD40832->3258574c-39ac-4ed5-9145-ea59a337c299@group-6C7D867BDA6A, cid=2864, SUCCESS, logIndex=4019, commits[3258574c-39ac-4ed5-9145-ea59a337c299:c4020]
2019-09-02 06:30:24,651 [grpc-default-executor-0] INFO  client.GrpcClientProtocolClient (GrpcClientProtocolClient.java:onNext(255)) - client-0D308AD40832->3258574c-39ac-4ed5-9145-ea59a337c299: receive RaftClientReply:client-0D308AD40832->3258574c-39ac-4ed5-9145-ea59a337c299@group-6C7D867BDA6A, cid=2865, SUCCESS, logIndex=4021, commits[3258574c-39ac-4ed5-9145-ea59a337c299:c4024]
2019-09-02 06:30:24,652 [grpc-default-executor-0] INFO  client.GrpcClientProtocolClient (GrpcClientProtocolClient.java:onNext(255)) - client-0D308AD40832->3258574c-39ac-4ed5-9145-ea59a337c299: receive RaftClientReply:client-0D308AD40832->3258574c-39ac-4ed5-9145-ea59a337c299@group-6C7D867BDA6A, cid=2866, SUCCESS, logIndex=4022, commits[3258574c-39ac-4ed5-9145-ea59a337c299:c4024]
2019-09-02 06:30:24,652 [grpc-default-executor-0] INFO  client.GrpcClientProtocolClient (GrpcClientProtocolClient.java:onNext(255)) - client-0D308AD40832->3258574c-39ac-4ed5-9145-ea59a337c299: receive RaftClientReply:client-0D308AD40832->3258574c-39ac-4ed5-9145-ea59a337c299@group-6C7D867BDA6A, cid=2867, SUCCESS, logIndex=4023, commits[3258574c-39ac-4ed5-9145-ea59a337c299:c4024]
2019-09-02 06:30:24,652 [grpc-default-executor-0] INFO  client.GrpcClientProtocolClient (GrpcClientProtocolClient.java:onNext(255)) - client-0D308AD40832->3258574c-39ac-4ed5-9145-ea59a337c299: receive RaftClientReply:client-0D308AD40832->3258574c-39ac-4ed5-9145-ea59a337c299@group-6C7D867BDA6A, cid=2868, SUCCESS, logIndex=4024, commits[3258574c-39ac-4ed5-9145-ea59a337c299:c4024]
2019-09-02 06:30:24,653 [SCMBlockDeletingService#0] DEBUG block.SCMBlockDeletingService (SCMBlockDeletingService.java:call(138)) - Running DeletedBlockTransactionScanner
2019-09-02 06:30:24,654 [SCMBlockDeletingService#0] DEBUG block.SCMBlockDeletingService (SCMBlockDeletingService.java:call(155)) - Scanned deleted blocks log and got 0 delTX to process.
2019-09-02 06:30:24,671 [grpc-default-executor-0] INFO  client.GrpcClientProtocolClient (GrpcClientProtocolClient.java:onNext(255)) - client-0D308AD40832->3258574c-39ac-4ed5-9145-ea59a337c299: receive RaftClientReply:client-0D308AD40832->3258574c-39ac-4ed5-9145-ea59a337c299@group-6C7D867BDA6A, cid=2869, SUCCESS, logIndex=4026, commits[3258574c-39ac-4ed5-9145-ea59a337c299:c4027]
2019-09-02 06:30:24,672 [grpc-default-executor-0] INFO  client.GrpcClientProtocolClient (GrpcClientProtocolClient.java:onNext(255)) - client-0D308AD40832->3258574c-39ac-4ed5-9145-ea59a337c299: receive RaftClientReply:client-0D308AD40832->3258574c-39ac-4ed5-9145-ea59a337c299@group-6C7D867BDA6A, cid=2870, SUCCESS, logIndex=4027, commits[3258574c-39ac-4ed5-9145-ea59a337c299:c4027]
2019-09-02 06:30:24,674 [grpc-default-executor-0] INFO  client.GrpcClientProtocolClient (GrpcClientProtocolClient.java:onNext(255)) - client-0D308AD40832->3258574c-39ac-4ed5-9145-ea59a337c299: receive RaftClientReply:client-0D308AD40832->3258574c-39ac-4ed5-9145-ea59a337c299@group-6C7D867BDA6A, cid=2871, SUCCESS, logIndex=4028, commits[3258574c-39ac-4ed5-9145-ea59a337c299:c4030]
2019-09-02 06:30:24,675 [grpc-default-executor-0] INFO  client.GrpcClientProtocolClient (GrpcClientProtocolClient.java:onNext(255)) - client-0D308AD40832->3258574c-39ac-4ed5-9145-ea59a337c299: receive RaftClientReply:client-0D308AD40832->3258574c-39ac-4ed5-9145-ea59a337c299@group-6C7D867BDA6A, cid=2872, SUCCESS, logIndex=4029, commits[3258574c-39ac-4ed5-9145-ea59a337c299:c4030]
2019-09-02 06:30:24,754 [SCMBlockDeletingService#0] DEBUG block.SCMBlockDeletingService (SCMBlockDeletingService.java:call(138)) - Running DeletedBlockTransactionScanner
2019-09-02 06:30:24,754 [SCMBlockDeletingService#0] DEBUG block.SCMBlockDeletingService (SCMBlockDeletingService.java:call(155)) - Scanned deleted blocks log and got 0 delTX to process.
2019-09-02 06:30:24,798 [grpc-default-executor-0] INFO  client.GrpcClientProtocolClient (GrpcClientProtocolClient.java:onNext(255)) - client-0D308AD40832->3258574c-39ac-4ed5-9145-ea59a337c299: receive RaftClientReply:client-0D308AD40832->3258574c-39ac-4ed5-9145-ea59a337c299@group-6C7D867BDA6A, cid=2873, SUCCESS, logIndex=4031, commits[3258574c-39ac-4ed5-9145-ea59a337c299:c4034]
2019-09-02 06:30:24,799 [grpc-default-executor-0] INFO  client.GrpcClientProtocolClient (GrpcClientProtocolClient.java:onNext(255)) - client-0D308AD40832->3258574c-39ac-4ed5-9145-ea59a337c299: receive RaftClientReply:client-0D308AD40832->3258574c-39ac-4ed5-9145-ea59a337c299@group-6C7D867BDA6A, cid=2874, SUCCESS, logIndex=4032, commits[3258574c-39ac-4ed5-9145-ea59a337c299:c4035]
2019-09-02 06:30:24,799 [grpc-default-executor-0] INFO  client.GrpcClientProtocolClient (GrpcClientProtocolClient.java:onNext(255)) - client-0D308AD40832->3258574c-39ac-4ed5-9145-ea59a337c299: receive RaftClientReply:client-0D308AD40832->3258574c-39ac-4ed5-9145-ea59a337c299@group-6C7D867BDA6A, cid=2875, SUCCESS, logIndex=4033, commits[3258574c-39ac-4ed5-9145-ea59a337c299:c4035]
2019-09-02 06:30:24,799 [grpc-default-executor-0] INFO  client.GrpcClientProtocolClient (GrpcClientProtocolClient.java:onNext(255)) - client-0D308AD40832->3258574c-39ac-4ed5-9145-ea59a337c299: receive RaftClientReply:client-0D308AD40832->3258574c-39ac-4ed5-9145-ea59a337c299@group-6C7D867BDA6A, cid=2876, SUCCESS, logIndex=4034, commits[3258574c-39ac-4ed5-9145-ea59a337c299:c4036]
2019-09-02 06:30:24,827 [grpc-default-executor-0] INFO  client.GrpcClientProtocolClient (GrpcClientProtocolClient.java:onNext(255)) - client-0D308AD40832->3258574c-39ac-4ed5-9145-ea59a337c299: receive RaftClientReply:client-0D308AD40832->3258574c-39ac-4ed5-9145-ea59a337c299@group-6C7D867BDA6A, cid=2877, SUCCESS, logIndex=4037, commits[3258574c-39ac-4ed5-9145-ea59a337c299:c4038]
2019-09-02 06:30:24,827 [grpc-default-executor-0] INFO  client.GrpcClientProtocolClient (GrpcClientProtocolClient.java:onNext(255)) - client-0D308AD40832->3258574c-39ac-4ed5-9145-ea59a337c299: receive RaftClientReply:client-0D308AD40832->3258574c-39ac-4ed5-9145-ea59a337c299@group-6C7D867BDA6A, cid=2878, SUCCESS, logIndex=4038, commits[3258574c-39ac-4ed5-9145-ea59a337c299:c4040]
2019-09-02 06:30:24,828 [grpc-default-executor-0] INFO  client.GrpcClientProtocolClient (GrpcClientProtocolClient.java:onNext(255)) - client-0D308AD40832->3258574c-39ac-4ed5-9145-ea59a337c299: receive RaftClientReply:client-0D308AD40832->3258574c-39ac-4ed5-9145-ea59a337c299@group-6C7D867BDA6A, cid=2879, SUCCESS, logIndex=4039, commits[3258574c-39ac-4ed5-9145-ea59a337c299:c4041]
2019-09-02 06:30:24,828 [grpc-default-executor-0] INFO  client.GrpcClientProtocolClient (GrpcClientProtocolClient.java:onNext(255)) - client-0D308AD40832->3258574c-39ac-4ed5-9145-ea59a337c299: receive RaftClientReply:client-0D308AD40832->3258574c-39ac-4ed5-9145-ea59a337c299@group-6C7D867BDA6A, cid=2880, SUCCESS, logIndex=4040, commits[3258574c-39ac-4ed5-9145-ea59a337c299:c4041]
2019-09-02 06:30:24,855 [SCMBlockDeletingService#0] DEBUG block.SCMBlockDeletingService (SCMBlockDeletingService.java:call(138)) - Running DeletedBlockTransactionScanner
2019-09-02 06:30:24,855 [SCMBlockDeletingService#0] DEBUG block.SCMBlockDeletingService (SCMBlockDeletingService.java:call(155)) - Scanned deleted blocks log and got 0 delTX to process.
2019-09-02 06:30:24,858 [grpc-default-executor-0] INFO  client.GrpcClientProtocolClient (GrpcClientProtocolClient.java:onNext(255)) - client-0D308AD40832->3258574c-39ac-4ed5-9145-ea59a337c299: receive RaftClientReply:client-0D308AD40832->3258574c-39ac-4ed5-9145-ea59a337c299@group-6C7D867BDA6A, cid=2881, SUCCESS, logIndex=4043, commits[3258574c-39ac-4ed5-9145-ea59a337c299:c4044]
2019-09-02 06:30:24,859 [grpc-default-executor-0] INFO  client.GrpcClientProtocolClient (GrpcClientProtocolClient.java:onNext(255)) - client-0D308AD40832->3258574c-39ac-4ed5-9145-ea59a337c299: receive RaftClientReply:client-0D308AD40832->3258574c-39ac-4ed5-9145-ea59a337c299@group-6C7D867BDA6A, cid=2882, SUCCESS, logIndex=4044, commits[3258574c-39ac-4ed5-9145-ea59a337c299:c4046]
2019-09-02 06:30:24,859 [grpc-default-executor-0] INFO  client.GrpcClientProtocolClient (GrpcClientProtocolClient.java:onNext(255)) - client-0D308AD40832->3258574c-39ac-4ed5-9145-ea59a337c299: receive RaftClientReply:client-0D308AD40832->3258574c-39ac-4ed5-9145-ea59a337c299@group-6C7D867BDA6A, cid=2883, SUCCESS, logIndex=4045, commits[3258574c-39ac-4ed5-9145-ea59a337c299:c4047]
2019-09-02 06:30:24,859 [grpc-default-executor-0] INFO  client.GrpcClientProtocolClient (GrpcClientProtocolClient.java:onNext(255)) - client-0D308AD40832->3258574c-39ac-4ed5-9145-ea59a337c299: receive RaftClientReply:client-0D308AD40832->3258574c-39ac-4ed5-9145-ea59a337c299@group-6C7D867BDA6A, cid=2884, SUCCESS, logIndex=4046, commits[3258574c-39ac-4ed5-9145-ea59a337c299:c4047]
2019-09-02 06:30:24,879 [grpc-default-executor-0] INFO  client.GrpcClientProtocolClient (GrpcClientProtocolClient.java:onNext(255)) - client-0D308AD40832->3258574c-39ac-4ed5-9145-ea59a337c299: receive RaftClientReply:client-0D308AD40832->3258574c-39ac-4ed5-9145-ea59a337c299@group-6C7D867BDA6A, cid=2885, SUCCESS, logIndex=4049, commits[3258574c-39ac-4ed5-9145-ea59a337c299:c4050]
2019-09-02 06:30:24,879 [grpc-default-executor-0] INFO  client.GrpcClientProtocolClient (GrpcClientProtocolClient.java:onNext(255)) - client-0D308AD40832->3258574c-39ac-4ed5-9145-ea59a337c299: receive RaftClientReply:client-0D308AD40832->3258574c-39ac-4ed5-9145-ea59a337c299@group-6C7D867BDA6A, cid=2886, SUCCESS, logIndex=4050, commits[3258574c-39ac-4ed5-9145-ea59a337c299:c4052]
2019-09-02 06:30:24,880 [grpc-default-executor-0] INFO  client.GrpcClientProtocolClient (GrpcClientProtocolClient.java:onNext(255)) - client-0D308AD40832->3258574c-39ac-4ed5-9145-ea59a337c299: receive RaftClientReply:client-0D308AD40832->3258574c-39ac-4ed5-9145-ea59a337c299@group-6C7D867BDA6A, cid=2887, SUCCESS, logIndex=4051, commits[3258574c-39ac-4ed5-9145-ea59a337c299:c4053]
2019-09-02 06:30:24,880 [grpc-default-executor-0] INFO  client.GrpcClientProtocolClient (GrpcClientProtocolClient.java:onNext(255)) - client-0D308AD40832->3258574c-39ac-4ed5-9145-ea59a337c299: receive RaftClientReply:client-0D308AD40832->3258574c-39ac-4ed5-9145-ea59a337c299@group-6C7D867BDA6A, cid=2888, SUCCESS, logIndex=4052, commits[3258574c-39ac-4ed5-9145-ea59a337c299:c4054]
2019-09-02 06:30:24,911 [grpc-default-executor-1] INFO  client.GrpcClientProtocolClient (GrpcClientProtocolClient.java:onNext(255)) - client-0D308AD40832->3258574c-39ac-4ed5-9145-ea59a337c299: receive RaftClientReply:client-0D308AD40832->3258574c-39ac-4ed5-9145-ea59a337c299@group-6C7D867BDA6A, cid=2889, SUCCESS, logIndex=4055, commits[3258574c-39ac-4ed5-9145-ea59a337c299:c4056]
2019-09-02 06:30:24,912 [grpc-default-executor-1] INFO  client.GrpcClientProtocolClient (GrpcClientProtocolClient.java:onNext(255)) - client-0D308AD40832->3258574c-39ac-4ed5-9145-ea59a337c299: receive RaftClientReply:client-0D308AD40832->3258574c-39ac-4ed5-9145-ea59a337c299@group-6C7D867BDA6A, cid=2890, SUCCESS, logIndex=4056, commits[3258574c-39ac-4ed5-9145-ea59a337c299:c4056]
2019-09-02 06:30:24,914 [grpc-default-executor-1] INFO  client.GrpcClientProtocolClient (GrpcClientProtocolClient.java:onNext(255)) - client-0D308AD40832->3258574c-39ac-4ed5-9145-ea59a337c299: receive RaftClientReply:client-0D308AD40832->3258574c-39ac-4ed5-9145-ea59a337c299@group-6C7D867BDA6A, cid=2891, SUCCESS, logIndex=4057, commits[3258574c-39ac-4ed5-9145-ea59a337c299:c4058]
2019-09-02 06:30:24,914 [grpc-default-executor-1] INFO  client.GrpcClientProtocolClient (GrpcClientProtocolClient.java:onNext(255)) - client-0D308AD40832->3258574c-39ac-4ed5-9145-ea59a337c299: receive RaftClientReply:client-0D308AD40832->3258574c-39ac-4ed5-9145-ea59a337c299@group-6C7D867BDA6A, cid=2892, SUCCESS, logIndex=4058, commits[3258574c-39ac-4ed5-9145-ea59a337c299:c4058]
2019-09-02 06:30:24,938 [grpc-default-executor-1] INFO  client.GrpcClientProtocolClient (GrpcClientProtocolClient.java:onNext(255)) - client-0D308AD40832->3258574c-39ac-4ed5-9145-ea59a337c299: receive RaftClientReply:client-0D308AD40832->3258574c-39ac-4ed5-9145-ea59a337c299@group-6C7D867BDA6A, cid=2893, SUCCESS, logIndex=4061, commits[3258574c-39ac-4ed5-9145-ea59a337c299:c4064]
2019-09-02 06:30:24,939 [grpc-default-executor-1] INFO  client.GrpcClientProtocolClient (GrpcClientProtocolClient.java:onNext(255)) - client-0D308AD40832->3258574c-39ac-4ed5-9145-ea59a337c299: receive RaftClientReply:client-0D308AD40832->3258574c-39ac-4ed5-9145-ea59a337c299@group-6C7D867BDA6A, cid=2894, SUCCESS, logIndex=4062, commits[3258574c-39ac-4ed5-9145-ea59a337c299:c4064]
2019-09-02 06:30:24,939 [grpc-default-executor-1] INFO  client.GrpcClientProtocolClient (GrpcClientProtocolClient.java:onNext(255)) - client-0D308AD40832->3258574c-39ac-4ed5-9145-ea59a337c299: receive RaftClientReply:client-0D308AD40832->3258574c-39ac-4ed5-9145-ea59a337c299@group-6C7D867BDA6A, cid=2895, SUCCESS, logIndex=4063, commits[3258574c-39ac-4ed5-9145-ea59a337c299:c4064]
2019-09-02 06:30:24,939 [grpc-default-executor-1] INFO  client.GrpcClientProtocolClient (GrpcClientProtocolClient.java:onNext(255)) - client-0D308AD40832->3258574c-39ac-4ed5-9145-ea59a337c299: receive RaftClientReply:client-0D308AD40832->3258574c-39ac-4ed5-9145-ea59a337c299@group-6C7D867BDA6A, cid=2896, SUCCESS, logIndex=4064, commits[3258574c-39ac-4ed5-9145-ea59a337c299:c4064]
2019-09-02 06:30:24,955 [SCMBlockDeletingService#0] DEBUG block.SCMBlockDeletingService (SCMBlockDeletingService.java:call(138)) - Running DeletedBlockTransactionScanner
2019-09-02 06:30:24,956 [SCMBlockDeletingService#0] DEBUG block.SCMBlockDeletingService (SCMBlockDeletingService.java:call(155)) - Scanned deleted blocks log and got 0 delTX to process.
2019-09-02 06:30:24,970 [grpc-default-executor-1] INFO  client.GrpcClientProtocolClient (GrpcClientProtocolClient.java:onNext(255)) - client-0D308AD40832->3258574c-39ac-4ed5-9145-ea59a337c299: receive RaftClientReply:client-0D308AD40832->3258574c-39ac-4ed5-9145-ea59a337c299@group-6C7D867BDA6A, cid=2897, SUCCESS, logIndex=4066, commits[3258574c-39ac-4ed5-9145-ea59a337c299:c4069]
2019-09-02 06:30:24,971 [grpc-default-executor-1] INFO  client.GrpcClientProtocolClient (GrpcClientProtocolClient.java:onNext(255)) - client-0D308AD40832->3258574c-39ac-4ed5-9145-ea59a337c299: receive RaftClientReply:client-0D308AD40832->3258574c-39ac-4ed5-9145-ea59a337c299@group-6C7D867BDA6A, cid=2898, SUCCESS, logIndex=4067, commits[3258574c-39ac-4ed5-9145-ea59a337c299:c4069]
2019-09-02 06:30:24,971 [grpc-default-executor-1] INFO  client.GrpcClientProtocolClient (GrpcClientProtocolClient.java:onNext(255)) - client-0D308AD40832->3258574c-39ac-4ed5-9145-ea59a337c299: receive RaftClientReply:client-0D308AD40832->3258574c-39ac-4ed5-9145-ea59a337c299@group-6C7D867BDA6A, cid=2899, SUCCESS, logIndex=4068, commits[3258574c-39ac-4ed5-9145-ea59a337c299:c4070]
2019-09-02 06:30:24,971 [grpc-default-executor-1] INFO  client.GrpcClientProtocolClient (GrpcClientProtocolClient.java:onNext(255)) - client-0D308AD40832->3258574c-39ac-4ed5-9145-ea59a337c299: receive RaftClientReply:client-0D308AD40832->3258574c-39ac-4ed5-9145-ea59a337c299@group-6C7D867BDA6A, cid=2900, SUCCESS, logIndex=4069, commits[3258574c-39ac-4ed5-9145-ea59a337c299:c4071]
2019-09-02 06:30:25,103 [SCMBlockDeletingService#0] DEBUG block.SCMBlockDeletingService (SCMBlockDeletingService.java:call(138)) - Running DeletedBlockTransactionScanner
2019-09-02 06:30:25,103 [SCMBlockDeletingService#0] DEBUG block.SCMBlockDeletingService (SCMBlockDeletingService.java:call(155)) - Scanned deleted blocks log and got 0 delTX to process.
2019-09-02 06:30:25,105 [grpc-default-executor-0] INFO  client.GrpcClientProtocolClient (GrpcClientProtocolClient.java:onNext(255)) - client-0D308AD40832->3258574c-39ac-4ed5-9145-ea59a337c299: receive RaftClientReply:client-0D308AD40832->3258574c-39ac-4ed5-9145-ea59a337c299@group-6C7D867BDA6A, cid=2901, SUCCESS, logIndex=4072, commits[3258574c-39ac-4ed5-9145-ea59a337c299:c4073]
2019-09-02 06:30:25,105 [grpc-default-executor-0] INFO  client.GrpcClientProtocolClient (GrpcClientProtocolClient.java:onNext(255)) - client-0D308AD40832->3258574c-39ac-4ed5-9145-ea59a337c299: receive RaftClientReply:client-0D308AD40832->3258574c-39ac-4ed5-9145-ea59a337c299@group-6C7D867BDA6A, cid=2902, SUCCESS, logIndex=4073, commits[3258574c-39ac-4ed5-9145-ea59a337c299:c4073]
2019-09-02 06:30:25,115 [grpc-default-executor-0] INFO  client.GrpcClientProtocolClient (GrpcClientProtocolClient.java:onNext(255)) - client-0D308AD40832->3258574c-39ac-4ed5-9145-ea59a337c299: receive RaftClientReply:client-0D308AD40832->3258574c-39ac-4ed5-9145-ea59a337c299@group-6C7D867BDA6A, cid=2903, SUCCESS, logIndex=4075, commits[3258574c-39ac-4ed5-9145-ea59a337c299:c4076]
2019-09-02 06:30:25,116 [grpc-default-executor-0] INFO  client.GrpcClientProtocolClient (GrpcClientProtocolClient.java:onNext(255)) - client-0D308AD40832->3258574c-39ac-4ed5-9145-ea59a337c299: receive RaftClientReply:client-0D308AD40832->3258574c-39ac-4ed5-9145-ea59a337c299@group-6C7D867BDA6A, cid=2904, SUCCESS, logIndex=4076, commits[3258574c-39ac-4ed5-9145-ea59a337c299:c4077]
2019-09-02 06:30:25,146 [grpc-default-executor-1] INFO  client.GrpcClientProtocolClient (GrpcClientProtocolClient.java:onNext(255)) - client-0D308AD40832->3258574c-39ac-4ed5-9145-ea59a337c299: receive RaftClientReply:client-0D308AD40832->3258574c-39ac-4ed5-9145-ea59a337c299@group-6C7D867BDA6A, cid=2905, SUCCESS, logIndex=4078, commits[3258574c-39ac-4ed5-9145-ea59a337c299:c4079]
2019-09-02 06:30:25,146 [grpc-default-executor-1] INFO  client.GrpcClientProtocolClient (GrpcClientProtocolClient.java:onNext(255)) - client-0D308AD40832->3258574c-39ac-4ed5-9145-ea59a337c299: receive RaftClientReply:client-0D308AD40832->3258574c-39ac-4ed5-9145-ea59a337c299@group-6C7D867BDA6A, cid=2906, SUCCESS, logIndex=4079, commits[3258574c-39ac-4ed5-9145-ea59a337c299:c4081]
2019-09-02 06:30:25,147 [grpc-default-executor-1] INFO  client.GrpcClientProtocolClient (GrpcClientProtocolClient.java:onNext(255)) - client-0D308AD40832->3258574c-39ac-4ed5-9145-ea59a337c299: receive RaftClientReply:client-0D308AD40832->3258574c-39ac-4ed5-9145-ea59a337c299@group-6C7D867BDA6A, cid=2907, SUCCESS, logIndex=4080, commits[3258574c-39ac-4ed5-9145-ea59a337c299:c4081]
2019-09-02 06:30:25,147 [grpc-default-executor-1] INFO  client.GrpcClientProtocolClient (GrpcClientProtocolClient.java:onNext(255)) - client-0D308AD40832->3258574c-39ac-4ed5-9145-ea59a337c299: receive RaftClientReply:client-0D308AD40832->3258574c-39ac-4ed5-9145-ea59a337c299@group-6C7D867BDA6A, cid=2908, SUCCESS, logIndex=4081, commits[3258574c-39ac-4ed5-9145-ea59a337c299:c4082]
2019-09-02 06:30:25,166 [grpc-default-executor-1] INFO  client.GrpcClientProtocolClient (GrpcClientProtocolClient.java:onNext(255)) - client-0D308AD40832->3258574c-39ac-4ed5-9145-ea59a337c299: receive RaftClientReply:client-0D308AD40832->3258574c-39ac-4ed5-9145-ea59a337c299@group-6C7D867BDA6A, cid=2909, SUCCESS, logIndex=4084, commits[3258574c-39ac-4ed5-9145-ea59a337c299:c4087]
2019-09-02 06:30:25,166 [grpc-default-executor-1] INFO  client.GrpcClientProtocolClient (GrpcClientProtocolClient.java:onNext(255)) - client-0D308AD40832->3258574c-39ac-4ed5-9145-ea59a337c299: receive RaftClientReply:client-0D308AD40832->3258574c-39ac-4ed5-9145-ea59a337c299@group-6C7D867BDA6A, cid=2910, SUCCESS, logIndex=4085, commits[3258574c-39ac-4ed5-9145-ea59a337c299:c4088]
2019-09-02 06:30:25,167 [grpc-default-executor-1] INFO  client.GrpcClientProtocolClient (GrpcClientProtocolClient.java:onNext(255)) - client-0D308AD40832->3258574c-39ac-4ed5-9145-ea59a337c299: receive RaftClientReply:client-0D308AD40832->3258574c-39ac-4ed5-9145-ea59a337c299@group-6C7D867BDA6A, cid=2911, SUCCESS, logIndex=4086, commits[3258574c-39ac-4ed5-9145-ea59a337c299:c4088]
2019-09-02 06:30:25,167 [grpc-default-executor-1] INFO  client.GrpcClientProtocolClient (GrpcClientProtocolClient.java:onNext(255)) - client-0D308AD40832->3258574c-39ac-4ed5-9145-ea59a337c299: receive RaftClientReply:client-0D308AD40832->3258574c-39ac-4ed5-9145-ea59a337c299@group-6C7D867BDA6A, cid=2912, SUCCESS, logIndex=4087, commits[3258574c-39ac-4ed5-9145-ea59a337c299:c4088]
2019-09-02 06:30:25,195 [grpc-default-executor-1] INFO  client.GrpcClientProtocolClient (GrpcClientProtocolClient.java:onNext(255)) - client-0D308AD40832->3258574c-39ac-4ed5-9145-ea59a337c299: receive RaftClientReply:client-0D308AD40832->3258574c-39ac-4ed5-9145-ea59a337c299@group-6C7D867BDA6A, cid=2913, SUCCESS, logIndex=4089, commits[3258574c-39ac-4ed5-9145-ea59a337c299:c4092]
2019-09-02 06:30:25,196 [grpc-default-executor-1] INFO  client.GrpcClientProtocolClient (GrpcClientProtocolClient.java:onNext(255)) - client-0D308AD40832->3258574c-39ac-4ed5-9145-ea59a337c299: receive RaftClientReply:client-0D308AD40832->3258574c-39ac-4ed5-9145-ea59a337c299@group-6C7D867BDA6A, cid=2914, SUCCESS, logIndex=4090, commits[3258574c-39ac-4ed5-9145-ea59a337c299:c4092]
2019-09-02 06:30:25,196 [grpc-default-executor-1] INFO  client.GrpcClientProtocolClient (GrpcClientProtocolClient.java:onNext(255)) - client-0D308AD40832->3258574c-39ac-4ed5-9145-ea59a337c299: receive RaftClientReply:client-0D308AD40832->3258574c-39ac-4ed5-9145-ea59a337c299@group-6C7D867BDA6A, cid=2915, SUCCESS, logIndex=4091, commits[3258574c-39ac-4ed5-9145-ea59a337c299:c4092]
2019-09-02 06:30:25,196 [grpc-default-executor-1] INFO  client.GrpcClientProtocolClient (GrpcClientProtocolClient.java:onNext(255)) - client-0D308AD40832->3258574c-39ac-4ed5-9145-ea59a337c299: receive RaftClientReply:client-0D308AD40832->3258574c-39ac-4ed5-9145-ea59a337c299@group-6C7D867BDA6A, cid=2916, SUCCESS, logIndex=4092, commits[3258574c-39ac-4ed5-9145-ea59a337c299:c4092]
2019-09-02 06:30:25,203 [SCMBlockDeletingService#0] DEBUG block.SCMBlockDeletingService (SCMBlockDeletingService.java:call(138)) - Running DeletedBlockTransactionScanner
2019-09-02 06:30:25,203 [SCMBlockDeletingService#0] DEBUG block.SCMBlockDeletingService (SCMBlockDeletingService.java:call(155)) - Scanned deleted blocks log and got 0 delTX to process.
2019-09-02 06:30:25,304 [SCMBlockDeletingService#0] DEBUG block.SCMBlockDeletingService (SCMBlockDeletingService.java:call(138)) - Running DeletedBlockTransactionScanner
2019-09-02 06:30:25,304 [SCMBlockDeletingService#0] DEBUG block.SCMBlockDeletingService (SCMBlockDeletingService.java:call(155)) - Scanned deleted blocks log and got 0 delTX to process.
2019-09-02 06:30:25,308 [grpc-default-executor-1] INFO  client.GrpcClientProtocolClient (GrpcClientProtocolClient.java:onNext(255)) - client-0D308AD40832->3258574c-39ac-4ed5-9145-ea59a337c299: receive RaftClientReply:client-0D308AD40832->3258574c-39ac-4ed5-9145-ea59a337c299@group-6C7D867BDA6A, cid=2917, SUCCESS, logIndex=4094, commits[3258574c-39ac-4ed5-9145-ea59a337c299:c4097]
2019-09-02 06:30:25,308 [grpc-default-executor-1] INFO  client.GrpcClientProtocolClient (GrpcClientProtocolClient.java:onNext(255)) - client-0D308AD40832->3258574c-39ac-4ed5-9145-ea59a337c299: receive RaftClientReply:client-0D308AD40832->3258574c-39ac-4ed5-9145-ea59a337c299@group-6C7D867BDA6A, cid=2918, SUCCESS, logIndex=4095, commits[3258574c-39ac-4ed5-9145-ea59a337c299:c4098]
2019-09-02 06:30:25,308 [grpc-default-executor-1] INFO  client.GrpcClientProtocolClient (GrpcClientProtocolClient.java:onNext(255)) - client-0D308AD40832->3258574c-39ac-4ed5-9145-ea59a337c299: receive RaftClientReply:client-0D308AD40832->3258574c-39ac-4ed5-9145-ea59a337c299@group-6C7D867BDA6A, cid=2919, SUCCESS, logIndex=4096, commits[3258574c-39ac-4ed5-9145-ea59a337c299:c4098]
2019-09-02 06:30:25,308 [grpc-default-executor-0] INFO  client.GrpcClientProtocolClient (GrpcClientProtocolClient.java:onNext(255)) - client-0D308AD40832->3258574c-39ac-4ed5-9145-ea59a337c299: receive RaftClientReply:client-0D308AD40832->3258574c-39ac-4ed5-9145-ea59a337c299@group-6C7D867BDA6A, cid=2920, SUCCESS, logIndex=4097, commits[3258574c-39ac-4ed5-9145-ea59a337c299:c4098]
2019-09-02 06:30:25,338 [grpc-default-executor-0] INFO  client.GrpcClientProtocolClient (GrpcClientProtocolClient.java:onNext(255)) - client-0D308AD40832->3258574c-39ac-4ed5-9145-ea59a337c299: receive RaftClientReply:client-0D308AD40832->3258574c-39ac-4ed5-9145-ea59a337c299@group-6C7D867BDA6A, cid=2921, SUCCESS, logIndex=4099, commits[3258574c-39ac-4ed5-9145-ea59a337c299:c4102]
2019-09-02 06:30:25,339 [grpc-default-executor-0] INFO  client.GrpcClientProtocolClient (GrpcClientProtocolClient.java:onNext(255)) - client-0D308AD40832->3258574c-39ac-4ed5-9145-ea59a337c299: receive RaftClientReply:client-0D308AD40832->3258574c-39ac-4ed5-9145-ea59a337c299@group-6C7D867BDA6A, cid=2922, SUCCESS, logIndex=4100, commits[3258574c-39ac-4ed5-9145-ea59a337c299:c4103]
2019-09-02 06:30:25,339 [grpc-default-executor-0] INFO  client.GrpcClientProtocolClient (GrpcClientProtocolClient.java:onNext(255)) - client-0D308AD40832->3258574c-39ac-4ed5-9145-ea59a337c299: receive RaftClientReply:client-0D308AD40832->3258574c-39ac-4ed5-9145-ea59a337c299@group-6C7D867BDA6A, cid=2923, SUCCESS, logIndex=4101, commits[3258574c-39ac-4ed5-9145-ea59a337c299:c4103]
2019-09-02 06:30:25,339 [grpc-default-executor-0] INFO  client.GrpcClientProtocolClient (GrpcClientProtocolClient.java:onNext(255)) - client-0D308AD40832->3258574c-39ac-4ed5-9145-ea59a337c299: receive RaftClientReply:client-0D308AD40832->3258574c-39ac-4ed5-9145-ea59a337c299@group-6C7D867BDA6A, cid=2924, SUCCESS, logIndex=4102, commits[3258574c-39ac-4ed5-9145-ea59a337c299:c4103]
2019-09-02 06:30:25,360 [grpc-default-executor-0] INFO  client.GrpcClientProtocolClient (GrpcClientProtocolClient.java:onNext(255)) - client-0D308AD40832->3258574c-39ac-4ed5-9145-ea59a337c299: receive RaftClientReply:client-0D308AD40832->3258574c-39ac-4ed5-9145-ea59a337c299@group-6C7D867BDA6A, cid=2925, SUCCESS, logIndex=4104, commits[3258574c-39ac-4ed5-9145-ea59a337c299:c4107]
2019-09-02 06:30:25,360 [grpc-default-executor-0] INFO  client.GrpcClientProtocolClient (GrpcClientProtocolClient.java:onNext(255)) - client-0D308AD40832->3258574c-39ac-4ed5-9145-ea59a337c299: receive RaftClientReply:client-0D308AD40832->3258574c-39ac-4ed5-9145-ea59a337c299@group-6C7D867BDA6A, cid=2926, SUCCESS, logIndex=4105, commits[3258574c-39ac-4ed5-9145-ea59a337c299:c4107]
2019-09-02 06:30:25,360 [grpc-default-executor-0] INFO  client.GrpcClientProtocolClient (GrpcClientProtocolClient.java:onNext(255)) - client-0D308AD40832->3258574c-39ac-4ed5-9145-ea59a337c299: receive RaftClientReply:client-0D308AD40832->3258574c-39ac-4ed5-9145-ea59a337c299@group-6C7D867BDA6A, cid=2927, SUCCESS, logIndex=4106, commits[3258574c-39ac-4ed5-9145-ea59a337c299:c4107]
2019-09-02 06:30:25,361 [grpc-default-executor-0] INFO  client.GrpcClientProtocolClient (GrpcClientProtocolClient.java:onNext(255)) - client-0D308AD40832->3258574c-39ac-4ed5-9145-ea59a337c299: receive RaftClientReply:client-0D308AD40832->3258574c-39ac-4ed5-9145-ea59a337c299@group-6C7D867BDA6A, cid=2928, SUCCESS, logIndex=4107, commits[3258574c-39ac-4ed5-9145-ea59a337c299:c4108]
2019-09-02 06:30:25,387 [grpc-default-executor-1] INFO  client.GrpcClientProtocolClient (GrpcClientProtocolClient.java:onNext(255)) - client-0D308AD40832->3258574c-39ac-4ed5-9145-ea59a337c299: receive RaftClientReply:client-0D308AD40832->3258574c-39ac-4ed5-9145-ea59a337c299@group-6C7D867BDA6A, cid=2929, SUCCESS, logIndex=4109, commits[3258574c-39ac-4ed5-9145-ea59a337c299:c4110]
2019-09-02 06:30:25,387 [grpc-default-executor-1] INFO  client.GrpcClientProtocolClient (GrpcClientProtocolClient.java:onNext(255)) - client-0D308AD40832->3258574c-39ac-4ed5-9145-ea59a337c299: receive RaftClientReply:client-0D308AD40832->3258574c-39ac-4ed5-9145-ea59a337c299@group-6C7D867BDA6A, cid=2930, SUCCESS, logIndex=4110, commits[3258574c-39ac-4ed5-9145-ea59a337c299:c4110]
2019-09-02 06:30:25,388 [grpc-default-executor-1] INFO  client.GrpcClientProtocolClient (GrpcClientProtocolClient.java:onNext(255)) - client-0D308AD40832->3258574c-39ac-4ed5-9145-ea59a337c299: receive RaftClientReply:client-0D308AD40832->3258574c-39ac-4ed5-9145-ea59a337c299@group-6C7D867BDA6A, cid=2931, SUCCESS, logIndex=4111, commits[3258574c-39ac-4ed5-9145-ea59a337c299:c4112]
2019-09-02 06:30:25,388 [grpc-default-executor-1] INFO  client.GrpcClientProtocolClient (GrpcClientProtocolClient.java:onNext(255)) - client-0D308AD40832->3258574c-39ac-4ed5-9145-ea59a337c299: receive RaftClientReply:client-0D308AD40832->3258574c-39ac-4ed5-9145-ea59a337c299@group-6C7D867BDA6A, cid=2932, SUCCESS, logIndex=4112, commits[3258574c-39ac-4ed5-9145-ea59a337c299:c4113]
2019-09-02 06:30:25,404 [SCMBlockDeletingService#0] DEBUG block.SCMBlockDeletingService (SCMBlockDeletingService.java:call(138)) - Running DeletedBlockTransactionScanner
2019-09-02 06:30:25,405 [SCMBlockDeletingService#0] DEBUG block.SCMBlockDeletingService (SCMBlockDeletingService.java:call(155)) - Scanned deleted blocks log and got 0 delTX to process.
2019-09-02 06:30:25,410 [grpc-default-executor-1] INFO  client.GrpcClientProtocolClient (GrpcClientProtocolClient.java:onNext(255)) - client-0D308AD40832->3258574c-39ac-4ed5-9145-ea59a337c299: receive RaftClientReply:client-0D308AD40832->3258574c-39ac-4ed5-9145-ea59a337c299@group-6C7D867BDA6A, cid=2933, SUCCESS, logIndex=4115, commits[3258574c-39ac-4ed5-9145-ea59a337c299:c4118]
2019-09-02 06:30:25,410 [grpc-default-executor-1] INFO  client.GrpcClientProtocolClient (GrpcClientProtocolClient.java:onNext(255)) - client-0D308AD40832->3258574c-39ac-4ed5-9145-ea59a337c299: receive RaftClientReply:client-0D308AD40832->3258574c-39ac-4ed5-9145-ea59a337c299@group-6C7D867BDA6A, cid=2934, SUCCESS, logIndex=4116, commits[3258574c-39ac-4ed5-9145-ea59a337c299:c4119]
2019-09-02 06:30:25,410 [grpc-default-executor-1] INFO  client.GrpcClientProtocolClient (GrpcClientProtocolClient.java:onNext(255)) - client-0D308AD40832->3258574c-39ac-4ed5-9145-ea59a337c299: receive RaftClientReply:client-0D308AD40832->3258574c-39ac-4ed5-9145-ea59a337c299@group-6C7D867BDA6A, cid=2935, SUCCESS, logIndex=4117, commits[3258574c-39ac-4ed5-9145-ea59a337c299:c4119]
2019-09-02 06:30:25,411 [grpc-default-executor-1] INFO  client.GrpcClientProtocolClient (GrpcClientProtocolClient.java:onNext(255)) - client-0D308AD40832->3258574c-39ac-4ed5-9145-ea59a337c299: receive RaftClientReply:client-0D308AD40832->3258574c-39ac-4ed5-9145-ea59a337c299@group-6C7D867BDA6A, cid=2936, SUCCESS, logIndex=4118, commits[3258574c-39ac-4ed5-9145-ea59a337c299:c4119]
2019-09-02 06:30:25,438 [grpc-default-executor-1] INFO  client.GrpcClientProtocolClient (GrpcClientProtocolClient.java:onNext(255)) - client-0D308AD40832->3258574c-39ac-4ed5-9145-ea59a337c299: receive RaftClientReply:client-0D308AD40832->3258574c-39ac-4ed5-9145-ea59a337c299@group-6C7D867BDA6A, cid=2937, SUCCESS, logIndex=4120, commits[3258574c-39ac-4ed5-9145-ea59a337c299:c4123]
2019-09-02 06:30:25,438 [grpc-default-executor-1] INFO  client.GrpcClientProtocolClient (GrpcClientProtocolClient.java:onNext(255)) - client-0D308AD40832->3258574c-39ac-4ed5-9145-ea59a337c299: receive RaftClientReply:client-0D308AD40832->3258574c-39ac-4ed5-9145-ea59a337c299@group-6C7D867BDA6A, cid=2938, SUCCESS, logIndex=4121, commits[3258574c-39ac-4ed5-9145-ea59a337c299:c4124]
2019-09-02 06:30:25,439 [grpc-default-executor-1] INFO  client.GrpcClientProtocolClient (GrpcClientProtocolClient.java:onNext(255)) - client-0D308AD40832->3258574c-39ac-4ed5-9145-ea59a337c299: receive RaftClientReply:client-0D308AD40832->3258574c-39ac-4ed5-9145-ea59a337c299@group-6C7D867BDA6A, cid=2939, SUCCESS, logIndex=4122, commits[3258574c-39ac-4ed5-9145-ea59a337c299:c4124]
2019-09-02 06:30:25,439 [grpc-default-executor-1] INFO  client.GrpcClientProtocolClient (GrpcClientProtocolClient.java:onNext(255)) - client-0D308AD40832->3258574c-39ac-4ed5-9145-ea59a337c299: receive RaftClientReply:client-0D308AD40832->3258574c-39ac-4ed5-9145-ea59a337c299@group-6C7D867BDA6A, cid=2940, SUCCESS, logIndex=4123, commits[3258574c-39ac-4ed5-9145-ea59a337c299:c4124]
2019-09-02 06:30:25,460 [grpc-default-executor-1] INFO  client.GrpcClientProtocolClient (GrpcClientProtocolClient.java:onNext(255)) - client-0D308AD40832->3258574c-39ac-4ed5-9145-ea59a337c299: receive RaftClientReply:client-0D308AD40832->3258574c-39ac-4ed5-9145-ea59a337c299@group-6C7D867BDA6A, cid=2941, SUCCESS, logIndex=4125, commits[3258574c-39ac-4ed5-9145-ea59a337c299:c4128]
2019-09-02 06:30:25,460 [grpc-default-executor-1] INFO  client.GrpcClientProtocolClient (GrpcClientProtocolClient.java:onNext(255)) - client-0D308AD40832->3258574c-39ac-4ed5-9145-ea59a337c299: receive RaftClientReply:client-0D308AD40832->3258574c-39ac-4ed5-9145-ea59a337c299@group-6C7D867BDA6A, cid=2942, SUCCESS, logIndex=4126, commits[3258574c-39ac-4ed5-9145-ea59a337c299:c4128]
2019-09-02 06:30:25,461 [grpc-default-executor-1] INFO  client.GrpcClientProtocolClient (GrpcClientProtocolClient.java:onNext(255)) - client-0D308AD40832->3258574c-39ac-4ed5-9145-ea59a337c299: receive RaftClientReply:client-0D308AD40832->3258574c-39ac-4ed5-9145-ea59a337c299@group-6C7D867BDA6A, cid=2943, SUCCESS, logIndex=4127, commits[3258574c-39ac-4ed5-9145-ea59a337c299:c4129]
2019-09-02 06:30:25,461 [grpc-default-executor-1] INFO  client.GrpcClientProtocolClient (GrpcClientProtocolClient.java:onNext(255)) - client-0D308AD40832->3258574c-39ac-4ed5-9145-ea59a337c299: receive RaftClientReply:client-0D308AD40832->3258574c-39ac-4ed5-9145-ea59a337c299@group-6C7D867BDA6A, cid=2944, SUCCESS, logIndex=4128, commits[3258574c-39ac-4ed5-9145-ea59a337c299:c4129]
2019-09-02 06:30:25,488 [grpc-default-executor-1] INFO  client.GrpcClientProtocolClient (GrpcClientProtocolClient.java:onNext(255)) - client-0D308AD40832->3258574c-39ac-4ed5-9145-ea59a337c299: receive RaftClientReply:client-0D308AD40832->3258574c-39ac-4ed5-9145-ea59a337c299@group-6C7D867BDA6A, cid=2945, SUCCESS, logIndex=4130, commits[3258574c-39ac-4ed5-9145-ea59a337c299:c4131]
2019-09-02 06:30:25,489 [grpc-default-executor-1] INFO  client.GrpcClientProtocolClient (GrpcClientProtocolClient.java:onNext(255)) - client-0D308AD40832->3258574c-39ac-4ed5-9145-ea59a337c299: receive RaftClientReply:client-0D308AD40832->3258574c-39ac-4ed5-9145-ea59a337c299@group-6C7D867BDA6A, cid=2946, SUCCESS, logIndex=4131, commits[3258574c-39ac-4ed5-9145-ea59a337c299:c4131]
2019-09-02 06:30:25,489 [grpc-default-executor-1] INFO  client.GrpcClientProtocolClient (GrpcClientProtocolClient.java:onNext(255)) - client-0D308AD40832->3258574c-39ac-4ed5-9145-ea59a337c299: receive RaftClientReply:client-0D308AD40832->3258574c-39ac-4ed5-9145-ea59a337c299@group-6C7D867BDA6A, cid=2947, SUCCESS, logIndex=4132, commits[3258574c-39ac-4ed5-9145-ea59a337c299:c4133]
2019-09-02 06:30:25,490 [grpc-default-executor-1] INFO  client.GrpcClientProtocolClient (GrpcClientProtocolClient.java:onNext(255)) - client-0D308AD40832->3258574c-39ac-4ed5-9145-ea59a337c299: receive RaftClientReply:client-0D308AD40832->3258574c-39ac-4ed5-9145-ea59a337c299@group-6C7D867BDA6A, cid=2948, SUCCESS, logIndex=4133, commits[3258574c-39ac-4ed5-9145-ea59a337c299:c4133]
2019-09-02 06:30:25,503 [grpc-default-executor-1] INFO  client.GrpcClientProtocolClient (GrpcClientProtocolClient.java:onNext(255)) - client-0D308AD40832->3258574c-39ac-4ed5-9145-ea59a337c299: receive RaftClientReply:client-0D308AD40832->3258574c-39ac-4ed5-9145-ea59a337c299@group-6C7D867BDA6A, cid=2949, SUCCESS, logIndex=4136, commits[3258574c-39ac-4ed5-9145-ea59a337c299:c4139]
2019-09-02 06:30:25,503 [grpc-default-executor-1] INFO  client.GrpcClientProtocolClient (GrpcClientProtocolClient.java:onNext(255)) - client-0D308AD40832->3258574c-39ac-4ed5-9145-ea59a337c299: receive RaftClientReply:client-0D308AD40832->3258574c-39ac-4ed5-9145-ea59a337c299@group-6C7D867BDA6A, cid=2950, SUCCESS, logIndex=4137, commits[3258574c-39ac-4ed5-9145-ea59a337c299:c4139]
2019-09-02 06:30:25,503 [grpc-default-executor-1] INFO  client.GrpcClientProtocolClient (GrpcClientProtocolClient.java:onNext(255)) - client-0D308AD40832->3258574c-39ac-4ed5-9145-ea59a337c299: receive RaftClientReply:client-0D308AD40832->3258574c-39ac-4ed5-9145-ea59a337c299@group-6C7D867BDA6A, cid=2951, SUCCESS, logIndex=4138, commits[3258574c-39ac-4ed5-9145-ea59a337c299:c4139]
2019-09-02 06:30:25,503 [grpc-default-executor-1] INFO  client.GrpcClientProtocolClient (GrpcClientProtocolClient.java:onNext(255)) - client-0D308AD40832->3258574c-39ac-4ed5-9145-ea59a337c299: receive RaftClientReply:client-0D308AD40832->3258574c-39ac-4ed5-9145-ea59a337c299@group-6C7D867BDA6A, cid=2952, SUCCESS, logIndex=4139, commits[3258574c-39ac-4ed5-9145-ea59a337c299:c4139]
2019-09-02 06:30:25,505 [SCMBlockDeletingService#0] DEBUG block.SCMBlockDeletingService (SCMBlockDeletingService.java:call(138)) - Running DeletedBlockTransactionScanner
2019-09-02 06:30:25,505 [SCMBlockDeletingService#0] DEBUG block.SCMBlockDeletingService (SCMBlockDeletingService.java:call(155)) - Scanned deleted blocks log and got 0 delTX to process.
2019-09-02 06:30:25,532 [grpc-default-executor-1] INFO  client.GrpcClientProtocolClient (GrpcClientProtocolClient.java:onNext(255)) - client-0D308AD40832->3258574c-39ac-4ed5-9145-ea59a337c299: receive RaftClientReply:client-0D308AD40832->3258574c-39ac-4ed5-9145-ea59a337c299@group-6C7D867BDA6A, cid=2953, SUCCESS, logIndex=4141, commits[3258574c-39ac-4ed5-9145-ea59a337c299:c4144]
2019-09-02 06:30:25,533 [grpc-default-executor-1] INFO  client.GrpcClientProtocolClient (GrpcClientProtocolClient.java:onNext(255)) - client-0D308AD40832->3258574c-39ac-4ed5-9145-ea59a337c299: receive RaftClientReply:client-0D308AD40832->3258574c-39ac-4ed5-9145-ea59a337c299@group-6C7D867BDA6A, cid=2954, SUCCESS, logIndex=4142, commits[3258574c-39ac-4ed5-9145-ea59a337c299:c4145]
2019-09-02 06:30:25,533 [grpc-default-executor-1] INFO  client.GrpcClientProtocolClient (GrpcClientProtocolClient.java:onNext(255)) - client-0D308AD40832->3258574c-39ac-4ed5-9145-ea59a337c299: receive RaftClientReply:client-0D308AD40832->3258574c-39ac-4ed5-9145-ea59a337c299@group-6C7D867BDA6A, cid=2955, SUCCESS, logIndex=4143, commits[3258574c-39ac-4ed5-9145-ea59a337c299:c4145]
2019-09-02 06:30:25,533 [grpc-default-executor-1] INFO  client.GrpcClientProtocolClient (GrpcClientProtocolClient.java:onNext(255)) - client-0D308AD40832->3258574c-39ac-4ed5-9145-ea59a337c299: receive RaftClientReply:client-0D308AD40832->3258574c-39ac-4ed5-9145-ea59a337c299@group-6C7D867BDA6A, cid=2956, SUCCESS, logIndex=4144, commits[3258574c-39ac-4ed5-9145-ea59a337c299:c4145]
2019-09-02 06:30:25,555 [grpc-default-executor-0] INFO  client.GrpcClientProtocolClient (GrpcClientProtocolClient.java:onNext(255)) - client-0D308AD40832->3258574c-39ac-4ed5-9145-ea59a337c299: receive RaftClientReply:client-0D308AD40832->3258574c-39ac-4ed5-9145-ea59a337c299@group-6C7D867BDA6A, cid=2957, SUCCESS, logIndex=4146, commits[3258574c-39ac-4ed5-9145-ea59a337c299:c4149]
2019-09-02 06:30:25,555 [grpc-default-executor-0] INFO  client.GrpcClientProtocolClient (GrpcClientProtocolClient.java:onNext(255)) - client-0D308AD40832->3258574c-39ac-4ed5-9145-ea59a337c299: receive RaftClientReply:client-0D308AD40832->3258574c-39ac-4ed5-9145-ea59a337c299@group-6C7D867BDA6A, cid=2958, SUCCESS, logIndex=4147, commits[3258574c-39ac-4ed5-9145-ea59a337c299:c4150]
2019-09-02 06:30:25,555 [grpc-default-executor-0] INFO  client.GrpcClientProtocolClient (GrpcClientProtocolClient.java:onNext(255)) - client-0D308AD40832->3258574c-39ac-4ed5-9145-ea59a337c299: receive RaftClientReply:client-0D308AD40832->3258574c-39ac-4ed5-9145-ea59a337c299@group-6C7D867BDA6A, cid=2959, SUCCESS, logIndex=4148, commits[3258574c-39ac-4ed5-9145-ea59a337c299:c4150]
2019-09-02 06:30:25,556 [grpc-default-executor-0] INFO  client.GrpcClientProtocolClient (GrpcClientProtocolClient.java:onNext(255)) - client-0D308AD40832->3258574c-39ac-4ed5-9145-ea59a337c299: receive RaftClientReply:client-0D308AD40832->3258574c-39ac-4ed5-9145-ea59a337c299@group-6C7D867BDA6A, cid=2960, SUCCESS, logIndex=4149, commits[3258574c-39ac-4ed5-9145-ea59a337c299:c4150]
2019-09-02 06:30:25,583 [grpc-default-executor-0] INFO  client.GrpcClientProtocolClient (GrpcClientProtocolClient.java:onNext(255)) - client-0D308AD40832->3258574c-39ac-4ed5-9145-ea59a337c299: receive RaftClientReply:client-0D308AD40832->3258574c-39ac-4ed5-9145-ea59a337c299@group-6C7D867BDA6A, cid=2961, SUCCESS, logIndex=4151, commits[3258574c-39ac-4ed5-9145-ea59a337c299:c4152]
2019-09-02 06:30:25,583 [grpc-default-executor-0] INFO  client.GrpcClientProtocolClient (GrpcClientProtocolClient.java:onNext(255)) - client-0D308AD40832->3258574c-39ac-4ed5-9145-ea59a337c299: receive RaftClientReply:client-0D308AD40832->3258574c-39ac-4ed5-9145-ea59a337c299@group-6C7D867BDA6A, cid=2962, SUCCESS, logIndex=4152, commits[3258574c-39ac-4ed5-9145-ea59a337c299:c4153]
2019-09-02 06:30:25,606 [SCMBlockDeletingService#0] DEBUG block.SCMBlockDeletingService (SCMBlockDeletingService.java:call(138)) - Running DeletedBlockTransactionScanner
2019-09-02 06:30:25,606 [SCMBlockDeletingService#0] DEBUG block.SCMBlockDeletingService (SCMBlockDeletingService.java:call(155)) - Scanned deleted blocks log and got 0 delTX to process.
2019-09-02 06:30:25,678 [grpc-default-executor-1] INFO  client.GrpcClientProtocolClient (GrpcClientProtocolClient.java:onNext(255)) - client-0D308AD40832->3258574c-39ac-4ed5-9145-ea59a337c299: receive RaftClientReply:client-0D308AD40832->3258574c-39ac-4ed5-9145-ea59a337c299@group-6C7D867BDA6A, cid=2963, SUCCESS, logIndex=4154, commits[3258574c-39ac-4ed5-9145-ea59a337c299:c4155]
2019-09-02 06:30:25,678 [grpc-default-executor-1] INFO  client.GrpcClientProtocolClient (GrpcClientProtocolClient.java:onNext(255)) - client-0D308AD40832->3258574c-39ac-4ed5-9145-ea59a337c299: receive RaftClientReply:client-0D308AD40832->3258574c-39ac-4ed5-9145-ea59a337c299@group-6C7D867BDA6A, cid=2964, SUCCESS, logIndex=4155, commits[3258574c-39ac-4ed5-9145-ea59a337c299:c4156]
2019-09-02 06:30:25,700 [grpc-default-executor-1] INFO  client.GrpcClientProtocolClient (GrpcClientProtocolClient.java:onNext(255)) - client-0D308AD40832->3258574c-39ac-4ed5-9145-ea59a337c299: receive RaftClientReply:client-0D308AD40832->3258574c-39ac-4ed5-9145-ea59a337c299@group-6C7D867BDA6A, cid=2965, SUCCESS, logIndex=4157, commits[3258574c-39ac-4ed5-9145-ea59a337c299:c4160]
2019-09-02 06:30:25,700 [grpc-default-executor-1] INFO  client.GrpcClientProtocolClient (GrpcClientProtocolClient.java:onNext(255)) - client-0D308AD40832->3258574c-39ac-4ed5-9145-ea59a337c299: receive RaftClientReply:client-0D308AD40832->3258574c-39ac-4ed5-9145-ea59a337c299@group-6C7D867BDA6A, cid=2966, SUCCESS, logIndex=4158, commits[3258574c-39ac-4ed5-9145-ea59a337c299:c4161]
2019-09-02 06:30:25,701 [grpc-default-executor-1] INFO  client.GrpcClientProtocolClient (GrpcClientProtocolClient.java:onNext(255)) - client-0D308AD40832->3258574c-39ac-4ed5-9145-ea59a337c299: receive RaftClientReply:client-0D308AD40832->3258574c-39ac-4ed5-9145-ea59a337c299@group-6C7D867BDA6A, cid=2967, SUCCESS, logIndex=4159, commits[3258574c-39ac-4ed5-9145-ea59a337c299:c4161]
2019-09-02 06:30:25,701 [grpc-default-executor-1] INFO  client.GrpcClientProtocolClient (GrpcClientProtocolClient.java:onNext(255)) - client-0D308AD40832->3258574c-39ac-4ed5-9145-ea59a337c299: receive RaftClientReply:client-0D308AD40832->3258574c-39ac-4ed5-9145-ea59a337c299@group-6C7D867BDA6A, cid=2968, SUCCESS, logIndex=4160, commits[3258574c-39ac-4ed5-9145-ea59a337c299:c4161]
2019-09-02 06:30:25,706 [SCMBlockDeletingService#0] DEBUG block.SCMBlockDeletingService (SCMBlockDeletingService.java:call(138)) - Running DeletedBlockTransactionScanner
2019-09-02 06:30:25,706 [SCMBlockDeletingService#0] DEBUG block.SCMBlockDeletingService (SCMBlockDeletingService.java:call(155)) - Scanned deleted blocks log and got 0 delTX to process.
2019-09-02 06:30:25,731 [grpc-default-executor-0] INFO  client.GrpcClientProtocolClient (GrpcClientProtocolClient.java:onNext(255)) - client-0D308AD40832->3258574c-39ac-4ed5-9145-ea59a337c299: receive RaftClientReply:client-0D308AD40832->3258574c-39ac-4ed5-9145-ea59a337c299@group-6C7D867BDA6A, cid=2969, SUCCESS, logIndex=4162, commits[3258574c-39ac-4ed5-9145-ea59a337c299:c4163]
2019-09-02 06:30:25,731 [grpc-default-executor-0] INFO  client.GrpcClientProtocolClient (GrpcClientProtocolClient.java:onNext(255)) - client-0D308AD40832->3258574c-39ac-4ed5-9145-ea59a337c299: receive RaftClientReply:client-0D308AD40832->3258574c-39ac-4ed5-9145-ea59a337c299@group-6C7D867BDA6A, cid=2970, SUCCESS, logIndex=4163, commits[3258574c-39ac-4ed5-9145-ea59a337c299:c4163]
2019-09-02 06:30:25,733 [grpc-default-executor-0] INFO  client.GrpcClientProtocolClient (GrpcClientProtocolClient.java:onNext(255)) - client-0D308AD40832->3258574c-39ac-4ed5-9145-ea59a337c299: receive RaftClientReply:client-0D308AD40832->3258574c-39ac-4ed5-9145-ea59a337c299@group-6C7D867BDA6A, cid=2971, SUCCESS, logIndex=4164, commits[3258574c-39ac-4ed5-9145-ea59a337c299:c4165]
2019-09-02 06:30:25,733 [grpc-default-executor-0] INFO  client.GrpcClientProtocolClient (GrpcClientProtocolClient.java:onNext(255)) - client-0D308AD40832->3258574c-39ac-4ed5-9145-ea59a337c299: receive RaftClientReply:client-0D308AD40832->3258574c-39ac-4ed5-9145-ea59a337c299@group-6C7D867BDA6A, cid=2972, SUCCESS, logIndex=4165, commits[3258574c-39ac-4ed5-9145-ea59a337c299:c4165]
2019-09-02 06:30:25,756 [grpc-default-executor-0] INFO  client.GrpcClientProtocolClient (GrpcClientProtocolClient.java:onNext(255)) - client-0D308AD40832->3258574c-39ac-4ed5-9145-ea59a337c299: receive RaftClientReply:client-0D308AD40832->3258574c-39ac-4ed5-9145-ea59a337c299@group-6C7D867BDA6A, cid=2973, SUCCESS, logIndex=4168, commits[3258574c-39ac-4ed5-9145-ea59a337c299:c4171]
2019-09-02 06:30:25,756 [grpc-default-executor-0] INFO  client.GrpcClientProtocolClient (GrpcClientProtocolClient.java:onNext(255)) - client-0D308AD40832->3258574c-39ac-4ed5-9145-ea59a337c299: receive RaftClientReply:client-0D308AD40832->3258574c-39ac-4ed5-9145-ea59a337c299@group-6C7D867BDA6A, cid=2974, SUCCESS, logIndex=4169, commits[3258574c-39ac-4ed5-9145-ea59a337c299:c4172]
2019-09-02 06:30:25,756 [grpc-default-executor-0] INFO  client.GrpcClientProtocolClient (GrpcClientProtocolClient.java:onNext(255)) - client-0D308AD40832->3258574c-39ac-4ed5-9145-ea59a337c299: receive RaftClientReply:client-0D308AD40832->3258574c-39ac-4ed5-9145-ea59a337c299@group-6C7D867BDA6A, cid=2975, SUCCESS, logIndex=4170, commits[3258574c-39ac-4ed5-9145-ea59a337c299:c4172]
2019-09-02 06:30:25,757 [grpc-default-executor-0] INFO  client.GrpcClientProtocolClient (GrpcClientProtocolClient.java:onNext(255)) - client-0D308AD40832->3258574c-39ac-4ed5-9145-ea59a337c299: receive RaftClientReply:client-0D308AD40832->3258574c-39ac-4ed5-9145-ea59a337c299@group-6C7D867BDA6A, cid=2976, SUCCESS, logIndex=4171, commits[3258574c-39ac-4ed5-9145-ea59a337c299:c4172]
2019-09-02 06:30:25,785 [grpc-default-executor-1] INFO  client.GrpcClientProtocolClient (GrpcClientProtocolClient.java:onNext(255)) - client-0D308AD40832->3258574c-39ac-4ed5-9145-ea59a337c299: receive RaftClientReply:client-0D308AD40832->3258574c-39ac-4ed5-9145-ea59a337c299@group-6C7D867BDA6A, cid=2977, SUCCESS, logIndex=4173, commits[3258574c-39ac-4ed5-9145-ea59a337c299:c4174]
2019-09-02 06:30:25,786 [grpc-default-executor-1] INFO  client.GrpcClientProtocolClient (GrpcClientProtocolClient.java:onNext(255)) - client-0D308AD40832->3258574c-39ac-4ed5-9145-ea59a337c299: receive RaftClientReply:client-0D308AD40832->3258574c-39ac-4ed5-9145-ea59a337c299@group-6C7D867BDA6A, cid=2978, SUCCESS, logIndex=4174, commits[3258574c-39ac-4ed5-9145-ea59a337c299:c4174]
2019-09-02 06:30:25,787 [grpc-default-executor-1] INFO  client.GrpcClientProtocolClient (GrpcClientProtocolClient.java:onNext(255)) - client-0D308AD40832->3258574c-39ac-4ed5-9145-ea59a337c299: receive RaftClientReply:client-0D308AD40832->3258574c-39ac-4ed5-9145-ea59a337c299@group-6C7D867BDA6A, cid=2979, SUCCESS, logIndex=4175, commits[3258574c-39ac-4ed5-9145-ea59a337c299:c4176]
2019-09-02 06:30:25,787 [grpc-default-executor-1] INFO  client.GrpcClientProtocolClient (GrpcClientProtocolClient.java:onNext(255)) - client-0D308AD40832->3258574c-39ac-4ed5-9145-ea59a337c299: receive RaftClientReply:client-0D308AD40832->3258574c-39ac-4ed5-9145-ea59a337c299@group-6C7D867BDA6A, cid=2980, SUCCESS, logIndex=4176, commits[3258574c-39ac-4ed5-9145-ea59a337c299:c4176]
2019-09-02 06:30:25,807 [SCMBlockDeletingService#0] DEBUG block.SCMBlockDeletingService (SCMBlockDeletingService.java:call(138)) - Running DeletedBlockTransactionScanner
2019-09-02 06:30:25,807 [SCMBlockDeletingService#0] DEBUG block.SCMBlockDeletingService (SCMBlockDeletingService.java:call(155)) - Scanned deleted blocks log and got 0 delTX to process.
2019-09-02 06:30:25,807 [grpc-default-executor-1] INFO  client.GrpcClientProtocolClient (GrpcClientProtocolClient.java:onNext(255)) - client-0D308AD40832->3258574c-39ac-4ed5-9145-ea59a337c299: receive RaftClientReply:client-0D308AD40832->3258574c-39ac-4ed5-9145-ea59a337c299@group-6C7D867BDA6A, cid=2981, SUCCESS, logIndex=4179, commits[3258574c-39ac-4ed5-9145-ea59a337c299:c4182]
2019-09-02 06:30:25,808 [grpc-default-executor-1] INFO  client.GrpcClientProtocolClient (GrpcClientProtocolClient.java:onNext(255)) - client-0D308AD40832->3258574c-39ac-4ed5-9145-ea59a337c299: receive RaftClientReply:client-0D308AD40832->3258574c-39ac-4ed5-9145-ea59a337c299@group-6C7D867BDA6A, cid=2982, SUCCESS, logIndex=4180, commits[3258574c-39ac-4ed5-9145-ea59a337c299:c4183]
2019-09-02 06:30:25,808 [grpc-default-executor-1] INFO  client.GrpcClientProtocolClient (GrpcClientProtocolClient.java:onNext(255)) - client-0D308AD40832->3258574c-39ac-4ed5-9145-ea59a337c299: receive RaftClientReply:client-0D308AD40832->3258574c-39ac-4ed5-9145-ea59a337c299@group-6C7D867BDA6A, cid=2983, SUCCESS, logIndex=4181, commits[3258574c-39ac-4ed5-9145-ea59a337c299:c4183]
2019-09-02 06:30:25,808 [grpc-default-executor-1] INFO  client.GrpcClientProtocolClient (GrpcClientProtocolClient.java:onNext(255)) - client-0D308AD40832->3258574c-39ac-4ed5-9145-ea59a337c299: receive RaftClientReply:client-0D308AD40832->3258574c-39ac-4ed5-9145-ea59a337c299@group-6C7D867BDA6A, cid=2984, SUCCESS, logIndex=4182, commits[3258574c-39ac-4ed5-9145-ea59a337c299:c4183]
2019-09-02 06:30:25,837 [grpc-default-executor-0] INFO  client.GrpcClientProtocolClient (GrpcClientProtocolClient.java:onNext(255)) - client-0D308AD40832->3258574c-39ac-4ed5-9145-ea59a337c299: receive RaftClientReply:client-0D308AD40832->3258574c-39ac-4ed5-9145-ea59a337c299@group-6C7D867BDA6A, cid=2985, SUCCESS, logIndex=4184, commits[3258574c-39ac-4ed5-9145-ea59a337c299:c4185]
2019-09-02 06:30:25,838 [grpc-default-executor-0] INFO  client.GrpcClientProtocolClient (GrpcClientProtocolClient.java:onNext(255)) - client-0D308AD40832->3258574c-39ac-4ed5-9145-ea59a337c299: receive RaftClientReply:client-0D308AD40832->3258574c-39ac-4ed5-9145-ea59a337c299@group-6C7D867BDA6A, cid=2986, SUCCESS, logIndex=4185, commits[3258574c-39ac-4ed5-9145-ea59a337c299:c4187]
2019-09-02 06:30:25,838 [grpc-default-executor-0] INFO  client.GrpcClientProtocolClient (GrpcClientProtocolClient.java:onNext(255)) - client-0D308AD40832->3258574c-39ac-4ed5-9145-ea59a337c299: receive RaftClientReply:client-0D308AD40832->3258574c-39ac-4ed5-9145-ea59a337c299@group-6C7D867BDA6A, cid=2987, SUCCESS, logIndex=4186, commits[3258574c-39ac-4ed5-9145-ea59a337c299:c4187]
2019-09-02 06:30:25,838 [grpc-default-executor-0] INFO  client.GrpcClientProtocolClient (GrpcClientProtocolClient.java:onNext(255)) - client-0D308AD40832->3258574c-39ac-4ed5-9145-ea59a337c299: receive RaftClientReply:client-0D308AD40832->3258574c-39ac-4ed5-9145-ea59a337c299@group-6C7D867BDA6A, cid=2988, SUCCESS, logIndex=4187, commits[3258574c-39ac-4ed5-9145-ea59a337c299:c4188]
2019-09-02 06:30:25,859 [grpc-default-executor-1] INFO  client.GrpcClientProtocolClient (GrpcClientProtocolClient.java:onNext(255)) - client-0D308AD40832->3258574c-39ac-4ed5-9145-ea59a337c299: receive RaftClientReply:client-0D308AD40832->3258574c-39ac-4ed5-9145-ea59a337c299@group-6C7D867BDA6A, cid=2989, SUCCESS, logIndex=4190, commits[3258574c-39ac-4ed5-9145-ea59a337c299:c4193]
2019-09-02 06:30:25,859 [grpc-default-executor-1] INFO  client.GrpcClientProtocolClient (GrpcClientProtocolClient.java:onNext(255)) - client-0D308AD40832->3258574c-39ac-4ed5-9145-ea59a337c299: receive RaftClientReply:client-0D308AD40832->3258574c-39ac-4ed5-9145-ea59a337c299@group-6C7D867BDA6A, cid=2990, SUCCESS, logIndex=4191, commits[3258574c-39ac-4ed5-9145-ea59a337c299:c4194]
2019-09-02 06:30:25,860 [grpc-default-executor-1] INFO  client.GrpcClientProtocolClient (GrpcClientProtocolClient.java:onNext(255)) - client-0D308AD40832->3258574c-39ac-4ed5-9145-ea59a337c299: receive RaftClientReply:client-0D308AD40832->3258574c-39ac-4ed5-9145-ea59a337c299@group-6C7D867BDA6A, cid=2991, SUCCESS, logIndex=4192, commits[3258574c-39ac-4ed5-9145-ea59a337c299:c4194]
2019-09-02 06:30:25,860 [grpc-default-executor-1] INFO  client.GrpcClientProtocolClient (GrpcClientProtocolClient.java:onNext(255)) - client-0D308AD40832->3258574c-39ac-4ed5-9145-ea59a337c299: receive RaftClientReply:client-0D308AD40832->3258574c-39ac-4ed5-9145-ea59a337c299@group-6C7D867BDA6A, cid=2992, SUCCESS, logIndex=4193, commits[3258574c-39ac-4ed5-9145-ea59a337c299:c4194]
2019-09-02 06:30:25,892 [grpc-default-executor-1] INFO  client.GrpcClientProtocolClient (GrpcClientProtocolClient.java:onNext(255)) - client-0D308AD40832->3258574c-39ac-4ed5-9145-ea59a337c299: receive RaftClientReply:client-0D308AD40832->3258574c-39ac-4ed5-9145-ea59a337c299@group-6C7D867BDA6A, cid=2993, SUCCESS, logIndex=4195, commits[3258574c-39ac-4ed5-9145-ea59a337c299:c4196]
2019-09-02 06:30:25,893 [grpc-default-executor-1] INFO  client.GrpcClientProtocolClient (GrpcClientProtocolClient.java:onNext(255)) - client-0D308AD40832->3258574c-39ac-4ed5-9145-ea59a337c299: receive RaftClientReply:client-0D308AD40832->3258574c-39ac-4ed5-9145-ea59a337c299@group-6C7D867BDA6A, cid=2994, SUCCESS, logIndex=4196, commits[3258574c-39ac-4ed5-9145-ea59a337c299:c4196]
2019-09-02 06:30:25,903 [grpc-default-executor-1] INFO  client.GrpcClientProtocolClient (GrpcClientProtocolClient.java:onNext(255)) - client-0D308AD40832->3258574c-39ac-4ed5-9145-ea59a337c299: receive RaftClientReply:client-0D308AD40832->3258574c-39ac-4ed5-9145-ea59a337c299@group-6C7D867BDA6A, cid=2995, SUCCESS, logIndex=4197, commits[3258574c-39ac-4ed5-9145-ea59a337c299:c4198]
2019-09-02 06:30:25,903 [grpc-default-executor-1] INFO  client.GrpcClientProtocolClient (GrpcClientProtocolClient.java:onNext(255)) - client-0D308AD40832->3258574c-39ac-4ed5-9145-ea59a337c299: receive RaftClientReply:client-0D308AD40832->3258574c-39ac-4ed5-9145-ea59a337c299@group-6C7D867BDA6A, cid=2996, SUCCESS, logIndex=4198, commits[3258574c-39ac-4ed5-9145-ea59a337c299:c4198]
2019-09-02 06:30:25,907 [SCMBlockDeletingService#0] DEBUG block.SCMBlockDeletingService (SCMBlockDeletingService.java:call(138)) - Running DeletedBlockTransactionScanner
2019-09-02 06:30:25,908 [SCMBlockDeletingService#0] DEBUG block.SCMBlockDeletingService (SCMBlockDeletingService.java:call(155)) - Scanned deleted blocks log and got 0 delTX to process.
2019-09-02 06:30:25,923 [grpc-default-executor-1] INFO  client.GrpcClientProtocolClient (GrpcClientProtocolClient.java:onNext(255)) - client-0D308AD40832->3258574c-39ac-4ed5-9145-ea59a337c299: receive RaftClientReply:client-0D308AD40832->3258574c-39ac-4ed5-9145-ea59a337c299@group-6C7D867BDA6A, cid=2997, SUCCESS, logIndex=4201, commits[3258574c-39ac-4ed5-9145-ea59a337c299:c4202]
2019-09-02 06:30:25,924 [grpc-default-executor-1] INFO  client.GrpcClientProtocolClient (GrpcClientProtocolClient.java:onNext(255)) - client-0D308AD40832->3258574c-39ac-4ed5-9145-ea59a337c299: receive RaftClientReply:client-0D308AD40832->3258574c-39ac-4ed5-9145-ea59a337c299@group-6C7D867BDA6A, cid=2998, SUCCESS, logIndex=4202, commits[3258574c-39ac-4ed5-9145-ea59a337c299:c4202]
2019-09-02 06:30:25,925 [grpc-default-executor-1] INFO  client.GrpcClientProtocolClient (GrpcClientProtocolClient.java:onNext(255)) - client-0D308AD40832->3258574c-39ac-4ed5-9145-ea59a337c299: receive RaftClientReply:client-0D308AD40832->3258574c-39ac-4ed5-9145-ea59a337c299@group-6C7D867BDA6A, cid=2999, SUCCESS, logIndex=4203, commits[3258574c-39ac-4ed5-9145-ea59a337c299:c4204]
2019-09-02 06:30:25,925 [grpc-default-executor-1] INFO  client.GrpcClientProtocolClient (GrpcClientProtocolClient.java:onNext(255)) - client-0D308AD40832->3258574c-39ac-4ed5-9145-ea59a337c299: receive RaftClientReply:client-0D308AD40832->3258574c-39ac-4ed5-9145-ea59a337c299@group-6C7D867BDA6A, cid=3000, SUCCESS, logIndex=4204, commits[3258574c-39ac-4ed5-9145-ea59a337c299:c4204]
2019-09-02 06:30:26,024 [SCMBlockDeletingService#0] DEBUG block.SCMBlockDeletingService (SCMBlockDeletingService.java:call(138)) - Running DeletedBlockTransactionScanner
2019-09-02 06:30:26,024 [SCMBlockDeletingService#0] DEBUG block.SCMBlockDeletingService (SCMBlockDeletingService.java:call(155)) - Scanned deleted blocks log and got 0 delTX to process.
2019-09-02 06:30:26,054 [grpc-default-executor-0] INFO  client.GrpcClientProtocolClient (GrpcClientProtocolClient.java:onNext(255)) - client-0D308AD40832->3258574c-39ac-4ed5-9145-ea59a337c299: receive RaftClientReply:client-0D308AD40832->3258574c-39ac-4ed5-9145-ea59a337c299@group-6C7D867BDA6A, cid=3001, SUCCESS, logIndex=4207, commits[3258574c-39ac-4ed5-9145-ea59a337c299:c4210]
2019-09-02 06:30:26,055 [grpc-default-executor-0] INFO  client.GrpcClientProtocolClient (GrpcClientProtocolClient.java:onNext(255)) - client-0D308AD40832->3258574c-39ac-4ed5-9145-ea59a337c299: receive RaftClientReply:client-0D308AD40832->3258574c-39ac-4ed5-9145-ea59a337c299@group-6C7D867BDA6A, cid=3002, SUCCESS, logIndex=4208, commits[3258574c-39ac-4ed5-9145-ea59a337c299:c4211]
2019-09-02 06:30:26,055 [grpc-default-executor-0] INFO  client.GrpcClientProtocolClient (GrpcClientProtocolClient.java:onNext(255)) - client-0D308AD40832->3258574c-39ac-4ed5-9145-ea59a337c299: receive RaftClientReply:client-0D308AD40832->3258574c-39ac-4ed5-9145-ea59a337c299@group-6C7D867BDA6A, cid=3003, SUCCESS, logIndex=4209, commits[3258574c-39ac-4ed5-9145-ea59a337c299:c4211]
2019-09-02 06:30:26,055 [grpc-default-executor-0] INFO  client.GrpcClientProtocolClient (GrpcClientProtocolClient.java:onNext(255)) - client-0D308AD40832->3258574c-39ac-4ed5-9145-ea59a337c299: receive RaftClientReply:client-0D308AD40832->3258574c-39ac-4ed5-9145-ea59a337c299@group-6C7D867BDA6A, cid=3004, SUCCESS, logIndex=4210, commits[3258574c-39ac-4ed5-9145-ea59a337c299:c4211]
2019-09-02 06:30:26,077 [grpc-default-executor-0] INFO  client.GrpcClientProtocolClient (GrpcClientProtocolClient.java:onNext(255)) - client-0D308AD40832->3258574c-39ac-4ed5-9145-ea59a337c299: receive RaftClientReply:client-0D308AD40832->3258574c-39ac-4ed5-9145-ea59a337c299@group-6C7D867BDA6A, cid=3005, SUCCESS, logIndex=4212, commits[3258574c-39ac-4ed5-9145-ea59a337c299:c4213]
2019-09-02 06:30:26,078 [grpc-default-executor-0] INFO  client.GrpcClientProtocolClient (GrpcClientProtocolClient.java:onNext(255)) - client-0D308AD40832->3258574c-39ac-4ed5-9145-ea59a337c299: receive RaftClientReply:client-0D308AD40832->3258574c-39ac-4ed5-9145-ea59a337c299@group-6C7D867BDA6A, cid=3006, SUCCESS, logIndex=4213, commits[3258574c-39ac-4ed5-9145-ea59a337c299:c4214]
2019-09-02 06:30:26,125 [SCMBlockDeletingService#0] DEBUG block.SCMBlockDeletingService (SCMBlockDeletingService.java:call(138)) - Running DeletedBlockTransactionScanner
2019-09-02 06:30:26,125 [SCMBlockDeletingService#0] DEBUG block.SCMBlockDeletingService (SCMBlockDeletingService.java:call(155)) - Scanned deleted blocks log and got 0 delTX to process.
2019-09-02 06:30:26,183 [grpc-default-executor-1] INFO  client.GrpcClientProtocolClient (GrpcClientProtocolClient.java:onNext(255)) - client-0D308AD40832->3258574c-39ac-4ed5-9145-ea59a337c299: receive RaftClientReply:client-0D308AD40832->3258574c-39ac-4ed5-9145-ea59a337c299@group-6C7D867BDA6A, cid=3007, SUCCESS, logIndex=4215, commits[3258574c-39ac-4ed5-9145-ea59a337c299:c4216]
2019-09-02 06:30:26,184 [grpc-default-executor-1] INFO  client.GrpcClientProtocolClient (GrpcClientProtocolClient.java:onNext(255)) - client-0D308AD40832->3258574c-39ac-4ed5-9145-ea59a337c299: receive RaftClientReply:client-0D308AD40832->3258574c-39ac-4ed5-9145-ea59a337c299@group-6C7D867BDA6A, cid=3008, SUCCESS, logIndex=4216, commits[3258574c-39ac-4ed5-9145-ea59a337c299:c4217]
2019-09-02 06:30:26,212 [grpc-default-executor-1] INFO  client.GrpcClientProtocolClient (GrpcClientProtocolClient.java:onNext(255)) - client-0D308AD40832->3258574c-39ac-4ed5-9145-ea59a337c299: receive RaftClientReply:client-0D308AD40832->3258574c-39ac-4ed5-9145-ea59a337c299@group-6C7D867BDA6A, cid=3009, SUCCESS, logIndex=4218, commits[3258574c-39ac-4ed5-9145-ea59a337c299:c4221]
2019-09-02 06:30:26,213 [grpc-default-executor-1] INFO  client.GrpcClientProtocolClient (GrpcClientProtocolClient.java:onNext(255)) - client-0D308AD40832->3258574c-39ac-4ed5-9145-ea59a337c299: receive RaftClientReply:client-0D308AD40832->3258574c-39ac-4ed5-9145-ea59a337c299@group-6C7D867BDA6A, cid=3010, SUCCESS, logIndex=4219, commits[3258574c-39ac-4ed5-9145-ea59a337c299:c4221]
2019-09-02 06:30:26,213 [grpc-default-executor-1] INFO  client.GrpcClientProtocolClient (GrpcClientProtocolClient.java:onNext(255)) - client-0D308AD40832->3258574c-39ac-4ed5-9145-ea59a337c299: receive RaftClientReply:client-0D308AD40832->3258574c-39ac-4ed5-9145-ea59a337c299@group-6C7D867BDA6A, cid=3011, SUCCESS, logIndex=4220, commits[3258574c-39ac-4ed5-9145-ea59a337c299:c4222]
2019-09-02 06:30:26,213 [grpc-default-executor-1] INFO  client.GrpcClientProtocolClient (GrpcClientProtocolClient.java:onNext(255)) - client-0D308AD40832->3258574c-39ac-4ed5-9145-ea59a337c299: receive RaftClientReply:client-0D308AD40832->3258574c-39ac-4ed5-9145-ea59a337c299@group-6C7D867BDA6A, cid=3012, SUCCESS, logIndex=4221, commits[3258574c-39ac-4ed5-9145-ea59a337c299:c4222]
2019-09-02 06:30:26,225 [SCMBlockDeletingService#0] DEBUG block.SCMBlockDeletingService (SCMBlockDeletingService.java:call(138)) - Running DeletedBlockTransactionScanner
2019-09-02 06:30:26,225 [SCMBlockDeletingService#0] DEBUG block.SCMBlockDeletingService (SCMBlockDeletingService.java:call(155)) - Scanned deleted blocks log and got 0 delTX to process.
2019-09-02 06:30:26,233 [grpc-default-executor-1] INFO  client.GrpcClientProtocolClient (GrpcClientProtocolClient.java:onNext(255)) - client-0D308AD40832->3258574c-39ac-4ed5-9145-ea59a337c299: receive RaftClientReply:client-0D308AD40832->3258574c-39ac-4ed5-9145-ea59a337c299@group-6C7D867BDA6A, cid=3013, SUCCESS, logIndex=4223, commits[3258574c-39ac-4ed5-9145-ea59a337c299:c4224]
2019-09-02 06:30:26,233 [grpc-default-executor-1] INFO  client.GrpcClientProtocolClient (GrpcClientProtocolClient.java:onNext(255)) - client-0D308AD40832->3258574c-39ac-4ed5-9145-ea59a337c299: receive RaftClientReply:client-0D308AD40832->3258574c-39ac-4ed5-9145-ea59a337c299@group-6C7D867BDA6A, cid=3014, SUCCESS, logIndex=4224, commits[3258574c-39ac-4ed5-9145-ea59a337c299:c4224]
2019-09-02 06:30:26,234 [grpc-default-executor-1] INFO  client.GrpcClientProtocolClient (GrpcClientProtocolClient.java:onNext(255)) - client-0D308AD40832->3258574c-39ac-4ed5-9145-ea59a337c299: receive RaftClientReply:client-0D308AD40832->3258574c-39ac-4ed5-9145-ea59a337c299@group-6C7D867BDA6A, cid=3015, SUCCESS, logIndex=4225, commits[3258574c-39ac-4ed5-9145-ea59a337c299:c4226]
2019-09-02 06:30:26,234 [grpc-default-executor-1] INFO  client.GrpcClientProtocolClient (GrpcClientProtocolClient.java:onNext(255)) - client-0D308AD40832->3258574c-39ac-4ed5-9145-ea59a337c299: receive RaftClientReply:client-0D308AD40832->3258574c-39ac-4ed5-9145-ea59a337c299@group-6C7D867BDA6A, cid=3016, SUCCESS, logIndex=4226, commits[3258574c-39ac-4ed5-9145-ea59a337c299:c4226]
2019-09-02 06:30:26,263 [grpc-default-executor-0] INFO  client.GrpcClientProtocolClient (GrpcClientProtocolClient.java:onNext(255)) - client-0D308AD40832->3258574c-39ac-4ed5-9145-ea59a337c299: receive RaftClientReply:client-0D308AD40832->3258574c-39ac-4ed5-9145-ea59a337c299@group-6C7D867BDA6A, cid=3017, SUCCESS, logIndex=4229, commits[3258574c-39ac-4ed5-9145-ea59a337c299:c4232]
2019-09-02 06:30:26,264 [grpc-default-executor-0] INFO  client.GrpcClientProtocolClient (GrpcClientProtocolClient.java:onNext(255)) - client-0D308AD40832->3258574c-39ac-4ed5-9145-ea59a337c299: receive RaftClientReply:client-0D308AD40832->3258574c-39ac-4ed5-9145-ea59a337c299@group-6C7D867BDA6A, cid=3018, SUCCESS, logIndex=4230, commits[3258574c-39ac-4ed5-9145-ea59a337c299:c4233]
2019-09-02 06:30:26,264 [grpc-default-executor-0] INFO  client.GrpcClientProtocolClient (GrpcClientProtocolClient.java:onNext(255)) - client-0D308AD40832->3258574c-39ac-4ed5-9145-ea59a337c299: receive RaftClientReply:client-0D308AD40832->3258574c-39ac-4ed5-9145-ea59a337c299@group-6C7D867BDA6A, cid=3019, SUCCESS, logIndex=4231, commits[3258574c-39ac-4ed5-9145-ea59a337c299:c4233]
2019-09-02 06:30:26,264 [grpc-default-executor-0] INFO  client.GrpcClientProtocolClient (GrpcClientProtocolClient.java:onNext(255)) - client-0D308AD40832->3258574c-39ac-4ed5-9145-ea59a337c299: receive RaftClientReply:client-0D308AD40832->3258574c-39ac-4ed5-9145-ea59a337c299@group-6C7D867BDA6A, cid=3020, SUCCESS, logIndex=4232, commits[3258574c-39ac-4ed5-9145-ea59a337c299:c4233]
2019-09-02 06:30:26,289 [grpc-default-executor-0] INFO  client.GrpcClientProtocolClient (GrpcClientProtocolClient.java:onNext(255)) - client-0D308AD40832->3258574c-39ac-4ed5-9145-ea59a337c299: receive RaftClientReply:client-0D308AD40832->3258574c-39ac-4ed5-9145-ea59a337c299@group-6C7D867BDA6A, cid=3021, SUCCESS, logIndex=4234, commits[3258574c-39ac-4ed5-9145-ea59a337c299:c4234]
2019-09-02 06:30:26,289 [grpc-default-executor-0] INFO  client.GrpcClientProtocolClient (GrpcClientProtocolClient.java:onNext(255)) - client-0D308AD40832->3258574c-39ac-4ed5-9145-ea59a337c299: receive RaftClientReply:client-0D308AD40832->3258574c-39ac-4ed5-9145-ea59a337c299@group-6C7D867BDA6A, cid=3022, SUCCESS, logIndex=4235, commits[3258574c-39ac-4ed5-9145-ea59a337c299:c4237]
2019-09-02 06:30:26,290 [grpc-default-executor-0] INFO  client.GrpcClientProtocolClient (GrpcClientProtocolClient.java:onNext(255)) - client-0D308AD40832->3258574c-39ac-4ed5-9145-ea59a337c299: receive RaftClientReply:client-0D308AD40832->3258574c-39ac-4ed5-9145-ea59a337c299@group-6C7D867BDA6A, cid=3023, SUCCESS, logIndex=4236, commits[3258574c-39ac-4ed5-9145-ea59a337c299:c4238]
2019-09-02 06:30:26,290 [grpc-default-executor-0] INFO  client.GrpcClientProtocolClient (GrpcClientProtocolClient.java:onNext(255)) - client-0D308AD40832->3258574c-39ac-4ed5-9145-ea59a337c299: receive RaftClientReply:client-0D308AD40832->3258574c-39ac-4ed5-9145-ea59a337c299@group-6C7D867BDA6A, cid=3024, SUCCESS, logIndex=4237, commits[3258574c-39ac-4ed5-9145-ea59a337c299:c4238]
2019-09-02 06:30:26,324 [grpc-default-executor-0] INFO  client.GrpcClientProtocolClient (GrpcClientProtocolClient.java:onNext(255)) - client-0D308AD40832->3258574c-39ac-4ed5-9145-ea59a337c299: receive RaftClientReply:client-0D308AD40832->3258574c-39ac-4ed5-9145-ea59a337c299@group-6C7D867BDA6A, cid=3025, SUCCESS, logIndex=4240, commits[3258574c-39ac-4ed5-9145-ea59a337c299:c4243]
2019-09-02 06:30:26,324 [grpc-default-executor-0] INFO  client.GrpcClientProtocolClient (GrpcClientProtocolClient.java:onNext(255)) - client-0D308AD40832->3258574c-39ac-4ed5-9145-ea59a337c299: receive RaftClientReply:client-0D308AD40832->3258574c-39ac-4ed5-9145-ea59a337c299@group-6C7D867BDA6A, cid=3026, SUCCESS, logIndex=4241, commits[3258574c-39ac-4ed5-9145-ea59a337c299:c4244]
2019-09-02 06:30:26,325 [grpc-default-executor-0] INFO  client.GrpcClientProtocolClient (GrpcClientProtocolClient.java:onNext(255)) - client-0D308AD40832->3258574c-39ac-4ed5-9145-ea59a337c299: receive RaftClientReply:client-0D308AD40832->3258574c-39ac-4ed5-9145-ea59a337c299@group-6C7D867BDA6A, cid=3027, SUCCESS, logIndex=4242, commits[3258574c-39ac-4ed5-9145-ea59a337c299:c4244]
2019-09-02 06:30:26,325 [grpc-default-executor-0] INFO  client.GrpcClientProtocolClient (GrpcClientProtocolClient.java:onNext(255)) - client-0D308AD40832->3258574c-39ac-4ed5-9145-ea59a337c299: receive RaftClientReply:client-0D308AD40832->3258574c-39ac-4ed5-9145-ea59a337c299@group-6C7D867BDA6A, cid=3028, SUCCESS, logIndex=4243, commits[3258574c-39ac-4ed5-9145-ea59a337c299:c4245]
2019-09-02 06:30:26,326 [SCMBlockDeletingService#0] DEBUG block.SCMBlockDeletingService (SCMBlockDeletingService.java:call(138)) - Running DeletedBlockTransactionScanner
2019-09-02 06:30:26,326 [SCMBlockDeletingService#0] DEBUG block.SCMBlockDeletingService (SCMBlockDeletingService.java:call(155)) - Scanned deleted blocks log and got 0 delTX to process.
2019-09-02 06:30:26,361 [grpc-default-executor-0] INFO  client.GrpcClientProtocolClient (GrpcClientProtocolClient.java:onNext(255)) - client-0D308AD40832->3258574c-39ac-4ed5-9145-ea59a337c299: receive RaftClientReply:client-0D308AD40832->3258574c-39ac-4ed5-9145-ea59a337c299@group-6C7D867BDA6A, cid=3029, SUCCESS, logIndex=4246, commits[3258574c-39ac-4ed5-9145-ea59a337c299:c4249]
2019-09-02 06:30:26,362 [grpc-default-executor-0] INFO  client.GrpcClientProtocolClient (GrpcClientProtocolClient.java:onNext(255)) - client-0D308AD40832->3258574c-39ac-4ed5-9145-ea59a337c299: receive RaftClientReply:client-0D308AD40832->3258574c-39ac-4ed5-9145-ea59a337c299@group-6C7D867BDA6A, cid=3030, SUCCESS, logIndex=4247, commits[3258574c-39ac-4ed5-9145-ea59a337c299:c4250]
2019-09-02 06:30:26,362 [grpc-default-executor-0] INFO  client.GrpcClientProtocolClient (GrpcClientProtocolClient.java:onNext(255)) - client-0D308AD40832->3258574c-39ac-4ed5-9145-ea59a337c299: receive RaftClientReply:client-0D308AD40832->3258574c-39ac-4ed5-9145-ea59a337c299@group-6C7D867BDA6A, cid=3031, SUCCESS, logIndex=4248, commits[3258574c-39ac-4ed5-9145-ea59a337c299:c4250]
2019-09-02 06:30:26,362 [grpc-default-executor-0] INFO  client.GrpcClientProtocolClient (GrpcClientProtocolClient.java:onNext(255)) - client-0D308AD40832->3258574c-39ac-4ed5-9145-ea59a337c299: receive RaftClientReply:client-0D308AD40832->3258574c-39ac-4ed5-9145-ea59a337c299@group-6C7D867BDA6A, cid=3032, SUCCESS, logIndex=4249, commits[3258574c-39ac-4ed5-9145-ea59a337c299:c4251]
2019-09-02 06:30:26,394 [grpc-default-executor-1] INFO  client.GrpcClientProtocolClient (GrpcClientProtocolClient.java:onNext(255)) - client-0D308AD40832->3258574c-39ac-4ed5-9145-ea59a337c299: receive RaftClientReply:client-0D308AD40832->3258574c-39ac-4ed5-9145-ea59a337c299@group-6C7D867BDA6A, cid=3033, SUCCESS, logIndex=4252, commits[3258574c-39ac-4ed5-9145-ea59a337c299:c4253]
2019-09-02 06:30:26,395 [grpc-default-executor-1] INFO  client.GrpcClientProtocolClient (GrpcClientProtocolClient.java:onNext(255)) - client-0D308AD40832->3258574c-39ac-4ed5-9145-ea59a337c299: receive RaftClientReply:client-0D308AD40832->3258574c-39ac-4ed5-9145-ea59a337c299@group-6C7D867BDA6A, cid=3034, SUCCESS, logIndex=4253, commits[3258574c-39ac-4ed5-9145-ea59a337c299:c4253]
2019-09-02 06:30:26,395 [grpc-default-executor-1] INFO  client.GrpcClientProtocolClient (GrpcClientProtocolClient.java:onNext(255)) - client-0D308AD40832->3258574c-39ac-4ed5-9145-ea59a337c299: receive RaftClientReply:client-0D308AD40832->3258574c-39ac-4ed5-9145-ea59a337c299@group-6C7D867BDA6A, cid=3035, SUCCESS, logIndex=4254, commits[3258574c-39ac-4ed5-9145-ea59a337c299:c4255]
2019-09-02 06:30:26,395 [grpc-default-executor-1] INFO  client.GrpcClientProtocolClient (GrpcClientProtocolClient.java:onNext(255)) - client-0D308AD40832->3258574c-39ac-4ed5-9145-ea59a337c299: receive RaftClientReply:client-0D308AD40832->3258574c-39ac-4ed5-9145-ea59a337c299@group-6C7D867BDA6A, cid=3036, SUCCESS, logIndex=4255, commits[3258574c-39ac-4ed5-9145-ea59a337c299:c4256]
2019-09-02 06:30:26,415 [grpc-default-executor-1] INFO  client.GrpcClientProtocolClient (GrpcClientProtocolClient.java:onNext(255)) - client-0D308AD40832->3258574c-39ac-4ed5-9145-ea59a337c299: receive RaftClientReply:client-0D308AD40832->3258574c-39ac-4ed5-9145-ea59a337c299@group-6C7D867BDA6A, cid=3037, SUCCESS, logIndex=4258, commits[3258574c-39ac-4ed5-9145-ea59a337c299:c4259]
2019-09-02 06:30:26,416 [grpc-default-executor-1] INFO  client.GrpcClientProtocolClient (GrpcClientProtocolClient.java:onNext(255)) - client-0D308AD40832->3258574c-39ac-4ed5-9145-ea59a337c299: receive RaftClientReply:client-0D308AD40832->3258574c-39ac-4ed5-9145-ea59a337c299@group-6C7D867BDA6A, cid=3038, SUCCESS, logIndex=4259, commits[3258574c-39ac-4ed5-9145-ea59a337c299:c4261]
2019-09-02 06:30:26,416 [grpc-default-executor-1] INFO  client.GrpcClientProtocolClient (GrpcClientProtocolClient.java:onNext(255)) - client-0D308AD40832->3258574c-39ac-4ed5-9145-ea59a337c299: receive RaftClientReply:client-0D308AD40832->3258574c-39ac-4ed5-9145-ea59a337c299@group-6C7D867BDA6A, cid=3039, SUCCESS, logIndex=4260, commits[3258574c-39ac-4ed5-9145-ea59a337c299:c4262]
2019-09-02 06:30:26,416 [grpc-default-executor-1] INFO  client.GrpcClientProtocolClient (GrpcClientProtocolClient.java:onNext(255)) - client-0D308AD40832->3258574c-39ac-4ed5-9145-ea59a337c299: receive RaftClientReply:client-0D308AD40832->3258574c-39ac-4ed5-9145-ea59a337c299@group-6C7D867BDA6A, cid=3040, SUCCESS, logIndex=4261, commits[3258574c-39ac-4ed5-9145-ea59a337c299:c4263]
2019-09-02 06:30:26,428 [SCMBlockDeletingService#0] DEBUG block.SCMBlockDeletingService (SCMBlockDeletingService.java:call(138)) - Running DeletedBlockTransactionScanner
2019-09-02 06:30:26,428 [SCMBlockDeletingService#0] DEBUG block.SCMBlockDeletingService (SCMBlockDeletingService.java:call(155)) - Scanned deleted blocks log and got 0 delTX to process.
2019-09-02 06:30:26,452 [grpc-default-executor-0] INFO  client.GrpcClientProtocolClient (GrpcClientProtocolClient.java:onNext(255)) - client-0D308AD40832->3258574c-39ac-4ed5-9145-ea59a337c299: receive RaftClientReply:client-0D308AD40832->3258574c-39ac-4ed5-9145-ea59a337c299@group-6C7D867BDA6A, cid=3041, SUCCESS, logIndex=4264, commits[3258574c-39ac-4ed5-9145-ea59a337c299:c4267]
2019-09-02 06:30:26,453 [grpc-default-executor-0] INFO  client.GrpcClientProtocolClient (GrpcClientProtocolClient.java:onNext(255)) - client-0D308AD40832->3258574c-39ac-4ed5-9145-ea59a337c299: receive RaftClientReply:client-0D308AD40832->3258574c-39ac-4ed5-9145-ea59a337c299@group-6C7D867BDA6A, cid=3042, SUCCESS, logIndex=4265, commits[3258574c-39ac-4ed5-9145-ea59a337c299:c4267]
2019-09-02 06:30:26,453 [grpc-default-executor-0] INFO  client.GrpcClientProtocolClient (GrpcClientProtocolClient.java:onNext(255)) - client-0D308AD40832->3258574c-39ac-4ed5-9145-ea59a337c299: receive RaftClientReply:client-0D308AD40832->3258574c-39ac-4ed5-9145-ea59a337c299@group-6C7D867BDA6A, cid=3043, SUCCESS, logIndex=4266, commits[3258574c-39ac-4ed5-9145-ea59a337c299:c4268]
2019-09-02 06:30:26,453 [grpc-default-executor-0] INFO  client.GrpcClientProtocolClient (GrpcClientProtocolClient.java:onNext(255)) - client-0D308AD40832->3258574c-39ac-4ed5-9145-ea59a337c299: receive RaftClientReply:client-0D308AD40832->3258574c-39ac-4ed5-9145-ea59a337c299@group-6C7D867BDA6A, cid=3044, SUCCESS, logIndex=4267, commits[3258574c-39ac-4ed5-9145-ea59a337c299:c4268]
2019-09-02 06:30:26,474 [grpc-default-executor-0] INFO  client.GrpcClientProtocolClient (GrpcClientProtocolClient.java:onNext(255)) - client-0D308AD40832->3258574c-39ac-4ed5-9145-ea59a337c299: receive RaftClientReply:client-0D308AD40832->3258574c-39ac-4ed5-9145-ea59a337c299@group-6C7D867BDA6A, cid=3045, SUCCESS, logIndex=4270, commits[3258574c-39ac-4ed5-9145-ea59a337c299:c4271]
2019-09-02 06:30:26,474 [grpc-default-executor-0] INFO  client.GrpcClientProtocolClient (GrpcClientProtocolClient.java:onNext(255)) - client-0D308AD40832->3258574c-39ac-4ed5-9145-ea59a337c299: receive RaftClientReply:client-0D308AD40832->3258574c-39ac-4ed5-9145-ea59a337c299@group-6C7D867BDA6A, cid=3046, SUCCESS, logIndex=4271, commits[3258574c-39ac-4ed5-9145-ea59a337c299:c4274]
2019-09-02 06:30:26,475 [grpc-default-executor-0] INFO  client.GrpcClientProtocolClient (GrpcClientProtocolClient.java:onNext(255)) - client-0D308AD40832->3258574c-39ac-4ed5-9145-ea59a337c299: receive RaftClientReply:client-0D308AD40832->3258574c-39ac-4ed5-9145-ea59a337c299@group-6C7D867BDA6A, cid=3047, SUCCESS, logIndex=4272, commits[3258574c-39ac-4ed5-9145-ea59a337c299:c4274]
2019-09-02 06:30:26,475 [grpc-default-executor-0] INFO  client.GrpcClientProtocolClient (GrpcClientProtocolClient.java:onNext(255)) - client-0D308AD40832->3258574c-39ac-4ed5-9145-ea59a337c299: receive RaftClientReply:client-0D308AD40832->3258574c-39ac-4ed5-9145-ea59a337c299@group-6C7D867BDA6A, cid=3048, SUCCESS, logIndex=4273, commits[3258574c-39ac-4ed5-9145-ea59a337c299:c4275]
2019-09-02 06:30:26,504 [grpc-default-executor-1] INFO  client.GrpcClientProtocolClient (GrpcClientProtocolClient.java:onNext(255)) - client-0D308AD40832->3258574c-39ac-4ed5-9145-ea59a337c299: receive RaftClientReply:client-0D308AD40832->3258574c-39ac-4ed5-9145-ea59a337c299@group-6C7D867BDA6A, cid=3049, SUCCESS, logIndex=4276, commits[3258574c-39ac-4ed5-9145-ea59a337c299:c4277]
2019-09-02 06:30:26,504 [grpc-default-executor-1] INFO  client.GrpcClientProtocolClient (GrpcClientProtocolClient.java:onNext(255)) - client-0D308AD40832->3258574c-39ac-4ed5-9145-ea59a337c299: receive RaftClientReply:client-0D308AD40832->3258574c-39ac-4ed5-9145-ea59a337c299@group-6C7D867BDA6A, cid=3050, SUCCESS, logIndex=4277, commits[3258574c-39ac-4ed5-9145-ea59a337c299:c4278]
2019-09-02 06:30:26,528 [SCMBlockDeletingService#0] DEBUG block.SCMBlockDeletingService (SCMBlockDeletingService.java:call(138)) - Running DeletedBlockTransactionScanner
2019-09-02 06:30:26,529 [SCMBlockDeletingService#0] DEBUG block.SCMBlockDeletingService (SCMBlockDeletingService.java:call(155)) - Scanned deleted blocks log and got 0 delTX to process.
2019-09-02 06:30:26,596 [grpc-default-executor-0] INFO  client.GrpcClientProtocolClient (GrpcClientProtocolClient.java:onNext(255)) - client-0D308AD40832->3258574c-39ac-4ed5-9145-ea59a337c299: receive RaftClientReply:client-0D308AD40832->3258574c-39ac-4ed5-9145-ea59a337c299@group-6C7D867BDA6A, cid=3051, SUCCESS, logIndex=4279, commits[3258574c-39ac-4ed5-9145-ea59a337c299:c4280]
2019-09-02 06:30:26,596 [grpc-default-executor-0] INFO  client.GrpcClientProtocolClient (GrpcClientProtocolClient.java:onNext(255)) - client-0D308AD40832->3258574c-39ac-4ed5-9145-ea59a337c299: receive RaftClientReply:client-0D308AD40832->3258574c-39ac-4ed5-9145-ea59a337c299@group-6C7D867BDA6A, cid=3052, SUCCESS, logIndex=4280, commits[3258574c-39ac-4ed5-9145-ea59a337c299:c4281]
2019-09-02 06:30:26,619 [grpc-default-executor-0] INFO  client.GrpcClientProtocolClient (GrpcClientProtocolClient.java:onNext(255)) - client-0D308AD40832->3258574c-39ac-4ed5-9145-ea59a337c299: receive RaftClientReply:client-0D308AD40832->3258574c-39ac-4ed5-9145-ea59a337c299@group-6C7D867BDA6A, cid=3053, SUCCESS, logIndex=4282, commits[3258574c-39ac-4ed5-9145-ea59a337c299:c4285]
2019-09-02 06:30:26,620 [grpc-default-executor-0] INFO  client.GrpcClientProtocolClient (GrpcClientProtocolClient.java:onNext(255)) - client-0D308AD40832->3258574c-39ac-4ed5-9145-ea59a337c299: receive RaftClientReply:client-0D308AD40832->3258574c-39ac-4ed5-9145-ea59a337c299@group-6C7D867BDA6A, cid=3054, SUCCESS, logIndex=4283, commits[3258574c-39ac-4ed5-9145-ea59a337c299:c4285]
2019-09-02 06:30:26,620 [grpc-default-executor-0] INFO  client.GrpcClientProtocolClient (GrpcClientProtocolClient.java:onNext(255)) - client-0D308AD40832->3258574c-39ac-4ed5-9145-ea59a337c299: receive RaftClientReply:client-0D308AD40832->3258574c-39ac-4ed5-9145-ea59a337c299@group-6C7D867BDA6A, cid=3055, SUCCESS, logIndex=4284, commits[3258574c-39ac-4ed5-9145-ea59a337c299:c4285]
2019-09-02 06:30:26,620 [grpc-default-executor-0] INFO  client.GrpcClientProtocolClient (GrpcClientProtocolClient.java:onNext(255)) - client-0D308AD40832->3258574c-39ac-4ed5-9145-ea59a337c299: receive RaftClientReply:client-0D308AD40832->3258574c-39ac-4ed5-9145-ea59a337c299@group-6C7D867BDA6A, cid=3056, SUCCESS, logIndex=4285, commits[3258574c-39ac-4ed5-9145-ea59a337c299:c4285]
2019-09-02 06:30:26,629 [SCMBlockDeletingService#0] DEBUG block.SCMBlockDeletingService (SCMBlockDeletingService.java:call(138)) - Running DeletedBlockTransactionScanner
2019-09-02 06:30:26,629 [SCMBlockDeletingService#0] DEBUG block.SCMBlockDeletingService (SCMBlockDeletingService.java:call(155)) - Scanned deleted blocks log and got 0 delTX to process.
2019-09-02 06:30:26,730 [SCMBlockDeletingService#0] DEBUG block.SCMBlockDeletingService (SCMBlockDeletingService.java:call(138)) - Running DeletedBlockTransactionScanner
2019-09-02 06:30:26,730 [SCMBlockDeletingService#0] DEBUG block.SCMBlockDeletingService (SCMBlockDeletingService.java:call(155)) - Scanned deleted blocks log and got 0 delTX to process.
2019-09-02 06:30:26,830 [SCMBlockDeletingService#0] DEBUG block.SCMBlockDeletingService (SCMBlockDeletingService.java:call(138)) - Running DeletedBlockTransactionScanner
2019-09-02 06:30:26,831 [SCMBlockDeletingService#0] DEBUG block.SCMBlockDeletingService (SCMBlockDeletingService.java:call(155)) - Scanned deleted blocks log and got 0 delTX to process.
2019-09-02 06:30:26,931 [SCMBlockDeletingService#0] DEBUG block.SCMBlockDeletingService (SCMBlockDeletingService.java:call(138)) - Running DeletedBlockTransactionScanner
2019-09-02 06:30:26,931 [SCMBlockDeletingService#0] DEBUG block.SCMBlockDeletingService (SCMBlockDeletingService.java:call(155)) - Scanned deleted blocks log and got 0 delTX to process.
2019-09-02 06:30:27,032 [SCMBlockDeletingService#0] DEBUG block.SCMBlockDeletingService (SCMBlockDeletingService.java:call(138)) - Running DeletedBlockTransactionScanner
2019-09-02 06:30:27,032 [SCMBlockDeletingService#0] DEBUG block.SCMBlockDeletingService (SCMBlockDeletingService.java:call(155)) - Scanned deleted blocks log and got 0 delTX to process.
2019-09-02 06:30:27,116 [grpc-default-executor-1] INFO  client.GrpcClientProtocolClient (GrpcClientProtocolClient.java:onNext(255)) - client-0D308AD40832->3258574c-39ac-4ed5-9145-ea59a337c299: receive RaftClientReply:client-0D308AD40832->3258574c-39ac-4ed5-9145-ea59a337c299@group-6C7D867BDA6A, cid=3057, SUCCESS, logIndex=4287, commits[3258574c-39ac-4ed5-9145-ea59a337c299:c4290]
2019-09-02 06:30:27,117 [grpc-default-executor-1] INFO  client.GrpcClientProtocolClient (GrpcClientProtocolClient.java:onNext(255)) - client-0D308AD40832->3258574c-39ac-4ed5-9145-ea59a337c299: receive RaftClientReply:client-0D308AD40832->3258574c-39ac-4ed5-9145-ea59a337c299@group-6C7D867BDA6A, cid=3058, SUCCESS, logIndex=4288, commits[3258574c-39ac-4ed5-9145-ea59a337c299:c4290]
2019-09-02 06:30:27,117 [grpc-default-executor-1] INFO  client.GrpcClientProtocolClient (GrpcClientProtocolClient.java:onNext(255)) - client-0D308AD40832->3258574c-39ac-4ed5-9145-ea59a337c299: receive RaftClientReply:client-0D308AD40832->3258574c-39ac-4ed5-9145-ea59a337c299@group-6C7D867BDA6A, cid=3059, SUCCESS, logIndex=4289, commits[3258574c-39ac-4ed5-9145-ea59a337c299:c4290]
2019-09-02 06:30:27,117 [grpc-default-executor-1] INFO  client.GrpcClientProtocolClient (GrpcClientProtocolClient.java:onNext(255)) - client-0D308AD40832->3258574c-39ac-4ed5-9145-ea59a337c299: receive RaftClientReply:client-0D308AD40832->3258574c-39ac-4ed5-9145-ea59a337c299@group-6C7D867BDA6A, cid=3060, SUCCESS, logIndex=4290, commits[3258574c-39ac-4ed5-9145-ea59a337c299:c4290]
2019-09-02 06:30:27,133 [SCMBlockDeletingService#0] DEBUG block.SCMBlockDeletingService (SCMBlockDeletingService.java:call(138)) - Running DeletedBlockTransactionScanner
2019-09-02 06:30:27,133 [SCMBlockDeletingService#0] DEBUG block.SCMBlockDeletingService (SCMBlockDeletingService.java:call(155)) - Scanned deleted blocks log and got 0 delTX to process.
2019-09-02 06:30:27,233 [SCMBlockDeletingService#0] DEBUG block.SCMBlockDeletingService (SCMBlockDeletingService.java:call(138)) - Running DeletedBlockTransactionScanner
2019-09-02 06:30:27,234 [SCMBlockDeletingService#0] DEBUG block.SCMBlockDeletingService (SCMBlockDeletingService.java:call(155)) - Scanned deleted blocks log and got 0 delTX to process.
2019-09-02 06:30:27,334 [SCMBlockDeletingService#0] DEBUG block.SCMBlockDeletingService (SCMBlockDeletingService.java:call(138)) - Running DeletedBlockTransactionScanner
2019-09-02 06:30:27,334 [SCMBlockDeletingService#0] DEBUG block.SCMBlockDeletingService (SCMBlockDeletingService.java:call(155)) - Scanned deleted blocks log and got 0 delTX to process.
2019-09-02 06:30:27,435 [SCMBlockDeletingService#0] DEBUG block.SCMBlockDeletingService (SCMBlockDeletingService.java:call(138)) - Running DeletedBlockTransactionScanner
2019-09-02 06:30:27,435 [SCMBlockDeletingService#0] DEBUG block.SCMBlockDeletingService (SCMBlockDeletingService.java:call(155)) - Scanned deleted blocks log and got 0 delTX to process.
2019-09-02 06:30:27,535 [SCMBlockDeletingService#0] DEBUG block.SCMBlockDeletingService (SCMBlockDeletingService.java:call(138)) - Running DeletedBlockTransactionScanner
2019-09-02 06:30:27,536 [SCMBlockDeletingService#0] DEBUG block.SCMBlockDeletingService (SCMBlockDeletingService.java:call(155)) - Scanned deleted blocks log and got 0 delTX to process.
2019-09-02 06:30:27,636 [SCMBlockDeletingService#0] DEBUG block.SCMBlockDeletingService (SCMBlockDeletingService.java:call(138)) - Running DeletedBlockTransactionScanner
2019-09-02 06:30:27,636 [SCMBlockDeletingService#0] DEBUG block.SCMBlockDeletingService (SCMBlockDeletingService.java:call(155)) - Scanned deleted blocks log and got 0 delTX to process.
2019-09-02 06:30:27,737 [SCMBlockDeletingService#0] DEBUG block.SCMBlockDeletingService (SCMBlockDeletingService.java:call(138)) - Running DeletedBlockTransactionScanner
2019-09-02 06:30:27,737 [SCMBlockDeletingService#0] DEBUG block.SCMBlockDeletingService (SCMBlockDeletingService.java:call(155)) - Scanned deleted blocks log and got 0 delTX to process.
2019-09-02 06:30:27,837 [SCMBlockDeletingService#0] DEBUG block.SCMBlockDeletingService (SCMBlockDeletingService.java:call(138)) - Running DeletedBlockTransactionScanner
2019-09-02 06:30:27,838 [SCMBlockDeletingService#0] DEBUG block.SCMBlockDeletingService (SCMBlockDeletingService.java:call(155)) - Scanned deleted blocks log and got 0 delTX to process.
2019-09-02 06:30:27,938 [SCMBlockDeletingService#0] DEBUG block.SCMBlockDeletingService (SCMBlockDeletingService.java:call(138)) - Running DeletedBlockTransactionScanner
2019-09-02 06:30:27,938 [SCMBlockDeletingService#0] DEBUG block.SCMBlockDeletingService (SCMBlockDeletingService.java:call(155)) - Scanned deleted blocks log and got 0 delTX to process.
2019-09-02 06:30:28,039 [SCMBlockDeletingService#0] DEBUG block.SCMBlockDeletingService (SCMBlockDeletingService.java:call(138)) - Running DeletedBlockTransactionScanner
2019-09-02 06:30:28,039 [SCMBlockDeletingService#0] DEBUG block.SCMBlockDeletingService (SCMBlockDeletingService.java:call(155)) - Scanned deleted blocks log and got 0 delTX to process.
2019-09-02 06:30:28,139 [SCMBlockDeletingService#0] DEBUG block.SCMBlockDeletingService (SCMBlockDeletingService.java:call(138)) - Running DeletedBlockTransactionScanner
2019-09-02 06:30:28,140 [SCMBlockDeletingService#0] DEBUG block.SCMBlockDeletingService (SCMBlockDeletingService.java:call(155)) - Scanned deleted blocks log and got 0 delTX to process.
2019-09-02 06:30:28,240 [SCMBlockDeletingService#0] DEBUG block.SCMBlockDeletingService (SCMBlockDeletingService.java:call(138)) - Running DeletedBlockTransactionScanner
2019-09-02 06:30:28,240 [SCMBlockDeletingService#0] DEBUG block.SCMBlockDeletingService (SCMBlockDeletingService.java:call(155)) - Scanned deleted blocks log and got 0 delTX to process.
2019-09-02 06:30:28,340 [SCMBlockDeletingService#0] DEBUG block.SCMBlockDeletingService (SCMBlockDeletingService.java:call(138)) - Running DeletedBlockTransactionScanner
2019-09-02 06:30:28,341 [SCMBlockDeletingService#0] DEBUG block.SCMBlockDeletingService (SCMBlockDeletingService.java:call(155)) - Scanned deleted blocks log and got 0 delTX to process.
2019-09-02 06:30:28,441 [SCMBlockDeletingService#0] DEBUG block.SCMBlockDeletingService (SCMBlockDeletingService.java:call(138)) - Running DeletedBlockTransactionScanner
2019-09-02 06:30:28,441 [SCMBlockDeletingService#0] DEBUG block.SCMBlockDeletingService (SCMBlockDeletingService.java:call(155)) - Scanned deleted blocks log and got 0 delTX to process.
2019-09-02 06:30:28,542 [SCMBlockDeletingService#0] DEBUG block.SCMBlockDeletingService (SCMBlockDeletingService.java:call(138)) - Running DeletedBlockTransactionScanner
2019-09-02 06:30:28,542 [SCMBlockDeletingService#0] DEBUG block.SCMBlockDeletingService (SCMBlockDeletingService.java:call(155)) - Scanned deleted blocks log and got 0 delTX to process.
2019-09-02 06:30:28,642 [SCMBlockDeletingService#0] DEBUG block.SCMBlockDeletingService (SCMBlockDeletingService.java:call(138)) - Running DeletedBlockTransactionScanner
2019-09-02 06:30:28,643 [SCMBlockDeletingService#0] DEBUG block.SCMBlockDeletingService (SCMBlockDeletingService.java:call(155)) - Scanned deleted blocks log and got 0 delTX to process.
2019-09-02 06:30:28,743 [SCMBlockDeletingService#0] DEBUG block.SCMBlockDeletingService (SCMBlockDeletingService.java:call(138)) - Running DeletedBlockTransactionScanner
2019-09-02 06:30:28,743 [SCMBlockDeletingService#0] DEBUG block.SCMBlockDeletingService (SCMBlockDeletingService.java:call(155)) - Scanned deleted blocks log and got 0 delTX to process.
2019-09-02 06:30:28,843 [SCMBlockDeletingService#1] DEBUG block.SCMBlockDeletingService (SCMBlockDeletingService.java:call(138)) - Running DeletedBlockTransactionScanner
2019-09-02 06:30:28,844 [SCMBlockDeletingService#1] DEBUG block.SCMBlockDeletingService (SCMBlockDeletingService.java:call(155)) - Scanned deleted blocks log and got 0 delTX to process.
2019-09-02 06:30:28,944 [SCMBlockDeletingService#1] DEBUG block.SCMBlockDeletingService (SCMBlockDeletingService.java:call(138)) - Running DeletedBlockTransactionScanner
2019-09-02 06:30:28,944 [SCMBlockDeletingService#1] DEBUG block.SCMBlockDeletingService (SCMBlockDeletingService.java:call(155)) - Scanned deleted blocks log and got 0 delTX to process.
2019-09-02 06:30:28,955 [grpc-default-executor-1] INFO  client.GrpcClientProtocolClient (GrpcClientProtocolClient.java:onNext(255)) - client-0D308AD40832->3258574c-39ac-4ed5-9145-ea59a337c299: receive RaftClientReply:client-0D308AD40832->3258574c-39ac-4ed5-9145-ea59a337c299@group-6C7D867BDA6A, cid=3061, SUCCESS, logIndex=4292, commits[3258574c-39ac-4ed5-9145-ea59a337c299:c4295]
2019-09-02 06:30:28,956 [grpc-default-executor-1] INFO  client.GrpcClientProtocolClient (GrpcClientProtocolClient.java:onNext(255)) - client-0D308AD40832->3258574c-39ac-4ed5-9145-ea59a337c299: receive RaftClientReply:client-0D308AD40832->3258574c-39ac-4ed5-9145-ea59a337c299@group-6C7D867BDA6A, cid=3062, SUCCESS, logIndex=4293, commits[3258574c-39ac-4ed5-9145-ea59a337c299:c4295]
2019-09-02 06:30:28,956 [grpc-default-executor-1] INFO  client.GrpcClientProtocolClient (GrpcClientProtocolClient.java:onNext(255)) - client-0D308AD40832->3258574c-39ac-4ed5-9145-ea59a337c299: receive RaftClientReply:client-0D308AD40832->3258574c-39ac-4ed5-9145-ea59a337c299@group-6C7D867BDA6A, cid=3063, SUCCESS, logIndex=4294, commits[3258574c-39ac-4ed5-9145-ea59a337c299:c4295]
2019-09-02 06:30:28,957 [grpc-default-executor-1] INFO  client.GrpcClientProtocolClient (GrpcClientProtocolClient.java:onNext(255)) - client-0D308AD40832->3258574c-39ac-4ed5-9145-ea59a337c299: receive RaftClientReply:client-0D308AD40832->3258574c-39ac-4ed5-9145-ea59a337c299@group-6C7D867BDA6A, cid=3064, SUCCESS, logIndex=4295, commits[3258574c-39ac-4ed5-9145-ea59a337c299:c4295]
2019-09-02 06:30:29,045 [SCMBlockDeletingService#1] DEBUG block.SCMBlockDeletingService (SCMBlockDeletingService.java:call(138)) - Running DeletedBlockTransactionScanner
2019-09-02 06:30:29,045 [SCMBlockDeletingService#1] DEBUG block.SCMBlockDeletingService (SCMBlockDeletingService.java:call(155)) - Scanned deleted blocks log and got 0 delTX to process.
2019-09-02 06:30:29,146 [SCMBlockDeletingService#1] DEBUG block.SCMBlockDeletingService (SCMBlockDeletingService.java:call(138)) - Running DeletedBlockTransactionScanner
2019-09-02 06:30:29,146 [SCMBlockDeletingService#1] DEBUG block.SCMBlockDeletingService (SCMBlockDeletingService.java:call(155)) - Scanned deleted blocks log and got 0 delTX to process.
2019-09-02 06:30:29,246 [SCMBlockDeletingService#1] DEBUG block.SCMBlockDeletingService (SCMBlockDeletingService.java:call(138)) - Running DeletedBlockTransactionScanner
2019-09-02 06:30:29,247 [SCMBlockDeletingService#1] DEBUG block.SCMBlockDeletingService (SCMBlockDeletingService.java:call(155)) - Scanned deleted blocks log and got 0 delTX to process.
2019-09-02 06:30:29,347 [SCMBlockDeletingService#1] DEBUG block.SCMBlockDeletingService (SCMBlockDeletingService.java:call(138)) - Running DeletedBlockTransactionScanner
2019-09-02 06:30:29,347 [SCMBlockDeletingService#1] DEBUG block.SCMBlockDeletingService (SCMBlockDeletingService.java:call(155)) - Scanned deleted blocks log and got 0 delTX to process.
2019-09-02 06:30:29,448 [SCMBlockDeletingService#1] DEBUG block.SCMBlockDeletingService (SCMBlockDeletingService.java:call(138)) - Running DeletedBlockTransactionScanner
2019-09-02 06:30:29,448 [SCMBlockDeletingService#1] DEBUG block.SCMBlockDeletingService (SCMBlockDeletingService.java:call(155)) - Scanned deleted blocks log and got 0 delTX to process.
2019-09-02 06:30:29,548 [SCMBlockDeletingService#1] DEBUG block.SCMBlockDeletingService (SCMBlockDeletingService.java:call(138)) - Running DeletedBlockTransactionScanner
2019-09-02 06:30:29,549 [SCMBlockDeletingService#1] DEBUG block.SCMBlockDeletingService (SCMBlockDeletingService.java:call(155)) - Scanned deleted blocks log and got 0 delTX to process.
2019-09-02 06:30:29,649 [SCMBlockDeletingService#1] DEBUG block.SCMBlockDeletingService (SCMBlockDeletingService.java:call(138)) - Running DeletedBlockTransactionScanner
2019-09-02 06:30:29,649 [SCMBlockDeletingService#1] DEBUG block.SCMBlockDeletingService (SCMBlockDeletingService.java:call(155)) - Scanned deleted blocks log and got 0 delTX to process.
2019-09-02 06:30:29,750 [SCMBlockDeletingService#1] DEBUG block.SCMBlockDeletingService (SCMBlockDeletingService.java:call(138)) - Running DeletedBlockTransactionScanner
2019-09-02 06:30:29,750 [SCMBlockDeletingService#1] DEBUG block.SCMBlockDeletingService (SCMBlockDeletingService.java:call(155)) - Scanned deleted blocks log and got 0 delTX to process.
2019-09-02 06:30:29,850 [SCMBlockDeletingService#1] DEBUG block.SCMBlockDeletingService (SCMBlockDeletingService.java:call(138)) - Running DeletedBlockTransactionScanner
2019-09-02 06:30:29,851 [SCMBlockDeletingService#1] DEBUG block.SCMBlockDeletingService (SCMBlockDeletingService.java:call(155)) - Scanned deleted blocks log and got 0 delTX to process.
2019-09-02 06:30:29,951 [SCMBlockDeletingService#1] DEBUG block.SCMBlockDeletingService (SCMBlockDeletingService.java:call(138)) - Running DeletedBlockTransactionScanner
2019-09-02 06:30:29,952 [SCMBlockDeletingService#1] DEBUG block.SCMBlockDeletingService (SCMBlockDeletingService.java:call(155)) - Scanned deleted blocks log and got 0 delTX to process.
2019-09-02 06:30:30,052 [SCMBlockDeletingService#1] DEBUG block.SCMBlockDeletingService (SCMBlockDeletingService.java:call(138)) - Running DeletedBlockTransactionScanner
2019-09-02 06:30:30,052 [SCMBlockDeletingService#1] DEBUG block.SCMBlockDeletingService (SCMBlockDeletingService.java:call(155)) - Scanned deleted blocks log and got 0 delTX to process.
2019-09-02 06:30:30,153 [SCMBlockDeletingService#1] DEBUG block.SCMBlockDeletingService (SCMBlockDeletingService.java:call(138)) - Running DeletedBlockTransactionScanner
2019-09-02 06:30:30,153 [SCMBlockDeletingService#1] DEBUG block.SCMBlockDeletingService (SCMBlockDeletingService.java:call(155)) - Scanned deleted blocks log and got 0 delTX to process.
2019-09-02 06:30:30,253 [SCMBlockDeletingService#0] DEBUG block.SCMBlockDeletingService (SCMBlockDeletingService.java:call(138)) - Running DeletedBlockTransactionScanner
2019-09-02 06:30:30,254 [SCMBlockDeletingService#0] DEBUG block.SCMBlockDeletingService (SCMBlockDeletingService.java:call(155)) - Scanned deleted blocks log and got 0 delTX to process.
2019-09-02 06:30:30,354 [SCMBlockDeletingService#0] DEBUG block.SCMBlockDeletingService (SCMBlockDeletingService.java:call(138)) - Running DeletedBlockTransactionScanner
2019-09-02 06:30:30,355 [SCMBlockDeletingService#0] DEBUG block.SCMBlockDeletingService (SCMBlockDeletingService.java:call(155)) - Scanned deleted blocks log and got 0 delTX to process.
2019-09-02 06:30:30,455 [SCMBlockDeletingService#0] DEBUG block.SCMBlockDeletingService (SCMBlockDeletingService.java:call(138)) - Running DeletedBlockTransactionScanner
2019-09-02 06:30:30,455 [SCMBlockDeletingService#0] DEBUG block.SCMBlockDeletingService (SCMBlockDeletingService.java:call(155)) - Scanned deleted blocks log and got 0 delTX to process.
2019-09-02 06:30:30,556 [SCMBlockDeletingService#0] DEBUG block.SCMBlockDeletingService (SCMBlockDeletingService.java:call(138)) - Running DeletedBlockTransactionScanner
2019-09-02 06:30:30,556 [SCMBlockDeletingService#0] DEBUG block.SCMBlockDeletingService (SCMBlockDeletingService.java:call(155)) - Scanned deleted blocks log and got 0 delTX to process.
2019-09-02 06:30:30,656 [SCMBlockDeletingService#0] DEBUG block.SCMBlockDeletingService (SCMBlockDeletingService.java:call(138)) - Running DeletedBlockTransactionScanner
2019-09-02 06:30:30,656 [SCMBlockDeletingService#0] DEBUG block.SCMBlockDeletingService (SCMBlockDeletingService.java:call(155)) - Scanned deleted blocks log and got 0 delTX to process.
2019-09-02 06:30:30,757 [SCMBlockDeletingService#0] DEBUG block.SCMBlockDeletingService (SCMBlockDeletingService.java:call(138)) - Running DeletedBlockTransactionScanner
2019-09-02 06:30:30,757 [SCMBlockDeletingService#0] DEBUG block.SCMBlockDeletingService (SCMBlockDeletingService.java:call(155)) - Scanned deleted blocks log and got 0 delTX to process.
2019-09-02 06:30:30,857 [SCMBlockDeletingService#0] DEBUG block.SCMBlockDeletingService (SCMBlockDeletingService.java:call(138)) - Running DeletedBlockTransactionScanner
2019-09-02 06:30:30,858 [SCMBlockDeletingService#0] DEBUG block.SCMBlockDeletingService (SCMBlockDeletingService.java:call(155)) - Scanned deleted blocks log and got 0 delTX to process.
2019-09-02 06:30:30,958 [SCMBlockDeletingService#0] DEBUG block.SCMBlockDeletingService (SCMBlockDeletingService.java:call(138)) - Running DeletedBlockTransactionScanner
2019-09-02 06:30:30,958 [SCMBlockDeletingService#0] DEBUG block.SCMBlockDeletingService (SCMBlockDeletingService.java:call(155)) - Scanned deleted blocks log and got 0 delTX to process.
2019-09-02 06:30:31,059 [SCMBlockDeletingService#0] DEBUG block.SCMBlockDeletingService (SCMBlockDeletingService.java:call(138)) - Running DeletedBlockTransactionScanner
2019-09-02 06:30:31,059 [SCMBlockDeletingService#0] DEBUG block.SCMBlockDeletingService (SCMBlockDeletingService.java:call(155)) - Scanned deleted blocks log and got 0 delTX to process.
2019-09-02 06:30:31,160 [SCMBlockDeletingService#0] DEBUG block.SCMBlockDeletingService (SCMBlockDeletingService.java:call(138)) - Running DeletedBlockTransactionScanner
2019-09-02 06:30:31,160 [SCMBlockDeletingService#0] DEBUG block.SCMBlockDeletingService (SCMBlockDeletingService.java:call(155)) - Scanned deleted blocks log and got 0 delTX to process.
2019-09-02 06:30:31,260 [SCMBlockDeletingService#0] DEBUG block.SCMBlockDeletingService (SCMBlockDeletingService.java:call(138)) - Running DeletedBlockTransactionScanner
2019-09-02 06:30:31,261 [SCMBlockDeletingService#0] DEBUG block.SCMBlockDeletingService (SCMBlockDeletingService.java:call(155)) - Scanned deleted blocks log and got 0 delTX to process.
2019-09-02 06:30:31,361 [SCMBlockDeletingService#0] DEBUG block.SCMBlockDeletingService (SCMBlockDeletingService.java:call(138)) - Running DeletedBlockTransactionScanner
2019-09-02 06:30:31,361 [SCMBlockDeletingService#0] DEBUG block.SCMBlockDeletingService (SCMBlockDeletingService.java:call(155)) - Scanned deleted blocks log and got 0 delTX to process.
2019-09-02 06:30:31,462 [SCMBlockDeletingService#0] DEBUG block.SCMBlockDeletingService (SCMBlockDeletingService.java:call(138)) - Running DeletedBlockTransactionScanner
2019-09-02 06:30:31,462 [SCMBlockDeletingService#0] DEBUG block.SCMBlockDeletingService (SCMBlockDeletingService.java:call(155)) - Scanned deleted blocks log and got 0 delTX to process.
2019-09-02 06:30:31,562 [SCMBlockDeletingService#0] DEBUG block.SCMBlockDeletingService (SCMBlockDeletingService.java:call(138)) - Running DeletedBlockTransactionScanner
2019-09-02 06:30:31,562 [SCMBlockDeletingService#0] DEBUG block.SCMBlockDeletingService (SCMBlockDeletingService.java:call(155)) - Scanned deleted blocks log and got 0 delTX to process.
2019-09-02 06:30:31,663 [SCMBlockDeletingService#0] DEBUG block.SCMBlockDeletingService (SCMBlockDeletingService.java:call(138)) - Running DeletedBlockTransactionScanner
2019-09-02 06:30:31,663 [SCMBlockDeletingService#0] DEBUG block.SCMBlockDeletingService (SCMBlockDeletingService.java:call(155)) - Scanned deleted blocks log and got 0 delTX to process.
2019-09-02 06:30:31,764 [SCMBlockDeletingService#0] DEBUG block.SCMBlockDeletingService (SCMBlockDeletingService.java:call(138)) - Running DeletedBlockTransactionScanner
2019-09-02 06:30:31,764 [SCMBlockDeletingService#0] DEBUG block.SCMBlockDeletingService (SCMBlockDeletingService.java:call(155)) - Scanned deleted blocks log and got 0 delTX to process.
2019-09-02 06:30:31,815 [grpc-default-executor-0] INFO  client.GrpcClientProtocolClient (GrpcClientProtocolClient.java:onNext(255)) - client-0D308AD40832->3258574c-39ac-4ed5-9145-ea59a337c299: receive RaftClientReply:client-0D308AD40832->3258574c-39ac-4ed5-9145-ea59a337c299@group-6C7D867BDA6A, cid=3065, SUCCESS, logIndex=4297, commits[3258574c-39ac-4ed5-9145-ea59a337c299:c4300]
2019-09-02 06:30:31,815 [grpc-default-executor-0] INFO  client.GrpcClientProtocolClient (GrpcClientProtocolClient.java:onNext(255)) - client-0D308AD40832->3258574c-39ac-4ed5-9145-ea59a337c299: receive RaftClientReply:client-0D308AD40832->3258574c-39ac-4ed5-9145-ea59a337c299@group-6C7D867BDA6A, cid=3066, SUCCESS, logIndex=4298, commits[3258574c-39ac-4ed5-9145-ea59a337c299:c4300]
2019-09-02 06:30:31,816 [grpc-default-executor-0] INFO  client.GrpcClientProtocolClient (GrpcClientProtocolClient.java:onNext(255)) - client-0D308AD40832->3258574c-39ac-4ed5-9145-ea59a337c299: receive RaftClientReply:client-0D308AD40832->3258574c-39ac-4ed5-9145-ea59a337c299@group-6C7D867BDA6A, cid=3067, SUCCESS, logIndex=4299, commits[3258574c-39ac-4ed5-9145-ea59a337c299:c4300]
2019-09-02 06:30:31,816 [grpc-default-executor-0] INFO  client.GrpcClientProtocolClient (GrpcClientProtocolClient.java:onNext(255)) - client-0D308AD40832->3258574c-39ac-4ed5-9145-ea59a337c299: receive RaftClientReply:client-0D308AD40832->3258574c-39ac-4ed5-9145-ea59a337c299@group-6C7D867BDA6A, cid=3068, SUCCESS, logIndex=4300, commits[3258574c-39ac-4ed5-9145-ea59a337c299:c4300]
2019-09-02 06:30:31,864 [SCMBlockDeletingService#0] DEBUG block.SCMBlockDeletingService (SCMBlockDeletingService.java:call(138)) - Running DeletedBlockTransactionScanner
2019-09-02 06:30:31,865 [SCMBlockDeletingService#0] DEBUG block.SCMBlockDeletingService (SCMBlockDeletingService.java:call(155)) - Scanned deleted blocks log and got 0 delTX to process.
2019-09-02 06:30:31,965 [SCMBlockDeletingService#0] DEBUG block.SCMBlockDeletingService (SCMBlockDeletingService.java:call(138)) - Running DeletedBlockTransactionScanner
2019-09-02 06:30:31,965 [SCMBlockDeletingService#0] DEBUG block.SCMBlockDeletingService (SCMBlockDeletingService.java:call(155)) - Scanned deleted blocks log and got 0 delTX to process.
2019-09-02 06:30:32,066 [SCMBlockDeletingService#0] DEBUG block.SCMBlockDeletingService (SCMBlockDeletingService.java:call(138)) - Running DeletedBlockTransactionScanner
2019-09-02 06:30:32,066 [SCMBlockDeletingService#0] DEBUG block.SCMBlockDeletingService (SCMBlockDeletingService.java:call(155)) - Scanned deleted blocks log and got 0 delTX to process.
2019-09-02 06:30:32,167 [SCMBlockDeletingService#0] DEBUG block.SCMBlockDeletingService (SCMBlockDeletingService.java:call(138)) - Running DeletedBlockTransactionScanner
2019-09-02 06:30:32,167 [SCMBlockDeletingService#0] DEBUG block.SCMBlockDeletingService (SCMBlockDeletingService.java:call(155)) - Scanned deleted blocks log and got 0 delTX to process.
2019-09-02 06:30:32,267 [SCMBlockDeletingService#0] DEBUG block.SCMBlockDeletingService (SCMBlockDeletingService.java:call(138)) - Running DeletedBlockTransactionScanner
2019-09-02 06:30:32,268 [SCMBlockDeletingService#0] DEBUG block.SCMBlockDeletingService (SCMBlockDeletingService.java:call(155)) - Scanned deleted blocks log and got 0 delTX to process.
2019-09-02 06:30:32,368 [SCMBlockDeletingService#0] DEBUG block.SCMBlockDeletingService (SCMBlockDeletingService.java:call(138)) - Running DeletedBlockTransactionScanner
2019-09-02 06:30:32,369 [SCMBlockDeletingService#0] DEBUG block.SCMBlockDeletingService (SCMBlockDeletingService.java:call(155)) - Scanned deleted blocks log and got 0 delTX to process.
2019-09-02 06:30:32,469 [SCMBlockDeletingService#0] DEBUG block.SCMBlockDeletingService (SCMBlockDeletingService.java:call(138)) - Running DeletedBlockTransactionScanner
2019-09-02 06:30:32,469 [SCMBlockDeletingService#0] DEBUG block.SCMBlockDeletingService (SCMBlockDeletingService.java:call(155)) - Scanned deleted blocks log and got 0 delTX to process.
2019-09-02 06:30:32,570 [SCMBlockDeletingService#0] DEBUG block.SCMBlockDeletingService (SCMBlockDeletingService.java:call(138)) - Running DeletedBlockTransactionScanner
2019-09-02 06:30:32,570 [SCMBlockDeletingService#0] DEBUG block.SCMBlockDeletingService (SCMBlockDeletingService.java:call(155)) - Scanned deleted blocks log and got 0 delTX to process.
2019-09-02 06:30:32,670 [SCMBlockDeletingService#0] DEBUG block.SCMBlockDeletingService (SCMBlockDeletingService.java:call(138)) - Running DeletedBlockTransactionScanner
2019-09-02 06:30:32,670 [SCMBlockDeletingService#0] DEBUG block.SCMBlockDeletingService (SCMBlockDeletingService.java:call(155)) - Scanned deleted blocks log and got 0 delTX to process.
2019-09-02 06:30:32,771 [SCMBlockDeletingService#0] DEBUG block.SCMBlockDeletingService (SCMBlockDeletingService.java:call(138)) - Running DeletedBlockTransactionScanner
2019-09-02 06:30:32,771 [SCMBlockDeletingService#0] DEBUG block.SCMBlockDeletingService (SCMBlockDeletingService.java:call(155)) - Scanned deleted blocks log and got 0 delTX to process.
2019-09-02 06:30:32,871 [SCMBlockDeletingService#0] DEBUG block.SCMBlockDeletingService (SCMBlockDeletingService.java:call(138)) - Running DeletedBlockTransactionScanner
2019-09-02 06:30:32,872 [SCMBlockDeletingService#0] DEBUG block.SCMBlockDeletingService (SCMBlockDeletingService.java:call(155)) - Scanned deleted blocks log and got 0 delTX to process.
2019-09-02 06:30:32,972 [SCMBlockDeletingService#0] DEBUG block.SCMBlockDeletingService (SCMBlockDeletingService.java:call(138)) - Running DeletedBlockTransactionScanner
2019-09-02 06:30:32,972 [SCMBlockDeletingService#0] DEBUG block.SCMBlockDeletingService (SCMBlockDeletingService.java:call(155)) - Scanned deleted blocks log and got 0 delTX to process.
2019-09-02 06:30:33,073 [SCMBlockDeletingService#0] DEBUG block.SCMBlockDeletingService (SCMBlockDeletingService.java:call(138)) - Running DeletedBlockTransactionScanner
2019-09-02 06:30:33,073 [SCMBlockDeletingService#0] DEBUG block.SCMBlockDeletingService (SCMBlockDeletingService.java:call(155)) - Scanned deleted blocks log and got 0 delTX to process.
2019-09-02 06:30:33,174 [SCMBlockDeletingService#0] DEBUG block.SCMBlockDeletingService (SCMBlockDeletingService.java:call(138)) - Running DeletedBlockTransactionScanner
2019-09-02 06:30:33,174 [SCMBlockDeletingService#0] DEBUG block.SCMBlockDeletingService (SCMBlockDeletingService.java:call(155)) - Scanned deleted blocks log and got 0 delTX to process.
2019-09-02 06:30:33,274 [SCMBlockDeletingService#0] DEBUG block.SCMBlockDeletingService (SCMBlockDeletingService.java:call(138)) - Running DeletedBlockTransactionScanner
2019-09-02 06:30:33,275 [SCMBlockDeletingService#0] DEBUG block.SCMBlockDeletingService (SCMBlockDeletingService.java:call(155)) - Scanned deleted blocks log and got 0 delTX to process.
2019-09-02 06:30:33,375 [SCMBlockDeletingService#0] DEBUG block.SCMBlockDeletingService (SCMBlockDeletingService.java:call(138)) - Running DeletedBlockTransactionScanner
2019-09-02 06:30:33,375 [SCMBlockDeletingService#0] DEBUG block.SCMBlockDeletingService (SCMBlockDeletingService.java:call(155)) - Scanned deleted blocks log and got 0 delTX to process.
2019-09-02 06:30:33,476 [SCMBlockDeletingService#0] DEBUG block.SCMBlockDeletingService (SCMBlockDeletingService.java:call(138)) - Running DeletedBlockTransactionScanner
2019-09-02 06:30:33,476 [SCMBlockDeletingService#0] DEBUG block.SCMBlockDeletingService (SCMBlockDeletingService.java:call(155)) - Scanned deleted blocks log and got 0 delTX to process.
2019-09-02 06:30:33,576 [SCMBlockDeletingService#0] DEBUG block.SCMBlockDeletingService (SCMBlockDeletingService.java:call(138)) - Running DeletedBlockTransactionScanner
2019-09-02 06:30:33,576 [SCMBlockDeletingService#0] DEBUG block.SCMBlockDeletingService (SCMBlockDeletingService.java:call(155)) - Scanned deleted blocks log and got 0 delTX to process.
2019-09-02 06:30:33,677 [SCMBlockDeletingService#0] DEBUG block.SCMBlockDeletingService (SCMBlockDeletingService.java:call(138)) - Running DeletedBlockTransactionScanner
2019-09-02 06:30:33,677 [SCMBlockDeletingService#0] DEBUG block.SCMBlockDeletingService (SCMBlockDeletingService.java:call(155)) - Scanned deleted blocks log and got 0 delTX to process.
2019-09-02 06:30:33,777 [SCMBlockDeletingService#0] DEBUG block.SCMBlockDeletingService (SCMBlockDeletingService.java:call(138)) - Running DeletedBlockTransactionScanner
2019-09-02 06:30:33,778 [SCMBlockDeletingService#0] DEBUG block.SCMBlockDeletingService (SCMBlockDeletingService.java:call(155)) - Scanned deleted blocks log and got 0 delTX to process.
2019-09-02 06:30:33,878 [SCMBlockDeletingService#0] DEBUG block.SCMBlockDeletingService (SCMBlockDeletingService.java:call(138)) - Running DeletedBlockTransactionScanner
2019-09-02 06:30:33,878 [SCMBlockDeletingService#0] DEBUG block.SCMBlockDeletingService (SCMBlockDeletingService.java:call(155)) - Scanned deleted blocks log and got 0 delTX to process.
2019-09-02 06:30:33,979 [SCMBlockDeletingService#0] DEBUG block.SCMBlockDeletingService (SCMBlockDeletingService.java:call(138)) - Running DeletedBlockTransactionScanner
2019-09-02 06:30:33,979 [SCMBlockDeletingService#0] DEBUG block.SCMBlockDeletingService (SCMBlockDeletingService.java:call(155)) - Scanned deleted blocks log and got 0 delTX to process.
2019-09-02 06:30:34,079 [SCMBlockDeletingService#0] DEBUG block.SCMBlockDeletingService (SCMBlockDeletingService.java:call(138)) - Running DeletedBlockTransactionScanner
2019-09-02 06:30:34,080 [SCMBlockDeletingService#0] DEBUG block.SCMBlockDeletingService (SCMBlockDeletingService.java:call(155)) - Scanned deleted blocks log and got 0 delTX to process.
2019-09-02 06:30:34,180 [SCMBlockDeletingService#1] DEBUG block.SCMBlockDeletingService (SCMBlockDeletingService.java:call(138)) - Running DeletedBlockTransactionScanner
2019-09-02 06:30:34,180 [SCMBlockDeletingService#1] DEBUG block.SCMBlockDeletingService (SCMBlockDeletingService.java:call(155)) - Scanned deleted blocks log and got 0 delTX to process.
2019-09-02 06:30:34,281 [SCMBlockDeletingService#1] DEBUG block.SCMBlockDeletingService (SCMBlockDeletingService.java:call(138)) - Running DeletedBlockTransactionScanner
2019-09-02 06:30:34,281 [SCMBlockDeletingService#1] DEBUG block.SCMBlockDeletingService (SCMBlockDeletingService.java:call(155)) - Scanned deleted blocks log and got 0 delTX to process.
2019-09-02 06:30:34,381 [SCMBlockDeletingService#1] DEBUG block.SCMBlockDeletingService (SCMBlockDeletingService.java:call(138)) - Running DeletedBlockTransactionScanner
2019-09-02 06:30:34,381 [SCMBlockDeletingService#1] DEBUG block.SCMBlockDeletingService (SCMBlockDeletingService.java:call(155)) - Scanned deleted blocks log and got 0 delTX to process.
2019-09-02 06:30:34,482 [SCMBlockDeletingService#1] DEBUG block.SCMBlockDeletingService (SCMBlockDeletingService.java:call(138)) - Running DeletedBlockTransactionScanner
2019-09-02 06:30:34,482 [SCMBlockDeletingService#1] DEBUG block.SCMBlockDeletingService (SCMBlockDeletingService.java:call(155)) - Scanned deleted blocks log and got 0 delTX to process.
2019-09-02 06:30:34,583 [SCMBlockDeletingService#1] DEBUG block.SCMBlockDeletingService (SCMBlockDeletingService.java:call(138)) - Running DeletedBlockTransactionScanner
2019-09-02 06:30:34,583 [SCMBlockDeletingService#1] DEBUG block.SCMBlockDeletingService (SCMBlockDeletingService.java:call(155)) - Scanned deleted blocks log and got 0 delTX to process.
2019-09-02 06:30:34,683 [SCMBlockDeletingService#1] DEBUG block.SCMBlockDeletingService (SCMBlockDeletingService.java:call(138)) - Running DeletedBlockTransactionScanner
2019-09-02 06:30:34,683 [SCMBlockDeletingService#1] DEBUG block.SCMBlockDeletingService (SCMBlockDeletingService.java:call(155)) - Scanned deleted blocks log and got 0 delTX to process.
2019-09-02 06:30:34,784 [SCMBlockDeletingService#1] DEBUG block.SCMBlockDeletingService (SCMBlockDeletingService.java:call(138)) - Running DeletedBlockTransactionScanner
2019-09-02 06:30:34,784 [SCMBlockDeletingService#1] DEBUG block.SCMBlockDeletingService (SCMBlockDeletingService.java:call(155)) - Scanned deleted blocks log and got 0 delTX to process.
2019-09-02 06:30:34,884 [SCMBlockDeletingService#1] DEBUG block.SCMBlockDeletingService (SCMBlockDeletingService.java:call(138)) - Running DeletedBlockTransactionScanner
2019-09-02 06:30:34,885 [SCMBlockDeletingService#1] DEBUG block.SCMBlockDeletingService (SCMBlockDeletingService.java:call(155)) - Scanned deleted blocks log and got 0 delTX to process.
2019-09-02 06:30:34,985 [SCMBlockDeletingService#1] DEBUG block.SCMBlockDeletingService (SCMBlockDeletingService.java:call(138)) - Running DeletedBlockTransactionScanner
2019-09-02 06:30:34,985 [SCMBlockDeletingService#1] DEBUG block.SCMBlockDeletingService (SCMBlockDeletingService.java:call(155)) - Scanned deleted blocks log and got 0 delTX to process.
2019-09-02 06:30:35,086 [SCMBlockDeletingService#1] DEBUG block.SCMBlockDeletingService (SCMBlockDeletingService.java:call(138)) - Running DeletedBlockTransactionScanner
2019-09-02 06:30:35,086 [SCMBlockDeletingService#1] DEBUG block.SCMBlockDeletingService (SCMBlockDeletingService.java:call(155)) - Scanned deleted blocks log and got 0 delTX to process.
2019-09-02 06:30:35,187 [SCMBlockDeletingService#1] DEBUG block.SCMBlockDeletingService (SCMBlockDeletingService.java:call(138)) - Running DeletedBlockTransactionScanner
2019-09-02 06:30:35,187 [SCMBlockDeletingService#1] DEBUG block.SCMBlockDeletingService (SCMBlockDeletingService.java:call(155)) - Scanned deleted blocks log and got 0 delTX to process.
2019-09-02 06:30:35,288 [SCMBlockDeletingService#1] DEBUG block.SCMBlockDeletingService (SCMBlockDeletingService.java:call(138)) - Running DeletedBlockTransactionScanner
2019-09-02 06:30:35,288 [SCMBlockDeletingService#1] DEBUG block.SCMBlockDeletingService (SCMBlockDeletingService.java:call(155)) - Scanned deleted blocks log and got 0 delTX to process.
2019-09-02 06:30:35,388 [SCMBlockDeletingService#1] DEBUG block.SCMBlockDeletingService (SCMBlockDeletingService.java:call(138)) - Running DeletedBlockTransactionScanner
2019-09-02 06:30:35,389 [SCMBlockDeletingService#1] DEBUG block.SCMBlockDeletingService (SCMBlockDeletingService.java:call(155)) - Scanned deleted blocks log and got 0 delTX to process.
2019-09-02 06:30:35,489 [SCMBlockDeletingService#1] DEBUG block.SCMBlockDeletingService (SCMBlockDeletingService.java:call(138)) - Running DeletedBlockTransactionScanner
2019-09-02 06:30:35,489 [SCMBlockDeletingService#1] DEBUG block.SCMBlockDeletingService (SCMBlockDeletingService.java:call(155)) - Scanned deleted blocks log and got 0 delTX to process.
2019-09-02 06:30:35,590 [SCMBlockDeletingService#1] DEBUG block.SCMBlockDeletingService (SCMBlockDeletingService.java:call(138)) - Running DeletedBlockTransactionScanner
2019-09-02 06:30:35,590 [SCMBlockDeletingService#1] DEBUG block.SCMBlockDeletingService (SCMBlockDeletingService.java:call(155)) - Scanned deleted blocks log and got 0 delTX to process.
2019-09-02 06:30:35,658 [grpc-default-executor-0] INFO  client.GrpcClientProtocolClient (GrpcClientProtocolClient.java:onNext(255)) - client-0D308AD40832->3258574c-39ac-4ed5-9145-ea59a337c299: receive RaftClientReply:client-0D308AD40832->3258574c-39ac-4ed5-9145-ea59a337c299@group-6C7D867BDA6A, cid=3069, SUCCESS, logIndex=4302, commits[3258574c-39ac-4ed5-9145-ea59a337c299:c4305]
2019-09-02 06:30:35,658 [grpc-default-executor-0] INFO  client.GrpcClientProtocolClient (GrpcClientProtocolClient.java:onNext(255)) - client-0D308AD40832->3258574c-39ac-4ed5-9145-ea59a337c299: receive RaftClientReply:client-0D308AD40832->3258574c-39ac-4ed5-9145-ea59a337c299@group-6C7D867BDA6A, cid=3070, SUCCESS, logIndex=4303, commits[3258574c-39ac-4ed5-9145-ea59a337c299:c4305]
2019-09-02 06:30:35,659 [grpc-default-executor-0] INFO  client.GrpcClientProtocolClient (GrpcClientProtocolClient.java:onNext(255)) - client-0D308AD40832->3258574c-39ac-4ed5-9145-ea59a337c299: receive RaftClientReply:client-0D308AD40832->3258574c-39ac-4ed5-9145-ea59a337c299@group-6C7D867BDA6A, cid=3071, SUCCESS, logIndex=4304, commits[3258574c-39ac-4ed5-9145-ea59a337c299:c4305]
2019-09-02 06:30:35,659 [grpc-default-executor-0] INFO  client.GrpcClientProtocolClient (GrpcClientProtocolClient.java:onNext(255)) - client-0D308AD40832->3258574c-39ac-4ed5-9145-ea59a337c299: receive RaftClientReply:client-0D308AD40832->3258574c-39ac-4ed5-9145-ea59a337c299@group-6C7D867BDA6A, cid=3072, SUCCESS, logIndex=4305, commits[3258574c-39ac-4ed5-9145-ea59a337c299:c4305]
2019-09-02 06:30:35,691 [SCMBlockDeletingService#1] DEBUG block.SCMBlockDeletingService (SCMBlockDeletingService.java:call(138)) - Running DeletedBlockTransactionScanner
2019-09-02 06:30:35,691 [SCMBlockDeletingService#1] DEBUG block.SCMBlockDeletingService (SCMBlockDeletingService.java:call(155)) - Scanned deleted blocks log and got 0 delTX to process.
2019-09-02 06:30:35,791 [SCMBlockDeletingService#1] DEBUG block.SCMBlockDeletingService (SCMBlockDeletingService.java:call(138)) - Running DeletedBlockTransactionScanner
2019-09-02 06:30:35,792 [SCMBlockDeletingService#1] DEBUG block.SCMBlockDeletingService (SCMBlockDeletingService.java:call(155)) - Scanned deleted blocks log and got 0 delTX to process.
2019-09-02 06:30:35,892 [SCMBlockDeletingService#1] DEBUG block.SCMBlockDeletingService (SCMBlockDeletingService.java:call(138)) - Running DeletedBlockTransactionScanner
2019-09-02 06:30:35,892 [SCMBlockDeletingService#1] DEBUG block.SCMBlockDeletingService (SCMBlockDeletingService.java:call(155)) - Scanned deleted blocks log and got 0 delTX to process.
2019-09-02 06:30:35,993 [SCMBlockDeletingService#1] DEBUG block.SCMBlockDeletingService (SCMBlockDeletingService.java:call(138)) - Running DeletedBlockTransactionScanner
2019-09-02 06:30:35,993 [SCMBlockDeletingService#1] DEBUG block.SCMBlockDeletingService (SCMBlockDeletingService.java:call(155)) - Scanned deleted blocks log and got 0 delTX to process.
2019-09-02 06:30:36,093 [SCMBlockDeletingService#1] DEBUG block.SCMBlockDeletingService (SCMBlockDeletingService.java:call(138)) - Running DeletedBlockTransactionScanner
2019-09-02 06:30:36,094 [SCMBlockDeletingService#1] DEBUG block.SCMBlockDeletingService (SCMBlockDeletingService.java:call(155)) - Scanned deleted blocks log and got 0 delTX to process.
2019-09-02 06:30:36,194 [SCMBlockDeletingService#0] DEBUG block.SCMBlockDeletingService (SCMBlockDeletingService.java:call(138)) - Running DeletedBlockTransactionScanner
2019-09-02 06:30:36,195 [SCMBlockDeletingService#0] DEBUG block.SCMBlockDeletingService (SCMBlockDeletingService.java:call(155)) - Scanned deleted blocks log and got 0 delTX to process.
2019-09-02 06:30:36,295 [SCMBlockDeletingService#0] DEBUG block.SCMBlockDeletingService (SCMBlockDeletingService.java:call(138)) - Running DeletedBlockTransactionScanner
2019-09-02 06:30:36,295 [SCMBlockDeletingService#0] DEBUG block.SCMBlockDeletingService (SCMBlockDeletingService.java:call(155)) - Scanned deleted blocks log and got 0 delTX to process.
2019-09-02 06:30:36,396 [SCMBlockDeletingService#0] DEBUG block.SCMBlockDeletingService (SCMBlockDeletingService.java:call(138)) - Running DeletedBlockTransactionScanner
2019-09-02 06:30:36,396 [SCMBlockDeletingService#0] DEBUG block.SCMBlockDeletingService (SCMBlockDeletingService.java:call(155)) - Scanned deleted blocks log and got 0 delTX to process.
2019-09-02 06:30:36,496 [SCMBlockDeletingService#0] DEBUG block.SCMBlockDeletingService (SCMBlockDeletingService.java:call(138)) - Running DeletedBlockTransactionScanner
2019-09-02 06:30:36,497 [SCMBlockDeletingService#0] DEBUG block.SCMBlockDeletingService (SCMBlockDeletingService.java:call(155)) - Scanned deleted blocks log and got 0 delTX to process.
2019-09-02 06:30:36,597 [SCMBlockDeletingService#0] DEBUG block.SCMBlockDeletingService (SCMBlockDeletingService.java:call(138)) - Running DeletedBlockTransactionScanner
2019-09-02 06:30:36,597 [SCMBlockDeletingService#0] DEBUG block.SCMBlockDeletingService (SCMBlockDeletingService.java:call(155)) - Scanned deleted blocks log and got 0 delTX to process.
2019-09-02 06:30:36,698 [SCMBlockDeletingService#0] DEBUG block.SCMBlockDeletingService (SCMBlockDeletingService.java:call(138)) - Running DeletedBlockTransactionScanner
2019-09-02 06:30:36,698 [SCMBlockDeletingService#0] DEBUG block.SCMBlockDeletingService (SCMBlockDeletingService.java:call(155)) - Scanned deleted blocks log and got 0 delTX to process.
2019-09-02 06:30:36,798 [SCMBlockDeletingService#0] DEBUG block.SCMBlockDeletingService (SCMBlockDeletingService.java:call(138)) - Running DeletedBlockTransactionScanner
2019-09-02 06:30:36,799 [SCMBlockDeletingService#0] DEBUG block.SCMBlockDeletingService (SCMBlockDeletingService.java:call(155)) - Scanned deleted blocks log and got 0 delTX to process.
2019-09-02 06:30:36,899 [SCMBlockDeletingService#1] DEBUG block.SCMBlockDeletingService (SCMBlockDeletingService.java:call(138)) - Running DeletedBlockTransactionScanner
2019-09-02 06:30:36,899 [SCMBlockDeletingService#1] DEBUG block.SCMBlockDeletingService (SCMBlockDeletingService.java:call(155)) - Scanned deleted blocks log and got 0 delTX to process.
2019-09-02 06:30:37,000 [SCMBlockDeletingService#1] DEBUG block.SCMBlockDeletingService (SCMBlockDeletingService.java:call(138)) - Running DeletedBlockTransactionScanner
2019-09-02 06:30:37,000 [SCMBlockDeletingService#1] DEBUG block.SCMBlockDeletingService (SCMBlockDeletingService.java:call(155)) - Scanned deleted blocks log and got 0 delTX to process.
2019-09-02 06:30:37,101 [SCMBlockDeletingService#1] DEBUG block.SCMBlockDeletingService (SCMBlockDeletingService.java:call(138)) - Running DeletedBlockTransactionScanner
2019-09-02 06:30:37,101 [SCMBlockDeletingService#1] DEBUG block.SCMBlockDeletingService (SCMBlockDeletingService.java:call(155)) - Scanned deleted blocks log and got 0 delTX to process.
2019-09-02 06:30:37,202 [SCMBlockDeletingService#1] DEBUG block.SCMBlockDeletingService (SCMBlockDeletingService.java:call(138)) - Running DeletedBlockTransactionScanner
2019-09-02 06:30:37,202 [SCMBlockDeletingService#1] DEBUG block.SCMBlockDeletingService (SCMBlockDeletingService.java:call(155)) - Scanned deleted blocks log and got 0 delTX to process.
2019-09-02 06:30:37,303 [SCMBlockDeletingService#1] DEBUG block.SCMBlockDeletingService (SCMBlockDeletingService.java:call(138)) - Running DeletedBlockTransactionScanner
2019-09-02 06:30:37,303 [SCMBlockDeletingService#1] DEBUG block.SCMBlockDeletingService (SCMBlockDeletingService.java:call(155)) - Scanned deleted blocks log and got 0 delTX to process.
2019-09-02 06:30:37,404 [SCMBlockDeletingService#1] DEBUG block.SCMBlockDeletingService (SCMBlockDeletingService.java:call(138)) - Running DeletedBlockTransactionScanner
2019-09-02 06:30:37,404 [SCMBlockDeletingService#1] DEBUG block.SCMBlockDeletingService (SCMBlockDeletingService.java:call(155)) - Scanned deleted blocks log and got 0 delTX to process.
2019-09-02 06:30:37,504 [SCMBlockDeletingService#1] DEBUG block.SCMBlockDeletingService (SCMBlockDeletingService.java:call(138)) - Running DeletedBlockTransactionScanner
2019-09-02 06:30:37,505 [SCMBlockDeletingService#1] DEBUG block.SCMBlockDeletingService (SCMBlockDeletingService.java:call(155)) - Scanned deleted blocks log and got 0 delTX to process.
2019-09-02 06:30:37,605 [SCMBlockDeletingService#1] DEBUG block.SCMBlockDeletingService (SCMBlockDeletingService.java:call(138)) - Running DeletedBlockTransactionScanner
2019-09-02 06:30:37,606 [SCMBlockDeletingService#1] DEBUG block.SCMBlockDeletingService (SCMBlockDeletingService.java:call(155)) - Scanned deleted blocks log and got 0 delTX to process.
2019-09-02 06:30:37,706 [SCMBlockDeletingService#0] DEBUG block.SCMBlockDeletingService (SCMBlockDeletingService.java:call(138)) - Running DeletedBlockTransactionScanner
2019-09-02 06:30:37,706 [SCMBlockDeletingService#0] DEBUG block.SCMBlockDeletingService (SCMBlockDeletingService.java:call(155)) - Scanned deleted blocks log and got 0 delTX to process.
2019-09-02 06:30:37,807 [SCMBlockDeletingService#0] DEBUG block.SCMBlockDeletingService (SCMBlockDeletingService.java:call(138)) - Running DeletedBlockTransactionScanner
2019-09-02 06:30:37,807 [SCMBlockDeletingService#0] DEBUG block.SCMBlockDeletingService (SCMBlockDeletingService.java:call(155)) - Scanned deleted blocks log and got 0 delTX to process.
2019-09-02 06:30:37,907 [SCMBlockDeletingService#1] DEBUG block.SCMBlockDeletingService (SCMBlockDeletingService.java:call(138)) - Running DeletedBlockTransactionScanner
2019-09-02 06:30:37,908 [SCMBlockDeletingService#1] DEBUG block.SCMBlockDeletingService (SCMBlockDeletingService.java:call(155)) - Scanned deleted blocks log and got 0 delTX to process.
2019-09-02 06:30:38,008 [SCMBlockDeletingService#0] DEBUG block.SCMBlockDeletingService (SCMBlockDeletingService.java:call(138)) - Running DeletedBlockTransactionScanner
2019-09-02 06:30:38,008 [SCMBlockDeletingService#0] DEBUG block.SCMBlockDeletingService (SCMBlockDeletingService.java:call(155)) - Scanned deleted blocks log and got 0 delTX to process.
2019-09-02 06:30:38,109 [SCMBlockDeletingService#0] DEBUG block.SCMBlockDeletingService (SCMBlockDeletingService.java:call(138)) - Running DeletedBlockTransactionScanner
2019-09-02 06:30:38,109 [SCMBlockDeletingService#0] DEBUG block.SCMBlockDeletingService (SCMBlockDeletingService.java:call(155)) - Scanned deleted blocks log and got 0 delTX to process.
2019-09-02 06:30:38,210 [SCMBlockDeletingService#0] DEBUG block.SCMBlockDeletingService (SCMBlockDeletingService.java:call(138)) - Running DeletedBlockTransactionScanner
2019-09-02 06:30:38,210 [SCMBlockDeletingService#0] DEBUG block.SCMBlockDeletingService (SCMBlockDeletingService.java:call(155)) - Scanned deleted blocks log and got 0 delTX to process.
2019-09-02 06:30:38,311 [SCMBlockDeletingService#0] DEBUG block.SCMBlockDeletingService (SCMBlockDeletingService.java:call(138)) - Running DeletedBlockTransactionScanner
2019-09-02 06:30:38,311 [SCMBlockDeletingService#0] DEBUG block.SCMBlockDeletingService (SCMBlockDeletingService.java:call(155)) - Scanned deleted blocks log and got 0 delTX to process.
2019-09-02 06:30:38,411 [SCMBlockDeletingService#0] DEBUG block.SCMBlockDeletingService (SCMBlockDeletingService.java:call(138)) - Running DeletedBlockTransactionScanner
2019-09-02 06:30:38,412 [SCMBlockDeletingService#0] DEBUG block.SCMBlockDeletingService (SCMBlockDeletingService.java:call(155)) - Scanned deleted blocks log and got 0 delTX to process.
2019-09-02 06:30:38,512 [SCMBlockDeletingService#0] DEBUG block.SCMBlockDeletingService (SCMBlockDeletingService.java:call(138)) - Running DeletedBlockTransactionScanner
2019-09-02 06:30:38,512 [SCMBlockDeletingService#0] DEBUG block.SCMBlockDeletingService (SCMBlockDeletingService.java:call(155)) - Scanned deleted blocks log and got 0 delTX to process.
2019-09-02 06:30:38,612 [SCMBlockDeletingService#0] DEBUG block.SCMBlockDeletingService (SCMBlockDeletingService.java:call(138)) - Running DeletedBlockTransactionScanner
2019-09-02 06:30:38,613 [SCMBlockDeletingService#0] DEBUG block.SCMBlockDeletingService (SCMBlockDeletingService.java:call(155)) - Scanned deleted blocks log and got 0 delTX to process.
2019-09-02 06:30:38,713 [SCMBlockDeletingService#0] DEBUG block.SCMBlockDeletingService (SCMBlockDeletingService.java:call(138)) - Running DeletedBlockTransactionScanner
2019-09-02 06:30:38,714 [SCMBlockDeletingService#0] DEBUG block.SCMBlockDeletingService (SCMBlockDeletingService.java:call(155)) - Scanned deleted blocks log and got 0 delTX to process.
2019-09-02 06:30:38,815 [SCMBlockDeletingService#0] DEBUG block.SCMBlockDeletingService (SCMBlockDeletingService.java:call(138)) - Running DeletedBlockTransactionScanner
2019-09-02 06:30:38,815 [SCMBlockDeletingService#0] DEBUG block.SCMBlockDeletingService (SCMBlockDeletingService.java:call(155)) - Scanned deleted blocks log and got 0 delTX to process.
2019-09-02 06:30:38,915 [SCMBlockDeletingService#0] DEBUG block.SCMBlockDeletingService (SCMBlockDeletingService.java:call(138)) - Running DeletedBlockTransactionScanner
2019-09-02 06:30:38,916 [SCMBlockDeletingService#0] DEBUG block.SCMBlockDeletingService (SCMBlockDeletingService.java:call(155)) - Scanned deleted blocks log and got 0 delTX to process.
2019-09-02 06:30:39,016 [SCMBlockDeletingService#0] DEBUG block.SCMBlockDeletingService (SCMBlockDeletingService.java:call(138)) - Running DeletedBlockTransactionScanner
2019-09-02 06:30:39,016 [SCMBlockDeletingService#0] DEBUG block.SCMBlockDeletingService (SCMBlockDeletingService.java:call(155)) - Scanned deleted blocks log and got 0 delTX to process.
2019-09-02 06:30:39,117 [SCMBlockDeletingService#0] DEBUG block.SCMBlockDeletingService (SCMBlockDeletingService.java:call(138)) - Running DeletedBlockTransactionScanner
2019-09-02 06:30:39,117 [SCMBlockDeletingService#0] DEBUG block.SCMBlockDeletingService (SCMBlockDeletingService.java:call(155)) - Scanned deleted blocks log and got 0 delTX to process.
2019-09-02 06:30:39,218 [SCMBlockDeletingService#0] DEBUG block.SCMBlockDeletingService (SCMBlockDeletingService.java:call(138)) - Running DeletedBlockTransactionScanner
2019-09-02 06:30:39,218 [SCMBlockDeletingService#0] DEBUG block.SCMBlockDeletingService (SCMBlockDeletingService.java:call(155)) - Scanned deleted blocks log and got 0 delTX to process.
2019-09-02 06:30:39,319 [SCMBlockDeletingService#0] DEBUG block.SCMBlockDeletingService (SCMBlockDeletingService.java:call(138)) - Running DeletedBlockTransactionScanner
2019-09-02 06:30:39,319 [SCMBlockDeletingService#0] DEBUG block.SCMBlockDeletingService (SCMBlockDeletingService.java:call(155)) - Scanned deleted blocks log and got 0 delTX to process.
2019-09-02 06:30:39,419 [SCMBlockDeletingService#0] DEBUG block.SCMBlockDeletingService (SCMBlockDeletingService.java:call(138)) - Running DeletedBlockTransactionScanner
2019-09-02 06:30:39,419 [SCMBlockDeletingService#0] DEBUG block.SCMBlockDeletingService (SCMBlockDeletingService.java:call(155)) - Scanned deleted blocks log and got 0 delTX to process.
2019-09-02 06:30:39,520 [SCMBlockDeletingService#0] DEBUG block.SCMBlockDeletingService (SCMBlockDeletingService.java:call(138)) - Running DeletedBlockTransactionScanner
2019-09-02 06:30:39,520 [SCMBlockDeletingService#0] DEBUG block.SCMBlockDeletingService (SCMBlockDeletingService.java:call(155)) - Scanned deleted blocks log and got 0 delTX to process.
2019-09-02 06:30:39,620 [SCMBlockDeletingService#0] DEBUG block.SCMBlockDeletingService (SCMBlockDeletingService.java:call(138)) - Running DeletedBlockTransactionScanner
2019-09-02 06:30:39,621 [SCMBlockDeletingService#0] DEBUG block.SCMBlockDeletingService (SCMBlockDeletingService.java:call(155)) - Scanned deleted blocks log and got 0 delTX to process.
2019-09-02 06:30:39,721 [SCMBlockDeletingService#0] DEBUG block.SCMBlockDeletingService (SCMBlockDeletingService.java:call(138)) - Running DeletedBlockTransactionScanner
2019-09-02 06:30:39,721 [SCMBlockDeletingService#0] DEBUG block.SCMBlockDeletingService (SCMBlockDeletingService.java:call(155)) - Scanned deleted blocks log and got 0 delTX to process.
2019-09-02 06:30:39,822 [SCMBlockDeletingService#0] DEBUG block.SCMBlockDeletingService (SCMBlockDeletingService.java:call(138)) - Running DeletedBlockTransactionScanner
2019-09-02 06:30:39,822 [SCMBlockDeletingService#0] DEBUG block.SCMBlockDeletingService (SCMBlockDeletingService.java:call(155)) - Scanned deleted blocks log and got 0 delTX to process.
2019-09-02 06:30:39,925 [SCMBlockDeletingService#0] DEBUG block.SCMBlockDeletingService (SCMBlockDeletingService.java:call(138)) - Running DeletedBlockTransactionScanner
2019-09-02 06:30:39,926 [SCMBlockDeletingService#0] DEBUG block.SCMBlockDeletingService (SCMBlockDeletingService.java:call(155)) - Scanned deleted blocks log and got 0 delTX to process.
2019-09-02 06:30:40,026 [SCMBlockDeletingService#0] DEBUG block.SCMBlockDeletingService (SCMBlockDeletingService.java:call(138)) - Running DeletedBlockTransactionScanner
2019-09-02 06:30:40,027 [SCMBlockDeletingService#0] DEBUG block.SCMBlockDeletingService (SCMBlockDeletingService.java:call(155)) - Scanned deleted blocks log and got 0 delTX to process.
2019-09-02 06:30:40,127 [SCMBlockDeletingService#0] DEBUG block.SCMBlockDeletingService (SCMBlockDeletingService.java:call(138)) - Running DeletedBlockTransactionScanner
2019-09-02 06:30:40,127 [SCMBlockDeletingService#0] DEBUG block.SCMBlockDeletingService (SCMBlockDeletingService.java:call(155)) - Scanned deleted blocks log and got 0 delTX to process.
2019-09-02 06:30:40,228 [SCMBlockDeletingService#0] DEBUG block.SCMBlockDeletingService (SCMBlockDeletingService.java:call(138)) - Running DeletedBlockTransactionScanner
2019-09-02 06:30:40,228 [SCMBlockDeletingService#0] DEBUG block.SCMBlockDeletingService (SCMBlockDeletingService.java:call(155)) - Scanned deleted blocks log and got 0 delTX to process.
2019-09-02 06:30:40,328 [SCMBlockDeletingService#0] DEBUG block.SCMBlockDeletingService (SCMBlockDeletingService.java:call(138)) - Running DeletedBlockTransactionScanner
2019-09-02 06:30:40,329 [SCMBlockDeletingService#0] DEBUG block.SCMBlockDeletingService (SCMBlockDeletingService.java:call(155)) - Scanned deleted blocks log and got 0 delTX to process.
2019-09-02 06:30:40,429 [SCMBlockDeletingService#0] DEBUG block.SCMBlockDeletingService (SCMBlockDeletingService.java:call(138)) - Running DeletedBlockTransactionScanner
2019-09-02 06:30:40,429 [SCMBlockDeletingService#0] DEBUG block.SCMBlockDeletingService (SCMBlockDeletingService.java:call(155)) - Scanned deleted blocks log and got 0 delTX to process.
2019-09-02 06:30:40,530 [SCMBlockDeletingService#0] DEBUG block.SCMBlockDeletingService (SCMBlockDeletingService.java:call(138)) - Running DeletedBlockTransactionScanner
2019-09-02 06:30:40,530 [SCMBlockDeletingService#0] DEBUG block.SCMBlockDeletingService (SCMBlockDeletingService.java:call(155)) - Scanned deleted blocks log and got 0 delTX to process.
2019-09-02 06:30:40,631 [SCMBlockDeletingService#0] DEBUG block.SCMBlockDeletingService (SCMBlockDeletingService.java:call(138)) - Running DeletedBlockTransactionScanner
2019-09-02 06:30:40,631 [SCMBlockDeletingService#0] DEBUG block.SCMBlockDeletingService (SCMBlockDeletingService.java:call(155)) - Scanned deleted blocks log and got 0 delTX to process.
2019-09-02 06:30:40,731 [SCMBlockDeletingService#0] DEBUG block.SCMBlockDeletingService (SCMBlockDeletingService.java:call(138)) - Running DeletedBlockTransactionScanner
2019-09-02 06:30:40,732 [SCMBlockDeletingService#0] DEBUG block.SCMBlockDeletingService (SCMBlockDeletingService.java:call(155)) - Scanned deleted blocks log and got 0 delTX to process.
2019-09-02 06:30:40,832 [SCMBlockDeletingService#0] DEBUG block.SCMBlockDeletingService (SCMBlockDeletingService.java:call(138)) - Running DeletedBlockTransactionScanner
2019-09-02 06:30:40,832 [SCMBlockDeletingService#0] DEBUG block.SCMBlockDeletingService (SCMBlockDeletingService.java:call(155)) - Scanned deleted blocks log and got 0 delTX to process.
2019-09-02 06:30:40,932 [SCMBlockDeletingService#0] DEBUG block.SCMBlockDeletingService (SCMBlockDeletingService.java:call(138)) - Running DeletedBlockTransactionScanner
2019-09-02 06:30:40,933 [SCMBlockDeletingService#0] DEBUG block.SCMBlockDeletingService (SCMBlockDeletingService.java:call(155)) - Scanned deleted blocks log and got 0 delTX to process.
2019-09-02 06:30:41,033 [SCMBlockDeletingService#0] DEBUG block.SCMBlockDeletingService (SCMBlockDeletingService.java:call(138)) - Running DeletedBlockTransactionScanner
2019-09-02 06:30:41,033 [SCMBlockDeletingService#0] DEBUG block.SCMBlockDeletingService (SCMBlockDeletingService.java:call(155)) - Scanned deleted blocks log and got 0 delTX to process.
2019-09-02 06:30:41,134 [SCMBlockDeletingService#0] DEBUG block.SCMBlockDeletingService (SCMBlockDeletingService.java:call(138)) - Running DeletedBlockTransactionScanner
2019-09-02 06:30:41,134 [SCMBlockDeletingService#0] DEBUG block.SCMBlockDeletingService (SCMBlockDeletingService.java:call(155)) - Scanned deleted blocks log and got 0 delTX to process.
2019-09-02 06:30:41,234 [SCMBlockDeletingService#0] DEBUG block.SCMBlockDeletingService (SCMBlockDeletingService.java:call(138)) - Running DeletedBlockTransactionScanner
2019-09-02 06:30:41,234 [SCMBlockDeletingService#0] DEBUG block.SCMBlockDeletingService (SCMBlockDeletingService.java:call(155)) - Scanned deleted blocks log and got 0 delTX to process.
2019-09-02 06:30:41,335 [SCMBlockDeletingService#0] DEBUG block.SCMBlockDeletingService (SCMBlockDeletingService.java:call(138)) - Running DeletedBlockTransactionScanner
2019-09-02 06:30:41,335 [SCMBlockDeletingService#0] DEBUG block.SCMBlockDeletingService (SCMBlockDeletingService.java:call(155)) - Scanned deleted blocks log and got 0 delTX to process.
2019-09-02 06:30:41,435 [SCMBlockDeletingService#0] DEBUG block.SCMBlockDeletingService (SCMBlockDeletingService.java:call(138)) - Running DeletedBlockTransactionScanner
2019-09-02 06:30:41,436 [SCMBlockDeletingService#0] DEBUG block.SCMBlockDeletingService (SCMBlockDeletingService.java:call(155)) - Scanned deleted blocks log and got 0 delTX to process.
2019-09-02 06:30:41,536 [SCMBlockDeletingService#0] DEBUG block.SCMBlockDeletingService (SCMBlockDeletingService.java:call(138)) - Running DeletedBlockTransactionScanner
2019-09-02 06:30:41,536 [SCMBlockDeletingService#0] DEBUG block.SCMBlockDeletingService (SCMBlockDeletingService.java:call(155)) - Scanned deleted blocks log and got 0 delTX to process.
2019-09-02 06:30:41,637 [SCMBlockDeletingService#0] DEBUG block.SCMBlockDeletingService (SCMBlockDeletingService.java:call(138)) - Running DeletedBlockTransactionScanner
2019-09-02 06:30:41,637 [SCMBlockDeletingService#0] DEBUG block.SCMBlockDeletingService (SCMBlockDeletingService.java:call(155)) - Scanned deleted blocks log and got 0 delTX to process.
2019-09-02 06:30:41,737 [SCMBlockDeletingService#0] DEBUG block.SCMBlockDeletingService (SCMBlockDeletingService.java:call(138)) - Running DeletedBlockTransactionScanner
2019-09-02 06:30:41,738 [SCMBlockDeletingService#0] DEBUG block.SCMBlockDeletingService (SCMBlockDeletingService.java:call(155)) - Scanned deleted blocks log and got 0 delTX to process.
2019-09-02 06:30:41,838 [SCMBlockDeletingService#0] DEBUG block.SCMBlockDeletingService (SCMBlockDeletingService.java:call(138)) - Running DeletedBlockTransactionScanner
2019-09-02 06:30:41,838 [SCMBlockDeletingService#0] DEBUG block.SCMBlockDeletingService (SCMBlockDeletingService.java:call(155)) - Scanned deleted blocks log and got 0 delTX to process.
2019-09-02 06:30:41,927 [grpc-default-executor-0] INFO  client.GrpcClientProtocolClient (GrpcClientProtocolClient.java:onNext(255)) - client-0D308AD40832->3258574c-39ac-4ed5-9145-ea59a337c299: receive RaftClientReply:client-0D308AD40832->3258574c-39ac-4ed5-9145-ea59a337c299@group-6C7D867BDA6A, cid=3069, SUCCESS, logIndex=4302, commits[3258574c-39ac-4ed5-9145-ea59a337c299:c4305]
2019-09-02 06:30:41,933 [grpc-default-executor-0] INFO  client.GrpcClientProtocolClient (GrpcClientProtocolClient.java:onNext(255)) - client-0D308AD40832->3258574c-39ac-4ed5-9145-ea59a337c299: receive RaftClientReply:client-0D308AD40832->3258574c-39ac-4ed5-9145-ea59a337c299@group-6C7D867BDA6A, cid=3070, SUCCESS, logIndex=4303, commits[3258574c-39ac-4ed5-9145-ea59a337c299:c4305]
2019-09-02 06:30:41,937 [grpc-default-executor-1] INFO  client.GrpcClientProtocolClient (GrpcClientProtocolClient.java:onNext(255)) - client-0D308AD40832->3258574c-39ac-4ed5-9145-ea59a337c299: receive RaftClientReply:client-0D308AD40832->3258574c-39ac-4ed5-9145-ea59a337c299@group-6C7D867BDA6A, cid=3071, SUCCESS, logIndex=4304, commits[3258574c-39ac-4ed5-9145-ea59a337c299:c4305]
2019-09-02 06:30:41,938 [grpc-default-executor-1] INFO  client.GrpcClientProtocolClient (GrpcClientProtocolClient.java:onNext(255)) - client-0D308AD40832->3258574c-39ac-4ed5-9145-ea59a337c299: receive RaftClientReply:client-0D308AD40832->3258574c-39ac-4ed5-9145-ea59a337c299@group-6C7D867BDA6A, cid=3072, SUCCESS, logIndex=4305, commits[3258574c-39ac-4ed5-9145-ea59a337c299:c4305]
2019-09-02 06:30:41,939 [SCMBlockDeletingService#0] DEBUG block.SCMBlockDeletingService (SCMBlockDeletingService.java:call(138)) - Running DeletedBlockTransactionScanner
2019-09-02 06:30:41,939 [SCMBlockDeletingService#0] DEBUG block.SCMBlockDeletingService (SCMBlockDeletingService.java:call(155)) - Scanned deleted blocks log and got 0 delTX to process.
2019-09-02 06:30:42,005 [grpc-default-executor-1] INFO  client.GrpcClientProtocolClient (GrpcClientProtocolClient.java:onNext(255)) - client-FF34D2C67AC5->3258574c-39ac-4ed5-9145-ea59a337c299: receive RaftClientReply:client-FF34D2C67AC5->3258574c-39ac-4ed5-9145-ea59a337c299@group-6C7D867BDA6A, cid=3073, SUCCESS, logIndex=4307, commits[3258574c-39ac-4ed5-9145-ea59a337c299:c4307]
2019-09-02 06:30:42,014 [grpc-default-executor-1] INFO  client.GrpcClientProtocolClient (GrpcClientProtocolClient.java:onNext(255)) - client-FF34D2C67AC5->3258574c-39ac-4ed5-9145-ea59a337c299: receive RaftClientReply:client-FF34D2C67AC5->3258574c-39ac-4ed5-9145-ea59a337c299@group-6C7D867BDA6A, cid=3074, SUCCESS, logIndex=4309, commits[3258574c-39ac-4ed5-9145-ea59a337c299:c4309]
2019-09-02 06:30:42,021 [grpc-default-executor-0] INFO  client.GrpcClientProtocolClient (GrpcClientProtocolClient.java:onNext(255)) - client-FF34D2C67AC5->3258574c-39ac-4ed5-9145-ea59a337c299: receive RaftClientReply:client-FF34D2C67AC5->3258574c-39ac-4ed5-9145-ea59a337c299@group-6C7D867BDA6A, cid=3075, SUCCESS, logIndex=4311, commits[3258574c-39ac-4ed5-9145-ea59a337c299:c4312]
2019-09-02 06:30:42,021 [grpc-default-executor-0] INFO  client.GrpcClientProtocolClient (GrpcClientProtocolClient.java:onNext(255)) - client-FF34D2C67AC5->3258574c-39ac-4ed5-9145-ea59a337c299: receive RaftClientReply:client-FF34D2C67AC5->3258574c-39ac-4ed5-9145-ea59a337c299@group-6C7D867BDA6A, cid=3076, SUCCESS, logIndex=4312, commits[3258574c-39ac-4ed5-9145-ea59a337c299:c4312]
2019-09-02 06:30:42,034 [grpc-default-executor-0] INFO  client.GrpcClientProtocolClient (GrpcClientProtocolClient.java:onNext(255)) - client-FF34D2C67AC5->3258574c-39ac-4ed5-9145-ea59a337c299: receive RaftClientReply:client-FF34D2C67AC5->3258574c-39ac-4ed5-9145-ea59a337c299@group-6C7D867BDA6A, cid=3077, SUCCESS, logIndex=4314, commits[3258574c-39ac-4ed5-9145-ea59a337c299:c4315]
2019-09-02 06:30:42,035 [grpc-default-executor-0] INFO  client.GrpcClientProtocolClient (GrpcClientProtocolClient.java:onNext(255)) - client-FF34D2C67AC5->3258574c-39ac-4ed5-9145-ea59a337c299: receive RaftClientReply:client-FF34D2C67AC5->3258574c-39ac-4ed5-9145-ea59a337c299@group-6C7D867BDA6A, cid=3078, SUCCESS, logIndex=4315, commits[3258574c-39ac-4ed5-9145-ea59a337c299:c4315]
2019-09-02 06:30:42,038 [grpc-default-executor-0] INFO  client.GrpcClientProtocolClient (GrpcClientProtocolClient.java:onNext(255)) - client-FF34D2C67AC5->3258574c-39ac-4ed5-9145-ea59a337c299: receive RaftClientReply:client-FF34D2C67AC5->3258574c-39ac-4ed5-9145-ea59a337c299@group-6C7D867BDA6A, cid=3079, SUCCESS, logIndex=4316, commits[3258574c-39ac-4ed5-9145-ea59a337c299:c4318]
2019-09-02 06:30:42,038 [grpc-default-executor-0] INFO  client.GrpcClientProtocolClient (GrpcClientProtocolClient.java:onNext(255)) - client-FF34D2C67AC5->3258574c-39ac-4ed5-9145-ea59a337c299: receive RaftClientReply:client-FF34D2C67AC5->3258574c-39ac-4ed5-9145-ea59a337c299@group-6C7D867BDA6A, cid=3080, SUCCESS, logIndex=4318, commits[3258574c-39ac-4ed5-9145-ea59a337c299:c4318]
2019-09-02 06:30:42,039 [SCMBlockDeletingService#0] DEBUG block.SCMBlockDeletingService (SCMBlockDeletingService.java:call(138)) - Running DeletedBlockTransactionScanner
2019-09-02 06:30:42,039 [SCMBlockDeletingService#0] DEBUG block.SCMBlockDeletingService (SCMBlockDeletingService.java:call(155)) - Scanned deleted blocks log and got 0 delTX to process.
2019-09-02 06:30:42,482 [SCMBlockDeletingService#0] DEBUG block.SCMBlockDeletingService (SCMBlockDeletingService.java:call(138)) - Running DeletedBlockTransactionScanner
2019-09-02 06:30:42,483 [SCMBlockDeletingService#0] DEBUG block.SCMBlockDeletingService (SCMBlockDeletingService.java:call(155)) - Scanned deleted blocks log and got 0 delTX to process.
2019-09-02 06:30:42,517 [grpc-default-executor-1] INFO  client.GrpcClientProtocolClient (GrpcClientProtocolClient.java:onNext(255)) - client-FF34D2C67AC5->3258574c-39ac-4ed5-9145-ea59a337c299: receive RaftClientReply:client-FF34D2C67AC5->3258574c-39ac-4ed5-9145-ea59a337c299@group-6C7D867BDA6A, cid=3081, SUCCESS, logIndex=4320, commits[3258574c-39ac-4ed5-9145-ea59a337c299:c4321]
2019-09-02 06:30:42,518 [grpc-default-executor-1] INFO  client.GrpcClientProtocolClient (GrpcClientProtocolClient.java:onNext(255)) - client-FF34D2C67AC5->3258574c-39ac-4ed5-9145-ea59a337c299: receive RaftClientReply:client-FF34D2C67AC5->3258574c-39ac-4ed5-9145-ea59a337c299@group-6C7D867BDA6A, cid=3082, SUCCESS, logIndex=4321, commits[3258574c-39ac-4ed5-9145-ea59a337c299:c4323]
2019-09-02 06:30:42,519 [grpc-default-executor-1] INFO  client.GrpcClientProtocolClient (GrpcClientProtocolClient.java:onNext(255)) - client-FF34D2C67AC5->3258574c-39ac-4ed5-9145-ea59a337c299: receive RaftClientReply:client-FF34D2C67AC5->3258574c-39ac-4ed5-9145-ea59a337c299@group-6C7D867BDA6A, cid=3083, SUCCESS, logIndex=4322, commits[3258574c-39ac-4ed5-9145-ea59a337c299:c4325]
2019-09-02 06:30:42,519 [grpc-default-executor-1] INFO  client.GrpcClientProtocolClient (GrpcClientProtocolClient.java:onNext(255)) - client-FF34D2C67AC5->3258574c-39ac-4ed5-9145-ea59a337c299: receive RaftClientReply:client-FF34D2C67AC5->3258574c-39ac-4ed5-9145-ea59a337c299@group-6C7D867BDA6A, cid=3084, SUCCESS, logIndex=4323, commits[3258574c-39ac-4ed5-9145-ea59a337c299:c4325]
2019-09-02 06:30:42,543 [grpc-default-executor-1] INFO  client.GrpcClientProtocolClient (GrpcClientProtocolClient.java:onNext(255)) - client-FF34D2C67AC5->3258574c-39ac-4ed5-9145-ea59a337c299: receive RaftClientReply:client-FF34D2C67AC5->3258574c-39ac-4ed5-9145-ea59a337c299@group-6C7D867BDA6A, cid=3085, SUCCESS, logIndex=4326, commits[3258574c-39ac-4ed5-9145-ea59a337c299:c4329]
2019-09-02 06:30:42,544 [grpc-default-executor-1] INFO  client.GrpcClientProtocolClient (GrpcClientProtocolClient.java:onNext(255)) - client-FF34D2C67AC5->3258574c-39ac-4ed5-9145-ea59a337c299: receive RaftClientReply:client-FF34D2C67AC5->3258574c-39ac-4ed5-9145-ea59a337c299@group-6C7D867BDA6A, cid=3086, SUCCESS, logIndex=4327, commits[3258574c-39ac-4ed5-9145-ea59a337c299:c4330]
2019-09-02 06:30:42,544 [grpc-default-executor-1] INFO  client.GrpcClientProtocolClient (GrpcClientProtocolClient.java:onNext(255)) - client-FF34D2C67AC5->3258574c-39ac-4ed5-9145-ea59a337c299: receive RaftClientReply:client-FF34D2C67AC5->3258574c-39ac-4ed5-9145-ea59a337c299@group-6C7D867BDA6A, cid=3087, SUCCESS, logIndex=4328, commits[3258574c-39ac-4ed5-9145-ea59a337c299:c4331]
2019-09-02 06:30:42,545 [grpc-default-executor-1] INFO  client.GrpcClientProtocolClient (GrpcClientProtocolClient.java:onNext(255)) - client-FF34D2C67AC5->3258574c-39ac-4ed5-9145-ea59a337c299: receive RaftClientReply:client-FF34D2C67AC5->3258574c-39ac-4ed5-9145-ea59a337c299@group-6C7D867BDA6A, cid=3088, SUCCESS, logIndex=4329, commits[3258574c-39ac-4ed5-9145-ea59a337c299:c4331]
2019-09-02 06:30:42,579 [grpc-default-executor-0] INFO  client.GrpcClientProtocolClient (GrpcClientProtocolClient.java:onNext(255)) - client-FF34D2C67AC5->3258574c-39ac-4ed5-9145-ea59a337c299: receive RaftClientReply:client-FF34D2C67AC5->3258574c-39ac-4ed5-9145-ea59a337c299@group-6C7D867BDA6A, cid=3089, SUCCESS, logIndex=4332, commits[3258574c-39ac-4ed5-9145-ea59a337c299:c4335]
2019-09-02 06:30:42,579 [grpc-default-executor-0] INFO  client.GrpcClientProtocolClient (GrpcClientProtocolClient.java:onNext(255)) - client-FF34D2C67AC5->3258574c-39ac-4ed5-9145-ea59a337c299: receive RaftClientReply:client-FF34D2C67AC5->3258574c-39ac-4ed5-9145-ea59a337c299@group-6C7D867BDA6A, cid=3090, SUCCESS, logIndex=4333, commits[3258574c-39ac-4ed5-9145-ea59a337c299:c4336]
2019-09-02 06:30:42,580 [grpc-default-executor-0] INFO  client.GrpcClientProtocolClient (GrpcClientProtocolClient.java:onNext(255)) - client-FF34D2C67AC5->3258574c-39ac-4ed5-9145-ea59a337c299: receive RaftClientReply:client-FF34D2C67AC5->3258574c-39ac-4ed5-9145-ea59a337c299@group-6C7D867BDA6A, cid=3091, SUCCESS, logIndex=4334, commits[3258574c-39ac-4ed5-9145-ea59a337c299:c4336]
2019-09-02 06:30:42,580 [grpc-default-executor-0] INFO  client.GrpcClientProtocolClient (GrpcClientProtocolClient.java:onNext(255)) - client-FF34D2C67AC5->3258574c-39ac-4ed5-9145-ea59a337c299: receive RaftClientReply:client-FF34D2C67AC5->3258574c-39ac-4ed5-9145-ea59a337c299@group-6C7D867BDA6A, cid=3092, SUCCESS, logIndex=4335, commits[3258574c-39ac-4ed5-9145-ea59a337c299:c4336]
2019-09-02 06:30:42,583 [SCMBlockDeletingService#0] DEBUG block.SCMBlockDeletingService (SCMBlockDeletingService.java:call(138)) - Running DeletedBlockTransactionScanner
2019-09-02 06:30:42,583 [SCMBlockDeletingService#0] DEBUG block.SCMBlockDeletingService (SCMBlockDeletingService.java:call(155)) - Scanned deleted blocks log and got 0 delTX to process.
2019-09-02 06:30:42,603 [grpc-default-executor-1] INFO  client.GrpcClientProtocolClient (GrpcClientProtocolClient.java:onNext(255)) - client-FF34D2C67AC5->3258574c-39ac-4ed5-9145-ea59a337c299: receive RaftClientReply:client-FF34D2C67AC5->3258574c-39ac-4ed5-9145-ea59a337c299@group-6C7D867BDA6A, cid=3093, SUCCESS, logIndex=4337, commits[3258574c-39ac-4ed5-9145-ea59a337c299:c4338]
2019-09-02 06:30:42,603 [grpc-default-executor-1] INFO  client.GrpcClientProtocolClient (GrpcClientProtocolClient.java:onNext(255)) - client-FF34D2C67AC5->3258574c-39ac-4ed5-9145-ea59a337c299: receive RaftClientReply:client-FF34D2C67AC5->3258574c-39ac-4ed5-9145-ea59a337c299@group-6C7D867BDA6A, cid=3094, SUCCESS, logIndex=4338, commits[3258574c-39ac-4ed5-9145-ea59a337c299:c4339]
2019-09-02 06:30:42,683 [SCMBlockDeletingService#0] DEBUG block.SCMBlockDeletingService (SCMBlockDeletingService.java:call(138)) - Running DeletedBlockTransactionScanner
2019-09-02 06:30:42,684 [SCMBlockDeletingService#0] DEBUG block.SCMBlockDeletingService (SCMBlockDeletingService.java:call(155)) - Scanned deleted blocks log and got 0 delTX to process.
2019-09-02 06:30:42,699 [grpc-default-executor-0] INFO  client.GrpcClientProtocolClient (GrpcClientProtocolClient.java:onNext(255)) - client-FF34D2C67AC5->3258574c-39ac-4ed5-9145-ea59a337c299: receive RaftClientReply:client-FF34D2C67AC5->3258574c-39ac-4ed5-9145-ea59a337c299@group-6C7D867BDA6A, cid=3095, SUCCESS, logIndex=4340, commits[3258574c-39ac-4ed5-9145-ea59a337c299:c4341]
2019-09-02 06:30:42,700 [grpc-default-executor-0] INFO  client.GrpcClientProtocolClient (GrpcClientProtocolClient.java:onNext(255)) - client-FF34D2C67AC5->3258574c-39ac-4ed5-9145-ea59a337c299: receive RaftClientReply:client-FF34D2C67AC5->3258574c-39ac-4ed5-9145-ea59a337c299@group-6C7D867BDA6A, cid=3096, SUCCESS, logIndex=4341, commits[3258574c-39ac-4ed5-9145-ea59a337c299:c4342]
2019-09-02 06:30:42,733 [grpc-default-executor-0] INFO  client.GrpcClientProtocolClient (GrpcClientProtocolClient.java:onNext(255)) - client-FF34D2C67AC5->3258574c-39ac-4ed5-9145-ea59a337c299: receive RaftClientReply:client-FF34D2C67AC5->3258574c-39ac-4ed5-9145-ea59a337c299@group-6C7D867BDA6A, cid=3097, SUCCESS, logIndex=4343, commits[3258574c-39ac-4ed5-9145-ea59a337c299:c4346]
2019-09-02 06:30:42,733 [grpc-default-executor-0] INFO  client.GrpcClientProtocolClient (GrpcClientProtocolClient.java:onNext(255)) - client-FF34D2C67AC5->3258574c-39ac-4ed5-9145-ea59a337c299: receive RaftClientReply:client-FF34D2C67AC5->3258574c-39ac-4ed5-9145-ea59a337c299@group-6C7D867BDA6A, cid=3098, SUCCESS, logIndex=4344, commits[3258574c-39ac-4ed5-9145-ea59a337c299:c4346]
2019-09-02 06:30:42,734 [grpc-default-executor-0] INFO  client.GrpcClientProtocolClient (GrpcClientProtocolClient.java:onNext(255)) - client-FF34D2C67AC5->3258574c-39ac-4ed5-9145-ea59a337c299: receive RaftClientReply:client-FF34D2C67AC5->3258574c-39ac-4ed5-9145-ea59a337c299@group-6C7D867BDA6A, cid=3099, SUCCESS, logIndex=4345, commits[3258574c-39ac-4ed5-9145-ea59a337c299:c4346]
2019-09-02 06:30:42,734 [grpc-default-executor-0] INFO  client.GrpcClientProtocolClient (GrpcClientProtocolClient.java:onNext(255)) - client-FF34D2C67AC5->3258574c-39ac-4ed5-9145-ea59a337c299: receive RaftClientReply:client-FF34D2C67AC5->3258574c-39ac-4ed5-9145-ea59a337c299@group-6C7D867BDA6A, cid=3100, SUCCESS, logIndex=4346, commits[3258574c-39ac-4ed5-9145-ea59a337c299:c4346]
2019-09-02 06:30:42,755 [grpc-default-executor-0] INFO  client.GrpcClientProtocolClient (GrpcClientProtocolClient.java:onNext(255)) - client-FF34D2C67AC5->3258574c-39ac-4ed5-9145-ea59a337c299: receive RaftClientReply:client-FF34D2C67AC5->3258574c-39ac-4ed5-9145-ea59a337c299@group-6C7D867BDA6A, cid=3101, SUCCESS, logIndex=4348, commits[3258574c-39ac-4ed5-9145-ea59a337c299:c4349]
2019-09-02 06:30:42,755 [grpc-default-executor-0] INFO  client.GrpcClientProtocolClient (GrpcClientProtocolClient.java:onNext(255)) - client-FF34D2C67AC5->3258574c-39ac-4ed5-9145-ea59a337c299: receive RaftClientReply:client-FF34D2C67AC5->3258574c-39ac-4ed5-9145-ea59a337c299@group-6C7D867BDA6A, cid=3102, SUCCESS, logIndex=4349, commits[3258574c-39ac-4ed5-9145-ea59a337c299:c4351]
2019-09-02 06:30:42,756 [grpc-default-executor-0] INFO  client.GrpcClientProtocolClient (GrpcClientProtocolClient.java:onNext(255)) - client-FF34D2C67AC5->3258574c-39ac-4ed5-9145-ea59a337c299: receive RaftClientReply:client-FF34D2C67AC5->3258574c-39ac-4ed5-9145-ea59a337c299@group-6C7D867BDA6A, cid=3103, SUCCESS, logIndex=4350, commits[3258574c-39ac-4ed5-9145-ea59a337c299:c4352]
2019-09-02 06:30:42,756 [grpc-default-executor-0] INFO  client.GrpcClientProtocolClient (GrpcClientProtocolClient.java:onNext(255)) - client-FF34D2C67AC5->3258574c-39ac-4ed5-9145-ea59a337c299: receive RaftClientReply:client-FF34D2C67AC5->3258574c-39ac-4ed5-9145-ea59a337c299@group-6C7D867BDA6A, cid=3104, SUCCESS, logIndex=4351, commits[3258574c-39ac-4ed5-9145-ea59a337c299:c4352]
2019-09-02 06:30:42,784 [SCMBlockDeletingService#0] DEBUG block.SCMBlockDeletingService (SCMBlockDeletingService.java:call(138)) - Running DeletedBlockTransactionScanner
2019-09-02 06:30:42,784 [SCMBlockDeletingService#0] DEBUG block.SCMBlockDeletingService (SCMBlockDeletingService.java:call(155)) - Scanned deleted blocks log and got 0 delTX to process.
2019-09-02 06:30:42,794 [grpc-default-executor-0] INFO  client.GrpcClientProtocolClient (GrpcClientProtocolClient.java:onNext(255)) - client-FF34D2C67AC5->3258574c-39ac-4ed5-9145-ea59a337c299: receive RaftClientReply:client-FF34D2C67AC5->3258574c-39ac-4ed5-9145-ea59a337c299@group-6C7D867BDA6A, cid=3105, SUCCESS, logIndex=4354, commits[3258574c-39ac-4ed5-9145-ea59a337c299:c4355]
2019-09-02 06:30:42,795 [grpc-default-executor-0] INFO  client.GrpcClientProtocolClient (GrpcClientProtocolClient.java:onNext(255)) - client-FF34D2C67AC5->3258574c-39ac-4ed5-9145-ea59a337c299: receive RaftClientReply:client-FF34D2C67AC5->3258574c-39ac-4ed5-9145-ea59a337c299@group-6C7D867BDA6A, cid=3106, SUCCESS, logIndex=4355, commits[3258574c-39ac-4ed5-9145-ea59a337c299:c4357]
2019-09-02 06:30:42,795 [grpc-default-executor-0] INFO  client.GrpcClientProtocolClient (GrpcClientProtocolClient.java:onNext(255)) - client-FF34D2C67AC5->3258574c-39ac-4ed5-9145-ea59a337c299: receive RaftClientReply:client-FF34D2C67AC5->3258574c-39ac-4ed5-9145-ea59a337c299@group-6C7D867BDA6A, cid=3107, SUCCESS, logIndex=4356, commits[3258574c-39ac-4ed5-9145-ea59a337c299:c4358]
2019-09-02 06:30:42,795 [grpc-default-executor-0] INFO  client.GrpcClientProtocolClient (GrpcClientProtocolClient.java:onNext(255)) - client-FF34D2C67AC5->3258574c-39ac-4ed5-9145-ea59a337c299: receive RaftClientReply:client-FF34D2C67AC5->3258574c-39ac-4ed5-9145-ea59a337c299@group-6C7D867BDA6A, cid=3108, SUCCESS, logIndex=4357, commits[3258574c-39ac-4ed5-9145-ea59a337c299:c4358]
2019-09-02 06:30:42,819 [grpc-default-executor-0] INFO  client.GrpcClientProtocolClient (GrpcClientProtocolClient.java:onNext(255)) - client-FF34D2C67AC5->3258574c-39ac-4ed5-9145-ea59a337c299: receive RaftClientReply:client-FF34D2C67AC5->3258574c-39ac-4ed5-9145-ea59a337c299@group-6C7D867BDA6A, cid=3109, SUCCESS, logIndex=4360, commits[3258574c-39ac-4ed5-9145-ea59a337c299:c4361]
2019-09-02 06:30:42,820 [grpc-default-executor-0] INFO  client.GrpcClientProtocolClient (GrpcClientProtocolClient.java:onNext(255)) - client-FF34D2C67AC5->3258574c-39ac-4ed5-9145-ea59a337c299: receive RaftClientReply:client-FF34D2C67AC5->3258574c-39ac-4ed5-9145-ea59a337c299@group-6C7D867BDA6A, cid=3110, SUCCESS, logIndex=4361, commits[3258574c-39ac-4ed5-9145-ea59a337c299:c4361]
2019-09-02 06:30:42,821 [grpc-default-executor-0] INFO  client.GrpcClientProtocolClient (GrpcClientProtocolClient.java:onNext(255)) - client-FF34D2C67AC5->3258574c-39ac-4ed5-9145-ea59a337c299: receive RaftClientReply:client-FF34D2C67AC5->3258574c-39ac-4ed5-9145-ea59a337c299@group-6C7D867BDA6A, cid=3111, SUCCESS, logIndex=4362, commits[3258574c-39ac-4ed5-9145-ea59a337c299:c4363]
2019-09-02 06:30:42,822 [grpc-default-executor-0] INFO  client.GrpcClientProtocolClient (GrpcClientProtocolClient.java:onNext(255)) - client-FF34D2C67AC5->3258574c-39ac-4ed5-9145-ea59a337c299: receive RaftClientReply:client-FF34D2C67AC5->3258574c-39ac-4ed5-9145-ea59a337c299@group-6C7D867BDA6A, cid=3112, SUCCESS, logIndex=4363, commits[3258574c-39ac-4ed5-9145-ea59a337c299:c4363]
2019-09-02 06:30:42,856 [grpc-default-executor-1] INFO  client.GrpcClientProtocolClient (GrpcClientProtocolClient.java:onNext(255)) - client-FF34D2C67AC5->3258574c-39ac-4ed5-9145-ea59a337c299: receive RaftClientReply:client-FF34D2C67AC5->3258574c-39ac-4ed5-9145-ea59a337c299@group-6C7D867BDA6A, cid=3113, SUCCESS, logIndex=4366, commits[3258574c-39ac-4ed5-9145-ea59a337c299:c4367]
2019-09-02 06:30:42,856 [grpc-default-executor-1] INFO  client.GrpcClientProtocolClient (GrpcClientProtocolClient.java:onNext(255)) - client-FF34D2C67AC5->3258574c-39ac-4ed5-9145-ea59a337c299: receive RaftClientReply:client-FF34D2C67AC5->3258574c-39ac-4ed5-9145-ea59a337c299@group-6C7D867BDA6A, cid=3114, SUCCESS, logIndex=4367, commits[3258574c-39ac-4ed5-9145-ea59a337c299:c4367]
2019-09-02 06:30:42,872 [grpc-default-executor-1] INFO  client.GrpcClientProtocolClient (GrpcClientProtocolClient.java:onNext(255)) - client-FF34D2C67AC5->3258574c-39ac-4ed5-9145-ea59a337c299: receive RaftClientReply:client-FF34D2C67AC5->3258574c-39ac-4ed5-9145-ea59a337c299@group-6C7D867BDA6A, cid=3115, SUCCESS, logIndex=4368, commits[3258574c-39ac-4ed5-9145-ea59a337c299:c4370]
2019-09-02 06:30:42,872 [grpc-default-executor-1] INFO  client.GrpcClientProtocolClient (GrpcClientProtocolClient.java:onNext(255)) - client-FF34D2C67AC5->3258574c-39ac-4ed5-9145-ea59a337c299: receive RaftClientReply:client-FF34D2C67AC5->3258574c-39ac-4ed5-9145-ea59a337c299@group-6C7D867BDA6A, cid=3116, SUCCESS, logIndex=4369, commits[3258574c-39ac-4ed5-9145-ea59a337c299:c4370]
2019-09-02 06:30:42,885 [SCMBlockDeletingService#0] DEBUG block.SCMBlockDeletingService (SCMBlockDeletingService.java:call(138)) - Running DeletedBlockTransactionScanner
2019-09-02 06:30:42,885 [SCMBlockDeletingService#0] DEBUG block.SCMBlockDeletingService (SCMBlockDeletingService.java:call(155)) - Scanned deleted blocks log and got 0 delTX to process.
2019-09-02 06:30:42,895 [grpc-default-executor-1] INFO  client.GrpcClientProtocolClient (GrpcClientProtocolClient.java:onNext(255)) - client-FF34D2C67AC5->3258574c-39ac-4ed5-9145-ea59a337c299: receive RaftClientReply:client-FF34D2C67AC5->3258574c-39ac-4ed5-9145-ea59a337c299@group-6C7D867BDA6A, cid=3117, SUCCESS, logIndex=4371, commits[3258574c-39ac-4ed5-9145-ea59a337c299:c4374]
2019-09-02 06:30:42,895 [grpc-default-executor-1] INFO  client.GrpcClientProtocolClient (GrpcClientProtocolClient.java:onNext(255)) - client-FF34D2C67AC5->3258574c-39ac-4ed5-9145-ea59a337c299: receive RaftClientReply:client-FF34D2C67AC5->3258574c-39ac-4ed5-9145-ea59a337c299@group-6C7D867BDA6A, cid=3118, SUCCESS, logIndex=4372, commits[3258574c-39ac-4ed5-9145-ea59a337c299:c4375]
2019-09-02 06:30:42,896 [grpc-default-executor-1] INFO  client.GrpcClientProtocolClient (GrpcClientProtocolClient.java:onNext(255)) - client-FF34D2C67AC5->3258574c-39ac-4ed5-9145-ea59a337c299: receive RaftClientReply:client-FF34D2C67AC5->3258574c-39ac-4ed5-9145-ea59a337c299@group-6C7D867BDA6A, cid=3119, SUCCESS, logIndex=4373, commits[3258574c-39ac-4ed5-9145-ea59a337c299:c4375]
2019-09-02 06:30:42,896 [grpc-default-executor-1] INFO  client.GrpcClientProtocolClient (GrpcClientProtocolClient.java:onNext(255)) - client-FF34D2C67AC5->3258574c-39ac-4ed5-9145-ea59a337c299: receive RaftClientReply:client-FF34D2C67AC5->3258574c-39ac-4ed5-9145-ea59a337c299@group-6C7D867BDA6A, cid=3120, SUCCESS, logIndex=4374, commits[3258574c-39ac-4ed5-9145-ea59a337c299:c4375]
2019-09-02 06:30:42,927 [grpc-default-executor-1] INFO  client.GrpcClientProtocolClient (GrpcClientProtocolClient.java:onNext(255)) - client-FF34D2C67AC5->3258574c-39ac-4ed5-9145-ea59a337c299: receive RaftClientReply:client-FF34D2C67AC5->3258574c-39ac-4ed5-9145-ea59a337c299@group-6C7D867BDA6A, cid=3121, SUCCESS, logIndex=4376, commits[3258574c-39ac-4ed5-9145-ea59a337c299:c4377]
2019-09-02 06:30:42,927 [grpc-default-executor-1] INFO  client.GrpcClientProtocolClient (GrpcClientProtocolClient.java:onNext(255)) - client-FF34D2C67AC5->3258574c-39ac-4ed5-9145-ea59a337c299: receive RaftClientReply:client-FF34D2C67AC5->3258574c-39ac-4ed5-9145-ea59a337c299@group-6C7D867BDA6A, cid=3122, SUCCESS, logIndex=4377, commits[3258574c-39ac-4ed5-9145-ea59a337c299:c4377]
2019-09-02 06:30:42,928 [grpc-default-executor-1] INFO  client.GrpcClientProtocolClient (GrpcClientProtocolClient.java:onNext(255)) - client-FF34D2C67AC5->3258574c-39ac-4ed5-9145-ea59a337c299: receive RaftClientReply:client-FF34D2C67AC5->3258574c-39ac-4ed5-9145-ea59a337c299@group-6C7D867BDA6A, cid=3123, SUCCESS, logIndex=4378, commits[3258574c-39ac-4ed5-9145-ea59a337c299:c4379]
2019-09-02 06:30:42,929 [grpc-default-executor-1] INFO  client.GrpcClientProtocolClient (GrpcClientProtocolClient.java:onNext(255)) - client-FF34D2C67AC5->3258574c-39ac-4ed5-9145-ea59a337c299: receive RaftClientReply:client-FF34D2C67AC5->3258574c-39ac-4ed5-9145-ea59a337c299@group-6C7D867BDA6A, cid=3124, SUCCESS, logIndex=4379, commits[3258574c-39ac-4ed5-9145-ea59a337c299:c4379]
2019-09-02 06:30:42,951 [grpc-default-executor-1] INFO  client.GrpcClientProtocolClient (GrpcClientProtocolClient.java:onNext(255)) - client-FF34D2C67AC5->3258574c-39ac-4ed5-9145-ea59a337c299: receive RaftClientReply:client-FF34D2C67AC5->3258574c-39ac-4ed5-9145-ea59a337c299@group-6C7D867BDA6A, cid=3125, SUCCESS, logIndex=4382, commits[3258574c-39ac-4ed5-9145-ea59a337c299:c4383]
2019-09-02 06:30:42,951 [grpc-default-executor-1] INFO  client.GrpcClientProtocolClient (GrpcClientProtocolClient.java:onNext(255)) - client-FF34D2C67AC5->3258574c-39ac-4ed5-9145-ea59a337c299: receive RaftClientReply:client-FF34D2C67AC5->3258574c-39ac-4ed5-9145-ea59a337c299@group-6C7D867BDA6A, cid=3126, SUCCESS, logIndex=4383, commits[3258574c-39ac-4ed5-9145-ea59a337c299:c4385]
2019-09-02 06:30:42,952 [grpc-default-executor-1] INFO  client.GrpcClientProtocolClient (GrpcClientProtocolClient.java:onNext(255)) - client-FF34D2C67AC5->3258574c-39ac-4ed5-9145-ea59a337c299: receive RaftClientReply:client-FF34D2C67AC5->3258574c-39ac-4ed5-9145-ea59a337c299@group-6C7D867BDA6A, cid=3127, SUCCESS, logIndex=4384, commits[3258574c-39ac-4ed5-9145-ea59a337c299:c4386]
2019-09-02 06:30:42,952 [grpc-default-executor-1] INFO  client.GrpcClientProtocolClient (GrpcClientProtocolClient.java:onNext(255)) - client-FF34D2C67AC5->3258574c-39ac-4ed5-9145-ea59a337c299: receive RaftClientReply:client-FF34D2C67AC5->3258574c-39ac-4ed5-9145-ea59a337c299@group-6C7D867BDA6A, cid=3128, SUCCESS, logIndex=4385, commits[3258574c-39ac-4ed5-9145-ea59a337c299:c4386]
2019-09-02 06:30:42,985 [SCMBlockDeletingService#0] DEBUG block.SCMBlockDeletingService (SCMBlockDeletingService.java:call(138)) - Running DeletedBlockTransactionScanner
2019-09-02 06:30:42,986 [SCMBlockDeletingService#0] DEBUG block.SCMBlockDeletingService (SCMBlockDeletingService.java:call(155)) - Scanned deleted blocks log and got 0 delTX to process.
2019-09-02 06:30:42,988 [grpc-default-executor-1] INFO  client.GrpcClientProtocolClient (GrpcClientProtocolClient.java:onNext(255)) - client-FF34D2C67AC5->3258574c-39ac-4ed5-9145-ea59a337c299: receive RaftClientReply:client-FF34D2C67AC5->3258574c-39ac-4ed5-9145-ea59a337c299@group-6C7D867BDA6A, cid=3129, SUCCESS, logIndex=4388, commits[3258574c-39ac-4ed5-9145-ea59a337c299:c4389]
2019-09-02 06:30:42,988 [grpc-default-executor-1] INFO  client.GrpcClientProtocolClient (GrpcClientProtocolClient.java:onNext(255)) - client-FF34D2C67AC5->3258574c-39ac-4ed5-9145-ea59a337c299: receive RaftClientReply:client-FF34D2C67AC5->3258574c-39ac-4ed5-9145-ea59a337c299@group-6C7D867BDA6A, cid=3130, SUCCESS, logIndex=4389, commits[3258574c-39ac-4ed5-9145-ea59a337c299:c4391]
2019-09-02 06:30:42,988 [grpc-default-executor-1] INFO  client.GrpcClientProtocolClient (GrpcClientProtocolClient.java:onNext(255)) - client-FF34D2C67AC5->3258574c-39ac-4ed5-9145-ea59a337c299: receive RaftClientReply:client-FF34D2C67AC5->3258574c-39ac-4ed5-9145-ea59a337c299@group-6C7D867BDA6A, cid=3131, SUCCESS, logIndex=4390, commits[3258574c-39ac-4ed5-9145-ea59a337c299:c4391]
2019-09-02 06:30:42,989 [grpc-default-executor-1] INFO  client.GrpcClientProtocolClient (GrpcClientProtocolClient.java:onNext(255)) - client-FF34D2C67AC5->3258574c-39ac-4ed5-9145-ea59a337c299: receive RaftClientReply:client-FF34D2C67AC5->3258574c-39ac-4ed5-9145-ea59a337c299@group-6C7D867BDA6A, cid=3132, SUCCESS, logIndex=4391, commits[3258574c-39ac-4ed5-9145-ea59a337c299:c4392]
2019-09-02 06:30:43,013 [grpc-default-executor-0] INFO  client.GrpcClientProtocolClient (GrpcClientProtocolClient.java:onNext(255)) - client-FF34D2C67AC5->3258574c-39ac-4ed5-9145-ea59a337c299: receive RaftClientReply:client-FF34D2C67AC5->3258574c-39ac-4ed5-9145-ea59a337c299@group-6C7D867BDA6A, cid=3133, SUCCESS, logIndex=4394, commits[3258574c-39ac-4ed5-9145-ea59a337c299:c4397]
2019-09-02 06:30:43,014 [grpc-default-executor-0] INFO  client.GrpcClientProtocolClient (GrpcClientProtocolClient.java:onNext(255)) - client-FF34D2C67AC5->3258574c-39ac-4ed5-9145-ea59a337c299: receive RaftClientReply:client-FF34D2C67AC5->3258574c-39ac-4ed5-9145-ea59a337c299@group-6C7D867BDA6A, cid=3134, SUCCESS, logIndex=4395, commits[3258574c-39ac-4ed5-9145-ea59a337c299:c4398]
2019-09-02 06:30:43,014 [grpc-default-executor-0] INFO  client.GrpcClientProtocolClient (GrpcClientProtocolClient.java:onNext(255)) - client-FF34D2C67AC5->3258574c-39ac-4ed5-9145-ea59a337c299: receive RaftClientReply:client-FF34D2C67AC5->3258574c-39ac-4ed5-9145-ea59a337c299@group-6C7D867BDA6A, cid=3135, SUCCESS, logIndex=4396, commits[3258574c-39ac-4ed5-9145-ea59a337c299:c4398]
2019-09-02 06:30:43,014 [grpc-default-executor-0] INFO  client.GrpcClientProtocolClient (GrpcClientProtocolClient.java:onNext(255)) - client-FF34D2C67AC5->3258574c-39ac-4ed5-9145-ea59a337c299: receive RaftClientReply:client-FF34D2C67AC5->3258574c-39ac-4ed5-9145-ea59a337c299@group-6C7D867BDA6A, cid=3136, SUCCESS, logIndex=4397, commits[3258574c-39ac-4ed5-9145-ea59a337c299:c4398]
2019-09-02 06:30:43,046 [grpc-default-executor-1] INFO  client.GrpcClientProtocolClient (GrpcClientProtocolClient.java:onNext(255)) - client-FF34D2C67AC5->3258574c-39ac-4ed5-9145-ea59a337c299: receive RaftClientReply:client-FF34D2C67AC5->3258574c-39ac-4ed5-9145-ea59a337c299@group-6C7D867BDA6A, cid=3137, SUCCESS, logIndex=4399, commits[3258574c-39ac-4ed5-9145-ea59a337c299:c4400]
2019-09-02 06:30:43,046 [grpc-default-executor-1] INFO  client.GrpcClientProtocolClient (GrpcClientProtocolClient.java:onNext(255)) - client-FF34D2C67AC5->3258574c-39ac-4ed5-9145-ea59a337c299: receive RaftClientReply:client-FF34D2C67AC5->3258574c-39ac-4ed5-9145-ea59a337c299@group-6C7D867BDA6A, cid=3138, SUCCESS, logIndex=4400, commits[3258574c-39ac-4ed5-9145-ea59a337c299:c4400]
2019-09-02 06:30:43,086 [SCMBlockDeletingService#0] DEBUG block.SCMBlockDeletingService (SCMBlockDeletingService.java:call(138)) - Running DeletedBlockTransactionScanner
2019-09-02 06:30:43,086 [SCMBlockDeletingService#0] DEBUG block.SCMBlockDeletingService (SCMBlockDeletingService.java:call(155)) - Scanned deleted blocks log and got 0 delTX to process.
2019-09-02 06:30:43,152 [grpc-default-executor-0] INFO  client.GrpcClientProtocolClient (GrpcClientProtocolClient.java:onNext(255)) - client-FF34D2C67AC5->3258574c-39ac-4ed5-9145-ea59a337c299: receive RaftClientReply:client-FF34D2C67AC5->3258574c-39ac-4ed5-9145-ea59a337c299@group-6C7D867BDA6A, cid=3139, SUCCESS, logIndex=4402, commits[3258574c-39ac-4ed5-9145-ea59a337c299:c4403]
2019-09-02 06:30:43,153 [grpc-default-executor-0] INFO  client.GrpcClientProtocolClient (GrpcClientProtocolClient.java:onNext(255)) - client-FF34D2C67AC5->3258574c-39ac-4ed5-9145-ea59a337c299: receive RaftClientReply:client-FF34D2C67AC5->3258574c-39ac-4ed5-9145-ea59a337c299@group-6C7D867BDA6A, cid=3140, SUCCESS, logIndex=4403, commits[3258574c-39ac-4ed5-9145-ea59a337c299:c4404]
2019-09-02 06:30:43,174 [grpc-default-executor-0] INFO  client.GrpcClientProtocolClient (GrpcClientProtocolClient.java:onNext(255)) - client-FF34D2C67AC5->3258574c-39ac-4ed5-9145-ea59a337c299: receive RaftClientReply:client-FF34D2C67AC5->3258574c-39ac-4ed5-9145-ea59a337c299@group-6C7D867BDA6A, cid=3141, SUCCESS, logIndex=4405, commits[3258574c-39ac-4ed5-9145-ea59a337c299:c4408]
2019-09-02 06:30:43,175 [grpc-default-executor-0] INFO  client.GrpcClientProtocolClient (GrpcClientProtocolClient.java:onNext(255)) - client-FF34D2C67AC5->3258574c-39ac-4ed5-9145-ea59a337c299: receive RaftClientReply:client-FF34D2C67AC5->3258574c-39ac-4ed5-9145-ea59a337c299@group-6C7D867BDA6A, cid=3142, SUCCESS, logIndex=4406, commits[3258574c-39ac-4ed5-9145-ea59a337c299:c4409]
2019-09-02 06:30:43,175 [grpc-default-executor-0] INFO  client.GrpcClientProtocolClient (GrpcClientProtocolClient.java:onNext(255)) - client-FF34D2C67AC5->3258574c-39ac-4ed5-9145-ea59a337c299: receive RaftClientReply:client-FF34D2C67AC5->3258574c-39ac-4ed5-9145-ea59a337c299@group-6C7D867BDA6A, cid=3143, SUCCESS, logIndex=4407, commits[3258574c-39ac-4ed5-9145-ea59a337c299:c4409]
2019-09-02 06:30:43,175 [grpc-default-executor-0] INFO  client.GrpcClientProtocolClient (GrpcClientProtocolClient.java:onNext(255)) - client-FF34D2C67AC5->3258574c-39ac-4ed5-9145-ea59a337c299: receive RaftClientReply:client-FF34D2C67AC5->3258574c-39ac-4ed5-9145-ea59a337c299@group-6C7D867BDA6A, cid=3144, SUCCESS, logIndex=4408, commits[3258574c-39ac-4ed5-9145-ea59a337c299:c4409]
2019-09-02 06:30:43,187 [SCMBlockDeletingService#0] DEBUG block.SCMBlockDeletingService (SCMBlockDeletingService.java:call(138)) - Running DeletedBlockTransactionScanner
2019-09-02 06:30:43,187 [SCMBlockDeletingService#0] DEBUG block.SCMBlockDeletingService (SCMBlockDeletingService.java:call(155)) - Scanned deleted blocks log and got 0 delTX to process.
2019-09-02 06:30:43,206 [grpc-default-executor-1] INFO  client.GrpcClientProtocolClient (GrpcClientProtocolClient.java:onNext(255)) - client-FF34D2C67AC5->3258574c-39ac-4ed5-9145-ea59a337c299: receive RaftClientReply:client-FF34D2C67AC5->3258574c-39ac-4ed5-9145-ea59a337c299@group-6C7D867BDA6A, cid=3145, SUCCESS, logIndex=4410, commits[3258574c-39ac-4ed5-9145-ea59a337c299:c4411]
2019-09-02 06:30:43,206 [grpc-default-executor-1] INFO  client.GrpcClientProtocolClient (GrpcClientProtocolClient.java:onNext(255)) - client-FF34D2C67AC5->3258574c-39ac-4ed5-9145-ea59a337c299: receive RaftClientReply:client-FF34D2C67AC5->3258574c-39ac-4ed5-9145-ea59a337c299@group-6C7D867BDA6A, cid=3146, SUCCESS, logIndex=4411, commits[3258574c-39ac-4ed5-9145-ea59a337c299:c4411]
2019-09-02 06:30:43,207 [grpc-default-executor-1] INFO  client.GrpcClientProtocolClient (GrpcClientProtocolClient.java:onNext(255)) - client-FF34D2C67AC5->3258574c-39ac-4ed5-9145-ea59a337c299: receive RaftClientReply:client-FF34D2C67AC5->3258574c-39ac-4ed5-9145-ea59a337c299@group-6C7D867BDA6A, cid=3147, SUCCESS, logIndex=4412, commits[3258574c-39ac-4ed5-9145-ea59a337c299:c4413]
2019-09-02 06:30:43,208 [grpc-default-executor-1] INFO  client.GrpcClientProtocolClient (GrpcClientProtocolClient.java:onNext(255)) - client-FF34D2C67AC5->3258574c-39ac-4ed5-9145-ea59a337c299: receive RaftClientReply:client-FF34D2C67AC5->3258574c-39ac-4ed5-9145-ea59a337c299@group-6C7D867BDA6A, cid=3148, SUCCESS, logIndex=4413, commits[3258574c-39ac-4ed5-9145-ea59a337c299:c4413]
2019-09-02 06:30:43,223 [grpc-default-executor-0] INFO  client.GrpcClientProtocolClient (GrpcClientProtocolClient.java:onNext(255)) - client-FF34D2C67AC5->3258574c-39ac-4ed5-9145-ea59a337c299: receive RaftClientReply:client-FF34D2C67AC5->3258574c-39ac-4ed5-9145-ea59a337c299@group-6C7D867BDA6A, cid=3149, SUCCESS, logIndex=4416, commits[3258574c-39ac-4ed5-9145-ea59a337c299:c4420]
2019-09-02 06:30:43,223 [grpc-default-executor-0] INFO  client.GrpcClientProtocolClient (GrpcClientProtocolClient.java:onNext(255)) - client-FF34D2C67AC5->3258574c-39ac-4ed5-9145-ea59a337c299: receive RaftClientReply:client-FF34D2C67AC5->3258574c-39ac-4ed5-9145-ea59a337c299@group-6C7D867BDA6A, cid=3150, SUCCESS, logIndex=4417, commits[3258574c-39ac-4ed5-9145-ea59a337c299:c4420]
2019-09-02 06:30:43,224 [grpc-default-executor-0] INFO  client.GrpcClientProtocolClient (GrpcClientProtocolClient.java:onNext(255)) - client-FF34D2C67AC5->3258574c-39ac-4ed5-9145-ea59a337c299: receive RaftClientReply:client-FF34D2C67AC5->3258574c-39ac-4ed5-9145-ea59a337c299@group-6C7D867BDA6A, cid=3151, SUCCESS, logIndex=4418, commits[3258574c-39ac-4ed5-9145-ea59a337c299:c4420]
2019-09-02 06:30:43,224 [grpc-default-executor-0] INFO  client.GrpcClientProtocolClient (GrpcClientProtocolClient.java:onNext(255)) - client-FF34D2C67AC5->3258574c-39ac-4ed5-9145-ea59a337c299: receive RaftClientReply:client-FF34D2C67AC5->3258574c-39ac-4ed5-9145-ea59a337c299@group-6C7D867BDA6A, cid=3152, SUCCESS, logIndex=4419, commits[3258574c-39ac-4ed5-9145-ea59a337c299:c4420]
2019-09-02 06:30:43,264 [grpc-default-executor-1] INFO  client.GrpcClientProtocolClient (GrpcClientProtocolClient.java:onNext(255)) - client-FF34D2C67AC5->3258574c-39ac-4ed5-9145-ea59a337c299: receive RaftClientReply:client-FF34D2C67AC5->3258574c-39ac-4ed5-9145-ea59a337c299@group-6C7D867BDA6A, cid=3153, SUCCESS, logIndex=4421, commits[3258574c-39ac-4ed5-9145-ea59a337c299:c4424]
2019-09-02 06:30:43,265 [grpc-default-executor-1] INFO  client.GrpcClientProtocolClient (GrpcClientProtocolClient.java:onNext(255)) - client-FF34D2C67AC5->3258574c-39ac-4ed5-9145-ea59a337c299: receive RaftClientReply:client-FF34D2C67AC5->3258574c-39ac-4ed5-9145-ea59a337c299@group-6C7D867BDA6A, cid=3154, SUCCESS, logIndex=4422, commits[3258574c-39ac-4ed5-9145-ea59a337c299:c4425]
2019-09-02 06:30:43,265 [grpc-default-executor-1] INFO  client.GrpcClientProtocolClient (GrpcClientProtocolClient.java:onNext(255)) - client-FF34D2C67AC5->3258574c-39ac-4ed5-9145-ea59a337c299: receive RaftClientReply:client-FF34D2C67AC5->3258574c-39ac-4ed5-9145-ea59a337c299@group-6C7D867BDA6A, cid=3155, SUCCESS, logIndex=4423, commits[3258574c-39ac-4ed5-9145-ea59a337c299:c4426]
2019-09-02 06:30:43,265 [grpc-default-executor-1] INFO  client.GrpcClientProtocolClient (GrpcClientProtocolClient.java:onNext(255)) - client-FF34D2C67AC5->3258574c-39ac-4ed5-9145-ea59a337c299: receive RaftClientReply:client-FF34D2C67AC5->3258574c-39ac-4ed5-9145-ea59a337c299@group-6C7D867BDA6A, cid=3156, SUCCESS, logIndex=4424, commits[3258574c-39ac-4ed5-9145-ea59a337c299:c4426]
2019-09-02 06:30:43,287 [SCMBlockDeletingService#0] DEBUG block.SCMBlockDeletingService (SCMBlockDeletingService.java:call(138)) - Running DeletedBlockTransactionScanner
2019-09-02 06:30:43,288 [SCMBlockDeletingService#0] DEBUG block.SCMBlockDeletingService (SCMBlockDeletingService.java:call(155)) - Scanned deleted blocks log and got 0 delTX to process.
2019-09-02 06:30:43,288 [grpc-default-executor-1] INFO  client.GrpcClientProtocolClient (GrpcClientProtocolClient.java:onNext(255)) - client-FF34D2C67AC5->3258574c-39ac-4ed5-9145-ea59a337c299: receive RaftClientReply:client-FF34D2C67AC5->3258574c-39ac-4ed5-9145-ea59a337c299@group-6C7D867BDA6A, cid=3157, SUCCESS, logIndex=4427, commits[3258574c-39ac-4ed5-9145-ea59a337c299:c4430]
2019-09-02 06:30:43,288 [grpc-default-executor-1] INFO  client.GrpcClientProtocolClient (GrpcClientProtocolClient.java:onNext(255)) - client-FF34D2C67AC5->3258574c-39ac-4ed5-9145-ea59a337c299: receive RaftClientReply:client-FF34D2C67AC5->3258574c-39ac-4ed5-9145-ea59a337c299@group-6C7D867BDA6A, cid=3158, SUCCESS, logIndex=4428, commits[3258574c-39ac-4ed5-9145-ea59a337c299:c4431]
2019-09-02 06:30:43,289 [grpc-default-executor-1] INFO  client.GrpcClientProtocolClient (GrpcClientProtocolClient.java:onNext(255)) - client-FF34D2C67AC5->3258574c-39ac-4ed5-9145-ea59a337c299: receive RaftClientReply:client-FF34D2C67AC5->3258574c-39ac-4ed5-9145-ea59a337c299@group-6C7D867BDA6A, cid=3159, SUCCESS, logIndex=4429, commits[3258574c-39ac-4ed5-9145-ea59a337c299:c4431]
2019-09-02 06:30:43,289 [grpc-default-executor-1] INFO  client.GrpcClientProtocolClient (GrpcClientProtocolClient.java:onNext(255)) - client-FF34D2C67AC5->3258574c-39ac-4ed5-9145-ea59a337c299: receive RaftClientReply:client-FF34D2C67AC5->3258574c-39ac-4ed5-9145-ea59a337c299@group-6C7D867BDA6A, cid=3160, SUCCESS, logIndex=4430, commits[3258574c-39ac-4ed5-9145-ea59a337c299:c4431]
2019-09-02 06:30:43,319 [grpc-default-executor-1] INFO  client.GrpcClientProtocolClient (GrpcClientProtocolClient.java:onNext(255)) - client-FF34D2C67AC5->3258574c-39ac-4ed5-9145-ea59a337c299: receive RaftClientReply:client-FF34D2C67AC5->3258574c-39ac-4ed5-9145-ea59a337c299@group-6C7D867BDA6A, cid=3161, SUCCESS, logIndex=4432, commits[3258574c-39ac-4ed5-9145-ea59a337c299:c4435]
2019-09-02 06:30:43,320 [grpc-default-executor-1] INFO  client.GrpcClientProtocolClient (GrpcClientProtocolClient.java:onNext(255)) - client-FF34D2C67AC5->3258574c-39ac-4ed5-9145-ea59a337c299: receive RaftClientReply:client-FF34D2C67AC5->3258574c-39ac-4ed5-9145-ea59a337c299@group-6C7D867BDA6A, cid=3162, SUCCESS, logIndex=4433, commits[3258574c-39ac-4ed5-9145-ea59a337c299:c4436]
2019-09-02 06:30:43,320 [grpc-default-executor-1] INFO  client.GrpcClientProtocolClient (GrpcClientProtocolClient.java:onNext(255)) - client-FF34D2C67AC5->3258574c-39ac-4ed5-9145-ea59a337c299: receive RaftClientReply:client-FF34D2C67AC5->3258574c-39ac-4ed5-9145-ea59a337c299@group-6C7D867BDA6A, cid=3163, SUCCESS, logIndex=4434, commits[3258574c-39ac-4ed5-9145-ea59a337c299:c4436]
2019-09-02 06:30:43,320 [grpc-default-executor-1] INFO  client.GrpcClientProtocolClient (GrpcClientProtocolClient.java:onNext(255)) - client-FF34D2C67AC5->3258574c-39ac-4ed5-9145-ea59a337c299: receive RaftClientReply:client-FF34D2C67AC5->3258574c-39ac-4ed5-9145-ea59a337c299@group-6C7D867BDA6A, cid=3164, SUCCESS, logIndex=4435, commits[3258574c-39ac-4ed5-9145-ea59a337c299:c4437]
2019-09-02 06:30:43,341 [grpc-default-executor-1] INFO  client.GrpcClientProtocolClient (GrpcClientProtocolClient.java:onNext(255)) - client-FF34D2C67AC5->3258574c-39ac-4ed5-9145-ea59a337c299: receive RaftClientReply:client-FF34D2C67AC5->3258574c-39ac-4ed5-9145-ea59a337c299@group-6C7D867BDA6A, cid=3165, SUCCESS, logIndex=4438, commits[3258574c-39ac-4ed5-9145-ea59a337c299:c4441]
2019-09-02 06:30:43,342 [grpc-default-executor-1] INFO  client.GrpcClientProtocolClient (GrpcClientProtocolClient.java:onNext(255)) - client-FF34D2C67AC5->3258574c-39ac-4ed5-9145-ea59a337c299: receive RaftClientReply:client-FF34D2C67AC5->3258574c-39ac-4ed5-9145-ea59a337c299@group-6C7D867BDA6A, cid=3166, SUCCESS, logIndex=4439, commits[3258574c-39ac-4ed5-9145-ea59a337c299:c4441]
2019-09-02 06:30:43,342 [grpc-default-executor-1] INFO  client.GrpcClientProtocolClient (GrpcClientProtocolClient.java:onNext(255)) - client-FF34D2C67AC5->3258574c-39ac-4ed5-9145-ea59a337c299: receive RaftClientReply:client-FF34D2C67AC5->3258574c-39ac-4ed5-9145-ea59a337c299@group-6C7D867BDA6A, cid=3167, SUCCESS, logIndex=4440, commits[3258574c-39ac-4ed5-9145-ea59a337c299:c4442]
2019-09-02 06:30:43,342 [grpc-default-executor-1] INFO  client.GrpcClientProtocolClient (GrpcClientProtocolClient.java:onNext(255)) - client-FF34D2C67AC5->3258574c-39ac-4ed5-9145-ea59a337c299: receive RaftClientReply:client-FF34D2C67AC5->3258574c-39ac-4ed5-9145-ea59a337c299@group-6C7D867BDA6A, cid=3168, SUCCESS, logIndex=4441, commits[3258574c-39ac-4ed5-9145-ea59a337c299:c4442]
2019-09-02 06:30:43,440 [SCMBlockDeletingService#0] DEBUG block.SCMBlockDeletingService (SCMBlockDeletingService.java:call(138)) - Running DeletedBlockTransactionScanner
2019-09-02 06:30:43,440 [SCMBlockDeletingService#0] DEBUG block.SCMBlockDeletingService (SCMBlockDeletingService.java:call(155)) - Scanned deleted blocks log and got 0 delTX to process.
2019-09-02 06:30:43,475 [grpc-default-executor-1] INFO  client.GrpcClientProtocolClient (GrpcClientProtocolClient.java:onNext(255)) - client-FF34D2C67AC5->3258574c-39ac-4ed5-9145-ea59a337c299: receive RaftClientReply:client-FF34D2C67AC5->3258574c-39ac-4ed5-9145-ea59a337c299@group-6C7D867BDA6A, cid=3169, SUCCESS, logIndex=4443, commits[3258574c-39ac-4ed5-9145-ea59a337c299:c4446]
2019-09-02 06:30:43,475 [grpc-default-executor-1] INFO  client.GrpcClientProtocolClient (GrpcClientProtocolClient.java:onNext(255)) - client-FF34D2C67AC5->3258574c-39ac-4ed5-9145-ea59a337c299: receive RaftClientReply:client-FF34D2C67AC5->3258574c-39ac-4ed5-9145-ea59a337c299@group-6C7D867BDA6A, cid=3170, SUCCESS, logIndex=4444, commits[3258574c-39ac-4ed5-9145-ea59a337c299:c4446]
2019-09-02 06:30:43,476 [grpc-default-executor-0] INFO  client.GrpcClientProtocolClient (GrpcClientProtocolClient.java:onNext(255)) - client-FF34D2C67AC5->3258574c-39ac-4ed5-9145-ea59a337c299: receive RaftClientReply:client-FF34D2C67AC5->3258574c-39ac-4ed5-9145-ea59a337c299@group-6C7D867BDA6A, cid=3171, SUCCESS, logIndex=4445, commits[3258574c-39ac-4ed5-9145-ea59a337c299:c4446]
2019-09-02 06:30:43,476 [grpc-default-executor-0] INFO  client.GrpcClientProtocolClient (GrpcClientProtocolClient.java:onNext(255)) - client-FF34D2C67AC5->3258574c-39ac-4ed5-9145-ea59a337c299: receive RaftClientReply:client-FF34D2C67AC5->3258574c-39ac-4ed5-9145-ea59a337c299@group-6C7D867BDA6A, cid=3172, SUCCESS, logIndex=4446, commits[3258574c-39ac-4ed5-9145-ea59a337c299:c4446]
2019-09-02 06:30:43,495 [grpc-default-executor-1] INFO  client.GrpcClientProtocolClient (GrpcClientProtocolClient.java:onNext(255)) - client-FF34D2C67AC5->3258574c-39ac-4ed5-9145-ea59a337c299: receive RaftClientReply:client-FF34D2C67AC5->3258574c-39ac-4ed5-9145-ea59a337c299@group-6C7D867BDA6A, cid=3173, SUCCESS, logIndex=4448, commits[3258574c-39ac-4ed5-9145-ea59a337c299:c4449]
2019-09-02 06:30:43,495 [grpc-default-executor-1] INFO  client.GrpcClientProtocolClient (GrpcClientProtocolClient.java:onNext(255)) - client-FF34D2C67AC5->3258574c-39ac-4ed5-9145-ea59a337c299: receive RaftClientReply:client-FF34D2C67AC5->3258574c-39ac-4ed5-9145-ea59a337c299@group-6C7D867BDA6A, cid=3174, SUCCESS, logIndex=4449, commits[3258574c-39ac-4ed5-9145-ea59a337c299:c4449]
2019-09-02 06:30:43,510 [grpc-default-executor-1] INFO  client.GrpcClientProtocolClient (GrpcClientProtocolClient.java:onNext(255)) - client-FF34D2C67AC5->3258574c-39ac-4ed5-9145-ea59a337c299: receive RaftClientReply:client-FF34D2C67AC5->3258574c-39ac-4ed5-9145-ea59a337c299@group-6C7D867BDA6A, cid=3175, SUCCESS, logIndex=4450, commits[3258574c-39ac-4ed5-9145-ea59a337c299:c4452]
2019-09-02 06:30:43,510 [grpc-default-executor-1] INFO  client.GrpcClientProtocolClient (GrpcClientProtocolClient.java:onNext(255)) - client-FF34D2C67AC5->3258574c-39ac-4ed5-9145-ea59a337c299: receive RaftClientReply:client-FF34D2C67AC5->3258574c-39ac-4ed5-9145-ea59a337c299@group-6C7D867BDA6A, cid=3176, SUCCESS, logIndex=4451, commits[3258574c-39ac-4ed5-9145-ea59a337c299:c4452]
2019-09-02 06:30:43,540 [SCMBlockDeletingService#0] DEBUG block.SCMBlockDeletingService (SCMBlockDeletingService.java:call(138)) - Running DeletedBlockTransactionScanner
2019-09-02 06:30:43,540 [SCMBlockDeletingService#0] DEBUG block.SCMBlockDeletingService (SCMBlockDeletingService.java:call(155)) - Scanned deleted blocks log and got 0 delTX to process.
2019-09-02 06:30:43,543 [grpc-default-executor-1] INFO  client.GrpcClientProtocolClient (GrpcClientProtocolClient.java:onNext(255)) - client-FF34D2C67AC5->3258574c-39ac-4ed5-9145-ea59a337c299: receive RaftClientReply:client-FF34D2C67AC5->3258574c-39ac-4ed5-9145-ea59a337c299@group-6C7D867BDA6A, cid=3177, SUCCESS, logIndex=4453, commits[3258574c-39ac-4ed5-9145-ea59a337c299:c4454]
2019-09-02 06:30:43,544 [grpc-default-executor-1] INFO  client.GrpcClientProtocolClient (GrpcClientProtocolClient.java:onNext(255)) - client-FF34D2C67AC5->3258574c-39ac-4ed5-9145-ea59a337c299: receive RaftClientReply:client-FF34D2C67AC5->3258574c-39ac-4ed5-9145-ea59a337c299@group-6C7D867BDA6A, cid=3178, SUCCESS, logIndex=4454, commits[3258574c-39ac-4ed5-9145-ea59a337c299:c4454]
2019-09-02 06:30:43,544 [grpc-default-executor-1] INFO  client.GrpcClientProtocolClient (GrpcClientProtocolClient.java:onNext(255)) - client-FF34D2C67AC5->3258574c-39ac-4ed5-9145-ea59a337c299: receive RaftClientReply:client-FF34D2C67AC5->3258574c-39ac-4ed5-9145-ea59a337c299@group-6C7D867BDA6A, cid=3179, SUCCESS, logIndex=4455, commits[3258574c-39ac-4ed5-9145-ea59a337c299:c4456]
2019-09-02 06:30:43,545 [grpc-default-executor-1] INFO  client.GrpcClientProtocolClient (GrpcClientProtocolClient.java:onNext(255)) - client-FF34D2C67AC5->3258574c-39ac-4ed5-9145-ea59a337c299: receive RaftClientReply:client-FF34D2C67AC5->3258574c-39ac-4ed5-9145-ea59a337c299@group-6C7D867BDA6A, cid=3180, SUCCESS, logIndex=4456, commits[3258574c-39ac-4ed5-9145-ea59a337c299:c4457]
2019-09-02 06:30:43,565 [grpc-default-executor-1] INFO  client.GrpcClientProtocolClient (GrpcClientProtocolClient.java:onNext(255)) - client-FF34D2C67AC5->3258574c-39ac-4ed5-9145-ea59a337c299: receive RaftClientReply:client-FF34D2C67AC5->3258574c-39ac-4ed5-9145-ea59a337c299@group-6C7D867BDA6A, cid=3181, SUCCESS, logIndex=4459, commits[3258574c-39ac-4ed5-9145-ea59a337c299:c4460]
2019-09-02 06:30:43,566 [grpc-default-executor-1] INFO  client.GrpcClientProtocolClient (GrpcClientProtocolClient.java:onNext(255)) - client-FF34D2C67AC5->3258574c-39ac-4ed5-9145-ea59a337c299: receive RaftClientReply:client-FF34D2C67AC5->3258574c-39ac-4ed5-9145-ea59a337c299@group-6C7D867BDA6A, cid=3182, SUCCESS, logIndex=4460, commits[3258574c-39ac-4ed5-9145-ea59a337c299:c4460]
2019-09-02 06:30:43,641 [SCMBlockDeletingService#0] DEBUG block.SCMBlockDeletingService (SCMBlockDeletingService.java:call(138)) - Running DeletedBlockTransactionScanner
2019-09-02 06:30:43,641 [SCMBlockDeletingService#0] DEBUG block.SCMBlockDeletingService (SCMBlockDeletingService.java:call(155)) - Scanned deleted blocks log and got 0 delTX to process.
2019-09-02 06:30:43,675 [grpc-default-executor-0] INFO  client.GrpcClientProtocolClient (GrpcClientProtocolClient.java:onNext(255)) - client-FF34D2C67AC5->3258574c-39ac-4ed5-9145-ea59a337c299: receive RaftClientReply:client-FF34D2C67AC5->3258574c-39ac-4ed5-9145-ea59a337c299@group-6C7D867BDA6A, cid=3183, SUCCESS, logIndex=4462, commits[3258574c-39ac-4ed5-9145-ea59a337c299:c4463]
2019-09-02 06:30:43,675 [grpc-default-executor-0] INFO  client.GrpcClientProtocolClient (GrpcClientProtocolClient.java:onNext(255)) - client-FF34D2C67AC5->3258574c-39ac-4ed5-9145-ea59a337c299: receive RaftClientReply:client-FF34D2C67AC5->3258574c-39ac-4ed5-9145-ea59a337c299@group-6C7D867BDA6A, cid=3184, SUCCESS, logIndex=4463, commits[3258574c-39ac-4ed5-9145-ea59a337c299:c4464]
2019-09-02 06:30:43,708 [grpc-default-executor-0] INFO  client.GrpcClientProtocolClient (GrpcClientProtocolClient.java:onNext(255)) - client-FF34D2C67AC5->3258574c-39ac-4ed5-9145-ea59a337c299: receive RaftClientReply:client-FF34D2C67AC5->3258574c-39ac-4ed5-9145-ea59a337c299@group-6C7D867BDA6A, cid=3185, SUCCESS, logIndex=4465, commits[3258574c-39ac-4ed5-9145-ea59a337c299:c4468]
2019-09-02 06:30:43,709 [grpc-default-executor-0] INFO  client.GrpcClientProtocolClient (GrpcClientProtocolClient.java:onNext(255)) - client-FF34D2C67AC5->3258574c-39ac-4ed5-9145-ea59a337c299: receive RaftClientReply:client-FF34D2C67AC5->3258574c-39ac-4ed5-9145-ea59a337c299@group-6C7D867BDA6A, cid=3186, SUCCESS, logIndex=4466, commits[3258574c-39ac-4ed5-9145-ea59a337c299:c4469]
2019-09-02 06:30:43,709 [grpc-default-executor-0] INFO  client.GrpcClientProtocolClient (GrpcClientProtocolClient.java:onNext(255)) - client-FF34D2C67AC5->3258574c-39ac-4ed5-9145-ea59a337c299: receive RaftClientReply:client-FF34D2C67AC5->3258574c-39ac-4ed5-9145-ea59a337c299@group-6C7D867BDA6A, cid=3187, SUCCESS, logIndex=4467, commits[3258574c-39ac-4ed5-9145-ea59a337c299:c4469]
2019-09-02 06:30:43,709 [grpc-default-executor-0] INFO  client.GrpcClientProtocolClient (GrpcClientProtocolClient.java:onNext(255)) - client-FF34D2C67AC5->3258574c-39ac-4ed5-9145-ea59a337c299: receive RaftClientReply:client-FF34D2C67AC5->3258574c-39ac-4ed5-9145-ea59a337c299@group-6C7D867BDA6A, cid=3188, SUCCESS, logIndex=4468, commits[3258574c-39ac-4ed5-9145-ea59a337c299:c4469]
2019-09-02 06:30:43,729 [grpc-default-executor-1] INFO  client.GrpcClientProtocolClient (GrpcClientProtocolClient.java:onNext(255)) - client-FF34D2C67AC5->3258574c-39ac-4ed5-9145-ea59a337c299: receive RaftClientReply:client-FF34D2C67AC5->3258574c-39ac-4ed5-9145-ea59a337c299@group-6C7D867BDA6A, cid=3189, SUCCESS, logIndex=4470, commits[3258574c-39ac-4ed5-9145-ea59a337c299:c4471]
2019-09-02 06:30:43,729 [grpc-default-executor-1] INFO  client.GrpcClientProtocolClient (GrpcClientProtocolClient.java:onNext(255)) - client-FF34D2C67AC5->3258574c-39ac-4ed5-9145-ea59a337c299: receive RaftClientReply:client-FF34D2C67AC5->3258574c-39ac-4ed5-9145-ea59a337c299@group-6C7D867BDA6A, cid=3190, SUCCESS, logIndex=4471, commits[3258574c-39ac-4ed5-9145-ea59a337c299:c4473]
2019-09-02 06:30:43,730 [grpc-default-executor-1] INFO  client.GrpcClientProtocolClient (GrpcClientProtocolClient.java:onNext(255)) - client-FF34D2C67AC5->3258574c-39ac-4ed5-9145-ea59a337c299: receive RaftClientReply:client-FF34D2C67AC5->3258574c-39ac-4ed5-9145-ea59a337c299@group-6C7D867BDA6A, cid=3191, SUCCESS, logIndex=4472, commits[3258574c-39ac-4ed5-9145-ea59a337c299:c4474]
2019-09-02 06:30:43,730 [grpc-default-executor-1] INFO  client.GrpcClientProtocolClient (GrpcClientProtocolClient.java:onNext(255)) - client-FF34D2C67AC5->3258574c-39ac-4ed5-9145-ea59a337c299: receive RaftClientReply:client-FF34D2C67AC5->3258574c-39ac-4ed5-9145-ea59a337c299@group-6C7D867BDA6A, cid=3192, SUCCESS, logIndex=4473, commits[3258574c-39ac-4ed5-9145-ea59a337c299:c4475]
2019-09-02 06:30:43,741 [SCMBlockDeletingService#0] DEBUG block.SCMBlockDeletingService (SCMBlockDeletingService.java:call(138)) - Running DeletedBlockTransactionScanner
2019-09-02 06:30:43,742 [SCMBlockDeletingService#0] DEBUG block.SCMBlockDeletingService (SCMBlockDeletingService.java:call(155)) - Scanned deleted blocks log and got 0 delTX to process.
2019-09-02 06:30:43,770 [grpc-default-executor-1] INFO  client.GrpcClientProtocolClient (GrpcClientProtocolClient.java:onNext(255)) - client-FF34D2C67AC5->3258574c-39ac-4ed5-9145-ea59a337c299: receive RaftClientReply:client-FF34D2C67AC5->3258574c-39ac-4ed5-9145-ea59a337c299@group-6C7D867BDA6A, cid=3193, SUCCESS, logIndex=4476, commits[3258574c-39ac-4ed5-9145-ea59a337c299:c4477]
2019-09-02 06:30:43,770 [grpc-default-executor-1] INFO  client.GrpcClientProtocolClient (GrpcClientProtocolClient.java:onNext(255)) - client-FF34D2C67AC5->3258574c-39ac-4ed5-9145-ea59a337c299: receive RaftClientReply:client-FF34D2C67AC5->3258574c-39ac-4ed5-9145-ea59a337c299@group-6C7D867BDA6A, cid=3194, SUCCESS, logIndex=4477, commits[3258574c-39ac-4ed5-9145-ea59a337c299:c4477]
2019-09-02 06:30:43,771 [grpc-default-executor-1] INFO  client.GrpcClientProtocolClient (GrpcClientProtocolClient.java:onNext(255)) - client-FF34D2C67AC5->3258574c-39ac-4ed5-9145-ea59a337c299: receive RaftClientReply:client-FF34D2C67AC5->3258574c-39ac-4ed5-9145-ea59a337c299@group-6C7D867BDA6A, cid=3195, SUCCESS, logIndex=4478, commits[3258574c-39ac-4ed5-9145-ea59a337c299:c4479]
2019-09-02 06:30:43,772 [grpc-default-executor-1] INFO  client.GrpcClientProtocolClient (GrpcClientProtocolClient.java:onNext(255)) - client-FF34D2C67AC5->3258574c-39ac-4ed5-9145-ea59a337c299: receive RaftClientReply:client-FF34D2C67AC5->3258574c-39ac-4ed5-9145-ea59a337c299@group-6C7D867BDA6A, cid=3196, SUCCESS, logIndex=4479, commits[3258574c-39ac-4ed5-9145-ea59a337c299:c4479]
2019-09-02 06:30:43,783 [grpc-default-executor-1] INFO  client.GrpcClientProtocolClient (GrpcClientProtocolClient.java:onNext(255)) - client-FF34D2C67AC5->3258574c-39ac-4ed5-9145-ea59a337c299: receive RaftClientReply:client-FF34D2C67AC5->3258574c-39ac-4ed5-9145-ea59a337c299@group-6C7D867BDA6A, cid=3197, SUCCESS, logIndex=4482, commits[3258574c-39ac-4ed5-9145-ea59a337c299:c4485]
2019-09-02 06:30:43,783 [grpc-default-executor-1] INFO  client.GrpcClientProtocolClient (GrpcClientProtocolClient.java:onNext(255)) - client-FF34D2C67AC5->3258574c-39ac-4ed5-9145-ea59a337c299: receive RaftClientReply:client-FF34D2C67AC5->3258574c-39ac-4ed5-9145-ea59a337c299@group-6C7D867BDA6A, cid=3198, SUCCESS, logIndex=4483, commits[3258574c-39ac-4ed5-9145-ea59a337c299:c4485]
2019-09-02 06:30:43,784 [grpc-default-executor-1] INFO  client.GrpcClientProtocolClient (GrpcClientProtocolClient.java:onNext(255)) - client-FF34D2C67AC5->3258574c-39ac-4ed5-9145-ea59a337c299: receive RaftClientReply:client-FF34D2C67AC5->3258574c-39ac-4ed5-9145-ea59a337c299@group-6C7D867BDA6A, cid=3199, SUCCESS, logIndex=4484, commits[3258574c-39ac-4ed5-9145-ea59a337c299:c4486]
2019-09-02 06:30:43,784 [grpc-default-executor-1] INFO  client.GrpcClientProtocolClient (GrpcClientProtocolClient.java:onNext(255)) - client-FF34D2C67AC5->3258574c-39ac-4ed5-9145-ea59a337c299: receive RaftClientReply:client-FF34D2C67AC5->3258574c-39ac-4ed5-9145-ea59a337c299@group-6C7D867BDA6A, cid=3200, SUCCESS, logIndex=4485, commits[3258574c-39ac-4ed5-9145-ea59a337c299:c4486]
2019-09-02 06:30:43,811 [grpc-default-executor-0] INFO  client.GrpcClientProtocolClient (GrpcClientProtocolClient.java:onNext(255)) - client-FF34D2C67AC5->3258574c-39ac-4ed5-9145-ea59a337c299: receive RaftClientReply:client-FF34D2C67AC5->3258574c-39ac-4ed5-9145-ea59a337c299@group-6C7D867BDA6A, cid=3201, SUCCESS, logIndex=4487, commits[3258574c-39ac-4ed5-9145-ea59a337c299:c4488]
2019-09-02 06:30:43,811 [grpc-default-executor-0] INFO  client.GrpcClientProtocolClient (GrpcClientProtocolClient.java:onNext(255)) - client-FF34D2C67AC5->3258574c-39ac-4ed5-9145-ea59a337c299: receive RaftClientReply:client-FF34D2C67AC5->3258574c-39ac-4ed5-9145-ea59a337c299@group-6C7D867BDA6A, cid=3202, SUCCESS, logIndex=4488, commits[3258574c-39ac-4ed5-9145-ea59a337c299:c4490]
2019-09-02 06:30:43,812 [grpc-default-executor-0] INFO  client.GrpcClientProtocolClient (GrpcClientProtocolClient.java:onNext(255)) - client-FF34D2C67AC5->3258574c-39ac-4ed5-9145-ea59a337c299: receive RaftClientReply:client-FF34D2C67AC5->3258574c-39ac-4ed5-9145-ea59a337c299@group-6C7D867BDA6A, cid=3203, SUCCESS, logIndex=4489, commits[3258574c-39ac-4ed5-9145-ea59a337c299:c4491]
2019-09-02 06:30:43,812 [grpc-default-executor-0] INFO  client.GrpcClientProtocolClient (GrpcClientProtocolClient.java:onNext(255)) - client-FF34D2C67AC5->3258574c-39ac-4ed5-9145-ea59a337c299: receive RaftClientReply:client-FF34D2C67AC5->3258574c-39ac-4ed5-9145-ea59a337c299@group-6C7D867BDA6A, cid=3204, SUCCESS, logIndex=4490, commits[3258574c-39ac-4ed5-9145-ea59a337c299:c4492]
2019-09-02 06:30:43,831 [grpc-default-executor-0] INFO  client.GrpcClientProtocolClient (GrpcClientProtocolClient.java:onNext(255)) - client-FF34D2C67AC5->3258574c-39ac-4ed5-9145-ea59a337c299: receive RaftClientReply:client-FF34D2C67AC5->3258574c-39ac-4ed5-9145-ea59a337c299@group-6C7D867BDA6A, cid=3205, SUCCESS, logIndex=4493, commits[3258574c-39ac-4ed5-9145-ea59a337c299:c4494]
2019-09-02 06:30:43,832 [grpc-default-executor-0] INFO  client.GrpcClientProtocolClient (GrpcClientProtocolClient.java:onNext(255)) - client-FF34D2C67AC5->3258574c-39ac-4ed5-9145-ea59a337c299: receive RaftClientReply:client-FF34D2C67AC5->3258574c-39ac-4ed5-9145-ea59a337c299@group-6C7D867BDA6A, cid=3206, SUCCESS, logIndex=4494, commits[3258574c-39ac-4ed5-9145-ea59a337c299:c4496]
2019-09-02 06:30:43,832 [grpc-default-executor-0] INFO  client.GrpcClientProtocolClient (GrpcClientProtocolClient.java:onNext(255)) - client-FF34D2C67AC5->3258574c-39ac-4ed5-9145-ea59a337c299: receive RaftClientReply:client-FF34D2C67AC5->3258574c-39ac-4ed5-9145-ea59a337c299@group-6C7D867BDA6A, cid=3207, SUCCESS, logIndex=4495, commits[3258574c-39ac-4ed5-9145-ea59a337c299:c4497]
2019-09-02 06:30:43,832 [grpc-default-executor-0] INFO  client.GrpcClientProtocolClient (GrpcClientProtocolClient.java:onNext(255)) - client-FF34D2C67AC5->3258574c-39ac-4ed5-9145-ea59a337c299: receive RaftClientReply:client-FF34D2C67AC5->3258574c-39ac-4ed5-9145-ea59a337c299@group-6C7D867BDA6A, cid=3208, SUCCESS, logIndex=4496, commits[3258574c-39ac-4ed5-9145-ea59a337c299:c4497]
2019-09-02 06:30:43,842 [SCMBlockDeletingService#0] DEBUG block.SCMBlockDeletingService (SCMBlockDeletingService.java:call(138)) - Running DeletedBlockTransactionScanner
2019-09-02 06:30:43,842 [SCMBlockDeletingService#0] DEBUG block.SCMBlockDeletingService (SCMBlockDeletingService.java:call(155)) - Scanned deleted blocks log and got 0 delTX to process.
2019-09-02 06:30:43,860 [grpc-default-executor-0] INFO  client.GrpcClientProtocolClient (GrpcClientProtocolClient.java:onNext(255)) - client-FF34D2C67AC5->3258574c-39ac-4ed5-9145-ea59a337c299: receive RaftClientReply:client-FF34D2C67AC5->3258574c-39ac-4ed5-9145-ea59a337c299@group-6C7D867BDA6A, cid=3209, SUCCESS, logIndex=4499, commits[3258574c-39ac-4ed5-9145-ea59a337c299:c4502]
2019-09-02 06:30:43,861 [grpc-default-executor-0] INFO  client.GrpcClientProtocolClient (GrpcClientProtocolClient.java:onNext(255)) - client-FF34D2C67AC5->3258574c-39ac-4ed5-9145-ea59a337c299: receive RaftClientReply:client-FF34D2C67AC5->3258574c-39ac-4ed5-9145-ea59a337c299@group-6C7D867BDA6A, cid=3210, SUCCESS, logIndex=4500, commits[3258574c-39ac-4ed5-9145-ea59a337c299:c4503]
2019-09-02 06:30:43,861 [grpc-default-executor-0] INFO  client.GrpcClientProtocolClient (GrpcClientProtocolClient.java:onNext(255)) - client-FF34D2C67AC5->3258574c-39ac-4ed5-9145-ea59a337c299: receive RaftClientReply:client-FF34D2C67AC5->3258574c-39ac-4ed5-9145-ea59a337c299@group-6C7D867BDA6A, cid=3211, SUCCESS, logIndex=4501, commits[3258574c-39ac-4ed5-9145-ea59a337c299:c4503]
2019-09-02 06:30:43,861 [grpc-default-executor-0] INFO  client.GrpcClientProtocolClient (GrpcClientProtocolClient.java:onNext(255)) - client-FF34D2C67AC5->3258574c-39ac-4ed5-9145-ea59a337c299: receive RaftClientReply:client-FF34D2C67AC5->3258574c-39ac-4ed5-9145-ea59a337c299@group-6C7D867BDA6A, cid=3212, SUCCESS, logIndex=4502, commits[3258574c-39ac-4ed5-9145-ea59a337c299:c4503]
2019-09-02 06:30:43,882 [grpc-default-executor-1] INFO  client.GrpcClientProtocolClient (GrpcClientProtocolClient.java:onNext(255)) - client-FF34D2C67AC5->3258574c-39ac-4ed5-9145-ea59a337c299: receive RaftClientReply:client-FF34D2C67AC5->3258574c-39ac-4ed5-9145-ea59a337c299@group-6C7D867BDA6A, cid=3213, SUCCESS, logIndex=4504, commits[3258574c-39ac-4ed5-9145-ea59a337c299:c4507]
2019-09-02 06:30:43,882 [grpc-default-executor-1] INFO  client.GrpcClientProtocolClient (GrpcClientProtocolClient.java:onNext(255)) - client-FF34D2C67AC5->3258574c-39ac-4ed5-9145-ea59a337c299: receive RaftClientReply:client-FF34D2C67AC5->3258574c-39ac-4ed5-9145-ea59a337c299@group-6C7D867BDA6A, cid=3214, SUCCESS, logIndex=4505, commits[3258574c-39ac-4ed5-9145-ea59a337c299:c4507]
2019-09-02 06:30:43,883 [grpc-default-executor-1] INFO  client.GrpcClientProtocolClient (GrpcClientProtocolClient.java:onNext(255)) - client-FF34D2C67AC5->3258574c-39ac-4ed5-9145-ea59a337c299: receive RaftClientReply:client-FF34D2C67AC5->3258574c-39ac-4ed5-9145-ea59a337c299@group-6C7D867BDA6A, cid=3215, SUCCESS, logIndex=4506, commits[3258574c-39ac-4ed5-9145-ea59a337c299:c4508]
2019-09-02 06:30:43,883 [grpc-default-executor-1] INFO  client.GrpcClientProtocolClient (GrpcClientProtocolClient.java:onNext(255)) - client-FF34D2C67AC5->3258574c-39ac-4ed5-9145-ea59a337c299: receive RaftClientReply:client-FF34D2C67AC5->3258574c-39ac-4ed5-9145-ea59a337c299@group-6C7D867BDA6A, cid=3216, SUCCESS, logIndex=4507, commits[3258574c-39ac-4ed5-9145-ea59a337c299:c4508]
2019-09-02 06:30:43,912 [grpc-default-executor-0] INFO  client.GrpcClientProtocolClient (GrpcClientProtocolClient.java:onNext(255)) - client-FF34D2C67AC5->3258574c-39ac-4ed5-9145-ea59a337c299: receive RaftClientReply:client-FF34D2C67AC5->3258574c-39ac-4ed5-9145-ea59a337c299@group-6C7D867BDA6A, cid=3217, SUCCESS, logIndex=4509, commits[3258574c-39ac-4ed5-9145-ea59a337c299:c4510]
2019-09-02 06:30:43,913 [grpc-default-executor-0] INFO  client.GrpcClientProtocolClient (GrpcClientProtocolClient.java:onNext(255)) - client-FF34D2C67AC5->3258574c-39ac-4ed5-9145-ea59a337c299: receive RaftClientReply:client-FF34D2C67AC5->3258574c-39ac-4ed5-9145-ea59a337c299@group-6C7D867BDA6A, cid=3218, SUCCESS, logIndex=4510, commits[3258574c-39ac-4ed5-9145-ea59a337c299:c4510]
2019-09-02 06:30:43,914 [grpc-default-executor-0] INFO  client.GrpcClientProtocolClient (GrpcClientProtocolClient.java:onNext(255)) - client-FF34D2C67AC5->3258574c-39ac-4ed5-9145-ea59a337c299: receive RaftClientReply:client-FF34D2C67AC5->3258574c-39ac-4ed5-9145-ea59a337c299@group-6C7D867BDA6A, cid=3219, SUCCESS, logIndex=4511, commits[3258574c-39ac-4ed5-9145-ea59a337c299:c4512]
2019-09-02 06:30:43,915 [grpc-default-executor-0] INFO  client.GrpcClientProtocolClient (GrpcClientProtocolClient.java:onNext(255)) - client-FF34D2C67AC5->3258574c-39ac-4ed5-9145-ea59a337c299: receive RaftClientReply:client-FF34D2C67AC5->3258574c-39ac-4ed5-9145-ea59a337c299@group-6C7D867BDA6A, cid=3220, SUCCESS, logIndex=4512, commits[3258574c-39ac-4ed5-9145-ea59a337c299:c4512]
2019-09-02 06:30:43,938 [grpc-default-executor-0] INFO  client.GrpcClientProtocolClient (GrpcClientProtocolClient.java:onNext(255)) - client-FF34D2C67AC5->3258574c-39ac-4ed5-9145-ea59a337c299: receive RaftClientReply:client-FF34D2C67AC5->3258574c-39ac-4ed5-9145-ea59a337c299@group-6C7D867BDA6A, cid=3221, SUCCESS, logIndex=4515, commits[3258574c-39ac-4ed5-9145-ea59a337c299:c4518]
2019-09-02 06:30:43,938 [grpc-default-executor-0] INFO  client.GrpcClientProtocolClient (GrpcClientProtocolClient.java:onNext(255)) - client-FF34D2C67AC5->3258574c-39ac-4ed5-9145-ea59a337c299: receive RaftClientReply:client-FF34D2C67AC5->3258574c-39ac-4ed5-9145-ea59a337c299@group-6C7D867BDA6A, cid=3222, SUCCESS, logIndex=4516, commits[3258574c-39ac-4ed5-9145-ea59a337c299:c4518]
2019-09-02 06:30:43,938 [grpc-default-executor-0] INFO  client.GrpcClientProtocolClient (GrpcClientProtocolClient.java:onNext(255)) - client-FF34D2C67AC5->3258574c-39ac-4ed5-9145-ea59a337c299: receive RaftClientReply:client-FF34D2C67AC5->3258574c-39ac-4ed5-9145-ea59a337c299@group-6C7D867BDA6A, cid=3223, SUCCESS, logIndex=4517, commits[3258574c-39ac-4ed5-9145-ea59a337c299:c4518]
2019-09-02 06:30:43,939 [grpc-default-executor-0] INFO  client.GrpcClientProtocolClient (GrpcClientProtocolClient.java:onNext(255)) - client-FF34D2C67AC5->3258574c-39ac-4ed5-9145-ea59a337c299: receive RaftClientReply:client-FF34D2C67AC5->3258574c-39ac-4ed5-9145-ea59a337c299@group-6C7D867BDA6A, cid=3224, SUCCESS, logIndex=4518, commits[3258574c-39ac-4ed5-9145-ea59a337c299:c4518]
2019-09-02 06:30:43,942 [SCMBlockDeletingService#0] DEBUG block.SCMBlockDeletingService (SCMBlockDeletingService.java:call(138)) - Running DeletedBlockTransactionScanner
2019-09-02 06:30:43,943 [SCMBlockDeletingService#0] DEBUG block.SCMBlockDeletingService (SCMBlockDeletingService.java:call(155)) - Scanned deleted blocks log and got 0 delTX to process.
2019-09-02 06:30:43,969 [grpc-default-executor-1] INFO  client.GrpcClientProtocolClient (GrpcClientProtocolClient.java:onNext(255)) - client-FF34D2C67AC5->3258574c-39ac-4ed5-9145-ea59a337c299: receive RaftClientReply:client-FF34D2C67AC5->3258574c-39ac-4ed5-9145-ea59a337c299@group-6C7D867BDA6A, cid=3225, SUCCESS, logIndex=4520, commits[3258574c-39ac-4ed5-9145-ea59a337c299:c4521]
2019-09-02 06:30:43,970 [grpc-default-executor-1] INFO  client.GrpcClientProtocolClient (GrpcClientProtocolClient.java:onNext(255)) - client-FF34D2C67AC5->3258574c-39ac-4ed5-9145-ea59a337c299: receive RaftClientReply:client-FF34D2C67AC5->3258574c-39ac-4ed5-9145-ea59a337c299@group-6C7D867BDA6A, cid=3226, SUCCESS, logIndex=4521, commits[3258574c-39ac-4ed5-9145-ea59a337c299:c4522]
2019-09-02 06:30:44,043 [SCMBlockDeletingService#1] DEBUG block.SCMBlockDeletingService (SCMBlockDeletingService.java:call(138)) - Running DeletedBlockTransactionScanner
2019-09-02 06:30:44,043 [SCMBlockDeletingService#1] DEBUG block.SCMBlockDeletingService (SCMBlockDeletingService.java:call(155)) - Scanned deleted blocks log and got 0 delTX to process.
2019-09-02 06:30:44,070 [grpc-default-executor-0] INFO  client.GrpcClientProtocolClient (GrpcClientProtocolClient.java:onNext(255)) - client-FF34D2C67AC5->3258574c-39ac-4ed5-9145-ea59a337c299: receive RaftClientReply:client-FF34D2C67AC5->3258574c-39ac-4ed5-9145-ea59a337c299@group-6C7D867BDA6A, cid=3227, SUCCESS, logIndex=4523, commits[3258574c-39ac-4ed5-9145-ea59a337c299:c4524]
2019-09-02 06:30:44,071 [grpc-default-executor-0] INFO  client.GrpcClientProtocolClient (GrpcClientProtocolClient.java:onNext(255)) - client-FF34D2C67AC5->3258574c-39ac-4ed5-9145-ea59a337c299: receive RaftClientReply:client-FF34D2C67AC5->3258574c-39ac-4ed5-9145-ea59a337c299@group-6C7D867BDA6A, cid=3228, SUCCESS, logIndex=4524, commits[3258574c-39ac-4ed5-9145-ea59a337c299:c4525]
2019-09-02 06:30:44,091 [grpc-default-executor-0] INFO  client.GrpcClientProtocolClient (GrpcClientProtocolClient.java:onNext(255)) - client-FF34D2C67AC5->3258574c-39ac-4ed5-9145-ea59a337c299: receive RaftClientReply:client-FF34D2C67AC5->3258574c-39ac-4ed5-9145-ea59a337c299@group-6C7D867BDA6A, cid=3229, SUCCESS, logIndex=4526, commits[3258574c-39ac-4ed5-9145-ea59a337c299:c4529]
2019-09-02 06:30:44,091 [grpc-default-executor-0] INFO  client.GrpcClientProtocolClient (GrpcClientProtocolClient.java:onNext(255)) - client-FF34D2C67AC5->3258574c-39ac-4ed5-9145-ea59a337c299: receive RaftClientReply:client-FF34D2C67AC5->3258574c-39ac-4ed5-9145-ea59a337c299@group-6C7D867BDA6A, cid=3230, SUCCESS, logIndex=4527, commits[3258574c-39ac-4ed5-9145-ea59a337c299:c4530]
2019-09-02 06:30:44,092 [grpc-default-executor-0] INFO  client.GrpcClientProtocolClient (GrpcClientProtocolClient.java:onNext(255)) - client-FF34D2C67AC5->3258574c-39ac-4ed5-9145-ea59a337c299: receive RaftClientReply:client-FF34D2C67AC5->3258574c-39ac-4ed5-9145-ea59a337c299@group-6C7D867BDA6A, cid=3231, SUCCESS, logIndex=4528, commits[3258574c-39ac-4ed5-9145-ea59a337c299:c4530]
2019-09-02 06:30:44,092 [grpc-default-executor-0] INFO  client.GrpcClientProtocolClient (GrpcClientProtocolClient.java:onNext(255)) - client-FF34D2C67AC5->3258574c-39ac-4ed5-9145-ea59a337c299: receive RaftClientReply:client-FF34D2C67AC5->3258574c-39ac-4ed5-9145-ea59a337c299@group-6C7D867BDA6A, cid=3232, SUCCESS, logIndex=4529, commits[3258574c-39ac-4ed5-9145-ea59a337c299:c4530]
2019-09-02 06:30:44,119 [grpc-default-executor-1] INFO  client.GrpcClientProtocolClient (GrpcClientProtocolClient.java:onNext(255)) - client-FF34D2C67AC5->3258574c-39ac-4ed5-9145-ea59a337c299: receive RaftClientReply:client-FF34D2C67AC5->3258574c-39ac-4ed5-9145-ea59a337c299@group-6C7D867BDA6A, cid=3233, SUCCESS, logIndex=4531, commits[3258574c-39ac-4ed5-9145-ea59a337c299:c4532]
2019-09-02 06:30:44,119 [grpc-default-executor-1] INFO  client.GrpcClientProtocolClient (GrpcClientProtocolClient.java:onNext(255)) - client-FF34D2C67AC5->3258574c-39ac-4ed5-9145-ea59a337c299: receive RaftClientReply:client-FF34D2C67AC5->3258574c-39ac-4ed5-9145-ea59a337c299@group-6C7D867BDA6A, cid=3234, SUCCESS, logIndex=4532, commits[3258574c-39ac-4ed5-9145-ea59a337c299:c4534]
2019-09-02 06:30:44,120 [grpc-default-executor-1] INFO  client.GrpcClientProtocolClient (GrpcClientProtocolClient.java:onNext(255)) - client-FF34D2C67AC5->3258574c-39ac-4ed5-9145-ea59a337c299: receive RaftClientReply:client-FF34D2C67AC5->3258574c-39ac-4ed5-9145-ea59a337c299@group-6C7D867BDA6A, cid=3235, SUCCESS, logIndex=4533, commits[3258574c-39ac-4ed5-9145-ea59a337c299:c4535]
2019-09-02 06:30:44,120 [grpc-default-executor-1] INFO  client.GrpcClientProtocolClient (GrpcClientProtocolClient.java:onNext(255)) - client-FF34D2C67AC5->3258574c-39ac-4ed5-9145-ea59a337c299: receive RaftClientReply:client-FF34D2C67AC5->3258574c-39ac-4ed5-9145-ea59a337c299@group-6C7D867BDA6A, cid=3236, SUCCESS, logIndex=4534, commits[3258574c-39ac-4ed5-9145-ea59a337c299:c4535]
2019-09-02 06:30:44,142 [grpc-default-executor-1] INFO  client.GrpcClientProtocolClient (GrpcClientProtocolClient.java:onNext(255)) - client-FF34D2C67AC5->3258574c-39ac-4ed5-9145-ea59a337c299: receive RaftClientReply:client-FF34D2C67AC5->3258574c-39ac-4ed5-9145-ea59a337c299@group-6C7D867BDA6A, cid=3237, SUCCESS, logIndex=4537, commits[3258574c-39ac-4ed5-9145-ea59a337c299:c4540]
2019-09-02 06:30:44,143 [grpc-default-executor-1] INFO  client.GrpcClientProtocolClient (GrpcClientProtocolClient.java:onNext(255)) - client-FF34D2C67AC5->3258574c-39ac-4ed5-9145-ea59a337c299: receive RaftClientReply:client-FF34D2C67AC5->3258574c-39ac-4ed5-9145-ea59a337c299@group-6C7D867BDA6A, cid=3238, SUCCESS, logIndex=4538, commits[3258574c-39ac-4ed5-9145-ea59a337c299:c4540]
2019-09-02 06:30:44,143 [grpc-default-executor-1] INFO  client.GrpcClientProtocolClient (GrpcClientProtocolClient.java:onNext(255)) - client-FF34D2C67AC5->3258574c-39ac-4ed5-9145-ea59a337c299: receive RaftClientReply:client-FF34D2C67AC5->3258574c-39ac-4ed5-9145-ea59a337c299@group-6C7D867BDA6A, cid=3239, SUCCESS, logIndex=4539, commits[3258574c-39ac-4ed5-9145-ea59a337c299:c4540]
2019-09-02 06:30:44,143 [grpc-default-executor-1] INFO  client.GrpcClientProtocolClient (GrpcClientProtocolClient.java:onNext(255)) - client-FF34D2C67AC5->3258574c-39ac-4ed5-9145-ea59a337c299: receive RaftClientReply:client-FF34D2C67AC5->3258574c-39ac-4ed5-9145-ea59a337c299@group-6C7D867BDA6A, cid=3240, SUCCESS, logIndex=4540, commits[3258574c-39ac-4ed5-9145-ea59a337c299:c4540]
2019-09-02 06:30:44,144 [SCMBlockDeletingService#1] DEBUG block.SCMBlockDeletingService (SCMBlockDeletingService.java:call(138)) - Running DeletedBlockTransactionScanner
2019-09-02 06:30:44,144 [SCMBlockDeletingService#1] DEBUG block.SCMBlockDeletingService (SCMBlockDeletingService.java:call(155)) - Scanned deleted blocks log and got 0 delTX to process.
2019-09-02 06:30:44,176 [grpc-default-executor-1] INFO  client.GrpcClientProtocolClient (GrpcClientProtocolClient.java:onNext(255)) - client-FF34D2C67AC5->3258574c-39ac-4ed5-9145-ea59a337c299: receive RaftClientReply:client-FF34D2C67AC5->3258574c-39ac-4ed5-9145-ea59a337c299@group-6C7D867BDA6A, cid=3241, SUCCESS, logIndex=4543, commits[3258574c-39ac-4ed5-9145-ea59a337c299:c4546]
2019-09-02 06:30:44,177 [grpc-default-executor-1] INFO  client.GrpcClientProtocolClient (GrpcClientProtocolClient.java:onNext(255)) - client-FF34D2C67AC5->3258574c-39ac-4ed5-9145-ea59a337c299: receive RaftClientReply:client-FF34D2C67AC5->3258574c-39ac-4ed5-9145-ea59a337c299@group-6C7D867BDA6A, cid=3242, SUCCESS, logIndex=4544, commits[3258574c-39ac-4ed5-9145-ea59a337c299:c4547]
2019-09-02 06:30:44,177 [grpc-default-executor-1] INFO  client.GrpcClientProtocolClient (GrpcClientProtocolClient.java:onNext(255)) - client-FF34D2C67AC5->3258574c-39ac-4ed5-9145-ea59a337c299: receive RaftClientReply:client-FF34D2C67AC5->3258574c-39ac-4ed5-9145-ea59a337c299@group-6C7D867BDA6A, cid=3243, SUCCESS, logIndex=4545, commits[3258574c-39ac-4ed5-9145-ea59a337c299:c4547]
2019-09-02 06:30:44,178 [grpc-default-executor-1] INFO  client.GrpcClientProtocolClient (GrpcClientProtocolClient.java:onNext(255)) - client-FF34D2C67AC5->3258574c-39ac-4ed5-9145-ea59a337c299: receive RaftClientReply:client-FF34D2C67AC5->3258574c-39ac-4ed5-9145-ea59a337c299@group-6C7D867BDA6A, cid=3244, SUCCESS, logIndex=4546, commits[3258574c-39ac-4ed5-9145-ea59a337c299:c4547]
2019-09-02 06:30:44,200 [grpc-default-executor-1] INFO  client.GrpcClientProtocolClient (GrpcClientProtocolClient.java:onNext(255)) - client-FF34D2C67AC5->3258574c-39ac-4ed5-9145-ea59a337c299: receive RaftClientReply:client-FF34D2C67AC5->3258574c-39ac-4ed5-9145-ea59a337c299@group-6C7D867BDA6A, cid=3245, SUCCESS, logIndex=4548, commits[3258574c-39ac-4ed5-9145-ea59a337c299:c4551]
2019-09-02 06:30:44,201 [grpc-default-executor-1] INFO  client.GrpcClientProtocolClient (GrpcClientProtocolClient.java:onNext(255)) - client-FF34D2C67AC5->3258574c-39ac-4ed5-9145-ea59a337c299: receive RaftClientReply:client-FF34D2C67AC5->3258574c-39ac-4ed5-9145-ea59a337c299@group-6C7D867BDA6A, cid=3246, SUCCESS, logIndex=4549, commits[3258574c-39ac-4ed5-9145-ea59a337c299:c4552]
2019-09-02 06:30:44,201 [grpc-default-executor-1] INFO  client.GrpcClientProtocolClient (GrpcClientProtocolClient.java:onNext(255)) - client-FF34D2C67AC5->3258574c-39ac-4ed5-9145-ea59a337c299: receive RaftClientReply:client-FF34D2C67AC5->3258574c-39ac-4ed5-9145-ea59a337c299@group-6C7D867BDA6A, cid=3247, SUCCESS, logIndex=4550, commits[3258574c-39ac-4ed5-9145-ea59a337c299:c4552]
2019-09-02 06:30:44,201 [grpc-default-executor-1] INFO  client.GrpcClientProtocolClient (GrpcClientProtocolClient.java:onNext(255)) - client-FF34D2C67AC5->3258574c-39ac-4ed5-9145-ea59a337c299: receive RaftClientReply:client-FF34D2C67AC5->3258574c-39ac-4ed5-9145-ea59a337c299@group-6C7D867BDA6A, cid=3248, SUCCESS, logIndex=4551, commits[3258574c-39ac-4ed5-9145-ea59a337c299:c4552]
2019-09-02 06:30:44,232 [grpc-default-executor-1] INFO  client.GrpcClientProtocolClient (GrpcClientProtocolClient.java:onNext(255)) - client-FF34D2C67AC5->3258574c-39ac-4ed5-9145-ea59a337c299: receive RaftClientReply:client-FF34D2C67AC5->3258574c-39ac-4ed5-9145-ea59a337c299@group-6C7D867BDA6A, cid=3249, SUCCESS, logIndex=4553, commits[3258574c-39ac-4ed5-9145-ea59a337c299:c4556]
2019-09-02 06:30:44,233 [grpc-default-executor-1] INFO  client.GrpcClientProtocolClient (GrpcClientProtocolClient.java:onNext(255)) - client-FF34D2C67AC5->3258574c-39ac-4ed5-9145-ea59a337c299: receive RaftClientReply:client-FF34D2C67AC5->3258574c-39ac-4ed5-9145-ea59a337c299@group-6C7D867BDA6A, cid=3250, SUCCESS, logIndex=4554, commits[3258574c-39ac-4ed5-9145-ea59a337c299:c4556]
2019-09-02 06:30:44,234 [grpc-default-executor-1] INFO  client.GrpcClientProtocolClient (GrpcClientProtocolClient.java:onNext(255)) - client-FF34D2C67AC5->3258574c-39ac-4ed5-9145-ea59a337c299: receive RaftClientReply:client-FF34D2C67AC5->3258574c-39ac-4ed5-9145-ea59a337c299@group-6C7D867BDA6A, cid=3251, SUCCESS, logIndex=4555, commits[3258574c-39ac-4ed5-9145-ea59a337c299:c4557]
2019-09-02 06:30:44,235 [grpc-default-executor-1] INFO  client.GrpcClientProtocolClient (GrpcClientProtocolClient.java:onNext(255)) - client-FF34D2C67AC5->3258574c-39ac-4ed5-9145-ea59a337c299: receive RaftClientReply:client-FF34D2C67AC5->3258574c-39ac-4ed5-9145-ea59a337c299@group-6C7D867BDA6A, cid=3252, SUCCESS, logIndex=4556, commits[3258574c-39ac-4ed5-9145-ea59a337c299:c4558]
2019-09-02 06:30:44,244 [SCMBlockDeletingService#1] DEBUG block.SCMBlockDeletingService (SCMBlockDeletingService.java:call(138)) - Running DeletedBlockTransactionScanner
2019-09-02 06:30:44,245 [SCMBlockDeletingService#1] DEBUG block.SCMBlockDeletingService (SCMBlockDeletingService.java:call(155)) - Scanned deleted blocks log and got 0 delTX to process.
2019-09-02 06:30:44,255 [grpc-default-executor-0] INFO  client.GrpcClientProtocolClient (GrpcClientProtocolClient.java:onNext(255)) - client-FF34D2C67AC5->3258574c-39ac-4ed5-9145-ea59a337c299: receive RaftClientReply:client-FF34D2C67AC5->3258574c-39ac-4ed5-9145-ea59a337c299@group-6C7D867BDA6A, cid=3253, SUCCESS, logIndex=4559, commits[3258574c-39ac-4ed5-9145-ea59a337c299:c4560]
2019-09-02 06:30:44,256 [grpc-default-executor-0] INFO  client.GrpcClientProtocolClient (GrpcClientProtocolClient.java:onNext(255)) - client-FF34D2C67AC5->3258574c-39ac-4ed5-9145-ea59a337c299: receive RaftClientReply:client-FF34D2C67AC5->3258574c-39ac-4ed5-9145-ea59a337c299@group-6C7D867BDA6A, cid=3254, SUCCESS, logIndex=4560, commits[3258574c-39ac-4ed5-9145-ea59a337c299:c4562]
2019-09-02 06:30:44,256 [grpc-default-executor-0] INFO  client.GrpcClientProtocolClient (GrpcClientProtocolClient.java:onNext(255)) - client-FF34D2C67AC5->3258574c-39ac-4ed5-9145-ea59a337c299: receive RaftClientReply:client-FF34D2C67AC5->3258574c-39ac-4ed5-9145-ea59a337c299@group-6C7D867BDA6A, cid=3255, SUCCESS, logIndex=4561, commits[3258574c-39ac-4ed5-9145-ea59a337c299:c4563]
2019-09-02 06:30:44,256 [grpc-default-executor-0] INFO  client.GrpcClientProtocolClient (GrpcClientProtocolClient.java:onNext(255)) - client-FF34D2C67AC5->3258574c-39ac-4ed5-9145-ea59a337c299: receive RaftClientReply:client-FF34D2C67AC5->3258574c-39ac-4ed5-9145-ea59a337c299@group-6C7D867BDA6A, cid=3256, SUCCESS, logIndex=4562, commits[3258574c-39ac-4ed5-9145-ea59a337c299:c4563]
2019-09-02 06:30:44,373 [SCMBlockDeletingService#1] DEBUG block.SCMBlockDeletingService (SCMBlockDeletingService.java:call(138)) - Running DeletedBlockTransactionScanner
2019-09-02 06:30:44,373 [SCMBlockDeletingService#1] DEBUG block.SCMBlockDeletingService (SCMBlockDeletingService.java:call(155)) - Scanned deleted blocks log and got 0 delTX to process.
2019-09-02 06:30:44,388 [grpc-default-executor-0] INFO  client.GrpcClientProtocolClient (GrpcClientProtocolClient.java:onNext(255)) - client-FF34D2C67AC5->3258574c-39ac-4ed5-9145-ea59a337c299: receive RaftClientReply:client-FF34D2C67AC5->3258574c-39ac-4ed5-9145-ea59a337c299@group-6C7D867BDA6A, cid=3257, SUCCESS, logIndex=4565, commits[3258574c-39ac-4ed5-9145-ea59a337c299:c4566]
2019-09-02 06:30:44,389 [grpc-default-executor-0] INFO  client.GrpcClientProtocolClient (GrpcClientProtocolClient.java:onNext(255)) - client-FF34D2C67AC5->3258574c-39ac-4ed5-9145-ea59a337c299: receive RaftClientReply:client-FF34D2C67AC5->3258574c-39ac-4ed5-9145-ea59a337c299@group-6C7D867BDA6A, cid=3258, SUCCESS, logIndex=4566, commits[3258574c-39ac-4ed5-9145-ea59a337c299:c4566]
2019-09-02 06:30:44,389 [grpc-default-executor-0] INFO  client.GrpcClientProtocolClient (GrpcClientProtocolClient.java:onNext(255)) - client-FF34D2C67AC5->3258574c-39ac-4ed5-9145-ea59a337c299: receive RaftClientReply:client-FF34D2C67AC5->3258574c-39ac-4ed5-9145-ea59a337c299@group-6C7D867BDA6A, cid=3259, SUCCESS, logIndex=4567, commits[3258574c-39ac-4ed5-9145-ea59a337c299:c4568]
2019-09-02 06:30:44,390 [grpc-default-executor-0] INFO  client.GrpcClientProtocolClient (GrpcClientProtocolClient.java:onNext(255)) - client-FF34D2C67AC5->3258574c-39ac-4ed5-9145-ea59a337c299: receive RaftClientReply:client-FF34D2C67AC5->3258574c-39ac-4ed5-9145-ea59a337c299@group-6C7D867BDA6A, cid=3260, SUCCESS, logIndex=4568, commits[3258574c-39ac-4ed5-9145-ea59a337c299:c4568]
2019-09-02 06:30:44,401 [grpc-default-executor-1] INFO  client.GrpcClientProtocolClient (GrpcClientProtocolClient.java:onNext(255)) - client-FF34D2C67AC5->3258574c-39ac-4ed5-9145-ea59a337c299: receive RaftClientReply:client-FF34D2C67AC5->3258574c-39ac-4ed5-9145-ea59a337c299@group-6C7D867BDA6A, cid=3261, SUCCESS, logIndex=4571, commits[3258574c-39ac-4ed5-9145-ea59a337c299:c4572]
2019-09-02 06:30:44,401 [grpc-default-executor-1] INFO  client.GrpcClientProtocolClient (GrpcClientProtocolClient.java:onNext(255)) - client-FF34D2C67AC5->3258574c-39ac-4ed5-9145-ea59a337c299: receive RaftClientReply:client-FF34D2C67AC5->3258574c-39ac-4ed5-9145-ea59a337c299@group-6C7D867BDA6A, cid=3262, SUCCESS, logIndex=4572, commits[3258574c-39ac-4ed5-9145-ea59a337c299:c4572]
2019-09-02 06:30:44,413 [grpc-default-executor-1] INFO  client.GrpcClientProtocolClient (GrpcClientProtocolClient.java:onNext(255)) - client-FF34D2C67AC5->3258574c-39ac-4ed5-9145-ea59a337c299: receive RaftClientReply:client-FF34D2C67AC5->3258574c-39ac-4ed5-9145-ea59a337c299@group-6C7D867BDA6A, cid=3263, SUCCESS, logIndex=4573, commits[3258574c-39ac-4ed5-9145-ea59a337c299:c4575]
2019-09-02 06:30:44,413 [grpc-default-executor-1] INFO  client.GrpcClientProtocolClient (GrpcClientProtocolClient.java:onNext(255)) - client-FF34D2C67AC5->3258574c-39ac-4ed5-9145-ea59a337c299: receive RaftClientReply:client-FF34D2C67AC5->3258574c-39ac-4ed5-9145-ea59a337c299@group-6C7D867BDA6A, cid=3264, SUCCESS, logIndex=4574, commits[3258574c-39ac-4ed5-9145-ea59a337c299:c4575]
2019-09-02 06:30:44,444 [grpc-default-executor-0] INFO  client.GrpcClientProtocolClient (GrpcClientProtocolClient.java:onNext(255)) - client-FF34D2C67AC5->3258574c-39ac-4ed5-9145-ea59a337c299: receive RaftClientReply:client-FF34D2C67AC5->3258574c-39ac-4ed5-9145-ea59a337c299@group-6C7D867BDA6A, cid=3265, SUCCESS, logIndex=4576, commits[3258574c-39ac-4ed5-9145-ea59a337c299:c4577]
2019-09-02 06:30:44,445 [grpc-default-executor-0] INFO  client.GrpcClientProtocolClient (GrpcClientProtocolClient.java:onNext(255)) - client-FF34D2C67AC5->3258574c-39ac-4ed5-9145-ea59a337c299: receive RaftClientReply:client-FF34D2C67AC5->3258574c-39ac-4ed5-9145-ea59a337c299@group-6C7D867BDA6A, cid=3266, SUCCESS, logIndex=4577, commits[3258574c-39ac-4ed5-9145-ea59a337c299:c4577]
2019-09-02 06:30:44,446 [grpc-default-executor-0] INFO  client.GrpcClientProtocolClient (GrpcClientProtocolClient.java:onNext(255)) - client-FF34D2C67AC5->3258574c-39ac-4ed5-9145-ea59a337c299: receive RaftClientReply:client-FF34D2C67AC5->3258574c-39ac-4ed5-9145-ea59a337c299@group-6C7D867BDA6A, cid=3267, SUCCESS, logIndex=4578, commits[3258574c-39ac-4ed5-9145-ea59a337c299:c4579]
2019-09-02 06:30:44,446 [grpc-default-executor-0] INFO  client.GrpcClientProtocolClient (GrpcClientProtocolClient.java:onNext(255)) - client-FF34D2C67AC5->3258574c-39ac-4ed5-9145-ea59a337c299: receive RaftClientReply:client-FF34D2C67AC5->3258574c-39ac-4ed5-9145-ea59a337c299@group-6C7D867BDA6A, cid=3268, SUCCESS, logIndex=4579, commits[3258574c-39ac-4ed5-9145-ea59a337c299:c4579]
2019-09-02 06:30:44,458 [grpc-default-executor-1] INFO  client.GrpcClientProtocolClient (GrpcClientProtocolClient.java:onNext(255)) - client-FF34D2C67AC5->3258574c-39ac-4ed5-9145-ea59a337c299: receive RaftClientReply:client-FF34D2C67AC5->3258574c-39ac-4ed5-9145-ea59a337c299@group-6C7D867BDA6A, cid=3269, SUCCESS, logIndex=4582, commits[3258574c-39ac-4ed5-9145-ea59a337c299:c4583]
2019-09-02 06:30:44,458 [grpc-default-executor-1] INFO  client.GrpcClientProtocolClient (GrpcClientProtocolClient.java:onNext(255)) - client-FF34D2C67AC5->3258574c-39ac-4ed5-9145-ea59a337c299: receive RaftClientReply:client-FF34D2C67AC5->3258574c-39ac-4ed5-9145-ea59a337c299@group-6C7D867BDA6A, cid=3270, SUCCESS, logIndex=4583, commits[3258574c-39ac-4ed5-9145-ea59a337c299:c4584]
2019-09-02 06:30:44,473 [SCMBlockDeletingService#1] DEBUG block.SCMBlockDeletingService (SCMBlockDeletingService.java:call(138)) - Running DeletedBlockTransactionScanner
2019-09-02 06:30:44,474 [SCMBlockDeletingService#1] DEBUG block.SCMBlockDeletingService (SCMBlockDeletingService.java:call(155)) - Scanned deleted blocks log and got 0 delTX to process.
2019-09-02 06:30:44,572 [grpc-default-executor-1] INFO  client.GrpcClientProtocolClient (GrpcClientProtocolClient.java:onNext(255)) - client-FF34D2C67AC5->3258574c-39ac-4ed5-9145-ea59a337c299: receive RaftClientReply:client-FF34D2C67AC5->3258574c-39ac-4ed5-9145-ea59a337c299@group-6C7D867BDA6A, cid=3271, SUCCESS, logIndex=4585, commits[3258574c-39ac-4ed5-9145-ea59a337c299:c4586]
2019-09-02 06:30:44,572 [grpc-default-executor-1] INFO  client.GrpcClientProtocolClient (GrpcClientProtocolClient.java:onNext(255)) - client-FF34D2C67AC5->3258574c-39ac-4ed5-9145-ea59a337c299: receive RaftClientReply:client-FF34D2C67AC5->3258574c-39ac-4ed5-9145-ea59a337c299@group-6C7D867BDA6A, cid=3272, SUCCESS, logIndex=4586, commits[3258574c-39ac-4ed5-9145-ea59a337c299:c4586]
2019-09-02 06:30:44,574 [SCMBlockDeletingService#1] DEBUG block.SCMBlockDeletingService (SCMBlockDeletingService.java:call(138)) - Running DeletedBlockTransactionScanner
2019-09-02 06:30:44,574 [SCMBlockDeletingService#1] DEBUG block.SCMBlockDeletingService (SCMBlockDeletingService.java:call(155)) - Scanned deleted blocks log and got 0 delTX to process.
2019-09-02 06:30:44,601 [grpc-default-executor-1] INFO  client.GrpcClientProtocolClient (GrpcClientProtocolClient.java:onNext(255)) - client-FF34D2C67AC5->3258574c-39ac-4ed5-9145-ea59a337c299: receive RaftClientReply:client-FF34D2C67AC5->3258574c-39ac-4ed5-9145-ea59a337c299@group-6C7D867BDA6A, cid=3273, SUCCESS, logIndex=4588, commits[3258574c-39ac-4ed5-9145-ea59a337c299:c4591]
2019-09-02 06:30:44,601 [grpc-default-executor-1] INFO  client.GrpcClientProtocolClient (GrpcClientProtocolClient.java:onNext(255)) - client-FF34D2C67AC5->3258574c-39ac-4ed5-9145-ea59a337c299: receive RaftClientReply:client-FF34D2C67AC5->3258574c-39ac-4ed5-9145-ea59a337c299@group-6C7D867BDA6A, cid=3274, SUCCESS, logIndex=4589, commits[3258574c-39ac-4ed5-9145-ea59a337c299:c4592]
2019-09-02 06:30:44,602 [grpc-default-executor-1] INFO  client.GrpcClientProtocolClient (GrpcClientProtocolClient.java:onNext(255)) - client-FF34D2C67AC5->3258574c-39ac-4ed5-9145-ea59a337c299: receive RaftClientReply:client-FF34D2C67AC5->3258574c-39ac-4ed5-9145-ea59a337c299@group-6C7D867BDA6A, cid=3275, SUCCESS, logIndex=4590, commits[3258574c-39ac-4ed5-9145-ea59a337c299:c4592]
2019-09-02 06:30:44,602 [grpc-default-executor-1] INFO  client.GrpcClientProtocolClient (GrpcClientProtocolClient.java:onNext(255)) - client-FF34D2C67AC5->3258574c-39ac-4ed5-9145-ea59a337c299: receive RaftClientReply:client-FF34D2C67AC5->3258574c-39ac-4ed5-9145-ea59a337c299@group-6C7D867BDA6A, cid=3276, SUCCESS, logIndex=4591, commits[3258574c-39ac-4ed5-9145-ea59a337c299:c4592]
2019-09-02 06:30:44,623 [grpc-default-executor-1] INFO  client.GrpcClientProtocolClient (GrpcClientProtocolClient.java:onNext(255)) - client-FF34D2C67AC5->3258574c-39ac-4ed5-9145-ea59a337c299: receive RaftClientReply:client-FF34D2C67AC5->3258574c-39ac-4ed5-9145-ea59a337c299@group-6C7D867BDA6A, cid=3277, SUCCESS, logIndex=4593, commits[3258574c-39ac-4ed5-9145-ea59a337c299:c4596]
2019-09-02 06:30:44,624 [grpc-default-executor-1] INFO  client.GrpcClientProtocolClient (GrpcClientProtocolClient.java:onNext(255)) - client-FF34D2C67AC5->3258574c-39ac-4ed5-9145-ea59a337c299: receive RaftClientReply:client-FF34D2C67AC5->3258574c-39ac-4ed5-9145-ea59a337c299@group-6C7D867BDA6A, cid=3278, SUCCESS, logIndex=4594, commits[3258574c-39ac-4ed5-9145-ea59a337c299:c4597]
2019-09-02 06:30:44,624 [grpc-default-executor-1] INFO  client.GrpcClientProtocolClient (GrpcClientProtocolClient.java:onNext(255)) - client-FF34D2C67AC5->3258574c-39ac-4ed5-9145-ea59a337c299: receive RaftClientReply:client-FF34D2C67AC5->3258574c-39ac-4ed5-9145-ea59a337c299@group-6C7D867BDA6A, cid=3279, SUCCESS, logIndex=4595, commits[3258574c-39ac-4ed5-9145-ea59a337c299:c4597]
2019-09-02 06:30:44,624 [grpc-default-executor-1] INFO  client.GrpcClientProtocolClient (GrpcClientProtocolClient.java:onNext(255)) - client-FF34D2C67AC5->3258574c-39ac-4ed5-9145-ea59a337c299: receive RaftClientReply:client-FF34D2C67AC5->3258574c-39ac-4ed5-9145-ea59a337c299@group-6C7D867BDA6A, cid=3280, SUCCESS, logIndex=4596, commits[3258574c-39ac-4ed5-9145-ea59a337c299:c4597]
2019-09-02 06:30:44,652 [grpc-default-executor-1] INFO  client.GrpcClientProtocolClient (GrpcClientProtocolClient.java:onNext(255)) - client-FF34D2C67AC5->3258574c-39ac-4ed5-9145-ea59a337c299: receive RaftClientReply:client-FF34D2C67AC5->3258574c-39ac-4ed5-9145-ea59a337c299@group-6C7D867BDA6A, cid=3281, SUCCESS, logIndex=4598, commits[3258574c-39ac-4ed5-9145-ea59a337c299:c4601]
2019-09-02 06:30:44,653 [grpc-default-executor-1] INFO  client.GrpcClientProtocolClient (GrpcClientProtocolClient.java:onNext(255)) - client-FF34D2C67AC5->3258574c-39ac-4ed5-9145-ea59a337c299: receive RaftClientReply:client-FF34D2C67AC5->3258574c-39ac-4ed5-9145-ea59a337c299@group-6C7D867BDA6A, cid=3282, SUCCESS, logIndex=4599, commits[3258574c-39ac-4ed5-9145-ea59a337c299:c4601]
2019-09-02 06:30:44,653 [grpc-default-executor-1] INFO  client.GrpcClientProtocolClient (GrpcClientProtocolClient.java:onNext(255)) - client-FF34D2C67AC5->3258574c-39ac-4ed5-9145-ea59a337c299: receive RaftClientReply:client-FF34D2C67AC5->3258574c-39ac-4ed5-9145-ea59a337c299@group-6C7D867BDA6A, cid=3283, SUCCESS, logIndex=4600, commits[3258574c-39ac-4ed5-9145-ea59a337c299:c4601]
2019-09-02 06:30:44,653 [grpc-default-executor-1] INFO  client.GrpcClientProtocolClient (GrpcClientProtocolClient.java:onNext(255)) - client-FF34D2C67AC5->3258574c-39ac-4ed5-9145-ea59a337c299: receive RaftClientReply:client-FF34D2C67AC5->3258574c-39ac-4ed5-9145-ea59a337c299@group-6C7D867BDA6A, cid=3284, SUCCESS, logIndex=4601, commits[3258574c-39ac-4ed5-9145-ea59a337c299:c4602]
2019-09-02 06:30:44,675 [SCMBlockDeletingService#1] DEBUG block.SCMBlockDeletingService (SCMBlockDeletingService.java:call(138)) - Running DeletedBlockTransactionScanner
2019-09-02 06:30:44,675 [SCMBlockDeletingService#1] DEBUG block.SCMBlockDeletingService (SCMBlockDeletingService.java:call(155)) - Scanned deleted blocks log and got 0 delTX to process.
2019-09-02 06:30:44,686 [grpc-default-executor-1] INFO  client.GrpcClientProtocolClient (GrpcClientProtocolClient.java:onNext(255)) - client-FF34D2C67AC5->3258574c-39ac-4ed5-9145-ea59a337c299: receive RaftClientReply:client-FF34D2C67AC5->3258574c-39ac-4ed5-9145-ea59a337c299@group-6C7D867BDA6A, cid=3285, SUCCESS, logIndex=4603, commits[3258574c-39ac-4ed5-9145-ea59a337c299:c4606]
2019-09-02 06:30:44,687 [grpc-default-executor-1] INFO  client.GrpcClientProtocolClient (GrpcClientProtocolClient.java:onNext(255)) - client-FF34D2C67AC5->3258574c-39ac-4ed5-9145-ea59a337c299: receive RaftClientReply:client-FF34D2C67AC5->3258574c-39ac-4ed5-9145-ea59a337c299@group-6C7D867BDA6A, cid=3286, SUCCESS, logIndex=4604, commits[3258574c-39ac-4ed5-9145-ea59a337c299:c4607]
2019-09-02 06:30:44,687 [grpc-default-executor-1] INFO  client.GrpcClientProtocolClient (GrpcClientProtocolClient.java:onNext(255)) - client-FF34D2C67AC5->3258574c-39ac-4ed5-9145-ea59a337c299: receive RaftClientReply:client-FF34D2C67AC5->3258574c-39ac-4ed5-9145-ea59a337c299@group-6C7D867BDA6A, cid=3287, SUCCESS, logIndex=4605, commits[3258574c-39ac-4ed5-9145-ea59a337c299:c4607]
2019-09-02 06:30:44,687 [grpc-default-executor-1] INFO  client.GrpcClientProtocolClient (GrpcClientProtocolClient.java:onNext(255)) - client-FF34D2C67AC5->3258574c-39ac-4ed5-9145-ea59a337c299: receive RaftClientReply:client-FF34D2C67AC5->3258574c-39ac-4ed5-9145-ea59a337c299@group-6C7D867BDA6A, cid=3288, SUCCESS, logIndex=4606, commits[3258574c-39ac-4ed5-9145-ea59a337c299:c4607]
2019-09-02 06:30:44,718 [grpc-default-executor-0] INFO  client.GrpcClientProtocolClient (GrpcClientProtocolClient.java:onNext(255)) - client-FF34D2C67AC5->3258574c-39ac-4ed5-9145-ea59a337c299: receive RaftClientReply:client-FF34D2C67AC5->3258574c-39ac-4ed5-9145-ea59a337c299@group-6C7D867BDA6A, cid=3289, SUCCESS, logIndex=4608, commits[3258574c-39ac-4ed5-9145-ea59a337c299:c4611]
2019-09-02 06:30:44,718 [grpc-default-executor-0] INFO  client.GrpcClientProtocolClient (GrpcClientProtocolClient.java:onNext(255)) - client-FF34D2C67AC5->3258574c-39ac-4ed5-9145-ea59a337c299: receive RaftClientReply:client-FF34D2C67AC5->3258574c-39ac-4ed5-9145-ea59a337c299@group-6C7D867BDA6A, cid=3290, SUCCESS, logIndex=4609, commits[3258574c-39ac-4ed5-9145-ea59a337c299:c4612]
2019-09-02 06:30:44,719 [grpc-default-executor-0] INFO  client.GrpcClientProtocolClient (GrpcClientProtocolClient.java:onNext(255)) - client-FF34D2C67AC5->3258574c-39ac-4ed5-9145-ea59a337c299: receive RaftClientReply:client-FF34D2C67AC5->3258574c-39ac-4ed5-9145-ea59a337c299@group-6C7D867BDA6A, cid=3291, SUCCESS, logIndex=4610, commits[3258574c-39ac-4ed5-9145-ea59a337c299:c4612]
2019-09-02 06:30:44,719 [grpc-default-executor-0] INFO  client.GrpcClientProtocolClient (GrpcClientProtocolClient.java:onNext(255)) - client-FF34D2C67AC5->3258574c-39ac-4ed5-9145-ea59a337c299: receive RaftClientReply:client-FF34D2C67AC5->3258574c-39ac-4ed5-9145-ea59a337c299@group-6C7D867BDA6A, cid=3292, SUCCESS, logIndex=4611, commits[3258574c-39ac-4ed5-9145-ea59a337c299:c4612]
2019-09-02 06:30:44,739 [grpc-default-executor-0] INFO  client.GrpcClientProtocolClient (GrpcClientProtocolClient.java:onNext(255)) - client-FF34D2C67AC5->3258574c-39ac-4ed5-9145-ea59a337c299: receive RaftClientReply:client-FF34D2C67AC5->3258574c-39ac-4ed5-9145-ea59a337c299@group-6C7D867BDA6A, cid=3293, SUCCESS, logIndex=4613, commits[3258574c-39ac-4ed5-9145-ea59a337c299:c4616]
2019-09-02 06:30:44,740 [grpc-default-executor-0] INFO  client.GrpcClientProtocolClient (GrpcClientProtocolClient.java:onNext(255)) - client-FF34D2C67AC5->3258574c-39ac-4ed5-9145-ea59a337c299: receive RaftClientReply:client-FF34D2C67AC5->3258574c-39ac-4ed5-9145-ea59a337c299@group-6C7D867BDA6A, cid=3294, SUCCESS, logIndex=4614, commits[3258574c-39ac-4ed5-9145-ea59a337c299:c4616]
2019-09-02 06:30:44,740 [grpc-default-executor-0] INFO  client.GrpcClientProtocolClient (GrpcClientProtocolClient.java:onNext(255)) - client-FF34D2C67AC5->3258574c-39ac-4ed5-9145-ea59a337c299: receive RaftClientReply:client-FF34D2C67AC5->3258574c-39ac-4ed5-9145-ea59a337c299@group-6C7D867BDA6A, cid=3295, SUCCESS, logIndex=4615, commits[3258574c-39ac-4ed5-9145-ea59a337c299:c4616]
2019-09-02 06:30:44,740 [grpc-default-executor-0] INFO  client.GrpcClientProtocolClient (GrpcClientProtocolClient.java:onNext(255)) - client-FF34D2C67AC5->3258574c-39ac-4ed5-9145-ea59a337c299: receive RaftClientReply:client-FF34D2C67AC5->3258574c-39ac-4ed5-9145-ea59a337c299@group-6C7D867BDA6A, cid=3296, SUCCESS, logIndex=4616, commits[3258574c-39ac-4ed5-9145-ea59a337c299:c4616]
2019-09-02 06:30:44,772 [grpc-default-executor-0] INFO  client.GrpcClientProtocolClient (GrpcClientProtocolClient.java:onNext(255)) - client-FF34D2C67AC5->3258574c-39ac-4ed5-9145-ea59a337c299: receive RaftClientReply:client-FF34D2C67AC5->3258574c-39ac-4ed5-9145-ea59a337c299@group-6C7D867BDA6A, cid=3297, SUCCESS, logIndex=4618, commits[3258574c-39ac-4ed5-9145-ea59a337c299:c4621]
2019-09-02 06:30:44,773 [grpc-default-executor-0] INFO  client.GrpcClientProtocolClient (GrpcClientProtocolClient.java:onNext(255)) - client-FF34D2C67AC5->3258574c-39ac-4ed5-9145-ea59a337c299: receive RaftClientReply:client-FF34D2C67AC5->3258574c-39ac-4ed5-9145-ea59a337c299@group-6C7D867BDA6A, cid=3298, SUCCESS, logIndex=4619, commits[3258574c-39ac-4ed5-9145-ea59a337c299:c4621]
2019-09-02 06:30:44,773 [grpc-default-executor-0] INFO  client.GrpcClientProtocolClient (GrpcClientProtocolClient.java:onNext(255)) - client-FF34D2C67AC5->3258574c-39ac-4ed5-9145-ea59a337c299: receive RaftClientReply:client-FF34D2C67AC5->3258574c-39ac-4ed5-9145-ea59a337c299@group-6C7D867BDA6A, cid=3299, SUCCESS, logIndex=4620, commits[3258574c-39ac-4ed5-9145-ea59a337c299:c4621]
2019-09-02 06:30:44,773 [grpc-default-executor-0] INFO  client.GrpcClientProtocolClient (GrpcClientProtocolClient.java:onNext(255)) - client-FF34D2C67AC5->3258574c-39ac-4ed5-9145-ea59a337c299: receive RaftClientReply:client-FF34D2C67AC5->3258574c-39ac-4ed5-9145-ea59a337c299@group-6C7D867BDA6A, cid=3300, SUCCESS, logIndex=4621, commits[3258574c-39ac-4ed5-9145-ea59a337c299:c4621]
2019-09-02 06:30:44,775 [SCMBlockDeletingService#1] DEBUG block.SCMBlockDeletingService (SCMBlockDeletingService.java:call(138)) - Running DeletedBlockTransactionScanner
2019-09-02 06:30:44,775 [SCMBlockDeletingService#1] DEBUG block.SCMBlockDeletingService (SCMBlockDeletingService.java:call(155)) - Scanned deleted blocks log and got 0 delTX to process.
2019-09-02 06:30:44,793 [grpc-default-executor-1] INFO  client.GrpcClientProtocolClient (GrpcClientProtocolClient.java:onNext(255)) - client-FF34D2C67AC5->3258574c-39ac-4ed5-9145-ea59a337c299: receive RaftClientReply:client-FF34D2C67AC5->3258574c-39ac-4ed5-9145-ea59a337c299@group-6C7D867BDA6A, cid=3301, SUCCESS, logIndex=4623, commits[3258574c-39ac-4ed5-9145-ea59a337c299:c4624]
2019-09-02 06:30:44,794 [grpc-default-executor-1] INFO  client.GrpcClientProtocolClient (GrpcClientProtocolClient.java:onNext(255)) - client-FF34D2C67AC5->3258574c-39ac-4ed5-9145-ea59a337c299: receive RaftClientReply:client-FF34D2C67AC5->3258574c-39ac-4ed5-9145-ea59a337c299@group-6C7D867BDA6A, cid=3302, SUCCESS, logIndex=4624, commits[3258574c-39ac-4ed5-9145-ea59a337c299:c4624]
2019-09-02 06:30:44,795 [grpc-default-executor-1] INFO  client.GrpcClientProtocolClient (GrpcClientProtocolClient.java:onNext(255)) - client-FF34D2C67AC5->3258574c-39ac-4ed5-9145-ea59a337c299: receive RaftClientReply:client-FF34D2C67AC5->3258574c-39ac-4ed5-9145-ea59a337c299@group-6C7D867BDA6A, cid=3303, SUCCESS, logIndex=4625, commits[3258574c-39ac-4ed5-9145-ea59a337c299:c4626]
2019-09-02 06:30:44,795 [grpc-default-executor-1] INFO  client.GrpcClientProtocolClient (GrpcClientProtocolClient.java:onNext(255)) - client-FF34D2C67AC5->3258574c-39ac-4ed5-9145-ea59a337c299: receive RaftClientReply:client-FF34D2C67AC5->3258574c-39ac-4ed5-9145-ea59a337c299@group-6C7D867BDA6A, cid=3304, SUCCESS, logIndex=4626, commits[3258574c-39ac-4ed5-9145-ea59a337c299:c4626]
2019-09-02 06:30:44,825 [grpc-default-executor-0] INFO  client.GrpcClientProtocolClient (GrpcClientProtocolClient.java:onNext(255)) - client-FF34D2C67AC5->3258574c-39ac-4ed5-9145-ea59a337c299: receive RaftClientReply:client-FF34D2C67AC5->3258574c-39ac-4ed5-9145-ea59a337c299@group-6C7D867BDA6A, cid=3305, SUCCESS, logIndex=4629, commits[3258574c-39ac-4ed5-9145-ea59a337c299:c4632]
2019-09-02 06:30:44,826 [grpc-default-executor-0] INFO  client.GrpcClientProtocolClient (GrpcClientProtocolClient.java:onNext(255)) - client-FF34D2C67AC5->3258574c-39ac-4ed5-9145-ea59a337c299: receive RaftClientReply:client-FF34D2C67AC5->3258574c-39ac-4ed5-9145-ea59a337c299@group-6C7D867BDA6A, cid=3306, SUCCESS, logIndex=4630, commits[3258574c-39ac-4ed5-9145-ea59a337c299:c4633]
2019-09-02 06:30:44,827 [grpc-default-executor-0] INFO  client.GrpcClientProtocolClient (GrpcClientProtocolClient.java:onNext(255)) - client-FF34D2C67AC5->3258574c-39ac-4ed5-9145-ea59a337c299: receive RaftClientReply:client-FF34D2C67AC5->3258574c-39ac-4ed5-9145-ea59a337c299@group-6C7D867BDA6A, cid=3307, SUCCESS, logIndex=4631, commits[3258574c-39ac-4ed5-9145-ea59a337c299:c4633]
2019-09-02 06:30:44,827 [grpc-default-executor-0] INFO  client.GrpcClientProtocolClient (GrpcClientProtocolClient.java:onNext(255)) - client-FF34D2C67AC5->3258574c-39ac-4ed5-9145-ea59a337c299: receive RaftClientReply:client-FF34D2C67AC5->3258574c-39ac-4ed5-9145-ea59a337c299@group-6C7D867BDA6A, cid=3308, SUCCESS, logIndex=4632, commits[3258574c-39ac-4ed5-9145-ea59a337c299:c4634]
2019-09-02 06:30:44,849 [grpc-default-executor-1] INFO  client.GrpcClientProtocolClient (GrpcClientProtocolClient.java:onNext(255)) - client-FF34D2C67AC5->3258574c-39ac-4ed5-9145-ea59a337c299: receive RaftClientReply:client-FF34D2C67AC5->3258574c-39ac-4ed5-9145-ea59a337c299@group-6C7D867BDA6A, cid=3309, SUCCESS, logIndex=4635, commits[3258574c-39ac-4ed5-9145-ea59a337c299:c4638]
2019-09-02 06:30:44,849 [grpc-default-executor-1] INFO  client.GrpcClientProtocolClient (GrpcClientProtocolClient.java:onNext(255)) - client-FF34D2C67AC5->3258574c-39ac-4ed5-9145-ea59a337c299: receive RaftClientReply:client-FF34D2C67AC5->3258574c-39ac-4ed5-9145-ea59a337c299@group-6C7D867BDA6A, cid=3310, SUCCESS, logIndex=4636, commits[3258574c-39ac-4ed5-9145-ea59a337c299:c4639]
2019-09-02 06:30:44,849 [grpc-default-executor-1] INFO  client.GrpcClientProtocolClient (GrpcClientProtocolClient.java:onNext(255)) - client-FF34D2C67AC5->3258574c-39ac-4ed5-9145-ea59a337c299: receive RaftClientReply:client-FF34D2C67AC5->3258574c-39ac-4ed5-9145-ea59a337c299@group-6C7D867BDA6A, cid=3311, SUCCESS, logIndex=4637, commits[3258574c-39ac-4ed5-9145-ea59a337c299:c4640]
2019-09-02 06:30:44,850 [grpc-default-executor-1] INFO  client.GrpcClientProtocolClient (GrpcClientProtocolClient.java:onNext(255)) - client-FF34D2C67AC5->3258574c-39ac-4ed5-9145-ea59a337c299: receive RaftClientReply:client-FF34D2C67AC5->3258574c-39ac-4ed5-9145-ea59a337c299@group-6C7D867BDA6A, cid=3312, SUCCESS, logIndex=4638, commits[3258574c-39ac-4ed5-9145-ea59a337c299:c4640]
2019-09-02 06:30:44,876 [SCMBlockDeletingService#1] DEBUG block.SCMBlockDeletingService (SCMBlockDeletingService.java:call(138)) - Running DeletedBlockTransactionScanner
2019-09-02 06:30:44,876 [SCMBlockDeletingService#1] DEBUG block.SCMBlockDeletingService (SCMBlockDeletingService.java:call(155)) - Scanned deleted blocks log and got 0 delTX to process.
2019-09-02 06:30:44,880 [grpc-default-executor-0] INFO  client.GrpcClientProtocolClient (GrpcClientProtocolClient.java:onNext(255)) - client-FF34D2C67AC5->3258574c-39ac-4ed5-9145-ea59a337c299: receive RaftClientReply:client-FF34D2C67AC5->3258574c-39ac-4ed5-9145-ea59a337c299@group-6C7D867BDA6A, cid=3313, SUCCESS, logIndex=4641, commits[3258574c-39ac-4ed5-9145-ea59a337c299:c4642]
2019-09-02 06:30:44,880 [grpc-default-executor-0] INFO  client.GrpcClientProtocolClient (GrpcClientProtocolClient.java:onNext(255)) - client-FF34D2C67AC5->3258574c-39ac-4ed5-9145-ea59a337c299: receive RaftClientReply:client-FF34D2C67AC5->3258574c-39ac-4ed5-9145-ea59a337c299@group-6C7D867BDA6A, cid=3314, SUCCESS, logIndex=4642, commits[3258574c-39ac-4ed5-9145-ea59a337c299:c4643]
2019-09-02 06:30:44,976 [SCMBlockDeletingService#1] DEBUG block.SCMBlockDeletingService (SCMBlockDeletingService.java:call(138)) - Running DeletedBlockTransactionScanner
2019-09-02 06:30:44,977 [SCMBlockDeletingService#1] DEBUG block.SCMBlockDeletingService (SCMBlockDeletingService.java:call(155)) - Scanned deleted blocks log and got 0 delTX to process.
2019-09-02 06:30:45,020 [grpc-default-executor-1] INFO  client.GrpcClientProtocolClient (GrpcClientProtocolClient.java:onNext(255)) - client-FF34D2C67AC5->3258574c-39ac-4ed5-9145-ea59a337c299: receive RaftClientReply:client-FF34D2C67AC5->3258574c-39ac-4ed5-9145-ea59a337c299@group-6C7D867BDA6A, cid=3315, SUCCESS, logIndex=4644, commits[3258574c-39ac-4ed5-9145-ea59a337c299:c4645]
2019-09-02 06:30:45,021 [grpc-default-executor-1] INFO  client.GrpcClientProtocolClient (GrpcClientProtocolClient.java:onNext(255)) - client-FF34D2C67AC5->3258574c-39ac-4ed5-9145-ea59a337c299: receive RaftClientReply:client-FF34D2C67AC5->3258574c-39ac-4ed5-9145-ea59a337c299@group-6C7D867BDA6A, cid=3316, SUCCESS, logIndex=4645, commits[3258574c-39ac-4ed5-9145-ea59a337c299:c4646]
2019-09-02 06:30:45,040 [grpc-default-executor-0] INFO  client.GrpcClientProtocolClient (GrpcClientProtocolClient.java:onNext(255)) - client-FF34D2C67AC5->3258574c-39ac-4ed5-9145-ea59a337c299: receive RaftClientReply:client-FF34D2C67AC5->3258574c-39ac-4ed5-9145-ea59a337c299@group-6C7D867BDA6A, cid=3317, SUCCESS, logIndex=4647, commits[3258574c-39ac-4ed5-9145-ea59a337c299:c4648]
2019-09-02 06:30:45,040 [grpc-default-executor-0] INFO  client.GrpcClientProtocolClient (GrpcClientProtocolClient.java:onNext(255)) - client-FF34D2C67AC5->3258574c-39ac-4ed5-9145-ea59a337c299: receive RaftClientReply:client-FF34D2C67AC5->3258574c-39ac-4ed5-9145-ea59a337c299@group-6C7D867BDA6A, cid=3318, SUCCESS, logIndex=4648, commits[3258574c-39ac-4ed5-9145-ea59a337c299:c4650]
2019-09-02 06:30:45,040 [grpc-default-executor-0] INFO  client.GrpcClientProtocolClient (GrpcClientProtocolClient.java:onNext(255)) - client-FF34D2C67AC5->3258574c-39ac-4ed5-9145-ea59a337c299: receive RaftClientReply:client-FF34D2C67AC5->3258574c-39ac-4ed5-9145-ea59a337c299@group-6C7D867BDA6A, cid=3319, SUCCESS, logIndex=4649, commits[3258574c-39ac-4ed5-9145-ea59a337c299:c4650]
2019-09-02 06:30:45,041 [grpc-default-executor-0] INFO  client.GrpcClientProtocolClient (GrpcClientProtocolClient.java:onNext(255)) - client-FF34D2C67AC5->3258574c-39ac-4ed5-9145-ea59a337c299: receive RaftClientReply:client-FF34D2C67AC5->3258574c-39ac-4ed5-9145-ea59a337c299@group-6C7D867BDA6A, cid=3320, SUCCESS, logIndex=4650, commits[3258574c-39ac-4ed5-9145-ea59a337c299:c4651]
2019-09-02 06:30:45,069 [grpc-default-executor-0] INFO  client.GrpcClientProtocolClient (GrpcClientProtocolClient.java:onNext(255)) - client-FF34D2C67AC5->3258574c-39ac-4ed5-9145-ea59a337c299: receive RaftClientReply:client-FF34D2C67AC5->3258574c-39ac-4ed5-9145-ea59a337c299@group-6C7D867BDA6A, cid=3321, SUCCESS, logIndex=4653, commits[3258574c-39ac-4ed5-9145-ea59a337c299:c4654]
2019-09-02 06:30:45,069 [grpc-default-executor-0] INFO  client.GrpcClientProtocolClient (GrpcClientProtocolClient.java:onNext(255)) - client-FF34D2C67AC5->3258574c-39ac-4ed5-9145-ea59a337c299: receive RaftClientReply:client-FF34D2C67AC5->3258574c-39ac-4ed5-9145-ea59a337c299@group-6C7D867BDA6A, cid=3322, SUCCESS, logIndex=4654, commits[3258574c-39ac-4ed5-9145-ea59a337c299:c4654]
2019-09-02 06:30:45,077 [SCMBlockDeletingService#1] DEBUG block.SCMBlockDeletingService (SCMBlockDeletingService.java:call(138)) - Running DeletedBlockTransactionScanner
2019-09-02 06:30:45,077 [grpc-default-executor-0] INFO  client.GrpcClientProtocolClient (GrpcClientProtocolClient.java:onNext(255)) - client-FF34D2C67AC5->3258574c-39ac-4ed5-9145-ea59a337c299: receive RaftClientReply:client-FF34D2C67AC5->3258574c-39ac-4ed5-9145-ea59a337c299@group-6C7D867BDA6A, cid=3323, SUCCESS, logIndex=4655, commits[3258574c-39ac-4ed5-9145-ea59a337c299:c4656]
2019-09-02 06:30:45,077 [SCMBlockDeletingService#1] DEBUG block.SCMBlockDeletingService (SCMBlockDeletingService.java:call(155)) - Scanned deleted blocks log and got 0 delTX to process.
2019-09-02 06:30:45,077 [grpc-default-executor-0] INFO  client.GrpcClientProtocolClient (GrpcClientProtocolClient.java:onNext(255)) - client-FF34D2C67AC5->3258574c-39ac-4ed5-9145-ea59a337c299: receive RaftClientReply:client-FF34D2C67AC5->3258574c-39ac-4ed5-9145-ea59a337c299@group-6C7D867BDA6A, cid=3324, SUCCESS, logIndex=4656, commits[3258574c-39ac-4ed5-9145-ea59a337c299:c4657]
2019-09-02 06:30:45,097 [grpc-default-executor-1] INFO  client.GrpcClientProtocolClient (GrpcClientProtocolClient.java:onNext(255)) - client-FF34D2C67AC5->3258574c-39ac-4ed5-9145-ea59a337c299: receive RaftClientReply:client-FF34D2C67AC5->3258574c-39ac-4ed5-9145-ea59a337c299@group-6C7D867BDA6A, cid=3325, SUCCESS, logIndex=4659, commits[3258574c-39ac-4ed5-9145-ea59a337c299:c4660]
2019-09-02 06:30:45,097 [grpc-default-executor-1] INFO  client.GrpcClientProtocolClient (GrpcClientProtocolClient.java:onNext(255)) - client-FF34D2C67AC5->3258574c-39ac-4ed5-9145-ea59a337c299: receive RaftClientReply:client-FF34D2C67AC5->3258574c-39ac-4ed5-9145-ea59a337c299@group-6C7D867BDA6A, cid=3326, SUCCESS, logIndex=4660, commits[3258574c-39ac-4ed5-9145-ea59a337c299:c4660]
2019-09-02 06:30:45,098 [grpc-default-executor-1] INFO  client.GrpcClientProtocolClient (GrpcClientProtocolClient.java:onNext(255)) - client-FF34D2C67AC5->3258574c-39ac-4ed5-9145-ea59a337c299: receive RaftClientReply:client-FF34D2C67AC5->3258574c-39ac-4ed5-9145-ea59a337c299@group-6C7D867BDA6A, cid=3327, SUCCESS, logIndex=4661, commits[3258574c-39ac-4ed5-9145-ea59a337c299:c4662]
2019-09-02 06:30:45,099 [grpc-default-executor-1] INFO  client.GrpcClientProtocolClient (GrpcClientProtocolClient.java:onNext(255)) - client-FF34D2C67AC5->3258574c-39ac-4ed5-9145-ea59a337c299: receive RaftClientReply:client-FF34D2C67AC5->3258574c-39ac-4ed5-9145-ea59a337c299@group-6C7D867BDA6A, cid=3328, SUCCESS, logIndex=4662, commits[3258574c-39ac-4ed5-9145-ea59a337c299:c4662]
2019-09-02 06:30:45,129 [grpc-default-executor-0] INFO  client.GrpcClientProtocolClient (GrpcClientProtocolClient.java:onNext(255)) - client-FF34D2C67AC5->3258574c-39ac-4ed5-9145-ea59a337c299: receive RaftClientReply:client-FF34D2C67AC5->3258574c-39ac-4ed5-9145-ea59a337c299@group-6C7D867BDA6A, cid=3329, SUCCESS, logIndex=4665, commits[3258574c-39ac-4ed5-9145-ea59a337c299:c4666]
2019-09-02 06:30:45,129 [grpc-default-executor-0] INFO  client.GrpcClientProtocolClient (GrpcClientProtocolClient.java:onNext(255)) - client-FF34D2C67AC5->3258574c-39ac-4ed5-9145-ea59a337c299: receive RaftClientReply:client-FF34D2C67AC5->3258574c-39ac-4ed5-9145-ea59a337c299@group-6C7D867BDA6A, cid=3330, SUCCESS, logIndex=4666, commits[3258574c-39ac-4ed5-9145-ea59a337c299:c4666]
2019-09-02 06:30:45,130 [grpc-default-executor-0] INFO  client.GrpcClientProtocolClient (GrpcClientProtocolClient.java:onNext(255)) - client-FF34D2C67AC5->3258574c-39ac-4ed5-9145-ea59a337c299: receive RaftClientReply:client-FF34D2C67AC5->3258574c-39ac-4ed5-9145-ea59a337c299@group-6C7D867BDA6A, cid=3331, SUCCESS, logIndex=4667, commits[3258574c-39ac-4ed5-9145-ea59a337c299:c4668]
2019-09-02 06:30:45,130 [grpc-default-executor-0] INFO  client.GrpcClientProtocolClient (GrpcClientProtocolClient.java:onNext(255)) - client-FF34D2C67AC5->3258574c-39ac-4ed5-9145-ea59a337c299: receive RaftClientReply:client-FF34D2C67AC5->3258574c-39ac-4ed5-9145-ea59a337c299@group-6C7D867BDA6A, cid=3332, SUCCESS, logIndex=4668, commits[3258574c-39ac-4ed5-9145-ea59a337c299:c4668]
2019-09-02 06:30:45,142 [grpc-default-executor-1] INFO  client.GrpcClientProtocolClient (GrpcClientProtocolClient.java:onNext(255)) - client-FF34D2C67AC5->3258574c-39ac-4ed5-9145-ea59a337c299: receive RaftClientReply:client-FF34D2C67AC5->3258574c-39ac-4ed5-9145-ea59a337c299@group-6C7D867BDA6A, cid=3333, SUCCESS, logIndex=4671, commits[3258574c-39ac-4ed5-9145-ea59a337c299:c4674]
2019-09-02 06:30:45,142 [grpc-default-executor-1] INFO  client.GrpcClientProtocolClient (GrpcClientProtocolClient.java:onNext(255)) - client-FF34D2C67AC5->3258574c-39ac-4ed5-9145-ea59a337c299: receive RaftClientReply:client-FF34D2C67AC5->3258574c-39ac-4ed5-9145-ea59a337c299@group-6C7D867BDA6A, cid=3334, SUCCESS, logIndex=4672, commits[3258574c-39ac-4ed5-9145-ea59a337c299:c4675]
2019-09-02 06:30:45,143 [grpc-default-executor-1] INFO  client.GrpcClientProtocolClient (GrpcClientProtocolClient.java:onNext(255)) - client-FF34D2C67AC5->3258574c-39ac-4ed5-9145-ea59a337c299: receive RaftClientReply:client-FF34D2C67AC5->3258574c-39ac-4ed5-9145-ea59a337c299@group-6C7D867BDA6A, cid=3335, SUCCESS, logIndex=4673, commits[3258574c-39ac-4ed5-9145-ea59a337c299:c4675]
2019-09-02 06:30:45,143 [grpc-default-executor-1] INFO  client.GrpcClientProtocolClient (GrpcClientProtocolClient.java:onNext(255)) - client-FF34D2C67AC5->3258574c-39ac-4ed5-9145-ea59a337c299: receive RaftClientReply:client-FF34D2C67AC5->3258574c-39ac-4ed5-9145-ea59a337c299@group-6C7D867BDA6A, cid=3336, SUCCESS, logIndex=4674, commits[3258574c-39ac-4ed5-9145-ea59a337c299:c4675]
2019-09-02 06:30:45,170 [grpc-default-executor-0] INFO  client.GrpcClientProtocolClient (GrpcClientProtocolClient.java:onNext(255)) - client-FF34D2C67AC5->3258574c-39ac-4ed5-9145-ea59a337c299: receive RaftClientReply:client-FF34D2C67AC5->3258574c-39ac-4ed5-9145-ea59a337c299@group-6C7D867BDA6A, cid=3337, SUCCESS, logIndex=4676, commits[3258574c-39ac-4ed5-9145-ea59a337c299:c4677]
2019-09-02 06:30:45,171 [grpc-default-executor-0] INFO  client.GrpcClientProtocolClient (GrpcClientProtocolClient.java:onNext(255)) - client-FF34D2C67AC5->3258574c-39ac-4ed5-9145-ea59a337c299: receive RaftClientReply:client-FF34D2C67AC5->3258574c-39ac-4ed5-9145-ea59a337c299@group-6C7D867BDA6A, cid=3338, SUCCESS, logIndex=4677, commits[3258574c-39ac-4ed5-9145-ea59a337c299:c4679]
2019-09-02 06:30:45,171 [grpc-default-executor-0] INFO  client.GrpcClientProtocolClient (GrpcClientProtocolClient.java:onNext(255)) - client-FF34D2C67AC5->3258574c-39ac-4ed5-9145-ea59a337c299: receive RaftClientReply:client-FF34D2C67AC5->3258574c-39ac-4ed5-9145-ea59a337c299@group-6C7D867BDA6A, cid=3339, SUCCESS, logIndex=4678, commits[3258574c-39ac-4ed5-9145-ea59a337c299:c4680]
2019-09-02 06:30:45,171 [grpc-default-executor-0] INFO  client.GrpcClientProtocolClient (GrpcClientProtocolClient.java:onNext(255)) - client-FF34D2C67AC5->3258574c-39ac-4ed5-9145-ea59a337c299: receive RaftClientReply:client-FF34D2C67AC5->3258574c-39ac-4ed5-9145-ea59a337c299@group-6C7D867BDA6A, cid=3340, SUCCESS, logIndex=4679, commits[3258574c-39ac-4ed5-9145-ea59a337c299:c4681]
2019-09-02 06:30:45,177 [SCMBlockDeletingService#1] DEBUG block.SCMBlockDeletingService (SCMBlockDeletingService.java:call(138)) - Running DeletedBlockTransactionScanner
2019-09-02 06:30:45,178 [SCMBlockDeletingService#1] DEBUG block.SCMBlockDeletingService (SCMBlockDeletingService.java:call(155)) - Scanned deleted blocks log and got 0 delTX to process.
2019-09-02 06:30:45,189 [grpc-default-executor-1] INFO  client.GrpcClientProtocolClient (GrpcClientProtocolClient.java:onNext(255)) - client-FF34D2C67AC5->3258574c-39ac-4ed5-9145-ea59a337c299: receive RaftClientReply:client-FF34D2C67AC5->3258574c-39ac-4ed5-9145-ea59a337c299@group-6C7D867BDA6A, cid=3341, SUCCESS, logIndex=4682, commits[3258574c-39ac-4ed5-9145-ea59a337c299:c4683]
2019-09-02 06:30:45,189 [grpc-default-executor-1] INFO  client.GrpcClientProtocolClient (GrpcClientProtocolClient.java:onNext(255)) - client-FF34D2C67AC5->3258574c-39ac-4ed5-9145-ea59a337c299: receive RaftClientReply:client-FF34D2C67AC5->3258574c-39ac-4ed5-9145-ea59a337c299@group-6C7D867BDA6A, cid=3342, SUCCESS, logIndex=4683, commits[3258574c-39ac-4ed5-9145-ea59a337c299:c4683]
2019-09-02 06:30:45,191 [grpc-default-executor-1] INFO  client.GrpcClientProtocolClient (GrpcClientProtocolClient.java:onNext(255)) - client-FF34D2C67AC5->3258574c-39ac-4ed5-9145-ea59a337c299: receive RaftClientReply:client-FF34D2C67AC5->3258574c-39ac-4ed5-9145-ea59a337c299@group-6C7D867BDA6A, cid=3343, SUCCESS, logIndex=4684, commits[3258574c-39ac-4ed5-9145-ea59a337c299:c4685]
2019-09-02 06:30:45,191 [grpc-default-executor-1] INFO  client.GrpcClientProtocolClient (GrpcClientProtocolClient.java:onNext(255)) - client-FF34D2C67AC5->3258574c-39ac-4ed5-9145-ea59a337c299: receive RaftClientReply:client-FF34D2C67AC5->3258574c-39ac-4ed5-9145-ea59a337c299@group-6C7D867BDA6A, cid=3344, SUCCESS, logIndex=4685, commits[3258574c-39ac-4ed5-9145-ea59a337c299:c4685]
2019-09-02 06:30:45,217 [grpc-default-executor-0] INFO  client.GrpcClientProtocolClient (GrpcClientProtocolClient.java:onNext(255)) - client-FF34D2C67AC5->3258574c-39ac-4ed5-9145-ea59a337c299: receive RaftClientReply:client-FF34D2C67AC5->3258574c-39ac-4ed5-9145-ea59a337c299@group-6C7D867BDA6A, cid=3345, SUCCESS, logIndex=4688, commits[3258574c-39ac-4ed5-9145-ea59a337c299:c4689]
2019-09-02 06:30:45,217 [grpc-default-executor-0] INFO  client.GrpcClientProtocolClient (GrpcClientProtocolClient.java:onNext(255)) - client-FF34D2C67AC5->3258574c-39ac-4ed5-9145-ea59a337c299: receive RaftClientReply:client-FF34D2C67AC5->3258574c-39ac-4ed5-9145-ea59a337c299@group-6C7D867BDA6A, cid=3346, SUCCESS, logIndex=4689, commits[3258574c-39ac-4ed5-9145-ea59a337c299:c4691]
2019-09-02 06:30:45,217 [grpc-default-executor-0] INFO  client.GrpcClientProtocolClient (GrpcClientProtocolClient.java:onNext(255)) - client-FF34D2C67AC5->3258574c-39ac-4ed5-9145-ea59a337c299: receive RaftClientReply:client-FF34D2C67AC5->3258574c-39ac-4ed5-9145-ea59a337c299@group-6C7D867BDA6A, cid=3347, SUCCESS, logIndex=4690, commits[3258574c-39ac-4ed5-9145-ea59a337c299:c4691]
2019-09-02 06:30:45,218 [grpc-default-executor-0] INFO  client.GrpcClientProtocolClient (GrpcClientProtocolClient.java:onNext(255)) - client-FF34D2C67AC5->3258574c-39ac-4ed5-9145-ea59a337c299: receive RaftClientReply:client-FF34D2C67AC5->3258574c-39ac-4ed5-9145-ea59a337c299@group-6C7D867BDA6A, cid=3348, SUCCESS, logIndex=4691, commits[3258574c-39ac-4ed5-9145-ea59a337c299:c4692]
2019-09-02 06:30:45,311 [SCMBlockDeletingService#1] DEBUG block.SCMBlockDeletingService (SCMBlockDeletingService.java:call(138)) - Running DeletedBlockTransactionScanner
2019-09-02 06:30:45,311 [SCMBlockDeletingService#1] DEBUG block.SCMBlockDeletingService (SCMBlockDeletingService.java:call(155)) - Scanned deleted blocks log and got 0 delTX to process.
2019-09-02 06:30:45,326 [grpc-default-executor-1] INFO  client.GrpcClientProtocolClient (GrpcClientProtocolClient.java:onNext(255)) - client-FF34D2C67AC5->3258574c-39ac-4ed5-9145-ea59a337c299: receive RaftClientReply:client-FF34D2C67AC5->3258574c-39ac-4ed5-9145-ea59a337c299@group-6C7D867BDA6A, cid=3349, SUCCESS, logIndex=4694, commits[3258574c-39ac-4ed5-9145-ea59a337c299:c4695]
2019-09-02 06:30:45,327 [grpc-default-executor-1] INFO  client.GrpcClientProtocolClient (GrpcClientProtocolClient.java:onNext(255)) - client-FF34D2C67AC5->3258574c-39ac-4ed5-9145-ea59a337c299: receive RaftClientReply:client-FF34D2C67AC5->3258574c-39ac-4ed5-9145-ea59a337c299@group-6C7D867BDA6A, cid=3350, SUCCESS, logIndex=4695, commits[3258574c-39ac-4ed5-9145-ea59a337c299:c4697]
2019-09-02 06:30:45,327 [grpc-default-executor-1] INFO  client.GrpcClientProtocolClient (GrpcClientProtocolClient.java:onNext(255)) - client-FF34D2C67AC5->3258574c-39ac-4ed5-9145-ea59a337c299: receive RaftClientReply:client-FF34D2C67AC5->3258574c-39ac-4ed5-9145-ea59a337c299@group-6C7D867BDA6A, cid=3351, SUCCESS, logIndex=4696, commits[3258574c-39ac-4ed5-9145-ea59a337c299:c4697]
2019-09-02 06:30:45,327 [grpc-default-executor-1] INFO  client.GrpcClientProtocolClient (GrpcClientProtocolClient.java:onNext(255)) - client-FF34D2C67AC5->3258574c-39ac-4ed5-9145-ea59a337c299: receive RaftClientReply:client-FF34D2C67AC5->3258574c-39ac-4ed5-9145-ea59a337c299@group-6C7D867BDA6A, cid=3352, SUCCESS, logIndex=4697, commits[3258574c-39ac-4ed5-9145-ea59a337c299:c4697]
2019-09-02 06:30:45,358 [grpc-default-executor-1] INFO  client.GrpcClientProtocolClient (GrpcClientProtocolClient.java:onNext(255)) - client-FF34D2C67AC5->3258574c-39ac-4ed5-9145-ea59a337c299: receive RaftClientReply:client-FF34D2C67AC5->3258574c-39ac-4ed5-9145-ea59a337c299@group-6C7D867BDA6A, cid=3353, SUCCESS, logIndex=4700, commits[3258574c-39ac-4ed5-9145-ea59a337c299:c4701]
2019-09-02 06:30:45,358 [grpc-default-executor-1] INFO  client.GrpcClientProtocolClient (GrpcClientProtocolClient.java:onNext(255)) - client-FF34D2C67AC5->3258574c-39ac-4ed5-9145-ea59a337c299: receive RaftClientReply:client-FF34D2C67AC5->3258574c-39ac-4ed5-9145-ea59a337c299@group-6C7D867BDA6A, cid=3354, SUCCESS, logIndex=4701, commits[3258574c-39ac-4ed5-9145-ea59a337c299:c4701]
2019-09-02 06:30:45,359 [grpc-default-executor-1] INFO  client.GrpcClientProtocolClient (GrpcClientProtocolClient.java:onNext(255)) - client-FF34D2C67AC5->3258574c-39ac-4ed5-9145-ea59a337c299: receive RaftClientReply:client-FF34D2C67AC5->3258574c-39ac-4ed5-9145-ea59a337c299@group-6C7D867BDA6A, cid=3355, SUCCESS, logIndex=4702, commits[3258574c-39ac-4ed5-9145-ea59a337c299:c4703]
2019-09-02 06:30:45,360 [grpc-default-executor-1] INFO  client.GrpcClientProtocolClient (GrpcClientProtocolClient.java:onNext(255)) - client-FF34D2C67AC5->3258574c-39ac-4ed5-9145-ea59a337c299: receive RaftClientReply:client-FF34D2C67AC5->3258574c-39ac-4ed5-9145-ea59a337c299@group-6C7D867BDA6A, cid=3356, SUCCESS, logIndex=4703, commits[3258574c-39ac-4ed5-9145-ea59a337c299:c4703]
2019-09-02 06:30:45,371 [grpc-default-executor-1] INFO  client.GrpcClientProtocolClient (GrpcClientProtocolClient.java:onNext(255)) - client-FF34D2C67AC5->3258574c-39ac-4ed5-9145-ea59a337c299: receive RaftClientReply:client-FF34D2C67AC5->3258574c-39ac-4ed5-9145-ea59a337c299@group-6C7D867BDA6A, cid=3357, SUCCESS, logIndex=4706, commits[3258574c-39ac-4ed5-9145-ea59a337c299:c4707]
2019-09-02 06:30:45,371 [grpc-default-executor-1] INFO  client.GrpcClientProtocolClient (GrpcClientProtocolClient.java:onNext(255)) - client-FF34D2C67AC5->3258574c-39ac-4ed5-9145-ea59a337c299: receive RaftClientReply:client-FF34D2C67AC5->3258574c-39ac-4ed5-9145-ea59a337c299@group-6C7D867BDA6A, cid=3358, SUCCESS, logIndex=4707, commits[3258574c-39ac-4ed5-9145-ea59a337c299:c4708]
2019-09-02 06:30:45,411 [SCMBlockDeletingService#1] DEBUG block.SCMBlockDeletingService (SCMBlockDeletingService.java:call(138)) - Running DeletedBlockTransactionScanner
2019-09-02 06:30:45,411 [SCMBlockDeletingService#1] DEBUG block.SCMBlockDeletingService (SCMBlockDeletingService.java:call(155)) - Scanned deleted blocks log and got 0 delTX to process.
2019-09-02 06:30:45,499 [grpc-default-executor-0] INFO  client.GrpcClientProtocolClient (GrpcClientProtocolClient.java:onNext(255)) - client-FF34D2C67AC5->3258574c-39ac-4ed5-9145-ea59a337c299: receive RaftClientReply:client-FF34D2C67AC5->3258574c-39ac-4ed5-9145-ea59a337c299@group-6C7D867BDA6A, cid=3359, SUCCESS, logIndex=4709, commits[3258574c-39ac-4ed5-9145-ea59a337c299:c4710]
2019-09-02 06:30:45,499 [grpc-default-executor-0] INFO  client.GrpcClientProtocolClient (GrpcClientProtocolClient.java:onNext(255)) - client-FF34D2C67AC5->3258574c-39ac-4ed5-9145-ea59a337c299: receive RaftClientReply:client-FF34D2C67AC5->3258574c-39ac-4ed5-9145-ea59a337c299@group-6C7D867BDA6A, cid=3360, SUCCESS, logIndex=4710, commits[3258574c-39ac-4ed5-9145-ea59a337c299:c4711]
2019-09-02 06:30:45,512 [SCMBlockDeletingService#1] DEBUG block.SCMBlockDeletingService (SCMBlockDeletingService.java:call(138)) - Running DeletedBlockTransactionScanner
2019-09-02 06:30:45,512 [SCMBlockDeletingService#1] DEBUG block.SCMBlockDeletingService (SCMBlockDeletingService.java:call(155)) - Scanned deleted blocks log and got 0 delTX to process.
2019-09-02 06:30:45,529 [grpc-default-executor-1] INFO  client.GrpcClientProtocolClient (GrpcClientProtocolClient.java:onNext(255)) - client-FF34D2C67AC5->3258574c-39ac-4ed5-9145-ea59a337c299: receive RaftClientReply:client-FF34D2C67AC5->3258574c-39ac-4ed5-9145-ea59a337c299@group-6C7D867BDA6A, cid=3361, SUCCESS, logIndex=4712, commits[3258574c-39ac-4ed5-9145-ea59a337c299:c4715]
2019-09-02 06:30:45,529 [grpc-default-executor-1] INFO  client.GrpcClientProtocolClient (GrpcClientProtocolClient.java:onNext(255)) - client-FF34D2C67AC5->3258574c-39ac-4ed5-9145-ea59a337c299: receive RaftClientReply:client-FF34D2C67AC5->3258574c-39ac-4ed5-9145-ea59a337c299@group-6C7D867BDA6A, cid=3362, SUCCESS, logIndex=4713, commits[3258574c-39ac-4ed5-9145-ea59a337c299:c4716]
2019-09-02 06:30:45,530 [grpc-default-executor-1] INFO  client.GrpcClientProtocolClient (GrpcClientProtocolClient.java:onNext(255)) - client-FF34D2C67AC5->3258574c-39ac-4ed5-9145-ea59a337c299: receive RaftClientReply:client-FF34D2C67AC5->3258574c-39ac-4ed5-9145-ea59a337c299@group-6C7D867BDA6A, cid=3363, SUCCESS, logIndex=4714, commits[3258574c-39ac-4ed5-9145-ea59a337c299:c4716]
2019-09-02 06:30:45,530 [grpc-default-executor-1] INFO  client.GrpcClientProtocolClient (GrpcClientProtocolClient.java:onNext(255)) - client-FF34D2C67AC5->3258574c-39ac-4ed5-9145-ea59a337c299: receive RaftClientReply:client-FF34D2C67AC5->3258574c-39ac-4ed5-9145-ea59a337c299@group-6C7D867BDA6A, cid=3364, SUCCESS, logIndex=4715, commits[3258574c-39ac-4ed5-9145-ea59a337c299:c4716]
2019-09-02 06:30:45,550 [grpc-default-executor-1] INFO  client.GrpcClientProtocolClient (GrpcClientProtocolClient.java:onNext(255)) - client-FF34D2C67AC5->3258574c-39ac-4ed5-9145-ea59a337c299: receive RaftClientReply:client-FF34D2C67AC5->3258574c-39ac-4ed5-9145-ea59a337c299@group-6C7D867BDA6A, cid=3365, SUCCESS, logIndex=4717, commits[3258574c-39ac-4ed5-9145-ea59a337c299:c4720]
2019-09-02 06:30:45,551 [grpc-default-executor-1] INFO  client.GrpcClientProtocolClient (GrpcClientProtocolClient.java:onNext(255)) - client-FF34D2C67AC5->3258574c-39ac-4ed5-9145-ea59a337c299: receive RaftClientReply:client-FF34D2C67AC5->3258574c-39ac-4ed5-9145-ea59a337c299@group-6C7D867BDA6A, cid=3366, SUCCESS, logIndex=4718, commits[3258574c-39ac-4ed5-9145-ea59a337c299:c4721]
2019-09-02 06:30:45,551 [grpc-default-executor-1] INFO  client.GrpcClientProtocolClient (GrpcClientProtocolClient.java:onNext(255)) - client-FF34D2C67AC5->3258574c-39ac-4ed5-9145-ea59a337c299: receive RaftClientReply:client-FF34D2C67AC5->3258574c-39ac-4ed5-9145-ea59a337c299@group-6C7D867BDA6A, cid=3367, SUCCESS, logIndex=4719, commits[3258574c-39ac-4ed5-9145-ea59a337c299:c4721]
2019-09-02 06:30:45,552 [grpc-default-executor-1] INFO  client.GrpcClientProtocolClient (GrpcClientProtocolClient.java:onNext(255)) - client-FF34D2C67AC5->3258574c-39ac-4ed5-9145-ea59a337c299: receive RaftClientReply:client-FF34D2C67AC5->3258574c-39ac-4ed5-9145-ea59a337c299@group-6C7D867BDA6A, cid=3368, SUCCESS, logIndex=4720, commits[3258574c-39ac-4ed5-9145-ea59a337c299:c4721]
2019-09-02 06:30:45,584 [grpc-default-executor-0] INFO  client.GrpcClientProtocolClient (GrpcClientProtocolClient.java:onNext(255)) - client-FF34D2C67AC5->3258574c-39ac-4ed5-9145-ea59a337c299: receive RaftClientReply:client-FF34D2C67AC5->3258574c-39ac-4ed5-9145-ea59a337c299@group-6C7D867BDA6A, cid=3369, SUCCESS, logIndex=4722, commits[3258574c-39ac-4ed5-9145-ea59a337c299:c4725]
2019-09-02 06:30:45,584 [grpc-default-executor-0] INFO  client.GrpcClientProtocolClient (GrpcClientProtocolClient.java:onNext(255)) - client-FF34D2C67AC5->3258574c-39ac-4ed5-9145-ea59a337c299: receive RaftClientReply:client-FF34D2C67AC5->3258574c-39ac-4ed5-9145-ea59a337c299@group-6C7D867BDA6A, cid=3370, SUCCESS, logIndex=4723, commits[3258574c-39ac-4ed5-9145-ea59a337c299:c4726]
2019-09-02 06:30:45,585 [grpc-default-executor-0] INFO  client.GrpcClientProtocolClient (GrpcClientProtocolClient.java:onNext(255)) - client-FF34D2C67AC5->3258574c-39ac-4ed5-9145-ea59a337c299: receive RaftClientReply:client-FF34D2C67AC5->3258574c-39ac-4ed5-9145-ea59a337c299@group-6C7D867BDA6A, cid=3371, SUCCESS, logIndex=4724, commits[3258574c-39ac-4ed5-9145-ea59a337c299:c4726]
2019-09-02 06:30:45,585 [grpc-default-executor-0] INFO  client.GrpcClientProtocolClient (GrpcClientProtocolClient.java:onNext(255)) - client-FF34D2C67AC5->3258574c-39ac-4ed5-9145-ea59a337c299: receive RaftClientReply:client-FF34D2C67AC5->3258574c-39ac-4ed5-9145-ea59a337c299@group-6C7D867BDA6A, cid=3372, SUCCESS, logIndex=4725, commits[3258574c-39ac-4ed5-9145-ea59a337c299:c4726]
2019-09-02 06:30:45,612 [SCMBlockDeletingService#1] DEBUG block.SCMBlockDeletingService (SCMBlockDeletingService.java:call(138)) - Running DeletedBlockTransactionScanner
2019-09-02 06:30:45,613 [SCMBlockDeletingService#1] DEBUG block.SCMBlockDeletingService (SCMBlockDeletingService.java:call(155)) - Scanned deleted blocks log and got 0 delTX to process.
2019-09-02 06:30:45,615 [grpc-default-executor-0] INFO  client.GrpcClientProtocolClient (GrpcClientProtocolClient.java:onNext(255)) - client-FF34D2C67AC5->3258574c-39ac-4ed5-9145-ea59a337c299: receive RaftClientReply:client-FF34D2C67AC5->3258574c-39ac-4ed5-9145-ea59a337c299@group-6C7D867BDA6A, cid=3373, SUCCESS, logIndex=4727, commits[3258574c-39ac-4ed5-9145-ea59a337c299:c4728]
2019-09-02 06:30:45,616 [grpc-default-executor-0] INFO  client.GrpcClientProtocolClient (GrpcClientProtocolClient.java:onNext(255)) - client-FF34D2C67AC5->3258574c-39ac-4ed5-9145-ea59a337c299: receive RaftClientReply:client-FF34D2C67AC5->3258574c-39ac-4ed5-9145-ea59a337c299@group-6C7D867BDA6A, cid=3374, SUCCESS, logIndex=4728, commits[3258574c-39ac-4ed5-9145-ea59a337c299:c4730]
2019-09-02 06:30:45,616 [grpc-default-executor-0] INFO  client.GrpcClientProtocolClient (GrpcClientProtocolClient.java:onNext(255)) - client-FF34D2C67AC5->3258574c-39ac-4ed5-9145-ea59a337c299: receive RaftClientReply:client-FF34D2C67AC5->3258574c-39ac-4ed5-9145-ea59a337c299@group-6C7D867BDA6A, cid=3375, SUCCESS, logIndex=4729, commits[3258574c-39ac-4ed5-9145-ea59a337c299:c4731]
2019-09-02 06:30:45,617 [grpc-default-executor-0] INFO  client.GrpcClientProtocolClient (GrpcClientProtocolClient.java:onNext(255)) - client-FF34D2C67AC5->3258574c-39ac-4ed5-9145-ea59a337c299: receive RaftClientReply:client-FF34D2C67AC5->3258574c-39ac-4ed5-9145-ea59a337c299@group-6C7D867BDA6A, cid=3376, SUCCESS, logIndex=4730, commits[3258574c-39ac-4ed5-9145-ea59a337c299:c4731]
2019-09-02 06:30:45,649 [grpc-default-executor-0] INFO  client.GrpcClientProtocolClient (GrpcClientProtocolClient.java:onNext(255)) - client-FF34D2C67AC5->3258574c-39ac-4ed5-9145-ea59a337c299: receive RaftClientReply:client-FF34D2C67AC5->3258574c-39ac-4ed5-9145-ea59a337c299@group-6C7D867BDA6A, cid=3377, SUCCESS, logIndex=4733, commits[3258574c-39ac-4ed5-9145-ea59a337c299:c4734]
2019-09-02 06:30:45,650 [grpc-default-executor-0] INFO  client.GrpcClientProtocolClient (GrpcClientProtocolClient.java:onNext(255)) - client-FF34D2C67AC5->3258574c-39ac-4ed5-9145-ea59a337c299: receive RaftClientReply:client-FF34D2C67AC5->3258574c-39ac-4ed5-9145-ea59a337c299@group-6C7D867BDA6A, cid=3378, SUCCESS, logIndex=4734, commits[3258574c-39ac-4ed5-9145-ea59a337c299:c4736]
2019-09-02 06:30:45,650 [grpc-default-executor-0] INFO  client.GrpcClientProtocolClient (GrpcClientProtocolClient.java:onNext(255)) - client-FF34D2C67AC5->3258574c-39ac-4ed5-9145-ea59a337c299: receive RaftClientReply:client-FF34D2C67AC5->3258574c-39ac-4ed5-9145-ea59a337c299@group-6C7D867BDA6A, cid=3379, SUCCESS, logIndex=4735, commits[3258574c-39ac-4ed5-9145-ea59a337c299:c4737]
2019-09-02 06:30:45,650 [grpc-default-executor-0] INFO  client.GrpcClientProtocolClient (GrpcClientProtocolClient.java:onNext(255)) - client-FF34D2C67AC5->3258574c-39ac-4ed5-9145-ea59a337c299: receive RaftClientReply:client-FF34D2C67AC5->3258574c-39ac-4ed5-9145-ea59a337c299@group-6C7D867BDA6A, cid=3380, SUCCESS, logIndex=4736, commits[3258574c-39ac-4ed5-9145-ea59a337c299:c4737]
2019-09-02 06:30:45,670 [grpc-default-executor-0] INFO  client.GrpcClientProtocolClient (GrpcClientProtocolClient.java:onNext(255)) - client-FF34D2C67AC5->3258574c-39ac-4ed5-9145-ea59a337c299: receive RaftClientReply:client-FF34D2C67AC5->3258574c-39ac-4ed5-9145-ea59a337c299@group-6C7D867BDA6A, cid=3381, SUCCESS, logIndex=4739, commits[3258574c-39ac-4ed5-9145-ea59a337c299:c4740]
2019-09-02 06:30:45,671 [grpc-default-executor-0] INFO  client.GrpcClientProtocolClient (GrpcClientProtocolClient.java:onNext(255)) - client-FF34D2C67AC5->3258574c-39ac-4ed5-9145-ea59a337c299: receive RaftClientReply:client-FF34D2C67AC5->3258574c-39ac-4ed5-9145-ea59a337c299@group-6C7D867BDA6A, cid=3382, SUCCESS, logIndex=4740, commits[3258574c-39ac-4ed5-9145-ea59a337c299:c4742]
2019-09-02 06:30:45,671 [grpc-default-executor-0] INFO  client.GrpcClientProtocolClient (GrpcClientProtocolClient.java:onNext(255)) - client-FF34D2C67AC5->3258574c-39ac-4ed5-9145-ea59a337c299: receive RaftClientReply:client-FF34D2C67AC5->3258574c-39ac-4ed5-9145-ea59a337c299@group-6C7D867BDA6A, cid=3383, SUCCESS, logIndex=4741, commits[3258574c-39ac-4ed5-9145-ea59a337c299:c4743]
2019-09-02 06:30:45,672 [grpc-default-executor-0] INFO  client.GrpcClientProtocolClient (GrpcClientProtocolClient.java:onNext(255)) - client-FF34D2C67AC5->3258574c-39ac-4ed5-9145-ea59a337c299: receive RaftClientReply:client-FF34D2C67AC5->3258574c-39ac-4ed5-9145-ea59a337c299@group-6C7D867BDA6A, cid=3384, SUCCESS, logIndex=4742, commits[3258574c-39ac-4ed5-9145-ea59a337c299:c4744]
2019-09-02 06:30:45,701 [grpc-default-executor-1] INFO  client.GrpcClientProtocolClient (GrpcClientProtocolClient.java:onNext(255)) - client-FF34D2C67AC5->3258574c-39ac-4ed5-9145-ea59a337c299: receive RaftClientReply:client-FF34D2C67AC5->3258574c-39ac-4ed5-9145-ea59a337c299@group-6C7D867BDA6A, cid=3385, SUCCESS, logIndex=4745, commits[3258574c-39ac-4ed5-9145-ea59a337c299:c4746]
2019-09-02 06:30:45,701 [grpc-default-executor-1] INFO  client.GrpcClientProtocolClient (GrpcClientProtocolClient.java:onNext(255)) - client-FF34D2C67AC5->3258574c-39ac-4ed5-9145-ea59a337c299: receive RaftClientReply:client-FF34D2C67AC5->3258574c-39ac-4ed5-9145-ea59a337c299@group-6C7D867BDA6A, cid=3386, SUCCESS, logIndex=4746, commits[3258574c-39ac-4ed5-9145-ea59a337c299:c4748]
2019-09-02 06:30:45,702 [grpc-default-executor-1] INFO  client.GrpcClientProtocolClient (GrpcClientProtocolClient.java:onNext(255)) - client-FF34D2C67AC5->3258574c-39ac-4ed5-9145-ea59a337c299: receive RaftClientReply:client-FF34D2C67AC5->3258574c-39ac-4ed5-9145-ea59a337c299@group-6C7D867BDA6A, cid=3387, SUCCESS, logIndex=4747, commits[3258574c-39ac-4ed5-9145-ea59a337c299:c4749]
2019-09-02 06:30:45,702 [grpc-default-executor-1] INFO  client.GrpcClientProtocolClient (GrpcClientProtocolClient.java:onNext(255)) - client-FF34D2C67AC5->3258574c-39ac-4ed5-9145-ea59a337c299: receive RaftClientReply:client-FF34D2C67AC5->3258574c-39ac-4ed5-9145-ea59a337c299@group-6C7D867BDA6A, cid=3388, SUCCESS, logIndex=4748, commits[3258574c-39ac-4ed5-9145-ea59a337c299:c4749]
2019-09-02 06:30:45,713 [SCMBlockDeletingService#1] DEBUG block.SCMBlockDeletingService (SCMBlockDeletingService.java:call(138)) - Running DeletedBlockTransactionScanner
2019-09-02 06:30:45,713 [SCMBlockDeletingService#1] DEBUG block.SCMBlockDeletingService (SCMBlockDeletingService.java:call(155)) - Scanned deleted blocks log and got 0 delTX to process.
2019-09-02 06:30:45,723 [grpc-default-executor-0] INFO  client.GrpcClientProtocolClient (GrpcClientProtocolClient.java:onNext(255)) - client-FF34D2C67AC5->3258574c-39ac-4ed5-9145-ea59a337c299: receive RaftClientReply:client-FF34D2C67AC5->3258574c-39ac-4ed5-9145-ea59a337c299@group-6C7D867BDA6A, cid=3389, SUCCESS, logIndex=4751, commits[3258574c-39ac-4ed5-9145-ea59a337c299:c4754]
2019-09-02 06:30:45,724 [grpc-default-executor-0] INFO  client.GrpcClientProtocolClient (GrpcClientProtocolClient.java:onNext(255)) - client-FF34D2C67AC5->3258574c-39ac-4ed5-9145-ea59a337c299: receive RaftClientReply:client-FF34D2C67AC5->3258574c-39ac-4ed5-9145-ea59a337c299@group-6C7D867BDA6A, cid=3390, SUCCESS, logIndex=4752, commits[3258574c-39ac-4ed5-9145-ea59a337c299:c4755]
2019-09-02 06:30:45,724 [grpc-default-executor-0] INFO  client.GrpcClientProtocolClient (GrpcClientProtocolClient.java:onNext(255)) - client-FF34D2C67AC5->3258574c-39ac-4ed5-9145-ea59a337c299: receive RaftClientReply:client-FF34D2C67AC5->3258574c-39ac-4ed5-9145-ea59a337c299@group-6C7D867BDA6A, cid=3391, SUCCESS, logIndex=4753, commits[3258574c-39ac-4ed5-9145-ea59a337c299:c4755]
2019-09-02 06:30:45,724 [grpc-default-executor-0] INFO  client.GrpcClientProtocolClient (GrpcClientProtocolClient.java:onNext(255)) - client-FF34D2C67AC5->3258574c-39ac-4ed5-9145-ea59a337c299: receive RaftClientReply:client-FF34D2C67AC5->3258574c-39ac-4ed5-9145-ea59a337c299@group-6C7D867BDA6A, cid=3392, SUCCESS, logIndex=4754, commits[3258574c-39ac-4ed5-9145-ea59a337c299:c4755]
2019-09-02 06:30:45,756 [grpc-default-executor-0] INFO  client.GrpcClientProtocolClient (GrpcClientProtocolClient.java:onNext(255)) - client-FF34D2C67AC5->3258574c-39ac-4ed5-9145-ea59a337c299: receive RaftClientReply:client-FF34D2C67AC5->3258574c-39ac-4ed5-9145-ea59a337c299@group-6C7D867BDA6A, cid=3393, SUCCESS, logIndex=4756, commits[3258574c-39ac-4ed5-9145-ea59a337c299:c4759]
2019-09-02 06:30:45,757 [grpc-default-executor-0] INFO  client.GrpcClientProtocolClient (GrpcClientProtocolClient.java:onNext(255)) - client-FF34D2C67AC5->3258574c-39ac-4ed5-9145-ea59a337c299: receive RaftClientReply:client-FF34D2C67AC5->3258574c-39ac-4ed5-9145-ea59a337c299@group-6C7D867BDA6A, cid=3394, SUCCESS, logIndex=4757, commits[3258574c-39ac-4ed5-9145-ea59a337c299:c4760]
2019-09-02 06:30:45,757 [grpc-default-executor-0] INFO  client.GrpcClientProtocolClient (GrpcClientProtocolClient.java:onNext(255)) - client-FF34D2C67AC5->3258574c-39ac-4ed5-9145-ea59a337c299: receive RaftClientReply:client-FF34D2C67AC5->3258574c-39ac-4ed5-9145-ea59a337c299@group-6C7D867BDA6A, cid=3395, SUCCESS, logIndex=4758, commits[3258574c-39ac-4ed5-9145-ea59a337c299:c4760]
2019-09-02 06:30:45,757 [grpc-default-executor-0] INFO  client.GrpcClientProtocolClient (GrpcClientProtocolClient.java:onNext(255)) - client-FF34D2C67AC5->3258574c-39ac-4ed5-9145-ea59a337c299: receive RaftClientReply:client-FF34D2C67AC5->3258574c-39ac-4ed5-9145-ea59a337c299@group-6C7D867BDA6A, cid=3396, SUCCESS, logIndex=4759, commits[3258574c-39ac-4ed5-9145-ea59a337c299:c4760]
2019-09-02 06:30:45,778 [grpc-default-executor-0] INFO  client.GrpcClientProtocolClient (GrpcClientProtocolClient.java:onNext(255)) - client-FF34D2C67AC5->3258574c-39ac-4ed5-9145-ea59a337c299: receive RaftClientReply:client-FF34D2C67AC5->3258574c-39ac-4ed5-9145-ea59a337c299@group-6C7D867BDA6A, cid=3397, SUCCESS, logIndex=4761, commits[3258574c-39ac-4ed5-9145-ea59a337c299:c4764]
2019-09-02 06:30:45,778 [grpc-default-executor-0] INFO  client.GrpcClientProtocolClient (GrpcClientProtocolClient.java:onNext(255)) - client-FF34D2C67AC5->3258574c-39ac-4ed5-9145-ea59a337c299: receive RaftClientReply:client-FF34D2C67AC5->3258574c-39ac-4ed5-9145-ea59a337c299@group-6C7D867BDA6A, cid=3398, SUCCESS, logIndex=4762, commits[3258574c-39ac-4ed5-9145-ea59a337c299:c4765]
2019-09-02 06:30:45,779 [grpc-default-executor-0] INFO  client.GrpcClientProtocolClient (GrpcClientProtocolClient.java:onNext(255)) - client-FF34D2C67AC5->3258574c-39ac-4ed5-9145-ea59a337c299: receive RaftClientReply:client-FF34D2C67AC5->3258574c-39ac-4ed5-9145-ea59a337c299@group-6C7D867BDA6A, cid=3399, SUCCESS, logIndex=4763, commits[3258574c-39ac-4ed5-9145-ea59a337c299:c4765]
2019-09-02 06:30:45,779 [grpc-default-executor-0] INFO  client.GrpcClientProtocolClient (GrpcClientProtocolClient.java:onNext(255)) - client-FF34D2C67AC5->3258574c-39ac-4ed5-9145-ea59a337c299: receive RaftClientReply:client-FF34D2C67AC5->3258574c-39ac-4ed5-9145-ea59a337c299@group-6C7D867BDA6A, cid=3400, SUCCESS, logIndex=4764, commits[3258574c-39ac-4ed5-9145-ea59a337c299:c4765]
2019-09-02 06:30:45,807 [grpc-default-executor-0] INFO  client.GrpcClientProtocolClient (GrpcClientProtocolClient.java:onNext(255)) - client-FF34D2C67AC5->3258574c-39ac-4ed5-9145-ea59a337c299: receive RaftClientReply:client-FF34D2C67AC5->3258574c-39ac-4ed5-9145-ea59a337c299@group-6C7D867BDA6A, cid=3401, SUCCESS, logIndex=4766, commits[3258574c-39ac-4ed5-9145-ea59a337c299:c4767]
2019-09-02 06:30:45,808 [grpc-default-executor-0] INFO  client.GrpcClientProtocolClient (GrpcClientProtocolClient.java:onNext(255)) - client-FF34D2C67AC5->3258574c-39ac-4ed5-9145-ea59a337c299: receive RaftClientReply:client-FF34D2C67AC5->3258574c-39ac-4ed5-9145-ea59a337c299@group-6C7D867BDA6A, cid=3402, SUCCESS, logIndex=4767, commits[3258574c-39ac-4ed5-9145-ea59a337c299:c4767]
2019-09-02 06:30:45,809 [grpc-default-executor-0] INFO  client.GrpcClientProtocolClient (GrpcClientProtocolClient.java:onNext(255)) - client-FF34D2C67AC5->3258574c-39ac-4ed5-9145-ea59a337c299: receive RaftClientReply:client-FF34D2C67AC5->3258574c-39ac-4ed5-9145-ea59a337c299@group-6C7D867BDA6A, cid=3403, SUCCESS, logIndex=4768, commits[3258574c-39ac-4ed5-9145-ea59a337c299:c4769]
2019-09-02 06:30:45,809 [grpc-default-executor-0] INFO  client.GrpcClientProtocolClient (GrpcClientProtocolClient.java:onNext(255)) - client-FF34D2C67AC5->3258574c-39ac-4ed5-9145-ea59a337c299: receive RaftClientReply:client-FF34D2C67AC5->3258574c-39ac-4ed5-9145-ea59a337c299@group-6C7D867BDA6A, cid=3404, SUCCESS, logIndex=4769, commits[3258574c-39ac-4ed5-9145-ea59a337c299:c4770]
2019-09-02 06:30:45,814 [SCMBlockDeletingService#1] DEBUG block.SCMBlockDeletingService (SCMBlockDeletingService.java:call(138)) - Running DeletedBlockTransactionScanner
2019-09-02 06:30:45,814 [SCMBlockDeletingService#1] DEBUG block.SCMBlockDeletingService (SCMBlockDeletingService.java:call(155)) - Scanned deleted blocks log and got 0 delTX to process.
2019-09-02 06:30:45,914 [SCMBlockDeletingService#1] DEBUG block.SCMBlockDeletingService (SCMBlockDeletingService.java:call(138)) - Running DeletedBlockTransactionScanner
2019-09-02 06:30:45,915 [grpc-default-executor-1] INFO  client.GrpcClientProtocolClient (GrpcClientProtocolClient.java:onNext(255)) - client-FF34D2C67AC5->3258574c-39ac-4ed5-9145-ea59a337c299: receive RaftClientReply:client-FF34D2C67AC5->3258574c-39ac-4ed5-9145-ea59a337c299@group-6C7D867BDA6A, cid=3405, SUCCESS, logIndex=4772, commits[3258574c-39ac-4ed5-9145-ea59a337c299:c4773]
2019-09-02 06:30:45,915 [SCMBlockDeletingService#1] DEBUG block.SCMBlockDeletingService (SCMBlockDeletingService.java:call(155)) - Scanned deleted blocks log and got 0 delTX to process.
2019-09-02 06:30:45,915 [grpc-default-executor-1] INFO  client.GrpcClientProtocolClient (GrpcClientProtocolClient.java:onNext(255)) - client-FF34D2C67AC5->3258574c-39ac-4ed5-9145-ea59a337c299: receive RaftClientReply:client-FF34D2C67AC5->3258574c-39ac-4ed5-9145-ea59a337c299@group-6C7D867BDA6A, cid=3406, SUCCESS, logIndex=4773, commits[3258574c-39ac-4ed5-9145-ea59a337c299:c4773]
2019-09-02 06:30:45,916 [grpc-default-executor-1] INFO  client.GrpcClientProtocolClient (GrpcClientProtocolClient.java:onNext(255)) - client-FF34D2C67AC5->3258574c-39ac-4ed5-9145-ea59a337c299: receive RaftClientReply:client-FF34D2C67AC5->3258574c-39ac-4ed5-9145-ea59a337c299@group-6C7D867BDA6A, cid=3407, SUCCESS, logIndex=4774, commits[3258574c-39ac-4ed5-9145-ea59a337c299:c4775]
2019-09-02 06:30:45,916 [grpc-default-executor-1] INFO  client.GrpcClientProtocolClient (GrpcClientProtocolClient.java:onNext(255)) - client-FF34D2C67AC5->3258574c-39ac-4ed5-9145-ea59a337c299: receive RaftClientReply:client-FF34D2C67AC5->3258574c-39ac-4ed5-9145-ea59a337c299@group-6C7D867BDA6A, cid=3408, SUCCESS, logIndex=4775, commits[3258574c-39ac-4ed5-9145-ea59a337c299:c4775]
2019-09-02 06:30:45,945 [grpc-default-executor-0] INFO  client.GrpcClientProtocolClient (GrpcClientProtocolClient.java:onNext(255)) - client-FF34D2C67AC5->3258574c-39ac-4ed5-9145-ea59a337c299: receive RaftClientReply:client-FF34D2C67AC5->3258574c-39ac-4ed5-9145-ea59a337c299@group-6C7D867BDA6A, cid=3409, SUCCESS, logIndex=4778, commits[3258574c-39ac-4ed5-9145-ea59a337c299:c4779]
2019-09-02 06:30:45,946 [grpc-default-executor-0] INFO  client.GrpcClientProtocolClient (GrpcClientProtocolClient.java:onNext(255)) - client-FF34D2C67AC5->3258574c-39ac-4ed5-9145-ea59a337c299: receive RaftClientReply:client-FF34D2C67AC5->3258574c-39ac-4ed5-9145-ea59a337c299@group-6C7D867BDA6A, cid=3410, SUCCESS, logIndex=4779, commits[3258574c-39ac-4ed5-9145-ea59a337c299:c4781]
2019-09-02 06:30:45,946 [grpc-default-executor-0] INFO  client.GrpcClientProtocolClient (GrpcClientProtocolClient.java:onNext(255)) - client-FF34D2C67AC5->3258574c-39ac-4ed5-9145-ea59a337c299: receive RaftClientReply:client-FF34D2C67AC5->3258574c-39ac-4ed5-9145-ea59a337c299@group-6C7D867BDA6A, cid=3411, SUCCESS, logIndex=4780, commits[3258574c-39ac-4ed5-9145-ea59a337c299:c4782]
2019-09-02 06:30:45,946 [grpc-default-executor-0] INFO  client.GrpcClientProtocolClient (GrpcClientProtocolClient.java:onNext(255)) - client-FF34D2C67AC5->3258574c-39ac-4ed5-9145-ea59a337c299: receive RaftClientReply:client-FF34D2C67AC5->3258574c-39ac-4ed5-9145-ea59a337c299@group-6C7D867BDA6A, cid=3412, SUCCESS, logIndex=4781, commits[3258574c-39ac-4ed5-9145-ea59a337c299:c4783]
2019-09-02 06:30:45,972 [grpc-default-executor-0] INFO  client.GrpcClientProtocolClient (GrpcClientProtocolClient.java:onNext(255)) - client-FF34D2C67AC5->3258574c-39ac-4ed5-9145-ea59a337c299: receive RaftClientReply:client-FF34D2C67AC5->3258574c-39ac-4ed5-9145-ea59a337c299@group-6C7D867BDA6A, cid=3413, SUCCESS, logIndex=4784, commits[3258574c-39ac-4ed5-9145-ea59a337c299:c4787]
2019-09-02 06:30:45,973 [grpc-default-executor-0] INFO  client.GrpcClientProtocolClient (GrpcClientProtocolClient.java:onNext(255)) - client-FF34D2C67AC5->3258574c-39ac-4ed5-9145-ea59a337c299: receive RaftClientReply:client-FF34D2C67AC5->3258574c-39ac-4ed5-9145-ea59a337c299@group-6C7D867BDA6A, cid=3414, SUCCESS, logIndex=4785, commits[3258574c-39ac-4ed5-9145-ea59a337c299:c4788]
2019-09-02 06:30:45,973 [grpc-default-executor-0] INFO  client.GrpcClientProtocolClient (GrpcClientProtocolClient.java:onNext(255)) - client-FF34D2C67AC5->3258574c-39ac-4ed5-9145-ea59a337c299: receive RaftClientReply:client-FF34D2C67AC5->3258574c-39ac-4ed5-9145-ea59a337c299@group-6C7D867BDA6A, cid=3415, SUCCESS, logIndex=4786, commits[3258574c-39ac-4ed5-9145-ea59a337c299:c4788]
2019-09-02 06:30:45,973 [grpc-default-executor-0] INFO  client.GrpcClientProtocolClient (GrpcClientProtocolClient.java:onNext(255)) - client-FF34D2C67AC5->3258574c-39ac-4ed5-9145-ea59a337c299: receive RaftClientReply:client-FF34D2C67AC5->3258574c-39ac-4ed5-9145-ea59a337c299@group-6C7D867BDA6A, cid=3416, SUCCESS, logIndex=4787, commits[3258574c-39ac-4ed5-9145-ea59a337c299:c4788]
2019-09-02 06:30:46,009 [grpc-default-executor-1] INFO  client.GrpcClientProtocolClient (GrpcClientProtocolClient.java:onNext(255)) - client-FF34D2C67AC5->3258574c-39ac-4ed5-9145-ea59a337c299: receive RaftClientReply:client-FF34D2C67AC5->3258574c-39ac-4ed5-9145-ea59a337c299@group-6C7D867BDA6A, cid=3417, SUCCESS, logIndex=4789, commits[3258574c-39ac-4ed5-9145-ea59a337c299:c4790]
2019-09-02 06:30:46,010 [grpc-default-executor-1] INFO  client.GrpcClientProtocolClient (GrpcClientProtocolClient.java:onNext(255)) - client-FF34D2C67AC5->3258574c-39ac-4ed5-9145-ea59a337c299: receive RaftClientReply:client-FF34D2C67AC5->3258574c-39ac-4ed5-9145-ea59a337c299@group-6C7D867BDA6A, cid=3418, SUCCESS, logIndex=4790, commits[3258574c-39ac-4ed5-9145-ea59a337c299:c4790]
2019-09-02 06:30:46,015 [SCMBlockDeletingService#1] DEBUG block.SCMBlockDeletingService (SCMBlockDeletingService.java:call(138)) - Running DeletedBlockTransactionScanner
2019-09-02 06:30:46,015 [SCMBlockDeletingService#1] DEBUG block.SCMBlockDeletingService (SCMBlockDeletingService.java:call(155)) - Scanned deleted blocks log and got 0 delTX to process.
2019-09-02 06:30:46,024 [grpc-default-executor-1] INFO  client.GrpcClientProtocolClient (GrpcClientProtocolClient.java:onNext(255)) - client-FF34D2C67AC5->3258574c-39ac-4ed5-9145-ea59a337c299: receive RaftClientReply:client-FF34D2C67AC5->3258574c-39ac-4ed5-9145-ea59a337c299@group-6C7D867BDA6A, cid=3419, SUCCESS, logIndex=4791, commits[3258574c-39ac-4ed5-9145-ea59a337c299:c4793]
2019-09-02 06:30:46,024 [grpc-default-executor-1] INFO  client.GrpcClientProtocolClient (GrpcClientProtocolClient.java:onNext(255)) - client-FF34D2C67AC5->3258574c-39ac-4ed5-9145-ea59a337c299: receive RaftClientReply:client-FF34D2C67AC5->3258574c-39ac-4ed5-9145-ea59a337c299@group-6C7D867BDA6A, cid=3420, SUCCESS, logIndex=4792, commits[3258574c-39ac-4ed5-9145-ea59a337c299:c4793]
2019-09-02 06:30:46,047 [grpc-default-executor-1] INFO  client.GrpcClientProtocolClient (GrpcClientProtocolClient.java:onNext(255)) - client-FF34D2C67AC5->3258574c-39ac-4ed5-9145-ea59a337c299: receive RaftClientReply:client-FF34D2C67AC5->3258574c-39ac-4ed5-9145-ea59a337c299@group-6C7D867BDA6A, cid=3421, SUCCESS, logIndex=4794, commits[3258574c-39ac-4ed5-9145-ea59a337c299:c4797]
2019-09-02 06:30:46,048 [grpc-default-executor-1] INFO  client.GrpcClientProtocolClient (GrpcClientProtocolClient.java:onNext(255)) - client-FF34D2C67AC5->3258574c-39ac-4ed5-9145-ea59a337c299: receive RaftClientReply:client-FF34D2C67AC5->3258574c-39ac-4ed5-9145-ea59a337c299@group-6C7D867BDA6A, cid=3422, SUCCESS, logIndex=4795, commits[3258574c-39ac-4ed5-9145-ea59a337c299:c4798]
2019-09-02 06:30:46,048 [grpc-default-executor-1] INFO  client.GrpcClientProtocolClient (GrpcClientProtocolClient.java:onNext(255)) - client-FF34D2C67AC5->3258574c-39ac-4ed5-9145-ea59a337c299: receive RaftClientReply:client-FF34D2C67AC5->3258574c-39ac-4ed5-9145-ea59a337c299@group-6C7D867BDA6A, cid=3423, SUCCESS, logIndex=4796, commits[3258574c-39ac-4ed5-9145-ea59a337c299:c4798]
2019-09-02 06:30:46,049 [grpc-default-executor-1] INFO  client.GrpcClientProtocolClient (GrpcClientProtocolClient.java:onNext(255)) - client-FF34D2C67AC5->3258574c-39ac-4ed5-9145-ea59a337c299: receive RaftClientReply:client-FF34D2C67AC5->3258574c-39ac-4ed5-9145-ea59a337c299@group-6C7D867BDA6A, cid=3424, SUCCESS, logIndex=4797, commits[3258574c-39ac-4ed5-9145-ea59a337c299:c4799]
2019-09-02 06:30:46,088 [grpc-default-executor-0] INFO  client.GrpcClientProtocolClient (GrpcClientProtocolClient.java:onNext(255)) - client-FF34D2C67AC5->3258574c-39ac-4ed5-9145-ea59a337c299: receive RaftClientReply:client-FF34D2C67AC5->3258574c-39ac-4ed5-9145-ea59a337c299@group-6C7D867BDA6A, cid=3425, SUCCESS, logIndex=4800, commits[3258574c-39ac-4ed5-9145-ea59a337c299:c4803]
2019-09-02 06:30:46,089 [grpc-default-executor-0] INFO  client.GrpcClientProtocolClient (GrpcClientProtocolClient.java:onNext(255)) - client-FF34D2C67AC5->3258574c-39ac-4ed5-9145-ea59a337c299: receive RaftClientReply:client-FF34D2C67AC5->3258574c-39ac-4ed5-9145-ea59a337c299@group-6C7D867BDA6A, cid=3426, SUCCESS, logIndex=4801, commits[3258574c-39ac-4ed5-9145-ea59a337c299:c4804]
2019-09-02 06:30:46,090 [grpc-default-executor-0] INFO  client.GrpcClientProtocolClient (GrpcClientProtocolClient.java:onNext(255)) - client-FF34D2C67AC5->3258574c-39ac-4ed5-9145-ea59a337c299: receive RaftClientReply:client-FF34D2C67AC5->3258574c-39ac-4ed5-9145-ea59a337c299@group-6C7D867BDA6A, cid=3427, SUCCESS, logIndex=4802, commits[3258574c-39ac-4ed5-9145-ea59a337c299:c4805]
2019-09-02 06:30:46,090 [grpc-default-executor-0] INFO  client.GrpcClientProtocolClient (GrpcClientProtocolClient.java:onNext(255)) - client-FF34D2C67AC5->3258574c-39ac-4ed5-9145-ea59a337c299: receive RaftClientReply:client-FF34D2C67AC5->3258574c-39ac-4ed5-9145-ea59a337c299@group-6C7D867BDA6A, cid=3428, SUCCESS, logIndex=4803, commits[3258574c-39ac-4ed5-9145-ea59a337c299:c4805]
2019-09-02 06:30:46,111 [grpc-default-executor-0] INFO  client.GrpcClientProtocolClient (GrpcClientProtocolClient.java:onNext(255)) - client-FF34D2C67AC5->3258574c-39ac-4ed5-9145-ea59a337c299: receive RaftClientReply:client-FF34D2C67AC5->3258574c-39ac-4ed5-9145-ea59a337c299@group-6C7D867BDA6A, cid=3429, SUCCESS, logIndex=4806, commits[3258574c-39ac-4ed5-9145-ea59a337c299:c4807]
2019-09-02 06:30:46,112 [grpc-default-executor-0] INFO  client.GrpcClientProtocolClient (GrpcClientProtocolClient.java:onNext(255)) - client-FF34D2C67AC5->3258574c-39ac-4ed5-9145-ea59a337c299: receive RaftClientReply:client-FF34D2C67AC5->3258574c-39ac-4ed5-9145-ea59a337c299@group-6C7D867BDA6A, cid=3430, SUCCESS, logIndex=4807, commits[3258574c-39ac-4ed5-9145-ea59a337c299:c4809]
2019-09-02 06:30:46,112 [grpc-default-executor-0] INFO  client.GrpcClientProtocolClient (GrpcClientProtocolClient.java:onNext(255)) - client-FF34D2C67AC5->3258574c-39ac-4ed5-9145-ea59a337c299: receive RaftClientReply:client-FF34D2C67AC5->3258574c-39ac-4ed5-9145-ea59a337c299@group-6C7D867BDA6A, cid=3431, SUCCESS, logIndex=4808, commits[3258574c-39ac-4ed5-9145-ea59a337c299:c4809]
2019-09-02 06:30:46,113 [grpc-default-executor-0] INFO  client.GrpcClientProtocolClient (GrpcClientProtocolClient.java:onNext(255)) - client-FF34D2C67AC5->3258574c-39ac-4ed5-9145-ea59a337c299: receive RaftClientReply:client-FF34D2C67AC5->3258574c-39ac-4ed5-9145-ea59a337c299@group-6C7D867BDA6A, cid=3432, SUCCESS, logIndex=4809, commits[3258574c-39ac-4ed5-9145-ea59a337c299:c4809]
2019-09-02 06:30:46,116 [SCMBlockDeletingService#1] DEBUG block.SCMBlockDeletingService (SCMBlockDeletingService.java:call(138)) - Running DeletedBlockTransactionScanner
2019-09-02 06:30:46,116 [SCMBlockDeletingService#1] DEBUG block.SCMBlockDeletingService (SCMBlockDeletingService.java:call(155)) - Scanned deleted blocks log and got 0 delTX to process.
2019-09-02 06:30:46,143 [grpc-default-executor-1] INFO  client.GrpcClientProtocolClient (GrpcClientProtocolClient.java:onNext(255)) - client-FF34D2C67AC5->3258574c-39ac-4ed5-9145-ea59a337c299: receive RaftClientReply:client-FF34D2C67AC5->3258574c-39ac-4ed5-9145-ea59a337c299@group-6C7D867BDA6A, cid=3433, SUCCESS, logIndex=4812, commits[3258574c-39ac-4ed5-9145-ea59a337c299:c4813]
2019-09-02 06:30:46,144 [grpc-default-executor-1] INFO  client.GrpcClientProtocolClient (GrpcClientProtocolClient.java:onNext(255)) - client-FF34D2C67AC5->3258574c-39ac-4ed5-9145-ea59a337c299: receive RaftClientReply:client-FF34D2C67AC5->3258574c-39ac-4ed5-9145-ea59a337c299@group-6C7D867BDA6A, cid=3434, SUCCESS, logIndex=4813, commits[3258574c-39ac-4ed5-9145-ea59a337c299:c4813]
2019-09-02 06:30:46,144 [grpc-default-executor-1] INFO  client.GrpcClientProtocolClient (GrpcClientProtocolClient.java:onNext(255)) - client-FF34D2C67AC5->3258574c-39ac-4ed5-9145-ea59a337c299: receive RaftClientReply:client-FF34D2C67AC5->3258574c-39ac-4ed5-9145-ea59a337c299@group-6C7D867BDA6A, cid=3435, SUCCESS, logIndex=4814, commits[3258574c-39ac-4ed5-9145-ea59a337c299:c4815]
2019-09-02 06:30:46,145 [grpc-default-executor-1] INFO  client.GrpcClientProtocolClient (GrpcClientProtocolClient.java:onNext(255)) - client-FF34D2C67AC5->3258574c-39ac-4ed5-9145-ea59a337c299: receive RaftClientReply:client-FF34D2C67AC5->3258574c-39ac-4ed5-9145-ea59a337c299@group-6C7D867BDA6A, cid=3436, SUCCESS, logIndex=4815, commits[3258574c-39ac-4ed5-9145-ea59a337c299:c4816]
2019-09-02 06:30:46,165 [grpc-default-executor-0] INFO  client.GrpcClientProtocolClient (GrpcClientProtocolClient.java:onNext(255)) - client-FF34D2C67AC5->3258574c-39ac-4ed5-9145-ea59a337c299: receive RaftClientReply:client-FF34D2C67AC5->3258574c-39ac-4ed5-9145-ea59a337c299@group-6C7D867BDA6A, cid=3437, SUCCESS, logIndex=4818, commits[3258574c-39ac-4ed5-9145-ea59a337c299:c4819]
2019-09-02 06:30:46,165 [grpc-default-executor-0] INFO  client.GrpcClientProtocolClient (GrpcClientProtocolClient.java:onNext(255)) - client-FF34D2C67AC5->3258574c-39ac-4ed5-9145-ea59a337c299: receive RaftClientReply:client-FF34D2C67AC5->3258574c-39ac-4ed5-9145-ea59a337c299@group-6C7D867BDA6A, cid=3438, SUCCESS, logIndex=4819, commits[3258574c-39ac-4ed5-9145-ea59a337c299:c4821]
2019-09-02 06:30:46,166 [grpc-default-executor-0] INFO  client.GrpcClientProtocolClient (GrpcClientProtocolClient.java:onNext(255)) - client-FF34D2C67AC5->3258574c-39ac-4ed5-9145-ea59a337c299: receive RaftClientReply:client-FF34D2C67AC5->3258574c-39ac-4ed5-9145-ea59a337c299@group-6C7D867BDA6A, cid=3439, SUCCESS, logIndex=4820, commits[3258574c-39ac-4ed5-9145-ea59a337c299:c4822]
2019-09-02 06:30:46,166 [grpc-default-executor-0] INFO  client.GrpcClientProtocolClient (GrpcClientProtocolClient.java:onNext(255)) - client-FF34D2C67AC5->3258574c-39ac-4ed5-9145-ea59a337c299: receive RaftClientReply:client-FF34D2C67AC5->3258574c-39ac-4ed5-9145-ea59a337c299@group-6C7D867BDA6A, cid=3440, SUCCESS, logIndex=4821, commits[3258574c-39ac-4ed5-9145-ea59a337c299:c4822]
2019-09-02 06:30:46,373 [SCMBlockDeletingService#1] DEBUG block.SCMBlockDeletingService (SCMBlockDeletingService.java:call(138)) - Running DeletedBlockTransactionScanner
2019-09-02 06:30:46,373 [SCMBlockDeletingService#1] DEBUG block.SCMBlockDeletingService (SCMBlockDeletingService.java:call(155)) - Scanned deleted blocks log and got 0 delTX to process.
2019-09-02 06:30:46,393 [grpc-default-executor-0] INFO  client.GrpcClientProtocolClient (GrpcClientProtocolClient.java:onNext(255)) - client-FF34D2C67AC5->3258574c-39ac-4ed5-9145-ea59a337c299: receive RaftClientReply:client-FF34D2C67AC5->3258574c-39ac-4ed5-9145-ea59a337c299@group-6C7D867BDA6A, cid=3441, SUCCESS, logIndex=4824, commits[3258574c-39ac-4ed5-9145-ea59a337c299:c4828]
2019-09-02 06:30:46,394 [grpc-default-executor-0] INFO  client.GrpcClientProtocolClient (GrpcClientProtocolClient.java:onNext(255)) - client-FF34D2C67AC5->3258574c-39ac-4ed5-9145-ea59a337c299: receive RaftClientReply:client-FF34D2C67AC5->3258574c-39ac-4ed5-9145-ea59a337c299@group-6C7D867BDA6A, cid=3442, SUCCESS, logIndex=4825, commits[3258574c-39ac-4ed5-9145-ea59a337c299:c4828]
2019-09-02 06:30:46,394 [grpc-default-executor-0] INFO  client.GrpcClientProtocolClient (GrpcClientProtocolClient.java:onNext(255)) - client-FF34D2C67AC5->3258574c-39ac-4ed5-9145-ea59a337c299: receive RaftClientReply:client-FF34D2C67AC5->3258574c-39ac-4ed5-9145-ea59a337c299@group-6C7D867BDA6A, cid=3443, SUCCESS, logIndex=4826, commits[3258574c-39ac-4ed5-9145-ea59a337c299:c4828]
2019-09-02 06:30:46,395 [grpc-default-executor-0] INFO  client.GrpcClientProtocolClient (GrpcClientProtocolClient.java:onNext(255)) - client-FF34D2C67AC5->3258574c-39ac-4ed5-9145-ea59a337c299: receive RaftClientReply:client-FF34D2C67AC5->3258574c-39ac-4ed5-9145-ea59a337c299@group-6C7D867BDA6A, cid=3444, SUCCESS, logIndex=4827, commits[3258574c-39ac-4ed5-9145-ea59a337c299:c4828]
2019-09-02 06:30:46,415 [grpc-default-executor-0] INFO  client.GrpcClientProtocolClient (GrpcClientProtocolClient.java:onNext(255)) - client-FF34D2C67AC5->3258574c-39ac-4ed5-9145-ea59a337c299: receive RaftClientReply:client-FF34D2C67AC5->3258574c-39ac-4ed5-9145-ea59a337c299@group-6C7D867BDA6A, cid=3445, SUCCESS, logIndex=4829, commits[3258574c-39ac-4ed5-9145-ea59a337c299:c4832]
2019-09-02 06:30:46,416 [grpc-default-executor-0] INFO  client.GrpcClientProtocolClient (GrpcClientProtocolClient.java:onNext(255)) - client-FF34D2C67AC5->3258574c-39ac-4ed5-9145-ea59a337c299: receive RaftClientReply:client-FF34D2C67AC5->3258574c-39ac-4ed5-9145-ea59a337c299@group-6C7D867BDA6A, cid=3446, SUCCESS, logIndex=4830, commits[3258574c-39ac-4ed5-9145-ea59a337c299:c4832]
2019-09-02 06:30:46,416 [grpc-default-executor-0] INFO  client.GrpcClientProtocolClient (GrpcClientProtocolClient.java:onNext(255)) - client-FF34D2C67AC5->3258574c-39ac-4ed5-9145-ea59a337c299: receive RaftClientReply:client-FF34D2C67AC5->3258574c-39ac-4ed5-9145-ea59a337c299@group-6C7D867BDA6A, cid=3447, SUCCESS, logIndex=4831, commits[3258574c-39ac-4ed5-9145-ea59a337c299:c4833]
2019-09-02 06:30:46,416 [grpc-default-executor-0] INFO  client.GrpcClientProtocolClient (GrpcClientProtocolClient.java:onNext(255)) - client-FF34D2C67AC5->3258574c-39ac-4ed5-9145-ea59a337c299: receive RaftClientReply:client-FF34D2C67AC5->3258574c-39ac-4ed5-9145-ea59a337c299@group-6C7D867BDA6A, cid=3448, SUCCESS, logIndex=4832, commits[3258574c-39ac-4ed5-9145-ea59a337c299:c4834]
2019-09-02 06:30:46,474 [SCMBlockDeletingService#1] DEBUG block.SCMBlockDeletingService (SCMBlockDeletingService.java:call(138)) - Running DeletedBlockTransactionScanner
2019-09-02 06:30:46,474 [SCMBlockDeletingService#1] DEBUG block.SCMBlockDeletingService (SCMBlockDeletingService.java:call(155)) - Scanned deleted blocks log and got 0 delTX to process.
2019-09-02 06:30:46,574 [SCMBlockDeletingService#1] DEBUG block.SCMBlockDeletingService (SCMBlockDeletingService.java:call(138)) - Running DeletedBlockTransactionScanner
2019-09-02 06:30:46,575 [SCMBlockDeletingService#1] DEBUG block.SCMBlockDeletingService (SCMBlockDeletingService.java:call(155)) - Scanned deleted blocks log and got 0 delTX to process.
2019-09-02 06:30:46,583 [grpc-default-executor-0] INFO  client.GrpcClientProtocolClient (GrpcClientProtocolClient.java:onNext(255)) - client-FF34D2C67AC5->3258574c-39ac-4ed5-9145-ea59a337c299: receive RaftClientReply:client-FF34D2C67AC5->3258574c-39ac-4ed5-9145-ea59a337c299@group-6C7D867BDA6A, cid=3449, SUCCESS, logIndex=4835, commits[3258574c-39ac-4ed5-9145-ea59a337c299:c4838]
2019-09-02 06:30:46,584 [grpc-default-executor-0] INFO  client.GrpcClientProtocolClient (GrpcClientProtocolClient.java:onNext(255)) - client-FF34D2C67AC5->3258574c-39ac-4ed5-9145-ea59a337c299: receive RaftClientReply:client-FF34D2C67AC5->3258574c-39ac-4ed5-9145-ea59a337c299@group-6C7D867BDA6A, cid=3450, SUCCESS, logIndex=4836, commits[3258574c-39ac-4ed5-9145-ea59a337c299:c4839]
2019-09-02 06:30:46,584 [grpc-default-executor-0] INFO  client.GrpcClientProtocolClient (GrpcClientProtocolClient.java:onNext(255)) - client-FF34D2C67AC5->3258574c-39ac-4ed5-9145-ea59a337c299: receive RaftClientReply:client-FF34D2C67AC5->3258574c-39ac-4ed5-9145-ea59a337c299@group-6C7D867BDA6A, cid=3451, SUCCESS, logIndex=4837, commits[3258574c-39ac-4ed5-9145-ea59a337c299:c4839]
2019-09-02 06:30:46,584 [grpc-default-executor-0] INFO  client.GrpcClientProtocolClient (GrpcClientProtocolClient.java:onNext(255)) - client-FF34D2C67AC5->3258574c-39ac-4ed5-9145-ea59a337c299: receive RaftClientReply:client-FF34D2C67AC5->3258574c-39ac-4ed5-9145-ea59a337c299@group-6C7D867BDA6A, cid=3452, SUCCESS, logIndex=4838, commits[3258574c-39ac-4ed5-9145-ea59a337c299:c4839]
2019-09-02 06:30:46,596 [grpc-default-executor-0] INFO  client.GrpcClientProtocolClient (GrpcClientProtocolClient.java:onNext(255)) - client-FF34D2C67AC5->3258574c-39ac-4ed5-9145-ea59a337c299: receive RaftClientReply:client-FF34D2C67AC5->3258574c-39ac-4ed5-9145-ea59a337c299@group-6C7D867BDA6A, cid=3453, SUCCESS, logIndex=4840, commits[3258574c-39ac-4ed5-9145-ea59a337c299:c4843]
2019-09-02 06:30:46,597 [grpc-default-executor-0] INFO  client.GrpcClientProtocolClient (GrpcClientProtocolClient.java:onNext(255)) - client-FF34D2C67AC5->3258574c-39ac-4ed5-9145-ea59a337c299: receive RaftClientReply:client-FF34D2C67AC5->3258574c-39ac-4ed5-9145-ea59a337c299@group-6C7D867BDA6A, cid=3454, SUCCESS, logIndex=4841, commits[3258574c-39ac-4ed5-9145-ea59a337c299:c4843]
2019-09-02 06:30:46,597 [grpc-default-executor-0] INFO  client.GrpcClientProtocolClient (GrpcClientProtocolClient.java:onNext(255)) - client-FF34D2C67AC5->3258574c-39ac-4ed5-9145-ea59a337c299: receive RaftClientReply:client-FF34D2C67AC5->3258574c-39ac-4ed5-9145-ea59a337c299@group-6C7D867BDA6A, cid=3455, SUCCESS, logIndex=4842, commits[3258574c-39ac-4ed5-9145-ea59a337c299:c4843]
2019-09-02 06:30:46,597 [grpc-default-executor-0] INFO  client.GrpcClientProtocolClient (GrpcClientProtocolClient.java:onNext(255)) - client-FF34D2C67AC5->3258574c-39ac-4ed5-9145-ea59a337c299: receive RaftClientReply:client-FF34D2C67AC5->3258574c-39ac-4ed5-9145-ea59a337c299@group-6C7D867BDA6A, cid=3456, SUCCESS, logIndex=4843, commits[3258574c-39ac-4ed5-9145-ea59a337c299:c4843]
2019-09-02 06:30:46,622 [grpc-default-executor-0] INFO  client.GrpcClientProtocolClient (GrpcClientProtocolClient.java:onNext(255)) - client-FF34D2C67AC5->3258574c-39ac-4ed5-9145-ea59a337c299: receive RaftClientReply:client-FF34D2C67AC5->3258574c-39ac-4ed5-9145-ea59a337c299@group-6C7D867BDA6A, cid=3457, SUCCESS, logIndex=4845, commits[3258574c-39ac-4ed5-9145-ea59a337c299:c4848]
2019-09-02 06:30:46,622 [grpc-default-executor-0] INFO  client.GrpcClientProtocolClient (GrpcClientProtocolClient.java:onNext(255)) - client-FF34D2C67AC5->3258574c-39ac-4ed5-9145-ea59a337c299: receive RaftClientReply:client-FF34D2C67AC5->3258574c-39ac-4ed5-9145-ea59a337c299@group-6C7D867BDA6A, cid=3458, SUCCESS, logIndex=4846, commits[3258574c-39ac-4ed5-9145-ea59a337c299:c4849]
2019-09-02 06:30:46,623 [grpc-default-executor-0] INFO  client.GrpcClientProtocolClient (GrpcClientProtocolClient.java:onNext(255)) - client-FF34D2C67AC5->3258574c-39ac-4ed5-9145-ea59a337c299: receive RaftClientReply:client-FF34D2C67AC5->3258574c-39ac-4ed5-9145-ea59a337c299@group-6C7D867BDA6A, cid=3459, SUCCESS, logIndex=4847, commits[3258574c-39ac-4ed5-9145-ea59a337c299:c4849]
2019-09-02 06:30:46,623 [grpc-default-executor-0] INFO  client.GrpcClientProtocolClient (GrpcClientProtocolClient.java:onNext(255)) - client-FF34D2C67AC5->3258574c-39ac-4ed5-9145-ea59a337c299: receive RaftClientReply:client-FF34D2C67AC5->3258574c-39ac-4ed5-9145-ea59a337c299@group-6C7D867BDA6A, cid=3460, SUCCESS, logIndex=4848, commits[3258574c-39ac-4ed5-9145-ea59a337c299:c4849]
2019-09-02 06:30:46,643 [grpc-default-executor-0] INFO  client.GrpcClientProtocolClient (GrpcClientProtocolClient.java:onNext(255)) - client-FF34D2C67AC5->3258574c-39ac-4ed5-9145-ea59a337c299: receive RaftClientReply:client-FF34D2C67AC5->3258574c-39ac-4ed5-9145-ea59a337c299@group-6C7D867BDA6A, cid=3461, SUCCESS, logIndex=4850, commits[3258574c-39ac-4ed5-9145-ea59a337c299:c4853]
2019-09-02 06:30:46,643 [grpc-default-executor-0] INFO  client.GrpcClientProtocolClient (GrpcClientProtocolClient.java:onNext(255)) - client-FF34D2C67AC5->3258574c-39ac-4ed5-9145-ea59a337c299: receive RaftClientReply:client-FF34D2C67AC5->3258574c-39ac-4ed5-9145-ea59a337c299@group-6C7D867BDA6A, cid=3462, SUCCESS, logIndex=4851, commits[3258574c-39ac-4ed5-9145-ea59a337c299:c4853]
2019-09-02 06:30:46,644 [grpc-default-executor-0] INFO  client.GrpcClientProtocolClient (GrpcClientProtocolClient.java:onNext(255)) - client-FF34D2C67AC5->3258574c-39ac-4ed5-9145-ea59a337c299: receive RaftClientReply:client-FF34D2C67AC5->3258574c-39ac-4ed5-9145-ea59a337c299@group-6C7D867BDA6A, cid=3463, SUCCESS, logIndex=4852, commits[3258574c-39ac-4ed5-9145-ea59a337c299:c4854]
2019-09-02 06:30:46,644 [grpc-default-executor-0] INFO  client.GrpcClientProtocolClient (GrpcClientProtocolClient.java:onNext(255)) - client-FF34D2C67AC5->3258574c-39ac-4ed5-9145-ea59a337c299: receive RaftClientReply:client-FF34D2C67AC5->3258574c-39ac-4ed5-9145-ea59a337c299@group-6C7D867BDA6A, cid=3464, SUCCESS, logIndex=4853, commits[3258574c-39ac-4ed5-9145-ea59a337c299:c4854]
2019-09-02 06:30:46,674 [grpc-default-executor-0] INFO  client.GrpcClientProtocolClient (GrpcClientProtocolClient.java:onNext(255)) - client-FF34D2C67AC5->3258574c-39ac-4ed5-9145-ea59a337c299: receive RaftClientReply:client-FF34D2C67AC5->3258574c-39ac-4ed5-9145-ea59a337c299@group-6C7D867BDA6A, cid=3465, SUCCESS, logIndex=4855, commits[3258574c-39ac-4ed5-9145-ea59a337c299:c4856]
2019-09-02 06:30:46,674 [grpc-default-executor-0] INFO  client.GrpcClientProtocolClient (GrpcClientProtocolClient.java:onNext(255)) - client-FF34D2C67AC5->3258574c-39ac-4ed5-9145-ea59a337c299: receive RaftClientReply:client-FF34D2C67AC5->3258574c-39ac-4ed5-9145-ea59a337c299@group-6C7D867BDA6A, cid=3466, SUCCESS, logIndex=4856, commits[3258574c-39ac-4ed5-9145-ea59a337c299:c4856]
2019-09-02 06:30:46,675 [SCMBlockDeletingService#1] DEBUG block.SCMBlockDeletingService (SCMBlockDeletingService.java:call(138)) - Running DeletedBlockTransactionScanner
2019-09-02 06:30:46,675 [SCMBlockDeletingService#1] DEBUG block.SCMBlockDeletingService (SCMBlockDeletingService.java:call(155)) - Scanned deleted blocks log and got 0 delTX to process.
2019-09-02 06:30:46,675 [grpc-default-executor-0] INFO  client.GrpcClientProtocolClient (GrpcClientProtocolClient.java:onNext(255)) - client-FF34D2C67AC5->3258574c-39ac-4ed5-9145-ea59a337c299: receive RaftClientReply:client-FF34D2C67AC5->3258574c-39ac-4ed5-9145-ea59a337c299@group-6C7D867BDA6A, cid=3467, SUCCESS, logIndex=4857, commits[3258574c-39ac-4ed5-9145-ea59a337c299:c4858]
2019-09-02 06:30:46,676 [grpc-default-executor-0] INFO  client.GrpcClientProtocolClient (GrpcClientProtocolClient.java:onNext(255)) - client-FF34D2C67AC5->3258574c-39ac-4ed5-9145-ea59a337c299: receive RaftClientReply:client-FF34D2C67AC5->3258574c-39ac-4ed5-9145-ea59a337c299@group-6C7D867BDA6A, cid=3468, SUCCESS, logIndex=4858, commits[3258574c-39ac-4ed5-9145-ea59a337c299:c4858]
2019-09-02 06:30:46,700 [grpc-default-executor-1] INFO  client.GrpcClientProtocolClient (GrpcClientProtocolClient.java:onNext(255)) - client-FF34D2C67AC5->3258574c-39ac-4ed5-9145-ea59a337c299: receive RaftClientReply:client-FF34D2C67AC5->3258574c-39ac-4ed5-9145-ea59a337c299@group-6C7D867BDA6A, cid=3469, SUCCESS, logIndex=4861, commits[3258574c-39ac-4ed5-9145-ea59a337c299:c4862]
2019-09-02 06:30:46,701 [grpc-default-executor-1] INFO  client.GrpcClientProtocolClient (GrpcClientProtocolClient.java:onNext(255)) - client-FF34D2C67AC5->3258574c-39ac-4ed5-9145-ea59a337c299: receive RaftClientReply:client-FF34D2C67AC5->3258574c-39ac-4ed5-9145-ea59a337c299@group-6C7D867BDA6A, cid=3470, SUCCESS, logIndex=4862, commits[3258574c-39ac-4ed5-9145-ea59a337c299:c4865]
2019-09-02 06:30:46,701 [grpc-default-executor-1] INFO  client.GrpcClientProtocolClient (GrpcClientProtocolClient.java:onNext(255)) - client-FF34D2C67AC5->3258574c-39ac-4ed5-9145-ea59a337c299: receive RaftClientReply:client-FF34D2C67AC5->3258574c-39ac-4ed5-9145-ea59a337c299@group-6C7D867BDA6A, cid=3471, SUCCESS, logIndex=4863, commits[3258574c-39ac-4ed5-9145-ea59a337c299:c4865]
2019-09-02 06:30:46,701 [grpc-default-executor-1] INFO  client.GrpcClientProtocolClient (GrpcClientProtocolClient.java:onNext(255)) - client-FF34D2C67AC5->3258574c-39ac-4ed5-9145-ea59a337c299: receive RaftClientReply:client-FF34D2C67AC5->3258574c-39ac-4ed5-9145-ea59a337c299@group-6C7D867BDA6A, cid=3472, SUCCESS, logIndex=4864, commits[3258574c-39ac-4ed5-9145-ea59a337c299:c4866]
2019-09-02 06:30:46,736 [grpc-default-executor-0] INFO  client.GrpcClientProtocolClient (GrpcClientProtocolClient.java:onNext(255)) - client-FF34D2C67AC5->3258574c-39ac-4ed5-9145-ea59a337c299: receive RaftClientReply:client-FF34D2C67AC5->3258574c-39ac-4ed5-9145-ea59a337c299@group-6C7D867BDA6A, cid=3473, SUCCESS, logIndex=4867, commits[3258574c-39ac-4ed5-9145-ea59a337c299:c4870]
2019-09-02 06:30:46,737 [grpc-default-executor-0] INFO  client.GrpcClientProtocolClient (GrpcClientProtocolClient.java:onNext(255)) - client-FF34D2C67AC5->3258574c-39ac-4ed5-9145-ea59a337c299: receive RaftClientReply:client-FF34D2C67AC5->3258574c-39ac-4ed5-9145-ea59a337c299@group-6C7D867BDA6A, cid=3474, SUCCESS, logIndex=4868, commits[3258574c-39ac-4ed5-9145-ea59a337c299:c4871]
2019-09-02 06:30:46,738 [grpc-default-executor-0] INFO  client.GrpcClientProtocolClient (GrpcClientProtocolClient.java:onNext(255)) - client-FF34D2C67AC5->3258574c-39ac-4ed5-9145-ea59a337c299: receive RaftClientReply:client-FF34D2C67AC5->3258574c-39ac-4ed5-9145-ea59a337c299@group-6C7D867BDA6A, cid=3475, SUCCESS, logIndex=4869, commits[3258574c-39ac-4ed5-9145-ea59a337c299:c4871]
2019-09-02 06:30:46,738 [grpc-default-executor-0] INFO  client.GrpcClientProtocolClient (GrpcClientProtocolClient.java:onNext(255)) - client-FF34D2C67AC5->3258574c-39ac-4ed5-9145-ea59a337c299: receive RaftClientReply:client-FF34D2C67AC5->3258574c-39ac-4ed5-9145-ea59a337c299@group-6C7D867BDA6A, cid=3476, SUCCESS, logIndex=4870, commits[3258574c-39ac-4ed5-9145-ea59a337c299:c4871]
2019-09-02 06:30:46,760 [grpc-default-executor-1] INFO  client.GrpcClientProtocolClient (GrpcClientProtocolClient.java:onNext(255)) - client-FF34D2C67AC5->3258574c-39ac-4ed5-9145-ea59a337c299: receive RaftClientReply:client-FF34D2C67AC5->3258574c-39ac-4ed5-9145-ea59a337c299@group-6C7D867BDA6A, cid=3477, SUCCESS, logIndex=4872, commits[3258574c-39ac-4ed5-9145-ea59a337c299:c4875]
2019-09-02 06:30:46,761 [grpc-default-executor-0] INFO  client.GrpcClientProtocolClient (GrpcClientProtocolClient.java:onNext(255)) - client-FF34D2C67AC5->3258574c-39ac-4ed5-9145-ea59a337c299: receive RaftClientReply:client-FF34D2C67AC5->3258574c-39ac-4ed5-9145-ea59a337c299@group-6C7D867BDA6A, cid=3478, SUCCESS, logIndex=4873, commits[3258574c-39ac-4ed5-9145-ea59a337c299:c4875]
2019-09-02 06:30:46,761 [grpc-default-executor-0] INFO  client.GrpcClientProtocolClient (GrpcClientProtocolClient.java:onNext(255)) - client-FF34D2C67AC5->3258574c-39ac-4ed5-9145-ea59a337c299: receive RaftClientReply:client-FF34D2C67AC5->3258574c-39ac-4ed5-9145-ea59a337c299@group-6C7D867BDA6A, cid=3479, SUCCESS, logIndex=4874, commits[3258574c-39ac-4ed5-9145-ea59a337c299:c4875]
2019-09-02 06:30:46,761 [grpc-default-executor-0] INFO  client.GrpcClientProtocolClient (GrpcClientProtocolClient.java:onNext(255)) - client-FF34D2C67AC5->3258574c-39ac-4ed5-9145-ea59a337c299: receive RaftClientReply:client-FF34D2C67AC5->3258574c-39ac-4ed5-9145-ea59a337c299@group-6C7D867BDA6A, cid=3480, SUCCESS, logIndex=4875, commits[3258574c-39ac-4ed5-9145-ea59a337c299:c4875]
2019-09-02 06:30:46,776 [SCMBlockDeletingService#1] DEBUG block.SCMBlockDeletingService (SCMBlockDeletingService.java:call(138)) - Running DeletedBlockTransactionScanner
2019-09-02 06:30:46,776 [SCMBlockDeletingService#1] DEBUG block.SCMBlockDeletingService (SCMBlockDeletingService.java:call(155)) - Scanned deleted blocks log and got 0 delTX to process.
2019-09-02 06:30:46,811 [grpc-default-executor-1] INFO  client.GrpcClientProtocolClient (GrpcClientProtocolClient.java:onNext(255)) - client-FF34D2C67AC5->3258574c-39ac-4ed5-9145-ea59a337c299: receive RaftClientReply:client-FF34D2C67AC5->3258574c-39ac-4ed5-9145-ea59a337c299@group-6C7D867BDA6A, cid=3481, SUCCESS, logIndex=4877, commits[3258574c-39ac-4ed5-9145-ea59a337c299:c4880]
2019-09-02 06:30:46,811 [grpc-default-executor-1] INFO  client.GrpcClientProtocolClient (GrpcClientProtocolClient.java:onNext(255)) - client-FF34D2C67AC5->3258574c-39ac-4ed5-9145-ea59a337c299: receive RaftClientReply:client-FF34D2C67AC5->3258574c-39ac-4ed5-9145-ea59a337c299@group-6C7D867BDA6A, cid=3482, SUCCESS, logIndex=4878, commits[3258574c-39ac-4ed5-9145-ea59a337c299:c4880]
2019-09-02 06:30:46,812 [grpc-default-executor-1] INFO  client.GrpcClientProtocolClient (GrpcClientProtocolClient.java:onNext(255)) - client-FF34D2C67AC5->3258574c-39ac-4ed5-9145-ea59a337c299: receive RaftClientReply:client-FF34D2C67AC5->3258574c-39ac-4ed5-9145-ea59a337c299@group-6C7D867BDA6A, cid=3483, SUCCESS, logIndex=4879, commits[3258574c-39ac-4ed5-9145-ea59a337c299:c4880]
2019-09-02 06:30:46,812 [grpc-default-executor-1] INFO  client.GrpcClientProtocolClient (GrpcClientProtocolClient.java:onNext(255)) - client-FF34D2C67AC5->3258574c-39ac-4ed5-9145-ea59a337c299: receive RaftClientReply:client-FF34D2C67AC5->3258574c-39ac-4ed5-9145-ea59a337c299@group-6C7D867BDA6A, cid=3484, SUCCESS, logIndex=4880, commits[3258574c-39ac-4ed5-9145-ea59a337c299:c4880]
2019-09-02 06:30:46,822 [grpc-default-executor-0] INFO  client.GrpcClientProtocolClient (GrpcClientProtocolClient.java:onNext(255)) - client-FF34D2C67AC5->3258574c-39ac-4ed5-9145-ea59a337c299: receive RaftClientReply:client-FF34D2C67AC5->3258574c-39ac-4ed5-9145-ea59a337c299@group-6C7D867BDA6A, cid=3485, SUCCESS, logIndex=4882, commits[3258574c-39ac-4ed5-9145-ea59a337c299:c4883]
2019-09-02 06:30:46,822 [grpc-default-executor-0] INFO  client.GrpcClientProtocolClient (GrpcClientProtocolClient.java:onNext(255)) - client-FF34D2C67AC5->3258574c-39ac-4ed5-9145-ea59a337c299: receive RaftClientReply:client-FF34D2C67AC5->3258574c-39ac-4ed5-9145-ea59a337c299@group-6C7D867BDA6A, cid=3486, SUCCESS, logIndex=4883, commits[3258574c-39ac-4ed5-9145-ea59a337c299:c4883]
2019-09-02 06:30:46,830 [grpc-default-executor-0] INFO  client.GrpcClientProtocolClient (GrpcClientProtocolClient.java:onNext(255)) - client-FF34D2C67AC5->3258574c-39ac-4ed5-9145-ea59a337c299: receive RaftClientReply:client-FF34D2C67AC5->3258574c-39ac-4ed5-9145-ea59a337c299@group-6C7D867BDA6A, cid=3487, SUCCESS, logIndex=4884, commits[3258574c-39ac-4ed5-9145-ea59a337c299:c4886]
2019-09-02 06:30:46,830 [grpc-default-executor-0] INFO  client.GrpcClientProtocolClient (GrpcClientProtocolClient.java:onNext(255)) - client-FF34D2C67AC5->3258574c-39ac-4ed5-9145-ea59a337c299: receive RaftClientReply:client-FF34D2C67AC5->3258574c-39ac-4ed5-9145-ea59a337c299@group-6C7D867BDA6A, cid=3488, SUCCESS, logIndex=4886, commits[3258574c-39ac-4ed5-9145-ea59a337c299:c4886]
2019-09-02 06:30:46,852 [grpc-default-executor-1] INFO  client.GrpcClientProtocolClient (GrpcClientProtocolClient.java:onNext(255)) - client-FF34D2C67AC5->3258574c-39ac-4ed5-9145-ea59a337c299: receive RaftClientReply:client-FF34D2C67AC5->3258574c-39ac-4ed5-9145-ea59a337c299@group-6C7D867BDA6A, cid=3489, SUCCESS, logIndex=4888, commits[3258574c-39ac-4ed5-9145-ea59a337c299:c4891]
2019-09-02 06:30:46,852 [grpc-default-executor-1] INFO  client.GrpcClientProtocolClient (GrpcClientProtocolClient.java:onNext(255)) - client-FF34D2C67AC5->3258574c-39ac-4ed5-9145-ea59a337c299: receive RaftClientReply:client-FF34D2C67AC5->3258574c-39ac-4ed5-9145-ea59a337c299@group-6C7D867BDA6A, cid=3490, SUCCESS, logIndex=4889, commits[3258574c-39ac-4ed5-9145-ea59a337c299:c4892]
2019-09-02 06:30:46,852 [grpc-default-executor-1] INFO  client.GrpcClientProtocolClient (GrpcClientProtocolClient.java:onNext(255)) - client-FF34D2C67AC5->3258574c-39ac-4ed5-9145-ea59a337c299: receive RaftClientReply:client-FF34D2C67AC5->3258574c-39ac-4ed5-9145-ea59a337c299@group-6C7D867BDA6A, cid=3491, SUCCESS, logIndex=4890, commits[3258574c-39ac-4ed5-9145-ea59a337c299:c4892]
2019-09-02 06:30:46,852 [grpc-default-executor-1] INFO  client.GrpcClientProtocolClient (GrpcClientProtocolClient.java:onNext(255)) - client-FF34D2C67AC5->3258574c-39ac-4ed5-9145-ea59a337c299: receive RaftClientReply:client-FF34D2C67AC5->3258574c-39ac-4ed5-9145-ea59a337c299@group-6C7D867BDA6A, cid=3492, SUCCESS, logIndex=4891, commits[3258574c-39ac-4ed5-9145-ea59a337c299:c4892]
2019-09-02 06:30:46,876 [SCMBlockDeletingService#1] DEBUG block.SCMBlockDeletingService (SCMBlockDeletingService.java:call(138)) - Running DeletedBlockTransactionScanner
2019-09-02 06:30:46,876 [SCMBlockDeletingService#1] DEBUG block.SCMBlockDeletingService (SCMBlockDeletingService.java:call(155)) - Scanned deleted blocks log and got 0 delTX to process.
2019-09-02 06:30:46,977 [SCMBlockDeletingService#0] DEBUG block.SCMBlockDeletingService (SCMBlockDeletingService.java:call(138)) - Running DeletedBlockTransactionScanner
2019-09-02 06:30:46,977 [SCMBlockDeletingService#0] DEBUG block.SCMBlockDeletingService (SCMBlockDeletingService.java:call(155)) - Scanned deleted blocks log and got 0 delTX to process.
2019-09-02 06:30:46,990 [grpc-default-executor-0] INFO  client.GrpcClientProtocolClient (GrpcClientProtocolClient.java:onNext(255)) - client-FF34D2C67AC5->3258574c-39ac-4ed5-9145-ea59a337c299: receive RaftClientReply:client-FF34D2C67AC5->3258574c-39ac-4ed5-9145-ea59a337c299@group-6C7D867BDA6A, cid=3493, SUCCESS, logIndex=4893, commits[3258574c-39ac-4ed5-9145-ea59a337c299:c4894]
2019-09-02 06:30:46,990 [grpc-default-executor-0] INFO  client.GrpcClientProtocolClient (GrpcClientProtocolClient.java:onNext(255)) - client-FF34D2C67AC5->3258574c-39ac-4ed5-9145-ea59a337c299: receive RaftClientReply:client-FF34D2C67AC5->3258574c-39ac-4ed5-9145-ea59a337c299@group-6C7D867BDA6A, cid=3494, SUCCESS, logIndex=4894, commits[3258574c-39ac-4ed5-9145-ea59a337c299:c4894]
2019-09-02 06:30:46,990 [grpc-default-executor-0] INFO  client.GrpcClientProtocolClient (GrpcClientProtocolClient.java:onNext(255)) - client-FF34D2C67AC5->3258574c-39ac-4ed5-9145-ea59a337c299: receive RaftClientReply:client-FF34D2C67AC5->3258574c-39ac-4ed5-9145-ea59a337c299@group-6C7D867BDA6A, cid=3495, SUCCESS, logIndex=4895, commits[3258574c-39ac-4ed5-9145-ea59a337c299:c4896]
2019-09-02 06:30:46,991 [grpc-default-executor-0] INFO  client.GrpcClientProtocolClient (GrpcClientProtocolClient.java:onNext(255)) - client-FF34D2C67AC5->3258574c-39ac-4ed5-9145-ea59a337c299: receive RaftClientReply:client-FF34D2C67AC5->3258574c-39ac-4ed5-9145-ea59a337c299@group-6C7D867BDA6A, cid=3496, SUCCESS, logIndex=4896, commits[3258574c-39ac-4ed5-9145-ea59a337c299:c4896]
2019-09-02 06:30:47,021 [grpc-default-executor-0] INFO  client.GrpcClientProtocolClient (GrpcClientProtocolClient.java:onNext(255)) - client-FF34D2C67AC5->3258574c-39ac-4ed5-9145-ea59a337c299: receive RaftClientReply:client-FF34D2C67AC5->3258574c-39ac-4ed5-9145-ea59a337c299@group-6C7D867BDA6A, cid=3497, SUCCESS, logIndex=4899, commits[3258574c-39ac-4ed5-9145-ea59a337c299:c4900]
2019-09-02 06:30:47,021 [grpc-default-executor-0] INFO  client.GrpcClientProtocolClient (GrpcClientProtocolClient.java:onNext(255)) - client-FF34D2C67AC5->3258574c-39ac-4ed5-9145-ea59a337c299: receive RaftClientReply:client-FF34D2C67AC5->3258574c-39ac-4ed5-9145-ea59a337c299@group-6C7D867BDA6A, cid=3498, SUCCESS, logIndex=4900, commits[3258574c-39ac-4ed5-9145-ea59a337c299:c4902]
2019-09-02 06:30:47,022 [grpc-default-executor-0] INFO  client.GrpcClientProtocolClient (GrpcClientProtocolClient.java:onNext(255)) - client-FF34D2C67AC5->3258574c-39ac-4ed5-9145-ea59a337c299: receive RaftClientReply:client-FF34D2C67AC5->3258574c-39ac-4ed5-9145-ea59a337c299@group-6C7D867BDA6A, cid=3499, SUCCESS, logIndex=4901, commits[3258574c-39ac-4ed5-9145-ea59a337c299:c4902]
2019-09-02 06:30:47,022 [grpc-default-executor-0] INFO  client.GrpcClientProtocolClient (GrpcClientProtocolClient.java:onNext(255)) - client-FF34D2C67AC5->3258574c-39ac-4ed5-9145-ea59a337c299: receive RaftClientReply:client-FF34D2C67AC5->3258574c-39ac-4ed5-9145-ea59a337c299@group-6C7D867BDA6A, cid=3500, SUCCESS, logIndex=4902, commits[3258574c-39ac-4ed5-9145-ea59a337c299:c4903]
2019-09-02 06:30:47,041 [grpc-default-executor-0] INFO  client.GrpcClientProtocolClient (GrpcClientProtocolClient.java:onNext(255)) - client-FF34D2C67AC5->3258574c-39ac-4ed5-9145-ea59a337c299: receive RaftClientReply:client-FF34D2C67AC5->3258574c-39ac-4ed5-9145-ea59a337c299@group-6C7D867BDA6A, cid=3501, SUCCESS, logIndex=4905, commits[3258574c-39ac-4ed5-9145-ea59a337c299:c4906]
2019-09-02 06:30:47,041 [grpc-default-executor-0] INFO  client.GrpcClientProtocolClient (GrpcClientProtocolClient.java:onNext(255)) - client-FF34D2C67AC5->3258574c-39ac-4ed5-9145-ea59a337c299: receive RaftClientReply:client-FF34D2C67AC5->3258574c-39ac-4ed5-9145-ea59a337c299@group-6C7D867BDA6A, cid=3502, SUCCESS, logIndex=4906, commits[3258574c-39ac-4ed5-9145-ea59a337c299:c4908]
2019-09-02 06:30:47,042 [grpc-default-executor-0] INFO  client.GrpcClientProtocolClient (GrpcClientProtocolClient.java:onNext(255)) - client-FF34D2C67AC5->3258574c-39ac-4ed5-9145-ea59a337c299: receive RaftClientReply:client-FF34D2C67AC5->3258574c-39ac-4ed5-9145-ea59a337c299@group-6C7D867BDA6A, cid=3503, SUCCESS, logIndex=4907, commits[3258574c-39ac-4ed5-9145-ea59a337c299:c4908]
2019-09-02 06:30:47,042 [grpc-default-executor-0] INFO  client.GrpcClientProtocolClient (GrpcClientProtocolClient.java:onNext(255)) - client-FF34D2C67AC5->3258574c-39ac-4ed5-9145-ea59a337c299: receive RaftClientReply:client-FF34D2C67AC5->3258574c-39ac-4ed5-9145-ea59a337c299@group-6C7D867BDA6A, cid=3504, SUCCESS, logIndex=4908, commits[3258574c-39ac-4ed5-9145-ea59a337c299:c4909]
2019-09-02 06:30:47,077 [SCMBlockDeletingService#0] DEBUG block.SCMBlockDeletingService (SCMBlockDeletingService.java:call(138)) - Running DeletedBlockTransactionScanner
2019-09-02 06:30:47,078 [SCMBlockDeletingService#0] DEBUG block.SCMBlockDeletingService (SCMBlockDeletingService.java:call(155)) - Scanned deleted blocks log and got 0 delTX to process.
2019-09-02 06:30:47,082 [grpc-default-executor-0] INFO  client.GrpcClientProtocolClient (GrpcClientProtocolClient.java:onNext(255)) - client-FF34D2C67AC5->3258574c-39ac-4ed5-9145-ea59a337c299: receive RaftClientReply:client-FF34D2C67AC5->3258574c-39ac-4ed5-9145-ea59a337c299@group-6C7D867BDA6A, cid=3505, SUCCESS, logIndex=4911, commits[3258574c-39ac-4ed5-9145-ea59a337c299:c4914]
2019-09-02 06:30:47,083 [grpc-default-executor-0] INFO  client.GrpcClientProtocolClient (GrpcClientProtocolClient.java:onNext(255)) - client-FF34D2C67AC5->3258574c-39ac-4ed5-9145-ea59a337c299: receive RaftClientReply:client-FF34D2C67AC5->3258574c-39ac-4ed5-9145-ea59a337c299@group-6C7D867BDA6A, cid=3506, SUCCESS, logIndex=4912, commits[3258574c-39ac-4ed5-9145-ea59a337c299:c4915]
2019-09-02 06:30:47,083 [grpc-default-executor-0] INFO  client.GrpcClientProtocolClient (GrpcClientProtocolClient.java:onNext(255)) - client-FF34D2C67AC5->3258574c-39ac-4ed5-9145-ea59a337c299: receive RaftClientReply:client-FF34D2C67AC5->3258574c-39ac-4ed5-9145-ea59a337c299@group-6C7D867BDA6A, cid=3507, SUCCESS, logIndex=4913, commits[3258574c-39ac-4ed5-9145-ea59a337c299:c4915]
2019-09-02 06:30:47,083 [grpc-default-executor-0] INFO  client.GrpcClientProtocolClient (GrpcClientProtocolClient.java:onNext(255)) - client-FF34D2C67AC5->3258574c-39ac-4ed5-9145-ea59a337c299: receive RaftClientReply:client-FF34D2C67AC5->3258574c-39ac-4ed5-9145-ea59a337c299@group-6C7D867BDA6A, cid=3508, SUCCESS, logIndex=4914, commits[3258574c-39ac-4ed5-9145-ea59a337c299:c4915]
2019-09-02 06:30:47,103 [grpc-default-executor-1] INFO  client.GrpcClientProtocolClient (GrpcClientProtocolClient.java:onNext(255)) - client-FF34D2C67AC5->3258574c-39ac-4ed5-9145-ea59a337c299: receive RaftClientReply:client-FF34D2C67AC5->3258574c-39ac-4ed5-9145-ea59a337c299@group-6C7D867BDA6A, cid=3509, SUCCESS, logIndex=4916, commits[3258574c-39ac-4ed5-9145-ea59a337c299:c4919]
2019-09-02 06:30:47,104 [grpc-default-executor-1] INFO  client.GrpcClientProtocolClient (GrpcClientProtocolClient.java:onNext(255)) - client-FF34D2C67AC5->3258574c-39ac-4ed5-9145-ea59a337c299: receive RaftClientReply:client-FF34D2C67AC5->3258574c-39ac-4ed5-9145-ea59a337c299@group-6C7D867BDA6A, cid=3510, SUCCESS, logIndex=4917, commits[3258574c-39ac-4ed5-9145-ea59a337c299:c4919]
2019-09-02 06:30:47,104 [grpc-default-executor-1] INFO  client.GrpcClientProtocolClient (GrpcClientProtocolClient.java:onNext(255)) - client-FF34D2C67AC5->3258574c-39ac-4ed5-9145-ea59a337c299: receive RaftClientReply:client-FF34D2C67AC5->3258574c-39ac-4ed5-9145-ea59a337c299@group-6C7D867BDA6A, cid=3511, SUCCESS, logIndex=4918, commits[3258574c-39ac-4ed5-9145-ea59a337c299:c4919]
2019-09-02 06:30:47,104 [grpc-default-executor-1] INFO  client.GrpcClientProtocolClient (GrpcClientProtocolClient.java:onNext(255)) - client-FF34D2C67AC5->3258574c-39ac-4ed5-9145-ea59a337c299: receive RaftClientReply:client-FF34D2C67AC5->3258574c-39ac-4ed5-9145-ea59a337c299@group-6C7D867BDA6A, cid=3512, SUCCESS, logIndex=4919, commits[3258574c-39ac-4ed5-9145-ea59a337c299:c4919]
2019-09-02 06:30:47,133 [grpc-default-executor-0] INFO  client.GrpcClientProtocolClient (GrpcClientProtocolClient.java:onNext(255)) - client-FF34D2C67AC5->3258574c-39ac-4ed5-9145-ea59a337c299: receive RaftClientReply:client-FF34D2C67AC5->3258574c-39ac-4ed5-9145-ea59a337c299@group-6C7D867BDA6A, cid=3513, SUCCESS, logIndex=4921, commits[3258574c-39ac-4ed5-9145-ea59a337c299:c4924]
2019-09-02 06:30:47,133 [grpc-default-executor-0] INFO  client.GrpcClientProtocolClient (GrpcClientProtocolClient.java:onNext(255)) - client-FF34D2C67AC5->3258574c-39ac-4ed5-9145-ea59a337c299: receive RaftClientReply:client-FF34D2C67AC5->3258574c-39ac-4ed5-9145-ea59a337c299@group-6C7D867BDA6A, cid=3514, SUCCESS, logIndex=4922, commits[3258574c-39ac-4ed5-9145-ea59a337c299:c4925]
2019-09-02 06:30:47,133 [grpc-default-executor-0] INFO  client.GrpcClientProtocolClient (GrpcClientProtocolClient.java:onNext(255)) - client-FF34D2C67AC5->3258574c-39ac-4ed5-9145-ea59a337c299: receive RaftClientReply:client-FF34D2C67AC5->3258574c-39ac-4ed5-9145-ea59a337c299@group-6C7D867BDA6A, cid=3515, SUCCESS, logIndex=4923, commits[3258574c-39ac-4ed5-9145-ea59a337c299:c4925]
2019-09-02 06:30:47,134 [grpc-default-executor-0] INFO  client.GrpcClientProtocolClient (GrpcClientProtocolClient.java:onNext(255)) - client-FF34D2C67AC5->3258574c-39ac-4ed5-9145-ea59a337c299: receive RaftClientReply:client-FF34D2C67AC5->3258574c-39ac-4ed5-9145-ea59a337c299@group-6C7D867BDA6A, cid=3516, SUCCESS, logIndex=4924, commits[3258574c-39ac-4ed5-9145-ea59a337c299:c4925]
2019-09-02 06:30:47,153 [grpc-default-executor-0] INFO  client.GrpcClientProtocolClient (GrpcClientProtocolClient.java:onNext(255)) - client-FF34D2C67AC5->3258574c-39ac-4ed5-9145-ea59a337c299: receive RaftClientReply:client-FF34D2C67AC5->3258574c-39ac-4ed5-9145-ea59a337c299@group-6C7D867BDA6A, cid=3517, SUCCESS, logIndex=4926, commits[3258574c-39ac-4ed5-9145-ea59a337c299:c4929]
2019-09-02 06:30:47,154 [grpc-default-executor-0] INFO  client.GrpcClientProtocolClient (GrpcClientProtocolClient.java:onNext(255)) - client-FF34D2C67AC5->3258574c-39ac-4ed5-9145-ea59a337c299: receive RaftClientReply:client-FF34D2C67AC5->3258574c-39ac-4ed5-9145-ea59a337c299@group-6C7D867BDA6A, cid=3518, SUCCESS, logIndex=4927, commits[3258574c-39ac-4ed5-9145-ea59a337c299:c4929]
2019-09-02 06:30:47,154 [grpc-default-executor-0] INFO  client.GrpcClientProtocolClient (GrpcClientProtocolClient.java:onNext(255)) - client-FF34D2C67AC5->3258574c-39ac-4ed5-9145-ea59a337c299: receive RaftClientReply:client-FF34D2C67AC5->3258574c-39ac-4ed5-9145-ea59a337c299@group-6C7D867BDA6A, cid=3519, SUCCESS, logIndex=4928, commits[3258574c-39ac-4ed5-9145-ea59a337c299:c4929]
2019-09-02 06:30:47,154 [grpc-default-executor-0] INFO  client.GrpcClientProtocolClient (GrpcClientProtocolClient.java:onNext(255)) - client-FF34D2C67AC5->3258574c-39ac-4ed5-9145-ea59a337c299: receive RaftClientReply:client-FF34D2C67AC5->3258574c-39ac-4ed5-9145-ea59a337c299@group-6C7D867BDA6A, cid=3520, SUCCESS, logIndex=4929, commits[3258574c-39ac-4ed5-9145-ea59a337c299:c4929]
2019-09-02 06:30:47,178 [SCMBlockDeletingService#0] DEBUG block.SCMBlockDeletingService (SCMBlockDeletingService.java:call(138)) - Running DeletedBlockTransactionScanner
2019-09-02 06:30:47,178 [SCMBlockDeletingService#0] DEBUG block.SCMBlockDeletingService (SCMBlockDeletingService.java:call(155)) - Scanned deleted blocks log and got 0 delTX to process.
2019-09-02 06:30:47,179 [grpc-default-executor-0] INFO  client.GrpcClientProtocolClient (GrpcClientProtocolClient.java:onNext(255)) - client-FF34D2C67AC5->3258574c-39ac-4ed5-9145-ea59a337c299: receive RaftClientReply:client-FF34D2C67AC5->3258574c-39ac-4ed5-9145-ea59a337c299@group-6C7D867BDA6A, cid=3521, SUCCESS, logIndex=4931, commits[3258574c-39ac-4ed5-9145-ea59a337c299:c4932]
2019-09-02 06:30:47,179 [grpc-default-executor-0] INFO  client.GrpcClientProtocolClient (GrpcClientProtocolClient.java:onNext(255)) - client-FF34D2C67AC5->3258574c-39ac-4ed5-9145-ea59a337c299: receive RaftClientReply:client-FF34D2C67AC5->3258574c-39ac-4ed5-9145-ea59a337c299@group-6C7D867BDA6A, cid=3522, SUCCESS, logIndex=4932, commits[3258574c-39ac-4ed5-9145-ea59a337c299:c4934]
2019-09-02 06:30:47,179 [grpc-default-executor-0] INFO  client.GrpcClientProtocolClient (GrpcClientProtocolClient.java:onNext(255)) - client-FF34D2C67AC5->3258574c-39ac-4ed5-9145-ea59a337c299: receive RaftClientReply:client-FF34D2C67AC5->3258574c-39ac-4ed5-9145-ea59a337c299@group-6C7D867BDA6A, cid=3523, SUCCESS, logIndex=4933, commits[3258574c-39ac-4ed5-9145-ea59a337c299:c4934]
2019-09-02 06:30:47,180 [grpc-default-executor-0] INFO  client.GrpcClientProtocolClient (GrpcClientProtocolClient.java:onNext(255)) - client-FF34D2C67AC5->3258574c-39ac-4ed5-9145-ea59a337c299: receive RaftClientReply:client-FF34D2C67AC5->3258574c-39ac-4ed5-9145-ea59a337c299@group-6C7D867BDA6A, cid=3524, SUCCESS, logIndex=4934, commits[3258574c-39ac-4ed5-9145-ea59a337c299:c4934]
2019-09-02 06:30:47,200 [grpc-default-executor-1] INFO  client.GrpcClientProtocolClient (GrpcClientProtocolClient.java:onNext(255)) - client-FF34D2C67AC5->3258574c-39ac-4ed5-9145-ea59a337c299: receive RaftClientReply:client-FF34D2C67AC5->3258574c-39ac-4ed5-9145-ea59a337c299@group-6C7D867BDA6A, cid=3525, SUCCESS, logIndex=4937, commits[3258574c-39ac-4ed5-9145-ea59a337c299:c4940]
2019-09-02 06:30:47,200 [grpc-default-executor-1] INFO  client.GrpcClientProtocolClient (GrpcClientProtocolClient.java:onNext(255)) - client-FF34D2C67AC5->3258574c-39ac-4ed5-9145-ea59a337c299: receive RaftClientReply:client-FF34D2C67AC5->3258574c-39ac-4ed5-9145-ea59a337c299@group-6C7D867BDA6A, cid=3526, SUCCESS, logIndex=4938, commits[3258574c-39ac-4ed5-9145-ea59a337c299:c4940]
2019-09-02 06:30:47,200 [grpc-default-executor-1] INFO  client.GrpcClientProtocolClient (GrpcClientProtocolClient.java:onNext(255)) - client-FF34D2C67AC5->3258574c-39ac-4ed5-9145-ea59a337c299: receive RaftClientReply:client-FF34D2C67AC5->3258574c-39ac-4ed5-9145-ea59a337c299@group-6C7D867BDA6A, cid=3527, SUCCESS, logIndex=4939, commits[3258574c-39ac-4ed5-9145-ea59a337c299:c4940]
2019-09-02 06:30:47,201 [grpc-default-executor-1] INFO  client.GrpcClientProtocolClient (GrpcClientProtocolClient.java:onNext(255)) - client-FF34D2C67AC5->3258574c-39ac-4ed5-9145-ea59a337c299: receive RaftClientReply:client-FF34D2C67AC5->3258574c-39ac-4ed5-9145-ea59a337c299@group-6C7D867BDA6A, cid=3528, SUCCESS, logIndex=4940, commits[3258574c-39ac-4ed5-9145-ea59a337c299:c4940]
2019-09-02 06:30:47,219 [grpc-default-executor-1] INFO  client.GrpcClientProtocolClient (GrpcClientProtocolClient.java:onNext(255)) - client-FF34D2C67AC5->3258574c-39ac-4ed5-9145-ea59a337c299: receive RaftClientReply:client-FF34D2C67AC5->3258574c-39ac-4ed5-9145-ea59a337c299@group-6C7D867BDA6A, cid=3529, SUCCESS, logIndex=4942, commits[3258574c-39ac-4ed5-9145-ea59a337c299:c4946]
2019-09-02 06:30:47,220 [grpc-default-executor-1] INFO  client.GrpcClientProtocolClient (GrpcClientProtocolClient.java:onNext(255)) - client-FF34D2C67AC5->3258574c-39ac-4ed5-9145-ea59a337c299: receive RaftClientReply:client-FF34D2C67AC5->3258574c-39ac-4ed5-9145-ea59a337c299@group-6C7D867BDA6A, cid=3530, SUCCESS, logIndex=4943, commits[3258574c-39ac-4ed5-9145-ea59a337c299:c4946]
2019-09-02 06:30:47,220 [grpc-default-executor-1] INFO  client.GrpcClientProtocolClient (GrpcClientProtocolClient.java:onNext(255)) - client-FF34D2C67AC5->3258574c-39ac-4ed5-9145-ea59a337c299: receive RaftClientReply:client-FF34D2C67AC5->3258574c-39ac-4ed5-9145-ea59a337c299@group-6C7D867BDA6A, cid=3531, SUCCESS, logIndex=4944, commits[3258574c-39ac-4ed5-9145-ea59a337c299:c4946]
2019-09-02 06:30:47,220 [grpc-default-executor-1] INFO  client.GrpcClientProtocolClient (GrpcClientProtocolClient.java:onNext(255)) - client-FF34D2C67AC5->3258574c-39ac-4ed5-9145-ea59a337c299: receive RaftClientReply:client-FF34D2C67AC5->3258574c-39ac-4ed5-9145-ea59a337c299@group-6C7D867BDA6A, cid=3532, SUCCESS, logIndex=4945, commits[3258574c-39ac-4ed5-9145-ea59a337c299:c4946]
2019-09-02 06:30:47,352 [SCMBlockDeletingService#0] DEBUG block.SCMBlockDeletingService (SCMBlockDeletingService.java:call(138)) - Running DeletedBlockTransactionScanner
2019-09-02 06:30:47,353 [SCMBlockDeletingService#0] DEBUG block.SCMBlockDeletingService (SCMBlockDeletingService.java:call(155)) - Scanned deleted blocks log and got 0 delTX to process.
2019-09-02 06:30:47,370 [grpc-default-executor-1] INFO  client.GrpcClientProtocolClient (GrpcClientProtocolClient.java:onNext(255)) - client-FF34D2C67AC5->3258574c-39ac-4ed5-9145-ea59a337c299: receive RaftClientReply:client-FF34D2C67AC5->3258574c-39ac-4ed5-9145-ea59a337c299@group-6C7D867BDA6A, cid=3533, SUCCESS, logIndex=4947, commits[3258574c-39ac-4ed5-9145-ea59a337c299:c4948]
2019-09-02 06:30:47,370 [grpc-default-executor-1] INFO  client.GrpcClientProtocolClient (GrpcClientProtocolClient.java:onNext(255)) - client-FF34D2C67AC5->3258574c-39ac-4ed5-9145-ea59a337c299: receive RaftClientReply:client-FF34D2C67AC5->3258574c-39ac-4ed5-9145-ea59a337c299@group-6C7D867BDA6A, cid=3534, SUCCESS, logIndex=4948, commits[3258574c-39ac-4ed5-9145-ea59a337c299:c4948]
2019-09-02 06:30:47,371 [grpc-default-executor-1] INFO  client.GrpcClientProtocolClient (GrpcClientProtocolClient.java:onNext(255)) - client-FF34D2C67AC5->3258574c-39ac-4ed5-9145-ea59a337c299: receive RaftClientReply:client-FF34D2C67AC5->3258574c-39ac-4ed5-9145-ea59a337c299@group-6C7D867BDA6A, cid=3535, SUCCESS, logIndex=4949, commits[3258574c-39ac-4ed5-9145-ea59a337c299:c4950]
2019-09-02 06:30:47,371 [grpc-default-executor-1] INFO  client.GrpcClientProtocolClient (GrpcClientProtocolClient.java:onNext(255)) - client-FF34D2C67AC5->3258574c-39ac-4ed5-9145-ea59a337c299: receive RaftClientReply:client-FF34D2C67AC5->3258574c-39ac-4ed5-9145-ea59a337c299@group-6C7D867BDA6A, cid=3536, SUCCESS, logIndex=4950, commits[3258574c-39ac-4ed5-9145-ea59a337c299:c4950]
2019-09-02 06:30:47,453 [SCMBlockDeletingService#0] DEBUG block.SCMBlockDeletingService (SCMBlockDeletingService.java:call(138)) - Running DeletedBlockTransactionScanner
2019-09-02 06:30:47,454 [SCMBlockDeletingService#0] DEBUG block.SCMBlockDeletingService (SCMBlockDeletingService.java:call(155)) - Scanned deleted blocks log and got 0 delTX to process.
2019-09-02 06:30:47,513 [grpc-default-executor-1] INFO  client.GrpcClientProtocolClient (GrpcClientProtocolClient.java:onNext(255)) - client-FF34D2C67AC5->3258574c-39ac-4ed5-9145-ea59a337c299: receive RaftClientReply:client-FF34D2C67AC5->3258574c-39ac-4ed5-9145-ea59a337c299@group-6C7D867BDA6A, cid=3537, SUCCESS, logIndex=4953, commits[3258574c-39ac-4ed5-9145-ea59a337c299:c4956]
2019-09-02 06:30:47,513 [grpc-default-executor-1] INFO  client.GrpcClientProtocolClient (GrpcClientProtocolClient.java:onNext(255)) - client-FF34D2C67AC5->3258574c-39ac-4ed5-9145-ea59a337c299: receive RaftClientReply:client-FF34D2C67AC5->3258574c-39ac-4ed5-9145-ea59a337c299@group-6C7D867BDA6A, cid=3538, SUCCESS, logIndex=4954, commits[3258574c-39ac-4ed5-9145-ea59a337c299:c4957]
2019-09-02 06:30:47,514 [grpc-default-executor-1] INFO  client.GrpcClientProtocolClient (GrpcClientProtocolClient.java:onNext(255)) - client-FF34D2C67AC5->3258574c-39ac-4ed5-9145-ea59a337c299: receive RaftClientReply:client-FF34D2C67AC5->3258574c-39ac-4ed5-9145-ea59a337c299@group-6C7D867BDA6A, cid=3539, SUCCESS, logIndex=4955, commits[3258574c-39ac-4ed5-9145-ea59a337c299:c4957]
2019-09-02 06:30:47,514 [grpc-default-executor-1] INFO  client.GrpcClientProtocolClient (GrpcClientProtocolClient.java:onNext(255)) - client-FF34D2C67AC5->3258574c-39ac-4ed5-9145-ea59a337c299: receive RaftClientReply:client-FF34D2C67AC5->3258574c-39ac-4ed5-9145-ea59a337c299@group-6C7D867BDA6A, cid=3540, SUCCESS, logIndex=4956, commits[3258574c-39ac-4ed5-9145-ea59a337c299:c4957]
2019-09-02 06:30:47,533 [grpc-default-executor-1] INFO  client.GrpcClientProtocolClient (GrpcClientProtocolClient.java:onNext(255)) - client-FF34D2C67AC5->3258574c-39ac-4ed5-9145-ea59a337c299: receive RaftClientReply:client-FF34D2C67AC5->3258574c-39ac-4ed5-9145-ea59a337c299@group-6C7D867BDA6A, cid=3541, SUCCESS, logIndex=4958, commits[3258574c-39ac-4ed5-9145-ea59a337c299:c4959]
2019-09-02 06:30:47,533 [grpc-default-executor-1] INFO  client.GrpcClientProtocolClient (GrpcClientProtocolClient.java:onNext(255)) - client-FF34D2C67AC5->3258574c-39ac-4ed5-9145-ea59a337c299: receive RaftClientReply:client-FF34D2C67AC5->3258574c-39ac-4ed5-9145-ea59a337c299@group-6C7D867BDA6A, cid=3542, SUCCESS, logIndex=4959, commits[3258574c-39ac-4ed5-9145-ea59a337c299:c4959]
2019-09-02 06:30:47,548 [grpc-default-executor-1] INFO  client.GrpcClientProtocolClient (GrpcClientProtocolClient.java:onNext(255)) - client-FF34D2C67AC5->3258574c-39ac-4ed5-9145-ea59a337c299: receive RaftClientReply:client-FF34D2C67AC5->3258574c-39ac-4ed5-9145-ea59a337c299@group-6C7D867BDA6A, cid=3543, SUCCESS, logIndex=4960, commits[3258574c-39ac-4ed5-9145-ea59a337c299:c4962]
2019-09-02 06:30:47,548 [grpc-default-executor-1] INFO  client.GrpcClientProtocolClient (GrpcClientProtocolClient.java:onNext(255)) - client-FF34D2C67AC5->3258574c-39ac-4ed5-9145-ea59a337c299: receive RaftClientReply:client-FF34D2C67AC5->3258574c-39ac-4ed5-9145-ea59a337c299@group-6C7D867BDA6A, cid=3544, SUCCESS, logIndex=4961, commits[3258574c-39ac-4ed5-9145-ea59a337c299:c4962]
2019-09-02 06:30:47,554 [SCMBlockDeletingService#0] DEBUG block.SCMBlockDeletingService (SCMBlockDeletingService.java:call(138)) - Running DeletedBlockTransactionScanner
2019-09-02 06:30:47,554 [SCMBlockDeletingService#0] DEBUG block.SCMBlockDeletingService (SCMBlockDeletingService.java:call(155)) - Scanned deleted blocks log and got 0 delTX to process.
2019-09-02 06:30:47,578 [grpc-default-executor-0] INFO  client.GrpcClientProtocolClient (GrpcClientProtocolClient.java:onNext(255)) - client-FF34D2C67AC5->3258574c-39ac-4ed5-9145-ea59a337c299: receive RaftClientReply:client-FF34D2C67AC5->3258574c-39ac-4ed5-9145-ea59a337c299@group-6C7D867BDA6A, cid=3545, SUCCESS, logIndex=4963, commits[3258574c-39ac-4ed5-9145-ea59a337c299:c4966]
2019-09-02 06:30:47,578 [grpc-default-executor-0] INFO  client.GrpcClientProtocolClient (GrpcClientProtocolClient.java:onNext(255)) - client-FF34D2C67AC5->3258574c-39ac-4ed5-9145-ea59a337c299: receive RaftClientReply:client-FF34D2C67AC5->3258574c-39ac-4ed5-9145-ea59a337c299@group-6C7D867BDA6A, cid=3546, SUCCESS, logIndex=4964, commits[3258574c-39ac-4ed5-9145-ea59a337c299:c4967]
2019-09-02 06:30:47,579 [grpc-default-executor-0] INFO  client.GrpcClientProtocolClient (GrpcClientProtocolClient.java:onNext(255)) - client-FF34D2C67AC5->3258574c-39ac-4ed5-9145-ea59a337c299: receive RaftClientReply:client-FF34D2C67AC5->3258574c-39ac-4ed5-9145-ea59a337c299@group-6C7D867BDA6A, cid=3547, SUCCESS, logIndex=4965, commits[3258574c-39ac-4ed5-9145-ea59a337c299:c4968]
2019-09-02 06:30:47,579 [grpc-default-executor-0] INFO  client.GrpcClientProtocolClient (GrpcClientProtocolClient.java:onNext(255)) - client-FF34D2C67AC5->3258574c-39ac-4ed5-9145-ea59a337c299: receive RaftClientReply:client-FF34D2C67AC5->3258574c-39ac-4ed5-9145-ea59a337c299@group-6C7D867BDA6A, cid=3548, SUCCESS, logIndex=4966, commits[3258574c-39ac-4ed5-9145-ea59a337c299:c4968]
2019-09-02 06:30:47,631 [grpc-default-executor-0] INFO  client.GrpcClientProtocolClient (GrpcClientProtocolClient.java:onNext(255)) - client-FF34D2C67AC5->3258574c-39ac-4ed5-9145-ea59a337c299: receive RaftClientReply:client-FF34D2C67AC5->3258574c-39ac-4ed5-9145-ea59a337c299@group-6C7D867BDA6A, cid=3549, SUCCESS, logIndex=4969, commits[3258574c-39ac-4ed5-9145-ea59a337c299:c4970]
2019-09-02 06:30:47,631 [grpc-default-executor-0] INFO  client.GrpcClientProtocolClient (GrpcClientProtocolClient.java:onNext(255)) - client-FF34D2C67AC5->3258574c-39ac-4ed5-9145-ea59a337c299: receive RaftClientReply:client-FF34D2C67AC5->3258574c-39ac-4ed5-9145-ea59a337c299@group-6C7D867BDA6A, cid=3550, SUCCESS, logIndex=4970, commits[3258574c-39ac-4ed5-9145-ea59a337c299:c4972]
2019-09-02 06:30:47,632 [grpc-default-executor-0] INFO  client.GrpcClientProtocolClient (GrpcClientProtocolClient.java:onNext(255)) - client-FF34D2C67AC5->3258574c-39ac-4ed5-9145-ea59a337c299: receive RaftClientReply:client-FF34D2C67AC5->3258574c-39ac-4ed5-9145-ea59a337c299@group-6C7D867BDA6A, cid=3551, SUCCESS, logIndex=4971, commits[3258574c-39ac-4ed5-9145-ea59a337c299:c4973]
2019-09-02 06:30:47,632 [grpc-default-executor-0] INFO  client.GrpcClientProtocolClient (GrpcClientProtocolClient.java:onNext(255)) - client-FF34D2C67AC5->3258574c-39ac-4ed5-9145-ea59a337c299: receive RaftClientReply:client-FF34D2C67AC5->3258574c-39ac-4ed5-9145-ea59a337c299@group-6C7D867BDA6A, cid=3552, SUCCESS, logIndex=4972, commits[3258574c-39ac-4ed5-9145-ea59a337c299:c4973]
2019-09-02 06:30:47,655 [SCMBlockDeletingService#0] DEBUG block.SCMBlockDeletingService (SCMBlockDeletingService.java:call(138)) - Running DeletedBlockTransactionScanner
2019-09-02 06:30:47,655 [SCMBlockDeletingService#0] DEBUG block.SCMBlockDeletingService (SCMBlockDeletingService.java:call(155)) - Scanned deleted blocks log and got 0 delTX to process.
2019-09-02 06:30:47,670 [grpc-default-executor-0] INFO  client.GrpcClientProtocolClient (GrpcClientProtocolClient.java:onNext(255)) - client-FF34D2C67AC5->3258574c-39ac-4ed5-9145-ea59a337c299: receive RaftClientReply:client-FF34D2C67AC5->3258574c-39ac-4ed5-9145-ea59a337c299@group-6C7D867BDA6A, cid=3553, SUCCESS, logIndex=4975, commits[3258574c-39ac-4ed5-9145-ea59a337c299:c4978]
2019-09-02 06:30:47,671 [grpc-default-executor-0] INFO  client.GrpcClientProtocolClient (GrpcClientProtocolClient.java:onNext(255)) - client-FF34D2C67AC5->3258574c-39ac-4ed5-9145-ea59a337c299: receive RaftClientReply:client-FF34D2C67AC5->3258574c-39ac-4ed5-9145-ea59a337c299@group-6C7D867BDA6A, cid=3554, SUCCESS, logIndex=4976, commits[3258574c-39ac-4ed5-9145-ea59a337c299:c4979]
2019-09-02 06:30:47,671 [grpc-default-executor-0] INFO  client.GrpcClientProtocolClient (GrpcClientProtocolClient.java:onNext(255)) - client-FF34D2C67AC5->3258574c-39ac-4ed5-9145-ea59a337c299: receive RaftClientReply:client-FF34D2C67AC5->3258574c-39ac-4ed5-9145-ea59a337c299@group-6C7D867BDA6A, cid=3555, SUCCESS, logIndex=4977, commits[3258574c-39ac-4ed5-9145-ea59a337c299:c4979]
2019-09-02 06:30:47,671 [grpc-default-executor-0] INFO  client.GrpcClientProtocolClient (GrpcClientProtocolClient.java:onNext(255)) - client-FF34D2C67AC5->3258574c-39ac-4ed5-9145-ea59a337c299: receive RaftClientReply:client-FF34D2C67AC5->3258574c-39ac-4ed5-9145-ea59a337c299@group-6C7D867BDA6A, cid=3556, SUCCESS, logIndex=4978, commits[3258574c-39ac-4ed5-9145-ea59a337c299:c4979]
2019-09-02 06:30:47,691 [grpc-default-executor-1] INFO  client.GrpcClientProtocolClient (GrpcClientProtocolClient.java:onNext(255)) - client-FF34D2C67AC5->3258574c-39ac-4ed5-9145-ea59a337c299: receive RaftClientReply:client-FF34D2C67AC5->3258574c-39ac-4ed5-9145-ea59a337c299@group-6C7D867BDA6A, cid=3557, SUCCESS, logIndex=4980, commits[3258574c-39ac-4ed5-9145-ea59a337c299:c4981]
2019-09-02 06:30:47,691 [grpc-default-executor-1] INFO  client.GrpcClientProtocolClient (GrpcClientProtocolClient.java:onNext(255)) - client-FF34D2C67AC5->3258574c-39ac-4ed5-9145-ea59a337c299: receive RaftClientReply:client-FF34D2C67AC5->3258574c-39ac-4ed5-9145-ea59a337c299@group-6C7D867BDA6A, cid=3558, SUCCESS, logIndex=4981, commits[3258574c-39ac-4ed5-9145-ea59a337c299:c4983]
2019-09-02 06:30:47,692 [grpc-default-executor-1] INFO  client.GrpcClientProtocolClient (GrpcClientProtocolClient.java:onNext(255)) - client-FF34D2C67AC5->3258574c-39ac-4ed5-9145-ea59a337c299: receive RaftClientReply:client-FF34D2C67AC5->3258574c-39ac-4ed5-9145-ea59a337c299@group-6C7D867BDA6A, cid=3559, SUCCESS, logIndex=4982, commits[3258574c-39ac-4ed5-9145-ea59a337c299:c4984]
2019-09-02 06:30:47,692 [grpc-default-executor-1] INFO  client.GrpcClientProtocolClient (GrpcClientProtocolClient.java:onNext(255)) - client-FF34D2C67AC5->3258574c-39ac-4ed5-9145-ea59a337c299: receive RaftClientReply:client-FF34D2C67AC5->3258574c-39ac-4ed5-9145-ea59a337c299@group-6C7D867BDA6A, cid=3560, SUCCESS, logIndex=4983, commits[3258574c-39ac-4ed5-9145-ea59a337c299:c4984]
2019-09-02 06:30:47,718 [grpc-default-executor-0] INFO  client.GrpcClientProtocolClient (GrpcClientProtocolClient.java:onNext(255)) - client-FF34D2C67AC5->3258574c-39ac-4ed5-9145-ea59a337c299: receive RaftClientReply:client-FF34D2C67AC5->3258574c-39ac-4ed5-9145-ea59a337c299@group-6C7D867BDA6A, cid=3561, SUCCESS, logIndex=4986, commits[3258574c-39ac-4ed5-9145-ea59a337c299:c4987]
2019-09-02 06:30:47,719 [grpc-default-executor-0] INFO  client.GrpcClientProtocolClient (GrpcClientProtocolClient.java:onNext(255)) - client-FF34D2C67AC5->3258574c-39ac-4ed5-9145-ea59a337c299: receive RaftClientReply:client-FF34D2C67AC5->3258574c-39ac-4ed5-9145-ea59a337c299@group-6C7D867BDA6A, cid=3562, SUCCESS, logIndex=4987, commits[3258574c-39ac-4ed5-9145-ea59a337c299:c4989]
2019-09-02 06:30:47,719 [grpc-default-executor-0] INFO  client.GrpcClientProtocolClient (GrpcClientProtocolClient.java:onNext(255)) - client-FF34D2C67AC5->3258574c-39ac-4ed5-9145-ea59a337c299: receive RaftClientReply:client-FF34D2C67AC5->3258574c-39ac-4ed5-9145-ea59a337c299@group-6C7D867BDA6A, cid=3563, SUCCESS, logIndex=4988, commits[3258574c-39ac-4ed5-9145-ea59a337c299:c4989]
2019-09-02 06:30:47,720 [grpc-default-executor-0] INFO  client.GrpcClientProtocolClient (GrpcClientProtocolClient.java:onNext(255)) - client-FF34D2C67AC5->3258574c-39ac-4ed5-9145-ea59a337c299: receive RaftClientReply:client-FF34D2C67AC5->3258574c-39ac-4ed5-9145-ea59a337c299@group-6C7D867BDA6A, cid=3564, SUCCESS, logIndex=4989, commits[3258574c-39ac-4ed5-9145-ea59a337c299:c4990]
2019-09-02 06:30:47,739 [grpc-default-executor-0] INFO  client.GrpcClientProtocolClient (GrpcClientProtocolClient.java:onNext(255)) - client-FF34D2C67AC5->3258574c-39ac-4ed5-9145-ea59a337c299: receive RaftClientReply:client-FF34D2C67AC5->3258574c-39ac-4ed5-9145-ea59a337c299@group-6C7D867BDA6A, cid=3565, SUCCESS, logIndex=4992, commits[3258574c-39ac-4ed5-9145-ea59a337c299:c4995]
2019-09-02 06:30:47,739 [grpc-default-executor-0] INFO  client.GrpcClientProtocolClient (GrpcClientProtocolClient.java:onNext(255)) - client-FF34D2C67AC5->3258574c-39ac-4ed5-9145-ea59a337c299: receive RaftClientReply:client-FF34D2C67AC5->3258574c-39ac-4ed5-9145-ea59a337c299@group-6C7D867BDA6A, cid=3566, SUCCESS, logIndex=4993, commits[3258574c-39ac-4ed5-9145-ea59a337c299:c4995]
2019-09-02 06:30:47,740 [grpc-default-executor-0] INFO  client.GrpcClientProtocolClient (GrpcClientProtocolClient.java:onNext(255)) - client-FF34D2C67AC5->3258574c-39ac-4ed5-9145-ea59a337c299: receive RaftClientReply:client-FF34D2C67AC5->3258574c-39ac-4ed5-9145-ea59a337c299@group-6C7D867BDA6A, cid=3567, SUCCESS, logIndex=4994, commits[3258574c-39ac-4ed5-9145-ea59a337c299:c4996]
2019-09-02 06:30:47,740 [grpc-default-executor-0] INFO  client.GrpcClientProtocolClient (GrpcClientProtocolClient.java:onNext(255)) - client-FF34D2C67AC5->3258574c-39ac-4ed5-9145-ea59a337c299: receive RaftClientReply:client-FF34D2C67AC5->3258574c-39ac-4ed5-9145-ea59a337c299@group-6C7D867BDA6A, cid=3568, SUCCESS, logIndex=4995, commits[3258574c-39ac-4ed5-9145-ea59a337c299:c4997]
2019-09-02 06:30:47,755 [SCMBlockDeletingService#0] DEBUG block.SCMBlockDeletingService (SCMBlockDeletingService.java:call(138)) - Running DeletedBlockTransactionScanner
2019-09-02 06:30:47,755 [SCMBlockDeletingService#0] DEBUG block.SCMBlockDeletingService (SCMBlockDeletingService.java:call(155)) - Scanned deleted blocks log and got 0 delTX to process.
2019-09-02 06:30:47,767 [grpc-default-executor-0] INFO  client.GrpcClientProtocolClient (GrpcClientProtocolClient.java:onNext(255)) - client-FF34D2C67AC5->3258574c-39ac-4ed5-9145-ea59a337c299: receive RaftClientReply:client-FF34D2C67AC5->3258574c-39ac-4ed5-9145-ea59a337c299@group-6C7D867BDA6A, cid=3569, SUCCESS, logIndex=4998, commits[3258574c-39ac-4ed5-9145-ea59a337c299:c4999]
2019-09-02 06:30:47,768 [grpc-default-executor-0] INFO  client.GrpcClientProtocolClient (GrpcClientProtocolClient.java:onNext(255)) - client-FF34D2C67AC5->3258574c-39ac-4ed5-9145-ea59a337c299: receive RaftClientReply:client-FF34D2C67AC5->3258574c-39ac-4ed5-9145-ea59a337c299@group-6C7D867BDA6A, cid=3570, SUCCESS, logIndex=4999, commits[3258574c-39ac-4ed5-9145-ea59a337c299:c5001]
2019-09-02 06:30:47,768 [grpc-default-executor-0] INFO  client.GrpcClientProtocolClient (GrpcClientProtocolClient.java:onNext(255)) - client-FF34D2C67AC5->3258574c-39ac-4ed5-9145-ea59a337c299: receive RaftClientReply:client-FF34D2C67AC5->3258574c-39ac-4ed5-9145-ea59a337c299@group-6C7D867BDA6A, cid=3571, SUCCESS, logIndex=5000, commits[3258574c-39ac-4ed5-9145-ea59a337c299:c5001]
2019-09-02 06:30:47,768 [grpc-default-executor-0] INFO  client.GrpcClientProtocolClient (GrpcClientProtocolClient.java:onNext(255)) - client-FF34D2C67AC5->3258574c-39ac-4ed5-9145-ea59a337c299: receive RaftClientReply:client-FF34D2C67AC5->3258574c-39ac-4ed5-9145-ea59a337c299@group-6C7D867BDA6A, cid=3572, SUCCESS, logIndex=5001, commits[3258574c-39ac-4ed5-9145-ea59a337c299:c5002]
2019-09-02 06:30:47,787 [grpc-default-executor-0] INFO  client.GrpcClientProtocolClient (GrpcClientProtocolClient.java:onNext(255)) - client-FF34D2C67AC5->3258574c-39ac-4ed5-9145-ea59a337c299: receive RaftClientReply:client-FF34D2C67AC5->3258574c-39ac-4ed5-9145-ea59a337c299@group-6C7D867BDA6A, cid=3573, SUCCESS, logIndex=5004, commits[3258574c-39ac-4ed5-9145-ea59a337c299:c5005]
2019-09-02 06:30:47,787 [grpc-default-executor-0] INFO  client.GrpcClientProtocolClient (GrpcClientProtocolClient.java:onNext(255)) - client-FF34D2C67AC5->3258574c-39ac-4ed5-9145-ea59a337c299: receive RaftClientReply:client-FF34D2C67AC5->3258574c-39ac-4ed5-9145-ea59a337c299@group-6C7D867BDA6A, cid=3574, SUCCESS, logIndex=5005, commits[3258574c-39ac-4ed5-9145-ea59a337c299:c5007]
2019-09-02 06:30:47,788 [grpc-default-executor-0] INFO  client.GrpcClientProtocolClient (GrpcClientProtocolClient.java:onNext(255)) - client-FF34D2C67AC5->3258574c-39ac-4ed5-9145-ea59a337c299: receive RaftClientReply:client-FF34D2C67AC5->3258574c-39ac-4ed5-9145-ea59a337c299@group-6C7D867BDA6A, cid=3575, SUCCESS, logIndex=5006, commits[3258574c-39ac-4ed5-9145-ea59a337c299:c5007]
2019-09-02 06:30:47,788 [grpc-default-executor-0] INFO  client.GrpcClientProtocolClient (GrpcClientProtocolClient.java:onNext(255)) - client-FF34D2C67AC5->3258574c-39ac-4ed5-9145-ea59a337c299: receive RaftClientReply:client-FF34D2C67AC5->3258574c-39ac-4ed5-9145-ea59a337c299@group-6C7D867BDA6A, cid=3576, SUCCESS, logIndex=5007, commits[3258574c-39ac-4ed5-9145-ea59a337c299:c5007]
2019-09-02 06:30:47,817 [grpc-default-executor-0] INFO  client.GrpcClientProtocolClient (GrpcClientProtocolClient.java:onNext(255)) - client-FF34D2C67AC5->3258574c-39ac-4ed5-9145-ea59a337c299: receive RaftClientReply:client-FF34D2C67AC5->3258574c-39ac-4ed5-9145-ea59a337c299@group-6C7D867BDA6A, cid=3577, SUCCESS, logIndex=5010, commits[3258574c-39ac-4ed5-9145-ea59a337c299:c5011]
2019-09-02 06:30:47,818 [grpc-default-executor-0] INFO  client.GrpcClientProtocolClient (GrpcClientProtocolClient.java:onNext(255)) - client-FF34D2C67AC5->3258574c-39ac-4ed5-9145-ea59a337c299: receive RaftClientReply:client-FF34D2C67AC5->3258574c-39ac-4ed5-9145-ea59a337c299@group-6C7D867BDA6A, cid=3578, SUCCESS, logIndex=5011, commits[3258574c-39ac-4ed5-9145-ea59a337c299:c5013]
2019-09-02 06:30:47,818 [grpc-default-executor-0] INFO  client.GrpcClientProtocolClient (GrpcClientProtocolClient.java:onNext(255)) - client-FF34D2C67AC5->3258574c-39ac-4ed5-9145-ea59a337c299: receive RaftClientReply:client-FF34D2C67AC5->3258574c-39ac-4ed5-9145-ea59a337c299@group-6C7D867BDA6A, cid=3579, SUCCESS, logIndex=5012, commits[3258574c-39ac-4ed5-9145-ea59a337c299:c5014]
2019-09-02 06:30:47,818 [grpc-default-executor-0] INFO  client.GrpcClientProtocolClient (GrpcClientProtocolClient.java:onNext(255)) - client-FF34D2C67AC5->3258574c-39ac-4ed5-9145-ea59a337c299: receive RaftClientReply:client-FF34D2C67AC5->3258574c-39ac-4ed5-9145-ea59a337c299@group-6C7D867BDA6A, cid=3580, SUCCESS, logIndex=5013, commits[3258574c-39ac-4ed5-9145-ea59a337c299:c5014]
2019-09-02 06:30:47,856 [SCMBlockDeletingService#1] DEBUG block.SCMBlockDeletingService (SCMBlockDeletingService.java:call(138)) - Running DeletedBlockTransactionScanner
2019-09-02 06:30:47,856 [SCMBlockDeletingService#1] DEBUG block.SCMBlockDeletingService (SCMBlockDeletingService.java:call(155)) - Scanned deleted blocks log and got 0 delTX to process.
2019-09-02 06:30:47,930 [grpc-default-executor-1] INFO  client.GrpcClientProtocolClient (GrpcClientProtocolClient.java:onNext(255)) - client-FF34D2C67AC5->3258574c-39ac-4ed5-9145-ea59a337c299: receive RaftClientReply:client-FF34D2C67AC5->3258574c-39ac-4ed5-9145-ea59a337c299@group-6C7D867BDA6A, cid=3581, SUCCESS, logIndex=5016, commits[3258574c-39ac-4ed5-9145-ea59a337c299:c5019]
2019-09-02 06:30:47,930 [grpc-default-executor-1] INFO  client.GrpcClientProtocolClient (GrpcClientProtocolClient.java:onNext(255)) - client-FF34D2C67AC5->3258574c-39ac-4ed5-9145-ea59a337c299: receive RaftClientReply:client-FF34D2C67AC5->3258574c-39ac-4ed5-9145-ea59a337c299@group-6C7D867BDA6A, cid=3582, SUCCESS, logIndex=5017, commits[3258574c-39ac-4ed5-9145-ea59a337c299:c5020]
2019-09-02 06:30:47,931 [grpc-default-executor-1] INFO  client.GrpcClientProtocolClient (GrpcClientProtocolClient.java:onNext(255)) - client-FF34D2C67AC5->3258574c-39ac-4ed5-9145-ea59a337c299: receive RaftClientReply:client-FF34D2C67AC5->3258574c-39ac-4ed5-9145-ea59a337c299@group-6C7D867BDA6A, cid=3583, SUCCESS, logIndex=5018, commits[3258574c-39ac-4ed5-9145-ea59a337c299:c5020]
2019-09-02 06:30:47,931 [grpc-default-executor-1] INFO  client.GrpcClientProtocolClient (GrpcClientProtocolClient.java:onNext(255)) - client-FF34D2C67AC5->3258574c-39ac-4ed5-9145-ea59a337c299: receive RaftClientReply:client-FF34D2C67AC5->3258574c-39ac-4ed5-9145-ea59a337c299@group-6C7D867BDA6A, cid=3584, SUCCESS, logIndex=5019, commits[3258574c-39ac-4ed5-9145-ea59a337c299:c5020]
2019-09-02 06:30:47,956 [SCMBlockDeletingService#1] DEBUG block.SCMBlockDeletingService (SCMBlockDeletingService.java:call(138)) - Running DeletedBlockTransactionScanner
2019-09-02 06:30:47,956 [SCMBlockDeletingService#1] DEBUG block.SCMBlockDeletingService (SCMBlockDeletingService.java:call(155)) - Scanned deleted blocks log and got 0 delTX to process.
2019-09-02 06:30:47,964 [grpc-default-executor-1] INFO  client.GrpcClientProtocolClient (GrpcClientProtocolClient.java:onNext(255)) - client-FF34D2C67AC5->3258574c-39ac-4ed5-9145-ea59a337c299: receive RaftClientReply:client-FF34D2C67AC5->3258574c-39ac-4ed5-9145-ea59a337c299@group-6C7D867BDA6A, cid=3585, SUCCESS, logIndex=5021, commits[3258574c-39ac-4ed5-9145-ea59a337c299:c5024]
2019-09-02 06:30:47,965 [grpc-default-executor-1] INFO  client.GrpcClientProtocolClient (GrpcClientProtocolClient.java:onNext(255)) - client-FF34D2C67AC5->3258574c-39ac-4ed5-9145-ea59a337c299: receive RaftClientReply:client-FF34D2C67AC5->3258574c-39ac-4ed5-9145-ea59a337c299@group-6C7D867BDA6A, cid=3586, SUCCESS, logIndex=5022, commits[3258574c-39ac-4ed5-9145-ea59a337c299:c5025]
2019-09-02 06:30:47,965 [grpc-default-executor-1] INFO  client.GrpcClientProtocolClient (GrpcClientProtocolClient.java:onNext(255)) - client-FF34D2C67AC5->3258574c-39ac-4ed5-9145-ea59a337c299: receive RaftClientReply:client-FF34D2C67AC5->3258574c-39ac-4ed5-9145-ea59a337c299@group-6C7D867BDA6A, cid=3587, SUCCESS, logIndex=5023, commits[3258574c-39ac-4ed5-9145-ea59a337c299:c5025]
2019-09-02 06:30:47,965 [grpc-default-executor-1] INFO  client.GrpcClientProtocolClient (GrpcClientProtocolClient.java:onNext(255)) - client-FF34D2C67AC5->3258574c-39ac-4ed5-9145-ea59a337c299: receive RaftClientReply:client-FF34D2C67AC5->3258574c-39ac-4ed5-9145-ea59a337c299@group-6C7D867BDA6A, cid=3588, SUCCESS, logIndex=5024, commits[3258574c-39ac-4ed5-9145-ea59a337c299:c5025]
2019-09-02 06:30:47,985 [grpc-default-executor-1] INFO  client.GrpcClientProtocolClient (GrpcClientProtocolClient.java:onNext(255)) - client-FF34D2C67AC5->3258574c-39ac-4ed5-9145-ea59a337c299: receive RaftClientReply:client-FF34D2C67AC5->3258574c-39ac-4ed5-9145-ea59a337c299@group-6C7D867BDA6A, cid=3589, SUCCESS, logIndex=5026, commits[3258574c-39ac-4ed5-9145-ea59a337c299:c5029]
2019-09-02 06:30:47,986 [grpc-default-executor-1] INFO  client.GrpcClientProtocolClient (GrpcClientProtocolClient.java:onNext(255)) - client-FF34D2C67AC5->3258574c-39ac-4ed5-9145-ea59a337c299: receive RaftClientReply:client-FF34D2C67AC5->3258574c-39ac-4ed5-9145-ea59a337c299@group-6C7D867BDA6A, cid=3590, SUCCESS, logIndex=5027, commits[3258574c-39ac-4ed5-9145-ea59a337c299:c5029]
2019-09-02 06:30:47,986 [grpc-default-executor-1] INFO  client.GrpcClientProtocolClient (GrpcClientProtocolClient.java:onNext(255)) - client-FF34D2C67AC5->3258574c-39ac-4ed5-9145-ea59a337c299: receive RaftClientReply:client-FF34D2C67AC5->3258574c-39ac-4ed5-9145-ea59a337c299@group-6C7D867BDA6A, cid=3591, SUCCESS, logIndex=5028, commits[3258574c-39ac-4ed5-9145-ea59a337c299:c5029]
2019-09-02 06:30:47,986 [grpc-default-executor-1] INFO  client.GrpcClientProtocolClient (GrpcClientProtocolClient.java:onNext(255)) - client-FF34D2C67AC5->3258574c-39ac-4ed5-9145-ea59a337c299: receive RaftClientReply:client-FF34D2C67AC5->3258574c-39ac-4ed5-9145-ea59a337c299@group-6C7D867BDA6A, cid=3592, SUCCESS, logIndex=5029, commits[3258574c-39ac-4ed5-9145-ea59a337c299:c5030]
2019-09-02 06:30:48,013 [grpc-default-executor-1] INFO  client.GrpcClientProtocolClient (GrpcClientProtocolClient.java:onNext(255)) - client-FF34D2C67AC5->3258574c-39ac-4ed5-9145-ea59a337c299: receive RaftClientReply:client-FF34D2C67AC5->3258574c-39ac-4ed5-9145-ea59a337c299@group-6C7D867BDA6A, cid=3593, SUCCESS, logIndex=5031, commits[3258574c-39ac-4ed5-9145-ea59a337c299:c5032]
2019-09-02 06:30:48,013 [grpc-default-executor-1] INFO  client.GrpcClientProtocolClient (GrpcClientProtocolClient.java:onNext(255)) - client-FF34D2C67AC5->3258574c-39ac-4ed5-9145-ea59a337c299: receive RaftClientReply:client-FF34D2C67AC5->3258574c-39ac-4ed5-9145-ea59a337c299@group-6C7D867BDA6A, cid=3594, SUCCESS, logIndex=5032, commits[3258574c-39ac-4ed5-9145-ea59a337c299:c5032]
2019-09-02 06:30:48,021 [grpc-default-executor-1] INFO  client.GrpcClientProtocolClient (GrpcClientProtocolClient.java:onNext(255)) - client-FF34D2C67AC5->3258574c-39ac-4ed5-9145-ea59a337c299: receive RaftClientReply:client-FF34D2C67AC5->3258574c-39ac-4ed5-9145-ea59a337c299@group-6C7D867BDA6A, cid=3595, SUCCESS, logIndex=5033, commits[3258574c-39ac-4ed5-9145-ea59a337c299:c5034]
2019-09-02 06:30:48,022 [grpc-default-executor-1] INFO  client.GrpcClientProtocolClient (GrpcClientProtocolClient.java:onNext(255)) - client-FF34D2C67AC5->3258574c-39ac-4ed5-9145-ea59a337c299: receive RaftClientReply:client-FF34D2C67AC5->3258574c-39ac-4ed5-9145-ea59a337c299@group-6C7D867BDA6A, cid=3596, SUCCESS, logIndex=5034, commits[3258574c-39ac-4ed5-9145-ea59a337c299:c5035]
2019-09-02 06:30:48,042 [grpc-default-executor-1] INFO  client.GrpcClientProtocolClient (GrpcClientProtocolClient.java:onNext(255)) - client-FF34D2C67AC5->3258574c-39ac-4ed5-9145-ea59a337c299: receive RaftClientReply:client-FF34D2C67AC5->3258574c-39ac-4ed5-9145-ea59a337c299@group-6C7D867BDA6A, cid=3597, SUCCESS, logIndex=5037, commits[3258574c-39ac-4ed5-9145-ea59a337c299:c5040]
2019-09-02 06:30:48,043 [grpc-default-executor-1] INFO  client.GrpcClientProtocolClient (GrpcClientProtocolClient.java:onNext(255)) - client-FF34D2C67AC5->3258574c-39ac-4ed5-9145-ea59a337c299: receive RaftClientReply:client-FF34D2C67AC5->3258574c-39ac-4ed5-9145-ea59a337c299@group-6C7D867BDA6A, cid=3598, SUCCESS, logIndex=5038, commits[3258574c-39ac-4ed5-9145-ea59a337c299:c5040]
2019-09-02 06:30:48,043 [grpc-default-executor-1] INFO  client.GrpcClientProtocolClient (GrpcClientProtocolClient.java:onNext(255)) - client-FF34D2C67AC5->3258574c-39ac-4ed5-9145-ea59a337c299: receive RaftClientReply:client-FF34D2C67AC5->3258574c-39ac-4ed5-9145-ea59a337c299@group-6C7D867BDA6A, cid=3599, SUCCESS, logIndex=5039, commits[3258574c-39ac-4ed5-9145-ea59a337c299:c5041]
2019-09-02 06:30:48,043 [grpc-default-executor-1] INFO  client.GrpcClientProtocolClient (GrpcClientProtocolClient.java:onNext(255)) - client-FF34D2C67AC5->3258574c-39ac-4ed5-9145-ea59a337c299: receive RaftClientReply:client-FF34D2C67AC5->3258574c-39ac-4ed5-9145-ea59a337c299@group-6C7D867BDA6A, cid=3600, SUCCESS, logIndex=5040, commits[3258574c-39ac-4ed5-9145-ea59a337c299:c5041]
2019-09-02 06:30:48,057 [SCMBlockDeletingService#1] DEBUG block.SCMBlockDeletingService (SCMBlockDeletingService.java:call(138)) - Running DeletedBlockTransactionScanner
2019-09-02 06:30:48,057 [SCMBlockDeletingService#1] DEBUG block.SCMBlockDeletingService (SCMBlockDeletingService.java:call(155)) - Scanned deleted blocks log and got 0 delTX to process.
2019-09-02 06:30:48,074 [grpc-default-executor-0] INFO  client.GrpcClientProtocolClient (GrpcClientProtocolClient.java:onNext(255)) - client-FF34D2C67AC5->3258574c-39ac-4ed5-9145-ea59a337c299: receive RaftClientReply:client-FF34D2C67AC5->3258574c-39ac-4ed5-9145-ea59a337c299@group-6C7D867BDA6A, cid=3601, SUCCESS, logIndex=5043, commits[3258574c-39ac-4ed5-9145-ea59a337c299:c5044]
2019-09-02 06:30:48,074 [grpc-default-executor-0] INFO  client.GrpcClientProtocolClient (GrpcClientProtocolClient.java:onNext(255)) - client-FF34D2C67AC5->3258574c-39ac-4ed5-9145-ea59a337c299: receive RaftClientReply:client-FF34D2C67AC5->3258574c-39ac-4ed5-9145-ea59a337c299@group-6C7D867BDA6A, cid=3602, SUCCESS, logIndex=5044, commits[3258574c-39ac-4ed5-9145-ea59a337c299:c5044]
2019-09-02 06:30:48,089 [grpc-default-executor-0] INFO  client.GrpcClientProtocolClient (GrpcClientProtocolClient.java:onNext(255)) - client-FF34D2C67AC5->3258574c-39ac-4ed5-9145-ea59a337c299: receive RaftClientReply:client-FF34D2C67AC5->3258574c-39ac-4ed5-9145-ea59a337c299@group-6C7D867BDA6A, cid=3603, SUCCESS, logIndex=5045, commits[3258574c-39ac-4ed5-9145-ea59a337c299:c5047]
2019-09-02 06:30:48,089 [grpc-default-executor-0] INFO  client.GrpcClientProtocolClient (GrpcClientProtocolClient.java:onNext(255)) - client-FF34D2C67AC5->3258574c-39ac-4ed5-9145-ea59a337c299: receive RaftClientReply:client-FF34D2C67AC5->3258574c-39ac-4ed5-9145-ea59a337c299@group-6C7D867BDA6A, cid=3604, SUCCESS, logIndex=5046, commits[3258574c-39ac-4ed5-9145-ea59a337c299:c5047]
2019-09-02 06:30:48,111 [grpc-default-executor-0] INFO  client.GrpcClientProtocolClient (GrpcClientProtocolClient.java:onNext(255)) - client-FF34D2C67AC5->3258574c-39ac-4ed5-9145-ea59a337c299: receive RaftClientReply:client-FF34D2C67AC5->3258574c-39ac-4ed5-9145-ea59a337c299@group-6C7D867BDA6A, cid=3605, SUCCESS, logIndex=5048, commits[3258574c-39ac-4ed5-9145-ea59a337c299:c5051]
2019-09-02 06:30:48,111 [grpc-default-executor-0] INFO  client.GrpcClientProtocolClient (GrpcClientProtocolClient.java:onNext(255)) - client-FF34D2C67AC5->3258574c-39ac-4ed5-9145-ea59a337c299: receive RaftClientReply:client-FF34D2C67AC5->3258574c-39ac-4ed5-9145-ea59a337c299@group-6C7D867BDA6A, cid=3606, SUCCESS, logIndex=5049, commits[3258574c-39ac-4ed5-9145-ea59a337c299:c5052]
2019-09-02 06:30:48,112 [grpc-default-executor-0] INFO  client.GrpcClientProtocolClient (GrpcClientProtocolClient.java:onNext(255)) - client-FF34D2C67AC5->3258574c-39ac-4ed5-9145-ea59a337c299: receive RaftClientReply:client-FF34D2C67AC5->3258574c-39ac-4ed5-9145-ea59a337c299@group-6C7D867BDA6A, cid=3607, SUCCESS, logIndex=5050, commits[3258574c-39ac-4ed5-9145-ea59a337c299:c5052]
2019-09-02 06:30:48,112 [grpc-default-executor-0] INFO  client.GrpcClientProtocolClient (GrpcClientProtocolClient.java:onNext(255)) - client-FF34D2C67AC5->3258574c-39ac-4ed5-9145-ea59a337c299: receive RaftClientReply:client-FF34D2C67AC5->3258574c-39ac-4ed5-9145-ea59a337c299@group-6C7D867BDA6A, cid=3608, SUCCESS, logIndex=5051, commits[3258574c-39ac-4ed5-9145-ea59a337c299:c5052]
2019-09-02 06:30:48,139 [grpc-default-executor-0] INFO  client.GrpcClientProtocolClient (GrpcClientProtocolClient.java:onNext(255)) - client-FF34D2C67AC5->3258574c-39ac-4ed5-9145-ea59a337c299: receive RaftClientReply:client-FF34D2C67AC5->3258574c-39ac-4ed5-9145-ea59a337c299@group-6C7D867BDA6A, cid=3609, SUCCESS, logIndex=5053, commits[3258574c-39ac-4ed5-9145-ea59a337c299:c5054]
2019-09-02 06:30:48,139 [grpc-default-executor-0] INFO  client.GrpcClientProtocolClient (GrpcClientProtocolClient.java:onNext(255)) - client-FF34D2C67AC5->3258574c-39ac-4ed5-9145-ea59a337c299: receive RaftClientReply:client-FF34D2C67AC5->3258574c-39ac-4ed5-9145-ea59a337c299@group-6C7D867BDA6A, cid=3610, SUCCESS, logIndex=5054, commits[3258574c-39ac-4ed5-9145-ea59a337c299:c5056]
2019-09-02 06:30:48,140 [grpc-default-executor-0] INFO  client.GrpcClientProtocolClient (GrpcClientProtocolClient.java:onNext(255)) - client-FF34D2C67AC5->3258574c-39ac-4ed5-9145-ea59a337c299: receive RaftClientReply:client-FF34D2C67AC5->3258574c-39ac-4ed5-9145-ea59a337c299@group-6C7D867BDA6A, cid=3611, SUCCESS, logIndex=5055, commits[3258574c-39ac-4ed5-9145-ea59a337c299:c5056]
2019-09-02 06:30:48,140 [grpc-default-executor-0] INFO  client.GrpcClientProtocolClient (GrpcClientProtocolClient.java:onNext(255)) - client-FF34D2C67AC5->3258574c-39ac-4ed5-9145-ea59a337c299: receive RaftClientReply:client-FF34D2C67AC5->3258574c-39ac-4ed5-9145-ea59a337c299@group-6C7D867BDA6A, cid=3612, SUCCESS, logIndex=5056, commits[3258574c-39ac-4ed5-9145-ea59a337c299:c5057]
2019-09-02 06:30:48,157 [SCMBlockDeletingService#1] DEBUG block.SCMBlockDeletingService (SCMBlockDeletingService.java:call(138)) - Running DeletedBlockTransactionScanner
2019-09-02 06:30:48,158 [SCMBlockDeletingService#1] DEBUG block.SCMBlockDeletingService (SCMBlockDeletingService.java:call(155)) - Scanned deleted blocks log and got 0 delTX to process.
2019-09-02 06:30:48,161 [grpc-default-executor-0] INFO  client.GrpcClientProtocolClient (GrpcClientProtocolClient.java:onNext(255)) - client-FF34D2C67AC5->3258574c-39ac-4ed5-9145-ea59a337c299: receive RaftClientReply:client-FF34D2C67AC5->3258574c-39ac-4ed5-9145-ea59a337c299@group-6C7D867BDA6A, cid=3613, SUCCESS, logIndex=5059, commits[3258574c-39ac-4ed5-9145-ea59a337c299:c5062]
2019-09-02 06:30:48,161 [grpc-default-executor-0] INFO  client.GrpcClientProtocolClient (GrpcClientProtocolClient.java:onNext(255)) - client-FF34D2C67AC5->3258574c-39ac-4ed5-9145-ea59a337c299: receive RaftClientReply:client-FF34D2C67AC5->3258574c-39ac-4ed5-9145-ea59a337c299@group-6C7D867BDA6A, cid=3614, SUCCESS, logIndex=5060, commits[3258574c-39ac-4ed5-9145-ea59a337c299:c5063]
2019-09-02 06:30:48,162 [grpc-default-executor-0] INFO  client.GrpcClientProtocolClient (GrpcClientProtocolClient.java:onNext(255)) - client-FF34D2C67AC5->3258574c-39ac-4ed5-9145-ea59a337c299: receive RaftClientReply:client-FF34D2C67AC5->3258574c-39ac-4ed5-9145-ea59a337c299@group-6C7D867BDA6A, cid=3615, SUCCESS, logIndex=5061, commits[3258574c-39ac-4ed5-9145-ea59a337c299:c5063]
2019-09-02 06:30:48,162 [grpc-default-executor-0] INFO  client.GrpcClientProtocolClient (GrpcClientProtocolClient.java:onNext(255)) - client-FF34D2C67AC5->3258574c-39ac-4ed5-9145-ea59a337c299: receive RaftClientReply:client-FF34D2C67AC5->3258574c-39ac-4ed5-9145-ea59a337c299@group-6C7D867BDA6A, cid=3616, SUCCESS, logIndex=5062, commits[3258574c-39ac-4ed5-9145-ea59a337c299:c5063]
2019-09-02 06:30:48,189 [grpc-default-executor-0] INFO  client.GrpcClientProtocolClient (GrpcClientProtocolClient.java:onNext(255)) - client-FF34D2C67AC5->3258574c-39ac-4ed5-9145-ea59a337c299: receive RaftClientReply:client-FF34D2C67AC5->3258574c-39ac-4ed5-9145-ea59a337c299@group-6C7D867BDA6A, cid=3617, SUCCESS, logIndex=5064, commits[3258574c-39ac-4ed5-9145-ea59a337c299:c5065]
2019-09-02 06:30:48,190 [grpc-default-executor-0] INFO  client.GrpcClientProtocolClient (GrpcClientProtocolClient.java:onNext(255)) - client-FF34D2C67AC5->3258574c-39ac-4ed5-9145-ea59a337c299: receive RaftClientReply:client-FF34D2C67AC5->3258574c-39ac-4ed5-9145-ea59a337c299@group-6C7D867BDA6A, cid=3618, SUCCESS, logIndex=5065, commits[3258574c-39ac-4ed5-9145-ea59a337c299:c5065]
2019-09-02 06:30:48,191 [grpc-default-executor-0] INFO  client.GrpcClientProtocolClient (GrpcClientProtocolClient.java:onNext(255)) - client-FF34D2C67AC5->3258574c-39ac-4ed5-9145-ea59a337c299: receive RaftClientReply:client-FF34D2C67AC5->3258574c-39ac-4ed5-9145-ea59a337c299@group-6C7D867BDA6A, cid=3619, SUCCESS, logIndex=5066, commits[3258574c-39ac-4ed5-9145-ea59a337c299:c5067]
2019-09-02 06:30:48,191 [grpc-default-executor-0] INFO  client.GrpcClientProtocolClient (GrpcClientProtocolClient.java:onNext(255)) - client-FF34D2C67AC5->3258574c-39ac-4ed5-9145-ea59a337c299: receive RaftClientReply:client-FF34D2C67AC5->3258574c-39ac-4ed5-9145-ea59a337c299@group-6C7D867BDA6A, cid=3620, SUCCESS, logIndex=5067, commits[3258574c-39ac-4ed5-9145-ea59a337c299:c5067]
2019-09-02 06:30:48,204 [grpc-default-executor-0] INFO  client.GrpcClientProtocolClient (GrpcClientProtocolClient.java:onNext(255)) - client-FF34D2C67AC5->3258574c-39ac-4ed5-9145-ea59a337c299: receive RaftClientReply:client-FF34D2C67AC5->3258574c-39ac-4ed5-9145-ea59a337c299@group-6C7D867BDA6A, cid=3621, SUCCESS, logIndex=5070, commits[3258574c-39ac-4ed5-9145-ea59a337c299:c5073]
2019-09-02 06:30:48,205 [grpc-default-executor-0] INFO  client.GrpcClientProtocolClient (GrpcClientProtocolClient.java:onNext(255)) - client-FF34D2C67AC5->3258574c-39ac-4ed5-9145-ea59a337c299: receive RaftClientReply:client-FF34D2C67AC5->3258574c-39ac-4ed5-9145-ea59a337c299@group-6C7D867BDA6A, cid=3622, SUCCESS, logIndex=5071, commits[3258574c-39ac-4ed5-9145-ea59a337c299:c5073]
2019-09-02 06:30:48,205 [grpc-default-executor-0] INFO  client.GrpcClientProtocolClient (GrpcClientProtocolClient.java:onNext(255)) - client-FF34D2C67AC5->3258574c-39ac-4ed5-9145-ea59a337c299: receive RaftClientReply:client-FF34D2C67AC5->3258574c-39ac-4ed5-9145-ea59a337c299@group-6C7D867BDA6A, cid=3623, SUCCESS, logIndex=5072, commits[3258574c-39ac-4ed5-9145-ea59a337c299:c5074]
2019-09-02 06:30:48,205 [grpc-default-executor-0] INFO  client.GrpcClientProtocolClient (GrpcClientProtocolClient.java:onNext(255)) - client-FF34D2C67AC5->3258574c-39ac-4ed5-9145-ea59a337c299: receive RaftClientReply:client-FF34D2C67AC5->3258574c-39ac-4ed5-9145-ea59a337c299@group-6C7D867BDA6A, cid=3624, SUCCESS, logIndex=5073, commits[3258574c-39ac-4ed5-9145-ea59a337c299:c5074]
2019-09-02 06:30:48,293 [SCMBlockDeletingService#1] DEBUG block.SCMBlockDeletingService (SCMBlockDeletingService.java:call(138)) - Running DeletedBlockTransactionScanner
2019-09-02 06:30:48,293 [SCMBlockDeletingService#1] DEBUG block.SCMBlockDeletingService (SCMBlockDeletingService.java:call(155)) - Scanned deleted blocks log and got 0 delTX to process.
2019-09-02 06:30:48,393 [SCMBlockDeletingService#1] DEBUG block.SCMBlockDeletingService (SCMBlockDeletingService.java:call(138)) - Running DeletedBlockTransactionScanner
2019-09-02 06:30:48,394 [SCMBlockDeletingService#1] DEBUG block.SCMBlockDeletingService (SCMBlockDeletingService.java:call(155)) - Scanned deleted blocks log and got 0 delTX to process.
2019-09-02 06:30:48,400 [grpc-default-executor-0] INFO  client.GrpcClientProtocolClient (GrpcClientProtocolClient.java:onNext(255)) - client-FF34D2C67AC5->3258574c-39ac-4ed5-9145-ea59a337c299: receive RaftClientReply:client-FF34D2C67AC5->3258574c-39ac-4ed5-9145-ea59a337c299@group-6C7D867BDA6A, cid=3625, SUCCESS, logIndex=5075, commits[3258574c-39ac-4ed5-9145-ea59a337c299:c5076]
2019-09-02 06:30:48,400 [grpc-default-executor-0] INFO  client.GrpcClientProtocolClient (GrpcClientProtocolClient.java:onNext(255)) - client-FF34D2C67AC5->3258574c-39ac-4ed5-9145-ea59a337c299: receive RaftClientReply:client-FF34D2C67AC5->3258574c-39ac-4ed5-9145-ea59a337c299@group-6C7D867BDA6A, cid=3626, SUCCESS, logIndex=5076, commits[3258574c-39ac-4ed5-9145-ea59a337c299:c5078]
2019-09-02 06:30:48,401 [grpc-default-executor-0] INFO  client.GrpcClientProtocolClient (GrpcClientProtocolClient.java:onNext(255)) - client-FF34D2C67AC5->3258574c-39ac-4ed5-9145-ea59a337c299: receive RaftClientReply:client-FF34D2C67AC5->3258574c-39ac-4ed5-9145-ea59a337c299@group-6C7D867BDA6A, cid=3627, SUCCESS, logIndex=5077, commits[3258574c-39ac-4ed5-9145-ea59a337c299:c5078]
2019-09-02 06:30:48,401 [grpc-default-executor-0] INFO  client.GrpcClientProtocolClient (GrpcClientProtocolClient.java:onNext(255)) - client-FF34D2C67AC5->3258574c-39ac-4ed5-9145-ea59a337c299: receive RaftClientReply:client-FF34D2C67AC5->3258574c-39ac-4ed5-9145-ea59a337c299@group-6C7D867BDA6A, cid=3628, SUCCESS, logIndex=5078, commits[3258574c-39ac-4ed5-9145-ea59a337c299:c5078]
2019-09-02 06:30:48,411 [grpc-default-executor-0] INFO  client.GrpcClientProtocolClient (GrpcClientProtocolClient.java:onNext(255)) - client-FF34D2C67AC5->3258574c-39ac-4ed5-9145-ea59a337c299: receive RaftClientReply:client-FF34D2C67AC5->3258574c-39ac-4ed5-9145-ea59a337c299@group-6C7D867BDA6A, cid=3629, SUCCESS, logIndex=5081, commits[3258574c-39ac-4ed5-9145-ea59a337c299:c5084]
2019-09-02 06:30:48,412 [grpc-default-executor-0] INFO  client.GrpcClientProtocolClient (GrpcClientProtocolClient.java:onNext(255)) - client-FF34D2C67AC5->3258574c-39ac-4ed5-9145-ea59a337c299: receive RaftClientReply:client-FF34D2C67AC5->3258574c-39ac-4ed5-9145-ea59a337c299@group-6C7D867BDA6A, cid=3630, SUCCESS, logIndex=5082, commits[3258574c-39ac-4ed5-9145-ea59a337c299:c5085]
2019-09-02 06:30:48,412 [grpc-default-executor-0] INFO  client.GrpcClientProtocolClient (GrpcClientProtocolClient.java:onNext(255)) - client-FF34D2C67AC5->3258574c-39ac-4ed5-9145-ea59a337c299: receive RaftClientReply:client-FF34D2C67AC5->3258574c-39ac-4ed5-9145-ea59a337c299@group-6C7D867BDA6A, cid=3631, SUCCESS, logIndex=5083, commits[3258574c-39ac-4ed5-9145-ea59a337c299:c5085]
2019-09-02 06:30:48,412 [grpc-default-executor-0] INFO  client.GrpcClientProtocolClient (GrpcClientProtocolClient.java:onNext(255)) - client-FF34D2C67AC5->3258574c-39ac-4ed5-9145-ea59a337c299: receive RaftClientReply:client-FF34D2C67AC5->3258574c-39ac-4ed5-9145-ea59a337c299@group-6C7D867BDA6A, cid=3632, SUCCESS, logIndex=5084, commits[3258574c-39ac-4ed5-9145-ea59a337c299:c5085]
2019-09-02 06:30:48,442 [grpc-default-executor-0] INFO  client.GrpcClientProtocolClient (GrpcClientProtocolClient.java:onNext(255)) - client-FF34D2C67AC5->3258574c-39ac-4ed5-9145-ea59a337c299: receive RaftClientReply:client-FF34D2C67AC5->3258574c-39ac-4ed5-9145-ea59a337c299@group-6C7D867BDA6A, cid=3633, SUCCESS, logIndex=5086, commits[3258574c-39ac-4ed5-9145-ea59a337c299:c5089]
2019-09-02 06:30:48,443 [grpc-default-executor-0] INFO  client.GrpcClientProtocolClient (GrpcClientProtocolClient.java:onNext(255)) - client-FF34D2C67AC5->3258574c-39ac-4ed5-9145-ea59a337c299: receive RaftClientReply:client-FF34D2C67AC5->3258574c-39ac-4ed5-9145-ea59a337c299@group-6C7D867BDA6A, cid=3634, SUCCESS, logIndex=5087, commits[3258574c-39ac-4ed5-9145-ea59a337c299:c5090]
2019-09-02 06:30:48,444 [grpc-default-executor-0] INFO  client.GrpcClientProtocolClient (GrpcClientProtocolClient.java:onNext(255)) - client-FF34D2C67AC5->3258574c-39ac-4ed5-9145-ea59a337c299: receive RaftClientReply:client-FF34D2C67AC5->3258574c-39ac-4ed5-9145-ea59a337c299@group-6C7D867BDA6A, cid=3635, SUCCESS, logIndex=5088, commits[3258574c-39ac-4ed5-9145-ea59a337c299:c5090]
2019-09-02 06:30:48,444 [grpc-default-executor-0] INFO  client.GrpcClientProtocolClient (GrpcClientProtocolClient.java:onNext(255)) - client-FF34D2C67AC5->3258574c-39ac-4ed5-9145-ea59a337c299: receive RaftClientReply:client-FF34D2C67AC5->3258574c-39ac-4ed5-9145-ea59a337c299@group-6C7D867BDA6A, cid=3636, SUCCESS, logIndex=5089, commits[3258574c-39ac-4ed5-9145-ea59a337c299:c5090]
2019-09-02 06:30:48,462 [grpc-default-executor-1] INFO  client.GrpcClientProtocolClient (GrpcClientProtocolClient.java:onNext(255)) - client-FF34D2C67AC5->3258574c-39ac-4ed5-9145-ea59a337c299: receive RaftClientReply:client-FF34D2C67AC5->3258574c-39ac-4ed5-9145-ea59a337c299@group-6C7D867BDA6A, cid=3637, SUCCESS, logIndex=5091, commits[3258574c-39ac-4ed5-9145-ea59a337c299:c5092]
2019-09-02 06:30:48,462 [grpc-default-executor-1] INFO  client.GrpcClientProtocolClient (GrpcClientProtocolClient.java:onNext(255)) - client-FF34D2C67AC5->3258574c-39ac-4ed5-9145-ea59a337c299: receive RaftClientReply:client-FF34D2C67AC5->3258574c-39ac-4ed5-9145-ea59a337c299@group-6C7D867BDA6A, cid=3638, SUCCESS, logIndex=5092, commits[3258574c-39ac-4ed5-9145-ea59a337c299:c5094]
2019-09-02 06:30:48,463 [grpc-default-executor-1] INFO  client.GrpcClientProtocolClient (GrpcClientProtocolClient.java:onNext(255)) - client-FF34D2C67AC5->3258574c-39ac-4ed5-9145-ea59a337c299: receive RaftClientReply:client-FF34D2C67AC5->3258574c-39ac-4ed5-9145-ea59a337c299@group-6C7D867BDA6A, cid=3639, SUCCESS, logIndex=5093, commits[3258574c-39ac-4ed5-9145-ea59a337c299:c5094]
2019-09-02 06:30:48,463 [grpc-default-executor-1] INFO  client.GrpcClientProtocolClient (GrpcClientProtocolClient.java:onNext(255)) - client-FF34D2C67AC5->3258574c-39ac-4ed5-9145-ea59a337c299: receive RaftClientReply:client-FF34D2C67AC5->3258574c-39ac-4ed5-9145-ea59a337c299@group-6C7D867BDA6A, cid=3640, SUCCESS, logIndex=5094, commits[3258574c-39ac-4ed5-9145-ea59a337c299:c5095]
2019-09-02 06:30:48,494 [SCMBlockDeletingService#1] DEBUG block.SCMBlockDeletingService (SCMBlockDeletingService.java:call(138)) - Running DeletedBlockTransactionScanner
2019-09-02 06:30:48,494 [grpc-default-executor-0] INFO  client.GrpcClientProtocolClient (GrpcClientProtocolClient.java:onNext(255)) - client-FF34D2C67AC5->3258574c-39ac-4ed5-9145-ea59a337c299: receive RaftClientReply:client-FF34D2C67AC5->3258574c-39ac-4ed5-9145-ea59a337c299@group-6C7D867BDA6A, cid=3641, SUCCESS, logIndex=5097, commits[3258574c-39ac-4ed5-9145-ea59a337c299:c5100]
2019-09-02 06:30:48,494 [SCMBlockDeletingService#1] DEBUG block.SCMBlockDeletingService (SCMBlockDeletingService.java:call(155)) - Scanned deleted blocks log and got 0 delTX to process.
2019-09-02 06:30:48,495 [grpc-default-executor-0] INFO  client.GrpcClientProtocolClient (GrpcClientProtocolClient.java:onNext(255)) - client-FF34D2C67AC5->3258574c-39ac-4ed5-9145-ea59a337c299: receive RaftClientReply:client-FF34D2C67AC5->3258574c-39ac-4ed5-9145-ea59a337c299@group-6C7D867BDA6A, cid=3642, SUCCESS, logIndex=5098, commits[3258574c-39ac-4ed5-9145-ea59a337c299:c5101]
2019-09-02 06:30:48,495 [grpc-default-executor-0] INFO  client.GrpcClientProtocolClient (GrpcClientProtocolClient.java:onNext(255)) - client-FF34D2C67AC5->3258574c-39ac-4ed5-9145-ea59a337c299: receive RaftClientReply:client-FF34D2C67AC5->3258574c-39ac-4ed5-9145-ea59a337c299@group-6C7D867BDA6A, cid=3643, SUCCESS, logIndex=5099, commits[3258574c-39ac-4ed5-9145-ea59a337c299:c5101]
2019-09-02 06:30:48,495 [grpc-default-executor-0] INFO  client.GrpcClientProtocolClient (GrpcClientProtocolClient.java:onNext(255)) - client-FF34D2C67AC5->3258574c-39ac-4ed5-9145-ea59a337c299: receive RaftClientReply:client-FF34D2C67AC5->3258574c-39ac-4ed5-9145-ea59a337c299@group-6C7D867BDA6A, cid=3644, SUCCESS, logIndex=5100, commits[3258574c-39ac-4ed5-9145-ea59a337c299:c5101]
2019-09-02 06:30:48,514 [grpc-default-executor-1] INFO  client.GrpcClientProtocolClient (GrpcClientProtocolClient.java:onNext(255)) - client-FF34D2C67AC5->3258574c-39ac-4ed5-9145-ea59a337c299: receive RaftClientReply:client-FF34D2C67AC5->3258574c-39ac-4ed5-9145-ea59a337c299@group-6C7D867BDA6A, cid=3645, SUCCESS, logIndex=5102, commits[3258574c-39ac-4ed5-9145-ea59a337c299:c5103]
2019-09-02 06:30:48,515 [grpc-default-executor-1] INFO  client.GrpcClientProtocolClient (GrpcClientProtocolClient.java:onNext(255)) - client-FF34D2C67AC5->3258574c-39ac-4ed5-9145-ea59a337c299: receive RaftClientReply:client-FF34D2C67AC5->3258574c-39ac-4ed5-9145-ea59a337c299@group-6C7D867BDA6A, cid=3646, SUCCESS, logIndex=5103, commits[3258574c-39ac-4ed5-9145-ea59a337c299:c5105]
2019-09-02 06:30:48,515 [grpc-default-executor-1] INFO  client.GrpcClientProtocolClient (GrpcClientProtocolClient.java:onNext(255)) - client-FF34D2C67AC5->3258574c-39ac-4ed5-9145-ea59a337c299: receive RaftClientReply:client-FF34D2C67AC5->3258574c-39ac-4ed5-9145-ea59a337c299@group-6C7D867BDA6A, cid=3647, SUCCESS, logIndex=5104, commits[3258574c-39ac-4ed5-9145-ea59a337c299:c5106]
2019-09-02 06:30:48,515 [grpc-default-executor-1] INFO  client.GrpcClientProtocolClient (GrpcClientProtocolClient.java:onNext(255)) - client-FF34D2C67AC5->3258574c-39ac-4ed5-9145-ea59a337c299: receive RaftClientReply:client-FF34D2C67AC5->3258574c-39ac-4ed5-9145-ea59a337c299@group-6C7D867BDA6A, cid=3648, SUCCESS, logIndex=5105, commits[3258574c-39ac-4ed5-9145-ea59a337c299:c5106]
2019-09-02 06:30:48,545 [grpc-default-executor-1] INFO  client.GrpcClientProtocolClient (GrpcClientProtocolClient.java:onNext(255)) - client-FF34D2C67AC5->3258574c-39ac-4ed5-9145-ea59a337c299: receive RaftClientReply:client-FF34D2C67AC5->3258574c-39ac-4ed5-9145-ea59a337c299@group-6C7D867BDA6A, cid=3649, SUCCESS, logIndex=5108, commits[3258574c-39ac-4ed5-9145-ea59a337c299:c5109]
2019-09-02 06:30:48,545 [grpc-default-executor-1] INFO  client.GrpcClientProtocolClient (GrpcClientProtocolClient.java:onNext(255)) - client-FF34D2C67AC5->3258574c-39ac-4ed5-9145-ea59a337c299: receive RaftClientReply:client-FF34D2C67AC5->3258574c-39ac-4ed5-9145-ea59a337c299@group-6C7D867BDA6A, cid=3650, SUCCESS, logIndex=5109, commits[3258574c-39ac-4ed5-9145-ea59a337c299:c5111]
2019-09-02 06:30:48,546 [grpc-default-executor-1] INFO  client.GrpcClientProtocolClient (GrpcClientProtocolClient.java:onNext(255)) - client-FF34D2C67AC5->3258574c-39ac-4ed5-9145-ea59a337c299: receive RaftClientReply:client-FF34D2C67AC5->3258574c-39ac-4ed5-9145-ea59a337c299@group-6C7D867BDA6A, cid=3651, SUCCESS, logIndex=5110, commits[3258574c-39ac-4ed5-9145-ea59a337c299:c5112]
2019-09-02 06:30:48,546 [grpc-default-executor-1] INFO  client.GrpcClientProtocolClient (GrpcClientProtocolClient.java:onNext(255)) - client-FF34D2C67AC5->3258574c-39ac-4ed5-9145-ea59a337c299: receive RaftClientReply:client-FF34D2C67AC5->3258574c-39ac-4ed5-9145-ea59a337c299@group-6C7D867BDA6A, cid=3652, SUCCESS, logIndex=5111, commits[3258574c-39ac-4ed5-9145-ea59a337c299:c5112]
2019-09-02 06:30:48,565 [grpc-default-executor-1] INFO  client.GrpcClientProtocolClient (GrpcClientProtocolClient.java:onNext(255)) - client-FF34D2C67AC5->3258574c-39ac-4ed5-9145-ea59a337c299: receive RaftClientReply:client-FF34D2C67AC5->3258574c-39ac-4ed5-9145-ea59a337c299@group-6C7D867BDA6A, cid=3653, SUCCESS, logIndex=5114, commits[3258574c-39ac-4ed5-9145-ea59a337c299:c5115]
2019-09-02 06:30:48,565 [grpc-default-executor-1] INFO  client.GrpcClientProtocolClient (GrpcClientProtocolClient.java:onNext(255)) - client-FF34D2C67AC5->3258574c-39ac-4ed5-9145-ea59a337c299: receive RaftClientReply:client-FF34D2C67AC5->3258574c-39ac-4ed5-9145-ea59a337c299@group-6C7D867BDA6A, cid=3654, SUCCESS, logIndex=5115, commits[3258574c-39ac-4ed5-9145-ea59a337c299:c5117]
2019-09-02 06:30:48,565 [grpc-default-executor-1] INFO  client.GrpcClientProtocolClient (GrpcClientProtocolClient.java:onNext(255)) - client-FF34D2C67AC5->3258574c-39ac-4ed5-9145-ea59a337c299: receive RaftClientReply:client-FF34D2C67AC5->3258574c-39ac-4ed5-9145-ea59a337c299@group-6C7D867BDA6A, cid=3655, SUCCESS, logIndex=5116, commits[3258574c-39ac-4ed5-9145-ea59a337c299:c5118]
2019-09-02 06:30:48,565 [grpc-default-executor-1] INFO  client.GrpcClientProtocolClient (GrpcClientProtocolClient.java:onNext(255)) - client-FF34D2C67AC5->3258574c-39ac-4ed5-9145-ea59a337c299: receive RaftClientReply:client-FF34D2C67AC5->3258574c-39ac-4ed5-9145-ea59a337c299@group-6C7D867BDA6A, cid=3656, SUCCESS, logIndex=5117, commits[3258574c-39ac-4ed5-9145-ea59a337c299:c5119]
2019-09-02 06:30:48,595 [SCMBlockDeletingService#1] DEBUG block.SCMBlockDeletingService (SCMBlockDeletingService.java:call(138)) - Running DeletedBlockTransactionScanner
2019-09-02 06:30:48,595 [SCMBlockDeletingService#1] DEBUG block.SCMBlockDeletingService (SCMBlockDeletingService.java:call(155)) - Scanned deleted blocks log and got 0 delTX to process.
2019-09-02 06:30:48,596 [grpc-default-executor-1] INFO  client.GrpcClientProtocolClient (GrpcClientProtocolClient.java:onNext(255)) - client-FF34D2C67AC5->3258574c-39ac-4ed5-9145-ea59a337c299: receive RaftClientReply:client-FF34D2C67AC5->3258574c-39ac-4ed5-9145-ea59a337c299@group-6C7D867BDA6A, cid=3657, SUCCESS, logIndex=5120, commits[3258574c-39ac-4ed5-9145-ea59a337c299:c5123]
2019-09-02 06:30:48,596 [grpc-default-executor-1] INFO  client.GrpcClientProtocolClient (GrpcClientProtocolClient.java:onNext(255)) - client-FF34D2C67AC5->3258574c-39ac-4ed5-9145-ea59a337c299: receive RaftClientReply:client-FF34D2C67AC5->3258574c-39ac-4ed5-9145-ea59a337c299@group-6C7D867BDA6A, cid=3658, SUCCESS, logIndex=5121, commits[3258574c-39ac-4ed5-9145-ea59a337c299:c5124]
2019-09-02 06:30:48,597 [grpc-default-executor-1] INFO  client.GrpcClientProtocolClient (GrpcClientProtocolClient.java:onNext(255)) - client-FF34D2C67AC5->3258574c-39ac-4ed5-9145-ea59a337c299: receive RaftClientReply:client-FF34D2C67AC5->3258574c-39ac-4ed5-9145-ea59a337c299@group-6C7D867BDA6A, cid=3659, SUCCESS, logIndex=5122, commits[3258574c-39ac-4ed5-9145-ea59a337c299:c5125]
2019-09-02 06:30:48,597 [grpc-default-executor-1] INFO  client.GrpcClientProtocolClient (GrpcClientProtocolClient.java:onNext(255)) - client-FF34D2C67AC5->3258574c-39ac-4ed5-9145-ea59a337c299: receive RaftClientReply:client-FF34D2C67AC5->3258574c-39ac-4ed5-9145-ea59a337c299@group-6C7D867BDA6A, cid=3660, SUCCESS, logIndex=5123, commits[3258574c-39ac-4ed5-9145-ea59a337c299:c5125]
2019-09-02 06:30:48,615 [grpc-default-executor-1] INFO  client.GrpcClientProtocolClient (GrpcClientProtocolClient.java:onNext(255)) - client-FF34D2C67AC5->3258574c-39ac-4ed5-9145-ea59a337c299: receive RaftClientReply:client-FF34D2C67AC5->3258574c-39ac-4ed5-9145-ea59a337c299@group-6C7D867BDA6A, cid=3661, SUCCESS, logIndex=5126, commits[3258574c-39ac-4ed5-9145-ea59a337c299:c5127]
2019-09-02 06:30:48,615 [grpc-default-executor-1] INFO  client.GrpcClientProtocolClient (GrpcClientProtocolClient.java:onNext(255)) - client-FF34D2C67AC5->3258574c-39ac-4ed5-9145-ea59a337c299: receive RaftClientReply:client-FF34D2C67AC5->3258574c-39ac-4ed5-9145-ea59a337c299@group-6C7D867BDA6A, cid=3662, SUCCESS, logIndex=5127, commits[3258574c-39ac-4ed5-9145-ea59a337c299:c5127]
2019-09-02 06:30:48,629 [grpc-default-executor-1] INFO  client.GrpcClientProtocolClient (GrpcClientProtocolClient.java:onNext(255)) - client-FF34D2C67AC5->3258574c-39ac-4ed5-9145-ea59a337c299: receive RaftClientReply:client-FF34D2C67AC5->3258574c-39ac-4ed5-9145-ea59a337c299@group-6C7D867BDA6A, cid=3663, SUCCESS, logIndex=5128, commits[3258574c-39ac-4ed5-9145-ea59a337c299:c5129]
2019-09-02 06:30:48,629 [grpc-default-executor-1] INFO  client.GrpcClientProtocolClient (GrpcClientProtocolClient.java:onNext(255)) - client-FF34D2C67AC5->3258574c-39ac-4ed5-9145-ea59a337c299: receive RaftClientReply:client-FF34D2C67AC5->3258574c-39ac-4ed5-9145-ea59a337c299@group-6C7D867BDA6A, cid=3664, SUCCESS, logIndex=5129, commits[3258574c-39ac-4ed5-9145-ea59a337c299:c5130]
2019-09-02 06:30:48,646 [grpc-default-executor-0] INFO  client.GrpcClientProtocolClient (GrpcClientProtocolClient.java:onNext(255)) - client-FF34D2C67AC5->3258574c-39ac-4ed5-9145-ea59a337c299: receive RaftClientReply:client-FF34D2C67AC5->3258574c-39ac-4ed5-9145-ea59a337c299@group-6C7D867BDA6A, cid=3665, SUCCESS, logIndex=5132, commits[3258574c-39ac-4ed5-9145-ea59a337c299:c5133]
2019-09-02 06:30:48,647 [grpc-default-executor-0] INFO  client.GrpcClientProtocolClient (GrpcClientProtocolClient.java:onNext(255)) - client-FF34D2C67AC5->3258574c-39ac-4ed5-9145-ea59a337c299: receive RaftClientReply:client-FF34D2C67AC5->3258574c-39ac-4ed5-9145-ea59a337c299@group-6C7D867BDA6A, cid=3666, SUCCESS, logIndex=5133, commits[3258574c-39ac-4ed5-9145-ea59a337c299:c5133]
2019-09-02 06:30:48,648 [grpc-default-executor-0] INFO  client.GrpcClientProtocolClient (GrpcClientProtocolClient.java:onNext(255)) - client-FF34D2C67AC5->3258574c-39ac-4ed5-9145-ea59a337c299: receive RaftClientReply:client-FF34D2C67AC5->3258574c-39ac-4ed5-9145-ea59a337c299@group-6C7D867BDA6A, cid=3667, SUCCESS, logIndex=5134, commits[3258574c-39ac-4ed5-9145-ea59a337c299:c5136]
2019-09-02 06:30:48,648 [grpc-default-executor-0] INFO  client.GrpcClientProtocolClient (GrpcClientProtocolClient.java:onNext(255)) - client-FF34D2C67AC5->3258574c-39ac-4ed5-9145-ea59a337c299: receive RaftClientReply:client-FF34D2C67AC5->3258574c-39ac-4ed5-9145-ea59a337c299@group-6C7D867BDA6A, cid=3668, SUCCESS, logIndex=5135, commits[3258574c-39ac-4ed5-9145-ea59a337c299:c5136]
2019-09-02 06:30:48,695 [SCMBlockDeletingService#1] DEBUG block.SCMBlockDeletingService (SCMBlockDeletingService.java:call(138)) - Running DeletedBlockTransactionScanner
2019-09-02 06:30:48,696 [SCMBlockDeletingService#1] DEBUG block.SCMBlockDeletingService (SCMBlockDeletingService.java:call(155)) - Scanned deleted blocks log and got 0 delTX to process.
2019-09-02 06:30:48,752 [grpc-default-executor-0] INFO  client.GrpcClientProtocolClient (GrpcClientProtocolClient.java:onNext(255)) - client-FF34D2C67AC5->3258574c-39ac-4ed5-9145-ea59a337c299: receive RaftClientReply:client-FF34D2C67AC5->3258574c-39ac-4ed5-9145-ea59a337c299@group-6C7D867BDA6A, cid=3669, SUCCESS, logIndex=5137, commits[3258574c-39ac-4ed5-9145-ea59a337c299:c5138]
2019-09-02 06:30:48,753 [grpc-default-executor-0] INFO  client.GrpcClientProtocolClient (GrpcClientProtocolClient.java:onNext(255)) - client-FF34D2C67AC5->3258574c-39ac-4ed5-9145-ea59a337c299: receive RaftClientReply:client-FF34D2C67AC5->3258574c-39ac-4ed5-9145-ea59a337c299@group-6C7D867BDA6A, cid=3670, SUCCESS, logIndex=5138, commits[3258574c-39ac-4ed5-9145-ea59a337c299:c5138]
2019-09-02 06:30:48,754 [grpc-default-executor-0] INFO  client.GrpcClientProtocolClient (GrpcClientProtocolClient.java:onNext(255)) - client-FF34D2C67AC5->3258574c-39ac-4ed5-9145-ea59a337c299: receive RaftClientReply:client-FF34D2C67AC5->3258574c-39ac-4ed5-9145-ea59a337c299@group-6C7D867BDA6A, cid=3671, SUCCESS, logIndex=5139, commits[3258574c-39ac-4ed5-9145-ea59a337c299:c5140]
2019-09-02 06:30:48,754 [grpc-default-executor-0] INFO  client.GrpcClientProtocolClient (GrpcClientProtocolClient.java:onNext(255)) - client-FF34D2C67AC5->3258574c-39ac-4ed5-9145-ea59a337c299: receive RaftClientReply:client-FF34D2C67AC5->3258574c-39ac-4ed5-9145-ea59a337c299@group-6C7D867BDA6A, cid=3672, SUCCESS, logIndex=5140, commits[3258574c-39ac-4ed5-9145-ea59a337c299:c5140]
2019-09-02 06:30:48,778 [grpc-default-executor-0] INFO  client.GrpcClientProtocolClient (GrpcClientProtocolClient.java:onNext(255)) - client-FF34D2C67AC5->3258574c-39ac-4ed5-9145-ea59a337c299: receive RaftClientReply:client-FF34D2C67AC5->3258574c-39ac-4ed5-9145-ea59a337c299@group-6C7D867BDA6A, cid=3673, SUCCESS, logIndex=5143, commits[3258574c-39ac-4ed5-9145-ea59a337c299:c5146]
2019-09-02 06:30:48,779 [grpc-default-executor-0] INFO  client.GrpcClientProtocolClient (GrpcClientProtocolClient.java:onNext(255)) - client-FF34D2C67AC5->3258574c-39ac-4ed5-9145-ea59a337c299: receive RaftClientReply:client-FF34D2C67AC5->3258574c-39ac-4ed5-9145-ea59a337c299@group-6C7D867BDA6A, cid=3674, SUCCESS, logIndex=5144, commits[3258574c-39ac-4ed5-9145-ea59a337c299:c5146]
2019-09-02 06:30:48,779 [grpc-default-executor-0] INFO  client.GrpcClientProtocolClient (GrpcClientProtocolClient.java:onNext(255)) - client-FF34D2C67AC5->3258574c-39ac-4ed5-9145-ea59a337c299: receive RaftClientReply:client-FF34D2C67AC5->3258574c-39ac-4ed5-9145-ea59a337c299@group-6C7D867BDA6A, cid=3675, SUCCESS, logIndex=5145, commits[3258574c-39ac-4ed5-9145-ea59a337c299:c5146]
2019-09-02 06:30:48,779 [grpc-default-executor-0] INFO  client.GrpcClientProtocolClient (GrpcClientProtocolClient.java:onNext(255)) - client-FF34D2C67AC5->3258574c-39ac-4ed5-9145-ea59a337c299: receive RaftClientReply:client-FF34D2C67AC5->3258574c-39ac-4ed5-9145-ea59a337c299@group-6C7D867BDA6A, cid=3676, SUCCESS, logIndex=5146, commits[3258574c-39ac-4ed5-9145-ea59a337c299:c5147]
2019-09-02 06:30:48,796 [SCMBlockDeletingService#1] DEBUG block.SCMBlockDeletingService (SCMBlockDeletingService.java:call(138)) - Running DeletedBlockTransactionScanner
2019-09-02 06:30:48,796 [SCMBlockDeletingService#1] DEBUG block.SCMBlockDeletingService (SCMBlockDeletingService.java:call(155)) - Scanned deleted blocks log and got 0 delTX to process.
2019-09-02 06:30:48,797 [grpc-default-executor-0] INFO  client.GrpcClientProtocolClient (GrpcClientProtocolClient.java:onNext(255)) - client-FF34D2C67AC5->3258574c-39ac-4ed5-9145-ea59a337c299: receive RaftClientReply:client-FF34D2C67AC5->3258574c-39ac-4ed5-9145-ea59a337c299@group-6C7D867BDA6A, cid=3677, SUCCESS, logIndex=5149, commits[3258574c-39ac-4ed5-9145-ea59a337c299:c5150]
2019-09-02 06:30:48,797 [grpc-default-executor-0] INFO  client.GrpcClientProtocolClient (GrpcClientProtocolClient.java:onNext(255)) - client-FF34D2C67AC5->3258574c-39ac-4ed5-9145-ea59a337c299: receive RaftClientReply:client-FF34D2C67AC5->3258574c-39ac-4ed5-9145-ea59a337c299@group-6C7D867BDA6A, cid=3678, SUCCESS, logIndex=5150, commits[3258574c-39ac-4ed5-9145-ea59a337c299:c5152]
2019-09-02 06:30:48,797 [grpc-default-executor-0] INFO  client.GrpcClientProtocolClient (GrpcClientProtocolClient.java:onNext(255)) - client-FF34D2C67AC5->3258574c-39ac-4ed5-9145-ea59a337c299: receive RaftClientReply:client-FF34D2C67AC5->3258574c-39ac-4ed5-9145-ea59a337c299@group-6C7D867BDA6A, cid=3679, SUCCESS, logIndex=5151, commits[3258574c-39ac-4ed5-9145-ea59a337c299:c5153]
2019-09-02 06:30:48,798 [grpc-default-executor-0] INFO  client.GrpcClientProtocolClient (GrpcClientProtocolClient.java:onNext(255)) - client-FF34D2C67AC5->3258574c-39ac-4ed5-9145-ea59a337c299: receive RaftClientReply:client-FF34D2C67AC5->3258574c-39ac-4ed5-9145-ea59a337c299@group-6C7D867BDA6A, cid=3680, SUCCESS, logIndex=5152, commits[3258574c-39ac-4ed5-9145-ea59a337c299:c5153]
2019-09-02 06:30:48,826 [grpc-default-executor-1] INFO  client.GrpcClientProtocolClient (GrpcClientProtocolClient.java:onNext(255)) - client-FF34D2C67AC5->3258574c-39ac-4ed5-9145-ea59a337c299: receive RaftClientReply:client-FF34D2C67AC5->3258574c-39ac-4ed5-9145-ea59a337c299@group-6C7D867BDA6A, cid=3681, SUCCESS, logIndex=5155, commits[3258574c-39ac-4ed5-9145-ea59a337c299:c5158]
2019-09-02 06:30:48,826 [grpc-default-executor-1] INFO  client.GrpcClientProtocolClient (GrpcClientProtocolClient.java:onNext(255)) - client-FF34D2C67AC5->3258574c-39ac-4ed5-9145-ea59a337c299: receive RaftClientReply:client-FF34D2C67AC5->3258574c-39ac-4ed5-9145-ea59a337c299@group-6C7D867BDA6A, cid=3682, SUCCESS, logIndex=5156, commits[3258574c-39ac-4ed5-9145-ea59a337c299:c5158]
2019-09-02 06:30:48,826 [grpc-default-executor-1] INFO  client.GrpcClientProtocolClient (GrpcClientProtocolClient.java:onNext(255)) - client-FF34D2C67AC5->3258574c-39ac-4ed5-9145-ea59a337c299: receive RaftClientReply:client-FF34D2C67AC5->3258574c-39ac-4ed5-9145-ea59a337c299@group-6C7D867BDA6A, cid=3683, SUCCESS, logIndex=5157, commits[3258574c-39ac-4ed5-9145-ea59a337c299:c5158]
2019-09-02 06:30:48,827 [grpc-default-executor-1] INFO  client.GrpcClientProtocolClient (GrpcClientProtocolClient.java:onNext(255)) - client-FF34D2C67AC5->3258574c-39ac-4ed5-9145-ea59a337c299: receive RaftClientReply:client-FF34D2C67AC5->3258574c-39ac-4ed5-9145-ea59a337c299@group-6C7D867BDA6A, cid=3684, SUCCESS, logIndex=5158, commits[3258574c-39ac-4ed5-9145-ea59a337c299:c5158]
2019-09-02 06:30:48,844 [grpc-default-executor-0] INFO  client.GrpcClientProtocolClient (GrpcClientProtocolClient.java:onNext(255)) - client-FF34D2C67AC5->3258574c-39ac-4ed5-9145-ea59a337c299: receive RaftClientReply:client-FF34D2C67AC5->3258574c-39ac-4ed5-9145-ea59a337c299@group-6C7D867BDA6A, cid=3685, SUCCESS, logIndex=5160, commits[3258574c-39ac-4ed5-9145-ea59a337c299:c5161]
2019-09-02 06:30:48,845 [grpc-default-executor-0] INFO  client.GrpcClientProtocolClient (GrpcClientProtocolClient.java:onNext(255)) - client-FF34D2C67AC5->3258574c-39ac-4ed5-9145-ea59a337c299: receive RaftClientReply:client-FF34D2C67AC5->3258574c-39ac-4ed5-9145-ea59a337c299@group-6C7D867BDA6A, cid=3686, SUCCESS, logIndex=5161, commits[3258574c-39ac-4ed5-9145-ea59a337c299:c5161]
2019-09-02 06:30:48,847 [grpc-default-executor-0] INFO  client.GrpcClientProtocolClient (GrpcClientProtocolClient.java:onNext(255)) - client-FF34D2C67AC5->3258574c-39ac-4ed5-9145-ea59a337c299: receive RaftClientReply:client-FF34D2C67AC5->3258574c-39ac-4ed5-9145-ea59a337c299@group-6C7D867BDA6A, cid=3687, SUCCESS, logIndex=5162, commits[3258574c-39ac-4ed5-9145-ea59a337c299:c5163]
2019-09-02 06:30:48,847 [grpc-default-executor-0] INFO  client.GrpcClientProtocolClient (GrpcClientProtocolClient.java:onNext(255)) - client-FF34D2C67AC5->3258574c-39ac-4ed5-9145-ea59a337c299: receive RaftClientReply:client-FF34D2C67AC5->3258574c-39ac-4ed5-9145-ea59a337c299@group-6C7D867BDA6A, cid=3688, SUCCESS, logIndex=5163, commits[3258574c-39ac-4ed5-9145-ea59a337c299:c5163]
2019-09-02 06:30:48,871 [grpc-default-executor-0] INFO  client.GrpcClientProtocolClient (GrpcClientProtocolClient.java:onNext(255)) - client-FF34D2C67AC5->3258574c-39ac-4ed5-9145-ea59a337c299: receive RaftClientReply:client-FF34D2C67AC5->3258574c-39ac-4ed5-9145-ea59a337c299@group-6C7D867BDA6A, cid=3689, SUCCESS, logIndex=5166, commits[3258574c-39ac-4ed5-9145-ea59a337c299:c5167]
2019-09-02 06:30:48,872 [grpc-default-executor-0] INFO  client.GrpcClientProtocolClient (GrpcClientProtocolClient.java:onNext(255)) - client-FF34D2C67AC5->3258574c-39ac-4ed5-9145-ea59a337c299: receive RaftClientReply:client-FF34D2C67AC5->3258574c-39ac-4ed5-9145-ea59a337c299@group-6C7D867BDA6A, cid=3690, SUCCESS, logIndex=5167, commits[3258574c-39ac-4ed5-9145-ea59a337c299:c5167]
2019-09-02 06:30:48,872 [grpc-default-executor-0] INFO  client.GrpcClientProtocolClient (GrpcClientProtocolClient.java:onNext(255)) - client-FF34D2C67AC5->3258574c-39ac-4ed5-9145-ea59a337c299: receive RaftClientReply:client-FF34D2C67AC5->3258574c-39ac-4ed5-9145-ea59a337c299@group-6C7D867BDA6A, cid=3691, SUCCESS, logIndex=5168, commits[3258574c-39ac-4ed5-9145-ea59a337c299:c5169]
2019-09-02 06:30:48,873 [grpc-default-executor-0] INFO  client.GrpcClientProtocolClient (GrpcClientProtocolClient.java:onNext(255)) - client-FF34D2C67AC5->3258574c-39ac-4ed5-9145-ea59a337c299: receive RaftClientReply:client-FF34D2C67AC5->3258574c-39ac-4ed5-9145-ea59a337c299@group-6C7D867BDA6A, cid=3692, SUCCESS, logIndex=5169, commits[3258574c-39ac-4ed5-9145-ea59a337c299:c5170]
2019-09-02 06:30:48,891 [grpc-default-executor-0] INFO  client.GrpcClientProtocolClient (GrpcClientProtocolClient.java:onNext(255)) - client-FF34D2C67AC5->3258574c-39ac-4ed5-9145-ea59a337c299: receive RaftClientReply:client-FF34D2C67AC5->3258574c-39ac-4ed5-9145-ea59a337c299@group-6C7D867BDA6A, cid=3693, SUCCESS, logIndex=5172, commits[3258574c-39ac-4ed5-9145-ea59a337c299:c5173]
2019-09-02 06:30:48,891 [grpc-default-executor-0] INFO  client.GrpcClientProtocolClient (GrpcClientProtocolClient.java:onNext(255)) - client-FF34D2C67AC5->3258574c-39ac-4ed5-9145-ea59a337c299: receive RaftClientReply:client-FF34D2C67AC5->3258574c-39ac-4ed5-9145-ea59a337c299@group-6C7D867BDA6A, cid=3694, SUCCESS, logIndex=5173, commits[3258574c-39ac-4ed5-9145-ea59a337c299:c5175]
2019-09-02 06:30:48,892 [grpc-default-executor-0] INFO  client.GrpcClientProtocolClient (GrpcClientProtocolClient.java:onNext(255)) - client-FF34D2C67AC5->3258574c-39ac-4ed5-9145-ea59a337c299: receive RaftClientReply:client-FF34D2C67AC5->3258574c-39ac-4ed5-9145-ea59a337c299@group-6C7D867BDA6A, cid=3695, SUCCESS, logIndex=5174, commits[3258574c-39ac-4ed5-9145-ea59a337c299:c5176]
2019-09-02 06:30:48,892 [grpc-default-executor-0] INFO  client.GrpcClientProtocolClient (GrpcClientProtocolClient.java:onNext(255)) - client-FF34D2C67AC5->3258574c-39ac-4ed5-9145-ea59a337c299: receive RaftClientReply:client-FF34D2C67AC5->3258574c-39ac-4ed5-9145-ea59a337c299@group-6C7D867BDA6A, cid=3696, SUCCESS, logIndex=5175, commits[3258574c-39ac-4ed5-9145-ea59a337c299:c5176]
2019-09-02 06:30:48,896 [SCMBlockDeletingService#1] DEBUG block.SCMBlockDeletingService (SCMBlockDeletingService.java:call(138)) - Running DeletedBlockTransactionScanner
2019-09-02 06:30:48,896 [SCMBlockDeletingService#1] DEBUG block.SCMBlockDeletingService (SCMBlockDeletingService.java:call(155)) - Scanned deleted blocks log and got 0 delTX to process.
2019-09-02 06:30:48,919 [grpc-default-executor-0] INFO  client.GrpcClientProtocolClient (GrpcClientProtocolClient.java:onNext(255)) - client-FF34D2C67AC5->3258574c-39ac-4ed5-9145-ea59a337c299: receive RaftClientReply:client-FF34D2C67AC5->3258574c-39ac-4ed5-9145-ea59a337c299@group-6C7D867BDA6A, cid=3697, SUCCESS, logIndex=5178, commits[3258574c-39ac-4ed5-9145-ea59a337c299:c5181]
2019-09-02 06:30:48,920 [grpc-default-executor-0] INFO  client.GrpcClientProtocolClient (GrpcClientProtocolClient.java:onNext(255)) - client-FF34D2C67AC5->3258574c-39ac-4ed5-9145-ea59a337c299: receive RaftClientReply:client-FF34D2C67AC5->3258574c-39ac-4ed5-9145-ea59a337c299@group-6C7D867BDA6A, cid=3698, SUCCESS, logIndex=5179, commits[3258574c-39ac-4ed5-9145-ea59a337c299:c5181]
2019-09-02 06:30:48,920 [grpc-default-executor-0] INFO  client.GrpcClientProtocolClient (GrpcClientProtocolClient.java:onNext(255)) - client-FF34D2C67AC5->3258574c-39ac-4ed5-9145-ea59a337c299: receive RaftClientReply:client-FF34D2C67AC5->3258574c-39ac-4ed5-9145-ea59a337c299@group-6C7D867BDA6A, cid=3699, SUCCESS, logIndex=5180, commits[3258574c-39ac-4ed5-9145-ea59a337c299:c5182]
2019-09-02 06:30:48,920 [grpc-default-executor-0] INFO  client.GrpcClientProtocolClient (GrpcClientProtocolClient.java:onNext(255)) - client-FF34D2C67AC5->3258574c-39ac-4ed5-9145-ea59a337c299: receive RaftClientReply:client-FF34D2C67AC5->3258574c-39ac-4ed5-9145-ea59a337c299@group-6C7D867BDA6A, cid=3700, SUCCESS, logIndex=5181, commits[3258574c-39ac-4ed5-9145-ea59a337c299:c5183]
2019-09-02 06:30:48,938 [grpc-default-executor-1] INFO  client.GrpcClientProtocolClient (GrpcClientProtocolClient.java:onNext(255)) - client-FF34D2C67AC5->3258574c-39ac-4ed5-9145-ea59a337c299: receive RaftClientReply:client-FF34D2C67AC5->3258574c-39ac-4ed5-9145-ea59a337c299@group-6C7D867BDA6A, cid=3701, SUCCESS, logIndex=5184, commits[3258574c-39ac-4ed5-9145-ea59a337c299:c5187]
2019-09-02 06:30:48,939 [grpc-default-executor-1] INFO  client.GrpcClientProtocolClient (GrpcClientProtocolClient.java:onNext(255)) - client-FF34D2C67AC5->3258574c-39ac-4ed5-9145-ea59a337c299: receive RaftClientReply:client-FF34D2C67AC5->3258574c-39ac-4ed5-9145-ea59a337c299@group-6C7D867BDA6A, cid=3702, SUCCESS, logIndex=5185, commits[3258574c-39ac-4ed5-9145-ea59a337c299:c5187]
2019-09-02 06:30:48,939 [grpc-default-executor-1] INFO  client.GrpcClientProtocolClient (GrpcClientProtocolClient.java:onNext(255)) - client-FF34D2C67AC5->3258574c-39ac-4ed5-9145-ea59a337c299: receive RaftClientReply:client-FF34D2C67AC5->3258574c-39ac-4ed5-9145-ea59a337c299@group-6C7D867BDA6A, cid=3703, SUCCESS, logIndex=5186, commits[3258574c-39ac-4ed5-9145-ea59a337c299:c5188]
2019-09-02 06:30:48,939 [grpc-default-executor-1] INFO  client.GrpcClientProtocolClient (GrpcClientProtocolClient.java:onNext(255)) - client-FF34D2C67AC5->3258574c-39ac-4ed5-9145-ea59a337c299: receive RaftClientReply:client-FF34D2C67AC5->3258574c-39ac-4ed5-9145-ea59a337c299@group-6C7D867BDA6A, cid=3704, SUCCESS, logIndex=5187, commits[3258574c-39ac-4ed5-9145-ea59a337c299:c5188]
2019-09-02 06:30:48,956 [grpc-default-executor-1] INFO  client.GrpcClientProtocolClient (GrpcClientProtocolClient.java:onNext(255)) - client-FF34D2C67AC5->3258574c-39ac-4ed5-9145-ea59a337c299: receive RaftClientReply:client-FF34D2C67AC5->3258574c-39ac-4ed5-9145-ea59a337c299@group-6C7D867BDA6A, cid=3705, SUCCESS, logIndex=5190, commits[3258574c-39ac-4ed5-9145-ea59a337c299:c5193]
2019-09-02 06:30:48,957 [grpc-default-executor-1] INFO  client.GrpcClientProtocolClient (GrpcClientProtocolClient.java:onNext(255)) - client-FF34D2C67AC5->3258574c-39ac-4ed5-9145-ea59a337c299: receive RaftClientReply:client-FF34D2C67AC5->3258574c-39ac-4ed5-9145-ea59a337c299@group-6C7D867BDA6A, cid=3706, SUCCESS, logIndex=5191, commits[3258574c-39ac-4ed5-9145-ea59a337c299:c5193]
2019-09-02 06:30:48,957 [grpc-default-executor-1] INFO  client.GrpcClientProtocolClient (GrpcClientProtocolClient.java:onNext(255)) - client-FF34D2C67AC5->3258574c-39ac-4ed5-9145-ea59a337c299: receive RaftClientReply:client-FF34D2C67AC5->3258574c-39ac-4ed5-9145-ea59a337c299@group-6C7D867BDA6A, cid=3707, SUCCESS, logIndex=5192, commits[3258574c-39ac-4ed5-9145-ea59a337c299:c5193]
2019-09-02 06:30:48,957 [grpc-default-executor-1] INFO  client.GrpcClientProtocolClient (GrpcClientProtocolClient.java:onNext(255)) - client-FF34D2C67AC5->3258574c-39ac-4ed5-9145-ea59a337c299: receive RaftClientReply:client-FF34D2C67AC5->3258574c-39ac-4ed5-9145-ea59a337c299@group-6C7D867BDA6A, cid=3708, SUCCESS, logIndex=5193, commits[3258574c-39ac-4ed5-9145-ea59a337c299:c5193]
2019-09-02 06:30:48,965 [grpc-default-executor-0] INFO  client.GrpcClientProtocolClient (GrpcClientProtocolClient.java:onNext(255)) - client-FF34D2C67AC5->3258574c-39ac-4ed5-9145-ea59a337c299: receive RaftClientReply:client-FF34D2C67AC5->3258574c-39ac-4ed5-9145-ea59a337c299@group-6C7D867BDA6A, cid=3709, SUCCESS, logIndex=5195, commits[3258574c-39ac-4ed5-9145-ea59a337c299:c5196]
2019-09-02 06:30:48,965 [grpc-default-executor-0] INFO  client.GrpcClientProtocolClient (GrpcClientProtocolClient.java:onNext(255)) - client-FF34D2C67AC5->3258574c-39ac-4ed5-9145-ea59a337c299: receive RaftClientReply:client-FF34D2C67AC5->3258574c-39ac-4ed5-9145-ea59a337c299@group-6C7D867BDA6A, cid=3710, SUCCESS, logIndex=5196, commits[3258574c-39ac-4ed5-9145-ea59a337c299:c5196]
2019-09-02 06:30:48,967 [grpc-default-executor-0] INFO  client.GrpcClientProtocolClient (GrpcClientProtocolClient.java:onNext(255)) - client-FF34D2C67AC5->3258574c-39ac-4ed5-9145-ea59a337c299: receive RaftClientReply:client-FF34D2C67AC5->3258574c-39ac-4ed5-9145-ea59a337c299@group-6C7D867BDA6A, cid=3711, SUCCESS, logIndex=5197, commits[3258574c-39ac-4ed5-9145-ea59a337c299:c5199]
2019-09-02 06:30:48,967 [grpc-default-executor-0] INFO  client.GrpcClientProtocolClient (GrpcClientProtocolClient.java:onNext(255)) - client-FF34D2C67AC5->3258574c-39ac-4ed5-9145-ea59a337c299: receive RaftClientReply:client-FF34D2C67AC5->3258574c-39ac-4ed5-9145-ea59a337c299@group-6C7D867BDA6A, cid=3712, SUCCESS, logIndex=5198, commits[3258574c-39ac-4ed5-9145-ea59a337c299:c5199]
2019-09-02 06:30:49,054 [SCMBlockDeletingService#1] DEBUG block.SCMBlockDeletingService (SCMBlockDeletingService.java:call(138)) - Running DeletedBlockTransactionScanner
2019-09-02 06:30:49,054 [SCMBlockDeletingService#1] DEBUG block.SCMBlockDeletingService (SCMBlockDeletingService.java:call(155)) - Scanned deleted blocks log and got 0 delTX to process.
2019-09-02 06:30:49,154 [SCMBlockDeletingService#1] DEBUG block.SCMBlockDeletingService (SCMBlockDeletingService.java:call(138)) - Running DeletedBlockTransactionScanner
2019-09-02 06:30:49,155 [SCMBlockDeletingService#1] DEBUG block.SCMBlockDeletingService (SCMBlockDeletingService.java:call(155)) - Scanned deleted blocks log and got 0 delTX to process.
2019-09-02 06:30:49,160 [grpc-default-executor-0] INFO  client.GrpcClientProtocolClient (GrpcClientProtocolClient.java:onNext(255)) - client-FF34D2C67AC5->3258574c-39ac-4ed5-9145-ea59a337c299: receive RaftClientReply:client-FF34D2C67AC5->3258574c-39ac-4ed5-9145-ea59a337c299@group-6C7D867BDA6A, cid=3713, SUCCESS, logIndex=5200, commits[3258574c-39ac-4ed5-9145-ea59a337c299:c5203]
2019-09-02 06:30:49,161 [grpc-default-executor-0] INFO  client.GrpcClientProtocolClient (GrpcClientProtocolClient.java:onNext(255)) - client-FF34D2C67AC5->3258574c-39ac-4ed5-9145-ea59a337c299: receive RaftClientReply:client-FF34D2C67AC5->3258574c-39ac-4ed5-9145-ea59a337c299@group-6C7D867BDA6A, cid=3714, SUCCESS, logIndex=5201, commits[3258574c-39ac-4ed5-9145-ea59a337c299:c5203]
2019-09-02 06:30:49,161 [grpc-default-executor-0] INFO  client.GrpcClientProtocolClient (GrpcClientProtocolClient.java:onNext(255)) - client-FF34D2C67AC5->3258574c-39ac-4ed5-9145-ea59a337c299: receive RaftClientReply:client-FF34D2C67AC5->3258574c-39ac-4ed5-9145-ea59a337c299@group-6C7D867BDA6A, cid=3715, SUCCESS, logIndex=5202, commits[3258574c-39ac-4ed5-9145-ea59a337c299:c5204]
2019-09-02 06:30:49,161 [grpc-default-executor-0] INFO  client.GrpcClientProtocolClient (GrpcClientProtocolClient.java:onNext(255)) - client-FF34D2C67AC5->3258574c-39ac-4ed5-9145-ea59a337c299: receive RaftClientReply:client-FF34D2C67AC5->3258574c-39ac-4ed5-9145-ea59a337c299@group-6C7D867BDA6A, cid=3716, SUCCESS, logIndex=5203, commits[3258574c-39ac-4ed5-9145-ea59a337c299:c5204]
2019-09-02 06:30:49,179 [grpc-default-executor-0] INFO  client.GrpcClientProtocolClient (GrpcClientProtocolClient.java:onNext(255)) - client-FF34D2C67AC5->3258574c-39ac-4ed5-9145-ea59a337c299: receive RaftClientReply:client-FF34D2C67AC5->3258574c-39ac-4ed5-9145-ea59a337c299@group-6C7D867BDA6A, cid=3717, SUCCESS, logIndex=5205, commits[3258574c-39ac-4ed5-9145-ea59a337c299:c5206]
2019-09-02 06:30:49,180 [grpc-default-executor-0] INFO  client.GrpcClientProtocolClient (GrpcClientProtocolClient.java:onNext(255)) - client-FF34D2C67AC5->3258574c-39ac-4ed5-9145-ea59a337c299: receive RaftClientReply:client-FF34D2C67AC5->3258574c-39ac-4ed5-9145-ea59a337c299@group-6C7D867BDA6A, cid=3718, SUCCESS, logIndex=5206, commits[3258574c-39ac-4ed5-9145-ea59a337c299:c5208]
2019-09-02 06:30:49,181 [grpc-default-executor-0] INFO  client.GrpcClientProtocolClient (GrpcClientProtocolClient.java:onNext(255)) - client-FF34D2C67AC5->3258574c-39ac-4ed5-9145-ea59a337c299: receive RaftClientReply:client-FF34D2C67AC5->3258574c-39ac-4ed5-9145-ea59a337c299@group-6C7D867BDA6A, cid=3719, SUCCESS, logIndex=5207, commits[3258574c-39ac-4ed5-9145-ea59a337c299:c5209]
2019-09-02 06:30:49,181 [grpc-default-executor-0] INFO  client.GrpcClientProtocolClient (GrpcClientProtocolClient.java:onNext(255)) - client-FF34D2C67AC5->3258574c-39ac-4ed5-9145-ea59a337c299: receive RaftClientReply:client-FF34D2C67AC5->3258574c-39ac-4ed5-9145-ea59a337c299@group-6C7D867BDA6A, cid=3720, SUCCESS, logIndex=5208, commits[3258574c-39ac-4ed5-9145-ea59a337c299:c5209]
2019-09-02 06:30:49,205 [grpc-default-executor-0] INFO  client.GrpcClientProtocolClient (GrpcClientProtocolClient.java:onNext(255)) - client-FF34D2C67AC5->3258574c-39ac-4ed5-9145-ea59a337c299: receive RaftClientReply:client-FF34D2C67AC5->3258574c-39ac-4ed5-9145-ea59a337c299@group-6C7D867BDA6A, cid=3721, SUCCESS, logIndex=5211, commits[3258574c-39ac-4ed5-9145-ea59a337c299:c5212]
2019-09-02 06:30:49,205 [grpc-default-executor-0] INFO  client.GrpcClientProtocolClient (GrpcClientProtocolClient.java:onNext(255)) - client-FF34D2C67AC5->3258574c-39ac-4ed5-9145-ea59a337c299: receive RaftClientReply:client-FF34D2C67AC5->3258574c-39ac-4ed5-9145-ea59a337c299@group-6C7D867BDA6A, cid=3722, SUCCESS, logIndex=5212, commits[3258574c-39ac-4ed5-9145-ea59a337c299:c5214]
2019-09-02 06:30:49,206 [grpc-default-executor-0] INFO  client.GrpcClientProtocolClient (GrpcClientProtocolClient.java:onNext(255)) - client-FF34D2C67AC5->3258574c-39ac-4ed5-9145-ea59a337c299: receive RaftClientReply:client-FF34D2C67AC5->3258574c-39ac-4ed5-9145-ea59a337c299@group-6C7D867BDA6A, cid=3723, SUCCESS, logIndex=5213, commits[3258574c-39ac-4ed5-9145-ea59a337c299:c5214]
2019-09-02 06:30:49,206 [grpc-default-executor-0] INFO  client.GrpcClientProtocolClient (GrpcClientProtocolClient.java:onNext(255)) - client-FF34D2C67AC5->3258574c-39ac-4ed5-9145-ea59a337c299: receive RaftClientReply:client-FF34D2C67AC5->3258574c-39ac-4ed5-9145-ea59a337c299@group-6C7D867BDA6A, cid=3724, SUCCESS, logIndex=5214, commits[3258574c-39ac-4ed5-9145-ea59a337c299:c5215]
2019-09-02 06:30:49,225 [grpc-default-executor-1] INFO  client.GrpcClientProtocolClient (GrpcClientProtocolClient.java:onNext(255)) - client-FF34D2C67AC5->3258574c-39ac-4ed5-9145-ea59a337c299: receive RaftClientReply:client-FF34D2C67AC5->3258574c-39ac-4ed5-9145-ea59a337c299@group-6C7D867BDA6A, cid=3725, SUCCESS, logIndex=5217, commits[3258574c-39ac-4ed5-9145-ea59a337c299:c5218]
2019-09-02 06:30:49,225 [grpc-default-executor-1] INFO  client.GrpcClientProtocolClient (GrpcClientProtocolClient.java:onNext(255)) - client-FF34D2C67AC5->3258574c-39ac-4ed5-9145-ea59a337c299: receive RaftClientReply:client-FF34D2C67AC5->3258574c-39ac-4ed5-9145-ea59a337c299@group-6C7D867BDA6A, cid=3726, SUCCESS, logIndex=5218, commits[3258574c-39ac-4ed5-9145-ea59a337c299:c5220]
2019-09-02 06:30:49,225 [grpc-default-executor-1] INFO  client.GrpcClientProtocolClient (GrpcClientProtocolClient.java:onNext(255)) - client-FF34D2C67AC5->3258574c-39ac-4ed5-9145-ea59a337c299: receive RaftClientReply:client-FF34D2C67AC5->3258574c-39ac-4ed5-9145-ea59a337c299@group-6C7D867BDA6A, cid=3727, SUCCESS, logIndex=5219, commits[3258574c-39ac-4ed5-9145-ea59a337c299:c5220]
2019-09-02 06:30:49,226 [grpc-default-executor-1] INFO  client.GrpcClientProtocolClient (GrpcClientProtocolClient.java:onNext(255)) - client-FF34D2C67AC5->3258574c-39ac-4ed5-9145-ea59a337c299: receive RaftClientReply:client-FF34D2C67AC5->3258574c-39ac-4ed5-9145-ea59a337c299@group-6C7D867BDA6A, cid=3728, SUCCESS, logIndex=5220, commits[3258574c-39ac-4ed5-9145-ea59a337c299:c5221]
2019-09-02 06:30:49,251 [grpc-default-executor-0] INFO  client.GrpcClientProtocolClient (GrpcClientProtocolClient.java:onNext(255)) - client-FF34D2C67AC5->3258574c-39ac-4ed5-9145-ea59a337c299: receive RaftClientReply:client-FF34D2C67AC5->3258574c-39ac-4ed5-9145-ea59a337c299@group-6C7D867BDA6A, cid=3729, SUCCESS, logIndex=5223, commits[3258574c-39ac-4ed5-9145-ea59a337c299:c5224]
2019-09-02 06:30:49,252 [grpc-default-executor-0] INFO  client.GrpcClientProtocolClient (GrpcClientProtocolClient.java:onNext(255)) - client-FF34D2C67AC5->3258574c-39ac-4ed5-9145-ea59a337c299: receive RaftClientReply:client-FF34D2C67AC5->3258574c-39ac-4ed5-9145-ea59a337c299@group-6C7D867BDA6A, cid=3730, SUCCESS, logIndex=5224, commits[3258574c-39ac-4ed5-9145-ea59a337c299:c5224]
2019-09-02 06:30:49,252 [grpc-default-executor-0] INFO  client.GrpcClientProtocolClient (GrpcClientProtocolClient.java:onNext(255)) - client-FF34D2C67AC5->3258574c-39ac-4ed5-9145-ea59a337c299: receive RaftClientReply:client-FF34D2C67AC5->3258574c-39ac-4ed5-9145-ea59a337c299@group-6C7D867BDA6A, cid=3731, SUCCESS, logIndex=5225, commits[3258574c-39ac-4ed5-9145-ea59a337c299:c5226]
2019-09-02 06:30:49,252 [grpc-default-executor-0] INFO  client.GrpcClientProtocolClient (GrpcClientProtocolClient.java:onNext(255)) - client-FF34D2C67AC5->3258574c-39ac-4ed5-9145-ea59a337c299: receive RaftClientReply:client-FF34D2C67AC5->3258574c-39ac-4ed5-9145-ea59a337c299@group-6C7D867BDA6A, cid=3732, SUCCESS, logIndex=5226, commits[3258574c-39ac-4ed5-9145-ea59a337c299:c5226]
2019-09-02 06:30:49,255 [SCMBlockDeletingService#1] DEBUG block.SCMBlockDeletingService (SCMBlockDeletingService.java:call(138)) - Running DeletedBlockTransactionScanner
2019-09-02 06:30:49,255 [SCMBlockDeletingService#1] DEBUG block.SCMBlockDeletingService (SCMBlockDeletingService.java:call(155)) - Scanned deleted blocks log and got 0 delTX to process.
2019-09-02 06:30:49,269 [grpc-default-executor-1] INFO  client.GrpcClientProtocolClient (GrpcClientProtocolClient.java:onNext(255)) - client-FF34D2C67AC5->3258574c-39ac-4ed5-9145-ea59a337c299: receive RaftClientReply:client-FF34D2C67AC5->3258574c-39ac-4ed5-9145-ea59a337c299@group-6C7D867BDA6A, cid=3733, SUCCESS, logIndex=5229, commits[3258574c-39ac-4ed5-9145-ea59a337c299:c5230]
2019-09-02 06:30:49,270 [grpc-default-executor-1] INFO  client.GrpcClientProtocolClient (GrpcClientProtocolClient.java:onNext(255)) - client-FF34D2C67AC5->3258574c-39ac-4ed5-9145-ea59a337c299: receive RaftClientReply:client-FF34D2C67AC5->3258574c-39ac-4ed5-9145-ea59a337c299@group-6C7D867BDA6A, cid=3734, SUCCESS, logIndex=5230, commits[3258574c-39ac-4ed5-9145-ea59a337c299:c5230]
2019-09-02 06:30:49,270 [grpc-default-executor-1] INFO  client.GrpcClientProtocolClient (GrpcClientProtocolClient.java:onNext(255)) - client-FF34D2C67AC5->3258574c-39ac-4ed5-9145-ea59a337c299: receive RaftClientReply:client-FF34D2C67AC5->3258574c-39ac-4ed5-9145-ea59a337c299@group-6C7D867BDA6A, cid=3735, SUCCESS, logIndex=5231, commits[3258574c-39ac-4ed5-9145-ea59a337c299:c5232]
2019-09-02 06:30:49,270 [grpc-default-executor-1] INFO  client.GrpcClientProtocolClient (GrpcClientProtocolClient.java:onNext(255)) - client-FF34D2C67AC5->3258574c-39ac-4ed5-9145-ea59a337c299: receive RaftClientReply:client-FF34D2C67AC5->3258574c-39ac-4ed5-9145-ea59a337c299@group-6C7D867BDA6A, cid=3736, SUCCESS, logIndex=5232, commits[3258574c-39ac-4ed5-9145-ea59a337c299:c5232]
2019-09-02 06:30:49,296 [grpc-default-executor-1] INFO  client.GrpcClientProtocolClient (GrpcClientProtocolClient.java:onNext(255)) - client-FF34D2C67AC5->3258574c-39ac-4ed5-9145-ea59a337c299: receive RaftClientReply:client-FF34D2C67AC5->3258574c-39ac-4ed5-9145-ea59a337c299@group-6C7D867BDA6A, cid=3737, SUCCESS, logIndex=5235, commits[3258574c-39ac-4ed5-9145-ea59a337c299:c5236]
2019-09-02 06:30:49,296 [grpc-default-executor-1] INFO  client.GrpcClientProtocolClient (GrpcClientProtocolClient.java:onNext(255)) - client-FF34D2C67AC5->3258574c-39ac-4ed5-9145-ea59a337c299: receive RaftClientReply:client-FF34D2C67AC5->3258574c-39ac-4ed5-9145-ea59a337c299@group-6C7D867BDA6A, cid=3738, SUCCESS, logIndex=5236, commits[3258574c-39ac-4ed5-9145-ea59a337c299:c5238]
2019-09-02 06:30:49,297 [grpc-default-executor-1] INFO  client.GrpcClientProtocolClient (GrpcClientProtocolClient.java:onNext(255)) - client-FF34D2C67AC5->3258574c-39ac-4ed5-9145-ea59a337c299: receive RaftClientReply:client-FF34D2C67AC5->3258574c-39ac-4ed5-9145-ea59a337c299@group-6C7D867BDA6A, cid=3739, SUCCESS, logIndex=5237, commits[3258574c-39ac-4ed5-9145-ea59a337c299:c5238]
2019-09-02 06:30:49,297 [grpc-default-executor-1] INFO  client.GrpcClientProtocolClient (GrpcClientProtocolClient.java:onNext(255)) - client-FF34D2C67AC5->3258574c-39ac-4ed5-9145-ea59a337c299: receive RaftClientReply:client-FF34D2C67AC5->3258574c-39ac-4ed5-9145-ea59a337c299@group-6C7D867BDA6A, cid=3740, SUCCESS, logIndex=5238, commits[3258574c-39ac-4ed5-9145-ea59a337c299:c5239]
2019-09-02 06:30:49,315 [grpc-default-executor-1] INFO  client.GrpcClientProtocolClient (GrpcClientProtocolClient.java:onNext(255)) - client-FF34D2C67AC5->3258574c-39ac-4ed5-9145-ea59a337c299: receive RaftClientReply:client-FF34D2C67AC5->3258574c-39ac-4ed5-9145-ea59a337c299@group-6C7D867BDA6A, cid=3741, SUCCESS, logIndex=5241, commits[3258574c-39ac-4ed5-9145-ea59a337c299:c5242]
2019-09-02 06:30:49,316 [grpc-default-executor-1] INFO  client.GrpcClientProtocolClient (GrpcClientProtocolClient.java:onNext(255)) - client-FF34D2C67AC5->3258574c-39ac-4ed5-9145-ea59a337c299: receive RaftClientReply:client-FF34D2C67AC5->3258574c-39ac-4ed5-9145-ea59a337c299@group-6C7D867BDA6A, cid=3742, SUCCESS, logIndex=5242, commits[3258574c-39ac-4ed5-9145-ea59a337c299:c5244]
2019-09-02 06:30:49,316 [grpc-default-executor-1] INFO  client.GrpcClientProtocolClient (GrpcClientProtocolClient.java:onNext(255)) - client-FF34D2C67AC5->3258574c-39ac-4ed5-9145-ea59a337c299: receive RaftClientReply:client-FF34D2C67AC5->3258574c-39ac-4ed5-9145-ea59a337c299@group-6C7D867BDA6A, cid=3743, SUCCESS, logIndex=5243, commits[3258574c-39ac-4ed5-9145-ea59a337c299:c5244]
2019-09-02 06:30:49,316 [grpc-default-executor-1] INFO  client.GrpcClientProtocolClient (GrpcClientProtocolClient.java:onNext(255)) - client-FF34D2C67AC5->3258574c-39ac-4ed5-9145-ea59a337c299: receive RaftClientReply:client-FF34D2C67AC5->3258574c-39ac-4ed5-9145-ea59a337c299@group-6C7D867BDA6A, cid=3744, SUCCESS, logIndex=5244, commits[3258574c-39ac-4ed5-9145-ea59a337c299:c5244]
2019-09-02 06:30:49,342 [grpc-default-executor-0] INFO  client.GrpcClientProtocolClient (GrpcClientProtocolClient.java:onNext(255)) - client-FF34D2C67AC5->3258574c-39ac-4ed5-9145-ea59a337c299: receive RaftClientReply:client-FF34D2C67AC5->3258574c-39ac-4ed5-9145-ea59a337c299@group-6C7D867BDA6A, cid=3745, SUCCESS, logIndex=5247, commits[3258574c-39ac-4ed5-9145-ea59a337c299:c5248]
2019-09-02 06:30:49,343 [grpc-default-executor-0] INFO  client.GrpcClientProtocolClient (GrpcClientProtocolClient.java:onNext(255)) - client-FF34D2C67AC5->3258574c-39ac-4ed5-9145-ea59a337c299: receive RaftClientReply:client-FF34D2C67AC5->3258574c-39ac-4ed5-9145-ea59a337c299@group-6C7D867BDA6A, cid=3746, SUCCESS, logIndex=5248, commits[3258574c-39ac-4ed5-9145-ea59a337c299:c5250]
2019-09-02 06:30:49,343 [grpc-default-executor-0] INFO  client.GrpcClientProtocolClient (GrpcClientProtocolClient.java:onNext(255)) - client-FF34D2C67AC5->3258574c-39ac-4ed5-9145-ea59a337c299: receive RaftClientReply:client-FF34D2C67AC5->3258574c-39ac-4ed5-9145-ea59a337c299@group-6C7D867BDA6A, cid=3747, SUCCESS, logIndex=5249, commits[3258574c-39ac-4ed5-9145-ea59a337c299:c5251]
2019-09-02 06:30:49,344 [grpc-default-executor-0] INFO  client.GrpcClientProtocolClient (GrpcClientProtocolClient.java:onNext(255)) - client-FF34D2C67AC5->3258574c-39ac-4ed5-9145-ea59a337c299: receive RaftClientReply:client-FF34D2C67AC5->3258574c-39ac-4ed5-9145-ea59a337c299@group-6C7D867BDA6A, cid=3748, SUCCESS, logIndex=5250, commits[3258574c-39ac-4ed5-9145-ea59a337c299:c5251]
2019-09-02 06:30:49,356 [SCMBlockDeletingService#1] DEBUG block.SCMBlockDeletingService (SCMBlockDeletingService.java:call(138)) - Running DeletedBlockTransactionScanner
2019-09-02 06:30:49,356 [SCMBlockDeletingService#1] DEBUG block.SCMBlockDeletingService (SCMBlockDeletingService.java:call(155)) - Scanned deleted blocks log and got 0 delTX to process.
2019-09-02 06:30:49,362 [grpc-default-executor-1] INFO  client.GrpcClientProtocolClient (GrpcClientProtocolClient.java:onNext(255)) - client-FF34D2C67AC5->3258574c-39ac-4ed5-9145-ea59a337c299: receive RaftClientReply:client-FF34D2C67AC5->3258574c-39ac-4ed5-9145-ea59a337c299@group-6C7D867BDA6A, cid=3749, SUCCESS, logIndex=5253, commits[3258574c-39ac-4ed5-9145-ea59a337c299:c5254]
2019-09-02 06:30:49,362 [grpc-default-executor-1] INFO  client.GrpcClientProtocolClient (GrpcClientProtocolClient.java:onNext(255)) - client-FF34D2C67AC5->3258574c-39ac-4ed5-9145-ea59a337c299: receive RaftClientReply:client-FF34D2C67AC5->3258574c-39ac-4ed5-9145-ea59a337c299@group-6C7D867BDA6A, cid=3750, SUCCESS, logIndex=5254, commits[3258574c-39ac-4ed5-9145-ea59a337c299:c5256]
2019-09-02 06:30:49,362 [grpc-default-executor-1] INFO  client.GrpcClientProtocolClient (GrpcClientProtocolClient.java:onNext(255)) - client-FF34D2C67AC5->3258574c-39ac-4ed5-9145-ea59a337c299: receive RaftClientReply:client-FF34D2C67AC5->3258574c-39ac-4ed5-9145-ea59a337c299@group-6C7D867BDA6A, cid=3751, SUCCESS, logIndex=5255, commits[3258574c-39ac-4ed5-9145-ea59a337c299:c5257]
2019-09-02 06:30:49,362 [grpc-default-executor-1] INFO  client.GrpcClientProtocolClient (GrpcClientProtocolClient.java:onNext(255)) - client-FF34D2C67AC5->3258574c-39ac-4ed5-9145-ea59a337c299: receive RaftClientReply:client-FF34D2C67AC5->3258574c-39ac-4ed5-9145-ea59a337c299@group-6C7D867BDA6A, cid=3752, SUCCESS, logIndex=5256, commits[3258574c-39ac-4ed5-9145-ea59a337c299:c5257]
2019-09-02 06:30:49,395 [grpc-default-executor-0] INFO  client.GrpcClientProtocolClient (GrpcClientProtocolClient.java:onNext(255)) - client-FF34D2C67AC5->3258574c-39ac-4ed5-9145-ea59a337c299: receive RaftClientReply:client-FF34D2C67AC5->3258574c-39ac-4ed5-9145-ea59a337c299@group-6C7D867BDA6A, cid=3753, SUCCESS, logIndex=5259, commits[3258574c-39ac-4ed5-9145-ea59a337c299:c5262]
2019-09-02 06:30:49,396 [grpc-default-executor-0] INFO  client.GrpcClientProtocolClient (GrpcClientProtocolClient.java:onNext(255)) - client-FF34D2C67AC5->3258574c-39ac-4ed5-9145-ea59a337c299: receive RaftClientReply:client-FF34D2C67AC5->3258574c-39ac-4ed5-9145-ea59a337c299@group-6C7D867BDA6A, cid=3754, SUCCESS, logIndex=5260, commits[3258574c-39ac-4ed5-9145-ea59a337c299:c5263]
2019-09-02 06:30:49,396 [grpc-default-executor-0] INFO  client.GrpcClientProtocolClient (GrpcClientProtocolClient.java:onNext(255)) - client-FF34D2C67AC5->3258574c-39ac-4ed5-9145-ea59a337c299: receive RaftClientReply:client-FF34D2C67AC5->3258574c-39ac-4ed5-9145-ea59a337c299@group-6C7D867BDA6A, cid=3755, SUCCESS, logIndex=5261, commits[3258574c-39ac-4ed5-9145-ea59a337c299:c5263]
2019-09-02 06:30:49,397 [grpc-default-executor-0] INFO  client.GrpcClientProtocolClient (GrpcClientProtocolClient.java:onNext(255)) - client-FF34D2C67AC5->3258574c-39ac-4ed5-9145-ea59a337c299: receive RaftClientReply:client-FF34D2C67AC5->3258574c-39ac-4ed5-9145-ea59a337c299@group-6C7D867BDA6A, cid=3756, SUCCESS, logIndex=5262, commits[3258574c-39ac-4ed5-9145-ea59a337c299:c5263]
2019-09-02 06:30:49,456 [SCMBlockDeletingService#1] DEBUG block.SCMBlockDeletingService (SCMBlockDeletingService.java:call(138)) - Running DeletedBlockTransactionScanner
2019-09-02 06:30:49,456 [SCMBlockDeletingService#1] DEBUG block.SCMBlockDeletingService (SCMBlockDeletingService.java:call(155)) - Scanned deleted blocks log and got 0 delTX to process.
2019-09-02 06:30:49,507 [grpc-default-executor-1] INFO  client.GrpcClientProtocolClient (GrpcClientProtocolClient.java:onNext(255)) - client-FF34D2C67AC5->3258574c-39ac-4ed5-9145-ea59a337c299: receive RaftClientReply:client-FF34D2C67AC5->3258574c-39ac-4ed5-9145-ea59a337c299@group-6C7D867BDA6A, cid=3757, SUCCESS, logIndex=5264, commits[3258574c-39ac-4ed5-9145-ea59a337c299:c5267]
2019-09-02 06:30:49,507 [grpc-default-executor-1] INFO  client.GrpcClientProtocolClient (GrpcClientProtocolClient.java:onNext(255)) - client-FF34D2C67AC5->3258574c-39ac-4ed5-9145-ea59a337c299: receive RaftClientReply:client-FF34D2C67AC5->3258574c-39ac-4ed5-9145-ea59a337c299@group-6C7D867BDA6A, cid=3758, SUCCESS, logIndex=5265, commits[3258574c-39ac-4ed5-9145-ea59a337c299:c5268]
2019-09-02 06:30:49,508 [grpc-default-executor-1] INFO  client.GrpcClientProtocolClient (GrpcClientProtocolClient.java:onNext(255)) - client-FF34D2C67AC5->3258574c-39ac-4ed5-9145-ea59a337c299: receive RaftClientReply:client-FF34D2C67AC5->3258574c-39ac-4ed5-9145-ea59a337c299@group-6C7D867BDA6A, cid=3759, SUCCESS, logIndex=5266, commits[3258574c-39ac-4ed5-9145-ea59a337c299:c5268]
2019-09-02 06:30:49,508 [grpc-default-executor-1] INFO  client.GrpcClientProtocolClient (GrpcClientProtocolClient.java:onNext(255)) - client-FF34D2C67AC5->3258574c-39ac-4ed5-9145-ea59a337c299: receive RaftClientReply:client-FF34D2C67AC5->3258574c-39ac-4ed5-9145-ea59a337c299@group-6C7D867BDA6A, cid=3760, SUCCESS, logIndex=5267, commits[3258574c-39ac-4ed5-9145-ea59a337c299:c5268]
2019-09-02 06:30:49,534 [grpc-default-executor-1] INFO  client.GrpcClientProtocolClient (GrpcClientProtocolClient.java:onNext(255)) - client-FF34D2C67AC5->3258574c-39ac-4ed5-9145-ea59a337c299: receive RaftClientReply:client-FF34D2C67AC5->3258574c-39ac-4ed5-9145-ea59a337c299@group-6C7D867BDA6A, cid=3761, SUCCESS, logIndex=5269, commits[3258574c-39ac-4ed5-9145-ea59a337c299:c5270]
2019-09-02 06:30:49,534 [grpc-default-executor-1] INFO  client.GrpcClientProtocolClient (GrpcClientProtocolClient.java:onNext(255)) - client-FF34D2C67AC5->3258574c-39ac-4ed5-9145-ea59a337c299: receive RaftClientReply:client-FF34D2C67AC5->3258574c-39ac-4ed5-9145-ea59a337c299@group-6C7D867BDA6A, cid=3762, SUCCESS, logIndex=5270, commits[3258574c-39ac-4ed5-9145-ea59a337c299:c5270]
2019-09-02 06:30:49,535 [grpc-default-executor-1] INFO  client.GrpcClientProtocolClient (GrpcClientProtocolClient.java:onNext(255)) - client-FF34D2C67AC5->3258574c-39ac-4ed5-9145-ea59a337c299: receive RaftClientReply:client-FF34D2C67AC5->3258574c-39ac-4ed5-9145-ea59a337c299@group-6C7D867BDA6A, cid=3763, SUCCESS, logIndex=5271, commits[3258574c-39ac-4ed5-9145-ea59a337c299:c5272]
2019-09-02 06:30:49,536 [grpc-default-executor-1] INFO  client.GrpcClientProtocolClient (GrpcClientProtocolClient.java:onNext(255)) - client-FF34D2C67AC5->3258574c-39ac-4ed5-9145-ea59a337c299: receive RaftClientReply:client-FF34D2C67AC5->3258574c-39ac-4ed5-9145-ea59a337c299@group-6C7D867BDA6A, cid=3764, SUCCESS, logIndex=5272, commits[3258574c-39ac-4ed5-9145-ea59a337c299:c5272]
2019-09-02 06:30:49,547 [grpc-default-executor-1] INFO  client.GrpcClientProtocolClient (GrpcClientProtocolClient.java:onNext(255)) - client-FF34D2C67AC5->3258574c-39ac-4ed5-9145-ea59a337c299: receive RaftClientReply:client-FF34D2C67AC5->3258574c-39ac-4ed5-9145-ea59a337c299@group-6C7D867BDA6A, cid=3765, SUCCESS, logIndex=5275, commits[3258574c-39ac-4ed5-9145-ea59a337c299:c5278]
2019-09-02 06:30:49,547 [grpc-default-executor-1] INFO  client.GrpcClientProtocolClient (GrpcClientProtocolClient.java:onNext(255)) - client-FF34D2C67AC5->3258574c-39ac-4ed5-9145-ea59a337c299: receive RaftClientReply:client-FF34D2C67AC5->3258574c-39ac-4ed5-9145-ea59a337c299@group-6C7D867BDA6A, cid=3766, SUCCESS, logIndex=5276, commits[3258574c-39ac-4ed5-9145-ea59a337c299:c5279]
2019-09-02 06:30:49,547 [grpc-default-executor-1] INFO  client.GrpcClientProtocolClient (GrpcClientProtocolClient.java:onNext(255)) - client-FF34D2C67AC5->3258574c-39ac-4ed5-9145-ea59a337c299: receive RaftClientReply:client-FF34D2C67AC5->3258574c-39ac-4ed5-9145-ea59a337c299@group-6C7D867BDA6A, cid=3767, SUCCESS, logIndex=5277, commits[3258574c-39ac-4ed5-9145-ea59a337c299:c5279]
2019-09-02 06:30:49,548 [grpc-default-executor-1] INFO  client.GrpcClientProtocolClient (GrpcClientProtocolClient.java:onNext(255)) - client-FF34D2C67AC5->3258574c-39ac-4ed5-9145-ea59a337c299: receive RaftClientReply:client-FF34D2C67AC5->3258574c-39ac-4ed5-9145-ea59a337c299@group-6C7D867BDA6A, cid=3768, SUCCESS, logIndex=5278, commits[3258574c-39ac-4ed5-9145-ea59a337c299:c5279]
2019-09-02 06:30:49,557 [SCMBlockDeletingService#1] DEBUG block.SCMBlockDeletingService (SCMBlockDeletingService.java:call(138)) - Running DeletedBlockTransactionScanner
2019-09-02 06:30:49,557 [SCMBlockDeletingService#1] DEBUG block.SCMBlockDeletingService (SCMBlockDeletingService.java:call(155)) - Scanned deleted blocks log and got 0 delTX to process.
2019-09-02 06:30:49,573 [grpc-default-executor-1] INFO  client.GrpcClientProtocolClient (GrpcClientProtocolClient.java:onNext(255)) - client-FF34D2C67AC5->3258574c-39ac-4ed5-9145-ea59a337c299: receive RaftClientReply:client-FF34D2C67AC5->3258574c-39ac-4ed5-9145-ea59a337c299@group-6C7D867BDA6A, cid=3769, SUCCESS, logIndex=5280, commits[3258574c-39ac-4ed5-9145-ea59a337c299:c5281]
2019-09-02 06:30:49,573 [grpc-default-executor-1] INFO  client.GrpcClientProtocolClient (GrpcClientProtocolClient.java:onNext(255)) - client-FF34D2C67AC5->3258574c-39ac-4ed5-9145-ea59a337c299: receive RaftClientReply:client-FF34D2C67AC5->3258574c-39ac-4ed5-9145-ea59a337c299@group-6C7D867BDA6A, cid=3770, SUCCESS, logIndex=5281, commits[3258574c-39ac-4ed5-9145-ea59a337c299:c5281]
2019-09-02 06:30:49,575 [grpc-default-executor-1] INFO  client.GrpcClientProtocolClient (GrpcClientProtocolClient.java:onNext(255)) - client-FF34D2C67AC5->3258574c-39ac-4ed5-9145-ea59a337c299: receive RaftClientReply:client-FF34D2C67AC5->3258574c-39ac-4ed5-9145-ea59a337c299@group-6C7D867BDA6A, cid=3771, SUCCESS, logIndex=5282, commits[3258574c-39ac-4ed5-9145-ea59a337c299:c5283]
2019-09-02 06:30:49,575 [grpc-default-executor-1] INFO  client.GrpcClientProtocolClient (GrpcClientProtocolClient.java:onNext(255)) - client-FF34D2C67AC5->3258574c-39ac-4ed5-9145-ea59a337c299: receive RaftClientReply:client-FF34D2C67AC5->3258574c-39ac-4ed5-9145-ea59a337c299@group-6C7D867BDA6A, cid=3772, SUCCESS, logIndex=5283, commits[3258574c-39ac-4ed5-9145-ea59a337c299:c5283]
2019-09-02 06:30:49,587 [grpc-default-executor-1] INFO  client.GrpcClientProtocolClient (GrpcClientProtocolClient.java:onNext(255)) - client-FF34D2C67AC5->3258574c-39ac-4ed5-9145-ea59a337c299: receive RaftClientReply:client-FF34D2C67AC5->3258574c-39ac-4ed5-9145-ea59a337c299@group-6C7D867BDA6A, cid=3773, SUCCESS, logIndex=5286, commits[3258574c-39ac-4ed5-9145-ea59a337c299:c5289]
2019-09-02 06:30:49,587 [grpc-default-executor-1] INFO  client.GrpcClientProtocolClient (GrpcClientProtocolClient.java:onNext(255)) - client-FF34D2C67AC5->3258574c-39ac-4ed5-9145-ea59a337c299: receive RaftClientReply:client-FF34D2C67AC5->3258574c-39ac-4ed5-9145-ea59a337c299@group-6C7D867BDA6A, cid=3774, SUCCESS, logIndex=5287, commits[3258574c-39ac-4ed5-9145-ea59a337c299:c5290]
2019-09-02 06:30:49,587 [grpc-default-executor-1] INFO  client.GrpcClientProtocolClient (GrpcClientProtocolClient.java:onNext(255)) - client-FF34D2C67AC5->3258574c-39ac-4ed5-9145-ea59a337c299: receive RaftClientReply:client-FF34D2C67AC5->3258574c-39ac-4ed5-9145-ea59a337c299@group-6C7D867BDA6A, cid=3775, SUCCESS, logIndex=5288, commits[3258574c-39ac-4ed5-9145-ea59a337c299:c5290]
2019-09-02 06:30:49,588 [grpc-default-executor-1] INFO  client.GrpcClientProtocolClient (GrpcClientProtocolClient.java:onNext(255)) - client-FF34D2C67AC5->3258574c-39ac-4ed5-9145-ea59a337c299: receive RaftClientReply:client-FF34D2C67AC5->3258574c-39ac-4ed5-9145-ea59a337c299@group-6C7D867BDA6A, cid=3776, SUCCESS, logIndex=5289, commits[3258574c-39ac-4ed5-9145-ea59a337c299:c5290]
2019-09-02 06:30:49,615 [grpc-default-executor-1] INFO  client.GrpcClientProtocolClient (GrpcClientProtocolClient.java:onNext(255)) - client-FF34D2C67AC5->3258574c-39ac-4ed5-9145-ea59a337c299: receive RaftClientReply:client-FF34D2C67AC5->3258574c-39ac-4ed5-9145-ea59a337c299@group-6C7D867BDA6A, cid=3777, SUCCESS, logIndex=5291, commits[3258574c-39ac-4ed5-9145-ea59a337c299:c5292]
2019-09-02 06:30:49,616 [grpc-default-executor-1] INFO  client.GrpcClientProtocolClient (GrpcClientProtocolClient.java:onNext(255)) - client-FF34D2C67AC5->3258574c-39ac-4ed5-9145-ea59a337c299: receive RaftClientReply:client-FF34D2C67AC5->3258574c-39ac-4ed5-9145-ea59a337c299@group-6C7D867BDA6A, cid=3778, SUCCESS, logIndex=5292, commits[3258574c-39ac-4ed5-9145-ea59a337c299:c5294]
2019-09-02 06:30:49,616 [grpc-default-executor-1] INFO  client.GrpcClientProtocolClient (GrpcClientProtocolClient.java:onNext(255)) - client-FF34D2C67AC5->3258574c-39ac-4ed5-9145-ea59a337c299: receive RaftClientReply:client-FF34D2C67AC5->3258574c-39ac-4ed5-9145-ea59a337c299@group-6C7D867BDA6A, cid=3779, SUCCESS, logIndex=5293, commits[3258574c-39ac-4ed5-9145-ea59a337c299:c5295]
2019-09-02 06:30:49,616 [grpc-default-executor-1] INFO  client.GrpcClientProtocolClient (GrpcClientProtocolClient.java:onNext(255)) - client-FF34D2C67AC5->3258574c-39ac-4ed5-9145-ea59a337c299: receive RaftClientReply:client-FF34D2C67AC5->3258574c-39ac-4ed5-9145-ea59a337c299@group-6C7D867BDA6A, cid=3780, SUCCESS, logIndex=5294, commits[3258574c-39ac-4ed5-9145-ea59a337c299:c5295]
2019-09-02 06:30:49,634 [grpc-default-executor-0] INFO  client.GrpcClientProtocolClient (GrpcClientProtocolClient.java:onNext(255)) - client-FF34D2C67AC5->3258574c-39ac-4ed5-9145-ea59a337c299: receive RaftClientReply:client-FF34D2C67AC5->3258574c-39ac-4ed5-9145-ea59a337c299@group-6C7D867BDA6A, cid=3781, SUCCESS, logIndex=5297, commits[3258574c-39ac-4ed5-9145-ea59a337c299:c5298]
2019-09-02 06:30:49,635 [grpc-default-executor-0] INFO  client.GrpcClientProtocolClient (GrpcClientProtocolClient.java:onNext(255)) - client-FF34D2C67AC5->3258574c-39ac-4ed5-9145-ea59a337c299: receive RaftClientReply:client-FF34D2C67AC5->3258574c-39ac-4ed5-9145-ea59a337c299@group-6C7D867BDA6A, cid=3782, SUCCESS, logIndex=5298, commits[3258574c-39ac-4ed5-9145-ea59a337c299:c5298]
2019-09-02 06:30:49,635 [grpc-default-executor-0] INFO  client.GrpcClientProtocolClient (GrpcClientProtocolClient.java:onNext(255)) - client-FF34D2C67AC5->3258574c-39ac-4ed5-9145-ea59a337c299: receive RaftClientReply:client-FF34D2C67AC5->3258574c-39ac-4ed5-9145-ea59a337c299@group-6C7D867BDA6A, cid=3783, SUCCESS, logIndex=5299, commits[3258574c-39ac-4ed5-9145-ea59a337c299:c5300]
2019-09-02 06:30:49,635 [grpc-default-executor-0] INFO  client.GrpcClientProtocolClient (GrpcClientProtocolClient.java:onNext(255)) - client-FF34D2C67AC5->3258574c-39ac-4ed5-9145-ea59a337c299: receive RaftClientReply:client-FF34D2C67AC5->3258574c-39ac-4ed5-9145-ea59a337c299@group-6C7D867BDA6A, cid=3784, SUCCESS, logIndex=5300, commits[3258574c-39ac-4ed5-9145-ea59a337c299:c5300]
2019-09-02 06:30:49,657 [SCMBlockDeletingService#1] DEBUG block.SCMBlockDeletingService (SCMBlockDeletingService.java:call(138)) - Running DeletedBlockTransactionScanner
2019-09-02 06:30:49,657 [SCMBlockDeletingService#1] DEBUG block.SCMBlockDeletingService (SCMBlockDeletingService.java:call(155)) - Scanned deleted blocks log and got 0 delTX to process.
2019-09-02 06:30:49,664 [grpc-default-executor-0] INFO  client.GrpcClientProtocolClient (GrpcClientProtocolClient.java:onNext(255)) - client-FF34D2C67AC5->3258574c-39ac-4ed5-9145-ea59a337c299: receive RaftClientReply:client-FF34D2C67AC5->3258574c-39ac-4ed5-9145-ea59a337c299@group-6C7D867BDA6A, cid=3785, SUCCESS, logIndex=5303, commits[3258574c-39ac-4ed5-9145-ea59a337c299:c5304]
2019-09-02 06:30:49,664 [grpc-default-executor-0] INFO  client.GrpcClientProtocolClient (GrpcClientProtocolClient.java:onNext(255)) - client-FF34D2C67AC5->3258574c-39ac-4ed5-9145-ea59a337c299: receive RaftClientReply:client-FF34D2C67AC5->3258574c-39ac-4ed5-9145-ea59a337c299@group-6C7D867BDA6A, cid=3786, SUCCESS, logIndex=5304, commits[3258574c-39ac-4ed5-9145-ea59a337c299:c5304]
2019-09-02 06:30:49,679 [grpc-default-executor-0] INFO  client.GrpcClientProtocolClient (GrpcClientProtocolClient.java:onNext(255)) - client-FF34D2C67AC5->3258574c-39ac-4ed5-9145-ea59a337c299: receive RaftClientReply:client-FF34D2C67AC5->3258574c-39ac-4ed5-9145-ea59a337c299@group-6C7D867BDA6A, cid=3787, SUCCESS, logIndex=5305, commits[3258574c-39ac-4ed5-9145-ea59a337c299:c5307]
2019-09-02 06:30:49,679 [grpc-default-executor-0] INFO  client.GrpcClientProtocolClient (GrpcClientProtocolClient.java:onNext(255)) - client-FF34D2C67AC5->3258574c-39ac-4ed5-9145-ea59a337c299: receive RaftClientReply:client-FF34D2C67AC5->3258574c-39ac-4ed5-9145-ea59a337c299@group-6C7D867BDA6A, cid=3788, SUCCESS, logIndex=5306, commits[3258574c-39ac-4ed5-9145-ea59a337c299:c5307]
2019-09-02 06:30:49,698 [grpc-default-executor-0] INFO  client.GrpcClientProtocolClient (GrpcClientProtocolClient.java:onNext(255)) - client-FF34D2C67AC5->3258574c-39ac-4ed5-9145-ea59a337c299: receive RaftClientReply:client-FF34D2C67AC5->3258574c-39ac-4ed5-9145-ea59a337c299@group-6C7D867BDA6A, cid=3789, SUCCESS, logIndex=5308, commits[3258574c-39ac-4ed5-9145-ea59a337c299:c5309]
2019-09-02 06:30:49,699 [grpc-default-executor-0] INFO  client.GrpcClientProtocolClient (GrpcClientProtocolClient.java:onNext(255)) - client-FF34D2C67AC5->3258574c-39ac-4ed5-9145-ea59a337c299: receive RaftClientReply:client-FF34D2C67AC5->3258574c-39ac-4ed5-9145-ea59a337c299@group-6C7D867BDA6A, cid=3790, SUCCESS, logIndex=5309, commits[3258574c-39ac-4ed5-9145-ea59a337c299:c5311]
2019-09-02 06:30:49,699 [grpc-default-executor-0] INFO  client.GrpcClientProtocolClient (GrpcClientProtocolClient.java:onNext(255)) - client-FF34D2C67AC5->3258574c-39ac-4ed5-9145-ea59a337c299: receive RaftClientReply:client-FF34D2C67AC5->3258574c-39ac-4ed5-9145-ea59a337c299@group-6C7D867BDA6A, cid=3791, SUCCESS, logIndex=5310, commits[3258574c-39ac-4ed5-9145-ea59a337c299:c5312]
2019-09-02 06:30:49,699 [grpc-default-executor-0] INFO  client.GrpcClientProtocolClient (GrpcClientProtocolClient.java:onNext(255)) - client-FF34D2C67AC5->3258574c-39ac-4ed5-9145-ea59a337c299: receive RaftClientReply:client-FF34D2C67AC5->3258574c-39ac-4ed5-9145-ea59a337c299@group-6C7D867BDA6A, cid=3792, SUCCESS, logIndex=5311, commits[3258574c-39ac-4ed5-9145-ea59a337c299:c5312]
2019-09-02 06:30:49,718 [grpc-default-executor-0] INFO  client.GrpcClientProtocolClient (GrpcClientProtocolClient.java:onNext(255)) - client-FF34D2C67AC5->3258574c-39ac-4ed5-9145-ea59a337c299: receive RaftClientReply:client-FF34D2C67AC5->3258574c-39ac-4ed5-9145-ea59a337c299@group-6C7D867BDA6A, cid=3793, SUCCESS, logIndex=5314, commits[3258574c-39ac-4ed5-9145-ea59a337c299:c5315]
2019-09-02 06:30:49,718 [grpc-default-executor-0] INFO  client.GrpcClientProtocolClient (GrpcClientProtocolClient.java:onNext(255)) - client-FF34D2C67AC5->3258574c-39ac-4ed5-9145-ea59a337c299: receive RaftClientReply:client-FF34D2C67AC5->3258574c-39ac-4ed5-9145-ea59a337c299@group-6C7D867BDA6A, cid=3794, SUCCESS, logIndex=5315, commits[3258574c-39ac-4ed5-9145-ea59a337c299:c5315]
2019-09-02 06:30:49,721 [grpc-default-executor-0] INFO  client.GrpcClientProtocolClient (GrpcClientProtocolClient.java:onNext(255)) - client-FF34D2C67AC5->3258574c-39ac-4ed5-9145-ea59a337c299: receive RaftClientReply:client-FF34D2C67AC5->3258574c-39ac-4ed5-9145-ea59a337c299@group-6C7D867BDA6A, cid=3795, SUCCESS, logIndex=5316, commits[3258574c-39ac-4ed5-9145-ea59a337c299:c5318]
2019-09-02 06:30:49,721 [grpc-default-executor-0] INFO  client.GrpcClientProtocolClient (GrpcClientProtocolClient.java:onNext(255)) - client-FF34D2C67AC5->3258574c-39ac-4ed5-9145-ea59a337c299: receive RaftClientReply:client-FF34D2C67AC5->3258574c-39ac-4ed5-9145-ea59a337c299@group-6C7D867BDA6A, cid=3796, SUCCESS, logIndex=5317, commits[3258574c-39ac-4ed5-9145-ea59a337c299:c5318]
2019-09-02 06:30:49,730 [grpc-default-executor-1] INFO  client.GrpcClientProtocolClient (GrpcClientProtocolClient.java:onNext(255)) - client-FF34D2C67AC5->3258574c-39ac-4ed5-9145-ea59a337c299: receive RaftClientReply:client-FF34D2C67AC5->3258574c-39ac-4ed5-9145-ea59a337c299@group-6C7D867BDA6A, cid=3797, SUCCESS, logIndex=5319, commits[3258574c-39ac-4ed5-9145-ea59a337c299:c5320]
2019-09-02 06:30:49,731 [grpc-default-executor-1] INFO  client.GrpcClientProtocolClient (GrpcClientProtocolClient.java:onNext(255)) - client-FF34D2C67AC5->3258574c-39ac-4ed5-9145-ea59a337c299: receive RaftClientReply:client-FF34D2C67AC5->3258574c-39ac-4ed5-9145-ea59a337c299@group-6C7D867BDA6A, cid=3798, SUCCESS, logIndex=5320, commits[3258574c-39ac-4ed5-9145-ea59a337c299:c5320]
2019-09-02 06:30:49,733 [grpc-default-executor-1] INFO  client.GrpcClientProtocolClient (GrpcClientProtocolClient.java:onNext(255)) - client-FF34D2C67AC5->3258574c-39ac-4ed5-9145-ea59a337c299: receive RaftClientReply:client-FF34D2C67AC5->3258574c-39ac-4ed5-9145-ea59a337c299@group-6C7D867BDA6A, cid=3799, SUCCESS, logIndex=5321, commits[3258574c-39ac-4ed5-9145-ea59a337c299:c5323]
2019-09-02 06:30:49,733 [grpc-default-executor-1] INFO  client.GrpcClientProtocolClient (GrpcClientProtocolClient.java:onNext(255)) - client-FF34D2C67AC5->3258574c-39ac-4ed5-9145-ea59a337c299: receive RaftClientReply:client-FF34D2C67AC5->3258574c-39ac-4ed5-9145-ea59a337c299@group-6C7D867BDA6A, cid=3800, SUCCESS, logIndex=5322, commits[3258574c-39ac-4ed5-9145-ea59a337c299:c5323]
2019-09-02 06:30:49,833 [SCMBlockDeletingService#1] DEBUG block.SCMBlockDeletingService (SCMBlockDeletingService.java:call(138)) - Running DeletedBlockTransactionScanner
2019-09-02 06:30:49,834 [SCMBlockDeletingService#1] DEBUG block.SCMBlockDeletingService (SCMBlockDeletingService.java:call(155)) - Scanned deleted blocks log and got 0 delTX to process.
2019-09-02 06:30:49,934 [SCMBlockDeletingService#1] DEBUG block.SCMBlockDeletingService (SCMBlockDeletingService.java:call(138)) - Running DeletedBlockTransactionScanner
2019-09-02 06:30:49,934 [SCMBlockDeletingService#1] DEBUG block.SCMBlockDeletingService (SCMBlockDeletingService.java:call(155)) - Scanned deleted blocks log and got 0 delTX to process.
2019-09-02 06:30:49,977 [grpc-default-executor-1] INFO  client.GrpcClientProtocolClient (GrpcClientProtocolClient.java:onNext(255)) - client-FF34D2C67AC5->3258574c-39ac-4ed5-9145-ea59a337c299: receive RaftClientReply:client-FF34D2C67AC5->3258574c-39ac-4ed5-9145-ea59a337c299@group-6C7D867BDA6A, cid=3801, SUCCESS, logIndex=5324, commits[3258574c-39ac-4ed5-9145-ea59a337c299:c5327]
2019-09-02 06:30:49,978 [grpc-default-executor-1] INFO  client.GrpcClientProtocolClient (GrpcClientProtocolClient.java:onNext(255)) - client-FF34D2C67AC5->3258574c-39ac-4ed5-9145-ea59a337c299: receive RaftClientReply:client-FF34D2C67AC5->3258574c-39ac-4ed5-9145-ea59a337c299@group-6C7D867BDA6A, cid=3802, SUCCESS, logIndex=5325, commits[3258574c-39ac-4ed5-9145-ea59a337c299:c5328]
2019-09-02 06:30:49,979 [grpc-default-executor-1] INFO  client.GrpcClientProtocolClient (GrpcClientProtocolClient.java:onNext(255)) - client-FF34D2C67AC5->3258574c-39ac-4ed5-9145-ea59a337c299: receive RaftClientReply:client-FF34D2C67AC5->3258574c-39ac-4ed5-9145-ea59a337c299@group-6C7D867BDA6A, cid=3803, SUCCESS, logIndex=5326, commits[3258574c-39ac-4ed5-9145-ea59a337c299:c5328]
2019-09-02 06:30:49,979 [grpc-default-executor-1] INFO  client.GrpcClientProtocolClient (GrpcClientProtocolClient.java:onNext(255)) - client-FF34D2C67AC5->3258574c-39ac-4ed5-9145-ea59a337c299: receive RaftClientReply:client-FF34D2C67AC5->3258574c-39ac-4ed5-9145-ea59a337c299@group-6C7D867BDA6A, cid=3804, SUCCESS, logIndex=5327, commits[3258574c-39ac-4ed5-9145-ea59a337c299:c5328]
2019-09-02 06:30:50,003 [grpc-default-executor-0] INFO  client.GrpcClientProtocolClient (GrpcClientProtocolClient.java:onNext(255)) - client-FF34D2C67AC5->3258574c-39ac-4ed5-9145-ea59a337c299: receive RaftClientReply:client-FF34D2C67AC5->3258574c-39ac-4ed5-9145-ea59a337c299@group-6C7D867BDA6A, cid=3805, SUCCESS, logIndex=5329, commits[3258574c-39ac-4ed5-9145-ea59a337c299:c5332]
2019-09-02 06:30:50,003 [grpc-default-executor-0] INFO  client.GrpcClientProtocolClient (GrpcClientProtocolClient.java:onNext(255)) - client-FF34D2C67AC5->3258574c-39ac-4ed5-9145-ea59a337c299: receive RaftClientReply:client-FF34D2C67AC5->3258574c-39ac-4ed5-9145-ea59a337c299@group-6C7D867BDA6A, cid=3806, SUCCESS, logIndex=5330, commits[3258574c-39ac-4ed5-9145-ea59a337c299:c5332]
2019-09-02 06:30:50,004 [grpc-default-executor-0] INFO  client.GrpcClientProtocolClient (GrpcClientProtocolClient.java:onNext(255)) - client-FF34D2C67AC5->3258574c-39ac-4ed5-9145-ea59a337c299: receive RaftClientReply:client-FF34D2C67AC5->3258574c-39ac-4ed5-9145-ea59a337c299@group-6C7D867BDA6A, cid=3807, SUCCESS, logIndex=5331, commits[3258574c-39ac-4ed5-9145-ea59a337c299:c5332]
2019-09-02 06:30:50,004 [grpc-default-executor-0] INFO  client.GrpcClientProtocolClient (GrpcClientProtocolClient.java:onNext(255)) - client-FF34D2C67AC5->3258574c-39ac-4ed5-9145-ea59a337c299: receive RaftClientReply:client-FF34D2C67AC5->3258574c-39ac-4ed5-9145-ea59a337c299@group-6C7D867BDA6A, cid=3808, SUCCESS, logIndex=5332, commits[3258574c-39ac-4ed5-9145-ea59a337c299:c5333]
2019-09-02 06:30:50,034 [grpc-default-executor-1] INFO  client.GrpcClientProtocolClient (GrpcClientProtocolClient.java:onNext(255)) - client-FF34D2C67AC5->3258574c-39ac-4ed5-9145-ea59a337c299: receive RaftClientReply:client-FF34D2C67AC5->3258574c-39ac-4ed5-9145-ea59a337c299@group-6C7D867BDA6A, cid=3809, SUCCESS, logIndex=5334, commits[3258574c-39ac-4ed5-9145-ea59a337c299:c5337]
2019-09-02 06:30:50,034 [SCMBlockDeletingService#1] DEBUG block.SCMBlockDeletingService (SCMBlockDeletingService.java:call(138)) - Running DeletedBlockTransactionScanner
2019-09-02 06:30:50,035 [grpc-default-executor-1] INFO  client.GrpcClientProtocolClient (GrpcClientProtocolClient.java:onNext(255)) - client-FF34D2C67AC5->3258574c-39ac-4ed5-9145-ea59a337c299: receive RaftClientReply:client-FF34D2C67AC5->3258574c-39ac-4ed5-9145-ea59a337c299@group-6C7D867BDA6A, cid=3810, SUCCESS, logIndex=5335, commits[3258574c-39ac-4ed5-9145-ea59a337c299:c5338]
2019-09-02 06:30:50,035 [SCMBlockDeletingService#1] DEBUG block.SCMBlockDeletingService (SCMBlockDeletingService.java:call(155)) - Scanned deleted blocks log and got 0 delTX to process.
2019-09-02 06:30:50,035 [grpc-default-executor-1] INFO  client.GrpcClientProtocolClient (GrpcClientProtocolClient.java:onNext(255)) - client-FF34D2C67AC5->3258574c-39ac-4ed5-9145-ea59a337c299: receive RaftClientReply:client-FF34D2C67AC5->3258574c-39ac-4ed5-9145-ea59a337c299@group-6C7D867BDA6A, cid=3811, SUCCESS, logIndex=5336, commits[3258574c-39ac-4ed5-9145-ea59a337c299:c5338]
2019-09-02 06:30:50,036 [grpc-default-executor-1] INFO  client.GrpcClientProtocolClient (GrpcClientProtocolClient.java:onNext(255)) - client-FF34D2C67AC5->3258574c-39ac-4ed5-9145-ea59a337c299: receive RaftClientReply:client-FF34D2C67AC5->3258574c-39ac-4ed5-9145-ea59a337c299@group-6C7D867BDA6A, cid=3812, SUCCESS, logIndex=5337, commits[3258574c-39ac-4ed5-9145-ea59a337c299:c5338]
2019-09-02 06:30:50,055 [grpc-default-executor-1] INFO  client.GrpcClientProtocolClient (GrpcClientProtocolClient.java:onNext(255)) - client-FF34D2C67AC5->3258574c-39ac-4ed5-9145-ea59a337c299: receive RaftClientReply:client-FF34D2C67AC5->3258574c-39ac-4ed5-9145-ea59a337c299@group-6C7D867BDA6A, cid=3813, SUCCESS, logIndex=5339, commits[3258574c-39ac-4ed5-9145-ea59a337c299:c5340]
2019-09-02 06:30:50,056 [grpc-default-executor-1] INFO  client.GrpcClientProtocolClient (GrpcClientProtocolClient.java:onNext(255)) - client-FF34D2C67AC5->3258574c-39ac-4ed5-9145-ea59a337c299: receive RaftClientReply:client-FF34D2C67AC5->3258574c-39ac-4ed5-9145-ea59a337c299@group-6C7D867BDA6A, cid=3814, SUCCESS, logIndex=5340, commits[3258574c-39ac-4ed5-9145-ea59a337c299:c5342]
2019-09-02 06:30:50,056 [grpc-default-executor-1] INFO  client.GrpcClientProtocolClient (GrpcClientProtocolClient.java:onNext(255)) - client-FF34D2C67AC5->3258574c-39ac-4ed5-9145-ea59a337c299: receive RaftClientReply:client-FF34D2C67AC5->3258574c-39ac-4ed5-9145-ea59a337c299@group-6C7D867BDA6A, cid=3815, SUCCESS, logIndex=5341, commits[3258574c-39ac-4ed5-9145-ea59a337c299:c5342]
2019-09-02 06:30:50,056 [grpc-default-executor-1] INFO  client.GrpcClientProtocolClient (GrpcClientProtocolClient.java:onNext(255)) - client-FF34D2C67AC5->3258574c-39ac-4ed5-9145-ea59a337c299: receive RaftClientReply:client-FF34D2C67AC5->3258574c-39ac-4ed5-9145-ea59a337c299@group-6C7D867BDA6A, cid=3816, SUCCESS, logIndex=5342, commits[3258574c-39ac-4ed5-9145-ea59a337c299:c5343]
2019-09-02 06:30:50,087 [grpc-default-executor-0] INFO  client.GrpcClientProtocolClient (GrpcClientProtocolClient.java:onNext(255)) - client-FF34D2C67AC5->3258574c-39ac-4ed5-9145-ea59a337c299: receive RaftClientReply:client-FF34D2C67AC5->3258574c-39ac-4ed5-9145-ea59a337c299@group-6C7D867BDA6A, cid=3817, SUCCESS, logIndex=5345, commits[3258574c-39ac-4ed5-9145-ea59a337c299:c5348]
2019-09-02 06:30:50,088 [grpc-default-executor-0] INFO  client.GrpcClientProtocolClient (GrpcClientProtocolClient.java:onNext(255)) - client-FF34D2C67AC5->3258574c-39ac-4ed5-9145-ea59a337c299: receive RaftClientReply:client-FF34D2C67AC5->3258574c-39ac-4ed5-9145-ea59a337c299@group-6C7D867BDA6A, cid=3818, SUCCESS, logIndex=5346, commits[3258574c-39ac-4ed5-9145-ea59a337c299:c5348]
2019-09-02 06:30:50,088 [grpc-default-executor-0] INFO  client.GrpcClientProtocolClient (GrpcClientProtocolClient.java:onNext(255)) - client-FF34D2C67AC5->3258574c-39ac-4ed5-9145-ea59a337c299: receive RaftClientReply:client-FF34D2C67AC5->3258574c-39ac-4ed5-9145-ea59a337c299@group-6C7D867BDA6A, cid=3819, SUCCESS, logIndex=5347, commits[3258574c-39ac-4ed5-9145-ea59a337c299:c5348]
2019-09-02 06:30:50,088 [grpc-default-executor-0] INFO  client.GrpcClientProtocolClient (GrpcClientProtocolClient.java:onNext(255)) - client-FF34D2C67AC5->3258574c-39ac-4ed5-9145-ea59a337c299: receive RaftClientReply:client-FF34D2C67AC5->3258574c-39ac-4ed5-9145-ea59a337c299@group-6C7D867BDA6A, cid=3820, SUCCESS, logIndex=5348, commits[3258574c-39ac-4ed5-9145-ea59a337c299:c5348]
2019-09-02 06:30:50,109 [grpc-default-executor-1] INFO  client.GrpcClientProtocolClient (GrpcClientProtocolClient.java:onNext(255)) - client-FF34D2C67AC5->3258574c-39ac-4ed5-9145-ea59a337c299: receive RaftClientReply:client-FF34D2C67AC5->3258574c-39ac-4ed5-9145-ea59a337c299@group-6C7D867BDA6A, cid=3821, SUCCESS, logIndex=5350, commits[3258574c-39ac-4ed5-9145-ea59a337c299:c5353]
2019-09-02 06:30:50,110 [grpc-default-executor-1] INFO  client.GrpcClientProtocolClient (GrpcClientProtocolClient.java:onNext(255)) - client-FF34D2C67AC5->3258574c-39ac-4ed5-9145-ea59a337c299: receive RaftClientReply:client-FF34D2C67AC5->3258574c-39ac-4ed5-9145-ea59a337c299@group-6C7D867BDA6A, cid=3822, SUCCESS, logIndex=5351, commits[3258574c-39ac-4ed5-9145-ea59a337c299:c5353]
2019-09-02 06:30:50,110 [grpc-default-executor-1] INFO  client.GrpcClientProtocolClient (GrpcClientProtocolClient.java:onNext(255)) - client-FF34D2C67AC5->3258574c-39ac-4ed5-9145-ea59a337c299: receive RaftClientReply:client-FF34D2C67AC5->3258574c-39ac-4ed5-9145-ea59a337c299@group-6C7D867BDA6A, cid=3823, SUCCESS, logIndex=5352, commits[3258574c-39ac-4ed5-9145-ea59a337c299:c5353]
2019-09-02 06:30:50,110 [grpc-default-executor-1] INFO  client.GrpcClientProtocolClient (GrpcClientProtocolClient.java:onNext(255)) - client-FF34D2C67AC5->3258574c-39ac-4ed5-9145-ea59a337c299: receive RaftClientReply:client-FF34D2C67AC5->3258574c-39ac-4ed5-9145-ea59a337c299@group-6C7D867BDA6A, cid=3824, SUCCESS, logIndex=5353, commits[3258574c-39ac-4ed5-9145-ea59a337c299:c5353]
2019-09-02 06:30:50,135 [SCMBlockDeletingService#1] DEBUG block.SCMBlockDeletingService (SCMBlockDeletingService.java:call(138)) - Running DeletedBlockTransactionScanner
2019-09-02 06:30:50,136 [SCMBlockDeletingService#1] DEBUG block.SCMBlockDeletingService (SCMBlockDeletingService.java:call(155)) - Scanned deleted blocks log and got 0 delTX to process.
2019-09-02 06:30:50,139 [grpc-default-executor-1] INFO  client.GrpcClientProtocolClient (GrpcClientProtocolClient.java:onNext(255)) - client-FF34D2C67AC5->3258574c-39ac-4ed5-9145-ea59a337c299: receive RaftClientReply:client-FF34D2C67AC5->3258574c-39ac-4ed5-9145-ea59a337c299@group-6C7D867BDA6A, cid=3825, SUCCESS, logIndex=5355, commits[3258574c-39ac-4ed5-9145-ea59a337c299:c5356]
2019-09-02 06:30:50,154 [grpc-default-executor-1] INFO  client.GrpcClientProtocolClient (GrpcClientProtocolClient.java:onNext(255)) - client-FF34D2C67AC5->3258574c-39ac-4ed5-9145-ea59a337c299: receive RaftClientReply:client-FF34D2C67AC5->3258574c-39ac-4ed5-9145-ea59a337c299@group-6C7D867BDA6A, cid=3826, SUCCESS, logIndex=5356, commits[3258574c-39ac-4ed5-9145-ea59a337c299:c5356]
2019-09-02 06:30:50,155 [grpc-default-executor-1] INFO  client.GrpcClientProtocolClient (GrpcClientProtocolClient.java:onNext(255)) - client-FF34D2C67AC5->3258574c-39ac-4ed5-9145-ea59a337c299: receive RaftClientReply:client-FF34D2C67AC5->3258574c-39ac-4ed5-9145-ea59a337c299@group-6C7D867BDA6A, cid=3827, SUCCESS, logIndex=5357, commits[3258574c-39ac-4ed5-9145-ea59a337c299:c5358]
2019-09-02 06:30:50,155 [grpc-default-executor-1] INFO  client.GrpcClientProtocolClient (GrpcClientProtocolClient.java:onNext(255)) - client-FF34D2C67AC5->3258574c-39ac-4ed5-9145-ea59a337c299: receive RaftClientReply:client-FF34D2C67AC5->3258574c-39ac-4ed5-9145-ea59a337c299@group-6C7D867BDA6A, cid=3828, SUCCESS, logIndex=5358, commits[3258574c-39ac-4ed5-9145-ea59a337c299:c5359]
2019-09-02 06:30:50,177 [grpc-default-executor-0] INFO  client.GrpcClientProtocolClient (GrpcClientProtocolClient.java:onNext(255)) - client-FF34D2C67AC5->3258574c-39ac-4ed5-9145-ea59a337c299: receive RaftClientReply:client-FF34D2C67AC5->3258574c-39ac-4ed5-9145-ea59a337c299@group-6C7D867BDA6A, cid=3829, SUCCESS, logIndex=5361, commits[3258574c-39ac-4ed5-9145-ea59a337c299:c5362]
2019-09-02 06:30:50,178 [grpc-default-executor-0] INFO  client.GrpcClientProtocolClient (GrpcClientProtocolClient.java:onNext(255)) - client-FF34D2C67AC5->3258574c-39ac-4ed5-9145-ea59a337c299: receive RaftClientReply:client-FF34D2C67AC5->3258574c-39ac-4ed5-9145-ea59a337c299@group-6C7D867BDA6A, cid=3830, SUCCESS, logIndex=5362, commits[3258574c-39ac-4ed5-9145-ea59a337c299:c5364]
2019-09-02 06:30:50,178 [grpc-default-executor-0] INFO  client.GrpcClientProtocolClient (GrpcClientProtocolClient.java:onNext(255)) - client-FF34D2C67AC5->3258574c-39ac-4ed5-9145-ea59a337c299: receive RaftClientReply:client-FF34D2C67AC5->3258574c-39ac-4ed5-9145-ea59a337c299@group-6C7D867BDA6A, cid=3831, SUCCESS, logIndex=5363, commits[3258574c-39ac-4ed5-9145-ea59a337c299:c5364]
2019-09-02 06:30:50,179 [grpc-default-executor-0] INFO  client.GrpcClientProtocolClient (GrpcClientProtocolClient.java:onNext(255)) - client-FF34D2C67AC5->3258574c-39ac-4ed5-9145-ea59a337c299: receive RaftClientReply:client-FF34D2C67AC5->3258574c-39ac-4ed5-9145-ea59a337c299@group-6C7D867BDA6A, cid=3832, SUCCESS, logIndex=5364, commits[3258574c-39ac-4ed5-9145-ea59a337c299:c5365]
2019-09-02 06:30:50,210 [grpc-default-executor-0] INFO  client.GrpcClientProtocolClient (GrpcClientProtocolClient.java:onNext(255)) - client-FF34D2C67AC5->3258574c-39ac-4ed5-9145-ea59a337c299: receive RaftClientReply:client-FF34D2C67AC5->3258574c-39ac-4ed5-9145-ea59a337c299@group-6C7D867BDA6A, cid=3833, SUCCESS, logIndex=5367, commits[3258574c-39ac-4ed5-9145-ea59a337c299:c5368]
2019-09-02 06:30:50,210 [grpc-default-executor-0] INFO  client.GrpcClientProtocolClient (GrpcClientProtocolClient.java:onNext(255)) - client-FF34D2C67AC5->3258574c-39ac-4ed5-9145-ea59a337c299: receive RaftClientReply:client-FF34D2C67AC5->3258574c-39ac-4ed5-9145-ea59a337c299@group-6C7D867BDA6A, cid=3834, SUCCESS, logIndex=5368, commits[3258574c-39ac-4ed5-9145-ea59a337c299:c5370]
2019-09-02 06:30:50,211 [grpc-default-executor-0] INFO  client.GrpcClientProtocolClient (GrpcClientProtocolClient.java:onNext(255)) - client-FF34D2C67AC5->3258574c-39ac-4ed5-9145-ea59a337c299: receive RaftClientReply:client-FF34D2C67AC5->3258574c-39ac-4ed5-9145-ea59a337c299@group-6C7D867BDA6A, cid=3835, SUCCESS, logIndex=5369, commits[3258574c-39ac-4ed5-9145-ea59a337c299:c5371]
2019-09-02 06:30:50,211 [grpc-default-executor-0] INFO  client.GrpcClientProtocolClient (GrpcClientProtocolClient.java:onNext(255)) - client-FF34D2C67AC5->3258574c-39ac-4ed5-9145-ea59a337c299: receive RaftClientReply:client-FF34D2C67AC5->3258574c-39ac-4ed5-9145-ea59a337c299@group-6C7D867BDA6A, cid=3836, SUCCESS, logIndex=5370, commits[3258574c-39ac-4ed5-9145-ea59a337c299:c5371]
2019-09-02 06:30:50,231 [grpc-default-executor-1] INFO  client.GrpcClientProtocolClient (GrpcClientProtocolClient.java:onNext(255)) - client-FF34D2C67AC5->3258574c-39ac-4ed5-9145-ea59a337c299: receive RaftClientReply:client-FF34D2C67AC5->3258574c-39ac-4ed5-9145-ea59a337c299@group-6C7D867BDA6A, cid=3837, SUCCESS, logIndex=5373, commits[3258574c-39ac-4ed5-9145-ea59a337c299:c5376]
2019-09-02 06:30:50,231 [grpc-default-executor-1] INFO  client.GrpcClientProtocolClient (GrpcClientProtocolClient.java:onNext(255)) - client-FF34D2C67AC5->3258574c-39ac-4ed5-9145-ea59a337c299: receive RaftClientReply:client-FF34D2C67AC5->3258574c-39ac-4ed5-9145-ea59a337c299@group-6C7D867BDA6A, cid=3838, SUCCESS, logIndex=5374, commits[3258574c-39ac-4ed5-9145-ea59a337c299:c5376]
2019-09-02 06:30:50,232 [grpc-default-executor-1] INFO  client.GrpcClientProtocolClient (GrpcClientProtocolClient.java:onNext(255)) - client-FF34D2C67AC5->3258574c-39ac-4ed5-9145-ea59a337c299: receive RaftClientReply:client-FF34D2C67AC5->3258574c-39ac-4ed5-9145-ea59a337c299@group-6C7D867BDA6A, cid=3839, SUCCESS, logIndex=5375, commits[3258574c-39ac-4ed5-9145-ea59a337c299:c5377]
2019-09-02 06:30:50,232 [grpc-default-executor-1] INFO  client.GrpcClientProtocolClient (GrpcClientProtocolClient.java:onNext(255)) - client-FF34D2C67AC5->3258574c-39ac-4ed5-9145-ea59a337c299: receive RaftClientReply:client-FF34D2C67AC5->3258574c-39ac-4ed5-9145-ea59a337c299@group-6C7D867BDA6A, cid=3840, SUCCESS, logIndex=5376, commits[3258574c-39ac-4ed5-9145-ea59a337c299:c5378]
2019-09-02 06:30:50,236 [SCMBlockDeletingService#1] DEBUG block.SCMBlockDeletingService (SCMBlockDeletingService.java:call(138)) - Running DeletedBlockTransactionScanner
2019-09-02 06:30:50,236 [SCMBlockDeletingService#1] DEBUG block.SCMBlockDeletingService (SCMBlockDeletingService.java:call(155)) - Scanned deleted blocks log and got 0 delTX to process.
2019-09-02 06:30:50,261 [grpc-default-executor-0] INFO  client.GrpcClientProtocolClient (GrpcClientProtocolClient.java:onNext(255)) - client-FF34D2C67AC5->3258574c-39ac-4ed5-9145-ea59a337c299: receive RaftClientReply:client-FF34D2C67AC5->3258574c-39ac-4ed5-9145-ea59a337c299@group-6C7D867BDA6A, cid=3841, SUCCESS, logIndex=5379, commits[3258574c-39ac-4ed5-9145-ea59a337c299:c5380]
2019-09-02 06:30:50,262 [grpc-default-executor-0] INFO  client.GrpcClientProtocolClient (GrpcClientProtocolClient.java:onNext(255)) - client-FF34D2C67AC5->3258574c-39ac-4ed5-9145-ea59a337c299: receive RaftClientReply:client-FF34D2C67AC5->3258574c-39ac-4ed5-9145-ea59a337c299@group-6C7D867BDA6A, cid=3842, SUCCESS, logIndex=5380, commits[3258574c-39ac-4ed5-9145-ea59a337c299:c5380]
2019-09-02 06:30:50,263 [grpc-default-executor-0] INFO  client.GrpcClientProtocolClient (GrpcClientProtocolClient.java:onNext(255)) - client-FF34D2C67AC5->3258574c-39ac-4ed5-9145-ea59a337c299: receive RaftClientReply:client-FF34D2C67AC5->3258574c-39ac-4ed5-9145-ea59a337c299@group-6C7D867BDA6A, cid=3843, SUCCESS, logIndex=5381, commits[3258574c-39ac-4ed5-9145-ea59a337c299:c5383]
2019-09-02 06:30:50,263 [grpc-default-executor-0] INFO  client.GrpcClientProtocolClient (GrpcClientProtocolClient.java:onNext(255)) - client-FF34D2C67AC5->3258574c-39ac-4ed5-9145-ea59a337c299: receive RaftClientReply:client-FF34D2C67AC5->3258574c-39ac-4ed5-9145-ea59a337c299@group-6C7D867BDA6A, cid=3844, SUCCESS, logIndex=5382, commits[3258574c-39ac-4ed5-9145-ea59a337c299:c5383]
2019-09-02 06:30:50,283 [grpc-default-executor-1] INFO  client.GrpcClientProtocolClient (GrpcClientProtocolClient.java:onNext(255)) - client-FF34D2C67AC5->3258574c-39ac-4ed5-9145-ea59a337c299: receive RaftClientReply:client-FF34D2C67AC5->3258574c-39ac-4ed5-9145-ea59a337c299@group-6C7D867BDA6A, cid=3845, SUCCESS, logIndex=5384, commits[3258574c-39ac-4ed5-9145-ea59a337c299:c5385]
2019-09-02 06:30:50,283 [grpc-default-executor-1] INFO  client.GrpcClientProtocolClient (GrpcClientProtocolClient.java:onNext(255)) - client-FF34D2C67AC5->3258574c-39ac-4ed5-9145-ea59a337c299: receive RaftClientReply:client-FF34D2C67AC5->3258574c-39ac-4ed5-9145-ea59a337c299@group-6C7D867BDA6A, cid=3846, SUCCESS, logIndex=5385, commits[3258574c-39ac-4ed5-9145-ea59a337c299:c5386]
2019-09-02 06:30:50,337 [SCMBlockDeletingService#1] DEBUG block.SCMBlockDeletingService (SCMBlockDeletingService.java:call(138)) - Running DeletedBlockTransactionScanner
2019-09-02 06:30:50,337 [SCMBlockDeletingService#1] DEBUG block.SCMBlockDeletingService (SCMBlockDeletingService.java:call(155)) - Scanned deleted blocks log and got 0 delTX to process.
2019-09-02 06:30:50,415 [grpc-default-executor-1] INFO  client.GrpcClientProtocolClient (GrpcClientProtocolClient.java:onNext(255)) - client-FF34D2C67AC5->3258574c-39ac-4ed5-9145-ea59a337c299: receive RaftClientReply:client-FF34D2C67AC5->3258574c-39ac-4ed5-9145-ea59a337c299@group-6C7D867BDA6A, cid=3847, SUCCESS, logIndex=5387, commits[3258574c-39ac-4ed5-9145-ea59a337c299:c5388]
2019-09-02 06:30:50,415 [grpc-default-executor-1] INFO  client.GrpcClientProtocolClient (GrpcClientProtocolClient.java:onNext(255)) - client-FF34D2C67AC5->3258574c-39ac-4ed5-9145-ea59a337c299: receive RaftClientReply:client-FF34D2C67AC5->3258574c-39ac-4ed5-9145-ea59a337c299@group-6C7D867BDA6A, cid=3848, SUCCESS, logIndex=5388, commits[3258574c-39ac-4ed5-9145-ea59a337c299:c5389]
2019-09-02 06:30:50,437 [SCMBlockDeletingService#1] DEBUG block.SCMBlockDeletingService (SCMBlockDeletingService.java:call(138)) - Running DeletedBlockTransactionScanner
2019-09-02 06:30:50,437 [SCMBlockDeletingService#1] DEBUG block.SCMBlockDeletingService (SCMBlockDeletingService.java:call(155)) - Scanned deleted blocks log and got 0 delTX to process.
2019-09-02 06:30:50,439 [grpc-default-executor-0] INFO  client.GrpcClientProtocolClient (GrpcClientProtocolClient.java:onNext(255)) - client-FF34D2C67AC5->3258574c-39ac-4ed5-9145-ea59a337c299: receive RaftClientReply:client-FF34D2C67AC5->3258574c-39ac-4ed5-9145-ea59a337c299@group-6C7D867BDA6A, cid=3849, SUCCESS, logIndex=5390, commits[3258574c-39ac-4ed5-9145-ea59a337c299:c5391]
2019-09-02 06:30:50,440 [grpc-default-executor-0] INFO  client.GrpcClientProtocolClient (GrpcClientProtocolClient.java:onNext(255)) - client-FF34D2C67AC5->3258574c-39ac-4ed5-9145-ea59a337c299: receive RaftClientReply:client-FF34D2C67AC5->3258574c-39ac-4ed5-9145-ea59a337c299@group-6C7D867BDA6A, cid=3850, SUCCESS, logIndex=5391, commits[3258574c-39ac-4ed5-9145-ea59a337c299:c5391]
2019-09-02 06:30:50,441 [grpc-default-executor-0] INFO  client.GrpcClientProtocolClient (GrpcClientProtocolClient.java:onNext(255)) - client-FF34D2C67AC5->3258574c-39ac-4ed5-9145-ea59a337c299: receive RaftClientReply:client-FF34D2C67AC5->3258574c-39ac-4ed5-9145-ea59a337c299@group-6C7D867BDA6A, cid=3851, SUCCESS, logIndex=5392, commits[3258574c-39ac-4ed5-9145-ea59a337c299:c5394]
2019-09-02 06:30:50,442 [grpc-default-executor-0] INFO  client.GrpcClientProtocolClient (GrpcClientProtocolClient.java:onNext(255)) - client-FF34D2C67AC5->3258574c-39ac-4ed5-9145-ea59a337c299: receive RaftClientReply:client-FF34D2C67AC5->3258574c-39ac-4ed5-9145-ea59a337c299@group-6C7D867BDA6A, cid=3852, SUCCESS, logIndex=5393, commits[3258574c-39ac-4ed5-9145-ea59a337c299:c5394]
2019-09-02 06:30:50,454 [grpc-default-executor-1] INFO  client.GrpcClientProtocolClient (GrpcClientProtocolClient.java:onNext(255)) - client-FF34D2C67AC5->3258574c-39ac-4ed5-9145-ea59a337c299: receive RaftClientReply:client-FF34D2C67AC5->3258574c-39ac-4ed5-9145-ea59a337c299@group-6C7D867BDA6A, cid=3853, SUCCESS, logIndex=5395, commits[3258574c-39ac-4ed5-9145-ea59a337c299:c5398]
2019-09-02 06:30:50,454 [grpc-default-executor-1] INFO  client.GrpcClientProtocolClient (GrpcClientProtocolClient.java:onNext(255)) - client-FF34D2C67AC5->3258574c-39ac-4ed5-9145-ea59a337c299: receive RaftClientReply:client-FF34D2C67AC5->3258574c-39ac-4ed5-9145-ea59a337c299@group-6C7D867BDA6A, cid=3854, SUCCESS, logIndex=5396, commits[3258574c-39ac-4ed5-9145-ea59a337c299:c5398]
2019-09-02 06:30:50,454 [grpc-default-executor-1] INFO  client.GrpcClientProtocolClient (GrpcClientProtocolClient.java:onNext(255)) - client-FF34D2C67AC5->3258574c-39ac-4ed5-9145-ea59a337c299: receive RaftClientReply:client-FF34D2C67AC5->3258574c-39ac-4ed5-9145-ea59a337c299@group-6C7D867BDA6A, cid=3855, SUCCESS, logIndex=5397, commits[3258574c-39ac-4ed5-9145-ea59a337c299:c5398]
2019-09-02 06:30:50,455 [grpc-default-executor-1] INFO  client.GrpcClientProtocolClient (GrpcClientProtocolClient.java:onNext(255)) - client-FF34D2C67AC5->3258574c-39ac-4ed5-9145-ea59a337c299: receive RaftClientReply:client-FF34D2C67AC5->3258574c-39ac-4ed5-9145-ea59a337c299@group-6C7D867BDA6A, cid=3856, SUCCESS, logIndex=5398, commits[3258574c-39ac-4ed5-9145-ea59a337c299:c5398]
2019-09-02 06:30:50,480 [grpc-default-executor-0] INFO  client.GrpcClientProtocolClient (GrpcClientProtocolClient.java:onNext(255)) - client-FF34D2C67AC5->3258574c-39ac-4ed5-9145-ea59a337c299: receive RaftClientReply:client-FF34D2C67AC5->3258574c-39ac-4ed5-9145-ea59a337c299@group-6C7D867BDA6A, cid=3857, SUCCESS, logIndex=5400, commits[3258574c-39ac-4ed5-9145-ea59a337c299:c5401]
2019-09-02 06:30:50,481 [grpc-default-executor-0] INFO  client.GrpcClientProtocolClient (GrpcClientProtocolClient.java:onNext(255)) - client-FF34D2C67AC5->3258574c-39ac-4ed5-9145-ea59a337c299: receive RaftClientReply:client-FF34D2C67AC5->3258574c-39ac-4ed5-9145-ea59a337c299@group-6C7D867BDA6A, cid=3858, SUCCESS, logIndex=5401, commits[3258574c-39ac-4ed5-9145-ea59a337c299:c5401]
2019-09-02 06:30:50,481 [grpc-default-executor-0] INFO  client.GrpcClientProtocolClient (GrpcClientProtocolClient.java:onNext(255)) - client-FF34D2C67AC5->3258574c-39ac-4ed5-9145-ea59a337c299: receive RaftClientReply:client-FF34D2C67AC5->3258574c-39ac-4ed5-9145-ea59a337c299@group-6C7D867BDA6A, cid=3859, SUCCESS, logIndex=5402, commits[3258574c-39ac-4ed5-9145-ea59a337c299:c5404]
2019-09-02 06:30:50,482 [grpc-default-executor-0] INFO  client.GrpcClientProtocolClient (GrpcClientProtocolClient.java:onNext(255)) - client-FF34D2C67AC5->3258574c-39ac-4ed5-9145-ea59a337c299: receive RaftClientReply:client-FF34D2C67AC5->3258574c-39ac-4ed5-9145-ea59a337c299@group-6C7D867BDA6A, cid=3860, SUCCESS, logIndex=5403, commits[3258574c-39ac-4ed5-9145-ea59a337c299:c5404]
2019-09-02 06:30:50,509 [grpc-default-executor-0] INFO  client.GrpcClientProtocolClient (GrpcClientProtocolClient.java:onNext(255)) - client-FF34D2C67AC5->3258574c-39ac-4ed5-9145-ea59a337c299: receive RaftClientReply:client-FF34D2C67AC5->3258574c-39ac-4ed5-9145-ea59a337c299@group-6C7D867BDA6A, cid=3861, SUCCESS, logIndex=5405, commits[3258574c-39ac-4ed5-9145-ea59a337c299:c5406]
2019-09-02 06:30:50,509 [grpc-default-executor-0] INFO  client.GrpcClientProtocolClient (GrpcClientProtocolClient.java:onNext(255)) - client-FF34D2C67AC5->3258574c-39ac-4ed5-9145-ea59a337c299: receive RaftClientReply:client-FF34D2C67AC5->3258574c-39ac-4ed5-9145-ea59a337c299@group-6C7D867BDA6A, cid=3862, SUCCESS, logIndex=5406, commits[3258574c-39ac-4ed5-9145-ea59a337c299:c5408]
2019-09-02 06:30:50,510 [grpc-default-executor-0] INFO  client.GrpcClientProtocolClient (GrpcClientProtocolClient.java:onNext(255)) - client-FF34D2C67AC5->3258574c-39ac-4ed5-9145-ea59a337c299: receive RaftClientReply:client-FF34D2C67AC5->3258574c-39ac-4ed5-9145-ea59a337c299@group-6C7D867BDA6A, cid=3863, SUCCESS, logIndex=5407, commits[3258574c-39ac-4ed5-9145-ea59a337c299:c5409]
2019-09-02 06:30:50,510 [grpc-default-executor-0] INFO  client.GrpcClientProtocolClient (GrpcClientProtocolClient.java:onNext(255)) - client-FF34D2C67AC5->3258574c-39ac-4ed5-9145-ea59a337c299: receive RaftClientReply:client-FF34D2C67AC5->3258574c-39ac-4ed5-9145-ea59a337c299@group-6C7D867BDA6A, cid=3864, SUCCESS, logIndex=5408, commits[3258574c-39ac-4ed5-9145-ea59a337c299:c5410]
2019-09-02 06:30:50,538 [SCMBlockDeletingService#1] DEBUG block.SCMBlockDeletingService (SCMBlockDeletingService.java:call(138)) - Running DeletedBlockTransactionScanner
2019-09-02 06:30:50,538 [SCMBlockDeletingService#1] DEBUG block.SCMBlockDeletingService (SCMBlockDeletingService.java:call(155)) - Scanned deleted blocks log and got 0 delTX to process.
2019-09-02 06:30:50,538 [grpc-default-executor-0] INFO  client.GrpcClientProtocolClient (GrpcClientProtocolClient.java:onNext(255)) - client-FF34D2C67AC5->3258574c-39ac-4ed5-9145-ea59a337c299: receive RaftClientReply:client-FF34D2C67AC5->3258574c-39ac-4ed5-9145-ea59a337c299@group-6C7D867BDA6A, cid=3865, SUCCESS, logIndex=5411, commits[3258574c-39ac-4ed5-9145-ea59a337c299:c5412]
2019-09-02 06:30:50,543 [grpc-default-executor-0] INFO  client.GrpcClientProtocolClient (GrpcClientProtocolClient.java:onNext(255)) - client-FF34D2C67AC5->3258574c-39ac-4ed5-9145-ea59a337c299: receive RaftClientReply:client-FF34D2C67AC5->3258574c-39ac-4ed5-9145-ea59a337c299@group-6C7D867BDA6A, cid=3866, SUCCESS, logIndex=5412, commits[3258574c-39ac-4ed5-9145-ea59a337c299:c5414]
2019-09-02 06:30:50,543 [grpc-default-executor-0] INFO  client.GrpcClientProtocolClient (GrpcClientProtocolClient.java:onNext(255)) - client-FF34D2C67AC5->3258574c-39ac-4ed5-9145-ea59a337c299: receive RaftClientReply:client-FF34D2C67AC5->3258574c-39ac-4ed5-9145-ea59a337c299@group-6C7D867BDA6A, cid=3867, SUCCESS, logIndex=5413, commits[3258574c-39ac-4ed5-9145-ea59a337c299:c5415]
2019-09-02 06:30:50,544 [grpc-default-executor-0] INFO  client.GrpcClientProtocolClient (GrpcClientProtocolClient.java:onNext(255)) - client-FF34D2C67AC5->3258574c-39ac-4ed5-9145-ea59a337c299: receive RaftClientReply:client-FF34D2C67AC5->3258574c-39ac-4ed5-9145-ea59a337c299@group-6C7D867BDA6A, cid=3868, SUCCESS, logIndex=5414, commits[3258574c-39ac-4ed5-9145-ea59a337c299:c5416]
2019-09-02 06:30:50,556 [grpc-default-executor-1] INFO  client.GrpcClientProtocolClient (GrpcClientProtocolClient.java:onNext(255)) - client-FF34D2C67AC5->3258574c-39ac-4ed5-9145-ea59a337c299: receive RaftClientReply:client-FF34D2C67AC5->3258574c-39ac-4ed5-9145-ea59a337c299@group-6C7D867BDA6A, cid=3869, SUCCESS, logIndex=5417, commits[3258574c-39ac-4ed5-9145-ea59a337c299:c5418]
2019-09-02 06:30:50,557 [grpc-default-executor-1] INFO  client.GrpcClientProtocolClient (GrpcClientProtocolClient.java:onNext(255)) - client-FF34D2C67AC5->3258574c-39ac-4ed5-9145-ea59a337c299: receive RaftClientReply:client-FF34D2C67AC5->3258574c-39ac-4ed5-9145-ea59a337c299@group-6C7D867BDA6A, cid=3870, SUCCESS, logIndex=5418, commits[3258574c-39ac-4ed5-9145-ea59a337c299:c5418]
2019-09-02 06:30:50,559 [grpc-default-executor-1] INFO  client.GrpcClientProtocolClient (GrpcClientProtocolClient.java:onNext(255)) - client-FF34D2C67AC5->3258574c-39ac-4ed5-9145-ea59a337c299: receive RaftClientReply:client-FF34D2C67AC5->3258574c-39ac-4ed5-9145-ea59a337c299@group-6C7D867BDA6A, cid=3871, SUCCESS, logIndex=5419, commits[3258574c-39ac-4ed5-9145-ea59a337c299:c5421]
2019-09-02 06:30:50,559 [grpc-default-executor-1] INFO  client.GrpcClientProtocolClient (GrpcClientProtocolClient.java:onNext(255)) - client-FF34D2C67AC5->3258574c-39ac-4ed5-9145-ea59a337c299: receive RaftClientReply:client-FF34D2C67AC5->3258574c-39ac-4ed5-9145-ea59a337c299@group-6C7D867BDA6A, cid=3872, SUCCESS, logIndex=5420, commits[3258574c-39ac-4ed5-9145-ea59a337c299:c5421]
2019-09-02 06:30:50,585 [grpc-default-executor-0] INFO  client.GrpcClientProtocolClient (GrpcClientProtocolClient.java:onNext(255)) - client-FF34D2C67AC5->3258574c-39ac-4ed5-9145-ea59a337c299: receive RaftClientReply:client-FF34D2C67AC5->3258574c-39ac-4ed5-9145-ea59a337c299@group-6C7D867BDA6A, cid=3873, SUCCESS, logIndex=5422, commits[3258574c-39ac-4ed5-9145-ea59a337c299:c5423]
2019-09-02 06:30:50,586 [grpc-default-executor-0] INFO  client.GrpcClientProtocolClient (GrpcClientProtocolClient.java:onNext(255)) - client-FF34D2C67AC5->3258574c-39ac-4ed5-9145-ea59a337c299: receive RaftClientReply:client-FF34D2C67AC5->3258574c-39ac-4ed5-9145-ea59a337c299@group-6C7D867BDA6A, cid=3874, SUCCESS, logIndex=5423, commits[3258574c-39ac-4ed5-9145-ea59a337c299:c5423]
2019-09-02 06:30:50,588 [grpc-default-executor-0] INFO  client.GrpcClientProtocolClient (GrpcClientProtocolClient.java:onNext(255)) - client-FF34D2C67AC5->3258574c-39ac-4ed5-9145-ea59a337c299: receive RaftClientReply:client-FF34D2C67AC5->3258574c-39ac-4ed5-9145-ea59a337c299@group-6C7D867BDA6A, cid=3875, SUCCESS, logIndex=5424, commits[3258574c-39ac-4ed5-9145-ea59a337c299:c5426]
2019-09-02 06:30:50,588 [grpc-default-executor-0] INFO  client.GrpcClientProtocolClient (GrpcClientProtocolClient.java:onNext(255)) - client-FF34D2C67AC5->3258574c-39ac-4ed5-9145-ea59a337c299: receive RaftClientReply:client-FF34D2C67AC5->3258574c-39ac-4ed5-9145-ea59a337c299@group-6C7D867BDA6A, cid=3876, SUCCESS, logIndex=5426, commits[3258574c-39ac-4ed5-9145-ea59a337c299:c5426]
2019-09-02 06:30:50,598 [grpc-default-executor-0] INFO  client.GrpcClientProtocolClient (GrpcClientProtocolClient.java:onNext(255)) - client-FF34D2C67AC5->3258574c-39ac-4ed5-9145-ea59a337c299: receive RaftClientReply:client-FF34D2C67AC5->3258574c-39ac-4ed5-9145-ea59a337c299@group-6C7D867BDA6A, cid=3877, SUCCESS, logIndex=5428, commits[3258574c-39ac-4ed5-9145-ea59a337c299:c5429]
2019-09-02 06:30:50,598 [grpc-default-executor-0] INFO  client.GrpcClientProtocolClient (GrpcClientProtocolClient.java:onNext(255)) - client-FF34D2C67AC5->3258574c-39ac-4ed5-9145-ea59a337c299: receive RaftClientReply:client-FF34D2C67AC5->3258574c-39ac-4ed5-9145-ea59a337c299@group-6C7D867BDA6A, cid=3878, SUCCESS, logIndex=5429, commits[3258574c-39ac-4ed5-9145-ea59a337c299:c5429]
2019-09-02 06:30:50,601 [grpc-default-executor-0] INFO  client.GrpcClientProtocolClient (GrpcClientProtocolClient.java:onNext(255)) - client-FF34D2C67AC5->3258574c-39ac-4ed5-9145-ea59a337c299: receive RaftClientReply:client-FF34D2C67AC5->3258574c-39ac-4ed5-9145-ea59a337c299@group-6C7D867BDA6A, cid=3879, SUCCESS, logIndex=5430, commits[3258574c-39ac-4ed5-9145-ea59a337c299:c5432]
2019-09-02 06:30:50,601 [grpc-default-executor-0] INFO  client.GrpcClientProtocolClient (GrpcClientProtocolClient.java:onNext(255)) - client-FF34D2C67AC5->3258574c-39ac-4ed5-9145-ea59a337c299: receive RaftClientReply:client-FF34D2C67AC5->3258574c-39ac-4ed5-9145-ea59a337c299@group-6C7D867BDA6A, cid=3880, SUCCESS, logIndex=5431, commits[3258574c-39ac-4ed5-9145-ea59a337c299:c5432]
2019-09-02 06:30:50,621 [grpc-default-executor-0] INFO  client.GrpcClientProtocolClient (GrpcClientProtocolClient.java:onNext(255)) - client-FF34D2C67AC5->3258574c-39ac-4ed5-9145-ea59a337c299: receive RaftClientReply:client-FF34D2C67AC5->3258574c-39ac-4ed5-9145-ea59a337c299@group-6C7D867BDA6A, cid=3881, SUCCESS, logIndex=5433, commits[3258574c-39ac-4ed5-9145-ea59a337c299:c5434]
2019-09-02 06:30:50,621 [grpc-default-executor-0] INFO  client.GrpcClientProtocolClient (GrpcClientProtocolClient.java:onNext(255)) - client-FF34D2C67AC5->3258574c-39ac-4ed5-9145-ea59a337c299: receive RaftClientReply:client-FF34D2C67AC5->3258574c-39ac-4ed5-9145-ea59a337c299@group-6C7D867BDA6A, cid=3882, SUCCESS, logIndex=5434, commits[3258574c-39ac-4ed5-9145-ea59a337c299:c5434]
2019-09-02 06:30:50,622 [grpc-default-executor-0] INFO  client.GrpcClientProtocolClient (GrpcClientProtocolClient.java:onNext(255)) - client-FF34D2C67AC5->3258574c-39ac-4ed5-9145-ea59a337c299: receive RaftClientReply:client-FF34D2C67AC5->3258574c-39ac-4ed5-9145-ea59a337c299@group-6C7D867BDA6A, cid=3883, SUCCESS, logIndex=5435, commits[3258574c-39ac-4ed5-9145-ea59a337c299:c5437]
2019-09-02 06:30:50,623 [grpc-default-executor-0] INFO  client.GrpcClientProtocolClient (GrpcClientProtocolClient.java:onNext(255)) - client-FF34D2C67AC5->3258574c-39ac-4ed5-9145-ea59a337c299: receive RaftClientReply:client-FF34D2C67AC5->3258574c-39ac-4ed5-9145-ea59a337c299@group-6C7D867BDA6A, cid=3884, SUCCESS, logIndex=5436, commits[3258574c-39ac-4ed5-9145-ea59a337c299:c5437]
2019-09-02 06:30:50,635 [grpc-default-executor-1] INFO  client.GrpcClientProtocolClient (GrpcClientProtocolClient.java:onNext(255)) - client-FF34D2C67AC5->3258574c-39ac-4ed5-9145-ea59a337c299: receive RaftClientReply:client-FF34D2C67AC5->3258574c-39ac-4ed5-9145-ea59a337c299@group-6C7D867BDA6A, cid=3885, SUCCESS, logIndex=5438, commits[3258574c-39ac-4ed5-9145-ea59a337c299:c5441]
2019-09-02 06:30:50,635 [grpc-default-executor-1] INFO  client.GrpcClientProtocolClient (GrpcClientProtocolClient.java:onNext(255)) - client-FF34D2C67AC5->3258574c-39ac-4ed5-9145-ea59a337c299: receive RaftClientReply:client-FF34D2C67AC5->3258574c-39ac-4ed5-9145-ea59a337c299@group-6C7D867BDA6A, cid=3886, SUCCESS, logIndex=5439, commits[3258574c-39ac-4ed5-9145-ea59a337c299:c5441]
2019-09-02 06:30:50,636 [grpc-default-executor-1] INFO  client.GrpcClientProtocolClient (GrpcClientProtocolClient.java:onNext(255)) - client-FF34D2C67AC5->3258574c-39ac-4ed5-9145-ea59a337c299: receive RaftClientReply:client-FF34D2C67AC5->3258574c-39ac-4ed5-9145-ea59a337c299@group-6C7D867BDA6A, cid=3887, SUCCESS, logIndex=5440, commits[3258574c-39ac-4ed5-9145-ea59a337c299:c5442]
2019-09-02 06:30:50,636 [grpc-default-executor-1] INFO  client.GrpcClientProtocolClient (GrpcClientProtocolClient.java:onNext(255)) - client-FF34D2C67AC5->3258574c-39ac-4ed5-9145-ea59a337c299: receive RaftClientReply:client-FF34D2C67AC5->3258574c-39ac-4ed5-9145-ea59a337c299@group-6C7D867BDA6A, cid=3888, SUCCESS, logIndex=5441, commits[3258574c-39ac-4ed5-9145-ea59a337c299:c5442]
2019-09-02 06:30:50,638 [SCMBlockDeletingService#1] DEBUG block.SCMBlockDeletingService (SCMBlockDeletingService.java:call(138)) - Running DeletedBlockTransactionScanner
2019-09-02 06:30:50,639 [SCMBlockDeletingService#1] DEBUG block.SCMBlockDeletingService (SCMBlockDeletingService.java:call(155)) - Scanned deleted blocks log and got 0 delTX to process.
2019-09-02 06:30:50,821 [SCMBlockDeletingService#1] DEBUG block.SCMBlockDeletingService (SCMBlockDeletingService.java:call(138)) - Running DeletedBlockTransactionScanner
2019-09-02 06:30:50,822 [SCMBlockDeletingService#1] DEBUG block.SCMBlockDeletingService (SCMBlockDeletingService.java:call(155)) - Scanned deleted blocks log and got 0 delTX to process.
2019-09-02 06:30:50,835 [grpc-default-executor-1] INFO  client.GrpcClientProtocolClient (GrpcClientProtocolClient.java:onNext(255)) - client-FF34D2C67AC5->3258574c-39ac-4ed5-9145-ea59a337c299: receive RaftClientReply:client-FF34D2C67AC5->3258574c-39ac-4ed5-9145-ea59a337c299@group-6C7D867BDA6A, cid=3889, SUCCESS, logIndex=5443, commits[3258574c-39ac-4ed5-9145-ea59a337c299:c5444]
2019-09-02 06:30:50,835 [grpc-default-executor-1] INFO  client.GrpcClientProtocolClient (GrpcClientProtocolClient.java:onNext(255)) - client-FF34D2C67AC5->3258574c-39ac-4ed5-9145-ea59a337c299: receive RaftClientReply:client-FF34D2C67AC5->3258574c-39ac-4ed5-9145-ea59a337c299@group-6C7D867BDA6A, cid=3890, SUCCESS, logIndex=5444, commits[3258574c-39ac-4ed5-9145-ea59a337c299:c5445]
2019-09-02 06:30:50,922 [SCMBlockDeletingService#1] DEBUG block.SCMBlockDeletingService (SCMBlockDeletingService.java:call(138)) - Running DeletedBlockTransactionScanner
2019-09-02 06:30:50,923 [SCMBlockDeletingService#1] DEBUG block.SCMBlockDeletingService (SCMBlockDeletingService.java:call(155)) - Scanned deleted blocks log and got 0 delTX to process.
2019-09-02 06:30:50,997 [grpc-default-executor-1] INFO  client.GrpcClientProtocolClient (GrpcClientProtocolClient.java:onNext(255)) - client-FF34D2C67AC5->3258574c-39ac-4ed5-9145-ea59a337c299: receive RaftClientReply:client-FF34D2C67AC5->3258574c-39ac-4ed5-9145-ea59a337c299@group-6C7D867BDA6A, cid=3891, SUCCESS, logIndex=5446, commits[3258574c-39ac-4ed5-9145-ea59a337c299:c5447]
2019-09-02 06:30:50,998 [grpc-default-executor-1] INFO  client.GrpcClientProtocolClient (GrpcClientProtocolClient.java:onNext(255)) - client-FF34D2C67AC5->3258574c-39ac-4ed5-9145-ea59a337c299: receive RaftClientReply:client-FF34D2C67AC5->3258574c-39ac-4ed5-9145-ea59a337c299@group-6C7D867BDA6A, cid=3892, SUCCESS, logIndex=5447, commits[3258574c-39ac-4ed5-9145-ea59a337c299:c5448]
2019-09-02 06:30:51,016 [grpc-default-executor-0] INFO  client.GrpcClientProtocolClient (GrpcClientProtocolClient.java:onNext(255)) - client-FF34D2C67AC5->3258574c-39ac-4ed5-9145-ea59a337c299: receive RaftClientReply:client-FF34D2C67AC5->3258574c-39ac-4ed5-9145-ea59a337c299@group-6C7D867BDA6A, cid=3893, SUCCESS, logIndex=5449, commits[3258574c-39ac-4ed5-9145-ea59a337c299:c5450]
2019-09-02 06:30:51,017 [grpc-default-executor-0] INFO  client.GrpcClientProtocolClient (GrpcClientProtocolClient.java:onNext(255)) - client-FF34D2C67AC5->3258574c-39ac-4ed5-9145-ea59a337c299: receive RaftClientReply:client-FF34D2C67AC5->3258574c-39ac-4ed5-9145-ea59a337c299@group-6C7D867BDA6A, cid=3894, SUCCESS, logIndex=5450, commits[3258574c-39ac-4ed5-9145-ea59a337c299:c5450]
2019-09-02 06:30:51,018 [grpc-default-executor-0] INFO  client.GrpcClientProtocolClient (GrpcClientProtocolClient.java:onNext(255)) - client-FF34D2C67AC5->3258574c-39ac-4ed5-9145-ea59a337c299: receive RaftClientReply:client-FF34D2C67AC5->3258574c-39ac-4ed5-9145-ea59a337c299@group-6C7D867BDA6A, cid=3895, SUCCESS, logIndex=5451, commits[3258574c-39ac-4ed5-9145-ea59a337c299:c5452]
2019-09-02 06:30:51,018 [grpc-default-executor-1] INFO  client.GrpcClientProtocolClient (GrpcClientProtocolClient.java:onNext(255)) - client-FF34D2C67AC5->3258574c-39ac-4ed5-9145-ea59a337c299: receive RaftClientReply:client-FF34D2C67AC5->3258574c-39ac-4ed5-9145-ea59a337c299@group-6C7D867BDA6A, cid=3896, SUCCESS, logIndex=5452, commits[3258574c-39ac-4ed5-9145-ea59a337c299:c5452]
2019-09-02 06:30:51,023 [SCMBlockDeletingService#1] DEBUG block.SCMBlockDeletingService (SCMBlockDeletingService.java:call(138)) - Running DeletedBlockTransactionScanner
2019-09-02 06:30:51,024 [SCMBlockDeletingService#1] DEBUG block.SCMBlockDeletingService (SCMBlockDeletingService.java:call(155)) - Scanned deleted blocks log and got 0 delTX to process.
2019-09-02 06:30:51,042 [grpc-default-executor-1] INFO  client.GrpcClientProtocolClient (GrpcClientProtocolClient.java:onNext(255)) - client-FF34D2C67AC5->3258574c-39ac-4ed5-9145-ea59a337c299: receive RaftClientReply:client-FF34D2C67AC5->3258574c-39ac-4ed5-9145-ea59a337c299@group-6C7D867BDA6A, cid=3897, SUCCESS, logIndex=5455, commits[3258574c-39ac-4ed5-9145-ea59a337c299:c5458]
2019-09-02 06:30:51,043 [grpc-default-executor-0] INFO  client.GrpcClientProtocolClient (GrpcClientProtocolClient.java:onNext(255)) - client-FF34D2C67AC5->3258574c-39ac-4ed5-9145-ea59a337c299: receive RaftClientReply:client-FF34D2C67AC5->3258574c-39ac-4ed5-9145-ea59a337c299@group-6C7D867BDA6A, cid=3898, SUCCESS, logIndex=5456, commits[3258574c-39ac-4ed5-9145-ea59a337c299:c5459]
2019-09-02 06:30:51,043 [grpc-default-executor-0] INFO  client.GrpcClientProtocolClient (GrpcClientProtocolClient.java:onNext(255)) - client-FF34D2C67AC5->3258574c-39ac-4ed5-9145-ea59a337c299: receive RaftClientReply:client-FF34D2C67AC5->3258574c-39ac-4ed5-9145-ea59a337c299@group-6C7D867BDA6A, cid=3899, SUCCESS, logIndex=5457, commits[3258574c-39ac-4ed5-9145-ea59a337c299:c5459]
2019-09-02 06:30:51,044 [grpc-default-executor-0] INFO  client.GrpcClientProtocolClient (GrpcClientProtocolClient.java:onNext(255)) - client-FF34D2C67AC5->3258574c-39ac-4ed5-9145-ea59a337c299: receive RaftClientReply:client-FF34D2C67AC5->3258574c-39ac-4ed5-9145-ea59a337c299@group-6C7D867BDA6A, cid=3900, SUCCESS, logIndex=5458, commits[3258574c-39ac-4ed5-9145-ea59a337c299:c5459]
2019-09-02 06:30:51,055 [grpc-default-executor-0] INFO  client.GrpcClientProtocolClient (GrpcClientProtocolClient.java:onNext(255)) - client-FF34D2C67AC5->3258574c-39ac-4ed5-9145-ea59a337c299: receive RaftClientReply:client-FF34D2C67AC5->3258574c-39ac-4ed5-9145-ea59a337c299@group-6C7D867BDA6A, cid=3901, SUCCESS, logIndex=5460, commits[3258574c-39ac-4ed5-9145-ea59a337c299:c5461]
2019-09-02 06:30:51,056 [grpc-default-executor-0] INFO  client.GrpcClientProtocolClient (GrpcClientProtocolClient.java:onNext(255)) - client-FF34D2C67AC5->3258574c-39ac-4ed5-9145-ea59a337c299: receive RaftClientReply:client-FF34D2C67AC5->3258574c-39ac-4ed5-9145-ea59a337c299@group-6C7D867BDA6A, cid=3902, SUCCESS, logIndex=5461, commits[3258574c-39ac-4ed5-9145-ea59a337c299:c5461]
2019-09-02 06:30:51,056 [grpc-default-executor-0] INFO  client.GrpcClientProtocolClient (GrpcClientProtocolClient.java:onNext(255)) - client-FF34D2C67AC5->3258574c-39ac-4ed5-9145-ea59a337c299: receive RaftClientReply:client-FF34D2C67AC5->3258574c-39ac-4ed5-9145-ea59a337c299@group-6C7D867BDA6A, cid=3903, SUCCESS, logIndex=5462, commits[3258574c-39ac-4ed5-9145-ea59a337c299:c5464]
2019-09-02 06:30:51,056 [grpc-default-executor-0] INFO  client.GrpcClientProtocolClient (GrpcClientProtocolClient.java:onNext(255)) - client-FF34D2C67AC5->3258574c-39ac-4ed5-9145-ea59a337c299: receive RaftClientReply:client-FF34D2C67AC5->3258574c-39ac-4ed5-9145-ea59a337c299@group-6C7D867BDA6A, cid=3904, SUCCESS, logIndex=5463, commits[3258574c-39ac-4ed5-9145-ea59a337c299:c5464]
2019-09-02 06:30:51,090 [grpc-default-executor-1] INFO  client.GrpcClientProtocolClient (GrpcClientProtocolClient.java:onNext(255)) - client-FF34D2C67AC5->3258574c-39ac-4ed5-9145-ea59a337c299: receive RaftClientReply:client-FF34D2C67AC5->3258574c-39ac-4ed5-9145-ea59a337c299@group-6C7D867BDA6A, cid=3905, SUCCESS, logIndex=5465, commits[3258574c-39ac-4ed5-9145-ea59a337c299:c5466]
2019-09-02 06:30:51,091 [grpc-default-executor-1] INFO  client.GrpcClientProtocolClient (GrpcClientProtocolClient.java:onNext(255)) - client-FF34D2C67AC5->3258574c-39ac-4ed5-9145-ea59a337c299: receive RaftClientReply:client-FF34D2C67AC5->3258574c-39ac-4ed5-9145-ea59a337c299@group-6C7D867BDA6A, cid=3906, SUCCESS, logIndex=5466, commits[3258574c-39ac-4ed5-9145-ea59a337c299:c5468]
2019-09-02 06:30:51,091 [grpc-default-executor-1] INFO  client.GrpcClientProtocolClient (GrpcClientProtocolClient.java:onNext(255)) - client-FF34D2C67AC5->3258574c-39ac-4ed5-9145-ea59a337c299: receive RaftClientReply:client-FF34D2C67AC5->3258574c-39ac-4ed5-9145-ea59a337c299@group-6C7D867BDA6A, cid=3907, SUCCESS, logIndex=5467, commits[3258574c-39ac-4ed5-9145-ea59a337c299:c5469]
2019-09-02 06:30:51,091 [grpc-default-executor-1] INFO  client.GrpcClientProtocolClient (GrpcClientProtocolClient.java:onNext(255)) - client-FF34D2C67AC5->3258574c-39ac-4ed5-9145-ea59a337c299: receive RaftClientReply:client-FF34D2C67AC5->3258574c-39ac-4ed5-9145-ea59a337c299@group-6C7D867BDA6A, cid=3908, SUCCESS, logIndex=5468, commits[3258574c-39ac-4ed5-9145-ea59a337c299:c5470]
2019-09-02 06:30:51,098 [grpc-default-executor-1] INFO  segmented.SegmentedRaftLogWorker (SegmentedRaftLogWorker.java:rollLogSegment(385)) - 3258574c-39ac-4ed5-9145-ea59a337c299-SegmentedRaftLogWorker:Storage Directory /workdir/hadoop-ozone/integration-test/target/test-dir/MiniOzoneClusterImpl-6a7e25ec-1fb2-41bc-9349-4a036b68fad4/datanode-0/data/ratis/64ed058b-0019-49be-a698-6c7d867bda6a: Rolling segment log-0_5470 to index:5470
2019-09-02 06:30:51,101 [3258574c-39ac-4ed5-9145-ea59a337c299-SegmentedRaftLogWorker:Storage Directory /workdir/hadoop-ozone/integration-test/target/test-dir/MiniOzoneClusterImpl-6a7e25ec-1fb2-41bc-9349-4a036b68fad4/datanode-0/data/ratis/64ed058b-0019-49be-a698-6c7d867bda6a] INFO  segmented.SegmentedRaftLogWorker (SegmentedRaftLogWorker.java:execute(526)) - 3258574c-39ac-4ed5-9145-ea59a337c299-SegmentedRaftLogWorker:Storage Directory /workdir/hadoop-ozone/integration-test/target/test-dir/MiniOzoneClusterImpl-6a7e25ec-1fb2-41bc-9349-4a036b68fad4/datanode-0/data/ratis/64ed058b-0019-49be-a698-6c7d867bda6a: Rolled log segment from /workdir/hadoop-ozone/integration-test/target/test-dir/MiniOzoneClusterImpl-6a7e25ec-1fb2-41bc-9349-4a036b68fad4/datanode-0/data/ratis/64ed058b-0019-49be-a698-6c7d867bda6a/current/log_inprogress_0 to /workdir/hadoop-ozone/integration-test/target/test-dir/MiniOzoneClusterImpl-6a7e25ec-1fb2-41bc-9349-4a036b68fad4/datanode-0/data/ratis/64ed058b-0019-49be-a698-6c7d867bda6a/current/log_0-5470
2019-09-02 06:30:51,124 [SCMBlockDeletingService#1] DEBUG block.SCMBlockDeletingService (SCMBlockDeletingService.java:call(138)) - Running DeletedBlockTransactionScanner
2019-09-02 06:30:51,124 [SCMBlockDeletingService#1] DEBUG block.SCMBlockDeletingService (SCMBlockDeletingService.java:call(155)) - Scanned deleted blocks log and got 0 delTX to process.
2019-09-02 06:30:51,140 [3258574c-39ac-4ed5-9145-ea59a337c299-SegmentedRaftLogWorker:Storage Directory /workdir/hadoop-ozone/integration-test/target/test-dir/MiniOzoneClusterImpl-6a7e25ec-1fb2-41bc-9349-4a036b68fad4/datanode-0/data/ratis/64ed058b-0019-49be-a698-6c7d867bda6a] INFO  segmented.SegmentedRaftLogWorker (SegmentedRaftLogWorker.java:execute(569)) - 3258574c-39ac-4ed5-9145-ea59a337c299-SegmentedRaftLogWorker:Storage Directory /workdir/hadoop-ozone/integration-test/target/test-dir/MiniOzoneClusterImpl-6a7e25ec-1fb2-41bc-9349-4a036b68fad4/datanode-0/data/ratis/64ed058b-0019-49be-a698-6c7d867bda6a: created new log segment /workdir/hadoop-ozone/integration-test/target/test-dir/MiniOzoneClusterImpl-6a7e25ec-1fb2-41bc-9349-4a036b68fad4/datanode-0/data/ratis/64ed058b-0019-49be-a698-6c7d867bda6a/current/log_inprogress_5471
2019-09-02 06:30:51,156 [grpc-default-executor-1] INFO  client.GrpcClientProtocolClient (GrpcClientProtocolClient.java:onNext(255)) - client-FF34D2C67AC5->3258574c-39ac-4ed5-9145-ea59a337c299: receive RaftClientReply:client-FF34D2C67AC5->3258574c-39ac-4ed5-9145-ea59a337c299@group-6C7D867BDA6A, cid=3909, SUCCESS, logIndex=5471, commits[3258574c-39ac-4ed5-9145-ea59a337c299:c5474]
2019-09-02 06:30:51,157 [grpc-default-executor-1] INFO  client.GrpcClientProtocolClient (GrpcClientProtocolClient.java:onNext(255)) - client-FF34D2C67AC5->3258574c-39ac-4ed5-9145-ea59a337c299: receive RaftClientReply:client-FF34D2C67AC5->3258574c-39ac-4ed5-9145-ea59a337c299@group-6C7D867BDA6A, cid=3910, SUCCESS, logIndex=5472, commits[3258574c-39ac-4ed5-9145-ea59a337c299:c5474]
2019-09-02 06:30:51,157 [grpc-default-executor-1] INFO  client.GrpcClientProtocolClient (GrpcClientProtocolClient.java:onNext(255)) - client-FF34D2C67AC5->3258574c-39ac-4ed5-9145-ea59a337c299: receive RaftClientReply:client-FF34D2C67AC5->3258574c-39ac-4ed5-9145-ea59a337c299@group-6C7D867BDA6A, cid=3911, SUCCESS, logIndex=5473, commits[3258574c-39ac-4ed5-9145-ea59a337c299:c5474]
2019-09-02 06:30:51,157 [grpc-default-executor-1] INFO  client.GrpcClientProtocolClient (GrpcClientProtocolClient.java:onNext(255)) - client-FF34D2C67AC5->3258574c-39ac-4ed5-9145-ea59a337c299: receive RaftClientReply:client-FF34D2C67AC5->3258574c-39ac-4ed5-9145-ea59a337c299@group-6C7D867BDA6A, cid=3912, SUCCESS, logIndex=5474, commits[3258574c-39ac-4ed5-9145-ea59a337c299:c5474]
2019-09-02 06:30:51,184 [grpc-default-executor-1] INFO  client.GrpcClientProtocolClient (GrpcClientProtocolClient.java:onNext(255)) - client-FF34D2C67AC5->3258574c-39ac-4ed5-9145-ea59a337c299: receive RaftClientReply:client-FF34D2C67AC5->3258574c-39ac-4ed5-9145-ea59a337c299@group-6C7D867BDA6A, cid=3913, SUCCESS, logIndex=5476, commits[3258574c-39ac-4ed5-9145-ea59a337c299:c5476]
2019-09-02 06:30:51,184 [grpc-default-executor-1] INFO  client.GrpcClientProtocolClient (GrpcClientProtocolClient.java:onNext(255)) - client-FF34D2C67AC5->3258574c-39ac-4ed5-9145-ea59a337c299: receive RaftClientReply:client-FF34D2C67AC5->3258574c-39ac-4ed5-9145-ea59a337c299@group-6C7D867BDA6A, cid=3914, SUCCESS, logIndex=5477, commits[3258574c-39ac-4ed5-9145-ea59a337c299:c5477]
2019-09-02 06:30:51,188 [grpc-default-executor-1] INFO  client.GrpcClientProtocolClient (GrpcClientProtocolClient.java:onNext(255)) - client-FF34D2C67AC5->3258574c-39ac-4ed5-9145-ea59a337c299: receive RaftClientReply:client-FF34D2C67AC5->3258574c-39ac-4ed5-9145-ea59a337c299@group-6C7D867BDA6A, cid=3915, SUCCESS, logIndex=5480, commits[3258574c-39ac-4ed5-9145-ea59a337c299:c5481]
2019-09-02 06:30:51,188 [grpc-default-executor-1] INFO  client.GrpcClientProtocolClient (GrpcClientProtocolClient.java:onNext(255)) - client-FF34D2C67AC5->3258574c-39ac-4ed5-9145-ea59a337c299: receive RaftClientReply:client-FF34D2C67AC5->3258574c-39ac-4ed5-9145-ea59a337c299@group-6C7D867BDA6A, cid=3916, SUCCESS, logIndex=5481, commits[3258574c-39ac-4ed5-9145-ea59a337c299:c5482]
2019-09-02 06:30:51,196 [grpc-default-executor-0] INFO  client.GrpcClientProtocolClient (GrpcClientProtocolClient.java:onNext(255)) - client-FF34D2C67AC5->3258574c-39ac-4ed5-9145-ea59a337c299: receive RaftClientReply:client-FF34D2C67AC5->3258574c-39ac-4ed5-9145-ea59a337c299@group-6C7D867BDA6A, cid=3917, SUCCESS, logIndex=5483, commits[3258574c-39ac-4ed5-9145-ea59a337c299:c5484]
2019-09-02 06:30:51,198 [grpc-default-executor-0] INFO  client.GrpcClientProtocolClient (GrpcClientProtocolClient.java:onNext(255)) - client-FF34D2C67AC5->3258574c-39ac-4ed5-9145-ea59a337c299: receive RaftClientReply:client-FF34D2C67AC5->3258574c-39ac-4ed5-9145-ea59a337c299@group-6C7D867BDA6A, cid=3918, SUCCESS, logIndex=5484, commits[3258574c-39ac-4ed5-9145-ea59a337c299:c5484]
2019-09-02 06:30:51,198 [grpc-default-executor-0] INFO  client.GrpcClientProtocolClient (GrpcClientProtocolClient.java:onNext(255)) - client-FF34D2C67AC5->3258574c-39ac-4ed5-9145-ea59a337c299: receive RaftClientReply:client-FF34D2C67AC5->3258574c-39ac-4ed5-9145-ea59a337c299@group-6C7D867BDA6A, cid=3919, SUCCESS, logIndex=5485, commits[3258574c-39ac-4ed5-9145-ea59a337c299:c5487]
2019-09-02 06:30:51,198 [grpc-default-executor-0] INFO  client.GrpcClientProtocolClient (GrpcClientProtocolClient.java:onNext(255)) - client-FF34D2C67AC5->3258574c-39ac-4ed5-9145-ea59a337c299: receive RaftClientReply:client-FF34D2C67AC5->3258574c-39ac-4ed5-9145-ea59a337c299@group-6C7D867BDA6A, cid=3920, SUCCESS, logIndex=5486, commits[3258574c-39ac-4ed5-9145-ea59a337c299:c5487]
2019-09-02 06:30:51,215 [grpc-default-executor-1] INFO  client.GrpcClientProtocolClient (GrpcClientProtocolClient.java:onNext(255)) - client-FF34D2C67AC5->3258574c-39ac-4ed5-9145-ea59a337c299: receive RaftClientReply:client-FF34D2C67AC5->3258574c-39ac-4ed5-9145-ea59a337c299@group-6C7D867BDA6A, cid=3921, SUCCESS, logIndex=5488, commits[3258574c-39ac-4ed5-9145-ea59a337c299:c5491]
2019-09-02 06:30:51,215 [grpc-default-executor-1] INFO  client.GrpcClientProtocolClient (GrpcClientProtocolClient.java:onNext(255)) - client-FF34D2C67AC5->3258574c-39ac-4ed5-9145-ea59a337c299: receive RaftClientReply:client-FF34D2C67AC5->3258574c-39ac-4ed5-9145-ea59a337c299@group-6C7D867BDA6A, cid=3922, SUCCESS, logIndex=5489, commits[3258574c-39ac-4ed5-9145-ea59a337c299:c5491]
2019-09-02 06:30:51,216 [grpc-default-executor-1] INFO  client.GrpcClientProtocolClient (GrpcClientProtocolClient.java:onNext(255)) - client-FF34D2C67AC5->3258574c-39ac-4ed5-9145-ea59a337c299: receive RaftClientReply:client-FF34D2C67AC5->3258574c-39ac-4ed5-9145-ea59a337c299@group-6C7D867BDA6A, cid=3923, SUCCESS, logIndex=5490, commits[3258574c-39ac-4ed5-9145-ea59a337c299:c5491]
2019-09-02 06:30:51,216 [grpc-default-executor-1] INFO  client.GrpcClientProtocolClient (GrpcClientProtocolClient.java:onNext(255)) - client-FF34D2C67AC5->3258574c-39ac-4ed5-9145-ea59a337c299: receive RaftClientReply:client-FF34D2C67AC5->3258574c-39ac-4ed5-9145-ea59a337c299@group-6C7D867BDA6A, cid=3924, SUCCESS, logIndex=5491, commits[3258574c-39ac-4ed5-9145-ea59a337c299:c5492]
2019-09-02 06:30:51,224 [SCMBlockDeletingService#1] DEBUG block.SCMBlockDeletingService (SCMBlockDeletingService.java:call(138)) - Running DeletedBlockTransactionScanner
2019-09-02 06:30:51,225 [SCMBlockDeletingService#1] DEBUG block.SCMBlockDeletingService (SCMBlockDeletingService.java:call(155)) - Scanned deleted blocks log and got 0 delTX to process.
2019-09-02 06:30:51,242 [grpc-default-executor-1] INFO  client.GrpcClientProtocolClient (GrpcClientProtocolClient.java:onNext(255)) - client-FF34D2C67AC5->3258574c-39ac-4ed5-9145-ea59a337c299: receive RaftClientReply:client-FF34D2C67AC5->3258574c-39ac-4ed5-9145-ea59a337c299@group-6C7D867BDA6A, cid=3925, SUCCESS, logIndex=5493, commits[3258574c-39ac-4ed5-9145-ea59a337c299:c5497]
2019-09-02 06:30:51,247 [grpc-default-executor-1] INFO  client.GrpcClientProtocolClient (GrpcClientProtocolClient.java:onNext(255)) - client-FF34D2C67AC5->3258574c-39ac-4ed5-9145-ea59a337c299: receive RaftClientReply:client-FF34D2C67AC5->3258574c-39ac-4ed5-9145-ea59a337c299@group-6C7D867BDA6A, cid=3926, SUCCESS, logIndex=5494, commits[3258574c-39ac-4ed5-9145-ea59a337c299:c5497]
2019-09-02 06:30:51,251 [grpc-default-executor-1] INFO  client.GrpcClientProtocolClient (GrpcClientProtocolClient.java:onNext(255)) - client-FF34D2C67AC5->3258574c-39ac-4ed5-9145-ea59a337c299: receive RaftClientReply:client-FF34D2C67AC5->3258574c-39ac-4ed5-9145-ea59a337c299@group-6C7D867BDA6A, cid=3927, SUCCESS, logIndex=5495, commits[3258574c-39ac-4ed5-9145-ea59a337c299:c5497]
2019-09-02 06:30:51,258 [grpc-default-executor-1] INFO  client.GrpcClientProtocolClient (GrpcClientProtocolClient.java:onNext(255)) - client-FF34D2C67AC5->3258574c-39ac-4ed5-9145-ea59a337c299: receive RaftClientReply:client-FF34D2C67AC5->3258574c-39ac-4ed5-9145-ea59a337c299@group-6C7D867BDA6A, cid=3928, SUCCESS, logIndex=5496, commits[3258574c-39ac-4ed5-9145-ea59a337c299:c5497]
2019-09-02 06:30:51,289 [grpc-default-executor-0] INFO  client.GrpcClientProtocolClient (GrpcClientProtocolClient.java:onNext(255)) - client-FF34D2C67AC5->3258574c-39ac-4ed5-9145-ea59a337c299: receive RaftClientReply:client-FF34D2C67AC5->3258574c-39ac-4ed5-9145-ea59a337c299@group-6C7D867BDA6A, cid=3929, SUCCESS, logIndex=5498, commits[3258574c-39ac-4ed5-9145-ea59a337c299:c5501]
2019-09-02 06:30:51,290 [grpc-default-executor-0] INFO  client.GrpcClientProtocolClient (GrpcClientProtocolClient.java:onNext(255)) - client-FF34D2C67AC5->3258574c-39ac-4ed5-9145-ea59a337c299: receive RaftClientReply:client-FF34D2C67AC5->3258574c-39ac-4ed5-9145-ea59a337c299@group-6C7D867BDA6A, cid=3930, SUCCESS, logIndex=5499, commits[3258574c-39ac-4ed5-9145-ea59a337c299:c5502]
2019-09-02 06:30:51,290 [grpc-default-executor-0] INFO  client.GrpcClientProtocolClient (GrpcClientProtocolClient.java:onNext(255)) - client-FF34D2C67AC5->3258574c-39ac-4ed5-9145-ea59a337c299: receive RaftClientReply:client-FF34D2C67AC5->3258574c-39ac-4ed5-9145-ea59a337c299@group-6C7D867BDA6A, cid=3931, SUCCESS, logIndex=5500, commits[3258574c-39ac-4ed5-9145-ea59a337c299:c5502]
2019-09-02 06:30:51,290 [grpc-default-executor-0] INFO  client.GrpcClientProtocolClient (GrpcClientProtocolClient.java:onNext(255)) - client-FF34D2C67AC5->3258574c-39ac-4ed5-9145-ea59a337c299: receive RaftClientReply:client-FF34D2C67AC5->3258574c-39ac-4ed5-9145-ea59a337c299@group-6C7D867BDA6A, cid=3932, SUCCESS, logIndex=5501, commits[3258574c-39ac-4ed5-9145-ea59a337c299:c5502]
2019-09-02 06:30:51,298 [grpc-default-executor-1] INFO  client.GrpcClientProtocolClient (GrpcClientProtocolClient.java:onNext(255)) - client-FF34D2C67AC5->3258574c-39ac-4ed5-9145-ea59a337c299: receive RaftClientReply:client-FF34D2C67AC5->3258574c-39ac-4ed5-9145-ea59a337c299@group-6C7D867BDA6A, cid=3933, SUCCESS, logIndex=5503, commits[3258574c-39ac-4ed5-9145-ea59a337c299:c5504]
2019-09-02 06:30:51,298 [grpc-default-executor-1] INFO  client.GrpcClientProtocolClient (GrpcClientProtocolClient.java:onNext(255)) - client-FF34D2C67AC5->3258574c-39ac-4ed5-9145-ea59a337c299: receive RaftClientReply:client-FF34D2C67AC5->3258574c-39ac-4ed5-9145-ea59a337c299@group-6C7D867BDA6A, cid=3934, SUCCESS, logIndex=5504, commits[3258574c-39ac-4ed5-9145-ea59a337c299:c5504]
2019-09-02 06:30:51,325 [SCMBlockDeletingService#1] DEBUG block.SCMBlockDeletingService (SCMBlockDeletingService.java:call(138)) - Running DeletedBlockTransactionScanner
2019-09-02 06:30:51,325 [SCMBlockDeletingService#1] DEBUG block.SCMBlockDeletingService (SCMBlockDeletingService.java:call(155)) - Scanned deleted blocks log and got 0 delTX to process.
2019-09-02 06:30:51,408 [grpc-default-executor-0] INFO  client.GrpcClientProtocolClient (GrpcClientProtocolClient.java:onNext(255)) - client-FF34D2C67AC5->3258574c-39ac-4ed5-9145-ea59a337c299: receive RaftClientReply:client-FF34D2C67AC5->3258574c-39ac-4ed5-9145-ea59a337c299@group-6C7D867BDA6A, cid=3935, SUCCESS, logIndex=5506, commits[3258574c-39ac-4ed5-9145-ea59a337c299:c5507]
2019-09-02 06:30:51,409 [grpc-default-executor-0] INFO  client.GrpcClientProtocolClient (GrpcClientProtocolClient.java:onNext(255)) - client-FF34D2C67AC5->3258574c-39ac-4ed5-9145-ea59a337c299: receive RaftClientReply:client-FF34D2C67AC5->3258574c-39ac-4ed5-9145-ea59a337c299@group-6C7D867BDA6A, cid=3936, SUCCESS, logIndex=5507, commits[3258574c-39ac-4ed5-9145-ea59a337c299:c5508]
2019-09-02 06:30:51,426 [SCMBlockDeletingService#1] DEBUG block.SCMBlockDeletingService (SCMBlockDeletingService.java:call(138)) - Running DeletedBlockTransactionScanner
2019-09-02 06:30:51,426 [SCMBlockDeletingService#1] DEBUG block.SCMBlockDeletingService (SCMBlockDeletingService.java:call(155)) - Scanned deleted blocks log and got 0 delTX to process.
2019-09-02 06:30:51,443 [grpc-default-executor-0] INFO  client.GrpcClientProtocolClient (GrpcClientProtocolClient.java:onNext(255)) - client-FF34D2C67AC5->3258574c-39ac-4ed5-9145-ea59a337c299: receive RaftClientReply:client-FF34D2C67AC5->3258574c-39ac-4ed5-9145-ea59a337c299@group-6C7D867BDA6A, cid=3937, SUCCESS, logIndex=5509, commits[3258574c-39ac-4ed5-9145-ea59a337c299:c5512]
2019-09-02 06:30:51,444 [grpc-default-executor-0] INFO  client.GrpcClientProtocolClient (GrpcClientProtocolClient.java:onNext(255)) - client-FF34D2C67AC5->3258574c-39ac-4ed5-9145-ea59a337c299: receive RaftClientReply:client-FF34D2C67AC5->3258574c-39ac-4ed5-9145-ea59a337c299@group-6C7D867BDA6A, cid=3938, SUCCESS, logIndex=5510, commits[3258574c-39ac-4ed5-9145-ea59a337c299:c5513]
2019-09-02 06:30:51,444 [grpc-default-executor-0] INFO  client.GrpcClientProtocolClient (GrpcClientProtocolClient.java:onNext(255)) - client-FF34D2C67AC5->3258574c-39ac-4ed5-9145-ea59a337c299: receive RaftClientReply:client-FF34D2C67AC5->3258574c-39ac-4ed5-9145-ea59a337c299@group-6C7D867BDA6A, cid=3939, SUCCESS, logIndex=5511, commits[3258574c-39ac-4ed5-9145-ea59a337c299:c5513]
2019-09-02 06:30:51,444 [grpc-default-executor-0] INFO  client.GrpcClientProtocolClient (GrpcClientProtocolClient.java:onNext(255)) - client-FF34D2C67AC5->3258574c-39ac-4ed5-9145-ea59a337c299: receive RaftClientReply:client-FF34D2C67AC5->3258574c-39ac-4ed5-9145-ea59a337c299@group-6C7D867BDA6A, cid=3940, SUCCESS, logIndex=5512, commits[3258574c-39ac-4ed5-9145-ea59a337c299:c5513]
2019-09-02 06:30:51,465 [grpc-default-executor-1] INFO  client.GrpcClientProtocolClient (GrpcClientProtocolClient.java:onNext(255)) - client-FF34D2C67AC5->3258574c-39ac-4ed5-9145-ea59a337c299: receive RaftClientReply:client-FF34D2C67AC5->3258574c-39ac-4ed5-9145-ea59a337c299@group-6C7D867BDA6A, cid=3941, SUCCESS, logIndex=5514, commits[3258574c-39ac-4ed5-9145-ea59a337c299:c5517]
2019-09-02 06:30:51,466 [grpc-default-executor-1] INFO  client.GrpcClientProtocolClient (GrpcClientProtocolClient.java:onNext(255)) - client-FF34D2C67AC5->3258574c-39ac-4ed5-9145-ea59a337c299: receive RaftClientReply:client-FF34D2C67AC5->3258574c-39ac-4ed5-9145-ea59a337c299@group-6C7D867BDA6A, cid=3942, SUCCESS, logIndex=5515, commits[3258574c-39ac-4ed5-9145-ea59a337c299:c5518]
2019-09-02 06:30:51,466 [grpc-default-executor-1] INFO  client.GrpcClientProtocolClient (GrpcClientProtocolClient.java:onNext(255)) - client-FF34D2C67AC5->3258574c-39ac-4ed5-9145-ea59a337c299: receive RaftClientReply:client-FF34D2C67AC5->3258574c-39ac-4ed5-9145-ea59a337c299@group-6C7D867BDA6A, cid=3943, SUCCESS, logIndex=5516, commits[3258574c-39ac-4ed5-9145-ea59a337c299:c5518]
2019-09-02 06:30:51,466 [grpc-default-executor-1] INFO  client.GrpcClientProtocolClient (GrpcClientProtocolClient.java:onNext(255)) - client-FF34D2C67AC5->3258574c-39ac-4ed5-9145-ea59a337c299: receive RaftClientReply:client-FF34D2C67AC5->3258574c-39ac-4ed5-9145-ea59a337c299@group-6C7D867BDA6A, cid=3944, SUCCESS, logIndex=5517, commits[3258574c-39ac-4ed5-9145-ea59a337c299:c5518]
2019-09-02 06:30:51,487 [grpc-default-executor-1] INFO  client.GrpcClientProtocolClient (GrpcClientProtocolClient.java:onNext(255)) - client-FF34D2C67AC5->3258574c-39ac-4ed5-9145-ea59a337c299: receive RaftClientReply:client-FF34D2C67AC5->3258574c-39ac-4ed5-9145-ea59a337c299@group-6C7D867BDA6A, cid=3945, SUCCESS, logIndex=5519, commits[3258574c-39ac-4ed5-9145-ea59a337c299:c5522]
2019-09-02 06:30:51,487 [grpc-default-executor-1] INFO  client.GrpcClientProtocolClient (GrpcClientProtocolClient.java:onNext(255)) - client-FF34D2C67AC5->3258574c-39ac-4ed5-9145-ea59a337c299: receive RaftClientReply:client-FF34D2C67AC5->3258574c-39ac-4ed5-9145-ea59a337c299@group-6C7D867BDA6A, cid=3946, SUCCESS, logIndex=5520, commits[3258574c-39ac-4ed5-9145-ea59a337c299:c5523]
2019-09-02 06:30:51,487 [grpc-default-executor-1] INFO  client.GrpcClientProtocolClient (GrpcClientProtocolClient.java:onNext(255)) - client-FF34D2C67AC5->3258574c-39ac-4ed5-9145-ea59a337c299: receive RaftClientReply:client-FF34D2C67AC5->3258574c-39ac-4ed5-9145-ea59a337c299@group-6C7D867BDA6A, cid=3947, SUCCESS, logIndex=5521, commits[3258574c-39ac-4ed5-9145-ea59a337c299:c5523]
2019-09-02 06:30:51,488 [grpc-default-executor-1] INFO  client.GrpcClientProtocolClient (GrpcClientProtocolClient.java:onNext(255)) - client-FF34D2C67AC5->3258574c-39ac-4ed5-9145-ea59a337c299: receive RaftClientReply:client-FF34D2C67AC5->3258574c-39ac-4ed5-9145-ea59a337c299@group-6C7D867BDA6A, cid=3948, SUCCESS, logIndex=5522, commits[3258574c-39ac-4ed5-9145-ea59a337c299:c5523]
2019-09-02 06:30:51,499 [grpc-default-executor-1] INFO  client.GrpcClientProtocolClient (GrpcClientProtocolClient.java:onNext(255)) - client-FF34D2C67AC5->3258574c-39ac-4ed5-9145-ea59a337c299: receive RaftClientReply:client-FF34D2C67AC5->3258574c-39ac-4ed5-9145-ea59a337c299@group-6C7D867BDA6A, cid=3949, SUCCESS, logIndex=5524, commits[3258574c-39ac-4ed5-9145-ea59a337c299:c5527]
2019-09-02 06:30:51,500 [grpc-default-executor-1] INFO  client.GrpcClientProtocolClient (GrpcClientProtocolClient.java:onNext(255)) - client-FF34D2C67AC5->3258574c-39ac-4ed5-9145-ea59a337c299: receive RaftClientReply:client-FF34D2C67AC5->3258574c-39ac-4ed5-9145-ea59a337c299@group-6C7D867BDA6A, cid=3950, SUCCESS, logIndex=5525, commits[3258574c-39ac-4ed5-9145-ea59a337c299:c5528]
2019-09-02 06:30:51,500 [grpc-default-executor-1] INFO  client.GrpcClientProtocolClient (GrpcClientProtocolClient.java:onNext(255)) - client-FF34D2C67AC5->3258574c-39ac-4ed5-9145-ea59a337c299: receive RaftClientReply:client-FF34D2C67AC5->3258574c-39ac-4ed5-9145-ea59a337c299@group-6C7D867BDA6A, cid=3951, SUCCESS, logIndex=5526, commits[3258574c-39ac-4ed5-9145-ea59a337c299:c5528]
2019-09-02 06:30:51,500 [grpc-default-executor-1] INFO  client.GrpcClientProtocolClient (GrpcClientProtocolClient.java:onNext(255)) - client-FF34D2C67AC5->3258574c-39ac-4ed5-9145-ea59a337c299: receive RaftClientReply:client-FF34D2C67AC5->3258574c-39ac-4ed5-9145-ea59a337c299@group-6C7D867BDA6A, cid=3952, SUCCESS, logIndex=5527, commits[3258574c-39ac-4ed5-9145-ea59a337c299:c5528]
2019-09-02 06:30:51,520 [grpc-default-executor-1] INFO  client.GrpcClientProtocolClient (GrpcClientProtocolClient.java:onNext(255)) - client-FF34D2C67AC5->3258574c-39ac-4ed5-9145-ea59a337c299: receive RaftClientReply:client-FF34D2C67AC5->3258574c-39ac-4ed5-9145-ea59a337c299@group-6C7D867BDA6A, cid=3953, SUCCESS, logIndex=5529, commits[3258574c-39ac-4ed5-9145-ea59a337c299:c5532]
2019-09-02 06:30:51,521 [grpc-default-executor-1] INFO  client.GrpcClientProtocolClient (GrpcClientProtocolClient.java:onNext(255)) - client-FF34D2C67AC5->3258574c-39ac-4ed5-9145-ea59a337c299: receive RaftClientReply:client-FF34D2C67AC5->3258574c-39ac-4ed5-9145-ea59a337c299@group-6C7D867BDA6A, cid=3954, SUCCESS, logIndex=5530, commits[3258574c-39ac-4ed5-9145-ea59a337c299:c5533]
2019-09-02 06:30:51,521 [grpc-default-executor-1] INFO  client.GrpcClientProtocolClient (GrpcClientProtocolClient.java:onNext(255)) - client-FF34D2C67AC5->3258574c-39ac-4ed5-9145-ea59a337c299: receive RaftClientReply:client-FF34D2C67AC5->3258574c-39ac-4ed5-9145-ea59a337c299@group-6C7D867BDA6A, cid=3955, SUCCESS, logIndex=5531, commits[3258574c-39ac-4ed5-9145-ea59a337c299:c5533]
2019-09-02 06:30:51,521 [grpc-default-executor-1] INFO  client.GrpcClientProtocolClient (GrpcClientProtocolClient.java:onNext(255)) - client-FF34D2C67AC5->3258574c-39ac-4ed5-9145-ea59a337c299: receive RaftClientReply:client-FF34D2C67AC5->3258574c-39ac-4ed5-9145-ea59a337c299@group-6C7D867BDA6A, cid=3956, SUCCESS, logIndex=5532, commits[3258574c-39ac-4ed5-9145-ea59a337c299:c5533]
2019-09-02 06:30:51,526 [SCMBlockDeletingService#0] DEBUG block.SCMBlockDeletingService (SCMBlockDeletingService.java:call(138)) - Running DeletedBlockTransactionScanner
2019-09-02 06:30:51,527 [SCMBlockDeletingService#0] DEBUG block.SCMBlockDeletingService (SCMBlockDeletingService.java:call(155)) - Scanned deleted blocks log and got 0 delTX to process.
2019-09-02 06:30:51,532 [grpc-default-executor-1] INFO  client.GrpcClientProtocolClient (GrpcClientProtocolClient.java:onNext(255)) - client-FF34D2C67AC5->3258574c-39ac-4ed5-9145-ea59a337c299: receive RaftClientReply:client-FF34D2C67AC5->3258574c-39ac-4ed5-9145-ea59a337c299@group-6C7D867BDA6A, cid=3957, SUCCESS, logIndex=5534, commits[3258574c-39ac-4ed5-9145-ea59a337c299:c5537]
2019-09-02 06:30:51,532 [grpc-default-executor-1] INFO  client.GrpcClientProtocolClient (GrpcClientProtocolClient.java:onNext(255)) - client-FF34D2C67AC5->3258574c-39ac-4ed5-9145-ea59a337c299: receive RaftClientReply:client-FF34D2C67AC5->3258574c-39ac-4ed5-9145-ea59a337c299@group-6C7D867BDA6A, cid=3958, SUCCESS, logIndex=5535, commits[3258574c-39ac-4ed5-9145-ea59a337c299:c5538]
2019-09-02 06:30:51,532 [grpc-default-executor-1] INFO  client.GrpcClientProtocolClient (GrpcClientProtocolClient.java:onNext(255)) - client-FF34D2C67AC5->3258574c-39ac-4ed5-9145-ea59a337c299: receive RaftClientReply:client-FF34D2C67AC5->3258574c-39ac-4ed5-9145-ea59a337c299@group-6C7D867BDA6A, cid=3959, SUCCESS, logIndex=5536, commits[3258574c-39ac-4ed5-9145-ea59a337c299:c5538]
2019-09-02 06:30:51,533 [grpc-default-executor-1] INFO  client.GrpcClientProtocolClient (GrpcClientProtocolClient.java:onNext(255)) - client-FF34D2C67AC5->3258574c-39ac-4ed5-9145-ea59a337c299: receive RaftClientReply:client-FF34D2C67AC5->3258574c-39ac-4ed5-9145-ea59a337c299@group-6C7D867BDA6A, cid=3960, SUCCESS, logIndex=5537, commits[3258574c-39ac-4ed5-9145-ea59a337c299:c5538]
2019-09-02 06:30:51,560 [grpc-default-executor-0] INFO  client.GrpcClientProtocolClient (GrpcClientProtocolClient.java:onNext(255)) - client-FF34D2C67AC5->3258574c-39ac-4ed5-9145-ea59a337c299: receive RaftClientReply:client-FF34D2C67AC5->3258574c-39ac-4ed5-9145-ea59a337c299@group-6C7D867BDA6A, cid=3961, SUCCESS, logIndex=5539, commits[3258574c-39ac-4ed5-9145-ea59a337c299:c5540]
2019-09-02 06:30:51,560 [grpc-default-executor-0] INFO  client.GrpcClientProtocolClient (GrpcClientProtocolClient.java:onNext(255)) - client-FF34D2C67AC5->3258574c-39ac-4ed5-9145-ea59a337c299: receive RaftClientReply:client-FF34D2C67AC5->3258574c-39ac-4ed5-9145-ea59a337c299@group-6C7D867BDA6A, cid=3962, SUCCESS, logIndex=5540, commits[3258574c-39ac-4ed5-9145-ea59a337c299:c5542]
2019-09-02 06:30:51,561 [grpc-default-executor-0] INFO  client.GrpcClientProtocolClient (GrpcClientProtocolClient.java:onNext(255)) - client-FF34D2C67AC5->3258574c-39ac-4ed5-9145-ea59a337c299: receive RaftClientReply:client-FF34D2C67AC5->3258574c-39ac-4ed5-9145-ea59a337c299@group-6C7D867BDA6A, cid=3963, SUCCESS, logIndex=5541, commits[3258574c-39ac-4ed5-9145-ea59a337c299:c5542]
2019-09-02 06:30:51,561 [grpc-default-executor-0] INFO  client.GrpcClientProtocolClient (GrpcClientProtocolClient.java:onNext(255)) - client-FF34D2C67AC5->3258574c-39ac-4ed5-9145-ea59a337c299: receive RaftClientReply:client-FF34D2C67AC5->3258574c-39ac-4ed5-9145-ea59a337c299@group-6C7D867BDA6A, cid=3964, SUCCESS, logIndex=5542, commits[3258574c-39ac-4ed5-9145-ea59a337c299:c5543]
2019-09-02 06:30:51,578 [grpc-default-executor-1] INFO  client.GrpcClientProtocolClient (GrpcClientProtocolClient.java:onNext(255)) - client-FF34D2C67AC5->3258574c-39ac-4ed5-9145-ea59a337c299: receive RaftClientReply:client-FF34D2C67AC5->3258574c-39ac-4ed5-9145-ea59a337c299@group-6C7D867BDA6A, cid=3965, SUCCESS, logIndex=5545, commits[3258574c-39ac-4ed5-9145-ea59a337c299:c5546]
2019-09-02 06:30:51,578 [grpc-default-executor-1] INFO  client.GrpcClientProtocolClient (GrpcClientProtocolClient.java:onNext(255)) - client-FF34D2C67AC5->3258574c-39ac-4ed5-9145-ea59a337c299: receive RaftClientReply:client-FF34D2C67AC5->3258574c-39ac-4ed5-9145-ea59a337c299@group-6C7D867BDA6A, cid=3966, SUCCESS, logIndex=5546, commits[3258574c-39ac-4ed5-9145-ea59a337c299:c5548]
2019-09-02 06:30:51,578 [grpc-default-executor-1] INFO  client.GrpcClientProtocolClient (GrpcClientProtocolClient.java:onNext(255)) - client-FF34D2C67AC5->3258574c-39ac-4ed5-9145-ea59a337c299: receive RaftClientReply:client-FF34D2C67AC5->3258574c-39ac-4ed5-9145-ea59a337c299@group-6C7D867BDA6A, cid=3967, SUCCESS, logIndex=5547, commits[3258574c-39ac-4ed5-9145-ea59a337c299:c5549]
2019-09-02 06:30:51,579 [grpc-default-executor-1] INFO  client.GrpcClientProtocolClient (GrpcClientProtocolClient.java:onNext(255)) - client-FF34D2C67AC5->3258574c-39ac-4ed5-9145-ea59a337c299: receive RaftClientReply:client-FF34D2C67AC5->3258574c-39ac-4ed5-9145-ea59a337c299@group-6C7D867BDA6A, cid=3968, SUCCESS, logIndex=5548, commits[3258574c-39ac-4ed5-9145-ea59a337c299:c5549]
2019-09-02 06:30:51,609 [grpc-default-executor-1] INFO  client.GrpcClientProtocolClient (GrpcClientProtocolClient.java:onNext(255)) - client-FF34D2C67AC5->3258574c-39ac-4ed5-9145-ea59a337c299: receive RaftClientReply:client-FF34D2C67AC5->3258574c-39ac-4ed5-9145-ea59a337c299@group-6C7D867BDA6A, cid=3969, SUCCESS, logIndex=5551, commits[3258574c-39ac-4ed5-9145-ea59a337c299:c5552]
2019-09-02 06:30:51,610 [grpc-default-executor-1] INFO  client.GrpcClientProtocolClient (GrpcClientProtocolClient.java:onNext(255)) - client-FF34D2C67AC5->3258574c-39ac-4ed5-9145-ea59a337c299: receive RaftClientReply:client-FF34D2C67AC5->3258574c-39ac-4ed5-9145-ea59a337c299@group-6C7D867BDA6A, cid=3970, SUCCESS, logIndex=5552, commits[3258574c-39ac-4ed5-9145-ea59a337c299:c5554]
2019-09-02 06:30:51,610 [grpc-default-executor-1] INFO  client.GrpcClientProtocolClient (GrpcClientProtocolClient.java:onNext(255)) - client-FF34D2C67AC5->3258574c-39ac-4ed5-9145-ea59a337c299: receive RaftClientReply:client-FF34D2C67AC5->3258574c-39ac-4ed5-9145-ea59a337c299@group-6C7D867BDA6A, cid=3971, SUCCESS, logIndex=5553, commits[3258574c-39ac-4ed5-9145-ea59a337c299:c5555]
2019-09-02 06:30:51,610 [grpc-default-executor-1] INFO  client.GrpcClientProtocolClient (GrpcClientProtocolClient.java:onNext(255)) - client-FF34D2C67AC5->3258574c-39ac-4ed5-9145-ea59a337c299: receive RaftClientReply:client-FF34D2C67AC5->3258574c-39ac-4ed5-9145-ea59a337c299@group-6C7D867BDA6A, cid=3972, SUCCESS, logIndex=5554, commits[3258574c-39ac-4ed5-9145-ea59a337c299:c5556]
2019-09-02 06:30:51,627 [SCMBlockDeletingService#0] DEBUG block.SCMBlockDeletingService (SCMBlockDeletingService.java:call(138)) - Running DeletedBlockTransactionScanner
2019-09-02 06:30:51,627 [SCMBlockDeletingService#0] DEBUG block.SCMBlockDeletingService (SCMBlockDeletingService.java:call(155)) - Scanned deleted blocks log and got 0 delTX to process.
2019-09-02 06:30:51,630 [grpc-default-executor-0] INFO  client.GrpcClientProtocolClient (GrpcClientProtocolClient.java:onNext(255)) - client-FF34D2C67AC5->3258574c-39ac-4ed5-9145-ea59a337c299: receive RaftClientReply:client-FF34D2C67AC5->3258574c-39ac-4ed5-9145-ea59a337c299@group-6C7D867BDA6A, cid=3973, SUCCESS, logIndex=5557, commits[3258574c-39ac-4ed5-9145-ea59a337c299:c5558]
2019-09-02 06:30:51,630 [grpc-default-executor-0] INFO  client.GrpcClientProtocolClient (GrpcClientProtocolClient.java:onNext(255)) - client-FF34D2C67AC5->3258574c-39ac-4ed5-9145-ea59a337c299: receive RaftClientReply:client-FF34D2C67AC5->3258574c-39ac-4ed5-9145-ea59a337c299@group-6C7D867BDA6A, cid=3974, SUCCESS, logIndex=5558, commits[3258574c-39ac-4ed5-9145-ea59a337c299:c5560]
2019-09-02 06:30:51,630 [grpc-default-executor-0] INFO  client.GrpcClientProtocolClient (GrpcClientProtocolClient.java:onNext(255)) - client-FF34D2C67AC5->3258574c-39ac-4ed5-9145-ea59a337c299: receive RaftClientReply:client-FF34D2C67AC5->3258574c-39ac-4ed5-9145-ea59a337c299@group-6C7D867BDA6A, cid=3975, SUCCESS, logIndex=5559, commits[3258574c-39ac-4ed5-9145-ea59a337c299:c5561]
2019-09-02 06:30:51,631 [grpc-default-executor-0] INFO  client.GrpcClientProtocolClient (GrpcClientProtocolClient.java:onNext(255)) - client-FF34D2C67AC5->3258574c-39ac-4ed5-9145-ea59a337c299: receive RaftClientReply:client-FF34D2C67AC5->3258574c-39ac-4ed5-9145-ea59a337c299@group-6C7D867BDA6A, cid=3976, SUCCESS, logIndex=5560, commits[3258574c-39ac-4ed5-9145-ea59a337c299:c5561]
2019-09-02 06:30:51,729 [SCMBlockDeletingService#0] DEBUG block.SCMBlockDeletingService (SCMBlockDeletingService.java:call(138)) - Running DeletedBlockTransactionScanner
2019-09-02 06:30:51,729 [SCMBlockDeletingService#0] DEBUG block.SCMBlockDeletingService (SCMBlockDeletingService.java:call(155)) - Scanned deleted blocks log and got 0 delTX to process.
2019-09-02 06:30:51,746 [grpc-default-executor-0] INFO  client.GrpcClientProtocolClient (GrpcClientProtocolClient.java:onNext(255)) - client-FF34D2C67AC5->3258574c-39ac-4ed5-9145-ea59a337c299: receive RaftClientReply:client-FF34D2C67AC5->3258574c-39ac-4ed5-9145-ea59a337c299@group-6C7D867BDA6A, cid=3977, SUCCESS, logIndex=5563, commits[3258574c-39ac-4ed5-9145-ea59a337c299:c5564]
2019-09-02 06:30:51,746 [grpc-default-executor-0] INFO  client.GrpcClientProtocolClient (GrpcClientProtocolClient.java:onNext(255)) - client-FF34D2C67AC5->3258574c-39ac-4ed5-9145-ea59a337c299: receive RaftClientReply:client-FF34D2C67AC5->3258574c-39ac-4ed5-9145-ea59a337c299@group-6C7D867BDA6A, cid=3978, SUCCESS, logIndex=5564, commits[3258574c-39ac-4ed5-9145-ea59a337c299:c5565]
2019-09-02 06:30:51,830 [SCMBlockDeletingService#0] DEBUG block.SCMBlockDeletingService (SCMBlockDeletingService.java:call(138)) - Running DeletedBlockTransactionScanner
2019-09-02 06:30:51,830 [SCMBlockDeletingService#0] DEBUG block.SCMBlockDeletingService (SCMBlockDeletingService.java:call(155)) - Scanned deleted blocks log and got 0 delTX to process.
2019-09-02 06:30:51,887 [grpc-default-executor-1] INFO  client.GrpcClientProtocolClient (GrpcClientProtocolClient.java:onNext(255)) - client-FF34D2C67AC5->3258574c-39ac-4ed5-9145-ea59a337c299: receive RaftClientReply:client-FF34D2C67AC5->3258574c-39ac-4ed5-9145-ea59a337c299@group-6C7D867BDA6A, cid=3979, SUCCESS, logIndex=5566, commits[3258574c-39ac-4ed5-9145-ea59a337c299:c5567]
2019-09-02 06:30:51,887 [grpc-default-executor-1] INFO  client.GrpcClientProtocolClient (GrpcClientProtocolClient.java:onNext(255)) - client-FF34D2C67AC5->3258574c-39ac-4ed5-9145-ea59a337c299: receive RaftClientReply:client-FF34D2C67AC5->3258574c-39ac-4ed5-9145-ea59a337c299@group-6C7D867BDA6A, cid=3980, SUCCESS, logIndex=5567, commits[3258574c-39ac-4ed5-9145-ea59a337c299:c5568]
2019-09-02 06:30:51,913 [grpc-default-executor-1] INFO  client.GrpcClientProtocolClient (GrpcClientProtocolClient.java:onNext(255)) - client-FF34D2C67AC5->3258574c-39ac-4ed5-9145-ea59a337c299: receive RaftClientReply:client-FF34D2C67AC5->3258574c-39ac-4ed5-9145-ea59a337c299@group-6C7D867BDA6A, cid=3981, SUCCESS, logIndex=5569, commits[3258574c-39ac-4ed5-9145-ea59a337c299:c5572]
2019-09-02 06:30:51,914 [grpc-default-executor-1] INFO  client.GrpcClientProtocolClient (GrpcClientProtocolClient.java:onNext(255)) - client-FF34D2C67AC5->3258574c-39ac-4ed5-9145-ea59a337c299: receive RaftClientReply:client-FF34D2C67AC5->3258574c-39ac-4ed5-9145-ea59a337c299@group-6C7D867BDA6A, cid=3982, SUCCESS, logIndex=5570, commits[3258574c-39ac-4ed5-9145-ea59a337c299:c5572]
2019-09-02 06:30:51,914 [grpc-default-executor-1] INFO  client.GrpcClientProtocolClient (GrpcClientProtocolClient.java:onNext(255)) - client-FF34D2C67AC5->3258574c-39ac-4ed5-9145-ea59a337c299: receive RaftClientReply:client-FF34D2C67AC5->3258574c-39ac-4ed5-9145-ea59a337c299@group-6C7D867BDA6A, cid=3983, SUCCESS, logIndex=5571, commits[3258574c-39ac-4ed5-9145-ea59a337c299:c5573]
2019-09-02 06:30:51,915 [grpc-default-executor-1] INFO  client.GrpcClientProtocolClient (GrpcClientProtocolClient.java:onNext(255)) - client-FF34D2C67AC5->3258574c-39ac-4ed5-9145-ea59a337c299: receive RaftClientReply:client-FF34D2C67AC5->3258574c-39ac-4ed5-9145-ea59a337c299@group-6C7D867BDA6A, cid=3984, SUCCESS, logIndex=5572, commits[3258574c-39ac-4ed5-9145-ea59a337c299:c5574]
2019-09-02 06:30:51,930 [SCMBlockDeletingService#0] DEBUG block.SCMBlockDeletingService (SCMBlockDeletingService.java:call(138)) - Running DeletedBlockTransactionScanner
2019-09-02 06:30:51,931 [SCMBlockDeletingService#0] DEBUG block.SCMBlockDeletingService (SCMBlockDeletingService.java:call(155)) - Scanned deleted blocks log and got 0 delTX to process.
2019-09-02 06:30:51,955 [grpc-default-executor-0] INFO  client.GrpcClientProtocolClient (GrpcClientProtocolClient.java:onNext(255)) - client-FF34D2C67AC5->3258574c-39ac-4ed5-9145-ea59a337c299: receive RaftClientReply:client-FF34D2C67AC5->3258574c-39ac-4ed5-9145-ea59a337c299@group-6C7D867BDA6A, cid=3985, SUCCESS, logIndex=5575, commits[3258574c-39ac-4ed5-9145-ea59a337c299:c5578]
2019-09-02 06:30:51,956 [grpc-default-executor-0] INFO  client.GrpcClientProtocolClient (GrpcClientProtocolClient.java:onNext(255)) - client-FF34D2C67AC5->3258574c-39ac-4ed5-9145-ea59a337c299: receive RaftClientReply:client-FF34D2C67AC5->3258574c-39ac-4ed5-9145-ea59a337c299@group-6C7D867BDA6A, cid=3986, SUCCESS, logIndex=5576, commits[3258574c-39ac-4ed5-9145-ea59a337c299:c5578]
2019-09-02 06:30:51,956 [grpc-default-executor-0] INFO  client.GrpcClientProtocolClient (GrpcClientProtocolClient.java:onNext(255)) - client-FF34D2C67AC5->3258574c-39ac-4ed5-9145-ea59a337c299: receive RaftClientReply:client-FF34D2C67AC5->3258574c-39ac-4ed5-9145-ea59a337c299@group-6C7D867BDA6A, cid=3987, SUCCESS, logIndex=5577, commits[3258574c-39ac-4ed5-9145-ea59a337c299:c5579]
2019-09-02 06:30:51,956 [grpc-default-executor-0] INFO  client.GrpcClientProtocolClient (GrpcClientProtocolClient.java:onNext(255)) - client-FF34D2C67AC5->3258574c-39ac-4ed5-9145-ea59a337c299: receive RaftClientReply:client-FF34D2C67AC5->3258574c-39ac-4ed5-9145-ea59a337c299@group-6C7D867BDA6A, cid=3988, SUCCESS, logIndex=5578, commits[3258574c-39ac-4ed5-9145-ea59a337c299:c5579]
2019-09-02 06:30:51,980 [grpc-default-executor-1] INFO  client.GrpcClientProtocolClient (GrpcClientProtocolClient.java:onNext(255)) - client-FF34D2C67AC5->3258574c-39ac-4ed5-9145-ea59a337c299: receive RaftClientReply:client-FF34D2C67AC5->3258574c-39ac-4ed5-9145-ea59a337c299@group-6C7D867BDA6A, cid=3989, SUCCESS, logIndex=5581, commits[3258574c-39ac-4ed5-9145-ea59a337c299:c5582]
2019-09-02 06:30:51,981 [grpc-default-executor-1] INFO  client.GrpcClientProtocolClient (GrpcClientProtocolClient.java:onNext(255)) - client-FF34D2C67AC5->3258574c-39ac-4ed5-9145-ea59a337c299: receive RaftClientReply:client-FF34D2C67AC5->3258574c-39ac-4ed5-9145-ea59a337c299@group-6C7D867BDA6A, cid=3990, SUCCESS, logIndex=5582, commits[3258574c-39ac-4ed5-9145-ea59a337c299:c5584]
2019-09-02 06:30:51,982 [grpc-default-executor-1] INFO  client.GrpcClientProtocolClient (GrpcClientProtocolClient.java:onNext(255)) - client-FF34D2C67AC5->3258574c-39ac-4ed5-9145-ea59a337c299: receive RaftClientReply:client-FF34D2C67AC5->3258574c-39ac-4ed5-9145-ea59a337c299@group-6C7D867BDA6A, cid=3991, SUCCESS, logIndex=5583, commits[3258574c-39ac-4ed5-9145-ea59a337c299:c5584]
2019-09-02 06:30:51,982 [grpc-default-executor-1] INFO  client.GrpcClientProtocolClient (GrpcClientProtocolClient.java:onNext(255)) - client-FF34D2C67AC5->3258574c-39ac-4ed5-9145-ea59a337c299: receive RaftClientReply:client-FF34D2C67AC5->3258574c-39ac-4ed5-9145-ea59a337c299@group-6C7D867BDA6A, cid=3992, SUCCESS, logIndex=5584, commits[3258574c-39ac-4ed5-9145-ea59a337c299:c5586]
2019-09-02 06:30:52,018 [grpc-default-executor-1] INFO  client.GrpcClientProtocolClient (GrpcClientProtocolClient.java:onNext(255)) - client-FF34D2C67AC5->3258574c-39ac-4ed5-9145-ea59a337c299: receive RaftClientReply:client-FF34D2C67AC5->3258574c-39ac-4ed5-9145-ea59a337c299@group-6C7D867BDA6A, cid=3993, SUCCESS, logIndex=5587, commits[3258574c-39ac-4ed5-9145-ea59a337c299:c5588]
2019-09-02 06:30:52,019 [grpc-default-executor-1] INFO  client.GrpcClientProtocolClient (GrpcClientProtocolClient.java:onNext(255)) - client-FF34D2C67AC5->3258574c-39ac-4ed5-9145-ea59a337c299: receive RaftClientReply:client-FF34D2C67AC5->3258574c-39ac-4ed5-9145-ea59a337c299@group-6C7D867BDA6A, cid=3994, SUCCESS, logIndex=5588, commits[3258574c-39ac-4ed5-9145-ea59a337c299:c5590]
2019-09-02 06:30:52,019 [grpc-default-executor-1] INFO  client.GrpcClientProtocolClient (GrpcClientProtocolClient.java:onNext(255)) - client-FF34D2C67AC5->3258574c-39ac-4ed5-9145-ea59a337c299: receive RaftClientReply:client-FF34D2C67AC5->3258574c-39ac-4ed5-9145-ea59a337c299@group-6C7D867BDA6A, cid=3995, SUCCESS, logIndex=5589, commits[3258574c-39ac-4ed5-9145-ea59a337c299:c5591]
2019-09-02 06:30:52,019 [grpc-default-executor-1] INFO  client.GrpcClientProtocolClient (GrpcClientProtocolClient.java:onNext(255)) - client-FF34D2C67AC5->3258574c-39ac-4ed5-9145-ea59a337c299: receive RaftClientReply:client-FF34D2C67AC5->3258574c-39ac-4ed5-9145-ea59a337c299@group-6C7D867BDA6A, cid=3996, SUCCESS, logIndex=5590, commits[3258574c-39ac-4ed5-9145-ea59a337c299:c5591]
2019-09-02 06:30:52,030 [grpc-default-executor-0] INFO  client.GrpcClientProtocolClient (GrpcClientProtocolClient.java:onNext(255)) - client-FF34D2C67AC5->3258574c-39ac-4ed5-9145-ea59a337c299: receive RaftClientReply:client-FF34D2C67AC5->3258574c-39ac-4ed5-9145-ea59a337c299@group-6C7D867BDA6A, cid=3997, SUCCESS, logIndex=5593, commits[3258574c-39ac-4ed5-9145-ea59a337c299:c5594]
2019-09-02 06:30:52,031 [SCMBlockDeletingService#0] DEBUG block.SCMBlockDeletingService (SCMBlockDeletingService.java:call(138)) - Running DeletedBlockTransactionScanner
2019-09-02 06:30:52,031 [grpc-default-executor-0] INFO  client.GrpcClientProtocolClient (GrpcClientProtocolClient.java:onNext(255)) - client-FF34D2C67AC5->3258574c-39ac-4ed5-9145-ea59a337c299: receive RaftClientReply:client-FF34D2C67AC5->3258574c-39ac-4ed5-9145-ea59a337c299@group-6C7D867BDA6A, cid=3998, SUCCESS, logIndex=5594, commits[3258574c-39ac-4ed5-9145-ea59a337c299:c5594]
2019-09-02 06:30:52,031 [SCMBlockDeletingService#0] DEBUG block.SCMBlockDeletingService (SCMBlockDeletingService.java:call(155)) - Scanned deleted blocks log and got 0 delTX to process.
2019-09-02 06:30:52,034 [grpc-default-executor-0] INFO  client.GrpcClientProtocolClient (GrpcClientProtocolClient.java:onNext(255)) - client-FF34D2C67AC5->3258574c-39ac-4ed5-9145-ea59a337c299: receive RaftClientReply:client-FF34D2C67AC5->3258574c-39ac-4ed5-9145-ea59a337c299@group-6C7D867BDA6A, cid=3999, SUCCESS, logIndex=5596, commits[3258574c-39ac-4ed5-9145-ea59a337c299:c5597]
2019-09-02 06:30:52,034 [grpc-default-executor-0] INFO  client.GrpcClientProtocolClient (GrpcClientProtocolClient.java:onNext(255)) - client-FF34D2C67AC5->3258574c-39ac-4ed5-9145-ea59a337c299: receive RaftClientReply:client-FF34D2C67AC5->3258574c-39ac-4ed5-9145-ea59a337c299@group-6C7D867BDA6A, cid=4000, SUCCESS, logIndex=5597, commits[3258574c-39ac-4ed5-9145-ea59a337c299:c5598]
2019-09-02 06:30:52,055 [grpc-default-executor-1] INFO  client.GrpcClientProtocolClient (GrpcClientProtocolClient.java:onNext(255)) - client-FF34D2C67AC5->3258574c-39ac-4ed5-9145-ea59a337c299: receive RaftClientReply:client-FF34D2C67AC5->3258574c-39ac-4ed5-9145-ea59a337c299@group-6C7D867BDA6A, cid=4001, SUCCESS, logIndex=5599, commits[3258574c-39ac-4ed5-9145-ea59a337c299:c5600]
2019-09-02 06:30:52,056 [grpc-default-executor-1] INFO  client.GrpcClientProtocolClient (GrpcClientProtocolClient.java:onNext(255)) - client-FF34D2C67AC5->3258574c-39ac-4ed5-9145-ea59a337c299: receive RaftClientReply:client-FF34D2C67AC5->3258574c-39ac-4ed5-9145-ea59a337c299@group-6C7D867BDA6A, cid=4002, SUCCESS, logIndex=5600, commits[3258574c-39ac-4ed5-9145-ea59a337c299:c5600]
2019-09-02 06:30:52,058 [grpc-default-executor-1] INFO  client.GrpcClientProtocolClient (GrpcClientProtocolClient.java:onNext(255)) - client-FF34D2C67AC5->3258574c-39ac-4ed5-9145-ea59a337c299: receive RaftClientReply:client-FF34D2C67AC5->3258574c-39ac-4ed5-9145-ea59a337c299@group-6C7D867BDA6A, cid=4003, SUCCESS, logIndex=5601, commits[3258574c-39ac-4ed5-9145-ea59a337c299:c5603]
2019-09-02 06:30:52,058 [grpc-default-executor-1] INFO  client.GrpcClientProtocolClient (GrpcClientProtocolClient.java:onNext(255)) - client-FF34D2C67AC5->3258574c-39ac-4ed5-9145-ea59a337c299: receive RaftClientReply:client-FF34D2C67AC5->3258574c-39ac-4ed5-9145-ea59a337c299@group-6C7D867BDA6A, cid=4004, SUCCESS, logIndex=5602, commits[3258574c-39ac-4ed5-9145-ea59a337c299:c5603]
2019-09-02 06:30:52,077 [grpc-default-executor-1] INFO  client.GrpcClientProtocolClient (GrpcClientProtocolClient.java:onNext(255)) - client-FF34D2C67AC5->3258574c-39ac-4ed5-9145-ea59a337c299: receive RaftClientReply:client-FF34D2C67AC5->3258574c-39ac-4ed5-9145-ea59a337c299@group-6C7D867BDA6A, cid=4005, SUCCESS, logIndex=5604, commits[3258574c-39ac-4ed5-9145-ea59a337c299:c5605]
2019-09-02 06:30:52,077 [grpc-default-executor-1] INFO  client.GrpcClientProtocolClient (GrpcClientProtocolClient.java:onNext(255)) - client-FF34D2C67AC5->3258574c-39ac-4ed5-9145-ea59a337c299: receive RaftClientReply:client-FF34D2C67AC5->3258574c-39ac-4ed5-9145-ea59a337c299@group-6C7D867BDA6A, cid=4006, SUCCESS, logIndex=5605, commits[3258574c-39ac-4ed5-9145-ea59a337c299:c5607]
2019-09-02 06:30:52,077 [grpc-default-executor-1] INFO  client.GrpcClientProtocolClient (GrpcClientProtocolClient.java:onNext(255)) - client-FF34D2C67AC5->3258574c-39ac-4ed5-9145-ea59a337c299: receive RaftClientReply:client-FF34D2C67AC5->3258574c-39ac-4ed5-9145-ea59a337c299@group-6C7D867BDA6A, cid=4007, SUCCESS, logIndex=5606, commits[3258574c-39ac-4ed5-9145-ea59a337c299:c5607]
2019-09-02 06:30:52,078 [grpc-default-executor-1] INFO  client.GrpcClientProtocolClient (GrpcClientProtocolClient.java:onNext(255)) - client-FF34D2C67AC5->3258574c-39ac-4ed5-9145-ea59a337c299: receive RaftClientReply:client-FF34D2C67AC5->3258574c-39ac-4ed5-9145-ea59a337c299@group-6C7D867BDA6A, cid=4008, SUCCESS, logIndex=5607, commits[3258574c-39ac-4ed5-9145-ea59a337c299:c5608]
2019-09-02 06:30:52,110 [grpc-default-executor-1] INFO  client.GrpcClientProtocolClient (GrpcClientProtocolClient.java:onNext(255)) - client-FF34D2C67AC5->3258574c-39ac-4ed5-9145-ea59a337c299: receive RaftClientReply:client-FF34D2C67AC5->3258574c-39ac-4ed5-9145-ea59a337c299@group-6C7D867BDA6A, cid=4009, SUCCESS, logIndex=5610, commits[3258574c-39ac-4ed5-9145-ea59a337c299:c5611]
2019-09-02 06:30:52,111 [grpc-default-executor-1] INFO  client.GrpcClientProtocolClient (GrpcClientProtocolClient.java:onNext(255)) - client-FF34D2C67AC5->3258574c-39ac-4ed5-9145-ea59a337c299: receive RaftClientReply:client-FF34D2C67AC5->3258574c-39ac-4ed5-9145-ea59a337c299@group-6C7D867BDA6A, cid=4010, SUCCESS, logIndex=5611, commits[3258574c-39ac-4ed5-9145-ea59a337c299:c5613]
2019-09-02 06:30:52,111 [grpc-default-executor-1] INFO  client.GrpcClientProtocolClient (GrpcClientProtocolClient.java:onNext(255)) - client-FF34D2C67AC5->3258574c-39ac-4ed5-9145-ea59a337c299: receive RaftClientReply:client-FF34D2C67AC5->3258574c-39ac-4ed5-9145-ea59a337c299@group-6C7D867BDA6A, cid=4011, SUCCESS, logIndex=5612, commits[3258574c-39ac-4ed5-9145-ea59a337c299:c5614]
2019-09-02 06:30:52,112 [grpc-default-executor-1] INFO  client.GrpcClientProtocolClient (GrpcClientProtocolClient.java:onNext(255)) - client-FF34D2C67AC5->3258574c-39ac-4ed5-9145-ea59a337c299: receive RaftClientReply:client-FF34D2C67AC5->3258574c-39ac-4ed5-9145-ea59a337c299@group-6C7D867BDA6A, cid=4012, SUCCESS, logIndex=5613, commits[3258574c-39ac-4ed5-9145-ea59a337c299:c5614]
2019-09-02 06:30:52,125 [grpc-default-executor-0] INFO  client.GrpcClientProtocolClient (GrpcClientProtocolClient.java:onNext(255)) - client-FF34D2C67AC5->3258574c-39ac-4ed5-9145-ea59a337c299: receive RaftClientReply:client-FF34D2C67AC5->3258574c-39ac-4ed5-9145-ea59a337c299@group-6C7D867BDA6A, cid=4013, SUCCESS, logIndex=5616, commits[3258574c-39ac-4ed5-9145-ea59a337c299:c5617]
2019-09-02 06:30:52,126 [grpc-default-executor-0] INFO  client.GrpcClientProtocolClient (GrpcClientProtocolClient.java:onNext(255)) - client-FF34D2C67AC5->3258574c-39ac-4ed5-9145-ea59a337c299: receive RaftClientReply:client-FF34D2C67AC5->3258574c-39ac-4ed5-9145-ea59a337c299@group-6C7D867BDA6A, cid=4014, SUCCESS, logIndex=5617, commits[3258574c-39ac-4ed5-9145-ea59a337c299:c5620]
2019-09-02 06:30:52,126 [grpc-default-executor-0] INFO  client.GrpcClientProtocolClient (GrpcClientProtocolClient.java:onNext(255)) - client-FF34D2C67AC5->3258574c-39ac-4ed5-9145-ea59a337c299: receive RaftClientReply:client-FF34D2C67AC5->3258574c-39ac-4ed5-9145-ea59a337c299@group-6C7D867BDA6A, cid=4015, SUCCESS, logIndex=5618, commits[3258574c-39ac-4ed5-9145-ea59a337c299:c5620]
2019-09-02 06:30:52,127 [grpc-default-executor-0] INFO  client.GrpcClientProtocolClient (GrpcClientProtocolClient.java:onNext(255)) - client-FF34D2C67AC5->3258574c-39ac-4ed5-9145-ea59a337c299: receive RaftClientReply:client-FF34D2C67AC5->3258574c-39ac-4ed5-9145-ea59a337c299@group-6C7D867BDA6A, cid=4016, SUCCESS, logIndex=5619, commits[3258574c-39ac-4ed5-9145-ea59a337c299:c5620]
2019-09-02 06:30:52,131 [SCMBlockDeletingService#0] DEBUG block.SCMBlockDeletingService (SCMBlockDeletingService.java:call(138)) - Running DeletedBlockTransactionScanner
2019-09-02 06:30:52,131 [SCMBlockDeletingService#0] DEBUG block.SCMBlockDeletingService (SCMBlockDeletingService.java:call(155)) - Scanned deleted blocks log and got 0 delTX to process.
2019-09-02 06:30:52,156 [grpc-default-executor-0] INFO  client.GrpcClientProtocolClient (GrpcClientProtocolClient.java:onNext(255)) - client-FF34D2C67AC5->3258574c-39ac-4ed5-9145-ea59a337c299: receive RaftClientReply:client-FF34D2C67AC5->3258574c-39ac-4ed5-9145-ea59a337c299@group-6C7D867BDA6A, cid=4017, SUCCESS, logIndex=5621, commits[3258574c-39ac-4ed5-9145-ea59a337c299:c5622]
2019-09-02 06:30:52,156 [grpc-default-executor-0] INFO  client.GrpcClientProtocolClient (GrpcClientProtocolClient.java:onNext(255)) - client-FF34D2C67AC5->3258574c-39ac-4ed5-9145-ea59a337c299: receive RaftClientReply:client-FF34D2C67AC5->3258574c-39ac-4ed5-9145-ea59a337c299@group-6C7D867BDA6A, cid=4018, SUCCESS, logIndex=5622, commits[3258574c-39ac-4ed5-9145-ea59a337c299:c5624]
2019-09-02 06:30:52,157 [grpc-default-executor-0] INFO  client.GrpcClientProtocolClient (GrpcClientProtocolClient.java:onNext(255)) - client-FF34D2C67AC5->3258574c-39ac-4ed5-9145-ea59a337c299: receive RaftClientReply:client-FF34D2C67AC5->3258574c-39ac-4ed5-9145-ea59a337c299@group-6C7D867BDA6A, cid=4019, SUCCESS, logIndex=5623, commits[3258574c-39ac-4ed5-9145-ea59a337c299:c5625]
2019-09-02 06:30:52,157 [grpc-default-executor-0] INFO  client.GrpcClientProtocolClient (GrpcClientProtocolClient.java:onNext(255)) - client-FF34D2C67AC5->3258574c-39ac-4ed5-9145-ea59a337c299: receive RaftClientReply:client-FF34D2C67AC5->3258574c-39ac-4ed5-9145-ea59a337c299@group-6C7D867BDA6A, cid=4020, SUCCESS, logIndex=5624, commits[3258574c-39ac-4ed5-9145-ea59a337c299:c5625]
2019-09-02 06:30:52,176 [grpc-default-executor-1] INFO  client.GrpcClientProtocolClient (GrpcClientProtocolClient.java:onNext(255)) - client-FF34D2C67AC5->3258574c-39ac-4ed5-9145-ea59a337c299: receive RaftClientReply:client-FF34D2C67AC5->3258574c-39ac-4ed5-9145-ea59a337c299@group-6C7D867BDA6A, cid=4021, SUCCESS, logIndex=5627, commits[3258574c-39ac-4ed5-9145-ea59a337c299:c5628]
2019-09-02 06:30:52,177 [grpc-default-executor-1] INFO  client.GrpcClientProtocolClient (GrpcClientProtocolClient.java:onNext(255)) - client-FF34D2C67AC5->3258574c-39ac-4ed5-9145-ea59a337c299: receive RaftClientReply:client-FF34D2C67AC5->3258574c-39ac-4ed5-9145-ea59a337c299@group-6C7D867BDA6A, cid=4022, SUCCESS, logIndex=5628, commits[3258574c-39ac-4ed5-9145-ea59a337c299:c5629]
2019-09-02 06:30:52,232 [SCMBlockDeletingService#0] DEBUG block.SCMBlockDeletingService (SCMBlockDeletingService.java:call(138)) - Running DeletedBlockTransactionScanner
2019-09-02 06:30:52,232 [SCMBlockDeletingService#0] DEBUG block.SCMBlockDeletingService (SCMBlockDeletingService.java:call(155)) - Scanned deleted blocks log and got 0 delTX to process.
2019-09-02 06:30:52,332 [SCMBlockDeletingService#0] DEBUG block.SCMBlockDeletingService (SCMBlockDeletingService.java:call(138)) - Running DeletedBlockTransactionScanner
2019-09-02 06:30:52,333 [SCMBlockDeletingService#0] DEBUG block.SCMBlockDeletingService (SCMBlockDeletingService.java:call(155)) - Scanned deleted blocks log and got 0 delTX to process.
2019-09-02 06:30:52,339 [grpc-default-executor-0] INFO  client.GrpcClientProtocolClient (GrpcClientProtocolClient.java:onNext(255)) - client-FF34D2C67AC5->3258574c-39ac-4ed5-9145-ea59a337c299: receive RaftClientReply:client-FF34D2C67AC5->3258574c-39ac-4ed5-9145-ea59a337c299@group-6C7D867BDA6A, cid=4023, SUCCESS, logIndex=5630, commits[3258574c-39ac-4ed5-9145-ea59a337c299:c5631]
2019-09-02 06:30:52,339 [grpc-default-executor-0] INFO  client.GrpcClientProtocolClient (GrpcClientProtocolClient.java:onNext(255)) - client-FF34D2C67AC5->3258574c-39ac-4ed5-9145-ea59a337c299: receive RaftClientReply:client-FF34D2C67AC5->3258574c-39ac-4ed5-9145-ea59a337c299@group-6C7D867BDA6A, cid=4024, SUCCESS, logIndex=5631, commits[3258574c-39ac-4ed5-9145-ea59a337c299:c5632]
2019-09-02 06:30:52,375 [grpc-default-executor-1] INFO  client.GrpcClientProtocolClient (GrpcClientProtocolClient.java:onNext(255)) - client-FF34D2C67AC5->3258574c-39ac-4ed5-9145-ea59a337c299: receive RaftClientReply:client-FF34D2C67AC5->3258574c-39ac-4ed5-9145-ea59a337c299@group-6C7D867BDA6A, cid=4025, SUCCESS, logIndex=5633, commits[3258574c-39ac-4ed5-9145-ea59a337c299:c5636]
2019-09-02 06:30:52,375 [grpc-default-executor-1] INFO  client.GrpcClientProtocolClient (GrpcClientProtocolClient.java:onNext(255)) - client-FF34D2C67AC5->3258574c-39ac-4ed5-9145-ea59a337c299: receive RaftClientReply:client-FF34D2C67AC5->3258574c-39ac-4ed5-9145-ea59a337c299@group-6C7D867BDA6A, cid=4026, SUCCESS, logIndex=5634, commits[3258574c-39ac-4ed5-9145-ea59a337c299:c5636]
2019-09-02 06:30:52,376 [grpc-default-executor-1] INFO  client.GrpcClientProtocolClient (GrpcClientProtocolClient.java:onNext(255)) - client-FF34D2C67AC5->3258574c-39ac-4ed5-9145-ea59a337c299: receive RaftClientReply:client-FF34D2C67AC5->3258574c-39ac-4ed5-9145-ea59a337c299@group-6C7D867BDA6A, cid=4027, SUCCESS, logIndex=5635, commits[3258574c-39ac-4ed5-9145-ea59a337c299:c5637]
2019-09-02 06:30:52,376 [grpc-default-executor-1] INFO  client.GrpcClientProtocolClient (GrpcClientProtocolClient.java:onNext(255)) - client-FF34D2C67AC5->3258574c-39ac-4ed5-9145-ea59a337c299: receive RaftClientReply:client-FF34D2C67AC5->3258574c-39ac-4ed5-9145-ea59a337c299@group-6C7D867BDA6A, cid=4028, SUCCESS, logIndex=5636, commits[3258574c-39ac-4ed5-9145-ea59a337c299:c5638]
2019-09-02 06:30:52,396 [grpc-default-executor-1] INFO  client.GrpcClientProtocolClient (GrpcClientProtocolClient.java:onNext(255)) - client-FF34D2C67AC5->3258574c-39ac-4ed5-9145-ea59a337c299: receive RaftClientReply:client-FF34D2C67AC5->3258574c-39ac-4ed5-9145-ea59a337c299@group-6C7D867BDA6A, cid=4029, SUCCESS, logIndex=5639, commits[3258574c-39ac-4ed5-9145-ea59a337c299:c5640]
2019-09-02 06:30:52,396 [grpc-default-executor-1] INFO  client.GrpcClientProtocolClient (GrpcClientProtocolClient.java:onNext(255)) - client-FF34D2C67AC5->3258574c-39ac-4ed5-9145-ea59a337c299: receive RaftClientReply:client-FF34D2C67AC5->3258574c-39ac-4ed5-9145-ea59a337c299@group-6C7D867BDA6A, cid=4030, SUCCESS, logIndex=5640, commits[3258574c-39ac-4ed5-9145-ea59a337c299:c5640]
2019-09-02 06:30:52,419 [grpc-default-executor-1] INFO  client.GrpcClientProtocolClient (GrpcClientProtocolClient.java:onNext(255)) - client-FF34D2C67AC5->3258574c-39ac-4ed5-9145-ea59a337c299: receive RaftClientReply:client-FF34D2C67AC5->3258574c-39ac-4ed5-9145-ea59a337c299@group-6C7D867BDA6A, cid=4031, SUCCESS, logIndex=5641, commits[3258574c-39ac-4ed5-9145-ea59a337c299:c5642]
2019-09-02 06:30:52,419 [grpc-default-executor-1] INFO  client.GrpcClientProtocolClient (GrpcClientProtocolClient.java:onNext(255)) - client-FF34D2C67AC5->3258574c-39ac-4ed5-9145-ea59a337c299: receive RaftClientReply:client-FF34D2C67AC5->3258574c-39ac-4ed5-9145-ea59a337c299@group-6C7D867BDA6A, cid=4032, SUCCESS, logIndex=5642, commits[3258574c-39ac-4ed5-9145-ea59a337c299:c5642]
2019-09-02 06:30:52,433 [SCMBlockDeletingService#0] DEBUG block.SCMBlockDeletingService (SCMBlockDeletingService.java:call(138)) - Running DeletedBlockTransactionScanner
2019-09-02 06:30:52,433 [SCMBlockDeletingService#0] DEBUG block.SCMBlockDeletingService (SCMBlockDeletingService.java:call(155)) - Scanned deleted blocks log and got 0 delTX to process.
2019-09-02 06:30:52,454 [grpc-default-executor-0] INFO  client.GrpcClientProtocolClient (GrpcClientProtocolClient.java:onNext(255)) - client-FF34D2C67AC5->3258574c-39ac-4ed5-9145-ea59a337c299: receive RaftClientReply:client-FF34D2C67AC5->3258574c-39ac-4ed5-9145-ea59a337c299@group-6C7D867BDA6A, cid=4033, SUCCESS, logIndex=5645, commits[3258574c-39ac-4ed5-9145-ea59a337c299:c5646]
2019-09-02 06:30:52,455 [grpc-default-executor-0] INFO  client.GrpcClientProtocolClient (GrpcClientProtocolClient.java:onNext(255)) - client-FF34D2C67AC5->3258574c-39ac-4ed5-9145-ea59a337c299: receive RaftClientReply:client-FF34D2C67AC5->3258574c-39ac-4ed5-9145-ea59a337c299@group-6C7D867BDA6A, cid=4034, SUCCESS, logIndex=5646, commits[3258574c-39ac-4ed5-9145-ea59a337c299:c5646]
2019-09-02 06:30:52,461 [grpc-default-executor-0] INFO  client.GrpcClientProtocolClient (GrpcClientProtocolClient.java:onNext(255)) - client-FF34D2C67AC5->3258574c-39ac-4ed5-9145-ea59a337c299: receive RaftClientReply:client-FF34D2C67AC5->3258574c-39ac-4ed5-9145-ea59a337c299@group-6C7D867BDA6A, cid=4035, SUCCESS, logIndex=5647, commits[3258574c-39ac-4ed5-9145-ea59a337c299:c5648]
2019-09-02 06:30:52,461 [grpc-default-executor-0] INFO  client.GrpcClientProtocolClient (GrpcClientProtocolClient.java:onNext(255)) - client-FF34D2C67AC5->3258574c-39ac-4ed5-9145-ea59a337c299: receive RaftClientReply:client-FF34D2C67AC5->3258574c-39ac-4ed5-9145-ea59a337c299@group-6C7D867BDA6A, cid=4036, SUCCESS, logIndex=5648, commits[3258574c-39ac-4ed5-9145-ea59a337c299:c5648]
2019-09-02 06:30:52,473 [grpc-default-executor-1] INFO  client.GrpcClientProtocolClient (GrpcClientProtocolClient.java:onNext(255)) - client-FF34D2C67AC5->3258574c-39ac-4ed5-9145-ea59a337c299: receive RaftClientReply:client-FF34D2C67AC5->3258574c-39ac-4ed5-9145-ea59a337c299@group-6C7D867BDA6A, cid=4037, SUCCESS, logIndex=5651, commits[3258574c-39ac-4ed5-9145-ea59a337c299:c5652]
2019-09-02 06:30:52,474 [grpc-default-executor-1] INFO  client.GrpcClientProtocolClient (GrpcClientProtocolClient.java:onNext(255)) - client-FF34D2C67AC5->3258574c-39ac-4ed5-9145-ea59a337c299: receive RaftClientReply:client-FF34D2C67AC5->3258574c-39ac-4ed5-9145-ea59a337c299@group-6C7D867BDA6A, cid=4038, SUCCESS, logIndex=5652, commits[3258574c-39ac-4ed5-9145-ea59a337c299:c5652]
2019-09-02 06:30:52,478 [grpc-default-executor-1] INFO  client.GrpcClientProtocolClient (GrpcClientProtocolClient.java:onNext(255)) - client-FF34D2C67AC5->3258574c-39ac-4ed5-9145-ea59a337c299: receive RaftClientReply:client-FF34D2C67AC5->3258574c-39ac-4ed5-9145-ea59a337c299@group-6C7D867BDA6A, cid=4039, SUCCESS, logIndex=5653, commits[3258574c-39ac-4ed5-9145-ea59a337c299:c5655]
2019-09-02 06:30:52,479 [grpc-default-executor-1] INFO  client.GrpcClientProtocolClient (GrpcClientProtocolClient.java:onNext(255)) - client-FF34D2C67AC5->3258574c-39ac-4ed5-9145-ea59a337c299: receive RaftClientReply:client-FF34D2C67AC5->3258574c-39ac-4ed5-9145-ea59a337c299@group-6C7D867BDA6A, cid=4040, SUCCESS, logIndex=5654, commits[3258574c-39ac-4ed5-9145-ea59a337c299:c5655]
2019-09-02 06:30:52,520 [grpc-default-executor-0] INFO  client.GrpcClientProtocolClient (GrpcClientProtocolClient.java:onNext(255)) - client-FF34D2C67AC5->3258574c-39ac-4ed5-9145-ea59a337c299: receive RaftClientReply:client-FF34D2C67AC5->3258574c-39ac-4ed5-9145-ea59a337c299@group-6C7D867BDA6A, cid=4041, SUCCESS, logIndex=5656, commits[3258574c-39ac-4ed5-9145-ea59a337c299:c5657]
2019-09-02 06:30:52,521 [grpc-default-executor-0] INFO  client.GrpcClientProtocolClient (GrpcClientProtocolClient.java:onNext(255)) - client-FF34D2C67AC5->3258574c-39ac-4ed5-9145-ea59a337c299: receive RaftClientReply:client-FF34D2C67AC5->3258574c-39ac-4ed5-9145-ea59a337c299@group-6C7D867BDA6A, cid=4042, SUCCESS, logIndex=5657, commits[3258574c-39ac-4ed5-9145-ea59a337c299:c5657]
2019-09-02 06:30:52,528 [grpc-default-executor-0] INFO  client.GrpcClientProtocolClient (GrpcClientProtocolClient.java:onNext(255)) - client-FF34D2C67AC5->3258574c-39ac-4ed5-9145-ea59a337c299: receive RaftClientReply:client-FF34D2C67AC5->3258574c-39ac-4ed5-9145-ea59a337c299@group-6C7D867BDA6A, cid=4043, SUCCESS, logIndex=5658, commits[3258574c-39ac-4ed5-9145-ea59a337c299:c5659]
2019-09-02 06:30:52,528 [grpc-default-executor-0] INFO  client.GrpcClientProtocolClient (GrpcClientProtocolClient.java:onNext(255)) - client-FF34D2C67AC5->3258574c-39ac-4ed5-9145-ea59a337c299: receive RaftClientReply:client-FF34D2C67AC5->3258574c-39ac-4ed5-9145-ea59a337c299@group-6C7D867BDA6A, cid=4044, SUCCESS, logIndex=5659, commits[3258574c-39ac-4ed5-9145-ea59a337c299:c5659]
2019-09-02 06:30:52,533 [SCMBlockDeletingService#0] DEBUG block.SCMBlockDeletingService (SCMBlockDeletingService.java:call(138)) - Running DeletedBlockTransactionScanner
2019-09-02 06:30:52,534 [SCMBlockDeletingService#0] DEBUG block.SCMBlockDeletingService (SCMBlockDeletingService.java:call(155)) - Scanned deleted blocks log and got 0 delTX to process.
2019-09-02 06:30:52,554 [grpc-default-executor-1] INFO  client.GrpcClientProtocolClient (GrpcClientProtocolClient.java:onNext(255)) - client-FF34D2C67AC5->3258574c-39ac-4ed5-9145-ea59a337c299: receive RaftClientReply:client-FF34D2C67AC5->3258574c-39ac-4ed5-9145-ea59a337c299@group-6C7D867BDA6A, cid=4045, SUCCESS, logIndex=5662, commits[3258574c-39ac-4ed5-9145-ea59a337c299:c5665]
2019-09-02 06:30:52,555 [grpc-default-executor-1] INFO  client.GrpcClientProtocolClient (GrpcClientProtocolClient.java:onNext(255)) - client-FF34D2C67AC5->3258574c-39ac-4ed5-9145-ea59a337c299: receive RaftClientReply:client-FF34D2C67AC5->3258574c-39ac-4ed5-9145-ea59a337c299@group-6C7D867BDA6A, cid=4046, SUCCESS, logIndex=5663, commits[3258574c-39ac-4ed5-9145-ea59a337c299:c5665]
2019-09-02 06:30:52,556 [grpc-default-executor-1] INFO  client.GrpcClientProtocolClient (GrpcClientProtocolClient.java:onNext(255)) - client-FF34D2C67AC5->3258574c-39ac-4ed5-9145-ea59a337c299: receive RaftClientReply:client-FF34D2C67AC5->3258574c-39ac-4ed5-9145-ea59a337c299@group-6C7D867BDA6A, cid=4047, SUCCESS, logIndex=5664, commits[3258574c-39ac-4ed5-9145-ea59a337c299:c5665]
2019-09-02 06:30:52,556 [grpc-default-executor-1] INFO  client.GrpcClientProtocolClient (GrpcClientProtocolClient.java:onNext(255)) - client-FF34D2C67AC5->3258574c-39ac-4ed5-9145-ea59a337c299: receive RaftClientReply:client-FF34D2C67AC5->3258574c-39ac-4ed5-9145-ea59a337c299@group-6C7D867BDA6A, cid=4048, SUCCESS, logIndex=5665, commits[3258574c-39ac-4ed5-9145-ea59a337c299:c5665]
2019-09-02 06:30:52,596 [grpc-default-executor-0] INFO  client.GrpcClientProtocolClient (GrpcClientProtocolClient.java:onNext(255)) - client-FF34D2C67AC5->3258574c-39ac-4ed5-9145-ea59a337c299: receive RaftClientReply:client-FF34D2C67AC5->3258574c-39ac-4ed5-9145-ea59a337c299@group-6C7D867BDA6A, cid=4049, SUCCESS, logIndex=5667, commits[3258574c-39ac-4ed5-9145-ea59a337c299:c5668]
2019-09-02 06:30:52,596 [grpc-default-executor-0] INFO  client.GrpcClientProtocolClient (GrpcClientProtocolClient.java:onNext(255)) - client-FF34D2C67AC5->3258574c-39ac-4ed5-9145-ea59a337c299: receive RaftClientReply:client-FF34D2C67AC5->3258574c-39ac-4ed5-9145-ea59a337c299@group-6C7D867BDA6A, cid=4050, SUCCESS, logIndex=5668, commits[3258574c-39ac-4ed5-9145-ea59a337c299:c5668]
2019-09-02 06:30:52,615 [grpc-default-executor-0] INFO  client.GrpcClientProtocolClient (GrpcClientProtocolClient.java:onNext(255)) - client-FF34D2C67AC5->3258574c-39ac-4ed5-9145-ea59a337c299: receive RaftClientReply:client-FF34D2C67AC5->3258574c-39ac-4ed5-9145-ea59a337c299@group-6C7D867BDA6A, cid=4051, SUCCESS, logIndex=5669, commits[3258574c-39ac-4ed5-9145-ea59a337c299:c5670]
2019-09-02 06:30:52,615 [grpc-default-executor-0] INFO  client.GrpcClientProtocolClient (GrpcClientProtocolClient.java:onNext(255)) - client-FF34D2C67AC5->3258574c-39ac-4ed5-9145-ea59a337c299: receive RaftClientReply:client-FF34D2C67AC5->3258574c-39ac-4ed5-9145-ea59a337c299@group-6C7D867BDA6A, cid=4052, SUCCESS, logIndex=5670, commits[3258574c-39ac-4ed5-9145-ea59a337c299:c5670]
2019-09-02 06:30:52,634 [SCMBlockDeletingService#0] DEBUG block.SCMBlockDeletingService (SCMBlockDeletingService.java:call(138)) - Running DeletedBlockTransactionScanner
2019-09-02 06:30:52,634 [SCMBlockDeletingService#0] DEBUG block.SCMBlockDeletingService (SCMBlockDeletingService.java:call(155)) - Scanned deleted blocks log and got 0 delTX to process.
2019-09-02 06:30:52,647 [grpc-default-executor-1] INFO  client.GrpcClientProtocolClient (GrpcClientProtocolClient.java:onNext(255)) - client-FF34D2C67AC5->3258574c-39ac-4ed5-9145-ea59a337c299: receive RaftClientReply:client-FF34D2C67AC5->3258574c-39ac-4ed5-9145-ea59a337c299@group-6C7D867BDA6A, cid=4053, SUCCESS, logIndex=5673, commits[3258574c-39ac-4ed5-9145-ea59a337c299:c5676]
2019-09-02 06:30:52,647 [grpc-default-executor-1] INFO  client.GrpcClientProtocolClient (GrpcClientProtocolClient.java:onNext(255)) - client-FF34D2C67AC5->3258574c-39ac-4ed5-9145-ea59a337c299: receive RaftClientReply:client-FF34D2C67AC5->3258574c-39ac-4ed5-9145-ea59a337c299@group-6C7D867BDA6A, cid=4054, SUCCESS, logIndex=5674, commits[3258574c-39ac-4ed5-9145-ea59a337c299:c5676]
2019-09-02 06:30:52,647 [grpc-default-executor-1] INFO  client.GrpcClientProtocolClient (GrpcClientProtocolClient.java:onNext(255)) - client-FF34D2C67AC5->3258574c-39ac-4ed5-9145-ea59a337c299: receive RaftClientReply:client-FF34D2C67AC5->3258574c-39ac-4ed5-9145-ea59a337c299@group-6C7D867BDA6A, cid=4055, SUCCESS, logIndex=5675, commits[3258574c-39ac-4ed5-9145-ea59a337c299:c5676]
2019-09-02 06:30:52,648 [grpc-default-executor-1] INFO  client.GrpcClientProtocolClient (GrpcClientProtocolClient.java:onNext(255)) - client-FF34D2C67AC5->3258574c-39ac-4ed5-9145-ea59a337c299: receive RaftClientReply:client-FF34D2C67AC5->3258574c-39ac-4ed5-9145-ea59a337c299@group-6C7D867BDA6A, cid=4056, SUCCESS, logIndex=5676, commits[3258574c-39ac-4ed5-9145-ea59a337c299:c5676]
2019-09-02 06:30:52,689 [grpc-default-executor-0] INFO  client.GrpcClientProtocolClient (GrpcClientProtocolClient.java:onNext(255)) - client-FF34D2C67AC5->3258574c-39ac-4ed5-9145-ea59a337c299: receive RaftClientReply:client-FF34D2C67AC5->3258574c-39ac-4ed5-9145-ea59a337c299@group-6C7D867BDA6A, cid=4057, SUCCESS, logIndex=5678, commits[3258574c-39ac-4ed5-9145-ea59a337c299:c5679]
2019-09-02 06:30:52,691 [grpc-default-executor-0] INFO  client.GrpcClientProtocolClient (GrpcClientProtocolClient.java:onNext(255)) - client-FF34D2C67AC5->3258574c-39ac-4ed5-9145-ea59a337c299: receive RaftClientReply:client-FF34D2C67AC5->3258574c-39ac-4ed5-9145-ea59a337c299@group-6C7D867BDA6A, cid=4058, SUCCESS, logIndex=5679, commits[3258574c-39ac-4ed5-9145-ea59a337c299:c5679]
2019-09-02 06:30:52,699 [grpc-default-executor-0] INFO  client.GrpcClientProtocolClient (GrpcClientProtocolClient.java:onNext(255)) - client-FF34D2C67AC5->3258574c-39ac-4ed5-9145-ea59a337c299: receive RaftClientReply:client-FF34D2C67AC5->3258574c-39ac-4ed5-9145-ea59a337c299@group-6C7D867BDA6A, cid=4059, SUCCESS, logIndex=5680, commits[3258574c-39ac-4ed5-9145-ea59a337c299:c5681]
2019-09-02 06:30:52,700 [grpc-default-executor-0] INFO  client.GrpcClientProtocolClient (GrpcClientProtocolClient.java:onNext(255)) - client-FF34D2C67AC5->3258574c-39ac-4ed5-9145-ea59a337c299: receive RaftClientReply:client-FF34D2C67AC5->3258574c-39ac-4ed5-9145-ea59a337c299@group-6C7D867BDA6A, cid=4060, SUCCESS, logIndex=5681, commits[3258574c-39ac-4ed5-9145-ea59a337c299:c5681]
2019-09-02 06:30:52,720 [grpc-default-executor-0] INFO  client.GrpcClientProtocolClient (GrpcClientProtocolClient.java:onNext(255)) - client-FF34D2C67AC5->3258574c-39ac-4ed5-9145-ea59a337c299: receive RaftClientReply:client-FF34D2C67AC5->3258574c-39ac-4ed5-9145-ea59a337c299@group-6C7D867BDA6A, cid=4061, SUCCESS, logIndex=5684, commits[3258574c-39ac-4ed5-9145-ea59a337c299:c5687]
2019-09-02 06:30:52,720 [grpc-default-executor-0] INFO  client.GrpcClientProtocolClient (GrpcClientProtocolClient.java:onNext(255)) - client-FF34D2C67AC5->3258574c-39ac-4ed5-9145-ea59a337c299: receive RaftClientReply:client-FF34D2C67AC5->3258574c-39ac-4ed5-9145-ea59a337c299@group-6C7D867BDA6A, cid=4062, SUCCESS, logIndex=5685, commits[3258574c-39ac-4ed5-9145-ea59a337c299:c5687]
2019-09-02 06:30:52,721 [grpc-default-executor-0] INFO  client.GrpcClientProtocolClient (GrpcClientProtocolClient.java:onNext(255)) - client-FF34D2C67AC5->3258574c-39ac-4ed5-9145-ea59a337c299: receive RaftClientReply:client-FF34D2C67AC5->3258574c-39ac-4ed5-9145-ea59a337c299@group-6C7D867BDA6A, cid=4063, SUCCESS, logIndex=5686, commits[3258574c-39ac-4ed5-9145-ea59a337c299:c5687]
2019-09-02 06:30:52,721 [grpc-default-executor-0] INFO  client.GrpcClientProtocolClient (GrpcClientProtocolClient.java:onNext(255)) - client-FF34D2C67AC5->3258574c-39ac-4ed5-9145-ea59a337c299: receive RaftClientReply:client-FF34D2C67AC5->3258574c-39ac-4ed5-9145-ea59a337c299@group-6C7D867BDA6A, cid=4064, SUCCESS, logIndex=5687, commits[3258574c-39ac-4ed5-9145-ea59a337c299:c5687]
2019-09-02 06:30:52,734 [SCMBlockDeletingService#0] DEBUG block.SCMBlockDeletingService (SCMBlockDeletingService.java:call(138)) - Running DeletedBlockTransactionScanner
2019-09-02 06:30:52,735 [SCMBlockDeletingService#0] DEBUG block.SCMBlockDeletingService (SCMBlockDeletingService.java:call(155)) - Scanned deleted blocks log and got 0 delTX to process.
2019-09-02 06:30:52,931 [SCMBlockDeletingService#0] DEBUG block.SCMBlockDeletingService (SCMBlockDeletingService.java:call(138)) - Running DeletedBlockTransactionScanner
2019-09-02 06:30:52,932 [SCMBlockDeletingService#0] DEBUG block.SCMBlockDeletingService (SCMBlockDeletingService.java:call(155)) - Scanned deleted blocks log and got 0 delTX to process.
2019-09-02 06:30:52,952 [grpc-default-executor-0] INFO  client.GrpcClientProtocolClient (GrpcClientProtocolClient.java:onNext(255)) - client-FF34D2C67AC5->3258574c-39ac-4ed5-9145-ea59a337c299: receive RaftClientReply:client-FF34D2C67AC5->3258574c-39ac-4ed5-9145-ea59a337c299@group-6C7D867BDA6A, cid=4065, SUCCESS, logIndex=5689, commits[3258574c-39ac-4ed5-9145-ea59a337c299:c5690]
2019-09-02 06:30:52,953 [grpc-default-executor-0] INFO  client.GrpcClientProtocolClient (GrpcClientProtocolClient.java:onNext(255)) - client-FF34D2C67AC5->3258574c-39ac-4ed5-9145-ea59a337c299: receive RaftClientReply:client-FF34D2C67AC5->3258574c-39ac-4ed5-9145-ea59a337c299@group-6C7D867BDA6A, cid=4066, SUCCESS, logIndex=5690, commits[3258574c-39ac-4ed5-9145-ea59a337c299:c5690]
2019-09-02 06:30:53,032 [SCMBlockDeletingService#0] DEBUG block.SCMBlockDeletingService (SCMBlockDeletingService.java:call(138)) - Running DeletedBlockTransactionScanner
2019-09-02 06:30:53,032 [SCMBlockDeletingService#0] DEBUG block.SCMBlockDeletingService (SCMBlockDeletingService.java:call(155)) - Scanned deleted blocks log and got 0 delTX to process.
2019-09-02 06:30:53,067 [grpc-default-executor-1] INFO  client.GrpcClientProtocolClient (GrpcClientProtocolClient.java:onNext(255)) - client-FF34D2C67AC5->3258574c-39ac-4ed5-9145-ea59a337c299: receive RaftClientReply:client-FF34D2C67AC5->3258574c-39ac-4ed5-9145-ea59a337c299@group-6C7D867BDA6A, cid=4067, SUCCESS, logIndex=5692, commits[3258574c-39ac-4ed5-9145-ea59a337c299:c5693]
2019-09-02 06:30:53,068 [grpc-default-executor-1] INFO  client.GrpcClientProtocolClient (GrpcClientProtocolClient.java:onNext(255)) - client-FF34D2C67AC5->3258574c-39ac-4ed5-9145-ea59a337c299: receive RaftClientReply:client-FF34D2C67AC5->3258574c-39ac-4ed5-9145-ea59a337c299@group-6C7D867BDA6A, cid=4068, SUCCESS, logIndex=5693, commits[3258574c-39ac-4ed5-9145-ea59a337c299:c5693]
2019-09-02 06:30:53,097 [grpc-default-executor-0] INFO  client.GrpcClientProtocolClient (GrpcClientProtocolClient.java:onNext(255)) - client-FF34D2C67AC5->3258574c-39ac-4ed5-9145-ea59a337c299: receive RaftClientReply:client-FF34D2C67AC5->3258574c-39ac-4ed5-9145-ea59a337c299@group-6C7D867BDA6A, cid=4069, SUCCESS, logIndex=5695, commits[3258574c-39ac-4ed5-9145-ea59a337c299:c5698]
2019-09-02 06:30:53,097 [grpc-default-executor-0] INFO  client.GrpcClientProtocolClient (GrpcClientProtocolClient.java:onNext(255)) - client-FF34D2C67AC5->3258574c-39ac-4ed5-9145-ea59a337c299: receive RaftClientReply:client-FF34D2C67AC5->3258574c-39ac-4ed5-9145-ea59a337c299@group-6C7D867BDA6A, cid=4070, SUCCESS, logIndex=5696, commits[3258574c-39ac-4ed5-9145-ea59a337c299:c5698]
2019-09-02 06:30:53,097 [grpc-default-executor-0] INFO  client.GrpcClientProtocolClient (GrpcClientProtocolClient.java:onNext(255)) - client-FF34D2C67AC5->3258574c-39ac-4ed5-9145-ea59a337c299: receive RaftClientReply:client-FF34D2C67AC5->3258574c-39ac-4ed5-9145-ea59a337c299@group-6C7D867BDA6A, cid=4071, SUCCESS, logIndex=5697, commits[3258574c-39ac-4ed5-9145-ea59a337c299:c5698]
2019-09-02 06:30:53,097 [grpc-default-executor-0] INFO  client.GrpcClientProtocolClient (GrpcClientProtocolClient.java:onNext(255)) - client-FF34D2C67AC5->3258574c-39ac-4ed5-9145-ea59a337c299: receive RaftClientReply:client-FF34D2C67AC5->3258574c-39ac-4ed5-9145-ea59a337c299@group-6C7D867BDA6A, cid=4072, SUCCESS, logIndex=5698, commits[3258574c-39ac-4ed5-9145-ea59a337c299:c5698]
2019-09-02 06:30:53,133 [SCMBlockDeletingService#0] DEBUG block.SCMBlockDeletingService (SCMBlockDeletingService.java:call(138)) - Running DeletedBlockTransactionScanner
2019-09-02 06:30:53,133 [SCMBlockDeletingService#0] DEBUG block.SCMBlockDeletingService (SCMBlockDeletingService.java:call(155)) - Scanned deleted blocks log and got 0 delTX to process.
2019-09-02 06:30:53,135 [grpc-default-executor-1] INFO  client.GrpcClientProtocolClient (GrpcClientProtocolClient.java:onNext(255)) - client-FF34D2C67AC5->3258574c-39ac-4ed5-9145-ea59a337c299: receive RaftClientReply:client-FF34D2C67AC5->3258574c-39ac-4ed5-9145-ea59a337c299@group-6C7D867BDA6A, cid=4073, SUCCESS, logIndex=5700, commits[3258574c-39ac-4ed5-9145-ea59a337c299:c5703]
2019-09-02 06:30:53,136 [grpc-default-executor-1] INFO  client.GrpcClientProtocolClient (GrpcClientProtocolClient.java:onNext(255)) - client-FF34D2C67AC5->3258574c-39ac-4ed5-9145-ea59a337c299: receive RaftClientReply:client-FF34D2C67AC5->3258574c-39ac-4ed5-9145-ea59a337c299@group-6C7D867BDA6A, cid=4074, SUCCESS, logIndex=5701, commits[3258574c-39ac-4ed5-9145-ea59a337c299:c5704]
2019-09-02 06:30:53,136 [grpc-default-executor-1] INFO  client.GrpcClientProtocolClient (GrpcClientProtocolClient.java:onNext(255)) - client-FF34D2C67AC5->3258574c-39ac-4ed5-9145-ea59a337c299: receive RaftClientReply:client-FF34D2C67AC5->3258574c-39ac-4ed5-9145-ea59a337c299@group-6C7D867BDA6A, cid=4075, SUCCESS, logIndex=5702, commits[3258574c-39ac-4ed5-9145-ea59a337c299:c5704]
2019-09-02 06:30:53,137 [grpc-default-executor-1] INFO  client.GrpcClientProtocolClient (GrpcClientProtocolClient.java:onNext(255)) - client-FF34D2C67AC5->3258574c-39ac-4ed5-9145-ea59a337c299: receive RaftClientReply:client-FF34D2C67AC5->3258574c-39ac-4ed5-9145-ea59a337c299@group-6C7D867BDA6A, cid=4076, SUCCESS, logIndex=5703, commits[3258574c-39ac-4ed5-9145-ea59a337c299:c5704]
2019-09-02 06:30:53,154 [grpc-default-executor-1] INFO  client.GrpcClientProtocolClient (GrpcClientProtocolClient.java:onNext(255)) - client-FF34D2C67AC5->3258574c-39ac-4ed5-9145-ea59a337c299: receive RaftClientReply:client-FF34D2C67AC5->3258574c-39ac-4ed5-9145-ea59a337c299@group-6C7D867BDA6A, cid=4077, SUCCESS, logIndex=5705, commits[3258574c-39ac-4ed5-9145-ea59a337c299:c5706]
2019-09-02 06:30:53,154 [grpc-default-executor-1] INFO  client.GrpcClientProtocolClient (GrpcClientProtocolClient.java:onNext(255)) - client-FF34D2C67AC5->3258574c-39ac-4ed5-9145-ea59a337c299: receive RaftClientReply:client-FF34D2C67AC5->3258574c-39ac-4ed5-9145-ea59a337c299@group-6C7D867BDA6A, cid=4078, SUCCESS, logIndex=5706, commits[3258574c-39ac-4ed5-9145-ea59a337c299:c5706]
2019-09-02 06:30:53,166 [grpc-default-executor-1] INFO  client.GrpcClientProtocolClient (GrpcClientProtocolClient.java:onNext(255)) - client-FF34D2C67AC5->3258574c-39ac-4ed5-9145-ea59a337c299: receive RaftClientReply:client-FF34D2C67AC5->3258574c-39ac-4ed5-9145-ea59a337c299@group-6C7D867BDA6A, cid=4079, SUCCESS, logIndex=5707, commits[3258574c-39ac-4ed5-9145-ea59a337c299:c5708]
2019-09-02 06:30:53,167 [grpc-default-executor-1] INFO  client.GrpcClientProtocolClient (GrpcClientProtocolClient.java:onNext(255)) - client-FF34D2C67AC5->3258574c-39ac-4ed5-9145-ea59a337c299: receive RaftClientReply:client-FF34D2C67AC5->3258574c-39ac-4ed5-9145-ea59a337c299@group-6C7D867BDA6A, cid=4080, SUCCESS, logIndex=5708, commits[3258574c-39ac-4ed5-9145-ea59a337c299:c5708]
2019-09-02 06:30:53,203 [grpc-default-executor-0] INFO  client.GrpcClientProtocolClient (GrpcClientProtocolClient.java:onNext(255)) - client-FF34D2C67AC5->3258574c-39ac-4ed5-9145-ea59a337c299: receive RaftClientReply:client-FF34D2C67AC5->3258574c-39ac-4ed5-9145-ea59a337c299@group-6C7D867BDA6A, cid=4081, SUCCESS, logIndex=5711, commits[3258574c-39ac-4ed5-9145-ea59a337c299:c5712]
2019-09-02 06:30:53,205 [grpc-default-executor-0] INFO  client.GrpcClientProtocolClient (GrpcClientProtocolClient.java:onNext(255)) - client-FF34D2C67AC5->3258574c-39ac-4ed5-9145-ea59a337c299: receive RaftClientReply:client-FF34D2C67AC5->3258574c-39ac-4ed5-9145-ea59a337c299@group-6C7D867BDA6A, cid=4082, SUCCESS, logIndex=5712, commits[3258574c-39ac-4ed5-9145-ea59a337c299:c5712]
2019-09-02 06:30:53,211 [grpc-default-executor-0] INFO  client.GrpcClientProtocolClient (GrpcClientProtocolClient.java:onNext(255)) - client-FF34D2C67AC5->3258574c-39ac-4ed5-9145-ea59a337c299: receive RaftClientReply:client-FF34D2C67AC5->3258574c-39ac-4ed5-9145-ea59a337c299@group-6C7D867BDA6A, cid=4083, SUCCESS, logIndex=5713, commits[3258574c-39ac-4ed5-9145-ea59a337c299:c5714]
2019-09-02 06:30:53,211 [grpc-default-executor-0] INFO  client.GrpcClientProtocolClient (GrpcClientProtocolClient.java:onNext(255)) - client-FF34D2C67AC5->3258574c-39ac-4ed5-9145-ea59a337c299: receive RaftClientReply:client-FF34D2C67AC5->3258574c-39ac-4ed5-9145-ea59a337c299@group-6C7D867BDA6A, cid=4084, SUCCESS, logIndex=5714, commits[3258574c-39ac-4ed5-9145-ea59a337c299:c5714]
2019-09-02 06:30:53,232 [grpc-default-executor-1] INFO  client.GrpcClientProtocolClient (GrpcClientProtocolClient.java:onNext(255)) - client-FF34D2C67AC5->3258574c-39ac-4ed5-9145-ea59a337c299: receive RaftClientReply:client-FF34D2C67AC5->3258574c-39ac-4ed5-9145-ea59a337c299@group-6C7D867BDA6A, cid=4085, SUCCESS, logIndex=5717, commits[3258574c-39ac-4ed5-9145-ea59a337c299:c5720]
2019-09-02 06:30:53,232 [grpc-default-executor-1] INFO  client.GrpcClientProtocolClient (GrpcClientProtocolClient.java:onNext(255)) - client-FF34D2C67AC5->3258574c-39ac-4ed5-9145-ea59a337c299: receive RaftClientReply:client-FF34D2C67AC5->3258574c-39ac-4ed5-9145-ea59a337c299@group-6C7D867BDA6A, cid=4086, SUCCESS, logIndex=5718, commits[3258574c-39ac-4ed5-9145-ea59a337c299:c5720]
2019-09-02 06:30:53,233 [grpc-default-executor-1] INFO  client.GrpcClientProtocolClient (GrpcClientProtocolClient.java:onNext(255)) - client-FF34D2C67AC5->3258574c-39ac-4ed5-9145-ea59a337c299: receive RaftClientReply:client-FF34D2C67AC5->3258574c-39ac-4ed5-9145-ea59a337c299@group-6C7D867BDA6A, cid=4087, SUCCESS, logIndex=5719, commits[3258574c-39ac-4ed5-9145-ea59a337c299:c5720]
2019-09-02 06:30:53,233 [grpc-default-executor-1] INFO  client.GrpcClientProtocolClient (GrpcClientProtocolClient.java:onNext(255)) - client-FF34D2C67AC5->3258574c-39ac-4ed5-9145-ea59a337c299: receive RaftClientReply:client-FF34D2C67AC5->3258574c-39ac-4ed5-9145-ea59a337c299@group-6C7D867BDA6A, cid=4088, SUCCESS, logIndex=5720, commits[3258574c-39ac-4ed5-9145-ea59a337c299:c5720]
2019-09-02 06:30:53,233 [SCMBlockDeletingService#0] DEBUG block.SCMBlockDeletingService (SCMBlockDeletingService.java:call(138)) - Running DeletedBlockTransactionScanner
2019-09-02 06:30:53,233 [SCMBlockDeletingService#0] DEBUG block.SCMBlockDeletingService (SCMBlockDeletingService.java:call(155)) - Scanned deleted blocks log and got 0 delTX to process.
2019-09-02 06:30:53,297 [grpc-default-executor-1] INFO  client.GrpcClientProtocolClient (GrpcClientProtocolClient.java:onNext(255)) - client-FF34D2C67AC5->3258574c-39ac-4ed5-9145-ea59a337c299: receive RaftClientReply:client-FF34D2C67AC5->3258574c-39ac-4ed5-9145-ea59a337c299@group-6C7D867BDA6A, cid=4089, SUCCESS, logIndex=5722, commits[3258574c-39ac-4ed5-9145-ea59a337c299:c5725]
2019-09-02 06:30:53,297 [grpc-default-executor-1] INFO  client.GrpcClientProtocolClient (GrpcClientProtocolClient.java:onNext(255)) - client-FF34D2C67AC5->3258574c-39ac-4ed5-9145-ea59a337c299: receive RaftClientReply:client-FF34D2C67AC5->3258574c-39ac-4ed5-9145-ea59a337c299@group-6C7D867BDA6A, cid=4090, SUCCESS, logIndex=5723, commits[3258574c-39ac-4ed5-9145-ea59a337c299:c5725]
2019-09-02 06:30:53,297 [grpc-default-executor-1] INFO  client.GrpcClientProtocolClient (GrpcClientProtocolClient.java:onNext(255)) - client-FF34D2C67AC5->3258574c-39ac-4ed5-9145-ea59a337c299: receive RaftClientReply:client-FF34D2C67AC5->3258574c-39ac-4ed5-9145-ea59a337c299@group-6C7D867BDA6A, cid=4091, SUCCESS, logIndex=5724, commits[3258574c-39ac-4ed5-9145-ea59a337c299:c5725]
2019-09-02 06:30:53,298 [grpc-default-executor-1] INFO  client.GrpcClientProtocolClient (GrpcClientProtocolClient.java:onNext(255)) - client-FF34D2C67AC5->3258574c-39ac-4ed5-9145-ea59a337c299: receive RaftClientReply:client-FF34D2C67AC5->3258574c-39ac-4ed5-9145-ea59a337c299@group-6C7D867BDA6A, cid=4092, SUCCESS, logIndex=5725, commits[3258574c-39ac-4ed5-9145-ea59a337c299:c5725]
2019-09-02 06:30:53,316 [grpc-default-executor-1] INFO  client.GrpcClientProtocolClient (GrpcClientProtocolClient.java:onNext(255)) - client-FF34D2C67AC5->3258574c-39ac-4ed5-9145-ea59a337c299: receive RaftClientReply:client-FF34D2C67AC5->3258574c-39ac-4ed5-9145-ea59a337c299@group-6C7D867BDA6A, cid=4093, SUCCESS, logIndex=5727, commits[3258574c-39ac-4ed5-9145-ea59a337c299:c5728]
2019-09-02 06:30:53,317 [grpc-default-executor-1] INFO  client.GrpcClientProtocolClient (GrpcClientProtocolClient.java:onNext(255)) - client-FF34D2C67AC5->3258574c-39ac-4ed5-9145-ea59a337c299: receive RaftClientReply:client-FF34D2C67AC5->3258574c-39ac-4ed5-9145-ea59a337c299@group-6C7D867BDA6A, cid=4094, SUCCESS, logIndex=5728, commits[3258574c-39ac-4ed5-9145-ea59a337c299:c5730]
2019-09-02 06:30:53,317 [grpc-default-executor-1] INFO  client.GrpcClientProtocolClient (GrpcClientProtocolClient.java:onNext(255)) - client-FF34D2C67AC5->3258574c-39ac-4ed5-9145-ea59a337c299: receive RaftClientReply:client-FF34D2C67AC5->3258574c-39ac-4ed5-9145-ea59a337c299@group-6C7D867BDA6A, cid=4095, SUCCESS, logIndex=5729, commits[3258574c-39ac-4ed5-9145-ea59a337c299:c5731]
2019-09-02 06:30:53,317 [grpc-default-executor-1] INFO  client.GrpcClientProtocolClient (GrpcClientProtocolClient.java:onNext(255)) - client-FF34D2C67AC5->3258574c-39ac-4ed5-9145-ea59a337c299: receive RaftClientReply:client-FF34D2C67AC5->3258574c-39ac-4ed5-9145-ea59a337c299@group-6C7D867BDA6A, cid=4096, SUCCESS, logIndex=5730, commits[3258574c-39ac-4ed5-9145-ea59a337c299:c5731]
2019-09-02 06:30:53,334 [SCMBlockDeletingService#0] DEBUG block.SCMBlockDeletingService (SCMBlockDeletingService.java:call(138)) - Running DeletedBlockTransactionScanner
2019-09-02 06:30:53,334 [SCMBlockDeletingService#0] DEBUG block.SCMBlockDeletingService (SCMBlockDeletingService.java:call(155)) - Scanned deleted blocks log and got 0 delTX to process.
2019-09-02 06:30:53,350 [grpc-default-executor-0] INFO  client.GrpcClientProtocolClient (GrpcClientProtocolClient.java:onNext(255)) - client-FF34D2C67AC5->3258574c-39ac-4ed5-9145-ea59a337c299: receive RaftClientReply:client-FF34D2C67AC5->3258574c-39ac-4ed5-9145-ea59a337c299@group-6C7D867BDA6A, cid=4097, SUCCESS, logIndex=5733, commits[3258574c-39ac-4ed5-9145-ea59a337c299:c5736]
2019-09-02 06:30:53,350 [grpc-default-executor-0] INFO  client.GrpcClientProtocolClient (GrpcClientProtocolClient.java:onNext(255)) - client-FF34D2C67AC5->3258574c-39ac-4ed5-9145-ea59a337c299: receive RaftClientReply:client-FF34D2C67AC5->3258574c-39ac-4ed5-9145-ea59a337c299@group-6C7D867BDA6A, cid=4098, SUCCESS, logIndex=5734, commits[3258574c-39ac-4ed5-9145-ea59a337c299:c5736]
2019-09-02 06:30:53,351 [grpc-default-executor-0] INFO  client.GrpcClientProtocolClient (GrpcClientProtocolClient.java:onNext(255)) - client-FF34D2C67AC5->3258574c-39ac-4ed5-9145-ea59a337c299: receive RaftClientReply:client-FF34D2C67AC5->3258574c-39ac-4ed5-9145-ea59a337c299@group-6C7D867BDA6A, cid=4099, SUCCESS, logIndex=5735, commits[3258574c-39ac-4ed5-9145-ea59a337c299:c5737]
2019-09-02 06:30:53,351 [grpc-default-executor-0] INFO  client.GrpcClientProtocolClient (GrpcClientProtocolClient.java:onNext(255)) - client-FF34D2C67AC5->3258574c-39ac-4ed5-9145-ea59a337c299: receive RaftClientReply:client-FF34D2C67AC5->3258574c-39ac-4ed5-9145-ea59a337c299@group-6C7D867BDA6A, cid=4100, SUCCESS, logIndex=5736, commits[3258574c-39ac-4ed5-9145-ea59a337c299:c5738]
2019-09-02 06:30:53,370 [grpc-default-executor-0] INFO  client.GrpcClientProtocolClient (GrpcClientProtocolClient.java:onNext(255)) - client-FF34D2C67AC5->3258574c-39ac-4ed5-9145-ea59a337c299: receive RaftClientReply:client-FF34D2C67AC5->3258574c-39ac-4ed5-9145-ea59a337c299@group-6C7D867BDA6A, cid=4101, SUCCESS, logIndex=5739, commits[3258574c-39ac-4ed5-9145-ea59a337c299:c5740]
2019-09-02 06:30:53,371 [grpc-default-executor-0] INFO  client.GrpcClientProtocolClient (GrpcClientProtocolClient.java:onNext(255)) - client-FF34D2C67AC5->3258574c-39ac-4ed5-9145-ea59a337c299: receive RaftClientReply:client-FF34D2C67AC5->3258574c-39ac-4ed5-9145-ea59a337c299@group-6C7D867BDA6A, cid=4102, SUCCESS, logIndex=5740, commits[3258574c-39ac-4ed5-9145-ea59a337c299:c5742]
2019-09-02 06:30:53,371 [grpc-default-executor-0] INFO  client.GrpcClientProtocolClient (GrpcClientProtocolClient.java:onNext(255)) - client-FF34D2C67AC5->3258574c-39ac-4ed5-9145-ea59a337c299: receive RaftClientReply:client-FF34D2C67AC5->3258574c-39ac-4ed5-9145-ea59a337c299@group-6C7D867BDA6A, cid=4103, SUCCESS, logIndex=5741, commits[3258574c-39ac-4ed5-9145-ea59a337c299:c5742]
2019-09-02 06:30:53,371 [grpc-default-executor-0] INFO  client.GrpcClientProtocolClient (GrpcClientProtocolClient.java:onNext(255)) - client-FF34D2C67AC5->3258574c-39ac-4ed5-9145-ea59a337c299: receive RaftClientReply:client-FF34D2C67AC5->3258574c-39ac-4ed5-9145-ea59a337c299@group-6C7D867BDA6A, cid=4104, SUCCESS, logIndex=5742, commits[3258574c-39ac-4ed5-9145-ea59a337c299:c5743]
2019-09-02 06:30:53,401 [grpc-default-executor-0] INFO  client.GrpcClientProtocolClient (GrpcClientProtocolClient.java:onNext(255)) - client-FF34D2C67AC5->3258574c-39ac-4ed5-9145-ea59a337c299: receive RaftClientReply:client-FF34D2C67AC5->3258574c-39ac-4ed5-9145-ea59a337c299@group-6C7D867BDA6A, cid=4105, SUCCESS, logIndex=5745, commits[3258574c-39ac-4ed5-9145-ea59a337c299:c5746]
2019-09-02 06:30:53,401 [grpc-default-executor-0] INFO  client.GrpcClientProtocolClient (GrpcClientProtocolClient.java:onNext(255)) - client-FF34D2C67AC5->3258574c-39ac-4ed5-9145-ea59a337c299: receive RaftClientReply:client-FF34D2C67AC5->3258574c-39ac-4ed5-9145-ea59a337c299@group-6C7D867BDA6A, cid=4106, SUCCESS, logIndex=5746, commits[3258574c-39ac-4ed5-9145-ea59a337c299:c5748]
2019-09-02 06:30:53,401 [grpc-default-executor-0] INFO  client.GrpcClientProtocolClient (GrpcClientProtocolClient.java:onNext(255)) - client-FF34D2C67AC5->3258574c-39ac-4ed5-9145-ea59a337c299: receive RaftClientReply:client-FF34D2C67AC5->3258574c-39ac-4ed5-9145-ea59a337c299@group-6C7D867BDA6A, cid=4107, SUCCESS, logIndex=5747, commits[3258574c-39ac-4ed5-9145-ea59a337c299:c5749]
2019-09-02 06:30:53,402 [grpc-default-executor-0] INFO  client.GrpcClientProtocolClient (GrpcClientProtocolClient.java:onNext(255)) - client-FF34D2C67AC5->3258574c-39ac-4ed5-9145-ea59a337c299: receive RaftClientReply:client-FF34D2C67AC5->3258574c-39ac-4ed5-9145-ea59a337c299@group-6C7D867BDA6A, cid=4108, SUCCESS, logIndex=5748, commits[3258574c-39ac-4ed5-9145-ea59a337c299:c5749]
2019-09-02 06:30:53,421 [grpc-default-executor-0] INFO  client.GrpcClientProtocolClient (GrpcClientProtocolClient.java:onNext(255)) - client-FF34D2C67AC5->3258574c-39ac-4ed5-9145-ea59a337c299: receive RaftClientReply:client-FF34D2C67AC5->3258574c-39ac-4ed5-9145-ea59a337c299@group-6C7D867BDA6A, cid=4109, SUCCESS, logIndex=5751, commits[3258574c-39ac-4ed5-9145-ea59a337c299:c5752]
2019-09-02 06:30:53,422 [grpc-default-executor-0] INFO  client.GrpcClientProtocolClient (GrpcClientProtocolClient.java:onNext(255)) - client-FF34D2C67AC5->3258574c-39ac-4ed5-9145-ea59a337c299: receive RaftClientReply:client-FF34D2C67AC5->3258574c-39ac-4ed5-9145-ea59a337c299@group-6C7D867BDA6A, cid=4110, SUCCESS, logIndex=5752, commits[3258574c-39ac-4ed5-9145-ea59a337c299:c5753]
2019-09-02 06:30:53,434 [SCMBlockDeletingService#0] DEBUG block.SCMBlockDeletingService (SCMBlockDeletingService.java:call(138)) - Running DeletedBlockTransactionScanner
2019-09-02 06:30:53,435 [SCMBlockDeletingService#0] DEBUG block.SCMBlockDeletingService (SCMBlockDeletingService.java:call(155)) - Scanned deleted blocks log and got 0 delTX to process.
2019-09-02 06:30:53,526 [grpc-default-executor-1] INFO  client.GrpcClientProtocolClient (GrpcClientProtocolClient.java:onNext(255)) - client-FF34D2C67AC5->3258574c-39ac-4ed5-9145-ea59a337c299: receive RaftClientReply:client-FF34D2C67AC5->3258574c-39ac-4ed5-9145-ea59a337c299@group-6C7D867BDA6A, cid=4111, SUCCESS, logIndex=5754, commits[3258574c-39ac-4ed5-9145-ea59a337c299:c5755]
2019-09-02 06:30:53,526 [grpc-default-executor-1] INFO  client.GrpcClientProtocolClient (GrpcClientProtocolClient.java:onNext(255)) - client-FF34D2C67AC5->3258574c-39ac-4ed5-9145-ea59a337c299: receive RaftClientReply:client-FF34D2C67AC5->3258574c-39ac-4ed5-9145-ea59a337c299@group-6C7D867BDA6A, cid=4112, SUCCESS, logIndex=5755, commits[3258574c-39ac-4ed5-9145-ea59a337c299:c5756]
2019-09-02 06:30:53,535 [SCMBlockDeletingService#0] DEBUG block.SCMBlockDeletingService (SCMBlockDeletingService.java:call(138)) - Running DeletedBlockTransactionScanner
2019-09-02 06:30:53,535 [SCMBlockDeletingService#0] DEBUG block.SCMBlockDeletingService (SCMBlockDeletingService.java:call(155)) - Scanned deleted blocks log and got 0 delTX to process.
2019-09-02 06:30:53,560 [grpc-default-executor-1] INFO  client.GrpcClientProtocolClient (GrpcClientProtocolClient.java:onNext(255)) - client-FF34D2C67AC5->3258574c-39ac-4ed5-9145-ea59a337c299: receive RaftClientReply:client-FF34D2C67AC5->3258574c-39ac-4ed5-9145-ea59a337c299@group-6C7D867BDA6A, cid=4113, SUCCESS, logIndex=5757, commits[3258574c-39ac-4ed5-9145-ea59a337c299:c5760]
2019-09-02 06:30:53,560 [grpc-default-executor-1] INFO  client.GrpcClientProtocolClient (GrpcClientProtocolClient.java:onNext(255)) - client-FF34D2C67AC5->3258574c-39ac-4ed5-9145-ea59a337c299: receive RaftClientReply:client-FF34D2C67AC5->3258574c-39ac-4ed5-9145-ea59a337c299@group-6C7D867BDA6A, cid=4114, SUCCESS, logIndex=5758, commits[3258574c-39ac-4ed5-9145-ea59a337c299:c5761]
2019-09-02 06:30:53,561 [grpc-default-executor-1] INFO  client.GrpcClientProtocolClient (GrpcClientProtocolClient.java:onNext(255)) - client-FF34D2C67AC5->3258574c-39ac-4ed5-9145-ea59a337c299: receive RaftClientReply:client-FF34D2C67AC5->3258574c-39ac-4ed5-9145-ea59a337c299@group-6C7D867BDA6A, cid=4115, SUCCESS, logIndex=5759, commits[3258574c-39ac-4ed5-9145-ea59a337c299:c5761]
2019-09-02 06:30:53,561 [grpc-default-executor-1] INFO  client.GrpcClientProtocolClient (GrpcClientProtocolClient.java:onNext(255)) - client-FF34D2C67AC5->3258574c-39ac-4ed5-9145-ea59a337c299: receive RaftClientReply:client-FF34D2C67AC5->3258574c-39ac-4ed5-9145-ea59a337c299@group-6C7D867BDA6A, cid=4116, SUCCESS, logIndex=5760, commits[3258574c-39ac-4ed5-9145-ea59a337c299:c5761]
2019-09-02 06:30:53,580 [grpc-default-executor-1] INFO  client.GrpcClientProtocolClient (GrpcClientProtocolClient.java:onNext(255)) - client-FF34D2C67AC5->3258574c-39ac-4ed5-9145-ea59a337c299: receive RaftClientReply:client-FF34D2C67AC5->3258574c-39ac-4ed5-9145-ea59a337c299@group-6C7D867BDA6A, cid=4117, SUCCESS, logIndex=5762, commits[3258574c-39ac-4ed5-9145-ea59a337c299:c5765]
2019-09-02 06:30:53,581 [grpc-default-executor-1] INFO  client.GrpcClientProtocolClient (GrpcClientProtocolClient.java:onNext(255)) - client-FF34D2C67AC5->3258574c-39ac-4ed5-9145-ea59a337c299: receive RaftClientReply:client-FF34D2C67AC5->3258574c-39ac-4ed5-9145-ea59a337c299@group-6C7D867BDA6A, cid=4118, SUCCESS, logIndex=5763, commits[3258574c-39ac-4ed5-9145-ea59a337c299:c5766]
2019-09-02 06:30:53,581 [grpc-default-executor-1] INFO  client.GrpcClientProtocolClient (GrpcClientProtocolClient.java:onNext(255)) - client-FF34D2C67AC5->3258574c-39ac-4ed5-9145-ea59a337c299: receive RaftClientReply:client-FF34D2C67AC5->3258574c-39ac-4ed5-9145-ea59a337c299@group-6C7D867BDA6A, cid=4119, SUCCESS, logIndex=5764, commits[3258574c-39ac-4ed5-9145-ea59a337c299:c5766]
2019-09-02 06:30:53,581 [grpc-default-executor-1] INFO  client.GrpcClientProtocolClient (GrpcClientProtocolClient.java:onNext(255)) - client-FF34D2C67AC5->3258574c-39ac-4ed5-9145-ea59a337c299: receive RaftClientReply:client-FF34D2C67AC5->3258574c-39ac-4ed5-9145-ea59a337c299@group-6C7D867BDA6A, cid=4120, SUCCESS, logIndex=5765, commits[3258574c-39ac-4ed5-9145-ea59a337c299:c5767]
2019-09-02 06:30:53,616 [grpc-default-executor-0] INFO  client.GrpcClientProtocolClient (GrpcClientProtocolClient.java:onNext(255)) - client-FF34D2C67AC5->3258574c-39ac-4ed5-9145-ea59a337c299: receive RaftClientReply:client-FF34D2C67AC5->3258574c-39ac-4ed5-9145-ea59a337c299@group-6C7D867BDA6A, cid=4121, SUCCESS, logIndex=5768, commits[3258574c-39ac-4ed5-9145-ea59a337c299:c5771]
2019-09-02 06:30:53,617 [grpc-default-executor-0] INFO  client.GrpcClientProtocolClient (GrpcClientProtocolClient.java:onNext(255)) - client-FF34D2C67AC5->3258574c-39ac-4ed5-9145-ea59a337c299: receive RaftClientReply:client-FF34D2C67AC5->3258574c-39ac-4ed5-9145-ea59a337c299@group-6C7D867BDA6A, cid=4122, SUCCESS, logIndex=5769, commits[3258574c-39ac-4ed5-9145-ea59a337c299:c5772]
2019-09-02 06:30:53,617 [grpc-default-executor-0] INFO  client.GrpcClientProtocolClient (GrpcClientProtocolClient.java:onNext(255)) - client-FF34D2C67AC5->3258574c-39ac-4ed5-9145-ea59a337c299: receive RaftClientReply:client-FF34D2C67AC5->3258574c-39ac-4ed5-9145-ea59a337c299@group-6C7D867BDA6A, cid=4123, SUCCESS, logIndex=5770, commits[3258574c-39ac-4ed5-9145-ea59a337c299:c5772]
2019-09-02 06:30:53,618 [grpc-default-executor-0] INFO  client.GrpcClientProtocolClient (GrpcClientProtocolClient.java:onNext(255)) - client-FF34D2C67AC5->3258574c-39ac-4ed5-9145-ea59a337c299: receive RaftClientReply:client-FF34D2C67AC5->3258574c-39ac-4ed5-9145-ea59a337c299@group-6C7D867BDA6A, cid=4124, SUCCESS, logIndex=5771, commits[3258574c-39ac-4ed5-9145-ea59a337c299:c5772]
2019-09-02 06:30:53,635 [SCMBlockDeletingService#0] DEBUG block.SCMBlockDeletingService (SCMBlockDeletingService.java:call(138)) - Running DeletedBlockTransactionScanner
2019-09-02 06:30:53,636 [SCMBlockDeletingService#0] DEBUG block.SCMBlockDeletingService (SCMBlockDeletingService.java:call(155)) - Scanned deleted blocks log and got 0 delTX to process.
2019-09-02 06:30:53,638 [grpc-default-executor-0] INFO  client.GrpcClientProtocolClient (GrpcClientProtocolClient.java:onNext(255)) - client-FF34D2C67AC5->3258574c-39ac-4ed5-9145-ea59a337c299: receive RaftClientReply:client-FF34D2C67AC5->3258574c-39ac-4ed5-9145-ea59a337c299@group-6C7D867BDA6A, cid=4125, SUCCESS, logIndex=5773, commits[3258574c-39ac-4ed5-9145-ea59a337c299:c5774]
2019-09-02 06:30:53,638 [grpc-default-executor-0] INFO  client.GrpcClientProtocolClient (GrpcClientProtocolClient.java:onNext(255)) - client-FF34D2C67AC5->3258574c-39ac-4ed5-9145-ea59a337c299: receive RaftClientReply:client-FF34D2C67AC5->3258574c-39ac-4ed5-9145-ea59a337c299@group-6C7D867BDA6A, cid=4126, SUCCESS, logIndex=5774, commits[3258574c-39ac-4ed5-9145-ea59a337c299:c5776]
2019-09-02 06:30:53,638 [grpc-default-executor-0] INFO  client.GrpcClientProtocolClient (GrpcClientProtocolClient.java:onNext(255)) - client-FF34D2C67AC5->3258574c-39ac-4ed5-9145-ea59a337c299: receive RaftClientReply:client-FF34D2C67AC5->3258574c-39ac-4ed5-9145-ea59a337c299@group-6C7D867BDA6A, cid=4127, SUCCESS, logIndex=5775, commits[3258574c-39ac-4ed5-9145-ea59a337c299:c5777]
2019-09-02 06:30:53,639 [grpc-default-executor-0] INFO  client.GrpcClientProtocolClient (GrpcClientProtocolClient.java:onNext(255)) - client-FF34D2C67AC5->3258574c-39ac-4ed5-9145-ea59a337c299: receive RaftClientReply:client-FF34D2C67AC5->3258574c-39ac-4ed5-9145-ea59a337c299@group-6C7D867BDA6A, cid=4128, SUCCESS, logIndex=5776, commits[3258574c-39ac-4ed5-9145-ea59a337c299:c5777]
2019-09-02 06:30:53,674 [grpc-default-executor-1] INFO  client.GrpcClientProtocolClient (GrpcClientProtocolClient.java:onNext(255)) - client-FF34D2C67AC5->3258574c-39ac-4ed5-9145-ea59a337c299: receive RaftClientReply:client-FF34D2C67AC5->3258574c-39ac-4ed5-9145-ea59a337c299@group-6C7D867BDA6A, cid=4129, SUCCESS, logIndex=5779, commits[3258574c-39ac-4ed5-9145-ea59a337c299:c5782]
2019-09-02 06:30:53,674 [grpc-default-executor-1] INFO  client.GrpcClientProtocolClient (GrpcClientProtocolClient.java:onNext(255)) - client-FF34D2C67AC5->3258574c-39ac-4ed5-9145-ea59a337c299: receive RaftClientReply:client-FF34D2C67AC5->3258574c-39ac-4ed5-9145-ea59a337c299@group-6C7D867BDA6A, cid=4130, SUCCESS, logIndex=5780, commits[3258574c-39ac-4ed5-9145-ea59a337c299:c5783]
2019-09-02 06:30:53,675 [grpc-default-executor-1] INFO  client.GrpcClientProtocolClient (GrpcClientProtocolClient.java:onNext(255)) - client-FF34D2C67AC5->3258574c-39ac-4ed5-9145-ea59a337c299: receive RaftClientReply:client-FF34D2C67AC5->3258574c-39ac-4ed5-9145-ea59a337c299@group-6C7D867BDA6A, cid=4131, SUCCESS, logIndex=5781, commits[3258574c-39ac-4ed5-9145-ea59a337c299:c5783]
2019-09-02 06:30:53,675 [grpc-default-executor-1] INFO  client.GrpcClientProtocolClient (GrpcClientProtocolClient.java:onNext(255)) - client-FF34D2C67AC5->3258574c-39ac-4ed5-9145-ea59a337c299: receive RaftClientReply:client-FF34D2C67AC5->3258574c-39ac-4ed5-9145-ea59a337c299@group-6C7D867BDA6A, cid=4132, SUCCESS, logIndex=5782, commits[3258574c-39ac-4ed5-9145-ea59a337c299:c5783]
2019-09-02 06:30:53,695 [grpc-default-executor-1] INFO  client.GrpcClientProtocolClient (GrpcClientProtocolClient.java:onNext(255)) - client-FF34D2C67AC5->3258574c-39ac-4ed5-9145-ea59a337c299: receive RaftClientReply:client-FF34D2C67AC5->3258574c-39ac-4ed5-9145-ea59a337c299@group-6C7D867BDA6A, cid=4133, SUCCESS, logIndex=5784, commits[3258574c-39ac-4ed5-9145-ea59a337c299:c5785]
2019-09-02 06:30:53,695 [grpc-default-executor-1] INFO  client.GrpcClientProtocolClient (GrpcClientProtocolClient.java:onNext(255)) - client-FF34D2C67AC5->3258574c-39ac-4ed5-9145-ea59a337c299: receive RaftClientReply:client-FF34D2C67AC5->3258574c-39ac-4ed5-9145-ea59a337c299@group-6C7D867BDA6A, cid=4134, SUCCESS, logIndex=5785, commits[3258574c-39ac-4ed5-9145-ea59a337c299:c5785]
2019-09-02 06:30:53,697 [grpc-default-executor-1] INFO  client.GrpcClientProtocolClient (GrpcClientProtocolClient.java:onNext(255)) - client-FF34D2C67AC5->3258574c-39ac-4ed5-9145-ea59a337c299: receive RaftClientReply:client-FF34D2C67AC5->3258574c-39ac-4ed5-9145-ea59a337c299@group-6C7D867BDA6A, cid=4135, SUCCESS, logIndex=5786, commits[3258574c-39ac-4ed5-9145-ea59a337c299:c5787]
2019-09-02 06:30:53,697 [grpc-default-executor-1] INFO  client.GrpcClientProtocolClient (GrpcClientProtocolClient.java:onNext(255)) - client-FF34D2C67AC5->3258574c-39ac-4ed5-9145-ea59a337c299: receive RaftClientReply:client-FF34D2C67AC5->3258574c-39ac-4ed5-9145-ea59a337c299@group-6C7D867BDA6A, cid=4136, SUCCESS, logIndex=5787, commits[3258574c-39ac-4ed5-9145-ea59a337c299:c5787]
2019-09-02 06:30:53,728 [grpc-default-executor-1] INFO  client.GrpcClientProtocolClient (GrpcClientProtocolClient.java:onNext(255)) - client-FF34D2C67AC5->3258574c-39ac-4ed5-9145-ea59a337c299: receive RaftClientReply:client-FF34D2C67AC5->3258574c-39ac-4ed5-9145-ea59a337c299@group-6C7D867BDA6A, cid=4137, SUCCESS, logIndex=5790, commits[3258574c-39ac-4ed5-9145-ea59a337c299:c5793]
2019-09-02 06:30:53,728 [grpc-default-executor-1] INFO  client.GrpcClientProtocolClient (GrpcClientProtocolClient.java:onNext(255)) - client-FF34D2C67AC5->3258574c-39ac-4ed5-9145-ea59a337c299: receive RaftClientReply:client-FF34D2C67AC5->3258574c-39ac-4ed5-9145-ea59a337c299@group-6C7D867BDA6A, cid=4138, SUCCESS, logIndex=5791, commits[3258574c-39ac-4ed5-9145-ea59a337c299:c5794]
2019-09-02 06:30:53,729 [grpc-default-executor-1] INFO  client.GrpcClientProtocolClient (GrpcClientProtocolClient.java:onNext(255)) - client-FF34D2C67AC5->3258574c-39ac-4ed5-9145-ea59a337c299: receive RaftClientReply:client-FF34D2C67AC5->3258574c-39ac-4ed5-9145-ea59a337c299@group-6C7D867BDA6A, cid=4139, SUCCESS, logIndex=5792, commits[3258574c-39ac-4ed5-9145-ea59a337c299:c5794]
2019-09-02 06:30:53,729 [grpc-default-executor-1] INFO  client.GrpcClientProtocolClient (GrpcClientProtocolClient.java:onNext(255)) - client-FF34D2C67AC5->3258574c-39ac-4ed5-9145-ea59a337c299: receive RaftClientReply:client-FF34D2C67AC5->3258574c-39ac-4ed5-9145-ea59a337c299@group-6C7D867BDA6A, cid=4140, SUCCESS, logIndex=5793, commits[3258574c-39ac-4ed5-9145-ea59a337c299:c5795]
2019-09-02 06:30:53,736 [SCMBlockDeletingService#0] DEBUG block.SCMBlockDeletingService (SCMBlockDeletingService.java:call(138)) - Running DeletedBlockTransactionScanner
2019-09-02 06:30:53,736 [SCMBlockDeletingService#0] DEBUG block.SCMBlockDeletingService (SCMBlockDeletingService.java:call(155)) - Scanned deleted blocks log and got 0 delTX to process.
2019-09-02 06:30:53,751 [grpc-default-executor-0] INFO  client.GrpcClientProtocolClient (GrpcClientProtocolClient.java:onNext(255)) - client-FF34D2C67AC5->3258574c-39ac-4ed5-9145-ea59a337c299: receive RaftClientReply:client-FF34D2C67AC5->3258574c-39ac-4ed5-9145-ea59a337c299@group-6C7D867BDA6A, cid=4141, SUCCESS, logIndex=5796, commits[3258574c-39ac-4ed5-9145-ea59a337c299:c5799]
2019-09-02 06:30:53,751 [grpc-default-executor-0] INFO  client.GrpcClientProtocolClient (GrpcClientProtocolClient.java:onNext(255)) - client-FF34D2C67AC5->3258574c-39ac-4ed5-9145-ea59a337c299: receive RaftClientReply:client-FF34D2C67AC5->3258574c-39ac-4ed5-9145-ea59a337c299@group-6C7D867BDA6A, cid=4142, SUCCESS, logIndex=5797, commits[3258574c-39ac-4ed5-9145-ea59a337c299:c5799]
2019-09-02 06:30:53,751 [grpc-default-executor-0] INFO  client.GrpcClientProtocolClient (GrpcClientProtocolClient.java:onNext(255)) - client-FF34D2C67AC5->3258574c-39ac-4ed5-9145-ea59a337c299: receive RaftClientReply:client-FF34D2C67AC5->3258574c-39ac-4ed5-9145-ea59a337c299@group-6C7D867BDA6A, cid=4143, SUCCESS, logIndex=5798, commits[3258574c-39ac-4ed5-9145-ea59a337c299:c5800]
2019-09-02 06:30:53,752 [grpc-default-executor-0] INFO  client.GrpcClientProtocolClient (GrpcClientProtocolClient.java:onNext(255)) - client-FF34D2C67AC5->3258574c-39ac-4ed5-9145-ea59a337c299: receive RaftClientReply:client-FF34D2C67AC5->3258574c-39ac-4ed5-9145-ea59a337c299@group-6C7D867BDA6A, cid=4144, SUCCESS, logIndex=5799, commits[3258574c-39ac-4ed5-9145-ea59a337c299:c5800]
2019-09-02 06:30:53,784 [grpc-default-executor-1] INFO  client.GrpcClientProtocolClient (GrpcClientProtocolClient.java:onNext(255)) - client-FF34D2C67AC5->3258574c-39ac-4ed5-9145-ea59a337c299: receive RaftClientReply:client-FF34D2C67AC5->3258574c-39ac-4ed5-9145-ea59a337c299@group-6C7D867BDA6A, cid=4145, SUCCESS, logIndex=5801, commits[3258574c-39ac-4ed5-9145-ea59a337c299:c5802]
2019-09-02 06:30:53,785 [grpc-default-executor-1] INFO  client.GrpcClientProtocolClient (GrpcClientProtocolClient.java:onNext(255)) - client-FF34D2C67AC5->3258574c-39ac-4ed5-9145-ea59a337c299: receive RaftClientReply:client-FF34D2C67AC5->3258574c-39ac-4ed5-9145-ea59a337c299@group-6C7D867BDA6A, cid=4146, SUCCESS, logIndex=5802, commits[3258574c-39ac-4ed5-9145-ea59a337c299:c5804]
2019-09-02 06:30:53,785 [grpc-default-executor-1] INFO  client.GrpcClientProtocolClient (GrpcClientProtocolClient.java:onNext(255)) - client-FF34D2C67AC5->3258574c-39ac-4ed5-9145-ea59a337c299: receive RaftClientReply:client-FF34D2C67AC5->3258574c-39ac-4ed5-9145-ea59a337c299@group-6C7D867BDA6A, cid=4147, SUCCESS, logIndex=5803, commits[3258574c-39ac-4ed5-9145-ea59a337c299:c5804]
2019-09-02 06:30:53,785 [grpc-default-executor-1] INFO  client.GrpcClientProtocolClient (GrpcClientProtocolClient.java:onNext(255)) - client-FF34D2C67AC5->3258574c-39ac-4ed5-9145-ea59a337c299: receive RaftClientReply:client-FF34D2C67AC5->3258574c-39ac-4ed5-9145-ea59a337c299@group-6C7D867BDA6A, cid=4148, SUCCESS, logIndex=5804, commits[3258574c-39ac-4ed5-9145-ea59a337c299:c5805]
2019-09-02 06:30:53,804 [grpc-default-executor-0] INFO  client.GrpcClientProtocolClient (GrpcClientProtocolClient.java:onNext(255)) - client-FF34D2C67AC5->3258574c-39ac-4ed5-9145-ea59a337c299: receive RaftClientReply:client-FF34D2C67AC5->3258574c-39ac-4ed5-9145-ea59a337c299@group-6C7D867BDA6A, cid=4149, SUCCESS, logIndex=5807, commits[3258574c-39ac-4ed5-9145-ea59a337c299:c5808]
2019-09-02 06:30:53,804 [grpc-default-executor-0] INFO  client.GrpcClientProtocolClient (GrpcClientProtocolClient.java:onNext(255)) - client-FF34D2C67AC5->3258574c-39ac-4ed5-9145-ea59a337c299: receive RaftClientReply:client-FF34D2C67AC5->3258574c-39ac-4ed5-9145-ea59a337c299@group-6C7D867BDA6A, cid=4150, SUCCESS, logIndex=5808, commits[3258574c-39ac-4ed5-9145-ea59a337c299:c5808]
2019-09-02 06:30:53,807 [grpc-default-executor-0] INFO  client.GrpcClientProtocolClient (GrpcClientProtocolClient.java:onNext(255)) - client-FF34D2C67AC5->3258574c-39ac-4ed5-9145-ea59a337c299: receive RaftClientReply:client-FF34D2C67AC5->3258574c-39ac-4ed5-9145-ea59a337c299@group-6C7D867BDA6A, cid=4151, SUCCESS, logIndex=5809, commits[3258574c-39ac-4ed5-9145-ea59a337c299:c5811]
2019-09-02 06:30:53,807 [grpc-default-executor-0] INFO  client.GrpcClientProtocolClient (GrpcClientProtocolClient.java:onNext(255)) - client-FF34D2C67AC5->3258574c-39ac-4ed5-9145-ea59a337c299: receive RaftClientReply:client-FF34D2C67AC5->3258574c-39ac-4ed5-9145-ea59a337c299@group-6C7D867BDA6A, cid=4152, SUCCESS, logIndex=5810, commits[3258574c-39ac-4ed5-9145-ea59a337c299:c5811]
2019-09-02 06:30:53,836 [SCMBlockDeletingService#0] DEBUG block.SCMBlockDeletingService (SCMBlockDeletingService.java:call(138)) - Running DeletedBlockTransactionScanner
2019-09-02 06:30:53,837 [SCMBlockDeletingService#0] DEBUG block.SCMBlockDeletingService (SCMBlockDeletingService.java:call(155)) - Scanned deleted blocks log and got 0 delTX to process.
2019-09-02 06:30:53,845 [grpc-default-executor-1] INFO  client.GrpcClientProtocolClient (GrpcClientProtocolClient.java:onNext(255)) - client-FF34D2C67AC5->3258574c-39ac-4ed5-9145-ea59a337c299: receive RaftClientReply:client-FF34D2C67AC5->3258574c-39ac-4ed5-9145-ea59a337c299@group-6C7D867BDA6A, cid=4153, SUCCESS, logIndex=5812, commits[3258574c-39ac-4ed5-9145-ea59a337c299:c5813]
2019-09-02 06:30:53,846 [grpc-default-executor-1] INFO  client.GrpcClientProtocolClient (GrpcClientProtocolClient.java:onNext(255)) - client-FF34D2C67AC5->3258574c-39ac-4ed5-9145-ea59a337c299: receive RaftClientReply:client-FF34D2C67AC5->3258574c-39ac-4ed5-9145-ea59a337c299@group-6C7D867BDA6A, cid=4154, SUCCESS, logIndex=5813, commits[3258574c-39ac-4ed5-9145-ea59a337c299:c5814]
2019-09-02 06:30:53,937 [SCMBlockDeletingService#0] DEBUG block.SCMBlockDeletingService (SCMBlockDeletingService.java:call(138)) - Running DeletedBlockTransactionScanner
2019-09-02 06:30:53,937 [SCMBlockDeletingService#0] DEBUG block.SCMBlockDeletingService (SCMBlockDeletingService.java:call(155)) - Scanned deleted blocks log and got 0 delTX to process.
2019-09-02 06:30:54,191 [SCMBlockDeletingService#0] DEBUG block.SCMBlockDeletingService (SCMBlockDeletingService.java:call(138)) - Running DeletedBlockTransactionScanner
2019-09-02 06:30:54,191 [SCMBlockDeletingService#0] DEBUG block.SCMBlockDeletingService (SCMBlockDeletingService.java:call(155)) - Scanned deleted blocks log and got 0 delTX to process.
2019-09-02 06:30:54,238 [grpc-default-executor-0] INFO  client.GrpcClientProtocolClient (GrpcClientProtocolClient.java:onNext(255)) - client-FF34D2C67AC5->3258574c-39ac-4ed5-9145-ea59a337c299: receive RaftClientReply:client-FF34D2C67AC5->3258574c-39ac-4ed5-9145-ea59a337c299@group-6C7D867BDA6A, cid=4155, SUCCESS, logIndex=5815, commits[3258574c-39ac-4ed5-9145-ea59a337c299:c5816]
2019-09-02 06:30:54,239 [grpc-default-executor-0] INFO  client.GrpcClientProtocolClient (GrpcClientProtocolClient.java:onNext(255)) - client-FF34D2C67AC5->3258574c-39ac-4ed5-9145-ea59a337c299: receive RaftClientReply:client-FF34D2C67AC5->3258574c-39ac-4ed5-9145-ea59a337c299@group-6C7D867BDA6A, cid=4156, SUCCESS, logIndex=5816, commits[3258574c-39ac-4ed5-9145-ea59a337c299:c5817]
2019-09-02 06:30:54,264 [grpc-default-executor-0] INFO  client.GrpcClientProtocolClient (GrpcClientProtocolClient.java:onNext(255)) - client-FF34D2C67AC5->3258574c-39ac-4ed5-9145-ea59a337c299: receive RaftClientReply:client-FF34D2C67AC5->3258574c-39ac-4ed5-9145-ea59a337c299@group-6C7D867BDA6A, cid=4157, SUCCESS, logIndex=5818, commits[3258574c-39ac-4ed5-9145-ea59a337c299:c5821]
2019-09-02 06:30:54,264 [grpc-default-executor-0] INFO  client.GrpcClientProtocolClient (GrpcClientProtocolClient.java:onNext(255)) - client-FF34D2C67AC5->3258574c-39ac-4ed5-9145-ea59a337c299: receive RaftClientReply:client-FF34D2C67AC5->3258574c-39ac-4ed5-9145-ea59a337c299@group-6C7D867BDA6A, cid=4158, SUCCESS, logIndex=5819, commits[3258574c-39ac-4ed5-9145-ea59a337c299:c5822]
2019-09-02 06:30:54,265 [grpc-default-executor-0] INFO  client.GrpcClientProtocolClient (GrpcClientProtocolClient.java:onNext(255)) - client-FF34D2C67AC5->3258574c-39ac-4ed5-9145-ea59a337c299: receive RaftClientReply:client-FF34D2C67AC5->3258574c-39ac-4ed5-9145-ea59a337c299@group-6C7D867BDA6A, cid=4159, SUCCESS, logIndex=5820, commits[3258574c-39ac-4ed5-9145-ea59a337c299:c5822]
2019-09-02 06:30:54,265 [grpc-default-executor-0] INFO  client.GrpcClientProtocolClient (GrpcClientProtocolClient.java:onNext(255)) - client-FF34D2C67AC5->3258574c-39ac-4ed5-9145-ea59a337c299: receive RaftClientReply:client-FF34D2C67AC5->3258574c-39ac-4ed5-9145-ea59a337c299@group-6C7D867BDA6A, cid=4160, SUCCESS, logIndex=5821, commits[3258574c-39ac-4ed5-9145-ea59a337c299:c5822]
2019-09-02 06:30:54,291 [SCMBlockDeletingService#0] DEBUG block.SCMBlockDeletingService (SCMBlockDeletingService.java:call(138)) - Running DeletedBlockTransactionScanner
2019-09-02 06:30:54,292 [SCMBlockDeletingService#0] DEBUG block.SCMBlockDeletingService (SCMBlockDeletingService.java:call(155)) - Scanned deleted blocks log and got 0 delTX to process.
2019-09-02 06:30:54,298 [grpc-default-executor-0] INFO  client.GrpcClientProtocolClient (GrpcClientProtocolClient.java:onNext(255)) - client-FF34D2C67AC5->3258574c-39ac-4ed5-9145-ea59a337c299: receive RaftClientReply:client-FF34D2C67AC5->3258574c-39ac-4ed5-9145-ea59a337c299@group-6C7D867BDA6A, cid=4161, SUCCESS, logIndex=5823, commits[3258574c-39ac-4ed5-9145-ea59a337c299:c5826]
2019-09-02 06:30:54,298 [grpc-default-executor-0] INFO  client.GrpcClientProtocolClient (GrpcClientProtocolClient.java:onNext(255)) - client-FF34D2C67AC5->3258574c-39ac-4ed5-9145-ea59a337c299: receive RaftClientReply:client-FF34D2C67AC5->3258574c-39ac-4ed5-9145-ea59a337c299@group-6C7D867BDA6A, cid=4162, SUCCESS, logIndex=5824, commits[3258574c-39ac-4ed5-9145-ea59a337c299:c5827]
2019-09-02 06:30:54,299 [grpc-default-executor-0] INFO  client.GrpcClientProtocolClient (GrpcClientProtocolClient.java:onNext(255)) - client-FF34D2C67AC5->3258574c-39ac-4ed5-9145-ea59a337c299: receive RaftClientReply:client-FF34D2C67AC5->3258574c-39ac-4ed5-9145-ea59a337c299@group-6C7D867BDA6A, cid=4163, SUCCESS, logIndex=5825, commits[3258574c-39ac-4ed5-9145-ea59a337c299:c5827]
2019-09-02 06:30:54,299 [grpc-default-executor-0] INFO  client.GrpcClientProtocolClient (GrpcClientProtocolClient.java:onNext(255)) - client-FF34D2C67AC5->3258574c-39ac-4ed5-9145-ea59a337c299: receive RaftClientReply:client-FF34D2C67AC5->3258574c-39ac-4ed5-9145-ea59a337c299@group-6C7D867BDA6A, cid=4164, SUCCESS, logIndex=5826, commits[3258574c-39ac-4ed5-9145-ea59a337c299:c5827]
2019-09-02 06:30:54,320 [grpc-default-executor-1] INFO  client.GrpcClientProtocolClient (GrpcClientProtocolClient.java:onNext(255)) - client-FF34D2C67AC5->3258574c-39ac-4ed5-9145-ea59a337c299: receive RaftClientReply:client-FF34D2C67AC5->3258574c-39ac-4ed5-9145-ea59a337c299@group-6C7D867BDA6A, cid=4165, SUCCESS, logIndex=5828, commits[3258574c-39ac-4ed5-9145-ea59a337c299:c5829]
2019-09-02 06:30:54,320 [grpc-default-executor-1] INFO  client.GrpcClientProtocolClient (GrpcClientProtocolClient.java:onNext(255)) - client-FF34D2C67AC5->3258574c-39ac-4ed5-9145-ea59a337c299: receive RaftClientReply:client-FF34D2C67AC5->3258574c-39ac-4ed5-9145-ea59a337c299@group-6C7D867BDA6A, cid=4166, SUCCESS, logIndex=5829, commits[3258574c-39ac-4ed5-9145-ea59a337c299:c5829]
2019-09-02 06:30:54,321 [grpc-default-executor-1] INFO  client.GrpcClientProtocolClient (GrpcClientProtocolClient.java:onNext(255)) - client-FF34D2C67AC5->3258574c-39ac-4ed5-9145-ea59a337c299: receive RaftClientReply:client-FF34D2C67AC5->3258574c-39ac-4ed5-9145-ea59a337c299@group-6C7D867BDA6A, cid=4167, SUCCESS, logIndex=5830, commits[3258574c-39ac-4ed5-9145-ea59a337c299:c5831]
2019-09-02 06:30:54,322 [grpc-default-executor-1] INFO  client.GrpcClientProtocolClient (GrpcClientProtocolClient.java:onNext(255)) - client-FF34D2C67AC5->3258574c-39ac-4ed5-9145-ea59a337c299: receive RaftClientReply:client-FF34D2C67AC5->3258574c-39ac-4ed5-9145-ea59a337c299@group-6C7D867BDA6A, cid=4168, SUCCESS, logIndex=5831, commits[3258574c-39ac-4ed5-9145-ea59a337c299:c5831]
2019-09-02 06:30:54,361 [grpc-default-executor-0] INFO  client.GrpcClientProtocolClient (GrpcClientProtocolClient.java:onNext(255)) - client-FF34D2C67AC5->3258574c-39ac-4ed5-9145-ea59a337c299: receive RaftClientReply:client-FF34D2C67AC5->3258574c-39ac-4ed5-9145-ea59a337c299@group-6C7D867BDA6A, cid=4169, SUCCESS, logIndex=5834, commits[3258574c-39ac-4ed5-9145-ea59a337c299:c5837]
2019-09-02 06:30:54,362 [grpc-default-executor-0] INFO  client.GrpcClientProtocolClient (GrpcClientProtocolClient.java:onNext(255)) - client-FF34D2C67AC5->3258574c-39ac-4ed5-9145-ea59a337c299: receive RaftClientReply:client-FF34D2C67AC5->3258574c-39ac-4ed5-9145-ea59a337c299@group-6C7D867BDA6A, cid=4170, SUCCESS, logIndex=5835, commits[3258574c-39ac-4ed5-9145-ea59a337c299:c5838]
2019-09-02 06:30:54,362 [grpc-default-executor-0] INFO  client.GrpcClientProtocolClient (GrpcClientProtocolClient.java:onNext(255)) - client-FF34D2C67AC5->3258574c-39ac-4ed5-9145-ea59a337c299: receive RaftClientReply:client-FF34D2C67AC5->3258574c-39ac-4ed5-9145-ea59a337c299@group-6C7D867BDA6A, cid=4171, SUCCESS, logIndex=5836, commits[3258574c-39ac-4ed5-9145-ea59a337c299:c5838]
2019-09-02 06:30:54,362 [grpc-default-executor-0] INFO  client.GrpcClientProtocolClient (GrpcClientProtocolClient.java:onNext(255)) - client-FF34D2C67AC5->3258574c-39ac-4ed5-9145-ea59a337c299: receive RaftClientReply:client-FF34D2C67AC5->3258574c-39ac-4ed5-9145-ea59a337c299@group-6C7D867BDA6A, cid=4172, SUCCESS, logIndex=5837, commits[3258574c-39ac-4ed5-9145-ea59a337c299:c5838]
2019-09-02 06:30:54,382 [grpc-default-executor-0] INFO  client.GrpcClientProtocolClient (GrpcClientProtocolClient.java:onNext(255)) - client-FF34D2C67AC5->3258574c-39ac-4ed5-9145-ea59a337c299: receive RaftClientReply:client-FF34D2C67AC5->3258574c-39ac-4ed5-9145-ea59a337c299@group-6C7D867BDA6A, cid=4173, SUCCESS, logIndex=5839, commits[3258574c-39ac-4ed5-9145-ea59a337c299:c5840]
2019-09-02 06:30:54,382 [grpc-default-executor-0] INFO  client.GrpcClientProtocolClient (GrpcClientProtocolClient.java:onNext(255)) - client-FF34D2C67AC5->3258574c-39ac-4ed5-9145-ea59a337c299: receive RaftClientReply:client-FF34D2C67AC5->3258574c-39ac-4ed5-9145-ea59a337c299@group-6C7D867BDA6A, cid=4174, SUCCESS, logIndex=5840, commits[3258574c-39ac-4ed5-9145-ea59a337c299:c5840]
2019-09-02 06:30:54,382 [grpc-default-executor-0] INFO  client.GrpcClientProtocolClient (GrpcClientProtocolClient.java:onNext(255)) - client-FF34D2C67AC5->3258574c-39ac-4ed5-9145-ea59a337c299: receive RaftClientReply:client-FF34D2C67AC5->3258574c-39ac-4ed5-9145-ea59a337c299@group-6C7D867BDA6A, cid=4175, SUCCESS, logIndex=5841, commits[3258574c-39ac-4ed5-9145-ea59a337c299:c5842]
2019-09-02 06:30:54,382 [grpc-default-executor-0] INFO  client.GrpcClientProtocolClient (GrpcClientProtocolClient.java:onNext(255)) - client-FF34D2C67AC5->3258574c-39ac-4ed5-9145-ea59a337c299: receive RaftClientReply:client-FF34D2C67AC5->3258574c-39ac-4ed5-9145-ea59a337c299@group-6C7D867BDA6A, cid=4176, SUCCESS, logIndex=5842, commits[3258574c-39ac-4ed5-9145-ea59a337c299:c5842]
2019-09-02 06:30:54,392 [SCMBlockDeletingService#0] DEBUG block.SCMBlockDeletingService (SCMBlockDeletingService.java:call(138)) - Running DeletedBlockTransactionScanner
2019-09-02 06:30:54,392 [SCMBlockDeletingService#0] DEBUG block.SCMBlockDeletingService (SCMBlockDeletingService.java:call(155)) - Scanned deleted blocks log and got 0 delTX to process.
2019-09-02 06:30:54,413 [grpc-default-executor-0] INFO  client.GrpcClientProtocolClient (GrpcClientProtocolClient.java:onNext(255)) - client-FF34D2C67AC5->3258574c-39ac-4ed5-9145-ea59a337c299: receive RaftClientReply:client-FF34D2C67AC5->3258574c-39ac-4ed5-9145-ea59a337c299@group-6C7D867BDA6A, cid=4177, SUCCESS, logIndex=5845, commits[3258574c-39ac-4ed5-9145-ea59a337c299:c5846]
2019-09-02 06:30:54,414 [grpc-default-executor-0] INFO  client.GrpcClientProtocolClient (GrpcClientProtocolClient.java:onNext(255)) - client-FF34D2C67AC5->3258574c-39ac-4ed5-9145-ea59a337c299: receive RaftClientReply:client-FF34D2C67AC5->3258574c-39ac-4ed5-9145-ea59a337c299@group-6C7D867BDA6A, cid=4178, SUCCESS, logIndex=5846, commits[3258574c-39ac-4ed5-9145-ea59a337c299:c5848]
2019-09-02 06:30:54,415 [grpc-default-executor-0] INFO  client.GrpcClientProtocolClient (GrpcClientProtocolClient.java:onNext(255)) - client-FF34D2C67AC5->3258574c-39ac-4ed5-9145-ea59a337c299: receive RaftClientReply:client-FF34D2C67AC5->3258574c-39ac-4ed5-9145-ea59a337c299@group-6C7D867BDA6A, cid=4179, SUCCESS, logIndex=5847, commits[3258574c-39ac-4ed5-9145-ea59a337c299:c5848]
2019-09-02 06:30:54,415 [grpc-default-executor-0] INFO  client.GrpcClientProtocolClient (GrpcClientProtocolClient.java:onNext(255)) - client-FF34D2C67AC5->3258574c-39ac-4ed5-9145-ea59a337c299: receive RaftClientReply:client-FF34D2C67AC5->3258574c-39ac-4ed5-9145-ea59a337c299@group-6C7D867BDA6A, cid=4180, SUCCESS, logIndex=5848, commits[3258574c-39ac-4ed5-9145-ea59a337c299:c5850]
2019-09-02 06:30:54,435 [grpc-default-executor-0] INFO  client.GrpcClientProtocolClient (GrpcClientProtocolClient.java:onNext(255)) - client-FF34D2C67AC5->3258574c-39ac-4ed5-9145-ea59a337c299: receive RaftClientReply:client-FF34D2C67AC5->3258574c-39ac-4ed5-9145-ea59a337c299@group-6C7D867BDA6A, cid=4181, SUCCESS, logIndex=5851, commits[3258574c-39ac-4ed5-9145-ea59a337c299:c5852]
2019-09-02 06:30:54,436 [grpc-default-executor-0] INFO  client.GrpcClientProtocolClient (GrpcClientProtocolClient.java:onNext(255)) - client-FF34D2C67AC5->3258574c-39ac-4ed5-9145-ea59a337c299: receive RaftClientReply:client-FF34D2C67AC5->3258574c-39ac-4ed5-9145-ea59a337c299@group-6C7D867BDA6A, cid=4182, SUCCESS, logIndex=5852, commits[3258574c-39ac-4ed5-9145-ea59a337c299:c5855]
2019-09-02 06:30:54,436 [grpc-default-executor-0] INFO  client.GrpcClientProtocolClient (GrpcClientProtocolClient.java:onNext(255)) - client-FF34D2C67AC5->3258574c-39ac-4ed5-9145-ea59a337c299: receive RaftClientReply:client-FF34D2C67AC5->3258574c-39ac-4ed5-9145-ea59a337c299@group-6C7D867BDA6A, cid=4183, SUCCESS, logIndex=5853, commits[3258574c-39ac-4ed5-9145-ea59a337c299:c5855]
2019-09-02 06:30:54,436 [grpc-default-executor-0] INFO  client.GrpcClientProtocolClient (GrpcClientProtocolClient.java:onNext(255)) - client-FF34D2C67AC5->3258574c-39ac-4ed5-9145-ea59a337c299: receive RaftClientReply:client-FF34D2C67AC5->3258574c-39ac-4ed5-9145-ea59a337c299@group-6C7D867BDA6A, cid=4184, SUCCESS, logIndex=5854, commits[3258574c-39ac-4ed5-9145-ea59a337c299:c5855]
2019-09-02 06:30:54,470 [grpc-default-executor-0] INFO  client.GrpcClientProtocolClient (GrpcClientProtocolClient.java:onNext(255)) - client-FF34D2C67AC5->3258574c-39ac-4ed5-9145-ea59a337c299: receive RaftClientReply:client-FF34D2C67AC5->3258574c-39ac-4ed5-9145-ea59a337c299@group-6C7D867BDA6A, cid=4185, SUCCESS, logIndex=5856, commits[3258574c-39ac-4ed5-9145-ea59a337c299:c5859]
2019-09-02 06:30:54,471 [grpc-default-executor-0] INFO  client.GrpcClientProtocolClient (GrpcClientProtocolClient.java:onNext(255)) - client-FF34D2C67AC5->3258574c-39ac-4ed5-9145-ea59a337c299: receive RaftClientReply:client-FF34D2C67AC5->3258574c-39ac-4ed5-9145-ea59a337c299@group-6C7D867BDA6A, cid=4186, SUCCESS, logIndex=5857, commits[3258574c-39ac-4ed5-9145-ea59a337c299:c5860]
2019-09-02 06:30:54,471 [grpc-default-executor-0] INFO  client.GrpcClientProtocolClient (GrpcClientProtocolClient.java:onNext(255)) - client-FF34D2C67AC5->3258574c-39ac-4ed5-9145-ea59a337c299: receive RaftClientReply:client-FF34D2C67AC5->3258574c-39ac-4ed5-9145-ea59a337c299@group-6C7D867BDA6A, cid=4187, SUCCESS, logIndex=5858, commits[3258574c-39ac-4ed5-9145-ea59a337c299:c5860]
2019-09-02 06:30:54,471 [grpc-default-executor-0] INFO  client.GrpcClientProtocolClient (GrpcClientProtocolClient.java:onNext(255)) - client-FF34D2C67AC5->3258574c-39ac-4ed5-9145-ea59a337c299: receive RaftClientReply:client-FF34D2C67AC5->3258574c-39ac-4ed5-9145-ea59a337c299@group-6C7D867BDA6A, cid=4188, SUCCESS, logIndex=5859, commits[3258574c-39ac-4ed5-9145-ea59a337c299:c5861]
2019-09-02 06:30:54,491 [grpc-default-executor-1] INFO  client.GrpcClientProtocolClient (GrpcClientProtocolClient.java:onNext(255)) - client-FF34D2C67AC5->3258574c-39ac-4ed5-9145-ea59a337c299: receive RaftClientReply:client-FF34D2C67AC5->3258574c-39ac-4ed5-9145-ea59a337c299@group-6C7D867BDA6A, cid=4189, SUCCESS, logIndex=5862, commits[3258574c-39ac-4ed5-9145-ea59a337c299:c5865]
2019-09-02 06:30:54,492 [grpc-default-executor-1] INFO  client.GrpcClientProtocolClient (GrpcClientProtocolClient.java:onNext(255)) - client-FF34D2C67AC5->3258574c-39ac-4ed5-9145-ea59a337c299: receive RaftClientReply:client-FF34D2C67AC5->3258574c-39ac-4ed5-9145-ea59a337c299@group-6C7D867BDA6A, cid=4190, SUCCESS, logIndex=5863, commits[3258574c-39ac-4ed5-9145-ea59a337c299:c5865]
2019-09-02 06:30:54,492 [grpc-default-executor-1] INFO  client.GrpcClientProtocolClient (GrpcClientProtocolClient.java:onNext(255)) - client-FF34D2C67AC5->3258574c-39ac-4ed5-9145-ea59a337c299: receive RaftClientReply:client-FF34D2C67AC5->3258574c-39ac-4ed5-9145-ea59a337c299@group-6C7D867BDA6A, cid=4191, SUCCESS, logIndex=5864, commits[3258574c-39ac-4ed5-9145-ea59a337c299:c5866]
2019-09-02 06:30:54,492 [SCMBlockDeletingService#0] DEBUG block.SCMBlockDeletingService (SCMBlockDeletingService.java:call(138)) - Running DeletedBlockTransactionScanner
2019-09-02 06:30:54,493 [grpc-default-executor-1] INFO  client.GrpcClientProtocolClient (GrpcClientProtocolClient.java:onNext(255)) - client-FF34D2C67AC5->3258574c-39ac-4ed5-9145-ea59a337c299: receive RaftClientReply:client-FF34D2C67AC5->3258574c-39ac-4ed5-9145-ea59a337c299@group-6C7D867BDA6A, cid=4192, SUCCESS, logIndex=5865, commits[3258574c-39ac-4ed5-9145-ea59a337c299:c5867]
2019-09-02 06:30:54,493 [SCMBlockDeletingService#0] DEBUG block.SCMBlockDeletingService (SCMBlockDeletingService.java:call(155)) - Scanned deleted blocks log and got 0 delTX to process.
2019-09-02 06:30:54,531 [grpc-default-executor-1] INFO  client.GrpcClientProtocolClient (GrpcClientProtocolClient.java:onNext(255)) - client-FF34D2C67AC5->3258574c-39ac-4ed5-9145-ea59a337c299: receive RaftClientReply:client-FF34D2C67AC5->3258574c-39ac-4ed5-9145-ea59a337c299@group-6C7D867BDA6A, cid=4193, SUCCESS, logIndex=5868, commits[3258574c-39ac-4ed5-9145-ea59a337c299:c5871]
2019-09-02 06:30:54,532 [grpc-default-executor-1] INFO  client.GrpcClientProtocolClient (GrpcClientProtocolClient.java:onNext(255)) - client-FF34D2C67AC5->3258574c-39ac-4ed5-9145-ea59a337c299: receive RaftClientReply:client-FF34D2C67AC5->3258574c-39ac-4ed5-9145-ea59a337c299@group-6C7D867BDA6A, cid=4194, SUCCESS, logIndex=5869, commits[3258574c-39ac-4ed5-9145-ea59a337c299:c5872]
2019-09-02 06:30:54,533 [grpc-default-executor-1] INFO  client.GrpcClientProtocolClient (GrpcClientProtocolClient.java:onNext(255)) - client-FF34D2C67AC5->3258574c-39ac-4ed5-9145-ea59a337c299: receive RaftClientReply:client-FF34D2C67AC5->3258574c-39ac-4ed5-9145-ea59a337c299@group-6C7D867BDA6A, cid=4195, SUCCESS, logIndex=5870, commits[3258574c-39ac-4ed5-9145-ea59a337c299:c5872]
2019-09-02 06:30:54,533 [grpc-default-executor-1] INFO  client.GrpcClientProtocolClient (GrpcClientProtocolClient.java:onNext(255)) - client-FF34D2C67AC5->3258574c-39ac-4ed5-9145-ea59a337c299: receive RaftClientReply:client-FF34D2C67AC5->3258574c-39ac-4ed5-9145-ea59a337c299@group-6C7D867BDA6A, cid=4196, SUCCESS, logIndex=5871, commits[3258574c-39ac-4ed5-9145-ea59a337c299:c5872]
2019-09-02 06:30:54,557 [grpc-default-executor-0] INFO  client.GrpcClientProtocolClient (GrpcClientProtocolClient.java:onNext(255)) - client-FF34D2C67AC5->3258574c-39ac-4ed5-9145-ea59a337c299: receive RaftClientReply:client-FF34D2C67AC5->3258574c-39ac-4ed5-9145-ea59a337c299@group-6C7D867BDA6A, cid=4197, SUCCESS, logIndex=5873, commits[3258574c-39ac-4ed5-9145-ea59a337c299:c5874]
2019-09-02 06:30:54,557 [grpc-default-executor-0] INFO  client.GrpcClientProtocolClient (GrpcClientProtocolClient.java:onNext(255)) - client-FF34D2C67AC5->3258574c-39ac-4ed5-9145-ea59a337c299: receive RaftClientReply:client-FF34D2C67AC5->3258574c-39ac-4ed5-9145-ea59a337c299@group-6C7D867BDA6A, cid=4198, SUCCESS, logIndex=5874, commits[3258574c-39ac-4ed5-9145-ea59a337c299:c5875]
2019-09-02 06:30:54,593 [SCMBlockDeletingService#0] DEBUG block.SCMBlockDeletingService (SCMBlockDeletingService.java:call(138)) - Running DeletedBlockTransactionScanner
2019-09-02 06:30:54,593 [SCMBlockDeletingService#0] DEBUG block.SCMBlockDeletingService (SCMBlockDeletingService.java:call(155)) - Scanned deleted blocks log and got 0 delTX to process.
2019-09-02 06:30:54,685 [grpc-default-executor-1] INFO  client.GrpcClientProtocolClient (GrpcClientProtocolClient.java:onNext(255)) - client-FF34D2C67AC5->3258574c-39ac-4ed5-9145-ea59a337c299: receive RaftClientReply:client-FF34D2C67AC5->3258574c-39ac-4ed5-9145-ea59a337c299@group-6C7D867BDA6A, cid=4199, SUCCESS, logIndex=5876, commits[3258574c-39ac-4ed5-9145-ea59a337c299:c5877]
2019-09-02 06:30:54,685 [grpc-default-executor-1] INFO  client.GrpcClientProtocolClient (GrpcClientProtocolClient.java:onNext(255)) - client-FF34D2C67AC5->3258574c-39ac-4ed5-9145-ea59a337c299: receive RaftClientReply:client-FF34D2C67AC5->3258574c-39ac-4ed5-9145-ea59a337c299@group-6C7D867BDA6A, cid=4200, SUCCESS, logIndex=5877, commits[3258574c-39ac-4ed5-9145-ea59a337c299:c5878]
2019-09-02 06:30:54,694 [SCMBlockDeletingService#0] DEBUG block.SCMBlockDeletingService (SCMBlockDeletingService.java:call(138)) - Running DeletedBlockTransactionScanner
2019-09-02 06:30:54,694 [SCMBlockDeletingService#0] DEBUG block.SCMBlockDeletingService (SCMBlockDeletingService.java:call(155)) - Scanned deleted blocks log and got 0 delTX to process.
2019-09-02 06:30:54,722 [grpc-default-executor-1] INFO  client.GrpcClientProtocolClient (GrpcClientProtocolClient.java:onNext(255)) - client-FF34D2C67AC5->3258574c-39ac-4ed5-9145-ea59a337c299: receive RaftClientReply:client-FF34D2C67AC5->3258574c-39ac-4ed5-9145-ea59a337c299@group-6C7D867BDA6A, cid=4201, SUCCESS, logIndex=5879, commits[3258574c-39ac-4ed5-9145-ea59a337c299:c5880]
2019-09-02 06:30:54,723 [grpc-default-executor-1] INFO  client.GrpcClientProtocolClient (GrpcClientProtocolClient.java:onNext(255)) - client-FF34D2C67AC5->3258574c-39ac-4ed5-9145-ea59a337c299: receive RaftClientReply:client-FF34D2C67AC5->3258574c-39ac-4ed5-9145-ea59a337c299@group-6C7D867BDA6A, cid=4202, SUCCESS, logIndex=5880, commits[3258574c-39ac-4ed5-9145-ea59a337c299:c5880]
2019-09-02 06:30:54,724 [grpc-default-executor-1] INFO  client.GrpcClientProtocolClient (GrpcClientProtocolClient.java:onNext(255)) - client-FF34D2C67AC5->3258574c-39ac-4ed5-9145-ea59a337c299: receive RaftClientReply:client-FF34D2C67AC5->3258574c-39ac-4ed5-9145-ea59a337c299@group-6C7D867BDA6A, cid=4203, SUCCESS, logIndex=5881, commits[3258574c-39ac-4ed5-9145-ea59a337c299:c5882]
2019-09-02 06:30:54,724 [grpc-default-executor-1] INFO  client.GrpcClientProtocolClient (GrpcClientProtocolClient.java:onNext(255)) - client-FF34D2C67AC5->3258574c-39ac-4ed5-9145-ea59a337c299: receive RaftClientReply:client-FF34D2C67AC5->3258574c-39ac-4ed5-9145-ea59a337c299@group-6C7D867BDA6A, cid=4204, SUCCESS, logIndex=5882, commits[3258574c-39ac-4ed5-9145-ea59a337c299:c5882]
2019-09-02 06:30:54,747 [grpc-default-executor-1] INFO  client.GrpcClientProtocolClient (GrpcClientProtocolClient.java:onNext(255)) - client-FF34D2C67AC5->3258574c-39ac-4ed5-9145-ea59a337c299: receive RaftClientReply:client-FF34D2C67AC5->3258574c-39ac-4ed5-9145-ea59a337c299@group-6C7D867BDA6A, cid=4205, SUCCESS, logIndex=5885, commits[3258574c-39ac-4ed5-9145-ea59a337c299:c5888]
2019-09-02 06:30:54,748 [grpc-default-executor-1] INFO  client.GrpcClientProtocolClient (GrpcClientProtocolClient.java:onNext(255)) - client-FF34D2C67AC5->3258574c-39ac-4ed5-9145-ea59a337c299: receive RaftClientReply:client-FF34D2C67AC5->3258574c-39ac-4ed5-9145-ea59a337c299@group-6C7D867BDA6A, cid=4206, SUCCESS, logIndex=5886, commits[3258574c-39ac-4ed5-9145-ea59a337c299:c5889]
2019-09-02 06:30:54,748 [grpc-default-executor-1] INFO  client.GrpcClientProtocolClient (GrpcClientProtocolClient.java:onNext(255)) - client-FF34D2C67AC5->3258574c-39ac-4ed5-9145-ea59a337c299: receive RaftClientReply:client-FF34D2C67AC5->3258574c-39ac-4ed5-9145-ea59a337c299@group-6C7D867BDA6A, cid=4207, SUCCESS, logIndex=5887, commits[3258574c-39ac-4ed5-9145-ea59a337c299:c5889]
2019-09-02 06:30:54,749 [grpc-default-executor-1] INFO  client.GrpcClientProtocolClient (GrpcClientProtocolClient.java:onNext(255)) - client-FF34D2C67AC5->3258574c-39ac-4ed5-9145-ea59a337c299: receive RaftClientReply:client-FF34D2C67AC5->3258574c-39ac-4ed5-9145-ea59a337c299@group-6C7D867BDA6A, cid=4208, SUCCESS, logIndex=5888, commits[3258574c-39ac-4ed5-9145-ea59a337c299:c5889]
2019-09-02 06:30:54,784 [grpc-default-executor-0] INFO  client.GrpcClientProtocolClient (GrpcClientProtocolClient.java:onNext(255)) - client-FF34D2C67AC5->3258574c-39ac-4ed5-9145-ea59a337c299: receive RaftClientReply:client-FF34D2C67AC5->3258574c-39ac-4ed5-9145-ea59a337c299@group-6C7D867BDA6A, cid=4209, SUCCESS, logIndex=5890, commits[3258574c-39ac-4ed5-9145-ea59a337c299:c5893]
2019-09-02 06:30:54,785 [grpc-default-executor-0] INFO  client.GrpcClientProtocolClient (GrpcClientProtocolClient.java:onNext(255)) - client-FF34D2C67AC5->3258574c-39ac-4ed5-9145-ea59a337c299: receive RaftClientReply:client-FF34D2C67AC5->3258574c-39ac-4ed5-9145-ea59a337c299@group-6C7D867BDA6A, cid=4210, SUCCESS, logIndex=5891, commits[3258574c-39ac-4ed5-9145-ea59a337c299:c5894]
2019-09-02 06:30:54,785 [grpc-default-executor-0] INFO  client.GrpcClientProtocolClient (GrpcClientProtocolClient.java:onNext(255)) - client-FF34D2C67AC5->3258574c-39ac-4ed5-9145-ea59a337c299: receive RaftClientReply:client-FF34D2C67AC5->3258574c-39ac-4ed5-9145-ea59a337c299@group-6C7D867BDA6A, cid=4211, SUCCESS, logIndex=5892, commits[3258574c-39ac-4ed5-9145-ea59a337c299:c5894]
2019-09-02 06:30:54,786 [grpc-default-executor-0] INFO  client.GrpcClientProtocolClient (GrpcClientProtocolClient.java:onNext(255)) - client-FF34D2C67AC5->3258574c-39ac-4ed5-9145-ea59a337c299: receive RaftClientReply:client-FF34D2C67AC5->3258574c-39ac-4ed5-9145-ea59a337c299@group-6C7D867BDA6A, cid=4212, SUCCESS, logIndex=5893, commits[3258574c-39ac-4ed5-9145-ea59a337c299:c5894]
2019-09-02 06:30:54,794 [SCMBlockDeletingService#0] DEBUG block.SCMBlockDeletingService (SCMBlockDeletingService.java:call(138)) - Running DeletedBlockTransactionScanner
2019-09-02 06:30:54,795 [SCMBlockDeletingService#0] DEBUG block.SCMBlockDeletingService (SCMBlockDeletingService.java:call(155)) - Scanned deleted blocks log and got 0 delTX to process.
2019-09-02 06:30:54,811 [grpc-default-executor-0] INFO  client.GrpcClientProtocolClient (GrpcClientProtocolClient.java:onNext(255)) - client-FF34D2C67AC5->3258574c-39ac-4ed5-9145-ea59a337c299: receive RaftClientReply:client-FF34D2C67AC5->3258574c-39ac-4ed5-9145-ea59a337c299@group-6C7D867BDA6A, cid=4213, SUCCESS, logIndex=5895, commits[3258574c-39ac-4ed5-9145-ea59a337c299:c5898]
2019-09-02 06:30:54,811 [grpc-default-executor-0] INFO  client.GrpcClientProtocolClient (GrpcClientProtocolClient.java:onNext(255)) - client-FF34D2C67AC5->3258574c-39ac-4ed5-9145-ea59a337c299: receive RaftClientReply:client-FF34D2C67AC5->3258574c-39ac-4ed5-9145-ea59a337c299@group-6C7D867BDA6A, cid=4214, SUCCESS, logIndex=5896, commits[3258574c-39ac-4ed5-9145-ea59a337c299:c5899]
2019-09-02 06:30:54,812 [grpc-default-executor-0] INFO  client.GrpcClientProtocolClient (GrpcClientProtocolClient.java:onNext(255)) - client-FF34D2C67AC5->3258574c-39ac-4ed5-9145-ea59a337c299: receive RaftClientReply:client-FF34D2C67AC5->3258574c-39ac-4ed5-9145-ea59a337c299@group-6C7D867BDA6A, cid=4215, SUCCESS, logIndex=5897, commits[3258574c-39ac-4ed5-9145-ea59a337c299:c5899]
2019-09-02 06:30:54,812 [grpc-default-executor-0] INFO  client.GrpcClientProtocolClient (GrpcClientProtocolClient.java:onNext(255)) - client-FF34D2C67AC5->3258574c-39ac-4ed5-9145-ea59a337c299: receive RaftClientReply:client-FF34D2C67AC5->3258574c-39ac-4ed5-9145-ea59a337c299@group-6C7D867BDA6A, cid=4216, SUCCESS, logIndex=5898, commits[3258574c-39ac-4ed5-9145-ea59a337c299:c5899]
2019-09-02 06:30:54,853 [grpc-default-executor-0] INFO  client.GrpcClientProtocolClient (GrpcClientProtocolClient.java:onNext(255)) - client-FF34D2C67AC5->3258574c-39ac-4ed5-9145-ea59a337c299: receive RaftClientReply:client-FF34D2C67AC5->3258574c-39ac-4ed5-9145-ea59a337c299@group-6C7D867BDA6A, cid=4217, SUCCESS, logIndex=5900, commits[3258574c-39ac-4ed5-9145-ea59a337c299:c5903]
2019-09-02 06:30:54,854 [grpc-default-executor-0] INFO  client.GrpcClientProtocolClient (GrpcClientProtocolClient.java:onNext(255)) - client-FF34D2C67AC5->3258574c-39ac-4ed5-9145-ea59a337c299: receive RaftClientReply:client-FF34D2C67AC5->3258574c-39ac-4ed5-9145-ea59a337c299@group-6C7D867BDA6A, cid=4218, SUCCESS, logIndex=5901, commits[3258574c-39ac-4ed5-9145-ea59a337c299:c5904]
2019-09-02 06:30:54,854 [grpc-default-executor-0] INFO  client.GrpcClientProtocolClient (GrpcClientProtocolClient.java:onNext(255)) - client-FF34D2C67AC5->3258574c-39ac-4ed5-9145-ea59a337c299: receive RaftClientReply:client-FF34D2C67AC5->3258574c-39ac-4ed5-9145-ea59a337c299@group-6C7D867BDA6A, cid=4219, SUCCESS, logIndex=5902, commits[3258574c-39ac-4ed5-9145-ea59a337c299:c5904]
2019-09-02 06:30:54,854 [grpc-default-executor-0] INFO  client.GrpcClientProtocolClient (GrpcClientProtocolClient.java:onNext(255)) - client-FF34D2C67AC5->3258574c-39ac-4ed5-9145-ea59a337c299: receive RaftClientReply:client-FF34D2C67AC5->3258574c-39ac-4ed5-9145-ea59a337c299@group-6C7D867BDA6A, cid=4220, SUCCESS, logIndex=5903, commits[3258574c-39ac-4ed5-9145-ea59a337c299:c5904]
2019-09-02 06:30:54,879 [grpc-default-executor-0] INFO  client.GrpcClientProtocolClient (GrpcClientProtocolClient.java:onNext(255)) - client-FF34D2C67AC5->3258574c-39ac-4ed5-9145-ea59a337c299: receive RaftClientReply:client-FF34D2C67AC5->3258574c-39ac-4ed5-9145-ea59a337c299@group-6C7D867BDA6A, cid=4221, SUCCESS, logIndex=5905, commits[3258574c-39ac-4ed5-9145-ea59a337c299:c5908]
2019-09-02 06:30:54,879 [grpc-default-executor-0] INFO  client.GrpcClientProtocolClient (GrpcClientProtocolClient.java:onNext(255)) - client-FF34D2C67AC5->3258574c-39ac-4ed5-9145-ea59a337c299: receive RaftClientReply:client-FF34D2C67AC5->3258574c-39ac-4ed5-9145-ea59a337c299@group-6C7D867BDA6A, cid=4222, SUCCESS, logIndex=5906, commits[3258574c-39ac-4ed5-9145-ea59a337c299:c5909]
2019-09-02 06:30:54,880 [grpc-default-executor-0] INFO  client.GrpcClientProtocolClient (GrpcClientProtocolClient.java:onNext(255)) - client-FF34D2C67AC5->3258574c-39ac-4ed5-9145-ea59a337c299: receive RaftClientReply:client-FF34D2C67AC5->3258574c-39ac-4ed5-9145-ea59a337c299@group-6C7D867BDA6A, cid=4223, SUCCESS, logIndex=5907, commits[3258574c-39ac-4ed5-9145-ea59a337c299:c5909]
2019-09-02 06:30:54,880 [grpc-default-executor-0] INFO  client.GrpcClientProtocolClient (GrpcClientProtocolClient.java:onNext(255)) - client-FF34D2C67AC5->3258574c-39ac-4ed5-9145-ea59a337c299: receive RaftClientReply:client-FF34D2C67AC5->3258574c-39ac-4ed5-9145-ea59a337c299@group-6C7D867BDA6A, cid=4224, SUCCESS, logIndex=5908, commits[3258574c-39ac-4ed5-9145-ea59a337c299:c5909]
2019-09-02 06:30:54,895 [SCMBlockDeletingService#0] DEBUG block.SCMBlockDeletingService (SCMBlockDeletingService.java:call(138)) - Running DeletedBlockTransactionScanner
2019-09-02 06:30:54,895 [SCMBlockDeletingService#0] DEBUG block.SCMBlockDeletingService (SCMBlockDeletingService.java:call(155)) - Scanned deleted blocks log and got 0 delTX to process.
2019-09-02 06:30:54,921 [grpc-default-executor-0] INFO  client.GrpcClientProtocolClient (GrpcClientProtocolClient.java:onNext(255)) - client-FF34D2C67AC5->3258574c-39ac-4ed5-9145-ea59a337c299: receive RaftClientReply:client-FF34D2C67AC5->3258574c-39ac-4ed5-9145-ea59a337c299@group-6C7D867BDA6A, cid=4225, SUCCESS, logIndex=5910, commits[3258574c-39ac-4ed5-9145-ea59a337c299:c5913]
2019-09-02 06:30:54,921 [grpc-default-executor-0] INFO  client.GrpcClientProtocolClient (GrpcClientProtocolClient.java:onNext(255)) - client-FF34D2C67AC5->3258574c-39ac-4ed5-9145-ea59a337c299: receive RaftClientReply:client-FF34D2C67AC5->3258574c-39ac-4ed5-9145-ea59a337c299@group-6C7D867BDA6A, cid=4226, SUCCESS, logIndex=5911, commits[3258574c-39ac-4ed5-9145-ea59a337c299:c5914]
2019-09-02 06:30:54,922 [grpc-default-executor-0] INFO  client.GrpcClientProtocolClient (GrpcClientProtocolClient.java:onNext(255)) - client-FF34D2C67AC5->3258574c-39ac-4ed5-9145-ea59a337c299: receive RaftClientReply:client-FF34D2C67AC5->3258574c-39ac-4ed5-9145-ea59a337c299@group-6C7D867BDA6A, cid=4227, SUCCESS, logIndex=5912, commits[3258574c-39ac-4ed5-9145-ea59a337c299:c5915]
2019-09-02 06:30:54,922 [grpc-default-executor-0] INFO  client.GrpcClientProtocolClient (GrpcClientProtocolClient.java:onNext(255)) - client-FF34D2C67AC5->3258574c-39ac-4ed5-9145-ea59a337c299: receive RaftClientReply:client-FF34D2C67AC5->3258574c-39ac-4ed5-9145-ea59a337c299@group-6C7D867BDA6A, cid=4228, SUCCESS, logIndex=5913, commits[3258574c-39ac-4ed5-9145-ea59a337c299:c5915]
2019-09-02 06:30:54,944 [grpc-default-executor-0] INFO  client.GrpcClientProtocolClient (GrpcClientProtocolClient.java:onNext(255)) - client-FF34D2C67AC5->3258574c-39ac-4ed5-9145-ea59a337c299: receive RaftClientReply:client-FF34D2C67AC5->3258574c-39ac-4ed5-9145-ea59a337c299@group-6C7D867BDA6A, cid=4229, SUCCESS, logIndex=5916, commits[3258574c-39ac-4ed5-9145-ea59a337c299:c5917]
2019-09-02 06:30:54,944 [grpc-default-executor-0] INFO  client.GrpcClientProtocolClient (GrpcClientProtocolClient.java:onNext(255)) - client-FF34D2C67AC5->3258574c-39ac-4ed5-9145-ea59a337c299: receive RaftClientReply:client-FF34D2C67AC5->3258574c-39ac-4ed5-9145-ea59a337c299@group-6C7D867BDA6A, cid=4230, SUCCESS, logIndex=5917, commits[3258574c-39ac-4ed5-9145-ea59a337c299:c5919]
2019-09-02 06:30:54,945 [grpc-default-executor-0] INFO  client.GrpcClientProtocolClient (GrpcClientProtocolClient.java:onNext(255)) - client-FF34D2C67AC5->3258574c-39ac-4ed5-9145-ea59a337c299: receive RaftClientReply:client-FF34D2C67AC5->3258574c-39ac-4ed5-9145-ea59a337c299@group-6C7D867BDA6A, cid=4231, SUCCESS, logIndex=5918, commits[3258574c-39ac-4ed5-9145-ea59a337c299:c5920]
2019-09-02 06:30:54,945 [grpc-default-executor-0] INFO  client.GrpcClientProtocolClient (GrpcClientProtocolClient.java:onNext(255)) - client-FF34D2C67AC5->3258574c-39ac-4ed5-9145-ea59a337c299: receive RaftClientReply:client-FF34D2C67AC5->3258574c-39ac-4ed5-9145-ea59a337c299@group-6C7D867BDA6A, cid=4232, SUCCESS, logIndex=5919, commits[3258574c-39ac-4ed5-9145-ea59a337c299:c5921]
2019-09-02 06:30:54,988 [grpc-default-executor-1] INFO  client.GrpcClientProtocolClient (GrpcClientProtocolClient.java:onNext(255)) - client-FF34D2C67AC5->3258574c-39ac-4ed5-9145-ea59a337c299: receive RaftClientReply:client-FF34D2C67AC5->3258574c-39ac-4ed5-9145-ea59a337c299@group-6C7D867BDA6A, cid=4233, SUCCESS, logIndex=5922, commits[3258574c-39ac-4ed5-9145-ea59a337c299:c5925]
2019-09-02 06:30:54,989 [grpc-default-executor-1] INFO  client.GrpcClientProtocolClient (GrpcClientProtocolClient.java:onNext(255)) - client-FF34D2C67AC5->3258574c-39ac-4ed5-9145-ea59a337c299: receive RaftClientReply:client-FF34D2C67AC5->3258574c-39ac-4ed5-9145-ea59a337c299@group-6C7D867BDA6A, cid=4234, SUCCESS, logIndex=5923, commits[3258574c-39ac-4ed5-9145-ea59a337c299:c5926]
2019-09-02 06:30:54,989 [grpc-default-executor-1] INFO  client.GrpcClientProtocolClient (GrpcClientProtocolClient.java:onNext(255)) - client-FF34D2C67AC5->3258574c-39ac-4ed5-9145-ea59a337c299: receive RaftClientReply:client-FF34D2C67AC5->3258574c-39ac-4ed5-9145-ea59a337c299@group-6C7D867BDA6A, cid=4235, SUCCESS, logIndex=5924, commits[3258574c-39ac-4ed5-9145-ea59a337c299:c5926]
2019-09-02 06:30:54,990 [grpc-default-executor-1] INFO  client.GrpcClientProtocolClient (GrpcClientProtocolClient.java:onNext(255)) - client-FF34D2C67AC5->3258574c-39ac-4ed5-9145-ea59a337c299: receive RaftClientReply:client-FF34D2C67AC5->3258574c-39ac-4ed5-9145-ea59a337c299@group-6C7D867BDA6A, cid=4236, SUCCESS, logIndex=5925, commits[3258574c-39ac-4ed5-9145-ea59a337c299:c5926]
2019-09-02 06:30:54,996 [SCMBlockDeletingService#0] DEBUG block.SCMBlockDeletingService (SCMBlockDeletingService.java:call(138)) - Running DeletedBlockTransactionScanner
2019-09-02 06:30:54,996 [SCMBlockDeletingService#0] DEBUG block.SCMBlockDeletingService (SCMBlockDeletingService.java:call(155)) - Scanned deleted blocks log and got 0 delTX to process.
2019-09-02 06:30:55,012 [grpc-default-executor-1] INFO  client.GrpcClientProtocolClient (GrpcClientProtocolClient.java:onNext(255)) - client-FF34D2C67AC5->3258574c-39ac-4ed5-9145-ea59a337c299: receive RaftClientReply:client-FF34D2C67AC5->3258574c-39ac-4ed5-9145-ea59a337c299@group-6C7D867BDA6A, cid=4237, SUCCESS, logIndex=5927, commits[3258574c-39ac-4ed5-9145-ea59a337c299:c5928]
2019-09-02 06:30:55,013 [grpc-default-executor-1] INFO  client.GrpcClientProtocolClient (GrpcClientProtocolClient.java:onNext(255)) - client-FF34D2C67AC5->3258574c-39ac-4ed5-9145-ea59a337c299: receive RaftClientReply:client-FF34D2C67AC5->3258574c-39ac-4ed5-9145-ea59a337c299@group-6C7D867BDA6A, cid=4238, SUCCESS, logIndex=5928, commits[3258574c-39ac-4ed5-9145-ea59a337c299:c5928]
2019-09-02 06:30:55,014 [grpc-default-executor-1] INFO  client.GrpcClientProtocolClient (GrpcClientProtocolClient.java:onNext(255)) - client-FF34D2C67AC5->3258574c-39ac-4ed5-9145-ea59a337c299: receive RaftClientReply:client-FF34D2C67AC5->3258574c-39ac-4ed5-9145-ea59a337c299@group-6C7D867BDA6A, cid=4239, SUCCESS, logIndex=5929, commits[3258574c-39ac-4ed5-9145-ea59a337c299:c5930]
2019-09-02 06:30:55,014 [grpc-default-executor-1] INFO  client.GrpcClientProtocolClient (GrpcClientProtocolClient.java:onNext(255)) - client-FF34D2C67AC5->3258574c-39ac-4ed5-9145-ea59a337c299: receive RaftClientReply:client-FF34D2C67AC5->3258574c-39ac-4ed5-9145-ea59a337c299@group-6C7D867BDA6A, cid=4240, SUCCESS, logIndex=5930, commits[3258574c-39ac-4ed5-9145-ea59a337c299:c5930]
2019-09-02 06:30:55,052 [grpc-default-executor-0] INFO  client.GrpcClientProtocolClient (GrpcClientProtocolClient.java:onNext(255)) - client-FF34D2C67AC5->3258574c-39ac-4ed5-9145-ea59a337c299: receive RaftClientReply:client-FF34D2C67AC5->3258574c-39ac-4ed5-9145-ea59a337c299@group-6C7D867BDA6A, cid=4241, SUCCESS, logIndex=5933, commits[3258574c-39ac-4ed5-9145-ea59a337c299:c5934]
2019-09-02 06:30:55,053 [grpc-default-executor-0] INFO  client.GrpcClientProtocolClient (GrpcClientProtocolClient.java:onNext(255)) - client-FF34D2C67AC5->3258574c-39ac-4ed5-9145-ea59a337c299: receive RaftClientReply:client-FF34D2C67AC5->3258574c-39ac-4ed5-9145-ea59a337c299@group-6C7D867BDA6A, cid=4242, SUCCESS, logIndex=5934, commits[3258574c-39ac-4ed5-9145-ea59a337c299:c5934]
2019-09-02 06:30:55,054 [grpc-default-executor-0] INFO  client.GrpcClientProtocolClient (GrpcClientProtocolClient.java:onNext(255)) - client-FF34D2C67AC5->3258574c-39ac-4ed5-9145-ea59a337c299: receive RaftClientReply:client-FF34D2C67AC5->3258574c-39ac-4ed5-9145-ea59a337c299@group-6C7D867BDA6A, cid=4243, SUCCESS, logIndex=5935, commits[3258574c-39ac-4ed5-9145-ea59a337c299:c5936]
2019-09-02 06:30:55,054 [grpc-default-executor-0] INFO  client.GrpcClientProtocolClient (GrpcClientProtocolClient.java:onNext(255)) - client-FF34D2C67AC5->3258574c-39ac-4ed5-9145-ea59a337c299: receive RaftClientReply:client-FF34D2C67AC5->3258574c-39ac-4ed5-9145-ea59a337c299@group-6C7D867BDA6A, cid=4244, SUCCESS, logIndex=5936, commits[3258574c-39ac-4ed5-9145-ea59a337c299:c5936]
2019-09-02 06:30:55,096 [SCMBlockDeletingService#1] DEBUG block.SCMBlockDeletingService (SCMBlockDeletingService.java:call(138)) - Running DeletedBlockTransactionScanner
2019-09-02 06:30:55,097 [SCMBlockDeletingService#1] DEBUG block.SCMBlockDeletingService (SCMBlockDeletingService.java:call(155)) - Scanned deleted blocks log and got 0 delTX to process.
2019-09-02 06:30:55,197 [SCMBlockDeletingService#1] DEBUG block.SCMBlockDeletingService (SCMBlockDeletingService.java:call(138)) - Running DeletedBlockTransactionScanner
2019-09-02 06:30:55,197 [SCMBlockDeletingService#1] DEBUG block.SCMBlockDeletingService (SCMBlockDeletingService.java:call(155)) - Scanned deleted blocks log and got 0 delTX to process.
2019-09-02 06:30:55,361 [SCMBlockDeletingService#1] DEBUG block.SCMBlockDeletingService (SCMBlockDeletingService.java:call(138)) - Running DeletedBlockTransactionScanner
2019-09-02 06:30:55,361 [SCMBlockDeletingService#1] DEBUG block.SCMBlockDeletingService (SCMBlockDeletingService.java:call(155)) - Scanned deleted blocks log and got 0 delTX to process.
2019-09-02 06:30:55,379 [grpc-default-executor-1] INFO  client.GrpcClientProtocolClient (GrpcClientProtocolClient.java:onNext(255)) - client-FF34D2C67AC5->3258574c-39ac-4ed5-9145-ea59a337c299: receive RaftClientReply:client-FF34D2C67AC5->3258574c-39ac-4ed5-9145-ea59a337c299@group-6C7D867BDA6A, cid=4245, SUCCESS, logIndex=5939, commits[3258574c-39ac-4ed5-9145-ea59a337c299:c5942]
2019-09-02 06:30:55,379 [grpc-default-executor-1] INFO  client.GrpcClientProtocolClient (GrpcClientProtocolClient.java:onNext(255)) - client-FF34D2C67AC5->3258574c-39ac-4ed5-9145-ea59a337c299: receive RaftClientReply:client-FF34D2C67AC5->3258574c-39ac-4ed5-9145-ea59a337c299@group-6C7D867BDA6A, cid=4246, SUCCESS, logIndex=5940, commits[3258574c-39ac-4ed5-9145-ea59a337c299:c5942]
2019-09-02 06:30:55,380 [grpc-default-executor-1] INFO  client.GrpcClientProtocolClient (GrpcClientProtocolClient.java:onNext(255)) - client-FF34D2C67AC5->3258574c-39ac-4ed5-9145-ea59a337c299: receive RaftClientReply:client-FF34D2C67AC5->3258574c-39ac-4ed5-9145-ea59a337c299@group-6C7D867BDA6A, cid=4247, SUCCESS, logIndex=5941, commits[3258574c-39ac-4ed5-9145-ea59a337c299:c5942]
2019-09-02 06:30:55,380 [grpc-default-executor-1] INFO  client.GrpcClientProtocolClient (GrpcClientProtocolClient.java:onNext(255)) - client-FF34D2C67AC5->3258574c-39ac-4ed5-9145-ea59a337c299: receive RaftClientReply:client-FF34D2C67AC5->3258574c-39ac-4ed5-9145-ea59a337c299@group-6C7D867BDA6A, cid=4248, SUCCESS, logIndex=5942, commits[3258574c-39ac-4ed5-9145-ea59a337c299:c5942]
2019-09-02 06:30:55,420 [grpc-default-executor-0] INFO  client.GrpcClientProtocolClient (GrpcClientProtocolClient.java:onNext(255)) - client-FF34D2C67AC5->3258574c-39ac-4ed5-9145-ea59a337c299: receive RaftClientReply:client-FF34D2C67AC5->3258574c-39ac-4ed5-9145-ea59a337c299@group-6C7D867BDA6A, cid=4249, SUCCESS, logIndex=5944, commits[3258574c-39ac-4ed5-9145-ea59a337c299:c5947]
2019-09-02 06:30:55,421 [grpc-default-executor-0] INFO  client.GrpcClientProtocolClient (GrpcClientProtocolClient.java:onNext(255)) - client-FF34D2C67AC5->3258574c-39ac-4ed5-9145-ea59a337c299: receive RaftClientReply:client-FF34D2C67AC5->3258574c-39ac-4ed5-9145-ea59a337c299@group-6C7D867BDA6A, cid=4250, SUCCESS, logIndex=5945, commits[3258574c-39ac-4ed5-9145-ea59a337c299:c5947]
2019-09-02 06:30:55,421 [grpc-default-executor-0] INFO  client.GrpcClientProtocolClient (GrpcClientProtocolClient.java:onNext(255)) - client-FF34D2C67AC5->3258574c-39ac-4ed5-9145-ea59a337c299: receive RaftClientReply:client-FF34D2C67AC5->3258574c-39ac-4ed5-9145-ea59a337c299@group-6C7D867BDA6A, cid=4251, SUCCESS, logIndex=5946, commits[3258574c-39ac-4ed5-9145-ea59a337c299:c5947]
2019-09-02 06:30:55,421 [grpc-default-executor-0] INFO  client.GrpcClientProtocolClient (GrpcClientProtocolClient.java:onNext(255)) - client-FF34D2C67AC5->3258574c-39ac-4ed5-9145-ea59a337c299: receive RaftClientReply:client-FF34D2C67AC5->3258574c-39ac-4ed5-9145-ea59a337c299@group-6C7D867BDA6A, cid=4252, SUCCESS, logIndex=5947, commits[3258574c-39ac-4ed5-9145-ea59a337c299:c5948]
2019-09-02 06:30:55,442 [grpc-default-executor-1] INFO  client.GrpcClientProtocolClient (GrpcClientProtocolClient.java:onNext(255)) - client-FF34D2C67AC5->3258574c-39ac-4ed5-9145-ea59a337c299: receive RaftClientReply:client-FF34D2C67AC5->3258574c-39ac-4ed5-9145-ea59a337c299@group-6C7D867BDA6A, cid=4253, SUCCESS, logIndex=5949, commits[3258574c-39ac-4ed5-9145-ea59a337c299:c5950]
2019-09-02 06:30:55,442 [grpc-default-executor-1] INFO  client.GrpcClientProtocolClient (GrpcClientProtocolClient.java:onNext(255)) - client-FF34D2C67AC5->3258574c-39ac-4ed5-9145-ea59a337c299: receive RaftClientReply:client-FF34D2C67AC5->3258574c-39ac-4ed5-9145-ea59a337c299@group-6C7D867BDA6A, cid=4254, SUCCESS, logIndex=5950, commits[3258574c-39ac-4ed5-9145-ea59a337c299:c5952]
2019-09-02 06:30:55,443 [grpc-default-executor-1] INFO  client.GrpcClientProtocolClient (GrpcClientProtocolClient.java:onNext(255)) - client-FF34D2C67AC5->3258574c-39ac-4ed5-9145-ea59a337c299: receive RaftClientReply:client-FF34D2C67AC5->3258574c-39ac-4ed5-9145-ea59a337c299@group-6C7D867BDA6A, cid=4255, SUCCESS, logIndex=5951, commits[3258574c-39ac-4ed5-9145-ea59a337c299:c5953]
2019-09-02 06:30:55,443 [grpc-default-executor-1] INFO  client.GrpcClientProtocolClient (GrpcClientProtocolClient.java:onNext(255)) - client-FF34D2C67AC5->3258574c-39ac-4ed5-9145-ea59a337c299: receive RaftClientReply:client-FF34D2C67AC5->3258574c-39ac-4ed5-9145-ea59a337c299@group-6C7D867BDA6A, cid=4256, SUCCESS, logIndex=5952, commits[3258574c-39ac-4ed5-9145-ea59a337c299:c5953]
2019-09-02 06:30:55,462 [SCMBlockDeletingService#1] DEBUG block.SCMBlockDeletingService (SCMBlockDeletingService.java:call(138)) - Running DeletedBlockTransactionScanner
2019-09-02 06:30:55,462 [SCMBlockDeletingService#1] DEBUG block.SCMBlockDeletingService (SCMBlockDeletingService.java:call(155)) - Scanned deleted blocks log and got 0 delTX to process.
2019-09-02 06:30:55,477 [grpc-default-executor-1] INFO  client.GrpcClientProtocolClient (GrpcClientProtocolClient.java:onNext(255)) - client-FF34D2C67AC5->3258574c-39ac-4ed5-9145-ea59a337c299: receive RaftClientReply:client-FF34D2C67AC5->3258574c-39ac-4ed5-9145-ea59a337c299@group-6C7D867BDA6A, cid=4257, SUCCESS, logIndex=5955, commits[3258574c-39ac-4ed5-9145-ea59a337c299:c5956]
2019-09-02 06:30:55,478 [grpc-default-executor-1] INFO  client.GrpcClientProtocolClient (GrpcClientProtocolClient.java:onNext(255)) - client-FF34D2C67AC5->3258574c-39ac-4ed5-9145-ea59a337c299: receive RaftClientReply:client-FF34D2C67AC5->3258574c-39ac-4ed5-9145-ea59a337c299@group-6C7D867BDA6A, cid=4258, SUCCESS, logIndex=5956, commits[3258574c-39ac-4ed5-9145-ea59a337c299:c5956]
2019-09-02 06:30:55,479 [grpc-default-executor-1] INFO  client.GrpcClientProtocolClient (GrpcClientProtocolClient.java:onNext(255)) - client-FF34D2C67AC5->3258574c-39ac-4ed5-9145-ea59a337c299: receive RaftClientReply:client-FF34D2C67AC5->3258574c-39ac-4ed5-9145-ea59a337c299@group-6C7D867BDA6A, cid=4259, SUCCESS, logIndex=5957, commits[3258574c-39ac-4ed5-9145-ea59a337c299:c5958]
2019-09-02 06:30:55,479 [grpc-default-executor-1] INFO  client.GrpcClientProtocolClient (GrpcClientProtocolClient.java:onNext(255)) - client-FF34D2C67AC5->3258574c-39ac-4ed5-9145-ea59a337c299: receive RaftClientReply:client-FF34D2C67AC5->3258574c-39ac-4ed5-9145-ea59a337c299@group-6C7D867BDA6A, cid=4260, SUCCESS, logIndex=5958, commits[3258574c-39ac-4ed5-9145-ea59a337c299:c5958]
2019-09-02 06:30:55,501 [grpc-default-executor-1] INFO  client.GrpcClientProtocolClient (GrpcClientProtocolClient.java:onNext(255)) - client-FF34D2C67AC5->3258574c-39ac-4ed5-9145-ea59a337c299: receive RaftClientReply:client-FF34D2C67AC5->3258574c-39ac-4ed5-9145-ea59a337c299@group-6C7D867BDA6A, cid=4261, SUCCESS, logIndex=5961, commits[3258574c-39ac-4ed5-9145-ea59a337c299:c5964]
2019-09-02 06:30:55,502 [grpc-default-executor-1] INFO  client.GrpcClientProtocolClient (GrpcClientProtocolClient.java:onNext(255)) - client-FF34D2C67AC5->3258574c-39ac-4ed5-9145-ea59a337c299: receive RaftClientReply:client-FF34D2C67AC5->3258574c-39ac-4ed5-9145-ea59a337c299@group-6C7D867BDA6A, cid=4262, SUCCESS, logIndex=5962, commits[3258574c-39ac-4ed5-9145-ea59a337c299:c5964]
2019-09-02 06:30:55,502 [grpc-default-executor-1] INFO  client.GrpcClientProtocolClient (GrpcClientProtocolClient.java:onNext(255)) - client-FF34D2C67AC5->3258574c-39ac-4ed5-9145-ea59a337c299: receive RaftClientReply:client-FF34D2C67AC5->3258574c-39ac-4ed5-9145-ea59a337c299@group-6C7D867BDA6A, cid=4263, SUCCESS, logIndex=5963, commits[3258574c-39ac-4ed5-9145-ea59a337c299:c5965]
2019-09-02 06:30:55,502 [grpc-default-executor-1] INFO  client.GrpcClientProtocolClient (GrpcClientProtocolClient.java:onNext(255)) - client-FF34D2C67AC5->3258574c-39ac-4ed5-9145-ea59a337c299: receive RaftClientReply:client-FF34D2C67AC5->3258574c-39ac-4ed5-9145-ea59a337c299@group-6C7D867BDA6A, cid=4264, SUCCESS, logIndex=5964, commits[3258574c-39ac-4ed5-9145-ea59a337c299:c5965]
2019-09-02 06:30:55,535 [grpc-default-executor-1] INFO  client.GrpcClientProtocolClient (GrpcClientProtocolClient.java:onNext(255)) - client-FF34D2C67AC5->3258574c-39ac-4ed5-9145-ea59a337c299: receive RaftClientReply:client-FF34D2C67AC5->3258574c-39ac-4ed5-9145-ea59a337c299@group-6C7D867BDA6A, cid=4265, SUCCESS, logIndex=5966, commits[3258574c-39ac-4ed5-9145-ea59a337c299:c5969]
2019-09-02 06:30:55,535 [grpc-default-executor-1] INFO  client.GrpcClientProtocolClient (GrpcClientProtocolClient.java:onNext(255)) - client-FF34D2C67AC5->3258574c-39ac-4ed5-9145-ea59a337c299: receive RaftClientReply:client-FF34D2C67AC5->3258574c-39ac-4ed5-9145-ea59a337c299@group-6C7D867BDA6A, cid=4266, SUCCESS, logIndex=5967, commits[3258574c-39ac-4ed5-9145-ea59a337c299:c5970]
2019-09-02 06:30:55,536 [grpc-default-executor-1] INFO  client.GrpcClientProtocolClient (GrpcClientProtocolClient.java:onNext(255)) - client-FF34D2C67AC5->3258574c-39ac-4ed5-9145-ea59a337c299: receive RaftClientReply:client-FF34D2C67AC5->3258574c-39ac-4ed5-9145-ea59a337c299@group-6C7D867BDA6A, cid=4267, SUCCESS, logIndex=5968, commits[3258574c-39ac-4ed5-9145-ea59a337c299:c5970]
2019-09-02 06:30:55,536 [grpc-default-executor-1] INFO  client.GrpcClientProtocolClient (GrpcClientProtocolClient.java:onNext(255)) - client-FF34D2C67AC5->3258574c-39ac-4ed5-9145-ea59a337c299: receive RaftClientReply:client-FF34D2C67AC5->3258574c-39ac-4ed5-9145-ea59a337c299@group-6C7D867BDA6A, cid=4268, SUCCESS, logIndex=5969, commits[3258574c-39ac-4ed5-9145-ea59a337c299:c5970]
2019-09-02 06:30:55,558 [grpc-default-executor-0] INFO  client.GrpcClientProtocolClient (GrpcClientProtocolClient.java:onNext(255)) - client-FF34D2C67AC5->3258574c-39ac-4ed5-9145-ea59a337c299: receive RaftClientReply:client-FF34D2C67AC5->3258574c-39ac-4ed5-9145-ea59a337c299@group-6C7D867BDA6A, cid=4269, SUCCESS, logIndex=5971, commits[3258574c-39ac-4ed5-9145-ea59a337c299:c5974]
2019-09-02 06:30:55,559 [grpc-default-executor-0] INFO  client.GrpcClientProtocolClient (GrpcClientProtocolClient.java:onNext(255)) - client-FF34D2C67AC5->3258574c-39ac-4ed5-9145-ea59a337c299: receive RaftClientReply:client-FF34D2C67AC5->3258574c-39ac-4ed5-9145-ea59a337c299@group-6C7D867BDA6A, cid=4270, SUCCESS, logIndex=5972, commits[3258574c-39ac-4ed5-9145-ea59a337c299:c5975]
2019-09-02 06:30:55,559 [grpc-default-executor-0] INFO  client.GrpcClientProtocolClient (GrpcClientProtocolClient.java:onNext(255)) - client-FF34D2C67AC5->3258574c-39ac-4ed5-9145-ea59a337c299: receive RaftClientReply:client-FF34D2C67AC5->3258574c-39ac-4ed5-9145-ea59a337c299@group-6C7D867BDA6A, cid=4271, SUCCESS, logIndex=5973, commits[3258574c-39ac-4ed5-9145-ea59a337c299:c5975]
2019-09-02 06:30:55,559 [grpc-default-executor-0] INFO  client.GrpcClientProtocolClient (GrpcClientProtocolClient.java:onNext(255)) - client-FF34D2C67AC5->3258574c-39ac-4ed5-9145-ea59a337c299: receive RaftClientReply:client-FF34D2C67AC5->3258574c-39ac-4ed5-9145-ea59a337c299@group-6C7D867BDA6A, cid=4272, SUCCESS, logIndex=5974, commits[3258574c-39ac-4ed5-9145-ea59a337c299:c5975]
2019-09-02 06:30:55,562 [SCMBlockDeletingService#1] DEBUG block.SCMBlockDeletingService (SCMBlockDeletingService.java:call(138)) - Running DeletedBlockTransactionScanner
2019-09-02 06:30:55,563 [SCMBlockDeletingService#1] DEBUG block.SCMBlockDeletingService (SCMBlockDeletingService.java:call(155)) - Scanned deleted blocks log and got 0 delTX to process.
2019-09-02 06:30:55,598 [grpc-default-executor-0] INFO  client.GrpcClientProtocolClient (GrpcClientProtocolClient.java:onNext(255)) - client-FF34D2C67AC5->3258574c-39ac-4ed5-9145-ea59a337c299: receive RaftClientReply:client-FF34D2C67AC5->3258574c-39ac-4ed5-9145-ea59a337c299@group-6C7D867BDA6A, cid=4273, SUCCESS, logIndex=5976, commits[3258574c-39ac-4ed5-9145-ea59a337c299:c5979]
2019-09-02 06:30:55,599 [grpc-default-executor-0] INFO  client.GrpcClientProtocolClient (GrpcClientProtocolClient.java:onNext(255)) - client-FF34D2C67AC5->3258574c-39ac-4ed5-9145-ea59a337c299: receive RaftClientReply:client-FF34D2C67AC5->3258574c-39ac-4ed5-9145-ea59a337c299@group-6C7D867BDA6A, cid=4274, SUCCESS, logIndex=5977, commits[3258574c-39ac-4ed5-9145-ea59a337c299:c5979]
2019-09-02 06:30:55,599 [grpc-default-executor-0] INFO  client.GrpcClientProtocolClient (GrpcClientProtocolClient.java:onNext(255)) - client-FF34D2C67AC5->3258574c-39ac-4ed5-9145-ea59a337c299: receive RaftClientReply:client-FF34D2C67AC5->3258574c-39ac-4ed5-9145-ea59a337c299@group-6C7D867BDA6A, cid=4275, SUCCESS, logIndex=5978, commits[3258574c-39ac-4ed5-9145-ea59a337c299:c5979]
2019-09-02 06:30:55,599 [grpc-default-executor-0] INFO  client.GrpcClientProtocolClient (GrpcClientProtocolClient.java:onNext(255)) - client-FF34D2C67AC5->3258574c-39ac-4ed5-9145-ea59a337c299: receive RaftClientReply:client-FF34D2C67AC5->3258574c-39ac-4ed5-9145-ea59a337c299@group-6C7D867BDA6A, cid=4276, SUCCESS, logIndex=5979, commits[3258574c-39ac-4ed5-9145-ea59a337c299:c5979]
2019-09-02 06:30:55,622 [grpc-default-executor-0] INFO  client.GrpcClientProtocolClient (GrpcClientProtocolClient.java:onNext(255)) - client-FF34D2C67AC5->3258574c-39ac-4ed5-9145-ea59a337c299: receive RaftClientReply:client-FF34D2C67AC5->3258574c-39ac-4ed5-9145-ea59a337c299@group-6C7D867BDA6A, cid=4277, SUCCESS, logIndex=5981, commits[3258574c-39ac-4ed5-9145-ea59a337c299:c5984]
2019-09-02 06:30:55,622 [grpc-default-executor-0] INFO  client.GrpcClientProtocolClient (GrpcClientProtocolClient.java:onNext(255)) - client-FF34D2C67AC5->3258574c-39ac-4ed5-9145-ea59a337c299: receive RaftClientReply:client-FF34D2C67AC5->3258574c-39ac-4ed5-9145-ea59a337c299@group-6C7D867BDA6A, cid=4278, SUCCESS, logIndex=5982, commits[3258574c-39ac-4ed5-9145-ea59a337c299:c5985]
2019-09-02 06:30:55,623 [grpc-default-executor-0] INFO  client.GrpcClientProtocolClient (GrpcClientProtocolClient.java:onNext(255)) - client-FF34D2C67AC5->3258574c-39ac-4ed5-9145-ea59a337c299: receive RaftClientReply:client-FF34D2C67AC5->3258574c-39ac-4ed5-9145-ea59a337c299@group-6C7D867BDA6A, cid=4279, SUCCESS, logIndex=5983, commits[3258574c-39ac-4ed5-9145-ea59a337c299:c5985]
2019-09-02 06:30:55,623 [grpc-default-executor-0] INFO  client.GrpcClientProtocolClient (GrpcClientProtocolClient.java:onNext(255)) - client-FF34D2C67AC5->3258574c-39ac-4ed5-9145-ea59a337c299: receive RaftClientReply:client-FF34D2C67AC5->3258574c-39ac-4ed5-9145-ea59a337c299@group-6C7D867BDA6A, cid=4280, SUCCESS, logIndex=5984, commits[3258574c-39ac-4ed5-9145-ea59a337c299:c5985]
2019-09-02 06:30:55,663 [SCMBlockDeletingService#1] DEBUG block.SCMBlockDeletingService (SCMBlockDeletingService.java:call(138)) - Running DeletedBlockTransactionScanner
2019-09-02 06:30:55,663 [SCMBlockDeletingService#1] DEBUG block.SCMBlockDeletingService (SCMBlockDeletingService.java:call(155)) - Scanned deleted blocks log and got 0 delTX to process.
2019-09-02 06:30:55,670 [grpc-default-executor-0] INFO  client.GrpcClientProtocolClient (GrpcClientProtocolClient.java:onNext(255)) - client-FF34D2C67AC5->3258574c-39ac-4ed5-9145-ea59a337c299: receive RaftClientReply:client-FF34D2C67AC5->3258574c-39ac-4ed5-9145-ea59a337c299@group-6C7D867BDA6A, cid=4281, SUCCESS, logIndex=5986, commits[3258574c-39ac-4ed5-9145-ea59a337c299:c5987]
2019-09-02 06:30:55,670 [grpc-default-executor-0] INFO  client.GrpcClientProtocolClient (GrpcClientProtocolClient.java:onNext(255)) - client-FF34D2C67AC5->3258574c-39ac-4ed5-9145-ea59a337c299: receive RaftClientReply:client-FF34D2C67AC5->3258574c-39ac-4ed5-9145-ea59a337c299@group-6C7D867BDA6A, cid=4282, SUCCESS, logIndex=5987, commits[3258574c-39ac-4ed5-9145-ea59a337c299:c5987]
2019-09-02 06:30:55,672 [grpc-default-executor-0] INFO  client.GrpcClientProtocolClient (GrpcClientProtocolClient.java:onNext(255)) - client-FF34D2C67AC5->3258574c-39ac-4ed5-9145-ea59a337c299: receive RaftClientReply:client-FF34D2C67AC5->3258574c-39ac-4ed5-9145-ea59a337c299@group-6C7D867BDA6A, cid=4283, SUCCESS, logIndex=5988, commits[3258574c-39ac-4ed5-9145-ea59a337c299:c5989]
2019-09-02 06:30:55,672 [grpc-default-executor-0] INFO  client.GrpcClientProtocolClient (GrpcClientProtocolClient.java:onNext(255)) - client-FF34D2C67AC5->3258574c-39ac-4ed5-9145-ea59a337c299: receive RaftClientReply:client-FF34D2C67AC5->3258574c-39ac-4ed5-9145-ea59a337c299@group-6C7D867BDA6A, cid=4284, SUCCESS, logIndex=5989, commits[3258574c-39ac-4ed5-9145-ea59a337c299:c5989]
2019-09-02 06:30:55,695 [grpc-default-executor-0] INFO  client.GrpcClientProtocolClient (GrpcClientProtocolClient.java:onNext(255)) - client-FF34D2C67AC5->3258574c-39ac-4ed5-9145-ea59a337c299: receive RaftClientReply:client-FF34D2C67AC5->3258574c-39ac-4ed5-9145-ea59a337c299@group-6C7D867BDA6A, cid=4285, SUCCESS, logIndex=5992, commits[3258574c-39ac-4ed5-9145-ea59a337c299:c5995]
2019-09-02 06:30:55,696 [grpc-default-executor-0] INFO  client.GrpcClientProtocolClient (GrpcClientProtocolClient.java:onNext(255)) - client-FF34D2C67AC5->3258574c-39ac-4ed5-9145-ea59a337c299: receive RaftClientReply:client-FF34D2C67AC5->3258574c-39ac-4ed5-9145-ea59a337c299@group-6C7D867BDA6A, cid=4286, SUCCESS, logIndex=5993, commits[3258574c-39ac-4ed5-9145-ea59a337c299:c5995]
2019-09-02 06:30:55,696 [grpc-default-executor-0] INFO  client.GrpcClientProtocolClient (GrpcClientProtocolClient.java:onNext(255)) - client-FF34D2C67AC5->3258574c-39ac-4ed5-9145-ea59a337c299: receive RaftClientReply:client-FF34D2C67AC5->3258574c-39ac-4ed5-9145-ea59a337c299@group-6C7D867BDA6A, cid=4287, SUCCESS, logIndex=5994, commits[3258574c-39ac-4ed5-9145-ea59a337c299:c5995]
2019-09-02 06:30:55,696 [grpc-default-executor-0] INFO  client.GrpcClientProtocolClient (GrpcClientProtocolClient.java:onNext(255)) - client-FF34D2C67AC5->3258574c-39ac-4ed5-9145-ea59a337c299: receive RaftClientReply:client-FF34D2C67AC5->3258574c-39ac-4ed5-9145-ea59a337c299@group-6C7D867BDA6A, cid=4288, SUCCESS, logIndex=5995, commits[3258574c-39ac-4ed5-9145-ea59a337c299:c5995]
2019-09-02 06:30:55,763 [SCMBlockDeletingService#1] DEBUG block.SCMBlockDeletingService (SCMBlockDeletingService.java:call(138)) - Running DeletedBlockTransactionScanner
2019-09-02 06:30:55,764 [SCMBlockDeletingService#1] DEBUG block.SCMBlockDeletingService (SCMBlockDeletingService.java:call(155)) - Scanned deleted blocks log and got 0 delTX to process.
2019-09-02 06:30:55,841 [grpc-default-executor-1] INFO  client.GrpcClientProtocolClient (GrpcClientProtocolClient.java:onNext(255)) - client-FF34D2C67AC5->3258574c-39ac-4ed5-9145-ea59a337c299: receive RaftClientReply:client-FF34D2C67AC5->3258574c-39ac-4ed5-9145-ea59a337c299@group-6C7D867BDA6A, cid=4289, SUCCESS, logIndex=5997, commits[3258574c-39ac-4ed5-9145-ea59a337c299:c6000]
2019-09-02 06:30:55,842 [grpc-default-executor-1] INFO  client.GrpcClientProtocolClient (GrpcClientProtocolClient.java:onNext(255)) - client-FF34D2C67AC5->3258574c-39ac-4ed5-9145-ea59a337c299: receive RaftClientReply:client-FF34D2C67AC5->3258574c-39ac-4ed5-9145-ea59a337c299@group-6C7D867BDA6A, cid=4290, SUCCESS, logIndex=5998, commits[3258574c-39ac-4ed5-9145-ea59a337c299:c6000]
2019-09-02 06:30:55,842 [grpc-default-executor-1] INFO  client.GrpcClientProtocolClient (GrpcClientProtocolClient.java:onNext(255)) - client-FF34D2C67AC5->3258574c-39ac-4ed5-9145-ea59a337c299: receive RaftClientReply:client-FF34D2C67AC5->3258574c-39ac-4ed5-9145-ea59a337c299@group-6C7D867BDA6A, cid=4291, SUCCESS, logIndex=5999, commits[3258574c-39ac-4ed5-9145-ea59a337c299:c6000]
2019-09-02 06:30:55,843 [grpc-default-executor-1] INFO  client.GrpcClientProtocolClient (GrpcClientProtocolClient.java:onNext(255)) - client-FF34D2C67AC5->3258574c-39ac-4ed5-9145-ea59a337c299: receive RaftClientReply:client-FF34D2C67AC5->3258574c-39ac-4ed5-9145-ea59a337c299@group-6C7D867BDA6A, cid=4292, SUCCESS, logIndex=6000, commits[3258574c-39ac-4ed5-9145-ea59a337c299:c6000]
2019-09-02 06:30:55,864 [SCMBlockDeletingService#1] DEBUG block.SCMBlockDeletingService (SCMBlockDeletingService.java:call(138)) - Running DeletedBlockTransactionScanner
2019-09-02 06:30:55,864 [SCMBlockDeletingService#1] DEBUG block.SCMBlockDeletingService (SCMBlockDeletingService.java:call(155)) - Scanned deleted blocks log and got 0 delTX to process.
2019-09-02 06:30:55,965 [SCMBlockDeletingService#0] DEBUG block.SCMBlockDeletingService (SCMBlockDeletingService.java:call(138)) - Running DeletedBlockTransactionScanner
2019-09-02 06:30:55,965 [SCMBlockDeletingService#0] DEBUG block.SCMBlockDeletingService (SCMBlockDeletingService.java:call(155)) - Scanned deleted blocks log and got 0 delTX to process.
2019-09-02 06:30:56,065 [SCMBlockDeletingService#0] DEBUG block.SCMBlockDeletingService (SCMBlockDeletingService.java:call(138)) - Running DeletedBlockTransactionScanner
2019-09-02 06:30:56,066 [SCMBlockDeletingService#0] DEBUG block.SCMBlockDeletingService (SCMBlockDeletingService.java:call(155)) - Scanned deleted blocks log and got 0 delTX to process.
2019-09-02 06:30:56,166 [SCMBlockDeletingService#0] DEBUG block.SCMBlockDeletingService (SCMBlockDeletingService.java:call(138)) - Running DeletedBlockTransactionScanner
2019-09-02 06:30:56,166 [SCMBlockDeletingService#0] DEBUG block.SCMBlockDeletingService (SCMBlockDeletingService.java:call(155)) - Scanned deleted blocks log and got 0 delTX to process.
2019-09-02 06:30:56,260 [grpc-default-executor-1] INFO  client.GrpcClientProtocolClient (GrpcClientProtocolClient.java:onNext(255)) - client-FF34D2C67AC5->3258574c-39ac-4ed5-9145-ea59a337c299: receive RaftClientReply:client-FF34D2C67AC5->3258574c-39ac-4ed5-9145-ea59a337c299@group-6C7D867BDA6A, cid=4293, SUCCESS, logIndex=6002, commits[3258574c-39ac-4ed5-9145-ea59a337c299:c6005]
2019-09-02 06:30:56,260 [grpc-default-executor-1] INFO  client.GrpcClientProtocolClient (GrpcClientProtocolClient.java:onNext(255)) - client-FF34D2C67AC5->3258574c-39ac-4ed5-9145-ea59a337c299: receive RaftClientReply:client-FF34D2C67AC5->3258574c-39ac-4ed5-9145-ea59a337c299@group-6C7D867BDA6A, cid=4294, SUCCESS, logIndex=6003, commits[3258574c-39ac-4ed5-9145-ea59a337c299:c6005]
2019-09-02 06:30:56,260 [grpc-default-executor-1] INFO  client.GrpcClientProtocolClient (GrpcClientProtocolClient.java:onNext(255)) - client-FF34D2C67AC5->3258574c-39ac-4ed5-9145-ea59a337c299: receive RaftClientReply:client-FF34D2C67AC5->3258574c-39ac-4ed5-9145-ea59a337c299@group-6C7D867BDA6A, cid=4295, SUCCESS, logIndex=6004, commits[3258574c-39ac-4ed5-9145-ea59a337c299:c6005]
2019-09-02 06:30:56,261 [grpc-default-executor-1] INFO  client.GrpcClientProtocolClient (GrpcClientProtocolClient.java:onNext(255)) - client-FF34D2C67AC5->3258574c-39ac-4ed5-9145-ea59a337c299: receive RaftClientReply:client-FF34D2C67AC5->3258574c-39ac-4ed5-9145-ea59a337c299@group-6C7D867BDA6A, cid=4296, SUCCESS, logIndex=6005, commits[3258574c-39ac-4ed5-9145-ea59a337c299:c6005]
2019-09-02 06:30:56,267 [SCMBlockDeletingService#0] DEBUG block.SCMBlockDeletingService (SCMBlockDeletingService.java:call(138)) - Running DeletedBlockTransactionScanner
2019-09-02 06:30:56,267 [SCMBlockDeletingService#0] DEBUG block.SCMBlockDeletingService (SCMBlockDeletingService.java:call(155)) - Scanned deleted blocks log and got 0 delTX to process.
2019-09-02 06:30:56,367 [SCMBlockDeletingService#0] DEBUG block.SCMBlockDeletingService (SCMBlockDeletingService.java:call(138)) - Running DeletedBlockTransactionScanner
2019-09-02 06:30:56,368 [SCMBlockDeletingService#0] DEBUG block.SCMBlockDeletingService (SCMBlockDeletingService.java:call(155)) - Scanned deleted blocks log and got 0 delTX to process.
2019-09-02 06:30:56,468 [SCMBlockDeletingService#0] DEBUG block.SCMBlockDeletingService (SCMBlockDeletingService.java:call(138)) - Running DeletedBlockTransactionScanner
2019-09-02 06:30:56,468 [SCMBlockDeletingService#0] DEBUG block.SCMBlockDeletingService (SCMBlockDeletingService.java:call(155)) - Scanned deleted blocks log and got 0 delTX to process.
2019-09-02 06:30:56,569 [SCMBlockDeletingService#0] DEBUG block.SCMBlockDeletingService (SCMBlockDeletingService.java:call(138)) - Running DeletedBlockTransactionScanner
2019-09-02 06:30:56,569 [SCMBlockDeletingService#0] DEBUG block.SCMBlockDeletingService (SCMBlockDeletingService.java:call(155)) - Scanned deleted blocks log and got 0 delTX to process.
2019-09-02 06:30:56,669 [SCMBlockDeletingService#0] DEBUG block.SCMBlockDeletingService (SCMBlockDeletingService.java:call(138)) - Running DeletedBlockTransactionScanner
2019-09-02 06:30:56,669 [SCMBlockDeletingService#0] DEBUG block.SCMBlockDeletingService (SCMBlockDeletingService.java:call(155)) - Scanned deleted blocks log and got 0 delTX to process.
2019-09-02 06:30:56,770 [SCMBlockDeletingService#0] DEBUG block.SCMBlockDeletingService (SCMBlockDeletingService.java:call(138)) - Running DeletedBlockTransactionScanner
2019-09-02 06:30:56,770 [SCMBlockDeletingService#0] DEBUG block.SCMBlockDeletingService (SCMBlockDeletingService.java:call(155)) - Scanned deleted blocks log and got 0 delTX to process.
2019-09-02 06:30:56,782 [grpc-default-executor-0] INFO  client.GrpcClientProtocolClient (GrpcClientProtocolClient.java:onNext(255)) - client-FF34D2C67AC5->3258574c-39ac-4ed5-9145-ea59a337c299: receive RaftClientReply:client-FF34D2C67AC5->3258574c-39ac-4ed5-9145-ea59a337c299@group-6C7D867BDA6A, cid=4297, SUCCESS, logIndex=6007, commits[3258574c-39ac-4ed5-9145-ea59a337c299:c6010]
2019-09-02 06:30:56,783 [grpc-default-executor-0] INFO  client.GrpcClientProtocolClient (GrpcClientProtocolClient.java:onNext(255)) - client-FF34D2C67AC5->3258574c-39ac-4ed5-9145-ea59a337c299: receive RaftClientReply:client-FF34D2C67AC5->3258574c-39ac-4ed5-9145-ea59a337c299@group-6C7D867BDA6A, cid=4298, SUCCESS, logIndex=6008, commits[3258574c-39ac-4ed5-9145-ea59a337c299:c6010]
2019-09-02 06:30:56,783 [grpc-default-executor-0] INFO  client.GrpcClientProtocolClient (GrpcClientProtocolClient.java:onNext(255)) - client-FF34D2C67AC5->3258574c-39ac-4ed5-9145-ea59a337c299: receive RaftClientReply:client-FF34D2C67AC5->3258574c-39ac-4ed5-9145-ea59a337c299@group-6C7D867BDA6A, cid=4299, SUCCESS, logIndex=6009, commits[3258574c-39ac-4ed5-9145-ea59a337c299:c6010]
2019-09-02 06:30:56,783 [grpc-default-executor-0] INFO  client.GrpcClientProtocolClient (GrpcClientProtocolClient.java:onNext(255)) - client-FF34D2C67AC5->3258574c-39ac-4ed5-9145-ea59a337c299: receive RaftClientReply:client-FF34D2C67AC5->3258574c-39ac-4ed5-9145-ea59a337c299@group-6C7D867BDA6A, cid=4300, SUCCESS, logIndex=6010, commits[3258574c-39ac-4ed5-9145-ea59a337c299:c6010]
2019-09-02 06:30:56,870 [SCMBlockDeletingService#0] DEBUG block.SCMBlockDeletingService (SCMBlockDeletingService.java:call(138)) - Running DeletedBlockTransactionScanner
2019-09-02 06:30:56,871 [SCMBlockDeletingService#0] DEBUG block.SCMBlockDeletingService (SCMBlockDeletingService.java:call(155)) - Scanned deleted blocks log and got 0 delTX to process.
2019-09-02 06:30:56,971 [SCMBlockDeletingService#0] DEBUG block.SCMBlockDeletingService (SCMBlockDeletingService.java:call(138)) - Running DeletedBlockTransactionScanner
2019-09-02 06:30:56,971 [SCMBlockDeletingService#0] DEBUG block.SCMBlockDeletingService (SCMBlockDeletingService.java:call(155)) - Scanned deleted blocks log and got 0 delTX to process.
2019-09-02 06:30:57,072 [SCMBlockDeletingService#0] DEBUG block.SCMBlockDeletingService (SCMBlockDeletingService.java:call(138)) - Running DeletedBlockTransactionScanner
2019-09-02 06:30:57,072 [SCMBlockDeletingService#0] DEBUG block.SCMBlockDeletingService (SCMBlockDeletingService.java:call(155)) - Scanned deleted blocks log and got 0 delTX to process.
2019-09-02 06:30:57,172 [SCMBlockDeletingService#0] DEBUG block.SCMBlockDeletingService (SCMBlockDeletingService.java:call(138)) - Running DeletedBlockTransactionScanner
2019-09-02 06:30:57,173 [SCMBlockDeletingService#0] DEBUG block.SCMBlockDeletingService (SCMBlockDeletingService.java:call(155)) - Scanned deleted blocks log and got 0 delTX to process.
2019-09-02 06:30:57,273 [SCMBlockDeletingService#0] DEBUG block.SCMBlockDeletingService (SCMBlockDeletingService.java:call(138)) - Running DeletedBlockTransactionScanner
2019-09-02 06:30:57,273 [SCMBlockDeletingService#0] DEBUG block.SCMBlockDeletingService (SCMBlockDeletingService.java:call(155)) - Scanned deleted blocks log and got 0 delTX to process.
2019-09-02 06:30:57,373 [SCMBlockDeletingService#1] DEBUG block.SCMBlockDeletingService (SCMBlockDeletingService.java:call(138)) - Running DeletedBlockTransactionScanner
2019-09-02 06:30:57,374 [SCMBlockDeletingService#1] DEBUG block.SCMBlockDeletingService (SCMBlockDeletingService.java:call(155)) - Scanned deleted blocks log and got 0 delTX to process.
2019-09-02 06:30:57,474 [SCMBlockDeletingService#1] DEBUG block.SCMBlockDeletingService (SCMBlockDeletingService.java:call(138)) - Running DeletedBlockTransactionScanner
2019-09-02 06:30:57,475 [SCMBlockDeletingService#1] DEBUG block.SCMBlockDeletingService (SCMBlockDeletingService.java:call(155)) - Scanned deleted blocks log and got 0 delTX to process.
2019-09-02 06:30:57,575 [SCMBlockDeletingService#1] DEBUG block.SCMBlockDeletingService (SCMBlockDeletingService.java:call(138)) - Running DeletedBlockTransactionScanner
2019-09-02 06:30:57,575 [SCMBlockDeletingService#1] DEBUG block.SCMBlockDeletingService (SCMBlockDeletingService.java:call(155)) - Scanned deleted blocks log and got 0 delTX to process.
2019-09-02 06:30:57,675 [SCMBlockDeletingService#1] DEBUG block.SCMBlockDeletingService (SCMBlockDeletingService.java:call(138)) - Running DeletedBlockTransactionScanner
2019-09-02 06:30:57,676 [SCMBlockDeletingService#1] DEBUG block.SCMBlockDeletingService (SCMBlockDeletingService.java:call(155)) - Scanned deleted blocks log and got 0 delTX to process.
2019-09-02 06:30:57,776 [SCMBlockDeletingService#1] DEBUG block.SCMBlockDeletingService (SCMBlockDeletingService.java:call(138)) - Running DeletedBlockTransactionScanner
2019-09-02 06:30:57,776 [SCMBlockDeletingService#1] DEBUG block.SCMBlockDeletingService (SCMBlockDeletingService.java:call(155)) - Scanned deleted blocks log and got 0 delTX to process.
2019-09-02 06:30:57,877 [SCMBlockDeletingService#1] DEBUG block.SCMBlockDeletingService (SCMBlockDeletingService.java:call(138)) - Running DeletedBlockTransactionScanner
2019-09-02 06:30:57,877 [SCMBlockDeletingService#1] DEBUG block.SCMBlockDeletingService (SCMBlockDeletingService.java:call(155)) - Scanned deleted blocks log and got 0 delTX to process.
2019-09-02 06:30:57,970 [grpc-default-executor-0] INFO  client.GrpcClientProtocolClient (GrpcClientProtocolClient.java:onNext(255)) - client-FF34D2C67AC5->3258574c-39ac-4ed5-9145-ea59a337c299: receive RaftClientReply:client-FF34D2C67AC5->3258574c-39ac-4ed5-9145-ea59a337c299@group-6C7D867BDA6A, cid=4301, SUCCESS, logIndex=6012, commits[3258574c-39ac-4ed5-9145-ea59a337c299:c6016]
2019-09-02 06:30:57,971 [grpc-default-executor-0] INFO  client.GrpcClientProtocolClient (GrpcClientProtocolClient.java:onNext(255)) - client-FF34D2C67AC5->3258574c-39ac-4ed5-9145-ea59a337c299: receive RaftClientReply:client-FF34D2C67AC5->3258574c-39ac-4ed5-9145-ea59a337c299@group-6C7D867BDA6A, cid=4302, SUCCESS, logIndex=6013, commits[3258574c-39ac-4ed5-9145-ea59a337c299:c6016]
2019-09-02 06:30:57,971 [grpc-default-executor-0] INFO  client.GrpcClientProtocolClient (GrpcClientProtocolClient.java:onNext(255)) - client-FF34D2C67AC5->3258574c-39ac-4ed5-9145-ea59a337c299: receive RaftClientReply:client-FF34D2C67AC5->3258574c-39ac-4ed5-9145-ea59a337c299@group-6C7D867BDA6A, cid=4303, SUCCESS, logIndex=6014, commits[3258574c-39ac-4ed5-9145-ea59a337c299:c6016]
2019-09-02 06:30:57,972 [grpc-default-executor-0] INFO  client.GrpcClientProtocolClient (GrpcClientProtocolClient.java:onNext(255)) - client-FF34D2C67AC5->3258574c-39ac-4ed5-9145-ea59a337c299: receive RaftClientReply:client-FF34D2C67AC5->3258574c-39ac-4ed5-9145-ea59a337c299@group-6C7D867BDA6A, cid=4304, SUCCESS, logIndex=6015, commits[3258574c-39ac-4ed5-9145-ea59a337c299:c6016]
2019-09-02 06:30:57,977 [SCMBlockDeletingService#1] DEBUG block.SCMBlockDeletingService (SCMBlockDeletingService.java:call(138)) - Running DeletedBlockTransactionScanner
2019-09-02 06:30:57,977 [SCMBlockDeletingService#1] DEBUG block.SCMBlockDeletingService (SCMBlockDeletingService.java:call(155)) - Scanned deleted blocks log and got 0 delTX to process.
2019-09-02 06:30:57,998 [grpc-default-executor-0] INFO  client.GrpcClientProtocolClient (GrpcClientProtocolClient.java:onNext(255)) - client-FF34D2C67AC5->3258574c-39ac-4ed5-9145-ea59a337c299: receive RaftClientReply:client-FF34D2C67AC5->3258574c-39ac-4ed5-9145-ea59a337c299@group-6C7D867BDA6A, cid=4305, SUCCESS, logIndex=6017, commits[3258574c-39ac-4ed5-9145-ea59a337c299:c6020]
2019-09-02 06:30:57,999 [grpc-default-executor-0] INFO  client.GrpcClientProtocolClient (GrpcClientProtocolClient.java:onNext(255)) - client-FF34D2C67AC5->3258574c-39ac-4ed5-9145-ea59a337c299: receive RaftClientReply:client-FF34D2C67AC5->3258574c-39ac-4ed5-9145-ea59a337c299@group-6C7D867BDA6A, cid=4306, SUCCESS, logIndex=6018, commits[3258574c-39ac-4ed5-9145-ea59a337c299:c6021]
2019-09-02 06:30:57,999 [grpc-default-executor-0] INFO  client.GrpcClientProtocolClient (GrpcClientProtocolClient.java:onNext(255)) - client-FF34D2C67AC5->3258574c-39ac-4ed5-9145-ea59a337c299: receive RaftClientReply:client-FF34D2C67AC5->3258574c-39ac-4ed5-9145-ea59a337c299@group-6C7D867BDA6A, cid=4307, SUCCESS, logIndex=6019, commits[3258574c-39ac-4ed5-9145-ea59a337c299:c6021]
2019-09-02 06:30:57,999 [grpc-default-executor-0] INFO  client.GrpcClientProtocolClient (GrpcClientProtocolClient.java:onNext(255)) - client-FF34D2C67AC5->3258574c-39ac-4ed5-9145-ea59a337c299: receive RaftClientReply:client-FF34D2C67AC5->3258574c-39ac-4ed5-9145-ea59a337c299@group-6C7D867BDA6A, cid=4308, SUCCESS, logIndex=6020, commits[3258574c-39ac-4ed5-9145-ea59a337c299:c6021]
2019-09-02 06:30:58,020 [grpc-default-executor-1] INFO  client.GrpcClientProtocolClient (GrpcClientProtocolClient.java:onNext(255)) - client-FF34D2C67AC5->3258574c-39ac-4ed5-9145-ea59a337c299: receive RaftClientReply:client-FF34D2C67AC5->3258574c-39ac-4ed5-9145-ea59a337c299@group-6C7D867BDA6A, cid=4309, SUCCESS, logIndex=6022, commits[3258574c-39ac-4ed5-9145-ea59a337c299:c6023]
2019-09-02 06:30:58,020 [grpc-default-executor-1] INFO  client.GrpcClientProtocolClient (GrpcClientProtocolClient.java:onNext(255)) - client-FF34D2C67AC5->3258574c-39ac-4ed5-9145-ea59a337c299: receive RaftClientReply:client-FF34D2C67AC5->3258574c-39ac-4ed5-9145-ea59a337c299@group-6C7D867BDA6A, cid=4310, SUCCESS, logIndex=6023, commits[3258574c-39ac-4ed5-9145-ea59a337c299:c6025]
2019-09-02 06:30:58,020 [grpc-default-executor-1] INFO  client.GrpcClientProtocolClient (GrpcClientProtocolClient.java:onNext(255)) - client-FF34D2C67AC5->3258574c-39ac-4ed5-9145-ea59a337c299: receive RaftClientReply:client-FF34D2C67AC5->3258574c-39ac-4ed5-9145-ea59a337c299@group-6C7D867BDA6A, cid=4311, SUCCESS, logIndex=6024, commits[3258574c-39ac-4ed5-9145-ea59a337c299:c6025]
2019-09-02 06:30:58,021 [grpc-default-executor-1] INFO  client.GrpcClientProtocolClient (GrpcClientProtocolClient.java:onNext(255)) - client-FF34D2C67AC5->3258574c-39ac-4ed5-9145-ea59a337c299: receive RaftClientReply:client-FF34D2C67AC5->3258574c-39ac-4ed5-9145-ea59a337c299@group-6C7D867BDA6A, cid=4312, SUCCESS, logIndex=6025, commits[3258574c-39ac-4ed5-9145-ea59a337c299:c6025]
2019-09-02 06:30:58,042 [grpc-default-executor-1] INFO  client.GrpcClientProtocolClient (GrpcClientProtocolClient.java:onNext(255)) - client-FF34D2C67AC5->3258574c-39ac-4ed5-9145-ea59a337c299: receive RaftClientReply:client-FF34D2C67AC5->3258574c-39ac-4ed5-9145-ea59a337c299@group-6C7D867BDA6A, cid=4313, SUCCESS, logIndex=6028, commits[3258574c-39ac-4ed5-9145-ea59a337c299:c6029]
2019-09-02 06:30:58,043 [grpc-default-executor-1] INFO  client.GrpcClientProtocolClient (GrpcClientProtocolClient.java:onNext(255)) - client-FF34D2C67AC5->3258574c-39ac-4ed5-9145-ea59a337c299: receive RaftClientReply:client-FF34D2C67AC5->3258574c-39ac-4ed5-9145-ea59a337c299@group-6C7D867BDA6A, cid=4314, SUCCESS, logIndex=6029, commits[3258574c-39ac-4ed5-9145-ea59a337c299:c6029]
2019-09-02 06:30:58,044 [grpc-default-executor-1] INFO  client.GrpcClientProtocolClient (GrpcClientProtocolClient.java:onNext(255)) - client-FF34D2C67AC5->3258574c-39ac-4ed5-9145-ea59a337c299: receive RaftClientReply:client-FF34D2C67AC5->3258574c-39ac-4ed5-9145-ea59a337c299@group-6C7D867BDA6A, cid=4315, SUCCESS, logIndex=6030, commits[3258574c-39ac-4ed5-9145-ea59a337c299:c6031]
2019-09-02 06:30:58,044 [grpc-default-executor-1] INFO  client.GrpcClientProtocolClient (GrpcClientProtocolClient.java:onNext(255)) - client-FF34D2C67AC5->3258574c-39ac-4ed5-9145-ea59a337c299: receive RaftClientReply:client-FF34D2C67AC5->3258574c-39ac-4ed5-9145-ea59a337c299@group-6C7D867BDA6A, cid=4316, SUCCESS, logIndex=6031, commits[3258574c-39ac-4ed5-9145-ea59a337c299:c6031]
2019-09-02 06:30:58,056 [grpc-default-executor-1] INFO  client.GrpcClientProtocolClient (GrpcClientProtocolClient.java:onNext(255)) - client-FF34D2C67AC5->3258574c-39ac-4ed5-9145-ea59a337c299: receive RaftClientReply:client-FF34D2C67AC5->3258574c-39ac-4ed5-9145-ea59a337c299@group-6C7D867BDA6A, cid=4317, SUCCESS, logIndex=6034, commits[3258574c-39ac-4ed5-9145-ea59a337c299:c6037]
2019-09-02 06:30:58,056 [grpc-default-executor-1] INFO  client.GrpcClientProtocolClient (GrpcClientProtocolClient.java:onNext(255)) - client-FF34D2C67AC5->3258574c-39ac-4ed5-9145-ea59a337c299: receive RaftClientReply:client-FF34D2C67AC5->3258574c-39ac-4ed5-9145-ea59a337c299@group-6C7D867BDA6A, cid=4318, SUCCESS, logIndex=6035, commits[3258574c-39ac-4ed5-9145-ea59a337c299:c6038]
2019-09-02 06:30:58,057 [grpc-default-executor-1] INFO  client.GrpcClientProtocolClient (GrpcClientProtocolClient.java:onNext(255)) - client-FF34D2C67AC5->3258574c-39ac-4ed5-9145-ea59a337c299: receive RaftClientReply:client-FF34D2C67AC5->3258574c-39ac-4ed5-9145-ea59a337c299@group-6C7D867BDA6A, cid=4319, SUCCESS, logIndex=6036, commits[3258574c-39ac-4ed5-9145-ea59a337c299:c6038]
2019-09-02 06:30:58,057 [grpc-default-executor-1] INFO  client.GrpcClientProtocolClient (GrpcClientProtocolClient.java:onNext(255)) - client-FF34D2C67AC5->3258574c-39ac-4ed5-9145-ea59a337c299: receive RaftClientReply:client-FF34D2C67AC5->3258574c-39ac-4ed5-9145-ea59a337c299@group-6C7D867BDA6A, cid=4320, SUCCESS, logIndex=6037, commits[3258574c-39ac-4ed5-9145-ea59a337c299:c6038]
2019-09-02 06:30:58,078 [SCMBlockDeletingService#1] DEBUG block.SCMBlockDeletingService (SCMBlockDeletingService.java:call(138)) - Running DeletedBlockTransactionScanner
2019-09-02 06:30:58,078 [SCMBlockDeletingService#1] DEBUG block.SCMBlockDeletingService (SCMBlockDeletingService.java:call(155)) - Scanned deleted blocks log and got 0 delTX to process.
2019-09-02 06:30:58,093 [grpc-default-executor-0] INFO  client.GrpcClientProtocolClient (GrpcClientProtocolClient.java:onNext(255)) - client-FF34D2C67AC5->3258574c-39ac-4ed5-9145-ea59a337c299: receive RaftClientReply:client-FF34D2C67AC5->3258574c-39ac-4ed5-9145-ea59a337c299@group-6C7D867BDA6A, cid=4321, SUCCESS, logIndex=6039, commits[3258574c-39ac-4ed5-9145-ea59a337c299:c6042]
2019-09-02 06:30:58,093 [grpc-default-executor-0] INFO  client.GrpcClientProtocolClient (GrpcClientProtocolClient.java:onNext(255)) - client-FF34D2C67AC5->3258574c-39ac-4ed5-9145-ea59a337c299: receive RaftClientReply:client-FF34D2C67AC5->3258574c-39ac-4ed5-9145-ea59a337c299@group-6C7D867BDA6A, cid=4322, SUCCESS, logIndex=6040, commits[3258574c-39ac-4ed5-9145-ea59a337c299:c6043]
2019-09-02 06:30:58,094 [grpc-default-executor-0] INFO  client.GrpcClientProtocolClient (GrpcClientProtocolClient.java:onNext(255)) - client-FF34D2C67AC5->3258574c-39ac-4ed5-9145-ea59a337c299: receive RaftClientReply:client-FF34D2C67AC5->3258574c-39ac-4ed5-9145-ea59a337c299@group-6C7D867BDA6A, cid=4323, SUCCESS, logIndex=6041, commits[3258574c-39ac-4ed5-9145-ea59a337c299:c6043]
2019-09-02 06:30:58,094 [grpc-default-executor-0] INFO  client.GrpcClientProtocolClient (GrpcClientProtocolClient.java:onNext(255)) - client-FF34D2C67AC5->3258574c-39ac-4ed5-9145-ea59a337c299: receive RaftClientReply:client-FF34D2C67AC5->3258574c-39ac-4ed5-9145-ea59a337c299@group-6C7D867BDA6A, cid=4324, SUCCESS, logIndex=6042, commits[3258574c-39ac-4ed5-9145-ea59a337c299:c6043]
2019-09-02 06:30:58,110 [grpc-default-executor-1] INFO  client.GrpcClientProtocolClient (GrpcClientProtocolClient.java:onNext(255)) - client-FF34D2C67AC5->3258574c-39ac-4ed5-9145-ea59a337c299: receive RaftClientReply:client-FF34D2C67AC5->3258574c-39ac-4ed5-9145-ea59a337c299@group-6C7D867BDA6A, cid=4325, SUCCESS, logIndex=6044, commits[3258574c-39ac-4ed5-9145-ea59a337c299:c6047]
2019-09-02 06:30:58,110 [grpc-default-executor-1] INFO  client.GrpcClientProtocolClient (GrpcClientProtocolClient.java:onNext(255)) - client-FF34D2C67AC5->3258574c-39ac-4ed5-9145-ea59a337c299: receive RaftClientReply:client-FF34D2C67AC5->3258574c-39ac-4ed5-9145-ea59a337c299@group-6C7D867BDA6A, cid=4326, SUCCESS, logIndex=6045, commits[3258574c-39ac-4ed5-9145-ea59a337c299:c6047]
2019-09-02 06:30:58,110 [grpc-default-executor-1] INFO  client.GrpcClientProtocolClient (GrpcClientProtocolClient.java:onNext(255)) - client-FF34D2C67AC5->3258574c-39ac-4ed5-9145-ea59a337c299: receive RaftClientReply:client-FF34D2C67AC5->3258574c-39ac-4ed5-9145-ea59a337c299@group-6C7D867BDA6A, cid=4327, SUCCESS, logIndex=6046, commits[3258574c-39ac-4ed5-9145-ea59a337c299:c6048]
2019-09-02 06:30:58,111 [grpc-default-executor-1] INFO  client.GrpcClientProtocolClient (GrpcClientProtocolClient.java:onNext(255)) - client-FF34D2C67AC5->3258574c-39ac-4ed5-9145-ea59a337c299: receive RaftClientReply:client-FF34D2C67AC5->3258574c-39ac-4ed5-9145-ea59a337c299@group-6C7D867BDA6A, cid=4328, SUCCESS, logIndex=6047, commits[3258574c-39ac-4ed5-9145-ea59a337c299:c6048]
2019-09-02 06:30:58,143 [grpc-default-executor-0] INFO  client.GrpcClientProtocolClient (GrpcClientProtocolClient.java:onNext(255)) - client-FF34D2C67AC5->3258574c-39ac-4ed5-9145-ea59a337c299: receive RaftClientReply:client-FF34D2C67AC5->3258574c-39ac-4ed5-9145-ea59a337c299@group-6C7D867BDA6A, cid=4329, SUCCESS, logIndex=6049, commits[3258574c-39ac-4ed5-9145-ea59a337c299:c6052]
2019-09-02 06:30:58,143 [grpc-default-executor-0] INFO  client.GrpcClientProtocolClient (GrpcClientProtocolClient.java:onNext(255)) - client-FF34D2C67AC5->3258574c-39ac-4ed5-9145-ea59a337c299: receive RaftClientReply:client-FF34D2C67AC5->3258574c-39ac-4ed5-9145-ea59a337c299@group-6C7D867BDA6A, cid=4330, SUCCESS, logIndex=6050, commits[3258574c-39ac-4ed5-9145-ea59a337c299:c6053]
2019-09-02 06:30:58,144 [grpc-default-executor-0] INFO  client.GrpcClientProtocolClient (GrpcClientProtocolClient.java:onNext(255)) - client-FF34D2C67AC5->3258574c-39ac-4ed5-9145-ea59a337c299: receive RaftClientReply:client-FF34D2C67AC5->3258574c-39ac-4ed5-9145-ea59a337c299@group-6C7D867BDA6A, cid=4331, SUCCESS, logIndex=6051, commits[3258574c-39ac-4ed5-9145-ea59a337c299:c6053]
2019-09-02 06:30:58,144 [grpc-default-executor-0] INFO  client.GrpcClientProtocolClient (GrpcClientProtocolClient.java:onNext(255)) - client-FF34D2C67AC5->3258574c-39ac-4ed5-9145-ea59a337c299: receive RaftClientReply:client-FF34D2C67AC5->3258574c-39ac-4ed5-9145-ea59a337c299@group-6C7D867BDA6A, cid=4332, SUCCESS, logIndex=6052, commits[3258574c-39ac-4ed5-9145-ea59a337c299:c6053]
2019-09-02 06:30:58,178 [SCMBlockDeletingService#1] DEBUG block.SCMBlockDeletingService (SCMBlockDeletingService.java:call(138)) - Running DeletedBlockTransactionScanner
2019-09-02 06:30:58,179 [SCMBlockDeletingService#1] DEBUG block.SCMBlockDeletingService (SCMBlockDeletingService.java:call(155)) - Scanned deleted blocks log and got 0 delTX to process.
2019-09-02 06:30:58,279 [SCMBlockDeletingService#1] DEBUG block.SCMBlockDeletingService (SCMBlockDeletingService.java:call(138)) - Running DeletedBlockTransactionScanner
2019-09-02 06:30:58,279 [SCMBlockDeletingService#1] DEBUG block.SCMBlockDeletingService (SCMBlockDeletingService.java:call(155)) - Scanned deleted blocks log and got 0 delTX to process.
2019-09-02 06:30:58,294 [grpc-default-executor-0] INFO  client.GrpcClientProtocolClient (GrpcClientProtocolClient.java:onNext(255)) - client-FF34D2C67AC5->3258574c-39ac-4ed5-9145-ea59a337c299: receive RaftClientReply:client-FF34D2C67AC5->3258574c-39ac-4ed5-9145-ea59a337c299@group-6C7D867BDA6A, cid=4333, SUCCESS, logIndex=6054, commits[3258574c-39ac-4ed5-9145-ea59a337c299:c6057]
2019-09-02 06:30:58,294 [grpc-default-executor-0] INFO  client.GrpcClientProtocolClient (GrpcClientProtocolClient.java:onNext(255)) - client-FF34D2C67AC5->3258574c-39ac-4ed5-9145-ea59a337c299: receive RaftClientReply:client-FF34D2C67AC5->3258574c-39ac-4ed5-9145-ea59a337c299@group-6C7D867BDA6A, cid=4334, SUCCESS, logIndex=6055, commits[3258574c-39ac-4ed5-9145-ea59a337c299:c6057]
2019-09-02 06:30:58,295 [grpc-default-executor-0] INFO  client.GrpcClientProtocolClient (GrpcClientProtocolClient.java:onNext(255)) - client-FF34D2C67AC5->3258574c-39ac-4ed5-9145-ea59a337c299: receive RaftClientReply:client-FF34D2C67AC5->3258574c-39ac-4ed5-9145-ea59a337c299@group-6C7D867BDA6A, cid=4335, SUCCESS, logIndex=6056, commits[3258574c-39ac-4ed5-9145-ea59a337c299:c6057]
2019-09-02 06:30:58,295 [grpc-default-executor-0] INFO  client.GrpcClientProtocolClient (GrpcClientProtocolClient.java:onNext(255)) - client-FF34D2C67AC5->3258574c-39ac-4ed5-9145-ea59a337c299: receive RaftClientReply:client-FF34D2C67AC5->3258574c-39ac-4ed5-9145-ea59a337c299@group-6C7D867BDA6A, cid=4336, SUCCESS, logIndex=6057, commits[3258574c-39ac-4ed5-9145-ea59a337c299:c6057]
2019-09-02 06:30:58,323 [grpc-default-executor-0] INFO  client.GrpcClientProtocolClient (GrpcClientProtocolClient.java:onNext(255)) - client-FF34D2C67AC5->3258574c-39ac-4ed5-9145-ea59a337c299: receive RaftClientReply:client-FF34D2C67AC5->3258574c-39ac-4ed5-9145-ea59a337c299@group-6C7D867BDA6A, cid=4337, SUCCESS, logIndex=6059, commits[3258574c-39ac-4ed5-9145-ea59a337c299:c6062]
2019-09-02 06:30:58,323 [grpc-default-executor-0] INFO  client.GrpcClientProtocolClient (GrpcClientProtocolClient.java:onNext(255)) - client-FF34D2C67AC5->3258574c-39ac-4ed5-9145-ea59a337c299: receive RaftClientReply:client-FF34D2C67AC5->3258574c-39ac-4ed5-9145-ea59a337c299@group-6C7D867BDA6A, cid=4338, SUCCESS, logIndex=6060, commits[3258574c-39ac-4ed5-9145-ea59a337c299:c6063]
2019-09-02 06:30:58,324 [grpc-default-executor-0] INFO  client.GrpcClientProtocolClient (GrpcClientProtocolClient.java:onNext(255)) - client-FF34D2C67AC5->3258574c-39ac-4ed5-9145-ea59a337c299: receive RaftClientReply:client-FF34D2C67AC5->3258574c-39ac-4ed5-9145-ea59a337c299@group-6C7D867BDA6A, cid=4339, SUCCESS, logIndex=6061, commits[3258574c-39ac-4ed5-9145-ea59a337c299:c6063]
2019-09-02 06:30:58,324 [grpc-default-executor-0] INFO  client.GrpcClientProtocolClient (GrpcClientProtocolClient.java:onNext(255)) - client-FF34D2C67AC5->3258574c-39ac-4ed5-9145-ea59a337c299: receive RaftClientReply:client-FF34D2C67AC5->3258574c-39ac-4ed5-9145-ea59a337c299@group-6C7D867BDA6A, cid=4340, SUCCESS, logIndex=6062, commits[3258574c-39ac-4ed5-9145-ea59a337c299:c6063]
2019-09-02 06:30:58,344 [grpc-default-executor-0] INFO  client.GrpcClientProtocolClient (GrpcClientProtocolClient.java:onNext(255)) - client-FF34D2C67AC5->3258574c-39ac-4ed5-9145-ea59a337c299: receive RaftClientReply:client-FF34D2C67AC5->3258574c-39ac-4ed5-9145-ea59a337c299@group-6C7D867BDA6A, cid=4341, SUCCESS, logIndex=6064, commits[3258574c-39ac-4ed5-9145-ea59a337c299:c6067]
2019-09-02 06:30:58,344 [grpc-default-executor-0] INFO  client.GrpcClientProtocolClient (GrpcClientProtocolClient.java:onNext(255)) - client-FF34D2C67AC5->3258574c-39ac-4ed5-9145-ea59a337c299: receive RaftClientReply:client-FF34D2C67AC5->3258574c-39ac-4ed5-9145-ea59a337c299@group-6C7D867BDA6A, cid=4342, SUCCESS, logIndex=6065, commits[3258574c-39ac-4ed5-9145-ea59a337c299:c6068]
2019-09-02 06:30:58,345 [grpc-default-executor-0] INFO  client.GrpcClientProtocolClient (GrpcClientProtocolClient.java:onNext(255)) - client-FF34D2C67AC5->3258574c-39ac-4ed5-9145-ea59a337c299: receive RaftClientReply:client-FF34D2C67AC5->3258574c-39ac-4ed5-9145-ea59a337c299@group-6C7D867BDA6A, cid=4343, SUCCESS, logIndex=6066, commits[3258574c-39ac-4ed5-9145-ea59a337c299:c6068]
2019-09-02 06:30:58,345 [grpc-default-executor-0] INFO  client.GrpcClientProtocolClient (GrpcClientProtocolClient.java:onNext(255)) - client-FF34D2C67AC5->3258574c-39ac-4ed5-9145-ea59a337c299: receive RaftClientReply:client-FF34D2C67AC5->3258574c-39ac-4ed5-9145-ea59a337c299@group-6C7D867BDA6A, cid=4344, SUCCESS, logIndex=6067, commits[3258574c-39ac-4ed5-9145-ea59a337c299:c6068]
2019-09-02 06:30:58,431 [SCMBlockDeletingService#1] DEBUG block.SCMBlockDeletingService (SCMBlockDeletingService.java:call(138)) - Running DeletedBlockTransactionScanner
2019-09-02 06:30:58,431 [SCMBlockDeletingService#1] DEBUG block.SCMBlockDeletingService (SCMBlockDeletingService.java:call(155)) - Scanned deleted blocks log and got 0 delTX to process.
2019-09-02 06:30:58,446 [grpc-default-executor-0] INFO  client.GrpcClientProtocolClient (GrpcClientProtocolClient.java:onNext(255)) - client-FF34D2C67AC5->3258574c-39ac-4ed5-9145-ea59a337c299: receive RaftClientReply:client-FF34D2C67AC5->3258574c-39ac-4ed5-9145-ea59a337c299@group-6C7D867BDA6A, cid=4345, SUCCESS, logIndex=6069, commits[3258574c-39ac-4ed5-9145-ea59a337c299:c6072]
2019-09-02 06:30:58,446 [grpc-default-executor-0] INFO  client.GrpcClientProtocolClient (GrpcClientProtocolClient.java:onNext(255)) - client-FF34D2C67AC5->3258574c-39ac-4ed5-9145-ea59a337c299: receive RaftClientReply:client-FF34D2C67AC5->3258574c-39ac-4ed5-9145-ea59a337c299@group-6C7D867BDA6A, cid=4346, SUCCESS, logIndex=6070, commits[3258574c-39ac-4ed5-9145-ea59a337c299:c6072]
2019-09-02 06:30:58,446 [grpc-default-executor-0] INFO  client.GrpcClientProtocolClient (GrpcClientProtocolClient.java:onNext(255)) - client-FF34D2C67AC5->3258574c-39ac-4ed5-9145-ea59a337c299: receive RaftClientReply:client-FF34D2C67AC5->3258574c-39ac-4ed5-9145-ea59a337c299@group-6C7D867BDA6A, cid=4347, SUCCESS, logIndex=6071, commits[3258574c-39ac-4ed5-9145-ea59a337c299:c6073]
2019-09-02 06:30:58,447 [grpc-default-executor-0] INFO  client.GrpcClientProtocolClient (GrpcClientProtocolClient.java:onNext(255)) - client-FF34D2C67AC5->3258574c-39ac-4ed5-9145-ea59a337c299: receive RaftClientReply:client-FF34D2C67AC5->3258574c-39ac-4ed5-9145-ea59a337c299@group-6C7D867BDA6A, cid=4348, SUCCESS, logIndex=6072, commits[3258574c-39ac-4ed5-9145-ea59a337c299:c6074]
2019-09-02 06:30:58,465 [grpc-default-executor-0] INFO  client.GrpcClientProtocolClient (GrpcClientProtocolClient.java:onNext(255)) - client-FF34D2C67AC5->3258574c-39ac-4ed5-9145-ea59a337c299: receive RaftClientReply:client-FF34D2C67AC5->3258574c-39ac-4ed5-9145-ea59a337c299@group-6C7D867BDA6A, cid=4349, SUCCESS, logIndex=6075, commits[3258574c-39ac-4ed5-9145-ea59a337c299:c6076]
2019-09-02 06:30:58,465 [grpc-default-executor-0] INFO  client.GrpcClientProtocolClient (GrpcClientProtocolClient.java:onNext(255)) - client-FF34D2C67AC5->3258574c-39ac-4ed5-9145-ea59a337c299: receive RaftClientReply:client-FF34D2C67AC5->3258574c-39ac-4ed5-9145-ea59a337c299@group-6C7D867BDA6A, cid=4350, SUCCESS, logIndex=6076, commits[3258574c-39ac-4ed5-9145-ea59a337c299:c6078]
2019-09-02 06:30:58,466 [grpc-default-executor-0] INFO  client.GrpcClientProtocolClient (GrpcClientProtocolClient.java:onNext(255)) - client-FF34D2C67AC5->3258574c-39ac-4ed5-9145-ea59a337c299: receive RaftClientReply:client-FF34D2C67AC5->3258574c-39ac-4ed5-9145-ea59a337c299@group-6C7D867BDA6A, cid=4351, SUCCESS, logIndex=6077, commits[3258574c-39ac-4ed5-9145-ea59a337c299:c6079]
2019-09-02 06:30:58,466 [grpc-default-executor-0] INFO  client.GrpcClientProtocolClient (GrpcClientProtocolClient.java:onNext(255)) - client-FF34D2C67AC5->3258574c-39ac-4ed5-9145-ea59a337c299: receive RaftClientReply:client-FF34D2C67AC5->3258574c-39ac-4ed5-9145-ea59a337c299@group-6C7D867BDA6A, cid=4352, SUCCESS, logIndex=6078, commits[3258574c-39ac-4ed5-9145-ea59a337c299:c6079]
2019-09-02 06:30:58,504 [grpc-default-executor-0] INFO  client.GrpcClientProtocolClient (GrpcClientProtocolClient.java:onNext(255)) - client-FF34D2C67AC5->3258574c-39ac-4ed5-9145-ea59a337c299: receive RaftClientReply:client-FF34D2C67AC5->3258574c-39ac-4ed5-9145-ea59a337c299@group-6C7D867BDA6A, cid=4353, SUCCESS, logIndex=6081, commits[3258574c-39ac-4ed5-9145-ea59a337c299:c6084]
2019-09-02 06:30:58,505 [grpc-default-executor-0] INFO  client.GrpcClientProtocolClient (GrpcClientProtocolClient.java:onNext(255)) - client-FF34D2C67AC5->3258574c-39ac-4ed5-9145-ea59a337c299: receive RaftClientReply:client-FF34D2C67AC5->3258574c-39ac-4ed5-9145-ea59a337c299@group-6C7D867BDA6A, cid=4354, SUCCESS, logIndex=6082, commits[3258574c-39ac-4ed5-9145-ea59a337c299:c6085]
2019-09-02 06:30:58,505 [grpc-default-executor-0] INFO  client.GrpcClientProtocolClient (GrpcClientProtocolClient.java:onNext(255)) - client-FF34D2C67AC5->3258574c-39ac-4ed5-9145-ea59a337c299: receive RaftClientReply:client-FF34D2C67AC5->3258574c-39ac-4ed5-9145-ea59a337c299@group-6C7D867BDA6A, cid=4355, SUCCESS, logIndex=6083, commits[3258574c-39ac-4ed5-9145-ea59a337c299:c6085]
2019-09-02 06:30:58,505 [grpc-default-executor-0] INFO  client.GrpcClientProtocolClient (GrpcClientProtocolClient.java:onNext(255)) - client-FF34D2C67AC5->3258574c-39ac-4ed5-9145-ea59a337c299: receive RaftClientReply:client-FF34D2C67AC5->3258574c-39ac-4ed5-9145-ea59a337c299@group-6C7D867BDA6A, cid=4356, SUCCESS, logIndex=6084, commits[3258574c-39ac-4ed5-9145-ea59a337c299:c6085]
2019-09-02 06:30:58,523 [grpc-default-executor-1] INFO  client.GrpcClientProtocolClient (GrpcClientProtocolClient.java:onNext(255)) - client-FF34D2C67AC5->3258574c-39ac-4ed5-9145-ea59a337c299: receive RaftClientReply:client-FF34D2C67AC5->3258574c-39ac-4ed5-9145-ea59a337c299@group-6C7D867BDA6A, cid=4357, SUCCESS, logIndex=6086, commits[3258574c-39ac-4ed5-9145-ea59a337c299:c6087]
2019-09-02 06:30:58,523 [grpc-default-executor-1] INFO  client.GrpcClientProtocolClient (GrpcClientProtocolClient.java:onNext(255)) - client-FF34D2C67AC5->3258574c-39ac-4ed5-9145-ea59a337c299: receive RaftClientReply:client-FF34D2C67AC5->3258574c-39ac-4ed5-9145-ea59a337c299@group-6C7D867BDA6A, cid=4358, SUCCESS, logIndex=6087, commits[3258574c-39ac-4ed5-9145-ea59a337c299:c6089]
2019-09-02 06:30:58,524 [grpc-default-executor-1] INFO  client.GrpcClientProtocolClient (GrpcClientProtocolClient.java:onNext(255)) - client-FF34D2C67AC5->3258574c-39ac-4ed5-9145-ea59a337c299: receive RaftClientReply:client-FF34D2C67AC5->3258574c-39ac-4ed5-9145-ea59a337c299@group-6C7D867BDA6A, cid=4359, SUCCESS, logIndex=6088, commits[3258574c-39ac-4ed5-9145-ea59a337c299:c6089]
2019-09-02 06:30:58,524 [grpc-default-executor-1] INFO  client.GrpcClientProtocolClient (GrpcClientProtocolClient.java:onNext(255)) - client-FF34D2C67AC5->3258574c-39ac-4ed5-9145-ea59a337c299: receive RaftClientReply:client-FF34D2C67AC5->3258574c-39ac-4ed5-9145-ea59a337c299@group-6C7D867BDA6A, cid=4360, SUCCESS, logIndex=6089, commits[3258574c-39ac-4ed5-9145-ea59a337c299:c6090]
2019-09-02 06:30:58,532 [SCMBlockDeletingService#1] DEBUG block.SCMBlockDeletingService (SCMBlockDeletingService.java:call(138)) - Running DeletedBlockTransactionScanner
2019-09-02 06:30:58,532 [SCMBlockDeletingService#1] DEBUG block.SCMBlockDeletingService (SCMBlockDeletingService.java:call(155)) - Scanned deleted blocks log and got 0 delTX to process.
2019-09-02 06:30:58,550 [grpc-default-executor-1] INFO  client.GrpcClientProtocolClient (GrpcClientProtocolClient.java:onNext(255)) - client-FF34D2C67AC5->3258574c-39ac-4ed5-9145-ea59a337c299: receive RaftClientReply:client-FF34D2C67AC5->3258574c-39ac-4ed5-9145-ea59a337c299@group-6C7D867BDA6A, cid=4361, SUCCESS, logIndex=6092, commits[3258574c-39ac-4ed5-9145-ea59a337c299:c6093]
2019-09-02 06:30:58,551 [grpc-default-executor-1] INFO  client.GrpcClientProtocolClient (GrpcClientProtocolClient.java:onNext(255)) - client-FF34D2C67AC5->3258574c-39ac-4ed5-9145-ea59a337c299: receive RaftClientReply:client-FF34D2C67AC5->3258574c-39ac-4ed5-9145-ea59a337c299@group-6C7D867BDA6A, cid=4362, SUCCESS, logIndex=6093, commits[3258574c-39ac-4ed5-9145-ea59a337c299:c6093]
2019-09-02 06:30:58,551 [grpc-default-executor-1] INFO  client.GrpcClientProtocolClient (GrpcClientProtocolClient.java:onNext(255)) - client-FF34D2C67AC5->3258574c-39ac-4ed5-9145-ea59a337c299: receive RaftClientReply:client-FF34D2C67AC5->3258574c-39ac-4ed5-9145-ea59a337c299@group-6C7D867BDA6A, cid=4363, SUCCESS, logIndex=6094, commits[3258574c-39ac-4ed5-9145-ea59a337c299:c6095]
2019-09-02 06:30:58,551 [grpc-default-executor-1] INFO  client.GrpcClientProtocolClient (GrpcClientProtocolClient.java:onNext(255)) - client-FF34D2C67AC5->3258574c-39ac-4ed5-9145-ea59a337c299: receive RaftClientReply:client-FF34D2C67AC5->3258574c-39ac-4ed5-9145-ea59a337c299@group-6C7D867BDA6A, cid=4364, SUCCESS, logIndex=6095, commits[3258574c-39ac-4ed5-9145-ea59a337c299:c6095]
2019-09-02 06:30:58,570 [grpc-default-executor-0] INFO  client.GrpcClientProtocolClient (GrpcClientProtocolClient.java:onNext(255)) - client-FF34D2C67AC5->3258574c-39ac-4ed5-9145-ea59a337c299: receive RaftClientReply:client-FF34D2C67AC5->3258574c-39ac-4ed5-9145-ea59a337c299@group-6C7D867BDA6A, cid=4365, SUCCESS, logIndex=6098, commits[3258574c-39ac-4ed5-9145-ea59a337c299:c6101]
2019-09-02 06:30:58,570 [grpc-default-executor-0] INFO  client.GrpcClientProtocolClient (GrpcClientProtocolClient.java:onNext(255)) - client-FF34D2C67AC5->3258574c-39ac-4ed5-9145-ea59a337c299: receive RaftClientReply:client-FF34D2C67AC5->3258574c-39ac-4ed5-9145-ea59a337c299@group-6C7D867BDA6A, cid=4366, SUCCESS, logIndex=6099, commits[3258574c-39ac-4ed5-9145-ea59a337c299:c6102]
2019-09-02 06:30:58,570 [grpc-default-executor-0] INFO  client.GrpcClientProtocolClient (GrpcClientProtocolClient.java:onNext(255)) - client-FF34D2C67AC5->3258574c-39ac-4ed5-9145-ea59a337c299: receive RaftClientReply:client-FF34D2C67AC5->3258574c-39ac-4ed5-9145-ea59a337c299@group-6C7D867BDA6A, cid=4367, SUCCESS, logIndex=6100, commits[3258574c-39ac-4ed5-9145-ea59a337c299:c6102]
2019-09-02 06:30:58,571 [grpc-default-executor-0] INFO  client.GrpcClientProtocolClient (GrpcClientProtocolClient.java:onNext(255)) - client-FF34D2C67AC5->3258574c-39ac-4ed5-9145-ea59a337c299: receive RaftClientReply:client-FF34D2C67AC5->3258574c-39ac-4ed5-9145-ea59a337c299@group-6C7D867BDA6A, cid=4368, SUCCESS, logIndex=6101, commits[3258574c-39ac-4ed5-9145-ea59a337c299:c6102]
2019-09-02 06:30:58,604 [grpc-default-executor-0] INFO  client.GrpcClientProtocolClient (GrpcClientProtocolClient.java:onNext(255)) - client-FF34D2C67AC5->3258574c-39ac-4ed5-9145-ea59a337c299: receive RaftClientReply:client-FF34D2C67AC5->3258574c-39ac-4ed5-9145-ea59a337c299@group-6C7D867BDA6A, cid=4369, SUCCESS, logIndex=6103, commits[3258574c-39ac-4ed5-9145-ea59a337c299:c6106]
2019-09-02 06:30:58,605 [grpc-default-executor-0] INFO  client.GrpcClientProtocolClient (GrpcClientProtocolClient.java:onNext(255)) - client-FF34D2C67AC5->3258574c-39ac-4ed5-9145-ea59a337c299: receive RaftClientReply:client-FF34D2C67AC5->3258574c-39ac-4ed5-9145-ea59a337c299@group-6C7D867BDA6A, cid=4370, SUCCESS, logIndex=6104, commits[3258574c-39ac-4ed5-9145-ea59a337c299:c6106]
2019-09-02 06:30:58,605 [grpc-default-executor-0] INFO  client.GrpcClientProtocolClient (GrpcClientProtocolClient.java:onNext(255)) - client-FF34D2C67AC5->3258574c-39ac-4ed5-9145-ea59a337c299: receive RaftClientReply:client-FF34D2C67AC5->3258574c-39ac-4ed5-9145-ea59a337c299@group-6C7D867BDA6A, cid=4371, SUCCESS, logIndex=6105, commits[3258574c-39ac-4ed5-9145-ea59a337c299:c6106]
2019-09-02 06:30:58,605 [grpc-default-executor-0] INFO  client.GrpcClientProtocolClient (GrpcClientProtocolClient.java:onNext(255)) - client-FF34D2C67AC5->3258574c-39ac-4ed5-9145-ea59a337c299: receive RaftClientReply:client-FF34D2C67AC5->3258574c-39ac-4ed5-9145-ea59a337c299@group-6C7D867BDA6A, cid=4372, SUCCESS, logIndex=6106, commits[3258574c-39ac-4ed5-9145-ea59a337c299:c6106]
2019-09-02 06:30:58,624 [grpc-default-executor-0] INFO  client.GrpcClientProtocolClient (GrpcClientProtocolClient.java:onNext(255)) - client-FF34D2C67AC5->3258574c-39ac-4ed5-9145-ea59a337c299: receive RaftClientReply:client-FF34D2C67AC5->3258574c-39ac-4ed5-9145-ea59a337c299@group-6C7D867BDA6A, cid=4373, SUCCESS, logIndex=6108, commits[3258574c-39ac-4ed5-9145-ea59a337c299:c6111]
2019-09-02 06:30:58,624 [grpc-default-executor-0] INFO  client.GrpcClientProtocolClient (GrpcClientProtocolClient.java:onNext(255)) - client-FF34D2C67AC5->3258574c-39ac-4ed5-9145-ea59a337c299: receive RaftClientReply:client-FF34D2C67AC5->3258574c-39ac-4ed5-9145-ea59a337c299@group-6C7D867BDA6A, cid=4374, SUCCESS, logIndex=6109, commits[3258574c-39ac-4ed5-9145-ea59a337c299:c6111]
2019-09-02 06:30:58,624 [grpc-default-executor-0] INFO  client.GrpcClientProtocolClient (GrpcClientProtocolClient.java:onNext(255)) - client-FF34D2C67AC5->3258574c-39ac-4ed5-9145-ea59a337c299: receive RaftClientReply:client-FF34D2C67AC5->3258574c-39ac-4ed5-9145-ea59a337c299@group-6C7D867BDA6A, cid=4375, SUCCESS, logIndex=6110, commits[3258574c-39ac-4ed5-9145-ea59a337c299:c6112]
2019-09-02 06:30:58,624 [grpc-default-executor-0] INFO  client.GrpcClientProtocolClient (GrpcClientProtocolClient.java:onNext(255)) - client-FF34D2C67AC5->3258574c-39ac-4ed5-9145-ea59a337c299: receive RaftClientReply:client-FF34D2C67AC5->3258574c-39ac-4ed5-9145-ea59a337c299@group-6C7D867BDA6A, cid=4376, SUCCESS, logIndex=6111, commits[3258574c-39ac-4ed5-9145-ea59a337c299:c6112]
2019-09-02 06:30:58,632 [SCMBlockDeletingService#1] DEBUG block.SCMBlockDeletingService (SCMBlockDeletingService.java:call(138)) - Running DeletedBlockTransactionScanner
2019-09-02 06:30:58,632 [SCMBlockDeletingService#1] DEBUG block.SCMBlockDeletingService (SCMBlockDeletingService.java:call(155)) - Scanned deleted blocks log and got 0 delTX to process.
2019-09-02 06:30:58,732 [SCMBlockDeletingService#1] DEBUG block.SCMBlockDeletingService (SCMBlockDeletingService.java:call(138)) - Running DeletedBlockTransactionScanner
2019-09-02 06:30:58,733 [SCMBlockDeletingService#1] DEBUG block.SCMBlockDeletingService (SCMBlockDeletingService.java:call(155)) - Scanned deleted blocks log and got 0 delTX to process.
2019-09-02 06:30:58,778 [grpc-default-executor-0] INFO  client.GrpcClientProtocolClient (GrpcClientProtocolClient.java:onNext(255)) - client-FF34D2C67AC5->3258574c-39ac-4ed5-9145-ea59a337c299: receive RaftClientReply:client-FF34D2C67AC5->3258574c-39ac-4ed5-9145-ea59a337c299@group-6C7D867BDA6A, cid=4377, SUCCESS, logIndex=6113, commits[3258574c-39ac-4ed5-9145-ea59a337c299:c6116]
2019-09-02 06:30:58,779 [grpc-default-executor-0] INFO  client.GrpcClientProtocolClient (GrpcClientProtocolClient.java:onNext(255)) - client-FF34D2C67AC5->3258574c-39ac-4ed5-9145-ea59a337c299: receive RaftClientReply:client-FF34D2C67AC5->3258574c-39ac-4ed5-9145-ea59a337c299@group-6C7D867BDA6A, cid=4378, SUCCESS, logIndex=6114, commits[3258574c-39ac-4ed5-9145-ea59a337c299:c6116]
2019-09-02 06:30:58,779 [grpc-default-executor-0] INFO  client.GrpcClientProtocolClient (GrpcClientProtocolClient.java:onNext(255)) - client-FF34D2C67AC5->3258574c-39ac-4ed5-9145-ea59a337c299: receive RaftClientReply:client-FF34D2C67AC5->3258574c-39ac-4ed5-9145-ea59a337c299@group-6C7D867BDA6A, cid=4379, SUCCESS, logIndex=6115, commits[3258574c-39ac-4ed5-9145-ea59a337c299:c6116]
2019-09-02 06:30:58,779 [grpc-default-executor-0] INFO  client.GrpcClientProtocolClient (GrpcClientProtocolClient.java:onNext(255)) - client-FF34D2C67AC5->3258574c-39ac-4ed5-9145-ea59a337c299: receive RaftClientReply:client-FF34D2C67AC5->3258574c-39ac-4ed5-9145-ea59a337c299@group-6C7D867BDA6A, cid=4380, SUCCESS, logIndex=6116, commits[3258574c-39ac-4ed5-9145-ea59a337c299:c6116]
2019-09-02 06:30:58,804 [grpc-default-executor-1] INFO  client.GrpcClientProtocolClient (GrpcClientProtocolClient.java:onNext(255)) - client-FF34D2C67AC5->3258574c-39ac-4ed5-9145-ea59a337c299: receive RaftClientReply:client-FF34D2C67AC5->3258574c-39ac-4ed5-9145-ea59a337c299@group-6C7D867BDA6A, cid=4381, SUCCESS, logIndex=6118, commits[3258574c-39ac-4ed5-9145-ea59a337c299:c6119]
2019-09-02 06:30:58,805 [grpc-default-executor-1] INFO  client.GrpcClientProtocolClient (GrpcClientProtocolClient.java:onNext(255)) - client-FF34D2C67AC5->3258574c-39ac-4ed5-9145-ea59a337c299: receive RaftClientReply:client-FF34D2C67AC5->3258574c-39ac-4ed5-9145-ea59a337c299@group-6C7D867BDA6A, cid=4382, SUCCESS, logIndex=6119, commits[3258574c-39ac-4ed5-9145-ea59a337c299:c6119]
2019-09-02 06:30:58,807 [grpc-default-executor-1] INFO  client.GrpcClientProtocolClient (GrpcClientProtocolClient.java:onNext(255)) - client-FF34D2C67AC5->3258574c-39ac-4ed5-9145-ea59a337c299: receive RaftClientReply:client-FF34D2C67AC5->3258574c-39ac-4ed5-9145-ea59a337c299@group-6C7D867BDA6A, cid=4383, SUCCESS, logIndex=6120, commits[3258574c-39ac-4ed5-9145-ea59a337c299:c6121]
2019-09-02 06:30:58,807 [grpc-default-executor-1] INFO  client.GrpcClientProtocolClient (GrpcClientProtocolClient.java:onNext(255)) - client-FF34D2C67AC5->3258574c-39ac-4ed5-9145-ea59a337c299: receive RaftClientReply:client-FF34D2C67AC5->3258574c-39ac-4ed5-9145-ea59a337c299@group-6C7D867BDA6A, cid=4384, SUCCESS, logIndex=6121, commits[3258574c-39ac-4ed5-9145-ea59a337c299:c6121]
2019-09-02 06:30:58,833 [SCMBlockDeletingService#1] DEBUG block.SCMBlockDeletingService (SCMBlockDeletingService.java:call(138)) - Running DeletedBlockTransactionScanner
2019-09-02 06:30:58,833 [SCMBlockDeletingService#1] DEBUG block.SCMBlockDeletingService (SCMBlockDeletingService.java:call(155)) - Scanned deleted blocks log and got 0 delTX to process.
2019-09-02 06:30:58,841 [grpc-default-executor-1] INFO  client.GrpcClientProtocolClient (GrpcClientProtocolClient.java:onNext(255)) - client-FF34D2C67AC5->3258574c-39ac-4ed5-9145-ea59a337c299: receive RaftClientReply:client-FF34D2C67AC5->3258574c-39ac-4ed5-9145-ea59a337c299@group-6C7D867BDA6A, cid=4385, SUCCESS, logIndex=6124, commits[3258574c-39ac-4ed5-9145-ea59a337c299:c6125]
2019-09-02 06:30:58,842 [grpc-default-executor-1] INFO  client.GrpcClientProtocolClient (GrpcClientProtocolClient.java:onNext(255)) - client-FF34D2C67AC5->3258574c-39ac-4ed5-9145-ea59a337c299: receive RaftClientReply:client-FF34D2C67AC5->3258574c-39ac-4ed5-9145-ea59a337c299@group-6C7D867BDA6A, cid=4386, SUCCESS, logIndex=6125, commits[3258574c-39ac-4ed5-9145-ea59a337c299:c6127]
2019-09-02 06:30:58,842 [grpc-default-executor-1] INFO  client.GrpcClientProtocolClient (GrpcClientProtocolClient.java:onNext(255)) - client-FF34D2C67AC5->3258574c-39ac-4ed5-9145-ea59a337c299: receive RaftClientReply:client-FF34D2C67AC5->3258574c-39ac-4ed5-9145-ea59a337c299@group-6C7D867BDA6A, cid=4387, SUCCESS, logIndex=6126, commits[3258574c-39ac-4ed5-9145-ea59a337c299:c6127]
2019-09-02 06:30:58,842 [grpc-default-executor-1] INFO  client.GrpcClientProtocolClient (GrpcClientProtocolClient.java:onNext(255)) - client-FF34D2C67AC5->3258574c-39ac-4ed5-9145-ea59a337c299: receive RaftClientReply:client-FF34D2C67AC5->3258574c-39ac-4ed5-9145-ea59a337c299@group-6C7D867BDA6A, cid=4388, SUCCESS, logIndex=6127, commits[3258574c-39ac-4ed5-9145-ea59a337c299:c6128]
2019-09-02 06:30:58,862 [grpc-default-executor-0] INFO  client.GrpcClientProtocolClient (GrpcClientProtocolClient.java:onNext(255)) - client-FF34D2C67AC5->3258574c-39ac-4ed5-9145-ea59a337c299: receive RaftClientReply:client-FF34D2C67AC5->3258574c-39ac-4ed5-9145-ea59a337c299@group-6C7D867BDA6A, cid=4389, SUCCESS, logIndex=6130, commits[3258574c-39ac-4ed5-9145-ea59a337c299:c6131]
2019-09-02 06:30:58,862 [grpc-default-executor-0] INFO  client.GrpcClientProtocolClient (GrpcClientProtocolClient.java:onNext(255)) - client-FF34D2C67AC5->3258574c-39ac-4ed5-9145-ea59a337c299: receive RaftClientReply:client-FF34D2C67AC5->3258574c-39ac-4ed5-9145-ea59a337c299@group-6C7D867BDA6A, cid=4390, SUCCESS, logIndex=6131, commits[3258574c-39ac-4ed5-9145-ea59a337c299:c6133]
2019-09-02 06:30:58,863 [grpc-default-executor-0] INFO  client.GrpcClientProtocolClient (GrpcClientProtocolClient.java:onNext(255)) - client-FF34D2C67AC5->3258574c-39ac-4ed5-9145-ea59a337c299: receive RaftClientReply:client-FF34D2C67AC5->3258574c-39ac-4ed5-9145-ea59a337c299@group-6C7D867BDA6A, cid=4391, SUCCESS, logIndex=6132, commits[3258574c-39ac-4ed5-9145-ea59a337c299:c6134]
2019-09-02 06:30:58,863 [grpc-default-executor-0] INFO  client.GrpcClientProtocolClient (GrpcClientProtocolClient.java:onNext(255)) - client-FF34D2C67AC5->3258574c-39ac-4ed5-9145-ea59a337c299: receive RaftClientReply:client-FF34D2C67AC5->3258574c-39ac-4ed5-9145-ea59a337c299@group-6C7D867BDA6A, cid=4392, SUCCESS, logIndex=6133, commits[3258574c-39ac-4ed5-9145-ea59a337c299:c6134]
2019-09-02 06:30:58,896 [grpc-default-executor-0] INFO  client.GrpcClientProtocolClient (GrpcClientProtocolClient.java:onNext(255)) - client-FF34D2C67AC5->3258574c-39ac-4ed5-9145-ea59a337c299: receive RaftClientReply:client-FF34D2C67AC5->3258574c-39ac-4ed5-9145-ea59a337c299@group-6C7D867BDA6A, cid=4393, SUCCESS, logIndex=6136, commits[3258574c-39ac-4ed5-9145-ea59a337c299:c6137]
2019-09-02 06:30:58,896 [grpc-default-executor-0] INFO  client.GrpcClientProtocolClient (GrpcClientProtocolClient.java:onNext(255)) - client-FF34D2C67AC5->3258574c-39ac-4ed5-9145-ea59a337c299: receive RaftClientReply:client-FF34D2C67AC5->3258574c-39ac-4ed5-9145-ea59a337c299@group-6C7D867BDA6A, cid=4394, SUCCESS, logIndex=6137, commits[3258574c-39ac-4ed5-9145-ea59a337c299:c6137]
2019-09-02 06:30:58,897 [grpc-default-executor-0] INFO  client.GrpcClientProtocolClient (GrpcClientProtocolClient.java:onNext(255)) - client-FF34D2C67AC5->3258574c-39ac-4ed5-9145-ea59a337c299: receive RaftClientReply:client-FF34D2C67AC5->3258574c-39ac-4ed5-9145-ea59a337c299@group-6C7D867BDA6A, cid=4395, SUCCESS, logIndex=6138, commits[3258574c-39ac-4ed5-9145-ea59a337c299:c6139]
2019-09-02 06:30:58,898 [grpc-default-executor-0] INFO  client.GrpcClientProtocolClient (GrpcClientProtocolClient.java:onNext(255)) - client-FF34D2C67AC5->3258574c-39ac-4ed5-9145-ea59a337c299: receive RaftClientReply:client-FF34D2C67AC5->3258574c-39ac-4ed5-9145-ea59a337c299@group-6C7D867BDA6A, cid=4396, SUCCESS, logIndex=6139, commits[3258574c-39ac-4ed5-9145-ea59a337c299:c6139]
2019-09-02 06:30:58,923 [grpc-default-executor-0] INFO  client.GrpcClientProtocolClient (GrpcClientProtocolClient.java:onNext(255)) - client-FF34D2C67AC5->3258574c-39ac-4ed5-9145-ea59a337c299: receive RaftClientReply:client-FF34D2C67AC5->3258574c-39ac-4ed5-9145-ea59a337c299@group-6C7D867BDA6A, cid=4397, SUCCESS, logIndex=6142, commits[3258574c-39ac-4ed5-9145-ea59a337c299:c6145]
2019-09-02 06:30:58,924 [grpc-default-executor-0] INFO  client.GrpcClientProtocolClient (GrpcClientProtocolClient.java:onNext(255)) - client-FF34D2C67AC5->3258574c-39ac-4ed5-9145-ea59a337c299: receive RaftClientReply:client-FF34D2C67AC5->3258574c-39ac-4ed5-9145-ea59a337c299@group-6C7D867BDA6A, cid=4398, SUCCESS, logIndex=6143, commits[3258574c-39ac-4ed5-9145-ea59a337c299:c6145]
2019-09-02 06:30:58,924 [grpc-default-executor-0] INFO  client.GrpcClientProtocolClient (GrpcClientProtocolClient.java:onNext(255)) - client-FF34D2C67AC5->3258574c-39ac-4ed5-9145-ea59a337c299: receive RaftClientReply:client-FF34D2C67AC5->3258574c-39ac-4ed5-9145-ea59a337c299@group-6C7D867BDA6A, cid=4399, SUCCESS, logIndex=6144, commits[3258574c-39ac-4ed5-9145-ea59a337c299:c6146]
2019-09-02 06:30:58,924 [grpc-default-executor-0] INFO  client.GrpcClientProtocolClient (GrpcClientProtocolClient.java:onNext(255)) - client-FF34D2C67AC5->3258574c-39ac-4ed5-9145-ea59a337c299: receive RaftClientReply:client-FF34D2C67AC5->3258574c-39ac-4ed5-9145-ea59a337c299@group-6C7D867BDA6A, cid=4400, SUCCESS, logIndex=6145, commits[3258574c-39ac-4ed5-9145-ea59a337c299:c6146]
2019-09-02 06:30:58,934 [SCMBlockDeletingService#1] DEBUG block.SCMBlockDeletingService (SCMBlockDeletingService.java:call(138)) - Running DeletedBlockTransactionScanner
2019-09-02 06:30:58,934 [SCMBlockDeletingService#1] DEBUG block.SCMBlockDeletingService (SCMBlockDeletingService.java:call(155)) - Scanned deleted blocks log and got 0 delTX to process.
2019-09-02 06:30:58,958 [grpc-default-executor-1] INFO  client.GrpcClientProtocolClient (GrpcClientProtocolClient.java:onNext(255)) - client-FF34D2C67AC5->3258574c-39ac-4ed5-9145-ea59a337c299: receive RaftClientReply:client-FF34D2C67AC5->3258574c-39ac-4ed5-9145-ea59a337c299@group-6C7D867BDA6A, cid=4401, SUCCESS, logIndex=6148, commits[3258574c-39ac-4ed5-9145-ea59a337c299:c6151]
2019-09-02 06:30:58,958 [grpc-default-executor-1] INFO  client.GrpcClientProtocolClient (GrpcClientProtocolClient.java:onNext(255)) - client-FF34D2C67AC5->3258574c-39ac-4ed5-9145-ea59a337c299: receive RaftClientReply:client-FF34D2C67AC5->3258574c-39ac-4ed5-9145-ea59a337c299@group-6C7D867BDA6A, cid=4402, SUCCESS, logIndex=6149, commits[3258574c-39ac-4ed5-9145-ea59a337c299:c6152]
2019-09-02 06:30:58,959 [grpc-default-executor-1] INFO  client.GrpcClientProtocolClient (GrpcClientProtocolClient.java:onNext(255)) - client-FF34D2C67AC5->3258574c-39ac-4ed5-9145-ea59a337c299: receive RaftClientReply:client-FF34D2C67AC5->3258574c-39ac-4ed5-9145-ea59a337c299@group-6C7D867BDA6A, cid=4403, SUCCESS, logIndex=6150, commits[3258574c-39ac-4ed5-9145-ea59a337c299:c6152]
2019-09-02 06:30:58,959 [grpc-default-executor-1] INFO  client.GrpcClientProtocolClient (GrpcClientProtocolClient.java:onNext(255)) - client-FF34D2C67AC5->3258574c-39ac-4ed5-9145-ea59a337c299: receive RaftClientReply:client-FF34D2C67AC5->3258574c-39ac-4ed5-9145-ea59a337c299@group-6C7D867BDA6A, cid=4404, SUCCESS, logIndex=6151, commits[3258574c-39ac-4ed5-9145-ea59a337c299:c6152]
2019-09-02 06:30:58,980 [grpc-default-executor-0] INFO  client.GrpcClientProtocolClient (GrpcClientProtocolClient.java:onNext(255)) - client-FF34D2C67AC5->3258574c-39ac-4ed5-9145-ea59a337c299: receive RaftClientReply:client-FF34D2C67AC5->3258574c-39ac-4ed5-9145-ea59a337c299@group-6C7D867BDA6A, cid=4405, SUCCESS, logIndex=6153, commits[3258574c-39ac-4ed5-9145-ea59a337c299:c6156]
2019-09-02 06:30:58,980 [grpc-default-executor-0] INFO  client.GrpcClientProtocolClient (GrpcClientProtocolClient.java:onNext(255)) - client-FF34D2C67AC5->3258574c-39ac-4ed5-9145-ea59a337c299: receive RaftClientReply:client-FF34D2C67AC5->3258574c-39ac-4ed5-9145-ea59a337c299@group-6C7D867BDA6A, cid=4406, SUCCESS, logIndex=6154, commits[3258574c-39ac-4ed5-9145-ea59a337c299:c6157]
2019-09-02 06:30:58,981 [grpc-default-executor-0] INFO  client.GrpcClientProtocolClient (GrpcClientProtocolClient.java:onNext(255)) - client-FF34D2C67AC5->3258574c-39ac-4ed5-9145-ea59a337c299: receive RaftClientReply:client-FF34D2C67AC5->3258574c-39ac-4ed5-9145-ea59a337c299@group-6C7D867BDA6A, cid=4407, SUCCESS, logIndex=6155, commits[3258574c-39ac-4ed5-9145-ea59a337c299:c6157]
2019-09-02 06:30:58,981 [grpc-default-executor-0] INFO  client.GrpcClientProtocolClient (GrpcClientProtocolClient.java:onNext(255)) - client-FF34D2C67AC5->3258574c-39ac-4ed5-9145-ea59a337c299: receive RaftClientReply:client-FF34D2C67AC5->3258574c-39ac-4ed5-9145-ea59a337c299@group-6C7D867BDA6A, cid=4408, SUCCESS, logIndex=6156, commits[3258574c-39ac-4ed5-9145-ea59a337c299:c6157]
2019-09-02 06:30:59,012 [grpc-default-executor-0] INFO  client.GrpcClientProtocolClient (GrpcClientProtocolClient.java:onNext(255)) - client-FF34D2C67AC5->3258574c-39ac-4ed5-9145-ea59a337c299: receive RaftClientReply:client-FF34D2C67AC5->3258574c-39ac-4ed5-9145-ea59a337c299@group-6C7D867BDA6A, cid=4409, SUCCESS, logIndex=6158, commits[3258574c-39ac-4ed5-9145-ea59a337c299:c6159]
2019-09-02 06:30:59,013 [grpc-default-executor-0] INFO  client.GrpcClientProtocolClient (GrpcClientProtocolClient.java:onNext(255)) - client-FF34D2C67AC5->3258574c-39ac-4ed5-9145-ea59a337c299: receive RaftClientReply:client-FF34D2C67AC5->3258574c-39ac-4ed5-9145-ea59a337c299@group-6C7D867BDA6A, cid=4410, SUCCESS, logIndex=6159, commits[3258574c-39ac-4ed5-9145-ea59a337c299:c6159]
2019-09-02 06:30:59,014 [grpc-default-executor-0] INFO  client.GrpcClientProtocolClient (GrpcClientProtocolClient.java:onNext(255)) - client-FF34D2C67AC5->3258574c-39ac-4ed5-9145-ea59a337c299: receive RaftClientReply:client-FF34D2C67AC5->3258574c-39ac-4ed5-9145-ea59a337c299@group-6C7D867BDA6A, cid=4411, SUCCESS, logIndex=6160, commits[3258574c-39ac-4ed5-9145-ea59a337c299:c6161]
2019-09-02 06:30:59,014 [grpc-default-executor-0] INFO  client.GrpcClientProtocolClient (GrpcClientProtocolClient.java:onNext(255)) - client-FF34D2C67AC5->3258574c-39ac-4ed5-9145-ea59a337c299: receive RaftClientReply:client-FF34D2C67AC5->3258574c-39ac-4ed5-9145-ea59a337c299@group-6C7D867BDA6A, cid=4412, SUCCESS, logIndex=6161, commits[3258574c-39ac-4ed5-9145-ea59a337c299:c6161]
2019-09-02 06:30:59,025 [grpc-default-executor-0] INFO  client.GrpcClientProtocolClient (GrpcClientProtocolClient.java:onNext(255)) - client-FF34D2C67AC5->3258574c-39ac-4ed5-9145-ea59a337c299: receive RaftClientReply:client-FF34D2C67AC5->3258574c-39ac-4ed5-9145-ea59a337c299@group-6C7D867BDA6A, cid=4413, SUCCESS, logIndex=6164, commits[3258574c-39ac-4ed5-9145-ea59a337c299:c6167]
2019-09-02 06:30:59,026 [grpc-default-executor-0] INFO  client.GrpcClientProtocolClient (GrpcClientProtocolClient.java:onNext(255)) - client-FF34D2C67AC5->3258574c-39ac-4ed5-9145-ea59a337c299: receive RaftClientReply:client-FF34D2C67AC5->3258574c-39ac-4ed5-9145-ea59a337c299@group-6C7D867BDA6A, cid=4414, SUCCESS, logIndex=6165, commits[3258574c-39ac-4ed5-9145-ea59a337c299:c6168]
2019-09-02 06:30:59,026 [grpc-default-executor-0] INFO  client.GrpcClientProtocolClient (GrpcClientProtocolClient.java:onNext(255)) - client-FF34D2C67AC5->3258574c-39ac-4ed5-9145-ea59a337c299: receive RaftClientReply:client-FF34D2C67AC5->3258574c-39ac-4ed5-9145-ea59a337c299@group-6C7D867BDA6A, cid=4415, SUCCESS, logIndex=6166, commits[3258574c-39ac-4ed5-9145-ea59a337c299:c6168]
2019-09-02 06:30:59,027 [grpc-default-executor-0] INFO  client.GrpcClientProtocolClient (GrpcClientProtocolClient.java:onNext(255)) - client-FF34D2C67AC5->3258574c-39ac-4ed5-9145-ea59a337c299: receive RaftClientReply:client-FF34D2C67AC5->3258574c-39ac-4ed5-9145-ea59a337c299@group-6C7D867BDA6A, cid=4416, SUCCESS, logIndex=6167, commits[3258574c-39ac-4ed5-9145-ea59a337c299:c6168]
2019-09-02 06:30:59,034 [SCMBlockDeletingService#1] DEBUG block.SCMBlockDeletingService (SCMBlockDeletingService.java:call(138)) - Running DeletedBlockTransactionScanner
2019-09-02 06:30:59,035 [SCMBlockDeletingService#1] DEBUG block.SCMBlockDeletingService (SCMBlockDeletingService.java:call(155)) - Scanned deleted blocks log and got 0 delTX to process.
2019-09-02 06:30:59,061 [grpc-default-executor-0] INFO  client.GrpcClientProtocolClient (GrpcClientProtocolClient.java:onNext(255)) - client-FF34D2C67AC5->3258574c-39ac-4ed5-9145-ea59a337c299: receive RaftClientReply:client-FF34D2C67AC5->3258574c-39ac-4ed5-9145-ea59a337c299@group-6C7D867BDA6A, cid=4417, SUCCESS, logIndex=6169, commits[3258574c-39ac-4ed5-9145-ea59a337c299:c6172]
2019-09-02 06:30:59,061 [grpc-default-executor-0] INFO  client.GrpcClientProtocolClient (GrpcClientProtocolClient.java:onNext(255)) - client-FF34D2C67AC5->3258574c-39ac-4ed5-9145-ea59a337c299: receive RaftClientReply:client-FF34D2C67AC5->3258574c-39ac-4ed5-9145-ea59a337c299@group-6C7D867BDA6A, cid=4418, SUCCESS, logIndex=6170, commits[3258574c-39ac-4ed5-9145-ea59a337c299:c6173]
2019-09-02 06:30:59,062 [grpc-default-executor-0] INFO  client.GrpcClientProtocolClient (GrpcClientProtocolClient.java:onNext(255)) - client-FF34D2C67AC5->3258574c-39ac-4ed5-9145-ea59a337c299: receive RaftClientReply:client-FF34D2C67AC5->3258574c-39ac-4ed5-9145-ea59a337c299@group-6C7D867BDA6A, cid=4419, SUCCESS, logIndex=6171, commits[3258574c-39ac-4ed5-9145-ea59a337c299:c6173]
2019-09-02 06:30:59,062 [grpc-default-executor-0] INFO  client.GrpcClientProtocolClient (GrpcClientProtocolClient.java:onNext(255)) - client-FF34D2C67AC5->3258574c-39ac-4ed5-9145-ea59a337c299: receive RaftClientReply:client-FF34D2C67AC5->3258574c-39ac-4ed5-9145-ea59a337c299@group-6C7D867BDA6A, cid=4420, SUCCESS, logIndex=6172, commits[3258574c-39ac-4ed5-9145-ea59a337c299:c6173]
2019-09-02 06:30:59,077 [grpc-default-executor-0] INFO  client.GrpcClientProtocolClient (GrpcClientProtocolClient.java:onNext(255)) - client-FF34D2C67AC5->3258574c-39ac-4ed5-9145-ea59a337c299: receive RaftClientReply:client-FF34D2C67AC5->3258574c-39ac-4ed5-9145-ea59a337c299@group-6C7D867BDA6A, cid=4421, SUCCESS, logIndex=6174, commits[3258574c-39ac-4ed5-9145-ea59a337c299:c6175]
2019-09-02 06:30:59,077 [grpc-default-executor-0] INFO  client.GrpcClientProtocolClient (GrpcClientProtocolClient.java:onNext(255)) - client-FF34D2C67AC5->3258574c-39ac-4ed5-9145-ea59a337c299: receive RaftClientReply:client-FF34D2C67AC5->3258574c-39ac-4ed5-9145-ea59a337c299@group-6C7D867BDA6A, cid=4422, SUCCESS, logIndex=6175, commits[3258574c-39ac-4ed5-9145-ea59a337c299:c6176]
2019-09-02 06:30:59,135 [SCMBlockDeletingService#1] DEBUG block.SCMBlockDeletingService (SCMBlockDeletingService.java:call(138)) - Running DeletedBlockTransactionScanner
2019-09-02 06:30:59,135 [SCMBlockDeletingService#1] DEBUG block.SCMBlockDeletingService (SCMBlockDeletingService.java:call(155)) - Scanned deleted blocks log and got 0 delTX to process.
2019-09-02 06:30:59,235 [SCMBlockDeletingService#1] DEBUG block.SCMBlockDeletingService (SCMBlockDeletingService.java:call(138)) - Running DeletedBlockTransactionScanner
2019-09-02 06:30:59,236 [SCMBlockDeletingService#1] DEBUG block.SCMBlockDeletingService (SCMBlockDeletingService.java:call(155)) - Scanned deleted blocks log and got 0 delTX to process.
2019-09-02 06:30:59,336 [SCMBlockDeletingService#0] DEBUG block.SCMBlockDeletingService (SCMBlockDeletingService.java:call(138)) - Running DeletedBlockTransactionScanner
2019-09-02 06:30:59,336 [SCMBlockDeletingService#0] DEBUG block.SCMBlockDeletingService (SCMBlockDeletingService.java:call(155)) - Scanned deleted blocks log and got 0 delTX to process.
2019-09-02 06:30:59,436 [SCMBlockDeletingService#0] DEBUG block.SCMBlockDeletingService (SCMBlockDeletingService.java:call(138)) - Running DeletedBlockTransactionScanner
2019-09-02 06:30:59,437 [SCMBlockDeletingService#0] DEBUG block.SCMBlockDeletingService (SCMBlockDeletingService.java:call(155)) - Scanned deleted blocks log and got 0 delTX to process.
2019-09-02 06:30:59,537 [SCMBlockDeletingService#0] DEBUG block.SCMBlockDeletingService (SCMBlockDeletingService.java:call(138)) - Running DeletedBlockTransactionScanner
2019-09-02 06:30:59,537 [SCMBlockDeletingService#0] DEBUG block.SCMBlockDeletingService (SCMBlockDeletingService.java:call(155)) - Scanned deleted blocks log and got 0 delTX to process.
2019-09-02 06:30:59,564 [IPC Server handler 4 on 34298] INFO  server.SCMBlockProtocolServer (SCMBlockProtocolServer.java:deleteKeyBlocks(212)) - SCM is informed by OM to delete 1 blocks
2019-09-02 06:30:59,567 [IPC Server handler 4 on 34298] INFO  block.BlockManagerImpl (BlockManagerImpl.java:deleteBlocks(269)) - Deleting blocks conID: 1 locID: 102721505944076289 bcsId: 0,conID: 2 locID: 102721505944403970 bcsId: 0,conID: 3 locID: 102721505944403971 bcsId: 0,conID: 1 locID: 102721505944600580 bcsId: 0,conID: 2 locID: 102721505944666117 bcsId: 0,conID: 3 locID: 102721505944666118 bcsId: 0,conID: 1 locID: 102721506209824775 bcsId: 0,conID: 2 locID: 102721506214871048 bcsId: 0,conID: 3 locID: 102721506220113929 bcsId: 0,conID: 1 locID: 102721506224766986 bcsId: 0,conID: 2 locID: 102721506230272011 bcsId: 0,conID: 3 locID: 102721506236497932 bcsId: 0,conID: 1 locID: 102721506252881933 bcsId: 0,conID: 2 locID: 102721506257403918 bcsId: 0,conID: 3 locID: 102721506261467151 bcsId: 0,conID: 1 locID: 102721506289909776 bcsId: 0,conID: 2 locID: 102721506294693905 bcsId: 0,conID: 3 locID: 102721506320318482 bcsId: 0,conID: 1 locID: 102721506324971539 bcsId: 0,conID: 2 locID: 102721506329559060 bcsId: 0,conID: 3 locID: 102721506333360149 bcsId: 0,conID: 1 locID: 102721506337488918 bcsId: 0,conID: 2 locID: 102721506342010903 bcsId: 0,conID: 3 locID: 102721506353807384 bcsId: 0,conID: 1 locID: 102721506356494361 bcsId: 0,conID: 2 locID: 102721506361147418 bcsId: 0,conID: 3 locID: 102721506364555291 bcsId: 0,conID: 1 locID: 102721506367897628 bcsId: 0,conID: 2 locID: 102721506378645533 bcsId: 0,conID: 3 locID: 102721506382118942 bcsId: 0,conID: 1 locID: 102721506385592351 bcsId: 0,conID: 2 locID: 102721506389065760 bcsId: 0,conID: 3 locID: 102721506392408097 bcsId: 0,conID: 1 locID: 102721506395488290 bcsId: 0,conID: 2 locID: 102721506403614755 bcsId: 0,conID: 3 locID: 102721506418622500 bcsId: 0,conID: 1 locID: 102721506422358053 bcsId: 0,conID: 2 locID: 102721506425700390 bcsId: 0,conID: 3 locID: 102721506429763623 bcsId: 0,conID: 1 locID: 102721506438807592 bcsId: 0,conID: 2 locID: 102721506442346537 bcsId: 0,conID: 3 locID: 102721506445819946 bcsId: 0,conID: 1 locID: 102721506448965675 bcsId: 0,conID: 2 locID: 102721506452439084 bcsId: 0,conID: 3 locID: 102721506455912493 bcsId: 0,conID: 1 locID: 102721506464563246 bcsId: 0,conID: 2 locID: 102721506468102191 bcsId: 0,conID: 3 locID: 102721506471313456 bcsId: 0,conID: 1 locID: 102721506475180081 bcsId: 0,conID: 2 locID: 102721506478587954 bcsId: 0,conID: 3 locID: 102721506487828531 bcsId: 0,conID: 1 locID: 102721506492088372 bcsId: 0,conID: 2 locID: 102721506496348213 bcsId: 0,conID: 3 locID: 102721506499887158 bcsId: 0,conID: 1 locID: 102721506503688247 bcsId: 0,conID: 2 locID: 102721506506833976 bcsId: 0,conID: 3 locID: 102721506527739961 bcsId: 0,conID: 1 locID: 102721506531278906 bcsId: 0,conID: 2 locID: 102721506534293563 bcsId: 0,conID: 3 locID: 102721506537701436 bcsId: 0,conID: 1 locID: 102721506540978237 bcsId: 0,conID: 2 locID: 102721506552643646 bcsId: 0,conID: 3 locID: 102721506556575807 bcsId: 0,conID: 1 locID: 102721506566209600 bcsId: 0,conID: 2 locID: 102721506570469441 bcsId: 0,conID: 3 locID: 102721506574860354 bcsId: 0,conID: 1 locID: 102721506578595907 bcsId: 0,conID: 2 locID: 102721506588491844 bcsId: 0,conID: 3 locID: 102721506591637573 bcsId: 0,conID: 1 locID: 102721506595110982 bcsId: 0,conID: 2 locID: 102721506598256711 bcsId: 0,conID: 3 locID: 102721506610905160 bcsId: 0,conID: 1 locID: 102721506624602185 bcsId: 0,conID: 2 locID: 102721506627878986 bcsId: 0,conID: 3 locID: 102721506631417931 bcsId: 0,conID: 1 locID: 102721506634760268 bcsId: 0,conID: 2 locID: 102721506638037069 bcsId: 0,conID: 3 locID: 102721506641117262 bcsId: 0,conID: 1 locID: 102721506650816591 bcsId: 0,conID: 2 locID: 102721506654027856 bcsId: 0,conID: 3 locID: 102721506664185937 bcsId: 0,conID: 1 locID: 102721506668314706 bcsId: 0,conID: 2 locID: 102721506671591507 bcsId: 0,conID: 3 locID: 102721506681290836 bcsId: 0,conID: 1 locID: 102721506684698709 bcsId: 0,conID: 2 locID: 102721506688434262 bcsId: 0,conID: 3 locID: 102721506691842135 bcsId: 0,conID: 1 locID: 102721506695118936 bcsId: 0,conID: 2 locID: 102721506698461273 bcsId: 0,conID: 3 locID: 102721506715762778 bcsId: 0,conID: 1 locID: 102721506719170651 bcsId: 0,conID: 2 locID: 102721506722775132 bcsId: 0,conID: 3 locID: 102721506726838365 bcsId: 0,conID: 1 locID: 102721506729984094 bcsId: 0,conID: 2 locID: 102721506741387359 bcsId: 0,conID: 3 locID: 102721506743746656 bcsId: 0,conID: 1 locID: 102721506746957921 bcsId: 0,conID: 2 locID: 102721506750365794 bcsId: 0,conID: 3 locID: 102721506760589411 bcsId: 0,conID: 1 locID: 102721506764128356 bcsId: 0,conID: 2 locID: 102721506772648037 bcsId: 0,conID: 3 locID: 102721506775793766 bcsId: 0,conID: 1 locID: 102721506778742887 bcsId: 0,conID: 2 locID: 102721506781036648 bcsId: 0,conID: 3 locID: 102721506783199337 bcsId: 0,conID: 1 locID: 102721506792243306 bcsId: 0,conID: 2 locID: 102721506799583339 bcsId: 0,conID: 3 locID: 102721506802860140 bcsId: 0,conID: 1 locID: 102721506804629613 bcsId: 0,conID: 2 locID: 102721506806988910 bcsId: 0,conID: 3 locID: 102721506809217135 bcsId: 0,conID: 1 locID: 102721506818326640 bcsId: 0,conID: 2 locID: 102721506821472369 bcsId: 0,conID: 3 locID: 102721506825732210 bcsId: 0,conID: 1 locID: 102721506829664371 bcsId: 0,conID: 2 locID: 102721506833006708 bcsId: 0,conID: 3 locID: 102721506836283509 bcsId: 0,conID: 1 locID: 102721506852012150 bcsId: 0,conID: 2 locID: 102721506855485559 bcsId: 0,conID: 3 locID: 102721506858893432 bcsId: 0,conID: 1 locID: 102721506862366841 bcsId: 0,conID: 2 locID: 102721506865578106 bcsId: 0,conID: 3 locID: 102721506876063867 bcsId: 0,conID: 1 locID: 102721506879799420 bcsId: 0,conID: 2 locID: 102721506889760893 bcsId: 0,conID: 3 locID: 102721506893234302 bcsId: 0,conID: 1 locID: 102721506897297535 bcsId: 0,conID: 2 locID: 102721506900967552 bcsId: 0,conID: 3 locID: 102721506909683841 bcsId: 0,conID: 1 locID: 102721506913026178 bcsId: 0,conID: 2 locID: 102721506917613699 bcsId: 0,conID: 3 locID: 102721506920366212 bcsId: 0,conID: 1 locID: 102721506922266757 bcsId: 0,conID: 2 locID: 102721506935767174 bcsId: 0,conID: 3 locID: 102721506938060935 bcsId: 0,conID: 1 locID: 102721506940813448 bcsId: 0,conID: 2 locID: 102721506943697033 bcsId: 0,conID: 3 locID: 102721506946711690 bcsId: 0,conID: 1 locID: 102721506949857419 bcsId: 0,conID: 2 locID: 102721506960933004 bcsId: 0,conID: 3 locID: 102721506964209805 bcsId: 0,conID: 1 locID: 102721506967552142 bcsId: 0,conID: 2 locID: 102721506977120399 bcsId: 0,conID: 3 locID: 102721506980266128 bcsId: 0,conID: 1 locID: 102721506989047953 bcsId: 0,conID: 2 locID: 102721506992193682 bcsId: 0,conID: 3 locID: 102721506995142803 bcsId: 0,conID: 1 locID: 102721506998288532 bcsId: 0,conID: 2 locID: 102721507001237653 bcsId: 0,conID: 3 locID: 102721507004121238 bcsId: 0,conID: 1 locID: 102721507017293975 bcsId: 0,conID: 2 locID: 102721507020112024 bcsId: 0,conID: 3 locID: 102721507024961689 bcsId: 0,conID: 1 locID: 102721507028172954 bcsId: 0,conID: 2 locID: 102721507031187611 bcsId: 0,conID: 3 locID: 102721507039903900 bcsId: 0,conID: 1 locID: 102721507042853021 bcsId: 0,conID: 2 locID: 102721507045933214 bcsId: 0,conID: 3 locID: 102721507049668767 bcsId: 0,conID: 1 locID: 102721507052421280 bcsId: 0,conID: 2 locID: 102721507055632545 bcsId: 0,conID: 3 locID: 102721507071164578 bcsId: 0,conID: 1 locID: 102721507074048163 bcsId: 0,conID: 2 locID: 102721507076997284 bcsId: 0,conID: 3 locID: 102721507079880869 bcsId: 0,conID: 1 locID: 102721507082829990 bcsId: 0,conID: 2 locID: 102721507092463783 bcsId: 0,conID: 3 locID: 102721507095543976 bcsId: 0,conID: 1 locID: 102721507103998121 bcsId: 0,conID: 2 locID: 102721507107143850 bcsId: 0,conID: 3 locID: 102721507110944939 bcsId: 0,conID: 1 locID: 102721507114352812 bcsId: 0,conID: 2 locID: 102721507123986605 bcsId: 0,conID: 3 locID: 102721507127001262 bcsId: 0,conID: 1 locID: 102721507129884847 bcsId: 0,conID: 2 locID: 102721507133620400 bcsId: 0,conID: 3 locID: 102721507136766129 bcsId: 0,conID: 1 locID: 102721507152429234 bcsId: 0,conID: 2 locID: 102721507155837107 bcsId: 0,conID: 3 locID: 102721507160162484 bcsId: 0,conID: 1 locID: 102721507164029109 bcsId: 0,conID: 2 locID: 102721507167764662 bcsId: 0,conID: 3 locID: 102721507170844855 bcsId: 0,conID: 1 locID: 102721507182510264 bcsId: 0,conID: 2 locID: 102721507185524921 bcsId: 0,conID: 3 locID: 102721507188998330 bcsId: 0,conID: 1 locID: 102721507223339195 bcsId: 0,conID: 2 locID: 102721507227009212 bcsId: 0,conID: 3 locID: 102721507238478013 bcsId: 0,conID: 1 locID: 102721507241951422 bcsId: 0,conID: 2 locID: 102721507244835007 bcsId: 0,conID: 3 locID: 102721507249029312 bcsId: 0,conID: 1 locID: 102721507252109505 bcsId: 0,conID: 2 locID: 102721507254993090 bcsId: 0,conID: 3 locID: 102721507270459587 bcsId: 0,conID: 1 locID: 102721507273539780 bcsId: 0,conID: 2 locID: 102721507276488901 bcsId: 0,conID: 3 locID: 102721507279438022 bcsId: 0,conID: 1 locID: 102721507282387143 bcsId: 0,conID: 2 locID: 102721507289858248 bcsId: 0,conID: 3 locID: 102721507292610761 bcsId: 0,conID: 1 locID: 102721507295690954 bcsId: 0,conID: 2 locID: 102721507298640075 bcsId: 0,conID: 3 locID: 102721507301261516 bcsId: 0,conID: 1 locID: 102721507303555277 bcsId: 0,conID: 2 locID: 102721507316138190 bcsId: 0,conID: 3 locID: 102721507318038735 bcsId: 0,conID: 1 locID: 102721507321250000 bcsId: 0,conID: 2 locID: 102721507324395729 bcsId: 0,conID: 3 locID: 102721507327541458 bcsId: 0,conID: 1 locID: 102721507335733459 bcsId: 0,conID: 2 locID: 102721507339141332 bcsId: 0,conID: 3 locID: 102721507342221525 bcsId: 0,conID: 1 locID: 102721507349954774 bcsId: 0,conID: 2 locID: 102721507353297111 bcsId: 0,conID: 3 locID: 102721507356442840 bcsId: 0,conID: 1 locID: 102721507365617881 bcsId: 0,conID: 2 locID: 102721507368829146 bcsId: 0,conID: 3 locID: 102721507372237019 bcsId: 0,conID: 1 locID: 102721507376234716 bcsId: 0,conID: 2 locID: 102721507379773661 bcsId: 0,conID: 3 locID: 102721507383378142 bcsId: 0,conID: 1 locID: 102721507393536223 bcsId: 0,conID: 2 locID: 102721507397075168 bcsId: 0,conID: 3 locID: 102721507405988065 bcsId: 0,conID: 1 locID: 102721507409264866 bcsId: 0,conID: 2 locID: 102721507412279523 bcsId: 0,conID: 3 locID: 102721507421061348 bcsId: 0,conID: 1 locID: 102721507424403685 bcsId: 0,conID: 2 locID: 102721507427746022 bcsId: 0,conID: 3 locID: 102721507431219431 bcsId: 0,conID: 1 locID: 102721507433971944 bcsId: 0,conID: 2 locID: 102721507436593385 bcsId: 0,conID: 3 locID: 102721507446030570 bcsId: 0,conID: 1 locID: 102721507455009003 bcsId: 0,conID: 2 locID: 102721507458547948 bcsId: 0,conID: 3 locID: 102721507463266541 bcsId: 0,conID: 1 locID: 102721507466674414 bcsId: 0,conID: 2 locID: 102721507478274287 bcsId: 0,conID: 3 locID: 102721507481944304 bcsId: 0,conID: 1 locID: 102721507486204145 bcsId: 0,conID: 2 locID: 102721507489349874 bcsId: 0,conID: 3 locID: 102721507494068467 bcsId: 0,conID: 1 locID: 102721507497607412 bcsId: 0,conID: 2 locID: 102721507506716917 bcsId: 0,conID: 3 locID: 102721507510583542 bcsId: 0,conID: 1 locID: 102721507519561975 bcsId: 0,conID: 2 locID: 102721507522511096 bcsId: 0,conID: 3 locID: 102721507525001465 bcsId: 0,conID: 1 locID: 102721507534373114 bcsId: 0,conID: 2 locID: 102721507537846523 bcsId: 0,conID: 3 locID: 102721507539878140 bcsId: 0,conID: 1 locID: 102721507541909757 bcsId: 0,conID: 2 locID: 102721507545579774 bcsId: 0,conID: 3 locID: 102721507548594431 bcsId: 0,conID: 1 locID: 102721507558228224 bcsId: 0,conID: 2 locID: 102721507560718593 bcsId: 0,conID: 3 locID: 102721507562553602 bcsId: 0,conID: 1 locID: 102721507571400963 bcsId: 0,conID: 2 locID: 102721507574874372 bcsId: 0,conID: 3 locID: 102721507584966917 bcsId: 0,conID: 1 locID: 102721507588440326 bcsId: 0,conID: 2 locID: 102721507592110343 bcsId: 0,conID: 3 locID: 102721507595845896 bcsId: 0,conID: 1 locID: 102721507598729481 bcsId: 0,conID: 2 locID: 102721507601744138 bcsId: 0,conID: 3 locID: 102721507612426507 bcsId: 0,conID: 1 locID: 102721507615899916 bcsId: 0,conID: 2 locID: 102721507619963149 bcsId: 0,conID: 3 locID: 102721507623567630 bcsId: 0,conID: 1 locID: 102721507633463567 bcsId: 0,conID: 2 locID: 102721507643883792 bcsId: 0,conID: 3 locID: 102721507646767377 bcsId: 0,conID: 1 locID: 102721507649782034 bcsId: 0,conID: 2 locID: 102721507653386515 bcsId: 0,conID: 3 locID: 102721507657122068 bcsId: 0,conID: 1 locID: 102721507660136725 bcsId: 0,conID: 2 locID: 102721507668328726 bcsId: 0,conID: 3 locID: 102721507671605527 bcsId: 0,conID: 1 locID: 102721507674751256 bcsId: 0,conID: 2 locID: 102721507678028057 bcsId: 0,conID: 3 locID: 102721507681304858 bcsId: 0,conID: 1 locID: 102721507697819931 bcsId: 0,conID: 2 locID: 102721507701424412 bcsId: 0,conID: 3 locID: 102721507704766749 bcsId: 0,conID: 1 locID: 102721507708371230 bcsId: 0,conID: 2 locID: 102721507711582495 bcsId: 0,conID: 3 locID: 102721507713810720 bcsId: 0,conID: 1 locID: 102721507724165409 bcsId: 0,conID: 2 locID: 102721507727442210 bcsId: 0,conID: 3 locID: 102721507730915619 bcsId: 0,conID: 1 locID: 102721507734126884 bcsId: 0,conID: 2 locID: 102721507737534757 bcsId: 0,conID: 3 locID: 102721507759554854 bcsId: 0,conID: 1 locID: 102721507762897191 bcsId: 0,conID: 2 locID: 102721507766501672 bcsId: 0,conID: 3 locID: 102721507770237225 bcsId: 0,conID: 1 locID: 102721507773382954 bcsId: 0,conID: 2 locID: 102721507777118507 bcsId: 0,conID: 3 locID: 102721507786948908 bcsId: 0,conID: 1 locID: 102721507790881069 bcsId: 0,conID: 2 locID: 102721507794485550 bcsId: 0,conID: 3 locID: 102721507798352175 bcsId: 0,conID: 1 locID: 102721507802022192 bcsId: 0,conID: 2 locID: 102721507822862641 bcsId: 0,conID: 3 locID: 102721507826729266 bcsId: 0,conID: 1 locID: 102721507830268211 bcsId: 0,conID: 2 locID: 102721507833610548 bcsId: 0,conID: 3 locID: 102721507836297525 bcsId: 0,conID: 1 locID: 102721507840360758 bcsId: 0,conID: 2 locID: 102721507849601335 bcsId: 0,conID: 3 locID: 102721507853205816 bcsId: 0,conID: 1 locID: 102721507857006905 bcsId: 0,conID: 2 locID: 102721507861070138 bcsId: 0,conID: 3 locID: 102721507864150331 bcsId: 0,conID: 1 locID: 102721507880730940 bcsId: 0,conID: 2 locID: 102721507884204349 bcsId: 0,conID: 3 locID: 102721507886956862 bcsId: 0,conID: 1 locID: 102721507890233663 bcsId: 0,conID: 2 locID: 102721507893444928 bcsId: 0,conID: 3 locID: 102721507896131905 bcsId: 0,conID: 1 locID: 102721507904192834 bcsId: 0,conID: 2 locID: 102721507906945347 bcsId: 0,conID: 3 locID: 102721507909566788 bcsId: 0,conID: 1 locID: 102721507927523653 bcsId: 0,conID: 2 locID: 102721507931455814 bcsId: 0,conID: 3 locID: 102721507934863687 bcsId: 0,conID: 1 locID: 102721507953869128 bcsId: 0,conID: 2 locID: 102721507957277001 bcsId: 0,conID: 3 locID: 102721507961864522 bcsId: 0,conID: 1 locID: 102721507965534539 bcsId: 0,conID: 2 locID: 102721507969073484 bcsId: 0,conID: 3 locID: 102721507978772813 bcsId: 0,conID: 1 locID: 102721507981853006 bcsId: 0,conID: 2 locID: 102721507985654095 bcsId: 0,conID: 3 locID: 102721507988734288 bcsId: 0,conID: 1 locID: 102721507994829137 bcsId: 0,conID: 2 locID: 102721507998105938 bcsId: 0,conID: 3 locID: 102721508015407443 bcsId: 0,conID: 1 locID: 102721508018880852 bcsId: 0,conID: 2 locID: 102721508022616405 bcsId: 0,conID: 3 locID: 102721508025893206 bcsId: 0,conID: 1 locID: 102721508028973399 bcsId: 0,conID: 2 locID: 102721508038345048 bcsId: 0,conID: 3 locID: 102721508044570969 bcsId: 0,conID: 1 locID: 102721508048437594 bcsId: 0,conID: 2 locID: 102721508051779931 bcsId: 0,conID: 3 locID: 102721508055908700 bcsId: 0,conID: 1 locID: 102721508060103005 bcsId: 0,conID: 2 locID: 102721508072554846 bcsId: 0,conID: 3 locID: 102721508076552543 bcsId: 0,conID: 1 locID: 102721508092871008 bcsId: 0,conID: 2 locID: 102721508096606561 bcsId: 0,conID: 3 locID: 102721508100079970 bcsId: 0,conID: 1 locID: 102721508110106979 bcsId: 0,conID: 2 locID: 102721508112859492 bcsId: 0,conID: 3 locID: 102721508116267365 bcsId: 0,conID: 1 locID: 102721508119544166 bcsId: 0,conID: 2 locID: 102721508122820967 bcsId: 0,conID: 3 locID: 102721508126228840 bcsId: 0,conID: 1 locID: 102721508136321385 bcsId: 0,conID: 2 locID: 102721508139729258 bcsId: 0,conID: 3 locID: 102721508143661419 bcsId: 0,conID: 1 locID: 102721508155064684 bcsId: 0,conID: 2 locID: 102721508158407021 bcsId: 0,conID: 3 locID: 102721508167778670 bcsId: 0,conID: 1 locID: 102721508171055471 bcsId: 0,conID: 2 locID: 102721508174463344 bcsId: 0,conID: 3 locID: 102721508177740145 bcsId: 0,conID: 1 locID: 102721508180492658 bcsId: 0,conID: 2 locID: 102721508183900531 bcsId: 0,conID: 3 locID: 102721508193534324 bcsId: 0,conID: 1 locID: 102721508197138805 bcsId: 0,conID: 2 locID: 102721508200546678 bcsId: 0,conID: 3 locID: 102721508203889015 bcsId: 0,conID: 1 locID: 102721508214440312 bcsId: 0,conID: 2 locID: 102721508225122681 bcsId: 0,conID: 3 locID: 102721508228399482 bcsId: 0,conID: 1 locID: 102721508232200571 bcsId: 0,conID: 2 locID: 102721508236919164 bcsId: 0,conID: 3 locID: 102721508240392573 bcsId: 0,conID: 1 locID: 102721508244193662 bcsId: 0,conID: 2 locID: 102721508253761919 bcsId: 0,conID: 3 locID: 102721508406919552 bcsId: 0,conID: 1 locID: 102721509258625409 bcsId: 0,conID: 2 locID: 102721509293097346 bcsId: 0,conID: 3 locID: 102721509297422723 bcsId: 0,conID: 1 locID: 102721509307646340 bcsId: 0,conID: 2 locID: 102721509311447429 bcsId: 0,conID: 3 locID: 102721509315707270 bcsId: 0,conID: 1 locID: 102721509320294791 bcsId: 0,conID: 2 locID: 102721509324095880 bcsId: 0,conID: 3 locID: 102721509328093577 bcsId: 0,conID: 1 locID: 102721509338710410 bcsId: 0,conID: 2 locID: 102721509341987211 bcsId: 0,conID: 3 locID: 102721509346181516 bcsId: 0,conID: 1 locID: 102721509356011917 bcsId: 0,conID: 2 locID: 102721509360927118 bcsId: 0,conID: 3 locID: 102721509371478415 bcsId: 0,conID: 1 locID: 102721509375279504 bcsId: 0,conID: 2 locID: 102721509378556305 bcsId: 0,conID: 3 locID: 102721509381636498 bcsId: 0,conID: 1 locID: 102721509385109907 bcsId: 0,conID: 2 locID: 102721509388714388 bcsId: 0,conID: 3 locID: 102721509398675861 bcsId: 0,conID: 1 locID: 102721509402149270 bcsId: 0,conID: 2 locID: 102721509406015895 bcsId: 0,conID: 3 locID: 102721509409489304 bcsId: 0,conID: 1 locID: 102721509419843993 bcsId: 0,conID: 2 locID: 102721509430198682 bcsId: 0,conID: 3 locID: 102721509433606555 bcsId: 0,conID: 1 locID: 102721509437800860 bcsId: 0,conID: 2 locID: 102721509441143197 bcsId: 0,conID: 3 locID: 102721509444878750 bcsId: 0,conID: 1 locID: 102721509448483231 bcsId: 0,conID: 2 locID: 102721509460869536 bcsId: 0,conID: 3 locID: 102721509464801697 bcsId: 0,conID: 1 locID: 102721509467554210 bcsId: 0,conID: 2 locID: 102721509470699939 bcsId: 0,conID: 3 locID: 102721509479743908 bcsId: 0,conID: 1 locID: 102721509491016101 bcsId: 0,conID: 2 locID: 102721509494423974 bcsId: 0,conID: 3 locID: 102721509498749351 bcsId: 0,conID: 1 locID: 102721509502288296 bcsId: 0,conID: 2 locID: 102721509505761705 bcsId: 0,conID: 3 locID: 102721509509366186 bcsId: 0,conID: 1 locID: 102721509518344619 bcsId: 0,conID: 2 locID: 102721509522276780 bcsId: 0,conID: 3 locID: 102721509527191981 bcsId: 0,conID: 1 locID: 102721509531189678 bcsId: 0,conID: 2 locID: 102721509534859695 bcsId: 0,conID: 3 locID: 102721509551243696 bcsId: 0,conID: 1 locID: 102721509563040177 bcsId: 0,conID: 2 locID: 102721509565989298 bcsId: 0,conID: 3 locID: 102721509569855923 bcsId: 0,conID: 1 locID: 102721509573853620 bcsId: 0,conID: 2 locID: 102721509578244533 bcsId: 0,conID: 3 locID: 102721509588730294 bcsId: 0,conID: 1 locID: 102721509592400311 bcsId: 0,conID: 2 locID: 102721509596135864 bcsId: 0,conID: 3 locID: 102721509599347129 bcsId: 0,conID: 1 locID: 102721509602427322 bcsId: 0,conID: 2 locID: 102721509613830587 bcsId: 0,conID: 3 locID: 102721509625299388 bcsId: 0,conID: 1 locID: 102721509630804413 bcsId: 0,conID: 2 locID: 102721509634671038 bcsId: 0,conID: 3 locID: 102721509637816767 bcsId: 0,conID: 1 locID: 102721509641028032 bcsId: 0,conID: 2 locID: 102721509650465217 bcsId: 0,conID: 3 locID: 102721509653873090 bcsId: 0,conID: 1 locID: 102721509657739715 bcsId: 0,conID: 2 locID: 102721509662130628 bcsId: 0,conID: 3 locID: 102721509665407429 bcsId: 0,conID: 1 locID: 102721509668291014 bcsId: 0,conID: 2 locID: 102721509681988039 bcsId: 0,conID: 3 locID: 102721509685264840 bcsId: 0,conID: 1 locID: 102721509688607177 bcsId: 0,conID: 2 locID: 102721509692015050 bcsId: 0,conID: 3 locID: 102721509696078283 bcsId: 0,conID: 1 locID: 102721509704204748 bcsId: 0,conID: 2 locID: 102721509707153869 bcsId: 0,conID: 3 locID: 102721509710299598 bcsId: 0,conID: 1 locID: 102721509713314255 bcsId: 0,conID: 2 locID: 102721509716328912 bcsId: 0,conID: 3 locID: 102721509718294993 bcsId: 0,conID: 1 locID: 102721509732188626 bcsId: 0,conID: 2 locID: 102721509735137747 bcsId: 0,conID: 3 locID: 102721509738021332 bcsId: 0,conID: 1 locID: 102721509741101525 bcsId: 0,conID: 2 locID: 102721509744116182 bcsId: 0,conID: 3 locID: 102721509753618903 bcsId: 0,conID: 1 locID: 102721509756240344 bcsId: 0,conID: 2 locID: 102721509758927321 bcsId: 0,conID: 3 locID: 102721509762073050 bcsId: 0,conID: 1 locID: 102721509766267355 bcsId: 0,conID: 2 locID: 102721509768495580 bcsId: 0,conID: 3 locID: 102721509786190301 bcsId: 0,conID: 1 locID: 102721509789598174 bcsId: 0,conID: 2 locID: 102721509793137119 bcsId: 0,conID: 3 locID: 102721509797659104 bcsId: 0,conID: 1 locID: 102721509801394657 bcsId: 0,conID: 2 locID: 102721509813387746 bcsId: 0,conID: 3 locID: 102721509815943651 bcsId: 0,conID: 1 locID: 102721509819417060 bcsId: 0,conID: 2 locID: 102721509822759397 bcsId: 0,conID: 3 locID: 102721509825380838 bcsId: 0,conID: 1 locID: 102721509827740135 bcsId: 0,conID: 2 locID: 102721509852774888 bcsId: 0,conID: 3 locID: 102721509855330793 bcsId: 0,conID: 1 locID: 102721509861949930 bcsId: 0,conID: 2 locID: 102721509864374763 bcsId: 0,conID: 3 locID: 102721509868700140 bcsId: 0,conID: 1 locID: 102721509878333933 bcsId: 0,conID: 2 locID: 102721509882003950 bcsId: 0,conID: 3 locID: 102721509884297711 bcsId: 0,conID: 1 locID: 102721509886394864 bcsId: 0,conID: 2 locID: 102721509889409521 bcsId: 0,conID: 3 locID: 102721509892948466 bcsId: 0,conID: 1 locID: 102721509911691763 bcsId: 0,conID: 2 locID: 102721509916082676 bcsId: 0,conID: 3 locID: 102721509919293941 bcsId: 0,conID: 1 locID: 102721509922111990 bcsId: 0,conID: 2 locID: 102721509925323255 bcsId: 0,conID: 3 locID: 102721509939544568 bcsId: 0,conID: 1 locID: 102721509944590841 bcsId: 0,conID: 2 locID: 102721509948588538 bcsId: 0,conID: 3 locID: 102721509953831419 bcsId: 0,conID: 1 locID: 102721509959860732 bcsId: 0,conID: 2 locID: 102721509964382717 bcsId: 0,conID: 3 locID: 102721509989155326 bcsId: 0,conID: 1 locID: 102721509993611775 bcsId: 0,conID: 2 locID: 102721509998068224 bcsId: 0,conID: 3 locID: 102721510003507713 bcsId: 0,conID: 1 locID: 102721510006915586 bcsId: 0,conID: 2 locID: 102721510017139203 bcsId: 0,conID: 3 locID: 102721510020809220 bcsId: 0,conID: 1 locID: 102721510024544773 bcsId: 0,conID: 2 locID: 102721510028280326 bcsId: 0,conID: 3 locID: 102721510031884807 bcsId: 0,conID: 1 locID: 102721510035620360 bcsId: 0,conID: 2 locID: 102721510065570313 bcsId: 0,conID: 3 locID: 102721510069174794 bcsId: 0,conID: 1 locID: 102721510073106955 bcsId: 0,conID: 2 locID: 102721510076842508 bcsId: 0,conID: 3 locID: 102721510080643597 bcsId: 0,conID: 1 locID: 102721510093226510 bcsId: 0,conID: 2 locID: 102721510097289743 bcsId: 0,conID: 3 locID: 102721510101615120 bcsId: 0,conID: 1 locID: 102721510106006033 bcsId: 0,conID: 2 locID: 102721510110331410 bcsId: 0,conID: 3 locID: 102721510114722323 bcsId: 0,conID: 1 locID: 102721510138774036 bcsId: 0,conID: 2 locID: 102721510142771733 bcsId: 0,conID: 3 locID: 102721510146572822 bcsId: 0,conID: 1 locID: 102721510150439447 bcsId: 0,conID: 2 locID: 102721510154568216 bcsId: 0,conID: 3 locID: 102721510159352345 bcsId: 0,conID: 1 locID: 102721510196380186 bcsId: 0,conID: 2 locID: 102721510308446747 bcsId: 0,conID: 3 locID: 102721510311592476 bcsId: 0,conID: 1 locID: 102721510314017309 bcsId: 0,conID: 2 locID: 102721510317556254 bcsId: 0,conID: 3 locID: 102721510329483807 bcsId: 0,conID: 1 locID: 102721510332826144 bcsId: 0,conID: 2 locID: 102721510340690465 bcsId: 0,conID: 3 locID: 102721510344557090 bcsId: 0,conID: 1 locID: 102721510347702819 bcsId: 0,conID: 2 locID: 102721510351110692 bcsId: 0,conID: 3 locID: 102721510363300389 bcsId: 0,conID: 1 locID: 102721510366904870 bcsId: 0,conID: 2 locID: 102721510370902567 bcsId: 0,conID: 3 locID: 102721510374638120 bcsId: 0,conID: 1 locID: 102721510377587241 bcsId: 0
2019-09-02 06:30:59,637 [SCMBlockDeletingService#0] DEBUG block.SCMBlockDeletingService (SCMBlockDeletingService.java:call(138)) - Running DeletedBlockTransactionScanner
2019-09-02 06:30:59,639 [SCMBlockDeletingService#0] DEBUG block.SCMBlockDeletingService (SCMBlockDeletingService.java:call(155)) - Scanned deleted blocks log and got 0 delTX to process.
2019-09-02 06:30:59,739 [SCMBlockDeletingService#0] DEBUG block.SCMBlockDeletingService (SCMBlockDeletingService.java:call(138)) - Running DeletedBlockTransactionScanner
2019-09-02 06:30:59,740 [SCMBlockDeletingService#0] DEBUG block.SCMBlockDeletingService (SCMBlockDeletingService.java:call(155)) - Scanned deleted blocks log and got 0 delTX to process.
2019-09-02 06:30:59,840 [SCMBlockDeletingService#0] DEBUG block.SCMBlockDeletingService (SCMBlockDeletingService.java:call(138)) - Running DeletedBlockTransactionScanner
2019-09-02 06:30:59,840 [SCMBlockDeletingService#0] DEBUG block.SCMBlockDeletingService (SCMBlockDeletingService.java:call(155)) - Scanned deleted blocks log and got 0 delTX to process.
2019-09-02 06:30:59,941 [SCMBlockDeletingService#0] DEBUG block.SCMBlockDeletingService (SCMBlockDeletingService.java:call(138)) - Running DeletedBlockTransactionScanner
2019-09-02 06:30:59,942 [SCMBlockDeletingService#0] DEBUG block.SCMBlockDeletingService (SCMBlockDeletingService.java:call(155)) - Scanned deleted blocks log and got 0 delTX to process.
2019-09-02 06:31:00,042 [SCMBlockDeletingService#0] DEBUG block.SCMBlockDeletingService (SCMBlockDeletingService.java:call(138)) - Running DeletedBlockTransactionScanner
2019-09-02 06:31:00,043 [SCMBlockDeletingService#0] DEBUG block.SCMBlockDeletingService (SCMBlockDeletingService.java:call(155)) - Scanned deleted blocks log and got 0 delTX to process.
2019-09-02 06:31:00,143 [SCMBlockDeletingService#0] DEBUG block.SCMBlockDeletingService (SCMBlockDeletingService.java:call(138)) - Running DeletedBlockTransactionScanner
2019-09-02 06:31:00,144 [SCMBlockDeletingService#0] DEBUG block.SCMBlockDeletingService (SCMBlockDeletingService.java:call(155)) - Scanned deleted blocks log and got 0 delTX to process.
2019-09-02 06:31:00,244 [SCMBlockDeletingService#0] DEBUG block.SCMBlockDeletingService (SCMBlockDeletingService.java:call(138)) - Running DeletedBlockTransactionScanner
2019-09-02 06:31:00,245 [SCMBlockDeletingService#0] DEBUG block.SCMBlockDeletingService (SCMBlockDeletingService.java:call(155)) - Scanned deleted blocks log and got 0 delTX to process.
2019-09-02 06:31:00,345 [SCMBlockDeletingService#0] DEBUG block.SCMBlockDeletingService (SCMBlockDeletingService.java:call(138)) - Running DeletedBlockTransactionScanner
2019-09-02 06:31:00,346 [SCMBlockDeletingService#0] DEBUG block.SCMBlockDeletingService (SCMBlockDeletingService.java:call(155)) - Scanned deleted blocks log and got 0 delTX to process.
2019-09-02 06:31:00,446 [SCMBlockDeletingService#0] DEBUG block.SCMBlockDeletingService (SCMBlockDeletingService.java:call(138)) - Running DeletedBlockTransactionScanner
2019-09-02 06:31:00,447 [SCMBlockDeletingService#0] DEBUG block.SCMBlockDeletingService (SCMBlockDeletingService.java:call(155)) - Scanned deleted blocks log and got 0 delTX to process.
2019-09-02 06:31:00,548 [SCMBlockDeletingService#0] DEBUG block.SCMBlockDeletingService (SCMBlockDeletingService.java:call(138)) - Running DeletedBlockTransactionScanner
2019-09-02 06:31:00,548 [SCMBlockDeletingService#0] DEBUG block.SCMBlockDeletingService (SCMBlockDeletingService.java:call(155)) - Scanned deleted blocks log and got 0 delTX to process.
2019-09-02 06:31:00,649 [SCMBlockDeletingService#0] DEBUG block.SCMBlockDeletingService (SCMBlockDeletingService.java:call(138)) - Running DeletedBlockTransactionScanner
2019-09-02 06:31:00,649 [SCMBlockDeletingService#0] DEBUG block.SCMBlockDeletingService (SCMBlockDeletingService.java:call(155)) - Scanned deleted blocks log and got 0 delTX to process.
2019-09-02 06:31:00,750 [SCMBlockDeletingService#0] DEBUG block.SCMBlockDeletingService (SCMBlockDeletingService.java:call(138)) - Running DeletedBlockTransactionScanner
2019-09-02 06:31:00,751 [SCMBlockDeletingService#0] DEBUG block.SCMBlockDeletingService (SCMBlockDeletingService.java:call(155)) - Scanned deleted blocks log and got 0 delTX to process.
2019-09-02 06:31:00,851 [SCMBlockDeletingService#1] DEBUG block.SCMBlockDeletingService (SCMBlockDeletingService.java:call(138)) - Running DeletedBlockTransactionScanner
2019-09-02 06:31:00,854 [SCMBlockDeletingService#1] DEBUG block.SCMBlockDeletingService (SCMBlockDeletingService.java:call(155)) - Scanned deleted blocks log and got 0 delTX to process.
2019-09-02 06:31:00,954 [SCMBlockDeletingService#1] DEBUG block.SCMBlockDeletingService (SCMBlockDeletingService.java:call(138)) - Running DeletedBlockTransactionScanner
2019-09-02 06:31:00,955 [SCMBlockDeletingService#1] DEBUG block.SCMBlockDeletingService (SCMBlockDeletingService.java:call(155)) - Scanned deleted blocks log and got 0 delTX to process.
2019-09-02 06:31:01,056 [SCMBlockDeletingService#1] DEBUG block.SCMBlockDeletingService (SCMBlockDeletingService.java:call(138)) - Running DeletedBlockTransactionScanner
2019-09-02 06:31:01,057 [SCMBlockDeletingService#1] DEBUG block.SCMBlockDeletingService (SCMBlockDeletingService.java:call(155)) - Scanned deleted blocks log and got 0 delTX to process.
2019-09-02 06:31:01,158 [SCMBlockDeletingService#1] DEBUG block.SCMBlockDeletingService (SCMBlockDeletingService.java:call(138)) - Running DeletedBlockTransactionScanner
2019-09-02 06:31:01,158 [SCMBlockDeletingService#1] DEBUG block.SCMBlockDeletingService (SCMBlockDeletingService.java:call(155)) - Scanned deleted blocks log and got 0 delTX to process.
2019-09-02 06:31:01,258 [SCMBlockDeletingService#1] DEBUG block.SCMBlockDeletingService (SCMBlockDeletingService.java:call(138)) - Running DeletedBlockTransactionScanner
2019-09-02 06:31:01,259 [SCMBlockDeletingService#1] DEBUG block.SCMBlockDeletingService (SCMBlockDeletingService.java:call(155)) - Scanned deleted blocks log and got 0 delTX to process.
2019-09-02 06:31:01,360 [SCMBlockDeletingService#1] DEBUG block.SCMBlockDeletingService (SCMBlockDeletingService.java:call(138)) - Running DeletedBlockTransactionScanner
2019-09-02 06:31:01,360 [SCMBlockDeletingService#1] DEBUG block.SCMBlockDeletingService (SCMBlockDeletingService.java:call(155)) - Scanned deleted blocks log and got 0 delTX to process.
2019-09-02 06:31:01,461 [SCMBlockDeletingService#1] DEBUG block.SCMBlockDeletingService (SCMBlockDeletingService.java:call(138)) - Running DeletedBlockTransactionScanner
2019-09-02 06:31:01,461 [SCMBlockDeletingService#1] DEBUG block.SCMBlockDeletingService (SCMBlockDeletingService.java:call(155)) - Scanned deleted blocks log and got 0 delTX to process.
2019-09-02 06:31:01,562 [SCMBlockDeletingService#1] DEBUG block.SCMBlockDeletingService (SCMBlockDeletingService.java:call(138)) - Running DeletedBlockTransactionScanner
2019-09-02 06:31:01,562 [SCMBlockDeletingService#1] DEBUG block.SCMBlockDeletingService (SCMBlockDeletingService.java:call(155)) - Scanned deleted blocks log and got 0 delTX to process.
2019-09-02 06:31:01,663 [SCMBlockDeletingService#1] DEBUG block.SCMBlockDeletingService (SCMBlockDeletingService.java:call(138)) - Running DeletedBlockTransactionScanner
2019-09-02 06:31:01,663 [SCMBlockDeletingService#1] DEBUG block.SCMBlockDeletingService (SCMBlockDeletingService.java:call(155)) - Scanned deleted blocks log and got 0 delTX to process.
2019-09-02 06:31:01,764 [SCMBlockDeletingService#0] DEBUG block.SCMBlockDeletingService (SCMBlockDeletingService.java:call(138)) - Running DeletedBlockTransactionScanner
2019-09-02 06:31:01,764 [SCMBlockDeletingService#0] DEBUG block.SCMBlockDeletingService (SCMBlockDeletingService.java:call(155)) - Scanned deleted blocks log and got 0 delTX to process.
2019-09-02 06:31:01,865 [SCMBlockDeletingService#0] DEBUG block.SCMBlockDeletingService (SCMBlockDeletingService.java:call(138)) - Running DeletedBlockTransactionScanner
2019-09-02 06:31:01,865 [SCMBlockDeletingService#0] DEBUG block.SCMBlockDeletingService (SCMBlockDeletingService.java:call(155)) - Scanned deleted blocks log and got 0 delTX to process.
2019-09-02 06:31:01,966 [SCMBlockDeletingService#0] DEBUG block.SCMBlockDeletingService (SCMBlockDeletingService.java:call(138)) - Running DeletedBlockTransactionScanner
2019-09-02 06:31:01,966 [SCMBlockDeletingService#0] DEBUG block.SCMBlockDeletingService (SCMBlockDeletingService.java:call(155)) - Scanned deleted blocks log and got 0 delTX to process.
2019-09-02 06:31:02,067 [SCMBlockDeletingService#0] DEBUG block.SCMBlockDeletingService (SCMBlockDeletingService.java:call(138)) - Running DeletedBlockTransactionScanner
2019-09-02 06:31:02,067 [SCMBlockDeletingService#0] DEBUG block.SCMBlockDeletingService (SCMBlockDeletingService.java:call(155)) - Scanned deleted blocks log and got 0 delTX to process.
2019-09-02 06:31:02,168 [SCMBlockDeletingService#0] DEBUG block.SCMBlockDeletingService (SCMBlockDeletingService.java:call(138)) - Running DeletedBlockTransactionScanner
2019-09-02 06:31:02,169 [SCMBlockDeletingService#0] DEBUG block.SCMBlockDeletingService (SCMBlockDeletingService.java:call(155)) - Scanned deleted blocks log and got 0 delTX to process.
2019-09-02 06:31:02,269 [SCMBlockDeletingService#0] DEBUG block.SCMBlockDeletingService (SCMBlockDeletingService.java:call(138)) - Running DeletedBlockTransactionScanner
2019-09-02 06:31:02,270 [SCMBlockDeletingService#0] DEBUG block.SCMBlockDeletingService (SCMBlockDeletingService.java:call(155)) - Scanned deleted blocks log and got 0 delTX to process.
2019-09-02 06:31:02,370 [SCMBlockDeletingService#0] DEBUG block.SCMBlockDeletingService (SCMBlockDeletingService.java:call(138)) - Running DeletedBlockTransactionScanner
2019-09-02 06:31:02,371 [SCMBlockDeletingService#0] DEBUG block.SCMBlockDeletingService (SCMBlockDeletingService.java:call(155)) - Scanned deleted blocks log and got 0 delTX to process.
2019-09-02 06:31:02,471 [SCMBlockDeletingService#0] DEBUG block.SCMBlockDeletingService (SCMBlockDeletingService.java:call(138)) - Running DeletedBlockTransactionScanner
2019-09-02 06:31:02,472 [SCMBlockDeletingService#0] DEBUG block.SCMBlockDeletingService (SCMBlockDeletingService.java:call(155)) - Scanned deleted blocks log and got 0 delTX to process.
2019-09-02 06:31:02,572 [SCMBlockDeletingService#0] DEBUG block.SCMBlockDeletingService (SCMBlockDeletingService.java:call(138)) - Running DeletedBlockTransactionScanner
2019-09-02 06:31:02,573 [SCMBlockDeletingService#0] DEBUG block.SCMBlockDeletingService (SCMBlockDeletingService.java:call(155)) - Scanned deleted blocks log and got 0 delTX to process.
2019-09-02 06:31:02,674 [SCMBlockDeletingService#0] DEBUG block.SCMBlockDeletingService (SCMBlockDeletingService.java:call(138)) - Running DeletedBlockTransactionScanner
2019-09-02 06:31:02,674 [SCMBlockDeletingService#0] DEBUG block.SCMBlockDeletingService (SCMBlockDeletingService.java:call(155)) - Scanned deleted blocks log and got 0 delTX to process.
2019-09-02 06:31:02,775 [SCMBlockDeletingService#0] DEBUG block.SCMBlockDeletingService (SCMBlockDeletingService.java:call(138)) - Running DeletedBlockTransactionScanner
2019-09-02 06:31:02,776 [SCMBlockDeletingService#0] DEBUG block.SCMBlockDeletingService (SCMBlockDeletingService.java:call(155)) - Scanned deleted blocks log and got 0 delTX to process.
2019-09-02 06:31:02,876 [SCMBlockDeletingService#0] DEBUG block.SCMBlockDeletingService (SCMBlockDeletingService.java:call(138)) - Running DeletedBlockTransactionScanner
2019-09-02 06:31:02,877 [SCMBlockDeletingService#0] DEBUG block.SCMBlockDeletingService (SCMBlockDeletingService.java:call(155)) - Scanned deleted blocks log and got 0 delTX to process.
2019-09-02 06:31:02,977 [SCMBlockDeletingService#0] DEBUG block.SCMBlockDeletingService (SCMBlockDeletingService.java:call(138)) - Running DeletedBlockTransactionScanner
2019-09-02 06:31:02,978 [SCMBlockDeletingService#0] DEBUG block.SCMBlockDeletingService (SCMBlockDeletingService.java:call(155)) - Scanned deleted blocks log and got 0 delTX to process.
2019-09-02 06:31:03,078 [SCMBlockDeletingService#0] DEBUG block.SCMBlockDeletingService (SCMBlockDeletingService.java:call(138)) - Running DeletedBlockTransactionScanner
2019-09-02 06:31:03,079 [SCMBlockDeletingService#0] DEBUG block.SCMBlockDeletingService (SCMBlockDeletingService.java:call(155)) - Scanned deleted blocks log and got 0 delTX to process.
2019-09-02 06:31:03,179 [SCMBlockDeletingService#0] DEBUG block.SCMBlockDeletingService (SCMBlockDeletingService.java:call(138)) - Running DeletedBlockTransactionScanner
2019-09-02 06:31:03,180 [SCMBlockDeletingService#0] DEBUG block.SCMBlockDeletingService (SCMBlockDeletingService.java:call(155)) - Scanned deleted blocks log and got 0 delTX to process.
2019-09-02 06:31:03,280 [SCMBlockDeletingService#0] DEBUG block.SCMBlockDeletingService (SCMBlockDeletingService.java:call(138)) - Running DeletedBlockTransactionScanner
2019-09-02 06:31:03,281 [SCMBlockDeletingService#0] DEBUG block.SCMBlockDeletingService (SCMBlockDeletingService.java:call(155)) - Scanned deleted blocks log and got 0 delTX to process.
2019-09-02 06:31:03,381 [SCMBlockDeletingService#0] DEBUG block.SCMBlockDeletingService (SCMBlockDeletingService.java:call(138)) - Running DeletedBlockTransactionScanner
2019-09-02 06:31:03,382 [SCMBlockDeletingService#0] DEBUG block.SCMBlockDeletingService (SCMBlockDeletingService.java:call(155)) - Scanned deleted blocks log and got 0 delTX to process.
2019-09-02 06:31:03,482 [SCMBlockDeletingService#1] DEBUG block.SCMBlockDeletingService (SCMBlockDeletingService.java:call(138)) - Running DeletedBlockTransactionScanner
2019-09-02 06:31:03,483 [SCMBlockDeletingService#1] DEBUG block.SCMBlockDeletingService (SCMBlockDeletingService.java:call(155)) - Scanned deleted blocks log and got 0 delTX to process.
2019-09-02 06:31:03,583 [SCMBlockDeletingService#1] DEBUG block.SCMBlockDeletingService (SCMBlockDeletingService.java:call(138)) - Running DeletedBlockTransactionScanner
2019-09-02 06:31:03,583 [SCMBlockDeletingService#1] DEBUG block.SCMBlockDeletingService (SCMBlockDeletingService.java:call(155)) - Scanned deleted blocks log and got 0 delTX to process.
2019-09-02 06:31:03,684 [SCMBlockDeletingService#1] DEBUG block.SCMBlockDeletingService (SCMBlockDeletingService.java:call(138)) - Running DeletedBlockTransactionScanner
2019-09-02 06:31:03,684 [SCMBlockDeletingService#1] DEBUG block.SCMBlockDeletingService (SCMBlockDeletingService.java:call(155)) - Scanned deleted blocks log and got 0 delTX to process.
2019-09-02 06:31:03,785 [SCMBlockDeletingService#1] DEBUG block.SCMBlockDeletingService (SCMBlockDeletingService.java:call(138)) - Running DeletedBlockTransactionScanner
2019-09-02 06:31:03,785 [SCMBlockDeletingService#1] DEBUG block.SCMBlockDeletingService (SCMBlockDeletingService.java:call(155)) - Scanned deleted blocks log and got 0 delTX to process.
2019-09-02 06:31:03,886 [SCMBlockDeletingService#1] DEBUG block.SCMBlockDeletingService (SCMBlockDeletingService.java:call(138)) - Running DeletedBlockTransactionScanner
2019-09-02 06:31:03,886 [SCMBlockDeletingService#1] DEBUG block.SCMBlockDeletingService (SCMBlockDeletingService.java:call(155)) - Scanned deleted blocks log and got 0 delTX to process.
2019-09-02 06:31:03,987 [SCMBlockDeletingService#1] DEBUG block.SCMBlockDeletingService (SCMBlockDeletingService.java:call(138)) - Running DeletedBlockTransactionScanner
2019-09-02 06:31:03,987 [SCMBlockDeletingService#1] DEBUG block.SCMBlockDeletingService (SCMBlockDeletingService.java:call(155)) - Scanned deleted blocks log and got 0 delTX to process.
2019-09-02 06:31:04,087 [SCMBlockDeletingService#1] DEBUG block.SCMBlockDeletingService (SCMBlockDeletingService.java:call(138)) - Running DeletedBlockTransactionScanner
2019-09-02 06:31:04,088 [SCMBlockDeletingService#1] DEBUG block.SCMBlockDeletingService (SCMBlockDeletingService.java:call(155)) - Scanned deleted blocks log and got 0 delTX to process.
2019-09-02 06:31:04,188 [SCMBlockDeletingService#1] DEBUG block.SCMBlockDeletingService (SCMBlockDeletingService.java:call(138)) - Running DeletedBlockTransactionScanner
2019-09-02 06:31:04,189 [SCMBlockDeletingService#1] DEBUG block.SCMBlockDeletingService (SCMBlockDeletingService.java:call(155)) - Scanned deleted blocks log and got 0 delTX to process.
2019-09-02 06:31:04,289 [SCMBlockDeletingService#1] DEBUG block.SCMBlockDeletingService (SCMBlockDeletingService.java:call(138)) - Running DeletedBlockTransactionScanner
2019-09-02 06:31:04,290 [SCMBlockDeletingService#1] DEBUG block.SCMBlockDeletingService (SCMBlockDeletingService.java:call(155)) - Scanned deleted blocks log and got 0 delTX to process.
2019-09-02 06:31:04,390 [SCMBlockDeletingService#1] DEBUG block.SCMBlockDeletingService (SCMBlockDeletingService.java:call(138)) - Running DeletedBlockTransactionScanner
2019-09-02 06:31:04,391 [SCMBlockDeletingService#1] DEBUG block.SCMBlockDeletingService (SCMBlockDeletingService.java:call(155)) - Scanned deleted blocks log and got 0 delTX to process.
2019-09-02 06:31:04,491 [SCMBlockDeletingService#1] DEBUG block.SCMBlockDeletingService (SCMBlockDeletingService.java:call(138)) - Running DeletedBlockTransactionScanner
2019-09-02 06:31:04,495 [SCMBlockDeletingService#1] DEBUG block.SCMBlockDeletingService (SCMBlockDeletingService.java:call(155)) - Scanned deleted blocks log and got 3 delTX to process.
2019-09-02 06:31:04,503 [SCMBlockDeletingService#1] DEBUG block.SCMBlockDeletingService (SCMBlockDeletingService.java:call(171)) - Added delete block command for datanode 3258574c-39ac-4ed5-9145-ea59a337c299 in the queue, number of delete block transactions: 3, TxID list: 1,2,3
2019-09-02 06:31:04,505 [SCMBlockDeletingService#1] INFO  block.SCMBlockDeletingService (SCMBlockDeletingService.java:call(182)) - Totally added 3 delete blocks command for 1 datanodes, task elapsed time: 14ms
2019-09-02 06:31:04,605 [SCMBlockDeletingService#1] DEBUG block.SCMBlockDeletingService (SCMBlockDeletingService.java:call(138)) - Running DeletedBlockTransactionScanner
2019-09-02 06:31:04,606 [SCMBlockDeletingService#1] DEBUG block.SCMBlockDeletingService (SCMBlockDeletingService.java:call(155)) - Scanned deleted blocks log and got 3 delTX to process.
2019-09-02 06:31:04,606 [SCMBlockDeletingService#1] DEBUG block.SCMBlockDeletingService (SCMBlockDeletingService.java:call(171)) - Added delete block command for datanode 3258574c-39ac-4ed5-9145-ea59a337c299 in the queue, number of delete block transactions: 3, TxID list: 1,2,3
2019-09-02 06:31:04,607 [SCMBlockDeletingService#1] INFO  block.SCMBlockDeletingService (SCMBlockDeletingService.java:call(182)) - Totally added 3 delete blocks command for 1 datanodes, task elapsed time: 2ms
2019-09-02 06:31:04,636 [Datanode State Machine Thread - 0] INFO  statemachine.DatanodeStateMachine (DatanodeStateMachine.java:lambda$startDaemon$0(350)) - Ozone container server started.
2019-09-02 06:31:04,707 [SCMBlockDeletingService#1] DEBUG block.SCMBlockDeletingService (SCMBlockDeletingService.java:call(138)) - Running DeletedBlockTransactionScanner
2019-09-02 06:31:04,707 [SCMBlockDeletingService#1] DEBUG block.SCMBlockDeletingService (SCMBlockDeletingService.java:call(155)) - Scanned deleted blocks log and got 3 delTX to process.
2019-09-02 06:31:04,708 [SCMBlockDeletingService#1] DEBUG block.SCMBlockDeletingService (SCMBlockDeletingService.java:call(171)) - Added delete block command for datanode 3258574c-39ac-4ed5-9145-ea59a337c299 in the queue, number of delete block transactions: 3, TxID list: 1,2,3
2019-09-02 06:31:04,708 [SCMBlockDeletingService#1] INFO  block.SCMBlockDeletingService (SCMBlockDeletingService.java:call(182)) - Totally added 3 delete blocks command for 1 datanodes, task elapsed time: 2ms
2019-09-02 06:31:04,809 [SCMBlockDeletingService#1] DEBUG block.SCMBlockDeletingService (SCMBlockDeletingService.java:call(138)) - Running DeletedBlockTransactionScanner
2019-09-02 06:31:04,809 [SCMBlockDeletingService#1] DEBUG block.SCMBlockDeletingService (SCMBlockDeletingService.java:call(155)) - Scanned deleted blocks log and got 3 delTX to process.
2019-09-02 06:31:04,810 [SCMBlockDeletingService#1] DEBUG block.SCMBlockDeletingService (SCMBlockDeletingService.java:call(171)) - Added delete block command for datanode 3258574c-39ac-4ed5-9145-ea59a337c299 in the queue, number of delete block transactions: 3, TxID list: 1,2,3
2019-09-02 06:31:04,810 [SCMBlockDeletingService#1] INFO  block.SCMBlockDeletingService (SCMBlockDeletingService.java:call(182)) - Totally added 3 delete blocks command for 1 datanodes, task elapsed time: 1ms
2019-09-02 06:31:04,910 [SCMBlockDeletingService#1] DEBUG block.SCMBlockDeletingService (SCMBlockDeletingService.java:call(138)) - Running DeletedBlockTransactionScanner
2019-09-02 06:31:04,911 [SCMBlockDeletingService#1] DEBUG block.SCMBlockDeletingService (SCMBlockDeletingService.java:call(155)) - Scanned deleted blocks log and got 3 delTX to process.
2019-09-02 06:31:04,911 [SCMBlockDeletingService#1] DEBUG block.SCMBlockDeletingService (SCMBlockDeletingService.java:call(171)) - Added delete block command for datanode 3258574c-39ac-4ed5-9145-ea59a337c299 in the queue, number of delete block transactions: 3, TxID list: 1,2,3
2019-09-02 06:31:04,912 [SCMBlockDeletingService#1] INFO  block.SCMBlockDeletingService (SCMBlockDeletingService.java:call(182)) - Totally added 3 delete blocks command for 1 datanodes, task elapsed time: 1ms
2019-09-02 06:31:05,012 [SCMBlockDeletingService#1] DEBUG block.SCMBlockDeletingService (SCMBlockDeletingService.java:call(138)) - Running DeletedBlockTransactionScanner
2019-09-02 06:31:05,013 [SCMBlockDeletingService#1] DEBUG block.SCMBlockDeletingService (SCMBlockDeletingService.java:call(155)) - Scanned deleted blocks log and got 3 delTX to process.
2019-09-02 06:31:05,013 [SCMBlockDeletingService#1] DEBUG block.SCMBlockDeletingService (SCMBlockDeletingService.java:call(171)) - Added delete block command for datanode 3258574c-39ac-4ed5-9145-ea59a337c299 in the queue, number of delete block transactions: 3, TxID list: 1,2,3
2019-09-02 06:31:05,014 [SCMBlockDeletingService#1] INFO  block.SCMBlockDeletingService (SCMBlockDeletingService.java:call(182)) - Totally added 3 delete blocks command for 1 datanodes, task elapsed time: 1ms
2019-09-02 06:31:05,115 [SCMBlockDeletingService#1] DEBUG block.SCMBlockDeletingService (SCMBlockDeletingService.java:call(138)) - Running DeletedBlockTransactionScanner
2019-09-02 06:31:05,115 [SCMBlockDeletingService#1] DEBUG block.SCMBlockDeletingService (SCMBlockDeletingService.java:call(155)) - Scanned deleted blocks log and got 3 delTX to process.
2019-09-02 06:31:05,115 [SCMBlockDeletingService#1] DEBUG block.SCMBlockDeletingService (SCMBlockDeletingService.java:call(171)) - Added delete block command for datanode 3258574c-39ac-4ed5-9145-ea59a337c299 in the queue, number of delete block transactions: 3, TxID list: 1,2,3
2019-09-02 06:31:05,116 [SCMBlockDeletingService#1] INFO  block.SCMBlockDeletingService (SCMBlockDeletingService.java:call(182)) - Totally added 3 delete blocks command for 1 datanodes, task elapsed time: 1ms
2019-09-02 06:31:05,216 [SCMBlockDeletingService#0] DEBUG block.SCMBlockDeletingService (SCMBlockDeletingService.java:call(138)) - Running DeletedBlockTransactionScanner
2019-09-02 06:31:05,217 [SCMBlockDeletingService#0] DEBUG block.SCMBlockDeletingService (SCMBlockDeletingService.java:call(155)) - Scanned deleted blocks log and got 3 delTX to process.
2019-09-02 06:31:05,218 [SCMBlockDeletingService#0] DEBUG block.SCMBlockDeletingService (SCMBlockDeletingService.java:call(171)) - Added delete block command for datanode 3258574c-39ac-4ed5-9145-ea59a337c299 in the queue, number of delete block transactions: 3, TxID list: 1,2,3
2019-09-02 06:31:05,218 [SCMBlockDeletingService#0] INFO  block.SCMBlockDeletingService (SCMBlockDeletingService.java:call(182)) - Totally added 3 delete blocks command for 1 datanodes, task elapsed time: 3ms
2019-09-02 06:31:05,319 [SCMBlockDeletingService#1] DEBUG block.SCMBlockDeletingService (SCMBlockDeletingService.java:call(138)) - Running DeletedBlockTransactionScanner
2019-09-02 06:31:05,319 [SCMBlockDeletingService#1] DEBUG block.SCMBlockDeletingService (SCMBlockDeletingService.java:call(155)) - Scanned deleted blocks log and got 3 delTX to process.
2019-09-02 06:31:05,319 [SCMBlockDeletingService#1] DEBUG block.SCMBlockDeletingService (SCMBlockDeletingService.java:call(171)) - Added delete block command for datanode 3258574c-39ac-4ed5-9145-ea59a337c299 in the queue, number of delete block transactions: 3, TxID list: 1,2,3
2019-09-02 06:31:05,320 [SCMBlockDeletingService#1] INFO  block.SCMBlockDeletingService (SCMBlockDeletingService.java:call(182)) - Totally added 3 delete blocks command for 1 datanodes, task elapsed time: 1ms
2019-09-02 06:31:05,420 [SCMBlockDeletingService#0] DEBUG block.SCMBlockDeletingService (SCMBlockDeletingService.java:call(138)) - Running DeletedBlockTransactionScanner
2019-09-02 06:31:05,421 [SCMBlockDeletingService#0] DEBUG block.SCMBlockDeletingService (SCMBlockDeletingService.java:call(155)) - Scanned deleted blocks log and got 3 delTX to process.
2019-09-02 06:31:05,421 [SCMBlockDeletingService#0] DEBUG block.SCMBlockDeletingService (SCMBlockDeletingService.java:call(171)) - Added delete block command for datanode 3258574c-39ac-4ed5-9145-ea59a337c299 in the queue, number of delete block transactions: 3, TxID list: 1,2,3
2019-09-02 06:31:05,421 [SCMBlockDeletingService#0] INFO  block.SCMBlockDeletingService (SCMBlockDeletingService.java:call(182)) - Totally added 3 delete blocks command for 1 datanodes, task elapsed time: 2ms
2019-09-02 06:31:05,505 [pool-7-thread-1] INFO  commands.RetriableDatanodeEventWatcher (RetriableDatanodeEventWatcher.java:onTimeout(47)) - RetriableDatanodeCommand type=deleteBlocksCommand with id=1567405864501 timed out. Retrying.
2019-09-02 06:31:05,522 [SCMBlockDeletingService#0] DEBUG block.SCMBlockDeletingService (SCMBlockDeletingService.java:call(138)) - Running DeletedBlockTransactionScanner
2019-09-02 06:31:05,522 [SCMBlockDeletingService#0] DEBUG block.SCMBlockDeletingService (SCMBlockDeletingService.java:call(155)) - Scanned deleted blocks log and got 3 delTX to process.
2019-09-02 06:31:05,523 [SCMBlockDeletingService#0] DEBUG block.SCMBlockDeletingService (SCMBlockDeletingService.java:call(171)) - Added delete block command for datanode 3258574c-39ac-4ed5-9145-ea59a337c299 in the queue, number of delete block transactions: 3, TxID list: 1,2,3
2019-09-02 06:31:05,523 [SCMBlockDeletingService#0] INFO  block.SCMBlockDeletingService (SCMBlockDeletingService.java:call(182)) - Totally added 3 delete blocks command for 1 datanodes, task elapsed time: 1ms
2019-09-02 06:31:05,606 [pool-7-thread-1] INFO  commands.RetriableDatanodeEventWatcher (RetriableDatanodeEventWatcher.java:onTimeout(47)) - RetriableDatanodeCommand type=deleteBlocksCommand with id=1567405864502 timed out. Retrying.
2019-09-02 06:31:05,623 [SCMBlockDeletingService#0] DEBUG block.SCMBlockDeletingService (SCMBlockDeletingService.java:call(138)) - Running DeletedBlockTransactionScanner
2019-09-02 06:31:05,624 [SCMBlockDeletingService#0] DEBUG block.SCMBlockDeletingService (SCMBlockDeletingService.java:call(155)) - Scanned deleted blocks log and got 3 delTX to process.
2019-09-02 06:31:05,624 [SCMBlockDeletingService#0] DEBUG block.SCMBlockDeletingService (SCMBlockDeletingService.java:call(171)) - Added delete block command for datanode 3258574c-39ac-4ed5-9145-ea59a337c299 in the queue, number of delete block transactions: 3, TxID list: 1,2,3
2019-09-02 06:31:05,625 [SCMBlockDeletingService#0] INFO  block.SCMBlockDeletingService (SCMBlockDeletingService.java:call(182)) - Totally added 3 delete blocks command for 1 datanodes, task elapsed time: 1ms
2019-09-02 06:31:05,708 [pool-7-thread-1] INFO  commands.RetriableDatanodeEventWatcher (RetriableDatanodeEventWatcher.java:onTimeout(47)) - RetriableDatanodeCommand type=deleteBlocksCommand with id=1567405864503 timed out. Retrying.
2019-09-02 06:31:05,725 [SCMBlockDeletingService#0] DEBUG block.SCMBlockDeletingService (SCMBlockDeletingService.java:call(138)) - Running DeletedBlockTransactionScanner
2019-09-02 06:31:05,725 [SCMBlockDeletingService#0] DEBUG block.SCMBlockDeletingService (SCMBlockDeletingService.java:call(155)) - Scanned deleted blocks log and got 3 delTX to process.
2019-09-02 06:31:05,726 [SCMBlockDeletingService#0] DEBUG block.SCMBlockDeletingService (SCMBlockDeletingService.java:call(171)) - Added delete block command for datanode 3258574c-39ac-4ed5-9145-ea59a337c299 in the queue, number of delete block transactions: 3, TxID list: 1,2,3
2019-09-02 06:31:05,726 [SCMBlockDeletingService#0] INFO  block.SCMBlockDeletingService (SCMBlockDeletingService.java:call(182)) - Totally added 3 delete blocks command for 1 datanodes, task elapsed time: 1ms
2019-09-02 06:31:05,810 [pool-7-thread-1] INFO  commands.RetriableDatanodeEventWatcher (RetriableDatanodeEventWatcher.java:onTimeout(47)) - RetriableDatanodeCommand type=deleteBlocksCommand with id=1567405864504 timed out. Retrying.
2019-09-02 06:31:05,827 [SCMBlockDeletingService#0] DEBUG block.SCMBlockDeletingService (SCMBlockDeletingService.java:call(138)) - Running DeletedBlockTransactionScanner
2019-09-02 06:31:05,827 [SCMBlockDeletingService#0] DEBUG block.SCMBlockDeletingService (SCMBlockDeletingService.java:call(155)) - Scanned deleted blocks log and got 3 delTX to process.
2019-09-02 06:31:05,827 [SCMBlockDeletingService#0] DEBUG block.SCMBlockDeletingService (SCMBlockDeletingService.java:call(171)) - Added delete block command for datanode 3258574c-39ac-4ed5-9145-ea59a337c299 in the queue, number of delete block transactions: 3, TxID list: 1,2,3
2019-09-02 06:31:05,828 [SCMBlockDeletingService#0] INFO  block.SCMBlockDeletingService (SCMBlockDeletingService.java:call(182)) - Totally added 3 delete blocks command for 1 datanodes, task elapsed time: 1ms
2019-09-02 06:31:05,912 [pool-7-thread-1] INFO  commands.RetriableDatanodeEventWatcher (RetriableDatanodeEventWatcher.java:onTimeout(47)) - RetriableDatanodeCommand type=deleteBlocksCommand with id=1567405864505 timed out. Retrying.
2019-09-02 06:31:05,928 [SCMBlockDeletingService#1] DEBUG block.SCMBlockDeletingService (SCMBlockDeletingService.java:call(138)) - Running DeletedBlockTransactionScanner
2019-09-02 06:31:05,929 [SCMBlockDeletingService#1] DEBUG block.SCMBlockDeletingService (SCMBlockDeletingService.java:call(155)) - Scanned deleted blocks log and got 3 delTX to process.
2019-09-02 06:31:05,929 [SCMBlockDeletingService#1] DEBUG block.SCMBlockDeletingService (SCMBlockDeletingService.java:call(171)) - Added delete block command for datanode 3258574c-39ac-4ed5-9145-ea59a337c299 in the queue, number of delete block transactions: 3, TxID list: 1,2,3
2019-09-02 06:31:05,929 [SCMBlockDeletingService#1] INFO  block.SCMBlockDeletingService (SCMBlockDeletingService.java:call(182)) - Totally added 3 delete blocks command for 1 datanodes, task elapsed time: 2ms
2019-09-02 06:31:06,014 [pool-7-thread-1] INFO  commands.RetriableDatanodeEventWatcher (RetriableDatanodeEventWatcher.java:onTimeout(47)) - RetriableDatanodeCommand type=deleteBlocksCommand with id=1567405864506 timed out. Retrying.
2019-09-02 06:31:06,030 [SCMBlockDeletingService#1] DEBUG block.SCMBlockDeletingService (SCMBlockDeletingService.java:call(138)) - Running DeletedBlockTransactionScanner
2019-09-02 06:31:06,030 [SCMBlockDeletingService#1] DEBUG block.SCMBlockDeletingService (SCMBlockDeletingService.java:call(155)) - Scanned deleted blocks log and got 3 delTX to process.
2019-09-02 06:31:06,031 [SCMBlockDeletingService#1] DEBUG block.SCMBlockDeletingService (SCMBlockDeletingService.java:call(171)) - Added delete block command for datanode 3258574c-39ac-4ed5-9145-ea59a337c299 in the queue, number of delete block transactions: 3, TxID list: 1,2,3
2019-09-02 06:31:06,031 [SCMBlockDeletingService#1] INFO  block.SCMBlockDeletingService (SCMBlockDeletingService.java:call(182)) - Totally added 3 delete blocks command for 1 datanodes, task elapsed time: 1ms
2019-09-02 06:31:06,116 [pool-7-thread-1] INFO  commands.RetriableDatanodeEventWatcher (RetriableDatanodeEventWatcher.java:onTimeout(47)) - RetriableDatanodeCommand type=deleteBlocksCommand with id=1567405864507 timed out. Retrying.
2019-09-02 06:31:06,132 [SCMBlockDeletingService#1] DEBUG block.SCMBlockDeletingService (SCMBlockDeletingService.java:call(138)) - Running DeletedBlockTransactionScanner
2019-09-02 06:31:06,132 [SCMBlockDeletingService#1] DEBUG block.SCMBlockDeletingService (SCMBlockDeletingService.java:call(155)) - Scanned deleted blocks log and got 3 delTX to process.
2019-09-02 06:31:06,132 [SCMBlockDeletingService#1] DEBUG block.SCMBlockDeletingService (SCMBlockDeletingService.java:call(171)) - Added delete block command for datanode 3258574c-39ac-4ed5-9145-ea59a337c299 in the queue, number of delete block transactions: 3, TxID list: 1,2,3
2019-09-02 06:31:06,133 [SCMBlockDeletingService#1] INFO  block.SCMBlockDeletingService (SCMBlockDeletingService.java:call(182)) - Totally added 3 delete blocks command for 1 datanodes, task elapsed time: 1ms
2019-09-02 06:31:06,218 [pool-7-thread-1] INFO  commands.RetriableDatanodeEventWatcher (RetriableDatanodeEventWatcher.java:onTimeout(47)) - RetriableDatanodeCommand type=deleteBlocksCommand with id=1567405864508 timed out. Retrying.
2019-09-02 06:31:06,233 [SCMBlockDeletingService#1] DEBUG block.SCMBlockDeletingService (SCMBlockDeletingService.java:call(138)) - Running DeletedBlockTransactionScanner
2019-09-02 06:31:06,234 [SCMBlockDeletingService#1] DEBUG block.SCMBlockDeletingService (SCMBlockDeletingService.java:call(155)) - Scanned deleted blocks log and got 3 delTX to process.
2019-09-02 06:31:06,234 [SCMBlockDeletingService#1] DEBUG block.SCMBlockDeletingService (SCMBlockDeletingService.java:call(171)) - Added delete block command for datanode 3258574c-39ac-4ed5-9145-ea59a337c299 in the queue, number of delete block transactions: 3, TxID list: 1,2,3
2019-09-02 06:31:06,235 [SCMBlockDeletingService#1] INFO  block.SCMBlockDeletingService (SCMBlockDeletingService.java:call(182)) - Totally added 3 delete blocks command for 1 datanodes, task elapsed time: 1ms
2019-09-02 06:31:06,320 [pool-7-thread-1] INFO  commands.RetriableDatanodeEventWatcher (RetriableDatanodeEventWatcher.java:onTimeout(47)) - RetriableDatanodeCommand type=deleteBlocksCommand with id=1567405864509 timed out. Retrying.
2019-09-02 06:31:06,335 [SCMBlockDeletingService#1] DEBUG block.SCMBlockDeletingService (SCMBlockDeletingService.java:call(138)) - Running DeletedBlockTransactionScanner
2019-09-02 06:31:06,336 [SCMBlockDeletingService#1] DEBUG block.SCMBlockDeletingService (SCMBlockDeletingService.java:call(155)) - Scanned deleted blocks log and got 3 delTX to process.
2019-09-02 06:31:06,336 [SCMBlockDeletingService#1] DEBUG block.SCMBlockDeletingService (SCMBlockDeletingService.java:call(171)) - Added delete block command for datanode 3258574c-39ac-4ed5-9145-ea59a337c299 in the queue, number of delete block transactions: 3, TxID list: 1,2,3
2019-09-02 06:31:06,336 [SCMBlockDeletingService#1] INFO  block.SCMBlockDeletingService (SCMBlockDeletingService.java:call(182)) - Totally added 3 delete blocks command for 1 datanodes, task elapsed time: 1ms
2019-09-02 06:31:06,421 [pool-7-thread-1] INFO  commands.RetriableDatanodeEventWatcher (RetriableDatanodeEventWatcher.java:onTimeout(47)) - RetriableDatanodeCommand type=deleteBlocksCommand with id=1567405864510 timed out. Retrying.
2019-09-02 06:31:06,437 [SCMBlockDeletingService#1] DEBUG block.SCMBlockDeletingService (SCMBlockDeletingService.java:call(138)) - Running DeletedBlockTransactionScanner
2019-09-02 06:31:06,437 [SCMBlockDeletingService#1] DEBUG block.SCMBlockDeletingService (SCMBlockDeletingService.java:call(155)) - Scanned deleted blocks log and got 3 delTX to process.
2019-09-02 06:31:06,437 [SCMBlockDeletingService#1] DEBUG block.SCMBlockDeletingService (SCMBlockDeletingService.java:call(171)) - Added delete block command for datanode 3258574c-39ac-4ed5-9145-ea59a337c299 in the queue, number of delete block transactions: 3, TxID list: 1,2,3
2019-09-02 06:31:06,438 [SCMBlockDeletingService#1] INFO  block.SCMBlockDeletingService (SCMBlockDeletingService.java:call(182)) - Totally added 3 delete blocks command for 1 datanodes, task elapsed time: 1ms
2019-09-02 06:31:06,506 [pool-7-thread-1] INFO  commands.RetriableDatanodeEventWatcher (RetriableDatanodeEventWatcher.java:onTimeout(47)) - RetriableDatanodeCommand type=deleteBlocksCommand with id=1567405864501 timed out. Retrying.
2019-09-02 06:31:06,523 [pool-7-thread-1] INFO  commands.RetriableDatanodeEventWatcher (RetriableDatanodeEventWatcher.java:onTimeout(47)) - RetriableDatanodeCommand type=deleteBlocksCommand with id=1567405864511 timed out. Retrying.
2019-09-02 06:31:06,538 [SCMBlockDeletingService#1] DEBUG block.SCMBlockDeletingService (SCMBlockDeletingService.java:call(138)) - Running DeletedBlockTransactionScanner
2019-09-02 06:31:06,539 [SCMBlockDeletingService#1] DEBUG block.SCMBlockDeletingService (SCMBlockDeletingService.java:call(155)) - Scanned deleted blocks log and got 3 delTX to process.
2019-09-02 06:31:06,539 [SCMBlockDeletingService#1] DEBUG block.SCMBlockDeletingService (SCMBlockDeletingService.java:call(171)) - Added delete block command for datanode 3258574c-39ac-4ed5-9145-ea59a337c299 in the queue, number of delete block transactions: 3, TxID list: 1,2,3
2019-09-02 06:31:06,539 [SCMBlockDeletingService#1] INFO  block.SCMBlockDeletingService (SCMBlockDeletingService.java:call(182)) - Totally added 3 delete blocks command for 1 datanodes, task elapsed time: 2ms
2019-09-02 06:31:06,607 [pool-7-thread-1] INFO  commands.RetriableDatanodeEventWatcher (RetriableDatanodeEventWatcher.java:onTimeout(47)) - RetriableDatanodeCommand type=deleteBlocksCommand with id=1567405864502 timed out. Retrying.
2019-09-02 06:31:06,624 [pool-7-thread-1] INFO  commands.RetriableDatanodeEventWatcher (RetriableDatanodeEventWatcher.java:onTimeout(47)) - RetriableDatanodeCommand type=deleteBlocksCommand with id=1567405864512 timed out. Retrying.
2019-09-02 06:31:06,640 [SCMBlockDeletingService#1] DEBUG block.SCMBlockDeletingService (SCMBlockDeletingService.java:call(138)) - Running DeletedBlockTransactionScanner
2019-09-02 06:31:06,640 [SCMBlockDeletingService#1] DEBUG block.SCMBlockDeletingService (SCMBlockDeletingService.java:call(155)) - Scanned deleted blocks log and got 3 delTX to process.
2019-09-02 06:31:06,640 [SCMBlockDeletingService#1] DEBUG block.SCMBlockDeletingService (SCMBlockDeletingService.java:call(171)) - Added delete block command for datanode 3258574c-39ac-4ed5-9145-ea59a337c299 in the queue, number of delete block transactions: 3, TxID list: 1,2,3
2019-09-02 06:31:06,641 [SCMBlockDeletingService#1] INFO  block.SCMBlockDeletingService (SCMBlockDeletingService.java:call(182)) - Totally added 3 delete blocks command for 1 datanodes, task elapsed time: 1ms
2019-09-02 06:31:06,708 [pool-7-thread-1] INFO  commands.RetriableDatanodeEventWatcher (RetriableDatanodeEventWatcher.java:onTimeout(47)) - RetriableDatanodeCommand type=deleteBlocksCommand with id=1567405864503 timed out. Retrying.
2019-09-02 06:31:06,726 [pool-7-thread-1] INFO  commands.RetriableDatanodeEventWatcher (RetriableDatanodeEventWatcher.java:onTimeout(47)) - RetriableDatanodeCommand type=deleteBlocksCommand with id=1567405864513 timed out. Retrying.
2019-09-02 06:31:06,741 [SCMBlockDeletingService#1] DEBUG block.SCMBlockDeletingService (SCMBlockDeletingService.java:call(138)) - Running DeletedBlockTransactionScanner
2019-09-02 06:31:06,742 [SCMBlockDeletingService#1] DEBUG block.SCMBlockDeletingService (SCMBlockDeletingService.java:call(155)) - Scanned deleted blocks log and got 3 delTX to process.
2019-09-02 06:31:06,742 [SCMBlockDeletingService#1] DEBUG block.SCMBlockDeletingService (SCMBlockDeletingService.java:call(171)) - Added delete block command for datanode 3258574c-39ac-4ed5-9145-ea59a337c299 in the queue, number of delete block transactions: 3, TxID list: 1,2,3
2019-09-02 06:31:06,742 [SCMBlockDeletingService#1] INFO  block.SCMBlockDeletingService (SCMBlockDeletingService.java:call(182)) - Totally added 3 delete blocks command for 1 datanodes, task elapsed time: 2ms
2019-09-02 06:31:06,811 [pool-7-thread-1] INFO  commands.RetriableDatanodeEventWatcher (RetriableDatanodeEventWatcher.java:onTimeout(47)) - RetriableDatanodeCommand type=deleteBlocksCommand with id=1567405864504 timed out. Retrying.
2019-09-02 06:31:06,828 [pool-7-thread-1] INFO  commands.RetriableDatanodeEventWatcher (RetriableDatanodeEventWatcher.java:onTimeout(47)) - RetriableDatanodeCommand type=deleteBlocksCommand with id=1567405864514 timed out. Retrying.
2019-09-02 06:31:06,843 [SCMBlockDeletingService#1] DEBUG block.SCMBlockDeletingService (SCMBlockDeletingService.java:call(138)) - Running DeletedBlockTransactionScanner
2019-09-02 06:31:06,843 [SCMBlockDeletingService#1] DEBUG block.SCMBlockDeletingService (SCMBlockDeletingService.java:call(155)) - Scanned deleted blocks log and got 3 delTX to process.
2019-09-02 06:31:06,843 [SCMBlockDeletingService#1] DEBUG block.SCMBlockDeletingService (SCMBlockDeletingService.java:call(171)) - Added delete block command for datanode 3258574c-39ac-4ed5-9145-ea59a337c299 in the queue, number of delete block transactions: 3, TxID list: 1,2,3
2019-09-02 06:31:06,844 [SCMBlockDeletingService#1] INFO  block.SCMBlockDeletingService (SCMBlockDeletingService.java:call(182)) - Totally added 3 delete blocks command for 1 datanodes, task elapsed time: 1ms
2019-09-02 06:31:06,912 [pool-7-thread-1] INFO  commands.RetriableDatanodeEventWatcher (RetriableDatanodeEventWatcher.java:onTimeout(47)) - RetriableDatanodeCommand type=deleteBlocksCommand with id=1567405864505 timed out. Retrying.
2019-09-02 06:31:06,929 [pool-7-thread-1] INFO  commands.RetriableDatanodeEventWatcher (RetriableDatanodeEventWatcher.java:onTimeout(47)) - RetriableDatanodeCommand type=deleteBlocksCommand with id=1567405864515 timed out. Retrying.
2019-09-02 06:31:06,944 [SCMBlockDeletingService#1] DEBUG block.SCMBlockDeletingService (SCMBlockDeletingService.java:call(138)) - Running DeletedBlockTransactionScanner
2019-09-02 06:31:06,945 [SCMBlockDeletingService#1] DEBUG block.SCMBlockDeletingService (SCMBlockDeletingService.java:call(155)) - Scanned deleted blocks log and got 3 delTX to process.
2019-09-02 06:31:06,945 [SCMBlockDeletingService#1] DEBUG block.SCMBlockDeletingService (SCMBlockDeletingService.java:call(171)) - Added delete block command for datanode 3258574c-39ac-4ed5-9145-ea59a337c299 in the queue, number of delete block transactions: 3, TxID list: 1,2,3
2019-09-02 06:31:06,946 [SCMBlockDeletingService#1] INFO  block.SCMBlockDeletingService (SCMBlockDeletingService.java:call(182)) - Totally added 3 delete blocks command for 1 datanodes, task elapsed time: 1ms
2019-09-02 06:31:07,016 [pool-7-thread-1] INFO  commands.RetriableDatanodeEventWatcher (RetriableDatanodeEventWatcher.java:onTimeout(47)) - RetriableDatanodeCommand type=deleteBlocksCommand with id=1567405864506 timed out. Retrying.
2019-09-02 06:31:07,031 [pool-7-thread-1] INFO  commands.RetriableDatanodeEventWatcher (RetriableDatanodeEventWatcher.java:onTimeout(47)) - RetriableDatanodeCommand type=deleteBlocksCommand with id=1567405864516 timed out. Retrying.
2019-09-02 06:31:07,046 [SCMBlockDeletingService#1] DEBUG block.SCMBlockDeletingService (SCMBlockDeletingService.java:call(138)) - Running DeletedBlockTransactionScanner
2019-09-02 06:31:07,047 [SCMBlockDeletingService#1] DEBUG block.SCMBlockDeletingService (SCMBlockDeletingService.java:call(155)) - Scanned deleted blocks log and got 3 delTX to process.
2019-09-02 06:31:07,047 [SCMBlockDeletingService#1] DEBUG block.SCMBlockDeletingService (SCMBlockDeletingService.java:call(171)) - Added delete block command for datanode 3258574c-39ac-4ed5-9145-ea59a337c299 in the queue, number of delete block transactions: 3, TxID list: 1,2,3
2019-09-02 06:31:07,048 [SCMBlockDeletingService#1] INFO  block.SCMBlockDeletingService (SCMBlockDeletingService.java:call(182)) - Totally added 3 delete blocks command for 1 datanodes, task elapsed time: 2ms
2019-09-02 06:31:07,117 [pool-7-thread-1] INFO  commands.RetriableDatanodeEventWatcher (RetriableDatanodeEventWatcher.java:onTimeout(47)) - RetriableDatanodeCommand type=deleteBlocksCommand with id=1567405864507 timed out. Retrying.
2019-09-02 06:31:07,133 [pool-7-thread-1] INFO  commands.RetriableDatanodeEventWatcher (RetriableDatanodeEventWatcher.java:onTimeout(47)) - RetriableDatanodeCommand type=deleteBlocksCommand with id=1567405864517 timed out. Retrying.
2019-09-02 06:31:07,148 [SCMBlockDeletingService#1] DEBUG block.SCMBlockDeletingService (SCMBlockDeletingService.java:call(138)) - Running DeletedBlockTransactionScanner
2019-09-02 06:31:07,149 [SCMBlockDeletingService#1] DEBUG block.SCMBlockDeletingService (SCMBlockDeletingService.java:call(155)) - Scanned deleted blocks log and got 3 delTX to process.
2019-09-02 06:31:07,149 [SCMBlockDeletingService#1] DEBUG block.SCMBlockDeletingService (SCMBlockDeletingService.java:call(171)) - Added delete block command for datanode 3258574c-39ac-4ed5-9145-ea59a337c299 in the queue, number of delete block transactions: 3, TxID list: 1,2,3
2019-09-02 06:31:07,150 [SCMBlockDeletingService#1] INFO  block.SCMBlockDeletingService (SCMBlockDeletingService.java:call(182)) - Totally added 3 delete blocks command for 1 datanodes, task elapsed time: 1ms
2019-09-02 06:31:07,219 [pool-7-thread-1] INFO  commands.RetriableDatanodeEventWatcher (RetriableDatanodeEventWatcher.java:onTimeout(47)) - RetriableDatanodeCommand type=deleteBlocksCommand with id=1567405864508 timed out. Retrying.
2019-09-02 06:31:07,234 [pool-7-thread-1] INFO  commands.RetriableDatanodeEventWatcher (RetriableDatanodeEventWatcher.java:onTimeout(47)) - RetriableDatanodeCommand type=deleteBlocksCommand with id=1567405864518 timed out. Retrying.
2019-09-02 06:31:07,250 [SCMBlockDeletingService#1] DEBUG block.SCMBlockDeletingService (SCMBlockDeletingService.java:call(138)) - Running DeletedBlockTransactionScanner
2019-09-02 06:31:07,250 [SCMBlockDeletingService#1] DEBUG block.SCMBlockDeletingService (SCMBlockDeletingService.java:call(155)) - Scanned deleted blocks log and got 3 delTX to process.
2019-09-02 06:31:07,251 [SCMBlockDeletingService#1] DEBUG block.SCMBlockDeletingService (SCMBlockDeletingService.java:call(171)) - Added delete block command for datanode 3258574c-39ac-4ed5-9145-ea59a337c299 in the queue, number of delete block transactions: 3, TxID list: 1,2,3
2019-09-02 06:31:07,251 [SCMBlockDeletingService#1] INFO  block.SCMBlockDeletingService (SCMBlockDeletingService.java:call(182)) - Totally added 3 delete blocks command for 1 datanodes, task elapsed time: 1ms
2019-09-02 06:31:07,320 [pool-7-thread-1] INFO  commands.RetriableDatanodeEventWatcher (RetriableDatanodeEventWatcher.java:onTimeout(47)) - RetriableDatanodeCommand type=deleteBlocksCommand with id=1567405864509 timed out. Retrying.
2019-09-02 06:31:07,336 [pool-7-thread-1] INFO  commands.RetriableDatanodeEventWatcher (RetriableDatanodeEventWatcher.java:onTimeout(47)) - RetriableDatanodeCommand type=deleteBlocksCommand with id=1567405864519 timed out. Retrying.
2019-09-02 06:31:07,352 [SCMBlockDeletingService#1] DEBUG block.SCMBlockDeletingService (SCMBlockDeletingService.java:call(138)) - Running DeletedBlockTransactionScanner
2019-09-02 06:31:07,352 [SCMBlockDeletingService#1] DEBUG block.SCMBlockDeletingService (SCMBlockDeletingService.java:call(155)) - Scanned deleted blocks log and got 3 delTX to process.
2019-09-02 06:31:07,352 [SCMBlockDeletingService#1] DEBUG block.SCMBlockDeletingService (SCMBlockDeletingService.java:call(171)) - Added delete block command for datanode 3258574c-39ac-4ed5-9145-ea59a337c299 in the queue, number of delete block transactions: 3, TxID list: 1,2,3
2019-09-02 06:31:07,353 [SCMBlockDeletingService#1] INFO  block.SCMBlockDeletingService (SCMBlockDeletingService.java:call(182)) - Totally added 3 delete blocks command for 1 datanodes, task elapsed time: 1ms
2019-09-02 06:31:07,422 [pool-7-thread-1] INFO  commands.RetriableDatanodeEventWatcher (RetriableDatanodeEventWatcher.java:onTimeout(47)) - RetriableDatanodeCommand type=deleteBlocksCommand with id=1567405864510 timed out. Retrying.
2019-09-02 06:31:07,438 [pool-7-thread-1] INFO  commands.RetriableDatanodeEventWatcher (RetriableDatanodeEventWatcher.java:onTimeout(47)) - RetriableDatanodeCommand type=deleteBlocksCommand with id=1567405864520 timed out. Retrying.
2019-09-02 06:31:07,449 [EventQueue-StaleNodeForStaleNodeHandler] INFO  node.StaleNodeHandler (StaleNodeHandler.java:onMessage(58)) - Datanode 3258574c-39ac-4ed5-9145-ea59a337c299{ip: 192.168.36.97, host: trunk-nightly-20190902-fsht6-3309735379, networkLocation: /default-rack, certSerialId: null} moved to stale state. Finalizing its pipelines [PipelineID=64ed058b-0019-49be-a698-6c7d867bda6a]
2019-09-02 06:31:07,449 [EventQueue-StaleNodeForStaleNodeHandler] INFO  pipeline.SCMPipelineManager (SCMPipelineManager.java:finalizeAndDestroyPipeline(309)) - destroying pipeline:Pipeline[ Id: 64ed058b-0019-49be-a698-6c7d867bda6a, Nodes: 3258574c-39ac-4ed5-9145-ea59a337c299{ip: 192.168.36.97, host: trunk-nightly-20190902-fsht6-3309735379, networkLocation: /default-rack, certSerialId: null}, Type:RATIS, Factor:ONE, State:OPEN]
2019-09-02 06:31:07,450 [EventQueue-StaleNodeForStaleNodeHandler] INFO  pipeline.PipelineStateManager (PipelineStateManager.java:finalizePipeline(123)) - Pipeline Pipeline[ Id: 64ed058b-0019-49be-a698-6c7d867bda6a, Nodes: 3258574c-39ac-4ed5-9145-ea59a337c299{ip: 192.168.36.97, host: trunk-nightly-20190902-fsht6-3309735379, networkLocation: /default-rack, certSerialId: null}, Type:RATIS, Factor:ONE, State:CLOSED] moved to CLOSED state
2019-09-02 06:31:07,453 [SCMBlockDeletingService#1] DEBUG block.SCMBlockDeletingService (SCMBlockDeletingService.java:call(138)) - Running DeletedBlockTransactionScanner
2019-09-02 06:31:07,454 [SCMBlockDeletingService#1] DEBUG block.SCMBlockDeletingService (SCMBlockDeletingService.java:call(155)) - Scanned deleted blocks log and got 3 delTX to process.
2019-09-02 06:31:07,454 [SCMBlockDeletingService#1] DEBUG block.SCMBlockDeletingService (SCMBlockDeletingService.java:call(171)) - Added delete block command for datanode 3258574c-39ac-4ed5-9145-ea59a337c299 in the queue, number of delete block transactions: 3, TxID list: 1,2,3
2019-09-02 06:31:07,455 [SCMBlockDeletingService#1] INFO  block.SCMBlockDeletingService (SCMBlockDeletingService.java:call(182)) - Totally added 3 delete blocks command for 1 datanodes, task elapsed time: 1ms
2019-09-02 06:31:07,506 [pool-7-thread-1] INFO  commands.RetriableDatanodeEventWatcher (RetriableDatanodeEventWatcher.java:onTimeout(47)) - RetriableDatanodeCommand type=deleteBlocksCommand with id=1567405864501 timed out. Retrying.
2019-09-02 06:31:07,524 [pool-7-thread-1] INFO  commands.RetriableDatanodeEventWatcher (RetriableDatanodeEventWatcher.java:onTimeout(47)) - RetriableDatanodeCommand type=deleteBlocksCommand with id=1567405864511 timed out. Retrying.
2019-09-02 06:31:07,539 [pool-7-thread-1] INFO  commands.RetriableDatanodeEventWatcher (RetriableDatanodeEventWatcher.java:onTimeout(47)) - RetriableDatanodeCommand type=deleteBlocksCommand with id=1567405864521 timed out. Retrying.
2019-09-02 06:31:07,555 [SCMBlockDeletingService#1] DEBUG block.SCMBlockDeletingService (SCMBlockDeletingService.java:call(138)) - Running DeletedBlockTransactionScanner
2019-09-02 06:31:07,556 [SCMBlockDeletingService#1] DEBUG block.SCMBlockDeletingService (SCMBlockDeletingService.java:call(155)) - Scanned deleted blocks log and got 3 delTX to process.
2019-09-02 06:31:07,556 [SCMBlockDeletingService#1] DEBUG block.SCMBlockDeletingService (SCMBlockDeletingService.java:call(171)) - Added delete block command for datanode 3258574c-39ac-4ed5-9145-ea59a337c299 in the queue, number of delete block transactions: 3, TxID list: 1,2,3
2019-09-02 06:31:07,557 [SCMBlockDeletingService#1] INFO  block.SCMBlockDeletingService (SCMBlockDeletingService.java:call(182)) - Totally added 3 delete blocks command for 1 datanodes, task elapsed time: 1ms
2019-09-02 06:31:07,608 [pool-7-thread-1] INFO  commands.RetriableDatanodeEventWatcher (RetriableDatanodeEventWatcher.java:onTimeout(47)) - RetriableDatanodeCommand type=deleteBlocksCommand with id=1567405864502 timed out. Retrying.
2019-09-02 06:31:07,625 [pool-7-thread-1] INFO  commands.RetriableDatanodeEventWatcher (RetriableDatanodeEventWatcher.java:onTimeout(47)) - RetriableDatanodeCommand type=deleteBlocksCommand with id=1567405864512 timed out. Retrying.
2019-09-02 06:31:07,641 [pool-7-thread-1] INFO  commands.RetriableDatanodeEventWatcher (RetriableDatanodeEventWatcher.java:onTimeout(47)) - RetriableDatanodeCommand type=deleteBlocksCommand with id=1567405864522 timed out. Retrying.
2019-09-02 06:31:07,657 [SCMBlockDeletingService#1] DEBUG block.SCMBlockDeletingService (SCMBlockDeletingService.java:call(138)) - Running DeletedBlockTransactionScanner
2019-09-02 06:31:07,657 [SCMBlockDeletingService#1] DEBUG block.SCMBlockDeletingService (SCMBlockDeletingService.java:call(155)) - Scanned deleted blocks log and got 3 delTX to process.
2019-09-02 06:31:07,658 [SCMBlockDeletingService#1] DEBUG block.SCMBlockDeletingService (SCMBlockDeletingService.java:call(171)) - Added delete block command for datanode 3258574c-39ac-4ed5-9145-ea59a337c299 in the queue, number of delete block transactions: 3, TxID list: 1,2,3
2019-09-02 06:31:07,658 [SCMBlockDeletingService#1] INFO  block.SCMBlockDeletingService (SCMBlockDeletingService.java:call(182)) - Totally added 3 delete blocks command for 1 datanodes, task elapsed time: 1ms
2019-09-02 06:31:07,709 [pool-7-thread-1] INFO  commands.RetriableDatanodeEventWatcher (RetriableDatanodeEventWatcher.java:onTimeout(47)) - RetriableDatanodeCommand type=deleteBlocksCommand with id=1567405864503 timed out. Retrying.
2019-09-02 06:31:07,726 [pool-7-thread-1] INFO  commands.RetriableDatanodeEventWatcher (RetriableDatanodeEventWatcher.java:onTimeout(47)) - RetriableDatanodeCommand type=deleteBlocksCommand with id=1567405864513 timed out. Retrying.
2019-09-02 06:31:07,742 [pool-7-thread-1] INFO  commands.RetriableDatanodeEventWatcher (RetriableDatanodeEventWatcher.java:onTimeout(47)) - RetriableDatanodeCommand type=deleteBlocksCommand with id=1567405864523 timed out. Retrying.
2019-09-02 06:31:07,758 [SCMBlockDeletingService#1] DEBUG block.SCMBlockDeletingService (SCMBlockDeletingService.java:call(138)) - Running DeletedBlockTransactionScanner
2019-09-02 06:31:07,759 [SCMBlockDeletingService#1] DEBUG block.SCMBlockDeletingService (SCMBlockDeletingService.java:call(155)) - Scanned deleted blocks log and got 3 delTX to process.
2019-09-02 06:31:07,759 [SCMBlockDeletingService#1] DEBUG block.SCMBlockDeletingService (SCMBlockDeletingService.java:call(171)) - Added delete block command for datanode 3258574c-39ac-4ed5-9145-ea59a337c299 in the queue, number of delete block transactions: 3, TxID list: 1,2,3
2019-09-02 06:31:07,759 [SCMBlockDeletingService#1] INFO  block.SCMBlockDeletingService (SCMBlockDeletingService.java:call(182)) - Totally added 3 delete blocks command for 1 datanodes, task elapsed time: 1ms
2019-09-02 06:31:07,812 [pool-7-thread-1] INFO  commands.RetriableDatanodeEventWatcher (RetriableDatanodeEventWatcher.java:onTimeout(47)) - RetriableDatanodeCommand type=deleteBlocksCommand with id=1567405864504 timed out. Retrying.
2019-09-02 06:31:07,829 [pool-7-thread-1] INFO  commands.RetriableDatanodeEventWatcher (RetriableDatanodeEventWatcher.java:onTimeout(47)) - RetriableDatanodeCommand type=deleteBlocksCommand with id=1567405864514 timed out. Retrying.
2019-09-02 06:31:07,844 [pool-7-thread-1] INFO  commands.RetriableDatanodeEventWatcher (RetriableDatanodeEventWatcher.java:onTimeout(47)) - RetriableDatanodeCommand type=deleteBlocksCommand with id=1567405864524 timed out. Retrying.
2019-09-02 06:31:07,860 [SCMBlockDeletingService#1] DEBUG block.SCMBlockDeletingService (SCMBlockDeletingService.java:call(138)) - Running DeletedBlockTransactionScanner
2019-09-02 06:31:07,860 [SCMBlockDeletingService#1] DEBUG block.SCMBlockDeletingService (SCMBlockDeletingService.java:call(155)) - Scanned deleted blocks log and got 3 delTX to process.
2019-09-02 06:31:07,860 [SCMBlockDeletingService#1] DEBUG block.SCMBlockDeletingService (SCMBlockDeletingService.java:call(171)) - Added delete block command for datanode 3258574c-39ac-4ed5-9145-ea59a337c299 in the queue, number of delete block transactions: 3, TxID list: 1,2,3
2019-09-02 06:31:07,861 [SCMBlockDeletingService#1] INFO  block.SCMBlockDeletingService (SCMBlockDeletingService.java:call(182)) - Totally added 3 delete blocks command for 1 datanodes, task elapsed time: 1ms
2019-09-02 06:31:07,911 [pool-7-thread-1] INFO  commands.RetriableDatanodeEventWatcher (RetriableDatanodeEventWatcher.java:onTimeout(47)) - RetriableDatanodeCommand type=deleteBlocksCommand with id=1567405864505 timed out. Retrying.
2019-09-02 06:31:07,929 [pool-7-thread-1] INFO  commands.RetriableDatanodeEventWatcher (RetriableDatanodeEventWatcher.java:onTimeout(47)) - RetriableDatanodeCommand type=deleteBlocksCommand with id=1567405864515 timed out. Retrying.
2019-09-02 06:31:07,945 [pool-7-thread-1] INFO  commands.RetriableDatanodeEventWatcher (RetriableDatanodeEventWatcher.java:onTimeout(47)) - RetriableDatanodeCommand type=deleteBlocksCommand with id=1567405864525 timed out. Retrying.
2019-09-02 06:31:07,961 [SCMBlockDeletingService#1] DEBUG block.SCMBlockDeletingService (SCMBlockDeletingService.java:call(138)) - Running DeletedBlockTransactionScanner
2019-09-02 06:31:07,962 [SCMBlockDeletingService#1] DEBUG block.SCMBlockDeletingService (SCMBlockDeletingService.java:call(155)) - Scanned deleted blocks log and got 3 delTX to process.
2019-09-02 06:31:07,962 [SCMBlockDeletingService#1] DEBUG block.SCMBlockDeletingService (SCMBlockDeletingService.java:call(171)) - Added delete block command for datanode 3258574c-39ac-4ed5-9145-ea59a337c299 in the queue, number of delete block transactions: 3, TxID list: 1,2,3
2019-09-02 06:31:07,963 [SCMBlockDeletingService#1] INFO  block.SCMBlockDeletingService (SCMBlockDeletingService.java:call(182)) - Totally added 3 delete blocks command for 1 datanodes, task elapsed time: 2ms
2019-09-02 06:31:08,016 [pool-7-thread-1] INFO  commands.RetriableDatanodeEventWatcher (RetriableDatanodeEventWatcher.java:onTimeout(47)) - RetriableDatanodeCommand type=deleteBlocksCommand with id=1567405864506 timed out. Retrying.
2019-09-02 06:31:08,032 [pool-7-thread-1] INFO  commands.RetriableDatanodeEventWatcher (RetriableDatanodeEventWatcher.java:onTimeout(47)) - RetriableDatanodeCommand type=deleteBlocksCommand with id=1567405864516 timed out. Retrying.
2019-09-02 06:31:08,048 [pool-7-thread-1] INFO  commands.RetriableDatanodeEventWatcher (RetriableDatanodeEventWatcher.java:onTimeout(47)) - RetriableDatanodeCommand type=deleteBlocksCommand with id=1567405864526 timed out. Retrying.
2019-09-02 06:31:08,063 [SCMBlockDeletingService#1] DEBUG block.SCMBlockDeletingService (SCMBlockDeletingService.java:call(138)) - Running DeletedBlockTransactionScanner
2019-09-02 06:31:08,064 [SCMBlockDeletingService#1] DEBUG block.SCMBlockDeletingService (SCMBlockDeletingService.java:call(155)) - Scanned deleted blocks log and got 3 delTX to process.
2019-09-02 06:31:08,064 [SCMBlockDeletingService#1] DEBUG block.SCMBlockDeletingService (SCMBlockDeletingService.java:call(171)) - Added delete block command for datanode 3258574c-39ac-4ed5-9145-ea59a337c299 in the queue, number of delete block transactions: 3, TxID list: 1,2,3
2019-09-02 06:31:08,065 [SCMBlockDeletingService#1] INFO  block.SCMBlockDeletingService (SCMBlockDeletingService.java:call(182)) - Totally added 3 delete blocks command for 1 datanodes, task elapsed time: 2ms
2019-09-02 06:31:08,117 [pool-7-thread-1] INFO  commands.RetriableDatanodeEventWatcher (RetriableDatanodeEventWatcher.java:onTimeout(47)) - RetriableDatanodeCommand type=deleteBlocksCommand with id=1567405864507 timed out. Retrying.
2019-09-02 06:31:08,134 [pool-7-thread-1] INFO  commands.RetriableDatanodeEventWatcher (RetriableDatanodeEventWatcher.java:onTimeout(47)) - RetriableDatanodeCommand type=deleteBlocksCommand with id=1567405864517 timed out. Retrying.
2019-09-02 06:31:08,149 [pool-7-thread-1] INFO  commands.RetriableDatanodeEventWatcher (RetriableDatanodeEventWatcher.java:onTimeout(47)) - RetriableDatanodeCommand type=deleteBlocksCommand with id=1567405864527 timed out. Retrying.
2019-09-02 06:31:08,165 [SCMBlockDeletingService#1] DEBUG block.SCMBlockDeletingService (SCMBlockDeletingService.java:call(138)) - Running DeletedBlockTransactionScanner
2019-09-02 06:31:08,165 [SCMBlockDeletingService#1] DEBUG block.SCMBlockDeletingService (SCMBlockDeletingService.java:call(155)) - Scanned deleted blocks log and got 3 delTX to process.
2019-09-02 06:31:08,166 [SCMBlockDeletingService#1] DEBUG block.SCMBlockDeletingService (SCMBlockDeletingService.java:call(171)) - Added delete block command for datanode 3258574c-39ac-4ed5-9145-ea59a337c299 in the queue, number of delete block transactions: 3, TxID list: 1,2,3
2019-09-02 06:31:08,166 [SCMBlockDeletingService#1] INFO  block.SCMBlockDeletingService (SCMBlockDeletingService.java:call(182)) - Totally added 3 delete blocks command for 1 datanodes, task elapsed time: 1ms
2019-09-02 06:31:08,220 [pool-7-thread-1] INFO  commands.RetriableDatanodeEventWatcher (RetriableDatanodeEventWatcher.java:onTimeout(47)) - RetriableDatanodeCommand type=deleteBlocksCommand with id=1567405864508 timed out. Retrying.
2019-09-02 06:31:08,234 [pool-7-thread-1] INFO  commands.RetriableDatanodeEventWatcher (RetriableDatanodeEventWatcher.java:onTimeout(47)) - RetriableDatanodeCommand type=deleteBlocksCommand with id=1567405864518 timed out. Retrying.
2019-09-02 06:31:08,251 [pool-7-thread-1] INFO  commands.RetriableDatanodeEventWatcher (RetriableDatanodeEventWatcher.java:onTimeout(47)) - RetriableDatanodeCommand type=deleteBlocksCommand with id=1567405864528 timed out. Retrying.
2019-09-02 06:31:08,266 [SCMBlockDeletingService#1] DEBUG block.SCMBlockDeletingService (SCMBlockDeletingService.java:call(138)) - Running DeletedBlockTransactionScanner
2019-09-02 06:31:08,267 [SCMBlockDeletingService#1] DEBUG block.SCMBlockDeletingService (SCMBlockDeletingService.java:call(155)) - Scanned deleted blocks log and got 3 delTX to process.
2019-09-02 06:31:08,267 [SCMBlockDeletingService#1] DEBUG block.SCMBlockDeletingService (SCMBlockDeletingService.java:call(171)) - Added delete block command for datanode 3258574c-39ac-4ed5-9145-ea59a337c299 in the queue, number of delete block transactions: 3, TxID list: 1,2,3
2019-09-02 06:31:08,267 [SCMBlockDeletingService#1] INFO  block.SCMBlockDeletingService (SCMBlockDeletingService.java:call(182)) - Totally added 3 delete blocks command for 1 datanodes, task elapsed time: 2ms
2019-09-02 06:31:08,321 [pool-7-thread-1] INFO  commands.RetriableDatanodeEventWatcher (RetriableDatanodeEventWatcher.java:onTimeout(47)) - RetriableDatanodeCommand type=deleteBlocksCommand with id=1567405864509 timed out. Retrying.
2019-09-02 06:31:08,336 [pool-7-thread-1] INFO  commands.RetriableDatanodeEventWatcher (RetriableDatanodeEventWatcher.java:onTimeout(47)) - RetriableDatanodeCommand type=deleteBlocksCommand with id=1567405864519 timed out. Retrying.
2019-09-02 06:31:08,353 [pool-7-thread-1] INFO  commands.RetriableDatanodeEventWatcher (RetriableDatanodeEventWatcher.java:onTimeout(47)) - RetriableDatanodeCommand type=deleteBlocksCommand with id=1567405864529 timed out. Retrying.
2019-09-02 06:31:08,368 [SCMBlockDeletingService#1] DEBUG block.SCMBlockDeletingService (SCMBlockDeletingService.java:call(138)) - Running DeletedBlockTransactionScanner
2019-09-02 06:31:08,368 [SCMBlockDeletingService#1] DEBUG block.SCMBlockDeletingService (SCMBlockDeletingService.java:call(155)) - Scanned deleted blocks log and got 3 delTX to process.
2019-09-02 06:31:08,368 [SCMBlockDeletingService#1] DEBUG block.SCMBlockDeletingService (SCMBlockDeletingService.java:call(171)) - Added delete block command for datanode 3258574c-39ac-4ed5-9145-ea59a337c299 in the queue, number of delete block transactions: 3, TxID list: 1,2,3
2019-09-02 06:31:08,369 [SCMBlockDeletingService#1] INFO  block.SCMBlockDeletingService (SCMBlockDeletingService.java:call(182)) - Totally added 3 delete blocks command for 1 datanodes, task elapsed time: 1ms
2019-09-02 06:31:08,422 [pool-7-thread-1] INFO  commands.RetriableDatanodeEventWatcher (RetriableDatanodeEventWatcher.java:onTimeout(47)) - RetriableDatanodeCommand type=deleteBlocksCommand with id=1567405864510 timed out. Retrying.
2019-09-02 06:31:08,438 [pool-7-thread-1] INFO  commands.RetriableDatanodeEventWatcher (RetriableDatanodeEventWatcher.java:onTimeout(47)) - RetriableDatanodeCommand type=deleteBlocksCommand with id=1567405864520 timed out. Retrying.
2019-09-02 06:31:08,455 [pool-7-thread-1] INFO  commands.RetriableDatanodeEventWatcher (RetriableDatanodeEventWatcher.java:onTimeout(47)) - RetriableDatanodeCommand type=deleteBlocksCommand with id=1567405864530 timed out. Retrying.
2019-09-02 06:31:08,469 [SCMBlockDeletingService#1] DEBUG block.SCMBlockDeletingService (SCMBlockDeletingService.java:call(138)) - Running DeletedBlockTransactionScanner
2019-09-02 06:31:08,469 [SCMBlockDeletingService#1] DEBUG block.SCMBlockDeletingService (SCMBlockDeletingService.java:call(155)) - Scanned deleted blocks log and got 3 delTX to process.
2019-09-02 06:31:08,470 [SCMBlockDeletingService#1] DEBUG block.SCMBlockDeletingService (SCMBlockDeletingService.java:call(171)) - Added delete block command for datanode 3258574c-39ac-4ed5-9145-ea59a337c299 in the queue, number of delete block transactions: 3, TxID list: 1,2,3
2019-09-02 06:31:08,470 [SCMBlockDeletingService#1] INFO  block.SCMBlockDeletingService (SCMBlockDeletingService.java:call(182)) - Totally added 3 delete blocks command for 1 datanodes, task elapsed time: 1ms
2019-09-02 06:31:08,506 [pool-7-thread-1] INFO  commands.RetriableDatanodeEventWatcher (RetriableDatanodeEventWatcher.java:onTimeout(47)) - RetriableDatanodeCommand type=deleteBlocksCommand with id=1567405864501 timed out. Retrying.
2019-09-02 06:31:08,525 [pool-7-thread-1] INFO  commands.RetriableDatanodeEventWatcher (RetriableDatanodeEventWatcher.java:onTimeout(47)) - RetriableDatanodeCommand type=deleteBlocksCommand with id=1567405864511 timed out. Retrying.
2019-09-02 06:31:08,540 [pool-7-thread-1] INFO  commands.RetriableDatanodeEventWatcher (RetriableDatanodeEventWatcher.java:onTimeout(47)) - RetriableDatanodeCommand type=deleteBlocksCommand with id=1567405864521 timed out. Retrying.
2019-09-02 06:31:08,556 [pool-7-thread-1] INFO  commands.RetriableDatanodeEventWatcher (RetriableDatanodeEventWatcher.java:onTimeout(47)) - RetriableDatanodeCommand type=deleteBlocksCommand with id=1567405864531 timed out. Retrying.
2019-09-02 06:31:08,570 [SCMBlockDeletingService#1] DEBUG block.SCMBlockDeletingService (SCMBlockDeletingService.java:call(138)) - Running DeletedBlockTransactionScanner
2019-09-02 06:31:08,571 [SCMBlockDeletingService#1] DEBUG block.SCMBlockDeletingService (SCMBlockDeletingService.java:call(155)) - Scanned deleted blocks log and got 3 delTX to process.
2019-09-02 06:31:08,571 [SCMBlockDeletingService#1] DEBUG block.SCMBlockDeletingService (SCMBlockDeletingService.java:call(171)) - Added delete block command for datanode 3258574c-39ac-4ed5-9145-ea59a337c299 in the queue, number of delete block transactions: 3, TxID list: 1,2,3
2019-09-02 06:31:08,571 [SCMBlockDeletingService#1] INFO  block.SCMBlockDeletingService (SCMBlockDeletingService.java:call(182)) - Totally added 3 delete blocks command for 1 datanodes, task elapsed time: 1ms
2019-09-02 06:31:08,609 [pool-7-thread-1] INFO  commands.RetriableDatanodeEventWatcher (RetriableDatanodeEventWatcher.java:onTimeout(47)) - RetriableDatanodeCommand type=deleteBlocksCommand with id=1567405864502 timed out. Retrying.
2019-09-02 06:31:08,625 [pool-7-thread-1] INFO  commands.RetriableDatanodeEventWatcher (RetriableDatanodeEventWatcher.java:onTimeout(47)) - RetriableDatanodeCommand type=deleteBlocksCommand with id=1567405864512 timed out. Retrying.
2019-09-02 06:31:08,642 [pool-7-thread-1] INFO  commands.RetriableDatanodeEventWatcher (RetriableDatanodeEventWatcher.java:onTimeout(47)) - RetriableDatanodeCommand type=deleteBlocksCommand with id=1567405864522 timed out. Retrying.
2019-09-02 06:31:08,658 [pool-7-thread-1] INFO  commands.RetriableDatanodeEventWatcher (RetriableDatanodeEventWatcher.java:onTimeout(47)) - RetriableDatanodeCommand type=deleteBlocksCommand with id=1567405864532 timed out. Retrying.
2019-09-02 06:31:08,672 [SCMBlockDeletingService#1] DEBUG block.SCMBlockDeletingService (SCMBlockDeletingService.java:call(138)) - Running DeletedBlockTransactionScanner
2019-09-02 06:31:08,672 [SCMBlockDeletingService#1] DEBUG block.SCMBlockDeletingService (SCMBlockDeletingService.java:call(155)) - Scanned deleted blocks log and got 3 delTX to process.
2019-09-02 06:31:08,673 [SCMBlockDeletingService#1] DEBUG block.SCMBlockDeletingService (SCMBlockDeletingService.java:call(171)) - Added delete block command for datanode 3258574c-39ac-4ed5-9145-ea59a337c299 in the queue, number of delete block transactions: 3, TxID list: 1,2,3
2019-09-02 06:31:08,673 [SCMBlockDeletingService#1] INFO  block.SCMBlockDeletingService (SCMBlockDeletingService.java:call(182)) - Totally added 3 delete blocks command for 1 datanodes, task elapsed time: 1ms
2019-09-02 06:31:08,710 [pool-7-thread-1] INFO  commands.RetriableDatanodeEventWatcher (RetriableDatanodeEventWatcher.java:onTimeout(47)) - RetriableDatanodeCommand type=deleteBlocksCommand with id=1567405864503 timed out. Retrying.
2019-09-02 06:31:08,726 [pool-7-thread-1] INFO  commands.RetriableDatanodeEventWatcher (RetriableDatanodeEventWatcher.java:onTimeout(47)) - RetriableDatanodeCommand type=deleteBlocksCommand with id=1567405864513 timed out. Retrying.
2019-09-02 06:31:08,743 [pool-7-thread-1] INFO  commands.RetriableDatanodeEventWatcher (RetriableDatanodeEventWatcher.java:onTimeout(47)) - RetriableDatanodeCommand type=deleteBlocksCommand with id=1567405864523 timed out. Retrying.
2019-09-02 06:31:08,759 [pool-7-thread-1] INFO  commands.RetriableDatanodeEventWatcher (RetriableDatanodeEventWatcher.java:onTimeout(47)) - RetriableDatanodeCommand type=deleteBlocksCommand with id=1567405864533 timed out. Retrying.
2019-09-02 06:31:08,773 [SCMBlockDeletingService#1] DEBUG block.SCMBlockDeletingService (SCMBlockDeletingService.java:call(138)) - Running DeletedBlockTransactionScanner
2019-09-02 06:31:08,774 [SCMBlockDeletingService#1] DEBUG block.SCMBlockDeletingService (SCMBlockDeletingService.java:call(155)) - Scanned deleted blocks log and got 3 delTX to process.
2019-09-02 06:31:08,774 [SCMBlockDeletingService#1] DEBUG block.SCMBlockDeletingService (SCMBlockDeletingService.java:call(171)) - Added delete block command for datanode 3258574c-39ac-4ed5-9145-ea59a337c299 in the queue, number of delete block transactions: 3, TxID list: 1,2,3
2019-09-02 06:31:08,774 [SCMBlockDeletingService#1] INFO  block.SCMBlockDeletingService (SCMBlockDeletingService.java:call(182)) - Totally added 3 delete blocks command for 1 datanodes, task elapsed time: 1ms
2019-09-02 06:31:08,813 [pool-7-thread-1] INFO  commands.RetriableDatanodeEventWatcher (RetriableDatanodeEventWatcher.java:onTimeout(47)) - RetriableDatanodeCommand type=deleteBlocksCommand with id=1567405864504 timed out. Retrying.
2019-09-02 06:31:08,829 [pool-7-thread-1] INFO  commands.RetriableDatanodeEventWatcher (RetriableDatanodeEventWatcher.java:onTimeout(47)) - RetriableDatanodeCommand type=deleteBlocksCommand with id=1567405864514 timed out. Retrying.
2019-09-02 06:31:08,845 [pool-7-thread-1] INFO  commands.RetriableDatanodeEventWatcher (RetriableDatanodeEventWatcher.java:onTimeout(47)) - RetriableDatanodeCommand type=deleteBlocksCommand with id=1567405864524 timed out. Retrying.
2019-09-02 06:31:08,860 [pool-7-thread-1] INFO  commands.RetriableDatanodeEventWatcher (RetriableDatanodeEventWatcher.java:onTimeout(47)) - RetriableDatanodeCommand type=deleteBlocksCommand with id=1567405864534 timed out. Retrying.
2019-09-02 06:31:08,875 [SCMBlockDeletingService#1] DEBUG block.SCMBlockDeletingService (SCMBlockDeletingService.java:call(138)) - Running DeletedBlockTransactionScanner
2019-09-02 06:31:08,875 [SCMBlockDeletingService#1] DEBUG block.SCMBlockDeletingService (SCMBlockDeletingService.java:call(155)) - Scanned deleted blocks log and got 3 delTX to process.
2019-09-02 06:31:08,876 [SCMBlockDeletingService#1] DEBUG block.SCMBlockDeletingService (SCMBlockDeletingService.java:call(171)) - Added delete block command for datanode 3258574c-39ac-4ed5-9145-ea59a337c299 in the queue, number of delete block transactions: 3, TxID list: 1,2,3
2019-09-02 06:31:08,876 [SCMBlockDeletingService#1] INFO  block.SCMBlockDeletingService (SCMBlockDeletingService.java:call(182)) - Totally added 3 delete blocks command for 1 datanodes, task elapsed time: 1ms
2019-09-02 06:31:08,912 [pool-7-thread-1] INFO  commands.RetriableDatanodeEventWatcher (RetriableDatanodeEventWatcher.java:onTimeout(47)) - RetriableDatanodeCommand type=deleteBlocksCommand with id=1567405864505 timed out. Retrying.
2019-09-02 06:31:08,929 [pool-7-thread-1] INFO  commands.RetriableDatanodeEventWatcher (RetriableDatanodeEventWatcher.java:onTimeout(47)) - RetriableDatanodeCommand type=deleteBlocksCommand with id=1567405864515 timed out. Retrying.
2019-09-02 06:31:08,945 [pool-7-thread-1] INFO  commands.RetriableDatanodeEventWatcher (RetriableDatanodeEventWatcher.java:onTimeout(47)) - RetriableDatanodeCommand type=deleteBlocksCommand with id=1567405864525 timed out. Retrying.
2019-09-02 06:31:08,962 [pool-7-thread-1] INFO  commands.RetriableDatanodeEventWatcher (RetriableDatanodeEventWatcher.java:onTimeout(47)) - RetriableDatanodeCommand type=deleteBlocksCommand with id=1567405864535 timed out. Retrying.
2019-09-02 06:31:08,977 [SCMBlockDeletingService#1] DEBUG block.SCMBlockDeletingService (SCMBlockDeletingService.java:call(138)) - Running DeletedBlockTransactionScanner
2019-09-02 06:31:08,977 [SCMBlockDeletingService#1] DEBUG block.SCMBlockDeletingService (SCMBlockDeletingService.java:call(155)) - Scanned deleted blocks log and got 3 delTX to process.
2019-09-02 06:31:08,977 [SCMBlockDeletingService#1] DEBUG block.SCMBlockDeletingService (SCMBlockDeletingService.java:call(171)) - Added delete block command for datanode 3258574c-39ac-4ed5-9145-ea59a337c299 in the queue, number of delete block transactions: 3, TxID list: 1,2,3
2019-09-02 06:31:08,978 [SCMBlockDeletingService#1] INFO  block.SCMBlockDeletingService (SCMBlockDeletingService.java:call(182)) - Totally added 3 delete blocks command for 1 datanodes, task elapsed time: 1ms
2019-09-02 06:31:09,017 [pool-7-thread-1] INFO  commands.RetriableDatanodeEventWatcher (RetriableDatanodeEventWatcher.java:onTimeout(47)) - RetriableDatanodeCommand type=deleteBlocksCommand with id=1567405864506 timed out. Retrying.
2019-09-02 06:31:09,033 [pool-7-thread-1] INFO  commands.RetriableDatanodeEventWatcher (RetriableDatanodeEventWatcher.java:onTimeout(47)) - RetriableDatanodeCommand type=deleteBlocksCommand with id=1567405864516 timed out. Retrying.
2019-09-02 06:31:09,049 [pool-7-thread-1] INFO  commands.RetriableDatanodeEventWatcher (RetriableDatanodeEventWatcher.java:onTimeout(47)) - RetriableDatanodeCommand type=deleteBlocksCommand with id=1567405864526 timed out. Retrying.
2019-09-02 06:31:09,064 [pool-7-thread-1] INFO  commands.RetriableDatanodeEventWatcher (RetriableDatanodeEventWatcher.java:onTimeout(47)) - RetriableDatanodeCommand type=deleteBlocksCommand with id=1567405864536 timed out. Retrying.
2019-09-02 06:31:09,078 [SCMBlockDeletingService#1] DEBUG block.SCMBlockDeletingService (SCMBlockDeletingService.java:call(138)) - Running DeletedBlockTransactionScanner
2019-09-02 06:31:09,079 [SCMBlockDeletingService#1] DEBUG block.SCMBlockDeletingService (SCMBlockDeletingService.java:call(155)) - Scanned deleted blocks log and got 3 delTX to process.
2019-09-02 06:31:09,079 [SCMBlockDeletingService#1] DEBUG block.SCMBlockDeletingService (SCMBlockDeletingService.java:call(171)) - Added delete block command for datanode 3258574c-39ac-4ed5-9145-ea59a337c299 in the queue, number of delete block transactions: 3, TxID list: 1,2,3
2019-09-02 06:31:09,080 [SCMBlockDeletingService#1] INFO  block.SCMBlockDeletingService (SCMBlockDeletingService.java:call(182)) - Totally added 3 delete blocks command for 1 datanodes, task elapsed time: 1ms
2019-09-02 06:31:09,118 [pool-7-thread-1] INFO  commands.RetriableDatanodeEventWatcher (RetriableDatanodeEventWatcher.java:onTimeout(47)) - RetriableDatanodeCommand type=deleteBlocksCommand with id=1567405864507 timed out. Retrying.
2019-09-02 06:31:09,134 [pool-7-thread-1] INFO  commands.RetriableDatanodeEventWatcher (RetriableDatanodeEventWatcher.java:onTimeout(47)) - RetriableDatanodeCommand type=deleteBlocksCommand with id=1567405864517 timed out. Retrying.
2019-09-02 06:31:09,149 [pool-7-thread-1] INFO  commands.RetriableDatanodeEventWatcher (RetriableDatanodeEventWatcher.java:onTimeout(47)) - RetriableDatanodeCommand type=deleteBlocksCommand with id=1567405864527 timed out. Retrying.
2019-09-02 06:31:09,166 [pool-7-thread-1] INFO  commands.RetriableDatanodeEventWatcher (RetriableDatanodeEventWatcher.java:onTimeout(47)) - RetriableDatanodeCommand type=deleteBlocksCommand with id=1567405864537 timed out. Retrying.
2019-09-02 06:31:09,180 [SCMBlockDeletingService#0] DEBUG block.SCMBlockDeletingService (SCMBlockDeletingService.java:call(138)) - Running DeletedBlockTransactionScanner
2019-09-02 06:31:09,181 [SCMBlockDeletingService#0] DEBUG block.SCMBlockDeletingService (SCMBlockDeletingService.java:call(155)) - Scanned deleted blocks log and got 3 delTX to process.
2019-09-02 06:31:09,181 [SCMBlockDeletingService#0] DEBUG block.SCMBlockDeletingService (SCMBlockDeletingService.java:call(171)) - Added delete block command for datanode 3258574c-39ac-4ed5-9145-ea59a337c299 in the queue, number of delete block transactions: 3, TxID list: 1,2,3
2019-09-02 06:31:09,181 [SCMBlockDeletingService#0] INFO  block.SCMBlockDeletingService (SCMBlockDeletingService.java:call(182)) - Totally added 3 delete blocks command for 1 datanodes, task elapsed time: 2ms
2019-09-02 06:31:09,221 [pool-7-thread-1] INFO  commands.RetriableDatanodeEventWatcher (RetriableDatanodeEventWatcher.java:onTimeout(47)) - RetriableDatanodeCommand type=deleteBlocksCommand with id=1567405864508 timed out. Retrying.
2019-09-02 06:31:09,235 [pool-7-thread-1] INFO  commands.RetriableDatanodeEventWatcher (RetriableDatanodeEventWatcher.java:onTimeout(47)) - RetriableDatanodeCommand type=deleteBlocksCommand with id=1567405864518 timed out. Retrying.
2019-09-02 06:31:09,252 [pool-7-thread-1] INFO  commands.RetriableDatanodeEventWatcher (RetriableDatanodeEventWatcher.java:onTimeout(47)) - RetriableDatanodeCommand type=deleteBlocksCommand with id=1567405864528 timed out. Retrying.
2019-09-02 06:31:09,267 [pool-7-thread-1] INFO  commands.RetriableDatanodeEventWatcher (RetriableDatanodeEventWatcher.java:onTimeout(47)) - RetriableDatanodeCommand type=deleteBlocksCommand with id=1567405864538 timed out. Retrying.
2019-09-02 06:31:09,282 [SCMBlockDeletingService#0] DEBUG block.SCMBlockDeletingService (SCMBlockDeletingService.java:call(138)) - Running DeletedBlockTransactionScanner
2019-09-02 06:31:09,282 [SCMBlockDeletingService#0] DEBUG block.SCMBlockDeletingService (SCMBlockDeletingService.java:call(155)) - Scanned deleted blocks log and got 3 delTX to process.
2019-09-02 06:31:09,282 [SCMBlockDeletingService#0] DEBUG block.SCMBlockDeletingService (SCMBlockDeletingService.java:call(171)) - Added delete block command for datanode 3258574c-39ac-4ed5-9145-ea59a337c299 in the queue, number of delete block transactions: 3, TxID list: 1,2,3
2019-09-02 06:31:09,283 [SCMBlockDeletingService#0] INFO  block.SCMBlockDeletingService (SCMBlockDeletingService.java:call(182)) - Totally added 3 delete blocks command for 1 datanodes, task elapsed time: 1ms
2019-09-02 06:31:09,322 [pool-7-thread-1] INFO  commands.RetriableDatanodeEventWatcher (RetriableDatanodeEventWatcher.java:onTimeout(47)) - RetriableDatanodeCommand type=deleteBlocksCommand with id=1567405864509 timed out. Retrying.
2019-09-02 06:31:09,336 [pool-7-thread-1] INFO  commands.RetriableDatanodeEventWatcher (RetriableDatanodeEventWatcher.java:onTimeout(47)) - RetriableDatanodeCommand type=deleteBlocksCommand with id=1567405864519 timed out. Retrying.
2019-09-02 06:31:09,354 [pool-7-thread-1] INFO  commands.RetriableDatanodeEventWatcher (RetriableDatanodeEventWatcher.java:onTimeout(47)) - RetriableDatanodeCommand type=deleteBlocksCommand with id=1567405864529 timed out. Retrying.
2019-09-02 06:31:09,369 [pool-7-thread-1] INFO  commands.RetriableDatanodeEventWatcher (RetriableDatanodeEventWatcher.java:onTimeout(47)) - RetriableDatanodeCommand type=deleteBlocksCommand with id=1567405864539 timed out. Retrying.
2019-09-02 06:31:09,383 [SCMBlockDeletingService#0] DEBUG block.SCMBlockDeletingService (SCMBlockDeletingService.java:call(138)) - Running DeletedBlockTransactionScanner
2019-09-02 06:31:09,383 [SCMBlockDeletingService#0] DEBUG block.SCMBlockDeletingService (SCMBlockDeletingService.java:call(155)) - Scanned deleted blocks log and got 3 delTX to process.
2019-09-02 06:31:09,384 [SCMBlockDeletingService#0] DEBUG block.SCMBlockDeletingService (SCMBlockDeletingService.java:call(171)) - Added delete block command for datanode 3258574c-39ac-4ed5-9145-ea59a337c299 in the queue, number of delete block transactions: 3, TxID list: 1,2,3
2019-09-02 06:31:09,384 [SCMBlockDeletingService#0] INFO  block.SCMBlockDeletingService (SCMBlockDeletingService.java:call(182)) - Totally added 3 delete blocks command for 1 datanodes, task elapsed time: 1ms
2019-09-02 06:31:09,422 [pool-7-thread-1] INFO  commands.RetriableDatanodeEventWatcher (RetriableDatanodeEventWatcher.java:onTimeout(47)) - RetriableDatanodeCommand type=deleteBlocksCommand with id=1567405864510 timed out. Retrying.
2019-09-02 06:31:09,439 [pool-7-thread-1] INFO  commands.RetriableDatanodeEventWatcher (RetriableDatanodeEventWatcher.java:onTimeout(47)) - RetriableDatanodeCommand type=deleteBlocksCommand with id=1567405864520 timed out. Retrying.
2019-09-02 06:31:09,455 [pool-7-thread-1] INFO  commands.RetriableDatanodeEventWatcher (RetriableDatanodeEventWatcher.java:onTimeout(47)) - RetriableDatanodeCommand type=deleteBlocksCommand with id=1567405864530 timed out. Retrying.
2019-09-02 06:31:09,470 [pool-7-thread-1] INFO  commands.RetriableDatanodeEventWatcher (RetriableDatanodeEventWatcher.java:onTimeout(47)) - RetriableDatanodeCommand type=deleteBlocksCommand with id=1567405864540 timed out. Retrying.
2019-09-02 06:31:09,479 [main] INFO  ozoneimpl.OzoneContainer (OzoneContainer.java:stop(215)) - Attempting to stop container services.
2019-09-02 06:31:09,481 [main] INFO  impl.RaftServerProxy (RaftServerProxy.java:lambda$close$4(314)) - 3258574c-39ac-4ed5-9145-ea59a337c299: close
2019-09-02 06:31:09,483 [main] INFO  impl.RaftServerImpl (RaftServerImpl.java:lambda$shutdown$3(245)) - 3258574c-39ac-4ed5-9145-ea59a337c299: shutdown group-6C7D867BDA6A
2019-09-02 06:31:09,483 [main] INFO  util.JmxRegister (JmxRegister.java:unregister(73)) - Successfully un-registered JMX Bean with object name Ratis:service=RaftServer,group=group-6C7D867BDA6A,id=3258574c-39ac-4ed5-9145-ea59a337c299
2019-09-02 06:31:09,484 [main] INFO  impl.RoleInfo (RoleInfo.java:shutdownLeaderState(104)) - 3258574c-39ac-4ed5-9145-ea59a337c299: shutdown LeaderState
2019-09-02 06:31:09,485 [main] INFO  impl.PendingRequests (PendingRequests.java:sendNotLeaderResponses(202)) - 3258574c-39ac-4ed5-9145-ea59a337c299-PendingRequests: sendNotLeaderResponses
2019-09-02 06:31:09,485 [SCMBlockDeletingService#0] DEBUG block.SCMBlockDeletingService (SCMBlockDeletingService.java:call(138)) - Running DeletedBlockTransactionScanner
2019-09-02 06:31:09,485 [SCMBlockDeletingService#0] DEBUG block.SCMBlockDeletingService (SCMBlockDeletingService.java:call(155)) - Scanned deleted blocks log and got 3 delTX to process.
2019-09-02 06:31:09,485 [SCMBlockDeletingService#0] DEBUG block.SCMBlockDeletingService (SCMBlockDeletingService.java:call(171)) - Added delete block command for datanode 3258574c-39ac-4ed5-9145-ea59a337c299 in the queue, number of delete block transactions: 3, TxID list: 1,2,3
2019-09-02 06:31:09,486 [SCMBlockDeletingService#0] INFO  block.SCMBlockDeletingService (SCMBlockDeletingService.java:call(182)) - Totally added 3 delete blocks command for 1 datanodes, task elapsed time: 1ms
2019-09-02 06:31:09,489 [main] INFO  impl.StateMachineUpdater (StateMachineUpdater.java:stopAndJoin(115)) - StateMachineUpdater:3258574c-39ac-4ed5-9145-ea59a337c299:group-6C7D867BDA6A: set stopIndex = 6176
2019-09-02 06:31:09,489 [StateMachineUpdater:3258574c-39ac-4ed5-9145-ea59a337c299:group-6C7D867BDA6A] INFO  ratis.ContainerStateMachine (ContainerStateMachine.java:takeSnapshot(284)) - group-6C7D867BDA6A: Taking a snapshot at:(t:1, i:6176) file /workdir/hadoop-ozone/integration-test/target/test-dir/MiniOzoneClusterImpl-6a7e25ec-1fb2-41bc-9349-4a036b68fad4/datanode-0/data/ratis/64ed058b-0019-49be-a698-6c7d867bda6a/sm/snapshot.1_6176
2019-09-02 06:31:09,505 [StateMachineUpdater:3258574c-39ac-4ed5-9145-ea59a337c299:group-6C7D867BDA6A] INFO  ratis.ContainerStateMachine (ContainerStateMachine.java:takeSnapshot(295)) - group-6C7D867BDA6A: Finished taking a snapshot at:(t:1, i:6176) file:/workdir/hadoop-ozone/integration-test/target/test-dir/MiniOzoneClusterImpl-6a7e25ec-1fb2-41bc-9349-4a036b68fad4/datanode-0/data/ratis/64ed058b-0019-49be-a698-6c7d867bda6a/sm/snapshot.1_6176 time:16
2019-09-02 06:31:09,505 [StateMachineUpdater:3258574c-39ac-4ed5-9145-ea59a337c299:group-6C7D867BDA6A] INFO  impl.StateMachineUpdater (StateMachineUpdater.java:takeSnapshot(242)) - StateMachineUpdater:3258574c-39ac-4ed5-9145-ea59a337c299:group-6C7D867BDA6A: Took a snapshot at index 6176
2019-09-02 06:31:09,505 [StateMachineUpdater:3258574c-39ac-4ed5-9145-ea59a337c299:group-6C7D867BDA6A] INFO  impl.StateMachineUpdater (StateMachineUpdater.java:lambda$new$0(80)) - StateMachineUpdater:3258574c-39ac-4ed5-9145-ea59a337c299:group-6C7D867BDA6A: snapshotIndex: updateIncreasingly -1 -> 6176
2019-09-02 06:31:09,507 [pool-7-thread-1] INFO  commands.RetriableDatanodeEventWatcher (RetriableDatanodeEventWatcher.java:onTimeout(47)) - RetriableDatanodeCommand type=deleteBlocksCommand with id=1567405864501 timed out. Retrying.
2019-09-02 06:31:09,512 [main] INFO  impl.RaftServerImpl (ServerState.java:close(394)) - 3258574c-39ac-4ed5-9145-ea59a337c299:group-6C7D867BDA6A closes. The last applied log index is 6176
2019-09-02 06:31:09,516 [3258574c-39ac-4ed5-9145-ea59a337c299-SegmentedRaftLogWorker:Storage Directory /workdir/hadoop-ozone/integration-test/target/test-dir/MiniOzoneClusterImpl-6a7e25ec-1fb2-41bc-9349-4a036b68fad4/datanode-0/data/ratis/64ed058b-0019-49be-a698-6c7d867bda6a] INFO  segmented.SegmentedRaftLogWorker (SegmentedRaftLogWorker.java:run(313)) - 3258574c-39ac-4ed5-9145-ea59a337c299-SegmentedRaftLogWorker:Storage Directory /workdir/hadoop-ozone/integration-test/target/test-dir/MiniOzoneClusterImpl-6a7e25ec-1fb2-41bc-9349-4a036b68fad4/datanode-0/data/ratis/64ed058b-0019-49be-a698-6c7d867bda6a was interrupted, exiting. There are 0 tasks remaining in the queue.
2019-09-02 06:31:09,516 [main] INFO  segmented.SegmentedRaftLogWorker (SegmentedRaftLogWorker.java:close(228)) - 3258574c-39ac-4ed5-9145-ea59a337c299-SegmentedRaftLogWorker:Storage Directory /workdir/hadoop-ozone/integration-test/target/test-dir/MiniOzoneClusterImpl-6a7e25ec-1fb2-41bc-9349-4a036b68fad4/datanode-0/data/ratis/64ed058b-0019-49be-a698-6c7d867bda6a close()
2019-09-02 06:31:09,518 [main] INFO  server.GrpcService (GrpcService.java:closeImpl(155)) - 3258574c-39ac-4ed5-9145-ea59a337c299: shutdown server with port 35043 now
2019-09-02 06:31:09,521 [main] INFO  server.GrpcService (GrpcService.java:closeImpl(163)) - 3258574c-39ac-4ed5-9145-ea59a337c299: shutdown server with port 35043 successfully
2019-09-02 06:31:09,525 [pool-7-thread-1] INFO  commands.RetriableDatanodeEventWatcher (RetriableDatanodeEventWatcher.java:onTimeout(47)) - RetriableDatanodeCommand type=deleteBlocksCommand with id=1567405864511 timed out. Retrying.
2019-09-02 06:31:09,529 [refreshUsed-/workdir/hadoop-ozone/integration-test/target/test-dir/MiniOzoneClusterImpl-6a7e25ec-1fb2-41bc-9349-4a036b68fad4/datanode-0/data/containers] WARN  fs.CachingGetSpaceUsed (CachingGetSpaceUsed.java:run(183)) - Thread Interrupted waiting to refresh disk information: sleep interrupted
2019-09-02 06:31:09,541 [pool-7-thread-1] INFO  commands.RetriableDatanodeEventWatcher (RetriableDatanodeEventWatcher.java:onTimeout(47)) - RetriableDatanodeCommand type=deleteBlocksCommand with id=1567405864521 timed out. Retrying.
2019-09-02 06:31:09,543 [main] INFO  utils.BackgroundService (BackgroundService.java:shutdown(148)) - Shutting down service BlockDeletingService
2019-09-02 06:31:09,546 [main] INFO  statemachine.DatanodeStateMachine (DatanodeStateMachine.java:stopDaemon(395)) - Ozone container server stopped.
2019-09-02 06:31:09,552 [main] INFO  handler.ContextHandler (ContextHandler.java:doStop(910)) - Stopped o.e.j.w.WebAppContext@35c12c7a{/,null,UNAVAILABLE}{/hddsDatanode}
2019-09-02 06:31:09,556 [pool-7-thread-1] INFO  commands.RetriableDatanodeEventWatcher (RetriableDatanodeEventWatcher.java:onTimeout(47)) - RetriableDatanodeCommand type=deleteBlocksCommand with id=1567405864531 timed out. Retrying.
2019-09-02 06:31:09,556 [main] INFO  server.AbstractConnector (AbstractConnector.java:doStop(318)) - Stopped ServerConnector@658255aa{HTTP/1.1,[http/1.1]}{0.0.0.0:0}
2019-09-02 06:31:09,557 [main] INFO  handler.ContextHandler (ContextHandler.java:doStop(910)) - Stopped o.e.j.s.ServletContextHandler@34d52ecd{/static,jar:file:/home/user/.m2/repository/org/apache/hadoop/hadoop-hdds-container-service/0.5.0-SNAPSHOT/hadoop-hdds-container-service-0.5.0-SNAPSHOT.jar!/webapps/static,UNAVAILABLE}
2019-09-02 06:31:09,557 [main] INFO  handler.ContextHandler (ContextHandler.java:doStop(910)) - Stopped o.e.j.s.ServletContextHandler@5633ed82{/logs,file:///workdir/hadoop-ozone/integration-test/target/log,UNAVAILABLE}
2019-09-02 06:31:09,571 [pool-7-thread-1] INFO  commands.RetriableDatanodeEventWatcher (RetriableDatanodeEventWatcher.java:onTimeout(47)) - RetriableDatanodeCommand type=deleteBlocksCommand with id=1567405864541 timed out. Retrying.
2019-09-02 06:31:09,586 [SCMBlockDeletingService#0] DEBUG block.SCMBlockDeletingService (SCMBlockDeletingService.java:call(138)) - Running DeletedBlockTransactionScanner
2019-09-02 06:31:09,587 [SCMBlockDeletingService#0] DEBUG block.SCMBlockDeletingService (SCMBlockDeletingService.java:call(155)) - Scanned deleted blocks log and got 3 delTX to process.
2019-09-02 06:31:09,587 [SCMBlockDeletingService#0] DEBUG block.SCMBlockDeletingService (SCMBlockDeletingService.java:call(171)) - Added delete block command for datanode 3258574c-39ac-4ed5-9145-ea59a337c299 in the queue, number of delete block transactions: 3, TxID list: 1,2,3
2019-09-02 06:31:09,587 [SCMBlockDeletingService#0] INFO  block.SCMBlockDeletingService (SCMBlockDeletingService.java:call(182)) - Totally added 3 delete blocks command for 1 datanodes, task elapsed time: 1ms
2019-09-02 06:31:09,610 [pool-7-thread-1] INFO  commands.RetriableDatanodeEventWatcher (RetriableDatanodeEventWatcher.java:onTimeout(47)) - RetriableDatanodeCommand type=deleteBlocksCommand with id=1567405864502 timed out. Retrying.
2019-09-02 06:31:09,624 [pool-7-thread-1] INFO  commands.RetriableDatanodeEventWatcher (RetriableDatanodeEventWatcher.java:onTimeout(47)) - RetriableDatanodeCommand type=deleteBlocksCommand with id=1567405864512 timed out. Retrying.
2019-09-02 06:31:09,643 [pool-7-thread-1] INFO  commands.RetriableDatanodeEventWatcher (RetriableDatanodeEventWatcher.java:onTimeout(47)) - RetriableDatanodeCommand type=deleteBlocksCommand with id=1567405864522 timed out. Retrying.
2019-09-02 06:31:09,658 [pool-7-thread-1] INFO  commands.RetriableDatanodeEventWatcher (RetriableDatanodeEventWatcher.java:onTimeout(47)) - RetriableDatanodeCommand type=deleteBlocksCommand with id=1567405864532 timed out. Retrying.
2019-09-02 06:31:09,673 [pool-7-thread-1] INFO  commands.RetriableDatanodeEventWatcher (RetriableDatanodeEventWatcher.java:onTimeout(47)) - RetriableDatanodeCommand type=deleteBlocksCommand with id=1567405864542 timed out. Retrying.
2019-09-02 06:31:09,687 [SCMBlockDeletingService#0] DEBUG block.SCMBlockDeletingService (SCMBlockDeletingService.java:call(138)) - Running DeletedBlockTransactionScanner
2019-09-02 06:31:09,688 [SCMBlockDeletingService#0] DEBUG block.SCMBlockDeletingService (SCMBlockDeletingService.java:call(155)) - Scanned deleted blocks log and got 3 delTX to process.
2019-09-02 06:31:09,688 [SCMBlockDeletingService#0] DEBUG block.SCMBlockDeletingService (SCMBlockDeletingService.java:call(171)) - Added delete block command for datanode 3258574c-39ac-4ed5-9145-ea59a337c299 in the queue, number of delete block transactions: 3, TxID list: 1,2,3
2019-09-02 06:31:09,689 [SCMBlockDeletingService#0] INFO  block.SCMBlockDeletingService (SCMBlockDeletingService.java:call(182)) - Totally added 3 delete blocks command for 1 datanodes, task elapsed time: 1ms
2019-09-02 06:31:09,710 [pool-7-thread-1] INFO  commands.RetriableDatanodeEventWatcher (RetriableDatanodeEventWatcher.java:onTimeout(47)) - RetriableDatanodeCommand type=deleteBlocksCommand with id=1567405864503 timed out. Retrying.
2019-09-02 06:31:09,727 [pool-7-thread-1] INFO  commands.RetriableDatanodeEventWatcher (RetriableDatanodeEventWatcher.java:onTimeout(47)) - RetriableDatanodeCommand type=deleteBlocksCommand with id=1567405864513 timed out. Retrying.
2019-09-02 06:31:09,743 [pool-7-thread-1] INFO  commands.RetriableDatanodeEventWatcher (RetriableDatanodeEventWatcher.java:onTimeout(47)) - RetriableDatanodeCommand type=deleteBlocksCommand with id=1567405864523 timed out. Retrying.
2019-09-02 06:31:09,760 [pool-7-thread-1] INFO  commands.RetriableDatanodeEventWatcher (RetriableDatanodeEventWatcher.java:onTimeout(47)) - RetriableDatanodeCommand type=deleteBlocksCommand with id=1567405864533 timed out. Retrying.
2019-09-02 06:31:09,774 [pool-7-thread-1] INFO  commands.RetriableDatanodeEventWatcher (RetriableDatanodeEventWatcher.java:onTimeout(47)) - RetriableDatanodeCommand type=deleteBlocksCommand with id=1567405864543 timed out. Retrying.
2019-09-02 06:31:09,789 [SCMBlockDeletingService#0] DEBUG block.SCMBlockDeletingService (SCMBlockDeletingService.java:call(138)) - Running DeletedBlockTransactionScanner
2019-09-02 06:31:09,790 [SCMBlockDeletingService#0] DEBUG block.SCMBlockDeletingService (SCMBlockDeletingService.java:call(155)) - Scanned deleted blocks log and got 3 delTX to process.
2019-09-02 06:31:09,790 [SCMBlockDeletingService#0] DEBUG block.SCMBlockDeletingService (SCMBlockDeletingService.java:call(171)) - Added delete block command for datanode 3258574c-39ac-4ed5-9145-ea59a337c299 in the queue, number of delete block transactions: 3, TxID list: 1,2,3
2019-09-02 06:31:09,791 [SCMBlockDeletingService#0] INFO  block.SCMBlockDeletingService (SCMBlockDeletingService.java:call(182)) - Totally added 3 delete blocks command for 1 datanodes, task elapsed time: 2ms
2019-09-02 06:31:09,813 [pool-7-thread-1] INFO  commands.RetriableDatanodeEventWatcher (RetriableDatanodeEventWatcher.java:onTimeout(47)) - RetriableDatanodeCommand type=deleteBlocksCommand with id=1567405864504 timed out. Retrying.
2019-09-02 06:31:09,829 [pool-7-thread-1] INFO  commands.RetriableDatanodeEventWatcher (RetriableDatanodeEventWatcher.java:onTimeout(47)) - RetriableDatanodeCommand type=deleteBlocksCommand with id=1567405864514 timed out. Retrying.
2019-09-02 06:31:09,846 [pool-7-thread-1] INFO  commands.RetriableDatanodeEventWatcher (RetriableDatanodeEventWatcher.java:onTimeout(47)) - RetriableDatanodeCommand type=deleteBlocksCommand with id=1567405864524 timed out. Retrying.
2019-09-02 06:31:09,860 [pool-7-thread-1] INFO  commands.RetriableDatanodeEventWatcher (RetriableDatanodeEventWatcher.java:onTimeout(47)) - RetriableDatanodeCommand type=deleteBlocksCommand with id=1567405864534 timed out. Retrying.
2019-09-02 06:31:09,876 [pool-7-thread-1] INFO  commands.RetriableDatanodeEventWatcher (RetriableDatanodeEventWatcher.java:onTimeout(47)) - RetriableDatanodeCommand type=deleteBlocksCommand with id=1567405864544 timed out. Retrying.
2019-09-02 06:31:09,891 [SCMBlockDeletingService#0] DEBUG block.SCMBlockDeletingService (SCMBlockDeletingService.java:call(138)) - Running DeletedBlockTransactionScanner
2019-09-02 06:31:09,892 [SCMBlockDeletingService#0] DEBUG block.SCMBlockDeletingService (SCMBlockDeletingService.java:call(155)) - Scanned deleted blocks log and got 3 delTX to process.
2019-09-02 06:31:09,892 [SCMBlockDeletingService#0] DEBUG block.SCMBlockDeletingService (SCMBlockDeletingService.java:call(171)) - Added delete block command for datanode 3258574c-39ac-4ed5-9145-ea59a337c299 in the queue, number of delete block transactions: 3, TxID list: 1,2,3
2019-09-02 06:31:09,892 [SCMBlockDeletingService#0] INFO  block.SCMBlockDeletingService (SCMBlockDeletingService.java:call(182)) - Totally added 3 delete blocks command for 1 datanodes, task elapsed time: 1ms
2019-09-02 06:31:09,913 [pool-7-thread-1] INFO  commands.RetriableDatanodeEventWatcher (RetriableDatanodeEventWatcher.java:onTimeout(47)) - RetriableDatanodeCommand type=deleteBlocksCommand with id=1567405864505 timed out. Retrying.
2019-09-02 06:31:09,929 [pool-7-thread-1] INFO  commands.RetriableDatanodeEventWatcher (RetriableDatanodeEventWatcher.java:onTimeout(47)) - RetriableDatanodeCommand type=deleteBlocksCommand with id=1567405864515 timed out. Retrying.
2019-09-02 06:31:09,946 [pool-7-thread-1] INFO  commands.RetriableDatanodeEventWatcher (RetriableDatanodeEventWatcher.java:onTimeout(47)) - RetriableDatanodeCommand type=deleteBlocksCommand with id=1567405864525 timed out. Retrying.
2019-09-02 06:31:09,962 [pool-7-thread-1] INFO  commands.RetriableDatanodeEventWatcher (RetriableDatanodeEventWatcher.java:onTimeout(47)) - RetriableDatanodeCommand type=deleteBlocksCommand with id=1567405864535 timed out. Retrying.
2019-09-02 06:31:09,979 [pool-7-thread-1] INFO  commands.RetriableDatanodeEventWatcher (RetriableDatanodeEventWatcher.java:onTimeout(47)) - RetriableDatanodeCommand type=deleteBlocksCommand with id=1567405864545 timed out. Retrying.
2019-09-02 06:31:09,993 [SCMBlockDeletingService#0] DEBUG block.SCMBlockDeletingService (SCMBlockDeletingService.java:call(138)) - Running DeletedBlockTransactionScanner
2019-09-02 06:31:09,993 [SCMBlockDeletingService#0] DEBUG block.SCMBlockDeletingService (SCMBlockDeletingService.java:call(155)) - Scanned deleted blocks log and got 3 delTX to process.
2019-09-02 06:31:09,993 [SCMBlockDeletingService#0] DEBUG block.SCMBlockDeletingService (SCMBlockDeletingService.java:call(171)) - Added delete block command for datanode 3258574c-39ac-4ed5-9145-ea59a337c299 in the queue, number of delete block transactions: 3, TxID list: 1,2,3
2019-09-02 06:31:09,994 [SCMBlockDeletingService#0] INFO  block.SCMBlockDeletingService (SCMBlockDeletingService.java:call(182)) - Totally added 3 delete blocks command for 1 datanodes, task elapsed time: 1ms
2019-09-02 06:31:10,017 [pool-7-thread-1] INFO  commands.RetriableDatanodeEventWatcher (RetriableDatanodeEventWatcher.java:onTimeout(47)) - RetriableDatanodeCommand type=deleteBlocksCommand with id=1567405864506 timed out. Retrying.
2019-09-02 06:31:10,034 [pool-7-thread-1] INFO  commands.RetriableDatanodeEventWatcher (RetriableDatanodeEventWatcher.java:onTimeout(47)) - RetriableDatanodeCommand type=deleteBlocksCommand with id=1567405864516 timed out. Retrying.
2019-09-02 06:31:10,050 [pool-7-thread-1] INFO  commands.RetriableDatanodeEventWatcher (RetriableDatanodeEventWatcher.java:onTimeout(47)) - RetriableDatanodeCommand type=deleteBlocksCommand with id=1567405864526 timed out. Retrying.
2019-09-02 06:31:10,060 [main] INFO  ozone.MiniOzoneClusterImpl (MiniOzoneClusterImpl.java:lambda$waitForClusterToBeReady$0(140)) - Cluster is ready. Got 0 of 0 DN Heartbeats.
2019-09-02 06:31:10,064 [main] INFO  impl.MetricsSystemImpl (MetricsSystemImpl.java:init(158)) - HddsDatanode metrics system started (again)
2019-09-02 06:31:10,065 [pool-7-thread-1] INFO  commands.RetriableDatanodeEventWatcher (RetriableDatanodeEventWatcher.java:onTimeout(47)) - RetriableDatanodeCommand type=deleteBlocksCommand with id=1567405864536 timed out. Retrying.
2019-09-02 06:31:10,079 [pool-7-thread-1] INFO  commands.RetriableDatanodeEventWatcher (RetriableDatanodeEventWatcher.java:onTimeout(47)) - RetriableDatanodeCommand type=deleteBlocksCommand with id=1567405864546 timed out. Retrying.
2019-09-02 06:31:10,094 [SCMBlockDeletingService#0] DEBUG block.SCMBlockDeletingService (SCMBlockDeletingService.java:call(138)) - Running DeletedBlockTransactionScanner
2019-09-02 06:31:10,095 [SCMBlockDeletingService#0] DEBUG block.SCMBlockDeletingService (SCMBlockDeletingService.java:call(155)) - Scanned deleted blocks log and got 3 delTX to process.
2019-09-02 06:31:10,095 [SCMBlockDeletingService#0] DEBUG block.SCMBlockDeletingService (SCMBlockDeletingService.java:call(171)) - Added delete block command for datanode 3258574c-39ac-4ed5-9145-ea59a337c299 in the queue, number of delete block transactions: 3, TxID list: 1,2,3
2019-09-02 06:31:10,095 [SCMBlockDeletingService#0] INFO  block.SCMBlockDeletingService (SCMBlockDeletingService.java:call(182)) - Totally added 3 delete blocks command for 1 datanodes, task elapsed time: 1ms
2019-09-02 06:31:10,111 [main] INFO  ozone.HddsDatanodeService (HddsDatanodeService.java:start(184)) - HddsDatanodeService host:trunk-nightly-20190902-fsht6-3309735379 ip:192.168.36.97
2019-09-02 06:31:10,114 [main] INFO  volume.VolumeUsage (VolumeUsage.java:loadScmUsed(144)) - Cached ScmUsed found for /workdir/hadoop-ozone/integration-test/target/test-dir/MiniOzoneClusterImpl-6a7e25ec-1fb2-41bc-9349-4a036b68fad4/datanode-0/data/containers : 4096 
2019-09-02 06:31:10,115 [main] INFO  volume.HddsVolume (HddsVolume.java:<init>(176)) - Creating Volume: /workdir/hadoop-ozone/integration-test/target/test-dir/MiniOzoneClusterImpl-6a7e25ec-1fb2-41bc-9349-4a036b68fad4/datanode-0/data/containers/hdds of  storage type : DISK and capacity : 1482555576320
2019-09-02 06:31:10,115 [main] INFO  volume.VolumeSet (VolumeSet.java:initializeVolumeSet(170)) - Added Volume : /workdir/hadoop-ozone/integration-test/target/test-dir/MiniOzoneClusterImpl-6a7e25ec-1fb2-41bc-9349-4a036b68fad4/datanode-0/data/containers/hdds to VolumeSet
2019-09-02 06:31:10,116 [main] INFO  volume.ThrottledAsyncChecker (ThrottledAsyncChecker.java:schedule(140)) - Scheduling a check for org.apache.hadoop.ozone.container.common.volume.HddsVolume@38f77cd9
2019-09-02 06:31:10,116 [main] INFO  volume.HddsVolumeChecker (HddsVolumeChecker.java:checkAllVolumes(203)) - Scheduled health check for volume org.apache.hadoop.ozone.container.common.volume.HddsVolume@38f77cd9
2019-09-02 06:31:10,118 [pool-7-thread-1] INFO  commands.RetriableDatanodeEventWatcher (RetriableDatanodeEventWatcher.java:onTimeout(47)) - RetriableDatanodeCommand type=deleteBlocksCommand with id=1567405864507 timed out. Retrying.
2019-09-02 06:31:10,135 [pool-7-thread-1] INFO  commands.RetriableDatanodeEventWatcher (RetriableDatanodeEventWatcher.java:onTimeout(47)) - RetriableDatanodeCommand type=deleteBlocksCommand with id=1567405864517 timed out. Retrying.
2019-09-02 06:31:10,149 [pool-7-thread-1] INFO  commands.RetriableDatanodeEventWatcher (RetriableDatanodeEventWatcher.java:onTimeout(47)) - RetriableDatanodeCommand type=deleteBlocksCommand with id=1567405864527 timed out. Retrying.
2019-09-02 06:31:10,167 [pool-7-thread-1] INFO  commands.RetriableDatanodeEventWatcher (RetriableDatanodeEventWatcher.java:onTimeout(47)) - RetriableDatanodeCommand type=deleteBlocksCommand with id=1567405864537 timed out. Retrying.
2019-09-02 06:31:10,181 [pool-7-thread-1] INFO  commands.RetriableDatanodeEventWatcher (RetriableDatanodeEventWatcher.java:onTimeout(47)) - RetriableDatanodeCommand type=deleteBlocksCommand with id=1567405864547 timed out. Retrying.
2019-09-02 06:31:10,196 [SCMBlockDeletingService#1] DEBUG block.SCMBlockDeletingService (SCMBlockDeletingService.java:call(138)) - Running DeletedBlockTransactionScanner
2019-09-02 06:31:10,196 [SCMBlockDeletingService#1] DEBUG block.SCMBlockDeletingService (SCMBlockDeletingService.java:call(155)) - Scanned deleted blocks log and got 3 delTX to process.
2019-09-02 06:31:10,197 [SCMBlockDeletingService#1] DEBUG block.SCMBlockDeletingService (SCMBlockDeletingService.java:call(171)) - Added delete block command for datanode 3258574c-39ac-4ed5-9145-ea59a337c299 in the queue, number of delete block transactions: 3, TxID list: 1,2,3
2019-09-02 06:31:10,197 [SCMBlockDeletingService#1] INFO  block.SCMBlockDeletingService (SCMBlockDeletingService.java:call(182)) - Totally added 3 delete blocks command for 1 datanodes, task elapsed time: 1ms
2019-09-02 06:31:10,222 [pool-7-thread-1] INFO  commands.RetriableDatanodeEventWatcher (RetriableDatanodeEventWatcher.java:onTimeout(47)) - RetriableDatanodeCommand type=deleteBlocksCommand with id=1567405864508 timed out. Retrying.
2019-09-02 06:31:10,227 [main] INFO  impl.RaftServerProxy (ConfUtils.java:logGet(43)) - raft.rpc.type = GRPC (default)
2019-09-02 06:31:10,227 [main] INFO  grpc.GrpcFactory (GrpcFactory.java:checkPooledByteBufAllocatorUseCacheForAllThreads(45)) - PERFORMANCE WARNING: useCacheForAllThreads is true that may cause Netty to create a lot garbage objects and, as a result, trigger GC.
	It is recommended to disable useCacheForAllThreads by setting -Dorg.apache.ratis.thirdparty.io.netty.allocator.useCacheForAllThreads=false in command line.
2019-09-02 06:31:10,227 [main] INFO  grpc.GrpcConfigKeys$Server (ConfUtils.java:logGet(43)) - raft.grpc.server.port = 35043 (custom)
2019-09-02 06:31:10,228 [main] INFO  server.GrpcService (ConfUtils.java:logGet(43)) - raft.grpc.message.size.max = 33570816 (custom)
2019-09-02 06:31:10,228 [main] INFO  server.RaftServerConfigKeys (ConfUtils.java:logGet(43)) - raft.server.log.appender.buffer.byte-limit = 33554432 (custom)
2019-09-02 06:31:10,228 [main] INFO  server.GrpcService (ConfUtils.java:logGet(43)) - raft.grpc.flow.control.window = 1MB (=1048576) (default)
2019-09-02 06:31:10,229 [main] INFO  server.RaftServerConfigKeys (ConfUtils.java:logGet(43)) - raft.server.rpc.request.timeout = 3000ms (default)
2019-09-02 06:31:10,230 [main] INFO  server.RaftServerConfigKeys (ConfUtils.java:logGet(43)) - raft.server.storage.dir = [/workdir/hadoop-ozone/integration-test/target/test-dir/MiniOzoneClusterImpl-6a7e25ec-1fb2-41bc-9349-4a036b68fad4/datanode-0/data/ratis] (custom)
2019-09-02 06:31:10,230 [main] INFO  impl.RaftServerProxy (RaftServerProxy.java:lambda$null$0(191)) - 3258574c-39ac-4ed5-9145-ea59a337c299: found a subdirectory /workdir/hadoop-ozone/integration-test/target/test-dir/MiniOzoneClusterImpl-6a7e25ec-1fb2-41bc-9349-4a036b68fad4/datanode-0/data/ratis/64ed058b-0019-49be-a698-6c7d867bda6a
2019-09-02 06:31:10,232 [main] INFO  impl.RaftServerProxy (RaftServerProxy.java:addNew(89)) - 3258574c-39ac-4ed5-9145-ea59a337c299: addNew group-6C7D867BDA6A:[] returns group-6C7D867BDA6A:java.util.concurrent.CompletableFuture@59fbb34[Not completed]
2019-09-02 06:31:10,236 [pool-7-thread-1] INFO  commands.RetriableDatanodeEventWatcher (RetriableDatanodeEventWatcher.java:onTimeout(47)) - RetriableDatanodeCommand type=deleteBlocksCommand with id=1567405864518 timed out. Retrying.
2019-09-02 06:31:10,240 [main] INFO  hdfs.DFSUtil (DFSUtil.java:httpServerTemplateForNNAndJN(1641)) - Starting Web-server for hddsDatanode at: http://0.0.0.0:36569
2019-09-02 06:31:10,253 [pool-7-thread-1] INFO  commands.RetriableDatanodeEventWatcher (RetriableDatanodeEventWatcher.java:onTimeout(47)) - RetriableDatanodeCommand type=deleteBlocksCommand with id=1567405864528 timed out. Retrying.
2019-09-02 06:31:10,254 [pool-592-thread-1] INFO  impl.RaftServerImpl (RaftServerImpl.java:<init>(93)) - 3258574c-39ac-4ed5-9145-ea59a337c299: new RaftServerImpl for group-6C7D867BDA6A:[] with ContainerStateMachine:uninitialized
2019-09-02 06:31:10,254 [main] INFO  server.AuthenticationFilter (AuthenticationFilter.java:constructSecretProvider(240)) - Unable to initialize FileSignerSecretProvider, falling back to use random secrets.
2019-09-02 06:31:10,255 [pool-592-thread-1] INFO  server.RaftServerConfigKeys (ConfUtils.java:logGet(43)) - raft.server.rpc.timeout.min = 5s (custom)
2019-09-02 06:31:10,255 [pool-592-thread-1] INFO  server.RaftServerConfigKeys (ConfUtils.java:logGet(43)) - raft.server.rpc.timeout.max = 5200ms (custom)
2019-09-02 06:31:10,255 [pool-592-thread-1] INFO  server.RaftServerConfigKeys (ConfUtils.java:logGet(43)) - raft.server.rpcslowness.timeout = 120s (custom)
2019-09-02 06:31:10,255 [pool-592-thread-1] INFO  server.RaftServerConfigKeys (ConfUtils.java:logGet(43)) - raft.server.sleep.deviation.threshold = 300 (default)
2019-09-02 06:31:10,255 [pool-592-thread-1] INFO  server.RaftServerConfigKeys (ConfUtils.java:logGet(43)) - raft.server.log.appender.install.snapshot.enabled = false (custom)
2019-09-02 06:31:10,256 [main] WARN  http.HttpRequestLog (HttpRequestLog.java:getRequestLog(97)) - Jetty request log can only be enabled using Log4j
2019-09-02 06:31:10,256 [pool-592-thread-1] INFO  impl.RaftServerImpl (ServerState.java:<init>(105)) - 3258574c-39ac-4ed5-9145-ea59a337c299:group-6C7D867BDA6A ConfigurationManager, init=-1: [], old=null, confs=<EMPTY_MAP>
2019-09-02 06:31:10,256 [pool-592-thread-1] INFO  server.RaftServerConfigKeys (ConfUtils.java:logGet(43)) - raft.server.storage.dir = [/workdir/hadoop-ozone/integration-test/target/test-dir/MiniOzoneClusterImpl-6a7e25ec-1fb2-41bc-9349-4a036b68fad4/datanode-0/data/ratis] (custom)
2019-09-02 06:31:10,258 [main] INFO  http.HttpServer2 (HttpServer2.java:addGlobalFilter(975)) - Added global filter 'safety' (class=org.apache.hadoop.http.HttpServer2$QuotingInputFilter)
2019-09-02 06:31:10,259 [main] INFO  http.HttpServer2 (HttpServer2.java:addFilter(948)) - Added filter static_user_filter (class=org.apache.hadoop.http.lib.StaticUserWebFilter$StaticUserFilter) to context hddsDatanode
2019-09-02 06:31:10,259 [main] INFO  http.HttpServer2 (HttpServer2.java:addFilter(958)) - Added filter static_user_filter (class=org.apache.hadoop.http.lib.StaticUserWebFilter$StaticUserFilter) to context logs
2019-09-02 06:31:10,259 [main] INFO  http.HttpServer2 (HttpServer2.java:addFilter(958)) - Added filter static_user_filter (class=org.apache.hadoop.http.lib.StaticUserWebFilter$StaticUserFilter) to context static
2019-09-02 06:31:10,261 [main] INFO  http.HttpServer2 (HttpServer2.java:bindListener(1191)) - Jetty bound to port 36569
2019-09-02 06:31:10,261 [main] INFO  server.Server (Server.java:doStart(351)) - jetty-9.3.24.v20180605, build timestamp: 2018-06-05T17:11:56Z, git hash: 84205aa28f11a4f31f2a3b86d1bba2cc8ab69827
2019-09-02 06:31:10,263 [main] INFO  handler.ContextHandler (ContextHandler.java:doStart(781)) - Started o.e.j.s.ServletContextHandler@6ed043d3{/logs,file:///workdir/hadoop-ozone/integration-test/target/log,AVAILABLE}
2019-09-02 06:31:10,264 [main] INFO  handler.ContextHandler (ContextHandler.java:doStart(781)) - Started o.e.j.s.ServletContextHandler@6419a0e1{/static,jar:file:/home/user/.m2/repository/org/apache/hadoop/hadoop-hdds-container-service/0.5.0-SNAPSHOT/hadoop-hdds-container-service-0.5.0-SNAPSHOT.jar!/webapps/static,AVAILABLE}
2019-09-02 06:31:10,266 [pool-7-thread-1] INFO  commands.RetriableDatanodeEventWatcher (RetriableDatanodeEventWatcher.java:onTimeout(47)) - RetriableDatanodeCommand type=deleteBlocksCommand with id=1567405864538 timed out. Retrying.
2019-09-02 06:31:10,275 [pool-592-thread-1] INFO  storage.RaftStorageDirectory (RaftStorageDirectory.java:tryLock(328)) - Lock on /workdir/hadoop-ozone/integration-test/target/test-dir/MiniOzoneClusterImpl-6a7e25ec-1fb2-41bc-9349-4a036b68fad4/datanode-0/data/ratis/64ed058b-0019-49be-a698-6c7d867bda6a/in_use.lock acquired by nodename 5922@trunk-nightly-20190902-fsht6-3309735379
2019-09-02 06:31:10,281 [pool-592-thread-1] INFO  ratis.ContainerStateMachine (ContainerStateMachine.java:loadSnapshot(236)) - group-6C7D867BDA6A: Setting the last applied index to (t:1, i:6176)
2019-09-02 06:31:10,284 [pool-7-thread-1] INFO  commands.RetriableDatanodeEventWatcher (RetriableDatanodeEventWatcher.java:onTimeout(47)) - RetriableDatanodeCommand type=deleteBlocksCommand with id=1567405864548 timed out. Retrying.
2019-09-02 06:31:10,286 [pool-592-thread-1] INFO  impl.RaftServerImpl (ServerState.java:setRaftConf(361)) - 3258574c-39ac-4ed5-9145-ea59a337c299:group-6C7D867BDA6A set configuration 0: [3258574c-39ac-4ed5-9145-ea59a337c299:192.168.36.97:35043], old=null at 0
2019-09-02 06:31:10,286 [pool-592-thread-1] INFO  server.RaftServerConfigKeys (ConfUtils.java:logGet(43)) - raft.server.leader.election.timeout = 120s (custom)
2019-09-02 06:31:10,286 [pool-592-thread-1] INFO  server.RaftServerConfigKeys (ConfUtils.java:logGet(43)) - raft.server.log.use.memory = false (default)
2019-09-02 06:31:10,287 [pool-592-thread-1] INFO  server.RaftServerConfigKeys (ConfUtils.java:logGet(43)) - raft.server.log.purge.gap = 1000000 (custom)
2019-09-02 06:31:10,287 [pool-592-thread-1] INFO  server.RaftServerConfigKeys (ConfUtils.java:logGet(43)) - raft.server.log.appender.buffer.byte-limit = 33554432 (custom)
2019-09-02 06:31:10,287 [pool-592-thread-1] INFO  server.RaftServerConfigKeys (ConfUtils.java:logGet(43)) - raft.server.log.segment.size.max = 1048576 (custom)
2019-09-02 06:31:10,287 [pool-592-thread-1] INFO  server.RaftServerConfigKeys (ConfUtils.java:logGet(43)) - raft.server.log.segment.cache.num.max = 2 (custom)
2019-09-02 06:31:10,287 [pool-592-thread-1] INFO  segmented.SegmentedRaftLogWorker (SegmentedRaftLogWorker.java:<init>(172)) - new 3258574c-39ac-4ed5-9145-ea59a337c299-SegmentedRaftLogWorker:Storage Directory /workdir/hadoop-ozone/integration-test/target/test-dir/MiniOzoneClusterImpl-6a7e25ec-1fb2-41bc-9349-4a036b68fad4/datanode-0/data/ratis/64ed058b-0019-49be-a698-6c7d867bda6a for RaftStorage:Storage Directory /workdir/hadoop-ozone/integration-test/target/test-dir/MiniOzoneClusterImpl-6a7e25ec-1fb2-41bc-9349-4a036b68fad4/datanode-0/data/ratis/64ed058b-0019-49be-a698-6c7d867bda6a
2019-09-02 06:31:10,288 [pool-592-thread-1] INFO  server.RaftServerConfigKeys (ConfUtils.java:logGet(43)) - raft.server.log.queue.byte-limit = 2147483647 (custom)
2019-09-02 06:31:10,288 [pool-592-thread-1] INFO  server.RaftServerConfigKeys (ConfUtils.java:logGet(43)) - raft.server.log.queue.element-limit = 1024 (custom)
2019-09-02 06:31:10,288 [pool-592-thread-1] INFO  server.RaftServerConfigKeys (ConfUtils.java:logGet(43)) - raft.server.log.segment.size.max = 1048576 (custom)
2019-09-02 06:31:10,288 [pool-592-thread-1] INFO  server.RaftServerConfigKeys (ConfUtils.java:logGet(43)) - raft.server.log.preallocated.size = 16384 (custom)
2019-09-02 06:31:10,289 [pool-592-thread-1] INFO  server.RaftServerConfigKeys (ConfUtils.java:logGet(43)) - raft.server.log.write.buffer.size = 33554432 (custom)
2019-09-02 06:31:10,289 [pool-592-thread-1] INFO  server.RaftServerConfigKeys (ConfUtils.java:logGet(43)) - raft.server.log.force.sync.num = 128 (default)
2019-09-02 06:31:10,289 [pool-592-thread-1] INFO  server.RaftServerConfigKeys (ConfUtils.java:logGet(43)) - raft.server.log.statemachine.data.sync = true (default)
2019-09-02 06:31:10,289 [pool-592-thread-1] INFO  server.RaftServerConfigKeys (ConfUtils.java:logGet(43)) - raft.server.log.statemachine.data.sync.timeout = 10s (default)
2019-09-02 06:31:10,289 [pool-592-thread-1] INFO  server.RaftServerConfigKeys (ConfUtils.java:logGet(43)) - raft.server.log.statemachine.data.sync.timeout.retry = -1 (default)
2019-09-02 06:31:10,290 [pool-592-thread-1] INFO  server.RaftServerConfigKeys (ConfUtils.java:logGet(43)) - raft.server.log.statemachine.data.caching.enabled = true (custom)
2019-09-02 06:31:10,298 [SCMBlockDeletingService#1] DEBUG block.SCMBlockDeletingService (SCMBlockDeletingService.java:call(138)) - Running DeletedBlockTransactionScanner
2019-09-02 06:31:10,299 [SCMBlockDeletingService#1] DEBUG block.SCMBlockDeletingService (SCMBlockDeletingService.java:call(155)) - Scanned deleted blocks log and got 3 delTX to process.
2019-09-02 06:31:10,299 [SCMBlockDeletingService#1] DEBUG block.SCMBlockDeletingService (SCMBlockDeletingService.java:call(171)) - Added delete block command for datanode 3258574c-39ac-4ed5-9145-ea59a337c299 in the queue, number of delete block transactions: 3, TxID list: 1,2,3
2019-09-02 06:31:10,300 [pool-592-thread-1] INFO  impl.RaftServerImpl (ServerState.java:setRaftConf(361)) - 3258574c-39ac-4ed5-9145-ea59a337c299:group-6C7D867BDA6A set configuration 0: [3258574c-39ac-4ed5-9145-ea59a337c299:192.168.36.97:35043], old=null at 0
2019-09-02 06:31:10,300 [SCMBlockDeletingService#1] INFO  block.SCMBlockDeletingService (SCMBlockDeletingService.java:call(182)) - Totally added 3 delete blocks command for 1 datanodes, task elapsed time: 2ms
2019-09-02 06:31:10,301 [main] INFO  handler.ContextHandler (ContextHandler.java:doStart(781)) - Started o.e.j.w.WebAppContext@403c3a01{/,file:///tmp/jetty-0.0.0.0-36569-hddsDatanode-_-any-2013522165309410455.dir/webapp/,AVAILABLE}{/hddsDatanode}
2019-09-02 06:31:10,302 [main] INFO  server.AbstractConnector (AbstractConnector.java:doStart(278)) - Started ServerConnector@2daf06fc{HTTP/1.1,[http/1.1]}{0.0.0.0:36569}
2019-09-02 06:31:10,303 [main] INFO  server.Server (Server.java:doStart(419)) - Started @92177ms
2019-09-02 06:31:10,303 [main] WARN  impl.MetricsSystemImpl (MetricsSystemImpl.java:register(276)) - Sink prometheus already exists!
2019-09-02 06:31:10,304 [main] INFO  server.BaseHttpServer (BaseHttpServer.java:updateConnectorAddress(215)) - HTTP server of HDDSDATANODE is listening at http://0.0.0.0:36569
2019-09-02 06:31:10,304 [main] INFO  ozone.MiniOzoneClusterImpl (MiniOzoneClusterImpl.java:lambda$waitForClusterToBeReady$0(140)) - Waiting for cluster to be ready. Got 0 of 1 DN Heartbeats.
2019-09-02 06:31:10,306 [org.apache.hadoop.util.JvmPauseMonitor$Monitor@796b5bba] INFO  util.JvmPauseMonitor (JvmPauseMonitor.java:run(188)) - Starting JVM pause monitor
2019-09-02 06:31:10,322 [pool-7-thread-1] INFO  commands.RetriableDatanodeEventWatcher (RetriableDatanodeEventWatcher.java:onTimeout(47)) - RetriableDatanodeCommand type=deleteBlocksCommand with id=1567405864509 timed out. Retrying.
2019-09-02 06:31:10,337 [pool-7-thread-1] INFO  commands.RetriableDatanodeEventWatcher (RetriableDatanodeEventWatcher.java:onTimeout(47)) - RetriableDatanodeCommand type=deleteBlocksCommand with id=1567405864519 timed out. Retrying.
2019-09-02 06:31:10,354 [pool-7-thread-1] INFO  commands.RetriableDatanodeEventWatcher (RetriableDatanodeEventWatcher.java:onTimeout(47)) - RetriableDatanodeCommand type=deleteBlocksCommand with id=1567405864529 timed out. Retrying.
2019-09-02 06:31:10,357 [pool-592-thread-1] INFO  segmented.LogSegment (LogSegment.java:loadSegment(145)) - Successfully read 5471 entries from segment file /workdir/hadoop-ozone/integration-test/target/test-dir/MiniOzoneClusterImpl-6a7e25ec-1fb2-41bc-9349-4a036b68fad4/datanode-0/data/ratis/64ed058b-0019-49be-a698-6c7d867bda6a/current/log_0-5470
2019-09-02 06:31:10,362 [pool-592-thread-1] INFO  segmented.LogSegment (LogSegment.java:loadSegment(145)) - Successfully read 706 entries from segment file /workdir/hadoop-ozone/integration-test/target/test-dir/MiniOzoneClusterImpl-6a7e25ec-1fb2-41bc-9349-4a036b68fad4/datanode-0/data/ratis/64ed058b-0019-49be-a698-6c7d867bda6a/current/log_inprogress_5471
2019-09-02 06:31:10,362 [pool-592-thread-1] INFO  segmented.SegmentedRaftLogWorker (SegmentedRaftLogWorker.java:lambda$new$0(132)) - 3258574c-39ac-4ed5-9145-ea59a337c299-SegmentedRaftLogWorker:Storage Directory /workdir/hadoop-ozone/integration-test/target/test-dir/MiniOzoneClusterImpl-6a7e25ec-1fb2-41bc-9349-4a036b68fad4/datanode-0/data/ratis/64ed058b-0019-49be-a698-6c7d867bda6a: flushIndex: setUnconditionally 0 -> 6176
2019-09-02 06:31:10,370 [pool-7-thread-1] INFO  commands.RetriableDatanodeEventWatcher (RetriableDatanodeEventWatcher.java:onTimeout(47)) - RetriableDatanodeCommand type=deleteBlocksCommand with id=1567405864539 timed out. Retrying.
2019-09-02 06:31:10,384 [pool-7-thread-1] INFO  commands.RetriableDatanodeEventWatcher (RetriableDatanodeEventWatcher.java:onTimeout(47)) - RetriableDatanodeCommand type=deleteBlocksCommand with id=1567405864549 timed out. Retrying.
2019-09-02 06:31:10,392 [pool-592-thread-1] INFO  raftlog.RaftLog (RaftLog.java:lambda$new$0(62)) - 3258574c-39ac-4ed5-9145-ea59a337c299: commitIndex: updateToMax old=6176, new=6175, updated? false
2019-09-02 06:31:10,392 [pool-592-thread-1] INFO  server.RaftServerConfigKeys (ConfUtils.java:logGet(43)) - raft.server.snapshot.auto.trigger.enabled = true (custom)
2019-09-02 06:31:10,392 [pool-592-thread-1] INFO  server.RaftServerConfigKeys (ConfUtils.java:logGet(43)) - raft.server.snapshot.auto.trigger.threshold = 10000 (custom)
2019-09-02 06:31:10,392 [pool-592-thread-1] INFO  server.RaftServerConfigKeys (ConfUtils.java:logGet(43)) - raft.server.retrycache.expirytime = 600000ms (custom)
2019-09-02 06:31:10,400 [SCMBlockDeletingService#1] DEBUG block.SCMBlockDeletingService (SCMBlockDeletingService.java:call(138)) - Running DeletedBlockTransactionScanner
2019-09-02 06:31:10,401 [SCMBlockDeletingService#1] DEBUG block.SCMBlockDeletingService (SCMBlockDeletingService.java:call(155)) - Scanned deleted blocks log and got 3 delTX to process.
2019-09-02 06:31:10,401 [SCMBlockDeletingService#1] DEBUG block.SCMBlockDeletingService (SCMBlockDeletingService.java:call(171)) - Added delete block command for datanode 3258574c-39ac-4ed5-9145-ea59a337c299 in the queue, number of delete block transactions: 3, TxID list: 1,2,3
2019-09-02 06:31:10,401 [SCMBlockDeletingService#1] INFO  block.SCMBlockDeletingService (SCMBlockDeletingService.java:call(182)) - Totally added 3 delete blocks command for 1 datanodes, task elapsed time: 1ms
2019-09-02 06:31:10,423 [pool-7-thread-1] INFO  commands.RetriableDatanodeEventWatcher (RetriableDatanodeEventWatcher.java:onTimeout(47)) - RetriableDatanodeCommand type=deleteBlocksCommand with id=1567405864510 timed out. Retrying.
2019-09-02 06:31:10,439 [pool-7-thread-1] INFO  commands.RetriableDatanodeEventWatcher (RetriableDatanodeEventWatcher.java:onTimeout(47)) - RetriableDatanodeCommand type=deleteBlocksCommand with id=1567405864520 timed out. Retrying.
2019-09-02 06:31:10,456 [pool-7-thread-1] INFO  commands.RetriableDatanodeEventWatcher (RetriableDatanodeEventWatcher.java:onTimeout(47)) - RetriableDatanodeCommand type=deleteBlocksCommand with id=1567405864530 timed out. Retrying.
2019-09-02 06:31:10,471 [pool-7-thread-1] INFO  commands.RetriableDatanodeEventWatcher (RetriableDatanodeEventWatcher.java:onTimeout(47)) - RetriableDatanodeCommand type=deleteBlocksCommand with id=1567405864540 timed out. Retrying.
2019-09-02 06:31:10,486 [pool-7-thread-1] INFO  commands.RetriableDatanodeEventWatcher (RetriableDatanodeEventWatcher.java:onTimeout(47)) - RetriableDatanodeCommand type=deleteBlocksCommand with id=1567405864550 timed out. Retrying.
2019-09-02 06:31:10,502 [SCMBlockDeletingService#1] DEBUG block.SCMBlockDeletingService (SCMBlockDeletingService.java:call(138)) - Running DeletedBlockTransactionScanner
2019-09-02 06:31:10,502 [SCMBlockDeletingService#1] DEBUG block.SCMBlockDeletingService (SCMBlockDeletingService.java:call(155)) - Scanned deleted blocks log and got 3 delTX to process.
2019-09-02 06:31:10,502 [SCMBlockDeletingService#1] DEBUG block.SCMBlockDeletingService (SCMBlockDeletingService.java:call(171)) - Added delete block command for datanode 3258574c-39ac-4ed5-9145-ea59a337c299 in the queue, number of delete block transactions: 3, TxID list: 1,2,3
2019-09-02 06:31:10,503 [SCMBlockDeletingService#1] INFO  block.SCMBlockDeletingService (SCMBlockDeletingService.java:call(182)) - Totally added 3 delete blocks command for 1 datanodes, task elapsed time: 1ms
2019-09-02 06:31:10,507 [pool-7-thread-1] INFO  commands.RetriableDatanodeEventWatcher (RetriableDatanodeEventWatcher.java:onTimeout(47)) - RetriableDatanodeCommand type=deleteBlocksCommand with id=1567405864501 timed out. Retrying.
2019-09-02 06:31:10,526 [pool-7-thread-1] INFO  commands.RetriableDatanodeEventWatcher (RetriableDatanodeEventWatcher.java:onTimeout(47)) - RetriableDatanodeCommand type=deleteBlocksCommand with id=1567405864511 timed out. Retrying.
2019-09-02 06:31:10,542 [pool-7-thread-1] INFO  commands.RetriableDatanodeEventWatcher (RetriableDatanodeEventWatcher.java:onTimeout(47)) - RetriableDatanodeCommand type=deleteBlocksCommand with id=1567405864521 timed out. Retrying.
2019-09-02 06:31:10,556 [pool-7-thread-1] INFO  commands.RetriableDatanodeEventWatcher (RetriableDatanodeEventWatcher.java:onTimeout(47)) - RetriableDatanodeCommand type=deleteBlocksCommand with id=1567405864531 timed out. Retrying.
2019-09-02 06:31:10,573 [pool-7-thread-1] INFO  commands.RetriableDatanodeEventWatcher (RetriableDatanodeEventWatcher.java:onTimeout(47)) - RetriableDatanodeCommand type=deleteBlocksCommand with id=1567405864541 timed out. Retrying.
2019-09-02 06:31:10,587 [pool-7-thread-1] INFO  commands.RetriableDatanodeEventWatcher (RetriableDatanodeEventWatcher.java:onTimeout(47)) - RetriableDatanodeCommand type=deleteBlocksCommand with id=1567405864551 timed out. Retrying.
2019-09-02 06:31:10,603 [SCMBlockDeletingService#1] DEBUG block.SCMBlockDeletingService (SCMBlockDeletingService.java:call(138)) - Running DeletedBlockTransactionScanner
2019-09-02 06:31:10,604 [SCMBlockDeletingService#1] DEBUG block.SCMBlockDeletingService (SCMBlockDeletingService.java:call(155)) - Scanned deleted blocks log and got 3 delTX to process.
2019-09-02 06:31:10,604 [SCMBlockDeletingService#1] DEBUG block.SCMBlockDeletingService (SCMBlockDeletingService.java:call(171)) - Added delete block command for datanode 3258574c-39ac-4ed5-9145-ea59a337c299 in the queue, number of delete block transactions: 3, TxID list: 1,2,3
2019-09-02 06:31:10,604 [SCMBlockDeletingService#1] INFO  block.SCMBlockDeletingService (SCMBlockDeletingService.java:call(182)) - Totally added 3 delete blocks command for 1 datanodes, task elapsed time: 2ms
2019-09-02 06:31:10,610 [pool-7-thread-1] INFO  commands.RetriableDatanodeEventWatcher (RetriableDatanodeEventWatcher.java:onTimeout(47)) - RetriableDatanodeCommand type=deleteBlocksCommand with id=1567405864502 timed out. Retrying.
2019-09-02 06:31:10,625 [pool-7-thread-1] INFO  commands.RetriableDatanodeEventWatcher (RetriableDatanodeEventWatcher.java:onTimeout(47)) - RetriableDatanodeCommand type=deleteBlocksCommand with id=1567405864512 timed out. Retrying.
2019-09-02 06:31:10,643 [pool-7-thread-1] INFO  commands.RetriableDatanodeEventWatcher (RetriableDatanodeEventWatcher.java:onTimeout(47)) - RetriableDatanodeCommand type=deleteBlocksCommand with id=1567405864522 timed out. Retrying.
2019-09-02 06:31:10,659 [pool-7-thread-1] INFO  commands.RetriableDatanodeEventWatcher (RetriableDatanodeEventWatcher.java:onTimeout(47)) - RetriableDatanodeCommand type=deleteBlocksCommand with id=1567405864532 timed out. Retrying.
2019-09-02 06:31:10,673 [pool-7-thread-1] INFO  commands.RetriableDatanodeEventWatcher (RetriableDatanodeEventWatcher.java:onTimeout(47)) - RetriableDatanodeCommand type=deleteBlocksCommand with id=1567405864542 timed out. Retrying.
2019-09-02 06:31:10,688 [pool-7-thread-1] INFO  commands.RetriableDatanodeEventWatcher (RetriableDatanodeEventWatcher.java:onTimeout(47)) - RetriableDatanodeCommand type=deleteBlocksCommand with id=1567405864552 timed out. Retrying.
2019-09-02 06:31:10,705 [SCMBlockDeletingService#1] DEBUG block.SCMBlockDeletingService (SCMBlockDeletingService.java:call(138)) - Running DeletedBlockTransactionScanner
2019-09-02 06:31:10,705 [SCMBlockDeletingService#1] DEBUG block.SCMBlockDeletingService (SCMBlockDeletingService.java:call(155)) - Scanned deleted blocks log and got 3 delTX to process.
2019-09-02 06:31:10,706 [SCMBlockDeletingService#1] DEBUG block.SCMBlockDeletingService (SCMBlockDeletingService.java:call(171)) - Added delete block command for datanode 3258574c-39ac-4ed5-9145-ea59a337c299 in the queue, number of delete block transactions: 3, TxID list: 1,2,3
2019-09-02 06:31:10,706 [SCMBlockDeletingService#1] INFO  block.SCMBlockDeletingService (SCMBlockDeletingService.java:call(182)) - Totally added 3 delete blocks command for 1 datanodes, task elapsed time: 1ms
2019-09-02 06:31:10,710 [pool-7-thread-1] INFO  commands.RetriableDatanodeEventWatcher (RetriableDatanodeEventWatcher.java:onTimeout(47)) - RetriableDatanodeCommand type=deleteBlocksCommand with id=1567405864503 timed out. Retrying.
2019-09-02 06:31:10,727 [pool-7-thread-1] INFO  commands.RetriableDatanodeEventWatcher (RetriableDatanodeEventWatcher.java:onTimeout(47)) - RetriableDatanodeCommand type=deleteBlocksCommand with id=1567405864513 timed out. Retrying.
2019-09-02 06:31:10,743 [pool-7-thread-1] INFO  commands.RetriableDatanodeEventWatcher (RetriableDatanodeEventWatcher.java:onTimeout(47)) - RetriableDatanodeCommand type=deleteBlocksCommand with id=1567405864523 timed out. Retrying.
2019-09-02 06:31:10,761 [pool-7-thread-1] INFO  commands.RetriableDatanodeEventWatcher (RetriableDatanodeEventWatcher.java:onTimeout(47)) - RetriableDatanodeCommand type=deleteBlocksCommand with id=1567405864533 timed out. Retrying.
2019-09-02 06:31:10,774 [pool-7-thread-1] INFO  commands.RetriableDatanodeEventWatcher (RetriableDatanodeEventWatcher.java:onTimeout(47)) - RetriableDatanodeCommand type=deleteBlocksCommand with id=1567405864543 timed out. Retrying.
2019-09-02 06:31:10,790 [pool-7-thread-1] INFO  commands.RetriableDatanodeEventWatcher (RetriableDatanodeEventWatcher.java:onTimeout(47)) - RetriableDatanodeCommand type=deleteBlocksCommand with id=1567405864553 timed out. Retrying.
2019-09-02 06:31:10,806 [SCMBlockDeletingService#1] DEBUG block.SCMBlockDeletingService (SCMBlockDeletingService.java:call(138)) - Running DeletedBlockTransactionScanner
2019-09-02 06:31:10,807 [SCMBlockDeletingService#1] DEBUG block.SCMBlockDeletingService (SCMBlockDeletingService.java:call(155)) - Scanned deleted blocks log and got 3 delTX to process.
2019-09-02 06:31:10,807 [SCMBlockDeletingService#1] DEBUG block.SCMBlockDeletingService (SCMBlockDeletingService.java:call(171)) - Added delete block command for datanode 3258574c-39ac-4ed5-9145-ea59a337c299 in the queue, number of delete block transactions: 3, TxID list: 1,2,3
2019-09-02 06:31:10,808 [SCMBlockDeletingService#1] INFO  block.SCMBlockDeletingService (SCMBlockDeletingService.java:call(182)) - Totally added 3 delete blocks command for 1 datanodes, task elapsed time: 1ms
2019-09-02 06:31:10,813 [pool-7-thread-1] INFO  commands.RetriableDatanodeEventWatcher (RetriableDatanodeEventWatcher.java:onTimeout(47)) - RetriableDatanodeCommand type=deleteBlocksCommand with id=1567405864504 timed out. Retrying.
2019-09-02 06:31:10,830 [pool-7-thread-1] INFO  commands.RetriableDatanodeEventWatcher (RetriableDatanodeEventWatcher.java:onTimeout(47)) - RetriableDatanodeCommand type=deleteBlocksCommand with id=1567405864514 timed out. Retrying.
2019-09-02 06:31:10,846 [pool-7-thread-1] INFO  commands.RetriableDatanodeEventWatcher (RetriableDatanodeEventWatcher.java:onTimeout(47)) - RetriableDatanodeCommand type=deleteBlocksCommand with id=1567405864524 timed out. Retrying.
2019-09-02 06:31:10,861 [pool-7-thread-1] INFO  commands.RetriableDatanodeEventWatcher (RetriableDatanodeEventWatcher.java:onTimeout(47)) - RetriableDatanodeCommand type=deleteBlocksCommand with id=1567405864534 timed out. Retrying.
2019-09-02 06:31:10,876 [pool-7-thread-1] INFO  commands.RetriableDatanodeEventWatcher (RetriableDatanodeEventWatcher.java:onTimeout(47)) - RetriableDatanodeCommand type=deleteBlocksCommand with id=1567405864544 timed out. Retrying.
2019-09-02 06:31:10,892 [pool-7-thread-1] INFO  commands.RetriableDatanodeEventWatcher (RetriableDatanodeEventWatcher.java:onTimeout(47)) - RetriableDatanodeCommand type=deleteBlocksCommand with id=1567405864554 timed out. Retrying.
2019-09-02 06:31:10,908 [SCMBlockDeletingService#1] DEBUG block.SCMBlockDeletingService (SCMBlockDeletingService.java:call(138)) - Running DeletedBlockTransactionScanner
2019-09-02 06:31:10,909 [SCMBlockDeletingService#1] DEBUG block.SCMBlockDeletingService (SCMBlockDeletingService.java:call(155)) - Scanned deleted blocks log and got 3 delTX to process.
2019-09-02 06:31:10,909 [SCMBlockDeletingService#1] DEBUG block.SCMBlockDeletingService (SCMBlockDeletingService.java:call(171)) - Added delete block command for datanode 3258574c-39ac-4ed5-9145-ea59a337c299 in the queue, number of delete block transactions: 3, TxID list: 1,2,3
2019-09-02 06:31:10,909 [SCMBlockDeletingService#1] INFO  block.SCMBlockDeletingService (SCMBlockDeletingService.java:call(182)) - Totally added 3 delete blocks command for 1 datanodes, task elapsed time: 2ms
2019-09-02 06:31:10,914 [pool-7-thread-1] INFO  commands.RetriableDatanodeEventWatcher (RetriableDatanodeEventWatcher.java:onTimeout(47)) - RetriableDatanodeCommand type=deleteBlocksCommand with id=1567405864505 timed out. Retrying.
2019-09-02 06:31:10,929 [pool-7-thread-1] INFO  commands.RetriableDatanodeEventWatcher (RetriableDatanodeEventWatcher.java:onTimeout(47)) - RetriableDatanodeCommand type=deleteBlocksCommand with id=1567405864515 timed out. Retrying.
2019-09-02 06:31:10,947 [pool-7-thread-1] INFO  commands.RetriableDatanodeEventWatcher (RetriableDatanodeEventWatcher.java:onTimeout(47)) - RetriableDatanodeCommand type=deleteBlocksCommand with id=1567405864525 timed out. Retrying.
2019-09-02 06:31:10,962 [pool-7-thread-1] INFO  commands.RetriableDatanodeEventWatcher (RetriableDatanodeEventWatcher.java:onTimeout(47)) - RetriableDatanodeCommand type=deleteBlocksCommand with id=1567405864535 timed out. Retrying.
2019-09-02 06:31:10,979 [pool-7-thread-1] INFO  commands.RetriableDatanodeEventWatcher (RetriableDatanodeEventWatcher.java:onTimeout(47)) - RetriableDatanodeCommand type=deleteBlocksCommand with id=1567405864545 timed out. Retrying.
2019-09-02 06:31:10,994 [pool-7-thread-1] INFO  commands.RetriableDatanodeEventWatcher (RetriableDatanodeEventWatcher.java:onTimeout(47)) - RetriableDatanodeCommand type=deleteBlocksCommand with id=1567405864555 timed out. Retrying.
2019-09-02 06:31:11,010 [SCMBlockDeletingService#1] DEBUG block.SCMBlockDeletingService (SCMBlockDeletingService.java:call(138)) - Running DeletedBlockTransactionScanner
2019-09-02 06:31:11,010 [SCMBlockDeletingService#1] DEBUG block.SCMBlockDeletingService (SCMBlockDeletingService.java:call(155)) - Scanned deleted blocks log and got 3 delTX to process.
2019-09-02 06:31:11,010 [SCMBlockDeletingService#1] DEBUG block.SCMBlockDeletingService (SCMBlockDeletingService.java:call(171)) - Added delete block command for datanode 3258574c-39ac-4ed5-9145-ea59a337c299 in the queue, number of delete block transactions: 3, TxID list: 1,2,3
2019-09-02 06:31:11,011 [SCMBlockDeletingService#1] INFO  block.SCMBlockDeletingService (SCMBlockDeletingService.java:call(182)) - Totally added 3 delete blocks command for 1 datanodes, task elapsed time: 1ms
2019-09-02 06:31:11,017 [pool-7-thread-1] INFO  commands.RetriableDatanodeEventWatcher (RetriableDatanodeEventWatcher.java:onTimeout(47)) - RetriableDatanodeCommand type=deleteBlocksCommand with id=1567405864506 timed out. Retrying.
2019-09-02 06:31:11,034 [pool-7-thread-1] INFO  commands.RetriableDatanodeEventWatcher (RetriableDatanodeEventWatcher.java:onTimeout(47)) - RetriableDatanodeCommand type=deleteBlocksCommand with id=1567405864516 timed out. Retrying.
2019-09-02 06:31:11,051 [pool-7-thread-1] INFO  commands.RetriableDatanodeEventWatcher (RetriableDatanodeEventWatcher.java:onTimeout(47)) - RetriableDatanodeCommand type=deleteBlocksCommand with id=1567405864526 timed out. Retrying.
2019-09-02 06:31:11,065 [pool-7-thread-1] INFO  commands.RetriableDatanodeEventWatcher (RetriableDatanodeEventWatcher.java:onTimeout(47)) - RetriableDatanodeCommand type=deleteBlocksCommand with id=1567405864536 timed out. Retrying.
2019-09-02 06:31:11,080 [pool-7-thread-1] INFO  commands.RetriableDatanodeEventWatcher (RetriableDatanodeEventWatcher.java:onTimeout(47)) - RetriableDatanodeCommand type=deleteBlocksCommand with id=1567405864546 timed out. Retrying.
2019-09-02 06:31:11,095 [pool-7-thread-1] INFO  commands.RetriableDatanodeEventWatcher (RetriableDatanodeEventWatcher.java:onTimeout(47)) - RetriableDatanodeCommand type=deleteBlocksCommand with id=1567405864556 timed out. Retrying.
2019-09-02 06:31:11,111 [SCMBlockDeletingService#1] DEBUG block.SCMBlockDeletingService (SCMBlockDeletingService.java:call(138)) - Running DeletedBlockTransactionScanner
2019-09-02 06:31:11,184 [pool-7-thread-1] INFO  commands.RetriableDatanodeEventWatcher (SCMBlockDeletingService.java:call(155)) - Scanned deleted blocks log and got 3 delTX to process.
2019-09-02 06:31:11,184 [pool-7-thread-1] INFO  commands.RetriableDatanodeEventWatcher (RetriableDatanodeEventWatcher.java:onTimeout(47)) - RetriableDatanodeCommand type=deleteBlocksCommand with id=1567405864517 timed out. Retrying.
2019-09-02 06:31:11,185 [SCMBlockDeletingService#1] DEBUG block.SCMBlockDeletingService (SCMBlockDeletingService.java:call(171)) - Added delete block command for datanode 3258574c-39ac-4ed5-9145-ea59a337c299 in the queue, number of delete block transactions: 3, TxID list: 1,2,3
2019-09-02 06:31:11,186 [SCMBlockDeletingService#1] INFO  block.SCMBlockDeletingService (RetriableDatanodeEventWatcher.java:onTimeout(47)) - RetriableDatanodeCommand type=deleteBlocksCommand with id=1567405864537 timed out. Retrying.
SCMBlockDeletingService.java:call(182)) - Totally added 3 delete blocks command for 1 datanodes, task elapsed time: 74ms
2019-09-02 06:31:11,186 [pool-7-thread-1] INFO  commands.RetriableDatanodeEventWatcher (RetriableDatanodeEventWatcher.java:onTimeout(47)) - RetriableDatanodeCommand type=deleteBlocksCommand with id=1567405864537 timed out. Retrying.
2019-09-02 06:31:11,186 [pool-7-thread-4] INFO  commands.RetriableDatanodeEventWatcher (RetriableDatanodeEventWatcher.java:onTimeout(47)) - RetriableDatanodeCommand type=deleteBlocksCommand with id=1567405864507 timed out. Retrying.
2019-09-02 06:31:11,186 [pool-7-thread-3] INFO  commands.RetriableDatanodeEventWatcher (RetriableDatanodeEventWatcher.java:onTimeout(47)) - RetriableDatanodeCommand type=deleteBlocksCommand with id=1567405864547 timed out. Retrying.
2019-09-02 06:31:11,187 [pool-7-thread-2] INFO  commands.RetriableDatanodeEventWatcher (RetriableDatanodeEventWatcher.java:onTimeout(47)) - RetriableDatanodeCommand type=deleteBlocksCommand with id=1567405864527 timed out. Retrying.
2019-09-02 06:31:11,197 [pool-7-thread-2] INFO  commands.RetriableDatanodeEventWatcher (RetriableDatanodeEventWatcher.java:onTimeout(47)) - RetriableDatanodeCommand type=deleteBlocksCommand with id=1567405864557 timed out. Retrying.
2019-09-02 06:31:11,222 [pool-7-thread-2] INFO  commands.RetriableDatanodeEventWatcher (RetriableDatanodeEventWatcher.java:onTimeout(47)) - RetriableDatanodeCommand type=deleteBlocksCommand with id=1567405864508 timed out. Retrying.
2019-09-02 06:31:11,239 [pool-7-thread-2] INFO  commands.RetriableDatanodeEventWatcher (RetriableDatanodeEventWatcher.java:onTimeout(47)) - RetriableDatanodeCommand type=deleteBlocksCommand with id=1567405864518 timed out. Retrying.
2019-09-02 06:31:11,254 [pool-7-thread-2] INFO  commands.RetriableDatanodeEventWatcher (RetriableDatanodeEventWatcher.java:onTimeout(47)) - RetriableDatanodeCommand type=deleteBlocksCommand with id=1567405864528 timed out. Retrying.
2019-09-02 06:31:11,267 [pool-7-thread-2] INFO  commands.RetriableDatanodeEventWatcher (RetriableDatanodeEventWatcher.java:onTimeout(47)) - RetriableDatanodeCommand type=deleteBlocksCommand with id=1567405864538 timed out. Retrying.
2019-09-02 06:31:11,284 [pool-7-thread-2] INFO  commands.RetriableDatanodeEventWatcher (RetriableDatanodeEventWatcher.java:onTimeout(47)) - RetriableDatanodeCommand type=deleteBlocksCommand with id=1567405864548 timed out. Retrying.
2019-09-02 06:31:11,286 [SCMBlockDeletingService#1] DEBUG block.SCMBlockDeletingService (SCMBlockDeletingService.java:call(138)) - Running DeletedBlockTransactionScanner
2019-09-02 06:31:11,287 [SCMBlockDeletingService#1] DEBUG block.SCMBlockDeletingService (SCMBlockDeletingService.java:call(155)) - Scanned deleted blocks log and got 3 delTX to process.
2019-09-02 06:31:11,287 [SCMBlockDeletingService#1] DEBUG block.SCMBlockDeletingService (SCMBlockDeletingService.java:call(171)) - Added delete block command for datanode 3258574c-39ac-4ed5-9145-ea59a337c299 in the queue, number of delete block transactions: 3, TxID list: 1,2,3
2019-09-02 06:31:11,287 [SCMBlockDeletingService#1] INFO  block.SCMBlockDeletingService (SCMBlockDeletingService.java:call(182)) - Totally added 3 delete blocks command for 1 datanodes, task elapsed time: 1ms
2019-09-02 06:31:11,299 [pool-7-thread-2] INFO  commands.RetriableDatanodeEventWatcher (RetriableDatanodeEventWatcher.java:onTimeout(47)) - RetriableDatanodeCommand type=deleteBlocksCommand with id=1567405864558 timed out. Retrying.
2019-09-02 06:31:11,304 [main] INFO  ozone.MiniOzoneClusterImpl (MiniOzoneClusterImpl.java:lambda$waitForClusterToBeReady$0(140)) - Waiting for cluster to be ready. Got 0 of 1 DN Heartbeats.
2019-09-02 06:31:11,323 [pool-7-thread-2] INFO  commands.RetriableDatanodeEventWatcher (RetriableDatanodeEventWatcher.java:onTimeout(47)) - RetriableDatanodeCommand type=deleteBlocksCommand with id=1567405864509 timed out. Retrying.
2019-09-02 06:31:11,337 [pool-7-thread-2] INFO  commands.RetriableDatanodeEventWatcher (RetriableDatanodeEventWatcher.java:onTimeout(47)) - RetriableDatanodeCommand type=deleteBlocksCommand with id=1567405864519 timed out. Retrying.
2019-09-02 06:31:11,355 [pool-7-thread-2] INFO  commands.RetriableDatanodeEventWatcher (RetriableDatanodeEventWatcher.java:onTimeout(47)) - RetriableDatanodeCommand type=deleteBlocksCommand with id=1567405864529 timed out. Retrying.
2019-09-02 06:31:11,370 [pool-7-thread-2] INFO  commands.RetriableDatanodeEventWatcher (RetriableDatanodeEventWatcher.java:onTimeout(47)) - RetriableDatanodeCommand type=deleteBlocksCommand with id=1567405864539 timed out. Retrying.
2019-09-02 06:31:11,385 [pool-7-thread-2] INFO  commands.RetriableDatanodeEventWatcher (RetriableDatanodeEventWatcher.java:onTimeout(47)) - RetriableDatanodeCommand type=deleteBlocksCommand with id=1567405864549 timed out. Retrying.
2019-09-02 06:31:11,388 [SCMBlockDeletingService#1] DEBUG block.SCMBlockDeletingService (SCMBlockDeletingService.java:call(138)) - Running DeletedBlockTransactionScanner
2019-09-02 06:31:11,388 [SCMBlockDeletingService#1] DEBUG block.SCMBlockDeletingService (SCMBlockDeletingService.java:call(155)) - Scanned deleted blocks log and got 3 delTX to process.
2019-09-02 06:31:11,388 [SCMBlockDeletingService#1] DEBUG block.SCMBlockDeletingService (SCMBlockDeletingService.java:call(171)) - Added delete block command for datanode 3258574c-39ac-4ed5-9145-ea59a337c299 in the queue, number of delete block transactions: 3, TxID list: 1,2,3
2019-09-02 06:31:11,389 [SCMBlockDeletingService#1] INFO  block.SCMBlockDeletingService (SCMBlockDeletingService.java:call(182)) - Totally added 3 delete blocks command for 1 datanodes, task elapsed time: 1ms
2019-09-02 06:31:11,401 [pool-7-thread-2] INFO  commands.RetriableDatanodeEventWatcher (RetriableDatanodeEventWatcher.java:onTimeout(47)) - RetriableDatanodeCommand type=deleteBlocksCommand with id=1567405864559 timed out. Retrying.
2019-09-02 06:31:11,424 [pool-7-thread-2] INFO  commands.RetriableDatanodeEventWatcher (RetriableDatanodeEventWatcher.java:onTimeout(47)) - RetriableDatanodeCommand type=deleteBlocksCommand with id=1567405864510 timed out. Retrying.
2019-09-02 06:31:11,439 [pool-7-thread-2] INFO  commands.RetriableDatanodeEventWatcher (RetriableDatanodeEventWatcher.java:onTimeout(47)) - RetriableDatanodeCommand type=deleteBlocksCommand with id=1567405864520 timed out. Retrying.
2019-09-02 06:31:11,457 [pool-7-thread-2] INFO  commands.RetriableDatanodeEventWatcher (RetriableDatanodeEventWatcher.java:onTimeout(47)) - RetriableDatanodeCommand type=deleteBlocksCommand with id=1567405864530 timed out. Retrying.
2019-09-02 06:31:11,471 [pool-7-thread-2] INFO  commands.RetriableDatanodeEventWatcher (RetriableDatanodeEventWatcher.java:onTimeout(47)) - RetriableDatanodeCommand type=deleteBlocksCommand with id=1567405864540 timed out. Retrying.
2019-09-02 06:31:11,486 [pool-7-thread-2] INFO  commands.RetriableDatanodeEventWatcher (RetriableDatanodeEventWatcher.java:onTimeout(47)) - RetriableDatanodeCommand type=deleteBlocksCommand with id=1567405864550 timed out. Retrying.
2019-09-02 06:31:11,489 [SCMBlockDeletingService#1] DEBUG block.SCMBlockDeletingService (SCMBlockDeletingService.java:call(138)) - Running DeletedBlockTransactionScanner
2019-09-02 06:31:11,490 [SCMBlockDeletingService#1] DEBUG block.SCMBlockDeletingService (SCMBlockDeletingService.java:call(155)) - Scanned deleted blocks log and got 3 delTX to process.
2019-09-02 06:31:11,490 [SCMBlockDeletingService#1] DEBUG block.SCMBlockDeletingService (SCMBlockDeletingService.java:call(171)) - Added delete block command for datanode 3258574c-39ac-4ed5-9145-ea59a337c299 in the queue, number of delete block transactions: 3, TxID list: 1,2,3
2019-09-02 06:31:11,490 [SCMBlockDeletingService#1] INFO  block.SCMBlockDeletingService (SCMBlockDeletingService.java:call(182)) - Totally added 3 delete blocks command for 1 datanodes, task elapsed time: 1ms
2019-09-02 06:31:11,503 [pool-7-thread-2] INFO  commands.RetriableDatanodeEventWatcher (RetriableDatanodeEventWatcher.java:onTimeout(47)) - RetriableDatanodeCommand type=deleteBlocksCommand with id=1567405864560 timed out. Retrying.
2019-09-02 06:31:11,507 [pool-7-thread-2] INFO  commands.RetriableDatanodeEventWatcher (RetriableDatanodeEventWatcher.java:onTimeout(47)) - RetriableDatanodeCommand type=deleteBlocksCommand with id=1567405864501 timed out. Retrying.
2019-09-02 06:31:11,527 [pool-7-thread-2] INFO  commands.RetriableDatanodeEventWatcher (RetriableDatanodeEventWatcher.java:onTimeout(47)) - RetriableDatanodeCommand type=deleteBlocksCommand with id=1567405864511 timed out. Retrying.
2019-09-02 06:31:11,542 [pool-7-thread-2] INFO  commands.RetriableDatanodeEventWatcher (RetriableDatanodeEventWatcher.java:onTimeout(47)) - RetriableDatanodeCommand type=deleteBlocksCommand with id=1567405864521 timed out. Retrying.
2019-09-02 06:31:11,556 [pool-7-thread-2] INFO  commands.RetriableDatanodeEventWatcher (RetriableDatanodeEventWatcher.java:onTimeout(47)) - RetriableDatanodeCommand type=deleteBlocksCommand with id=1567405864531 timed out. Retrying.
2019-09-02 06:31:11,574 [pool-7-thread-2] INFO  commands.RetriableDatanodeEventWatcher (RetriableDatanodeEventWatcher.java:onTimeout(47)) - RetriableDatanodeCommand type=deleteBlocksCommand with id=1567405864541 timed out. Retrying.
2019-09-02 06:31:11,587 [pool-7-thread-2] INFO  commands.RetriableDatanodeEventWatcher (RetriableDatanodeEventWatcher.java:onTimeout(47)) - RetriableDatanodeCommand type=deleteBlocksCommand with id=1567405864551 timed out. Retrying.
2019-09-02 06:31:11,591 [SCMBlockDeletingService#1] DEBUG block.SCMBlockDeletingService (SCMBlockDeletingService.java:call(138)) - Running DeletedBlockTransactionScanner
2019-09-02 06:31:11,591 [SCMBlockDeletingService#1] DEBUG block.SCMBlockDeletingService (SCMBlockDeletingService.java:call(155)) - Scanned deleted blocks log and got 3 delTX to process.
2019-09-02 06:31:11,591 [SCMBlockDeletingService#1] DEBUG block.SCMBlockDeletingService (SCMBlockDeletingService.java:call(171)) - Added delete block command for datanode 3258574c-39ac-4ed5-9145-ea59a337c299 in the queue, number of delete block transactions: 3, TxID list: 1,2,3
2019-09-02 06:31:11,592 [SCMBlockDeletingService#1] INFO  block.SCMBlockDeletingService (SCMBlockDeletingService.java:call(182)) - Totally added 3 delete blocks command for 1 datanodes, task elapsed time: 1ms
2019-09-02 06:31:11,604 [pool-7-thread-2] INFO  commands.RetriableDatanodeEventWatcher (RetriableDatanodeEventWatcher.java:onTimeout(47)) - RetriableDatanodeCommand type=deleteBlocksCommand with id=1567405864561 timed out. Retrying.
2019-09-02 06:31:11,611 [pool-7-thread-2] INFO  commands.RetriableDatanodeEventWatcher (RetriableDatanodeEventWatcher.java:onTimeout(47)) - RetriableDatanodeCommand type=deleteBlocksCommand with id=1567405864502 timed out. Retrying.
2019-09-02 06:31:11,625 [pool-7-thread-2] INFO  commands.RetriableDatanodeEventWatcher (RetriableDatanodeEventWatcher.java:onTimeout(47)) - RetriableDatanodeCommand type=deleteBlocksCommand with id=1567405864512 timed out. Retrying.
2019-09-02 06:31:11,644 [pool-7-thread-2] INFO  commands.RetriableDatanodeEventWatcher (RetriableDatanodeEventWatcher.java:onTimeout(47)) - RetriableDatanodeCommand type=deleteBlocksCommand with id=1567405864522 timed out. Retrying.
2019-09-02 06:31:11,659 [pool-7-thread-2] INFO  commands.RetriableDatanodeEventWatcher (RetriableDatanodeEventWatcher.java:onTimeout(47)) - RetriableDatanodeCommand type=deleteBlocksCommand with id=1567405864532 timed out. Retrying.
2019-09-02 06:31:11,674 [pool-7-thread-2] INFO  commands.RetriableDatanodeEventWatcher (RetriableDatanodeEventWatcher.java:onTimeout(47)) - RetriableDatanodeCommand type=deleteBlocksCommand with id=1567405864542 timed out. Retrying.
2019-09-02 06:31:11,688 [pool-7-thread-2] INFO  commands.RetriableDatanodeEventWatcher (RetriableDatanodeEventWatcher.java:onTimeout(47)) - RetriableDatanodeCommand type=deleteBlocksCommand with id=1567405864552 timed out. Retrying.
2019-09-02 06:31:11,692 [SCMBlockDeletingService#1] DEBUG block.SCMBlockDeletingService (SCMBlockDeletingService.java:call(138)) - Running DeletedBlockTransactionScanner
2019-09-02 06:31:11,693 [SCMBlockDeletingService#1] DEBUG block.SCMBlockDeletingService (SCMBlockDeletingService.java:call(155)) - Scanned deleted blocks log and got 3 delTX to process.
2019-09-02 06:31:11,693 [SCMBlockDeletingService#1] DEBUG block.SCMBlockDeletingService (SCMBlockDeletingService.java:call(171)) - Added delete block command for datanode 3258574c-39ac-4ed5-9145-ea59a337c299 in the queue, number of delete block transactions: 3, TxID list: 1,2,3
2019-09-02 06:31:11,694 [SCMBlockDeletingService#1] INFO  block.SCMBlockDeletingService (SCMBlockDeletingService.java:call(182)) - Totally added 3 delete blocks command for 1 datanodes, task elapsed time: 2ms
2019-09-02 06:31:11,706 [pool-7-thread-2] INFO  commands.RetriableDatanodeEventWatcher (RetriableDatanodeEventWatcher.java:onTimeout(47)) - RetriableDatanodeCommand type=deleteBlocksCommand with id=1567405864562 timed out. Retrying.
2019-09-02 06:31:11,710 [pool-7-thread-2] INFO  commands.RetriableDatanodeEventWatcher (RetriableDatanodeEventWatcher.java:onTimeout(47)) - RetriableDatanodeCommand type=deleteBlocksCommand with id=1567405864503 timed out. Retrying.
2019-09-02 06:31:11,728 [pool-7-thread-2] INFO  commands.RetriableDatanodeEventWatcher (RetriableDatanodeEventWatcher.java:onTimeout(47)) - RetriableDatanodeCommand type=deleteBlocksCommand with id=1567405864513 timed out. Retrying.
2019-09-02 06:31:11,744 [pool-7-thread-2] INFO  commands.RetriableDatanodeEventWatcher (RetriableDatanodeEventWatcher.java:onTimeout(47)) - RetriableDatanodeCommand type=deleteBlocksCommand with id=1567405864523 timed out. Retrying.
2019-09-02 06:31:11,760 [pool-7-thread-2] INFO  commands.RetriableDatanodeEventWatcher (RetriableDatanodeEventWatcher.java:onTimeout(47)) - RetriableDatanodeCommand type=deleteBlocksCommand with id=1567405864533 timed out. Retrying.
2019-09-02 06:31:11,775 [pool-7-thread-2] INFO  commands.RetriableDatanodeEventWatcher (RetriableDatanodeEventWatcher.java:onTimeout(47)) - RetriableDatanodeCommand type=deleteBlocksCommand with id=1567405864543 timed out. Retrying.
2019-09-02 06:31:11,790 [pool-7-thread-2] INFO  commands.RetriableDatanodeEventWatcher (RetriableDatanodeEventWatcher.java:onTimeout(47)) - RetriableDatanodeCommand type=deleteBlocksCommand with id=1567405864553 timed out. Retrying.
2019-09-02 06:31:11,794 [SCMBlockDeletingService#1] DEBUG block.SCMBlockDeletingService (SCMBlockDeletingService.java:call(138)) - Running DeletedBlockTransactionScanner
2019-09-02 06:31:11,794 [SCMBlockDeletingService#1] DEBUG block.SCMBlockDeletingService (SCMBlockDeletingService.java:call(155)) - Scanned deleted blocks log and got 3 delTX to process.
2019-09-02 06:31:11,795 [SCMBlockDeletingService#1] DEBUG block.SCMBlockDeletingService (SCMBlockDeletingService.java:call(171)) - Added delete block command for datanode 3258574c-39ac-4ed5-9145-ea59a337c299 in the queue, number of delete block transactions: 3, TxID list: 1,2,3
2019-09-02 06:31:11,795 [SCMBlockDeletingService#1] INFO  block.SCMBlockDeletingService (SCMBlockDeletingService.java:call(182)) - Totally added 3 delete blocks command for 1 datanodes, task elapsed time: 1ms
2019-09-02 06:31:11,807 [pool-7-thread-2] INFO  commands.RetriableDatanodeEventWatcher (RetriableDatanodeEventWatcher.java:onTimeout(47)) - RetriableDatanodeCommand type=deleteBlocksCommand with id=1567405864563 timed out. Retrying.
2019-09-02 06:31:11,814 [pool-7-thread-2] INFO  commands.RetriableDatanodeEventWatcher (RetriableDatanodeEventWatcher.java:onTimeout(47)) - RetriableDatanodeCommand type=deleteBlocksCommand with id=1567405864504 timed out. Retrying.
2019-09-02 06:31:11,831 [pool-7-thread-2] INFO  commands.RetriableDatanodeEventWatcher (RetriableDatanodeEventWatcher.java:onTimeout(47)) - RetriableDatanodeCommand type=deleteBlocksCommand with id=1567405864514 timed out. Retrying.
2019-09-02 06:31:11,846 [pool-7-thread-2] INFO  commands.RetriableDatanodeEventWatcher (RetriableDatanodeEventWatcher.java:onTimeout(47)) - RetriableDatanodeCommand type=deleteBlocksCommand with id=1567405864524 timed out. Retrying.
2019-09-02 06:31:11,862 [pool-7-thread-2] INFO  commands.RetriableDatanodeEventWatcher (RetriableDatanodeEventWatcher.java:onTimeout(47)) - RetriableDatanodeCommand type=deleteBlocksCommand with id=1567405864534 timed out. Retrying.
2019-09-02 06:31:11,876 [pool-7-thread-2] INFO  commands.RetriableDatanodeEventWatcher (RetriableDatanodeEventWatcher.java:onTimeout(47)) - RetriableDatanodeCommand type=deleteBlocksCommand with id=1567405864544 timed out. Retrying.
2019-09-02 06:31:11,893 [pool-7-thread-2] INFO  commands.RetriableDatanodeEventWatcher (RetriableDatanodeEventWatcher.java:onTimeout(47)) - RetriableDatanodeCommand type=deleteBlocksCommand with id=1567405864554 timed out. Retrying.
2019-09-02 06:31:11,896 [SCMBlockDeletingService#1] DEBUG block.SCMBlockDeletingService (SCMBlockDeletingService.java:call(138)) - Running DeletedBlockTransactionScanner
2019-09-02 06:31:11,896 [SCMBlockDeletingService#1] DEBUG block.SCMBlockDeletingService (SCMBlockDeletingService.java:call(155)) - Scanned deleted blocks log and got 3 delTX to process.
2019-09-02 06:31:11,896 [SCMBlockDeletingService#1] DEBUG block.SCMBlockDeletingService (SCMBlockDeletingService.java:call(171)) - Added delete block command for datanode 3258574c-39ac-4ed5-9145-ea59a337c299 in the queue, number of delete block transactions: 3, TxID list: 1,2,3
2019-09-02 06:31:11,897 [SCMBlockDeletingService#1] INFO  block.SCMBlockDeletingService (SCMBlockDeletingService.java:call(182)) - Totally added 3 delete blocks command for 1 datanodes, task elapsed time: 1ms
2019-09-02 06:31:11,909 [pool-7-thread-2] INFO  commands.RetriableDatanodeEventWatcher (RetriableDatanodeEventWatcher.java:onTimeout(47)) - RetriableDatanodeCommand type=deleteBlocksCommand with id=1567405864564 timed out. Retrying.
2019-09-02 06:31:11,915 [pool-7-thread-2] INFO  commands.RetriableDatanodeEventWatcher (RetriableDatanodeEventWatcher.java:onTimeout(47)) - RetriableDatanodeCommand type=deleteBlocksCommand with id=1567405864505 timed out. Retrying.
2019-09-02 06:31:11,929 [pool-7-thread-2] INFO  commands.RetriableDatanodeEventWatcher (RetriableDatanodeEventWatcher.java:onTimeout(47)) - RetriableDatanodeCommand type=deleteBlocksCommand with id=1567405864515 timed out. Retrying.
2019-09-02 06:31:11,948 [pool-7-thread-2] INFO  commands.RetriableDatanodeEventWatcher (RetriableDatanodeEventWatcher.java:onTimeout(47)) - RetriableDatanodeCommand type=deleteBlocksCommand with id=1567405864525 timed out. Retrying.
2019-09-02 06:31:11,962 [pool-7-thread-2] INFO  commands.RetriableDatanodeEventWatcher (RetriableDatanodeEventWatcher.java:onTimeout(47)) - RetriableDatanodeCommand type=deleteBlocksCommand with id=1567405864535 timed out. Retrying.
2019-09-02 06:31:11,980 [pool-7-thread-2] INFO  commands.RetriableDatanodeEventWatcher (RetriableDatanodeEventWatcher.java:onTimeout(47)) - RetriableDatanodeCommand type=deleteBlocksCommand with id=1567405864545 timed out. Retrying.
2019-09-02 06:31:11,995 [pool-7-thread-2] INFO  commands.RetriableDatanodeEventWatcher (RetriableDatanodeEventWatcher.java:onTimeout(47)) - RetriableDatanodeCommand type=deleteBlocksCommand with id=1567405864555 timed out. Retrying.
2019-09-02 06:31:11,997 [SCMBlockDeletingService#0] DEBUG block.SCMBlockDeletingService (SCMBlockDeletingService.java:call(138)) - Running DeletedBlockTransactionScanner
2019-09-02 06:31:11,998 [SCMBlockDeletingService#0] DEBUG block.SCMBlockDeletingService (SCMBlockDeletingService.java:call(155)) - Scanned deleted blocks log and got 3 delTX to process.
2019-09-02 06:31:11,998 [SCMBlockDeletingService#0] DEBUG block.SCMBlockDeletingService (SCMBlockDeletingService.java:call(171)) - Added delete block command for datanode 3258574c-39ac-4ed5-9145-ea59a337c299 in the queue, number of delete block transactions: 3, TxID list: 1,2,3
2019-09-02 06:31:11,999 [SCMBlockDeletingService#0] INFO  block.SCMBlockDeletingService (SCMBlockDeletingService.java:call(182)) - Totally added 3 delete blocks command for 1 datanodes, task elapsed time: 2ms
2019-09-02 06:31:12,012 [pool-7-thread-2] INFO  commands.RetriableDatanodeEventWatcher (RetriableDatanodeEventWatcher.java:onTimeout(47)) - RetriableDatanodeCommand type=deleteBlocksCommand with id=1567405864565 timed out. Retrying.
2019-09-02 06:31:12,017 [pool-7-thread-2] INFO  commands.RetriableDatanodeEventWatcher (RetriableDatanodeEventWatcher.java:onTimeout(47)) - RetriableDatanodeCommand type=deleteBlocksCommand with id=1567405864506 timed out. Retrying.
2019-09-02 06:31:12,035 [pool-7-thread-2] INFO  commands.RetriableDatanodeEventWatcher (RetriableDatanodeEventWatcher.java:onTimeout(47)) - RetriableDatanodeCommand type=deleteBlocksCommand with id=1567405864516 timed out. Retrying.
2019-09-02 06:31:12,052 [pool-7-thread-2] INFO  commands.RetriableDatanodeEventWatcher (RetriableDatanodeEventWatcher.java:onTimeout(47)) - RetriableDatanodeCommand type=deleteBlocksCommand with id=1567405864526 timed out. Retrying.
2019-09-02 06:31:12,066 [pool-7-thread-2] INFO  commands.RetriableDatanodeEventWatcher (RetriableDatanodeEventWatcher.java:onTimeout(47)) - RetriableDatanodeCommand type=deleteBlocksCommand with id=1567405864536 timed out. Retrying.
2019-09-02 06:31:12,082 [pool-7-thread-2] INFO  commands.RetriableDatanodeEventWatcher (RetriableDatanodeEventWatcher.java:onTimeout(47)) - RetriableDatanodeCommand type=deleteBlocksCommand with id=1567405864546 timed out. Retrying.
2019-09-02 06:31:12,095 [pool-7-thread-2] INFO  commands.RetriableDatanodeEventWatcher (RetriableDatanodeEventWatcher.java:onTimeout(47)) - RetriableDatanodeCommand type=deleteBlocksCommand with id=1567405864556 timed out. Retrying.
2019-09-02 06:31:12,099 [SCMBlockDeletingService#0] DEBUG block.SCMBlockDeletingService (SCMBlockDeletingService.java:call(138)) - Running DeletedBlockTransactionScanner
2019-09-02 06:31:12,100 [SCMBlockDeletingService#0] DEBUG block.SCMBlockDeletingService (SCMBlockDeletingService.java:call(155)) - Scanned deleted blocks log and got 3 delTX to process.
2019-09-02 06:31:12,100 [SCMBlockDeletingService#0] DEBUG block.SCMBlockDeletingService (SCMBlockDeletingService.java:call(171)) - Added delete block command for datanode 3258574c-39ac-4ed5-9145-ea59a337c299 in the queue, number of delete block transactions: 3, TxID list: 1,2,3
2019-09-02 06:31:12,101 [SCMBlockDeletingService#0] INFO  block.SCMBlockDeletingService (SCMBlockDeletingService.java:call(182)) - Totally added 3 delete blocks command for 1 datanodes, task elapsed time: 2ms
2019-09-02 06:31:12,185 [pool-7-thread-2] INFO  commands.RetriableDatanodeEventWatcher (RetriableDatanodeEventWatcher.java:onTimeout(47)) - RetriableDatanodeCommand type=deleteBlocksCommand with id=1567405864517 timed out. Retrying.
2019-09-02 06:31:12,186 [pool-7-thread-3] INFO  commands.RetriableDatanodeEventWatcher (RetriableDatanodeEventWatcher.java:onTimeout(47)) - RetriableDatanodeCommand type=deleteBlocksCommand with id=1567405864537 timed out. Retrying.
2019-09-02 06:31:12,186 [pool-7-thread-4] INFO  commands.RetriableDatanodeEventWatcher (RetriableDatanodeEventWatcher.java:onTimeout(47)) - RetriableDatanodeCommand type=deleteBlocksCommand with id=1567405864566 timed out. Retrying.
2019-09-02 06:31:12,187 [pool-7-thread-4] INFO  commands.RetriableDatanodeEventWatcher (RetriableDatanodeEventWatcher.java:onTimeout(47)) - RetriableDatanodeCommand type=deleteBlocksCommand with id=1567405864527 timed out. Retrying.
2019-09-02 06:31:12,187 [pool-7-thread-3] INFO  commands.RetriableDatanodeEventWatcher (RetriableDatanodeEventWatcher.java:onTimeout(47)) - RetriableDatanodeCommand type=deleteBlocksCommand with id=1567405864547 timed out. Retrying.
2019-09-02 06:31:12,187 [pool-7-thread-2] INFO  commands.RetriableDatanodeEventWatcher (RetriableDatanodeEventWatcher.java:onTimeout(47)) - RetriableDatanodeCommand type=deleteBlocksCommand with id=1567405864507 timed out. Retrying.
2019-09-02 06:31:12,198 [pool-7-thread-2] INFO  commands.RetriableDatanodeEventWatcher (RetriableDatanodeEventWatcher.java:onTimeout(47)) - RetriableDatanodeCommand type=deleteBlocksCommand with id=1567405864557 timed out. Retrying.
2019-09-02 06:31:12,201 [SCMBlockDeletingService#0] DEBUG block.SCMBlockDeletingService (SCMBlockDeletingService.java:call(138)) - Running DeletedBlockTransactionScanner
2019-09-02 06:31:12,201 [SCMBlockDeletingService#0] DEBUG block.SCMBlockDeletingService (SCMBlockDeletingService.java:call(155)) - Scanned deleted blocks log and got 3 delTX to process.
2019-09-02 06:31:12,202 [SCMBlockDeletingService#0] DEBUG block.SCMBlockDeletingService (SCMBlockDeletingService.java:call(171)) - Added delete block command for datanode 3258574c-39ac-4ed5-9145-ea59a337c299 in the queue, number of delete block transactions: 3, TxID list: 1,2,3
2019-09-02 06:31:12,202 [SCMBlockDeletingService#0] INFO  block.SCMBlockDeletingService (SCMBlockDeletingService.java:call(182)) - Totally added 3 delete blocks command for 1 datanodes, task elapsed time: 1ms
2019-09-02 06:31:12,222 [pool-7-thread-2] INFO  commands.RetriableDatanodeEventWatcher (RetriableDatanodeEventWatcher.java:onTimeout(47)) - RetriableDatanodeCommand type=deleteBlocksCommand with id=1567405864508 timed out. Retrying.
2019-09-02 06:31:12,240 [pool-7-thread-2] INFO  commands.RetriableDatanodeEventWatcher (RetriableDatanodeEventWatcher.java:onTimeout(47)) - RetriableDatanodeCommand type=deleteBlocksCommand with id=1567405864518 timed out. Retrying.
2019-09-02 06:31:12,254 [pool-7-thread-2] INFO  commands.RetriableDatanodeEventWatcher (RetriableDatanodeEventWatcher.java:onTimeout(47)) - RetriableDatanodeCommand type=deleteBlocksCommand with id=1567405864528 timed out. Retrying.
2019-09-02 06:31:12,268 [pool-7-thread-2] INFO  commands.RetriableDatanodeEventWatcher (RetriableDatanodeEventWatcher.java:onTimeout(47)) - RetriableDatanodeCommand type=deleteBlocksCommand with id=1567405864538 timed out. Retrying.
2019-09-02 06:31:12,284 [pool-7-thread-2] INFO  commands.RetriableDatanodeEventWatcher (RetriableDatanodeEventWatcher.java:onTimeout(47)) - RetriableDatanodeCommand type=deleteBlocksCommand with id=1567405864548 timed out. Retrying.
2019-09-02 06:31:12,287 [pool-7-thread-2] INFO  commands.RetriableDatanodeEventWatcher (RetriableDatanodeEventWatcher.java:onTimeout(47)) - RetriableDatanodeCommand type=deleteBlocksCommand with id=1567405864567 timed out. Retrying.
2019-09-02 06:31:12,299 [pool-7-thread-2] INFO  commands.RetriableDatanodeEventWatcher (RetriableDatanodeEventWatcher.java:onTimeout(47)) - RetriableDatanodeCommand type=deleteBlocksCommand with id=1567405864558 timed out. Retrying.
2019-09-02 06:31:12,303 [SCMBlockDeletingService#0] DEBUG block.SCMBlockDeletingService (SCMBlockDeletingService.java:call(138)) - Running DeletedBlockTransactionScanner
2019-09-02 06:31:12,303 [SCMBlockDeletingService#0] DEBUG block.SCMBlockDeletingService (SCMBlockDeletingService.java:call(155)) - Scanned deleted blocks log and got 3 delTX to process.
2019-09-02 06:31:12,303 [SCMBlockDeletingService#0] DEBUG block.SCMBlockDeletingService (SCMBlockDeletingService.java:call(171)) - Added delete block command for datanode 3258574c-39ac-4ed5-9145-ea59a337c299 in the queue, number of delete block transactions: 3, TxID list: 1,2,3
2019-09-02 06:31:12,304 [SCMBlockDeletingService#0] INFO  block.SCMBlockDeletingService (SCMBlockDeletingService.java:call(182)) - Totally added 3 delete blocks command for 1 datanodes, task elapsed time: 1ms
2019-09-02 06:31:12,305 [main] INFO  ozone.MiniOzoneClusterImpl (MiniOzoneClusterImpl.java:lambda$waitForClusterToBeReady$0(140)) - Waiting for cluster to be ready. Got 0 of 1 DN Heartbeats.
2019-09-02 06:31:12,310 [Datanode State Machine Thread - 0] INFO  ozoneimpl.OzoneContainer (OzoneContainer.java:start(201)) - Attempting to start container services.
2019-09-02 06:31:12,311 [Datanode State Machine Thread - 0] INFO  ozoneimpl.OzoneContainer (OzoneContainer.java:startContainerScrub(175)) - Background container scrubber has been disabled by hdds.containerscrub.enabled
2019-09-02 06:31:12,311 [Datanode State Machine Thread - 0] INFO  ratis.XceiverServerRatis (XceiverServerRatis.java:start(393)) - Starting XceiverServerRatis 3258574c-39ac-4ed5-9145-ea59a337c299 at port 35043
2019-09-02 06:31:12,321 [Datanode State Machine Thread - 0] INFO  impl.RaftServerImpl (RaftServerImpl.java:start(180)) - 3258574c-39ac-4ed5-9145-ea59a337c299: start group-6C7D867BDA6A
2019-09-02 06:31:12,323 [pool-7-thread-2] INFO  commands.RetriableDatanodeEventWatcher (RaftServerImpl.java:setRole(171)) - 3258574c-39ac-4ed5-9145-ea59a337c299:group-6C7D867BDA6A changes role from null to FOLLOWER at term 1 for startAsFollower
2019-09-02 06:31:12,323 [pool-7-thread-2] INFO  commands.RetriableDatanodeEventWatcher (RetriableDatanodeEventWatcher.java:onTimeout(47)) - RetriableDatanodeCommand type=deleteBlocksCommand with id=1567405864509 timed out. Retrying.
2019-09-02 06:31:12,323 [Datanode State Machine Thread - 0] INFO  impl.RoleInfo (RoleInfo.java:updateAndGet(143)) - 3258574c-39ac-4ed5-9145-ea59a337c299: start FollowerState
2019-09-02 06:31:12,324 [Datanode State Machine Thread - 0] INFO  util.JmxRegister (JmxRegister.java:tryRegister(44)) - Successfully registered JMX Bean with object name Ratis:service=RaftServer,group=group-6C7D867BDA6A,id=3258574c-39ac-4ed5-9145-ea59a337c299
2019-09-02 06:31:12,325 [Datanode State Machine Thread - 0] INFO  impl.RaftServerProxy (RaftServerProxy.java:lambda$start$3(299)) - 3258574c-39ac-4ed5-9145-ea59a337c299: start RPC server
2019-09-02 06:31:12,329 [Datanode State Machine Thread - 0] INFO  server.GrpcService (GrpcService.java:startImpl(149)) - 3258574c-39ac-4ed5-9145-ea59a337c299: GrpcService started, listening on 0.0.0.0/0.0.0.0:35043
2019-09-02 06:31:12,338 [pool-7-thread-2] INFO  commands.RetriableDatanodeEventWatcher (RetriableDatanodeEventWatcher.java:onTimeout(47)) - RetriableDatanodeCommand type=deleteBlocksCommand with id=1567405864519 timed out. Retrying.
2019-09-02 06:31:12,355 [pool-7-thread-2] INFO  commands.RetriableDatanodeEventWatcher (RetriableDatanodeEventWatcher.java:onTimeout(47)) - RetriableDatanodeCommand type=deleteBlocksCommand with id=1567405864529 timed out. Retrying.
2019-09-02 06:31:12,371 [pool-7-thread-2] INFO  commands.RetriableDatanodeEventWatcher (RetriableDatanodeEventWatcher.java:onTimeout(47)) - RetriableDatanodeCommand type=deleteBlocksCommand with id=1567405864539 timed out. Retrying.
2019-09-02 06:31:12,385 [pool-7-thread-2] INFO  commands.RetriableDatanodeEventWatcher (RetriableDatanodeEventWatcher.java:onTimeout(47)) - RetriableDatanodeCommand type=deleteBlocksCommand with id=1567405864549 timed out. Retrying.
2019-09-02 06:31:12,389 [pool-7-thread-2] INFO  commands.RetriableDatanodeEventWatcher (RetriableDatanodeEventWatcher.java:onTimeout(47)) - RetriableDatanodeCommand type=deleteBlocksCommand with id=1567405864568 timed out. Retrying.
2019-09-02 06:31:12,401 [pool-7-thread-2] INFO  commands.RetriableDatanodeEventWatcher (RetriableDatanodeEventWatcher.java:onTimeout(47)) - RetriableDatanodeCommand type=deleteBlocksCommand with id=1567405864559 timed out. Retrying.
2019-09-02 06:31:12,404 [SCMBlockDeletingService#0] DEBUG block.SCMBlockDeletingService (SCMBlockDeletingService.java:call(138)) - Running DeletedBlockTransactionScanner
2019-09-02 06:31:12,404 [SCMBlockDeletingService#0] DEBUG block.SCMBlockDeletingService (SCMBlockDeletingService.java:call(155)) - Scanned deleted blocks log and got 3 delTX to process.
2019-09-02 06:31:12,405 [SCMBlockDeletingService#0] DEBUG block.SCMBlockDeletingService (SCMBlockDeletingService.java:call(171)) - Added delete block command for datanode 3258574c-39ac-4ed5-9145-ea59a337c299 in the queue, number of delete block transactions: 3, TxID list: 1,2,3
2019-09-02 06:31:12,405 [SCMBlockDeletingService#0] INFO  block.SCMBlockDeletingService (SCMBlockDeletingService.java:call(182)) - Totally added 3 delete blocks command for 1 datanodes, task elapsed time: 1ms
2019-09-02 06:31:12,425 [pool-7-thread-2] INFO  commands.RetriableDatanodeEventWatcher (RetriableDatanodeEventWatcher.java:onTimeout(47)) - RetriableDatanodeCommand type=deleteBlocksCommand with id=1567405864510 timed out. Retrying.
2019-09-02 06:31:12,439 [pool-7-thread-2] INFO  commands.RetriableDatanodeEventWatcher (RetriableDatanodeEventWatcher.java:onTimeout(47)) - RetriableDatanodeCommand type=deleteBlocksCommand with id=1567405864520 timed out. Retrying.
2019-09-02 06:31:12,458 [pool-7-thread-2] INFO  commands.RetriableDatanodeEventWatcher (RetriableDatanodeEventWatcher.java:onTimeout(47)) - RetriableDatanodeCommand type=deleteBlocksCommand with id=1567405864530 timed out. Retrying.
2019-09-02 06:31:12,471 [pool-7-thread-2] INFO  commands.RetriableDatanodeEventWatcher (RetriableDatanodeEventWatcher.java:onTimeout(47)) - RetriableDatanodeCommand type=deleteBlocksCommand with id=1567405864540 timed out. Retrying.
2019-09-02 06:31:12,487 [pool-7-thread-2] INFO  commands.RetriableDatanodeEventWatcher (RetriableDatanodeEventWatcher.java:onTimeout(47)) - RetriableDatanodeCommand type=deleteBlocksCommand with id=1567405864550 timed out. Retrying.
2019-09-02 06:31:12,490 [pool-7-thread-2] INFO  commands.RetriableDatanodeEventWatcher (RetriableDatanodeEventWatcher.java:onTimeout(47)) - RetriableDatanodeCommand type=deleteBlocksCommand with id=1567405864569 timed out. Retrying.
2019-09-02 06:31:12,504 [pool-7-thread-2] INFO  commands.RetriableDatanodeEventWatcher (RetriableDatanodeEventWatcher.java:onTimeout(47)) - RetriableDatanodeCommand type=deleteBlocksCommand with id=1567405864560 timed out. Retrying.
2019-09-02 06:31:12,507 [pool-7-thread-2] INFO  commands.RetriableDatanodeEventWatcher (RetriableDatanodeEventWatcher.java:onTimeout(47)) - RetriableDatanodeCommand type=deleteBlocksCommand with id=1567405864501 timed out. Retrying.
2019-09-02 06:31:12,507 [SCMBlockDeletingService#1] DEBUG block.SCMBlockDeletingService (SCMBlockDeletingService.java:call(138)) - Running DeletedBlockTransactionScanner
2019-09-02 06:31:12,508 [SCMBlockDeletingService#1] DEBUG block.SCMBlockDeletingService (SCMBlockDeletingService.java:call(155)) - Scanned deleted blocks log and got 3 delTX to process.
2019-09-02 06:31:12,508 [SCMBlockDeletingService#1] DEBUG block.SCMBlockDeletingService (SCMBlockDeletingService.java:call(171)) - Added delete block command for datanode 3258574c-39ac-4ed5-9145-ea59a337c299 in the queue, number of delete block transactions: 3, TxID list: 1,2,3
2019-09-02 06:31:12,509 [SCMBlockDeletingService#1] INFO  block.SCMBlockDeletingService (SCMBlockDeletingService.java:call(182)) - Totally added 3 delete blocks command for 1 datanodes, task elapsed time: 2ms
2019-09-02 06:31:12,528 [pool-7-thread-2] INFO  commands.RetriableDatanodeEventWatcher (RetriableDatanodeEventWatcher.java:onTimeout(47)) - RetriableDatanodeCommand type=deleteBlocksCommand with id=1567405864511 timed out. Retrying.
2019-09-02 06:31:12,542 [pool-7-thread-2] INFO  commands.RetriableDatanodeEventWatcher (RetriableDatanodeEventWatcher.java:onTimeout(47)) - RetriableDatanodeCommand type=deleteBlocksCommand with id=1567405864521 timed out. Retrying.
2019-09-02 06:31:12,557 [pool-7-thread-2] INFO  commands.RetriableDatanodeEventWatcher (RetriableDatanodeEventWatcher.java:onTimeout(47)) - RetriableDatanodeCommand type=deleteBlocksCommand with id=1567405864531 timed out. Retrying.
2019-09-02 06:31:12,574 [pool-7-thread-2] INFO  commands.RetriableDatanodeEventWatcher (RetriableDatanodeEventWatcher.java:onTimeout(47)) - RetriableDatanodeCommand type=deleteBlocksCommand with id=1567405864541 timed out. Retrying.
2019-09-02 06:31:12,588 [pool-7-thread-2] INFO  commands.RetriableDatanodeEventWatcher (RetriableDatanodeEventWatcher.java:onTimeout(47)) - RetriableDatanodeCommand type=deleteBlocksCommand with id=1567405864551 timed out. Retrying.
2019-09-02 06:31:12,592 [pool-7-thread-2] INFO  commands.RetriableDatanodeEventWatcher (RetriableDatanodeEventWatcher.java:onTimeout(47)) - RetriableDatanodeCommand type=deleteBlocksCommand with id=1567405864570 timed out. Retrying.
2019-09-02 06:31:12,604 [pool-7-thread-2] INFO  commands.RetriableDatanodeEventWatcher (RetriableDatanodeEventWatcher.java:onTimeout(47)) - RetriableDatanodeCommand type=deleteBlocksCommand with id=1567405864561 timed out. Retrying.
2019-09-02 06:31:12,609 [SCMBlockDeletingService#1] DEBUG block.SCMBlockDeletingService (SCMBlockDeletingService.java:call(138)) - Running DeletedBlockTransactionScanner
2019-09-02 06:31:12,610 [SCMBlockDeletingService#1] DEBUG block.SCMBlockDeletingService (SCMBlockDeletingService.java:call(155)) - Scanned deleted blocks log and got 3 delTX to process.
2019-09-02 06:31:12,610 [SCMBlockDeletingService#1] DEBUG block.SCMBlockDeletingService (SCMBlockDeletingService.java:call(171)) - Added delete block command for datanode 3258574c-39ac-4ed5-9145-ea59a337c299 in the queue, number of delete block transactions: 3, TxID list: 1,2,3
2019-09-02 06:31:12,610 [SCMBlockDeletingService#1] INFO  block.SCMBlockDeletingService (SCMBlockDeletingService.java:call(182)) - Totally added 3 delete blocks command for 1 datanodes, task elapsed time: 1ms
2019-09-02 06:31:12,612 [pool-7-thread-2] INFO  commands.RetriableDatanodeEventWatcher (RetriableDatanodeEventWatcher.java:onTimeout(47)) - RetriableDatanodeCommand type=deleteBlocksCommand with id=1567405864502 timed out. Retrying.
2019-09-02 06:31:12,625 [pool-7-thread-2] INFO  commands.RetriableDatanodeEventWatcher (RetriableDatanodeEventWatcher.java:onTimeout(47)) - RetriableDatanodeCommand type=deleteBlocksCommand with id=1567405864512 timed out. Retrying.
2019-09-02 06:31:12,645 [pool-7-thread-2] INFO  commands.RetriableDatanodeEventWatcher (RetriableDatanodeEventWatcher.java:onTimeout(47)) - RetriableDatanodeCommand type=deleteBlocksCommand with id=1567405864522 timed out. Retrying.
2019-09-02 06:31:12,659 [pool-7-thread-2] INFO  commands.RetriableDatanodeEventWatcher (RetriableDatanodeEventWatcher.java:onTimeout(47)) - RetriableDatanodeCommand type=deleteBlocksCommand with id=1567405864532 timed out. Retrying.
2019-09-02 06:31:12,675 [pool-7-thread-2] INFO  commands.RetriableDatanodeEventWatcher (RetriableDatanodeEventWatcher.java:onTimeout(47)) - RetriableDatanodeCommand type=deleteBlocksCommand with id=1567405864542 timed out. Retrying.
2019-09-02 06:31:12,689 [pool-7-thread-2] INFO  commands.RetriableDatanodeEventWatcher (RetriableDatanodeEventWatcher.java:onTimeout(47)) - RetriableDatanodeCommand type=deleteBlocksCommand with id=1567405864552 timed out. Retrying.
2019-09-02 06:31:12,693 [pool-7-thread-2] INFO  commands.RetriableDatanodeEventWatcher (RetriableDatanodeEventWatcher.java:onTimeout(47)) - RetriableDatanodeCommand type=deleteBlocksCommand with id=1567405864571 timed out. Retrying.
2019-09-02 06:31:12,707 [pool-7-thread-2] INFO  commands.RetriableDatanodeEventWatcher (RetriableDatanodeEventWatcher.java:onTimeout(47)) - RetriableDatanodeCommand type=deleteBlocksCommand with id=1567405864562 timed out. Retrying.
2019-09-02 06:31:12,710 [pool-7-thread-2] INFO  commands.RetriableDatanodeEventWatcher (RetriableDatanodeEventWatcher.java:onTimeout(47)) - RetriableDatanodeCommand type=deleteBlocksCommand with id=1567405864503 timed out. Retrying.
2019-09-02 06:31:12,711 [SCMBlockDeletingService#1] DEBUG block.SCMBlockDeletingService (SCMBlockDeletingService.java:call(138)) - Running DeletedBlockTransactionScanner
2019-09-02 06:31:12,711 [SCMBlockDeletingService#1] DEBUG block.SCMBlockDeletingService (SCMBlockDeletingService.java:call(155)) - Scanned deleted blocks log and got 3 delTX to process.
2019-09-02 06:31:12,711 [SCMBlockDeletingService#1] DEBUG block.SCMBlockDeletingService (SCMBlockDeletingService.java:call(171)) - Added delete block command for datanode 3258574c-39ac-4ed5-9145-ea59a337c299 in the queue, number of delete block transactions: 3, TxID list: 1,2,3
2019-09-02 06:31:12,712 [SCMBlockDeletingService#1] INFO  block.SCMBlockDeletingService (SCMBlockDeletingService.java:call(182)) - Totally added 3 delete blocks command for 1 datanodes, task elapsed time: 1ms
2019-09-02 06:31:12,729 [pool-7-thread-2] INFO  commands.RetriableDatanodeEventWatcher (RetriableDatanodeEventWatcher.java:onTimeout(47)) - RetriableDatanodeCommand type=deleteBlocksCommand with id=1567405864513 timed out. Retrying.
2019-09-02 06:31:12,744 [pool-7-thread-2] INFO  commands.RetriableDatanodeEventWatcher (RetriableDatanodeEventWatcher.java:onTimeout(47)) - RetriableDatanodeCommand type=deleteBlocksCommand with id=1567405864523 timed out. Retrying.
2019-09-02 06:31:12,761 [pool-7-thread-2] INFO  commands.RetriableDatanodeEventWatcher (RetriableDatanodeEventWatcher.java:onTimeout(47)) - RetriableDatanodeCommand type=deleteBlocksCommand with id=1567405864533 timed out. Retrying.
2019-09-02 06:31:12,776 [pool-7-thread-2] INFO  commands.RetriableDatanodeEventWatcher (RetriableDatanodeEventWatcher.java:onTimeout(47)) - RetriableDatanodeCommand type=deleteBlocksCommand with id=1567405864543 timed out. Retrying.
2019-09-02 06:31:12,790 [pool-7-thread-2] INFO  commands.RetriableDatanodeEventWatcher (RetriableDatanodeEventWatcher.java:onTimeout(47)) - RetriableDatanodeCommand type=deleteBlocksCommand with id=1567405864553 timed out. Retrying.
2019-09-02 06:31:12,794 [pool-7-thread-2] INFO  commands.RetriableDatanodeEventWatcher (RetriableDatanodeEventWatcher.java:onTimeout(47)) - RetriableDatanodeCommand type=deleteBlocksCommand with id=1567405864572 timed out. Retrying.
2019-09-02 06:31:12,808 [pool-7-thread-2] INFO  commands.RetriableDatanodeEventWatcher (RetriableDatanodeEventWatcher.java:onTimeout(47)) - RetriableDatanodeCommand type=deleteBlocksCommand with id=1567405864563 timed out. Retrying.
2019-09-02 06:31:12,812 [SCMBlockDeletingService#1] DEBUG block.SCMBlockDeletingService (SCMBlockDeletingService.java:call(138)) - Running DeletedBlockTransactionScanner
2019-09-02 06:31:12,812 [SCMBlockDeletingService#1] DEBUG block.SCMBlockDeletingService (SCMBlockDeletingService.java:call(155)) - Scanned deleted blocks log and got 3 delTX to process.
2019-09-02 06:31:12,813 [SCMBlockDeletingService#1] DEBUG block.SCMBlockDeletingService (SCMBlockDeletingService.java:call(171)) - Added delete block command for datanode 3258574c-39ac-4ed5-9145-ea59a337c299 in the queue, number of delete block transactions: 3, TxID list: 1,2,3
2019-09-02 06:31:12,813 [SCMBlockDeletingService#1] INFO  block.SCMBlockDeletingService (SCMBlockDeletingService.java:call(182)) - Totally added 3 delete blocks command for 1 datanodes, task elapsed time: 1ms
2019-09-02 06:31:12,814 [pool-7-thread-2] INFO  commands.RetriableDatanodeEventWatcher (RetriableDatanodeEventWatcher.java:onTimeout(47)) - RetriableDatanodeCommand type=deleteBlocksCommand with id=1567405864504 timed out. Retrying.
2019-09-02 06:31:12,832 [pool-7-thread-2] INFO  commands.RetriableDatanodeEventWatcher (RetriableDatanodeEventWatcher.java:onTimeout(47)) - RetriableDatanodeCommand type=deleteBlocksCommand with id=1567405864514 timed out. Retrying.
2019-09-02 06:31:12,847 [pool-7-thread-2] INFO  commands.RetriableDatanodeEventWatcher (RetriableDatanodeEventWatcher.java:onTimeout(47)) - RetriableDatanodeCommand type=deleteBlocksCommand with id=1567405864524 timed out. Retrying.
2019-09-02 06:31:12,862 [pool-7-thread-2] INFO  commands.RetriableDatanodeEventWatcher (RetriableDatanodeEventWatcher.java:onTimeout(47)) - RetriableDatanodeCommand type=deleteBlocksCommand with id=1567405864534 timed out. Retrying.
2019-09-02 06:31:12,877 [pool-7-thread-2] INFO  commands.RetriableDatanodeEventWatcher (RetriableDatanodeEventWatcher.java:onTimeout(47)) - RetriableDatanodeCommand type=deleteBlocksCommand with id=1567405864544 timed out. Retrying.
2019-09-02 06:31:12,894 [pool-7-thread-2] INFO  commands.RetriableDatanodeEventWatcher (RetriableDatanodeEventWatcher.java:onTimeout(47)) - RetriableDatanodeCommand type=deleteBlocksCommand with id=1567405864554 timed out. Retrying.
2019-09-02 06:31:12,897 [pool-7-thread-2] INFO  commands.RetriableDatanodeEventWatcher (RetriableDatanodeEventWatcher.java:onTimeout(47)) - RetriableDatanodeCommand type=deleteBlocksCommand with id=1567405864573 timed out. Retrying.
2019-09-02 06:31:12,909 [pool-7-thread-2] INFO  commands.RetriableDatanodeEventWatcher (RetriableDatanodeEventWatcher.java:onTimeout(47)) - RetriableDatanodeCommand type=deleteBlocksCommand with id=1567405864564 timed out. Retrying.
2019-09-02 06:31:12,913 [SCMBlockDeletingService#1] DEBUG block.SCMBlockDeletingService (SCMBlockDeletingService.java:call(138)) - Running DeletedBlockTransactionScanner
2019-09-02 06:31:12,914 [SCMBlockDeletingService#1] DEBUG block.SCMBlockDeletingService (SCMBlockDeletingService.java:call(155)) - Scanned deleted blocks log and got 3 delTX to process.
2019-09-02 06:31:12,914 [SCMBlockDeletingService#1] DEBUG block.SCMBlockDeletingService (SCMBlockDeletingService.java:call(171)) - Added delete block command for datanode 3258574c-39ac-4ed5-9145-ea59a337c299 in the queue, number of delete block transactions: 3, TxID list: 1,2,3
2019-09-02 06:31:12,915 [SCMBlockDeletingService#1] INFO  block.SCMBlockDeletingService (SCMBlockDeletingService.java:call(182)) - Totally added 3 delete blocks command for 1 datanodes, task elapsed time: 1ms
2019-09-02 06:31:12,916 [pool-7-thread-2] INFO  commands.RetriableDatanodeEventWatcher (RetriableDatanodeEventWatcher.java:onTimeout(47)) - RetriableDatanodeCommand type=deleteBlocksCommand with id=1567405864505 timed out. Retrying.
2019-09-02 06:31:12,929 [pool-7-thread-2] INFO  commands.RetriableDatanodeEventWatcher (RetriableDatanodeEventWatcher.java:onTimeout(47)) - RetriableDatanodeCommand type=deleteBlocksCommand with id=1567405864515 timed out. Retrying.
2019-09-02 06:31:12,948 [pool-7-thread-2] INFO  commands.RetriableDatanodeEventWatcher (RetriableDatanodeEventWatcher.java:onTimeout(47)) - RetriableDatanodeCommand type=deleteBlocksCommand with id=1567405864525 timed out. Retrying.
2019-09-02 06:31:12,963 [pool-7-thread-2] INFO  commands.RetriableDatanodeEventWatcher (RetriableDatanodeEventWatcher.java:onTimeout(47)) - RetriableDatanodeCommand type=deleteBlocksCommand with id=1567405864535 timed out. Retrying.
2019-09-02 06:31:12,980 [pool-7-thread-2] INFO  commands.RetriableDatanodeEventWatcher (RetriableDatanodeEventWatcher.java:onTimeout(47)) - RetriableDatanodeCommand type=deleteBlocksCommand with id=1567405864545 timed out. Retrying.
2019-09-02 06:31:12,995 [pool-7-thread-2] INFO  commands.RetriableDatanodeEventWatcher (RetriableDatanodeEventWatcher.java:onTimeout(47)) - RetriableDatanodeCommand type=deleteBlocksCommand with id=1567405864555 timed out. Retrying.
2019-09-02 06:31:12,998 [pool-7-thread-2] INFO  commands.RetriableDatanodeEventWatcher (RetriableDatanodeEventWatcher.java:onTimeout(47)) - RetriableDatanodeCommand type=deleteBlocksCommand with id=1567405864574 timed out. Retrying.
2019-09-02 06:31:13,013 [pool-7-thread-2] INFO  commands.RetriableDatanodeEventWatcher (RetriableDatanodeEventWatcher.java:onTimeout(47)) - RetriableDatanodeCommand type=deleteBlocksCommand with id=1567405864565 timed out. Retrying.
2019-09-02 06:31:13,015 [SCMBlockDeletingService#1] DEBUG block.SCMBlockDeletingService (SCMBlockDeletingService.java:call(138)) - Running DeletedBlockTransactionScanner
2019-09-02 06:31:13,015 [SCMBlockDeletingService#1] DEBUG block.SCMBlockDeletingService (SCMBlockDeletingService.java:call(155)) - Scanned deleted blocks log and got 3 delTX to process.
2019-09-02 06:31:13,016 [SCMBlockDeletingService#1] DEBUG block.SCMBlockDeletingService (SCMBlockDeletingService.java:call(171)) - Added delete block command for datanode 3258574c-39ac-4ed5-9145-ea59a337c299 in the queue, number of delete block transactions: 3, TxID list: 1,2,3
2019-09-02 06:31:13,016 [SCMBlockDeletingService#1] INFO  block.SCMBlockDeletingService (SCMBlockDeletingService.java:call(182)) - Totally added 3 delete blocks command for 1 datanodes, task elapsed time: 1ms
2019-09-02 06:31:13,017 [pool-7-thread-2] INFO  commands.RetriableDatanodeEventWatcher (RetriableDatanodeEventWatcher.java:onTimeout(47)) - RetriableDatanodeCommand type=deleteBlocksCommand with id=1567405864506 timed out. Retrying.
2019-09-02 06:31:13,036 [pool-7-thread-2] INFO  commands.RetriableDatanodeEventWatcher (RetriableDatanodeEventWatcher.java:onTimeout(47)) - RetriableDatanodeCommand type=deleteBlocksCommand with id=1567405864516 timed out. Retrying.
2019-09-02 06:31:13,052 [pool-7-thread-2] INFO  commands.RetriableDatanodeEventWatcher (RetriableDatanodeEventWatcher.java:onTimeout(47)) - RetriableDatanodeCommand type=deleteBlocksCommand with id=1567405864526 timed out. Retrying.
2019-09-02 06:31:13,067 [pool-7-thread-2] INFO  commands.RetriableDatanodeEventWatcher (RetriableDatanodeEventWatcher.java:onTimeout(47)) - RetriableDatanodeCommand type=deleteBlocksCommand with id=1567405864536 timed out. Retrying.
2019-09-02 06:31:13,082 [pool-7-thread-2] INFO  commands.RetriableDatanodeEventWatcher (RetriableDatanodeEventWatcher.java:onTimeout(47)) - RetriableDatanodeCommand type=deleteBlocksCommand with id=1567405864546 timed out. Retrying.
2019-09-02 06:31:13,095 [pool-7-thread-2] INFO  commands.RetriableDatanodeEventWatcher (RetriableDatanodeEventWatcher.java:onTimeout(47)) - RetriableDatanodeCommand type=deleteBlocksCommand with id=1567405864556 timed out. Retrying.
2019-09-02 06:31:13,100 [pool-7-thread-2] INFO  commands.RetriableDatanodeEventWatcher (RetriableDatanodeEventWatcher.java:onTimeout(47)) - RetriableDatanodeCommand type=deleteBlocksCommand with id=1567405864575 timed out. Retrying.
2019-09-02 06:31:13,116 [SCMBlockDeletingService#1] DEBUG block.SCMBlockDeletingService (SCMBlockDeletingService.java:call(138)) - Running DeletedBlockTransactionScanner
2019-09-02 06:31:13,117 [SCMBlockDeletingService#1] DEBUG block.SCMBlockDeletingService (SCMBlockDeletingService.java:call(155)) - Scanned deleted blocks log and got 3 delTX to process.
2019-09-02 06:31:13,117 [SCMBlockDeletingService#1] DEBUG block.SCMBlockDeletingService (SCMBlockDeletingService.java:call(171)) - Added delete block command for datanode 3258574c-39ac-4ed5-9145-ea59a337c299 in the queue, number of delete block transactions: 3, TxID list: 1,2,3
2019-09-02 06:31:13,117 [SCMBlockDeletingService#1] INFO  block.SCMBlockDeletingService (SCMBlockDeletingService.java:call(182)) - Totally added 3 delete blocks command for 1 datanodes, task elapsed time: 1ms
2019-09-02 06:31:13,187 [pool-7-thread-2] INFO  commands.RetriableDatanodeEventWatcher (RetriableDatanodeEventWatcher.java:onTimeout(47)) - RetriableDatanodeCommand type=deleteBlocksCommand with id=1567405864517 timed out. Retrying.
2019-09-02 06:31:13,188 [pool-7-thread-3] INFO  commands.RetriableDatanodeEventWatcher (RetriableDatanodeEventWatcher.java:onTimeout(47)) - RetriableDatanodeCommand type=deleteBlocksCommand with id=1567405864527 timed out. Retrying.
2019-09-02 06:31:13,188 [pool-7-thread-4] INFO  commands.RetriableDatanodeEventWatcher (RetriableDatanodeEventWatcher.java:onTimeout(47)) - RetriableDatanodeCommand type=deleteBlocksCommand with id=1567405864537 timed out. Retrying.
2019-09-02 06:31:13,189 [pool-7-thread-4] INFO  commands.RetriableDatanodeEventWatcher (RetriableDatanodeEventWatcher.java:onTimeout(47)) - RetriableDatanodeCommand type=deleteBlocksCommand with id=1567405864547 timed out. Retrying.
2019-09-02 06:31:13,189 [pool-7-thread-4] INFO  commands.RetriableDatanodeEventWatcher (RetriableDatanodeEventWatcher.java:onTimeout(47)) - RetriableDatanodeCommand type=deleteBlocksCommand with id=1567405864566 timed out. Retrying.
2019-09-02 06:31:13,189 [pool-7-thread-4] INFO  commands.RetriableDatanodeEventWatcher (RetriableDatanodeEventWatcher.java:onTimeout(47)) - RetriableDatanodeCommand type=deleteBlocksCommand with id=1567405864507 timed out. Retrying.
2019-09-02 06:31:13,198 [pool-7-thread-4] INFO  commands.RetriableDatanodeEventWatcher (RetriableDatanodeEventWatcher.java:onTimeout(47)) - RetriableDatanodeCommand type=deleteBlocksCommand with id=1567405864557 timed out. Retrying.
2019-09-02 06:31:13,202 [pool-7-thread-4] INFO  commands.RetriableDatanodeEventWatcher (RetriableDatanodeEventWatcher.java:onTimeout(47)) - RetriableDatanodeCommand type=deleteBlocksCommand with id=1567405864576 timed out. Retrying.
2019-09-02 06:31:13,218 [SCMBlockDeletingService#1] DEBUG block.SCMBlockDeletingService (SCMBlockDeletingService.java:call(138)) - Running DeletedBlockTransactionScanner
2019-09-02 06:31:13,218 [SCMBlockDeletingService#1] DEBUG block.SCMBlockDeletingService (SCMBlockDeletingService.java:call(155)) - Scanned deleted blocks log and got 3 delTX to process.
2019-09-02 06:31:13,218 [SCMBlockDeletingService#1] DEBUG block.SCMBlockDeletingService (SCMBlockDeletingService.java:call(171)) - Added delete block command for datanode 3258574c-39ac-4ed5-9145-ea59a337c299 in the queue, number of delete block transactions: 3, TxID list: 1,2,3
2019-09-02 06:31:13,219 [SCMBlockDeletingService#1] INFO  block.SCMBlockDeletingService (SCMBlockDeletingService.java:call(182)) - Totally added 3 delete blocks command for 1 datanodes, task elapsed time: 1ms
2019-09-02 06:31:13,223 [pool-7-thread-4] INFO  commands.RetriableDatanodeEventWatcher (RetriableDatanodeEventWatcher.java:onTimeout(47)) - RetriableDatanodeCommand type=deleteBlocksCommand with id=1567405864508 timed out. Retrying.
2019-09-02 06:31:13,240 [pool-7-thread-4] INFO  commands.RetriableDatanodeEventWatcher (RetriableDatanodeEventWatcher.java:onTimeout(47)) - RetriableDatanodeCommand type=deleteBlocksCommand with id=1567405864518 timed out. Retrying.
2019-09-02 06:31:13,255 [pool-7-thread-4] INFO  commands.RetriableDatanodeEventWatcher (RetriableDatanodeEventWatcher.java:onTimeout(47)) - RetriableDatanodeCommand type=deleteBlocksCommand with id=1567405864528 timed out. Retrying.
2019-09-02 06:31:13,269 [pool-7-thread-4] INFO  commands.RetriableDatanodeEventWatcher (RetriableDatanodeEventWatcher.java:onTimeout(47)) - RetriableDatanodeCommand type=deleteBlocksCommand with id=1567405864538 timed out. Retrying.
2019-09-02 06:31:13,284 [pool-7-thread-4] INFO  commands.RetriableDatanodeEventWatcher (RetriableDatanodeEventWatcher.java:onTimeout(47)) - RetriableDatanodeCommand type=deleteBlocksCommand with id=1567405864548 timed out. Retrying.
2019-09-02 06:31:13,288 [pool-7-thread-4] INFO  commands.RetriableDatanodeEventWatcher (RetriableDatanodeEventWatcher.java:onTimeout(47)) - RetriableDatanodeCommand type=deleteBlocksCommand with id=1567405864567 timed out. Retrying.
2019-09-02 06:31:13,299 [pool-7-thread-4] INFO  commands.RetriableDatanodeEventWatcher (RetriableDatanodeEventWatcher.java:onTimeout(47)) - RetriableDatanodeCommand type=deleteBlocksCommand with id=1567405864558 timed out. Retrying.
2019-09-02 06:31:13,303 [pool-7-thread-4] INFO  commands.RetriableDatanodeEventWatcher (RetriableDatanodeEventWatcher.java:onTimeout(47)) - RetriableDatanodeCommand type=deleteBlocksCommand with id=1567405864577 timed out. Retrying.
2019-09-02 06:31:13,306 [main] INFO  ozone.MiniOzoneClusterImpl (MiniOzoneClusterImpl.java:lambda$waitForClusterToBeReady$0(140)) - Waiting for cluster to be ready. Got 0 of 1 DN Heartbeats.
2019-09-02 06:31:13,319 [SCMBlockDeletingService#0] DEBUG block.SCMBlockDeletingService (SCMBlockDeletingService.java:call(138)) - Running DeletedBlockTransactionScanner
2019-09-02 06:31:13,320 [SCMBlockDeletingService#0] DEBUG block.SCMBlockDeletingService (SCMBlockDeletingService.java:call(155)) - Scanned deleted blocks log and got 3 delTX to process.
2019-09-02 06:31:13,320 [SCMBlockDeletingService#0] DEBUG block.SCMBlockDeletingService (SCMBlockDeletingService.java:call(171)) - Added delete block command for datanode 3258574c-39ac-4ed5-9145-ea59a337c299 in the queue, number of delete block transactions: 3, TxID list: 1,2,3
2019-09-02 06:31:13,320 [SCMBlockDeletingService#0] INFO  block.SCMBlockDeletingService (SCMBlockDeletingService.java:call(182)) - Totally added 3 delete blocks command for 1 datanodes, task elapsed time: 2ms
2019-09-02 06:31:13,323 [pool-7-thread-4] INFO  commands.RetriableDatanodeEventWatcher (RetriableDatanodeEventWatcher.java:onTimeout(47)) - RetriableDatanodeCommand type=deleteBlocksCommand with id=1567405864509 timed out. Retrying.
2019-09-02 06:31:13,339 [pool-7-thread-4] INFO  commands.RetriableDatanodeEventWatcher (RetriableDatanodeEventWatcher.java:onTimeout(47)) - RetriableDatanodeCommand type=deleteBlocksCommand with id=1567405864519 timed out. Retrying.
2019-09-02 06:31:13,355 [pool-7-thread-4] INFO  commands.RetriableDatanodeEventWatcher (RetriableDatanodeEventWatcher.java:onTimeout(47)) - RetriableDatanodeCommand type=deleteBlocksCommand with id=1567405864529 timed out. Retrying.
2019-09-02 06:31:13,372 [pool-7-thread-4] INFO  commands.RetriableDatanodeEventWatcher (RetriableDatanodeEventWatcher.java:onTimeout(47)) - RetriableDatanodeCommand type=deleteBlocksCommand with id=1567405864539 timed out. Retrying.
2019-09-02 06:31:13,385 [pool-7-thread-4] INFO  commands.RetriableDatanodeEventWatcher (RetriableDatanodeEventWatcher.java:onTimeout(47)) - RetriableDatanodeCommand type=deleteBlocksCommand with id=1567405864549 timed out. Retrying.
2019-09-02 06:31:13,389 [pool-7-thread-4] INFO  commands.RetriableDatanodeEventWatcher (RetriableDatanodeEventWatcher.java:onTimeout(47)) - RetriableDatanodeCommand type=deleteBlocksCommand with id=1567405864568 timed out. Retrying.
2019-09-02 06:31:13,402 [pool-7-thread-4] INFO  commands.RetriableDatanodeEventWatcher (RetriableDatanodeEventWatcher.java:onTimeout(47)) - RetriableDatanodeCommand type=deleteBlocksCommand with id=1567405864559 timed out. Retrying.
2019-09-02 06:31:13,405 [pool-7-thread-4] INFO  commands.RetriableDatanodeEventWatcher (RetriableDatanodeEventWatcher.java:onTimeout(47)) - RetriableDatanodeCommand type=deleteBlocksCommand with id=1567405864578 timed out. Retrying.
2019-09-02 06:31:13,421 [SCMBlockDeletingService#0] DEBUG block.SCMBlockDeletingService (SCMBlockDeletingService.java:call(138)) - Running DeletedBlockTransactionScanner
2019-09-02 06:31:13,421 [SCMBlockDeletingService#0] DEBUG block.SCMBlockDeletingService (SCMBlockDeletingService.java:call(155)) - Scanned deleted blocks log and got 3 delTX to process.
2019-09-02 06:31:13,422 [SCMBlockDeletingService#0] DEBUG block.SCMBlockDeletingService (SCMBlockDeletingService.java:call(171)) - Added delete block command for datanode 3258574c-39ac-4ed5-9145-ea59a337c299 in the queue, number of delete block transactions: 3, TxID list: 1,2,3
2019-09-02 06:31:13,422 [SCMBlockDeletingService#0] INFO  block.SCMBlockDeletingService (SCMBlockDeletingService.java:call(182)) - Totally added 3 delete blocks command for 1 datanodes, task elapsed time: 1ms
2019-09-02 06:31:13,426 [pool-7-thread-4] INFO  commands.RetriableDatanodeEventWatcher (RetriableDatanodeEventWatcher.java:onTimeout(47)) - RetriableDatanodeCommand type=deleteBlocksCommand with id=1567405864510 timed out. Retrying.
2019-09-02 06:31:13,440 [pool-7-thread-4] INFO  commands.RetriableDatanodeEventWatcher (RetriableDatanodeEventWatcher.java:onTimeout(47)) - RetriableDatanodeCommand type=deleteBlocksCommand with id=1567405864520 timed out. Retrying.
2019-09-02 06:31:13,458 [pool-7-thread-4] INFO  commands.RetriableDatanodeEventWatcher (RetriableDatanodeEventWatcher.java:onTimeout(47)) - RetriableDatanodeCommand type=deleteBlocksCommand with id=1567405864530 timed out. Retrying.
2019-09-02 06:31:13,472 [pool-7-thread-4] INFO  commands.RetriableDatanodeEventWatcher (RetriableDatanodeEventWatcher.java:onTimeout(47)) - RetriableDatanodeCommand type=deleteBlocksCommand with id=1567405864540 timed out. Retrying.
2019-09-02 06:31:13,488 [pool-7-thread-4] INFO  commands.RetriableDatanodeEventWatcher (RetriableDatanodeEventWatcher.java:onTimeout(47)) - RetriableDatanodeCommand type=deleteBlocksCommand with id=1567405864550 timed out. Retrying.
2019-09-02 06:31:13,490 [pool-7-thread-4] INFO  commands.RetriableDatanodeEventWatcher (RetriableDatanodeEventWatcher.java:onTimeout(47)) - RetriableDatanodeCommand type=deleteBlocksCommand with id=1567405864569 timed out. Retrying.
2019-09-02 06:31:13,505 [pool-7-thread-4] INFO  commands.RetriableDatanodeEventWatcher (RetriableDatanodeEventWatcher.java:onTimeout(47)) - RetriableDatanodeCommand type=deleteBlocksCommand with id=1567405864560 timed out. Retrying.
2019-09-02 06:31:13,507 [pool-7-thread-4] INFO  commands.RetriableDatanodeEventWatcher (RetriableDatanodeEventWatcher.java:onTimeout(47)) - RetriableDatanodeCommand type=deleteBlocksCommand with id=1567405864501 timed out. Retrying.
2019-09-02 06:31:13,508 [pool-7-thread-4] INFO  commands.RetriableDatanodeEventWatcher (RetriableDatanodeEventWatcher.java:onTimeout(47)) - RetriableDatanodeCommand type=deleteBlocksCommand with id=1567405864579 timed out. Retrying.
2019-09-02 06:31:13,522 [SCMBlockDeletingService#0] DEBUG block.SCMBlockDeletingService (SCMBlockDeletingService.java:call(138)) - Running DeletedBlockTransactionScanner
2019-09-02 06:31:13,523 [SCMBlockDeletingService#0] DEBUG block.SCMBlockDeletingService (SCMBlockDeletingService.java:call(155)) - Scanned deleted blocks log and got 3 delTX to process.
2019-09-02 06:31:13,523 [SCMBlockDeletingService#0] DEBUG block.SCMBlockDeletingService (SCMBlockDeletingService.java:call(171)) - Added delete block command for datanode 3258574c-39ac-4ed5-9145-ea59a337c299 in the queue, number of delete block transactions: 3, TxID list: 1,2,3
2019-09-02 06:31:13,524 [SCMBlockDeletingService#0] INFO  block.SCMBlockDeletingService (SCMBlockDeletingService.java:call(182)) - Totally added 3 delete blocks command for 1 datanodes, task elapsed time: 1ms
2019-09-02 06:31:13,529 [pool-7-thread-4] INFO  commands.RetriableDatanodeEventWatcher (RetriableDatanodeEventWatcher.java:onTimeout(47)) - RetriableDatanodeCommand type=deleteBlocksCommand with id=1567405864511 timed out. Retrying.
2019-09-02 06:31:13,543 [pool-7-thread-4] INFO  commands.RetriableDatanodeEventWatcher (RetriableDatanodeEventWatcher.java:onTimeout(47)) - RetriableDatanodeCommand type=deleteBlocksCommand with id=1567405864521 timed out. Retrying.
2019-09-02 06:31:13,557 [pool-7-thread-4] INFO  commands.RetriableDatanodeEventWatcher (RetriableDatanodeEventWatcher.java:onTimeout(47)) - RetriableDatanodeCommand type=deleteBlocksCommand with id=1567405864531 timed out. Retrying.
2019-09-02 06:31:13,575 [pool-7-thread-4] INFO  commands.RetriableDatanodeEventWatcher (RetriableDatanodeEventWatcher.java:onTimeout(47)) - RetriableDatanodeCommand type=deleteBlocksCommand with id=1567405864541 timed out. Retrying.
2019-09-02 06:31:13,588 [pool-7-thread-4] INFO  commands.RetriableDatanodeEventWatcher (RetriableDatanodeEventWatcher.java:onTimeout(47)) - RetriableDatanodeCommand type=deleteBlocksCommand with id=1567405864551 timed out. Retrying.
2019-09-02 06:31:13,593 [pool-7-thread-4] INFO  commands.RetriableDatanodeEventWatcher (RetriableDatanodeEventWatcher.java:onTimeout(47)) - RetriableDatanodeCommand type=deleteBlocksCommand with id=1567405864570 timed out. Retrying.
2019-09-02 06:31:13,605 [pool-7-thread-4] INFO  commands.RetriableDatanodeEventWatcher (RetriableDatanodeEventWatcher.java:onTimeout(47)) - RetriableDatanodeCommand type=deleteBlocksCommand with id=1567405864561 timed out. Retrying.
2019-09-02 06:31:13,610 [pool-7-thread-4] INFO  commands.RetriableDatanodeEventWatcher (RetriableDatanodeEventWatcher.java:onTimeout(47)) - RetriableDatanodeCommand type=deleteBlocksCommand with id=1567405864580 timed out. Retrying.
2019-09-02 06:31:13,613 [pool-7-thread-4] INFO  commands.RetriableDatanodeEventWatcher (RetriableDatanodeEventWatcher.java:onTimeout(47)) - RetriableDatanodeCommand type=deleteBlocksCommand with id=1567405864502 timed out. Retrying.
2019-09-02 06:31:13,624 [SCMBlockDeletingService#0] DEBUG block.SCMBlockDeletingService (SCMBlockDeletingService.java:call(138)) - Running DeletedBlockTransactionScanner
2019-09-02 06:31:13,624 [SCMBlockDeletingService#0] DEBUG block.SCMBlockDeletingService (SCMBlockDeletingService.java:call(155)) - Scanned deleted blocks log and got 3 delTX to process.
2019-09-02 06:31:13,624 [SCMBlockDeletingService#0] DEBUG block.SCMBlockDeletingService (SCMBlockDeletingService.java:call(171)) - Added delete block command for datanode 3258574c-39ac-4ed5-9145-ea59a337c299 in the queue, number of delete block transactions: 3, TxID list: 1,2,3
2019-09-02 06:31:13,625 [pool-7-thread-4] INFO  commands.RetriableDatanodeEventWatcher (RetriableDatanodeEventWatcher.java:onTimeout(47)) - RetriableDatanodeCommand type=deleteBlocksCommand with id=1567405864512 timed out. Retrying.
2019-09-02 06:31:13,625 [SCMBlockDeletingService#0] INFO  block.SCMBlockDeletingService (SCMBlockDeletingService.java:call(182)) - Totally added 3 delete blocks command for 1 datanodes, task elapsed time: 1ms
2019-09-02 06:31:13,646 [pool-7-thread-4] INFO  commands.RetriableDatanodeEventWatcher (RetriableDatanodeEventWatcher.java:onTimeout(47)) - RetriableDatanodeCommand type=deleteBlocksCommand with id=1567405864522 timed out. Retrying.
2019-09-02 06:31:13,660 [pool-7-thread-4] INFO  commands.RetriableDatanodeEventWatcher (RetriableDatanodeEventWatcher.java:onTimeout(47)) - RetriableDatanodeCommand type=deleteBlocksCommand with id=1567405864532 timed out. Retrying.
2019-09-02 06:31:13,675 [pool-7-thread-4] INFO  commands.RetriableDatanodeEventWatcher (RetriableDatanodeEventWatcher.java:onTimeout(47)) - RetriableDatanodeCommand type=deleteBlocksCommand with id=1567405864542 timed out. Retrying.
2019-09-02 06:31:13,690 [pool-7-thread-4] INFO  commands.RetriableDatanodeEventWatcher (RetriableDatanodeEventWatcher.java:onTimeout(47)) - RetriableDatanodeCommand type=deleteBlocksCommand with id=1567405864552 timed out. Retrying.
2019-09-02 06:31:13,693 [pool-7-thread-4] INFO  commands.RetriableDatanodeEventWatcher (RetriableDatanodeEventWatcher.java:onTimeout(47)) - RetriableDatanodeCommand type=deleteBlocksCommand with id=1567405864571 timed out. Retrying.
2019-09-02 06:31:13,708 [pool-7-thread-4] INFO  commands.RetriableDatanodeEventWatcher (RetriableDatanodeEventWatcher.java:onTimeout(47)) - RetriableDatanodeCommand type=deleteBlocksCommand with id=1567405864562 timed out. Retrying.
2019-09-02 06:31:13,710 [pool-7-thread-4] INFO  commands.RetriableDatanodeEventWatcher (RetriableDatanodeEventWatcher.java:onTimeout(47)) - RetriableDatanodeCommand type=deleteBlocksCommand with id=1567405864503 timed out. Retrying.
2019-09-02 06:31:13,712 [pool-7-thread-4] INFO  commands.RetriableDatanodeEventWatcher (RetriableDatanodeEventWatcher.java:onTimeout(47)) - RetriableDatanodeCommand type=deleteBlocksCommand with id=1567405864581 timed out. Retrying.
2019-09-02 06:31:13,725 [SCMBlockDeletingService#0] DEBUG block.SCMBlockDeletingService (SCMBlockDeletingService.java:call(138)) - Running DeletedBlockTransactionScanner
2019-09-02 06:31:13,726 [SCMBlockDeletingService#0] DEBUG block.SCMBlockDeletingService (SCMBlockDeletingService.java:call(155)) - Scanned deleted blocks log and got 3 delTX to process.
2019-09-02 06:31:13,726 [SCMBlockDeletingService#0] DEBUG block.SCMBlockDeletingService (SCMBlockDeletingService.java:call(171)) - Added delete block command for datanode 3258574c-39ac-4ed5-9145-ea59a337c299 in the queue, number of delete block transactions: 3, TxID list: 1,2,3
2019-09-02 06:31:13,726 [SCMBlockDeletingService#0] INFO  block.SCMBlockDeletingService (SCMBlockDeletingService.java:call(182)) - Totally added 3 delete blocks command for 1 datanodes, task elapsed time: 2ms
2019-09-02 06:31:13,729 [pool-7-thread-4] INFO  commands.RetriableDatanodeEventWatcher (RetriableDatanodeEventWatcher.java:onTimeout(47)) - RetriableDatanodeCommand type=deleteBlocksCommand with id=1567405864513 timed out. Retrying.
2019-09-02 06:31:13,745 [pool-7-thread-4] INFO  commands.RetriableDatanodeEventWatcher (RetriableDatanodeEventWatcher.java:onTimeout(47)) - RetriableDatanodeCommand type=deleteBlocksCommand with id=1567405864523 timed out. Retrying.
2019-09-02 06:31:13,761 [pool-7-thread-4] INFO  commands.RetriableDatanodeEventWatcher (RetriableDatanodeEventWatcher.java:onTimeout(47)) - RetriableDatanodeCommand type=deleteBlocksCommand with id=1567405864533 timed out. Retrying.
2019-09-02 06:31:13,777 [pool-7-thread-4] INFO  commands.RetriableDatanodeEventWatcher (RetriableDatanodeEventWatcher.java:onTimeout(47)) - RetriableDatanodeCommand type=deleteBlocksCommand with id=1567405864543 timed out. Retrying.
2019-09-02 06:31:13,790 [pool-7-thread-4] INFO  commands.RetriableDatanodeEventWatcher (RetriableDatanodeEventWatcher.java:onTimeout(47)) - RetriableDatanodeCommand type=deleteBlocksCommand with id=1567405864553 timed out. Retrying.
2019-09-02 06:31:13,795 [pool-7-thread-4] INFO  commands.RetriableDatanodeEventWatcher (RetriableDatanodeEventWatcher.java:onTimeout(47)) - RetriableDatanodeCommand type=deleteBlocksCommand with id=1567405864572 timed out. Retrying.
2019-09-02 06:31:13,808 [pool-7-thread-4] INFO  commands.RetriableDatanodeEventWatcher (RetriableDatanodeEventWatcher.java:onTimeout(47)) - RetriableDatanodeCommand type=deleteBlocksCommand with id=1567405864563 timed out. Retrying.
2019-09-02 06:31:13,813 [pool-7-thread-4] INFO  commands.RetriableDatanodeEventWatcher (RetriableDatanodeEventWatcher.java:onTimeout(47)) - RetriableDatanodeCommand type=deleteBlocksCommand with id=1567405864582 timed out. Retrying.
2019-09-02 06:31:13,815 [pool-7-thread-4] INFO  commands.RetriableDatanodeEventWatcher (RetriableDatanodeEventWatcher.java:onTimeout(47)) - RetriableDatanodeCommand type=deleteBlocksCommand with id=1567405864504 timed out. Retrying.
2019-09-02 06:31:13,827 [SCMBlockDeletingService#0] DEBUG block.SCMBlockDeletingService (SCMBlockDeletingService.java:call(138)) - Running DeletedBlockTransactionScanner
2019-09-02 06:31:13,827 [SCMBlockDeletingService#0] DEBUG block.SCMBlockDeletingService (SCMBlockDeletingService.java:call(155)) - Scanned deleted blocks log and got 3 delTX to process.
2019-09-02 06:31:13,827 [SCMBlockDeletingService#0] DEBUG block.SCMBlockDeletingService (SCMBlockDeletingService.java:call(171)) - Added delete block command for datanode 3258574c-39ac-4ed5-9145-ea59a337c299 in the queue, number of delete block transactions: 3, TxID list: 1,2,3
2019-09-02 06:31:13,828 [SCMBlockDeletingService#0] INFO  block.SCMBlockDeletingService (SCMBlockDeletingService.java:call(182)) - Totally added 3 delete blocks command for 1 datanodes, task elapsed time: 1ms
2019-09-02 06:31:13,832 [pool-7-thread-4] INFO  commands.RetriableDatanodeEventWatcher (RetriableDatanodeEventWatcher.java:onTimeout(47)) - RetriableDatanodeCommand type=deleteBlocksCommand with id=1567405864514 timed out. Retrying.
2019-09-02 06:31:13,848 [pool-7-thread-4] INFO  commands.RetriableDatanodeEventWatcher (RetriableDatanodeEventWatcher.java:onTimeout(47)) - RetriableDatanodeCommand type=deleteBlocksCommand with id=1567405864524 timed out. Retrying.
2019-09-02 06:31:13,862 [pool-7-thread-4] INFO  commands.RetriableDatanodeEventWatcher (RetriableDatanodeEventWatcher.java:onTimeout(47)) - RetriableDatanodeCommand type=deleteBlocksCommand with id=1567405864534 timed out. Retrying.
2019-09-02 06:31:13,878 [pool-7-thread-4] INFO  commands.RetriableDatanodeEventWatcher (RetriableDatanodeEventWatcher.java:onTimeout(47)) - RetriableDatanodeCommand type=deleteBlocksCommand with id=1567405864544 timed out. Retrying.
2019-09-02 06:31:13,894 [pool-7-thread-4] INFO  commands.RetriableDatanodeEventWatcher (RetriableDatanodeEventWatcher.java:onTimeout(47)) - RetriableDatanodeCommand type=deleteBlocksCommand with id=1567405864554 timed out. Retrying.
2019-09-02 06:31:13,898 [pool-7-thread-4] INFO  commands.RetriableDatanodeEventWatcher (RetriableDatanodeEventWatcher.java:onTimeout(47)) - RetriableDatanodeCommand type=deleteBlocksCommand with id=1567405864573 timed out. Retrying.
2019-09-02 06:31:13,909 [pool-7-thread-4] INFO  commands.RetriableDatanodeEventWatcher (RetriableDatanodeEventWatcher.java:onTimeout(47)) - RetriableDatanodeCommand type=deleteBlocksCommand with id=1567405864564 timed out. Retrying.
2019-09-02 06:31:13,914 [pool-7-thread-4] INFO  commands.RetriableDatanodeEventWatcher (RetriableDatanodeEventWatcher.java:onTimeout(47)) - RetriableDatanodeCommand type=deleteBlocksCommand with id=1567405864583 timed out. Retrying.
2019-09-02 06:31:13,917 [pool-7-thread-4] INFO  commands.RetriableDatanodeEventWatcher (RetriableDatanodeEventWatcher.java:onTimeout(47)) - RetriableDatanodeCommand type=deleteBlocksCommand with id=1567405864505 timed out. Retrying.
2019-09-02 06:31:13,928 [SCMBlockDeletingService#1] DEBUG block.SCMBlockDeletingService (SCMBlockDeletingService.java:call(138)) - Running DeletedBlockTransactionScanner
2019-09-02 06:31:13,929 [SCMBlockDeletingService#1] DEBUG block.SCMBlockDeletingService (SCMBlockDeletingService.java:call(155)) - Scanned deleted blocks log and got 3 delTX to process.
2019-09-02 06:31:13,929 [pool-7-thread-4] INFO  commands.RetriableDatanodeEventWatcher (SCMBlockDeletingService.java:call(171)) - Added delete block command for datanode 3258574c-39ac-4ed5-9145-ea59a337c299 in the queue, number of delete block transactions: 3, TxID list: 1,2,3
2019-09-02 06:31:13,929 [pool-7-thread-4] INFO  commands.RetriableDatanodeEventWatcher (RetriableDatanodeEventWatcher.java:onTimeout(47)) - RetriableDatanodeCommand type=deleteBlocksCommand with id=1567405864515 timed out. Retrying.
2019-09-02 06:31:13,929 [SCMBlockDeletingService#1] INFO  block.SCMBlockDeletingService (SCMBlockDeletingService.java:call(182)) - Totally added 3 delete blocks command for 1 datanodes, task elapsed time: 1ms
2019-09-02 06:31:13,949 [pool-7-thread-4] INFO  commands.RetriableDatanodeEventWatcher (RetriableDatanodeEventWatcher.java:onTimeout(47)) - RetriableDatanodeCommand type=deleteBlocksCommand with id=1567405864525 timed out. Retrying.
2019-09-02 06:31:13,963 [pool-7-thread-4] INFO  commands.RetriableDatanodeEventWatcher (RetriableDatanodeEventWatcher.java:onTimeout(47)) - RetriableDatanodeCommand type=deleteBlocksCommand with id=1567405864535 timed out. Retrying.
2019-09-02 06:31:13,981 [pool-7-thread-4] INFO  commands.RetriableDatanodeEventWatcher (RetriableDatanodeEventWatcher.java:onTimeout(47)) - RetriableDatanodeCommand type=deleteBlocksCommand with id=1567405864545 timed out. Retrying.
2019-09-02 06:31:13,995 [pool-7-thread-4] INFO  commands.RetriableDatanodeEventWatcher (RetriableDatanodeEventWatcher.java:onTimeout(47)) - RetriableDatanodeCommand type=deleteBlocksCommand with id=1567405864555 timed out. Retrying.
2019-09-02 06:31:13,999 [pool-7-thread-4] INFO  commands.RetriableDatanodeEventWatcher (RetriableDatanodeEventWatcher.java:onTimeout(47)) - RetriableDatanodeCommand type=deleteBlocksCommand with id=1567405864574 timed out. Retrying.
2019-09-02 06:31:14,013 [pool-7-thread-4] INFO  commands.RetriableDatanodeEventWatcher (RetriableDatanodeEventWatcher.java:onTimeout(47)) - RetriableDatanodeCommand type=deleteBlocksCommand with id=1567405864565 timed out. Retrying.
2019-09-02 06:31:14,016 [pool-7-thread-4] INFO  commands.RetriableDatanodeEventWatcher (RetriableDatanodeEventWatcher.java:onTimeout(47)) - RetriableDatanodeCommand type=deleteBlocksCommand with id=1567405864584 timed out. Retrying.
2019-09-02 06:31:14,017 [pool-7-thread-4] INFO  commands.RetriableDatanodeEventWatcher (RetriableDatanodeEventWatcher.java:onTimeout(47)) - RetriableDatanodeCommand type=deleteBlocksCommand with id=1567405864506 timed out. Retrying.
2019-09-02 06:31:14,030 [SCMBlockDeletingService#1] DEBUG block.SCMBlockDeletingService (SCMBlockDeletingService.java:call(138)) - Running DeletedBlockTransactionScanner
2019-09-02 06:31:14,030 [SCMBlockDeletingService#1] DEBUG block.SCMBlockDeletingService (SCMBlockDeletingService.java:call(155)) - Scanned deleted blocks log and got 3 delTX to process.
2019-09-02 06:31:14,030 [SCMBlockDeletingService#1] DEBUG block.SCMBlockDeletingService (SCMBlockDeletingService.java:call(171)) - Added delete block command for datanode 3258574c-39ac-4ed5-9145-ea59a337c299 in the queue, number of delete block transactions: 3, TxID list: 1,2,3
2019-09-02 06:31:14,031 [SCMBlockDeletingService#1] INFO  block.SCMBlockDeletingService (SCMBlockDeletingService.java:call(182)) - Totally added 3 delete blocks command for 1 datanodes, task elapsed time: 1ms
2019-09-02 06:31:14,037 [pool-7-thread-4] INFO  commands.RetriableDatanodeEventWatcher (RetriableDatanodeEventWatcher.java:onTimeout(47)) - RetriableDatanodeCommand type=deleteBlocksCommand with id=1567405864516 timed out. Retrying.
2019-09-02 06:31:14,052 [pool-7-thread-4] INFO  commands.RetriableDatanodeEventWatcher (RetriableDatanodeEventWatcher.java:onTimeout(47)) - RetriableDatanodeCommand type=deleteBlocksCommand with id=1567405864526 timed out. Retrying.
2019-09-02 06:31:14,068 [pool-7-thread-4] INFO  commands.RetriableDatanodeEventWatcher (RetriableDatanodeEventWatcher.java:onTimeout(47)) - RetriableDatanodeCommand type=deleteBlocksCommand with id=1567405864536 timed out. Retrying.
2019-09-02 06:31:14,083 [pool-7-thread-4] INFO  commands.RetriableDatanodeEventWatcher (RetriableDatanodeEventWatcher.java:onTimeout(47)) - RetriableDatanodeCommand type=deleteBlocksCommand with id=1567405864546 timed out. Retrying.
2019-09-02 06:31:14,095 [pool-7-thread-4] INFO  commands.RetriableDatanodeEventWatcher (RetriableDatanodeEventWatcher.java:onTimeout(47)) - RetriableDatanodeCommand type=deleteBlocksCommand with id=1567405864556 timed out. Retrying.
2019-09-02 06:31:14,101 [pool-7-thread-4] INFO  commands.RetriableDatanodeEventWatcher (RetriableDatanodeEventWatcher.java:onTimeout(47)) - RetriableDatanodeCommand type=deleteBlocksCommand with id=1567405864575 timed out. Retrying.
2019-09-02 06:31:14,117 [pool-7-thread-4] INFO  commands.RetriableDatanodeEventWatcher (RetriableDatanodeEventWatcher.java:onTimeout(47)) - RetriableDatanodeCommand type=deleteBlocksCommand with id=1567405864585 timed out. Retrying.
2019-09-02 06:31:14,131 [SCMBlockDeletingService#1] DEBUG block.SCMBlockDeletingService (SCMBlockDeletingService.java:call(138)) - Running DeletedBlockTransactionScanner
2019-09-02 06:31:14,132 [SCMBlockDeletingService#1] DEBUG block.SCMBlockDeletingService (SCMBlockDeletingService.java:call(155)) - Scanned deleted blocks log and got 3 delTX to process.
2019-09-02 06:31:14,132 [SCMBlockDeletingService#1] DEBUG block.SCMBlockDeletingService (SCMBlockDeletingService.java:call(171)) - Added delete block command for datanode 3258574c-39ac-4ed5-9145-ea59a337c299 in the queue, number of delete block transactions: 3, TxID list: 1,2,3
2019-09-02 06:31:14,132 [SCMBlockDeletingService#1] INFO  block.SCMBlockDeletingService (SCMBlockDeletingService.java:call(182)) - Totally added 3 delete blocks command for 1 datanodes, task elapsed time: 2ms
2019-09-02 06:31:14,188 [pool-7-thread-4] INFO  commands.RetriableDatanodeEventWatcher (RetriableDatanodeEventWatcher.java:onTimeout(47)) - RetriableDatanodeCommand type=deleteBlocksCommand with id=1567405864517 timed out. Retrying.
2019-09-02 06:31:14,189 [pool-7-thread-3] INFO  commands.RetriableDatanodeEventWatcher (RetriableDatanodeEventWatcher.java:onTimeout(47)) - RetriableDatanodeCommand type=deleteBlocksCommand with id=1567405864527 timed out. Retrying.
2019-09-02 06:31:14,189 [pool-7-thread-3] INFO  commands.RetriableDatanodeEventWatcher (RetriableDatanodeEventWatcher.java:onTimeout(47)) - RetriableDatanodeCommand type=deleteBlocksCommand with id=1567405864537 timed out. Retrying.
2019-09-02 06:31:14,189 [pool-7-thread-2] INFO  commands.RetriableDatanodeEventWatcher (RetriableDatanodeEventWatcher.java:onTimeout(47)) - RetriableDatanodeCommand type=deleteBlocksCommand with id=1567405864566 timed out. Retrying.
2019-09-02 06:31:14,189 [pool-7-thread-4] INFO  commands.RetriableDatanodeEventWatcher (RetriableDatanodeEventWatcher.java:onTimeout(47)) - RetriableDatanodeCommand type=deleteBlocksCommand with id=1567405864547 timed out. Retrying.
2019-09-02 06:31:14,190 [pool-7-thread-3] INFO  commands.RetriableDatanodeEventWatcher (RetriableDatanodeEventWatcher.java:onTimeout(47)) - RetriableDatanodeCommand type=deleteBlocksCommand with id=1567405864507 timed out. Retrying.
2019-09-02 06:31:14,198 [pool-7-thread-3] INFO  commands.RetriableDatanodeEventWatcher (RetriableDatanodeEventWatcher.java:onTimeout(47)) - RetriableDatanodeCommand type=deleteBlocksCommand with id=1567405864557 timed out. Retrying.
2019-09-02 06:31:14,203 [pool-7-thread-3] INFO  commands.RetriableDatanodeEventWatcher (RetriableDatanodeEventWatcher.java:onTimeout(47)) - RetriableDatanodeCommand type=deleteBlocksCommand with id=1567405864576 timed out. Retrying.
2019-09-02 06:31:14,219 [pool-7-thread-3] INFO  commands.RetriableDatanodeEventWatcher (RetriableDatanodeEventWatcher.java:onTimeout(47)) - RetriableDatanodeCommand type=deleteBlocksCommand with id=1567405864586 timed out. Retrying.
2019-09-02 06:31:14,223 [pool-7-thread-3] INFO  commands.RetriableDatanodeEventWatcher (RetriableDatanodeEventWatcher.java:onTimeout(47)) - RetriableDatanodeCommand type=deleteBlocksCommand with id=1567405864508 timed out. Retrying.
2019-09-02 06:31:14,233 [SCMBlockDeletingService#1] DEBUG block.SCMBlockDeletingService (SCMBlockDeletingService.java:call(138)) - Running DeletedBlockTransactionScanner
2019-09-02 06:31:14,233 [SCMBlockDeletingService#1] DEBUG block.SCMBlockDeletingService (SCMBlockDeletingService.java:call(155)) - Scanned deleted blocks log and got 3 delTX to process.
2019-09-02 06:31:14,234 [SCMBlockDeletingService#1] DEBUG block.SCMBlockDeletingService (SCMBlockDeletingService.java:call(171)) - Added delete block command for datanode 3258574c-39ac-4ed5-9145-ea59a337c299 in the queue, number of delete block transactions: 3, TxID list: 1,2,3
2019-09-02 06:31:14,234 [SCMBlockDeletingService#1] INFO  block.SCMBlockDeletingService (SCMBlockDeletingService.java:call(182)) - Totally added 3 delete blocks command for 1 datanodes, task elapsed time: 1ms
2019-09-02 06:31:14,241 [pool-7-thread-3] INFO  commands.RetriableDatanodeEventWatcher (RetriableDatanodeEventWatcher.java:onTimeout(47)) - RetriableDatanodeCommand type=deleteBlocksCommand with id=1567405864518 timed out. Retrying.
2019-09-02 06:31:14,255 [pool-7-thread-3] INFO  commands.RetriableDatanodeEventWatcher (RetriableDatanodeEventWatcher.java:onTimeout(47)) - RetriableDatanodeCommand type=deleteBlocksCommand with id=1567405864528 timed out. Retrying.
2019-09-02 06:31:14,270 [pool-7-thread-3] INFO  commands.RetriableDatanodeEventWatcher (RetriableDatanodeEventWatcher.java:onTimeout(47)) - RetriableDatanodeCommand type=deleteBlocksCommand with id=1567405864538 timed out. Retrying.
2019-09-02 06:31:14,284 [pool-7-thread-3] INFO  commands.RetriableDatanodeEventWatcher (RetriableDatanodeEventWatcher.java:onTimeout(47)) - RetriableDatanodeCommand type=deleteBlocksCommand with id=1567405864548 timed out. Retrying.
2019-09-02 06:31:14,288 [pool-7-thread-3] INFO  commands.RetriableDatanodeEventWatcher (RetriableDatanodeEventWatcher.java:onTimeout(47)) - RetriableDatanodeCommand type=deleteBlocksCommand with id=1567405864567 timed out. Retrying.
2019-09-02 06:31:14,300 [pool-7-thread-3] INFO  commands.RetriableDatanodeEventWatcher (RetriableDatanodeEventWatcher.java:onTimeout(47)) - RetriableDatanodeCommand type=deleteBlocksCommand with id=1567405864558 timed out. Retrying.
2019-09-02 06:31:14,302 [pool-7-thread-3] INFO  commands.RetriableDatanodeEventWatcher (RetriableDatanodeEventWatcher.java:onTimeout(47)) - RetriableDatanodeCommand type=deleteBlocksCommand with id=1567405864577 timed out. Retrying.
2019-09-02 06:31:14,306 [main] INFO  ozone.MiniOzoneClusterImpl (MiniOzoneClusterImpl.java:lambda$waitForClusterToBeReady$0(140)) - Waiting for cluster to be ready. Got 0 of 1 DN Heartbeats.
2019-09-02 06:31:14,315 [EventQueue-PendingDeleteStatusForPendingDeleteHandler] INFO  block.SCMBlockDeletingService (SCMBlockDeletingService.java:handlePendingDeletes(115)) - Block deletion txnID mismatch in datanode 3258574c-39ac-4ed5-9145-ea59a337c299 for containerID 1. Datanode delete txnID: 0, SCM txnID: 1
2019-09-02 06:31:14,316 [EventQueue-PendingDeleteStatusForPendingDeleteHandler] INFO  block.SCMBlockDeletingService (SCMBlockDeletingService.java:handlePendingDeletes(115)) - Block deletion txnID mismatch in datanode 3258574c-39ac-4ed5-9145-ea59a337c299 for containerID 2. Datanode delete txnID: 0, SCM txnID: 2
2019-09-02 06:31:14,316 [EventQueue-PendingDeleteStatusForPendingDeleteHandler] INFO  block.SCMBlockDeletingService (SCMBlockDeletingService.java:handlePendingDeletes(115)) - Block deletion txnID mismatch in datanode 3258574c-39ac-4ed5-9145-ea59a337c299 for containerID 3. Datanode delete txnID: 0, SCM txnID: 3
2019-09-02 06:31:14,320 [pool-7-thread-3] INFO  commands.RetriableDatanodeEventWatcher (RetriableDatanodeEventWatcher.java:onTimeout(47)) - RetriableDatanodeCommand type=deleteBlocksCommand with id=1567405864587 timed out. Retrying.
2019-09-02 06:31:14,324 [pool-7-thread-3] INFO  commands.RetriableDatanodeEventWatcher (RetriableDatanodeEventWatcher.java:onTimeout(47)) - RetriableDatanodeCommand type=deleteBlocksCommand with id=1567405864509 timed out. Retrying.
2019-09-02 06:31:14,334 [SCMBlockDeletingService#1] DEBUG block.SCMBlockDeletingService (SCMBlockDeletingService.java:call(138)) - Running DeletedBlockTransactionScanner
2019-09-02 06:31:14,335 [SCMBlockDeletingService#1] DEBUG block.SCMBlockDeletingService (SCMBlockDeletingService.java:call(155)) - Scanned deleted blocks log and got 3 delTX to process.
2019-09-02 06:31:14,335 [SCMBlockDeletingService#1] DEBUG block.SCMBlockDeletingService (SCMBlockDeletingService.java:call(171)) - Added delete block command for datanode 3258574c-39ac-4ed5-9145-ea59a337c299 in the queue, number of delete block transactions: 3, TxID list: 1,2,3
2019-09-02 06:31:14,336 [SCMBlockDeletingService#1] INFO  block.SCMBlockDeletingService (SCMBlockDeletingService.java:call(182)) - Totally added 3 delete blocks command for 1 datanodes, task elapsed time: 1ms
2019-09-02 06:31:14,339 [pool-7-thread-3] INFO  commands.RetriableDatanodeEventWatcher (RetriableDatanodeEventWatcher.java:onTimeout(47)) - RetriableDatanodeCommand type=deleteBlocksCommand with id=1567405864519 timed out. Retrying.
2019-09-02 06:31:14,356 [pool-7-thread-3] INFO  commands.RetriableDatanodeEventWatcher (RetriableDatanodeEventWatcher.java:onTimeout(47)) - RetriableDatanodeCommand type=deleteBlocksCommand with id=1567405864529 timed out. Retrying.
2019-09-02 06:31:14,372 [pool-7-thread-3] INFO  commands.RetriableDatanodeEventWatcher (RetriableDatanodeEventWatcher.java:onTimeout(47)) - RetriableDatanodeCommand type=deleteBlocksCommand with id=1567405864539 timed out. Retrying.
2019-09-02 06:31:14,386 [pool-7-thread-3] INFO  commands.RetriableDatanodeEventWatcher (RetriableDatanodeEventWatcher.java:onTimeout(47)) - RetriableDatanodeCommand type=deleteBlocksCommand with id=1567405864549 timed out. Retrying.
2019-09-02 06:31:14,389 [pool-7-thread-3] INFO  commands.RetriableDatanodeEventWatcher (RetriableDatanodeEventWatcher.java:onTimeout(47)) - RetriableDatanodeCommand type=deleteBlocksCommand with id=1567405864568 timed out. Retrying.
2019-09-02 06:31:14,403 [pool-7-thread-3] INFO  commands.RetriableDatanodeEventWatcher (RetriableDatanodeEventWatcher.java:onTimeout(47)) - RetriableDatanodeCommand type=deleteBlocksCommand with id=1567405864559 timed out. Retrying.
2019-09-02 06:31:14,406 [pool-7-thread-3] INFO  commands.RetriableDatanodeEventWatcher (RetriableDatanodeEventWatcher.java:onTimeout(47)) - RetriableDatanodeCommand type=deleteBlocksCommand with id=1567405864578 timed out. Retrying.
2019-09-02 06:31:14,422 [pool-7-thread-3] INFO  commands.RetriableDatanodeEventWatcher (RetriableDatanodeEventWatcher.java:onTimeout(47)) - RetriableDatanodeCommand type=deleteBlocksCommand with id=1567405864588 timed out. Retrying.
2019-09-02 06:31:14,426 [pool-7-thread-3] INFO  commands.RetriableDatanodeEventWatcher (RetriableDatanodeEventWatcher.java:onTimeout(47)) - RetriableDatanodeCommand type=deleteBlocksCommand with id=1567405864510 timed out. Retrying.
2019-09-02 06:31:14,436 [SCMBlockDeletingService#1] DEBUG block.SCMBlockDeletingService (SCMBlockDeletingService.java:call(138)) - Running DeletedBlockTransactionScanner
2019-09-02 06:31:14,436 [SCMBlockDeletingService#1] DEBUG block.SCMBlockDeletingService (SCMBlockDeletingService.java:call(155)) - Scanned deleted blocks log and got 3 delTX to process.
2019-09-02 06:31:14,437 [SCMBlockDeletingService#1] DEBUG block.SCMBlockDeletingService (SCMBlockDeletingService.java:call(171)) - Added delete block command for datanode 3258574c-39ac-4ed5-9145-ea59a337c299 in the queue, number of delete block transactions: 3, TxID list: 1,2,3
2019-09-02 06:31:14,437 [SCMBlockDeletingService#1] INFO  block.SCMBlockDeletingService (SCMBlockDeletingService.java:call(182)) - Totally added 3 delete blocks command for 1 datanodes, task elapsed time: 1ms
2019-09-02 06:31:14,440 [pool-7-thread-3] INFO  commands.RetriableDatanodeEventWatcher (RetriableDatanodeEventWatcher.java:onTimeout(47)) - RetriableDatanodeCommand type=deleteBlocksCommand with id=1567405864520 timed out. Retrying.
2019-09-02 06:31:14,459 [pool-7-thread-3] INFO  commands.RetriableDatanodeEventWatcher (RetriableDatanodeEventWatcher.java:onTimeout(47)) - RetriableDatanodeCommand type=deleteBlocksCommand with id=1567405864530 timed out. Retrying.
2019-09-02 06:31:14,472 [pool-7-thread-3] INFO  commands.RetriableDatanodeEventWatcher (RetriableDatanodeEventWatcher.java:onTimeout(47)) - RetriableDatanodeCommand type=deleteBlocksCommand with id=1567405864540 timed out. Retrying.
2019-09-02 06:31:14,489 [pool-7-thread-3] INFO  commands.RetriableDatanodeEventWatcher (RetriableDatanodeEventWatcher.java:onTimeout(47)) - RetriableDatanodeCommand type=deleteBlocksCommand with id=1567405864550 timed out. Retrying.
2019-09-02 06:31:14,490 [pool-7-thread-4] INFO  commands.RetriableDatanodeEventWatcher (RetriableDatanodeEventWatcher.java:onTimeout(47)) - RetriableDatanodeCommand type=deleteBlocksCommand with id=1567405864569 timed out. Retrying.
2019-09-02 06:31:14,505 [pool-7-thread-4] INFO  commands.RetriableDatanodeEventWatcher (RetriableDatanodeEventWatcher.java:onTimeout(47)) - RetriableDatanodeCommand type=deleteBlocksCommand with id=1567405864560 timed out. Retrying.
2019-09-02 06:31:14,508 [pool-7-thread-4] INFO  commands.RetriableDatanodeEventWatcher (RetriableDatanodeEventWatcher.java:onTimeout(47)) - RetriableDatanodeCommand type=deleteBlocksCommand with id=1567405864579 timed out. Retrying.
2019-09-02 06:31:14,508 [pool-7-thread-3] INFO  commands.RetriableDatanodeEventWatcher (RetriableDatanodeEventWatcher.java:onTimeout(47)) - RetriableDatanodeCommand type=deleteBlocksCommand with id=1567405864501 timed out. Retrying.
2019-09-02 06:31:14,523 [pool-7-thread-3] INFO  commands.RetriableDatanodeEventWatcher (RetriableDatanodeEventWatcher.java:onTimeout(47)) - RetriableDatanodeCommand type=deleteBlocksCommand with id=1567405864589 timed out. Retrying.
2019-09-02 06:31:14,529 [pool-7-thread-3] INFO  commands.RetriableDatanodeEventWatcher (RetriableDatanodeEventWatcher.java:onTimeout(47)) - RetriableDatanodeCommand type=deleteBlocksCommand with id=1567405864511 timed out. Retrying.
2019-09-02 06:31:14,537 [SCMBlockDeletingService#1] DEBUG block.SCMBlockDeletingService (SCMBlockDeletingService.java:call(138)) - Running DeletedBlockTransactionScanner
2019-09-02 06:31:14,538 [SCMBlockDeletingService#1] DEBUG block.SCMBlockDeletingService (SCMBlockDeletingService.java:call(155)) - Scanned deleted blocks log and got 3 delTX to process.
2019-09-02 06:31:14,538 [SCMBlockDeletingService#1] DEBUG block.SCMBlockDeletingService (SCMBlockDeletingService.java:call(171)) - Added delete block command for datanode 3258574c-39ac-4ed5-9145-ea59a337c299 in the queue, number of delete block transactions: 3, TxID list: 1,2,3
2019-09-02 06:31:14,539 [SCMBlockDeletingService#1] INFO  block.SCMBlockDeletingService (SCMBlockDeletingService.java:call(182)) - Totally added 3 delete blocks command for 1 datanodes, task elapsed time: 1ms
2019-09-02 06:31:14,544 [pool-7-thread-3] INFO  commands.RetriableDatanodeEventWatcher (RetriableDatanodeEventWatcher.java:onTimeout(47)) - RetriableDatanodeCommand type=deleteBlocksCommand with id=1567405864521 timed out. Retrying.
2019-09-02 06:31:14,557 [pool-7-thread-3] INFO  commands.RetriableDatanodeEventWatcher (RetriableDatanodeEventWatcher.java:onTimeout(47)) - RetriableDatanodeCommand type=deleteBlocksCommand with id=1567405864531 timed out. Retrying.
2019-09-02 06:31:14,574 [pool-7-thread-3] INFO  commands.RetriableDatanodeEventWatcher (RetriableDatanodeEventWatcher.java:onTimeout(47)) - RetriableDatanodeCommand type=deleteBlocksCommand with id=1567405864541 timed out. Retrying.
2019-09-02 06:31:14,589 [pool-7-thread-3] INFO  commands.RetriableDatanodeEventWatcher (RetriableDatanodeEventWatcher.java:onTimeout(47)) - RetriableDatanodeCommand type=deleteBlocksCommand with id=1567405864551 timed out. Retrying.
2019-09-02 06:31:14,593 [pool-7-thread-3] INFO  commands.RetriableDatanodeEventWatcher (RetriableDatanodeEventWatcher.java:onTimeout(47)) - RetriableDatanodeCommand type=deleteBlocksCommand with id=1567405864570 timed out. Retrying.
2019-09-02 06:31:14,606 [pool-7-thread-3] INFO  commands.RetriableDatanodeEventWatcher (RetriableDatanodeEventWatcher.java:onTimeout(47)) - RetriableDatanodeCommand type=deleteBlocksCommand with id=1567405864561 timed out. Retrying.
2019-09-02 06:31:14,609 [pool-7-thread-3] INFO  commands.RetriableDatanodeEventWatcher (RetriableDatanodeEventWatcher.java:onTimeout(47)) - RetriableDatanodeCommand type=deleteBlocksCommand with id=1567405864580 timed out. Retrying.
2019-09-02 06:31:14,614 [pool-7-thread-3] INFO  commands.RetriableDatanodeEventWatcher (RetriableDatanodeEventWatcher.java:onTimeout(47)) - RetriableDatanodeCommand type=deleteBlocksCommand with id=1567405864502 timed out. Retrying.
2019-09-02 06:31:14,625 [pool-7-thread-3] INFO  commands.RetriableDatanodeEventWatcher (RetriableDatanodeEventWatcher.java:onTimeout(47)) - RetriableDatanodeCommand type=deleteBlocksCommand with id=1567405864590 timed out. Retrying.
2019-09-02 06:31:14,626 [pool-7-thread-4] INFO  commands.RetriableDatanodeEventWatcher (RetriableDatanodeEventWatcher.java:onTimeout(47)) - RetriableDatanodeCommand type=deleteBlocksCommand with id=1567405864512 timed out. Retrying.
2019-09-02 06:31:14,639 [SCMBlockDeletingService#1] DEBUG block.SCMBlockDeletingService (SCMBlockDeletingService.java:call(138)) - Running DeletedBlockTransactionScanner
2019-09-02 06:31:14,640 [SCMBlockDeletingService#1] DEBUG block.SCMBlockDeletingService (SCMBlockDeletingService.java:call(155)) - Scanned deleted blocks log and got 3 delTX to process.
2019-09-02 06:31:14,640 [SCMBlockDeletingService#1] DEBUG block.SCMBlockDeletingService (SCMBlockDeletingService.java:call(171)) - Added delete block command for datanode 3258574c-39ac-4ed5-9145-ea59a337c299 in the queue, number of delete block transactions: 3, TxID list: 1,2,3
2019-09-02 06:31:14,640 [SCMBlockDeletingService#1] INFO  block.SCMBlockDeletingService (SCMBlockDeletingService.java:call(182)) - Totally added 3 delete blocks command for 1 datanodes, task elapsed time: 1ms
2019-09-02 06:31:14,647 [pool-7-thread-4] INFO  commands.RetriableDatanodeEventWatcher (RetriableDatanodeEventWatcher.java:onTimeout(47)) - RetriableDatanodeCommand type=deleteBlocksCommand with id=1567405864522 timed out. Retrying.
2019-09-02 06:31:14,660 [pool-7-thread-4] INFO  commands.RetriableDatanodeEventWatcher (RetriableDatanodeEventWatcher.java:onTimeout(47)) - RetriableDatanodeCommand type=deleteBlocksCommand with id=1567405864532 timed out. Retrying.
2019-09-02 06:31:14,676 [pool-7-thread-4] INFO  commands.RetriableDatanodeEventWatcher (RetriableDatanodeEventWatcher.java:onTimeout(47)) - RetriableDatanodeCommand type=deleteBlocksCommand with id=1567405864542 timed out. Retrying.
2019-09-02 06:31:14,690 [pool-7-thread-4] INFO  commands.RetriableDatanodeEventWatcher (RetriableDatanodeEventWatcher.java:onTimeout(47)) - RetriableDatanodeCommand type=deleteBlocksCommand with id=1567405864552 timed out. Retrying.
2019-09-02 06:31:14,694 [pool-7-thread-4] INFO  commands.RetriableDatanodeEventWatcher (RetriableDatanodeEventWatcher.java:onTimeout(47)) - RetriableDatanodeCommand type=deleteBlocksCommand with id=1567405864571 timed out. Retrying.
2019-09-02 06:31:14,708 [pool-7-thread-4] INFO  commands.RetriableDatanodeEventWatcher (RetriableDatanodeEventWatcher.java:onTimeout(47)) - RetriableDatanodeCommand type=deleteBlocksCommand with id=1567405864562 timed out. Retrying.
2019-09-02 06:31:14,711 [pool-7-thread-3] INFO  commands.RetriableDatanodeEventWatcher (RetriableDatanodeEventWatcher.java:onTimeout(47)) - RetriableDatanodeCommand type=deleteBlocksCommand with id=1567405864503 timed out. Retrying.
2019-09-02 06:31:14,712 [pool-7-thread-4] INFO  commands.RetriableDatanodeEventWatcher (RetriableDatanodeEventWatcher.java:onTimeout(47)) - RetriableDatanodeCommand type=deleteBlocksCommand with id=1567405864581 timed out. Retrying.
2019-09-02 06:31:14,726 [pool-7-thread-4] INFO  commands.RetriableDatanodeEventWatcher (RetriableDatanodeEventWatcher.java:onTimeout(47)) - RetriableDatanodeCommand type=deleteBlocksCommand with id=1567405864591 timed out. Retrying.
2019-09-02 06:31:14,730 [pool-7-thread-4] INFO  commands.RetriableDatanodeEventWatcher (RetriableDatanodeEventWatcher.java:onTimeout(47)) - RetriableDatanodeCommand type=deleteBlocksCommand with id=1567405864513 timed out. Retrying.
2019-09-02 06:31:14,741 [SCMBlockDeletingService#1] DEBUG block.SCMBlockDeletingService (SCMBlockDeletingService.java:call(138)) - Running DeletedBlockTransactionScanner
2019-09-02 06:31:14,741 [SCMBlockDeletingService#1] DEBUG block.SCMBlockDeletingService (SCMBlockDeletingService.java:call(155)) - Scanned deleted blocks log and got 3 delTX to process.
2019-09-02 06:31:14,741 [SCMBlockDeletingService#1] DEBUG block.SCMBlockDeletingService (SCMBlockDeletingService.java:call(171)) - Added delete block command for datanode 3258574c-39ac-4ed5-9145-ea59a337c299 in the queue, number of delete block transactions: 3, TxID list: 1,2,3
2019-09-02 06:31:14,742 [SCMBlockDeletingService#1] INFO  block.SCMBlockDeletingService (SCMBlockDeletingService.java:call(182)) - Totally added 3 delete blocks command for 1 datanodes, task elapsed time: 1ms
2019-09-02 06:31:14,745 [pool-7-thread-4] INFO  commands.RetriableDatanodeEventWatcher (RetriableDatanodeEventWatcher.java:onTimeout(47)) - RetriableDatanodeCommand type=deleteBlocksCommand with id=1567405864523 timed out. Retrying.
2019-09-02 06:31:14,762 [pool-7-thread-4] INFO  commands.RetriableDatanodeEventWatcher (RetriableDatanodeEventWatcher.java:onTimeout(47)) - RetriableDatanodeCommand type=deleteBlocksCommand with id=1567405864533 timed out. Retrying.
2019-09-02 06:31:14,777 [pool-7-thread-4] INFO  commands.RetriableDatanodeEventWatcher (RetriableDatanodeEventWatcher.java:onTimeout(47)) - RetriableDatanodeCommand type=deleteBlocksCommand with id=1567405864543 timed out. Retrying.
2019-09-02 06:31:14,791 [pool-7-thread-4] INFO  commands.RetriableDatanodeEventWatcher (RetriableDatanodeEventWatcher.java:onTimeout(47)) - RetriableDatanodeCommand type=deleteBlocksCommand with id=1567405864553 timed out. Retrying.
2019-09-02 06:31:14,795 [pool-7-thread-4] INFO  commands.RetriableDatanodeEventWatcher (RetriableDatanodeEventWatcher.java:onTimeout(47)) - RetriableDatanodeCommand type=deleteBlocksCommand with id=1567405864572 timed out. Retrying.
2019-09-02 06:31:14,809 [pool-7-thread-4] INFO  commands.RetriableDatanodeEventWatcher (RetriableDatanodeEventWatcher.java:onTimeout(47)) - RetriableDatanodeCommand type=deleteBlocksCommand with id=1567405864563 timed out. Retrying.
2019-09-02 06:31:14,813 [pool-7-thread-4] INFO  commands.RetriableDatanodeEventWatcher (RetriableDatanodeEventWatcher.java:onTimeout(47)) - RetriableDatanodeCommand type=deleteBlocksCommand with id=1567405864582 timed out. Retrying.
2019-09-02 06:31:14,816 [pool-7-thread-4] INFO  commands.RetriableDatanodeEventWatcher (RetriableDatanodeEventWatcher.java:onTimeout(47)) - RetriableDatanodeCommand type=deleteBlocksCommand with id=1567405864504 timed out. Retrying.
2019-09-02 06:31:14,828 [pool-7-thread-4] INFO  commands.RetriableDatanodeEventWatcher (RetriableDatanodeEventWatcher.java:onTimeout(47)) - RetriableDatanodeCommand type=deleteBlocksCommand with id=1567405864592 timed out. Retrying.
2019-09-02 06:31:14,832 [pool-7-thread-4] INFO  commands.RetriableDatanodeEventWatcher (RetriableDatanodeEventWatcher.java:onTimeout(47)) - RetriableDatanodeCommand type=deleteBlocksCommand with id=1567405864514 timed out. Retrying.
2019-09-02 06:31:14,842 [SCMBlockDeletingService#1] DEBUG block.SCMBlockDeletingService (SCMBlockDeletingService.java:call(138)) - Running DeletedBlockTransactionScanner
2019-09-02 06:31:14,843 [SCMBlockDeletingService#1] DEBUG block.SCMBlockDeletingService (SCMBlockDeletingService.java:call(155)) - Scanned deleted blocks log and got 3 delTX to process.
2019-09-02 06:31:14,843 [SCMBlockDeletingService#1] DEBUG block.SCMBlockDeletingService (SCMBlockDeletingService.java:call(171)) - Added delete block command for datanode 3258574c-39ac-4ed5-9145-ea59a337c299 in the queue, number of delete block transactions: 3, TxID list: 1,2,3
2019-09-02 06:31:14,843 [SCMBlockDeletingService#1] INFO  block.SCMBlockDeletingService (SCMBlockDeletingService.java:call(182)) - Totally added 3 delete blocks command for 1 datanodes, task elapsed time: 2ms
2019-09-02 06:31:14,849 [pool-7-thread-4] INFO  commands.RetriableDatanodeEventWatcher (RetriableDatanodeEventWatcher.java:onTimeout(47)) - RetriableDatanodeCommand type=deleteBlocksCommand with id=1567405864524 timed out. Retrying.
2019-09-02 06:31:14,862 [pool-7-thread-4] INFO  commands.RetriableDatanodeEventWatcher (RetriableDatanodeEventWatcher.java:onTimeout(47)) - RetriableDatanodeCommand type=deleteBlocksCommand with id=1567405864534 timed out. Retrying.
2019-09-02 06:31:14,878 [pool-7-thread-4] INFO  commands.RetriableDatanodeEventWatcher (RetriableDatanodeEventWatcher.java:onTimeout(47)) - RetriableDatanodeCommand type=deleteBlocksCommand with id=1567405864544 timed out. Retrying.
2019-09-02 06:31:14,894 [pool-7-thread-4] INFO  commands.RetriableDatanodeEventWatcher (RetriableDatanodeEventWatcher.java:onTimeout(47)) - RetriableDatanodeCommand type=deleteBlocksCommand with id=1567405864554 timed out. Retrying.
2019-09-02 06:31:14,900 [pool-7-thread-4] INFO  commands.RetriableDatanodeEventWatcher (RetriableDatanodeEventWatcher.java:onTimeout(47)) - RetriableDatanodeCommand type=deleteBlocksCommand with id=1567405864573 timed out. Retrying.
2019-09-02 06:31:14,910 [pool-7-thread-4] INFO  commands.RetriableDatanodeEventWatcher (RetriableDatanodeEventWatcher.java:onTimeout(47)) - RetriableDatanodeCommand type=deleteBlocksCommand with id=1567405864564 timed out. Retrying.
2019-09-02 06:31:14,914 [pool-7-thread-4] INFO  commands.RetriableDatanodeEventWatcher (RetriableDatanodeEventWatcher.java:onTimeout(47)) - RetriableDatanodeCommand type=deleteBlocksCommand with id=1567405864583 timed out. Retrying.
2019-09-02 06:31:14,918 [pool-7-thread-4] INFO  commands.RetriableDatanodeEventWatcher (RetriableDatanodeEventWatcher.java:onTimeout(47)) - RetriableDatanodeCommand type=deleteBlocksCommand with id=1567405864505 timed out. Retrying.
2019-09-02 06:31:14,929 [pool-7-thread-4] INFO  commands.RetriableDatanodeEventWatcher (RetriableDatanodeEventWatcher.java:onTimeout(47)) - RetriableDatanodeCommand type=deleteBlocksCommand with id=1567405864593 timed out. Retrying.
2019-09-02 06:31:14,929 [pool-7-thread-3] INFO  commands.RetriableDatanodeEventWatcher (RetriableDatanodeEventWatcher.java:onTimeout(47)) - RetriableDatanodeCommand type=deleteBlocksCommand with id=1567405864515 timed out. Retrying.
2019-09-02 06:31:14,944 [SCMBlockDeletingService#1] DEBUG block.SCMBlockDeletingService (SCMBlockDeletingService.java:call(138)) - Running DeletedBlockTransactionScanner
2019-09-02 06:31:14,944 [SCMBlockDeletingService#1] DEBUG block.SCMBlockDeletingService (SCMBlockDeletingService.java:call(155)) - Scanned deleted blocks log and got 3 delTX to process.
2019-09-02 06:31:14,945 [SCMBlockDeletingService#1] DEBUG block.SCMBlockDeletingService (SCMBlockDeletingService.java:call(171)) - Added delete block command for datanode 3258574c-39ac-4ed5-9145-ea59a337c299 in the queue, number of delete block transactions: 3, TxID list: 1,2,3
2019-09-02 06:31:14,945 [SCMBlockDeletingService#1] INFO  block.SCMBlockDeletingService (SCMBlockDeletingService.java:call(182)) - Totally added 3 delete blocks command for 1 datanodes, task elapsed time: 1ms
2019-09-02 06:31:14,950 [pool-7-thread-3] INFO  commands.RetriableDatanodeEventWatcher (RetriableDatanodeEventWatcher.java:onTimeout(47)) - RetriableDatanodeCommand type=deleteBlocksCommand with id=1567405864525 timed out. Retrying.
2019-09-02 06:31:14,964 [pool-7-thread-3] INFO  commands.RetriableDatanodeEventWatcher (RetriableDatanodeEventWatcher.java:onTimeout(47)) - RetriableDatanodeCommand type=deleteBlocksCommand with id=1567405864535 timed out. Retrying.
2019-09-02 06:31:14,982 [pool-7-thread-3] INFO  commands.RetriableDatanodeEventWatcher (RetriableDatanodeEventWatcher.java:onTimeout(47)) - RetriableDatanodeCommand type=deleteBlocksCommand with id=1567405864545 timed out. Retrying.
2019-09-02 06:31:14,996 [pool-7-thread-3] INFO  commands.RetriableDatanodeEventWatcher (RetriableDatanodeEventWatcher.java:onTimeout(47)) - RetriableDatanodeCommand type=deleteBlocksCommand with id=1567405864555 timed out. Retrying.
2019-09-02 06:31:14,999 [pool-7-thread-3] INFO  commands.RetriableDatanodeEventWatcher (RetriableDatanodeEventWatcher.java:onTimeout(47)) - RetriableDatanodeCommand type=deleteBlocksCommand with id=1567405864574 timed out. Retrying.
2019-09-02 06:31:15,014 [pool-7-thread-3] INFO  commands.RetriableDatanodeEventWatcher (RetriableDatanodeEventWatcher.java:onTimeout(47)) - RetriableDatanodeCommand type=deleteBlocksCommand with id=1567405864565 timed out. Retrying.
2019-09-02 06:31:15,016 [pool-7-thread-3] INFO  commands.RetriableDatanodeEventWatcher (RetriableDatanodeEventWatcher.java:onTimeout(47)) - RetriableDatanodeCommand type=deleteBlocksCommand with id=1567405864584 timed out. Retrying.
2019-09-02 06:31:15,017 [pool-7-thread-4] INFO  commands.RetriableDatanodeEventWatcher (RetriableDatanodeEventWatcher.java:onTimeout(47)) - RetriableDatanodeCommand type=deleteBlocksCommand with id=1567405864506 timed out. Retrying.
2019-09-02 06:31:15,031 [pool-7-thread-4] INFO  commands.RetriableDatanodeEventWatcher (RetriableDatanodeEventWatcher.java:onTimeout(47)) - RetriableDatanodeCommand type=deleteBlocksCommand with id=1567405864594 timed out. Retrying.
2019-09-02 06:31:15,037 [pool-7-thread-4] INFO  commands.RetriableDatanodeEventWatcher (RetriableDatanodeEventWatcher.java:onTimeout(47)) - RetriableDatanodeCommand type=deleteBlocksCommand with id=1567405864516 timed out. Retrying.
2019-09-02 06:31:15,045 [SCMBlockDeletingService#1] DEBUG block.SCMBlockDeletingService (SCMBlockDeletingService.java:call(138)) - Running DeletedBlockTransactionScanner
2019-09-02 06:31:15,046 [SCMBlockDeletingService#1] DEBUG block.SCMBlockDeletingService (SCMBlockDeletingService.java:call(155)) - Scanned deleted blocks log and got 3 delTX to process.
2019-09-02 06:31:15,046 [SCMBlockDeletingService#1] DEBUG block.SCMBlockDeletingService (SCMBlockDeletingService.java:call(171)) - Added delete block command for datanode 3258574c-39ac-4ed5-9145-ea59a337c299 in the queue, number of delete block transactions: 3, TxID list: 1,2,3
2019-09-02 06:31:15,047 [SCMBlockDeletingService#1] INFO  block.SCMBlockDeletingService (SCMBlockDeletingService.java:call(182)) - Totally added 3 delete blocks command for 1 datanodes, task elapsed time: 1ms
2019-09-02 06:31:15,052 [pool-7-thread-4] INFO  commands.RetriableDatanodeEventWatcher (RetriableDatanodeEventWatcher.java:onTimeout(47)) - RetriableDatanodeCommand type=deleteBlocksCommand with id=1567405864526 timed out. Retrying.
2019-09-02 06:31:15,068 [pool-7-thread-4] INFO  commands.RetriableDatanodeEventWatcher (RetriableDatanodeEventWatcher.java:onTimeout(47)) - RetriableDatanodeCommand type=deleteBlocksCommand with id=1567405864536 timed out. Retrying.
2019-09-02 06:31:15,084 [pool-7-thread-4] INFO  commands.RetriableDatanodeEventWatcher (RetriableDatanodeEventWatcher.java:onTimeout(47)) - RetriableDatanodeCommand type=deleteBlocksCommand with id=1567405864546 timed out. Retrying.
2019-09-02 06:31:15,096 [pool-7-thread-4] INFO  commands.RetriableDatanodeEventWatcher (RetriableDatanodeEventWatcher.java:onTimeout(47)) - RetriableDatanodeCommand type=deleteBlocksCommand with id=1567405864556 timed out. Retrying.
2019-09-02 06:31:15,101 [pool-7-thread-4] INFO  commands.RetriableDatanodeEventWatcher (RetriableDatanodeEventWatcher.java:onTimeout(47)) - RetriableDatanodeCommand type=deleteBlocksCommand with id=1567405864575 timed out. Retrying.
2019-09-02 06:31:15,118 [pool-7-thread-4] INFO  commands.RetriableDatanodeEventWatcher (RetriableDatanodeEventWatcher.java:onTimeout(47)) - RetriableDatanodeCommand type=deleteBlocksCommand with id=1567405864585 timed out. Retrying.
2019-09-02 06:31:15,132 [pool-7-thread-4] INFO  commands.RetriableDatanodeEventWatcher (RetriableDatanodeEventWatcher.java:onTimeout(47)) - RetriableDatanodeCommand type=deleteBlocksCommand with id=1567405864595 timed out. Retrying.
2019-09-02 06:31:15,147 [SCMBlockDeletingService#1] DEBUG block.SCMBlockDeletingService (SCMBlockDeletingService.java:call(138)) - Running DeletedBlockTransactionScanner
2019-09-02 06:31:15,147 [SCMBlockDeletingService#1] DEBUG block.SCMBlockDeletingService (SCMBlockDeletingService.java:call(155)) - Scanned deleted blocks log and got 3 delTX to process.
2019-09-02 06:31:15,148 [SCMBlockDeletingService#1] DEBUG block.SCMBlockDeletingService (SCMBlockDeletingService.java:call(171)) - Added delete block command for datanode 3258574c-39ac-4ed5-9145-ea59a337c299 in the queue, number of delete block transactions: 3, TxID list: 1,2,3
2019-09-02 06:31:15,148 [SCMBlockDeletingService#1] INFO  block.SCMBlockDeletingService (SCMBlockDeletingService.java:call(182)) - Totally added 3 delete blocks command for 1 datanodes, task elapsed time: 1ms
2019-09-02 06:31:15,189 [pool-7-thread-3] INFO  commands.RetriableDatanodeEventWatcher (RetriableDatanodeEventWatcher.java:onTimeout(47)) - RetriableDatanodeCommand type=deleteBlocksCommand with id=1567405864527 timed out. Retrying.
2019-09-02 06:31:15,189 [pool-7-thread-4] INFO  commands.RetriableDatanodeEventWatcher (RetriableDatanodeEventWatcher.java:onTimeout(47)) - RetriableDatanodeCommand type=deleteBlocksCommand with id=1567405864517 timed out. Retrying.
2019-09-02 06:31:15,190 [pool-7-thread-2] INFO  commands.RetriableDatanodeEventWatcher (RetriableDatanodeEventWatcher.java:onTimeout(47)) - RetriableDatanodeCommand type=deleteBlocksCommand with id=1567405864537 timed out. Retrying.
2019-09-02 06:31:15,190 [pool-7-thread-3] INFO  commands.RetriableDatanodeEventWatcher (RetriableDatanodeEventWatcher.java:onTimeout(47)) - RetriableDatanodeCommand type=deleteBlocksCommand with id=1567405864566 timed out. Retrying.
2019-09-02 06:31:15,191 [pool-7-thread-4] INFO  commands.RetriableDatanodeEventWatcher (RetriableDatanodeEventWatcher.java:onTimeout(47)) - RetriableDatanodeCommand type=deleteBlocksCommand with id=1567405864547 timed out. Retrying.
2019-09-02 06:31:15,191 [pool-7-thread-1] INFO  commands.RetriableDatanodeEventWatcher (RetriableDatanodeEventWatcher.java:onTimeout(47)) - RetriableDatanodeCommand type=deleteBlocksCommand with id=1567405864507 timed out. Retrying.
2019-09-02 06:31:15,199 [pool-7-thread-1] INFO  commands.RetriableDatanodeEventWatcher (RetriableDatanodeEventWatcher.java:onTimeout(47)) - RetriableDatanodeCommand type=deleteBlocksCommand with id=1567405864557 timed out. Retrying.
2019-09-02 06:31:15,203 [pool-7-thread-1] INFO  commands.RetriableDatanodeEventWatcher (RetriableDatanodeEventWatcher.java:onTimeout(47)) - RetriableDatanodeCommand type=deleteBlocksCommand with id=1567405864576 timed out. Retrying.
2019-09-02 06:31:15,220 [pool-7-thread-1] INFO  commands.RetriableDatanodeEventWatcher (RetriableDatanodeEventWatcher.java:onTimeout(47)) - RetriableDatanodeCommand type=deleteBlocksCommand with id=1567405864586 timed out. Retrying.
2019-09-02 06:31:15,223 [pool-7-thread-1] INFO  commands.RetriableDatanodeEventWatcher (RetriableDatanodeEventWatcher.java:onTimeout(47)) - RetriableDatanodeCommand type=deleteBlocksCommand with id=1567405864508 timed out. Retrying.
2019-09-02 06:31:15,234 [pool-7-thread-1] INFO  commands.RetriableDatanodeEventWatcher (RetriableDatanodeEventWatcher.java:onTimeout(47)) - RetriableDatanodeCommand type=deleteBlocksCommand with id=1567405864596 timed out. Retrying.
2019-09-02 06:31:15,240 [pool-7-thread-1] INFO  commands.RetriableDatanodeEventWatcher (RetriableDatanodeEventWatcher.java:onTimeout(47)) - RetriableDatanodeCommand type=deleteBlocksCommand with id=1567405864518 timed out. Retrying.
2019-09-02 06:31:15,248 [SCMBlockDeletingService#1] DEBUG block.SCMBlockDeletingService (SCMBlockDeletingService.java:call(138)) - Running DeletedBlockTransactionScanner
2019-09-02 06:31:15,249 [SCMBlockDeletingService#1] DEBUG block.SCMBlockDeletingService (SCMBlockDeletingService.java:call(155)) - Scanned deleted blocks log and got 3 delTX to process.
2019-09-02 06:31:15,249 [SCMBlockDeletingService#1] DEBUG block.SCMBlockDeletingService (SCMBlockDeletingService.java:call(171)) - Added delete block command for datanode 3258574c-39ac-4ed5-9145-ea59a337c299 in the queue, number of delete block transactions: 3, TxID list: 1,2,3
2019-09-02 06:31:15,249 [SCMBlockDeletingService#1] INFO  block.SCMBlockDeletingService (SCMBlockDeletingService.java:call(182)) - Totally added 3 delete blocks command for 1 datanodes, task elapsed time: 2ms
2019-09-02 06:31:15,255 [pool-7-thread-1] INFO  commands.RetriableDatanodeEventWatcher (RetriableDatanodeEventWatcher.java:onTimeout(47)) - RetriableDatanodeCommand type=deleteBlocksCommand with id=1567405864528 timed out. Retrying.
2019-09-02 06:31:15,270 [pool-7-thread-1] INFO  commands.RetriableDatanodeEventWatcher (RetriableDatanodeEventWatcher.java:onTimeout(47)) - RetriableDatanodeCommand type=deleteBlocksCommand with id=1567405864538 timed out. Retrying.
2019-09-02 06:31:15,284 [pool-7-thread-1] INFO  commands.RetriableDatanodeEventWatcher (RetriableDatanodeEventWatcher.java:onTimeout(47)) - RetriableDatanodeCommand type=deleteBlocksCommand with id=1567405864548 timed out. Retrying.
2019-09-02 06:31:15,288 [pool-7-thread-1] INFO  commands.RetriableDatanodeEventWatcher (RetriableDatanodeEventWatcher.java:onTimeout(47)) - RetriableDatanodeCommand type=deleteBlocksCommand with id=1567405864567 timed out. Retrying.
2019-09-02 06:31:15,300 [pool-7-thread-1] INFO  commands.RetriableDatanodeEventWatcher (RetriableDatanodeEventWatcher.java:onTimeout(47)) - RetriableDatanodeCommand type=deleteBlocksCommand with id=1567405864558 timed out. Retrying.
2019-09-02 06:31:15,302 [pool-7-thread-1] INFO  commands.RetriableDatanodeEventWatcher (RetriableDatanodeEventWatcher.java:onTimeout(47)) - RetriableDatanodeCommand type=deleteBlocksCommand with id=1567405864577 timed out. Retrying.
2019-09-02 06:31:15,306 [main] INFO  ozone.MiniOzoneClusterImpl (MiniOzoneClusterImpl.java:lambda$waitForClusterToBeReady$0(140)) - Waiting for cluster to be ready. Got 0 of 1 DN Heartbeats.
2019-09-02 06:31:15,321 [pool-7-thread-1] INFO  commands.RetriableDatanodeEventWatcher (RetriableDatanodeEventWatcher.java:onTimeout(47)) - RetriableDatanodeCommand type=deleteBlocksCommand with id=1567405864587 timed out. Retrying.
2019-09-02 06:31:15,324 [pool-7-thread-1] INFO  commands.RetriableDatanodeEventWatcher (RetriableDatanodeEventWatcher.java:onTimeout(47)) - RetriableDatanodeCommand type=deleteBlocksCommand with id=1567405864509 timed out. Retrying.
2019-09-02 06:31:15,335 [pool-7-thread-1] INFO  commands.RetriableDatanodeEventWatcher (RetriableDatanodeEventWatcher.java:onTimeout(47)) - RetriableDatanodeCommand type=deleteBlocksCommand with id=1567405864597 timed out. Retrying.
2019-09-02 06:31:15,340 [pool-7-thread-1] INFO  commands.RetriableDatanodeEventWatcher (RetriableDatanodeEventWatcher.java:onTimeout(47)) - RetriableDatanodeCommand type=deleteBlocksCommand with id=1567405864519 timed out. Retrying.
2019-09-02 06:31:15,350 [SCMBlockDeletingService#1] DEBUG block.SCMBlockDeletingService (SCMBlockDeletingService.java:call(138)) - Running DeletedBlockTransactionScanner
2019-09-02 06:31:15,350 [SCMBlockDeletingService#1] DEBUG block.SCMBlockDeletingService (SCMBlockDeletingService.java:call(155)) - Scanned deleted blocks log and got 3 delTX to process.
2019-09-02 06:31:15,350 [SCMBlockDeletingService#1] DEBUG block.SCMBlockDeletingService (SCMBlockDeletingService.java:call(171)) - Added delete block command for datanode 3258574c-39ac-4ed5-9145-ea59a337c299 in the queue, number of delete block transactions: 3, TxID list: 1,2,3
2019-09-02 06:31:15,351 [SCMBlockDeletingService#1] INFO  block.SCMBlockDeletingService (SCMBlockDeletingService.java:call(182)) - Totally added 3 delete blocks command for 1 datanodes, task elapsed time: 1ms
2019-09-02 06:31:15,355 [pool-7-thread-1] INFO  commands.RetriableDatanodeEventWatcher (RetriableDatanodeEventWatcher.java:onTimeout(47)) - RetriableDatanodeCommand type=deleteBlocksCommand with id=1567405864529 timed out. Retrying.
2019-09-02 06:31:15,373 [pool-7-thread-1] INFO  commands.RetriableDatanodeEventWatcher (RetriableDatanodeEventWatcher.java:onTimeout(47)) - RetriableDatanodeCommand type=deleteBlocksCommand with id=1567405864539 timed out. Retrying.
2019-09-02 06:31:15,385 [pool-7-thread-1] INFO  commands.RetriableDatanodeEventWatcher (RetriableDatanodeEventWatcher.java:onTimeout(47)) - RetriableDatanodeCommand type=deleteBlocksCommand with id=1567405864549 timed out. Retrying.
2019-09-02 06:31:15,390 [pool-7-thread-1] INFO  commands.RetriableDatanodeEventWatcher (RetriableDatanodeEventWatcher.java:onTimeout(47)) - RetriableDatanodeCommand type=deleteBlocksCommand with id=1567405864568 timed out. Retrying.
2019-09-02 06:31:15,403 [pool-7-thread-1] INFO  commands.RetriableDatanodeEventWatcher (RetriableDatanodeEventWatcher.java:onTimeout(47)) - RetriableDatanodeCommand type=deleteBlocksCommand with id=1567405864559 timed out. Retrying.
2019-09-02 06:31:15,406 [pool-7-thread-1] INFO  commands.RetriableDatanodeEventWatcher (RetriableDatanodeEventWatcher.java:onTimeout(47)) - RetriableDatanodeCommand type=deleteBlocksCommand with id=1567405864578 timed out. Retrying.
2019-09-02 06:31:15,423 [pool-7-thread-1] INFO  commands.RetriableDatanodeEventWatcher (RetriableDatanodeEventWatcher.java:onTimeout(47)) - RetriableDatanodeCommand type=deleteBlocksCommand with id=1567405864588 timed out. Retrying.
2019-09-02 06:31:15,426 [pool-7-thread-1] INFO  commands.RetriableDatanodeEventWatcher (RetriableDatanodeEventWatcher.java:onTimeout(47)) - RetriableDatanodeCommand type=deleteBlocksCommand with id=1567405864510 timed out. Retrying.
2019-09-02 06:31:15,437 [pool-7-thread-1] INFO  commands.RetriableDatanodeEventWatcher (RetriableDatanodeEventWatcher.java:onTimeout(47)) - RetriableDatanodeCommand type=deleteBlocksCommand with id=1567405864598 timed out. Retrying.
2019-09-02 06:31:15,440 [pool-7-thread-1] INFO  commands.RetriableDatanodeEventWatcher (RetriableDatanodeEventWatcher.java:onTimeout(47)) - RetriableDatanodeCommand type=deleteBlocksCommand with id=1567405864520 timed out. Retrying.
2019-09-02 06:31:15,451 [SCMBlockDeletingService#1] DEBUG block.SCMBlockDeletingService (SCMBlockDeletingService.java:call(138)) - Running DeletedBlockTransactionScanner
2019-09-02 06:31:15,451 [SCMBlockDeletingService#1] DEBUG block.SCMBlockDeletingService (SCMBlockDeletingService.java:call(155)) - Scanned deleted blocks log and got 3 delTX to process.
2019-09-02 06:31:15,452 [SCMBlockDeletingService#1] DEBUG block.SCMBlockDeletingService (SCMBlockDeletingService.java:call(171)) - Added delete block command for datanode 3258574c-39ac-4ed5-9145-ea59a337c299 in the queue, number of delete block transactions: 3, TxID list: 1,2,3
2019-09-02 06:31:15,452 [SCMBlockDeletingService#1] INFO  block.SCMBlockDeletingService (SCMBlockDeletingService.java:call(182)) - Totally added 3 delete blocks command for 1 datanodes, task elapsed time: 1ms
2019-09-02 06:31:15,460 [pool-7-thread-1] INFO  commands.RetriableDatanodeEventWatcher (RetriableDatanodeEventWatcher.java:onTimeout(47)) - RetriableDatanodeCommand type=deleteBlocksCommand with id=1567405864530 timed out. Retrying.
2019-09-02 06:31:15,472 [pool-7-thread-1] INFO  commands.RetriableDatanodeEventWatcher (RetriableDatanodeEventWatcher.java:onTimeout(47)) - RetriableDatanodeCommand type=deleteBlocksCommand with id=1567405864540 timed out. Retrying.
2019-09-02 06:31:15,490 [pool-7-thread-4] INFO  commands.RetriableDatanodeEventWatcher (RetriableDatanodeEventWatcher.java:onTimeout(47)) - RetriableDatanodeCommand type=deleteBlocksCommand with id=1567405864569 timed out. Retrying.
2019-09-02 06:31:15,490 [pool-7-thread-1] INFO  commands.RetriableDatanodeEventWatcher (RetriableDatanodeEventWatcher.java:onTimeout(47)) - RetriableDatanodeCommand type=deleteBlocksCommand with id=1567405864550 timed out. Retrying.
2019-09-02 06:31:15,506 [pool-7-thread-1] INFO  commands.RetriableDatanodeEventWatcher (RetriableDatanodeEventWatcher.java:onTimeout(47)) - RetriableDatanodeCommand type=deleteBlocksCommand with id=1567405864560 timed out. Retrying.
2019-09-02 06:31:15,509 [pool-7-thread-1] INFO  commands.RetriableDatanodeEventWatcher (RetriableDatanodeEventWatcher.java:onTimeout(47)) - RetriableDatanodeCommand type=deleteBlocksCommand with id=1567405864579 timed out. Retrying.
2019-09-02 06:31:15,510 [pool-7-thread-4] INFO  commands.RetriableDatanodeEventWatcher (RetriableDatanodeEventWatcher.java:onTimeout(47)) - RetriableDatanodeCommand type=deleteBlocksCommand with id=1567405864501 timed out. Retrying.
2019-09-02 06:31:15,523 [pool-7-thread-4] INFO  commands.RetriableDatanodeEventWatcher (RetriableDatanodeEventWatcher.java:onTimeout(47)) - RetriableDatanodeCommand type=deleteBlocksCommand with id=1567405864589 timed out. Retrying.
2019-09-02 06:31:15,530 [pool-7-thread-4] INFO  commands.RetriableDatanodeEventWatcher (RetriableDatanodeEventWatcher.java:onTimeout(47)) - RetriableDatanodeCommand type=deleteBlocksCommand with id=1567405864511 timed out. Retrying.
2019-09-02 06:31:15,538 [pool-7-thread-4] INFO  commands.RetriableDatanodeEventWatcher (RetriableDatanodeEventWatcher.java:onTimeout(47)) - RetriableDatanodeCommand type=deleteBlocksCommand with id=1567405864599 timed out. Retrying.
2019-09-02 06:31:15,545 [pool-7-thread-4] INFO  commands.RetriableDatanodeEventWatcher (RetriableDatanodeEventWatcher.java:onTimeout(47)) - RetriableDatanodeCommand type=deleteBlocksCommand with id=1567405864521 timed out. Retrying.
2019-09-02 06:31:15,553 [SCMBlockDeletingService#1] DEBUG block.SCMBlockDeletingService (SCMBlockDeletingService.java:call(138)) - Running DeletedBlockTransactionScanner
2019-09-02 06:31:15,553 [SCMBlockDeletingService#1] DEBUG block.SCMBlockDeletingService (SCMBlockDeletingService.java:call(155)) - Scanned deleted blocks log and got 3 delTX to process.
2019-09-02 06:31:15,553 [SCMBlockDeletingService#1] DEBUG block.SCMBlockDeletingService (SCMBlockDeletingService.java:call(171)) - Added delete block command for datanode 3258574c-39ac-4ed5-9145-ea59a337c299 in the queue, number of delete block transactions: 3, TxID list: 1,2,3
2019-09-02 06:31:15,554 [SCMBlockDeletingService#1] INFO  block.SCMBlockDeletingService (SCMBlockDeletingService.java:call(182)) - Totally added 3 delete blocks command for 1 datanodes, task elapsed time: 1ms
2019-09-02 06:31:15,556 [pool-7-thread-4] INFO  commands.RetriableDatanodeEventWatcher (RetriableDatanodeEventWatcher.java:onTimeout(47)) - RetriableDatanodeCommand type=deleteBlocksCommand with id=1567405864531 timed out. Retrying.
2019-09-02 06:31:15,575 [pool-7-thread-4] INFO  commands.RetriableDatanodeEventWatcher (RetriableDatanodeEventWatcher.java:onTimeout(47)) - RetriableDatanodeCommand type=deleteBlocksCommand with id=1567405864541 timed out. Retrying.
2019-09-02 06:31:15,590 [pool-7-thread-4] INFO  commands.RetriableDatanodeEventWatcher (RetriableDatanodeEventWatcher.java:onTimeout(47)) - RetriableDatanodeCommand type=deleteBlocksCommand with id=1567405864551 timed out. Retrying.
2019-09-02 06:31:15,593 [pool-7-thread-4] INFO  commands.RetriableDatanodeEventWatcher (RetriableDatanodeEventWatcher.java:onTimeout(47)) - RetriableDatanodeCommand type=deleteBlocksCommand with id=1567405864570 timed out. Retrying.
2019-09-02 06:31:15,606 [pool-7-thread-4] INFO  commands.RetriableDatanodeEventWatcher (RetriableDatanodeEventWatcher.java:onTimeout(47)) - RetriableDatanodeCommand type=deleteBlocksCommand with id=1567405864561 timed out. Retrying.
2019-09-02 06:31:15,610 [pool-7-thread-4] INFO  commands.RetriableDatanodeEventWatcher (RetriableDatanodeEventWatcher.java:onTimeout(47)) - RetriableDatanodeCommand type=deleteBlocksCommand with id=1567405864580 timed out. Retrying.
2019-09-02 06:31:15,614 [pool-7-thread-4] INFO  commands.RetriableDatanodeEventWatcher (RetriableDatanodeEventWatcher.java:onTimeout(47)) - RetriableDatanodeCommand type=deleteBlocksCommand with id=1567405864502 timed out. Retrying.
2019-09-02 06:31:15,626 [pool-7-thread-1] INFO  commands.RetriableDatanodeEventWatcher (RetriableDatanodeEventWatcher.java:onTimeout(47)) - RetriableDatanodeCommand type=deleteBlocksCommand with id=1567405864512 timed out. Retrying.
2019-09-02 06:31:15,627 [pool-7-thread-4] INFO  commands.RetriableDatanodeEventWatcher (RetriableDatanodeEventWatcher.java:onTimeout(47)) - RetriableDatanodeCommand type=deleteBlocksCommand with id=1567405864590 timed out. Retrying.
2019-09-02 06:31:15,640 [pool-7-thread-4] INFO  commands.RetriableDatanodeEventWatcher (RetriableDatanodeEventWatcher.java:onTimeout(47)) - RetriableDatanodeCommand type=deleteBlocksCommand with id=1567405864600 timed out. Retrying.
2019-09-02 06:31:15,648 [pool-7-thread-4] INFO  commands.RetriableDatanodeEventWatcher (RetriableDatanodeEventWatcher.java:onTimeout(47)) - RetriableDatanodeCommand type=deleteBlocksCommand with id=1567405864522 timed out. Retrying.
2019-09-02 06:31:15,654 [SCMBlockDeletingService#1] DEBUG block.SCMBlockDeletingService (SCMBlockDeletingService.java:call(138)) - Running DeletedBlockTransactionScanner
2019-09-02 06:31:15,655 [SCMBlockDeletingService#1] DEBUG block.SCMBlockDeletingService (SCMBlockDeletingService.java:call(155)) - Scanned deleted blocks log and got 3 delTX to process.
2019-09-02 06:31:15,655 [SCMBlockDeletingService#1] DEBUG block.SCMBlockDeletingService (SCMBlockDeletingService.java:call(171)) - Added delete block command for datanode 3258574c-39ac-4ed5-9145-ea59a337c299 in the queue, number of delete block transactions: 3, TxID list: 1,2,3
2019-09-02 06:31:15,655 [SCMBlockDeletingService#1] INFO  block.SCMBlockDeletingService (SCMBlockDeletingService.java:call(182)) - Totally added 3 delete blocks command for 1 datanodes, task elapsed time: 2ms
2019-09-02 06:31:15,660 [pool-7-thread-4] INFO  commands.RetriableDatanodeEventWatcher (RetriableDatanodeEventWatcher.java:onTimeout(47)) - RetriableDatanodeCommand type=deleteBlocksCommand with id=1567405864532 timed out. Retrying.
2019-09-02 06:31:15,677 [pool-7-thread-4] INFO  commands.RetriableDatanodeEventWatcher (RetriableDatanodeEventWatcher.java:onTimeout(47)) - RetriableDatanodeCommand type=deleteBlocksCommand with id=1567405864542 timed out. Retrying.
2019-09-02 06:31:15,690 [pool-7-thread-4] INFO  commands.RetriableDatanodeEventWatcher (RetriableDatanodeEventWatcher.java:onTimeout(47)) - RetriableDatanodeCommand type=deleteBlocksCommand with id=1567405864552 timed out. Retrying.
2019-09-02 06:31:15,695 [pool-7-thread-4] INFO  commands.RetriableDatanodeEventWatcher (RetriableDatanodeEventWatcher.java:onTimeout(47)) - RetriableDatanodeCommand type=deleteBlocksCommand with id=1567405864571 timed out. Retrying.
2019-09-02 06:31:15,708 [pool-7-thread-4] INFO  commands.RetriableDatanodeEventWatcher (RetriableDatanodeEventWatcher.java:onTimeout(47)) - RetriableDatanodeCommand type=deleteBlocksCommand with id=1567405864562 timed out. Retrying.
2019-09-02 06:31:15,712 [pool-7-thread-4] INFO  commands.RetriableDatanodeEventWatcher (RetriableDatanodeEventWatcher.java:onTimeout(47)) - RetriableDatanodeCommand type=deleteBlocksCommand with id=1567405864581 timed out. Retrying.
2019-09-02 06:31:15,712 [pool-7-thread-1] INFO  commands.RetriableDatanodeEventWatcher (RetriableDatanodeEventWatcher.java:onTimeout(47)) - RetriableDatanodeCommand type=deleteBlocksCommand with id=1567405864503 timed out. Retrying.
2019-09-02 06:31:15,726 [pool-7-thread-1] INFO  commands.RetriableDatanodeEventWatcher (RetriableDatanodeEventWatcher.java:onTimeout(47)) - RetriableDatanodeCommand type=deleteBlocksCommand with id=1567405864591 timed out. Retrying.
2019-09-02 06:31:15,730 [pool-7-thread-1] INFO  commands.RetriableDatanodeEventWatcher (RetriableDatanodeEventWatcher.java:onTimeout(47)) - RetriableDatanodeCommand type=deleteBlocksCommand with id=1567405864513 timed out. Retrying.
2019-09-02 06:31:15,742 [pool-7-thread-1] INFO  commands.RetriableDatanodeEventWatcher (RetriableDatanodeEventWatcher.java:onTimeout(47)) - RetriableDatanodeCommand type=deleteBlocksCommand with id=1567405864601 timed out. Retrying.
2019-09-02 06:31:15,745 [pool-7-thread-1] INFO  commands.RetriableDatanodeEventWatcher (RetriableDatanodeEventWatcher.java:onTimeout(47)) - RetriableDatanodeCommand type=deleteBlocksCommand with id=1567405864523 timed out. Retrying.
2019-09-02 06:31:15,756 [SCMBlockDeletingService#1] DEBUG block.SCMBlockDeletingService (SCMBlockDeletingService.java:call(138)) - Running DeletedBlockTransactionScanner
2019-09-02 06:31:15,756 [SCMBlockDeletingService#1] DEBUG block.SCMBlockDeletingService (SCMBlockDeletingService.java:call(155)) - Scanned deleted blocks log and got 3 delTX to process.
2019-09-02 06:31:15,756 [SCMBlockDeletingService#1] DEBUG block.SCMBlockDeletingService (SCMBlockDeletingService.java:call(171)) - Added delete block command for datanode 3258574c-39ac-4ed5-9145-ea59a337c299 in the queue, number of delete block transactions: 3, TxID list: 1,2,3
2019-09-02 06:31:15,757 [SCMBlockDeletingService#1] INFO  block.SCMBlockDeletingService (SCMBlockDeletingService.java:call(182)) - Totally added 3 delete blocks command for 1 datanodes, task elapsed time: 1ms
2019-09-02 06:31:15,763 [pool-7-thread-1] INFO  commands.RetriableDatanodeEventWatcher (RetriableDatanodeEventWatcher.java:onTimeout(47)) - RetriableDatanodeCommand type=deleteBlocksCommand with id=1567405864533 timed out. Retrying.
2019-09-02 06:31:15,777 [pool-7-thread-1] INFO  commands.RetriableDatanodeEventWatcher (RetriableDatanodeEventWatcher.java:onTimeout(47)) - RetriableDatanodeCommand type=deleteBlocksCommand with id=1567405864543 timed out. Retrying.
2019-09-02 06:31:15,792 [pool-7-thread-1] INFO  commands.RetriableDatanodeEventWatcher (RetriableDatanodeEventWatcher.java:onTimeout(47)) - RetriableDatanodeCommand type=deleteBlocksCommand with id=1567405864553 timed out. Retrying.
2019-09-02 06:31:15,795 [pool-7-thread-1] INFO  commands.RetriableDatanodeEventWatcher (RetriableDatanodeEventWatcher.java:onTimeout(47)) - RetriableDatanodeCommand type=deleteBlocksCommand with id=1567405864572 timed out. Retrying.
2019-09-02 06:31:15,810 [pool-7-thread-1] INFO  commands.RetriableDatanodeEventWatcher (RetriableDatanodeEventWatcher.java:onTimeout(47)) - RetriableDatanodeCommand type=deleteBlocksCommand with id=1567405864563 timed out. Retrying.
2019-09-02 06:31:15,812 [pool-7-thread-1] INFO  commands.RetriableDatanodeEventWatcher (RetriableDatanodeEventWatcher.java:onTimeout(47)) - RetriableDatanodeCommand type=deleteBlocksCommand with id=1567405864582 timed out. Retrying.
2019-09-02 06:31:15,817 [pool-7-thread-1] INFO  commands.RetriableDatanodeEventWatcher (RetriableDatanodeEventWatcher.java:onTimeout(47)) - RetriableDatanodeCommand type=deleteBlocksCommand with id=1567405864504 timed out. Retrying.
2019-09-02 06:31:15,827 [pool-7-thread-1] INFO  commands.RetriableDatanodeEventWatcher (RetriableDatanodeEventWatcher.java:onTimeout(47)) - RetriableDatanodeCommand type=deleteBlocksCommand with id=1567405864592 timed out. Retrying.
2019-09-02 06:31:15,832 [pool-7-thread-1] INFO  commands.RetriableDatanodeEventWatcher (RetriableDatanodeEventWatcher.java:onTimeout(47)) - RetriableDatanodeCommand type=deleteBlocksCommand with id=1567405864514 timed out. Retrying.
2019-09-02 06:31:15,843 [pool-7-thread-1] INFO  commands.RetriableDatanodeEventWatcher (RetriableDatanodeEventWatcher.java:onTimeout(47)) - RetriableDatanodeCommand type=deleteBlocksCommand with id=1567405864602 timed out. Retrying.
2019-09-02 06:31:15,850 [pool-7-thread-1] INFO  commands.RetriableDatanodeEventWatcher (RetriableDatanodeEventWatcher.java:onTimeout(47)) - RetriableDatanodeCommand type=deleteBlocksCommand with id=1567405864524 timed out. Retrying.
2019-09-02 06:31:15,857 [SCMBlockDeletingService#1] DEBUG block.SCMBlockDeletingService (SCMBlockDeletingService.java:call(138)) - Running DeletedBlockTransactionScanner
2019-09-02 06:31:15,858 [SCMBlockDeletingService#1] DEBUG block.SCMBlockDeletingService (SCMBlockDeletingService.java:call(155)) - Scanned deleted blocks log and got 3 delTX to process.
2019-09-02 06:31:15,858 [SCMBlockDeletingService#1] DEBUG block.SCMBlockDeletingService (SCMBlockDeletingService.java:call(171)) - Added delete block command for datanode 3258574c-39ac-4ed5-9145-ea59a337c299 in the queue, number of delete block transactions: 3, TxID list: 1,2,3
2019-09-02 06:31:15,858 [SCMBlockDeletingService#1] INFO  block.SCMBlockDeletingService (SCMBlockDeletingService.java:call(182)) - Totally added 3 delete blocks command for 1 datanodes, task elapsed time: 1ms
2019-09-02 06:31:15,862 [pool-7-thread-1] INFO  commands.RetriableDatanodeEventWatcher (RetriableDatanodeEventWatcher.java:onTimeout(47)) - RetriableDatanodeCommand type=deleteBlocksCommand with id=1567405864534 timed out. Retrying.
2019-09-02 06:31:15,879 [pool-7-thread-1] INFO  commands.RetriableDatanodeEventWatcher (RetriableDatanodeEventWatcher.java:onTimeout(47)) - RetriableDatanodeCommand type=deleteBlocksCommand with id=1567405864544 timed out. Retrying.
2019-09-02 06:31:15,895 [pool-7-thread-1] INFO  commands.RetriableDatanodeEventWatcher (RetriableDatanodeEventWatcher.java:onTimeout(47)) - RetriableDatanodeCommand type=deleteBlocksCommand with id=1567405864554 timed out. Retrying.
2019-09-02 06:31:15,900 [pool-7-thread-1] INFO  commands.RetriableDatanodeEventWatcher (RetriableDatanodeEventWatcher.java:onTimeout(47)) - RetriableDatanodeCommand type=deleteBlocksCommand with id=1567405864573 timed out. Retrying.
2019-09-02 06:31:15,910 [pool-7-thread-1] INFO  commands.RetriableDatanodeEventWatcher (RetriableDatanodeEventWatcher.java:onTimeout(47)) - RetriableDatanodeCommand type=deleteBlocksCommand with id=1567405864564 timed out. Retrying.
2019-09-02 06:31:15,915 [pool-7-thread-1] INFO  commands.RetriableDatanodeEventWatcher (RetriableDatanodeEventWatcher.java:onTimeout(47)) - RetriableDatanodeCommand type=deleteBlocksCommand with id=1567405864583 timed out. Retrying.
2019-09-02 06:31:15,918 [pool-7-thread-1] INFO  commands.RetriableDatanodeEventWatcher (RetriableDatanodeEventWatcher.java:onTimeout(47)) - RetriableDatanodeCommand type=deleteBlocksCommand with id=1567405864505 timed out. Retrying.
2019-09-02 06:31:15,930 [pool-7-thread-1] INFO  commands.RetriableDatanodeEventWatcher (RetriableDatanodeEventWatcher.java:onTimeout(47)) - RetriableDatanodeCommand type=deleteBlocksCommand with id=1567405864593 timed out. Retrying.
2019-09-02 06:31:15,930 [pool-7-thread-4] INFO  commands.RetriableDatanodeEventWatcher (RetriableDatanodeEventWatcher.java:onTimeout(47)) - RetriableDatanodeCommand type=deleteBlocksCommand with id=1567405864515 timed out. Retrying.
2019-09-02 06:31:15,945 [pool-7-thread-4] INFO  commands.RetriableDatanodeEventWatcher (RetriableDatanodeEventWatcher.java:onTimeout(47)) - RetriableDatanodeCommand type=deleteBlocksCommand with id=1567405864603 timed out. Retrying.
2019-09-02 06:31:15,950 [pool-7-thread-4] INFO  commands.RetriableDatanodeEventWatcher (RetriableDatanodeEventWatcher.java:onTimeout(47)) - RetriableDatanodeCommand type=deleteBlocksCommand with id=1567405864525 timed out. Retrying.
2019-09-02 06:31:15,959 [SCMBlockDeletingService#1] DEBUG block.SCMBlockDeletingService (SCMBlockDeletingService.java:call(138)) - Running DeletedBlockTransactionScanner
2019-09-02 06:31:15,959 [SCMBlockDeletingService#1] DEBUG block.SCMBlockDeletingService (SCMBlockDeletingService.java:call(155)) - Scanned deleted blocks log and got 3 delTX to process.
2019-09-02 06:31:15,960 [SCMBlockDeletingService#1] DEBUG block.SCMBlockDeletingService (SCMBlockDeletingService.java:call(171)) - Added delete block command for datanode 3258574c-39ac-4ed5-9145-ea59a337c299 in the queue, number of delete block transactions: 3, TxID list: 1,2,3
2019-09-02 06:31:15,960 [SCMBlockDeletingService#1] INFO  block.SCMBlockDeletingService (SCMBlockDeletingService.java:call(182)) - Totally added 3 delete blocks command for 1 datanodes, task elapsed time: 1ms
2019-09-02 06:31:15,965 [pool-7-thread-4] INFO  commands.RetriableDatanodeEventWatcher (RetriableDatanodeEventWatcher.java:onTimeout(47)) - RetriableDatanodeCommand type=deleteBlocksCommand with id=1567405864535 timed out. Retrying.
2019-09-02 06:31:15,982 [pool-7-thread-4] INFO  commands.RetriableDatanodeEventWatcher (RetriableDatanodeEventWatcher.java:onTimeout(47)) - RetriableDatanodeCommand type=deleteBlocksCommand with id=1567405864545 timed out. Retrying.
2019-09-02 06:31:15,997 [pool-7-thread-4] INFO  commands.RetriableDatanodeEventWatcher (RetriableDatanodeEventWatcher.java:onTimeout(47)) - RetriableDatanodeCommand type=deleteBlocksCommand with id=1567405864555 timed out. Retrying.
2019-09-02 06:31:15,999 [pool-7-thread-4] INFO  commands.RetriableDatanodeEventWatcher (RetriableDatanodeEventWatcher.java:onTimeout(47)) - RetriableDatanodeCommand type=deleteBlocksCommand with id=1567405864574 timed out. Retrying.
2019-09-02 06:31:16,014 [pool-7-thread-4] INFO  commands.RetriableDatanodeEventWatcher (RetriableDatanodeEventWatcher.java:onTimeout(47)) - RetriableDatanodeCommand type=deleteBlocksCommand with id=1567405864565 timed out. Retrying.
2019-09-02 06:31:16,017 [pool-7-thread-4] INFO  commands.RetriableDatanodeEventWatcher (RetriableDatanodeEventWatcher.java:onTimeout(47)) - RetriableDatanodeCommand type=deleteBlocksCommand with id=1567405864584 timed out. Retrying.
2019-09-02 06:31:16,018 [pool-7-thread-1] INFO  commands.RetriableDatanodeEventWatcher (RetriableDatanodeEventWatcher.java:onTimeout(47)) - RetriableDatanodeCommand type=deleteBlocksCommand with id=1567405864506 timed out. Retrying.
2019-09-02 06:31:16,032 [pool-7-thread-1] INFO  commands.RetriableDatanodeEventWatcher (RetriableDatanodeEventWatcher.java:onTimeout(47)) - RetriableDatanodeCommand type=deleteBlocksCommand with id=1567405864594 timed out. Retrying.
2019-09-02 06:31:16,037 [pool-7-thread-1] INFO  commands.RetriableDatanodeEventWatcher (RetriableDatanodeEventWatcher.java:onTimeout(47)) - RetriableDatanodeCommand type=deleteBlocksCommand with id=1567405864516 timed out. Retrying.
2019-09-02 06:31:16,046 [pool-7-thread-1] INFO  commands.RetriableDatanodeEventWatcher (RetriableDatanodeEventWatcher.java:onTimeout(47)) - RetriableDatanodeCommand type=deleteBlocksCommand with id=1567405864604 timed out. Retrying.
2019-09-02 06:31:16,053 [pool-7-thread-1] INFO  commands.RetriableDatanodeEventWatcher (RetriableDatanodeEventWatcher.java:onTimeout(47)) - RetriableDatanodeCommand type=deleteBlocksCommand with id=1567405864526 timed out. Retrying.
2019-09-02 06:31:16,061 [SCMBlockDeletingService#1] DEBUG block.SCMBlockDeletingService (SCMBlockDeletingService.java:call(138)) - Running DeletedBlockTransactionScanner
2019-09-02 06:31:16,061 [SCMBlockDeletingService#1] DEBUG block.SCMBlockDeletingService (SCMBlockDeletingService.java:call(155)) - Scanned deleted blocks log and got 3 delTX to process.
2019-09-02 06:31:16,061 [SCMBlockDeletingService#1] DEBUG block.SCMBlockDeletingService (SCMBlockDeletingService.java:call(171)) - Added delete block command for datanode 3258574c-39ac-4ed5-9145-ea59a337c299 in the queue, number of delete block transactions: 3, TxID list: 1,2,3
2019-09-02 06:31:16,062 [SCMBlockDeletingService#1] INFO  block.SCMBlockDeletingService (SCMBlockDeletingService.java:call(182)) - Totally added 3 delete blocks command for 1 datanodes, task elapsed time: 1ms
2019-09-02 06:31:16,068 [pool-7-thread-1] INFO  commands.RetriableDatanodeEventWatcher (RetriableDatanodeEventWatcher.java:onTimeout(47)) - RetriableDatanodeCommand type=deleteBlocksCommand with id=1567405864536 timed out. Retrying.
2019-09-02 06:31:16,084 [pool-7-thread-1] INFO  commands.RetriableDatanodeEventWatcher (RetriableDatanodeEventWatcher.java:onTimeout(47)) - RetriableDatanodeCommand type=deleteBlocksCommand with id=1567405864546 timed out. Retrying.
2019-09-02 06:31:16,096 [pool-7-thread-1] INFO  commands.RetriableDatanodeEventWatcher (RetriableDatanodeEventWatcher.java:onTimeout(47)) - RetriableDatanodeCommand type=deleteBlocksCommand with id=1567405864556 timed out. Retrying.
2019-09-02 06:31:16,101 [pool-7-thread-1] INFO  commands.RetriableDatanodeEventWatcher (RetriableDatanodeEventWatcher.java:onTimeout(47)) - RetriableDatanodeCommand type=deleteBlocksCommand with id=1567405864575 timed out. Retrying.
2019-09-02 06:31:16,119 [pool-7-thread-1] INFO  commands.RetriableDatanodeEventWatcher (RetriableDatanodeEventWatcher.java:onTimeout(47)) - RetriableDatanodeCommand type=deleteBlocksCommand with id=1567405864585 timed out. Retrying.
2019-09-02 06:31:16,132 [pool-7-thread-1] INFO  commands.RetriableDatanodeEventWatcher (RetriableDatanodeEventWatcher.java:onTimeout(47)) - RetriableDatanodeCommand type=deleteBlocksCommand with id=1567405864595 timed out. Retrying.
2019-09-02 06:31:16,148 [pool-7-thread-1] INFO  commands.RetriableDatanodeEventWatcher (RetriableDatanodeEventWatcher.java:onTimeout(47)) - RetriableDatanodeCommand type=deleteBlocksCommand with id=1567405864605 timed out. Retrying.
2019-09-02 06:31:16,162 [SCMBlockDeletingService#1] DEBUG block.SCMBlockDeletingService (SCMBlockDeletingService.java:call(138)) - Running DeletedBlockTransactionScanner
2019-09-02 06:31:16,162 [SCMBlockDeletingService#1] DEBUG block.SCMBlockDeletingService (SCMBlockDeletingService.java:call(155)) - Scanned deleted blocks log and got 3 delTX to process.
2019-09-02 06:31:16,163 [SCMBlockDeletingService#1] DEBUG block.SCMBlockDeletingService (SCMBlockDeletingService.java:call(171)) - Added delete block command for datanode 3258574c-39ac-4ed5-9145-ea59a337c299 in the queue, number of delete block transactions: 3, TxID list: 1,2,3
2019-09-02 06:31:16,163 [SCMBlockDeletingService#1] INFO  block.SCMBlockDeletingService (SCMBlockDeletingService.java:call(182)) - Totally added 3 delete blocks command for 1 datanodes, task elapsed time: 1ms
2019-09-02 06:31:16,190 [pool-7-thread-1] INFO  commands.RetriableDatanodeEventWatcher (RetriableDatanodeEventWatcher.java:onTimeout(47)) - RetriableDatanodeCommand type=deleteBlocksCommand with id=1567405864527 timed out. Retrying.
2019-09-02 06:31:16,190 [pool-7-thread-1] INFO  commands.RetriableDatanodeEventWatcher (RetriableDatanodeEventWatcher.java:onTimeout(47)) - RetriableDatanodeCommand type=deleteBlocksCommand with id=1567405864517 timed out. Retrying.
2019-09-02 06:31:16,191 [pool-7-thread-3] INFO  commands.RetriableDatanodeEventWatcher (RetriableDatanodeEventWatcher.java:onTimeout(47)) - RetriableDatanodeCommand type=deleteBlocksCommand with id=1567405864547 timed out. Retrying.
2019-09-02 06:31:16,191 [pool-7-thread-4] INFO  commands.RetriableDatanodeEventWatcher (RetriableDatanodeEventWatcher.java:onTimeout(47)) - RetriableDatanodeCommand type=deleteBlocksCommand with id=1567405864537 timed out. Retrying.
2019-09-02 06:31:16,191 [pool-7-thread-2] INFO  commands.RetriableDatanodeEventWatcher (RetriableDatanodeEventWatcher.java:onTimeout(47)) - RetriableDatanodeCommand type=deleteBlocksCommand with id=1567405864566 timed out. Retrying.
2019-09-02 06:31:16,192 [pool-7-thread-4] INFO  commands.RetriableDatanodeEventWatcher (RetriableDatanodeEventWatcher.java:onTimeout(47)) - RetriableDatanodeCommand type=deleteBlocksCommand with id=1567405864507 timed out. Retrying.
2019-09-02 06:31:16,199 [pool-7-thread-4] INFO  commands.RetriableDatanodeEventWatcher (RetriableDatanodeEventWatcher.java:onTimeout(47)) - RetriableDatanodeCommand type=deleteBlocksCommand with id=1567405864557 timed out. Retrying.
2019-09-02 06:31:16,203 [pool-7-thread-4] INFO  commands.RetriableDatanodeEventWatcher (RetriableDatanodeEventWatcher.java:onTimeout(47)) - RetriableDatanodeCommand type=deleteBlocksCommand with id=1567405864576 timed out. Retrying.
2019-09-02 06:31:16,220 [pool-7-thread-4] INFO  commands.RetriableDatanodeEventWatcher (RetriableDatanodeEventWatcher.java:onTimeout(47)) - RetriableDatanodeCommand type=deleteBlocksCommand with id=1567405864586 timed out. Retrying.
2019-09-02 06:31:16,223 [pool-7-thread-4] INFO  commands.RetriableDatanodeEventWatcher (RetriableDatanodeEventWatcher.java:onTimeout(47)) - RetriableDatanodeCommand type=deleteBlocksCommand with id=1567405864508 timed out. Retrying.
2019-09-02 06:31:16,233 [pool-7-thread-4] INFO  commands.RetriableDatanodeEventWatcher (RetriableDatanodeEventWatcher.java:onTimeout(47)) - RetriableDatanodeCommand type=deleteBlocksCommand with id=1567405864596 timed out. Retrying.
2019-09-02 06:31:16,241 [pool-7-thread-4] INFO  commands.RetriableDatanodeEventWatcher (RetriableDatanodeEventWatcher.java:onTimeout(47)) - RetriableDatanodeCommand type=deleteBlocksCommand with id=1567405864518 timed out. Retrying.
2019-09-02 06:31:16,248 [pool-7-thread-4] INFO  commands.RetriableDatanodeEventWatcher (RetriableDatanodeEventWatcher.java:onTimeout(47)) - RetriableDatanodeCommand type=deleteBlocksCommand with id=1567405864606 timed out. Retrying.
2019-09-02 06:31:16,256 [pool-7-thread-4] INFO  commands.RetriableDatanodeEventWatcher (RetriableDatanodeEventWatcher.java:onTimeout(47)) - RetriableDatanodeCommand type=deleteBlocksCommand with id=1567405864528 timed out. Retrying.
2019-09-02 06:31:16,264 [SCMBlockDeletingService#1] DEBUG block.SCMBlockDeletingService (SCMBlockDeletingService.java:call(138)) - Running DeletedBlockTransactionScanner
2019-09-02 06:31:16,264 [SCMBlockDeletingService#1] DEBUG block.SCMBlockDeletingService (SCMBlockDeletingService.java:call(155)) - Scanned deleted blocks log and got 3 delTX to process.
2019-09-02 06:31:16,264 [SCMBlockDeletingService#1] DEBUG block.SCMBlockDeletingService (SCMBlockDeletingService.java:call(171)) - Added delete block command for datanode 3258574c-39ac-4ed5-9145-ea59a337c299 in the queue, number of delete block transactions: 3, TxID list: 1,2,3
2019-09-02 06:31:16,265 [SCMBlockDeletingService#1] INFO  block.SCMBlockDeletingService (SCMBlockDeletingService.java:call(182)) - Totally added 3 delete blocks command for 1 datanodes, task elapsed time: 1ms
2019-09-02 06:31:16,271 [pool-7-thread-4] INFO  commands.RetriableDatanodeEventWatcher (RetriableDatanodeEventWatcher.java:onTimeout(47)) - RetriableDatanodeCommand type=deleteBlocksCommand with id=1567405864538 timed out. Retrying.
2019-09-02 06:31:16,284 [pool-7-thread-4] INFO  commands.RetriableDatanodeEventWatcher (RetriableDatanodeEventWatcher.java:onTimeout(47)) - RetriableDatanodeCommand type=deleteBlocksCommand with id=1567405864548 timed out. Retrying.
2019-09-02 06:31:16,289 [pool-7-thread-4] INFO  commands.RetriableDatanodeEventWatcher (RetriableDatanodeEventWatcher.java:onTimeout(47)) - RetriableDatanodeCommand type=deleteBlocksCommand with id=1567405864567 timed out. Retrying.
2019-09-02 06:31:16,300 [pool-7-thread-4] INFO  commands.RetriableDatanodeEventWatcher (RetriableDatanodeEventWatcher.java:onTimeout(47)) - RetriableDatanodeCommand type=deleteBlocksCommand with id=1567405864558 timed out. Retrying.
2019-09-02 06:31:16,303 [pool-7-thread-4] INFO  commands.RetriableDatanodeEventWatcher (RetriableDatanodeEventWatcher.java:onTimeout(47)) - RetriableDatanodeCommand type=deleteBlocksCommand with id=1567405864577 timed out. Retrying.
2019-09-02 06:31:16,307 [main] INFO  ozone.MiniOzoneClusterImpl (MiniOzoneClusterImpl.java:lambda$waitForClusterToBeReady$0(140)) - Waiting for cluster to be ready. Got 0 of 1 DN Heartbeats.
2019-09-02 06:31:16,308 [EventQueue-PendingDeleteStatusForPendingDeleteHandler] INFO  block.SCMBlockDeletingService (SCMBlockDeletingService.java:handlePendingDeletes(115)) - Block deletion txnID mismatch in datanode 3258574c-39ac-4ed5-9145-ea59a337c299 for containerID 1. Datanode delete txnID: 0, SCM txnID: 1
2019-09-02 06:31:16,308 [EventQueue-PendingDeleteStatusForPendingDeleteHandler] INFO  block.SCMBlockDeletingService (SCMBlockDeletingService.java:handlePendingDeletes(115)) - Block deletion txnID mismatch in datanode 3258574c-39ac-4ed5-9145-ea59a337c299 for containerID 2. Datanode delete txnID: 0, SCM txnID: 2
2019-09-02 06:31:16,308 [EventQueue-PendingDeleteStatusForPendingDeleteHandler] INFO  block.SCMBlockDeletingService (SCMBlockDeletingService.java:handlePendingDeletes(115)) - Block deletion txnID mismatch in datanode 3258574c-39ac-4ed5-9145-ea59a337c299 for containerID 3. Datanode delete txnID: 0, SCM txnID: 3
2019-09-02 06:31:16,321 [pool-7-thread-4] INFO  commands.RetriableDatanodeEventWatcher (RetriableDatanodeEventWatcher.java:onTimeout(47)) - RetriableDatanodeCommand type=deleteBlocksCommand with id=1567405864587 timed out. Retrying.
2019-09-02 06:31:16,325 [pool-7-thread-4] INFO  commands.RetriableDatanodeEventWatcher (RetriableDatanodeEventWatcher.java:onTimeout(47)) - RetriableDatanodeCommand type=deleteBlocksCommand with id=1567405864509 timed out. Retrying.
2019-09-02 06:31:16,335 [pool-7-thread-4] INFO  commands.RetriableDatanodeEventWatcher (RetriableDatanodeEventWatcher.java:onTimeout(47)) - RetriableDatanodeCommand type=deleteBlocksCommand with id=1567405864597 timed out. Retrying.
2019-09-02 06:31:16,341 [pool-7-thread-4] INFO  commands.RetriableDatanodeEventWatcher (RetriableDatanodeEventWatcher.java:onTimeout(47)) - RetriableDatanodeCommand type=deleteBlocksCommand with id=1567405864519 timed out. Retrying.
2019-09-02 06:31:16,349 [pool-7-thread-4] INFO  commands.RetriableDatanodeEventWatcher (RetriableDatanodeEventWatcher.java:onTimeout(47)) - RetriableDatanodeCommand type=deleteBlocksCommand with id=1567405864607 timed out. Retrying.
2019-09-02 06:31:16,356 [pool-7-thread-4] INFO  commands.RetriableDatanodeEventWatcher (RetriableDatanodeEventWatcher.java:onTimeout(47)) - RetriableDatanodeCommand type=deleteBlocksCommand with id=1567405864529 timed out. Retrying.
2019-09-02 06:31:16,365 [SCMBlockDeletingService#1] DEBUG block.SCMBlockDeletingService (SCMBlockDeletingService.java:call(138)) - Running DeletedBlockTransactionScanner
2019-09-02 06:31:16,366 [SCMBlockDeletingService#1] DEBUG block.SCMBlockDeletingService (SCMBlockDeletingService.java:call(155)) - Scanned deleted blocks log and got 3 delTX to process.
2019-09-02 06:31:16,366 [SCMBlockDeletingService#1] DEBUG block.SCMBlockDeletingService (SCMBlockDeletingService.java:call(171)) - Added delete block command for datanode 3258574c-39ac-4ed5-9145-ea59a337c299 in the queue, number of delete block transactions: 3, TxID list: 1,2,3
2019-09-02 06:31:16,366 [SCMBlockDeletingService#1] INFO  block.SCMBlockDeletingService (SCMBlockDeletingService.java:call(182)) - Totally added 3 delete blocks command for 1 datanodes, task elapsed time: 2ms
2019-09-02 06:31:16,373 [pool-7-thread-4] INFO  commands.RetriableDatanodeEventWatcher (RetriableDatanodeEventWatcher.java:onTimeout(47)) - RetriableDatanodeCommand type=deleteBlocksCommand with id=1567405864539 timed out. Retrying.
2019-09-02 06:31:16,386 [pool-7-thread-4] INFO  commands.RetriableDatanodeEventWatcher (RetriableDatanodeEventWatcher.java:onTimeout(47)) - RetriableDatanodeCommand type=deleteBlocksCommand with id=1567405864549 timed out. Retrying.
2019-09-02 06:31:16,391 [pool-7-thread-4] INFO  commands.RetriableDatanodeEventWatcher (RetriableDatanodeEventWatcher.java:onTimeout(47)) - RetriableDatanodeCommand type=deleteBlocksCommand with id=1567405864568 timed out. Retrying.
2019-09-02 06:31:16,403 [pool-7-thread-4] INFO  commands.RetriableDatanodeEventWatcher (RetriableDatanodeEventWatcher.java:onTimeout(47)) - RetriableDatanodeCommand type=deleteBlocksCommand with id=1567405864559 timed out. Retrying.
2019-09-02 06:31:16,407 [pool-7-thread-4] INFO  commands.RetriableDatanodeEventWatcher (RetriableDatanodeEventWatcher.java:onTimeout(47)) - RetriableDatanodeCommand type=deleteBlocksCommand with id=1567405864578 timed out. Retrying.
2019-09-02 06:31:16,413 [grpc-default-executor-0] INFO  impl.RaftServerProxy (RaftServerProxy.java:addNew(89)) - 3258574c-39ac-4ed5-9145-ea59a337c299: addNew group-BC054B67689F:[3258574c-39ac-4ed5-9145-ea59a337c299:192.168.36.97:35043] returns group-BC054B67689F:java.util.concurrent.CompletableFuture@4f75ab4b[Not completed]
2019-09-02 06:31:16,417 [pool-592-thread-1] INFO  impl.RaftServerImpl (RaftServerImpl.java:<init>(93)) - 3258574c-39ac-4ed5-9145-ea59a337c299: new RaftServerImpl for group-BC054B67689F:[3258574c-39ac-4ed5-9145-ea59a337c299:192.168.36.97:35043] with ContainerStateMachine:uninitialized
2019-09-02 06:31:16,417 [pool-592-thread-1] INFO  server.RaftServerConfigKeys (ConfUtils.java:logGet(43)) - raft.server.rpc.timeout.min = 5s (custom)
2019-09-02 06:31:16,417 [pool-592-thread-1] INFO  server.RaftServerConfigKeys (ConfUtils.java:logGet(43)) - raft.server.rpc.timeout.max = 5200ms (custom)
2019-09-02 06:31:16,417 [pool-592-thread-1] INFO  server.RaftServerConfigKeys (ConfUtils.java:logGet(43)) - raft.server.rpcslowness.timeout = 120s (custom)
2019-09-02 06:31:16,418 [pool-592-thread-1] INFO  server.RaftServerConfigKeys (ConfUtils.java:logGet(43)) - raft.server.sleep.deviation.threshold = 300 (default)
2019-09-02 06:31:16,418 [pool-592-thread-1] INFO  server.RaftServerConfigKeys (ConfUtils.java:logGet(43)) - raft.server.log.appender.install.snapshot.enabled = false (custom)
2019-09-02 06:31:16,418 [pool-592-thread-1] INFO  impl.RaftServerImpl (ServerState.java:<init>(105)) - 3258574c-39ac-4ed5-9145-ea59a337c299:group-BC054B67689F ConfigurationManager, init=-1: [3258574c-39ac-4ed5-9145-ea59a337c299:192.168.36.97:35043], old=null, confs=<EMPTY_MAP>
2019-09-02 06:31:16,418 [pool-592-thread-1] INFO  server.RaftServerConfigKeys (ConfUtils.java:logGet(43)) - raft.server.storage.dir = [/workdir/hadoop-ozone/integration-test/target/test-dir/MiniOzoneClusterImpl-6a7e25ec-1fb2-41bc-9349-4a036b68fad4/datanode-0/data/ratis] (custom)
2019-09-02 06:31:16,419 [pool-592-thread-1] INFO  storage.RaftStorageDirectory (RaftStorageDirectory.java:analyzeStorage(246)) - The storage directory /workdir/hadoop-ozone/integration-test/target/test-dir/MiniOzoneClusterImpl-6a7e25ec-1fb2-41bc-9349-4a036b68fad4/datanode-0/data/ratis/cdaff3f5-6a26-478d-a889-bc054b67689f does not exist. Creating ...
2019-09-02 06:31:16,422 [pool-7-thread-4] INFO  commands.RetriableDatanodeEventWatcher (RetriableDatanodeEventWatcher.java:onTimeout(47)) - RetriableDatanodeCommand type=deleteBlocksCommand with id=1567405864588 timed out. Retrying.
2019-09-02 06:31:16,427 [pool-7-thread-4] INFO  commands.RetriableDatanodeEventWatcher (RetriableDatanodeEventWatcher.java:onTimeout(47)) - RetriableDatanodeCommand type=deleteBlocksCommand with id=1567405864510 timed out. Retrying.
2019-09-02 06:31:16,437 [pool-7-thread-4] INFO  commands.RetriableDatanodeEventWatcher (RetriableDatanodeEventWatcher.java:onTimeout(47)) - RetriableDatanodeCommand type=deleteBlocksCommand with id=1567405864598 timed out. Retrying.
2019-09-02 06:31:16,441 [pool-7-thread-4] INFO  commands.RetriableDatanodeEventWatcher (RetriableDatanodeEventWatcher.java:onTimeout(47)) - RetriableDatanodeCommand type=deleteBlocksCommand with id=1567405864520 timed out. Retrying.
2019-09-02 06:31:16,452 [pool-7-thread-4] INFO  commands.RetriableDatanodeEventWatcher (RetriableDatanodeEventWatcher.java:onTimeout(47)) - RetriableDatanodeCommand type=deleteBlocksCommand with id=1567405864608 timed out. Retrying.
2019-09-02 06:31:16,461 [pool-7-thread-4] INFO  commands.RetriableDatanodeEventWatcher (RetriableDatanodeEventWatcher.java:onTimeout(47)) - RetriableDatanodeCommand type=deleteBlocksCommand with id=1567405864530 timed out. Retrying.
2019-09-02 06:31:16,467 [SCMBlockDeletingService#1] DEBUG block.SCMBlockDeletingService (SCMBlockDeletingService.java:call(138)) - Running DeletedBlockTransactionScanner
2019-09-02 06:31:16,471 [SCMBlockDeletingService#1] DEBUG block.SCMBlockDeletingService (SCMBlockDeletingService.java:call(155)) - Scanned deleted blocks log and got 3 delTX to process.
2019-09-02 06:31:16,471 [SCMBlockDeletingService#1] DEBUG block.SCMBlockDeletingService (SCMBlockDeletingService.java:call(171)) - Added delete block command for datanode 3258574c-39ac-4ed5-9145-ea59a337c299 in the queue, number of delete block transactions: 3, TxID list: 1,2,3
2019-09-02 06:31:16,471 [SCMBlockDeletingService#1] INFO  block.SCMBlockDeletingService (SCMBlockDeletingService.java:call(182)) - Totally added 3 delete blocks command for 1 datanodes, task elapsed time: 5ms
2019-09-02 06:31:16,472 [pool-7-thread-4] INFO  commands.RetriableDatanodeEventWatcher (RetriableDatanodeEventWatcher.java:onTimeout(47)) - RetriableDatanodeCommand type=deleteBlocksCommand with id=1567405864540 timed out. Retrying.
2019-09-02 06:31:16,473 [pool-592-thread-1] INFO  storage.RaftStorageDirectory (RaftStorageDirectory.java:tryLock(328)) - Lock on /workdir/hadoop-ozone/integration-test/target/test-dir/MiniOzoneClusterImpl-6a7e25ec-1fb2-41bc-9349-4a036b68fad4/datanode-0/data/ratis/cdaff3f5-6a26-478d-a889-bc054b67689f/in_use.lock acquired by nodename 5922@trunk-nightly-20190902-fsht6-3309735379
2019-09-02 06:31:16,486 [pool-592-thread-1] INFO  storage.RaftStorage (RaftStorage.java:format(72)) - Storage directory /workdir/hadoop-ozone/integration-test/target/test-dir/MiniOzoneClusterImpl-6a7e25ec-1fb2-41bc-9349-4a036b68fad4/datanode-0/data/ratis/cdaff3f5-6a26-478d-a889-bc054b67689f has been successfully formatted.
2019-09-02 06:31:16,488 [pool-592-thread-1] INFO  ratis.ContainerStateMachine (ContainerStateMachine.java:loadSnapshot(227)) - group-BC054B67689F: The snapshot info is null. Setting the last applied indexto:(t:0, i:~)
2019-09-02 06:31:16,488 [pool-592-thread-1] INFO  server.RaftServerConfigKeys (ConfUtils.java:logGet(43)) - raft.server.leader.election.timeout = 120s (custom)
2019-09-02 06:31:16,488 [pool-592-thread-1] INFO  server.RaftServerConfigKeys (ConfUtils.java:logGet(43)) - raft.server.log.use.memory = false (default)
2019-09-02 06:31:16,488 [pool-592-thread-1] INFO  server.RaftServerConfigKeys (ConfUtils.java:logGet(43)) - raft.server.log.purge.gap = 1000000 (custom)
2019-09-02 06:31:16,488 [pool-592-thread-1] INFO  server.RaftServerConfigKeys (ConfUtils.java:logGet(43)) - raft.server.log.appender.buffer.byte-limit = 33554432 (custom)
2019-09-02 06:31:16,489 [pool-592-thread-1] INFO  server.RaftServerConfigKeys (ConfUtils.java:logGet(43)) - raft.server.log.segment.size.max = 1048576 (custom)
2019-09-02 06:31:16,489 [pool-592-thread-1] INFO  server.RaftServerConfigKeys (ConfUtils.java:logGet(43)) - raft.server.log.segment.cache.num.max = 2 (custom)
2019-09-02 06:31:16,489 [pool-592-thread-1] INFO  segmented.SegmentedRaftLogWorker (SegmentedRaftLogWorker.java:<init>(172)) - new 3258574c-39ac-4ed5-9145-ea59a337c299-SegmentedRaftLogWorker:Storage Directory /workdir/hadoop-ozone/integration-test/target/test-dir/MiniOzoneClusterImpl-6a7e25ec-1fb2-41bc-9349-4a036b68fad4/datanode-0/data/ratis/cdaff3f5-6a26-478d-a889-bc054b67689f for RaftStorage:Storage Directory /workdir/hadoop-ozone/integration-test/target/test-dir/MiniOzoneClusterImpl-6a7e25ec-1fb2-41bc-9349-4a036b68fad4/datanode-0/data/ratis/cdaff3f5-6a26-478d-a889-bc054b67689f
2019-09-02 06:31:16,489 [pool-592-thread-1] INFO  server.RaftServerConfigKeys (ConfUtils.java:logGet(43)) - raft.server.log.queue.byte-limit = 2147483647 (custom)
2019-09-02 06:31:16,489 [pool-592-thread-1] INFO  server.RaftServerConfigKeys (ConfUtils.java:logGet(43)) - raft.server.log.queue.element-limit = 1024 (custom)
2019-09-02 06:31:16,489 [pool-592-thread-1] INFO  server.RaftServerConfigKeys (ConfUtils.java:logGet(43)) - raft.server.log.segment.size.max = 1048576 (custom)
2019-09-02 06:31:16,490 [pool-592-thread-1] INFO  server.RaftServerConfigKeys (ConfUtils.java:logGet(43)) - raft.server.log.preallocated.size = 16384 (custom)
2019-09-02 06:31:16,490 [pool-592-thread-1] INFO  server.RaftServerConfigKeys (ConfUtils.java:logGet(43)) - raft.server.log.write.buffer.size = 33554432 (custom)
2019-09-02 06:31:16,490 [pool-592-thread-1] INFO  server.RaftServerConfigKeys (ConfUtils.java:logGet(43)) - raft.server.log.force.sync.num = 128 (default)
2019-09-02 06:31:16,490 [pool-592-thread-1] INFO  server.RaftServerConfigKeys (ConfUtils.java:logGet(43)) - raft.server.log.statemachine.data.sync = true (default)
2019-09-02 06:31:16,490 [pool-592-thread-1] INFO  server.RaftServerConfigKeys (ConfUtils.java:logGet(43)) - raft.server.log.statemachine.data.sync.timeout = 10s (default)
2019-09-02 06:31:16,490 [pool-592-thread-1] INFO  server.RaftServerConfigKeys (ConfUtils.java:logGet(43)) - raft.server.log.statemachine.data.sync.timeout.retry = -1 (default)
2019-09-02 06:31:16,491 [pool-7-thread-4] INFO  commands.RetriableDatanodeEventWatcher (ConfUtils.java:logGet(43)) - raft.server.log.statemachine.data.caching.enabled = true (custom)
2019-09-02 06:31:16,491 [pool-7-thread-4] INFO  commands.RetriableDatanodeEventWatcher (RetriableDatanodeEventWatcher.java:onTimeout(47)) - RetriableDatanodeCommand type=deleteBlocksCommand with id=1567405864550 timed out. Retrying.
2019-09-02 06:31:16,492 [pool-7-thread-2] INFO  commands.RetriableDatanodeEventWatcher (RetriableDatanodeEventWatcher.java:onTimeout(47)) - RetriableDatanodeCommand type=deleteBlocksCommand with id=1567405864569 timed out. Retrying.
2019-09-02 06:31:16,492 [pool-592-thread-1] INFO  segmented.SegmentedRaftLogWorker (SegmentedRaftLogWorker.java:lambda$new$0(132)) - 3258574c-39ac-4ed5-9145-ea59a337c299-SegmentedRaftLogWorker:Storage Directory /workdir/hadoop-ozone/integration-test/target/test-dir/MiniOzoneClusterImpl-6a7e25ec-1fb2-41bc-9349-4a036b68fad4/datanode-0/data/ratis/cdaff3f5-6a26-478d-a889-bc054b67689f: flushIndex: setUnconditionally 0 -> -1
2019-09-02 06:31:16,492 [pool-592-thread-1] INFO  server.RaftServerConfigKeys (ConfUtils.java:logGet(43)) - raft.server.snapshot.auto.trigger.enabled = true (custom)
2019-09-02 06:31:16,493 [pool-592-thread-1] INFO  server.RaftServerConfigKeys (ConfUtils.java:logGet(43)) - raft.server.snapshot.auto.trigger.threshold = 10000 (custom)
2019-09-02 06:31:16,493 [pool-592-thread-1] INFO  server.RaftServerConfigKeys (ConfUtils.java:logGet(43)) - raft.server.retrycache.expirytime = 600000ms (custom)
2019-09-02 06:31:16,493 [pool-592-thread-1] INFO  impl.RaftServerImpl (RaftServerImpl.java:start(180)) - 3258574c-39ac-4ed5-9145-ea59a337c299: start group-BC054B67689F
2019-09-02 06:31:16,493 [pool-592-thread-1] INFO  impl.RaftServerImpl (RaftServerImpl.java:setRole(171)) - 3258574c-39ac-4ed5-9145-ea59a337c299:group-BC054B67689F changes role from null to FOLLOWER at term 0 for startAsFollower
2019-09-02 06:31:16,493 [pool-592-thread-1] INFO  impl.RoleInfo (RoleInfo.java:updateAndGet(143)) - 3258574c-39ac-4ed5-9145-ea59a337c299: start FollowerState
2019-09-02 06:31:16,494 [pool-592-thread-1] INFO  util.JmxRegister (JmxRegister.java:tryRegister(44)) - Successfully registered JMX Bean with object name Ratis:service=RaftServer,group=group-BC054B67689F,id=3258574c-39ac-4ed5-9145-ea59a337c299
2019-09-02 06:31:16,502 [RatisPipelineUtilsThread] INFO  pipeline.PipelineStateManager (PipelineStateManager.java:addPipeline(56)) - Created pipeline Pipeline[ Id: cdaff3f5-6a26-478d-a889-bc054b67689f, Nodes: 3258574c-39ac-4ed5-9145-ea59a337c299{ip: 192.168.36.97, host: trunk-nightly-20190902-fsht6-3309735379, networkLocation: /default-rack, certSerialId: null}, Type:RATIS, Factor:ONE, State:OPEN]
2019-09-02 06:31:16,506 [pool-7-thread-2] INFO  commands.RetriableDatanodeEventWatcher (RetriableDatanodeEventWatcher.java:onTimeout(47)) - RetriableDatanodeCommand type=deleteBlocksCommand with id=1567405864560 timed out. Retrying.
2019-09-02 06:31:16,510 [pool-7-thread-4] INFO  commands.RetriableDatanodeEventWatcher (RetriableDatanodeEventWatcher.java:onTimeout(47)) - RetriableDatanodeCommand type=deleteBlocksCommand with id=1567405864501 timed out. Retrying.
2019-09-02 06:31:16,510 [pool-7-thread-2] INFO  commands.RetriableDatanodeEventWatcher (RetriableDatanodeEventWatcher.java:onTimeout(47)) - RetriableDatanodeCommand type=deleteBlocksCommand with id=1567405864579 timed out. Retrying.
2019-09-02 06:31:16,524 [pool-7-thread-2] INFO  commands.RetriableDatanodeEventWatcher (RetriableDatanodeEventWatcher.java:onTimeout(47)) - RetriableDatanodeCommand type=deleteBlocksCommand with id=1567405864589 timed out. Retrying.
2019-09-02 06:31:16,530 [pool-7-thread-2] INFO  commands.RetriableDatanodeEventWatcher (RetriableDatanodeEventWatcher.java:onTimeout(47)) - RetriableDatanodeCommand type=deleteBlocksCommand with id=1567405864511 timed out. Retrying.
2019-09-02 06:31:16,539 [pool-7-thread-2] INFO  commands.RetriableDatanodeEventWatcher (RetriableDatanodeEventWatcher.java:onTimeout(47)) - RetriableDatanodeCommand type=deleteBlocksCommand with id=1567405864599 timed out. Retrying.
2019-09-02 06:31:16,545 [pool-7-thread-2] INFO  commands.RetriableDatanodeEventWatcher (RetriableDatanodeEventWatcher.java:onTimeout(47)) - RetriableDatanodeCommand type=deleteBlocksCommand with id=1567405864521 timed out. Retrying.
2019-09-02 06:31:16,554 [pool-7-thread-2] INFO  commands.RetriableDatanodeEventWatcher (RetriableDatanodeEventWatcher.java:onTimeout(47)) - RetriableDatanodeCommand type=deleteBlocksCommand with id=1567405864609 timed out. Retrying.
2019-09-02 06:31:16,557 [pool-7-thread-2] INFO  commands.RetriableDatanodeEventWatcher (RetriableDatanodeEventWatcher.java:onTimeout(47)) - RetriableDatanodeCommand type=deleteBlocksCommand with id=1567405864531 timed out. Retrying.
2019-09-02 06:31:16,572 [SCMBlockDeletingService#1] DEBUG block.SCMBlockDeletingService (SCMBlockDeletingService.java:call(138)) - Running DeletedBlockTransactionScanner
2019-09-02 06:31:16,572 [SCMBlockDeletingService#1] DEBUG block.SCMBlockDeletingService (SCMBlockDeletingService.java:call(155)) - Scanned deleted blocks log and got 3 delTX to process.
2019-09-02 06:31:16,573 [SCMBlockDeletingService#1] DEBUG block.SCMBlockDeletingService (SCMBlockDeletingService.java:call(171)) - Added delete block command for datanode 3258574c-39ac-4ed5-9145-ea59a337c299 in the queue, number of delete block transactions: 3, TxID list: 1,2,3
2019-09-02 06:31:16,573 [SCMBlockDeletingService#1] INFO  block.SCMBlockDeletingService (SCMBlockDeletingService.java:call(182)) - Totally added 3 delete blocks command for 1 datanodes, task elapsed time: 1ms
2019-09-02 06:31:16,575 [pool-7-thread-2] INFO  commands.RetriableDatanodeEventWatcher (RetriableDatanodeEventWatcher.java:onTimeout(47)) - RetriableDatanodeCommand type=deleteBlocksCommand with id=1567405864541 timed out. Retrying.
2019-09-02 06:31:16,590 [pool-7-thread-2] INFO  commands.RetriableDatanodeEventWatcher (RetriableDatanodeEventWatcher.java:onTimeout(47)) - RetriableDatanodeCommand type=deleteBlocksCommand with id=1567405864551 timed out. Retrying.
2019-09-02 06:31:16,594 [pool-7-thread-2] INFO  commands.RetriableDatanodeEventWatcher (RetriableDatanodeEventWatcher.java:onTimeout(47)) - RetriableDatanodeCommand type=deleteBlocksCommand with id=1567405864570 timed out. Retrying.
2019-09-02 06:31:16,606 [pool-7-thread-2] INFO  commands.RetriableDatanodeEventWatcher (RetriableDatanodeEventWatcher.java:onTimeout(47)) - RetriableDatanodeCommand type=deleteBlocksCommand with id=1567405864561 timed out. Retrying.
2019-09-02 06:31:16,611 [pool-7-thread-2] INFO  commands.RetriableDatanodeEventWatcher (RetriableDatanodeEventWatcher.java:onTimeout(47)) - RetriableDatanodeCommand type=deleteBlocksCommand with id=1567405864580 timed out. Retrying.
2019-09-02 06:31:16,614 [pool-7-thread-2] INFO  commands.RetriableDatanodeEventWatcher (RetriableDatanodeEventWatcher.java:onTimeout(47)) - RetriableDatanodeCommand type=deleteBlocksCommand with id=1567405864502 timed out. Retrying.
2019-09-02 06:31:16,627 [pool-7-thread-4] INFO  commands.RetriableDatanodeEventWatcher (RetriableDatanodeEventWatcher.java:onTimeout(47)) - RetriableDatanodeCommand type=deleteBlocksCommand with id=1567405864512 timed out. Retrying.
2019-09-02 06:31:16,627 [pool-7-thread-2] INFO  commands.RetriableDatanodeEventWatcher (RetriableDatanodeEventWatcher.java:onTimeout(47)) - RetriableDatanodeCommand type=deleteBlocksCommand with id=1567405864590 timed out. Retrying.
2019-09-02 06:31:16,641 [pool-7-thread-2] INFO  commands.RetriableDatanodeEventWatcher (RetriableDatanodeEventWatcher.java:onTimeout(47)) - RetriableDatanodeCommand type=deleteBlocksCommand with id=1567405864600 timed out. Retrying.
2019-09-02 06:31:16,648 [pool-7-thread-2] INFO  commands.RetriableDatanodeEventWatcher (RetriableDatanodeEventWatcher.java:onTimeout(47)) - RetriableDatanodeCommand type=deleteBlocksCommand with id=1567405864522 timed out. Retrying.
2019-09-02 06:31:16,655 [pool-7-thread-2] INFO  commands.RetriableDatanodeEventWatcher (RetriableDatanodeEventWatcher.java:onTimeout(47)) - RetriableDatanodeCommand type=deleteBlocksCommand with id=1567405864610 timed out. Retrying.
2019-09-02 06:31:16,660 [pool-7-thread-2] INFO  commands.RetriableDatanodeEventWatcher (RetriableDatanodeEventWatcher.java:onTimeout(47)) - RetriableDatanodeCommand type=deleteBlocksCommand with id=1567405864532 timed out. Retrying.
2019-09-02 06:31:16,674 [SCMBlockDeletingService#1] DEBUG block.SCMBlockDeletingService (SCMBlockDeletingService.java:call(138)) - Running DeletedBlockTransactionScanner
2019-09-02 06:31:16,674 [SCMBlockDeletingService#1] DEBUG block.SCMBlockDeletingService (SCMBlockDeletingService.java:call(155)) - Scanned deleted blocks log and got 3 delTX to process.
2019-09-02 06:31:16,674 [SCMBlockDeletingService#1] DEBUG block.SCMBlockDeletingService (SCMBlockDeletingService.java:call(171)) - Added delete block command for datanode 3258574c-39ac-4ed5-9145-ea59a337c299 in the queue, number of delete block transactions: 3, TxID list: 1,2,3
2019-09-02 06:31:16,675 [SCMBlockDeletingService#1] INFO  block.SCMBlockDeletingService (SCMBlockDeletingService.java:call(182)) - Totally added 3 delete blocks command for 1 datanodes, task elapsed time: 1ms
2019-09-02 06:31:16,677 [pool-7-thread-2] INFO  commands.RetriableDatanodeEventWatcher (RetriableDatanodeEventWatcher.java:onTimeout(47)) - RetriableDatanodeCommand type=deleteBlocksCommand with id=1567405864542 timed out. Retrying.
2019-09-02 06:31:16,691 [pool-7-thread-2] INFO  commands.RetriableDatanodeEventWatcher (RetriableDatanodeEventWatcher.java:onTimeout(47)) - RetriableDatanodeCommand type=deleteBlocksCommand with id=1567405864552 timed out. Retrying.
2019-09-02 06:31:16,695 [pool-7-thread-2] INFO  commands.RetriableDatanodeEventWatcher (RetriableDatanodeEventWatcher.java:onTimeout(47)) - RetriableDatanodeCommand type=deleteBlocksCommand with id=1567405864571 timed out. Retrying.
2019-09-02 06:31:16,709 [pool-7-thread-2] INFO  commands.RetriableDatanodeEventWatcher (RetriableDatanodeEventWatcher.java:onTimeout(47)) - RetriableDatanodeCommand type=deleteBlocksCommand with id=1567405864562 timed out. Retrying.
2019-09-02 06:31:16,712 [pool-7-thread-2] INFO  commands.RetriableDatanodeEventWatcher (RetriableDatanodeEventWatcher.java:onTimeout(47)) - RetriableDatanodeCommand type=deleteBlocksCommand with id=1567405864581 timed out. Retrying.
2019-09-02 06:31:16,712 [pool-7-thread-4] INFO  commands.RetriableDatanodeEventWatcher (RetriableDatanodeEventWatcher.java:onTimeout(47)) - RetriableDatanodeCommand type=deleteBlocksCommand with id=1567405864503 timed out. Retrying.
2019-09-02 06:31:16,726 [pool-7-thread-4] INFO  commands.RetriableDatanodeEventWatcher (RetriableDatanodeEventWatcher.java:onTimeout(47)) - RetriableDatanodeCommand type=deleteBlocksCommand with id=1567405864591 timed out. Retrying.
2019-09-02 06:31:16,731 [pool-7-thread-4] INFO  commands.RetriableDatanodeEventWatcher (RetriableDatanodeEventWatcher.java:onTimeout(47)) - RetriableDatanodeCommand type=deleteBlocksCommand with id=1567405864513 timed out. Retrying.
2019-09-02 06:31:16,741 [pool-7-thread-4] INFO  commands.RetriableDatanodeEventWatcher (RetriableDatanodeEventWatcher.java:onTimeout(47)) - RetriableDatanodeCommand type=deleteBlocksCommand with id=1567405864601 timed out. Retrying.
2019-09-02 06:31:16,746 [pool-7-thread-4] INFO  commands.RetriableDatanodeEventWatcher (RetriableDatanodeEventWatcher.java:onTimeout(47)) - RetriableDatanodeCommand type=deleteBlocksCommand with id=1567405864523 timed out. Retrying.
2019-09-02 06:31:16,757 [pool-7-thread-4] INFO  commands.RetriableDatanodeEventWatcher (RetriableDatanodeEventWatcher.java:onTimeout(47)) - RetriableDatanodeCommand type=deleteBlocksCommand with id=1567405864611 timed out. Retrying.
2019-09-02 06:31:16,763 [pool-7-thread-4] INFO  commands.RetriableDatanodeEventWatcher (RetriableDatanodeEventWatcher.java:onTimeout(47)) - RetriableDatanodeCommand type=deleteBlocksCommand with id=1567405864533 timed out. Retrying.
2019-09-02 06:31:16,775 [SCMBlockDeletingService#1] DEBUG block.SCMBlockDeletingService (SCMBlockDeletingService.java:call(138)) - Running DeletedBlockTransactionScanner
2019-09-02 06:31:16,776 [SCMBlockDeletingService#1] DEBUG block.SCMBlockDeletingService (SCMBlockDeletingService.java:call(155)) - Scanned deleted blocks log and got 3 delTX to process.
2019-09-02 06:31:16,776 [SCMBlockDeletingService#1] DEBUG block.SCMBlockDeletingService (SCMBlockDeletingService.java:call(171)) - Added delete block command for datanode 3258574c-39ac-4ed5-9145-ea59a337c299 in the queue, number of delete block transactions: 3, TxID list: 1,2,3
2019-09-02 06:31:16,776 [SCMBlockDeletingService#1] INFO  block.SCMBlockDeletingService (SCMBlockDeletingService.java:call(182)) - Totally added 3 delete blocks command for 1 datanodes, task elapsed time: 2ms
2019-09-02 06:31:16,778 [pool-7-thread-4] INFO  commands.RetriableDatanodeEventWatcher (RetriableDatanodeEventWatcher.java:onTimeout(47)) - RetriableDatanodeCommand type=deleteBlocksCommand with id=1567405864543 timed out. Retrying.
2019-09-02 06:31:16,792 [pool-7-thread-4] INFO  commands.RetriableDatanodeEventWatcher (RetriableDatanodeEventWatcher.java:onTimeout(47)) - RetriableDatanodeCommand type=deleteBlocksCommand with id=1567405864553 timed out. Retrying.
2019-09-02 06:31:16,795 [pool-7-thread-4] INFO  commands.RetriableDatanodeEventWatcher (RetriableDatanodeEventWatcher.java:onTimeout(47)) - RetriableDatanodeCommand type=deleteBlocksCommand with id=1567405864572 timed out. Retrying.
2019-09-02 06:31:16,810 [pool-7-thread-4] INFO  commands.RetriableDatanodeEventWatcher (RetriableDatanodeEventWatcher.java:onTimeout(47)) - RetriableDatanodeCommand type=deleteBlocksCommand with id=1567405864563 timed out. Retrying.
2019-09-02 06:31:16,812 [pool-7-thread-4] INFO  commands.RetriableDatanodeEventWatcher (RetriableDatanodeEventWatcher.java:onTimeout(47)) - RetriableDatanodeCommand type=deleteBlocksCommand with id=1567405864582 timed out. Retrying.
2019-09-02 06:31:16,817 [pool-7-thread-4] INFO  commands.RetriableDatanodeEventWatcher (RetriableDatanodeEventWatcher.java:onTimeout(47)) - RetriableDatanodeCommand type=deleteBlocksCommand with id=1567405864504 timed out. Retrying.
2019-09-02 06:31:16,828 [pool-7-thread-4] INFO  commands.RetriableDatanodeEventWatcher (RetriableDatanodeEventWatcher.java:onTimeout(47)) - RetriableDatanodeCommand type=deleteBlocksCommand with id=1567405864592 timed out. Retrying.
2019-09-02 06:31:16,832 [pool-7-thread-4] INFO  commands.RetriableDatanodeEventWatcher (RetriableDatanodeEventWatcher.java:onTimeout(47)) - RetriableDatanodeCommand type=deleteBlocksCommand with id=1567405864514 timed out. Retrying.
2019-09-02 06:31:16,843 [pool-7-thread-4] INFO  commands.RetriableDatanodeEventWatcher (RetriableDatanodeEventWatcher.java:onTimeout(47)) - RetriableDatanodeCommand type=deleteBlocksCommand with id=1567405864602 timed out. Retrying.
2019-09-02 06:31:16,851 [pool-7-thread-4] INFO  commands.RetriableDatanodeEventWatcher (RetriableDatanodeEventWatcher.java:onTimeout(47)) - RetriableDatanodeCommand type=deleteBlocksCommand with id=1567405864524 timed out. Retrying.
2019-09-02 06:31:16,858 [pool-7-thread-4] INFO  commands.RetriableDatanodeEventWatcher (RetriableDatanodeEventWatcher.java:onTimeout(47)) - RetriableDatanodeCommand type=deleteBlocksCommand with id=1567405864612 timed out. Retrying.
2019-09-02 06:31:16,863 [pool-7-thread-4] INFO  commands.RetriableDatanodeEventWatcher (RetriableDatanodeEventWatcher.java:onTimeout(47)) - RetriableDatanodeCommand type=deleteBlocksCommand with id=1567405864534 timed out. Retrying.
2019-09-02 06:31:16,877 [SCMBlockDeletingService#1] DEBUG block.SCMBlockDeletingService (SCMBlockDeletingService.java:call(138)) - Running DeletedBlockTransactionScanner
2019-09-02 06:31:16,877 [SCMBlockDeletingService#1] DEBUG block.SCMBlockDeletingService (SCMBlockDeletingService.java:call(155)) - Scanned deleted blocks log and got 3 delTX to process.
2019-09-02 06:31:16,878 [SCMBlockDeletingService#1] DEBUG block.SCMBlockDeletingService (SCMBlockDeletingService.java:call(171)) - Added delete block command for datanode 3258574c-39ac-4ed5-9145-ea59a337c299 in the queue, number of delete block transactions: 3, TxID list: 1,2,3
2019-09-02 06:31:16,878 [SCMBlockDeletingService#1] INFO  block.SCMBlockDeletingService (SCMBlockDeletingService.java:call(182)) - Totally added 3 delete blocks command for 1 datanodes, task elapsed time: 1ms
2019-09-02 06:31:16,879 [pool-7-thread-4] INFO  commands.RetriableDatanodeEventWatcher (RetriableDatanodeEventWatcher.java:onTimeout(47)) - RetriableDatanodeCommand type=deleteBlocksCommand with id=1567405864544 timed out. Retrying.
2019-09-02 06:31:16,896 [pool-7-thread-4] INFO  commands.RetriableDatanodeEventWatcher (RetriableDatanodeEventWatcher.java:onTimeout(47)) - RetriableDatanodeCommand type=deleteBlocksCommand with id=1567405864554 timed out. Retrying.
2019-09-02 06:31:16,900 [pool-7-thread-4] INFO  commands.RetriableDatanodeEventWatcher (RetriableDatanodeEventWatcher.java:onTimeout(47)) - RetriableDatanodeCommand type=deleteBlocksCommand with id=1567405864573 timed out. Retrying.
2019-09-02 06:31:16,911 [pool-7-thread-4] INFO  commands.RetriableDatanodeEventWatcher (RetriableDatanodeEventWatcher.java:onTimeout(47)) - RetriableDatanodeCommand type=deleteBlocksCommand with id=1567405864564 timed out. Retrying.
2019-09-02 06:31:16,915 [pool-7-thread-4] INFO  commands.RetriableDatanodeEventWatcher (RetriableDatanodeEventWatcher.java:onTimeout(47)) - RetriableDatanodeCommand type=deleteBlocksCommand with id=1567405864583 timed out. Retrying.
2019-09-02 06:31:16,919 [pool-7-thread-4] INFO  commands.RetriableDatanodeEventWatcher (RetriableDatanodeEventWatcher.java:onTimeout(47)) - RetriableDatanodeCommand type=deleteBlocksCommand with id=1567405864505 timed out. Retrying.
2019-09-02 06:31:16,931 [pool-7-thread-4] INFO  commands.RetriableDatanodeEventWatcher (RetriableDatanodeEventWatcher.java:onTimeout(47)) - RetriableDatanodeCommand type=deleteBlocksCommand with id=1567405864593 timed out. Retrying.
2019-09-02 06:31:16,931 [pool-7-thread-2] INFO  commands.RetriableDatanodeEventWatcher (RetriableDatanodeEventWatcher.java:onTimeout(47)) - RetriableDatanodeCommand type=deleteBlocksCommand with id=1567405864515 timed out. Retrying.
2019-09-02 06:31:16,945 [pool-7-thread-2] INFO  commands.RetriableDatanodeEventWatcher (RetriableDatanodeEventWatcher.java:onTimeout(47)) - RetriableDatanodeCommand type=deleteBlocksCommand with id=1567405864603 timed out. Retrying.
2019-09-02 06:31:16,951 [pool-7-thread-2] INFO  commands.RetriableDatanodeEventWatcher (RetriableDatanodeEventWatcher.java:onTimeout(47)) - RetriableDatanodeCommand type=deleteBlocksCommand with id=1567405864525 timed out. Retrying.
2019-09-02 06:31:16,960 [pool-7-thread-2] INFO  commands.RetriableDatanodeEventWatcher (RetriableDatanodeEventWatcher.java:onTimeout(47)) - RetriableDatanodeCommand type=deleteBlocksCommand with id=1567405864613 timed out. Retrying.
2019-09-02 06:31:16,965 [pool-7-thread-2] INFO  commands.RetriableDatanodeEventWatcher (RetriableDatanodeEventWatcher.java:onTimeout(47)) - RetriableDatanodeCommand type=deleteBlocksCommand with id=1567405864535 timed out. Retrying.
2019-09-02 06:31:17,038 [2019-09-02 06:31:17,038SCMBlockDeletingService#1]  [DEBUG pool-7-thread-2] INFOblock.SCMBlockDeletingService (  commands.RetriableDatanodeEventWatcher (RetriableDatanodeEventWatcher.java:onTimeout(SCMBlockDeletingService.java:call(138)) - 47)) - Running DeletedBlockTransactionScanner
2019-09-02 06:31:17,038 [pool-7-thread-2] INFO  commands.RetriableDatanodeEventWatcher (RetriableDatanodeEventWatcher.java:onTimeout(47)) - RetriableDatanodeCommand type=deleteBlocksCommand with id=1567405864584 timed out. Retrying.
2019-09-02 06:31:17,038 [pool-7-thread-1] INFO  commands.RetriableDatanodeEventWatcher (RetriableDatanodeEventWatcher.java:onTimeout(47)) - RetriableDatanodeCommand type=deleteBlocksCommand with id=1567405864545 timed out. Retrying.
2019-09-02 06:31:17,038 [pool-7-thread-6] INFO  commands.RetriableDatanodeEventWatcher (SCMBlockDeletingService.java:call(155)) - Scanned deleted blocks log and got 3 delTX to process.
2019-09-02 06:31:17,038 [pool-7-thread-6] INFO  commands.RetriableDatanodeEventWatcher (RetriableDatanodeEventWatcher.java:onTimeout(47)) - RetriableDatanodeCommand type=deleteBlocksCommand with id=1567405864565 timed out. Retrying.
2019-09-02 06:31:17,039 [pool-7-thread-3] INFO  commands.RetriableDatanodeEventWatcher (SCMBlockDeletingService.java:call(171)) - Added delete block command for datanode 3258574c-39ac-4ed5-9145-ea59a337c299 in the queue, number of delete block transactions: 3, TxID list: 1,2,3
2019-09-02 06:31:17,039 [pool-7-thread-3] INFO  commands.RetriableDatanodeEventWatcher (RetriableDatanodeEventWatcher.java:onTimeout(47)) - RetriableDatanodeCommand type=deleteBlocksCommand with id=1567405864516 timed out. Retrying.
2019-09-02 06:31:17,039 [pool-7-thread-4] INFO  commands.RetriableDatanodeEventWatcher (RetriableDatanodeEventWatcher.java:onTimeout(47)) - RetriableDatanodeCommand type=deleteBlocksCommand with id=1567405864594 timed out. Retrying.
2019-09-02 06:31:17,039 [pool-7-thread-7] INFO  commands.RetriableDatanodeEventWatcher (SCMBlockDeletingService.java:call(182)) - Totally added 3 delete blocks command for 1 datanodes, task elapsed time: 1ms
2019-09-02 06:31:17,039 [pool-7-thread-7] INFO  commands.RetriableDatanodeEventWatcher (RetriableDatanodeEventWatcher.java:onTimeout(47)) - RetriableDatanodeCommand type=deleteBlocksCommand with id=1567405864506 timed out. Retrying.
2019-09-02 06:31:17,039 [pool-7-thread-2] INFO  commands.RetriableDatanodeEventWatcher (RetriableDatanodeEventWatcher.java:onTimeout(47)) - RetriableDatanodeCommand type=deleteBlocksCommand with id=1567405864574 timed out. Retrying.
2019-09-02 06:31:17,040 [pool-7-thread-5] INFO  commands.RetriableDatanodeEventWatcher (RetriableDatanodeEventWatcher.java:onTimeout(47)) - RetriableDatanodeCommand type=deleteBlocksCommand with id=1567405864555 timed out. Retrying.
2019-09-02 06:31:17,047 [pool-7-thread-5] INFO  commands.RetriableDatanodeEventWatcher (RetriableDatanodeEventWatcher.java:onTimeout(47)) - RetriableDatanodeCommand type=deleteBlocksCommand with id=1567405864604 timed out. Retrying.
2019-09-02 06:31:17,053 [pool-7-thread-5] INFO  commands.RetriableDatanodeEventWatcher (RetriableDatanodeEventWatcher.java:onTimeout(47)) - RetriableDatanodeCommand type=deleteBlocksCommand with id=1567405864526 timed out. Retrying.
2019-09-02 06:31:17,061 [pool-7-thread-5] INFO  commands.RetriableDatanodeEventWatcher (RetriableDatanodeEventWatcher.java:onTimeout(47)) - RetriableDatanodeCommand type=deleteBlocksCommand with id=1567405864614 timed out. Retrying.
2019-09-02 06:31:17,069 [pool-7-thread-5] INFO  commands.RetriableDatanodeEventWatcher (RetriableDatanodeEventWatcher.java:onTimeout(47)) - RetriableDatanodeCommand type=deleteBlocksCommand with id=1567405864536 timed out. Retrying.
2019-09-02 06:31:17,084 [pool-7-thread-5] INFO  commands.RetriableDatanodeEventWatcher (RetriableDatanodeEventWatcher.java:onTimeout(47)) - RetriableDatanodeCommand type=deleteBlocksCommand with id=1567405864546 timed out. Retrying.
2019-09-02 06:31:17,097 [pool-7-thread-5] INFO  commands.RetriableDatanodeEventWatcher (RetriableDatanodeEventWatcher.java:onTimeout(47)) - RetriableDatanodeCommand type=deleteBlocksCommand with id=1567405864556 timed out. Retrying.
2019-09-02 06:31:17,100 [pool-7-thread-5] INFO  commands.RetriableDatanodeEventWatcher (RetriableDatanodeEventWatcher.java:onTimeout(47)) - RetriableDatanodeCommand type=deleteBlocksCommand with id=1567405864575 timed out. Retrying.
2019-09-02 06:31:17,120 [pool-7-thread-5] INFO  commands.RetriableDatanodeEventWatcher (RetriableDatanodeEventWatcher.java:onTimeout(47)) - RetriableDatanodeCommand type=deleteBlocksCommand with id=1567405864585 timed out. Retrying.
2019-09-02 06:31:17,132 [pool-7-thread-5] INFO  commands.RetriableDatanodeEventWatcher (RetriableDatanodeEventWatcher.java:onTimeout(47)) - RetriableDatanodeCommand type=deleteBlocksCommand with id=1567405864595 timed out. Retrying.
2019-09-02 06:31:17,139 [SCMBlockDeletingService#1] DEBUG block.SCMBlockDeletingService (SCMBlockDeletingService.java:call(138)) - Running DeletedBlockTransactionScanner
2019-09-02 06:31:17,140 [SCMBlockDeletingService#1] DEBUG block.SCMBlockDeletingService (SCMBlockDeletingService.java:call(155)) - Scanned deleted blocks log and got 3 delTX to process.
2019-09-02 06:31:17,140 [SCMBlockDeletingService#1] DEBUG block.SCMBlockDeletingService (SCMBlockDeletingService.java:call(171)) - Added delete block command for datanode 3258574c-39ac-4ed5-9145-ea59a337c299 in the queue, number of delete block transactions: 3, TxID list: 1,2,3
2019-09-02 06:31:17,141 [SCMBlockDeletingService#1] INFO  block.SCMBlockDeletingService (SCMBlockDeletingService.java:call(182)) - Totally added 3 delete blocks command for 1 datanodes, task elapsed time: 1ms
2019-09-02 06:31:17,148 [pool-7-thread-5] INFO  commands.RetriableDatanodeEventWatcher (RetriableDatanodeEventWatcher.java:onTimeout(47)) - RetriableDatanodeCommand type=deleteBlocksCommand with id=1567405864605 timed out. Retrying.
2019-09-02 06:31:17,163 [pool-7-thread-5] INFO  commands.RetriableDatanodeEventWatcher (RetriableDatanodeEventWatcher.java:onTimeout(47)) - RetriableDatanodeCommand type=deleteBlocksCommand with id=1567405864615 timed out. Retrying.
2019-09-02 06:31:17,191 [pool-7-thread-5] INFO  commands.RetriableDatanodeEventWatcher (RetriableDatanodeEventWatcher.java:onTimeout(47)) - RetriableDatanodeCommand type=deleteBlocksCommand with id=1567405864517 timed out. Retrying.
2019-09-02 06:31:17,191 [pool-7-thread-2] INFO  commands.RetriableDatanodeEventWatcher (RetriableDatanodeEventWatcher.java:onTimeout(47)) - RetriableDatanodeCommand type=deleteBlocksCommand with id=1567405864527 timed out. Retrying.
2019-09-02 06:31:17,191 [pool-7-thread-7] INFO  commands.RetriableDatanodeEventWatcher (RetriableDatanodeEventWatcher.java:onTimeout(47)) - RetriableDatanodeCommand type=deleteBlocksCommand with id=1567405864547 timed out. Retrying.
2019-09-02 06:31:17,191 [pool-7-thread-7] INFO  commands.RetriableDatanodeEventWatcher (RetriableDatanodeEventWatcher.java:onTimeout(47)) - RetriableDatanodeCommand type=deleteBlocksCommand with id=1567405864537 timed out. Retrying.
2019-09-02 06:31:17,192 [pool-7-thread-5] INFO  commands.RetriableDatanodeEventWatcher (RetriableDatanodeEventWatcher.java:onTimeout(47)) - RetriableDatanodeCommand type=deleteBlocksCommand with id=1567405864507 timed out. Retrying.
2019-09-02 06:31:17,192 [pool-7-thread-2] INFO  commands.RetriableDatanodeEventWatcher (RetriableDatanodeEventWatcher.java:onTimeout(47)) - RetriableDatanodeCommand type=deleteBlocksCommand with id=1567405864566 timed out. Retrying.
2019-09-02 06:31:17,200 [pool-7-thread-2] INFO  commands.RetriableDatanodeEventWatcher (RetriableDatanodeEventWatcher.java:onTimeout(47)) - RetriableDatanodeCommand type=deleteBlocksCommand with id=1567405864557 timed out. Retrying.
2019-09-02 06:31:17,203 [pool-7-thread-2] INFO  commands.RetriableDatanodeEventWatcher (RetriableDatanodeEventWatcher.java:onTimeout(47)) - RetriableDatanodeCommand type=deleteBlocksCommand with id=1567405864576 timed out. Retrying.
2019-09-02 06:31:17,221 [pool-7-thread-2] INFO  commands.RetriableDatanodeEventWatcher (RetriableDatanodeEventWatcher.java:onTimeout(47)) - RetriableDatanodeCommand type=deleteBlocksCommand with id=1567405864586 timed out. Retrying.
2019-09-02 06:31:17,223 [pool-7-thread-2] INFO  commands.RetriableDatanodeEventWatcher (RetriableDatanodeEventWatcher.java:onTimeout(47)) - RetriableDatanodeCommand type=deleteBlocksCommand with id=1567405864508 timed out. Retrying.
2019-09-02 06:31:17,234 [pool-7-thread-2] INFO  commands.RetriableDatanodeEventWatcher (RetriableDatanodeEventWatcher.java:onTimeout(47)) - RetriableDatanodeCommand type=deleteBlocksCommand with id=1567405864596 timed out. Retrying.
2019-09-02 06:31:17,240 [pool-7-thread-2] INFO  commands.RetriableDatanodeEventWatcher (RetriableDatanodeEventWatcher.java:onTimeout(47)) - RetriableDatanodeCommand type=deleteBlocksCommand with id=1567405864518 timed out. Retrying.
2019-09-02 06:31:17,241 [SCMBlockDeletingService#0] DEBUG block.SCMBlockDeletingService (SCMBlockDeletingService.java:call(138)) - Running DeletedBlockTransactionScanner
2019-09-02 06:31:17,241 [SCMBlockDeletingService#0] DEBUG block.SCMBlockDeletingService (SCMBlockDeletingService.java:call(155)) - Scanned deleted blocks log and got 3 delTX to process.
2019-09-02 06:31:17,242 [SCMBlockDeletingService#0] DEBUG block.SCMBlockDeletingService (SCMBlockDeletingService.java:call(171)) - Added delete block command for datanode 3258574c-39ac-4ed5-9145-ea59a337c299 in the queue, number of delete block transactions: 3, TxID list: 1,2,3
2019-09-02 06:31:17,242 [SCMBlockDeletingService#0] INFO  block.SCMBlockDeletingService (SCMBlockDeletingService.java:call(182)) - Totally added 3 delete blocks command for 1 datanodes, task elapsed time: 1ms
2019-09-02 06:31:17,249 [pool-7-thread-2] INFO  commands.RetriableDatanodeEventWatcher (RetriableDatanodeEventWatcher.java:onTimeout(47)) - RetriableDatanodeCommand type=deleteBlocksCommand with id=1567405864606 timed out. Retrying.
2019-09-02 06:31:17,256 [pool-7-thread-2] INFO  commands.RetriableDatanodeEventWatcher (RetriableDatanodeEventWatcher.java:onTimeout(47)) - RetriableDatanodeCommand type=deleteBlocksCommand with id=1567405864528 timed out. Retrying.
2019-09-02 06:31:17,264 [pool-7-thread-2] INFO  commands.RetriableDatanodeEventWatcher (RetriableDatanodeEventWatcher.java:onTimeout(47)) - RetriableDatanodeCommand type=deleteBlocksCommand with id=1567405864616 timed out. Retrying.
2019-09-02 06:31:17,272 [pool-7-thread-2] INFO  commands.RetriableDatanodeEventWatcher (RetriableDatanodeEventWatcher.java:onTimeout(47)) - RetriableDatanodeCommand type=deleteBlocksCommand with id=1567405864538 timed out. Retrying.
2019-09-02 06:31:17,284 [pool-7-thread-2] INFO  commands.RetriableDatanodeEventWatcher (RetriableDatanodeEventWatcher.java:onTimeout(47)) - RetriableDatanodeCommand type=deleteBlocksCommand with id=1567405864548 timed out. Retrying.
2019-09-02 06:31:17,290 [pool-7-thread-2] INFO  commands.RetriableDatanodeEventWatcher (RetriableDatanodeEventWatcher.java:onTimeout(47)) - RetriableDatanodeCommand type=deleteBlocksCommand with id=1567405864567 timed out. Retrying.
2019-09-02 06:31:17,300 [pool-7-thread-2] INFO  commands.RetriableDatanodeEventWatcher (RetriableDatanodeEventWatcher.java:onTimeout(47)) - RetriableDatanodeCommand type=deleteBlocksCommand with id=1567405864558 timed out. Retrying.
2019-09-02 06:31:17,304 [pool-7-thread-2] INFO  commands.RetriableDatanodeEventWatcher (RetriableDatanodeEventWatcher.java:onTimeout(47)) - RetriableDatanodeCommand type=deleteBlocksCommand with id=1567405864577 timed out. Retrying.
2019-09-02 06:31:17,307 [main] INFO  ozone.MiniOzoneClusterImpl (MiniOzoneClusterImpl.java:lambda$waitForClusterToBeReady$0(140)) - Cluster is ready. Got 1 of 1 DN Heartbeats.
2019-09-02 06:31:17,313 [Datanode State Machine Thread - 0] ERROR statemachine.EndpointStateMachine (EndpointStateMachine.java:logIfNeeded(204)) - Unable to communicate to SCM server at 0.0.0.0:46403 for past 0 seconds.
java.net.SocketTimeoutException: Call From trunk-nightly-20190902-fsht6-3309735379/192.168.36.97 to 0.0.0.0:46403 failed on socket timeout exception: java.net.SocketTimeoutException: 1000 millis timeout while waiting for channel to be ready for read. ch : java.nio.channels.SocketChannel[connected local=/192.168.36.97:33086 remote=/0.0.0.0:46403]; For more details see:  http://wiki.apache.org/hadoop/SocketTimeout
	at sun.reflect.NativeConstructorAccessorImpl.newInstance0(Native Method)
	at sun.reflect.NativeConstructorAccessorImpl.newInstance(NativeConstructorAccessorImpl.java:62)
	at sun.reflect.DelegatingConstructorAccessorImpl.newInstance(DelegatingConstructorAccessorImpl.java:45)
	at java.lang.reflect.Constructor.newInstance(Constructor.java:423)
	at org.apache.hadoop.net.NetUtils.wrapWithMessage(NetUtils.java:831)
	at org.apache.hadoop.net.NetUtils.wrapException(NetUtils.java:775)
	at org.apache.hadoop.ipc.Client.getRpcResponse(Client.java:1515)
	at org.apache.hadoop.ipc.Client.call(Client.java:1457)
	at org.apache.hadoop.ipc.Client.call(Client.java:1367)
	at org.apache.hadoop.ipc.ProtobufRpcEngine$Invoker.invoke(ProtobufRpcEngine.java:228)
	at org.apache.hadoop.ipc.ProtobufRpcEngine$Invoker.invoke(ProtobufRpcEngine.java:116)
	at com.sun.proxy.$Proxy32.sendHeartbeat(Unknown Source)
	at org.apache.hadoop.ozone.protocolPB.StorageContainerDatanodeProtocolClientSideTranslatorPB.sendHeartbeat(StorageContainerDatanodeProtocolClientSideTranslatorPB.java:131)
	at org.apache.hadoop.ozone.container.common.states.endpoint.HeartbeatEndpointTask.call(HeartbeatEndpointTask.java:143)
	at org.apache.hadoop.ozone.container.common.states.endpoint.HeartbeatEndpointTask.call(HeartbeatEndpointTask.java:74)
	at java.util.concurrent.FutureTask.run(FutureTask.java:266)
	at java.util.concurrent.Executors$RunnableAdapter.call(Executors.java:511)
	at java.util.concurrent.FutureTask.run(FutureTask.java:266)
	at java.util.concurrent.ThreadPoolExecutor.runWorker(ThreadPoolExecutor.java:1149)
	at java.util.concurrent.ThreadPoolExecutor$Worker.run(ThreadPoolExecutor.java:624)
	at java.lang.Thread.run(Thread.java:748)
Caused by: java.net.SocketTimeoutException: 1000 millis timeout while waiting for channel to be ready for read. ch : java.nio.channels.SocketChannel[connected local=/192.168.36.97:33086 remote=/0.0.0.0:46403]
	at org.apache.hadoop.net.SocketIOWithTimeout.doIO(SocketIOWithTimeout.java:164)
	at org.apache.hadoop.net.SocketInputStream.read(SocketInputStream.java:161)
	at org.apache.hadoop.net.SocketInputStream.read(SocketInputStream.java:131)
	at java.io.FilterInputStream.read(FilterInputStream.java:133)
	at java.io.BufferedInputStream.fill(BufferedInputStream.java:246)
	at java.io.BufferedInputStream.read(BufferedInputStream.java:265)
	at java.io.FilterInputStream.read(FilterInputStream.java:83)
	at java.io.FilterInputStream.read(FilterInputStream.java:83)
	at org.apache.hadoop.ipc.Client$Connection$PingInputStream.read(Client.java:557)
	at java.io.DataInputStream.readInt(DataInputStream.java:387)
	at org.apache.hadoop.ipc.Client$IpcStreams.readResponse(Client.java:1816)
	at org.apache.hadoop.ipc.Client$Connection.receiveRpcResponse(Client.java:1173)
	at org.apache.hadoop.ipc.Client$Connection.run(Client.java:1069)
2019-09-02 06:31:17,321 [pool-7-thread-2] INFO  commands.RetriableDatanodeEventWatcher (RetriableDatanodeEventWatcher.java:onTimeout(47)) - RetriableDatanodeCommand type=deleteBlocksCommand with id=1567405864587 timed out. Retrying.
2019-09-02 06:31:17,322 [EventQueue-PendingDeleteStatusForPendingDeleteHandler] INFO  block.SCMBlockDeletingService (SCMBlockDeletingService.java:handlePendingDeletes(115)) - Block deletion txnID mismatch in datanode 3258574c-39ac-4ed5-9145-ea59a337c299 for containerID 1. Datanode delete txnID: 0, SCM txnID: 1
2019-09-02 06:31:17,322 [EventQueue-PendingDeleteStatusForPendingDeleteHandler] INFO  block.SCMBlockDeletingService (SCMBlockDeletingService.java:handlePendingDeletes(115)) - Block deletion txnID mismatch in datanode 3258574c-39ac-4ed5-9145-ea59a337c299 for containerID 2. Datanode delete txnID: 0, SCM txnID: 2
2019-09-02 06:31:17,322 [EventQueue-PendingDeleteStatusForPendingDeleteHandler] INFO  block.SCMBlockDeletingService (SCMBlockDeletingService.java:handlePendingDeletes(115)) - Block deletion txnID mismatch in datanode 3258574c-39ac-4ed5-9145-ea59a337c299 for containerID 3. Datanode delete txnID: 0, SCM txnID: 3
2019-09-02 06:31:17,326 [pool-7-thread-2] INFO  commands.RetriableDatanodeEventWatcher (RetriableDatanodeEventWatcher.java:onTimeout(47)) - RetriableDatanodeCommand type=deleteBlocksCommand with id=1567405864509 timed out. Retrying.
2019-09-02 06:31:17,335 [pool-7-thread-2] INFO  commands.RetriableDatanodeEventWatcher (RetriableDatanodeEventWatcher.java:onTimeout(47)) - RetriableDatanodeCommand type=deleteBlocksCommand with id=1567405864597 timed out. Retrying.
2019-09-02 06:31:17,341 [pool-7-thread-2] INFO  commands.RetriableDatanodeEventWatcher (RetriableDatanodeEventWatcher.java:onTimeout(47)) - RetriableDatanodeCommand type=deleteBlocksCommand with id=1567405864519 timed out. Retrying.
2019-09-02 06:31:17,342 [SCMBlockDeletingService#0] DEBUG block.SCMBlockDeletingService (SCMBlockDeletingService.java:call(138)) - Running DeletedBlockTransactionScanner
2019-09-02 06:31:17,343 [SCMBlockDeletingService#0] DEBUG block.SCMBlockDeletingService (SCMBlockDeletingService.java:call(155)) - Scanned deleted blocks log and got 3 delTX to process.
2019-09-02 06:31:17,343 [SCMBlockDeletingService#0] DEBUG block.SCMBlockDeletingService (SCMBlockDeletingService.java:call(171)) - Added delete block command for datanode 3258574c-39ac-4ed5-9145-ea59a337c299 in the queue, number of delete block transactions: 3, TxID list: 1,2,3
2019-09-02 06:31:17,343 [SCMBlockDeletingService#0] INFO  block.SCMBlockDeletingService (SCMBlockDeletingService.java:call(182)) - Totally added 3 delete blocks command for 1 datanodes, task elapsed time: 1ms
2019-09-02 06:31:17,350 [pool-7-thread-2] INFO  commands.RetriableDatanodeEventWatcher (RetriableDatanodeEventWatcher.java:onTimeout(47)) - RetriableDatanodeCommand type=deleteBlocksCommand with id=1567405864607 timed out. Retrying.
2019-09-02 06:31:17,356 [pool-7-thread-2] INFO  commands.RetriableDatanodeEventWatcher (RetriableDatanodeEventWatcher.java:onTimeout(47)) - RetriableDatanodeCommand type=deleteBlocksCommand with id=1567405864529 timed out. Retrying.
2019-09-02 06:31:17,366 [pool-7-thread-2] INFO  commands.RetriableDatanodeEventWatcher (RetriableDatanodeEventWatcher.java:onTimeout(47)) - RetriableDatanodeCommand type=deleteBlocksCommand with id=1567405864617 timed out. Retrying.
2019-09-02 06:31:17,374 [pool-7-thread-2] INFO  commands.RetriableDatanodeEventWatcher (RetriableDatanodeEventWatcher.java:onTimeout(47)) - RetriableDatanodeCommand type=deleteBlocksCommand with id=1567405864539 timed out. Retrying.
2019-09-02 06:31:17,386 [pool-7-thread-2] INFO  commands.RetriableDatanodeEventWatcher (RetriableDatanodeEventWatcher.java:onTimeout(47)) - RetriableDatanodeCommand type=deleteBlocksCommand with id=1567405864549 timed out. Retrying.
2019-09-02 06:31:17,392 [pool-7-thread-2] INFO  commands.RetriableDatanodeEventWatcher (RetriableDatanodeEventWatcher.java:onTimeout(47)) - RetriableDatanodeCommand type=deleteBlocksCommand with id=1567405864568 timed out. Retrying.
2019-09-02 06:31:17,403 [pool-7-thread-2] INFO  commands.RetriableDatanodeEventWatcher (RetriableDatanodeEventWatcher.java:onTimeout(47)) - RetriableDatanodeCommand type=deleteBlocksCommand with id=1567405864559 timed out. Retrying.
2019-09-02 06:31:17,407 [pool-7-thread-2] INFO  commands.RetriableDatanodeEventWatcher (RetriableDatanodeEventWatcher.java:onTimeout(47)) - RetriableDatanodeCommand type=deleteBlocksCommand with id=1567405864578 timed out. Retrying.
2019-09-02 06:31:17,423 [pool-7-thread-2] INFO  commands.RetriableDatanodeEventWatcher (RetriableDatanodeEventWatcher.java:onTimeout(47)) - RetriableDatanodeCommand type=deleteBlocksCommand with id=1567405864588 timed out. Retrying.
2019-09-02 06:31:17,427 [pool-7-thread-2] INFO  commands.RetriableDatanodeEventWatcher (RetriableDatanodeEventWatcher.java:onTimeout(47)) - RetriableDatanodeCommand type=deleteBlocksCommand with id=1567405864510 timed out. Retrying.
2019-09-02 06:31:17,438 [pool-7-thread-2] INFO  commands.RetriableDatanodeEventWatcher (RetriableDatanodeEventWatcher.java:onTimeout(47)) - RetriableDatanodeCommand type=deleteBlocksCommand with id=1567405864598 timed out. Retrying.
2019-09-02 06:31:17,441 [pool-7-thread-2] INFO  commands.RetriableDatanodeEventWatcher (RetriableDatanodeEventWatcher.java:onTimeout(47)) - RetriableDatanodeCommand type=deleteBlocksCommand with id=1567405864520 timed out. Retrying.
2019-09-02 06:31:17,443 [SCMBlockDeletingService#0] DEBUG block.SCMBlockDeletingService (SCMBlockDeletingService.java:call(138)) - Running DeletedBlockTransactionScanner
2019-09-02 06:31:17,444 [SCMBlockDeletingService#0] DEBUG block.SCMBlockDeletingService (SCMBlockDeletingService.java:call(155)) - Scanned deleted blocks log and got 3 delTX to process.
2019-09-02 06:31:17,444 [SCMBlockDeletingService#0] DEBUG block.SCMBlockDeletingService (SCMBlockDeletingService.java:call(171)) - Added delete block command for datanode 3258574c-39ac-4ed5-9145-ea59a337c299 in the queue, number of delete block transactions: 3, TxID list: 1,2,3
2019-09-02 06:31:17,444 [SCMBlockDeletingService#0] INFO  block.SCMBlockDeletingService (SCMBlockDeletingService.java:call(182)) - Totally added 3 delete blocks command for 1 datanodes, task elapsed time: 1ms
2019-09-02 06:31:17,453 [pool-7-thread-2] INFO  commands.RetriableDatanodeEventWatcher (RetriableDatanodeEventWatcher.java:onTimeout(47)) - RetriableDatanodeCommand type=deleteBlocksCommand with id=1567405864608 timed out. Retrying.
2019-09-02 06:31:17,461 [pool-7-thread-2] INFO  commands.RetriableDatanodeEventWatcher (RetriableDatanodeEventWatcher.java:onTimeout(47)) - RetriableDatanodeCommand type=deleteBlocksCommand with id=1567405864530 timed out. Retrying.
2019-09-02 06:31:17,471 [pool-7-thread-2] INFO  commands.RetriableDatanodeEventWatcher (RetriableDatanodeEventWatcher.java:onTimeout(47)) - RetriableDatanodeCommand type=deleteBlocksCommand with id=1567405864618 timed out. Retrying.
2019-09-02 06:31:17,473 [pool-7-thread-2] INFO  commands.RetriableDatanodeEventWatcher (RetriableDatanodeEventWatcher.java:onTimeout(47)) - RetriableDatanodeCommand type=deleteBlocksCommand with id=1567405864540 timed out. Retrying.
2019-09-02 06:31:17,492 [pool-7-thread-2] INFO  commands.RetriableDatanodeEventWatcher (RetriableDatanodeEventWatcher.java:onTimeout(47)) - RetriableDatanodeCommand type=deleteBlocksCommand with id=1567405864550 timed out. Retrying.
2019-09-02 06:31:17,492 [pool-7-thread-5] INFO  commands.RetriableDatanodeEventWatcher (RetriableDatanodeEventWatcher.java:onTimeout(47)) - RetriableDatanodeCommand type=deleteBlocksCommand with id=1567405864569 timed out. Retrying.
2019-09-02 06:31:17,502 [Thread-4632] INFO  impl.FollowerState (FollowerState.java:run(106)) - 3258574c-39ac-4ed5-9145-ea59a337c299:group-6C7D867BDA6A changes to CANDIDATE, lastRpcTime:5178, electionTimeout:5178ms
2019-09-02 06:31:17,505 [Thread-4632] INFO  impl.RoleInfo (RoleInfo.java:shutdownFollowerState(121)) - 3258574c-39ac-4ed5-9145-ea59a337c299: shutdown FollowerState
2019-09-02 06:31:17,505 [Thread-4632] INFO  impl.RaftServerImpl (RaftServerImpl.java:setRole(171)) - 3258574c-39ac-4ed5-9145-ea59a337c299:group-6C7D867BDA6A changes role from FOLLOWER to CANDIDATE at term 1 for changeToCandidate
2019-09-02 06:31:17,505 [Thread-4632] INFO  impl.RoleInfo (RoleInfo.java:updateAndGet(143)) - 3258574c-39ac-4ed5-9145-ea59a337c299: start LeaderElection
2019-09-02 06:31:17,509 [pool-7-thread-5] INFO  commands.RetriableDatanodeEventWatcher (RetriableDatanodeEventWatcher.java:onTimeout(47)) - RetriableDatanodeCommand type=deleteBlocksCommand with id=1567405864560 timed out. Retrying.
2019-09-02 06:31:17,513 [pool-7-thread-2] INFO  commands.RetriableDatanodeEventWatcher (RetriableDatanodeEventWatcher.java:onTimeout(47)) - RetriableDatanodeCommand type=deleteBlocksCommand with id=1567405864579 timed out. Retrying.
2019-09-02 06:31:17,513 [pool-7-thread-7] INFO  commands.RetriableDatanodeEventWatcher (RetriableDatanodeEventWatcher.java:onTimeout(47)) - RetriableDatanodeCommand type=deleteBlocksCommand with id=1567405864501 timed out. Retrying.
2019-09-02 06:31:17,524 [pool-7-thread-7] INFO  commands.RetriableDatanodeEventWatcher (RetriableDatanodeEventWatcher.java:onTimeout(47)) - RetriableDatanodeCommand type=deleteBlocksCommand with id=1567405864589 timed out. Retrying.
2019-09-02 06:31:17,527 [3258574c-39ac-4ed5-9145-ea59a337c299:group-6C7D867BDA6A:LeaderElection2] INFO  impl.LeaderElection (LeaderElection.java:askForVotes(181)) - 3258574c-39ac-4ed5-9145-ea59a337c299:group-6C7D867BDA6A:LeaderElection2: begin an election at term 2 for 0: [3258574c-39ac-4ed5-9145-ea59a337c299:192.168.36.97:35043], old=null
2019-09-02 06:31:17,528 [3258574c-39ac-4ed5-9145-ea59a337c299:group-6C7D867BDA6A:LeaderElection2] INFO  impl.RoleInfo (RoleInfo.java:shutdownLeaderElection(134)) - 3258574c-39ac-4ed5-9145-ea59a337c299: shutdown LeaderElection
2019-09-02 06:31:17,528 [3258574c-39ac-4ed5-9145-ea59a337c299:group-6C7D867BDA6A:LeaderElection2] INFO  impl.RaftServerImpl (RaftServerImpl.java:setRole(171)) - 3258574c-39ac-4ed5-9145-ea59a337c299:group-6C7D867BDA6A changes role from CANDIDATE to LEADER at term 2 for changeToLeader
2019-09-02 06:31:17,528 [3258574c-39ac-4ed5-9145-ea59a337c299:group-6C7D867BDA6A:LeaderElection2] INFO  impl.RaftServerImpl (ServerState.java:setLeader(263)) - 3258574c-39ac-4ed5-9145-ea59a337c299:group-6C7D867BDA6A change Leader from null to 3258574c-39ac-4ed5-9145-ea59a337c299 at term 2 for becomeLeader, leader elected after 7242ms
2019-09-02 06:31:17,529 [3258574c-39ac-4ed5-9145-ea59a337c299:group-6C7D867BDA6A:LeaderElection2] INFO  server.RaftServerConfigKeys (ConfUtils.java:logGet(43)) - raft.server.staging.catchup.gap = 1000 (default)
2019-09-02 06:31:17,529 [3258574c-39ac-4ed5-9145-ea59a337c299:group-6C7D867BDA6A:LeaderElection2] INFO  server.RaftServerConfigKeys (ConfUtils.java:logGet(43)) - raft.server.rpc.sleep.time = 25ms (default)
2019-09-02 06:31:17,529 [3258574c-39ac-4ed5-9145-ea59a337c299:group-6C7D867BDA6A:LeaderElection2] INFO  server.RaftServerConfigKeys (ConfUtils.java:logGet(43)) - raft.server.write.element-limit = 4096 (default)
2019-09-02 06:31:17,529 [3258574c-39ac-4ed5-9145-ea59a337c299:group-6C7D867BDA6A:LeaderElection2] INFO  server.RaftServerConfigKeys (ConfUtils.java:logGet(43)) - raft.server.watch.timeout = 10s (default)
2019-09-02 06:31:17,529 [3258574c-39ac-4ed5-9145-ea59a337c299:group-6C7D867BDA6A:LeaderElection2] INFO  server.RaftServerConfigKeys (ConfUtils.java:logGet(43)) - raft.server.watch.timeout.denomination = 1s (default)
2019-09-02 06:31:17,529 [3258574c-39ac-4ed5-9145-ea59a337c299:group-6C7D867BDA6A:LeaderElection2] INFO  server.RaftServerConfigKeys (ConfUtils.java:logGet(43)) - raft.server.watch.element-limit = 65536 (default)
2019-09-02 06:31:17,530 [3258574c-39ac-4ed5-9145-ea59a337c299:group-6C7D867BDA6A:LeaderElection2] INFO  impl.RoleInfo (RoleInfo.java:updateAndGet(143)) - 3258574c-39ac-4ed5-9145-ea59a337c299: start LeaderState
2019-09-02 06:31:17,530 [3258574c-39ac-4ed5-9145-ea59a337c299:group-6C7D867BDA6A:LeaderElection2] INFO  segmented.SegmentedRaftLogWorker (SegmentedRaftLogWorker.java:rollLogSegment(385)) - 3258574c-39ac-4ed5-9145-ea59a337c299-SegmentedRaftLogWorker:Storage Directory /workdir/hadoop-ozone/integration-test/target/test-dir/MiniOzoneClusterImpl-6a7e25ec-1fb2-41bc-9349-4a036b68fad4/datanode-0/data/ratis/64ed058b-0019-49be-a698-6c7d867bda6a: Rolling segment log-5471_6176 to index:6176
2019-09-02 06:31:17,531 [pool-7-thread-7] INFO  commands.RetriableDatanodeEventWatcher (RetriableDatanodeEventWatcher.java:onTimeout(47)) - RetriableDatanodeCommand type=deleteBlocksCommand with id=1567405864511 timed out. Retrying.
2019-09-02 06:31:17,532 [3258574c-39ac-4ed5-9145-ea59a337c299:group-6C7D867BDA6A:LeaderElection2] INFO  impl.RaftServerImpl (ServerState.java:setRaftConf(361)) - 3258574c-39ac-4ed5-9145-ea59a337c299:group-6C7D867BDA6A set configuration 6177: [3258574c-39ac-4ed5-9145-ea59a337c299:192.168.36.97:35043], old=null at 6177
2019-09-02 06:31:17,533 [3258574c-39ac-4ed5-9145-ea59a337c299-SegmentedRaftLogWorker:Storage Directory /workdir/hadoop-ozone/integration-test/target/test-dir/MiniOzoneClusterImpl-6a7e25ec-1fb2-41bc-9349-4a036b68fad4/datanode-0/data/ratis/64ed058b-0019-49be-a698-6c7d867bda6a] INFO  segmented.SegmentedRaftLogWorker (SegmentedRaftLogWorker.java:execute(526)) - 3258574c-39ac-4ed5-9145-ea59a337c299-SegmentedRaftLogWorker:Storage Directory /workdir/hadoop-ozone/integration-test/target/test-dir/MiniOzoneClusterImpl-6a7e25ec-1fb2-41bc-9349-4a036b68fad4/datanode-0/data/ratis/64ed058b-0019-49be-a698-6c7d867bda6a: Rolled log segment from /workdir/hadoop-ozone/integration-test/target/test-dir/MiniOzoneClusterImpl-6a7e25ec-1fb2-41bc-9349-4a036b68fad4/datanode-0/data/ratis/64ed058b-0019-49be-a698-6c7d867bda6a/current/log_inprogress_5471 to /workdir/hadoop-ozone/integration-test/target/test-dir/MiniOzoneClusterImpl-6a7e25ec-1fb2-41bc-9349-4a036b68fad4/datanode-0/data/ratis/64ed058b-0019-49be-a698-6c7d867bda6a/current/log_5471-6176
2019-09-02 06:31:17,539 [pool-7-thread-7] INFO  commands.RetriableDatanodeEventWatcher (RetriableDatanodeEventWatcher.java:onTimeout(47)) - RetriableDatanodeCommand type=deleteBlocksCommand with id=1567405864599 timed out. Retrying.
2019-09-02 06:31:17,565 [pool-7-thread-7] INFO  commands.RetriableDatanodeEventWatcher (RetriableDatanodeEventWatcher.java:onTimeout(47)) - RetriableDatanodeCommand type=deleteBlocksCommand with id=1567405864609 timed out. Retrying.
SCMBlockDeletingService.java:call(138)) - Running DeletedBlockTransactionScanner
2019-09-02 06:31:17,565 [pool-7-thread-7] INFO  commands.RetriableDatanodeEventWatcher (RetriableDatanodeEventWatcher.java:onTimeout(47)) - RetriableDatanodeCommand type=deleteBlocksCommand with id=1567405864609 timed out. Retrying.
2019-09-02 06:31:17,566 [pool-7-thread-2] INFO  commands.RetriableDatanodeEventWatcher (RetriableDatanodeEventWatcher.java:onTimeout(47)) - RetriableDatanodeCommand type=deleteBlocksCommand with id=1567405864521 timed out. Retrying.
2019-09-02 06:31:17,566 [pool-7-thread-5] INFO  commands.RetriableDatanodeEventWatcher (RetriableDatanodeEventWatcher.java:onTimeout(47)) - RetriableDatanodeCommand type=deleteBlocksCommand with id=1567405864531 timed out. Retrying.
2019-09-02 06:31:17,567 [SCMBlockDeletingService#0] DEBUG block.SCMBlockDeletingService (SCMBlockDeletingService.java:call(155)) - Scanned deleted blocks log and got 3 delTX to process.
2019-09-02 06:31:17,567 [SCMBlockDeletingService#0] DEBUG block.SCMBlockDeletingService (SCMBlockDeletingService.java:call(171)) - Added delete block command for datanode 3258574c-39ac-4ed5-9145-ea59a337c299 in the queue, number of delete block transactions: 3, TxID list: 1,2,3
2019-09-02 06:31:17,568 [SCMBlockDeletingService#0] INFO  block.SCMBlockDeletingService (SCMBlockDeletingService.java:call(182)) - Totally added 3 delete blocks command for 1 datanodes, task elapsed time: 23ms
2019-09-02 06:31:17,573 [pool-7-thread-5] INFO  commands.RetriableDatanodeEventWatcher (RetriableDatanodeEventWatcher.java:onTimeout(47)) - RetriableDatanodeCommand type=deleteBlocksCommand with id=1567405864619 timed out. Retrying.
2019-09-02 06:31:17,575 [pool-7-thread-5] INFO  commands.RetriableDatanodeEventWatcher (RetriableDatanodeEventWatcher.java:onTimeout(47)) - RetriableDatanodeCommand type=deleteBlocksCommand with id=1567405864541 timed out. Retrying.
2019-09-02 06:31:17,590 [3258574c-39ac-4ed5-9145-ea59a337c299-SegmentedRaftLogWorker:Storage Directory /workdir/hadoop-ozone/integration-test/target/test-dir/MiniOzoneClusterImpl-6a7e25ec-1fb2-41bc-9349-4a036b68fad4/datanode-0/data/ratis/64ed058b-0019-49be-a698-6c7d867bda6a] INFO  segmented.SegmentedRaftLogWorker (SegmentedRaftLogWorker.java:execute(569)) - 3258574c-39ac-4ed5-9145-ea59a337c299-SegmentedRaftLogWorker:Storage Directory /workdir/hadoop-ozone/integration-test/target/test-dir/MiniOzoneClusterImpl-6a7e25ec-1fb2-41bc-9349-4a036b68fad4/datanode-0/data/ratis/64ed058b-0019-49be-a698-6c7d867bda6a: created new log segment /workdir/hadoop-ozone/integration-test/target/test-dir/MiniOzoneClusterImpl-6a7e25ec-1fb2-41bc-9349-4a036b68fad4/datanode-0/data/ratis/64ed058b-0019-49be-a698-6c7d867bda6a/current/log_inprogress_6177
2019-09-02 06:31:17,590 [pool-7-thread-5] INFO  commands.RetriableDatanodeEventWatcher (RetriableDatanodeEventWatcher.java:onTimeout(47)) - RetriableDatanodeCommand type=deleteBlocksCommand with id=1567405864551 timed out. Retrying.
2019-09-02 06:31:17,674 [SCMBlockDeletingService#0] DEBUG block.SCMBlockDeletingService (SCMBlockDeletingService.java:call(138)) - Running DeletedBlockTransactionScanner
RetriableDatanodeCommand type=deleteBlocksCommand with id=1567405864580 timed out. Retrying.
2019-09-02 06:31:17,675 [SCMBlockDeletingService#0] DEBUG block.SCMBlockDeletingService (SCMBlockDeletingService.java:call(155)) - Scanned deleted blocks log and got 3 delTX to process.
2019-09-02 06:31:17,675 [pool-7-thread-5] INFO  commands.RetriableDatanodeEventWatcher (RetriableDatanodeEventWatcher.java:onTimeout(47)) - RetriableDatanodeCommand type=deleteBlocksCommand with id=1567405864580 timed out. Retrying.
2019-09-02 06:31:17,676 [SCMBlockDeletingService#0] DEBUG block.SCMBlockDeletingService (SCMBlockDeletingService.java:call(171)) - Added delete block command for datanode 3258574c-39ac-4ed5-9145-ea59a337c299 in the queue, number of delete block transactions: 3, TxID list: 1,2,3
2019-09-02 06:31:17,676 [pool-7-thread-4] INFO  commands.RetriableDatanodeEventWatcher (RetriableDatanodeEventWatcher.java:onTimeout(47)) - RetriableDatanodeCommand type=deleteBlocksCommand with id=1567405864610 timed out. Retrying.
2019-09-02 06:31:17,676 [pool-7-thread-6] INFO  commands.RetriableDatanodeEventWatcher (SCMBlockDeletingService.java:call(182)) - Totally added 3 delete blocks command for 1 datanodes, task elapsed time: 2ms
2019-09-02 06:31:17,676 [pool-7-thread-6] INFO  commands.RetriableDatanodeEventWatcher (RetriableDatanodeEventWatcher.java:onTimeout(47)) - RetriableDatanodeCommand type=deleteBlocksCommand with id=1567405864512 timed out. Retrying.
2019-09-02 06:31:17,676 [pool-7-thread-7] INFO  commands.RetriableDatanodeEventWatcher (RetriableDatanodeEventWatcher.java:onTimeout(47)) - RetriableDatanodeCommand type=deleteBlocksCommand with id=1567405864600 timed out. Retrying.
2019-09-02 06:31:17,677 [pool-7-thread-3] INFO  commands.RetriableDatanodeEventWatcher (RetriableDatanodeEventWatcher.java:onTimeout(47)) - RetriableDatanodeCommand type=deleteBlocksCommand with id=1567405864620 timed out. Retrying.
2019-09-02 06:31:17,677 [pool-7-thread-1] INFO  commands.RetriableDatanodeEventWatcher (RetriableDatanodeEventWatcher.java:onTimeout(47)) - RetriableDatanodeCommand type=deleteBlocksCommand with id=1567405864522 timed out. Retrying.
2019-09-02 06:31:17,677 [pool-7-thread-2] INFO  commands.RetriableDatanodeEventWatcher (RetriableDatanodeEventWatcher.java:onTimeout(47)) - RetriableDatanodeCommand type=deleteBlocksCommand with id=1567405864590 timed out. Retrying.
2019-09-02 06:31:17,677 [pool-7-thread-6] INFO  commands.RetriableDatanodeEventWatcher (RetriableDatanodeEventWatcher.java:onTimeout(47)) - RetriableDatanodeCommand type=deleteBlocksCommand with id=1567405864542 timed out. Retrying.
2019-09-02 06:31:17,677 [pool-7-thread-10] INFO  commands.RetriableDatanodeEventWatcher (RetriableDatanodeEventWatcher.java:onTimeout(47)) - RetriableDatanodeCommand type=deleteBlocksCommand with id=1567405864502 timed out. Retrying.
2019-09-02 06:31:17,677 [pool-7-thread-9] INFO  commands.RetriableDatanodeEventWatcher (RetriableDatanodeEventWatcher.java:onTimeout(47)) - RetriableDatanodeCommand type=deleteBlocksCommand with id=1567405864561 timed out. Retrying.
2019-09-02 06:31:17,678 [pool-7-thread-5] INFO  commands.RetriableDatanodeEventWatcher (RetriableDatanodeEventWatcher.java:onTimeout(47)) - RetriableDatanodeCommand type=deleteBlocksCommand with id=1567405864570 timed out. Retrying.
2019-09-02 06:31:17,678 [pool-7-thread-8] INFO  commands.RetriableDatanodeEventWatcher (RetriableDatanodeEventWatcher.java:onTimeout(47)) - RetriableDatanodeCommand type=deleteBlocksCommand with id=1567405864532 timed out. Retrying.
2019-09-02 06:31:17,692 [pool-7-thread-8] INFO  commands.RetriableDatanodeEventWatcher (RetriableDatanodeEventWatcher.java:onTimeout(47)) - RetriableDatanodeCommand type=deleteBlocksCommand with id=1567405864552 timed out. Retrying.
2019-09-02 06:31:17,695 [pool-7-thread-8] INFO  commands.RetriableDatanodeEventWatcher (RetriableDatanodeEventWatcher.java:onTimeout(47)) - RetriableDatanodeCommand type=deleteBlocksCommand with id=1567405864571 timed out. Retrying.
2019-09-02 06:31:17,698 [EventQueue-PendingDeleteStatusForPendingDeleteHandler] INFO  block.SCMBlockDeletingService (SCMBlockDeletingService.java:handlePendingDeletes(115)) - Block deletion txnID mismatch in datanode 3258574c-39ac-4ed5-9145-ea59a337c299 for containerID 1. Datanode delete txnID: 0, SCM txnID: 1
2019-09-02 06:31:17,698 [EventQueue-PendingDeleteStatusForPendingDeleteHandler] INFO  block.SCMBlockDeletingService (SCMBlockDeletingService.java:handlePendingDeletes(115)) - Block deletion txnID mismatch in datanode 3258574c-39ac-4ed5-9145-ea59a337c299 for containerID 2. Datanode delete txnID: 0, SCM txnID: 2
2019-09-02 06:31:17,698 [EventQueue-PendingDeleteStatusForPendingDeleteHandler] INFO  block.SCMBlockDeletingService (SCMBlockDeletingService.java:handlePendingDeletes(115)) - Block deletion txnID mismatch in datanode 3258574c-39ac-4ed5-9145-ea59a337c299 for containerID 3. Datanode delete txnID: 0, SCM txnID: 3
2019-09-02 06:31:17,710 [pool-7-thread-8] INFO  commands.RetriableDatanodeEventWatcher (RetriableDatanodeEventWatcher.java:onTimeout(47)) - RetriableDatanodeCommand type=deleteBlocksCommand with id=1567405864562 timed out. Retrying.
2019-09-02 06:31:17,712 [pool-7-thread-8] INFO  commands.RetriableDatanodeEventWatcher (RetriableDatanodeEventWatcher.java:onTimeout(47)) - RetriableDatanodeCommand type=deleteBlocksCommand with id=1567405864581 timed out. Retrying.
2019-09-02 06:31:17,712 [pool-7-thread-5] INFO  commands.RetriableDatanodeEventWatcher (RetriableDatanodeEventWatcher.java:onTimeout(47)) - RetriableDatanodeCommand type=deleteBlocksCommand with id=1567405864503 timed out. Retrying.
2019-09-02 06:31:17,727 [pool-7-thread-5] INFO  commands.RetriableDatanodeEventWatcher (RetriableDatanodeEventWatcher.java:onTimeout(47)) - RetriableDatanodeCommand type=deleteBlocksCommand with id=1567405864591 timed out. Retrying.
2019-09-02 06:31:17,731 [pool-7-thread-5] INFO  commands.RetriableDatanodeEventWatcher (RetriableDatanodeEventWatcher.java:onTimeout(47)) - RetriableDatanodeCommand type=deleteBlocksCommand with id=1567405864513 timed out. Retrying.
2019-09-02 06:31:17,742 [pool-7-thread-5] INFO  commands.RetriableDatanodeEventWatcher (RetriableDatanodeEventWatcher.java:onTimeout(47)) - RetriableDatanodeCommand type=deleteBlocksCommand with id=1567405864601 timed out. Retrying.
2019-09-02 06:31:17,747 [pool-7-thread-5] INFO  commands.RetriableDatanodeEventWatcher (RetriableDatanodeEventWatcher.java:onTimeout(47)) - RetriableDatanodeCommand type=deleteBlocksCommand with id=1567405864523 timed out. Retrying.
2019-09-02 06:31:17,757 [pool-7-thread-5] INFO  commands.RetriableDatanodeEventWatcher (RetriableDatanodeEventWatcher.java:onTimeout(47)) - RetriableDatanodeCommand type=deleteBlocksCommand with id=1567405864611 timed out. Retrying.
2019-09-02 06:31:17,764 [pool-7-thread-5] INFO  commands.RetriableDatanodeEventWatcher (RetriableDatanodeEventWatcher.java:onTimeout(47)) - RetriableDatanodeCommand type=deleteBlocksCommand with id=1567405864533 timed out. Retrying.
2019-09-02 06:31:17,776 [pool-7-thread-5] INFO  commands.RetriableDatanodeEventWatcher (RetriableDatanodeEventWatcher.java:onTimeout(47)) - RetriableDatanodeCommand type=deleteBlocksCommand with id=1567405864621 timed out. Retrying.
2019-09-02 06:31:17,776 [SCMBlockDeletingService#0] DEBUG block.SCMBlockDeletingService (SCMBlockDeletingService.java:call(138)) - Running DeletedBlockTransactionScanner
2019-09-02 06:31:17,777 [SCMBlockDeletingService#0] DEBUG block.SCMBlockDeletingService (SCMBlockDeletingService.java:call(155)) - Scanned deleted blocks log and got 3 delTX to process.
2019-09-02 06:31:17,777 [SCMBlockDeletingService#0] DEBUG block.SCMBlockDeletingService (SCMBlockDeletingService.java:call(171)) - Added delete block command for datanode 3258574c-39ac-4ed5-9145-ea59a337c299 in the queue, number of delete block transactions: 3, TxID list: 1,2,3
2019-09-02 06:31:17,778 [SCMBlockDeletingService#0] INFO  block.SCMBlockDeletingService (SCMBlockDeletingService.java:call(182)) - Totally added 3 delete blocks command for 1 datanodes, task elapsed time: 1ms
2019-09-02 06:31:17,779 [pool-7-thread-5] INFO  commands.RetriableDatanodeEventWatcher (RetriableDatanodeEventWatcher.java:onTimeout(47)) - RetriableDatanodeCommand type=deleteBlocksCommand with id=1567405864543 timed out. Retrying.
2019-09-02 06:31:17,792 [pool-7-thread-5] INFO  commands.RetriableDatanodeEventWatcher (RetriableDatanodeEventWatcher.java:onTimeout(47)) - RetriableDatanodeCommand type=deleteBlocksCommand with id=1567405864553 timed out. Retrying.
2019-09-02 06:31:17,796 [pool-7-thread-5] INFO  commands.RetriableDatanodeEventWatcher (RetriableDatanodeEventWatcher.java:onTimeout(47)) - RetriableDatanodeCommand type=deleteBlocksCommand with id=1567405864572 timed out. Retrying.
2019-09-02 06:31:17,810 [pool-7-thread-5] INFO  commands.RetriableDatanodeEventWatcher (RetriableDatanodeEventWatcher.java:onTimeout(47)) - RetriableDatanodeCommand type=deleteBlocksCommand with id=1567405864563 timed out. Retrying.
2019-09-02 06:31:17,813 [pool-7-thread-5] INFO  commands.RetriableDatanodeEventWatcher (RetriableDatanodeEventWatcher.java:onTimeout(47)) - RetriableDatanodeCommand type=deleteBlocksCommand with id=1567405864582 timed out. Retrying.
2019-09-02 06:31:17,816 [pool-7-thread-5] INFO  commands.RetriableDatanodeEventWatcher (RetriableDatanodeEventWatcher.java:onTimeout(47)) - RetriableDatanodeCommand type=deleteBlocksCommand with id=1567405864504 timed out. Retrying.
2019-09-02 06:31:17,829 [pool-7-thread-5] INFO  commands.RetriableDatanodeEventWatcher (RetriableDatanodeEventWatcher.java:onTimeout(47)) - RetriableDatanodeCommand type=deleteBlocksCommand with id=1567405864592 timed out. Retrying.
2019-09-02 06:31:17,832 [pool-7-thread-5] INFO  commands.RetriableDatanodeEventWatcher (RetriableDatanodeEventWatcher.java:onTimeout(47)) - RetriableDatanodeCommand type=deleteBlocksCommand with id=1567405864514 timed out. Retrying.
2019-09-02 06:31:17,844 [pool-7-thread-5] INFO  commands.RetriableDatanodeEventWatcher (RetriableDatanodeEventWatcher.java:onTimeout(47)) - RetriableDatanodeCommand type=deleteBlocksCommand with id=1567405864602 timed out. Retrying.
2019-09-02 06:31:17,851 [pool-7-thread-5] INFO  commands.RetriableDatanodeEventWatcher (RetriableDatanodeEventWatcher.java:onTimeout(47)) - RetriableDatanodeCommand type=deleteBlocksCommand with id=1567405864524 timed out. Retrying.
2019-09-02 06:31:17,854 [IPC Server handler 5 on 46403] WARN  ipc.Server (Server.java:setupResponse(2950)) - Large response size 4156786 for call Call#2027 Retry#0 org.apache.hadoop.ozone.protocol.StorageContainerDatanodeProtocol.sendHeartbeat from 192.168.36.97:33086
2019-09-02 06:31:17,854 [IPC Server handler 5 on 46403] WARN  ipc.Server (Server.java:processResponse(1523)) - IPC Server handler 5 on 46403, call Call#2027 Retry#0 org.apache.hadoop.ozone.protocol.StorageContainerDatanodeProtocol.sendHeartbeat from 192.168.36.97:33086: output error
2019-09-02 06:31:17,855 [IPC Server handler 5 on 46403] INFO  ipc.Server (Server.java:run(2695)) - IPC Server handler 5 on 46403 caught an exception
java.nio.channels.ClosedChannelException
	at sun.nio.ch.SocketChannelImpl.ensureWriteOpen(SocketChannelImpl.java:270)
	at sun.nio.ch.SocketChannelImpl.write(SocketChannelImpl.java:461)
	at org.apache.hadoop.ipc.Server.channelIO(Server.java:3298)
	at org.apache.hadoop.ipc.Server.channelWrite(Server.java:3250)
	at org.apache.hadoop.ipc.Server.access$1700(Server.java:137)
	at org.apache.hadoop.ipc.Server$Responder.processResponse(Server.java:1473)
	at org.apache.hadoop.ipc.Server$Responder.doRespond(Server.java:1543)
	at org.apache.hadoop.ipc.Server$Connection.sendResponse(Server.java:2593)
	at org.apache.hadoop.ipc.Server$Connection.access$300(Server.java:1615)
	at org.apache.hadoop.ipc.Server$RpcCall.doResponse(Server.java:940)
	at org.apache.hadoop.ipc.Server$Call.sendResponse(Server.java:774)
	at org.apache.hadoop.ipc.Server$RpcCall.run(Server.java:885)
	at org.apache.hadoop.ipc.Server$RpcCall.run(Server.java:822)
	at java.security.AccessController.doPrivileged(Native Method)
	at javax.security.auth.Subject.doAs(Subject.java:422)
	at org.apache.hadoop.security.UserGroupInformation.doAs(UserGroupInformation.java:1730)
	at org.apache.hadoop.ipc.Server$Handler.run(Server.java:2682)
2019-09-02 06:31:17,859 [pool-7-thread-5] INFO  commands.RetriableDatanodeEventWatcher (RetriableDatanodeEventWatcher.java:onTimeout(47)) - RetriableDatanodeCommand type=deleteBlocksCommand with id=1567405864612 timed out. Retrying.
2019-09-02 06:31:17,863 [pool-7-thread-5] INFO  commands.RetriableDatanodeEventWatcher (RetriableDatanodeEventWatcher.java:onTimeout(47)) - RetriableDatanodeCommand type=deleteBlocksCommand with id=1567405864534 timed out. Retrying.
2019-09-02 06:31:17,878 [pool-7-thread-5] INFO  commands.RetriableDatanodeEventWatcher (RetriableDatanodeEventWatcher.java:onTimeout(47)) - RetriableDatanodeCommand type=deleteBlocksCommand with id=1567405864622 timed out. Retrying.
2019-09-02 06:31:17,878 [SCMBlockDeletingService#0] DEBUG block.SCMBlockDeletingService (SCMBlockDeletingService.java:call(138)) - Running DeletedBlockTransactionScanner
2019-09-02 06:31:17,878 [SCMBlockDeletingService#0] DEBUG block.SCMBlockDeletingService (SCMBlockDeletingService.java:call(155)) - Scanned deleted blocks log and got 3 delTX to process.
2019-09-02 06:31:17,879 [SCMBlockDeletingService#0] DEBUG block.SCMBlockDeletingService (SCMBlockDeletingService.java:call(171)) - Added delete block command for datanode 3258574c-39ac-4ed5-9145-ea59a337c299 in the queue, number of delete block transactions: 3, TxID list: 1,2,3
2019-09-02 06:31:17,879 [pool-7-thread-5] INFO  commands.RetriableDatanodeEventWatcher (RetriableDatanodeEventWatcher.java:onTimeout(47)) - RetriableDatanodeCommand type=deleteBlocksCommand with id=1567405864544 timed out. Retrying.
2019-09-02 06:31:17,879 [SCMBlockDeletingService#0] INFO  block.SCMBlockDeletingService (SCMBlockDeletingService.java:call(182)) - Totally added 3 delete blocks command for 1 datanodes, task elapsed time: 2ms
2019-09-02 06:31:17,897 [pool-7-thread-5] INFO  commands.RetriableDatanodeEventWatcher (RetriableDatanodeEventWatcher.java:onTimeout(47)) - RetriableDatanodeCommand type=deleteBlocksCommand with id=1567405864554 timed out. Retrying.
2019-09-02 06:31:17,900 [pool-7-thread-5] INFO  commands.RetriableDatanodeEventWatcher (RetriableDatanodeEventWatcher.java:onTimeout(47)) - RetriableDatanodeCommand type=deleteBlocksCommand with id=1567405864573 timed out. Retrying.
2019-09-02 06:31:17,912 [pool-7-thread-5] INFO  commands.RetriableDatanodeEventWatcher (RetriableDatanodeEventWatcher.java:onTimeout(47)) - RetriableDatanodeCommand type=deleteBlocksCommand with id=1567405864564 timed out. Retrying.
2019-09-02 06:31:17,915 [pool-7-thread-5] INFO  commands.RetriableDatanodeEventWatcher (RetriableDatanodeEventWatcher.java:onTimeout(47)) - RetriableDatanodeCommand type=deleteBlocksCommand with id=1567405864583 timed out. Retrying.
2019-09-02 06:31:17,915 [EventQueue-PendingDeleteStatusForPendingDeleteHandler] INFO  block.SCMBlockDeletingService (SCMBlockDeletingService.java:handlePendingDeletes(115)) - Block deletion txnID mismatch in datanode 3258574c-39ac-4ed5-9145-ea59a337c299 for containerID 1. Datanode delete txnID: 0, SCM txnID: 1
2019-09-02 06:31:17,915 [EventQueue-PendingDeleteStatusForPendingDeleteHandler] INFO  block.SCMBlockDeletingService (SCMBlockDeletingService.java:handlePendingDeletes(115)) - Block deletion txnID mismatch in datanode 3258574c-39ac-4ed5-9145-ea59a337c299 for containerID 2. Datanode delete txnID: 0, SCM txnID: 2
2019-09-02 06:31:17,915 [EventQueue-PendingDeleteStatusForPendingDeleteHandler] INFO  block.SCMBlockDeletingService (SCMBlockDeletingService.java:handlePendingDeletes(115)) - Block deletion txnID mismatch in datanode 3258574c-39ac-4ed5-9145-ea59a337c299 for containerID 3. Datanode delete txnID: 0, SCM txnID: 3
2019-09-02 06:31:17,920 [pool-7-thread-5] INFO  commands.RetriableDatanodeEventWatcher (RetriableDatanodeEventWatcher.java:onTimeout(47)) - RetriableDatanodeCommand type=deleteBlocksCommand with id=1567405864505 timed out. Retrying.
2019-09-02 06:31:17,930 [pool-7-thread-5] INFO  commands.RetriableDatanodeEventWatcher (RetriableDatanodeEventWatcher.java:onTimeout(47)) - RetriableDatanodeCommand type=deleteBlocksCommand with id=1567405864593 timed out. Retrying.
2019-09-02 06:31:17,931 [pool-7-thread-8] INFO  commands.RetriableDatanodeEventWatcher (RetriableDatanodeEventWatcher.java:onTimeout(47)) - RetriableDatanodeCommand type=deleteBlocksCommand with id=1567405864515 timed out. Retrying.
2019-09-02 06:31:17,946 [pool-7-thread-8] INFO  commands.RetriableDatanodeEventWatcher (RetriableDatanodeEventWatcher.java:onTimeout(47)) - RetriableDatanodeCommand type=deleteBlocksCommand with id=1567405864603 timed out. Retrying.
2019-09-02 06:31:17,951 [pool-7-thread-8] INFO  commands.RetriableDatanodeEventWatcher (RetriableDatanodeEventWatcher.java:onTimeout(47)) - RetriableDatanodeCommand type=deleteBlocksCommand with id=1567405864525 timed out. Retrying.
2019-09-02 06:31:17,961 [pool-7-thread-8] INFO  commands.RetriableDatanodeEventWatcher (RetriableDatanodeEventWatcher.java:onTimeout(47)) - RetriableDatanodeCommand type=deleteBlocksCommand with id=1567405864613 timed out. Retrying.
2019-09-02 06:31:17,964 [pool-7-thread-8] INFO  commands.RetriableDatanodeEventWatcher (RetriableDatanodeEventWatcher.java:onTimeout(47)) - RetriableDatanodeCommand type=deleteBlocksCommand with id=1567405864535 timed out. Retrying.
2019-09-02 06:31:17,980 [SCMBlockDeletingService#0] DEBUG block.SCMBlockDeletingService (SCMBlockDeletingService.java:call(138)) - Running DeletedBlockTransactionScanner
2019-09-02 06:31:17,980 [SCMBlockDeletingService#0] DEBUG block.SCMBlockDeletingService (SCMBlockDeletingService.java:call(155)) - Scanned deleted blocks log and got 3 delTX to process.
2019-09-02 06:31:17,980 [SCMBlockDeletingService#0] DEBUG block.SCMBlockDeletingService (SCMBlockDeletingService.java:call(171)) - Added delete block command for datanode 3258574c-39ac-4ed5-9145-ea59a337c299 in the queue, number of delete block transactions: 3, TxID list: 1,2,3
2019-09-02 06:31:17,981 [SCMBlockDeletingService#0] INFO  block.SCMBlockDeletingService (SCMBlockDeletingService.java:call(182)) - Totally added 3 delete blocks command for 1 datanodes, task elapsed time: 1ms
2019-09-02 06:31:18,040 [pool-7-thread-8] INFO  commands.RetriableDatanodeEventWatcher (RetriableDatanodeEventWatcher.java:onTimeout(47)) - RetriableDatanodeCommand type=deleteBlocksCommand with id=1567405864584 timed out. Retrying.
2019-09-02 06:31:18,040 [pool-7-thread-7] INFO  commands.RetriableDatanodeEventWatcher (RetriableDatanodeEventWatcher.java:onTimeout(47)) - RetriableDatanodeCommand type=deleteBlocksCommand with id=1567405864506 timed out. Retrying.
2019-09-02 06:31:18,040 [pool-7-thread-6] INFO  commands.RetriableDatanodeEventWatcher (RetriableDatanodeEventWatcher.java:onTimeout(47)) - RetriableDatanodeCommand type=deleteBlocksCommand with id=1567405864545 timed out. Retrying.
2019-09-02 06:31:18,041 [pool-7-thread-3] INFO  commands.RetriableDatanodeEventWatcher (RetriableDatanodeEventWatcher.java:onTimeout(47)) - RetriableDatanodeCommand type=deleteBlocksCommand with id=1567405864574 timed out. Retrying.
2019-09-02 06:31:18,041 [pool-7-thread-9] INFO  commands.RetriableDatanodeEventWatcher (RetriableDatanodeEventWatcher.java:onTimeout(47)) - RetriableDatanodeCommand type=deleteBlocksCommand with id=1567405864623 timed out. Retrying.
2019-09-02 06:31:18,041 [pool-7-thread-5] INFO  commands.RetriableDatanodeEventWatcher (RetriableDatanodeEventWatcher.java:onTimeout(47)) - RetriableDatanodeCommand type=deleteBlocksCommand with id=1567405864594 timed out. Retrying.
2019-09-02 06:31:18,041 [pool-7-thread-1] INFO  commands.RetriableDatanodeEventWatcher (RetriableDatanodeEventWatcher.java:onTimeout(47)) - RetriableDatanodeCommand type=deleteBlocksCommand with id=1567405864565 timed out. Retrying.
2019-09-02 06:31:18,041 [pool-7-thread-10] INFO  commands.RetriableDatanodeEventWatcher (RetriableDatanodeEventWatcher.java:onTimeout(47)) - RetriableDatanodeCommand type=deleteBlocksCommand with id=1567405864516 timed out. Retrying.
2019-09-02 06:31:18,042 [pool-7-thread-2] INFO  commands.RetriableDatanodeEventWatcher (RetriableDatanodeEventWatcher.java:onTimeout(47)) - RetriableDatanodeCommand type=deleteBlocksCommand with id=1567405864555 timed out. Retrying.
2019-09-02 06:31:18,048 [pool-7-thread-2] INFO  commands.RetriableDatanodeEventWatcher (RetriableDatanodeEventWatcher.java:onTimeout(47)) - RetriableDatanodeCommand type=deleteBlocksCommand with id=1567405864604 timed out. Retrying.
2019-09-02 06:31:18,053 [pool-7-thread-2] INFO  commands.RetriableDatanodeEventWatcher (RetriableDatanodeEventWatcher.java:onTimeout(47)) - RetriableDatanodeCommand type=deleteBlocksCommand with id=1567405864526 timed out. Retrying.
2019-09-02 06:31:18,062 [pool-7-thread-2] INFO  commands.RetriableDatanodeEventWatcher (RetriableDatanodeEventWatcher.java:onTimeout(47)) - RetriableDatanodeCommand type=deleteBlocksCommand with id=1567405864614 timed out. Retrying.
2019-09-02 06:31:18,069 [pool-7-thread-2] INFO  commands.RetriableDatanodeEventWatcher (RetriableDatanodeEventWatcher.java:onTimeout(47)) - RetriableDatanodeCommand type=deleteBlocksCommand with id=1567405864536 timed out. Retrying.
2019-09-02 06:31:18,081 [SCMBlockDeletingService#0] DEBUG block.SCMBlockDeletingService (SCMBlockDeletingService.java:call(138)) - Running DeletedBlockTransactionScanner
2019-09-02 06:31:18,082 [SCMBlockDeletingService#0] DEBUG block.SCMBlockDeletingService (SCMBlockDeletingService.java:call(155)) - Scanned deleted blocks log and got 3 delTX to process.
2019-09-02 06:31:18,082 [SCMBlockDeletingService#0] DEBUG block.SCMBlockDeletingService (SCMBlockDeletingService.java:call(171)) - Added delete block command for datanode 3258574c-39ac-4ed5-9145-ea59a337c299 in the queue, number of delete block transactions: 3, TxID list: 1,2,3
2019-09-02 06:31:18,082 [SCMBlockDeletingService#0] INFO  block.SCMBlockDeletingService (SCMBlockDeletingService.java:call(182)) - Totally added 3 delete blocks command for 1 datanodes, task elapsed time: 1ms
2019-09-02 06:31:18,085 [pool-7-thread-2] INFO  commands.RetriableDatanodeEventWatcher (RetriableDatanodeEventWatcher.java:onTimeout(47)) - RetriableDatanodeCommand type=deleteBlocksCommand with id=1567405864546 timed out. Retrying.
2019-09-02 06:31:18,097 [pool-7-thread-2] INFO  commands.RetriableDatanodeEventWatcher (RetriableDatanodeEventWatcher.java:onTimeout(47)) - RetriableDatanodeCommand type=deleteBlocksCommand with id=1567405864556 timed out. Retrying.
2019-09-02 06:31:18,100 [pool-7-thread-2] INFO  commands.RetriableDatanodeEventWatcher (RetriableDatanodeEventWatcher.java:onTimeout(47)) - RetriableDatanodeCommand type=deleteBlocksCommand with id=1567405864575 timed out. Retrying.
2019-09-02 06:31:18,121 [pool-7-thread-2] INFO  commands.RetriableDatanodeEventWatcher (RetriableDatanodeEventWatcher.java:onTimeout(47)) - RetriableDatanodeCommand type=deleteBlocksCommand with id=1567405864585 timed out. Retrying.
2019-09-02 06:31:18,131 [pool-7-thread-2] INFO  commands.RetriableDatanodeEventWatcher (RetriableDatanodeEventWatcher.java:onTimeout(47)) - RetriableDatanodeCommand type=deleteBlocksCommand with id=1567405864595 timed out. Retrying.
2019-09-02 06:31:18,141 [pool-7-thread-2] INFO  commands.RetriableDatanodeEventWatcher (RetriableDatanodeEventWatcher.java:onTimeout(47)) - RetriableDatanodeCommand type=deleteBlocksCommand with id=1567405864624 timed out. Retrying.
2019-09-02 06:31:18,147 [pool-7-thread-2] INFO  commands.RetriableDatanodeEventWatcher (RetriableDatanodeEventWatcher.java:onTimeout(47)) - RetriableDatanodeCommand type=deleteBlocksCommand with id=1567405864605 timed out. Retrying.
2019-09-02 06:31:18,163 [pool-7-thread-2] INFO  commands.RetriableDatanodeEventWatcher (RetriableDatanodeEventWatcher.java:onTimeout(47)) - RetriableDatanodeCommand type=deleteBlocksCommand with id=1567405864615 timed out. Retrying.
2019-09-02 06:31:18,183 [SCMBlockDeletingService#1] DEBUG block.SCMBlockDeletingService (SCMBlockDeletingService.java:call(138)) - Running DeletedBlockTransactionScanner
2019-09-02 06:31:18,183 [SCMBlockDeletingService#1] DEBUG block.SCMBlockDeletingService (SCMBlockDeletingService.java:call(155)) - Scanned deleted blocks log and got 3 delTX to process.
2019-09-02 06:31:18,183 [SCMBlockDeletingService#1] DEBUG block.SCMBlockDeletingService (SCMBlockDeletingService.java:call(171)) - Added delete block command for datanode 3258574c-39ac-4ed5-9145-ea59a337c299 in the queue, number of delete block transactions: 3, TxID list: 1,2,3
2019-09-02 06:31:18,184 [SCMBlockDeletingService#1] INFO  block.SCMBlockDeletingService (SCMBlockDeletingService.java:call(182)) - Totally added 3 delete blocks command for 1 datanodes, task elapsed time: 1ms
2019-09-02 06:31:18,192 [pool-7-thread-2] INFO  commands.RetriableDatanodeEventWatcher (RetriableDatanodeEventWatcher.java:onTimeout(47)) - RetriableDatanodeCommand type=deleteBlocksCommand with id=1567405864517 timed out. Retrying.
2019-09-02 06:31:18,192 [pool-7-thread-9] INFO  commands.RetriableDatanodeEventWatcher (RetriableDatanodeEventWatcher.java:onTimeout(47)) - RetriableDatanodeCommand type=deleteBlocksCommand with id=1567405864566 timed out. Retrying.
2019-09-02 06:31:18,192 [pool-7-thread-3] INFO  commands.RetriableDatanodeEventWatcher (RetriableDatanodeEventWatcher.java:onTimeout(47)) - RetriableDatanodeCommand type=deleteBlocksCommand with id=1567405864507 timed out. Retrying.
2019-09-02 06:31:18,192 [pool-7-thread-1] INFO  commands.RetriableDatanodeEventWatcher (RetriableDatanodeEventWatcher.java:onTimeout(47)) - RetriableDatanodeCommand type=deleteBlocksCommand with id=1567405864537 timed out. Retrying.
2019-09-02 06:31:18,192 [pool-7-thread-5] INFO  commands.RetriableDatanodeEventWatcher (RetriableDatanodeEventWatcher.java:onTimeout(47)) - RetriableDatanodeCommand type=deleteBlocksCommand with id=1567405864547 timed out. Retrying.
2019-09-02 06:31:18,193 [pool-7-thread-10] INFO  commands.RetriableDatanodeEventWatcher (RetriableDatanodeEventWatcher.java:onTimeout(47)) - RetriableDatanodeCommand type=deleteBlocksCommand with id=1567405864527 timed out. Retrying.
2019-09-02 06:31:18,201 [pool-7-thread-10] INFO  commands.RetriableDatanodeEventWatcher (RetriableDatanodeEventWatcher.java:onTimeout(47)) - RetriableDatanodeCommand type=deleteBlocksCommand with id=1567405864557 timed out. Retrying.
2019-09-02 06:31:18,203 [pool-7-thread-10] INFO  commands.RetriableDatanodeEventWatcher (RetriableDatanodeEventWatcher.java:onTimeout(47)) - RetriableDatanodeCommand type=deleteBlocksCommand with id=1567405864576 timed out. Retrying.
2019-09-02 06:31:18,222 [pool-7-thread-10] INFO  commands.RetriableDatanodeEventWatcher (RetriableDatanodeEventWatcher.java:onTimeout(47)) - RetriableDatanodeCommand type=deleteBlocksCommand with id=1567405864586 timed out. Retrying.
2019-09-02 06:31:18,223 [pool-7-thread-10] INFO  commands.RetriableDatanodeEventWatcher (RetriableDatanodeEventWatcher.java:onTimeout(47)) - RetriableDatanodeCommand type=deleteBlocksCommand with id=1567405864508 timed out. Retrying.
2019-09-02 06:31:18,234 [pool-7-thread-10] INFO  commands.RetriableDatanodeEventWatcher (RetriableDatanodeEventWatcher.java:onTimeout(47)) - RetriableDatanodeCommand type=deleteBlocksCommand with id=1567405864596 timed out. Retrying.
2019-09-02 06:31:18,241 [pool-7-thread-10] INFO  commands.RetriableDatanodeEventWatcher (RetriableDatanodeEventWatcher.java:onTimeout(47)) - RetriableDatanodeCommand type=deleteBlocksCommand with id=1567405864518 timed out. Retrying.
2019-09-02 06:31:18,241 [pool-7-thread-10] INFO  commands.RetriableDatanodeEventWatcher (RetriableDatanodeEventWatcher.java:onTimeout(47)) - RetriableDatanodeCommand type=deleteBlocksCommand with id=1567405864625 timed out. Retrying.
2019-09-02 06:31:18,249 [pool-7-thread-10] INFO  commands.RetriableDatanodeEventWatcher (RetriableDatanodeEventWatcher.java:onTimeout(47)) - RetriableDatanodeCommand type=deleteBlocksCommand with id=1567405864606 timed out. Retrying.
2019-09-02 06:31:18,257 [pool-7-thread-10] INFO  commands.RetriableDatanodeEventWatcher (RetriableDatanodeEventWatcher.java:onTimeout(47)) - RetriableDatanodeCommand type=deleteBlocksCommand with id=1567405864528 timed out. Retrying.
2019-09-02 06:31:18,264 [pool-7-thread-10] INFO  commands.RetriableDatanodeEventWatcher (RetriableDatanodeEventWatcher.java:onTimeout(47)) - RetriableDatanodeCommand type=deleteBlocksCommand with id=1567405864616 timed out. Retrying.
2019-09-02 06:31:18,273 [pool-7-thread-10] INFO  commands.RetriableDatanodeEventWatcher (RetriableDatanodeEventWatcher.java:onTimeout(47)) - RetriableDatanodeCommand type=deleteBlocksCommand with id=1567405864538 timed out. Retrying.
2019-09-02 06:31:18,284 [SCMBlockDeletingService#1] DEBUG block.SCMBlockDeletingService (SCMBlockDeletingService.java:call(138)) - Running DeletedBlockTransactionScanner
2019-09-02 06:31:18,284 [pool-7-thread-10] INFO  commands.RetriableDatanodeEventWatcher (RetriableDatanodeEventWatcher.java:onTimeout(47)) - RetriableDatanodeCommand type=deleteBlocksCommand with id=1567405864548 timed out. Retrying.
2019-09-02 06:31:18,284 [SCMBlockDeletingService#1] DEBUG block.SCMBlockDeletingService (SCMBlockDeletingService.java:call(155)) - Scanned deleted blocks log and got 3 delTX to process.
2019-09-02 06:31:18,284 [SCMBlockDeletingService#1] DEBUG block.SCMBlockDeletingService (SCMBlockDeletingService.java:call(171)) - Added delete block command for datanode 3258574c-39ac-4ed5-9145-ea59a337c299 in the queue, number of delete block transactions: 3, TxID list: 1,2,3
2019-09-02 06:31:18,285 [SCMBlockDeletingService#1] INFO  block.SCMBlockDeletingService (SCMBlockDeletingService.java:call(182)) - Totally added 3 delete blocks command for 1 datanodes, task elapsed time: 1ms
2019-09-02 06:31:18,291 [pool-7-thread-10] INFO  commands.RetriableDatanodeEventWatcher (RetriableDatanodeEventWatcher.java:onTimeout(47)) - RetriableDatanodeCommand type=deleteBlocksCommand with id=1567405864567 timed out. Retrying.
2019-09-02 06:31:18,300 [pool-7-thread-10] INFO  commands.RetriableDatanodeEventWatcher (RetriableDatanodeEventWatcher.java:onTimeout(47)) - RetriableDatanodeCommand type=deleteBlocksCommand with id=1567405864558 timed out. Retrying.
2019-09-02 06:31:18,305 [pool-7-thread-10] INFO  commands.RetriableDatanodeEventWatcher (RetriableDatanodeEventWatcher.java:onTimeout(47)) - RetriableDatanodeCommand type=deleteBlocksCommand with id=1567405864577 timed out. Retrying.
2019-09-02 06:31:18,311 [Command processor thread] INFO  commandhandler.DeleteBlocksCommandHandler (DeleteBlocksCommandHandler.java:handle(106)) - Start to delete container blocks, TXIDs=[1(0),2(0),3(0)], numOfContainers=3, numOfBlocks=553
2019-09-02 06:31:18,315 [EventQueue-PendingDeleteStatusForPendingDeleteHandler] INFO  block.SCMBlockDeletingService (SCMBlockDeletingService.java:handlePendingDeletes(115)) - Block deletion txnID mismatch in datanode 3258574c-39ac-4ed5-9145-ea59a337c299 for containerID 1. Datanode delete txnID: 0, SCM txnID: 1
2019-09-02 06:31:18,315 [EventQueue-PendingDeleteStatusForPendingDeleteHandler] INFO  block.SCMBlockDeletingService (SCMBlockDeletingService.java:handlePendingDeletes(115)) - Block deletion txnID mismatch in datanode 3258574c-39ac-4ed5-9145-ea59a337c299 for containerID 2. Datanode delete txnID: 0, SCM txnID: 2
2019-09-02 06:31:18,315 [EventQueue-PendingDeleteStatusForPendingDeleteHandler] INFO  block.SCMBlockDeletingService (SCMBlockDeletingService.java:handlePendingDeletes(115)) - Block deletion txnID mismatch in datanode 3258574c-39ac-4ed5-9145-ea59a337c299 for containerID 3. Datanode delete txnID: 0, SCM txnID: 3
2019-09-02 06:31:18,321 [pool-7-thread-10] INFO  commands.RetriableDatanodeEventWatcher (RetriableDatanodeEventWatcher.java:onTimeout(47)) - RetriableDatanodeCommand type=deleteBlocksCommand with id=1567405864587 timed out. Retrying.
2019-09-02 06:31:18,340 [pool-7-thread-5] INFO  commands.RetriableDatanodeEventWatcher (RetriableDatanodeEventWatcher.java:onTimeout(47)) - RetriableDatanodeCommand type=deleteBlocksCommand with id=1567405864597 timed out. Retrying.
2019-09-02 06:31:18,340 [pool-7-thread-1] INFO  commands.RetriableDatanodeEventWatcher (RetriableDatanodeEventWatcher.java:onTimeout(47)) - RetriableDatanodeCommand type=deleteBlocksCommand with id=1567405864509 timed out. Retrying.
2019-09-02 06:31:18,342 [pool-7-thread-1] INFO  commands.RetriableDatanodeEventWatcher (RetriableDatanodeEventWatcher.java:onTimeout(47)) - RetriableDatanodeCommand type=deleteBlocksCommand with id=1567405864519 timed out. Retrying.
2019-09-02 06:31:18,343 [pool-7-thread-1] INFO  commands.RetriableDatanodeEventWatcher (RetriableDatanodeEventWatcher.java:onTimeout(47)) - RetriableDatanodeCommand type=deleteBlocksCommand with id=1567405864626 timed out. Retrying.
2019-09-02 06:31:18,351 [pool-7-thread-1] INFO  commands.RetriableDatanodeEventWatcher (RetriableDatanodeEventWatcher.java:onTimeout(47)) - RetriableDatanodeCommand type=deleteBlocksCommand with id=1567405864607 timed out. Retrying.
2019-09-02 06:31:18,355 [pool-7-thread-1] INFO  commands.RetriableDatanodeEventWatcher (RetriableDatanodeEventWatcher.java:onTimeout(47)) - RetriableDatanodeCommand type=deleteBlocksCommand with id=1567405864529 timed out. Retrying.
2019-09-02 06:31:18,357 [Command processor thread] INFO  commandhandler.DeleteBlocksCommandHandler (DeleteBlocksCommandHandler.java:handle(106)) - Start to delete container blocks, TXIDs=[1(0),2(0),3(0)], numOfContainers=3, numOfBlocks=553
2019-09-02 06:31:18,358 [Command processor thread] INFO  commandhandler.DeleteBlocksCommandHandler (DeleteBlocksCommandHandler.java:handle(106)) - Start to delete container blocks, TXIDs=[1(0),2(0),3(0)], numOfContainers=3, numOfBlocks=553
2019-09-02 06:31:18,360 [Command processor thread] INFO  commandhandler.DeleteBlocksCommandHandler (DeleteBlocksCommandHandler.java:handle(106)) - Start to delete container blocks, TXIDs=[1(0),2(0),3(0)], numOfContainers=3, numOfBlocks=553
2019-09-02 06:31:18,361 [Command processor thread] INFO  commandhandler.DeleteBlocksCommandHandler (DeleteBlocksCommandHandler.java:handle(106)) - Start to delete container blocks, TXIDs=[1(0),2(0),3(0)], numOfContainers=3, numOfBlocks=553
2019-09-02 06:31:18,362 [Command processor thread] INFO  commandhandler.DeleteBlocksCommandHandler (DeleteBlocksCommandHandler.java:handle(106)) - Start to delete container blocks, TXIDs=[1(0),2(0),3(0)], numOfContainers=3, numOfBlocks=553
2019-09-02 06:31:18,364 [Command processor thread] INFO  commandhandler.DeleteBlocksCommandHandler (DeleteBlocksCommandHandler.java:handle(106)) - Start to delete container blocks, TXIDs=[1(98),2(98),3(98)], numOfContainers=3, numOfBlocks=553
2019-09-02 06:31:18,365 [Command processor thread] INFO  commandhandler.DeleteBlocksCommandHandler (DeleteBlocksCommandHandler.java:handle(106)) - Start to delete container blocks, TXIDs=[1(0),2(0),3(0)], numOfContainers=3, numOfBlocks=553
2019-09-02 06:31:18,366 [Command processor thread] INFO  commandhandler.DeleteBlocksCommandHandler (DeleteBlocksCommandHandler.java:handle(106)) - Start to delete container blocks, TXIDs=[1(0),2(0),3(0)], numOfContainers=3, numOfBlocks=553
2019-09-02 06:31:18,367 [Command processor thread] INFO  commandhandler.DeleteBlocksCommandHandler (2019-09-02 06:31:18,367 [pool-7-thread-1] INFO  commands.RetriableDatanodeEventWatcher (RetriableDatanodeEventWatcher.java:onTimeout(47)) - RetriableDatanodeCommand type=deleteBlocksCommand with id=1567405864617 timed out. Retrying.
2019-09-02 06:31:18,367 [Command processor thread] INFO  commandhandler.DeleteBlocksCommandHandler (DeleteBlocksCommandHandler.java:handle(106)) - Start to delete container blocks, TXIDs=[1(0),2(0),3(0)], numOfContainers=3, numOfBlocks=553
2019-09-02 06:31:18,368 [Command processor thread] INFO  commandhandler.DeleteBlocksCommandHandler (DeleteBlocksCommandHandler.java:handle(106)) - Start to delete container blocks, TXIDs=[1(0),2(0),3(0)], numOfContainers=3, numOfBlocks=553
2019-09-02 06:31:18,369 [Command processor thread] INFO  commandhandler.DeleteBlocksCommandHandler (DeleteBlocksCommandHandler.java:handle(106)) - Start to delete container blocks, TXIDs=[1(0),2(0),3(0)], numOfContainers=3, numOfBlocks=553
2019-09-02 06:31:18,371 [Command processor thread] INFO  commandhandler.DeleteBlocksCommandHandler (DeleteBlocksCommandHandler.java:handle(106)) - Start to delete container blocks, TXIDs=[1(0),2(0),3(0)], numOfContainers=3, numOfBlocks=553
2019-09-02 06:31:18,372 [Command processor thread] INFO  commandhandler.DeleteBlocksCommandHandler (DeleteBlocksCommandHandler.java:handle(106)) - Start to delete container blocks, TXIDs=[1(0),2(0),3(0)], numOfContainers=3, numOfBlocks=553
2019-09-02 06:31:18,373 [Command processor thread] INFO  commandhandler.DeleteBlocksCommandHandler (DeleteBlocksCommandHandler.java:handle(106)) - Start to delete container blocks, TXIDs=[1(0),2(0),3(0)], numOfContainers=3, numOfBlocks=553
2019-09-02 06:31:18,373 [pool-7-thread-1] INFO  commands.RetriableDatanodeEventWatcher (RetriableDatanodeEventWatcher.java:onTimeout(47)) - RetriableDatanodeCommand type=deleteBlocksCommand with id=1567405864539 timed out. Retrying.
2019-09-02 06:31:18,374 [Command processor thread] INFO  commandhandler.DeleteBlocksCommandHandler (DeleteBlocksCommandHandler.java:handle(106)) - Start to delete container blocks, TXIDs=[1(0),2(0),3(0)], numOfContainers=3, numOfBlocks=553
2019-09-02 06:31:18,375 [Command processor thread] INFO  commandhandler.DeleteBlocksCommandHandler (DeleteBlocksCommandHandler.java:handle(106)) - Start to delete container blocks, TXIDs=[1(0),2(0),3(0)], numOfContainers=3, numOfBlocks=553
2019-09-02 06:31:18,376 [Command processor thread] INFO  commandhandler.DeleteBlocksCommandHandler (DeleteBlocksCommandHandler.java:handle(106)) - Start to delete container blocks, TXIDs=[1(0),2(0),3(0)], numOfContainers=3, numOfBlocks=553
2019-09-02 06:31:18,377 [Command processor thread] INFO  commandhandler.DeleteBlocksCommandHandler (DeleteBlocksCommandHandler.java:handle(106)) - Start to delete container blocks, TXIDs=[1(432),2(432),3(432)], numOfContainers=3, numOfBlocks=553
2019-09-02 06:31:18,378 [Command processor thread] INFO  commandhandler.DeleteBlocksCommandHandler (DeleteBlocksCommandHandler.java:handle(106)) - Start to delete container blocks, TXIDs=[1(0),2(0),3(0)], numOfContainers=3, numOfBlocks=553
2019-09-02 06:31:18,379 [Command processor thread] INFO  commandhandler.DeleteBlocksCommandHandler (DeleteBlocksCommandHandler.java:handle(106)) - Start to delete container blocks, TXIDs=[1(0),2(0),3(0)], numOfContainers=3, numOfBlocks=553
2019-09-02 06:31:18,380 [Command processor thread] INFO  commandhandler.DeleteBlocksCommandHandler (DeleteBlocksCommandHandler.java:handle(106)) - Start to delete container blocks, TXIDs=[1(0),2(0),3(0)], numOfContainers=3, numOfBlocks=553
2019-09-02 06:31:18,381 [Command processor thread] INFO  commandhandler.DeleteBlocksCommandHandler (DeleteBlocksCommandHandler.java:handle(106)) - Start to delete container blocks, TXIDs=[1(0),2(0),3(0)], numOfContainers=3, numOfBlocks=553
2019-09-02 06:31:18,383 [Command processor thread] INFO  commandhandler.DeleteBlocksCommandHandler (DeleteBlocksCommandHandler.java:handle(106)) - Start to delete container blocks, TXIDs=[1(0),2(0),3(0)], numOfContainers=3, numOfBlocks=553
2019-09-02 06:31:18,384 [Command processor thread] INFO  commandhandler.DeleteBlocksCommandHandler (DeleteBlocksCommandHandler.java:handle(106)) - Start to delete container blocks, TXIDs=[1(0),2(0),3(0)], numOfContainers=3, numOfBlocks=553
2019-09-02 06:31:18,385 [Command processor thread] INFO  commandhandler.DeleteBlocksCommandHandler (DeleteBlocksCommandHandler.java:handle(106)) - Start to delete container blocks, TXIDs=[1(0),2(0),3(0)], numOfContainers=3, numOfBlocks=553
2019-09-02 06:31:18,385 [SCMBlockDeletingService#1] DEBUG block.SCMBlockDeletingService (SCMBlockDeletingService.java:call(138)) - Running DeletedBlockTransactionScanner
2019-09-02 06:31:18,385 [SCMBlockDeletingService#1] DEBUG block.SCMBlockDeletingService (SCMBlockDeletingService.java:call(155)) - Scanned deleted blocks log and got 3 delTX to process.
2019-09-02 06:31:18,386 [SCMBlockDeletingService#1] DEBUG block.SCMBlockDeletingService (DeleteBlocksCommandHandler.java:handle(106)) - Start to delete container blocks, TXIDs=[1(0),2(0),3(0)], numOfContainers=3, numOfBlocks=553
SCMBlockDeletingService.java:call(171)) - Added delete block command for datanode 3258574c-39ac-4ed5-9145-ea59a337c299 in the queue, number of delete block transactions: 3, TxID list: 1,2,3
2019-09-02 06:31:18,386 [Command processor thread] INFO  commandhandler.DeleteBlocksCommandHandler (DeleteBlocksCommandHandler.java:handle(106)) - Start to delete container blocks, TXIDs=[1(0),2(0),3(0)], numOfContainers=3, numOfBlocks=553
2019-09-02 06:31:18,386 [SCMBlockDeletingService#1] INFO  block.SCMBlockDeletingService (SCMBlockDeletingService.java:call(182)) - Totally added 3 delete blocks command for 1 datanodes, task elapsed time: 1ms
2019-09-02 06:31:18,387 [Command processor thread] INFO  commandhandler.DeleteBlocksCommandHandler (DeleteBlocksCommandHandler.java:handle(106)) - Start to delete container blocks, TXIDs=[1(0),2(0),3(0)], numOfContainers=3, numOfBlocks=553
2019-09-02 06:31:18,387 [pool-7-thread-1] INFO  commands.RetriableDatanodeEventWatcher (RetriableDatanodeEventWatcher.java:onTimeout(47)) - RetriableDatanodeCommand type=deleteBlocksCommand with id=1567405864549 timed out. Retrying.
2019-09-02 06:31:18,388 [Command processor thread] INFO  commandhandler.DeleteBlocksCommandHandler (DeleteBlocksCommandHandler.java:handle(106)) - Start to delete container blocks, TXIDs=[1(0),2(0),3(0)], numOfContainers=3, numOfBlocks=553
2019-09-02 06:31:18,389 [Command processor thread] INFO  commandhandler.DeleteBlocksCommandHandler (DeleteBlocksCommandHandler.java:handle(106)) - Start to delete container blocks, TXIDs=[1(0),2(0),3(0)], numOfContainers=3, numOfBlocks=553
2019-09-02 06:31:18,390 [Command processor thread] INFO  commandhandler.DeleteBlocksCommandHandler (DeleteBlocksCommandHandler.java:handle(106)) - Start to delete container blocks, TXIDs=[1(0),2(0),3(0)], numOfContainers=3, numOfBlocks=553
2019-09-02 06:31:18,391 [Command processor thread] INFO  commandhandler.DeleteBlocksCommandHandler (DeleteBlocksCommandHandler.java:handle(106)) - Start to delete container blocks, TXIDs=[1(746),2(746),3(746)], numOfContainers=3, numOfBlocks=553
2019-09-02 06:31:18,392 [pool-7-thread-1] INFO  commands.RetriableDatanodeEventWatcher (RetriableDatanodeEventWatcher.java:onTimeout(47)) - RetriableDatanodeCommand type=deleteBlocksCommand with id=1567405864568 timed out. Retrying.
2019-09-02 06:31:18,392 [Command processor thread] INFO  commandhandler.DeleteBlocksCommandHandler (DeleteBlocksCommandHandler.java:handle(106)) - Start to delete container blocks, TXIDs=[1(0),2(0),3(0)], numOfContainers=3, numOfBlocks=553
2019-09-02 06:31:18,393 [BlockDeletingService#2] INFO  background.BlockDeletingService (BlockDeletingService.java:getTasks(129)) - Plan to choose 10 containers for block deletion, actually returns 3 valid containers.
2019-09-02 06:31:18,393 [Command processor thread] INFO  commandhandler.DeleteBlocksCommandHandler (DeleteBlocksCommandHandler.java:handle(106)) - Start to delete container blocks, TXIDs=[1(0),2(0),3(0)], numOfContainers=3, numOfBlocks=553
2019-09-02 06:31:18,394 [Command processor thread] INFO  commandhandler.DeleteBlocksCommandHandler (DeleteBlocksCommandHandler.java:handle(106)) - Start to delete container blocks, TXIDs=[1(0),2(0),3(0)], numOfContainers=3, numOfBlocks=553
2019-09-02 06:31:18,403 [Command processor thread] INFO  commandhandler.DeleteBlocksCommandHandler (DeleteBlocksCommandHandler.java:handle(106)) - Start to delete container blocks, TXIDs=[1(0),2(0),3(0)], numOfContainers=3, numOfBlocks=553
2019-09-02 06:31:18,403 [pool-7-thread-1] INFO  commands.RetriableDatanodeEventWatcher (RetriableDatanodeEventWatcher.java:onTimeout(47)) - RetriableDatanodeCommand type=deleteBlocksCommand with id=1567405864559 timed out. Retrying.
2019-09-02 06:31:18,405 [Command processor thread] INFO  commandhandler.DeleteBlocksCommandHandler (DeleteBlocksCommandHandler.java:handle(106)) - Start to delete container blocks, TXIDs=[1(0),2(0),3(0)], numOfContainers=3, numOfBlocks=553
2019-09-02 06:31:18,407 [pool-7-thread-1] INFO  commands.RetriableDatanodeEventWatcher (RetriableDatanodeEventWatcher.java:onTimeout(47)) - RetriableDatanodeCommand type=deleteBlocksCommand with id=1567405864578 timed out. Retrying.
2019-09-02 06:31:18,407 [Command processor thread] INFO  commandhandler.DeleteBlocksCommandHandler (DeleteBlocksCommandHandler.java:handle(106)) - Start to delete container blocks, TXIDs=[1(0),2(0),3(0)], numOfContainers=3, numOfBlocks=553
2019-09-02 06:31:18,409 [Command processor thread] INFO  commandhandler.DeleteBlocksCommandHandler (DeleteBlocksCommandHandler.java:handle(106)) - Start to delete container blocks, TXIDs=[1(0),2(0),3(0)], numOfContainers=3, numOfBlocks=553
2019-09-02 06:31:18,411 [Command processor thread] INFO  commandhandler.DeleteBlocksCommandHandler (DeleteBlocksCommandHandler.java:handle(106)) - Start to delete container blocks, TXIDs=[1(0),2(0),3(0)], numOfContainers=3, numOfBlocks=553
2019-09-02 06:31:18,413 [Command processor thread] INFO  commandhandler.DeleteBlocksCommandHandler (DeleteBlocksCommandHandler.java:handle(106)) - Start to delete container blocks, TXIDs=[1(0),2(0),3(0)], numOfContainers=3, numOfBlocks=553
2019-09-02 06:31:18,415 [Command processor thread] INFO  commandhandler.DeleteBlocksCommandHandler (DeleteBlocksCommandHandler.java:handle(106)) - Start to delete container blocks, TXIDs=[1(0),2(0),3(0)], numOfContainers=3, numOfBlocks=553
2019-09-02 06:31:18,417 [Command processor thread] INFO  commandhandler.DeleteBlocksCommandHandler (DeleteBlocksCommandHandler.java:handle(106)) - Start to delete container blocks, TXIDs=[1(0),2(0),3(0)], numOfContainers=3, numOfBlocks=553
2019-09-02 06:31:18,419 [Command processor thread] INFO  commandhandler.DeleteBlocksCommandHandler (DeleteBlocksCommandHandler.java:handle(106)) - Start to delete container blocks, TXIDs=[1(0),2(0),3(0)], numOfContainers=3, numOfBlocks=553
2019-09-02 06:31:18,421 [Command processor thread] INFO  commandhandler.DeleteBlocksCommandHandler (DeleteBlocksCommandHandler.java:handle(106)) - Start to delete container blocks, TXIDs=[1(746),2(746),3(746)], numOfContainers=3, numOfBlocks=553
2019-09-02 06:31:18,423 [Command processor thread] INFO  commandhandler.DeleteBlocksCommandHandler (DeleteBlocksCommandHandler.java:handle(106)) - Start to delete container blocks, TXIDs=[1(0),2(0),3(0)], numOfContainers=3, numOfBlocks=553
2019-09-02 06:31:18,424 [pool-7-thread-1] INFO  commands.RetriableDatanodeEventWatcher (RetriableDatanodeEventWatcher.java:onTimeout(47)) - RetriableDatanodeCommand type=deleteBlocksCommand with id=1567405864588 timed out. Retrying.
2019-09-02 06:31:18,425 [Command processor thread] INFO  commandhandler.DeleteBlocksCommandHandler (DeleteBlocksCommandHandler.java:handle(106)) - Start to delete container blocks, TXIDs=[1(0),2(0),3(0)], numOfContainers=3, numOfBlocks=553
2019-09-02 06:31:18,427 [pool-7-thread-1] INFO  commands.RetriableDatanodeEventWatcher (RetriableDatanodeEventWatcher.java:onTimeout(47)) - RetriableDatanodeCommand type=deleteBlocksCommand with id=1567405864510 timed out. Retrying.
2019-09-02 06:31:18,427 [Command processor thread] INFO  commandhandler.DeleteBlocksCommandHandler (DeleteBlocksCommandHandler.java:handle(106)) - Start to delete container blocks, TXIDs=[1(0),2(0),3(0)], numOfContainers=3, numOfBlocks=553
2019-09-02 06:31:18,428 [Command processor thread] INFO  commandhandler.DeleteBlocksCommandHandler (DeleteBlocksCommandHandler.java:handle(106)) - Start to delete container blocks, TXIDs=[1(0),2(0),3(0)], numOfContainers=3, numOfBlocks=553
2019-09-02 06:31:18,430 [Command processor thread] INFO  commandhandler.DeleteBlocksCommandHandler (DeleteBlocksCommandHandler.java:handle(106)) - Start to delete container blocks, TXIDs=[1(0),2(0),3(0)], numOfContainers=3, numOfBlocks=553
2019-09-02 06:31:18,432 [Command processor thread] INFO  commandhandler.DeleteBlocksCommandHandler (DeleteBlocksCommandHandler.java:handle(106)) - Start to delete container blocks, TXIDs=[1(0),2(0),3(0)], numOfContainers=3, numOfBlocks=553
2019-09-02 06:31:18,434 [Command processor thread] INFO  commandhandler.DeleteBlocksCommandHandler (DeleteBlocksCommandHandler.java:handle(106)) - Start to delete container blocks, TXIDs=[1(0),2(0),3(0)], numOfContainers=3, numOfBlocks=553
2019-09-02 06:31:18,435 [Command processor thread] INFO  commandhandler.DeleteBlocksCommandHandler (DeleteBlocksCommandHandler.java:handle(106)) - Start to delete container blocks, TXIDs=[1(0),2(0),3(0)], numOfContainers=3, numOfBlocks=553
2019-09-02 06:31:18,437 [Command processor thread] INFO  commandhandler.DeleteBlocksCommandHandler (DeleteBlocksCommandHandler.java:handle(106)) - Start to delete container blocks, TXIDs=[1(0),2(0),3(0)], numOfContainers=3, numOfBlocks=553
2019-09-02 06:31:18,438 [Command processor thread] INFO  commandhandler.DeleteBlocksCommandHandler (DeleteBlocksCommandHandler.java:handle(106)) - Start to delete container blocks, TXIDs=[1(0),2(0),3(0)], numOfContainers=3, numOfBlocks=553
2019-09-02 06:31:18,438 [pool-7-thread-1] INFO  commands.RetriableDatanodeEventWatcher (RetriableDatanodeEventWatcher.java:onTimeout(47)) - RetriableDatanodeCommand type=deleteBlocksCommand with id=1567405864598 timed out. Retrying.
2019-09-02 06:31:18,440 [Command processor thread] INFO  commandhandler.DeleteBlocksCommandHandler (DeleteBlocksCommandHandler.java:handle(106)) - Start to delete container blocks, TXIDs=[1(0),2(0),3(0)], numOfContainers=3, numOfBlocks=553
2019-09-02 06:31:18,441 [Command processor thread] INFO  commandhandler.DeleteBlocksCommandHandler (DeleteBlocksCommandHandler.java:handle(106)) - Start to delete container blocks, TXIDs=[1(0),2(0),3(0)], numOfContainers=3, numOfBlocks=553
2019-09-02 06:31:18,442 [pool-7-thread-1] INFO  commands.RetriableDatanodeEventWatcher (RetriableDatanodeEventWatcher.java:onTimeout(47)) - RetriableDatanodeCommand type=deleteBlocksCommand with id=1567405864520 timed out. Retrying.
2019-09-02 06:31:18,443 [Command processor thread] INFO  commandhandler.DeleteBlocksCommandHandler (DeleteBlocksCommandHandler.java:handle(106)) - Start to delete container blocks, TXIDs=[1(746),2(746),3(746)], numOfContainers=3, numOfBlocks=553
2019-09-02 06:31:18,444 [pool-7-thread-1] INFO  commands.RetriableDatanodeEventWatcher (RetriableDatanodeEventWatcher.java:onTimeout(47)) - RetriableDatanodeCommand type=deleteBlocksCommand with id=1567405864627 timed out. Retrying.
2019-09-02 06:31:18,445 [Command processor thread] INFO  commandhandler.DeleteBlocksCommandHandler (DeleteBlocksCommandHandler.java:handle(106)) - Start to delete container blocks, TXIDs=[1(0),2(0),3(0)], numOfContainers=3, numOfBlocks=553
2019-09-02 06:31:18,446 [Command processor thread] INFO  commandhandler.DeleteBlocksCommandHandler (DeleteBlocksCommandHandler.java:handle(106)) - Start to delete container blocks, TXIDs=[1(0),2(0),3(0)], numOfContainers=3, numOfBlocks=553
2019-09-02 06:31:18,448 [Command processor thread] INFO  commandhandler.DeleteBlocksCommandHandler (DeleteBlocksCommandHandler.java:handle(106)) - Start to delete container blocks, TXIDs=[1(0),2(0),3(0)], numOfContainers=3, numOfBlocks=553
2019-09-02 06:31:18,449 [Command processor thread] INFO  commandhandler.DeleteBlocksCommandHandler (DeleteBlocksCommandHandler.java:handle(106)) - Start to delete container blocks, TXIDs=[1(0),2(0),3(0)], numOfContainers=3, numOfBlocks=553
2019-09-02 06:31:18,450 [Command processor thread] INFO  commandhandler.DeleteBlocksCommandHandler (DeleteBlocksCommandHandler.java:handle(106)) - Start to delete container blocks, TXIDs=[1(0),2(0),3(0)], numOfContainers=3, numOfBlocks=553
2019-09-02 06:31:18,452 [Command processor thread] INFO  commandhandler.DeleteBlocksCommandHandler (DeleteBlocksCommandHandler.java:handle(106)) - Start to delete container blocks, TXIDs=[1(0),2(0),3(0)], numOfContainers=3, numOfBlocks=553
2019-09-02 06:31:18,453 [Command processor thread] INFO  commandhandler.DeleteBlocksCommandHandler (DeleteBlocksCommandHandler.java:handle(106)) - Start to delete container blocks, TXIDs=[1(0),2(0),3(0)], numOfContainers=3, numOfBlocks=553
2019-09-02 06:31:18,455 [Command processor thread] INFO  commandhandler.DeleteBlocksCommandHandler (DeleteBlocksCommandHandler.java:handle(106)) - Start to delete container blocks, TXIDs=[1(0),2(0),3(0)], numOfContainers=3, numOfBlocks=553
2019-09-02 06:31:18,455 [pool-7-thread-1] INFO  commands.RetriableDatanodeEventWatcher (RetriableDatanodeEventWatcher.java:onTimeout(47)) - RetriableDatanodeCommand type=deleteBlocksCommand with id=1567405864608 timed out. Retrying.
2019-09-02 06:31:18,456 [Command processor thread] INFO  commandhandler.DeleteBlocksCommandHandler (DeleteBlocksCommandHandler.java:handle(106)) - Start to delete container blocks, TXIDs=[1(0),2(0),3(0)], numOfContainers=3, numOfBlocks=553
2019-09-02 06:31:18,457 [Command processor thread] INFO  commandhandler.DeleteBlocksCommandHandler (DeleteBlocksCommandHandler.java:handle(106)) - Start to delete container blocks, TXIDs=[1(0),2(0),3(0)], numOfContainers=3, numOfBlocks=553
2019-09-02 06:31:18,458 [Command processor thread] INFO  commandhandler.DeleteBlocksCommandHandler (DeleteBlocksCommandHandler.java:handle(106)) - Start to delete container blocks, TXIDs=[1(0),2(0),3(0)], numOfContainers=3, numOfBlocks=553
2019-09-02 06:31:18,459 [Command processor thread] INFO  commandhandler.DeleteBlocksCommandHandler (DeleteBlocksCommandHandler.java:handle(106)) - Start to delete container blocks, TXIDs=[1(0),2(0),3(0)], numOfContainers=3, numOfBlocks=553
2019-09-02 06:31:18,460 [Command processor thread] INFO  commandhandler.DeleteBlocksCommandHandler (DeleteBlocksCommandHandler.java:handle(106)) - Start to delete container blocks, TXIDs=[1(746),2(746),3(746)], numOfContainers=3, numOfBlocks=553
2019-09-02 06:31:18,461 [Command processor thread] INFO  commandhandler.DeleteBlocksCommandHandler (DeleteBlocksCommandHandler.java:handle(106)) - Start to delete container blocks, TXIDs=[1(0),2(0),3(0)], numOfContainers=3, numOfBlocks=553
2019-09-02 06:31:18,461 [pool-7-thread-1] INFO  commands.RetriableDatanodeEventWatcher (RetriableDatanodeEventWatcher.java:onTimeout(47)) - RetriableDatanodeCommand type=deleteBlocksCommand with id=1567405864530 timed out. Retrying.
2019-09-02 06:31:18,461 [Command processor thread] INFO  commandhandler.DeleteBlocksCommandHandler (DeleteBlocksCommandHandler.java:handle(106)) - Start to delete container blocks, TXIDs=[1(0),2(0),3(0)], numOfContainers=3, numOfBlocks=553
2019-09-02 06:31:18,462 [Command processor thread] INFO  commandhandler.DeleteBlocksCommandHandler (DeleteBlocksCommandHandler.java:handle(106)) - Start to delete container blocks, TXIDs=[1(0),2(0),3(0)], numOfContainers=3, numOfBlocks=553
2019-09-02 06:31:18,463 [Command processor thread] INFO  commandhandler.DeleteBlocksCommandHandler (DeleteBlocksCommandHandler.java:handle(106)) - Start to delete container blocks, TXIDs=[1(0),2(0),3(0)], numOfContainers=3, numOfBlocks=553
2019-09-02 06:31:18,464 [Command processor thread] INFO  commandhandler.DeleteBlocksCommandHandler (DeleteBlocksCommandHandler.java:handle(106)) - Start to delete container blocks, TXIDs=[1(0),2(0),3(0)], numOfContainers=3, numOfBlocks=553
2019-09-02 06:31:18,465 [Command processor thread] INFO  commandhandler.DeleteBlocksCommandHandler (DeleteBlocksCommandHandler.java:handle(106)) - Start to delete container blocks, TXIDs=[1(0),2(0),3(0)], numOfContainers=3, numOfBlocks=553
2019-09-02 06:31:18,466 [Command processor thread] INFO  commandhandler.DeleteBlocksCommandHandler (DeleteBlocksCommandHandler.java:handle(106)) - Start to delete container blocks, TXIDs=[1(0),2(0),3(0)], numOfContainers=3, numOfBlocks=553
2019-09-02 06:31:18,466 [Command processor thread] INFO  commandhandler.DeleteBlocksCommandHandler (DeleteBlocksCommandHandler.java:handle(106)) - Start to delete container blocks, TXIDs=[1(0),2(0),3(0)], numOfContainers=3, numOfBlocks=553
2019-09-02 06:31:18,467 [Command processor thread] INFO  commandhandler.DeleteBlocksCommandHandler (DeleteBlocksCommandHandler.java:handle(106)) - Start to delete container blocks, TXIDs=[1(0),2(0),3(0)], numOfContainers=3, numOfBlocks=553
2019-09-02 06:31:18,468 [Command processor thread] INFO  commandhandler.DeleteBlocksCommandHandler (DeleteBlocksCommandHandler.java:handle(106)) - Start to delete container blocks, TXIDs=[1(0),2(0),3(0)], numOfContainers=3, numOfBlocks=553
2019-09-02 06:31:18,469 [Command processor thread] INFO  commandhandler.DeleteBlocksCommandHandler (DeleteBlocksCommandHandler.java:handle(106)) - Start to delete container blocks, TXIDs=[1(0),2(0),3(0)], numOfContainers=3, numOfBlocks=553
2019-09-02 06:31:18,470 [Command processor thread] INFO  commandhandler.DeleteBlocksCommandHandler (DeleteBlocksCommandHandler.java:handle(106)) - Start to delete container blocks, TXIDs=[1(0),2(0),3(0)], numOfContainers=3, numOfBlocks=553
2019-09-02 06:31:18,471 [Command processor thread] INFO  commandhandler.DeleteBlocksCommandHandler (DeleteBlocksCommandHandler.java:handle(106)) - Start to delete container blocks, TXIDs=[1(0),2(0),3(0)], numOfContainers=3, numOfBlocks=553
2019-09-02 06:31:18,472 [Command processor thread] INFO  commandhandler.DeleteBlocksCommandHandler (DeleteBlocksCommandHandler.java:handle(106)) - Start to delete container blocks, TXIDs=[1(0),2(0),3(0)], numOfContainers=3, numOfBlocks=553
2019-09-02 06:31:18,472 [pool-7-thread-1] INFO  commands.RetriableDatanodeEventWatcher (RetriableDatanodeEventWatcher.java:onTimeout(47)) - RetriableDatanodeCommand type=deleteBlocksCommand with id=1567405864618 timed out. Retrying.
2019-09-02 06:31:18,472 [pool-7-thread-1] INFO  commands.RetriableDatanodeEventWatcher (RetriableDatanodeEventWatcher.java:onTimeout(47)) - RetriableDatanodeCommand type=deleteBlocksCommand with id=1567405864540 timed out. Retrying.
2019-09-02 06:31:18,472 [Command processor thread] INFO  commandhandler.DeleteBlocksCommandHandler (DeleteBlocksCommandHandler.java:handle(106)) - Start to delete container blocks, TXIDs=[1(746),2(746),3(746)], numOfContainers=3, numOfBlocks=553
2019-09-02 06:31:18,473 [Command processor thread] INFO  commandhandler.DeleteBlocksCommandHandler (DeleteBlocksCommandHandler.java:handle(106)) - Start to delete container blocks, TXIDs=[1(0),2(0),3(0)], numOfContainers=3, numOfBlocks=553
2019-09-02 06:31:18,474 [Command processor thread] INFO  commandhandler.DeleteBlocksCommandHandler (DeleteBlocksCommandHandler.java:handle(106)) - Start to delete container blocks, TXIDs=[1(0),2(0),3(0)], numOfContainers=3, numOfBlocks=553
2019-09-02 06:31:18,475 [Command processor thread] INFO  commandhandler.DeleteBlocksCommandHandler (DeleteBlocksCommandHandler.java:handle(106)) - Start to delete container blocks, TXIDs=[1(0),2(0),3(0)], numOfContainers=3, numOfBlocks=553
2019-09-02 06:31:18,476 [Command processor thread] INFO  commandhandler.DeleteBlocksCommandHandler (DeleteBlocksCommandHandler.java:handle(106)) - Start to delete container blocks, TXIDs=[1(0),2(0),3(0)], numOfContainers=3, numOfBlocks=553
2019-09-02 06:31:18,477 [Command processor thread] INFO  commandhandler.DeleteBlocksCommandHandler (DeleteBlocksCommandHandler.java:handle(106)) - Start to delete container blocks, TXIDs=[1(0),2(0),3(0)], numOfContainers=3, numOfBlocks=553
2019-09-02 06:31:18,478 [Command processor thread] INFO  commandhandler.DeleteBlocksCommandHandler (DeleteBlocksCommandHandler.java:handle(106)) - Start to delete container blocks, TXIDs=[1(0),2(0),3(0)], numOfContainers=3, numOfBlocks=553
2019-09-02 06:31:18,479 [Command processor thread] INFO  commandhandler.DeleteBlocksCommandHandler (DeleteBlocksCommandHandler.java:handle(106)) - Start to delete container blocks, TXIDs=[1(0),2(0),3(0)], numOfContainers=3, numOfBlocks=553
2019-09-02 06:31:18,479 [Command processor thread] INFO  commandhandler.DeleteBlocksCommandHandler (DeleteBlocksCommandHandler.java:handle(106)) - Start to delete container blocks, TXIDs=[1(0),2(0),3(0)], numOfContainers=3, numOfBlocks=553
2019-09-02 06:31:18,480 [Command processor thread] INFO  commandhandler.DeleteBlocksCommandHandler (DeleteBlocksCommandHandler.java:handle(106)) - Start to delete container blocks, TXIDs=[1(0),2(0),3(0)], numOfContainers=3, numOfBlocks=553
2019-09-02 06:31:18,481 [Command processor thread] INFO  commandhandler.DeleteBlocksCommandHandler (DeleteBlocksCommandHandler.java:handle(106)) - Start to delete container blocks, TXIDs=[1(0),2(0),3(0)], numOfContainers=3, numOfBlocks=553
2019-09-02 06:31:18,482 [Command processor thread] INFO  commandhandler.DeleteBlocksCommandHandler (DeleteBlocksCommandHandler.java:handle(106)) - Start to delete container blocks, TXIDs=[1(0),2(0),3(0)], numOfContainers=3, numOfBlocks=553
2019-09-02 06:31:18,483 [Command processor thread] INFO  commandhandler.DeleteBlocksCommandHandler (DeleteBlocksCommandHandler.java:handle(106)) - Start to delete container blocks, TXIDs=[1(0),2(0),3(0)], numOfContainers=3, numOfBlocks=553
2019-09-02 06:31:18,484 [Command processor thread] INFO  commandhandler.DeleteBlocksCommandHandler (DeleteBlocksCommandHandler.java:handle(106)) - Start to delete container blocks, TXIDs=[1(0),2(0),3(0)], numOfContainers=3, numOfBlocks=553
2019-09-02 06:31:18,485 [Command processor thread] INFO  commandhandler.DeleteBlocksCommandHandler (DeleteBlocksCommandHandler.java:handle(106)) - Start to delete container blocks, TXIDs=[1(0),2(0),3(0)], numOfContainers=3, numOfBlocks=553
2019-09-02 06:31:18,486 [Command processor thread] INFO  commandhandler.DeleteBlocksCommandHandler (DeleteBlocksCommandHandler.java:handle(106)) - Start to delete container blocks, TXIDs=[1(0),2(0),3(0)], numOfContainers=3, numOfBlocks=553
2019-09-02 06:31:18,486 [Command processor thread] INFO  commandhandler.DeleteBlocksCommandHandler (DeleteBlocksCommandHandler.java:handle(106)) - Start to delete container blocks, TXIDs=[1(746),2(746),3(746)], numOfContainers=3, numOfBlocks=553
SCMBlockDeletingService.java:call(138)) - Running DeletedBlockTransactionScanner
2019-09-02 06:31:18,486 [Command processor thread] INFO  commandhandler.DeleteBlocksCommandHandler (DeleteBlocksCommandHandler.java:handle(106)) - Start to delete container blocks, TXIDs=[1(746),2(746),3(746)], numOfContainers=3, numOfBlocks=553
2019-09-02 06:31:18,487 [SCMBlockDeletingService#1] DEBUG block.SCMBlockDeletingService (SCMBlockDeletingService.java:call(155)) - Scanned deleted blocks log and got 3 delTX to process.
2019-09-02 06:31:18,487 [SCMBlockDeletingService#1] DEBUG block.SCMBlockDeletingService (SCMBlockDeletingService.java:call(171)) - Added delete block command for datanode 3258574c-39ac-4ed5-9145-ea59a337c299 in the queue, number of delete block transactions: 3, TxID list: 1,2,3
2019-09-02 06:31:18,487 [SCMBlockDeletingService#1] INFO  block.SCMBlockDeletingService (SCMBlockDeletingService.java:call(182)) - Totally added 3 delete blocks command for 1 datanodes, task elapsed time: 0ms
2019-09-02 06:31:18,487 [Command processor thread] INFO  commandhandler.DeleteBlocksCommandHandler (DeleteBlocksCommandHandler.java:handle(106)) - Start to delete container blocks, TXIDs=[1(0),2(0),3(0)], numOfContainers=3, numOfBlocks=553
2019-09-02 06:31:18,488 [Command processor thread] INFO  commandhandler.DeleteBlocksCommandHandler (DeleteBlocksCommandHandler.java:handle(106)) - Start to delete container blocks, TXIDs=[1(0),2(0),3(0)], numOfContainers=3, numOfBlocks=553
2019-09-02 06:31:18,489 [Command processor thread] INFO  commandhandler.DeleteBlocksCommandHandler (DeleteBlocksCommandHandler.java:handle(106)) - Start to delete container blocks, TXIDs=[1(0),2(0),3(0)], numOfContainers=3, numOfBlocks=553
2019-09-02 06:31:18,490 [Command processor thread] INFO  commandhandler.DeleteBlocksCommandHandler (DeleteBlocksCommandHandler.java:handle(106)) - Start to delete container blocks, TXIDs=[1(0),2(0),3(0)], numOfContainers=3, numOfBlocks=553
2019-09-02 06:31:18,491 [Command processor thread] INFO  commandhandler.DeleteBlocksCommandHandler (DeleteBlocksCommandHandler.java:handle(106)) - Start to delete container blocks, TXIDs=[1(0),2(0),3(0)], numOfContainers=3, numOfBlocks=553
2019-09-02 06:31:18,492 [Command processor thread] INFO  commandhandler.DeleteBlocksCommandHandler (DeleteBlocksCommandHandler.java:handle(106)) - Start to delete container blocks, TXIDs=[1(0),2(0),3(0)], numOfContainers=3, numOfBlocks=553
2019-09-02 06:31:18,493 [Command processor thread] INFO  commandhandler.DeleteBlocksCommandHandler (DeleteBlocksCommandHandler.java:handle(106)) - Start to delete container blocks, TXIDs=[1(0),2(0),3(0)], numOfContainers=3, numOfBlocks=553
2019-09-02 06:31:18,493 [pool-7-thread-1] INFO  commands.RetriableDatanodeEventWatcher (RetriableDatanodeEventWatcher.java:onTimeout(47)) - RetriableDatanodeCommand type=deleteBlocksCommand with id=1567405864550 timed out. Retrying.
2019-09-02 06:31:18,493 [pool-7-thread-5] INFO  commands.RetriableDatanodeEventWatcher (RetriableDatanodeEventWatcher.java:onTimeout(47)) - RetriableDatanodeCommand type=deleteBlocksCommand with id=1567405864569 timed out. Retrying.
2019-09-02 06:31:18,493 [Command processor thread] INFO  commandhandler.DeleteBlocksCommandHandler (DeleteBlocksCommandHandler.java:handle(106)) - Start to delete container blocks, TXIDs=[1(0),2(0),3(0)], numOfContainers=3, numOfBlocks=553
2019-09-02 06:31:18,494 [Command processor thread] INFO  commandhandler.DeleteBlocksCommandHandler (DeleteBlocksCommandHandler.java:handle(106)) - Start to delete container blocks, TXIDs=[1(0),2(0),3(0)], numOfContainers=3, numOfBlocks=553
2019-09-02 06:31:18,495 [Command processor thread] INFO  commandhandler.DeleteBlocksCommandHandler (DeleteBlocksCommandHandler.java:handle(106)) - Start to delete container blocks, TXIDs=[1(0),2(0),3(0)], numOfContainers=3, numOfBlocks=553
2019-09-02 06:31:18,496 [Command processor thread] INFO  commandhandler.DeleteBlocksCommandHandler (DeleteBlocksCommandHandler.java:handle(106)) - Start to delete container blocks, TXIDs=[1(0),2(0),3(0)], numOfContainers=3, numOfBlocks=553
2019-09-02 06:31:18,497 [Command processor thread] INFO  commandhandler.DeleteBlocksCommandHandler (DeleteBlocksCommandHandler.java:handle(106)) - Start to delete container blocks, TXIDs=[1(0),2(0),3(0)], numOfContainers=3, numOfBlocks=553
2019-09-02 06:31:18,498 [Command processor thread] INFO  commandhandler.DeleteBlocksCommandHandler (DeleteBlocksCommandHandler.java:handle(106)) - Start to delete container blocks, TXIDs=[1(0),2(0),3(0)], numOfContainers=3, numOfBlocks=553
2019-09-02 06:31:18,499 [Command processor thread] INFO  commandhandler.DeleteBlocksCommandHandler (DeleteBlocksCommandHandler.java:handle(106)) - Start to delete container blocks, TXIDs=[1(0),2(0),3(0)], numOfContainers=3, numOfBlocks=553
2019-09-02 06:31:18,500 [Command processor thread] INFO  commandhandler.DeleteBlocksCommandHandler (DeleteBlocksCommandHandler.java:handle(106)) - Start to delete container blocks, TXIDs=[1(746),2(746),3(746)], numOfContainers=3, numOfBlocks=553
2019-09-02 06:31:18,501 [Command processor thread] INFO  commandhandler.DeleteBlocksCommandHandler (DeleteBlocksCommandHandler.java:handle(106)) - Start to delete container blocks, TXIDs=[1(0),2(0),3(0)], numOfContainers=3, numOfBlocks=553
2019-09-02 06:31:18,502 [Command processor thread] INFO  commandhandler.DeleteBlocksCommandHandler (DeleteBlocksCommandHandler.java:handle(106)) - Start to delete container blocks, TXIDs=[1(0),2(0),3(0)], numOfContainers=3, numOfBlocks=553
2019-09-02 06:31:18,503 [Command processor thread] INFO  commandhandler.DeleteBlocksCommandHandler (DeleteBlocksCommandHandler.java:handle(106)) - Start to delete container blocks, TXIDs=[1(0),2(0),3(0)], numOfContainers=3, numOfBlocks=553
2019-09-02 06:31:18,504 [Command processor thread] INFO  commandhandler.DeleteBlocksCommandHandler (DeleteBlocksCommandHandler.java:handle(106)) - Start to delete container blocks, TXIDs=[1(0),2(0),3(0)], numOfContainers=3, numOfBlocks=553
2019-09-02 06:31:18,505 [Command processor thread] INFO  commandhandler.DeleteBlocksCommandHandler (DeleteBlocksCommandHandler.java:handle(106)) - Start to delete container blocks, TXIDs=[1(0),2(0),3(0)], numOfContainers=3, numOfBlocks=553
2019-09-02 06:31:18,505 [Command processor thread] INFO  commandhandler.DeleteBlocksCommandHandler (DeleteBlocksCommandHandler.java:handle(106)) - Start to delete container blocks, TXIDs=[1(0),2(0),3(0)], numOfContainers=3, numOfBlocks=553
2019-09-02 06:31:18,506 [Command processor thread] INFO  commandhandler.DeleteBlocksCommandHandler (DeleteBlocksCommandHandler.java:handle(106)) - Start to delete container blocks, TXIDs=[1(0),2(0),3(0)], numOfContainers=3, numOfBlocks=553
2019-09-02 06:31:18,507 [Command processor thread] INFO  commandhandler.DeleteBlocksCommandHandler (DeleteBlocksCommandHandler.java:handle(106)) - Start to delete container blocks, TXIDs=[1(0),2(0),3(0)], numOfContainers=3, numOfBlocks=553
2019-09-02 06:31:18,508 [Command processor thread] INFO  commandhandler.DeleteBlocksCommandHandler (DeleteBlocksCommandHandler.java:handle(106)) - Start to delete container blocks, TXIDs=[1(0),2(0),3(0)], numOfContainers=3, numOfBlocks=553
2019-09-02 06:31:18,509 [Command processor thread] INFO  commandhandler.DeleteBlocksCommandHandler (DeleteBlocksCommandHandler.java:handle(106)) - Start to delete container blocks, TXIDs=[1(0),2(0),3(0)], numOfContainers=3, numOfBlocks=553
2019-09-02 06:31:18,510 [Command processor thread] INFO  commandhandler.DeleteBlocksCommandHandler (DeleteBlocksCommandHandler.java:handle(106)) - Start to delete container blocks, TXIDs=[1(0),2(0),3(0)], numOfContainers=3, numOfBlocks=553
2019-09-02 06:31:18,511 [Command processor thread] INFO  commandhandler.DeleteBlocksCommandHandler (DeleteBlocksCommandHandler.java:handle(106)) - Start to delete container blocks, TXIDs=[1(0),2(0),3(0)], numOfContainers=3, numOfBlocks=553
2019-09-02 06:31:18,512 [Command processor thread] INFO  commandhandler.DeleteBlocksCommandHandler (DeleteBlocksCommandHandler.java:handle(106)) - Start to delete container blocks, TXIDs=[1(821),2(821),3(821)], numOfContainers=3, numOfBlocks=553
2019-09-02 06:31:18,513 [Command processor thread] INFO  commandhandler.DeleteBlocksCommandHandler (DeleteBlocksCommandHandler.java:handle(106)) - Start to delete container blocks, TXIDs=[1(0),2(0),3(0)], numOfContainers=3, numOfBlocks=553
2019-09-02 06:31:18,513 [pool-7-thread-5] INFO  commands.RetriableDatanodeEventWatcher (RetriableDatanodeEventWatcher.java:onTimeout(47)) - RetriableDatanodeCommand type=deleteBlocksCommand with id=1567405864579 timed out. Retrying.
2019-09-02 06:31:18,513 [pool-7-thread-1] INFO  commands.RetriableDatanodeEventWatcher (RetriableDatanodeEventWatcher.java:onTimeout(47)) - RetriableDatanodeCommand type=deleteBlocksCommand with id=1567405864560 timed out. Retrying.
2019-09-02 06:31:18,513 [pool-7-thread-10] INFO  commands.RetriableDatanodeEventWatcher (RetriableDatanodeEventWatcher.java:onTimeout(47)) - RetriableDatanodeCommand type=deleteBlocksCommand with id=1567405864501 timed out. Retrying.
2019-09-02 06:31:18,513 [Command processor thread] INFO  commandhandler.DeleteBlocksCommandHandler (DeleteBlocksCommandHandler.java:handle(106)) - Start to delete container blocks, TXIDs=[1(0),2(0),3(0)], numOfContainers=3, numOfBlocks=553
2019-09-02 06:31:18,514 [Command processor thread] INFO  commandhandler.DeleteBlocksCommandHandler (DeleteBlocksCommandHandler.java:handle(106)) - Start to delete container blocks, TXIDs=[1(98),2(98),3(98)], numOfContainers=3, numOfBlocks=553
2019-09-02 06:31:18,515 [Command processor thread] INFO  commandhandler.DeleteBlocksCommandHandler (DeleteBlocksCommandHandler.java:handle(106)) - Start to delete container blocks, TXIDs=[1(0),2(0),3(0)], numOfContainers=3, numOfBlocks=553
2019-09-02 06:31:18,516 [Command processor thread] INFO  commandhandler.DeleteBlocksCommandHandler (DeleteBlocksCommandHandler.java:handle(106)) - Start to delete container blocks, TXIDs=[1(0),2(0),3(0)], numOfContainers=3, numOfBlocks=553
2019-09-02 06:31:18,517 [Command processor thread] INFO  commandhandler.DeleteBlocksCommandHandler (DeleteBlocksCommandHandler.java:handle(106)) - Start to delete container blocks, TXIDs=[1(0),2(0),3(0)], numOfContainers=3, numOfBlocks=553
2019-09-02 06:31:18,518 [Command processor thread] INFO  commandhandler.DeleteBlocksCommandHandler (DeleteBlocksCommandHandler.java:handle(106)) - Start to delete container blocks, TXIDs=[1(0),2(0),3(0)], numOfContainers=3, numOfBlocks=553
2019-09-02 06:31:18,519 [Command processor thread] INFO  commandhandler.DeleteBlocksCommandHandler (DeleteBlocksCommandHandler.java:handle(106)) - Start to delete container blocks, TXIDs=[1(0),2(0),3(0)], numOfContainers=3, numOfBlocks=553
2019-09-02 06:31:18,520 [Command processor thread] INFO  commandhandler.DeleteBlocksCommandHandler (DeleteBlocksCommandHandler.java:handle(106)) - Start to delete container blocks, TXIDs=[1(0),2(0),3(0)], numOfContainers=3, numOfBlocks=553
2019-09-02 06:31:18,521 [Command processor thread] INFO  commandhandler.DeleteBlocksCommandHandler (DeleteBlocksCommandHandler.java:handle(106)) - Start to delete container blocks, TXIDs=[1(0),2(0),3(0)], numOfContainers=3, numOfBlocks=553
2019-09-02 06:31:18,522 [Command processor thread] INFO  commandhandler.DeleteBlocksCommandHandler (DeleteBlocksCommandHandler.java:handle(106)) - Start to delete container blocks, TXIDs=[1(0),2(0),3(0)], numOfContainers=3, numOfBlocks=553
2019-09-02 06:31:18,523 [Command processor thread] INFO  commandhandler.DeleteBlocksCommandHandler (DeleteBlocksCommandHandler.java:handle(106)) - Start to delete container blocks, TXIDs=[1(0),2(0),3(0)], numOfContainers=3, numOfBlocks=553
2019-09-02 06:31:18,524 [Command processor thread] INFO  commandhandler.DeleteBlocksCommandHandler (DeleteBlocksCommandHandler.java:handle(106)) - Start to delete container blocks, TXIDs=[1(872),2(872),3(872)], numOfContainers=3, numOfBlocks=553
2019-09-02 06:31:18,525 [Command processor thread] INFO  commandhandler.DeleteBlocksCommandHandler (DeleteBlocksCommandHandler.java:handle(106)) - Start to delete container blocks, TXIDs=[1(0),2(0),3(0)], numOfContainers=3, numOfBlocks=553
2019-09-02 06:31:18,525 [pool-7-thread-10] INFO  commands.RetriableDatanodeEventWatcher (RetriableDatanodeEventWatcher.java:onTimeout(47)) - RetriableDatanodeCommand type=deleteBlocksCommand with id=1567405864589 timed out. Retrying.
2019-09-02 06:31:18,525 [Command processor thread] INFO  commandhandler.DeleteBlocksCommandHandler (DeleteBlocksCommandHandler.java:handle(106)) - Start to delete container blocks, TXIDs=[1(0),2(0),3(0)], numOfContainers=3, numOfBlocks=553
2019-09-02 06:31:18,526 [Command processor thread] INFO  commandhandler.DeleteBlocksCommandHandler (DeleteBlocksCommandHandler.java:handle(106)) - Start to delete container blocks, TXIDs=[1(432),2(432),3(432)], numOfContainers=3, numOfBlocks=553
2019-09-02 06:31:18,527 [Command processor thread] INFO  commandhandler.DeleteBlocksCommandHandler (DeleteBlocksCommandHandler.java:handle(106)) - Start to delete container blocks, TXIDs=[1(0),2(0),3(0)], numOfContainers=3, numOfBlocks=553
2019-09-02 06:31:18,528 [Command processor thread] INFO  commandhandler.DeleteBlocksCommandHandler (DeleteBlocksCommandHandler.java:handle(106)) - Start to delete container blocks, TXIDs=[1(0),2(0),3(0)], numOfContainers=3, numOfBlocks=553
2019-09-02 06:31:18,529 [Command processor thread] INFO  commandhandler.DeleteBlocksCommandHandler (DeleteBlocksCommandHandler.java:handle(106)) - Start to delete container blocks, TXIDs=[1(0),2(0),3(0)], numOfContainers=3, numOfBlocks=553
2019-09-02 06:31:18,530 [Command processor thread] INFO  commandhandler.DeleteBlocksCommandHandler (DeleteBlocksCommandHandler.java:handle(106)) - Start to delete container blocks, TXIDs=[1(0),2(0),3(0)], numOfContainers=3, numOfBlocks=553
2019-09-02 06:31:18,531 [Command processor thread] INFO  commandhandler.DeleteBlocksCommandHandler (DeleteBlocksCommandHandler.java:handle(106)) - Start to delete container blocks, TXIDs=[1(0),2(0),3(0)], numOfContainers=3, numOfBlocks=553
2019-09-02 06:31:18,531 [pool-7-thread-10] INFO  commands.RetriableDatanodeEventWatcher (RetriableDatanodeEventWatcher.java:onTimeout(47)) - RetriableDatanodeCommand type=deleteBlocksCommand with id=1567405864511 timed out. Retrying.
2019-09-02 06:31:18,531 [Command processor thread] INFO  commandhandler.DeleteBlocksCommandHandler (DeleteBlocksCommandHandler.java:handle(106)) - Start to delete container blocks, TXIDs=[1(0),2(0),3(0)], numOfContainers=3, numOfBlocks=553
2019-09-02 06:31:18,532 [Command processor thread] INFO  commandhandler.DeleteBlocksCommandHandler (DeleteBlocksCommandHandler.java:handle(106)) - Start to delete container blocks, TXIDs=[1(0),2(0),3(0)], numOfContainers=3, numOfBlocks=553
2019-09-02 06:31:18,533 [Command processor thread] INFO  commandhandler.DeleteBlocksCommandHandler (DeleteBlocksCommandHandler.java:handle(106)) - Start to delete container blocks, TXIDs=[1(0),2(0),3(0)], numOfContainers=3, numOfBlocks=553
2019-09-02 06:31:18,534 [Command processor thread] INFO  commandhandler.DeleteBlocksCommandHandler (DeleteBlocksCommandHandler.java:handle(106)) - Start to delete container blocks, TXIDs=[1(0),2(0),3(0)], numOfContainers=3, numOfBlocks=553
2019-09-02 06:31:18,535 [Command processor thread] INFO  commandhandler.DeleteBlocksCommandHandler (DeleteBlocksCommandHandler.java:handle(106)) - Start to delete container blocks, TXIDs=[1(0),2(0),3(0)], numOfContainers=3, numOfBlocks=553
2019-09-02 06:31:18,536 [Command processor thread] INFO  commandhandler.DeleteBlocksCommandHandler (DeleteBlocksCommandHandler.java:handle(106)) - Start to delete container blocks, TXIDs=[1(0),2(0),3(0)], numOfContainers=3, numOfBlocks=553
2019-09-02 06:31:18,537 [Command processor thread] INFO  commandhandler.DeleteBlocksCommandHandler (DeleteBlocksCommandHandler.java:handle(106)) - Start to delete container blocks, TXIDs=[1(0),2(0),3(0)], numOfContainers=3, numOfBlocks=553
2019-09-02 06:31:18,537 [Command processor thread] INFO  commandhandler.DeleteBlocksCommandHandler (DeleteBlocksCommandHandler.java:handle(106)) - Start to delete container blocks, TXIDs=[1(875),2(875),3(875)], numOfContainers=3, numOfBlocks=553
2019-09-02 06:31:18,538 [Command processor thread] INFO  commandhandler.DeleteBlocksCommandHandler (DeleteBlocksCommandHandler.java:handle(106)) - Start to delete container blocks, TXIDs=[1(746),2(746),3(746)], numOfContainers=3, numOfBlocks=553
2019-09-02 06:31:18,538 [pool-7-thread-10] INFO  commands.RetriableDatanodeEventWatcher (RetriableDatanodeEventWatcher.java:onTimeout(47)) - RetriableDatanodeCommand type=deleteBlocksCommand with id=1567405864599 timed out. Retrying.
2019-09-02 06:31:18,539 [Command processor thread] INFO  commandhandler.DeleteBlocksCommandHandler (DeleteBlocksCommandHandler.java:handle(106)) - Start to delete container blocks, TXIDs=[1(0),2(0),3(0)], numOfContainers=3, numOfBlocks=553
2019-09-02 06:31:18,540 [Command processor thread] INFO  commandhandler.DeleteBlocksCommandHandler (DeleteBlocksCommandHandler.java:handle(106)) - Start to delete container blocks, TXIDs=[1(0),2(0),3(0)], numOfContainers=3, numOfBlocks=553
2019-09-02 06:31:18,541 [Command processor thread] INFO  commandhandler.DeleteBlocksCommandHandler (DeleteBlocksCommandHandler.java:handle(106)) - Start to delete container blocks, TXIDs=[1(901),2(901),3(901)], numOfContainers=3, numOfBlocks=553
2019-09-02 06:31:18,542 [Command processor thread] INFO  commandhandler.DeleteBlocksCommandHandler (DeleteBlocksCommandHandler.java:handle(106)) - Start to delete container blocks, TXIDs=[1(0),2(0),3(0)], numOfContainers=3, numOfBlocks=553
2019-09-02 06:31:18,542 [Command processor thread] INFO  commandhandler.DeleteBlocksCommandHandler (DeleteBlocksCommandHandler.java:handle(106)) - Start to delete container blocks, TXIDs=[1(0),2(0),3(0)], numOfContainers=3, numOfBlocks=553
2019-09-02 06:31:18,543 [Command processor thread] INFO  commandhandler.DeleteBlocksCommandHandler (DeleteBlocksCommandHandler.java:handle(106)) - Start to delete container blocks, TXIDs=[1(0),2(0),3(0)], numOfContainers=3, numOfBlocks=553
2019-09-02 06:31:18,544 [Command processor thread] INFO  commandhandler.DeleteBlocksCommandHandler (DeleteBlocksCommandHandler.java:handle(106)) - Start to delete container blocks, TXIDs=[1(0),2(0),3(0)], numOfContainers=3, numOfBlocks=553
2019-09-02 06:31:18,545 [Command processor thread] INFO  commandhandler.DeleteBlocksCommandHandler (DeleteBlocksCommandHandler.java:handle(106)) - Start to delete container blocks, TXIDs=[1(746),2(746),3(746)], numOfContainers=3, numOfBlocks=553
2019-09-02 06:31:18,546 [Command processor thread] INFO  commandhandler.DeleteBlocksCommandHandler (DeleteBlocksCommandHandler.java:handle(106)) - Start to delete container blocks, TXIDs=[1(0),2(0),3(0)], numOfContainers=3, numOfBlocks=553
2019-09-02 06:31:18,547 [Command processor thread] INFO  commandhandler.DeleteBlocksCommandHandler (DeleteBlocksCommandHandler.java:handle(106)) - Start to delete container blocks, TXIDs=[1(0),2(0),3(0)], numOfContainers=3, numOfBlocks=553
2019-09-02 06:31:18,548 [Command processor thread] INFO  commandhandler.DeleteBlocksCommandHandler (DeleteBlocksCommandHandler.java:handle(106)) - Start to delete container blocks, TXIDs=[1(0),2(0),3(0)], numOfContainers=3, numOfBlocks=553
2019-09-02 06:31:18,549 [Command processor thread] INFO  commandhandler.DeleteBlocksCommandHandler (DeleteBlocksCommandHandler.java:handle(106)) - Start to delete container blocks, TXIDs=[1(0),2(0),3(0)], numOfContainers=3, numOfBlocks=553
2019-09-02 06:31:18,549 [Command processor thread] INFO  commandhandler.DeleteBlocksCommandHandler (DeleteBlocksCommandHandler.java:handle(106)) - Start to delete container blocks, TXIDs=[1(0),2(0),3(0)], numOfContainers=3, numOfBlocks=553
2019-09-02 06:31:18,550 [Command processor thread] INFO  commandhandler.DeleteBlocksCommandHandler (DeleteBlocksCommandHandler.java:handle(106)) - Start to delete container blocks, TXIDs=[1(0),2(0),3(0)], numOfContainers=3, numOfBlocks=553
2019-09-02 06:31:18,551 [Command processor thread] INFO  commandhandler.DeleteBlocksCommandHandler (DeleteBlocksCommandHandler.java:handle(106)) - Start to delete container blocks, TXIDs=[1(0),2(0),3(0)], numOfContainers=3, numOfBlocks=553
2019-09-02 06:31:18,552 [Command processor thread] INFO  commandhandler.DeleteBlocksCommandHandler (DeleteBlocksCommandHandler.java:handle(106)) - Start to delete container blocks, TXIDs=[1(0),2(0),3(0)], numOfContainers=3, numOfBlocks=553
2019-09-02 06:31:18,553 [Command processor thread] INFO  commandhandler.DeleteBlocksCommandHandler (DeleteBlocksCommandHandler.java:handle(106)) - Start to delete container blocks, TXIDs=[1(0),2(0),3(0)], numOfContainers=3, numOfBlocks=553
2019-09-02 06:31:18,554 [Command processor thread] INFO  commandhandler.DeleteBlocksCommandHandler (DeleteBlocksCommandHandler.java:handle(106)) - Start to delete container blocks, TXIDs=[1(0),2(0),3(0)], numOfContainers=3, numOfBlocks=553
2019-09-02 06:31:18,555 [Command processor thread] INFO  commandhandler.DeleteBlocksCommandHandler (DeleteBlocksCommandHandler.java:handle(106)) - Start to delete container blocks, TXIDs=[1(0),2(0),3(0)], numOfContainers=3, numOfBlocks=553
2019-09-02 06:31:18,555 [Command processor thread] INFO  commandhandler.DeleteBlocksCommandHandler (DeleteBlocksCommandHandler.java:handle(106)) - Start to delete container blocks, TXIDs=[1(0),2(0),3(0)], numOfContainers=3, numOfBlocks=553
2019-09-02 06:31:18,556 [Command processor thread] INFO  commandhandler.DeleteBlocksCommandHandler (DeleteBlocksCommandHandler.java:handle(106)) - Start to delete container blocks, TXIDs=[1(0),2(0),3(0)], numOfContainers=3, numOfBlocks=553
2019-09-02 06:31:18,557 [Command processor thread] INFO  commandhandler.DeleteBlocksCommandHandler (DeleteBlocksCommandHandler.java:handle(106)) - Start to delete container blocks, TXIDs=[1(0),2(0),3(0)], numOfContainers=3, numOfBlocks=553
2019-09-02 06:31:18,558 [Command processor thread] INFO  commandhandler.DeleteBlocksCommandHandler (DeleteBlocksCommandHandler.java:handle(106)) - Start to delete container blocks, TXIDs=[1(0),2(0),3(0)], numOfContainers=3, numOfBlocks=553
2019-09-02 06:31:18,559 [Command processor thread] INFO  commandhandler.DeleteBlocksCommandHandler (DeleteBlocksCommandHandler.java:handle(106)) - Start to delete container blocks, TXIDs=[1(0),2(0),3(0)], numOfContainers=3, numOfBlocks=553
2019-09-02 06:31:18,560 [Command processor thread] INFO  commandhandler.DeleteBlocksCommandHandler (DeleteBlocksCommandHandler.java:handle(106)) - Start to delete container blocks, TXIDs=[1(0),2(0),3(0)], numOfContainers=3, numOfBlocks=553
2019-09-02 06:31:18,561 [Command processor thread] INFO  commandhandler.DeleteBlocksCommandHandler (DeleteBlocksCommandHandler.java:handle(106)) - Start to delete container blocks, TXIDs=[1(0),2(0),3(0)], numOfContainers=3, numOfBlocks=553
2019-09-02 06:31:18,562 [Command processor thread] INFO  commandhandler.DeleteBlocksCommandHandler (DeleteBlocksCommandHandler.java:handle(106)) - Start to delete container blocks, TXIDs=[1(746),2(746),3(746)], numOfContainers=3, numOfBlocks=553
2019-09-02 06:31:18,562 [Command processor thread] INFO  commandhandler.DeleteBlocksCommandHandler (DeleteBlocksCommandHandler.java:handle(106)) - Start to delete container blocks, TXIDs=[1(930),2(930),3(930)], numOfContainers=3, numOfBlocks=553
2019-09-02 06:31:18,563 [Command processor thread] INFO  commandhandler.DeleteBlocksCommandHandler (DeleteBlocksCommandHandler.java:handle(106)) - Start to delete container blocks, TXIDs=[1(0),2(0),3(0)], numOfContainers=3, numOfBlocks=553
2019-09-02 06:31:18,564 [Command processor thread] INFO  commandhandler.DeleteBlocksCommandHandler (DeleteBlocksCommandHandler.java:handle(106)) - Start to delete container blocks, TXIDs=[1(0),2(0),3(0)], numOfContainers=3, numOfBlocks=553
2019-09-02 06:31:18,565 [Command processor thread] INFO  commandhandler.DeleteBlocksCommandHandler (DeleteBlocksCommandHandler.java:handle(106)) - Start to delete container blocks, TXIDs=[1(0),2(0),3(0)], numOfContainers=3, numOfBlocks=553
2019-09-02 06:31:18,566 [Command processor thread] INFO  commandhandler.DeleteBlocksCommandHandler (DeleteBlocksCommandHandler.java:handle(106)) - Start to delete container blocks, TXIDs=[1(0),2(0),3(0)], numOfContainers=3, numOfBlocks=553
2019-09-02 06:31:18,566 [pool-7-thread-10] INFO  commands.RetriableDatanodeEventWatcher (RetriableDatanodeEventWatcher.java:onTimeout(47)) - RetriableDatanodeCommand type=deleteBlocksCommand with id=1567405864609 timed out. Retrying.
2019-09-02 06:31:18,566 [pool-7-thread-1] INFO  commands.RetriableDatanodeEventWatcher (RetriableDatanodeEventWatcher.java:onTimeout(47)) - RetriableDatanodeCommand type=deleteBlocksCommand with id=1567405864521 timed out. Retrying.
2019-09-02 06:31:18,566 [pool-7-thread-5] INFO  commands.RetriableDatanodeEventWatcher (RetriableDatanodeEventWatcher.java:onTimeout(47)) - RetriableDatanodeCommand type=deleteBlocksCommand with id=1567405864531 timed out. Retrying.
2019-09-02 06:31:18,566 [pool-7-thread-5] INFO  commands.RetriableDatanodeEventWatcher (RetriableDatanodeEventWatcher.java:onTimeout(47)) - RetriableDatanodeCommand type=deleteBlocksCommand with id=1567405864628 timed out. Retrying.
2019-09-02 06:31:18,567 [Command processor thread] INFO  commandhandler.DeleteBlocksCommandHandler (DeleteBlocksCommandHandler.java:handle(106)) - Start to delete container blocks, TXIDs=[1(0),2(0),3(0)], numOfContainers=3, numOfBlocks=553
2019-09-02 06:31:18,568 [Command processor thread] INFO  commandhandler.DeleteBlocksCommandHandler (DeleteBlocksCommandHandler.java:handle(106)) - Start to delete container blocks, TXIDs=[1(0),2(0),3(0)], numOfContainers=3, numOfBlocks=553
2019-09-02 06:31:18,568 [Command processor thread] INFO  commandhandler.DeleteBlocksCommandHandler (DeleteBlocksCommandHandler.java:handle(106)) - Start to delete container blocks, TXIDs=[1(0),2(0),3(0)], numOfContainers=3, numOfBlocks=553
2019-09-02 06:31:18,569 [Command processor thread] INFO  commandhandler.DeleteBlocksCommandHandler (DeleteBlocksCommandHandler.java:handle(106)) - Start to delete container blocks, TXIDs=[1(0),2(0),3(0)], numOfContainers=3, numOfBlocks=553
2019-09-02 06:31:18,570 [Command processor thread] INFO  commandhandler.DeleteBlocksCommandHandler (DeleteBlocksCommandHandler.java:handle(106)) - Start to delete container blocks, TXIDs=[1(0),2(0),3(0)], numOfContainers=3, numOfBlocks=553
2019-09-02 06:31:18,571 [Command processor thread] INFO  commandhandler.DeleteBlocksCommandHandler (DeleteBlocksCommandHandler.java:handle(106)) - Start to delete container blocks, TXIDs=[1(0),2(0),3(0)], numOfContainers=3, numOfBlocks=553
2019-09-02 06:31:18,572 [Command processor thread] INFO  commandhandler.DeleteBlocksCommandHandler (DeleteBlocksCommandHandler.java:handle(106)) - Start to delete container blocks, TXIDs=[1(0),2(0),3(0)], numOfContainers=3, numOfBlocks=553
2019-09-02 06:31:18,573 [Command processor thread] INFO  commandhandler.DeleteBlocksCommandHandler (DeleteBlocksCommandHandler.java:handle(106)) - Start to delete container blocks, TXIDs=[1(0),2(0),3(0)], numOfContainers=3, numOfBlocks=553
2019-09-02 06:31:18,574 [pool-7-thread-5] INFO  commands.RetriableDatanodeEventWatcher (RetriableDatanodeEventWatcher.java:onTimeout(47)) - RetriableDatanodeCommand type=deleteBlocksCommand with id=1567405864619 timed out. Retrying.
2019-09-02 06:31:18,574 [Command processor thread] INFO  commandhandler.DeleteBlocksCommandHandler (DeleteBlocksCommandHandler.java:handle(106)) - Start to delete container blocks, TXIDs=[1(746),2(746),3(746)], numOfContainers=3, numOfBlocks=553
2019-09-02 06:31:18,575 [Command processor thread] INFO  commandhandler.DeleteBlocksCommandHandler (DeleteBlocksCommandHandler.java:handle(106)) - Start to delete container blocks, TXIDs=[1(930),2(930),3(930)], numOfContainers=3, numOfBlocks=553
2019-09-02 06:31:18,575 [pool-7-thread-5] INFO  commands.RetriableDatanodeEventWatcher (RetriableDatanodeEventWatcher.java:onTimeout(47)) - RetriableDatanodeCommand type=deleteBlocksCommand with id=1567405864541 timed out. Retrying.
2019-09-02 06:31:18,576 [Command processor thread] INFO  commandhandler.DeleteBlocksCommandHandler (DeleteBlocksCommandHandler.java:handle(106)) - Start to delete container blocks, TXIDs=[1(0),2(0),3(0)], numOfContainers=3, numOfBlocks=553
2019-09-02 06:31:18,577 [Command processor thread] INFO  commandhandler.DeleteBlocksCommandHandler (DeleteBlocksCommandHandler.java:handle(106)) - Start to delete container blocks, TXIDs=[1(0),2(0),3(0)], numOfContainers=3, numOfBlocks=553
2019-09-02 06:31:18,577 [Command processor thread] INFO  commandhandler.DeleteBlocksCommandHandler (DeleteBlocksCommandHandler.java:handle(106)) - Start to delete container blocks, TXIDs=[1(0),2(0),3(0)], numOfContainers=3, numOfBlocks=553
2019-09-02 06:31:18,578 [Command processor thread] INFO  commandhandler.DeleteBlocksCommandHandler (DeleteBlocksCommandHandler.java:handle(106)) - Start to delete container blocks, TXIDs=[1(0),2(0),3(0)], numOfContainers=3, numOfBlocks=553
2019-09-02 06:31:18,579 [Command processor thread] INFO  commandhandler.DeleteBlocksCommandHandler (DeleteBlocksCommandHandler.java:handle(106)) - Start to delete container blocks, TXIDs=[1(0),2(0),3(0)], numOfContainers=3, numOfBlocks=553
2019-09-02 06:31:18,580 [Command processor thread] INFO  commandhandler.DeleteBlocksCommandHandler (DeleteBlocksCommandHandler.java:handle(106)) - Start to delete container blocks, TXIDs=[1(0),2(0),3(0)], numOfContainers=3, numOfBlocks=553
2019-09-02 06:31:18,581 [Command processor thread] INFO  commandhandler.DeleteBlocksCommandHandler (DeleteBlocksCommandHandler.java:handle(106)) - Start to delete container blocks, TXIDs=[1(0),2(0),3(0)], numOfContainers=3, numOfBlocks=553
2019-09-02 06:31:18,582 [Command processor thread] INFO  commandhandler.DeleteBlocksCommandHandler (DeleteBlocksCommandHandler.java:handle(106)) - Start to delete container blocks, TXIDs=[1(0),2(0),3(0)], numOfContainers=3, numOfBlocks=553
2019-09-02 06:31:18,583 [Command processor thread] INFO  commandhandler.DeleteBlocksCommandHandler (DeleteBlocksCommandHandler.java:handle(106)) - Start to delete container blocks, TXIDs=[1(0),2(0),3(0)], numOfContainers=3, numOfBlocks=553
2019-09-02 06:31:18,583 [Command processor thread] INFO  commandhandler.DeleteBlocksCommandHandler (DeleteBlocksCommandHandler.java:handle(106)) - Start to delete container blocks, TXIDs=[1(0),2(0),3(0)], numOfContainers=3, numOfBlocks=553
2019-09-02 06:31:18,584 [Command processor thread] INFO  commandhandler.DeleteBlocksCommandHandler (DeleteBlocksCommandHandler.java:handle(106)) - Start to delete container blocks, TXIDs=[1(0),2(0),3(0)], numOfContainers=3, numOfBlocks=553
2019-09-02 06:31:18,585 [Command processor thread] INFO  commandhandler.DeleteBlocksCommandHandler (DeleteBlocksCommandHandler.java:handle(106)) - Start to delete container blocks, TXIDs=[1(0),2(0),3(0)], numOfContainers=3, numOfBlocks=553
2019-09-02 06:31:18,586 [Command processor thread] INFO  commandhandler.DeleteBlocksCommandHandler (DeleteBlocksCommandHandler.java:handle(106)) - Start to delete container blocks, TXIDs=[1(952),2(952),3(952)], numOfContainers=3, numOfBlocks=553
2019-09-02 06:31:18,587 [Command processor thread] INFO  commandhandler.DeleteBlocksCommandHandler (DeleteBlocksCommandHandler.java:handle(106)) - Start to delete container blocks, TXIDs=[1(0),2(0),3(0)], numOfContainers=3, numOfBlocks=553
2019-09-02 06:31:18,587 [SCMBlockDeletingService#1] DEBUG block.SCMBlockDeletingService (SCMBlockDeletingService.java:call(138)) - Running DeletedBlockTransactionScanner
2019-09-02 06:31:18,588 [SCMBlockDeletingService#1] DEBUG block.SCMBlockDeletingService (SCMBlockDeletingService.java:call(155)) - Scanned deleted blocks log and got 3 delTX to process.
2019-09-02 06:31:18,588 [SCMBlockDeletingService#1] DEBUG block.SCMBlockDeletingService (DeleteBlocksCommandHandler.java:handle(106)) - Start to delete container blocks, TXIDs=[1(0),2(0),3(0)], numOfContainers=3, numOfBlocks=553
SCMBlockDeletingService.java:call(171)) - Added delete block command for datanode 3258574c-39ac-4ed5-9145-ea59a337c299 in the queue, number of delete block transactions: 3, TxID list: 1,2,3
2019-09-02 06:31:18,588 [Command processor thread] INFO  commandhandler.DeleteBlocksCommandHandler (DeleteBlocksCommandHandler.java:handle(106)) - Start to delete container blocks, TXIDs=[1(0),2(0),3(0)], numOfContainers=3, numOfBlocks=553
2019-09-02 06:31:18,588 [SCMBlockDeletingService#1] INFO  block.SCMBlockDeletingService (SCMBlockDeletingService.java:call(182)) - Totally added 3 delete blocks command for 1 datanodes, task elapsed time: 0ms
2019-09-02 06:31:18,589 [Command processor thread] INFO  commandhandler.DeleteBlocksCommandHandler (DeleteBlocksCommandHandler.java:handle(106)) - Start to delete container blocks, TXIDs=[1(0),2(0),3(0)], numOfContainers=3, numOfBlocks=553
2019-09-02 06:31:18,590 [Command processor thread] INFO  commandhandler.DeleteBlocksCommandHandler (DeleteBlocksCommandHandler.java:handle(106)) - Start to delete container blocks, TXIDs=[1(0),2(0),3(0)], numOfContainers=3, numOfBlocks=553
2019-09-02 06:31:18,590 [pool-7-thread-5] INFO  commands.RetriableDatanodeEventWatcher (RetriableDatanodeEventWatcher.java:onTimeout(47)) - RetriableDatanodeCommand type=deleteBlocksCommand with id=1567405864551 timed out. Retrying.
2019-09-02 06:31:18,590 [Command processor thread] INFO  commandhandler.DeleteBlocksCommandHandler (DeleteBlocksCommandHandler.java:handle(106)) - Start to delete container blocks, TXIDs=[1(746),2(746),3(746)], numOfContainers=3, numOfBlocks=553
2019-09-02 06:31:18,591 [Command processor thread] INFO  commandhandler.DeleteBlocksCommandHandler (DeleteBlocksCommandHandler.java:handle(106)) - Start to delete container blocks, TXIDs=[1(0),2(0),3(0)], numOfContainers=3, numOfBlocks=553
2019-09-02 06:31:18,592 [Command processor thread] INFO  commandhandler.DeleteBlocksCommandHandler (DeleteBlocksCommandHandler.java:handle(106)) - Start to delete container blocks, TXIDs=[1(0),2(0),3(0)], numOfContainers=3, numOfBlocks=553
2019-09-02 06:31:18,593 [Command processor thread] INFO  commandhandler.DeleteBlocksCommandHandler (DeleteBlocksCommandHandler.java:handle(106)) - Start to delete container blocks, TXIDs=[1(0),2(0),3(0)], numOfContainers=3, numOfBlocks=553
2019-09-02 06:31:18,594 [Command processor thread] INFO  commandhandler.DeleteBlocksCommandHandler (DeleteBlocksCommandHandler.java:handle(106)) - Start to delete container blocks, TXIDs=[1(0),2(0),3(0)], numOfContainers=3, numOfBlocks=553
2019-09-02 06:31:18,594 [Command processor thread] INFO  commandhandler.DeleteBlocksCommandHandler (DeleteBlocksCommandHandler.java:handle(106)) - Start to delete container blocks, TXIDs=[1(0),2(0),3(0)], numOfContainers=3, numOfBlocks=553
2019-09-02 06:31:18,595 [Command processor thread] INFO  commandhandler.DeleteBlocksCommandHandler (DeleteBlocksCommandHandler.java:handle(106)) - Start to delete container blocks, TXIDs=[1(0),2(0),3(0)], numOfContainers=3, numOfBlocks=553
2019-09-02 06:31:18,596 [Command processor thread] INFO  commandhandler.DeleteBlocksCommandHandler (DeleteBlocksCommandHandler.java:handle(106)) - Start to delete container blocks, TXIDs=[1(0),2(0),3(0)], numOfContainers=3, numOfBlocks=553
2019-09-02 06:31:18,597 [Command processor thread] INFO  commandhandler.DeleteBlocksCommandHandler (DeleteBlocksCommandHandler.java:handle(106)) - Start to delete container blocks, TXIDs=[1(0),2(0),3(0)], numOfContainers=3, numOfBlocks=553
2019-09-02 06:31:18,597 [Command processor thread] INFO  commandhandler.DeleteBlocksCommandHandler (DeleteBlocksCommandHandler.java:handle(106)) - Start to delete container blocks, TXIDs=[1(952),2(952),3(952)], numOfContainers=3, numOfBlocks=553
2019-09-02 06:31:18,598 [Command processor thread] INFO  commandhandler.DeleteBlocksCommandHandler (DeleteBlocksCommandHandler.java:handle(106)) - Start to delete container blocks, TXIDs=[1(0),2(0),3(0)], numOfContainers=3, numOfBlocks=553
2019-09-02 06:31:18,599 [Command processor thread] INFO  commandhandler.DeleteBlocksCommandHandler (DeleteBlocksCommandHandler.java:handle(106)) - Start to delete container blocks, TXIDs=[1(0),2(0),3(0)], numOfContainers=3, numOfBlocks=553
2019-09-02 06:31:18,600 [Command processor thread] INFO  commandhandler.DeleteBlocksCommandHandler (DeleteBlocksCommandHandler.java:handle(106)) - Start to delete container blocks, TXIDs=[1(0),2(0),3(0)], numOfContainers=3, numOfBlocks=553
2019-09-02 06:31:18,600 [Command processor thread] INFO  commandhandler.DeleteBlocksCommandHandler (DeleteBlocksCommandHandler.java:handle(106)) - Start to delete container blocks, TXIDs=[1(0),2(0),3(0)], numOfContainers=3, numOfBlocks=553
2019-09-02 06:31:18,601 [Command processor thread] INFO  commandhandler.DeleteBlocksCommandHandler (DeleteBlocksCommandHandler.java:handle(106)) - Start to delete container blocks, TXIDs=[1(0),2(0),3(0)], numOfContainers=3, numOfBlocks=553
2019-09-02 06:31:18,602 [Command processor thread] INFO  commandhandler.DeleteBlocksCommandHandler (DeleteBlocksCommandHandler.java:handle(106)) - Start to delete container blocks, TXIDs=[1(746),2(746),3(746)], numOfContainers=3, numOfBlocks=553
2019-09-02 06:31:18,603 [Command processor thread] INFO  commandhandler.DeleteBlocksCommandHandler (DeleteBlocksCommandHandler.java:handle(106)) - Start to delete container blocks, TXIDs=[1(0),2(0),3(0)], numOfContainers=3, numOfBlocks=553
2019-09-02 06:31:18,604 [Command processor thread] INFO  commandhandler.DeleteBlocksCommandHandler (DeleteBlocksCommandHandler.java:handle(106)) - Start to delete container blocks, TXIDs=[1(0),2(0),3(0)], numOfContainers=3, numOfBlocks=553
2019-09-02 06:31:18,604 [Command processor thread] INFO  commandhandler.DeleteBlocksCommandHandler (DeleteBlocksCommandHandler.java:handle(106)) - Start to delete container blocks, TXIDs=[1(978),2(978),3(978)], numOfContainers=3, numOfBlocks=553
2019-09-02 06:31:18,605 [Command processor thread] INFO  commandhandler.DeleteBlocksCommandHandler (DeleteBlocksCommandHandler.java:handle(106)) - Start to delete container blocks, TXIDs=[1(0),2(0),3(0)], numOfContainers=3, numOfBlocks=553
2019-09-02 06:31:18,606 [Command processor thread] INFO  commandhandler.DeleteBlocksCommandHandler (DeleteBlocksCommandHandler.java:handle(106)) - Start to delete container blocks, TXIDs=[1(0),2(0),3(0)], numOfContainers=3, numOfBlocks=553
2019-09-02 06:31:18,607 [Command processor thread] INFO  commandhandler.DeleteBlocksCommandHandler (DeleteBlocksCommandHandler.java:handle(106)) - Start to delete container blocks, TXIDs=[1(0),2(0),3(0)], numOfContainers=3, numOfBlocks=553
2019-09-02 06:31:18,608 [Command processor thread] INFO  commandhandler.DeleteBlocksCommandHandler (DeleteBlocksCommandHandler.java:handle(106)) - Start to delete container blocks, TXIDs=[1(0),2(0),3(0)], numOfContainers=3, numOfBlocks=553
2019-09-02 06:31:18,608 [Command processor thread] INFO  commandhandler.DeleteBlocksCommandHandler (DeleteBlocksCommandHandler.java:handle(106)) - Start to delete container blocks, TXIDs=[1(0),2(0),3(0)], numOfContainers=3, numOfBlocks=553
2019-09-02 06:31:18,609 [Command processor thread] INFO  commandhandler.DeleteBlocksCommandHandler (DeleteBlocksCommandHandler.java:handle(106)) - Start to delete container blocks, TXIDs=[1(0),2(0),3(0)], numOfContainers=3, numOfBlocks=553
2019-09-02 06:31:18,610 [Command processor thread] INFO  commandhandler.DeleteBlocksCommandHandler (DeleteBlocksCommandHandler.java:handle(106)) - Start to delete container blocks, TXIDs=[1(0),2(0),3(0)], numOfContainers=3, numOfBlocks=553
2019-09-02 06:31:18,611 [Command processor thread] INFO  commandhandler.DeleteBlocksCommandHandler (DeleteBlocksCommandHandler.java:handle(106)) - Start to delete container blocks, TXIDs=[1(0),2(0),3(0)], numOfContainers=3, numOfBlocks=553
2019-09-02 06:31:18,611 [Command processor thread] INFO  commandhandler.DeleteBlocksCommandHandler (DeleteBlocksCommandHandler.java:handle(106)) - Start to delete container blocks, TXIDs=[1(0),2(0),3(0)], numOfContainers=3, numOfBlocks=553
2019-09-02 06:31:18,612 [Command processor thread] INFO  commandhandler.DeleteBlocksCommandHandler (DeleteBlocksCommandHandler.java:handle(106)) - Start to delete container blocks, TXIDs=[1(0),2(0),3(0)], numOfContainers=3, numOfBlocks=553
2019-09-02 06:31:18,613 [Command processor thread] INFO  commandhandler.DeleteBlocksCommandHandler (DeleteBlocksCommandHandler.java:handle(106)) - Start to delete container blocks, TXIDs=[1(0),2(0),3(0)], numOfContainers=3, numOfBlocks=553
2019-09-02 06:31:18,614 [Command processor thread] INFO  commandhandler.DeleteBlocksCommandHandler (DeleteBlocksCommandHandler.java:handle(106)) - Start to delete container blocks, TXIDs=[1(0),2(0),3(0)], numOfContainers=3, numOfBlocks=553
2019-09-02 06:31:18,614 [Command processor thread] INFO  commandhandler.DeleteBlocksCommandHandler (DeleteBlocksCommandHandler.java:handle(106)) - Start to delete container blocks, TXIDs=[1(746),2(746),3(746)], numOfContainers=3, numOfBlocks=553
2019-09-02 06:31:18,615 [Command processor thread] INFO  commandhandler.DeleteBlocksCommandHandler (DeleteBlocksCommandHandler.java:handle(106)) - Start to delete container blocks, TXIDs=[1(0),2(0),3(0)], numOfContainers=3, numOfBlocks=553
2019-09-02 06:31:18,616 [Command processor thread] INFO  commandhandler.DeleteBlocksCommandHandler (DeleteBlocksCommandHandler.java:handle(106)) - Start to delete container blocks, TXIDs=[1(0),2(0),3(0)], numOfContainers=3, numOfBlocks=553
2019-09-02 06:31:18,617 [Command processor thread] INFO  commandhandler.DeleteBlocksCommandHandler (DeleteBlocksCommandHandler.java:handle(106)) - Start to delete container blocks, TXIDs=[1(0),2(0),3(0)], numOfContainers=3, numOfBlocks=553
2019-09-02 06:31:18,617 [Command processor thread] INFO  commandhandler.DeleteBlocksCommandHandler (DeleteBlocksCommandHandler.java:handle(106)) - Start to delete container blocks, TXIDs=[1(0),2(0),3(0)], numOfContainers=3, numOfBlocks=553
2019-09-02 06:31:18,618 [Command processor thread] INFO  commandhandler.DeleteBlocksCommandHandler (DeleteBlocksCommandHandler.java:handle(106)) - Start to delete container blocks, TXIDs=[1(0),2(0),3(0)], numOfContainers=3, numOfBlocks=553
2019-09-02 06:31:18,619 [Command processor thread] INFO  commandhandler.DeleteBlocksCommandHandler (DeleteBlocksCommandHandler.java:handle(106)) - Start to delete container blocks, TXIDs=[1(978),2(978),3(978)], numOfContainers=3, numOfBlocks=553
2019-09-02 06:31:18,620 [Command processor thread] INFO  commandhandler.DeleteBlocksCommandHandler (DeleteBlocksCommandHandler.java:handle(106)) - Start to delete container blocks, TXIDs=[1(0),2(0),3(0)], numOfContainers=3, numOfBlocks=553
2019-09-02 06:31:18,620 [Command processor thread] INFO  commandhandler.DeleteBlocksCommandHandler (DeleteBlocksCommandHandler.java:handle(106)) - Start to delete container blocks, TXIDs=[1(0),2(0),3(0)], numOfContainers=3, numOfBlocks=553
2019-09-02 06:31:18,621 [Command processor thread] INFO  commandhandler.DeleteBlocksCommandHandler (DeleteBlocksCommandHandler.java:handle(106)) - Start to delete container blocks, TXIDs=[1(0),2(0),3(0)], numOfContainers=3, numOfBlocks=553
2019-09-02 06:31:18,622 [Command processor thread] INFO  commandhandler.DeleteBlocksCommandHandler (DeleteBlocksCommandHandler.java:handle(106)) - Start to delete container blocks, TXIDs=[1(0),2(0),3(0)], numOfContainers=3, numOfBlocks=553
2019-09-02 06:31:18,622 [Command processor thread] INFO  commandhandler.DeleteBlocksCommandHandler (DeleteBlocksCommandHandler.java:handle(106)) - Start to delete container blocks, TXIDs=[1(0),2(0),3(0)], numOfContainers=3, numOfBlocks=553
2019-09-02 06:31:18,623 [Command processor thread] INFO  commandhandler.DeleteBlocksCommandHandler (DeleteBlocksCommandHandler.java:handle(106)) - Start to delete container blocks, TXIDs=[1(0),2(0),3(0)], numOfContainers=3, numOfBlocks=553
2019-09-02 06:31:18,624 [Command processor thread] INFO  commandhandler.DeleteBlocksCommandHandler (DeleteBlocksCommandHandler.java:handle(106)) - Start to delete container blocks, TXIDs=[1(0),2(0),3(0)], numOfContainers=3, numOfBlocks=553
2019-09-02 06:31:18,625 [Command processor thread] INFO  commandhandler.DeleteBlocksCommandHandler (DeleteBlocksCommandHandler.java:handle(106)) - Start to delete container blocks, TXIDs=[1(821),2(821),3(821)], numOfContainers=3, numOfBlocks=553
2019-09-02 06:31:18,625 [Command processor thread] INFO  commandhandler.DeleteBlocksCommandHandler (DeleteBlocksCommandHandler.java:handle(106)) - Start to delete container blocks, TXIDs=[1(0),2(0),3(0)], numOfContainers=3, numOfBlocks=553
2019-09-02 06:31:18,626 [Command processor thread] INFO  commandhandler.DeleteBlocksCommandHandler (DeleteBlocksCommandHandler.java:handle(106)) - Start to delete container blocks, TXIDs=[1(0),2(0),3(0)], numOfContainers=3, numOfBlocks=553
2019-09-02 06:31:18,627 [Command processor thread] INFO  commandhandler.DeleteBlocksCommandHandler (DeleteBlocksCommandHandler.java:handle(106)) - Start to delete container blocks, TXIDs=[1(98),2(98),3(98)], numOfContainers=3, numOfBlocks=553
2019-09-02 06:31:18,628 [Command processor thread] INFO  commandhandler.DeleteBlocksCommandHandler (DeleteBlocksCommandHandler.java:handle(106)) - Start to delete container blocks, TXIDs=[1(0),2(0),3(0)], numOfContainers=3, numOfBlocks=553
2019-09-02 06:31:18,628 [Command processor thread] INFO  commandhandler.DeleteBlocksCommandHandler (DeleteBlocksCommandHandler.java:handle(106)) - Start to delete container blocks, TXIDs=[1(1006),2(1006),3(1006)], numOfContainers=3, numOfBlocks=553
2019-09-02 06:31:18,629 [Command processor thread] INFO  commandhandler.DeleteBlocksCommandHandler (DeleteBlocksCommandHandler.java:handle(106)) - Start to delete container blocks, TXIDs=[1(0),2(0),3(0)], numOfContainers=3, numOfBlocks=553
2019-09-02 06:31:18,630 [Command processor thread] INFO  commandhandler.DeleteBlocksCommandHandler (DeleteBlocksCommandHandler.java:handle(106)) - Start to delete container blocks, TXIDs=[1(0),2(0),3(0)], numOfContainers=3, numOfBlocks=553
2019-09-02 06:31:18,630 [Command processor thread] INFO  commandhandler.DeleteBlocksCommandHandler (DeleteBlocksCommandHandler.java:handle(106)) - Start to delete container blocks, TXIDs=[1(0),2(0),3(0)], numOfContainers=3, numOfBlocks=553
2019-09-02 06:31:18,631 [Command processor thread] INFO  commandhandler.DeleteBlocksCommandHandler (DeleteBlocksCommandHandler.java:handle(106)) - Start to delete container blocks, TXIDs=[1(0),2(0),3(0)], numOfContainers=3, numOfBlocks=553
2019-09-02 06:31:18,632 [Command processor thread] INFO  commandhandler.DeleteBlocksCommandHandler (DeleteBlocksCommandHandler.java:handle(106)) - Start to delete container blocks, TXIDs=[1(0),2(0),3(0)], numOfContainers=3, numOfBlocks=553
2019-09-02 06:31:18,633 [Command processor thread] INFO  commandhandler.DeleteBlocksCommandHandler (DeleteBlocksCommandHandler.java:handle(106)) - Start to delete container blocks, TXIDs=[1(0),2(0),3(0)], numOfContainers=3, numOfBlocks=553
2019-09-02 06:31:18,633 [Command processor thread] INFO  commandhandler.DeleteBlocksCommandHandler (DeleteBlocksCommandHandler.java:handle(106)) - Start to delete container blocks, TXIDs=[1(0),2(0),3(0)], numOfContainers=3, numOfBlocks=553
2019-09-02 06:31:18,634 [Command processor thread] INFO  commandhandler.DeleteBlocksCommandHandler (DeleteBlocksCommandHandler.java:handle(106)) - Start to delete container blocks, TXIDs=[1(0),2(0),3(0)], numOfContainers=3, numOfBlocks=553
2019-09-02 06:31:18,635 [Command processor thread] INFO  commandhandler.DeleteBlocksCommandHandler (DeleteBlocksCommandHandler.java:handle(106)) - Start to delete container blocks, TXIDs=[1(872),2(872),3(872)], numOfContainers=3, numOfBlocks=553
2019-09-02 06:31:18,635 [Command processor thread] INFO  commandhandler.DeleteBlocksCommandHandler (DeleteBlocksCommandHandler.java:handle(106)) - Start to delete container blocks, TXIDs=[1(0),2(0),3(0)], numOfContainers=3, numOfBlocks=553
2019-09-02 06:31:18,636 [Command processor thread] INFO  commandhandler.DeleteBlocksCommandHandler (DeleteBlocksCommandHandler.java:handle(106)) - Start to delete container blocks, TXIDs=[1(0),2(0),3(0)], numOfContainers=3, numOfBlocks=553
2019-09-02 06:31:18,637 [Command processor thread] INFO  commandhandler.DeleteBlocksCommandHandler (DeleteBlocksCommandHandler.java:handle(106)) - Start to delete container blocks, TXIDs=[1(432),2(432),3(432)], numOfContainers=3, numOfBlocks=553
2019-09-02 06:31:18,637 [Command processor thread] INFO  commandhandler.DeleteBlocksCommandHandler (DeleteBlocksCommandHandler.java:handle(106)) - Start to delete container blocks, TXIDs=[1(0),2(0),3(0)], numOfContainers=3, numOfBlocks=553
2019-09-02 06:31:18,638 [Command processor thread] INFO  commandhandler.DeleteBlocksCommandHandler (DeleteBlocksCommandHandler.java:handle(106)) - Start to delete container blocks, TXIDs=[1(1006),2(1006),3(1006)], numOfContainers=3, numOfBlocks=553
2019-09-02 06:31:18,638 [Command processor thread] INFO  commandhandler.DeleteBlocksCommandHandler (DeleteBlocksCommandHandler.java:handle(106)) - Start to delete container blocks, TXIDs=[1(0),2(0),3(0)], numOfContainers=3, numOfBlocks=553
2019-09-02 06:31:18,639 [Command processor thread] INFO  commandhandler.DeleteBlocksCommandHandler (DeleteBlocksCommandHandler.java:handle(106)) - Start to delete container blocks, TXIDs=[1(0),2(0),3(0)], numOfContainers=3, numOfBlocks=553
2019-09-02 06:31:18,640 [Command processor thread] INFO  commandhandler.DeleteBlocksCommandHandler (DeleteBlocksCommandHandler.java:handle(106)) - Start to delete container blocks, TXIDs=[1(0),2(0),3(0)], numOfContainers=3, numOfBlocks=553
2019-09-02 06:31:18,641 [Command processor thread] INFO  commandhandler.DeleteBlocksCommandHandler (DeleteBlocksCommandHandler.java:handle(106)) - Start to delete container blocks, TXIDs=[1(0),2(0),3(0)], numOfContainers=3, numOfBlocks=553
2019-09-02 06:31:18,641 [Command processor thread] INFO  commandhandler.DeleteBlocksCommandHandler (DeleteBlocksCommandHandler.java:handle(106)) - Start to delete container blocks, TXIDs=[1(0),2(0),3(0)], numOfContainers=3, numOfBlocks=553
2019-09-02 06:31:18,675 [pool-7-thread-1] INFO  commands.RetriableDatanodeEventWatcher (RetriableDatanodeEventWatcher.java:onTimeout(47)) - RetriableDatanodeCommand type=deleteBlocksCommand with id=1567405864610 timed out. Retrying.
2019-09-02 06:31:18,676 [pool-7-thread-10] INFO  commands.RetriableDatanodeEventWatcher (RetriableDatanodeEventWatcher.java:onTimeout(47)) - RetriableDatanodeCommand type=deleteBlocksCommand with id=1567405864629 timed out. Retrying.
2019-09-02 06:31:18,676 [pool-7-thread-5] INFO  commands.RetriableDatanodeEventWatcher (RetriableDatanodeEventWatcher.java:onTimeout(47)) - RetriableDatanodeCommand type=deleteBlocksCommand with id=1567405864580 timed out. Retrying.
2019-09-02 06:31:18,677 [pool-7-thread-1] INFO  commands.RetriableDatanodeEventWatcher (RetriableDatanodeEventWatcher.java:onTimeout(47)) - RetriableDatanodeCommand type=deleteBlocksCommand with id=1567405864620 timed out. Retrying.
2019-09-02 06:31:18,677 [pool-7-thread-9] INFO  commands.RetriableDatanodeEventWatcher (RetriableDatanodeEventWatcher.java:onTimeout(47)) - RetriableDatanodeCommand type=deleteBlocksCommand with id=1567405864522 timed out. Retrying.
2019-09-02 06:31:18,677 [pool-7-thread-2] INFO  commands.RetriableDatanodeEventWatcher (RetriableDatanodeEventWatcher.java:onTimeout(47)) - RetriableDatanodeCommand type=deleteBlocksCommand with id=1567405864542 timed out. Retrying.
2019-09-02 06:31:18,678 [pool-7-thread-3] INFO  commands.RetriableDatanodeEventWatcher (RetriableDatanodeEventWatcher.java:onTimeout(47)) - RetriableDatanodeCommand type=deleteBlocksCommand with id=1567405864512 timed out. Retrying.
2019-09-02 06:31:18,678 [pool-7-thread-10] INFO  commands.RetriableDatanodeEventWatcher (RetriableDatanodeEventWatcher.java:onTimeout(47)) - RetriableDatanodeCommand type=deleteBlocksCommand with id=1567405864600 timed out. Retrying.
2019-09-02 06:31:18,678 [pool-7-thread-5] INFO  commands.RetriableDatanodeEventWatcher (RetriableDatanodeEventWatcher.java:onTimeout(47)) - RetriableDatanodeCommand type=deleteBlocksCommand with id=1567405864590 timed out. Retrying.
2019-09-02 06:31:18,678 [pool-7-thread-5] INFO  commands.RetriableDatanodeEventWatcher (RetriableDatanodeEventWatcher.java:onTimeout(47)) - RetriableDatanodeCommand type=deleteBlocksCommand with id=1567405864532 timed out. Retrying.
2019-09-02 06:31:18,678 [pool-7-thread-2] INFO  commands.RetriableDatanodeEventWatcher (RetriableDatanodeEventWatcher.java:onTimeout(47)) - RetriableDatanodeCommand type=deleteBlocksCommand with id=1567405864502 timed out. Retrying.
2019-09-02 06:31:18,678 [pool-7-thread-3] INFO  commands.RetriableDatanodeEventWatcher (RetriableDatanodeEventWatcher.java:onTimeout(47)) - RetriableDatanodeCommand type=deleteBlocksCommand with id=1567405864570 timed out. Retrying.
2019-09-02 06:31:18,679 [pool-7-thread-10] INFO  commands.RetriableDatanodeEventWatcher (RetriableDatanodeEventWatcher.java:onTimeout(47)) - RetriableDatanodeCommand type=deleteBlocksCommand with id=1567405864561 timed out. Retrying.
2019-09-02 06:31:18,688 [SCMBlockDeletingService#1] DEBUG block.SCMBlockDeletingService (SCMBlockDeletingService.java:call(138)) - Running DeletedBlockTransactionScanner
2019-09-02 06:31:18,689 [SCMBlockDeletingService#1] DEBUG block.SCMBlockDeletingService (SCMBlockDeletingService.java:call(155)) - Scanned deleted blocks log and got 3 delTX to process.
2019-09-02 06:31:18,689 [SCMBlockDeletingService#1] DEBUG block.SCMBlockDeletingService (SCMBlockDeletingService.java:call(171)) - Added delete block command for datanode 3258574c-39ac-4ed5-9145-ea59a337c299 in the queue, number of delete block transactions: 3, TxID list: 1,2,3
2019-09-02 06:31:18,689 [SCMBlockDeletingService#1] INFO  block.SCMBlockDeletingService (SCMBlockDeletingService.java:call(182)) - Totally added 3 delete blocks command for 1 datanodes, task elapsed time: 0ms
2019-09-02 06:31:18,693 [pool-7-thread-10] INFO  commands.RetriableDatanodeEventWatcher (RetriableDatanodeEventWatcher.java:onTimeout(47)) - RetriableDatanodeCommand type=deleteBlocksCommand with id=1567405864552 timed out. Retrying.
2019-09-02 06:31:18,695 [pool-7-thread-10] INFO  commands.RetriableDatanodeEventWatcher (RetriableDatanodeEventWatcher.java:onTimeout(47)) - RetriableDatanodeCommand type=deleteBlocksCommand with id=1567405864571 timed out. Retrying.
2019-09-02 06:31:18,711 [pool-7-thread-10] INFO  commands.RetriableDatanodeEventWatcher (RetriableDatanodeEventWatcher.java:onTimeout(47)) - RetriableDatanodeCommand type=deleteBlocksCommand with id=1567405864562 timed out. Retrying.
2019-09-02 06:31:18,712 [pool-7-thread-10] INFO  commands.RetriableDatanodeEventWatcher (RetriableDatanodeEventWatcher.java:onTimeout(47)) - RetriableDatanodeCommand type=deleteBlocksCommand with id=1567405864581 timed out. Retrying.
2019-09-02 06:31:18,712 [pool-7-thread-3] INFO  commands.RetriableDatanodeEventWatcher (RetriableDatanodeEventWatcher.java:onTimeout(47)) - RetriableDatanodeCommand type=deleteBlocksCommand with id=1567405864503 timed out. Retrying.
2019-09-02 06:31:18,723 [EventQueue-DeleteBlockStatusForDeletedBlockLogImpl] DEBUG block.DeletedBlockLogImpl (DeletedBlockLogImpl.java:isTransactionFailed(245)) - Got block deletion ACK from datanode, TXIDs=1, success=true
2019-09-02 06:31:18,725 [EventQueue-DeleteBlockStatusForDeletedBlockLogImpl] DEBUG block.DeletedBlockLogImpl (DeletedBlockLogImpl.java:commitTransactions(227)) - Purging txId=1 from block deletion log
2019-09-02 06:31:18,725 [EventQueue-DeleteBlockStatusForDeletedBlockLogImpl] DEBUG block.DeletedBlockLogImpl (DeletedBlockLogImpl.java:commitTransactions(231)) - Datanode txId=1 containerId=#1 committed by dnId=3258574c-39ac-4ed5-9145-ea59a337c299
2019-09-02 06:31:18,726 [EventQueue-DeleteBlockStatusForDeletedBlockLogImpl] DEBUG block.DeletedBlockLogImpl (DeletedBlockLogImpl.java:isTransactionFailed(245)) - Got block deletion ACK from datanode, TXIDs=2, success=true
2019-09-02 06:31:18,726 [EventQueue-DeleteBlockStatusForDeletedBlockLogImpl] DEBUG block.DeletedBlockLogImpl (DeletedBlockLogImpl.java:commitTransactions(227)) - Purging txId=2 from block deletion log
2019-09-02 06:31:18,726 [EventQueue-DeleteBlockStatusForDeletedBlockLogImpl] DEBUG block.DeletedBlockLogImpl (DeletedBlockLogImpl.java:commitTransactions(231)) - Datanode txId=2 containerId=#2 committed by dnId=3258574c-39ac-4ed5-9145-ea59a337c299
2019-09-02 06:31:18,726 [EventQueue-DeleteBlockStatusForDeletedBlockLogImpl] DEBUG block.DeletedBlockLogImpl (DeletedBlockLogImpl.java:isTransactionFailed(245)) - Got block deletion ACK from datanode, TXIDs=3, success=true
2019-09-02 06:31:18,726 [EventQueue-DeleteBlockStatusForDeletedBlockLogImpl] DEBUG block.DeletedBlockLogImpl (DeletedBlockLogImpl.java:commitTransactions(227)) - Purging txId=3 from block deletion log
2019-09-02 06:31:18,726 [EventQueue-DeleteBlockStatusForDeletedBlockLogImpl] DEBUG block.DeletedBlockLogImpl (DeletedBlockLogImpl.java:commitTransactions(231)) - Datanode txId=3 containerId=#3 committed by dnId=3258574c-39ac-4ed5-9145-ea59a337c299
2019-09-02 06:31:18,727 [IPC Server handler 17 on 46403] WARN  block.DeletedBlockLogImpl (DeletedBlockLogImpl.java:incrementCount(141)) - Deleted TXID not found.
2019-09-02 06:31:18,727 [IPC Server handler 17 on 46403] WARN  block.DeletedBlockLogImpl (DeletedBlockLogImpl.java:incrementCount(141)) - Deleted TXID not found.
2019-09-02 06:31:18,727 [EventQueue-DeleteBlockStatusForDeletedBlockLogImpl] DEBUG block.DeletedBlockLogImpl (DeletedBlockLogImpl.java:isTransactionFailed(245)) - Got block deletion ACK from datanode, TXIDs=1, success=true
2019-09-02 06:31:18,727 [EventQueue-DeleteBlockStatusForDeletedBlockLogImpl] WARN  block.DeletedBlockLogImpl (DeletedBlockLogImpl.java:commitTransactions(205)) - Transaction txId=1 commit by dnId=3258574c-39ac-4ed5-9145-ea59a337c299 for containerID=#1 failed. Corresponding entry not found.
2019-09-02 06:31:18,727 [IPC Server handler 17 on 46403] WARN  block.DeletedBlockLogImpl (DeletedBlockLogImpl.java:incrementCount(141)) - Deleted TXID not found.
2019-09-02 06:31:18,727 [IPC Server handler 17 on 46403] WARN  block.DeletedBlockLogImpl (DeletedBlockLogImpl.java:incrementCount(141)) - Deleted TXID not found.
2019-09-02 06:31:18,727 [IPC Server handler 17 on 46403] WARN  block.DeletedBlockLogImpl (DeletedBlockLogImpl.java:incrementCount(141)) - Deleted TXID not found.
2019-09-02 06:31:18,727 [EventQueue-DeleteBlockStatusForDeletedBlockLogImpl] DEBUG block.DeletedBlockLogImpl (DeletedBlockLogImpl.java:isTransactionFailed(245)) - Got block deletion ACK from datanode, TXIDs=1, success=true
2019-09-02 06:31:18,727 [EventQueue-DeleteBlockStatusForDeletedBlockLogImpl] WARN  block.DeletedBlockLogImpl (DeletedBlockLogImpl.java:commitTransactions(205)) - Transaction txId=1 commit by dnId=3258574c-39ac-4ed5-9145-ea59a337c299 for containerID=#1 failed. Corresponding entry not found.
2019-09-02 06:31:18,727 [IPC Server handler 17 on 46403] WARN  block.DeletedBlockLogImpl (DeletedBlockLogImpl.java:incrementCount(141)) - Deleted TXID not found.
2019-09-02 06:31:18,728 [IPC Server handler 17 on 46403] WARN  block.DeletedBlockLogImpl (DeletedBlockLogImpl.java:incrementCount(141)) - Deleted TXID not found.
2019-09-02 06:31:18,728 [IPC Server handler 17 on 46403] WARN  block.DeletedBlockLogImpl (DeletedBlockLogImpl.java:incrementCount(141)) - Deleted TXID not found.
2019-09-02 06:31:18,728 [EventQueue-DeleteBlockStatusForDeletedBlockLogImpl] DEBUG block.DeletedBlockLogImpl (DeletedBlockLogImpl.java:isTransactionFailed(245)) - Got block deletion ACK from datanode, TXIDs=1, success=true
2019-09-02 06:31:18,728 [EventQueue-DeleteBlockStatusForDeletedBlockLogImpl] WARN  block.DeletedBlockLogImpl (DeletedBlockLogImpl.java:commitTransactions(205)) - Transaction txId=1 commit by dnId=3258574c-39ac-4ed5-9145-ea59a337c299 for containerID=#1 failed. Corresponding entry not found.
2019-09-02 06:31:18,728 [IPC Server handler 17 on 46403] WARN  block.DeletedBlockLogImpl (DeletedBlockLogImpl.java:incrementCount(141)) - Deleted TXID not found.
2019-09-02 06:31:18,728 [IPC Server handler 17 on 46403] WARN  block.DeletedBlockLogImpl (DeletedBlockLogImpl.java:incrementCount(141)) - Deleted TXID not found.
2019-09-02 06:31:18,728 [IPC Server handler 17 on 46403] WARN  block.DeletedBlockLogImpl (DeletedBlockLogImpl.java:incrementCount(141)) - Deleted TXID not found.
2019-09-02 06:31:18,728 [EventQueue-DeleteBlockStatusForDeletedBlockLogImpl] DEBUG block.DeletedBlockLogImpl (DeletedBlockLogImpl.java:isTransactionFailed(245)) - Got block deletion ACK from datanode, TXIDs=1, success=true
2019-09-02 06:31:18,728 [EventQueue-DeleteBlockStatusForDeletedBlockLogImpl] WARN  block.DeletedBlockLogImpl (DeletedBlockLogImpl.java:commitTransactions(205)) - Transaction txId=1 commit by dnId=3258574c-39ac-4ed5-9145-ea59a337c299 for containerID=#1 failed. Corresponding entry not found.
2019-09-02 06:31:18,728 [IPC Server handler 17 on 46403] WARN  block.DeletedBlockLogImpl (DeletedBlockLogImpl.java:incrementCount(141)) - Deleted TXID not found.
2019-09-02 06:31:18,728 [IPC Server handler 17 on 46403] WARN  block.DeletedBlockLogImpl (DeletedBlockLogImpl.java:incrementCount(141)) - Deleted TXID not found.
2019-09-02 06:31:18,728 [IPC Server handler 17 on 46403] WARN  block.DeletedBlockLogImpl (DeletedBlockLogImpl.java:incrementCount(141)) - Deleted TXID not found.
2019-09-02 06:31:18,729 [EventQueue-DeleteBlockStatusForDeletedBlockLogImpl] DEBUG block.DeletedBlockLogImpl (DeletedBlockLogImpl.java:isTransactionFailed(245)) - Got block deletion ACK from datanode, TXIDs=1, success=true
2019-09-02 06:31:18,729 [EventQueue-DeleteBlockStatusForDeletedBlockLogImpl] WARN  block.DeletedBlockLogImpl (DeletedBlockLogImpl.java:commitTransactions(205)) - Transaction txId=1 commit by dnId=3258574c-39ac-4ed5-9145-ea59a337c299 for containerID=#1 failed. Corresponding entry not found.
2019-09-02 06:31:18,729 [IPC Server handler 17 on 46403] WARN  block.DeletedBlockLogImpl (DeletedBlockLogImpl.java:incrementCount(141)) - Deleted TXID not found.
2019-09-02 06:31:18,729 [IPC Server handler 17 on 46403] WARN  block.DeletedBlockLogImpl (DeletedBlockLogImpl.java:incrementCount(141)) - Deleted TXID not found.
2019-09-02 06:31:18,729 [IPC Server handler 17 on 46403] WARN  block.DeletedBlockLogImpl (DeletedBlockLogImpl.java:incrementCount(141)) - Deleted TXID not found.
2019-09-02 06:31:18,729 [EventQueue-DeleteBlockStatusForDeletedBlockLogImpl] DEBUG block.DeletedBlockLogImpl (DeletedBlockLogImpl.java:isTransactionFailed(245)) - Got block deletion ACK from datanode, TXIDs=1, success=true
2019-09-02 06:31:18,729 [EventQueue-DeleteBlockStatusForDeletedBlockLogImpl] WARN  block.DeletedBlockLogImpl (DeletedBlockLogImpl.java:commitTransactions(205)) - Transaction txId=1 commit by dnId=3258574c-39ac-4ed5-9145-ea59a337c299 for containerID=#1 failed. Corresponding entry not found.
2019-09-02 06:31:18,729 [EventQueue-DeleteBlockStatusForDeletedBlockLogImpl] DEBUG block.DeletedBlockLogImpl (DeletedBlockLogImpl.java:isTransactionFailed(245)) - Got block deletion ACK from datanode, TXIDs=1, success=true
2019-09-02 06:31:18,729 [EventQueue-DeleteBlockStatusForDeletedBlockLogImpl] WARN  block.DeletedBlockLogImpl (DeletedBlockLogImpl.java:commitTransactions(205)) - Transaction txId=1 commit by dnId=3258574c-39ac-4ed5-9145-ea59a337c299 for containerID=#1 failed. Corresponding entry not found.
2019-09-02 06:31:18,729 [IPC Server handler 17 on 46403] WARN  block.DeletedBlockLogImpl (DeletedBlockLogImpl.java:incrementCount(141)) - Deleted TXID not found.
2019-09-02 06:31:18,729 [IPC Server handler 17 on 46403] WARN  block.DeletedBlockLogImpl (DeletedBlockLogImpl.java:incrementCount(141)) - Deleted TXID not found.
2019-09-02 06:31:18,729 [IPC Server handler 17 on 46403] WARN  block.DeletedBlockLogImpl (DeletedBlockLogImpl.java:incrementCount(141)) - Deleted TXID not found.
2019-09-02 06:31:18,729 [EventQueue-DeleteBlockStatusForDeletedBlockLogImpl] DEBUG block.DeletedBlockLogImpl (DeletedBlockLogImpl.java:isTransactionFailed(245)) - Got block deletion ACK from datanode, TXIDs=1, success=true
2019-09-02 06:31:18,730 [EventQueue-DeleteBlockStatusForDeletedBlockLogImpl] WARN  block.DeletedBlockLogImpl (DeletedBlockLogImpl.java:commitTransactions(205)) - Transaction txId=1 commit by dnId=3258574c-39ac-4ed5-9145-ea59a337c299 for containerID=#1 failed. Corresponding entry not found.
2019-09-02 06:31:18,730 [IPC Server handler 17 on 46403] WARN  block.DeletedBlockLogImpl (DeletedBlockLogImpl.java:incrementCount(141)) - Deleted TXID not found.
2019-09-02 06:31:18,730 [IPC Server handler 17 on 46403] WARN  block.DeletedBlockLogImpl (DeletedBlockLogImpl.java:incrementCount(141)) - Deleted TXID not found.
2019-09-02 06:31:18,730 [IPC Server handler 17 on 46403] WARN  block.DeletedBlockLogImpl (DeletedBlockLogImpl.java:incrementCount(141)) - Deleted TXID not found.
2019-09-02 06:31:18,730 [EventQueue-DeleteBlockStatusForDeletedBlockLogImpl] DEBUG block.DeletedBlockLogImpl (DeletedBlockLogImpl.java:isTransactionFailed(245)) - Got block deletion ACK from datanode, TXIDs=1, success=true
2019-09-02 06:31:18,730 [EventQueue-DeleteBlockStatusForDeletedBlockLogImpl] WARN  block.DeletedBlockLogImpl (DeletedBlockLogImpl.java:commitTransactions(205)) - Transaction txId=1 commit by dnId=3258574c-39ac-4ed5-9145-ea59a337c299 for containerID=#1 failed. Corresponding entry not found.
2019-09-02 06:31:18,730 [IPC Server handler 17 on 46403] WARN  block.DeletedBlockLogImpl (DeletedBlockLogImpl.java:incrementCount(141)) - Deleted TXID not found.
2019-09-02 06:31:18,730 [IPC Server handler 17 on 46403] WARN  block.DeletedBlockLogImpl (DeletedBlockLogImpl.java:incrementCount(141)) - Deleted TXID not found.
2019-09-02 06:31:18,730 [IPC Server handler 17 on 46403] WARN  block.DeletedBlockLogImpl (DeletedBlockLogImpl.java:incrementCount(141)) - Deleted TXID not found.
2019-09-02 06:31:18,730 [EventQueue-DeleteBlockStatusForDeletedBlockLogImpl] DEBUG block.DeletedBlockLogImpl (DeletedBlockLogImpl.java:isTransactionFailed(245)) - Got block deletion ACK from datanode, TXIDs=1, success=true
2019-09-02 06:31:18,730 [EventQueue-DeleteBlockStatusForDeletedBlockLogImpl] WARN  block.DeletedBlockLogImpl (DeletedBlockLogImpl.java:commitTransactions(205)) - Transaction txId=1 commit by dnId=3258574c-39ac-4ed5-9145-ea59a337c299 for containerID=#1 failed. Corresponding entry not found.
2019-09-02 06:31:18,730 [EventQueue-DeleteBlockStatusForDeletedBlockLogImpl] DEBUG block.DeletedBlockLogImpl (DeletedBlockLogImpl.java:isTransactionFailed(245)) - Got block deletion ACK from datanode, TXIDs=1, success=true
2019-09-02 06:31:18,730 [EventQueue-DeleteBlockStatusForDeletedBlockLogImpl] WARN  block.DeletedBlockLogImpl (DeletedBlockLogImpl.java:commitTransactions(205)) - Transaction txId=1 commit by dnId=3258574c-39ac-4ed5-9145-ea59a337c299 for containerID=#1 failed. Corresponding entry not found.
2019-09-02 06:31:18,731 [IPC Server handler 17 on 46403] WARN  block.DeletedBlockLogImpl (DeletedBlockLogImpl.java:incrementCount(141)) - Deleted TXID not found.
2019-09-02 06:31:18,731 [IPC Server handler 17 on 46403] WARN  block.DeletedBlockLogImpl (DeletedBlockLogImpl.java:incrementCount(141)) - Deleted TXID not found.
2019-09-02 06:31:18,731 [IPC Server handler 17 on 46403] WARN  block.DeletedBlockLogImpl (DeletedBlockLogImpl.java:incrementCount(141)) - Deleted TXID not found.
2019-09-02 06:31:18,731 [EventQueue-DeleteBlockStatusForDeletedBlockLogImpl] DEBUG block.DeletedBlockLogImpl (DeletedBlockLogImpl.java:isTransactionFailed(245)) - Got block deletion ACK from datanode, TXIDs=1, success=true
2019-09-02 06:31:18,731 [EventQueue-DeleteBlockStatusForDeletedBlockLogImpl] WARN  block.DeletedBlockLogImpl (DeletedBlockLogImpl.java:commitTransactions(205)) - Transaction txId=1 commit by dnId=3258574c-39ac-4ed5-9145-ea59a337c299 for containerID=#1 failed. Corresponding entry not found.
2019-09-02 06:31:18,731 [IPC Server handler 17 on 46403] WARN  block.DeletedBlockLogImpl (DeletedBlockLogImpl.java:incrementCount(141)) - Deleted TXID not found.
2019-09-02 06:31:18,731 [IPC Server handler 17 on 46403] WARN  block.DeletedBlockLogImpl (DeletedBlockLogImpl.java:incrementCount(141)) - Deleted TXID not found.
2019-09-02 06:31:18,731 [IPC Server handler 17 on 46403] WARN  block.DeletedBlockLogImpl (DeletedBlockLogImpl.java:incrementCount(141)) - Deleted TXID not found.
2019-09-02 06:31:18,731 [EventQueue-DeleteBlockStatusForDeletedBlockLogImpl] DEBUG block.DeletedBlockLogImpl (DeletedBlockLogImpl.java:isTransactionFailed(245)) - Got block deletion ACK from datanode, TXIDs=1, success=true
2019-09-02 06:31:18,731 [EventQueue-DeleteBlockStatusForDeletedBlockLogImpl] WARN  block.DeletedBlockLogImpl (DeletedBlockLogImpl.java:commitTransactions(205)) - Transaction txId=1 commit by dnId=3258574c-39ac-4ed5-9145-ea59a337c299 for containerID=#1 failed. Corresponding entry not found.
2019-09-02 06:31:18,732 [IPC Server handler 17 on 46403] WARN  block.DeletedBlockLogImpl (DeletedBlockLogImpl.java:incrementCount(141)) - Deleted TXID not found.
2019-09-02 06:31:18,732 [IPC Server handler 17 on 46403] WARN  block.DeletedBlockLogImpl (DeletedBlockLogImpl.java:incrementCount(141)) - Deleted TXID not found.
2019-09-02 06:31:18,732 [IPC Server handler 17 on 46403] WARN  block.DeletedBlockLogImpl (DeletedBlockLogImpl.java:incrementCount(141)) - Deleted TXID not found.
2019-09-02 06:31:18,732 [EventQueue-DeleteBlockStatusForDeletedBlockLogImpl] DEBUG block.DeletedBlockLogImpl (DeletedBlockLogImpl.java:isTransactionFailed(245)) - Got block deletion ACK from datanode, TXIDs=1, success=true
2019-09-02 06:31:18,732 [EventQueue-DeleteBlockStatusForDeletedBlockLogImpl] WARN  block.DeletedBlockLogImpl (DeletedBlockLogImpl.java:commitTransactions(205)) - Transaction txId=1 commit by dnId=3258574c-39ac-4ed5-9145-ea59a337c299 for containerID=#1 failed. Corresponding entry not found.
2019-09-02 06:31:18,732 [IPC Server handler 17 on 46403] WARN  block.DeletedBlockLogImpl (DeletedBlockLogImpl.java:incrementCount(141)) - Deleted TXID not found.
2019-09-02 06:31:18,732 [IPC Server handler 17 on 46403] WARN  block.DeletedBlockLogImpl (DeletedBlockLogImpl.java:incrementCount(141)) - Deleted TXID not found.
2019-09-02 06:31:18,732 [IPC Server handler 17 on 46403] WARN  block.DeletedBlockLogImpl (DeletedBlockLogImpl.java:incrementCount(141)) - Deleted TXID not found.
2019-09-02 06:31:18,732 [EventQueue-DeleteBlockStatusForDeletedBlockLogImpl] DEBUG block.DeletedBlockLogImpl (DeletedBlockLogImpl.java:isTransactionFailed(245)) - Got block deletion ACK from datanode, TXIDs=1, success=true
2019-09-02 06:31:18,732 [EventQueue-DeleteBlockStatusForDeletedBlockLogImpl] WARN  block.DeletedBlockLogImpl (DeletedBlockLogImpl.java:commitTransactions(205)) - Transaction txId=1 commit by dnId=3258574c-39ac-4ed5-9145-ea59a337c299 for containerID=#1 failed. Corresponding entry not found.
2019-09-02 06:31:18,732 [IPC Server handler 17 on 46403] WARN  block.DeletedBlockLogImpl (DeletedBlockLogImpl.java:incrementCount(141)) - Deleted TXID not found.
2019-09-02 06:31:18,732 [IPC Server handler 17 on 46403] WARN  block.DeletedBlockLogImpl (DeletedBlockLogImpl.java:incrementCount(141)) - Deleted TXID not found.
2019-09-02 06:31:18,733 [IPC Server handler 17 on 46403] WARN  block.DeletedBlockLogImpl (DeletedBlockLogImpl.java:incrementCount(141)) - Deleted TXID not found.
2019-09-02 06:31:18,733 [EventQueue-DeleteBlockStatusForDeletedBlockLogImpl] DEBUG block.DeletedBlockLogImpl (DeletedBlockLogImpl.java:isTransactionFailed(245)) - Got block deletion ACK from datanode, TXIDs=1, success=true
2019-09-02 06:31:18,733 [EventQueue-DeleteBlockStatusForDeletedBlockLogImpl] WARN  block.DeletedBlockLogImpl (DeletedBlockLogImpl.java:commitTransactions(205)) - Transaction txId=1 commit by dnId=3258574c-39ac-4ed5-9145-ea59a337c299 for containerID=#1 failed. Corresponding entry not found.
2019-09-02 06:31:18,733 [IPC Server handler 17 on 46403] WARN  block.DeletedBlockLogImpl (DeletedBlockLogImpl.java:incrementCount(141)) - Deleted TXID not found.
2019-09-02 06:31:18,733 [IPC Server handler 17 on 46403] WARN  block.DeletedBlockLogImpl (DeletedBlockLogImpl.java:incrementCount(141)) - Deleted TXID not found.
2019-09-02 06:31:18,733 [IPC Server handler 17 on 46403] WARN  block.DeletedBlockLogImpl (DeletedBlockLogImpl.java:incrementCount(141)) - Deleted TXID not found.
2019-09-02 06:31:18,733 [EventQueue-DeleteBlockStatusForDeletedBlockLogImpl] DEBUG block.DeletedBlockLogImpl (DeletedBlockLogImpl.java:isTransactionFailed(245)) - Got block deletion ACK from datanode, TXIDs=1, success=true
2019-09-02 06:31:18,733 [EventQueue-DeleteBlockStatusForDeletedBlockLogImpl] WARN  block.DeletedBlockLogImpl (DeletedBlockLogImpl.java:commitTransactions(205)) - Transaction txId=1 commit by dnId=3258574c-39ac-4ed5-9145-ea59a337c299 for containerID=#1 failed. Corresponding entry not found.
2019-09-02 06:31:18,733 [EventQueue-DeleteBlockStatusForDeletedBlockLogImpl] DEBUG block.DeletedBlockLogImpl (DeletedBlockLogImpl.java:isTransactionFailed(245)) - Got block deletion ACK from datanode, TXIDs=1, success=true
2019-09-02 06:31:18,733 [EventQueue-DeleteBlockStatusForDeletedBlockLogImpl] WARN  block.DeletedBlockLogImpl (DeletedBlockLogImpl.java:commitTransactions(205)) - Transaction txId=1 commit by dnId=3258574c-39ac-4ed5-9145-ea59a337c299 for containerID=#1 failed. Corresponding entry not found.
2019-09-02 06:31:18,733 [EventQueue-DeleteBlockStatusForDeletedBlockLogImpl] DEBUG block.DeletedBlockLogImpl (DeletedBlockLogImpl.java:isTransactionFailed(245)) - Got block deletion ACK from datanode, TXIDs=1, success=true
2019-09-02 06:31:18,733 [EventQueue-DeleteBlockStatusForDeletedBlockLogImpl] WARN  block.DeletedBlockLogImpl (DeletedBlockLogImpl.java:commitTransactions(205)) - Transaction txId=1 commit by dnId=3258574c-39ac-4ed5-9145-ea59a337c299 for containerID=#1 failed. Corresponding entry not found.
2019-09-02 06:31:18,734 [IPC Server handler 17 on 46403] WARN  block.DeletedBlockLogImpl (DeletedBlockLogImpl.java:incrementCount(141)) - Deleted TXID not found.
2019-09-02 06:31:18,734 [IPC Server handler 17 on 46403] WARN  block.DeletedBlockLogImpl (DeletedBlockLogImpl.java:incrementCount(141)) - Deleted TXID not found.
2019-09-02 06:31:18,734 [IPC Server handler 17 on 46403] WARN  block.DeletedBlockLogImpl (DeletedBlockLogImpl.java:incrementCount(141)) - Deleted TXID not found.
2019-09-02 06:31:18,734 [EventQueue-DeleteBlockStatusForDeletedBlockLogImpl] DEBUG block.DeletedBlockLogImpl (DeletedBlockLogImpl.java:isTransactionFailed(245)) - Got block deletion ACK from datanode, TXIDs=1, success=true
2019-09-02 06:31:18,734 [EventQueue-DeleteBlockStatusForDeletedBlockLogImpl] WARN  block.DeletedBlockLogImpl (DeletedBlockLogImpl.java:commitTransactions(205)) - Transaction txId=1 commit by dnId=3258574c-39ac-4ed5-9145-ea59a337c299 for containerID=#1 failed. Corresponding entry not found.
2019-09-02 06:31:18,734 [EventQueue-DeleteBlockStatusForDeletedBlockLogImpl] DEBUG block.DeletedBlockLogImpl (DeletedBlockLogImpl.java:isTransactionFailed(245)) - Got block deletion ACK from datanode, TXIDs=1, success=true
2019-09-02 06:31:18,734 [EventQueue-DeleteBlockStatusForDeletedBlockLogImpl] WARN  block.DeletedBlockLogImpl (DeletedBlockLogImpl.java:commitTransactions(205)) - Transaction txId=1 commit by dnId=3258574c-39ac-4ed5-9145-ea59a337c299 for containerID=#1 failed. Corresponding entry not found.
2019-09-02 06:31:18,734 [EventQueue-DeleteBlockStatusForDeletedBlockLogImpl] DEBUG block.DeletedBlockLogImpl (DeletedBlockLogImpl.java:isTransactionFailed(245)) - Got block deletion ACK from datanode, TXIDs=1, success=true
2019-09-02 06:31:18,734 [EventQueue-DeleteBlockStatusForDeletedBlockLogImpl] WARN  block.DeletedBlockLogImpl (DeletedBlockLogImpl.java:commitTransactions(205)) - Transaction txId=1 commit by dnId=3258574c-39ac-4ed5-9145-ea59a337c299 for containerID=#1 failed. Corresponding entry not found.
2019-09-02 06:31:18,735 [EventQueue-DeleteBlockStatusForDeletedBlockLogImpl] DEBUG block.DeletedBlockLogImpl (DeletedBlockLogImpl.java:isTransactionFailed(245)) - Got block deletion ACK from datanode, TXIDs=1, success=true
2019-09-02 06:31:18,735 [EventQueue-DeleteBlockStatusForDeletedBlockLogImpl] WARN  block.DeletedBlockLogImpl (DeletedBlockLogImpl.java:commitTransactions(205)) - Transaction txId=1 commit by dnId=3258574c-39ac-4ed5-9145-ea59a337c299 for containerID=#1 failed. Corresponding entry not found.
2019-09-02 06:31:18,735 [EventQueue-DeleteBlockStatusForDeletedBlockLogImpl] DEBUG block.DeletedBlockLogImpl (DeletedBlockLogImpl.java:isTransactionFailed(245)) - Got block deletion ACK from datanode, TXIDs=1, success=true
2019-09-02 06:31:18,735 [EventQueue-DeleteBlockStatusForDeletedBlockLogImpl] WARN  block.DeletedBlockLogImpl (DeletedBlockLogImpl.java:commitTransactions(205)) - Transaction txId=1 commit by dnId=3258574c-39ac-4ed5-9145-ea59a337c299 for containerID=#1 failed. Corresponding entry not found.
2019-09-02 06:31:18,735 [IPC Server handler 17 on 46403] WARN  block.DeletedBlockLogImpl (DeletedBlockLogImpl.java:incrementCount(141)) - Deleted TXID not found.
2019-09-02 06:31:18,735 [IPC Server handler 17 on 46403] WARN  block.DeletedBlockLogImpl (DeletedBlockLogImpl.java:incrementCount(141)) - Deleted TXID not found.
2019-09-02 06:31:18,735 [IPC Server handler 17 on 46403] WARN  block.DeletedBlockLogImpl (DeletedBlockLogImpl.java:incrementCount(141)) - Deleted TXID not found.
2019-09-02 06:31:18,735 [EventQueue-DeleteBlockStatusForDeletedBlockLogImpl] DEBUG block.DeletedBlockLogImpl (DeletedBlockLogImpl.java:isTransactionFailed(245)) - Got block deletion ACK from datanode, TXIDs=1, success=true
2019-09-02 06:31:18,735 [EventQueue-DeleteBlockStatusForDeletedBlockLogImpl] WARN  block.DeletedBlockLogImpl (DeletedBlockLogImpl.java:commitTransactions(205)) - Transaction txId=1 commit by dnId=3258574c-39ac-4ed5-9145-ea59a337c299 for containerID=#1 failed. Corresponding entry not found.
2019-09-02 06:31:18,735 [IPC Server handler 17 on 46403] WARN  block.DeletedBlockLogImpl (DeletedBlockLogImpl.java:incrementCount(141)) - Deleted TXID not found.
2019-09-02 06:31:18,736 [IPC Server handler 17 on 46403] WARN  block.DeletedBlockLogImpl (DeletedBlockLogImpl.java:incrementCount(141)) - Deleted TXID not found.
2019-09-02 06:31:18,736 [IPC Server handler 17 on 46403] WARN  block.DeletedBlockLogImpl (DeletedBlockLogImpl.java:incrementCount(141)) - Deleted TXID not found.
2019-09-02 06:31:18,736 [EventQueue-DeleteBlockStatusForDeletedBlockLogImpl] DEBUG block.DeletedBlockLogImpl (DeletedBlockLogImpl.java:isTransactionFailed(245)) - Got block deletion ACK from datanode, TXIDs=1, success=true
2019-09-02 06:31:18,736 [EventQueue-DeleteBlockStatusForDeletedBlockLogImpl] WARN  block.DeletedBlockLogImpl (DeletedBlockLogImpl.java:commitTransactions(205)) - Transaction txId=1 commit by dnId=3258574c-39ac-4ed5-9145-ea59a337c299 for containerID=#1 failed. Corresponding entry not found.
2019-09-02 06:31:18,736 [EventQueue-DeleteBlockStatusForDeletedBlockLogImpl] DEBUG block.DeletedBlockLogImpl (DeletedBlockLogImpl.java:isTransactionFailed(245)) - Got block deletion ACK from datanode, TXIDs=1, success=true
2019-09-02 06:31:18,736 [EventQueue-DeleteBlockStatusForDeletedBlockLogImpl] WARN  block.DeletedBlockLogImpl (DeletedBlockLogImpl.java:commitTransactions(205)) - Transaction txId=1 commit by dnId=3258574c-39ac-4ed5-9145-ea59a337c299 for containerID=#1 failed. Corresponding entry not found.
2019-09-02 06:31:18,736 [EventQueue-DeleteBlockStatusForDeletedBlockLogImpl] DEBUG block.DeletedBlockLogImpl (DeletedBlockLogImpl.java:isTransactionFailed(245)) - Got block deletion ACK from datanode, TXIDs=1, success=true
2019-09-02 06:31:18,736 [EventQueue-DeleteBlockStatusForDeletedBlockLogImpl] WARN  block.DeletedBlockLogImpl (DeletedBlockLogImpl.java:commitTransactions(205)) - Transaction txId=1 commit by dnId=3258574c-39ac-4ed5-9145-ea59a337c299 for containerID=#1 failed. Corresponding entry not found.
2019-09-02 06:31:18,736 [EventQueue-DeleteBlockStatusForDeletedBlockLogImpl] DEBUG block.DeletedBlockLogImpl (DeletedBlockLogImpl.java:isTransactionFailed(245)) - Got block deletion ACK from datanode, TXIDs=1, success=true
2019-09-02 06:31:18,736 [EventQueue-DeleteBlockStatusForDeletedBlockLogImpl] WARN  block.DeletedBlockLogImpl (DeletedBlockLogImpl.java:commitTransactions(205)) - Transaction txId=1 commit by dnId=3258574c-39ac-4ed5-9145-ea59a337c299 for containerID=#1 failed. Corresponding entry not found.
2019-09-02 06:31:18,736 [EventQueue-DeleteBlockStatusForDeletedBlockLogImpl] DEBUG block.DeletedBlockLogImpl (DeletedBlockLogImpl.java:isTransactionFailed(245)) - Got block deletion ACK from datanode, TXIDs=1, success=true
2019-09-02 06:31:18,736 [EventQueue-DeleteBlockStatusForDeletedBlockLogImpl] WARN  block.DeletedBlockLogImpl (DeletedBlockLogImpl.java:commitTransactions(205)) - Transaction txId=1 commit by dnId=3258574c-39ac-4ed5-9145-ea59a337c299 for containerID=#1 failed. Corresponding entry not found.
2019-09-02 06:31:18,737 [EventQueue-DeleteBlockStatusForDeletedBlockLogImpl] DEBUG block.DeletedBlockLogImpl (DeletedBlockLogImpl.java:isTransactionFailed(245)) - Got block deletion ACK from datanode, TXIDs=1, success=true
2019-09-02 06:31:18,737 [EventQueue-DeleteBlockStatusForDeletedBlockLogImpl] WARN  block.DeletedBlockLogImpl (DeletedBlockLogImpl.java:commitTransactions(205)) - Transaction txId=1 commit by dnId=3258574c-39ac-4ed5-9145-ea59a337c299 for containerID=#1 failed. Corresponding entry not found.
2019-09-02 06:31:18,737 [EventQueue-DeleteBlockStatusForDeletedBlockLogImpl] DEBUG block.DeletedBlockLogImpl (DeletedBlockLogImpl.java:isTransactionFailed(245)) - Got block deletion ACK from datanode, TXIDs=1, success=true
2019-09-02 06:31:18,737 [EventQueue-DeleteBlockStatusForDeletedBlockLogImpl] WARN  block.DeletedBlockLogImpl (DeletedBlockLogImpl.java:commitTransactions(205)) - Transaction txId=1 commit by dnId=3258574c-39ac-4ed5-9145-ea59a337c299 for containerID=#1 failed. Corresponding entry not found.
2019-09-02 06:31:18,737 [EventQueue-DeleteBlockStatusForDeletedBlockLogImpl] DEBUG block.DeletedBlockLogImpl (DeletedBlockLogImpl.java:isTransactionFailed(245)) - Got block deletion ACK from datanode, TXIDs=1, success=true
2019-09-02 06:31:18,737 [EventQueue-DeleteBlockStatusForDeletedBlockLogImpl] WARN  block.DeletedBlockLogImpl (DeletedBlockLogImpl.java:commitTransactions(205)) - Transaction txId=1 commit by dnId=3258574c-39ac-4ed5-9145-ea59a337c299 for containerID=#1 failed. Corresponding entry not found.
2019-09-02 06:31:18,737 [EventQueue-DeleteBlockStatusForDeletedBlockLogImpl] DEBUG block.DeletedBlockLogImpl (DeletedBlockLogImpl.java:isTransactionFailed(245)) - Got block deletion ACK from datanode, TXIDs=1, success=true
2019-09-02 06:31:18,737 [EventQueue-DeleteBlockStatusForDeletedBlockLogImpl] WARN  block.DeletedBlockLogImpl (DeletedBlockLogImpl.java:commitTransactions(205)) - Transaction txId=1 commit by dnId=3258574c-39ac-4ed5-9145-ea59a337c299 for containerID=#1 failed. Corresponding entry not found.
2019-09-02 06:31:18,737 [EventQueue-DeleteBlockStatusForDeletedBlockLogImpl] DEBUG block.DeletedBlockLogImpl (DeletedBlockLogImpl.java:isTransactionFailed(245)) - Got block deletion ACK from datanode, TXIDs=1, success=true
2019-09-02 06:31:18,737 [EventQueue-DeleteBlockStatusForDeletedBlockLogImpl] WARN  block.DeletedBlockLogImpl (DeletedBlockLogImpl.java:commitTransactions(205)) - Transaction txId=1 commit by dnId=3258574c-39ac-4ed5-9145-ea59a337c299 for containerID=#1 failed. Corresponding entry not found.
2019-09-02 06:31:18,737 [EventQueue-DeleteBlockStatusForDeletedBlockLogImpl] DEBUG block.DeletedBlockLogImpl (DeletedBlockLogImpl.java:isTransactionFailed(245)) - Got block deletion ACK from datanode, TXIDs=1, success=true
2019-09-02 06:31:18,737 [EventQueue-DeleteBlockStatusForDeletedBlockLogImpl] WARN  block.DeletedBlockLogImpl (DeletedBlockLogImpl.java:commitTransactions(205)) - Transaction txId=1 commit by dnId=3258574c-39ac-4ed5-9145-ea59a337c299 for containerID=#1 failed. Corresponding entry not found.
2019-09-02 06:31:18,737 [EventQueue-DeleteBlockStatusForDeletedBlockLogImpl] DEBUG block.DeletedBlockLogImpl (DeletedBlockLogImpl.java:isTransactionFailed(245)) - Got block deletion ACK from datanode, TXIDs=1, success=true
2019-09-02 06:31:18,738 [EventQueue-DeleteBlockStatusForDeletedBlockLogImpl] WARN  block.DeletedBlockLogImpl (DeletedBlockLogImpl.java:commitTransactions(205)) - Transaction txId=1 commit by dnId=3258574c-39ac-4ed5-9145-ea59a337c299 for containerID=#1 failed. Corresponding entry not found.
2019-09-02 06:31:18,738 [EventQueue-DeleteBlockStatusForDeletedBlockLogImpl] DEBUG block.DeletedBlockLogImpl (DeletedBlockLogImpl.java:isTransactionFailed(245)) - Got block deletion ACK from datanode, TXIDs=1, success=true
2019-09-02 06:31:18,738 [EventQueue-DeleteBlockStatusForDeletedBlockLogImpl] WARN  block.DeletedBlockLogImpl (DeletedBlockLogImpl.java:commitTransactions(205)) - Transaction txId=1 commit by dnId=3258574c-39ac-4ed5-9145-ea59a337c299 for containerID=#1 failed. Corresponding entry not found.
2019-09-02 06:31:18,738 [EventQueue-DeleteBlockStatusForDeletedBlockLogImpl] DEBUG block.DeletedBlockLogImpl (DeletedBlockLogImpl.java:isTransactionFailed(245)) - Got block deletion ACK from datanode, TXIDs=1, success=true
2019-09-02 06:31:18,738 [EventQueue-DeleteBlockStatusForDeletedBlockLogImpl] WARN  block.DeletedBlockLogImpl (DeletedBlockLogImpl.java:commitTransactions(205)) - Transaction txId=1 commit by dnId=3258574c-39ac-4ed5-9145-ea59a337c299 for containerID=#1 failed. Corresponding entry not found.
2019-09-02 06:31:18,738 [EventQueue-DeleteBlockStatusForDeletedBlockLogImpl] DEBUG block.DeletedBlockLogImpl (DeletedBlockLogImpl.java:isTransactionFailed(245)) - Got block deletion ACK from datanode, TXIDs=1, success=true
2019-09-02 06:31:18,738 [EventQueue-DeleteBlockStatusForDeletedBlockLogImpl] WARN  block.DeletedBlockLogImpl (DeletedBlockLogImpl.java:commitTransactions(205)) - Transaction txId=1 commit by dnId=3258574c-39ac-4ed5-9145-ea59a337c299 for containerID=#1 failed. Corresponding entry not found.
2019-09-02 06:31:18,738 [EventQueue-DeleteBlockStatusForDeletedBlockLogImpl] DEBUG block.DeletedBlockLogImpl (DeletedBlockLogImpl.java:isTransactionFailed(245)) - Got block deletion ACK from datanode, TXIDs=1, success=true
2019-09-02 06:31:18,738 [EventQueue-DeleteBlockStatusForDeletedBlockLogImpl] WARN  block.DeletedBlockLogImpl (DeletedBlockLogImpl.java:commitTransactions(205)) - Transaction txId=1 commit by dnId=3258574c-39ac-4ed5-9145-ea59a337c299 for containerID=#1 failed. Corresponding entry not found.
2019-09-02 06:31:18,738 [EventQueue-DeleteBlockStatusForDeletedBlockLogImpl] DEBUG block.DeletedBlockLogImpl (DeletedBlockLogImpl.java:isTransactionFailed(245)) - Got block deletion ACK from datanode, TXIDs=1, success=true
2019-09-02 06:31:18,738 [EventQueue-DeleteBlockStatusForDeletedBlockLogImpl] WARN  block.DeletedBlockLogImpl (DeletedBlockLogImpl.java:commitTransactions(205)) - Transaction txId=1 commit by dnId=3258574c-39ac-4ed5-9145-ea59a337c299 for containerID=#1 failed. Corresponding entry not found.
2019-09-02 06:31:18,738 [EventQueue-DeleteBlockStatusForDeletedBlockLogImpl] DEBUG block.DeletedBlockLogImpl (DeletedBlockLogImpl.java:isTransactionFailed(245)) - Got block deletion ACK from datanode, TXIDs=1, success=true
2019-09-02 06:31:18,738 [EventQueue-DeleteBlockStatusForDeletedBlockLogImpl] WARN  block.DeletedBlockLogImpl (DeletedBlockLogImpl.java:commitTransactions(205)) - Transaction txId=1 commit by dnId=3258574c-39ac-4ed5-9145-ea59a337c299 for containerID=#1 failed. Corresponding entry not found.
2019-09-02 06:31:18,738 [EventQueue-DeleteBlockStatusForDeletedBlockLogImpl] DEBUG block.DeletedBlockLogImpl (DeletedBlockLogImpl.java:isTransactionFailed(245)) - Got block deletion ACK from datanode, TXIDs=1, success=true
2019-09-02 06:31:18,739 [EventQueue-DeleteBlockStatusForDeletedBlockLogImpl] WARN  block.DeletedBlockLogImpl (DeletedBlockLogImpl.java:commitTransactions(205)) - Transaction txId=1 commit by dnId=3258574c-39ac-4ed5-9145-ea59a337c299 for containerID=#1 failed. Corresponding entry not found.
2019-09-02 06:31:18,739 [EventQueue-DeleteBlockStatusForDeletedBlockLogImpl] DEBUG block.DeletedBlockLogImpl (DeletedBlockLogImpl.java:isTransactionFailed(245)) - Got block deletion ACK from datanode, TXIDs=1, success=true
2019-09-02 06:31:18,739 [EventQueue-DeleteBlockStatusForDeletedBlockLogImpl] WARN  block.DeletedBlockLogImpl (DeletedBlockLogImpl.java:commitTransactions(205)) - Transaction txId=1 commit by dnId=3258574c-39ac-4ed5-9145-ea59a337c299 for containerID=#1 failed. Corresponding entry not found.
2019-09-02 06:31:18,739 [EventQueue-DeleteBlockStatusForDeletedBlockLogImpl] DEBUG block.DeletedBlockLogImpl (DeletedBlockLogImpl.java:isTransactionFailed(245)) - Got block deletion ACK from datanode, TXIDs=1, success=true
2019-09-02 06:31:18,739 [EventQueue-DeleteBlockStatusForDeletedBlockLogImpl] WARN  block.DeletedBlockLogImpl (DeletedBlockLogImpl.java:commitTransactions(205)) - Transaction txId=1 commit by dnId=3258574c-39ac-4ed5-9145-ea59a337c299 for containerID=#1 failed. Corresponding entry not found.
2019-09-02 06:31:18,739 [EventQueue-DeleteBlockStatusForDeletedBlockLogImpl] DEBUG block.DeletedBlockLogImpl (DeletedBlockLogImpl.java:isTransactionFailed(245)) - Got block deletion ACK from datanode, TXIDs=1, success=true
2019-09-02 06:31:18,739 [EventQueue-DeleteBlockStatusForDeletedBlockLogImpl] WARN  block.DeletedBlockLogImpl (DeletedBlockLogImpl.java:commitTransactions(205)) - Transaction txId=1 commit by dnId=3258574c-39ac-4ed5-9145-ea59a337c299 for containerID=#1 failed. Corresponding entry not found.
2019-09-02 06:31:18,739 [EventQueue-DeleteBlockStatusForDeletedBlockLogImpl] DEBUG block.DeletedBlockLogImpl (DeletedBlockLogImpl.java:isTransactionFailed(245)) - Got block deletion ACK from datanode, TXIDs=1, success=true
2019-09-02 06:31:18,739 [EventQueue-DeleteBlockStatusForDeletedBlockLogImpl] WARN  block.DeletedBlockLogImpl (DeletedBlockLogImpl.java:commitTransactions(205)) - Transaction txId=1 commit by dnId=3258574c-39ac-4ed5-9145-ea59a337c299 for containerID=#1 failed. Corresponding entry not found.
2019-09-02 06:31:18,739 [EventQueue-DeleteBlockStatusForDeletedBlockLogImpl] DEBUG block.DeletedBlockLogImpl (DeletedBlockLogImpl.java:isTransactionFailed(245)) - Got block deletion ACK from datanode, TXIDs=1, success=true
2019-09-02 06:31:18,739 [EventQueue-DeleteBlockStatusForDeletedBlockLogImpl] WARN  block.DeletedBlockLogImpl (DeletedBlockLogImpl.java:commitTransactions(205)) - Transaction txId=1 commit by dnId=3258574c-39ac-4ed5-9145-ea59a337c299 for containerID=#1 failed. Corresponding entry not found.
2019-09-02 06:31:18,739 [EventQueue-DeleteBlockStatusForDeletedBlockLogImpl] DEBUG block.DeletedBlockLogImpl (DeletedBlockLogImpl.java:isTransactionFailed(245)) - Got block deletion ACK from datanode, TXIDs=1, success=true
2019-09-02 06:31:18,739 [EventQueue-DeleteBlockStatusForDeletedBlockLogImpl] WARN  block.DeletedBlockLogImpl (DeletedBlockLogImpl.java:commitTransactions(205)) - Transaction txId=1 commit by dnId=3258574c-39ac-4ed5-9145-ea59a337c299 for containerID=#1 failed. Corresponding entry not found.
2019-09-02 06:31:18,739 [EventQueue-DeleteBlockStatusForDeletedBlockLogImpl] DEBUG block.DeletedBlockLogImpl (DeletedBlockLogImpl.java:isTransactionFailed(245)) - Got block deletion ACK from datanode, TXIDs=1, success=true
2019-09-02 06:31:18,740 [EventQueue-DeleteBlockStatusForDeletedBlockLogImpl] WARN  block.DeletedBlockLogImpl (DeletedBlockLogImpl.java:commitTransactions(205)) - Transaction txId=1 commit by dnId=3258574c-39ac-4ed5-9145-ea59a337c299 for containerID=#1 failed. Corresponding entry not found.
2019-09-02 06:31:18,740 [EventQueue-DeleteBlockStatusForDeletedBlockLogImpl] DEBUG block.DeletedBlockLogImpl (DeletedBlockLogImpl.java:isTransactionFailed(245)) - Got block deletion ACK from datanode, TXIDs=1, success=true
2019-09-02 06:31:18,740 [EventQueue-DeleteBlockStatusForDeletedBlockLogImpl] WARN  block.DeletedBlockLogImpl (DeletedBlockLogImpl.java:commitTransactions(205)) - Transaction txId=1 commit by dnId=3258574c-39ac-4ed5-9145-ea59a337c299 for containerID=#1 failed. Corresponding entry not found.
2019-09-02 06:31:18,740 [EventQueue-DeleteBlockStatusForDeletedBlockLogImpl] DEBUG block.DeletedBlockLogImpl (DeletedBlockLogImpl.java:isTransactionFailed(245)) - Got block deletion ACK from datanode, TXIDs=1, success=true
2019-09-02 06:31:18,740 [EventQueue-DeleteBlockStatusForDeletedBlockLogImpl] WARN  block.DeletedBlockLogImpl (DeletedBlockLogImpl.java:commitTransactions(205)) - Transaction txId=1 commit by dnId=3258574c-39ac-4ed5-9145-ea59a337c299 for containerID=#1 failed. Corresponding entry not found.
2019-09-02 06:31:18,740 [EventQueue-DeleteBlockStatusForDeletedBlockLogImpl] DEBUG block.DeletedBlockLogImpl (DeletedBlockLogImpl.java:isTransactionFailed(245)) - Got block deletion ACK from datanode, TXIDs=1, success=true
2019-09-02 06:31:18,740 [EventQueue-DeleteBlockStatusForDeletedBlockLogImpl] WARN  block.DeletedBlockLogImpl (DeletedBlockLogImpl.java:commitTransactions(205)) - Transaction txId=1 commit by dnId=3258574c-39ac-4ed5-9145-ea59a337c299 for containerID=#1 failed. Corresponding entry not found.
2019-09-02 06:31:18,740 [EventQueue-DeleteBlockStatusForDeletedBlockLogImpl] DEBUG block.DeletedBlockLogImpl (DeletedBlockLogImpl.java:isTransactionFailed(245)) - Got block deletion ACK from datanode, TXIDs=1, success=true
2019-09-02 06:31:18,740 [EventQueue-DeleteBlockStatusForDeletedBlockLogImpl] WARN  block.DeletedBlockLogImpl (DeletedBlockLogImpl.java:commitTransactions(205)) - Transaction txId=1 commit by dnId=3258574c-39ac-4ed5-9145-ea59a337c299 for containerID=#1 failed. Corresponding entry not found.
2019-09-02 06:31:18,740 [EventQueue-DeleteBlockStatusForDeletedBlockLogImpl] DEBUG block.DeletedBlockLogImpl (DeletedBlockLogImpl.java:isTransactionFailed(245)) - Got block deletion ACK from datanode, TXIDs=1, success=true
2019-09-02 06:31:18,740 [EventQueue-DeleteBlockStatusForDeletedBlockLogImpl] WARN  block.DeletedBlockLogImpl (DeletedBlockLogImpl.java:commitTransactions(205)) - Transaction txId=1 commit by dnId=3258574c-39ac-4ed5-9145-ea59a337c299 for containerID=#1 failed. Corresponding entry not found.
2019-09-02 06:31:18,740 [EventQueue-DeleteBlockStatusForDeletedBlockLogImpl] DEBUG block.DeletedBlockLogImpl (DeletedBlockLogImpl.java:isTransactionFailed(245)) - Got block deletion ACK from datanode, TXIDs=1, success=true
2019-09-02 06:31:18,741 [EventQueue-DeleteBlockStatusForDeletedBlockLogImpl] WARN  block.DeletedBlockLogImpl (DeletedBlockLogImpl.java:commitTransactions(205)) - Transaction txId=1 commit by dnId=3258574c-39ac-4ed5-9145-ea59a337c299 for containerID=#1 failed. Corresponding entry not found.
2019-09-02 06:31:18,741 [EventQueue-DeleteBlockStatusForDeletedBlockLogImpl] DEBUG block.DeletedBlockLogImpl (DeletedBlockLogImpl.java:isTransactionFailed(245)) - Got block deletion ACK from datanode, TXIDs=1, success=true
2019-09-02 06:31:18,741 [EventQueue-DeleteBlockStatusForDeletedBlockLogImpl] WARN  block.DeletedBlockLogImpl (DeletedBlockLogImpl.java:commitTransactions(205)) - Transaction txId=1 commit by dnId=3258574c-39ac-4ed5-9145-ea59a337c299 for containerID=#1 failed. Corresponding entry not found.
2019-09-02 06:31:18,741 [EventQueue-DeleteBlockStatusForDeletedBlockLogImpl] DEBUG block.DeletedBlockLogImpl (DeletedBlockLogImpl.java:isTransactionFailed(245)) - Got block deletion ACK from datanode, TXIDs=1, success=true
2019-09-02 06:31:18,741 [EventQueue-DeleteBlockStatusForDeletedBlockLogImpl] WARN  block.DeletedBlockLogImpl (DeletedBlockLogImpl.java:commitTransactions(205)) - Transaction txId=1 commit by dnId=3258574c-39ac-4ed5-9145-ea59a337c299 for containerID=#1 failed. Corresponding entry not found.
2019-09-02 06:31:18,741 [EventQueue-DeleteBlockStatusForDeletedBlockLogImpl] DEBUG block.DeletedBlockLogImpl (DeletedBlockLogImpl.java:isTransactionFailed(245)) - Got block deletion ACK from datanode, TXIDs=1, success=true
2019-09-02 06:31:18,741 [EventQueue-DeleteBlockStatusForDeletedBlockLogImpl] WARN  block.DeletedBlockLogImpl (DeletedBlockLogImpl.java:commitTransactions(205)) - Transaction txId=1 commit by dnId=3258574c-39ac-4ed5-9145-ea59a337c299 for containerID=#1 failed. Corresponding entry not found.
2019-09-02 06:31:18,741 [EventQueue-DeleteBlockStatusForDeletedBlockLogImpl] DEBUG block.DeletedBlockLogImpl (DeletedBlockLogImpl.java:isTransactionFailed(245)) - Got block deletion ACK from datanode, TXIDs=1, success=true
2019-09-02 06:31:18,741 [EventQueue-DeleteBlockStatusForDeletedBlockLogImpl] WARN  block.DeletedBlockLogImpl (DeletedBlockLogImpl.java:commitTransactions(205)) - Transaction txId=1 commit by dnId=3258574c-39ac-4ed5-9145-ea59a337c299 for containerID=#1 failed. Corresponding entry not found.
2019-09-02 06:31:18,741 [EventQueue-DeleteBlockStatusForDeletedBlockLogImpl] DEBUG block.DeletedBlockLogImpl (DeletedBlockLogImpl.java:isTransactionFailed(245)) - Got block deletion ACK from datanode, TXIDs=1, success=true
2019-09-02 06:31:18,741 [EventQueue-DeleteBlockStatusForDeletedBlockLogImpl] WARN  block.DeletedBlockLogImpl (DeletedBlockLogImpl.java:commitTransactions(205)) - Transaction txId=1 commit by dnId=3258574c-39ac-4ed5-9145-ea59a337c299 for containerID=#1 failed. Corresponding entry not found.
2019-09-02 06:31:18,741 [EventQueue-DeleteBlockStatusForDeletedBlockLogImpl] DEBUG block.DeletedBlockLogImpl (DeletedBlockLogImpl.java:isTransactionFailed(245)) - Got block deletion ACK from datanode, TXIDs=1, success=true
2019-09-02 06:31:18,741 [EventQueue-DeleteBlockStatusForDeletedBlockLogImpl] WARN  block.DeletedBlockLogImpl (DeletedBlockLogImpl.java:commitTransactions(205)) - Transaction txId=1 commit by dnId=3258574c-39ac-4ed5-9145-ea59a337c299 for containerID=#1 failed. Corresponding entry not found.
2019-09-02 06:31:18,741 [EventQueue-DeleteBlockStatusForDeletedBlockLogImpl] DEBUG block.DeletedBlockLogImpl (DeletedBlockLogImpl.java:isTransactionFailed(245)) - Got block deletion ACK from datanode, TXIDs=1, success=true
2019-09-02 06:31:18,742 [EventQueue-DeleteBlockStatusForDeletedBlockLogImpl] WARN  block.DeletedBlockLogImpl (DeletedBlockLogImpl.java:commitTransactions(205)) - Transaction txId=1 commit by dnId=3258574c-39ac-4ed5-9145-ea59a337c299 for containerID=#1 failed. Corresponding entry not found.
2019-09-02 06:31:18,742 [EventQueue-DeleteBlockStatusForDeletedBlockLogImpl] DEBUG block.DeletedBlockLogImpl (DeletedBlockLogImpl.java:isTransactionFailed(245)) - Got block deletion ACK from datanode, TXIDs=1, success=true
2019-09-02 06:31:18,742 [EventQueue-DeleteBlockStatusForDeletedBlockLogImpl] WARN  block.DeletedBlockLogImpl (DeletedBlockLogImpl.java:commitTransactions(205)) - Transaction txId=1 commit by dnId=3258574c-39ac-4ed5-9145-ea59a337c299 for containerID=#1 failed. Corresponding entry not found.
2019-09-02 06:31:18,742 [EventQueue-DeleteBlockStatusForDeletedBlockLogImpl] DEBUG block.DeletedBlockLogImpl (DeletedBlockLogImpl.java:isTransactionFailed(245)) - Got block deletion ACK from datanode, TXIDs=1, success=true
2019-09-02 06:31:18,742 [EventQueue-DeleteBlockStatusForDeletedBlockLogImpl] WARN  block.DeletedBlockLogImpl (DeletedBlockLogImpl.java:commitTransactions(205)) - Transaction txId=1 commit by dnId=3258574c-39ac-4ed5-9145-ea59a337c299 for containerID=#1 failed. Corresponding entry not found.
2019-09-02 06:31:18,742 [EventQueue-DeleteBlockStatusForDeletedBlockLogImpl] DEBUG block.DeletedBlockLogImpl (DeletedBlockLogImpl.java:isTransactionFailed(245)) - Got block deletion ACK from datanode, TXIDs=1, success=true
2019-09-02 06:31:18,742 [EventQueue-DeleteBlockStatusForDeletedBlockLogImpl] WARN  block.DeletedBlockLogImpl (DeletedBlockLogImpl.java:commitTransactions(205)) - Transaction txId=1 commit by dnId=3258574c-39ac-4ed5-9145-ea59a337c299 for containerID=#1 failed. Corresponding entry not found.
2019-09-02 06:31:18,742 [EventQueue-DeleteBlockStatusForDeletedBlockLogImpl] DEBUG block.DeletedBlockLogImpl (DeletedBlockLogImpl.java:isTransactionFailed(245)) - Got block deletion ACK from datanode, TXIDs=1, success=true
2019-09-02 06:31:18,742 [EventQueue-DeleteBlockStatusForDeletedBlockLogImpl] WARN  block.DeletedBlockLogImpl (DeletedBlockLogImpl.java:commitTransactions(205)) - Transaction txId=1 commit by dnId=3258574c-39ac-4ed5-9145-ea59a337c299 for containerID=#1 failed. Corresponding entry not found.
2019-09-02 06:31:18,742 [EventQueue-DeleteBlockStatusForDeletedBlockLogImpl] DEBUG block.DeletedBlockLogImpl (DeletedBlockLogImpl.java:isTransactionFailed(245)) - Got block deletion ACK from datanode, TXIDs=1, success=true
2019-09-02 06:31:18,742 [EventQueue-DeleteBlockStatusForDeletedBlockLogImpl] WARN  block.DeletedBlockLogImpl (DeletedBlockLogImpl.java:commitTransactions(205)) - Transaction txId=1 commit by dnId=3258574c-39ac-4ed5-9145-ea59a337c299 for containerID=#1 failed. Corresponding entry not found.
2019-09-02 06:31:18,742 [EventQueue-DeleteBlockStatusForDeletedBlockLogImpl] DEBUG block.DeletedBlockLogImpl (DeletedBlockLogImpl.java:isTransactionFailed(245)) - Got block deletion ACK from datanode, TXIDs=1, success=true
2019-09-02 06:31:18,742 [EventQueue-DeleteBlockStatusForDeletedBlockLogImpl] WARN  block.DeletedBlockLogImpl (DeletedBlockLogImpl.java:commitTransactions(205)) - Transaction txId=1 commit by dnId=3258574c-39ac-4ed5-9145-ea59a337c299 for containerID=#1 failed. Corresponding entry not found.
2019-09-02 06:31:18,742 [EventQueue-DeleteBlockStatusForDeletedBlockLogImpl] DEBUG block.DeletedBlockLogImpl (DeletedBlockLogImpl.java:isTransactionFailed(245)) - Got block deletion ACK from datanode, TXIDs=1, success=true
2019-09-02 06:31:18,742 [EventQueue-DeleteBlockStatusForDeletedBlockLogImpl] WARN  block.DeletedBlockLogImpl (DeletedBlockLogImpl.java:commitTransactions(205)) - Transaction txId=1 commit by dnId=3258574c-39ac-4ed5-9145-ea59a337c299 for containerID=#1 failed. Corresponding entry not found.
2019-09-02 06:31:18,743 [EventQueue-DeleteBlockStatusForDeletedBlockLogImpl] DEBUG block.DeletedBlockLogImpl (DeletedBlockLogImpl.java:isTransactionFailed(245)) - Got block deletion ACK from datanode, TXIDs=1, success=true
2019-09-02 06:31:18,743 [EventQueue-DeleteBlockStatusForDeletedBlockLogImpl] WARN  block.DeletedBlockLogImpl (DeletedBlockLogImpl.java:commitTransactions(205)) - Transaction txId=1 commit by dnId=3258574c-39ac-4ed5-9145-ea59a337c299 for containerID=#1 failed. Corresponding entry not found.
2019-09-02 06:31:18,743 [EventQueue-DeleteBlockStatusForDeletedBlockLogImpl] DEBUG block.DeletedBlockLogImpl (DeletedBlockLogImpl.java:isTransactionFailed(245)) - Got block deletion ACK from datanode, TXIDs=1, success=true
2019-09-02 06:31:18,743 [EventQueue-DeleteBlockStatusForDeletedBlockLogImpl] WARN  block.DeletedBlockLogImpl (DeletedBlockLogImpl.java:commitTransactions(205)) - Transaction txId=1 commit by dnId=3258574c-39ac-4ed5-9145-ea59a337c299 for containerID=#1 failed. Corresponding entry not found.
2019-09-02 06:31:18,743 [EventQueue-DeleteBlockStatusForDeletedBlockLogImpl] DEBUG block.DeletedBlockLogImpl (DeletedBlockLogImpl.java:isTransactionFailed(245)) - Got block deletion ACK from datanode, TXIDs=1, success=true
2019-09-02 06:31:18,743 [EventQueue-DeleteBlockStatusForDeletedBlockLogImpl] WARN  block.DeletedBlockLogImpl (DeletedBlockLogImpl.java:commitTransactions(205)) - Transaction txId=1 commit by dnId=3258574c-39ac-4ed5-9145-ea59a337c299 for containerID=#1 failed. Corresponding entry not found.
2019-09-02 06:31:18,743 [EventQueue-DeleteBlockStatusForDeletedBlockLogImpl] DEBUG block.DeletedBlockLogImpl (DeletedBlockLogImpl.java:isTransactionFailed(245)) - Got block deletion ACK from datanode, TXIDs=1, success=true
2019-09-02 06:31:18,743 [EventQueue-DeleteBlockStatusForDeletedBlockLogImpl] WARN  block.DeletedBlockLogImpl (DeletedBlockLogImpl.java:commitTransactions(205)) - Transaction txId=1 commit by dnId=3258574c-39ac-4ed5-9145-ea59a337c299 for containerID=#1 failed. Corresponding entry not found.
2019-09-02 06:31:18,743 [EventQueue-DeleteBlockStatusForDeletedBlockLogImpl] DEBUG block.DeletedBlockLogImpl (DeletedBlockLogImpl.java:isTransactionFailed(245)) - Got block deletion ACK from datanode, TXIDs=1, success=true
2019-09-02 06:31:18,743 [EventQueue-DeleteBlockStatusForDeletedBlockLogImpl] WARN  block.DeletedBlockLogImpl (DeletedBlockLogImpl.java:commitTransactions(205)) - Transaction txId=1 commit by dnId=3258574c-39ac-4ed5-9145-ea59a337c299 for containerID=#1 failed. Corresponding entry not found.
2019-09-02 06:31:18,743 [EventQueue-DeleteBlockStatusForDeletedBlockLogImpl] DEBUG block.DeletedBlockLogImpl (DeletedBlockLogImpl.java:isTransactionFailed(245)) - Got block deletion ACK from datanode, TXIDs=1, success=true
2019-09-02 06:31:18,743 [EventQueue-DeleteBlockStatusForDeletedBlockLogImpl] WARN  block.DeletedBlockLogImpl (DeletedBlockLogImpl.java:commitTransactions(205)) - Transaction txId=1 commit by dnId=3258574c-39ac-4ed5-9145-ea59a337c299 for containerID=#1 failed. Corresponding entry not found.
2019-09-02 06:31:18,743 [EventQueue-DeleteBlockStatusForDeletedBlockLogImpl] DEBUG block.DeletedBlockLogImpl (DeletedBlockLogImpl.java:isTransactionFailed(245)) - Got block deletion ACK from datanode, TXIDs=1, success=true
2019-09-02 06:31:18,744 [EventQueue-DeleteBlockStatusForDeletedBlockLogImpl] WARN  block.DeletedBlockLogImpl (DeletedBlockLogImpl.java:commitTransactions(205)) - Transaction txId=1 commit by dnId=3258574c-39ac-4ed5-9145-ea59a337c299 for containerID=#1 failed. Corresponding entry not found.
2019-09-02 06:31:18,744 [EventQueue-DeleteBlockStatusForDeletedBlockLogImpl] DEBUG block.DeletedBlockLogImpl (DeletedBlockLogImpl.java:isTransactionFailed(245)) - Got block deletion ACK from datanode, TXIDs=1, success=true
2019-09-02 06:31:18,744 [EventQueue-DeleteBlockStatusForDeletedBlockLogImpl] WARN  block.DeletedBlockLogImpl (DeletedBlockLogImpl.java:commitTransactions(205)) - Transaction txId=1 commit by dnId=3258574c-39ac-4ed5-9145-ea59a337c299 for containerID=#1 failed. Corresponding entry not found.
2019-09-02 06:31:18,744 [EventQueue-DeleteBlockStatusForDeletedBlockLogImpl] DEBUG block.DeletedBlockLogImpl (DeletedBlockLogImpl.java:isTransactionFailed(245)) - Got block deletion ACK from datanode, TXIDs=1, success=true
2019-09-02 06:31:18,744 [EventQueue-DeleteBlockStatusForDeletedBlockLogImpl] WARN  block.DeletedBlockLogImpl (DeletedBlockLogImpl.java:commitTransactions(205)) - Transaction txId=1 commit by dnId=3258574c-39ac-4ed5-9145-ea59a337c299 for containerID=#1 failed. Corresponding entry not found.
2019-09-02 06:31:18,744 [EventQueue-DeleteBlockStatusForDeletedBlockLogImpl] DEBUG block.DeletedBlockLogImpl (DeletedBlockLogImpl.java:isTransactionFailed(245)) - Got block deletion ACK from datanode, TXIDs=1, success=true
2019-09-02 06:31:18,744 [EventQueue-DeleteBlockStatusForDeletedBlockLogImpl] WARN  block.DeletedBlockLogImpl (DeletedBlockLogImpl.java:commitTransactions(205)) - Transaction txId=1 commit by dnId=3258574c-39ac-4ed5-9145-ea59a337c299 for containerID=#1 failed. Corresponding entry not found.
2019-09-02 06:31:18,744 [EventQueue-DeleteBlockStatusForDeletedBlockLogImpl] DEBUG block.DeletedBlockLogImpl (DeletedBlockLogImpl.java:isTransactionFailed(245)) - Got block deletion ACK from datanode, TXIDs=1, success=true
2019-09-02 06:31:18,744 [EventQueue-DeleteBlockStatusForDeletedBlockLogImpl] WARN  block.DeletedBlockLogImpl (DeletedBlockLogImpl.java:commitTransactions(205)) - Transaction txId=1 commit by dnId=3258574c-39ac-4ed5-9145-ea59a337c299 for containerID=#1 failed. Corresponding entry not found.
2019-09-02 06:31:18,744 [EventQueue-DeleteBlockStatusForDeletedBlockLogImpl] DEBUG block.DeletedBlockLogImpl (DeletedBlockLogImpl.java:isTransactionFailed(245)) - Got block deletion ACK from datanode, TXIDs=1, success=true
2019-09-02 06:31:18,744 [EventQueue-DeleteBlockStatusForDeletedBlockLogImpl] WARN  block.DeletedBlockLogImpl (DeletedBlockLogImpl.java:commitTransactions(205)) - Transaction txId=1 commit by dnId=3258574c-39ac-4ed5-9145-ea59a337c299 for containerID=#1 failed. Corresponding entry not found.
2019-09-02 06:31:18,744 [EventQueue-DeleteBlockStatusForDeletedBlockLogImpl] DEBUG block.DeletedBlockLogImpl (DeletedBlockLogImpl.java:isTransactionFailed(245)) - Got block deletion ACK from datanode, TXIDs=1, success=true
2019-09-02 06:31:18,744 [EventQueue-DeleteBlockStatusForDeletedBlockLogImpl] WARN  block.DeletedBlockLogImpl (DeletedBlockLogImpl.java:commitTransactions(205)) - Transaction txId=1 commit by dnId=3258574c-39ac-4ed5-9145-ea59a337c299 for containerID=#1 failed. Corresponding entry not found.
2019-09-02 06:31:18,744 [EventQueue-DeleteBlockStatusForDeletedBlockLogImpl] DEBUG block.DeletedBlockLogImpl (DeletedBlockLogImpl.java:isTransactionFailed(245)) - Got block deletion ACK from datanode, TXIDs=1, success=true
2019-09-02 06:31:18,745 [EventQueue-DeleteBlockStatusForDeletedBlockLogImpl] WARN  block.DeletedBlockLogImpl (DeletedBlockLogImpl.java:commitTransactions(205)) - Transaction txId=1 commit by dnId=3258574c-39ac-4ed5-9145-ea59a337c299 for containerID=#1 failed. Corresponding entry not found.
2019-09-02 06:31:18,745 [EventQueue-DeleteBlockStatusForDeletedBlockLogImpl] DEBUG block.DeletedBlockLogImpl (DeletedBlockLogImpl.java:isTransactionFailed(245)) - Got block deletion ACK from datanode, TXIDs=1, success=true
2019-09-02 06:31:18,745 [EventQueue-DeleteBlockStatusForDeletedBlockLogImpl] WARN  block.DeletedBlockLogImpl (DeletedBlockLogImpl.java:commitTransactions(205)) - Transaction txId=1 commit by dnId=3258574c-39ac-4ed5-9145-ea59a337c299 for containerID=#1 failed. Corresponding entry not found.
2019-09-02 06:31:18,745 [EventQueue-DeleteBlockStatusForDeletedBlockLogImpl] DEBUG block.DeletedBlockLogImpl (DeletedBlockLogImpl.java:isTransactionFailed(245)) - Got block deletion ACK from datanode, TXIDs=1, success=true
2019-09-02 06:31:18,745 [EventQueue-DeleteBlockStatusForDeletedBlockLogImpl] WARN  block.DeletedBlockLogImpl (DeletedBlockLogImpl.java:commitTransactions(205)) - Transaction txId=1 commit by dnId=3258574c-39ac-4ed5-9145-ea59a337c299 for containerID=#1 failed. Corresponding entry not found.
2019-09-02 06:31:18,745 [EventQueue-DeleteBlockStatusForDeletedBlockLogImpl] DEBUG block.DeletedBlockLogImpl (DeletedBlockLogImpl.java:isTransactionFailed(245)) - Got block deletion ACK from datanode, TXIDs=1, success=true
2019-09-02 06:31:18,745 [EventQueue-DeleteBlockStatusForDeletedBlockLogImpl] WARN  block.DeletedBlockLogImpl (DeletedBlockLogImpl.java:commitTransactions(205)) - Transaction txId=1 commit by dnId=3258574c-39ac-4ed5-9145-ea59a337c299 for containerID=#1 failed. Corresponding entry not found.
2019-09-02 06:31:18,745 [EventQueue-DeleteBlockStatusForDeletedBlockLogImpl] DEBUG block.DeletedBlockLogImpl (DeletedBlockLogImpl.java:isTransactionFailed(245)) - Got block deletion ACK from datanode, TXIDs=1, success=true
2019-09-02 06:31:18,745 [EventQueue-DeleteBlockStatusForDeletedBlockLogImpl] WARN  block.DeletedBlockLogImpl (DeletedBlockLogImpl.java:commitTransactions(205)) - Transaction txId=1 commit by dnId=3258574c-39ac-4ed5-9145-ea59a337c299 for containerID=#1 failed. Corresponding entry not found.
2019-09-02 06:31:18,745 [EventQueue-DeleteBlockStatusForDeletedBlockLogImpl] DEBUG block.DeletedBlockLogImpl (DeletedBlockLogImpl.java:isTransactionFailed(245)) - Got block deletion ACK from datanode, TXIDs=1, success=true
2019-09-02 06:31:18,745 [EventQueue-DeleteBlockStatusForDeletedBlockLogImpl] WARN  block.DeletedBlockLogImpl (DeletedBlockLogImpl.java:commitTransactions(205)) - Transaction txId=1 commit by dnId=3258574c-39ac-4ed5-9145-ea59a337c299 for containerID=#1 failed. Corresponding entry not found.
2019-09-02 06:31:18,745 [EventQueue-DeleteBlockStatusForDeletedBlockLogImpl] DEBUG block.DeletedBlockLogImpl (DeletedBlockLogImpl.java:isTransactionFailed(245)) - Got block deletion ACK from datanode, TXIDs=1, success=true
2019-09-02 06:31:18,745 [EventQueue-DeleteBlockStatusForDeletedBlockLogImpl] WARN  block.DeletedBlockLogImpl (DeletedBlockLogImpl.java:commitTransactions(205)) - Transaction txId=1 commit by dnId=3258574c-39ac-4ed5-9145-ea59a337c299 for containerID=#1 failed. Corresponding entry not found.
2019-09-02 06:31:18,746 [EventQueue-DeleteBlockStatusForDeletedBlockLogImpl] DEBUG block.DeletedBlockLogImpl (DeletedBlockLogImpl.java:isTransactionFailed(245)) - Got block deletion ACK from datanode, TXIDs=1, success=true
2019-09-02 06:31:18,746 [EventQueue-DeleteBlockStatusForDeletedBlockLogImpl] WARN  block.DeletedBlockLogImpl (DeletedBlockLogImpl.java:commitTransactions(205)) - Transaction txId=1 commit by dnId=3258574c-39ac-4ed5-9145-ea59a337c299 for containerID=#1 failed. Corresponding entry not found.
2019-09-02 06:31:18,746 [EventQueue-DeleteBlockStatusForDeletedBlockLogImpl] DEBUG block.DeletedBlockLogImpl (DeletedBlockLogImpl.java:isTransactionFailed(245)) - Got block deletion ACK from datanode, TXIDs=1, success=true
2019-09-02 06:31:18,746 [EventQueue-DeleteBlockStatusForDeletedBlockLogImpl] WARN  block.DeletedBlockLogImpl (DeletedBlockLogImpl.java:commitTransactions(205)) - Transaction txId=1 commit by dnId=3258574c-39ac-4ed5-9145-ea59a337c299 for containerID=#1 failed. Corresponding entry not found.
2019-09-02 06:31:18,746 [EventQueue-DeleteBlockStatusForDeletedBlockLogImpl] DEBUG block.DeletedBlockLogImpl (DeletedBlockLogImpl.java:isTransactionFailed(245)) - Got block deletion ACK from datanode, TXIDs=1, success=true
2019-09-02 06:31:18,746 [EventQueue-DeleteBlockStatusForDeletedBlockLogImpl] WARN  block.DeletedBlockLogImpl (DeletedBlockLogImpl.java:commitTransactions(205)) - Transaction txId=1 commit by dnId=3258574c-39ac-4ed5-9145-ea59a337c299 for containerID=#1 failed. Corresponding entry not found.
2019-09-02 06:31:18,746 [EventQueue-DeleteBlockStatusForDeletedBlockLogImpl] DEBUG block.DeletedBlockLogImpl (DeletedBlockLogImpl.java:isTransactionFailed(245)) - Got block deletion ACK from datanode, TXIDs=1, success=true
2019-09-02 06:31:18,746 [EventQueue-DeleteBlockStatusForDeletedBlockLogImpl] WARN  block.DeletedBlockLogImpl (DeletedBlockLogImpl.java:commitTransactions(205)) - Transaction txId=1 commit by dnId=3258574c-39ac-4ed5-9145-ea59a337c299 for containerID=#1 failed. Corresponding entry not found.
2019-09-02 06:31:18,746 [EventQueue-DeleteBlockStatusForDeletedBlockLogImpl] DEBUG block.DeletedBlockLogImpl (DeletedBlockLogImpl.java:isTransactionFailed(245)) - Got block deletion ACK from datanode, TXIDs=1, success=true
2019-09-02 06:31:18,746 [EventQueue-DeleteBlockStatusForDeletedBlockLogImpl] WARN  block.DeletedBlockLogImpl (DeletedBlockLogImpl.java:commitTransactions(205)) - Transaction txId=1 commit by dnId=3258574c-39ac-4ed5-9145-ea59a337c299 for containerID=#1 failed. Corresponding entry not found.
2019-09-02 06:31:18,746 [EventQueue-DeleteBlockStatusForDeletedBlockLogImpl] DEBUG block.DeletedBlockLogImpl (DeletedBlockLogImpl.java:isTransactionFailed(245)) - Got block deletion ACK from datanode, TXIDs=1, success=true
2019-09-02 06:31:18,746 [EventQueue-DeleteBlockStatusForDeletedBlockLogImpl] WARN  block.DeletedBlockLogImpl (DeletedBlockLogImpl.java:commitTransactions(205)) - Transaction txId=1 commit by dnId=3258574c-39ac-4ed5-9145-ea59a337c299 for containerID=#1 failed. Corresponding entry not found.
2019-09-02 06:31:18,746 [EventQueue-DeleteBlockStatusForDeletedBlockLogImpl] DEBUG block.DeletedBlockLogImpl (DeletedBlockLogImpl.java:isTransactionFailed(245)) - Got block deletion ACK from datanode, TXIDs=1, success=true
2019-09-02 06:31:18,746 [EventQueue-DeleteBlockStatusForDeletedBlockLogImpl] WARN  block.DeletedBlockLogImpl (DeletedBlockLogImpl.java:commitTransactions(205)) - Transaction txId=1 commit by dnId=3258574c-39ac-4ed5-9145-ea59a337c299 for containerID=#1 failed. Corresponding entry not found.
2019-09-02 06:31:18,747 [EventQueue-DeleteBlockStatusForDeletedBlockLogImpl] DEBUG block.DeletedBlockLogImpl (DeletedBlockLogImpl.java:isTransactionFailed(245)) - Got block deletion ACK from datanode, TXIDs=1, success=true
2019-09-02 06:31:18,747 [EventQueue-DeleteBlockStatusForDeletedBlockLogImpl] WARN  block.DeletedBlockLogImpl (DeletedBlockLogImpl.java:commitTransactions(205)) - Transaction txId=1 commit by dnId=3258574c-39ac-4ed5-9145-ea59a337c299 for containerID=#1 failed. Corresponding entry not found.
2019-09-02 06:31:18,747 [EventQueue-DeleteBlockStatusForDeletedBlockLogImpl] DEBUG block.DeletedBlockLogImpl (DeletedBlockLogImpl.java:isTransactionFailed(245)) - Got block deletion ACK from datanode, TXIDs=1, success=true
2019-09-02 06:31:18,747 [EventQueue-DeleteBlockStatusForDeletedBlockLogImpl] WARN  block.DeletedBlockLogImpl (DeletedBlockLogImpl.java:commitTransactions(205)) - Transaction txId=1 commit by dnId=3258574c-39ac-4ed5-9145-ea59a337c299 for containerID=#1 failed. Corresponding entry not found.
2019-09-02 06:31:18,747 [EventQueue-DeleteBlockStatusForDeletedBlockLogImpl] DEBUG block.DeletedBlockLogImpl (DeletedBlockLogImpl.java:isTransactionFailed(245)) - Got block deletion ACK from datanode, TXIDs=1, success=true
2019-09-02 06:31:18,747 [EventQueue-DeleteBlockStatusForDeletedBlockLogImpl] WARN  block.DeletedBlockLogImpl (DeletedBlockLogImpl.java:commitTransactions(205)) - Transaction txId=1 commit by dnId=3258574c-39ac-4ed5-9145-ea59a337c299 for containerID=#1 failed. Corresponding entry not found.
2019-09-02 06:31:18,747 [EventQueue-DeleteBlockStatusForDeletedBlockLogImpl] DEBUG block.DeletedBlockLogImpl (DeletedBlockLogImpl.java:isTransactionFailed(245)) - Got block deletion ACK from datanode, TXIDs=1, success=true
2019-09-02 06:31:18,747 [EventQueue-DeleteBlockStatusForDeletedBlockLogImpl] WARN  block.DeletedBlockLogImpl (DeletedBlockLogImpl.java:commitTransactions(205)) - Transaction txId=1 commit by dnId=3258574c-39ac-4ed5-9145-ea59a337c299 for containerID=#1 failed. Corresponding entry not found.
2019-09-02 06:31:18,747 [EventQueue-DeleteBlockStatusForDeletedBlockLogImpl] DEBUG block.DeletedBlockLogImpl (DeletedBlockLogImpl.java:isTransactionFailed(245)) - Got block deletion ACK from datanode, TXIDs=1, success=true
2019-09-02 06:31:18,747 [EventQueue-DeleteBlockStatusForDeletedBlockLogImpl] WARN  block.DeletedBlockLogImpl (DeletedBlockLogImpl.java:commitTransactions(205)) - Transaction txId=1 commit by dnId=3258574c-39ac-4ed5-9145-ea59a337c299 for containerID=#1 failed. Corresponding entry not found.
2019-09-02 06:31:18,747 [EventQueue-DeleteBlockStatusForDeletedBlockLogImpl] DEBUG block.DeletedBlockLogImpl (DeletedBlockLogImpl.java:isTransactionFailed(245)) - Got block deletion ACK from datanode, TXIDs=1, success=true
2019-09-02 06:31:18,747 [EventQueue-DeleteBlockStatusForDeletedBlockLogImpl] WARN  block.DeletedBlockLogImpl (DeletedBlockLogImpl.java:commitTransactions(205)) - Transaction txId=1 commit by dnId=3258574c-39ac-4ed5-9145-ea59a337c299 for containerID=#1 failed. Corresponding entry not found.
2019-09-02 06:31:18,747 [EventQueue-DeleteBlockStatusForDeletedBlockLogImpl] DEBUG block.DeletedBlockLogImpl (DeletedBlockLogImpl.java:isTransactionFailed(245)) - Got block deletion ACK from datanode, TXIDs=1, success=true
2019-09-02 06:31:18,747 [EventQueue-DeleteBlockStatusForDeletedBlockLogImpl] WARN  block.DeletedBlockLogImpl (DeletedBlockLogImpl.java:commitTransactions(205)) - Transaction txId=1 commit by dnId=3258574c-39ac-4ed5-9145-ea59a337c299 for containerID=#1 failed. Corresponding entry not found.
2019-09-02 06:31:18,748 [EventQueue-DeleteBlockStatusForDeletedBlockLogImpl] DEBUG block.DeletedBlockLogImpl (DeletedBlockLogImpl.java:isTransactionFailed(245)) - Got block deletion ACK from datanode, TXIDs=1, success=true
2019-09-02 06:31:18,748 [EventQueue-DeleteBlockStatusForDeletedBlockLogImpl] WARN  block.DeletedBlockLogImpl (DeletedBlockLogImpl.java:commitTransactions(205)) - Transaction txId=1 commit by dnId=3258574c-39ac-4ed5-9145-ea59a337c299 for containerID=#1 failed. Corresponding entry not found.
2019-09-02 06:31:18,748 [EventQueue-DeleteBlockStatusForDeletedBlockLogImpl] DEBUG block.DeletedBlockLogImpl (DeletedBlockLogImpl.java:isTransactionFailed(245)) - Got block deletion ACK from datanode, TXIDs=1, success=true
2019-09-02 06:31:18,748 [EventQueue-DeleteBlockStatusForDeletedBlockLogImpl] WARN  block.DeletedBlockLogImpl (DeletedBlockLogImpl.java:commitTransactions(205)) - Transaction txId=1 commit by dnId=3258574c-39ac-4ed5-9145-ea59a337c299 for containerID=#1 failed. Corresponding entry not found.
2019-09-02 06:31:18,748 [EventQueue-DeleteBlockStatusForDeletedBlockLogImpl] DEBUG block.DeletedBlockLogImpl (DeletedBlockLogImpl.java:isTransactionFailed(245)) - Got block deletion ACK from datanode, TXIDs=1, success=true
2019-09-02 06:31:18,748 [EventQueue-DeleteBlockStatusForDeletedBlockLogImpl] WARN  block.DeletedBlockLogImpl (DeletedBlockLogImpl.java:commitTransactions(205)) - Transaction txId=1 commit by dnId=3258574c-39ac-4ed5-9145-ea59a337c299 for containerID=#1 failed. Corresponding entry not found.
2019-09-02 06:31:18,748 [EventQueue-DeleteBlockStatusForDeletedBlockLogImpl] DEBUG block.DeletedBlockLogImpl (DeletedBlockLogImpl.java:isTransactionFailed(245)) - Got block deletion ACK from datanode, TXIDs=1, success=true
2019-09-02 06:31:18,748 [EventQueue-DeleteBlockStatusForDeletedBlockLogImpl] WARN  block.DeletedBlockLogImpl (DeletedBlockLogImpl.java:commitTransactions(205)) - Transaction txId=1 commit by dnId=3258574c-39ac-4ed5-9145-ea59a337c299 for containerID=#1 failed. Corresponding entry not found.
2019-09-02 06:31:18,748 [EventQueue-DeleteBlockStatusForDeletedBlockLogImpl] DEBUG block.DeletedBlockLogImpl (DeletedBlockLogImpl.java:isTransactionFailed(245)) - Got block deletion ACK from datanode, TXIDs=1, success=true
2019-09-02 06:31:18,748 [EventQueue-DeleteBlockStatusForDeletedBlockLogImpl] WARN  block.DeletedBlockLogImpl (DeletedBlockLogImpl.java:commitTransactions(205)) - Transaction txId=1 commit by dnId=3258574c-39ac-4ed5-9145-ea59a337c299 for containerID=#1 failed. Corresponding entry not found.
2019-09-02 06:31:18,748 [EventQueue-DeleteBlockStatusForDeletedBlockLogImpl] DEBUG block.DeletedBlockLogImpl (DeletedBlockLogImpl.java:isTransactionFailed(245)) - Got block deletion ACK from datanode, TXIDs=1, success=true
2019-09-02 06:31:18,748 [EventQueue-DeleteBlockStatusForDeletedBlockLogImpl] WARN  block.DeletedBlockLogImpl (DeletedBlockLogImpl.java:commitTransactions(205)) - Transaction txId=1 commit by dnId=3258574c-39ac-4ed5-9145-ea59a337c299 for containerID=#1 failed. Corresponding entry not found.
2019-09-02 06:31:18,748 [EventQueue-DeleteBlockStatusForDeletedBlockLogImpl] DEBUG block.DeletedBlockLogImpl (DeletedBlockLogImpl.java:isTransactionFailed(245)) - Got block deletion ACK from datanode, TXIDs=1, success=true
2019-09-02 06:31:18,748 [EventQueue-DeleteBlockStatusForDeletedBlockLogImpl] WARN  block.DeletedBlockLogImpl (DeletedBlockLogImpl.java:commitTransactions(205)) - Transaction txId=1 commit by dnId=3258574c-39ac-4ed5-9145-ea59a337c299 for containerID=#1 failed. Corresponding entry not found.
2019-09-02 06:31:18,748 [EventQueue-DeleteBlockStatusForDeletedBlockLogImpl] DEBUG block.DeletedBlockLogImpl (DeletedBlockLogImpl.java:isTransactionFailed(245)) - Got block deletion ACK from datanode, TXIDs=1, success=true
2019-09-02 06:31:18,749 [EventQueue-DeleteBlockStatusForDeletedBlockLogImpl] WARN  block.DeletedBlockLogImpl (DeletedBlockLogImpl.java:commitTransactions(205)) - Transaction txId=1 commit by dnId=3258574c-39ac-4ed5-9145-ea59a337c299 for containerID=#1 failed. Corresponding entry not found.
2019-09-02 06:31:18,749 [EventQueue-DeleteBlockStatusForDeletedBlockLogImpl] DEBUG block.DeletedBlockLogImpl (DeletedBlockLogImpl.java:isTransactionFailed(245)) - Got block deletion ACK from datanode, TXIDs=1, success=true
2019-09-02 06:31:18,749 [EventQueue-DeleteBlockStatusForDeletedBlockLogImpl] WARN  block.DeletedBlockLogImpl (DeletedBlockLogImpl.java:commitTransactions(205)) - Transaction txId=1 commit by dnId=3258574c-39ac-4ed5-9145-ea59a337c299 for containerID=#1 failed. Corresponding entry not found.
2019-09-02 06:31:18,749 [EventQueue-DeleteBlockStatusForDeletedBlockLogImpl] DEBUG block.DeletedBlockLogImpl (DeletedBlockLogImpl.java:isTransactionFailed(245)) - Got block deletion ACK from datanode, TXIDs=1, success=true
2019-09-02 06:31:18,749 [EventQueue-DeleteBlockStatusForDeletedBlockLogImpl] WARN  block.DeletedBlockLogImpl (DeletedBlockLogImpl.java:commitTransactions(205)) - Transaction txId=1 commit by dnId=3258574c-39ac-4ed5-9145-ea59a337c299 for containerID=#1 failed. Corresponding entry not found.
2019-09-02 06:31:18,749 [EventQueue-DeleteBlockStatusForDeletedBlockLogImpl] DEBUG block.DeletedBlockLogImpl (DeletedBlockLogImpl.java:isTransactionFailed(245)) - Got block deletion ACK from datanode, TXIDs=1, success=true
2019-09-02 06:31:18,749 [EventQueue-DeleteBlockStatusForDeletedBlockLogImpl] WARN  block.DeletedBlockLogImpl (DeletedBlockLogImpl.java:commitTransactions(205)) - Transaction txId=1 commit by dnId=3258574c-39ac-4ed5-9145-ea59a337c299 for containerID=#1 failed. Corresponding entry not found.
2019-09-02 06:31:18,749 [EventQueue-DeleteBlockStatusForDeletedBlockLogImpl] DEBUG block.DeletedBlockLogImpl (DeletedBlockLogImpl.java:isTransactionFailed(245)) - Got block deletion ACK from datanode, TXIDs=1, success=true
2019-09-02 06:31:18,749 [EventQueue-DeleteBlockStatusForDeletedBlockLogImpl] WARN  block.DeletedBlockLogImpl (DeletedBlockLogImpl.java:commitTransactions(205)) - Transaction txId=1 commit by dnId=3258574c-39ac-4ed5-9145-ea59a337c299 for containerID=#1 failed. Corresponding entry not found.
2019-09-02 06:31:18,749 [EventQueue-DeleteBlockStatusForDeletedBlockLogImpl] DEBUG block.DeletedBlockLogImpl (DeletedBlockLogImpl.java:isTransactionFailed(245)) - Got block deletion ACK from datanode, TXIDs=1, success=true
2019-09-02 06:31:18,749 [EventQueue-DeleteBlockStatusForDeletedBlockLogImpl] WARN  block.DeletedBlockLogImpl (DeletedBlockLogImpl.java:commitTransactions(205)) - Transaction txId=1 commit by dnId=3258574c-39ac-4ed5-9145-ea59a337c299 for containerID=#1 failed. Corresponding entry not found.
2019-09-02 06:31:18,749 [EventQueue-DeleteBlockStatusForDeletedBlockLogImpl] DEBUG block.DeletedBlockLogImpl (DeletedBlockLogImpl.java:isTransactionFailed(245)) - Got block deletion ACK from datanode, TXIDs=1, success=true
2019-09-02 06:31:18,749 [EventQueue-DeleteBlockStatusForDeletedBlockLogImpl] WARN  block.DeletedBlockLogImpl (DeletedBlockLogImpl.java:commitTransactions(205)) - Transaction txId=1 commit by dnId=3258574c-39ac-4ed5-9145-ea59a337c299 for containerID=#1 failed. Corresponding entry not found.
2019-09-02 06:31:18,749 [EventQueue-DeleteBlockStatusForDeletedBlockLogImpl] DEBUG block.DeletedBlockLogImpl (DeletedBlockLogImpl.java:isTransactionFailed(245)) - Got block deletion ACK from datanode, TXIDs=1, success=true
2019-09-02 06:31:18,749 [EventQueue-DeleteBlockStatusForDeletedBlockLogImpl] WARN  block.DeletedBlockLogImpl (DeletedBlockLogImpl.java:commitTransactions(205)) - Transaction txId=1 commit by dnId=3258574c-39ac-4ed5-9145-ea59a337c299 for containerID=#1 failed. Corresponding entry not found.
2019-09-02 06:31:18,750 [EventQueue-DeleteBlockStatusForDeletedBlockLogImpl] DEBUG block.DeletedBlockLogImpl (DeletedBlockLogImpl.java:isTransactionFailed(245)) - Got block deletion ACK from datanode, TXIDs=1, success=true
2019-09-02 06:31:18,750 [EventQueue-DeleteBlockStatusForDeletedBlockLogImpl] WARN  block.DeletedBlockLogImpl (DeletedBlockLogImpl.java:commitTransactions(205)) - Transaction txId=1 commit by dnId=3258574c-39ac-4ed5-9145-ea59a337c299 for containerID=#1 failed. Corresponding entry not found.
2019-09-02 06:31:18,750 [EventQueue-DeleteBlockStatusForDeletedBlockLogImpl] DEBUG block.DeletedBlockLogImpl (DeletedBlockLogImpl.java:isTransactionFailed(245)) - Got block deletion ACK from datanode, TXIDs=1, success=true
2019-09-02 06:31:18,750 [EventQueue-DeleteBlockStatusForDeletedBlockLogImpl] WARN  block.DeletedBlockLogImpl (DeletedBlockLogImpl.java:commitTransactions(205)) - Transaction txId=1 commit by dnId=3258574c-39ac-4ed5-9145-ea59a337c299 for containerID=#1 failed. Corresponding entry not found.
2019-09-02 06:31:18,750 [EventQueue-DeleteBlockStatusForDeletedBlockLogImpl] DEBUG block.DeletedBlockLogImpl (DeletedBlockLogImpl.java:isTransactionFailed(245)) - Got block deletion ACK from datanode, TXIDs=1, success=true
2019-09-02 06:31:18,750 [EventQueue-DeleteBlockStatusForDeletedBlockLogImpl] WARN  block.DeletedBlockLogImpl (DeletedBlockLogImpl.java:commitTransactions(205)) - Transaction txId=1 commit by dnId=3258574c-39ac-4ed5-9145-ea59a337c299 for containerID=#1 failed. Corresponding entry not found.
2019-09-02 06:31:18,750 [EventQueue-DeleteBlockStatusForDeletedBlockLogImpl] DEBUG block.DeletedBlockLogImpl (DeletedBlockLogImpl.java:isTransactionFailed(245)) - Got block deletion ACK from datanode, TXIDs=1, success=true
2019-09-02 06:31:18,750 [EventQueue-DeleteBlockStatusForDeletedBlockLogImpl] WARN  block.DeletedBlockLogImpl (DeletedBlockLogImpl.java:commitTransactions(205)) - Transaction txId=1 commit by dnId=3258574c-39ac-4ed5-9145-ea59a337c299 for containerID=#1 failed. Corresponding entry not found.
2019-09-02 06:31:18,750 [EventQueue-DeleteBlockStatusForDeletedBlockLogImpl] DEBUG block.DeletedBlockLogImpl (DeletedBlockLogImpl.java:isTransactionFailed(245)) - Got block deletion ACK from datanode, TXIDs=1, success=true
2019-09-02 06:31:18,750 [EventQueue-DeleteBlockStatusForDeletedBlockLogImpl] WARN  block.DeletedBlockLogImpl (DeletedBlockLogImpl.java:commitTransactions(205)) - Transaction txId=1 commit by dnId=3258574c-39ac-4ed5-9145-ea59a337c299 for containerID=#1 failed. Corresponding entry not found.
2019-09-02 06:31:18,777 [pool-7-thread-3] INFO  commands.RetriableDatanodeEventWatcher (RetriableDatanodeEventWatcher.java:onTimeout(47)) - RetriableDatanodeCommand type=deleteBlocksCommand with id=1567405864630 timed out. Retrying.
2019-09-02 06:31:18,789 [SCMBlockDeletingService#1] DEBUG block.SCMBlockDeletingService (SCMBlockDeletingService.java:call(138)) - Running DeletedBlockTransactionScanner
2019-09-02 06:31:18,790 [SCMBlockDeletingService#1] DEBUG block.SCMBlockDeletingService (SCMBlockDeletingService.java:call(155)) - Scanned deleted blocks log and got 0 delTX to process.
2019-09-02 06:31:18,879 [pool-7-thread-3] INFO  commands.RetriableDatanodeEventWatcher (RetriableDatanodeEventWatcher.java:onTimeout(47)) - RetriableDatanodeCommand type=deleteBlocksCommand with id=1567405864631 timed out. Retrying.
2019-09-02 06:31:18,890 [SCMBlockDeletingService#1] DEBUG block.SCMBlockDeletingService (SCMBlockDeletingService.java:call(138)) - Running DeletedBlockTransactionScanner
2019-09-02 06:31:18,890 [SCMBlockDeletingService#1] DEBUG block.SCMBlockDeletingService (SCMBlockDeletingService.java:call(155)) - Scanned deleted blocks log and got 0 delTX to process.
2019-09-02 06:31:18,917 [IPC Server handler 9 on 46403] WARN  block.DeletedBlockLogImpl (DeletedBlockLogImpl.java:incrementCount(141)) - Deleted TXID not found.
2019-09-02 06:31:18,917 [IPC Server handler 9 on 46403] WARN  block.DeletedBlockLogImpl (DeletedBlockLogImpl.java:incrementCount(141)) - Deleted TXID not found.
2019-09-02 06:31:18,917 [IPC Server handler 9 on 46403] WARN  block.DeletedBlockLogImpl (DeletedBlockLogImpl.java:incrementCount(141)) - Deleted TXID not found.
2019-09-02 06:31:18,917 [EventQueue-DeleteBlockStatusForEventWatcher$$Lambda$30/27362884] WARN  events.EventWatcher (EventWatcher.java:lambda$start$0(110)) - Completion event without active lease. Id=1567405864579
2019-09-02 06:31:18,917 [EventQueue-DeleteBlockStatusForDeletedBlockLogImpl] DEBUG block.DeletedBlockLogImpl (DeletedBlockLogImpl.java:isTransactionFailed(245)) - Got block deletion ACK from datanode, TXIDs=1, success=true
2019-09-02 06:31:18,917 [EventQueue-DeleteBlockStatusForEventWatcher$$Lambda$30/27362884] WARN  events.EventWatcher (EventWatcher.java:lambda$start$0(110)) - Completion event without active lease. Id=1567405864578
2019-09-02 06:31:18,917 [EventQueue-DeleteBlockStatusForDeletedBlockLogImpl] WARN  block.DeletedBlockLogImpl (DeletedBlockLogImpl.java:commitTransactions(205)) - Transaction txId=1 commit by dnId=3258574c-39ac-4ed5-9145-ea59a337c299 for containerID=#1 failed. Corresponding entry not found.
2019-09-02 06:31:18,918 [EventQueue-DeleteBlockStatusForEventWatcher$$Lambda$30/27362884] WARN  events.EventWatcher (EventWatcher.java:lambda$start$0(110)) - Completion event without active lease. Id=1567405864588
2019-09-02 06:31:18,918 [IPC Server handler 9 on 46403] WARN  block.DeletedBlockLogImpl (DeletedBlockLogImpl.java:incrementCount(141)) - Deleted TXID not found.
2019-09-02 06:31:18,918 [EventQueue-DeleteBlockStatusForEventWatcher$$Lambda$30/27362884] WARN  events.EventWatcher (EventWatcher.java:lambda$start$0(110)) - Completion event without active lease. Id=1567405864587
2019-09-02 06:31:18,918 [IPC Server handler 9 on 46403] WARN  block.DeletedBlockLogImpl (DeletedBlockLogImpl.java:incrementCount(141)) - Deleted TXID not found.
2019-09-02 06:31:18,918 [EventQueue-DeleteBlockStatusForEventWatcher$$Lambda$30/27362884] WARN  events.EventWatcher (EventWatcher.java:lambda$start$0(110)) - Completion event without active lease. Id=1567405864598
2019-09-02 06:31:18,918 [IPC Server handler 9 on 46403] WARN  block.DeletedBlockLogImpl (DeletedBlockLogImpl.java:incrementCount(141)) - Deleted TXID not found.
2019-09-02 06:31:18,918 [EventQueue-DeleteBlockStatusForEventWatcher$$Lambda$30/27362884] WARN  events.EventWatcher (EventWatcher.java:lambda$start$0(110)) - Completion event without active lease. Id=1567405864597
2019-09-02 06:31:18,919 [EventQueue-DeleteBlockStatusForDeletedBlockLogImpl] DEBUG block.DeletedBlockLogImpl (DeletedBlockLogImpl.java:isTransactionFailed(245)) - Got block deletion ACK from datanode, TXIDs=1, success=true
2019-09-02 06:31:18,919 [EventQueue-DeleteBlockStatusForEventWatcher$$Lambda$30/27362884] WARN  events.EventWatcher (EventWatcher.java:lambda$start$0(110)) - Completion event without active lease. Id=1567405864607
2019-09-02 06:31:18,919 [EventQueue-DeleteBlockStatusForDeletedBlockLogImpl] WARN  block.DeletedBlockLogImpl (DeletedBlockLogImpl.java:commitTransactions(205)) - Transaction txId=1 commit by dnId=3258574c-39ac-4ed5-9145-ea59a337c299 for containerID=#1 failed. Corresponding entry not found.
2019-09-02 06:31:18,919 [EventQueue-DeleteBlockStatusForEventWatcher$$Lambda$30/27362884] WARN  events.EventWatcher (EventWatcher.java:lambda$start$0(110)) - Completion event without active lease. Id=1567405864608
2019-09-02 06:31:18,919 [EventQueue-DeleteBlockStatusForDeletedBlockLogImpl] DEBUG block.DeletedBlockLogImpl (DeletedBlockLogImpl.java:isTransactionFailed(245)) - Got block deletion ACK from datanode, TXIDs=1, success=true
2019-09-02 06:31:18,919 [EventQueue-DeleteBlockStatusForEventWatcher$$Lambda$30/27362884] WARN  events.EventWatcher (EventWatcher.java:lambda$start$0(110)) - Completion event without active lease. Id=1567405864618
2019-09-02 06:31:18,919 [EventQueue-DeleteBlockStatusForDeletedBlockLogImpl] WARN  block.DeletedBlockLogImpl (DeletedBlockLogImpl.java:commitTransactions(205)) - Transaction txId=1 commit by dnId=3258574c-39ac-4ed5-9145-ea59a337c299 for containerID=#1 failed. Corresponding entry not found.
2019-09-02 06:31:18,919 [EventQueue-DeleteBlockStatusForEventWatcher$$Lambda$30/27362884] WARN  events.EventWatcher (EventWatcher.java:lambda$start$0(110)) - Completion event without active lease. Id=1567405864617
2019-09-02 06:31:18,920 [EventQueue-DeleteBlockStatusForDeletedBlockLogImpl] DEBUG block.DeletedBlockLogImpl (DeletedBlockLogImpl.java:isTransactionFailed(245)) - Got block deletion ACK from datanode, TXIDs=1, success=true
2019-09-02 06:31:18,920 [EventQueue-DeleteBlockStatusForEventWatcher$$Lambda$30/27362884] WARN  events.EventWatcher (EventWatcher.java:lambda$start$0(110)) - Completion event without active lease. Id=1567405864626
2019-09-02 06:31:18,920 [EventQueue-DeleteBlockStatusForDeletedBlockLogImpl] WARN  block.DeletedBlockLogImpl (DeletedBlockLogImpl.java:commitTransactions(205)) - Transaction txId=1 commit by dnId=3258574c-39ac-4ed5-9145-ea59a337c299 for containerID=#1 failed. Corresponding entry not found.
2019-09-02 06:31:18,920 [EventQueue-DeleteBlockStatusForEventWatcher$$Lambda$30/27362884] WARN  events.EventWatcher (EventWatcher.java:lambda$start$0(110)) - Completion event without active lease. Id=1567405864519
2019-09-02 06:31:18,920 [EventQueue-DeleteBlockStatusForDeletedBlockLogImpl] DEBUG block.DeletedBlockLogImpl (DeletedBlockLogImpl.java:isTransactionFailed(245)) - Got block deletion ACK from datanode, TXIDs=1, success=true
2019-09-02 06:31:18,920 [EventQueue-DeleteBlockStatusForEventWatcher$$Lambda$30/27362884] WARN  events.EventWatcher (EventWatcher.java:lambda$start$0(110)) - Completion event without active lease. Id=1567405864520
2019-09-02 06:31:18,920 [EventQueue-DeleteBlockStatusForDeletedBlockLogImpl] WARN  block.DeletedBlockLogImpl (DeletedBlockLogImpl.java:commitTransactions(205)) - Transaction txId=1 commit by dnId=3258574c-39ac-4ed5-9145-ea59a337c299 for containerID=#1 failed. Corresponding entry not found.
2019-09-02 06:31:18,920 [EventQueue-DeleteBlockStatusForEventWatcher$$Lambda$30/27362884] WARN  events.EventWatcher (EventWatcher.java:lambda$start$0(110)) - Completion event without active lease. Id=1567405864530
2019-09-02 06:31:18,920 [EventQueue-DeleteBlockStatusForDeletedBlockLogImpl] DEBUG block.DeletedBlockLogImpl (DeletedBlockLogImpl.java:isTransactionFailed(245)) - Got block deletion ACK from datanode, TXIDs=1, success=true
2019-09-02 06:31:18,921 [EventQueue-DeleteBlockStatusForEventWatcher$$Lambda$30/27362884] WARN  events.EventWatcher (EventWatcher.java:lambda$start$0(110)) - Completion event without active lease. Id=1567405864529
2019-09-02 06:31:18,921 [EventQueue-DeleteBlockStatusForDeletedBlockLogImpl] WARN  block.DeletedBlockLogImpl (DeletedBlockLogImpl.java:commitTransactions(205)) - Transaction txId=1 commit by dnId=3258574c-39ac-4ed5-9145-ea59a337c299 for containerID=#1 failed. Corresponding entry not found.
2019-09-02 06:31:18,921 [EventQueue-DeleteBlockStatusForEventWatcher$$Lambda$30/27362884] WARN  events.EventWatcher (EventWatcher.java:lambda$start$0(110)) - Completion event without active lease. Id=1567405864540
2019-09-02 06:31:18,921 [EventQueue-DeleteBlockStatusForDeletedBlockLogImpl] DEBUG block.DeletedBlockLogImpl (DeletedBlockLogImpl.java:isTransactionFailed(245)) - Got block deletion ACK from datanode, TXIDs=1, success=true
2019-09-02 06:31:18,921 [EventQueue-DeleteBlockStatusForEventWatcher$$Lambda$30/27362884] WARN  events.EventWatcher (EventWatcher.java:lambda$start$0(110)) - Completion event without active lease. Id=1567405864539
2019-09-02 06:31:18,921 [EventQueue-DeleteBlockStatusForDeletedBlockLogImpl] WARN  block.DeletedBlockLogImpl (DeletedBlockLogImpl.java:commitTransactions(205)) - Transaction txId=1 commit by dnId=3258574c-39ac-4ed5-9145-ea59a337c299 for containerID=#1 failed. Corresponding entry not found.
2019-09-02 06:31:18,921 [EventQueue-DeleteBlockStatusForEventWatcher$$Lambda$30/27362884] WARN  events.EventWatcher (EventWatcher.java:lambda$start$0(110)) - Completion event without active lease. Id=1567405864550
2019-09-02 06:31:18,921 [EventQueue-DeleteBlockStatusForDeletedBlockLogImpl] DEBUG block.DeletedBlockLogImpl (DeletedBlockLogImpl.java:isTransactionFailed(245)) - Got block deletion ACK from datanode, TXIDs=1, success=true
2019-09-02 06:31:18,922 [EventQueue-DeleteBlockStatusForEventWatcher$$Lambda$30/27362884] WARN  events.EventWatcher (EventWatcher.java:lambda$start$0(110)) - Completion event without active lease. Id=1567405864549
2019-09-02 06:31:18,922 [EventQueue-DeleteBlockStatusForDeletedBlockLogImpl] WARN  block.DeletedBlockLogImpl (DeletedBlockLogImpl.java:commitTransactions(205)) - Transaction txId=1 commit by dnId=3258574c-39ac-4ed5-9145-ea59a337c299 for containerID=#1 failed. Corresponding entry not found.
2019-09-02 06:31:18,922 [EventQueue-DeleteBlockStatusForEventWatcher$$Lambda$30/27362884] WARN  events.EventWatcher (EventWatcher.java:lambda$start$0(110)) - Completion event without active lease. Id=1567405864559
2019-09-02 06:31:18,922 [EventQueue-DeleteBlockStatusForDeletedBlockLogImpl] DEBUG block.DeletedBlockLogImpl (DeletedBlockLogImpl.java:isTransactionFailed(245)) - Got block deletion ACK from datanode, TXIDs=1, success=true
2019-09-02 06:31:18,922 [EventQueue-DeleteBlockStatusForEventWatcher$$Lambda$30/27362884] WARN  events.EventWatcher (EventWatcher.java:lambda$start$0(110)) - Completion event without active lease. Id=1567405864560
2019-09-02 06:31:18,922 [EventQueue-DeleteBlockStatusForDeletedBlockLogImpl] WARN  block.DeletedBlockLogImpl (DeletedBlockLogImpl.java:commitTransactions(205)) - Transaction txId=1 commit by dnId=3258574c-39ac-4ed5-9145-ea59a337c299 for containerID=#1 failed. Corresponding entry not found.
2019-09-02 06:31:18,922 [EventQueue-DeleteBlockStatusForEventWatcher$$Lambda$30/27362884] WARN  events.EventWatcher (EventWatcher.java:lambda$start$0(110)) - Completion event without active lease. Id=1567405864569
2019-09-02 06:31:18,922 [EventQueue-DeleteBlockStatusForDeletedBlockLogImpl] DEBUG block.DeletedBlockLogImpl (DeletedBlockLogImpl.java:isTransactionFailed(245)) - Got block deletion ACK from datanode, TXIDs=1, success=true
2019-09-02 06:31:18,922 [EventQueue-DeleteBlockStatusForEventWatcher$$Lambda$30/27362884] WARN  events.EventWatcher (EventWatcher.java:lambda$start$0(110)) - Completion event without active lease. Id=1567405864568
2019-09-02 06:31:18,923 [EventQueue-DeleteBlockStatusForDeletedBlockLogImpl] WARN  block.DeletedBlockLogImpl (DeletedBlockLogImpl.java:commitTransactions(205)) - Transaction txId=1 commit by dnId=3258574c-39ac-4ed5-9145-ea59a337c299 for containerID=#1 failed. Corresponding entry not found.
2019-09-02 06:31:18,923 [EventQueue-DeleteBlockStatusForEventWatcher$$Lambda$30/27362884] WARN  events.EventWatcher (EventWatcher.java:lambda$start$0(110)) - Completion event without active lease. Id=1567405864501
2019-09-02 06:31:18,923 [EventQueue-DeleteBlockStatusForDeletedBlockLogImpl] DEBUG block.DeletedBlockLogImpl (DeletedBlockLogImpl.java:isTransactionFailed(245)) - Got block deletion ACK from datanode, TXIDs=1, success=true
2019-09-02 06:31:18,923 [EventQueue-DeleteBlockStatusForDeletedBlockLogImpl] WARN  block.DeletedBlockLogImpl (DeletedBlockLogImpl.java:commitTransactions(205)) - Transaction txId=1 commit by dnId=3258574c-39ac-4ed5-9145-ea59a337c299 for containerID=#1 failed. Corresponding entry not found.
2019-09-02 06:31:18,923 [EventQueue-DeleteBlockStatusForEventWatcher$$Lambda$30/27362884] WARN  events.EventWatcher (EventWatcher.java:lambda$start$0(110)) - Completion event without active lease. Id=1567405864510
2019-09-02 06:31:18,923 [EventQueue-DeleteBlockStatusForDeletedBlockLogImpl] DEBUG block.DeletedBlockLogImpl (DeletedBlockLogImpl.java:isTransactionFailed(245)) - Got block deletion ACK from datanode, TXIDs=1, success=true
2019-09-02 06:31:18,923 [EventQueue-DeleteBlockStatusForEventWatcher$$Lambda$30/27362884] WARN  events.EventWatcher (EventWatcher.java:lambda$start$0(110)) - Completion event without active lease. Id=1567405864509
2019-09-02 06:31:18,924 [EventQueue-DeleteBlockStatusForDeletedBlockLogImpl] WARN  block.DeletedBlockLogImpl (DeletedBlockLogImpl.java:commitTransactions(205)) - Transaction txId=1 commit by dnId=3258574c-39ac-4ed5-9145-ea59a337c299 for containerID=#1 failed. Corresponding entry not found.
2019-09-02 06:31:18,924 [EventQueue-DeleteBlockStatusForDeletedBlockLogImpl] DEBUG block.DeletedBlockLogImpl (DeletedBlockLogImpl.java:isTransactionFailed(245)) - Got block deletion ACK from datanode, TXIDs=1, success=true
2019-09-02 06:31:18,924 [EventQueue-DeleteBlockStatusForDeletedBlockLogImpl] WARN  block.DeletedBlockLogImpl (DeletedBlockLogImpl.java:commitTransactions(205)) - Transaction txId=1 commit by dnId=3258574c-39ac-4ed5-9145-ea59a337c299 for containerID=#1 failed. Corresponding entry not found.
2019-09-02 06:31:18,924 [EventQueue-DeleteBlockStatusForDeletedBlockLogImpl] DEBUG block.DeletedBlockLogImpl (DeletedBlockLogImpl.java:isTransactionFailed(245)) - Got block deletion ACK from datanode, TXIDs=1, success=true
2019-09-02 06:31:18,924 [EventQueue-DeleteBlockStatusForDeletedBlockLogImpl] WARN  block.DeletedBlockLogImpl (DeletedBlockLogImpl.java:commitTransactions(205)) - Transaction txId=1 commit by dnId=3258574c-39ac-4ed5-9145-ea59a337c299 for containerID=#1 failed. Corresponding entry not found.
2019-09-02 06:31:18,924 [EventQueue-DeleteBlockStatusForDeletedBlockLogImpl] DEBUG block.DeletedBlockLogImpl (DeletedBlockLogImpl.java:isTransactionFailed(245)) - Got block deletion ACK from datanode, TXIDs=1, success=true
2019-09-02 06:31:18,924 [EventQueue-DeleteBlockStatusForDeletedBlockLogImpl] WARN  block.DeletedBlockLogImpl (DeletedBlockLogImpl.java:commitTransactions(205)) - Transaction txId=1 commit by dnId=3258574c-39ac-4ed5-9145-ea59a337c299 for containerID=#1 failed. Corresponding entry not found.
2019-09-02 06:31:18,924 [EventQueue-DeleteBlockStatusForDeletedBlockLogImpl] DEBUG block.DeletedBlockLogImpl (DeletedBlockLogImpl.java:isTransactionFailed(245)) - Got block deletion ACK from datanode, TXIDs=1, success=true
2019-09-02 06:31:18,925 [EventQueue-DeleteBlockStatusForDeletedBlockLogImpl] WARN  block.DeletedBlockLogImpl (DeletedBlockLogImpl.java:commitTransactions(205)) - Transaction txId=1 commit by dnId=3258574c-39ac-4ed5-9145-ea59a337c299 for containerID=#1 failed. Corresponding entry not found.
2019-09-02 06:31:18,925 [EventQueue-DeleteBlockStatusForDeletedBlockLogImpl] DEBUG block.DeletedBlockLogImpl (DeletedBlockLogImpl.java:isTransactionFailed(245)) - Got block deletion ACK from datanode, TXIDs=1, success=true
2019-09-02 06:31:18,925 [EventQueue-DeleteBlockStatusForDeletedBlockLogImpl] WARN  block.DeletedBlockLogImpl (DeletedBlockLogImpl.java:commitTransactions(205)) - Transaction txId=1 commit by dnId=3258574c-39ac-4ed5-9145-ea59a337c299 for containerID=#1 failed. Corresponding entry not found.
2019-09-02 06:31:18,925 [EventQueue-DeleteBlockStatusForDeletedBlockLogImpl] DEBUG block.DeletedBlockLogImpl (DeletedBlockLogImpl.java:isTransactionFailed(245)) - Got block deletion ACK from datanode, TXIDs=1, success=true
2019-09-02 06:31:18,925 [EventQueue-DeleteBlockStatusForDeletedBlockLogImpl] WARN  block.DeletedBlockLogImpl (DeletedBlockLogImpl.java:commitTransactions(205)) - Transaction txId=1 commit by dnId=3258574c-39ac-4ed5-9145-ea59a337c299 for containerID=#1 failed. Corresponding entry not found.
2019-09-02 06:31:18,925 [EventQueue-DeleteBlockStatusForDeletedBlockLogImpl] DEBUG block.DeletedBlockLogImpl (DeletedBlockLogImpl.java:isTransactionFailed(245)) - Got block deletion ACK from datanode, TXIDs=1, success=true
2019-09-02 06:31:18,925 [EventQueue-DeleteBlockStatusForDeletedBlockLogImpl] WARN  block.DeletedBlockLogImpl (DeletedBlockLogImpl.java:commitTransactions(205)) - Transaction txId=1 commit by dnId=3258574c-39ac-4ed5-9145-ea59a337c299 for containerID=#1 failed. Corresponding entry not found.
2019-09-02 06:31:18,925 [EventQueue-DeleteBlockStatusForDeletedBlockLogImpl] DEBUG block.DeletedBlockLogImpl (DeletedBlockLogImpl.java:isTransactionFailed(245)) - Got block deletion ACK from datanode, TXIDs=1, success=true
2019-09-02 06:31:18,925 [EventQueue-DeleteBlockStatusForDeletedBlockLogImpl] WARN  block.DeletedBlockLogImpl (DeletedBlockLogImpl.java:commitTransactions(205)) - Transaction txId=1 commit by dnId=3258574c-39ac-4ed5-9145-ea59a337c299 for containerID=#1 failed. Corresponding entry not found.
2019-09-02 06:31:18,925 [EventQueue-DeleteBlockStatusForDeletedBlockLogImpl] DEBUG block.DeletedBlockLogImpl (DeletedBlockLogImpl.java:isTransactionFailed(245)) - Got block deletion ACK from datanode, TXIDs=1, success=true
2019-09-02 06:31:18,926 [EventQueue-DeleteBlockStatusForDeletedBlockLogImpl] WARN  block.DeletedBlockLogImpl (DeletedBlockLogImpl.java:commitTransactions(205)) - Transaction txId=1 commit by dnId=3258574c-39ac-4ed5-9145-ea59a337c299 for containerID=#1 failed. Corresponding entry not found.
2019-09-02 06:31:18,926 [EventQueue-DeleteBlockStatusForDeletedBlockLogImpl] DEBUG block.DeletedBlockLogImpl (DeletedBlockLogImpl.java:isTransactionFailed(245)) - Got block deletion ACK from datanode, TXIDs=1, success=true
2019-09-02 06:31:18,926 [EventQueue-DeleteBlockStatusForDeletedBlockLogImpl] WARN  block.DeletedBlockLogImpl (DeletedBlockLogImpl.java:commitTransactions(205)) - Transaction txId=1 commit by dnId=3258574c-39ac-4ed5-9145-ea59a337c299 for containerID=#1 failed. Corresponding entry not found.
2019-09-02 06:31:18,926 [EventQueue-DeleteBlockStatusForDeletedBlockLogImpl] DEBUG block.DeletedBlockLogImpl (DeletedBlockLogImpl.java:isTransactionFailed(245)) - Got block deletion ACK from datanode, TXIDs=1, success=true
2019-09-02 06:31:18,926 [EventQueue-DeleteBlockStatusForDeletedBlockLogImpl] WARN  block.DeletedBlockLogImpl (DeletedBlockLogImpl.java:commitTransactions(205)) - Transaction txId=1 commit by dnId=3258574c-39ac-4ed5-9145-ea59a337c299 for containerID=#1 failed. Corresponding entry not found.
2019-09-02 06:31:18,926 [EventQueue-DeleteBlockStatusForDeletedBlockLogImpl] DEBUG block.DeletedBlockLogImpl (DeletedBlockLogImpl.java:isTransactionFailed(245)) - Got block deletion ACK from datanode, TXIDs=1, success=true
2019-09-02 06:31:18,926 [EventQueue-DeleteBlockStatusForDeletedBlockLogImpl] WARN  block.DeletedBlockLogImpl (DeletedBlockLogImpl.java:commitTransactions(205)) - Transaction txId=1 commit by dnId=3258574c-39ac-4ed5-9145-ea59a337c299 for containerID=#1 failed. Corresponding entry not found.
2019-09-02 06:31:18,926 [EventQueue-DeleteBlockStatusForDeletedBlockLogImpl] DEBUG block.DeletedBlockLogImpl (DeletedBlockLogImpl.java:isTransactionFailed(245)) - Got block deletion ACK from datanode, TXIDs=1, success=true
2019-09-02 06:31:18,926 [EventQueue-DeleteBlockStatusForDeletedBlockLogImpl] WARN  block.DeletedBlockLogImpl (DeletedBlockLogImpl.java:commitTransactions(205)) - Transaction txId=1 commit by dnId=3258574c-39ac-4ed5-9145-ea59a337c299 for containerID=#1 failed. Corresponding entry not found.
2019-09-02 06:31:18,927 [EventQueue-DeleteBlockStatusForDeletedBlockLogImpl] DEBUG block.DeletedBlockLogImpl (DeletedBlockLogImpl.java:isTransactionFailed(245)) - Got block deletion ACK from datanode, TXIDs=1, success=true
2019-09-02 06:31:18,927 [EventQueue-DeleteBlockStatusForDeletedBlockLogImpl] WARN  block.DeletedBlockLogImpl (DeletedBlockLogImpl.java:commitTransactions(205)) - Transaction txId=1 commit by dnId=3258574c-39ac-4ed5-9145-ea59a337c299 for containerID=#1 failed. Corresponding entry not found.
2019-09-02 06:31:18,927 [EventQueue-DeleteBlockStatusForDeletedBlockLogImpl] DEBUG block.DeletedBlockLogImpl (DeletedBlockLogImpl.java:isTransactionFailed(245)) - Got block deletion ACK from datanode, TXIDs=1, success=true
2019-09-02 06:31:18,927 [EventQueue-DeleteBlockStatusForDeletedBlockLogImpl] WARN  block.DeletedBlockLogImpl (DeletedBlockLogImpl.java:commitTransactions(205)) - Transaction txId=1 commit by dnId=3258574c-39ac-4ed5-9145-ea59a337c299 for containerID=#1 failed. Corresponding entry not found.
2019-09-02 06:31:18,927 [EventQueue-DeleteBlockStatusForDeletedBlockLogImpl] DEBUG block.DeletedBlockLogImpl (DeletedBlockLogImpl.java:isTransactionFailed(245)) - Got block deletion ACK from datanode, TXIDs=1, success=true
2019-09-02 06:31:18,927 [EventQueue-DeleteBlockStatusForDeletedBlockLogImpl] WARN  block.DeletedBlockLogImpl (DeletedBlockLogImpl.java:commitTransactions(205)) - Transaction txId=1 commit by dnId=3258574c-39ac-4ed5-9145-ea59a337c299 for containerID=#1 failed. Corresponding entry not found.
2019-09-02 06:31:18,927 [EventQueue-DeleteBlockStatusForDeletedBlockLogImpl] DEBUG block.DeletedBlockLogImpl (DeletedBlockLogImpl.java:isTransactionFailed(245)) - Got block deletion ACK from datanode, TXIDs=1, success=true
2019-09-02 06:31:18,927 [EventQueue-DeleteBlockStatusForDeletedBlockLogImpl] WARN  block.DeletedBlockLogImpl (DeletedBlockLogImpl.java:commitTransactions(205)) - Transaction txId=1 commit by dnId=3258574c-39ac-4ed5-9145-ea59a337c299 for containerID=#1 failed. Corresponding entry not found.
2019-09-02 06:31:18,927 [EventQueue-DeleteBlockStatusForDeletedBlockLogImpl] DEBUG block.DeletedBlockLogImpl (DeletedBlockLogImpl.java:isTransactionFailed(245)) - Got block deletion ACK from datanode, TXIDs=1, success=true
2019-09-02 06:31:18,927 [EventQueue-DeleteBlockStatusForDeletedBlockLogImpl] WARN  block.DeletedBlockLogImpl (DeletedBlockLogImpl.java:commitTransactions(205)) - Transaction txId=1 commit by dnId=3258574c-39ac-4ed5-9145-ea59a337c299 for containerID=#1 failed. Corresponding entry not found.
2019-09-02 06:31:18,928 [EventQueue-DeleteBlockStatusForDeletedBlockLogImpl] DEBUG block.DeletedBlockLogImpl (DeletedBlockLogImpl.java:isTransactionFailed(245)) - Got block deletion ACK from datanode, TXIDs=1, success=true
2019-09-02 06:31:18,928 [EventQueue-DeleteBlockStatusForDeletedBlockLogImpl] WARN  block.DeletedBlockLogImpl (DeletedBlockLogImpl.java:commitTransactions(205)) - Transaction txId=1 commit by dnId=3258574c-39ac-4ed5-9145-ea59a337c299 for containerID=#1 failed. Corresponding entry not found.
2019-09-02 06:31:18,928 [EventQueue-DeleteBlockStatusForDeletedBlockLogImpl] DEBUG block.DeletedBlockLogImpl (DeletedBlockLogImpl.java:isTransactionFailed(245)) - Got block deletion ACK from datanode, TXIDs=1, success=true
2019-09-02 06:31:18,928 [EventQueue-DeleteBlockStatusForDeletedBlockLogImpl] WARN  block.DeletedBlockLogImpl (DeletedBlockLogImpl.java:commitTransactions(205)) - Transaction txId=1 commit by dnId=3258574c-39ac-4ed5-9145-ea59a337c299 for containerID=#1 failed. Corresponding entry not found.
2019-09-02 06:31:18,928 [EventQueue-DeleteBlockStatusForDeletedBlockLogImpl] DEBUG block.DeletedBlockLogImpl (DeletedBlockLogImpl.java:isTransactionFailed(245)) - Got block deletion ACK from datanode, TXIDs=1, success=true
2019-09-02 06:31:18,928 [EventQueue-DeleteBlockStatusForDeletedBlockLogImpl] WARN  block.DeletedBlockLogImpl (DeletedBlockLogImpl.java:commitTransactions(205)) - Transaction txId=1 commit by dnId=3258574c-39ac-4ed5-9145-ea59a337c299 for containerID=#1 failed. Corresponding entry not found.
2019-09-02 06:31:18,928 [EventQueue-DeleteBlockStatusForDeletedBlockLogImpl] DEBUG block.DeletedBlockLogImpl (DeletedBlockLogImpl.java:isTransactionFailed(245)) - Got block deletion ACK from datanode, TXIDs=1, success=true
2019-09-02 06:31:18,928 [EventQueue-DeleteBlockStatusForDeletedBlockLogImpl] WARN  block.DeletedBlockLogImpl (DeletedBlockLogImpl.java:commitTransactions(205)) - Transaction txId=1 commit by dnId=3258574c-39ac-4ed5-9145-ea59a337c299 for containerID=#1 failed. Corresponding entry not found.
2019-09-02 06:31:18,928 [EventQueue-DeleteBlockStatusForDeletedBlockLogImpl] DEBUG block.DeletedBlockLogImpl (DeletedBlockLogImpl.java:isTransactionFailed(245)) - Got block deletion ACK from datanode, TXIDs=1, success=true
2019-09-02 06:31:18,928 [EventQueue-DeleteBlockStatusForDeletedBlockLogImpl] WARN  block.DeletedBlockLogImpl (DeletedBlockLogImpl.java:commitTransactions(205)) - Transaction txId=1 commit by dnId=3258574c-39ac-4ed5-9145-ea59a337c299 for containerID=#1 failed. Corresponding entry not found.
2019-09-02 06:31:18,929 [EventQueue-DeleteBlockStatusForDeletedBlockLogImpl] DEBUG block.DeletedBlockLogImpl (DeletedBlockLogImpl.java:isTransactionFailed(245)) - Got block deletion ACK from datanode, TXIDs=1, success=true
2019-09-02 06:31:18,929 [EventQueue-DeleteBlockStatusForDeletedBlockLogImpl] WARN  block.DeletedBlockLogImpl (DeletedBlockLogImpl.java:commitTransactions(205)) - Transaction txId=1 commit by dnId=3258574c-39ac-4ed5-9145-ea59a337c299 for containerID=#1 failed. Corresponding entry not found.
2019-09-02 06:31:18,929 [EventQueue-DeleteBlockStatusForDeletedBlockLogImpl] DEBUG block.DeletedBlockLogImpl (DeletedBlockLogImpl.java:isTransactionFailed(245)) - Got block deletion ACK from datanode, TXIDs=1, success=true
2019-09-02 06:31:18,929 [EventQueue-DeleteBlockStatusForDeletedBlockLogImpl] WARN  block.DeletedBlockLogImpl (DeletedBlockLogImpl.java:commitTransactions(205)) - Transaction txId=1 commit by dnId=3258574c-39ac-4ed5-9145-ea59a337c299 for containerID=#1 failed. Corresponding entry not found.
2019-09-02 06:31:18,991 [SCMBlockDeletingService#1] DEBUG block.SCMBlockDeletingService (SCMBlockDeletingService.java:call(138)) - Running DeletedBlockTransactionScanner
2019-09-02 06:31:18,991 [SCMBlockDeletingService#1] DEBUG block.SCMBlockDeletingService (SCMBlockDeletingService.java:call(155)) - Scanned deleted blocks log and got 0 delTX to process.
2019-09-02 06:31:19,091 [SCMBlockDeletingService#1] DEBUG block.SCMBlockDeletingService (SCMBlockDeletingService.java:call(138)) - Running DeletedBlockTransactionScanner
2019-09-02 06:31:19,092 [SCMBlockDeletingService#1] DEBUG block.SCMBlockDeletingService (SCMBlockDeletingService.java:call(155)) - Scanned deleted blocks log and got 0 delTX to process.
2019-09-02 06:31:19,192 [SCMBlockDeletingService#1] DEBUG block.SCMBlockDeletingService (SCMBlockDeletingService.java:call(138)) - Running DeletedBlockTransactionScanner
2019-09-02 06:31:19,192 [SCMBlockDeletingService#1] DEBUG block.SCMBlockDeletingService (SCMBlockDeletingService.java:call(155)) - Scanned deleted blocks log and got 0 delTX to process.
2019-09-02 06:31:19,293 [SCMBlockDeletingService#1] DEBUG block.SCMBlockDeletingService (SCMBlockDeletingService.java:call(138)) - Running DeletedBlockTransactionScanner
2019-09-02 06:31:19,293 [SCMBlockDeletingService#1] DEBUG block.SCMBlockDeletingService (SCMBlockDeletingService.java:call(155)) - Scanned deleted blocks log and got 0 delTX to process.
2019-09-02 06:31:19,393 [SCMBlockDeletingService#1] DEBUG block.SCMBlockDeletingService (SCMBlockDeletingService.java:call(138)) - Running DeletedBlockTransactionScanner
2019-09-02 06:31:19,394 [SCMBlockDeletingService#1] DEBUG block.SCMBlockDeletingService (SCMBlockDeletingService.java:call(155)) - Scanned deleted blocks log and got 0 delTX to process.
2019-09-02 06:31:19,494 [SCMBlockDeletingService#1] DEBUG block.SCMBlockDeletingService (SCMBlockDeletingService.java:call(138)) - Running DeletedBlockTransactionScanner
2019-09-02 06:31:19,494 [SCMBlockDeletingService#1] DEBUG block.SCMBlockDeletingService (SCMBlockDeletingService.java:call(155)) - Scanned deleted blocks log and got 0 delTX to process.
2019-09-02 06:31:19,588 [pool-7-thread-3] INFO  commands.RetriableDatanodeEventWatcher (RetriableDatanodeEventWatcher.java:onTimeout(47)) - RetriableDatanodeCommand type=deleteBlocksCommand with id=1567405864638 timed out. Retrying.
2019-09-02 06:31:19,595 [SCMBlockDeletingService#1] DEBUG block.SCMBlockDeletingService (SCMBlockDeletingService.java:call(138)) - Running DeletedBlockTransactionScanner
2019-09-02 06:31:19,595 [SCMBlockDeletingService#1] DEBUG block.SCMBlockDeletingService (SCMBlockDeletingService.java:call(155)) - Scanned deleted blocks log and got 0 delTX to process.
2019-09-02 06:31:19,689 [pool-7-thread-3] INFO  commands.RetriableDatanodeEventWatcher (RetriableDatanodeEventWatcher.java:onTimeout(47)) - RetriableDatanodeCommand type=deleteBlocksCommand with id=1567405864639 timed out. Retrying.
2019-09-02 06:31:19,695 [SCMBlockDeletingService#1] DEBUG block.SCMBlockDeletingService (SCMBlockDeletingService.java:call(138)) - Running DeletedBlockTransactionScanner
2019-09-02 06:31:19,696 [SCMBlockDeletingService#1] DEBUG block.SCMBlockDeletingService (SCMBlockDeletingService.java:call(155)) - Scanned deleted blocks log and got 0 delTX to process.
2019-09-02 06:31:19,714 [Command processor thread] INFO  commandhandler.DeleteBlocksCommandHandler (DeleteBlocksCommandHandler.java:handle(106)) - Start to delete container blocks, TXIDs=[1(0),2(0),3(0)], numOfContainers=3, numOfBlocks=553
2019-09-02 06:31:19,716 [IPC Server handler 6 on 46403] WARN  block.DeletedBlockLogImpl (DeletedBlockLogImpl.java:incrementCount(141)) - Deleted TXID not found.
2019-09-02 06:31:19,716 [IPC Server handler 6 on 46403] WARN  block.DeletedBlockLogImpl (DeletedBlockLogImpl.java:incrementCount(141)) - Deleted TXID not found.
2019-09-02 06:31:19,716 [IPC Server handler 6 on 46403] WARN  block.DeletedBlockLogImpl (DeletedBlockLogImpl.java:incrementCount(141)) - Deleted TXID not found.
2019-09-02 06:31:19,716 [IPC Server handler 6 on 46403] WARN  block.DeletedBlockLogImpl (DeletedBlockLogImpl.java:incrementCount(141)) - Deleted TXID not found.
2019-09-02 06:31:19,716 [IPC Server handler 6 on 46403] WARN  block.DeletedBlockLogImpl (DeletedBlockLogImpl.java:incrementCount(141)) - Deleted TXID not found.
2019-09-02 06:31:19,717 [Command processor thread] INFO  commandhandler.DeleteBlocksCommandHandler (DeletedBlockLogImpl.java:incrementCount(141)) - Deleted TXID not found.
2019-09-02 06:31:19,717 [Command processor thread] INFO  commandhandler.DeleteBlocksCommandHandler (DeleteBlocksCommandHandler.java:handle(106)) - Start to delete container blocks, TXIDs=[1(0),2(0),3(0)], numOfContainers=3, numOfBlocks=553
2019-09-02 06:31:19,719 [Command processor thread] INFO  commandhandler.DeleteBlocksCommandHandler (DeleteBlocksCommandHandler.java:handle(106)) - Start to delete container blocks, TXIDs=[1(0),2(0),3(0)], numOfContainers=3, numOfBlocks=553
2019-09-02 06:31:19,721 [Command processor thread] INFO  commandhandler.DeleteBlocksCommandHandler (DeleteBlocksCommandHandler.java:handle(106)) - Start to delete container blocks, TXIDs=[1(0),2(0),3(0)], numOfContainers=3, numOfBlocks=553
2019-09-02 06:31:19,724 [Command processor thread] INFO  commandhandler.DeleteBlocksCommandHandler (DeleteBlocksCommandHandler.java:handle(106)) - Start to delete container blocks, TXIDs=[1(0),2(0),3(0)], numOfContainers=3, numOfBlocks=553
2019-09-02 06:31:19,725 [Command processor thread] INFO  commandhandler.DeleteBlocksCommandHandler (DeleteBlocksCommandHandler.java:handle(106)) - Start to delete container blocks, TXIDs=[1(0),2(0),3(0)], numOfContainers=3, numOfBlocks=553
2019-09-02 06:31:19,726 [Command processor thread] INFO  commandhandler.DeleteBlocksCommandHandler (DeleteBlocksCommandHandler.java:handle(106)) - Start to delete container blocks, TXIDs=[1(875),2(875),3(875)], numOfContainers=3, numOfBlocks=553
2019-09-02 06:31:19,728 [Command processor thread] INFO  commandhandler.DeleteBlocksCommandHandler (DeleteBlocksCommandHandler.java:handle(106)) - Start to delete container blocks, TXIDs=[1(746),2(746),3(746)], numOfContainers=3, numOfBlocks=553
2019-09-02 06:31:19,729 [Command processor thread] INFO  commandhandler.DeleteBlocksCommandHandler (DeleteBlocksCommandHandler.java:handle(106)) - Start to delete container blocks, TXIDs=[1(0),2(0),3(0)], numOfContainers=3, numOfBlocks=553
2019-09-02 06:31:19,730 [Command processor thread] INFO  commandhandler.DeleteBlocksCommandHandler (DeleteBlocksCommandHandler.java:handle(106)) - Start to delete container blocks, TXIDs=[1(1035),2(1035),3(1035)], numOfContainers=3, numOfBlocks=553
2019-09-02 06:31:19,732 [Command processor thread] INFO  commandhandler.DeleteBlocksCommandHandler (DeleteBlocksCommandHandler.java:handle(106)) - Start to delete container blocks, TXIDs=[1(0),2(0),3(0)], numOfContainers=3, numOfBlocks=553
2019-09-02 06:31:19,733 [Command processor thread] INFO  commandhandler.DeleteBlocksCommandHandler (DeleteBlocksCommandHandler.java:handle(106)) - Start to delete container blocks, TXIDs=[1(0),2(0),3(0)], numOfContainers=3, numOfBlocks=553
2019-09-02 06:31:19,734 [Command processor thread] INFO  commandhandler.DeleteBlocksCommandHandler (DeleteBlocksCommandHandler.java:handle(106)) - Start to delete container blocks, TXIDs=[1(901),2(901),3(901)], numOfContainers=3, numOfBlocks=553
2019-09-02 06:31:19,736 [Command processor thread] INFO  commandhandler.DeleteBlocksCommandHandler (DeleteBlocksCommandHandler.java:handle(106)) - Start to delete container blocks, TXIDs=[1(0),2(0),3(0)], numOfContainers=3, numOfBlocks=553
2019-09-02 06:31:19,737 [Command processor thread] INFO  commandhandler.DeleteBlocksCommandHandler (DeleteBlocksCommandHandler.java:handle(106)) - Start to delete container blocks, TXIDs=[1(746),2(746),3(746)], numOfContainers=3, numOfBlocks=553
2019-09-02 06:31:19,738 [Command processor thread] INFO  commandhandler.DeleteBlocksCommandHandler (DeleteBlocksCommandHandler.java:handle(106)) - Start to delete container blocks, TXIDs=[1(0),2(0),3(0)], numOfContainers=3, numOfBlocks=553
2019-09-02 06:31:19,740 [Command processor thread] INFO  commandhandler.DeleteBlocksCommandHandler (DeleteBlocksCommandHandler.java:handle(106)) - Start to delete container blocks, TXIDs=[1(0),2(0),3(0)], numOfContainers=3, numOfBlocks=553
2019-09-02 06:31:19,741 [Command processor thread] INFO  commandhandler.DeleteBlocksCommandHandler (DeleteBlocksCommandHandler.java:handle(106)) - Start to delete container blocks, TXIDs=[1(0),2(0),3(0)], numOfContainers=3, numOfBlocks=553
2019-09-02 06:31:19,742 [Command processor thread] INFO  commandhandler.DeleteBlocksCommandHandler (DeleteBlocksCommandHandler.java:handle(106)) - Start to delete container blocks, TXIDs=[1(0),2(0),3(0)], numOfContainers=3, numOfBlocks=553
2019-09-02 06:31:19,744 [Command processor thread] INFO  commandhandler.DeleteBlocksCommandHandler (DeleteBlocksCommandHandler.java:handle(106)) - Start to delete container blocks, TXIDs=[1(0),2(0),3(0)], numOfContainers=3, numOfBlocks=553
2019-09-02 06:31:19,745 [Command processor thread] INFO  commandhandler.DeleteBlocksCommandHandler (DeleteBlocksCommandHandler.java:handle(106)) - Start to delete container blocks, TXIDs=[1(0),2(0),3(0)], numOfContainers=3, numOfBlocks=553
2019-09-02 06:31:19,747 [Command processor thread] INFO  commandhandler.DeleteBlocksCommandHandler (DeleteBlocksCommandHandler.java:handle(106)) - Start to delete container blocks, TXIDs=[1(0),2(0),3(0)], numOfContainers=3, numOfBlocks=553
2019-09-02 06:31:19,748 [Command processor thread] INFO  commandhandler.DeleteBlocksCommandHandler (DeleteBlocksCommandHandler.java:handle(106)) - Start to delete container blocks, TXIDs=[1(0),2(0),3(0)], numOfContainers=3, numOfBlocks=553
2019-09-02 06:31:19,749 [Command processor thread] INFO  commandhandler.DeleteBlocksCommandHandler (DeleteBlocksCommandHandler.java:handle(106)) - Start to delete container blocks, TXIDs=[1(0),2(0),3(0)], numOfContainers=3, numOfBlocks=553
2019-09-02 06:31:19,750 [Command processor thread] INFO  commandhandler.DeleteBlocksCommandHandler (DeleteBlocksCommandHandler.java:handle(106)) - Start to delete container blocks, TXIDs=[1(1035),2(1035),3(1035)], numOfContainers=3, numOfBlocks=553
2019-09-02 06:31:19,751 [Command processor thread] INFO  commandhandler.DeleteBlocksCommandHandler (DeleteBlocksCommandHandler.java:handle(106)) - Start to delete container blocks, TXIDs=[1(0),2(0),3(0)], numOfContainers=3, numOfBlocks=553
2019-09-02 06:31:19,753 [Command processor thread] INFO  commandhandler.DeleteBlocksCommandHandler (DeleteBlocksCommandHandler.java:handle(106)) - Start to delete container blocks, TXIDs=[1(0),2(0),3(0)], numOfContainers=3, numOfBlocks=553
2019-09-02 06:31:19,754 [Command processor thread] INFO  commandhandler.DeleteBlocksCommandHandler (DeleteBlocksCommandHandler.java:handle(106)) - Start to delete container blocks, TXIDs=[1(0),2(0),3(0)], numOfContainers=3, numOfBlocks=553
2019-09-02 06:31:19,755 [Command processor thread] INFO  commandhandler.DeleteBlocksCommandHandler (DeleteBlocksCommandHandler.java:handle(106)) - Start to delete container blocks, TXIDs=[1(0),2(0),3(0)], numOfContainers=3, numOfBlocks=553
2019-09-02 06:31:19,756 [Command processor thread] INFO  commandhandler.DeleteBlocksCommandHandler (DeleteBlocksCommandHandler.java:handle(106)) - Start to delete container blocks, TXIDs=[1(0),2(0),3(0)], numOfContainers=3, numOfBlocks=553
2019-09-02 06:31:19,757 [Command processor thread] INFO  commandhandler.DeleteBlocksCommandHandler (DeleteBlocksCommandHandler.java:handle(106)) - Start to delete container blocks, TXIDs=[1(930),2(930),3(930)], numOfContainers=3, numOfBlocks=553
2019-09-02 06:31:19,758 [Command processor thread] INFO  commandhandler.DeleteBlocksCommandHandler (DeleteBlocksCommandHandler.java:handle(106)) - Start to delete container blocks, TXIDs=[1(930),2(930),3(930)], numOfContainers=3, numOfBlocks=553
2019-09-02 06:31:19,760 [Command processor thread] INFO  commandhandler.DeleteBlocksCommandHandler (DeleteBlocksCommandHandler.java:handle(106)) - Start to delete container blocks, TXIDs=[1(1035),2(1035),3(1035)], numOfContainers=3, numOfBlocks=553
2019-09-02 06:31:19,761 [Command processor thread] INFO  commandhandler.DeleteBlocksCommandHandler (DeleteBlocksCommandHandler.java:handle(106)) - Start to delete container blocks, TXIDs=[1(1035),2(1035),3(1035)], numOfContainers=3, numOfBlocks=553
2019-09-02 06:31:19,796 [SCMBlockDeletingService#1] DEBUG block.SCMBlockDeletingService (SCMBlockDeletingService.java:call(138)) - Running DeletedBlockTransactionScanner
2019-09-02 06:31:19,796 [SCMBlockDeletingService#1] DEBUG block.SCMBlockDeletingService (SCMBlockDeletingService.java:call(155)) - Scanned deleted blocks log and got 0 delTX to process.
]]></system-out>
    <system-err><![CDATA[ERROR StatusLogger No Log4j 2 configuration file found. Using default configuration (logging only errors to the console), or user programmatically provided configurations. Set system property 'log4j2.debug' to show Log4j 2 internal initialization logging. See https://logging.apache.org/log4j/2.x/manual/configuration.html for instructions on how to configure Log4j 2
]]></system-err>
  </testcase>
</testsuite>