<?xml version="1.0" encoding="UTF-8"?>
<testsuite xmlns:xsi="http://www.w3.org/2001/XMLSchema-instance" xsi:noNamespaceSchemaLocation="https://maven.apache.org/surefire/maven-surefire-plugin/xsd/surefire-test-report.xsd" name="org.apache.hadoop.ozone.client.rpc.TestBlockOutputStreamWithFailures" time="689.192" tests="8" errors="0" skipped="0" failures="2">
  <properties>
    <property name="awt.toolkit" value="sun.awt.X11.XToolkit"/>
    <property name="file.encoding.pkg" value="sun.io"/>
    <property name="java.specification.version" value="1.8"/>
    <property name="sun.cpu.isalist" value=""/>
    <property name="sun.jnu.encoding" value="UTF-8"/>
    <property name="java.class.path" value="/workdir/hadoop-ozone/integration-test/target/test-classes:/workdir/hadoop-ozone/integration-test/target/classes:/home/user/.m2/repository/org/apache/hadoop/hadoop-ozone-common/0.5.0-SNAPSHOT/hadoop-ozone-common-0.5.0-SNAPSHOT.jar:/home/user/.m2/repository/org/apache/commons/commons-compress/1.4.1/commons-compress-1.4.1.jar:/home/user/.m2/repository/org/tukaani/xz/1.0/xz-1.0.jar:/home/user/.m2/repository/org/apache/hadoop/hadoop-common/3.2.0/hadoop-common-3.2.0.jar:/home/user/.m2/repository/org/apache/hadoop/hadoop-hdfs/3.2.0/hadoop-hdfs-3.2.0.jar:/home/user/.m2/repository/org/apache/hadoop/hadoop-hdfs-client/3.2.0/hadoop-hdfs-client-3.2.0.jar:/home/user/.m2/repository/com/fasterxml/jackson/core/jackson-annotations/2.9.5/jackson-annotations-2.9.5.jar:/home/user/.m2/repository/org/apache/hadoop/hadoop-hdds-common/0.5.0-SNAPSHOT/hadoop-hdds-common-0.5.0-SNAPSHOT.jar:/home/user/.m2/repository/javax/annotation/javax.annotation-api/1.2/javax.annotation-api-1.2.jar:/home/user/.m2/repository/org/apache/ratis/ratis-server/0.4.0-2337318-SNAPSHOT/ratis-server-0.4.0-2337318-SNAPSHOT.jar:/home/user/.m2/repository/org/apache/ratis/ratis-thirdparty-misc/0.2.0/ratis-thirdparty-misc-0.2.0.jar:/home/user/.m2/repository/org/apache/ratis/ratis-proto/0.4.0-2337318-SNAPSHOT/ratis-proto-0.4.0-2337318-SNAPSHOT.jar:/home/user/.m2/repository/org/apache/ratis/ratis-common/0.4.0-2337318-SNAPSHOT/ratis-common-0.4.0-2337318-SNAPSHOT.jar:/home/user/.m2/repository/org/apache/ratis/ratis-client/0.4.0-2337318-SNAPSHOT/ratis-client-0.4.0-2337318-SNAPSHOT.jar:/home/user/.m2/repository/org/apache/ratis/ratis-metrics/0.4.0-2337318-SNAPSHOT/ratis-metrics-0.4.0-2337318-SNAPSHOT.jar:/home/user/.m2/repository/org/apache/ratis/ratis-netty/0.4.0-2337318-SNAPSHOT/ratis-netty-0.4.0-2337318-SNAPSHOT.jar:/home/user/.m2/repository/org/apache/ratis/ratis-grpc/0.4.0-2337318-SNAPSHOT/ratis-grpc-0.4.0-2337318-SNAPSHOT.jar:/home/user/.m2/repository/org/rocksdb/rocksdbjni/6.0.1/rocksdbjni-6.0.1.jar:/home/user/.m2/repository/org/apache/logging/log4j/log4j-api/2.11.0/log4j-api-2.11.0.jar:/home/user/.m2/repository/org/apache/logging/log4j/log4j-core/2.11.0/log4j-core-2.11.0.jar:/home/user/.m2/repository/com/lmax/disruptor/3.4.2/disruptor-3.4.2.jar:/home/user/.m2/repository/org/apache/commons/commons-pool2/2.6.0/commons-pool2-2.6.0.jar:/home/user/.m2/repository/org/bouncycastle/bcpkix-jdk15on/1.60/bcpkix-jdk15on-1.60.jar:/home/user/.m2/repository/commons-validator/commons-validator/1.6/commons-validator-1.6.jar:/home/user/.m2/repository/commons-digester/commons-digester/1.8.1/commons-digester-1.8.1.jar:/home/user/.m2/repository/io/jaegertracing/jaeger-client/0.33.1/jaeger-client-0.33.1.jar:/home/user/.m2/repository/io/jaegertracing/jaeger-thrift/0.33.1/jaeger-thrift-0.33.1.jar:/home/user/.m2/repository/org/apache/thrift/libthrift/0.11.0/libthrift-0.11.0.jar:/home/user/.m2/repository/com/squareup/okhttp3/okhttp/3.9.0/okhttp-3.9.0.jar:/home/user/.m2/repository/com/squareup/okio/okio/1.13.0/okio-1.13.0.jar:/home/user/.m2/repository/io/jaegertracing/jaeger-core/0.33.1/jaeger-core-0.33.1.jar:/home/user/.m2/repository/io/jaegertracing/jaeger-tracerresolver/0.33.1/jaeger-tracerresolver-0.33.1.jar:/home/user/.m2/repository/io/opentracing/contrib/opentracing-tracerresolver/0.1.5/opentracing-tracerresolver-0.1.5.jar:/home/user/.m2/repository/io/opentracing/opentracing-util/0.31.0/opentracing-util-0.31.0.jar:/home/user/.m2/repository/io/opentracing/opentracing-api/0.31.0/opentracing-api-0.31.0.jar:/home/user/.m2/repository/io/opentracing/opentracing-noop/0.31.0/opentracing-noop-0.31.0.jar:/home/user/.m2/repository/org/apache/hadoop/hadoop-hdds-server-framework/0.5.0-SNAPSHOT/hadoop-hdds-server-framework-0.5.0-SNAPSHOT.jar:/home/user/.m2/repository/org/apache/hadoop/hadoop-hdds-container-service/0.5.0-SNAPSHOT/hadoop-hdds-container-service-0.5.0-SNAPSHOT.jar:/home/user/.m2/repository/org/apache/hadoop/hadoop-hdds-client/0.5.0-SNAPSHOT/hadoop-hdds-client-0.5.0-SNAPSHOT.jar:/home/user/.m2/repository/org/apache/hadoop/hadoop-hdds-tools/0.5.0-SNAPSHOT/hadoop-hdds-tools-0.5.0-SNAPSHOT.jar:/home/user/.m2/repository/org/apache/hadoop/hadoop-hdds-server-scm/0.5.0-SNAPSHOT/hadoop-hdds-server-scm-0.5.0-SNAPSHOT.jar:/home/user/.m2/repository/org/apache/hadoop/hadoop-hdds-docs/0.5.0-SNAPSHOT/hadoop-hdds-docs-0.5.0-SNAPSHOT.jar:/home/user/.m2/repository/io/dropwizard/metrics/metrics-core/3.2.4/metrics-core-3.2.4.jar:/home/user/.m2/repository/org/hamcrest/hamcrest-all/1.3/hamcrest-all-1.3.jar:/home/user/.m2/repository/org/bouncycastle/bcprov-jdk15on/1.60/bcprov-jdk15on-1.60.jar:/home/user/.m2/repository/info/picocli/picocli/3.9.6/picocli-3.9.6.jar:/home/user/.m2/repository/com/google/protobuf/protobuf-java/2.5.0/protobuf-java-2.5.0.jar:/home/user/.m2/repository/com/google/guava/guava/11.0.2/guava-11.0.2.jar:/home/user/.m2/repository/org/apache/hadoop/hadoop-ozone-ozone-manager/0.5.0-SNAPSHOT/hadoop-ozone-ozone-manager-0.5.0-SNAPSHOT.jar:/home/user/.m2/repository/org/apache/hadoop/hadoop-minikdc/3.2.0/hadoop-minikdc-3.2.0.jar:/home/user/.m2/repository/commons-io/commons-io/2.5/commons-io-2.5.jar:/home/user/.m2/repository/org/apache/kerby/kerb-simplekdc/1.0.1/kerb-simplekdc-1.0.1.jar:/home/user/.m2/repository/org/apache/kerby/kerb-client/1.0.1/kerb-client-1.0.1.jar:/home/user/.m2/repository/org/apache/kerby/kerby-config/1.0.1/kerby-config-1.0.1.jar:/home/user/.m2/repository/org/apache/kerby/kerb-core/1.0.1/kerb-core-1.0.1.jar:/home/user/.m2/repository/org/apache/kerby/kerby-pkix/1.0.1/kerby-pkix-1.0.1.jar:/home/user/.m2/repository/org/apache/kerby/kerby-asn1/1.0.1/kerby-asn1-1.0.1.jar:/home/user/.m2/repository/org/apache/kerby/kerby-util/1.0.1/kerby-util-1.0.1.jar:/home/user/.m2/repository/org/apache/kerby/kerb-common/1.0.1/kerb-common-1.0.1.jar:/home/user/.m2/repository/org/apache/kerby/kerb-crypto/1.0.1/kerb-crypto-1.0.1.jar:/home/user/.m2/repository/org/apache/kerby/kerb-util/1.0.1/kerb-util-1.0.1.jar:/home/user/.m2/repository/org/apache/kerby/token-provider/1.0.1/token-provider-1.0.1.jar:/home/user/.m2/repository/org/apache/kerby/kerb-admin/1.0.1/kerb-admin-1.0.1.jar:/home/user/.m2/repository/org/apache/kerby/kerb-server/1.0.1/kerb-server-1.0.1.jar:/home/user/.m2/repository/org/apache/kerby/kerb-identity/1.0.1/kerb-identity-1.0.1.jar:/home/user/.m2/repository/org/apache/kerby/kerby-xdr/1.0.1/kerby-xdr-1.0.1.jar:/home/user/.m2/repository/org/slf4j/slf4j-log4j12/1.7.25/slf4j-log4j12-1.7.25.jar:/home/user/.m2/repository/org/apache/hadoop/hadoop-ozone-s3gateway/0.5.0-SNAPSHOT/hadoop-ozone-s3gateway-0.5.0-SNAPSHOT.jar:/home/user/.m2/repository/org/jboss/weld/servlet/weld-servlet/2.4.7.Final/weld-servlet-2.4.7.Final.jar:/home/user/.m2/repository/org/glassfish/jersey/containers/jersey-container-servlet-core/2.27/jersey-container-servlet-core-2.27.jar:/home/user/.m2/repository/org/glassfish/hk2/external/javax.inject/2.5.0-b42/javax.inject-2.5.0-b42.jar:/home/user/.m2/repository/org/glassfish/jersey/core/jersey-common/2.27/jersey-common-2.27.jar:/home/user/.m2/repository/org/glassfish/hk2/osgi-resource-locator/1.0.1/osgi-resource-locator-1.0.1.jar:/home/user/.m2/repository/javax/ws/rs/javax.ws.rs-api/2.1/javax.ws.rs-api-2.1.jar:/home/user/.m2/repository/org/glassfish/jersey/ext/cdi/jersey-cdi1x/2.27/jersey-cdi1x-2.27.jar:/home/user/.m2/repository/org/glassfish/jersey/inject/jersey-hk2/2.27/jersey-hk2-2.27.jar:/home/user/.m2/repository/org/glassfish/hk2/hk2-locator/2.5.0-b42/hk2-locator-2.5.0-b42.jar:/home/user/.m2/repository/org/javassist/javassist/3.22.0-CR2/javassist-3.22.0-CR2.jar:/home/user/.m2/repository/org/glassfish/hk2/hk2-api/2.5.0/hk2-api-2.5.0.jar:/home/user/.m2/repository/org/glassfish/hk2/external/jakarta.inject/2.5.0/jakarta.inject-2.5.0.jar:/home/user/.m2/repository/org/glassfish/hk2/hk2-utils/2.5.0/hk2-utils-2.5.0.jar:/home/user/.m2/repository/jakarta/annotation/jakarta.annotation-api/1.3.4/jakarta.annotation-api-1.3.4.jar:/home/user/.m2/repository/org/glassfish/hk2/external/aopalliance-repackaged/2.5.0/aopalliance-repackaged-2.5.0.jar:/home/user/.m2/repository/com/fasterxml/jackson/dataformat/jackson-dataformat-xml/2.9.0/jackson-dataformat-xml-2.9.0.jar:/home/user/.m2/repository/com/fasterxml/jackson/core/jackson-core/2.9.5/jackson-core-2.9.5.jar:/home/user/.m2/repository/com/fasterxml/jackson/module/jackson-module-jaxb-annotations/2.9.5/jackson-module-jaxb-annotations-2.9.5.jar:/home/user/.m2/repository/javax/enterprise/cdi-api/1.2/cdi-api-1.2.jar:/home/user/.m2/repository/javax/el/javax.el-api/3.0.0/javax.el-api-3.0.0.jar:/home/user/.m2/repository/javax/interceptor/javax.interceptor-api/1.2/javax.interceptor-api-1.2.jar:/home/user/.m2/repository/javax/inject/javax.inject/1/javax.inject-1.jar:/home/user/.m2/repository/com/sun/xml/bind/jaxb-impl/2.3.0.1/jaxb-impl-2.3.0.1.jar:/home/user/.m2/repository/com/sun/xml/bind/jaxb-core/2.3.0.1/jaxb-core-2.3.0.1.jar:/home/user/.m2/repository/javax/xml/bind/jaxb-api/2.3.0/jaxb-api-2.3.0.jar:/home/user/.m2/repository/javax/activation/activation/1.1.1/activation-1.1.1.jar:/home/user/.m2/repository/org/apache/hadoop/hadoop-ozone-csi/0.5.0-SNAPSHOT/hadoop-ozone-csi-0.5.0-SNAPSHOT.jar:/home/user/.m2/repository/com/google/protobuf/protobuf-java-util/3.5.1/protobuf-java-util-3.5.1.jar:/home/user/.m2/repository/org/apache/hadoop/hadoop-hdds-config/0.5.0-SNAPSHOT/hadoop-hdds-config-0.5.0-SNAPSHOT.jar:/home/user/.m2/repository/io/grpc/grpc-netty/1.17.1/grpc-netty-1.17.1.jar:/home/user/.m2/repository/io/grpc/grpc-core/1.17.1/grpc-core-1.17.1.jar:/home/user/.m2/repository/io/grpc/grpc-context/1.17.1/grpc-context-1.17.1.jar:/home/user/.m2/repository/com/google/errorprone/error_prone_annotations/2.2.0/error_prone_annotations-2.2.0.jar:/home/user/.m2/repository/org/codehaus/mojo/animal-sniffer-annotations/1.17/animal-sniffer-annotations-1.17.jar:/home/user/.m2/repository/io/opencensus/opencensus-api/0.17.0/opencensus-api-0.17.0.jar:/home/user/.m2/repository/io/opencensus/opencensus-contrib-grpc-metrics/0.17.0/opencensus-contrib-grpc-metrics-0.17.0.jar:/home/user/.m2/repository/io/netty/netty-codec-http2/4.1.30.Final/netty-codec-http2-4.1.30.Final.jar:/home/user/.m2/repository/io/netty/netty-codec-http/4.1.30.Final/netty-codec-http-4.1.30.Final.jar:/home/user/.m2/repository/io/netty/netty-codec/4.1.30.Final/netty-codec-4.1.30.Final.jar:/home/user/.m2/repository/io/netty/netty-handler/4.1.30.Final/netty-handler-4.1.30.Final.jar:/home/user/.m2/repository/io/netty/netty-handler-proxy/4.1.30.Final/netty-handler-proxy-4.1.30.Final.jar:/home/user/.m2/repository/io/netty/netty-codec-socks/4.1.30.Final/netty-codec-socks-4.1.30.Final.jar:/home/user/.m2/repository/io/netty/netty-transport-native-epoll/4.1.30.Final/netty-transport-native-epoll-4.1.30.Final.jar:/home/user/.m2/repository/io/netty/netty-common/4.1.30.Final/netty-common-4.1.30.Final.jar:/home/user/.m2/repository/io/netty/netty-buffer/4.1.30.Final/netty-buffer-4.1.30.Final.jar:/home/user/.m2/repository/io/netty/netty-transport/4.1.30.Final/netty-transport-4.1.30.Final.jar:/home/user/.m2/repository/io/netty/netty-resolver/4.1.30.Final/netty-resolver-4.1.30.Final.jar:/home/user/.m2/repository/io/netty/netty-transport-native-unix-common/4.1.30.Final/netty-transport-native-unix-common-4.1.30.Final.jar:/home/user/.m2/repository/io/grpc/grpc-protobuf/1.17.1/grpc-protobuf-1.17.1.jar:/home/user/.m2/repository/com/google/api/grpc/proto-google-common-protos/1.0.0/proto-google-common-protos-1.0.0.jar:/home/user/.m2/repository/io/grpc/grpc-protobuf-lite/1.17.1/grpc-protobuf-lite-1.17.1.jar:/home/user/.m2/repository/io/grpc/grpc-stub/1.17.1/grpc-stub-1.17.1.jar:/home/user/.m2/repository/org/apache/hadoop/hadoop-ozone-recon/0.5.0-SNAPSHOT/hadoop-ozone-recon-0.5.0-SNAPSHOT.jar:/home/user/.m2/repository/org/apache/hadoop/hadoop-ozone-reconcodegen/0.5.0-SNAPSHOT/hadoop-ozone-reconcodegen-0.5.0-SNAPSHOT.jar:/home/user/.m2/repository/com/google/inject/extensions/guice-multibindings/4.0/guice-multibindings-4.0.jar:/home/user/.m2/repository/com/google/inject/guice/4.0/guice-4.0.jar:/home/user/.m2/repository/aopalliance/aopalliance/1.0/aopalliance-1.0.jar:/home/user/.m2/repository/com/google/inject/extensions/guice-servlet/4.0/guice-servlet-4.0.jar:/home/user/.m2/repository/org/glassfish/jersey/containers/jersey-container-servlet/2.27/jersey-container-servlet-2.27.jar:/home/user/.m2/repository/org/glassfish/hk2/guice-bridge/2.5.0/guice-bridge-2.5.0.jar:/home/user/.m2/repository/org/glassfish/jersey/core/jersey-server/2.27/jersey-server-2.27.jar:/home/user/.m2/repository/org/glassfish/jersey/core/jersey-client/2.27/jersey-client-2.27.jar:/home/user/.m2/repository/org/glassfish/jersey/media/jersey-media-jaxb/2.27/jersey-media-jaxb-2.27.jar:/home/user/.m2/repository/javax/validation/validation-api/1.1.0.Final/validation-api-1.1.0.Final.jar:/home/user/.m2/repository/org/glassfish/jersey/media/jersey-media-json-jackson/2.27/jersey-media-json-jackson-2.27.jar:/home/user/.m2/repository/org/glassfish/jersey/ext/jersey-entity-filtering/2.27/jersey-entity-filtering-2.27.jar:/home/user/.m2/repository/com/google/inject/extensions/guice-assistedinject/4.0/guice-assistedinject-4.0.jar:/home/user/.m2/repository/org/jooq/jooq/3.11.10/jooq-3.11.10.jar:/home/user/.m2/repository/org/jooq/jooq-meta/3.11.10/jooq-meta-3.11.10.jar:/home/user/.m2/repository/org/jooq/jooq-codegen/3.11.10/jooq-codegen-3.11.10.jar:/home/user/.m2/repository/com/jolbox/bonecp/0.8.0.RELEASE/bonecp-0.8.0.RELEASE.jar:/home/user/.m2/repository/org/xerial/sqlite-jdbc/3.25.2/sqlite-jdbc-3.25.2.jar:/home/user/.m2/repository/org/springframework/spring-jdbc/5.1.3.RELEASE/spring-jdbc-5.1.3.RELEASE.jar:/home/user/.m2/repository/org/springframework/spring-beans/5.1.3.RELEASE/spring-beans-5.1.3.RELEASE.jar:/home/user/.m2/repository/org/springframework/spring-core/5.1.3.RELEASE/spring-core-5.1.3.RELEASE.jar:/home/user/.m2/repository/org/springframework/spring-jcl/5.1.3.RELEASE/spring-jcl-5.1.3.RELEASE.jar:/home/user/.m2/repository/org/springframework/spring-tx/5.1.3.RELEASE/spring-tx-5.1.3.RELEASE.jar:/home/user/.m2/repository/org/apache/hadoop/hadoop-ozone-client/0.5.0-SNAPSHOT/hadoop-ozone-client-0.5.0-SNAPSHOT.jar:/home/user/.m2/repository/commons-lang/commons-lang/2.6/commons-lang-2.6.jar:/home/user/.m2/repository/org/apache/hadoop/hadoop-ozone-ozone-manager/0.5.0-SNAPSHOT/hadoop-ozone-ozone-manager-0.5.0-SNAPSHOT-tests.jar:/home/user/.m2/repository/junit/junit/4.11/junit-4.11.jar:/home/user/.m2/repository/org/hamcrest/hamcrest-core/1.3/hamcrest-core-1.3.jar:/home/user/.m2/repository/org/openjdk/jmh/jmh-core/1.19/jmh-core-1.19.jar:/home/user/.m2/repository/net/sf/jopt-simple/jopt-simple/4.6/jopt-simple-4.6.jar:/home/user/.m2/repository/org/apache/commons/commons-math3/3.1.1/commons-math3-3.1.1.jar:/home/user/.m2/repository/org/openjdk/jmh/jmh-generator-annprocess/1.19/jmh-generator-annprocess-1.19.jar:/home/user/.m2/repository/org/mockito/mockito-all/1.8.5/mockito-all-1.8.5.jar:/home/user/.m2/repository/org/apache/hadoop/hadoop-kms/3.2.0/hadoop-kms-3.2.0.jar:/home/user/.m2/repository/org/apache/hadoop/hadoop-auth/3.2.0/hadoop-auth-3.2.0.jar:/home/user/.m2/repository/com/nimbusds/nimbus-jose-jwt/4.41.1/nimbus-jose-jwt-4.41.1.jar:/home/user/.m2/repository/com/github/stephenc/jcip/jcip-annotations/1.0-1/jcip-annotations-1.0-1.jar:/home/user/.m2/repository/net/minidev/json-smart/2.3/json-smart-2.3.jar:/home/user/.m2/repository/net/minidev/accessors-smart/1.2/accessors-smart-1.2.jar:/home/user/.m2/repository/org/ow2/asm/asm/5.0.4/asm-5.0.4.jar:/home/user/.m2/repository/org/apache/curator/curator-framework/2.12.0/curator-framework-2.12.0.jar:/home/user/.m2/repository/com/sun/jersey/jersey-core/1.19/jersey-core-1.19.jar:/home/user/.m2/repository/javax/ws/rs/jsr311-api/1.1.1/jsr311-api-1.1.1.jar:/home/user/.m2/repository/com/sun/jersey/jersey-server/1.19/jersey-server-1.19.jar:/home/user/.m2/repository/javax/servlet/javax.servlet-api/3.1.0/javax.servlet-api-3.1.0.jar:/home/user/.m2/repository/org/eclipse/jetty/jetty-server/9.3.24.v20180605/jetty-server-9.3.24.v20180605.jar:/home/user/.m2/repository/org/eclipse/jetty/jetty-http/9.3.24.v20180605/jetty-http-9.3.24.v20180605.jar:/home/user/.m2/repository/org/eclipse/jetty/jetty-io/9.3.24.v20180605/jetty-io-9.3.24.v20180605.jar:/home/user/.m2/repository/org/eclipse/jetty/jetty-webapp/9.3.24.v20180605/jetty-webapp-9.3.24.v20180605.jar:/home/user/.m2/repository/org/eclipse/jetty/jetty-xml/9.3.24.v20180605/jetty-xml-9.3.24.v20180605.jar:/home/user/.m2/repository/log4j/log4j/1.2.17/log4j-1.2.17.jar:/home/user/.m2/repository/org/slf4j/slf4j-api/1.7.25/slf4j-api-1.7.25.jar:/home/user/.m2/repository/org/slf4j/jul-to-slf4j/1.7.25/jul-to-slf4j-1.7.25.jar:/home/user/.m2/repository/org/eclipse/jetty/jetty-util/9.3.24.v20180605/jetty-util-9.3.24.v20180605.jar:/home/user/.m2/repository/com/fasterxml/jackson/core/jackson-databind/2.9.5/jackson-databind-2.9.5.jar:/home/user/.m2/repository/org/apache/hadoop/hadoop-kms/3.2.0/hadoop-kms-3.2.0-tests.jar:/home/user/.m2/repository/org/apache/hadoop/hadoop-hdds-server-scm/0.5.0-SNAPSHOT/hadoop-hdds-server-scm-0.5.0-SNAPSHOT-tests.jar:/home/user/.m2/repository/org/apache/hadoop/hadoop-hdds-container-service/0.5.0-SNAPSHOT/hadoop-hdds-container-service-0.5.0-SNAPSHOT-tests.jar:/home/user/.m2/repository/org/yaml/snakeyaml/1.16/snakeyaml-1.16.jar:/home/user/.m2/repository/org/apache/hadoop/hadoop-common/3.2.0/hadoop-common-3.2.0-tests.jar:/home/user/.m2/repository/org/apache/hadoop/hadoop-annotations/3.2.0/hadoop-annotations-3.2.0.jar:/usr/lib/jvm/java-1.8-openjdk/jre/../lib/tools.jar:/home/user/.m2/repository/commons-cli/commons-cli/1.2/commons-cli-1.2.jar:/home/user/.m2/repository/org/apache/httpcomponents/httpclient/4.5.2/httpclient-4.5.2.jar:/home/user/.m2/repository/org/apache/httpcomponents/httpcore/4.4.4/httpcore-4.4.4.jar:/home/user/.m2/repository/commons-codec/commons-codec/1.11/commons-codec-1.11.jar:/home/user/.m2/repository/commons-net/commons-net/3.6/commons-net-3.6.jar:/home/user/.m2/repository/commons-collections/commons-collections/3.2.2/commons-collections-3.2.2.jar:/home/user/.m2/repository/org/eclipse/jetty/jetty-servlet/9.3.24.v20180605/jetty-servlet-9.3.24.v20180605.jar:/home/user/.m2/repository/org/eclipse/jetty/jetty-security/9.3.24.v20180605/jetty-security-9.3.24.v20180605.jar:/home/user/.m2/repository/javax/servlet/jsp/jsp-api/2.1/jsp-api-2.1.jar:/home/user/.m2/repository/com/sun/jersey/jersey-servlet/1.19/jersey-servlet-1.19.jar:/home/user/.m2/repository/com/sun/jersey/jersey-json/1.19/jersey-json-1.19.jar:/home/user/.m2/repository/org/codehaus/jettison/jettison/1.1/jettison-1.1.jar:/home/user/.m2/repository/org/codehaus/jackson/jackson-core-asl/1.9.13/jackson-core-asl-1.9.13.jar:/home/user/.m2/repository/org/codehaus/jackson/jackson-mapper-asl/1.9.13/jackson-mapper-asl-1.9.13.jar:/home/user/.m2/repository/org/codehaus/jackson/jackson-jaxrs/1.9.13/jackson-jaxrs-1.9.13.jar:/home/user/.m2/repository/org/codehaus/jackson/jackson-xc/1.9.13/jackson-xc-1.9.13.jar:/home/user/.m2/repository/commons-logging/commons-logging/1.1.3/commons-logging-1.1.3.jar:/home/user/.m2/repository/commons-beanutils/commons-beanutils/1.9.3/commons-beanutils-1.9.3.jar:/home/user/.m2/repository/org/apache/commons/commons-configuration2/2.1.1/commons-configuration2-2.1.1.jar:/home/user/.m2/repository/org/apache/commons/commons-lang3/3.7/commons-lang3-3.7.jar:/home/user/.m2/repository/org/apache/commons/commons-text/1.4/commons-text-1.4.jar:/home/user/.m2/repository/org/apache/avro/avro/1.7.7/avro-1.7.7.jar:/home/user/.m2/repository/com/thoughtworks/paranamer/paranamer/2.3/paranamer-2.3.jar:/home/user/.m2/repository/org/xerial/snappy/snappy-java/1.0.5/snappy-java-1.0.5.jar:/home/user/.m2/repository/com/google/re2j/re2j/1.1/re2j-1.1.jar:/home/user/.m2/repository/com/google/code/gson/gson/2.2.4/gson-2.2.4.jar:/home/user/.m2/repository/com/jcraft/jsch/0.1.54/jsch-0.1.54.jar:/home/user/.m2/repository/org/apache/curator/curator-client/2.12.0/curator-client-2.12.0.jar:/home/user/.m2/repository/org/apache/curator/curator-recipes/2.12.0/curator-recipes-2.12.0.jar:/home/user/.m2/repository/com/google/code/findbugs/jsr305/3.0.0/jsr305-3.0.0.jar:/home/user/.m2/repository/org/apache/htrace/htrace-core4/4.1.0-incubating/htrace-core4-4.1.0-incubating.jar:/home/user/.m2/repository/org/apache/zookeeper/zookeeper/3.4.13/zookeeper-3.4.13.jar:/home/user/.m2/repository/org/apache/yetus/audience-annotations/0.5.0/audience-annotations-0.5.0.jar:/home/user/.m2/repository/org/codehaus/woodstox/stax2-api/3.1.4/stax2-api-3.1.4.jar:/home/user/.m2/repository/com/fasterxml/woodstox/woodstox-core/5.0.3/woodstox-core-5.0.3.jar:/home/user/.m2/repository/dnsjava/dnsjava/2.1.7/dnsjava-2.1.7.jar:/home/user/.m2/repository/org/apache/hadoop/hadoop-hdfs/3.2.0/hadoop-hdfs-3.2.0-tests.jar:/home/user/.m2/repository/org/eclipse/jetty/jetty-util-ajax/9.3.24.v20180605/jetty-util-ajax-9.3.24.v20180605.jar:/home/user/.m2/repository/commons-daemon/commons-daemon/1.0.13/commons-daemon-1.0.13.jar:/home/user/.m2/repository/io/netty/netty/3.10.5.Final/netty-3.10.5.Final.jar:/home/user/.m2/repository/io/netty/netty-all/4.0.52.Final/netty-all-4.0.52.Final.jar:/home/user/.m2/repository/org/fusesource/leveldbjni/leveldbjni-all/1.8/leveldbjni-all-1.8.jar:"/>
    <property name="java.vm.vendor" value="IcedTea"/>
    <property name="sun.arch.data.model" value="64"/>
    <property name="test.build.dir" value="/workdir/hadoop-ozone/integration-test/target/test-dir"/>
    <property name="test.cache.data" value=""/>
    <property name="java.vendor.url" value="https://icedtea.classpath.org"/>
    <property name="user.timezone" value=""/>
    <property name="java.vm.specification.version" value="1.8"/>
    <property name="os.name" value="Linux"/>
    <property name="test.build.data" value="/workdir/hadoop-ozone/integration-test/target/test-dir"/>
    <property name="user.country" value="US"/>
    <property name="sun.java.launcher" value="SUN_STANDARD"/>
    <property name="sun.boot.library.path" value="/usr/lib/jvm/java-1.8-openjdk/jre/lib/amd64"/>
    <property name="sun.java.command" value="/workdir/hadoop-ozone/integration-test/target/surefire/surefirebooter1367240488491130460.jar /workdir/hadoop-ozone/integration-test/target/surefire 2019-09-02T05-12-03_009-jvmRun1 surefire7588167710784409173tmp surefire_161730160142354472806tmp"/>
    <property name="test" value="!TestMiniChaosOzoneCluster"/>
    <property name="surefire.test.class.path" value="/workdir/hadoop-ozone/integration-test/target/test-classes:/workdir/hadoop-ozone/integration-test/target/classes:/home/user/.m2/repository/org/apache/hadoop/hadoop-ozone-common/0.5.0-SNAPSHOT/hadoop-ozone-common-0.5.0-SNAPSHOT.jar:/home/user/.m2/repository/org/apache/commons/commons-compress/1.4.1/commons-compress-1.4.1.jar:/home/user/.m2/repository/org/tukaani/xz/1.0/xz-1.0.jar:/home/user/.m2/repository/org/apache/hadoop/hadoop-common/3.2.0/hadoop-common-3.2.0.jar:/home/user/.m2/repository/org/apache/hadoop/hadoop-hdfs/3.2.0/hadoop-hdfs-3.2.0.jar:/home/user/.m2/repository/org/apache/hadoop/hadoop-hdfs-client/3.2.0/hadoop-hdfs-client-3.2.0.jar:/home/user/.m2/repository/com/fasterxml/jackson/core/jackson-annotations/2.9.5/jackson-annotations-2.9.5.jar:/home/user/.m2/repository/org/apache/hadoop/hadoop-hdds-common/0.5.0-SNAPSHOT/hadoop-hdds-common-0.5.0-SNAPSHOT.jar:/home/user/.m2/repository/javax/annotation/javax.annotation-api/1.2/javax.annotation-api-1.2.jar:/home/user/.m2/repository/org/apache/ratis/ratis-server/0.4.0-2337318-SNAPSHOT/ratis-server-0.4.0-2337318-SNAPSHOT.jar:/home/user/.m2/repository/org/apache/ratis/ratis-thirdparty-misc/0.2.0/ratis-thirdparty-misc-0.2.0.jar:/home/user/.m2/repository/org/apache/ratis/ratis-proto/0.4.0-2337318-SNAPSHOT/ratis-proto-0.4.0-2337318-SNAPSHOT.jar:/home/user/.m2/repository/org/apache/ratis/ratis-common/0.4.0-2337318-SNAPSHOT/ratis-common-0.4.0-2337318-SNAPSHOT.jar:/home/user/.m2/repository/org/apache/ratis/ratis-client/0.4.0-2337318-SNAPSHOT/ratis-client-0.4.0-2337318-SNAPSHOT.jar:/home/user/.m2/repository/org/apache/ratis/ratis-metrics/0.4.0-2337318-SNAPSHOT/ratis-metrics-0.4.0-2337318-SNAPSHOT.jar:/home/user/.m2/repository/org/apache/ratis/ratis-netty/0.4.0-2337318-SNAPSHOT/ratis-netty-0.4.0-2337318-SNAPSHOT.jar:/home/user/.m2/repository/org/apache/ratis/ratis-grpc/0.4.0-2337318-SNAPSHOT/ratis-grpc-0.4.0-2337318-SNAPSHOT.jar:/home/user/.m2/repository/org/rocksdb/rocksdbjni/6.0.1/rocksdbjni-6.0.1.jar:/home/user/.m2/repository/org/apache/logging/log4j/log4j-api/2.11.0/log4j-api-2.11.0.jar:/home/user/.m2/repository/org/apache/logging/log4j/log4j-core/2.11.0/log4j-core-2.11.0.jar:/home/user/.m2/repository/com/lmax/disruptor/3.4.2/disruptor-3.4.2.jar:/home/user/.m2/repository/org/apache/commons/commons-pool2/2.6.0/commons-pool2-2.6.0.jar:/home/user/.m2/repository/org/bouncycastle/bcpkix-jdk15on/1.60/bcpkix-jdk15on-1.60.jar:/home/user/.m2/repository/commons-validator/commons-validator/1.6/commons-validator-1.6.jar:/home/user/.m2/repository/commons-digester/commons-digester/1.8.1/commons-digester-1.8.1.jar:/home/user/.m2/repository/io/jaegertracing/jaeger-client/0.33.1/jaeger-client-0.33.1.jar:/home/user/.m2/repository/io/jaegertracing/jaeger-thrift/0.33.1/jaeger-thrift-0.33.1.jar:/home/user/.m2/repository/org/apache/thrift/libthrift/0.11.0/libthrift-0.11.0.jar:/home/user/.m2/repository/com/squareup/okhttp3/okhttp/3.9.0/okhttp-3.9.0.jar:/home/user/.m2/repository/com/squareup/okio/okio/1.13.0/okio-1.13.0.jar:/home/user/.m2/repository/io/jaegertracing/jaeger-core/0.33.1/jaeger-core-0.33.1.jar:/home/user/.m2/repository/io/jaegertracing/jaeger-tracerresolver/0.33.1/jaeger-tracerresolver-0.33.1.jar:/home/user/.m2/repository/io/opentracing/contrib/opentracing-tracerresolver/0.1.5/opentracing-tracerresolver-0.1.5.jar:/home/user/.m2/repository/io/opentracing/opentracing-util/0.31.0/opentracing-util-0.31.0.jar:/home/user/.m2/repository/io/opentracing/opentracing-api/0.31.0/opentracing-api-0.31.0.jar:/home/user/.m2/repository/io/opentracing/opentracing-noop/0.31.0/opentracing-noop-0.31.0.jar:/home/user/.m2/repository/org/apache/hadoop/hadoop-hdds-server-framework/0.5.0-SNAPSHOT/hadoop-hdds-server-framework-0.5.0-SNAPSHOT.jar:/home/user/.m2/repository/org/apache/hadoop/hadoop-hdds-container-service/0.5.0-SNAPSHOT/hadoop-hdds-container-service-0.5.0-SNAPSHOT.jar:/home/user/.m2/repository/org/apache/hadoop/hadoop-hdds-client/0.5.0-SNAPSHOT/hadoop-hdds-client-0.5.0-SNAPSHOT.jar:/home/user/.m2/repository/org/apache/hadoop/hadoop-hdds-tools/0.5.0-SNAPSHOT/hadoop-hdds-tools-0.5.0-SNAPSHOT.jar:/home/user/.m2/repository/org/apache/hadoop/hadoop-hdds-server-scm/0.5.0-SNAPSHOT/hadoop-hdds-server-scm-0.5.0-SNAPSHOT.jar:/home/user/.m2/repository/org/apache/hadoop/hadoop-hdds-docs/0.5.0-SNAPSHOT/hadoop-hdds-docs-0.5.0-SNAPSHOT.jar:/home/user/.m2/repository/io/dropwizard/metrics/metrics-core/3.2.4/metrics-core-3.2.4.jar:/home/user/.m2/repository/org/hamcrest/hamcrest-all/1.3/hamcrest-all-1.3.jar:/home/user/.m2/repository/org/bouncycastle/bcprov-jdk15on/1.60/bcprov-jdk15on-1.60.jar:/home/user/.m2/repository/info/picocli/picocli/3.9.6/picocli-3.9.6.jar:/home/user/.m2/repository/com/google/protobuf/protobuf-java/2.5.0/protobuf-java-2.5.0.jar:/home/user/.m2/repository/com/google/guava/guava/11.0.2/guava-11.0.2.jar:/home/user/.m2/repository/org/apache/hadoop/hadoop-ozone-ozone-manager/0.5.0-SNAPSHOT/hadoop-ozone-ozone-manager-0.5.0-SNAPSHOT.jar:/home/user/.m2/repository/org/apache/hadoop/hadoop-minikdc/3.2.0/hadoop-minikdc-3.2.0.jar:/home/user/.m2/repository/commons-io/commons-io/2.5/commons-io-2.5.jar:/home/user/.m2/repository/org/apache/kerby/kerb-simplekdc/1.0.1/kerb-simplekdc-1.0.1.jar:/home/user/.m2/repository/org/apache/kerby/kerb-client/1.0.1/kerb-client-1.0.1.jar:/home/user/.m2/repository/org/apache/kerby/kerby-config/1.0.1/kerby-config-1.0.1.jar:/home/user/.m2/repository/org/apache/kerby/kerb-core/1.0.1/kerb-core-1.0.1.jar:/home/user/.m2/repository/org/apache/kerby/kerby-pkix/1.0.1/kerby-pkix-1.0.1.jar:/home/user/.m2/repository/org/apache/kerby/kerby-asn1/1.0.1/kerby-asn1-1.0.1.jar:/home/user/.m2/repository/org/apache/kerby/kerby-util/1.0.1/kerby-util-1.0.1.jar:/home/user/.m2/repository/org/apache/kerby/kerb-common/1.0.1/kerb-common-1.0.1.jar:/home/user/.m2/repository/org/apache/kerby/kerb-crypto/1.0.1/kerb-crypto-1.0.1.jar:/home/user/.m2/repository/org/apache/kerby/kerb-util/1.0.1/kerb-util-1.0.1.jar:/home/user/.m2/repository/org/apache/kerby/token-provider/1.0.1/token-provider-1.0.1.jar:/home/user/.m2/repository/org/apache/kerby/kerb-admin/1.0.1/kerb-admin-1.0.1.jar:/home/user/.m2/repository/org/apache/kerby/kerb-server/1.0.1/kerb-server-1.0.1.jar:/home/user/.m2/repository/org/apache/kerby/kerb-identity/1.0.1/kerb-identity-1.0.1.jar:/home/user/.m2/repository/org/apache/kerby/kerby-xdr/1.0.1/kerby-xdr-1.0.1.jar:/home/user/.m2/repository/org/slf4j/slf4j-log4j12/1.7.25/slf4j-log4j12-1.7.25.jar:/home/user/.m2/repository/org/apache/hadoop/hadoop-ozone-s3gateway/0.5.0-SNAPSHOT/hadoop-ozone-s3gateway-0.5.0-SNAPSHOT.jar:/home/user/.m2/repository/org/jboss/weld/servlet/weld-servlet/2.4.7.Final/weld-servlet-2.4.7.Final.jar:/home/user/.m2/repository/org/glassfish/jersey/containers/jersey-container-servlet-core/2.27/jersey-container-servlet-core-2.27.jar:/home/user/.m2/repository/org/glassfish/hk2/external/javax.inject/2.5.0-b42/javax.inject-2.5.0-b42.jar:/home/user/.m2/repository/org/glassfish/jersey/core/jersey-common/2.27/jersey-common-2.27.jar:/home/user/.m2/repository/org/glassfish/hk2/osgi-resource-locator/1.0.1/osgi-resource-locator-1.0.1.jar:/home/user/.m2/repository/javax/ws/rs/javax.ws.rs-api/2.1/javax.ws.rs-api-2.1.jar:/home/user/.m2/repository/org/glassfish/jersey/ext/cdi/jersey-cdi1x/2.27/jersey-cdi1x-2.27.jar:/home/user/.m2/repository/org/glassfish/jersey/inject/jersey-hk2/2.27/jersey-hk2-2.27.jar:/home/user/.m2/repository/org/glassfish/hk2/hk2-locator/2.5.0-b42/hk2-locator-2.5.0-b42.jar:/home/user/.m2/repository/org/javassist/javassist/3.22.0-CR2/javassist-3.22.0-CR2.jar:/home/user/.m2/repository/org/glassfish/hk2/hk2-api/2.5.0/hk2-api-2.5.0.jar:/home/user/.m2/repository/org/glassfish/hk2/external/jakarta.inject/2.5.0/jakarta.inject-2.5.0.jar:/home/user/.m2/repository/org/glassfish/hk2/hk2-utils/2.5.0/hk2-utils-2.5.0.jar:/home/user/.m2/repository/jakarta/annotation/jakarta.annotation-api/1.3.4/jakarta.annotation-api-1.3.4.jar:/home/user/.m2/repository/org/glassfish/hk2/external/aopalliance-repackaged/2.5.0/aopalliance-repackaged-2.5.0.jar:/home/user/.m2/repository/com/fasterxml/jackson/dataformat/jackson-dataformat-xml/2.9.0/jackson-dataformat-xml-2.9.0.jar:/home/user/.m2/repository/com/fasterxml/jackson/core/jackson-core/2.9.5/jackson-core-2.9.5.jar:/home/user/.m2/repository/com/fasterxml/jackson/module/jackson-module-jaxb-annotations/2.9.5/jackson-module-jaxb-annotations-2.9.5.jar:/home/user/.m2/repository/javax/enterprise/cdi-api/1.2/cdi-api-1.2.jar:/home/user/.m2/repository/javax/el/javax.el-api/3.0.0/javax.el-api-3.0.0.jar:/home/user/.m2/repository/javax/interceptor/javax.interceptor-api/1.2/javax.interceptor-api-1.2.jar:/home/user/.m2/repository/javax/inject/javax.inject/1/javax.inject-1.jar:/home/user/.m2/repository/com/sun/xml/bind/jaxb-impl/2.3.0.1/jaxb-impl-2.3.0.1.jar:/home/user/.m2/repository/com/sun/xml/bind/jaxb-core/2.3.0.1/jaxb-core-2.3.0.1.jar:/home/user/.m2/repository/javax/xml/bind/jaxb-api/2.3.0/jaxb-api-2.3.0.jar:/home/user/.m2/repository/javax/activation/activation/1.1.1/activation-1.1.1.jar:/home/user/.m2/repository/org/apache/hadoop/hadoop-ozone-csi/0.5.0-SNAPSHOT/hadoop-ozone-csi-0.5.0-SNAPSHOT.jar:/home/user/.m2/repository/com/google/protobuf/protobuf-java-util/3.5.1/protobuf-java-util-3.5.1.jar:/home/user/.m2/repository/org/apache/hadoop/hadoop-hdds-config/0.5.0-SNAPSHOT/hadoop-hdds-config-0.5.0-SNAPSHOT.jar:/home/user/.m2/repository/io/grpc/grpc-netty/1.17.1/grpc-netty-1.17.1.jar:/home/user/.m2/repository/io/grpc/grpc-core/1.17.1/grpc-core-1.17.1.jar:/home/user/.m2/repository/io/grpc/grpc-context/1.17.1/grpc-context-1.17.1.jar:/home/user/.m2/repository/com/google/errorprone/error_prone_annotations/2.2.0/error_prone_annotations-2.2.0.jar:/home/user/.m2/repository/org/codehaus/mojo/animal-sniffer-annotations/1.17/animal-sniffer-annotations-1.17.jar:/home/user/.m2/repository/io/opencensus/opencensus-api/0.17.0/opencensus-api-0.17.0.jar:/home/user/.m2/repository/io/opencensus/opencensus-contrib-grpc-metrics/0.17.0/opencensus-contrib-grpc-metrics-0.17.0.jar:/home/user/.m2/repository/io/netty/netty-codec-http2/4.1.30.Final/netty-codec-http2-4.1.30.Final.jar:/home/user/.m2/repository/io/netty/netty-codec-http/4.1.30.Final/netty-codec-http-4.1.30.Final.jar:/home/user/.m2/repository/io/netty/netty-codec/4.1.30.Final/netty-codec-4.1.30.Final.jar:/home/user/.m2/repository/io/netty/netty-handler/4.1.30.Final/netty-handler-4.1.30.Final.jar:/home/user/.m2/repository/io/netty/netty-handler-proxy/4.1.30.Final/netty-handler-proxy-4.1.30.Final.jar:/home/user/.m2/repository/io/netty/netty-codec-socks/4.1.30.Final/netty-codec-socks-4.1.30.Final.jar:/home/user/.m2/repository/io/netty/netty-transport-native-epoll/4.1.30.Final/netty-transport-native-epoll-4.1.30.Final.jar:/home/user/.m2/repository/io/netty/netty-common/4.1.30.Final/netty-common-4.1.30.Final.jar:/home/user/.m2/repository/io/netty/netty-buffer/4.1.30.Final/netty-buffer-4.1.30.Final.jar:/home/user/.m2/repository/io/netty/netty-transport/4.1.30.Final/netty-transport-4.1.30.Final.jar:/home/user/.m2/repository/io/netty/netty-resolver/4.1.30.Final/netty-resolver-4.1.30.Final.jar:/home/user/.m2/repository/io/netty/netty-transport-native-unix-common/4.1.30.Final/netty-transport-native-unix-common-4.1.30.Final.jar:/home/user/.m2/repository/io/grpc/grpc-protobuf/1.17.1/grpc-protobuf-1.17.1.jar:/home/user/.m2/repository/com/google/api/grpc/proto-google-common-protos/1.0.0/proto-google-common-protos-1.0.0.jar:/home/user/.m2/repository/io/grpc/grpc-protobuf-lite/1.17.1/grpc-protobuf-lite-1.17.1.jar:/home/user/.m2/repository/io/grpc/grpc-stub/1.17.1/grpc-stub-1.17.1.jar:/home/user/.m2/repository/org/apache/hadoop/hadoop-ozone-recon/0.5.0-SNAPSHOT/hadoop-ozone-recon-0.5.0-SNAPSHOT.jar:/home/user/.m2/repository/org/apache/hadoop/hadoop-ozone-reconcodegen/0.5.0-SNAPSHOT/hadoop-ozone-reconcodegen-0.5.0-SNAPSHOT.jar:/home/user/.m2/repository/com/google/inject/extensions/guice-multibindings/4.0/guice-multibindings-4.0.jar:/home/user/.m2/repository/com/google/inject/guice/4.0/guice-4.0.jar:/home/user/.m2/repository/aopalliance/aopalliance/1.0/aopalliance-1.0.jar:/home/user/.m2/repository/com/google/inject/extensions/guice-servlet/4.0/guice-servlet-4.0.jar:/home/user/.m2/repository/org/glassfish/jersey/containers/jersey-container-servlet/2.27/jersey-container-servlet-2.27.jar:/home/user/.m2/repository/org/glassfish/hk2/guice-bridge/2.5.0/guice-bridge-2.5.0.jar:/home/user/.m2/repository/org/glassfish/jersey/core/jersey-server/2.27/jersey-server-2.27.jar:/home/user/.m2/repository/org/glassfish/jersey/core/jersey-client/2.27/jersey-client-2.27.jar:/home/user/.m2/repository/org/glassfish/jersey/media/jersey-media-jaxb/2.27/jersey-media-jaxb-2.27.jar:/home/user/.m2/repository/javax/validation/validation-api/1.1.0.Final/validation-api-1.1.0.Final.jar:/home/user/.m2/repository/org/glassfish/jersey/media/jersey-media-json-jackson/2.27/jersey-media-json-jackson-2.27.jar:/home/user/.m2/repository/org/glassfish/jersey/ext/jersey-entity-filtering/2.27/jersey-entity-filtering-2.27.jar:/home/user/.m2/repository/com/google/inject/extensions/guice-assistedinject/4.0/guice-assistedinject-4.0.jar:/home/user/.m2/repository/org/jooq/jooq/3.11.10/jooq-3.11.10.jar:/home/user/.m2/repository/org/jooq/jooq-meta/3.11.10/jooq-meta-3.11.10.jar:/home/user/.m2/repository/org/jooq/jooq-codegen/3.11.10/jooq-codegen-3.11.10.jar:/home/user/.m2/repository/com/jolbox/bonecp/0.8.0.RELEASE/bonecp-0.8.0.RELEASE.jar:/home/user/.m2/repository/org/xerial/sqlite-jdbc/3.25.2/sqlite-jdbc-3.25.2.jar:/home/user/.m2/repository/org/springframework/spring-jdbc/5.1.3.RELEASE/spring-jdbc-5.1.3.RELEASE.jar:/home/user/.m2/repository/org/springframework/spring-beans/5.1.3.RELEASE/spring-beans-5.1.3.RELEASE.jar:/home/user/.m2/repository/org/springframework/spring-core/5.1.3.RELEASE/spring-core-5.1.3.RELEASE.jar:/home/user/.m2/repository/org/springframework/spring-jcl/5.1.3.RELEASE/spring-jcl-5.1.3.RELEASE.jar:/home/user/.m2/repository/org/springframework/spring-tx/5.1.3.RELEASE/spring-tx-5.1.3.RELEASE.jar:/home/user/.m2/repository/org/apache/hadoop/hadoop-ozone-client/0.5.0-SNAPSHOT/hadoop-ozone-client-0.5.0-SNAPSHOT.jar:/home/user/.m2/repository/commons-lang/commons-lang/2.6/commons-lang-2.6.jar:/home/user/.m2/repository/org/apache/hadoop/hadoop-ozone-ozone-manager/0.5.0-SNAPSHOT/hadoop-ozone-ozone-manager-0.5.0-SNAPSHOT-tests.jar:/home/user/.m2/repository/junit/junit/4.11/junit-4.11.jar:/home/user/.m2/repository/org/hamcrest/hamcrest-core/1.3/hamcrest-core-1.3.jar:/home/user/.m2/repository/org/openjdk/jmh/jmh-core/1.19/jmh-core-1.19.jar:/home/user/.m2/repository/net/sf/jopt-simple/jopt-simple/4.6/jopt-simple-4.6.jar:/home/user/.m2/repository/org/apache/commons/commons-math3/3.1.1/commons-math3-3.1.1.jar:/home/user/.m2/repository/org/openjdk/jmh/jmh-generator-annprocess/1.19/jmh-generator-annprocess-1.19.jar:/home/user/.m2/repository/org/mockito/mockito-all/1.8.5/mockito-all-1.8.5.jar:/home/user/.m2/repository/org/apache/hadoop/hadoop-kms/3.2.0/hadoop-kms-3.2.0.jar:/home/user/.m2/repository/org/apache/hadoop/hadoop-auth/3.2.0/hadoop-auth-3.2.0.jar:/home/user/.m2/repository/com/nimbusds/nimbus-jose-jwt/4.41.1/nimbus-jose-jwt-4.41.1.jar:/home/user/.m2/repository/com/github/stephenc/jcip/jcip-annotations/1.0-1/jcip-annotations-1.0-1.jar:/home/user/.m2/repository/net/minidev/json-smart/2.3/json-smart-2.3.jar:/home/user/.m2/repository/net/minidev/accessors-smart/1.2/accessors-smart-1.2.jar:/home/user/.m2/repository/org/ow2/asm/asm/5.0.4/asm-5.0.4.jar:/home/user/.m2/repository/org/apache/curator/curator-framework/2.12.0/curator-framework-2.12.0.jar:/home/user/.m2/repository/com/sun/jersey/jersey-core/1.19/jersey-core-1.19.jar:/home/user/.m2/repository/javax/ws/rs/jsr311-api/1.1.1/jsr311-api-1.1.1.jar:/home/user/.m2/repository/com/sun/jersey/jersey-server/1.19/jersey-server-1.19.jar:/home/user/.m2/repository/javax/servlet/javax.servlet-api/3.1.0/javax.servlet-api-3.1.0.jar:/home/user/.m2/repository/org/eclipse/jetty/jetty-server/9.3.24.v20180605/jetty-server-9.3.24.v20180605.jar:/home/user/.m2/repository/org/eclipse/jetty/jetty-http/9.3.24.v20180605/jetty-http-9.3.24.v20180605.jar:/home/user/.m2/repository/org/eclipse/jetty/jetty-io/9.3.24.v20180605/jetty-io-9.3.24.v20180605.jar:/home/user/.m2/repository/org/eclipse/jetty/jetty-webapp/9.3.24.v20180605/jetty-webapp-9.3.24.v20180605.jar:/home/user/.m2/repository/org/eclipse/jetty/jetty-xml/9.3.24.v20180605/jetty-xml-9.3.24.v20180605.jar:/home/user/.m2/repository/log4j/log4j/1.2.17/log4j-1.2.17.jar:/home/user/.m2/repository/org/slf4j/slf4j-api/1.7.25/slf4j-api-1.7.25.jar:/home/user/.m2/repository/org/slf4j/jul-to-slf4j/1.7.25/jul-to-slf4j-1.7.25.jar:/home/user/.m2/repository/org/eclipse/jetty/jetty-util/9.3.24.v20180605/jetty-util-9.3.24.v20180605.jar:/home/user/.m2/repository/com/fasterxml/jackson/core/jackson-databind/2.9.5/jackson-databind-2.9.5.jar:/home/user/.m2/repository/org/apache/hadoop/hadoop-kms/3.2.0/hadoop-kms-3.2.0-tests.jar:/home/user/.m2/repository/org/apache/hadoop/hadoop-hdds-server-scm/0.5.0-SNAPSHOT/hadoop-hdds-server-scm-0.5.0-SNAPSHOT-tests.jar:/home/user/.m2/repository/org/apache/hadoop/hadoop-hdds-container-service/0.5.0-SNAPSHOT/hadoop-hdds-container-service-0.5.0-SNAPSHOT-tests.jar:/home/user/.m2/repository/org/yaml/snakeyaml/1.16/snakeyaml-1.16.jar:/home/user/.m2/repository/org/apache/hadoop/hadoop-common/3.2.0/hadoop-common-3.2.0-tests.jar:/home/user/.m2/repository/org/apache/hadoop/hadoop-annotations/3.2.0/hadoop-annotations-3.2.0.jar:/usr/lib/jvm/java-1.8-openjdk/jre/../lib/tools.jar:/home/user/.m2/repository/commons-cli/commons-cli/1.2/commons-cli-1.2.jar:/home/user/.m2/repository/org/apache/httpcomponents/httpclient/4.5.2/httpclient-4.5.2.jar:/home/user/.m2/repository/org/apache/httpcomponents/httpcore/4.4.4/httpcore-4.4.4.jar:/home/user/.m2/repository/commons-codec/commons-codec/1.11/commons-codec-1.11.jar:/home/user/.m2/repository/commons-net/commons-net/3.6/commons-net-3.6.jar:/home/user/.m2/repository/commons-collections/commons-collections/3.2.2/commons-collections-3.2.2.jar:/home/user/.m2/repository/org/eclipse/jetty/jetty-servlet/9.3.24.v20180605/jetty-servlet-9.3.24.v20180605.jar:/home/user/.m2/repository/org/eclipse/jetty/jetty-security/9.3.24.v20180605/jetty-security-9.3.24.v20180605.jar:/home/user/.m2/repository/javax/servlet/jsp/jsp-api/2.1/jsp-api-2.1.jar:/home/user/.m2/repository/com/sun/jersey/jersey-servlet/1.19/jersey-servlet-1.19.jar:/home/user/.m2/repository/com/sun/jersey/jersey-json/1.19/jersey-json-1.19.jar:/home/user/.m2/repository/org/codehaus/jettison/jettison/1.1/jettison-1.1.jar:/home/user/.m2/repository/org/codehaus/jackson/jackson-core-asl/1.9.13/jackson-core-asl-1.9.13.jar:/home/user/.m2/repository/org/codehaus/jackson/jackson-mapper-asl/1.9.13/jackson-mapper-asl-1.9.13.jar:/home/user/.m2/repository/org/codehaus/jackson/jackson-jaxrs/1.9.13/jackson-jaxrs-1.9.13.jar:/home/user/.m2/repository/org/codehaus/jackson/jackson-xc/1.9.13/jackson-xc-1.9.13.jar:/home/user/.m2/repository/commons-logging/commons-logging/1.1.3/commons-logging-1.1.3.jar:/home/user/.m2/repository/commons-beanutils/commons-beanutils/1.9.3/commons-beanutils-1.9.3.jar:/home/user/.m2/repository/org/apache/commons/commons-configuration2/2.1.1/commons-configuration2-2.1.1.jar:/home/user/.m2/repository/org/apache/commons/commons-lang3/3.7/commons-lang3-3.7.jar:/home/user/.m2/repository/org/apache/commons/commons-text/1.4/commons-text-1.4.jar:/home/user/.m2/repository/org/apache/avro/avro/1.7.7/avro-1.7.7.jar:/home/user/.m2/repository/com/thoughtworks/paranamer/paranamer/2.3/paranamer-2.3.jar:/home/user/.m2/repository/org/xerial/snappy/snappy-java/1.0.5/snappy-java-1.0.5.jar:/home/user/.m2/repository/com/google/re2j/re2j/1.1/re2j-1.1.jar:/home/user/.m2/repository/com/google/code/gson/gson/2.2.4/gson-2.2.4.jar:/home/user/.m2/repository/com/jcraft/jsch/0.1.54/jsch-0.1.54.jar:/home/user/.m2/repository/org/apache/curator/curator-client/2.12.0/curator-client-2.12.0.jar:/home/user/.m2/repository/org/apache/curator/curator-recipes/2.12.0/curator-recipes-2.12.0.jar:/home/user/.m2/repository/com/google/code/findbugs/jsr305/3.0.0/jsr305-3.0.0.jar:/home/user/.m2/repository/org/apache/htrace/htrace-core4/4.1.0-incubating/htrace-core4-4.1.0-incubating.jar:/home/user/.m2/repository/org/apache/zookeeper/zookeeper/3.4.13/zookeeper-3.4.13.jar:/home/user/.m2/repository/org/apache/yetus/audience-annotations/0.5.0/audience-annotations-0.5.0.jar:/home/user/.m2/repository/org/codehaus/woodstox/stax2-api/3.1.4/stax2-api-3.1.4.jar:/home/user/.m2/repository/com/fasterxml/woodstox/woodstox-core/5.0.3/woodstox-core-5.0.3.jar:/home/user/.m2/repository/dnsjava/dnsjava/2.1.7/dnsjava-2.1.7.jar:/home/user/.m2/repository/org/apache/hadoop/hadoop-hdfs/3.2.0/hadoop-hdfs-3.2.0-tests.jar:/home/user/.m2/repository/org/eclipse/jetty/jetty-util-ajax/9.3.24.v20180605/jetty-util-ajax-9.3.24.v20180605.jar:/home/user/.m2/repository/commons-daemon/commons-daemon/1.0.13/commons-daemon-1.0.13.jar:/home/user/.m2/repository/io/netty/netty/3.10.5.Final/netty-3.10.5.Final.jar:/home/user/.m2/repository/io/netty/netty-all/4.0.52.Final/netty-all-4.0.52.Final.jar:/home/user/.m2/repository/org/fusesource/leveldbjni/leveldbjni-all/1.8/leveldbjni-all-1.8.jar:"/>
    <property name="sun.cpu.endian" value="little"/>
    <property name="user.home" value="/home/user"/>
    <property name="user.language" value="en"/>
    <property name="java.specification.vendor" value="Oracle Corporation"/>
    <property name="java.home" value="/usr/lib/jvm/java-1.8-openjdk/jre"/>
    <property name="java.security.krb5.conf" value="/workdir/hadoop-ozone/integration-test/target/test-classes/krb5.conf"/>
    <property name="basedir" value="/workdir/hadoop-ozone/integration-test"/>
    <property name="file.separator" value="/"/>
    <property name="line.separator" value="&#10;"/>
    <property name="java.vm.specification.vendor" value="Oracle Corporation"/>
    <property name="java.specification.name" value="Java Platform API Specification"/>
    <property name="java.awt.graphicsenv" value="sun.awt.X11GraphicsEnvironment"/>
    <property name="surefire.real.class.path" value="/workdir/hadoop-ozone/integration-test/target/surefire/surefirebooter1367240488491130460.jar"/>
    <property name="hadoop.log.dir" value="/workdir/hadoop-ozone/integration-test/target/log"/>
    <property name="sun.boot.class.path" value="/usr/lib/jvm/java-1.8-openjdk/jre/lib/resources.jar:/usr/lib/jvm/java-1.8-openjdk/jre/lib/rt.jar:/usr/lib/jvm/java-1.8-openjdk/jre/lib/sunrsasign.jar:/usr/lib/jvm/java-1.8-openjdk/jre/lib/jsse.jar:/usr/lib/jvm/java-1.8-openjdk/jre/lib/jce.jar:/usr/lib/jvm/java-1.8-openjdk/jre/lib/charsets.jar:/usr/lib/jvm/java-1.8-openjdk/jre/lib/jfr.jar:/usr/lib/jvm/java-1.8-openjdk/jre/classes"/>
    <property name="sun.management.compiler" value="HotSpot 64-Bit Tiered Compilers"/>
    <property name="java.runtime.version" value="1.8.0_212-b04"/>
    <property name="java.net.preferIPv4Stack" value="true"/>
    <property name="user.name" value="jenkins1000"/>
    <property name="path.separator" value=":"/>
    <property name="java.security.egd" value="file:///dev/urandom"/>
    <property name="os.version" value="3.10.0-957.12.2.el7.x86_64"/>
    <property name="java.endorsed.dirs" value="/usr/lib/jvm/java-1.8-openjdk/jre/lib/endorsed"/>
    <property name="java.runtime.name" value="OpenJDK Runtime Environment"/>
    <property name="file.encoding" value="UTF-8"/>
    <property name="java.vm.name" value="OpenJDK 64-Bit Server VM"/>
    <property name="test.build.webapps" value=""/>
    <property name="localRepository" value="/home/user/.m2/repository"/>
    <property name="java.vendor.url.bug" value="https://icedtea.classpath.org/bugzilla"/>
    <property name="java.io.tmpdir" value="/tmp"/>
    <property name="require.test.libhadoop" value=""/>
    <property name="java.version" value="1.8.0_212"/>
    <property name="user.dir" value="/workdir/hadoop-ozone/integration-test"/>
    <property name="os.arch" value="amd64"/>
    <property name="java.vm.specification.name" value="Java Virtual Machine Specification"/>
    <property name="test.build.classes" value="/workdir/hadoop-ozone/integration-test/target/test-classes"/>
    <property name="java.awt.printerjob" value="sun.print.PSPrinterJob"/>
    <property name="sun.os.patch.level" value="unknown"/>
    <property name="hadoop.tmp.dir" value="/workdir/hadoop-ozone/integration-test/target/tmp"/>
    <property name="java.library.path" value="/usr/lib/jvm/java-1.8-openjdk/jre/lib/amd64/server:/usr/lib/jvm/java-1.8-openjdk/jre/lib/amd64:/usr/lib/jvm/java-1.8-openjdk/jre/../lib/amd64:/workdir/hadoop-ozone/integration-test/target/native/target/usr/local/lib:/workdir/hadoop-ozone/integration-test/../../hadoop-common-project/hadoop-common/target/native/target/usr/local/lib:/usr/java/packages/lib/amd64:/usr/lib64:/lib64:/lib:/usr/lib"/>
    <property name="java.vm.info" value="mixed mode"/>
    <property name="java.vendor" value="IcedTea"/>
    <property name="java.vm.version" value="25.212-b04"/>
    <property name="java.ext.dirs" value="/usr/lib/jvm/java-1.8-openjdk/jre/lib/ext:/usr/java/packages/lib/ext"/>
    <property name="sun.io.unicode.encoding" value="UnicodeLittle"/>
    <property name="java.class.version" value="52.0"/>
  </properties>
  <testcase name="test2DatanodesFailure" classname="org.apache.hadoop.ozone.client.rpc.TestBlockOutputStreamWithFailures" time="42.735"/>
  <testcase name="testDatanodeFailureWithPreAllocation" classname="org.apache.hadoop.ozone.client.rpc.TestBlockOutputStreamWithFailures" time="224.206"/>
  <testcase name="testDatanodeFailureWithSingleNodeRatis" classname="org.apache.hadoop.ozone.client.rpc.TestBlockOutputStreamWithFailures" time="223.7"/>
  <testcase name="testWatchForCommitWithSingleNodeRatis" classname="org.apache.hadoop.ozone.client.rpc.TestBlockOutputStreamWithFailures" time="35.342"/>
  <testcase name="testWatchForCommitDatanodeFailure" classname="org.apache.hadoop.ozone.client.rpc.TestBlockOutputStreamWithFailures" time="42.309">
    <failure message="expected:&lt;2&gt; but was:&lt;3&gt;" type="java.lang.AssertionError"><![CDATA[java.lang.AssertionError: expected:<2> but was:<3>
	at org.junit.Assert.fail(Assert.java:88)
	at org.junit.Assert.failNotEquals(Assert.java:743)
	at org.junit.Assert.assertEquals(Assert.java:118)
	at org.junit.Assert.assertEquals(Assert.java:555)
	at org.junit.Assert.assertEquals(Assert.java:542)
	at org.apache.hadoop.ozone.client.rpc.TestBlockOutputStreamWithFailures.testWatchForCommitDatanodeFailure(TestBlockOutputStreamWithFailures.java:366)
	at sun.reflect.NativeMethodAccessorImpl.invoke0(Native Method)
	at sun.reflect.NativeMethodAccessorImpl.invoke(NativeMethodAccessorImpl.java:62)
	at sun.reflect.DelegatingMethodAccessorImpl.invoke(DelegatingMethodAccessorImpl.java:43)
	at java.lang.reflect.Method.invoke(Method.java:498)
	at org.junit.runners.model.FrameworkMethod$1.runReflectiveCall(FrameworkMethod.java:47)
	at org.junit.internal.runners.model.ReflectiveCallable.run(ReflectiveCallable.java:12)
	at org.junit.runners.model.FrameworkMethod.invokeExplosively(FrameworkMethod.java:44)
	at org.junit.internal.runners.statements.InvokeMethod.evaluate(InvokeMethod.java:17)
	at org.junit.internal.runners.statements.RunBefores.evaluate(RunBefores.java:26)
	at org.junit.internal.runners.statements.RunAfters.evaluate(RunAfters.java:27)
	at org.junit.runners.ParentRunner.runLeaf(ParentRunner.java:271)
	at org.junit.runners.BlockJUnit4ClassRunner.runChild(BlockJUnit4ClassRunner.java:70)
	at org.junit.runners.BlockJUnit4ClassRunner.runChild(BlockJUnit4ClassRunner.java:50)
	at org.junit.runners.ParentRunner$3.run(ParentRunner.java:238)
	at org.junit.runners.ParentRunner$1.schedule(ParentRunner.java:63)
	at org.junit.runners.ParentRunner.runChildren(ParentRunner.java:236)
	at org.junit.runners.ParentRunner.access$000(ParentRunner.java:53)
	at org.junit.runners.ParentRunner$2.evaluate(ParentRunner.java:229)
	at org.junit.runners.ParentRunner.run(ParentRunner.java:309)
	at org.apache.maven.surefire.junit4.JUnit4Provider.execute(JUnit4Provider.java:365)
	at org.apache.maven.surefire.junit4.JUnit4Provider.executeWithRerun(JUnit4Provider.java:273)
	at org.apache.maven.surefire.junit4.JUnit4Provider.executeTestSet(JUnit4Provider.java:238)
	at org.apache.maven.surefire.junit4.JUnit4Provider.invoke(JUnit4Provider.java:159)
	at org.apache.maven.surefire.booter.ForkedBooter.invokeProviderInSameClassLoader(ForkedBooter.java:384)
	at org.apache.maven.surefire.booter.ForkedBooter.runSuitesInProcess(ForkedBooter.java:345)
	at org.apache.maven.surefire.booter.ForkedBooter.execute(ForkedBooter.java:126)
	at org.apache.maven.surefire.booter.ForkedBooter.main(ForkedBooter.java:418)
]]></failure>
    <system-out><![CDATA[2019-09-02 05:32:51,223 [main] WARN  server.ServerUtils (ServerUtils.java:getScmDbDir(145)) - ozone.scm.db.dirs is not configured. We recommend adding this setting. Falling back to ozone.metadata.dirs instead.
2019-09-02 05:32:51,241 [main] WARN  server.ServerUtils (ServerUtils.java:getScmDbDir(145)) - ozone.scm.db.dirs is not configured. We recommend adding this setting. Falling back to ozone.metadata.dirs instead.
2019-09-02 05:32:51,242 [main] WARN  server.ServerUtils (ServerUtils.java:getScmDbDir(145)) - ozone.scm.db.dirs is not configured. We recommend adding this setting. Falling back to ozone.metadata.dirs instead.
2019-09-02 05:32:51,243 [main] INFO  db.DBStoreBuilder (DBStoreBuilder.java:addTable(110)) - using custom profile for table: deletedBlocks
2019-09-02 05:32:51,243 [main] INFO  db.DBStoreBuilder (DBStoreBuilder.java:processTables(161)) - Using default column profile:DBProfile.DISK for Table:deletedBlocks
2019-09-02 05:32:51,244 [main] INFO  db.DBStoreBuilder (DBStoreBuilder.java:addTable(110)) - using custom profile for table: validCerts
2019-09-02 05:32:51,244 [main] INFO  db.DBStoreBuilder (DBStoreBuilder.java:processTables(161)) - Using default column profile:DBProfile.DISK for Table:validCerts
2019-09-02 05:32:51,245 [main] INFO  db.DBStoreBuilder (DBStoreBuilder.java:addTable(110)) - using custom profile for table: revokedCerts
2019-09-02 05:32:51,245 [main] INFO  db.DBStoreBuilder (DBStoreBuilder.java:processTables(161)) - Using default column profile:DBProfile.DISK for Table:revokedCerts
2019-09-02 05:32:51,245 [main] INFO  db.DBStoreBuilder (DBStoreBuilder.java:addTable(110)) - using custom profile for table: default
2019-09-02 05:32:51,245 [main] INFO  db.DBStoreBuilder (DBStoreBuilder.java:processTables(167)) - Using default column profile:DBProfile.DISK for Table:default
2019-09-02 05:32:51,246 [main] INFO  db.DBStoreBuilder (DBStoreBuilder.java:getDbProfile(198)) - Using default options. DBProfile.DISK
2019-09-02 05:32:51,412 [main] INFO  net.NodeSchemaLoader (NodeSchemaLoader.java:loadSchemaFromFile(125)) - Loading file from sun.misc.CompoundEnumeration@291a4791
2019-09-02 05:32:51,412 [main] INFO  net.NodeSchemaLoader (NodeSchemaLoader.java:loadSchema(171)) - Loading network topology layer schema file
2019-09-02 05:32:51,419 [main] INFO  node.SCMNodeManager (SCMNodeManager.java:<init>(114)) - Entering startup safe mode.
2019-09-02 05:32:51,420 [main] INFO  algorithms.ContainerPlacementPolicyFactory (ContainerPlacementPolicyFactory.java:getPolicy(55)) - Create container placement policy of type org.apache.hadoop.hdds.scm.container.placement.algorithms.SCMContainerPlacementRandom
2019-09-02 05:32:51,421 [main] WARN  server.ServerUtils (ServerUtils.java:getScmDbDir(145)) - ozone.scm.db.dirs is not configured. We recommend adding this setting. Falling back to ozone.metadata.dirs instead.
2019-09-02 05:32:51,531 [main] INFO  pipeline.SCMPipelineManager (SCMPipelineManager.java:initializePipelineState(126)) - No pipeline exists in current db
2019-09-02 05:32:51,532 [main] WARN  server.ServerUtils (ServerUtils.java:getScmDbDir(145)) - ozone.scm.db.dirs is not configured. We recommend adding this setting. Falling back to ozone.metadata.dirs instead.
2019-09-02 05:32:51,621 [main] WARN  events.EventQueue (EventQueue.java:fireEvent(183)) - No event handler registered for event TypedEvent{payloadType=SafeModeStatus, name='SafeModeStatus'}
2019-09-02 05:32:51,622 [main] INFO  ipc.CallQueueManager (CallQueueManager.java:<init>(84)) - Using callQueue: class java.util.concurrent.LinkedBlockingQueue, queueCapacity: 2000, scheduler: class org.apache.hadoop.ipc.DefaultRpcScheduler, ipcBackoff: false.
2019-09-02 05:32:51,624 [Socket Reader #1 for port 37839] INFO  ipc.Server (Server.java:run(1074)) - Starting Socket Reader #1 for port 37839
2019-09-02 05:32:51,627 [main] INFO  ipc.CallQueueManager (CallQueueManager.java:<init>(84)) - Using callQueue: class java.util.concurrent.LinkedBlockingQueue, queueCapacity: 2000, scheduler: class org.apache.hadoop.ipc.DefaultRpcScheduler, ipcBackoff: false.
2019-09-02 05:32:51,628 [Socket Reader #1 for port 43724] INFO  ipc.Server (Server.java:run(1074)) - Starting Socket Reader #1 for port 43724
2019-09-02 05:32:51,630 [main] INFO  ipc.CallQueueManager (CallQueueManager.java:<init>(84)) - Using callQueue: class java.util.concurrent.LinkedBlockingQueue, queueCapacity: 2000, scheduler: class org.apache.hadoop.ipc.DefaultRpcScheduler, ipcBackoff: false.
2019-09-02 05:32:51,631 [Socket Reader #1 for port 37238] INFO  ipc.Server (Server.java:run(1074)) - Starting Socket Reader #1 for port 37238
2019-09-02 05:32:51,634 [main] INFO  hdfs.DFSUtil (DFSUtil.java:httpServerTemplateForNNAndJN(1641)) - Starting Web-server for scm at: http://0.0.0.0:0
2019-09-02 05:32:51,637 [main] INFO  server.AuthenticationFilter (AuthenticationFilter.java:constructSecretProvider(240)) - Unable to initialize FileSignerSecretProvider, falling back to use random secrets.
2019-09-02 05:32:51,638 [main] WARN  http.HttpRequestLog (HttpRequestLog.java:getRequestLog(97)) - Jetty request log can only be enabled using Log4j
2019-09-02 05:32:51,640 [main] INFO  http.HttpServer2 (HttpServer2.java:addGlobalFilter(975)) - Added global filter 'safety' (class=org.apache.hadoop.http.HttpServer2$QuotingInputFilter)
2019-09-02 05:32:51,641 [main] INFO  http.HttpServer2 (HttpServer2.java:addFilter(948)) - Added filter static_user_filter (class=org.apache.hadoop.http.lib.StaticUserWebFilter$StaticUserFilter) to context scm
2019-09-02 05:32:51,641 [main] INFO  http.HttpServer2 (HttpServer2.java:addFilter(958)) - Added filter static_user_filter (class=org.apache.hadoop.http.lib.StaticUserWebFilter$StaticUserFilter) to context logs
2019-09-02 05:32:51,642 [main] INFO  http.HttpServer2 (HttpServer2.java:addFilter(958)) - Added filter static_user_filter (class=org.apache.hadoop.http.lib.StaticUserWebFilter$StaticUserFilter) to context static
2019-09-02 05:32:51,645 [main] INFO  server.StorageContainerManager (StorageContainerManager.java:start(759)) - StorageContainerLocationProtocol RPC server is listening at /0.0.0.0:37238
2019-09-02 05:32:51,648 [main] WARN  impl.MetricsConfig (MetricsConfig.java:loadFirst(134)) - Cannot locate configuration: tried hadoop-metrics2-storagecontainermanager.properties,hadoop-metrics2.properties
2019-09-02 05:32:51,649 [main] INFO  impl.MetricsSystemImpl (MetricsSystemImpl.java:startTimer(374)) - Scheduled Metric snapshot period at 10 second(s).
2019-09-02 05:32:51,650 [main] INFO  impl.MetricsSystemImpl (MetricsSystemImpl.java:start(191)) - StorageContainerManager metrics system started
2019-09-02 05:32:51,693 [main] WARN  impl.MetricsSystemImpl (MetricsSystemImpl.java:register(276)) - Sink prometheus already exists!
2019-09-02 05:32:51,741 [main] INFO  server.SCMClientProtocolServer (SCMClientProtocolServer.java:start(151)) - RPC server for Client  is listening at /0.0.0.0:37238
2019-09-02 05:32:51,742 [IPC Server Responder] INFO  ipc.Server (Server.java:run(1314)) - IPC Server Responder: starting
2019-09-02 05:32:51,742 [IPC Server listener on 37238] INFO  ipc.Server (Server.java:run(1153)) - IPC Server listener on 37238: starting
2019-09-02 05:32:51,747 [main] INFO  server.StorageContainerManager (StorageContainerManager.java:start(769)) - ScmBlockLocationProtocol RPC server is listening at /0.0.0.0:43724
2019-09-02 05:32:51,747 [main] INFO  server.SCMBlockProtocolServer (SCMBlockProtocolServer.java:start(146)) - RPC server for Block Protocol is listening at /0.0.0.0:43724
2019-09-02 05:32:51,747 [IPC Server Responder] INFO  ipc.Server (Server.java:run(1314)) - IPC Server Responder: starting
2019-09-02 05:32:51,748 [IPC Server listener on 43724] INFO  ipc.Server (Server.java:run(1153)) - IPC Server listener on 43724: starting
2019-09-02 05:32:51,752 [main] INFO  server.StorageContainerManager (StorageContainerManager.java:start(773)) - ScmDatanodeProtocl RPC server is listening at /0.0.0.0:37839
2019-09-02 05:32:51,752 [main] INFO  server.SCMDatanodeProtocolServer (SCMDatanodeProtocolServer.java:start(191)) - RPC server for DataNodes is listening at /0.0.0.0:37839
2019-09-02 05:32:51,752 [IPC Server Responder] INFO  ipc.Server (Server.java:run(1314)) - IPC Server Responder: starting
2019-09-02 05:32:51,752 [IPC Server listener on 37839] INFO  ipc.Server (Server.java:run(1153)) - IPC Server listener on 37839: starting
2019-09-02 05:32:51,757 [main] INFO  http.HttpServer2 (HttpServer2.java:bindListener(1191)) - Jetty bound to port 45943
2019-09-02 05:32:51,757 [main] INFO  server.Server (Server.java:doStart(351)) - jetty-9.3.24.v20180605, build timestamp: 2018-06-05T17:11:56Z, git hash: 84205aa28f11a4f31f2a3b86d1bba2cc8ab69827
2019-09-02 05:32:51,759 [main] INFO  handler.ContextHandler (ContextHandler.java:doStart(781)) - Started o.e.j.s.ServletContextHandler@2fd39436{/logs,file:///workdir/hadoop-ozone/integration-test/target/log,AVAILABLE}
2019-09-02 05:32:51,760 [main] INFO  handler.ContextHandler (ContextHandler.java:doStart(781)) - Started o.e.j.s.ServletContextHandler@46394f65{/static,file:///workdir/hadoop-ozone/integration-test/target/test-classes/webapps/static,AVAILABLE}
2019-09-02 05:32:51,764 [main] INFO  handler.ContextHandler (ContextHandler.java:doStart(781)) - Started o.e.j.w.WebAppContext@4168f3d9{/,file:///workdir/hadoop-ozone/integration-test/target/test-classes/webapps/scm/,AVAILABLE}{/scm}
2019-09-02 05:32:51,765 [main] INFO  server.AbstractConnector (AbstractConnector.java:doStart(278)) - Started ServerConnector@353e6389{HTTP/1.1,[http/1.1]}{0.0.0.0:45943}
2019-09-02 05:32:51,766 [main] INFO  server.Server (Server.java:doStart(419)) - Started @527231ms
2019-09-02 05:32:51,766 [main] WARN  impl.MetricsSystemImpl (MetricsSystemImpl.java:register(276)) - Sink prometheus already exists!
2019-09-02 05:32:51,767 [main] INFO  server.BaseHttpServer (BaseHttpServer.java:updateConnectorAddress(215)) - HTTP server of SCM is listening at http://0.0.0.0:45943
2019-09-02 05:32:51,768 [main] WARN  server.ServerUtils (ServerUtils.java:getDBPath(222)) - ozone.om.db.dirs is not configured. We recommend adding this setting. Falling back to ozone.metadata.dirs instead.
2019-09-02 05:32:51,768 [org.apache.hadoop.util.JvmPauseMonitor$Monitor@7a65c995] INFO  util.JvmPauseMonitor (JvmPauseMonitor.java:run(188)) - Starting JVM pause monitor
2019-09-02 05:32:51,793 [main] WARN  server.ServerUtils (ServerUtils.java:getDBPath(222)) - ozone.om.db.dirs is not configured. We recommend adding this setting. Falling back to ozone.metadata.dirs instead.
2019-09-02 05:32:51,794 [main] WARN  server.ServerUtils (ServerUtils.java:getDBPath(222)) - ozone.om.db.dirs is not configured. We recommend adding this setting. Falling back to ozone.metadata.dirs instead.
2019-09-02 05:32:51,794 [main] INFO  om.OzoneManager (OzoneManager.java:setOMNodeDetails(649)) - OM Service ID is not set. Setting it to the default ID: omServiceIdDefault
2019-09-02 05:32:51,794 [main] INFO  om.OzoneManager (OzoneManager.java:setOMNodeDetails(655)) - OM Node ID is not set. Setting it to the OmStorage's OmID: 18c390c3-dbf4-4f1b-947b-75b4c5c6dacc
2019-09-02 05:32:51,795 [main] INFO  om.OzoneManager (OzoneManager.java:loadOMHAConfigs(606)) - Found matching OM address with OMServiceId: null, OMNodeId: null, RPC Address: localhost:0 and Ratis port: 9872
2019-09-02 05:32:51,802 [main] WARN  server.ServerUtils (ServerUtils.java:getDBPath(222)) - ozone.om.db.dirs is not configured. We recommend adding this setting. Falling back to ozone.metadata.dirs instead.
2019-09-02 05:32:51,803 [main] INFO  db.DBStoreBuilder (DBStoreBuilder.java:addTable(110)) - using custom profile for table: userTable
2019-09-02 05:32:51,803 [main] INFO  db.DBStoreBuilder (DBStoreBuilder.java:processTables(161)) - Using default column profile:DBProfile.DISK for Table:userTable
2019-09-02 05:32:51,804 [main] INFO  db.DBStoreBuilder (DBStoreBuilder.java:addTable(110)) - using custom profile for table: volumeTable
2019-09-02 05:32:51,804 [main] INFO  db.DBStoreBuilder (DBStoreBuilder.java:processTables(161)) - Using default column profile:DBProfile.DISK for Table:volumeTable
2019-09-02 05:32:51,805 [main] INFO  db.DBStoreBuilder (DBStoreBuilder.java:addTable(110)) - using custom profile for table: bucketTable
2019-09-02 05:32:51,805 [main] INFO  db.DBStoreBuilder (DBStoreBuilder.java:processTables(161)) - Using default column profile:DBProfile.DISK for Table:bucketTable
2019-09-02 05:32:51,805 [main] INFO  db.DBStoreBuilder (DBStoreBuilder.java:addTable(110)) - using custom profile for table: keyTable
2019-09-02 05:32:51,805 [main] INFO  db.DBStoreBuilder (DBStoreBuilder.java:processTables(161)) - Using default column profile:DBProfile.DISK for Table:keyTable
2019-09-02 05:32:51,806 [main] INFO  db.DBStoreBuilder (DBStoreBuilder.java:addTable(110)) - using custom profile for table: deletedTable
2019-09-02 05:32:51,806 [main] INFO  db.DBStoreBuilder (DBStoreBuilder.java:processTables(161)) - Using default column profile:DBProfile.DISK for Table:deletedTable
2019-09-02 05:32:51,806 [main] INFO  db.DBStoreBuilder (DBStoreBuilder.java:addTable(110)) - using custom profile for table: openKeyTable
2019-09-02 05:32:51,806 [main] INFO  db.DBStoreBuilder (DBStoreBuilder.java:processTables(161)) - Using default column profile:DBProfile.DISK for Table:openKeyTable
2019-09-02 05:32:51,807 [main] INFO  db.DBStoreBuilder (DBStoreBuilder.java:addTable(110)) - using custom profile for table: s3Table
2019-09-02 05:32:51,807 [main] INFO  db.DBStoreBuilder (DBStoreBuilder.java:processTables(161)) - Using default column profile:DBProfile.DISK for Table:s3Table
2019-09-02 05:32:51,807 [main] INFO  db.DBStoreBuilder (DBStoreBuilder.java:addTable(110)) - using custom profile for table: multipartInfoTable
2019-09-02 05:32:51,808 [main] INFO  db.DBStoreBuilder (DBStoreBuilder.java:processTables(161)) - Using default column profile:DBProfile.DISK for Table:multipartInfoTable
2019-09-02 05:32:51,808 [main] INFO  db.DBStoreBuilder (DBStoreBuilder.java:addTable(110)) - using custom profile for table: dTokenTable
2019-09-02 05:32:51,808 [main] INFO  db.DBStoreBuilder (DBStoreBuilder.java:processTables(161)) - Using default column profile:DBProfile.DISK for Table:dTokenTable
2019-09-02 05:32:51,808 [main] INFO  db.DBStoreBuilder (DBStoreBuilder.java:addTable(110)) - using custom profile for table: s3SecretTable
2019-09-02 05:32:51,809 [main] INFO  db.DBStoreBuilder (DBStoreBuilder.java:processTables(161)) - Using default column profile:DBProfile.DISK for Table:s3SecretTable
2019-09-02 05:32:51,809 [main] INFO  db.DBStoreBuilder (DBStoreBuilder.java:addTable(110)) - using custom profile for table: prefixTable
2019-09-02 05:32:51,809 [main] INFO  db.DBStoreBuilder (DBStoreBuilder.java:processTables(161)) - Using default column profile:DBProfile.DISK for Table:prefixTable
2019-09-02 05:32:51,810 [main] INFO  db.DBStoreBuilder (DBStoreBuilder.java:addTable(110)) - using custom profile for table: default
2019-09-02 05:32:51,810 [main] INFO  db.DBStoreBuilder (DBStoreBuilder.java:processTables(167)) - Using default column profile:DBProfile.DISK for Table:default
2019-09-02 05:32:51,810 [main] INFO  db.DBStoreBuilder (DBStoreBuilder.java:getDbProfile(198)) - Using default options. DBProfile.DISK
2019-09-02 05:32:52,342 [main] INFO  ipc.CallQueueManager (CallQueueManager.java:<init>(84)) - Using callQueue: class java.util.concurrent.LinkedBlockingQueue, queueCapacity: 2000, scheduler: class org.apache.hadoop.ipc.DefaultRpcScheduler, ipcBackoff: false.
2019-09-02 05:32:52,343 [Socket Reader #1 for port 44010] INFO  ipc.Server (Server.java:run(1074)) - Starting Socket Reader #1 for port 44010
2019-09-02 05:32:52,357 [main] INFO  om.OzoneManager (OzoneManager.java:start(1240)) - OzoneManager RPC server is listening at localhost/127.0.0.1:44010
2019-09-02 05:32:52,357 [main] INFO  impl.MetricsSystemImpl (MetricsSystemImpl.java:init(158)) - OzoneManager metrics system started (again)
2019-09-02 05:32:52,358 [IPC Server Responder] INFO  ipc.Server (Server.java:run(1314)) - IPC Server Responder: starting
2019-09-02 05:32:52,359 [IPC Server listener on 44010] INFO  ipc.Server (Server.java:run(1153)) - IPC Server listener on 44010: starting
2019-09-02 05:32:52,364 [main] INFO  hdfs.DFSUtil (DFSUtil.java:httpServerTemplateForNNAndJN(1641)) - Starting Web-server for ozoneManager at: http://0.0.0.0:0
2019-09-02 05:32:52,367 [main] INFO  server.AuthenticationFilter (AuthenticationFilter.java:constructSecretProvider(240)) - Unable to initialize FileSignerSecretProvider, falling back to use random secrets.
2019-09-02 05:32:52,368 [main] WARN  http.HttpRequestLog (HttpRequestLog.java:getRequestLog(97)) - Jetty request log can only be enabled using Log4j
2019-09-02 05:32:52,370 [main] INFO  http.HttpServer2 (HttpServer2.java:addGlobalFilter(975)) - Added global filter 'safety' (class=org.apache.hadoop.http.HttpServer2$QuotingInputFilter)
2019-09-02 05:32:52,371 [main] INFO  http.HttpServer2 (HttpServer2.java:addFilter(948)) - Added filter static_user_filter (class=org.apache.hadoop.http.lib.StaticUserWebFilter$StaticUserFilter) to context ozoneManager
2019-09-02 05:32:52,371 [main] INFO  http.HttpServer2 (HttpServer2.java:addFilter(958)) - Added filter static_user_filter (class=org.apache.hadoop.http.lib.StaticUserWebFilter$StaticUserFilter) to context logs
2019-09-02 05:32:52,371 [main] INFO  http.HttpServer2 (HttpServer2.java:addFilter(958)) - Added filter static_user_filter (class=org.apache.hadoop.http.lib.StaticUserWebFilter$StaticUserFilter) to context static
2019-09-02 05:32:52,372 [main] INFO  http.HttpServer2 (HttpServer2.java:bindListener(1191)) - Jetty bound to port 35024
2019-09-02 05:32:52,373 [main] INFO  server.Server (Server.java:doStart(351)) - jetty-9.3.24.v20180605, build timestamp: 2018-06-05T17:11:56Z, git hash: 84205aa28f11a4f31f2a3b86d1bba2cc8ab69827
2019-09-02 05:32:52,375 [main] INFO  handler.ContextHandler (ContextHandler.java:doStart(781)) - Started o.e.j.s.ServletContextHandler@478fb7dc{/logs,file:///workdir/hadoop-ozone/integration-test/target/log,AVAILABLE}
2019-09-02 05:32:52,375 [main] INFO  handler.ContextHandler (ContextHandler.java:doStart(781)) - Started o.e.j.s.ServletContextHandler@19b75b2b{/static,file:///workdir/hadoop-ozone/integration-test/target/test-classes/webapps/static,AVAILABLE}
2019-09-02 05:32:52,381 [main] INFO  handler.ContextHandler (ContextHandler.java:doStart(781)) - Started o.e.j.w.WebAppContext@611d0763{/,file:///workdir/hadoop-ozone/integration-test/target/test-classes/webapps/ozoneManager/,AVAILABLE}{/ozoneManager}
2019-09-02 05:32:52,381 [main] INFO  server.AbstractConnector (AbstractConnector.java:doStart(278)) - Started ServerConnector@615efd1c{HTTP/1.1,[http/1.1]}{0.0.0.0:35024}
2019-09-02 05:32:52,382 [main] INFO  server.Server (Server.java:doStart(419)) - Started @527848ms
2019-09-02 05:32:52,383 [main] WARN  impl.MetricsSystemImpl (MetricsSystemImpl.java:register(276)) - Sink prometheus already exists!
2019-09-02 05:32:52,383 [main] INFO  server.BaseHttpServer (BaseHttpServer.java:updateConnectorAddress(215)) - HTTP server of OZONEMANAGER is listening at http://0.0.0.0:35024
2019-09-02 05:32:52,403 [main] INFO  impl.MetricsSystemImpl (MetricsSystemImpl.java:init(158)) - HddsDatanode metrics system started (again)
2019-09-02 05:32:52,406 [main] INFO  ozone.HddsDatanodeService (HddsDatanodeService.java:start(184)) - HddsDatanodeService host:trunk-nightly-20190902-fsht6-3309735379 ip:192.168.36.97
2019-09-02 05:32:52,419 [main] INFO  volume.HddsVolume (HddsVolume.java:<init>(176)) - Creating Volume: /workdir/hadoop-ozone/integration-test/target/test-dir/MiniOzoneClusterImpl-2a832e96-29dd-4f29-9444-310fee0a410e/datanode-0/data/containers/hdds of  storage type : DISK and capacity : 1482555576320
2019-09-02 05:32:52,420 [main] INFO  volume.VolumeSet (VolumeSet.java:initializeVolumeSet(170)) - Added Volume : /workdir/hadoop-ozone/integration-test/target/test-dir/MiniOzoneClusterImpl-2a832e96-29dd-4f29-9444-310fee0a410e/datanode-0/data/containers/hdds to VolumeSet
2019-09-02 05:32:52,421 [main] INFO  volume.ThrottledAsyncChecker (ThrottledAsyncChecker.java:schedule(140)) - Scheduling a check for org.apache.hadoop.ozone.container.common.volume.HddsVolume@65da01f4
2019-09-02 05:32:52,422 [main] INFO  volume.HddsVolumeChecker (HddsVolumeChecker.java:checkAllVolumes(203)) - Scheduled health check for volume org.apache.hadoop.ozone.container.common.volume.HddsVolume@65da01f4
2019-09-02 05:32:52,439 [main] INFO  impl.RaftServerProxy (ConfUtils.java:logGet(43)) - raft.rpc.type = GRPC (default)
2019-09-02 05:32:52,440 [main] INFO  grpc.GrpcFactory (GrpcFactory.java:checkPooledByteBufAllocatorUseCacheForAllThreads(45)) - PERFORMANCE WARNING: useCacheForAllThreads is true that may cause Netty to create a lot garbage objects and, as a result, trigger GC.
	It is recommended to disable useCacheForAllThreads by setting -Dorg.apache.ratis.thirdparty.io.netty.allocator.useCacheForAllThreads=false in command line.
2019-09-02 05:32:52,440 [main] INFO  grpc.GrpcConfigKeys$Server (ConfUtils.java:logGet(43)) - raft.grpc.server.port = 0 (default)
2019-09-02 05:32:52,440 [main] INFO  server.GrpcService (ConfUtils.java:logGet(43)) - raft.grpc.message.size.max = 33570816 (custom)
2019-09-02 05:32:52,441 [main] INFO  server.RaftServerConfigKeys (ConfUtils.java:logGet(43)) - raft.server.log.appender.buffer.byte-limit = 33554432 (custom)
2019-09-02 05:32:52,441 [main] INFO  server.GrpcService (ConfUtils.java:logGet(43)) - raft.grpc.flow.control.window = 1MB (=1048576) (default)
2019-09-02 05:32:52,441 [main] INFO  server.RaftServerConfigKeys (ConfUtils.java:logGet(43)) - raft.server.rpc.request.timeout = 3000ms (default)
2019-09-02 05:32:52,443 [main] INFO  server.RaftServerConfigKeys (ConfUtils.java:logGet(43)) - raft.server.storage.dir = [/workdir/hadoop-ozone/integration-test/target/test-dir/MiniOzoneClusterImpl-2a832e96-29dd-4f29-9444-310fee0a410e/datanode-0/data/ratis] (custom)
2019-09-02 05:32:52,445 [main] INFO  hdfs.DFSUtil (DFSUtil.java:httpServerTemplateForNNAndJN(1641)) - Starting Web-server for hddsDatanode at: http://0.0.0.0:0
2019-09-02 05:32:52,448 [main] INFO  server.AuthenticationFilter (AuthenticationFilter.java:constructSecretProvider(240)) - Unable to initialize FileSignerSecretProvider, falling back to use random secrets.
2019-09-02 05:32:52,449 [main] WARN  http.HttpRequestLog (HttpRequestLog.java:getRequestLog(97)) - Jetty request log can only be enabled using Log4j
2019-09-02 05:32:52,451 [main] INFO  http.HttpServer2 (HttpServer2.java:addGlobalFilter(975)) - Added global filter 'safety' (class=org.apache.hadoop.http.HttpServer2$QuotingInputFilter)
2019-09-02 05:32:52,452 [main] INFO  http.HttpServer2 (HttpServer2.java:addFilter(948)) - Added filter static_user_filter (class=org.apache.hadoop.http.lib.StaticUserWebFilter$StaticUserFilter) to context hddsDatanode
2019-09-02 05:32:52,452 [main] INFO  http.HttpServer2 (HttpServer2.java:addFilter(958)) - Added filter static_user_filter (class=org.apache.hadoop.http.lib.StaticUserWebFilter$StaticUserFilter) to context static
2019-09-02 05:32:52,453 [main] INFO  http.HttpServer2 (HttpServer2.java:addFilter(958)) - Added filter static_user_filter (class=org.apache.hadoop.http.lib.StaticUserWebFilter$StaticUserFilter) to context logs
2019-09-02 05:32:52,454 [main] INFO  http.HttpServer2 (HttpServer2.java:bindListener(1191)) - Jetty bound to port 40860
2019-09-02 05:32:52,454 [main] INFO  server.Server (Server.java:doStart(351)) - jetty-9.3.24.v20180605, build timestamp: 2018-06-05T17:11:56Z, git hash: 84205aa28f11a4f31f2a3b86d1bba2cc8ab69827
2019-09-02 05:32:52,457 [main] INFO  handler.ContextHandler (ContextHandler.java:doStart(781)) - Started o.e.j.s.ServletContextHandler@5438fa43{/logs,file:///workdir/hadoop-ozone/integration-test/target/log,AVAILABLE}
2019-09-02 05:32:52,457 [main] INFO  handler.ContextHandler (ContextHandler.java:doStart(781)) - Started o.e.j.s.ServletContextHandler@515ab3f2{/static,jar:file:/home/user/.m2/repository/org/apache/hadoop/hadoop-hdds-container-service/0.5.0-SNAPSHOT/hadoop-hdds-container-service-0.5.0-SNAPSHOT.jar!/webapps/static,AVAILABLE}
2019-09-02 05:32:52,495 [main] INFO  handler.ContextHandler (ContextHandler.java:doStart(781)) - Started o.e.j.w.WebAppContext@5c8d58ed{/,file:///tmp/jetty-0.0.0.0-40860-hddsDatanode-_-any-3830462574611112582.dir/webapp/,AVAILABLE}{/hddsDatanode}
2019-09-02 05:32:52,495 [main] INFO  server.AbstractConnector (AbstractConnector.java:doStart(278)) - Started ServerConnector@6a567f7b{HTTP/1.1,[http/1.1]}{0.0.0.0:40860}
2019-09-02 05:32:52,497 [main] INFO  server.Server (Server.java:doStart(419)) - Started @527962ms
2019-09-02 05:32:52,497 [main] WARN  impl.MetricsSystemImpl (MetricsSystemImpl.java:register(276)) - Sink prometheus already exists!
2019-09-02 05:32:52,498 [main] INFO  server.BaseHttpServer (BaseHttpServer.java:updateConnectorAddress(215)) - HTTP server of HDDSDATANODE is listening at http://0.0.0.0:40860
2019-09-02 05:32:52,498 [main] INFO  impl.MetricsSystemImpl (MetricsSystemImpl.java:init(158)) - HddsDatanode metrics system started (again)
2019-09-02 05:32:52,500 [org.apache.hadoop.util.JvmPauseMonitor$Monitor@5c05fa81] INFO  util.JvmPauseMonitor (JvmPauseMonitor.java:run(188)) - Starting JVM pause monitor
2019-09-02 05:32:52,501 [main] INFO  ozone.HddsDatanodeService (HddsDatanodeService.java:start(184)) - HddsDatanodeService host:trunk-nightly-20190902-fsht6-3309735379 ip:192.168.36.97
2019-09-02 05:32:52,503 [Datanode State Machine Thread - 0] INFO  datanode.InitDatanodeState (InitDatanodeState.java:persistContainerDatanodeDetails(140)) - DatanodeDetails is persisted to /workdir/hadoop-ozone/integration-test/target/test-dir/MiniOzoneClusterImpl-2a832e96-29dd-4f29-9444-310fee0a410e/datanode-0/meta/datanode.id
2019-09-02 05:32:52,507 [main] INFO  volume.HddsVolume (HddsVolume.java:<init>(176)) - Creating Volume: /workdir/hadoop-ozone/integration-test/target/test-dir/MiniOzoneClusterImpl-2a832e96-29dd-4f29-9444-310fee0a410e/datanode-1/data/containers/hdds of  storage type : DISK and capacity : 1482555576320
2019-09-02 05:32:52,507 [main] INFO  volume.VolumeSet (VolumeSet.java:initializeVolumeSet(170)) - Added Volume : /workdir/hadoop-ozone/integration-test/target/test-dir/MiniOzoneClusterImpl-2a832e96-29dd-4f29-9444-310fee0a410e/datanode-1/data/containers/hdds to VolumeSet
2019-09-02 05:32:52,507 [main] INFO  volume.ThrottledAsyncChecker (ThrottledAsyncChecker.java:schedule(140)) - Scheduling a check for org.apache.hadoop.ozone.container.common.volume.HddsVolume@1788cb61
2019-09-02 05:32:52,508 [main] INFO  volume.HddsVolumeChecker (HddsVolumeChecker.java:checkAllVolumes(203)) - Scheduled health check for volume org.apache.hadoop.ozone.container.common.volume.HddsVolume@1788cb61
2019-09-02 05:32:52,528 [main] INFO  impl.RaftServerProxy (ConfUtils.java:logGet(43)) - raft.rpc.type = GRPC (default)
2019-09-02 05:32:52,528 [main] INFO  grpc.GrpcFactory (GrpcFactory.java:checkPooledByteBufAllocatorUseCacheForAllThreads(45)) - PERFORMANCE WARNING: useCacheForAllThreads is true that may cause Netty to create a lot garbage objects and, as a result, trigger GC.
	It is recommended to disable useCacheForAllThreads by setting -Dorg.apache.ratis.thirdparty.io.netty.allocator.useCacheForAllThreads=false in command line.
2019-09-02 05:32:52,528 [main] INFO  grpc.GrpcConfigKeys$Server (ConfUtils.java:logGet(43)) - raft.grpc.server.port = 0 (default)
2019-09-02 05:32:52,529 [main] INFO  server.GrpcService (ConfUtils.java:logGet(43)) - raft.grpc.message.size.max = 33570816 (custom)
2019-09-02 05:32:52,529 [main] INFO  server.RaftServerConfigKeys (ConfUtils.java:logGet(43)) - raft.server.log.appender.buffer.byte-limit = 33554432 (custom)
2019-09-02 05:32:52,529 [main] INFO  server.GrpcService (ConfUtils.java:logGet(43)) - raft.grpc.flow.control.window = 1MB (=1048576) (default)
2019-09-02 05:32:52,529 [main] INFO  server.RaftServerConfigKeys (ConfUtils.java:logGet(43)) - raft.server.rpc.request.timeout = 3000ms (default)
2019-09-02 05:32:52,530 [main] INFO  server.RaftServerConfigKeys (ConfUtils.java:logGet(43)) - raft.server.storage.dir = [/workdir/hadoop-ozone/integration-test/target/test-dir/MiniOzoneClusterImpl-2a832e96-29dd-4f29-9444-310fee0a410e/datanode-1/data/ratis] (custom)
2019-09-02 05:32:52,531 [main] INFO  hdfs.DFSUtil (DFSUtil.java:httpServerTemplateForNNAndJN(1641)) - Starting Web-server for hddsDatanode at: http://0.0.0.0:0
2019-09-02 05:32:52,533 [main] INFO  server.AuthenticationFilter (AuthenticationFilter.java:constructSecretProvider(240)) - Unable to initialize FileSignerSecretProvider, falling back to use random secrets.
2019-09-02 05:32:52,533 [main] WARN  http.HttpRequestLog (HttpRequestLog.java:getRequestLog(97)) - Jetty request log can only be enabled using Log4j
2019-09-02 05:32:52,535 [main] INFO  http.HttpServer2 (HttpServer2.java:addGlobalFilter(975)) - Added global filter 'safety' (class=org.apache.hadoop.http.HttpServer2$QuotingInputFilter)
2019-09-02 05:32:52,536 [main] INFO  http.HttpServer2 (HttpServer2.java:addFilter(948)) - Added filter static_user_filter (class=org.apache.hadoop.http.lib.StaticUserWebFilter$StaticUserFilter) to context hddsDatanode
2019-09-02 05:32:52,536 [main] INFO  http.HttpServer2 (HttpServer2.java:addFilter(958)) - Added filter static_user_filter (class=org.apache.hadoop.http.lib.StaticUserWebFilter$StaticUserFilter) to context logs
2019-09-02 05:32:52,536 [main] INFO  http.HttpServer2 (HttpServer2.java:addFilter(958)) - Added filter static_user_filter (class=org.apache.hadoop.http.lib.StaticUserWebFilter$StaticUserFilter) to context static
2019-09-02 05:32:52,537 [main] INFO  http.HttpServer2 (HttpServer2.java:bindListener(1191)) - Jetty bound to port 44329
2019-09-02 05:32:52,537 [main] INFO  server.Server (Server.java:doStart(351)) - jetty-9.3.24.v20180605, build timestamp: 2018-06-05T17:11:56Z, git hash: 84205aa28f11a4f31f2a3b86d1bba2cc8ab69827
2019-09-02 05:32:52,539 [main] INFO  handler.ContextHandler (ContextHandler.java:doStart(781)) - Started o.e.j.s.ServletContextHandler@d2708a7{/logs,file:///workdir/hadoop-ozone/integration-test/target/log,AVAILABLE}
2019-09-02 05:32:52,539 [main] INFO  handler.ContextHandler (ContextHandler.java:doStart(781)) - Started o.e.j.s.ServletContextHandler@2313db84{/static,jar:file:/home/user/.m2/repository/org/apache/hadoop/hadoop-hdds-container-service/0.5.0-SNAPSHOT/hadoop-hdds-container-service-0.5.0-SNAPSHOT.jar!/webapps/static,AVAILABLE}
2019-09-02 05:32:52,574 [main] INFO  handler.ContextHandler (ContextHandler.java:doStart(781)) - Started o.e.j.w.WebAppContext@636985df{/,file:///tmp/jetty-0.0.0.0-44329-hddsDatanode-_-any-5540267646560501735.dir/webapp/,AVAILABLE}{/hddsDatanode}
2019-09-02 05:32:52,574 [main] INFO  server.AbstractConnector (AbstractConnector.java:doStart(278)) - Started ServerConnector@6f91fbda{HTTP/1.1,[http/1.1]}{0.0.0.0:44329}
2019-09-02 05:32:52,575 [main] INFO  server.Server (Server.java:doStart(419)) - Started @528041ms
2019-09-02 05:32:52,575 [main] WARN  impl.MetricsSystemImpl (MetricsSystemImpl.java:register(276)) - Sink prometheus already exists!
2019-09-02 05:32:52,576 [main] INFO  server.BaseHttpServer (BaseHttpServer.java:updateConnectorAddress(215)) - HTTP server of HDDSDATANODE is listening at http://0.0.0.0:44329
2019-09-02 05:32:52,576 [main] INFO  impl.MetricsSystemImpl (MetricsSystemImpl.java:init(158)) - HddsDatanode metrics system started (again)
2019-09-02 05:32:52,578 [org.apache.hadoop.util.JvmPauseMonitor$Monitor@5b6596ca] INFO  util.JvmPauseMonitor (JvmPauseMonitor.java:run(188)) - Starting JVM pause monitor
2019-09-02 05:32:52,579 [main] INFO  ozone.HddsDatanodeService (HddsDatanodeService.java:start(184)) - HddsDatanodeService host:trunk-nightly-20190902-fsht6-3309735379 ip:192.168.36.97
2019-09-02 05:32:52,580 [Datanode State Machine Thread - 0] INFO  datanode.InitDatanodeState (InitDatanodeState.java:persistContainerDatanodeDetails(140)) - DatanodeDetails is persisted to /workdir/hadoop-ozone/integration-test/target/test-dir/MiniOzoneClusterImpl-2a832e96-29dd-4f29-9444-310fee0a410e/datanode-1/meta/datanode.id
2019-09-02 05:32:52,584 [main] INFO  volume.HddsVolume (HddsVolume.java:<init>(176)) - Creating Volume: /workdir/hadoop-ozone/integration-test/target/test-dir/MiniOzoneClusterImpl-2a832e96-29dd-4f29-9444-310fee0a410e/datanode-2/data/containers/hdds of  storage type : DISK and capacity : 1482555576320
2019-09-02 05:32:52,584 [main] INFO  volume.VolumeSet (VolumeSet.java:initializeVolumeSet(170)) - Added Volume : /workdir/hadoop-ozone/integration-test/target/test-dir/MiniOzoneClusterImpl-2a832e96-29dd-4f29-9444-310fee0a410e/datanode-2/data/containers/hdds to VolumeSet
2019-09-02 05:32:52,584 [main] INFO  volume.ThrottledAsyncChecker (ThrottledAsyncChecker.java:schedule(140)) - Scheduling a check for org.apache.hadoop.ozone.container.common.volume.HddsVolume@2dd178f3
2019-09-02 05:32:52,585 [main] INFO  volume.HddsVolumeChecker (HddsVolumeChecker.java:checkAllVolumes(203)) - Scheduled health check for volume org.apache.hadoop.ozone.container.common.volume.HddsVolume@2dd178f3
2019-09-02 05:32:52,602 [main] INFO  impl.RaftServerProxy (ConfUtils.java:logGet(43)) - raft.rpc.type = GRPC (default)
2019-09-02 05:32:52,603 [main] INFO  grpc.GrpcFactory (GrpcFactory.java:checkPooledByteBufAllocatorUseCacheForAllThreads(45)) - PERFORMANCE WARNING: useCacheForAllThreads is true that may cause Netty to create a lot garbage objects and, as a result, trigger GC.
	It is recommended to disable useCacheForAllThreads by setting -Dorg.apache.ratis.thirdparty.io.netty.allocator.useCacheForAllThreads=false in command line.
2019-09-02 05:32:52,603 [main] INFO  grpc.GrpcConfigKeys$Server (ConfUtils.java:logGet(43)) - raft.grpc.server.port = 0 (default)
2019-09-02 05:32:52,603 [main] INFO  server.GrpcService (ConfUtils.java:logGet(43)) - raft.grpc.message.size.max = 33570816 (custom)
2019-09-02 05:32:52,604 [main] INFO  server.RaftServerConfigKeys (ConfUtils.java:logGet(43)) - raft.server.log.appender.buffer.byte-limit = 33554432 (custom)
2019-09-02 05:32:52,604 [main] INFO  server.GrpcService (ConfUtils.java:logGet(43)) - raft.grpc.flow.control.window = 1MB (=1048576) (default)
2019-09-02 05:32:52,604 [main] INFO  server.RaftServerConfigKeys (ConfUtils.java:logGet(43)) - raft.server.rpc.request.timeout = 3000ms (default)
2019-09-02 05:32:52,605 [main] INFO  server.RaftServerConfigKeys (ConfUtils.java:logGet(43)) - raft.server.storage.dir = [/workdir/hadoop-ozone/integration-test/target/test-dir/MiniOzoneClusterImpl-2a832e96-29dd-4f29-9444-310fee0a410e/datanode-2/data/ratis] (custom)
2019-09-02 05:32:52,606 [main] INFO  hdfs.DFSUtil (DFSUtil.java:httpServerTemplateForNNAndJN(1641)) - Starting Web-server for hddsDatanode at: http://0.0.0.0:0
2019-09-02 05:32:52,608 [main] INFO  server.AuthenticationFilter (AuthenticationFilter.java:constructSecretProvider(240)) - Unable to initialize FileSignerSecretProvider, falling back to use random secrets.
2019-09-02 05:32:52,608 [main] WARN  http.HttpRequestLog (HttpRequestLog.java:getRequestLog(97)) - Jetty request log can only be enabled using Log4j
2019-09-02 05:32:52,610 [main] INFO  http.HttpServer2 (HttpServer2.java:addGlobalFilter(975)) - Added global filter 'safety' (class=org.apache.hadoop.http.HttpServer2$QuotingInputFilter)
2019-09-02 05:32:52,611 [main] INFO  http.HttpServer2 (HttpServer2.java:addFilter(948)) - Added filter static_user_filter (class=org.apache.hadoop.http.lib.StaticUserWebFilter$StaticUserFilter) to context hddsDatanode
2019-09-02 05:32:52,611 [main] INFO  http.HttpServer2 (HttpServer2.java:addFilter(958)) - Added filter static_user_filter (class=org.apache.hadoop.http.lib.StaticUserWebFilter$StaticUserFilter) to context logs
2019-09-02 05:32:52,611 [main] INFO  http.HttpServer2 (HttpServer2.java:addFilter(958)) - Added filter static_user_filter (class=org.apache.hadoop.http.lib.StaticUserWebFilter$StaticUserFilter) to context static
2019-09-02 05:32:52,612 [main] INFO  http.HttpServer2 (HttpServer2.java:bindListener(1191)) - Jetty bound to port 33551
2019-09-02 05:32:52,612 [main] INFO  server.Server (Server.java:doStart(351)) - jetty-9.3.24.v20180605, build timestamp: 2018-06-05T17:11:56Z, git hash: 84205aa28f11a4f31f2a3b86d1bba2cc8ab69827
2019-09-02 05:32:52,614 [main] INFO  handler.ContextHandler (ContextHandler.java:doStart(781)) - Started o.e.j.s.ServletContextHandler@6b0f266e{/logs,file:///workdir/hadoop-ozone/integration-test/target/log,AVAILABLE}
2019-09-02 05:32:52,615 [main] INFO  handler.ContextHandler (ContextHandler.java:doStart(781)) - Started o.e.j.s.ServletContextHandler@53314f76{/static,jar:file:/home/user/.m2/repository/org/apache/hadoop/hadoop-hdds-container-service/0.5.0-SNAPSHOT/hadoop-hdds-container-service-0.5.0-SNAPSHOT.jar!/webapps/static,AVAILABLE}
2019-09-02 05:32:52,649 [main] INFO  handler.ContextHandler (ContextHandler.java:doStart(781)) - Started o.e.j.w.WebAppContext@7da1e005{/,file:///tmp/jetty-0.0.0.0-33551-hddsDatanode-_-any-1390118165640930852.dir/webapp/,AVAILABLE}{/hddsDatanode}
2019-09-02 05:32:52,649 [main] INFO  server.AbstractConnector (AbstractConnector.java:doStart(278)) - Started ServerConnector@38159384{HTTP/1.1,[http/1.1]}{0.0.0.0:33551}
2019-09-02 05:32:52,650 [main] INFO  server.Server (Server.java:doStart(419)) - Started @528116ms
2019-09-02 05:32:52,651 [main] WARN  impl.MetricsSystemImpl (MetricsSystemImpl.java:register(276)) - Sink prometheus already exists!
2019-09-02 05:32:52,651 [main] INFO  server.BaseHttpServer (BaseHttpServer.java:updateConnectorAddress(215)) - HTTP server of HDDSDATANODE is listening at http://0.0.0.0:33551
2019-09-02 05:32:52,652 [main] INFO  impl.MetricsSystemImpl (MetricsSystemImpl.java:init(158)) - HddsDatanode metrics system started (again)
2019-09-02 05:32:52,653 [org.apache.hadoop.util.JvmPauseMonitor$Monitor@5031969d] INFO  util.JvmPauseMonitor (JvmPauseMonitor.java:run(188)) - Starting JVM pause monitor
2019-09-02 05:32:52,657 [main] INFO  ozone.HddsDatanodeService (HddsDatanodeService.java:start(184)) - HddsDatanodeService host:trunk-nightly-20190902-fsht6-3309735379 ip:192.168.36.97
2019-09-02 05:32:52,657 [Datanode State Machine Thread - 0] INFO  datanode.InitDatanodeState (InitDatanodeState.java:persistContainerDatanodeDetails(140)) - DatanodeDetails is persisted to /workdir/hadoop-ozone/integration-test/target/test-dir/MiniOzoneClusterImpl-2a832e96-29dd-4f29-9444-310fee0a410e/datanode-2/meta/datanode.id
2019-09-02 05:32:52,664 [main] INFO  volume.HddsVolume (HddsVolume.java:<init>(176)) - Creating Volume: /workdir/hadoop-ozone/integration-test/target/test-dir/MiniOzoneClusterImpl-2a832e96-29dd-4f29-9444-310fee0a410e/datanode-3/data/containers/hdds of  storage type : DISK and capacity : 1482555576320
2019-09-02 05:32:52,664 [main] INFO  volume.VolumeSet (VolumeSet.java:initializeVolumeSet(170)) - Added Volume : /workdir/hadoop-ozone/integration-test/target/test-dir/MiniOzoneClusterImpl-2a832e96-29dd-4f29-9444-310fee0a410e/datanode-3/data/containers/hdds to VolumeSet
2019-09-02 05:32:52,665 [main] INFO  volume.ThrottledAsyncChecker (ThrottledAsyncChecker.java:schedule(140)) - Scheduling a check for org.apache.hadoop.ozone.container.common.volume.HddsVolume@138f0661
2019-09-02 05:32:52,665 [main] INFO  volume.HddsVolumeChecker (HddsVolumeChecker.java:checkAllVolumes(203)) - Scheduled health check for volume org.apache.hadoop.ozone.container.common.volume.HddsVolume@138f0661
2019-09-02 05:32:52,687 [main] INFO  impl.RaftServerProxy (ConfUtils.java:logGet(43)) - raft.rpc.type = GRPC (default)
2019-09-02 05:32:52,688 [main] INFO  grpc.GrpcFactory (GrpcFactory.java:checkPooledByteBufAllocatorUseCacheForAllThreads(45)) - PERFORMANCE WARNING: useCacheForAllThreads is true that may cause Netty to create a lot garbage objects and, as a result, trigger GC.
	It is recommended to disable useCacheForAllThreads by setting -Dorg.apache.ratis.thirdparty.io.netty.allocator.useCacheForAllThreads=false in command line.
2019-09-02 05:32:52,688 [main] INFO  grpc.GrpcConfigKeys$Server (ConfUtils.java:logGet(43)) - raft.grpc.server.port = 0 (default)
2019-09-02 05:32:52,688 [main] INFO  server.GrpcService (ConfUtils.java:logGet(43)) - raft.grpc.message.size.max = 33570816 (custom)
2019-09-02 05:32:52,689 [main] INFO  server.RaftServerConfigKeys (ConfUtils.java:logGet(43)) - raft.server.log.appender.buffer.byte-limit = 33554432 (custom)
2019-09-02 05:32:52,689 [main] INFO  server.GrpcService (ConfUtils.java:logGet(43)) - raft.grpc.flow.control.window = 1MB (=1048576) (default)
2019-09-02 05:32:52,689 [main] INFO  server.RaftServerConfigKeys (ConfUtils.java:logGet(43)) - raft.server.rpc.request.timeout = 3000ms (default)
2019-09-02 05:32:52,690 [main] INFO  server.RaftServerConfigKeys (ConfUtils.java:logGet(43)) - raft.server.storage.dir = [/workdir/hadoop-ozone/integration-test/target/test-dir/MiniOzoneClusterImpl-2a832e96-29dd-4f29-9444-310fee0a410e/datanode-3/data/ratis] (custom)
2019-09-02 05:32:52,691 [main] INFO  hdfs.DFSUtil (DFSUtil.java:httpServerTemplateForNNAndJN(1641)) - Starting Web-server for hddsDatanode at: http://0.0.0.0:0
2019-09-02 05:32:52,693 [main] INFO  server.AuthenticationFilter (AuthenticationFilter.java:constructSecretProvider(240)) - Unable to initialize FileSignerSecretProvider, falling back to use random secrets.
2019-09-02 05:32:52,693 [main] WARN  http.HttpRequestLog (HttpRequestLog.java:getRequestLog(97)) - Jetty request log can only be enabled using Log4j
2019-09-02 05:32:52,695 [main] INFO  http.HttpServer2 (HttpServer2.java:addGlobalFilter(975)) - Added global filter 'safety' (class=org.apache.hadoop.http.HttpServer2$QuotingInputFilter)
2019-09-02 05:32:52,695 [main] INFO  http.HttpServer2 (HttpServer2.java:addFilter(948)) - Added filter static_user_filter (class=org.apache.hadoop.http.lib.StaticUserWebFilter$StaticUserFilter) to context hddsDatanode
2019-09-02 05:32:52,695 [main] INFO  http.HttpServer2 (HttpServer2.java:addFilter(958)) - Added filter static_user_filter (class=org.apache.hadoop.http.lib.StaticUserWebFilter$StaticUserFilter) to context static
2019-09-02 05:32:52,695 [main] INFO  http.HttpServer2 (HttpServer2.java:addFilter(958)) - Added filter static_user_filter (class=org.apache.hadoop.http.lib.StaticUserWebFilter$StaticUserFilter) to context logs
2019-09-02 05:32:52,696 [main] INFO  http.HttpServer2 (HttpServer2.java:bindListener(1191)) - Jetty bound to port 36904
2019-09-02 05:32:52,696 [main] INFO  server.Server (Server.java:doStart(351)) - jetty-9.3.24.v20180605, build timestamp: 2018-06-05T17:11:56Z, git hash: 84205aa28f11a4f31f2a3b86d1bba2cc8ab69827
2019-09-02 05:32:52,698 [main] INFO  handler.ContextHandler (ContextHandler.java:doStart(781)) - Started o.e.j.s.ServletContextHandler@23bd0c81{/logs,file:///workdir/hadoop-ozone/integration-test/target/log,AVAILABLE}
2019-09-02 05:32:52,698 [main] INFO  handler.ContextHandler (ContextHandler.java:doStart(781)) - Started o.e.j.s.ServletContextHandler@544e3679{/static,jar:file:/home/user/.m2/repository/org/apache/hadoop/hadoop-hdds-container-service/0.5.0-SNAPSHOT/hadoop-hdds-container-service-0.5.0-SNAPSHOT.jar!/webapps/static,AVAILABLE}
2019-09-02 05:32:52,725 [main] INFO  handler.ContextHandler (ContextHandler.java:doStart(781)) - Started o.e.j.w.WebAppContext@3a3f96ab{/,file:///tmp/jetty-0.0.0.0-36904-hddsDatanode-_-any-2841347272166545346.dir/webapp/,AVAILABLE}{/hddsDatanode}
2019-09-02 05:32:52,726 [main] INFO  server.AbstractConnector (AbstractConnector.java:doStart(278)) - Started ServerConnector@4def7d36{HTTP/1.1,[http/1.1]}{0.0.0.0:36904}
2019-09-02 05:32:52,727 [main] INFO  server.Server (Server.java:doStart(419)) - Started @528193ms
2019-09-02 05:32:52,727 [main] WARN  impl.MetricsSystemImpl (MetricsSystemImpl.java:register(276)) - Sink prometheus already exists!
2019-09-02 05:32:52,728 [main] INFO  server.BaseHttpServer (BaseHttpServer.java:updateConnectorAddress(215)) - HTTP server of HDDSDATANODE is listening at http://0.0.0.0:36904
2019-09-02 05:32:52,729 [main] INFO  impl.MetricsSystemImpl (MetricsSystemImpl.java:init(158)) - HddsDatanode metrics system started (again)
2019-09-02 05:32:52,732 [org.apache.hadoop.util.JvmPauseMonitor$Monitor@47258120] INFO  util.JvmPauseMonitor (JvmPauseMonitor.java:run(188)) - Starting JVM pause monitor
2019-09-02 05:32:52,733 [main] INFO  ozone.HddsDatanodeService (HddsDatanodeService.java:start(184)) - HddsDatanodeService host:trunk-nightly-20190902-fsht6-3309735379 ip:192.168.36.97
2019-09-02 05:32:52,734 [Datanode State Machine Thread - 0] INFO  datanode.InitDatanodeState (InitDatanodeState.java:persistContainerDatanodeDetails(140)) - DatanodeDetails is persisted to /workdir/hadoop-ozone/integration-test/target/test-dir/MiniOzoneClusterImpl-2a832e96-29dd-4f29-9444-310fee0a410e/datanode-3/meta/datanode.id
2019-09-02 05:32:52,739 [main] INFO  volume.HddsVolume (HddsVolume.java:<init>(176)) - Creating Volume: /workdir/hadoop-ozone/integration-test/target/test-dir/MiniOzoneClusterImpl-2a832e96-29dd-4f29-9444-310fee0a410e/datanode-4/data/containers/hdds of  storage type : DISK and capacity : 1482555576320
2019-09-02 05:32:52,740 [main] INFO  volume.VolumeSet (VolumeSet.java:initializeVolumeSet(170)) - Added Volume : /workdir/hadoop-ozone/integration-test/target/test-dir/MiniOzoneClusterImpl-2a832e96-29dd-4f29-9444-310fee0a410e/datanode-4/data/containers/hdds to VolumeSet
2019-09-02 05:32:52,740 [main] INFO  volume.ThrottledAsyncChecker (ThrottledAsyncChecker.java:schedule(140)) - Scheduling a check for org.apache.hadoop.ozone.container.common.volume.HddsVolume@6812c8cc
2019-09-02 05:32:52,740 [main] INFO  volume.HddsVolumeChecker (HddsVolumeChecker.java:checkAllVolumes(203)) - Scheduled health check for volume org.apache.hadoop.ozone.container.common.volume.HddsVolume@6812c8cc
2019-09-02 05:32:52,760 [main] INFO  impl.RaftServerProxy (ConfUtils.java:logGet(43)) - raft.rpc.type = GRPC (default)
2019-09-02 05:32:52,760 [main] INFO  grpc.GrpcFactory (GrpcFactory.java:checkPooledByteBufAllocatorUseCacheForAllThreads(45)) - PERFORMANCE WARNING: useCacheForAllThreads is true that may cause Netty to create a lot garbage objects and, as a result, trigger GC.
	It is recommended to disable useCacheForAllThreads by setting -Dorg.apache.ratis.thirdparty.io.netty.allocator.useCacheForAllThreads=false in command line.
2019-09-02 05:32:52,760 [main] INFO  grpc.GrpcConfigKeys$Server (ConfUtils.java:logGet(43)) - raft.grpc.server.port = 0 (default)
2019-09-02 05:32:52,761 [main] INFO  server.GrpcService (ConfUtils.java:logGet(43)) - raft.grpc.message.size.max = 33570816 (custom)
2019-09-02 05:32:52,761 [main] INFO  server.RaftServerConfigKeys (ConfUtils.java:logGet(43)) - raft.server.log.appender.buffer.byte-limit = 33554432 (custom)
2019-09-02 05:32:52,761 [main] INFO  server.GrpcService (ConfUtils.java:logGet(43)) - raft.grpc.flow.control.window = 1MB (=1048576) (default)
2019-09-02 05:32:52,761 [main] INFO  server.RaftServerConfigKeys (ConfUtils.java:logGet(43)) - raft.server.rpc.request.timeout = 3000ms (default)
2019-09-02 05:32:52,762 [main] INFO  server.RaftServerConfigKeys (ConfUtils.java:logGet(43)) - raft.server.storage.dir = [/workdir/hadoop-ozone/integration-test/target/test-dir/MiniOzoneClusterImpl-2a832e96-29dd-4f29-9444-310fee0a410e/datanode-4/data/ratis] (custom)
2019-09-02 05:32:52,763 [main] INFO  hdfs.DFSUtil (DFSUtil.java:httpServerTemplateForNNAndJN(1641)) - Starting Web-server for hddsDatanode at: http://0.0.0.0:0
2019-09-02 05:32:52,765 [main] INFO  server.AuthenticationFilter (AuthenticationFilter.java:constructSecretProvider(240)) - Unable to initialize FileSignerSecretProvider, falling back to use random secrets.
2019-09-02 05:32:52,766 [main] WARN  http.HttpRequestLog (HttpRequestLog.java:getRequestLog(97)) - Jetty request log can only be enabled using Log4j
2019-09-02 05:32:52,767 [main] INFO  http.HttpServer2 (HttpServer2.java:addGlobalFilter(975)) - Added global filter 'safety' (class=org.apache.hadoop.http.HttpServer2$QuotingInputFilter)
2019-09-02 05:32:52,768 [main] INFO  http.HttpServer2 (HttpServer2.java:addFilter(948)) - Added filter static_user_filter (class=org.apache.hadoop.http.lib.StaticUserWebFilter$StaticUserFilter) to context hddsDatanode
2019-09-02 05:32:52,768 [main] INFO  http.HttpServer2 (HttpServer2.java:addFilter(958)) - Added filter static_user_filter (class=org.apache.hadoop.http.lib.StaticUserWebFilter$StaticUserFilter) to context static
2019-09-02 05:32:52,768 [main] INFO  http.HttpServer2 (HttpServer2.java:addFilter(958)) - Added filter static_user_filter (class=org.apache.hadoop.http.lib.StaticUserWebFilter$StaticUserFilter) to context logs
2019-09-02 05:32:52,769 [main] INFO  http.HttpServer2 (HttpServer2.java:bindListener(1191)) - Jetty bound to port 44048
2019-09-02 05:32:52,769 [main] INFO  server.Server (Server.java:doStart(351)) - jetty-9.3.24.v20180605, build timestamp: 2018-06-05T17:11:56Z, git hash: 84205aa28f11a4f31f2a3b86d1bba2cc8ab69827
2019-09-02 05:32:52,771 [main] INFO  handler.ContextHandler (ContextHandler.java:doStart(781)) - Started o.e.j.s.ServletContextHandler@19662208{/logs,file:///workdir/hadoop-ozone/integration-test/target/log,AVAILABLE}
2019-09-02 05:32:52,772 [main] INFO  handler.ContextHandler (ContextHandler.java:doStart(781)) - Started o.e.j.s.ServletContextHandler@62f9c790{/static,jar:file:/home/user/.m2/repository/org/apache/hadoop/hadoop-hdds-container-service/0.5.0-SNAPSHOT/hadoop-hdds-container-service-0.5.0-SNAPSHOT.jar!/webapps/static,AVAILABLE}
2019-09-02 05:32:52,811 [main] INFO  handler.ContextHandler (ContextHandler.java:doStart(781)) - Started o.e.j.w.WebAppContext@52ba685a{/,file:///tmp/jetty-0.0.0.0-44048-hddsDatanode-_-any-7250953436618330304.dir/webapp/,AVAILABLE}{/hddsDatanode}
2019-09-02 05:32:52,812 [main] INFO  server.AbstractConnector (AbstractConnector.java:doStart(278)) - Started ServerConnector@63d677f5{HTTP/1.1,[http/1.1]}{0.0.0.0:44048}
2019-09-02 05:32:52,812 [main] INFO  server.Server (Server.java:doStart(419)) - Started @528277ms
2019-09-02 05:32:52,813 [main] WARN  impl.MetricsSystemImpl (MetricsSystemImpl.java:register(276)) - Sink prometheus already exists!
2019-09-02 05:32:52,814 [main] INFO  server.BaseHttpServer (BaseHttpServer.java:updateConnectorAddress(215)) - HTTP server of HDDSDATANODE is listening at http://0.0.0.0:44048
2019-09-02 05:32:52,814 [main] INFO  impl.MetricsSystemImpl (MetricsSystemImpl.java:init(158)) - HddsDatanode metrics system started (again)
2019-09-02 05:32:52,818 [org.apache.hadoop.util.JvmPauseMonitor$Monitor@45ad48fd] INFO  util.JvmPauseMonitor (JvmPauseMonitor.java:run(188)) - Starting JVM pause monitor
2019-09-02 05:32:52,818 [main] INFO  ozone.HddsDatanodeService (HddsDatanodeService.java:start(184)) - HddsDatanodeService host:trunk-nightly-20190902-fsht6-3309735379 ip:192.168.36.97
2019-09-02 05:32:52,819 [Datanode State Machine Thread - 0] INFO  datanode.InitDatanodeState (InitDatanodeState.java:persistContainerDatanodeDetails(140)) - DatanodeDetails is persisted to /workdir/hadoop-ozone/integration-test/target/test-dir/MiniOzoneClusterImpl-2a832e96-29dd-4f29-9444-310fee0a410e/datanode-4/meta/datanode.id
2019-09-02 05:32:52,825 [main] INFO  volume.HddsVolume (HddsVolume.java:<init>(176)) - Creating Volume: /workdir/hadoop-ozone/integration-test/target/test-dir/MiniOzoneClusterImpl-2a832e96-29dd-4f29-9444-310fee0a410e/datanode-5/data/containers/hdds of  storage type : DISK and capacity : 1482555576320
2019-09-02 05:32:52,826 [main] INFO  volume.VolumeSet (VolumeSet.java:initializeVolumeSet(170)) - Added Volume : /workdir/hadoop-ozone/integration-test/target/test-dir/MiniOzoneClusterImpl-2a832e96-29dd-4f29-9444-310fee0a410e/datanode-5/data/containers/hdds to VolumeSet
2019-09-02 05:32:52,826 [main] INFO  volume.ThrottledAsyncChecker (ThrottledAsyncChecker.java:schedule(140)) - Scheduling a check for org.apache.hadoop.ozone.container.common.volume.HddsVolume@4652c74d
2019-09-02 05:32:52,826 [main] INFO  volume.HddsVolumeChecker (HddsVolumeChecker.java:checkAllVolumes(203)) - Scheduled health check for volume org.apache.hadoop.ozone.container.common.volume.HddsVolume@4652c74d
2019-09-02 05:32:52,842 [main] INFO  impl.RaftServerProxy (ConfUtils.java:logGet(43)) - raft.rpc.type = GRPC (default)
2019-09-02 05:32:52,842 [main] INFO  grpc.GrpcFactory (GrpcFactory.java:checkPooledByteBufAllocatorUseCacheForAllThreads(45)) - PERFORMANCE WARNING: useCacheForAllThreads is true that may cause Netty to create a lot garbage objects and, as a result, trigger GC.
	It is recommended to disable useCacheForAllThreads by setting -Dorg.apache.ratis.thirdparty.io.netty.allocator.useCacheForAllThreads=false in command line.
2019-09-02 05:32:52,842 [main] INFO  grpc.GrpcConfigKeys$Server (ConfUtils.java:logGet(43)) - raft.grpc.server.port = 0 (default)
2019-09-02 05:32:52,842 [main] INFO  server.GrpcService (ConfUtils.java:logGet(43)) - raft.grpc.message.size.max = 33570816 (custom)
2019-09-02 05:32:52,843 [main] INFO  server.RaftServerConfigKeys (ConfUtils.java:logGet(43)) - raft.server.log.appender.buffer.byte-limit = 33554432 (custom)
2019-09-02 05:32:52,843 [main] INFO  server.GrpcService (ConfUtils.java:logGet(43)) - raft.grpc.flow.control.window = 1MB (=1048576) (default)
2019-09-02 05:32:52,843 [main] INFO  server.RaftServerConfigKeys (ConfUtils.java:logGet(43)) - raft.server.rpc.request.timeout = 3000ms (default)
2019-09-02 05:32:52,843 [main] INFO  server.RaftServerConfigKeys (ConfUtils.java:logGet(43)) - raft.server.storage.dir = [/workdir/hadoop-ozone/integration-test/target/test-dir/MiniOzoneClusterImpl-2a832e96-29dd-4f29-9444-310fee0a410e/datanode-5/data/ratis] (custom)
2019-09-02 05:32:52,845 [main] INFO  hdfs.DFSUtil (DFSUtil.java:httpServerTemplateForNNAndJN(1641)) - Starting Web-server for hddsDatanode at: http://0.0.0.0:0
2019-09-02 05:32:52,846 [main] INFO  server.AuthenticationFilter (AuthenticationFilter.java:constructSecretProvider(240)) - Unable to initialize FileSignerSecretProvider, falling back to use random secrets.
2019-09-02 05:32:52,846 [main] WARN  http.HttpRequestLog (HttpRequestLog.java:getRequestLog(97)) - Jetty request log can only be enabled using Log4j
2019-09-02 05:32:52,848 [main] INFO  http.HttpServer2 (HttpServer2.java:addGlobalFilter(975)) - Added global filter 'safety' (class=org.apache.hadoop.http.HttpServer2$QuotingInputFilter)
2019-09-02 05:32:52,848 [main] INFO  http.HttpServer2 (HttpServer2.java:addFilter(948)) - Added filter static_user_filter (class=org.apache.hadoop.http.lib.StaticUserWebFilter$StaticUserFilter) to context hddsDatanode
2019-09-02 05:32:52,849 [main] INFO  http.HttpServer2 (HttpServer2.java:addFilter(958)) - Added filter static_user_filter (class=org.apache.hadoop.http.lib.StaticUserWebFilter$StaticUserFilter) to context static
2019-09-02 05:32:52,849 [main] INFO  http.HttpServer2 (HttpServer2.java:addFilter(958)) - Added filter static_user_filter (class=org.apache.hadoop.http.lib.StaticUserWebFilter$StaticUserFilter) to context logs
2019-09-02 05:32:52,849 [main] INFO  http.HttpServer2 (HttpServer2.java:bindListener(1191)) - Jetty bound to port 39809
2019-09-02 05:32:52,850 [main] INFO  server.Server (Server.java:doStart(351)) - jetty-9.3.24.v20180605, build timestamp: 2018-06-05T17:11:56Z, git hash: 84205aa28f11a4f31f2a3b86d1bba2cc8ab69827
2019-09-02 05:32:52,851 [main] INFO  handler.ContextHandler (ContextHandler.java:doStart(781)) - Started o.e.j.s.ServletContextHandler@236c098{/logs,file:///workdir/hadoop-ozone/integration-test/target/log,AVAILABLE}
2019-09-02 05:32:52,852 [main] INFO  handler.ContextHandler (ContextHandler.java:doStart(781)) - Started o.e.j.s.ServletContextHandler@120aa40b{/static,jar:file:/home/user/.m2/repository/org/apache/hadoop/hadoop-hdds-container-service/0.5.0-SNAPSHOT/hadoop-hdds-container-service-0.5.0-SNAPSHOT.jar!/webapps/static,AVAILABLE}
2019-09-02 05:32:52,882 [main] INFO  handler.ContextHandler (ContextHandler.java:doStart(781)) - Started o.e.j.w.WebAppContext@64279ab{/,file:///tmp/jetty-0.0.0.0-39809-hddsDatanode-_-any-7649252416270203005.dir/webapp/,AVAILABLE}{/hddsDatanode}
2019-09-02 05:32:52,883 [main] INFO  server.AbstractConnector (AbstractConnector.java:doStart(278)) - Started ServerConnector@794240e2{HTTP/1.1,[http/1.1]}{0.0.0.0:39809}
2019-09-02 05:32:52,883 [main] INFO  server.Server (Server.java:doStart(419)) - Started @528348ms
2019-09-02 05:32:52,884 [main] WARN  impl.MetricsSystemImpl (MetricsSystemImpl.java:register(276)) - Sink prometheus already exists!
2019-09-02 05:32:52,885 [main] INFO  server.BaseHttpServer (BaseHttpServer.java:updateConnectorAddress(215)) - HTTP server of HDDSDATANODE is listening at http://0.0.0.0:39809
2019-09-02 05:32:52,885 [main] INFO  impl.MetricsSystemImpl (MetricsSystemImpl.java:init(158)) - HddsDatanode metrics system started (again)
2019-09-02 05:32:52,889 [org.apache.hadoop.util.JvmPauseMonitor$Monitor@4eb806b4] INFO  util.JvmPauseMonitor (JvmPauseMonitor.java:run(188)) - Starting JVM pause monitor
2019-09-02 05:32:52,890 [main] INFO  ozone.HddsDatanodeService (HddsDatanodeService.java:start(184)) - HddsDatanodeService host:trunk-nightly-20190902-fsht6-3309735379 ip:192.168.36.97
2019-09-02 05:32:52,891 [Datanode State Machine Thread - 0] INFO  datanode.InitDatanodeState (InitDatanodeState.java:persistContainerDatanodeDetails(140)) - DatanodeDetails is persisted to /workdir/hadoop-ozone/integration-test/target/test-dir/MiniOzoneClusterImpl-2a832e96-29dd-4f29-9444-310fee0a410e/datanode-5/meta/datanode.id
2019-09-02 05:32:52,896 [main] INFO  volume.HddsVolume (HddsVolume.java:<init>(176)) - Creating Volume: /workdir/hadoop-ozone/integration-test/target/test-dir/MiniOzoneClusterImpl-2a832e96-29dd-4f29-9444-310fee0a410e/datanode-6/data/containers/hdds of  storage type : DISK and capacity : 1482555576320
2019-09-02 05:32:52,896 [main] INFO  volume.VolumeSet (VolumeSet.java:initializeVolumeSet(170)) - Added Volume : /workdir/hadoop-ozone/integration-test/target/test-dir/MiniOzoneClusterImpl-2a832e96-29dd-4f29-9444-310fee0a410e/datanode-6/data/containers/hdds to VolumeSet
2019-09-02 05:32:52,897 [main] INFO  volume.ThrottledAsyncChecker (ThrottledAsyncChecker.java:schedule(140)) - Scheduling a check for org.apache.hadoop.ozone.container.common.volume.HddsVolume@5fd43e58
2019-09-02 05:32:52,897 [main] INFO  volume.HddsVolumeChecker (HddsVolumeChecker.java:checkAllVolumes(203)) - Scheduled health check for volume org.apache.hadoop.ozone.container.common.volume.HddsVolume@5fd43e58
2019-09-02 05:32:52,912 [main] INFO  impl.RaftServerProxy (ConfUtils.java:logGet(43)) - raft.rpc.type = GRPC (default)
2019-09-02 05:32:52,913 [main] INFO  grpc.GrpcFactory (GrpcFactory.java:checkPooledByteBufAllocatorUseCacheForAllThreads(45)) - PERFORMANCE WARNING: useCacheForAllThreads is true that may cause Netty to create a lot garbage objects and, as a result, trigger GC.
	It is recommended to disable useCacheForAllThreads by setting -Dorg.apache.ratis.thirdparty.io.netty.allocator.useCacheForAllThreads=false in command line.
2019-09-02 05:32:52,913 [main] INFO  grpc.GrpcConfigKeys$Server (ConfUtils.java:logGet(43)) - raft.grpc.server.port = 0 (default)
2019-09-02 05:32:52,913 [main] INFO  server.GrpcService (ConfUtils.java:logGet(43)) - raft.grpc.message.size.max = 33570816 (custom)
2019-09-02 05:32:52,913 [main] INFO  server.RaftServerConfigKeys (ConfUtils.java:logGet(43)) - raft.server.log.appender.buffer.byte-limit = 33554432 (custom)
2019-09-02 05:32:52,913 [main] INFO  server.GrpcService (ConfUtils.java:logGet(43)) - raft.grpc.flow.control.window = 1MB (=1048576) (default)
2019-09-02 05:32:52,914 [main] INFO  server.RaftServerConfigKeys (ConfUtils.java:logGet(43)) - raft.server.rpc.request.timeout = 3000ms (default)
2019-09-02 05:32:52,914 [main] INFO  server.RaftServerConfigKeys (ConfUtils.java:logGet(43)) - raft.server.storage.dir = [/workdir/hadoop-ozone/integration-test/target/test-dir/MiniOzoneClusterImpl-2a832e96-29dd-4f29-9444-310fee0a410e/datanode-6/data/ratis] (custom)
2019-09-02 05:32:52,915 [main] INFO  hdfs.DFSUtil (DFSUtil.java:httpServerTemplateForNNAndJN(1641)) - Starting Web-server for hddsDatanode at: http://0.0.0.0:0
2019-09-02 05:32:52,917 [main] INFO  server.AuthenticationFilter (AuthenticationFilter.java:constructSecretProvider(240)) - Unable to initialize FileSignerSecretProvider, falling back to use random secrets.
2019-09-02 05:32:52,917 [main] WARN  http.HttpRequestLog (HttpRequestLog.java:getRequestLog(97)) - Jetty request log can only be enabled using Log4j
2019-09-02 05:32:52,919 [main] INFO  http.HttpServer2 (HttpServer2.java:addGlobalFilter(975)) - Added global filter 'safety' (class=org.apache.hadoop.http.HttpServer2$QuotingInputFilter)
2019-09-02 05:32:52,919 [main] INFO  http.HttpServer2 (HttpServer2.java:addFilter(948)) - Added filter static_user_filter (class=org.apache.hadoop.http.lib.StaticUserWebFilter$StaticUserFilter) to context hddsDatanode
2019-09-02 05:32:52,919 [main] INFO  http.HttpServer2 (HttpServer2.java:addFilter(958)) - Added filter static_user_filter (class=org.apache.hadoop.http.lib.StaticUserWebFilter$StaticUserFilter) to context logs
2019-09-02 05:32:52,920 [main] INFO  http.HttpServer2 (HttpServer2.java:addFilter(958)) - Added filter static_user_filter (class=org.apache.hadoop.http.lib.StaticUserWebFilter$StaticUserFilter) to context static
2019-09-02 05:32:52,921 [main] INFO  http.HttpServer2 (HttpServer2.java:bindListener(1191)) - Jetty bound to port 40690
2019-09-02 05:32:52,921 [main] INFO  server.Server (Server.java:doStart(351)) - jetty-9.3.24.v20180605, build timestamp: 2018-06-05T17:11:56Z, git hash: 84205aa28f11a4f31f2a3b86d1bba2cc8ab69827
2019-09-02 05:32:52,922 [main] INFO  handler.ContextHandler (ContextHandler.java:doStart(781)) - Started o.e.j.s.ServletContextHandler@279126f5{/logs,file:///workdir/hadoop-ozone/integration-test/target/log,AVAILABLE}
2019-09-02 05:32:52,923 [main] INFO  handler.ContextHandler (ContextHandler.java:doStart(781)) - Started o.e.j.s.ServletContextHandler@5fdd97c1{/static,jar:file:/home/user/.m2/repository/org/apache/hadoop/hadoop-hdds-container-service/0.5.0-SNAPSHOT/hadoop-hdds-container-service-0.5.0-SNAPSHOT.jar!/webapps/static,AVAILABLE}
2019-09-02 05:32:52,953 [main] INFO  handler.ContextHandler (ContextHandler.java:doStart(781)) - Started o.e.j.w.WebAppContext@10817f46{/,file:///tmp/jetty-0.0.0.0-40690-hddsDatanode-_-any-1628284498943977642.dir/webapp/,AVAILABLE}{/hddsDatanode}
2019-09-02 05:32:52,954 [main] INFO  server.AbstractConnector (AbstractConnector.java:doStart(278)) - Started ServerConnector@2d4a3e13{HTTP/1.1,[http/1.1]}{0.0.0.0:40690}
2019-09-02 05:32:52,959 [main] INFO  server.Server (Server.java:doStart(419)) - Started @528424ms
2019-09-02 05:32:52,959 [main] WARN  impl.MetricsSystemImpl (MetricsSystemImpl.java:register(276)) - Sink prometheus already exists!
2019-09-02 05:32:52,960 [main] INFO  server.BaseHttpServer (BaseHttpServer.java:updateConnectorAddress(215)) - HTTP server of HDDSDATANODE is listening at http://0.0.0.0:40690
2019-09-02 05:32:52,960 [main] INFO  ozone.MiniOzoneClusterImpl (MiniOzoneClusterImpl.java:lambda$waitForClusterToBeReady$0(140)) - Waiting for cluster to be ready. Got 0 of 7 DN Heartbeats.
2019-09-02 05:32:52,962 [org.apache.hadoop.util.JvmPauseMonitor$Monitor@c497575] INFO  util.JvmPauseMonitor (JvmPauseMonitor.java:run(188)) - Starting JVM pause monitor
2019-09-02 05:32:52,963 [Datanode State Machine Thread - 0] INFO  datanode.InitDatanodeState (InitDatanodeState.java:persistContainerDatanodeDetails(140)) - DatanodeDetails is persisted to /workdir/hadoop-ozone/integration-test/target/test-dir/MiniOzoneClusterImpl-2a832e96-29dd-4f29-9444-310fee0a410e/datanode-6/meta/datanode.id
2019-09-02 05:32:53,961 [main] INFO  ozone.MiniOzoneClusterImpl (MiniOzoneClusterImpl.java:lambda$waitForClusterToBeReady$0(140)) - Waiting for cluster to be ready. Got 0 of 7 DN Heartbeats.
2019-09-02 05:32:54,522 [Datanode State Machine Thread - 0] INFO  ozoneimpl.OzoneContainer (OzoneContainer.java:start(201)) - Attempting to start container services.
2019-09-02 05:32:54,522 [Datanode State Machine Thread - 0] INFO  ozoneimpl.OzoneContainer (OzoneContainer.java:startContainerScrub(175)) - Background container scrubber has been disabled by hdds.containerscrub.enabled
2019-09-02 05:32:54,522 [Datanode State Machine Thread - 0] INFO  ratis.XceiverServerRatis (XceiverServerRatis.java:start(393)) - Starting XceiverServerRatis 97f08126-dcc5-4d94-ac0d-f9c75ceb76fd at port 0
2019-09-02 05:32:54,529 [Datanode State Machine Thread - 0] INFO  impl.RaftServerProxy (RaftServerProxy.java:lambda$start$3(299)) - 97f08126-dcc5-4d94-ac0d-f9c75ceb76fd: start RPC server
2019-09-02 05:32:54,532 [Datanode State Machine Thread - 0] INFO  server.GrpcService (GrpcService.java:startImpl(149)) - 97f08126-dcc5-4d94-ac0d-f9c75ceb76fd: GrpcService started, listening on 0.0.0.0/0.0.0.0:45351
2019-09-02 05:32:54,532 [Datanode State Machine Thread - 0] INFO  ratis.XceiverServerRatis (XceiverServerRatis.java:start(403)) - XceiverServerRatis 97f08126-dcc5-4d94-ac0d-f9c75ceb76fd is started using port 45351
2019-09-02 05:32:54,532 [Datanode State Machine Thread - 0] INFO  server.XceiverServerGrpc (XceiverServerGrpc.java:start(163)) - XceiverServerGrpc 97f08126-dcc5-4d94-ac0d-f9c75ceb76fd is started using port 41048
2019-09-02 05:32:54,603 [Datanode State Machine Thread - 0] INFO  ozoneimpl.OzoneContainer (OzoneContainer.java:start(201)) - Attempting to start container services.
2019-09-02 05:32:54,603 [Datanode State Machine Thread - 0] INFO  ozoneimpl.OzoneContainer (OzoneContainer.java:startContainerScrub(175)) - Background container scrubber has been disabled by hdds.containerscrub.enabled
2019-09-02 05:32:54,603 [Datanode State Machine Thread - 0] INFO  ratis.XceiverServerRatis (XceiverServerRatis.java:start(393)) - Starting XceiverServerRatis 6527f679-d3a1-40a5-bf72-2b9df3faf938 at port 0
2019-09-02 05:32:54,612 [Datanode State Machine Thread - 0] INFO  impl.RaftServerProxy (RaftServerProxy.java:lambda$start$3(299)) - 6527f679-d3a1-40a5-bf72-2b9df3faf938: start RPC server
2019-09-02 05:32:54,613 [Datanode State Machine Thread - 0] INFO  server.GrpcService (GrpcService.java:startImpl(149)) - 6527f679-d3a1-40a5-bf72-2b9df3faf938: GrpcService started, listening on 0.0.0.0/0.0.0.0:38848
2019-09-02 05:32:54,613 [Datanode State Machine Thread - 0] INFO  ratis.XceiverServerRatis (XceiverServerRatis.java:start(403)) - XceiverServerRatis 6527f679-d3a1-40a5-bf72-2b9df3faf938 is started using port 38848
2019-09-02 05:32:54,615 [Datanode State Machine Thread - 0] INFO  server.XceiverServerGrpc (XceiverServerGrpc.java:start(163)) - XceiverServerGrpc 6527f679-d3a1-40a5-bf72-2b9df3faf938 is started using port 38020
2019-09-02 05:32:54,672 [Datanode State Machine Thread - 0] INFO  ozoneimpl.OzoneContainer (OzoneContainer.java:start(201)) - Attempting to start container services.
2019-09-02 05:32:54,672 [Datanode State Machine Thread - 0] INFO  ozoneimpl.OzoneContainer (OzoneContainer.java:startContainerScrub(175)) - Background container scrubber has been disabled by hdds.containerscrub.enabled
2019-09-02 05:32:54,672 [Datanode State Machine Thread - 0] INFO  ratis.XceiverServerRatis (XceiverServerRatis.java:start(393)) - Starting XceiverServerRatis 057d0060-947b-42dc-a4e0-c40f5d11d24c at port 0
2019-09-02 05:32:54,680 [Datanode State Machine Thread - 0] INFO  impl.RaftServerProxy (RaftServerProxy.java:lambda$start$3(299)) - 057d0060-947b-42dc-a4e0-c40f5d11d24c: start RPC server
2019-09-02 05:32:54,682 [Datanode State Machine Thread - 0] INFO  server.GrpcService (GrpcService.java:startImpl(149)) - 057d0060-947b-42dc-a4e0-c40f5d11d24c: GrpcService started, listening on 0.0.0.0/0.0.0.0:35756
2019-09-02 05:32:54,682 [Datanode State Machine Thread - 0] INFO  ratis.XceiverServerRatis (XceiverServerRatis.java:start(403)) - XceiverServerRatis 057d0060-947b-42dc-a4e0-c40f5d11d24c is started using port 35756
2019-09-02 05:32:54,683 [Datanode State Machine Thread - 0] INFO  server.XceiverServerGrpc (XceiverServerGrpc.java:start(163)) - XceiverServerGrpc 057d0060-947b-42dc-a4e0-c40f5d11d24c is started using port 33221
2019-09-02 05:32:54,746 [Datanode State Machine Thread - 0] INFO  ozoneimpl.OzoneContainer (OzoneContainer.java:start(201)) - Attempting to start container services.
2019-09-02 05:32:54,746 [Datanode State Machine Thread - 0] INFO  ozoneimpl.OzoneContainer (OzoneContainer.java:startContainerScrub(175)) - Background container scrubber has been disabled by hdds.containerscrub.enabled
2019-09-02 05:32:54,746 [Datanode State Machine Thread - 0] INFO  ratis.XceiverServerRatis (XceiverServerRatis.java:start(393)) - Starting XceiverServerRatis 2a49c038-d560-47fc-b4bd-56f44e6f5fc7 at port 0
2019-09-02 05:32:54,754 [Datanode State Machine Thread - 0] INFO  impl.RaftServerProxy (RaftServerProxy.java:lambda$start$3(299)) - 2a49c038-d560-47fc-b4bd-56f44e6f5fc7: start RPC server
2019-09-02 05:32:54,755 [Datanode State Machine Thread - 0] INFO  server.GrpcService (GrpcService.java:startImpl(149)) - 2a49c038-d560-47fc-b4bd-56f44e6f5fc7: GrpcService started, listening on 0.0.0.0/0.0.0.0:33664
2019-09-02 05:32:54,755 [Datanode State Machine Thread - 0] INFO  ratis.XceiverServerRatis (XceiverServerRatis.java:start(403)) - XceiverServerRatis 2a49c038-d560-47fc-b4bd-56f44e6f5fc7 is started using port 33664
2019-09-02 05:32:54,756 [Datanode State Machine Thread - 0] INFO  server.XceiverServerGrpc (XceiverServerGrpc.java:start(163)) - XceiverServerGrpc 2a49c038-d560-47fc-b4bd-56f44e6f5fc7 is started using port 38881
2019-09-02 05:32:54,841 [Datanode State Machine Thread - 0] INFO  ozoneimpl.OzoneContainer (OzoneContainer.java:start(201)) - Attempting to start container services.
2019-09-02 05:32:54,841 [Datanode State Machine Thread - 0] INFO  ozoneimpl.OzoneContainer (OzoneContainer.java:startContainerScrub(175)) - Background container scrubber has been disabled by hdds.containerscrub.enabled
2019-09-02 05:32:54,842 [Datanode State Machine Thread - 0] INFO  ratis.XceiverServerRatis (XceiverServerRatis.java:start(393)) - Starting XceiverServerRatis 1bfdf2db-1a04-469f-8974-4867e3ba9579 at port 0
2019-09-02 05:32:54,850 [Datanode State Machine Thread - 0] INFO  impl.RaftServerProxy (RaftServerProxy.java:lambda$start$3(299)) - 1bfdf2db-1a04-469f-8974-4867e3ba9579: start RPC server
2019-09-02 05:32:54,851 [Datanode State Machine Thread - 0] INFO  server.GrpcService (GrpcService.java:startImpl(149)) - 1bfdf2db-1a04-469f-8974-4867e3ba9579: GrpcService started, listening on 0.0.0.0/0.0.0.0:40332
2019-09-02 05:32:54,851 [Datanode State Machine Thread - 0] INFO  ratis.XceiverServerRatis (XceiverServerRatis.java:start(403)) - XceiverServerRatis 1bfdf2db-1a04-469f-8974-4867e3ba9579 is started using port 40332
2019-09-02 05:32:54,851 [Datanode State Machine Thread - 0] INFO  server.XceiverServerGrpc (XceiverServerGrpc.java:start(163)) - XceiverServerGrpc 1bfdf2db-1a04-469f-8974-4867e3ba9579 is started using port 45281
2019-09-02 05:32:54,912 [Datanode State Machine Thread - 0] INFO  ozoneimpl.OzoneContainer (OzoneContainer.java:start(201)) - Attempting to start container services.
2019-09-02 05:32:54,912 [Datanode State Machine Thread - 0] INFO  ozoneimpl.OzoneContainer (OzoneContainer.java:startContainerScrub(175)) - Background container scrubber has been disabled by hdds.containerscrub.enabled
2019-09-02 05:32:54,912 [Datanode State Machine Thread - 0] INFO  ratis.XceiverServerRatis (XceiverServerRatis.java:start(393)) - Starting XceiverServerRatis 67eaba4e-f747-41d5-a997-c067dc1992ac at port 0
2019-09-02 05:32:54,922 [Datanode State Machine Thread - 0] INFO  impl.RaftServerProxy (RaftServerProxy.java:lambda$start$3(299)) - 67eaba4e-f747-41d5-a997-c067dc1992ac: start RPC server
2019-09-02 05:32:54,922 [Datanode State Machine Thread - 0] INFO  server.GrpcService (GrpcService.java:startImpl(149)) - 67eaba4e-f747-41d5-a997-c067dc1992ac: GrpcService started, listening on 0.0.0.0/0.0.0.0:40303
2019-09-02 05:32:54,923 [Datanode State Machine Thread - 0] INFO  ratis.XceiverServerRatis (XceiverServerRatis.java:start(403)) - XceiverServerRatis 67eaba4e-f747-41d5-a997-c067dc1992ac is started using port 40303
2019-09-02 05:32:54,923 [Datanode State Machine Thread - 0] INFO  server.XceiverServerGrpc (XceiverServerGrpc.java:start(163)) - XceiverServerGrpc 67eaba4e-f747-41d5-a997-c067dc1992ac is started using port 45719
2019-09-02 05:32:54,961 [main] INFO  ozone.MiniOzoneClusterImpl (MiniOzoneClusterImpl.java:lambda$waitForClusterToBeReady$0(140)) - Waiting for cluster to be ready. Got 0 of 7 DN Heartbeats.
2019-09-02 05:32:54,976 [Datanode State Machine Thread - 0] INFO  ozoneimpl.OzoneContainer (OzoneContainer.java:start(201)) - Attempting to start container services.
2019-09-02 05:32:54,977 [Datanode State Machine Thread - 0] INFO  ozoneimpl.OzoneContainer (OzoneContainer.java:startContainerScrub(175)) - Background container scrubber has been disabled by hdds.containerscrub.enabled
2019-09-02 05:32:54,977 [Datanode State Machine Thread - 0] INFO  ratis.XceiverServerRatis (XceiverServerRatis.java:start(393)) - Starting XceiverServerRatis 8d8094e5-0892-4a5d-835f-ac7a87dd3e0e at port 0
2019-09-02 05:32:54,985 [Datanode State Machine Thread - 0] INFO  impl.RaftServerProxy (RaftServerProxy.java:lambda$start$3(299)) - 8d8094e5-0892-4a5d-835f-ac7a87dd3e0e: start RPC server
2019-09-02 05:32:54,986 [Datanode State Machine Thread - 0] INFO  server.GrpcService (GrpcService.java:startImpl(149)) - 8d8094e5-0892-4a5d-835f-ac7a87dd3e0e: GrpcService started, listening on 0.0.0.0/0.0.0.0:43276
2019-09-02 05:32:54,986 [Datanode State Machine Thread - 0] INFO  ratis.XceiverServerRatis (XceiverServerRatis.java:start(403)) - XceiverServerRatis 8d8094e5-0892-4a5d-835f-ac7a87dd3e0e is started using port 43276
2019-09-02 05:32:54,987 [Datanode State Machine Thread - 0] INFO  server.XceiverServerGrpc (XceiverServerGrpc.java:start(163)) - XceiverServerGrpc 8d8094e5-0892-4a5d-835f-ac7a87dd3e0e is started using port 43322
2019-09-02 05:32:55,962 [main] INFO  ozone.MiniOzoneClusterImpl (MiniOzoneClusterImpl.java:lambda$waitForClusterToBeReady$0(140)) - Waiting for cluster to be ready. Got 0 of 7 DN Heartbeats.
2019-09-02 05:32:56,506 [IPC Server handler 3 on 37839] INFO  net.NetworkTopology (NetworkTopologyImpl.java:add(110)) - Added a new node: /default-rack/97f08126-dcc5-4d94-ac0d-f9c75ceb76fd
2019-09-02 05:32:56,507 [IPC Server handler 3 on 37839] INFO  node.SCMNodeManager (SCMNodeManager.java:register(266)) - Registered Data node : 97f08126-dcc5-4d94-ac0d-f9c75ceb76fd{ip: 192.168.36.97, host: trunk-nightly-20190902-fsht6-3309735379, networkLocation: /default-rack, certSerialId: null}
2019-09-02 05:32:56,509 [EventQueue-NodeRegistrationContainerReportForDataNodeSafeModeRule] INFO  safemode.SCMSafeModeManager (DataNodeSafeModeRule.java:process(71)) - SCM in safe mode. 1 DataNodes registered, 1 required.
2019-09-02 05:32:56,511 [EventQueue-NodeRegistrationContainerReportForDataNodeSafeModeRule] INFO  safemode.SCMSafeModeManager (SCMSafeModeManager.java:validateSafeModeExitRules(177)) - ScmSafeModeManager, all rules are successfully validated
2019-09-02 05:32:56,511 [EventQueue-NodeRegistrationContainerReportForDataNodeSafeModeRule] INFO  safemode.SCMSafeModeManager (SCMSafeModeManager.java:exitSafeMode(193)) - SCM exiting safe mode.
2019-09-02 05:32:56,523 [grpc-default-executor-10] INFO  impl.RaftServerProxy (RaftServerProxy.java:addNew(89)) - 97f08126-dcc5-4d94-ac0d-f9c75ceb76fd: addNew group-3434C7CC66BC:[97f08126-dcc5-4d94-ac0d-f9c75ceb76fd:192.168.36.97:45351] returns group-3434C7CC66BC:java.util.concurrent.CompletableFuture@4ccc5184[Not completed]
2019-09-02 05:32:56,525 [pool-409-thread-1] INFO  impl.RaftServerImpl (RaftServerImpl.java:<init>(93)) - 97f08126-dcc5-4d94-ac0d-f9c75ceb76fd: new RaftServerImpl for group-3434C7CC66BC:[97f08126-dcc5-4d94-ac0d-f9c75ceb76fd:192.168.36.97:45351] with ContainerStateMachine:uninitialized
2019-09-02 05:32:56,525 [pool-409-thread-1] INFO  server.RaftServerConfigKeys (ConfUtils.java:logGet(43)) - raft.server.rpc.timeout.min = 5s (custom)
2019-09-02 05:32:56,525 [pool-409-thread-1] INFO  server.RaftServerConfigKeys (ConfUtils.java:logGet(43)) - raft.server.rpc.timeout.max = 5200ms (custom)
2019-09-02 05:32:56,525 [pool-409-thread-1] INFO  server.RaftServerConfigKeys (ConfUtils.java:logGet(43)) - raft.server.rpcslowness.timeout = 120s (custom)
2019-09-02 05:32:56,525 [pool-409-thread-1] INFO  server.RaftServerConfigKeys (ConfUtils.java:logGet(43)) - raft.server.sleep.deviation.threshold = 300 (default)
2019-09-02 05:32:56,525 [pool-409-thread-1] INFO  server.RaftServerConfigKeys (ConfUtils.java:logGet(43)) - raft.server.log.appender.install.snapshot.enabled = false (custom)
2019-09-02 05:32:56,525 [pool-409-thread-1] INFO  impl.RaftServerImpl (ServerState.java:<init>(105)) - 97f08126-dcc5-4d94-ac0d-f9c75ceb76fd:group-3434C7CC66BC ConfigurationManager, init=-1: [97f08126-dcc5-4d94-ac0d-f9c75ceb76fd:192.168.36.97:45351], old=null, confs=<EMPTY_MAP>
2019-09-02 05:32:56,526 [pool-409-thread-1] INFO  server.RaftServerConfigKeys (ConfUtils.java:logGet(43)) - raft.server.storage.dir = [/workdir/hadoop-ozone/integration-test/target/test-dir/MiniOzoneClusterImpl-2a832e96-29dd-4f29-9444-310fee0a410e/datanode-0/data/ratis] (custom)
2019-09-02 05:32:56,526 [pool-409-thread-1] INFO  storage.RaftStorageDirectory (RaftStorageDirectory.java:analyzeStorage(246)) - The storage directory /workdir/hadoop-ozone/integration-test/target/test-dir/MiniOzoneClusterImpl-2a832e96-29dd-4f29-9444-310fee0a410e/datanode-0/data/ratis/cd77e545-ce21-403d-9a3e-3434c7cc66bc does not exist. Creating ...
2019-09-02 05:32:56,547 [pool-409-thread-1] INFO  storage.RaftStorageDirectory (RaftStorageDirectory.java:tryLock(328)) - Lock on /workdir/hadoop-ozone/integration-test/target/test-dir/MiniOzoneClusterImpl-2a832e96-29dd-4f29-9444-310fee0a410e/datanode-0/data/ratis/cd77e545-ce21-403d-9a3e-3434c7cc66bc/in_use.lock acquired by nodename 22988@trunk-nightly-20190902-fsht6-3309735379
2019-09-02 05:32:56,566 [pool-409-thread-1] INFO  storage.RaftStorage (RaftStorage.java:format(72)) - Storage directory /workdir/hadoop-ozone/integration-test/target/test-dir/MiniOzoneClusterImpl-2a832e96-29dd-4f29-9444-310fee0a410e/datanode-0/data/ratis/cd77e545-ce21-403d-9a3e-3434c7cc66bc has been successfully formatted.
2019-09-02 05:32:56,566 [pool-409-thread-1] INFO  ratis.ContainerStateMachine (ContainerStateMachine.java:loadSnapshot(227)) - group-3434C7CC66BC: The snapshot info is null. Setting the last applied indexto:(t:0, i:~)
2019-09-02 05:32:56,567 [pool-409-thread-1] INFO  server.RaftServerConfigKeys (ConfUtils.java:logGet(43)) - raft.server.leader.election.timeout = 120s (custom)
2019-09-02 05:32:56,567 [pool-409-thread-1] INFO  server.RaftServerConfigKeys (ConfUtils.java:logGet(43)) - raft.server.log.use.memory = false (default)
2019-09-02 05:32:56,567 [pool-409-thread-1] INFO  server.RaftServerConfigKeys (ConfUtils.java:logGet(43)) - raft.server.log.purge.gap = 1000000 (custom)
2019-09-02 05:32:56,567 [pool-409-thread-1] INFO  server.RaftServerConfigKeys (ConfUtils.java:logGet(43)) - raft.server.log.appender.buffer.byte-limit = 33554432 (custom)
2019-09-02 05:32:56,568 [pool-409-thread-1] INFO  server.RaftServerConfigKeys (ConfUtils.java:logGet(43)) - raft.server.log.segment.size.max = 1048576 (custom)
2019-09-02 05:32:56,568 [pool-409-thread-1] INFO  server.RaftServerConfigKeys (ConfUtils.java:logGet(43)) - raft.server.log.segment.cache.num.max = 2 (custom)
2019-09-02 05:32:56,568 [pool-409-thread-1] INFO  segmented.SegmentedRaftLogWorker (SegmentedRaftLogWorker.java:<init>(172)) - new 97f08126-dcc5-4d94-ac0d-f9c75ceb76fd-SegmentedRaftLogWorker:Storage Directory /workdir/hadoop-ozone/integration-test/target/test-dir/MiniOzoneClusterImpl-2a832e96-29dd-4f29-9444-310fee0a410e/datanode-0/data/ratis/cd77e545-ce21-403d-9a3e-3434c7cc66bc for RaftStorage:Storage Directory /workdir/hadoop-ozone/integration-test/target/test-dir/MiniOzoneClusterImpl-2a832e96-29dd-4f29-9444-310fee0a410e/datanode-0/data/ratis/cd77e545-ce21-403d-9a3e-3434c7cc66bc
2019-09-02 05:32:56,568 [pool-409-thread-1] INFO  server.RaftServerConfigKeys (ConfUtils.java:logGet(43)) - raft.server.log.queue.byte-limit = 2147483647 (custom)
2019-09-02 05:32:56,569 [pool-409-thread-1] INFO  server.RaftServerConfigKeys (ConfUtils.java:logGet(43)) - raft.server.log.queue.element-limit = 1024 (custom)
2019-09-02 05:32:56,569 [pool-409-thread-1] INFO  server.RaftServerConfigKeys (ConfUtils.java:logGet(43)) - raft.server.log.segment.size.max = 1048576 (custom)
2019-09-02 05:32:56,569 [pool-409-thread-1] INFO  server.RaftServerConfigKeys (ConfUtils.java:logGet(43)) - raft.server.log.preallocated.size = 16384 (custom)
2019-09-02 05:32:56,570 [pool-409-thread-1] INFO  server.RaftServerConfigKeys (ConfUtils.java:logGet(43)) - raft.server.log.write.buffer.size = 33554432 (custom)
2019-09-02 05:32:56,570 [pool-409-thread-1] INFO  server.RaftServerConfigKeys (ConfUtils.java:logGet(43)) - raft.server.log.force.sync.num = 128 (default)
2019-09-02 05:32:56,570 [pool-409-thread-1] INFO  server.RaftServerConfigKeys (ConfUtils.java:logGet(43)) - raft.server.log.statemachine.data.sync = true (default)
2019-09-02 05:32:56,570 [pool-409-thread-1] INFO  server.RaftServerConfigKeys (ConfUtils.java:logGet(43)) - raft.server.log.statemachine.data.sync.timeout = 10s (default)
2019-09-02 05:32:56,570 [pool-409-thread-1] INFO  server.RaftServerConfigKeys (ConfUtils.java:logGet(43)) - raft.server.log.statemachine.data.sync.timeout.retry = -1 (default)
2019-09-02 05:32:56,571 [pool-409-thread-1] INFO  server.RaftServerConfigKeys (ConfUtils.java:logGet(43)) - raft.server.log.statemachine.data.caching.enabled = true (custom)
2019-09-02 05:32:56,571 [pool-409-thread-1] INFO  segmented.SegmentedRaftLogWorker (SegmentedRaftLogWorker.java:lambda$new$0(132)) - 97f08126-dcc5-4d94-ac0d-f9c75ceb76fd-SegmentedRaftLogWorker:Storage Directory /workdir/hadoop-ozone/integration-test/target/test-dir/MiniOzoneClusterImpl-2a832e96-29dd-4f29-9444-310fee0a410e/datanode-0/data/ratis/cd77e545-ce21-403d-9a3e-3434c7cc66bc: flushIndex: setUnconditionally 0 -> -1
2019-09-02 05:32:56,572 [pool-409-thread-1] INFO  server.RaftServerConfigKeys (ConfUtils.java:logGet(43)) - raft.server.snapshot.auto.trigger.enabled = true (custom)
2019-09-02 05:32:56,572 [pool-409-thread-1] INFO  server.RaftServerConfigKeys (ConfUtils.java:logGet(43)) - raft.server.snapshot.auto.trigger.threshold = 10000 (custom)
2019-09-02 05:32:56,572 [pool-409-thread-1] INFO  server.RaftServerConfigKeys (ConfUtils.java:logGet(43)) - raft.server.retrycache.expirytime = 600000ms (custom)
2019-09-02 05:32:56,573 [pool-409-thread-1] INFO  impl.RaftServerImpl (RaftServerImpl.java:start(180)) - 97f08126-dcc5-4d94-ac0d-f9c75ceb76fd: start group-3434C7CC66BC
2019-09-02 05:32:56,573 [pool-409-thread-1] INFO  impl.RaftServerImpl (RaftServerImpl.java:setRole(171)) - 97f08126-dcc5-4d94-ac0d-f9c75ceb76fd:group-3434C7CC66BC changes role from null to FOLLOWER at term 0 for startAsFollower
2019-09-02 05:32:56,573 [pool-409-thread-1] INFO  impl.RoleInfo (RoleInfo.java:updateAndGet(143)) - 97f08126-dcc5-4d94-ac0d-f9c75ceb76fd: start FollowerState
2019-09-02 05:32:56,574 [pool-409-thread-1] INFO  util.JmxRegister (JmxRegister.java:tryRegister(44)) - Successfully registered JMX Bean with object name Ratis:service=RaftServer,group=group-3434C7CC66BC,id=97f08126-dcc5-4d94-ac0d-f9c75ceb76fd
2019-09-02 05:32:56,580 [IPC Server handler 5 on 37839] INFO  net.NetworkTopology (NetworkTopologyImpl.java:add(110)) - Added a new node: /default-rack/6527f679-d3a1-40a5-bf72-2b9df3faf938
2019-09-02 05:32:56,580 [IPC Server handler 5 on 37839] INFO  node.SCMNodeManager (SCMNodeManager.java:register(266)) - Registered Data node : 6527f679-d3a1-40a5-bf72-2b9df3faf938{ip: 192.168.36.97, host: trunk-nightly-20190902-fsht6-3309735379, networkLocation: /default-rack, certSerialId: null}
2019-09-02 05:32:56,581 [RatisPipelineUtilsThread] INFO  pipeline.PipelineStateManager (PipelineStateManager.java:addPipeline(56)) - Created pipeline Pipeline[ Id: cd77e545-ce21-403d-9a3e-3434c7cc66bc, Nodes: 97f08126-dcc5-4d94-ac0d-f9c75ceb76fd{ip: 192.168.36.97, host: trunk-nightly-20190902-fsht6-3309735379, networkLocation: /default-rack, certSerialId: null}, Type:RATIS, Factor:ONE, State:OPEN]
2019-09-02 05:32:56,588 [grpc-default-executor-10] INFO  impl.RaftServerProxy (RaftServerProxy.java:addNew(89)) - 6527f679-d3a1-40a5-bf72-2b9df3faf938: addNew group-E8D40AFBE9A4:[6527f679-d3a1-40a5-bf72-2b9df3faf938:192.168.36.97:38848] returns group-E8D40AFBE9A4:java.util.concurrent.CompletableFuture@380dee69[Not completed]
2019-09-02 05:32:56,590 [pool-419-thread-1] INFO  impl.RaftServerImpl (RaftServerImpl.java:<init>(93)) - 6527f679-d3a1-40a5-bf72-2b9df3faf938: new RaftServerImpl for group-E8D40AFBE9A4:[6527f679-d3a1-40a5-bf72-2b9df3faf938:192.168.36.97:38848] with ContainerStateMachine:uninitialized
2019-09-02 05:32:56,591 [pool-419-thread-1] INFO  server.RaftServerConfigKeys (ConfUtils.java:logGet(43)) - raft.server.rpc.timeout.min = 5s (custom)
2019-09-02 05:32:56,591 [pool-419-thread-1] INFO  server.RaftServerConfigKeys (ConfUtils.java:logGet(43)) - raft.server.rpc.timeout.max = 5200ms (custom)
2019-09-02 05:32:56,591 [pool-419-thread-1] INFO  server.RaftServerConfigKeys (ConfUtils.java:logGet(43)) - raft.server.rpcslowness.timeout = 120s (custom)
2019-09-02 05:32:56,591 [pool-419-thread-1] INFO  server.RaftServerConfigKeys (ConfUtils.java:logGet(43)) - raft.server.sleep.deviation.threshold = 300 (default)
2019-09-02 05:32:56,591 [pool-419-thread-1] INFO  server.RaftServerConfigKeys (ConfUtils.java:logGet(43)) - raft.server.log.appender.install.snapshot.enabled = false (custom)
2019-09-02 05:32:56,592 [pool-419-thread-1] INFO  impl.RaftServerImpl (ServerState.java:<init>(105)) - 6527f679-d3a1-40a5-bf72-2b9df3faf938:group-E8D40AFBE9A4 ConfigurationManager, init=-1: [6527f679-d3a1-40a5-bf72-2b9df3faf938:192.168.36.97:38848], old=null, confs=<EMPTY_MAP>
2019-09-02 05:32:56,592 [pool-419-thread-1] INFO  server.RaftServerConfigKeys (ConfUtils.java:logGet(43)) - raft.server.storage.dir = [/workdir/hadoop-ozone/integration-test/target/test-dir/MiniOzoneClusterImpl-2a832e96-29dd-4f29-9444-310fee0a410e/datanode-1/data/ratis] (custom)
2019-09-02 05:32:56,592 [pool-419-thread-1] INFO  storage.RaftStorageDirectory (RaftStorageDirectory.java:analyzeStorage(246)) - The storage directory /workdir/hadoop-ozone/integration-test/target/test-dir/MiniOzoneClusterImpl-2a832e96-29dd-4f29-9444-310fee0a410e/datanode-1/data/ratis/aa11a71d-62aa-46b5-a821-e8d40afbe9a4 does not exist. Creating ...
2019-09-02 05:32:56,636 [pool-419-thread-1] INFO  storage.RaftStorageDirectory (RaftStorageDirectory.java:tryLock(328)) - Lock on /workdir/hadoop-ozone/integration-test/target/test-dir/MiniOzoneClusterImpl-2a832e96-29dd-4f29-9444-310fee0a410e/datanode-1/data/ratis/aa11a71d-62aa-46b5-a821-e8d40afbe9a4/in_use.lock acquired by nodename 22988@trunk-nightly-20190902-fsht6-3309735379
2019-09-02 05:32:56,656 [IPC Server handler 4 on 37839] INFO  net.NetworkTopology (NetworkTopologyImpl.java:add(110)) - Added a new node: /default-rack/057d0060-947b-42dc-a4e0-c40f5d11d24c
2019-09-02 05:32:56,656 [IPC Server handler 4 on 37839] INFO  node.SCMNodeManager (SCMNodeManager.java:register(266)) - Registered Data node : 057d0060-947b-42dc-a4e0-c40f5d11d24c{ip: 192.168.36.97, host: trunk-nightly-20190902-fsht6-3309735379, networkLocation: /default-rack, certSerialId: null}
2019-09-02 05:32:56,678 [pool-419-thread-1] INFO  storage.RaftStorage (RaftStorage.java:format(72)) - Storage directory /workdir/hadoop-ozone/integration-test/target/test-dir/MiniOzoneClusterImpl-2a832e96-29dd-4f29-9444-310fee0a410e/datanode-1/data/ratis/aa11a71d-62aa-46b5-a821-e8d40afbe9a4 has been successfully formatted.
2019-09-02 05:32:56,678 [pool-419-thread-1] INFO  ratis.ContainerStateMachine (ContainerStateMachine.java:loadSnapshot(227)) - group-E8D40AFBE9A4: The snapshot info is null. Setting the last applied indexto:(t:0, i:~)
2019-09-02 05:32:56,679 [pool-419-thread-1] INFO  server.RaftServerConfigKeys (ConfUtils.java:logGet(43)) - raft.server.leader.election.timeout = 120s (custom)
2019-09-02 05:32:56,679 [pool-419-thread-1] INFO  server.RaftServerConfigKeys (ConfUtils.java:logGet(43)) - raft.server.log.use.memory = false (default)
2019-09-02 05:32:56,679 [pool-419-thread-1] INFO  server.RaftServerConfigKeys (ConfUtils.java:logGet(43)) - raft.server.log.purge.gap = 1000000 (custom)
2019-09-02 05:32:56,679 [pool-419-thread-1] INFO  server.RaftServerConfigKeys (ConfUtils.java:logGet(43)) - raft.server.log.appender.buffer.byte-limit = 33554432 (custom)
2019-09-02 05:32:56,679 [pool-419-thread-1] INFO  server.RaftServerConfigKeys (ConfUtils.java:logGet(43)) - raft.server.log.segment.size.max = 1048576 (custom)
2019-09-02 05:32:56,680 [pool-419-thread-1] INFO  server.RaftServerConfigKeys (ConfUtils.java:logGet(43)) - raft.server.log.segment.cache.num.max = 2 (custom)
2019-09-02 05:32:56,680 [pool-419-thread-1] INFO  segmented.SegmentedRaftLogWorker (SegmentedRaftLogWorker.java:<init>(172)) - new 6527f679-d3a1-40a5-bf72-2b9df3faf938-SegmentedRaftLogWorker:Storage Directory /workdir/hadoop-ozone/integration-test/target/test-dir/MiniOzoneClusterImpl-2a832e96-29dd-4f29-9444-310fee0a410e/datanode-1/data/ratis/aa11a71d-62aa-46b5-a821-e8d40afbe9a4 for RaftStorage:Storage Directory /workdir/hadoop-ozone/integration-test/target/test-dir/MiniOzoneClusterImpl-2a832e96-29dd-4f29-9444-310fee0a410e/datanode-1/data/ratis/aa11a71d-62aa-46b5-a821-e8d40afbe9a4
2019-09-02 05:32:56,680 [pool-419-thread-1] INFO  server.RaftServerConfigKeys (ConfUtils.java:logGet(43)) - raft.server.log.queue.byte-limit = 2147483647 (custom)
2019-09-02 05:32:56,680 [pool-419-thread-1] INFO  server.RaftServerConfigKeys (ConfUtils.java:logGet(43)) - raft.server.log.queue.element-limit = 1024 (custom)
2019-09-02 05:32:56,680 [pool-419-thread-1] INFO  server.RaftServerConfigKeys (ConfUtils.java:logGet(43)) - raft.server.log.segment.size.max = 1048576 (custom)
2019-09-02 05:32:56,681 [pool-419-thread-1] INFO  server.RaftServerConfigKeys (ConfUtils.java:logGet(43)) - raft.server.log.preallocated.size = 16384 (custom)
2019-09-02 05:32:56,681 [pool-419-thread-1] INFO  server.RaftServerConfigKeys (ConfUtils.java:logGet(43)) - raft.server.log.write.buffer.size = 33554432 (custom)
2019-09-02 05:32:56,681 [pool-419-thread-1] INFO  server.RaftServerConfigKeys (ConfUtils.java:logGet(43)) - raft.server.log.force.sync.num = 128 (default)
2019-09-02 05:32:56,681 [pool-419-thread-1] INFO  server.RaftServerConfigKeys (ConfUtils.java:logGet(43)) - raft.server.log.statemachine.data.sync = true (default)
2019-09-02 05:32:56,681 [pool-419-thread-1] INFO  server.RaftServerConfigKeys (ConfUtils.java:logGet(43)) - raft.server.log.statemachine.data.sync.timeout = 10s (default)
2019-09-02 05:32:56,681 [pool-419-thread-1] INFO  server.RaftServerConfigKeys (ConfUtils.java:logGet(43)) - raft.server.log.statemachine.data.sync.timeout.retry = -1 (default)
2019-09-02 05:32:56,682 [pool-419-thread-1] INFO  server.RaftServerConfigKeys (ConfUtils.java:logGet(43)) - raft.server.log.statemachine.data.caching.enabled = true (custom)
2019-09-02 05:32:56,682 [pool-419-thread-1] INFO  segmented.SegmentedRaftLogWorker (SegmentedRaftLogWorker.java:lambda$new$0(132)) - 6527f679-d3a1-40a5-bf72-2b9df3faf938-SegmentedRaftLogWorker:Storage Directory /workdir/hadoop-ozone/integration-test/target/test-dir/MiniOzoneClusterImpl-2a832e96-29dd-4f29-9444-310fee0a410e/datanode-1/data/ratis/aa11a71d-62aa-46b5-a821-e8d40afbe9a4: flushIndex: setUnconditionally 0 -> -1
2019-09-02 05:32:56,682 [pool-419-thread-1] INFO  server.RaftServerConfigKeys (ConfUtils.java:logGet(43)) - raft.server.snapshot.auto.trigger.enabled = true (custom)
2019-09-02 05:32:56,683 [pool-419-thread-1] INFO  server.RaftServerConfigKeys (ConfUtils.java:logGet(43)) - raft.server.snapshot.auto.trigger.threshold = 10000 (custom)
2019-09-02 05:32:56,683 [pool-419-thread-1] INFO  server.RaftServerConfigKeys (ConfUtils.java:logGet(43)) - raft.server.retrycache.expirytime = 600000ms (custom)
2019-09-02 05:32:56,683 [pool-419-thread-1] INFO  impl.RaftServerImpl (RaftServerImpl.java:start(180)) - 6527f679-d3a1-40a5-bf72-2b9df3faf938: start group-E8D40AFBE9A4
2019-09-02 05:32:56,683 [pool-419-thread-1] INFO  impl.RaftServerImpl (RaftServerImpl.java:setRole(171)) - 6527f679-d3a1-40a5-bf72-2b9df3faf938:group-E8D40AFBE9A4 changes role from null to FOLLOWER at term 0 for startAsFollower
2019-09-02 05:32:56,683 [pool-419-thread-1] INFO  impl.RoleInfo (RoleInfo.java:updateAndGet(143)) - 6527f679-d3a1-40a5-bf72-2b9df3faf938: start FollowerState
2019-09-02 05:32:56,684 [pool-419-thread-1] INFO  util.JmxRegister (JmxRegister.java:tryRegister(44)) - Successfully registered JMX Bean with object name Ratis:service=RaftServer,group=group-E8D40AFBE9A4,id=6527f679-d3a1-40a5-bf72-2b9df3faf938
2019-09-02 05:32:56,689 [RatisPipelineUtilsThread] INFO  pipeline.PipelineStateManager (PipelineStateManager.java:addPipeline(56)) - Created pipeline Pipeline[ Id: aa11a71d-62aa-46b5-a821-e8d40afbe9a4, Nodes: 6527f679-d3a1-40a5-bf72-2b9df3faf938{ip: 192.168.36.97, host: trunk-nightly-20190902-fsht6-3309735379, networkLocation: /default-rack, certSerialId: null}, Type:RATIS, Factor:ONE, State:OPEN]
2019-09-02 05:32:56,695 [grpc-default-executor-10] INFO  impl.RaftServerProxy (RaftServerProxy.java:addNew(89)) - 057d0060-947b-42dc-a4e0-c40f5d11d24c: addNew group-7FC160994885:[057d0060-947b-42dc-a4e0-c40f5d11d24c:192.168.36.97:35756] returns group-7FC160994885:java.util.concurrent.CompletableFuture@526151fa[Not completed]
2019-09-02 05:32:56,696 [pool-429-thread-1] INFO  impl.RaftServerImpl (RaftServerImpl.java:<init>(93)) - 057d0060-947b-42dc-a4e0-c40f5d11d24c: new RaftServerImpl for group-7FC160994885:[057d0060-947b-42dc-a4e0-c40f5d11d24c:192.168.36.97:35756] with ContainerStateMachine:uninitialized
2019-09-02 05:32:56,697 [pool-429-thread-1] INFO  server.RaftServerConfigKeys (ConfUtils.java:logGet(43)) - raft.server.rpc.timeout.min = 5s (custom)
2019-09-02 05:32:56,697 [pool-429-thread-1] INFO  server.RaftServerConfigKeys (ConfUtils.java:logGet(43)) - raft.server.rpc.timeout.max = 5200ms (custom)
2019-09-02 05:32:56,697 [pool-429-thread-1] INFO  server.RaftServerConfigKeys (ConfUtils.java:logGet(43)) - raft.server.rpcslowness.timeout = 120s (custom)
2019-09-02 05:32:56,697 [pool-429-thread-1] INFO  server.RaftServerConfigKeys (ConfUtils.java:logGet(43)) - raft.server.sleep.deviation.threshold = 300 (default)
2019-09-02 05:32:56,697 [pool-429-thread-1] INFO  server.RaftServerConfigKeys (ConfUtils.java:logGet(43)) - raft.server.log.appender.install.snapshot.enabled = false (custom)
2019-09-02 05:32:56,697 [pool-429-thread-1] INFO  impl.RaftServerImpl (ServerState.java:<init>(105)) - 057d0060-947b-42dc-a4e0-c40f5d11d24c:group-7FC160994885 ConfigurationManager, init=-1: [057d0060-947b-42dc-a4e0-c40f5d11d24c:192.168.36.97:35756], old=null, confs=<EMPTY_MAP>
2019-09-02 05:32:56,697 [pool-429-thread-1] INFO  server.RaftServerConfigKeys (ConfUtils.java:logGet(43)) - raft.server.storage.dir = [/workdir/hadoop-ozone/integration-test/target/test-dir/MiniOzoneClusterImpl-2a832e96-29dd-4f29-9444-310fee0a410e/datanode-2/data/ratis] (custom)
2019-09-02 05:32:56,698 [pool-429-thread-1] INFO  storage.RaftStorageDirectory (RaftStorageDirectory.java:analyzeStorage(246)) - The storage directory /workdir/hadoop-ozone/integration-test/target/test-dir/MiniOzoneClusterImpl-2a832e96-29dd-4f29-9444-310fee0a410e/datanode-2/data/ratis/46ef7ace-e631-4670-8959-7fc160994885 does not exist. Creating ...
2019-09-02 05:32:56,719 [pool-429-thread-1] INFO  storage.RaftStorageDirectory (RaftStorageDirectory.java:tryLock(328)) - Lock on /workdir/hadoop-ozone/integration-test/target/test-dir/MiniOzoneClusterImpl-2a832e96-29dd-4f29-9444-310fee0a410e/datanode-2/data/ratis/46ef7ace-e631-4670-8959-7fc160994885/in_use.lock acquired by nodename 22988@trunk-nightly-20190902-fsht6-3309735379
2019-09-02 05:32:56,733 [IPC Server handler 6 on 37839] INFO  net.NetworkTopology (NetworkTopologyImpl.java:add(110)) - Added a new node: /default-rack/2a49c038-d560-47fc-b4bd-56f44e6f5fc7
2019-09-02 05:32:56,733 [IPC Server handler 6 on 37839] INFO  node.SCMNodeManager (SCMNodeManager.java:register(266)) - Registered Data node : 2a49c038-d560-47fc-b4bd-56f44e6f5fc7{ip: 192.168.36.97, host: trunk-nightly-20190902-fsht6-3309735379, networkLocation: /default-rack, certSerialId: null}
2019-09-02 05:32:56,764 [pool-429-thread-1] INFO  storage.RaftStorage (RaftStorage.java:format(72)) - Storage directory /workdir/hadoop-ozone/integration-test/target/test-dir/MiniOzoneClusterImpl-2a832e96-29dd-4f29-9444-310fee0a410e/datanode-2/data/ratis/46ef7ace-e631-4670-8959-7fc160994885 has been successfully formatted.
2019-09-02 05:32:56,764 [pool-429-thread-1] INFO  ratis.ContainerStateMachine (ContainerStateMachine.java:loadSnapshot(227)) - group-7FC160994885: The snapshot info is null. Setting the last applied indexto:(t:0, i:~)
2019-09-02 05:32:56,764 [pool-429-thread-1] INFO  server.RaftServerConfigKeys (ConfUtils.java:logGet(43)) - raft.server.leader.election.timeout = 120s (custom)
2019-09-02 05:32:56,764 [pool-429-thread-1] INFO  server.RaftServerConfigKeys (ConfUtils.java:logGet(43)) - raft.server.log.use.memory = false (default)
2019-09-02 05:32:56,765 [pool-429-thread-1] INFO  server.RaftServerConfigKeys (ConfUtils.java:logGet(43)) - raft.server.log.purge.gap = 1000000 (custom)
2019-09-02 05:32:56,765 [pool-429-thread-1] INFO  server.RaftServerConfigKeys (ConfUtils.java:logGet(43)) - raft.server.log.appender.buffer.byte-limit = 33554432 (custom)
2019-09-02 05:32:56,765 [pool-429-thread-1] INFO  server.RaftServerConfigKeys (ConfUtils.java:logGet(43)) - raft.server.log.segment.size.max = 1048576 (custom)
2019-09-02 05:32:56,765 [pool-429-thread-1] INFO  server.RaftServerConfigKeys (ConfUtils.java:logGet(43)) - raft.server.log.segment.cache.num.max = 2 (custom)
2019-09-02 05:32:56,765 [pool-429-thread-1] INFO  segmented.SegmentedRaftLogWorker (SegmentedRaftLogWorker.java:<init>(172)) - new 057d0060-947b-42dc-a4e0-c40f5d11d24c-SegmentedRaftLogWorker:Storage Directory /workdir/hadoop-ozone/integration-test/target/test-dir/MiniOzoneClusterImpl-2a832e96-29dd-4f29-9444-310fee0a410e/datanode-2/data/ratis/46ef7ace-e631-4670-8959-7fc160994885 for RaftStorage:Storage Directory /workdir/hadoop-ozone/integration-test/target/test-dir/MiniOzoneClusterImpl-2a832e96-29dd-4f29-9444-310fee0a410e/datanode-2/data/ratis/46ef7ace-e631-4670-8959-7fc160994885
2019-09-02 05:32:56,766 [pool-429-thread-1] INFO  server.RaftServerConfigKeys (ConfUtils.java:logGet(43)) - raft.server.log.queue.byte-limit = 2147483647 (custom)
2019-09-02 05:32:56,766 [pool-429-thread-1] INFO  server.RaftServerConfigKeys (ConfUtils.java:logGet(43)) - raft.server.log.queue.element-limit = 1024 (custom)
2019-09-02 05:32:56,766 [pool-429-thread-1] INFO  server.RaftServerConfigKeys (ConfUtils.java:logGet(43)) - raft.server.log.segment.size.max = 1048576 (custom)
2019-09-02 05:32:56,766 [pool-429-thread-1] INFO  server.RaftServerConfigKeys (ConfUtils.java:logGet(43)) - raft.server.log.preallocated.size = 16384 (custom)
2019-09-02 05:32:56,766 [pool-429-thread-1] INFO  server.RaftServerConfigKeys (ConfUtils.java:logGet(43)) - raft.server.log.write.buffer.size = 33554432 (custom)
2019-09-02 05:32:56,766 [pool-429-thread-1] INFO  server.RaftServerConfigKeys (ConfUtils.java:logGet(43)) - raft.server.log.force.sync.num = 128 (default)
2019-09-02 05:32:56,767 [pool-429-thread-1] INFO  server.RaftServerConfigKeys (ConfUtils.java:logGet(43)) - raft.server.log.statemachine.data.sync = true (default)
2019-09-02 05:32:56,767 [pool-429-thread-1] INFO  server.RaftServerConfigKeys (ConfUtils.java:logGet(43)) - raft.server.log.statemachine.data.sync.timeout = 10s (default)
2019-09-02 05:32:56,767 [pool-429-thread-1] INFO  server.RaftServerConfigKeys (ConfUtils.java:logGet(43)) - raft.server.log.statemachine.data.sync.timeout.retry = -1 (default)
2019-09-02 05:32:56,767 [pool-429-thread-1] INFO  server.RaftServerConfigKeys (ConfUtils.java:logGet(43)) - raft.server.log.statemachine.data.caching.enabled = true (custom)
2019-09-02 05:32:56,768 [pool-429-thread-1] INFO  segmented.SegmentedRaftLogWorker (SegmentedRaftLogWorker.java:lambda$new$0(132)) - 057d0060-947b-42dc-a4e0-c40f5d11d24c-SegmentedRaftLogWorker:Storage Directory /workdir/hadoop-ozone/integration-test/target/test-dir/MiniOzoneClusterImpl-2a832e96-29dd-4f29-9444-310fee0a410e/datanode-2/data/ratis/46ef7ace-e631-4670-8959-7fc160994885: flushIndex: setUnconditionally 0 -> -1
2019-09-02 05:32:56,768 [pool-429-thread-1] INFO  server.RaftServerConfigKeys (ConfUtils.java:logGet(43)) - raft.server.snapshot.auto.trigger.enabled = true (custom)
2019-09-02 05:32:56,768 [pool-429-thread-1] INFO  server.RaftServerConfigKeys (ConfUtils.java:logGet(43)) - raft.server.snapshot.auto.trigger.threshold = 10000 (custom)
2019-09-02 05:32:56,768 [pool-429-thread-1] INFO  server.RaftServerConfigKeys (ConfUtils.java:logGet(43)) - raft.server.retrycache.expirytime = 600000ms (custom)
2019-09-02 05:32:56,768 [pool-429-thread-1] INFO  impl.RaftServerImpl (RaftServerImpl.java:start(180)) - 057d0060-947b-42dc-a4e0-c40f5d11d24c: start group-7FC160994885
2019-09-02 05:32:56,769 [pool-429-thread-1] INFO  impl.RaftServerImpl (RaftServerImpl.java:setRole(171)) - 057d0060-947b-42dc-a4e0-c40f5d11d24c:group-7FC160994885 changes role from null to FOLLOWER at term 0 for startAsFollower
2019-09-02 05:32:56,769 [pool-429-thread-1] INFO  impl.RoleInfo (RoleInfo.java:updateAndGet(143)) - 057d0060-947b-42dc-a4e0-c40f5d11d24c: start FollowerState
2019-09-02 05:32:56,769 [pool-429-thread-1] INFO  util.JmxRegister (JmxRegister.java:tryRegister(44)) - Successfully registered JMX Bean with object name Ratis:service=RaftServer,group=group-7FC160994885,id=057d0060-947b-42dc-a4e0-c40f5d11d24c
2019-09-02 05:32:56,774 [RatisPipelineUtilsThread] INFO  pipeline.PipelineStateManager (PipelineStateManager.java:addPipeline(56)) - Created pipeline Pipeline[ Id: 46ef7ace-e631-4670-8959-7fc160994885, Nodes: 057d0060-947b-42dc-a4e0-c40f5d11d24c{ip: 192.168.36.97, host: trunk-nightly-20190902-fsht6-3309735379, networkLocation: /default-rack, certSerialId: null}, Type:RATIS, Factor:ONE, State:OPEN]
2019-09-02 05:32:56,781 [grpc-default-executor-10] INFO  impl.RaftServerProxy (RaftServerProxy.java:addNew(89)) - 2a49c038-d560-47fc-b4bd-56f44e6f5fc7: addNew group-D47D4A6F1009:[2a49c038-d560-47fc-b4bd-56f44e6f5fc7:192.168.36.97:33664] returns group-D47D4A6F1009:java.util.concurrent.CompletableFuture@6daf247e[Not completed]
2019-09-02 05:32:56,782 [pool-439-thread-1] INFO  impl.RaftServerImpl (RaftServerImpl.java:<init>(93)) - 2a49c038-d560-47fc-b4bd-56f44e6f5fc7: new RaftServerImpl for group-D47D4A6F1009:[2a49c038-d560-47fc-b4bd-56f44e6f5fc7:192.168.36.97:33664] with ContainerStateMachine:uninitialized
2019-09-02 05:32:56,783 [pool-439-thread-1] INFO  server.RaftServerConfigKeys (ConfUtils.java:logGet(43)) - raft.server.rpc.timeout.min = 5s (custom)
2019-09-02 05:32:56,783 [pool-439-thread-1] INFO  server.RaftServerConfigKeys (ConfUtils.java:logGet(43)) - raft.server.rpc.timeout.max = 5200ms (custom)
2019-09-02 05:32:56,783 [pool-439-thread-1] INFO  server.RaftServerConfigKeys (ConfUtils.java:logGet(43)) - raft.server.rpcslowness.timeout = 120s (custom)
2019-09-02 05:32:56,783 [pool-439-thread-1] INFO  server.RaftServerConfigKeys (ConfUtils.java:logGet(43)) - raft.server.sleep.deviation.threshold = 300 (default)
2019-09-02 05:32:56,783 [pool-439-thread-1] INFO  server.RaftServerConfigKeys (ConfUtils.java:logGet(43)) - raft.server.log.appender.install.snapshot.enabled = false (custom)
2019-09-02 05:32:56,783 [pool-439-thread-1] INFO  impl.RaftServerImpl (ServerState.java:<init>(105)) - 2a49c038-d560-47fc-b4bd-56f44e6f5fc7:group-D47D4A6F1009 ConfigurationManager, init=-1: [2a49c038-d560-47fc-b4bd-56f44e6f5fc7:192.168.36.97:33664], old=null, confs=<EMPTY_MAP>
2019-09-02 05:32:56,783 [pool-439-thread-1] INFO  server.RaftServerConfigKeys (ConfUtils.java:logGet(43)) - raft.server.storage.dir = [/workdir/hadoop-ozone/integration-test/target/test-dir/MiniOzoneClusterImpl-2a832e96-29dd-4f29-9444-310fee0a410e/datanode-3/data/ratis] (custom)
2019-09-02 05:32:56,784 [pool-439-thread-1] INFO  storage.RaftStorageDirectory (RaftStorageDirectory.java:analyzeStorage(246)) - The storage directory /workdir/hadoop-ozone/integration-test/target/test-dir/MiniOzoneClusterImpl-2a832e96-29dd-4f29-9444-310fee0a410e/datanode-3/data/ratis/55be4589-99e1-4abb-a362-d47d4a6f1009 does not exist. Creating ...
2019-09-02 05:32:56,816 [pool-439-thread-1] INFO  storage.RaftStorageDirectory (RaftStorageDirectory.java:tryLock(328)) - Lock on /workdir/hadoop-ozone/integration-test/target/test-dir/MiniOzoneClusterImpl-2a832e96-29dd-4f29-9444-310fee0a410e/datanode-3/data/ratis/55be4589-99e1-4abb-a362-d47d4a6f1009/in_use.lock acquired by nodename 22988@trunk-nightly-20190902-fsht6-3309735379
2019-09-02 05:32:56,819 [IPC Server handler 0 on 37839] INFO  net.NetworkTopology (NetworkTopologyImpl.java:add(110)) - Added a new node: /default-rack/1bfdf2db-1a04-469f-8974-4867e3ba9579
2019-09-02 05:32:56,819 [IPC Server handler 0 on 37839] INFO  node.SCMNodeManager (SCMNodeManager.java:register(266)) - Registered Data node : 1bfdf2db-1a04-469f-8974-4867e3ba9579{ip: 192.168.36.97, host: trunk-nightly-20190902-fsht6-3309735379, networkLocation: /default-rack, certSerialId: null}
2019-09-02 05:32:56,841 [pool-439-thread-1] INFO  storage.RaftStorage (RaftStorage.java:format(72)) - Storage directory /workdir/hadoop-ozone/integration-test/target/test-dir/MiniOzoneClusterImpl-2a832e96-29dd-4f29-9444-310fee0a410e/datanode-3/data/ratis/55be4589-99e1-4abb-a362-d47d4a6f1009 has been successfully formatted.
2019-09-02 05:32:56,842 [pool-439-thread-1] INFO  ratis.ContainerStateMachine (ContainerStateMachine.java:loadSnapshot(227)) - group-D47D4A6F1009: The snapshot info is null. Setting the last applied indexto:(t:0, i:~)
2019-09-02 05:32:56,842 [pool-439-thread-1] INFO  server.RaftServerConfigKeys (ConfUtils.java:logGet(43)) - raft.server.leader.election.timeout = 120s (custom)
2019-09-02 05:32:56,842 [pool-439-thread-1] INFO  server.RaftServerConfigKeys (ConfUtils.java:logGet(43)) - raft.server.log.use.memory = false (default)
2019-09-02 05:32:56,843 [pool-439-thread-1] INFO  server.RaftServerConfigKeys (ConfUtils.java:logGet(43)) - raft.server.log.purge.gap = 1000000 (custom)
2019-09-02 05:32:56,843 [pool-439-thread-1] INFO  server.RaftServerConfigKeys (ConfUtils.java:logGet(43)) - raft.server.log.appender.buffer.byte-limit = 33554432 (custom)
2019-09-02 05:32:56,843 [pool-439-thread-1] INFO  server.RaftServerConfigKeys (ConfUtils.java:logGet(43)) - raft.server.log.segment.size.max = 1048576 (custom)
2019-09-02 05:32:56,843 [pool-439-thread-1] INFO  server.RaftServerConfigKeys (ConfUtils.java:logGet(43)) - raft.server.log.segment.cache.num.max = 2 (custom)
2019-09-02 05:32:56,843 [pool-439-thread-1] INFO  segmented.SegmentedRaftLogWorker (SegmentedRaftLogWorker.java:<init>(172)) - new 2a49c038-d560-47fc-b4bd-56f44e6f5fc7-SegmentedRaftLogWorker:Storage Directory /workdir/hadoop-ozone/integration-test/target/test-dir/MiniOzoneClusterImpl-2a832e96-29dd-4f29-9444-310fee0a410e/datanode-3/data/ratis/55be4589-99e1-4abb-a362-d47d4a6f1009 for RaftStorage:Storage Directory /workdir/hadoop-ozone/integration-test/target/test-dir/MiniOzoneClusterImpl-2a832e96-29dd-4f29-9444-310fee0a410e/datanode-3/data/ratis/55be4589-99e1-4abb-a362-d47d4a6f1009
2019-09-02 05:32:56,843 [pool-439-thread-1] INFO  server.RaftServerConfigKeys (ConfUtils.java:logGet(43)) - raft.server.log.queue.byte-limit = 2147483647 (custom)
2019-09-02 05:32:56,844 [pool-439-thread-1] INFO  server.RaftServerConfigKeys (ConfUtils.java:logGet(43)) - raft.server.log.queue.element-limit = 1024 (custom)
2019-09-02 05:32:56,844 [pool-439-thread-1] INFO  server.RaftServerConfigKeys (ConfUtils.java:logGet(43)) - raft.server.log.segment.size.max = 1048576 (custom)
2019-09-02 05:32:56,844 [pool-439-thread-1] INFO  server.RaftServerConfigKeys (ConfUtils.java:logGet(43)) - raft.server.log.preallocated.size = 16384 (custom)
2019-09-02 05:32:56,844 [pool-439-thread-1] INFO  server.RaftServerConfigKeys (ConfUtils.java:logGet(43)) - raft.server.log.write.buffer.size = 33554432 (custom)
2019-09-02 05:32:56,844 [pool-439-thread-1] INFO  server.RaftServerConfigKeys (ConfUtils.java:logGet(43)) - raft.server.log.force.sync.num = 128 (default)
2019-09-02 05:32:56,845 [pool-439-thread-1] INFO  server.RaftServerConfigKeys (ConfUtils.java:logGet(43)) - raft.server.log.statemachine.data.sync = true (default)
2019-09-02 05:32:56,845 [pool-439-thread-1] INFO  server.RaftServerConfigKeys (ConfUtils.java:logGet(43)) - raft.server.log.statemachine.data.sync.timeout = 10s (default)
2019-09-02 05:32:56,845 [pool-439-thread-1] INFO  server.RaftServerConfigKeys (ConfUtils.java:logGet(43)) - raft.server.log.statemachine.data.sync.timeout.retry = -1 (default)
2019-09-02 05:32:56,845 [pool-439-thread-1] INFO  server.RaftServerConfigKeys (ConfUtils.java:logGet(43)) - raft.server.log.statemachine.data.caching.enabled = true (custom)
2019-09-02 05:32:56,846 [pool-439-thread-1] INFO  segmented.SegmentedRaftLogWorker (SegmentedRaftLogWorker.java:lambda$new$0(132)) - 2a49c038-d560-47fc-b4bd-56f44e6f5fc7-SegmentedRaftLogWorker:Storage Directory /workdir/hadoop-ozone/integration-test/target/test-dir/MiniOzoneClusterImpl-2a832e96-29dd-4f29-9444-310fee0a410e/datanode-3/data/ratis/55be4589-99e1-4abb-a362-d47d4a6f1009: flushIndex: setUnconditionally 0 -> -1
2019-09-02 05:32:56,846 [pool-439-thread-1] INFO  server.RaftServerConfigKeys (ConfUtils.java:logGet(43)) - raft.server.snapshot.auto.trigger.enabled = true (custom)
2019-09-02 05:32:56,846 [pool-439-thread-1] INFO  server.RaftServerConfigKeys (ConfUtils.java:logGet(43)) - raft.server.snapshot.auto.trigger.threshold = 10000 (custom)
2019-09-02 05:32:56,846 [pool-439-thread-1] INFO  server.RaftServerConfigKeys (ConfUtils.java:logGet(43)) - raft.server.retrycache.expirytime = 600000ms (custom)
2019-09-02 05:32:56,846 [pool-439-thread-1] INFO  impl.RaftServerImpl (RaftServerImpl.java:start(180)) - 2a49c038-d560-47fc-b4bd-56f44e6f5fc7: start group-D47D4A6F1009
2019-09-02 05:32:56,847 [pool-439-thread-1] INFO  impl.RaftServerImpl (RaftServerImpl.java:setRole(171)) - 2a49c038-d560-47fc-b4bd-56f44e6f5fc7:group-D47D4A6F1009 changes role from null to FOLLOWER at term 0 for startAsFollower
2019-09-02 05:32:56,847 [pool-439-thread-1] INFO  impl.RoleInfo (RoleInfo.java:updateAndGet(143)) - 2a49c038-d560-47fc-b4bd-56f44e6f5fc7: start FollowerState
2019-09-02 05:32:56,860 [pool-439-thread-1] INFO  util.JmxRegister (JmxRegister.java:tryRegister(44)) - Successfully registered JMX Bean with object name Ratis:service=RaftServer,group=group-D47D4A6F1009,id=2a49c038-d560-47fc-b4bd-56f44e6f5fc7
2019-09-02 05:32:56,872 [RatisPipelineUtilsThread] INFO  pipeline.PipelineStateManager (PipelineStateManager.java:addPipeline(56)) - Created pipeline Pipeline[ Id: 55be4589-99e1-4abb-a362-d47d4a6f1009, Nodes: 2a49c038-d560-47fc-b4bd-56f44e6f5fc7{ip: 192.168.36.97, host: trunk-nightly-20190902-fsht6-3309735379, networkLocation: /default-rack, certSerialId: null}, Type:RATIS, Factor:ONE, State:OPEN]
2019-09-02 05:32:56,881 [grpc-default-executor-10] INFO  impl.RaftServerProxy (RaftServerProxy.java:addNew(89)) - 1bfdf2db-1a04-469f-8974-4867e3ba9579: addNew group-2BB258F91573:[1bfdf2db-1a04-469f-8974-4867e3ba9579:192.168.36.97:40332] returns group-2BB258F91573:java.util.concurrent.CompletableFuture@45fe7ea1[Not completed]
2019-09-02 05:32:56,882 [pool-449-thread-1] INFO  impl.RaftServerImpl (RaftServerImpl.java:<init>(93)) - 1bfdf2db-1a04-469f-8974-4867e3ba9579: new RaftServerImpl for group-2BB258F91573:[1bfdf2db-1a04-469f-8974-4867e3ba9579:192.168.36.97:40332] with ContainerStateMachine:uninitialized
2019-09-02 05:32:56,882 [pool-449-thread-1] INFO  server.RaftServerConfigKeys (ConfUtils.java:logGet(43)) - raft.server.rpc.timeout.min = 5s (custom)
2019-09-02 05:32:56,882 [pool-449-thread-1] INFO  server.RaftServerConfigKeys (ConfUtils.java:logGet(43)) - raft.server.rpc.timeout.max = 5200ms (custom)
2019-09-02 05:32:56,883 [pool-449-thread-1] INFO  server.RaftServerConfigKeys (ConfUtils.java:logGet(43)) - raft.server.rpcslowness.timeout = 120s (custom)
2019-09-02 05:32:56,883 [pool-449-thread-1] INFO  server.RaftServerConfigKeys (ConfUtils.java:logGet(43)) - raft.server.sleep.deviation.threshold = 300 (default)
2019-09-02 05:32:56,883 [pool-449-thread-1] INFO  server.RaftServerConfigKeys (ConfUtils.java:logGet(43)) - raft.server.log.appender.install.snapshot.enabled = false (custom)
2019-09-02 05:32:56,883 [pool-449-thread-1] INFO  impl.RaftServerImpl (ServerState.java:<init>(105)) - 1bfdf2db-1a04-469f-8974-4867e3ba9579:group-2BB258F91573 ConfigurationManager, init=-1: [1bfdf2db-1a04-469f-8974-4867e3ba9579:192.168.36.97:40332], old=null, confs=<EMPTY_MAP>
2019-09-02 05:32:56,883 [pool-449-thread-1] INFO  server.RaftServerConfigKeys (ConfUtils.java:logGet(43)) - raft.server.storage.dir = [/workdir/hadoop-ozone/integration-test/target/test-dir/MiniOzoneClusterImpl-2a832e96-29dd-4f29-9444-310fee0a410e/datanode-4/data/ratis] (custom)
2019-09-02 05:32:56,884 [pool-449-thread-1] INFO  storage.RaftStorageDirectory (RaftStorageDirectory.java:analyzeStorage(246)) - The storage directory /workdir/hadoop-ozone/integration-test/target/test-dir/MiniOzoneClusterImpl-2a832e96-29dd-4f29-9444-310fee0a410e/datanode-4/data/ratis/fd9e2790-2728-4f0a-b033-2bb258f91573 does not exist. Creating ...
2019-09-02 05:32:56,890 [IPC Server handler 2 on 37839] INFO  net.NetworkTopology (NetworkTopologyImpl.java:add(110)) - Added a new node: /default-rack/67eaba4e-f747-41d5-a997-c067dc1992ac
2019-09-02 05:32:56,890 [IPC Server handler 2 on 37839] INFO  node.SCMNodeManager (SCMNodeManager.java:register(266)) - Registered Data node : 67eaba4e-f747-41d5-a997-c067dc1992ac{ip: 192.168.36.97, host: trunk-nightly-20190902-fsht6-3309735379, networkLocation: /default-rack, certSerialId: null}
2019-09-02 05:32:56,905 [pool-449-thread-1] INFO  storage.RaftStorageDirectory (RaftStorageDirectory.java:tryLock(328)) - Lock on /workdir/hadoop-ozone/integration-test/target/test-dir/MiniOzoneClusterImpl-2a832e96-29dd-4f29-9444-310fee0a410e/datanode-4/data/ratis/fd9e2790-2728-4f0a-b033-2bb258f91573/in_use.lock acquired by nodename 22988@trunk-nightly-20190902-fsht6-3309735379
2019-09-02 05:32:56,918 [pool-449-thread-1] INFO  storage.RaftStorage (RaftStorage.java:format(72)) - Storage directory /workdir/hadoop-ozone/integration-test/target/test-dir/MiniOzoneClusterImpl-2a832e96-29dd-4f29-9444-310fee0a410e/datanode-4/data/ratis/fd9e2790-2728-4f0a-b033-2bb258f91573 has been successfully formatted.
2019-09-02 05:32:56,919 [pool-449-thread-1] INFO  ratis.ContainerStateMachine (ContainerStateMachine.java:loadSnapshot(227)) - group-2BB258F91573: The snapshot info is null. Setting the last applied indexto:(t:0, i:~)
2019-09-02 05:32:56,919 [pool-449-thread-1] INFO  server.RaftServerConfigKeys (ConfUtils.java:logGet(43)) - raft.server.leader.election.timeout = 120s (custom)
2019-09-02 05:32:56,919 [pool-449-thread-1] INFO  server.RaftServerConfigKeys (ConfUtils.java:logGet(43)) - raft.server.log.use.memory = false (default)
2019-09-02 05:32:56,919 [pool-449-thread-1] INFO  server.RaftServerConfigKeys (ConfUtils.java:logGet(43)) - raft.server.log.purge.gap = 1000000 (custom)
2019-09-02 05:32:56,919 [pool-449-thread-1] INFO  server.RaftServerConfigKeys (ConfUtils.java:logGet(43)) - raft.server.log.appender.buffer.byte-limit = 33554432 (custom)
2019-09-02 05:32:56,920 [pool-449-thread-1] INFO  server.RaftServerConfigKeys (ConfUtils.java:logGet(43)) - raft.server.log.segment.size.max = 1048576 (custom)
2019-09-02 05:32:56,920 [pool-449-thread-1] INFO  server.RaftServerConfigKeys (ConfUtils.java:logGet(43)) - raft.server.log.segment.cache.num.max = 2 (custom)
2019-09-02 05:32:56,920 [pool-449-thread-1] INFO  segmented.SegmentedRaftLogWorker (SegmentedRaftLogWorker.java:<init>(172)) - new 1bfdf2db-1a04-469f-8974-4867e3ba9579-SegmentedRaftLogWorker:Storage Directory /workdir/hadoop-ozone/integration-test/target/test-dir/MiniOzoneClusterImpl-2a832e96-29dd-4f29-9444-310fee0a410e/datanode-4/data/ratis/fd9e2790-2728-4f0a-b033-2bb258f91573 for RaftStorage:Storage Directory /workdir/hadoop-ozone/integration-test/target/test-dir/MiniOzoneClusterImpl-2a832e96-29dd-4f29-9444-310fee0a410e/datanode-4/data/ratis/fd9e2790-2728-4f0a-b033-2bb258f91573
2019-09-02 05:32:56,920 [pool-449-thread-1] INFO  server.RaftServerConfigKeys (ConfUtils.java:logGet(43)) - raft.server.log.queue.byte-limit = 2147483647 (custom)
2019-09-02 05:32:56,920 [pool-449-thread-1] INFO  server.RaftServerConfigKeys (ConfUtils.java:logGet(43)) - raft.server.log.queue.element-limit = 1024 (custom)
2019-09-02 05:32:56,921 [pool-449-thread-1] INFO  server.RaftServerConfigKeys (ConfUtils.java:logGet(43)) - raft.server.log.segment.size.max = 1048576 (custom)
2019-09-02 05:32:56,921 [pool-449-thread-1] INFO  server.RaftServerConfigKeys (ConfUtils.java:logGet(43)) - raft.server.log.preallocated.size = 16384 (custom)
2019-09-02 05:32:56,921 [pool-449-thread-1] INFO  server.RaftServerConfigKeys (ConfUtils.java:logGet(43)) - raft.server.log.write.buffer.size = 33554432 (custom)
2019-09-02 05:32:56,921 [pool-449-thread-1] INFO  server.RaftServerConfigKeys (ConfUtils.java:logGet(43)) - raft.server.log.force.sync.num = 128 (default)
2019-09-02 05:32:56,921 [pool-449-thread-1] INFO  server.RaftServerConfigKeys (ConfUtils.java:logGet(43)) - raft.server.log.statemachine.data.sync = true (default)
2019-09-02 05:32:56,921 [pool-449-thread-1] INFO  server.RaftServerConfigKeys (ConfUtils.java:logGet(43)) - raft.server.log.statemachine.data.sync.timeout = 10s (default)
2019-09-02 05:32:56,922 [pool-449-thread-1] INFO  server.RaftServerConfigKeys (ConfUtils.java:logGet(43)) - raft.server.log.statemachine.data.sync.timeout.retry = -1 (default)
2019-09-02 05:32:56,922 [pool-449-thread-1] INFO  server.RaftServerConfigKeys (ConfUtils.java:logGet(43)) - raft.server.log.statemachine.data.caching.enabled = true (custom)
2019-09-02 05:32:56,922 [pool-449-thread-1] INFO  segmented.SegmentedRaftLogWorker (SegmentedRaftLogWorker.java:lambda$new$0(132)) - 1bfdf2db-1a04-469f-8974-4867e3ba9579-SegmentedRaftLogWorker:Storage Directory /workdir/hadoop-ozone/integration-test/target/test-dir/MiniOzoneClusterImpl-2a832e96-29dd-4f29-9444-310fee0a410e/datanode-4/data/ratis/fd9e2790-2728-4f0a-b033-2bb258f91573: flushIndex: setUnconditionally 0 -> -1
2019-09-02 05:32:56,923 [pool-449-thread-1] INFO  server.RaftServerConfigKeys (ConfUtils.java:logGet(43)) - raft.server.snapshot.auto.trigger.enabled = true (custom)
2019-09-02 05:32:56,923 [pool-449-thread-1] INFO  server.RaftServerConfigKeys (ConfUtils.java:logGet(43)) - raft.server.snapshot.auto.trigger.threshold = 10000 (custom)
2019-09-02 05:32:56,923 [pool-449-thread-1] INFO  server.RaftServerConfigKeys (ConfUtils.java:logGet(43)) - raft.server.retrycache.expirytime = 600000ms (custom)
2019-09-02 05:32:56,923 [pool-449-thread-1] INFO  impl.RaftServerImpl (RaftServerImpl.java:start(180)) - 1bfdf2db-1a04-469f-8974-4867e3ba9579: start group-2BB258F91573
2019-09-02 05:32:56,923 [pool-449-thread-1] INFO  impl.RaftServerImpl (RaftServerImpl.java:setRole(171)) - 1bfdf2db-1a04-469f-8974-4867e3ba9579:group-2BB258F91573 changes role from null to FOLLOWER at term 0 for startAsFollower
2019-09-02 05:32:56,923 [pool-449-thread-1] INFO  impl.RoleInfo (RoleInfo.java:updateAndGet(143)) - 1bfdf2db-1a04-469f-8974-4867e3ba9579: start FollowerState
2019-09-02 05:32:56,924 [pool-449-thread-1] INFO  util.JmxRegister (JmxRegister.java:tryRegister(44)) - Successfully registered JMX Bean with object name Ratis:service=RaftServer,group=group-2BB258F91573,id=1bfdf2db-1a04-469f-8974-4867e3ba9579
2019-09-02 05:32:56,929 [RatisPipelineUtilsThread] INFO  pipeline.PipelineStateManager (PipelineStateManager.java:addPipeline(56)) - Created pipeline Pipeline[ Id: fd9e2790-2728-4f0a-b033-2bb258f91573, Nodes: 1bfdf2db-1a04-469f-8974-4867e3ba9579{ip: 192.168.36.97, host: trunk-nightly-20190902-fsht6-3309735379, networkLocation: /default-rack, certSerialId: null}, Type:RATIS, Factor:ONE, State:OPEN]
2019-09-02 05:32:56,935 [grpc-default-executor-10] INFO  impl.RaftServerProxy (RaftServerProxy.java:addNew(89)) - 67eaba4e-f747-41d5-a997-c067dc1992ac: addNew group-22E4CBC76044:[67eaba4e-f747-41d5-a997-c067dc1992ac:192.168.36.97:40303] returns group-22E4CBC76044:java.util.concurrent.CompletableFuture@51c159[Not completed]
2019-09-02 05:32:56,936 [pool-459-thread-1] INFO  impl.RaftServerImpl (RaftServerImpl.java:<init>(93)) - 67eaba4e-f747-41d5-a997-c067dc1992ac: new RaftServerImpl for group-22E4CBC76044:[67eaba4e-f747-41d5-a997-c067dc1992ac:192.168.36.97:40303] with ContainerStateMachine:uninitialized
2019-09-02 05:32:56,936 [pool-459-thread-1] INFO  server.RaftServerConfigKeys (ConfUtils.java:logGet(43)) - raft.server.rpc.timeout.min = 5s (custom)
2019-09-02 05:32:56,937 [pool-459-thread-1] INFO  server.RaftServerConfigKeys (ConfUtils.java:logGet(43)) - raft.server.rpc.timeout.max = 5200ms (custom)
2019-09-02 05:32:56,937 [pool-459-thread-1] INFO  server.RaftServerConfigKeys (ConfUtils.java:logGet(43)) - raft.server.rpcslowness.timeout = 120s (custom)
2019-09-02 05:32:56,937 [pool-459-thread-1] INFO  server.RaftServerConfigKeys (ConfUtils.java:logGet(43)) - raft.server.sleep.deviation.threshold = 300 (default)
2019-09-02 05:32:56,937 [pool-459-thread-1] INFO  server.RaftServerConfigKeys (ConfUtils.java:logGet(43)) - raft.server.log.appender.install.snapshot.enabled = false (custom)
2019-09-02 05:32:56,937 [pool-459-thread-1] INFO  impl.RaftServerImpl (ServerState.java:<init>(105)) - 67eaba4e-f747-41d5-a997-c067dc1992ac:group-22E4CBC76044 ConfigurationManager, init=-1: [67eaba4e-f747-41d5-a997-c067dc1992ac:192.168.36.97:40303], old=null, confs=<EMPTY_MAP>
2019-09-02 05:32:56,937 [pool-459-thread-1] INFO  server.RaftServerConfigKeys (ConfUtils.java:logGet(43)) - raft.server.storage.dir = [/workdir/hadoop-ozone/integration-test/target/test-dir/MiniOzoneClusterImpl-2a832e96-29dd-4f29-9444-310fee0a410e/datanode-5/data/ratis] (custom)
2019-09-02 05:32:56,938 [pool-459-thread-1] INFO  storage.RaftStorageDirectory (RaftStorageDirectory.java:analyzeStorage(246)) - The storage directory /workdir/hadoop-ozone/integration-test/target/test-dir/MiniOzoneClusterImpl-2a832e96-29dd-4f29-9444-310fee0a410e/datanode-5/data/ratis/66db4a5d-f122-4337-8b9a-22e4cbc76044 does not exist. Creating ...
2019-09-02 05:32:56,950 [pool-459-thread-1] INFO  storage.RaftStorageDirectory (RaftStorageDirectory.java:tryLock(328)) - Lock on /workdir/hadoop-ozone/integration-test/target/test-dir/MiniOzoneClusterImpl-2a832e96-29dd-4f29-9444-310fee0a410e/datanode-5/data/ratis/66db4a5d-f122-4337-8b9a-22e4cbc76044/in_use.lock acquired by nodename 22988@trunk-nightly-20190902-fsht6-3309735379
2019-09-02 05:32:56,962 [main] INFO  ozone.MiniOzoneClusterImpl (MiniOzoneClusterImpl.java:lambda$waitForClusterToBeReady$0(140)) - Waiting for cluster to be ready. Got 6 of 7 DN Heartbeats.
2019-09-02 05:32:56,963 [pool-459-thread-1] INFO  storage.RaftStorage (RaftStorage.java:format(72)) - Storage directory /workdir/hadoop-ozone/integration-test/target/test-dir/MiniOzoneClusterImpl-2a832e96-29dd-4f29-9444-310fee0a410e/datanode-5/data/ratis/66db4a5d-f122-4337-8b9a-22e4cbc76044 has been successfully formatted.
2019-09-02 05:32:56,963 [pool-459-thread-1] INFO  ratis.ContainerStateMachine (ContainerStateMachine.java:loadSnapshot(227)) - group-22E4CBC76044: The snapshot info is null. Setting the last applied indexto:(t:0, i:~)
2019-09-02 05:32:56,963 [IPC Server handler 1 on 37839] INFO  net.NetworkTopology (NetworkTopologyImpl.java:add(110)) - Added a new node: /default-rack/8d8094e5-0892-4a5d-835f-ac7a87dd3e0e
2019-09-02 05:32:56,963 [pool-459-thread-1] INFO  server.RaftServerConfigKeys (ConfUtils.java:logGet(43)) - raft.server.leader.election.timeout = 120s (custom)
2019-09-02 05:32:56,964 [IPC Server handler 1 on 37839] INFO  node.SCMNodeManager (SCMNodeManager.java:register(266)) - Registered Data node : 8d8094e5-0892-4a5d-835f-ac7a87dd3e0e{ip: 192.168.36.97, host: trunk-nightly-20190902-fsht6-3309735379, networkLocation: /default-rack, certSerialId: null}
2019-09-02 05:32:56,964 [pool-459-thread-1] INFO  server.RaftServerConfigKeys (ConfUtils.java:logGet(43)) - raft.server.log.use.memory = false (default)
2019-09-02 05:32:56,964 [pool-459-thread-1] INFO  server.RaftServerConfigKeys (ConfUtils.java:logGet(43)) - raft.server.log.purge.gap = 1000000 (custom)
2019-09-02 05:32:56,964 [pool-459-thread-1] INFO  server.RaftServerConfigKeys (ConfUtils.java:logGet(43)) - raft.server.log.appender.buffer.byte-limit = 33554432 (custom)
2019-09-02 05:32:56,964 [pool-459-thread-1] INFO  server.RaftServerConfigKeys (ConfUtils.java:logGet(43)) - raft.server.log.segment.size.max = 1048576 (custom)
2019-09-02 05:32:56,965 [pool-459-thread-1] INFO  server.RaftServerConfigKeys (ConfUtils.java:logGet(43)) - raft.server.log.segment.cache.num.max = 2 (custom)
2019-09-02 05:32:56,965 [pool-459-thread-1] INFO  segmented.SegmentedRaftLogWorker (SegmentedRaftLogWorker.java:<init>(172)) - new 67eaba4e-f747-41d5-a997-c067dc1992ac-SegmentedRaftLogWorker:Storage Directory /workdir/hadoop-ozone/integration-test/target/test-dir/MiniOzoneClusterImpl-2a832e96-29dd-4f29-9444-310fee0a410e/datanode-5/data/ratis/66db4a5d-f122-4337-8b9a-22e4cbc76044 for RaftStorage:Storage Directory /workdir/hadoop-ozone/integration-test/target/test-dir/MiniOzoneClusterImpl-2a832e96-29dd-4f29-9444-310fee0a410e/datanode-5/data/ratis/66db4a5d-f122-4337-8b9a-22e4cbc76044
2019-09-02 05:32:56,965 [pool-459-thread-1] INFO  server.RaftServerConfigKeys (ConfUtils.java:logGet(43)) - raft.server.log.queue.byte-limit = 2147483647 (custom)
2019-09-02 05:32:56,965 [pool-459-thread-1] INFO  server.RaftServerConfigKeys (ConfUtils.java:logGet(43)) - raft.server.log.queue.element-limit = 1024 (custom)
2019-09-02 05:32:56,965 [pool-459-thread-1] INFO  server.RaftServerConfigKeys (ConfUtils.java:logGet(43)) - raft.server.log.segment.size.max = 1048576 (custom)
2019-09-02 05:32:56,966 [pool-459-thread-1] INFO  server.RaftServerConfigKeys (ConfUtils.java:logGet(43)) - raft.server.log.preallocated.size = 16384 (custom)
2019-09-02 05:32:56,966 [pool-459-thread-1] INFO  server.RaftServerConfigKeys (ConfUtils.java:logGet(43)) - raft.server.log.write.buffer.size = 33554432 (custom)
2019-09-02 05:32:56,966 [pool-459-thread-1] INFO  server.RaftServerConfigKeys (ConfUtils.java:logGet(43)) - raft.server.log.force.sync.num = 128 (default)
2019-09-02 05:32:56,966 [pool-459-thread-1] INFO  server.RaftServerConfigKeys (ConfUtils.java:logGet(43)) - raft.server.log.statemachine.data.sync = true (default)
2019-09-02 05:32:56,966 [pool-459-thread-1] INFO  server.RaftServerConfigKeys (ConfUtils.java:logGet(43)) - raft.server.log.statemachine.data.sync.timeout = 10s (default)
2019-09-02 05:32:56,966 [pool-459-thread-1] INFO  server.RaftServerConfigKeys (ConfUtils.java:logGet(43)) - raft.server.log.statemachine.data.sync.timeout.retry = -1 (default)
2019-09-02 05:32:56,967 [pool-459-thread-1] INFO  server.RaftServerConfigKeys (ConfUtils.java:logGet(43)) - raft.server.log.statemachine.data.caching.enabled = true (custom)
2019-09-02 05:32:56,967 [pool-459-thread-1] INFO  segmented.SegmentedRaftLogWorker (SegmentedRaftLogWorker.java:lambda$new$0(132)) - 67eaba4e-f747-41d5-a997-c067dc1992ac-SegmentedRaftLogWorker:Storage Directory /workdir/hadoop-ozone/integration-test/target/test-dir/MiniOzoneClusterImpl-2a832e96-29dd-4f29-9444-310fee0a410e/datanode-5/data/ratis/66db4a5d-f122-4337-8b9a-22e4cbc76044: flushIndex: setUnconditionally 0 -> -1
2019-09-02 05:32:56,967 [pool-459-thread-1] INFO  server.RaftServerConfigKeys (ConfUtils.java:logGet(43)) - raft.server.snapshot.auto.trigger.enabled = true (custom)
2019-09-02 05:32:56,968 [pool-459-thread-1] INFO  server.RaftServerConfigKeys (ConfUtils.java:logGet(43)) - raft.server.snapshot.auto.trigger.threshold = 10000 (custom)
2019-09-02 05:32:56,968 [pool-459-thread-1] INFO  server.RaftServerConfigKeys (ConfUtils.java:logGet(43)) - raft.server.retrycache.expirytime = 600000ms (custom)
2019-09-02 05:32:56,968 [pool-459-thread-1] INFO  impl.RaftServerImpl (RaftServerImpl.java:start(180)) - 67eaba4e-f747-41d5-a997-c067dc1992ac: start group-22E4CBC76044
2019-09-02 05:32:56,968 [pool-459-thread-1] INFO  impl.RaftServerImpl (RaftServerImpl.java:setRole(171)) - 67eaba4e-f747-41d5-a997-c067dc1992ac:group-22E4CBC76044 changes role from null to FOLLOWER at term 0 for startAsFollower
2019-09-02 05:32:56,968 [pool-459-thread-1] INFO  impl.RoleInfo (RoleInfo.java:updateAndGet(143)) - 67eaba4e-f747-41d5-a997-c067dc1992ac: start FollowerState
2019-09-02 05:32:56,969 [pool-459-thread-1] INFO  util.JmxRegister (JmxRegister.java:tryRegister(44)) - Successfully registered JMX Bean with object name Ratis:service=RaftServer,group=group-22E4CBC76044,id=67eaba4e-f747-41d5-a997-c067dc1992ac
2019-09-02 05:32:56,973 [RatisPipelineUtilsThread] INFO  pipeline.PipelineStateManager (PipelineStateManager.java:addPipeline(56)) - Created pipeline Pipeline[ Id: 66db4a5d-f122-4337-8b9a-22e4cbc76044, Nodes: 67eaba4e-f747-41d5-a997-c067dc1992ac{ip: 192.168.36.97, host: trunk-nightly-20190902-fsht6-3309735379, networkLocation: /default-rack, certSerialId: null}, Type:RATIS, Factor:ONE, State:OPEN]
2019-09-02 05:32:56,979 [grpc-default-executor-10] INFO  impl.RaftServerProxy (RaftServerProxy.java:addNew(89)) - 8d8094e5-0892-4a5d-835f-ac7a87dd3e0e: addNew group-A21C452B8F28:[8d8094e5-0892-4a5d-835f-ac7a87dd3e0e:192.168.36.97:43276] returns group-A21C452B8F28:java.util.concurrent.CompletableFuture@52d9c160[Not completed]
2019-09-02 05:32:56,981 [pool-469-thread-1] INFO  impl.RaftServerImpl (RaftServerImpl.java:<init>(93)) - 8d8094e5-0892-4a5d-835f-ac7a87dd3e0e: new RaftServerImpl for group-A21C452B8F28:[8d8094e5-0892-4a5d-835f-ac7a87dd3e0e:192.168.36.97:43276] with ContainerStateMachine:uninitialized
2019-09-02 05:32:56,981 [pool-469-thread-1] INFO  server.RaftServerConfigKeys (ConfUtils.java:logGet(43)) - raft.server.rpc.timeout.min = 5s (custom)
2019-09-02 05:32:56,981 [pool-469-thread-1] INFO  server.RaftServerConfigKeys (ConfUtils.java:logGet(43)) - raft.server.rpc.timeout.max = 5200ms (custom)
2019-09-02 05:32:56,981 [pool-469-thread-1] INFO  server.RaftServerConfigKeys (ConfUtils.java:logGet(43)) - raft.server.rpcslowness.timeout = 120s (custom)
2019-09-02 05:32:56,981 [pool-469-thread-1] INFO  server.RaftServerConfigKeys (ConfUtils.java:logGet(43)) - raft.server.sleep.deviation.threshold = 300 (default)
2019-09-02 05:32:56,982 [pool-469-thread-1] INFO  server.RaftServerConfigKeys (ConfUtils.java:logGet(43)) - raft.server.log.appender.install.snapshot.enabled = false (custom)
2019-09-02 05:32:56,982 [pool-469-thread-1] INFO  impl.RaftServerImpl (ServerState.java:<init>(105)) - 8d8094e5-0892-4a5d-835f-ac7a87dd3e0e:group-A21C452B8F28 ConfigurationManager, init=-1: [8d8094e5-0892-4a5d-835f-ac7a87dd3e0e:192.168.36.97:43276], old=null, confs=<EMPTY_MAP>
2019-09-02 05:32:56,982 [pool-469-thread-1] INFO  server.RaftServerConfigKeys (ConfUtils.java:logGet(43)) - raft.server.storage.dir = [/workdir/hadoop-ozone/integration-test/target/test-dir/MiniOzoneClusterImpl-2a832e96-29dd-4f29-9444-310fee0a410e/datanode-6/data/ratis] (custom)
2019-09-02 05:32:56,982 [pool-469-thread-1] INFO  storage.RaftStorageDirectory (RaftStorageDirectory.java:analyzeStorage(246)) - The storage directory /workdir/hadoop-ozone/integration-test/target/test-dir/MiniOzoneClusterImpl-2a832e96-29dd-4f29-9444-310fee0a410e/datanode-6/data/ratis/51d6a501-9f5d-4360-9374-a21c452b8f28 does not exist. Creating ...
2019-09-02 05:32:56,995 [pool-469-thread-1] INFO  storage.RaftStorageDirectory (RaftStorageDirectory.java:tryLock(328)) - Lock on /workdir/hadoop-ozone/integration-test/target/test-dir/MiniOzoneClusterImpl-2a832e96-29dd-4f29-9444-310fee0a410e/datanode-6/data/ratis/51d6a501-9f5d-4360-9374-a21c452b8f28/in_use.lock acquired by nodename 22988@trunk-nightly-20190902-fsht6-3309735379
2019-09-02 05:32:57,019 [pool-469-thread-1] INFO  storage.RaftStorage (RaftStorage.java:format(72)) - Storage directory /workdir/hadoop-ozone/integration-test/target/test-dir/MiniOzoneClusterImpl-2a832e96-29dd-4f29-9444-310fee0a410e/datanode-6/data/ratis/51d6a501-9f5d-4360-9374-a21c452b8f28 has been successfully formatted.
2019-09-02 05:32:57,020 [pool-469-thread-1] INFO  ratis.ContainerStateMachine (ContainerStateMachine.java:loadSnapshot(227)) - group-A21C452B8F28: The snapshot info is null. Setting the last applied indexto:(t:0, i:~)
2019-09-02 05:32:57,020 [pool-469-thread-1] INFO  server.RaftServerConfigKeys (ConfUtils.java:logGet(43)) - raft.server.leader.election.timeout = 120s (custom)
2019-09-02 05:32:57,020 [pool-469-thread-1] INFO  server.RaftServerConfigKeys (ConfUtils.java:logGet(43)) - raft.server.log.use.memory = false (default)
2019-09-02 05:32:57,020 [pool-469-thread-1] INFO  server.RaftServerConfigKeys (ConfUtils.java:logGet(43)) - raft.server.log.purge.gap = 1000000 (custom)
2019-09-02 05:32:57,020 [pool-469-thread-1] INFO  server.RaftServerConfigKeys (ConfUtils.java:logGet(43)) - raft.server.log.appender.buffer.byte-limit = 33554432 (custom)
2019-09-02 05:32:57,021 [pool-469-thread-1] INFO  server.RaftServerConfigKeys (ConfUtils.java:logGet(43)) - raft.server.log.segment.size.max = 1048576 (custom)
2019-09-02 05:32:57,021 [pool-469-thread-1] INFO  server.RaftServerConfigKeys (ConfUtils.java:logGet(43)) - raft.server.log.segment.cache.num.max = 2 (custom)
2019-09-02 05:32:57,021 [pool-469-thread-1] INFO  segmented.SegmentedRaftLogWorker (SegmentedRaftLogWorker.java:<init>(172)) - new 8d8094e5-0892-4a5d-835f-ac7a87dd3e0e-SegmentedRaftLogWorker:Storage Directory /workdir/hadoop-ozone/integration-test/target/test-dir/MiniOzoneClusterImpl-2a832e96-29dd-4f29-9444-310fee0a410e/datanode-6/data/ratis/51d6a501-9f5d-4360-9374-a21c452b8f28 for RaftStorage:Storage Directory /workdir/hadoop-ozone/integration-test/target/test-dir/MiniOzoneClusterImpl-2a832e96-29dd-4f29-9444-310fee0a410e/datanode-6/data/ratis/51d6a501-9f5d-4360-9374-a21c452b8f28
2019-09-02 05:32:57,021 [pool-469-thread-1] INFO  server.RaftServerConfigKeys (ConfUtils.java:logGet(43)) - raft.server.log.queue.byte-limit = 2147483647 (custom)
2019-09-02 05:32:57,021 [pool-469-thread-1] INFO  server.RaftServerConfigKeys (ConfUtils.java:logGet(43)) - raft.server.log.queue.element-limit = 1024 (custom)
2019-09-02 05:32:57,022 [pool-469-thread-1] INFO  server.RaftServerConfigKeys (ConfUtils.java:logGet(43)) - raft.server.log.segment.size.max = 1048576 (custom)
2019-09-02 05:32:57,022 [pool-469-thread-1] INFO  server.RaftServerConfigKeys (ConfUtils.java:logGet(43)) - raft.server.log.preallocated.size = 16384 (custom)
2019-09-02 05:32:57,022 [pool-469-thread-1] INFO  server.RaftServerConfigKeys (ConfUtils.java:logGet(43)) - raft.server.log.write.buffer.size = 33554432 (custom)
2019-09-02 05:32:57,022 [pool-469-thread-1] INFO  server.RaftServerConfigKeys (ConfUtils.java:logGet(43)) - raft.server.log.force.sync.num = 128 (default)
2019-09-02 05:32:57,022 [pool-469-thread-1] INFO  server.RaftServerConfigKeys (ConfUtils.java:logGet(43)) - raft.server.log.statemachine.data.sync = true (default)
2019-09-02 05:32:57,022 [pool-469-thread-1] INFO  server.RaftServerConfigKeys (ConfUtils.java:logGet(43)) - raft.server.log.statemachine.data.sync.timeout = 10s (default)
2019-09-02 05:32:57,023 [pool-469-thread-1] INFO  server.RaftServerConfigKeys (ConfUtils.java:logGet(43)) - raft.server.log.statemachine.data.sync.timeout.retry = -1 (default)
2019-09-02 05:32:57,023 [pool-469-thread-1] INFO  server.RaftServerConfigKeys (ConfUtils.java:logGet(43)) - raft.server.log.statemachine.data.caching.enabled = true (custom)
2019-09-02 05:32:57,023 [pool-469-thread-1] INFO  segmented.SegmentedRaftLogWorker (SegmentedRaftLogWorker.java:lambda$new$0(132)) - 8d8094e5-0892-4a5d-835f-ac7a87dd3e0e-SegmentedRaftLogWorker:Storage Directory /workdir/hadoop-ozone/integration-test/target/test-dir/MiniOzoneClusterImpl-2a832e96-29dd-4f29-9444-310fee0a410e/datanode-6/data/ratis/51d6a501-9f5d-4360-9374-a21c452b8f28: flushIndex: setUnconditionally 0 -> -1
2019-09-02 05:32:57,024 [pool-469-thread-1] INFO  server.RaftServerConfigKeys (ConfUtils.java:logGet(43)) - raft.server.snapshot.auto.trigger.enabled = true (custom)
2019-09-02 05:32:57,024 [pool-469-thread-1] INFO  server.RaftServerConfigKeys (ConfUtils.java:logGet(43)) - raft.server.snapshot.auto.trigger.threshold = 10000 (custom)
2019-09-02 05:32:57,024 [pool-469-thread-1] INFO  server.RaftServerConfigKeys (ConfUtils.java:logGet(43)) - raft.server.retrycache.expirytime = 600000ms (custom)
2019-09-02 05:32:57,024 [pool-469-thread-1] INFO  impl.RaftServerImpl (RaftServerImpl.java:start(180)) - 8d8094e5-0892-4a5d-835f-ac7a87dd3e0e: start group-A21C452B8F28
2019-09-02 05:32:57,024 [pool-469-thread-1] INFO  impl.RaftServerImpl (RaftServerImpl.java:setRole(171)) - 8d8094e5-0892-4a5d-835f-ac7a87dd3e0e:group-A21C452B8F28 changes role from null to FOLLOWER at term 0 for startAsFollower
2019-09-02 05:32:57,024 [pool-469-thread-1] INFO  impl.RoleInfo (RoleInfo.java:updateAndGet(143)) - 8d8094e5-0892-4a5d-835f-ac7a87dd3e0e: start FollowerState
2019-09-02 05:32:57,025 [pool-469-thread-1] INFO  util.JmxRegister (JmxRegister.java:tryRegister(44)) - Successfully registered JMX Bean with object name Ratis:service=RaftServer,group=group-A21C452B8F28,id=8d8094e5-0892-4a5d-835f-ac7a87dd3e0e
2019-09-02 05:32:57,029 [RatisPipelineUtilsThread] INFO  pipeline.PipelineStateManager (PipelineStateManager.java:addPipeline(56)) - Created pipeline Pipeline[ Id: 51d6a501-9f5d-4360-9374-a21c452b8f28, Nodes: 8d8094e5-0892-4a5d-835f-ac7a87dd3e0e{ip: 192.168.36.97, host: trunk-nightly-20190902-fsht6-3309735379, networkLocation: /default-rack, certSerialId: null}, Type:RATIS, Factor:ONE, State:OPEN]
2019-09-02 05:32:57,038 [grpc-default-executor-7] INFO  impl.RaftServerProxy (RaftServerProxy.java:addNew(89)) - 6527f679-d3a1-40a5-bf72-2b9df3faf938: addNew group-1D15FAEDB52B:[6527f679-d3a1-40a5-bf72-2b9df3faf938:192.168.36.97:38848, 057d0060-947b-42dc-a4e0-c40f5d11d24c:192.168.36.97:35756, 67eaba4e-f747-41d5-a997-c067dc1992ac:192.168.36.97:40303] returns group-1D15FAEDB52B:java.util.concurrent.CompletableFuture@153e8ce0[Not completed]
2019-09-02 05:32:57,038 [grpc-default-executor-9] INFO  impl.RaftServerProxy (RaftServerProxy.java:addNew(89)) - 057d0060-947b-42dc-a4e0-c40f5d11d24c: addNew group-1D15FAEDB52B:[6527f679-d3a1-40a5-bf72-2b9df3faf938:192.168.36.97:38848, 057d0060-947b-42dc-a4e0-c40f5d11d24c:192.168.36.97:35756, 67eaba4e-f747-41d5-a997-c067dc1992ac:192.168.36.97:40303] returns group-1D15FAEDB52B:java.util.concurrent.CompletableFuture@45202ae8[Not completed]
2019-09-02 05:32:57,039 [grpc-default-executor-9] INFO  impl.RaftServerProxy (RaftServerProxy.java:addNew(89)) - 67eaba4e-f747-41d5-a997-c067dc1992ac: addNew group-1D15FAEDB52B:[6527f679-d3a1-40a5-bf72-2b9df3faf938:192.168.36.97:38848, 057d0060-947b-42dc-a4e0-c40f5d11d24c:192.168.36.97:35756, 67eaba4e-f747-41d5-a997-c067dc1992ac:192.168.36.97:40303] returns group-1D15FAEDB52B:java.util.concurrent.CompletableFuture@411fa694[Not completed]
2019-09-02 05:32:57,039 [pool-419-thread-1] INFO  impl.RaftServerImpl (RaftServerImpl.java:<init>(93)) - 6527f679-d3a1-40a5-bf72-2b9df3faf938: new RaftServerImpl for group-1D15FAEDB52B:[6527f679-d3a1-40a5-bf72-2b9df3faf938:192.168.36.97:38848, 057d0060-947b-42dc-a4e0-c40f5d11d24c:192.168.36.97:35756, 67eaba4e-f747-41d5-a997-c067dc1992ac:192.168.36.97:40303] with ContainerStateMachine:uninitialized
2019-09-02 05:32:57,040 [pool-419-thread-1] INFO  server.RaftServerConfigKeys (ConfUtils.java:logGet(43)) - raft.server.rpc.timeout.min = 5s (custom)
2019-09-02 05:32:57,040 [pool-419-thread-1] INFO  server.RaftServerConfigKeys (ConfUtils.java:logGet(43)) - raft.server.rpc.timeout.max = 5200ms (custom)
2019-09-02 05:32:57,040 [pool-419-thread-1] INFO  server.RaftServerConfigKeys (ConfUtils.java:logGet(43)) - raft.server.rpcslowness.timeout = 120s (custom)
2019-09-02 05:32:57,040 [pool-419-thread-1] INFO  server.RaftServerConfigKeys (ConfUtils.java:logGet(43)) - raft.server.sleep.deviation.threshold = 300 (default)
2019-09-02 05:32:57,040 [pool-419-thread-1] INFO  server.RaftServerConfigKeys (ConfUtils.java:logGet(43)) - raft.server.log.appender.install.snapshot.enabled = false (custom)
2019-09-02 05:32:57,041 [pool-419-thread-1] INFO  impl.RaftServerImpl (ServerState.java:<init>(105)) - 6527f679-d3a1-40a5-bf72-2b9df3faf938:group-1D15FAEDB52B ConfigurationManager, init=-1: [6527f679-d3a1-40a5-bf72-2b9df3faf938:192.168.36.97:38848, 057d0060-947b-42dc-a4e0-c40f5d11d24c:192.168.36.97:35756, 67eaba4e-f747-41d5-a997-c067dc1992ac:192.168.36.97:40303], old=null, confs=<EMPTY_MAP>
2019-09-02 05:32:57,041 [pool-459-thread-1] INFO  impl.RaftServerImpl (RaftServerImpl.java:<init>(93)) - 67eaba4e-f747-41d5-a997-c067dc1992ac: new RaftServerImpl for group-1D15FAEDB52B:[6527f679-d3a1-40a5-bf72-2b9df3faf938:192.168.36.97:38848, 057d0060-947b-42dc-a4e0-c40f5d11d24c:192.168.36.97:35756, 67eaba4e-f747-41d5-a997-c067dc1992ac:192.168.36.97:40303] with ContainerStateMachine:uninitialized
2019-09-02 05:32:57,041 [pool-419-thread-1] INFO  server.RaftServerConfigKeys (ConfUtils.java:logGet(43)) - raft.server.storage.dir = [/workdir/hadoop-ozone/integration-test/target/test-dir/MiniOzoneClusterImpl-2a832e96-29dd-4f29-9444-310fee0a410e/datanode-1/data/ratis] (custom)
2019-09-02 05:32:57,041 [pool-459-thread-1] INFO  server.RaftServerConfigKeys (ConfUtils.java:logGet(43)) - raft.server.rpc.timeout.min = 5s (custom)
2019-09-02 05:32:57,041 [pool-429-thread-1] INFO  impl.RaftServerImpl (RaftServerImpl.java:<init>(93)) - 057d0060-947b-42dc-a4e0-c40f5d11d24c: new RaftServerImpl for group-1D15FAEDB52B:[6527f679-d3a1-40a5-bf72-2b9df3faf938:192.168.36.97:38848, 057d0060-947b-42dc-a4e0-c40f5d11d24c:192.168.36.97:35756, 67eaba4e-f747-41d5-a997-c067dc1992ac:192.168.36.97:40303] with ContainerStateMachine:uninitialized
2019-09-02 05:32:57,041 [pool-459-thread-1] INFO  server.RaftServerConfigKeys (ConfUtils.java:logGet(43)) - raft.server.rpc.timeout.max = 5200ms (custom)
2019-09-02 05:32:57,041 [pool-419-thread-1] INFO  storage.RaftStorageDirectory (RaftStorageDirectory.java:analyzeStorage(246)) - The storage directory /workdir/hadoop-ozone/integration-test/target/test-dir/MiniOzoneClusterImpl-2a832e96-29dd-4f29-9444-310fee0a410e/datanode-1/data/ratis/3a4f7152-127c-47f4-94cb-1d15faedb52b does not exist. Creating ...
2019-09-02 05:32:57,041 [pool-429-thread-1] INFO  server.RaftServerConfigKeys (ConfUtils.java:logGet(43)) - raft.server.rpc.timeout.min = 5s (custom)
2019-09-02 05:32:57,042 [pool-429-thread-1] INFO  server.RaftServerConfigKeys (ConfUtils.java:logGet(43)) - raft.server.rpc.timeout.max = 5200ms (custom)
2019-09-02 05:32:57,041 [pool-459-thread-1] INFO  server.RaftServerConfigKeys (ConfUtils.java:logGet(43)) - raft.server.rpcslowness.timeout = 120s (custom)
2019-09-02 05:32:57,042 [pool-429-thread-1] INFO  server.RaftServerConfigKeys (ConfUtils.java:logGet(43)) - raft.server.rpcslowness.timeout = 120s (custom)
2019-09-02 05:32:57,042 [pool-459-thread-1] INFO  server.RaftServerConfigKeys (ConfUtils.java:logGet(43)) - raft.server.sleep.deviation.threshold = 300 (default)
2019-09-02 05:32:57,042 [pool-429-thread-1] INFO  server.RaftServerConfigKeys (ConfUtils.java:logGet(43)) - raft.server.sleep.deviation.threshold = 300 (default)
2019-09-02 05:32:57,042 [pool-459-thread-1] INFO  server.RaftServerConfigKeys (ConfUtils.java:logGet(43)) - raft.server.log.appender.install.snapshot.enabled = false (custom)
2019-09-02 05:32:57,042 [pool-429-thread-1] INFO  server.RaftServerConfigKeys (ConfUtils.java:logGet(43)) - raft.server.log.appender.install.snapshot.enabled = false (custom)
2019-09-02 05:32:57,043 [pool-459-thread-1] INFO  impl.RaftServerImpl (ServerState.java:<init>(105)) - 67eaba4e-f747-41d5-a997-c067dc1992ac:group-1D15FAEDB52B ConfigurationManager, init=-1: [6527f679-d3a1-40a5-bf72-2b9df3faf938:192.168.36.97:38848, 057d0060-947b-42dc-a4e0-c40f5d11d24c:192.168.36.97:35756, 67eaba4e-f747-41d5-a997-c067dc1992ac:192.168.36.97:40303], old=null, confs=<EMPTY_MAP>
2019-09-02 05:32:57,043 [pool-429-thread-1] INFO  impl.RaftServerImpl (ServerState.java:<init>(105)) - 057d0060-947b-42dc-a4e0-c40f5d11d24c:group-1D15FAEDB52B ConfigurationManager, init=-1: [6527f679-d3a1-40a5-bf72-2b9df3faf938:192.168.36.97:38848, 057d0060-947b-42dc-a4e0-c40f5d11d24c:192.168.36.97:35756, 67eaba4e-f747-41d5-a997-c067dc1992ac:192.168.36.97:40303], old=null, confs=<EMPTY_MAP>
2019-09-02 05:32:57,043 [pool-459-thread-1] INFO  server.RaftServerConfigKeys (ConfUtils.java:logGet(43)) - raft.server.storage.dir = [/workdir/hadoop-ozone/integration-test/target/test-dir/MiniOzoneClusterImpl-2a832e96-29dd-4f29-9444-310fee0a410e/datanode-5/data/ratis] (custom)
2019-09-02 05:32:57,043 [pool-429-thread-1] INFO  server.RaftServerConfigKeys (ConfUtils.java:logGet(43)) - raft.server.storage.dir = [/workdir/hadoop-ozone/integration-test/target/test-dir/MiniOzoneClusterImpl-2a832e96-29dd-4f29-9444-310fee0a410e/datanode-2/data/ratis] (custom)
2019-09-02 05:32:57,043 [pool-459-thread-1] INFO  storage.RaftStorageDirectory (RaftStorageDirectory.java:analyzeStorage(246)) - The storage directory /workdir/hadoop-ozone/integration-test/target/test-dir/MiniOzoneClusterImpl-2a832e96-29dd-4f29-9444-310fee0a410e/datanode-5/data/ratis/3a4f7152-127c-47f4-94cb-1d15faedb52b does not exist. Creating ...
2019-09-02 05:32:57,043 [pool-429-thread-1] INFO  storage.RaftStorageDirectory (RaftStorageDirectory.java:analyzeStorage(246)) - The storage directory /workdir/hadoop-ozone/integration-test/target/test-dir/MiniOzoneClusterImpl-2a832e96-29dd-4f29-9444-310fee0a410e/datanode-2/data/ratis/3a4f7152-127c-47f4-94cb-1d15faedb52b does not exist. Creating ...
2019-09-02 05:32:57,056 [pool-419-thread-1] INFO  storage.RaftStorageDirectory (RaftStorageDirectory.java:tryLock(328)) - Lock on /workdir/hadoop-ozone/integration-test/target/test-dir/MiniOzoneClusterImpl-2a832e96-29dd-4f29-9444-310fee0a410e/datanode-1/data/ratis/3a4f7152-127c-47f4-94cb-1d15faedb52b/in_use.lock acquired by nodename 22988@trunk-nightly-20190902-fsht6-3309735379
2019-09-02 05:32:57,056 [pool-459-thread-1] INFO  storage.RaftStorageDirectory (RaftStorageDirectory.java:tryLock(328)) - Lock on /workdir/hadoop-ozone/integration-test/target/test-dir/MiniOzoneClusterImpl-2a832e96-29dd-4f29-9444-310fee0a410e/datanode-5/data/ratis/3a4f7152-127c-47f4-94cb-1d15faedb52b/in_use.lock acquired by nodename 22988@trunk-nightly-20190902-fsht6-3309735379
2019-09-02 05:32:57,056 [pool-429-thread-1] INFO  storage.RaftStorageDirectory (RaftStorageDirectory.java:tryLock(328)) - Lock on /workdir/hadoop-ozone/integration-test/target/test-dir/MiniOzoneClusterImpl-2a832e96-29dd-4f29-9444-310fee0a410e/datanode-2/data/ratis/3a4f7152-127c-47f4-94cb-1d15faedb52b/in_use.lock acquired by nodename 22988@trunk-nightly-20190902-fsht6-3309735379
2019-09-02 05:32:57,070 [pool-459-thread-1] INFO  storage.RaftStorage (RaftStorage.java:format(72)) - Storage directory /workdir/hadoop-ozone/integration-test/target/test-dir/MiniOzoneClusterImpl-2a832e96-29dd-4f29-9444-310fee0a410e/datanode-5/data/ratis/3a4f7152-127c-47f4-94cb-1d15faedb52b has been successfully formatted.
2019-09-02 05:32:57,070 [pool-419-thread-1] INFO  storage.RaftStorage (RaftStorage.java:format(72)) - Storage directory /workdir/hadoop-ozone/integration-test/target/test-dir/MiniOzoneClusterImpl-2a832e96-29dd-4f29-9444-310fee0a410e/datanode-1/data/ratis/3a4f7152-127c-47f4-94cb-1d15faedb52b has been successfully formatted.
2019-09-02 05:32:57,070 [pool-429-thread-1] INFO  storage.RaftStorage (RaftStorage.java:format(72)) - Storage directory /workdir/hadoop-ozone/integration-test/target/test-dir/MiniOzoneClusterImpl-2a832e96-29dd-4f29-9444-310fee0a410e/datanode-2/data/ratis/3a4f7152-127c-47f4-94cb-1d15faedb52b has been successfully formatted.
2019-09-02 05:32:57,070 [pool-459-thread-1] INFO  ratis.ContainerStateMachine (ContainerStateMachine.java:loadSnapshot(227)) - group-1D15FAEDB52B: The snapshot info is null. Setting the last applied indexto:(t:0, i:~)
2019-09-02 05:32:57,071 [pool-429-thread-1] INFO  ratis.ContainerStateMachine (ContainerStateMachine.java:loadSnapshot(227)) - group-1D15FAEDB52B: The snapshot info is null. Setting the last applied indexto:(t:0, i:~)
2019-09-02 05:32:57,071 [pool-419-thread-1] INFO  ratis.ContainerStateMachine (ContainerStateMachine.java:loadSnapshot(227)) - group-1D15FAEDB52B: The snapshot info is null. Setting the last applied indexto:(t:0, i:~)
2019-09-02 05:32:57,071 [pool-429-thread-1] INFO  server.RaftServerConfigKeys (ConfUtils.java:logGet(43)) - raft.server.leader.election.timeout = 120s (custom)
2019-09-02 05:32:57,071 [pool-459-thread-1] INFO  server.RaftServerConfigKeys (ConfUtils.java:logGet(43)) - raft.server.leader.election.timeout = 120s (custom)
2019-09-02 05:32:57,071 [pool-429-thread-1] INFO  server.RaftServerConfigKeys (ConfUtils.java:logGet(43)) - raft.server.log.use.memory = false (default)
2019-09-02 05:32:57,071 [pool-419-thread-1] INFO  server.RaftServerConfigKeys (ConfUtils.java:logGet(43)) - raft.server.leader.election.timeout = 120s (custom)
2019-09-02 05:32:57,072 [pool-429-thread-1] INFO  server.RaftServerConfigKeys (ConfUtils.java:logGet(43)) - raft.server.log.purge.gap = 1000000 (custom)
2019-09-02 05:32:57,071 [pool-459-thread-1] INFO  server.RaftServerConfigKeys (ConfUtils.java:logGet(43)) - raft.server.log.use.memory = false (default)
2019-09-02 05:32:57,072 [pool-429-thread-1] INFO  server.RaftServerConfigKeys (ConfUtils.java:logGet(43)) - raft.server.log.appender.buffer.byte-limit = 33554432 (custom)
2019-09-02 05:32:57,072 [pool-419-thread-1] INFO  server.RaftServerConfigKeys (ConfUtils.java:logGet(43)) - raft.server.log.use.memory = false (default)
2019-09-02 05:32:57,072 [pool-429-thread-1] INFO  server.RaftServerConfigKeys (ConfUtils.java:logGet(43)) - raft.server.log.segment.size.max = 1048576 (custom)
2019-09-02 05:32:57,072 [pool-459-thread-1] INFO  server.RaftServerConfigKeys (ConfUtils.java:logGet(43)) - raft.server.log.purge.gap = 1000000 (custom)
2019-09-02 05:32:57,072 [pool-429-thread-1] INFO  server.RaftServerConfigKeys (ConfUtils.java:logGet(43)) - raft.server.log.segment.cache.num.max = 2 (custom)
2019-09-02 05:32:57,072 [pool-419-thread-1] INFO  server.RaftServerConfigKeys (ConfUtils.java:logGet(43)) - raft.server.log.purge.gap = 1000000 (custom)
2019-09-02 05:32:57,073 [pool-429-thread-1] INFO  segmented.SegmentedRaftLogWorker (SegmentedRaftLogWorker.java:<init>(172)) - new 057d0060-947b-42dc-a4e0-c40f5d11d24c-SegmentedRaftLogWorker:Storage Directory /workdir/hadoop-ozone/integration-test/target/test-dir/MiniOzoneClusterImpl-2a832e96-29dd-4f29-9444-310fee0a410e/datanode-2/data/ratis/3a4f7152-127c-47f4-94cb-1d15faedb52b for RaftStorage:Storage Directory /workdir/hadoop-ozone/integration-test/target/test-dir/MiniOzoneClusterImpl-2a832e96-29dd-4f29-9444-310fee0a410e/datanode-2/data/ratis/3a4f7152-127c-47f4-94cb-1d15faedb52b
2019-09-02 05:32:57,073 [pool-459-thread-1] INFO  server.RaftServerConfigKeys (ConfUtils.java:logGet(43)) - raft.server.log.appender.buffer.byte-limit = 33554432 (custom)
2019-09-02 05:32:57,073 [pool-429-thread-1] INFO  server.RaftServerConfigKeys (ConfUtils.java:logGet(43)) - raft.server.log.queue.byte-limit = 2147483647 (custom)
2019-09-02 05:32:57,073 [pool-419-thread-1] INFO  server.RaftServerConfigKeys (ConfUtils.java:logGet(43)) - raft.server.log.appender.buffer.byte-limit = 33554432 (custom)
2019-09-02 05:32:57,073 [pool-429-thread-1] INFO  server.RaftServerConfigKeys (ConfUtils.java:logGet(43)) - raft.server.log.queue.element-limit = 1024 (custom)
2019-09-02 05:32:57,073 [pool-459-thread-1] INFO  server.RaftServerConfigKeys (ConfUtils.java:logGet(43)) - raft.server.log.segment.size.max = 1048576 (custom)
2019-09-02 05:32:57,074 [pool-429-thread-1] INFO  server.RaftServerConfigKeys (ConfUtils.java:logGet(43)) - raft.server.log.segment.size.max = 1048576 (custom)
2019-09-02 05:32:57,074 [pool-419-thread-1] INFO  server.RaftServerConfigKeys (ConfUtils.java:logGet(43)) - raft.server.log.segment.size.max = 1048576 (custom)
2019-09-02 05:32:57,074 [pool-429-thread-1] INFO  server.RaftServerConfigKeys (ConfUtils.java:logGet(43)) - raft.server.log.preallocated.size = 16384 (custom)
2019-09-02 05:32:57,075 [pool-429-thread-1] INFO  server.RaftServerConfigKeys (ConfUtils.java:logGet(43)) - raft.server.log.write.buffer.size = 33554432 (custom)
2019-09-02 05:32:57,074 [pool-459-thread-1] INFO  server.RaftServerConfigKeys (ConfUtils.java:logGet(43)) - raft.server.log.segment.cache.num.max = 2 (custom)
2019-09-02 05:32:57,075 [pool-429-thread-1] INFO  server.RaftServerConfigKeys (ConfUtils.java:logGet(43)) - raft.server.log.force.sync.num = 128 (default)
2019-09-02 05:32:57,074 [pool-419-thread-1] INFO  server.RaftServerConfigKeys (ConfUtils.java:logGet(43)) - raft.server.log.segment.cache.num.max = 2 (custom)
2019-09-02 05:32:57,075 [pool-429-thread-1] INFO  server.RaftServerConfigKeys (ConfUtils.java:logGet(43)) - raft.server.log.statemachine.data.sync = true (default)
2019-09-02 05:32:57,075 [pool-459-thread-1] INFO  segmented.SegmentedRaftLogWorker (SegmentedRaftLogWorker.java:<init>(172)) - new 67eaba4e-f747-41d5-a997-c067dc1992ac-SegmentedRaftLogWorker:Storage Directory /workdir/hadoop-ozone/integration-test/target/test-dir/MiniOzoneClusterImpl-2a832e96-29dd-4f29-9444-310fee0a410e/datanode-5/data/ratis/3a4f7152-127c-47f4-94cb-1d15faedb52b for RaftStorage:Storage Directory /workdir/hadoop-ozone/integration-test/target/test-dir/MiniOzoneClusterImpl-2a832e96-29dd-4f29-9444-310fee0a410e/datanode-5/data/ratis/3a4f7152-127c-47f4-94cb-1d15faedb52b
2019-09-02 05:32:57,076 [pool-429-thread-1] INFO  server.RaftServerConfigKeys (ConfUtils.java:logGet(43)) - raft.server.log.statemachine.data.sync.timeout = 10s (default)
2019-09-02 05:32:57,075 [pool-419-thread-1] INFO  segmented.SegmentedRaftLogWorker (SegmentedRaftLogWorker.java:<init>(172)) - new 6527f679-d3a1-40a5-bf72-2b9df3faf938-SegmentedRaftLogWorker:Storage Directory /workdir/hadoop-ozone/integration-test/target/test-dir/MiniOzoneClusterImpl-2a832e96-29dd-4f29-9444-310fee0a410e/datanode-1/data/ratis/3a4f7152-127c-47f4-94cb-1d15faedb52b for RaftStorage:Storage Directory /workdir/hadoop-ozone/integration-test/target/test-dir/MiniOzoneClusterImpl-2a832e96-29dd-4f29-9444-310fee0a410e/datanode-1/data/ratis/3a4f7152-127c-47f4-94cb-1d15faedb52b
2019-09-02 05:32:57,076 [pool-429-thread-1] INFO  server.RaftServerConfigKeys (ConfUtils.java:logGet(43)) - raft.server.log.statemachine.data.sync.timeout.retry = -1 (default)
2019-09-02 05:32:57,076 [pool-459-thread-1] INFO  server.RaftServerConfigKeys (ConfUtils.java:logGet(43)) - raft.server.log.queue.byte-limit = 2147483647 (custom)
2019-09-02 05:32:57,076 [pool-429-thread-1] INFO  server.RaftServerConfigKeys (ConfUtils.java:logGet(43)) - raft.server.log.statemachine.data.caching.enabled = true (custom)
2019-09-02 05:32:57,076 [pool-419-thread-1] INFO  server.RaftServerConfigKeys (ConfUtils.java:logGet(43)) - raft.server.log.queue.byte-limit = 2147483647 (custom)
2019-09-02 05:32:57,076 [pool-459-thread-1] INFO  server.RaftServerConfigKeys (ConfUtils.java:logGet(43)) - raft.server.log.queue.element-limit = 1024 (custom)
2019-09-02 05:32:57,077 [pool-419-thread-1] INFO  server.RaftServerConfigKeys (ConfUtils.java:logGet(43)) - raft.server.log.queue.element-limit = 1024 (custom)
2019-09-02 05:32:57,077 [pool-429-thread-1] INFO  segmented.SegmentedRaftLogWorker (SegmentedRaftLogWorker.java:lambda$new$0(132)) - 057d0060-947b-42dc-a4e0-c40f5d11d24c-SegmentedRaftLogWorker:Storage Directory /workdir/hadoop-ozone/integration-test/target/test-dir/MiniOzoneClusterImpl-2a832e96-29dd-4f29-9444-310fee0a410e/datanode-2/data/ratis/3a4f7152-127c-47f4-94cb-1d15faedb52b: flushIndex: setUnconditionally 0 -> -1
2019-09-02 05:32:57,077 [pool-419-thread-1] INFO  server.RaftServerConfigKeys (ConfUtils.java:logGet(43)) - raft.server.log.segment.size.max = 1048576 (custom)
2019-09-02 05:32:57,077 [pool-429-thread-1] INFO  server.RaftServerConfigKeys (ConfUtils.java:logGet(43)) - raft.server.snapshot.auto.trigger.enabled = true (custom)
2019-09-02 05:32:57,077 [pool-459-thread-1] INFO  server.RaftServerConfigKeys (ConfUtils.java:logGet(43)) - raft.server.log.segment.size.max = 1048576 (custom)
2019-09-02 05:32:57,078 [pool-429-thread-1] INFO  server.RaftServerConfigKeys (ConfUtils.java:logGet(43)) - raft.server.snapshot.auto.trigger.threshold = 10000 (custom)
2019-09-02 05:32:57,077 [pool-419-thread-1] INFO  server.RaftServerConfigKeys (ConfUtils.java:logGet(43)) - raft.server.log.preallocated.size = 16384 (custom)
2019-09-02 05:32:57,078 [pool-429-thread-1] INFO  server.RaftServerConfigKeys (ConfUtils.java:logGet(43)) - raft.server.retrycache.expirytime = 600000ms (custom)
2019-09-02 05:32:57,078 [pool-459-thread-1] INFO  server.RaftServerConfigKeys (ConfUtils.java:logGet(43)) - raft.server.log.preallocated.size = 16384 (custom)
2019-09-02 05:32:57,078 [pool-429-thread-1] INFO  impl.RaftServerImpl (RaftServerImpl.java:start(180)) - 057d0060-947b-42dc-a4e0-c40f5d11d24c: start group-1D15FAEDB52B
2019-09-02 05:32:57,078 [pool-419-thread-1] INFO  server.RaftServerConfigKeys (ConfUtils.java:logGet(43)) - raft.server.log.write.buffer.size = 33554432 (custom)
2019-09-02 05:32:57,079 [pool-429-thread-1] INFO  impl.RaftServerImpl (RaftServerImpl.java:setRole(171)) - 057d0060-947b-42dc-a4e0-c40f5d11d24c:group-1D15FAEDB52B changes role from null to FOLLOWER at term 0 for startAsFollower
2019-09-02 05:32:57,078 [pool-459-thread-1] INFO  server.RaftServerConfigKeys (ConfUtils.java:logGet(43)) - raft.server.log.write.buffer.size = 33554432 (custom)
2019-09-02 05:32:57,079 [pool-429-thread-1] INFO  impl.RoleInfo (RoleInfo.java:updateAndGet(143)) - 057d0060-947b-42dc-a4e0-c40f5d11d24c: start FollowerState
2019-09-02 05:32:57,079 [pool-419-thread-1] INFO  server.RaftServerConfigKeys (ConfUtils.java:logGet(43)) - raft.server.log.force.sync.num = 128 (default)
2019-09-02 05:32:57,079 [pool-419-thread-1] INFO  server.RaftServerConfigKeys (ConfUtils.java:logGet(43)) - raft.server.log.statemachine.data.sync = true (default)
2019-09-02 05:32:57,079 [pool-459-thread-1] INFO  server.RaftServerConfigKeys (ConfUtils.java:logGet(43)) - raft.server.log.force.sync.num = 128 (default)
2019-09-02 05:32:57,080 [pool-419-thread-1] INFO  server.RaftServerConfigKeys (ConfUtils.java:logGet(43)) - raft.server.log.statemachine.data.sync.timeout = 10s (default)
2019-09-02 05:32:57,079 [pool-429-thread-1] INFO  util.JmxRegister (JmxRegister.java:tryRegister(44)) - Successfully registered JMX Bean with object name Ratis:service=RaftServer,group=group-1D15FAEDB52B,id=057d0060-947b-42dc-a4e0-c40f5d11d24c
2019-09-02 05:32:57,080 [pool-419-thread-1] INFO  server.RaftServerConfigKeys (ConfUtils.java:logGet(43)) - raft.server.log.statemachine.data.sync.timeout.retry = -1 (default)
2019-09-02 05:32:57,080 [pool-459-thread-1] INFO  server.RaftServerConfigKeys (ConfUtils.java:logGet(43)) - raft.server.log.statemachine.data.sync = true (default)
2019-09-02 05:32:57,080 [pool-419-thread-1] INFO  server.RaftServerConfigKeys (ConfUtils.java:logGet(43)) - raft.server.log.statemachine.data.caching.enabled = true (custom)
2019-09-02 05:32:57,081 [pool-459-thread-1] INFO  server.RaftServerConfigKeys (ConfUtils.java:logGet(43)) - raft.server.log.statemachine.data.sync.timeout = 10s (default)
2019-09-02 05:32:57,081 [pool-459-thread-1] INFO  server.RaftServerConfigKeys (ConfUtils.java:logGet(43)) - raft.server.log.statemachine.data.sync.timeout.retry = -1 (default)
2019-09-02 05:32:57,081 [pool-419-thread-1] INFO  segmented.SegmentedRaftLogWorker (SegmentedRaftLogWorker.java:lambda$new$0(132)) - 6527f679-d3a1-40a5-bf72-2b9df3faf938-SegmentedRaftLogWorker:Storage Directory /workdir/hadoop-ozone/integration-test/target/test-dir/MiniOzoneClusterImpl-2a832e96-29dd-4f29-9444-310fee0a410e/datanode-1/data/ratis/3a4f7152-127c-47f4-94cb-1d15faedb52b: flushIndex: setUnconditionally 0 -> -1
2019-09-02 05:32:57,081 [pool-459-thread-1] INFO  server.RaftServerConfigKeys (ConfUtils.java:logGet(43)) - raft.server.log.statemachine.data.caching.enabled = true (custom)
2019-09-02 05:32:57,085 [pool-419-thread-1] INFO  server.RaftServerConfigKeys (ConfUtils.java:logGet(43)) - raft.server.snapshot.auto.trigger.enabled = true (custom)
2019-09-02 05:32:57,085 [pool-459-thread-1] INFO  segmented.SegmentedRaftLogWorker (SegmentedRaftLogWorker.java:lambda$new$0(132)) - 67eaba4e-f747-41d5-a997-c067dc1992ac-SegmentedRaftLogWorker:Storage Directory /workdir/hadoop-ozone/integration-test/target/test-dir/MiniOzoneClusterImpl-2a832e96-29dd-4f29-9444-310fee0a410e/datanode-5/data/ratis/3a4f7152-127c-47f4-94cb-1d15faedb52b: flushIndex: setUnconditionally 0 -> -1
2019-09-02 05:32:57,085 [pool-419-thread-1] INFO  server.RaftServerConfigKeys (ConfUtils.java:logGet(43)) - raft.server.snapshot.auto.trigger.threshold = 10000 (custom)
2019-09-02 05:32:57,085 [pool-419-thread-1] INFO  server.RaftServerConfigKeys (ConfUtils.java:logGet(43)) - raft.server.retrycache.expirytime = 600000ms (custom)
2019-09-02 05:32:57,086 [pool-459-thread-1] INFO  server.RaftServerConfigKeys (ConfUtils.java:logGet(43)) - raft.server.snapshot.auto.trigger.enabled = true (custom)
2019-09-02 05:32:57,086 [pool-419-thread-1] INFO  impl.RaftServerImpl (RaftServerImpl.java:start(180)) - 6527f679-d3a1-40a5-bf72-2b9df3faf938: start group-1D15FAEDB52B
2019-09-02 05:32:57,086 [pool-459-thread-1] INFO  server.RaftServerConfigKeys (ConfUtils.java:logGet(43)) - raft.server.snapshot.auto.trigger.threshold = 10000 (custom)
2019-09-02 05:32:57,086 [pool-419-thread-1] INFO  impl.RaftServerImpl (RaftServerImpl.java:setRole(171)) - 6527f679-d3a1-40a5-bf72-2b9df3faf938:group-1D15FAEDB52B changes role from null to FOLLOWER at term 0 for startAsFollower
2019-09-02 05:32:57,086 [pool-459-thread-1] INFO  server.RaftServerConfigKeys (ConfUtils.java:logGet(43)) - raft.server.retrycache.expirytime = 600000ms (custom)
2019-09-02 05:32:57,086 [pool-419-thread-1] INFO  impl.RoleInfo (RoleInfo.java:updateAndGet(143)) - 6527f679-d3a1-40a5-bf72-2b9df3faf938: start FollowerState
2019-09-02 05:32:57,086 [pool-459-thread-1] INFO  impl.RaftServerImpl (RaftServerImpl.java:start(180)) - 67eaba4e-f747-41d5-a997-c067dc1992ac: start group-1D15FAEDB52B
2019-09-02 05:32:57,087 [pool-459-thread-1] INFO  impl.RaftServerImpl (RaftServerImpl.java:setRole(171)) - 67eaba4e-f747-41d5-a997-c067dc1992ac:group-1D15FAEDB52B changes role from null to FOLLOWER at term 0 for startAsFollower
2019-09-02 05:32:57,087 [pool-459-thread-1] INFO  impl.RoleInfo (RoleInfo.java:updateAndGet(143)) - 67eaba4e-f747-41d5-a997-c067dc1992ac: start FollowerState
2019-09-02 05:32:57,087 [pool-419-thread-1] INFO  util.JmxRegister (JmxRegister.java:tryRegister(44)) - Successfully registered JMX Bean with object name Ratis:service=RaftServer,group=group-1D15FAEDB52B,id=6527f679-d3a1-40a5-bf72-2b9df3faf938
2019-09-02 05:32:57,087 [pool-459-thread-1] INFO  util.JmxRegister (JmxRegister.java:tryRegister(44)) - Successfully registered JMX Bean with object name Ratis:service=RaftServer,group=group-1D15FAEDB52B,id=67eaba4e-f747-41d5-a997-c067dc1992ac
2019-09-02 05:32:57,094 [RatisPipelineUtilsThread] INFO  pipeline.PipelineStateManager (PipelineStateManager.java:addPipeline(56)) - Created pipeline Pipeline[ Id: 3a4f7152-127c-47f4-94cb-1d15faedb52b, Nodes: 67eaba4e-f747-41d5-a997-c067dc1992ac{ip: 192.168.36.97, host: trunk-nightly-20190902-fsht6-3309735379, networkLocation: /default-rack, certSerialId: null}6527f679-d3a1-40a5-bf72-2b9df3faf938{ip: 192.168.36.97, host: trunk-nightly-20190902-fsht6-3309735379, networkLocation: /default-rack, certSerialId: null}057d0060-947b-42dc-a4e0-c40f5d11d24c{ip: 192.168.36.97, host: trunk-nightly-20190902-fsht6-3309735379, networkLocation: /default-rack, certSerialId: null}, Type:RATIS, Factor:THREE, State:OPEN]
2019-09-02 05:32:57,118 [grpc-default-executor-7] INFO  impl.RaftServerProxy (RaftServerProxy.java:addNew(89)) - 8d8094e5-0892-4a5d-835f-ac7a87dd3e0e: addNew group-9733FE70982D:[2a49c038-d560-47fc-b4bd-56f44e6f5fc7:192.168.36.97:33664, 8d8094e5-0892-4a5d-835f-ac7a87dd3e0e:192.168.36.97:43276, 97f08126-dcc5-4d94-ac0d-f9c75ceb76fd:192.168.36.97:45351] returns group-9733FE70982D:java.util.concurrent.CompletableFuture@5b50cd33[Not completed]
2019-09-02 05:32:57,120 [pool-469-thread-1] INFO  impl.RaftServerImpl (RaftServerImpl.java:<init>(93)) - 8d8094e5-0892-4a5d-835f-ac7a87dd3e0e: new RaftServerImpl for group-9733FE70982D:[2a49c038-d560-47fc-b4bd-56f44e6f5fc7:192.168.36.97:33664, 8d8094e5-0892-4a5d-835f-ac7a87dd3e0e:192.168.36.97:43276, 97f08126-dcc5-4d94-ac0d-f9c75ceb76fd:192.168.36.97:45351] with ContainerStateMachine:uninitialized
2019-09-02 05:32:57,121 [grpc-default-executor-7] INFO  impl.RaftServerProxy (RaftServerProxy.java:addNew(89)) - 97f08126-dcc5-4d94-ac0d-f9c75ceb76fd: addNew group-9733FE70982D:[2a49c038-d560-47fc-b4bd-56f44e6f5fc7:192.168.36.97:33664, 8d8094e5-0892-4a5d-835f-ac7a87dd3e0e:192.168.36.97:43276, 97f08126-dcc5-4d94-ac0d-f9c75ceb76fd:192.168.36.97:45351] returns group-9733FE70982D:java.util.concurrent.CompletableFuture@4e9ec5d6[Not completed]
2019-09-02 05:32:57,121 [pool-469-thread-1] INFO  server.RaftServerConfigKeys (ConfUtils.java:logGet(43)) - raft.server.rpc.timeout.min = 5s (custom)
2019-09-02 05:32:57,121 [pool-469-thread-1] INFO  server.RaftServerConfigKeys (ConfUtils.java:logGet(43)) - raft.server.rpc.timeout.max = 5200ms (custom)
2019-09-02 05:32:57,121 [pool-469-thread-1] INFO  server.RaftServerConfigKeys (ConfUtils.java:logGet(43)) - raft.server.rpcslowness.timeout = 120s (custom)
2019-09-02 05:32:57,121 [grpc-default-executor-7] INFO  impl.RaftServerProxy (RaftServerProxy.java:addNew(89)) - 2a49c038-d560-47fc-b4bd-56f44e6f5fc7: addNew group-9733FE70982D:[2a49c038-d560-47fc-b4bd-56f44e6f5fc7:192.168.36.97:33664, 8d8094e5-0892-4a5d-835f-ac7a87dd3e0e:192.168.36.97:43276, 97f08126-dcc5-4d94-ac0d-f9c75ceb76fd:192.168.36.97:45351] returns group-9733FE70982D:java.util.concurrent.CompletableFuture@2fa60969[Not completed]
2019-09-02 05:32:57,122 [pool-469-thread-1] INFO  server.RaftServerConfigKeys (ConfUtils.java:logGet(43)) - raft.server.sleep.deviation.threshold = 300 (default)
2019-09-02 05:32:57,122 [pool-469-thread-1] INFO  server.RaftServerConfigKeys (ConfUtils.java:logGet(43)) - raft.server.log.appender.install.snapshot.enabled = false (custom)
2019-09-02 05:32:57,122 [pool-469-thread-1] INFO  impl.RaftServerImpl (ServerState.java:<init>(105)) - 8d8094e5-0892-4a5d-835f-ac7a87dd3e0e:group-9733FE70982D ConfigurationManager, init=-1: [2a49c038-d560-47fc-b4bd-56f44e6f5fc7:192.168.36.97:33664, 8d8094e5-0892-4a5d-835f-ac7a87dd3e0e:192.168.36.97:43276, 97f08126-dcc5-4d94-ac0d-f9c75ceb76fd:192.168.36.97:45351], old=null, confs=<EMPTY_MAP>
2019-09-02 05:32:57,122 [pool-469-thread-1] INFO  server.RaftServerConfigKeys (ConfUtils.java:logGet(43)) - raft.server.storage.dir = [/workdir/hadoop-ozone/integration-test/target/test-dir/MiniOzoneClusterImpl-2a832e96-29dd-4f29-9444-310fee0a410e/datanode-6/data/ratis] (custom)
2019-09-02 05:32:57,122 [pool-409-thread-1] INFO  impl.RaftServerImpl (RaftServerImpl.java:<init>(93)) - 97f08126-dcc5-4d94-ac0d-f9c75ceb76fd: new RaftServerImpl for group-9733FE70982D:[2a49c038-d560-47fc-b4bd-56f44e6f5fc7:192.168.36.97:33664, 8d8094e5-0892-4a5d-835f-ac7a87dd3e0e:192.168.36.97:43276, 97f08126-dcc5-4d94-ac0d-f9c75ceb76fd:192.168.36.97:45351] with ContainerStateMachine:uninitialized
2019-09-02 05:32:57,122 [pool-469-thread-1] INFO  storage.RaftStorageDirectory (RaftStorageDirectory.java:analyzeStorage(246)) - The storage directory /workdir/hadoop-ozone/integration-test/target/test-dir/MiniOzoneClusterImpl-2a832e96-29dd-4f29-9444-310fee0a410e/datanode-6/data/ratis/f866df2f-417d-43c7-bc42-9733fe70982d does not exist. Creating ...
2019-09-02 05:32:57,123 [pool-409-thread-1] INFO  server.RaftServerConfigKeys (ConfUtils.java:logGet(43)) - raft.server.rpc.timeout.min = 5s (custom)
2019-09-02 05:32:57,123 [pool-439-thread-1] INFO  impl.RaftServerImpl (RaftServerImpl.java:<init>(93)) - 2a49c038-d560-47fc-b4bd-56f44e6f5fc7: new RaftServerImpl for group-9733FE70982D:[2a49c038-d560-47fc-b4bd-56f44e6f5fc7:192.168.36.97:33664, 8d8094e5-0892-4a5d-835f-ac7a87dd3e0e:192.168.36.97:43276, 97f08126-dcc5-4d94-ac0d-f9c75ceb76fd:192.168.36.97:45351] with ContainerStateMachine:uninitialized
2019-09-02 05:32:57,123 [pool-409-thread-1] INFO  server.RaftServerConfigKeys (ConfUtils.java:logGet(43)) - raft.server.rpc.timeout.max = 5200ms (custom)
2019-09-02 05:32:57,123 [pool-439-thread-1] INFO  server.RaftServerConfigKeys (ConfUtils.java:logGet(43)) - raft.server.rpc.timeout.min = 5s (custom)
2019-09-02 05:32:57,123 [pool-409-thread-1] INFO  server.RaftServerConfigKeys (ConfUtils.java:logGet(43)) - raft.server.rpcslowness.timeout = 120s (custom)
2019-09-02 05:32:57,124 [pool-439-thread-1] INFO  server.RaftServerConfigKeys (ConfUtils.java:logGet(43)) - raft.server.rpc.timeout.max = 5200ms (custom)
2019-09-02 05:32:57,124 [pool-409-thread-1] INFO  server.RaftServerConfigKeys (ConfUtils.java:logGet(43)) - raft.server.sleep.deviation.threshold = 300 (default)
2019-09-02 05:32:57,124 [pool-439-thread-1] INFO  server.RaftServerConfigKeys (ConfUtils.java:logGet(43)) - raft.server.rpcslowness.timeout = 120s (custom)
2019-09-02 05:32:57,124 [pool-409-thread-1] INFO  server.RaftServerConfigKeys (ConfUtils.java:logGet(43)) - raft.server.log.appender.install.snapshot.enabled = false (custom)
2019-09-02 05:32:57,124 [pool-439-thread-1] INFO  server.RaftServerConfigKeys (ConfUtils.java:logGet(43)) - raft.server.sleep.deviation.threshold = 300 (default)
2019-09-02 05:32:57,125 [pool-409-thread-1] INFO  impl.RaftServerImpl (ServerState.java:<init>(105)) - 97f08126-dcc5-4d94-ac0d-f9c75ceb76fd:group-9733FE70982D ConfigurationManager, init=-1: [2a49c038-d560-47fc-b4bd-56f44e6f5fc7:192.168.36.97:33664, 8d8094e5-0892-4a5d-835f-ac7a87dd3e0e:192.168.36.97:43276, 97f08126-dcc5-4d94-ac0d-f9c75ceb76fd:192.168.36.97:45351], old=null, confs=<EMPTY_MAP>
2019-09-02 05:32:57,125 [pool-439-thread-1] INFO  server.RaftServerConfigKeys (ConfUtils.java:logGet(43)) - raft.server.log.appender.install.snapshot.enabled = false (custom)
2019-09-02 05:32:57,125 [pool-409-thread-1] INFO  server.RaftServerConfigKeys (ConfUtils.java:logGet(43)) - raft.server.storage.dir = [/workdir/hadoop-ozone/integration-test/target/test-dir/MiniOzoneClusterImpl-2a832e96-29dd-4f29-9444-310fee0a410e/datanode-0/data/ratis] (custom)
2019-09-02 05:32:57,125 [pool-439-thread-1] INFO  impl.RaftServerImpl (ServerState.java:<init>(105)) - 2a49c038-d560-47fc-b4bd-56f44e6f5fc7:group-9733FE70982D ConfigurationManager, init=-1: [2a49c038-d560-47fc-b4bd-56f44e6f5fc7:192.168.36.97:33664, 8d8094e5-0892-4a5d-835f-ac7a87dd3e0e:192.168.36.97:43276, 97f08126-dcc5-4d94-ac0d-f9c75ceb76fd:192.168.36.97:45351], old=null, confs=<EMPTY_MAP>
2019-09-02 05:32:57,125 [pool-439-thread-1] INFO  server.RaftServerConfigKeys (ConfUtils.java:logGet(43)) - raft.server.storage.dir = [/workdir/hadoop-ozone/integration-test/target/test-dir/MiniOzoneClusterImpl-2a832e96-29dd-4f29-9444-310fee0a410e/datanode-3/data/ratis] (custom)
2019-09-02 05:32:57,126 [pool-409-thread-1] INFO  storage.RaftStorageDirectory (RaftStorageDirectory.java:analyzeStorage(246)) - The storage directory /workdir/hadoop-ozone/integration-test/target/test-dir/MiniOzoneClusterImpl-2a832e96-29dd-4f29-9444-310fee0a410e/datanode-0/data/ratis/f866df2f-417d-43c7-bc42-9733fe70982d does not exist. Creating ...
2019-09-02 05:32:57,126 [pool-439-thread-1] INFO  storage.RaftStorageDirectory (RaftStorageDirectory.java:analyzeStorage(246)) - The storage directory /workdir/hadoop-ozone/integration-test/target/test-dir/MiniOzoneClusterImpl-2a832e96-29dd-4f29-9444-310fee0a410e/datanode-3/data/ratis/f866df2f-417d-43c7-bc42-9733fe70982d does not exist. Creating ...
2019-09-02 05:32:57,138 [pool-469-thread-1] INFO  storage.RaftStorageDirectory (RaftStorageDirectory.java:tryLock(328)) - Lock on /workdir/hadoop-ozone/integration-test/target/test-dir/MiniOzoneClusterImpl-2a832e96-29dd-4f29-9444-310fee0a410e/datanode-6/data/ratis/f866df2f-417d-43c7-bc42-9733fe70982d/in_use.lock acquired by nodename 22988@trunk-nightly-20190902-fsht6-3309735379
2019-09-02 05:32:57,138 [pool-439-thread-1] INFO  storage.RaftStorageDirectory (RaftStorageDirectory.java:tryLock(328)) - Lock on /workdir/hadoop-ozone/integration-test/target/test-dir/MiniOzoneClusterImpl-2a832e96-29dd-4f29-9444-310fee0a410e/datanode-3/data/ratis/f866df2f-417d-43c7-bc42-9733fe70982d/in_use.lock acquired by nodename 22988@trunk-nightly-20190902-fsht6-3309735379
2019-09-02 05:32:57,138 [pool-409-thread-1] INFO  storage.RaftStorageDirectory (RaftStorageDirectory.java:tryLock(328)) - Lock on /workdir/hadoop-ozone/integration-test/target/test-dir/MiniOzoneClusterImpl-2a832e96-29dd-4f29-9444-310fee0a410e/datanode-0/data/ratis/f866df2f-417d-43c7-bc42-9733fe70982d/in_use.lock acquired by nodename 22988@trunk-nightly-20190902-fsht6-3309735379
2019-09-02 05:32:57,152 [pool-409-thread-1] INFO  storage.RaftStorage (RaftStorage.java:format(72)) - Storage directory /workdir/hadoop-ozone/integration-test/target/test-dir/MiniOzoneClusterImpl-2a832e96-29dd-4f29-9444-310fee0a410e/datanode-0/data/ratis/f866df2f-417d-43c7-bc42-9733fe70982d has been successfully formatted.
2019-09-02 05:32:57,152 [pool-469-thread-1] INFO  storage.RaftStorage (RaftStorage.java:format(72)) - Storage directory /workdir/hadoop-ozone/integration-test/target/test-dir/MiniOzoneClusterImpl-2a832e96-29dd-4f29-9444-310fee0a410e/datanode-6/data/ratis/f866df2f-417d-43c7-bc42-9733fe70982d has been successfully formatted.
2019-09-02 05:32:57,152 [pool-439-thread-1] INFO  storage.RaftStorage (RaftStorage.java:format(72)) - Storage directory /workdir/hadoop-ozone/integration-test/target/test-dir/MiniOzoneClusterImpl-2a832e96-29dd-4f29-9444-310fee0a410e/datanode-3/data/ratis/f866df2f-417d-43c7-bc42-9733fe70982d has been successfully formatted.
2019-09-02 05:32:57,152 [pool-409-thread-1] INFO  ratis.ContainerStateMachine (ContainerStateMachine.java:loadSnapshot(227)) - group-9733FE70982D: The snapshot info is null. Setting the last applied indexto:(t:0, i:~)
2019-09-02 05:32:57,152 [pool-469-thread-1] INFO  ratis.ContainerStateMachine (ContainerStateMachine.java:loadSnapshot(227)) - group-9733FE70982D: The snapshot info is null. Setting the last applied indexto:(t:0, i:~)
2019-09-02 05:32:57,152 [pool-439-thread-1] INFO  ratis.ContainerStateMachine (ContainerStateMachine.java:loadSnapshot(227)) - group-9733FE70982D: The snapshot info is null. Setting the last applied indexto:(t:0, i:~)
2019-09-02 05:32:57,152 [pool-409-thread-1] INFO  server.RaftServerConfigKeys (ConfUtils.java:logGet(43)) - raft.server.leader.election.timeout = 120s (custom)
2019-09-02 05:32:57,153 [pool-439-thread-1] INFO  server.RaftServerConfigKeys (ConfUtils.java:logGet(43)) - raft.server.leader.election.timeout = 120s (custom)
2019-09-02 05:32:57,152 [pool-469-thread-1] INFO  server.RaftServerConfigKeys (ConfUtils.java:logGet(43)) - raft.server.leader.election.timeout = 120s (custom)
2019-09-02 05:32:57,153 [pool-439-thread-1] INFO  server.RaftServerConfigKeys (ConfUtils.java:logGet(43)) - raft.server.log.use.memory = false (default)
2019-09-02 05:32:57,153 [pool-409-thread-1] INFO  server.RaftServerConfigKeys (ConfUtils.java:logGet(43)) - raft.server.log.use.memory = false (default)
2019-09-02 05:32:57,153 [pool-439-thread-1] INFO  server.RaftServerConfigKeys (ConfUtils.java:logGet(43)) - raft.server.log.purge.gap = 1000000 (custom)
2019-09-02 05:32:57,153 [pool-469-thread-1] INFO  server.RaftServerConfigKeys (ConfUtils.java:logGet(43)) - raft.server.log.use.memory = false (default)
2019-09-02 05:32:57,153 [pool-439-thread-1] INFO  server.RaftServerConfigKeys (ConfUtils.java:logGet(43)) - raft.server.log.appender.buffer.byte-limit = 33554432 (custom)
2019-09-02 05:32:57,153 [pool-409-thread-1] INFO  server.RaftServerConfigKeys (ConfUtils.java:logGet(43)) - raft.server.log.purge.gap = 1000000 (custom)
2019-09-02 05:32:57,154 [pool-439-thread-1] INFO  server.RaftServerConfigKeys (ConfUtils.java:logGet(43)) - raft.server.log.segment.size.max = 1048576 (custom)
2019-09-02 05:32:57,153 [pool-469-thread-1] INFO  server.RaftServerConfigKeys (ConfUtils.java:logGet(43)) - raft.server.log.purge.gap = 1000000 (custom)
2019-09-02 05:32:57,154 [pool-439-thread-1] INFO  server.RaftServerConfigKeys (ConfUtils.java:logGet(43)) - raft.server.log.segment.cache.num.max = 2 (custom)
2019-09-02 05:32:57,154 [pool-409-thread-1] INFO  server.RaftServerConfigKeys (ConfUtils.java:logGet(43)) - raft.server.log.appender.buffer.byte-limit = 33554432 (custom)
2019-09-02 05:32:57,154 [pool-439-thread-1] INFO  segmented.SegmentedRaftLogWorker (SegmentedRaftLogWorker.java:<init>(172)) - new 2a49c038-d560-47fc-b4bd-56f44e6f5fc7-SegmentedRaftLogWorker:Storage Directory /workdir/hadoop-ozone/integration-test/target/test-dir/MiniOzoneClusterImpl-2a832e96-29dd-4f29-9444-310fee0a410e/datanode-3/data/ratis/f866df2f-417d-43c7-bc42-9733fe70982d for RaftStorage:Storage Directory /workdir/hadoop-ozone/integration-test/target/test-dir/MiniOzoneClusterImpl-2a832e96-29dd-4f29-9444-310fee0a410e/datanode-3/data/ratis/f866df2f-417d-43c7-bc42-9733fe70982d
2019-09-02 05:32:57,154 [pool-469-thread-1] INFO  server.RaftServerConfigKeys (ConfUtils.java:logGet(43)) - raft.server.log.appender.buffer.byte-limit = 33554432 (custom)
2019-09-02 05:32:57,154 [pool-439-thread-1] INFO  server.RaftServerConfigKeys (ConfUtils.java:logGet(43)) - raft.server.log.queue.byte-limit = 2147483647 (custom)
2019-09-02 05:32:57,154 [pool-409-thread-1] INFO  server.RaftServerConfigKeys (ConfUtils.java:logGet(43)) - raft.server.log.segment.size.max = 1048576 (custom)
2019-09-02 05:32:57,155 [pool-439-thread-1] INFO  server.RaftServerConfigKeys (ConfUtils.java:logGet(43)) - raft.server.log.queue.element-limit = 1024 (custom)
2019-09-02 05:32:57,154 [pool-469-thread-1] INFO  server.RaftServerConfigKeys (ConfUtils.java:logGet(43)) - raft.server.log.segment.size.max = 1048576 (custom)
2019-09-02 05:32:57,155 [pool-439-thread-1] INFO  server.RaftServerConfigKeys (ConfUtils.java:logGet(43)) - raft.server.log.segment.size.max = 1048576 (custom)
2019-09-02 05:32:57,155 [pool-409-thread-1] INFO  server.RaftServerConfigKeys (ConfUtils.java:logGet(43)) - raft.server.log.segment.cache.num.max = 2 (custom)
2019-09-02 05:32:57,155 [pool-439-thread-1] INFO  server.RaftServerConfigKeys (ConfUtils.java:logGet(43)) - raft.server.log.preallocated.size = 16384 (custom)
2019-09-02 05:32:57,155 [pool-469-thread-1] INFO  server.RaftServerConfigKeys (ConfUtils.java:logGet(43)) - raft.server.log.segment.cache.num.max = 2 (custom)
2019-09-02 05:32:57,155 [pool-439-thread-1] INFO  server.RaftServerConfigKeys (ConfUtils.java:logGet(43)) - raft.server.log.write.buffer.size = 33554432 (custom)
2019-09-02 05:32:57,155 [pool-409-thread-1] INFO  segmented.SegmentedRaftLogWorker (SegmentedRaftLogWorker.java:<init>(172)) - new 97f08126-dcc5-4d94-ac0d-f9c75ceb76fd-SegmentedRaftLogWorker:Storage Directory /workdir/hadoop-ozone/integration-test/target/test-dir/MiniOzoneClusterImpl-2a832e96-29dd-4f29-9444-310fee0a410e/datanode-0/data/ratis/f866df2f-417d-43c7-bc42-9733fe70982d for RaftStorage:Storage Directory /workdir/hadoop-ozone/integration-test/target/test-dir/MiniOzoneClusterImpl-2a832e96-29dd-4f29-9444-310fee0a410e/datanode-0/data/ratis/f866df2f-417d-43c7-bc42-9733fe70982d
2019-09-02 05:32:57,156 [pool-439-thread-1] INFO  server.RaftServerConfigKeys (ConfUtils.java:logGet(43)) - raft.server.log.force.sync.num = 128 (default)
2019-09-02 05:32:57,156 [pool-469-thread-1] INFO  segmented.SegmentedRaftLogWorker (SegmentedRaftLogWorker.java:<init>(172)) - new 8d8094e5-0892-4a5d-835f-ac7a87dd3e0e-SegmentedRaftLogWorker:Storage Directory /workdir/hadoop-ozone/integration-test/target/test-dir/MiniOzoneClusterImpl-2a832e96-29dd-4f29-9444-310fee0a410e/datanode-6/data/ratis/f866df2f-417d-43c7-bc42-9733fe70982d for RaftStorage:Storage Directory /workdir/hadoop-ozone/integration-test/target/test-dir/MiniOzoneClusterImpl-2a832e96-29dd-4f29-9444-310fee0a410e/datanode-6/data/ratis/f866df2f-417d-43c7-bc42-9733fe70982d
2019-09-02 05:32:57,156 [pool-439-thread-1] INFO  server.RaftServerConfigKeys (ConfUtils.java:logGet(43)) - raft.server.log.statemachine.data.sync = true (default)
2019-09-02 05:32:57,156 [pool-409-thread-1] INFO  server.RaftServerConfigKeys (ConfUtils.java:logGet(43)) - raft.server.log.queue.byte-limit = 2147483647 (custom)
2019-09-02 05:32:57,156 [pool-439-thread-1] INFO  server.RaftServerConfigKeys (ConfUtils.java:logGet(43)) - raft.server.log.statemachine.data.sync.timeout = 10s (default)
2019-09-02 05:32:57,156 [pool-469-thread-1] INFO  server.RaftServerConfigKeys (ConfUtils.java:logGet(43)) - raft.server.log.queue.byte-limit = 2147483647 (custom)
2019-09-02 05:32:57,156 [pool-439-thread-1] INFO  server.RaftServerConfigKeys (ConfUtils.java:logGet(43)) - raft.server.log.statemachine.data.sync.timeout.retry = -1 (default)
2019-09-02 05:32:57,156 [pool-409-thread-1] INFO  server.RaftServerConfigKeys (ConfUtils.java:logGet(43)) - raft.server.log.queue.element-limit = 1024 (custom)
2019-09-02 05:32:57,157 [pool-439-thread-1] INFO  server.RaftServerConfigKeys (ConfUtils.java:logGet(43)) - raft.server.log.statemachine.data.caching.enabled = true (custom)
2019-09-02 05:32:57,157 [pool-469-thread-1] INFO  server.RaftServerConfigKeys (ConfUtils.java:logGet(43)) - raft.server.log.queue.element-limit = 1024 (custom)
2019-09-02 05:32:57,157 [pool-409-thread-1] INFO  server.RaftServerConfigKeys (ConfUtils.java:logGet(43)) - raft.server.log.segment.size.max = 1048576 (custom)
2019-09-02 05:32:57,157 [pool-469-thread-1] INFO  server.RaftServerConfigKeys (ConfUtils.java:logGet(43)) - raft.server.log.segment.size.max = 1048576 (custom)
2019-09-02 05:32:57,157 [pool-439-thread-1] INFO  segmented.SegmentedRaftLogWorker (SegmentedRaftLogWorker.java:lambda$new$0(132)) - 2a49c038-d560-47fc-b4bd-56f44e6f5fc7-SegmentedRaftLogWorker:Storage Directory /workdir/hadoop-ozone/integration-test/target/test-dir/MiniOzoneClusterImpl-2a832e96-29dd-4f29-9444-310fee0a410e/datanode-3/data/ratis/f866df2f-417d-43c7-bc42-9733fe70982d: flushIndex: setUnconditionally 0 -> -1
2019-09-02 05:32:57,157 [pool-409-thread-1] INFO  server.RaftServerConfigKeys (ConfUtils.java:logGet(43)) - raft.server.log.preallocated.size = 16384 (custom)
2019-09-02 05:32:57,157 [pool-469-thread-1] INFO  server.RaftServerConfigKeys (ConfUtils.java:logGet(43)) - raft.server.log.preallocated.size = 16384 (custom)
2019-09-02 05:32:57,158 [pool-439-thread-1] INFO  server.RaftServerConfigKeys (ConfUtils.java:logGet(43)) - raft.server.snapshot.auto.trigger.enabled = true (custom)
2019-09-02 05:32:57,158 [pool-409-thread-1] INFO  server.RaftServerConfigKeys (ConfUtils.java:logGet(43)) - raft.server.log.write.buffer.size = 33554432 (custom)
2019-09-02 05:32:57,158 [pool-439-thread-1] INFO  server.RaftServerConfigKeys (ConfUtils.java:logGet(43)) - raft.server.snapshot.auto.trigger.threshold = 10000 (custom)
2019-09-02 05:32:57,158 [pool-469-thread-1] INFO  server.RaftServerConfigKeys (ConfUtils.java:logGet(43)) - raft.server.log.write.buffer.size = 33554432 (custom)
2019-09-02 05:32:57,158 [pool-439-thread-1] INFO  server.RaftServerConfigKeys (ConfUtils.java:logGet(43)) - raft.server.retrycache.expirytime = 600000ms (custom)
2019-09-02 05:32:57,158 [pool-409-thread-1] INFO  server.RaftServerConfigKeys (ConfUtils.java:logGet(43)) - raft.server.log.force.sync.num = 128 (default)
2019-09-02 05:32:57,158 [pool-439-thread-1] INFO  impl.RaftServerImpl (RaftServerImpl.java:start(180)) - 2a49c038-d560-47fc-b4bd-56f44e6f5fc7: start group-9733FE70982D
2019-09-02 05:32:57,158 [pool-469-thread-1] INFO  server.RaftServerConfigKeys (ConfUtils.java:logGet(43)) - raft.server.log.force.sync.num = 128 (default)
2019-09-02 05:32:57,158 [pool-439-thread-1] INFO  impl.RaftServerImpl (RaftServerImpl.java:setRole(171)) - 2a49c038-d560-47fc-b4bd-56f44e6f5fc7:group-9733FE70982D changes role from null to FOLLOWER at term 0 for startAsFollower
2019-09-02 05:32:57,158 [pool-409-thread-1] INFO  server.RaftServerConfigKeys (ConfUtils.java:logGet(43)) - raft.server.log.statemachine.data.sync = true (default)
2019-09-02 05:32:57,159 [pool-439-thread-1] INFO  impl.RoleInfo (RoleInfo.java:updateAndGet(143)) - 2a49c038-d560-47fc-b4bd-56f44e6f5fc7: start FollowerState
2019-09-02 05:32:57,159 [pool-469-thread-1] INFO  server.RaftServerConfigKeys (ConfUtils.java:logGet(43)) - raft.server.log.statemachine.data.sync = true (default)
2019-09-02 05:32:57,159 [pool-409-thread-1] INFO  server.RaftServerConfigKeys (ConfUtils.java:logGet(43)) - raft.server.log.statemachine.data.sync.timeout = 10s (default)
2019-09-02 05:32:57,159 [pool-469-thread-1] INFO  server.RaftServerConfigKeys (ConfUtils.java:logGet(43)) - raft.server.log.statemachine.data.sync.timeout = 10s (default)
2019-09-02 05:32:57,159 [pool-439-thread-1] INFO  util.JmxRegister (JmxRegister.java:tryRegister(44)) - Successfully registered JMX Bean with object name Ratis:service=RaftServer,group=group-9733FE70982D,id=2a49c038-d560-47fc-b4bd-56f44e6f5fc7
2019-09-02 05:32:57,159 [pool-409-thread-1] INFO  server.RaftServerConfigKeys (ConfUtils.java:logGet(43)) - raft.server.log.statemachine.data.sync.timeout.retry = -1 (default)
2019-09-02 05:32:57,159 [pool-469-thread-1] INFO  server.RaftServerConfigKeys (ConfUtils.java:logGet(43)) - raft.server.log.statemachine.data.sync.timeout.retry = -1 (default)
2019-09-02 05:32:57,160 [pool-409-thread-1] INFO  server.RaftServerConfigKeys (ConfUtils.java:logGet(43)) - raft.server.log.statemachine.data.caching.enabled = true (custom)
2019-09-02 05:32:57,160 [pool-469-thread-1] INFO  server.RaftServerConfigKeys (ConfUtils.java:logGet(43)) - raft.server.log.statemachine.data.caching.enabled = true (custom)
2019-09-02 05:32:57,160 [pool-409-thread-1] INFO  segmented.SegmentedRaftLogWorker (SegmentedRaftLogWorker.java:lambda$new$0(132)) - 97f08126-dcc5-4d94-ac0d-f9c75ceb76fd-SegmentedRaftLogWorker:Storage Directory /workdir/hadoop-ozone/integration-test/target/test-dir/MiniOzoneClusterImpl-2a832e96-29dd-4f29-9444-310fee0a410e/datanode-0/data/ratis/f866df2f-417d-43c7-bc42-9733fe70982d: flushIndex: setUnconditionally 0 -> -1
2019-09-02 05:32:57,160 [pool-469-thread-1] INFO  segmented.SegmentedRaftLogWorker (SegmentedRaftLogWorker.java:lambda$new$0(132)) - 8d8094e5-0892-4a5d-835f-ac7a87dd3e0e-SegmentedRaftLogWorker:Storage Directory /workdir/hadoop-ozone/integration-test/target/test-dir/MiniOzoneClusterImpl-2a832e96-29dd-4f29-9444-310fee0a410e/datanode-6/data/ratis/f866df2f-417d-43c7-bc42-9733fe70982d: flushIndex: setUnconditionally 0 -> -1
2019-09-02 05:32:57,160 [pool-409-thread-1] INFO  server.RaftServerConfigKeys (ConfUtils.java:logGet(43)) - raft.server.snapshot.auto.trigger.enabled = true (custom)
2019-09-02 05:32:57,160 [pool-409-thread-1] INFO  server.RaftServerConfigKeys (ConfUtils.java:logGet(43)) - raft.server.snapshot.auto.trigger.threshold = 10000 (custom)
2019-09-02 05:32:57,160 [pool-469-thread-1] INFO  server.RaftServerConfigKeys (ConfUtils.java:logGet(43)) - raft.server.snapshot.auto.trigger.enabled = true (custom)
2019-09-02 05:32:57,160 [pool-409-thread-1] INFO  server.RaftServerConfigKeys (ConfUtils.java:logGet(43)) - raft.server.retrycache.expirytime = 600000ms (custom)
2019-09-02 05:32:57,161 [pool-469-thread-1] INFO  server.RaftServerConfigKeys (ConfUtils.java:logGet(43)) - raft.server.snapshot.auto.trigger.threshold = 10000 (custom)
2019-09-02 05:32:57,161 [pool-409-thread-1] INFO  impl.RaftServerImpl (RaftServerImpl.java:start(180)) - 97f08126-dcc5-4d94-ac0d-f9c75ceb76fd: start group-9733FE70982D
2019-09-02 05:32:57,161 [pool-469-thread-1] INFO  server.RaftServerConfigKeys (ConfUtils.java:logGet(43)) - raft.server.retrycache.expirytime = 600000ms (custom)
2019-09-02 05:32:57,161 [pool-409-thread-1] INFO  impl.RaftServerImpl (RaftServerImpl.java:setRole(171)) - 97f08126-dcc5-4d94-ac0d-f9c75ceb76fd:group-9733FE70982D changes role from null to FOLLOWER at term 0 for startAsFollower
2019-09-02 05:32:57,161 [pool-469-thread-1] INFO  impl.RaftServerImpl (RaftServerImpl.java:start(180)) - 8d8094e5-0892-4a5d-835f-ac7a87dd3e0e: start group-9733FE70982D
2019-09-02 05:32:57,161 [pool-469-thread-1] INFO  impl.RaftServerImpl (RaftServerImpl.java:setRole(171)) - 8d8094e5-0892-4a5d-835f-ac7a87dd3e0e:group-9733FE70982D changes role from null to FOLLOWER at term 0 for startAsFollower
2019-09-02 05:32:57,161 [pool-409-thread-1] INFO  impl.RoleInfo (RoleInfo.java:updateAndGet(143)) - 97f08126-dcc5-4d94-ac0d-f9c75ceb76fd: start FollowerState
2019-09-02 05:32:57,164 [pool-469-thread-1] INFO  impl.RoleInfo (RoleInfo.java:updateAndGet(143)) - 8d8094e5-0892-4a5d-835f-ac7a87dd3e0e: start FollowerState
2019-09-02 05:32:57,164 [pool-409-thread-1] INFO  util.JmxRegister (JmxRegister.java:tryRegister(44)) - Successfully registered JMX Bean with object name Ratis:service=RaftServer,group=group-9733FE70982D,id=97f08126-dcc5-4d94-ac0d-f9c75ceb76fd
2019-09-02 05:32:57,164 [pool-469-thread-1] INFO  util.JmxRegister (JmxRegister.java:tryRegister(44)) - Successfully registered JMX Bean with object name Ratis:service=RaftServer,group=group-9733FE70982D,id=8d8094e5-0892-4a5d-835f-ac7a87dd3e0e
2019-09-02 05:32:57,168 [RatisPipelineUtilsThread] INFO  pipeline.PipelineStateManager (PipelineStateManager.java:addPipeline(56)) - Created pipeline Pipeline[ Id: f866df2f-417d-43c7-bc42-9733fe70982d, Nodes: 97f08126-dcc5-4d94-ac0d-f9c75ceb76fd{ip: 192.168.36.97, host: trunk-nightly-20190902-fsht6-3309735379, networkLocation: /default-rack, certSerialId: null}2a49c038-d560-47fc-b4bd-56f44e6f5fc7{ip: 192.168.36.97, host: trunk-nightly-20190902-fsht6-3309735379, networkLocation: /default-rack, certSerialId: null}8d8094e5-0892-4a5d-835f-ac7a87dd3e0e{ip: 192.168.36.97, host: trunk-nightly-20190902-fsht6-3309735379, networkLocation: /default-rack, certSerialId: null}, Type:RATIS, Factor:THREE, State:OPEN]
2019-09-02 05:32:57,963 [main] INFO  ozone.MiniOzoneClusterImpl (MiniOzoneClusterImpl.java:lambda$waitForClusterToBeReady$0(140)) - Cluster is ready. Got 7 of 7 DN Heartbeats.
2019-09-02 05:32:57,993 [main] INFO  rpc.RpcClient (RpcClient.java:createVolume(293)) - Creating Volume: testblockoutputstream, with jenkins1000 as owner.
2019-09-02 05:32:58,006 [main] INFO  rpc.RpcClient (RpcClient.java:createBucket(432)) - Creating Bucket: testblockoutputstream/testblockoutputstream, with Versioning false and Storage Type set to DISK and Encryption set to false 
2019-09-02 05:32:58,035 [grpc-default-executor-7] INFO  client.GrpcClientProtocolClient (GrpcClientProtocolClient.java:onNext(255)) - client-370B164DE873->97f08126-dcc5-4d94-ac0d-f9c75ceb76fd: receive RaftClientReply:client-370B164DE873->97f08126-dcc5-4d94-ac0d-f9c75ceb76fd@group-9733FE70982D, cid=175, FAILED org.apache.ratis.protocol.NotLeaderException: Server 97f08126-dcc5-4d94-ac0d-f9c75ceb76fd is not the leader (null). Request must be sent to leader., logIndex=0, commits[97f08126-dcc5-4d94-ac0d-f9c75ceb76fd:c-1]
2019-09-02 05:32:59,052 [grpc-default-executor-10] INFO  client.GrpcClientProtocolClient (GrpcClientProtocolClient.java:onNext(255)) - client-370B164DE873->8d8094e5-0892-4a5d-835f-ac7a87dd3e0e: receive RaftClientReply:client-370B164DE873->8d8094e5-0892-4a5d-835f-ac7a87dd3e0e@group-9733FE70982D, cid=175, FAILED org.apache.ratis.protocol.NotLeaderException: Server 8d8094e5-0892-4a5d-835f-ac7a87dd3e0e is not the leader (null). Request must be sent to leader., logIndex=0, commits[8d8094e5-0892-4a5d-835f-ac7a87dd3e0e:c-1]
2019-09-02 05:32:59,513 [Thread-3286] INFO  container.ReplicationManager (ReplicationManager.java:start(162)) - Starting Replication Monitor Thread.
2019-09-02 05:32:59,517 [ReplicationMonitor] INFO  container.ReplicationManager (ReplicationManager.java:run(225)) - Replication Monitor Thread took 0 milliseconds for processing 1 containers.
2019-09-02 05:33:00,070 [grpc-default-executor-7] INFO  client.GrpcClientProtocolClient (GrpcClientProtocolClient.java:onNext(255)) - client-370B164DE873->97f08126-dcc5-4d94-ac0d-f9c75ceb76fd: receive RaftClientReply:client-370B164DE873->97f08126-dcc5-4d94-ac0d-f9c75ceb76fd@group-9733FE70982D, cid=175, FAILED org.apache.ratis.protocol.NotLeaderException: Server 97f08126-dcc5-4d94-ac0d-f9c75ceb76fd is not the leader (null). Request must be sent to leader., logIndex=0, commits[97f08126-dcc5-4d94-ac0d-f9c75ceb76fd:c-1]
2019-09-02 05:33:01,083 [grpc-default-executor-9] INFO  client.GrpcClientProtocolClient (GrpcClientProtocolClient.java:onNext(255)) - client-370B164DE873->2a49c038-d560-47fc-b4bd-56f44e6f5fc7: receive RaftClientReply:client-370B164DE873->2a49c038-d560-47fc-b4bd-56f44e6f5fc7@group-9733FE70982D, cid=175, FAILED org.apache.ratis.protocol.NotLeaderException: Server 2a49c038-d560-47fc-b4bd-56f44e6f5fc7 is not the leader (null). Request must be sent to leader., logIndex=0, commits[2a49c038-d560-47fc-b4bd-56f44e6f5fc7:c-1]
2019-09-02 05:33:01,710 [Thread-3291] INFO  impl.FollowerState (FollowerState.java:run(106)) - 6527f679-d3a1-40a5-bf72-2b9df3faf938:group-E8D40AFBE9A4 changes to CANDIDATE, lastRpcTime:5026, electionTimeout:5026ms
2019-09-02 05:33:01,710 [Thread-3291] INFO  impl.RoleInfo (RoleInfo.java:shutdownFollowerState(121)) - 6527f679-d3a1-40a5-bf72-2b9df3faf938: shutdown FollowerState
2019-09-02 05:33:01,710 [Thread-3291] INFO  impl.RaftServerImpl (RaftServerImpl.java:setRole(171)) - 6527f679-d3a1-40a5-bf72-2b9df3faf938:group-E8D40AFBE9A4 changes role from FOLLOWER to CANDIDATE at term 0 for changeToCandidate
2019-09-02 05:33:01,710 [Thread-3291] INFO  impl.RoleInfo (RoleInfo.java:updateAndGet(143)) - 6527f679-d3a1-40a5-bf72-2b9df3faf938: start LeaderElection
2019-09-02 05:33:01,730 [Thread-3288] INFO  impl.FollowerState (FollowerState.java:run(106)) - 97f08126-dcc5-4d94-ac0d-f9c75ceb76fd:group-3434C7CC66BC changes to CANDIDATE, lastRpcTime:5156, electionTimeout:5156ms
2019-09-02 05:33:01,730 [Thread-3288] INFO  impl.RoleInfo (RoleInfo.java:shutdownFollowerState(121)) - 97f08126-dcc5-4d94-ac0d-f9c75ceb76fd: shutdown FollowerState
2019-09-02 05:33:01,730 [Thread-3288] INFO  impl.RaftServerImpl (RaftServerImpl.java:setRole(171)) - 97f08126-dcc5-4d94-ac0d-f9c75ceb76fd:group-3434C7CC66BC changes role from FOLLOWER to CANDIDATE at term 0 for changeToCandidate
2019-09-02 05:33:01,730 [Thread-3288] INFO  impl.RoleInfo (RoleInfo.java:updateAndGet(143)) - 97f08126-dcc5-4d94-ac0d-f9c75ceb76fd: start LeaderElection
2019-09-02 05:33:01,740 [6527f679-d3a1-40a5-bf72-2b9df3faf938:group-E8D40AFBE9A4:LeaderElection53] INFO  impl.LeaderElection (LeaderElection.java:askForVotes(181)) - 6527f679-d3a1-40a5-bf72-2b9df3faf938:group-E8D40AFBE9A4:LeaderElection53: begin an election at term 1 for -1: [6527f679-d3a1-40a5-bf72-2b9df3faf938:192.168.36.97:38848], old=null
2019-09-02 05:33:01,741 [97f08126-dcc5-4d94-ac0d-f9c75ceb76fd:group-3434C7CC66BC:LeaderElection54] INFO  impl.LeaderElection (LeaderElection.java:askForVotes(181)) - 97f08126-dcc5-4d94-ac0d-f9c75ceb76fd:group-3434C7CC66BC:LeaderElection54: begin an election at term 1 for -1: [97f08126-dcc5-4d94-ac0d-f9c75ceb76fd:192.168.36.97:45351], old=null
2019-09-02 05:33:01,741 [6527f679-d3a1-40a5-bf72-2b9df3faf938:group-E8D40AFBE9A4:LeaderElection53] INFO  impl.RoleInfo (RoleInfo.java:shutdownLeaderElection(134)) - 6527f679-d3a1-40a5-bf72-2b9df3faf938: shutdown LeaderElection
2019-09-02 05:33:01,741 [97f08126-dcc5-4d94-ac0d-f9c75ceb76fd:group-3434C7CC66BC:LeaderElection54] INFO  impl.RoleInfo (RoleInfo.java:shutdownLeaderElection(134)) - 97f08126-dcc5-4d94-ac0d-f9c75ceb76fd: shutdown LeaderElection
2019-09-02 05:33:01,741 [6527f679-d3a1-40a5-bf72-2b9df3faf938:group-E8D40AFBE9A4:LeaderElection53] INFO  impl.RaftServerImpl (RaftServerImpl.java:setRole(171)) - 6527f679-d3a1-40a5-bf72-2b9df3faf938:group-E8D40AFBE9A4 changes role from CANDIDATE to LEADER at term 1 for changeToLeader
2019-09-02 05:33:01,741 [97f08126-dcc5-4d94-ac0d-f9c75ceb76fd:group-3434C7CC66BC:LeaderElection54] INFO  impl.RaftServerImpl (RaftServerImpl.java:setRole(171)) - 97f08126-dcc5-4d94-ac0d-f9c75ceb76fd:group-3434C7CC66BC changes role from CANDIDATE to LEADER at term 1 for changeToLeader
2019-09-02 05:33:01,741 [6527f679-d3a1-40a5-bf72-2b9df3faf938:group-E8D40AFBE9A4:LeaderElection53] INFO  impl.RaftServerImpl (ServerState.java:setLeader(263)) - 6527f679-d3a1-40a5-bf72-2b9df3faf938:group-E8D40AFBE9A4 change Leader from null to 6527f679-d3a1-40a5-bf72-2b9df3faf938 at term 1 for becomeLeader, leader elected after 5062ms
2019-09-02 05:33:01,741 [97f08126-dcc5-4d94-ac0d-f9c75ceb76fd:group-3434C7CC66BC:LeaderElection54] INFO  impl.RaftServerImpl (ServerState.java:setLeader(263)) - 97f08126-dcc5-4d94-ac0d-f9c75ceb76fd:group-3434C7CC66BC change Leader from null to 97f08126-dcc5-4d94-ac0d-f9c75ceb76fd at term 1 for becomeLeader, leader elected after 5174ms
2019-09-02 05:33:01,742 [6527f679-d3a1-40a5-bf72-2b9df3faf938:group-E8D40AFBE9A4:LeaderElection53] INFO  server.RaftServerConfigKeys (ConfUtils.java:logGet(43)) - raft.server.staging.catchup.gap = 1000 (default)
2019-09-02 05:33:01,742 [97f08126-dcc5-4d94-ac0d-f9c75ceb76fd:group-3434C7CC66BC:LeaderElection54] INFO  server.RaftServerConfigKeys (ConfUtils.java:logGet(43)) - raft.server.staging.catchup.gap = 1000 (default)
2019-09-02 05:33:01,742 [6527f679-d3a1-40a5-bf72-2b9df3faf938:group-E8D40AFBE9A4:LeaderElection53] INFO  server.RaftServerConfigKeys (ConfUtils.java:logGet(43)) - raft.server.rpc.sleep.time = 25ms (default)
2019-09-02 05:33:01,742 [97f08126-dcc5-4d94-ac0d-f9c75ceb76fd:group-3434C7CC66BC:LeaderElection54] INFO  server.RaftServerConfigKeys (ConfUtils.java:logGet(43)) - raft.server.rpc.sleep.time = 25ms (default)
2019-09-02 05:33:01,742 [6527f679-d3a1-40a5-bf72-2b9df3faf938:group-E8D40AFBE9A4:LeaderElection53] INFO  server.RaftServerConfigKeys (ConfUtils.java:logGet(43)) - raft.server.write.element-limit = 4096 (default)
2019-09-02 05:33:01,742 [97f08126-dcc5-4d94-ac0d-f9c75ceb76fd:group-3434C7CC66BC:LeaderElection54] INFO  server.RaftServerConfigKeys (ConfUtils.java:logGet(43)) - raft.server.write.element-limit = 4096 (default)
2019-09-02 05:33:01,743 [6527f679-d3a1-40a5-bf72-2b9df3faf938:group-E8D40AFBE9A4:LeaderElection53] INFO  server.RaftServerConfigKeys (ConfUtils.java:logGet(43)) - raft.server.watch.timeout = 10s (default)
2019-09-02 05:33:01,743 [97f08126-dcc5-4d94-ac0d-f9c75ceb76fd:group-3434C7CC66BC:LeaderElection54] INFO  server.RaftServerConfigKeys (ConfUtils.java:logGet(43)) - raft.server.watch.timeout = 10s (default)
2019-09-02 05:33:01,743 [6527f679-d3a1-40a5-bf72-2b9df3faf938:group-E8D40AFBE9A4:LeaderElection53] INFO  server.RaftServerConfigKeys (ConfUtils.java:logGet(43)) - raft.server.watch.timeout.denomination = 1s (default)
2019-09-02 05:33:01,743 [97f08126-dcc5-4d94-ac0d-f9c75ceb76fd:group-3434C7CC66BC:LeaderElection54] INFO  server.RaftServerConfigKeys (ConfUtils.java:logGet(43)) - raft.server.watch.timeout.denomination = 1s (default)
2019-09-02 05:33:01,743 [6527f679-d3a1-40a5-bf72-2b9df3faf938:group-E8D40AFBE9A4:LeaderElection53] INFO  server.RaftServerConfigKeys (ConfUtils.java:logGet(43)) - raft.server.watch.element-limit = 65536 (default)
2019-09-02 05:33:01,743 [97f08126-dcc5-4d94-ac0d-f9c75ceb76fd:group-3434C7CC66BC:LeaderElection54] INFO  server.RaftServerConfigKeys (ConfUtils.java:logGet(43)) - raft.server.watch.element-limit = 65536 (default)
2019-09-02 05:33:01,744 [6527f679-d3a1-40a5-bf72-2b9df3faf938:group-E8D40AFBE9A4:LeaderElection53] INFO  impl.RoleInfo (RoleInfo.java:updateAndGet(143)) - 6527f679-d3a1-40a5-bf72-2b9df3faf938: start LeaderState
2019-09-02 05:33:01,744 [97f08126-dcc5-4d94-ac0d-f9c75ceb76fd:group-3434C7CC66BC:LeaderElection54] INFO  impl.RoleInfo (RoleInfo.java:updateAndGet(143)) - 97f08126-dcc5-4d94-ac0d-f9c75ceb76fd: start LeaderState
2019-09-02 05:33:01,744 [97f08126-dcc5-4d94-ac0d-f9c75ceb76fd:group-3434C7CC66BC:LeaderElection54] INFO  segmented.SegmentedRaftLogWorker (SegmentedRaftLogWorker.java:startLogSegment(380)) - 97f08126-dcc5-4d94-ac0d-f9c75ceb76fd-SegmentedRaftLogWorker:Storage Directory /workdir/hadoop-ozone/integration-test/target/test-dir/MiniOzoneClusterImpl-2a832e96-29dd-4f29-9444-310fee0a410e/datanode-0/data/ratis/cd77e545-ce21-403d-9a3e-3434c7cc66bc: Starting segment from index:0
2019-09-02 05:33:01,744 [6527f679-d3a1-40a5-bf72-2b9df3faf938:group-E8D40AFBE9A4:LeaderElection53] INFO  segmented.SegmentedRaftLogWorker (SegmentedRaftLogWorker.java:startLogSegment(380)) - 6527f679-d3a1-40a5-bf72-2b9df3faf938-SegmentedRaftLogWorker:Storage Directory /workdir/hadoop-ozone/integration-test/target/test-dir/MiniOzoneClusterImpl-2a832e96-29dd-4f29-9444-310fee0a410e/datanode-1/data/ratis/aa11a71d-62aa-46b5-a821-e8d40afbe9a4: Starting segment from index:0
2019-09-02 05:33:01,745 [97f08126-dcc5-4d94-ac0d-f9c75ceb76fd:group-3434C7CC66BC:LeaderElection54] INFO  impl.RaftServerImpl (ServerState.java:setRaftConf(361)) - 97f08126-dcc5-4d94-ac0d-f9c75ceb76fd:group-3434C7CC66BC set configuration 0: [97f08126-dcc5-4d94-ac0d-f9c75ceb76fd:192.168.36.97:45351], old=null at 0
2019-09-02 05:33:01,745 [6527f679-d3a1-40a5-bf72-2b9df3faf938:group-E8D40AFBE9A4:LeaderElection53] INFO  impl.RaftServerImpl (ServerState.java:setRaftConf(361)) - 6527f679-d3a1-40a5-bf72-2b9df3faf938:group-E8D40AFBE9A4 set configuration 0: [6527f679-d3a1-40a5-bf72-2b9df3faf938:192.168.36.97:38848], old=null at 0
2019-09-02 05:33:01,807 [97f08126-dcc5-4d94-ac0d-f9c75ceb76fd-SegmentedRaftLogWorker:Storage Directory /workdir/hadoop-ozone/integration-test/target/test-dir/MiniOzoneClusterImpl-2a832e96-29dd-4f29-9444-310fee0a410e/datanode-0/data/ratis/cd77e545-ce21-403d-9a3e-3434c7cc66bc] INFO  segmented.SegmentedRaftLogWorker (SegmentedRaftLogWorker.java:execute(569)) - 97f08126-dcc5-4d94-ac0d-f9c75ceb76fd-SegmentedRaftLogWorker:Storage Directory /workdir/hadoop-ozone/integration-test/target/test-dir/MiniOzoneClusterImpl-2a832e96-29dd-4f29-9444-310fee0a410e/datanode-0/data/ratis/cd77e545-ce21-403d-9a3e-3434c7cc66bc: created new log segment /workdir/hadoop-ozone/integration-test/target/test-dir/MiniOzoneClusterImpl-2a832e96-29dd-4f29-9444-310fee0a410e/datanode-0/data/ratis/cd77e545-ce21-403d-9a3e-3434c7cc66bc/current/log_inprogress_0
2019-09-02 05:33:01,807 [6527f679-d3a1-40a5-bf72-2b9df3faf938-SegmentedRaftLogWorker:Storage Directory /workdir/hadoop-ozone/integration-test/target/test-dir/MiniOzoneClusterImpl-2a832e96-29dd-4f29-9444-310fee0a410e/datanode-1/data/ratis/aa11a71d-62aa-46b5-a821-e8d40afbe9a4] INFO  segmented.SegmentedRaftLogWorker (SegmentedRaftLogWorker.java:execute(569)) - 6527f679-d3a1-40a5-bf72-2b9df3faf938-SegmentedRaftLogWorker:Storage Directory /workdir/hadoop-ozone/integration-test/target/test-dir/MiniOzoneClusterImpl-2a832e96-29dd-4f29-9444-310fee0a410e/datanode-1/data/ratis/aa11a71d-62aa-46b5-a821-e8d40afbe9a4: created new log segment /workdir/hadoop-ozone/integration-test/target/test-dir/MiniOzoneClusterImpl-2a832e96-29dd-4f29-9444-310fee0a410e/datanode-1/data/ratis/aa11a71d-62aa-46b5-a821-e8d40afbe9a4/current/log_inprogress_0
2019-09-02 05:33:01,881 [Thread-3294] INFO  impl.FollowerState (FollowerState.java:run(106)) - 057d0060-947b-42dc-a4e0-c40f5d11d24c:group-7FC160994885 changes to CANDIDATE, lastRpcTime:5112, electionTimeout:5112ms
2019-09-02 05:33:01,881 [Thread-3294] INFO  impl.RoleInfo (RoleInfo.java:shutdownFollowerState(121)) - 057d0060-947b-42dc-a4e0-c40f5d11d24c: shutdown FollowerState
2019-09-02 05:33:01,882 [Thread-3294] INFO  impl.RaftServerImpl (RaftServerImpl.java:setRole(171)) - 057d0060-947b-42dc-a4e0-c40f5d11d24c:group-7FC160994885 changes role from FOLLOWER to CANDIDATE at term 0 for changeToCandidate
2019-09-02 05:33:01,882 [Thread-3294] INFO  impl.RoleInfo (RoleInfo.java:updateAndGet(143)) - 057d0060-947b-42dc-a4e0-c40f5d11d24c: start LeaderElection
2019-09-02 05:33:01,899 [057d0060-947b-42dc-a4e0-c40f5d11d24c:group-7FC160994885:LeaderElection55] INFO  impl.LeaderElection (LeaderElection.java:askForVotes(181)) - 057d0060-947b-42dc-a4e0-c40f5d11d24c:group-7FC160994885:LeaderElection55: begin an election at term 1 for -1: [057d0060-947b-42dc-a4e0-c40f5d11d24c:192.168.36.97:35756], old=null
2019-09-02 05:33:01,900 [057d0060-947b-42dc-a4e0-c40f5d11d24c:group-7FC160994885:LeaderElection55] INFO  impl.RoleInfo (RoleInfo.java:shutdownLeaderElection(134)) - 057d0060-947b-42dc-a4e0-c40f5d11d24c: shutdown LeaderElection
2019-09-02 05:33:01,900 [057d0060-947b-42dc-a4e0-c40f5d11d24c:group-7FC160994885:LeaderElection55] INFO  impl.RaftServerImpl (RaftServerImpl.java:setRole(171)) - 057d0060-947b-42dc-a4e0-c40f5d11d24c:group-7FC160994885 changes role from CANDIDATE to LEADER at term 1 for changeToLeader
2019-09-02 05:33:01,900 [057d0060-947b-42dc-a4e0-c40f5d11d24c:group-7FC160994885:LeaderElection55] INFO  impl.RaftServerImpl (ServerState.java:setLeader(263)) - 057d0060-947b-42dc-a4e0-c40f5d11d24c:group-7FC160994885 change Leader from null to 057d0060-947b-42dc-a4e0-c40f5d11d24c at term 1 for becomeLeader, leader elected after 5135ms
2019-09-02 05:33:01,900 [057d0060-947b-42dc-a4e0-c40f5d11d24c:group-7FC160994885:LeaderElection55] INFO  server.RaftServerConfigKeys (ConfUtils.java:logGet(43)) - raft.server.staging.catchup.gap = 1000 (default)
2019-09-02 05:33:01,900 [057d0060-947b-42dc-a4e0-c40f5d11d24c:group-7FC160994885:LeaderElection55] INFO  server.RaftServerConfigKeys (ConfUtils.java:logGet(43)) - raft.server.rpc.sleep.time = 25ms (default)
2019-09-02 05:33:01,900 [057d0060-947b-42dc-a4e0-c40f5d11d24c:group-7FC160994885:LeaderElection55] INFO  server.RaftServerConfigKeys (ConfUtils.java:logGet(43)) - raft.server.write.element-limit = 4096 (default)
2019-09-02 05:33:01,901 [057d0060-947b-42dc-a4e0-c40f5d11d24c:group-7FC160994885:LeaderElection55] INFO  server.RaftServerConfigKeys (ConfUtils.java:logGet(43)) - raft.server.watch.timeout = 10s (default)
2019-09-02 05:33:01,901 [057d0060-947b-42dc-a4e0-c40f5d11d24c:group-7FC160994885:LeaderElection55] INFO  server.RaftServerConfigKeys (ConfUtils.java:logGet(43)) - raft.server.watch.timeout.denomination = 1s (default)
2019-09-02 05:33:01,901 [057d0060-947b-42dc-a4e0-c40f5d11d24c:group-7FC160994885:LeaderElection55] INFO  server.RaftServerConfigKeys (ConfUtils.java:logGet(43)) - raft.server.watch.element-limit = 65536 (default)
2019-09-02 05:33:01,901 [057d0060-947b-42dc-a4e0-c40f5d11d24c:group-7FC160994885:LeaderElection55] INFO  impl.RoleInfo (RoleInfo.java:updateAndGet(143)) - 057d0060-947b-42dc-a4e0-c40f5d11d24c: start LeaderState
2019-09-02 05:33:01,901 [057d0060-947b-42dc-a4e0-c40f5d11d24c:group-7FC160994885:LeaderElection55] INFO  segmented.SegmentedRaftLogWorker (SegmentedRaftLogWorker.java:startLogSegment(380)) - 057d0060-947b-42dc-a4e0-c40f5d11d24c-SegmentedRaftLogWorker:Storage Directory /workdir/hadoop-ozone/integration-test/target/test-dir/MiniOzoneClusterImpl-2a832e96-29dd-4f29-9444-310fee0a410e/datanode-2/data/ratis/46ef7ace-e631-4670-8959-7fc160994885: Starting segment from index:0
2019-09-02 05:33:01,902 [057d0060-947b-42dc-a4e0-c40f5d11d24c:group-7FC160994885:LeaderElection55] INFO  impl.RaftServerImpl (ServerState.java:setRaftConf(361)) - 057d0060-947b-42dc-a4e0-c40f5d11d24c:group-7FC160994885 set configuration 0: [057d0060-947b-42dc-a4e0-c40f5d11d24c:192.168.36.97:35756], old=null at 0
2019-09-02 05:33:01,938 [Thread-3297] INFO  impl.FollowerState (FollowerState.java:run(106)) - 2a49c038-d560-47fc-b4bd-56f44e6f5fc7:group-D47D4A6F1009 changes to CANDIDATE, lastRpcTime:5090, electionTimeout:5071ms
2019-09-02 05:33:01,938 [Thread-3297] INFO  impl.RoleInfo (RoleInfo.java:shutdownFollowerState(121)) - 2a49c038-d560-47fc-b4bd-56f44e6f5fc7: shutdown FollowerState
2019-09-02 05:33:01,938 [Thread-3297] INFO  impl.RaftServerImpl (RaftServerImpl.java:setRole(171)) - 2a49c038-d560-47fc-b4bd-56f44e6f5fc7:group-D47D4A6F1009 changes role from FOLLOWER to CANDIDATE at term 0 for changeToCandidate
2019-09-02 05:33:01,938 [Thread-3297] INFO  impl.RoleInfo (RoleInfo.java:updateAndGet(143)) - 2a49c038-d560-47fc-b4bd-56f44e6f5fc7: start LeaderElection
2019-09-02 05:33:01,950 [057d0060-947b-42dc-a4e0-c40f5d11d24c-SegmentedRaftLogWorker:Storage Directory /workdir/hadoop-ozone/integration-test/target/test-dir/MiniOzoneClusterImpl-2a832e96-29dd-4f29-9444-310fee0a410e/datanode-2/data/ratis/46ef7ace-e631-4670-8959-7fc160994885] INFO  segmented.SegmentedRaftLogWorker (SegmentedRaftLogWorker.java:execute(569)) - 057d0060-947b-42dc-a4e0-c40f5d11d24c-SegmentedRaftLogWorker:Storage Directory /workdir/hadoop-ozone/integration-test/target/test-dir/MiniOzoneClusterImpl-2a832e96-29dd-4f29-9444-310fee0a410e/datanode-2/data/ratis/46ef7ace-e631-4670-8959-7fc160994885: created new log segment /workdir/hadoop-ozone/integration-test/target/test-dir/MiniOzoneClusterImpl-2a832e96-29dd-4f29-9444-310fee0a410e/datanode-2/data/ratis/46ef7ace-e631-4670-8959-7fc160994885/current/log_inprogress_0
2019-09-02 05:33:01,951 [2a49c038-d560-47fc-b4bd-56f44e6f5fc7:group-D47D4A6F1009:LeaderElection56] INFO  impl.LeaderElection (LeaderElection.java:askForVotes(181)) - 2a49c038-d560-47fc-b4bd-56f44e6f5fc7:group-D47D4A6F1009:LeaderElection56: begin an election at term 1 for -1: [2a49c038-d560-47fc-b4bd-56f44e6f5fc7:192.168.36.97:33664], old=null
2019-09-02 05:33:01,951 [2a49c038-d560-47fc-b4bd-56f44e6f5fc7:group-D47D4A6F1009:LeaderElection56] INFO  impl.RoleInfo (RoleInfo.java:shutdownLeaderElection(134)) - 2a49c038-d560-47fc-b4bd-56f44e6f5fc7: shutdown LeaderElection
2019-09-02 05:33:01,951 [2a49c038-d560-47fc-b4bd-56f44e6f5fc7:group-D47D4A6F1009:LeaderElection56] INFO  impl.RaftServerImpl (RaftServerImpl.java:setRole(171)) - 2a49c038-d560-47fc-b4bd-56f44e6f5fc7:group-D47D4A6F1009 changes role from CANDIDATE to LEADER at term 1 for changeToLeader
2019-09-02 05:33:01,951 [2a49c038-d560-47fc-b4bd-56f44e6f5fc7:group-D47D4A6F1009:LeaderElection56] INFO  impl.RaftServerImpl (ServerState.java:setLeader(263)) - 2a49c038-d560-47fc-b4bd-56f44e6f5fc7:group-D47D4A6F1009 change Leader from null to 2a49c038-d560-47fc-b4bd-56f44e6f5fc7 at term 1 for becomeLeader, leader elected after 5108ms
2019-09-02 05:33:01,951 [2a49c038-d560-47fc-b4bd-56f44e6f5fc7:group-D47D4A6F1009:LeaderElection56] INFO  server.RaftServerConfigKeys (ConfUtils.java:logGet(43)) - raft.server.staging.catchup.gap = 1000 (default)
2019-09-02 05:33:01,951 [2a49c038-d560-47fc-b4bd-56f44e6f5fc7:group-D47D4A6F1009:LeaderElection56] INFO  server.RaftServerConfigKeys (ConfUtils.java:logGet(43)) - raft.server.rpc.sleep.time = 25ms (default)
2019-09-02 05:33:01,952 [2a49c038-d560-47fc-b4bd-56f44e6f5fc7:group-D47D4A6F1009:LeaderElection56] INFO  server.RaftServerConfigKeys (ConfUtils.java:logGet(43)) - raft.server.write.element-limit = 4096 (default)
2019-09-02 05:33:01,952 [2a49c038-d560-47fc-b4bd-56f44e6f5fc7:group-D47D4A6F1009:LeaderElection56] INFO  server.RaftServerConfigKeys (ConfUtils.java:logGet(43)) - raft.server.watch.timeout = 10s (default)
2019-09-02 05:33:01,952 [2a49c038-d560-47fc-b4bd-56f44e6f5fc7:group-D47D4A6F1009:LeaderElection56] INFO  server.RaftServerConfigKeys (ConfUtils.java:logGet(43)) - raft.server.watch.timeout.denomination = 1s (default)
2019-09-02 05:33:01,952 [2a49c038-d560-47fc-b4bd-56f44e6f5fc7:group-D47D4A6F1009:LeaderElection56] INFO  server.RaftServerConfigKeys (ConfUtils.java:logGet(43)) - raft.server.watch.element-limit = 65536 (default)
2019-09-02 05:33:01,952 [2a49c038-d560-47fc-b4bd-56f44e6f5fc7:group-D47D4A6F1009:LeaderElection56] INFO  impl.RoleInfo (RoleInfo.java:updateAndGet(143)) - 2a49c038-d560-47fc-b4bd-56f44e6f5fc7: start LeaderState
2019-09-02 05:33:01,952 [2a49c038-d560-47fc-b4bd-56f44e6f5fc7:group-D47D4A6F1009:LeaderElection56] INFO  segmented.SegmentedRaftLogWorker (SegmentedRaftLogWorker.java:startLogSegment(380)) - 2a49c038-d560-47fc-b4bd-56f44e6f5fc7-SegmentedRaftLogWorker:Storage Directory /workdir/hadoop-ozone/integration-test/target/test-dir/MiniOzoneClusterImpl-2a832e96-29dd-4f29-9444-310fee0a410e/datanode-3/data/ratis/55be4589-99e1-4abb-a362-d47d4a6f1009: Starting segment from index:0
2019-09-02 05:33:01,953 [2a49c038-d560-47fc-b4bd-56f44e6f5fc7:group-D47D4A6F1009:LeaderElection56] INFO  impl.RaftServerImpl (ServerState.java:setRaftConf(361)) - 2a49c038-d560-47fc-b4bd-56f44e6f5fc7:group-D47D4A6F1009 set configuration 0: [2a49c038-d560-47fc-b4bd-56f44e6f5fc7:192.168.36.97:33664], old=null at 0
2019-09-02 05:33:02,017 [Thread-3303] INFO  impl.FollowerState (FollowerState.java:run(106)) - 67eaba4e-f747-41d5-a997-c067dc1992ac:group-22E4CBC76044 changes to CANDIDATE, lastRpcTime:5048, electionTimeout:5048ms
2019-09-02 05:33:02,017 [Thread-3303] INFO  impl.RoleInfo (RoleInfo.java:shutdownFollowerState(121)) - 67eaba4e-f747-41d5-a997-c067dc1992ac: shutdown FollowerState
2019-09-02 05:33:02,017 [Thread-3303] INFO  impl.RaftServerImpl (RaftServerImpl.java:setRole(171)) - 67eaba4e-f747-41d5-a997-c067dc1992ac:group-22E4CBC76044 changes role from FOLLOWER to CANDIDATE at term 0 for changeToCandidate
2019-09-02 05:33:02,017 [Thread-3303] INFO  impl.RoleInfo (RoleInfo.java:updateAndGet(143)) - 67eaba4e-f747-41d5-a997-c067dc1992ac: start LeaderElection
2019-09-02 05:33:02,042 [2a49c038-d560-47fc-b4bd-56f44e6f5fc7-SegmentedRaftLogWorker:Storage Directory /workdir/hadoop-ozone/integration-test/target/test-dir/MiniOzoneClusterImpl-2a832e96-29dd-4f29-9444-310fee0a410e/datanode-3/data/ratis/55be4589-99e1-4abb-a362-d47d4a6f1009] INFO  segmented.SegmentedRaftLogWorker (SegmentedRaftLogWorker.java:execute(569)) - 2a49c038-d560-47fc-b4bd-56f44e6f5fc7-SegmentedRaftLogWorker:Storage Directory /workdir/hadoop-ozone/integration-test/target/test-dir/MiniOzoneClusterImpl-2a832e96-29dd-4f29-9444-310fee0a410e/datanode-3/data/ratis/55be4589-99e1-4abb-a362-d47d4a6f1009: created new log segment /workdir/hadoop-ozone/integration-test/target/test-dir/MiniOzoneClusterImpl-2a832e96-29dd-4f29-9444-310fee0a410e/datanode-3/data/ratis/55be4589-99e1-4abb-a362-d47d4a6f1009/current/log_inprogress_0
2019-09-02 05:33:02,053 [67eaba4e-f747-41d5-a997-c067dc1992ac:group-22E4CBC76044:LeaderElection57] INFO  impl.LeaderElection (LeaderElection.java:askForVotes(181)) - 67eaba4e-f747-41d5-a997-c067dc1992ac:group-22E4CBC76044:LeaderElection57: begin an election at term 1 for -1: [67eaba4e-f747-41d5-a997-c067dc1992ac:192.168.36.97:40303], old=null
2019-09-02 05:33:02,054 [67eaba4e-f747-41d5-a997-c067dc1992ac:group-22E4CBC76044:LeaderElection57] INFO  impl.RoleInfo (RoleInfo.java:shutdownLeaderElection(134)) - 67eaba4e-f747-41d5-a997-c067dc1992ac: shutdown LeaderElection
2019-09-02 05:33:02,054 [67eaba4e-f747-41d5-a997-c067dc1992ac:group-22E4CBC76044:LeaderElection57] INFO  impl.RaftServerImpl (RaftServerImpl.java:setRole(171)) - 67eaba4e-f747-41d5-a997-c067dc1992ac:group-22E4CBC76044 changes role from CANDIDATE to LEADER at term 1 for changeToLeader
2019-09-02 05:33:02,054 [67eaba4e-f747-41d5-a997-c067dc1992ac:group-22E4CBC76044:LeaderElection57] INFO  impl.RaftServerImpl (ServerState.java:setLeader(263)) - 67eaba4e-f747-41d5-a997-c067dc1992ac:group-22E4CBC76044 change Leader from null to 67eaba4e-f747-41d5-a997-c067dc1992ac at term 1 for becomeLeader, leader elected after 5090ms
2019-09-02 05:33:02,054 [67eaba4e-f747-41d5-a997-c067dc1992ac:group-22E4CBC76044:LeaderElection57] INFO  server.RaftServerConfigKeys (ConfUtils.java:logGet(43)) - raft.server.staging.catchup.gap = 1000 (default)
2019-09-02 05:33:02,054 [67eaba4e-f747-41d5-a997-c067dc1992ac:group-22E4CBC76044:LeaderElection57] INFO  server.RaftServerConfigKeys (ConfUtils.java:logGet(43)) - raft.server.rpc.sleep.time = 25ms (default)
2019-09-02 05:33:02,054 [67eaba4e-f747-41d5-a997-c067dc1992ac:group-22E4CBC76044:LeaderElection57] INFO  server.RaftServerConfigKeys (ConfUtils.java:logGet(43)) - raft.server.write.element-limit = 4096 (default)
2019-09-02 05:33:02,055 [67eaba4e-f747-41d5-a997-c067dc1992ac:group-22E4CBC76044:LeaderElection57] INFO  server.RaftServerConfigKeys (ConfUtils.java:logGet(43)) - raft.server.watch.timeout = 10s (default)
2019-09-02 05:33:02,055 [67eaba4e-f747-41d5-a997-c067dc1992ac:group-22E4CBC76044:LeaderElection57] INFO  server.RaftServerConfigKeys (ConfUtils.java:logGet(43)) - raft.server.watch.timeout.denomination = 1s (default)
2019-09-02 05:33:02,055 [67eaba4e-f747-41d5-a997-c067dc1992ac:group-22E4CBC76044:LeaderElection57] INFO  server.RaftServerConfigKeys (ConfUtils.java:logGet(43)) - raft.server.watch.element-limit = 65536 (default)
2019-09-02 05:33:02,055 [67eaba4e-f747-41d5-a997-c067dc1992ac:group-22E4CBC76044:LeaderElection57] INFO  impl.RoleInfo (RoleInfo.java:updateAndGet(143)) - 67eaba4e-f747-41d5-a997-c067dc1992ac: start LeaderState
2019-09-02 05:33:02,055 [67eaba4e-f747-41d5-a997-c067dc1992ac:group-22E4CBC76044:LeaderElection57] INFO  segmented.SegmentedRaftLogWorker (SegmentedRaftLogWorker.java:startLogSegment(380)) - 67eaba4e-f747-41d5-a997-c067dc1992ac-SegmentedRaftLogWorker:Storage Directory /workdir/hadoop-ozone/integration-test/target/test-dir/MiniOzoneClusterImpl-2a832e96-29dd-4f29-9444-310fee0a410e/datanode-5/data/ratis/66db4a5d-f122-4337-8b9a-22e4cbc76044: Starting segment from index:0
2019-09-02 05:33:02,056 [67eaba4e-f747-41d5-a997-c067dc1992ac:group-22E4CBC76044:LeaderElection57] INFO  impl.RaftServerImpl (ServerState.java:setRaftConf(361)) - 67eaba4e-f747-41d5-a997-c067dc1992ac:group-22E4CBC76044 set configuration 0: [67eaba4e-f747-41d5-a997-c067dc1992ac:192.168.36.97:40303], old=null at 0
2019-09-02 05:33:02,092 [Thread-3306] INFO  impl.FollowerState (FollowerState.java:run(106)) - 8d8094e5-0892-4a5d-835f-ac7a87dd3e0e:group-A21C452B8F28 changes to CANDIDATE, lastRpcTime:5067, electionTimeout:5059ms
2019-09-02 05:33:02,092 [Thread-3300] INFO  impl.FollowerState (FollowerState.java:run(106)) - 1bfdf2db-1a04-469f-8974-4867e3ba9579:group-2BB258F91573 changes to CANDIDATE, lastRpcTime:5168, electionTimeout:5135ms
2019-09-02 05:33:02,093 [Thread-3306] INFO  impl.RoleInfo (RoleInfo.java:shutdownFollowerState(121)) - 8d8094e5-0892-4a5d-835f-ac7a87dd3e0e: shutdown FollowerState
2019-09-02 05:33:02,093 [Thread-3300] INFO  impl.RoleInfo (RoleInfo.java:shutdownFollowerState(121)) - 1bfdf2db-1a04-469f-8974-4867e3ba9579: shutdown FollowerState
2019-09-02 05:33:02,093 [Thread-3306] INFO  impl.RaftServerImpl (RaftServerImpl.java:setRole(171)) - 8d8094e5-0892-4a5d-835f-ac7a87dd3e0e:group-A21C452B8F28 changes role from FOLLOWER to CANDIDATE at term 0 for changeToCandidate
2019-09-02 05:33:02,093 [Thread-3300] INFO  impl.RaftServerImpl (RaftServerImpl.java:setRole(171)) - 1bfdf2db-1a04-469f-8974-4867e3ba9579:group-2BB258F91573 changes role from FOLLOWER to CANDIDATE at term 0 for changeToCandidate
2019-09-02 05:33:02,093 [Thread-3306] INFO  impl.RoleInfo (RoleInfo.java:updateAndGet(143)) - 8d8094e5-0892-4a5d-835f-ac7a87dd3e0e: start LeaderElection
2019-09-02 05:33:02,093 [Thread-3300] INFO  impl.RoleInfo (RoleInfo.java:updateAndGet(143)) - 1bfdf2db-1a04-469f-8974-4867e3ba9579: start LeaderElection
2019-09-02 05:33:02,105 [67eaba4e-f747-41d5-a997-c067dc1992ac-SegmentedRaftLogWorker:Storage Directory /workdir/hadoop-ozone/integration-test/target/test-dir/MiniOzoneClusterImpl-2a832e96-29dd-4f29-9444-310fee0a410e/datanode-5/data/ratis/66db4a5d-f122-4337-8b9a-22e4cbc76044] INFO  segmented.SegmentedRaftLogWorker (SegmentedRaftLogWorker.java:execute(569)) - 67eaba4e-f747-41d5-a997-c067dc1992ac-SegmentedRaftLogWorker:Storage Directory /workdir/hadoop-ozone/integration-test/target/test-dir/MiniOzoneClusterImpl-2a832e96-29dd-4f29-9444-310fee0a410e/datanode-5/data/ratis/66db4a5d-f122-4337-8b9a-22e4cbc76044: created new log segment /workdir/hadoop-ozone/integration-test/target/test-dir/MiniOzoneClusterImpl-2a832e96-29dd-4f29-9444-310fee0a410e/datanode-5/data/ratis/66db4a5d-f122-4337-8b9a-22e4cbc76044/current/log_inprogress_0
2019-09-02 05:33:02,113 [grpc-default-executor-9] INFO  client.GrpcClientProtocolClient (GrpcClientProtocolClient.java:onNext(255)) - client-370B164DE873->97f08126-dcc5-4d94-ac0d-f9c75ceb76fd: receive RaftClientReply:client-370B164DE873->97f08126-dcc5-4d94-ac0d-f9c75ceb76fd@group-9733FE70982D, cid=175, FAILED org.apache.ratis.protocol.NotLeaderException: Server 97f08126-dcc5-4d94-ac0d-f9c75ceb76fd is not the leader (null). Request must be sent to leader., logIndex=0, commits[97f08126-dcc5-4d94-ac0d-f9c75ceb76fd:c-1]
2019-09-02 05:33:02,118 [8d8094e5-0892-4a5d-835f-ac7a87dd3e0e:group-A21C452B8F28:LeaderElection58] INFO  impl.LeaderElection (LeaderElection.java:askForVotes(181)) - 8d8094e5-0892-4a5d-835f-ac7a87dd3e0e:group-A21C452B8F28:LeaderElection58: begin an election at term 1 for -1: [8d8094e5-0892-4a5d-835f-ac7a87dd3e0e:192.168.36.97:43276], old=null
2019-09-02 05:33:02,118 [1bfdf2db-1a04-469f-8974-4867e3ba9579:group-2BB258F91573:LeaderElection59] INFO  impl.LeaderElection (LeaderElection.java:askForVotes(181)) - 1bfdf2db-1a04-469f-8974-4867e3ba9579:group-2BB258F91573:LeaderElection59: begin an election at term 1 for -1: [1bfdf2db-1a04-469f-8974-4867e3ba9579:192.168.36.97:40332], old=null
2019-09-02 05:33:02,119 [8d8094e5-0892-4a5d-835f-ac7a87dd3e0e:group-A21C452B8F28:LeaderElection58] INFO  impl.RoleInfo (RoleInfo.java:shutdownLeaderElection(134)) - 8d8094e5-0892-4a5d-835f-ac7a87dd3e0e: shutdown LeaderElection
2019-09-02 05:33:02,119 [1bfdf2db-1a04-469f-8974-4867e3ba9579:group-2BB258F91573:LeaderElection59] INFO  impl.RoleInfo (RoleInfo.java:shutdownLeaderElection(134)) - 1bfdf2db-1a04-469f-8974-4867e3ba9579: shutdown LeaderElection
2019-09-02 05:33:02,119 [8d8094e5-0892-4a5d-835f-ac7a87dd3e0e:group-A21C452B8F28:LeaderElection58] INFO  impl.RaftServerImpl (RaftServerImpl.java:setRole(171)) - 8d8094e5-0892-4a5d-835f-ac7a87dd3e0e:group-A21C452B8F28 changes role from CANDIDATE to LEADER at term 1 for changeToLeader
2019-09-02 05:33:02,119 [1bfdf2db-1a04-469f-8974-4867e3ba9579:group-2BB258F91573:LeaderElection59] INFO  impl.RaftServerImpl (RaftServerImpl.java:setRole(171)) - 1bfdf2db-1a04-469f-8974-4867e3ba9579:group-2BB258F91573 changes role from CANDIDATE to LEADER at term 1 for changeToLeader
2019-09-02 05:33:02,119 [8d8094e5-0892-4a5d-835f-ac7a87dd3e0e:group-A21C452B8F28:LeaderElection58] INFO  impl.RaftServerImpl (ServerState.java:setLeader(263)) - 8d8094e5-0892-4a5d-835f-ac7a87dd3e0e:group-A21C452B8F28 change Leader from null to 8d8094e5-0892-4a5d-835f-ac7a87dd3e0e at term 1 for becomeLeader, leader elected after 5099ms
2019-09-02 05:33:02,119 [1bfdf2db-1a04-469f-8974-4867e3ba9579:group-2BB258F91573:LeaderElection59] INFO  impl.RaftServerImpl (ServerState.java:setLeader(263)) - 1bfdf2db-1a04-469f-8974-4867e3ba9579:group-2BB258F91573 change Leader from null to 1bfdf2db-1a04-469f-8974-4867e3ba9579 at term 1 for becomeLeader, leader elected after 5200ms
2019-09-02 05:33:02,119 [8d8094e5-0892-4a5d-835f-ac7a87dd3e0e:group-A21C452B8F28:LeaderElection58] INFO  server.RaftServerConfigKeys (ConfUtils.java:logGet(43)) - raft.server.staging.catchup.gap = 1000 (default)
2019-09-02 05:33:02,119 [1bfdf2db-1a04-469f-8974-4867e3ba9579:group-2BB258F91573:LeaderElection59] INFO  server.RaftServerConfigKeys (ConfUtils.java:logGet(43)) - raft.server.staging.catchup.gap = 1000 (default)
2019-09-02 05:33:02,119 [8d8094e5-0892-4a5d-835f-ac7a87dd3e0e:group-A21C452B8F28:LeaderElection58] INFO  server.RaftServerConfigKeys (ConfUtils.java:logGet(43)) - raft.server.rpc.sleep.time = 25ms (default)
2019-09-02 05:33:02,120 [1bfdf2db-1a04-469f-8974-4867e3ba9579:group-2BB258F91573:LeaderElection59] INFO  server.RaftServerConfigKeys (ConfUtils.java:logGet(43)) - raft.server.rpc.sleep.time = 25ms (default)
2019-09-02 05:33:02,120 [8d8094e5-0892-4a5d-835f-ac7a87dd3e0e:group-A21C452B8F28:LeaderElection58] INFO  server.RaftServerConfigKeys (ConfUtils.java:logGet(43)) - raft.server.write.element-limit = 4096 (default)
2019-09-02 05:33:02,120 [1bfdf2db-1a04-469f-8974-4867e3ba9579:group-2BB258F91573:LeaderElection59] INFO  server.RaftServerConfigKeys (ConfUtils.java:logGet(43)) - raft.server.write.element-limit = 4096 (default)
2019-09-02 05:33:02,120 [8d8094e5-0892-4a5d-835f-ac7a87dd3e0e:group-A21C452B8F28:LeaderElection58] INFO  server.RaftServerConfigKeys (ConfUtils.java:logGet(43)) - raft.server.watch.timeout = 10s (default)
2019-09-02 05:33:02,120 [8d8094e5-0892-4a5d-835f-ac7a87dd3e0e:group-A21C452B8F28:LeaderElection58] INFO  server.RaftServerConfigKeys (ConfUtils.java:logGet(43)) - raft.server.watch.timeout.denomination = 1s (default)
2019-09-02 05:33:02,120 [1bfdf2db-1a04-469f-8974-4867e3ba9579:group-2BB258F91573:LeaderElection59] INFO  server.RaftServerConfigKeys (ConfUtils.java:logGet(43)) - raft.server.watch.timeout = 10s (default)
2019-09-02 05:33:02,120 [8d8094e5-0892-4a5d-835f-ac7a87dd3e0e:group-A21C452B8F28:LeaderElection58] INFO  server.RaftServerConfigKeys (ConfUtils.java:logGet(43)) - raft.server.watch.element-limit = 65536 (default)
2019-09-02 05:33:02,121 [1bfdf2db-1a04-469f-8974-4867e3ba9579:group-2BB258F91573:LeaderElection59] INFO  server.RaftServerConfigKeys (ConfUtils.java:logGet(43)) - raft.server.watch.timeout.denomination = 1s (default)
2019-09-02 05:33:02,121 [8d8094e5-0892-4a5d-835f-ac7a87dd3e0e:group-A21C452B8F28:LeaderElection58] INFO  impl.RoleInfo (RoleInfo.java:updateAndGet(143)) - 8d8094e5-0892-4a5d-835f-ac7a87dd3e0e: start LeaderState
2019-09-02 05:33:02,121 [1bfdf2db-1a04-469f-8974-4867e3ba9579:group-2BB258F91573:LeaderElection59] INFO  server.RaftServerConfigKeys (ConfUtils.java:logGet(43)) - raft.server.watch.element-limit = 65536 (default)
2019-09-02 05:33:02,121 [8d8094e5-0892-4a5d-835f-ac7a87dd3e0e:group-A21C452B8F28:LeaderElection58] INFO  segmented.SegmentedRaftLogWorker (SegmentedRaftLogWorker.java:startLogSegment(380)) - 8d8094e5-0892-4a5d-835f-ac7a87dd3e0e-SegmentedRaftLogWorker:Storage Directory /workdir/hadoop-ozone/integration-test/target/test-dir/MiniOzoneClusterImpl-2a832e96-29dd-4f29-9444-310fee0a410e/datanode-6/data/ratis/51d6a501-9f5d-4360-9374-a21c452b8f28: Starting segment from index:0
2019-09-02 05:33:02,121 [1bfdf2db-1a04-469f-8974-4867e3ba9579:group-2BB258F91573:LeaderElection59] INFO  impl.RoleInfo (RoleInfo.java:updateAndGet(143)) - 1bfdf2db-1a04-469f-8974-4867e3ba9579: start LeaderState
2019-09-02 05:33:02,122 [1bfdf2db-1a04-469f-8974-4867e3ba9579:group-2BB258F91573:LeaderElection59] INFO  segmented.SegmentedRaftLogWorker (SegmentedRaftLogWorker.java:startLogSegment(380)) - 1bfdf2db-1a04-469f-8974-4867e3ba9579-SegmentedRaftLogWorker:Storage Directory /workdir/hadoop-ozone/integration-test/target/test-dir/MiniOzoneClusterImpl-2a832e96-29dd-4f29-9444-310fee0a410e/datanode-4/data/ratis/fd9e2790-2728-4f0a-b033-2bb258f91573: Starting segment from index:0
2019-09-02 05:33:02,122 [8d8094e5-0892-4a5d-835f-ac7a87dd3e0e:group-A21C452B8F28:LeaderElection58] INFO  impl.RaftServerImpl (ServerState.java:setRaftConf(361)) - 8d8094e5-0892-4a5d-835f-ac7a87dd3e0e:group-A21C452B8F28 set configuration 0: [8d8094e5-0892-4a5d-835f-ac7a87dd3e0e:192.168.36.97:43276], old=null at 0
2019-09-02 05:33:02,158 [Thread-3309] INFO  impl.FollowerState (FollowerState.java:run(106)) - 057d0060-947b-42dc-a4e0-c40f5d11d24c:group-1D15FAEDB52B changes to CANDIDATE, lastRpcTime:5078, electionTimeout:5069ms
2019-09-02 05:33:02,158 [1bfdf2db-1a04-469f-8974-4867e3ba9579:group-2BB258F91573:LeaderElection59] INFO  impl.RaftServerImpl (ServerState.java:setRaftConf(361)) - 1bfdf2db-1a04-469f-8974-4867e3ba9579:group-2BB258F91573 set configuration 0: [1bfdf2db-1a04-469f-8974-4867e3ba9579:192.168.36.97:40332], old=null at 0
2019-09-02 05:33:02,158 [Thread-3309] INFO  impl.RoleInfo (RoleInfo.java:shutdownFollowerState(121)) - 057d0060-947b-42dc-a4e0-c40f5d11d24c: shutdown FollowerState
2019-09-02 05:33:02,162 [Thread-3309] INFO  impl.RaftServerImpl (RaftServerImpl.java:setRole(171)) - 057d0060-947b-42dc-a4e0-c40f5d11d24c:group-1D15FAEDB52B changes role from FOLLOWER to CANDIDATE at term 0 for changeToCandidate
2019-09-02 05:33:02,162 [Thread-3309] INFO  impl.RoleInfo (RoleInfo.java:updateAndGet(143)) - 057d0060-947b-42dc-a4e0-c40f5d11d24c: start LeaderElection
2019-09-02 05:33:02,180 [Thread-3322] INFO  impl.FollowerState (FollowerState.java:run(106)) - 97f08126-dcc5-4d94-ac0d-f9c75ceb76fd:group-9733FE70982D changes to CANDIDATE, lastRpcTime:5019, electionTimeout:5016ms
2019-09-02 05:33:02,181 [Thread-3322] INFO  impl.RoleInfo (RoleInfo.java:shutdownFollowerState(121)) - 97f08126-dcc5-4d94-ac0d-f9c75ceb76fd: shutdown FollowerState
2019-09-02 05:33:02,181 [Thread-3322] INFO  impl.RaftServerImpl (RaftServerImpl.java:setRole(171)) - 97f08126-dcc5-4d94-ac0d-f9c75ceb76fd:group-9733FE70982D changes role from FOLLOWER to CANDIDATE at term 0 for changeToCandidate
2019-09-02 05:33:02,181 [Thread-3322] INFO  impl.RoleInfo (RoleInfo.java:updateAndGet(143)) - 97f08126-dcc5-4d94-ac0d-f9c75ceb76fd: start LeaderElection
2019-09-02 05:33:02,188 [1bfdf2db-1a04-469f-8974-4867e3ba9579-SegmentedRaftLogWorker:Storage Directory /workdir/hadoop-ozone/integration-test/target/test-dir/MiniOzoneClusterImpl-2a832e96-29dd-4f29-9444-310fee0a410e/datanode-4/data/ratis/fd9e2790-2728-4f0a-b033-2bb258f91573] INFO  segmented.SegmentedRaftLogWorker (SegmentedRaftLogWorker.java:execute(569)) - 1bfdf2db-1a04-469f-8974-4867e3ba9579-SegmentedRaftLogWorker:Storage Directory /workdir/hadoop-ozone/integration-test/target/test-dir/MiniOzoneClusterImpl-2a832e96-29dd-4f29-9444-310fee0a410e/datanode-4/data/ratis/fd9e2790-2728-4f0a-b033-2bb258f91573: created new log segment /workdir/hadoop-ozone/integration-test/target/test-dir/MiniOzoneClusterImpl-2a832e96-29dd-4f29-9444-310fee0a410e/datanode-4/data/ratis/fd9e2790-2728-4f0a-b033-2bb258f91573/current/log_inprogress_0
2019-09-02 05:33:02,188 [8d8094e5-0892-4a5d-835f-ac7a87dd3e0e-SegmentedRaftLogWorker:Storage Directory /workdir/hadoop-ozone/integration-test/target/test-dir/MiniOzoneClusterImpl-2a832e96-29dd-4f29-9444-310fee0a410e/datanode-6/data/ratis/51d6a501-9f5d-4360-9374-a21c452b8f28] INFO  segmented.SegmentedRaftLogWorker (SegmentedRaftLogWorker.java:execute(569)) - 8d8094e5-0892-4a5d-835f-ac7a87dd3e0e-SegmentedRaftLogWorker:Storage Directory /workdir/hadoop-ozone/integration-test/target/test-dir/MiniOzoneClusterImpl-2a832e96-29dd-4f29-9444-310fee0a410e/datanode-6/data/ratis/51d6a501-9f5d-4360-9374-a21c452b8f28: created new log segment /workdir/hadoop-ozone/integration-test/target/test-dir/MiniOzoneClusterImpl-2a832e96-29dd-4f29-9444-310fee0a410e/datanode-6/data/ratis/51d6a501-9f5d-4360-9374-a21c452b8f28/current/log_inprogress_0
2019-09-02 05:33:02,188 [057d0060-947b-42dc-a4e0-c40f5d11d24c:group-1D15FAEDB52B:LeaderElection60] INFO  impl.LeaderElection (LeaderElection.java:askForVotes(181)) - 057d0060-947b-42dc-a4e0-c40f5d11d24c:group-1D15FAEDB52B:LeaderElection60: begin an election at term 1 for -1: [6527f679-d3a1-40a5-bf72-2b9df3faf938:192.168.36.97:38848, 057d0060-947b-42dc-a4e0-c40f5d11d24c:192.168.36.97:35756, 67eaba4e-f747-41d5-a997-c067dc1992ac:192.168.36.97:40303], old=null
2019-09-02 05:33:02,193 [97f08126-dcc5-4d94-ac0d-f9c75ceb76fd:group-9733FE70982D:LeaderElection61] INFO  impl.LeaderElection (LeaderElection.java:askForVotes(181)) - 97f08126-dcc5-4d94-ac0d-f9c75ceb76fd:group-9733FE70982D:LeaderElection61: begin an election at term 1 for -1: [2a49c038-d560-47fc-b4bd-56f44e6f5fc7:192.168.36.97:33664, 8d8094e5-0892-4a5d-835f-ac7a87dd3e0e:192.168.36.97:43276, 97f08126-dcc5-4d94-ac0d-f9c75ceb76fd:192.168.36.97:45351], old=null
2019-09-02 05:33:02,195 [grpc-default-executor-9] INFO  impl.RaftServerImpl (RaftServerImpl.java:setRole(171)) - 6527f679-d3a1-40a5-bf72-2b9df3faf938:group-1D15FAEDB52B changes role from FOLLOWER to FOLLOWER at term 1 for recognizeCandidate:057d0060-947b-42dc-a4e0-c40f5d11d24c
2019-09-02 05:33:02,195 [grpc-default-executor-7] INFO  impl.RaftServerImpl (RaftServerImpl.java:setRole(171)) - 67eaba4e-f747-41d5-a997-c067dc1992ac:group-1D15FAEDB52B changes role from FOLLOWER to FOLLOWER at term 1 for recognizeCandidate:057d0060-947b-42dc-a4e0-c40f5d11d24c
2019-09-02 05:33:02,195 [grpc-default-executor-9] INFO  impl.RoleInfo (RoleInfo.java:shutdownFollowerState(121)) - 6527f679-d3a1-40a5-bf72-2b9df3faf938: shutdown FollowerState
2019-09-02 05:33:02,196 [grpc-default-executor-7] INFO  impl.RoleInfo (RoleInfo.java:shutdownFollowerState(121)) - 67eaba4e-f747-41d5-a997-c067dc1992ac: shutdown FollowerState
2019-09-02 05:33:02,196 [Thread-3313] INFO  impl.FollowerState (FollowerState.java:run(114)) - 6527f679-d3a1-40a5-bf72-2b9df3faf938: FollowerState was interrupted: java.lang.InterruptedException: sleep interrupted
2019-09-02 05:33:02,196 [Thread-3314] INFO  impl.FollowerState (FollowerState.java:run(114)) - 67eaba4e-f747-41d5-a997-c067dc1992ac: FollowerState was interrupted: java.lang.InterruptedException: sleep interrupted
2019-09-02 05:33:02,196 [grpc-default-executor-9] INFO  impl.RoleInfo (RoleInfo.java:updateAndGet(143)) - 6527f679-d3a1-40a5-bf72-2b9df3faf938: start FollowerState
2019-09-02 05:33:02,196 [grpc-default-executor-10] INFO  impl.RaftServerImpl (RaftServerImpl.java:setRole(171)) - 2a49c038-d560-47fc-b4bd-56f44e6f5fc7:group-9733FE70982D changes role from FOLLOWER to FOLLOWER at term 1 for recognizeCandidate:97f08126-dcc5-4d94-ac0d-f9c75ceb76fd
2019-09-02 05:33:02,196 [grpc-default-executor-1] INFO  impl.RaftServerImpl (RaftServerImpl.java:setRole(171)) - 8d8094e5-0892-4a5d-835f-ac7a87dd3e0e:group-9733FE70982D changes role from FOLLOWER to FOLLOWER at term 1 for recognizeCandidate:97f08126-dcc5-4d94-ac0d-f9c75ceb76fd
2019-09-02 05:33:02,201 [grpc-default-executor-1] INFO  impl.RoleInfo (RoleInfo.java:shutdownFollowerState(121)) - 8d8094e5-0892-4a5d-835f-ac7a87dd3e0e: shutdown FollowerState
2019-09-02 05:33:02,196 [grpc-default-executor-7] INFO  impl.RoleInfo (RoleInfo.java:updateAndGet(143)) - 67eaba4e-f747-41d5-a997-c067dc1992ac: start FollowerState
2019-09-02 05:33:02,202 [Thread-3323] INFO  impl.FollowerState (FollowerState.java:run(114)) - 8d8094e5-0892-4a5d-835f-ac7a87dd3e0e: FollowerState was interrupted: java.lang.InterruptedException: sleep interrupted
2019-09-02 05:33:02,202 [grpc-default-executor-1] INFO  impl.RoleInfo (RoleInfo.java:updateAndGet(143)) - 8d8094e5-0892-4a5d-835f-ac7a87dd3e0e: start FollowerState
2019-09-02 05:33:02,201 [grpc-default-executor-10] INFO  impl.RoleInfo (RoleInfo.java:shutdownFollowerState(121)) - 2a49c038-d560-47fc-b4bd-56f44e6f5fc7: shutdown FollowerState
2019-09-02 05:33:02,204 [grpc-default-executor-10] INFO  impl.RoleInfo (RoleInfo.java:updateAndGet(143)) - 2a49c038-d560-47fc-b4bd-56f44e6f5fc7: start FollowerState
2019-09-02 05:33:02,204 [Thread-3318] INFO  impl.FollowerState (FollowerState.java:run(114)) - 2a49c038-d560-47fc-b4bd-56f44e6f5fc7: FollowerState was interrupted: java.lang.InterruptedException: sleep interrupted
2019-09-02 05:33:02,228 [057d0060-947b-42dc-a4e0-c40f5d11d24c:group-1D15FAEDB52B:LeaderElection60] INFO  impl.LeaderElection (LeaderElection.java:logAndReturn(56)) - 057d0060-947b-42dc-a4e0-c40f5d11d24c:group-1D15FAEDB52B:LeaderElection60: Election PASSED; received 1 response(s) [057d0060-947b-42dc-a4e0-c40f5d11d24c<-6527f679-d3a1-40a5-bf72-2b9df3faf938#0:OK-t1] and 0 exception(s); 057d0060-947b-42dc-a4e0-c40f5d11d24c:t1, leader=null, voted=057d0060-947b-42dc-a4e0-c40f5d11d24c, raftlog=057d0060-947b-42dc-a4e0-c40f5d11d24c-SegmentedRaftLog:OPENED:c-1,f-1,i0, conf=-1: [6527f679-d3a1-40a5-bf72-2b9df3faf938:192.168.36.97:38848, 057d0060-947b-42dc-a4e0-c40f5d11d24c:192.168.36.97:35756, 67eaba4e-f747-41d5-a997-c067dc1992ac:192.168.36.97:40303], old=null
2019-09-02 05:33:02,228 [97f08126-dcc5-4d94-ac0d-f9c75ceb76fd:group-9733FE70982D:LeaderElection61] INFO  impl.LeaderElection (LeaderElection.java:logAndReturn(56)) - 97f08126-dcc5-4d94-ac0d-f9c75ceb76fd:group-9733FE70982D:LeaderElection61: Election PASSED; received 1 response(s) [97f08126-dcc5-4d94-ac0d-f9c75ceb76fd<-2a49c038-d560-47fc-b4bd-56f44e6f5fc7#0:OK-t1] and 0 exception(s); 97f08126-dcc5-4d94-ac0d-f9c75ceb76fd:t1, leader=null, voted=97f08126-dcc5-4d94-ac0d-f9c75ceb76fd, raftlog=97f08126-dcc5-4d94-ac0d-f9c75ceb76fd-SegmentedRaftLog:OPENED:c-1,f-1,i0, conf=-1: [2a49c038-d560-47fc-b4bd-56f44e6f5fc7:192.168.36.97:33664, 8d8094e5-0892-4a5d-835f-ac7a87dd3e0e:192.168.36.97:43276, 97f08126-dcc5-4d94-ac0d-f9c75ceb76fd:192.168.36.97:45351], old=null
2019-09-02 05:33:02,228 [057d0060-947b-42dc-a4e0-c40f5d11d24c:group-1D15FAEDB52B:LeaderElection60] INFO  impl.RoleInfo (RoleInfo.java:shutdownLeaderElection(134)) - 057d0060-947b-42dc-a4e0-c40f5d11d24c: shutdown LeaderElection
2019-09-02 05:33:02,229 [97f08126-dcc5-4d94-ac0d-f9c75ceb76fd:group-9733FE70982D:LeaderElection61] INFO  impl.RoleInfo (RoleInfo.java:shutdownLeaderElection(134)) - 97f08126-dcc5-4d94-ac0d-f9c75ceb76fd: shutdown LeaderElection
2019-09-02 05:33:02,229 [057d0060-947b-42dc-a4e0-c40f5d11d24c:group-1D15FAEDB52B:LeaderElection60] INFO  impl.RaftServerImpl (RaftServerImpl.java:setRole(171)) - 057d0060-947b-42dc-a4e0-c40f5d11d24c:group-1D15FAEDB52B changes role from CANDIDATE to LEADER at term 1 for changeToLeader
2019-09-02 05:33:02,229 [97f08126-dcc5-4d94-ac0d-f9c75ceb76fd:group-9733FE70982D:LeaderElection61] INFO  impl.RaftServerImpl (RaftServerImpl.java:setRole(171)) - 97f08126-dcc5-4d94-ac0d-f9c75ceb76fd:group-9733FE70982D changes role from CANDIDATE to LEADER at term 1 for changeToLeader
2019-09-02 05:33:02,229 [057d0060-947b-42dc-a4e0-c40f5d11d24c:group-1D15FAEDB52B:LeaderElection60] INFO  impl.RaftServerImpl (ServerState.java:setLeader(263)) - 057d0060-947b-42dc-a4e0-c40f5d11d24c:group-1D15FAEDB52B change Leader from null to 057d0060-947b-42dc-a4e0-c40f5d11d24c at term 1 for becomeLeader, leader elected after 5158ms
2019-09-02 05:33:02,229 [97f08126-dcc5-4d94-ac0d-f9c75ceb76fd:group-9733FE70982D:LeaderElection61] INFO  impl.RaftServerImpl (ServerState.java:setLeader(263)) - 97f08126-dcc5-4d94-ac0d-f9c75ceb76fd:group-9733FE70982D change Leader from null to 97f08126-dcc5-4d94-ac0d-f9c75ceb76fd at term 1 for becomeLeader, leader elected after 5076ms
2019-09-02 05:33:02,229 [057d0060-947b-42dc-a4e0-c40f5d11d24c:group-1D15FAEDB52B:LeaderElection60] INFO  server.RaftServerConfigKeys (ConfUtils.java:logGet(43)) - raft.server.staging.catchup.gap = 1000 (default)
2019-09-02 05:33:02,229 [97f08126-dcc5-4d94-ac0d-f9c75ceb76fd:group-9733FE70982D:LeaderElection61] INFO  server.RaftServerConfigKeys (ConfUtils.java:logGet(43)) - raft.server.staging.catchup.gap = 1000 (default)
2019-09-02 05:33:02,229 [057d0060-947b-42dc-a4e0-c40f5d11d24c:group-1D15FAEDB52B:LeaderElection60] INFO  server.RaftServerConfigKeys (ConfUtils.java:logGet(43)) - raft.server.rpc.sleep.time = 25ms (default)
2019-09-02 05:33:02,230 [97f08126-dcc5-4d94-ac0d-f9c75ceb76fd:group-9733FE70982D:LeaderElection61] INFO  server.RaftServerConfigKeys (ConfUtils.java:logGet(43)) - raft.server.rpc.sleep.time = 25ms (default)
2019-09-02 05:33:02,230 [057d0060-947b-42dc-a4e0-c40f5d11d24c:group-1D15FAEDB52B:LeaderElection60] INFO  server.RaftServerConfigKeys (ConfUtils.java:logGet(43)) - raft.server.write.element-limit = 4096 (default)
2019-09-02 05:33:02,230 [97f08126-dcc5-4d94-ac0d-f9c75ceb76fd:group-9733FE70982D:LeaderElection61] INFO  server.RaftServerConfigKeys (ConfUtils.java:logGet(43)) - raft.server.write.element-limit = 4096 (default)
2019-09-02 05:33:02,230 [057d0060-947b-42dc-a4e0-c40f5d11d24c:group-1D15FAEDB52B:LeaderElection60] INFO  server.RaftServerConfigKeys (ConfUtils.java:logGet(43)) - raft.server.watch.timeout = 10s (default)
2019-09-02 05:33:02,230 [97f08126-dcc5-4d94-ac0d-f9c75ceb76fd:group-9733FE70982D:LeaderElection61] INFO  server.RaftServerConfigKeys (ConfUtils.java:logGet(43)) - raft.server.watch.timeout = 10s (default)
2019-09-02 05:33:02,230 [057d0060-947b-42dc-a4e0-c40f5d11d24c:group-1D15FAEDB52B:LeaderElection60] INFO  server.RaftServerConfigKeys (ConfUtils.java:logGet(43)) - raft.server.watch.timeout.denomination = 1s (default)
2019-09-02 05:33:02,230 [97f08126-dcc5-4d94-ac0d-f9c75ceb76fd:group-9733FE70982D:LeaderElection61] INFO  server.RaftServerConfigKeys (ConfUtils.java:logGet(43)) - raft.server.watch.timeout.denomination = 1s (default)
2019-09-02 05:33:02,230 [057d0060-947b-42dc-a4e0-c40f5d11d24c:group-1D15FAEDB52B:LeaderElection60] INFO  server.RaftServerConfigKeys (ConfUtils.java:logGet(43)) - raft.server.watch.element-limit = 65536 (default)
2019-09-02 05:33:02,231 [97f08126-dcc5-4d94-ac0d-f9c75ceb76fd:group-9733FE70982D:LeaderElection61] INFO  server.RaftServerConfigKeys (ConfUtils.java:logGet(43)) - raft.server.watch.element-limit = 65536 (default)
2019-09-02 05:33:02,231 [057d0060-947b-42dc-a4e0-c40f5d11d24c:group-1D15FAEDB52B:LeaderElection60] INFO  server.RaftServerConfigKeys (ConfUtils.java:logGet(43)) - raft.server.log.appender.snapshot.chunk.size.max = 16MB (=16777216) (default)
2019-09-02 05:33:02,231 [97f08126-dcc5-4d94-ac0d-f9c75ceb76fd:group-9733FE70982D:LeaderElection61] INFO  server.RaftServerConfigKeys (ConfUtils.java:logGet(43)) - raft.server.log.appender.snapshot.chunk.size.max = 16MB (=16777216) (default)
2019-09-02 05:33:02,231 [057d0060-947b-42dc-a4e0-c40f5d11d24c:group-1D15FAEDB52B:LeaderElection60] INFO  server.RaftServerConfigKeys (ConfUtils.java:logGet(43)) - raft.server.log.appender.buffer.byte-limit = 33554432 (custom)
2019-09-02 05:33:02,231 [97f08126-dcc5-4d94-ac0d-f9c75ceb76fd:group-9733FE70982D:LeaderElection61] INFO  server.RaftServerConfigKeys (ConfUtils.java:logGet(43)) - raft.server.log.appender.buffer.byte-limit = 33554432 (custom)
2019-09-02 05:33:02,231 [057d0060-947b-42dc-a4e0-c40f5d11d24c:group-1D15FAEDB52B:LeaderElection60] INFO  server.RaftServerConfigKeys (ConfUtils.java:logGet(43)) - raft.server.log.appender.buffer.element-limit = 1 (custom)
2019-09-02 05:33:02,232 [97f08126-dcc5-4d94-ac0d-f9c75ceb76fd:group-9733FE70982D:LeaderElection61] INFO  server.RaftServerConfigKeys (ConfUtils.java:logGet(43)) - raft.server.log.appender.buffer.element-limit = 1 (custom)
2019-09-02 05:33:02,232 [057d0060-947b-42dc-a4e0-c40f5d11d24c:group-1D15FAEDB52B:LeaderElection60] INFO  grpc.GrpcConfigKeys$Server (ConfUtils.java:logGet(43)) - raft.grpc.server.leader.outstanding.appends.max = 128 (default)
2019-09-02 05:33:02,232 [97f08126-dcc5-4d94-ac0d-f9c75ceb76fd:group-9733FE70982D:LeaderElection61] INFO  grpc.GrpcConfigKeys$Server (ConfUtils.java:logGet(43)) - raft.grpc.server.leader.outstanding.appends.max = 128 (default)
2019-09-02 05:33:02,232 [057d0060-947b-42dc-a4e0-c40f5d11d24c:group-1D15FAEDB52B:LeaderElection60] INFO  server.RaftServerConfigKeys (ConfUtils.java:logGet(43)) - raft.server.rpc.request.timeout = 3000ms (default)
2019-09-02 05:33:02,232 [97f08126-dcc5-4d94-ac0d-f9c75ceb76fd:group-9733FE70982D:LeaderElection61] INFO  server.RaftServerConfigKeys (ConfUtils.java:logGet(43)) - raft.server.rpc.request.timeout = 3000ms (default)
2019-09-02 05:33:02,232 [057d0060-947b-42dc-a4e0-c40f5d11d24c:group-1D15FAEDB52B:LeaderElection60] INFO  server.RaftServerConfigKeys (ConfUtils.java:logGet(43)) - raft.server.log.appender.install.snapshot.enabled = false (custom)
2019-09-02 05:33:02,233 [97f08126-dcc5-4d94-ac0d-f9c75ceb76fd:group-9733FE70982D:LeaderElection61] INFO  server.RaftServerConfigKeys (ConfUtils.java:logGet(43)) - raft.server.log.appender.install.snapshot.enabled = false (custom)
2019-09-02 05:33:02,233 [057d0060-947b-42dc-a4e0-c40f5d11d24c:group-1D15FAEDB52B:LeaderElection60] INFO  server.RaftServerConfigKeys (ConfUtils.java:logGet(43)) - raft.server.log.appender.snapshot.chunk.size.max = 16MB (=16777216) (default)
2019-09-02 05:33:02,233 [97f08126-dcc5-4d94-ac0d-f9c75ceb76fd:group-9733FE70982D:LeaderElection61] INFO  server.RaftServerConfigKeys (ConfUtils.java:logGet(43)) - raft.server.log.appender.snapshot.chunk.size.max = 16MB (=16777216) (default)
2019-09-02 05:33:02,233 [057d0060-947b-42dc-a4e0-c40f5d11d24c:group-1D15FAEDB52B:LeaderElection60] INFO  server.RaftServerConfigKeys (ConfUtils.java:logGet(43)) - raft.server.log.appender.buffer.byte-limit = 33554432 (custom)
2019-09-02 05:33:02,233 [97f08126-dcc5-4d94-ac0d-f9c75ceb76fd:group-9733FE70982D:LeaderElection61] INFO  server.RaftServerConfigKeys (ConfUtils.java:logGet(43)) - raft.server.log.appender.buffer.byte-limit = 33554432 (custom)
2019-09-02 05:33:02,233 [057d0060-947b-42dc-a4e0-c40f5d11d24c:group-1D15FAEDB52B:LeaderElection60] INFO  server.RaftServerConfigKeys (ConfUtils.java:logGet(43)) - raft.server.log.appender.buffer.element-limit = 1 (custom)
2019-09-02 05:33:02,233 [97f08126-dcc5-4d94-ac0d-f9c75ceb76fd:group-9733FE70982D:LeaderElection61] INFO  server.RaftServerConfigKeys (ConfUtils.java:logGet(43)) - raft.server.log.appender.buffer.element-limit = 1 (custom)
2019-09-02 05:33:02,234 [057d0060-947b-42dc-a4e0-c40f5d11d24c:group-1D15FAEDB52B:LeaderElection60] INFO  grpc.GrpcConfigKeys$Server (ConfUtils.java:logGet(43)) - raft.grpc.server.leader.outstanding.appends.max = 128 (default)
2019-09-02 05:33:02,234 [97f08126-dcc5-4d94-ac0d-f9c75ceb76fd:group-9733FE70982D:LeaderElection61] INFO  grpc.GrpcConfigKeys$Server (ConfUtils.java:logGet(43)) - raft.grpc.server.leader.outstanding.appends.max = 128 (default)
2019-09-02 05:33:02,234 [057d0060-947b-42dc-a4e0-c40f5d11d24c:group-1D15FAEDB52B:LeaderElection60] INFO  server.RaftServerConfigKeys (ConfUtils.java:logGet(43)) - raft.server.rpc.request.timeout = 3000ms (default)
2019-09-02 05:33:02,234 [97f08126-dcc5-4d94-ac0d-f9c75ceb76fd:group-9733FE70982D:LeaderElection61] INFO  server.RaftServerConfigKeys (ConfUtils.java:logGet(43)) - raft.server.rpc.request.timeout = 3000ms (default)
2019-09-02 05:33:02,234 [057d0060-947b-42dc-a4e0-c40f5d11d24c:group-1D15FAEDB52B:LeaderElection60] INFO  server.RaftServerConfigKeys (ConfUtils.java:logGet(43)) - raft.server.log.appender.install.snapshot.enabled = false (custom)
2019-09-02 05:33:02,234 [97f08126-dcc5-4d94-ac0d-f9c75ceb76fd:group-9733FE70982D:LeaderElection61] INFO  server.RaftServerConfigKeys (ConfUtils.java:logGet(43)) - raft.server.log.appender.install.snapshot.enabled = false (custom)
2019-09-02 05:33:02,235 [057d0060-947b-42dc-a4e0-c40f5d11d24c:group-1D15FAEDB52B:LeaderElection60] INFO  impl.RoleInfo (RoleInfo.java:updateAndGet(143)) - 057d0060-947b-42dc-a4e0-c40f5d11d24c: start LeaderState
2019-09-02 05:33:02,235 [97f08126-dcc5-4d94-ac0d-f9c75ceb76fd:group-9733FE70982D:LeaderElection61] INFO  impl.RoleInfo (RoleInfo.java:updateAndGet(143)) - 97f08126-dcc5-4d94-ac0d-f9c75ceb76fd: start LeaderState
2019-09-02 05:33:02,235 [057d0060-947b-42dc-a4e0-c40f5d11d24c:group-1D15FAEDB52B:LeaderElection60] INFO  segmented.SegmentedRaftLogWorker (SegmentedRaftLogWorker.java:startLogSegment(380)) - 057d0060-947b-42dc-a4e0-c40f5d11d24c-SegmentedRaftLogWorker:Storage Directory /workdir/hadoop-ozone/integration-test/target/test-dir/MiniOzoneClusterImpl-2a832e96-29dd-4f29-9444-310fee0a410e/datanode-2/data/ratis/3a4f7152-127c-47f4-94cb-1d15faedb52b: Starting segment from index:0
2019-09-02 05:33:02,235 [97f08126-dcc5-4d94-ac0d-f9c75ceb76fd:group-9733FE70982D:LeaderElection61] INFO  segmented.SegmentedRaftLogWorker (SegmentedRaftLogWorker.java:startLogSegment(380)) - 97f08126-dcc5-4d94-ac0d-f9c75ceb76fd-SegmentedRaftLogWorker:Storage Directory /workdir/hadoop-ozone/integration-test/target/test-dir/MiniOzoneClusterImpl-2a832e96-29dd-4f29-9444-310fee0a410e/datanode-0/data/ratis/f866df2f-417d-43c7-bc42-9733fe70982d: Starting segment from index:0
2019-09-02 05:33:02,236 [057d0060-947b-42dc-a4e0-c40f5d11d24c:group-1D15FAEDB52B:LeaderElection60] INFO  impl.RaftServerImpl (ServerState.java:setRaftConf(361)) - 057d0060-947b-42dc-a4e0-c40f5d11d24c:group-1D15FAEDB52B set configuration 0: [6527f679-d3a1-40a5-bf72-2b9df3faf938:192.168.36.97:38848, 057d0060-947b-42dc-a4e0-c40f5d11d24c:192.168.36.97:35756, 67eaba4e-f747-41d5-a997-c067dc1992ac:192.168.36.97:40303], old=null at 0
2019-09-02 05:33:02,273 [97f08126-dcc5-4d94-ac0d-f9c75ceb76fd:group-9733FE70982D:LeaderElection61] INFO  impl.RaftServerImpl (ServerState.java:setRaftConf(361)) - 97f08126-dcc5-4d94-ac0d-f9c75ceb76fd:group-9733FE70982D set configuration 0: [2a49c038-d560-47fc-b4bd-56f44e6f5fc7:192.168.36.97:33664, 8d8094e5-0892-4a5d-835f-ac7a87dd3e0e:192.168.36.97:43276, 97f08126-dcc5-4d94-ac0d-f9c75ceb76fd:192.168.36.97:45351], old=null at 0
2019-09-02 05:33:02,274 [grpc-default-executor-9] INFO  impl.RaftServerImpl (ServerState.java:setLeader(263)) - 6527f679-d3a1-40a5-bf72-2b9df3faf938:group-1D15FAEDB52B change Leader from null to 057d0060-947b-42dc-a4e0-c40f5d11d24c at term 1 for appendEntries, leader elected after 5203ms
2019-09-02 05:33:02,277 [grpc-default-executor-9] INFO  impl.RaftServerImpl (ServerState.java:setLeader(263)) - 8d8094e5-0892-4a5d-835f-ac7a87dd3e0e:group-9733FE70982D change Leader from null to 97f08126-dcc5-4d94-ac0d-f9c75ceb76fd at term 1 for appendEntries, leader elected after 5124ms
2019-09-02 05:33:02,280 [grpc-default-executor-1] INFO  impl.RaftServerImpl (ServerState.java:setLeader(263)) - 2a49c038-d560-47fc-b4bd-56f44e6f5fc7:group-9733FE70982D change Leader from null to 97f08126-dcc5-4d94-ac0d-f9c75ceb76fd at term 1 for appendEntries, leader elected after 5127ms
2019-09-02 05:33:02,282 [grpc-default-executor-9] INFO  impl.RaftServerImpl (ServerState.java:setLeader(263)) - 67eaba4e-f747-41d5-a997-c067dc1992ac:group-1D15FAEDB52B change Leader from null to 057d0060-947b-42dc-a4e0-c40f5d11d24c at term 1 for appendEntries, leader elected after 5211ms
2019-09-02 05:33:02,284 [grpc-default-executor-9] INFO  impl.RaftServerImpl (ServerState.java:setRaftConf(361)) - 6527f679-d3a1-40a5-bf72-2b9df3faf938:group-1D15FAEDB52B set configuration 0: [6527f679-d3a1-40a5-bf72-2b9df3faf938:192.168.36.97:38848, 057d0060-947b-42dc-a4e0-c40f5d11d24c:192.168.36.97:35756, 67eaba4e-f747-41d5-a997-c067dc1992ac:192.168.36.97:40303], old=null at 0
2019-09-02 05:33:02,284 [grpc-default-executor-9] INFO  segmented.SegmentedRaftLogWorker (SegmentedRaftLogWorker.java:startLogSegment(380)) - 6527f679-d3a1-40a5-bf72-2b9df3faf938-SegmentedRaftLogWorker:Storage Directory /workdir/hadoop-ozone/integration-test/target/test-dir/MiniOzoneClusterImpl-2a832e96-29dd-4f29-9444-310fee0a410e/datanode-1/data/ratis/3a4f7152-127c-47f4-94cb-1d15faedb52b: Starting segment from index:0
2019-09-02 05:33:02,284 [grpc-default-executor-1] INFO  impl.RaftServerImpl (ServerState.java:setRaftConf(361)) - 2a49c038-d560-47fc-b4bd-56f44e6f5fc7:group-9733FE70982D set configuration 0: [2a49c038-d560-47fc-b4bd-56f44e6f5fc7:192.168.36.97:33664, 8d8094e5-0892-4a5d-835f-ac7a87dd3e0e:192.168.36.97:43276, 97f08126-dcc5-4d94-ac0d-f9c75ceb76fd:192.168.36.97:45351], old=null at 0
2019-09-02 05:33:02,286 [grpc-default-executor-9] INFO  impl.RaftServerImpl (ServerState.java:setRaftConf(361)) - 67eaba4e-f747-41d5-a997-c067dc1992ac:group-1D15FAEDB52B set configuration 0: [6527f679-d3a1-40a5-bf72-2b9df3faf938:192.168.36.97:38848, 057d0060-947b-42dc-a4e0-c40f5d11d24c:192.168.36.97:35756, 67eaba4e-f747-41d5-a997-c067dc1992ac:192.168.36.97:40303], old=null at 0
2019-09-02 05:33:02,286 [grpc-default-executor-1] INFO  segmented.SegmentedRaftLogWorker (SegmentedRaftLogWorker.java:startLogSegment(380)) - 2a49c038-d560-47fc-b4bd-56f44e6f5fc7-SegmentedRaftLogWorker:Storage Directory /workdir/hadoop-ozone/integration-test/target/test-dir/MiniOzoneClusterImpl-2a832e96-29dd-4f29-9444-310fee0a410e/datanode-3/data/ratis/f866df2f-417d-43c7-bc42-9733fe70982d: Starting segment from index:0
2019-09-02 05:33:02,284 [057d0060-947b-42dc-a4e0-c40f5d11d24c-SegmentedRaftLogWorker:Storage Directory /workdir/hadoop-ozone/integration-test/target/test-dir/MiniOzoneClusterImpl-2a832e96-29dd-4f29-9444-310fee0a410e/datanode-2/data/ratis/3a4f7152-127c-47f4-94cb-1d15faedb52b] INFO  segmented.SegmentedRaftLogWorker (SegmentedRaftLogWorker.java:execute(569)) - 057d0060-947b-42dc-a4e0-c40f5d11d24c-SegmentedRaftLogWorker:Storage Directory /workdir/hadoop-ozone/integration-test/target/test-dir/MiniOzoneClusterImpl-2a832e96-29dd-4f29-9444-310fee0a410e/datanode-2/data/ratis/3a4f7152-127c-47f4-94cb-1d15faedb52b: created new log segment /workdir/hadoop-ozone/integration-test/target/test-dir/MiniOzoneClusterImpl-2a832e96-29dd-4f29-9444-310fee0a410e/datanode-2/data/ratis/3a4f7152-127c-47f4-94cb-1d15faedb52b/current/log_inprogress_0
2019-09-02 05:33:02,284 [97f08126-dcc5-4d94-ac0d-f9c75ceb76fd-SegmentedRaftLogWorker:Storage Directory /workdir/hadoop-ozone/integration-test/target/test-dir/MiniOzoneClusterImpl-2a832e96-29dd-4f29-9444-310fee0a410e/datanode-0/data/ratis/f866df2f-417d-43c7-bc42-9733fe70982d] INFO  segmented.SegmentedRaftLogWorker (SegmentedRaftLogWorker.java:execute(569)) - 97f08126-dcc5-4d94-ac0d-f9c75ceb76fd-SegmentedRaftLogWorker:Storage Directory /workdir/hadoop-ozone/integration-test/target/test-dir/MiniOzoneClusterImpl-2a832e96-29dd-4f29-9444-310fee0a410e/datanode-0/data/ratis/f866df2f-417d-43c7-bc42-9733fe70982d: created new log segment /workdir/hadoop-ozone/integration-test/target/test-dir/MiniOzoneClusterImpl-2a832e96-29dd-4f29-9444-310fee0a410e/datanode-0/data/ratis/f866df2f-417d-43c7-bc42-9733fe70982d/current/log_inprogress_0
2019-09-02 05:33:02,286 [grpc-default-executor-10] INFO  impl.RaftServerImpl (ServerState.java:setRaftConf(361)) - 8d8094e5-0892-4a5d-835f-ac7a87dd3e0e:group-9733FE70982D set configuration 0: [2a49c038-d560-47fc-b4bd-56f44e6f5fc7:192.168.36.97:33664, 8d8094e5-0892-4a5d-835f-ac7a87dd3e0e:192.168.36.97:43276, 97f08126-dcc5-4d94-ac0d-f9c75ceb76fd:192.168.36.97:45351], old=null at 0
2019-09-02 05:33:02,286 [grpc-default-executor-9] INFO  segmented.SegmentedRaftLogWorker (SegmentedRaftLogWorker.java:startLogSegment(380)) - 67eaba4e-f747-41d5-a997-c067dc1992ac-SegmentedRaftLogWorker:Storage Directory /workdir/hadoop-ozone/integration-test/target/test-dir/MiniOzoneClusterImpl-2a832e96-29dd-4f29-9444-310fee0a410e/datanode-5/data/ratis/3a4f7152-127c-47f4-94cb-1d15faedb52b: Starting segment from index:0
2019-09-02 05:33:02,287 [grpc-default-executor-10] INFO  segmented.SegmentedRaftLogWorker (SegmentedRaftLogWorker.java:startLogSegment(380)) - 8d8094e5-0892-4a5d-835f-ac7a87dd3e0e-SegmentedRaftLogWorker:Storage Directory /workdir/hadoop-ozone/integration-test/target/test-dir/MiniOzoneClusterImpl-2a832e96-29dd-4f29-9444-310fee0a410e/datanode-6/data/ratis/f866df2f-417d-43c7-bc42-9733fe70982d: Starting segment from index:0
2019-09-02 05:33:02,351 [67eaba4e-f747-41d5-a997-c067dc1992ac-SegmentedRaftLogWorker:Storage Directory /workdir/hadoop-ozone/integration-test/target/test-dir/MiniOzoneClusterImpl-2a832e96-29dd-4f29-9444-310fee0a410e/datanode-5/data/ratis/3a4f7152-127c-47f4-94cb-1d15faedb52b] INFO  segmented.SegmentedRaftLogWorker (SegmentedRaftLogWorker.java:execute(569)) - 67eaba4e-f747-41d5-a997-c067dc1992ac-SegmentedRaftLogWorker:Storage Directory /workdir/hadoop-ozone/integration-test/target/test-dir/MiniOzoneClusterImpl-2a832e96-29dd-4f29-9444-310fee0a410e/datanode-5/data/ratis/3a4f7152-127c-47f4-94cb-1d15faedb52b: created new log segment /workdir/hadoop-ozone/integration-test/target/test-dir/MiniOzoneClusterImpl-2a832e96-29dd-4f29-9444-310fee0a410e/datanode-5/data/ratis/3a4f7152-127c-47f4-94cb-1d15faedb52b/current/log_inprogress_0
2019-09-02 05:33:02,351 [8d8094e5-0892-4a5d-835f-ac7a87dd3e0e-SegmentedRaftLogWorker:Storage Directory /workdir/hadoop-ozone/integration-test/target/test-dir/MiniOzoneClusterImpl-2a832e96-29dd-4f29-9444-310fee0a410e/datanode-6/data/ratis/f866df2f-417d-43c7-bc42-9733fe70982d] INFO  segmented.SegmentedRaftLogWorker (SegmentedRaftLogWorker.java:execute(569)) - 8d8094e5-0892-4a5d-835f-ac7a87dd3e0e-SegmentedRaftLogWorker:Storage Directory /workdir/hadoop-ozone/integration-test/target/test-dir/MiniOzoneClusterImpl-2a832e96-29dd-4f29-9444-310fee0a410e/datanode-6/data/ratis/f866df2f-417d-43c7-bc42-9733fe70982d: created new log segment /workdir/hadoop-ozone/integration-test/target/test-dir/MiniOzoneClusterImpl-2a832e96-29dd-4f29-9444-310fee0a410e/datanode-6/data/ratis/f866df2f-417d-43c7-bc42-9733fe70982d/current/log_inprogress_0
2019-09-02 05:33:02,351 [2a49c038-d560-47fc-b4bd-56f44e6f5fc7-SegmentedRaftLogWorker:Storage Directory /workdir/hadoop-ozone/integration-test/target/test-dir/MiniOzoneClusterImpl-2a832e96-29dd-4f29-9444-310fee0a410e/datanode-3/data/ratis/f866df2f-417d-43c7-bc42-9733fe70982d] INFO  segmented.SegmentedRaftLogWorker (SegmentedRaftLogWorker.java:execute(569)) - 2a49c038-d560-47fc-b4bd-56f44e6f5fc7-SegmentedRaftLogWorker:Storage Directory /workdir/hadoop-ozone/integration-test/target/test-dir/MiniOzoneClusterImpl-2a832e96-29dd-4f29-9444-310fee0a410e/datanode-3/data/ratis/f866df2f-417d-43c7-bc42-9733fe70982d: created new log segment /workdir/hadoop-ozone/integration-test/target/test-dir/MiniOzoneClusterImpl-2a832e96-29dd-4f29-9444-310fee0a410e/datanode-3/data/ratis/f866df2f-417d-43c7-bc42-9733fe70982d/current/log_inprogress_0
2019-09-02 05:33:02,351 [6527f679-d3a1-40a5-bf72-2b9df3faf938-SegmentedRaftLogWorker:Storage Directory /workdir/hadoop-ozone/integration-test/target/test-dir/MiniOzoneClusterImpl-2a832e96-29dd-4f29-9444-310fee0a410e/datanode-1/data/ratis/3a4f7152-127c-47f4-94cb-1d15faedb52b] INFO  segmented.SegmentedRaftLogWorker (SegmentedRaftLogWorker.java:execute(569)) - 6527f679-d3a1-40a5-bf72-2b9df3faf938-SegmentedRaftLogWorker:Storage Directory /workdir/hadoop-ozone/integration-test/target/test-dir/MiniOzoneClusterImpl-2a832e96-29dd-4f29-9444-310fee0a410e/datanode-1/data/ratis/3a4f7152-127c-47f4-94cb-1d15faedb52b: created new log segment /workdir/hadoop-ozone/integration-test/target/test-dir/MiniOzoneClusterImpl-2a832e96-29dd-4f29-9444-310fee0a410e/datanode-1/data/ratis/3a4f7152-127c-47f4-94cb-1d15faedb52b/current/log_inprogress_0
2019-09-02 05:33:03,124 [grpc-default-executor-9] INFO  client.GrpcClientProtocolClient (GrpcClientProtocolClient.java:onNext(255)) - client-370B164DE873->8d8094e5-0892-4a5d-835f-ac7a87dd3e0e: receive RaftClientReply:client-370B164DE873->8d8094e5-0892-4a5d-835f-ac7a87dd3e0e@group-9733FE70982D, cid=175, FAILED org.apache.ratis.protocol.NotLeaderException: Server 8d8094e5-0892-4a5d-835f-ac7a87dd3e0e is not the leader (97f08126-dcc5-4d94-ac0d-f9c75ceb76fd:192.168.36.97:45351). Request must be sent to leader., logIndex=0, commits[8d8094e5-0892-4a5d-835f-ac7a87dd3e0e:c-1, 2a49c038-d560-47fc-b4bd-56f44e6f5fc7:c-1, 97f08126-dcc5-4d94-ac0d-f9c75ceb76fd:c-1]
2019-09-02 05:33:03,288 [grpc-default-executor-9] INFO  client.GrpcClientProtocolClient (GrpcClientProtocolClient.java:onNext(255)) - client-370B164DE873->97f08126-dcc5-4d94-ac0d-f9c75ceb76fd: receive RaftClientReply:client-370B164DE873->97f08126-dcc5-4d94-ac0d-f9c75ceb76fd@group-9733FE70982D, cid=175, SUCCESS, logIndex=1, commits[97f08126-dcc5-4d94-ac0d-f9c75ceb76fd:c1, 2a49c038-d560-47fc-b4bd-56f44e6f5fc7:c0, 8d8094e5-0892-4a5d-835f-ac7a87dd3e0e:c0]
2019-09-02 05:33:03,300 [grpc-default-executor-9] INFO  client.GrpcClientProtocolClient (GrpcClientProtocolClient.java:onNext(255)) - client-370B164DE873->97f08126-dcc5-4d94-ac0d-f9c75ceb76fd: receive RaftClientReply:client-370B164DE873->97f08126-dcc5-4d94-ac0d-f9c75ceb76fd@group-9733FE70982D, cid=176, SUCCESS, logIndex=3, commits[97f08126-dcc5-4d94-ac0d-f9c75ceb76fd:c4, 2a49c038-d560-47fc-b4bd-56f44e6f5fc7:c1, 8d8094e5-0892-4a5d-835f-ac7a87dd3e0e:c1]
2019-09-02 05:33:03,353 [grpc-default-executor-7] INFO  client.GrpcClientProtocolClient (GrpcClientProtocolClient.java:onNext(255)) - client-370B164DE873->97f08126-dcc5-4d94-ac0d-f9c75ceb76fd: receive RaftClientReply:client-370B164DE873->97f08126-dcc5-4d94-ac0d-f9c75ceb76fd@group-9733FE70982D, cid=177, SUCCESS, logIndex=4, commits[97f08126-dcc5-4d94-ac0d-f9c75ceb76fd:c12, 2a49c038-d560-47fc-b4bd-56f44e6f5fc7:c7, 8d8094e5-0892-4a5d-835f-ac7a87dd3e0e:c7]
2019-09-02 05:33:03,354 [grpc-default-executor-7] INFO  client.GrpcClientProtocolClient (GrpcClientProtocolClient.java:onNext(255)) - client-370B164DE873->97f08126-dcc5-4d94-ac0d-f9c75ceb76fd: receive RaftClientReply:client-370B164DE873->97f08126-dcc5-4d94-ac0d-f9c75ceb76fd@group-9733FE70982D, cid=178, SUCCESS, logIndex=5, commits[97f08126-dcc5-4d94-ac0d-f9c75ceb76fd:c12, 2a49c038-d560-47fc-b4bd-56f44e6f5fc7:c7, 8d8094e5-0892-4a5d-835f-ac7a87dd3e0e:c7]
2019-09-02 05:33:03,355 [grpc-default-executor-7] INFO  client.GrpcClientProtocolClient (GrpcClientProtocolClient.java:onNext(255)) - client-370B164DE873->97f08126-dcc5-4d94-ac0d-f9c75ceb76fd: receive RaftClientReply:client-370B164DE873->97f08126-dcc5-4d94-ac0d-f9c75ceb76fd@group-9733FE70982D, cid=179, SUCCESS, logIndex=6, commits[97f08126-dcc5-4d94-ac0d-f9c75ceb76fd:c12, 2a49c038-d560-47fc-b4bd-56f44e6f5fc7:c7, 8d8094e5-0892-4a5d-835f-ac7a87dd3e0e:c7]
2019-09-02 05:33:03,489 [grpc-default-executor-7] INFO  client.GrpcClientProtocolClient (GrpcClientProtocolClient.java:onNext(255)) - client-370B164DE873->97f08126-dcc5-4d94-ac0d-f9c75ceb76fd: receive RaftClientReply:client-370B164DE873->97f08126-dcc5-4d94-ac0d-f9c75ceb76fd@group-9733FE70982D, cid=180, SUCCESS, logIndex=7, commits[97f08126-dcc5-4d94-ac0d-f9c75ceb76fd:c12, 2a49c038-d560-47fc-b4bd-56f44e6f5fc7:c7, 8d8094e5-0892-4a5d-835f-ac7a87dd3e0e:c7]
2019-09-02 05:33:03,507 [grpc-default-executor-10] INFO  client.GrpcClientProtocolClient (GrpcClientProtocolClient.java:onNext(255)) - client-370B164DE873->97f08126-dcc5-4d94-ac0d-f9c75ceb76fd: receive RaftClientReply:client-370B164DE873->97f08126-dcc5-4d94-ac0d-f9c75ceb76fd@group-9733FE70982D, cid=181, SUCCESS, logIndex=13, commits[97f08126-dcc5-4d94-ac0d-f9c75ceb76fd:c14, 2a49c038-d560-47fc-b4bd-56f44e6f5fc7:c12, 8d8094e5-0892-4a5d-835f-ac7a87dd3e0e:c12]
2019-09-02 05:33:03,508 [grpc-default-executor-10] INFO  client.GrpcClientProtocolClient (GrpcClientProtocolClient.java:onNext(255)) - client-370B164DE873->97f08126-dcc5-4d94-ac0d-f9c75ceb76fd: receive RaftClientReply:client-370B164DE873->97f08126-dcc5-4d94-ac0d-f9c75ceb76fd@group-9733FE70982D, cid=182, SUCCESS, logIndex=14, commits[97f08126-dcc5-4d94-ac0d-f9c75ceb76fd:c14, 2a49c038-d560-47fc-b4bd-56f44e6f5fc7:c12, 8d8094e5-0892-4a5d-835f-ac7a87dd3e0e:c12]
2019-09-02 05:33:03,528 [grpc-default-executor-10] INFO  client.GrpcClientProtocolClient (GrpcClientProtocolClient.java:onNext(255)) - client-370B164DE873->97f08126-dcc5-4d94-ac0d-f9c75ceb76fd: receive RaftClientReply:client-370B164DE873->97f08126-dcc5-4d94-ac0d-f9c75ceb76fd@group-9733FE70982D, cid=183, SUCCESS, logIndex=0, commits[97f08126-dcc5-4d94-ac0d-f9c75ceb76fd:c15, 2a49c038-d560-47fc-b4bd-56f44e6f5fc7:c14, 8d8094e5-0892-4a5d-835f-ac7a87dd3e0e:c14]
2019-09-02 05:33:04,268 [Datanode State Machine Thread - 0] INFO  statemachine.DatanodeStateMachine (DatanodeStateMachine.java:lambda$startDaemon$0(350)) - Ozone container server started.
2019-09-02 05:33:08,280 [EventQueue-StaleNodeForStaleNodeHandler] INFO  node.StaleNodeHandler (StaleNodeHandler.java:onMessage(58)) - Datanode 97f08126-dcc5-4d94-ac0d-f9c75ceb76fd{ip: 192.168.36.97, host: trunk-nightly-20190902-fsht6-3309735379, networkLocation: /default-rack, certSerialId: null} moved to stale state. Finalizing its pipelines [PipelineID=cd77e545-ce21-403d-9a3e-3434c7cc66bc, PipelineID=f866df2f-417d-43c7-bc42-9733fe70982d]
2019-09-02 05:33:08,281 [EventQueue-StaleNodeForStaleNodeHandler] INFO  pipeline.SCMPipelineManager (SCMPipelineManager.java:finalizeAndDestroyPipeline(309)) - destroying pipeline:Pipeline[ Id: cd77e545-ce21-403d-9a3e-3434c7cc66bc, Nodes: 97f08126-dcc5-4d94-ac0d-f9c75ceb76fd{ip: 192.168.36.97, host: trunk-nightly-20190902-fsht6-3309735379, networkLocation: /default-rack, certSerialId: null}, Type:RATIS, Factor:ONE, State:OPEN]
2019-09-02 05:33:08,281 [EventQueue-StaleNodeForStaleNodeHandler] INFO  pipeline.PipelineStateManager (PipelineStateManager.java:finalizePipeline(123)) - Pipeline Pipeline[ Id: cd77e545-ce21-403d-9a3e-3434c7cc66bc, Nodes: 97f08126-dcc5-4d94-ac0d-f9c75ceb76fd{ip: 192.168.36.97, host: trunk-nightly-20190902-fsht6-3309735379, networkLocation: /default-rack, certSerialId: null}, Type:RATIS, Factor:ONE, State:CLOSED] moved to CLOSED state
2019-09-02 05:33:08,281 [EventQueue-StaleNodeForStaleNodeHandler] INFO  pipeline.SCMPipelineManager (SCMPipelineManager.java:finalizeAndDestroyPipeline(309)) - destroying pipeline:Pipeline[ Id: f866df2f-417d-43c7-bc42-9733fe70982d, Nodes: 97f08126-dcc5-4d94-ac0d-f9c75ceb76fd{ip: 192.168.36.97, host: trunk-nightly-20190902-fsht6-3309735379, networkLocation: /default-rack, certSerialId: null}2a49c038-d560-47fc-b4bd-56f44e6f5fc7{ip: 192.168.36.97, host: trunk-nightly-20190902-fsht6-3309735379, networkLocation: /default-rack, certSerialId: null}8d8094e5-0892-4a5d-835f-ac7a87dd3e0e{ip: 192.168.36.97, host: trunk-nightly-20190902-fsht6-3309735379, networkLocation: /default-rack, certSerialId: null}, Type:RATIS, Factor:THREE, State:OPEN]
2019-09-02 05:33:08,282 [EventQueue-StaleNodeForStaleNodeHandler] INFO  pipeline.PipelineStateManager (PipelineStateManager.java:finalizePipeline(123)) - Pipeline Pipeline[ Id: f866df2f-417d-43c7-bc42-9733fe70982d, Nodes: 97f08126-dcc5-4d94-ac0d-f9c75ceb76fd{ip: 192.168.36.97, host: trunk-nightly-20190902-fsht6-3309735379, networkLocation: /default-rack, certSerialId: null}2a49c038-d560-47fc-b4bd-56f44e6f5fc7{ip: 192.168.36.97, host: trunk-nightly-20190902-fsht6-3309735379, networkLocation: /default-rack, certSerialId: null}8d8094e5-0892-4a5d-835f-ac7a87dd3e0e{ip: 192.168.36.97, host: trunk-nightly-20190902-fsht6-3309735379, networkLocation: /default-rack, certSerialId: null}, Type:RATIS, Factor:THREE, State:CLOSED] moved to CLOSED state
2019-09-02 05:33:08,282 [EventQueue-CloseContainerForCloseContainerEventHandler] INFO  container.CloseContainerEventHandler (CloseContainerEventHandler.java:onMessage(61)) - Close container Event triggered for container : #1
2019-09-02 05:33:08,530 [main] INFO  ozoneimpl.OzoneContainer (OzoneContainer.java:stop(215)) - Attempting to stop container services.
2019-09-02 05:33:08,530 [main] INFO  impl.RaftServerProxy (RaftServerProxy.java:lambda$close$4(314)) - 97f08126-dcc5-4d94-ac0d-f9c75ceb76fd: close
2019-09-02 05:33:08,531 [main] INFO  impl.RaftServerImpl (RaftServerImpl.java:lambda$shutdown$3(245)) - 97f08126-dcc5-4d94-ac0d-f9c75ceb76fd: shutdown group-3434C7CC66BC
2019-09-02 05:33:08,532 [main] INFO  util.JmxRegister (JmxRegister.java:unregister(73)) - Successfully un-registered JMX Bean with object name Ratis:service=RaftServer,group=group-3434C7CC66BC,id=97f08126-dcc5-4d94-ac0d-f9c75ceb76fd
2019-09-02 05:33:08,532 [main] INFO  impl.RoleInfo (RoleInfo.java:shutdownLeaderState(104)) - 97f08126-dcc5-4d94-ac0d-f9c75ceb76fd: shutdown LeaderState
2019-09-02 05:33:08,533 [main] INFO  impl.PendingRequests (PendingRequests.java:sendNotLeaderResponses(202)) - 97f08126-dcc5-4d94-ac0d-f9c75ceb76fd-PendingRequests: sendNotLeaderResponses
2019-09-02 05:33:08,533 [ForkJoinPool.commonPool-worker-0] INFO  impl.RaftServerImpl (RaftServerImpl.java:lambda$shutdown$3(245)) - 97f08126-dcc5-4d94-ac0d-f9c75ceb76fd: shutdown group-9733FE70982D
2019-09-02 05:33:08,533 [ForkJoinPool.commonPool-worker-0] INFO  util.JmxRegister (JmxRegister.java:unregister(73)) - Successfully un-registered JMX Bean with object name Ratis:service=RaftServer,group=group-9733FE70982D,id=97f08126-dcc5-4d94-ac0d-f9c75ceb76fd
2019-09-02 05:33:08,533 [ForkJoinPool.commonPool-worker-0] INFO  impl.RoleInfo (RoleInfo.java:shutdownLeaderState(104)) - 97f08126-dcc5-4d94-ac0d-f9c75ceb76fd: shutdown LeaderState
2019-09-02 05:33:08,533 [main] INFO  impl.StateMachineUpdater (StateMachineUpdater.java:stopAndJoin(115)) - StateMachineUpdater:97f08126-dcc5-4d94-ac0d-f9c75ceb76fd:group-3434C7CC66BC: set stopIndex = 0
2019-09-02 05:33:08,539 [main] INFO  impl.RaftServerImpl (ServerState.java:close(394)) - 97f08126-dcc5-4d94-ac0d-f9c75ceb76fd:group-3434C7CC66BC closes. The last applied log index is 0
2019-09-02 05:33:08,538 [org.apache.ratis.server.impl.LogAppender$AppenderDaemon$$Lambda$480/1300052904@564f514b] WARN  server.GrpcLogAppender (GrpcLogAppender.java:mayWait(143)) - GrpcLogAppender(97f08126-dcc5-4d94-ac0d-f9c75ceb76fd->2a49c038-d560-47fc-b4bd-56f44e6f5fc7): Wait interrupted by java.lang.InterruptedException
2019-09-02 05:33:08,539 [97f08126-dcc5-4d94-ac0d-f9c75ceb76fd-SegmentedRaftLogWorker:Storage Directory /workdir/hadoop-ozone/integration-test/target/test-dir/MiniOzoneClusterImpl-2a832e96-29dd-4f29-9444-310fee0a410e/datanode-0/data/ratis/cd77e545-ce21-403d-9a3e-3434c7cc66bc] INFO  segmented.SegmentedRaftLogWorker (SegmentedRaftLogWorker.java:run(313)) - 97f08126-dcc5-4d94-ac0d-f9c75ceb76fd-SegmentedRaftLogWorker:Storage Directory /workdir/hadoop-ozone/integration-test/target/test-dir/MiniOzoneClusterImpl-2a832e96-29dd-4f29-9444-310fee0a410e/datanode-0/data/ratis/cd77e545-ce21-403d-9a3e-3434c7cc66bc was interrupted, exiting. There are 0 tasks remaining in the queue.
2019-09-02 05:33:08,538 [org.apache.ratis.server.impl.LogAppender$AppenderDaemon$$Lambda$480/1300052904@134dd5e6] WARN  server.GrpcLogAppender (GrpcLogAppender.java:mayWait(143)) - GrpcLogAppender(97f08126-dcc5-4d94-ac0d-f9c75ceb76fd->8d8094e5-0892-4a5d-835f-ac7a87dd3e0e): Wait interrupted by java.lang.InterruptedException
2019-09-02 05:33:08,541 [grpc-default-executor-7] INFO  server.GrpcServerProtocolService (GrpcServerProtocolService.java:onCompleted(104)) - 2a49c038-d560-47fc-b4bd-56f44e6f5fc7: appendEntries completed
2019-09-02 05:33:08,538 [ForkJoinPool.commonPool-worker-0] INFO  impl.PendingRequests (PendingRequests.java:sendNotLeaderResponses(202)) - 97f08126-dcc5-4d94-ac0d-f9c75ceb76fd-PendingRequests: sendNotLeaderResponses
2019-09-02 05:33:08,541 [grpc-default-executor-7] INFO  server.GrpcServerProtocolService (GrpcServerProtocolService.java:onCompleted(104)) - 8d8094e5-0892-4a5d-835f-ac7a87dd3e0e: appendEntries completed
2019-09-02 05:33:08,541 [main] INFO  segmented.SegmentedRaftLogWorker (SegmentedRaftLogWorker.java:close(228)) - 97f08126-dcc5-4d94-ac0d-f9c75ceb76fd-SegmentedRaftLogWorker:Storage Directory /workdir/hadoop-ozone/integration-test/target/test-dir/MiniOzoneClusterImpl-2a832e96-29dd-4f29-9444-310fee0a410e/datanode-0/data/ratis/cd77e545-ce21-403d-9a3e-3434c7cc66bc close()
2019-09-02 05:33:08,551 [StateMachineUpdater:97f08126-dcc5-4d94-ac0d-f9c75ceb76fd:group-9733FE70982D] INFO  ratis.ContainerStateMachine (ContainerStateMachine.java:takeSnapshot(284)) - group-9733FE70982D: Taking a snapshot at:(t:1, i:14) file /workdir/hadoop-ozone/integration-test/target/test-dir/MiniOzoneClusterImpl-2a832e96-29dd-4f29-9444-310fee0a410e/datanode-0/data/ratis/f866df2f-417d-43c7-bc42-9733fe70982d/sm/snapshot.1_14
2019-09-02 05:33:08,551 [ForkJoinPool.commonPool-worker-0] INFO  impl.StateMachineUpdater (StateMachineUpdater.java:stopAndJoin(115)) - StateMachineUpdater:97f08126-dcc5-4d94-ac0d-f9c75ceb76fd:group-9733FE70982D: set stopIndex = 16
2019-09-02 05:33:08,551 [grpc-default-executor-10] INFO  server.GrpcLogAppender (GrpcLogAppender.java:onCompleted(292)) - 97f08126-dcc5-4d94-ac0d-f9c75ceb76fd->2a49c038-d560-47fc-b4bd-56f44e6f5fc7: follower responses appendEntries COMPLETED
2019-09-02 05:33:08,554 [grpc-default-executor-7] INFO  server.GrpcLogAppender (GrpcLogAppender.java:onCompleted(292)) - 97f08126-dcc5-4d94-ac0d-f9c75ceb76fd->8d8094e5-0892-4a5d-835f-ac7a87dd3e0e: follower responses appendEntries COMPLETED
2019-09-02 05:33:08,554 [grpc-default-executor-10] INFO  impl.FollowerInfo (FollowerInfo.java:lambda$new$0(50)) - 97f08126-dcc5-4d94-ac0d-f9c75ceb76fd->2a49c038-d560-47fc-b4bd-56f44e6f5fc7: nextIndex: updateUnconditionally 17 -> 16
2019-09-02 05:33:08,555 [grpc-default-executor-7] INFO  impl.FollowerInfo (FollowerInfo.java:lambda$new$0(50)) - 97f08126-dcc5-4d94-ac0d-f9c75ceb76fd->8d8094e5-0892-4a5d-835f-ac7a87dd3e0e: nextIndex: updateUnconditionally 17 -> 16
2019-09-02 05:33:08,572 [StateMachineUpdater:97f08126-dcc5-4d94-ac0d-f9c75ceb76fd:group-9733FE70982D] INFO  ratis.ContainerStateMachine (ContainerStateMachine.java:takeSnapshot(295)) - group-9733FE70982D: Finished taking a snapshot at:(t:1, i:14) file:/workdir/hadoop-ozone/integration-test/target/test-dir/MiniOzoneClusterImpl-2a832e96-29dd-4f29-9444-310fee0a410e/datanode-0/data/ratis/f866df2f-417d-43c7-bc42-9733fe70982d/sm/snapshot.1_14 time:21
2019-09-02 05:33:08,572 [StateMachineUpdater:97f08126-dcc5-4d94-ac0d-f9c75ceb76fd:group-9733FE70982D] INFO  impl.StateMachineUpdater (StateMachineUpdater.java:takeSnapshot(242)) - StateMachineUpdater:97f08126-dcc5-4d94-ac0d-f9c75ceb76fd:group-9733FE70982D: Took a snapshot at index 14
2019-09-02 05:33:08,572 [StateMachineUpdater:97f08126-dcc5-4d94-ac0d-f9c75ceb76fd:group-9733FE70982D] INFO  impl.StateMachineUpdater (StateMachineUpdater.java:lambda$new$0(80)) - StateMachineUpdater:97f08126-dcc5-4d94-ac0d-f9c75ceb76fd:group-9733FE70982D: snapshotIndex: updateIncreasingly -1 -> 14
2019-09-02 05:33:08,572 [ForkJoinPool.commonPool-worker-0] INFO  impl.RaftServerImpl (ServerState.java:close(394)) - 97f08126-dcc5-4d94-ac0d-f9c75ceb76fd:group-9733FE70982D closes. The last applied log index is 16
2019-09-02 05:33:08,573 [97f08126-dcc5-4d94-ac0d-f9c75ceb76fd-SegmentedRaftLogWorker:Storage Directory /workdir/hadoop-ozone/integration-test/target/test-dir/MiniOzoneClusterImpl-2a832e96-29dd-4f29-9444-310fee0a410e/datanode-0/data/ratis/f866df2f-417d-43c7-bc42-9733fe70982d] INFO  segmented.SegmentedRaftLogWorker (SegmentedRaftLogWorker.java:run(313)) - 97f08126-dcc5-4d94-ac0d-f9c75ceb76fd-SegmentedRaftLogWorker:Storage Directory /workdir/hadoop-ozone/integration-test/target/test-dir/MiniOzoneClusterImpl-2a832e96-29dd-4f29-9444-310fee0a410e/datanode-0/data/ratis/f866df2f-417d-43c7-bc42-9733fe70982d was interrupted, exiting. There are 0 tasks remaining in the queue.
2019-09-02 05:33:08,574 [ForkJoinPool.commonPool-worker-0] INFO  segmented.SegmentedRaftLogWorker (SegmentedRaftLogWorker.java:close(228)) - 97f08126-dcc5-4d94-ac0d-f9c75ceb76fd-SegmentedRaftLogWorker:Storage Directory /workdir/hadoop-ozone/integration-test/target/test-dir/MiniOzoneClusterImpl-2a832e96-29dd-4f29-9444-310fee0a410e/datanode-0/data/ratis/f866df2f-417d-43c7-bc42-9733fe70982d close()
2019-09-02 05:33:08,577 [main] INFO  server.GrpcService (GrpcService.java:closeImpl(155)) - 97f08126-dcc5-4d94-ac0d-f9c75ceb76fd: shutdown server with port 45351 now
2019-09-02 05:33:08,578 [grpc-default-executor-10] WARN  client.GrpcClientProtocolService (LogUtils.java:warn(134)) - 4-UnorderedRequestStreamObserver4: onError: org.apache.ratis.thirdparty.io.grpc.StatusRuntimeException: CANCELLED: cancelled before receiving half close
2019-09-02 05:33:08,578 [main] INFO  server.GrpcService (GrpcService.java:closeImpl(163)) - 97f08126-dcc5-4d94-ac0d-f9c75ceb76fd: shutdown server with port 45351 successfully
2019-09-02 05:33:08,579 [refreshUsed-/workdir/hadoop-ozone/integration-test/target/test-dir/MiniOzoneClusterImpl-2a832e96-29dd-4f29-9444-310fee0a410e/datanode-0/data/containers] WARN  fs.CachingGetSpaceUsed (CachingGetSpaceUsed.java:run(183)) - Thread Interrupted waiting to refresh disk information: sleep interrupted
2019-09-02 05:33:08,591 [main] INFO  utils.BackgroundService (BackgroundService.java:shutdown(148)) - Shutting down service BlockDeletingService
2019-09-02 05:33:08,595 [main] INFO  statemachine.DatanodeStateMachine (DatanodeStateMachine.java:stopDaemon(395)) - Ozone container server stopped.
2019-09-02 05:33:08,596 [main] INFO  handler.ContextHandler (ContextHandler.java:doStop(910)) - Stopped o.e.j.w.WebAppContext@5c8d58ed{/,null,UNAVAILABLE}{/hddsDatanode}
2019-09-02 05:33:08,596 [main] INFO  server.AbstractConnector (AbstractConnector.java:doStop(318)) - Stopped ServerConnector@6a567f7b{HTTP/1.1,[http/1.1]}{0.0.0.0:0}
2019-09-02 05:33:08,597 [main] INFO  handler.ContextHandler (ContextHandler.java:doStop(910)) - Stopped o.e.j.s.ServletContextHandler@515ab3f2{/static,jar:file:/home/user/.m2/repository/org/apache/hadoop/hadoop-hdds-container-service/0.5.0-SNAPSHOT/hadoop-hdds-container-service-0.5.0-SNAPSHOT.jar!/webapps/static,UNAVAILABLE}
2019-09-02 05:33:08,597 [main] INFO  handler.ContextHandler (ContextHandler.java:doStop(910)) - Stopped o.e.j.s.ServletContextHandler@5438fa43{/logs,file:///workdir/hadoop-ozone/integration-test/target/log,UNAVAILABLE}
2019-09-02 05:33:10,613 [grpc-default-executor-9] INFO  client.GrpcClientProtocolClient (GrpcClientProtocolClient.java:onNext(255)) - client-370B164DE873->8d8094e5-0892-4a5d-835f-ac7a87dd3e0e: receive RaftClientReply:client-370B164DE873->8d8094e5-0892-4a5d-835f-ac7a87dd3e0e@group-9733FE70982D, cid=184, FAILED org.apache.ratis.protocol.NotLeaderException: Server 8d8094e5-0892-4a5d-835f-ac7a87dd3e0e is not the leader (97f08126-dcc5-4d94-ac0d-f9c75ceb76fd:192.168.36.97:45351). Request must be sent to leader., logIndex=0, commits[8d8094e5-0892-4a5d-835f-ac7a87dd3e0e:c16, 2a49c038-d560-47fc-b4bd-56f44e6f5fc7:c16, 97f08126-dcc5-4d94-ac0d-f9c75ceb76fd:c16]
2019-09-02 05:33:11,629 [grpc-default-executor-7] INFO  client.GrpcClientProtocolClient (GrpcClientProtocolClient.java:onNext(255)) - client-370B164DE873->8d8094e5-0892-4a5d-835f-ac7a87dd3e0e: receive RaftClientReply:client-370B164DE873->8d8094e5-0892-4a5d-835f-ac7a87dd3e0e@group-9733FE70982D, cid=184, FAILED org.apache.ratis.protocol.NotLeaderException: Server 8d8094e5-0892-4a5d-835f-ac7a87dd3e0e is not the leader (97f08126-dcc5-4d94-ac0d-f9c75ceb76fd:192.168.36.97:45351). Request must be sent to leader., logIndex=0, commits[8d8094e5-0892-4a5d-835f-ac7a87dd3e0e:c16, 2a49c038-d560-47fc-b4bd-56f44e6f5fc7:c16, 97f08126-dcc5-4d94-ac0d-f9c75ceb76fd:c16]
2019-09-02 05:33:12,650 [grpc-default-executor-7] INFO  client.GrpcClientProtocolClient (GrpcClientProtocolClient.java:onNext(255)) - client-370B164DE873->2a49c038-d560-47fc-b4bd-56f44e6f5fc7: receive RaftClientReply:client-370B164DE873->2a49c038-d560-47fc-b4bd-56f44e6f5fc7@group-9733FE70982D, cid=184, FAILED org.apache.ratis.protocol.NotLeaderException: Server 2a49c038-d560-47fc-b4bd-56f44e6f5fc7 is not the leader (97f08126-dcc5-4d94-ac0d-f9c75ceb76fd:192.168.36.97:45351). Request must be sent to leader., logIndex=0, commits[2a49c038-d560-47fc-b4bd-56f44e6f5fc7:c16, 8d8094e5-0892-4a5d-835f-ac7a87dd3e0e:c16, 97f08126-dcc5-4d94-ac0d-f9c75ceb76fd:c16]
2019-09-02 05:33:13,665 [grpc-default-executor-10] INFO  client.GrpcClientProtocolClient (GrpcClientProtocolClient.java:onNext(255)) - client-370B164DE873->8d8094e5-0892-4a5d-835f-ac7a87dd3e0e: receive RaftClientReply:client-370B164DE873->8d8094e5-0892-4a5d-835f-ac7a87dd3e0e@group-9733FE70982D, cid=184, FAILED org.apache.ratis.protocol.NotLeaderException: Server 8d8094e5-0892-4a5d-835f-ac7a87dd3e0e is not the leader (97f08126-dcc5-4d94-ac0d-f9c75ceb76fd:192.168.36.97:45351). Request must be sent to leader., logIndex=0, commits[8d8094e5-0892-4a5d-835f-ac7a87dd3e0e:c16, 2a49c038-d560-47fc-b4bd-56f44e6f5fc7:c16, 97f08126-dcc5-4d94-ac0d-f9c75ceb76fd:c16]
2019-09-02 05:33:14,683 [grpc-default-executor-7] INFO  client.GrpcClientProtocolClient (GrpcClientProtocolClient.java:onNext(255)) - client-370B164DE873->8d8094e5-0892-4a5d-835f-ac7a87dd3e0e: receive RaftClientReply:client-370B164DE873->8d8094e5-0892-4a5d-835f-ac7a87dd3e0e@group-9733FE70982D, cid=184, FAILED org.apache.ratis.protocol.NotLeaderException: Server 8d8094e5-0892-4a5d-835f-ac7a87dd3e0e is not the leader (97f08126-dcc5-4d94-ac0d-f9c75ceb76fd:192.168.36.97:45351). Request must be sent to leader., logIndex=0, commits[8d8094e5-0892-4a5d-835f-ac7a87dd3e0e:c16, 2a49c038-d560-47fc-b4bd-56f44e6f5fc7:c16, 97f08126-dcc5-4d94-ac0d-f9c75ceb76fd:c16]
2019-09-02 05:33:15,698 [grpc-default-executor-10] INFO  client.GrpcClientProtocolClient (GrpcClientProtocolClient.java:onNext(255)) - client-370B164DE873->2a49c038-d560-47fc-b4bd-56f44e6f5fc7: receive RaftClientReply:client-370B164DE873->2a49c038-d560-47fc-b4bd-56f44e6f5fc7@group-9733FE70982D, cid=184, FAILED org.apache.ratis.protocol.NotLeaderException: Server 2a49c038-d560-47fc-b4bd-56f44e6f5fc7 is not the leader (97f08126-dcc5-4d94-ac0d-f9c75ceb76fd:192.168.36.97:45351). Request must be sent to leader., logIndex=0, commits[2a49c038-d560-47fc-b4bd-56f44e6f5fc7:c16, 8d8094e5-0892-4a5d-835f-ac7a87dd3e0e:c16, 97f08126-dcc5-4d94-ac0d-f9c75ceb76fd:c16]
2019-09-02 05:33:16,716 [grpc-default-executor-9] INFO  client.GrpcClientProtocolClient (GrpcClientProtocolClient.java:onNext(255)) - client-370B164DE873->8d8094e5-0892-4a5d-835f-ac7a87dd3e0e: receive RaftClientReply:client-370B164DE873->8d8094e5-0892-4a5d-835f-ac7a87dd3e0e@group-9733FE70982D, cid=184, FAILED org.apache.ratis.protocol.NotLeaderException: Server 8d8094e5-0892-4a5d-835f-ac7a87dd3e0e is not the leader (97f08126-dcc5-4d94-ac0d-f9c75ceb76fd:192.168.36.97:45351). Request must be sent to leader., logIndex=0, commits[8d8094e5-0892-4a5d-835f-ac7a87dd3e0e:c16, 2a49c038-d560-47fc-b4bd-56f44e6f5fc7:c16, 97f08126-dcc5-4d94-ac0d-f9c75ceb76fd:c16]
2019-09-02 05:33:17,389 [Thread-3367] INFO  impl.FollowerState (FollowerState.java:run(106)) - 2a49c038-d560-47fc-b4bd-56f44e6f5fc7:group-9733FE70982D changes to CANDIDATE, lastRpcTime:8857, electionTimeout:5049ms
2019-09-02 05:33:17,389 [Thread-3367] INFO  impl.RoleInfo (RoleInfo.java:shutdownFollowerState(121)) - 2a49c038-d560-47fc-b4bd-56f44e6f5fc7: shutdown FollowerState
2019-09-02 05:33:17,389 [Thread-3367] INFO  impl.RaftServerImpl (RaftServerImpl.java:setRole(171)) - 2a49c038-d560-47fc-b4bd-56f44e6f5fc7:group-9733FE70982D changes role from FOLLOWER to CANDIDATE at term 1 for changeToCandidate
2019-09-02 05:33:17,389 [Thread-3367] INFO  impl.RoleInfo (RoleInfo.java:updateAndGet(143)) - 2a49c038-d560-47fc-b4bd-56f44e6f5fc7: start LeaderElection
2019-09-02 05:33:17,392 [2a49c038-d560-47fc-b4bd-56f44e6f5fc7:group-9733FE70982D:LeaderElection62] INFO  impl.RaftServerImpl (ServerState.java:setLeader(263)) - 2a49c038-d560-47fc-b4bd-56f44e6f5fc7:group-9733FE70982D change Leader from 97f08126-dcc5-4d94-ac0d-f9c75ceb76fd to null at term 1 for initElection
2019-09-02 05:33:17,410 [2a49c038-d560-47fc-b4bd-56f44e6f5fc7:group-9733FE70982D:LeaderElection62] INFO  impl.LeaderElection (LeaderElection.java:askForVotes(181)) - 2a49c038-d560-47fc-b4bd-56f44e6f5fc7:group-9733FE70982D:LeaderElection62: begin an election at term 2 for 0: [2a49c038-d560-47fc-b4bd-56f44e6f5fc7:192.168.36.97:33664, 8d8094e5-0892-4a5d-835f-ac7a87dd3e0e:192.168.36.97:43276, 97f08126-dcc5-4d94-ac0d-f9c75ceb76fd:192.168.36.97:45351], old=null
2019-09-02 05:33:17,413 [2a49c038-d560-47fc-b4bd-56f44e6f5fc7:group-9733FE70982D:LeaderElection62] INFO  impl.LeaderElection (LogUtils.java:infoOrTrace(149)) - 2a49c038-d560-47fc-b4bd-56f44e6f5fc7:group-9733FE70982D:LeaderElection62 got exception when requesting votes: {}
java.util.concurrent.ExecutionException: org.apache.ratis.thirdparty.io.grpc.StatusRuntimeException: UNAVAILABLE: io exception
	at java.util.concurrent.FutureTask.report(FutureTask.java:122)
	at java.util.concurrent.FutureTask.get(FutureTask.java:192)
	at org.apache.ratis.server.impl.LeaderElection.waitForResults(LeaderElection.java:262)
	at org.apache.ratis.server.impl.LeaderElection.askForVotes(LeaderElection.java:200)
	at org.apache.ratis.server.impl.LeaderElection.run(LeaderElection.java:130)
	at java.lang.Thread.run(Thread.java:748)
Caused by: org.apache.ratis.thirdparty.io.grpc.StatusRuntimeException: UNAVAILABLE: io exception
	at org.apache.ratis.thirdparty.io.grpc.stub.ClientCalls.toStatusRuntimeException(ClientCalls.java:233)
	at org.apache.ratis.thirdparty.io.grpc.stub.ClientCalls.getUnchecked(ClientCalls.java:214)
	at org.apache.ratis.thirdparty.io.grpc.stub.ClientCalls.blockingUnaryCall(ClientCalls.java:139)
	at org.apache.ratis.proto.grpc.RaftServerProtocolServiceGrpc$RaftServerProtocolServiceBlockingStub.requestVote(RaftServerProtocolServiceGrpc.java:265)
	at org.apache.ratis.grpc.server.GrpcServerProtocolClient.requestVote(GrpcServerProtocolClient.java:83)
	at org.apache.ratis.grpc.server.GrpcService.requestVote(GrpcService.java:195)
	at org.apache.ratis.server.impl.LeaderElection.lambda$submitRequests$1(LeaderElection.java:237)
	at java.util.concurrent.FutureTask.run(FutureTask.java:266)
	at java.util.concurrent.Executors$RunnableAdapter.call(Executors.java:511)
	at java.util.concurrent.FutureTask.run(FutureTask.java:266)
	at java.util.concurrent.ThreadPoolExecutor.runWorker(ThreadPoolExecutor.java:1149)
	at java.util.concurrent.ThreadPoolExecutor$Worker.run(ThreadPoolExecutor.java:624)
	... 1 more
Caused by: org.apache.ratis.thirdparty.io.netty.channel.AbstractChannel$AnnotatedConnectException: Connection refused: /192.168.36.97:45351
	at sun.nio.ch.SocketChannelImpl.checkConnect(Native Method)
	at sun.nio.ch.SocketChannelImpl.finishConnect(SocketChannelImpl.java:717)
	at org.apache.ratis.thirdparty.io.netty.channel.socket.nio.NioSocketChannel.doFinishConnect(NioSocketChannel.java:327)
	at org.apache.ratis.thirdparty.io.netty.channel.nio.AbstractNioChannel$AbstractNioUnsafe.finishConnect(AbstractNioChannel.java:340)
	at org.apache.ratis.thirdparty.io.netty.channel.nio.NioEventLoop.processSelectedKey(NioEventLoop.java:632)
	at org.apache.ratis.thirdparty.io.netty.channel.nio.NioEventLoop.processSelectedKeysOptimized(NioEventLoop.java:579)
	at org.apache.ratis.thirdparty.io.netty.channel.nio.NioEventLoop.processSelectedKeys(NioEventLoop.java:496)
	at org.apache.ratis.thirdparty.io.netty.channel.nio.NioEventLoop.run(NioEventLoop.java:458)
	at org.apache.ratis.thirdparty.io.netty.util.concurrent.SingleThreadEventExecutor$5.run(SingleThreadEventExecutor.java:897)
	at org.apache.ratis.thirdparty.io.netty.util.concurrent.FastThreadLocalRunnable.run(FastThreadLocalRunnable.java:30)
	... 1 more
Caused by: java.net.ConnectException: Connection refused
	... 11 more
2019-09-02 05:33:17,417 [grpc-default-executor-7] INFO  impl.RaftServerImpl (ServerState.java:setLeader(263)) - 8d8094e5-0892-4a5d-835f-ac7a87dd3e0e:group-9733FE70982D change Leader from 97f08126-dcc5-4d94-ac0d-f9c75ceb76fd to null at term 2 for updateCurrentTerm
2019-09-02 05:33:17,417 [grpc-default-executor-7] INFO  impl.RaftServerImpl (RaftServerImpl.java:setRole(171)) - 8d8094e5-0892-4a5d-835f-ac7a87dd3e0e:group-9733FE70982D changes role from FOLLOWER to FOLLOWER at term 2 for recognizeCandidate:2a49c038-d560-47fc-b4bd-56f44e6f5fc7
2019-09-02 05:33:17,417 [grpc-default-executor-7] INFO  impl.RoleInfo (RoleInfo.java:shutdownFollowerState(121)) - 8d8094e5-0892-4a5d-835f-ac7a87dd3e0e: shutdown FollowerState
2019-09-02 05:33:17,417 [grpc-default-executor-7] INFO  impl.RoleInfo (RoleInfo.java:updateAndGet(143)) - 8d8094e5-0892-4a5d-835f-ac7a87dd3e0e: start FollowerState
2019-09-02 05:33:17,417 [Thread-3366] INFO  impl.FollowerState (FollowerState.java:run(114)) - 8d8094e5-0892-4a5d-835f-ac7a87dd3e0e: FollowerState was interrupted: java.lang.InterruptedException: sleep interrupted
2019-09-02 05:33:17,435 [2a49c038-d560-47fc-b4bd-56f44e6f5fc7:group-9733FE70982D:LeaderElection62] INFO  impl.LeaderElection (LeaderElection.java:logAndReturn(56)) - 2a49c038-d560-47fc-b4bd-56f44e6f5fc7:group-9733FE70982D:LeaderElection62: Election PASSED; received 1 response(s) [2a49c038-d560-47fc-b4bd-56f44e6f5fc7<-8d8094e5-0892-4a5d-835f-ac7a87dd3e0e#0:OK-t2] and 1 exception(s); 2a49c038-d560-47fc-b4bd-56f44e6f5fc7:t2, leader=null, voted=2a49c038-d560-47fc-b4bd-56f44e6f5fc7, raftlog=2a49c038-d560-47fc-b4bd-56f44e6f5fc7-SegmentedRaftLog:OPENED:c16,f16,i16, conf=0: [2a49c038-d560-47fc-b4bd-56f44e6f5fc7:192.168.36.97:33664, 8d8094e5-0892-4a5d-835f-ac7a87dd3e0e:192.168.36.97:43276, 97f08126-dcc5-4d94-ac0d-f9c75ceb76fd:192.168.36.97:45351], old=null
2019-09-02 05:33:17,435 [2a49c038-d560-47fc-b4bd-56f44e6f5fc7:group-9733FE70982D:LeaderElection62] INFO  impl.LeaderElection (LogUtils.java:infoOrTrace(149)) -   Exception 0: {}
java.util.concurrent.ExecutionException: org.apache.ratis.thirdparty.io.grpc.StatusRuntimeException: UNAVAILABLE: io exception
	at java.util.concurrent.FutureTask.report(FutureTask.java:122)
	at java.util.concurrent.FutureTask.get(FutureTask.java:192)
	at org.apache.ratis.server.impl.LeaderElection.waitForResults(LeaderElection.java:262)
	at org.apache.ratis.server.impl.LeaderElection.askForVotes(LeaderElection.java:200)
	at org.apache.ratis.server.impl.LeaderElection.run(LeaderElection.java:130)
	at java.lang.Thread.run(Thread.java:748)
Caused by: org.apache.ratis.thirdparty.io.grpc.StatusRuntimeException: UNAVAILABLE: io exception
	at org.apache.ratis.thirdparty.io.grpc.stub.ClientCalls.toStatusRuntimeException(ClientCalls.java:233)
	at org.apache.ratis.thirdparty.io.grpc.stub.ClientCalls.getUnchecked(ClientCalls.java:214)
	at org.apache.ratis.thirdparty.io.grpc.stub.ClientCalls.blockingUnaryCall(ClientCalls.java:139)
	at org.apache.ratis.proto.grpc.RaftServerProtocolServiceGrpc$RaftServerProtocolServiceBlockingStub.requestVote(RaftServerProtocolServiceGrpc.java:265)
	at org.apache.ratis.grpc.server.GrpcServerProtocolClient.requestVote(GrpcServerProtocolClient.java:83)
	at org.apache.ratis.grpc.server.GrpcService.requestVote(GrpcService.java:195)
	at org.apache.ratis.server.impl.LeaderElection.lambda$submitRequests$1(LeaderElection.java:237)
	at java.util.concurrent.FutureTask.run(FutureTask.java:266)
	at java.util.concurrent.Executors$RunnableAdapter.call(Executors.java:511)
	at java.util.concurrent.FutureTask.run(FutureTask.java:266)
	at java.util.concurrent.ThreadPoolExecutor.runWorker(ThreadPoolExecutor.java:1149)
	at java.util.concurrent.ThreadPoolExecutor$Worker.run(ThreadPoolExecutor.java:624)
	... 1 more
Caused by: org.apache.ratis.thirdparty.io.netty.channel.AbstractChannel$AnnotatedConnectException: Connection refused: /192.168.36.97:45351
	at sun.nio.ch.SocketChannelImpl.checkConnect(Native Method)
	at sun.nio.ch.SocketChannelImpl.finishConnect(SocketChannelImpl.java:717)
	at org.apache.ratis.thirdparty.io.netty.channel.socket.nio.NioSocketChannel.doFinishConnect(NioSocketChannel.java:327)
	at org.apache.ratis.thirdparty.io.netty.channel.nio.AbstractNioChannel$AbstractNioUnsafe.finishConnect(AbstractNioChannel.java:340)
	at org.apache.ratis.thirdparty.io.netty.channel.nio.NioEventLoop.processSelectedKey(NioEventLoop.java:632)
	at org.apache.ratis.thirdparty.io.netty.channel.nio.NioEventLoop.processSelectedKeysOptimized(NioEventLoop.java:579)
	at org.apache.ratis.thirdparty.io.netty.channel.nio.NioEventLoop.processSelectedKeys(NioEventLoop.java:496)
	at org.apache.ratis.thirdparty.io.netty.channel.nio.NioEventLoop.run(NioEventLoop.java:458)
	at org.apache.ratis.thirdparty.io.netty.util.concurrent.SingleThreadEventExecutor$5.run(SingleThreadEventExecutor.java:897)
	at org.apache.ratis.thirdparty.io.netty.util.concurrent.FastThreadLocalRunnable.run(FastThreadLocalRunnable.java:30)
	... 1 more
Caused by: java.net.ConnectException: Connection refused
	... 11 more
2019-09-02 05:33:17,436 [2a49c038-d560-47fc-b4bd-56f44e6f5fc7:group-9733FE70982D:LeaderElection62] INFO  impl.RoleInfo (RoleInfo.java:shutdownLeaderElection(134)) - 2a49c038-d560-47fc-b4bd-56f44e6f5fc7: shutdown LeaderElection
2019-09-02 05:33:17,436 [2a49c038-d560-47fc-b4bd-56f44e6f5fc7:group-9733FE70982D:LeaderElection62] INFO  impl.RaftServerImpl (RaftServerImpl.java:setRole(171)) - 2a49c038-d560-47fc-b4bd-56f44e6f5fc7:group-9733FE70982D changes role from CANDIDATE to LEADER at term 2 for changeToLeader
2019-09-02 05:33:17,436 [2a49c038-d560-47fc-b4bd-56f44e6f5fc7:group-9733FE70982D:LeaderElection62] INFO  impl.RaftServerImpl (ServerState.java:setLeader(263)) - 2a49c038-d560-47fc-b4bd-56f44e6f5fc7:group-9733FE70982D change Leader from null to 2a49c038-d560-47fc-b4bd-56f44e6f5fc7 at term 2 for becomeLeader, leader elected after 44ms
2019-09-02 05:33:17,436 [2a49c038-d560-47fc-b4bd-56f44e6f5fc7:group-9733FE70982D:LeaderElection62] INFO  server.RaftServerConfigKeys (ConfUtils.java:logGet(43)) - raft.server.staging.catchup.gap = 1000 (default)
2019-09-02 05:33:17,437 [2a49c038-d560-47fc-b4bd-56f44e6f5fc7:group-9733FE70982D:LeaderElection62] INFO  server.RaftServerConfigKeys (ConfUtils.java:logGet(43)) - raft.server.rpc.sleep.time = 25ms (default)
2019-09-02 05:33:17,437 [2a49c038-d560-47fc-b4bd-56f44e6f5fc7:group-9733FE70982D:LeaderElection62] INFO  server.RaftServerConfigKeys (ConfUtils.java:logGet(43)) - raft.server.write.element-limit = 4096 (default)
2019-09-02 05:33:17,437 [2a49c038-d560-47fc-b4bd-56f44e6f5fc7:group-9733FE70982D:LeaderElection62] INFO  server.RaftServerConfigKeys (ConfUtils.java:logGet(43)) - raft.server.watch.timeout = 10s (default)
2019-09-02 05:33:17,437 [2a49c038-d560-47fc-b4bd-56f44e6f5fc7:group-9733FE70982D:LeaderElection62] INFO  server.RaftServerConfigKeys (ConfUtils.java:logGet(43)) - raft.server.watch.timeout.denomination = 1s (default)
2019-09-02 05:33:17,437 [2a49c038-d560-47fc-b4bd-56f44e6f5fc7:group-9733FE70982D:LeaderElection62] INFO  server.RaftServerConfigKeys (ConfUtils.java:logGet(43)) - raft.server.watch.element-limit = 65536 (default)
2019-09-02 05:33:17,438 [2a49c038-d560-47fc-b4bd-56f44e6f5fc7:group-9733FE70982D:LeaderElection62] INFO  server.RaftServerConfigKeys (ConfUtils.java:logGet(43)) - raft.server.log.appender.snapshot.chunk.size.max = 16MB (=16777216) (default)
2019-09-02 05:33:17,438 [2a49c038-d560-47fc-b4bd-56f44e6f5fc7:group-9733FE70982D:LeaderElection62] INFO  server.RaftServerConfigKeys (ConfUtils.java:logGet(43)) - raft.server.log.appender.buffer.byte-limit = 33554432 (custom)
2019-09-02 05:33:17,438 [2a49c038-d560-47fc-b4bd-56f44e6f5fc7:group-9733FE70982D:LeaderElection62] INFO  server.RaftServerConfigKeys (ConfUtils.java:logGet(43)) - raft.server.log.appender.buffer.element-limit = 1 (custom)
2019-09-02 05:33:17,438 [2a49c038-d560-47fc-b4bd-56f44e6f5fc7:group-9733FE70982D:LeaderElection62] INFO  grpc.GrpcConfigKeys$Server (ConfUtils.java:logGet(43)) - raft.grpc.server.leader.outstanding.appends.max = 128 (default)
2019-09-02 05:33:17,439 [2a49c038-d560-47fc-b4bd-56f44e6f5fc7:group-9733FE70982D:LeaderElection62] INFO  server.RaftServerConfigKeys (ConfUtils.java:logGet(43)) - raft.server.rpc.request.timeout = 3000ms (default)
2019-09-02 05:33:17,439 [2a49c038-d560-47fc-b4bd-56f44e6f5fc7:group-9733FE70982D:LeaderElection62] INFO  server.RaftServerConfigKeys (ConfUtils.java:logGet(43)) - raft.server.log.appender.install.snapshot.enabled = false (custom)
2019-09-02 05:33:17,439 [2a49c038-d560-47fc-b4bd-56f44e6f5fc7:group-9733FE70982D:LeaderElection62] INFO  server.RaftServerConfigKeys (ConfUtils.java:logGet(43)) - raft.server.log.appender.snapshot.chunk.size.max = 16MB (=16777216) (default)
2019-09-02 05:33:17,439 [2a49c038-d560-47fc-b4bd-56f44e6f5fc7:group-9733FE70982D:LeaderElection62] INFO  server.RaftServerConfigKeys (ConfUtils.java:logGet(43)) - raft.server.log.appender.buffer.byte-limit = 33554432 (custom)
2019-09-02 05:33:17,439 [2a49c038-d560-47fc-b4bd-56f44e6f5fc7:group-9733FE70982D:LeaderElection62] INFO  server.RaftServerConfigKeys (ConfUtils.java:logGet(43)) - raft.server.log.appender.buffer.element-limit = 1 (custom)
2019-09-02 05:33:17,440 [2a49c038-d560-47fc-b4bd-56f44e6f5fc7:group-9733FE70982D:LeaderElection62] INFO  grpc.GrpcConfigKeys$Server (ConfUtils.java:logGet(43)) - raft.grpc.server.leader.outstanding.appends.max = 128 (default)
2019-09-02 05:33:17,440 [2a49c038-d560-47fc-b4bd-56f44e6f5fc7:group-9733FE70982D:LeaderElection62] INFO  server.RaftServerConfigKeys (ConfUtils.java:logGet(43)) - raft.server.rpc.request.timeout = 3000ms (default)
2019-09-02 05:33:17,440 [2a49c038-d560-47fc-b4bd-56f44e6f5fc7:group-9733FE70982D:LeaderElection62] INFO  server.RaftServerConfigKeys (ConfUtils.java:logGet(43)) - raft.server.log.appender.install.snapshot.enabled = false (custom)
2019-09-02 05:33:17,440 [2a49c038-d560-47fc-b4bd-56f44e6f5fc7:group-9733FE70982D:LeaderElection62] INFO  impl.RoleInfo (RoleInfo.java:updateAndGet(143)) - 2a49c038-d560-47fc-b4bd-56f44e6f5fc7: start LeaderState
2019-09-02 05:33:17,441 [2a49c038-d560-47fc-b4bd-56f44e6f5fc7:group-9733FE70982D:LeaderElection62] INFO  segmented.SegmentedRaftLogWorker (SegmentedRaftLogWorker.java:rollLogSegment(385)) - 2a49c038-d560-47fc-b4bd-56f44e6f5fc7-SegmentedRaftLogWorker:Storage Directory /workdir/hadoop-ozone/integration-test/target/test-dir/MiniOzoneClusterImpl-2a832e96-29dd-4f29-9444-310fee0a410e/datanode-3/data/ratis/f866df2f-417d-43c7-bc42-9733fe70982d: Rolling segment log-0_16 to index:16
2019-09-02 05:33:17,441 [2a49c038-d560-47fc-b4bd-56f44e6f5fc7-SegmentedRaftLogWorker:Storage Directory /workdir/hadoop-ozone/integration-test/target/test-dir/MiniOzoneClusterImpl-2a832e96-29dd-4f29-9444-310fee0a410e/datanode-3/data/ratis/f866df2f-417d-43c7-bc42-9733fe70982d] INFO  segmented.SegmentedRaftLogWorker (SegmentedRaftLogWorker.java:execute(526)) - 2a49c038-d560-47fc-b4bd-56f44e6f5fc7-SegmentedRaftLogWorker:Storage Directory /workdir/hadoop-ozone/integration-test/target/test-dir/MiniOzoneClusterImpl-2a832e96-29dd-4f29-9444-310fee0a410e/datanode-3/data/ratis/f866df2f-417d-43c7-bc42-9733fe70982d: Rolled log segment from /workdir/hadoop-ozone/integration-test/target/test-dir/MiniOzoneClusterImpl-2a832e96-29dd-4f29-9444-310fee0a410e/datanode-3/data/ratis/f866df2f-417d-43c7-bc42-9733fe70982d/current/log_inprogress_0 to /workdir/hadoop-ozone/integration-test/target/test-dir/MiniOzoneClusterImpl-2a832e96-29dd-4f29-9444-310fee0a410e/datanode-3/data/ratis/f866df2f-417d-43c7-bc42-9733fe70982d/current/log_0-16
2019-09-02 05:33:17,442 [2a49c038-d560-47fc-b4bd-56f44e6f5fc7:group-9733FE70982D:LeaderElection62] INFO  impl.RaftServerImpl (ServerState.java:setRaftConf(361)) - 2a49c038-d560-47fc-b4bd-56f44e6f5fc7:group-9733FE70982D set configuration 17: [2a49c038-d560-47fc-b4bd-56f44e6f5fc7:192.168.36.97:33664, 8d8094e5-0892-4a5d-835f-ac7a87dd3e0e:192.168.36.97:43276, 97f08126-dcc5-4d94-ac0d-f9c75ceb76fd:192.168.36.97:45351], old=null at 17
2019-09-02 05:33:17,442 [grpc-default-executor-7] WARN  server.GrpcLogAppender (LogUtils.java:warn(134)) - 2a49c038-d560-47fc-b4bd-56f44e6f5fc7->97f08126-dcc5-4d94-ac0d-f9c75ceb76fd: Failed appendEntries: org.apache.ratis.thirdparty.io.grpc.StatusRuntimeException: UNAVAILABLE: io exception
2019-09-02 05:33:17,442 [grpc-default-executor-7] INFO  impl.FollowerInfo (FollowerInfo.java:lambda$new$0(50)) - 2a49c038-d560-47fc-b4bd-56f44e6f5fc7->97f08126-dcc5-4d94-ac0d-f9c75ceb76fd: nextIndex: updateUnconditionally 17 -> 1
2019-09-02 05:33:17,443 [grpc-default-executor-9] INFO  impl.RaftServerImpl (ServerState.java:setLeader(263)) - 8d8094e5-0892-4a5d-835f-ac7a87dd3e0e:group-9733FE70982D change Leader from null to 2a49c038-d560-47fc-b4bd-56f44e6f5fc7 at term 2 for appendEntries, leader elected after 26ms
2019-09-02 05:33:17,445 [grpc-default-executor-9] INFO  impl.RaftServerImpl (ServerState.java:setRaftConf(361)) - 8d8094e5-0892-4a5d-835f-ac7a87dd3e0e:group-9733FE70982D set configuration 17: [2a49c038-d560-47fc-b4bd-56f44e6f5fc7:192.168.36.97:33664, 8d8094e5-0892-4a5d-835f-ac7a87dd3e0e:192.168.36.97:43276, 97f08126-dcc5-4d94-ac0d-f9c75ceb76fd:192.168.36.97:45351], old=null at 17
2019-09-02 05:33:17,445 [grpc-default-executor-9] INFO  segmented.SegmentedRaftLogWorker (SegmentedRaftLogWorker.java:rollLogSegment(385)) - 8d8094e5-0892-4a5d-835f-ac7a87dd3e0e-SegmentedRaftLogWorker:Storage Directory /workdir/hadoop-ozone/integration-test/target/test-dir/MiniOzoneClusterImpl-2a832e96-29dd-4f29-9444-310fee0a410e/datanode-6/data/ratis/f866df2f-417d-43c7-bc42-9733fe70982d: Rolling segment log-0_16 to index:16
2019-09-02 05:33:17,446 [8d8094e5-0892-4a5d-835f-ac7a87dd3e0e-SegmentedRaftLogWorker:Storage Directory /workdir/hadoop-ozone/integration-test/target/test-dir/MiniOzoneClusterImpl-2a832e96-29dd-4f29-9444-310fee0a410e/datanode-6/data/ratis/f866df2f-417d-43c7-bc42-9733fe70982d] INFO  segmented.SegmentedRaftLogWorker (SegmentedRaftLogWorker.java:execute(526)) - 8d8094e5-0892-4a5d-835f-ac7a87dd3e0e-SegmentedRaftLogWorker:Storage Directory /workdir/hadoop-ozone/integration-test/target/test-dir/MiniOzoneClusterImpl-2a832e96-29dd-4f29-9444-310fee0a410e/datanode-6/data/ratis/f866df2f-417d-43c7-bc42-9733fe70982d: Rolled log segment from /workdir/hadoop-ozone/integration-test/target/test-dir/MiniOzoneClusterImpl-2a832e96-29dd-4f29-9444-310fee0a410e/datanode-6/data/ratis/f866df2f-417d-43c7-bc42-9733fe70982d/current/log_inprogress_0 to /workdir/hadoop-ozone/integration-test/target/test-dir/MiniOzoneClusterImpl-2a832e96-29dd-4f29-9444-310fee0a410e/datanode-6/data/ratis/f866df2f-417d-43c7-bc42-9733fe70982d/current/log_0-16
2019-09-02 05:33:17,483 [2a49c038-d560-47fc-b4bd-56f44e6f5fc7-SegmentedRaftLogWorker:Storage Directory /workdir/hadoop-ozone/integration-test/target/test-dir/MiniOzoneClusterImpl-2a832e96-29dd-4f29-9444-310fee0a410e/datanode-3/data/ratis/f866df2f-417d-43c7-bc42-9733fe70982d] INFO  segmented.SegmentedRaftLogWorker (SegmentedRaftLogWorker.java:execute(569)) - 2a49c038-d560-47fc-b4bd-56f44e6f5fc7-SegmentedRaftLogWorker:Storage Directory /workdir/hadoop-ozone/integration-test/target/test-dir/MiniOzoneClusterImpl-2a832e96-29dd-4f29-9444-310fee0a410e/datanode-3/data/ratis/f866df2f-417d-43c7-bc42-9733fe70982d: created new log segment /workdir/hadoop-ozone/integration-test/target/test-dir/MiniOzoneClusterImpl-2a832e96-29dd-4f29-9444-310fee0a410e/datanode-3/data/ratis/f866df2f-417d-43c7-bc42-9733fe70982d/current/log_inprogress_17
2019-09-02 05:33:17,483 [8d8094e5-0892-4a5d-835f-ac7a87dd3e0e-SegmentedRaftLogWorker:Storage Directory /workdir/hadoop-ozone/integration-test/target/test-dir/MiniOzoneClusterImpl-2a832e96-29dd-4f29-9444-310fee0a410e/datanode-6/data/ratis/f866df2f-417d-43c7-bc42-9733fe70982d] INFO  segmented.SegmentedRaftLogWorker (SegmentedRaftLogWorker.java:execute(569)) - 8d8094e5-0892-4a5d-835f-ac7a87dd3e0e-SegmentedRaftLogWorker:Storage Directory /workdir/hadoop-ozone/integration-test/target/test-dir/MiniOzoneClusterImpl-2a832e96-29dd-4f29-9444-310fee0a410e/datanode-6/data/ratis/f866df2f-417d-43c7-bc42-9733fe70982d: created new log segment /workdir/hadoop-ozone/integration-test/target/test-dir/MiniOzoneClusterImpl-2a832e96-29dd-4f29-9444-310fee0a410e/datanode-6/data/ratis/f866df2f-417d-43c7-bc42-9733fe70982d/current/log_inprogress_17
2019-09-02 05:33:17,494 [grpc-default-executor-9] WARN  server.GrpcLogAppender (LogUtils.java:warn(134)) - 2a49c038-d560-47fc-b4bd-56f44e6f5fc7->97f08126-dcc5-4d94-ac0d-f9c75ceb76fd: Failed appendEntries: org.apache.ratis.thirdparty.io.grpc.StatusRuntimeException: UNAVAILABLE: io exception
2019-09-02 05:33:17,495 [grpc-default-executor-9] INFO  impl.FollowerInfo (FollowerInfo.java:lambda$new$0(50)) - 2a49c038-d560-47fc-b4bd-56f44e6f5fc7->97f08126-dcc5-4d94-ac0d-f9c75ceb76fd: nextIndex: updateUnconditionally 2 -> 1
05:33:17.725 [grpc-default-executor-9] ERROR DNAudit - user=null | ip=null | op=WRITE_CHUNK {blockData=conID: 1 locID: 102721282245722126 bcsId: 14} | ret=FAILURE
org.apache.hadoop.hdds.scm.container.common.helpers.ContainerNotOpenException: Container 1 in CLOSING state
	at org.apache.hadoop.ozone.container.common.impl.HddsDispatcher.validateContainerCommand(HddsDispatcher.java:408) ~[hadoop-hdds-container-service-0.5.0-SNAPSHOT.jar:?]
	at org.apache.hadoop.ozone.container.common.transport.server.ratis.ContainerStateMachine.startTransaction(ContainerStateMachine.java:310) ~[hadoop-hdds-container-service-0.5.0-SNAPSHOT.jar:?]
	at org.apache.ratis.server.impl.RaftServerImpl.submitClientRequestAsync(RaftServerImpl.java:566) ~[ratis-server-0.4.0-2337318-SNAPSHOT.jar:0.4.0-2337318-SNAPSHOT]
	at org.apache.ratis.server.impl.RaftServerProxy.lambda$submitClientRequestAsync$7(RaftServerProxy.java:333) ~[ratis-server-0.4.0-2337318-SNAPSHOT.jar:0.4.0-2337318-SNAPSHOT]
	at org.apache.ratis.server.impl.RaftServerProxy.lambda$null$5(RaftServerProxy.java:328) ~[ratis-server-0.4.0-2337318-SNAPSHOT.jar:0.4.0-2337318-SNAPSHOT]
	at org.apache.ratis.util.JavaUtils.callAsUnchecked(JavaUtils.java:109) ~[ratis-common-0.4.0-2337318-SNAPSHOT.jar:0.4.0-2337318-SNAPSHOT]
	at org.apache.ratis.server.impl.RaftServerProxy.lambda$submitRequest$6(RaftServerProxy.java:328) ~[ratis-server-0.4.0-2337318-SNAPSHOT.jar:0.4.0-2337318-SNAPSHOT]
	at java.util.concurrent.CompletableFuture.uniComposeStage(CompletableFuture.java:981) ~[?:1.8.0_212]
	at java.util.concurrent.CompletableFuture.thenCompose(CompletableFuture.java:2124) ~[?:1.8.0_212]
	at org.apache.ratis.server.impl.RaftServerProxy.submitRequest(RaftServerProxy.java:327) ~[ratis-server-0.4.0-2337318-SNAPSHOT.jar:0.4.0-2337318-SNAPSHOT]
	at org.apache.ratis.server.impl.RaftServerProxy.submitClientRequestAsync(RaftServerProxy.java:333) ~[ratis-server-0.4.0-2337318-SNAPSHOT.jar:0.4.0-2337318-SNAPSHOT]
	at org.apache.ratis.grpc.client.GrpcClientProtocolService$RequestStreamObserver.processClientRequest(GrpcClientProtocolService.java:220) ~[ratis-grpc-0.4.0-2337318-SNAPSHOT.jar:0.4.0-2337318-SNAPSHOT]
	at org.apache.ratis.grpc.client.GrpcClientProtocolService$OrderedRequestStreamObserver.processClientRequest(GrpcClientProtocolService.java:326) ~[ratis-grpc-0.4.0-2337318-SNAPSHOT.jar:0.4.0-2337318-SNAPSHOT]
	at org.apache.ratis.util.SlidingWindow$Server.processRequestsFromHead(SlidingWindow.java:429) [ratis-common-0.4.0-2337318-SNAPSHOT.jar:0.4.0-2337318-SNAPSHOT]
	at org.apache.ratis.util.SlidingWindow$Server.receivedRequest(SlidingWindow.java:421) [ratis-common-0.4.0-2337318-SNAPSHOT.jar:0.4.0-2337318-SNAPSHOT]
	at org.apache.ratis.grpc.client.GrpcClientProtocolService$OrderedRequestStreamObserver.processClientRequest(GrpcClientProtocolService.java:345) [ratis-grpc-0.4.0-2337318-SNAPSHOT.jar:0.4.0-2337318-SNAPSHOT]
	at org.apache.ratis.grpc.client.GrpcClientProtocolService$RequestStreamObserver.onNext(GrpcClientProtocolService.java:240) [ratis-grpc-0.4.0-2337318-SNAPSHOT.jar:0.4.0-2337318-SNAPSHOT]
	at org.apache.ratis.grpc.client.GrpcClientProtocolService$RequestStreamObserver.onNext(GrpcClientProtocolService.java:168) [ratis-grpc-0.4.0-2337318-SNAPSHOT.jar:0.4.0-2337318-SNAPSHOT]
	at org.apache.ratis.thirdparty.io.grpc.stub.ServerCalls$StreamingServerCallHandler$StreamingServerCallListener.onMessage(ServerCalls.java:248) [ratis-thirdparty-misc-0.2.0.jar:0.2.0]
	at org.apache.ratis.thirdparty.io.grpc.internal.ServerCallImpl$ServerStreamListenerImpl.messagesAvailable(ServerCallImpl.java:263) [ratis-thirdparty-misc-0.2.0.jar:0.2.0]
	at org.apache.ratis.thirdparty.io.grpc.internal.ServerImpl$JumpToApplicationThreadServerStreamListener$1MessagesAvailable.runInContext(ServerImpl.java:686) [ratis-thirdparty-misc-0.2.0.jar:0.2.0]
	at org.apache.ratis.thirdparty.io.grpc.internal.ContextRunnable.run(ContextRunnable.java:37) [ratis-thirdparty-misc-0.2.0.jar:0.2.0]
	at org.apache.ratis.thirdparty.io.grpc.internal.SerializingExecutor.run(SerializingExecutor.java:123) [ratis-thirdparty-misc-0.2.0.jar:0.2.0]
	at java.util.concurrent.ThreadPoolExecutor.runWorker(ThreadPoolExecutor.java:1149) [?:1.8.0_212]
	at java.util.concurrent.ThreadPoolExecutor$Worker.run(ThreadPoolExecutor.java:624) [?:1.8.0_212]
	at java.lang.Thread.run(Thread.java:748) [?:1.8.0_212]
2019-09-02 05:33:17,738 [grpc-default-executor-9] INFO  client.GrpcClientProtocolClient (GrpcClientProtocolClient.java:onNext(255)) - client-370B164DE873->2a49c038-d560-47fc-b4bd-56f44e6f5fc7: receive RaftClientReply:client-370B164DE873->2a49c038-d560-47fc-b4bd-56f44e6f5fc7@group-9733FE70982D, cid=184, FAILED org.apache.ratis.protocol.StateMachineException: org.apache.hadoop.hdds.scm.container.common.helpers.ContainerNotOpenException from Server 2a49c038-d560-47fc-b4bd-56f44e6f5fc7: Container 1 in CLOSING state, logIndex=0, commits[2a49c038-d560-47fc-b4bd-56f44e6f5fc7:c18, 8d8094e5-0892-4a5d-835f-ac7a87dd3e0e:c17, 97f08126-dcc5-4d94-ac0d-f9c75ceb76fd:c16]
05:33:17.740 [grpc-default-executor-7] ERROR DNAudit - user=null | ip=null | op=WRITE_CHUNK {blockData=conID: 1 locID: 102721282245722126 bcsId: 14} | ret=FAILURE
org.apache.hadoop.hdds.scm.container.common.helpers.ContainerNotOpenException: Container 1 in CLOSING state
	at org.apache.hadoop.ozone.container.common.impl.HddsDispatcher.validateContainerCommand(HddsDispatcher.java:408) ~[hadoop-hdds-container-service-0.5.0-SNAPSHOT.jar:?]
	at org.apache.hadoop.ozone.container.common.transport.server.ratis.ContainerStateMachine.startTransaction(ContainerStateMachine.java:310) ~[hadoop-hdds-container-service-0.5.0-SNAPSHOT.jar:?]
	at org.apache.ratis.server.impl.RaftServerImpl.submitClientRequestAsync(RaftServerImpl.java:566) ~[ratis-server-0.4.0-2337318-SNAPSHOT.jar:0.4.0-2337318-SNAPSHOT]
	at org.apache.ratis.server.impl.RaftServerProxy.lambda$submitClientRequestAsync$7(RaftServerProxy.java:333) ~[ratis-server-0.4.0-2337318-SNAPSHOT.jar:0.4.0-2337318-SNAPSHOT]
	at org.apache.ratis.server.impl.RaftServerProxy.lambda$null$5(RaftServerProxy.java:328) ~[ratis-server-0.4.0-2337318-SNAPSHOT.jar:0.4.0-2337318-SNAPSHOT]
	at org.apache.ratis.util.JavaUtils.callAsUnchecked(JavaUtils.java:109) ~[ratis-common-0.4.0-2337318-SNAPSHOT.jar:0.4.0-2337318-SNAPSHOT]
	at org.apache.ratis.server.impl.RaftServerProxy.lambda$submitRequest$6(RaftServerProxy.java:328) ~[ratis-server-0.4.0-2337318-SNAPSHOT.jar:0.4.0-2337318-SNAPSHOT]
	at java.util.concurrent.CompletableFuture.uniComposeStage(CompletableFuture.java:981) ~[?:1.8.0_212]
	at java.util.concurrent.CompletableFuture.thenCompose(CompletableFuture.java:2124) ~[?:1.8.0_212]
	at org.apache.ratis.server.impl.RaftServerProxy.submitRequest(RaftServerProxy.java:327) ~[ratis-server-0.4.0-2337318-SNAPSHOT.jar:0.4.0-2337318-SNAPSHOT]
	at org.apache.ratis.server.impl.RaftServerProxy.submitClientRequestAsync(RaftServerProxy.java:333) ~[ratis-server-0.4.0-2337318-SNAPSHOT.jar:0.4.0-2337318-SNAPSHOT]
	at org.apache.ratis.grpc.client.GrpcClientProtocolService$RequestStreamObserver.processClientRequest(GrpcClientProtocolService.java:220) ~[ratis-grpc-0.4.0-2337318-SNAPSHOT.jar:0.4.0-2337318-SNAPSHOT]
	at org.apache.ratis.grpc.client.GrpcClientProtocolService$OrderedRequestStreamObserver.processClientRequest(GrpcClientProtocolService.java:326) ~[ratis-grpc-0.4.0-2337318-SNAPSHOT.jar:0.4.0-2337318-SNAPSHOT]
	at org.apache.ratis.util.SlidingWindow$Server.processRequestsFromHead(SlidingWindow.java:429) [ratis-common-0.4.0-2337318-SNAPSHOT.jar:0.4.0-2337318-SNAPSHOT]
	at org.apache.ratis.util.SlidingWindow$Server.receivedRequest(SlidingWindow.java:421) [ratis-common-0.4.0-2337318-SNAPSHOT.jar:0.4.0-2337318-SNAPSHOT]
	at org.apache.ratis.grpc.client.GrpcClientProtocolService$OrderedRequestStreamObserver.processClientRequest(GrpcClientProtocolService.java:345) [ratis-grpc-0.4.0-2337318-SNAPSHOT.jar:0.4.0-2337318-SNAPSHOT]
	at org.apache.ratis.grpc.client.GrpcClientProtocolService$RequestStreamObserver.onNext(GrpcClientProtocolService.java:240) [ratis-grpc-0.4.0-2337318-SNAPSHOT.jar:0.4.0-2337318-SNAPSHOT]
	at org.apache.ratis.grpc.client.GrpcClientProtocolService$RequestStreamObserver.onNext(GrpcClientProtocolService.java:168) [ratis-grpc-0.4.0-2337318-SNAPSHOT.jar:0.4.0-2337318-SNAPSHOT]
	at org.apache.ratis.thirdparty.io.grpc.stub.ServerCalls$StreamingServerCallHandler$StreamingServerCallListener.onMessage(ServerCalls.java:248) [ratis-thirdparty-misc-0.2.0.jar:0.2.0]
	at org.apache.ratis.thirdparty.io.grpc.internal.ServerCallImpl$ServerStreamListenerImpl.messagesAvailable(ServerCallImpl.java:263) [ratis-thirdparty-misc-0.2.0.jar:0.2.0]
	at org.apache.ratis.thirdparty.io.grpc.internal.ServerImpl$JumpToApplicationThreadServerStreamListener$1MessagesAvailable.runInContext(ServerImpl.java:686) [ratis-thirdparty-misc-0.2.0.jar:0.2.0]
	at org.apache.ratis.thirdparty.io.grpc.internal.ContextRunnable.run(ContextRunnable.java:37) [ratis-thirdparty-misc-0.2.0.jar:0.2.0]
	at org.apache.ratis.thirdparty.io.grpc.internal.SerializingExecutor.run(SerializingExecutor.java:123) [ratis-thirdparty-misc-0.2.0.jar:0.2.0]
	at java.util.concurrent.ThreadPoolExecutor.runWorker(ThreadPoolExecutor.java:1149) [?:1.8.0_212]
	at java.util.concurrent.ThreadPoolExecutor$Worker.run(ThreadPoolExecutor.java:624) [?:1.8.0_212]
	at java.lang.Thread.run(Thread.java:748) [?:1.8.0_212]
05:33:17.742 [grpc-default-executor-7] ERROR DNAudit - user=null | ip=null | op=PUT_BLOCK {blockData=[blockId=conID: 1 locID: 102721282245722126 bcsId: 0,size=650]} | ret=FAILURE
org.apache.hadoop.hdds.scm.container.common.helpers.ContainerNotOpenException: Container 1 in CLOSING state
	at org.apache.hadoop.ozone.container.common.impl.HddsDispatcher.validateContainerCommand(HddsDispatcher.java:408) ~[hadoop-hdds-container-service-0.5.0-SNAPSHOT.jar:?]
	at org.apache.hadoop.ozone.container.common.transport.server.ratis.ContainerStateMachine.startTransaction(ContainerStateMachine.java:310) ~[hadoop-hdds-container-service-0.5.0-SNAPSHOT.jar:?]
	at org.apache.ratis.server.impl.RaftServerImpl.submitClientRequestAsync(RaftServerImpl.java:566) ~[ratis-server-0.4.0-2337318-SNAPSHOT.jar:0.4.0-2337318-SNAPSHOT]
	at org.apache.ratis.server.impl.RaftServerProxy.lambda$submitClientRequestAsync$7(RaftServerProxy.java:333) ~[ratis-server-0.4.0-2337318-SNAPSHOT.jar:0.4.0-2337318-SNAPSHOT]
	at org.apache.ratis.server.impl.RaftServerProxy.lambda$null$5(RaftServerProxy.java:328) ~[ratis-server-0.4.0-2337318-SNAPSHOT.jar:0.4.0-2337318-SNAPSHOT]
	at org.apache.ratis.util.JavaUtils.callAsUnchecked(JavaUtils.java:109) ~[ratis-common-0.4.0-2337318-SNAPSHOT.jar:0.4.0-2337318-SNAPSHOT]
	at org.apache.ratis.server.impl.RaftServerProxy.lambda$submitRequest$6(RaftServerProxy.java:328) ~[ratis-server-0.4.0-2337318-SNAPSHOT.jar:0.4.0-2337318-SNAPSHOT]
	at java.util.concurrent.CompletableFuture.uniComposeStage(CompletableFuture.java:981) ~[?:1.8.0_212]
	at java.util.concurrent.CompletableFuture.thenCompose(CompletableFuture.java:2124) ~[?:1.8.0_212]
	at org.apache.ratis.server.impl.RaftServerProxy.submitRequest(RaftServerProxy.java:327) ~[ratis-server-0.4.0-2337318-SNAPSHOT.jar:0.4.0-2337318-SNAPSHOT]
	at org.apache.ratis.server.impl.RaftServerProxy.submitClientRequestAsync(RaftServerProxy.java:333) ~[ratis-server-0.4.0-2337318-SNAPSHOT.jar:0.4.0-2337318-SNAPSHOT]
	at org.apache.ratis.grpc.client.GrpcClientProtocolService$RequestStreamObserver.processClientRequest(GrpcClientProtocolService.java:220) ~[ratis-grpc-0.4.0-2337318-SNAPSHOT.jar:0.4.0-2337318-SNAPSHOT]
	at org.apache.ratis.grpc.client.GrpcClientProtocolService$OrderedRequestStreamObserver.processClientRequest(GrpcClientProtocolService.java:326) ~[ratis-grpc-0.4.0-2337318-SNAPSHOT.jar:0.4.0-2337318-SNAPSHOT]
	at org.apache.ratis.util.SlidingWindow$Server.processRequestsFromHead(SlidingWindow.java:429) [ratis-common-0.4.0-2337318-SNAPSHOT.jar:0.4.0-2337318-SNAPSHOT]
	at org.apache.ratis.util.SlidingWindow$Server.receivedRequest(SlidingWindow.java:421) [ratis-common-0.4.0-2337318-SNAPSHOT.jar:0.4.0-2337318-SNAPSHOT]
	at org.apache.ratis.grpc.client.GrpcClientProtocolService$OrderedRequestStreamObserver.processClientRequest(GrpcClientProtocolService.java:345) [ratis-grpc-0.4.0-2337318-SNAPSHOT.jar:0.4.0-2337318-SNAPSHOT]
	at org.apache.ratis.grpc.client.GrpcClientProtocolService$RequestStreamObserver.onNext(GrpcClientProtocolService.java:240) [ratis-grpc-0.4.0-2337318-SNAPSHOT.jar:0.4.0-2337318-SNAPSHOT]
	at org.apache.ratis.grpc.client.GrpcClientProtocolService$RequestStreamObserver.onNext(GrpcClientProtocolService.java:168) [ratis-grpc-0.4.0-2337318-SNAPSHOT.jar:0.4.0-2337318-SNAPSHOT]
	at org.apache.ratis.thirdparty.io.grpc.stub.ServerCalls$StreamingServerCallHandler$StreamingServerCallListener.onMessage(ServerCalls.java:248) [ratis-thirdparty-misc-0.2.0.jar:0.2.0]
	at org.apache.ratis.thirdparty.io.grpc.internal.ServerCallImpl$ServerStreamListenerImpl.messagesAvailable(ServerCallImpl.java:263) [ratis-thirdparty-misc-0.2.0.jar:0.2.0]
	at org.apache.ratis.thirdparty.io.grpc.internal.ServerImpl$JumpToApplicationThreadServerStreamListener$1MessagesAvailable.runInContext(ServerImpl.java:686) [ratis-thirdparty-misc-0.2.0.jar:0.2.0]
	at org.apache.ratis.thirdparty.io.grpc.internal.ContextRunnable.run(ContextRunnable.java:37) [ratis-thirdparty-misc-0.2.0.jar:0.2.0]
	at org.apache.ratis.thirdparty.io.grpc.internal.SerializingExecutor.run(SerializingExecutor.java:123) [ratis-thirdparty-misc-0.2.0.jar:0.2.0]
	at java.util.concurrent.ThreadPoolExecutor.runWorker(ThreadPoolExecutor.java:1149) [?:1.8.0_212]
	at java.util.concurrent.ThreadPoolExecutor$Worker.run(ThreadPoolExecutor.java:624) [?:1.8.0_212]
	at java.lang.Thread.run(Thread.java:748) [?:1.8.0_212]
2019-09-02 05:33:17,753 [grpc-default-executor-9] INFO  client.GrpcClientProtocolClient (GrpcClientProtocolClient.java:onNext(255)) - client-370B164DE873->2a49c038-d560-47fc-b4bd-56f44e6f5fc7: receive RaftClientReply:client-370B164DE873->2a49c038-d560-47fc-b4bd-56f44e6f5fc7@group-9733FE70982D, cid=185, FAILED org.apache.ratis.protocol.StateMachineException: org.apache.hadoop.hdds.scm.container.common.helpers.ContainerNotOpenException from Server 2a49c038-d560-47fc-b4bd-56f44e6f5fc7: Container 1 in CLOSING state, logIndex=0, commits[2a49c038-d560-47fc-b4bd-56f44e6f5fc7:c18, 8d8094e5-0892-4a5d-835f-ac7a87dd3e0e:c17, 97f08126-dcc5-4d94-ac0d-f9c75ceb76fd:c16]
05:33:17.753 [grpc-default-executor-7] ERROR DNAudit - user=null | ip=null | op=WRITE_CHUNK {blockData=conID: 1 locID: 102721282245722126 bcsId: 14} | ret=FAILURE
org.apache.hadoop.hdds.scm.container.common.helpers.ContainerNotOpenException: Container 1 in CLOSING state
	at org.apache.hadoop.ozone.container.common.impl.HddsDispatcher.validateContainerCommand(HddsDispatcher.java:408) ~[hadoop-hdds-container-service-0.5.0-SNAPSHOT.jar:?]
	at org.apache.hadoop.ozone.container.common.transport.server.ratis.ContainerStateMachine.startTransaction(ContainerStateMachine.java:310) ~[hadoop-hdds-container-service-0.5.0-SNAPSHOT.jar:?]
	at org.apache.ratis.server.impl.RaftServerImpl.submitClientRequestAsync(RaftServerImpl.java:566) ~[ratis-server-0.4.0-2337318-SNAPSHOT.jar:0.4.0-2337318-SNAPSHOT]
	at org.apache.ratis.server.impl.RaftServerProxy.lambda$submitClientRequestAsync$7(RaftServerProxy.java:333) ~[ratis-server-0.4.0-2337318-SNAPSHOT.jar:0.4.0-2337318-SNAPSHOT]
	at org.apache.ratis.server.impl.RaftServerProxy.lambda$null$5(RaftServerProxy.java:328) ~[ratis-server-0.4.0-2337318-SNAPSHOT.jar:0.4.0-2337318-SNAPSHOT]
	at org.apache.ratis.util.JavaUtils.callAsUnchecked(JavaUtils.java:109) ~[ratis-common-0.4.0-2337318-SNAPSHOT.jar:0.4.0-2337318-SNAPSHOT]
	at org.apache.ratis.server.impl.RaftServerProxy.lambda$submitRequest$6(RaftServerProxy.java:328) ~[ratis-server-0.4.0-2337318-SNAPSHOT.jar:0.4.0-2337318-SNAPSHOT]
	at java.util.concurrent.CompletableFuture.uniComposeStage(CompletableFuture.java:981) ~[?:1.8.0_212]
	at java.util.concurrent.CompletableFuture.thenCompose(CompletableFuture.java:2124) ~[?:1.8.0_212]
	at org.apache.ratis.server.impl.RaftServerProxy.submitRequest(RaftServerProxy.java:327) ~[ratis-server-0.4.0-2337318-SNAPSHOT.jar:0.4.0-2337318-SNAPSHOT]
	at org.apache.ratis.server.impl.RaftServerProxy.submitClientRequestAsync(RaftServerProxy.java:333) ~[ratis-server-0.4.0-2337318-SNAPSHOT.jar:0.4.0-2337318-SNAPSHOT]
	at org.apache.ratis.grpc.client.GrpcClientProtocolService$RequestStreamObserver.processClientRequest(GrpcClientProtocolService.java:220) ~[ratis-grpc-0.4.0-2337318-SNAPSHOT.jar:0.4.0-2337318-SNAPSHOT]
	at org.apache.ratis.grpc.client.GrpcClientProtocolService$OrderedRequestStreamObserver.processClientRequest(GrpcClientProtocolService.java:326) ~[ratis-grpc-0.4.0-2337318-SNAPSHOT.jar:0.4.0-2337318-SNAPSHOT]
	at org.apache.ratis.util.SlidingWindow$Server.processRequestsFromHead(SlidingWindow.java:429) [ratis-common-0.4.0-2337318-SNAPSHOT.jar:0.4.0-2337318-SNAPSHOT]
	at org.apache.ratis.util.SlidingWindow$Server.receivedRequest(SlidingWindow.java:421) [ratis-common-0.4.0-2337318-SNAPSHOT.jar:0.4.0-2337318-SNAPSHOT]
	at org.apache.ratis.grpc.client.GrpcClientProtocolService$OrderedRequestStreamObserver.processClientRequest(GrpcClientProtocolService.java:345) [ratis-grpc-0.4.0-2337318-SNAPSHOT.jar:0.4.0-2337318-SNAPSHOT]
	at org.apache.ratis.grpc.client.GrpcClientProtocolService$RequestStreamObserver.onNext(GrpcClientProtocolService.java:240) [ratis-grpc-0.4.0-2337318-SNAPSHOT.jar:0.4.0-2337318-SNAPSHOT]
	at org.apache.ratis.grpc.client.GrpcClientProtocolService$RequestStreamObserver.onNext(GrpcClientProtocolService.java:168) [ratis-grpc-0.4.0-2337318-SNAPSHOT.jar:0.4.0-2337318-SNAPSHOT]
	at org.apache.ratis.thirdparty.io.grpc.stub.ServerCalls$StreamingServerCallHandler$StreamingServerCallListener.onMessage(ServerCalls.java:248) [ratis-thirdparty-misc-0.2.0.jar:0.2.0]
	at org.apache.ratis.thirdparty.io.grpc.internal.ServerCallImpl$ServerStreamListenerImpl.messagesAvailable(ServerCallImpl.java:263) [ratis-thirdparty-misc-0.2.0.jar:0.2.0]
	at org.apache.ratis.thirdparty.io.grpc.internal.ServerImpl$JumpToApplicationThreadServerStreamListener$1MessagesAvailable.runInContext(ServerImpl.java:686) [ratis-thirdparty-misc-0.2.0.jar:0.2.0]
	at org.apache.ratis.thirdparty.io.grpc.internal.ContextRunnable.run(ContextRunnable.java:37) [ratis-thirdparty-misc-0.2.0.jar:0.2.0]
	at org.apache.ratis.thirdparty.io.grpc.internal.SerializingExecutor.run(SerializingExecutor.java:123) [ratis-thirdparty-misc-0.2.0.jar:0.2.0]
	at java.util.concurrent.ThreadPoolExecutor.runWorker(ThreadPoolExecutor.java:1149) [?:1.8.0_212]
	at java.util.concurrent.ThreadPoolExecutor$Worker.run(ThreadPoolExecutor.java:624) [?:1.8.0_212]
	at java.lang.Thread.run(Thread.java:748) [?:1.8.0_212]
2019-09-02 05:33:17,754 [grpc-default-executor-9] INFO  client.GrpcClientProtocolClient (GrpcClientProtocolClient.java:onNext(255)) - client-370B164DE873->2a49c038-d560-47fc-b4bd-56f44e6f5fc7: receive RaftClientReply:client-370B164DE873->2a49c038-d560-47fc-b4bd-56f44e6f5fc7@group-9733FE70982D, cid=186, FAILED org.apache.ratis.protocol.StateMachineException: org.apache.hadoop.hdds.scm.container.common.helpers.ContainerNotOpenException from Server 2a49c038-d560-47fc-b4bd-56f44e6f5fc7: Container 1 in CLOSING state, logIndex=0, commits[2a49c038-d560-47fc-b4bd-56f44e6f5fc7:c18, 8d8094e5-0892-4a5d-835f-ac7a87dd3e0e:c17, 97f08126-dcc5-4d94-ac0d-f9c75ceb76fd:c16]
05:33:17.755 [grpc-default-executor-7] ERROR DNAudit - user=null | ip=null | op=WRITE_CHUNK {blockData=conID: 1 locID: 102721282245722126 bcsId: 14} | ret=FAILURE
org.apache.hadoop.hdds.scm.container.common.helpers.ContainerNotOpenException: Container 1 in CLOSING state
	at org.apache.hadoop.ozone.container.common.impl.HddsDispatcher.validateContainerCommand(HddsDispatcher.java:408) ~[hadoop-hdds-container-service-0.5.0-SNAPSHOT.jar:?]
	at org.apache.hadoop.ozone.container.common.transport.server.ratis.ContainerStateMachine.startTransaction(ContainerStateMachine.java:310) ~[hadoop-hdds-container-service-0.5.0-SNAPSHOT.jar:?]
	at org.apache.ratis.server.impl.RaftServerImpl.submitClientRequestAsync(RaftServerImpl.java:566) ~[ratis-server-0.4.0-2337318-SNAPSHOT.jar:0.4.0-2337318-SNAPSHOT]
	at org.apache.ratis.server.impl.RaftServerProxy.lambda$submitClientRequestAsync$7(RaftServerProxy.java:333) ~[ratis-server-0.4.0-2337318-SNAPSHOT.jar:0.4.0-2337318-SNAPSHOT]
	at org.apache.ratis.server.impl.RaftServerProxy.lambda$null$5(RaftServerProxy.java:328) ~[ratis-server-0.4.0-2337318-SNAPSHOT.jar:0.4.0-2337318-SNAPSHOT]
	at org.apache.ratis.util.JavaUtils.callAsUnchecked(JavaUtils.java:109) ~[ratis-common-0.4.0-2337318-SNAPSHOT.jar:0.4.0-2337318-SNAPSHOT]
	at org.apache.ratis.server.impl.RaftServerProxy.lambda$submitRequest$6(RaftServerProxy.java:328) ~[ratis-server-0.4.0-2337318-SNAPSHOT.jar:0.4.0-2337318-SNAPSHOT]
	at java.util.concurrent.CompletableFuture.uniComposeStage(CompletableFuture.java:981) ~[?:1.8.0_212]
	at java.util.concurrent.CompletableFuture.thenCompose(CompletableFuture.java:2124) ~[?:1.8.0_212]
	at org.apache.ratis.server.impl.RaftServerProxy.submitRequest(RaftServerProxy.java:327) ~[ratis-server-0.4.0-2337318-SNAPSHOT.jar:0.4.0-2337318-SNAPSHOT]
	at org.apache.ratis.server.impl.RaftServerProxy.submitClientRequestAsync(RaftServerProxy.java:333) ~[ratis-server-0.4.0-2337318-SNAPSHOT.jar:0.4.0-2337318-SNAPSHOT]
	at org.apache.ratis.grpc.client.GrpcClientProtocolService$RequestStreamObserver.processClientRequest(GrpcClientProtocolService.java:220) ~[ratis-grpc-0.4.0-2337318-SNAPSHOT.jar:0.4.0-2337318-SNAPSHOT]
	at org.apache.ratis.grpc.client.GrpcClientProtocolService$OrderedRequestStreamObserver.processClientRequest(GrpcClientProtocolService.java:326) ~[ratis-grpc-0.4.0-2337318-SNAPSHOT.jar:0.4.0-2337318-SNAPSHOT]
	at org.apache.ratis.util.SlidingWindow$Server.processRequestsFromHead(SlidingWindow.java:429) [ratis-common-0.4.0-2337318-SNAPSHOT.jar:0.4.0-2337318-SNAPSHOT]
	at org.apache.ratis.util.SlidingWindow$Server.receivedRequest(SlidingWindow.java:421) [ratis-common-0.4.0-2337318-SNAPSHOT.jar:0.4.0-2337318-SNAPSHOT]
	at org.apache.ratis.grpc.client.GrpcClientProtocolService$OrderedRequestStreamObserver.processClientRequest(GrpcClientProtocolService.java:345) [ratis-grpc-0.4.0-2337318-SNAPSHOT.jar:0.4.0-2337318-SNAPSHOT]
	at org.apache.ratis.grpc.client.GrpcClientProtocolService$RequestStreamObserver.onNext(GrpcClientProtocolService.java:240) [ratis-grpc-0.4.0-2337318-SNAPSHOT.jar:0.4.0-2337318-SNAPSHOT]
	at org.apache.ratis.grpc.client.GrpcClientProtocolService$RequestStreamObserver.onNext(GrpcClientProtocolService.java:168) [ratis-grpc-0.4.0-2337318-SNAPSHOT.jar:0.4.0-2337318-SNAPSHOT]
	at org.apache.ratis.thirdparty.io.grpc.stub.ServerCalls$StreamingServerCallHandler$StreamingServerCallListener.onMessage(ServerCalls.java:248) [ratis-thirdparty-misc-0.2.0.jar:0.2.0]
	at org.apache.ratis.thirdparty.io.grpc.internal.ServerCallImpl$ServerStreamListenerImpl.messagesAvailable(ServerCallImpl.java:263) [ratis-thirdparty-misc-0.2.0.jar:0.2.0]
	at org.apache.ratis.thirdparty.io.grpc.internal.ServerImpl$JumpToApplicationThreadServerStreamListener$1MessagesAvailable.runInContext(ServerImpl.java:686) [ratis-thirdparty-misc-0.2.0.jar:0.2.0]
	at org.apache.ratis.thirdparty.io.grpc.internal.ContextRunnable.run(ContextRunnable.java:37) [ratis-thirdparty-misc-0.2.0.jar:0.2.0]
	at org.apache.ratis.thirdparty.io.grpc.internal.SerializingExecutor.run(SerializingExecutor.java:123) [ratis-thirdparty-misc-0.2.0.jar:0.2.0]
	at java.util.concurrent.ThreadPoolExecutor.runWorker(ThreadPoolExecutor.java:1149) [?:1.8.0_212]
	at java.util.concurrent.ThreadPoolExecutor$Worker.run(ThreadPoolExecutor.java:624) [?:1.8.0_212]
	at java.lang.Thread.run(Thread.java:748) [?:1.8.0_212]
05:33:17.760 [grpc-default-executor-7] ERROR DNAudit - user=null | ip=null | op=PUT_BLOCK {blockData=[blockId=conID: 1 locID: 102721282245722126 bcsId: 0,size=800]} | ret=FAILURE
org.apache.hadoop.hdds.scm.container.common.helpers.ContainerNotOpenException: Container 1 in CLOSING state
	at org.apache.hadoop.ozone.container.common.impl.HddsDispatcher.validateContainerCommand(HddsDispatcher.java:408) ~[hadoop-hdds-container-service-0.5.0-SNAPSHOT.jar:?]
	at org.apache.hadoop.ozone.container.common.transport.server.ratis.ContainerStateMachine.startTransaction(ContainerStateMachine.java:310) ~[hadoop-hdds-container-service-0.5.0-SNAPSHOT.jar:?]
	at org.apache.ratis.server.impl.RaftServerImpl.submitClientRequestAsync(RaftServerImpl.java:566) ~[ratis-server-0.4.0-2337318-SNAPSHOT.jar:0.4.0-2337318-SNAPSHOT]
	at org.apache.ratis.server.impl.RaftServerProxy.lambda$submitClientRequestAsync$7(RaftServerProxy.java:333) ~[ratis-server-0.4.0-2337318-SNAPSHOT.jar:0.4.0-2337318-SNAPSHOT]
	at org.apache.ratis.server.impl.RaftServerProxy.lambda$null$5(RaftServerProxy.java:328) ~[ratis-server-0.4.0-2337318-SNAPSHOT.jar:0.4.0-2337318-SNAPSHOT]
	at org.apache.ratis.util.JavaUtils.callAsUnchecked(JavaUtils.java:109) ~[ratis-common-0.4.0-2337318-SNAPSHOT.jar:0.4.0-2337318-SNAPSHOT]
	at org.apache.ratis.server.impl.RaftServerProxy.lambda$submitRequest$6(RaftServerProxy.java:328) ~[ratis-server-0.4.0-2337318-SNAPSHOT.jar:0.4.0-2337318-SNAPSHOT]
	at java.util.concurrent.CompletableFuture.uniComposeStage(CompletableFuture.java:981) ~[?:1.8.0_212]
	at java.util.concurrent.CompletableFuture.thenCompose(CompletableFuture.java:2124) ~[?:1.8.0_212]
	at org.apache.ratis.server.impl.RaftServerProxy.submitRequest(RaftServerProxy.java:327) ~[ratis-server-0.4.0-2337318-SNAPSHOT.jar:0.4.0-2337318-SNAPSHOT]
	at org.apache.ratis.server.impl.RaftServerProxy.submitClientRequestAsync(RaftServerProxy.java:333) ~[ratis-server-0.4.0-2337318-SNAPSHOT.jar:0.4.0-2337318-SNAPSHOT]
	at org.apache.ratis.grpc.client.GrpcClientProtocolService$RequestStreamObserver.processClientRequest(GrpcClientProtocolService.java:220) ~[ratis-grpc-0.4.0-2337318-SNAPSHOT.jar:0.4.0-2337318-SNAPSHOT]
	at org.apache.ratis.grpc.client.GrpcClientProtocolService$OrderedRequestStreamObserver.processClientRequest(GrpcClientProtocolService.java:326) ~[ratis-grpc-0.4.0-2337318-SNAPSHOT.jar:0.4.0-2337318-SNAPSHOT]
	at org.apache.ratis.util.SlidingWindow$Server.processRequestsFromHead(SlidingWindow.java:429) [ratis-common-0.4.0-2337318-SNAPSHOT.jar:0.4.0-2337318-SNAPSHOT]
	at org.apache.ratis.util.SlidingWindow$Server.receivedRequest(SlidingWindow.java:421) [ratis-common-0.4.0-2337318-SNAPSHOT.jar:0.4.0-2337318-SNAPSHOT]
	at org.apache.ratis.grpc.client.GrpcClientProtocolService$OrderedRequestStreamObserver.processClientRequest(GrpcClientProtocolService.java:345) [ratis-grpc-0.4.0-2337318-SNAPSHOT.jar:0.4.0-2337318-SNAPSHOT]
	at org.apache.ratis.grpc.client.GrpcClientProtocolService$RequestStreamObserver.onNext(GrpcClientProtocolService.java:240) [ratis-grpc-0.4.0-2337318-SNAPSHOT.jar:0.4.0-2337318-SNAPSHOT]
	at org.apache.ratis.grpc.client.GrpcClientProtocolService$RequestStreamObserver.onNext(GrpcClientProtocolService.java:168) [ratis-grpc-0.4.0-2337318-SNAPSHOT.jar:0.4.0-2337318-SNAPSHOT]
	at org.apache.ratis.thirdparty.io.grpc.stub.ServerCalls$StreamingServerCallHandler$StreamingServerCallListener.onMessage(ServerCalls.java:248) [ratis-thirdparty-misc-0.2.0.jar:0.2.0]
	at org.apache.ratis.thirdparty.io.grpc.internal.ServerCallImpl$ServerStreamListenerImpl.messagesAvailable(ServerCallImpl.java:263) [ratis-thirdparty-misc-0.2.0.jar:0.2.0]
	at org.apache.ratis.thirdparty.io.grpc.internal.ServerImpl$JumpToApplicationThreadServerStreamListener$1MessagesAvailable.runInContext(ServerImpl.java:686) [ratis-thirdparty-misc-0.2.0.jar:0.2.0]
	at org.apache.ratis.thirdparty.io.grpc.internal.ContextRunnable.run(ContextRunnable.java:37) [ratis-thirdparty-misc-0.2.0.jar:0.2.0]
	at org.apache.ratis.thirdparty.io.grpc.internal.SerializingExecutor.run(SerializingExecutor.java:123) [ratis-thirdparty-misc-0.2.0.jar:0.2.0]
	at java.util.concurrent.ThreadPoolExecutor.runWorker(ThreadPoolExecutor.java:1149) [?:1.8.0_212]
	at java.util.concurrent.ThreadPoolExecutor$Worker.run(ThreadPoolExecutor.java:624) [?:1.8.0_212]
	at java.lang.Thread.run(Thread.java:748) [?:1.8.0_212]
2019-09-02 05:33:17,761 [grpc-default-executor-9] INFO  client.GrpcClientProtocolClient (GrpcClientProtocolClient.java:onNext(255)) - client-370B164DE873->2a49c038-d560-47fc-b4bd-56f44e6f5fc7: receive RaftClientReply:client-370B164DE873->2a49c038-d560-47fc-b4bd-56f44e6f5fc7@group-9733FE70982D, cid=187, FAILED org.apache.ratis.protocol.StateMachineException: org.apache.hadoop.hdds.scm.container.common.helpers.ContainerNotOpenException from Server 2a49c038-d560-47fc-b4bd-56f44e6f5fc7: Container 1 in CLOSING state, logIndex=0, commits[2a49c038-d560-47fc-b4bd-56f44e6f5fc7:c18, 8d8094e5-0892-4a5d-835f-ac7a87dd3e0e:c17, 97f08126-dcc5-4d94-ac0d-f9c75ceb76fd:c16]
2019-09-02 05:33:17,774 [grpc-default-executor-9] INFO  client.GrpcClientProtocolClient (GrpcClientProtocolClient.java:onNext(255)) - client-370B164DE873->2a49c038-d560-47fc-b4bd-56f44e6f5fc7: receive RaftClientReply:client-370B164DE873->2a49c038-d560-47fc-b4bd-56f44e6f5fc7@group-9733FE70982D, cid=188, FAILED org.apache.ratis.protocol.StateMachineException: org.apache.hadoop.hdds.scm.container.common.helpers.ContainerNotOpenException from Server 2a49c038-d560-47fc-b4bd-56f44e6f5fc7: Container 1 in CLOSING state, logIndex=0, commits[2a49c038-d560-47fc-b4bd-56f44e6f5fc7:c18, 8d8094e5-0892-4a5d-835f-ac7a87dd3e0e:c17, 97f08126-dcc5-4d94-ac0d-f9c75ceb76fd:c16]
2019-09-02 05:33:17,775 [grpc-default-executor-9] INFO  client.GrpcClientProtocolClient (GrpcClientProtocolClient.java:onNext(255)) - client-370B164DE873->2a49c038-d560-47fc-b4bd-56f44e6f5fc7: receive RaftClientReply:client-370B164DE873->2a49c038-d560-47fc-b4bd-56f44e6f5fc7@group-9733FE70982D, cid=189, FAILED org.apache.ratis.protocol.StateMachineException: org.apache.hadoop.hdds.scm.container.common.helpers.ContainerNotOpenException from Server 2a49c038-d560-47fc-b4bd-56f44e6f5fc7: Container 1 in CLOSING state, logIndex=0, commits[2a49c038-d560-47fc-b4bd-56f44e6f5fc7:c18, 8d8094e5-0892-4a5d-835f-ac7a87dd3e0e:c17, 97f08126-dcc5-4d94-ac0d-f9c75ceb76fd:c16]
2019-09-02 05:33:17,810 [grpc-default-executor-9] INFO  client.GrpcClientProtocolClient (GrpcClientProtocolClient.java:onNext(255)) - client-1A7EA98D13A5->67eaba4e-f747-41d5-a997-c067dc1992ac: receive RaftClientReply:client-1A7EA98D13A5->67eaba4e-f747-41d5-a997-c067dc1992ac@group-1D15FAEDB52B, cid=190, FAILED org.apache.ratis.protocol.NotLeaderException: Server 67eaba4e-f747-41d5-a997-c067dc1992ac is not the leader (057d0060-947b-42dc-a4e0-c40f5d11d24c:192.168.36.97:35756). Request must be sent to leader., logIndex=0, commits[67eaba4e-f747-41d5-a997-c067dc1992ac:c0, 6527f679-d3a1-40a5-bf72-2b9df3faf938:c0, 057d0060-947b-42dc-a4e0-c40f5d11d24c:c0]
2019-09-02 05:33:17,927 [grpc-default-executor-7] INFO  client.GrpcClientProtocolClient (GrpcClientProtocolClient.java:onNext(255)) - client-1A7EA98D13A5->057d0060-947b-42dc-a4e0-c40f5d11d24c: receive RaftClientReply:client-1A7EA98D13A5->057d0060-947b-42dc-a4e0-c40f5d11d24c@group-1D15FAEDB52B, cid=190, SUCCESS, logIndex=1, commits[057d0060-947b-42dc-a4e0-c40f5d11d24c:c2, 6527f679-d3a1-40a5-bf72-2b9df3faf938:c0, 67eaba4e-f747-41d5-a997-c067dc1992ac:c0]
2019-09-02 05:33:17,944 [grpc-default-executor-7] INFO  client.GrpcClientProtocolClient (GrpcClientProtocolClient.java:onNext(255)) - client-1A7EA98D13A5->057d0060-947b-42dc-a4e0-c40f5d11d24c: receive RaftClientReply:client-1A7EA98D13A5->057d0060-947b-42dc-a4e0-c40f5d11d24c@group-1D15FAEDB52B, cid=191, SUCCESS, logIndex=3, commits[057d0060-947b-42dc-a4e0-c40f5d11d24c:c5, 6527f679-d3a1-40a5-bf72-2b9df3faf938:c0, 67eaba4e-f747-41d5-a997-c067dc1992ac:c2]
2019-09-02 05:33:17,989 [grpc-default-executor-7] INFO  client.GrpcClientProtocolClient (GrpcClientProtocolClient.java:onNext(255)) - client-1A7EA98D13A5->057d0060-947b-42dc-a4e0-c40f5d11d24c: receive RaftClientReply:client-1A7EA98D13A5->057d0060-947b-42dc-a4e0-c40f5d11d24c@group-1D15FAEDB52B, cid=192, SUCCESS, logIndex=4, commits[057d0060-947b-42dc-a4e0-c40f5d11d24c:c11, 6527f679-d3a1-40a5-bf72-2b9df3faf938:c7, 67eaba4e-f747-41d5-a997-c067dc1992ac:c7]
2019-09-02 05:33:17,990 [grpc-default-executor-7] INFO  client.GrpcClientProtocolClient (GrpcClientProtocolClient.java:onNext(255)) - client-1A7EA98D13A5->057d0060-947b-42dc-a4e0-c40f5d11d24c: receive RaftClientReply:client-1A7EA98D13A5->057d0060-947b-42dc-a4e0-c40f5d11d24c@group-1D15FAEDB52B, cid=193, SUCCESS, logIndex=5, commits[057d0060-947b-42dc-a4e0-c40f5d11d24c:c11, 6527f679-d3a1-40a5-bf72-2b9df3faf938:c7, 67eaba4e-f747-41d5-a997-c067dc1992ac:c7]
2019-09-02 05:33:17,991 [grpc-default-executor-7] INFO  client.GrpcClientProtocolClient (GrpcClientProtocolClient.java:onNext(255)) - client-1A7EA98D13A5->057d0060-947b-42dc-a4e0-c40f5d11d24c: receive RaftClientReply:client-1A7EA98D13A5->057d0060-947b-42dc-a4e0-c40f5d11d24c@group-1D15FAEDB52B, cid=194, SUCCESS, logIndex=6, commits[057d0060-947b-42dc-a4e0-c40f5d11d24c:c11, 6527f679-d3a1-40a5-bf72-2b9df3faf938:c7, 67eaba4e-f747-41d5-a997-c067dc1992ac:c7]
2019-09-02 05:33:18,050 [grpc-default-executor-7] INFO  client.GrpcClientProtocolClient (GrpcClientProtocolClient.java:onNext(255)) - client-1A7EA98D13A5->057d0060-947b-42dc-a4e0-c40f5d11d24c: receive RaftClientReply:client-1A7EA98D13A5->057d0060-947b-42dc-a4e0-c40f5d11d24c@group-1D15FAEDB52B, cid=195, SUCCESS, logIndex=7, commits[057d0060-947b-42dc-a4e0-c40f5d11d24c:c11, 6527f679-d3a1-40a5-bf72-2b9df3faf938:c7, 67eaba4e-f747-41d5-a997-c067dc1992ac:c7]
2019-09-02 05:33:18,059 [grpc-default-executor-7] INFO  client.GrpcClientProtocolClient (GrpcClientProtocolClient.java:onNext(255)) - client-1A7EA98D13A5->057d0060-947b-42dc-a4e0-c40f5d11d24c: receive RaftClientReply:client-1A7EA98D13A5->057d0060-947b-42dc-a4e0-c40f5d11d24c@group-1D15FAEDB52B, cid=196, SUCCESS, logIndex=12, commits[057d0060-947b-42dc-a4e0-c40f5d11d24c:c13, 6527f679-d3a1-40a5-bf72-2b9df3faf938:c11, 67eaba4e-f747-41d5-a997-c067dc1992ac:c11]
2019-09-02 05:33:18,059 [grpc-default-executor-7] INFO  client.GrpcClientProtocolClient (GrpcClientProtocolClient.java:onNext(255)) - client-1A7EA98D13A5->057d0060-947b-42dc-a4e0-c40f5d11d24c: receive RaftClientReply:client-1A7EA98D13A5->057d0060-947b-42dc-a4e0-c40f5d11d24c@group-1D15FAEDB52B, cid=197, SUCCESS, logIndex=13, commits[057d0060-947b-42dc-a4e0-c40f5d11d24c:c13, 6527f679-d3a1-40a5-bf72-2b9df3faf938:c11, 67eaba4e-f747-41d5-a997-c067dc1992ac:c11]
2019-09-02 05:33:18,067 [grpc-default-executor-7] INFO  client.GrpcClientProtocolClient (GrpcClientProtocolClient.java:onNext(255)) - client-1A7EA98D13A5->057d0060-947b-42dc-a4e0-c40f5d11d24c: receive RaftClientReply:client-1A7EA98D13A5->057d0060-947b-42dc-a4e0-c40f5d11d24c@group-1D15FAEDB52B, cid=198, SUCCESS, logIndex=0, commits[057d0060-947b-42dc-a4e0-c40f5d11d24c:c14, 6527f679-d3a1-40a5-bf72-2b9df3faf938:c13, 67eaba4e-f747-41d5-a997-c067dc1992ac:c13]
2019-09-02 05:33:18,068 [main] INFO  ozone.MiniOzoneClusterImpl (MiniOzoneClusterImpl.java:shutdown(307)) - Shutting down the Mini Ozone Cluster
2019-09-02 05:33:18,069 [main] INFO  ozone.MiniOzoneClusterImpl (MiniOzoneClusterImpl.java:stop(322)) - Stopping the Mini Ozone Cluster
2019-09-02 05:33:18,069 [main] INFO  ozone.MiniOzoneClusterImpl (MiniOzoneClusterImpl.java:stop(324)) - Stopping the OzoneManager
2019-09-02 05:33:18,069 [main] INFO  ipc.Server (Server.java:stop(3082)) - Stopping server on 44010
2019-09-02 05:33:18,074 [IPC Server listener on 44010] INFO  ipc.Server (Server.java:run(1185)) - Stopping IPC Server listener on 44010
2019-09-02 05:33:18,076 [main] INFO  ratis.OzoneManagerDoubleBuffer (OzoneManagerDoubleBuffer.java:stop(248)) - Stopping OMDoubleBuffer flush thread
2019-09-02 05:33:18,080 [IPC Server Responder] INFO  ipc.Server (Server.java:run(1319)) - Stopping IPC Server Responder
2019-09-02 05:33:18,087 [OMDoubleBufferFlushThread] INFO  ratis.OzoneManagerDoubleBuffer (OzoneManagerDoubleBuffer.java:flushTransactions(191)) - OMDoubleBuffer flush thread OMDoubleBufferFlushThread is interrupted and will exit. OMDoubleBufferFlushThread
2019-09-02 05:33:18,097 [main] INFO  utils.BackgroundService (BackgroundService.java:shutdown(148)) - Shutting down service KeyDeletingService
2019-09-02 05:33:18,109 [main] INFO  handler.ContextHandler (ContextHandler.java:doStop(910)) - Stopped o.e.j.w.WebAppContext@611d0763{/,null,UNAVAILABLE}{/ozoneManager}
2019-09-02 05:33:18,109 [main] INFO  server.AbstractConnector (AbstractConnector.java:doStop(318)) - Stopped ServerConnector@615efd1c{HTTP/1.1,[http/1.1]}{0.0.0.0:0}
2019-09-02 05:33:18,110 [main] INFO  handler.ContextHandler (ContextHandler.java:doStop(910)) - Stopped o.e.j.s.ServletContextHandler@19b75b2b{/static,file:///workdir/hadoop-ozone/integration-test/target/test-classes/webapps/static,UNAVAILABLE}
2019-09-02 05:33:18,110 [main] INFO  handler.ContextHandler (ContextHandler.java:doStop(910)) - Stopped o.e.j.s.ServletContextHandler@478fb7dc{/logs,file:///workdir/hadoop-ozone/integration-test/target/log,UNAVAILABLE}
2019-09-02 05:33:18,112 [main] INFO  ozone.MiniOzoneClusterImpl (MiniOzoneClusterImpl.java:stop(330)) - Shutting the HddsDatanodes
2019-09-02 05:33:18,817 [Datanode State Machine Thread - 0] INFO  statemachine.DatanodeStateMachine (DatanodeStateMachine.java:lambda$startDaemon$0(350)) - Ozone container server started.
2019-09-02 05:33:18,902 [Datanode State Machine Thread - 0] INFO  statemachine.DatanodeStateMachine (DatanodeStateMachine.java:lambda$startDaemon$0(350)) - Ozone container server started.
2019-09-02 05:33:20,000 [grpc-default-executor-1] WARN  server.GrpcLogAppender (LogUtils.java:warn(134)) - 2a49c038-d560-47fc-b4bd-56f44e6f5fc7->97f08126-dcc5-4d94-ac0d-f9c75ceb76fd: Failed appendEntries: org.apache.ratis.thirdparty.io.grpc.StatusRuntimeException: UNAVAILABLE: io exception
2019-09-02 05:33:20,000 [grpc-default-executor-1] INFO  impl.FollowerInfo (FollowerInfo.java:lambda$new$0(50)) - 2a49c038-d560-47fc-b4bd-56f44e6f5fc7->97f08126-dcc5-4d94-ac0d-f9c75ceb76fd: nextIndex: updateUnconditionally 1 -> 0
2019-09-02 05:33:22,499 [grpc-default-executor-10] WARN  server.GrpcLogAppender (LogUtils.java:warn(134)) - 2a49c038-d560-47fc-b4bd-56f44e6f5fc7->97f08126-dcc5-4d94-ac0d-f9c75ceb76fd: Failed appendEntries: org.apache.ratis.thirdparty.io.grpc.StatusRuntimeException: UNAVAILABLE: io exception
2019-09-02 05:33:22,500 [grpc-default-executor-10] INFO  impl.FollowerInfo (FollowerInfo.java:lambda$new$0(50)) - 2a49c038-d560-47fc-b4bd-56f44e6f5fc7->97f08126-dcc5-4d94-ac0d-f9c75ceb76fd: nextIndex: updateUnconditionally 0 -> 0
2019-09-02 05:33:22,917 [EventQueue-StaleNodeForStaleNodeHandler] INFO  node.StaleNodeHandler (StaleNodeHandler.java:onMessage(58)) - Datanode 6527f679-d3a1-40a5-bf72-2b9df3faf938{ip: 192.168.36.97, host: trunk-nightly-20190902-fsht6-3309735379, networkLocation: /default-rack, certSerialId: null} moved to stale state. Finalizing its pipelines [PipelineID=aa11a71d-62aa-46b5-a821-e8d40afbe9a4, PipelineID=3a4f7152-127c-47f4-94cb-1d15faedb52b]
2019-09-02 05:33:22,917 [EventQueue-StaleNodeForStaleNodeHandler] INFO  pipeline.SCMPipelineManager (SCMPipelineManager.java:finalizeAndDestroyPipeline(309)) - destroying pipeline:Pipeline[ Id: aa11a71d-62aa-46b5-a821-e8d40afbe9a4, Nodes: 6527f679-d3a1-40a5-bf72-2b9df3faf938{ip: 192.168.36.97, host: trunk-nightly-20190902-fsht6-3309735379, networkLocation: /default-rack, certSerialId: null}, Type:RATIS, Factor:ONE, State:OPEN]
2019-09-02 05:33:22,917 [EventQueue-StaleNodeForStaleNodeHandler] INFO  pipeline.PipelineStateManager (PipelineStateManager.java:finalizePipeline(123)) - Pipeline Pipeline[ Id: aa11a71d-62aa-46b5-a821-e8d40afbe9a4, Nodes: 6527f679-d3a1-40a5-bf72-2b9df3faf938{ip: 192.168.36.97, host: trunk-nightly-20190902-fsht6-3309735379, networkLocation: /default-rack, certSerialId: null}, Type:RATIS, Factor:ONE, State:CLOSED] moved to CLOSED state
2019-09-02 05:33:22,918 [EventQueue-StaleNodeForStaleNodeHandler] INFO  pipeline.SCMPipelineManager (SCMPipelineManager.java:finalizeAndDestroyPipeline(309)) - destroying pipeline:Pipeline[ Id: 3a4f7152-127c-47f4-94cb-1d15faedb52b, Nodes: 67eaba4e-f747-41d5-a997-c067dc1992ac{ip: 192.168.36.97, host: trunk-nightly-20190902-fsht6-3309735379, networkLocation: /default-rack, certSerialId: null}6527f679-d3a1-40a5-bf72-2b9df3faf938{ip: 192.168.36.97, host: trunk-nightly-20190902-fsht6-3309735379, networkLocation: /default-rack, certSerialId: null}057d0060-947b-42dc-a4e0-c40f5d11d24c{ip: 192.168.36.97, host: trunk-nightly-20190902-fsht6-3309735379, networkLocation: /default-rack, certSerialId: null}, Type:RATIS, Factor:THREE, State:OPEN]
2019-09-02 05:33:22,918 [EventQueue-StaleNodeForStaleNodeHandler] INFO  pipeline.PipelineStateManager (PipelineStateManager.java:finalizePipeline(123)) - Pipeline Pipeline[ Id: 3a4f7152-127c-47f4-94cb-1d15faedb52b, Nodes: 67eaba4e-f747-41d5-a997-c067dc1992ac{ip: 192.168.36.97, host: trunk-nightly-20190902-fsht6-3309735379, networkLocation: /default-rack, certSerialId: null}6527f679-d3a1-40a5-bf72-2b9df3faf938{ip: 192.168.36.97, host: trunk-nightly-20190902-fsht6-3309735379, networkLocation: /default-rack, certSerialId: null}057d0060-947b-42dc-a4e0-c40f5d11d24c{ip: 192.168.36.97, host: trunk-nightly-20190902-fsht6-3309735379, networkLocation: /default-rack, certSerialId: null}, Type:RATIS, Factor:THREE, State:CLOSED] moved to CLOSED state
2019-09-02 05:33:22,918 [EventQueue-CloseContainerForCloseContainerEventHandler] INFO  container.CloseContainerEventHandler (CloseContainerEventHandler.java:onMessage(61)) - Close container Event triggered for container : #2
2019-09-02 05:33:22,918 [EventQueue-StaleNodeForStaleNodeHandler] INFO  node.StaleNodeHandler (StaleNodeHandler.java:onMessage(58)) - Datanode 1bfdf2db-1a04-469f-8974-4867e3ba9579{ip: 192.168.36.97, host: trunk-nightly-20190902-fsht6-3309735379, networkLocation: /default-rack, certSerialId: null} moved to stale state. Finalizing its pipelines [PipelineID=fd9e2790-2728-4f0a-b033-2bb258f91573]
2019-09-02 05:33:22,919 [EventQueue-StaleNodeForStaleNodeHandler] INFO  pipeline.SCMPipelineManager (SCMPipelineManager.java:finalizeAndDestroyPipeline(309)) - destroying pipeline:Pipeline[ Id: fd9e2790-2728-4f0a-b033-2bb258f91573, Nodes: 1bfdf2db-1a04-469f-8974-4867e3ba9579{ip: 192.168.36.97, host: trunk-nightly-20190902-fsht6-3309735379, networkLocation: /default-rack, certSerialId: null}, Type:RATIS, Factor:ONE, State:OPEN]
2019-09-02 05:33:22,919 [EventQueue-StaleNodeForStaleNodeHandler] INFO  pipeline.PipelineStateManager (PipelineStateManager.java:finalizePipeline(123)) - Pipeline Pipeline[ Id: fd9e2790-2728-4f0a-b033-2bb258f91573, Nodes: 1bfdf2db-1a04-469f-8974-4867e3ba9579{ip: 192.168.36.97, host: trunk-nightly-20190902-fsht6-3309735379, networkLocation: /default-rack, certSerialId: null}, Type:RATIS, Factor:ONE, State:CLOSED] moved to CLOSED state
2019-09-02 05:33:23,113 [ForkJoinPool.commonPool-worker-1] INFO  ozoneimpl.OzoneContainer (OzoneContainer.java:stop(215)) - Attempting to stop container services.
2019-09-02 05:33:23,113 [main] INFO  ozoneimpl.OzoneContainer (OzoneContainer.java:stop(215)) - Attempting to stop container services.
2019-09-02 05:33:23,115 [ForkJoinPool.commonPool-worker-1] INFO  impl.RaftServerProxy (RaftServerProxy.java:lambda$close$4(314)) - 6527f679-d3a1-40a5-bf72-2b9df3faf938: close
2019-09-02 05:33:23,115 [main] INFO  impl.RaftServerProxy (RaftServerProxy.java:lambda$close$4(314)) - 1bfdf2db-1a04-469f-8974-4867e3ba9579: close
2019-09-02 05:33:23,115 [ForkJoinPool.commonPool-worker-1] INFO  impl.RaftServerImpl (RaftServerImpl.java:lambda$shutdown$3(245)) - 6527f679-d3a1-40a5-bf72-2b9df3faf938: shutdown group-E8D40AFBE9A4
2019-09-02 05:33:23,116 [main] INFO  impl.RaftServerImpl (RaftServerImpl.java:lambda$shutdown$3(245)) - 1bfdf2db-1a04-469f-8974-4867e3ba9579: shutdown group-2BB258F91573
2019-09-02 05:33:23,116 [ForkJoinPool.commonPool-worker-1] INFO  util.JmxRegister (JmxRegister.java:unregister(73)) - Successfully un-registered JMX Bean with object name Ratis:service=RaftServer,group=group-E8D40AFBE9A4,id=6527f679-d3a1-40a5-bf72-2b9df3faf938
2019-09-02 05:33:23,116 [main] INFO  util.JmxRegister (JmxRegister.java:unregister(73)) - Successfully un-registered JMX Bean with object name Ratis:service=RaftServer,group=group-2BB258F91573,id=1bfdf2db-1a04-469f-8974-4867e3ba9579
2019-09-02 05:33:23,116 [ForkJoinPool.commonPool-worker-1] INFO  impl.RoleInfo (RoleInfo.java:shutdownLeaderState(104)) - 6527f679-d3a1-40a5-bf72-2b9df3faf938: shutdown LeaderState
2019-09-02 05:33:23,117 [main] INFO  impl.RoleInfo (RoleInfo.java:shutdownLeaderState(104)) - 1bfdf2db-1a04-469f-8974-4867e3ba9579: shutdown LeaderState
2019-09-02 05:33:23,117 [ForkJoinPool.commonPool-worker-1] INFO  impl.PendingRequests (PendingRequests.java:sendNotLeaderResponses(202)) - 6527f679-d3a1-40a5-bf72-2b9df3faf938-PendingRequests: sendNotLeaderResponses
2019-09-02 05:33:23,118 [main] INFO  impl.PendingRequests (PendingRequests.java:sendNotLeaderResponses(202)) - 1bfdf2db-1a04-469f-8974-4867e3ba9579-PendingRequests: sendNotLeaderResponses
2019-09-02 05:33:23,118 [ForkJoinPool.commonPool-worker-1] INFO  impl.StateMachineUpdater (StateMachineUpdater.java:stopAndJoin(115)) - StateMachineUpdater:6527f679-d3a1-40a5-bf72-2b9df3faf938:group-E8D40AFBE9A4: set stopIndex = 0
2019-09-02 05:33:23,118 [main] INFO  impl.StateMachineUpdater (StateMachineUpdater.java:stopAndJoin(115)) - StateMachineUpdater:1bfdf2db-1a04-469f-8974-4867e3ba9579:group-2BB258F91573: set stopIndex = 0
2019-09-02 05:33:23,119 [ForkJoinPool.commonPool-worker-1] INFO  impl.RaftServerImpl (ServerState.java:close(394)) - 6527f679-d3a1-40a5-bf72-2b9df3faf938:group-E8D40AFBE9A4 closes. The last applied log index is 0
2019-09-02 05:33:23,119 [main] INFO  impl.RaftServerImpl (ServerState.java:close(394)) - 1bfdf2db-1a04-469f-8974-4867e3ba9579:group-2BB258F91573 closes. The last applied log index is 0
2019-09-02 05:33:23,119 [6527f679-d3a1-40a5-bf72-2b9df3faf938-SegmentedRaftLogWorker:Storage Directory /workdir/hadoop-ozone/integration-test/target/test-dir/MiniOzoneClusterImpl-2a832e96-29dd-4f29-9444-310fee0a410e/datanode-1/data/ratis/aa11a71d-62aa-46b5-a821-e8d40afbe9a4] INFO  segmented.SegmentedRaftLogWorker (SegmentedRaftLogWorker.java:run(313)) - 6527f679-d3a1-40a5-bf72-2b9df3faf938-SegmentedRaftLogWorker:Storage Directory /workdir/hadoop-ozone/integration-test/target/test-dir/MiniOzoneClusterImpl-2a832e96-29dd-4f29-9444-310fee0a410e/datanode-1/data/ratis/aa11a71d-62aa-46b5-a821-e8d40afbe9a4 was interrupted, exiting. There are 0 tasks remaining in the queue.
2019-09-02 05:33:23,120 [1bfdf2db-1a04-469f-8974-4867e3ba9579-SegmentedRaftLogWorker:Storage Directory /workdir/hadoop-ozone/integration-test/target/test-dir/MiniOzoneClusterImpl-2a832e96-29dd-4f29-9444-310fee0a410e/datanode-4/data/ratis/fd9e2790-2728-4f0a-b033-2bb258f91573] INFO  segmented.SegmentedRaftLogWorker (SegmentedRaftLogWorker.java:run(313)) - 1bfdf2db-1a04-469f-8974-4867e3ba9579-SegmentedRaftLogWorker:Storage Directory /workdir/hadoop-ozone/integration-test/target/test-dir/MiniOzoneClusterImpl-2a832e96-29dd-4f29-9444-310fee0a410e/datanode-4/data/ratis/fd9e2790-2728-4f0a-b033-2bb258f91573 was interrupted, exiting. There are 0 tasks remaining in the queue.
2019-09-02 05:33:23,126 [ForkJoinPool.commonPool-worker-1] INFO  segmented.SegmentedRaftLogWorker (SegmentedRaftLogWorker.java:close(228)) - 6527f679-d3a1-40a5-bf72-2b9df3faf938-SegmentedRaftLogWorker:Storage Directory /workdir/hadoop-ozone/integration-test/target/test-dir/MiniOzoneClusterImpl-2a832e96-29dd-4f29-9444-310fee0a410e/datanode-1/data/ratis/aa11a71d-62aa-46b5-a821-e8d40afbe9a4 close()
2019-09-02 05:33:23,129 [ForkJoinPool.commonPool-worker-1] INFO  impl.RaftServerImpl (RaftServerImpl.java:lambda$shutdown$3(245)) - 6527f679-d3a1-40a5-bf72-2b9df3faf938: shutdown group-1D15FAEDB52B
2019-09-02 05:33:23,130 [ForkJoinPool.commonPool-worker-1] INFO  util.JmxRegister (JmxRegister.java:unregister(73)) - Successfully un-registered JMX Bean with object name Ratis:service=RaftServer,group=group-1D15FAEDB52B,id=6527f679-d3a1-40a5-bf72-2b9df3faf938
2019-09-02 05:33:23,130 [ForkJoinPool.commonPool-worker-1] INFO  impl.RoleInfo (RoleInfo.java:shutdownFollowerState(121)) - 6527f679-d3a1-40a5-bf72-2b9df3faf938: shutdown FollowerState
2019-09-02 05:33:23,130 [ForkJoinPool.commonPool-worker-1] INFO  impl.StateMachineUpdater (StateMachineUpdater.java:stopAndJoin(115)) - StateMachineUpdater:6527f679-d3a1-40a5-bf72-2b9df3faf938:group-1D15FAEDB52B: set stopIndex = 15
2019-09-02 05:33:23,130 [StateMachineUpdater:6527f679-d3a1-40a5-bf72-2b9df3faf938:group-1D15FAEDB52B] INFO  ratis.ContainerStateMachine (ContainerStateMachine.java:takeSnapshot(284)) - group-1D15FAEDB52B: Taking a snapshot at:(t:1, i:13) file /workdir/hadoop-ozone/integration-test/target/test-dir/MiniOzoneClusterImpl-2a832e96-29dd-4f29-9444-310fee0a410e/datanode-1/data/ratis/3a4f7152-127c-47f4-94cb-1d15faedb52b/sm/snapshot.1_13
2019-09-02 05:33:23,130 [Thread-3364] INFO  impl.FollowerState (FollowerState.java:run(114)) - 6527f679-d3a1-40a5-bf72-2b9df3faf938: FollowerState was interrupted: java.lang.InterruptedException: sleep interrupted
2019-09-02 05:33:23,136 [main] INFO  segmented.SegmentedRaftLogWorker (SegmentedRaftLogWorker.java:close(228)) - 1bfdf2db-1a04-469f-8974-4867e3ba9579-SegmentedRaftLogWorker:Storage Directory /workdir/hadoop-ozone/integration-test/target/test-dir/MiniOzoneClusterImpl-2a832e96-29dd-4f29-9444-310fee0a410e/datanode-4/data/ratis/fd9e2790-2728-4f0a-b033-2bb258f91573 close()
2019-09-02 05:33:23,140 [main] INFO  server.GrpcService (GrpcService.java:closeImpl(155)) - 1bfdf2db-1a04-469f-8974-4867e3ba9579: shutdown server with port 40332 now
2019-09-02 05:33:23,150 [StateMachineUpdater:6527f679-d3a1-40a5-bf72-2b9df3faf938:group-1D15FAEDB52B] INFO  ratis.ContainerStateMachine (ContainerStateMachine.java:takeSnapshot(295)) - group-1D15FAEDB52B: Finished taking a snapshot at:(t:1, i:13) file:/workdir/hadoop-ozone/integration-test/target/test-dir/MiniOzoneClusterImpl-2a832e96-29dd-4f29-9444-310fee0a410e/datanode-1/data/ratis/3a4f7152-127c-47f4-94cb-1d15faedb52b/sm/snapshot.1_13 time:19
2019-09-02 05:33:23,150 [main] INFO  server.GrpcService (GrpcService.java:closeImpl(163)) - 1bfdf2db-1a04-469f-8974-4867e3ba9579: shutdown server with port 40332 successfully
2019-09-02 05:33:23,150 [StateMachineUpdater:6527f679-d3a1-40a5-bf72-2b9df3faf938:group-1D15FAEDB52B] INFO  impl.StateMachineUpdater (StateMachineUpdater.java:takeSnapshot(242)) - StateMachineUpdater:6527f679-d3a1-40a5-bf72-2b9df3faf938:group-1D15FAEDB52B: Took a snapshot at index 13
2019-09-02 05:33:23,150 [StateMachineUpdater:6527f679-d3a1-40a5-bf72-2b9df3faf938:group-1D15FAEDB52B] INFO  impl.StateMachineUpdater (StateMachineUpdater.java:lambda$new$0(80)) - StateMachineUpdater:6527f679-d3a1-40a5-bf72-2b9df3faf938:group-1D15FAEDB52B: snapshotIndex: updateIncreasingly -1 -> 13
2019-09-02 05:33:23,151 [ForkJoinPool.commonPool-worker-1] INFO  impl.RaftServerImpl (ServerState.java:close(394)) - 6527f679-d3a1-40a5-bf72-2b9df3faf938:group-1D15FAEDB52B closes. The last applied log index is 15
2019-09-02 05:33:23,151 [6527f679-d3a1-40a5-bf72-2b9df3faf938-SegmentedRaftLogWorker:Storage Directory /workdir/hadoop-ozone/integration-test/target/test-dir/MiniOzoneClusterImpl-2a832e96-29dd-4f29-9444-310fee0a410e/datanode-1/data/ratis/3a4f7152-127c-47f4-94cb-1d15faedb52b] INFO  segmented.SegmentedRaftLogWorker (SegmentedRaftLogWorker.java:run(313)) - 6527f679-d3a1-40a5-bf72-2b9df3faf938-SegmentedRaftLogWorker:Storage Directory /workdir/hadoop-ozone/integration-test/target/test-dir/MiniOzoneClusterImpl-2a832e96-29dd-4f29-9444-310fee0a410e/datanode-1/data/ratis/3a4f7152-127c-47f4-94cb-1d15faedb52b was interrupted, exiting. There are 0 tasks remaining in the queue.
2019-09-02 05:33:23,154 [ForkJoinPool.commonPool-worker-1] INFO  segmented.SegmentedRaftLogWorker (SegmentedRaftLogWorker.java:close(228)) - 6527f679-d3a1-40a5-bf72-2b9df3faf938-SegmentedRaftLogWorker:Storage Directory /workdir/hadoop-ozone/integration-test/target/test-dir/MiniOzoneClusterImpl-2a832e96-29dd-4f29-9444-310fee0a410e/datanode-1/data/ratis/3a4f7152-127c-47f4-94cb-1d15faedb52b close()
2019-09-02 05:33:23,157 [ForkJoinPool.commonPool-worker-1] INFO  server.GrpcService (GrpcService.java:closeImpl(155)) - 6527f679-d3a1-40a5-bf72-2b9df3faf938: shutdown server with port 38848 now
2019-09-02 05:33:23,157 [refreshUsed-/workdir/hadoop-ozone/integration-test/target/test-dir/MiniOzoneClusterImpl-2a832e96-29dd-4f29-9444-310fee0a410e/datanode-4/data/containers] WARN  fs.CachingGetSpaceUsed (CachingGetSpaceUsed.java:run(183)) - Thread Interrupted waiting to refresh disk information: sleep interrupted
2019-09-02 05:33:23,158 [grpc-default-executor-7] WARN  server.GrpcServerProtocolService (LogUtils.java:warn(134)) - 6527f679-d3a1-40a5-bf72-2b9df3faf938: appendEntries onError: org.apache.ratis.thirdparty.io.grpc.StatusRuntimeException: CANCELLED: cancelled before receiving half close
2019-09-02 05:33:23,158 [grpc-default-executor-10] WARN  server.GrpcLogAppender (LogUtils.java:warn(134)) - 057d0060-947b-42dc-a4e0-c40f5d11d24c->6527f679-d3a1-40a5-bf72-2b9df3faf938: Failed appendEntries: org.apache.ratis.thirdparty.io.grpc.StatusRuntimeException: CANCELLED: HTTP/2 error code: CANCEL
Received Rst Stream
2019-09-02 05:33:23,158 [ForkJoinPool.commonPool-worker-1] INFO  server.GrpcService (GrpcService.java:closeImpl(163)) - 6527f679-d3a1-40a5-bf72-2b9df3faf938: shutdown server with port 38848 successfully
2019-09-02 05:33:23,160 [grpc-default-executor-10] INFO  impl.FollowerInfo (FollowerInfo.java:lambda$new$0(50)) - 057d0060-947b-42dc-a4e0-c40f5d11d24c->6527f679-d3a1-40a5-bf72-2b9df3faf938: nextIndex: updateUnconditionally 16 -> 15
2019-09-02 05:33:23,162 [refreshUsed-/workdir/hadoop-ozone/integration-test/target/test-dir/MiniOzoneClusterImpl-2a832e96-29dd-4f29-9444-310fee0a410e/datanode-1/data/containers] WARN  fs.CachingGetSpaceUsed (CachingGetSpaceUsed.java:run(183)) - Thread Interrupted waiting to refresh disk information: sleep interrupted
2019-09-02 05:33:23,182 [main] INFO  utils.BackgroundService (BackgroundService.java:shutdown(148)) - Shutting down service BlockDeletingService
2019-09-02 05:33:23,185 [ForkJoinPool.commonPool-worker-1] INFO  utils.BackgroundService (BackgroundService.java:shutdown(148)) - Shutting down service BlockDeletingService
2019-09-02 05:33:23,186 [main] INFO  statemachine.DatanodeStateMachine (DatanodeStateMachine.java:stopDaemon(395)) - Ozone container server stopped.
2019-09-02 05:33:23,190 [ForkJoinPool.commonPool-worker-1] INFO  statemachine.DatanodeStateMachine (DatanodeStateMachine.java:stopDaemon(395)) - Ozone container server stopped.
2019-09-02 05:33:23,194 [ForkJoinPool.commonPool-worker-1] INFO  handler.ContextHandler (ContextHandler.java:doStop(910)) - Stopped o.e.j.w.WebAppContext@636985df{/,null,UNAVAILABLE}{/hddsDatanode}
2019-09-02 05:33:23,194 [main] INFO  handler.ContextHandler (ContextHandler.java:doStop(910)) - Stopped o.e.j.w.WebAppContext@52ba685a{/,null,UNAVAILABLE}{/hddsDatanode}
2019-09-02 05:33:23,195 [ForkJoinPool.commonPool-worker-1] INFO  server.AbstractConnector (AbstractConnector.java:doStop(318)) - Stopped ServerConnector@6f91fbda{HTTP/1.1,[http/1.1]}{0.0.0.0:0}
2019-09-02 05:33:23,196 [main] INFO  server.AbstractConnector (AbstractConnector.java:doStop(318)) - Stopped ServerConnector@63d677f5{HTTP/1.1,[http/1.1]}{0.0.0.0:0}
2019-09-02 05:33:23,196 [ForkJoinPool.commonPool-worker-1] INFO  handler.ContextHandler (ContextHandler.java:doStop(910)) - Stopped o.e.j.s.ServletContextHandler@2313db84{/static,jar:file:/home/user/.m2/repository/org/apache/hadoop/hadoop-hdds-container-service/0.5.0-SNAPSHOT/hadoop-hdds-container-service-0.5.0-SNAPSHOT.jar!/webapps/static,UNAVAILABLE}
2019-09-02 05:33:23,196 [main] INFO  handler.ContextHandler (ContextHandler.java:doStop(910)) - Stopped o.e.j.s.ServletContextHandler@62f9c790{/static,jar:file:/home/user/.m2/repository/org/apache/hadoop/hadoop-hdds-container-service/0.5.0-SNAPSHOT/hadoop-hdds-container-service-0.5.0-SNAPSHOT.jar!/webapps/static,UNAVAILABLE}
2019-09-02 05:33:23,198 [ForkJoinPool.commonPool-worker-1] INFO  handler.ContextHandler (ContextHandler.java:doStop(910)) - Stopped o.e.j.s.ServletContextHandler@d2708a7{/logs,file:///workdir/hadoop-ozone/integration-test/target/log,UNAVAILABLE}
2019-09-02 05:33:23,198 [main] INFO  handler.ContextHandler (ContextHandler.java:doStop(910)) - Stopped o.e.j.s.ServletContextHandler@19662208{/logs,file:///workdir/hadoop-ozone/integration-test/target/log,UNAVAILABLE}
2019-09-02 05:33:23,302 [Datanode State Machine Thread - 0] INFO  statemachine.DatanodeStateMachine (DatanodeStateMachine.java:lambda$startDaemon$0(350)) - Ozone container server started.
2019-09-02 05:33:23,918 [Datanode State Machine Thread - 0] INFO  statemachine.DatanodeStateMachine (DatanodeStateMachine.java:lambda$startDaemon$0(350)) - Ozone container server started.
2019-09-02 05:33:24,998 [grpc-default-executor-10] WARN  server.GrpcLogAppender (LogUtils.java:warn(134)) - 2a49c038-d560-47fc-b4bd-56f44e6f5fc7->97f08126-dcc5-4d94-ac0d-f9c75ceb76fd: Failed appendEntries: org.apache.ratis.thirdparty.io.grpc.StatusRuntimeException: UNAVAILABLE: io exception
2019-09-02 05:33:24,999 [grpc-default-executor-10] INFO  impl.FollowerInfo (FollowerInfo.java:lambda$new$0(50)) - 2a49c038-d560-47fc-b4bd-56f44e6f5fc7->97f08126-dcc5-4d94-ac0d-f9c75ceb76fd: nextIndex: updateUnconditionally 0 -> 0
2019-09-02 05:33:25,569 [grpc-default-executor-1] WARN  server.GrpcLogAppender (LogUtils.java:warn(134)) - 057d0060-947b-42dc-a4e0-c40f5d11d24c->6527f679-d3a1-40a5-bf72-2b9df3faf938: Failed appendEntries: org.apache.ratis.thirdparty.io.grpc.StatusRuntimeException: UNAVAILABLE: io exception
2019-09-02 05:33:25,570 [grpc-default-executor-1] INFO  impl.FollowerInfo (FollowerInfo.java:lambda$new$0(50)) - 057d0060-947b-42dc-a4e0-c40f5d11d24c->6527f679-d3a1-40a5-bf72-2b9df3faf938: nextIndex: updateUnconditionally 15 -> 14
2019-09-02 05:33:27,323 [EventQueue-StaleNodeForStaleNodeHandler] INFO  node.StaleNodeHandler (StaleNodeHandler.java:onMessage(58)) - Datanode 2a49c038-d560-47fc-b4bd-56f44e6f5fc7{ip: 192.168.36.97, host: trunk-nightly-20190902-fsht6-3309735379, networkLocation: /default-rack, certSerialId: null} moved to stale state. Finalizing its pipelines [PipelineID=55be4589-99e1-4abb-a362-d47d4a6f1009, PipelineID=f866df2f-417d-43c7-bc42-9733fe70982d]
2019-09-02 05:33:27,323 [EventQueue-StaleNodeForStaleNodeHandler] INFO  pipeline.SCMPipelineManager (SCMPipelineManager.java:finalizeAndDestroyPipeline(309)) - destroying pipeline:Pipeline[ Id: 55be4589-99e1-4abb-a362-d47d4a6f1009, Nodes: 2a49c038-d560-47fc-b4bd-56f44e6f5fc7{ip: 192.168.36.97, host: trunk-nightly-20190902-fsht6-3309735379, networkLocation: /default-rack, certSerialId: null}, Type:RATIS, Factor:ONE, State:OPEN]
2019-09-02 05:33:27,323 [EventQueue-StaleNodeForStaleNodeHandler] INFO  pipeline.PipelineStateManager (PipelineStateManager.java:finalizePipeline(123)) - Pipeline Pipeline[ Id: 55be4589-99e1-4abb-a362-d47d4a6f1009, Nodes: 2a49c038-d560-47fc-b4bd-56f44e6f5fc7{ip: 192.168.36.97, host: trunk-nightly-20190902-fsht6-3309735379, networkLocation: /default-rack, certSerialId: null}, Type:RATIS, Factor:ONE, State:CLOSED] moved to CLOSED state
2019-09-02 05:33:27,324 [EventQueue-StaleNodeForStaleNodeHandler] INFO  pipeline.SCMPipelineManager (SCMPipelineManager.java:finalizeAndDestroyPipeline(309)) - destroying pipeline:Pipeline[ Id: f866df2f-417d-43c7-bc42-9733fe70982d, Nodes: 97f08126-dcc5-4d94-ac0d-f9c75ceb76fd{ip: 192.168.36.97, host: trunk-nightly-20190902-fsht6-3309735379, networkLocation: /default-rack, certSerialId: null}2a49c038-d560-47fc-b4bd-56f44e6f5fc7{ip: 192.168.36.97, host: trunk-nightly-20190902-fsht6-3309735379, networkLocation: /default-rack, certSerialId: null}8d8094e5-0892-4a5d-835f-ac7a87dd3e0e{ip: 192.168.36.97, host: trunk-nightly-20190902-fsht6-3309735379, networkLocation: /default-rack, certSerialId: null}, Type:RATIS, Factor:THREE, State:CLOSED]
2019-09-02 05:33:27,499 [grpc-default-executor-7] WARN  server.GrpcLogAppender (LogUtils.java:warn(134)) - 2a49c038-d560-47fc-b4bd-56f44e6f5fc7->97f08126-dcc5-4d94-ac0d-f9c75ceb76fd: Failed appendEntries: org.apache.ratis.thirdparty.io.grpc.StatusRuntimeException: UNAVAILABLE: io exception
2019-09-02 05:33:27,500 [grpc-default-executor-7] INFO  impl.FollowerInfo (FollowerInfo.java:lambda$new$0(50)) - 2a49c038-d560-47fc-b4bd-56f44e6f5fc7->97f08126-dcc5-4d94-ac0d-f9c75ceb76fd: nextIndex: updateUnconditionally 0 -> 0
2019-09-02 05:33:27,924 [EventQueue-StaleNodeForStaleNodeHandler] INFO  node.StaleNodeHandler (StaleNodeHandler.java:onMessage(58)) - Datanode 057d0060-947b-42dc-a4e0-c40f5d11d24c{ip: 192.168.36.97, host: trunk-nightly-20190902-fsht6-3309735379, networkLocation: /default-rack, certSerialId: null} moved to stale state. Finalizing its pipelines [PipelineID=46ef7ace-e631-4670-8959-7fc160994885, PipelineID=3a4f7152-127c-47f4-94cb-1d15faedb52b]
2019-09-02 05:33:27,924 [EventQueue-StaleNodeForStaleNodeHandler] INFO  pipeline.SCMPipelineManager (SCMPipelineManager.java:finalizeAndDestroyPipeline(309)) - destroying pipeline:Pipeline[ Id: 46ef7ace-e631-4670-8959-7fc160994885, Nodes: 057d0060-947b-42dc-a4e0-c40f5d11d24c{ip: 192.168.36.97, host: trunk-nightly-20190902-fsht6-3309735379, networkLocation: /default-rack, certSerialId: null}, Type:RATIS, Factor:ONE, State:OPEN]
2019-09-02 05:33:27,924 [EventQueue-StaleNodeForStaleNodeHandler] INFO  pipeline.PipelineStateManager (PipelineStateManager.java:finalizePipeline(123)) - Pipeline Pipeline[ Id: 46ef7ace-e631-4670-8959-7fc160994885, Nodes: 057d0060-947b-42dc-a4e0-c40f5d11d24c{ip: 192.168.36.97, host: trunk-nightly-20190902-fsht6-3309735379, networkLocation: /default-rack, certSerialId: null}, Type:RATIS, Factor:ONE, State:CLOSED] moved to CLOSED state
2019-09-02 05:33:27,925 [EventQueue-StaleNodeForStaleNodeHandler] INFO  pipeline.SCMPipelineManager (SCMPipelineManager.java:finalizeAndDestroyPipeline(309)) - destroying pipeline:Pipeline[ Id: 3a4f7152-127c-47f4-94cb-1d15faedb52b, Nodes: 67eaba4e-f747-41d5-a997-c067dc1992ac{ip: 192.168.36.97, host: trunk-nightly-20190902-fsht6-3309735379, networkLocation: /default-rack, certSerialId: null}6527f679-d3a1-40a5-bf72-2b9df3faf938{ip: 192.168.36.97, host: trunk-nightly-20190902-fsht6-3309735379, networkLocation: /default-rack, certSerialId: null}057d0060-947b-42dc-a4e0-c40f5d11d24c{ip: 192.168.36.97, host: trunk-nightly-20190902-fsht6-3309735379, networkLocation: /default-rack, certSerialId: null}, Type:RATIS, Factor:THREE, State:CLOSED]
2019-09-02 05:33:28,070 [grpc-default-executor-7] WARN  server.GrpcLogAppender (LogUtils.java:warn(134)) - 057d0060-947b-42dc-a4e0-c40f5d11d24c->6527f679-d3a1-40a5-bf72-2b9df3faf938: Failed appendEntries: org.apache.ratis.thirdparty.io.grpc.StatusRuntimeException: UNAVAILABLE: io exception
2019-09-02 05:33:28,071 [grpc-default-executor-7] INFO  impl.FollowerInfo (FollowerInfo.java:lambda$new$0(50)) - 057d0060-947b-42dc-a4e0-c40f5d11d24c->6527f679-d3a1-40a5-bf72-2b9df3faf938: nextIndex: updateUnconditionally 14 -> 13
2019-09-02 05:33:28,200 [ForkJoinPool.commonPool-worker-1] INFO  ozoneimpl.OzoneContainer (OzoneContainer.java:stop(215)) - Attempting to stop container services.
2019-09-02 05:33:28,200 [main] INFO  ozoneimpl.OzoneContainer (OzoneContainer.java:stop(215)) - Attempting to stop container services.
2019-09-02 05:33:28,200 [ForkJoinPool.commonPool-worker-1] INFO  impl.RaftServerProxy (RaftServerProxy.java:lambda$close$4(314)) - 057d0060-947b-42dc-a4e0-c40f5d11d24c: close
2019-09-02 05:33:28,201 [main] INFO  impl.RaftServerProxy (RaftServerProxy.java:lambda$close$4(314)) - 2a49c038-d560-47fc-b4bd-56f44e6f5fc7: close
2019-09-02 05:33:28,201 [ForkJoinPool.commonPool-worker-1] INFO  impl.RaftServerImpl (RaftServerImpl.java:lambda$shutdown$3(245)) - 057d0060-947b-42dc-a4e0-c40f5d11d24c: shutdown group-7FC160994885
2019-09-02 05:33:28,201 [main] INFO  impl.RaftServerImpl (RaftServerImpl.java:lambda$shutdown$3(245)) - 2a49c038-d560-47fc-b4bd-56f44e6f5fc7: shutdown group-D47D4A6F1009
2019-09-02 05:33:28,201 [ForkJoinPool.commonPool-worker-1] INFO  util.JmxRegister (JmxRegister.java:unregister(73)) - Successfully un-registered JMX Bean with object name Ratis:service=RaftServer,group=group-7FC160994885,id=057d0060-947b-42dc-a4e0-c40f5d11d24c
2019-09-02 05:33:28,202 [main] INFO  util.JmxRegister (JmxRegister.java:unregister(73)) - Successfully un-registered JMX Bean with object name Ratis:service=RaftServer,group=group-D47D4A6F1009,id=2a49c038-d560-47fc-b4bd-56f44e6f5fc7
2019-09-02 05:33:28,203 [main] INFO  impl.RoleInfo (RoleInfo.java:shutdownLeaderState(104)) - 2a49c038-d560-47fc-b4bd-56f44e6f5fc7: shutdown LeaderState
2019-09-02 05:33:28,202 [ForkJoinPool.commonPool-worker-1] INFO  impl.RoleInfo (RoleInfo.java:shutdownLeaderState(104)) - 057d0060-947b-42dc-a4e0-c40f5d11d24c: shutdown LeaderState
2019-09-02 05:33:28,203 [main] INFO  impl.PendingRequests (PendingRequests.java:sendNotLeaderResponses(202)) - 2a49c038-d560-47fc-b4bd-56f44e6f5fc7-PendingRequests: sendNotLeaderResponses
2019-09-02 05:33:28,203 [ForkJoinPool.commonPool-worker-1] INFO  impl.PendingRequests (PendingRequests.java:sendNotLeaderResponses(202)) - 057d0060-947b-42dc-a4e0-c40f5d11d24c-PendingRequests: sendNotLeaderResponses
2019-09-02 05:33:28,204 [main] INFO  impl.StateMachineUpdater (StateMachineUpdater.java:stopAndJoin(115)) - StateMachineUpdater:2a49c038-d560-47fc-b4bd-56f44e6f5fc7:group-D47D4A6F1009: set stopIndex = 0
2019-09-02 05:33:28,204 [main] INFO  impl.RaftServerImpl (ServerState.java:close(394)) - 2a49c038-d560-47fc-b4bd-56f44e6f5fc7:group-D47D4A6F1009 closes. The last applied log index is 0
2019-09-02 05:33:28,204 [ForkJoinPool.commonPool-worker-1] INFO  impl.StateMachineUpdater (StateMachineUpdater.java:stopAndJoin(115)) - StateMachineUpdater:057d0060-947b-42dc-a4e0-c40f5d11d24c:group-7FC160994885: set stopIndex = 0
2019-09-02 05:33:28,205 [2a49c038-d560-47fc-b4bd-56f44e6f5fc7-SegmentedRaftLogWorker:Storage Directory /workdir/hadoop-ozone/integration-test/target/test-dir/MiniOzoneClusterImpl-2a832e96-29dd-4f29-9444-310fee0a410e/datanode-3/data/ratis/55be4589-99e1-4abb-a362-d47d4a6f1009] INFO  segmented.SegmentedRaftLogWorker (SegmentedRaftLogWorker.java:run(313)) - 2a49c038-d560-47fc-b4bd-56f44e6f5fc7-SegmentedRaftLogWorker:Storage Directory /workdir/hadoop-ozone/integration-test/target/test-dir/MiniOzoneClusterImpl-2a832e96-29dd-4f29-9444-310fee0a410e/datanode-3/data/ratis/55be4589-99e1-4abb-a362-d47d4a6f1009 was interrupted, exiting. There are 0 tasks remaining in the queue.
2019-09-02 05:33:28,205 [ForkJoinPool.commonPool-worker-1] INFO  impl.RaftServerImpl (ServerState.java:close(394)) - 057d0060-947b-42dc-a4e0-c40f5d11d24c:group-7FC160994885 closes. The last applied log index is 0
2019-09-02 05:33:28,208 [main] INFO  segmented.SegmentedRaftLogWorker (SegmentedRaftLogWorker.java:close(228)) - 2a49c038-d560-47fc-b4bd-56f44e6f5fc7-SegmentedRaftLogWorker:Storage Directory /workdir/hadoop-ozone/integration-test/target/test-dir/MiniOzoneClusterImpl-2a832e96-29dd-4f29-9444-310fee0a410e/datanode-3/data/ratis/55be4589-99e1-4abb-a362-d47d4a6f1009 close()
2019-09-02 05:33:28,208 [057d0060-947b-42dc-a4e0-c40f5d11d24c-SegmentedRaftLogWorker:Storage Directory /workdir/hadoop-ozone/integration-test/target/test-dir/MiniOzoneClusterImpl-2a832e96-29dd-4f29-9444-310fee0a410e/datanode-2/data/ratis/46ef7ace-e631-4670-8959-7fc160994885] INFO  segmented.SegmentedRaftLogWorker (SegmentedRaftLogWorker.java:run(313)) - 057d0060-947b-42dc-a4e0-c40f5d11d24c-SegmentedRaftLogWorker:Storage Directory /workdir/hadoop-ozone/integration-test/target/test-dir/MiniOzoneClusterImpl-2a832e96-29dd-4f29-9444-310fee0a410e/datanode-2/data/ratis/46ef7ace-e631-4670-8959-7fc160994885 was interrupted, exiting. There are 0 tasks remaining in the queue.
2019-09-02 05:33:28,211 [main] INFO  impl.RaftServerImpl (RaftServerImpl.java:lambda$shutdown$3(245)) - 2a49c038-d560-47fc-b4bd-56f44e6f5fc7: shutdown group-9733FE70982D
2019-09-02 05:33:28,212 [ForkJoinPool.commonPool-worker-1] INFO  segmented.SegmentedRaftLogWorker (SegmentedRaftLogWorker.java:close(228)) - 057d0060-947b-42dc-a4e0-c40f5d11d24c-SegmentedRaftLogWorker:Storage Directory /workdir/hadoop-ozone/integration-test/target/test-dir/MiniOzoneClusterImpl-2a832e96-29dd-4f29-9444-310fee0a410e/datanode-2/data/ratis/46ef7ace-e631-4670-8959-7fc160994885 close()
2019-09-02 05:33:28,213 [main] INFO  util.JmxRegister (JmxRegister.java:unregister(73)) - Successfully un-registered JMX Bean with object name Ratis:service=RaftServer,group=group-9733FE70982D,id=2a49c038-d560-47fc-b4bd-56f44e6f5fc7
2019-09-02 05:33:28,215 [ForkJoinPool.commonPool-worker-1] INFO  impl.RaftServerImpl (RaftServerImpl.java:lambda$shutdown$3(245)) - 057d0060-947b-42dc-a4e0-c40f5d11d24c: shutdown group-1D15FAEDB52B
2019-09-02 05:33:28,215 [main] INFO  impl.RoleInfo (RoleInfo.java:shutdownLeaderState(104)) - 2a49c038-d560-47fc-b4bd-56f44e6f5fc7: shutdown LeaderState
2019-09-02 05:33:28,216 [ForkJoinPool.commonPool-worker-1] INFO  util.JmxRegister (JmxRegister.java:unregister(73)) - Successfully un-registered JMX Bean with object name Ratis:service=RaftServer,group=group-1D15FAEDB52B,id=057d0060-947b-42dc-a4e0-c40f5d11d24c
2019-09-02 05:33:28,218 [org.apache.ratis.server.impl.LogAppender$AppenderDaemon$$Lambda$480/1300052904@784efd81] WARN  server.GrpcLogAppender (GrpcLogAppender.java:mayWait(143)) - GrpcLogAppender(2a49c038-d560-47fc-b4bd-56f44e6f5fc7->8d8094e5-0892-4a5d-835f-ac7a87dd3e0e): Wait interrupted by java.lang.InterruptedException
2019-09-02 05:33:28,218 [main] INFO  impl.PendingRequests (PendingRequests.java:sendNotLeaderResponses(202)) - 2a49c038-d560-47fc-b4bd-56f44e6f5fc7-PendingRequests: sendNotLeaderResponses
2019-09-02 05:33:28,218 [ForkJoinPool.commonPool-worker-1] INFO  impl.RoleInfo (RoleInfo.java:shutdownLeaderState(104)) - 057d0060-947b-42dc-a4e0-c40f5d11d24c: shutdown LeaderState
2019-09-02 05:33:28,218 [org.apache.ratis.server.impl.LogAppender$AppenderDaemon$$Lambda$480/1300052904@13a495e1] WARN  server.GrpcLogAppender (GrpcLogAppender.java:mayWait(143)) - GrpcLogAppender(2a49c038-d560-47fc-b4bd-56f44e6f5fc7->97f08126-dcc5-4d94-ac0d-f9c75ceb76fd): Wait interrupted by java.lang.InterruptedException
2019-09-02 05:33:28,222 [org.apache.ratis.server.impl.LogAppender$AppenderDaemon$$Lambda$480/1300052904@21c70bda] WARN  server.GrpcLogAppender (GrpcLogAppender.java:mayWait(143)) - GrpcLogAppender(057d0060-947b-42dc-a4e0-c40f5d11d24c->67eaba4e-f747-41d5-a997-c067dc1992ac): Wait interrupted by java.lang.InterruptedException
2019-09-02 05:33:28,221 [ForkJoinPool.commonPool-worker-1] INFO  impl.PendingRequests (PendingRequests.java:sendNotLeaderResponses(202)) - 057d0060-947b-42dc-a4e0-c40f5d11d24c-PendingRequests: sendNotLeaderResponses
2019-09-02 05:33:28,220 [org.apache.ratis.server.impl.LogAppender$AppenderDaemon$$Lambda$480/1300052904@64c59926] WARN  server.GrpcLogAppender (GrpcLogAppender.java:mayWait(143)) - GrpcLogAppender(057d0060-947b-42dc-a4e0-c40f5d11d24c->6527f679-d3a1-40a5-bf72-2b9df3faf938): Wait interrupted by java.lang.InterruptedException
2019-09-02 05:33:28,220 [StateMachineUpdater:2a49c038-d560-47fc-b4bd-56f44e6f5fc7:group-9733FE70982D] INFO  ratis.ContainerStateMachine (ContainerStateMachine.java:takeSnapshot(284)) - group-9733FE70982D: Taking a snapshot at:(t:1, i:14) file /workdir/hadoop-ozone/integration-test/target/test-dir/MiniOzoneClusterImpl-2a832e96-29dd-4f29-9444-310fee0a410e/datanode-3/data/ratis/f866df2f-417d-43c7-bc42-9733fe70982d/sm/snapshot.1_14
2019-09-02 05:33:28,224 [StateMachineUpdater:057d0060-947b-42dc-a4e0-c40f5d11d24c:group-1D15FAEDB52B] INFO  ratis.ContainerStateMachine (ContainerStateMachine.java:takeSnapshot(284)) - group-1D15FAEDB52B: Taking a snapshot at:(t:1, i:13) file /workdir/hadoop-ozone/integration-test/target/test-dir/MiniOzoneClusterImpl-2a832e96-29dd-4f29-9444-310fee0a410e/datanode-2/data/ratis/3a4f7152-127c-47f4-94cb-1d15faedb52b/sm/snapshot.1_13
2019-09-02 05:33:28,219 [main] INFO  impl.StateMachineUpdater (StateMachineUpdater.java:stopAndJoin(115)) - StateMachineUpdater:2a49c038-d560-47fc-b4bd-56f44e6f5fc7:group-9733FE70982D: set stopIndex = 18
2019-09-02 05:33:28,219 [grpc-default-executor-7] INFO  server.GrpcServerProtocolService (GrpcServerProtocolService.java:onCompleted(104)) - 8d8094e5-0892-4a5d-835f-ac7a87dd3e0e: appendEntries completed
2019-09-02 05:33:28,224 [ForkJoinPool.commonPool-worker-1] INFO  impl.StateMachineUpdater (StateMachineUpdater.java:stopAndJoin(115)) - StateMachineUpdater:057d0060-947b-42dc-a4e0-c40f5d11d24c:group-1D15FAEDB52B: set stopIndex = 15
2019-09-02 05:33:28,222 [grpc-default-executor-1] INFO  server.GrpcServerProtocolService (GrpcServerProtocolService.java:onCompleted(104)) - 67eaba4e-f747-41d5-a997-c067dc1992ac: appendEntries completed
2019-09-02 05:33:28,225 [grpc-default-executor-7] INFO  server.GrpcLogAppender (GrpcLogAppender.java:onCompleted(292)) - 2a49c038-d560-47fc-b4bd-56f44e6f5fc7->8d8094e5-0892-4a5d-835f-ac7a87dd3e0e: follower responses appendEntries COMPLETED
2019-09-02 05:33:28,226 [grpc-default-executor-7] INFO  impl.FollowerInfo (FollowerInfo.java:lambda$new$0(50)) - 2a49c038-d560-47fc-b4bd-56f44e6f5fc7->8d8094e5-0892-4a5d-835f-ac7a87dd3e0e: nextIndex: updateUnconditionally 19 -> 18
2019-09-02 05:33:28,226 [grpc-default-executor-10] INFO  server.GrpcLogAppender (GrpcLogAppender.java:onCompleted(292)) - 057d0060-947b-42dc-a4e0-c40f5d11d24c->67eaba4e-f747-41d5-a997-c067dc1992ac: follower responses appendEntries COMPLETED
2019-09-02 05:33:28,227 [grpc-default-executor-10] INFO  impl.FollowerInfo (FollowerInfo.java:lambda$new$0(50)) - 057d0060-947b-42dc-a4e0-c40f5d11d24c->67eaba4e-f747-41d5-a997-c067dc1992ac: nextIndex: updateUnconditionally 16 -> 15
2019-09-02 05:33:28,240 [StateMachineUpdater:057d0060-947b-42dc-a4e0-c40f5d11d24c:group-1D15FAEDB52B] INFO  ratis.ContainerStateMachine (ContainerStateMachine.java:takeSnapshot(295)) - group-1D15FAEDB52B: Finished taking a snapshot at:(t:1, i:13) file:/workdir/hadoop-ozone/integration-test/target/test-dir/MiniOzoneClusterImpl-2a832e96-29dd-4f29-9444-310fee0a410e/datanode-2/data/ratis/3a4f7152-127c-47f4-94cb-1d15faedb52b/sm/snapshot.1_13 time:15
2019-09-02 05:33:28,240 [StateMachineUpdater:057d0060-947b-42dc-a4e0-c40f5d11d24c:group-1D15FAEDB52B] INFO  impl.StateMachineUpdater (StateMachineUpdater.java:takeSnapshot(242)) - StateMachineUpdater:057d0060-947b-42dc-a4e0-c40f5d11d24c:group-1D15FAEDB52B: Took a snapshot at index 13
2019-09-02 05:33:28,240 [StateMachineUpdater:2a49c038-d560-47fc-b4bd-56f44e6f5fc7:group-9733FE70982D] INFO  ratis.ContainerStateMachine (ContainerStateMachine.java:takeSnapshot(295)) - group-9733FE70982D: Finished taking a snapshot at:(t:1, i:14) file:/workdir/hadoop-ozone/integration-test/target/test-dir/MiniOzoneClusterImpl-2a832e96-29dd-4f29-9444-310fee0a410e/datanode-3/data/ratis/f866df2f-417d-43c7-bc42-9733fe70982d/sm/snapshot.1_14 time:21
2019-09-02 05:33:28,240 [StateMachineUpdater:057d0060-947b-42dc-a4e0-c40f5d11d24c:group-1D15FAEDB52B] INFO  impl.StateMachineUpdater (StateMachineUpdater.java:lambda$new$0(80)) - StateMachineUpdater:057d0060-947b-42dc-a4e0-c40f5d11d24c:group-1D15FAEDB52B: snapshotIndex: updateIncreasingly -1 -> 13
2019-09-02 05:33:28,240 [StateMachineUpdater:2a49c038-d560-47fc-b4bd-56f44e6f5fc7:group-9733FE70982D] INFO  impl.StateMachineUpdater (StateMachineUpdater.java:takeSnapshot(242)) - StateMachineUpdater:2a49c038-d560-47fc-b4bd-56f44e6f5fc7:group-9733FE70982D: Took a snapshot at index 14
2019-09-02 05:33:28,240 [StateMachineUpdater:2a49c038-d560-47fc-b4bd-56f44e6f5fc7:group-9733FE70982D] INFO  impl.StateMachineUpdater (StateMachineUpdater.java:lambda$new$0(80)) - StateMachineUpdater:2a49c038-d560-47fc-b4bd-56f44e6f5fc7:group-9733FE70982D: snapshotIndex: updateIncreasingly -1 -> 14
2019-09-02 05:33:28,241 [ForkJoinPool.commonPool-worker-1] INFO  impl.RaftServerImpl (ServerState.java:close(394)) - 057d0060-947b-42dc-a4e0-c40f5d11d24c:group-1D15FAEDB52B closes. The last applied log index is 15
2019-09-02 05:33:28,241 [main] INFO  impl.RaftServerImpl (ServerState.java:close(394)) - 2a49c038-d560-47fc-b4bd-56f44e6f5fc7:group-9733FE70982D closes. The last applied log index is 18
2019-09-02 05:33:28,241 [057d0060-947b-42dc-a4e0-c40f5d11d24c-SegmentedRaftLogWorker:Storage Directory /workdir/hadoop-ozone/integration-test/target/test-dir/MiniOzoneClusterImpl-2a832e96-29dd-4f29-9444-310fee0a410e/datanode-2/data/ratis/3a4f7152-127c-47f4-94cb-1d15faedb52b] INFO  segmented.SegmentedRaftLogWorker (SegmentedRaftLogWorker.java:run(313)) - 057d0060-947b-42dc-a4e0-c40f5d11d24c-SegmentedRaftLogWorker:Storage Directory /workdir/hadoop-ozone/integration-test/target/test-dir/MiniOzoneClusterImpl-2a832e96-29dd-4f29-9444-310fee0a410e/datanode-2/data/ratis/3a4f7152-127c-47f4-94cb-1d15faedb52b was interrupted, exiting. There are 0 tasks remaining in the queue.
2019-09-02 05:33:28,243 [2a49c038-d560-47fc-b4bd-56f44e6f5fc7-SegmentedRaftLogWorker:Storage Directory /workdir/hadoop-ozone/integration-test/target/test-dir/MiniOzoneClusterImpl-2a832e96-29dd-4f29-9444-310fee0a410e/datanode-3/data/ratis/f866df2f-417d-43c7-bc42-9733fe70982d] INFO  segmented.SegmentedRaftLogWorker (SegmentedRaftLogWorker.java:run(313)) - 2a49c038-d560-47fc-b4bd-56f44e6f5fc7-SegmentedRaftLogWorker:Storage Directory /workdir/hadoop-ozone/integration-test/target/test-dir/MiniOzoneClusterImpl-2a832e96-29dd-4f29-9444-310fee0a410e/datanode-3/data/ratis/f866df2f-417d-43c7-bc42-9733fe70982d was interrupted, exiting. There are 0 tasks remaining in the queue.
2019-09-02 05:33:28,244 [ForkJoinPool.commonPool-worker-1] INFO  segmented.SegmentedRaftLogWorker (SegmentedRaftLogWorker.java:close(228)) - 057d0060-947b-42dc-a4e0-c40f5d11d24c-SegmentedRaftLogWorker:Storage Directory /workdir/hadoop-ozone/integration-test/target/test-dir/MiniOzoneClusterImpl-2a832e96-29dd-4f29-9444-310fee0a410e/datanode-2/data/ratis/3a4f7152-127c-47f4-94cb-1d15faedb52b close()
2019-09-02 05:33:28,245 [main] INFO  segmented.SegmentedRaftLogWorker (SegmentedRaftLogWorker.java:close(228)) - 2a49c038-d560-47fc-b4bd-56f44e6f5fc7-SegmentedRaftLogWorker:Storage Directory /workdir/hadoop-ozone/integration-test/target/test-dir/MiniOzoneClusterImpl-2a832e96-29dd-4f29-9444-310fee0a410e/datanode-3/data/ratis/f866df2f-417d-43c7-bc42-9733fe70982d close()
2019-09-02 05:33:28,248 [ForkJoinPool.commonPool-worker-1] INFO  server.GrpcService (GrpcService.java:closeImpl(155)) - 057d0060-947b-42dc-a4e0-c40f5d11d24c: shutdown server with port 35756 now
2019-09-02 05:33:28,251 [main] INFO  server.GrpcService (GrpcService.java:closeImpl(155)) - 2a49c038-d560-47fc-b4bd-56f44e6f5fc7: shutdown server with port 33664 now
2019-09-02 05:33:28,252 [grpc-default-executor-7] WARN  client.GrpcClientProtocolService (LogUtils.java:warn(134)) - 1-UnorderedRequestStreamObserver1: onError: org.apache.ratis.thirdparty.io.grpc.StatusRuntimeException: CANCELLED: cancelled before receiving half close
2019-09-02 05:33:28,252 [ForkJoinPool.commonPool-worker-1] INFO  server.GrpcService (GrpcService.java:closeImpl(163)) - 057d0060-947b-42dc-a4e0-c40f5d11d24c: shutdown server with port 35756 successfully
2019-09-02 05:33:28,252 [main] INFO  server.GrpcService (GrpcService.java:closeImpl(163)) - 2a49c038-d560-47fc-b4bd-56f44e6f5fc7: shutdown server with port 33664 successfully
2019-09-02 05:33:28,255 [refreshUsed-/workdir/hadoop-ozone/integration-test/target/test-dir/MiniOzoneClusterImpl-2a832e96-29dd-4f29-9444-310fee0a410e/datanode-2/data/containers] WARN  fs.CachingGetSpaceUsed (CachingGetSpaceUsed.java:run(183)) - Thread Interrupted waiting to refresh disk information: sleep interrupted
2019-09-02 05:33:28,263 [refreshUsed-/workdir/hadoop-ozone/integration-test/target/test-dir/MiniOzoneClusterImpl-2a832e96-29dd-4f29-9444-310fee0a410e/datanode-3/data/containers] WARN  fs.CachingGetSpaceUsed (CachingGetSpaceUsed.java:run(183)) - Thread Interrupted waiting to refresh disk information: sleep interrupted
2019-09-02 05:33:28,273 [main] INFO  utils.BackgroundService (BackgroundService.java:shutdown(148)) - Shutting down service BlockDeletingService
2019-09-02 05:33:28,277 [main] INFO  statemachine.DatanodeStateMachine (DatanodeStateMachine.java:stopDaemon(395)) - Ozone container server stopped.
2019-09-02 05:33:28,278 [main] INFO  handler.ContextHandler (ContextHandler.java:doStop(910)) - Stopped o.e.j.w.WebAppContext@3a3f96ab{/,null,UNAVAILABLE}{/hddsDatanode}
2019-09-02 05:33:28,279 [main] INFO  server.AbstractConnector (AbstractConnector.java:doStop(318)) - Stopped ServerConnector@4def7d36{HTTP/1.1,[http/1.1]}{0.0.0.0:0}
2019-09-02 05:33:28,279 [main] INFO  handler.ContextHandler (ContextHandler.java:doStop(910)) - Stopped o.e.j.s.ServletContextHandler@544e3679{/static,jar:file:/home/user/.m2/repository/org/apache/hadoop/hadoop-hdds-container-service/0.5.0-SNAPSHOT/hadoop-hdds-container-service-0.5.0-SNAPSHOT.jar!/webapps/static,UNAVAILABLE}
2019-09-02 05:33:28,280 [main] INFO  handler.ContextHandler (ContextHandler.java:doStop(910)) - Stopped o.e.j.s.ServletContextHandler@23bd0c81{/logs,file:///workdir/hadoop-ozone/integration-test/target/log,UNAVAILABLE}
2019-09-02 05:33:28,281 [ForkJoinPool.commonPool-worker-1] INFO  utils.BackgroundService (BackgroundService.java:shutdown(148)) - Shutting down service BlockDeletingService
2019-09-02 05:33:28,285 [ForkJoinPool.commonPool-worker-1] INFO  statemachine.DatanodeStateMachine (DatanodeStateMachine.java:stopDaemon(395)) - Ozone container server stopped.
2019-09-02 05:33:28,288 [ForkJoinPool.commonPool-worker-1] INFO  handler.ContextHandler (ContextHandler.java:doStop(910)) - Stopped o.e.j.w.WebAppContext@7da1e005{/,null,UNAVAILABLE}{/hddsDatanode}
2019-09-02 05:33:28,289 [ForkJoinPool.commonPool-worker-1] INFO  server.AbstractConnector (AbstractConnector.java:doStop(318)) - Stopped ServerConnector@38159384{HTTP/1.1,[http/1.1]}{0.0.0.0:0}
2019-09-02 05:33:28,290 [ForkJoinPool.commonPool-worker-1] INFO  handler.ContextHandler (ContextHandler.java:doStop(910)) - Stopped o.e.j.s.ServletContextHandler@53314f76{/static,jar:file:/home/user/.m2/repository/org/apache/hadoop/hadoop-hdds-container-service/0.5.0-SNAPSHOT/hadoop-hdds-container-service-0.5.0-SNAPSHOT.jar!/webapps/static,UNAVAILABLE}
2019-09-02 05:33:28,292 [ForkJoinPool.commonPool-worker-1] INFO  handler.ContextHandler (ContextHandler.java:doStop(910)) - Stopped o.e.j.s.ServletContextHandler@6b0f266e{/logs,file:///workdir/hadoop-ozone/integration-test/target/log,UNAVAILABLE}
2019-09-02 05:33:28,304 [Datanode State Machine Thread - 0] INFO  statemachine.DatanodeStateMachine (DatanodeStateMachine.java:lambda$startDaemon$0(350)) - Ozone container server started.
2019-09-02 05:33:28,920 [Datanode State Machine Thread - 0] INFO  statemachine.DatanodeStateMachine (DatanodeStateMachine.java:lambda$startDaemon$0(350)) - Ozone container server started.
2019-09-02 05:33:32,329 [EventQueue-StaleNodeForStaleNodeHandler] INFO  node.StaleNodeHandler (StaleNodeHandler.java:onMessage(58)) - Datanode 8d8094e5-0892-4a5d-835f-ac7a87dd3e0e{ip: 192.168.36.97, host: trunk-nightly-20190902-fsht6-3309735379, networkLocation: /default-rack, certSerialId: null} moved to stale state. Finalizing its pipelines [PipelineID=51d6a501-9f5d-4360-9374-a21c452b8f28, PipelineID=f866df2f-417d-43c7-bc42-9733fe70982d]
2019-09-02 05:33:32,330 [EventQueue-StaleNodeForStaleNodeHandler] INFO  pipeline.SCMPipelineManager (SCMPipelineManager.java:finalizeAndDestroyPipeline(309)) - destroying pipeline:Pipeline[ Id: 51d6a501-9f5d-4360-9374-a21c452b8f28, Nodes: 8d8094e5-0892-4a5d-835f-ac7a87dd3e0e{ip: 192.168.36.97, host: trunk-nightly-20190902-fsht6-3309735379, networkLocation: /default-rack, certSerialId: null}, Type:RATIS, Factor:ONE, State:OPEN]
2019-09-02 05:33:32,330 [EventQueue-StaleNodeForStaleNodeHandler] INFO  pipeline.PipelineStateManager (PipelineStateManager.java:finalizePipeline(123)) - Pipeline Pipeline[ Id: 51d6a501-9f5d-4360-9374-a21c452b8f28, Nodes: 8d8094e5-0892-4a5d-835f-ac7a87dd3e0e{ip: 192.168.36.97, host: trunk-nightly-20190902-fsht6-3309735379, networkLocation: /default-rack, certSerialId: null}, Type:RATIS, Factor:ONE, State:CLOSED] moved to CLOSED state
2019-09-02 05:33:32,330 [EventQueue-StaleNodeForStaleNodeHandler] INFO  pipeline.SCMPipelineManager (SCMPipelineManager.java:finalizeAndDestroyPipeline(309)) - destroying pipeline:Pipeline[ Id: f866df2f-417d-43c7-bc42-9733fe70982d, Nodes: 97f08126-dcc5-4d94-ac0d-f9c75ceb76fd{ip: 192.168.36.97, host: trunk-nightly-20190902-fsht6-3309735379, networkLocation: /default-rack, certSerialId: null}2a49c038-d560-47fc-b4bd-56f44e6f5fc7{ip: 192.168.36.97, host: trunk-nightly-20190902-fsht6-3309735379, networkLocation: /default-rack, certSerialId: null}8d8094e5-0892-4a5d-835f-ac7a87dd3e0e{ip: 192.168.36.97, host: trunk-nightly-20190902-fsht6-3309735379, networkLocation: /default-rack, certSerialId: null}, Type:RATIS, Factor:THREE, State:CLOSED]
2019-09-02 05:33:32,930 [EventQueue-StaleNodeForStaleNodeHandler] INFO  node.StaleNodeHandler (StaleNodeHandler.java:onMessage(58)) - Datanode 67eaba4e-f747-41d5-a997-c067dc1992ac{ip: 192.168.36.97, host: trunk-nightly-20190902-fsht6-3309735379, networkLocation: /default-rack, certSerialId: null} moved to stale state. Finalizing its pipelines [PipelineID=3a4f7152-127c-47f4-94cb-1d15faedb52b, PipelineID=66db4a5d-f122-4337-8b9a-22e4cbc76044]
2019-09-02 05:33:32,931 [EventQueue-StaleNodeForStaleNodeHandler] INFO  pipeline.SCMPipelineManager (SCMPipelineManager.java:finalizeAndDestroyPipeline(309)) - destroying pipeline:Pipeline[ Id: 3a4f7152-127c-47f4-94cb-1d15faedb52b, Nodes: 67eaba4e-f747-41d5-a997-c067dc1992ac{ip: 192.168.36.97, host: trunk-nightly-20190902-fsht6-3309735379, networkLocation: /default-rack, certSerialId: null}6527f679-d3a1-40a5-bf72-2b9df3faf938{ip: 192.168.36.97, host: trunk-nightly-20190902-fsht6-3309735379, networkLocation: /default-rack, certSerialId: null}057d0060-947b-42dc-a4e0-c40f5d11d24c{ip: 192.168.36.97, host: trunk-nightly-20190902-fsht6-3309735379, networkLocation: /default-rack, certSerialId: null}, Type:RATIS, Factor:THREE, State:CLOSED]
2019-09-02 05:33:32,931 [EventQueue-StaleNodeForStaleNodeHandler] INFO  pipeline.SCMPipelineManager (SCMPipelineManager.java:finalizeAndDestroyPipeline(309)) - destroying pipeline:Pipeline[ Id: 66db4a5d-f122-4337-8b9a-22e4cbc76044, Nodes: 67eaba4e-f747-41d5-a997-c067dc1992ac{ip: 192.168.36.97, host: trunk-nightly-20190902-fsht6-3309735379, networkLocation: /default-rack, certSerialId: null}, Type:RATIS, Factor:ONE, State:OPEN]
2019-09-02 05:33:32,931 [EventQueue-StaleNodeForStaleNodeHandler] INFO  pipeline.PipelineStateManager (PipelineStateManager.java:finalizePipeline(123)) - Pipeline Pipeline[ Id: 66db4a5d-f122-4337-8b9a-22e4cbc76044, Nodes: 67eaba4e-f747-41d5-a997-c067dc1992ac{ip: 192.168.36.97, host: trunk-nightly-20190902-fsht6-3309735379, networkLocation: /default-rack, certSerialId: null}, Type:RATIS, Factor:ONE, State:CLOSED] moved to CLOSED state
2019-09-02 05:33:33,281 [main] INFO  ozoneimpl.OzoneContainer (OzoneContainer.java:stop(215)) - Attempting to stop container services.
2019-09-02 05:33:33,282 [main] INFO  impl.RaftServerProxy (RaftServerProxy.java:lambda$close$4(314)) - 8d8094e5-0892-4a5d-835f-ac7a87dd3e0e: close
2019-09-02 05:33:33,282 [main] INFO  impl.RaftServerImpl (RaftServerImpl.java:lambda$shutdown$3(245)) - 8d8094e5-0892-4a5d-835f-ac7a87dd3e0e: shutdown group-A21C452B8F28
2019-09-02 05:33:33,283 [main] INFO  util.JmxRegister (JmxRegister.java:unregister(73)) - Successfully un-registered JMX Bean with object name Ratis:service=RaftServer,group=group-A21C452B8F28,id=8d8094e5-0892-4a5d-835f-ac7a87dd3e0e
2019-09-02 05:33:33,283 [main] INFO  impl.RoleInfo (RoleInfo.java:shutdownLeaderState(104)) - 8d8094e5-0892-4a5d-835f-ac7a87dd3e0e: shutdown LeaderState
2019-09-02 05:33:33,283 [main] INFO  impl.PendingRequests (PendingRequests.java:sendNotLeaderResponses(202)) - 8d8094e5-0892-4a5d-835f-ac7a87dd3e0e-PendingRequests: sendNotLeaderResponses
2019-09-02 05:33:33,284 [main] INFO  impl.StateMachineUpdater (StateMachineUpdater.java:stopAndJoin(115)) - StateMachineUpdater:8d8094e5-0892-4a5d-835f-ac7a87dd3e0e:group-A21C452B8F28: set stopIndex = 0
2019-09-02 05:33:33,284 [main] INFO  impl.RaftServerImpl (ServerState.java:close(394)) - 8d8094e5-0892-4a5d-835f-ac7a87dd3e0e:group-A21C452B8F28 closes. The last applied log index is 0
2019-09-02 05:33:33,285 [8d8094e5-0892-4a5d-835f-ac7a87dd3e0e-SegmentedRaftLogWorker:Storage Directory /workdir/hadoop-ozone/integration-test/target/test-dir/MiniOzoneClusterImpl-2a832e96-29dd-4f29-9444-310fee0a410e/datanode-6/data/ratis/51d6a501-9f5d-4360-9374-a21c452b8f28] INFO  segmented.SegmentedRaftLogWorker (SegmentedRaftLogWorker.java:run(313)) - 8d8094e5-0892-4a5d-835f-ac7a87dd3e0e-SegmentedRaftLogWorker:Storage Directory /workdir/hadoop-ozone/integration-test/target/test-dir/MiniOzoneClusterImpl-2a832e96-29dd-4f29-9444-310fee0a410e/datanode-6/data/ratis/51d6a501-9f5d-4360-9374-a21c452b8f28 was interrupted, exiting. There are 0 tasks remaining in the queue.
2019-09-02 05:33:33,287 [main] INFO  segmented.SegmentedRaftLogWorker (SegmentedRaftLogWorker.java:close(228)) - 8d8094e5-0892-4a5d-835f-ac7a87dd3e0e-SegmentedRaftLogWorker:Storage Directory /workdir/hadoop-ozone/integration-test/target/test-dir/MiniOzoneClusterImpl-2a832e96-29dd-4f29-9444-310fee0a410e/datanode-6/data/ratis/51d6a501-9f5d-4360-9374-a21c452b8f28 close()
2019-09-02 05:33:33,289 [main] INFO  impl.RaftServerImpl (RaftServerImpl.java:lambda$shutdown$3(245)) - 8d8094e5-0892-4a5d-835f-ac7a87dd3e0e: shutdown group-9733FE70982D
2019-09-02 05:33:33,289 [main] INFO  util.JmxRegister (JmxRegister.java:unregister(73)) - Successfully un-registered JMX Bean with object name Ratis:service=RaftServer,group=group-9733FE70982D,id=8d8094e5-0892-4a5d-835f-ac7a87dd3e0e
2019-09-02 05:33:33,290 [main] INFO  impl.RoleInfo (RoleInfo.java:shutdownFollowerState(121)) - 8d8094e5-0892-4a5d-835f-ac7a87dd3e0e: shutdown FollowerState
2019-09-02 05:33:33,290 [main] INFO  impl.StateMachineUpdater (StateMachineUpdater.java:stopAndJoin(115)) - StateMachineUpdater:8d8094e5-0892-4a5d-835f-ac7a87dd3e0e:group-9733FE70982D: set stopIndex = 18
2019-09-02 05:33:33,290 [Thread-3496] INFO  impl.FollowerState (FollowerState.java:run(114)) - 8d8094e5-0892-4a5d-835f-ac7a87dd3e0e: FollowerState was interrupted: java.lang.InterruptedException: sleep interrupted
2019-09-02 05:33:33,290 [StateMachineUpdater:8d8094e5-0892-4a5d-835f-ac7a87dd3e0e:group-9733FE70982D] INFO  ratis.ContainerStateMachine (ContainerStateMachine.java:takeSnapshot(284)) - group-9733FE70982D: Taking a snapshot at:(t:1, i:14) file /workdir/hadoop-ozone/integration-test/target/test-dir/MiniOzoneClusterImpl-2a832e96-29dd-4f29-9444-310fee0a410e/datanode-6/data/ratis/f866df2f-417d-43c7-bc42-9733fe70982d/sm/snapshot.1_14
2019-09-02 05:33:33,293 [ForkJoinPool.commonPool-worker-1] INFO  ozoneimpl.OzoneContainer (OzoneContainer.java:stop(215)) - Attempting to stop container services.
2019-09-02 05:33:33,294 [ForkJoinPool.commonPool-worker-1] INFO  impl.RaftServerProxy (RaftServerProxy.java:lambda$close$4(314)) - 67eaba4e-f747-41d5-a997-c067dc1992ac: close
2019-09-02 05:33:33,294 [ForkJoinPool.commonPool-worker-1] INFO  impl.RaftServerImpl (RaftServerImpl.java:lambda$shutdown$3(245)) - 67eaba4e-f747-41d5-a997-c067dc1992ac: shutdown group-1D15FAEDB52B
2019-09-02 05:33:33,294 [ForkJoinPool.commonPool-worker-1] INFO  util.JmxRegister (JmxRegister.java:unregister(73)) - Successfully un-registered JMX Bean with object name Ratis:service=RaftServer,group=group-1D15FAEDB52B,id=67eaba4e-f747-41d5-a997-c067dc1992ac
2019-09-02 05:33:33,294 [ForkJoinPool.commonPool-worker-1] INFO  impl.RoleInfo (RoleInfo.java:shutdownFollowerState(121)) - 67eaba4e-f747-41d5-a997-c067dc1992ac: shutdown FollowerState
2019-09-02 05:33:33,295 [ForkJoinPool.commonPool-worker-1] INFO  impl.StateMachineUpdater (StateMachineUpdater.java:stopAndJoin(115)) - StateMachineUpdater:67eaba4e-f747-41d5-a997-c067dc1992ac:group-1D15FAEDB52B: set stopIndex = 15
2019-09-02 05:33:33,295 [Thread-3365] INFO  impl.FollowerState (FollowerState.java:run(114)) - 67eaba4e-f747-41d5-a997-c067dc1992ac: FollowerState was interrupted: java.lang.InterruptedException: sleep interrupted
2019-09-02 05:33:33,295 [StateMachineUpdater:67eaba4e-f747-41d5-a997-c067dc1992ac:group-1D15FAEDB52B] INFO  ratis.ContainerStateMachine (ContainerStateMachine.java:takeSnapshot(284)) - group-1D15FAEDB52B: Taking a snapshot at:(t:1, i:13) file /workdir/hadoop-ozone/integration-test/target/test-dir/MiniOzoneClusterImpl-2a832e96-29dd-4f29-9444-310fee0a410e/datanode-5/data/ratis/3a4f7152-127c-47f4-94cb-1d15faedb52b/sm/snapshot.1_13
2019-09-02 05:33:33,324 [StateMachineUpdater:8d8094e5-0892-4a5d-835f-ac7a87dd3e0e:group-9733FE70982D] INFO  ratis.ContainerStateMachine (ContainerStateMachine.java:takeSnapshot(295)) - group-9733FE70982D: Finished taking a snapshot at:(t:1, i:14) file:/workdir/hadoop-ozone/integration-test/target/test-dir/MiniOzoneClusterImpl-2a832e96-29dd-4f29-9444-310fee0a410e/datanode-6/data/ratis/f866df2f-417d-43c7-bc42-9733fe70982d/sm/snapshot.1_14 time:34
2019-09-02 05:33:33,324 [StateMachineUpdater:67eaba4e-f747-41d5-a997-c067dc1992ac:group-1D15FAEDB52B] INFO  ratis.ContainerStateMachine (ContainerStateMachine.java:takeSnapshot(295)) - group-1D15FAEDB52B: Finished taking a snapshot at:(t:1, i:13) file:/workdir/hadoop-ozone/integration-test/target/test-dir/MiniOzoneClusterImpl-2a832e96-29dd-4f29-9444-310fee0a410e/datanode-5/data/ratis/3a4f7152-127c-47f4-94cb-1d15faedb52b/sm/snapshot.1_13 time:29
2019-09-02 05:33:33,324 [StateMachineUpdater:8d8094e5-0892-4a5d-835f-ac7a87dd3e0e:group-9733FE70982D] INFO  impl.StateMachineUpdater (StateMachineUpdater.java:takeSnapshot(242)) - StateMachineUpdater:8d8094e5-0892-4a5d-835f-ac7a87dd3e0e:group-9733FE70982D: Took a snapshot at index 14
2019-09-02 05:33:33,324 [StateMachineUpdater:67eaba4e-f747-41d5-a997-c067dc1992ac:group-1D15FAEDB52B] INFO  impl.StateMachineUpdater (StateMachineUpdater.java:takeSnapshot(242)) - StateMachineUpdater:67eaba4e-f747-41d5-a997-c067dc1992ac:group-1D15FAEDB52B: Took a snapshot at index 13
2019-09-02 05:33:33,325 [StateMachineUpdater:8d8094e5-0892-4a5d-835f-ac7a87dd3e0e:group-9733FE70982D] INFO  impl.StateMachineUpdater (StateMachineUpdater.java:lambda$new$0(80)) - StateMachineUpdater:8d8094e5-0892-4a5d-835f-ac7a87dd3e0e:group-9733FE70982D: snapshotIndex: updateIncreasingly -1 -> 14
2019-09-02 05:33:33,325 [StateMachineUpdater:67eaba4e-f747-41d5-a997-c067dc1992ac:group-1D15FAEDB52B] INFO  impl.StateMachineUpdater (StateMachineUpdater.java:lambda$new$0(80)) - StateMachineUpdater:67eaba4e-f747-41d5-a997-c067dc1992ac:group-1D15FAEDB52B: snapshotIndex: updateIncreasingly -1 -> 13
2019-09-02 05:33:33,325 [ForkJoinPool.commonPool-worker-1] INFO  impl.RaftServerImpl (ServerState.java:close(394)) - 67eaba4e-f747-41d5-a997-c067dc1992ac:group-1D15FAEDB52B closes. The last applied log index is 15
2019-09-02 05:33:33,325 [main] INFO  impl.RaftServerImpl (ServerState.java:close(394)) - 8d8094e5-0892-4a5d-835f-ac7a87dd3e0e:group-9733FE70982D closes. The last applied log index is 18
2019-09-02 05:33:33,326 [67eaba4e-f747-41d5-a997-c067dc1992ac-SegmentedRaftLogWorker:Storage Directory /workdir/hadoop-ozone/integration-test/target/test-dir/MiniOzoneClusterImpl-2a832e96-29dd-4f29-9444-310fee0a410e/datanode-5/data/ratis/3a4f7152-127c-47f4-94cb-1d15faedb52b] INFO  segmented.SegmentedRaftLogWorker (SegmentedRaftLogWorker.java:run(313)) - 67eaba4e-f747-41d5-a997-c067dc1992ac-SegmentedRaftLogWorker:Storage Directory /workdir/hadoop-ozone/integration-test/target/test-dir/MiniOzoneClusterImpl-2a832e96-29dd-4f29-9444-310fee0a410e/datanode-5/data/ratis/3a4f7152-127c-47f4-94cb-1d15faedb52b was interrupted, exiting. There are 0 tasks remaining in the queue.
2019-09-02 05:33:33,326 [8d8094e5-0892-4a5d-835f-ac7a87dd3e0e-SegmentedRaftLogWorker:Storage Directory /workdir/hadoop-ozone/integration-test/target/test-dir/MiniOzoneClusterImpl-2a832e96-29dd-4f29-9444-310fee0a410e/datanode-6/data/ratis/f866df2f-417d-43c7-bc42-9733fe70982d] INFO  segmented.SegmentedRaftLogWorker (SegmentedRaftLogWorker.java:run(313)) - 8d8094e5-0892-4a5d-835f-ac7a87dd3e0e-SegmentedRaftLogWorker:Storage Directory /workdir/hadoop-ozone/integration-test/target/test-dir/MiniOzoneClusterImpl-2a832e96-29dd-4f29-9444-310fee0a410e/datanode-6/data/ratis/f866df2f-417d-43c7-bc42-9733fe70982d was interrupted, exiting. There are 0 tasks remaining in the queue.
2019-09-02 05:33:33,329 [ForkJoinPool.commonPool-worker-1] INFO  segmented.SegmentedRaftLogWorker (SegmentedRaftLogWorker.java:close(228)) - 67eaba4e-f747-41d5-a997-c067dc1992ac-SegmentedRaftLogWorker:Storage Directory /workdir/hadoop-ozone/integration-test/target/test-dir/MiniOzoneClusterImpl-2a832e96-29dd-4f29-9444-310fee0a410e/datanode-5/data/ratis/3a4f7152-127c-47f4-94cb-1d15faedb52b close()
2019-09-02 05:33:33,329 [main] INFO  segmented.SegmentedRaftLogWorker (SegmentedRaftLogWorker.java:close(228)) - 8d8094e5-0892-4a5d-835f-ac7a87dd3e0e-SegmentedRaftLogWorker:Storage Directory /workdir/hadoop-ozone/integration-test/target/test-dir/MiniOzoneClusterImpl-2a832e96-29dd-4f29-9444-310fee0a410e/datanode-6/data/ratis/f866df2f-417d-43c7-bc42-9733fe70982d close()
2019-09-02 05:33:33,332 [ForkJoinPool.commonPool-worker-1] INFO  impl.RaftServerImpl (RaftServerImpl.java:lambda$shutdown$3(245)) - 67eaba4e-f747-41d5-a997-c067dc1992ac: shutdown group-22E4CBC76044
2019-09-02 05:33:33,339 [main] INFO  server.GrpcService (GrpcService.java:closeImpl(155)) - 8d8094e5-0892-4a5d-835f-ac7a87dd3e0e: shutdown server with port 43276 now
2019-09-02 05:33:33,339 [ForkJoinPool.commonPool-worker-1] INFO  util.JmxRegister (JmxRegister.java:unregister(73)) - Successfully un-registered JMX Bean with object name Ratis:service=RaftServer,group=group-22E4CBC76044,id=67eaba4e-f747-41d5-a997-c067dc1992ac
2019-09-02 05:33:33,340 [main] INFO  server.GrpcService (GrpcService.java:closeImpl(163)) - 8d8094e5-0892-4a5d-835f-ac7a87dd3e0e: shutdown server with port 43276 successfully
2019-09-02 05:33:33,340 [ForkJoinPool.commonPool-worker-1] INFO  impl.RoleInfo (RoleInfo.java:shutdownLeaderState(104)) - 67eaba4e-f747-41d5-a997-c067dc1992ac: shutdown LeaderState
2019-09-02 05:33:33,340 [ForkJoinPool.commonPool-worker-1] INFO  impl.PendingRequests (PendingRequests.java:sendNotLeaderResponses(202)) - 67eaba4e-f747-41d5-a997-c067dc1992ac-PendingRequests: sendNotLeaderResponses
2019-09-02 05:33:33,341 [ForkJoinPool.commonPool-worker-1] INFO  impl.StateMachineUpdater (StateMachineUpdater.java:stopAndJoin(115)) - StateMachineUpdater:67eaba4e-f747-41d5-a997-c067dc1992ac:group-22E4CBC76044: set stopIndex = 0
2019-09-02 05:33:33,341 [ForkJoinPool.commonPool-worker-1] INFO  impl.RaftServerImpl (ServerState.java:close(394)) - 67eaba4e-f747-41d5-a997-c067dc1992ac:group-22E4CBC76044 closes. The last applied log index is 0
2019-09-02 05:33:33,341 [67eaba4e-f747-41d5-a997-c067dc1992ac-SegmentedRaftLogWorker:Storage Directory /workdir/hadoop-ozone/integration-test/target/test-dir/MiniOzoneClusterImpl-2a832e96-29dd-4f29-9444-310fee0a410e/datanode-5/data/ratis/66db4a5d-f122-4337-8b9a-22e4cbc76044] INFO  segmented.SegmentedRaftLogWorker (SegmentedRaftLogWorker.java:run(313)) - 67eaba4e-f747-41d5-a997-c067dc1992ac-SegmentedRaftLogWorker:Storage Directory /workdir/hadoop-ozone/integration-test/target/test-dir/MiniOzoneClusterImpl-2a832e96-29dd-4f29-9444-310fee0a410e/datanode-5/data/ratis/66db4a5d-f122-4337-8b9a-22e4cbc76044 was interrupted, exiting. There are 0 tasks remaining in the queue.
2019-09-02 05:33:33,342 [ForkJoinPool.commonPool-worker-1] INFO  segmented.SegmentedRaftLogWorker (SegmentedRaftLogWorker.java:close(228)) - 67eaba4e-f747-41d5-a997-c067dc1992ac-SegmentedRaftLogWorker:Storage Directory /workdir/hadoop-ozone/integration-test/target/test-dir/MiniOzoneClusterImpl-2a832e96-29dd-4f29-9444-310fee0a410e/datanode-5/data/ratis/66db4a5d-f122-4337-8b9a-22e4cbc76044 close()
2019-09-02 05:33:33,342 [refreshUsed-/workdir/hadoop-ozone/integration-test/target/test-dir/MiniOzoneClusterImpl-2a832e96-29dd-4f29-9444-310fee0a410e/datanode-6/data/containers] WARN  fs.CachingGetSpaceUsed (CachingGetSpaceUsed.java:run(183)) - Thread Interrupted waiting to refresh disk information: sleep interrupted
2019-09-02 05:33:33,344 [ForkJoinPool.commonPool-worker-1] INFO  server.GrpcService (GrpcService.java:closeImpl(155)) - 67eaba4e-f747-41d5-a997-c067dc1992ac: shutdown server with port 40303 now
2019-09-02 05:33:33,344 [ForkJoinPool.commonPool-worker-1] INFO  server.GrpcService (GrpcService.java:closeImpl(163)) - 67eaba4e-f747-41d5-a997-c067dc1992ac: shutdown server with port 40303 successfully
2019-09-02 05:33:33,349 [refreshUsed-/workdir/hadoop-ozone/integration-test/target/test-dir/MiniOzoneClusterImpl-2a832e96-29dd-4f29-9444-310fee0a410e/datanode-5/data/containers] WARN  fs.CachingGetSpaceUsed (CachingGetSpaceUsed.java:run(183)) - Thread Interrupted waiting to refresh disk information: sleep interrupted
2019-09-02 05:33:33,369 [main] INFO  utils.BackgroundService (BackgroundService.java:shutdown(148)) - Shutting down service BlockDeletingService
2019-09-02 05:33:33,374 [main] INFO  statemachine.DatanodeStateMachine (DatanodeStateMachine.java:stopDaemon(395)) - Ozone container server stopped.
2019-09-02 05:33:33,375 [main] INFO  handler.ContextHandler (ContextHandler.java:doStop(910)) - Stopped o.e.j.w.WebAppContext@10817f46{/,null,UNAVAILABLE}{/hddsDatanode}
2019-09-02 05:33:33,376 [ForkJoinPool.commonPool-worker-1] INFO  utils.BackgroundService (BackgroundService.java:shutdown(148)) - Shutting down service BlockDeletingService
2019-09-02 05:33:33,376 [main] INFO  server.AbstractConnector (AbstractConnector.java:doStop(318)) - Stopped ServerConnector@2d4a3e13{HTTP/1.1,[http/1.1]}{0.0.0.0:0}
2019-09-02 05:33:33,378 [main] INFO  handler.ContextHandler (ContextHandler.java:doStop(910)) - Stopped o.e.j.s.ServletContextHandler@5fdd97c1{/static,jar:file:/home/user/.m2/repository/org/apache/hadoop/hadoop-hdds-container-service/0.5.0-SNAPSHOT/hadoop-hdds-container-service-0.5.0-SNAPSHOT.jar!/webapps/static,UNAVAILABLE}
2019-09-02 05:33:33,380 [ForkJoinPool.commonPool-worker-1] INFO  statemachine.DatanodeStateMachine (DatanodeStateMachine.java:stopDaemon(395)) - Ozone container server stopped.
2019-09-02 05:33:33,380 [main] INFO  handler.ContextHandler (ContextHandler.java:doStop(910)) - Stopped o.e.j.s.ServletContextHandler@279126f5{/logs,file:///workdir/hadoop-ozone/integration-test/target/log,UNAVAILABLE}
2019-09-02 05:33:33,384 [ForkJoinPool.commonPool-worker-1] INFO  handler.ContextHandler (ContextHandler.java:doStop(910)) - Stopped o.e.j.w.WebAppContext@64279ab{/,null,UNAVAILABLE}{/hddsDatanode}
2019-09-02 05:33:33,385 [ForkJoinPool.commonPool-worker-1] INFO  server.AbstractConnector (AbstractConnector.java:doStop(318)) - Stopped ServerConnector@794240e2{HTTP/1.1,[http/1.1]}{0.0.0.0:0}
2019-09-02 05:33:33,386 [ForkJoinPool.commonPool-worker-1] INFO  handler.ContextHandler (ContextHandler.java:doStop(910)) - Stopped o.e.j.s.ServletContextHandler@120aa40b{/static,jar:file:/home/user/.m2/repository/org/apache/hadoop/hadoop-hdds-container-service/0.5.0-SNAPSHOT/hadoop-hdds-container-service-0.5.0-SNAPSHOT.jar!/webapps/static,UNAVAILABLE}
2019-09-02 05:33:33,387 [ForkJoinPool.commonPool-worker-1] INFO  handler.ContextHandler (ContextHandler.java:doStop(910)) - Stopped o.e.j.s.ServletContextHandler@236c098{/logs,file:///workdir/hadoop-ozone/integration-test/target/log,UNAVAILABLE}
2019-09-02 05:33:33,388 [main] INFO  ozone.MiniOzoneClusterImpl (MiniOzoneClusterImpl.java:stop(339)) - Stopping the StorageContainerManager
2019-09-02 05:33:33,388 [main] INFO  server.StorageContainerManager (StorageContainerManager.java:stop(797)) - Stopping Replication Manager Service.
2019-09-02 05:33:33,388 [main] INFO  container.ReplicationManager (ReplicationManager.java:stop(203)) - Stopping Replication Monitor Thread.
2019-09-02 05:33:33,388 [main] INFO  server.StorageContainerManager (StorageContainerManager.java:stop(804)) - Stopping Lease Manager of the command watchers
2019-09-02 05:33:33,389 [main] INFO  server.StorageContainerManager (StorageContainerManager.java:stop(811)) - Stopping datanode service RPC server
2019-09-02 05:33:33,389 [main] INFO  server.SCMDatanodeProtocolServer (SCMDatanodeProtocolServer.java:stop(367)) - Stopping the RPC server for DataNodes
2019-09-02 05:33:33,389 [main] INFO  ipc.Server (Server.java:stop(3082)) - Stopping server on 37839
2019-09-02 05:33:33,391 [IPC Server listener on 37839] INFO  ipc.Server (Server.java:run(1185)) - Stopping IPC Server listener on 37839
2019-09-02 05:33:33,393 [IPC Server Responder] INFO  ipc.Server (Server.java:run(1319)) - Stopping IPC Server Responder
2019-09-02 05:33:33,432 [SCM Heartbeat Processing Thread - 0] WARN  node.NodeStateManager (NodeStateManager.java:scheduleNextHealthCheck(646)) - Current Thread is interrupted, shutting down HB processing thread for Node Manager.
2019-09-02 05:33:33,432 [main] INFO  server.StorageContainerManager (StorageContainerManager.java:stop(819)) - Stopping block service RPC server
2019-09-02 05:33:33,432 [main] INFO  server.SCMBlockProtocolServer (SCMBlockProtocolServer.java:stop(155)) - Stopping the RPC server for Block Protocol
2019-09-02 05:33:33,432 [main] INFO  ipc.Server (Server.java:stop(3082)) - Stopping server on 43724
2019-09-02 05:33:33,434 [IPC Server listener on 43724] INFO  ipc.Server (Server.java:run(1185)) - Stopping IPC Server listener on 43724
2019-09-02 05:33:33,435 [main] INFO  server.StorageContainerManager (StorageContainerManager.java:stop(826)) - Stopping the StorageContainerLocationProtocol RPC server
2019-09-02 05:33:33,435 [IPC Server Responder] INFO  ipc.Server (Server.java:run(1319)) - Stopping IPC Server Responder
2019-09-02 05:33:33,436 [main] INFO  server.SCMClientProtocolServer (SCMClientProtocolServer.java:stop(159)) - Stopping the RPC server for Client Protocol
2019-09-02 05:33:33,437 [main] INFO  ipc.Server (Server.java:stop(3082)) - Stopping server on 37238
2019-09-02 05:33:33,439 [IPC Server listener on 37238] INFO  ipc.Server (Server.java:run(1185)) - Stopping IPC Server listener on 37238
2019-09-02 05:33:33,439 [main] INFO  server.StorageContainerManager (StorageContainerManager.java:stop(833)) - Stopping Storage Container Manager HTTP server.
2019-09-02 05:33:33,439 [IPC Server Responder] INFO  ipc.Server (Server.java:run(1319)) - Stopping IPC Server Responder
2019-09-02 05:33:33,442 [main] INFO  handler.ContextHandler (ContextHandler.java:doStop(910)) - Stopped o.e.j.w.WebAppContext@4168f3d9{/,null,UNAVAILABLE}{/scm}
2019-09-02 05:33:33,442 [main] INFO  server.AbstractConnector (AbstractConnector.java:doStop(318)) - Stopped ServerConnector@353e6389{HTTP/1.1,[http/1.1]}{0.0.0.0:0}
2019-09-02 05:33:33,443 [main] INFO  handler.ContextHandler (ContextHandler.java:doStop(910)) - Stopped o.e.j.s.ServletContextHandler@46394f65{/static,file:///workdir/hadoop-ozone/integration-test/target/test-classes/webapps/static,UNAVAILABLE}
2019-09-02 05:33:33,443 [main] INFO  handler.ContextHandler (ContextHandler.java:doStop(910)) - Stopped o.e.j.s.ServletContextHandler@2fd39436{/logs,file:///workdir/hadoop-ozone/integration-test/target/log,UNAVAILABLE}
2019-09-02 05:33:33,444 [main] INFO  server.StorageContainerManager (StorageContainerManager.java:stop(844)) - Stopping Block Manager Service.
2019-09-02 05:33:33,445 [main] INFO  utils.BackgroundService (BackgroundService.java:shutdown(148)) - Shutting down service SCMBlockDeletingService
2019-09-02 05:33:33,445 [main] INFO  utils.BackgroundService (BackgroundService.java:shutdown(148)) - Shutting down service SCMBlockDeletingService
2019-09-02 05:33:33,445 [main] INFO  server.StorageContainerManager (StorageContainerManager.java:stop(866)) - Stopping SCM Event Queue.
2019-09-02 05:33:33,450 [main] INFO  impl.MetricsSystemImpl (MetricsSystemImpl.java:stop(210)) - Stopping HddsDatanode metrics system...
2019-09-02 05:33:33,461 [main] INFO  impl.MetricsSystemImpl (MetricsSystemImpl.java:stop(216)) - HddsDatanode metrics system stopped.
]]></system-out>
  </testcase>
  <testcase name="testFailureWithPrimeSizedData" classname="org.apache.hadoop.ozone.client.rpc.TestBlockOutputStreamWithFailures" time="43.957"/>
  <testcase name="testWatchForCommitWithCloseContainerException" classname="org.apache.hadoop.ozone.client.rpc.TestBlockOutputStreamWithFailures" time="37.159">
    <failure message="expected:&lt;2&gt; but was:&lt;3&gt;" type="java.lang.AssertionError"><![CDATA[java.lang.AssertionError: expected:<2> but was:<3>
	at org.junit.Assert.fail(Assert.java:88)
	at org.junit.Assert.failNotEquals(Assert.java:743)
	at org.junit.Assert.assertEquals(Assert.java:118)
	at org.junit.Assert.assertEquals(Assert.java:555)
	at org.junit.Assert.assertEquals(Assert.java:542)
	at org.apache.hadoop.ozone.client.rpc.TestBlockOutputStreamWithFailures.testWatchForCommitWithCloseContainerException(TestBlockOutputStreamWithFailures.java:233)
	at sun.reflect.NativeMethodAccessorImpl.invoke0(Native Method)
	at sun.reflect.NativeMethodAccessorImpl.invoke(NativeMethodAccessorImpl.java:62)
	at sun.reflect.DelegatingMethodAccessorImpl.invoke(DelegatingMethodAccessorImpl.java:43)
	at java.lang.reflect.Method.invoke(Method.java:498)
	at org.junit.runners.model.FrameworkMethod$1.runReflectiveCall(FrameworkMethod.java:47)
	at org.junit.internal.runners.model.ReflectiveCallable.run(ReflectiveCallable.java:12)
	at org.junit.runners.model.FrameworkMethod.invokeExplosively(FrameworkMethod.java:44)
	at org.junit.internal.runners.statements.InvokeMethod.evaluate(InvokeMethod.java:17)
	at org.junit.internal.runners.statements.RunBefores.evaluate(RunBefores.java:26)
	at org.junit.internal.runners.statements.RunAfters.evaluate(RunAfters.java:27)
	at org.junit.runners.ParentRunner.runLeaf(ParentRunner.java:271)
	at org.junit.runners.BlockJUnit4ClassRunner.runChild(BlockJUnit4ClassRunner.java:70)
	at org.junit.runners.BlockJUnit4ClassRunner.runChild(BlockJUnit4ClassRunner.java:50)
	at org.junit.runners.ParentRunner$3.run(ParentRunner.java:238)
	at org.junit.runners.ParentRunner$1.schedule(ParentRunner.java:63)
	at org.junit.runners.ParentRunner.runChildren(ParentRunner.java:236)
	at org.junit.runners.ParentRunner.access$000(ParentRunner.java:53)
	at org.junit.runners.ParentRunner$2.evaluate(ParentRunner.java:229)
	at org.junit.runners.ParentRunner.run(ParentRunner.java:309)
	at org.apache.maven.surefire.junit4.JUnit4Provider.execute(JUnit4Provider.java:365)
	at org.apache.maven.surefire.junit4.JUnit4Provider.executeWithRerun(JUnit4Provider.java:273)
	at org.apache.maven.surefire.junit4.JUnit4Provider.executeTestSet(JUnit4Provider.java:238)
	at org.apache.maven.surefire.junit4.JUnit4Provider.invoke(JUnit4Provider.java:159)
	at org.apache.maven.surefire.booter.ForkedBooter.invokeProviderInSameClassLoader(ForkedBooter.java:384)
	at org.apache.maven.surefire.booter.ForkedBooter.runSuitesInProcess(ForkedBooter.java:345)
	at org.apache.maven.surefire.booter.ForkedBooter.execute(ForkedBooter.java:126)
	at org.apache.maven.surefire.booter.ForkedBooter.main(ForkedBooter.java:418)
]]></failure>
    <system-out><![CDATA[2019-09-02 05:34:17,484 [main] WARN  server.ServerUtils (ServerUtils.java:getScmDbDir(145)) - ozone.scm.db.dirs is not configured. We recommend adding this setting. Falling back to ozone.metadata.dirs instead.
2019-09-02 05:34:17,531 [main] WARN  server.ServerUtils (ServerUtils.java:getScmDbDir(145)) - ozone.scm.db.dirs is not configured. We recommend adding this setting. Falling back to ozone.metadata.dirs instead.
2019-09-02 05:34:17,531 [main] WARN  server.ServerUtils (ServerUtils.java:getScmDbDir(145)) - ozone.scm.db.dirs is not configured. We recommend adding this setting. Falling back to ozone.metadata.dirs instead.
2019-09-02 05:34:17,532 [main] INFO  db.DBStoreBuilder (DBStoreBuilder.java:addTable(110)) - using custom profile for table: deletedBlocks
2019-09-02 05:34:17,532 [main] INFO  db.DBStoreBuilder (DBStoreBuilder.java:processTables(161)) - Using default column profile:DBProfile.DISK for Table:deletedBlocks
2019-09-02 05:34:17,532 [main] INFO  db.DBStoreBuilder (DBStoreBuilder.java:addTable(110)) - using custom profile for table: validCerts
2019-09-02 05:34:17,532 [main] INFO  db.DBStoreBuilder (DBStoreBuilder.java:processTables(161)) - Using default column profile:DBProfile.DISK for Table:validCerts
2019-09-02 05:34:17,533 [main] INFO  db.DBStoreBuilder (DBStoreBuilder.java:addTable(110)) - using custom profile for table: revokedCerts
2019-09-02 05:34:17,533 [main] INFO  db.DBStoreBuilder (DBStoreBuilder.java:processTables(161)) - Using default column profile:DBProfile.DISK for Table:revokedCerts
2019-09-02 05:34:17,533 [main] INFO  db.DBStoreBuilder (DBStoreBuilder.java:addTable(110)) - using custom profile for table: default
2019-09-02 05:34:17,533 [main] INFO  db.DBStoreBuilder (DBStoreBuilder.java:processTables(167)) - Using default column profile:DBProfile.DISK for Table:default
2019-09-02 05:34:17,533 [main] INFO  db.DBStoreBuilder (DBStoreBuilder.java:getDbProfile(198)) - Using default options. DBProfile.DISK
2019-09-02 05:34:17,691 [main] INFO  net.NodeSchemaLoader (NodeSchemaLoader.java:loadSchemaFromFile(125)) - Loading file from sun.misc.CompoundEnumeration@203b953c
2019-09-02 05:34:17,691 [main] INFO  net.NodeSchemaLoader (NodeSchemaLoader.java:loadSchema(171)) - Loading network topology layer schema file
2019-09-02 05:34:17,696 [main] INFO  node.SCMNodeManager (SCMNodeManager.java:<init>(114)) - Entering startup safe mode.
2019-09-02 05:34:17,697 [main] INFO  algorithms.ContainerPlacementPolicyFactory (ContainerPlacementPolicyFactory.java:getPolicy(55)) - Create container placement policy of type org.apache.hadoop.hdds.scm.container.placement.algorithms.SCMContainerPlacementRandom
2019-09-02 05:34:17,697 [main] WARN  server.ServerUtils (ServerUtils.java:getScmDbDir(145)) - ozone.scm.db.dirs is not configured. We recommend adding this setting. Falling back to ozone.metadata.dirs instead.
2019-09-02 05:34:17,755 [main] INFO  pipeline.SCMPipelineManager (SCMPipelineManager.java:initializePipelineState(126)) - No pipeline exists in current db
2019-09-02 05:34:17,755 [main] WARN  server.ServerUtils (ServerUtils.java:getScmDbDir(145)) - ozone.scm.db.dirs is not configured. We recommend adding this setting. Falling back to ozone.metadata.dirs instead.
2019-09-02 05:34:17,796 [main] WARN  events.EventQueue (EventQueue.java:fireEvent(183)) - No event handler registered for event TypedEvent{payloadType=SafeModeStatus, name='SafeModeStatus'}
2019-09-02 05:34:17,797 [main] INFO  ipc.CallQueueManager (CallQueueManager.java:<init>(84)) - Using callQueue: class java.util.concurrent.LinkedBlockingQueue, queueCapacity: 2000, scheduler: class org.apache.hadoop.ipc.DefaultRpcScheduler, ipcBackoff: false.
2019-09-02 05:34:17,798 [Socket Reader #1 for port 42525] INFO  ipc.Server (Server.java:run(1074)) - Starting Socket Reader #1 for port 42525
2019-09-02 05:34:17,800 [main] INFO  ipc.CallQueueManager (CallQueueManager.java:<init>(84)) - Using callQueue: class java.util.concurrent.LinkedBlockingQueue, queueCapacity: 2000, scheduler: class org.apache.hadoop.ipc.DefaultRpcScheduler, ipcBackoff: false.
2019-09-02 05:34:17,801 [Socket Reader #1 for port 34930] INFO  ipc.Server (Server.java:run(1074)) - Starting Socket Reader #1 for port 34930
2019-09-02 05:34:17,802 [main] INFO  ipc.CallQueueManager (CallQueueManager.java:<init>(84)) - Using callQueue: class java.util.concurrent.LinkedBlockingQueue, queueCapacity: 2000, scheduler: class org.apache.hadoop.ipc.DefaultRpcScheduler, ipcBackoff: false.
2019-09-02 05:34:17,803 [Socket Reader #1 for port 34201] INFO  ipc.Server (Server.java:run(1074)) - Starting Socket Reader #1 for port 34201
2019-09-02 05:34:17,806 [main] INFO  hdfs.DFSUtil (DFSUtil.java:httpServerTemplateForNNAndJN(1641)) - Starting Web-server for scm at: http://0.0.0.0:0
2019-09-02 05:34:17,807 [main] INFO  server.AuthenticationFilter (AuthenticationFilter.java:constructSecretProvider(240)) - Unable to initialize FileSignerSecretProvider, falling back to use random secrets.
2019-09-02 05:34:17,808 [main] WARN  http.HttpRequestLog (HttpRequestLog.java:getRequestLog(97)) - Jetty request log can only be enabled using Log4j
2019-09-02 05:34:17,809 [main] INFO  http.HttpServer2 (HttpServer2.java:addGlobalFilter(975)) - Added global filter 'safety' (class=org.apache.hadoop.http.HttpServer2$QuotingInputFilter)
2019-09-02 05:34:17,810 [main] INFO  http.HttpServer2 (HttpServer2.java:addFilter(948)) - Added filter static_user_filter (class=org.apache.hadoop.http.lib.StaticUserWebFilter$StaticUserFilter) to context scm
2019-09-02 05:34:17,810 [main] INFO  http.HttpServer2 (HttpServer2.java:addFilter(958)) - Added filter static_user_filter (class=org.apache.hadoop.http.lib.StaticUserWebFilter$StaticUserFilter) to context logs
2019-09-02 05:34:17,810 [main] INFO  http.HttpServer2 (HttpServer2.java:addFilter(958)) - Added filter static_user_filter (class=org.apache.hadoop.http.lib.StaticUserWebFilter$StaticUserFilter) to context static
2019-09-02 05:34:17,812 [main] INFO  server.StorageContainerManager (StorageContainerManager.java:start(759)) - StorageContainerLocationProtocol RPC server is listening at /0.0.0.0:34201
2019-09-02 05:34:17,814 [main] WARN  impl.MetricsConfig (MetricsConfig.java:loadFirst(134)) - Cannot locate configuration: tried hadoop-metrics2-storagecontainermanager.properties,hadoop-metrics2.properties
2019-09-02 05:34:17,815 [main] INFO  impl.MetricsSystemImpl (MetricsSystemImpl.java:startTimer(374)) - Scheduled Metric snapshot period at 10 second(s).
2019-09-02 05:34:17,815 [main] INFO  impl.MetricsSystemImpl (MetricsSystemImpl.java:start(191)) - StorageContainerManager metrics system started
2019-09-02 05:34:17,854 [main] WARN  impl.MetricsSystemImpl (MetricsSystemImpl.java:register(276)) - Sink prometheus already exists!
2019-09-02 05:34:17,913 [main] INFO  server.SCMClientProtocolServer (SCMClientProtocolServer.java:start(151)) - RPC server for Client  is listening at /0.0.0.0:34201
2019-09-02 05:34:17,913 [IPC Server Responder] INFO  ipc.Server (Server.java:run(1314)) - IPC Server Responder: starting
2019-09-02 05:34:17,914 [IPC Server listener on 34201] INFO  ipc.Server (Server.java:run(1153)) - IPC Server listener on 34201: starting
2019-09-02 05:34:17,917 [main] INFO  server.StorageContainerManager (StorageContainerManager.java:start(769)) - ScmBlockLocationProtocol RPC server is listening at /0.0.0.0:34930
2019-09-02 05:34:17,918 [main] INFO  server.SCMBlockProtocolServer (SCMBlockProtocolServer.java:start(146)) - RPC server for Block Protocol is listening at /0.0.0.0:34930
2019-09-02 05:34:17,918 [IPC Server Responder] INFO  ipc.Server (Server.java:run(1314)) - IPC Server Responder: starting
2019-09-02 05:34:17,918 [IPC Server listener on 34930] INFO  ipc.Server (Server.java:run(1153)) - IPC Server listener on 34930: starting
2019-09-02 05:34:17,922 [main] INFO  server.StorageContainerManager (StorageContainerManager.java:start(773)) - ScmDatanodeProtocl RPC server is listening at /0.0.0.0:42525
2019-09-02 05:34:17,923 [main] INFO  server.SCMDatanodeProtocolServer (SCMDatanodeProtocolServer.java:start(191)) - RPC server for DataNodes is listening at /0.0.0.0:42525
2019-09-02 05:34:17,923 [IPC Server Responder] INFO  ipc.Server (Server.java:run(1314)) - IPC Server Responder: starting
2019-09-02 05:34:17,923 [IPC Server listener on 42525] INFO  ipc.Server (Server.java:run(1153)) - IPC Server listener on 42525: starting
2019-09-02 05:34:17,927 [main] INFO  http.HttpServer2 (HttpServer2.java:bindListener(1191)) - Jetty bound to port 40180
2019-09-02 05:34:17,928 [main] INFO  server.Server (Server.java:doStart(351)) - jetty-9.3.24.v20180605, build timestamp: 2018-06-05T17:11:56Z, git hash: 84205aa28f11a4f31f2a3b86d1bba2cc8ab69827
2019-09-02 05:34:17,931 [main] INFO  handler.ContextHandler (ContextHandler.java:doStart(781)) - Started o.e.j.s.ServletContextHandler@7a55fb81{/logs,file:///workdir/hadoop-ozone/integration-test/target/log,AVAILABLE}
2019-09-02 05:34:17,931 [main] INFO  handler.ContextHandler (ContextHandler.java:doStart(781)) - Started o.e.j.s.ServletContextHandler@1d2d8846{/static,file:///workdir/hadoop-ozone/integration-test/target/test-classes/webapps/static,AVAILABLE}
2019-09-02 05:34:17,936 [main] INFO  handler.ContextHandler (ContextHandler.java:doStart(781)) - Started o.e.j.w.WebAppContext@78479f2b{/,file:///workdir/hadoop-ozone/integration-test/target/test-classes/webapps/scm/,AVAILABLE}{/scm}
2019-09-02 05:34:17,937 [main] INFO  server.AbstractConnector (AbstractConnector.java:doStart(278)) - Started ServerConnector@2755617b{HTTP/1.1,[http/1.1]}{0.0.0.0:40180}
2019-09-02 05:34:17,938 [main] INFO  server.Server (Server.java:doStart(419)) - Started @613403ms
2019-09-02 05:34:17,938 [main] WARN  impl.MetricsSystemImpl (MetricsSystemImpl.java:register(276)) - Sink prometheus already exists!
2019-09-02 05:34:17,939 [main] INFO  server.BaseHttpServer (BaseHttpServer.java:updateConnectorAddress(215)) - HTTP server of SCM is listening at http://0.0.0.0:40180
2019-09-02 05:34:17,940 [main] WARN  server.ServerUtils (ServerUtils.java:getDBPath(222)) - ozone.om.db.dirs is not configured. We recommend adding this setting. Falling back to ozone.metadata.dirs instead.
2019-09-02 05:34:17,940 [org.apache.hadoop.util.JvmPauseMonitor$Monitor@d9f5fce] INFO  util.JvmPauseMonitor (JvmPauseMonitor.java:run(188)) - Starting JVM pause monitor
2019-09-02 05:34:17,958 [main] WARN  server.ServerUtils (ServerUtils.java:getDBPath(222)) - ozone.om.db.dirs is not configured. We recommend adding this setting. Falling back to ozone.metadata.dirs instead.
2019-09-02 05:34:17,958 [main] WARN  server.ServerUtils (ServerUtils.java:getDBPath(222)) - ozone.om.db.dirs is not configured. We recommend adding this setting. Falling back to ozone.metadata.dirs instead.
2019-09-02 05:34:17,959 [main] INFO  om.OzoneManager (OzoneManager.java:setOMNodeDetails(649)) - OM Service ID is not set. Setting it to the default ID: omServiceIdDefault
2019-09-02 05:34:17,959 [main] INFO  om.OzoneManager (OzoneManager.java:setOMNodeDetails(655)) - OM Node ID is not set. Setting it to the OmStorage's OmID: 961e7ddd-8e86-44d8-9519-d56cd4986638
2019-09-02 05:34:17,959 [main] INFO  om.OzoneManager (OzoneManager.java:loadOMHAConfigs(606)) - Found matching OM address with OMServiceId: null, OMNodeId: null, RPC Address: localhost:0 and Ratis port: 9872
2019-09-02 05:34:17,964 [main] WARN  server.ServerUtils (ServerUtils.java:getDBPath(222)) - ozone.om.db.dirs is not configured. We recommend adding this setting. Falling back to ozone.metadata.dirs instead.
2019-09-02 05:34:17,965 [main] INFO  db.DBStoreBuilder (DBStoreBuilder.java:addTable(110)) - using custom profile for table: userTable
2019-09-02 05:34:17,965 [main] INFO  db.DBStoreBuilder (DBStoreBuilder.java:processTables(161)) - Using default column profile:DBProfile.DISK for Table:userTable
2019-09-02 05:34:17,965 [main] INFO  db.DBStoreBuilder (DBStoreBuilder.java:addTable(110)) - using custom profile for table: volumeTable
2019-09-02 05:34:17,965 [main] INFO  db.DBStoreBuilder (DBStoreBuilder.java:processTables(161)) - Using default column profile:DBProfile.DISK for Table:volumeTable
2019-09-02 05:34:17,965 [main] INFO  db.DBStoreBuilder (DBStoreBuilder.java:addTable(110)) - using custom profile for table: bucketTable
2019-09-02 05:34:17,966 [main] INFO  db.DBStoreBuilder (DBStoreBuilder.java:processTables(161)) - Using default column profile:DBProfile.DISK for Table:bucketTable
2019-09-02 05:34:17,966 [main] INFO  db.DBStoreBuilder (DBStoreBuilder.java:addTable(110)) - using custom profile for table: keyTable
2019-09-02 05:34:17,966 [main] INFO  db.DBStoreBuilder (DBStoreBuilder.java:processTables(161)) - Using default column profile:DBProfile.DISK for Table:keyTable
2019-09-02 05:34:17,966 [main] INFO  db.DBStoreBuilder (DBStoreBuilder.java:addTable(110)) - using custom profile for table: deletedTable
2019-09-02 05:34:17,966 [main] INFO  db.DBStoreBuilder (DBStoreBuilder.java:processTables(161)) - Using default column profile:DBProfile.DISK for Table:deletedTable
2019-09-02 05:34:17,966 [main] INFO  db.DBStoreBuilder (DBStoreBuilder.java:addTable(110)) - using custom profile for table: openKeyTable
2019-09-02 05:34:17,966 [main] INFO  db.DBStoreBuilder (DBStoreBuilder.java:processTables(161)) - Using default column profile:DBProfile.DISK for Table:openKeyTable
2019-09-02 05:34:17,967 [main] INFO  db.DBStoreBuilder (DBStoreBuilder.java:addTable(110)) - using custom profile for table: s3Table
2019-09-02 05:34:17,967 [main] INFO  db.DBStoreBuilder (DBStoreBuilder.java:processTables(161)) - Using default column profile:DBProfile.DISK for Table:s3Table
2019-09-02 05:34:17,967 [main] INFO  db.DBStoreBuilder (DBStoreBuilder.java:addTable(110)) - using custom profile for table: multipartInfoTable
2019-09-02 05:34:17,967 [main] INFO  db.DBStoreBuilder (DBStoreBuilder.java:processTables(161)) - Using default column profile:DBProfile.DISK for Table:multipartInfoTable
2019-09-02 05:34:17,967 [main] INFO  db.DBStoreBuilder (DBStoreBuilder.java:addTable(110)) - using custom profile for table: dTokenTable
2019-09-02 05:34:17,967 [main] INFO  db.DBStoreBuilder (DBStoreBuilder.java:processTables(161)) - Using default column profile:DBProfile.DISK for Table:dTokenTable
2019-09-02 05:34:17,968 [main] INFO  db.DBStoreBuilder (DBStoreBuilder.java:addTable(110)) - using custom profile for table: s3SecretTable
2019-09-02 05:34:17,968 [main] INFO  db.DBStoreBuilder (DBStoreBuilder.java:processTables(161)) - Using default column profile:DBProfile.DISK for Table:s3SecretTable
2019-09-02 05:34:17,968 [main] INFO  db.DBStoreBuilder (DBStoreBuilder.java:addTable(110)) - using custom profile for table: prefixTable
2019-09-02 05:34:17,968 [main] INFO  db.DBStoreBuilder (DBStoreBuilder.java:processTables(161)) - Using default column profile:DBProfile.DISK for Table:prefixTable
2019-09-02 05:34:17,968 [main] INFO  db.DBStoreBuilder (DBStoreBuilder.java:addTable(110)) - using custom profile for table: default
2019-09-02 05:34:17,968 [main] INFO  db.DBStoreBuilder (DBStoreBuilder.java:processTables(167)) - Using default column profile:DBProfile.DISK for Table:default
2019-09-02 05:34:17,969 [main] INFO  db.DBStoreBuilder (DBStoreBuilder.java:getDbProfile(198)) - Using default options. DBProfile.DISK
2019-09-02 05:34:18,445 [main] INFO  ipc.CallQueueManager (CallQueueManager.java:<init>(84)) - Using callQueue: class java.util.concurrent.LinkedBlockingQueue, queueCapacity: 2000, scheduler: class org.apache.hadoop.ipc.DefaultRpcScheduler, ipcBackoff: false.
2019-09-02 05:34:18,447 [Socket Reader #1 for port 37052] INFO  ipc.Server (Server.java:run(1074)) - Starting Socket Reader #1 for port 37052
2019-09-02 05:34:18,464 [main] INFO  om.OzoneManager (OzoneManager.java:start(1240)) - OzoneManager RPC server is listening at localhost/127.0.0.1:37052
2019-09-02 05:34:18,464 [main] INFO  impl.MetricsSystemImpl (MetricsSystemImpl.java:init(158)) - OzoneManager metrics system started (again)
2019-09-02 05:34:18,465 [IPC Server Responder] INFO  ipc.Server (Server.java:run(1314)) - IPC Server Responder: starting
2019-09-02 05:34:18,465 [IPC Server listener on 37052] INFO  ipc.Server (Server.java:run(1153)) - IPC Server listener on 37052: starting
2019-09-02 05:34:18,469 [main] INFO  hdfs.DFSUtil (DFSUtil.java:httpServerTemplateForNNAndJN(1641)) - Starting Web-server for ozoneManager at: http://0.0.0.0:0
2019-09-02 05:34:18,471 [main] INFO  server.AuthenticationFilter (AuthenticationFilter.java:constructSecretProvider(240)) - Unable to initialize FileSignerSecretProvider, falling back to use random secrets.
2019-09-02 05:34:18,471 [main] WARN  http.HttpRequestLog (HttpRequestLog.java:getRequestLog(97)) - Jetty request log can only be enabled using Log4j
2019-09-02 05:34:18,472 [main] INFO  http.HttpServer2 (HttpServer2.java:addGlobalFilter(975)) - Added global filter 'safety' (class=org.apache.hadoop.http.HttpServer2$QuotingInputFilter)
2019-09-02 05:34:18,473 [main] INFO  http.HttpServer2 (HttpServer2.java:addFilter(948)) - Added filter static_user_filter (class=org.apache.hadoop.http.lib.StaticUserWebFilter$StaticUserFilter) to context ozoneManager
2019-09-02 05:34:18,473 [main] INFO  http.HttpServer2 (HttpServer2.java:addFilter(958)) - Added filter static_user_filter (class=org.apache.hadoop.http.lib.StaticUserWebFilter$StaticUserFilter) to context logs
2019-09-02 05:34:18,473 [main] INFO  http.HttpServer2 (HttpServer2.java:addFilter(958)) - Added filter static_user_filter (class=org.apache.hadoop.http.lib.StaticUserWebFilter$StaticUserFilter) to context static
2019-09-02 05:34:18,474 [main] INFO  http.HttpServer2 (HttpServer2.java:bindListener(1191)) - Jetty bound to port 43238
2019-09-02 05:34:18,474 [main] INFO  server.Server (Server.java:doStart(351)) - jetty-9.3.24.v20180605, build timestamp: 2018-06-05T17:11:56Z, git hash: 84205aa28f11a4f31f2a3b86d1bba2cc8ab69827
2019-09-02 05:34:18,476 [main] INFO  handler.ContextHandler (ContextHandler.java:doStart(781)) - Started o.e.j.s.ServletContextHandler@7871d261{/logs,file:///workdir/hadoop-ozone/integration-test/target/log,AVAILABLE}
2019-09-02 05:34:18,476 [main] INFO  handler.ContextHandler (ContextHandler.java:doStart(781)) - Started o.e.j.s.ServletContextHandler@11bfffb3{/static,file:///workdir/hadoop-ozone/integration-test/target/test-classes/webapps/static,AVAILABLE}
2019-09-02 05:34:18,480 [main] INFO  handler.ContextHandler (ContextHandler.java:doStart(781)) - Started o.e.j.w.WebAppContext@6775c0d1{/,file:///workdir/hadoop-ozone/integration-test/target/test-classes/webapps/ozoneManager/,AVAILABLE}{/ozoneManager}
2019-09-02 05:34:18,481 [main] INFO  server.AbstractConnector (AbstractConnector.java:doStart(278)) - Started ServerConnector@38f617f4{HTTP/1.1,[http/1.1]}{0.0.0.0:43238}
2019-09-02 05:34:18,482 [main] INFO  server.Server (Server.java:doStart(419)) - Started @613948ms
2019-09-02 05:34:18,482 [main] WARN  impl.MetricsSystemImpl (MetricsSystemImpl.java:register(276)) - Sink prometheus already exists!
2019-09-02 05:34:18,483 [main] INFO  server.BaseHttpServer (BaseHttpServer.java:updateConnectorAddress(215)) - HTTP server of OZONEMANAGER is listening at http://0.0.0.0:43238
2019-09-02 05:34:18,495 [main] INFO  impl.MetricsSystemImpl (MetricsSystemImpl.java:init(158)) - HddsDatanode metrics system started (again)
2019-09-02 05:34:18,498 [main] INFO  ozone.HddsDatanodeService (HddsDatanodeService.java:start(184)) - HddsDatanodeService host:trunk-nightly-20190902-fsht6-3309735379 ip:192.168.36.97
2019-09-02 05:34:18,502 [main] INFO  volume.HddsVolume (HddsVolume.java:<init>(176)) - Creating Volume: /workdir/hadoop-ozone/integration-test/target/test-dir/MiniOzoneClusterImpl-1fbc595b-70b6-44e3-b18f-c16b6617eb44/datanode-0/data/containers/hdds of  storage type : DISK and capacity : 1482555576320
2019-09-02 05:34:18,503 [main] INFO  volume.VolumeSet (VolumeSet.java:initializeVolumeSet(170)) - Added Volume : /workdir/hadoop-ozone/integration-test/target/test-dir/MiniOzoneClusterImpl-1fbc595b-70b6-44e3-b18f-c16b6617eb44/datanode-0/data/containers/hdds to VolumeSet
2019-09-02 05:34:18,503 [main] INFO  volume.ThrottledAsyncChecker (ThrottledAsyncChecker.java:schedule(140)) - Scheduling a check for org.apache.hadoop.ozone.container.common.volume.HddsVolume@597a7afa
2019-09-02 05:34:18,503 [main] INFO  volume.HddsVolumeChecker (HddsVolumeChecker.java:checkAllVolumes(203)) - Scheduled health check for volume org.apache.hadoop.ozone.container.common.volume.HddsVolume@597a7afa
2019-09-02 05:34:18,515 [main] INFO  impl.RaftServerProxy (ConfUtils.java:logGet(43)) - raft.rpc.type = GRPC (default)
2019-09-02 05:34:18,515 [main] INFO  grpc.GrpcFactory (GrpcFactory.java:checkPooledByteBufAllocatorUseCacheForAllThreads(45)) - PERFORMANCE WARNING: useCacheForAllThreads is true that may cause Netty to create a lot garbage objects and, as a result, trigger GC.
	It is recommended to disable useCacheForAllThreads by setting -Dorg.apache.ratis.thirdparty.io.netty.allocator.useCacheForAllThreads=false in command line.
2019-09-02 05:34:18,515 [main] INFO  grpc.GrpcConfigKeys$Server (ConfUtils.java:logGet(43)) - raft.grpc.server.port = 0 (default)
2019-09-02 05:34:18,515 [main] INFO  server.GrpcService (ConfUtils.java:logGet(43)) - raft.grpc.message.size.max = 33570816 (custom)
2019-09-02 05:34:18,515 [main] INFO  server.RaftServerConfigKeys (ConfUtils.java:logGet(43)) - raft.server.log.appender.buffer.byte-limit = 33554432 (custom)
2019-09-02 05:34:18,516 [main] INFO  server.GrpcService (ConfUtils.java:logGet(43)) - raft.grpc.flow.control.window = 1MB (=1048576) (default)
2019-09-02 05:34:18,516 [main] INFO  server.RaftServerConfigKeys (ConfUtils.java:logGet(43)) - raft.server.rpc.request.timeout = 3000ms (default)
2019-09-02 05:34:18,516 [main] INFO  server.RaftServerConfigKeys (ConfUtils.java:logGet(43)) - raft.server.storage.dir = [/workdir/hadoop-ozone/integration-test/target/test-dir/MiniOzoneClusterImpl-1fbc595b-70b6-44e3-b18f-c16b6617eb44/datanode-0/data/ratis] (custom)
2019-09-02 05:34:18,518 [main] INFO  hdfs.DFSUtil (DFSUtil.java:httpServerTemplateForNNAndJN(1641)) - Starting Web-server for hddsDatanode at: http://0.0.0.0:0
2019-09-02 05:34:18,520 [main] INFO  server.AuthenticationFilter (AuthenticationFilter.java:constructSecretProvider(240)) - Unable to initialize FileSignerSecretProvider, falling back to use random secrets.
2019-09-02 05:34:18,520 [main] WARN  http.HttpRequestLog (HttpRequestLog.java:getRequestLog(97)) - Jetty request log can only be enabled using Log4j
2019-09-02 05:34:18,521 [main] INFO  http.HttpServer2 (HttpServer2.java:addGlobalFilter(975)) - Added global filter 'safety' (class=org.apache.hadoop.http.HttpServer2$QuotingInputFilter)
2019-09-02 05:34:18,522 [main] INFO  http.HttpServer2 (HttpServer2.java:addFilter(948)) - Added filter static_user_filter (class=org.apache.hadoop.http.lib.StaticUserWebFilter$StaticUserFilter) to context hddsDatanode
2019-09-02 05:34:18,522 [main] INFO  http.HttpServer2 (HttpServer2.java:addFilter(958)) - Added filter static_user_filter (class=org.apache.hadoop.http.lib.StaticUserWebFilter$StaticUserFilter) to context static
2019-09-02 05:34:18,522 [main] INFO  http.HttpServer2 (HttpServer2.java:addFilter(958)) - Added filter static_user_filter (class=org.apache.hadoop.http.lib.StaticUserWebFilter$StaticUserFilter) to context logs
2019-09-02 05:34:18,523 [main] INFO  http.HttpServer2 (HttpServer2.java:bindListener(1191)) - Jetty bound to port 42789
2019-09-02 05:34:18,523 [main] INFO  server.Server (Server.java:doStart(351)) - jetty-9.3.24.v20180605, build timestamp: 2018-06-05T17:11:56Z, git hash: 84205aa28f11a4f31f2a3b86d1bba2cc8ab69827
2019-09-02 05:34:18,524 [main] INFO  handler.ContextHandler (ContextHandler.java:doStart(781)) - Started o.e.j.s.ServletContextHandler@1a785fd5{/logs,file:///workdir/hadoop-ozone/integration-test/target/log,AVAILABLE}
2019-09-02 05:34:18,525 [main] INFO  handler.ContextHandler (ContextHandler.java:doStart(781)) - Started o.e.j.s.ServletContextHandler@362a561e{/static,jar:file:/home/user/.m2/repository/org/apache/hadoop/hadoop-hdds-container-service/0.5.0-SNAPSHOT/hadoop-hdds-container-service-0.5.0-SNAPSHOT.jar!/webapps/static,AVAILABLE}
2019-09-02 05:34:18,551 [main] INFO  handler.ContextHandler (ContextHandler.java:doStart(781)) - Started o.e.j.w.WebAppContext@2b9aeedb{/,file:///tmp/jetty-0.0.0.0-42789-hddsDatanode-_-any-795287079874114168.dir/webapp/,AVAILABLE}{/hddsDatanode}
2019-09-02 05:34:18,552 [main] INFO  server.AbstractConnector (AbstractConnector.java:doStart(278)) - Started ServerConnector@63485d7{HTTP/1.1,[http/1.1]}{0.0.0.0:42789}
2019-09-02 05:34:18,553 [main] INFO  server.Server (Server.java:doStart(419)) - Started @614019ms
2019-09-02 05:34:18,553 [main] WARN  impl.MetricsSystemImpl (MetricsSystemImpl.java:register(276)) - Sink prometheus already exists!
2019-09-02 05:34:18,554 [main] INFO  server.BaseHttpServer (BaseHttpServer.java:updateConnectorAddress(215)) - HTTP server of HDDSDATANODE is listening at http://0.0.0.0:42789
2019-09-02 05:34:18,554 [main] INFO  impl.MetricsSystemImpl (MetricsSystemImpl.java:init(158)) - HddsDatanode metrics system started (again)
2019-09-02 05:34:18,556 [org.apache.hadoop.util.JvmPauseMonitor$Monitor@7533cd1b] INFO  util.JvmPauseMonitor (JvmPauseMonitor.java:run(188)) - Starting JVM pause monitor
2019-09-02 05:34:18,557 [main] INFO  ozone.HddsDatanodeService (HddsDatanodeService.java:start(184)) - HddsDatanodeService host:trunk-nightly-20190902-fsht6-3309735379 ip:192.168.36.97
2019-09-02 05:34:18,558 [Datanode State Machine Thread - 0] INFO  datanode.InitDatanodeState (InitDatanodeState.java:persistContainerDatanodeDetails(140)) - DatanodeDetails is persisted to /workdir/hadoop-ozone/integration-test/target/test-dir/MiniOzoneClusterImpl-1fbc595b-70b6-44e3-b18f-c16b6617eb44/datanode-0/meta/datanode.id
2019-09-02 05:34:18,563 [main] INFO  volume.HddsVolume (HddsVolume.java:<init>(176)) - Creating Volume: /workdir/hadoop-ozone/integration-test/target/test-dir/MiniOzoneClusterImpl-1fbc595b-70b6-44e3-b18f-c16b6617eb44/datanode-1/data/containers/hdds of  storage type : DISK and capacity : 1482555576320
2019-09-02 05:34:18,563 [main] INFO  volume.VolumeSet (VolumeSet.java:initializeVolumeSet(170)) - Added Volume : /workdir/hadoop-ozone/integration-test/target/test-dir/MiniOzoneClusterImpl-1fbc595b-70b6-44e3-b18f-c16b6617eb44/datanode-1/data/containers/hdds to VolumeSet
2019-09-02 05:34:18,563 [main] INFO  volume.ThrottledAsyncChecker (ThrottledAsyncChecker.java:schedule(140)) - Scheduling a check for org.apache.hadoop.ozone.container.common.volume.HddsVolume@1fc0d9b4
2019-09-02 05:34:18,564 [main] INFO  volume.HddsVolumeChecker (HddsVolumeChecker.java:checkAllVolumes(203)) - Scheduled health check for volume org.apache.hadoop.ozone.container.common.volume.HddsVolume@1fc0d9b4
2019-09-02 05:34:18,576 [main] INFO  impl.RaftServerProxy (ConfUtils.java:logGet(43)) - raft.rpc.type = GRPC (default)
2019-09-02 05:34:18,576 [main] INFO  grpc.GrpcFactory (GrpcFactory.java:checkPooledByteBufAllocatorUseCacheForAllThreads(45)) - PERFORMANCE WARNING: useCacheForAllThreads is true that may cause Netty to create a lot garbage objects and, as a result, trigger GC.
	It is recommended to disable useCacheForAllThreads by setting -Dorg.apache.ratis.thirdparty.io.netty.allocator.useCacheForAllThreads=false in command line.
2019-09-02 05:34:18,577 [main] INFO  grpc.GrpcConfigKeys$Server (ConfUtils.java:logGet(43)) - raft.grpc.server.port = 0 (default)
2019-09-02 05:34:18,577 [main] INFO  server.GrpcService (ConfUtils.java:logGet(43)) - raft.grpc.message.size.max = 33570816 (custom)
2019-09-02 05:34:18,577 [main] INFO  server.RaftServerConfigKeys (ConfUtils.java:logGet(43)) - raft.server.log.appender.buffer.byte-limit = 33554432 (custom)
2019-09-02 05:34:18,577 [main] INFO  server.GrpcService (ConfUtils.java:logGet(43)) - raft.grpc.flow.control.window = 1MB (=1048576) (default)
2019-09-02 05:34:18,577 [main] INFO  server.RaftServerConfigKeys (ConfUtils.java:logGet(43)) - raft.server.rpc.request.timeout = 3000ms (default)
2019-09-02 05:34:18,578 [main] INFO  server.RaftServerConfigKeys (ConfUtils.java:logGet(43)) - raft.server.storage.dir = [/workdir/hadoop-ozone/integration-test/target/test-dir/MiniOzoneClusterImpl-1fbc595b-70b6-44e3-b18f-c16b6617eb44/datanode-1/data/ratis] (custom)
2019-09-02 05:34:18,579 [main] INFO  hdfs.DFSUtil (DFSUtil.java:httpServerTemplateForNNAndJN(1641)) - Starting Web-server for hddsDatanode at: http://0.0.0.0:0
2019-09-02 05:34:18,580 [main] INFO  server.AuthenticationFilter (AuthenticationFilter.java:constructSecretProvider(240)) - Unable to initialize FileSignerSecretProvider, falling back to use random secrets.
2019-09-02 05:34:18,580 [main] WARN  http.HttpRequestLog (HttpRequestLog.java:getRequestLog(97)) - Jetty request log can only be enabled using Log4j
2019-09-02 05:34:18,582 [main] INFO  http.HttpServer2 (HttpServer2.java:addGlobalFilter(975)) - Added global filter 'safety' (class=org.apache.hadoop.http.HttpServer2$QuotingInputFilter)
2019-09-02 05:34:18,582 [main] INFO  http.HttpServer2 (HttpServer2.java:addFilter(948)) - Added filter static_user_filter (class=org.apache.hadoop.http.lib.StaticUserWebFilter$StaticUserFilter) to context hddsDatanode
2019-09-02 05:34:18,582 [main] INFO  http.HttpServer2 (HttpServer2.java:addFilter(958)) - Added filter static_user_filter (class=org.apache.hadoop.http.lib.StaticUserWebFilter$StaticUserFilter) to context static
2019-09-02 05:34:18,582 [main] INFO  http.HttpServer2 (HttpServer2.java:addFilter(958)) - Added filter static_user_filter (class=org.apache.hadoop.http.lib.StaticUserWebFilter$StaticUserFilter) to context logs
2019-09-02 05:34:18,583 [main] INFO  http.HttpServer2 (HttpServer2.java:bindListener(1191)) - Jetty bound to port 41536
2019-09-02 05:34:18,583 [main] INFO  server.Server (Server.java:doStart(351)) - jetty-9.3.24.v20180605, build timestamp: 2018-06-05T17:11:56Z, git hash: 84205aa28f11a4f31f2a3b86d1bba2cc8ab69827
2019-09-02 05:34:18,584 [main] INFO  handler.ContextHandler (ContextHandler.java:doStart(781)) - Started o.e.j.s.ServletContextHandler@73aaec54{/logs,file:///workdir/hadoop-ozone/integration-test/target/log,AVAILABLE}
2019-09-02 05:34:18,585 [main] INFO  handler.ContextHandler (ContextHandler.java:doStart(781)) - Started o.e.j.s.ServletContextHandler@117b2cc6{/static,jar:file:/home/user/.m2/repository/org/apache/hadoop/hadoop-hdds-container-service/0.5.0-SNAPSHOT/hadoop-hdds-container-service-0.5.0-SNAPSHOT.jar!/webapps/static,AVAILABLE}
2019-09-02 05:34:18,612 [main] INFO  handler.ContextHandler (ContextHandler.java:doStart(781)) - Started o.e.j.w.WebAppContext@537ca28e{/,file:///tmp/jetty-0.0.0.0-41536-hddsDatanode-_-any-6679857563392543744.dir/webapp/,AVAILABLE}{/hddsDatanode}
2019-09-02 05:34:18,613 [main] INFO  server.AbstractConnector (AbstractConnector.java:doStart(278)) - Started ServerConnector@5b322873{HTTP/1.1,[http/1.1]}{0.0.0.0:41536}
2019-09-02 05:34:18,614 [main] INFO  server.Server (Server.java:doStart(419)) - Started @614080ms
2019-09-02 05:34:18,614 [main] WARN  impl.MetricsSystemImpl (MetricsSystemImpl.java:register(276)) - Sink prometheus already exists!
2019-09-02 05:34:18,615 [main] INFO  server.BaseHttpServer (BaseHttpServer.java:updateConnectorAddress(215)) - HTTP server of HDDSDATANODE is listening at http://0.0.0.0:41536
2019-09-02 05:34:18,616 [main] INFO  impl.MetricsSystemImpl (MetricsSystemImpl.java:init(158)) - HddsDatanode metrics system started (again)
2019-09-02 05:34:18,619 [org.apache.hadoop.util.JvmPauseMonitor$Monitor@12823b86] INFO  util.JvmPauseMonitor (JvmPauseMonitor.java:run(188)) - Starting JVM pause monitor
2019-09-02 05:34:18,620 [main] INFO  ozone.HddsDatanodeService (HddsDatanodeService.java:start(184)) - HddsDatanodeService host:trunk-nightly-20190902-fsht6-3309735379 ip:192.168.36.97
2019-09-02 05:34:18,620 [Datanode State Machine Thread - 0] INFO  datanode.InitDatanodeState (InitDatanodeState.java:persistContainerDatanodeDetails(140)) - DatanodeDetails is persisted to /workdir/hadoop-ozone/integration-test/target/test-dir/MiniOzoneClusterImpl-1fbc595b-70b6-44e3-b18f-c16b6617eb44/datanode-1/meta/datanode.id
2019-09-02 05:34:18,626 [main] INFO  volume.HddsVolume (HddsVolume.java:<init>(176)) - Creating Volume: /workdir/hadoop-ozone/integration-test/target/test-dir/MiniOzoneClusterImpl-1fbc595b-70b6-44e3-b18f-c16b6617eb44/datanode-2/data/containers/hdds of  storage type : DISK and capacity : 1482555576320
2019-09-02 05:34:18,627 [main] INFO  volume.VolumeSet (VolumeSet.java:initializeVolumeSet(170)) - Added Volume : /workdir/hadoop-ozone/integration-test/target/test-dir/MiniOzoneClusterImpl-1fbc595b-70b6-44e3-b18f-c16b6617eb44/datanode-2/data/containers/hdds to VolumeSet
2019-09-02 05:34:18,627 [main] INFO  volume.ThrottledAsyncChecker (ThrottledAsyncChecker.java:schedule(140)) - Scheduling a check for org.apache.hadoop.ozone.container.common.volume.HddsVolume@6b6def36
2019-09-02 05:34:18,628 [main] INFO  volume.HddsVolumeChecker (HddsVolumeChecker.java:checkAllVolumes(203)) - Scheduled health check for volume org.apache.hadoop.ozone.container.common.volume.HddsVolume@6b6def36
2019-09-02 05:34:18,645 [main] INFO  impl.RaftServerProxy (ConfUtils.java:logGet(43)) - raft.rpc.type = GRPC (default)
2019-09-02 05:34:18,646 [main] INFO  grpc.GrpcFactory (GrpcFactory.java:checkPooledByteBufAllocatorUseCacheForAllThreads(45)) - PERFORMANCE WARNING: useCacheForAllThreads is true that may cause Netty to create a lot garbage objects and, as a result, trigger GC.
	It is recommended to disable useCacheForAllThreads by setting -Dorg.apache.ratis.thirdparty.io.netty.allocator.useCacheForAllThreads=false in command line.
2019-09-02 05:34:18,646 [main] INFO  grpc.GrpcConfigKeys$Server (ConfUtils.java:logGet(43)) - raft.grpc.server.port = 0 (default)
2019-09-02 05:34:18,646 [main] INFO  server.GrpcService (ConfUtils.java:logGet(43)) - raft.grpc.message.size.max = 33570816 (custom)
2019-09-02 05:34:18,646 [main] INFO  server.RaftServerConfigKeys (ConfUtils.java:logGet(43)) - raft.server.log.appender.buffer.byte-limit = 33554432 (custom)
2019-09-02 05:34:18,647 [main] INFO  server.GrpcService (ConfUtils.java:logGet(43)) - raft.grpc.flow.control.window = 1MB (=1048576) (default)
2019-09-02 05:34:18,647 [main] INFO  server.RaftServerConfigKeys (ConfUtils.java:logGet(43)) - raft.server.rpc.request.timeout = 3000ms (default)
2019-09-02 05:34:18,647 [main] INFO  server.RaftServerConfigKeys (ConfUtils.java:logGet(43)) - raft.server.storage.dir = [/workdir/hadoop-ozone/integration-test/target/test-dir/MiniOzoneClusterImpl-1fbc595b-70b6-44e3-b18f-c16b6617eb44/datanode-2/data/ratis] (custom)
2019-09-02 05:34:18,649 [main] INFO  hdfs.DFSUtil (DFSUtil.java:httpServerTemplateForNNAndJN(1641)) - Starting Web-server for hddsDatanode at: http://0.0.0.0:0
2019-09-02 05:34:18,650 [main] INFO  server.AuthenticationFilter (AuthenticationFilter.java:constructSecretProvider(240)) - Unable to initialize FileSignerSecretProvider, falling back to use random secrets.
2019-09-02 05:34:18,651 [main] WARN  http.HttpRequestLog (HttpRequestLog.java:getRequestLog(97)) - Jetty request log can only be enabled using Log4j
2019-09-02 05:34:18,653 [main] INFO  http.HttpServer2 (HttpServer2.java:addGlobalFilter(975)) - Added global filter 'safety' (class=org.apache.hadoop.http.HttpServer2$QuotingInputFilter)
2019-09-02 05:34:18,653 [main] INFO  http.HttpServer2 (HttpServer2.java:addFilter(948)) - Added filter static_user_filter (class=org.apache.hadoop.http.lib.StaticUserWebFilter$StaticUserFilter) to context hddsDatanode
2019-09-02 05:34:18,654 [main] INFO  http.HttpServer2 (HttpServer2.java:addFilter(958)) - Added filter static_user_filter (class=org.apache.hadoop.http.lib.StaticUserWebFilter$StaticUserFilter) to context static
2019-09-02 05:34:18,654 [main] INFO  http.HttpServer2 (HttpServer2.java:addFilter(958)) - Added filter static_user_filter (class=org.apache.hadoop.http.lib.StaticUserWebFilter$StaticUserFilter) to context logs
2019-09-02 05:34:18,654 [main] INFO  http.HttpServer2 (HttpServer2.java:bindListener(1191)) - Jetty bound to port 38921
2019-09-02 05:34:18,655 [main] INFO  server.Server (Server.java:doStart(351)) - jetty-9.3.24.v20180605, build timestamp: 2018-06-05T17:11:56Z, git hash: 84205aa28f11a4f31f2a3b86d1bba2cc8ab69827
2019-09-02 05:34:18,656 [main] INFO  handler.ContextHandler (ContextHandler.java:doStart(781)) - Started o.e.j.s.ServletContextHandler@56da96b3{/logs,file:///workdir/hadoop-ozone/integration-test/target/log,AVAILABLE}
2019-09-02 05:34:18,657 [main] INFO  handler.ContextHandler (ContextHandler.java:doStart(781)) - Started o.e.j.s.ServletContextHandler@426710f0{/static,jar:file:/home/user/.m2/repository/org/apache/hadoop/hadoop-hdds-container-service/0.5.0-SNAPSHOT/hadoop-hdds-container-service-0.5.0-SNAPSHOT.jar!/webapps/static,AVAILABLE}
2019-09-02 05:34:18,694 [main] INFO  handler.ContextHandler (ContextHandler.java:doStart(781)) - Started o.e.j.w.WebAppContext@2120bed{/,file:///tmp/jetty-0.0.0.0-38921-hddsDatanode-_-any-4441829036796791844.dir/webapp/,AVAILABLE}{/hddsDatanode}
2019-09-02 05:34:18,695 [main] INFO  server.AbstractConnector (AbstractConnector.java:doStart(278)) - Started ServerConnector@566fe83c{HTTP/1.1,[http/1.1]}{0.0.0.0:38921}
2019-09-02 05:34:18,696 [main] INFO  server.Server (Server.java:doStart(419)) - Started @614162ms
2019-09-02 05:34:18,696 [main] WARN  impl.MetricsSystemImpl (MetricsSystemImpl.java:register(276)) - Sink prometheus already exists!
2019-09-02 05:34:18,697 [main] INFO  server.BaseHttpServer (BaseHttpServer.java:updateConnectorAddress(215)) - HTTP server of HDDSDATANODE is listening at http://0.0.0.0:38921
2019-09-02 05:34:18,698 [main] INFO  impl.MetricsSystemImpl (MetricsSystemImpl.java:init(158)) - HddsDatanode metrics system started (again)
2019-09-02 05:34:18,702 [org.apache.hadoop.util.JvmPauseMonitor$Monitor@38367ca5] INFO  util.JvmPauseMonitor (JvmPauseMonitor.java:run(188)) - Starting JVM pause monitor
2019-09-02 05:34:18,702 [main] INFO  ozone.HddsDatanodeService (HddsDatanodeService.java:start(184)) - HddsDatanodeService host:trunk-nightly-20190902-fsht6-3309735379 ip:192.168.36.97
2019-09-02 05:34:18,703 [Datanode State Machine Thread - 0] INFO  datanode.InitDatanodeState (InitDatanodeState.java:persistContainerDatanodeDetails(140)) - DatanodeDetails is persisted to /workdir/hadoop-ozone/integration-test/target/test-dir/MiniOzoneClusterImpl-1fbc595b-70b6-44e3-b18f-c16b6617eb44/datanode-2/meta/datanode.id
2019-09-02 05:34:18,708 [main] INFO  volume.HddsVolume (HddsVolume.java:<init>(176)) - Creating Volume: /workdir/hadoop-ozone/integration-test/target/test-dir/MiniOzoneClusterImpl-1fbc595b-70b6-44e3-b18f-c16b6617eb44/datanode-3/data/containers/hdds of  storage type : DISK and capacity : 1482555576320
2019-09-02 05:34:18,708 [main] INFO  volume.VolumeSet (VolumeSet.java:initializeVolumeSet(170)) - Added Volume : /workdir/hadoop-ozone/integration-test/target/test-dir/MiniOzoneClusterImpl-1fbc595b-70b6-44e3-b18f-c16b6617eb44/datanode-3/data/containers/hdds to VolumeSet
2019-09-02 05:34:18,709 [main] INFO  volume.ThrottledAsyncChecker (ThrottledAsyncChecker.java:schedule(140)) - Scheduling a check for org.apache.hadoop.ozone.container.common.volume.HddsVolume@5dfd31f4
2019-09-02 05:34:18,709 [main] INFO  volume.HddsVolumeChecker (HddsVolumeChecker.java:checkAllVolumes(203)) - Scheduled health check for volume org.apache.hadoop.ozone.container.common.volume.HddsVolume@5dfd31f4
2019-09-02 05:34:18,727 [main] INFO  impl.RaftServerProxy (ConfUtils.java:logGet(43)) - raft.rpc.type = GRPC (default)
2019-09-02 05:34:18,727 [main] INFO  grpc.GrpcFactory (GrpcFactory.java:checkPooledByteBufAllocatorUseCacheForAllThreads(45)) - PERFORMANCE WARNING: useCacheForAllThreads is true that may cause Netty to create a lot garbage objects and, as a result, trigger GC.
	It is recommended to disable useCacheForAllThreads by setting -Dorg.apache.ratis.thirdparty.io.netty.allocator.useCacheForAllThreads=false in command line.
2019-09-02 05:34:18,727 [main] INFO  grpc.GrpcConfigKeys$Server (ConfUtils.java:logGet(43)) - raft.grpc.server.port = 0 (default)
2019-09-02 05:34:18,728 [main] INFO  server.GrpcService (ConfUtils.java:logGet(43)) - raft.grpc.message.size.max = 33570816 (custom)
2019-09-02 05:34:18,728 [main] INFO  server.RaftServerConfigKeys (ConfUtils.java:logGet(43)) - raft.server.log.appender.buffer.byte-limit = 33554432 (custom)
2019-09-02 05:34:18,728 [main] INFO  server.GrpcService (ConfUtils.java:logGet(43)) - raft.grpc.flow.control.window = 1MB (=1048576) (default)
2019-09-02 05:34:18,728 [main] INFO  server.RaftServerConfigKeys (ConfUtils.java:logGet(43)) - raft.server.rpc.request.timeout = 3000ms (default)
2019-09-02 05:34:18,729 [main] INFO  server.RaftServerConfigKeys (ConfUtils.java:logGet(43)) - raft.server.storage.dir = [/workdir/hadoop-ozone/integration-test/target/test-dir/MiniOzoneClusterImpl-1fbc595b-70b6-44e3-b18f-c16b6617eb44/datanode-3/data/ratis] (custom)
2019-09-02 05:34:18,730 [main] INFO  hdfs.DFSUtil (DFSUtil.java:httpServerTemplateForNNAndJN(1641)) - Starting Web-server for hddsDatanode at: http://0.0.0.0:0
2019-09-02 05:34:18,732 [main] INFO  server.AuthenticationFilter (AuthenticationFilter.java:constructSecretProvider(240)) - Unable to initialize FileSignerSecretProvider, falling back to use random secrets.
2019-09-02 05:34:18,732 [main] WARN  http.HttpRequestLog (HttpRequestLog.java:getRequestLog(97)) - Jetty request log can only be enabled using Log4j
2019-09-02 05:34:18,734 [main] INFO  http.HttpServer2 (HttpServer2.java:addGlobalFilter(975)) - Added global filter 'safety' (class=org.apache.hadoop.http.HttpServer2$QuotingInputFilter)
2019-09-02 05:34:18,734 [main] INFO  http.HttpServer2 (HttpServer2.java:addFilter(948)) - Added filter static_user_filter (class=org.apache.hadoop.http.lib.StaticUserWebFilter$StaticUserFilter) to context hddsDatanode
2019-09-02 05:34:18,735 [main] INFO  http.HttpServer2 (HttpServer2.java:addFilter(958)) - Added filter static_user_filter (class=org.apache.hadoop.http.lib.StaticUserWebFilter$StaticUserFilter) to context logs
2019-09-02 05:34:18,735 [main] INFO  http.HttpServer2 (HttpServer2.java:addFilter(958)) - Added filter static_user_filter (class=org.apache.hadoop.http.lib.StaticUserWebFilter$StaticUserFilter) to context static
2019-09-02 05:34:18,735 [main] INFO  http.HttpServer2 (HttpServer2.java:bindListener(1191)) - Jetty bound to port 41532
2019-09-02 05:34:18,736 [main] INFO  server.Server (Server.java:doStart(351)) - jetty-9.3.24.v20180605, build timestamp: 2018-06-05T17:11:56Z, git hash: 84205aa28f11a4f31f2a3b86d1bba2cc8ab69827
2019-09-02 05:34:18,737 [main] INFO  handler.ContextHandler (ContextHandler.java:doStart(781)) - Started o.e.j.s.ServletContextHandler@2774dcf4{/logs,file:///workdir/hadoop-ozone/integration-test/target/log,AVAILABLE}
2019-09-02 05:34:18,738 [main] INFO  handler.ContextHandler (ContextHandler.java:doStart(781)) - Started o.e.j.s.ServletContextHandler@7c5f29c6{/static,jar:file:/home/user/.m2/repository/org/apache/hadoop/hadoop-hdds-container-service/0.5.0-SNAPSHOT/hadoop-hdds-container-service-0.5.0-SNAPSHOT.jar!/webapps/static,AVAILABLE}
2019-09-02 05:34:18,775 [main] INFO  handler.ContextHandler (ContextHandler.java:doStart(781)) - Started o.e.j.w.WebAppContext@1247c72e{/,file:///tmp/jetty-0.0.0.0-41532-hddsDatanode-_-any-7692273851771751900.dir/webapp/,AVAILABLE}{/hddsDatanode}
2019-09-02 05:34:18,775 [main] INFO  server.AbstractConnector (AbstractConnector.java:doStart(278)) - Started ServerConnector@6fef75c6{HTTP/1.1,[http/1.1]}{0.0.0.0:41532}
2019-09-02 05:34:18,777 [main] INFO  server.Server (Server.java:doStart(419)) - Started @614243ms
2019-09-02 05:34:18,777 [main] WARN  impl.MetricsSystemImpl (MetricsSystemImpl.java:register(276)) - Sink prometheus already exists!
2019-09-02 05:34:18,778 [main] INFO  server.BaseHttpServer (BaseHttpServer.java:updateConnectorAddress(215)) - HTTP server of HDDSDATANODE is listening at http://0.0.0.0:41532
2019-09-02 05:34:18,779 [main] INFO  impl.MetricsSystemImpl (MetricsSystemImpl.java:init(158)) - HddsDatanode metrics system started (again)
2019-09-02 05:34:18,783 [org.apache.hadoop.util.JvmPauseMonitor$Monitor@4073663c] INFO  util.JvmPauseMonitor (JvmPauseMonitor.java:run(188)) - Starting JVM pause monitor
2019-09-02 05:34:18,784 [Datanode State Machine Thread - 0] INFO  datanode.InitDatanodeState (InitDatanodeState.java:persistContainerDatanodeDetails(140)) - DatanodeDetails is persisted to /workdir/hadoop-ozone/integration-test/target/test-dir/MiniOzoneClusterImpl-1fbc595b-70b6-44e3-b18f-c16b6617eb44/datanode-3/meta/datanode.id
2019-09-02 05:34:18,784 [main] INFO  ozone.HddsDatanodeService (HddsDatanodeService.java:start(184)) - HddsDatanodeService host:trunk-nightly-20190902-fsht6-3309735379 ip:192.168.36.97
2019-09-02 05:34:18,791 [main] INFO  volume.HddsVolume (HddsVolume.java:<init>(176)) - Creating Volume: /workdir/hadoop-ozone/integration-test/target/test-dir/MiniOzoneClusterImpl-1fbc595b-70b6-44e3-b18f-c16b6617eb44/datanode-4/data/containers/hdds of  storage type : DISK and capacity : 1482555576320
2019-09-02 05:34:18,791 [main] INFO  volume.VolumeSet (VolumeSet.java:initializeVolumeSet(170)) - Added Volume : /workdir/hadoop-ozone/integration-test/target/test-dir/MiniOzoneClusterImpl-1fbc595b-70b6-44e3-b18f-c16b6617eb44/datanode-4/data/containers/hdds to VolumeSet
2019-09-02 05:34:18,792 [main] INFO  volume.ThrottledAsyncChecker (ThrottledAsyncChecker.java:schedule(140)) - Scheduling a check for org.apache.hadoop.ozone.container.common.volume.HddsVolume@72eed547
2019-09-02 05:34:18,792 [main] INFO  volume.HddsVolumeChecker (HddsVolumeChecker.java:checkAllVolumes(203)) - Scheduled health check for volume org.apache.hadoop.ozone.container.common.volume.HddsVolume@72eed547
2019-09-02 05:34:18,813 [main] INFO  impl.RaftServerProxy (ConfUtils.java:logGet(43)) - raft.rpc.type = GRPC (default)
2019-09-02 05:34:18,813 [main] INFO  grpc.GrpcFactory (GrpcFactory.java:checkPooledByteBufAllocatorUseCacheForAllThreads(45)) - PERFORMANCE WARNING: useCacheForAllThreads is true that may cause Netty to create a lot garbage objects and, as a result, trigger GC.
	It is recommended to disable useCacheForAllThreads by setting -Dorg.apache.ratis.thirdparty.io.netty.allocator.useCacheForAllThreads=false in command line.
2019-09-02 05:34:18,813 [main] INFO  grpc.GrpcConfigKeys$Server (ConfUtils.java:logGet(43)) - raft.grpc.server.port = 0 (default)
2019-09-02 05:34:18,814 [main] INFO  server.GrpcService (ConfUtils.java:logGet(43)) - raft.grpc.message.size.max = 33570816 (custom)
2019-09-02 05:34:18,814 [main] INFO  server.RaftServerConfigKeys (ConfUtils.java:logGet(43)) - raft.server.log.appender.buffer.byte-limit = 33554432 (custom)
2019-09-02 05:34:18,814 [main] INFO  server.GrpcService (ConfUtils.java:logGet(43)) - raft.grpc.flow.control.window = 1MB (=1048576) (default)
2019-09-02 05:34:18,814 [main] INFO  server.RaftServerConfigKeys (ConfUtils.java:logGet(43)) - raft.server.rpc.request.timeout = 3000ms (default)
2019-09-02 05:34:18,815 [main] INFO  server.RaftServerConfigKeys (ConfUtils.java:logGet(43)) - raft.server.storage.dir = [/workdir/hadoop-ozone/integration-test/target/test-dir/MiniOzoneClusterImpl-1fbc595b-70b6-44e3-b18f-c16b6617eb44/datanode-4/data/ratis] (custom)
2019-09-02 05:34:18,816 [main] INFO  hdfs.DFSUtil (DFSUtil.java:httpServerTemplateForNNAndJN(1641)) - Starting Web-server for hddsDatanode at: http://0.0.0.0:0
2019-09-02 05:34:18,818 [main] INFO  server.AuthenticationFilter (AuthenticationFilter.java:constructSecretProvider(240)) - Unable to initialize FileSignerSecretProvider, falling back to use random secrets.
2019-09-02 05:34:18,819 [main] WARN  http.HttpRequestLog (HttpRequestLog.java:getRequestLog(97)) - Jetty request log can only be enabled using Log4j
2019-09-02 05:34:18,821 [main] INFO  http.HttpServer2 (HttpServer2.java:addGlobalFilter(975)) - Added global filter 'safety' (class=org.apache.hadoop.http.HttpServer2$QuotingInputFilter)
2019-09-02 05:34:18,821 [main] INFO  http.HttpServer2 (HttpServer2.java:addFilter(948)) - Added filter static_user_filter (class=org.apache.hadoop.http.lib.StaticUserWebFilter$StaticUserFilter) to context hddsDatanode
2019-09-02 05:34:18,821 [main] INFO  http.HttpServer2 (HttpServer2.java:addFilter(958)) - Added filter static_user_filter (class=org.apache.hadoop.http.lib.StaticUserWebFilter$StaticUserFilter) to context logs
2019-09-02 05:34:18,822 [main] INFO  http.HttpServer2 (HttpServer2.java:addFilter(958)) - Added filter static_user_filter (class=org.apache.hadoop.http.lib.StaticUserWebFilter$StaticUserFilter) to context static
2019-09-02 05:34:18,822 [main] INFO  http.HttpServer2 (HttpServer2.java:bindListener(1191)) - Jetty bound to port 36491
2019-09-02 05:34:18,823 [main] INFO  server.Server (Server.java:doStart(351)) - jetty-9.3.24.v20180605, build timestamp: 2018-06-05T17:11:56Z, git hash: 84205aa28f11a4f31f2a3b86d1bba2cc8ab69827
2019-09-02 05:34:18,825 [main] INFO  handler.ContextHandler (ContextHandler.java:doStart(781)) - Started o.e.j.s.ServletContextHandler@30ec211a{/logs,file:///workdir/hadoop-ozone/integration-test/target/log,AVAILABLE}
2019-09-02 05:34:18,825 [main] INFO  handler.ContextHandler (ContextHandler.java:doStart(781)) - Started o.e.j.s.ServletContextHandler@6684f7f2{/static,jar:file:/home/user/.m2/repository/org/apache/hadoop/hadoop-hdds-container-service/0.5.0-SNAPSHOT/hadoop-hdds-container-service-0.5.0-SNAPSHOT.jar!/webapps/static,AVAILABLE}
2019-09-02 05:34:18,865 [main] INFO  handler.ContextHandler (ContextHandler.java:doStart(781)) - Started o.e.j.w.WebAppContext@bb6f3f7{/,file:///tmp/jetty-0.0.0.0-36491-hddsDatanode-_-any-8278691200054053863.dir/webapp/,AVAILABLE}{/hddsDatanode}
2019-09-02 05:34:18,865 [main] INFO  server.AbstractConnector (AbstractConnector.java:doStart(278)) - Started ServerConnector@388f1258{HTTP/1.1,[http/1.1]}{0.0.0.0:36491}
2019-09-02 05:34:18,867 [main] INFO  server.Server (Server.java:doStart(419)) - Started @614332ms
2019-09-02 05:34:18,867 [main] WARN  impl.MetricsSystemImpl (MetricsSystemImpl.java:register(276)) - Sink prometheus already exists!
2019-09-02 05:34:18,868 [main] INFO  server.BaseHttpServer (BaseHttpServer.java:updateConnectorAddress(215)) - HTTP server of HDDSDATANODE is listening at http://0.0.0.0:36491
2019-09-02 05:34:18,868 [main] INFO  impl.MetricsSystemImpl (MetricsSystemImpl.java:init(158)) - HddsDatanode metrics system started (again)
2019-09-02 05:34:18,872 [org.apache.hadoop.util.JvmPauseMonitor$Monitor@5728e614] INFO  util.JvmPauseMonitor (JvmPauseMonitor.java:run(188)) - Starting JVM pause monitor
2019-09-02 05:34:18,872 [main] INFO  ozone.HddsDatanodeService (HddsDatanodeService.java:start(184)) - HddsDatanodeService host:trunk-nightly-20190902-fsht6-3309735379 ip:192.168.36.97
2019-09-02 05:34:18,874 [Datanode State Machine Thread - 0] INFO  datanode.InitDatanodeState (InitDatanodeState.java:persistContainerDatanodeDetails(140)) - DatanodeDetails is persisted to /workdir/hadoop-ozone/integration-test/target/test-dir/MiniOzoneClusterImpl-1fbc595b-70b6-44e3-b18f-c16b6617eb44/datanode-4/meta/datanode.id
2019-09-02 05:34:18,878 [main] INFO  volume.HddsVolume (HddsVolume.java:<init>(176)) - Creating Volume: /workdir/hadoop-ozone/integration-test/target/test-dir/MiniOzoneClusterImpl-1fbc595b-70b6-44e3-b18f-c16b6617eb44/datanode-5/data/containers/hdds of  storage type : DISK and capacity : 1482555576320
2019-09-02 05:34:18,878 [main] INFO  volume.VolumeSet (VolumeSet.java:initializeVolumeSet(170)) - Added Volume : /workdir/hadoop-ozone/integration-test/target/test-dir/MiniOzoneClusterImpl-1fbc595b-70b6-44e3-b18f-c16b6617eb44/datanode-5/data/containers/hdds to VolumeSet
2019-09-02 05:34:18,879 [main] INFO  volume.ThrottledAsyncChecker (ThrottledAsyncChecker.java:schedule(140)) - Scheduling a check for org.apache.hadoop.ozone.container.common.volume.HddsVolume@3b770d07
2019-09-02 05:34:18,879 [main] INFO  volume.HddsVolumeChecker (HddsVolumeChecker.java:checkAllVolumes(203)) - Scheduled health check for volume org.apache.hadoop.ozone.container.common.volume.HddsVolume@3b770d07
2019-09-02 05:34:18,892 [main] INFO  impl.RaftServerProxy (ConfUtils.java:logGet(43)) - raft.rpc.type = GRPC (default)
2019-09-02 05:34:18,892 [main] INFO  grpc.GrpcFactory (GrpcFactory.java:checkPooledByteBufAllocatorUseCacheForAllThreads(45)) - PERFORMANCE WARNING: useCacheForAllThreads is true that may cause Netty to create a lot garbage objects and, as a result, trigger GC.
	It is recommended to disable useCacheForAllThreads by setting -Dorg.apache.ratis.thirdparty.io.netty.allocator.useCacheForAllThreads=false in command line.
2019-09-02 05:34:18,893 [main] INFO  grpc.GrpcConfigKeys$Server (ConfUtils.java:logGet(43)) - raft.grpc.server.port = 0 (default)
2019-09-02 05:34:18,893 [main] INFO  server.GrpcService (ConfUtils.java:logGet(43)) - raft.grpc.message.size.max = 33570816 (custom)
2019-09-02 05:34:18,893 [main] INFO  server.RaftServerConfigKeys (ConfUtils.java:logGet(43)) - raft.server.log.appender.buffer.byte-limit = 33554432 (custom)
2019-09-02 05:34:18,893 [main] INFO  server.GrpcService (ConfUtils.java:logGet(43)) - raft.grpc.flow.control.window = 1MB (=1048576) (default)
2019-09-02 05:34:18,893 [main] INFO  server.RaftServerConfigKeys (ConfUtils.java:logGet(43)) - raft.server.rpc.request.timeout = 3000ms (default)
2019-09-02 05:34:18,894 [main] INFO  server.RaftServerConfigKeys (ConfUtils.java:logGet(43)) - raft.server.storage.dir = [/workdir/hadoop-ozone/integration-test/target/test-dir/MiniOzoneClusterImpl-1fbc595b-70b6-44e3-b18f-c16b6617eb44/datanode-5/data/ratis] (custom)
2019-09-02 05:34:18,895 [main] INFO  hdfs.DFSUtil (DFSUtil.java:httpServerTemplateForNNAndJN(1641)) - Starting Web-server for hddsDatanode at: http://0.0.0.0:0
2019-09-02 05:34:18,896 [main] INFO  server.AuthenticationFilter (AuthenticationFilter.java:constructSecretProvider(240)) - Unable to initialize FileSignerSecretProvider, falling back to use random secrets.
2019-09-02 05:34:18,897 [main] WARN  http.HttpRequestLog (HttpRequestLog.java:getRequestLog(97)) - Jetty request log can only be enabled using Log4j
2019-09-02 05:34:18,898 [main] INFO  http.HttpServer2 (HttpServer2.java:addGlobalFilter(975)) - Added global filter 'safety' (class=org.apache.hadoop.http.HttpServer2$QuotingInputFilter)
2019-09-02 05:34:18,898 [main] INFO  http.HttpServer2 (HttpServer2.java:addFilter(948)) - Added filter static_user_filter (class=org.apache.hadoop.http.lib.StaticUserWebFilter$StaticUserFilter) to context hddsDatanode
2019-09-02 05:34:18,898 [main] INFO  http.HttpServer2 (HttpServer2.java:addFilter(958)) - Added filter static_user_filter (class=org.apache.hadoop.http.lib.StaticUserWebFilter$StaticUserFilter) to context logs
2019-09-02 05:34:18,899 [main] INFO  http.HttpServer2 (HttpServer2.java:addFilter(958)) - Added filter static_user_filter (class=org.apache.hadoop.http.lib.StaticUserWebFilter$StaticUserFilter) to context static
2019-09-02 05:34:18,899 [main] INFO  http.HttpServer2 (HttpServer2.java:bindListener(1191)) - Jetty bound to port 39297
2019-09-02 05:34:18,899 [main] INFO  server.Server (Server.java:doStart(351)) - jetty-9.3.24.v20180605, build timestamp: 2018-06-05T17:11:56Z, git hash: 84205aa28f11a4f31f2a3b86d1bba2cc8ab69827
2019-09-02 05:34:18,901 [main] INFO  handler.ContextHandler (ContextHandler.java:doStart(781)) - Started o.e.j.s.ServletContextHandler@1f172892{/logs,file:///workdir/hadoop-ozone/integration-test/target/log,AVAILABLE}
2019-09-02 05:34:18,901 [main] INFO  handler.ContextHandler (ContextHandler.java:doStart(781)) - Started o.e.j.s.ServletContextHandler@45f9d394{/static,jar:file:/home/user/.m2/repository/org/apache/hadoop/hadoop-hdds-container-service/0.5.0-SNAPSHOT/hadoop-hdds-container-service-0.5.0-SNAPSHOT.jar!/webapps/static,AVAILABLE}
2019-09-02 05:34:18,928 [main] INFO  handler.ContextHandler (ContextHandler.java:doStart(781)) - Started o.e.j.w.WebAppContext@2347b7af{/,file:///tmp/jetty-0.0.0.0-39297-hddsDatanode-_-any-4094316664595089333.dir/webapp/,AVAILABLE}{/hddsDatanode}
2019-09-02 05:34:18,929 [main] INFO  server.AbstractConnector (AbstractConnector.java:doStart(278)) - Started ServerConnector@2864f887{HTTP/1.1,[http/1.1]}{0.0.0.0:39297}
2019-09-02 05:34:18,930 [main] INFO  server.Server (Server.java:doStart(419)) - Started @614395ms
2019-09-02 05:34:18,930 [main] WARN  impl.MetricsSystemImpl (MetricsSystemImpl.java:register(276)) - Sink prometheus already exists!
2019-09-02 05:34:18,931 [main] INFO  server.BaseHttpServer (BaseHttpServer.java:updateConnectorAddress(215)) - HTTP server of HDDSDATANODE is listening at http://0.0.0.0:39297
2019-09-02 05:34:18,931 [main] INFO  impl.MetricsSystemImpl (MetricsSystemImpl.java:init(158)) - HddsDatanode metrics system started (again)
2019-09-02 05:34:18,935 [org.apache.hadoop.util.JvmPauseMonitor$Monitor@712056ce] INFO  util.JvmPauseMonitor (JvmPauseMonitor.java:run(188)) - Starting JVM pause monitor
2019-09-02 05:34:18,935 [main] INFO  ozone.HddsDatanodeService (HddsDatanodeService.java:start(184)) - HddsDatanodeService host:trunk-nightly-20190902-fsht6-3309735379 ip:192.168.36.97
2019-09-02 05:34:18,936 [Datanode State Machine Thread - 0] INFO  datanode.InitDatanodeState (InitDatanodeState.java:persistContainerDatanodeDetails(140)) - DatanodeDetails is persisted to /workdir/hadoop-ozone/integration-test/target/test-dir/MiniOzoneClusterImpl-1fbc595b-70b6-44e3-b18f-c16b6617eb44/datanode-5/meta/datanode.id
2019-09-02 05:34:18,940 [main] INFO  volume.HddsVolume (HddsVolume.java:<init>(176)) - Creating Volume: /workdir/hadoop-ozone/integration-test/target/test-dir/MiniOzoneClusterImpl-1fbc595b-70b6-44e3-b18f-c16b6617eb44/datanode-6/data/containers/hdds of  storage type : DISK and capacity : 1482555576320
2019-09-02 05:34:18,941 [main] INFO  volume.VolumeSet (VolumeSet.java:initializeVolumeSet(170)) - Added Volume : /workdir/hadoop-ozone/integration-test/target/test-dir/MiniOzoneClusterImpl-1fbc595b-70b6-44e3-b18f-c16b6617eb44/datanode-6/data/containers/hdds to VolumeSet
2019-09-02 05:34:18,941 [main] INFO  volume.ThrottledAsyncChecker (ThrottledAsyncChecker.java:schedule(140)) - Scheduling a check for org.apache.hadoop.ozone.container.common.volume.HddsVolume@2b682e9
2019-09-02 05:34:18,941 [main] INFO  volume.HddsVolumeChecker (HddsVolumeChecker.java:checkAllVolumes(203)) - Scheduled health check for volume org.apache.hadoop.ozone.container.common.volume.HddsVolume@2b682e9
2019-09-02 05:34:18,954 [main] INFO  impl.RaftServerProxy (ConfUtils.java:logGet(43)) - raft.rpc.type = GRPC (default)
2019-09-02 05:34:18,954 [main] INFO  grpc.GrpcFactory (GrpcFactory.java:checkPooledByteBufAllocatorUseCacheForAllThreads(45)) - PERFORMANCE WARNING: useCacheForAllThreads is true that may cause Netty to create a lot garbage objects and, as a result, trigger GC.
	It is recommended to disable useCacheForAllThreads by setting -Dorg.apache.ratis.thirdparty.io.netty.allocator.useCacheForAllThreads=false in command line.
2019-09-02 05:34:18,955 [main] INFO  grpc.GrpcConfigKeys$Server (ConfUtils.java:logGet(43)) - raft.grpc.server.port = 0 (default)
2019-09-02 05:34:18,955 [main] INFO  server.GrpcService (ConfUtils.java:logGet(43)) - raft.grpc.message.size.max = 33570816 (custom)
2019-09-02 05:34:18,955 [main] INFO  server.RaftServerConfigKeys (ConfUtils.java:logGet(43)) - raft.server.log.appender.buffer.byte-limit = 33554432 (custom)
2019-09-02 05:34:18,955 [main] INFO  server.GrpcService (ConfUtils.java:logGet(43)) - raft.grpc.flow.control.window = 1MB (=1048576) (default)
2019-09-02 05:34:18,955 [main] INFO  server.RaftServerConfigKeys (ConfUtils.java:logGet(43)) - raft.server.rpc.request.timeout = 3000ms (default)
2019-09-02 05:34:18,956 [main] INFO  server.RaftServerConfigKeys (ConfUtils.java:logGet(43)) - raft.server.storage.dir = [/workdir/hadoop-ozone/integration-test/target/test-dir/MiniOzoneClusterImpl-1fbc595b-70b6-44e3-b18f-c16b6617eb44/datanode-6/data/ratis] (custom)
2019-09-02 05:34:18,957 [main] INFO  hdfs.DFSUtil (DFSUtil.java:httpServerTemplateForNNAndJN(1641)) - Starting Web-server for hddsDatanode at: http://0.0.0.0:0
2019-09-02 05:34:18,958 [main] INFO  server.AuthenticationFilter (AuthenticationFilter.java:constructSecretProvider(240)) - Unable to initialize FileSignerSecretProvider, falling back to use random secrets.
2019-09-02 05:34:18,958 [main] WARN  http.HttpRequestLog (HttpRequestLog.java:getRequestLog(97)) - Jetty request log can only be enabled using Log4j
2019-09-02 05:34:18,960 [main] INFO  http.HttpServer2 (HttpServer2.java:addGlobalFilter(975)) - Added global filter 'safety' (class=org.apache.hadoop.http.HttpServer2$QuotingInputFilter)
2019-09-02 05:34:18,960 [main] INFO  http.HttpServer2 (HttpServer2.java:addFilter(948)) - Added filter static_user_filter (class=org.apache.hadoop.http.lib.StaticUserWebFilter$StaticUserFilter) to context hddsDatanode
2019-09-02 05:34:18,960 [main] INFO  http.HttpServer2 (HttpServer2.java:addFilter(958)) - Added filter static_user_filter (class=org.apache.hadoop.http.lib.StaticUserWebFilter$StaticUserFilter) to context logs
2019-09-02 05:34:18,960 [main] INFO  http.HttpServer2 (HttpServer2.java:addFilter(958)) - Added filter static_user_filter (class=org.apache.hadoop.http.lib.StaticUserWebFilter$StaticUserFilter) to context static
2019-09-02 05:34:18,961 [main] INFO  http.HttpServer2 (HttpServer2.java:bindListener(1191)) - Jetty bound to port 36083
2019-09-02 05:34:18,961 [main] INFO  server.Server (Server.java:doStart(351)) - jetty-9.3.24.v20180605, build timestamp: 2018-06-05T17:11:56Z, git hash: 84205aa28f11a4f31f2a3b86d1bba2cc8ab69827
2019-09-02 05:34:18,963 [main] INFO  handler.ContextHandler (ContextHandler.java:doStart(781)) - Started o.e.j.s.ServletContextHandler@1d8e9d3e{/logs,file:///workdir/hadoop-ozone/integration-test/target/log,AVAILABLE}
2019-09-02 05:34:18,963 [main] INFO  handler.ContextHandler (ContextHandler.java:doStart(781)) - Started o.e.j.s.ServletContextHandler@4586a8aa{/static,jar:file:/home/user/.m2/repository/org/apache/hadoop/hadoop-hdds-container-service/0.5.0-SNAPSHOT/hadoop-hdds-container-service-0.5.0-SNAPSHOT.jar!/webapps/static,AVAILABLE}
2019-09-02 05:34:18,990 [main] INFO  handler.ContextHandler (ContextHandler.java:doStart(781)) - Started o.e.j.w.WebAppContext@2ab9e43e{/,file:///tmp/jetty-0.0.0.0-36083-hddsDatanode-_-any-6710959982297139982.dir/webapp/,AVAILABLE}{/hddsDatanode}
2019-09-02 05:34:18,991 [main] INFO  server.AbstractConnector (AbstractConnector.java:doStart(278)) - Started ServerConnector@10dfa7ef{HTTP/1.1,[http/1.1]}{0.0.0.0:36083}
2019-09-02 05:34:18,992 [main] INFO  server.Server (Server.java:doStart(419)) - Started @614456ms
2019-09-02 05:34:18,992 [main] WARN  impl.MetricsSystemImpl (MetricsSystemImpl.java:register(276)) - Sink prometheus already exists!
2019-09-02 05:34:18,993 [main] INFO  server.BaseHttpServer (BaseHttpServer.java:updateConnectorAddress(215)) - HTTP server of HDDSDATANODE is listening at http://0.0.0.0:36083
2019-09-02 05:34:18,993 [main] INFO  ozone.MiniOzoneClusterImpl (MiniOzoneClusterImpl.java:lambda$waitForClusterToBeReady$0(140)) - Waiting for cluster to be ready. Got 0 of 7 DN Heartbeats.
2019-09-02 05:34:18,994 [org.apache.hadoop.util.JvmPauseMonitor$Monitor@62f65138] INFO  util.JvmPauseMonitor (JvmPauseMonitor.java:run(188)) - Starting JVM pause monitor
2019-09-02 05:34:18,996 [Datanode State Machine Thread - 0] INFO  datanode.InitDatanodeState (InitDatanodeState.java:persistContainerDatanodeDetails(140)) - DatanodeDetails is persisted to /workdir/hadoop-ozone/integration-test/target/test-dir/MiniOzoneClusterImpl-1fbc595b-70b6-44e3-b18f-c16b6617eb44/datanode-6/meta/datanode.id
2019-09-02 05:34:19,993 [main] INFO  ozone.MiniOzoneClusterImpl (MiniOzoneClusterImpl.java:lambda$waitForClusterToBeReady$0(140)) - Waiting for cluster to be ready. Got 0 of 7 DN Heartbeats.
2019-09-02 05:34:20,599 [Datanode State Machine Thread - 0] INFO  ozoneimpl.OzoneContainer (OzoneContainer.java:start(201)) - Attempting to start container services.
2019-09-02 05:34:20,600 [Datanode State Machine Thread - 0] INFO  ozoneimpl.OzoneContainer (OzoneContainer.java:startContainerScrub(175)) - Background container scrubber has been disabled by hdds.containerscrub.enabled
2019-09-02 05:34:20,600 [Datanode State Machine Thread - 0] INFO  ratis.XceiverServerRatis (XceiverServerRatis.java:start(393)) - Starting XceiverServerRatis 1199f808-5b20-429e-aaf6-04ba4f0b7453 at port 0
2019-09-02 05:34:20,606 [Datanode State Machine Thread - 0] INFO  impl.RaftServerProxy (RaftServerProxy.java:lambda$start$3(299)) - 1199f808-5b20-429e-aaf6-04ba4f0b7453: start RPC server
2019-09-02 05:34:20,608 [Datanode State Machine Thread - 0] INFO  server.GrpcService (GrpcService.java:startImpl(149)) - 1199f808-5b20-429e-aaf6-04ba4f0b7453: GrpcService started, listening on 0.0.0.0/0.0.0.0:42030
2019-09-02 05:34:20,608 [Datanode State Machine Thread - 0] INFO  ratis.XceiverServerRatis (XceiverServerRatis.java:start(403)) - XceiverServerRatis 1199f808-5b20-429e-aaf6-04ba4f0b7453 is started using port 42030
2019-09-02 05:34:20,609 [Datanode State Machine Thread - 0] INFO  server.XceiverServerGrpc (XceiverServerGrpc.java:start(163)) - XceiverServerGrpc 1199f808-5b20-429e-aaf6-04ba4f0b7453 is started using port 44290
2019-09-02 05:34:20,639 [Datanode State Machine Thread - 0] INFO  ozoneimpl.OzoneContainer (OzoneContainer.java:start(201)) - Attempting to start container services.
2019-09-02 05:34:20,640 [Datanode State Machine Thread - 0] INFO  ozoneimpl.OzoneContainer (OzoneContainer.java:startContainerScrub(175)) - Background container scrubber has been disabled by hdds.containerscrub.enabled
2019-09-02 05:34:20,640 [Datanode State Machine Thread - 0] INFO  ratis.XceiverServerRatis (XceiverServerRatis.java:start(393)) - Starting XceiverServerRatis 4b74841b-131d-45de-b540-61ea462008ca at port 0
2019-09-02 05:34:20,646 [Datanode State Machine Thread - 0] INFO  impl.RaftServerProxy (RaftServerProxy.java:lambda$start$3(299)) - 4b74841b-131d-45de-b540-61ea462008ca: start RPC server
2019-09-02 05:34:20,648 [Datanode State Machine Thread - 0] INFO  server.GrpcService (GrpcService.java:startImpl(149)) - 4b74841b-131d-45de-b540-61ea462008ca: GrpcService started, listening on 0.0.0.0/0.0.0.0:37608
2019-09-02 05:34:20,648 [Datanode State Machine Thread - 0] INFO  ratis.XceiverServerRatis (XceiverServerRatis.java:start(403)) - XceiverServerRatis 4b74841b-131d-45de-b540-61ea462008ca is started using port 37608
2019-09-02 05:34:20,648 [Datanode State Machine Thread - 0] INFO  server.XceiverServerGrpc (XceiverServerGrpc.java:start(163)) - XceiverServerGrpc 4b74841b-131d-45de-b540-61ea462008ca is started using port 40329
2019-09-02 05:34:20,716 [Datanode State Machine Thread - 0] INFO  ozoneimpl.OzoneContainer (OzoneContainer.java:start(201)) - Attempting to start container services.
2019-09-02 05:34:20,716 [Datanode State Machine Thread - 0] INFO  ozoneimpl.OzoneContainer (OzoneContainer.java:startContainerScrub(175)) - Background container scrubber has been disabled by hdds.containerscrub.enabled
2019-09-02 05:34:20,716 [Datanode State Machine Thread - 0] INFO  ratis.XceiverServerRatis (XceiverServerRatis.java:start(393)) - Starting XceiverServerRatis 569e1e03-ab21-4bfc-b714-2486d4e9a65b at port 0
2019-09-02 05:34:20,722 [Datanode State Machine Thread - 0] INFO  impl.RaftServerProxy (RaftServerProxy.java:lambda$start$3(299)) - 569e1e03-ab21-4bfc-b714-2486d4e9a65b: start RPC server
2019-09-02 05:34:20,730 [Datanode State Machine Thread - 0] INFO  server.GrpcService (GrpcService.java:startImpl(149)) - 569e1e03-ab21-4bfc-b714-2486d4e9a65b: GrpcService started, listening on 0.0.0.0/0.0.0.0:43408
2019-09-02 05:34:20,730 [Datanode State Machine Thread - 0] INFO  ratis.XceiverServerRatis (XceiverServerRatis.java:start(403)) - XceiverServerRatis 569e1e03-ab21-4bfc-b714-2486d4e9a65b is started using port 43408
2019-09-02 05:34:20,730 [Datanode State Machine Thread - 0] INFO  server.XceiverServerGrpc (XceiverServerGrpc.java:start(163)) - XceiverServerGrpc 569e1e03-ab21-4bfc-b714-2486d4e9a65b is started using port 42759
2019-09-02 05:34:20,798 [Datanode State Machine Thread - 0] INFO  ozoneimpl.OzoneContainer (OzoneContainer.java:start(201)) - Attempting to start container services.
2019-09-02 05:34:20,798 [Datanode State Machine Thread - 0] INFO  ozoneimpl.OzoneContainer (OzoneContainer.java:startContainerScrub(175)) - Background container scrubber has been disabled by hdds.containerscrub.enabled
2019-09-02 05:34:20,798 [Datanode State Machine Thread - 0] INFO  ratis.XceiverServerRatis (XceiverServerRatis.java:start(393)) - Starting XceiverServerRatis 02e6a447-e4f4-425c-9bcb-7c40088bb9c3 at port 0
2019-09-02 05:34:20,806 [Datanode State Machine Thread - 0] INFO  impl.RaftServerProxy (RaftServerProxy.java:lambda$start$3(299)) - 02e6a447-e4f4-425c-9bcb-7c40088bb9c3: start RPC server
2019-09-02 05:34:20,808 [Datanode State Machine Thread - 0] INFO  server.GrpcService (GrpcService.java:startImpl(149)) - 02e6a447-e4f4-425c-9bcb-7c40088bb9c3: GrpcService started, listening on 0.0.0.0/0.0.0.0:42426
2019-09-02 05:34:20,808 [Datanode State Machine Thread - 0] INFO  ratis.XceiverServerRatis (XceiverServerRatis.java:start(403)) - XceiverServerRatis 02e6a447-e4f4-425c-9bcb-7c40088bb9c3 is started using port 42426
2019-09-02 05:34:20,809 [Datanode State Machine Thread - 0] INFO  server.XceiverServerGrpc (XceiverServerGrpc.java:start(163)) - XceiverServerGrpc 02e6a447-e4f4-425c-9bcb-7c40088bb9c3 is started using port 43659
2019-09-02 05:34:20,887 [Datanode State Machine Thread - 0] INFO  ozoneimpl.OzoneContainer (OzoneContainer.java:start(201)) - Attempting to start container services.
2019-09-02 05:34:20,887 [Datanode State Machine Thread - 0] INFO  ozoneimpl.OzoneContainer (OzoneContainer.java:startContainerScrub(175)) - Background container scrubber has been disabled by hdds.containerscrub.enabled
2019-09-02 05:34:20,887 [Datanode State Machine Thread - 0] INFO  ratis.XceiverServerRatis (XceiverServerRatis.java:start(393)) - Starting XceiverServerRatis b7498dab-5b1e-417f-890a-ce82d5efae9c at port 0
2019-09-02 05:34:20,896 [Datanode State Machine Thread - 0] INFO  impl.RaftServerProxy (RaftServerProxy.java:lambda$start$3(299)) - b7498dab-5b1e-417f-890a-ce82d5efae9c: start RPC server
2019-09-02 05:34:20,900 [Datanode State Machine Thread - 0] INFO  server.GrpcService (GrpcService.java:startImpl(149)) - b7498dab-5b1e-417f-890a-ce82d5efae9c: GrpcService started, listening on 0.0.0.0/0.0.0.0:37478
2019-09-02 05:34:20,900 [Datanode State Machine Thread - 0] INFO  ratis.XceiverServerRatis (XceiverServerRatis.java:start(403)) - XceiverServerRatis b7498dab-5b1e-417f-890a-ce82d5efae9c is started using port 37478
2019-09-02 05:34:20,901 [Datanode State Machine Thread - 0] INFO  server.XceiverServerGrpc (XceiverServerGrpc.java:start(163)) - XceiverServerGrpc b7498dab-5b1e-417f-890a-ce82d5efae9c is started using port 44847
2019-09-02 05:34:20,950 [Datanode State Machine Thread - 0] INFO  ozoneimpl.OzoneContainer (OzoneContainer.java:start(201)) - Attempting to start container services.
2019-09-02 05:34:20,950 [Datanode State Machine Thread - 0] INFO  ozoneimpl.OzoneContainer (OzoneContainer.java:startContainerScrub(175)) - Background container scrubber has been disabled by hdds.containerscrub.enabled
2019-09-02 05:34:20,951 [Datanode State Machine Thread - 0] INFO  ratis.XceiverServerRatis (XceiverServerRatis.java:start(393)) - Starting XceiverServerRatis d0793bc8-f6b5-41cf-bbcb-211eaf1438ef at port 0
2019-09-02 05:34:20,958 [Datanode State Machine Thread - 0] INFO  impl.RaftServerProxy (RaftServerProxy.java:lambda$start$3(299)) - d0793bc8-f6b5-41cf-bbcb-211eaf1438ef: start RPC server
2019-09-02 05:34:20,959 [Datanode State Machine Thread - 0] INFO  server.GrpcService (GrpcService.java:startImpl(149)) - d0793bc8-f6b5-41cf-bbcb-211eaf1438ef: GrpcService started, listening on 0.0.0.0/0.0.0.0:45697
2019-09-02 05:34:20,959 [Datanode State Machine Thread - 0] INFO  ratis.XceiverServerRatis (XceiverServerRatis.java:start(403)) - XceiverServerRatis d0793bc8-f6b5-41cf-bbcb-211eaf1438ef is started using port 45697
2019-09-02 05:34:20,959 [Datanode State Machine Thread - 0] INFO  server.XceiverServerGrpc (XceiverServerGrpc.java:start(163)) - XceiverServerGrpc d0793bc8-f6b5-41cf-bbcb-211eaf1438ef is started using port 41462
2019-09-02 05:34:20,994 [main] INFO  ozone.MiniOzoneClusterImpl (MiniOzoneClusterImpl.java:lambda$waitForClusterToBeReady$0(140)) - Waiting for cluster to be ready. Got 0 of 7 DN Heartbeats.
2019-09-02 05:34:21,051 [Datanode State Machine Thread - 0] INFO  ozoneimpl.OzoneContainer (OzoneContainer.java:start(201)) - Attempting to start container services.
2019-09-02 05:34:21,051 [Datanode State Machine Thread - 0] INFO  ozoneimpl.OzoneContainer (OzoneContainer.java:startContainerScrub(175)) - Background container scrubber has been disabled by hdds.containerscrub.enabled
2019-09-02 05:34:21,051 [Datanode State Machine Thread - 0] INFO  ratis.XceiverServerRatis (XceiverServerRatis.java:start(393)) - Starting XceiverServerRatis 61b655a0-f2c1-4cf2-bf18-a6aadfe6ba94 at port 0
2019-09-02 05:34:21,059 [Datanode State Machine Thread - 0] INFO  impl.RaftServerProxy (RaftServerProxy.java:lambda$start$3(299)) - 61b655a0-f2c1-4cf2-bf18-a6aadfe6ba94: start RPC server
2019-09-02 05:34:21,062 [Datanode State Machine Thread - 0] INFO  server.GrpcService (GrpcService.java:startImpl(149)) - 61b655a0-f2c1-4cf2-bf18-a6aadfe6ba94: GrpcService started, listening on 0.0.0.0/0.0.0.0:34887
2019-09-02 05:34:21,063 [Datanode State Machine Thread - 0] INFO  ratis.XceiverServerRatis (XceiverServerRatis.java:start(403)) - XceiverServerRatis 61b655a0-f2c1-4cf2-bf18-a6aadfe6ba94 is started using port 34887
2019-09-02 05:34:21,065 [Datanode State Machine Thread - 0] INFO  server.XceiverServerGrpc (XceiverServerGrpc.java:start(163)) - XceiverServerGrpc 61b655a0-f2c1-4cf2-bf18-a6aadfe6ba94 is started using port 34544
2019-09-02 05:34:21,994 [main] INFO  ozone.MiniOzoneClusterImpl (MiniOzoneClusterImpl.java:lambda$waitForClusterToBeReady$0(140)) - Waiting for cluster to be ready. Got 0 of 7 DN Heartbeats.
2019-09-02 05:34:22,561 [IPC Server handler 2 on 42525] INFO  net.NetworkTopology (NetworkTopologyImpl.java:add(110)) - Added a new node: /default-rack/1199f808-5b20-429e-aaf6-04ba4f0b7453
2019-09-02 05:34:22,563 [IPC Server handler 2 on 42525] INFO  node.SCMNodeManager (SCMNodeManager.java:register(266)) - Registered Data node : 1199f808-5b20-429e-aaf6-04ba4f0b7453{ip: 192.168.36.97, host: trunk-nightly-20190902-fsht6-3309735379, networkLocation: /default-rack, certSerialId: null}
2019-09-02 05:34:22,563 [EventQueue-NodeRegistrationContainerReportForDataNodeSafeModeRule] INFO  safemode.SCMSafeModeManager (DataNodeSafeModeRule.java:process(71)) - SCM in safe mode. 1 DataNodes registered, 1 required.
2019-09-02 05:34:22,566 [EventQueue-NodeRegistrationContainerReportForDataNodeSafeModeRule] INFO  safemode.SCMSafeModeManager (SCMSafeModeManager.java:validateSafeModeExitRules(177)) - ScmSafeModeManager, all rules are successfully validated
2019-09-02 05:34:22,566 [EventQueue-NodeRegistrationContainerReportForDataNodeSafeModeRule] INFO  safemode.SCMSafeModeManager (SCMSafeModeManager.java:exitSafeMode(193)) - SCM exiting safe mode.
2019-09-02 05:34:22,574 [grpc-default-executor-7] INFO  impl.RaftServerProxy (RaftServerProxy.java:addNew(89)) - 1199f808-5b20-429e-aaf6-04ba4f0b7453: addNew group-F00427850888:[1199f808-5b20-429e-aaf6-04ba4f0b7453:192.168.36.97:42030] returns group-F00427850888:java.util.concurrent.CompletableFuture@7a0a998b[Not completed]
2019-09-02 05:34:22,576 [pool-589-thread-1] INFO  impl.RaftServerImpl (RaftServerImpl.java:<init>(93)) - 1199f808-5b20-429e-aaf6-04ba4f0b7453: new RaftServerImpl for group-F00427850888:[1199f808-5b20-429e-aaf6-04ba4f0b7453:192.168.36.97:42030] with ContainerStateMachine:uninitialized
2019-09-02 05:34:22,576 [pool-589-thread-1] INFO  server.RaftServerConfigKeys (ConfUtils.java:logGet(43)) - raft.server.rpc.timeout.min = 5s (custom)
2019-09-02 05:34:22,576 [pool-589-thread-1] INFO  server.RaftServerConfigKeys (ConfUtils.java:logGet(43)) - raft.server.rpc.timeout.max = 5200ms (custom)
2019-09-02 05:34:22,576 [pool-589-thread-1] INFO  server.RaftServerConfigKeys (ConfUtils.java:logGet(43)) - raft.server.rpcslowness.timeout = 120s (custom)
2019-09-02 05:34:22,576 [pool-589-thread-1] INFO  server.RaftServerConfigKeys (ConfUtils.java:logGet(43)) - raft.server.sleep.deviation.threshold = 300 (default)
2019-09-02 05:34:22,576 [pool-589-thread-1] INFO  server.RaftServerConfigKeys (ConfUtils.java:logGet(43)) - raft.server.log.appender.install.snapshot.enabled = false (custom)
2019-09-02 05:34:22,577 [pool-589-thread-1] INFO  impl.RaftServerImpl (ServerState.java:<init>(105)) - 1199f808-5b20-429e-aaf6-04ba4f0b7453:group-F00427850888 ConfigurationManager, init=-1: [1199f808-5b20-429e-aaf6-04ba4f0b7453:192.168.36.97:42030], old=null, confs=<EMPTY_MAP>
2019-09-02 05:34:22,577 [pool-589-thread-1] INFO  server.RaftServerConfigKeys (ConfUtils.java:logGet(43)) - raft.server.storage.dir = [/workdir/hadoop-ozone/integration-test/target/test-dir/MiniOzoneClusterImpl-1fbc595b-70b6-44e3-b18f-c16b6617eb44/datanode-0/data/ratis] (custom)
2019-09-02 05:34:22,577 [pool-589-thread-1] INFO  storage.RaftStorageDirectory (RaftStorageDirectory.java:analyzeStorage(246)) - The storage directory /workdir/hadoop-ozone/integration-test/target/test-dir/MiniOzoneClusterImpl-1fbc595b-70b6-44e3-b18f-c16b6617eb44/datanode-0/data/ratis/fc537138-4a9e-47c7-8244-f00427850888 does not exist. Creating ...
2019-09-02 05:34:22,591 [pool-589-thread-1] INFO  storage.RaftStorageDirectory (RaftStorageDirectory.java:tryLock(328)) - Lock on /workdir/hadoop-ozone/integration-test/target/test-dir/MiniOzoneClusterImpl-1fbc595b-70b6-44e3-b18f-c16b6617eb44/datanode-0/data/ratis/fc537138-4a9e-47c7-8244-f00427850888/in_use.lock acquired by nodename 22988@trunk-nightly-20190902-fsht6-3309735379
2019-09-02 05:34:22,620 [IPC Server handler 3 on 42525] INFO  net.NetworkTopology (NetworkTopologyImpl.java:add(110)) - Added a new node: /default-rack/4b74841b-131d-45de-b540-61ea462008ca
2019-09-02 05:34:22,620 [IPC Server handler 3 on 42525] INFO  node.SCMNodeManager (SCMNodeManager.java:register(266)) - Registered Data node : 4b74841b-131d-45de-b540-61ea462008ca{ip: 192.168.36.97, host: trunk-nightly-20190902-fsht6-3309735379, networkLocation: /default-rack, certSerialId: null}
2019-09-02 05:34:22,626 [pool-589-thread-1] INFO  storage.RaftStorage (RaftStorage.java:format(72)) - Storage directory /workdir/hadoop-ozone/integration-test/target/test-dir/MiniOzoneClusterImpl-1fbc595b-70b6-44e3-b18f-c16b6617eb44/datanode-0/data/ratis/fc537138-4a9e-47c7-8244-f00427850888 has been successfully formatted.
2019-09-02 05:34:22,626 [pool-589-thread-1] INFO  ratis.ContainerStateMachine (ContainerStateMachine.java:loadSnapshot(227)) - group-F00427850888: The snapshot info is null. Setting the last applied indexto:(t:0, i:~)
2019-09-02 05:34:22,626 [pool-589-thread-1] INFO  server.RaftServerConfigKeys (ConfUtils.java:logGet(43)) - raft.server.leader.election.timeout = 120s (custom)
2019-09-02 05:34:22,627 [pool-589-thread-1] INFO  server.RaftServerConfigKeys (ConfUtils.java:logGet(43)) - raft.server.log.use.memory = false (default)
2019-09-02 05:34:22,627 [pool-589-thread-1] INFO  server.RaftServerConfigKeys (ConfUtils.java:logGet(43)) - raft.server.log.purge.gap = 1000000 (custom)
2019-09-02 05:34:22,627 [pool-589-thread-1] INFO  server.RaftServerConfigKeys (ConfUtils.java:logGet(43)) - raft.server.log.appender.buffer.byte-limit = 33554432 (custom)
2019-09-02 05:34:22,627 [pool-589-thread-1] INFO  server.RaftServerConfigKeys (ConfUtils.java:logGet(43)) - raft.server.log.segment.size.max = 1048576 (custom)
2019-09-02 05:34:22,627 [pool-589-thread-1] INFO  server.RaftServerConfigKeys (ConfUtils.java:logGet(43)) - raft.server.log.segment.cache.num.max = 2 (custom)
2019-09-02 05:34:22,628 [pool-589-thread-1] INFO  segmented.SegmentedRaftLogWorker (SegmentedRaftLogWorker.java:<init>(172)) - new 1199f808-5b20-429e-aaf6-04ba4f0b7453-SegmentedRaftLogWorker:Storage Directory /workdir/hadoop-ozone/integration-test/target/test-dir/MiniOzoneClusterImpl-1fbc595b-70b6-44e3-b18f-c16b6617eb44/datanode-0/data/ratis/fc537138-4a9e-47c7-8244-f00427850888 for RaftStorage:Storage Directory /workdir/hadoop-ozone/integration-test/target/test-dir/MiniOzoneClusterImpl-1fbc595b-70b6-44e3-b18f-c16b6617eb44/datanode-0/data/ratis/fc537138-4a9e-47c7-8244-f00427850888
2019-09-02 05:34:22,628 [pool-589-thread-1] INFO  server.RaftServerConfigKeys (ConfUtils.java:logGet(43)) - raft.server.log.queue.byte-limit = 2147483647 (custom)
2019-09-02 05:34:22,628 [pool-589-thread-1] INFO  server.RaftServerConfigKeys (ConfUtils.java:logGet(43)) - raft.server.log.queue.element-limit = 1024 (custom)
2019-09-02 05:34:22,628 [pool-589-thread-1] INFO  server.RaftServerConfigKeys (ConfUtils.java:logGet(43)) - raft.server.log.segment.size.max = 1048576 (custom)
2019-09-02 05:34:22,629 [pool-589-thread-1] INFO  server.RaftServerConfigKeys (ConfUtils.java:logGet(43)) - raft.server.log.preallocated.size = 16384 (custom)
2019-09-02 05:34:22,629 [pool-589-thread-1] INFO  server.RaftServerConfigKeys (ConfUtils.java:logGet(43)) - raft.server.log.write.buffer.size = 33554432 (custom)
2019-09-02 05:34:22,629 [pool-589-thread-1] INFO  server.RaftServerConfigKeys (ConfUtils.java:logGet(43)) - raft.server.log.force.sync.num = 128 (default)
2019-09-02 05:34:22,629 [pool-589-thread-1] INFO  server.RaftServerConfigKeys (ConfUtils.java:logGet(43)) - raft.server.log.statemachine.data.sync = true (default)
2019-09-02 05:34:22,629 [pool-589-thread-1] INFO  server.RaftServerConfigKeys (ConfUtils.java:logGet(43)) - raft.server.log.statemachine.data.sync.timeout = 10s (default)
2019-09-02 05:34:22,629 [pool-589-thread-1] INFO  server.RaftServerConfigKeys (ConfUtils.java:logGet(43)) - raft.server.log.statemachine.data.sync.timeout.retry = -1 (default)
2019-09-02 05:34:22,630 [pool-589-thread-1] INFO  server.RaftServerConfigKeys (ConfUtils.java:logGet(43)) - raft.server.log.statemachine.data.caching.enabled = true (custom)
2019-09-02 05:34:22,630 [pool-589-thread-1] INFO  segmented.SegmentedRaftLogWorker (SegmentedRaftLogWorker.java:lambda$new$0(132)) - 1199f808-5b20-429e-aaf6-04ba4f0b7453-SegmentedRaftLogWorker:Storage Directory /workdir/hadoop-ozone/integration-test/target/test-dir/MiniOzoneClusterImpl-1fbc595b-70b6-44e3-b18f-c16b6617eb44/datanode-0/data/ratis/fc537138-4a9e-47c7-8244-f00427850888: flushIndex: setUnconditionally 0 -> -1
2019-09-02 05:34:22,631 [pool-589-thread-1] INFO  server.RaftServerConfigKeys (ConfUtils.java:logGet(43)) - raft.server.snapshot.auto.trigger.enabled = true (custom)
2019-09-02 05:34:22,631 [pool-589-thread-1] INFO  server.RaftServerConfigKeys (ConfUtils.java:logGet(43)) - raft.server.snapshot.auto.trigger.threshold = 10000 (custom)
2019-09-02 05:34:22,631 [pool-589-thread-1] INFO  server.RaftServerConfigKeys (ConfUtils.java:logGet(43)) - raft.server.retrycache.expirytime = 600000ms (custom)
2019-09-02 05:34:22,631 [pool-589-thread-1] INFO  impl.RaftServerImpl (RaftServerImpl.java:start(180)) - 1199f808-5b20-429e-aaf6-04ba4f0b7453: start group-F00427850888
2019-09-02 05:34:22,632 [pool-589-thread-1] INFO  impl.RaftServerImpl (RaftServerImpl.java:setRole(171)) - 1199f808-5b20-429e-aaf6-04ba4f0b7453:group-F00427850888 changes role from null to FOLLOWER at term 0 for startAsFollower
2019-09-02 05:34:22,632 [pool-589-thread-1] INFO  impl.RoleInfo (RoleInfo.java:updateAndGet(143)) - 1199f808-5b20-429e-aaf6-04ba4f0b7453: start FollowerState
2019-09-02 05:34:22,632 [pool-589-thread-1] INFO  util.JmxRegister (JmxRegister.java:tryRegister(44)) - Successfully registered JMX Bean with object name Ratis:service=RaftServer,group=group-F00427850888,id=1199f808-5b20-429e-aaf6-04ba4f0b7453
2019-09-02 05:34:22,635 [RatisPipelineUtilsThread] INFO  pipeline.PipelineStateManager (PipelineStateManager.java:addPipeline(56)) - Created pipeline Pipeline[ Id: fc537138-4a9e-47c7-8244-f00427850888, Nodes: 1199f808-5b20-429e-aaf6-04ba4f0b7453{ip: 192.168.36.97, host: trunk-nightly-20190902-fsht6-3309735379, networkLocation: /default-rack, certSerialId: null}, Type:RATIS, Factor:ONE, State:OPEN]
2019-09-02 05:34:22,652 [grpc-default-executor-7] INFO  impl.RaftServerProxy (RaftServerProxy.java:addNew(89)) - 4b74841b-131d-45de-b540-61ea462008ca: addNew group-4C02FE360F98:[4b74841b-131d-45de-b540-61ea462008ca:192.168.36.97:37608] returns group-4C02FE360F98:java.util.concurrent.CompletableFuture@67776173[Not completed]
2019-09-02 05:34:22,654 [pool-599-thread-1] INFO  impl.RaftServerImpl (RaftServerImpl.java:<init>(93)) - 4b74841b-131d-45de-b540-61ea462008ca: new RaftServerImpl for group-4C02FE360F98:[4b74841b-131d-45de-b540-61ea462008ca:192.168.36.97:37608] with ContainerStateMachine:uninitialized
2019-09-02 05:34:22,654 [pool-599-thread-1] INFO  server.RaftServerConfigKeys (ConfUtils.java:logGet(43)) - raft.server.rpc.timeout.min = 5s (custom)
2019-09-02 05:34:22,654 [pool-599-thread-1] INFO  server.RaftServerConfigKeys (ConfUtils.java:logGet(43)) - raft.server.rpc.timeout.max = 5200ms (custom)
2019-09-02 05:34:22,654 [pool-599-thread-1] INFO  server.RaftServerConfigKeys (ConfUtils.java:logGet(43)) - raft.server.rpcslowness.timeout = 120s (custom)
2019-09-02 05:34:22,655 [pool-599-thread-1] INFO  server.RaftServerConfigKeys (ConfUtils.java:logGet(43)) - raft.server.sleep.deviation.threshold = 300 (default)
2019-09-02 05:34:22,655 [pool-599-thread-1] INFO  server.RaftServerConfigKeys (ConfUtils.java:logGet(43)) - raft.server.log.appender.install.snapshot.enabled = false (custom)
2019-09-02 05:34:22,655 [pool-599-thread-1] INFO  impl.RaftServerImpl (ServerState.java:<init>(105)) - 4b74841b-131d-45de-b540-61ea462008ca:group-4C02FE360F98 ConfigurationManager, init=-1: [4b74841b-131d-45de-b540-61ea462008ca:192.168.36.97:37608], old=null, confs=<EMPTY_MAP>
2019-09-02 05:34:22,655 [pool-599-thread-1] INFO  server.RaftServerConfigKeys (ConfUtils.java:logGet(43)) - raft.server.storage.dir = [/workdir/hadoop-ozone/integration-test/target/test-dir/MiniOzoneClusterImpl-1fbc595b-70b6-44e3-b18f-c16b6617eb44/datanode-1/data/ratis] (custom)
2019-09-02 05:34:22,656 [pool-599-thread-1] INFO  storage.RaftStorageDirectory (RaftStorageDirectory.java:analyzeStorage(246)) - The storage directory /workdir/hadoop-ozone/integration-test/target/test-dir/MiniOzoneClusterImpl-1fbc595b-70b6-44e3-b18f-c16b6617eb44/datanode-1/data/ratis/7a76564d-ee5d-4921-aa0c-4c02fe360f98 does not exist. Creating ...
2019-09-02 05:34:22,669 [pool-599-thread-1] INFO  storage.RaftStorageDirectory (RaftStorageDirectory.java:tryLock(328)) - Lock on /workdir/hadoop-ozone/integration-test/target/test-dir/MiniOzoneClusterImpl-1fbc595b-70b6-44e3-b18f-c16b6617eb44/datanode-1/data/ratis/7a76564d-ee5d-4921-aa0c-4c02fe360f98/in_use.lock acquired by nodename 22988@trunk-nightly-20190902-fsht6-3309735379
2019-09-02 05:34:22,682 [pool-599-thread-1] INFO  storage.RaftStorage (RaftStorage.java:format(72)) - Storage directory /workdir/hadoop-ozone/integration-test/target/test-dir/MiniOzoneClusterImpl-1fbc595b-70b6-44e3-b18f-c16b6617eb44/datanode-1/data/ratis/7a76564d-ee5d-4921-aa0c-4c02fe360f98 has been successfully formatted.
2019-09-02 05:34:22,683 [pool-599-thread-1] INFO  ratis.ContainerStateMachine (ContainerStateMachine.java:loadSnapshot(227)) - group-4C02FE360F98: The snapshot info is null. Setting the last applied indexto:(t:0, i:~)
2019-09-02 05:34:22,683 [pool-599-thread-1] INFO  server.RaftServerConfigKeys (ConfUtils.java:logGet(43)) - raft.server.leader.election.timeout = 120s (custom)
2019-09-02 05:34:22,683 [pool-599-thread-1] INFO  server.RaftServerConfigKeys (ConfUtils.java:logGet(43)) - raft.server.log.use.memory = false (default)
2019-09-02 05:34:22,683 [pool-599-thread-1] INFO  server.RaftServerConfigKeys (ConfUtils.java:logGet(43)) - raft.server.log.purge.gap = 1000000 (custom)
2019-09-02 05:34:22,683 [pool-599-thread-1] INFO  server.RaftServerConfigKeys (ConfUtils.java:logGet(43)) - raft.server.log.appender.buffer.byte-limit = 33554432 (custom)
2019-09-02 05:34:22,683 [pool-599-thread-1] INFO  server.RaftServerConfigKeys (ConfUtils.java:logGet(43)) - raft.server.log.segment.size.max = 1048576 (custom)
2019-09-02 05:34:22,684 [pool-599-thread-1] INFO  server.RaftServerConfigKeys (ConfUtils.java:logGet(43)) - raft.server.log.segment.cache.num.max = 2 (custom)
2019-09-02 05:34:22,684 [pool-599-thread-1] INFO  segmented.SegmentedRaftLogWorker (SegmentedRaftLogWorker.java:<init>(172)) - new 4b74841b-131d-45de-b540-61ea462008ca-SegmentedRaftLogWorker:Storage Directory /workdir/hadoop-ozone/integration-test/target/test-dir/MiniOzoneClusterImpl-1fbc595b-70b6-44e3-b18f-c16b6617eb44/datanode-1/data/ratis/7a76564d-ee5d-4921-aa0c-4c02fe360f98 for RaftStorage:Storage Directory /workdir/hadoop-ozone/integration-test/target/test-dir/MiniOzoneClusterImpl-1fbc595b-70b6-44e3-b18f-c16b6617eb44/datanode-1/data/ratis/7a76564d-ee5d-4921-aa0c-4c02fe360f98
2019-09-02 05:34:22,684 [pool-599-thread-1] INFO  server.RaftServerConfigKeys (ConfUtils.java:logGet(43)) - raft.server.log.queue.byte-limit = 2147483647 (custom)
2019-09-02 05:34:22,684 [pool-599-thread-1] INFO  server.RaftServerConfigKeys (ConfUtils.java:logGet(43)) - raft.server.log.queue.element-limit = 1024 (custom)
2019-09-02 05:34:22,685 [pool-599-thread-1] INFO  server.RaftServerConfigKeys (ConfUtils.java:logGet(43)) - raft.server.log.segment.size.max = 1048576 (custom)
2019-09-02 05:34:22,685 [pool-599-thread-1] INFO  server.RaftServerConfigKeys (ConfUtils.java:logGet(43)) - raft.server.log.preallocated.size = 16384 (custom)
2019-09-02 05:34:22,685 [pool-599-thread-1] INFO  server.RaftServerConfigKeys (ConfUtils.java:logGet(43)) - raft.server.log.write.buffer.size = 33554432 (custom)
2019-09-02 05:34:22,685 [pool-599-thread-1] INFO  server.RaftServerConfigKeys (ConfUtils.java:logGet(43)) - raft.server.log.force.sync.num = 128 (default)
2019-09-02 05:34:22,685 [pool-599-thread-1] INFO  server.RaftServerConfigKeys (ConfUtils.java:logGet(43)) - raft.server.log.statemachine.data.sync = true (default)
2019-09-02 05:34:22,685 [pool-599-thread-1] INFO  server.RaftServerConfigKeys (ConfUtils.java:logGet(43)) - raft.server.log.statemachine.data.sync.timeout = 10s (default)
2019-09-02 05:34:22,685 [pool-599-thread-1] INFO  server.RaftServerConfigKeys (ConfUtils.java:logGet(43)) - raft.server.log.statemachine.data.sync.timeout.retry = -1 (default)
2019-09-02 05:34:22,686 [pool-599-thread-1] INFO  server.RaftServerConfigKeys (ConfUtils.java:logGet(43)) - raft.server.log.statemachine.data.caching.enabled = true (custom)
2019-09-02 05:34:22,686 [pool-599-thread-1] INFO  segmented.SegmentedRaftLogWorker (SegmentedRaftLogWorker.java:lambda$new$0(132)) - 4b74841b-131d-45de-b540-61ea462008ca-SegmentedRaftLogWorker:Storage Directory /workdir/hadoop-ozone/integration-test/target/test-dir/MiniOzoneClusterImpl-1fbc595b-70b6-44e3-b18f-c16b6617eb44/datanode-1/data/ratis/7a76564d-ee5d-4921-aa0c-4c02fe360f98: flushIndex: setUnconditionally 0 -> -1
2019-09-02 05:34:22,687 [pool-599-thread-1] INFO  server.RaftServerConfigKeys (ConfUtils.java:logGet(43)) - raft.server.snapshot.auto.trigger.enabled = true (custom)
2019-09-02 05:34:22,687 [pool-599-thread-1] INFO  server.RaftServerConfigKeys (ConfUtils.java:logGet(43)) - raft.server.snapshot.auto.trigger.threshold = 10000 (custom)
2019-09-02 05:34:22,687 [pool-599-thread-1] INFO  server.RaftServerConfigKeys (ConfUtils.java:logGet(43)) - raft.server.retrycache.expirytime = 600000ms (custom)
2019-09-02 05:34:22,687 [pool-599-thread-1] INFO  impl.RaftServerImpl (RaftServerImpl.java:start(180)) - 4b74841b-131d-45de-b540-61ea462008ca: start group-4C02FE360F98
2019-09-02 05:34:22,687 [pool-599-thread-1] INFO  impl.RaftServerImpl (RaftServerImpl.java:setRole(171)) - 4b74841b-131d-45de-b540-61ea462008ca:group-4C02FE360F98 changes role from null to FOLLOWER at term 0 for startAsFollower
2019-09-02 05:34:22,687 [pool-599-thread-1] INFO  impl.RoleInfo (RoleInfo.java:updateAndGet(143)) - 4b74841b-131d-45de-b540-61ea462008ca: start FollowerState
2019-09-02 05:34:22,688 [pool-599-thread-1] INFO  util.JmxRegister (JmxRegister.java:tryRegister(44)) - Successfully registered JMX Bean with object name Ratis:service=RaftServer,group=group-4C02FE360F98,id=4b74841b-131d-45de-b540-61ea462008ca
2019-09-02 05:34:22,690 [RatisPipelineUtilsThread] INFO  pipeline.PipelineStateManager (PipelineStateManager.java:addPipeline(56)) - Created pipeline Pipeline[ Id: 7a76564d-ee5d-4921-aa0c-4c02fe360f98, Nodes: 4b74841b-131d-45de-b540-61ea462008ca{ip: 192.168.36.97, host: trunk-nightly-20190902-fsht6-3309735379, networkLocation: /default-rack, certSerialId: null}, Type:RATIS, Factor:ONE, State:OPEN]
2019-09-02 05:34:22,702 [IPC Server handler 4 on 42525] INFO  net.NetworkTopology (NetworkTopologyImpl.java:add(110)) - Added a new node: /default-rack/569e1e03-ab21-4bfc-b714-2486d4e9a65b
2019-09-02 05:34:22,702 [IPC Server handler 4 on 42525] INFO  node.SCMNodeManager (SCMNodeManager.java:register(266)) - Registered Data node : 569e1e03-ab21-4bfc-b714-2486d4e9a65b{ip: 192.168.36.97, host: trunk-nightly-20190902-fsht6-3309735379, networkLocation: /default-rack, certSerialId: null}
2019-09-02 05:34:22,709 [grpc-default-executor-7] INFO  impl.RaftServerProxy (RaftServerProxy.java:addNew(89)) - 569e1e03-ab21-4bfc-b714-2486d4e9a65b: addNew group-44C5FDA0E5F9:[569e1e03-ab21-4bfc-b714-2486d4e9a65b:192.168.36.97:43408] returns group-44C5FDA0E5F9:java.util.concurrent.CompletableFuture@3f15907a[Not completed]
2019-09-02 05:34:22,710 [pool-609-thread-1] INFO  impl.RaftServerImpl (RaftServerImpl.java:<init>(93)) - 569e1e03-ab21-4bfc-b714-2486d4e9a65b: new RaftServerImpl for group-44C5FDA0E5F9:[569e1e03-ab21-4bfc-b714-2486d4e9a65b:192.168.36.97:43408] with ContainerStateMachine:uninitialized
2019-09-02 05:34:22,710 [pool-609-thread-1] INFO  server.RaftServerConfigKeys (ConfUtils.java:logGet(43)) - raft.server.rpc.timeout.min = 5s (custom)
2019-09-02 05:34:22,710 [pool-609-thread-1] INFO  server.RaftServerConfigKeys (ConfUtils.java:logGet(43)) - raft.server.rpc.timeout.max = 5200ms (custom)
2019-09-02 05:34:22,710 [pool-609-thread-1] INFO  server.RaftServerConfigKeys (ConfUtils.java:logGet(43)) - raft.server.rpcslowness.timeout = 120s (custom)
2019-09-02 05:34:22,710 [pool-609-thread-1] INFO  server.RaftServerConfigKeys (ConfUtils.java:logGet(43)) - raft.server.sleep.deviation.threshold = 300 (default)
2019-09-02 05:34:22,711 [pool-609-thread-1] INFO  server.RaftServerConfigKeys (ConfUtils.java:logGet(43)) - raft.server.log.appender.install.snapshot.enabled = false (custom)
2019-09-02 05:34:22,711 [pool-609-thread-1] INFO  impl.RaftServerImpl (ServerState.java:<init>(105)) - 569e1e03-ab21-4bfc-b714-2486d4e9a65b:group-44C5FDA0E5F9 ConfigurationManager, init=-1: [569e1e03-ab21-4bfc-b714-2486d4e9a65b:192.168.36.97:43408], old=null, confs=<EMPTY_MAP>
2019-09-02 05:34:22,711 [pool-609-thread-1] INFO  server.RaftServerConfigKeys (ConfUtils.java:logGet(43)) - raft.server.storage.dir = [/workdir/hadoop-ozone/integration-test/target/test-dir/MiniOzoneClusterImpl-1fbc595b-70b6-44e3-b18f-c16b6617eb44/datanode-2/data/ratis] (custom)
2019-09-02 05:34:22,711 [pool-609-thread-1] INFO  storage.RaftStorageDirectory (RaftStorageDirectory.java:analyzeStorage(246)) - The storage directory /workdir/hadoop-ozone/integration-test/target/test-dir/MiniOzoneClusterImpl-1fbc595b-70b6-44e3-b18f-c16b6617eb44/datanode-2/data/ratis/fe0be000-151a-4c08-93c5-44c5fda0e5f9 does not exist. Creating ...
2019-09-02 05:34:22,724 [pool-609-thread-1] INFO  storage.RaftStorageDirectory (RaftStorageDirectory.java:tryLock(328)) - Lock on /workdir/hadoop-ozone/integration-test/target/test-dir/MiniOzoneClusterImpl-1fbc595b-70b6-44e3-b18f-c16b6617eb44/datanode-2/data/ratis/fe0be000-151a-4c08-93c5-44c5fda0e5f9/in_use.lock acquired by nodename 22988@trunk-nightly-20190902-fsht6-3309735379
2019-09-02 05:34:22,737 [pool-609-thread-1] INFO  storage.RaftStorage (RaftStorage.java:format(72)) - Storage directory /workdir/hadoop-ozone/integration-test/target/test-dir/MiniOzoneClusterImpl-1fbc595b-70b6-44e3-b18f-c16b6617eb44/datanode-2/data/ratis/fe0be000-151a-4c08-93c5-44c5fda0e5f9 has been successfully formatted.
2019-09-02 05:34:22,737 [pool-609-thread-1] INFO  ratis.ContainerStateMachine (ContainerStateMachine.java:loadSnapshot(227)) - group-44C5FDA0E5F9: The snapshot info is null. Setting the last applied indexto:(t:0, i:~)
2019-09-02 05:34:22,738 [pool-609-thread-1] INFO  server.RaftServerConfigKeys (ConfUtils.java:logGet(43)) - raft.server.leader.election.timeout = 120s (custom)
2019-09-02 05:34:22,738 [pool-609-thread-1] INFO  server.RaftServerConfigKeys (ConfUtils.java:logGet(43)) - raft.server.log.use.memory = false (default)
2019-09-02 05:34:22,738 [pool-609-thread-1] INFO  server.RaftServerConfigKeys (ConfUtils.java:logGet(43)) - raft.server.log.purge.gap = 1000000 (custom)
2019-09-02 05:34:22,738 [pool-609-thread-1] INFO  server.RaftServerConfigKeys (ConfUtils.java:logGet(43)) - raft.server.log.appender.buffer.byte-limit = 33554432 (custom)
2019-09-02 05:34:22,738 [pool-609-thread-1] INFO  server.RaftServerConfigKeys (ConfUtils.java:logGet(43)) - raft.server.log.segment.size.max = 1048576 (custom)
2019-09-02 05:34:22,738 [pool-609-thread-1] INFO  server.RaftServerConfigKeys (ConfUtils.java:logGet(43)) - raft.server.log.segment.cache.num.max = 2 (custom)
2019-09-02 05:34:22,738 [pool-609-thread-1] INFO  segmented.SegmentedRaftLogWorker (SegmentedRaftLogWorker.java:<init>(172)) - new 569e1e03-ab21-4bfc-b714-2486d4e9a65b-SegmentedRaftLogWorker:Storage Directory /workdir/hadoop-ozone/integration-test/target/test-dir/MiniOzoneClusterImpl-1fbc595b-70b6-44e3-b18f-c16b6617eb44/datanode-2/data/ratis/fe0be000-151a-4c08-93c5-44c5fda0e5f9 for RaftStorage:Storage Directory /workdir/hadoop-ozone/integration-test/target/test-dir/MiniOzoneClusterImpl-1fbc595b-70b6-44e3-b18f-c16b6617eb44/datanode-2/data/ratis/fe0be000-151a-4c08-93c5-44c5fda0e5f9
2019-09-02 05:34:22,739 [pool-609-thread-1] INFO  server.RaftServerConfigKeys (ConfUtils.java:logGet(43)) - raft.server.log.queue.byte-limit = 2147483647 (custom)
2019-09-02 05:34:22,739 [pool-609-thread-1] INFO  server.RaftServerConfigKeys (ConfUtils.java:logGet(43)) - raft.server.log.queue.element-limit = 1024 (custom)
2019-09-02 05:34:22,739 [pool-609-thread-1] INFO  server.RaftServerConfigKeys (ConfUtils.java:logGet(43)) - raft.server.log.segment.size.max = 1048576 (custom)
2019-09-02 05:34:22,739 [pool-609-thread-1] INFO  server.RaftServerConfigKeys (ConfUtils.java:logGet(43)) - raft.server.log.preallocated.size = 16384 (custom)
2019-09-02 05:34:22,739 [pool-609-thread-1] INFO  server.RaftServerConfigKeys (ConfUtils.java:logGet(43)) - raft.server.log.write.buffer.size = 33554432 (custom)
2019-09-02 05:34:22,739 [pool-609-thread-1] INFO  server.RaftServerConfigKeys (ConfUtils.java:logGet(43)) - raft.server.log.force.sync.num = 128 (default)
2019-09-02 05:34:22,740 [pool-609-thread-1] INFO  server.RaftServerConfigKeys (ConfUtils.java:logGet(43)) - raft.server.log.statemachine.data.sync = true (default)
2019-09-02 05:34:22,740 [pool-609-thread-1] INFO  server.RaftServerConfigKeys (ConfUtils.java:logGet(43)) - raft.server.log.statemachine.data.sync.timeout = 10s (default)
2019-09-02 05:34:22,740 [pool-609-thread-1] INFO  server.RaftServerConfigKeys (ConfUtils.java:logGet(43)) - raft.server.log.statemachine.data.sync.timeout.retry = -1 (default)
2019-09-02 05:34:22,740 [pool-609-thread-1] INFO  server.RaftServerConfigKeys (ConfUtils.java:logGet(43)) - raft.server.log.statemachine.data.caching.enabled = true (custom)
2019-09-02 05:34:22,741 [pool-609-thread-1] INFO  segmented.SegmentedRaftLogWorker (SegmentedRaftLogWorker.java:lambda$new$0(132)) - 569e1e03-ab21-4bfc-b714-2486d4e9a65b-SegmentedRaftLogWorker:Storage Directory /workdir/hadoop-ozone/integration-test/target/test-dir/MiniOzoneClusterImpl-1fbc595b-70b6-44e3-b18f-c16b6617eb44/datanode-2/data/ratis/fe0be000-151a-4c08-93c5-44c5fda0e5f9: flushIndex: setUnconditionally 0 -> -1
2019-09-02 05:34:22,741 [pool-609-thread-1] INFO  server.RaftServerConfigKeys (ConfUtils.java:logGet(43)) - raft.server.snapshot.auto.trigger.enabled = true (custom)
2019-09-02 05:34:22,741 [pool-609-thread-1] INFO  server.RaftServerConfigKeys (ConfUtils.java:logGet(43)) - raft.server.snapshot.auto.trigger.threshold = 10000 (custom)
2019-09-02 05:34:22,741 [pool-609-thread-1] INFO  server.RaftServerConfigKeys (ConfUtils.java:logGet(43)) - raft.server.retrycache.expirytime = 600000ms (custom)
2019-09-02 05:34:22,741 [pool-609-thread-1] INFO  impl.RaftServerImpl (RaftServerImpl.java:start(180)) - 569e1e03-ab21-4bfc-b714-2486d4e9a65b: start group-44C5FDA0E5F9
2019-09-02 05:34:22,742 [pool-609-thread-1] INFO  impl.RaftServerImpl (RaftServerImpl.java:setRole(171)) - 569e1e03-ab21-4bfc-b714-2486d4e9a65b:group-44C5FDA0E5F9 changes role from null to FOLLOWER at term 0 for startAsFollower
2019-09-02 05:34:22,742 [pool-609-thread-1] INFO  impl.RoleInfo (RoleInfo.java:updateAndGet(143)) - 569e1e03-ab21-4bfc-b714-2486d4e9a65b: start FollowerState
2019-09-02 05:34:22,742 [pool-609-thread-1] INFO  util.JmxRegister (JmxRegister.java:tryRegister(44)) - Successfully registered JMX Bean with object name Ratis:service=RaftServer,group=group-44C5FDA0E5F9,id=569e1e03-ab21-4bfc-b714-2486d4e9a65b
2019-09-02 05:34:22,744 [RatisPipelineUtilsThread] INFO  pipeline.PipelineStateManager (PipelineStateManager.java:addPipeline(56)) - Created pipeline Pipeline[ Id: fe0be000-151a-4c08-93c5-44c5fda0e5f9, Nodes: 569e1e03-ab21-4bfc-b714-2486d4e9a65b{ip: 192.168.36.97, host: trunk-nightly-20190902-fsht6-3309735379, networkLocation: /default-rack, certSerialId: null}, Type:RATIS, Factor:ONE, State:OPEN]
2019-09-02 05:34:22,754 [grpc-default-executor-7] INFO  impl.RaftServerProxy (RaftServerProxy.java:addNew(89)) - 1199f808-5b20-429e-aaf6-04ba4f0b7453: addNew group-6FC154899002:[569e1e03-ab21-4bfc-b714-2486d4e9a65b:192.168.36.97:43408, 1199f808-5b20-429e-aaf6-04ba4f0b7453:192.168.36.97:42030, 4b74841b-131d-45de-b540-61ea462008ca:192.168.36.97:37608] returns group-6FC154899002:java.util.concurrent.CompletableFuture@e7a2104[Not completed]
2019-09-02 05:34:22,755 [grpc-default-executor-8] INFO  impl.RaftServerProxy (RaftServerProxy.java:addNew(89)) - 569e1e03-ab21-4bfc-b714-2486d4e9a65b: addNew group-6FC154899002:[569e1e03-ab21-4bfc-b714-2486d4e9a65b:192.168.36.97:43408, 1199f808-5b20-429e-aaf6-04ba4f0b7453:192.168.36.97:42030, 4b74841b-131d-45de-b540-61ea462008ca:192.168.36.97:37608] returns group-6FC154899002:java.util.concurrent.CompletableFuture@731cbeac[Not completed]
2019-09-02 05:34:22,756 [grpc-default-executor-8] INFO  impl.RaftServerProxy (RaftServerProxy.java:addNew(89)) - 4b74841b-131d-45de-b540-61ea462008ca: addNew group-6FC154899002:[569e1e03-ab21-4bfc-b714-2486d4e9a65b:192.168.36.97:43408, 1199f808-5b20-429e-aaf6-04ba4f0b7453:192.168.36.97:42030, 4b74841b-131d-45de-b540-61ea462008ca:192.168.36.97:37608] returns group-6FC154899002:java.util.concurrent.CompletableFuture@361e2eab[Not completed]
2019-09-02 05:34:22,756 [pool-589-thread-1] INFO  impl.RaftServerImpl (RaftServerImpl.java:<init>(93)) - 1199f808-5b20-429e-aaf6-04ba4f0b7453: new RaftServerImpl for group-6FC154899002:[569e1e03-ab21-4bfc-b714-2486d4e9a65b:192.168.36.97:43408, 1199f808-5b20-429e-aaf6-04ba4f0b7453:192.168.36.97:42030, 4b74841b-131d-45de-b540-61ea462008ca:192.168.36.97:37608] with ContainerStateMachine:uninitialized
2019-09-02 05:34:22,756 [pool-589-thread-1] INFO  server.RaftServerConfigKeys (ConfUtils.java:logGet(43)) - raft.server.rpc.timeout.min = 5s (custom)
2019-09-02 05:34:22,756 [pool-589-thread-1] INFO  server.RaftServerConfigKeys (ConfUtils.java:logGet(43)) - raft.server.rpc.timeout.max = 5200ms (custom)
2019-09-02 05:34:22,757 [pool-589-thread-1] INFO  server.RaftServerConfigKeys (ConfUtils.java:logGet(43)) - raft.server.rpcslowness.timeout = 120s (custom)
2019-09-02 05:34:22,757 [pool-589-thread-1] INFO  server.RaftServerConfigKeys (ConfUtils.java:logGet(43)) - raft.server.sleep.deviation.threshold = 300 (default)
2019-09-02 05:34:22,757 [pool-609-thread-1] INFO  impl.RaftServerImpl (RaftServerImpl.java:<init>(93)) - 569e1e03-ab21-4bfc-b714-2486d4e9a65b: new RaftServerImpl for group-6FC154899002:[569e1e03-ab21-4bfc-b714-2486d4e9a65b:192.168.36.97:43408, 1199f808-5b20-429e-aaf6-04ba4f0b7453:192.168.36.97:42030, 4b74841b-131d-45de-b540-61ea462008ca:192.168.36.97:37608] with ContainerStateMachine:uninitialized
2019-09-02 05:34:22,757 [pool-589-thread-1] INFO  server.RaftServerConfigKeys (ConfUtils.java:logGet(43)) - raft.server.log.appender.install.snapshot.enabled = false (custom)
2019-09-02 05:34:22,757 [pool-609-thread-1] INFO  server.RaftServerConfigKeys (ConfUtils.java:logGet(43)) - raft.server.rpc.timeout.min = 5s (custom)
2019-09-02 05:34:22,757 [pool-599-thread-1] INFO  impl.RaftServerImpl (RaftServerImpl.java:<init>(93)) - 4b74841b-131d-45de-b540-61ea462008ca: new RaftServerImpl for group-6FC154899002:[569e1e03-ab21-4bfc-b714-2486d4e9a65b:192.168.36.97:43408, 1199f808-5b20-429e-aaf6-04ba4f0b7453:192.168.36.97:42030, 4b74841b-131d-45de-b540-61ea462008ca:192.168.36.97:37608] with ContainerStateMachine:uninitialized
2019-09-02 05:34:22,757 [pool-589-thread-1] INFO  impl.RaftServerImpl (ServerState.java:<init>(105)) - 1199f808-5b20-429e-aaf6-04ba4f0b7453:group-6FC154899002 ConfigurationManager, init=-1: [569e1e03-ab21-4bfc-b714-2486d4e9a65b:192.168.36.97:43408, 1199f808-5b20-429e-aaf6-04ba4f0b7453:192.168.36.97:42030, 4b74841b-131d-45de-b540-61ea462008ca:192.168.36.97:37608], old=null, confs=<EMPTY_MAP>
2019-09-02 05:34:22,758 [pool-599-thread-1] INFO  server.RaftServerConfigKeys (ConfUtils.java:logGet(43)) - raft.server.rpc.timeout.min = 5s (custom)
2019-09-02 05:34:22,757 [pool-609-thread-1] INFO  server.RaftServerConfigKeys (ConfUtils.java:logGet(43)) - raft.server.rpc.timeout.max = 5200ms (custom)
2019-09-02 05:34:22,758 [pool-599-thread-1] INFO  server.RaftServerConfigKeys (ConfUtils.java:logGet(43)) - raft.server.rpc.timeout.max = 5200ms (custom)
2019-09-02 05:34:22,758 [pool-589-thread-1] INFO  server.RaftServerConfigKeys (ConfUtils.java:logGet(43)) - raft.server.storage.dir = [/workdir/hadoop-ozone/integration-test/target/test-dir/MiniOzoneClusterImpl-1fbc595b-70b6-44e3-b18f-c16b6617eb44/datanode-0/data/ratis] (custom)
2019-09-02 05:34:22,758 [pool-599-thread-1] INFO  server.RaftServerConfigKeys (ConfUtils.java:logGet(43)) - raft.server.rpcslowness.timeout = 120s (custom)
2019-09-02 05:34:22,758 [pool-609-thread-1] INFO  server.RaftServerConfigKeys (ConfUtils.java:logGet(43)) - raft.server.rpcslowness.timeout = 120s (custom)
2019-09-02 05:34:22,759 [pool-589-thread-1] INFO  storage.RaftStorageDirectory (RaftStorageDirectory.java:analyzeStorage(246)) - The storage directory /workdir/hadoop-ozone/integration-test/target/test-dir/MiniOzoneClusterImpl-1fbc595b-70b6-44e3-b18f-c16b6617eb44/datanode-0/data/ratis/0388dd07-ba13-4d95-9ff7-6fc154899002 does not exist. Creating ...
2019-09-02 05:34:22,759 [pool-609-thread-1] INFO  server.RaftServerConfigKeys (ConfUtils.java:logGet(43)) - raft.server.sleep.deviation.threshold = 300 (default)
2019-09-02 05:34:22,758 [pool-599-thread-1] INFO  server.RaftServerConfigKeys (ConfUtils.java:logGet(43)) - raft.server.sleep.deviation.threshold = 300 (default)
2019-09-02 05:34:22,759 [pool-609-thread-1] INFO  server.RaftServerConfigKeys (ConfUtils.java:logGet(43)) - raft.server.log.appender.install.snapshot.enabled = false (custom)
2019-09-02 05:34:22,759 [pool-599-thread-1] INFO  server.RaftServerConfigKeys (ConfUtils.java:logGet(43)) - raft.server.log.appender.install.snapshot.enabled = false (custom)
2019-09-02 05:34:22,759 [pool-609-thread-1] INFO  impl.RaftServerImpl (ServerState.java:<init>(105)) - 569e1e03-ab21-4bfc-b714-2486d4e9a65b:group-6FC154899002 ConfigurationManager, init=-1: [569e1e03-ab21-4bfc-b714-2486d4e9a65b:192.168.36.97:43408, 1199f808-5b20-429e-aaf6-04ba4f0b7453:192.168.36.97:42030, 4b74841b-131d-45de-b540-61ea462008ca:192.168.36.97:37608], old=null, confs=<EMPTY_MAP>
2019-09-02 05:34:22,759 [pool-599-thread-1] INFO  impl.RaftServerImpl (ServerState.java:<init>(105)) - 4b74841b-131d-45de-b540-61ea462008ca:group-6FC154899002 ConfigurationManager, init=-1: [569e1e03-ab21-4bfc-b714-2486d4e9a65b:192.168.36.97:43408, 1199f808-5b20-429e-aaf6-04ba4f0b7453:192.168.36.97:42030, 4b74841b-131d-45de-b540-61ea462008ca:192.168.36.97:37608], old=null, confs=<EMPTY_MAP>
2019-09-02 05:34:22,760 [pool-609-thread-1] INFO  server.RaftServerConfigKeys (ConfUtils.java:logGet(43)) - raft.server.storage.dir = [/workdir/hadoop-ozone/integration-test/target/test-dir/MiniOzoneClusterImpl-1fbc595b-70b6-44e3-b18f-c16b6617eb44/datanode-2/data/ratis] (custom)
2019-09-02 05:34:22,760 [pool-599-thread-1] INFO  server.RaftServerConfigKeys (ConfUtils.java:logGet(43)) - raft.server.storage.dir = [/workdir/hadoop-ozone/integration-test/target/test-dir/MiniOzoneClusterImpl-1fbc595b-70b6-44e3-b18f-c16b6617eb44/datanode-1/data/ratis] (custom)
2019-09-02 05:34:22,760 [pool-609-thread-1] INFO  storage.RaftStorageDirectory (RaftStorageDirectory.java:analyzeStorage(246)) - The storage directory /workdir/hadoop-ozone/integration-test/target/test-dir/MiniOzoneClusterImpl-1fbc595b-70b6-44e3-b18f-c16b6617eb44/datanode-2/data/ratis/0388dd07-ba13-4d95-9ff7-6fc154899002 does not exist. Creating ...
2019-09-02 05:34:22,760 [pool-599-thread-1] INFO  storage.RaftStorageDirectory (RaftStorageDirectory.java:analyzeStorage(246)) - The storage directory /workdir/hadoop-ozone/integration-test/target/test-dir/MiniOzoneClusterImpl-1fbc595b-70b6-44e3-b18f-c16b6617eb44/datanode-1/data/ratis/0388dd07-ba13-4d95-9ff7-6fc154899002 does not exist. Creating ...
2019-09-02 05:34:22,772 [pool-589-thread-1] INFO  storage.RaftStorageDirectory (RaftStorageDirectory.java:tryLock(328)) - Lock on /workdir/hadoop-ozone/integration-test/target/test-dir/MiniOzoneClusterImpl-1fbc595b-70b6-44e3-b18f-c16b6617eb44/datanode-0/data/ratis/0388dd07-ba13-4d95-9ff7-6fc154899002/in_use.lock acquired by nodename 22988@trunk-nightly-20190902-fsht6-3309735379
2019-09-02 05:34:22,772 [pool-609-thread-1] INFO  storage.RaftStorageDirectory (RaftStorageDirectory.java:tryLock(328)) - Lock on /workdir/hadoop-ozone/integration-test/target/test-dir/MiniOzoneClusterImpl-1fbc595b-70b6-44e3-b18f-c16b6617eb44/datanode-2/data/ratis/0388dd07-ba13-4d95-9ff7-6fc154899002/in_use.lock acquired by nodename 22988@trunk-nightly-20190902-fsht6-3309735379
2019-09-02 05:34:22,772 [pool-599-thread-1] INFO  storage.RaftStorageDirectory (RaftStorageDirectory.java:tryLock(328)) - Lock on /workdir/hadoop-ozone/integration-test/target/test-dir/MiniOzoneClusterImpl-1fbc595b-70b6-44e3-b18f-c16b6617eb44/datanode-1/data/ratis/0388dd07-ba13-4d95-9ff7-6fc154899002/in_use.lock acquired by nodename 22988@trunk-nightly-20190902-fsht6-3309735379
2019-09-02 05:34:22,784 [IPC Server handler 5 on 42525] INFO  net.NetworkTopology (NetworkTopologyImpl.java:add(110)) - Added a new node: /default-rack/02e6a447-e4f4-425c-9bcb-7c40088bb9c3
2019-09-02 05:34:22,784 [IPC Server handler 5 on 42525] INFO  node.SCMNodeManager (SCMNodeManager.java:register(266)) - Registered Data node : 02e6a447-e4f4-425c-9bcb-7c40088bb9c3{ip: 192.168.36.97, host: trunk-nightly-20190902-fsht6-3309735379, networkLocation: /default-rack, certSerialId: null}
2019-09-02 05:34:22,786 [pool-599-thread-1] INFO  storage.RaftStorage (RaftStorage.java:format(72)) - Storage directory /workdir/hadoop-ozone/integration-test/target/test-dir/MiniOzoneClusterImpl-1fbc595b-70b6-44e3-b18f-c16b6617eb44/datanode-1/data/ratis/0388dd07-ba13-4d95-9ff7-6fc154899002 has been successfully formatted.
2019-09-02 05:34:22,786 [pool-589-thread-1] INFO  storage.RaftStorage (RaftStorage.java:format(72)) - Storage directory /workdir/hadoop-ozone/integration-test/target/test-dir/MiniOzoneClusterImpl-1fbc595b-70b6-44e3-b18f-c16b6617eb44/datanode-0/data/ratis/0388dd07-ba13-4d95-9ff7-6fc154899002 has been successfully formatted.
2019-09-02 05:34:22,786 [pool-609-thread-1] INFO  storage.RaftStorage (RaftStorage.java:format(72)) - Storage directory /workdir/hadoop-ozone/integration-test/target/test-dir/MiniOzoneClusterImpl-1fbc595b-70b6-44e3-b18f-c16b6617eb44/datanode-2/data/ratis/0388dd07-ba13-4d95-9ff7-6fc154899002 has been successfully formatted.
2019-09-02 05:34:22,787 [pool-589-thread-1] INFO  ratis.ContainerStateMachine (ContainerStateMachine.java:loadSnapshot(227)) - group-6FC154899002: The snapshot info is null. Setting the last applied indexto:(t:0, i:~)
2019-09-02 05:34:22,787 [pool-599-thread-1] INFO  ratis.ContainerStateMachine (ContainerStateMachine.java:loadSnapshot(227)) - group-6FC154899002: The snapshot info is null. Setting the last applied indexto:(t:0, i:~)
2019-09-02 05:34:22,787 [pool-589-thread-1] INFO  server.RaftServerConfigKeys (ConfUtils.java:logGet(43)) - raft.server.leader.election.timeout = 120s (custom)
2019-09-02 05:34:22,787 [pool-609-thread-1] INFO  ratis.ContainerStateMachine (ContainerStateMachine.java:loadSnapshot(227)) - group-6FC154899002: The snapshot info is null. Setting the last applied indexto:(t:0, i:~)
2019-09-02 05:34:22,787 [pool-589-thread-1] INFO  server.RaftServerConfigKeys (ConfUtils.java:logGet(43)) - raft.server.log.use.memory = false (default)
2019-09-02 05:34:22,787 [pool-599-thread-1] INFO  server.RaftServerConfigKeys (ConfUtils.java:logGet(43)) - raft.server.leader.election.timeout = 120s (custom)
2019-09-02 05:34:22,788 [pool-589-thread-1] INFO  server.RaftServerConfigKeys (ConfUtils.java:logGet(43)) - raft.server.log.purge.gap = 1000000 (custom)
2019-09-02 05:34:22,788 [pool-609-thread-1] INFO  server.RaftServerConfigKeys (ConfUtils.java:logGet(43)) - raft.server.leader.election.timeout = 120s (custom)
2019-09-02 05:34:22,788 [pool-609-thread-1] INFO  server.RaftServerConfigKeys (ConfUtils.java:logGet(43)) - raft.server.log.use.memory = false (default)
2019-09-02 05:34:22,788 [pool-589-thread-1] INFO  server.RaftServerConfigKeys (ConfUtils.java:logGet(43)) - raft.server.log.appender.buffer.byte-limit = 33554432 (custom)
2019-09-02 05:34:22,788 [pool-599-thread-1] INFO  server.RaftServerConfigKeys (ConfUtils.java:logGet(43)) - raft.server.log.use.memory = false (default)
2019-09-02 05:34:22,789 [pool-589-thread-1] INFO  server.RaftServerConfigKeys (ConfUtils.java:logGet(43)) - raft.server.log.segment.size.max = 1048576 (custom)
2019-09-02 05:34:22,788 [pool-609-thread-1] INFO  server.RaftServerConfigKeys (ConfUtils.java:logGet(43)) - raft.server.log.purge.gap = 1000000 (custom)
2019-09-02 05:34:22,789 [pool-589-thread-1] INFO  server.RaftServerConfigKeys (ConfUtils.java:logGet(43)) - raft.server.log.segment.cache.num.max = 2 (custom)
2019-09-02 05:34:22,789 [pool-599-thread-1] INFO  server.RaftServerConfigKeys (ConfUtils.java:logGet(43)) - raft.server.log.purge.gap = 1000000 (custom)
2019-09-02 05:34:22,789 [pool-589-thread-1] INFO  segmented.SegmentedRaftLogWorker (SegmentedRaftLogWorker.java:<init>(172)) - new 1199f808-5b20-429e-aaf6-04ba4f0b7453-SegmentedRaftLogWorker:Storage Directory /workdir/hadoop-ozone/integration-test/target/test-dir/MiniOzoneClusterImpl-1fbc595b-70b6-44e3-b18f-c16b6617eb44/datanode-0/data/ratis/0388dd07-ba13-4d95-9ff7-6fc154899002 for RaftStorage:Storage Directory /workdir/hadoop-ozone/integration-test/target/test-dir/MiniOzoneClusterImpl-1fbc595b-70b6-44e3-b18f-c16b6617eb44/datanode-0/data/ratis/0388dd07-ba13-4d95-9ff7-6fc154899002
2019-09-02 05:34:22,789 [pool-609-thread-1] INFO  server.RaftServerConfigKeys (ConfUtils.java:logGet(43)) - raft.server.log.appender.buffer.byte-limit = 33554432 (custom)
2019-09-02 05:34:22,790 [pool-589-thread-1] INFO  server.RaftServerConfigKeys (ConfUtils.java:logGet(43)) - raft.server.log.queue.byte-limit = 2147483647 (custom)
2019-09-02 05:34:22,790 [pool-599-thread-1] INFO  server.RaftServerConfigKeys (ConfUtils.java:logGet(43)) - raft.server.log.appender.buffer.byte-limit = 33554432 (custom)
2019-09-02 05:34:22,790 [pool-589-thread-1] INFO  server.RaftServerConfigKeys (ConfUtils.java:logGet(43)) - raft.server.log.queue.element-limit = 1024 (custom)
2019-09-02 05:34:22,790 [pool-609-thread-1] INFO  server.RaftServerConfigKeys (ConfUtils.java:logGet(43)) - raft.server.log.segment.size.max = 1048576 (custom)
2019-09-02 05:34:22,791 [pool-589-thread-1] INFO  server.RaftServerConfigKeys (ConfUtils.java:logGet(43)) - raft.server.log.segment.size.max = 1048576 (custom)
2019-09-02 05:34:22,790 [pool-599-thread-1] INFO  server.RaftServerConfigKeys (ConfUtils.java:logGet(43)) - raft.server.log.segment.size.max = 1048576 (custom)
2019-09-02 05:34:22,791 [pool-589-thread-1] INFO  server.RaftServerConfigKeys (ConfUtils.java:logGet(43)) - raft.server.log.preallocated.size = 16384 (custom)
2019-09-02 05:34:22,791 [pool-609-thread-1] INFO  server.RaftServerConfigKeys (ConfUtils.java:logGet(43)) - raft.server.log.segment.cache.num.max = 2 (custom)
2019-09-02 05:34:22,791 [pool-589-thread-1] INFO  server.RaftServerConfigKeys (ConfUtils.java:logGet(43)) - raft.server.log.write.buffer.size = 33554432 (custom)
2019-09-02 05:34:22,792 [pool-589-thread-1] INFO  server.RaftServerConfigKeys (ConfUtils.java:logGet(43)) - raft.server.log.force.sync.num = 128 (default)
2019-09-02 05:34:22,791 [pool-599-thread-1] INFO  server.RaftServerConfigKeys (ConfUtils.java:logGet(43)) - raft.server.log.segment.cache.num.max = 2 (custom)
2019-09-02 05:34:22,792 [pool-589-thread-1] INFO  server.RaftServerConfigKeys (ConfUtils.java:logGet(43)) - raft.server.log.statemachine.data.sync = true (default)
2019-09-02 05:34:22,791 [pool-609-thread-1] INFO  segmented.SegmentedRaftLogWorker (SegmentedRaftLogWorker.java:<init>(172)) - new 569e1e03-ab21-4bfc-b714-2486d4e9a65b-SegmentedRaftLogWorker:Storage Directory /workdir/hadoop-ozone/integration-test/target/test-dir/MiniOzoneClusterImpl-1fbc595b-70b6-44e3-b18f-c16b6617eb44/datanode-2/data/ratis/0388dd07-ba13-4d95-9ff7-6fc154899002 for RaftStorage:Storage Directory /workdir/hadoop-ozone/integration-test/target/test-dir/MiniOzoneClusterImpl-1fbc595b-70b6-44e3-b18f-c16b6617eb44/datanode-2/data/ratis/0388dd07-ba13-4d95-9ff7-6fc154899002
2019-09-02 05:34:22,792 [pool-589-thread-1] INFO  server.RaftServerConfigKeys (ConfUtils.java:logGet(43)) - raft.server.log.statemachine.data.sync.timeout = 10s (default)
2019-09-02 05:34:22,792 [pool-599-thread-1] INFO  segmented.SegmentedRaftLogWorker (SegmentedRaftLogWorker.java:<init>(172)) - new 4b74841b-131d-45de-b540-61ea462008ca-SegmentedRaftLogWorker:Storage Directory /workdir/hadoop-ozone/integration-test/target/test-dir/MiniOzoneClusterImpl-1fbc595b-70b6-44e3-b18f-c16b6617eb44/datanode-1/data/ratis/0388dd07-ba13-4d95-9ff7-6fc154899002 for RaftStorage:Storage Directory /workdir/hadoop-ozone/integration-test/target/test-dir/MiniOzoneClusterImpl-1fbc595b-70b6-44e3-b18f-c16b6617eb44/datanode-1/data/ratis/0388dd07-ba13-4d95-9ff7-6fc154899002
2019-09-02 05:34:22,793 [pool-589-thread-1] INFO  server.RaftServerConfigKeys (ConfUtils.java:logGet(43)) - raft.server.log.statemachine.data.sync.timeout.retry = -1 (default)
2019-09-02 05:34:22,792 [pool-609-thread-1] INFO  server.RaftServerConfigKeys (ConfUtils.java:logGet(43)) - raft.server.log.queue.byte-limit = 2147483647 (custom)
2019-09-02 05:34:22,793 [pool-589-thread-1] INFO  server.RaftServerConfigKeys (ConfUtils.java:logGet(43)) - raft.server.log.statemachine.data.caching.enabled = true (custom)
2019-09-02 05:34:22,793 [pool-599-thread-1] INFO  server.RaftServerConfigKeys (ConfUtils.java:logGet(43)) - raft.server.log.queue.byte-limit = 2147483647 (custom)
2019-09-02 05:34:22,793 [pool-609-thread-1] INFO  server.RaftServerConfigKeys (ConfUtils.java:logGet(43)) - raft.server.log.queue.element-limit = 1024 (custom)
2019-09-02 05:34:22,793 [pool-599-thread-1] INFO  server.RaftServerConfigKeys (ConfUtils.java:logGet(43)) - raft.server.log.queue.element-limit = 1024 (custom)
2019-09-02 05:34:22,793 [pool-589-thread-1] INFO  segmented.SegmentedRaftLogWorker (SegmentedRaftLogWorker.java:lambda$new$0(132)) - 1199f808-5b20-429e-aaf6-04ba4f0b7453-SegmentedRaftLogWorker:Storage Directory /workdir/hadoop-ozone/integration-test/target/test-dir/MiniOzoneClusterImpl-1fbc595b-70b6-44e3-b18f-c16b6617eb44/datanode-0/data/ratis/0388dd07-ba13-4d95-9ff7-6fc154899002: flushIndex: setUnconditionally 0 -> -1
2019-09-02 05:34:22,794 [pool-599-thread-1] INFO  server.RaftServerConfigKeys (ConfUtils.java:logGet(43)) - raft.server.log.segment.size.max = 1048576 (custom)
2019-09-02 05:34:22,794 [pool-609-thread-1] INFO  server.RaftServerConfigKeys (ConfUtils.java:logGet(43)) - raft.server.log.segment.size.max = 1048576 (custom)
2019-09-02 05:34:22,794 [pool-589-thread-1] INFO  server.RaftServerConfigKeys (ConfUtils.java:logGet(43)) - raft.server.snapshot.auto.trigger.enabled = true (custom)
2019-09-02 05:34:22,794 [pool-599-thread-1] INFO  server.RaftServerConfigKeys (ConfUtils.java:logGet(43)) - raft.server.log.preallocated.size = 16384 (custom)
2019-09-02 05:34:22,795 [pool-589-thread-1] INFO  server.RaftServerConfigKeys (ConfUtils.java:logGet(43)) - raft.server.snapshot.auto.trigger.threshold = 10000 (custom)
2019-09-02 05:34:22,794 [pool-609-thread-1] INFO  server.RaftServerConfigKeys (ConfUtils.java:logGet(43)) - raft.server.log.preallocated.size = 16384 (custom)
2019-09-02 05:34:22,795 [pool-589-thread-1] INFO  server.RaftServerConfigKeys (ConfUtils.java:logGet(43)) - raft.server.retrycache.expirytime = 600000ms (custom)
2019-09-02 05:34:22,795 [pool-599-thread-1] INFO  server.RaftServerConfigKeys (ConfUtils.java:logGet(43)) - raft.server.log.write.buffer.size = 33554432 (custom)
2019-09-02 05:34:22,795 [pool-589-thread-1] INFO  impl.RaftServerImpl (RaftServerImpl.java:start(180)) - 1199f808-5b20-429e-aaf6-04ba4f0b7453: start group-6FC154899002
2019-09-02 05:34:22,796 [pool-589-thread-1] INFO  impl.RaftServerImpl (RaftServerImpl.java:setRole(171)) - 1199f808-5b20-429e-aaf6-04ba4f0b7453:group-6FC154899002 changes role from null to FOLLOWER at term 0 for startAsFollower
2019-09-02 05:34:22,795 [pool-609-thread-1] INFO  server.RaftServerConfigKeys (ConfUtils.java:logGet(43)) - raft.server.log.write.buffer.size = 33554432 (custom)
2019-09-02 05:34:22,796 [pool-589-thread-1] INFO  impl.RoleInfo (RoleInfo.java:updateAndGet(143)) - 1199f808-5b20-429e-aaf6-04ba4f0b7453: start FollowerState
2019-09-02 05:34:22,795 [pool-599-thread-1] INFO  server.RaftServerConfigKeys (ConfUtils.java:logGet(43)) - raft.server.log.force.sync.num = 128 (default)
2019-09-02 05:34:22,796 [pool-609-thread-1] INFO  server.RaftServerConfigKeys (ConfUtils.java:logGet(43)) - raft.server.log.force.sync.num = 128 (default)
2019-09-02 05:34:22,796 [pool-589-thread-1] INFO  util.JmxRegister (JmxRegister.java:tryRegister(44)) - Successfully registered JMX Bean with object name Ratis:service=RaftServer,group=group-6FC154899002,id=1199f808-5b20-429e-aaf6-04ba4f0b7453
2019-09-02 05:34:22,796 [pool-599-thread-1] INFO  server.RaftServerConfigKeys (ConfUtils.java:logGet(43)) - raft.server.log.statemachine.data.sync = true (default)
2019-09-02 05:34:22,797 [pool-599-thread-1] INFO  server.RaftServerConfigKeys (ConfUtils.java:logGet(43)) - raft.server.log.statemachine.data.sync.timeout = 10s (default)
2019-09-02 05:34:22,797 [pool-609-thread-1] INFO  server.RaftServerConfigKeys (ConfUtils.java:logGet(43)) - raft.server.log.statemachine.data.sync = true (default)
2019-09-02 05:34:22,797 [pool-599-thread-1] INFO  server.RaftServerConfigKeys (ConfUtils.java:logGet(43)) - raft.server.log.statemachine.data.sync.timeout.retry = -1 (default)
2019-09-02 05:34:22,797 [pool-609-thread-1] INFO  server.RaftServerConfigKeys (ConfUtils.java:logGet(43)) - raft.server.log.statemachine.data.sync.timeout = 10s (default)
2019-09-02 05:34:22,798 [pool-599-thread-1] INFO  server.RaftServerConfigKeys (ConfUtils.java:logGet(43)) - raft.server.log.statemachine.data.caching.enabled = true (custom)
2019-09-02 05:34:22,798 [pool-609-thread-1] INFO  server.RaftServerConfigKeys (ConfUtils.java:logGet(43)) - raft.server.log.statemachine.data.sync.timeout.retry = -1 (default)
2019-09-02 05:34:22,798 [pool-599-thread-1] INFO  segmented.SegmentedRaftLogWorker (SegmentedRaftLogWorker.java:lambda$new$0(132)) - 4b74841b-131d-45de-b540-61ea462008ca-SegmentedRaftLogWorker:Storage Directory /workdir/hadoop-ozone/integration-test/target/test-dir/MiniOzoneClusterImpl-1fbc595b-70b6-44e3-b18f-c16b6617eb44/datanode-1/data/ratis/0388dd07-ba13-4d95-9ff7-6fc154899002: flushIndex: setUnconditionally 0 -> -1
2019-09-02 05:34:22,798 [pool-609-thread-1] INFO  server.RaftServerConfigKeys (ConfUtils.java:logGet(43)) - raft.server.log.statemachine.data.caching.enabled = true (custom)
2019-09-02 05:34:22,798 [pool-599-thread-1] INFO  server.RaftServerConfigKeys (ConfUtils.java:logGet(43)) - raft.server.snapshot.auto.trigger.enabled = true (custom)
2019-09-02 05:34:22,799 [pool-609-thread-1] INFO  segmented.SegmentedRaftLogWorker (SegmentedRaftLogWorker.java:lambda$new$0(132)) - 569e1e03-ab21-4bfc-b714-2486d4e9a65b-SegmentedRaftLogWorker:Storage Directory /workdir/hadoop-ozone/integration-test/target/test-dir/MiniOzoneClusterImpl-1fbc595b-70b6-44e3-b18f-c16b6617eb44/datanode-2/data/ratis/0388dd07-ba13-4d95-9ff7-6fc154899002: flushIndex: setUnconditionally 0 -> -1
2019-09-02 05:34:22,799 [pool-599-thread-1] INFO  server.RaftServerConfigKeys (ConfUtils.java:logGet(43)) - raft.server.snapshot.auto.trigger.threshold = 10000 (custom)
2019-09-02 05:34:22,799 [pool-599-thread-1] INFO  server.RaftServerConfigKeys (ConfUtils.java:logGet(43)) - raft.server.retrycache.expirytime = 600000ms (custom)
2019-09-02 05:34:22,799 [pool-609-thread-1] INFO  server.RaftServerConfigKeys (ConfUtils.java:logGet(43)) - raft.server.snapshot.auto.trigger.enabled = true (custom)
2019-09-02 05:34:22,799 [pool-599-thread-1] INFO  impl.RaftServerImpl (RaftServerImpl.java:start(180)) - 4b74841b-131d-45de-b540-61ea462008ca: start group-6FC154899002
2019-09-02 05:34:22,799 [pool-609-thread-1] INFO  server.RaftServerConfigKeys (ConfUtils.java:logGet(43)) - raft.server.snapshot.auto.trigger.threshold = 10000 (custom)
2019-09-02 05:34:22,800 [pool-599-thread-1] INFO  impl.RaftServerImpl (RaftServerImpl.java:setRole(171)) - 4b74841b-131d-45de-b540-61ea462008ca:group-6FC154899002 changes role from null to FOLLOWER at term 0 for startAsFollower
2019-09-02 05:34:22,800 [pool-609-thread-1] INFO  server.RaftServerConfigKeys (ConfUtils.java:logGet(43)) - raft.server.retrycache.expirytime = 600000ms (custom)
2019-09-02 05:34:22,800 [pool-599-thread-1] INFO  impl.RoleInfo (RoleInfo.java:updateAndGet(143)) - 4b74841b-131d-45de-b540-61ea462008ca: start FollowerState
2019-09-02 05:34:22,800 [pool-609-thread-1] INFO  impl.RaftServerImpl (RaftServerImpl.java:start(180)) - 569e1e03-ab21-4bfc-b714-2486d4e9a65b: start group-6FC154899002
2019-09-02 05:34:22,800 [pool-609-thread-1] INFO  impl.RaftServerImpl (RaftServerImpl.java:setRole(171)) - 569e1e03-ab21-4bfc-b714-2486d4e9a65b:group-6FC154899002 changes role from null to FOLLOWER at term 0 for startAsFollower
2019-09-02 05:34:22,800 [pool-599-thread-1] INFO  util.JmxRegister (JmxRegister.java:tryRegister(44)) - Successfully registered JMX Bean with object name Ratis:service=RaftServer,group=group-6FC154899002,id=4b74841b-131d-45de-b540-61ea462008ca
2019-09-02 05:34:22,800 [pool-609-thread-1] INFO  impl.RoleInfo (RoleInfo.java:updateAndGet(143)) - 569e1e03-ab21-4bfc-b714-2486d4e9a65b: start FollowerState
2019-09-02 05:34:22,801 [pool-609-thread-1] INFO  util.JmxRegister (JmxRegister.java:tryRegister(44)) - Successfully registered JMX Bean with object name Ratis:service=RaftServer,group=group-6FC154899002,id=569e1e03-ab21-4bfc-b714-2486d4e9a65b
2019-09-02 05:34:22,804 [RatisPipelineUtilsThread] INFO  pipeline.PipelineStateManager (PipelineStateManager.java:addPipeline(56)) - Created pipeline Pipeline[ Id: 0388dd07-ba13-4d95-9ff7-6fc154899002, Nodes: 569e1e03-ab21-4bfc-b714-2486d4e9a65b{ip: 192.168.36.97, host: trunk-nightly-20190902-fsht6-3309735379, networkLocation: /default-rack, certSerialId: null}1199f808-5b20-429e-aaf6-04ba4f0b7453{ip: 192.168.36.97, host: trunk-nightly-20190902-fsht6-3309735379, networkLocation: /default-rack, certSerialId: null}4b74841b-131d-45de-b540-61ea462008ca{ip: 192.168.36.97, host: trunk-nightly-20190902-fsht6-3309735379, networkLocation: /default-rack, certSerialId: null}, Type:RATIS, Factor:THREE, State:OPEN]
2019-09-02 05:34:22,874 [IPC Server handler 6 on 42525] INFO  net.NetworkTopology (NetworkTopologyImpl.java:add(110)) - Added a new node: /default-rack/b7498dab-5b1e-417f-890a-ce82d5efae9c
2019-09-02 05:34:22,874 [IPC Server handler 6 on 42525] INFO  node.SCMNodeManager (SCMNodeManager.java:register(266)) - Registered Data node : b7498dab-5b1e-417f-890a-ce82d5efae9c{ip: 192.168.36.97, host: trunk-nightly-20190902-fsht6-3309735379, networkLocation: /default-rack, certSerialId: null}
2019-09-02 05:34:22,881 [grpc-default-executor-8] INFO  impl.RaftServerProxy (RaftServerProxy.java:addNew(89)) - b7498dab-5b1e-417f-890a-ce82d5efae9c: addNew group-436B101A440B:[b7498dab-5b1e-417f-890a-ce82d5efae9c:192.168.36.97:37478] returns group-436B101A440B:java.util.concurrent.CompletableFuture@111dce1a[Not completed]
2019-09-02 05:34:22,883 [pool-629-thread-1] INFO  impl.RaftServerImpl (RaftServerImpl.java:<init>(93)) - b7498dab-5b1e-417f-890a-ce82d5efae9c: new RaftServerImpl for group-436B101A440B:[b7498dab-5b1e-417f-890a-ce82d5efae9c:192.168.36.97:37478] with ContainerStateMachine:uninitialized
2019-09-02 05:34:22,883 [pool-629-thread-1] INFO  server.RaftServerConfigKeys (ConfUtils.java:logGet(43)) - raft.server.rpc.timeout.min = 5s (custom)
2019-09-02 05:34:22,883 [pool-629-thread-1] INFO  server.RaftServerConfigKeys (ConfUtils.java:logGet(43)) - raft.server.rpc.timeout.max = 5200ms (custom)
2019-09-02 05:34:22,883 [pool-629-thread-1] INFO  server.RaftServerConfigKeys (ConfUtils.java:logGet(43)) - raft.server.rpcslowness.timeout = 120s (custom)
2019-09-02 05:34:22,883 [pool-629-thread-1] INFO  server.RaftServerConfigKeys (ConfUtils.java:logGet(43)) - raft.server.sleep.deviation.threshold = 300 (default)
2019-09-02 05:34:22,884 [pool-629-thread-1] INFO  server.RaftServerConfigKeys (ConfUtils.java:logGet(43)) - raft.server.log.appender.install.snapshot.enabled = false (custom)
2019-09-02 05:34:22,884 [pool-629-thread-1] INFO  impl.RaftServerImpl (ServerState.java:<init>(105)) - b7498dab-5b1e-417f-890a-ce82d5efae9c:group-436B101A440B ConfigurationManager, init=-1: [b7498dab-5b1e-417f-890a-ce82d5efae9c:192.168.36.97:37478], old=null, confs=<EMPTY_MAP>
2019-09-02 05:34:22,884 [pool-629-thread-1] INFO  server.RaftServerConfigKeys (ConfUtils.java:logGet(43)) - raft.server.storage.dir = [/workdir/hadoop-ozone/integration-test/target/test-dir/MiniOzoneClusterImpl-1fbc595b-70b6-44e3-b18f-c16b6617eb44/datanode-4/data/ratis] (custom)
2019-09-02 05:34:22,884 [pool-629-thread-1] INFO  storage.RaftStorageDirectory (RaftStorageDirectory.java:analyzeStorage(246)) - The storage directory /workdir/hadoop-ozone/integration-test/target/test-dir/MiniOzoneClusterImpl-1fbc595b-70b6-44e3-b18f-c16b6617eb44/datanode-4/data/ratis/77161a80-5ba2-42b3-b9a8-436b101a440b does not exist. Creating ...
2019-09-02 05:34:22,906 [pool-629-thread-1] INFO  storage.RaftStorageDirectory (RaftStorageDirectory.java:tryLock(328)) - Lock on /workdir/hadoop-ozone/integration-test/target/test-dir/MiniOzoneClusterImpl-1fbc595b-70b6-44e3-b18f-c16b6617eb44/datanode-4/data/ratis/77161a80-5ba2-42b3-b9a8-436b101a440b/in_use.lock acquired by nodename 22988@trunk-nightly-20190902-fsht6-3309735379
2019-09-02 05:34:22,936 [IPC Server handler 0 on 42525] INFO  net.NetworkTopology (NetworkTopologyImpl.java:add(110)) - Added a new node: /default-rack/d0793bc8-f6b5-41cf-bbcb-211eaf1438ef
2019-09-02 05:34:22,936 [IPC Server handler 0 on 42525] INFO  node.SCMNodeManager (SCMNodeManager.java:register(266)) - Registered Data node : d0793bc8-f6b5-41cf-bbcb-211eaf1438ef{ip: 192.168.36.97, host: trunk-nightly-20190902-fsht6-3309735379, networkLocation: /default-rack, certSerialId: null}
2019-09-02 05:34:22,941 [pool-629-thread-1] INFO  storage.RaftStorage (RaftStorage.java:format(72)) - Storage directory /workdir/hadoop-ozone/integration-test/target/test-dir/MiniOzoneClusterImpl-1fbc595b-70b6-44e3-b18f-c16b6617eb44/datanode-4/data/ratis/77161a80-5ba2-42b3-b9a8-436b101a440b has been successfully formatted.
2019-09-02 05:34:22,941 [pool-629-thread-1] INFO  ratis.ContainerStateMachine (ContainerStateMachine.java:loadSnapshot(227)) - group-436B101A440B: The snapshot info is null. Setting the last applied indexto:(t:0, i:~)
2019-09-02 05:34:22,941 [pool-629-thread-1] INFO  server.RaftServerConfigKeys (ConfUtils.java:logGet(43)) - raft.server.leader.election.timeout = 120s (custom)
2019-09-02 05:34:22,941 [pool-629-thread-1] INFO  server.RaftServerConfigKeys (ConfUtils.java:logGet(43)) - raft.server.log.use.memory = false (default)
2019-09-02 05:34:22,941 [pool-629-thread-1] INFO  server.RaftServerConfigKeys (ConfUtils.java:logGet(43)) - raft.server.log.purge.gap = 1000000 (custom)
2019-09-02 05:34:22,942 [pool-629-thread-1] INFO  server.RaftServerConfigKeys (ConfUtils.java:logGet(43)) - raft.server.log.appender.buffer.byte-limit = 33554432 (custom)
2019-09-02 05:34:22,942 [pool-629-thread-1] INFO  server.RaftServerConfigKeys (ConfUtils.java:logGet(43)) - raft.server.log.segment.size.max = 1048576 (custom)
2019-09-02 05:34:22,942 [pool-629-thread-1] INFO  server.RaftServerConfigKeys (ConfUtils.java:logGet(43)) - raft.server.log.segment.cache.num.max = 2 (custom)
2019-09-02 05:34:22,942 [pool-629-thread-1] INFO  segmented.SegmentedRaftLogWorker (SegmentedRaftLogWorker.java:<init>(172)) - new b7498dab-5b1e-417f-890a-ce82d5efae9c-SegmentedRaftLogWorker:Storage Directory /workdir/hadoop-ozone/integration-test/target/test-dir/MiniOzoneClusterImpl-1fbc595b-70b6-44e3-b18f-c16b6617eb44/datanode-4/data/ratis/77161a80-5ba2-42b3-b9a8-436b101a440b for RaftStorage:Storage Directory /workdir/hadoop-ozone/integration-test/target/test-dir/MiniOzoneClusterImpl-1fbc595b-70b6-44e3-b18f-c16b6617eb44/datanode-4/data/ratis/77161a80-5ba2-42b3-b9a8-436b101a440b
2019-09-02 05:34:22,942 [pool-629-thread-1] INFO  server.RaftServerConfigKeys (ConfUtils.java:logGet(43)) - raft.server.log.queue.byte-limit = 2147483647 (custom)
2019-09-02 05:34:22,942 [pool-629-thread-1] INFO  server.RaftServerConfigKeys (ConfUtils.java:logGet(43)) - raft.server.log.queue.element-limit = 1024 (custom)
2019-09-02 05:34:22,943 [pool-629-thread-1] INFO  server.RaftServerConfigKeys (ConfUtils.java:logGet(43)) - raft.server.log.segment.size.max = 1048576 (custom)
2019-09-02 05:34:22,943 [pool-629-thread-1] INFO  server.RaftServerConfigKeys (ConfUtils.java:logGet(43)) - raft.server.log.preallocated.size = 16384 (custom)
2019-09-02 05:34:22,943 [pool-629-thread-1] INFO  server.RaftServerConfigKeys (ConfUtils.java:logGet(43)) - raft.server.log.write.buffer.size = 33554432 (custom)
2019-09-02 05:34:22,943 [pool-629-thread-1] INFO  server.RaftServerConfigKeys (ConfUtils.java:logGet(43)) - raft.server.log.force.sync.num = 128 (default)
2019-09-02 05:34:22,943 [pool-629-thread-1] INFO  server.RaftServerConfigKeys (ConfUtils.java:logGet(43)) - raft.server.log.statemachine.data.sync = true (default)
2019-09-02 05:34:22,943 [pool-629-thread-1] INFO  server.RaftServerConfigKeys (ConfUtils.java:logGet(43)) - raft.server.log.statemachine.data.sync.timeout = 10s (default)
2019-09-02 05:34:22,944 [pool-629-thread-1] INFO  server.RaftServerConfigKeys (ConfUtils.java:logGet(43)) - raft.server.log.statemachine.data.sync.timeout.retry = -1 (default)
2019-09-02 05:34:22,944 [pool-629-thread-1] INFO  server.RaftServerConfigKeys (ConfUtils.java:logGet(43)) - raft.server.log.statemachine.data.caching.enabled = true (custom)
2019-09-02 05:34:22,944 [pool-629-thread-1] INFO  segmented.SegmentedRaftLogWorker (SegmentedRaftLogWorker.java:lambda$new$0(132)) - b7498dab-5b1e-417f-890a-ce82d5efae9c-SegmentedRaftLogWorker:Storage Directory /workdir/hadoop-ozone/integration-test/target/test-dir/MiniOzoneClusterImpl-1fbc595b-70b6-44e3-b18f-c16b6617eb44/datanode-4/data/ratis/77161a80-5ba2-42b3-b9a8-436b101a440b: flushIndex: setUnconditionally 0 -> -1
2019-09-02 05:34:22,945 [pool-629-thread-1] INFO  server.RaftServerConfigKeys (ConfUtils.java:logGet(43)) - raft.server.snapshot.auto.trigger.enabled = true (custom)
2019-09-02 05:34:22,945 [pool-629-thread-1] INFO  server.RaftServerConfigKeys (ConfUtils.java:logGet(43)) - raft.server.snapshot.auto.trigger.threshold = 10000 (custom)
2019-09-02 05:34:22,945 [pool-629-thread-1] INFO  server.RaftServerConfigKeys (ConfUtils.java:logGet(43)) - raft.server.retrycache.expirytime = 600000ms (custom)
2019-09-02 05:34:22,945 [pool-629-thread-1] INFO  impl.RaftServerImpl (RaftServerImpl.java:start(180)) - b7498dab-5b1e-417f-890a-ce82d5efae9c: start group-436B101A440B
2019-09-02 05:34:22,945 [pool-629-thread-1] INFO  impl.RaftServerImpl (RaftServerImpl.java:setRole(171)) - b7498dab-5b1e-417f-890a-ce82d5efae9c:group-436B101A440B changes role from null to FOLLOWER at term 0 for startAsFollower
2019-09-02 05:34:22,946 [pool-629-thread-1] INFO  impl.RoleInfo (RoleInfo.java:updateAndGet(143)) - b7498dab-5b1e-417f-890a-ce82d5efae9c: start FollowerState
2019-09-02 05:34:22,956 [pool-629-thread-1] INFO  util.JmxRegister (JmxRegister.java:tryRegister(44)) - Successfully registered JMX Bean with object name Ratis:service=RaftServer,group=group-436B101A440B,id=b7498dab-5b1e-417f-890a-ce82d5efae9c
2019-09-02 05:34:22,966 [RatisPipelineUtilsThread] INFO  pipeline.PipelineStateManager (PipelineStateManager.java:addPipeline(56)) - Created pipeline Pipeline[ Id: 77161a80-5ba2-42b3-b9a8-436b101a440b, Nodes: b7498dab-5b1e-417f-890a-ce82d5efae9c{ip: 192.168.36.97, host: trunk-nightly-20190902-fsht6-3309735379, networkLocation: /default-rack, certSerialId: null}, Type:RATIS, Factor:ONE, State:OPEN]
2019-09-02 05:34:22,980 [grpc-default-executor-8] INFO  impl.RaftServerProxy (RaftServerProxy.java:addNew(89)) - d0793bc8-f6b5-41cf-bbcb-211eaf1438ef: addNew group-5D07124EC605:[d0793bc8-f6b5-41cf-bbcb-211eaf1438ef:192.168.36.97:45697] returns group-5D07124EC605:java.util.concurrent.CompletableFuture@758bc897[Not completed]
2019-09-02 05:34:22,981 [pool-639-thread-1] INFO  impl.RaftServerImpl (RaftServerImpl.java:<init>(93)) - d0793bc8-f6b5-41cf-bbcb-211eaf1438ef: new RaftServerImpl for group-5D07124EC605:[d0793bc8-f6b5-41cf-bbcb-211eaf1438ef:192.168.36.97:45697] with ContainerStateMachine:uninitialized
2019-09-02 05:34:22,982 [pool-639-thread-1] INFO  server.RaftServerConfigKeys (ConfUtils.java:logGet(43)) - raft.server.rpc.timeout.min = 5s (custom)
2019-09-02 05:34:22,982 [pool-639-thread-1] INFO  server.RaftServerConfigKeys (ConfUtils.java:logGet(43)) - raft.server.rpc.timeout.max = 5200ms (custom)
2019-09-02 05:34:22,982 [pool-639-thread-1] INFO  server.RaftServerConfigKeys (ConfUtils.java:logGet(43)) - raft.server.rpcslowness.timeout = 120s (custom)
2019-09-02 05:34:22,982 [pool-639-thread-1] INFO  server.RaftServerConfigKeys (ConfUtils.java:logGet(43)) - raft.server.sleep.deviation.threshold = 300 (default)
2019-09-02 05:34:22,982 [pool-639-thread-1] INFO  server.RaftServerConfigKeys (ConfUtils.java:logGet(43)) - raft.server.log.appender.install.snapshot.enabled = false (custom)
2019-09-02 05:34:22,982 [pool-639-thread-1] INFO  impl.RaftServerImpl (ServerState.java:<init>(105)) - d0793bc8-f6b5-41cf-bbcb-211eaf1438ef:group-5D07124EC605 ConfigurationManager, init=-1: [d0793bc8-f6b5-41cf-bbcb-211eaf1438ef:192.168.36.97:45697], old=null, confs=<EMPTY_MAP>
2019-09-02 05:34:22,983 [pool-639-thread-1] INFO  server.RaftServerConfigKeys (ConfUtils.java:logGet(43)) - raft.server.storage.dir = [/workdir/hadoop-ozone/integration-test/target/test-dir/MiniOzoneClusterImpl-1fbc595b-70b6-44e3-b18f-c16b6617eb44/datanode-5/data/ratis] (custom)
2019-09-02 05:34:22,983 [pool-639-thread-1] INFO  storage.RaftStorageDirectory (RaftStorageDirectory.java:analyzeStorage(246)) - The storage directory /workdir/hadoop-ozone/integration-test/target/test-dir/MiniOzoneClusterImpl-1fbc595b-70b6-44e3-b18f-c16b6617eb44/datanode-5/data/ratis/c18101aa-3fa6-41b5-bbb1-5d07124ec605 does not exist. Creating ...
2019-09-02 05:34:22,995 [main] INFO  ozone.MiniOzoneClusterImpl (MiniOzoneClusterImpl.java:lambda$waitForClusterToBeReady$0(140)) - Waiting for cluster to be ready. Got 6 of 7 DN Heartbeats.
2019-09-02 05:34:22,995 [IPC Server handler 1 on 42525] INFO  net.NetworkTopology (NetworkTopologyImpl.java:add(110)) - Added a new node: /default-rack/61b655a0-f2c1-4cf2-bf18-a6aadfe6ba94
2019-09-02 05:34:22,996 [IPC Server handler 1 on 42525] INFO  node.SCMNodeManager (SCMNodeManager.java:register(266)) - Registered Data node : 61b655a0-f2c1-4cf2-bf18-a6aadfe6ba94{ip: 192.168.36.97, host: trunk-nightly-20190902-fsht6-3309735379, networkLocation: /default-rack, certSerialId: null}
2019-09-02 05:34:23,001 [pool-639-thread-1] INFO  storage.RaftStorageDirectory (RaftStorageDirectory.java:tryLock(328)) - Lock on /workdir/hadoop-ozone/integration-test/target/test-dir/MiniOzoneClusterImpl-1fbc595b-70b6-44e3-b18f-c16b6617eb44/datanode-5/data/ratis/c18101aa-3fa6-41b5-bbb1-5d07124ec605/in_use.lock acquired by nodename 22988@trunk-nightly-20190902-fsht6-3309735379
2019-09-02 05:34:23,014 [pool-639-thread-1] INFO  storage.RaftStorage (RaftStorage.java:format(72)) - Storage directory /workdir/hadoop-ozone/integration-test/target/test-dir/MiniOzoneClusterImpl-1fbc595b-70b6-44e3-b18f-c16b6617eb44/datanode-5/data/ratis/c18101aa-3fa6-41b5-bbb1-5d07124ec605 has been successfully formatted.
2019-09-02 05:34:23,014 [pool-639-thread-1] INFO  ratis.ContainerStateMachine (ContainerStateMachine.java:loadSnapshot(227)) - group-5D07124EC605: The snapshot info is null. Setting the last applied indexto:(t:0, i:~)
2019-09-02 05:34:23,015 [pool-639-thread-1] INFO  server.RaftServerConfigKeys (ConfUtils.java:logGet(43)) - raft.server.leader.election.timeout = 120s (custom)
2019-09-02 05:34:23,015 [pool-639-thread-1] INFO  server.RaftServerConfigKeys (ConfUtils.java:logGet(43)) - raft.server.log.use.memory = false (default)
2019-09-02 05:34:23,015 [pool-639-thread-1] INFO  server.RaftServerConfigKeys (ConfUtils.java:logGet(43)) - raft.server.log.purge.gap = 1000000 (custom)
2019-09-02 05:34:23,015 [pool-639-thread-1] INFO  server.RaftServerConfigKeys (ConfUtils.java:logGet(43)) - raft.server.log.appender.buffer.byte-limit = 33554432 (custom)
2019-09-02 05:34:23,015 [pool-639-thread-1] INFO  server.RaftServerConfigKeys (ConfUtils.java:logGet(43)) - raft.server.log.segment.size.max = 1048576 (custom)
2019-09-02 05:34:23,015 [pool-639-thread-1] INFO  server.RaftServerConfigKeys (ConfUtils.java:logGet(43)) - raft.server.log.segment.cache.num.max = 2 (custom)
2019-09-02 05:34:23,016 [pool-639-thread-1] INFO  segmented.SegmentedRaftLogWorker (SegmentedRaftLogWorker.java:<init>(172)) - new d0793bc8-f6b5-41cf-bbcb-211eaf1438ef-SegmentedRaftLogWorker:Storage Directory /workdir/hadoop-ozone/integration-test/target/test-dir/MiniOzoneClusterImpl-1fbc595b-70b6-44e3-b18f-c16b6617eb44/datanode-5/data/ratis/c18101aa-3fa6-41b5-bbb1-5d07124ec605 for RaftStorage:Storage Directory /workdir/hadoop-ozone/integration-test/target/test-dir/MiniOzoneClusterImpl-1fbc595b-70b6-44e3-b18f-c16b6617eb44/datanode-5/data/ratis/c18101aa-3fa6-41b5-bbb1-5d07124ec605
2019-09-02 05:34:23,016 [pool-639-thread-1] INFO  server.RaftServerConfigKeys (ConfUtils.java:logGet(43)) - raft.server.log.queue.byte-limit = 2147483647 (custom)
2019-09-02 05:34:23,016 [pool-639-thread-1] INFO  server.RaftServerConfigKeys (ConfUtils.java:logGet(43)) - raft.server.log.queue.element-limit = 1024 (custom)
2019-09-02 05:34:23,016 [pool-639-thread-1] INFO  server.RaftServerConfigKeys (ConfUtils.java:logGet(43)) - raft.server.log.segment.size.max = 1048576 (custom)
2019-09-02 05:34:23,016 [pool-639-thread-1] INFO  server.RaftServerConfigKeys (ConfUtils.java:logGet(43)) - raft.server.log.preallocated.size = 16384 (custom)
2019-09-02 05:34:23,017 [pool-639-thread-1] INFO  server.RaftServerConfigKeys (ConfUtils.java:logGet(43)) - raft.server.log.write.buffer.size = 33554432 (custom)
2019-09-02 05:34:23,017 [pool-639-thread-1] INFO  server.RaftServerConfigKeys (ConfUtils.java:logGet(43)) - raft.server.log.force.sync.num = 128 (default)
2019-09-02 05:34:23,017 [pool-639-thread-1] INFO  server.RaftServerConfigKeys (ConfUtils.java:logGet(43)) - raft.server.log.statemachine.data.sync = true (default)
2019-09-02 05:34:23,017 [pool-639-thread-1] INFO  server.RaftServerConfigKeys (ConfUtils.java:logGet(43)) - raft.server.log.statemachine.data.sync.timeout = 10s (default)
2019-09-02 05:34:23,017 [pool-639-thread-1] INFO  server.RaftServerConfigKeys (ConfUtils.java:logGet(43)) - raft.server.log.statemachine.data.sync.timeout.retry = -1 (default)
2019-09-02 05:34:23,018 [pool-639-thread-1] INFO  server.RaftServerConfigKeys (ConfUtils.java:logGet(43)) - raft.server.log.statemachine.data.caching.enabled = true (custom)
2019-09-02 05:34:23,018 [pool-639-thread-1] INFO  segmented.SegmentedRaftLogWorker (SegmentedRaftLogWorker.java:lambda$new$0(132)) - d0793bc8-f6b5-41cf-bbcb-211eaf1438ef-SegmentedRaftLogWorker:Storage Directory /workdir/hadoop-ozone/integration-test/target/test-dir/MiniOzoneClusterImpl-1fbc595b-70b6-44e3-b18f-c16b6617eb44/datanode-5/data/ratis/c18101aa-3fa6-41b5-bbb1-5d07124ec605: flushIndex: setUnconditionally 0 -> -1
2019-09-02 05:34:23,018 [pool-639-thread-1] INFO  server.RaftServerConfigKeys (ConfUtils.java:logGet(43)) - raft.server.snapshot.auto.trigger.enabled = true (custom)
2019-09-02 05:34:23,019 [pool-639-thread-1] INFO  server.RaftServerConfigKeys (ConfUtils.java:logGet(43)) - raft.server.snapshot.auto.trigger.threshold = 10000 (custom)
2019-09-02 05:34:23,019 [pool-639-thread-1] INFO  server.RaftServerConfigKeys (ConfUtils.java:logGet(43)) - raft.server.retrycache.expirytime = 600000ms (custom)
2019-09-02 05:34:23,019 [pool-639-thread-1] INFO  impl.RaftServerImpl (RaftServerImpl.java:start(180)) - d0793bc8-f6b5-41cf-bbcb-211eaf1438ef: start group-5D07124EC605
2019-09-02 05:34:23,019 [pool-639-thread-1] INFO  impl.RaftServerImpl (RaftServerImpl.java:setRole(171)) - d0793bc8-f6b5-41cf-bbcb-211eaf1438ef:group-5D07124EC605 changes role from null to FOLLOWER at term 0 for startAsFollower
2019-09-02 05:34:23,019 [pool-639-thread-1] INFO  impl.RoleInfo (RoleInfo.java:updateAndGet(143)) - d0793bc8-f6b5-41cf-bbcb-211eaf1438ef: start FollowerState
2019-09-02 05:34:23,020 [pool-639-thread-1] INFO  util.JmxRegister (JmxRegister.java:tryRegister(44)) - Successfully registered JMX Bean with object name Ratis:service=RaftServer,group=group-5D07124EC605,id=d0793bc8-f6b5-41cf-bbcb-211eaf1438ef
2019-09-02 05:34:23,022 [RatisPipelineUtilsThread] INFO  pipeline.PipelineStateManager (PipelineStateManager.java:addPipeline(56)) - Created pipeline Pipeline[ Id: c18101aa-3fa6-41b5-bbb1-5d07124ec605, Nodes: d0793bc8-f6b5-41cf-bbcb-211eaf1438ef{ip: 192.168.36.97, host: trunk-nightly-20190902-fsht6-3309735379, networkLocation: /default-rack, certSerialId: null}, Type:RATIS, Factor:ONE, State:OPEN]
2019-09-02 05:34:23,032 [grpc-default-executor-8] INFO  impl.RaftServerProxy (RaftServerProxy.java:addNew(89)) - 61b655a0-f2c1-4cf2-bf18-a6aadfe6ba94: addNew group-734CA68C3F8B:[61b655a0-f2c1-4cf2-bf18-a6aadfe6ba94:192.168.36.97:34887] returns group-734CA68C3F8B:java.util.concurrent.CompletableFuture@1a9d9814[Not completed]
2019-09-02 05:34:23,034 [pool-649-thread-1] INFO  impl.RaftServerImpl (RaftServerImpl.java:<init>(93)) - 61b655a0-f2c1-4cf2-bf18-a6aadfe6ba94: new RaftServerImpl for group-734CA68C3F8B:[61b655a0-f2c1-4cf2-bf18-a6aadfe6ba94:192.168.36.97:34887] with ContainerStateMachine:uninitialized
2019-09-02 05:34:23,034 [pool-649-thread-1] INFO  server.RaftServerConfigKeys (ConfUtils.java:logGet(43)) - raft.server.rpc.timeout.min = 5s (custom)
2019-09-02 05:34:23,034 [pool-649-thread-1] INFO  server.RaftServerConfigKeys (ConfUtils.java:logGet(43)) - raft.server.rpc.timeout.max = 5200ms (custom)
2019-09-02 05:34:23,034 [pool-649-thread-1] INFO  server.RaftServerConfigKeys (ConfUtils.java:logGet(43)) - raft.server.rpcslowness.timeout = 120s (custom)
2019-09-02 05:34:23,034 [pool-649-thread-1] INFO  server.RaftServerConfigKeys (ConfUtils.java:logGet(43)) - raft.server.sleep.deviation.threshold = 300 (default)
2019-09-02 05:34:23,034 [pool-649-thread-1] INFO  server.RaftServerConfigKeys (ConfUtils.java:logGet(43)) - raft.server.log.appender.install.snapshot.enabled = false (custom)
2019-09-02 05:34:23,034 [pool-649-thread-1] INFO  impl.RaftServerImpl (ServerState.java:<init>(105)) - 61b655a0-f2c1-4cf2-bf18-a6aadfe6ba94:group-734CA68C3F8B ConfigurationManager, init=-1: [61b655a0-f2c1-4cf2-bf18-a6aadfe6ba94:192.168.36.97:34887], old=null, confs=<EMPTY_MAP>
2019-09-02 05:34:23,035 [pool-649-thread-1] INFO  server.RaftServerConfigKeys (ConfUtils.java:logGet(43)) - raft.server.storage.dir = [/workdir/hadoop-ozone/integration-test/target/test-dir/MiniOzoneClusterImpl-1fbc595b-70b6-44e3-b18f-c16b6617eb44/datanode-6/data/ratis] (custom)
2019-09-02 05:34:23,035 [pool-649-thread-1] INFO  storage.RaftStorageDirectory (RaftStorageDirectory.java:analyzeStorage(246)) - The storage directory /workdir/hadoop-ozone/integration-test/target/test-dir/MiniOzoneClusterImpl-1fbc595b-70b6-44e3-b18f-c16b6617eb44/datanode-6/data/ratis/752660fb-ed6d-4886-81ad-734ca68c3f8b does not exist. Creating ...
2019-09-02 05:34:23,048 [pool-649-thread-1] INFO  storage.RaftStorageDirectory (RaftStorageDirectory.java:tryLock(328)) - Lock on /workdir/hadoop-ozone/integration-test/target/test-dir/MiniOzoneClusterImpl-1fbc595b-70b6-44e3-b18f-c16b6617eb44/datanode-6/data/ratis/752660fb-ed6d-4886-81ad-734ca68c3f8b/in_use.lock acquired by nodename 22988@trunk-nightly-20190902-fsht6-3309735379
2019-09-02 05:34:23,061 [pool-649-thread-1] INFO  storage.RaftStorage (RaftStorage.java:format(72)) - Storage directory /workdir/hadoop-ozone/integration-test/target/test-dir/MiniOzoneClusterImpl-1fbc595b-70b6-44e3-b18f-c16b6617eb44/datanode-6/data/ratis/752660fb-ed6d-4886-81ad-734ca68c3f8b has been successfully formatted.
2019-09-02 05:34:23,062 [pool-649-thread-1] INFO  ratis.ContainerStateMachine (ContainerStateMachine.java:loadSnapshot(227)) - group-734CA68C3F8B: The snapshot info is null. Setting the last applied indexto:(t:0, i:~)
2019-09-02 05:34:23,062 [pool-649-thread-1] INFO  server.RaftServerConfigKeys (ConfUtils.java:logGet(43)) - raft.server.leader.election.timeout = 120s (custom)
2019-09-02 05:34:23,062 [pool-649-thread-1] INFO  server.RaftServerConfigKeys (ConfUtils.java:logGet(43)) - raft.server.log.use.memory = false (default)
2019-09-02 05:34:23,062 [pool-649-thread-1] INFO  server.RaftServerConfigKeys (ConfUtils.java:logGet(43)) - raft.server.log.purge.gap = 1000000 (custom)
2019-09-02 05:34:23,062 [pool-649-thread-1] INFO  server.RaftServerConfigKeys (ConfUtils.java:logGet(43)) - raft.server.log.appender.buffer.byte-limit = 33554432 (custom)
2019-09-02 05:34:23,063 [pool-649-thread-1] INFO  server.RaftServerConfigKeys (ConfUtils.java:logGet(43)) - raft.server.log.segment.size.max = 1048576 (custom)
2019-09-02 05:34:23,063 [pool-649-thread-1] INFO  server.RaftServerConfigKeys (ConfUtils.java:logGet(43)) - raft.server.log.segment.cache.num.max = 2 (custom)
2019-09-02 05:34:23,063 [pool-649-thread-1] INFO  segmented.SegmentedRaftLogWorker (SegmentedRaftLogWorker.java:<init>(172)) - new 61b655a0-f2c1-4cf2-bf18-a6aadfe6ba94-SegmentedRaftLogWorker:Storage Directory /workdir/hadoop-ozone/integration-test/target/test-dir/MiniOzoneClusterImpl-1fbc595b-70b6-44e3-b18f-c16b6617eb44/datanode-6/data/ratis/752660fb-ed6d-4886-81ad-734ca68c3f8b for RaftStorage:Storage Directory /workdir/hadoop-ozone/integration-test/target/test-dir/MiniOzoneClusterImpl-1fbc595b-70b6-44e3-b18f-c16b6617eb44/datanode-6/data/ratis/752660fb-ed6d-4886-81ad-734ca68c3f8b
2019-09-02 05:34:23,063 [pool-649-thread-1] INFO  server.RaftServerConfigKeys (ConfUtils.java:logGet(43)) - raft.server.log.queue.byte-limit = 2147483647 (custom)
2019-09-02 05:34:23,063 [pool-649-thread-1] INFO  server.RaftServerConfigKeys (ConfUtils.java:logGet(43)) - raft.server.log.queue.element-limit = 1024 (custom)
2019-09-02 05:34:23,064 [pool-649-thread-1] INFO  server.RaftServerConfigKeys (ConfUtils.java:logGet(43)) - raft.server.log.segment.size.max = 1048576 (custom)
2019-09-02 05:34:23,064 [pool-649-thread-1] INFO  server.RaftServerConfigKeys (ConfUtils.java:logGet(43)) - raft.server.log.preallocated.size = 16384 (custom)
2019-09-02 05:34:23,064 [pool-649-thread-1] INFO  server.RaftServerConfigKeys (ConfUtils.java:logGet(43)) - raft.server.log.write.buffer.size = 33554432 (custom)
2019-09-02 05:34:23,064 [pool-649-thread-1] INFO  server.RaftServerConfigKeys (ConfUtils.java:logGet(43)) - raft.server.log.force.sync.num = 128 (default)
2019-09-02 05:34:23,064 [pool-649-thread-1] INFO  server.RaftServerConfigKeys (ConfUtils.java:logGet(43)) - raft.server.log.statemachine.data.sync = true (default)
2019-09-02 05:34:23,065 [pool-649-thread-1] INFO  server.RaftServerConfigKeys (ConfUtils.java:logGet(43)) - raft.server.log.statemachine.data.sync.timeout = 10s (default)
2019-09-02 05:34:23,065 [pool-649-thread-1] INFO  server.RaftServerConfigKeys (ConfUtils.java:logGet(43)) - raft.server.log.statemachine.data.sync.timeout.retry = -1 (default)
2019-09-02 05:34:23,065 [pool-649-thread-1] INFO  server.RaftServerConfigKeys (ConfUtils.java:logGet(43)) - raft.server.log.statemachine.data.caching.enabled = true (custom)
2019-09-02 05:34:23,066 [pool-649-thread-1] INFO  segmented.SegmentedRaftLogWorker (SegmentedRaftLogWorker.java:lambda$new$0(132)) - 61b655a0-f2c1-4cf2-bf18-a6aadfe6ba94-SegmentedRaftLogWorker:Storage Directory /workdir/hadoop-ozone/integration-test/target/test-dir/MiniOzoneClusterImpl-1fbc595b-70b6-44e3-b18f-c16b6617eb44/datanode-6/data/ratis/752660fb-ed6d-4886-81ad-734ca68c3f8b: flushIndex: setUnconditionally 0 -> -1
2019-09-02 05:34:23,066 [pool-649-thread-1] INFO  server.RaftServerConfigKeys (ConfUtils.java:logGet(43)) - raft.server.snapshot.auto.trigger.enabled = true (custom)
2019-09-02 05:34:23,066 [pool-649-thread-1] INFO  server.RaftServerConfigKeys (ConfUtils.java:logGet(43)) - raft.server.snapshot.auto.trigger.threshold = 10000 (custom)
2019-09-02 05:34:23,066 [pool-649-thread-1] INFO  server.RaftServerConfigKeys (ConfUtils.java:logGet(43)) - raft.server.retrycache.expirytime = 600000ms (custom)
2019-09-02 05:34:23,067 [pool-649-thread-1] INFO  impl.RaftServerImpl (RaftServerImpl.java:start(180)) - 61b655a0-f2c1-4cf2-bf18-a6aadfe6ba94: start group-734CA68C3F8B
2019-09-02 05:34:23,067 [pool-649-thread-1] INFO  impl.RaftServerImpl (RaftServerImpl.java:setRole(171)) - 61b655a0-f2c1-4cf2-bf18-a6aadfe6ba94:group-734CA68C3F8B changes role from null to FOLLOWER at term 0 for startAsFollower
2019-09-02 05:34:23,067 [pool-649-thread-1] INFO  impl.RoleInfo (RoleInfo.java:updateAndGet(143)) - 61b655a0-f2c1-4cf2-bf18-a6aadfe6ba94: start FollowerState
2019-09-02 05:34:23,068 [pool-649-thread-1] INFO  util.JmxRegister (JmxRegister.java:tryRegister(44)) - Successfully registered JMX Bean with object name Ratis:service=RaftServer,group=group-734CA68C3F8B,id=61b655a0-f2c1-4cf2-bf18-a6aadfe6ba94
2019-09-02 05:34:23,070 [RatisPipelineUtilsThread] INFO  pipeline.PipelineStateManager (PipelineStateManager.java:addPipeline(56)) - Created pipeline Pipeline[ Id: 752660fb-ed6d-4886-81ad-734ca68c3f8b, Nodes: 61b655a0-f2c1-4cf2-bf18-a6aadfe6ba94{ip: 192.168.36.97, host: trunk-nightly-20190902-fsht6-3309735379, networkLocation: /default-rack, certSerialId: null}, Type:RATIS, Factor:ONE, State:OPEN]
2019-09-02 05:34:23,080 [grpc-default-executor-8] INFO  impl.RaftServerProxy (RaftServerProxy.java:addNew(89)) - 02e6a447-e4f4-425c-9bcb-7c40088bb9c3: addNew group-D5A8AE991C76:[02e6a447-e4f4-425c-9bcb-7c40088bb9c3:192.168.36.97:42426] returns group-D5A8AE991C76:java.util.concurrent.CompletableFuture@5b07c6f6[Not completed]
2019-09-02 05:34:23,082 [pool-619-thread-1] INFO  impl.RaftServerImpl (RaftServerImpl.java:<init>(93)) - 02e6a447-e4f4-425c-9bcb-7c40088bb9c3: new RaftServerImpl for group-D5A8AE991C76:[02e6a447-e4f4-425c-9bcb-7c40088bb9c3:192.168.36.97:42426] with ContainerStateMachine:uninitialized
2019-09-02 05:34:23,082 [pool-619-thread-1] INFO  server.RaftServerConfigKeys (ConfUtils.java:logGet(43)) - raft.server.rpc.timeout.min = 5s (custom)
2019-09-02 05:34:23,082 [pool-619-thread-1] INFO  server.RaftServerConfigKeys (ConfUtils.java:logGet(43)) - raft.server.rpc.timeout.max = 5200ms (custom)
2019-09-02 05:34:23,082 [pool-619-thread-1] INFO  server.RaftServerConfigKeys (ConfUtils.java:logGet(43)) - raft.server.rpcslowness.timeout = 120s (custom)
2019-09-02 05:34:23,083 [pool-619-thread-1] INFO  server.RaftServerConfigKeys (ConfUtils.java:logGet(43)) - raft.server.sleep.deviation.threshold = 300 (default)
2019-09-02 05:34:23,083 [pool-619-thread-1] INFO  server.RaftServerConfigKeys (ConfUtils.java:logGet(43)) - raft.server.log.appender.install.snapshot.enabled = false (custom)
2019-09-02 05:34:23,083 [pool-619-thread-1] INFO  impl.RaftServerImpl (ServerState.java:<init>(105)) - 02e6a447-e4f4-425c-9bcb-7c40088bb9c3:group-D5A8AE991C76 ConfigurationManager, init=-1: [02e6a447-e4f4-425c-9bcb-7c40088bb9c3:192.168.36.97:42426], old=null, confs=<EMPTY_MAP>
2019-09-02 05:34:23,083 [pool-619-thread-1] INFO  server.RaftServerConfigKeys (ConfUtils.java:logGet(43)) - raft.server.storage.dir = [/workdir/hadoop-ozone/integration-test/target/test-dir/MiniOzoneClusterImpl-1fbc595b-70b6-44e3-b18f-c16b6617eb44/datanode-3/data/ratis] (custom)
2019-09-02 05:34:23,084 [pool-619-thread-1] INFO  storage.RaftStorageDirectory (RaftStorageDirectory.java:analyzeStorage(246)) - The storage directory /workdir/hadoop-ozone/integration-test/target/test-dir/MiniOzoneClusterImpl-1fbc595b-70b6-44e3-b18f-c16b6617eb44/datanode-3/data/ratis/be7e8634-9619-4390-a792-d5a8ae991c76 does not exist. Creating ...
2019-09-02 05:34:23,103 [pool-619-thread-1] INFO  storage.RaftStorageDirectory (RaftStorageDirectory.java:tryLock(328)) - Lock on /workdir/hadoop-ozone/integration-test/target/test-dir/MiniOzoneClusterImpl-1fbc595b-70b6-44e3-b18f-c16b6617eb44/datanode-3/data/ratis/be7e8634-9619-4390-a792-d5a8ae991c76/in_use.lock acquired by nodename 22988@trunk-nightly-20190902-fsht6-3309735379
2019-09-02 05:34:23,122 [pool-619-thread-1] INFO  storage.RaftStorage (RaftStorage.java:format(72)) - Storage directory /workdir/hadoop-ozone/integration-test/target/test-dir/MiniOzoneClusterImpl-1fbc595b-70b6-44e3-b18f-c16b6617eb44/datanode-3/data/ratis/be7e8634-9619-4390-a792-d5a8ae991c76 has been successfully formatted.
2019-09-02 05:34:23,123 [pool-619-thread-1] INFO  ratis.ContainerStateMachine (ContainerStateMachine.java:loadSnapshot(227)) - group-D5A8AE991C76: The snapshot info is null. Setting the last applied indexto:(t:0, i:~)
2019-09-02 05:34:23,123 [pool-619-thread-1] INFO  server.RaftServerConfigKeys (ConfUtils.java:logGet(43)) - raft.server.leader.election.timeout = 120s (custom)
2019-09-02 05:34:23,123 [pool-619-thread-1] INFO  server.RaftServerConfigKeys (ConfUtils.java:logGet(43)) - raft.server.log.use.memory = false (default)
2019-09-02 05:34:23,124 [pool-619-thread-1] INFO  server.RaftServerConfigKeys (ConfUtils.java:logGet(43)) - raft.server.log.purge.gap = 1000000 (custom)
2019-09-02 05:34:23,124 [pool-619-thread-1] INFO  server.RaftServerConfigKeys (ConfUtils.java:logGet(43)) - raft.server.log.appender.buffer.byte-limit = 33554432 (custom)
2019-09-02 05:34:23,124 [pool-619-thread-1] INFO  server.RaftServerConfigKeys (ConfUtils.java:logGet(43)) - raft.server.log.segment.size.max = 1048576 (custom)
2019-09-02 05:34:23,124 [pool-619-thread-1] INFO  server.RaftServerConfigKeys (ConfUtils.java:logGet(43)) - raft.server.log.segment.cache.num.max = 2 (custom)
2019-09-02 05:34:23,124 [pool-619-thread-1] INFO  segmented.SegmentedRaftLogWorker (SegmentedRaftLogWorker.java:<init>(172)) - new 02e6a447-e4f4-425c-9bcb-7c40088bb9c3-SegmentedRaftLogWorker:Storage Directory /workdir/hadoop-ozone/integration-test/target/test-dir/MiniOzoneClusterImpl-1fbc595b-70b6-44e3-b18f-c16b6617eb44/datanode-3/data/ratis/be7e8634-9619-4390-a792-d5a8ae991c76 for RaftStorage:Storage Directory /workdir/hadoop-ozone/integration-test/target/test-dir/MiniOzoneClusterImpl-1fbc595b-70b6-44e3-b18f-c16b6617eb44/datanode-3/data/ratis/be7e8634-9619-4390-a792-d5a8ae991c76
2019-09-02 05:34:23,125 [pool-619-thread-1] INFO  server.RaftServerConfigKeys (ConfUtils.java:logGet(43)) - raft.server.log.queue.byte-limit = 2147483647 (custom)
2019-09-02 05:34:23,125 [pool-619-thread-1] INFO  server.RaftServerConfigKeys (ConfUtils.java:logGet(43)) - raft.server.log.queue.element-limit = 1024 (custom)
2019-09-02 05:34:23,125 [pool-619-thread-1] INFO  server.RaftServerConfigKeys (ConfUtils.java:logGet(43)) - raft.server.log.segment.size.max = 1048576 (custom)
2019-09-02 05:34:23,125 [pool-619-thread-1] INFO  server.RaftServerConfigKeys (ConfUtils.java:logGet(43)) - raft.server.log.preallocated.size = 16384 (custom)
2019-09-02 05:34:23,125 [pool-619-thread-1] INFO  server.RaftServerConfigKeys (ConfUtils.java:logGet(43)) - raft.server.log.write.buffer.size = 33554432 (custom)
2019-09-02 05:34:23,126 [pool-619-thread-1] INFO  server.RaftServerConfigKeys (ConfUtils.java:logGet(43)) - raft.server.log.force.sync.num = 128 (default)
2019-09-02 05:34:23,126 [pool-619-thread-1] INFO  server.RaftServerConfigKeys (ConfUtils.java:logGet(43)) - raft.server.log.statemachine.data.sync = true (default)
2019-09-02 05:34:23,126 [pool-619-thread-1] INFO  server.RaftServerConfigKeys (ConfUtils.java:logGet(43)) - raft.server.log.statemachine.data.sync.timeout = 10s (default)
2019-09-02 05:34:23,126 [pool-619-thread-1] INFO  server.RaftServerConfigKeys (ConfUtils.java:logGet(43)) - raft.server.log.statemachine.data.sync.timeout.retry = -1 (default)
2019-09-02 05:34:23,126 [pool-619-thread-1] INFO  server.RaftServerConfigKeys (ConfUtils.java:logGet(43)) - raft.server.log.statemachine.data.caching.enabled = true (custom)
2019-09-02 05:34:23,127 [pool-619-thread-1] INFO  segmented.SegmentedRaftLogWorker (SegmentedRaftLogWorker.java:lambda$new$0(132)) - 02e6a447-e4f4-425c-9bcb-7c40088bb9c3-SegmentedRaftLogWorker:Storage Directory /workdir/hadoop-ozone/integration-test/target/test-dir/MiniOzoneClusterImpl-1fbc595b-70b6-44e3-b18f-c16b6617eb44/datanode-3/data/ratis/be7e8634-9619-4390-a792-d5a8ae991c76: flushIndex: setUnconditionally 0 -> -1
2019-09-02 05:34:23,127 [pool-619-thread-1] INFO  server.RaftServerConfigKeys (ConfUtils.java:logGet(43)) - raft.server.snapshot.auto.trigger.enabled = true (custom)
2019-09-02 05:34:23,127 [pool-619-thread-1] INFO  server.RaftServerConfigKeys (ConfUtils.java:logGet(43)) - raft.server.snapshot.auto.trigger.threshold = 10000 (custom)
2019-09-02 05:34:23,128 [pool-619-thread-1] INFO  server.RaftServerConfigKeys (ConfUtils.java:logGet(43)) - raft.server.retrycache.expirytime = 600000ms (custom)
2019-09-02 05:34:23,128 [pool-619-thread-1] INFO  impl.RaftServerImpl (RaftServerImpl.java:start(180)) - 02e6a447-e4f4-425c-9bcb-7c40088bb9c3: start group-D5A8AE991C76
2019-09-02 05:34:23,128 [pool-619-thread-1] INFO  impl.RaftServerImpl (RaftServerImpl.java:setRole(171)) - 02e6a447-e4f4-425c-9bcb-7c40088bb9c3:group-D5A8AE991C76 changes role from null to FOLLOWER at term 0 for startAsFollower
2019-09-02 05:34:23,128 [pool-619-thread-1] INFO  impl.RoleInfo (RoleInfo.java:updateAndGet(143)) - 02e6a447-e4f4-425c-9bcb-7c40088bb9c3: start FollowerState
2019-09-02 05:34:23,128 [pool-619-thread-1] INFO  util.JmxRegister (JmxRegister.java:tryRegister(44)) - Successfully registered JMX Bean with object name Ratis:service=RaftServer,group=group-D5A8AE991C76,id=02e6a447-e4f4-425c-9bcb-7c40088bb9c3
2019-09-02 05:34:23,131 [RatisPipelineUtilsThread] INFO  pipeline.PipelineStateManager (PipelineStateManager.java:addPipeline(56)) - Created pipeline Pipeline[ Id: be7e8634-9619-4390-a792-d5a8ae991c76, Nodes: 02e6a447-e4f4-425c-9bcb-7c40088bb9c3{ip: 192.168.36.97, host: trunk-nightly-20190902-fsht6-3309735379, networkLocation: /default-rack, certSerialId: null}, Type:RATIS, Factor:ONE, State:OPEN]
2019-09-02 05:34:23,142 [grpc-default-executor-7] INFO  impl.RaftServerProxy (RaftServerProxy.java:addNew(89)) - b7498dab-5b1e-417f-890a-ce82d5efae9c: addNew group-A2B83118B647:[d0793bc8-f6b5-41cf-bbcb-211eaf1438ef:192.168.36.97:45697, 61b655a0-f2c1-4cf2-bf18-a6aadfe6ba94:192.168.36.97:34887, b7498dab-5b1e-417f-890a-ce82d5efae9c:192.168.36.97:37478] returns group-A2B83118B647:java.util.concurrent.CompletableFuture@561142ce[Not completed]
2019-09-02 05:34:23,142 [grpc-default-executor-9] INFO  impl.RaftServerProxy (RaftServerProxy.java:addNew(89)) - 61b655a0-f2c1-4cf2-bf18-a6aadfe6ba94: addNew group-A2B83118B647:[d0793bc8-f6b5-41cf-bbcb-211eaf1438ef:192.168.36.97:45697, 61b655a0-f2c1-4cf2-bf18-a6aadfe6ba94:192.168.36.97:34887, b7498dab-5b1e-417f-890a-ce82d5efae9c:192.168.36.97:37478] returns group-A2B83118B647:java.util.concurrent.CompletableFuture@633bd696[Not completed]
2019-09-02 05:34:23,142 [grpc-default-executor-8] INFO  impl.RaftServerProxy (RaftServerProxy.java:addNew(89)) - d0793bc8-f6b5-41cf-bbcb-211eaf1438ef: addNew group-A2B83118B647:[d0793bc8-f6b5-41cf-bbcb-211eaf1438ef:192.168.36.97:45697, 61b655a0-f2c1-4cf2-bf18-a6aadfe6ba94:192.168.36.97:34887, b7498dab-5b1e-417f-890a-ce82d5efae9c:192.168.36.97:37478] returns group-A2B83118B647:java.util.concurrent.CompletableFuture@5588c58b[Not completed]
2019-09-02 05:34:23,144 [pool-629-thread-1] INFO  impl.RaftServerImpl (RaftServerImpl.java:<init>(93)) - b7498dab-5b1e-417f-890a-ce82d5efae9c: new RaftServerImpl for group-A2B83118B647:[d0793bc8-f6b5-41cf-bbcb-211eaf1438ef:192.168.36.97:45697, 61b655a0-f2c1-4cf2-bf18-a6aadfe6ba94:192.168.36.97:34887, b7498dab-5b1e-417f-890a-ce82d5efae9c:192.168.36.97:37478] with ContainerStateMachine:uninitialized
2019-09-02 05:34:23,144 [pool-629-thread-1] INFO  server.RaftServerConfigKeys (ConfUtils.java:logGet(43)) - raft.server.rpc.timeout.min = 5s (custom)
2019-09-02 05:34:23,144 [pool-629-thread-1] INFO  server.RaftServerConfigKeys (ConfUtils.java:logGet(43)) - raft.server.rpc.timeout.max = 5200ms (custom)
2019-09-02 05:34:23,144 [pool-629-thread-1] INFO  server.RaftServerConfigKeys (ConfUtils.java:logGet(43)) - raft.server.rpcslowness.timeout = 120s (custom)
2019-09-02 05:34:23,144 [pool-629-thread-1] INFO  server.RaftServerConfigKeys (ConfUtils.java:logGet(43)) - raft.server.sleep.deviation.threshold = 300 (default)
2019-09-02 05:34:23,144 [pool-629-thread-1] INFO  server.RaftServerConfigKeys (ConfUtils.java:logGet(43)) - raft.server.log.appender.install.snapshot.enabled = false (custom)
2019-09-02 05:34:23,144 [pool-649-thread-1] INFO  impl.RaftServerImpl (RaftServerImpl.java:<init>(93)) - 61b655a0-f2c1-4cf2-bf18-a6aadfe6ba94: new RaftServerImpl for group-A2B83118B647:[d0793bc8-f6b5-41cf-bbcb-211eaf1438ef:192.168.36.97:45697, 61b655a0-f2c1-4cf2-bf18-a6aadfe6ba94:192.168.36.97:34887, b7498dab-5b1e-417f-890a-ce82d5efae9c:192.168.36.97:37478] with ContainerStateMachine:uninitialized
2019-09-02 05:34:23,144 [pool-629-thread-1] INFO  impl.RaftServerImpl (ServerState.java:<init>(105)) - b7498dab-5b1e-417f-890a-ce82d5efae9c:group-A2B83118B647 ConfigurationManager, init=-1: [d0793bc8-f6b5-41cf-bbcb-211eaf1438ef:192.168.36.97:45697, 61b655a0-f2c1-4cf2-bf18-a6aadfe6ba94:192.168.36.97:34887, b7498dab-5b1e-417f-890a-ce82d5efae9c:192.168.36.97:37478], old=null, confs=<EMPTY_MAP>
2019-09-02 05:34:23,145 [pool-649-thread-1] INFO  server.RaftServerConfigKeys (ConfUtils.java:logGet(43)) - raft.server.rpc.timeout.min = 5s (custom)
2019-09-02 05:34:23,145 [pool-629-thread-1] INFO  server.RaftServerConfigKeys (ConfUtils.java:logGet(43)) - raft.server.storage.dir = [/workdir/hadoop-ozone/integration-test/target/test-dir/MiniOzoneClusterImpl-1fbc595b-70b6-44e3-b18f-c16b6617eb44/datanode-4/data/ratis] (custom)
2019-09-02 05:34:23,145 [pool-639-thread-1] INFO  impl.RaftServerImpl (RaftServerImpl.java:<init>(93)) - d0793bc8-f6b5-41cf-bbcb-211eaf1438ef: new RaftServerImpl for group-A2B83118B647:[d0793bc8-f6b5-41cf-bbcb-211eaf1438ef:192.168.36.97:45697, 61b655a0-f2c1-4cf2-bf18-a6aadfe6ba94:192.168.36.97:34887, b7498dab-5b1e-417f-890a-ce82d5efae9c:192.168.36.97:37478] with ContainerStateMachine:uninitialized
2019-09-02 05:34:23,145 [pool-649-thread-1] INFO  server.RaftServerConfigKeys (ConfUtils.java:logGet(43)) - raft.server.rpc.timeout.max = 5200ms (custom)
2019-09-02 05:34:23,145 [pool-629-thread-1] INFO  storage.RaftStorageDirectory (RaftStorageDirectory.java:analyzeStorage(246)) - The storage directory /workdir/hadoop-ozone/integration-test/target/test-dir/MiniOzoneClusterImpl-1fbc595b-70b6-44e3-b18f-c16b6617eb44/datanode-4/data/ratis/dd9623b8-60ff-4fe3-bcfd-a2b83118b647 does not exist. Creating ...
2019-09-02 05:34:23,145 [pool-639-thread-1] INFO  server.RaftServerConfigKeys (ConfUtils.java:logGet(43)) - raft.server.rpc.timeout.min = 5s (custom)
2019-09-02 05:34:23,145 [pool-649-thread-1] INFO  server.RaftServerConfigKeys (ConfUtils.java:logGet(43)) - raft.server.rpcslowness.timeout = 120s (custom)
2019-09-02 05:34:23,146 [pool-639-thread-1] INFO  server.RaftServerConfigKeys (ConfUtils.java:logGet(43)) - raft.server.rpc.timeout.max = 5200ms (custom)
2019-09-02 05:34:23,146 [pool-649-thread-1] INFO  server.RaftServerConfigKeys (ConfUtils.java:logGet(43)) - raft.server.sleep.deviation.threshold = 300 (default)
2019-09-02 05:34:23,146 [pool-639-thread-1] INFO  server.RaftServerConfigKeys (ConfUtils.java:logGet(43)) - raft.server.rpcslowness.timeout = 120s (custom)
2019-09-02 05:34:23,146 [pool-649-thread-1] INFO  server.RaftServerConfigKeys (ConfUtils.java:logGet(43)) - raft.server.log.appender.install.snapshot.enabled = false (custom)
2019-09-02 05:34:23,146 [pool-639-thread-1] INFO  server.RaftServerConfigKeys (ConfUtils.java:logGet(43)) - raft.server.sleep.deviation.threshold = 300 (default)
2019-09-02 05:34:23,146 [pool-649-thread-1] INFO  impl.RaftServerImpl (ServerState.java:<init>(105)) - 61b655a0-f2c1-4cf2-bf18-a6aadfe6ba94:group-A2B83118B647 ConfigurationManager, init=-1: [d0793bc8-f6b5-41cf-bbcb-211eaf1438ef:192.168.36.97:45697, 61b655a0-f2c1-4cf2-bf18-a6aadfe6ba94:192.168.36.97:34887, b7498dab-5b1e-417f-890a-ce82d5efae9c:192.168.36.97:37478], old=null, confs=<EMPTY_MAP>
2019-09-02 05:34:23,146 [pool-639-thread-1] INFO  server.RaftServerConfigKeys (ConfUtils.java:logGet(43)) - raft.server.log.appender.install.snapshot.enabled = false (custom)
2019-09-02 05:34:23,147 [pool-649-thread-1] INFO  server.RaftServerConfigKeys (ConfUtils.java:logGet(43)) - raft.server.storage.dir = [/workdir/hadoop-ozone/integration-test/target/test-dir/MiniOzoneClusterImpl-1fbc595b-70b6-44e3-b18f-c16b6617eb44/datanode-6/data/ratis] (custom)
2019-09-02 05:34:23,147 [pool-639-thread-1] INFO  impl.RaftServerImpl (ServerState.java:<init>(105)) - d0793bc8-f6b5-41cf-bbcb-211eaf1438ef:group-A2B83118B647 ConfigurationManager, init=-1: [d0793bc8-f6b5-41cf-bbcb-211eaf1438ef:192.168.36.97:45697, 61b655a0-f2c1-4cf2-bf18-a6aadfe6ba94:192.168.36.97:34887, b7498dab-5b1e-417f-890a-ce82d5efae9c:192.168.36.97:37478], old=null, confs=<EMPTY_MAP>
2019-09-02 05:34:23,147 [pool-639-thread-1] INFO  server.RaftServerConfigKeys (ConfUtils.java:logGet(43)) - raft.server.storage.dir = [/workdir/hadoop-ozone/integration-test/target/test-dir/MiniOzoneClusterImpl-1fbc595b-70b6-44e3-b18f-c16b6617eb44/datanode-5/data/ratis] (custom)
2019-09-02 05:34:23,147 [pool-649-thread-1] INFO  storage.RaftStorageDirectory (RaftStorageDirectory.java:analyzeStorage(246)) - The storage directory /workdir/hadoop-ozone/integration-test/target/test-dir/MiniOzoneClusterImpl-1fbc595b-70b6-44e3-b18f-c16b6617eb44/datanode-6/data/ratis/dd9623b8-60ff-4fe3-bcfd-a2b83118b647 does not exist. Creating ...
2019-09-02 05:34:23,147 [pool-639-thread-1] INFO  storage.RaftStorageDirectory (RaftStorageDirectory.java:analyzeStorage(246)) - The storage directory /workdir/hadoop-ozone/integration-test/target/test-dir/MiniOzoneClusterImpl-1fbc595b-70b6-44e3-b18f-c16b6617eb44/datanode-5/data/ratis/dd9623b8-60ff-4fe3-bcfd-a2b83118b647 does not exist. Creating ...
2019-09-02 05:34:23,159 [pool-629-thread-1] INFO  storage.RaftStorageDirectory (RaftStorageDirectory.java:tryLock(328)) - Lock on /workdir/hadoop-ozone/integration-test/target/test-dir/MiniOzoneClusterImpl-1fbc595b-70b6-44e3-b18f-c16b6617eb44/datanode-4/data/ratis/dd9623b8-60ff-4fe3-bcfd-a2b83118b647/in_use.lock acquired by nodename 22988@trunk-nightly-20190902-fsht6-3309735379
2019-09-02 05:34:23,159 [pool-649-thread-1] INFO  storage.RaftStorageDirectory (RaftStorageDirectory.java:tryLock(328)) - Lock on /workdir/hadoop-ozone/integration-test/target/test-dir/MiniOzoneClusterImpl-1fbc595b-70b6-44e3-b18f-c16b6617eb44/datanode-6/data/ratis/dd9623b8-60ff-4fe3-bcfd-a2b83118b647/in_use.lock acquired by nodename 22988@trunk-nightly-20190902-fsht6-3309735379
2019-09-02 05:34:23,159 [pool-639-thread-1] INFO  storage.RaftStorageDirectory (RaftStorageDirectory.java:tryLock(328)) - Lock on /workdir/hadoop-ozone/integration-test/target/test-dir/MiniOzoneClusterImpl-1fbc595b-70b6-44e3-b18f-c16b6617eb44/datanode-5/data/ratis/dd9623b8-60ff-4fe3-bcfd-a2b83118b647/in_use.lock acquired by nodename 22988@trunk-nightly-20190902-fsht6-3309735379
2019-09-02 05:34:23,195 [pool-639-thread-1] INFO  storage.RaftStorage (RaftStorage.java:format(72)) - Storage directory /workdir/hadoop-ozone/integration-test/target/test-dir/MiniOzoneClusterImpl-1fbc595b-70b6-44e3-b18f-c16b6617eb44/datanode-5/data/ratis/dd9623b8-60ff-4fe3-bcfd-a2b83118b647 has been successfully formatted.
2019-09-02 05:34:23,195 [pool-649-thread-1] INFO  storage.RaftStorage (RaftStorage.java:format(72)) - Storage directory /workdir/hadoop-ozone/integration-test/target/test-dir/MiniOzoneClusterImpl-1fbc595b-70b6-44e3-b18f-c16b6617eb44/datanode-6/data/ratis/dd9623b8-60ff-4fe3-bcfd-a2b83118b647 has been successfully formatted.
2019-09-02 05:34:23,195 [pool-639-thread-1] INFO  ratis.ContainerStateMachine (ContainerStateMachine.java:loadSnapshot(227)) - group-A2B83118B647: The snapshot info is null. Setting the last applied indexto:(t:0, i:~)
2019-09-02 05:34:23,195 [pool-629-thread-1] INFO  storage.RaftStorage (RaftStorage.java:format(72)) - Storage directory /workdir/hadoop-ozone/integration-test/target/test-dir/MiniOzoneClusterImpl-1fbc595b-70b6-44e3-b18f-c16b6617eb44/datanode-4/data/ratis/dd9623b8-60ff-4fe3-bcfd-a2b83118b647 has been successfully formatted.
2019-09-02 05:34:23,195 [pool-649-thread-1] INFO  ratis.ContainerStateMachine (ContainerStateMachine.java:loadSnapshot(227)) - group-A2B83118B647: The snapshot info is null. Setting the last applied indexto:(t:0, i:~)
2019-09-02 05:34:23,195 [pool-639-thread-1] INFO  server.RaftServerConfigKeys (ConfUtils.java:logGet(43)) - raft.server.leader.election.timeout = 120s (custom)
2019-09-02 05:34:23,195 [pool-649-thread-1] INFO  server.RaftServerConfigKeys (ConfUtils.java:logGet(43)) - raft.server.leader.election.timeout = 120s (custom)
2019-09-02 05:34:23,195 [pool-629-thread-1] INFO  ratis.ContainerStateMachine (ContainerStateMachine.java:loadSnapshot(227)) - group-A2B83118B647: The snapshot info is null. Setting the last applied indexto:(t:0, i:~)
2019-09-02 05:34:23,196 [pool-649-thread-1] INFO  server.RaftServerConfigKeys (ConfUtils.java:logGet(43)) - raft.server.log.use.memory = false (default)
2019-09-02 05:34:23,196 [pool-639-thread-1] INFO  server.RaftServerConfigKeys (ConfUtils.java:logGet(43)) - raft.server.log.use.memory = false (default)
2019-09-02 05:34:23,196 [pool-649-thread-1] INFO  server.RaftServerConfigKeys (ConfUtils.java:logGet(43)) - raft.server.log.purge.gap = 1000000 (custom)
2019-09-02 05:34:23,196 [pool-629-thread-1] INFO  server.RaftServerConfigKeys (ConfUtils.java:logGet(43)) - raft.server.leader.election.timeout = 120s (custom)
2019-09-02 05:34:23,196 [pool-649-thread-1] INFO  server.RaftServerConfigKeys (ConfUtils.java:logGet(43)) - raft.server.log.appender.buffer.byte-limit = 33554432 (custom)
2019-09-02 05:34:23,196 [pool-639-thread-1] INFO  server.RaftServerConfigKeys (ConfUtils.java:logGet(43)) - raft.server.log.purge.gap = 1000000 (custom)
2019-09-02 05:34:23,197 [pool-649-thread-1] INFO  server.RaftServerConfigKeys (ConfUtils.java:logGet(43)) - raft.server.log.segment.size.max = 1048576 (custom)
2019-09-02 05:34:23,196 [pool-629-thread-1] INFO  server.RaftServerConfigKeys (ConfUtils.java:logGet(43)) - raft.server.log.use.memory = false (default)
2019-09-02 05:34:23,197 [pool-649-thread-1] INFO  server.RaftServerConfigKeys (ConfUtils.java:logGet(43)) - raft.server.log.segment.cache.num.max = 2 (custom)
2019-09-02 05:34:23,197 [pool-639-thread-1] INFO  server.RaftServerConfigKeys (ConfUtils.java:logGet(43)) - raft.server.log.appender.buffer.byte-limit = 33554432 (custom)
2019-09-02 05:34:23,197 [pool-649-thread-1] INFO  segmented.SegmentedRaftLogWorker (SegmentedRaftLogWorker.java:<init>(172)) - new 61b655a0-f2c1-4cf2-bf18-a6aadfe6ba94-SegmentedRaftLogWorker:Storage Directory /workdir/hadoop-ozone/integration-test/target/test-dir/MiniOzoneClusterImpl-1fbc595b-70b6-44e3-b18f-c16b6617eb44/datanode-6/data/ratis/dd9623b8-60ff-4fe3-bcfd-a2b83118b647 for RaftStorage:Storage Directory /workdir/hadoop-ozone/integration-test/target/test-dir/MiniOzoneClusterImpl-1fbc595b-70b6-44e3-b18f-c16b6617eb44/datanode-6/data/ratis/dd9623b8-60ff-4fe3-bcfd-a2b83118b647
2019-09-02 05:34:23,197 [pool-629-thread-1] INFO  server.RaftServerConfigKeys (ConfUtils.java:logGet(43)) - raft.server.log.purge.gap = 1000000 (custom)
2019-09-02 05:34:23,198 [pool-649-thread-1] INFO  server.RaftServerConfigKeys (ConfUtils.java:logGet(43)) - raft.server.log.queue.byte-limit = 2147483647 (custom)
2019-09-02 05:34:23,197 [pool-639-thread-1] INFO  server.RaftServerConfigKeys (ConfUtils.java:logGet(43)) - raft.server.log.segment.size.max = 1048576 (custom)
2019-09-02 05:34:23,198 [pool-649-thread-1] INFO  server.RaftServerConfigKeys (ConfUtils.java:logGet(43)) - raft.server.log.queue.element-limit = 1024 (custom)
2019-09-02 05:34:23,198 [pool-629-thread-1] INFO  server.RaftServerConfigKeys (ConfUtils.java:logGet(43)) - raft.server.log.appender.buffer.byte-limit = 33554432 (custom)
2019-09-02 05:34:23,198 [pool-649-thread-1] INFO  server.RaftServerConfigKeys (ConfUtils.java:logGet(43)) - raft.server.log.segment.size.max = 1048576 (custom)
2019-09-02 05:34:23,198 [pool-639-thread-1] INFO  server.RaftServerConfigKeys (ConfUtils.java:logGet(43)) - raft.server.log.segment.cache.num.max = 2 (custom)
2019-09-02 05:34:23,198 [pool-649-thread-1] INFO  server.RaftServerConfigKeys (ConfUtils.java:logGet(43)) - raft.server.log.preallocated.size = 16384 (custom)
2019-09-02 05:34:23,198 [pool-629-thread-1] INFO  server.RaftServerConfigKeys (ConfUtils.java:logGet(43)) - raft.server.log.segment.size.max = 1048576 (custom)
2019-09-02 05:34:23,199 [pool-649-thread-1] INFO  server.RaftServerConfigKeys (ConfUtils.java:logGet(43)) - raft.server.log.write.buffer.size = 33554432 (custom)
2019-09-02 05:34:23,199 [pool-639-thread-1] INFO  segmented.SegmentedRaftLogWorker (SegmentedRaftLogWorker.java:<init>(172)) - new d0793bc8-f6b5-41cf-bbcb-211eaf1438ef-SegmentedRaftLogWorker:Storage Directory /workdir/hadoop-ozone/integration-test/target/test-dir/MiniOzoneClusterImpl-1fbc595b-70b6-44e3-b18f-c16b6617eb44/datanode-5/data/ratis/dd9623b8-60ff-4fe3-bcfd-a2b83118b647 for RaftStorage:Storage Directory /workdir/hadoop-ozone/integration-test/target/test-dir/MiniOzoneClusterImpl-1fbc595b-70b6-44e3-b18f-c16b6617eb44/datanode-5/data/ratis/dd9623b8-60ff-4fe3-bcfd-a2b83118b647
2019-09-02 05:34:23,199 [pool-649-thread-1] INFO  server.RaftServerConfigKeys (ConfUtils.java:logGet(43)) - raft.server.log.force.sync.num = 128 (default)
2019-09-02 05:34:23,199 [pool-629-thread-1] INFO  server.RaftServerConfigKeys (ConfUtils.java:logGet(43)) - raft.server.log.segment.cache.num.max = 2 (custom)
2019-09-02 05:34:23,200 [pool-649-thread-1] INFO  server.RaftServerConfigKeys (ConfUtils.java:logGet(43)) - raft.server.log.statemachine.data.sync = true (default)
2019-09-02 05:34:23,199 [pool-639-thread-1] INFO  server.RaftServerConfigKeys (ConfUtils.java:logGet(43)) - raft.server.log.queue.byte-limit = 2147483647 (custom)
2019-09-02 05:34:23,200 [pool-649-thread-1] INFO  server.RaftServerConfigKeys (ConfUtils.java:logGet(43)) - raft.server.log.statemachine.data.sync.timeout = 10s (default)
2019-09-02 05:34:23,200 [pool-629-thread-1] INFO  segmented.SegmentedRaftLogWorker (SegmentedRaftLogWorker.java:<init>(172)) - new b7498dab-5b1e-417f-890a-ce82d5efae9c-SegmentedRaftLogWorker:Storage Directory /workdir/hadoop-ozone/integration-test/target/test-dir/MiniOzoneClusterImpl-1fbc595b-70b6-44e3-b18f-c16b6617eb44/datanode-4/data/ratis/dd9623b8-60ff-4fe3-bcfd-a2b83118b647 for RaftStorage:Storage Directory /workdir/hadoop-ozone/integration-test/target/test-dir/MiniOzoneClusterImpl-1fbc595b-70b6-44e3-b18f-c16b6617eb44/datanode-4/data/ratis/dd9623b8-60ff-4fe3-bcfd-a2b83118b647
2019-09-02 05:34:23,200 [pool-649-thread-1] INFO  server.RaftServerConfigKeys (ConfUtils.java:logGet(43)) - raft.server.log.statemachine.data.sync.timeout.retry = -1 (default)
2019-09-02 05:34:23,200 [pool-639-thread-1] INFO  server.RaftServerConfigKeys (ConfUtils.java:logGet(43)) - raft.server.log.queue.element-limit = 1024 (custom)
2019-09-02 05:34:23,201 [pool-649-thread-1] INFO  server.RaftServerConfigKeys (ConfUtils.java:logGet(43)) - raft.server.log.statemachine.data.caching.enabled = true (custom)
2019-09-02 05:34:23,200 [pool-629-thread-1] INFO  server.RaftServerConfigKeys (ConfUtils.java:logGet(43)) - raft.server.log.queue.byte-limit = 2147483647 (custom)
2019-09-02 05:34:23,201 [pool-639-thread-1] INFO  server.RaftServerConfigKeys (ConfUtils.java:logGet(43)) - raft.server.log.segment.size.max = 1048576 (custom)
2019-09-02 05:34:23,201 [pool-649-thread-1] INFO  segmented.SegmentedRaftLogWorker (SegmentedRaftLogWorker.java:lambda$new$0(132)) - 61b655a0-f2c1-4cf2-bf18-a6aadfe6ba94-SegmentedRaftLogWorker:Storage Directory /workdir/hadoop-ozone/integration-test/target/test-dir/MiniOzoneClusterImpl-1fbc595b-70b6-44e3-b18f-c16b6617eb44/datanode-6/data/ratis/dd9623b8-60ff-4fe3-bcfd-a2b83118b647: flushIndex: setUnconditionally 0 -> -1
2019-09-02 05:34:23,201 [pool-629-thread-1] INFO  server.RaftServerConfigKeys (ConfUtils.java:logGet(43)) - raft.server.log.queue.element-limit = 1024 (custom)
2019-09-02 05:34:23,201 [pool-639-thread-1] INFO  server.RaftServerConfigKeys (ConfUtils.java:logGet(43)) - raft.server.log.preallocated.size = 16384 (custom)
2019-09-02 05:34:23,202 [pool-629-thread-1] INFO  server.RaftServerConfigKeys (ConfUtils.java:logGet(43)) - raft.server.log.segment.size.max = 1048576 (custom)
2019-09-02 05:34:23,202 [pool-649-thread-1] INFO  server.RaftServerConfigKeys (ConfUtils.java:logGet(43)) - raft.server.snapshot.auto.trigger.enabled = true (custom)
2019-09-02 05:34:23,202 [pool-639-thread-1] INFO  server.RaftServerConfigKeys (ConfUtils.java:logGet(43)) - raft.server.log.write.buffer.size = 33554432 (custom)
2019-09-02 05:34:23,202 [pool-649-thread-1] INFO  server.RaftServerConfigKeys (ConfUtils.java:logGet(43)) - raft.server.snapshot.auto.trigger.threshold = 10000 (custom)
2019-09-02 05:34:23,202 [pool-629-thread-1] INFO  server.RaftServerConfigKeys (ConfUtils.java:logGet(43)) - raft.server.log.preallocated.size = 16384 (custom)
2019-09-02 05:34:23,202 [pool-649-thread-1] INFO  server.RaftServerConfigKeys (ConfUtils.java:logGet(43)) - raft.server.retrycache.expirytime = 600000ms (custom)
2019-09-02 05:34:23,202 [pool-639-thread-1] INFO  server.RaftServerConfigKeys (ConfUtils.java:logGet(43)) - raft.server.log.force.sync.num = 128 (default)
2019-09-02 05:34:23,203 [pool-649-thread-1] INFO  impl.RaftServerImpl (RaftServerImpl.java:start(180)) - 61b655a0-f2c1-4cf2-bf18-a6aadfe6ba94: start group-A2B83118B647
2019-09-02 05:34:23,203 [pool-649-thread-1] INFO  impl.RaftServerImpl (RaftServerImpl.java:setRole(171)) - 61b655a0-f2c1-4cf2-bf18-a6aadfe6ba94:group-A2B83118B647 changes role from null to FOLLOWER at term 0 for startAsFollower
2019-09-02 05:34:23,203 [pool-629-thread-1] INFO  server.RaftServerConfigKeys (ConfUtils.java:logGet(43)) - raft.server.log.write.buffer.size = 33554432 (custom)
2019-09-02 05:34:23,203 [pool-649-thread-1] INFO  impl.RoleInfo (RoleInfo.java:updateAndGet(143)) - 61b655a0-f2c1-4cf2-bf18-a6aadfe6ba94: start FollowerState
2019-09-02 05:34:23,203 [pool-639-thread-1] INFO  server.RaftServerConfigKeys (ConfUtils.java:logGet(43)) - raft.server.log.statemachine.data.sync = true (default)
2019-09-02 05:34:23,203 [pool-629-thread-1] INFO  server.RaftServerConfigKeys (ConfUtils.java:logGet(43)) - raft.server.log.force.sync.num = 128 (default)
2019-09-02 05:34:23,204 [pool-639-thread-1] INFO  server.RaftServerConfigKeys (ConfUtils.java:logGet(43)) - raft.server.log.statemachine.data.sync.timeout = 10s (default)
2019-09-02 05:34:23,204 [pool-629-thread-1] INFO  server.RaftServerConfigKeys (ConfUtils.java:logGet(43)) - raft.server.log.statemachine.data.sync = true (default)
2019-09-02 05:34:23,204 [pool-649-thread-1] INFO  util.JmxRegister (JmxRegister.java:tryRegister(44)) - Successfully registered JMX Bean with object name Ratis:service=RaftServer,group=group-A2B83118B647,id=61b655a0-f2c1-4cf2-bf18-a6aadfe6ba94
2019-09-02 05:34:23,204 [pool-629-thread-1] INFO  server.RaftServerConfigKeys (ConfUtils.java:logGet(43)) - raft.server.log.statemachine.data.sync.timeout = 10s (default)
2019-09-02 05:34:23,204 [pool-639-thread-1] INFO  server.RaftServerConfigKeys (ConfUtils.java:logGet(43)) - raft.server.log.statemachine.data.sync.timeout.retry = -1 (default)
2019-09-02 05:34:23,204 [pool-629-thread-1] INFO  server.RaftServerConfigKeys (ConfUtils.java:logGet(43)) - raft.server.log.statemachine.data.sync.timeout.retry = -1 (default)
2019-09-02 05:34:23,205 [pool-639-thread-1] INFO  server.RaftServerConfigKeys (ConfUtils.java:logGet(43)) - raft.server.log.statemachine.data.caching.enabled = true (custom)
2019-09-02 05:34:23,205 [pool-629-thread-1] INFO  server.RaftServerConfigKeys (ConfUtils.java:logGet(43)) - raft.server.log.statemachine.data.caching.enabled = true (custom)
2019-09-02 05:34:23,205 [pool-639-thread-1] INFO  segmented.SegmentedRaftLogWorker (SegmentedRaftLogWorker.java:lambda$new$0(132)) - d0793bc8-f6b5-41cf-bbcb-211eaf1438ef-SegmentedRaftLogWorker:Storage Directory /workdir/hadoop-ozone/integration-test/target/test-dir/MiniOzoneClusterImpl-1fbc595b-70b6-44e3-b18f-c16b6617eb44/datanode-5/data/ratis/dd9623b8-60ff-4fe3-bcfd-a2b83118b647: flushIndex: setUnconditionally 0 -> -1
2019-09-02 05:34:23,206 [pool-629-thread-1] INFO  segmented.SegmentedRaftLogWorker (SegmentedRaftLogWorker.java:lambda$new$0(132)) - b7498dab-5b1e-417f-890a-ce82d5efae9c-SegmentedRaftLogWorker:Storage Directory /workdir/hadoop-ozone/integration-test/target/test-dir/MiniOzoneClusterImpl-1fbc595b-70b6-44e3-b18f-c16b6617eb44/datanode-4/data/ratis/dd9623b8-60ff-4fe3-bcfd-a2b83118b647: flushIndex: setUnconditionally 0 -> -1
2019-09-02 05:34:23,206 [pool-639-thread-1] INFO  server.RaftServerConfigKeys (ConfUtils.java:logGet(43)) - raft.server.snapshot.auto.trigger.enabled = true (custom)
2019-09-02 05:34:23,206 [pool-639-thread-1] INFO  server.RaftServerConfigKeys (ConfUtils.java:logGet(43)) - raft.server.snapshot.auto.trigger.threshold = 10000 (custom)
2019-09-02 05:34:23,206 [pool-629-thread-1] INFO  server.RaftServerConfigKeys (ConfUtils.java:logGet(43)) - raft.server.snapshot.auto.trigger.enabled = true (custom)
2019-09-02 05:34:23,206 [pool-639-thread-1] INFO  server.RaftServerConfigKeys (ConfUtils.java:logGet(43)) - raft.server.retrycache.expirytime = 600000ms (custom)
2019-09-02 05:34:23,218 [pool-629-thread-1] INFO  server.RaftServerConfigKeys (ConfUtils.java:logGet(43)) - raft.server.snapshot.auto.trigger.threshold = 10000 (custom)
2019-09-02 05:34:23,218 [pool-639-thread-1] INFO  impl.RaftServerImpl (RaftServerImpl.java:start(180)) - d0793bc8-f6b5-41cf-bbcb-211eaf1438ef: start group-A2B83118B647
2019-09-02 05:34:23,218 [pool-629-thread-1] INFO  server.RaftServerConfigKeys (ConfUtils.java:logGet(43)) - raft.server.retrycache.expirytime = 600000ms (custom)
2019-09-02 05:34:23,219 [pool-639-thread-1] INFO  impl.RaftServerImpl (RaftServerImpl.java:setRole(171)) - d0793bc8-f6b5-41cf-bbcb-211eaf1438ef:group-A2B83118B647 changes role from null to FOLLOWER at term 0 for startAsFollower
2019-09-02 05:34:23,219 [pool-629-thread-1] INFO  impl.RaftServerImpl (RaftServerImpl.java:start(180)) - b7498dab-5b1e-417f-890a-ce82d5efae9c: start group-A2B83118B647
2019-09-02 05:34:23,219 [pool-639-thread-1] INFO  impl.RoleInfo (RoleInfo.java:updateAndGet(143)) - d0793bc8-f6b5-41cf-bbcb-211eaf1438ef: start FollowerState
2019-09-02 05:34:23,219 [pool-629-thread-1] INFO  impl.RaftServerImpl (RaftServerImpl.java:setRole(171)) - b7498dab-5b1e-417f-890a-ce82d5efae9c:group-A2B83118B647 changes role from null to FOLLOWER at term 0 for startAsFollower
2019-09-02 05:34:23,219 [pool-629-thread-1] INFO  impl.RoleInfo (RoleInfo.java:updateAndGet(143)) - b7498dab-5b1e-417f-890a-ce82d5efae9c: start FollowerState
2019-09-02 05:34:23,219 [pool-639-thread-1] INFO  util.JmxRegister (JmxRegister.java:tryRegister(44)) - Successfully registered JMX Bean with object name Ratis:service=RaftServer,group=group-A2B83118B647,id=d0793bc8-f6b5-41cf-bbcb-211eaf1438ef
2019-09-02 05:34:23,220 [pool-629-thread-1] INFO  util.JmxRegister (JmxRegister.java:tryRegister(44)) - Successfully registered JMX Bean with object name Ratis:service=RaftServer,group=group-A2B83118B647,id=b7498dab-5b1e-417f-890a-ce82d5efae9c
2019-09-02 05:34:23,724 [RatisPipelineUtilsThread] INFO  pipeline.PipelineStateManager (PipelineStateManager.java:addPipeline(56)) - Created pipeline Pipeline[ Id: dd9623b8-60ff-4fe3-bcfd-a2b83118b647, Nodes: d0793bc8-f6b5-41cf-bbcb-211eaf1438ef{ip: 192.168.36.97, host: trunk-nightly-20190902-fsht6-3309735379, networkLocation: /default-rack, certSerialId: null}61b655a0-f2c1-4cf2-bf18-a6aadfe6ba94{ip: 192.168.36.97, host: trunk-nightly-20190902-fsht6-3309735379, networkLocation: /default-rack, certSerialId: null}b7498dab-5b1e-417f-890a-ce82d5efae9c{ip: 192.168.36.97, host: trunk-nightly-20190902-fsht6-3309735379, networkLocation: /default-rack, certSerialId: null}, Type:RATIS, Factor:THREE, State:OPEN]
2019-09-02 05:34:23,995 [main] INFO  ozone.MiniOzoneClusterImpl (MiniOzoneClusterImpl.java:lambda$waitForClusterToBeReady$0(140)) - Cluster is ready. Got 7 of 7 DN Heartbeats.
2019-09-02 05:34:24,036 [main] INFO  rpc.RpcClient (RpcClient.java:createVolume(293)) - Creating Volume: testblockoutputstream, with jenkins1000 as owner.
2019-09-02 05:34:24,063 [main] INFO  rpc.RpcClient (RpcClient.java:createBucket(432)) - Creating Bucket: testblockoutputstream/testblockoutputstream, with Versioning false and Storage Type set to DISK and Encryption set to false 
2019-09-02 05:34:24,111 [grpc-default-executor-9] INFO  client.GrpcClientProtocolClient (GrpcClientProtocolClient.java:onNext(255)) - client-DC6AB29D5CB3->d0793bc8-f6b5-41cf-bbcb-211eaf1438ef: receive RaftClientReply:client-DC6AB29D5CB3->d0793bc8-f6b5-41cf-bbcb-211eaf1438ef@group-A2B83118B647, cid=234, FAILED org.apache.ratis.protocol.NotLeaderException: Server d0793bc8-f6b5-41cf-bbcb-211eaf1438ef is not the leader (null). Request must be sent to leader., logIndex=0, commits[d0793bc8-f6b5-41cf-bbcb-211eaf1438ef:c-1]
2019-09-02 05:34:25,123 [grpc-default-executor-8] INFO  client.GrpcClientProtocolClient (GrpcClientProtocolClient.java:onNext(255)) - client-DC6AB29D5CB3->b7498dab-5b1e-417f-890a-ce82d5efae9c: receive RaftClientReply:client-DC6AB29D5CB3->b7498dab-5b1e-417f-890a-ce82d5efae9c@group-A2B83118B647, cid=234, FAILED org.apache.ratis.protocol.NotLeaderException: Server b7498dab-5b1e-417f-890a-ce82d5efae9c is not the leader (null). Request must be sent to leader., logIndex=0, commits[b7498dab-5b1e-417f-890a-ce82d5efae9c:c-1]
2019-09-02 05:34:25,568 [Thread-4294] INFO  container.ReplicationManager (ReplicationManager.java:start(162)) - Starting Replication Monitor Thread.
2019-09-02 05:34:25,572 [ReplicationMonitor] INFO  container.ReplicationManager (ReplicationManager.java:run(225)) - Replication Monitor Thread took 0 milliseconds for processing 1 containers.
2019-09-02 05:34:26,135 [grpc-default-executor-8] INFO  client.GrpcClientProtocolClient (GrpcClientProtocolClient.java:onNext(255)) - client-DC6AB29D5CB3->61b655a0-f2c1-4cf2-bf18-a6aadfe6ba94: receive RaftClientReply:client-DC6AB29D5CB3->61b655a0-f2c1-4cf2-bf18-a6aadfe6ba94@group-A2B83118B647, cid=234, FAILED org.apache.ratis.protocol.NotLeaderException: Server 61b655a0-f2c1-4cf2-bf18-a6aadfe6ba94 is not the leader (null). Request must be sent to leader., logIndex=0, commits[61b655a0-f2c1-4cf2-bf18-a6aadfe6ba94:c-1]
2019-09-02 05:34:27,145 [grpc-default-executor-9] INFO  client.GrpcClientProtocolClient (GrpcClientProtocolClient.java:onNext(255)) - client-DC6AB29D5CB3->b7498dab-5b1e-417f-890a-ce82d5efae9c: receive RaftClientReply:client-DC6AB29D5CB3->b7498dab-5b1e-417f-890a-ce82d5efae9c@group-A2B83118B647, cid=234, FAILED org.apache.ratis.protocol.NotLeaderException: Server b7498dab-5b1e-417f-890a-ce82d5efae9c is not the leader (null). Request must be sent to leader., logIndex=0, commits[b7498dab-5b1e-417f-890a-ce82d5efae9c:c-1]
2019-09-02 05:34:27,760 [Thread-4296] INFO  impl.FollowerState (FollowerState.java:run(106)) - 1199f808-5b20-429e-aaf6-04ba4f0b7453:group-F00427850888 changes to CANDIDATE, lastRpcTime:5128, electionTimeout:5128ms
2019-09-02 05:34:27,761 [Thread-4296] INFO  impl.RoleInfo (RoleInfo.java:shutdownFollowerState(121)) - 1199f808-5b20-429e-aaf6-04ba4f0b7453: shutdown FollowerState
2019-09-02 05:34:27,761 [Thread-4296] INFO  impl.RaftServerImpl (RaftServerImpl.java:setRole(171)) - 1199f808-5b20-429e-aaf6-04ba4f0b7453:group-F00427850888 changes role from FOLLOWER to CANDIDATE at term 0 for changeToCandidate
2019-09-02 05:34:27,761 [Thread-4296] INFO  impl.RoleInfo (RoleInfo.java:updateAndGet(143)) - 1199f808-5b20-429e-aaf6-04ba4f0b7453: start LeaderElection
2019-09-02 05:34:27,782 [1199f808-5b20-429e-aaf6-04ba4f0b7453:group-F00427850888:LeaderElection77] INFO  impl.LeaderElection (LeaderElection.java:askForVotes(181)) - 1199f808-5b20-429e-aaf6-04ba4f0b7453:group-F00427850888:LeaderElection77: begin an election at term 1 for -1: [1199f808-5b20-429e-aaf6-04ba4f0b7453:192.168.36.97:42030], old=null
2019-09-02 05:34:27,782 [1199f808-5b20-429e-aaf6-04ba4f0b7453:group-F00427850888:LeaderElection77] INFO  impl.RoleInfo (RoleInfo.java:shutdownLeaderElection(134)) - 1199f808-5b20-429e-aaf6-04ba4f0b7453: shutdown LeaderElection
2019-09-02 05:34:27,782 [1199f808-5b20-429e-aaf6-04ba4f0b7453:group-F00427850888:LeaderElection77] INFO  impl.RaftServerImpl (RaftServerImpl.java:setRole(171)) - 1199f808-5b20-429e-aaf6-04ba4f0b7453:group-F00427850888 changes role from CANDIDATE to LEADER at term 1 for changeToLeader
2019-09-02 05:34:27,782 [1199f808-5b20-429e-aaf6-04ba4f0b7453:group-F00427850888:LeaderElection77] INFO  impl.RaftServerImpl (ServerState.java:setLeader(263)) - 1199f808-5b20-429e-aaf6-04ba4f0b7453:group-F00427850888 change Leader from null to 1199f808-5b20-429e-aaf6-04ba4f0b7453 at term 1 for becomeLeader, leader elected after 5155ms
2019-09-02 05:34:27,782 [1199f808-5b20-429e-aaf6-04ba4f0b7453:group-F00427850888:LeaderElection77] INFO  server.RaftServerConfigKeys (ConfUtils.java:logGet(43)) - raft.server.staging.catchup.gap = 1000 (default)
2019-09-02 05:34:27,783 [1199f808-5b20-429e-aaf6-04ba4f0b7453:group-F00427850888:LeaderElection77] INFO  server.RaftServerConfigKeys (ConfUtils.java:logGet(43)) - raft.server.rpc.sleep.time = 25ms (default)
2019-09-02 05:34:27,783 [1199f808-5b20-429e-aaf6-04ba4f0b7453:group-F00427850888:LeaderElection77] INFO  server.RaftServerConfigKeys (ConfUtils.java:logGet(43)) - raft.server.write.element-limit = 4096 (default)
2019-09-02 05:34:27,783 [1199f808-5b20-429e-aaf6-04ba4f0b7453:group-F00427850888:LeaderElection77] INFO  server.RaftServerConfigKeys (ConfUtils.java:logGet(43)) - raft.server.watch.timeout = 10s (default)
2019-09-02 05:34:27,783 [1199f808-5b20-429e-aaf6-04ba4f0b7453:group-F00427850888:LeaderElection77] INFO  server.RaftServerConfigKeys (ConfUtils.java:logGet(43)) - raft.server.watch.timeout.denomination = 1s (default)
2019-09-02 05:34:27,783 [1199f808-5b20-429e-aaf6-04ba4f0b7453:group-F00427850888:LeaderElection77] INFO  server.RaftServerConfigKeys (ConfUtils.java:logGet(43)) - raft.server.watch.element-limit = 65536 (default)
2019-09-02 05:34:27,783 [1199f808-5b20-429e-aaf6-04ba4f0b7453:group-F00427850888:LeaderElection77] INFO  impl.RoleInfo (RoleInfo.java:updateAndGet(143)) - 1199f808-5b20-429e-aaf6-04ba4f0b7453: start LeaderState
2019-09-02 05:34:27,784 [1199f808-5b20-429e-aaf6-04ba4f0b7453:group-F00427850888:LeaderElection77] INFO  segmented.SegmentedRaftLogWorker (SegmentedRaftLogWorker.java:startLogSegment(380)) - 1199f808-5b20-429e-aaf6-04ba4f0b7453-SegmentedRaftLogWorker:Storage Directory /workdir/hadoop-ozone/integration-test/target/test-dir/MiniOzoneClusterImpl-1fbc595b-70b6-44e3-b18f-c16b6617eb44/datanode-0/data/ratis/fc537138-4a9e-47c7-8244-f00427850888: Starting segment from index:0
2019-09-02 05:34:27,784 [1199f808-5b20-429e-aaf6-04ba4f0b7453:group-F00427850888:LeaderElection77] INFO  impl.RaftServerImpl (ServerState.java:setRaftConf(361)) - 1199f808-5b20-429e-aaf6-04ba4f0b7453:group-F00427850888 set configuration 0: [1199f808-5b20-429e-aaf6-04ba4f0b7453:192.168.36.97:42030], old=null at 0
2019-09-02 05:34:27,824 [1199f808-5b20-429e-aaf6-04ba4f0b7453-SegmentedRaftLogWorker:Storage Directory /workdir/hadoop-ozone/integration-test/target/test-dir/MiniOzoneClusterImpl-1fbc595b-70b6-44e3-b18f-c16b6617eb44/datanode-0/data/ratis/fc537138-4a9e-47c7-8244-f00427850888] INFO  segmented.SegmentedRaftLogWorker (SegmentedRaftLogWorker.java:execute(569)) - 1199f808-5b20-429e-aaf6-04ba4f0b7453-SegmentedRaftLogWorker:Storage Directory /workdir/hadoop-ozone/integration-test/target/test-dir/MiniOzoneClusterImpl-1fbc595b-70b6-44e3-b18f-c16b6617eb44/datanode-0/data/ratis/fc537138-4a9e-47c7-8244-f00427850888: created new log segment /workdir/hadoop-ozone/integration-test/target/test-dir/MiniOzoneClusterImpl-1fbc595b-70b6-44e3-b18f-c16b6617eb44/datanode-0/data/ratis/fc537138-4a9e-47c7-8244-f00427850888/current/log_inprogress_0
2019-09-02 05:34:27,847 [Thread-4302] INFO  impl.FollowerState (FollowerState.java:run(106)) - 569e1e03-ab21-4bfc-b714-2486d4e9a65b:group-44C5FDA0E5F9 changes to CANDIDATE, lastRpcTime:5105, electionTimeout:5105ms
2019-09-02 05:34:27,848 [Thread-4302] INFO  impl.RoleInfo (RoleInfo.java:shutdownFollowerState(121)) - 569e1e03-ab21-4bfc-b714-2486d4e9a65b: shutdown FollowerState
2019-09-02 05:34:27,848 [Thread-4302] INFO  impl.RaftServerImpl (RaftServerImpl.java:setRole(171)) - 569e1e03-ab21-4bfc-b714-2486d4e9a65b:group-44C5FDA0E5F9 changes role from FOLLOWER to CANDIDATE at term 0 for changeToCandidate
2019-09-02 05:34:27,848 [Thread-4302] INFO  impl.RoleInfo (RoleInfo.java:updateAndGet(143)) - 569e1e03-ab21-4bfc-b714-2486d4e9a65b: start LeaderElection
2019-09-02 05:34:27,854 [Thread-4299] INFO  impl.FollowerState (FollowerState.java:run(106)) - 4b74841b-131d-45de-b540-61ea462008ca:group-4C02FE360F98 changes to CANDIDATE, lastRpcTime:5166, electionTimeout:5166ms
2019-09-02 05:34:27,854 [Thread-4299] INFO  impl.RoleInfo (RoleInfo.java:shutdownFollowerState(121)) - 4b74841b-131d-45de-b540-61ea462008ca: shutdown FollowerState
2019-09-02 05:34:27,854 [Thread-4299] INFO  impl.RaftServerImpl (RaftServerImpl.java:setRole(171)) - 4b74841b-131d-45de-b540-61ea462008ca:group-4C02FE360F98 changes role from FOLLOWER to CANDIDATE at term 0 for changeToCandidate
2019-09-02 05:34:27,854 [Thread-4299] INFO  impl.RoleInfo (RoleInfo.java:updateAndGet(143)) - 4b74841b-131d-45de-b540-61ea462008ca: start LeaderElection
2019-09-02 05:34:27,869 [4b74841b-131d-45de-b540-61ea462008ca:group-4C02FE360F98:LeaderElection79] INFO  impl.LeaderElection (LeaderElection.java:askForVotes(181)) - 4b74841b-131d-45de-b540-61ea462008ca:group-4C02FE360F98:LeaderElection79: begin an election at term 1 for -1: [4b74841b-131d-45de-b540-61ea462008ca:192.168.36.97:37608], old=null
2019-09-02 05:34:27,869 [569e1e03-ab21-4bfc-b714-2486d4e9a65b:group-44C5FDA0E5F9:LeaderElection78] INFO  impl.LeaderElection (LeaderElection.java:askForVotes(181)) - 569e1e03-ab21-4bfc-b714-2486d4e9a65b:group-44C5FDA0E5F9:LeaderElection78: begin an election at term 1 for -1: [569e1e03-ab21-4bfc-b714-2486d4e9a65b:192.168.36.97:43408], old=null
2019-09-02 05:34:27,869 [4b74841b-131d-45de-b540-61ea462008ca:group-4C02FE360F98:LeaderElection79] INFO  impl.RoleInfo (RoleInfo.java:shutdownLeaderElection(134)) - 4b74841b-131d-45de-b540-61ea462008ca: shutdown LeaderElection
2019-09-02 05:34:27,869 [569e1e03-ab21-4bfc-b714-2486d4e9a65b:group-44C5FDA0E5F9:LeaderElection78] INFO  impl.RoleInfo (RoleInfo.java:shutdownLeaderElection(134)) - 569e1e03-ab21-4bfc-b714-2486d4e9a65b: shutdown LeaderElection
2019-09-02 05:34:27,869 [4b74841b-131d-45de-b540-61ea462008ca:group-4C02FE360F98:LeaderElection79] INFO  impl.RaftServerImpl (RaftServerImpl.java:setRole(171)) - 4b74841b-131d-45de-b540-61ea462008ca:group-4C02FE360F98 changes role from CANDIDATE to LEADER at term 1 for changeToLeader
2019-09-02 05:34:27,869 [569e1e03-ab21-4bfc-b714-2486d4e9a65b:group-44C5FDA0E5F9:LeaderElection78] INFO  impl.RaftServerImpl (RaftServerImpl.java:setRole(171)) - 569e1e03-ab21-4bfc-b714-2486d4e9a65b:group-44C5FDA0E5F9 changes role from CANDIDATE to LEADER at term 1 for changeToLeader
2019-09-02 05:34:27,869 [4b74841b-131d-45de-b540-61ea462008ca:group-4C02FE360F98:LeaderElection79] INFO  impl.RaftServerImpl (ServerState.java:setLeader(263)) - 4b74841b-131d-45de-b540-61ea462008ca:group-4C02FE360F98 change Leader from null to 4b74841b-131d-45de-b540-61ea462008ca at term 1 for becomeLeader, leader elected after 5186ms
2019-09-02 05:34:27,870 [569e1e03-ab21-4bfc-b714-2486d4e9a65b:group-44C5FDA0E5F9:LeaderElection78] INFO  impl.RaftServerImpl (ServerState.java:setLeader(263)) - 569e1e03-ab21-4bfc-b714-2486d4e9a65b:group-44C5FDA0E5F9 change Leader from null to 569e1e03-ab21-4bfc-b714-2486d4e9a65b at term 1 for becomeLeader, leader elected after 5132ms
2019-09-02 05:34:27,870 [4b74841b-131d-45de-b540-61ea462008ca:group-4C02FE360F98:LeaderElection79] INFO  server.RaftServerConfigKeys (ConfUtils.java:logGet(43)) - raft.server.staging.catchup.gap = 1000 (default)
2019-09-02 05:34:27,870 [569e1e03-ab21-4bfc-b714-2486d4e9a65b:group-44C5FDA0E5F9:LeaderElection78] INFO  server.RaftServerConfigKeys (ConfUtils.java:logGet(43)) - raft.server.staging.catchup.gap = 1000 (default)
2019-09-02 05:34:27,870 [4b74841b-131d-45de-b540-61ea462008ca:group-4C02FE360F98:LeaderElection79] INFO  server.RaftServerConfigKeys (ConfUtils.java:logGet(43)) - raft.server.rpc.sleep.time = 25ms (default)
2019-09-02 05:34:27,870 [569e1e03-ab21-4bfc-b714-2486d4e9a65b:group-44C5FDA0E5F9:LeaderElection78] INFO  server.RaftServerConfigKeys (ConfUtils.java:logGet(43)) - raft.server.rpc.sleep.time = 25ms (default)
2019-09-02 05:34:27,870 [4b74841b-131d-45de-b540-61ea462008ca:group-4C02FE360F98:LeaderElection79] INFO  server.RaftServerConfigKeys (ConfUtils.java:logGet(43)) - raft.server.write.element-limit = 4096 (default)
2019-09-02 05:34:27,870 [569e1e03-ab21-4bfc-b714-2486d4e9a65b:group-44C5FDA0E5F9:LeaderElection78] INFO  server.RaftServerConfigKeys (ConfUtils.java:logGet(43)) - raft.server.write.element-limit = 4096 (default)
2019-09-02 05:34:27,871 [4b74841b-131d-45de-b540-61ea462008ca:group-4C02FE360F98:LeaderElection79] INFO  server.RaftServerConfigKeys (ConfUtils.java:logGet(43)) - raft.server.watch.timeout = 10s (default)
2019-09-02 05:34:27,871 [569e1e03-ab21-4bfc-b714-2486d4e9a65b:group-44C5FDA0E5F9:LeaderElection78] INFO  server.RaftServerConfigKeys (ConfUtils.java:logGet(43)) - raft.server.watch.timeout = 10s (default)
2019-09-02 05:34:27,871 [4b74841b-131d-45de-b540-61ea462008ca:group-4C02FE360F98:LeaderElection79] INFO  server.RaftServerConfigKeys (ConfUtils.java:logGet(43)) - raft.server.watch.timeout.denomination = 1s (default)
2019-09-02 05:34:27,871 [569e1e03-ab21-4bfc-b714-2486d4e9a65b:group-44C5FDA0E5F9:LeaderElection78] INFO  server.RaftServerConfigKeys (ConfUtils.java:logGet(43)) - raft.server.watch.timeout.denomination = 1s (default)
2019-09-02 05:34:27,871 [4b74841b-131d-45de-b540-61ea462008ca:group-4C02FE360F98:LeaderElection79] INFO  server.RaftServerConfigKeys (ConfUtils.java:logGet(43)) - raft.server.watch.element-limit = 65536 (default)
2019-09-02 05:34:27,871 [569e1e03-ab21-4bfc-b714-2486d4e9a65b:group-44C5FDA0E5F9:LeaderElection78] INFO  server.RaftServerConfigKeys (ConfUtils.java:logGet(43)) - raft.server.watch.element-limit = 65536 (default)
2019-09-02 05:34:27,872 [4b74841b-131d-45de-b540-61ea462008ca:group-4C02FE360F98:LeaderElection79] INFO  impl.RoleInfo (RoleInfo.java:updateAndGet(143)) - 4b74841b-131d-45de-b540-61ea462008ca: start LeaderState
2019-09-02 05:34:27,872 [569e1e03-ab21-4bfc-b714-2486d4e9a65b:group-44C5FDA0E5F9:LeaderElection78] INFO  impl.RoleInfo (RoleInfo.java:updateAndGet(143)) - 569e1e03-ab21-4bfc-b714-2486d4e9a65b: start LeaderState
2019-09-02 05:34:27,872 [4b74841b-131d-45de-b540-61ea462008ca:group-4C02FE360F98:LeaderElection79] INFO  segmented.SegmentedRaftLogWorker (SegmentedRaftLogWorker.java:startLogSegment(380)) - 4b74841b-131d-45de-b540-61ea462008ca-SegmentedRaftLogWorker:Storage Directory /workdir/hadoop-ozone/integration-test/target/test-dir/MiniOzoneClusterImpl-1fbc595b-70b6-44e3-b18f-c16b6617eb44/datanode-1/data/ratis/7a76564d-ee5d-4921-aa0c-4c02fe360f98: Starting segment from index:0
2019-09-02 05:34:27,872 [569e1e03-ab21-4bfc-b714-2486d4e9a65b:group-44C5FDA0E5F9:LeaderElection78] INFO  segmented.SegmentedRaftLogWorker (SegmentedRaftLogWorker.java:startLogSegment(380)) - 569e1e03-ab21-4bfc-b714-2486d4e9a65b-SegmentedRaftLogWorker:Storage Directory /workdir/hadoop-ozone/integration-test/target/test-dir/MiniOzoneClusterImpl-1fbc595b-70b6-44e3-b18f-c16b6617eb44/datanode-2/data/ratis/fe0be000-151a-4c08-93c5-44c5fda0e5f9: Starting segment from index:0
2019-09-02 05:34:27,872 [4b74841b-131d-45de-b540-61ea462008ca:group-4C02FE360F98:LeaderElection79] INFO  impl.RaftServerImpl (ServerState.java:setRaftConf(361)) - 4b74841b-131d-45de-b540-61ea462008ca:group-4C02FE360F98 set configuration 0: [4b74841b-131d-45de-b540-61ea462008ca:192.168.36.97:37608], old=null at 0
2019-09-02 05:34:27,873 [569e1e03-ab21-4bfc-b714-2486d4e9a65b:group-44C5FDA0E5F9:LeaderElection78] INFO  impl.RaftServerImpl (ServerState.java:setRaftConf(361)) - 569e1e03-ab21-4bfc-b714-2486d4e9a65b:group-44C5FDA0E5F9 set configuration 0: [569e1e03-ab21-4bfc-b714-2486d4e9a65b:192.168.36.97:43408], old=null at 0
2019-09-02 05:34:27,876 [Thread-4305] INFO  impl.FollowerState (FollowerState.java:run(106)) - 1199f808-5b20-429e-aaf6-04ba4f0b7453:group-6FC154899002 changes to CANDIDATE, lastRpcTime:5079, electionTimeout:5079ms
2019-09-02 05:34:27,876 [Thread-4305] INFO  impl.RoleInfo (RoleInfo.java:shutdownFollowerState(121)) - 1199f808-5b20-429e-aaf6-04ba4f0b7453: shutdown FollowerState
2019-09-02 05:34:27,876 [Thread-4305] INFO  impl.RaftServerImpl (RaftServerImpl.java:setRole(171)) - 1199f808-5b20-429e-aaf6-04ba4f0b7453:group-6FC154899002 changes role from FOLLOWER to CANDIDATE at term 0 for changeToCandidate
2019-09-02 05:34:27,876 [Thread-4305] INFO  impl.RoleInfo (RoleInfo.java:updateAndGet(143)) - 1199f808-5b20-429e-aaf6-04ba4f0b7453: start LeaderElection
2019-09-02 05:34:27,910 [Thread-4310] INFO  impl.FollowerState (FollowerState.java:run(106)) - 569e1e03-ab21-4bfc-b714-2486d4e9a65b:group-6FC154899002 changes to CANDIDATE, lastRpcTime:5109, electionTimeout:5093ms
2019-09-02 05:34:27,921 [Thread-4310] INFO  impl.RoleInfo (RoleInfo.java:shutdownFollowerState(121)) - 569e1e03-ab21-4bfc-b714-2486d4e9a65b: shutdown FollowerState
2019-09-02 05:34:27,921 [Thread-4310] INFO  impl.RaftServerImpl (RaftServerImpl.java:setRole(171)) - 569e1e03-ab21-4bfc-b714-2486d4e9a65b:group-6FC154899002 changes role from FOLLOWER to CANDIDATE at term 0 for changeToCandidate
2019-09-02 05:34:27,921 [Thread-4310] INFO  impl.RoleInfo (RoleInfo.java:updateAndGet(143)) - 569e1e03-ab21-4bfc-b714-2486d4e9a65b: start LeaderElection
2019-09-02 05:34:27,923 [569e1e03-ab21-4bfc-b714-2486d4e9a65b-SegmentedRaftLogWorker:Storage Directory /workdir/hadoop-ozone/integration-test/target/test-dir/MiniOzoneClusterImpl-1fbc595b-70b6-44e3-b18f-c16b6617eb44/datanode-2/data/ratis/fe0be000-151a-4c08-93c5-44c5fda0e5f9] INFO  segmented.SegmentedRaftLogWorker (SegmentedRaftLogWorker.java:execute(569)) - 569e1e03-ab21-4bfc-b714-2486d4e9a65b-SegmentedRaftLogWorker:Storage Directory /workdir/hadoop-ozone/integration-test/target/test-dir/MiniOzoneClusterImpl-1fbc595b-70b6-44e3-b18f-c16b6617eb44/datanode-2/data/ratis/fe0be000-151a-4c08-93c5-44c5fda0e5f9: created new log segment /workdir/hadoop-ozone/integration-test/target/test-dir/MiniOzoneClusterImpl-1fbc595b-70b6-44e3-b18f-c16b6617eb44/datanode-2/data/ratis/fe0be000-151a-4c08-93c5-44c5fda0e5f9/current/log_inprogress_0
2019-09-02 05:34:27,923 [4b74841b-131d-45de-b540-61ea462008ca-SegmentedRaftLogWorker:Storage Directory /workdir/hadoop-ozone/integration-test/target/test-dir/MiniOzoneClusterImpl-1fbc595b-70b6-44e3-b18f-c16b6617eb44/datanode-1/data/ratis/7a76564d-ee5d-4921-aa0c-4c02fe360f98] INFO  segmented.SegmentedRaftLogWorker (SegmentedRaftLogWorker.java:execute(569)) - 4b74841b-131d-45de-b540-61ea462008ca-SegmentedRaftLogWorker:Storage Directory /workdir/hadoop-ozone/integration-test/target/test-dir/MiniOzoneClusterImpl-1fbc595b-70b6-44e3-b18f-c16b6617eb44/datanode-1/data/ratis/7a76564d-ee5d-4921-aa0c-4c02fe360f98: created new log segment /workdir/hadoop-ozone/integration-test/target/test-dir/MiniOzoneClusterImpl-1fbc595b-70b6-44e3-b18f-c16b6617eb44/datanode-1/data/ratis/7a76564d-ee5d-4921-aa0c-4c02fe360f98/current/log_inprogress_0
2019-09-02 05:34:27,925 [1199f808-5b20-429e-aaf6-04ba4f0b7453:group-6FC154899002:LeaderElection80] INFO  impl.LeaderElection (LeaderElection.java:askForVotes(181)) - 1199f808-5b20-429e-aaf6-04ba4f0b7453:group-6FC154899002:LeaderElection80: begin an election at term 1 for -1: [569e1e03-ab21-4bfc-b714-2486d4e9a65b:192.168.36.97:43408, 1199f808-5b20-429e-aaf6-04ba4f0b7453:192.168.36.97:42030, 4b74841b-131d-45de-b540-61ea462008ca:192.168.36.97:37608], old=null
2019-09-02 05:34:27,930 [grpc-default-executor-8] INFO  impl.RaftServerImpl (RaftServerImpl.java:setRole(171)) - 4b74841b-131d-45de-b540-61ea462008ca:group-6FC154899002 changes role from FOLLOWER to FOLLOWER at term 1 for recognizeCandidate:1199f808-5b20-429e-aaf6-04ba4f0b7453
2019-09-02 05:34:27,930 [grpc-default-executor-8] INFO  impl.RoleInfo (RoleInfo.java:shutdownFollowerState(121)) - 4b74841b-131d-45de-b540-61ea462008ca: shutdown FollowerState
2019-09-02 05:34:27,930 [grpc-default-executor-8] INFO  impl.RoleInfo (RoleInfo.java:updateAndGet(143)) - 4b74841b-131d-45de-b540-61ea462008ca: start FollowerState
2019-09-02 05:34:27,931 [Thread-4309] INFO  impl.FollowerState (FollowerState.java:run(114)) - 4b74841b-131d-45de-b540-61ea462008ca: FollowerState was interrupted: java.lang.InterruptedException: sleep interrupted
2019-09-02 05:34:27,937 [569e1e03-ab21-4bfc-b714-2486d4e9a65b:group-6FC154899002:LeaderElection81] INFO  impl.LeaderElection (LeaderElection.java:askForVotes(181)) - 569e1e03-ab21-4bfc-b714-2486d4e9a65b:group-6FC154899002:LeaderElection81: begin an election at term 1 for -1: [569e1e03-ab21-4bfc-b714-2486d4e9a65b:192.168.36.97:43408, 1199f808-5b20-429e-aaf6-04ba4f0b7453:192.168.36.97:42030, 4b74841b-131d-45de-b540-61ea462008ca:192.168.36.97:37608], old=null
2019-09-02 05:34:27,940 [1199f808-5b20-429e-aaf6-04ba4f0b7453:group-6FC154899002:LeaderElection80] INFO  impl.LeaderElection (LeaderElection.java:logAndReturn(56)) - 1199f808-5b20-429e-aaf6-04ba4f0b7453:group-6FC154899002:LeaderElection80: Election PASSED; received 2 response(s) [1199f808-5b20-429e-aaf6-04ba4f0b7453<-569e1e03-ab21-4bfc-b714-2486d4e9a65b#0:FAIL-t1, 1199f808-5b20-429e-aaf6-04ba4f0b7453<-4b74841b-131d-45de-b540-61ea462008ca#0:OK-t1] and 0 exception(s); 1199f808-5b20-429e-aaf6-04ba4f0b7453:t1, leader=null, voted=1199f808-5b20-429e-aaf6-04ba4f0b7453, raftlog=1199f808-5b20-429e-aaf6-04ba4f0b7453-SegmentedRaftLog:OPENED:c-1,f-1,i0, conf=-1: [569e1e03-ab21-4bfc-b714-2486d4e9a65b:192.168.36.97:43408, 1199f808-5b20-429e-aaf6-04ba4f0b7453:192.168.36.97:42030, 4b74841b-131d-45de-b540-61ea462008ca:192.168.36.97:37608], old=null
2019-09-02 05:34:27,940 [1199f808-5b20-429e-aaf6-04ba4f0b7453:group-6FC154899002:LeaderElection80] INFO  impl.RoleInfo (RoleInfo.java:shutdownLeaderElection(134)) - 1199f808-5b20-429e-aaf6-04ba4f0b7453: shutdown LeaderElection
2019-09-02 05:34:27,940 [1199f808-5b20-429e-aaf6-04ba4f0b7453:group-6FC154899002:LeaderElection80] INFO  impl.RaftServerImpl (RaftServerImpl.java:setRole(171)) - 1199f808-5b20-429e-aaf6-04ba4f0b7453:group-6FC154899002 changes role from CANDIDATE to LEADER at term 1 for changeToLeader
2019-09-02 05:34:27,940 [1199f808-5b20-429e-aaf6-04ba4f0b7453:group-6FC154899002:LeaderElection80] INFO  impl.RaftServerImpl (ServerState.java:setLeader(263)) - 1199f808-5b20-429e-aaf6-04ba4f0b7453:group-6FC154899002 change Leader from null to 1199f808-5b20-429e-aaf6-04ba4f0b7453 at term 1 for becomeLeader, leader elected after 5153ms
2019-09-02 05:34:27,941 [1199f808-5b20-429e-aaf6-04ba4f0b7453:group-6FC154899002:LeaderElection80] INFO  server.RaftServerConfigKeys (ConfUtils.java:logGet(43)) - raft.server.staging.catchup.gap = 1000 (default)
2019-09-02 05:34:27,941 [1199f808-5b20-429e-aaf6-04ba4f0b7453:group-6FC154899002:LeaderElection80] INFO  server.RaftServerConfigKeys (ConfUtils.java:logGet(43)) - raft.server.rpc.sleep.time = 25ms (default)
2019-09-02 05:34:27,941 [1199f808-5b20-429e-aaf6-04ba4f0b7453:group-6FC154899002:LeaderElection80] INFO  server.RaftServerConfigKeys (ConfUtils.java:logGet(43)) - raft.server.write.element-limit = 4096 (default)
2019-09-02 05:34:27,941 [1199f808-5b20-429e-aaf6-04ba4f0b7453:group-6FC154899002:LeaderElection80] INFO  server.RaftServerConfigKeys (ConfUtils.java:logGet(43)) - raft.server.watch.timeout = 10s (default)
2019-09-02 05:34:27,941 [1199f808-5b20-429e-aaf6-04ba4f0b7453:group-6FC154899002:LeaderElection80] INFO  server.RaftServerConfigKeys (ConfUtils.java:logGet(43)) - raft.server.watch.timeout.denomination = 1s (default)
2019-09-02 05:34:27,941 [1199f808-5b20-429e-aaf6-04ba4f0b7453:group-6FC154899002:LeaderElection80] INFO  server.RaftServerConfigKeys (ConfUtils.java:logGet(43)) - raft.server.watch.element-limit = 65536 (default)
2019-09-02 05:34:27,941 [1199f808-5b20-429e-aaf6-04ba4f0b7453:group-6FC154899002:LeaderElection80] INFO  server.RaftServerConfigKeys (ConfUtils.java:logGet(43)) - raft.server.log.appender.snapshot.chunk.size.max = 16MB (=16777216) (default)
2019-09-02 05:34:27,942 [1199f808-5b20-429e-aaf6-04ba4f0b7453:group-6FC154899002:LeaderElection80] INFO  server.RaftServerConfigKeys (ConfUtils.java:logGet(43)) - raft.server.log.appender.buffer.byte-limit = 33554432 (custom)
2019-09-02 05:34:27,942 [1199f808-5b20-429e-aaf6-04ba4f0b7453:group-6FC154899002:LeaderElection80] INFO  server.RaftServerConfigKeys (ConfUtils.java:logGet(43)) - raft.server.log.appender.buffer.element-limit = 1 (custom)
2019-09-02 05:34:27,942 [1199f808-5b20-429e-aaf6-04ba4f0b7453:group-6FC154899002:LeaderElection80] INFO  grpc.GrpcConfigKeys$Server (ConfUtils.java:logGet(43)) - raft.grpc.server.leader.outstanding.appends.max = 128 (default)
2019-09-02 05:34:27,942 [1199f808-5b20-429e-aaf6-04ba4f0b7453:group-6FC154899002:LeaderElection80] INFO  server.RaftServerConfigKeys (ConfUtils.java:logGet(43)) - raft.server.rpc.request.timeout = 3000ms (default)
2019-09-02 05:34:27,943 [1199f808-5b20-429e-aaf6-04ba4f0b7453:group-6FC154899002:LeaderElection80] INFO  server.RaftServerConfigKeys (ConfUtils.java:logGet(43)) - raft.server.log.appender.install.snapshot.enabled = false (custom)
2019-09-02 05:34:27,943 [1199f808-5b20-429e-aaf6-04ba4f0b7453:group-6FC154899002:LeaderElection80] INFO  server.RaftServerConfigKeys (ConfUtils.java:logGet(43)) - raft.server.log.appender.snapshot.chunk.size.max = 16MB (=16777216) (default)
2019-09-02 05:34:27,943 [1199f808-5b20-429e-aaf6-04ba4f0b7453:group-6FC154899002:LeaderElection80] INFO  server.RaftServerConfigKeys (ConfUtils.java:logGet(43)) - raft.server.log.appender.buffer.byte-limit = 33554432 (custom)
2019-09-02 05:34:27,943 [1199f808-5b20-429e-aaf6-04ba4f0b7453:group-6FC154899002:LeaderElection80] INFO  server.RaftServerConfigKeys (ConfUtils.java:logGet(43)) - raft.server.log.appender.buffer.element-limit = 1 (custom)
2019-09-02 05:34:27,943 [1199f808-5b20-429e-aaf6-04ba4f0b7453:group-6FC154899002:LeaderElection80] INFO  grpc.GrpcConfigKeys$Server (ConfUtils.java:logGet(43)) - raft.grpc.server.leader.outstanding.appends.max = 128 (default)
2019-09-02 05:34:27,943 [1199f808-5b20-429e-aaf6-04ba4f0b7453:group-6FC154899002:LeaderElection80] INFO  server.RaftServerConfigKeys (ConfUtils.java:logGet(43)) - raft.server.rpc.request.timeout = 3000ms (default)
2019-09-02 05:34:27,944 [1199f808-5b20-429e-aaf6-04ba4f0b7453:group-6FC154899002:LeaderElection80] INFO  server.RaftServerConfigKeys (ConfUtils.java:logGet(43)) - raft.server.log.appender.install.snapshot.enabled = false (custom)
2019-09-02 05:34:27,944 [1199f808-5b20-429e-aaf6-04ba4f0b7453:group-6FC154899002:LeaderElection80] INFO  impl.RoleInfo (RoleInfo.java:updateAndGet(143)) - 1199f808-5b20-429e-aaf6-04ba4f0b7453: start LeaderState
2019-09-02 05:34:27,944 [1199f808-5b20-429e-aaf6-04ba4f0b7453:group-6FC154899002:LeaderElection80] INFO  segmented.SegmentedRaftLogWorker (SegmentedRaftLogWorker.java:startLogSegment(380)) - 1199f808-5b20-429e-aaf6-04ba4f0b7453-SegmentedRaftLogWorker:Storage Directory /workdir/hadoop-ozone/integration-test/target/test-dir/MiniOzoneClusterImpl-1fbc595b-70b6-44e3-b18f-c16b6617eb44/datanode-0/data/ratis/0388dd07-ba13-4d95-9ff7-6fc154899002: Starting segment from index:0
2019-09-02 05:34:27,945 [1199f808-5b20-429e-aaf6-04ba4f0b7453:group-6FC154899002:LeaderElection80] INFO  impl.RaftServerImpl (ServerState.java:setRaftConf(361)) - 1199f808-5b20-429e-aaf6-04ba4f0b7453:group-6FC154899002 set configuration 0: [569e1e03-ab21-4bfc-b714-2486d4e9a65b:192.168.36.97:43408, 1199f808-5b20-429e-aaf6-04ba4f0b7453:192.168.36.97:42030, 4b74841b-131d-45de-b540-61ea462008ca:192.168.36.97:37608], old=null at 0
2019-09-02 05:34:27,974 [Thread-4314] INFO  impl.FollowerState (FollowerState.java:run(106)) - b7498dab-5b1e-417f-890a-ce82d5efae9c:group-436B101A440B changes to CANDIDATE, lastRpcTime:5028, electionTimeout:5015ms
2019-09-02 05:34:27,974 [grpc-default-executor-9] INFO  impl.RaftServerImpl (RaftServerImpl.java:requestVote(754)) - 1199f808-5b20-429e-aaf6-04ba4f0b7453-LEADER: Withhold vote from candidate 569e1e03-ab21-4bfc-b714-2486d4e9a65b with term 1. State: leader=1199f808-5b20-429e-aaf6-04ba4f0b7453, term=1, lastRpcElapsed=null
2019-09-02 05:34:27,974 [Thread-4314] INFO  impl.RoleInfo (RoleInfo.java:shutdownFollowerState(121)) - b7498dab-5b1e-417f-890a-ce82d5efae9c: shutdown FollowerState
2019-09-02 05:34:27,975 [Thread-4314] INFO  impl.RaftServerImpl (RaftServerImpl.java:setRole(171)) - b7498dab-5b1e-417f-890a-ce82d5efae9c:group-436B101A440B changes role from FOLLOWER to CANDIDATE at term 0 for changeToCandidate
2019-09-02 05:34:27,975 [Thread-4314] INFO  impl.RoleInfo (RoleInfo.java:updateAndGet(143)) - b7498dab-5b1e-417f-890a-ce82d5efae9c: start LeaderElection
2019-09-02 05:34:27,981 [grpc-default-executor-9] INFO  impl.RaftServerImpl (RaftServerImpl.java:setRole(171)) - 569e1e03-ab21-4bfc-b714-2486d4e9a65b:group-6FC154899002 changes role from CANDIDATE to FOLLOWER at term 1 for appendEntries
2019-09-02 05:34:27,981 [569e1e03-ab21-4bfc-b714-2486d4e9a65b:group-6FC154899002:LeaderElection81] INFO  impl.LeaderElection (LeaderElection.java:logAndReturn(56)) - 569e1e03-ab21-4bfc-b714-2486d4e9a65b:group-6FC154899002:LeaderElection81: Election REJECTED; received 2 response(s) [569e1e03-ab21-4bfc-b714-2486d4e9a65b<-1199f808-5b20-429e-aaf6-04ba4f0b7453#0:FAIL-t1, 569e1e03-ab21-4bfc-b714-2486d4e9a65b<-4b74841b-131d-45de-b540-61ea462008ca#0:FAIL-t1] and 0 exception(s); 569e1e03-ab21-4bfc-b714-2486d4e9a65b:t1, leader=null, voted=569e1e03-ab21-4bfc-b714-2486d4e9a65b, raftlog=569e1e03-ab21-4bfc-b714-2486d4e9a65b-SegmentedRaftLog:OPENED:c-1,f-1,i0, conf=-1: [569e1e03-ab21-4bfc-b714-2486d4e9a65b:192.168.36.97:43408, 1199f808-5b20-429e-aaf6-04ba4f0b7453:192.168.36.97:42030, 4b74841b-131d-45de-b540-61ea462008ca:192.168.36.97:37608], old=null
2019-09-02 05:34:27,982 [grpc-default-executor-9] INFO  impl.RoleInfo (RoleInfo.java:shutdownLeaderElection(134)) - 569e1e03-ab21-4bfc-b714-2486d4e9a65b: shutdown LeaderElection
2019-09-02 05:34:27,996 [1199f808-5b20-429e-aaf6-04ba4f0b7453-SegmentedRaftLogWorker:Storage Directory /workdir/hadoop-ozone/integration-test/target/test-dir/MiniOzoneClusterImpl-1fbc595b-70b6-44e3-b18f-c16b6617eb44/datanode-0/data/ratis/0388dd07-ba13-4d95-9ff7-6fc154899002] INFO  segmented.SegmentedRaftLogWorker (SegmentedRaftLogWorker.java:execute(569)) - 1199f808-5b20-429e-aaf6-04ba4f0b7453-SegmentedRaftLogWorker:Storage Directory /workdir/hadoop-ozone/integration-test/target/test-dir/MiniOzoneClusterImpl-1fbc595b-70b6-44e3-b18f-c16b6617eb44/datanode-0/data/ratis/0388dd07-ba13-4d95-9ff7-6fc154899002: created new log segment /workdir/hadoop-ozone/integration-test/target/test-dir/MiniOzoneClusterImpl-1fbc595b-70b6-44e3-b18f-c16b6617eb44/datanode-0/data/ratis/0388dd07-ba13-4d95-9ff7-6fc154899002/current/log_inprogress_0
2019-09-02 05:34:27,996 [grpc-default-executor-8] INFO  impl.RaftServerImpl (ServerState.java:setLeader(263)) - 4b74841b-131d-45de-b540-61ea462008ca:group-6FC154899002 change Leader from null to 1199f808-5b20-429e-aaf6-04ba4f0b7453 at term 1 for appendEntries, leader elected after 5209ms
2019-09-02 05:34:27,996 [grpc-default-executor-9] INFO  impl.RoleInfo (RoleInfo.java:updateAndGet(143)) - 569e1e03-ab21-4bfc-b714-2486d4e9a65b: start FollowerState
2019-09-02 05:34:27,997 [grpc-default-executor-9] INFO  impl.RaftServerImpl (ServerState.java:setLeader(263)) - 569e1e03-ab21-4bfc-b714-2486d4e9a65b:group-6FC154899002 change Leader from null to 1199f808-5b20-429e-aaf6-04ba4f0b7453 at term 1 for appendEntries, leader elected after 5209ms
2019-09-02 05:34:28,012 [grpc-default-executor-9] INFO  impl.RaftServerImpl (ServerState.java:setRaftConf(361)) - 4b74841b-131d-45de-b540-61ea462008ca:group-6FC154899002 set configuration 0: [569e1e03-ab21-4bfc-b714-2486d4e9a65b:192.168.36.97:43408, 1199f808-5b20-429e-aaf6-04ba4f0b7453:192.168.36.97:42030, 4b74841b-131d-45de-b540-61ea462008ca:192.168.36.97:37608], old=null at 0
2019-09-02 05:34:28,012 [b7498dab-5b1e-417f-890a-ce82d5efae9c:group-436B101A440B:LeaderElection82] INFO  impl.LeaderElection (LeaderElection.java:askForVotes(181)) - b7498dab-5b1e-417f-890a-ce82d5efae9c:group-436B101A440B:LeaderElection82: begin an election at term 1 for -1: [b7498dab-5b1e-417f-890a-ce82d5efae9c:192.168.36.97:37478], old=null
2019-09-02 05:34:28,012 [grpc-default-executor-9] INFO  segmented.SegmentedRaftLogWorker (SegmentedRaftLogWorker.java:startLogSegment(380)) - 4b74841b-131d-45de-b540-61ea462008ca-SegmentedRaftLogWorker:Storage Directory /workdir/hadoop-ozone/integration-test/target/test-dir/MiniOzoneClusterImpl-1fbc595b-70b6-44e3-b18f-c16b6617eb44/datanode-1/data/ratis/0388dd07-ba13-4d95-9ff7-6fc154899002: Starting segment from index:0
2019-09-02 05:34:28,012 [grpc-default-executor-8] INFO  impl.RaftServerImpl (ServerState.java:setRaftConf(361)) - 569e1e03-ab21-4bfc-b714-2486d4e9a65b:group-6FC154899002 set configuration 0: [569e1e03-ab21-4bfc-b714-2486d4e9a65b:192.168.36.97:43408, 1199f808-5b20-429e-aaf6-04ba4f0b7453:192.168.36.97:42030, 4b74841b-131d-45de-b540-61ea462008ca:192.168.36.97:37608], old=null at 0
2019-09-02 05:34:28,012 [b7498dab-5b1e-417f-890a-ce82d5efae9c:group-436B101A440B:LeaderElection82] INFO  impl.RoleInfo (RoleInfo.java:shutdownLeaderElection(134)) - b7498dab-5b1e-417f-890a-ce82d5efae9c: shutdown LeaderElection
2019-09-02 05:34:28,013 [grpc-default-executor-8] INFO  segmented.SegmentedRaftLogWorker (SegmentedRaftLogWorker.java:startLogSegment(380)) - 569e1e03-ab21-4bfc-b714-2486d4e9a65b-SegmentedRaftLogWorker:Storage Directory /workdir/hadoop-ozone/integration-test/target/test-dir/MiniOzoneClusterImpl-1fbc595b-70b6-44e3-b18f-c16b6617eb44/datanode-2/data/ratis/0388dd07-ba13-4d95-9ff7-6fc154899002: Starting segment from index:0
2019-09-02 05:34:28,013 [b7498dab-5b1e-417f-890a-ce82d5efae9c:group-436B101A440B:LeaderElection82] INFO  impl.RaftServerImpl (RaftServerImpl.java:setRole(171)) - b7498dab-5b1e-417f-890a-ce82d5efae9c:group-436B101A440B changes role from CANDIDATE to LEADER at term 1 for changeToLeader
2019-09-02 05:34:28,013 [b7498dab-5b1e-417f-890a-ce82d5efae9c:group-436B101A440B:LeaderElection82] INFO  impl.RaftServerImpl (ServerState.java:setLeader(263)) - b7498dab-5b1e-417f-890a-ce82d5efae9c:group-436B101A440B change Leader from null to b7498dab-5b1e-417f-890a-ce82d5efae9c at term 1 for becomeLeader, leader elected after 5072ms
2019-09-02 05:34:28,013 [b7498dab-5b1e-417f-890a-ce82d5efae9c:group-436B101A440B:LeaderElection82] INFO  server.RaftServerConfigKeys (ConfUtils.java:logGet(43)) - raft.server.staging.catchup.gap = 1000 (default)
2019-09-02 05:34:28,014 [b7498dab-5b1e-417f-890a-ce82d5efae9c:group-436B101A440B:LeaderElection82] INFO  server.RaftServerConfigKeys (ConfUtils.java:logGet(43)) - raft.server.rpc.sleep.time = 25ms (default)
2019-09-02 05:34:28,014 [b7498dab-5b1e-417f-890a-ce82d5efae9c:group-436B101A440B:LeaderElection82] INFO  server.RaftServerConfigKeys (ConfUtils.java:logGet(43)) - raft.server.write.element-limit = 4096 (default)
2019-09-02 05:34:28,014 [b7498dab-5b1e-417f-890a-ce82d5efae9c:group-436B101A440B:LeaderElection82] INFO  server.RaftServerConfigKeys (ConfUtils.java:logGet(43)) - raft.server.watch.timeout = 10s (default)
2019-09-02 05:34:28,014 [b7498dab-5b1e-417f-890a-ce82d5efae9c:group-436B101A440B:LeaderElection82] INFO  server.RaftServerConfigKeys (ConfUtils.java:logGet(43)) - raft.server.watch.timeout.denomination = 1s (default)
2019-09-02 05:34:28,014 [b7498dab-5b1e-417f-890a-ce82d5efae9c:group-436B101A440B:LeaderElection82] INFO  server.RaftServerConfigKeys (ConfUtils.java:logGet(43)) - raft.server.watch.element-limit = 65536 (default)
2019-09-02 05:34:28,014 [b7498dab-5b1e-417f-890a-ce82d5efae9c:group-436B101A440B:LeaderElection82] INFO  impl.RoleInfo (RoleInfo.java:updateAndGet(143)) - b7498dab-5b1e-417f-890a-ce82d5efae9c: start LeaderState
2019-09-02 05:34:28,014 [b7498dab-5b1e-417f-890a-ce82d5efae9c:group-436B101A440B:LeaderElection82] INFO  segmented.SegmentedRaftLogWorker (SegmentedRaftLogWorker.java:startLogSegment(380)) - b7498dab-5b1e-417f-890a-ce82d5efae9c-SegmentedRaftLogWorker:Storage Directory /workdir/hadoop-ozone/integration-test/target/test-dir/MiniOzoneClusterImpl-1fbc595b-70b6-44e3-b18f-c16b6617eb44/datanode-4/data/ratis/77161a80-5ba2-42b3-b9a8-436b101a440b: Starting segment from index:0
2019-09-02 05:34:28,015 [b7498dab-5b1e-417f-890a-ce82d5efae9c:group-436B101A440B:LeaderElection82] INFO  impl.RaftServerImpl (ServerState.java:setRaftConf(361)) - b7498dab-5b1e-417f-890a-ce82d5efae9c:group-436B101A440B set configuration 0: [b7498dab-5b1e-417f-890a-ce82d5efae9c:192.168.36.97:37478], old=null at 0
2019-09-02 05:34:28,060 [Thread-4317] INFO  impl.FollowerState (FollowerState.java:run(106)) - d0793bc8-f6b5-41cf-bbcb-211eaf1438ef:group-5D07124EC605 changes to CANDIDATE, lastRpcTime:5040, electionTimeout:5040ms
2019-09-02 05:34:28,060 [Thread-4317] INFO  impl.RoleInfo (RoleInfo.java:shutdownFollowerState(121)) - d0793bc8-f6b5-41cf-bbcb-211eaf1438ef: shutdown FollowerState
2019-09-02 05:34:28,060 [Thread-4317] INFO  impl.RaftServerImpl (RaftServerImpl.java:setRole(171)) - d0793bc8-f6b5-41cf-bbcb-211eaf1438ef:group-5D07124EC605 changes role from FOLLOWER to CANDIDATE at term 0 for changeToCandidate
2019-09-02 05:34:28,060 [Thread-4317] INFO  impl.RoleInfo (RoleInfo.java:updateAndGet(143)) - d0793bc8-f6b5-41cf-bbcb-211eaf1438ef: start LeaderElection
2019-09-02 05:34:28,064 [b7498dab-5b1e-417f-890a-ce82d5efae9c-SegmentedRaftLogWorker:Storage Directory /workdir/hadoop-ozone/integration-test/target/test-dir/MiniOzoneClusterImpl-1fbc595b-70b6-44e3-b18f-c16b6617eb44/datanode-4/data/ratis/77161a80-5ba2-42b3-b9a8-436b101a440b] INFO  segmented.SegmentedRaftLogWorker (SegmentedRaftLogWorker.java:execute(569)) - b7498dab-5b1e-417f-890a-ce82d5efae9c-SegmentedRaftLogWorker:Storage Directory /workdir/hadoop-ozone/integration-test/target/test-dir/MiniOzoneClusterImpl-1fbc595b-70b6-44e3-b18f-c16b6617eb44/datanode-4/data/ratis/77161a80-5ba2-42b3-b9a8-436b101a440b: created new log segment /workdir/hadoop-ozone/integration-test/target/test-dir/MiniOzoneClusterImpl-1fbc595b-70b6-44e3-b18f-c16b6617eb44/datanode-4/data/ratis/77161a80-5ba2-42b3-b9a8-436b101a440b/current/log_inprogress_0
2019-09-02 05:34:28,064 [569e1e03-ab21-4bfc-b714-2486d4e9a65b-SegmentedRaftLogWorker:Storage Directory /workdir/hadoop-ozone/integration-test/target/test-dir/MiniOzoneClusterImpl-1fbc595b-70b6-44e3-b18f-c16b6617eb44/datanode-2/data/ratis/0388dd07-ba13-4d95-9ff7-6fc154899002] INFO  segmented.SegmentedRaftLogWorker (SegmentedRaftLogWorker.java:execute(569)) - 569e1e03-ab21-4bfc-b714-2486d4e9a65b-SegmentedRaftLogWorker:Storage Directory /workdir/hadoop-ozone/integration-test/target/test-dir/MiniOzoneClusterImpl-1fbc595b-70b6-44e3-b18f-c16b6617eb44/datanode-2/data/ratis/0388dd07-ba13-4d95-9ff7-6fc154899002: created new log segment /workdir/hadoop-ozone/integration-test/target/test-dir/MiniOzoneClusterImpl-1fbc595b-70b6-44e3-b18f-c16b6617eb44/datanode-2/data/ratis/0388dd07-ba13-4d95-9ff7-6fc154899002/current/log_inprogress_0
2019-09-02 05:34:28,064 [4b74841b-131d-45de-b540-61ea462008ca-SegmentedRaftLogWorker:Storage Directory /workdir/hadoop-ozone/integration-test/target/test-dir/MiniOzoneClusterImpl-1fbc595b-70b6-44e3-b18f-c16b6617eb44/datanode-1/data/ratis/0388dd07-ba13-4d95-9ff7-6fc154899002] INFO  segmented.SegmentedRaftLogWorker (SegmentedRaftLogWorker.java:execute(569)) - 4b74841b-131d-45de-b540-61ea462008ca-SegmentedRaftLogWorker:Storage Directory /workdir/hadoop-ozone/integration-test/target/test-dir/MiniOzoneClusterImpl-1fbc595b-70b6-44e3-b18f-c16b6617eb44/datanode-1/data/ratis/0388dd07-ba13-4d95-9ff7-6fc154899002: created new log segment /workdir/hadoop-ozone/integration-test/target/test-dir/MiniOzoneClusterImpl-1fbc595b-70b6-44e3-b18f-c16b6617eb44/datanode-1/data/ratis/0388dd07-ba13-4d95-9ff7-6fc154899002/current/log_inprogress_0
2019-09-02 05:34:28,068 [d0793bc8-f6b5-41cf-bbcb-211eaf1438ef:group-5D07124EC605:LeaderElection83] INFO  impl.LeaderElection (LeaderElection.java:askForVotes(181)) - d0793bc8-f6b5-41cf-bbcb-211eaf1438ef:group-5D07124EC605:LeaderElection83: begin an election at term 1 for -1: [d0793bc8-f6b5-41cf-bbcb-211eaf1438ef:192.168.36.97:45697], old=null
2019-09-02 05:34:28,068 [d0793bc8-f6b5-41cf-bbcb-211eaf1438ef:group-5D07124EC605:LeaderElection83] INFO  impl.RoleInfo (RoleInfo.java:shutdownLeaderElection(134)) - d0793bc8-f6b5-41cf-bbcb-211eaf1438ef: shutdown LeaderElection
2019-09-02 05:34:28,068 [d0793bc8-f6b5-41cf-bbcb-211eaf1438ef:group-5D07124EC605:LeaderElection83] INFO  impl.RaftServerImpl (RaftServerImpl.java:setRole(171)) - d0793bc8-f6b5-41cf-bbcb-211eaf1438ef:group-5D07124EC605 changes role from CANDIDATE to LEADER at term 1 for changeToLeader
2019-09-02 05:34:28,068 [d0793bc8-f6b5-41cf-bbcb-211eaf1438ef:group-5D07124EC605:LeaderElection83] INFO  impl.RaftServerImpl (ServerState.java:setLeader(263)) - d0793bc8-f6b5-41cf-bbcb-211eaf1438ef:group-5D07124EC605 change Leader from null to d0793bc8-f6b5-41cf-bbcb-211eaf1438ef at term 1 for becomeLeader, leader elected after 5053ms
2019-09-02 05:34:28,068 [d0793bc8-f6b5-41cf-bbcb-211eaf1438ef:group-5D07124EC605:LeaderElection83] INFO  server.RaftServerConfigKeys (ConfUtils.java:logGet(43)) - raft.server.staging.catchup.gap = 1000 (default)
2019-09-02 05:34:28,068 [d0793bc8-f6b5-41cf-bbcb-211eaf1438ef:group-5D07124EC605:LeaderElection83] INFO  server.RaftServerConfigKeys (ConfUtils.java:logGet(43)) - raft.server.rpc.sleep.time = 25ms (default)
2019-09-02 05:34:28,068 [d0793bc8-f6b5-41cf-bbcb-211eaf1438ef:group-5D07124EC605:LeaderElection83] INFO  server.RaftServerConfigKeys (ConfUtils.java:logGet(43)) - raft.server.write.element-limit = 4096 (default)
2019-09-02 05:34:28,068 [d0793bc8-f6b5-41cf-bbcb-211eaf1438ef:group-5D07124EC605:LeaderElection83] INFO  server.RaftServerConfigKeys (ConfUtils.java:logGet(43)) - raft.server.watch.timeout = 10s (default)
2019-09-02 05:34:28,068 [d0793bc8-f6b5-41cf-bbcb-211eaf1438ef:group-5D07124EC605:LeaderElection83] INFO  server.RaftServerConfigKeys (ConfUtils.java:logGet(43)) - raft.server.watch.timeout.denomination = 1s (default)
2019-09-02 05:34:28,069 [d0793bc8-f6b5-41cf-bbcb-211eaf1438ef:group-5D07124EC605:LeaderElection83] INFO  server.RaftServerConfigKeys (ConfUtils.java:logGet(43)) - raft.server.watch.element-limit = 65536 (default)
2019-09-02 05:34:28,069 [d0793bc8-f6b5-41cf-bbcb-211eaf1438ef:group-5D07124EC605:LeaderElection83] INFO  impl.RoleInfo (RoleInfo.java:updateAndGet(143)) - d0793bc8-f6b5-41cf-bbcb-211eaf1438ef: start LeaderState
2019-09-02 05:34:28,069 [d0793bc8-f6b5-41cf-bbcb-211eaf1438ef:group-5D07124EC605:LeaderElection83] INFO  segmented.SegmentedRaftLogWorker (SegmentedRaftLogWorker.java:startLogSegment(380)) - d0793bc8-f6b5-41cf-bbcb-211eaf1438ef-SegmentedRaftLogWorker:Storage Directory /workdir/hadoop-ozone/integration-test/target/test-dir/MiniOzoneClusterImpl-1fbc595b-70b6-44e3-b18f-c16b6617eb44/datanode-5/data/ratis/c18101aa-3fa6-41b5-bbb1-5d07124ec605: Starting segment from index:0
2019-09-02 05:34:28,069 [d0793bc8-f6b5-41cf-bbcb-211eaf1438ef:group-5D07124EC605:LeaderElection83] INFO  impl.RaftServerImpl (ServerState.java:setRaftConf(361)) - d0793bc8-f6b5-41cf-bbcb-211eaf1438ef:group-5D07124EC605 set configuration 0: [d0793bc8-f6b5-41cf-bbcb-211eaf1438ef:192.168.36.97:45697], old=null at 0
2019-09-02 05:34:28,117 [d0793bc8-f6b5-41cf-bbcb-211eaf1438ef-SegmentedRaftLogWorker:Storage Directory /workdir/hadoop-ozone/integration-test/target/test-dir/MiniOzoneClusterImpl-1fbc595b-70b6-44e3-b18f-c16b6617eb44/datanode-5/data/ratis/c18101aa-3fa6-41b5-bbb1-5d07124ec605] INFO  segmented.SegmentedRaftLogWorker (SegmentedRaftLogWorker.java:execute(569)) - d0793bc8-f6b5-41cf-bbcb-211eaf1438ef-SegmentedRaftLogWorker:Storage Directory /workdir/hadoop-ozone/integration-test/target/test-dir/MiniOzoneClusterImpl-1fbc595b-70b6-44e3-b18f-c16b6617eb44/datanode-5/data/ratis/c18101aa-3fa6-41b5-bbb1-5d07124ec605: created new log segment /workdir/hadoop-ozone/integration-test/target/test-dir/MiniOzoneClusterImpl-1fbc595b-70b6-44e3-b18f-c16b6617eb44/datanode-5/data/ratis/c18101aa-3fa6-41b5-bbb1-5d07124ec605/current/log_inprogress_0
2019-09-02 05:34:28,127 [Thread-4320] INFO  impl.FollowerState (FollowerState.java:run(106)) - 61b655a0-f2c1-4cf2-bf18-a6aadfe6ba94:group-734CA68C3F8B changes to CANDIDATE, lastRpcTime:5059, electionTimeout:5059ms
2019-09-02 05:34:28,127 [Thread-4320] INFO  impl.RoleInfo (RoleInfo.java:shutdownFollowerState(121)) - 61b655a0-f2c1-4cf2-bf18-a6aadfe6ba94: shutdown FollowerState
2019-09-02 05:34:28,127 [Thread-4320] INFO  impl.RaftServerImpl (RaftServerImpl.java:setRole(171)) - 61b655a0-f2c1-4cf2-bf18-a6aadfe6ba94:group-734CA68C3F8B changes role from FOLLOWER to CANDIDATE at term 0 for changeToCandidate
2019-09-02 05:34:28,127 [Thread-4320] INFO  impl.RoleInfo (RoleInfo.java:updateAndGet(143)) - 61b655a0-f2c1-4cf2-bf18-a6aadfe6ba94: start LeaderElection
2019-09-02 05:34:28,143 [61b655a0-f2c1-4cf2-bf18-a6aadfe6ba94:group-734CA68C3F8B:LeaderElection84] INFO  impl.LeaderElection (LeaderElection.java:askForVotes(181)) - 61b655a0-f2c1-4cf2-bf18-a6aadfe6ba94:group-734CA68C3F8B:LeaderElection84: begin an election at term 1 for -1: [61b655a0-f2c1-4cf2-bf18-a6aadfe6ba94:192.168.36.97:34887], old=null
2019-09-02 05:34:28,143 [61b655a0-f2c1-4cf2-bf18-a6aadfe6ba94:group-734CA68C3F8B:LeaderElection84] INFO  impl.RoleInfo (RoleInfo.java:shutdownLeaderElection(134)) - 61b655a0-f2c1-4cf2-bf18-a6aadfe6ba94: shutdown LeaderElection
2019-09-02 05:34:28,143 [61b655a0-f2c1-4cf2-bf18-a6aadfe6ba94:group-734CA68C3F8B:LeaderElection84] INFO  impl.RaftServerImpl (RaftServerImpl.java:setRole(171)) - 61b655a0-f2c1-4cf2-bf18-a6aadfe6ba94:group-734CA68C3F8B changes role from CANDIDATE to LEADER at term 1 for changeToLeader
2019-09-02 05:34:28,143 [61b655a0-f2c1-4cf2-bf18-a6aadfe6ba94:group-734CA68C3F8B:LeaderElection84] INFO  impl.RaftServerImpl (ServerState.java:setLeader(263)) - 61b655a0-f2c1-4cf2-bf18-a6aadfe6ba94:group-734CA68C3F8B change Leader from null to 61b655a0-f2c1-4cf2-bf18-a6aadfe6ba94 at term 1 for becomeLeader, leader elected after 5081ms
2019-09-02 05:34:28,144 [61b655a0-f2c1-4cf2-bf18-a6aadfe6ba94:group-734CA68C3F8B:LeaderElection84] INFO  server.RaftServerConfigKeys (ConfUtils.java:logGet(43)) - raft.server.staging.catchup.gap = 1000 (default)
2019-09-02 05:34:28,144 [61b655a0-f2c1-4cf2-bf18-a6aadfe6ba94:group-734CA68C3F8B:LeaderElection84] INFO  server.RaftServerConfigKeys (ConfUtils.java:logGet(43)) - raft.server.rpc.sleep.time = 25ms (default)
2019-09-02 05:34:28,144 [61b655a0-f2c1-4cf2-bf18-a6aadfe6ba94:group-734CA68C3F8B:LeaderElection84] INFO  server.RaftServerConfigKeys (ConfUtils.java:logGet(43)) - raft.server.write.element-limit = 4096 (default)
2019-09-02 05:34:28,144 [61b655a0-f2c1-4cf2-bf18-a6aadfe6ba94:group-734CA68C3F8B:LeaderElection84] INFO  server.RaftServerConfigKeys (ConfUtils.java:logGet(43)) - raft.server.watch.timeout = 10s (default)
2019-09-02 05:34:28,144 [61b655a0-f2c1-4cf2-bf18-a6aadfe6ba94:group-734CA68C3F8B:LeaderElection84] INFO  server.RaftServerConfigKeys (ConfUtils.java:logGet(43)) - raft.server.watch.timeout.denomination = 1s (default)
2019-09-02 05:34:28,144 [61b655a0-f2c1-4cf2-bf18-a6aadfe6ba94:group-734CA68C3F8B:LeaderElection84] INFO  server.RaftServerConfigKeys (ConfUtils.java:logGet(43)) - raft.server.watch.element-limit = 65536 (default)
2019-09-02 05:34:28,144 [61b655a0-f2c1-4cf2-bf18-a6aadfe6ba94:group-734CA68C3F8B:LeaderElection84] INFO  impl.RoleInfo (RoleInfo.java:updateAndGet(143)) - 61b655a0-f2c1-4cf2-bf18-a6aadfe6ba94: start LeaderState
2019-09-02 05:34:28,144 [61b655a0-f2c1-4cf2-bf18-a6aadfe6ba94:group-734CA68C3F8B:LeaderElection84] INFO  segmented.SegmentedRaftLogWorker (SegmentedRaftLogWorker.java:startLogSegment(380)) - 61b655a0-f2c1-4cf2-bf18-a6aadfe6ba94-SegmentedRaftLogWorker:Storage Directory /workdir/hadoop-ozone/integration-test/target/test-dir/MiniOzoneClusterImpl-1fbc595b-70b6-44e3-b18f-c16b6617eb44/datanode-6/data/ratis/752660fb-ed6d-4886-81ad-734ca68c3f8b: Starting segment from index:0
2019-09-02 05:34:28,145 [61b655a0-f2c1-4cf2-bf18-a6aadfe6ba94:group-734CA68C3F8B:LeaderElection84] INFO  impl.RaftServerImpl (ServerState.java:setRaftConf(361)) - 61b655a0-f2c1-4cf2-bf18-a6aadfe6ba94:group-734CA68C3F8B set configuration 0: [61b655a0-f2c1-4cf2-bf18-a6aadfe6ba94:192.168.36.97:34887], old=null at 0
2019-09-02 05:34:28,180 [grpc-default-executor-8] INFO  client.GrpcClientProtocolClient (GrpcClientProtocolClient.java:onNext(255)) - client-DC6AB29D5CB3->61b655a0-f2c1-4cf2-bf18-a6aadfe6ba94: receive RaftClientReply:client-DC6AB29D5CB3->61b655a0-f2c1-4cf2-bf18-a6aadfe6ba94@group-A2B83118B647, cid=234, FAILED org.apache.ratis.protocol.NotLeaderException: Server 61b655a0-f2c1-4cf2-bf18-a6aadfe6ba94 is not the leader (null). Request must be sent to leader., logIndex=0, commits[61b655a0-f2c1-4cf2-bf18-a6aadfe6ba94:c-1]
2019-09-02 05:34:28,186 [61b655a0-f2c1-4cf2-bf18-a6aadfe6ba94-SegmentedRaftLogWorker:Storage Directory /workdir/hadoop-ozone/integration-test/target/test-dir/MiniOzoneClusterImpl-1fbc595b-70b6-44e3-b18f-c16b6617eb44/datanode-6/data/ratis/752660fb-ed6d-4886-81ad-734ca68c3f8b] INFO  segmented.SegmentedRaftLogWorker (SegmentedRaftLogWorker.java:execute(569)) - 61b655a0-f2c1-4cf2-bf18-a6aadfe6ba94-SegmentedRaftLogWorker:Storage Directory /workdir/hadoop-ozone/integration-test/target/test-dir/MiniOzoneClusterImpl-1fbc595b-70b6-44e3-b18f-c16b6617eb44/datanode-6/data/ratis/752660fb-ed6d-4886-81ad-734ca68c3f8b: created new log segment /workdir/hadoop-ozone/integration-test/target/test-dir/MiniOzoneClusterImpl-1fbc595b-70b6-44e3-b18f-c16b6617eb44/datanode-6/data/ratis/752660fb-ed6d-4886-81ad-734ca68c3f8b/current/log_inprogress_0
2019-09-02 05:34:28,206 [Thread-4323] INFO  impl.FollowerState (FollowerState.java:run(106)) - 02e6a447-e4f4-425c-9bcb-7c40088bb9c3:group-D5A8AE991C76 changes to CANDIDATE, lastRpcTime:5077, electionTimeout:5077ms
2019-09-02 05:34:28,206 [Thread-4323] INFO  impl.RoleInfo (RoleInfo.java:shutdownFollowerState(121)) - 02e6a447-e4f4-425c-9bcb-7c40088bb9c3: shutdown FollowerState
2019-09-02 05:34:28,206 [Thread-4323] INFO  impl.RaftServerImpl (RaftServerImpl.java:setRole(171)) - 02e6a447-e4f4-425c-9bcb-7c40088bb9c3:group-D5A8AE991C76 changes role from FOLLOWER to CANDIDATE at term 0 for changeToCandidate
2019-09-02 05:34:28,206 [Thread-4323] INFO  impl.RoleInfo (RoleInfo.java:updateAndGet(143)) - 02e6a447-e4f4-425c-9bcb-7c40088bb9c3: start LeaderElection
2019-09-02 05:34:28,212 [Thread-4326] INFO  impl.FollowerState (FollowerState.java:run(106)) - 61b655a0-f2c1-4cf2-bf18-a6aadfe6ba94:group-A2B83118B647 changes to CANDIDATE, lastRpcTime:5008, electionTimeout:5007ms
2019-09-02 05:34:28,213 [Thread-4326] INFO  impl.RoleInfo (RoleInfo.java:shutdownFollowerState(121)) - 61b655a0-f2c1-4cf2-bf18-a6aadfe6ba94: shutdown FollowerState
2019-09-02 05:34:28,213 [Thread-4326] INFO  impl.RaftServerImpl (RaftServerImpl.java:setRole(171)) - 61b655a0-f2c1-4cf2-bf18-a6aadfe6ba94:group-A2B83118B647 changes role from FOLLOWER to CANDIDATE at term 0 for changeToCandidate
2019-09-02 05:34:28,213 [Thread-4326] INFO  impl.RoleInfo (RoleInfo.java:updateAndGet(143)) - 61b655a0-f2c1-4cf2-bf18-a6aadfe6ba94: start LeaderElection
2019-09-02 05:34:28,226 [61b655a0-f2c1-4cf2-bf18-a6aadfe6ba94:group-A2B83118B647:LeaderElection86] INFO  impl.LeaderElection (LeaderElection.java:askForVotes(181)) - 61b655a0-f2c1-4cf2-bf18-a6aadfe6ba94:group-A2B83118B647:LeaderElection86: begin an election at term 1 for -1: [d0793bc8-f6b5-41cf-bbcb-211eaf1438ef:192.168.36.97:45697, 61b655a0-f2c1-4cf2-bf18-a6aadfe6ba94:192.168.36.97:34887, b7498dab-5b1e-417f-890a-ce82d5efae9c:192.168.36.97:37478], old=null
2019-09-02 05:34:28,226 [02e6a447-e4f4-425c-9bcb-7c40088bb9c3:group-D5A8AE991C76:LeaderElection85] INFO  impl.LeaderElection (LeaderElection.java:askForVotes(181)) - 02e6a447-e4f4-425c-9bcb-7c40088bb9c3:group-D5A8AE991C76:LeaderElection85: begin an election at term 1 for -1: [02e6a447-e4f4-425c-9bcb-7c40088bb9c3:192.168.36.97:42426], old=null
2019-09-02 05:34:28,226 [02e6a447-e4f4-425c-9bcb-7c40088bb9c3:group-D5A8AE991C76:LeaderElection85] INFO  impl.RoleInfo (RoleInfo.java:shutdownLeaderElection(134)) - 02e6a447-e4f4-425c-9bcb-7c40088bb9c3: shutdown LeaderElection
2019-09-02 05:34:28,226 [02e6a447-e4f4-425c-9bcb-7c40088bb9c3:group-D5A8AE991C76:LeaderElection85] INFO  impl.RaftServerImpl (RaftServerImpl.java:setRole(171)) - 02e6a447-e4f4-425c-9bcb-7c40088bb9c3:group-D5A8AE991C76 changes role from CANDIDATE to LEADER at term 1 for changeToLeader
2019-09-02 05:34:28,226 [02e6a447-e4f4-425c-9bcb-7c40088bb9c3:group-D5A8AE991C76:LeaderElection85] INFO  impl.RaftServerImpl (ServerState.java:setLeader(263)) - 02e6a447-e4f4-425c-9bcb-7c40088bb9c3:group-D5A8AE991C76 change Leader from null to 02e6a447-e4f4-425c-9bcb-7c40088bb9c3 at term 1 for becomeLeader, leader elected after 5102ms
2019-09-02 05:34:28,226 [02e6a447-e4f4-425c-9bcb-7c40088bb9c3:group-D5A8AE991C76:LeaderElection85] INFO  server.RaftServerConfigKeys (ConfUtils.java:logGet(43)) - raft.server.staging.catchup.gap = 1000 (default)
2019-09-02 05:34:28,226 [02e6a447-e4f4-425c-9bcb-7c40088bb9c3:group-D5A8AE991C76:LeaderElection85] INFO  server.RaftServerConfigKeys (ConfUtils.java:logGet(43)) - raft.server.rpc.sleep.time = 25ms (default)
2019-09-02 05:34:28,227 [02e6a447-e4f4-425c-9bcb-7c40088bb9c3:group-D5A8AE991C76:LeaderElection85] INFO  server.RaftServerConfigKeys (ConfUtils.java:logGet(43)) - raft.server.write.element-limit = 4096 (default)
2019-09-02 05:34:28,227 [02e6a447-e4f4-425c-9bcb-7c40088bb9c3:group-D5A8AE991C76:LeaderElection85] INFO  server.RaftServerConfigKeys (ConfUtils.java:logGet(43)) - raft.server.watch.timeout = 10s (default)
2019-09-02 05:34:28,227 [02e6a447-e4f4-425c-9bcb-7c40088bb9c3:group-D5A8AE991C76:LeaderElection85] INFO  server.RaftServerConfigKeys (ConfUtils.java:logGet(43)) - raft.server.watch.timeout.denomination = 1s (default)
2019-09-02 05:34:28,227 [02e6a447-e4f4-425c-9bcb-7c40088bb9c3:group-D5A8AE991C76:LeaderElection85] INFO  server.RaftServerConfigKeys (ConfUtils.java:logGet(43)) - raft.server.watch.element-limit = 65536 (default)
2019-09-02 05:34:28,227 [02e6a447-e4f4-425c-9bcb-7c40088bb9c3:group-D5A8AE991C76:LeaderElection85] INFO  impl.RoleInfo (RoleInfo.java:updateAndGet(143)) - 02e6a447-e4f4-425c-9bcb-7c40088bb9c3: start LeaderState
2019-09-02 05:34:28,227 [02e6a447-e4f4-425c-9bcb-7c40088bb9c3:group-D5A8AE991C76:LeaderElection85] INFO  segmented.SegmentedRaftLogWorker (SegmentedRaftLogWorker.java:startLogSegment(380)) - 02e6a447-e4f4-425c-9bcb-7c40088bb9c3-SegmentedRaftLogWorker:Storage Directory /workdir/hadoop-ozone/integration-test/target/test-dir/MiniOzoneClusterImpl-1fbc595b-70b6-44e3-b18f-c16b6617eb44/datanode-3/data/ratis/be7e8634-9619-4390-a792-d5a8ae991c76: Starting segment from index:0
2019-09-02 05:34:28,228 [02e6a447-e4f4-425c-9bcb-7c40088bb9c3:group-D5A8AE991C76:LeaderElection85] INFO  impl.RaftServerImpl (ServerState.java:setRaftConf(361)) - 02e6a447-e4f4-425c-9bcb-7c40088bb9c3:group-D5A8AE991C76 set configuration 0: [02e6a447-e4f4-425c-9bcb-7c40088bb9c3:192.168.36.97:42426], old=null at 0
2019-09-02 05:34:28,231 [grpc-default-executor-9] INFO  impl.RaftServerImpl (RaftServerImpl.java:setRole(171)) - b7498dab-5b1e-417f-890a-ce82d5efae9c:group-A2B83118B647 changes role from FOLLOWER to FOLLOWER at term 1 for recognizeCandidate:61b655a0-f2c1-4cf2-bf18-a6aadfe6ba94
2019-09-02 05:34:28,231 [grpc-default-executor-8] INFO  impl.RaftServerImpl (RaftServerImpl.java:setRole(171)) - d0793bc8-f6b5-41cf-bbcb-211eaf1438ef:group-A2B83118B647 changes role from FOLLOWER to FOLLOWER at term 1 for recognizeCandidate:61b655a0-f2c1-4cf2-bf18-a6aadfe6ba94
2019-09-02 05:34:28,231 [grpc-default-executor-9] INFO  impl.RoleInfo (RoleInfo.java:shutdownFollowerState(121)) - b7498dab-5b1e-417f-890a-ce82d5efae9c: shutdown FollowerState
2019-09-02 05:34:28,231 [grpc-default-executor-8] INFO  impl.RoleInfo (RoleInfo.java:shutdownFollowerState(121)) - d0793bc8-f6b5-41cf-bbcb-211eaf1438ef: shutdown FollowerState
2019-09-02 05:34:28,232 [Thread-4331] INFO  impl.FollowerState (FollowerState.java:run(114)) - b7498dab-5b1e-417f-890a-ce82d5efae9c: FollowerState was interrupted: java.lang.InterruptedException: sleep interrupted
2019-09-02 05:34:28,232 [grpc-default-executor-9] INFO  impl.RoleInfo (RoleInfo.java:updateAndGet(143)) - b7498dab-5b1e-417f-890a-ce82d5efae9c: start FollowerState
2019-09-02 05:34:28,232 [grpc-default-executor-8] INFO  impl.RoleInfo (RoleInfo.java:updateAndGet(143)) - d0793bc8-f6b5-41cf-bbcb-211eaf1438ef: start FollowerState
2019-09-02 05:34:28,262 [Thread-4330] INFO  impl.FollowerState (FollowerState.java:run(114)) - d0793bc8-f6b5-41cf-bbcb-211eaf1438ef: FollowerState was interrupted: java.lang.InterruptedException: sleep interrupted
2019-09-02 05:34:28,277 [02e6a447-e4f4-425c-9bcb-7c40088bb9c3-SegmentedRaftLogWorker:Storage Directory /workdir/hadoop-ozone/integration-test/target/test-dir/MiniOzoneClusterImpl-1fbc595b-70b6-44e3-b18f-c16b6617eb44/datanode-3/data/ratis/be7e8634-9619-4390-a792-d5a8ae991c76] INFO  segmented.SegmentedRaftLogWorker (SegmentedRaftLogWorker.java:execute(569)) - 02e6a447-e4f4-425c-9bcb-7c40088bb9c3-SegmentedRaftLogWorker:Storage Directory /workdir/hadoop-ozone/integration-test/target/test-dir/MiniOzoneClusterImpl-1fbc595b-70b6-44e3-b18f-c16b6617eb44/datanode-3/data/ratis/be7e8634-9619-4390-a792-d5a8ae991c76: created new log segment /workdir/hadoop-ozone/integration-test/target/test-dir/MiniOzoneClusterImpl-1fbc595b-70b6-44e3-b18f-c16b6617eb44/datanode-3/data/ratis/be7e8634-9619-4390-a792-d5a8ae991c76/current/log_inprogress_0
2019-09-02 05:34:28,277 [61b655a0-f2c1-4cf2-bf18-a6aadfe6ba94:group-A2B83118B647:LeaderElection86] INFO  impl.LeaderElection (LeaderElection.java:logAndReturn(56)) - 61b655a0-f2c1-4cf2-bf18-a6aadfe6ba94:group-A2B83118B647:LeaderElection86: Election PASSED; received 1 response(s) [61b655a0-f2c1-4cf2-bf18-a6aadfe6ba94<-d0793bc8-f6b5-41cf-bbcb-211eaf1438ef#0:OK-t1] and 0 exception(s); 61b655a0-f2c1-4cf2-bf18-a6aadfe6ba94:t1, leader=null, voted=61b655a0-f2c1-4cf2-bf18-a6aadfe6ba94, raftlog=61b655a0-f2c1-4cf2-bf18-a6aadfe6ba94-SegmentedRaftLog:OPENED:c-1,f-1,i0, conf=-1: [d0793bc8-f6b5-41cf-bbcb-211eaf1438ef:192.168.36.97:45697, 61b655a0-f2c1-4cf2-bf18-a6aadfe6ba94:192.168.36.97:34887, b7498dab-5b1e-417f-890a-ce82d5efae9c:192.168.36.97:37478], old=null
2019-09-02 05:34:28,277 [61b655a0-f2c1-4cf2-bf18-a6aadfe6ba94:group-A2B83118B647:LeaderElection86] INFO  impl.RoleInfo (RoleInfo.java:shutdownLeaderElection(134)) - 61b655a0-f2c1-4cf2-bf18-a6aadfe6ba94: shutdown LeaderElection
2019-09-02 05:34:28,278 [61b655a0-f2c1-4cf2-bf18-a6aadfe6ba94:group-A2B83118B647:LeaderElection86] INFO  impl.RaftServerImpl (RaftServerImpl.java:setRole(171)) - 61b655a0-f2c1-4cf2-bf18-a6aadfe6ba94:group-A2B83118B647 changes role from CANDIDATE to LEADER at term 1 for changeToLeader
2019-09-02 05:34:28,278 [61b655a0-f2c1-4cf2-bf18-a6aadfe6ba94:group-A2B83118B647:LeaderElection86] INFO  impl.RaftServerImpl (ServerState.java:setLeader(263)) - 61b655a0-f2c1-4cf2-bf18-a6aadfe6ba94:group-A2B83118B647 change Leader from null to 61b655a0-f2c1-4cf2-bf18-a6aadfe6ba94 at term 1 for becomeLeader, leader elected after 5082ms
2019-09-02 05:34:28,278 [61b655a0-f2c1-4cf2-bf18-a6aadfe6ba94:group-A2B83118B647:LeaderElection86] INFO  server.RaftServerConfigKeys (ConfUtils.java:logGet(43)) - raft.server.staging.catchup.gap = 1000 (default)
2019-09-02 05:34:28,278 [61b655a0-f2c1-4cf2-bf18-a6aadfe6ba94:group-A2B83118B647:LeaderElection86] INFO  server.RaftServerConfigKeys (ConfUtils.java:logGet(43)) - raft.server.rpc.sleep.time = 25ms (default)
2019-09-02 05:34:28,278 [61b655a0-f2c1-4cf2-bf18-a6aadfe6ba94:group-A2B83118B647:LeaderElection86] INFO  server.RaftServerConfigKeys (ConfUtils.java:logGet(43)) - raft.server.write.element-limit = 4096 (default)
2019-09-02 05:34:28,278 [61b655a0-f2c1-4cf2-bf18-a6aadfe6ba94:group-A2B83118B647:LeaderElection86] INFO  server.RaftServerConfigKeys (ConfUtils.java:logGet(43)) - raft.server.watch.timeout = 10s (default)
2019-09-02 05:34:28,278 [61b655a0-f2c1-4cf2-bf18-a6aadfe6ba94:group-A2B83118B647:LeaderElection86] INFO  server.RaftServerConfigKeys (ConfUtils.java:logGet(43)) - raft.server.watch.timeout.denomination = 1s (default)
2019-09-02 05:34:28,278 [61b655a0-f2c1-4cf2-bf18-a6aadfe6ba94:group-A2B83118B647:LeaderElection86] INFO  server.RaftServerConfigKeys (ConfUtils.java:logGet(43)) - raft.server.watch.element-limit = 65536 (default)
2019-09-02 05:34:28,279 [61b655a0-f2c1-4cf2-bf18-a6aadfe6ba94:group-A2B83118B647:LeaderElection86] INFO  server.RaftServerConfigKeys (ConfUtils.java:logGet(43)) - raft.server.log.appender.snapshot.chunk.size.max = 16MB (=16777216) (default)
2019-09-02 05:34:28,279 [61b655a0-f2c1-4cf2-bf18-a6aadfe6ba94:group-A2B83118B647:LeaderElection86] INFO  server.RaftServerConfigKeys (ConfUtils.java:logGet(43)) - raft.server.log.appender.buffer.byte-limit = 33554432 (custom)
2019-09-02 05:34:28,279 [61b655a0-f2c1-4cf2-bf18-a6aadfe6ba94:group-A2B83118B647:LeaderElection86] INFO  server.RaftServerConfigKeys (ConfUtils.java:logGet(43)) - raft.server.log.appender.buffer.element-limit = 1 (custom)
2019-09-02 05:34:28,279 [61b655a0-f2c1-4cf2-bf18-a6aadfe6ba94:group-A2B83118B647:LeaderElection86] INFO  grpc.GrpcConfigKeys$Server (ConfUtils.java:logGet(43)) - raft.grpc.server.leader.outstanding.appends.max = 128 (default)
2019-09-02 05:34:28,279 [61b655a0-f2c1-4cf2-bf18-a6aadfe6ba94:group-A2B83118B647:LeaderElection86] INFO  server.RaftServerConfigKeys (ConfUtils.java:logGet(43)) - raft.server.rpc.request.timeout = 3000ms (default)
2019-09-02 05:34:28,279 [61b655a0-f2c1-4cf2-bf18-a6aadfe6ba94:group-A2B83118B647:LeaderElection86] INFO  server.RaftServerConfigKeys (ConfUtils.java:logGet(43)) - raft.server.log.appender.install.snapshot.enabled = false (custom)
2019-09-02 05:34:28,279 [61b655a0-f2c1-4cf2-bf18-a6aadfe6ba94:group-A2B83118B647:LeaderElection86] INFO  server.RaftServerConfigKeys (ConfUtils.java:logGet(43)) - raft.server.log.appender.snapshot.chunk.size.max = 16MB (=16777216) (default)
2019-09-02 05:34:28,279 [61b655a0-f2c1-4cf2-bf18-a6aadfe6ba94:group-A2B83118B647:LeaderElection86] INFO  server.RaftServerConfigKeys (ConfUtils.java:logGet(43)) - raft.server.log.appender.buffer.byte-limit = 33554432 (custom)
2019-09-02 05:34:28,280 [61b655a0-f2c1-4cf2-bf18-a6aadfe6ba94:group-A2B83118B647:LeaderElection86] INFO  server.RaftServerConfigKeys (ConfUtils.java:logGet(43)) - raft.server.log.appender.buffer.element-limit = 1 (custom)
2019-09-02 05:34:28,280 [61b655a0-f2c1-4cf2-bf18-a6aadfe6ba94:group-A2B83118B647:LeaderElection86] INFO  grpc.GrpcConfigKeys$Server (ConfUtils.java:logGet(43)) - raft.grpc.server.leader.outstanding.appends.max = 128 (default)
2019-09-02 05:34:28,280 [61b655a0-f2c1-4cf2-bf18-a6aadfe6ba94:group-A2B83118B647:LeaderElection86] INFO  server.RaftServerConfigKeys (ConfUtils.java:logGet(43)) - raft.server.rpc.request.timeout = 3000ms (default)
2019-09-02 05:34:28,280 [61b655a0-f2c1-4cf2-bf18-a6aadfe6ba94:group-A2B83118B647:LeaderElection86] INFO  server.RaftServerConfigKeys (ConfUtils.java:logGet(43)) - raft.server.log.appender.install.snapshot.enabled = false (custom)
2019-09-02 05:34:28,280 [61b655a0-f2c1-4cf2-bf18-a6aadfe6ba94:group-A2B83118B647:LeaderElection86] INFO  impl.RoleInfo (RoleInfo.java:updateAndGet(143)) - 61b655a0-f2c1-4cf2-bf18-a6aadfe6ba94: start LeaderState
2019-09-02 05:34:28,280 [61b655a0-f2c1-4cf2-bf18-a6aadfe6ba94:group-A2B83118B647:LeaderElection86] INFO  segmented.SegmentedRaftLogWorker (SegmentedRaftLogWorker.java:startLogSegment(380)) - 61b655a0-f2c1-4cf2-bf18-a6aadfe6ba94-SegmentedRaftLogWorker:Storage Directory /workdir/hadoop-ozone/integration-test/target/test-dir/MiniOzoneClusterImpl-1fbc595b-70b6-44e3-b18f-c16b6617eb44/datanode-6/data/ratis/dd9623b8-60ff-4fe3-bcfd-a2b83118b647: Starting segment from index:0
2019-09-02 05:34:28,281 [61b655a0-f2c1-4cf2-bf18-a6aadfe6ba94:group-A2B83118B647:LeaderElection86] INFO  impl.RaftServerImpl (ServerState.java:setRaftConf(361)) - 61b655a0-f2c1-4cf2-bf18-a6aadfe6ba94:group-A2B83118B647 set configuration 0: [d0793bc8-f6b5-41cf-bbcb-211eaf1438ef:192.168.36.97:45697, 61b655a0-f2c1-4cf2-bf18-a6aadfe6ba94:192.168.36.97:34887, b7498dab-5b1e-417f-890a-ce82d5efae9c:192.168.36.97:37478], old=null at 0
2019-09-02 05:34:28,310 [grpc-default-executor-9] INFO  impl.RaftServerImpl (ServerState.java:setLeader(263)) - d0793bc8-f6b5-41cf-bbcb-211eaf1438ef:group-A2B83118B647 change Leader from null to 61b655a0-f2c1-4cf2-bf18-a6aadfe6ba94 at term 1 for appendEntries, leader elected after 5114ms
2019-09-02 05:34:28,312 [grpc-default-executor-8] INFO  impl.RaftServerImpl (ServerState.java:setLeader(263)) - b7498dab-5b1e-417f-890a-ce82d5efae9c:group-A2B83118B647 change Leader from null to 61b655a0-f2c1-4cf2-bf18-a6aadfe6ba94 at term 1 for appendEntries, leader elected after 5115ms
2019-09-02 05:34:28,313 [grpc-default-executor-8] INFO  impl.RaftServerImpl (ServerState.java:setRaftConf(361)) - d0793bc8-f6b5-41cf-bbcb-211eaf1438ef:group-A2B83118B647 set configuration 0: [d0793bc8-f6b5-41cf-bbcb-211eaf1438ef:192.168.36.97:45697, 61b655a0-f2c1-4cf2-bf18-a6aadfe6ba94:192.168.36.97:34887, b7498dab-5b1e-417f-890a-ce82d5efae9c:192.168.36.97:37478], old=null at 0
2019-09-02 05:34:28,313 [grpc-default-executor-8] INFO  segmented.SegmentedRaftLogWorker (SegmentedRaftLogWorker.java:startLogSegment(380)) - d0793bc8-f6b5-41cf-bbcb-211eaf1438ef-SegmentedRaftLogWorker:Storage Directory /workdir/hadoop-ozone/integration-test/target/test-dir/MiniOzoneClusterImpl-1fbc595b-70b6-44e3-b18f-c16b6617eb44/datanode-5/data/ratis/dd9623b8-60ff-4fe3-bcfd-a2b83118b647: Starting segment from index:0
2019-09-02 05:34:28,313 [grpc-default-executor-9] INFO  impl.RaftServerImpl (ServerState.java:setRaftConf(361)) - b7498dab-5b1e-417f-890a-ce82d5efae9c:group-A2B83118B647 set configuration 0: [d0793bc8-f6b5-41cf-bbcb-211eaf1438ef:192.168.36.97:45697, 61b655a0-f2c1-4cf2-bf18-a6aadfe6ba94:192.168.36.97:34887, b7498dab-5b1e-417f-890a-ce82d5efae9c:192.168.36.97:37478], old=null at 0
2019-09-02 05:34:28,314 [grpc-default-executor-9] INFO  segmented.SegmentedRaftLogWorker (SegmentedRaftLogWorker.java:startLogSegment(380)) - b7498dab-5b1e-417f-890a-ce82d5efae9c-SegmentedRaftLogWorker:Storage Directory /workdir/hadoop-ozone/integration-test/target/test-dir/MiniOzoneClusterImpl-1fbc595b-70b6-44e3-b18f-c16b6617eb44/datanode-4/data/ratis/dd9623b8-60ff-4fe3-bcfd-a2b83118b647: Starting segment from index:0
2019-09-02 05:34:28,322 [61b655a0-f2c1-4cf2-bf18-a6aadfe6ba94-SegmentedRaftLogWorker:Storage Directory /workdir/hadoop-ozone/integration-test/target/test-dir/MiniOzoneClusterImpl-1fbc595b-70b6-44e3-b18f-c16b6617eb44/datanode-6/data/ratis/dd9623b8-60ff-4fe3-bcfd-a2b83118b647] INFO  segmented.SegmentedRaftLogWorker (SegmentedRaftLogWorker.java:execute(569)) - 61b655a0-f2c1-4cf2-bf18-a6aadfe6ba94-SegmentedRaftLogWorker:Storage Directory /workdir/hadoop-ozone/integration-test/target/test-dir/MiniOzoneClusterImpl-1fbc595b-70b6-44e3-b18f-c16b6617eb44/datanode-6/data/ratis/dd9623b8-60ff-4fe3-bcfd-a2b83118b647: created new log segment /workdir/hadoop-ozone/integration-test/target/test-dir/MiniOzoneClusterImpl-1fbc595b-70b6-44e3-b18f-c16b6617eb44/datanode-6/data/ratis/dd9623b8-60ff-4fe3-bcfd-a2b83118b647/current/log_inprogress_0
2019-09-02 05:34:28,363 [b7498dab-5b1e-417f-890a-ce82d5efae9c-SegmentedRaftLogWorker:Storage Directory /workdir/hadoop-ozone/integration-test/target/test-dir/MiniOzoneClusterImpl-1fbc595b-70b6-44e3-b18f-c16b6617eb44/datanode-4/data/ratis/dd9623b8-60ff-4fe3-bcfd-a2b83118b647] INFO  segmented.SegmentedRaftLogWorker (SegmentedRaftLogWorker.java:execute(569)) - b7498dab-5b1e-417f-890a-ce82d5efae9c-SegmentedRaftLogWorker:Storage Directory /workdir/hadoop-ozone/integration-test/target/test-dir/MiniOzoneClusterImpl-1fbc595b-70b6-44e3-b18f-c16b6617eb44/datanode-4/data/ratis/dd9623b8-60ff-4fe3-bcfd-a2b83118b647: created new log segment /workdir/hadoop-ozone/integration-test/target/test-dir/MiniOzoneClusterImpl-1fbc595b-70b6-44e3-b18f-c16b6617eb44/datanode-4/data/ratis/dd9623b8-60ff-4fe3-bcfd-a2b83118b647/current/log_inprogress_0
2019-09-02 05:34:28,363 [d0793bc8-f6b5-41cf-bbcb-211eaf1438ef-SegmentedRaftLogWorker:Storage Directory /workdir/hadoop-ozone/integration-test/target/test-dir/MiniOzoneClusterImpl-1fbc595b-70b6-44e3-b18f-c16b6617eb44/datanode-5/data/ratis/dd9623b8-60ff-4fe3-bcfd-a2b83118b647] INFO  segmented.SegmentedRaftLogWorker (SegmentedRaftLogWorker.java:execute(569)) - d0793bc8-f6b5-41cf-bbcb-211eaf1438ef-SegmentedRaftLogWorker:Storage Directory /workdir/hadoop-ozone/integration-test/target/test-dir/MiniOzoneClusterImpl-1fbc595b-70b6-44e3-b18f-c16b6617eb44/datanode-5/data/ratis/dd9623b8-60ff-4fe3-bcfd-a2b83118b647: created new log segment /workdir/hadoop-ozone/integration-test/target/test-dir/MiniOzoneClusterImpl-1fbc595b-70b6-44e3-b18f-c16b6617eb44/datanode-5/data/ratis/dd9623b8-60ff-4fe3-bcfd-a2b83118b647/current/log_inprogress_0
2019-09-02 05:34:29,188 [grpc-default-executor-9] INFO  client.GrpcClientProtocolClient (GrpcClientProtocolClient.java:onNext(255)) - client-DC6AB29D5CB3->b7498dab-5b1e-417f-890a-ce82d5efae9c: receive RaftClientReply:client-DC6AB29D5CB3->b7498dab-5b1e-417f-890a-ce82d5efae9c@group-A2B83118B647, cid=234, FAILED org.apache.ratis.protocol.NotLeaderException: Server b7498dab-5b1e-417f-890a-ce82d5efae9c is not the leader (61b655a0-f2c1-4cf2-bf18-a6aadfe6ba94:192.168.36.97:34887). Request must be sent to leader., logIndex=0, commits[b7498dab-5b1e-417f-890a-ce82d5efae9c:c-1, d0793bc8-f6b5-41cf-bbcb-211eaf1438ef:c-1, 61b655a0-f2c1-4cf2-bf18-a6aadfe6ba94:c-1]
2019-09-02 05:34:29,322 [grpc-default-executor-9] INFO  client.GrpcClientProtocolClient (GrpcClientProtocolClient.java:onNext(255)) - client-DC6AB29D5CB3->61b655a0-f2c1-4cf2-bf18-a6aadfe6ba94: receive RaftClientReply:client-DC6AB29D5CB3->61b655a0-f2c1-4cf2-bf18-a6aadfe6ba94@group-A2B83118B647, cid=234, SUCCESS, logIndex=1, commits[61b655a0-f2c1-4cf2-bf18-a6aadfe6ba94:c1, d0793bc8-f6b5-41cf-bbcb-211eaf1438ef:c0, b7498dab-5b1e-417f-890a-ce82d5efae9c:c0]
2019-09-02 05:34:29,340 [grpc-default-executor-7] INFO  client.GrpcClientProtocolClient (GrpcClientProtocolClient.java:onNext(255)) - client-DC6AB29D5CB3->61b655a0-f2c1-4cf2-bf18-a6aadfe6ba94: receive RaftClientReply:client-DC6AB29D5CB3->61b655a0-f2c1-4cf2-bf18-a6aadfe6ba94@group-A2B83118B647, cid=235, SUCCESS, logIndex=3, commits[61b655a0-f2c1-4cf2-bf18-a6aadfe6ba94:c3, d0793bc8-f6b5-41cf-bbcb-211eaf1438ef:c2, b7498dab-5b1e-417f-890a-ce82d5efae9c:c2]
2019-09-02 05:34:29,390 [grpc-default-executor-9] INFO  client.GrpcClientProtocolClient (GrpcClientProtocolClient.java:onNext(255)) - client-DC6AB29D5CB3->61b655a0-f2c1-4cf2-bf18-a6aadfe6ba94: receive RaftClientReply:client-DC6AB29D5CB3->61b655a0-f2c1-4cf2-bf18-a6aadfe6ba94@group-A2B83118B647, cid=236, SUCCESS, logIndex=4, commits[61b655a0-f2c1-4cf2-bf18-a6aadfe6ba94:c11, d0793bc8-f6b5-41cf-bbcb-211eaf1438ef:c7, b7498dab-5b1e-417f-890a-ce82d5efae9c:c7]
2019-09-02 05:34:29,392 [grpc-default-executor-9] INFO  client.GrpcClientProtocolClient (GrpcClientProtocolClient.java:onNext(255)) - client-DC6AB29D5CB3->61b655a0-f2c1-4cf2-bf18-a6aadfe6ba94: receive RaftClientReply:client-DC6AB29D5CB3->61b655a0-f2c1-4cf2-bf18-a6aadfe6ba94@group-A2B83118B647, cid=237, SUCCESS, logIndex=5, commits[61b655a0-f2c1-4cf2-bf18-a6aadfe6ba94:c11, d0793bc8-f6b5-41cf-bbcb-211eaf1438ef:c7, b7498dab-5b1e-417f-890a-ce82d5efae9c:c7]
2019-09-02 05:34:29,393 [grpc-default-executor-9] INFO  client.GrpcClientProtocolClient (GrpcClientProtocolClient.java:onNext(255)) - client-DC6AB29D5CB3->61b655a0-f2c1-4cf2-bf18-a6aadfe6ba94: receive RaftClientReply:client-DC6AB29D5CB3->61b655a0-f2c1-4cf2-bf18-a6aadfe6ba94@group-A2B83118B647, cid=238, SUCCESS, logIndex=6, commits[61b655a0-f2c1-4cf2-bf18-a6aadfe6ba94:c11, d0793bc8-f6b5-41cf-bbcb-211eaf1438ef:c7, b7498dab-5b1e-417f-890a-ce82d5efae9c:c7]
2019-09-02 05:34:29,515 [grpc-default-executor-9] INFO  client.GrpcClientProtocolClient (GrpcClientProtocolClient.java:onNext(255)) - client-DC6AB29D5CB3->61b655a0-f2c1-4cf2-bf18-a6aadfe6ba94: receive RaftClientReply:client-DC6AB29D5CB3->61b655a0-f2c1-4cf2-bf18-a6aadfe6ba94@group-A2B83118B647, cid=239, SUCCESS, logIndex=7, commits[61b655a0-f2c1-4cf2-bf18-a6aadfe6ba94:c11, d0793bc8-f6b5-41cf-bbcb-211eaf1438ef:c7, b7498dab-5b1e-417f-890a-ce82d5efae9c:c7]
2019-09-02 05:34:29,545 [grpc-default-executor-7] INFO  client.GrpcClientProtocolClient (GrpcClientProtocolClient.java:onNext(255)) - client-DC6AB29D5CB3->61b655a0-f2c1-4cf2-bf18-a6aadfe6ba94: receive RaftClientReply:client-DC6AB29D5CB3->61b655a0-f2c1-4cf2-bf18-a6aadfe6ba94@group-A2B83118B647, cid=240, SUCCESS, logIndex=12, commits[61b655a0-f2c1-4cf2-bf18-a6aadfe6ba94:c13, d0793bc8-f6b5-41cf-bbcb-211eaf1438ef:c11, b7498dab-5b1e-417f-890a-ce82d5efae9c:c11]
2019-09-02 05:34:29,546 [grpc-default-executor-7] INFO  client.GrpcClientProtocolClient (GrpcClientProtocolClient.java:onNext(255)) - client-DC6AB29D5CB3->61b655a0-f2c1-4cf2-bf18-a6aadfe6ba94: receive RaftClientReply:client-DC6AB29D5CB3->61b655a0-f2c1-4cf2-bf18-a6aadfe6ba94@group-A2B83118B647, cid=241, SUCCESS, logIndex=13, commits[61b655a0-f2c1-4cf2-bf18-a6aadfe6ba94:c13, d0793bc8-f6b5-41cf-bbcb-211eaf1438ef:c11, b7498dab-5b1e-417f-890a-ce82d5efae9c:c11]
2019-09-02 05:34:29,556 [grpc-default-executor-7] INFO  client.GrpcClientProtocolClient (GrpcClientProtocolClient.java:onNext(255)) - client-DC6AB29D5CB3->61b655a0-f2c1-4cf2-bf18-a6aadfe6ba94: receive RaftClientReply:client-DC6AB29D5CB3->61b655a0-f2c1-4cf2-bf18-a6aadfe6ba94@group-A2B83118B647, cid=242, SUCCESS, logIndex=0, commits[61b655a0-f2c1-4cf2-bf18-a6aadfe6ba94:c13, d0793bc8-f6b5-41cf-bbcb-211eaf1438ef:c13, b7498dab-5b1e-417f-890a-ce82d5efae9c:c13]
2019-09-02 05:34:29,557 [EventQueue-CloseContainerForCloseContainerEventHandler] INFO  container.CloseContainerEventHandler (CloseContainerEventHandler.java:onMessage(61)) - Close container Event triggered for container : #1
2019-09-02 05:34:29,558 [EventQueue-CloseContainerForCloseContainerEventHandler] INFO  container.CloseContainerEventHandler (CloseContainerEventHandler.java:onMessage(61)) - Close container Event triggered for container : #1
2019-09-02 05:34:29,559 [EventQueue-CloseContainerForCloseContainerEventHandler] INFO  container.CloseContainerEventHandler (CloseContainerEventHandler.java:onMessage(61)) - Close container Event triggered for container : #1
2019-09-02 05:34:31,360 [RatisApplyTransactionExecutor 1] INFO  interfaces.Container (KeyValueContainer.java:flushAndSyncDB(382)) - Container 1 is synced with bcsId 13.
2019-09-02 05:34:31,361 [RatisApplyTransactionExecutor 1] INFO  interfaces.Container (KeyValueContainer.java:flushAndSyncDB(382)) - Container 1 is synced with bcsId 13.
2019-09-02 05:34:31,361 [RatisApplyTransactionExecutor 1] INFO  interfaces.Container (KeyValueContainer.java:flushAndSyncDB(382)) - Container 1 is synced with bcsId 13.
2019-09-02 05:34:31,361 [RatisApplyTransactionExecutor 1] INFO  interfaces.Container (KeyValueContainer.java:flushAndSyncDB(382)) - Container 1 is synced with bcsId 13.
2019-09-02 05:34:31,361 [RatisApplyTransactionExecutor 1] INFO  interfaces.Container (KeyValueContainer.java:flushAndSyncDB(382)) - Container 1 is synced with bcsId 13.
2019-09-02 05:34:31,362 [RatisApplyTransactionExecutor 1] INFO  interfaces.Container (KeyValueContainer.java:flushAndSyncDB(382)) - Container 1 is synced with bcsId 13.
2019-09-02 05:34:31,377 [EventQueue-IncrementalContainerReportForIncrementalContainerReportHandler] INFO  container.IncrementalContainerReportHandler (AbstractContainerReportHandler.java:updateContainerState(176)) - Moving container #1 to CLOSED state, datanode d0793bc8-f6b5-41cf-bbcb-211eaf1438ef{ip: 192.168.36.97, host: trunk-nightly-20190902-fsht6-3309735379, networkLocation: /default-rack, certSerialId: null} reported CLOSED replica.
05:34:31.562 [grpc-default-executor-9] ERROR DNAudit - user=null | ip=null | op=WRITE_CHUNK {blockData=conID: 1 locID: 102721287885488148 bcsId: 13} | ret=FAILURE
org.apache.hadoop.hdds.scm.container.common.helpers.ContainerNotOpenException: Container 1 in CLOSED state
	at org.apache.hadoop.ozone.container.common.impl.HddsDispatcher.validateContainerCommand(HddsDispatcher.java:408) ~[hadoop-hdds-container-service-0.5.0-SNAPSHOT.jar:?]
	at org.apache.hadoop.ozone.container.common.transport.server.ratis.ContainerStateMachine.startTransaction(ContainerStateMachine.java:310) ~[hadoop-hdds-container-service-0.5.0-SNAPSHOT.jar:?]
	at org.apache.ratis.server.impl.RaftServerImpl.submitClientRequestAsync(RaftServerImpl.java:566) ~[ratis-server-0.4.0-2337318-SNAPSHOT.jar:0.4.0-2337318-SNAPSHOT]
	at org.apache.ratis.server.impl.RaftServerProxy.lambda$submitClientRequestAsync$7(RaftServerProxy.java:333) ~[ratis-server-0.4.0-2337318-SNAPSHOT.jar:0.4.0-2337318-SNAPSHOT]
	at org.apache.ratis.server.impl.RaftServerProxy.lambda$null$5(RaftServerProxy.java:328) ~[ratis-server-0.4.0-2337318-SNAPSHOT.jar:0.4.0-2337318-SNAPSHOT]
	at org.apache.ratis.util.JavaUtils.callAsUnchecked(JavaUtils.java:109) ~[ratis-common-0.4.0-2337318-SNAPSHOT.jar:0.4.0-2337318-SNAPSHOT]
	at org.apache.ratis.server.impl.RaftServerProxy.lambda$submitRequest$6(RaftServerProxy.java:328) ~[ratis-server-0.4.0-2337318-SNAPSHOT.jar:0.4.0-2337318-SNAPSHOT]
	at java.util.concurrent.CompletableFuture.uniComposeStage(CompletableFuture.java:981) ~[?:1.8.0_212]
	at java.util.concurrent.CompletableFuture.thenCompose(CompletableFuture.java:2124) ~[?:1.8.0_212]
	at org.apache.ratis.server.impl.RaftServerProxy.submitRequest(RaftServerProxy.java:327) ~[ratis-server-0.4.0-2337318-SNAPSHOT.jar:0.4.0-2337318-SNAPSHOT]
	at org.apache.ratis.server.impl.RaftServerProxy.submitClientRequestAsync(RaftServerProxy.java:333) ~[ratis-server-0.4.0-2337318-SNAPSHOT.jar:0.4.0-2337318-SNAPSHOT]
	at org.apache.ratis.grpc.client.GrpcClientProtocolService$RequestStreamObserver.processClientRequest(GrpcClientProtocolService.java:220) ~[ratis-grpc-0.4.0-2337318-SNAPSHOT.jar:0.4.0-2337318-SNAPSHOT]
	at org.apache.ratis.grpc.client.GrpcClientProtocolService$OrderedRequestStreamObserver.processClientRequest(GrpcClientProtocolService.java:326) ~[ratis-grpc-0.4.0-2337318-SNAPSHOT.jar:0.4.0-2337318-SNAPSHOT]
	at org.apache.ratis.util.SlidingWindow$Server.processRequestsFromHead(SlidingWindow.java:429) [ratis-common-0.4.0-2337318-SNAPSHOT.jar:0.4.0-2337318-SNAPSHOT]
	at org.apache.ratis.util.SlidingWindow$Server.receivedRequest(SlidingWindow.java:421) [ratis-common-0.4.0-2337318-SNAPSHOT.jar:0.4.0-2337318-SNAPSHOT]
	at org.apache.ratis.grpc.client.GrpcClientProtocolService$OrderedRequestStreamObserver.processClientRequest(GrpcClientProtocolService.java:345) [ratis-grpc-0.4.0-2337318-SNAPSHOT.jar:0.4.0-2337318-SNAPSHOT]
	at org.apache.ratis.grpc.client.GrpcClientProtocolService$RequestStreamObserver.onNext(GrpcClientProtocolService.java:240) [ratis-grpc-0.4.0-2337318-SNAPSHOT.jar:0.4.0-2337318-SNAPSHOT]
	at org.apache.ratis.grpc.client.GrpcClientProtocolService$RequestStreamObserver.onNext(GrpcClientProtocolService.java:168) [ratis-grpc-0.4.0-2337318-SNAPSHOT.jar:0.4.0-2337318-SNAPSHOT]
	at org.apache.ratis.thirdparty.io.grpc.stub.ServerCalls$StreamingServerCallHandler$StreamingServerCallListener.onMessage(ServerCalls.java:248) [ratis-thirdparty-misc-0.2.0.jar:0.2.0]
	at org.apache.ratis.thirdparty.io.grpc.internal.ServerCallImpl$ServerStreamListenerImpl.messagesAvailable(ServerCallImpl.java:263) [ratis-thirdparty-misc-0.2.0.jar:0.2.0]
	at org.apache.ratis.thirdparty.io.grpc.internal.ServerImpl$JumpToApplicationThreadServerStreamListener$1MessagesAvailable.runInContext(ServerImpl.java:686) [ratis-thirdparty-misc-0.2.0.jar:0.2.0]
	at org.apache.ratis.thirdparty.io.grpc.internal.ContextRunnable.run(ContextRunnable.java:37) [ratis-thirdparty-misc-0.2.0.jar:0.2.0]
	at org.apache.ratis.thirdparty.io.grpc.internal.SerializingExecutor.run(SerializingExecutor.java:123) [ratis-thirdparty-misc-0.2.0.jar:0.2.0]
	at java.util.concurrent.ThreadPoolExecutor.runWorker(ThreadPoolExecutor.java:1149) [?:1.8.0_212]
	at java.util.concurrent.ThreadPoolExecutor$Worker.run(ThreadPoolExecutor.java:624) [?:1.8.0_212]
	at java.lang.Thread.run(Thread.java:748) [?:1.8.0_212]
05:34:31.565 [grpc-default-executor-9] ERROR DNAudit - user=null | ip=null | op=WRITE_CHUNK {blockData=conID: 1 locID: 102721287885488148 bcsId: 13} | ret=FAILURE
org.apache.hadoop.hdds.scm.container.common.helpers.ContainerNotOpenException: Container 1 in CLOSED state
	at org.apache.hadoop.ozone.container.common.impl.HddsDispatcher.validateContainerCommand(HddsDispatcher.java:408) ~[hadoop-hdds-container-service-0.5.0-SNAPSHOT.jar:?]
	at org.apache.hadoop.ozone.container.common.transport.server.ratis.ContainerStateMachine.startTransaction(ContainerStateMachine.java:310) ~[hadoop-hdds-container-service-0.5.0-SNAPSHOT.jar:?]
	at org.apache.ratis.server.impl.RaftServerImpl.submitClientRequestAsync(RaftServerImpl.java:566) ~[ratis-server-0.4.0-2337318-SNAPSHOT.jar:0.4.0-2337318-SNAPSHOT]
	at org.apache.ratis.server.impl.RaftServerProxy.lambda$submitClientRequestAsync$7(RaftServerProxy.java:333) ~[ratis-server-0.4.0-2337318-SNAPSHOT.jar:0.4.0-2337318-SNAPSHOT]
	at org.apache.ratis.server.impl.RaftServerProxy.lambda$null$5(RaftServerProxy.java:328) ~[ratis-server-0.4.0-2337318-SNAPSHOT.jar:0.4.0-2337318-SNAPSHOT]
	at org.apache.ratis.util.JavaUtils.callAsUnchecked(JavaUtils.java:109) ~[ratis-common-0.4.0-2337318-SNAPSHOT.jar:0.4.0-2337318-SNAPSHOT]
	at org.apache.ratis.server.impl.RaftServerProxy.lambda$submitRequest$6(RaftServerProxy.java:328) ~[ratis-server-0.4.0-2337318-SNAPSHOT.jar:0.4.0-2337318-SNAPSHOT]
	at java.util.concurrent.CompletableFuture.uniComposeStage(CompletableFuture.java:981) ~[?:1.8.0_212]
	at java.util.concurrent.CompletableFuture.thenCompose(CompletableFuture.java:2124) ~[?:1.8.0_212]
	at org.apache.ratis.server.impl.RaftServerProxy.submitRequest(RaftServerProxy.java:327) ~[ratis-server-0.4.0-2337318-SNAPSHOT.jar:0.4.0-2337318-SNAPSHOT]
	at org.apache.ratis.server.impl.RaftServerProxy.submitClientRequestAsync(RaftServerProxy.java:333) ~[ratis-server-0.4.0-2337318-SNAPSHOT.jar:0.4.0-2337318-SNAPSHOT]
	at org.apache.ratis.grpc.client.GrpcClientProtocolService$RequestStreamObserver.processClientRequest(GrpcClientProtocolService.java:220) ~[ratis-grpc-0.4.0-2337318-SNAPSHOT.jar:0.4.0-2337318-SNAPSHOT]
	at org.apache.ratis.grpc.client.GrpcClientProtocolService$OrderedRequestStreamObserver.processClientRequest(GrpcClientProtocolService.java:326) ~[ratis-grpc-0.4.0-2337318-SNAPSHOT.jar:0.4.0-2337318-SNAPSHOT]
	at org.apache.ratis.util.SlidingWindow$Server.processRequestsFromHead(SlidingWindow.java:429) [ratis-common-0.4.0-2337318-SNAPSHOT.jar:0.4.0-2337318-SNAPSHOT]
	at org.apache.ratis.util.SlidingWindow$Server.receivedRequest(SlidingWindow.java:421) [ratis-common-0.4.0-2337318-SNAPSHOT.jar:0.4.0-2337318-SNAPSHOT]
	at org.apache.ratis.grpc.client.GrpcClientProtocolService$OrderedRequestStreamObserver.processClientRequest(GrpcClientProtocolService.java:345) [ratis-grpc-0.4.0-2337318-SNAPSHOT.jar:0.4.0-2337318-SNAPSHOT]
	at org.apache.ratis.grpc.client.GrpcClientProtocolService$RequestStreamObserver.onNext(GrpcClientProtocolService.java:240) [ratis-grpc-0.4.0-2337318-SNAPSHOT.jar:0.4.0-2337318-SNAPSHOT]
	at org.apache.ratis.grpc.client.GrpcClientProtocolService$RequestStreamObserver.onNext(GrpcClientProtocolService.java:168) [ratis-grpc-0.4.0-2337318-SNAPSHOT.jar:0.4.0-2337318-SNAPSHOT]
	at org.apache.ratis.thirdparty.io.grpc.stub.ServerCalls$StreamingServerCallHandler$StreamingServerCallListener.onMessage(ServerCalls.java:248) [ratis-thirdparty-misc-0.2.0.jar:0.2.0]
	at org.apache.ratis.thirdparty.io.grpc.internal.ServerCallImpl$ServerStreamListenerImpl.messagesAvailable(ServerCallImpl.java:263) [ratis-thirdparty-misc-0.2.0.jar:0.2.0]
	at org.apache.ratis.thirdparty.io.grpc.internal.ServerImpl$JumpToApplicationThreadServerStreamListener$1MessagesAvailable.runInContext(ServerImpl.java:686) [ratis-thirdparty-misc-0.2.0.jar:0.2.0]
	at org.apache.ratis.thirdparty.io.grpc.internal.ContextRunnable.run(ContextRunnable.java:37) [ratis-thirdparty-misc-0.2.0.jar:0.2.0]
	at org.apache.ratis.thirdparty.io.grpc.internal.SerializingExecutor.run(SerializingExecutor.java:123) [ratis-thirdparty-misc-0.2.0.jar:0.2.0]
	at java.util.concurrent.ThreadPoolExecutor.runWorker(ThreadPoolExecutor.java:1149) [?:1.8.0_212]
	at java.util.concurrent.ThreadPoolExecutor$Worker.run(ThreadPoolExecutor.java:624) [?:1.8.0_212]
	at java.lang.Thread.run(Thread.java:748) [?:1.8.0_212]
05:34:31.574 [grpc-default-executor-9] ERROR DNAudit - user=null | ip=null | op=PUT_BLOCK {blockData=[blockId=conID: 1 locID: 102721287885488148 bcsId: 0,size=650]} | ret=FAILURE
org.apache.hadoop.hdds.scm.container.common.helpers.ContainerNotOpenException: Container 1 in CLOSED state
	at org.apache.hadoop.ozone.container.common.impl.HddsDispatcher.validateContainerCommand(HddsDispatcher.java:408) ~[hadoop-hdds-container-service-0.5.0-SNAPSHOT.jar:?]
	at org.apache.hadoop.ozone.container.common.transport.server.ratis.ContainerStateMachine.startTransaction(ContainerStateMachine.java:310) ~[hadoop-hdds-container-service-0.5.0-SNAPSHOT.jar:?]
	at org.apache.ratis.server.impl.RaftServerImpl.submitClientRequestAsync(RaftServerImpl.java:566) ~[ratis-server-0.4.0-2337318-SNAPSHOT.jar:0.4.0-2337318-SNAPSHOT]
	at org.apache.ratis.server.impl.RaftServerProxy.lambda$submitClientRequestAsync$7(RaftServerProxy.java:333) ~[ratis-server-0.4.0-2337318-SNAPSHOT.jar:0.4.0-2337318-SNAPSHOT]
	at org.apache.ratis.server.impl.RaftServerProxy.lambda$null$5(RaftServerProxy.java:328) ~[ratis-server-0.4.0-2337318-SNAPSHOT.jar:0.4.0-2337318-SNAPSHOT]
	at org.apache.ratis.util.JavaUtils.callAsUnchecked(JavaUtils.java:109) ~[ratis-common-0.4.0-2337318-SNAPSHOT.jar:0.4.0-2337318-SNAPSHOT]
	at org.apache.ratis.server.impl.RaftServerProxy.lambda$submitRequest$6(RaftServerProxy.java:328) ~[ratis-server-0.4.0-2337318-SNAPSHOT.jar:0.4.0-2337318-SNAPSHOT]
	at java.util.concurrent.CompletableFuture.uniComposeStage(CompletableFuture.java:981) ~[?:1.8.0_212]
	at java.util.concurrent.CompletableFuture.thenCompose(CompletableFuture.java:2124) ~[?:1.8.0_212]
	at org.apache.ratis.server.impl.RaftServerProxy.submitRequest(RaftServerProxy.java:327) ~[ratis-server-0.4.0-2337318-SNAPSHOT.jar:0.4.0-2337318-SNAPSHOT]
	at org.apache.ratis.server.impl.RaftServerProxy.submitClientRequestAsync(RaftServerProxy.java:333) ~[ratis-server-0.4.0-2337318-SNAPSHOT.jar:0.4.0-2337318-SNAPSHOT]
	at org.apache.ratis.grpc.client.GrpcClientProtocolService$RequestStreamObserver.processClientRequest(GrpcClientProtocolService.java:220) ~[ratis-grpc-0.4.0-2337318-SNAPSHOT.jar:0.4.0-2337318-SNAPSHOT]
	at org.apache.ratis.grpc.client.GrpcClientProtocolService$OrderedRequestStreamObserver.processClientRequest(GrpcClientProtocolService.java:326) ~[ratis-grpc-0.4.0-2337318-SNAPSHOT.jar:0.4.0-2337318-SNAPSHOT]
	at org.apache.ratis.util.SlidingWindow$Server.processRequestsFromHead(SlidingWindow.java:429) [ratis-common-0.4.0-2337318-SNAPSHOT.jar:0.4.0-2337318-SNAPSHOT]
	at org.apache.ratis.util.SlidingWindow$Server.receivedRequest(SlidingWindow.java:421) [ratis-common-0.4.0-2337318-SNAPSHOT.jar:0.4.0-2337318-SNAPSHOT]
	at org.apache.ratis.grpc.client.GrpcClientProtocolService$OrderedRequestStreamObserver.processClientRequest(GrpcClientProtocolService.java:345) [ratis-grpc-0.4.0-2337318-SNAPSHOT.jar:0.4.0-2337318-SNAPSHOT]
	at org.apache.ratis.grpc.client.GrpcClientProtocolService$RequestStreamObserver.onNext(GrpcClientProtocolService.java:240) [ratis-grpc-0.4.0-2337318-SNAPSHOT.jar:0.4.0-2337318-SNAPSHOT]
	at org.apache.ratis.grpc.client.GrpcClientProtocolService$RequestStreamObserver.onNext(GrpcClientProtocolService.java:168) [ratis-grpc-0.4.0-2337318-SNAPSHOT.jar:0.4.0-2337318-SNAPSHOT]
	at org.apache.ratis.thirdparty.io.grpc.stub.ServerCalls$StreamingServerCallHandler$StreamingServerCallListener.onMessage(ServerCalls.java:248) [ratis-thirdparty-misc-0.2.0.jar:0.2.0]
	at org.apache.ratis.thirdparty.io.grpc.internal.ServerCallImpl$ServerStreamListenerImpl.messagesAvailable(ServerCallImpl.java:263) [ratis-thirdparty-misc-0.2.0.jar:0.2.0]
	at org.apache.ratis.thirdparty.io.grpc.internal.ServerImpl$JumpToApplicationThreadServerStreamListener$1MessagesAvailable.runInContext(ServerImpl.java:686) [ratis-thirdparty-misc-0.2.0.jar:0.2.0]
	at org.apache.ratis.thirdparty.io.grpc.internal.ContextRunnable.run(ContextRunnable.java:37) [ratis-thirdparty-misc-0.2.0.jar:0.2.0]
	at org.apache.ratis.thirdparty.io.grpc.internal.SerializingExecutor.run(SerializingExecutor.java:123) [ratis-thirdparty-misc-0.2.0.jar:0.2.0]
	at java.util.concurrent.ThreadPoolExecutor.runWorker(ThreadPoolExecutor.java:1149) [?:1.8.0_212]
	at java.util.concurrent.ThreadPoolExecutor$Worker.run(ThreadPoolExecutor.java:624) [?:1.8.0_212]
	at java.lang.Thread.run(Thread.java:748) [?:1.8.0_212]
2019-09-02 05:34:31,575 [grpc-default-executor-7] INFO  client.GrpcClientProtocolClient (GrpcClientProtocolClient.java:onNext(255)) - client-DC6AB29D5CB3->61b655a0-f2c1-4cf2-bf18-a6aadfe6ba94: receive RaftClientReply:client-DC6AB29D5CB3->61b655a0-f2c1-4cf2-bf18-a6aadfe6ba94@group-A2B83118B647, cid=243, FAILED org.apache.ratis.protocol.StateMachineException: org.apache.hadoop.hdds.scm.container.common.helpers.ContainerNotOpenException from Server 61b655a0-f2c1-4cf2-bf18-a6aadfe6ba94: Container 1 in CLOSED state, logIndex=0, commits[61b655a0-f2c1-4cf2-bf18-a6aadfe6ba94:c17, d0793bc8-f6b5-41cf-bbcb-211eaf1438ef:c16, b7498dab-5b1e-417f-890a-ce82d5efae9c:c16]
2019-09-02 05:34:31,582 [grpc-default-executor-7] INFO  client.GrpcClientProtocolClient (GrpcClientProtocolClient.java:onNext(255)) - client-DC6AB29D5CB3->61b655a0-f2c1-4cf2-bf18-a6aadfe6ba94: receive RaftClientReply:client-DC6AB29D5CB3->61b655a0-f2c1-4cf2-bf18-a6aadfe6ba94@group-A2B83118B647, cid=244, FAILED org.apache.ratis.protocol.StateMachineException: org.apache.hadoop.hdds.scm.container.common.helpers.ContainerNotOpenException from Server 61b655a0-f2c1-4cf2-bf18-a6aadfe6ba94: Container 1 in CLOSED state, logIndex=0, commits[61b655a0-f2c1-4cf2-bf18-a6aadfe6ba94:c17, d0793bc8-f6b5-41cf-bbcb-211eaf1438ef:c16, b7498dab-5b1e-417f-890a-ce82d5efae9c:c16]
05:34:31.581 [grpc-default-executor-9] ERROR DNAudit - user=null | ip=null | op=WRITE_CHUNK {blockData=conID: 1 locID: 102721287885488148 bcsId: 13} | ret=FAILURE
org.apache.hadoop.hdds.scm.container.common.helpers.ContainerNotOpenException: Container 1 in CLOSED state
	at org.apache.hadoop.ozone.container.common.impl.HddsDispatcher.validateContainerCommand(HddsDispatcher.java:408) ~[hadoop-hdds-container-service-0.5.0-SNAPSHOT.jar:?]
	at org.apache.hadoop.ozone.container.common.transport.server.ratis.ContainerStateMachine.startTransaction(ContainerStateMachine.java:310) ~[hadoop-hdds-container-service-0.5.0-SNAPSHOT.jar:?]
	at org.apache.ratis.server.impl.RaftServerImpl.submitClientRequestAsync(RaftServerImpl.java:566) ~[ratis-server-0.4.0-2337318-SNAPSHOT.jar:0.4.0-2337318-SNAPSHOT]
	at org.apache.ratis.server.impl.RaftServerProxy.lambda$submitClientRequestAsync$7(RaftServerProxy.java:333) ~[ratis-server-0.4.0-2337318-SNAPSHOT.jar:0.4.0-2337318-SNAPSHOT]
	at org.apache.ratis.server.impl.RaftServerProxy.lambda$null$5(RaftServerProxy.java:328) ~[ratis-server-0.4.0-2337318-SNAPSHOT.jar:0.4.0-2337318-SNAPSHOT]
	at org.apache.ratis.util.JavaUtils.callAsUnchecked(JavaUtils.java:109) ~[ratis-common-0.4.0-2337318-SNAPSHOT.jar:0.4.0-2337318-SNAPSHOT]
	at org.apache.ratis.server.impl.RaftServerProxy.lambda$submitRequest$6(RaftServerProxy.java:328) ~[ratis-server-0.4.0-2337318-SNAPSHOT.jar:0.4.0-2337318-SNAPSHOT]
	at java.util.concurrent.CompletableFuture.uniComposeStage(CompletableFuture.java:981) ~[?:1.8.0_212]
	at java.util.concurrent.CompletableFuture.thenCompose(CompletableFuture.java:2124) ~[?:1.8.0_212]
	at org.apache.ratis.server.impl.RaftServerProxy.submitRequest(RaftServerProxy.java:327) ~[ratis-server-0.4.0-2337318-SNAPSHOT.jar:0.4.0-2337318-SNAPSHOT]
	at org.apache.ratis.server.impl.RaftServerProxy.submitClientRequestAsync(RaftServerProxy.java:333) ~[ratis-server-0.4.0-2337318-SNAPSHOT.jar:0.4.0-2337318-SNAPSHOT]
	at org.apache.ratis.grpc.client.GrpcClientProtocolService$RequestStreamObserver.processClientRequest(GrpcClientProtocolService.java:220) ~[ratis-grpc-0.4.0-2337318-SNAPSHOT.jar:0.4.0-2337318-SNAPSHOT]
	at org.apache.ratis.grpc.client.GrpcClientProtocolService$OrderedRequestStreamObserver.processClientRequest(GrpcClientProtocolService.java:326) ~[ratis-grpc-0.4.0-2337318-SNAPSHOT.jar:0.4.0-2337318-SNAPSHOT]
	at org.apache.ratis.util.SlidingWindow$Server.processRequestsFromHead(SlidingWindow.java:429) [ratis-common-0.4.0-2337318-SNAPSHOT.jar:0.4.0-2337318-SNAPSHOT]
	at org.apache.ratis.util.SlidingWindow$Server.receivedRequest(SlidingWindow.java:421) [ratis-common-0.4.0-2337318-SNAPSHOT.jar:0.4.0-2337318-SNAPSHOT]
	at org.apache.ratis.grpc.client.GrpcClientProtocolService$OrderedRequestStreamObserver.processClientRequest(GrpcClientProtocolService.java:345) [ratis-grpc-0.4.0-2337318-SNAPSHOT.jar:0.4.0-2337318-SNAPSHOT]
	at org.apache.ratis.grpc.client.GrpcClientProtocolService$RequestStreamObserver.onNext(GrpcClientProtocolService.java:240) [ratis-grpc-0.4.0-2337318-SNAPSHOT.jar:0.4.0-2337318-SNAPSHOT]
	at org.apache.ratis.grpc.client.GrpcClientProtocolService$RequestStreamObserver.onNext(GrpcClientProtocolService.java:168) [ratis-grpc-0.4.0-2337318-SNAPSHOT.jar:0.4.0-2337318-SNAPSHOT]
	at org.apache.ratis.thirdparty.io.grpc.stub.ServerCalls$StreamingServerCallHandler$StreamingServerCallListener.onMessage(ServerCalls.java:248) [ratis-thirdparty-misc-0.2.0.jar:0.2.0]
	at org.apache.ratis.thirdparty.io.grpc.internal.ServerCallImpl$ServerStreamListenerImpl.messagesAvailable(ServerCallImpl.java:263) [ratis-thirdparty-misc-0.2.0.jar:0.2.0]
	at org.apache.ratis.thirdparty.io.grpc.internal.ServerImpl$JumpToApplicationThreadServerStreamListener$1MessagesAvailable.runInContext(ServerImpl.java:686) [ratis-thirdparty-misc-0.2.0.jar:0.2.0]
	at org.apache.ratis.thirdparty.io.grpc.internal.ContextRunnable.run(ContextRunnable.java:37) [ratis-thirdparty-misc-0.2.0.jar:0.2.0]
	at org.apache.ratis.thirdparty.io.grpc.internal.SerializingExecutor.run(SerializingExecutor.java:123) [ratis-thirdparty-misc-0.2.0.jar:0.2.0]
	at java.util.concurrent.ThreadPoolExecutor.runWorker(ThreadPoolExecutor.java:1149) [?:1.8.0_212]
	at java.util.concurrent.ThreadPoolExecutor$Worker.run(ThreadPoolExecutor.java:624) [?:1.8.0_212]
	at java.lang.Thread.run(Thread.java:748) [?:1.8.0_212]
2019-09-02 05:34:31,588 [grpc-default-executor-7] INFO  client.GrpcClientProtocolClient (GrpcClientProtocolClient.java:onNext(255)) - client-DC6AB29D5CB3->61b655a0-f2c1-4cf2-bf18-a6aadfe6ba94: receive RaftClientReply:client-DC6AB29D5CB3->61b655a0-f2c1-4cf2-bf18-a6aadfe6ba94@group-A2B83118B647, cid=245, FAILED org.apache.ratis.protocol.StateMachineException: org.apache.hadoop.hdds.scm.container.common.helpers.ContainerNotOpenException from Server 61b655a0-f2c1-4cf2-bf18-a6aadfe6ba94: Container 1 in CLOSED state, logIndex=0, commits[61b655a0-f2c1-4cf2-bf18-a6aadfe6ba94:c17, d0793bc8-f6b5-41cf-bbcb-211eaf1438ef:c16, b7498dab-5b1e-417f-890a-ce82d5efae9c:c16]
05:34:31.587 [grpc-default-executor-9] ERROR DNAudit - user=null | ip=null | op=WRITE_CHUNK {blockData=conID: 1 locID: 102721287885488148 bcsId: 13} | ret=FAILURE
org.apache.hadoop.hdds.scm.container.common.helpers.ContainerNotOpenException: Container 1 in CLOSED state
	at org.apache.hadoop.ozone.container.common.impl.HddsDispatcher.validateContainerCommand(HddsDispatcher.java:408) ~[hadoop-hdds-container-service-0.5.0-SNAPSHOT.jar:?]
	at org.apache.hadoop.ozone.container.common.transport.server.ratis.ContainerStateMachine.startTransaction(ContainerStateMachine.java:310) ~[hadoop-hdds-container-service-0.5.0-SNAPSHOT.jar:?]
	at org.apache.ratis.server.impl.RaftServerImpl.submitClientRequestAsync(RaftServerImpl.java:566) ~[ratis-server-0.4.0-2337318-SNAPSHOT.jar:0.4.0-2337318-SNAPSHOT]
	at org.apache.ratis.server.impl.RaftServerProxy.lambda$submitClientRequestAsync$7(RaftServerProxy.java:333) ~[ratis-server-0.4.0-2337318-SNAPSHOT.jar:0.4.0-2337318-SNAPSHOT]
	at org.apache.ratis.server.impl.RaftServerProxy.lambda$null$5(RaftServerProxy.java:328) ~[ratis-server-0.4.0-2337318-SNAPSHOT.jar:0.4.0-2337318-SNAPSHOT]
	at org.apache.ratis.util.JavaUtils.callAsUnchecked(JavaUtils.java:109) ~[ratis-common-0.4.0-2337318-SNAPSHOT.jar:0.4.0-2337318-SNAPSHOT]
	at org.apache.ratis.server.impl.RaftServerProxy.lambda$submitRequest$6(RaftServerProxy.java:328) ~[ratis-server-0.4.0-2337318-SNAPSHOT.jar:0.4.0-2337318-SNAPSHOT]
	at java.util.concurrent.CompletableFuture.uniComposeStage(CompletableFuture.java:981) ~[?:1.8.0_212]
	at java.util.concurrent.CompletableFuture.thenCompose(CompletableFuture.java:2124) ~[?:1.8.0_212]
	at org.apache.ratis.server.impl.RaftServerProxy.submitRequest(RaftServerProxy.java:327) ~[ratis-server-0.4.0-2337318-SNAPSHOT.jar:0.4.0-2337318-SNAPSHOT]
	at org.apache.ratis.server.impl.RaftServerProxy.submitClientRequestAsync(RaftServerProxy.java:333) ~[ratis-server-0.4.0-2337318-SNAPSHOT.jar:0.4.0-2337318-SNAPSHOT]
	at org.apache.ratis.grpc.client.GrpcClientProtocolService$RequestStreamObserver.processClientRequest(GrpcClientProtocolService.java:220) ~[ratis-grpc-0.4.0-2337318-SNAPSHOT.jar:0.4.0-2337318-SNAPSHOT]
	at org.apache.ratis.grpc.client.GrpcClientProtocolService$OrderedRequestStreamObserver.processClientRequest(GrpcClientProtocolService.java:326) ~[ratis-grpc-0.4.0-2337318-SNAPSHOT.jar:0.4.0-2337318-SNAPSHOT]
	at org.apache.ratis.util.SlidingWindow$Server.processRequestsFromHead(SlidingWindow.java:429) [ratis-common-0.4.0-2337318-SNAPSHOT.jar:0.4.0-2337318-SNAPSHOT]
	at org.apache.ratis.util.SlidingWindow$Server.receivedRequest(SlidingWindow.java:421) [ratis-common-0.4.0-2337318-SNAPSHOT.jar:0.4.0-2337318-SNAPSHOT]
	at org.apache.ratis.grpc.client.GrpcClientProtocolService$OrderedRequestStreamObserver.processClientRequest(GrpcClientProtocolService.java:345) [ratis-grpc-0.4.0-2337318-SNAPSHOT.jar:0.4.0-2337318-SNAPSHOT]
	at org.apache.ratis.grpc.client.GrpcClientProtocolService$RequestStreamObserver.onNext(GrpcClientProtocolService.java:240) [ratis-grpc-0.4.0-2337318-SNAPSHOT.jar:0.4.0-2337318-SNAPSHOT]
	at org.apache.ratis.grpc.client.GrpcClientProtocolService$RequestStreamObserver.onNext(GrpcClientProtocolService.java:168) [ratis-grpc-0.4.0-2337318-SNAPSHOT.jar:0.4.0-2337318-SNAPSHOT]
	at org.apache.ratis.thirdparty.io.grpc.stub.ServerCalls$StreamingServerCallHandler$StreamingServerCallListener.onMessage(ServerCalls.java:248) [ratis-thirdparty-misc-0.2.0.jar:0.2.0]
	at org.apache.ratis.thirdparty.io.grpc.internal.ServerCallImpl$ServerStreamListenerImpl.messagesAvailable(ServerCallImpl.java:263) [ratis-thirdparty-misc-0.2.0.jar:0.2.0]
	at org.apache.ratis.thirdparty.io.grpc.internal.ServerImpl$JumpToApplicationThreadServerStreamListener$1MessagesAvailable.runInContext(ServerImpl.java:686) [ratis-thirdparty-misc-0.2.0.jar:0.2.0]
	at org.apache.ratis.thirdparty.io.grpc.internal.ContextRunnable.run(ContextRunnable.java:37) [ratis-thirdparty-misc-0.2.0.jar:0.2.0]
	at org.apache.ratis.thirdparty.io.grpc.internal.SerializingExecutor.run(SerializingExecutor.java:123) [ratis-thirdparty-misc-0.2.0.jar:0.2.0]
	at java.util.concurrent.ThreadPoolExecutor.runWorker(ThreadPoolExecutor.java:1149) [?:1.8.0_212]
	at java.util.concurrent.ThreadPoolExecutor$Worker.run(ThreadPoolExecutor.java:624) [?:1.8.0_212]
	at java.lang.Thread.run(Thread.java:748) [?:1.8.0_212]
2019-09-02 05:34:31,595 [grpc-default-executor-7] INFO  client.GrpcClientProtocolClient (GrpcClientProtocolClient.java:onNext(255)) - client-DC6AB29D5CB3->61b655a0-f2c1-4cf2-bf18-a6aadfe6ba94: receive RaftClientReply:client-DC6AB29D5CB3->61b655a0-f2c1-4cf2-bf18-a6aadfe6ba94@group-A2B83118B647, cid=246, FAILED org.apache.ratis.protocol.StateMachineException: org.apache.hadoop.hdds.scm.container.common.helpers.ContainerNotOpenException from Server 61b655a0-f2c1-4cf2-bf18-a6aadfe6ba94: Container 1 in CLOSED state, logIndex=0, commits[61b655a0-f2c1-4cf2-bf18-a6aadfe6ba94:c17, d0793bc8-f6b5-41cf-bbcb-211eaf1438ef:c16, b7498dab-5b1e-417f-890a-ce82d5efae9c:c16]
05:34:31.594 [grpc-default-executor-9] ERROR DNAudit - user=null | ip=null | op=PUT_BLOCK {blockData=[blockId=conID: 1 locID: 102721287885488148 bcsId: 0,size=800]} | ret=FAILURE
org.apache.hadoop.hdds.scm.container.common.helpers.ContainerNotOpenException: Container 1 in CLOSED state
	at org.apache.hadoop.ozone.container.common.impl.HddsDispatcher.validateContainerCommand(HddsDispatcher.java:408) ~[hadoop-hdds-container-service-0.5.0-SNAPSHOT.jar:?]
	at org.apache.hadoop.ozone.container.common.transport.server.ratis.ContainerStateMachine.startTransaction(ContainerStateMachine.java:310) ~[hadoop-hdds-container-service-0.5.0-SNAPSHOT.jar:?]
	at org.apache.ratis.server.impl.RaftServerImpl.submitClientRequestAsync(RaftServerImpl.java:566) ~[ratis-server-0.4.0-2337318-SNAPSHOT.jar:0.4.0-2337318-SNAPSHOT]
	at org.apache.ratis.server.impl.RaftServerProxy.lambda$submitClientRequestAsync$7(RaftServerProxy.java:333) ~[ratis-server-0.4.0-2337318-SNAPSHOT.jar:0.4.0-2337318-SNAPSHOT]
	at org.apache.ratis.server.impl.RaftServerProxy.lambda$null$5(RaftServerProxy.java:328) ~[ratis-server-0.4.0-2337318-SNAPSHOT.jar:0.4.0-2337318-SNAPSHOT]
	at org.apache.ratis.util.JavaUtils.callAsUnchecked(JavaUtils.java:109) ~[ratis-common-0.4.0-2337318-SNAPSHOT.jar:0.4.0-2337318-SNAPSHOT]
	at org.apache.ratis.server.impl.RaftServerProxy.lambda$submitRequest$6(RaftServerProxy.java:328) ~[ratis-server-0.4.0-2337318-SNAPSHOT.jar:0.4.0-2337318-SNAPSHOT]
	at java.util.concurrent.CompletableFuture.uniComposeStage(CompletableFuture.java:981) ~[?:1.8.0_212]
	at java.util.concurrent.CompletableFuture.thenCompose(CompletableFuture.java:2124) ~[?:1.8.0_212]
	at org.apache.ratis.server.impl.RaftServerProxy.submitRequest(RaftServerProxy.java:327) ~[ratis-server-0.4.0-2337318-SNAPSHOT.jar:0.4.0-2337318-SNAPSHOT]
	at org.apache.ratis.server.impl.RaftServerProxy.submitClientRequestAsync(RaftServerProxy.java:333) ~[ratis-server-0.4.0-2337318-SNAPSHOT.jar:0.4.0-2337318-SNAPSHOT]
	at org.apache.ratis.grpc.client.GrpcClientProtocolService$RequestStreamObserver.processClientRequest(GrpcClientProtocolService.java:220) ~[ratis-grpc-0.4.0-2337318-SNAPSHOT.jar:0.4.0-2337318-SNAPSHOT]
	at org.apache.ratis.grpc.client.GrpcClientProtocolService$OrderedRequestStreamObserver.processClientRequest(GrpcClientProtocolService.java:326) ~[ratis-grpc-0.4.0-2337318-SNAPSHOT.jar:0.4.0-2337318-SNAPSHOT]
	at org.apache.ratis.util.SlidingWindow$Server.processRequestsFromHead(SlidingWindow.java:429) [ratis-common-0.4.0-2337318-SNAPSHOT.jar:0.4.0-2337318-SNAPSHOT]
	at org.apache.ratis.util.SlidingWindow$Server.receivedRequest(SlidingWindow.java:421) [ratis-common-0.4.0-2337318-SNAPSHOT.jar:0.4.0-2337318-SNAPSHOT]
	at org.apache.ratis.grpc.client.GrpcClientProtocolService$OrderedRequestStreamObserver.processClientRequest(GrpcClientProtocolService.java:345) [ratis-grpc-0.4.0-2337318-SNAPSHOT.jar:0.4.0-2337318-SNAPSHOT]
	at org.apache.ratis.grpc.client.GrpcClientProtocolService$RequestStreamObserver.onNext(GrpcClientProtocolService.java:240) [ratis-grpc-0.4.0-2337318-SNAPSHOT.jar:0.4.0-2337318-SNAPSHOT]
	at org.apache.ratis.grpc.client.GrpcClientProtocolService$RequestStreamObserver.onNext(GrpcClientProtocolService.java:168) [ratis-grpc-0.4.0-2337318-SNAPSHOT.jar:0.4.0-2337318-SNAPSHOT]
	at org.apache.ratis.thirdparty.io.grpc.stub.ServerCalls$StreamingServerCallHandler$StreamingServerCallListener.onMessage(ServerCalls.java:248) [ratis-thirdparty-misc-0.2.0.jar:0.2.0]
	at org.apache.ratis.thirdparty.io.grpc.internal.ServerCallImpl$ServerStreamListenerImpl.messagesAvailable(ServerCallImpl.java:263) [ratis-thirdparty-misc-0.2.0.jar:0.2.0]
	at org.apache.ratis.thirdparty.io.grpc.internal.ServerImpl$JumpToApplicationThreadServerStreamListener$1MessagesAvailable.runInContext(ServerImpl.java:686) [ratis-thirdparty-misc-0.2.0.jar:0.2.0]
	at org.apache.ratis.thirdparty.io.grpc.internal.ContextRunnable.run(ContextRunnable.java:37) [ratis-thirdparty-misc-0.2.0.jar:0.2.0]
	at org.apache.ratis.thirdparty.io.grpc.internal.SerializingExecutor.run(SerializingExecutor.java:123) [ratis-thirdparty-misc-0.2.0.jar:0.2.0]
	at java.util.concurrent.ThreadPoolExecutor.runWorker(ThreadPoolExecutor.java:1149) [?:1.8.0_212]
	at java.util.concurrent.ThreadPoolExecutor$Worker.run(ThreadPoolExecutor.java:624) [?:1.8.0_212]
	at java.lang.Thread.run(Thread.java:748) [?:1.8.0_212]
2019-09-02 05:34:31,605 [grpc-default-executor-9] INFO  client.GrpcClientProtocolClient (GrpcClientProtocolClient.java:onNext(255)) - client-DC6AB29D5CB3->61b655a0-f2c1-4cf2-bf18-a6aadfe6ba94: receive RaftClientReply:client-DC6AB29D5CB3->61b655a0-f2c1-4cf2-bf18-a6aadfe6ba94@group-A2B83118B647, cid=247, FAILED org.apache.ratis.protocol.StateMachineException: org.apache.hadoop.hdds.scm.container.common.helpers.ContainerNotOpenException from Server 61b655a0-f2c1-4cf2-bf18-a6aadfe6ba94: Container 1 in CLOSED state, logIndex=0, commits[61b655a0-f2c1-4cf2-bf18-a6aadfe6ba94:c17, d0793bc8-f6b5-41cf-bbcb-211eaf1438ef:c16, b7498dab-5b1e-417f-890a-ce82d5efae9c:c16]
2019-09-02 05:34:31,606 [grpc-default-executor-9] INFO  client.GrpcClientProtocolClient (GrpcClientProtocolClient.java:onNext(255)) - client-DC6AB29D5CB3->61b655a0-f2c1-4cf2-bf18-a6aadfe6ba94: receive RaftClientReply:client-DC6AB29D5CB3->61b655a0-f2c1-4cf2-bf18-a6aadfe6ba94@group-A2B83118B647, cid=248, FAILED org.apache.ratis.protocol.StateMachineException: org.apache.hadoop.hdds.scm.container.common.helpers.ContainerNotOpenException from Server 61b655a0-f2c1-4cf2-bf18-a6aadfe6ba94: Container 1 in CLOSED state, logIndex=0, commits[61b655a0-f2c1-4cf2-bf18-a6aadfe6ba94:c17, d0793bc8-f6b5-41cf-bbcb-211eaf1438ef:c16, b7498dab-5b1e-417f-890a-ce82d5efae9c:c16]
2019-09-02 05:34:31,790 [grpc-default-executor-9] INFO  client.GrpcClientProtocolClient (GrpcClientProtocolClient.java:onNext(255)) - client-DC6AB29D5CB3->61b655a0-f2c1-4cf2-bf18-a6aadfe6ba94: receive RaftClientReply:client-DC6AB29D5CB3->61b655a0-f2c1-4cf2-bf18-a6aadfe6ba94@group-A2B83118B647, cid=249, SUCCESS, logIndex=18, commits[61b655a0-f2c1-4cf2-bf18-a6aadfe6ba94:c23, d0793bc8-f6b5-41cf-bbcb-211eaf1438ef:c17, b7498dab-5b1e-417f-890a-ce82d5efae9c:c17]
2019-09-02 05:34:31,791 [grpc-default-executor-9] INFO  client.GrpcClientProtocolClient (GrpcClientProtocolClient.java:onNext(255)) - client-DC6AB29D5CB3->61b655a0-f2c1-4cf2-bf18-a6aadfe6ba94: receive RaftClientReply:client-DC6AB29D5CB3->61b655a0-f2c1-4cf2-bf18-a6aadfe6ba94@group-A2B83118B647, cid=250, SUCCESS, logIndex=19, commits[61b655a0-f2c1-4cf2-bf18-a6aadfe6ba94:c23, d0793bc8-f6b5-41cf-bbcb-211eaf1438ef:c17, b7498dab-5b1e-417f-890a-ce82d5efae9c:c17]
2019-09-02 05:34:31,843 [grpc-default-executor-9] INFO  client.GrpcClientProtocolClient (GrpcClientProtocolClient.java:onNext(255)) - client-DC6AB29D5CB3->61b655a0-f2c1-4cf2-bf18-a6aadfe6ba94: receive RaftClientReply:client-DC6AB29D5CB3->61b655a0-f2c1-4cf2-bf18-a6aadfe6ba94@group-A2B83118B647, cid=251, SUCCESS, logIndex=20, commits[61b655a0-f2c1-4cf2-bf18-a6aadfe6ba94:c27, d0793bc8-f6b5-41cf-bbcb-211eaf1438ef:c17, b7498dab-5b1e-417f-890a-ce82d5efae9c:c17]
2019-09-02 05:34:31,843 [grpc-default-executor-9] INFO  client.GrpcClientProtocolClient (GrpcClientProtocolClient.java:onNext(255)) - client-DC6AB29D5CB3->61b655a0-f2c1-4cf2-bf18-a6aadfe6ba94: receive RaftClientReply:client-DC6AB29D5CB3->61b655a0-f2c1-4cf2-bf18-a6aadfe6ba94@group-A2B83118B647, cid=252, SUCCESS, logIndex=21, commits[61b655a0-f2c1-4cf2-bf18-a6aadfe6ba94:c27, d0793bc8-f6b5-41cf-bbcb-211eaf1438ef:c17, b7498dab-5b1e-417f-890a-ce82d5efae9c:c17]
2019-09-02 05:34:31,844 [grpc-default-executor-9] INFO  client.GrpcClientProtocolClient (GrpcClientProtocolClient.java:onNext(255)) - client-DC6AB29D5CB3->61b655a0-f2c1-4cf2-bf18-a6aadfe6ba94: receive RaftClientReply:client-DC6AB29D5CB3->61b655a0-f2c1-4cf2-bf18-a6aadfe6ba94@group-A2B83118B647, cid=253, SUCCESS, logIndex=22, commits[61b655a0-f2c1-4cf2-bf18-a6aadfe6ba94:c27, d0793bc8-f6b5-41cf-bbcb-211eaf1438ef:c17, b7498dab-5b1e-417f-890a-ce82d5efae9c:c17]
2019-09-02 05:34:31,844 [grpc-default-executor-9] INFO  client.GrpcClientProtocolClient (GrpcClientProtocolClient.java:onNext(255)) - client-DC6AB29D5CB3->61b655a0-f2c1-4cf2-bf18-a6aadfe6ba94: receive RaftClientReply:client-DC6AB29D5CB3->61b655a0-f2c1-4cf2-bf18-a6aadfe6ba94@group-A2B83118B647, cid=254, SUCCESS, logIndex=23, commits[61b655a0-f2c1-4cf2-bf18-a6aadfe6ba94:c27, d0793bc8-f6b5-41cf-bbcb-211eaf1438ef:c17, b7498dab-5b1e-417f-890a-ce82d5efae9c:c17]
2019-09-02 05:34:32,845 [main] WARN  scm.XceiverClientRatis (XceiverClientRatis.java:watchForCommit(262)) - 3 way commit failed on pipeline Pipeline[ Id: dd9623b8-60ff-4fe3-bcfd-a2b83118b647, Nodes: d0793bc8-f6b5-41cf-bbcb-211eaf1438ef{ip: 192.168.36.97, host: trunk-nightly-20190902-fsht6-3309735379, networkLocation: /default-rack, certSerialId: null}61b655a0-f2c1-4cf2-bf18-a6aadfe6ba94{ip: 192.168.36.97, host: trunk-nightly-20190902-fsht6-3309735379, networkLocation: /default-rack, certSerialId: null}b7498dab-5b1e-417f-890a-ce82d5efae9c{ip: 192.168.36.97, host: trunk-nightly-20190902-fsht6-3309735379, networkLocation: /default-rack, certSerialId: null}, Type:RATIS, Factor:THREE, State:OPEN]
java.util.concurrent.TimeoutException
	at java.util.concurrent.CompletableFuture.timedGet(CompletableFuture.java:1771)
	at java.util.concurrent.CompletableFuture.get(CompletableFuture.java:1915)
	at org.apache.hadoop.hdds.scm.XceiverClientRatis.watchForCommit(XceiverClientRatis.java:259)
	at org.apache.hadoop.hdds.scm.storage.CommitWatcher.watchForCommit(CommitWatcher.java:194)
	at org.apache.hadoop.hdds.scm.storage.CommitWatcher.watchOnFirstIndex(CommitWatcher.java:135)
	at org.apache.hadoop.hdds.scm.storage.BlockOutputStream.watchForCommit(BlockOutputStream.java:347)
	at org.apache.hadoop.hdds.scm.storage.BlockOutputStream.handleFullBuffer(BlockOutputStream.java:324)
	at org.apache.hadoop.hdds.scm.storage.BlockOutputStream.write(BlockOutputStream.java:251)
	at org.apache.hadoop.ozone.client.io.BlockOutputStreamEntry.write(BlockOutputStreamEntry.java:129)
	at org.apache.hadoop.ozone.client.io.KeyOutputStream.handleWrite(KeyOutputStream.java:211)
	at org.apache.hadoop.ozone.client.io.KeyOutputStream.write(KeyOutputStream.java:193)
	at org.apache.hadoop.ozone.client.io.OzoneOutputStream.write(OzoneOutputStream.java:49)
	at java.io.OutputStream.write(OutputStream.java:75)
	at org.apache.hadoop.ozone.client.rpc.TestBlockOutputStreamWithFailures.testWatchForCommitWithCloseContainerException(TestBlockOutputStreamWithFailures.java:227)
	at sun.reflect.NativeMethodAccessorImpl.invoke0(Native Method)
	at sun.reflect.NativeMethodAccessorImpl.invoke(NativeMethodAccessorImpl.java:62)
	at sun.reflect.DelegatingMethodAccessorImpl.invoke(DelegatingMethodAccessorImpl.java:43)
	at java.lang.reflect.Method.invoke(Method.java:498)
	at org.junit.runners.model.FrameworkMethod$1.runReflectiveCall(FrameworkMethod.java:47)
	at org.junit.internal.runners.model.ReflectiveCallable.run(ReflectiveCallable.java:12)
	at org.junit.runners.model.FrameworkMethod.invokeExplosively(FrameworkMethod.java:44)
	at org.junit.internal.runners.statements.InvokeMethod.evaluate(InvokeMethod.java:17)
	at org.junit.internal.runners.statements.RunBefores.evaluate(RunBefores.java:26)
	at org.junit.internal.runners.statements.RunAfters.evaluate(RunAfters.java:27)
	at org.junit.runners.ParentRunner.runLeaf(ParentRunner.java:271)
	at org.junit.runners.BlockJUnit4ClassRunner.runChild(BlockJUnit4ClassRunner.java:70)
	at org.junit.runners.BlockJUnit4ClassRunner.runChild(BlockJUnit4ClassRunner.java:50)
	at org.junit.runners.ParentRunner$3.run(ParentRunner.java:238)
	at org.junit.runners.ParentRunner$1.schedule(ParentRunner.java:63)
	at org.junit.runners.ParentRunner.runChildren(ParentRunner.java:236)
	at org.junit.runners.ParentRunner.access$000(ParentRunner.java:53)
	at org.junit.runners.ParentRunner$2.evaluate(ParentRunner.java:229)
	at org.junit.runners.ParentRunner.run(ParentRunner.java:309)
	at org.apache.maven.surefire.junit4.JUnit4Provider.execute(JUnit4Provider.java:365)
	at org.apache.maven.surefire.junit4.JUnit4Provider.executeWithRerun(JUnit4Provider.java:273)
	at org.apache.maven.surefire.junit4.JUnit4Provider.executeTestSet(JUnit4Provider.java:238)
	at org.apache.maven.surefire.junit4.JUnit4Provider.invoke(JUnit4Provider.java:159)
	at org.apache.maven.surefire.booter.ForkedBooter.invokeProviderInSameClassLoader(ForkedBooter.java:384)
	at org.apache.maven.surefire.booter.ForkedBooter.runSuitesInProcess(ForkedBooter.java:345)
	at org.apache.maven.surefire.booter.ForkedBooter.execute(ForkedBooter.java:126)
	at org.apache.maven.surefire.booter.ForkedBooter.main(ForkedBooter.java:418)
2019-09-02 05:34:33,847 [main] WARN  storage.CommitWatcher (CommitWatcher.java:watchForCommit(203)) - watchForCommit failed for index 20
java.util.concurrent.TimeoutException
	at java.util.concurrent.CompletableFuture.timedGet(CompletableFuture.java:1771)
	at java.util.concurrent.CompletableFuture.get(CompletableFuture.java:1915)
	at org.apache.hadoop.hdds.scm.XceiverClientRatis.watchForCommit(XceiverClientRatis.java:268)
	at org.apache.hadoop.hdds.scm.storage.CommitWatcher.watchForCommit(CommitWatcher.java:194)
	at org.apache.hadoop.hdds.scm.storage.CommitWatcher.watchOnFirstIndex(CommitWatcher.java:135)
	at org.apache.hadoop.hdds.scm.storage.BlockOutputStream.watchForCommit(BlockOutputStream.java:347)
	at org.apache.hadoop.hdds.scm.storage.BlockOutputStream.handleFullBuffer(BlockOutputStream.java:324)
	at org.apache.hadoop.hdds.scm.storage.BlockOutputStream.write(BlockOutputStream.java:251)
	at org.apache.hadoop.ozone.client.io.BlockOutputStreamEntry.write(BlockOutputStreamEntry.java:129)
	at org.apache.hadoop.ozone.client.io.KeyOutputStream.handleWrite(KeyOutputStream.java:211)
	at org.apache.hadoop.ozone.client.io.KeyOutputStream.write(KeyOutputStream.java:193)
	at org.apache.hadoop.ozone.client.io.OzoneOutputStream.write(OzoneOutputStream.java:49)
	at java.io.OutputStream.write(OutputStream.java:75)
	at org.apache.hadoop.ozone.client.rpc.TestBlockOutputStreamWithFailures.testWatchForCommitWithCloseContainerException(TestBlockOutputStreamWithFailures.java:227)
	at sun.reflect.NativeMethodAccessorImpl.invoke0(Native Method)
	at sun.reflect.NativeMethodAccessorImpl.invoke(NativeMethodAccessorImpl.java:62)
	at sun.reflect.DelegatingMethodAccessorImpl.invoke(DelegatingMethodAccessorImpl.java:43)
	at java.lang.reflect.Method.invoke(Method.java:498)
	at org.junit.runners.model.FrameworkMethod$1.runReflectiveCall(FrameworkMethod.java:47)
	at org.junit.internal.runners.model.ReflectiveCallable.run(ReflectiveCallable.java:12)
	at org.junit.runners.model.FrameworkMethod.invokeExplosively(FrameworkMethod.java:44)
	at org.junit.internal.runners.statements.InvokeMethod.evaluate(InvokeMethod.java:17)
	at org.junit.internal.runners.statements.RunBefores.evaluate(RunBefores.java:26)
	at org.junit.internal.runners.statements.RunAfters.evaluate(RunAfters.java:27)
	at org.junit.runners.ParentRunner.runLeaf(ParentRunner.java:271)
	at org.junit.runners.BlockJUnit4ClassRunner.runChild(BlockJUnit4ClassRunner.java:70)
	at org.junit.runners.BlockJUnit4ClassRunner.runChild(BlockJUnit4ClassRunner.java:50)
	at org.junit.runners.ParentRunner$3.run(ParentRunner.java:238)
	at org.junit.runners.ParentRunner$1.schedule(ParentRunner.java:63)
	at org.junit.runners.ParentRunner.runChildren(ParentRunner.java:236)
	at org.junit.runners.ParentRunner.access$000(ParentRunner.java:53)
	at org.junit.runners.ParentRunner$2.evaluate(ParentRunner.java:229)
	at org.junit.runners.ParentRunner.run(ParentRunner.java:309)
	at org.apache.maven.surefire.junit4.JUnit4Provider.execute(JUnit4Provider.java:365)
	at org.apache.maven.surefire.junit4.JUnit4Provider.executeWithRerun(JUnit4Provider.java:273)
	at org.apache.maven.surefire.junit4.JUnit4Provider.executeTestSet(JUnit4Provider.java:238)
	at org.apache.maven.surefire.junit4.JUnit4Provider.invoke(JUnit4Provider.java:159)
	at org.apache.maven.surefire.booter.ForkedBooter.invokeProviderInSameClassLoader(ForkedBooter.java:384)
	at org.apache.maven.surefire.booter.ForkedBooter.runSuitesInProcess(ForkedBooter.java:345)
	at org.apache.maven.surefire.booter.ForkedBooter.execute(ForkedBooter.java:126)
	at org.apache.maven.surefire.booter.ForkedBooter.main(ForkedBooter.java:418)
2019-09-02 05:34:33,850 [main] WARN  io.KeyOutputStream (KeyOutputStream.java:handleException(276)) - Encountered exception java.io.IOException: Unexpected Storage Container Exception: java.io.IOException: Unexpected Storage Container Exception: java.util.concurrent.TimeoutException on the pipeline Pipeline[ Id: dd9623b8-60ff-4fe3-bcfd-a2b83118b647, Nodes: d0793bc8-f6b5-41cf-bbcb-211eaf1438ef{ip: 192.168.36.97, host: trunk-nightly-20190902-fsht6-3309735379, networkLocation: /default-rack, certSerialId: null}61b655a0-f2c1-4cf2-bf18-a6aadfe6ba94{ip: 192.168.36.97, host: trunk-nightly-20190902-fsht6-3309735379, networkLocation: /default-rack, certSerialId: null}b7498dab-5b1e-417f-890a-ce82d5efae9c{ip: 192.168.36.97, host: trunk-nightly-20190902-fsht6-3309735379, networkLocation: /default-rack, certSerialId: null}, Type:RATIS, Factor:THREE, State:OPEN]. The last committed block length is 0, uncommitted data length is 400 retry count 0
2019-09-02 05:34:33,867 [grpc-default-executor-9] INFO  client.GrpcClientProtocolClient (GrpcClientProtocolClient.java:onNext(255)) - client-060662014529->569e1e03-ab21-4bfc-b714-2486d4e9a65b: receive RaftClientReply:client-060662014529->569e1e03-ab21-4bfc-b714-2486d4e9a65b@group-6FC154899002, cid=257, FAILED org.apache.ratis.protocol.NotLeaderException: Server 569e1e03-ab21-4bfc-b714-2486d4e9a65b is not the leader (1199f808-5b20-429e-aaf6-04ba4f0b7453:192.168.36.97:42030). Request must be sent to leader., logIndex=0, commits[569e1e03-ab21-4bfc-b714-2486d4e9a65b:c0, 1199f808-5b20-429e-aaf6-04ba4f0b7453:c0, 4b74841b-131d-45de-b540-61ea462008ca:c0]
2019-09-02 05:34:34,037 [grpc-default-executor-7] INFO  client.GrpcClientProtocolClient (GrpcClientProtocolClient.java:onNext(255)) - client-060662014529->1199f808-5b20-429e-aaf6-04ba4f0b7453: receive RaftClientReply:client-060662014529->1199f808-5b20-429e-aaf6-04ba4f0b7453@group-6FC154899002, cid=257, SUCCESS, logIndex=1, commits[1199f808-5b20-429e-aaf6-04ba4f0b7453:c1, 569e1e03-ab21-4bfc-b714-2486d4e9a65b:c0, 4b74841b-131d-45de-b540-61ea462008ca:c0]
2019-09-02 05:34:34,048 [grpc-default-executor-9] INFO  client.GrpcClientProtocolClient (GrpcClientProtocolClient.java:onNext(255)) - client-060662014529->1199f808-5b20-429e-aaf6-04ba4f0b7453: receive RaftClientReply:client-060662014529->1199f808-5b20-429e-aaf6-04ba4f0b7453@group-6FC154899002, cid=258, SUCCESS, logIndex=3, commits[1199f808-5b20-429e-aaf6-04ba4f0b7453:c3, 569e1e03-ab21-4bfc-b714-2486d4e9a65b:c2, 4b74841b-131d-45de-b540-61ea462008ca:c0]
2019-09-02 05:34:34,081 [grpc-default-executor-8] INFO  client.GrpcClientProtocolClient (GrpcClientProtocolClient.java:onNext(255)) - client-060662014529->1199f808-5b20-429e-aaf6-04ba4f0b7453: receive RaftClientReply:client-060662014529->1199f808-5b20-429e-aaf6-04ba4f0b7453@group-6FC154899002, cid=259, SUCCESS, logIndex=4, commits[1199f808-5b20-429e-aaf6-04ba4f0b7453:c11, 569e1e03-ab21-4bfc-b714-2486d4e9a65b:c7, 4b74841b-131d-45de-b540-61ea462008ca:c7]
2019-09-02 05:34:34,081 [grpc-default-executor-8] INFO  client.GrpcClientProtocolClient (GrpcClientProtocolClient.java:onNext(255)) - client-060662014529->1199f808-5b20-429e-aaf6-04ba4f0b7453: receive RaftClientReply:client-060662014529->1199f808-5b20-429e-aaf6-04ba4f0b7453@group-6FC154899002, cid=260, SUCCESS, logIndex=5, commits[1199f808-5b20-429e-aaf6-04ba4f0b7453:c11, 569e1e03-ab21-4bfc-b714-2486d4e9a65b:c7, 4b74841b-131d-45de-b540-61ea462008ca:c7]
2019-09-02 05:34:34,081 [grpc-default-executor-8] INFO  client.GrpcClientProtocolClient (GrpcClientProtocolClient.java:onNext(255)) - client-060662014529->1199f808-5b20-429e-aaf6-04ba4f0b7453: receive RaftClientReply:client-060662014529->1199f808-5b20-429e-aaf6-04ba4f0b7453@group-6FC154899002, cid=261, SUCCESS, logIndex=6, commits[1199f808-5b20-429e-aaf6-04ba4f0b7453:c11, 569e1e03-ab21-4bfc-b714-2486d4e9a65b:c7, 4b74841b-131d-45de-b540-61ea462008ca:c7]
2019-09-02 05:34:34,126 [grpc-default-executor-8] INFO  client.GrpcClientProtocolClient (GrpcClientProtocolClient.java:onNext(255)) - client-060662014529->1199f808-5b20-429e-aaf6-04ba4f0b7453: receive RaftClientReply:client-060662014529->1199f808-5b20-429e-aaf6-04ba4f0b7453@group-6FC154899002, cid=262, SUCCESS, logIndex=7, commits[1199f808-5b20-429e-aaf6-04ba4f0b7453:c11, 569e1e03-ab21-4bfc-b714-2486d4e9a65b:c7, 4b74841b-131d-45de-b540-61ea462008ca:c7]
2019-09-02 05:34:34,134 [grpc-default-executor-9] INFO  client.GrpcClientProtocolClient (GrpcClientProtocolClient.java:onNext(255)) - client-060662014529->1199f808-5b20-429e-aaf6-04ba4f0b7453: receive RaftClientReply:client-060662014529->1199f808-5b20-429e-aaf6-04ba4f0b7453@group-6FC154899002, cid=263, SUCCESS, logIndex=12, commits[1199f808-5b20-429e-aaf6-04ba4f0b7453:c13, 569e1e03-ab21-4bfc-b714-2486d4e9a65b:c11, 4b74841b-131d-45de-b540-61ea462008ca:c7]
2019-09-02 05:34:34,134 [grpc-default-executor-9] INFO  client.GrpcClientProtocolClient (GrpcClientProtocolClient.java:onNext(255)) - client-060662014529->1199f808-5b20-429e-aaf6-04ba4f0b7453: receive RaftClientReply:client-060662014529->1199f808-5b20-429e-aaf6-04ba4f0b7453@group-6FC154899002, cid=264, SUCCESS, logIndex=13, commits[1199f808-5b20-429e-aaf6-04ba4f0b7453:c13, 569e1e03-ab21-4bfc-b714-2486d4e9a65b:c11, 4b74841b-131d-45de-b540-61ea462008ca:c7]
2019-09-02 05:34:34,147 [grpc-default-executor-9] INFO  client.GrpcClientProtocolClient (GrpcClientProtocolClient.java:onNext(255)) - client-060662014529->1199f808-5b20-429e-aaf6-04ba4f0b7453: receive RaftClientReply:client-060662014529->1199f808-5b20-429e-aaf6-04ba4f0b7453@group-6FC154899002, cid=265, SUCCESS, logIndex=0, commits[1199f808-5b20-429e-aaf6-04ba4f0b7453:c15, 569e1e03-ab21-4bfc-b714-2486d4e9a65b:c13, 4b74841b-131d-45de-b540-61ea462008ca:c13]
2019-09-02 05:34:34,147 [main] INFO  ozone.MiniOzoneClusterImpl (MiniOzoneClusterImpl.java:shutdown(307)) - Shutting down the Mini Ozone Cluster
2019-09-02 05:34:34,148 [main] INFO  ozone.MiniOzoneClusterImpl (MiniOzoneClusterImpl.java:stop(322)) - Stopping the Mini Ozone Cluster
2019-09-02 05:34:34,148 [main] INFO  ozone.MiniOzoneClusterImpl (MiniOzoneClusterImpl.java:stop(324)) - Stopping the OzoneManager
2019-09-02 05:34:34,148 [main] INFO  ipc.Server (Server.java:stop(3082)) - Stopping server on 37052
2019-09-02 05:34:34,155 [IPC Server listener on 37052] INFO  ipc.Server (Server.java:run(1185)) - Stopping IPC Server listener on 37052
2019-09-02 05:34:34,157 [IPC Server Responder] INFO  ipc.Server (Server.java:run(1319)) - Stopping IPC Server Responder
2019-09-02 05:34:34,157 [main] INFO  ratis.OzoneManagerDoubleBuffer (OzoneManagerDoubleBuffer.java:stop(248)) - Stopping OMDoubleBuffer flush thread
2019-09-02 05:34:34,170 [OMDoubleBufferFlushThread] INFO  ratis.OzoneManagerDoubleBuffer (OzoneManagerDoubleBuffer.java:flushTransactions(191)) - OMDoubleBuffer flush thread OMDoubleBufferFlushThread is interrupted and will exit. OMDoubleBufferFlushThread
2019-09-02 05:34:34,170 [main] INFO  utils.BackgroundService (BackgroundService.java:shutdown(148)) - Shutting down service KeyDeletingService
2019-09-02 05:34:34,172 [main] INFO  handler.ContextHandler (ContextHandler.java:doStop(910)) - Stopped o.e.j.w.WebAppContext@6775c0d1{/,null,UNAVAILABLE}{/ozoneManager}
2019-09-02 05:34:34,173 [main] INFO  server.AbstractConnector (AbstractConnector.java:doStop(318)) - Stopped ServerConnector@38f617f4{HTTP/1.1,[http/1.1]}{0.0.0.0:0}
2019-09-02 05:34:34,173 [main] INFO  handler.ContextHandler (ContextHandler.java:doStop(910)) - Stopped o.e.j.s.ServletContextHandler@11bfffb3{/static,file:///workdir/hadoop-ozone/integration-test/target/test-classes/webapps/static,UNAVAILABLE}
2019-09-02 05:34:34,174 [main] INFO  handler.ContextHandler (ContextHandler.java:doStop(910)) - Stopped o.e.j.s.ServletContextHandler@7871d261{/logs,file:///workdir/hadoop-ozone/integration-test/target/log,UNAVAILABLE}
2019-09-02 05:34:34,176 [main] INFO  ozone.MiniOzoneClusterImpl (MiniOzoneClusterImpl.java:stop(330)) - Shutting the HddsDatanodes
2019-09-02 05:34:34,306 [grpc-default-executor-9] INFO  client.GrpcClientProtocolClient (GrpcClientProtocolClient.java:onNext(255)) - client-DC6AB29D5CB3->61b655a0-f2c1-4cf2-bf18-a6aadfe6ba94: receive RaftClientReply:client-DC6AB29D5CB3->61b655a0-f2c1-4cf2-bf18-a6aadfe6ba94@group-A2B83118B647, cid=255, SUCCESS, logIndex=0, commits[61b655a0-f2c1-4cf2-bf18-a6aadfe6ba94:c27, d0793bc8-f6b5-41cf-bbcb-211eaf1438ef:c27, b7498dab-5b1e-417f-890a-ce82d5efae9c:c27]
2019-09-02 05:34:34,306 [grpc-default-executor-9] INFO  client.GrpcClientProtocolClient (GrpcClientProtocolClient.java:onNext(255)) - client-DC6AB29D5CB3->61b655a0-f2c1-4cf2-bf18-a6aadfe6ba94: receive RaftClientReply:client-DC6AB29D5CB3->61b655a0-f2c1-4cf2-bf18-a6aadfe6ba94@group-A2B83118B647, cid=256, SUCCESS, logIndex=0, commits[61b655a0-f2c1-4cf2-bf18-a6aadfe6ba94:c27, d0793bc8-f6b5-41cf-bbcb-211eaf1438ef:c27, b7498dab-5b1e-417f-890a-ce82d5efae9c:c27]
2019-09-02 05:34:34,764 [Datanode State Machine Thread - 0] INFO  statemachine.DatanodeStateMachine (DatanodeStateMachine.java:lambda$startDaemon$0(350)) - Ozone container server started.
2019-09-02 05:34:35,021 [Datanode State Machine Thread - 0] INFO  statemachine.DatanodeStateMachine (DatanodeStateMachine.java:lambda$startDaemon$0(350)) - Ozone container server started.
2019-09-02 05:34:38,833 [EventQueue-StaleNodeForStaleNodeHandler] INFO  node.StaleNodeHandler (StaleNodeHandler.java:onMessage(58)) - Datanode b7498dab-5b1e-417f-890a-ce82d5efae9c{ip: 192.168.36.97, host: trunk-nightly-20190902-fsht6-3309735379, networkLocation: /default-rack, certSerialId: null} moved to stale state. Finalizing its pipelines [PipelineID=77161a80-5ba2-42b3-b9a8-436b101a440b, PipelineID=dd9623b8-60ff-4fe3-bcfd-a2b83118b647]
2019-09-02 05:34:38,833 [EventQueue-StaleNodeForStaleNodeHandler] INFO  pipeline.SCMPipelineManager (SCMPipelineManager.java:finalizeAndDestroyPipeline(309)) - destroying pipeline:Pipeline[ Id: 77161a80-5ba2-42b3-b9a8-436b101a440b, Nodes: b7498dab-5b1e-417f-890a-ce82d5efae9c{ip: 192.168.36.97, host: trunk-nightly-20190902-fsht6-3309735379, networkLocation: /default-rack, certSerialId: null}, Type:RATIS, Factor:ONE, State:OPEN]
2019-09-02 05:34:38,833 [EventQueue-StaleNodeForStaleNodeHandler] INFO  pipeline.PipelineStateManager (PipelineStateManager.java:finalizePipeline(123)) - Pipeline Pipeline[ Id: 77161a80-5ba2-42b3-b9a8-436b101a440b, Nodes: b7498dab-5b1e-417f-890a-ce82d5efae9c{ip: 192.168.36.97, host: trunk-nightly-20190902-fsht6-3309735379, networkLocation: /default-rack, certSerialId: null}, Type:RATIS, Factor:ONE, State:CLOSED] moved to CLOSED state
2019-09-02 05:34:38,834 [EventQueue-StaleNodeForStaleNodeHandler] INFO  pipeline.SCMPipelineManager (SCMPipelineManager.java:finalizeAndDestroyPipeline(309)) - destroying pipeline:Pipeline[ Id: dd9623b8-60ff-4fe3-bcfd-a2b83118b647, Nodes: d0793bc8-f6b5-41cf-bbcb-211eaf1438ef{ip: 192.168.36.97, host: trunk-nightly-20190902-fsht6-3309735379, networkLocation: /default-rack, certSerialId: null}61b655a0-f2c1-4cf2-bf18-a6aadfe6ba94{ip: 192.168.36.97, host: trunk-nightly-20190902-fsht6-3309735379, networkLocation: /default-rack, certSerialId: null}b7498dab-5b1e-417f-890a-ce82d5efae9c{ip: 192.168.36.97, host: trunk-nightly-20190902-fsht6-3309735379, networkLocation: /default-rack, certSerialId: null}, Type:RATIS, Factor:THREE, State:OPEN]
2019-09-02 05:34:38,834 [EventQueue-StaleNodeForStaleNodeHandler] INFO  pipeline.PipelineStateManager (PipelineStateManager.java:finalizePipeline(123)) - Pipeline Pipeline[ Id: dd9623b8-60ff-4fe3-bcfd-a2b83118b647, Nodes: d0793bc8-f6b5-41cf-bbcb-211eaf1438ef{ip: 192.168.36.97, host: trunk-nightly-20190902-fsht6-3309735379, networkLocation: /default-rack, certSerialId: null}61b655a0-f2c1-4cf2-bf18-a6aadfe6ba94{ip: 192.168.36.97, host: trunk-nightly-20190902-fsht6-3309735379, networkLocation: /default-rack, certSerialId: null}b7498dab-5b1e-417f-890a-ce82d5efae9c{ip: 192.168.36.97, host: trunk-nightly-20190902-fsht6-3309735379, networkLocation: /default-rack, certSerialId: null}, Type:RATIS, Factor:THREE, State:CLOSED] moved to CLOSED state
2019-09-02 05:34:38,834 [EventQueue-CloseContainerForCloseContainerEventHandler] INFO  container.CloseContainerEventHandler (CloseContainerEventHandler.java:onMessage(61)) - Close container Event triggered for container : #2
2019-09-02 05:34:39,033 [EventQueue-StaleNodeForStaleNodeHandler] INFO  node.StaleNodeHandler (StaleNodeHandler.java:onMessage(58)) - Datanode 4b74841b-131d-45de-b540-61ea462008ca{ip: 192.168.36.97, host: trunk-nightly-20190902-fsht6-3309735379, networkLocation: /default-rack, certSerialId: null} moved to stale state. Finalizing its pipelines [PipelineID=0388dd07-ba13-4d95-9ff7-6fc154899002, PipelineID=7a76564d-ee5d-4921-aa0c-4c02fe360f98]
2019-09-02 05:34:39,033 [EventQueue-StaleNodeForStaleNodeHandler] INFO  pipeline.SCMPipelineManager (SCMPipelineManager.java:finalizeAndDestroyPipeline(309)) - destroying pipeline:Pipeline[ Id: 0388dd07-ba13-4d95-9ff7-6fc154899002, Nodes: 569e1e03-ab21-4bfc-b714-2486d4e9a65b{ip: 192.168.36.97, host: trunk-nightly-20190902-fsht6-3309735379, networkLocation: /default-rack, certSerialId: null}1199f808-5b20-429e-aaf6-04ba4f0b7453{ip: 192.168.36.97, host: trunk-nightly-20190902-fsht6-3309735379, networkLocation: /default-rack, certSerialId: null}4b74841b-131d-45de-b540-61ea462008ca{ip: 192.168.36.97, host: trunk-nightly-20190902-fsht6-3309735379, networkLocation: /default-rack, certSerialId: null}, Type:RATIS, Factor:THREE, State:OPEN]
2019-09-02 05:34:39,033 [EventQueue-StaleNodeForStaleNodeHandler] INFO  pipeline.PipelineStateManager (PipelineStateManager.java:finalizePipeline(123)) - Pipeline Pipeline[ Id: 0388dd07-ba13-4d95-9ff7-6fc154899002, Nodes: 569e1e03-ab21-4bfc-b714-2486d4e9a65b{ip: 192.168.36.97, host: trunk-nightly-20190902-fsht6-3309735379, networkLocation: /default-rack, certSerialId: null}1199f808-5b20-429e-aaf6-04ba4f0b7453{ip: 192.168.36.97, host: trunk-nightly-20190902-fsht6-3309735379, networkLocation: /default-rack, certSerialId: null}4b74841b-131d-45de-b540-61ea462008ca{ip: 192.168.36.97, host: trunk-nightly-20190902-fsht6-3309735379, networkLocation: /default-rack, certSerialId: null}, Type:RATIS, Factor:THREE, State:CLOSED] moved to CLOSED state
2019-09-02 05:34:39,034 [EventQueue-CloseContainerForCloseContainerEventHandler] INFO  container.CloseContainerEventHandler (CloseContainerEventHandler.java:onMessage(61)) - Close container Event triggered for container : #3
2019-09-02 05:34:39,034 [EventQueue-StaleNodeForStaleNodeHandler] INFO  pipeline.SCMPipelineManager (SCMPipelineManager.java:finalizeAndDestroyPipeline(309)) - destroying pipeline:Pipeline[ Id: 7a76564d-ee5d-4921-aa0c-4c02fe360f98, Nodes: 4b74841b-131d-45de-b540-61ea462008ca{ip: 192.168.36.97, host: trunk-nightly-20190902-fsht6-3309735379, networkLocation: /default-rack, certSerialId: null}, Type:RATIS, Factor:ONE, State:OPEN]
2019-09-02 05:34:39,034 [EventQueue-StaleNodeForStaleNodeHandler] INFO  pipeline.PipelineStateManager (PipelineStateManager.java:finalizePipeline(123)) - Pipeline Pipeline[ Id: 7a76564d-ee5d-4921-aa0c-4c02fe360f98, Nodes: 4b74841b-131d-45de-b540-61ea462008ca{ip: 192.168.36.97, host: trunk-nightly-20190902-fsht6-3309735379, networkLocation: /default-rack, certSerialId: null}, Type:RATIS, Factor:ONE, State:CLOSED] moved to CLOSED state
2019-09-02 05:34:39,179 [ForkJoinPool.commonPool-worker-1] INFO  ozoneimpl.OzoneContainer (OzoneContainer.java:stop(215)) - Attempting to stop container services.
2019-09-02 05:34:39,180 [main] INFO  ozoneimpl.OzoneContainer (OzoneContainer.java:stop(215)) - Attempting to stop container services.
2019-09-02 05:34:39,180 [ForkJoinPool.commonPool-worker-1] INFO  impl.RaftServerProxy (RaftServerProxy.java:lambda$close$4(314)) - 4b74841b-131d-45de-b540-61ea462008ca: close
2019-09-02 05:34:39,181 [main] INFO  impl.RaftServerProxy (RaftServerProxy.java:lambda$close$4(314)) - b7498dab-5b1e-417f-890a-ce82d5efae9c: close
2019-09-02 05:34:39,181 [ForkJoinPool.commonPool-worker-1] INFO  impl.RaftServerImpl (RaftServerImpl.java:lambda$shutdown$3(245)) - 4b74841b-131d-45de-b540-61ea462008ca: shutdown group-6FC154899002
2019-09-02 05:34:39,182 [main] INFO  impl.RaftServerImpl (RaftServerImpl.java:lambda$shutdown$3(245)) - b7498dab-5b1e-417f-890a-ce82d5efae9c: shutdown group-436B101A440B
2019-09-02 05:34:39,182 [ForkJoinPool.commonPool-worker-1] INFO  util.JmxRegister (JmxRegister.java:unregister(73)) - Successfully un-registered JMX Bean with object name Ratis:service=RaftServer,group=group-6FC154899002,id=4b74841b-131d-45de-b540-61ea462008ca
2019-09-02 05:34:39,182 [main] INFO  util.JmxRegister (JmxRegister.java:unregister(73)) - Successfully un-registered JMX Bean with object name Ratis:service=RaftServer,group=group-436B101A440B,id=b7498dab-5b1e-417f-890a-ce82d5efae9c
2019-09-02 05:34:39,183 [ForkJoinPool.commonPool-worker-1] INFO  impl.RoleInfo (RoleInfo.java:shutdownFollowerState(121)) - 4b74841b-131d-45de-b540-61ea462008ca: shutdown FollowerState
2019-09-02 05:34:39,183 [main] INFO  impl.RoleInfo (RoleInfo.java:shutdownLeaderState(104)) - b7498dab-5b1e-417f-890a-ce82d5efae9c: shutdown LeaderState
2019-09-02 05:34:39,184 [Thread-4359] INFO  impl.FollowerState (FollowerState.java:run(114)) - 4b74841b-131d-45de-b540-61ea462008ca: FollowerState was interrupted: java.lang.InterruptedException: sleep interrupted
2019-09-02 05:34:39,183 [StateMachineUpdater:4b74841b-131d-45de-b540-61ea462008ca:group-6FC154899002] INFO  ratis.ContainerStateMachine (ContainerStateMachine.java:takeSnapshot(284)) - group-6FC154899002: Taking a snapshot at:(t:1, i:13) file /workdir/hadoop-ozone/integration-test/target/test-dir/MiniOzoneClusterImpl-1fbc595b-70b6-44e3-b18f-c16b6617eb44/datanode-1/data/ratis/0388dd07-ba13-4d95-9ff7-6fc154899002/sm/snapshot.1_13
2019-09-02 05:34:39,183 [ForkJoinPool.commonPool-worker-1] INFO  impl.StateMachineUpdater (StateMachineUpdater.java:stopAndJoin(115)) - StateMachineUpdater:4b74841b-131d-45de-b540-61ea462008ca:group-6FC154899002: set stopIndex = 15
2019-09-02 05:34:39,184 [main] INFO  impl.PendingRequests (PendingRequests.java:sendNotLeaderResponses(202)) - b7498dab-5b1e-417f-890a-ce82d5efae9c-PendingRequests: sendNotLeaderResponses
2019-09-02 05:34:39,189 [main] INFO  impl.StateMachineUpdater (StateMachineUpdater.java:stopAndJoin(115)) - StateMachineUpdater:b7498dab-5b1e-417f-890a-ce82d5efae9c:group-436B101A440B: set stopIndex = 0
2019-09-02 05:34:39,189 [main] INFO  impl.RaftServerImpl (ServerState.java:close(394)) - b7498dab-5b1e-417f-890a-ce82d5efae9c:group-436B101A440B closes. The last applied log index is 0
2019-09-02 05:34:39,190 [b7498dab-5b1e-417f-890a-ce82d5efae9c-SegmentedRaftLogWorker:Storage Directory /workdir/hadoop-ozone/integration-test/target/test-dir/MiniOzoneClusterImpl-1fbc595b-70b6-44e3-b18f-c16b6617eb44/datanode-4/data/ratis/77161a80-5ba2-42b3-b9a8-436b101a440b] INFO  segmented.SegmentedRaftLogWorker (SegmentedRaftLogWorker.java:run(313)) - b7498dab-5b1e-417f-890a-ce82d5efae9c-SegmentedRaftLogWorker:Storage Directory /workdir/hadoop-ozone/integration-test/target/test-dir/MiniOzoneClusterImpl-1fbc595b-70b6-44e3-b18f-c16b6617eb44/datanode-4/data/ratis/77161a80-5ba2-42b3-b9a8-436b101a440b was interrupted, exiting. There are 0 tasks remaining in the queue.
2019-09-02 05:34:39,193 [main] INFO  segmented.SegmentedRaftLogWorker (SegmentedRaftLogWorker.java:close(228)) - b7498dab-5b1e-417f-890a-ce82d5efae9c-SegmentedRaftLogWorker:Storage Directory /workdir/hadoop-ozone/integration-test/target/test-dir/MiniOzoneClusterImpl-1fbc595b-70b6-44e3-b18f-c16b6617eb44/datanode-4/data/ratis/77161a80-5ba2-42b3-b9a8-436b101a440b close()
2019-09-02 05:34:39,199 [main] INFO  impl.RaftServerImpl (RaftServerImpl.java:lambda$shutdown$3(245)) - b7498dab-5b1e-417f-890a-ce82d5efae9c: shutdown group-A2B83118B647
2019-09-02 05:34:39,200 [main] INFO  util.JmxRegister (JmxRegister.java:unregister(73)) - Successfully un-registered JMX Bean with object name Ratis:service=RaftServer,group=group-A2B83118B647,id=b7498dab-5b1e-417f-890a-ce82d5efae9c
2019-09-02 05:34:39,200 [main] INFO  impl.RoleInfo (RoleInfo.java:shutdownFollowerState(121)) - b7498dab-5b1e-417f-890a-ce82d5efae9c: shutdown FollowerState
2019-09-02 05:34:39,200 [main] INFO  impl.StateMachineUpdater (StateMachineUpdater.java:stopAndJoin(115)) - StateMachineUpdater:b7498dab-5b1e-417f-890a-ce82d5efae9c:group-A2B83118B647: set stopIndex = 27
2019-09-02 05:34:39,201 [StateMachineUpdater:b7498dab-5b1e-417f-890a-ce82d5efae9c:group-A2B83118B647] INFO  ratis.ContainerStateMachine (ContainerStateMachine.java:takeSnapshot(284)) - group-A2B83118B647: Taking a snapshot at:(t:1, i:27) file /workdir/hadoop-ozone/integration-test/target/test-dir/MiniOzoneClusterImpl-1fbc595b-70b6-44e3-b18f-c16b6617eb44/datanode-4/data/ratis/dd9623b8-60ff-4fe3-bcfd-a2b83118b647/sm/snapshot.1_27
2019-09-02 05:34:39,201 [Thread-4386] INFO  impl.FollowerState (FollowerState.java:run(114)) - b7498dab-5b1e-417f-890a-ce82d5efae9c: FollowerState was interrupted: java.lang.InterruptedException: sleep interrupted
2019-09-02 05:34:39,212 [StateMachineUpdater:4b74841b-131d-45de-b540-61ea462008ca:group-6FC154899002] INFO  ratis.ContainerStateMachine (ContainerStateMachine.java:takeSnapshot(295)) - group-6FC154899002: Finished taking a snapshot at:(t:1, i:13) file:/workdir/hadoop-ozone/integration-test/target/test-dir/MiniOzoneClusterImpl-1fbc595b-70b6-44e3-b18f-c16b6617eb44/datanode-1/data/ratis/0388dd07-ba13-4d95-9ff7-6fc154899002/sm/snapshot.1_13 time:28
2019-09-02 05:34:39,212 [StateMachineUpdater:4b74841b-131d-45de-b540-61ea462008ca:group-6FC154899002] INFO  impl.StateMachineUpdater (StateMachineUpdater.java:takeSnapshot(242)) - StateMachineUpdater:4b74841b-131d-45de-b540-61ea462008ca:group-6FC154899002: Took a snapshot at index 13
2019-09-02 05:34:39,212 [StateMachineUpdater:4b74841b-131d-45de-b540-61ea462008ca:group-6FC154899002] INFO  impl.StateMachineUpdater (StateMachineUpdater.java:lambda$new$0(80)) - StateMachineUpdater:4b74841b-131d-45de-b540-61ea462008ca:group-6FC154899002: snapshotIndex: updateIncreasingly -1 -> 13
2019-09-02 05:34:39,213 [ForkJoinPool.commonPool-worker-1] INFO  impl.RaftServerImpl (ServerState.java:close(394)) - 4b74841b-131d-45de-b540-61ea462008ca:group-6FC154899002 closes. The last applied log index is 15
2019-09-02 05:34:39,213 [4b74841b-131d-45de-b540-61ea462008ca-SegmentedRaftLogWorker:Storage Directory /workdir/hadoop-ozone/integration-test/target/test-dir/MiniOzoneClusterImpl-1fbc595b-70b6-44e3-b18f-c16b6617eb44/datanode-1/data/ratis/0388dd07-ba13-4d95-9ff7-6fc154899002] INFO  segmented.SegmentedRaftLogWorker (SegmentedRaftLogWorker.java:run(313)) - 4b74841b-131d-45de-b540-61ea462008ca-SegmentedRaftLogWorker:Storage Directory /workdir/hadoop-ozone/integration-test/target/test-dir/MiniOzoneClusterImpl-1fbc595b-70b6-44e3-b18f-c16b6617eb44/datanode-1/data/ratis/0388dd07-ba13-4d95-9ff7-6fc154899002 was interrupted, exiting. There are 0 tasks remaining in the queue.
2019-09-02 05:34:39,217 [StateMachineUpdater:b7498dab-5b1e-417f-890a-ce82d5efae9c:group-A2B83118B647] INFO  ratis.ContainerStateMachine (ContainerStateMachine.java:takeSnapshot(295)) - group-A2B83118B647: Finished taking a snapshot at:(t:1, i:27) file:/workdir/hadoop-ozone/integration-test/target/test-dir/MiniOzoneClusterImpl-1fbc595b-70b6-44e3-b18f-c16b6617eb44/datanode-4/data/ratis/dd9623b8-60ff-4fe3-bcfd-a2b83118b647/sm/snapshot.1_27 time:17
2019-09-02 05:34:39,218 [ForkJoinPool.commonPool-worker-1] INFO  segmented.SegmentedRaftLogWorker (SegmentedRaftLogWorker.java:close(228)) - 4b74841b-131d-45de-b540-61ea462008ca-SegmentedRaftLogWorker:Storage Directory /workdir/hadoop-ozone/integration-test/target/test-dir/MiniOzoneClusterImpl-1fbc595b-70b6-44e3-b18f-c16b6617eb44/datanode-1/data/ratis/0388dd07-ba13-4d95-9ff7-6fc154899002 close()
2019-09-02 05:34:39,218 [StateMachineUpdater:b7498dab-5b1e-417f-890a-ce82d5efae9c:group-A2B83118B647] INFO  impl.StateMachineUpdater (StateMachineUpdater.java:takeSnapshot(242)) - StateMachineUpdater:b7498dab-5b1e-417f-890a-ce82d5efae9c:group-A2B83118B647: Took a snapshot at index 27
2019-09-02 05:34:39,224 [ForkJoinPool.commonPool-worker-1] INFO  impl.RaftServerImpl (RaftServerImpl.java:lambda$shutdown$3(245)) - 4b74841b-131d-45de-b540-61ea462008ca: shutdown group-4C02FE360F98
2019-09-02 05:34:39,224 [StateMachineUpdater:b7498dab-5b1e-417f-890a-ce82d5efae9c:group-A2B83118B647] INFO  impl.StateMachineUpdater (StateMachineUpdater.java:lambda$new$0(80)) - StateMachineUpdater:b7498dab-5b1e-417f-890a-ce82d5efae9c:group-A2B83118B647: snapshotIndex: updateIncreasingly -1 -> 27
2019-09-02 05:34:39,224 [ForkJoinPool.commonPool-worker-1] INFO  util.JmxRegister (JmxRegister.java:unregister(73)) - Successfully un-registered JMX Bean with object name Ratis:service=RaftServer,group=group-4C02FE360F98,id=4b74841b-131d-45de-b540-61ea462008ca
2019-09-02 05:34:39,224 [ForkJoinPool.commonPool-worker-1] INFO  impl.RoleInfo (RoleInfo.java:shutdownLeaderState(104)) - 4b74841b-131d-45de-b540-61ea462008ca: shutdown LeaderState
2019-09-02 05:34:39,224 [main] INFO  impl.RaftServerImpl (ServerState.java:close(394)) - b7498dab-5b1e-417f-890a-ce82d5efae9c:group-A2B83118B647 closes. The last applied log index is 27
2019-09-02 05:34:39,225 [ForkJoinPool.commonPool-worker-1] INFO  impl.PendingRequests (PendingRequests.java:sendNotLeaderResponses(202)) - 4b74841b-131d-45de-b540-61ea462008ca-PendingRequests: sendNotLeaderResponses
2019-09-02 05:34:39,225 [b7498dab-5b1e-417f-890a-ce82d5efae9c-SegmentedRaftLogWorker:Storage Directory /workdir/hadoop-ozone/integration-test/target/test-dir/MiniOzoneClusterImpl-1fbc595b-70b6-44e3-b18f-c16b6617eb44/datanode-4/data/ratis/dd9623b8-60ff-4fe3-bcfd-a2b83118b647] INFO  segmented.SegmentedRaftLogWorker (SegmentedRaftLogWorker.java:run(313)) - b7498dab-5b1e-417f-890a-ce82d5efae9c-SegmentedRaftLogWorker:Storage Directory /workdir/hadoop-ozone/integration-test/target/test-dir/MiniOzoneClusterImpl-1fbc595b-70b6-44e3-b18f-c16b6617eb44/datanode-4/data/ratis/dd9623b8-60ff-4fe3-bcfd-a2b83118b647 was interrupted, exiting. There are 0 tasks remaining in the queue.
2019-09-02 05:34:39,226 [ForkJoinPool.commonPool-worker-1] INFO  impl.StateMachineUpdater (StateMachineUpdater.java:stopAndJoin(115)) - StateMachineUpdater:4b74841b-131d-45de-b540-61ea462008ca:group-4C02FE360F98: set stopIndex = 0
2019-09-02 05:34:39,229 [main] INFO  segmented.SegmentedRaftLogWorker (SegmentedRaftLogWorker.java:close(228)) - b7498dab-5b1e-417f-890a-ce82d5efae9c-SegmentedRaftLogWorker:Storage Directory /workdir/hadoop-ozone/integration-test/target/test-dir/MiniOzoneClusterImpl-1fbc595b-70b6-44e3-b18f-c16b6617eb44/datanode-4/data/ratis/dd9623b8-60ff-4fe3-bcfd-a2b83118b647 close()
2019-09-02 05:34:39,229 [ForkJoinPool.commonPool-worker-1] INFO  impl.RaftServerImpl (ServerState.java:close(394)) - 4b74841b-131d-45de-b540-61ea462008ca:group-4C02FE360F98 closes. The last applied log index is 0
2019-09-02 05:34:39,233 [main] INFO  server.GrpcService (GrpcService.java:closeImpl(155)) - b7498dab-5b1e-417f-890a-ce82d5efae9c: shutdown server with port 37478 now
2019-09-02 05:34:39,234 [4b74841b-131d-45de-b540-61ea462008ca-SegmentedRaftLogWorker:Storage Directory /workdir/hadoop-ozone/integration-test/target/test-dir/MiniOzoneClusterImpl-1fbc595b-70b6-44e3-b18f-c16b6617eb44/datanode-1/data/ratis/7a76564d-ee5d-4921-aa0c-4c02fe360f98] INFO  segmented.SegmentedRaftLogWorker (SegmentedRaftLogWorker.java:run(313)) - 4b74841b-131d-45de-b540-61ea462008ca-SegmentedRaftLogWorker:Storage Directory /workdir/hadoop-ozone/integration-test/target/test-dir/MiniOzoneClusterImpl-1fbc595b-70b6-44e3-b18f-c16b6617eb44/datanode-1/data/ratis/7a76564d-ee5d-4921-aa0c-4c02fe360f98 was interrupted, exiting. There are 0 tasks remaining in the queue.
2019-09-02 05:34:39,236 [ForkJoinPool.commonPool-worker-1] INFO  segmented.SegmentedRaftLogWorker (SegmentedRaftLogWorker.java:close(228)) - 4b74841b-131d-45de-b540-61ea462008ca-SegmentedRaftLogWorker:Storage Directory /workdir/hadoop-ozone/integration-test/target/test-dir/MiniOzoneClusterImpl-1fbc595b-70b6-44e3-b18f-c16b6617eb44/datanode-1/data/ratis/7a76564d-ee5d-4921-aa0c-4c02fe360f98 close()
2019-09-02 05:34:39,239 [grpc-default-executor-9] WARN  server.GrpcServerProtocolService (LogUtils.java:warn(134)) - b7498dab-5b1e-417f-890a-ce82d5efae9c: appendEntries onError: org.apache.ratis.thirdparty.io.grpc.StatusRuntimeException: CANCELLED: cancelled before receiving half close
2019-09-02 05:34:39,239 [ForkJoinPool.commonPool-worker-1] INFO  server.GrpcService (GrpcService.java:closeImpl(155)) - 4b74841b-131d-45de-b540-61ea462008ca: shutdown server with port 37608 now
2019-09-02 05:34:39,239 [main] INFO  server.GrpcService (GrpcService.java:closeImpl(163)) - b7498dab-5b1e-417f-890a-ce82d5efae9c: shutdown server with port 37478 successfully
2019-09-02 05:34:39,240 [grpc-default-executor-9] WARN  server.GrpcLogAppender (LogUtils.java:warn(134)) - 61b655a0-f2c1-4cf2-bf18-a6aadfe6ba94->b7498dab-5b1e-417f-890a-ce82d5efae9c: Failed appendEntries: org.apache.ratis.thirdparty.io.grpc.StatusRuntimeException: CANCELLED: HTTP/2 error code: CANCEL
Received Rst Stream
2019-09-02 05:34:39,240 [grpc-default-executor-7] WARN  server.GrpcServerProtocolService (LogUtils.java:warn(134)) - 4b74841b-131d-45de-b540-61ea462008ca: appendEntries onError: org.apache.ratis.thirdparty.io.grpc.StatusRuntimeException: CANCELLED: cancelled before receiving half close
2019-09-02 05:34:39,240 [ForkJoinPool.commonPool-worker-1] INFO  server.GrpcService (GrpcService.java:closeImpl(163)) - 4b74841b-131d-45de-b540-61ea462008ca: shutdown server with port 37608 successfully
2019-09-02 05:34:39,240 [grpc-default-executor-8] WARN  server.GrpcLogAppender (LogUtils.java:warn(134)) - 1199f808-5b20-429e-aaf6-04ba4f0b7453->4b74841b-131d-45de-b540-61ea462008ca: Failed appendEntries: org.apache.ratis.thirdparty.io.grpc.StatusRuntimeException: CANCELLED: HTTP/2 error code: CANCEL
Received Rst Stream
2019-09-02 05:34:39,240 [grpc-default-executor-9] INFO  impl.FollowerInfo (FollowerInfo.java:lambda$new$0(50)) - 61b655a0-f2c1-4cf2-bf18-a6aadfe6ba94->b7498dab-5b1e-417f-890a-ce82d5efae9c: nextIndex: updateUnconditionally 28 -> 27
2019-09-02 05:34:39,241 [grpc-default-executor-8] INFO  impl.FollowerInfo (FollowerInfo.java:lambda$new$0(50)) - 1199f808-5b20-429e-aaf6-04ba4f0b7453->4b74841b-131d-45de-b540-61ea462008ca: nextIndex: updateUnconditionally 16 -> 15
2019-09-02 05:34:39,243 [refreshUsed-/workdir/hadoop-ozone/integration-test/target/test-dir/MiniOzoneClusterImpl-1fbc595b-70b6-44e3-b18f-c16b6617eb44/datanode-4/data/containers] WARN  fs.CachingGetSpaceUsed (CachingGetSpaceUsed.java:run(183)) - Thread Interrupted waiting to refresh disk information: sleep interrupted
2019-09-02 05:34:39,244 [refreshUsed-/workdir/hadoop-ozone/integration-test/target/test-dir/MiniOzoneClusterImpl-1fbc595b-70b6-44e3-b18f-c16b6617eb44/datanode-1/data/containers] WARN  fs.CachingGetSpaceUsed (CachingGetSpaceUsed.java:run(183)) - Thread Interrupted waiting to refresh disk information: sleep interrupted
2019-09-02 05:34:39,268 [main] INFO  utils.BackgroundService (BackgroundService.java:shutdown(148)) - Shutting down service BlockDeletingService
2019-09-02 05:34:39,268 [ForkJoinPool.commonPool-worker-1] INFO  utils.BackgroundService (BackgroundService.java:shutdown(148)) - Shutting down service BlockDeletingService
2019-09-02 05:34:39,273 [main] INFO  statemachine.DatanodeStateMachine (DatanodeStateMachine.java:stopDaemon(395)) - Ozone container server stopped.
2019-09-02 05:34:39,277 [ForkJoinPool.commonPool-worker-1] INFO  statemachine.DatanodeStateMachine (DatanodeStateMachine.java:stopDaemon(395)) - Ozone container server stopped.
2019-09-02 05:34:39,282 [main] INFO  handler.ContextHandler (ContextHandler.java:doStop(910)) - Stopped o.e.j.w.WebAppContext@bb6f3f7{/,null,UNAVAILABLE}{/hddsDatanode}
2019-09-02 05:34:39,282 [ForkJoinPool.commonPool-worker-1] INFO  handler.ContextHandler (ContextHandler.java:doStop(910)) - Stopped o.e.j.w.WebAppContext@537ca28e{/,null,UNAVAILABLE}{/hddsDatanode}
2019-09-02 05:34:39,283 [main] INFO  server.AbstractConnector (AbstractConnector.java:doStop(318)) - Stopped ServerConnector@388f1258{HTTP/1.1,[http/1.1]}{0.0.0.0:0}
2019-09-02 05:34:39,283 [ForkJoinPool.commonPool-worker-1] INFO  server.AbstractConnector (AbstractConnector.java:doStop(318)) - Stopped ServerConnector@5b322873{HTTP/1.1,[http/1.1]}{0.0.0.0:0}
2019-09-02 05:34:39,283 [main] INFO  handler.ContextHandler (ContextHandler.java:doStop(910)) - Stopped o.e.j.s.ServletContextHandler@6684f7f2{/static,jar:file:/home/user/.m2/repository/org/apache/hadoop/hadoop-hdds-container-service/0.5.0-SNAPSHOT/hadoop-hdds-container-service-0.5.0-SNAPSHOT.jar!/webapps/static,UNAVAILABLE}
2019-09-02 05:34:39,291 [ForkJoinPool.commonPool-worker-1] INFO  handler.ContextHandler (ContextHandler.java:doStop(910)) - Stopped o.e.j.s.ServletContextHandler@117b2cc6{/static,jar:file:/home/user/.m2/repository/org/apache/hadoop/hadoop-hdds-container-service/0.5.0-SNAPSHOT/hadoop-hdds-container-service-0.5.0-SNAPSHOT.jar!/webapps/static,UNAVAILABLE}
2019-09-02 05:34:39,292 [main] INFO  handler.ContextHandler (ContextHandler.java:doStop(910)) - Stopped o.e.j.s.ServletContextHandler@30ec211a{/logs,file:///workdir/hadoop-ozone/integration-test/target/log,UNAVAILABLE}
2019-09-02 05:34:39,292 [ForkJoinPool.commonPool-worker-1] INFO  handler.ContextHandler (ContextHandler.java:doStop(910)) - Stopped o.e.j.s.ServletContextHandler@73aaec54{/logs,file:///workdir/hadoop-ozone/integration-test/target/log,UNAVAILABLE}
2019-09-02 05:34:39,306 [grpc-default-executor-1] WARN  server.GrpcLogAppender (LogUtils.java:warn(134)) - 61b655a0-f2c1-4cf2-bf18-a6aadfe6ba94->b7498dab-5b1e-417f-890a-ce82d5efae9c: Failed appendEntries: org.apache.ratis.thirdparty.io.grpc.StatusRuntimeException: UNAVAILABLE: io exception
2019-09-02 05:34:39,306 [grpc-default-executor-1] INFO  impl.FollowerInfo (FollowerInfo.java:lambda$new$0(50)) - 61b655a0-f2c1-4cf2-bf18-a6aadfe6ba94->b7498dab-5b1e-417f-890a-ce82d5efae9c: nextIndex: updateUnconditionally 27 -> 26
2019-09-02 05:34:39,764 [Datanode State Machine Thread - 0] INFO  statemachine.DatanodeStateMachine (DatanodeStateMachine.java:lambda$startDaemon$0(350)) - Ozone container server started.
2019-09-02 05:34:40,020 [Datanode State Machine Thread - 0] INFO  statemachine.DatanodeStateMachine (DatanodeStateMachine.java:lambda$startDaemon$0(350)) - Ozone container server started.
2019-09-02 05:34:41,041 [grpc-default-executor-9] WARN  server.GrpcLogAppender (LogUtils.java:warn(134)) - 1199f808-5b20-429e-aaf6-04ba4f0b7453->4b74841b-131d-45de-b540-61ea462008ca: Failed appendEntries: org.apache.ratis.thirdparty.io.grpc.StatusRuntimeException: UNAVAILABLE: io exception
2019-09-02 05:34:41,041 [grpc-default-executor-9] INFO  impl.FollowerInfo (FollowerInfo.java:lambda$new$0(50)) - 1199f808-5b20-429e-aaf6-04ba4f0b7453->4b74841b-131d-45de-b540-61ea462008ca: nextIndex: updateUnconditionally 16 -> 15
2019-09-02 05:34:41,056 [grpc-default-executor-9] WARN  server.GrpcLogAppender (LogUtils.java:warn(134)) - 1199f808-5b20-429e-aaf6-04ba4f0b7453->4b74841b-131d-45de-b540-61ea462008ca: Failed appendEntries: org.apache.ratis.thirdparty.io.grpc.StatusRuntimeException: UNAVAILABLE: io exception
2019-09-02 05:34:41,057 [grpc-default-executor-9] INFO  impl.FollowerInfo (FollowerInfo.java:lambda$new$0(50)) - 1199f808-5b20-429e-aaf6-04ba4f0b7453->4b74841b-131d-45de-b540-61ea462008ca: nextIndex: updateUnconditionally 16 -> 15
2019-09-02 05:34:41,064 [grpc-default-executor-8] WARN  server.GrpcLogAppender (LogUtils.java:warn(134)) - 1199f808-5b20-429e-aaf6-04ba4f0b7453->4b74841b-131d-45de-b540-61ea462008ca: Failed appendEntries: org.apache.ratis.thirdparty.io.grpc.StatusRuntimeException: UNAVAILABLE: io exception
2019-09-02 05:34:41,064 [grpc-default-executor-8] INFO  impl.FollowerInfo (FollowerInfo.java:lambda$new$0(50)) - 1199f808-5b20-429e-aaf6-04ba4f0b7453->4b74841b-131d-45de-b540-61ea462008ca: nextIndex: updateUnconditionally 16 -> 15
2019-09-02 05:34:41,065 [RatisApplyTransactionExecutor 3] INFO  interfaces.Container (KeyValueContainer.java:flushAndSyncDB(382)) - Container 3 is synced with bcsId 13.
2019-09-02 05:34:41,065 [RatisApplyTransactionExecutor 3] INFO  interfaces.Container (KeyValueContainer.java:flushAndSyncDB(382)) - Container 3 is synced with bcsId 13.
2019-09-02 05:34:41,080 [EventQueue-IncrementalContainerReportForIncrementalContainerReportHandler] INFO  container.IncrementalContainerReportHandler (AbstractContainerReportHandler.java:updateContainerState(176)) - Moving container #3 to CLOSED state, datanode 1199f808-5b20-429e-aaf6-04ba4f0b7453{ip: 192.168.36.97, host: trunk-nightly-20190902-fsht6-3309735379, networkLocation: /default-rack, certSerialId: null} reported CLOSED replica.
2019-09-02 05:34:41,092 [RatisApplyTransactionExecutor 3] INFO  interfaces.Container (KeyValueContainer.java:flushAndSyncDB(382)) - Container 3 is synced with bcsId 13.
2019-09-02 05:34:41,093 [RatisApplyTransactionExecutor 3] INFO  interfaces.Container (KeyValueContainer.java:flushAndSyncDB(382)) - Container 3 is synced with bcsId 13.
2019-09-02 05:34:41,806 [grpc-default-executor-9] WARN  server.GrpcLogAppender (LogUtils.java:warn(134)) - 61b655a0-f2c1-4cf2-bf18-a6aadfe6ba94->b7498dab-5b1e-417f-890a-ce82d5efae9c: Failed appendEntries: org.apache.ratis.thirdparty.io.grpc.StatusRuntimeException: UNAVAILABLE: io exception
2019-09-02 05:34:41,807 [grpc-default-executor-9] INFO  impl.FollowerInfo (FollowerInfo.java:lambda$new$0(50)) - 61b655a0-f2c1-4cf2-bf18-a6aadfe6ba94->b7498dab-5b1e-417f-890a-ce82d5efae9c: nextIndex: updateUnconditionally 26 -> 25
2019-09-02 05:34:43,565 [grpc-default-executor-1] WARN  server.GrpcLogAppender (LogUtils.java:warn(134)) - 1199f808-5b20-429e-aaf6-04ba4f0b7453->4b74841b-131d-45de-b540-61ea462008ca: Failed appendEntries: org.apache.ratis.thirdparty.io.grpc.StatusRuntimeException: UNAVAILABLE: io exception
2019-09-02 05:34:43,566 [grpc-default-executor-1] INFO  impl.FollowerInfo (FollowerInfo.java:lambda$new$0(50)) - 1199f808-5b20-429e-aaf6-04ba4f0b7453->4b74841b-131d-45de-b540-61ea462008ca: nextIndex: updateUnconditionally 15 -> 14
2019-09-02 05:34:43,839 [EventQueue-StaleNodeForStaleNodeHandler] INFO  node.StaleNodeHandler (StaleNodeHandler.java:onMessage(58)) - Datanode 61b655a0-f2c1-4cf2-bf18-a6aadfe6ba94{ip: 192.168.36.97, host: trunk-nightly-20190902-fsht6-3309735379, networkLocation: /default-rack, certSerialId: null} moved to stale state. Finalizing its pipelines [PipelineID=752660fb-ed6d-4886-81ad-734ca68c3f8b, PipelineID=dd9623b8-60ff-4fe3-bcfd-a2b83118b647]
2019-09-02 05:34:43,839 [EventQueue-StaleNodeForStaleNodeHandler] INFO  pipeline.SCMPipelineManager (SCMPipelineManager.java:finalizeAndDestroyPipeline(309)) - destroying pipeline:Pipeline[ Id: 752660fb-ed6d-4886-81ad-734ca68c3f8b, Nodes: 61b655a0-f2c1-4cf2-bf18-a6aadfe6ba94{ip: 192.168.36.97, host: trunk-nightly-20190902-fsht6-3309735379, networkLocation: /default-rack, certSerialId: null}, Type:RATIS, Factor:ONE, State:OPEN]
2019-09-02 05:34:43,840 [EventQueue-StaleNodeForStaleNodeHandler] INFO  pipeline.PipelineStateManager (PipelineStateManager.java:finalizePipeline(123)) - Pipeline Pipeline[ Id: 752660fb-ed6d-4886-81ad-734ca68c3f8b, Nodes: 61b655a0-f2c1-4cf2-bf18-a6aadfe6ba94{ip: 192.168.36.97, host: trunk-nightly-20190902-fsht6-3309735379, networkLocation: /default-rack, certSerialId: null}, Type:RATIS, Factor:ONE, State:CLOSED] moved to CLOSED state
2019-09-02 05:34:43,840 [EventQueue-StaleNodeForStaleNodeHandler] INFO  pipeline.SCMPipelineManager (SCMPipelineManager.java:finalizeAndDestroyPipeline(309)) - destroying pipeline:Pipeline[ Id: dd9623b8-60ff-4fe3-bcfd-a2b83118b647, Nodes: d0793bc8-f6b5-41cf-bbcb-211eaf1438ef{ip: 192.168.36.97, host: trunk-nightly-20190902-fsht6-3309735379, networkLocation: /default-rack, certSerialId: null}61b655a0-f2c1-4cf2-bf18-a6aadfe6ba94{ip: 192.168.36.97, host: trunk-nightly-20190902-fsht6-3309735379, networkLocation: /default-rack, certSerialId: null}b7498dab-5b1e-417f-890a-ce82d5efae9c{ip: 192.168.36.97, host: trunk-nightly-20190902-fsht6-3309735379, networkLocation: /default-rack, certSerialId: null}, Type:RATIS, Factor:THREE, State:CLOSED]
2019-09-02 05:34:44,039 [EventQueue-StaleNodeForStaleNodeHandler] INFO  node.StaleNodeHandler (StaleNodeHandler.java:onMessage(58)) - Datanode 569e1e03-ab21-4bfc-b714-2486d4e9a65b{ip: 192.168.36.97, host: trunk-nightly-20190902-fsht6-3309735379, networkLocation: /default-rack, certSerialId: null} moved to stale state. Finalizing its pipelines [PipelineID=fe0be000-151a-4c08-93c5-44c5fda0e5f9, PipelineID=0388dd07-ba13-4d95-9ff7-6fc154899002]
2019-09-02 05:34:44,040 [EventQueue-StaleNodeForStaleNodeHandler] INFO  pipeline.SCMPipelineManager (SCMPipelineManager.java:finalizeAndDestroyPipeline(309)) - destroying pipeline:Pipeline[ Id: fe0be000-151a-4c08-93c5-44c5fda0e5f9, Nodes: 569e1e03-ab21-4bfc-b714-2486d4e9a65b{ip: 192.168.36.97, host: trunk-nightly-20190902-fsht6-3309735379, networkLocation: /default-rack, certSerialId: null}, Type:RATIS, Factor:ONE, State:OPEN]
2019-09-02 05:34:44,040 [EventQueue-StaleNodeForStaleNodeHandler] INFO  pipeline.PipelineStateManager (PipelineStateManager.java:finalizePipeline(123)) - Pipeline Pipeline[ Id: fe0be000-151a-4c08-93c5-44c5fda0e5f9, Nodes: 569e1e03-ab21-4bfc-b714-2486d4e9a65b{ip: 192.168.36.97, host: trunk-nightly-20190902-fsht6-3309735379, networkLocation: /default-rack, certSerialId: null}, Type:RATIS, Factor:ONE, State:CLOSED] moved to CLOSED state
2019-09-02 05:34:44,040 [EventQueue-StaleNodeForStaleNodeHandler] INFO  pipeline.SCMPipelineManager (SCMPipelineManager.java:finalizeAndDestroyPipeline(309)) - destroying pipeline:Pipeline[ Id: 0388dd07-ba13-4d95-9ff7-6fc154899002, Nodes: 569e1e03-ab21-4bfc-b714-2486d4e9a65b{ip: 192.168.36.97, host: trunk-nightly-20190902-fsht6-3309735379, networkLocation: /default-rack, certSerialId: null}1199f808-5b20-429e-aaf6-04ba4f0b7453{ip: 192.168.36.97, host: trunk-nightly-20190902-fsht6-3309735379, networkLocation: /default-rack, certSerialId: null}4b74841b-131d-45de-b540-61ea462008ca{ip: 192.168.36.97, host: trunk-nightly-20190902-fsht6-3309735379, networkLocation: /default-rack, certSerialId: null}, Type:RATIS, Factor:THREE, State:CLOSED]
2019-09-02 05:34:44,294 [ForkJoinPool.commonPool-worker-1] INFO  ozoneimpl.OzoneContainer (OzoneContainer.java:stop(215)) - Attempting to stop container services.
2019-09-02 05:34:44,294 [main] INFO  ozoneimpl.OzoneContainer (OzoneContainer.java:stop(215)) - Attempting to stop container services.
2019-09-02 05:34:44,294 [ForkJoinPool.commonPool-worker-1] INFO  impl.RaftServerProxy (RaftServerProxy.java:lambda$close$4(314)) - 569e1e03-ab21-4bfc-b714-2486d4e9a65b: close
2019-09-02 05:34:44,295 [main] INFO  impl.RaftServerProxy (RaftServerProxy.java:lambda$close$4(314)) - 61b655a0-f2c1-4cf2-bf18-a6aadfe6ba94: close
2019-09-02 05:34:44,295 [ForkJoinPool.commonPool-worker-1] INFO  impl.RaftServerImpl (RaftServerImpl.java:lambda$shutdown$3(245)) - 569e1e03-ab21-4bfc-b714-2486d4e9a65b: shutdown group-44C5FDA0E5F9
2019-09-02 05:34:44,295 [main] INFO  impl.RaftServerImpl (RaftServerImpl.java:lambda$shutdown$3(245)) - 61b655a0-f2c1-4cf2-bf18-a6aadfe6ba94: shutdown group-734CA68C3F8B
2019-09-02 05:34:44,296 [ForkJoinPool.commonPool-worker-1] INFO  util.JmxRegister (JmxRegister.java:unregister(73)) - Successfully un-registered JMX Bean with object name Ratis:service=RaftServer,group=group-44C5FDA0E5F9,id=569e1e03-ab21-4bfc-b714-2486d4e9a65b
2019-09-02 05:34:44,296 [main] INFO  util.JmxRegister (JmxRegister.java:unregister(73)) - Successfully un-registered JMX Bean with object name Ratis:service=RaftServer,group=group-734CA68C3F8B,id=61b655a0-f2c1-4cf2-bf18-a6aadfe6ba94
2019-09-02 05:34:44,296 [ForkJoinPool.commonPool-worker-1] INFO  impl.RoleInfo (RoleInfo.java:shutdownLeaderState(104)) - 569e1e03-ab21-4bfc-b714-2486d4e9a65b: shutdown LeaderState
2019-09-02 05:34:44,297 [main] INFO  impl.RoleInfo (RoleInfo.java:shutdownLeaderState(104)) - 61b655a0-f2c1-4cf2-bf18-a6aadfe6ba94: shutdown LeaderState
2019-09-02 05:34:44,297 [ForkJoinPool.commonPool-worker-1] INFO  impl.PendingRequests (PendingRequests.java:sendNotLeaderResponses(202)) - 569e1e03-ab21-4bfc-b714-2486d4e9a65b-PendingRequests: sendNotLeaderResponses
2019-09-02 05:34:44,298 [main] INFO  impl.PendingRequests (PendingRequests.java:sendNotLeaderResponses(202)) - 61b655a0-f2c1-4cf2-bf18-a6aadfe6ba94-PendingRequests: sendNotLeaderResponses
2019-09-02 05:34:44,298 [ForkJoinPool.commonPool-worker-1] INFO  impl.StateMachineUpdater (StateMachineUpdater.java:stopAndJoin(115)) - StateMachineUpdater:569e1e03-ab21-4bfc-b714-2486d4e9a65b:group-44C5FDA0E5F9: set stopIndex = 0
2019-09-02 05:34:44,299 [main] INFO  impl.StateMachineUpdater (StateMachineUpdater.java:stopAndJoin(115)) - StateMachineUpdater:61b655a0-f2c1-4cf2-bf18-a6aadfe6ba94:group-734CA68C3F8B: set stopIndex = 0
2019-09-02 05:34:44,299 [main] INFO  impl.RaftServerImpl (ServerState.java:close(394)) - 61b655a0-f2c1-4cf2-bf18-a6aadfe6ba94:group-734CA68C3F8B closes. The last applied log index is 0
2019-09-02 05:34:44,299 [ForkJoinPool.commonPool-worker-1] INFO  impl.RaftServerImpl (ServerState.java:close(394)) - 569e1e03-ab21-4bfc-b714-2486d4e9a65b:group-44C5FDA0E5F9 closes. The last applied log index is 0
2019-09-02 05:34:44,300 [61b655a0-f2c1-4cf2-bf18-a6aadfe6ba94-SegmentedRaftLogWorker:Storage Directory /workdir/hadoop-ozone/integration-test/target/test-dir/MiniOzoneClusterImpl-1fbc595b-70b6-44e3-b18f-c16b6617eb44/datanode-6/data/ratis/752660fb-ed6d-4886-81ad-734ca68c3f8b] INFO  segmented.SegmentedRaftLogWorker (SegmentedRaftLogWorker.java:run(313)) - 61b655a0-f2c1-4cf2-bf18-a6aadfe6ba94-SegmentedRaftLogWorker:Storage Directory /workdir/hadoop-ozone/integration-test/target/test-dir/MiniOzoneClusterImpl-1fbc595b-70b6-44e3-b18f-c16b6617eb44/datanode-6/data/ratis/752660fb-ed6d-4886-81ad-734ca68c3f8b was interrupted, exiting. There are 0 tasks remaining in the queue.
2019-09-02 05:34:44,300 [569e1e03-ab21-4bfc-b714-2486d4e9a65b-SegmentedRaftLogWorker:Storage Directory /workdir/hadoop-ozone/integration-test/target/test-dir/MiniOzoneClusterImpl-1fbc595b-70b6-44e3-b18f-c16b6617eb44/datanode-2/data/ratis/fe0be000-151a-4c08-93c5-44c5fda0e5f9] INFO  segmented.SegmentedRaftLogWorker (SegmentedRaftLogWorker.java:run(313)) - 569e1e03-ab21-4bfc-b714-2486d4e9a65b-SegmentedRaftLogWorker:Storage Directory /workdir/hadoop-ozone/integration-test/target/test-dir/MiniOzoneClusterImpl-1fbc595b-70b6-44e3-b18f-c16b6617eb44/datanode-2/data/ratis/fe0be000-151a-4c08-93c5-44c5fda0e5f9 was interrupted, exiting. There are 0 tasks remaining in the queue.
2019-09-02 05:34:44,303 [main] INFO  segmented.SegmentedRaftLogWorker (SegmentedRaftLogWorker.java:close(228)) - 61b655a0-f2c1-4cf2-bf18-a6aadfe6ba94-SegmentedRaftLogWorker:Storage Directory /workdir/hadoop-ozone/integration-test/target/test-dir/MiniOzoneClusterImpl-1fbc595b-70b6-44e3-b18f-c16b6617eb44/datanode-6/data/ratis/752660fb-ed6d-4886-81ad-734ca68c3f8b close()
2019-09-02 05:34:44,305 [ForkJoinPool.commonPool-worker-1] INFO  segmented.SegmentedRaftLogWorker (SegmentedRaftLogWorker.java:close(228)) - 569e1e03-ab21-4bfc-b714-2486d4e9a65b-SegmentedRaftLogWorker:Storage Directory /workdir/hadoop-ozone/integration-test/target/test-dir/MiniOzoneClusterImpl-1fbc595b-70b6-44e3-b18f-c16b6617eb44/datanode-2/data/ratis/fe0be000-151a-4c08-93c5-44c5fda0e5f9 close()
2019-09-02 05:34:44,309 [main] INFO  impl.RaftServerImpl (RaftServerImpl.java:lambda$shutdown$3(245)) - 61b655a0-f2c1-4cf2-bf18-a6aadfe6ba94: shutdown group-A2B83118B647
2019-09-02 05:34:44,313 [ForkJoinPool.commonPool-worker-1] INFO  impl.RaftServerImpl (RaftServerImpl.java:lambda$shutdown$3(245)) - 569e1e03-ab21-4bfc-b714-2486d4e9a65b: shutdown group-6FC154899002
2019-09-02 05:34:44,313 [main] INFO  util.JmxRegister (JmxRegister.java:unregister(73)) - Successfully un-registered JMX Bean with object name Ratis:service=RaftServer,group=group-A2B83118B647,id=61b655a0-f2c1-4cf2-bf18-a6aadfe6ba94
2019-09-02 05:34:44,314 [grpc-default-executor-8] WARN  server.GrpcLogAppender (LogUtils.java:warn(134)) - 61b655a0-f2c1-4cf2-bf18-a6aadfe6ba94->b7498dab-5b1e-417f-890a-ce82d5efae9c: Failed appendEntries: org.apache.ratis.thirdparty.io.grpc.StatusRuntimeException: UNAVAILABLE: io exception
2019-09-02 05:34:44,314 [ForkJoinPool.commonPool-worker-1] INFO  util.JmxRegister (JmxRegister.java:unregister(73)) - Successfully un-registered JMX Bean with object name Ratis:service=RaftServer,group=group-6FC154899002,id=569e1e03-ab21-4bfc-b714-2486d4e9a65b
2019-09-02 05:34:44,315 [grpc-default-executor-8] INFO  impl.FollowerInfo (FollowerInfo.java:lambda$new$0(50)) - 61b655a0-f2c1-4cf2-bf18-a6aadfe6ba94->b7498dab-5b1e-417f-890a-ce82d5efae9c: nextIndex: updateUnconditionally 25 -> 24
2019-09-02 05:34:44,314 [main] INFO  impl.RoleInfo (RoleInfo.java:shutdownLeaderState(104)) - 61b655a0-f2c1-4cf2-bf18-a6aadfe6ba94: shutdown LeaderState
2019-09-02 05:34:44,315 [ForkJoinPool.commonPool-worker-1] INFO  impl.RoleInfo (RoleInfo.java:shutdownFollowerState(121)) - 569e1e03-ab21-4bfc-b714-2486d4e9a65b: shutdown FollowerState
2019-09-02 05:34:44,319 [org.apache.ratis.server.impl.LogAppender$AppenderDaemon$$Lambda$480/1300052904@6f20512e] WARN  server.GrpcLogAppender (GrpcLogAppender.java:mayWait(143)) - GrpcLogAppender(61b655a0-f2c1-4cf2-bf18-a6aadfe6ba94->d0793bc8-f6b5-41cf-bbcb-211eaf1438ef): Wait interrupted by java.lang.InterruptedException
2019-09-02 05:34:44,320 [StateMachineUpdater:569e1e03-ab21-4bfc-b714-2486d4e9a65b:group-6FC154899002] INFO  ratis.ContainerStateMachine (ContainerStateMachine.java:takeSnapshot(284)) - group-6FC154899002: Taking a snapshot at:(t:1, i:16) file /workdir/hadoop-ozone/integration-test/target/test-dir/MiniOzoneClusterImpl-1fbc595b-70b6-44e3-b18f-c16b6617eb44/datanode-2/data/ratis/0388dd07-ba13-4d95-9ff7-6fc154899002/sm/snapshot.1_16
2019-09-02 05:34:44,319 [org.apache.ratis.server.impl.LogAppender$AppenderDaemon$$Lambda$480/1300052904@2a22d2ae] WARN  server.GrpcLogAppender (GrpcLogAppender.java:mayWait(143)) - GrpcLogAppender(61b655a0-f2c1-4cf2-bf18-a6aadfe6ba94->b7498dab-5b1e-417f-890a-ce82d5efae9c): Wait interrupted by java.lang.InterruptedException
2019-09-02 05:34:44,319 [main] INFO  impl.PendingRequests (PendingRequests.java:sendNotLeaderResponses(202)) - 61b655a0-f2c1-4cf2-bf18-a6aadfe6ba94-PendingRequests: sendNotLeaderResponses
2019-09-02 05:34:44,320 [grpc-default-executor-8] INFO  server.GrpcServerProtocolService (GrpcServerProtocolService.java:onCompleted(104)) - d0793bc8-f6b5-41cf-bbcb-211eaf1438ef: appendEntries completed
2019-09-02 05:34:44,319 [Thread-4368] INFO  impl.FollowerState (FollowerState.java:run(114)) - 569e1e03-ab21-4bfc-b714-2486d4e9a65b: FollowerState was interrupted: java.lang.InterruptedException: sleep interrupted
2019-09-02 05:34:44,324 [main] INFO  impl.StateMachineUpdater (StateMachineUpdater.java:stopAndJoin(115)) - StateMachineUpdater:61b655a0-f2c1-4cf2-bf18-a6aadfe6ba94:group-A2B83118B647: set stopIndex = 27
2019-09-02 05:34:44,319 [ForkJoinPool.commonPool-worker-1] INFO  impl.StateMachineUpdater (StateMachineUpdater.java:stopAndJoin(115)) - StateMachineUpdater:569e1e03-ab21-4bfc-b714-2486d4e9a65b:group-6FC154899002: set stopIndex = 17
2019-09-02 05:34:44,326 [grpc-default-executor-8] INFO  server.GrpcLogAppender (GrpcLogAppender.java:onCompleted(292)) - 61b655a0-f2c1-4cf2-bf18-a6aadfe6ba94->d0793bc8-f6b5-41cf-bbcb-211eaf1438ef: follower responses appendEntries COMPLETED
2019-09-02 05:34:44,326 [StateMachineUpdater:61b655a0-f2c1-4cf2-bf18-a6aadfe6ba94:group-A2B83118B647] INFO  ratis.ContainerStateMachine (ContainerStateMachine.java:takeSnapshot(284)) - group-A2B83118B647: Taking a snapshot at:(t:1, i:27) file /workdir/hadoop-ozone/integration-test/target/test-dir/MiniOzoneClusterImpl-1fbc595b-70b6-44e3-b18f-c16b6617eb44/datanode-6/data/ratis/dd9623b8-60ff-4fe3-bcfd-a2b83118b647/sm/snapshot.1_27
2019-09-02 05:34:44,327 [grpc-default-executor-8] INFO  impl.FollowerInfo (FollowerInfo.java:lambda$new$0(50)) - 61b655a0-f2c1-4cf2-bf18-a6aadfe6ba94->d0793bc8-f6b5-41cf-bbcb-211eaf1438ef: nextIndex: updateUnconditionally 28 -> 27
2019-09-02 05:34:44,344 [StateMachineUpdater:569e1e03-ab21-4bfc-b714-2486d4e9a65b:group-6FC154899002] INFO  ratis.ContainerStateMachine (ContainerStateMachine.java:takeSnapshot(295)) - group-6FC154899002: Finished taking a snapshot at:(t:1, i:16) file:/workdir/hadoop-ozone/integration-test/target/test-dir/MiniOzoneClusterImpl-1fbc595b-70b6-44e3-b18f-c16b6617eb44/datanode-2/data/ratis/0388dd07-ba13-4d95-9ff7-6fc154899002/sm/snapshot.1_16 time:25
2019-09-02 05:34:44,345 [StateMachineUpdater:569e1e03-ab21-4bfc-b714-2486d4e9a65b:group-6FC154899002] INFO  impl.StateMachineUpdater (StateMachineUpdater.java:takeSnapshot(242)) - StateMachineUpdater:569e1e03-ab21-4bfc-b714-2486d4e9a65b:group-6FC154899002: Took a snapshot at index 16
2019-09-02 05:34:44,344 [StateMachineUpdater:61b655a0-f2c1-4cf2-bf18-a6aadfe6ba94:group-A2B83118B647] INFO  ratis.ContainerStateMachine (ContainerStateMachine.java:takeSnapshot(295)) - group-A2B83118B647: Finished taking a snapshot at:(t:1, i:27) file:/workdir/hadoop-ozone/integration-test/target/test-dir/MiniOzoneClusterImpl-1fbc595b-70b6-44e3-b18f-c16b6617eb44/datanode-6/data/ratis/dd9623b8-60ff-4fe3-bcfd-a2b83118b647/sm/snapshot.1_27 time:20
2019-09-02 05:34:44,345 [StateMachineUpdater:569e1e03-ab21-4bfc-b714-2486d4e9a65b:group-6FC154899002] INFO  impl.StateMachineUpdater (StateMachineUpdater.java:lambda$new$0(80)) - StateMachineUpdater:569e1e03-ab21-4bfc-b714-2486d4e9a65b:group-6FC154899002: snapshotIndex: updateIncreasingly -1 -> 16
2019-09-02 05:34:44,345 [StateMachineUpdater:61b655a0-f2c1-4cf2-bf18-a6aadfe6ba94:group-A2B83118B647] INFO  impl.StateMachineUpdater (StateMachineUpdater.java:takeSnapshot(242)) - StateMachineUpdater:61b655a0-f2c1-4cf2-bf18-a6aadfe6ba94:group-A2B83118B647: Took a snapshot at index 27
2019-09-02 05:34:44,345 [StateMachineUpdater:61b655a0-f2c1-4cf2-bf18-a6aadfe6ba94:group-A2B83118B647] INFO  impl.StateMachineUpdater (StateMachineUpdater.java:lambda$new$0(80)) - StateMachineUpdater:61b655a0-f2c1-4cf2-bf18-a6aadfe6ba94:group-A2B83118B647: snapshotIndex: updateIncreasingly -1 -> 27
2019-09-02 05:34:44,345 [ForkJoinPool.commonPool-worker-1] INFO  impl.RaftServerImpl (ServerState.java:close(394)) - 569e1e03-ab21-4bfc-b714-2486d4e9a65b:group-6FC154899002 closes. The last applied log index is 17
2019-09-02 05:34:44,346 [main] INFO  impl.RaftServerImpl (ServerState.java:close(394)) - 61b655a0-f2c1-4cf2-bf18-a6aadfe6ba94:group-A2B83118B647 closes. The last applied log index is 27
2019-09-02 05:34:44,346 [569e1e03-ab21-4bfc-b714-2486d4e9a65b-SegmentedRaftLogWorker:Storage Directory /workdir/hadoop-ozone/integration-test/target/test-dir/MiniOzoneClusterImpl-1fbc595b-70b6-44e3-b18f-c16b6617eb44/datanode-2/data/ratis/0388dd07-ba13-4d95-9ff7-6fc154899002] INFO  segmented.SegmentedRaftLogWorker (SegmentedRaftLogWorker.java:run(313)) - 569e1e03-ab21-4bfc-b714-2486d4e9a65b-SegmentedRaftLogWorker:Storage Directory /workdir/hadoop-ozone/integration-test/target/test-dir/MiniOzoneClusterImpl-1fbc595b-70b6-44e3-b18f-c16b6617eb44/datanode-2/data/ratis/0388dd07-ba13-4d95-9ff7-6fc154899002 was interrupted, exiting. There are 0 tasks remaining in the queue.
2019-09-02 05:34:44,348 [61b655a0-f2c1-4cf2-bf18-a6aadfe6ba94-SegmentedRaftLogWorker:Storage Directory /workdir/hadoop-ozone/integration-test/target/test-dir/MiniOzoneClusterImpl-1fbc595b-70b6-44e3-b18f-c16b6617eb44/datanode-6/data/ratis/dd9623b8-60ff-4fe3-bcfd-a2b83118b647] INFO  segmented.SegmentedRaftLogWorker (SegmentedRaftLogWorker.java:run(313)) - 61b655a0-f2c1-4cf2-bf18-a6aadfe6ba94-SegmentedRaftLogWorker:Storage Directory /workdir/hadoop-ozone/integration-test/target/test-dir/MiniOzoneClusterImpl-1fbc595b-70b6-44e3-b18f-c16b6617eb44/datanode-6/data/ratis/dd9623b8-60ff-4fe3-bcfd-a2b83118b647 was interrupted, exiting. There are 0 tasks remaining in the queue.
2019-09-02 05:34:44,348 [ForkJoinPool.commonPool-worker-1] INFO  segmented.SegmentedRaftLogWorker (SegmentedRaftLogWorker.java:close(228)) - 569e1e03-ab21-4bfc-b714-2486d4e9a65b-SegmentedRaftLogWorker:Storage Directory /workdir/hadoop-ozone/integration-test/target/test-dir/MiniOzoneClusterImpl-1fbc595b-70b6-44e3-b18f-c16b6617eb44/datanode-2/data/ratis/0388dd07-ba13-4d95-9ff7-6fc154899002 close()
2019-09-02 05:34:44,350 [main] INFO  segmented.SegmentedRaftLogWorker (SegmentedRaftLogWorker.java:close(228)) - 61b655a0-f2c1-4cf2-bf18-a6aadfe6ba94-SegmentedRaftLogWorker:Storage Directory /workdir/hadoop-ozone/integration-test/target/test-dir/MiniOzoneClusterImpl-1fbc595b-70b6-44e3-b18f-c16b6617eb44/datanode-6/data/ratis/dd9623b8-60ff-4fe3-bcfd-a2b83118b647 close()
2019-09-02 05:34:44,354 [ForkJoinPool.commonPool-worker-1] INFO  server.GrpcService (GrpcService.java:closeImpl(155)) - 569e1e03-ab21-4bfc-b714-2486d4e9a65b: shutdown server with port 43408 now
2019-09-02 05:34:44,358 [main] INFO  server.GrpcService (GrpcService.java:closeImpl(155)) - 61b655a0-f2c1-4cf2-bf18-a6aadfe6ba94: shutdown server with port 34887 now
2019-09-02 05:34:44,358 [grpc-default-executor-1] WARN  server.GrpcServerProtocolService (LogUtils.java:warn(134)) - 569e1e03-ab21-4bfc-b714-2486d4e9a65b: appendEntries onError: org.apache.ratis.thirdparty.io.grpc.StatusRuntimeException: CANCELLED: cancelled before receiving half close
2019-09-02 05:34:44,359 [ForkJoinPool.commonPool-worker-1] INFO  server.GrpcService (GrpcService.java:closeImpl(163)) - 569e1e03-ab21-4bfc-b714-2486d4e9a65b: shutdown server with port 43408 successfully
2019-09-02 05:34:44,359 [main] INFO  server.GrpcService (GrpcService.java:closeImpl(163)) - 61b655a0-f2c1-4cf2-bf18-a6aadfe6ba94: shutdown server with port 34887 successfully
2019-09-02 05:34:44,359 [grpc-default-executor-9] WARN  server.GrpcLogAppender (LogUtils.java:warn(134)) - 1199f808-5b20-429e-aaf6-04ba4f0b7453->569e1e03-ab21-4bfc-b714-2486d4e9a65b: Failed appendEntries: org.apache.ratis.thirdparty.io.grpc.StatusRuntimeException: CANCELLED: HTTP/2 error code: CANCEL
Received Rst Stream
2019-09-02 05:34:44,359 [grpc-default-executor-7] WARN  client.GrpcClientProtocolService (LogUtils.java:warn(134)) - 3-UnorderedRequestStreamObserver3: onError: org.apache.ratis.thirdparty.io.grpc.StatusRuntimeException: CANCELLED: cancelled before receiving half close
2019-09-02 05:34:44,360 [grpc-default-executor-9] INFO  impl.FollowerInfo (FollowerInfo.java:lambda$new$0(50)) - 1199f808-5b20-429e-aaf6-04ba4f0b7453->569e1e03-ab21-4bfc-b714-2486d4e9a65b: nextIndex: updateUnconditionally 18 -> 17
2019-09-02 05:34:44,363 [refreshUsed-/workdir/hadoop-ozone/integration-test/target/test-dir/MiniOzoneClusterImpl-1fbc595b-70b6-44e3-b18f-c16b6617eb44/datanode-2/data/containers] WARN  fs.CachingGetSpaceUsed (CachingGetSpaceUsed.java:run(183)) - Thread Interrupted waiting to refresh disk information: sleep interrupted
2019-09-02 05:34:44,384 [ForkJoinPool.commonPool-worker-1] INFO  utils.BackgroundService (BackgroundService.java:shutdown(148)) - Shutting down service BlockDeletingService
2019-09-02 05:34:44,389 [ForkJoinPool.commonPool-worker-1] INFO  statemachine.DatanodeStateMachine (DatanodeStateMachine.java:stopDaemon(395)) - Ozone container server stopped.
2019-09-02 05:34:44,393 [ForkJoinPool.commonPool-worker-1] INFO  handler.ContextHandler (ContextHandler.java:doStop(910)) - Stopped o.e.j.w.WebAppContext@2120bed{/,null,UNAVAILABLE}{/hddsDatanode}
2019-09-02 05:34:44,394 [ForkJoinPool.commonPool-worker-1] INFO  server.AbstractConnector (AbstractConnector.java:doStop(318)) - Stopped ServerConnector@566fe83c{HTTP/1.1,[http/1.1]}{0.0.0.0:0}
2019-09-02 05:34:44,394 [ForkJoinPool.commonPool-worker-1] INFO  handler.ContextHandler (ContextHandler.java:doStop(910)) - Stopped o.e.j.s.ServletContextHandler@426710f0{/static,jar:file:/home/user/.m2/repository/org/apache/hadoop/hadoop-hdds-container-service/0.5.0-SNAPSHOT/hadoop-hdds-container-service-0.5.0-SNAPSHOT.jar!/webapps/static,UNAVAILABLE}
2019-09-02 05:34:44,395 [ForkJoinPool.commonPool-worker-1] INFO  handler.ContextHandler (ContextHandler.java:doStop(910)) - Stopped o.e.j.s.ServletContextHandler@56da96b3{/logs,file:///workdir/hadoop-ozone/integration-test/target/log,UNAVAILABLE}
2019-09-02 05:34:44,395 [refreshUsed-/workdir/hadoop-ozone/integration-test/target/test-dir/MiniOzoneClusterImpl-1fbc595b-70b6-44e3-b18f-c16b6617eb44/datanode-6/data/containers] WARN  fs.CachingGetSpaceUsed (CachingGetSpaceUsed.java:run(183)) - Thread Interrupted waiting to refresh disk information: sleep interrupted
2019-09-02 05:34:44,411 [main] INFO  utils.BackgroundService (BackgroundService.java:shutdown(148)) - Shutting down service BlockDeletingService
2019-09-02 05:34:44,417 [main] INFO  statemachine.DatanodeStateMachine (DatanodeStateMachine.java:stopDaemon(395)) - Ozone container server stopped.
2019-09-02 05:34:44,418 [main] INFO  handler.ContextHandler (ContextHandler.java:doStop(910)) - Stopped o.e.j.w.WebAppContext@2ab9e43e{/,null,UNAVAILABLE}{/hddsDatanode}
2019-09-02 05:34:44,419 [main] INFO  server.AbstractConnector (AbstractConnector.java:doStop(318)) - Stopped ServerConnector@10dfa7ef{HTTP/1.1,[http/1.1]}{0.0.0.0:0}
2019-09-02 05:34:44,420 [main] INFO  handler.ContextHandler (ContextHandler.java:doStop(910)) - Stopped o.e.j.s.ServletContextHandler@4586a8aa{/static,jar:file:/home/user/.m2/repository/org/apache/hadoop/hadoop-hdds-container-service/0.5.0-SNAPSHOT/hadoop-hdds-container-service-0.5.0-SNAPSHOT.jar!/webapps/static,UNAVAILABLE}
2019-09-02 05:34:44,420 [main] INFO  handler.ContextHandler (ContextHandler.java:doStop(910)) - Stopped o.e.j.s.ServletContextHandler@1d8e9d3e{/logs,file:///workdir/hadoop-ozone/integration-test/target/log,UNAVAILABLE}
2019-09-02 05:34:44,796 [Datanode State Machine Thread - 0] INFO  statemachine.DatanodeStateMachine (DatanodeStateMachine.java:lambda$startDaemon$0(350)) - Ozone container server started.
2019-09-02 05:34:45,080 [Datanode State Machine Thread - 0] INFO  statemachine.DatanodeStateMachine (DatanodeStateMachine.java:lambda$startDaemon$0(350)) - Ozone container server started.
2019-09-02 05:34:46,066 [grpc-default-executor-9] WARN  server.GrpcLogAppender (LogUtils.java:warn(134)) - 1199f808-5b20-429e-aaf6-04ba4f0b7453->4b74841b-131d-45de-b540-61ea462008ca: Failed appendEntries: org.apache.ratis.thirdparty.io.grpc.StatusRuntimeException: UNAVAILABLE: io exception
2019-09-02 05:34:46,067 [grpc-default-executor-8] WARN  server.GrpcLogAppender (LogUtils.java:warn(134)) - 1199f808-5b20-429e-aaf6-04ba4f0b7453->569e1e03-ab21-4bfc-b714-2486d4e9a65b: Failed appendEntries: org.apache.ratis.thirdparty.io.grpc.StatusRuntimeException: UNAVAILABLE: io exception
2019-09-02 05:34:46,067 [grpc-default-executor-9] INFO  impl.FollowerInfo (FollowerInfo.java:lambda$new$0(50)) - 1199f808-5b20-429e-aaf6-04ba4f0b7453->4b74841b-131d-45de-b540-61ea462008ca: nextIndex: updateUnconditionally 14 -> 13
2019-09-02 05:34:46,067 [grpc-default-executor-8] INFO  impl.FollowerInfo (FollowerInfo.java:lambda$new$0(50)) - 1199f808-5b20-429e-aaf6-04ba4f0b7453->569e1e03-ab21-4bfc-b714-2486d4e9a65b: nextIndex: updateUnconditionally 17 -> 16
2019-09-02 05:34:48,566 [grpc-default-executor-7] WARN  server.GrpcLogAppender (LogUtils.java:warn(134)) - 1199f808-5b20-429e-aaf6-04ba4f0b7453->4b74841b-131d-45de-b540-61ea462008ca: Failed appendEntries: org.apache.ratis.thirdparty.io.grpc.StatusRuntimeException: UNAVAILABLE: io exception
2019-09-02 05:34:48,567 [grpc-default-executor-1] WARN  server.GrpcLogAppender (LogUtils.java:warn(134)) - 1199f808-5b20-429e-aaf6-04ba4f0b7453->569e1e03-ab21-4bfc-b714-2486d4e9a65b: Failed appendEntries: org.apache.ratis.thirdparty.io.grpc.StatusRuntimeException: UNAVAILABLE: io exception
2019-09-02 05:34:48,567 [grpc-default-executor-7] INFO  impl.FollowerInfo (FollowerInfo.java:lambda$new$0(50)) - 1199f808-5b20-429e-aaf6-04ba4f0b7453->4b74841b-131d-45de-b540-61ea462008ca: nextIndex: updateUnconditionally 13 -> 12
2019-09-02 05:34:48,567 [grpc-default-executor-1] INFO  impl.FollowerInfo (FollowerInfo.java:lambda$new$0(50)) - 1199f808-5b20-429e-aaf6-04ba4f0b7453->569e1e03-ab21-4bfc-b714-2486d4e9a65b: nextIndex: updateUnconditionally 16 -> 15
2019-09-02 05:34:48,846 [EventQueue-StaleNodeForStaleNodeHandler] INFO  node.StaleNodeHandler (StaleNodeHandler.java:onMessage(58)) - Datanode d0793bc8-f6b5-41cf-bbcb-211eaf1438ef{ip: 192.168.36.97, host: trunk-nightly-20190902-fsht6-3309735379, networkLocation: /default-rack, certSerialId: null} moved to stale state. Finalizing its pipelines [PipelineID=c18101aa-3fa6-41b5-bbb1-5d07124ec605, PipelineID=dd9623b8-60ff-4fe3-bcfd-a2b83118b647]
2019-09-02 05:34:48,846 [EventQueue-StaleNodeForStaleNodeHandler] INFO  pipeline.SCMPipelineManager (SCMPipelineManager.java:finalizeAndDestroyPipeline(309)) - destroying pipeline:Pipeline[ Id: c18101aa-3fa6-41b5-bbb1-5d07124ec605, Nodes: d0793bc8-f6b5-41cf-bbcb-211eaf1438ef{ip: 192.168.36.97, host: trunk-nightly-20190902-fsht6-3309735379, networkLocation: /default-rack, certSerialId: null}, Type:RATIS, Factor:ONE, State:OPEN]
2019-09-02 05:34:48,846 [EventQueue-StaleNodeForStaleNodeHandler] INFO  pipeline.PipelineStateManager (PipelineStateManager.java:finalizePipeline(123)) - Pipeline Pipeline[ Id: c18101aa-3fa6-41b5-bbb1-5d07124ec605, Nodes: d0793bc8-f6b5-41cf-bbcb-211eaf1438ef{ip: 192.168.36.97, host: trunk-nightly-20190902-fsht6-3309735379, networkLocation: /default-rack, certSerialId: null}, Type:RATIS, Factor:ONE, State:CLOSED] moved to CLOSED state
2019-09-02 05:34:48,847 [EventQueue-StaleNodeForStaleNodeHandler] INFO  pipeline.SCMPipelineManager (SCMPipelineManager.java:finalizeAndDestroyPipeline(309)) - destroying pipeline:Pipeline[ Id: dd9623b8-60ff-4fe3-bcfd-a2b83118b647, Nodes: d0793bc8-f6b5-41cf-bbcb-211eaf1438ef{ip: 192.168.36.97, host: trunk-nightly-20190902-fsht6-3309735379, networkLocation: /default-rack, certSerialId: null}61b655a0-f2c1-4cf2-bf18-a6aadfe6ba94{ip: 192.168.36.97, host: trunk-nightly-20190902-fsht6-3309735379, networkLocation: /default-rack, certSerialId: null}b7498dab-5b1e-417f-890a-ce82d5efae9c{ip: 192.168.36.97, host: trunk-nightly-20190902-fsht6-3309735379, networkLocation: /default-rack, certSerialId: null}, Type:RATIS, Factor:THREE, State:CLOSED]
2019-09-02 05:34:49,146 [EventQueue-StaleNodeForStaleNodeHandler] INFO  node.StaleNodeHandler (StaleNodeHandler.java:onMessage(58)) - Datanode 1199f808-5b20-429e-aaf6-04ba4f0b7453{ip: 192.168.36.97, host: trunk-nightly-20190902-fsht6-3309735379, networkLocation: /default-rack, certSerialId: null} moved to stale state. Finalizing its pipelines [PipelineID=0388dd07-ba13-4d95-9ff7-6fc154899002, PipelineID=fc537138-4a9e-47c7-8244-f00427850888]
2019-09-02 05:34:49,147 [EventQueue-StaleNodeForStaleNodeHandler] INFO  pipeline.SCMPipelineManager (SCMPipelineManager.java:finalizeAndDestroyPipeline(309)) - destroying pipeline:Pipeline[ Id: 0388dd07-ba13-4d95-9ff7-6fc154899002, Nodes: 569e1e03-ab21-4bfc-b714-2486d4e9a65b{ip: 192.168.36.97, host: trunk-nightly-20190902-fsht6-3309735379, networkLocation: /default-rack, certSerialId: null}1199f808-5b20-429e-aaf6-04ba4f0b7453{ip: 192.168.36.97, host: trunk-nightly-20190902-fsht6-3309735379, networkLocation: /default-rack, certSerialId: null}4b74841b-131d-45de-b540-61ea462008ca{ip: 192.168.36.97, host: trunk-nightly-20190902-fsht6-3309735379, networkLocation: /default-rack, certSerialId: null}, Type:RATIS, Factor:THREE, State:CLOSED]
2019-09-02 05:34:49,147 [EventQueue-StaleNodeForStaleNodeHandler] INFO  pipeline.SCMPipelineManager (SCMPipelineManager.java:finalizeAndDestroyPipeline(309)) - destroying pipeline:Pipeline[ Id: fc537138-4a9e-47c7-8244-f00427850888, Nodes: 1199f808-5b20-429e-aaf6-04ba4f0b7453{ip: 192.168.36.97, host: trunk-nightly-20190902-fsht6-3309735379, networkLocation: /default-rack, certSerialId: null}, Type:RATIS, Factor:ONE, State:OPEN]
2019-09-02 05:34:49,147 [EventQueue-StaleNodeForStaleNodeHandler] INFO  pipeline.PipelineStateManager (PipelineStateManager.java:finalizePipeline(123)) - Pipeline Pipeline[ Id: fc537138-4a9e-47c7-8244-f00427850888, Nodes: 1199f808-5b20-429e-aaf6-04ba4f0b7453{ip: 192.168.36.97, host: trunk-nightly-20190902-fsht6-3309735379, networkLocation: /default-rack, certSerialId: null}, Type:RATIS, Factor:ONE, State:CLOSED] moved to CLOSED state
2019-09-02 05:34:49,397 [ForkJoinPool.commonPool-worker-1] INFO  ozoneimpl.OzoneContainer (OzoneContainer.java:stop(215)) - Attempting to stop container services.
2019-09-02 05:34:49,398 [ForkJoinPool.commonPool-worker-1] INFO  impl.RaftServerProxy (RaftServerProxy.java:lambda$close$4(314)) - 1199f808-5b20-429e-aaf6-04ba4f0b7453: close
2019-09-02 05:34:49,398 [ForkJoinPool.commonPool-worker-1] INFO  impl.RaftServerImpl (RaftServerImpl.java:lambda$shutdown$3(245)) - 1199f808-5b20-429e-aaf6-04ba4f0b7453: shutdown group-6FC154899002
2019-09-02 05:34:49,399 [ForkJoinPool.commonPool-worker-1] INFO  util.JmxRegister (JmxRegister.java:unregister(73)) - Successfully un-registered JMX Bean with object name Ratis:service=RaftServer,group=group-6FC154899002,id=1199f808-5b20-429e-aaf6-04ba4f0b7453
2019-09-02 05:34:49,399 [ForkJoinPool.commonPool-worker-1] INFO  impl.RoleInfo (RoleInfo.java:shutdownLeaderState(104)) - 1199f808-5b20-429e-aaf6-04ba4f0b7453: shutdown LeaderState
2019-09-02 05:34:49,407 [ForkJoinPool.commonPool-worker-1] INFO  impl.PendingRequests (PendingRequests.java:sendNotLeaderResponses(202)) - 1199f808-5b20-429e-aaf6-04ba4f0b7453-PendingRequests: sendNotLeaderResponses
2019-09-02 05:34:49,407 [org.apache.ratis.server.impl.LogAppender$AppenderDaemon$$Lambda$480/1300052904@54c592fe] WARN  server.GrpcLogAppender (GrpcLogAppender.java:mayWait(143)) - GrpcLogAppender(1199f808-5b20-429e-aaf6-04ba4f0b7453->4b74841b-131d-45de-b540-61ea462008ca): Wait interrupted by java.lang.InterruptedException
2019-09-02 05:34:49,407 [org.apache.ratis.server.impl.LogAppender$AppenderDaemon$$Lambda$480/1300052904@11c71ea2] WARN  server.GrpcLogAppender (GrpcLogAppender.java:mayWait(143)) - GrpcLogAppender(1199f808-5b20-429e-aaf6-04ba4f0b7453->569e1e03-ab21-4bfc-b714-2486d4e9a65b): Wait interrupted by java.lang.InterruptedException
2019-09-02 05:34:49,410 [ForkJoinPool.commonPool-worker-1] INFO  impl.StateMachineUpdater (StateMachineUpdater.java:stopAndJoin(115)) - StateMachineUpdater:1199f808-5b20-429e-aaf6-04ba4f0b7453:group-6FC154899002: set stopIndex = 17
2019-09-02 05:34:49,410 [StateMachineUpdater:1199f808-5b20-429e-aaf6-04ba4f0b7453:group-6FC154899002] INFO  ratis.ContainerStateMachine (ContainerStateMachine.java:takeSnapshot(284)) - group-6FC154899002: Taking a snapshot at:(t:1, i:17) file /workdir/hadoop-ozone/integration-test/target/test-dir/MiniOzoneClusterImpl-1fbc595b-70b6-44e3-b18f-c16b6617eb44/datanode-0/data/ratis/0388dd07-ba13-4d95-9ff7-6fc154899002/sm/snapshot.1_17
2019-09-02 05:34:49,422 [main] INFO  ozoneimpl.OzoneContainer (OzoneContainer.java:stop(215)) - Attempting to stop container services.
2019-09-02 05:34:49,423 [main] INFO  impl.RaftServerProxy (RaftServerProxy.java:lambda$close$4(314)) - d0793bc8-f6b5-41cf-bbcb-211eaf1438ef: close
2019-09-02 05:34:49,423 [main] INFO  impl.RaftServerImpl (RaftServerImpl.java:lambda$shutdown$3(245)) - d0793bc8-f6b5-41cf-bbcb-211eaf1438ef: shutdown group-5D07124EC605
2019-09-02 05:34:49,423 [main] INFO  util.JmxRegister (JmxRegister.java:unregister(73)) - Successfully un-registered JMX Bean with object name Ratis:service=RaftServer,group=group-5D07124EC605,id=d0793bc8-f6b5-41cf-bbcb-211eaf1438ef
2019-09-02 05:34:49,424 [main] INFO  impl.RoleInfo (RoleInfo.java:shutdownLeaderState(104)) - d0793bc8-f6b5-41cf-bbcb-211eaf1438ef: shutdown LeaderState
2019-09-02 05:34:49,424 [StateMachineUpdater:1199f808-5b20-429e-aaf6-04ba4f0b7453:group-6FC154899002] INFO  ratis.ContainerStateMachine (ContainerStateMachine.java:takeSnapshot(295)) - group-6FC154899002: Finished taking a snapshot at:(t:1, i:17) file:/workdir/hadoop-ozone/integration-test/target/test-dir/MiniOzoneClusterImpl-1fbc595b-70b6-44e3-b18f-c16b6617eb44/datanode-0/data/ratis/0388dd07-ba13-4d95-9ff7-6fc154899002/sm/snapshot.1_17 time:14
2019-09-02 05:34:49,424 [main] INFO  impl.PendingRequests (PendingRequests.java:sendNotLeaderResponses(202)) - d0793bc8-f6b5-41cf-bbcb-211eaf1438ef-PendingRequests: sendNotLeaderResponses
2019-09-02 05:34:49,424 [StateMachineUpdater:1199f808-5b20-429e-aaf6-04ba4f0b7453:group-6FC154899002] INFO  impl.StateMachineUpdater (StateMachineUpdater.java:takeSnapshot(242)) - StateMachineUpdater:1199f808-5b20-429e-aaf6-04ba4f0b7453:group-6FC154899002: Took a snapshot at index 17
2019-09-02 05:34:49,425 [main] INFO  impl.StateMachineUpdater (StateMachineUpdater.java:stopAndJoin(115)) - StateMachineUpdater:d0793bc8-f6b5-41cf-bbcb-211eaf1438ef:group-5D07124EC605: set stopIndex = 0
2019-09-02 05:34:49,425 [StateMachineUpdater:1199f808-5b20-429e-aaf6-04ba4f0b7453:group-6FC154899002] INFO  impl.StateMachineUpdater (StateMachineUpdater.java:lambda$new$0(80)) - StateMachineUpdater:1199f808-5b20-429e-aaf6-04ba4f0b7453:group-6FC154899002: snapshotIndex: updateIncreasingly -1 -> 17
2019-09-02 05:34:49,425 [main] INFO  impl.RaftServerImpl (ServerState.java:close(394)) - d0793bc8-f6b5-41cf-bbcb-211eaf1438ef:group-5D07124EC605 closes. The last applied log index is 0
2019-09-02 05:34:49,426 [ForkJoinPool.commonPool-worker-1] INFO  impl.RaftServerImpl (ServerState.java:close(394)) - 1199f808-5b20-429e-aaf6-04ba4f0b7453:group-6FC154899002 closes. The last applied log index is 17
2019-09-02 05:34:49,426 [d0793bc8-f6b5-41cf-bbcb-211eaf1438ef-SegmentedRaftLogWorker:Storage Directory /workdir/hadoop-ozone/integration-test/target/test-dir/MiniOzoneClusterImpl-1fbc595b-70b6-44e3-b18f-c16b6617eb44/datanode-5/data/ratis/c18101aa-3fa6-41b5-bbb1-5d07124ec605] INFO  segmented.SegmentedRaftLogWorker (SegmentedRaftLogWorker.java:run(313)) - d0793bc8-f6b5-41cf-bbcb-211eaf1438ef-SegmentedRaftLogWorker:Storage Directory /workdir/hadoop-ozone/integration-test/target/test-dir/MiniOzoneClusterImpl-1fbc595b-70b6-44e3-b18f-c16b6617eb44/datanode-5/data/ratis/c18101aa-3fa6-41b5-bbb1-5d07124ec605 was interrupted, exiting. There are 0 tasks remaining in the queue.
2019-09-02 05:34:49,426 [1199f808-5b20-429e-aaf6-04ba4f0b7453-SegmentedRaftLogWorker:Storage Directory /workdir/hadoop-ozone/integration-test/target/test-dir/MiniOzoneClusterImpl-1fbc595b-70b6-44e3-b18f-c16b6617eb44/datanode-0/data/ratis/0388dd07-ba13-4d95-9ff7-6fc154899002] INFO  segmented.SegmentedRaftLogWorker (SegmentedRaftLogWorker.java:run(313)) - 1199f808-5b20-429e-aaf6-04ba4f0b7453-SegmentedRaftLogWorker:Storage Directory /workdir/hadoop-ozone/integration-test/target/test-dir/MiniOzoneClusterImpl-1fbc595b-70b6-44e3-b18f-c16b6617eb44/datanode-0/data/ratis/0388dd07-ba13-4d95-9ff7-6fc154899002 was interrupted, exiting. There are 0 tasks remaining in the queue.
2019-09-02 05:34:49,428 [ForkJoinPool.commonPool-worker-1] INFO  segmented.SegmentedRaftLogWorker (SegmentedRaftLogWorker.java:close(228)) - 1199f808-5b20-429e-aaf6-04ba4f0b7453-SegmentedRaftLogWorker:Storage Directory /workdir/hadoop-ozone/integration-test/target/test-dir/MiniOzoneClusterImpl-1fbc595b-70b6-44e3-b18f-c16b6617eb44/datanode-0/data/ratis/0388dd07-ba13-4d95-9ff7-6fc154899002 close()
2019-09-02 05:34:49,428 [main] INFO  segmented.SegmentedRaftLogWorker (SegmentedRaftLogWorker.java:close(228)) - d0793bc8-f6b5-41cf-bbcb-211eaf1438ef-SegmentedRaftLogWorker:Storage Directory /workdir/hadoop-ozone/integration-test/target/test-dir/MiniOzoneClusterImpl-1fbc595b-70b6-44e3-b18f-c16b6617eb44/datanode-5/data/ratis/c18101aa-3fa6-41b5-bbb1-5d07124ec605 close()
2019-09-02 05:34:49,431 [ForkJoinPool.commonPool-worker-1] INFO  impl.RaftServerImpl (RaftServerImpl.java:lambda$shutdown$3(245)) - 1199f808-5b20-429e-aaf6-04ba4f0b7453: shutdown group-F00427850888
2019-09-02 05:34:49,437 [main] INFO  impl.RaftServerImpl (RaftServerImpl.java:lambda$shutdown$3(245)) - d0793bc8-f6b5-41cf-bbcb-211eaf1438ef: shutdown group-A2B83118B647
2019-09-02 05:34:49,438 [main] INFO  util.JmxRegister (JmxRegister.java:unregister(73)) - Successfully un-registered JMX Bean with object name Ratis:service=RaftServer,group=group-A2B83118B647,id=d0793bc8-f6b5-41cf-bbcb-211eaf1438ef
2019-09-02 05:34:49,438 [main] INFO  impl.RoleInfo (RoleInfo.java:shutdownFollowerState(121)) - d0793bc8-f6b5-41cf-bbcb-211eaf1438ef: shutdown FollowerState
2019-09-02 05:34:49,437 [ForkJoinPool.commonPool-worker-1] INFO  util.JmxRegister (JmxRegister.java:unregister(73)) - Successfully un-registered JMX Bean with object name Ratis:service=RaftServer,group=group-F00427850888,id=1199f808-5b20-429e-aaf6-04ba4f0b7453
2019-09-02 05:34:49,439 [StateMachineUpdater:d0793bc8-f6b5-41cf-bbcb-211eaf1438ef:group-A2B83118B647] INFO  ratis.ContainerStateMachine (ContainerStateMachine.java:takeSnapshot(284)) - group-A2B83118B647: Taking a snapshot at:(t:1, i:19) file /workdir/hadoop-ozone/integration-test/target/test-dir/MiniOzoneClusterImpl-1fbc595b-70b6-44e3-b18f-c16b6617eb44/datanode-5/data/ratis/dd9623b8-60ff-4fe3-bcfd-a2b83118b647/sm/snapshot.1_19
2019-09-02 05:34:49,439 [Thread-4387] INFO  impl.FollowerState (FollowerState.java:run(114)) - d0793bc8-f6b5-41cf-bbcb-211eaf1438ef: FollowerState was interrupted: java.lang.InterruptedException: sleep interrupted
2019-09-02 05:34:49,438 [main] INFO  impl.StateMachineUpdater (StateMachineUpdater.java:stopAndJoin(115)) - StateMachineUpdater:d0793bc8-f6b5-41cf-bbcb-211eaf1438ef:group-A2B83118B647: set stopIndex = 27
2019-09-02 05:34:49,439 [ForkJoinPool.commonPool-worker-1] INFO  impl.RoleInfo (RoleInfo.java:shutdownLeaderState(104)) - 1199f808-5b20-429e-aaf6-04ba4f0b7453: shutdown LeaderState
2019-09-02 05:34:49,444 [ForkJoinPool.commonPool-worker-1] INFO  impl.PendingRequests (PendingRequests.java:sendNotLeaderResponses(202)) - 1199f808-5b20-429e-aaf6-04ba4f0b7453-PendingRequests: sendNotLeaderResponses
2019-09-02 05:34:49,444 [ForkJoinPool.commonPool-worker-1] INFO  impl.StateMachineUpdater (StateMachineUpdater.java:stopAndJoin(115)) - StateMachineUpdater:1199f808-5b20-429e-aaf6-04ba4f0b7453:group-F00427850888: set stopIndex = 0
2019-09-02 05:34:49,444 [ForkJoinPool.commonPool-worker-1] INFO  impl.RaftServerImpl (ServerState.java:close(394)) - 1199f808-5b20-429e-aaf6-04ba4f0b7453:group-F00427850888 closes. The last applied log index is 0
2019-09-02 05:34:49,445 [1199f808-5b20-429e-aaf6-04ba4f0b7453-SegmentedRaftLogWorker:Storage Directory /workdir/hadoop-ozone/integration-test/target/test-dir/MiniOzoneClusterImpl-1fbc595b-70b6-44e3-b18f-c16b6617eb44/datanode-0/data/ratis/fc537138-4a9e-47c7-8244-f00427850888] INFO  segmented.SegmentedRaftLogWorker (SegmentedRaftLogWorker.java:run(313)) - 1199f808-5b20-429e-aaf6-04ba4f0b7453-SegmentedRaftLogWorker:Storage Directory /workdir/hadoop-ozone/integration-test/target/test-dir/MiniOzoneClusterImpl-1fbc595b-70b6-44e3-b18f-c16b6617eb44/datanode-0/data/ratis/fc537138-4a9e-47c7-8244-f00427850888 was interrupted, exiting. There are 0 tasks remaining in the queue.
2019-09-02 05:34:49,445 [ForkJoinPool.commonPool-worker-1] INFO  segmented.SegmentedRaftLogWorker (SegmentedRaftLogWorker.java:close(228)) - 1199f808-5b20-429e-aaf6-04ba4f0b7453-SegmentedRaftLogWorker:Storage Directory /workdir/hadoop-ozone/integration-test/target/test-dir/MiniOzoneClusterImpl-1fbc595b-70b6-44e3-b18f-c16b6617eb44/datanode-0/data/ratis/fc537138-4a9e-47c7-8244-f00427850888 close()
2019-09-02 05:34:49,447 [ForkJoinPool.commonPool-worker-1] INFO  server.GrpcService (GrpcService.java:closeImpl(155)) - 1199f808-5b20-429e-aaf6-04ba4f0b7453: shutdown server with port 42030 now
2019-09-02 05:34:49,448 [grpc-default-executor-7] WARN  client.GrpcClientProtocolService (LogUtils.java:warn(134)) - 1-UnorderedRequestStreamObserver1: onError: org.apache.ratis.thirdparty.io.grpc.StatusRuntimeException: CANCELLED: cancelled before receiving half close
2019-09-02 05:34:49,448 [ForkJoinPool.commonPool-worker-1] INFO  server.GrpcService (GrpcService.java:closeImpl(163)) - 1199f808-5b20-429e-aaf6-04ba4f0b7453: shutdown server with port 42030 successfully
2019-09-02 05:34:49,450 [refreshUsed-/workdir/hadoop-ozone/integration-test/target/test-dir/MiniOzoneClusterImpl-1fbc595b-70b6-44e3-b18f-c16b6617eb44/datanode-0/data/containers] WARN  fs.CachingGetSpaceUsed (CachingGetSpaceUsed.java:run(183)) - Thread Interrupted waiting to refresh disk information: sleep interrupted
2019-09-02 05:34:49,467 [ForkJoinPool.commonPool-worker-1] INFO  utils.BackgroundService (BackgroundService.java:shutdown(148)) - Shutting down service BlockDeletingService
2019-09-02 05:34:49,472 [ForkJoinPool.commonPool-worker-1] INFO  statemachine.DatanodeStateMachine (DatanodeStateMachine.java:stopDaemon(395)) - Ozone container server stopped.
2019-09-02 05:34:49,475 [ForkJoinPool.commonPool-worker-1] INFO  handler.ContextHandler (ContextHandler.java:doStop(910)) - Stopped o.e.j.w.WebAppContext@2b9aeedb{/,null,UNAVAILABLE}{/hddsDatanode}
2019-09-02 05:34:49,476 [ForkJoinPool.commonPool-worker-1] INFO  server.AbstractConnector (AbstractConnector.java:doStop(318)) - Stopped ServerConnector@63485d7{HTTP/1.1,[http/1.1]}{0.0.0.0:0}
2019-09-02 05:34:49,477 [ForkJoinPool.commonPool-worker-1] INFO  handler.ContextHandler (ContextHandler.java:doStop(910)) - Stopped o.e.j.s.ServletContextHandler@362a561e{/static,jar:file:/home/user/.m2/repository/org/apache/hadoop/hadoop-hdds-container-service/0.5.0-SNAPSHOT/hadoop-hdds-container-service-0.5.0-SNAPSHOT.jar!/webapps/static,UNAVAILABLE}
2019-09-02 05:34:49,477 [ForkJoinPool.commonPool-worker-1] INFO  handler.ContextHandler (ContextHandler.java:doStop(910)) - Stopped o.e.j.s.ServletContextHandler@1a785fd5{/logs,file:///workdir/hadoop-ozone/integration-test/target/log,UNAVAILABLE}
2019-09-02 05:34:49,507 [StateMachineUpdater:d0793bc8-f6b5-41cf-bbcb-211eaf1438ef:group-A2B83118B647] INFO  ratis.ContainerStateMachine (ContainerStateMachine.java:takeSnapshot(295)) - group-A2B83118B647: Finished taking a snapshot at:(t:1, i:19) file:/workdir/hadoop-ozone/integration-test/target/test-dir/MiniOzoneClusterImpl-1fbc595b-70b6-44e3-b18f-c16b6617eb44/datanode-5/data/ratis/dd9623b8-60ff-4fe3-bcfd-a2b83118b647/sm/snapshot.1_19 time:68
2019-09-02 05:34:49,507 [StateMachineUpdater:d0793bc8-f6b5-41cf-bbcb-211eaf1438ef:group-A2B83118B647] INFO  impl.StateMachineUpdater (StateMachineUpdater.java:takeSnapshot(242)) - StateMachineUpdater:d0793bc8-f6b5-41cf-bbcb-211eaf1438ef:group-A2B83118B647: Took a snapshot at index 19
2019-09-02 05:34:49,507 [StateMachineUpdater:d0793bc8-f6b5-41cf-bbcb-211eaf1438ef:group-A2B83118B647] INFO  impl.StateMachineUpdater (StateMachineUpdater.java:lambda$new$0(80)) - StateMachineUpdater:d0793bc8-f6b5-41cf-bbcb-211eaf1438ef:group-A2B83118B647: snapshotIndex: updateIncreasingly -1 -> 19
2019-09-02 05:34:49,507 [main] INFO  impl.RaftServerImpl (ServerState.java:close(394)) - d0793bc8-f6b5-41cf-bbcb-211eaf1438ef:group-A2B83118B647 closes. The last applied log index is 27
2019-09-02 05:34:49,508 [d0793bc8-f6b5-41cf-bbcb-211eaf1438ef-SegmentedRaftLogWorker:Storage Directory /workdir/hadoop-ozone/integration-test/target/test-dir/MiniOzoneClusterImpl-1fbc595b-70b6-44e3-b18f-c16b6617eb44/datanode-5/data/ratis/dd9623b8-60ff-4fe3-bcfd-a2b83118b647] INFO  segmented.SegmentedRaftLogWorker (SegmentedRaftLogWorker.java:run(313)) - d0793bc8-f6b5-41cf-bbcb-211eaf1438ef-SegmentedRaftLogWorker:Storage Directory /workdir/hadoop-ozone/integration-test/target/test-dir/MiniOzoneClusterImpl-1fbc595b-70b6-44e3-b18f-c16b6617eb44/datanode-5/data/ratis/dd9623b8-60ff-4fe3-bcfd-a2b83118b647 was interrupted, exiting. There are 0 tasks remaining in the queue.
2019-09-02 05:34:49,508 [main] INFO  segmented.SegmentedRaftLogWorker (SegmentedRaftLogWorker.java:close(228)) - d0793bc8-f6b5-41cf-bbcb-211eaf1438ef-SegmentedRaftLogWorker:Storage Directory /workdir/hadoop-ozone/integration-test/target/test-dir/MiniOzoneClusterImpl-1fbc595b-70b6-44e3-b18f-c16b6617eb44/datanode-5/data/ratis/dd9623b8-60ff-4fe3-bcfd-a2b83118b647 close()
2019-09-02 05:34:49,510 [main] INFO  server.GrpcService (GrpcService.java:closeImpl(155)) - d0793bc8-f6b5-41cf-bbcb-211eaf1438ef: shutdown server with port 45697 now
2019-09-02 05:34:49,511 [main] INFO  server.GrpcService (GrpcService.java:closeImpl(163)) - d0793bc8-f6b5-41cf-bbcb-211eaf1438ef: shutdown server with port 45697 successfully
2019-09-02 05:34:49,512 [refreshUsed-/workdir/hadoop-ozone/integration-test/target/test-dir/MiniOzoneClusterImpl-1fbc595b-70b6-44e3-b18f-c16b6617eb44/datanode-5/data/containers] WARN  fs.CachingGetSpaceUsed (CachingGetSpaceUsed.java:run(183)) - Thread Interrupted waiting to refresh disk information: sleep interrupted
2019-09-02 05:34:49,525 [main] INFO  utils.BackgroundService (BackgroundService.java:shutdown(148)) - Shutting down service BlockDeletingService
2019-09-02 05:34:49,529 [main] INFO  statemachine.DatanodeStateMachine (DatanodeStateMachine.java:stopDaemon(395)) - Ozone container server stopped.
2019-09-02 05:34:49,530 [main] INFO  handler.ContextHandler (ContextHandler.java:doStop(910)) - Stopped o.e.j.w.WebAppContext@2347b7af{/,null,UNAVAILABLE}{/hddsDatanode}
2019-09-02 05:34:49,530 [main] INFO  server.AbstractConnector (AbstractConnector.java:doStop(318)) - Stopped ServerConnector@2864f887{HTTP/1.1,[http/1.1]}{0.0.0.0:0}
2019-09-02 05:34:49,531 [main] INFO  handler.ContextHandler (ContextHandler.java:doStop(910)) - Stopped o.e.j.s.ServletContextHandler@45f9d394{/static,jar:file:/home/user/.m2/repository/org/apache/hadoop/hadoop-hdds-container-service/0.5.0-SNAPSHOT/hadoop-hdds-container-service-0.5.0-SNAPSHOT.jar!/webapps/static,UNAVAILABLE}
2019-09-02 05:34:49,531 [main] INFO  handler.ContextHandler (ContextHandler.java:doStop(910)) - Stopped o.e.j.s.ServletContextHandler@1f172892{/logs,file:///workdir/hadoop-ozone/integration-test/target/log,UNAVAILABLE}
2019-09-02 05:34:49,784 [Datanode State Machine Thread - 0] INFO  statemachine.DatanodeStateMachine (DatanodeStateMachine.java:lambda$startDaemon$0(350)) - Ozone container server started.
2019-09-02 05:34:53,853 [EventQueue-StaleNodeForStaleNodeHandler] INFO  node.StaleNodeHandler (StaleNodeHandler.java:onMessage(58)) - Datanode 02e6a447-e4f4-425c-9bcb-7c40088bb9c3{ip: 192.168.36.97, host: trunk-nightly-20190902-fsht6-3309735379, networkLocation: /default-rack, certSerialId: null} moved to stale state. Finalizing its pipelines [PipelineID=be7e8634-9619-4390-a792-d5a8ae991c76]
2019-09-02 05:34:53,853 [EventQueue-StaleNodeForStaleNodeHandler] INFO  pipeline.SCMPipelineManager (SCMPipelineManager.java:finalizeAndDestroyPipeline(309)) - destroying pipeline:Pipeline[ Id: be7e8634-9619-4390-a792-d5a8ae991c76, Nodes: 02e6a447-e4f4-425c-9bcb-7c40088bb9c3{ip: 192.168.36.97, host: trunk-nightly-20190902-fsht6-3309735379, networkLocation: /default-rack, certSerialId: null}, Type:RATIS, Factor:ONE, State:OPEN]
2019-09-02 05:34:53,853 [EventQueue-StaleNodeForStaleNodeHandler] INFO  pipeline.PipelineStateManager (PipelineStateManager.java:finalizePipeline(123)) - Pipeline Pipeline[ Id: be7e8634-9619-4390-a792-d5a8ae991c76, Nodes: 02e6a447-e4f4-425c-9bcb-7c40088bb9c3{ip: 192.168.36.97, host: trunk-nightly-20190902-fsht6-3309735379, networkLocation: /default-rack, certSerialId: null}, Type:RATIS, Factor:ONE, State:CLOSED] moved to CLOSED state
2019-09-02 05:34:54,480 [ForkJoinPool.commonPool-worker-1] INFO  ozoneimpl.OzoneContainer (OzoneContainer.java:stop(215)) - Attempting to stop container services.
2019-09-02 05:34:54,480 [ForkJoinPool.commonPool-worker-1] INFO  impl.RaftServerProxy (RaftServerProxy.java:lambda$close$4(314)) - 02e6a447-e4f4-425c-9bcb-7c40088bb9c3: close
2019-09-02 05:34:54,480 [ForkJoinPool.commonPool-worker-1] INFO  impl.RaftServerImpl (RaftServerImpl.java:lambda$shutdown$3(245)) - 02e6a447-e4f4-425c-9bcb-7c40088bb9c3: shutdown group-D5A8AE991C76
2019-09-02 05:34:54,481 [ForkJoinPool.commonPool-worker-1] INFO  util.JmxRegister (JmxRegister.java:unregister(73)) - Successfully un-registered JMX Bean with object name Ratis:service=RaftServer,group=group-D5A8AE991C76,id=02e6a447-e4f4-425c-9bcb-7c40088bb9c3
2019-09-02 05:34:54,481 [ForkJoinPool.commonPool-worker-1] INFO  impl.RoleInfo (RoleInfo.java:shutdownLeaderState(104)) - 02e6a447-e4f4-425c-9bcb-7c40088bb9c3: shutdown LeaderState
2019-09-02 05:34:54,481 [ForkJoinPool.commonPool-worker-1] INFO  impl.PendingRequests (PendingRequests.java:sendNotLeaderResponses(202)) - 02e6a447-e4f4-425c-9bcb-7c40088bb9c3-PendingRequests: sendNotLeaderResponses
2019-09-02 05:34:54,482 [ForkJoinPool.commonPool-worker-1] INFO  impl.StateMachineUpdater (StateMachineUpdater.java:stopAndJoin(115)) - StateMachineUpdater:02e6a447-e4f4-425c-9bcb-7c40088bb9c3:group-D5A8AE991C76: set stopIndex = 0
2019-09-02 05:34:54,482 [ForkJoinPool.commonPool-worker-1] INFO  impl.RaftServerImpl (ServerState.java:close(394)) - 02e6a447-e4f4-425c-9bcb-7c40088bb9c3:group-D5A8AE991C76 closes. The last applied log index is 0
2019-09-02 05:34:54,482 [02e6a447-e4f4-425c-9bcb-7c40088bb9c3-SegmentedRaftLogWorker:Storage Directory /workdir/hadoop-ozone/integration-test/target/test-dir/MiniOzoneClusterImpl-1fbc595b-70b6-44e3-b18f-c16b6617eb44/datanode-3/data/ratis/be7e8634-9619-4390-a792-d5a8ae991c76] INFO  segmented.SegmentedRaftLogWorker (SegmentedRaftLogWorker.java:run(313)) - 02e6a447-e4f4-425c-9bcb-7c40088bb9c3-SegmentedRaftLogWorker:Storage Directory /workdir/hadoop-ozone/integration-test/target/test-dir/MiniOzoneClusterImpl-1fbc595b-70b6-44e3-b18f-c16b6617eb44/datanode-3/data/ratis/be7e8634-9619-4390-a792-d5a8ae991c76 was interrupted, exiting. There are 0 tasks remaining in the queue.
2019-09-02 05:34:54,483 [ForkJoinPool.commonPool-worker-1] INFO  segmented.SegmentedRaftLogWorker (SegmentedRaftLogWorker.java:close(228)) - 02e6a447-e4f4-425c-9bcb-7c40088bb9c3-SegmentedRaftLogWorker:Storage Directory /workdir/hadoop-ozone/integration-test/target/test-dir/MiniOzoneClusterImpl-1fbc595b-70b6-44e3-b18f-c16b6617eb44/datanode-3/data/ratis/be7e8634-9619-4390-a792-d5a8ae991c76 close()
2019-09-02 05:34:54,485 [ForkJoinPool.commonPool-worker-1] INFO  server.GrpcService (GrpcService.java:closeImpl(155)) - 02e6a447-e4f4-425c-9bcb-7c40088bb9c3: shutdown server with port 42426 now
2019-09-02 05:34:54,486 [ForkJoinPool.commonPool-worker-1] INFO  server.GrpcService (GrpcService.java:closeImpl(163)) - 02e6a447-e4f4-425c-9bcb-7c40088bb9c3: shutdown server with port 42426 successfully
2019-09-02 05:34:54,492 [refreshUsed-/workdir/hadoop-ozone/integration-test/target/test-dir/MiniOzoneClusterImpl-1fbc595b-70b6-44e3-b18f-c16b6617eb44/datanode-3/data/containers] WARN  fs.CachingGetSpaceUsed (CachingGetSpaceUsed.java:run(183)) - Thread Interrupted waiting to refresh disk information: sleep interrupted
2019-09-02 05:34:54,507 [ForkJoinPool.commonPool-worker-1] INFO  utils.BackgroundService (BackgroundService.java:shutdown(148)) - Shutting down service BlockDeletingService
2019-09-02 05:34:54,510 [ForkJoinPool.commonPool-worker-1] INFO  statemachine.DatanodeStateMachine (DatanodeStateMachine.java:stopDaemon(395)) - Ozone container server stopped.
2019-09-02 05:34:54,513 [ForkJoinPool.commonPool-worker-1] INFO  handler.ContextHandler (ContextHandler.java:doStop(910)) - Stopped o.e.j.w.WebAppContext@1247c72e{/,null,UNAVAILABLE}{/hddsDatanode}
2019-09-02 05:34:54,514 [ForkJoinPool.commonPool-worker-1] INFO  server.AbstractConnector (AbstractConnector.java:doStop(318)) - Stopped ServerConnector@6fef75c6{HTTP/1.1,[http/1.1]}{0.0.0.0:0}
2019-09-02 05:34:54,514 [ForkJoinPool.commonPool-worker-1] INFO  handler.ContextHandler (ContextHandler.java:doStop(910)) - Stopped o.e.j.s.ServletContextHandler@7c5f29c6{/static,jar:file:/home/user/.m2/repository/org/apache/hadoop/hadoop-hdds-container-service/0.5.0-SNAPSHOT/hadoop-hdds-container-service-0.5.0-SNAPSHOT.jar!/webapps/static,UNAVAILABLE}
2019-09-02 05:34:54,514 [ForkJoinPool.commonPool-worker-1] INFO  handler.ContextHandler (ContextHandler.java:doStop(910)) - Stopped o.e.j.s.ServletContextHandler@2774dcf4{/logs,file:///workdir/hadoop-ozone/integration-test/target/log,UNAVAILABLE}
2019-09-02 05:34:54,515 [main] INFO  ozone.MiniOzoneClusterImpl (MiniOzoneClusterImpl.java:stop(339)) - Stopping the StorageContainerManager
2019-09-02 05:34:54,516 [main] INFO  server.StorageContainerManager (StorageContainerManager.java:stop(797)) - Stopping Replication Manager Service.
2019-09-02 05:34:54,516 [main] INFO  container.ReplicationManager (ReplicationManager.java:stop(203)) - Stopping Replication Monitor Thread.
2019-09-02 05:34:54,516 [main] INFO  server.StorageContainerManager (StorageContainerManager.java:stop(804)) - Stopping Lease Manager of the command watchers
2019-09-02 05:34:54,516 [main] INFO  server.StorageContainerManager (StorageContainerManager.java:stop(811)) - Stopping datanode service RPC server
2019-09-02 05:34:54,516 [main] INFO  server.SCMDatanodeProtocolServer (SCMDatanodeProtocolServer.java:stop(367)) - Stopping the RPC server for DataNodes
2019-09-02 05:34:54,517 [main] INFO  ipc.Server (Server.java:stop(3082)) - Stopping server on 42525
2019-09-02 05:34:54,519 [IPC Server listener on 42525] INFO  ipc.Server (Server.java:run(1185)) - Stopping IPC Server listener on 42525
2019-09-02 05:34:54,521 [IPC Server Responder] INFO  ipc.Server (Server.java:run(1319)) - Stopping IPC Server Responder
2019-09-02 05:34:54,554 [SCM Heartbeat Processing Thread - 0] WARN  node.NodeStateManager (NodeStateManager.java:scheduleNextHealthCheck(646)) - Current Thread is interrupted, shutting down HB processing thread for Node Manager.
2019-09-02 05:34:54,554 [main] INFO  server.StorageContainerManager (StorageContainerManager.java:stop(819)) - Stopping block service RPC server
2019-09-02 05:34:54,555 [main] INFO  server.SCMBlockProtocolServer (SCMBlockProtocolServer.java:stop(155)) - Stopping the RPC server for Block Protocol
2019-09-02 05:34:54,555 [main] INFO  ipc.Server (Server.java:stop(3082)) - Stopping server on 34930
2019-09-02 05:34:54,560 [IPC Server listener on 34930] INFO  ipc.Server (Server.java:run(1185)) - Stopping IPC Server listener on 34930
2019-09-02 05:34:54,560 [IPC Server Responder] INFO  ipc.Server (Server.java:run(1319)) - Stopping IPC Server Responder
2019-09-02 05:34:54,560 [main] INFO  server.StorageContainerManager (StorageContainerManager.java:stop(826)) - Stopping the StorageContainerLocationProtocol RPC server
2019-09-02 05:34:54,562 [main] INFO  server.SCMClientProtocolServer (SCMClientProtocolServer.java:stop(159)) - Stopping the RPC server for Client Protocol
2019-09-02 05:34:54,562 [main] INFO  ipc.Server (Server.java:stop(3082)) - Stopping server on 34201
2019-09-02 05:34:54,565 [IPC Server listener on 34201] INFO  ipc.Server (Server.java:run(1185)) - Stopping IPC Server listener on 34201
2019-09-02 05:34:54,565 [main] INFO  server.StorageContainerManager (StorageContainerManager.java:stop(833)) - Stopping Storage Container Manager HTTP server.
2019-09-02 05:34:54,565 [IPC Server Responder] INFO  ipc.Server (Server.java:run(1319)) - Stopping IPC Server Responder
2019-09-02 05:34:54,568 [main] INFO  handler.ContextHandler (ContextHandler.java:doStop(910)) - Stopped o.e.j.w.WebAppContext@78479f2b{/,null,UNAVAILABLE}{/scm}
2019-09-02 05:34:54,570 [main] INFO  server.AbstractConnector (AbstractConnector.java:doStop(318)) - Stopped ServerConnector@2755617b{HTTP/1.1,[http/1.1]}{0.0.0.0:0}
2019-09-02 05:34:54,570 [main] INFO  handler.ContextHandler (ContextHandler.java:doStop(910)) - Stopped o.e.j.s.ServletContextHandler@1d2d8846{/static,file:///workdir/hadoop-ozone/integration-test/target/test-classes/webapps/static,UNAVAILABLE}
2019-09-02 05:34:54,571 [main] INFO  handler.ContextHandler (ContextHandler.java:doStop(910)) - Stopped o.e.j.s.ServletContextHandler@7a55fb81{/logs,file:///workdir/hadoop-ozone/integration-test/target/log,UNAVAILABLE}
2019-09-02 05:34:54,572 [main] INFO  server.StorageContainerManager (StorageContainerManager.java:stop(844)) - Stopping Block Manager Service.
2019-09-02 05:34:54,572 [main] INFO  utils.BackgroundService (BackgroundService.java:shutdown(148)) - Shutting down service SCMBlockDeletingService
2019-09-02 05:34:54,573 [main] INFO  utils.BackgroundService (BackgroundService.java:shutdown(148)) - Shutting down service SCMBlockDeletingService
2019-09-02 05:34:54,573 [main] INFO  server.StorageContainerManager (StorageContainerManager.java:stop(866)) - Stopping SCM Event Queue.
2019-09-02 05:34:54,579 [main] INFO  impl.MetricsSystemImpl (MetricsSystemImpl.java:stop(210)) - Stopping HddsDatanode metrics system...
2019-09-02 05:34:54,590 [main] INFO  impl.MetricsSystemImpl (MetricsSystemImpl.java:stop(216)) - HddsDatanode metrics system stopped.
]]></system-out>
    <system-err><![CDATA[Sep 02, 2019 5:34:24 AM org.apache.ratis.thirdparty.io.grpc.internal.ManagedChannelOrphanWrapper$ManagedChannelReference cleanQueue
SEVERE: *~*~*~ Channel ManagedChannelImpl{logId=3223, target=192.168.36.97:39837} was not shutdown properly!!! ~*~*~*
    Make sure to call shutdown()/shutdownNow() and wait until awaitTermination() returns true.
java.lang.RuntimeException: ManagedChannel allocation site
	at org.apache.ratis.thirdparty.io.grpc.internal.ManagedChannelOrphanWrapper$ManagedChannelReference.<init>(ManagedChannelOrphanWrapper.java:103)
	at org.apache.ratis.thirdparty.io.grpc.internal.ManagedChannelOrphanWrapper.<init>(ManagedChannelOrphanWrapper.java:53)
	at org.apache.ratis.thirdparty.io.grpc.internal.ManagedChannelOrphanWrapper.<init>(ManagedChannelOrphanWrapper.java:44)
	at org.apache.ratis.thirdparty.io.grpc.internal.AbstractManagedChannelImplBuilder.build(AbstractManagedChannelImplBuilder.java:411)
	at org.apache.hadoop.hdds.scm.XceiverClientGrpc.connectToDatanode(XceiverClientGrpc.java:175)
	at org.apache.hadoop.hdds.scm.XceiverClientGrpc.reconnect(XceiverClientGrpc.java:423)
	at org.apache.hadoop.hdds.scm.XceiverClientGrpc.sendCommandAsync(XceiverClientGrpc.java:372)
	at org.apache.hadoop.hdds.scm.XceiverClientGrpc.sendCommandWithRetry(XceiverClientGrpc.java:285)
	at org.apache.hadoop.hdds.scm.XceiverClientGrpc.sendCommandWithTraceIDAndRetry(XceiverClientGrpc.java:251)
	at org.apache.hadoop.hdds.scm.XceiverClientGrpc.sendCommand(XceiverClientGrpc.java:234)
	at org.apache.hadoop.hdds.scm.storage.ContainerProtocolCalls.getBlock(ContainerProtocolCalls.java:118)
	at org.apache.hadoop.hdds.scm.storage.BlockInputStream.getChunkInfos(BlockInputStream.java:167)
	at org.apache.hadoop.hdds.scm.storage.BlockInputStream.initialize(BlockInputStream.java:118)
	at org.apache.hadoop.hdds.scm.storage.BlockInputStream.read(BlockInputStream.java:222)
	at org.apache.hadoop.ozone.client.io.KeyInputStream.read(KeyInputStream.java:171)
	at org.apache.hadoop.ozone.client.io.OzoneInputStream.read(OzoneInputStream.java:47)
	at java.io.InputStream.read(InputStream.java:101)
	at org.apache.hadoop.ozone.container.ContainerTestHelper.validateData(ContainerTestHelper.java:714)
	at org.apache.hadoop.ozone.client.rpc.TestBlockOutputStreamWithFailures.validateData(TestBlockOutputStreamWithFailures.java:1216)
	at org.apache.hadoop.ozone.client.rpc.TestBlockOutputStreamWithFailures.testFailureWithPrimeSizedData(TestBlockOutputStreamWithFailures.java:662)
	at sun.reflect.NativeMethodAccessorImpl.invoke0(Native Method)
	at sun.reflect.NativeMethodAccessorImpl.invoke(NativeMethodAccessorImpl.java:62)
	at sun.reflect.DelegatingMethodAccessorImpl.invoke(DelegatingMethodAccessorImpl.java:43)
	at java.lang.reflect.Method.invoke(Method.java:498)
	at org.junit.runners.model.FrameworkMethod$1.runReflectiveCall(FrameworkMethod.java:47)
	at org.junit.internal.runners.model.ReflectiveCallable.run(ReflectiveCallable.java:12)
	at org.junit.runners.model.FrameworkMethod.invokeExplosively(FrameworkMethod.java:44)
	at org.junit.internal.runners.statements.InvokeMethod.evaluate(InvokeMethod.java:17)
	at org.junit.internal.runners.statements.RunBefores.evaluate(RunBefores.java:26)
	at org.junit.internal.runners.statements.RunAfters.evaluate(RunAfters.java:27)
	at org.junit.runners.ParentRunner.runLeaf(ParentRunner.java:271)
	at org.junit.runners.BlockJUnit4ClassRunner.runChild(BlockJUnit4ClassRunner.java:70)
	at org.junit.runners.BlockJUnit4ClassRunner.runChild(BlockJUnit4ClassRunner.java:50)
	at org.junit.runners.ParentRunner$3.run(ParentRunner.java:238)
	at org.junit.runners.ParentRunner$1.schedule(ParentRunner.java:63)
	at org.junit.runners.ParentRunner.runChildren(ParentRunner.java:236)
	at org.junit.runners.ParentRunner.access$000(ParentRunner.java:53)
	at org.junit.runners.ParentRunner$2.evaluate(ParentRunner.java:229)
	at org.junit.runners.ParentRunner.run(ParentRunner.java:309)
	at org.apache.maven.surefire.junit4.JUnit4Provider.execute(JUnit4Provider.java:365)
	at org.apache.maven.surefire.junit4.JUnit4Provider.executeWithRerun(JUnit4Provider.java:273)
	at org.apache.maven.surefire.junit4.JUnit4Provider.executeTestSet(JUnit4Provider.java:238)
	at org.apache.maven.surefire.junit4.JUnit4Provider.invoke(JUnit4Provider.java:159)
	at org.apache.maven.surefire.booter.ForkedBooter.invokeProviderInSameClassLoader(ForkedBooter.java:384)
	at org.apache.maven.surefire.booter.ForkedBooter.runSuitesInProcess(ForkedBooter.java:345)
	at org.apache.maven.surefire.booter.ForkedBooter.execute(ForkedBooter.java:126)
	at org.apache.maven.surefire.booter.ForkedBooter.main(ForkedBooter.java:418)

Sep 02, 2019 5:34:24 AM org.apache.ratis.thirdparty.io.grpc.internal.ManagedChannelOrphanWrapper$ManagedChannelReference cleanQueue
SEVERE: *~*~*~ Channel ManagedChannelImpl{logId=3238, target=192.168.36.97:38050} was not shutdown properly!!! ~*~*~*
    Make sure to call shutdown()/shutdownNow() and wait until awaitTermination() returns true.
java.lang.RuntimeException: ManagedChannel allocation site
	at org.apache.ratis.thirdparty.io.grpc.internal.ManagedChannelOrphanWrapper$ManagedChannelReference.<init>(ManagedChannelOrphanWrapper.java:103)
	at org.apache.ratis.thirdparty.io.grpc.internal.ManagedChannelOrphanWrapper.<init>(ManagedChannelOrphanWrapper.java:53)
	at org.apache.ratis.thirdparty.io.grpc.internal.ManagedChannelOrphanWrapper.<init>(ManagedChannelOrphanWrapper.java:44)
	at org.apache.ratis.thirdparty.io.grpc.internal.AbstractManagedChannelImplBuilder.build(AbstractManagedChannelImplBuilder.java:411)
	at org.apache.hadoop.hdds.scm.XceiverClientGrpc.connectToDatanode(XceiverClientGrpc.java:175)
	at org.apache.hadoop.hdds.scm.XceiverClientGrpc.reconnect(XceiverClientGrpc.java:423)
	at org.apache.hadoop.hdds.scm.XceiverClientGrpc.sendCommandAsync(XceiverClientGrpc.java:372)
	at org.apache.hadoop.hdds.scm.XceiverClientGrpc.sendCommandWithRetry(XceiverClientGrpc.java:285)
	at org.apache.hadoop.hdds.scm.XceiverClientGrpc.sendCommandWithTraceIDAndRetry(XceiverClientGrpc.java:251)
	at org.apache.hadoop.hdds.scm.XceiverClientGrpc.sendCommand(XceiverClientGrpc.java:234)
	at org.apache.hadoop.hdds.scm.storage.ContainerProtocolCalls.readChunk(ContainerProtocolCalls.java:245)
	at org.apache.hadoop.hdds.scm.storage.ChunkInputStream.readChunk(ChunkInputStream.java:335)
	at org.apache.hadoop.hdds.scm.storage.ChunkInputStream.readChunkFromContainer(ChunkInputStream.java:307)
	at org.apache.hadoop.hdds.scm.storage.ChunkInputStream.prepareRead(ChunkInputStream.java:259)
	at org.apache.hadoop.hdds.scm.storage.ChunkInputStream.read(ChunkInputStream.java:144)
	at org.apache.hadoop.hdds.scm.storage.BlockInputStream.read(BlockInputStream.java:239)
	at org.apache.hadoop.ozone.client.io.KeyInputStream.read(KeyInputStream.java:171)
	at org.apache.hadoop.ozone.client.io.OzoneInputStream.read(OzoneInputStream.java:47)
	at java.io.InputStream.read(InputStream.java:101)
	at org.apache.hadoop.ozone.container.ContainerTestHelper.validateData(ContainerTestHelper.java:714)
	at org.apache.hadoop.ozone.client.rpc.TestBlockOutputStreamWithFailures.validateData(TestBlockOutputStreamWithFailures.java:1216)
	at org.apache.hadoop.ozone.client.rpc.TestBlockOutputStreamWithFailures.testFailureWithPrimeSizedData(TestBlockOutputStreamWithFailures.java:662)
	at sun.reflect.NativeMethodAccessorImpl.invoke0(Native Method)
	at sun.reflect.NativeMethodAccessorImpl.invoke(NativeMethodAccessorImpl.java:62)
	at sun.reflect.DelegatingMethodAccessorImpl.invoke(DelegatingMethodAccessorImpl.java:43)
	at java.lang.reflect.Method.invoke(Method.java:498)
	at org.junit.runners.model.FrameworkMethod$1.runReflectiveCall(FrameworkMethod.java:47)
	at org.junit.internal.runners.model.ReflectiveCallable.run(ReflectiveCallable.java:12)
	at org.junit.runners.model.FrameworkMethod.invokeExplosively(FrameworkMethod.java:44)
	at org.junit.internal.runners.statements.InvokeMethod.evaluate(InvokeMethod.java:17)
	at org.junit.internal.runners.statements.RunBefores.evaluate(RunBefores.java:26)
	at org.junit.internal.runners.statements.RunAfters.evaluate(RunAfters.java:27)
	at org.junit.runners.ParentRunner.runLeaf(ParentRunner.java:271)
	at org.junit.runners.BlockJUnit4ClassRunner.runChild(BlockJUnit4ClassRunner.java:70)
	at org.junit.runners.BlockJUnit4ClassRunner.runChild(BlockJUnit4ClassRunner.java:50)
	at org.junit.runners.ParentRunner$3.run(ParentRunner.java:238)
	at org.junit.runners.ParentRunner$1.schedule(ParentRunner.java:63)
	at org.junit.runners.ParentRunner.runChildren(ParentRunner.java:236)
	at org.junit.runners.ParentRunner.access$000(ParentRunner.java:53)
	at org.junit.runners.ParentRunner$2.evaluate(ParentRunner.java:229)
	at org.junit.runners.ParentRunner.run(ParentRunner.java:309)
	at org.apache.maven.surefire.junit4.JUnit4Provider.execute(JUnit4Provider.java:365)
	at org.apache.maven.surefire.junit4.JUnit4Provider.executeWithRerun(JUnit4Provider.java:273)
	at org.apache.maven.surefire.junit4.JUnit4Provider.executeTestSet(JUnit4Provider.java:238)
	at org.apache.maven.surefire.junit4.JUnit4Provider.invoke(JUnit4Provider.java:159)
	at org.apache.maven.surefire.booter.ForkedBooter.invokeProviderInSameClassLoader(ForkedBooter.java:384)
	at org.apache.maven.surefire.booter.ForkedBooter.runSuitesInProcess(ForkedBooter.java:345)
	at org.apache.maven.surefire.booter.ForkedBooter.execute(ForkedBooter.java:126)
	at org.apache.maven.surefire.booter.ForkedBooter.main(ForkedBooter.java:418)

Sep 02, 2019 5:34:24 AM org.apache.ratis.thirdparty.io.grpc.internal.ManagedChannelOrphanWrapper$ManagedChannelReference cleanQueue
SEVERE: *~*~*~ Channel ManagedChannelImpl{logId=2672, target=192.168.36.97:38413} was not shutdown properly!!! ~*~*~*
    Make sure to call shutdown()/shutdownNow() and wait until awaitTermination() returns true.
java.lang.RuntimeException: ManagedChannel allocation site
	at org.apache.ratis.thirdparty.io.grpc.internal.ManagedChannelOrphanWrapper$ManagedChannelReference.<init>(ManagedChannelOrphanWrapper.java:103)
	at org.apache.ratis.thirdparty.io.grpc.internal.ManagedChannelOrphanWrapper.<init>(ManagedChannelOrphanWrapper.java:53)
	at org.apache.ratis.thirdparty.io.grpc.internal.ManagedChannelOrphanWrapper.<init>(ManagedChannelOrphanWrapper.java:44)
	at org.apache.ratis.thirdparty.io.grpc.internal.AbstractManagedChannelImplBuilder.build(AbstractManagedChannelImplBuilder.java:411)
	at org.apache.ratis.grpc.client.GrpcClientProtocolClient.<init>(GrpcClientProtocolClient.java:119)
	at org.apache.ratis.grpc.client.GrpcClientRpc.lambda$new$0(GrpcClientRpc.java:55)
	at org.apache.ratis.util.PeerProxyMap$PeerAndProxy.lambda$getProxy$0(PeerProxyMap.java:61)
	at org.apache.ratis.util.LifeCycle.startAndTransition(LifeCycle.java:202)
	at org.apache.ratis.util.PeerProxyMap$PeerAndProxy.getProxy(PeerProxyMap.java:60)
	at org.apache.ratis.util.PeerProxyMap.getProxy(PeerProxyMap.java:107)
	at org.apache.ratis.grpc.client.GrpcClientRpc.sendRequestAsync(GrpcClientRpc.java:66)
	at org.apache.ratis.client.impl.OrderedAsync.sendRequest(OrderedAsync.java:208)
	at org.apache.ratis.client.impl.OrderedAsync.sendRequestWithRetry(OrderedAsync.java:169)
	at org.apache.ratis.util.SlidingWindow$Client.sendOrDelayRequest(SlidingWindow.java:278)
	at org.apache.ratis.util.SlidingWindow$Client.submitNewRequest(SlidingWindow.java:257)
	at org.apache.ratis.client.impl.OrderedAsync.send(OrderedAsync.java:155)
	at org.apache.ratis.client.impl.RaftClientImpl.sendAsync(RaftClientImpl.java:145)
	at org.apache.ratis.client.impl.RaftClientImpl.sendAsync(RaftClientImpl.java:125)
	at org.apache.hadoop.hdds.scm.XceiverClientRatis.sendRequestAsync(XceiverClientRatis.java:224)
	at org.apache.hadoop.hdds.scm.XceiverClientRatis.sendCommandAsync(XceiverClientRatis.java:302)
	at org.apache.hadoop.hdds.scm.storage.ContainerProtocolCalls.writeChunkAsync(ContainerProtocolCalls.java:310)
	at org.apache.hadoop.hdds.scm.storage.BlockOutputStream.writeChunkToContainer(BlockOutputStream.java:601)
	at org.apache.hadoop.hdds.scm.storage.BlockOutputStream.writeChunk(BlockOutputStream.java:459)
	at org.apache.hadoop.hdds.scm.storage.BlockOutputStream.writeOnRetry(BlockOutputStream.java:285)
	at org.apache.hadoop.ozone.client.io.BlockOutputStreamEntry.writeOnRetry(BlockOutputStreamEntry.java:200)
	at org.apache.hadoop.ozone.client.io.KeyOutputStream.handleWrite(KeyOutputStream.java:209)
	at org.apache.hadoop.ozone.client.io.KeyOutputStream.handleRetry(KeyOutputStream.java:376)
	at org.apache.hadoop.ozone.client.io.KeyOutputStream.handleException(KeyOutputStream.java:325)
	at org.apache.hadoop.ozone.client.io.KeyOutputStream.handleFlushOrClose(KeyOutputStream.java:448)
	at org.apache.hadoop.ozone.client.io.KeyOutputStream.handleWrite(KeyOutputStream.java:235)
	at org.apache.hadoop.ozone.client.io.KeyOutputStream.write(KeyOutputStream.java:193)
	at org.apache.hadoop.ozone.client.io.OzoneOutputStream.write(OzoneOutputStream.java:49)
	at java.io.OutputStream.write(OutputStream.java:75)
	at org.apache.hadoop.ozone.client.rpc.TestBlockOutputStreamWithFailures.testWatchForCommitWithSingleNodeRatis(TestBlockOutputStreamWithFailures.java:885)
	at sun.reflect.NativeMethodAccessorImpl.invoke0(Native Method)
	at sun.reflect.NativeMethodAccessorImpl.invoke(NativeMethodAccessorImpl.java:62)
	at sun.reflect.DelegatingMethodAccessorImpl.invoke(DelegatingMethodAccessorImpl.java:43)
	at java.lang.reflect.Method.invoke(Method.java:498)
	at org.junit.runners.model.FrameworkMethod$1.runReflectiveCall(FrameworkMethod.java:47)
	at org.junit.internal.runners.model.ReflectiveCallable.run(ReflectiveCallable.java:12)
	at org.junit.runners.model.FrameworkMethod.invokeExplosively(FrameworkMethod.java:44)
	at org.junit.internal.runners.statements.InvokeMethod.evaluate(InvokeMethod.java:17)
	at org.junit.internal.runners.statements.RunBefores.evaluate(RunBefores.java:26)
	at org.junit.internal.runners.statements.RunAfters.evaluate(RunAfters.java:27)
	at org.junit.runners.ParentRunner.runLeaf(ParentRunner.java:271)
	at org.junit.runners.BlockJUnit4ClassRunner.runChild(BlockJUnit4ClassRunner.java:70)
	at org.junit.runners.BlockJUnit4ClassRunner.runChild(BlockJUnit4ClassRunner.java:50)
	at org.junit.runners.ParentRunner$3.run(ParentRunner.java:238)
	at org.junit.runners.ParentRunner$1.schedule(ParentRunner.java:63)
	at org.junit.runners.ParentRunner.runChildren(ParentRunner.java:236)
	at org.junit.runners.ParentRunner.access$000(ParentRunner.java:53)
	at org.junit.runners.ParentRunner$2.evaluate(ParentRunner.java:229)
	at org.junit.runners.ParentRunner.run(ParentRunner.java:309)
	at org.apache.maven.surefire.junit4.JUnit4Provider.execute(JUnit4Provider.java:365)
	at org.apache.maven.surefire.junit4.JUnit4Provider.executeWithRerun(JUnit4Provider.java:273)
	at org.apache.maven.surefire.junit4.JUnit4Provider.executeTestSet(JUnit4Provider.java:238)
	at org.apache.maven.surefire.junit4.JUnit4Provider.invoke(JUnit4Provider.java:159)
	at org.apache.maven.surefire.booter.ForkedBooter.invokeProviderInSameClassLoader(ForkedBooter.java:384)
	at org.apache.maven.surefire.booter.ForkedBooter.runSuitesInProcess(ForkedBooter.java:345)
	at org.apache.maven.surefire.booter.ForkedBooter.execute(ForkedBooter.java:126)
	at org.apache.maven.surefire.booter.ForkedBooter.main(ForkedBooter.java:418)

Sep 02, 2019 5:34:24 AM org.apache.ratis.thirdparty.io.grpc.internal.ManagedChannelOrphanWrapper$ManagedChannelReference cleanQueue
SEVERE: *~*~*~ Channel ManagedChannelImpl{logId=3228, target=192.168.36.97:41268} was not shutdown properly!!! ~*~*~*
    Make sure to call shutdown()/shutdownNow() and wait until awaitTermination() returns true.
java.lang.RuntimeException: ManagedChannel allocation site
	at org.apache.ratis.thirdparty.io.grpc.internal.ManagedChannelOrphanWrapper$ManagedChannelReference.<init>(ManagedChannelOrphanWrapper.java:103)
	at org.apache.ratis.thirdparty.io.grpc.internal.ManagedChannelOrphanWrapper.<init>(ManagedChannelOrphanWrapper.java:53)
	at org.apache.ratis.thirdparty.io.grpc.internal.ManagedChannelOrphanWrapper.<init>(ManagedChannelOrphanWrapper.java:44)
	at org.apache.ratis.thirdparty.io.grpc.internal.AbstractManagedChannelImplBuilder.build(AbstractManagedChannelImplBuilder.java:411)
	at org.apache.hadoop.hdds.scm.XceiverClientGrpc.connectToDatanode(XceiverClientGrpc.java:175)
	at org.apache.hadoop.hdds.scm.XceiverClientGrpc.reconnect(XceiverClientGrpc.java:423)
	at org.apache.hadoop.hdds.scm.XceiverClientGrpc.sendCommandAsync(XceiverClientGrpc.java:372)
	at org.apache.hadoop.hdds.scm.XceiverClientGrpc.sendCommandWithRetry(XceiverClientGrpc.java:285)
	at org.apache.hadoop.hdds.scm.XceiverClientGrpc.sendCommandWithTraceIDAndRetry(XceiverClientGrpc.java:251)
	at org.apache.hadoop.hdds.scm.XceiverClientGrpc.sendCommand(XceiverClientGrpc.java:234)
	at org.apache.hadoop.hdds.scm.storage.ContainerProtocolCalls.readChunk(ContainerProtocolCalls.java:245)
	at org.apache.hadoop.hdds.scm.storage.ChunkInputStream.readChunk(ChunkInputStream.java:335)
	at org.apache.hadoop.hdds.scm.storage.ChunkInputStream.readChunkFromContainer(ChunkInputStream.java:307)
	at org.apache.hadoop.hdds.scm.storage.ChunkInputStream.prepareRead(ChunkInputStream.java:259)
	at org.apache.hadoop.hdds.scm.storage.ChunkInputStream.read(ChunkInputStream.java:144)
	at org.apache.hadoop.hdds.scm.storage.BlockInputStream.read(BlockInputStream.java:239)
	at org.apache.hadoop.ozone.client.io.KeyInputStream.read(KeyInputStream.java:171)
	at org.apache.hadoop.ozone.client.io.OzoneInputStream.read(OzoneInputStream.java:47)
	at java.io.InputStream.read(InputStream.java:101)
	at org.apache.hadoop.ozone.container.ContainerTestHelper.validateData(ContainerTestHelper.java:714)
	at org.apache.hadoop.ozone.client.rpc.TestBlockOutputStreamWithFailures.validateData(TestBlockOutputStreamWithFailures.java:1216)
	at org.apache.hadoop.ozone.client.rpc.TestBlockOutputStreamWithFailures.testFailureWithPrimeSizedData(TestBlockOutputStreamWithFailures.java:662)
	at sun.reflect.NativeMethodAccessorImpl.invoke0(Native Method)
	at sun.reflect.NativeMethodAccessorImpl.invoke(NativeMethodAccessorImpl.java:62)
	at sun.reflect.DelegatingMethodAccessorImpl.invoke(DelegatingMethodAccessorImpl.java:43)
	at java.lang.reflect.Method.invoke(Method.java:498)
	at org.junit.runners.model.FrameworkMethod$1.runReflectiveCall(FrameworkMethod.java:47)
	at org.junit.internal.runners.model.ReflectiveCallable.run(ReflectiveCallable.java:12)
	at org.junit.runners.model.FrameworkMethod.invokeExplosively(FrameworkMethod.java:44)
	at org.junit.internal.runners.statements.InvokeMethod.evaluate(InvokeMethod.java:17)
	at org.junit.internal.runners.statements.RunBefores.evaluate(RunBefores.java:26)
	at org.junit.internal.runners.statements.RunAfters.evaluate(RunAfters.java:27)
	at org.junit.runners.ParentRunner.runLeaf(ParentRunner.java:271)
	at org.junit.runners.BlockJUnit4ClassRunner.runChild(BlockJUnit4ClassRunner.java:70)
	at org.junit.runners.BlockJUnit4ClassRunner.runChild(BlockJUnit4ClassRunner.java:50)
	at org.junit.runners.ParentRunner$3.run(ParentRunner.java:238)
	at org.junit.runners.ParentRunner$1.schedule(ParentRunner.java:63)
	at org.junit.runners.ParentRunner.runChildren(ParentRunner.java:236)
	at org.junit.runners.ParentRunner.access$000(ParentRunner.java:53)
	at org.junit.runners.ParentRunner$2.evaluate(ParentRunner.java:229)
	at org.junit.runners.ParentRunner.run(ParentRunner.java:309)
	at org.apache.maven.surefire.junit4.JUnit4Provider.execute(JUnit4Provider.java:365)
	at org.apache.maven.surefire.junit4.JUnit4Provider.executeWithRerun(JUnit4Provider.java:273)
	at org.apache.maven.surefire.junit4.JUnit4Provider.executeTestSet(JUnit4Provider.java:238)
	at org.apache.maven.surefire.junit4.JUnit4Provider.invoke(JUnit4Provider.java:159)
	at org.apache.maven.surefire.booter.ForkedBooter.invokeProviderInSameClassLoader(ForkedBooter.java:384)
	at org.apache.maven.surefire.booter.ForkedBooter.runSuitesInProcess(ForkedBooter.java:345)
	at org.apache.maven.surefire.booter.ForkedBooter.execute(ForkedBooter.java:126)
	at org.apache.maven.surefire.booter.ForkedBooter.main(ForkedBooter.java:418)

Sep 02, 2019 5:34:24 AM org.apache.ratis.thirdparty.io.grpc.internal.ManagedChannelOrphanWrapper$ManagedChannelReference cleanQueue
SEVERE: *~*~*~ Channel ManagedChannelImpl{logId=2945, target=192.168.36.97:33664} was not shutdown properly!!! ~*~*~*
    Make sure to call shutdown()/shutdownNow() and wait until awaitTermination() returns true.
java.lang.RuntimeException: ManagedChannel allocation site
	at org.apache.ratis.thirdparty.io.grpc.internal.ManagedChannelOrphanWrapper$ManagedChannelReference.<init>(ManagedChannelOrphanWrapper.java:103)
	at org.apache.ratis.thirdparty.io.grpc.internal.ManagedChannelOrphanWrapper.<init>(ManagedChannelOrphanWrapper.java:53)
	at org.apache.ratis.thirdparty.io.grpc.internal.ManagedChannelOrphanWrapper.<init>(ManagedChannelOrphanWrapper.java:44)
	at org.apache.ratis.thirdparty.io.grpc.internal.AbstractManagedChannelImplBuilder.build(AbstractManagedChannelImplBuilder.java:411)
	at org.apache.ratis.grpc.client.GrpcClientProtocolClient.<init>(GrpcClientProtocolClient.java:119)
	at org.apache.ratis.grpc.client.GrpcClientRpc.lambda$new$0(GrpcClientRpc.java:55)
	at org.apache.ratis.util.PeerProxyMap$PeerAndProxy.lambda$getProxy$0(PeerProxyMap.java:61)
	at org.apache.ratis.util.LifeCycle.startAndTransition(LifeCycle.java:202)
	at org.apache.ratis.util.PeerProxyMap$PeerAndProxy.getProxy(PeerProxyMap.java:60)
	at org.apache.ratis.util.PeerProxyMap.getProxy(PeerProxyMap.java:107)
	at org.apache.ratis.grpc.client.GrpcClientRpc.sendRequestAsync(GrpcClientRpc.java:66)
	at org.apache.ratis.client.impl.OrderedAsync.sendRequest(OrderedAsync.java:208)
	at org.apache.ratis.client.impl.OrderedAsync.sendRequestWithRetry(OrderedAsync.java:169)
	at org.apache.ratis.util.SlidingWindow$Client.sendOrDelayRequest(SlidingWindow.java:278)
	at org.apache.ratis.util.SlidingWindow$Client.retry(SlidingWindow.java:294)
	at org.apache.ratis.client.impl.OrderedAsync.lambda$scheduleWithTimeout$7(OrderedAsync.java:195)
	at org.apache.ratis.util.TimeoutScheduler.lambda$onTimeout$0(TimeoutScheduler.java:85)
	at org.apache.ratis.util.TimeoutScheduler.lambda$onTimeout$1(TimeoutScheduler.java:104)
	at org.apache.ratis.util.LogUtils.runAndLog(LogUtils.java:50)
	at org.apache.ratis.util.LogUtils$1.run(LogUtils.java:91)
	at java.util.concurrent.Executors$RunnableAdapter.call(Executors.java:511)
	at java.util.concurrent.FutureTask.run(FutureTask.java:266)
	at java.util.concurrent.ScheduledThreadPoolExecutor$ScheduledFutureTask.access$201(ScheduledThreadPoolExecutor.java:180)
	at java.util.concurrent.ScheduledThreadPoolExecutor$ScheduledFutureTask.run(ScheduledThreadPoolExecutor.java:293)
	at java.util.concurrent.ThreadPoolExecutor.runWorker(ThreadPoolExecutor.java:1149)
	at java.util.concurrent.ThreadPoolExecutor$Worker.run(ThreadPoolExecutor.java:624)
	at java.lang.Thread.run(Thread.java:748)

Sep 02, 2019 5:34:24 AM org.apache.ratis.thirdparty.io.grpc.internal.ManagedChannelOrphanWrapper$ManagedChannelReference cleanQueue
SEVERE: *~*~*~ Channel ManagedChannelImpl{logId=2677, target=192.168.36.97:45152} was not shutdown properly!!! ~*~*~*
    Make sure to call shutdown()/shutdownNow() and wait until awaitTermination() returns true.
java.lang.RuntimeException: ManagedChannel allocation site
	at org.apache.ratis.thirdparty.io.grpc.internal.ManagedChannelOrphanWrapper$ManagedChannelReference.<init>(ManagedChannelOrphanWrapper.java:103)
	at org.apache.ratis.thirdparty.io.grpc.internal.ManagedChannelOrphanWrapper.<init>(ManagedChannelOrphanWrapper.java:53)
	at org.apache.ratis.thirdparty.io.grpc.internal.ManagedChannelOrphanWrapper.<init>(ManagedChannelOrphanWrapper.java:44)
	at org.apache.ratis.thirdparty.io.grpc.internal.AbstractManagedChannelImplBuilder.build(AbstractManagedChannelImplBuilder.java:411)
	at org.apache.hadoop.hdds.scm.XceiverClientGrpc.connectToDatanode(XceiverClientGrpc.java:175)
	at org.apache.hadoop.hdds.scm.XceiverClientGrpc.reconnect(XceiverClientGrpc.java:423)
	at org.apache.hadoop.hdds.scm.XceiverClientGrpc.sendCommandAsync(XceiverClientGrpc.java:372)
	at org.apache.hadoop.hdds.scm.XceiverClientGrpc.sendCommandWithRetry(XceiverClientGrpc.java:285)
	at org.apache.hadoop.hdds.scm.XceiverClientGrpc.sendCommandWithTraceIDAndRetry(XceiverClientGrpc.java:251)
	at org.apache.hadoop.hdds.scm.XceiverClientGrpc.sendCommand(XceiverClientGrpc.java:234)
	at org.apache.hadoop.hdds.scm.storage.ContainerProtocolCalls.getBlock(ContainerProtocolCalls.java:118)
	at org.apache.hadoop.hdds.scm.storage.BlockInputStream.getChunkInfos(BlockInputStream.java:167)
	at org.apache.hadoop.hdds.scm.storage.BlockInputStream.initialize(BlockInputStream.java:118)
	at org.apache.hadoop.hdds.scm.storage.BlockInputStream.read(BlockInputStream.java:222)
	at org.apache.hadoop.ozone.client.io.KeyInputStream.read(KeyInputStream.java:171)
	at org.apache.hadoop.ozone.client.io.OzoneInputStream.read(OzoneInputStream.java:47)
	at java.io.InputStream.read(InputStream.java:101)
	at org.apache.hadoop.ozone.container.ContainerTestHelper.validateData(ContainerTestHelper.java:714)
	at org.apache.hadoop.ozone.client.rpc.TestBlockOutputStreamWithFailures.validateData(TestBlockOutputStreamWithFailures.java:1216)
	at org.apache.hadoop.ozone.client.rpc.TestBlockOutputStreamWithFailures.testWatchForCommitWithSingleNodeRatis(TestBlockOutputStreamWithFailures.java:918)
	at sun.reflect.NativeMethodAccessorImpl.invoke0(Native Method)
	at sun.reflect.NativeMethodAccessorImpl.invoke(NativeMethodAccessorImpl.java:62)
	at sun.reflect.DelegatingMethodAccessorImpl.invoke(DelegatingMethodAccessorImpl.java:43)
	at java.lang.reflect.Method.invoke(Method.java:498)
	at org.junit.runners.model.FrameworkMethod$1.runReflectiveCall(FrameworkMethod.java:47)
	at org.junit.internal.runners.model.ReflectiveCallable.run(ReflectiveCallable.java:12)
	at org.junit.runners.model.FrameworkMethod.invokeExplosively(FrameworkMethod.java:44)
	at org.junit.internal.runners.statements.InvokeMethod.evaluate(InvokeMethod.java:17)
	at org.junit.internal.runners.statements.RunBefores.evaluate(RunBefores.java:26)
	at org.junit.internal.runners.statements.RunAfters.evaluate(RunAfters.java:27)
	at org.junit.runners.ParentRunner.runLeaf(ParentRunner.java:271)
	at org.junit.runners.BlockJUnit4ClassRunner.runChild(BlockJUnit4ClassRunner.java:70)
	at org.junit.runners.BlockJUnit4ClassRunner.runChild(BlockJUnit4ClassRunner.java:50)
	at org.junit.runners.ParentRunner$3.run(ParentRunner.java:238)
	at org.junit.runners.ParentRunner$1.schedule(ParentRunner.java:63)
	at org.junit.runners.ParentRunner.runChildren(ParentRunner.java:236)
	at org.junit.runners.ParentRunner.access$000(ParentRunner.java:53)
	at org.junit.runners.ParentRunner$2.evaluate(ParentRunner.java:229)
	at org.junit.runners.ParentRunner.run(ParentRunner.java:309)
	at org.apache.maven.surefire.junit4.JUnit4Provider.execute(JUnit4Provider.java:365)
	at org.apache.maven.surefire.junit4.JUnit4Provider.executeWithRerun(JUnit4Provider.java:273)
	at org.apache.maven.surefire.junit4.JUnit4Provider.executeTestSet(JUnit4Provider.java:238)
	at org.apache.maven.surefire.junit4.JUnit4Provider.invoke(JUnit4Provider.java:159)
	at org.apache.maven.surefire.booter.ForkedBooter.invokeProviderInSameClassLoader(ForkedBooter.java:384)
	at org.apache.maven.surefire.booter.ForkedBooter.runSuitesInProcess(ForkedBooter.java:345)
	at org.apache.maven.surefire.booter.ForkedBooter.execute(ForkedBooter.java:126)
	at org.apache.maven.surefire.booter.ForkedBooter.main(ForkedBooter.java:418)

Sep 02, 2019 5:34:24 AM org.apache.ratis.thirdparty.io.grpc.internal.ManagedChannelOrphanWrapper$ManagedChannelReference cleanQueue
SEVERE: *~*~*~ Channel ManagedChannelImpl{logId=3233, target=192.168.36.97:35534} was not shutdown properly!!! ~*~*~*
    Make sure to call shutdown()/shutdownNow() and wait until awaitTermination() returns true.
java.lang.RuntimeException: ManagedChannel allocation site
	at org.apache.ratis.thirdparty.io.grpc.internal.ManagedChannelOrphanWrapper$ManagedChannelReference.<init>(ManagedChannelOrphanWrapper.java:103)
	at org.apache.ratis.thirdparty.io.grpc.internal.ManagedChannelOrphanWrapper.<init>(ManagedChannelOrphanWrapper.java:53)
	at org.apache.ratis.thirdparty.io.grpc.internal.ManagedChannelOrphanWrapper.<init>(ManagedChannelOrphanWrapper.java:44)
	at org.apache.ratis.thirdparty.io.grpc.internal.AbstractManagedChannelImplBuilder.build(AbstractManagedChannelImplBuilder.java:411)
	at org.apache.hadoop.hdds.scm.XceiverClientGrpc.connectToDatanode(XceiverClientGrpc.java:175)
	at org.apache.hadoop.hdds.scm.XceiverClientGrpc.reconnect(XceiverClientGrpc.java:423)
	at org.apache.hadoop.hdds.scm.XceiverClientGrpc.sendCommandAsync(XceiverClientGrpc.java:372)
	at org.apache.hadoop.hdds.scm.XceiverClientGrpc.sendCommandWithRetry(XceiverClientGrpc.java:285)
	at org.apache.hadoop.hdds.scm.XceiverClientGrpc.sendCommandWithTraceIDAndRetry(XceiverClientGrpc.java:251)
	at org.apache.hadoop.hdds.scm.XceiverClientGrpc.sendCommand(XceiverClientGrpc.java:234)
	at org.apache.hadoop.hdds.scm.storage.ContainerProtocolCalls.getBlock(ContainerProtocolCalls.java:118)
	at org.apache.hadoop.hdds.scm.storage.BlockInputStream.getChunkInfos(BlockInputStream.java:167)
	at org.apache.hadoop.hdds.scm.storage.BlockInputStream.initialize(BlockInputStream.java:118)
	at org.apache.hadoop.hdds.scm.storage.BlockInputStream.read(BlockInputStream.java:222)
	at org.apache.hadoop.ozone.client.io.KeyInputStream.read(KeyInputStream.java:171)
	at org.apache.hadoop.ozone.client.io.OzoneInputStream.read(OzoneInputStream.java:47)
	at java.io.InputStream.read(InputStream.java:101)
	at org.apache.hadoop.ozone.container.ContainerTestHelper.validateData(ContainerTestHelper.java:714)
	at org.apache.hadoop.ozone.client.rpc.TestBlockOutputStreamWithFailures.validateData(TestBlockOutputStreamWithFailures.java:1216)
	at org.apache.hadoop.ozone.client.rpc.TestBlockOutputStreamWithFailures.testFailureWithPrimeSizedData(TestBlockOutputStreamWithFailures.java:662)
	at sun.reflect.NativeMethodAccessorImpl.invoke0(Native Method)
	at sun.reflect.NativeMethodAccessorImpl.invoke(NativeMethodAccessorImpl.java:62)
	at sun.reflect.DelegatingMethodAccessorImpl.invoke(DelegatingMethodAccessorImpl.java:43)
	at java.lang.reflect.Method.invoke(Method.java:498)
	at org.junit.runners.model.FrameworkMethod$1.runReflectiveCall(FrameworkMethod.java:47)
	at org.junit.internal.runners.model.ReflectiveCallable.run(ReflectiveCallable.java:12)
	at org.junit.runners.model.FrameworkMethod.invokeExplosively(FrameworkMethod.java:44)
	at org.junit.internal.runners.statements.InvokeMethod.evaluate(InvokeMethod.java:17)
	at org.junit.internal.runners.statements.RunBefores.evaluate(RunBefores.java:26)
	at org.junit.internal.runners.statements.RunAfters.evaluate(RunAfters.java:27)
	at org.junit.runners.ParentRunner.runLeaf(ParentRunner.java:271)
	at org.junit.runners.BlockJUnit4ClassRunner.runChild(BlockJUnit4ClassRunner.java:70)
	at org.junit.runners.BlockJUnit4ClassRunner.runChild(BlockJUnit4ClassRunner.java:50)
	at org.junit.runners.ParentRunner$3.run(ParentRunner.java:238)
	at org.junit.runners.ParentRunner$1.schedule(ParentRunner.java:63)
	at org.junit.runners.ParentRunner.runChildren(ParentRunner.java:236)
	at org.junit.runners.ParentRunner.access$000(ParentRunner.java:53)
	at org.junit.runners.ParentRunner$2.evaluate(ParentRunner.java:229)
	at org.junit.runners.ParentRunner.run(ParentRunner.java:309)
	at org.apache.maven.surefire.junit4.JUnit4Provider.execute(JUnit4Provider.java:365)
	at org.apache.maven.surefire.junit4.JUnit4Provider.executeWithRerun(JUnit4Provider.java:273)
	at org.apache.maven.surefire.junit4.JUnit4Provider.executeTestSet(JUnit4Provider.java:238)
	at org.apache.maven.surefire.junit4.JUnit4Provider.invoke(JUnit4Provider.java:159)
	at org.apache.maven.surefire.booter.ForkedBooter.invokeProviderInSameClassLoader(ForkedBooter.java:384)
	at org.apache.maven.surefire.booter.ForkedBooter.runSuitesInProcess(ForkedBooter.java:345)
	at org.apache.maven.surefire.booter.ForkedBooter.execute(ForkedBooter.java:126)
	at org.apache.maven.surefire.booter.ForkedBooter.main(ForkedBooter.java:418)

Sep 02, 2019 5:34:24 AM org.apache.ratis.thirdparty.io.grpc.internal.ManagedChannelOrphanWrapper$ManagedChannelReference cleanQueue
SEVERE: *~*~*~ Channel ManagedChannelImpl{logId=3243, target=192.168.36.97:39188} was not shutdown properly!!! ~*~*~*
    Make sure to call shutdown()/shutdownNow() and wait until awaitTermination() returns true.
java.lang.RuntimeException: ManagedChannel allocation site
	at org.apache.ratis.thirdparty.io.grpc.internal.ManagedChannelOrphanWrapper$ManagedChannelReference.<init>(ManagedChannelOrphanWrapper.java:103)
	at org.apache.ratis.thirdparty.io.grpc.internal.ManagedChannelOrphanWrapper.<init>(ManagedChannelOrphanWrapper.java:53)
	at org.apache.ratis.thirdparty.io.grpc.internal.ManagedChannelOrphanWrapper.<init>(ManagedChannelOrphanWrapper.java:44)
	at org.apache.ratis.thirdparty.io.grpc.internal.AbstractManagedChannelImplBuilder.build(AbstractManagedChannelImplBuilder.java:411)
	at org.apache.hadoop.hdds.scm.XceiverClientGrpc.connectToDatanode(XceiverClientGrpc.java:175)
	at org.apache.hadoop.hdds.scm.XceiverClientGrpc.reconnect(XceiverClientGrpc.java:423)
	at org.apache.hadoop.hdds.scm.XceiverClientGrpc.sendCommandAsync(XceiverClientGrpc.java:372)
	at org.apache.hadoop.hdds.scm.XceiverClientGrpc.sendCommandWithRetry(XceiverClientGrpc.java:285)
	at org.apache.hadoop.hdds.scm.XceiverClientGrpc.sendCommandWithTraceIDAndRetry(XceiverClientGrpc.java:251)
	at org.apache.hadoop.hdds.scm.XceiverClientGrpc.sendCommand(XceiverClientGrpc.java:234)
	at org.apache.hadoop.hdds.scm.storage.ContainerProtocolCalls.readChunk(ContainerProtocolCalls.java:245)
	at org.apache.hadoop.hdds.scm.storage.ChunkInputStream.readChunk(ChunkInputStream.java:335)
	at org.apache.hadoop.hdds.scm.storage.ChunkInputStream.readChunkFromContainer(ChunkInputStream.java:307)
	at org.apache.hadoop.hdds.scm.storage.ChunkInputStream.prepareRead(ChunkInputStream.java:259)
	at org.apache.hadoop.hdds.scm.storage.ChunkInputStream.read(ChunkInputStream.java:144)
	at org.apache.hadoop.hdds.scm.storage.BlockInputStream.read(BlockInputStream.java:239)
	at org.apache.hadoop.ozone.client.io.KeyInputStream.read(KeyInputStream.java:171)
	at org.apache.hadoop.ozone.client.io.OzoneInputStream.read(OzoneInputStream.java:47)
	at java.io.InputStream.read(InputStream.java:101)
	at org.apache.hadoop.ozone.container.ContainerTestHelper.validateData(ContainerTestHelper.java:714)
	at org.apache.hadoop.ozone.client.rpc.TestBlockOutputStreamWithFailures.validateData(TestBlockOutputStreamWithFailures.java:1216)
	at org.apache.hadoop.ozone.client.rpc.TestBlockOutputStreamWithFailures.testFailureWithPrimeSizedData(TestBlockOutputStreamWithFailures.java:662)
	at sun.reflect.NativeMethodAccessorImpl.invoke0(Native Method)
	at sun.reflect.NativeMethodAccessorImpl.invoke(NativeMethodAccessorImpl.java:62)
	at sun.reflect.DelegatingMethodAccessorImpl.invoke(DelegatingMethodAccessorImpl.java:43)
	at java.lang.reflect.Method.invoke(Method.java:498)
	at org.junit.runners.model.FrameworkMethod$1.runReflectiveCall(FrameworkMethod.java:47)
	at org.junit.internal.runners.model.ReflectiveCallable.run(ReflectiveCallable.java:12)
	at org.junit.runners.model.FrameworkMethod.invokeExplosively(FrameworkMethod.java:44)
	at org.junit.internal.runners.statements.InvokeMethod.evaluate(InvokeMethod.java:17)
	at org.junit.internal.runners.statements.RunBefores.evaluate(RunBefores.java:26)
	at org.junit.internal.runners.statements.RunAfters.evaluate(RunAfters.java:27)
	at org.junit.runners.ParentRunner.runLeaf(ParentRunner.java:271)
	at org.junit.runners.BlockJUnit4ClassRunner.runChild(BlockJUnit4ClassRunner.java:70)
	at org.junit.runners.BlockJUnit4ClassRunner.runChild(BlockJUnit4ClassRunner.java:50)
	at org.junit.runners.ParentRunner$3.run(ParentRunner.java:238)
	at org.junit.runners.ParentRunner$1.schedule(ParentRunner.java:63)
	at org.junit.runners.ParentRunner.runChildren(ParentRunner.java:236)
	at org.junit.runners.ParentRunner.access$000(ParentRunner.java:53)
	at org.junit.runners.ParentRunner$2.evaluate(ParentRunner.java:229)
	at org.junit.runners.ParentRunner.run(ParentRunner.java:309)
	at org.apache.maven.surefire.junit4.JUnit4Provider.execute(JUnit4Provider.java:365)
	at org.apache.maven.surefire.junit4.JUnit4Provider.executeWithRerun(JUnit4Provider.java:273)
	at org.apache.maven.surefire.junit4.JUnit4Provider.executeTestSet(JUnit4Provider.java:238)
	at org.apache.maven.surefire.junit4.JUnit4Provider.invoke(JUnit4Provider.java:159)
	at org.apache.maven.surefire.booter.ForkedBooter.invokeProviderInSameClassLoader(ForkedBooter.java:384)
	at org.apache.maven.surefire.booter.ForkedBooter.runSuitesInProcess(ForkedBooter.java:345)
	at org.apache.maven.surefire.booter.ForkedBooter.execute(ForkedBooter.java:126)
	at org.apache.maven.surefire.booter.ForkedBooter.main(ForkedBooter.java:418)

Sep 02, 2019 5:34:24 AM org.apache.ratis.thirdparty.io.grpc.internal.ManagedChannelOrphanWrapper$ManagedChannelReference cleanQueue
SEVERE: *~*~*~ Channel ManagedChannelImpl{logId=2682, target=192.168.36.97:42736} was not shutdown properly!!! ~*~*~*
    Make sure to call shutdown()/shutdownNow() and wait until awaitTermination() returns true.
java.lang.RuntimeException: ManagedChannel allocation site
	at org.apache.ratis.thirdparty.io.grpc.internal.ManagedChannelOrphanWrapper$ManagedChannelReference.<init>(ManagedChannelOrphanWrapper.java:103)
	at org.apache.ratis.thirdparty.io.grpc.internal.ManagedChannelOrphanWrapper.<init>(ManagedChannelOrphanWrapper.java:53)
	at org.apache.ratis.thirdparty.io.grpc.internal.ManagedChannelOrphanWrapper.<init>(ManagedChannelOrphanWrapper.java:44)
	at org.apache.ratis.thirdparty.io.grpc.internal.AbstractManagedChannelImplBuilder.build(AbstractManagedChannelImplBuilder.java:411)
	at org.apache.hadoop.hdds.scm.XceiverClientGrpc.connectToDatanode(XceiverClientGrpc.java:175)
	at org.apache.hadoop.hdds.scm.XceiverClientGrpc.reconnect(XceiverClientGrpc.java:423)
	at org.apache.hadoop.hdds.scm.XceiverClientGrpc.sendCommandAsync(XceiverClientGrpc.java:372)
	at org.apache.hadoop.hdds.scm.XceiverClientGrpc.sendCommandWithRetry(XceiverClientGrpc.java:285)
	at org.apache.hadoop.hdds.scm.XceiverClientGrpc.sendCommandWithTraceIDAndRetry(XceiverClientGrpc.java:251)
	at org.apache.hadoop.hdds.scm.XceiverClientGrpc.sendCommand(XceiverClientGrpc.java:234)
	at org.apache.hadoop.hdds.scm.storage.ContainerProtocolCalls.getBlock(ContainerProtocolCalls.java:118)
	at org.apache.hadoop.hdds.scm.storage.BlockInputStream.getChunkInfos(BlockInputStream.java:167)
	at org.apache.hadoop.hdds.scm.storage.BlockInputStream.initialize(BlockInputStream.java:118)
	at org.apache.hadoop.hdds.scm.storage.BlockInputStream.read(BlockInputStream.java:222)
	at org.apache.hadoop.ozone.client.io.KeyInputStream.read(KeyInputStream.java:171)
	at org.apache.hadoop.ozone.client.io.OzoneInputStream.read(OzoneInputStream.java:47)
	at java.io.InputStream.read(InputStream.java:101)
	at org.apache.hadoop.ozone.container.ContainerTestHelper.validateData(ContainerTestHelper.java:714)
	at org.apache.hadoop.ozone.client.rpc.TestBlockOutputStreamWithFailures.validateData(TestBlockOutputStreamWithFailures.java:1216)
	at org.apache.hadoop.ozone.client.rpc.TestBlockOutputStreamWithFailures.testWatchForCommitWithSingleNodeRatis(TestBlockOutputStreamWithFailures.java:918)
	at sun.reflect.NativeMethodAccessorImpl.invoke0(Native Method)
	at sun.reflect.NativeMethodAccessorImpl.invoke(NativeMethodAccessorImpl.java:62)
	at sun.reflect.DelegatingMethodAccessorImpl.invoke(DelegatingMethodAccessorImpl.java:43)
	at java.lang.reflect.Method.invoke(Method.java:498)
	at org.junit.runners.model.FrameworkMethod$1.runReflectiveCall(FrameworkMethod.java:47)
	at org.junit.internal.runners.model.ReflectiveCallable.run(ReflectiveCallable.java:12)
	at org.junit.runners.model.FrameworkMethod.invokeExplosively(FrameworkMethod.java:44)
	at org.junit.internal.runners.statements.InvokeMethod.evaluate(InvokeMethod.java:17)
	at org.junit.internal.runners.statements.RunBefores.evaluate(RunBefores.java:26)
	at org.junit.internal.runners.statements.RunAfters.evaluate(RunAfters.java:27)
	at org.junit.runners.ParentRunner.runLeaf(ParentRunner.java:271)
	at org.junit.runners.BlockJUnit4ClassRunner.runChild(BlockJUnit4ClassRunner.java:70)
	at org.junit.runners.BlockJUnit4ClassRunner.runChild(BlockJUnit4ClassRunner.java:50)
	at org.junit.runners.ParentRunner$3.run(ParentRunner.java:238)
	at org.junit.runners.ParentRunner$1.schedule(ParentRunner.java:63)
	at org.junit.runners.ParentRunner.runChildren(ParentRunner.java:236)
	at org.junit.runners.ParentRunner.access$000(ParentRunner.java:53)
	at org.junit.runners.ParentRunner$2.evaluate(ParentRunner.java:229)
	at org.junit.runners.ParentRunner.run(ParentRunner.java:309)
	at org.apache.maven.surefire.junit4.JUnit4Provider.execute(JUnit4Provider.java:365)
	at org.apache.maven.surefire.junit4.JUnit4Provider.executeWithRerun(JUnit4Provider.java:273)
	at org.apache.maven.surefire.junit4.JUnit4Provider.executeTestSet(JUnit4Provider.java:238)
	at org.apache.maven.surefire.junit4.JUnit4Provider.invoke(JUnit4Provider.java:159)
	at org.apache.maven.surefire.booter.ForkedBooter.invokeProviderInSameClassLoader(ForkedBooter.java:384)
	at org.apache.maven.surefire.booter.ForkedBooter.runSuitesInProcess(ForkedBooter.java:345)
	at org.apache.maven.surefire.booter.ForkedBooter.execute(ForkedBooter.java:126)
	at org.apache.maven.surefire.booter.ForkedBooter.main(ForkedBooter.java:418)

Sep 02, 2019 5:34:24 AM org.apache.ratis.thirdparty.io.grpc.internal.ManagedChannelOrphanWrapper$ManagedChannelReference cleanQueue
SEVERE: *~*~*~ Channel ManagedChannelImpl{logId=3218, target=192.168.36.97:45324} was not shutdown properly!!! ~*~*~*
    Make sure to call shutdown()/shutdownNow() and wait until awaitTermination() returns true.
java.lang.RuntimeException: ManagedChannel allocation site
	at org.apache.ratis.thirdparty.io.grpc.internal.ManagedChannelOrphanWrapper$ManagedChannelReference.<init>(ManagedChannelOrphanWrapper.java:103)
	at org.apache.ratis.thirdparty.io.grpc.internal.ManagedChannelOrphanWrapper.<init>(ManagedChannelOrphanWrapper.java:53)
	at org.apache.ratis.thirdparty.io.grpc.internal.ManagedChannelOrphanWrapper.<init>(ManagedChannelOrphanWrapper.java:44)
	at org.apache.ratis.thirdparty.io.grpc.internal.AbstractManagedChannelImplBuilder.build(AbstractManagedChannelImplBuilder.java:411)
	at org.apache.ratis.grpc.client.GrpcClientProtocolClient.<init>(GrpcClientProtocolClient.java:119)
	at org.apache.ratis.grpc.client.GrpcClientRpc.lambda$new$0(GrpcClientRpc.java:55)
	at org.apache.ratis.util.PeerProxyMap$PeerAndProxy.lambda$getProxy$0(PeerProxyMap.java:61)
	at org.apache.ratis.util.LifeCycle.startAndTransition(LifeCycle.java:202)
	at org.apache.ratis.util.PeerProxyMap$PeerAndProxy.getProxy(PeerProxyMap.java:60)
	at org.apache.ratis.util.PeerProxyMap.getProxy(PeerProxyMap.java:107)
	at org.apache.ratis.grpc.client.GrpcClientRpc.sendRequestAsync(GrpcClientRpc.java:66)
	at org.apache.ratis.client.impl.OrderedAsync.sendRequest(OrderedAsync.java:208)
	at org.apache.ratis.client.impl.OrderedAsync.sendRequestWithRetry(OrderedAsync.java:169)
	at org.apache.ratis.util.SlidingWindow$Client.sendOrDelayRequest(SlidingWindow.java:278)
	at org.apache.ratis.util.SlidingWindow$Client.retry(SlidingWindow.java:294)
	at org.apache.ratis.client.impl.OrderedAsync.lambda$scheduleWithTimeout$7(OrderedAsync.java:195)
	at org.apache.ratis.util.TimeoutScheduler.lambda$onTimeout$0(TimeoutScheduler.java:85)
	at org.apache.ratis.util.TimeoutScheduler.lambda$onTimeout$1(TimeoutScheduler.java:104)
	at org.apache.ratis.util.LogUtils.runAndLog(LogUtils.java:50)
	at org.apache.ratis.util.LogUtils$1.run(LogUtils.java:91)
	at java.util.concurrent.Executors$RunnableAdapter.call(Executors.java:511)
	at java.util.concurrent.FutureTask.run(FutureTask.java:266)
	at java.util.concurrent.ScheduledThreadPoolExecutor$ScheduledFutureTask.access$201(ScheduledThreadPoolExecutor.java:180)
	at java.util.concurrent.ScheduledThreadPoolExecutor$ScheduledFutureTask.run(ScheduledThreadPoolExecutor.java:293)
	at java.util.concurrent.ThreadPoolExecutor.runWorker(ThreadPoolExecutor.java:1149)
	at java.util.concurrent.ThreadPoolExecutor$Worker.run(ThreadPoolExecutor.java:624)
	at java.lang.Thread.run(Thread.java:748)

Sep 02, 2019 5:34:24 AM org.apache.ratis.thirdparty.io.grpc.internal.ManagedChannelOrphanWrapper$ManagedChannelReference cleanQueue
SEVERE: *~*~*~ Channel ManagedChannelImpl{logId=2955, target=192.168.36.97:35756} was not shutdown properly!!! ~*~*~*
    Make sure to call shutdown()/shutdownNow() and wait until awaitTermination() returns true.
java.lang.RuntimeException: ManagedChannel allocation site
	at org.apache.ratis.thirdparty.io.grpc.internal.ManagedChannelOrphanWrapper$ManagedChannelReference.<init>(ManagedChannelOrphanWrapper.java:103)
	at org.apache.ratis.thirdparty.io.grpc.internal.ManagedChannelOrphanWrapper.<init>(ManagedChannelOrphanWrapper.java:53)
	at org.apache.ratis.thirdparty.io.grpc.internal.ManagedChannelOrphanWrapper.<init>(ManagedChannelOrphanWrapper.java:44)
	at org.apache.ratis.thirdparty.io.grpc.internal.AbstractManagedChannelImplBuilder.build(AbstractManagedChannelImplBuilder.java:411)
	at org.apache.ratis.grpc.client.GrpcClientProtocolClient.<init>(GrpcClientProtocolClient.java:119)
	at org.apache.ratis.grpc.client.GrpcClientRpc.lambda$new$0(GrpcClientRpc.java:55)
	at org.apache.ratis.util.PeerProxyMap$PeerAndProxy.lambda$getProxy$0(PeerProxyMap.java:61)
	at org.apache.ratis.util.LifeCycle.startAndTransition(LifeCycle.java:202)
	at org.apache.ratis.util.PeerProxyMap$PeerAndProxy.getProxy(PeerProxyMap.java:60)
	at org.apache.ratis.util.PeerProxyMap.getProxy(PeerProxyMap.java:107)
	at org.apache.ratis.grpc.client.GrpcClientRpc.sendRequestAsync(GrpcClientRpc.java:66)
	at org.apache.ratis.client.impl.OrderedAsync.sendRequest(OrderedAsync.java:208)
	at org.apache.ratis.client.impl.OrderedAsync.sendRequestWithRetry(OrderedAsync.java:169)
	at org.apache.ratis.util.SlidingWindow$Client.sendOrDelayRequest(SlidingWindow.java:278)
	at org.apache.ratis.util.SlidingWindow$Client.retry(SlidingWindow.java:294)
	at org.apache.ratis.client.impl.OrderedAsync.lambda$scheduleWithTimeout$7(OrderedAsync.java:195)
	at org.apache.ratis.util.TimeoutScheduler.lambda$onTimeout$0(TimeoutScheduler.java:85)
	at org.apache.ratis.util.TimeoutScheduler.lambda$onTimeout$1(TimeoutScheduler.java:104)
	at org.apache.ratis.util.LogUtils.runAndLog(LogUtils.java:50)
	at org.apache.ratis.util.LogUtils$1.run(LogUtils.java:91)
	at java.util.concurrent.Executors$RunnableAdapter.call(Executors.java:511)
	at java.util.concurrent.FutureTask.run(FutureTask.java:266)
	at java.util.concurrent.ScheduledThreadPoolExecutor$ScheduledFutureTask.access$201(ScheduledThreadPoolExecutor.java:180)
	at java.util.concurrent.ScheduledThreadPoolExecutor$ScheduledFutureTask.run(ScheduledThreadPoolExecutor.java:293)
	at java.util.concurrent.ThreadPoolExecutor.runWorker(ThreadPoolExecutor.java:1149)
	at java.util.concurrent.ThreadPoolExecutor$Worker.run(ThreadPoolExecutor.java:624)
	at java.lang.Thread.run(Thread.java:748)

Sep 02, 2019 5:34:24 AM org.apache.ratis.thirdparty.io.grpc.internal.ManagedChannelOrphanWrapper$ManagedChannelReference cleanQueue
SEVERE: *~*~*~ Channel ManagedChannelImpl{logId=2667, target=192.168.36.97:46777} was not shutdown properly!!! ~*~*~*
    Make sure to call shutdown()/shutdownNow() and wait until awaitTermination() returns true.
java.lang.RuntimeException: ManagedChannel allocation site
	at org.apache.ratis.thirdparty.io.grpc.internal.ManagedChannelOrphanWrapper$ManagedChannelReference.<init>(ManagedChannelOrphanWrapper.java:103)
	at org.apache.ratis.thirdparty.io.grpc.internal.ManagedChannelOrphanWrapper.<init>(ManagedChannelOrphanWrapper.java:53)
	at org.apache.ratis.thirdparty.io.grpc.internal.ManagedChannelOrphanWrapper.<init>(ManagedChannelOrphanWrapper.java:44)
	at org.apache.ratis.thirdparty.io.grpc.internal.AbstractManagedChannelImplBuilder.build(AbstractManagedChannelImplBuilder.java:411)
	at org.apache.ratis.grpc.client.GrpcClientProtocolClient.<init>(GrpcClientProtocolClient.java:119)
	at org.apache.ratis.grpc.client.GrpcClientRpc.lambda$new$0(GrpcClientRpc.java:55)
	at org.apache.ratis.util.PeerProxyMap$PeerAndProxy.lambda$getProxy$0(PeerProxyMap.java:61)
	at org.apache.ratis.util.LifeCycle.startAndTransition(LifeCycle.java:202)
	at org.apache.ratis.util.PeerProxyMap$PeerAndProxy.getProxy(PeerProxyMap.java:60)
	at org.apache.ratis.util.PeerProxyMap.getProxy(PeerProxyMap.java:107)
	at org.apache.ratis.grpc.client.GrpcClientRpc.sendRequestAsync(GrpcClientRpc.java:66)
	at org.apache.ratis.client.impl.OrderedAsync.sendRequest(OrderedAsync.java:208)
	at org.apache.ratis.client.impl.OrderedAsync.sendRequestWithRetry(OrderedAsync.java:169)
	at org.apache.ratis.util.SlidingWindow$Client.sendOrDelayRequest(SlidingWindow.java:278)
	at org.apache.ratis.util.SlidingWindow$Client.retry(SlidingWindow.java:294)
	at org.apache.ratis.client.impl.OrderedAsync.lambda$scheduleWithTimeout$7(OrderedAsync.java:195)
	at org.apache.ratis.util.TimeoutScheduler.lambda$onTimeout$0(TimeoutScheduler.java:85)
	at org.apache.ratis.util.TimeoutScheduler.lambda$onTimeout$1(TimeoutScheduler.java:104)
	at org.apache.ratis.util.LogUtils.runAndLog(LogUtils.java:50)
	at org.apache.ratis.util.LogUtils$1.run(LogUtils.java:91)
	at java.util.concurrent.Executors$RunnableAdapter.call(Executors.java:511)
	at java.util.concurrent.FutureTask.run(FutureTask.java:266)
	at java.util.concurrent.ScheduledThreadPoolExecutor$ScheduledFutureTask.access$201(ScheduledThreadPoolExecutor.java:180)
	at java.util.concurrent.ScheduledThreadPoolExecutor$ScheduledFutureTask.run(ScheduledThreadPoolExecutor.java:293)
	at java.util.concurrent.ThreadPoolExecutor.runWorker(ThreadPoolExecutor.java:1149)
	at java.util.concurrent.ThreadPoolExecutor$Worker.run(ThreadPoolExecutor.java:624)
	at java.lang.Thread.run(Thread.java:748)

]]></system-err>
  </testcase>
  <testcase name="testExceptionDuringClose" classname="org.apache.hadoop.ozone.client.rpc.TestBlockOutputStreamWithFailures" time="39.477"/>
</testsuite>