<?xml version="1.0" encoding="UTF-8"?>
<testsuite xmlns:xsi="http://www.w3.org/2001/XMLSchema-instance" xsi:noNamespaceSchemaLocation="https://maven.apache.org/surefire/maven-surefire-plugin/xsd/surefire-test-report.xsd" name="org.apache.hadoop.ozone.client.rpc.TestBlockOutputStreamWithFailures" time="741.894" tests="8" errors="0" skipped="0" failures="1">
  <properties>
    <property name="awt.toolkit" value="sun.awt.X11.XToolkit"/>
    <property name="file.encoding.pkg" value="sun.io"/>
    <property name="java.specification.version" value="1.8"/>
    <property name="sun.cpu.isalist" value=""/>
    <property name="sun.jnu.encoding" value="UTF-8"/>
    <property name="java.class.path" value="/workdir/hadoop-ozone/integration-test/target/test-classes:/workdir/hadoop-ozone/integration-test/target/classes:/home/user/.m2/repository/org/apache/hadoop/hadoop-ozone-common/0.5.0-SNAPSHOT/hadoop-ozone-common-0.5.0-SNAPSHOT.jar:/home/user/.m2/repository/org/apache/commons/commons-compress/1.4.1/commons-compress-1.4.1.jar:/home/user/.m2/repository/org/tukaani/xz/1.0/xz-1.0.jar:/home/user/.m2/repository/org/apache/hadoop/hadoop-common/3.2.0/hadoop-common-3.2.0.jar:/home/user/.m2/repository/org/apache/hadoop/hadoop-hdfs/3.2.0/hadoop-hdfs-3.2.0.jar:/home/user/.m2/repository/org/apache/hadoop/hadoop-hdfs-client/3.2.0/hadoop-hdfs-client-3.2.0.jar:/home/user/.m2/repository/com/fasterxml/jackson/core/jackson-annotations/2.9.9/jackson-annotations-2.9.9.jar:/home/user/.m2/repository/org/apache/hadoop/hadoop-hdds-common/0.5.0-SNAPSHOT/hadoop-hdds-common-0.5.0-SNAPSHOT.jar:/home/user/.m2/repository/javax/annotation/javax.annotation-api/1.2/javax.annotation-api-1.2.jar:/home/user/.m2/repository/org/apache/ratis/ratis-server/0.4.0/ratis-server-0.4.0.jar:/home/user/.m2/repository/org/apache/ratis/ratis-thirdparty-misc/0.2.0/ratis-thirdparty-misc-0.2.0.jar:/home/user/.m2/repository/org/apache/ratis/ratis-proto/0.4.0/ratis-proto-0.4.0.jar:/home/user/.m2/repository/org/apache/ratis/ratis-common/0.4.0/ratis-common-0.4.0.jar:/home/user/.m2/repository/org/apache/ratis/ratis-client/0.4.0/ratis-client-0.4.0.jar:/home/user/.m2/repository/org/apache/ratis/ratis-metrics/0.4.0/ratis-metrics-0.4.0.jar:/home/user/.m2/repository/com/github/joshelser/dropwizard-metrics-hadoop-metrics2-reporter/0.1.2/dropwizard-metrics-hadoop-metrics2-reporter-0.1.2.jar:/home/user/.m2/repository/io/dropwizard/metrics/metrics-jvm/3.2.5/metrics-jvm-3.2.5.jar:/home/user/.m2/repository/io/dropwizard/metrics/metrics-ganglia/3.2.5/metrics-ganglia-3.2.5.jar:/home/user/.m2/repository/info/ganglia/gmetric4j/gmetric4j/1.0.7/gmetric4j-1.0.7.jar:/home/user/.m2/repository/org/apache/ratis/ratis-netty/0.4.0/ratis-netty-0.4.0.jar:/home/user/.m2/repository/org/apache/ratis/ratis-grpc/0.4.0/ratis-grpc-0.4.0.jar:/home/user/.m2/repository/org/rocksdb/rocksdbjni/6.0.1/rocksdbjni-6.0.1.jar:/home/user/.m2/repository/org/apache/logging/log4j/log4j-api/2.11.0/log4j-api-2.11.0.jar:/home/user/.m2/repository/org/apache/logging/log4j/log4j-core/2.11.0/log4j-core-2.11.0.jar:/home/user/.m2/repository/com/lmax/disruptor/3.4.2/disruptor-3.4.2.jar:/home/user/.m2/repository/org/apache/commons/commons-pool2/2.6.0/commons-pool2-2.6.0.jar:/home/user/.m2/repository/org/bouncycastle/bcpkix-jdk15on/1.60/bcpkix-jdk15on-1.60.jar:/home/user/.m2/repository/commons-validator/commons-validator/1.6/commons-validator-1.6.jar:/home/user/.m2/repository/commons-digester/commons-digester/1.8.1/commons-digester-1.8.1.jar:/home/user/.m2/repository/io/jaegertracing/jaeger-client/0.34.0/jaeger-client-0.34.0.jar:/home/user/.m2/repository/io/jaegertracing/jaeger-thrift/0.34.0/jaeger-thrift-0.34.0.jar:/home/user/.m2/repository/org/apache/thrift/libthrift/0.12.0/libthrift-0.12.0.jar:/home/user/.m2/repository/com/squareup/okhttp3/okhttp/3.9.0/okhttp-3.9.0.jar:/home/user/.m2/repository/com/squareup/okio/okio/1.13.0/okio-1.13.0.jar:/home/user/.m2/repository/io/jaegertracing/jaeger-core/0.34.0/jaeger-core-0.34.0.jar:/home/user/.m2/repository/io/jaegertracing/jaeger-tracerresolver/0.34.0/jaeger-tracerresolver-0.34.0.jar:/home/user/.m2/repository/io/opentracing/contrib/opentracing-tracerresolver/0.1.5/opentracing-tracerresolver-0.1.5.jar:/home/user/.m2/repository/io/opentracing/opentracing-util/0.31.0/opentracing-util-0.31.0.jar:/home/user/.m2/repository/io/opentracing/opentracing-api/0.31.0/opentracing-api-0.31.0.jar:/home/user/.m2/repository/io/opentracing/opentracing-noop/0.31.0/opentracing-noop-0.31.0.jar:/home/user/.m2/repository/org/apache/hadoop/hadoop-hdds-server-framework/0.5.0-SNAPSHOT/hadoop-hdds-server-framework-0.5.0-SNAPSHOT.jar:/home/user/.m2/repository/org/apache/hadoop/hadoop-hdds-container-service/0.5.0-SNAPSHOT/hadoop-hdds-container-service-0.5.0-SNAPSHOT.jar:/home/user/.m2/repository/org/apache/hadoop/hadoop-hdds-client/0.5.0-SNAPSHOT/hadoop-hdds-client-0.5.0-SNAPSHOT.jar:/home/user/.m2/repository/org/apache/hadoop/hadoop-hdds-tools/0.5.0-SNAPSHOT/hadoop-hdds-tools-0.5.0-SNAPSHOT.jar:/home/user/.m2/repository/org/apache/hadoop/hadoop-hdds-server-scm/0.5.0-SNAPSHOT/hadoop-hdds-server-scm-0.5.0-SNAPSHOT.jar:/home/user/.m2/repository/org/apache/hadoop/hadoop-hdds-docs/0.5.0-SNAPSHOT/hadoop-hdds-docs-0.5.0-SNAPSHOT.jar:/home/user/.m2/repository/io/dropwizard/metrics/metrics-core/3.2.4/metrics-core-3.2.4.jar:/home/user/.m2/repository/org/hamcrest/hamcrest-all/1.3/hamcrest-all-1.3.jar:/home/user/.m2/repository/org/bouncycastle/bcprov-jdk15on/1.60/bcprov-jdk15on-1.60.jar:/home/user/.m2/repository/info/picocli/picocli/3.9.6/picocli-3.9.6.jar:/home/user/.m2/repository/com/google/protobuf/protobuf-java/2.5.0/protobuf-java-2.5.0.jar:/home/user/.m2/repository/com/google/guava/guava/11.0.2/guava-11.0.2.jar:/home/user/.m2/repository/org/apache/hadoop/hadoop-ozone-ozone-manager/0.5.0-SNAPSHOT/hadoop-ozone-ozone-manager-0.5.0-SNAPSHOT.jar:/home/user/.m2/repository/org/apache/hadoop/hadoop-minikdc/3.2.0/hadoop-minikdc-3.2.0.jar:/home/user/.m2/repository/commons-io/commons-io/2.5/commons-io-2.5.jar:/home/user/.m2/repository/org/apache/kerby/kerb-simplekdc/1.0.1/kerb-simplekdc-1.0.1.jar:/home/user/.m2/repository/org/apache/kerby/kerb-client/1.0.1/kerb-client-1.0.1.jar:/home/user/.m2/repository/org/apache/kerby/kerby-config/1.0.1/kerby-config-1.0.1.jar:/home/user/.m2/repository/org/apache/kerby/kerb-core/1.0.1/kerb-core-1.0.1.jar:/home/user/.m2/repository/org/apache/kerby/kerby-pkix/1.0.1/kerby-pkix-1.0.1.jar:/home/user/.m2/repository/org/apache/kerby/kerby-asn1/1.0.1/kerby-asn1-1.0.1.jar:/home/user/.m2/repository/org/apache/kerby/kerby-util/1.0.1/kerby-util-1.0.1.jar:/home/user/.m2/repository/org/apache/kerby/kerb-common/1.0.1/kerb-common-1.0.1.jar:/home/user/.m2/repository/org/apache/kerby/kerb-crypto/1.0.1/kerb-crypto-1.0.1.jar:/home/user/.m2/repository/org/apache/kerby/kerb-util/1.0.1/kerb-util-1.0.1.jar:/home/user/.m2/repository/org/apache/kerby/token-provider/1.0.1/token-provider-1.0.1.jar:/home/user/.m2/repository/org/apache/kerby/kerb-admin/1.0.1/kerb-admin-1.0.1.jar:/home/user/.m2/repository/org/apache/kerby/kerb-server/1.0.1/kerb-server-1.0.1.jar:/home/user/.m2/repository/org/apache/kerby/kerb-identity/1.0.1/kerb-identity-1.0.1.jar:/home/user/.m2/repository/org/apache/kerby/kerby-xdr/1.0.1/kerby-xdr-1.0.1.jar:/home/user/.m2/repository/org/slf4j/slf4j-log4j12/1.7.25/slf4j-log4j12-1.7.25.jar:/home/user/.m2/repository/org/apache/hadoop/hadoop-ozone-s3gateway/0.5.0-SNAPSHOT/hadoop-ozone-s3gateway-0.5.0-SNAPSHOT.jar:/home/user/.m2/repository/org/jboss/weld/servlet/weld-servlet/2.4.7.Final/weld-servlet-2.4.7.Final.jar:/home/user/.m2/repository/org/glassfish/jersey/containers/jersey-container-servlet-core/2.27/jersey-container-servlet-core-2.27.jar:/home/user/.m2/repository/org/glassfish/hk2/external/javax.inject/2.5.0-b42/javax.inject-2.5.0-b42.jar:/home/user/.m2/repository/org/glassfish/jersey/core/jersey-common/2.27/jersey-common-2.27.jar:/home/user/.m2/repository/org/glassfish/hk2/osgi-resource-locator/1.0.1/osgi-resource-locator-1.0.1.jar:/home/user/.m2/repository/javax/ws/rs/javax.ws.rs-api/2.1/javax.ws.rs-api-2.1.jar:/home/user/.m2/repository/org/glassfish/jersey/ext/cdi/jersey-cdi1x/2.27/jersey-cdi1x-2.27.jar:/home/user/.m2/repository/org/glassfish/jersey/inject/jersey-hk2/2.27/jersey-hk2-2.27.jar:/home/user/.m2/repository/org/glassfish/hk2/hk2-locator/2.5.0-b42/hk2-locator-2.5.0-b42.jar:/home/user/.m2/repository/org/javassist/javassist/3.22.0-CR2/javassist-3.22.0-CR2.jar:/home/user/.m2/repository/org/glassfish/hk2/hk2-api/2.5.0/hk2-api-2.5.0.jar:/home/user/.m2/repository/org/glassfish/hk2/external/jakarta.inject/2.5.0/jakarta.inject-2.5.0.jar:/home/user/.m2/repository/org/glassfish/hk2/hk2-utils/2.5.0/hk2-utils-2.5.0.jar:/home/user/.m2/repository/jakarta/annotation/jakarta.annotation-api/1.3.4/jakarta.annotation-api-1.3.4.jar:/home/user/.m2/repository/org/glassfish/hk2/external/aopalliance-repackaged/2.5.0/aopalliance-repackaged-2.5.0.jar:/home/user/.m2/repository/com/fasterxml/jackson/dataformat/jackson-dataformat-xml/2.9.0/jackson-dataformat-xml-2.9.0.jar:/home/user/.m2/repository/com/fasterxml/jackson/core/jackson-core/2.9.9/jackson-core-2.9.9.jar:/home/user/.m2/repository/com/fasterxml/jackson/module/jackson-module-jaxb-annotations/2.9.9/jackson-module-jaxb-annotations-2.9.9.jar:/home/user/.m2/repository/javax/enterprise/cdi-api/1.2/cdi-api-1.2.jar:/home/user/.m2/repository/javax/el/javax.el-api/3.0.0/javax.el-api-3.0.0.jar:/home/user/.m2/repository/javax/interceptor/javax.interceptor-api/1.2/javax.interceptor-api-1.2.jar:/home/user/.m2/repository/javax/inject/javax.inject/1/javax.inject-1.jar:/home/user/.m2/repository/com/sun/xml/bind/jaxb-impl/2.3.0.1/jaxb-impl-2.3.0.1.jar:/home/user/.m2/repository/com/sun/xml/bind/jaxb-core/2.3.0.1/jaxb-core-2.3.0.1.jar:/home/user/.m2/repository/javax/xml/bind/jaxb-api/2.3.0/jaxb-api-2.3.0.jar:/home/user/.m2/repository/javax/activation/activation/1.1.1/activation-1.1.1.jar:/home/user/.m2/repository/org/apache/hadoop/hadoop-ozone-csi/0.5.0-SNAPSHOT/hadoop-ozone-csi-0.5.0-SNAPSHOT.jar:/home/user/.m2/repository/com/google/protobuf/protobuf-java-util/3.5.1/protobuf-java-util-3.5.1.jar:/home/user/.m2/repository/org/apache/hadoop/hadoop-hdds-config/0.5.0-SNAPSHOT/hadoop-hdds-config-0.5.0-SNAPSHOT.jar:/home/user/.m2/repository/io/grpc/grpc-netty/1.17.1/grpc-netty-1.17.1.jar:/home/user/.m2/repository/io/grpc/grpc-core/1.17.1/grpc-core-1.17.1.jar:/home/user/.m2/repository/io/grpc/grpc-context/1.17.1/grpc-context-1.17.1.jar:/home/user/.m2/repository/com/google/errorprone/error_prone_annotations/2.2.0/error_prone_annotations-2.2.0.jar:/home/user/.m2/repository/org/codehaus/mojo/animal-sniffer-annotations/1.17/animal-sniffer-annotations-1.17.jar:/home/user/.m2/repository/io/opencensus/opencensus-api/0.17.0/opencensus-api-0.17.0.jar:/home/user/.m2/repository/io/opencensus/opencensus-contrib-grpc-metrics/0.17.0/opencensus-contrib-grpc-metrics-0.17.0.jar:/home/user/.m2/repository/io/netty/netty-codec-http2/4.1.30.Final/netty-codec-http2-4.1.30.Final.jar:/home/user/.m2/repository/io/netty/netty-codec-http/4.1.30.Final/netty-codec-http-4.1.30.Final.jar:/home/user/.m2/repository/io/netty/netty-codec/4.1.30.Final/netty-codec-4.1.30.Final.jar:/home/user/.m2/repository/io/netty/netty-handler/4.1.30.Final/netty-handler-4.1.30.Final.jar:/home/user/.m2/repository/io/netty/netty-handler-proxy/4.1.30.Final/netty-handler-proxy-4.1.30.Final.jar:/home/user/.m2/repository/io/netty/netty-codec-socks/4.1.30.Final/netty-codec-socks-4.1.30.Final.jar:/home/user/.m2/repository/io/netty/netty-transport-native-epoll/4.1.30.Final/netty-transport-native-epoll-4.1.30.Final.jar:/home/user/.m2/repository/io/netty/netty-common/4.1.30.Final/netty-common-4.1.30.Final.jar:/home/user/.m2/repository/io/netty/netty-buffer/4.1.30.Final/netty-buffer-4.1.30.Final.jar:/home/user/.m2/repository/io/netty/netty-transport/4.1.30.Final/netty-transport-4.1.30.Final.jar:/home/user/.m2/repository/io/netty/netty-resolver/4.1.30.Final/netty-resolver-4.1.30.Final.jar:/home/user/.m2/repository/io/netty/netty-transport-native-unix-common/4.1.30.Final/netty-transport-native-unix-common-4.1.30.Final.jar:/home/user/.m2/repository/io/grpc/grpc-protobuf/1.17.1/grpc-protobuf-1.17.1.jar:/home/user/.m2/repository/com/google/api/grpc/proto-google-common-protos/1.0.0/proto-google-common-protos-1.0.0.jar:/home/user/.m2/repository/io/grpc/grpc-protobuf-lite/1.17.1/grpc-protobuf-lite-1.17.1.jar:/home/user/.m2/repository/io/grpc/grpc-stub/1.17.1/grpc-stub-1.17.1.jar:/home/user/.m2/repository/org/apache/hadoop/hadoop-ozone-recon/0.5.0-SNAPSHOT/hadoop-ozone-recon-0.5.0-SNAPSHOT.jar:/home/user/.m2/repository/org/apache/hadoop/hadoop-ozone-reconcodegen/0.5.0-SNAPSHOT/hadoop-ozone-reconcodegen-0.5.0-SNAPSHOT.jar:/home/user/.m2/repository/com/google/inject/extensions/guice-multibindings/4.0/guice-multibindings-4.0.jar:/home/user/.m2/repository/com/google/inject/guice/4.0/guice-4.0.jar:/home/user/.m2/repository/aopalliance/aopalliance/1.0/aopalliance-1.0.jar:/home/user/.m2/repository/com/google/inject/extensions/guice-servlet/4.0/guice-servlet-4.0.jar:/home/user/.m2/repository/org/glassfish/jersey/containers/jersey-container-servlet/2.27/jersey-container-servlet-2.27.jar:/home/user/.m2/repository/org/glassfish/hk2/guice-bridge/2.5.0/guice-bridge-2.5.0.jar:/home/user/.m2/repository/org/glassfish/jersey/core/jersey-server/2.27/jersey-server-2.27.jar:/home/user/.m2/repository/org/glassfish/jersey/core/jersey-client/2.27/jersey-client-2.27.jar:/home/user/.m2/repository/org/glassfish/jersey/media/jersey-media-jaxb/2.27/jersey-media-jaxb-2.27.jar:/home/user/.m2/repository/javax/validation/validation-api/1.1.0.Final/validation-api-1.1.0.Final.jar:/home/user/.m2/repository/org/glassfish/jersey/media/jersey-media-json-jackson/2.27/jersey-media-json-jackson-2.27.jar:/home/user/.m2/repository/org/glassfish/jersey/ext/jersey-entity-filtering/2.27/jersey-entity-filtering-2.27.jar:/home/user/.m2/repository/com/google/inject/extensions/guice-assistedinject/4.0/guice-assistedinject-4.0.jar:/home/user/.m2/repository/org/jooq/jooq/3.11.10/jooq-3.11.10.jar:/home/user/.m2/repository/org/jooq/jooq-meta/3.11.10/jooq-meta-3.11.10.jar:/home/user/.m2/repository/org/jooq/jooq-codegen/3.11.10/jooq-codegen-3.11.10.jar:/home/user/.m2/repository/com/jolbox/bonecp/0.8.0.RELEASE/bonecp-0.8.0.RELEASE.jar:/home/user/.m2/repository/org/xerial/sqlite-jdbc/3.25.2/sqlite-jdbc-3.25.2.jar:/home/user/.m2/repository/org/springframework/spring-jdbc/5.1.3.RELEASE/spring-jdbc-5.1.3.RELEASE.jar:/home/user/.m2/repository/org/springframework/spring-beans/5.1.3.RELEASE/spring-beans-5.1.3.RELEASE.jar:/home/user/.m2/repository/org/springframework/spring-core/5.1.3.RELEASE/spring-core-5.1.3.RELEASE.jar:/home/user/.m2/repository/org/springframework/spring-jcl/5.1.3.RELEASE/spring-jcl-5.1.3.RELEASE.jar:/home/user/.m2/repository/org/springframework/spring-tx/5.1.3.RELEASE/spring-tx-5.1.3.RELEASE.jar:/home/user/.m2/repository/org/apache/hadoop/hadoop-ozone-client/0.5.0-SNAPSHOT/hadoop-ozone-client-0.5.0-SNAPSHOT.jar:/home/user/.m2/repository/commons-lang/commons-lang/2.6/commons-lang-2.6.jar:/home/user/.m2/repository/org/apache/hadoop/hadoop-ozone-ozone-manager/0.5.0-SNAPSHOT/hadoop-ozone-ozone-manager-0.5.0-SNAPSHOT-tests.jar:/home/user/.m2/repository/junit/junit/4.11/junit-4.11.jar:/home/user/.m2/repository/org/hamcrest/hamcrest-core/1.3/hamcrest-core-1.3.jar:/home/user/.m2/repository/org/openjdk/jmh/jmh-core/1.19/jmh-core-1.19.jar:/home/user/.m2/repository/net/sf/jopt-simple/jopt-simple/4.6/jopt-simple-4.6.jar:/home/user/.m2/repository/org/apache/commons/commons-math3/3.1.1/commons-math3-3.1.1.jar:/home/user/.m2/repository/org/openjdk/jmh/jmh-generator-annprocess/1.19/jmh-generator-annprocess-1.19.jar:/home/user/.m2/repository/org/mockito/mockito-all/1.8.5/mockito-all-1.8.5.jar:/home/user/.m2/repository/org/apache/hadoop/hadoop-kms/3.2.0/hadoop-kms-3.2.0.jar:/home/user/.m2/repository/org/apache/hadoop/hadoop-auth/3.2.0/hadoop-auth-3.2.0.jar:/home/user/.m2/repository/com/nimbusds/nimbus-jose-jwt/4.41.1/nimbus-jose-jwt-4.41.1.jar:/home/user/.m2/repository/com/github/stephenc/jcip/jcip-annotations/1.0-1/jcip-annotations-1.0-1.jar:/home/user/.m2/repository/net/minidev/json-smart/2.3/json-smart-2.3.jar:/home/user/.m2/repository/net/minidev/accessors-smart/1.2/accessors-smart-1.2.jar:/home/user/.m2/repository/org/ow2/asm/asm/5.0.4/asm-5.0.4.jar:/home/user/.m2/repository/org/apache/curator/curator-framework/2.12.0/curator-framework-2.12.0.jar:/home/user/.m2/repository/com/sun/jersey/jersey-core/1.19/jersey-core-1.19.jar:/home/user/.m2/repository/javax/ws/rs/jsr311-api/1.1.1/jsr311-api-1.1.1.jar:/home/user/.m2/repository/com/sun/jersey/jersey-server/1.19/jersey-server-1.19.jar:/home/user/.m2/repository/javax/servlet/javax.servlet-api/3.1.0/javax.servlet-api-3.1.0.jar:/home/user/.m2/repository/org/eclipse/jetty/jetty-server/9.3.25.v20180904/jetty-server-9.3.25.v20180904.jar:/home/user/.m2/repository/org/eclipse/jetty/jetty-http/9.3.25.v20180904/jetty-http-9.3.25.v20180904.jar:/home/user/.m2/repository/org/eclipse/jetty/jetty-io/9.3.25.v20180904/jetty-io-9.3.25.v20180904.jar:/home/user/.m2/repository/org/eclipse/jetty/jetty-webapp/9.3.25.v20180904/jetty-webapp-9.3.25.v20180904.jar:/home/user/.m2/repository/org/eclipse/jetty/jetty-xml/9.3.25.v20180904/jetty-xml-9.3.25.v20180904.jar:/home/user/.m2/repository/log4j/log4j/1.2.17/log4j-1.2.17.jar:/home/user/.m2/repository/org/slf4j/slf4j-api/1.7.25/slf4j-api-1.7.25.jar:/home/user/.m2/repository/org/slf4j/jul-to-slf4j/1.7.25/jul-to-slf4j-1.7.25.jar:/home/user/.m2/repository/org/eclipse/jetty/jetty-util/9.3.25.v20180904/jetty-util-9.3.25.v20180904.jar:/home/user/.m2/repository/com/fasterxml/jackson/core/jackson-databind/2.9.9/jackson-databind-2.9.9.jar:/home/user/.m2/repository/org/apache/hadoop/hadoop-kms/3.2.0/hadoop-kms-3.2.0-tests.jar:/home/user/.m2/repository/org/apache/hadoop/hadoop-hdds-server-scm/0.5.0-SNAPSHOT/hadoop-hdds-server-scm-0.5.0-SNAPSHOT-tests.jar:/home/user/.m2/repository/org/apache/hadoop/hadoop-hdds-container-service/0.5.0-SNAPSHOT/hadoop-hdds-container-service-0.5.0-SNAPSHOT-tests.jar:/home/user/.m2/repository/org/yaml/snakeyaml/1.16/snakeyaml-1.16.jar:/home/user/.m2/repository/org/apache/hadoop/hadoop-common/3.2.0/hadoop-common-3.2.0-tests.jar:/home/user/.m2/repository/org/apache/hadoop/hadoop-annotations/3.2.0/hadoop-annotations-3.2.0.jar:/usr/lib/jvm/java-1.8-openjdk/jre/../lib/tools.jar:/home/user/.m2/repository/commons-cli/commons-cli/1.2/commons-cli-1.2.jar:/home/user/.m2/repository/org/apache/httpcomponents/httpclient/4.5.2/httpclient-4.5.2.jar:/home/user/.m2/repository/org/apache/httpcomponents/httpcore/4.4.4/httpcore-4.4.4.jar:/home/user/.m2/repository/commons-codec/commons-codec/1.11/commons-codec-1.11.jar:/home/user/.m2/repository/commons-net/commons-net/3.6/commons-net-3.6.jar:/home/user/.m2/repository/commons-collections/commons-collections/3.2.2/commons-collections-3.2.2.jar:/home/user/.m2/repository/org/eclipse/jetty/jetty-servlet/9.3.25.v20180904/jetty-servlet-9.3.25.v20180904.jar:/home/user/.m2/repository/org/eclipse/jetty/jetty-security/9.3.25.v20180904/jetty-security-9.3.25.v20180904.jar:/home/user/.m2/repository/javax/servlet/jsp/jsp-api/2.1/jsp-api-2.1.jar:/home/user/.m2/repository/com/sun/jersey/jersey-servlet/1.19/jersey-servlet-1.19.jar:/home/user/.m2/repository/com/sun/jersey/jersey-json/1.19/jersey-json-1.19.jar:/home/user/.m2/repository/org/codehaus/jettison/jettison/1.1/jettison-1.1.jar:/home/user/.m2/repository/org/codehaus/jackson/jackson-core-asl/1.9.13/jackson-core-asl-1.9.13.jar:/home/user/.m2/repository/org/codehaus/jackson/jackson-mapper-asl/1.9.13/jackson-mapper-asl-1.9.13.jar:/home/user/.m2/repository/org/codehaus/jackson/jackson-jaxrs/1.9.13/jackson-jaxrs-1.9.13.jar:/home/user/.m2/repository/org/codehaus/jackson/jackson-xc/1.9.13/jackson-xc-1.9.13.jar:/home/user/.m2/repository/commons-logging/commons-logging/1.1.3/commons-logging-1.1.3.jar:/home/user/.m2/repository/commons-beanutils/commons-beanutils/1.9.4/commons-beanutils-1.9.4.jar:/home/user/.m2/repository/org/apache/commons/commons-configuration2/2.1.1/commons-configuration2-2.1.1.jar:/home/user/.m2/repository/org/apache/commons/commons-lang3/3.7/commons-lang3-3.7.jar:/home/user/.m2/repository/org/apache/commons/commons-text/1.4/commons-text-1.4.jar:/home/user/.m2/repository/org/apache/avro/avro/1.7.7/avro-1.7.7.jar:/home/user/.m2/repository/com/thoughtworks/paranamer/paranamer/2.3/paranamer-2.3.jar:/home/user/.m2/repository/org/xerial/snappy/snappy-java/1.0.5/snappy-java-1.0.5.jar:/home/user/.m2/repository/com/google/re2j/re2j/1.1/re2j-1.1.jar:/home/user/.m2/repository/com/google/code/gson/gson/2.2.4/gson-2.2.4.jar:/home/user/.m2/repository/com/jcraft/jsch/0.1.54/jsch-0.1.54.jar:/home/user/.m2/repository/org/apache/curator/curator-client/2.12.0/curator-client-2.12.0.jar:/home/user/.m2/repository/org/apache/curator/curator-recipes/2.12.0/curator-recipes-2.12.0.jar:/home/user/.m2/repository/com/google/code/findbugs/jsr305/3.0.0/jsr305-3.0.0.jar:/home/user/.m2/repository/org/apache/htrace/htrace-core4/4.1.0-incubating/htrace-core4-4.1.0-incubating.jar:/home/user/.m2/repository/org/apache/zookeeper/zookeeper/3.4.13/zookeeper-3.4.13.jar:/home/user/.m2/repository/jline/jline/0.9.94/jline-0.9.94.jar:/home/user/.m2/repository/org/apache/yetus/audience-annotations/0.5.0/audience-annotations-0.5.0.jar:/home/user/.m2/repository/org/codehaus/woodstox/stax2-api/3.1.4/stax2-api-3.1.4.jar:/home/user/.m2/repository/com/fasterxml/woodstox/woodstox-core/5.0.3/woodstox-core-5.0.3.jar:/home/user/.m2/repository/dnsjava/dnsjava/2.1.7/dnsjava-2.1.7.jar:/home/user/.m2/repository/org/apache/hadoop/hadoop-hdfs/3.2.0/hadoop-hdfs-3.2.0-tests.jar:/home/user/.m2/repository/org/eclipse/jetty/jetty-util-ajax/9.3.25.v20180904/jetty-util-ajax-9.3.25.v20180904.jar:/home/user/.m2/repository/commons-daemon/commons-daemon/1.0.13/commons-daemon-1.0.13.jar:/home/user/.m2/repository/io/netty/netty/3.10.5.Final/netty-3.10.5.Final.jar:/home/user/.m2/repository/io/netty/netty-all/4.0.52.Final/netty-all-4.0.52.Final.jar:/home/user/.m2/repository/org/fusesource/leveldbjni/leveldbjni-all/1.8/leveldbjni-all-1.8.jar:"/>
    <property name="java.vm.vendor" value="IcedTea"/>
    <property name="sun.arch.data.model" value="64"/>
    <property name="test.build.dir" value="/workdir/hadoop-ozone/integration-test/target/test-dir"/>
    <property name="test.cache.data" value=""/>
    <property name="java.vendor.url" value="https://icedtea.classpath.org"/>
    <property name="user.timezone" value=""/>
    <property name="java.vm.specification.version" value="1.8"/>
    <property name="os.name" value="Linux"/>
    <property name="test.build.data" value="/workdir/hadoop-ozone/integration-test/target/test-dir"/>
    <property name="user.country" value="US"/>
    <property name="sun.java.launcher" value="SUN_STANDARD"/>
    <property name="sun.boot.library.path" value="/usr/lib/jvm/java-1.8-openjdk/jre/lib/amd64"/>
    <property name="sun.java.command" value="/workdir/hadoop-ozone/integration-test/target/surefire/surefirebooter1338715819004593269.jar /workdir/hadoop-ozone/integration-test/target/surefire 2019-09-25T09-25-53_418-jvmRun1 surefire1070828828834251525tmp surefire_553634042955518724852tmp"/>
    <property name="test" value="!TestMiniChaosOzoneCluster"/>
    <property name="surefire.test.class.path" value="/workdir/hadoop-ozone/integration-test/target/test-classes:/workdir/hadoop-ozone/integration-test/target/classes:/home/user/.m2/repository/org/apache/hadoop/hadoop-ozone-common/0.5.0-SNAPSHOT/hadoop-ozone-common-0.5.0-SNAPSHOT.jar:/home/user/.m2/repository/org/apache/commons/commons-compress/1.4.1/commons-compress-1.4.1.jar:/home/user/.m2/repository/org/tukaani/xz/1.0/xz-1.0.jar:/home/user/.m2/repository/org/apache/hadoop/hadoop-common/3.2.0/hadoop-common-3.2.0.jar:/home/user/.m2/repository/org/apache/hadoop/hadoop-hdfs/3.2.0/hadoop-hdfs-3.2.0.jar:/home/user/.m2/repository/org/apache/hadoop/hadoop-hdfs-client/3.2.0/hadoop-hdfs-client-3.2.0.jar:/home/user/.m2/repository/com/fasterxml/jackson/core/jackson-annotations/2.9.9/jackson-annotations-2.9.9.jar:/home/user/.m2/repository/org/apache/hadoop/hadoop-hdds-common/0.5.0-SNAPSHOT/hadoop-hdds-common-0.5.0-SNAPSHOT.jar:/home/user/.m2/repository/javax/annotation/javax.annotation-api/1.2/javax.annotation-api-1.2.jar:/home/user/.m2/repository/org/apache/ratis/ratis-server/0.4.0/ratis-server-0.4.0.jar:/home/user/.m2/repository/org/apache/ratis/ratis-thirdparty-misc/0.2.0/ratis-thirdparty-misc-0.2.0.jar:/home/user/.m2/repository/org/apache/ratis/ratis-proto/0.4.0/ratis-proto-0.4.0.jar:/home/user/.m2/repository/org/apache/ratis/ratis-common/0.4.0/ratis-common-0.4.0.jar:/home/user/.m2/repository/org/apache/ratis/ratis-client/0.4.0/ratis-client-0.4.0.jar:/home/user/.m2/repository/org/apache/ratis/ratis-metrics/0.4.0/ratis-metrics-0.4.0.jar:/home/user/.m2/repository/com/github/joshelser/dropwizard-metrics-hadoop-metrics2-reporter/0.1.2/dropwizard-metrics-hadoop-metrics2-reporter-0.1.2.jar:/home/user/.m2/repository/io/dropwizard/metrics/metrics-jvm/3.2.5/metrics-jvm-3.2.5.jar:/home/user/.m2/repository/io/dropwizard/metrics/metrics-ganglia/3.2.5/metrics-ganglia-3.2.5.jar:/home/user/.m2/repository/info/ganglia/gmetric4j/gmetric4j/1.0.7/gmetric4j-1.0.7.jar:/home/user/.m2/repository/org/apache/ratis/ratis-netty/0.4.0/ratis-netty-0.4.0.jar:/home/user/.m2/repository/org/apache/ratis/ratis-grpc/0.4.0/ratis-grpc-0.4.0.jar:/home/user/.m2/repository/org/rocksdb/rocksdbjni/6.0.1/rocksdbjni-6.0.1.jar:/home/user/.m2/repository/org/apache/logging/log4j/log4j-api/2.11.0/log4j-api-2.11.0.jar:/home/user/.m2/repository/org/apache/logging/log4j/log4j-core/2.11.0/log4j-core-2.11.0.jar:/home/user/.m2/repository/com/lmax/disruptor/3.4.2/disruptor-3.4.2.jar:/home/user/.m2/repository/org/apache/commons/commons-pool2/2.6.0/commons-pool2-2.6.0.jar:/home/user/.m2/repository/org/bouncycastle/bcpkix-jdk15on/1.60/bcpkix-jdk15on-1.60.jar:/home/user/.m2/repository/commons-validator/commons-validator/1.6/commons-validator-1.6.jar:/home/user/.m2/repository/commons-digester/commons-digester/1.8.1/commons-digester-1.8.1.jar:/home/user/.m2/repository/io/jaegertracing/jaeger-client/0.34.0/jaeger-client-0.34.0.jar:/home/user/.m2/repository/io/jaegertracing/jaeger-thrift/0.34.0/jaeger-thrift-0.34.0.jar:/home/user/.m2/repository/org/apache/thrift/libthrift/0.12.0/libthrift-0.12.0.jar:/home/user/.m2/repository/com/squareup/okhttp3/okhttp/3.9.0/okhttp-3.9.0.jar:/home/user/.m2/repository/com/squareup/okio/okio/1.13.0/okio-1.13.0.jar:/home/user/.m2/repository/io/jaegertracing/jaeger-core/0.34.0/jaeger-core-0.34.0.jar:/home/user/.m2/repository/io/jaegertracing/jaeger-tracerresolver/0.34.0/jaeger-tracerresolver-0.34.0.jar:/home/user/.m2/repository/io/opentracing/contrib/opentracing-tracerresolver/0.1.5/opentracing-tracerresolver-0.1.5.jar:/home/user/.m2/repository/io/opentracing/opentracing-util/0.31.0/opentracing-util-0.31.0.jar:/home/user/.m2/repository/io/opentracing/opentracing-api/0.31.0/opentracing-api-0.31.0.jar:/home/user/.m2/repository/io/opentracing/opentracing-noop/0.31.0/opentracing-noop-0.31.0.jar:/home/user/.m2/repository/org/apache/hadoop/hadoop-hdds-server-framework/0.5.0-SNAPSHOT/hadoop-hdds-server-framework-0.5.0-SNAPSHOT.jar:/home/user/.m2/repository/org/apache/hadoop/hadoop-hdds-container-service/0.5.0-SNAPSHOT/hadoop-hdds-container-service-0.5.0-SNAPSHOT.jar:/home/user/.m2/repository/org/apache/hadoop/hadoop-hdds-client/0.5.0-SNAPSHOT/hadoop-hdds-client-0.5.0-SNAPSHOT.jar:/home/user/.m2/repository/org/apache/hadoop/hadoop-hdds-tools/0.5.0-SNAPSHOT/hadoop-hdds-tools-0.5.0-SNAPSHOT.jar:/home/user/.m2/repository/org/apache/hadoop/hadoop-hdds-server-scm/0.5.0-SNAPSHOT/hadoop-hdds-server-scm-0.5.0-SNAPSHOT.jar:/home/user/.m2/repository/org/apache/hadoop/hadoop-hdds-docs/0.5.0-SNAPSHOT/hadoop-hdds-docs-0.5.0-SNAPSHOT.jar:/home/user/.m2/repository/io/dropwizard/metrics/metrics-core/3.2.4/metrics-core-3.2.4.jar:/home/user/.m2/repository/org/hamcrest/hamcrest-all/1.3/hamcrest-all-1.3.jar:/home/user/.m2/repository/org/bouncycastle/bcprov-jdk15on/1.60/bcprov-jdk15on-1.60.jar:/home/user/.m2/repository/info/picocli/picocli/3.9.6/picocli-3.9.6.jar:/home/user/.m2/repository/com/google/protobuf/protobuf-java/2.5.0/protobuf-java-2.5.0.jar:/home/user/.m2/repository/com/google/guava/guava/11.0.2/guava-11.0.2.jar:/home/user/.m2/repository/org/apache/hadoop/hadoop-ozone-ozone-manager/0.5.0-SNAPSHOT/hadoop-ozone-ozone-manager-0.5.0-SNAPSHOT.jar:/home/user/.m2/repository/org/apache/hadoop/hadoop-minikdc/3.2.0/hadoop-minikdc-3.2.0.jar:/home/user/.m2/repository/commons-io/commons-io/2.5/commons-io-2.5.jar:/home/user/.m2/repository/org/apache/kerby/kerb-simplekdc/1.0.1/kerb-simplekdc-1.0.1.jar:/home/user/.m2/repository/org/apache/kerby/kerb-client/1.0.1/kerb-client-1.0.1.jar:/home/user/.m2/repository/org/apache/kerby/kerby-config/1.0.1/kerby-config-1.0.1.jar:/home/user/.m2/repository/org/apache/kerby/kerb-core/1.0.1/kerb-core-1.0.1.jar:/home/user/.m2/repository/org/apache/kerby/kerby-pkix/1.0.1/kerby-pkix-1.0.1.jar:/home/user/.m2/repository/org/apache/kerby/kerby-asn1/1.0.1/kerby-asn1-1.0.1.jar:/home/user/.m2/repository/org/apache/kerby/kerby-util/1.0.1/kerby-util-1.0.1.jar:/home/user/.m2/repository/org/apache/kerby/kerb-common/1.0.1/kerb-common-1.0.1.jar:/home/user/.m2/repository/org/apache/kerby/kerb-crypto/1.0.1/kerb-crypto-1.0.1.jar:/home/user/.m2/repository/org/apache/kerby/kerb-util/1.0.1/kerb-util-1.0.1.jar:/home/user/.m2/repository/org/apache/kerby/token-provider/1.0.1/token-provider-1.0.1.jar:/home/user/.m2/repository/org/apache/kerby/kerb-admin/1.0.1/kerb-admin-1.0.1.jar:/home/user/.m2/repository/org/apache/kerby/kerb-server/1.0.1/kerb-server-1.0.1.jar:/home/user/.m2/repository/org/apache/kerby/kerb-identity/1.0.1/kerb-identity-1.0.1.jar:/home/user/.m2/repository/org/apache/kerby/kerby-xdr/1.0.1/kerby-xdr-1.0.1.jar:/home/user/.m2/repository/org/slf4j/slf4j-log4j12/1.7.25/slf4j-log4j12-1.7.25.jar:/home/user/.m2/repository/org/apache/hadoop/hadoop-ozone-s3gateway/0.5.0-SNAPSHOT/hadoop-ozone-s3gateway-0.5.0-SNAPSHOT.jar:/home/user/.m2/repository/org/jboss/weld/servlet/weld-servlet/2.4.7.Final/weld-servlet-2.4.7.Final.jar:/home/user/.m2/repository/org/glassfish/jersey/containers/jersey-container-servlet-core/2.27/jersey-container-servlet-core-2.27.jar:/home/user/.m2/repository/org/glassfish/hk2/external/javax.inject/2.5.0-b42/javax.inject-2.5.0-b42.jar:/home/user/.m2/repository/org/glassfish/jersey/core/jersey-common/2.27/jersey-common-2.27.jar:/home/user/.m2/repository/org/glassfish/hk2/osgi-resource-locator/1.0.1/osgi-resource-locator-1.0.1.jar:/home/user/.m2/repository/javax/ws/rs/javax.ws.rs-api/2.1/javax.ws.rs-api-2.1.jar:/home/user/.m2/repository/org/glassfish/jersey/ext/cdi/jersey-cdi1x/2.27/jersey-cdi1x-2.27.jar:/home/user/.m2/repository/org/glassfish/jersey/inject/jersey-hk2/2.27/jersey-hk2-2.27.jar:/home/user/.m2/repository/org/glassfish/hk2/hk2-locator/2.5.0-b42/hk2-locator-2.5.0-b42.jar:/home/user/.m2/repository/org/javassist/javassist/3.22.0-CR2/javassist-3.22.0-CR2.jar:/home/user/.m2/repository/org/glassfish/hk2/hk2-api/2.5.0/hk2-api-2.5.0.jar:/home/user/.m2/repository/org/glassfish/hk2/external/jakarta.inject/2.5.0/jakarta.inject-2.5.0.jar:/home/user/.m2/repository/org/glassfish/hk2/hk2-utils/2.5.0/hk2-utils-2.5.0.jar:/home/user/.m2/repository/jakarta/annotation/jakarta.annotation-api/1.3.4/jakarta.annotation-api-1.3.4.jar:/home/user/.m2/repository/org/glassfish/hk2/external/aopalliance-repackaged/2.5.0/aopalliance-repackaged-2.5.0.jar:/home/user/.m2/repository/com/fasterxml/jackson/dataformat/jackson-dataformat-xml/2.9.0/jackson-dataformat-xml-2.9.0.jar:/home/user/.m2/repository/com/fasterxml/jackson/core/jackson-core/2.9.9/jackson-core-2.9.9.jar:/home/user/.m2/repository/com/fasterxml/jackson/module/jackson-module-jaxb-annotations/2.9.9/jackson-module-jaxb-annotations-2.9.9.jar:/home/user/.m2/repository/javax/enterprise/cdi-api/1.2/cdi-api-1.2.jar:/home/user/.m2/repository/javax/el/javax.el-api/3.0.0/javax.el-api-3.0.0.jar:/home/user/.m2/repository/javax/interceptor/javax.interceptor-api/1.2/javax.interceptor-api-1.2.jar:/home/user/.m2/repository/javax/inject/javax.inject/1/javax.inject-1.jar:/home/user/.m2/repository/com/sun/xml/bind/jaxb-impl/2.3.0.1/jaxb-impl-2.3.0.1.jar:/home/user/.m2/repository/com/sun/xml/bind/jaxb-core/2.3.0.1/jaxb-core-2.3.0.1.jar:/home/user/.m2/repository/javax/xml/bind/jaxb-api/2.3.0/jaxb-api-2.3.0.jar:/home/user/.m2/repository/javax/activation/activation/1.1.1/activation-1.1.1.jar:/home/user/.m2/repository/org/apache/hadoop/hadoop-ozone-csi/0.5.0-SNAPSHOT/hadoop-ozone-csi-0.5.0-SNAPSHOT.jar:/home/user/.m2/repository/com/google/protobuf/protobuf-java-util/3.5.1/protobuf-java-util-3.5.1.jar:/home/user/.m2/repository/org/apache/hadoop/hadoop-hdds-config/0.5.0-SNAPSHOT/hadoop-hdds-config-0.5.0-SNAPSHOT.jar:/home/user/.m2/repository/io/grpc/grpc-netty/1.17.1/grpc-netty-1.17.1.jar:/home/user/.m2/repository/io/grpc/grpc-core/1.17.1/grpc-core-1.17.1.jar:/home/user/.m2/repository/io/grpc/grpc-context/1.17.1/grpc-context-1.17.1.jar:/home/user/.m2/repository/com/google/errorprone/error_prone_annotations/2.2.0/error_prone_annotations-2.2.0.jar:/home/user/.m2/repository/org/codehaus/mojo/animal-sniffer-annotations/1.17/animal-sniffer-annotations-1.17.jar:/home/user/.m2/repository/io/opencensus/opencensus-api/0.17.0/opencensus-api-0.17.0.jar:/home/user/.m2/repository/io/opencensus/opencensus-contrib-grpc-metrics/0.17.0/opencensus-contrib-grpc-metrics-0.17.0.jar:/home/user/.m2/repository/io/netty/netty-codec-http2/4.1.30.Final/netty-codec-http2-4.1.30.Final.jar:/home/user/.m2/repository/io/netty/netty-codec-http/4.1.30.Final/netty-codec-http-4.1.30.Final.jar:/home/user/.m2/repository/io/netty/netty-codec/4.1.30.Final/netty-codec-4.1.30.Final.jar:/home/user/.m2/repository/io/netty/netty-handler/4.1.30.Final/netty-handler-4.1.30.Final.jar:/home/user/.m2/repository/io/netty/netty-handler-proxy/4.1.30.Final/netty-handler-proxy-4.1.30.Final.jar:/home/user/.m2/repository/io/netty/netty-codec-socks/4.1.30.Final/netty-codec-socks-4.1.30.Final.jar:/home/user/.m2/repository/io/netty/netty-transport-native-epoll/4.1.30.Final/netty-transport-native-epoll-4.1.30.Final.jar:/home/user/.m2/repository/io/netty/netty-common/4.1.30.Final/netty-common-4.1.30.Final.jar:/home/user/.m2/repository/io/netty/netty-buffer/4.1.30.Final/netty-buffer-4.1.30.Final.jar:/home/user/.m2/repository/io/netty/netty-transport/4.1.30.Final/netty-transport-4.1.30.Final.jar:/home/user/.m2/repository/io/netty/netty-resolver/4.1.30.Final/netty-resolver-4.1.30.Final.jar:/home/user/.m2/repository/io/netty/netty-transport-native-unix-common/4.1.30.Final/netty-transport-native-unix-common-4.1.30.Final.jar:/home/user/.m2/repository/io/grpc/grpc-protobuf/1.17.1/grpc-protobuf-1.17.1.jar:/home/user/.m2/repository/com/google/api/grpc/proto-google-common-protos/1.0.0/proto-google-common-protos-1.0.0.jar:/home/user/.m2/repository/io/grpc/grpc-protobuf-lite/1.17.1/grpc-protobuf-lite-1.17.1.jar:/home/user/.m2/repository/io/grpc/grpc-stub/1.17.1/grpc-stub-1.17.1.jar:/home/user/.m2/repository/org/apache/hadoop/hadoop-ozone-recon/0.5.0-SNAPSHOT/hadoop-ozone-recon-0.5.0-SNAPSHOT.jar:/home/user/.m2/repository/org/apache/hadoop/hadoop-ozone-reconcodegen/0.5.0-SNAPSHOT/hadoop-ozone-reconcodegen-0.5.0-SNAPSHOT.jar:/home/user/.m2/repository/com/google/inject/extensions/guice-multibindings/4.0/guice-multibindings-4.0.jar:/home/user/.m2/repository/com/google/inject/guice/4.0/guice-4.0.jar:/home/user/.m2/repository/aopalliance/aopalliance/1.0/aopalliance-1.0.jar:/home/user/.m2/repository/com/google/inject/extensions/guice-servlet/4.0/guice-servlet-4.0.jar:/home/user/.m2/repository/org/glassfish/jersey/containers/jersey-container-servlet/2.27/jersey-container-servlet-2.27.jar:/home/user/.m2/repository/org/glassfish/hk2/guice-bridge/2.5.0/guice-bridge-2.5.0.jar:/home/user/.m2/repository/org/glassfish/jersey/core/jersey-server/2.27/jersey-server-2.27.jar:/home/user/.m2/repository/org/glassfish/jersey/core/jersey-client/2.27/jersey-client-2.27.jar:/home/user/.m2/repository/org/glassfish/jersey/media/jersey-media-jaxb/2.27/jersey-media-jaxb-2.27.jar:/home/user/.m2/repository/javax/validation/validation-api/1.1.0.Final/validation-api-1.1.0.Final.jar:/home/user/.m2/repository/org/glassfish/jersey/media/jersey-media-json-jackson/2.27/jersey-media-json-jackson-2.27.jar:/home/user/.m2/repository/org/glassfish/jersey/ext/jersey-entity-filtering/2.27/jersey-entity-filtering-2.27.jar:/home/user/.m2/repository/com/google/inject/extensions/guice-assistedinject/4.0/guice-assistedinject-4.0.jar:/home/user/.m2/repository/org/jooq/jooq/3.11.10/jooq-3.11.10.jar:/home/user/.m2/repository/org/jooq/jooq-meta/3.11.10/jooq-meta-3.11.10.jar:/home/user/.m2/repository/org/jooq/jooq-codegen/3.11.10/jooq-codegen-3.11.10.jar:/home/user/.m2/repository/com/jolbox/bonecp/0.8.0.RELEASE/bonecp-0.8.0.RELEASE.jar:/home/user/.m2/repository/org/xerial/sqlite-jdbc/3.25.2/sqlite-jdbc-3.25.2.jar:/home/user/.m2/repository/org/springframework/spring-jdbc/5.1.3.RELEASE/spring-jdbc-5.1.3.RELEASE.jar:/home/user/.m2/repository/org/springframework/spring-beans/5.1.3.RELEASE/spring-beans-5.1.3.RELEASE.jar:/home/user/.m2/repository/org/springframework/spring-core/5.1.3.RELEASE/spring-core-5.1.3.RELEASE.jar:/home/user/.m2/repository/org/springframework/spring-jcl/5.1.3.RELEASE/spring-jcl-5.1.3.RELEASE.jar:/home/user/.m2/repository/org/springframework/spring-tx/5.1.3.RELEASE/spring-tx-5.1.3.RELEASE.jar:/home/user/.m2/repository/org/apache/hadoop/hadoop-ozone-client/0.5.0-SNAPSHOT/hadoop-ozone-client-0.5.0-SNAPSHOT.jar:/home/user/.m2/repository/commons-lang/commons-lang/2.6/commons-lang-2.6.jar:/home/user/.m2/repository/org/apache/hadoop/hadoop-ozone-ozone-manager/0.5.0-SNAPSHOT/hadoop-ozone-ozone-manager-0.5.0-SNAPSHOT-tests.jar:/home/user/.m2/repository/junit/junit/4.11/junit-4.11.jar:/home/user/.m2/repository/org/hamcrest/hamcrest-core/1.3/hamcrest-core-1.3.jar:/home/user/.m2/repository/org/openjdk/jmh/jmh-core/1.19/jmh-core-1.19.jar:/home/user/.m2/repository/net/sf/jopt-simple/jopt-simple/4.6/jopt-simple-4.6.jar:/home/user/.m2/repository/org/apache/commons/commons-math3/3.1.1/commons-math3-3.1.1.jar:/home/user/.m2/repository/org/openjdk/jmh/jmh-generator-annprocess/1.19/jmh-generator-annprocess-1.19.jar:/home/user/.m2/repository/org/mockito/mockito-all/1.8.5/mockito-all-1.8.5.jar:/home/user/.m2/repository/org/apache/hadoop/hadoop-kms/3.2.0/hadoop-kms-3.2.0.jar:/home/user/.m2/repository/org/apache/hadoop/hadoop-auth/3.2.0/hadoop-auth-3.2.0.jar:/home/user/.m2/repository/com/nimbusds/nimbus-jose-jwt/4.41.1/nimbus-jose-jwt-4.41.1.jar:/home/user/.m2/repository/com/github/stephenc/jcip/jcip-annotations/1.0-1/jcip-annotations-1.0-1.jar:/home/user/.m2/repository/net/minidev/json-smart/2.3/json-smart-2.3.jar:/home/user/.m2/repository/net/minidev/accessors-smart/1.2/accessors-smart-1.2.jar:/home/user/.m2/repository/org/ow2/asm/asm/5.0.4/asm-5.0.4.jar:/home/user/.m2/repository/org/apache/curator/curator-framework/2.12.0/curator-framework-2.12.0.jar:/home/user/.m2/repository/com/sun/jersey/jersey-core/1.19/jersey-core-1.19.jar:/home/user/.m2/repository/javax/ws/rs/jsr311-api/1.1.1/jsr311-api-1.1.1.jar:/home/user/.m2/repository/com/sun/jersey/jersey-server/1.19/jersey-server-1.19.jar:/home/user/.m2/repository/javax/servlet/javax.servlet-api/3.1.0/javax.servlet-api-3.1.0.jar:/home/user/.m2/repository/org/eclipse/jetty/jetty-server/9.3.25.v20180904/jetty-server-9.3.25.v20180904.jar:/home/user/.m2/repository/org/eclipse/jetty/jetty-http/9.3.25.v20180904/jetty-http-9.3.25.v20180904.jar:/home/user/.m2/repository/org/eclipse/jetty/jetty-io/9.3.25.v20180904/jetty-io-9.3.25.v20180904.jar:/home/user/.m2/repository/org/eclipse/jetty/jetty-webapp/9.3.25.v20180904/jetty-webapp-9.3.25.v20180904.jar:/home/user/.m2/repository/org/eclipse/jetty/jetty-xml/9.3.25.v20180904/jetty-xml-9.3.25.v20180904.jar:/home/user/.m2/repository/log4j/log4j/1.2.17/log4j-1.2.17.jar:/home/user/.m2/repository/org/slf4j/slf4j-api/1.7.25/slf4j-api-1.7.25.jar:/home/user/.m2/repository/org/slf4j/jul-to-slf4j/1.7.25/jul-to-slf4j-1.7.25.jar:/home/user/.m2/repository/org/eclipse/jetty/jetty-util/9.3.25.v20180904/jetty-util-9.3.25.v20180904.jar:/home/user/.m2/repository/com/fasterxml/jackson/core/jackson-databind/2.9.9/jackson-databind-2.9.9.jar:/home/user/.m2/repository/org/apache/hadoop/hadoop-kms/3.2.0/hadoop-kms-3.2.0-tests.jar:/home/user/.m2/repository/org/apache/hadoop/hadoop-hdds-server-scm/0.5.0-SNAPSHOT/hadoop-hdds-server-scm-0.5.0-SNAPSHOT-tests.jar:/home/user/.m2/repository/org/apache/hadoop/hadoop-hdds-container-service/0.5.0-SNAPSHOT/hadoop-hdds-container-service-0.5.0-SNAPSHOT-tests.jar:/home/user/.m2/repository/org/yaml/snakeyaml/1.16/snakeyaml-1.16.jar:/home/user/.m2/repository/org/apache/hadoop/hadoop-common/3.2.0/hadoop-common-3.2.0-tests.jar:/home/user/.m2/repository/org/apache/hadoop/hadoop-annotations/3.2.0/hadoop-annotations-3.2.0.jar:/usr/lib/jvm/java-1.8-openjdk/jre/../lib/tools.jar:/home/user/.m2/repository/commons-cli/commons-cli/1.2/commons-cli-1.2.jar:/home/user/.m2/repository/org/apache/httpcomponents/httpclient/4.5.2/httpclient-4.5.2.jar:/home/user/.m2/repository/org/apache/httpcomponents/httpcore/4.4.4/httpcore-4.4.4.jar:/home/user/.m2/repository/commons-codec/commons-codec/1.11/commons-codec-1.11.jar:/home/user/.m2/repository/commons-net/commons-net/3.6/commons-net-3.6.jar:/home/user/.m2/repository/commons-collections/commons-collections/3.2.2/commons-collections-3.2.2.jar:/home/user/.m2/repository/org/eclipse/jetty/jetty-servlet/9.3.25.v20180904/jetty-servlet-9.3.25.v20180904.jar:/home/user/.m2/repository/org/eclipse/jetty/jetty-security/9.3.25.v20180904/jetty-security-9.3.25.v20180904.jar:/home/user/.m2/repository/javax/servlet/jsp/jsp-api/2.1/jsp-api-2.1.jar:/home/user/.m2/repository/com/sun/jersey/jersey-servlet/1.19/jersey-servlet-1.19.jar:/home/user/.m2/repository/com/sun/jersey/jersey-json/1.19/jersey-json-1.19.jar:/home/user/.m2/repository/org/codehaus/jettison/jettison/1.1/jettison-1.1.jar:/home/user/.m2/repository/org/codehaus/jackson/jackson-core-asl/1.9.13/jackson-core-asl-1.9.13.jar:/home/user/.m2/repository/org/codehaus/jackson/jackson-mapper-asl/1.9.13/jackson-mapper-asl-1.9.13.jar:/home/user/.m2/repository/org/codehaus/jackson/jackson-jaxrs/1.9.13/jackson-jaxrs-1.9.13.jar:/home/user/.m2/repository/org/codehaus/jackson/jackson-xc/1.9.13/jackson-xc-1.9.13.jar:/home/user/.m2/repository/commons-logging/commons-logging/1.1.3/commons-logging-1.1.3.jar:/home/user/.m2/repository/commons-beanutils/commons-beanutils/1.9.4/commons-beanutils-1.9.4.jar:/home/user/.m2/repository/org/apache/commons/commons-configuration2/2.1.1/commons-configuration2-2.1.1.jar:/home/user/.m2/repository/org/apache/commons/commons-lang3/3.7/commons-lang3-3.7.jar:/home/user/.m2/repository/org/apache/commons/commons-text/1.4/commons-text-1.4.jar:/home/user/.m2/repository/org/apache/avro/avro/1.7.7/avro-1.7.7.jar:/home/user/.m2/repository/com/thoughtworks/paranamer/paranamer/2.3/paranamer-2.3.jar:/home/user/.m2/repository/org/xerial/snappy/snappy-java/1.0.5/snappy-java-1.0.5.jar:/home/user/.m2/repository/com/google/re2j/re2j/1.1/re2j-1.1.jar:/home/user/.m2/repository/com/google/code/gson/gson/2.2.4/gson-2.2.4.jar:/home/user/.m2/repository/com/jcraft/jsch/0.1.54/jsch-0.1.54.jar:/home/user/.m2/repository/org/apache/curator/curator-client/2.12.0/curator-client-2.12.0.jar:/home/user/.m2/repository/org/apache/curator/curator-recipes/2.12.0/curator-recipes-2.12.0.jar:/home/user/.m2/repository/com/google/code/findbugs/jsr305/3.0.0/jsr305-3.0.0.jar:/home/user/.m2/repository/org/apache/htrace/htrace-core4/4.1.0-incubating/htrace-core4-4.1.0-incubating.jar:/home/user/.m2/repository/org/apache/zookeeper/zookeeper/3.4.13/zookeeper-3.4.13.jar:/home/user/.m2/repository/jline/jline/0.9.94/jline-0.9.94.jar:/home/user/.m2/repository/org/apache/yetus/audience-annotations/0.5.0/audience-annotations-0.5.0.jar:/home/user/.m2/repository/org/codehaus/woodstox/stax2-api/3.1.4/stax2-api-3.1.4.jar:/home/user/.m2/repository/com/fasterxml/woodstox/woodstox-core/5.0.3/woodstox-core-5.0.3.jar:/home/user/.m2/repository/dnsjava/dnsjava/2.1.7/dnsjava-2.1.7.jar:/home/user/.m2/repository/org/apache/hadoop/hadoop-hdfs/3.2.0/hadoop-hdfs-3.2.0-tests.jar:/home/user/.m2/repository/org/eclipse/jetty/jetty-util-ajax/9.3.25.v20180904/jetty-util-ajax-9.3.25.v20180904.jar:/home/user/.m2/repository/commons-daemon/commons-daemon/1.0.13/commons-daemon-1.0.13.jar:/home/user/.m2/repository/io/netty/netty/3.10.5.Final/netty-3.10.5.Final.jar:/home/user/.m2/repository/io/netty/netty-all/4.0.52.Final/netty-all-4.0.52.Final.jar:/home/user/.m2/repository/org/fusesource/leveldbjni/leveldbjni-all/1.8/leveldbjni-all-1.8.jar:"/>
    <property name="sun.cpu.endian" value="little"/>
    <property name="user.home" value="/home/user"/>
    <property name="user.language" value="en"/>
    <property name="java.specification.vendor" value="Oracle Corporation"/>
    <property name="java.home" value="/usr/lib/jvm/java-1.8-openjdk/jre"/>
    <property name="java.security.krb5.conf" value="/workdir/hadoop-ozone/integration-test/target/test-classes/krb5.conf"/>
    <property name="basedir" value="/workdir/hadoop-ozone/integration-test"/>
    <property name="file.separator" value="/"/>
    <property name="line.separator" value="&#10;"/>
    <property name="java.vm.specification.vendor" value="Oracle Corporation"/>
    <property name="java.specification.name" value="Java Platform API Specification"/>
    <property name="java.awt.graphicsenv" value="sun.awt.X11GraphicsEnvironment"/>
    <property name="surefire.real.class.path" value="/workdir/hadoop-ozone/integration-test/target/surefire/surefirebooter1338715819004593269.jar"/>
    <property name="hadoop.log.dir" value="/workdir/hadoop-ozone/integration-test/target/log"/>
    <property name="sun.boot.class.path" value="/usr/lib/jvm/java-1.8-openjdk/jre/lib/resources.jar:/usr/lib/jvm/java-1.8-openjdk/jre/lib/rt.jar:/usr/lib/jvm/java-1.8-openjdk/jre/lib/sunrsasign.jar:/usr/lib/jvm/java-1.8-openjdk/jre/lib/jsse.jar:/usr/lib/jvm/java-1.8-openjdk/jre/lib/jce.jar:/usr/lib/jvm/java-1.8-openjdk/jre/lib/charsets.jar:/usr/lib/jvm/java-1.8-openjdk/jre/lib/jfr.jar:/usr/lib/jvm/java-1.8-openjdk/jre/classes"/>
    <property name="sun.management.compiler" value="HotSpot 64-Bit Tiered Compilers"/>
    <property name="java.runtime.version" value="1.8.0_212-b04"/>
    <property name="java.net.preferIPv4Stack" value="true"/>
    <property name="user.name" value="jenkins1000"/>
    <property name="path.separator" value=":"/>
    <property name="java.security.egd" value="file:///dev/urandom"/>
    <property name="os.version" value="3.10.0-957.12.2.el7.x86_64"/>
    <property name="java.endorsed.dirs" value="/usr/lib/jvm/java-1.8-openjdk/jre/lib/endorsed"/>
    <property name="java.runtime.name" value="OpenJDK Runtime Environment"/>
    <property name="file.encoding" value="UTF-8"/>
    <property name="java.vm.name" value="OpenJDK 64-Bit Server VM"/>
    <property name="test.build.webapps" value=""/>
    <property name="localRepository" value="/home/user/.m2/repository"/>
    <property name="java.vendor.url.bug" value="https://icedtea.classpath.org/bugzilla"/>
    <property name="java.io.tmpdir" value="/tmp"/>
    <property name="require.test.libhadoop" value=""/>
    <property name="java.version" value="1.8.0_212"/>
    <property name="user.dir" value="/workdir/hadoop-ozone/integration-test"/>
    <property name="os.arch" value="amd64"/>
    <property name="java.vm.specification.name" value="Java Virtual Machine Specification"/>
    <property name="test.build.classes" value="/workdir/hadoop-ozone/integration-test/target/test-classes"/>
    <property name="java.awt.printerjob" value="sun.print.PSPrinterJob"/>
    <property name="sun.os.patch.level" value="unknown"/>
    <property name="hadoop.tmp.dir" value="/workdir/hadoop-ozone/integration-test/target/tmp"/>
    <property name="java.library.path" value="/usr/lib/jvm/java-1.8-openjdk/jre/lib/amd64/server:/usr/lib/jvm/java-1.8-openjdk/jre/lib/amd64:/usr/lib/jvm/java-1.8-openjdk/jre/../lib/amd64:/workdir/hadoop-ozone/integration-test/target/native/target/usr/local/lib:/workdir/hadoop-ozone/integration-test/../../hadoop-common-project/hadoop-common/target/native/target/usr/local/lib:/usr/java/packages/lib/amd64:/usr/lib64:/lib64:/lib:/usr/lib"/>
    <property name="java.vm.info" value="mixed mode"/>
    <property name="java.vendor" value="IcedTea"/>
    <property name="java.vm.version" value="25.212-b04"/>
    <property name="java.ext.dirs" value="/usr/lib/jvm/java-1.8-openjdk/jre/lib/ext:/usr/java/packages/lib/ext"/>
    <property name="sun.io.unicode.encoding" value="UnicodeLittle"/>
    <property name="java.class.version" value="52.0"/>
  </properties>
  <testcase name="test2DatanodesFailure" classname="org.apache.hadoop.ozone.client.rpc.TestBlockOutputStreamWithFailures" time="103.776"/>
  <testcase name="testDatanodeFailureWithPreAllocation" classname="org.apache.hadoop.ozone.client.rpc.TestBlockOutputStreamWithFailures" time="221.198"/>
  <testcase name="testDatanodeFailureWithSingleNodeRatis" classname="org.apache.hadoop.ozone.client.rpc.TestBlockOutputStreamWithFailures" time="223.271"/>
  <testcase name="testWatchForCommitWithSingleNodeRatis" classname="org.apache.hadoop.ozone.client.rpc.TestBlockOutputStreamWithFailures" time="35.03"/>
  <testcase name="testWatchForCommitDatanodeFailure" classname="org.apache.hadoop.ozone.client.rpc.TestBlockOutputStreamWithFailures" time="40.821">
    <failure message="expected:&lt;61&gt; but was:&lt;62&gt;" type="java.lang.AssertionError"><![CDATA[java.lang.AssertionError: expected:<61> but was:<62>
	at org.junit.Assert.fail(Assert.java:88)
	at org.junit.Assert.failNotEquals(Assert.java:743)
	at org.junit.Assert.assertEquals(Assert.java:118)
	at org.junit.Assert.assertEquals(Assert.java:555)
	at org.junit.Assert.assertEquals(Assert.java:542)
	at org.apache.hadoop.ozone.client.rpc.TestBlockOutputStreamWithFailures.testWatchForCommitDatanodeFailure(TestBlockOutputStreamWithFailures.java:336)
	at sun.reflect.NativeMethodAccessorImpl.invoke0(Native Method)
	at sun.reflect.NativeMethodAccessorImpl.invoke(NativeMethodAccessorImpl.java:62)
	at sun.reflect.DelegatingMethodAccessorImpl.invoke(DelegatingMethodAccessorImpl.java:43)
	at java.lang.reflect.Method.invoke(Method.java:498)
	at org.junit.runners.model.FrameworkMethod$1.runReflectiveCall(FrameworkMethod.java:47)
	at org.junit.internal.runners.model.ReflectiveCallable.run(ReflectiveCallable.java:12)
	at org.junit.runners.model.FrameworkMethod.invokeExplosively(FrameworkMethod.java:44)
	at org.junit.internal.runners.statements.InvokeMethod.evaluate(InvokeMethod.java:17)
	at org.junit.internal.runners.statements.RunBefores.evaluate(RunBefores.java:26)
	at org.junit.internal.runners.statements.RunAfters.evaluate(RunAfters.java:27)
	at org.junit.runners.ParentRunner.runLeaf(ParentRunner.java:271)
	at org.junit.runners.BlockJUnit4ClassRunner.runChild(BlockJUnit4ClassRunner.java:70)
	at org.junit.runners.BlockJUnit4ClassRunner.runChild(BlockJUnit4ClassRunner.java:50)
	at org.junit.runners.ParentRunner$3.run(ParentRunner.java:238)
	at org.junit.runners.ParentRunner$1.schedule(ParentRunner.java:63)
	at org.junit.runners.ParentRunner.runChildren(ParentRunner.java:236)
	at org.junit.runners.ParentRunner.access$000(ParentRunner.java:53)
	at org.junit.runners.ParentRunner$2.evaluate(ParentRunner.java:229)
	at org.junit.runners.ParentRunner.run(ParentRunner.java:309)
	at org.apache.maven.surefire.junit4.JUnit4Provider.execute(JUnit4Provider.java:365)
	at org.apache.maven.surefire.junit4.JUnit4Provider.executeWithRerun(JUnit4Provider.java:273)
	at org.apache.maven.surefire.junit4.JUnit4Provider.executeTestSet(JUnit4Provider.java:238)
	at org.apache.maven.surefire.junit4.JUnit4Provider.invoke(JUnit4Provider.java:159)
	at org.apache.maven.surefire.booter.ForkedBooter.invokeProviderInSameClassLoader(ForkedBooter.java:384)
	at org.apache.maven.surefire.booter.ForkedBooter.runSuitesInProcess(ForkedBooter.java:345)
	at org.apache.maven.surefire.booter.ForkedBooter.execute(ForkedBooter.java:126)
	at org.apache.maven.surefire.booter.ForkedBooter.main(ForkedBooter.java:418)
]]></failure>
    <system-out><![CDATA[2019-09-25 10:21:03,263 [main] WARN  server.ServerUtils (ServerUtils.java:getScmDbDir(145)) - ozone.scm.db.dirs is not configured. We recommend adding this setting. Falling back to ozone.metadata.dirs instead.
2019-09-25 10:21:03,304 [main] WARN  server.ServerUtils (ServerUtils.java:getScmDbDir(145)) - ozone.scm.db.dirs is not configured. We recommend adding this setting. Falling back to ozone.metadata.dirs instead.
2019-09-25 10:21:03,305 [main] WARN  server.ServerUtils (ServerUtils.java:getScmDbDir(145)) - ozone.scm.db.dirs is not configured. We recommend adding this setting. Falling back to ozone.metadata.dirs instead.
2019-09-25 10:21:03,305 [main] INFO  db.DBStoreBuilder (DBStoreBuilder.java:addTable(110)) - using custom profile for table: deletedBlocks
2019-09-25 10:21:03,306 [main] INFO  db.DBStoreBuilder (DBStoreBuilder.java:processTables(161)) - Using default column profile:DBProfile.DISK for Table:deletedBlocks
2019-09-25 10:21:03,306 [main] INFO  db.DBStoreBuilder (DBStoreBuilder.java:addTable(110)) - using custom profile for table: validCerts
2019-09-25 10:21:03,306 [main] INFO  db.DBStoreBuilder (DBStoreBuilder.java:processTables(161)) - Using default column profile:DBProfile.DISK for Table:validCerts
2019-09-25 10:21:03,307 [main] INFO  db.DBStoreBuilder (DBStoreBuilder.java:addTable(110)) - using custom profile for table: revokedCerts
2019-09-25 10:21:03,307 [main] INFO  db.DBStoreBuilder (DBStoreBuilder.java:processTables(161)) - Using default column profile:DBProfile.DISK for Table:revokedCerts
2019-09-25 10:21:03,307 [main] INFO  db.DBStoreBuilder (DBStoreBuilder.java:addTable(110)) - using custom profile for table: default
2019-09-25 10:21:03,307 [main] INFO  db.DBStoreBuilder (DBStoreBuilder.java:processTables(167)) - Using default column profile:DBProfile.DISK for Table:default
2019-09-25 10:21:03,308 [main] INFO  db.DBStoreBuilder (DBStoreBuilder.java:getDbProfile(198)) - Using default options. DBProfile.DISK
2019-09-25 10:21:03,499 [main] INFO  net.NodeSchemaLoader (NodeSchemaLoader.java:loadSchemaFromFile(125)) - Loading file from sun.misc.CompoundEnumeration@38ac8968
2019-09-25 10:21:03,499 [main] INFO  net.NodeSchemaLoader (NodeSchemaLoader.java:loadSchema(171)) - Loading network topology layer schema file
2019-09-25 10:21:03,504 [main] INFO  node.SCMNodeManager (SCMNodeManager.java:<init>(114)) - Entering startup safe mode.
2019-09-25 10:21:03,505 [main] INFO  algorithms.ContainerPlacementPolicyFactory (ContainerPlacementPolicyFactory.java:getPolicy(57)) - Create container placement policy of type org.apache.hadoop.hdds.scm.container.placement.algorithms.SCMContainerPlacementRandom
2019-09-25 10:21:03,505 [main] WARN  server.ServerUtils (ServerUtils.java:getScmDbDir(145)) - ozone.scm.db.dirs is not configured. We recommend adding this setting. Falling back to ozone.metadata.dirs instead.
2019-09-25 10:21:03,598 [main] INFO  pipeline.SCMPipelineManager (SCMPipelineManager.java:initializePipelineState(132)) - No pipeline exists in current db
2019-09-25 10:21:03,598 [main] WARN  server.ServerUtils (ServerUtils.java:getScmDbDir(145)) - ozone.scm.db.dirs is not configured. We recommend adding this setting. Falling back to ozone.metadata.dirs instead.
2019-09-25 10:21:03,671 [main] WARN  events.EventQueue (EventQueue.java:fireEvent(183)) - No event handler registered for event TypedEvent{payloadType=SafeModeStatus, name='SafeModeStatus'}
2019-09-25 10:21:03,673 [main] INFO  ipc.CallQueueManager (CallQueueManager.java:<init>(84)) - Using callQueue: class java.util.concurrent.LinkedBlockingQueue, queueCapacity: 2000, scheduler: class org.apache.hadoop.ipc.DefaultRpcScheduler, ipcBackoff: false.
2019-09-25 10:21:03,674 [Socket Reader #1 for port 45233] INFO  ipc.Server (Server.java:run(1074)) - Starting Socket Reader #1 for port 45233
2019-09-25 10:21:03,676 [main] INFO  ipc.CallQueueManager (CallQueueManager.java:<init>(84)) - Using callQueue: class java.util.concurrent.LinkedBlockingQueue, queueCapacity: 2000, scheduler: class org.apache.hadoop.ipc.DefaultRpcScheduler, ipcBackoff: false.
2019-09-25 10:21:03,677 [Socket Reader #1 for port 37804] INFO  ipc.Server (Server.java:run(1074)) - Starting Socket Reader #1 for port 37804
2019-09-25 10:21:03,679 [main] INFO  ipc.CallQueueManager (CallQueueManager.java:<init>(84)) - Using callQueue: class java.util.concurrent.LinkedBlockingQueue, queueCapacity: 2000, scheduler: class org.apache.hadoop.ipc.DefaultRpcScheduler, ipcBackoff: false.
2019-09-25 10:21:03,680 [Socket Reader #1 for port 33295] INFO  ipc.Server (Server.java:run(1074)) - Starting Socket Reader #1 for port 33295
2019-09-25 10:21:03,682 [main] INFO  hdfs.DFSUtil (DFSUtil.java:httpServerTemplateForNNAndJN(1641)) - Starting Web-server for scm at: http://0.0.0.0:0
2019-09-25 10:21:03,684 [main] INFO  server.AuthenticationFilter (AuthenticationFilter.java:constructSecretProvider(240)) - Unable to initialize FileSignerSecretProvider, falling back to use random secrets.
2019-09-25 10:21:03,685 [main] WARN  http.HttpRequestLog (HttpRequestLog.java:getRequestLog(97)) - Jetty request log can only be enabled using Log4j
2019-09-25 10:21:03,687 [main] INFO  http.HttpServer2 (HttpServer2.java:addGlobalFilter(975)) - Added global filter 'safety' (class=org.apache.hadoop.http.HttpServer2$QuotingInputFilter)
2019-09-25 10:21:03,688 [main] INFO  http.HttpServer2 (HttpServer2.java:addFilter(948)) - Added filter static_user_filter (class=org.apache.hadoop.http.lib.StaticUserWebFilter$StaticUserFilter) to context scm
2019-09-25 10:21:03,689 [main] INFO  http.HttpServer2 (HttpServer2.java:addFilter(958)) - Added filter static_user_filter (class=org.apache.hadoop.http.lib.StaticUserWebFilter$StaticUserFilter) to context static
2019-09-25 10:21:03,689 [main] INFO  http.HttpServer2 (HttpServer2.java:addFilter(958)) - Added filter static_user_filter (class=org.apache.hadoop.http.lib.StaticUserWebFilter$StaticUserFilter) to context logs
2019-09-25 10:21:03,691 [main] INFO  server.StorageContainerManager (StorageContainerManager.java:start(770)) - StorageContainerLocationProtocol RPC server is listening at /0.0.0.0:33295
2019-09-25 10:21:03,694 [main] WARN  impl.MetricsConfig (MetricsConfig.java:loadFirst(134)) - Cannot locate configuration: tried hadoop-metrics2-storagecontainermanager.properties,hadoop-metrics2.properties
2019-09-25 10:21:03,695 [main] INFO  impl.MetricsSystemImpl (MetricsSystemImpl.java:startTimer(374)) - Scheduled Metric snapshot period at 10 second(s).
2019-09-25 10:21:03,695 [main] INFO  impl.MetricsSystemImpl (MetricsSystemImpl.java:start(191)) - StorageContainerManager metrics system started
2019-09-25 10:21:03,758 [main] WARN  impl.MetricsSystemImpl (MetricsSystemImpl.java:register(276)) - Sink prometheus already exists!
2019-09-25 10:21:03,836 [main] INFO  server.SCMClientProtocolServer (SCMClientProtocolServer.java:start(151)) - RPC server for Client  is listening at /0.0.0.0:33295
2019-09-25 10:21:03,837 [IPC Server Responder] INFO  ipc.Server (Server.java:run(1314)) - IPC Server Responder: starting
2019-09-25 10:21:03,837 [IPC Server listener on 33295] INFO  ipc.Server (Server.java:run(1153)) - IPC Server listener on 33295: starting
2019-09-25 10:21:03,840 [main] INFO  server.StorageContainerManager (StorageContainerManager.java:start(780)) - ScmBlockLocationProtocol RPC server is listening at /0.0.0.0:37804
2019-09-25 10:21:03,840 [main] INFO  server.SCMBlockProtocolServer (SCMBlockProtocolServer.java:start(146)) - RPC server for Block Protocol is listening at /0.0.0.0:37804
2019-09-25 10:21:03,841 [IPC Server Responder] INFO  ipc.Server (Server.java:run(1314)) - IPC Server Responder: starting
2019-09-25 10:21:03,841 [IPC Server listener on 37804] INFO  ipc.Server (Server.java:run(1153)) - IPC Server listener on 37804: starting
2019-09-25 10:21:03,844 [main] INFO  server.StorageContainerManager (StorageContainerManager.java:start(784)) - ScmDatanodeProtocl RPC server is listening at /0.0.0.0:45233
2019-09-25 10:21:03,844 [main] INFO  server.SCMDatanodeProtocolServer (SCMDatanodeProtocolServer.java:start(191)) - RPC server for DataNodes is listening at /0.0.0.0:45233
2019-09-25 10:21:03,844 [IPC Server Responder] INFO  ipc.Server (Server.java:run(1314)) - IPC Server Responder: starting
2019-09-25 10:21:03,844 [IPC Server listener on 45233] INFO  ipc.Server (Server.java:run(1153)) - IPC Server listener on 45233: starting
2019-09-25 10:21:03,848 [main] INFO  http.HttpServer2 (HttpServer2.java:bindListener(1191)) - Jetty bound to port 36353
2019-09-25 10:21:03,848 [main] INFO  server.Server (Server.java:doStart(351)) - jetty-9.3.25.v20180904, build timestamp: 2018-09-04T21:11:46Z, git hash: 3ce520221d0240229c862b122d2b06c12a625732
2019-09-25 10:21:03,849 [main] INFO  handler.ContextHandler (ContextHandler.java:doStart(781)) - Started o.e.j.s.ServletContextHandler@6380e9e9{/logs,file:///workdir/hadoop-ozone/integration-test/target/log,AVAILABLE}
2019-09-25 10:21:03,850 [main] INFO  handler.ContextHandler (ContextHandler.java:doStart(781)) - Started o.e.j.s.ServletContextHandler@6a09484c{/static,file:///workdir/hadoop-ozone/integration-test/target/test-classes/webapps/static,AVAILABLE}
2019-09-25 10:21:03,853 [main] INFO  handler.ContextHandler (ContextHandler.java:doStart(781)) - Started o.e.j.w.WebAppContext@703fa45{/,file:///workdir/hadoop-ozone/integration-test/target/test-classes/webapps/scm/,AVAILABLE}{/scm}
2019-09-25 10:21:03,853 [main] INFO  server.AbstractConnector (AbstractConnector.java:doStart(278)) - Started ServerConnector@5e905f2c{HTTP/1.1,[http/1.1]}{0.0.0.0:36353}
2019-09-25 10:21:03,854 [main] INFO  server.Server (Server.java:doStart(419)) - Started @584518ms
2019-09-25 10:21:03,854 [main] WARN  impl.MetricsSystemImpl (MetricsSystemImpl.java:register(276)) - Sink prometheus already exists!
2019-09-25 10:21:03,855 [main] INFO  server.BaseHttpServer (BaseHttpServer.java:updateConnectorAddress(215)) - HTTP server of SCM is listening at http://0.0.0.0:36353
2019-09-25 10:21:03,855 [main] WARN  server.ServerUtils (ServerUtils.java:getDBPath(222)) - ozone.om.db.dirs is not configured. We recommend adding this setting. Falling back to ozone.metadata.dirs instead.
2019-09-25 10:21:03,856 [org.apache.hadoop.util.JvmPauseMonitor$Monitor@3f6cce7f] INFO  util.JvmPauseMonitor (JvmPauseMonitor.java:run(188)) - Starting JVM pause monitor
2019-09-25 10:21:03,878 [main] WARN  server.ServerUtils (ServerUtils.java:getDBPath(222)) - ozone.om.db.dirs is not configured. We recommend adding this setting. Falling back to ozone.metadata.dirs instead.
2019-09-25 10:21:03,879 [main] WARN  server.ServerUtils (ServerUtils.java:getDBPath(222)) - ozone.om.db.dirs is not configured. We recommend adding this setting. Falling back to ozone.metadata.dirs instead.
2019-09-25 10:21:03,879 [main] INFO  om.OzoneManager (OzoneManager.java:setOMNodeDetails(652)) - OM Service ID is not set. Setting it to the default ID: omServiceIdDefault
2019-09-25 10:21:03,879 [main] INFO  om.OzoneManager (OzoneManager.java:setOMNodeDetails(658)) - OM Node ID is not set. Setting it to the OmStorage's OmID: b4db2183-15bc-4d9c-837e-ff0749592f9a
2019-09-25 10:21:03,880 [main] INFO  om.OzoneManager (OzoneManager.java:loadOMHAConfigs(609)) - Found matching OM address with OMServiceId: null, OMNodeId: null, RPC Address: localhost:0 and Ratis port: 9872
2019-09-25 10:21:03,886 [main] WARN  server.ServerUtils (ServerUtils.java:getDBPath(222)) - ozone.om.db.dirs is not configured. We recommend adding this setting. Falling back to ozone.metadata.dirs instead.
2019-09-25 10:21:03,887 [main] INFO  db.DBStoreBuilder (DBStoreBuilder.java:addTable(110)) - using custom profile for table: userTable
2019-09-25 10:21:03,887 [main] INFO  db.DBStoreBuilder (DBStoreBuilder.java:processTables(161)) - Using default column profile:DBProfile.DISK for Table:userTable
2019-09-25 10:21:03,887 [main] INFO  db.DBStoreBuilder (DBStoreBuilder.java:addTable(110)) - using custom profile for table: volumeTable
2019-09-25 10:21:03,887 [main] INFO  db.DBStoreBuilder (DBStoreBuilder.java:processTables(161)) - Using default column profile:DBProfile.DISK for Table:volumeTable
2019-09-25 10:21:03,888 [main] INFO  db.DBStoreBuilder (DBStoreBuilder.java:addTable(110)) - using custom profile for table: bucketTable
2019-09-25 10:21:03,888 [main] INFO  db.DBStoreBuilder (DBStoreBuilder.java:processTables(161)) - Using default column profile:DBProfile.DISK for Table:bucketTable
2019-09-25 10:21:03,888 [main] INFO  db.DBStoreBuilder (DBStoreBuilder.java:addTable(110)) - using custom profile for table: keyTable
2019-09-25 10:21:03,888 [main] INFO  db.DBStoreBuilder (DBStoreBuilder.java:processTables(161)) - Using default column profile:DBProfile.DISK for Table:keyTable
2019-09-25 10:21:03,889 [main] INFO  db.DBStoreBuilder (DBStoreBuilder.java:addTable(110)) - using custom profile for table: deletedTable
2019-09-25 10:21:03,889 [main] INFO  db.DBStoreBuilder (DBStoreBuilder.java:processTables(161)) - Using default column profile:DBProfile.DISK for Table:deletedTable
2019-09-25 10:21:03,889 [main] INFO  db.DBStoreBuilder (DBStoreBuilder.java:addTable(110)) - using custom profile for table: openKeyTable
2019-09-25 10:21:03,889 [main] INFO  db.DBStoreBuilder (DBStoreBuilder.java:processTables(161)) - Using default column profile:DBProfile.DISK for Table:openKeyTable
2019-09-25 10:21:03,890 [main] INFO  db.DBStoreBuilder (DBStoreBuilder.java:addTable(110)) - using custom profile for table: s3Table
2019-09-25 10:21:03,890 [main] INFO  db.DBStoreBuilder (DBStoreBuilder.java:processTables(161)) - Using default column profile:DBProfile.DISK for Table:s3Table
2019-09-25 10:21:03,890 [main] INFO  db.DBStoreBuilder (DBStoreBuilder.java:addTable(110)) - using custom profile for table: multipartInfoTable
2019-09-25 10:21:03,890 [main] INFO  db.DBStoreBuilder (DBStoreBuilder.java:processTables(161)) - Using default column profile:DBProfile.DISK for Table:multipartInfoTable
2019-09-25 10:21:03,890 [main] INFO  db.DBStoreBuilder (DBStoreBuilder.java:addTable(110)) - using custom profile for table: dTokenTable
2019-09-25 10:21:03,891 [main] INFO  db.DBStoreBuilder (DBStoreBuilder.java:processTables(161)) - Using default column profile:DBProfile.DISK for Table:dTokenTable
2019-09-25 10:21:03,891 [main] INFO  db.DBStoreBuilder (DBStoreBuilder.java:addTable(110)) - using custom profile for table: s3SecretTable
2019-09-25 10:21:03,891 [main] INFO  db.DBStoreBuilder (DBStoreBuilder.java:processTables(161)) - Using default column profile:DBProfile.DISK for Table:s3SecretTable
2019-09-25 10:21:03,891 [main] INFO  db.DBStoreBuilder (DBStoreBuilder.java:addTable(110)) - using custom profile for table: prefixTable
2019-09-25 10:21:03,892 [main] INFO  db.DBStoreBuilder (DBStoreBuilder.java:processTables(161)) - Using default column profile:DBProfile.DISK for Table:prefixTable
2019-09-25 10:21:03,892 [main] INFO  db.DBStoreBuilder (DBStoreBuilder.java:addTable(110)) - using custom profile for table: default
2019-09-25 10:21:03,892 [main] INFO  db.DBStoreBuilder (DBStoreBuilder.java:processTables(167)) - Using default column profile:DBProfile.DISK for Table:default
2019-09-25 10:21:03,892 [main] INFO  db.DBStoreBuilder (DBStoreBuilder.java:getDbProfile(198)) - Using default options. DBProfile.DISK
2019-09-25 10:21:04,351 [main] INFO  ipc.CallQueueManager (CallQueueManager.java:<init>(84)) - Using callQueue: class java.util.concurrent.LinkedBlockingQueue, queueCapacity: 2000, scheduler: class org.apache.hadoop.ipc.DefaultRpcScheduler, ipcBackoff: false.
2019-09-25 10:21:04,352 [Socket Reader #1 for port 38052] INFO  ipc.Server (Server.java:run(1074)) - Starting Socket Reader #1 for port 38052
2019-09-25 10:21:04,367 [main] INFO  om.OzoneManager (OzoneManager.java:start(1243)) - OzoneManager RPC server is listening at localhost/127.0.0.1:38052
2019-09-25 10:21:04,367 [main] INFO  impl.MetricsSystemImpl (MetricsSystemImpl.java:init(158)) - OzoneManager metrics system started (again)
2019-09-25 10:21:04,368 [IPC Server Responder] INFO  ipc.Server (Server.java:run(1314)) - IPC Server Responder: starting
2019-09-25 10:21:04,368 [IPC Server listener on 38052] INFO  ipc.Server (Server.java:run(1153)) - IPC Server listener on 38052: starting
2019-09-25 10:21:04,373 [main] INFO  hdfs.DFSUtil (DFSUtil.java:httpServerTemplateForNNAndJN(1641)) - Starting Web-server for ozoneManager at: http://0.0.0.0:0
2019-09-25 10:21:04,374 [main] INFO  server.AuthenticationFilter (AuthenticationFilter.java:constructSecretProvider(240)) - Unable to initialize FileSignerSecretProvider, falling back to use random secrets.
2019-09-25 10:21:04,375 [main] WARN  http.HttpRequestLog (HttpRequestLog.java:getRequestLog(97)) - Jetty request log can only be enabled using Log4j
2019-09-25 10:21:04,376 [main] INFO  http.HttpServer2 (HttpServer2.java:addGlobalFilter(975)) - Added global filter 'safety' (class=org.apache.hadoop.http.HttpServer2$QuotingInputFilter)
2019-09-25 10:21:04,377 [main] INFO  http.HttpServer2 (HttpServer2.java:addFilter(948)) - Added filter static_user_filter (class=org.apache.hadoop.http.lib.StaticUserWebFilter$StaticUserFilter) to context ozoneManager
2019-09-25 10:21:04,377 [main] INFO  http.HttpServer2 (HttpServer2.java:addFilter(958)) - Added filter static_user_filter (class=org.apache.hadoop.http.lib.StaticUserWebFilter$StaticUserFilter) to context logs
2019-09-25 10:21:04,377 [main] INFO  http.HttpServer2 (HttpServer2.java:addFilter(958)) - Added filter static_user_filter (class=org.apache.hadoop.http.lib.StaticUserWebFilter$StaticUserFilter) to context static
2019-09-25 10:21:04,378 [main] INFO  http.HttpServer2 (HttpServer2.java:bindListener(1191)) - Jetty bound to port 43793
2019-09-25 10:21:04,378 [main] INFO  server.Server (Server.java:doStart(351)) - jetty-9.3.25.v20180904, build timestamp: 2018-09-04T21:11:46Z, git hash: 3ce520221d0240229c862b122d2b06c12a625732
2019-09-25 10:21:04,379 [main] INFO  handler.ContextHandler (ContextHandler.java:doStart(781)) - Started o.e.j.s.ServletContextHandler@231b35fb{/logs,file:///workdir/hadoop-ozone/integration-test/target/log,AVAILABLE}
2019-09-25 10:21:04,380 [main] INFO  handler.ContextHandler (ContextHandler.java:doStart(781)) - Started o.e.j.s.ServletContextHandler@3820cfe{/static,file:///workdir/hadoop-ozone/integration-test/target/test-classes/webapps/static,AVAILABLE}
2019-09-25 10:21:04,384 [main] INFO  handler.ContextHandler (ContextHandler.java:doStart(781)) - Started o.e.j.w.WebAppContext@6b4a4e40{/,file:///workdir/hadoop-ozone/integration-test/target/test-classes/webapps/ozoneManager/,AVAILABLE}{/ozoneManager}
2019-09-25 10:21:04,384 [main] INFO  server.AbstractConnector (AbstractConnector.java:doStart(278)) - Started ServerConnector@46a8c2b4{HTTP/1.1,[http/1.1]}{0.0.0.0:43793}
2019-09-25 10:21:04,385 [main] INFO  server.Server (Server.java:doStart(419)) - Started @585049ms
2019-09-25 10:21:04,385 [main] WARN  impl.MetricsSystemImpl (MetricsSystemImpl.java:register(276)) - Sink prometheus already exists!
2019-09-25 10:21:04,386 [main] INFO  server.BaseHttpServer (BaseHttpServer.java:updateConnectorAddress(215)) - HTTP server of OZONEMANAGER is listening at http://0.0.0.0:43793
2019-09-25 10:21:04,399 [main] INFO  impl.MetricsSystemImpl (MetricsSystemImpl.java:init(158)) - HddsDatanode metrics system started (again)
2019-09-25 10:21:04,402 [main] INFO  ozone.HddsDatanodeService (HddsDatanodeService.java:start(184)) - HddsDatanodeService host:pr-hdds-2166-kpqck-3197213426 ip:192.168.30.57
2019-09-25 10:21:04,408 [main] INFO  volume.HddsVolume (HddsVolume.java:<init>(176)) - Creating Volume: /workdir/hadoop-ozone/integration-test/target/test-dir/MiniOzoneClusterImpl-3ef52350-cea6-4cbd-954a-79fe229e9e03/datanode-0/data/containers/hdds of  storage type : DISK and capacity : 1482555576320
2019-09-25 10:21:04,408 [main] INFO  volume.VolumeSet (VolumeSet.java:initializeVolumeSet(170)) - Added Volume : /workdir/hadoop-ozone/integration-test/target/test-dir/MiniOzoneClusterImpl-3ef52350-cea6-4cbd-954a-79fe229e9e03/datanode-0/data/containers/hdds to VolumeSet
2019-09-25 10:21:04,408 [main] INFO  volume.ThrottledAsyncChecker (ThrottledAsyncChecker.java:schedule(139)) - Scheduling a check for org.apache.hadoop.ozone.container.common.volume.HddsVolume@21e5f0b6
2019-09-25 10:21:04,409 [main] INFO  volume.HddsVolumeChecker (HddsVolumeChecker.java:checkAllVolumes(202)) - Scheduled health check for volume org.apache.hadoop.ozone.container.common.volume.HddsVolume@21e5f0b6
2019-09-25 10:21:04,422 [main] INFO  impl.RaftServerProxy (ConfUtils.java:logGet(43)) - raft.rpc.type = GRPC (default)
2019-09-25 10:21:04,422 [main] INFO  grpc.GrpcFactory (GrpcFactory.java:checkPooledByteBufAllocatorUseCacheForAllThreads(45)) - PERFORMANCE WARNING: useCacheForAllThreads is true that may cause Netty to create a lot garbage objects and, as a result, trigger GC.
	It is recommended to disable useCacheForAllThreads by setting -Dorg.apache.ratis.thirdparty.io.netty.allocator.useCacheForAllThreads=false in command line.
2019-09-25 10:21:04,423 [main] INFO  grpc.GrpcConfigKeys$Server (ConfUtils.java:logGet(43)) - raft.grpc.server.port = 0 (default)
2019-09-25 10:21:04,423 [main] INFO  server.GrpcService (ConfUtils.java:logGet(43)) - raft.grpc.message.size.max = 33570816 (custom)
2019-09-25 10:21:04,423 [main] INFO  server.RaftServerConfigKeys (ConfUtils.java:logGet(43)) - raft.server.log.appender.buffer.byte-limit = 33554432 (custom)
2019-09-25 10:21:04,423 [main] INFO  server.GrpcService (ConfUtils.java:logGet(43)) - raft.grpc.flow.control.window = 1MB (=1048576) (default)
2019-09-25 10:21:04,423 [main] INFO  server.RaftServerConfigKeys (ConfUtils.java:logGet(43)) - raft.server.rpc.request.timeout = 3000ms (default)
2019-09-25 10:21:04,424 [main] INFO  server.RaftServerConfigKeys (ConfUtils.java:logGet(43)) - raft.server.storage.dir = [/workdir/hadoop-ozone/integration-test/target/test-dir/MiniOzoneClusterImpl-3ef52350-cea6-4cbd-954a-79fe229e9e03/datanode-0/data/ratis] (custom)
2019-09-25 10:21:04,425 [main] INFO  hdfs.DFSUtil (DFSUtil.java:httpServerTemplateForNNAndJN(1641)) - Starting Web-server for hddsDatanode at: http://0.0.0.0:0
2019-09-25 10:21:04,426 [main] INFO  server.AuthenticationFilter (AuthenticationFilter.java:constructSecretProvider(240)) - Unable to initialize FileSignerSecretProvider, falling back to use random secrets.
2019-09-25 10:21:04,427 [main] WARN  http.HttpRequestLog (HttpRequestLog.java:getRequestLog(97)) - Jetty request log can only be enabled using Log4j
2019-09-25 10:21:04,428 [main] INFO  http.HttpServer2 (HttpServer2.java:addGlobalFilter(975)) - Added global filter 'safety' (class=org.apache.hadoop.http.HttpServer2$QuotingInputFilter)
2019-09-25 10:21:04,428 [main] INFO  http.HttpServer2 (HttpServer2.java:addFilter(948)) - Added filter static_user_filter (class=org.apache.hadoop.http.lib.StaticUserWebFilter$StaticUserFilter) to context hddsDatanode
2019-09-25 10:21:04,428 [main] INFO  http.HttpServer2 (HttpServer2.java:addFilter(958)) - Added filter static_user_filter (class=org.apache.hadoop.http.lib.StaticUserWebFilter$StaticUserFilter) to context logs
2019-09-25 10:21:04,429 [main] INFO  http.HttpServer2 (HttpServer2.java:addFilter(958)) - Added filter static_user_filter (class=org.apache.hadoop.http.lib.StaticUserWebFilter$StaticUserFilter) to context static
2019-09-25 10:21:04,429 [main] INFO  http.HttpServer2 (HttpServer2.java:bindListener(1191)) - Jetty bound to port 37949
2019-09-25 10:21:04,429 [main] INFO  server.Server (Server.java:doStart(351)) - jetty-9.3.25.v20180904, build timestamp: 2018-09-04T21:11:46Z, git hash: 3ce520221d0240229c862b122d2b06c12a625732
2019-09-25 10:21:04,431 [main] INFO  handler.ContextHandler (ContextHandler.java:doStart(781)) - Started o.e.j.s.ServletContextHandler@52f8a6f4{/logs,file:///workdir/hadoop-ozone/integration-test/target/log,AVAILABLE}
2019-09-25 10:21:04,431 [main] INFO  handler.ContextHandler (ContextHandler.java:doStart(781)) - Started o.e.j.s.ServletContextHandler@6486fe7b{/static,jar:file:/home/user/.m2/repository/org/apache/hadoop/hadoop-hdds-container-service/0.5.0-SNAPSHOT/hadoop-hdds-container-service-0.5.0-SNAPSHOT.jar!/webapps/static,AVAILABLE}
2019-09-25 10:21:04,458 [main] INFO  handler.ContextHandler (ContextHandler.java:doStart(781)) - Started o.e.j.w.WebAppContext@7a64cb0c{/,file:///tmp/jetty-0.0.0.0-37949-hddsDatanode-_-any-3213413443182260275.dir/webapp/,AVAILABLE}{/hddsDatanode}
2019-09-25 10:21:04,458 [main] INFO  server.AbstractConnector (AbstractConnector.java:doStart(278)) - Started ServerConnector@785ed99c{HTTP/1.1,[http/1.1]}{0.0.0.0:37949}
2019-09-25 10:21:04,459 [main] INFO  server.Server (Server.java:doStart(419)) - Started @585123ms
2019-09-25 10:21:04,460 [main] WARN  impl.MetricsSystemImpl (MetricsSystemImpl.java:register(276)) - Sink prometheus already exists!
2019-09-25 10:21:04,460 [main] INFO  server.BaseHttpServer (BaseHttpServer.java:updateConnectorAddress(215)) - HTTP server of HDDSDATANODE is listening at http://0.0.0.0:37949
2019-09-25 10:21:04,461 [main] INFO  impl.MetricsSystemImpl (MetricsSystemImpl.java:init(158)) - HddsDatanode metrics system started (again)
2019-09-25 10:21:04,463 [org.apache.hadoop.util.JvmPauseMonitor$Monitor@2ae935b5] INFO  util.JvmPauseMonitor (JvmPauseMonitor.java:run(188)) - Starting JVM pause monitor
2019-09-25 10:21:04,464 [main] INFO  ozone.HddsDatanodeService (HddsDatanodeService.java:start(184)) - HddsDatanodeService host:pr-hdds-2166-kpqck-3197213426 ip:192.168.30.57
2019-09-25 10:21:04,464 [Datanode State Machine Thread - 0] INFO  datanode.InitDatanodeState (InitDatanodeState.java:persistContainerDatanodeDetails(140)) - DatanodeDetails is persisted to /workdir/hadoop-ozone/integration-test/target/test-dir/MiniOzoneClusterImpl-3ef52350-cea6-4cbd-954a-79fe229e9e03/datanode-0/meta/datanode.id
2019-09-25 10:21:04,469 [main] INFO  volume.HddsVolume (HddsVolume.java:<init>(176)) - Creating Volume: /workdir/hadoop-ozone/integration-test/target/test-dir/MiniOzoneClusterImpl-3ef52350-cea6-4cbd-954a-79fe229e9e03/datanode-1/data/containers/hdds of  storage type : DISK and capacity : 1482555576320
2019-09-25 10:21:04,469 [main] INFO  volume.VolumeSet (VolumeSet.java:initializeVolumeSet(170)) - Added Volume : /workdir/hadoop-ozone/integration-test/target/test-dir/MiniOzoneClusterImpl-3ef52350-cea6-4cbd-954a-79fe229e9e03/datanode-1/data/containers/hdds to VolumeSet
2019-09-25 10:21:04,470 [main] INFO  volume.ThrottledAsyncChecker (ThrottledAsyncChecker.java:schedule(139)) - Scheduling a check for org.apache.hadoop.ozone.container.common.volume.HddsVolume@68e2d03e
2019-09-25 10:21:04,470 [main] INFO  volume.HddsVolumeChecker (HddsVolumeChecker.java:checkAllVolumes(202)) - Scheduled health check for volume org.apache.hadoop.ozone.container.common.volume.HddsVolume@68e2d03e
2019-09-25 10:21:04,484 [main] INFO  impl.RaftServerProxy (ConfUtils.java:logGet(43)) - raft.rpc.type = GRPC (default)
2019-09-25 10:21:04,484 [main] INFO  grpc.GrpcFactory (GrpcFactory.java:checkPooledByteBufAllocatorUseCacheForAllThreads(45)) - PERFORMANCE WARNING: useCacheForAllThreads is true that may cause Netty to create a lot garbage objects and, as a result, trigger GC.
	It is recommended to disable useCacheForAllThreads by setting -Dorg.apache.ratis.thirdparty.io.netty.allocator.useCacheForAllThreads=false in command line.
2019-09-25 10:21:04,484 [main] INFO  grpc.GrpcConfigKeys$Server (ConfUtils.java:logGet(43)) - raft.grpc.server.port = 0 (default)
2019-09-25 10:21:04,484 [main] INFO  server.GrpcService (ConfUtils.java:logGet(43)) - raft.grpc.message.size.max = 33570816 (custom)
2019-09-25 10:21:04,485 [main] INFO  server.RaftServerConfigKeys (ConfUtils.java:logGet(43)) - raft.server.log.appender.buffer.byte-limit = 33554432 (custom)
2019-09-25 10:21:04,485 [main] INFO  server.GrpcService (ConfUtils.java:logGet(43)) - raft.grpc.flow.control.window = 1MB (=1048576) (default)
2019-09-25 10:21:04,485 [main] INFO  server.RaftServerConfigKeys (ConfUtils.java:logGet(43)) - raft.server.rpc.request.timeout = 3000ms (default)
2019-09-25 10:21:04,485 [main] INFO  server.RaftServerConfigKeys (ConfUtils.java:logGet(43)) - raft.server.storage.dir = [/workdir/hadoop-ozone/integration-test/target/test-dir/MiniOzoneClusterImpl-3ef52350-cea6-4cbd-954a-79fe229e9e03/datanode-1/data/ratis] (custom)
2019-09-25 10:21:04,487 [main] INFO  hdfs.DFSUtil (DFSUtil.java:httpServerTemplateForNNAndJN(1641)) - Starting Web-server for hddsDatanode at: http://0.0.0.0:0
2019-09-25 10:21:04,488 [main] INFO  server.AuthenticationFilter (AuthenticationFilter.java:constructSecretProvider(240)) - Unable to initialize FileSignerSecretProvider, falling back to use random secrets.
2019-09-25 10:21:04,488 [main] WARN  http.HttpRequestLog (HttpRequestLog.java:getRequestLog(97)) - Jetty request log can only be enabled using Log4j
2019-09-25 10:21:04,489 [main] INFO  http.HttpServer2 (HttpServer2.java:addGlobalFilter(975)) - Added global filter 'safety' (class=org.apache.hadoop.http.HttpServer2$QuotingInputFilter)
2019-09-25 10:21:04,490 [main] INFO  http.HttpServer2 (HttpServer2.java:addFilter(948)) - Added filter static_user_filter (class=org.apache.hadoop.http.lib.StaticUserWebFilter$StaticUserFilter) to context hddsDatanode
2019-09-25 10:21:04,490 [main] INFO  http.HttpServer2 (HttpServer2.java:addFilter(958)) - Added filter static_user_filter (class=org.apache.hadoop.http.lib.StaticUserWebFilter$StaticUserFilter) to context static
2019-09-25 10:21:04,490 [main] INFO  http.HttpServer2 (HttpServer2.java:addFilter(958)) - Added filter static_user_filter (class=org.apache.hadoop.http.lib.StaticUserWebFilter$StaticUserFilter) to context logs
2019-09-25 10:21:04,491 [main] INFO  http.HttpServer2 (HttpServer2.java:bindListener(1191)) - Jetty bound to port 33402
2019-09-25 10:21:04,491 [main] INFO  server.Server (Server.java:doStart(351)) - jetty-9.3.25.v20180904, build timestamp: 2018-09-04T21:11:46Z, git hash: 3ce520221d0240229c862b122d2b06c12a625732
2019-09-25 10:21:04,492 [main] INFO  handler.ContextHandler (ContextHandler.java:doStart(781)) - Started o.e.j.s.ServletContextHandler@77083e41{/logs,file:///workdir/hadoop-ozone/integration-test/target/log,AVAILABLE}
2019-09-25 10:21:04,493 [main] INFO  handler.ContextHandler (ContextHandler.java:doStart(781)) - Started o.e.j.s.ServletContextHandler@2d130ac4{/static,jar:file:/home/user/.m2/repository/org/apache/hadoop/hadoop-hdds-container-service/0.5.0-SNAPSHOT/hadoop-hdds-container-service-0.5.0-SNAPSHOT.jar!/webapps/static,AVAILABLE}
2019-09-25 10:21:04,522 [main] INFO  handler.ContextHandler (ContextHandler.java:doStart(781)) - Started o.e.j.w.WebAppContext@2e952845{/,file:///tmp/jetty-0.0.0.0-33402-hddsDatanode-_-any-9019341988004680688.dir/webapp/,AVAILABLE}{/hddsDatanode}
2019-09-25 10:21:04,523 [main] INFO  server.AbstractConnector (AbstractConnector.java:doStart(278)) - Started ServerConnector@79252c83{HTTP/1.1,[http/1.1]}{0.0.0.0:33402}
2019-09-25 10:21:04,524 [main] INFO  server.Server (Server.java:doStart(419)) - Started @585188ms
2019-09-25 10:21:04,524 [main] WARN  impl.MetricsSystemImpl (MetricsSystemImpl.java:register(276)) - Sink prometheus already exists!
2019-09-25 10:21:04,525 [main] INFO  server.BaseHttpServer (BaseHttpServer.java:updateConnectorAddress(215)) - HTTP server of HDDSDATANODE is listening at http://0.0.0.0:33402
2019-09-25 10:21:04,525 [main] INFO  impl.MetricsSystemImpl (MetricsSystemImpl.java:init(158)) - HddsDatanode metrics system started (again)
2019-09-25 10:21:04,526 [org.apache.hadoop.util.JvmPauseMonitor$Monitor@5c9c1e79] INFO  util.JvmPauseMonitor (JvmPauseMonitor.java:run(188)) - Starting JVM pause monitor
2019-09-25 10:21:04,531 [Datanode State Machine Thread - 0] INFO  datanode.InitDatanodeState (InitDatanodeState.java:persistContainerDatanodeDetails(140)) - DatanodeDetails is persisted to /workdir/hadoop-ozone/integration-test/target/test-dir/MiniOzoneClusterImpl-3ef52350-cea6-4cbd-954a-79fe229e9e03/datanode-1/meta/datanode.id
2019-09-25 10:21:04,531 [main] INFO  ozone.HddsDatanodeService (HddsDatanodeService.java:start(184)) - HddsDatanodeService host:pr-hdds-2166-kpqck-3197213426 ip:192.168.30.57
2019-09-25 10:21:04,536 [main] INFO  volume.HddsVolume (HddsVolume.java:<init>(176)) - Creating Volume: /workdir/hadoop-ozone/integration-test/target/test-dir/MiniOzoneClusterImpl-3ef52350-cea6-4cbd-954a-79fe229e9e03/datanode-2/data/containers/hdds of  storage type : DISK and capacity : 1482555576320
2019-09-25 10:21:04,537 [main] INFO  volume.VolumeSet (VolumeSet.java:initializeVolumeSet(170)) - Added Volume : /workdir/hadoop-ozone/integration-test/target/test-dir/MiniOzoneClusterImpl-3ef52350-cea6-4cbd-954a-79fe229e9e03/datanode-2/data/containers/hdds to VolumeSet
2019-09-25 10:21:04,537 [main] INFO  volume.ThrottledAsyncChecker (ThrottledAsyncChecker.java:schedule(139)) - Scheduling a check for org.apache.hadoop.ozone.container.common.volume.HddsVolume@5fdd97c1
2019-09-25 10:21:04,537 [main] INFO  volume.HddsVolumeChecker (HddsVolumeChecker.java:checkAllVolumes(202)) - Scheduled health check for volume org.apache.hadoop.ozone.container.common.volume.HddsVolume@5fdd97c1
2019-09-25 10:21:04,548 [main] INFO  impl.RaftServerProxy (ConfUtils.java:logGet(43)) - raft.rpc.type = GRPC (default)
2019-09-25 10:21:04,548 [main] INFO  grpc.GrpcFactory (GrpcFactory.java:checkPooledByteBufAllocatorUseCacheForAllThreads(45)) - PERFORMANCE WARNING: useCacheForAllThreads is true that may cause Netty to create a lot garbage objects and, as a result, trigger GC.
	It is recommended to disable useCacheForAllThreads by setting -Dorg.apache.ratis.thirdparty.io.netty.allocator.useCacheForAllThreads=false in command line.
2019-09-25 10:21:04,548 [main] INFO  grpc.GrpcConfigKeys$Server (ConfUtils.java:logGet(43)) - raft.grpc.server.port = 0 (default)
2019-09-25 10:21:04,548 [main] INFO  server.GrpcService (ConfUtils.java:logGet(43)) - raft.grpc.message.size.max = 33570816 (custom)
2019-09-25 10:21:04,548 [main] INFO  server.RaftServerConfigKeys (ConfUtils.java:logGet(43)) - raft.server.log.appender.buffer.byte-limit = 33554432 (custom)
2019-09-25 10:21:04,548 [main] INFO  server.GrpcService (ConfUtils.java:logGet(43)) - raft.grpc.flow.control.window = 1MB (=1048576) (default)
2019-09-25 10:21:04,549 [main] INFO  server.RaftServerConfigKeys (ConfUtils.java:logGet(43)) - raft.server.rpc.request.timeout = 3000ms (default)
2019-09-25 10:21:04,549 [main] INFO  server.RaftServerConfigKeys (ConfUtils.java:logGet(43)) - raft.server.storage.dir = [/workdir/hadoop-ozone/integration-test/target/test-dir/MiniOzoneClusterImpl-3ef52350-cea6-4cbd-954a-79fe229e9e03/datanode-2/data/ratis] (custom)
2019-09-25 10:21:04,550 [main] INFO  hdfs.DFSUtil (DFSUtil.java:httpServerTemplateForNNAndJN(1641)) - Starting Web-server for hddsDatanode at: http://0.0.0.0:0
2019-09-25 10:21:04,551 [main] INFO  server.AuthenticationFilter (AuthenticationFilter.java:constructSecretProvider(240)) - Unable to initialize FileSignerSecretProvider, falling back to use random secrets.
2019-09-25 10:21:04,551 [main] WARN  http.HttpRequestLog (HttpRequestLog.java:getRequestLog(97)) - Jetty request log can only be enabled using Log4j
2019-09-25 10:21:04,552 [main] INFO  http.HttpServer2 (HttpServer2.java:addGlobalFilter(975)) - Added global filter 'safety' (class=org.apache.hadoop.http.HttpServer2$QuotingInputFilter)
2019-09-25 10:21:04,553 [main] INFO  http.HttpServer2 (HttpServer2.java:addFilter(948)) - Added filter static_user_filter (class=org.apache.hadoop.http.lib.StaticUserWebFilter$StaticUserFilter) to context hddsDatanode
2019-09-25 10:21:04,553 [main] INFO  http.HttpServer2 (HttpServer2.java:addFilter(958)) - Added filter static_user_filter (class=org.apache.hadoop.http.lib.StaticUserWebFilter$StaticUserFilter) to context logs
2019-09-25 10:21:04,553 [main] INFO  http.HttpServer2 (HttpServer2.java:addFilter(958)) - Added filter static_user_filter (class=org.apache.hadoop.http.lib.StaticUserWebFilter$StaticUserFilter) to context static
2019-09-25 10:21:04,553 [main] INFO  http.HttpServer2 (HttpServer2.java:bindListener(1191)) - Jetty bound to port 42273
2019-09-25 10:21:04,553 [main] INFO  server.Server (Server.java:doStart(351)) - jetty-9.3.25.v20180904, build timestamp: 2018-09-04T21:11:46Z, git hash: 3ce520221d0240229c862b122d2b06c12a625732
2019-09-25 10:21:04,555 [main] INFO  handler.ContextHandler (ContextHandler.java:doStart(781)) - Started o.e.j.s.ServletContextHandler@325162e9{/logs,file:///workdir/hadoop-ozone/integration-test/target/log,AVAILABLE}
2019-09-25 10:21:04,555 [main] INFO  handler.ContextHandler (ContextHandler.java:doStart(781)) - Started o.e.j.s.ServletContextHandler@5c448ef{/static,jar:file:/home/user/.m2/repository/org/apache/hadoop/hadoop-hdds-container-service/0.5.0-SNAPSHOT/hadoop-hdds-container-service-0.5.0-SNAPSHOT.jar!/webapps/static,AVAILABLE}
2019-09-25 10:21:04,580 [main] INFO  handler.ContextHandler (ContextHandler.java:doStart(781)) - Started o.e.j.w.WebAppContext@42a0786f{/,file:///tmp/jetty-0.0.0.0-42273-hddsDatanode-_-any-3408752362180810767.dir/webapp/,AVAILABLE}{/hddsDatanode}
2019-09-25 10:21:04,580 [main] INFO  server.AbstractConnector (AbstractConnector.java:doStart(278)) - Started ServerConnector@477523ba{HTTP/1.1,[http/1.1]}{0.0.0.0:42273}
2019-09-25 10:21:04,581 [main] INFO  server.Server (Server.java:doStart(419)) - Started @585245ms
2019-09-25 10:21:04,582 [main] WARN  impl.MetricsSystemImpl (MetricsSystemImpl.java:register(276)) - Sink prometheus already exists!
2019-09-25 10:21:04,582 [main] INFO  server.BaseHttpServer (BaseHttpServer.java:updateConnectorAddress(215)) - HTTP server of HDDSDATANODE is listening at http://0.0.0.0:42273
2019-09-25 10:21:04,582 [main] INFO  impl.MetricsSystemImpl (MetricsSystemImpl.java:init(158)) - HddsDatanode metrics system started (again)
2019-09-25 10:21:04,586 [org.apache.hadoop.util.JvmPauseMonitor$Monitor@2062ff27] INFO  util.JvmPauseMonitor (JvmPauseMonitor.java:run(188)) - Starting JVM pause monitor
2019-09-25 10:21:04,586 [main] INFO  ozone.HddsDatanodeService (HddsDatanodeService.java:start(184)) - HddsDatanodeService host:pr-hdds-2166-kpqck-3197213426 ip:192.168.30.57
2019-09-25 10:21:04,587 [Datanode State Machine Thread - 0] INFO  datanode.InitDatanodeState (InitDatanodeState.java:persistContainerDatanodeDetails(140)) - DatanodeDetails is persisted to /workdir/hadoop-ozone/integration-test/target/test-dir/MiniOzoneClusterImpl-3ef52350-cea6-4cbd-954a-79fe229e9e03/datanode-2/meta/datanode.id
2019-09-25 10:21:04,591 [main] INFO  volume.HddsVolume (HddsVolume.java:<init>(176)) - Creating Volume: /workdir/hadoop-ozone/integration-test/target/test-dir/MiniOzoneClusterImpl-3ef52350-cea6-4cbd-954a-79fe229e9e03/datanode-3/data/containers/hdds of  storage type : DISK and capacity : 1482555576320
2019-09-25 10:21:04,592 [main] INFO  volume.VolumeSet (VolumeSet.java:initializeVolumeSet(170)) - Added Volume : /workdir/hadoop-ozone/integration-test/target/test-dir/MiniOzoneClusterImpl-3ef52350-cea6-4cbd-954a-79fe229e9e03/datanode-3/data/containers/hdds to VolumeSet
2019-09-25 10:21:04,592 [main] INFO  volume.ThrottledAsyncChecker (ThrottledAsyncChecker.java:schedule(139)) - Scheduling a check for org.apache.hadoop.ozone.container.common.volume.HddsVolume@78d92eef
2019-09-25 10:21:04,592 [main] INFO  volume.HddsVolumeChecker (HddsVolumeChecker.java:checkAllVolumes(202)) - Scheduled health check for volume org.apache.hadoop.ozone.container.common.volume.HddsVolume@78d92eef
2019-09-25 10:21:04,603 [main] INFO  impl.RaftServerProxy (ConfUtils.java:logGet(43)) - raft.rpc.type = GRPC (default)
2019-09-25 10:21:04,603 [main] INFO  grpc.GrpcFactory (GrpcFactory.java:checkPooledByteBufAllocatorUseCacheForAllThreads(45)) - PERFORMANCE WARNING: useCacheForAllThreads is true that may cause Netty to create a lot garbage objects and, as a result, trigger GC.
	It is recommended to disable useCacheForAllThreads by setting -Dorg.apache.ratis.thirdparty.io.netty.allocator.useCacheForAllThreads=false in command line.
2019-09-25 10:21:04,603 [main] INFO  grpc.GrpcConfigKeys$Server (ConfUtils.java:logGet(43)) - raft.grpc.server.port = 0 (default)
2019-09-25 10:21:04,603 [main] INFO  server.GrpcService (ConfUtils.java:logGet(43)) - raft.grpc.message.size.max = 33570816 (custom)
2019-09-25 10:21:04,603 [main] INFO  server.RaftServerConfigKeys (ConfUtils.java:logGet(43)) - raft.server.log.appender.buffer.byte-limit = 33554432 (custom)
2019-09-25 10:21:04,603 [main] INFO  server.GrpcService (ConfUtils.java:logGet(43)) - raft.grpc.flow.control.window = 1MB (=1048576) (default)
2019-09-25 10:21:04,603 [main] INFO  server.RaftServerConfigKeys (ConfUtils.java:logGet(43)) - raft.server.rpc.request.timeout = 3000ms (default)
2019-09-25 10:21:04,604 [main] INFO  server.RaftServerConfigKeys (ConfUtils.java:logGet(43)) - raft.server.storage.dir = [/workdir/hadoop-ozone/integration-test/target/test-dir/MiniOzoneClusterImpl-3ef52350-cea6-4cbd-954a-79fe229e9e03/datanode-3/data/ratis] (custom)
2019-09-25 10:21:04,605 [main] INFO  hdfs.DFSUtil (DFSUtil.java:httpServerTemplateForNNAndJN(1641)) - Starting Web-server for hddsDatanode at: http://0.0.0.0:0
2019-09-25 10:21:04,606 [main] INFO  server.AuthenticationFilter (AuthenticationFilter.java:constructSecretProvider(240)) - Unable to initialize FileSignerSecretProvider, falling back to use random secrets.
2019-09-25 10:21:04,606 [main] WARN  http.HttpRequestLog (HttpRequestLog.java:getRequestLog(97)) - Jetty request log can only be enabled using Log4j
2019-09-25 10:21:04,607 [main] INFO  http.HttpServer2 (HttpServer2.java:addGlobalFilter(975)) - Added global filter 'safety' (class=org.apache.hadoop.http.HttpServer2$QuotingInputFilter)
2019-09-25 10:21:04,607 [main] INFO  http.HttpServer2 (HttpServer2.java:addFilter(948)) - Added filter static_user_filter (class=org.apache.hadoop.http.lib.StaticUserWebFilter$StaticUserFilter) to context hddsDatanode
2019-09-25 10:21:04,608 [main] INFO  http.HttpServer2 (HttpServer2.java:addFilter(958)) - Added filter static_user_filter (class=org.apache.hadoop.http.lib.StaticUserWebFilter$StaticUserFilter) to context static
2019-09-25 10:21:04,608 [main] INFO  http.HttpServer2 (HttpServer2.java:addFilter(958)) - Added filter static_user_filter (class=org.apache.hadoop.http.lib.StaticUserWebFilter$StaticUserFilter) to context logs
2019-09-25 10:21:04,608 [main] INFO  http.HttpServer2 (HttpServer2.java:bindListener(1191)) - Jetty bound to port 41491
2019-09-25 10:21:04,608 [main] INFO  server.Server (Server.java:doStart(351)) - jetty-9.3.25.v20180904, build timestamp: 2018-09-04T21:11:46Z, git hash: 3ce520221d0240229c862b122d2b06c12a625732
2019-09-25 10:21:04,610 [main] INFO  handler.ContextHandler (ContextHandler.java:doStart(781)) - Started o.e.j.s.ServletContextHandler@61da0413{/logs,file:///workdir/hadoop-ozone/integration-test/target/log,AVAILABLE}
2019-09-25 10:21:04,610 [main] INFO  handler.ContextHandler (ContextHandler.java:doStart(781)) - Started o.e.j.s.ServletContextHandler@4d4c1ba9{/static,jar:file:/home/user/.m2/repository/org/apache/hadoop/hadoop-hdds-container-service/0.5.0-SNAPSHOT/hadoop-hdds-container-service-0.5.0-SNAPSHOT.jar!/webapps/static,AVAILABLE}
2019-09-25 10:21:04,633 [main] INFO  handler.ContextHandler (ContextHandler.java:doStart(781)) - Started o.e.j.w.WebAppContext@6562cc23{/,file:///tmp/jetty-0.0.0.0-41491-hddsDatanode-_-any-6107487604518746543.dir/webapp/,AVAILABLE}{/hddsDatanode}
2019-09-25 10:21:04,634 [main] INFO  server.AbstractConnector (AbstractConnector.java:doStart(278)) - Started ServerConnector@2ce524d2{HTTP/1.1,[http/1.1]}{0.0.0.0:41491}
2019-09-25 10:21:04,634 [main] INFO  server.Server (Server.java:doStart(419)) - Started @585297ms
2019-09-25 10:21:04,635 [main] WARN  impl.MetricsSystemImpl (MetricsSystemImpl.java:register(276)) - Sink prometheus already exists!
2019-09-25 10:21:04,636 [main] INFO  server.BaseHttpServer (BaseHttpServer.java:updateConnectorAddress(215)) - HTTP server of HDDSDATANODE is listening at http://0.0.0.0:41491
2019-09-25 10:21:04,637 [main] INFO  impl.MetricsSystemImpl (MetricsSystemImpl.java:init(158)) - HddsDatanode metrics system started (again)
2019-09-25 10:21:04,641 [org.apache.hadoop.util.JvmPauseMonitor$Monitor@32ee3f3b] INFO  util.JvmPauseMonitor (JvmPauseMonitor.java:run(188)) - Starting JVM pause monitor
2019-09-25 10:21:04,642 [main] INFO  ozone.HddsDatanodeService (HddsDatanodeService.java:start(184)) - HddsDatanodeService host:pr-hdds-2166-kpqck-3197213426 ip:192.168.30.57
2019-09-25 10:21:04,643 [Datanode State Machine Thread - 0] INFO  datanode.InitDatanodeState (InitDatanodeState.java:persistContainerDatanodeDetails(140)) - DatanodeDetails is persisted to /workdir/hadoop-ozone/integration-test/target/test-dir/MiniOzoneClusterImpl-3ef52350-cea6-4cbd-954a-79fe229e9e03/datanode-3/meta/datanode.id
2019-09-25 10:21:04,648 [main] INFO  volume.HddsVolume (HddsVolume.java:<init>(176)) - Creating Volume: /workdir/hadoop-ozone/integration-test/target/test-dir/MiniOzoneClusterImpl-3ef52350-cea6-4cbd-954a-79fe229e9e03/datanode-4/data/containers/hdds of  storage type : DISK and capacity : 1482555576320
2019-09-25 10:21:04,648 [main] INFO  volume.VolumeSet (VolumeSet.java:initializeVolumeSet(170)) - Added Volume : /workdir/hadoop-ozone/integration-test/target/test-dir/MiniOzoneClusterImpl-3ef52350-cea6-4cbd-954a-79fe229e9e03/datanode-4/data/containers/hdds to VolumeSet
2019-09-25 10:21:04,649 [main] INFO  volume.ThrottledAsyncChecker (ThrottledAsyncChecker.java:schedule(139)) - Scheduling a check for org.apache.hadoop.ozone.container.common.volume.HddsVolume@6b42e36d
2019-09-25 10:21:04,649 [main] INFO  volume.HddsVolumeChecker (HddsVolumeChecker.java:checkAllVolumes(202)) - Scheduled health check for volume org.apache.hadoop.ozone.container.common.volume.HddsVolume@6b42e36d
2019-09-25 10:21:04,666 [main] INFO  impl.RaftServerProxy (ConfUtils.java:logGet(43)) - raft.rpc.type = GRPC (default)
2019-09-25 10:21:04,667 [main] INFO  grpc.GrpcFactory (GrpcFactory.java:checkPooledByteBufAllocatorUseCacheForAllThreads(45)) - PERFORMANCE WARNING: useCacheForAllThreads is true that may cause Netty to create a lot garbage objects and, as a result, trigger GC.
	It is recommended to disable useCacheForAllThreads by setting -Dorg.apache.ratis.thirdparty.io.netty.allocator.useCacheForAllThreads=false in command line.
2019-09-25 10:21:04,667 [main] INFO  grpc.GrpcConfigKeys$Server (ConfUtils.java:logGet(43)) - raft.grpc.server.port = 0 (default)
2019-09-25 10:21:04,667 [main] INFO  server.GrpcService (ConfUtils.java:logGet(43)) - raft.grpc.message.size.max = 33570816 (custom)
2019-09-25 10:21:04,667 [main] INFO  server.RaftServerConfigKeys (ConfUtils.java:logGet(43)) - raft.server.log.appender.buffer.byte-limit = 33554432 (custom)
2019-09-25 10:21:04,668 [main] INFO  server.GrpcService (ConfUtils.java:logGet(43)) - raft.grpc.flow.control.window = 1MB (=1048576) (default)
2019-09-25 10:21:04,668 [main] INFO  server.RaftServerConfigKeys (ConfUtils.java:logGet(43)) - raft.server.rpc.request.timeout = 3000ms (default)
2019-09-25 10:21:04,668 [main] INFO  server.RaftServerConfigKeys (ConfUtils.java:logGet(43)) - raft.server.storage.dir = [/workdir/hadoop-ozone/integration-test/target/test-dir/MiniOzoneClusterImpl-3ef52350-cea6-4cbd-954a-79fe229e9e03/datanode-4/data/ratis] (custom)
2019-09-25 10:21:04,669 [main] INFO  hdfs.DFSUtil (DFSUtil.java:httpServerTemplateForNNAndJN(1641)) - Starting Web-server for hddsDatanode at: http://0.0.0.0:0
2019-09-25 10:21:04,671 [main] INFO  server.AuthenticationFilter (AuthenticationFilter.java:constructSecretProvider(240)) - Unable to initialize FileSignerSecretProvider, falling back to use random secrets.
2019-09-25 10:21:04,672 [main] WARN  http.HttpRequestLog (HttpRequestLog.java:getRequestLog(97)) - Jetty request log can only be enabled using Log4j
2019-09-25 10:21:04,673 [main] INFO  http.HttpServer2 (HttpServer2.java:addGlobalFilter(975)) - Added global filter 'safety' (class=org.apache.hadoop.http.HttpServer2$QuotingInputFilter)
2019-09-25 10:21:04,674 [main] INFO  http.HttpServer2 (HttpServer2.java:addFilter(948)) - Added filter static_user_filter (class=org.apache.hadoop.http.lib.StaticUserWebFilter$StaticUserFilter) to context hddsDatanode
2019-09-25 10:21:04,674 [main] INFO  http.HttpServer2 (HttpServer2.java:addFilter(958)) - Added filter static_user_filter (class=org.apache.hadoop.http.lib.StaticUserWebFilter$StaticUserFilter) to context logs
2019-09-25 10:21:04,675 [main] INFO  http.HttpServer2 (HttpServer2.java:addFilter(958)) - Added filter static_user_filter (class=org.apache.hadoop.http.lib.StaticUserWebFilter$StaticUserFilter) to context static
2019-09-25 10:21:04,675 [main] INFO  http.HttpServer2 (HttpServer2.java:bindListener(1191)) - Jetty bound to port 37667
2019-09-25 10:21:04,676 [main] INFO  server.Server (Server.java:doStart(351)) - jetty-9.3.25.v20180904, build timestamp: 2018-09-04T21:11:46Z, git hash: 3ce520221d0240229c862b122d2b06c12a625732
2019-09-25 10:21:04,678 [main] INFO  handler.ContextHandler (ContextHandler.java:doStart(781)) - Started o.e.j.s.ServletContextHandler@67c6f4d8{/logs,file:///workdir/hadoop-ozone/integration-test/target/log,AVAILABLE}
2019-09-25 10:21:04,678 [main] INFO  handler.ContextHandler (ContextHandler.java:doStart(781)) - Started o.e.j.s.ServletContextHandler@4863c8ac{/static,jar:file:/home/user/.m2/repository/org/apache/hadoop/hadoop-hdds-container-service/0.5.0-SNAPSHOT/hadoop-hdds-container-service-0.5.0-SNAPSHOT.jar!/webapps/static,AVAILABLE}
2019-09-25 10:21:04,717 [main] INFO  handler.ContextHandler (ContextHandler.java:doStart(781)) - Started o.e.j.w.WebAppContext@30508066{/,file:///tmp/jetty-0.0.0.0-37667-hddsDatanode-_-any-1365607286890015381.dir/webapp/,AVAILABLE}{/hddsDatanode}
2019-09-25 10:21:04,717 [main] INFO  server.AbstractConnector (AbstractConnector.java:doStart(278)) - Started ServerConnector@9408857{HTTP/1.1,[http/1.1]}{0.0.0.0:37667}
2019-09-25 10:21:04,718 [main] INFO  server.Server (Server.java:doStart(419)) - Started @585381ms
2019-09-25 10:21:04,718 [main] WARN  impl.MetricsSystemImpl (MetricsSystemImpl.java:register(276)) - Sink prometheus already exists!
2019-09-25 10:21:04,719 [main] INFO  server.BaseHttpServer (BaseHttpServer.java:updateConnectorAddress(215)) - HTTP server of HDDSDATANODE is listening at http://0.0.0.0:37667
2019-09-25 10:21:04,720 [main] INFO  impl.MetricsSystemImpl (MetricsSystemImpl.java:init(158)) - HddsDatanode metrics system started (again)
2019-09-25 10:21:04,726 [org.apache.hadoop.util.JvmPauseMonitor$Monitor@68e21a0] INFO  util.JvmPauseMonitor (JvmPauseMonitor.java:run(188)) - Starting JVM pause monitor
2019-09-25 10:21:04,727 [Datanode State Machine Thread - 0] INFO  datanode.InitDatanodeState (InitDatanodeState.java:persistContainerDatanodeDetails(140)) - DatanodeDetails is persisted to /workdir/hadoop-ozone/integration-test/target/test-dir/MiniOzoneClusterImpl-3ef52350-cea6-4cbd-954a-79fe229e9e03/datanode-4/meta/datanode.id
2019-09-25 10:21:04,727 [main] INFO  ozone.HddsDatanodeService (HddsDatanodeService.java:start(184)) - HddsDatanodeService host:pr-hdds-2166-kpqck-3197213426 ip:192.168.30.57
2019-09-25 10:21:04,734 [main] INFO  volume.HddsVolume (HddsVolume.java:<init>(176)) - Creating Volume: /workdir/hadoop-ozone/integration-test/target/test-dir/MiniOzoneClusterImpl-3ef52350-cea6-4cbd-954a-79fe229e9e03/datanode-5/data/containers/hdds of  storage type : DISK and capacity : 1482555576320
2019-09-25 10:21:04,734 [main] INFO  volume.VolumeSet (VolumeSet.java:initializeVolumeSet(170)) - Added Volume : /workdir/hadoop-ozone/integration-test/target/test-dir/MiniOzoneClusterImpl-3ef52350-cea6-4cbd-954a-79fe229e9e03/datanode-5/data/containers/hdds to VolumeSet
2019-09-25 10:21:04,735 [main] INFO  volume.ThrottledAsyncChecker (ThrottledAsyncChecker.java:schedule(139)) - Scheduling a check for org.apache.hadoop.ozone.container.common.volume.HddsVolume@4409cae6
2019-09-25 10:21:04,735 [main] INFO  volume.HddsVolumeChecker (HddsVolumeChecker.java:checkAllVolumes(202)) - Scheduled health check for volume org.apache.hadoop.ozone.container.common.volume.HddsVolume@4409cae6
2019-09-25 10:21:04,753 [main] INFO  impl.RaftServerProxy (ConfUtils.java:logGet(43)) - raft.rpc.type = GRPC (default)
2019-09-25 10:21:04,753 [main] INFO  grpc.GrpcFactory (GrpcFactory.java:checkPooledByteBufAllocatorUseCacheForAllThreads(45)) - PERFORMANCE WARNING: useCacheForAllThreads is true that may cause Netty to create a lot garbage objects and, as a result, trigger GC.
	It is recommended to disable useCacheForAllThreads by setting -Dorg.apache.ratis.thirdparty.io.netty.allocator.useCacheForAllThreads=false in command line.
2019-09-25 10:21:04,754 [main] INFO  grpc.GrpcConfigKeys$Server (ConfUtils.java:logGet(43)) - raft.grpc.server.port = 0 (default)
2019-09-25 10:21:04,754 [main] INFO  server.GrpcService (ConfUtils.java:logGet(43)) - raft.grpc.message.size.max = 33570816 (custom)
2019-09-25 10:21:04,754 [main] INFO  server.RaftServerConfigKeys (ConfUtils.java:logGet(43)) - raft.server.log.appender.buffer.byte-limit = 33554432 (custom)
2019-09-25 10:21:04,754 [main] INFO  server.GrpcService (ConfUtils.java:logGet(43)) - raft.grpc.flow.control.window = 1MB (=1048576) (default)
2019-09-25 10:21:04,755 [main] INFO  server.RaftServerConfigKeys (ConfUtils.java:logGet(43)) - raft.server.rpc.request.timeout = 3000ms (default)
2019-09-25 10:21:04,755 [main] INFO  server.RaftServerConfigKeys (ConfUtils.java:logGet(43)) - raft.server.storage.dir = [/workdir/hadoop-ozone/integration-test/target/test-dir/MiniOzoneClusterImpl-3ef52350-cea6-4cbd-954a-79fe229e9e03/datanode-5/data/ratis] (custom)
2019-09-25 10:21:04,756 [main] INFO  hdfs.DFSUtil (DFSUtil.java:httpServerTemplateForNNAndJN(1641)) - Starting Web-server for hddsDatanode at: http://0.0.0.0:0
2019-09-25 10:21:04,758 [main] INFO  server.AuthenticationFilter (AuthenticationFilter.java:constructSecretProvider(240)) - Unable to initialize FileSignerSecretProvider, falling back to use random secrets.
2019-09-25 10:21:04,758 [main] WARN  http.HttpRequestLog (HttpRequestLog.java:getRequestLog(97)) - Jetty request log can only be enabled using Log4j
2019-09-25 10:21:04,760 [main] INFO  http.HttpServer2 (HttpServer2.java:addGlobalFilter(975)) - Added global filter 'safety' (class=org.apache.hadoop.http.HttpServer2$QuotingInputFilter)
2019-09-25 10:21:04,761 [main] INFO  http.HttpServer2 (HttpServer2.java:addFilter(948)) - Added filter static_user_filter (class=org.apache.hadoop.http.lib.StaticUserWebFilter$StaticUserFilter) to context hddsDatanode
2019-09-25 10:21:04,761 [main] INFO  http.HttpServer2 (HttpServer2.java:addFilter(958)) - Added filter static_user_filter (class=org.apache.hadoop.http.lib.StaticUserWebFilter$StaticUserFilter) to context logs
2019-09-25 10:21:04,761 [main] INFO  http.HttpServer2 (HttpServer2.java:addFilter(958)) - Added filter static_user_filter (class=org.apache.hadoop.http.lib.StaticUserWebFilter$StaticUserFilter) to context static
2019-09-25 10:21:04,762 [main] INFO  http.HttpServer2 (HttpServer2.java:bindListener(1191)) - Jetty bound to port 32919
2019-09-25 10:21:04,762 [main] INFO  server.Server (Server.java:doStart(351)) - jetty-9.3.25.v20180904, build timestamp: 2018-09-04T21:11:46Z, git hash: 3ce520221d0240229c862b122d2b06c12a625732
2019-09-25 10:21:04,764 [main] INFO  handler.ContextHandler (ContextHandler.java:doStart(781)) - Started o.e.j.s.ServletContextHandler@1b7554d4{/logs,file:///workdir/hadoop-ozone/integration-test/target/log,AVAILABLE}
2019-09-25 10:21:04,764 [main] INFO  handler.ContextHandler (ContextHandler.java:doStart(781)) - Started o.e.j.s.ServletContextHandler@1ea930eb{/static,jar:file:/home/user/.m2/repository/org/apache/hadoop/hadoop-hdds-container-service/0.5.0-SNAPSHOT/hadoop-hdds-container-service-0.5.0-SNAPSHOT.jar!/webapps/static,AVAILABLE}
2019-09-25 10:21:04,800 [main] INFO  handler.ContextHandler (ContextHandler.java:doStart(781)) - Started o.e.j.w.WebAppContext@774d8276{/,file:///tmp/jetty-0.0.0.0-32919-hddsDatanode-_-any-8702811398692049747.dir/webapp/,AVAILABLE}{/hddsDatanode}
2019-09-25 10:21:04,800 [main] INFO  server.AbstractConnector (AbstractConnector.java:doStart(278)) - Started ServerConnector@6ce26986{HTTP/1.1,[http/1.1]}{0.0.0.0:32919}
2019-09-25 10:21:04,801 [main] INFO  server.Server (Server.java:doStart(419)) - Started @585464ms
2019-09-25 10:21:04,803 [main] WARN  impl.MetricsSystemImpl (MetricsSystemImpl.java:register(276)) - Sink prometheus already exists!
2019-09-25 10:21:04,803 [main] INFO  server.BaseHttpServer (BaseHttpServer.java:updateConnectorAddress(215)) - HTTP server of HDDSDATANODE is listening at http://0.0.0.0:32919
2019-09-25 10:21:04,803 [main] INFO  impl.MetricsSystemImpl (MetricsSystemImpl.java:init(158)) - HddsDatanode metrics system started (again)
2019-09-25 10:21:04,808 [org.apache.hadoop.util.JvmPauseMonitor$Monitor@5b8d6b02] INFO  util.JvmPauseMonitor (JvmPauseMonitor.java:run(188)) - Starting JVM pause monitor
2019-09-25 10:21:04,809 [main] INFO  ozone.HddsDatanodeService (HddsDatanodeService.java:start(184)) - HddsDatanodeService host:pr-hdds-2166-kpqck-3197213426 ip:192.168.30.57
2019-09-25 10:21:04,810 [Datanode State Machine Thread - 0] INFO  datanode.InitDatanodeState (InitDatanodeState.java:persistContainerDatanodeDetails(140)) - DatanodeDetails is persisted to /workdir/hadoop-ozone/integration-test/target/test-dir/MiniOzoneClusterImpl-3ef52350-cea6-4cbd-954a-79fe229e9e03/datanode-5/meta/datanode.id
2019-09-25 10:21:04,815 [main] INFO  volume.HddsVolume (HddsVolume.java:<init>(176)) - Creating Volume: /workdir/hadoop-ozone/integration-test/target/test-dir/MiniOzoneClusterImpl-3ef52350-cea6-4cbd-954a-79fe229e9e03/datanode-6/data/containers/hdds of  storage type : DISK and capacity : 1482555576320
2019-09-25 10:21:04,816 [main] INFO  volume.VolumeSet (VolumeSet.java:initializeVolumeSet(170)) - Added Volume : /workdir/hadoop-ozone/integration-test/target/test-dir/MiniOzoneClusterImpl-3ef52350-cea6-4cbd-954a-79fe229e9e03/datanode-6/data/containers/hdds to VolumeSet
2019-09-25 10:21:04,816 [main] INFO  volume.ThrottledAsyncChecker (ThrottledAsyncChecker.java:schedule(139)) - Scheduling a check for org.apache.hadoop.ozone.container.common.volume.HddsVolume@7f0d8eff
2019-09-25 10:21:04,816 [main] INFO  volume.HddsVolumeChecker (HddsVolumeChecker.java:checkAllVolumes(202)) - Scheduled health check for volume org.apache.hadoop.ozone.container.common.volume.HddsVolume@7f0d8eff
2019-09-25 10:21:04,829 [main] INFO  impl.RaftServerProxy (ConfUtils.java:logGet(43)) - raft.rpc.type = GRPC (default)
2019-09-25 10:21:04,829 [main] INFO  grpc.GrpcFactory (GrpcFactory.java:checkPooledByteBufAllocatorUseCacheForAllThreads(45)) - PERFORMANCE WARNING: useCacheForAllThreads is true that may cause Netty to create a lot garbage objects and, as a result, trigger GC.
	It is recommended to disable useCacheForAllThreads by setting -Dorg.apache.ratis.thirdparty.io.netty.allocator.useCacheForAllThreads=false in command line.
2019-09-25 10:21:04,830 [main] INFO  grpc.GrpcConfigKeys$Server (ConfUtils.java:logGet(43)) - raft.grpc.server.port = 0 (default)
2019-09-25 10:21:04,830 [main] INFO  server.GrpcService (ConfUtils.java:logGet(43)) - raft.grpc.message.size.max = 33570816 (custom)
2019-09-25 10:21:04,830 [main] INFO  server.RaftServerConfigKeys (ConfUtils.java:logGet(43)) - raft.server.log.appender.buffer.byte-limit = 33554432 (custom)
2019-09-25 10:21:04,830 [main] INFO  server.GrpcService (ConfUtils.java:logGet(43)) - raft.grpc.flow.control.window = 1MB (=1048576) (default)
2019-09-25 10:21:04,830 [main] INFO  server.RaftServerConfigKeys (ConfUtils.java:logGet(43)) - raft.server.rpc.request.timeout = 3000ms (default)
2019-09-25 10:21:04,831 [main] INFO  server.RaftServerConfigKeys (ConfUtils.java:logGet(43)) - raft.server.storage.dir = [/workdir/hadoop-ozone/integration-test/target/test-dir/MiniOzoneClusterImpl-3ef52350-cea6-4cbd-954a-79fe229e9e03/datanode-6/data/ratis] (custom)
2019-09-25 10:21:04,832 [main] INFO  hdfs.DFSUtil (DFSUtil.java:httpServerTemplateForNNAndJN(1641)) - Starting Web-server for hddsDatanode at: http://0.0.0.0:0
2019-09-25 10:21:04,833 [main] INFO  server.AuthenticationFilter (AuthenticationFilter.java:constructSecretProvider(240)) - Unable to initialize FileSignerSecretProvider, falling back to use random secrets.
2019-09-25 10:21:04,833 [main] WARN  http.HttpRequestLog (HttpRequestLog.java:getRequestLog(97)) - Jetty request log can only be enabled using Log4j
2019-09-25 10:21:04,834 [main] INFO  http.HttpServer2 (HttpServer2.java:addGlobalFilter(975)) - Added global filter 'safety' (class=org.apache.hadoop.http.HttpServer2$QuotingInputFilter)
2019-09-25 10:21:04,835 [main] INFO  http.HttpServer2 (HttpServer2.java:addFilter(948)) - Added filter static_user_filter (class=org.apache.hadoop.http.lib.StaticUserWebFilter$StaticUserFilter) to context hddsDatanode
2019-09-25 10:21:04,835 [main] INFO  http.HttpServer2 (HttpServer2.java:addFilter(958)) - Added filter static_user_filter (class=org.apache.hadoop.http.lib.StaticUserWebFilter$StaticUserFilter) to context static
2019-09-25 10:21:04,835 [main] INFO  http.HttpServer2 (HttpServer2.java:addFilter(958)) - Added filter static_user_filter (class=org.apache.hadoop.http.lib.StaticUserWebFilter$StaticUserFilter) to context logs
2019-09-25 10:21:04,836 [main] INFO  http.HttpServer2 (HttpServer2.java:bindListener(1191)) - Jetty bound to port 39689
2019-09-25 10:21:04,836 [main] INFO  server.Server (Server.java:doStart(351)) - jetty-9.3.25.v20180904, build timestamp: 2018-09-04T21:11:46Z, git hash: 3ce520221d0240229c862b122d2b06c12a625732
2019-09-25 10:21:04,837 [main] INFO  handler.ContextHandler (ContextHandler.java:doStart(781)) - Started o.e.j.s.ServletContextHandler@7ec3a8bd{/logs,file:///workdir/hadoop-ozone/integration-test/target/log,AVAILABLE}
2019-09-25 10:21:04,838 [main] INFO  handler.ContextHandler (ContextHandler.java:doStart(781)) - Started o.e.j.s.ServletContextHandler@42cf6349{/static,jar:file:/home/user/.m2/repository/org/apache/hadoop/hadoop-hdds-container-service/0.5.0-SNAPSHOT/hadoop-hdds-container-service-0.5.0-SNAPSHOT.jar!/webapps/static,AVAILABLE}
2019-09-25 10:21:04,864 [main] INFO  handler.ContextHandler (ContextHandler.java:doStart(781)) - Started o.e.j.w.WebAppContext@55d8c2c4{/,file:///tmp/jetty-0.0.0.0-39689-hddsDatanode-_-any-7317628074348816908.dir/webapp/,AVAILABLE}{/hddsDatanode}
2019-09-25 10:21:04,865 [main] INFO  server.AbstractConnector (AbstractConnector.java:doStart(278)) - Started ServerConnector@798cf6d2{HTTP/1.1,[http/1.1]}{0.0.0.0:39689}
2019-09-25 10:21:04,865 [main] INFO  server.Server (Server.java:doStart(419)) - Started @585528ms
2019-09-25 10:21:04,871 [main] WARN  impl.MetricsSystemImpl (MetricsSystemImpl.java:register(276)) - Sink prometheus already exists!
2019-09-25 10:21:04,871 [main] INFO  server.BaseHttpServer (BaseHttpServer.java:updateConnectorAddress(215)) - HTTP server of HDDSDATANODE is listening at http://0.0.0.0:39689
2019-09-25 10:21:04,871 [main] INFO  ozone.MiniOzoneClusterImpl (MiniOzoneClusterImpl.java:lambda$waitForClusterToBeReady$0(147)) - Waiting for cluster to be ready. Got 0 of 7 DN Heartbeats.
2019-09-25 10:21:04,872 [org.apache.hadoop.util.JvmPauseMonitor$Monitor@75056d24] INFO  util.JvmPauseMonitor (JvmPauseMonitor.java:run(188)) - Starting JVM pause monitor
2019-09-25 10:21:04,873 [Datanode State Machine Thread - 0] INFO  datanode.InitDatanodeState (InitDatanodeState.java:persistContainerDatanodeDetails(140)) - DatanodeDetails is persisted to /workdir/hadoop-ozone/integration-test/target/test-dir/MiniOzoneClusterImpl-3ef52350-cea6-4cbd-954a-79fe229e9e03/datanode-6/meta/datanode.id
2019-09-25 10:21:05,872 [main] INFO  ozone.MiniOzoneClusterImpl (MiniOzoneClusterImpl.java:lambda$waitForClusterToBeReady$0(147)) - Waiting for cluster to be ready. Got 0 of 7 DN Heartbeats.
2019-09-25 10:21:06,491 [Datanode State Machine Thread - 0] INFO  ozoneimpl.OzoneContainer (OzoneContainer.java:start(217)) - Attempting to start container services.
2019-09-25 10:21:06,492 [Datanode State Machine Thread - 0] INFO  ozoneimpl.OzoneContainer (OzoneContainer.java:startContainerScrub(179)) - Background container scanner has been disabled.
2019-09-25 10:21:06,492 [Datanode State Machine Thread - 0] INFO  ratis.XceiverServerRatis (XceiverServerRatis.java:start(411)) - Starting XceiverServerRatis 99631be6-a4f3-4f71-886a-cd5c20c40b02 at port 0
2019-09-25 10:21:06,499 [Datanode State Machine Thread - 0] INFO  impl.RaftServerProxy (RaftServerProxy.java:lambda$start$3(299)) - 99631be6-a4f3-4f71-886a-cd5c20c40b02: start RPC server
2019-09-25 10:21:06,502 [Datanode State Machine Thread - 0] INFO  server.GrpcService (GrpcService.java:startImpl(158)) - 99631be6-a4f3-4f71-886a-cd5c20c40b02: GrpcService started, listening on 0.0.0.0/0.0.0.0:34611
2019-09-25 10:21:06,502 [Datanode State Machine Thread - 0] INFO  ratis.XceiverServerRatis (XceiverServerRatis.java:start(421)) - XceiverServerRatis 99631be6-a4f3-4f71-886a-cd5c20c40b02 is started using port 34611
2019-09-25 10:21:06,503 [Datanode State Machine Thread - 0] INFO  server.XceiverServerGrpc (XceiverServerGrpc.java:start(149)) - XceiverServerGrpc 99631be6-a4f3-4f71-886a-cd5c20c40b02 is started using port 45901
2019-09-25 10:21:06,542 [Datanode State Machine Thread - 0] INFO  ozoneimpl.OzoneContainer (OzoneContainer.java:start(217)) - Attempting to start container services.
2019-09-25 10:21:06,542 [Datanode State Machine Thread - 0] INFO  ozoneimpl.OzoneContainer (OzoneContainer.java:startContainerScrub(179)) - Background container scanner has been disabled.
2019-09-25 10:21:06,542 [Datanode State Machine Thread - 0] INFO  ratis.XceiverServerRatis (XceiverServerRatis.java:start(411)) - Starting XceiverServerRatis 4234b66f-0d01-412b-94b6-541b347f0ca0 at port 0
2019-09-25 10:21:06,547 [Datanode State Machine Thread - 0] INFO  impl.RaftServerProxy (RaftServerProxy.java:lambda$start$3(299)) - 4234b66f-0d01-412b-94b6-541b347f0ca0: start RPC server
2019-09-25 10:21:06,548 [Datanode State Machine Thread - 0] INFO  server.GrpcService (GrpcService.java:startImpl(158)) - 4234b66f-0d01-412b-94b6-541b347f0ca0: GrpcService started, listening on 0.0.0.0/0.0.0.0:35853
2019-09-25 10:21:06,548 [Datanode State Machine Thread - 0] INFO  ratis.XceiverServerRatis (XceiverServerRatis.java:start(421)) - XceiverServerRatis 4234b66f-0d01-412b-94b6-541b347f0ca0 is started using port 35853
2019-09-25 10:21:06,548 [Datanode State Machine Thread - 0] INFO  server.XceiverServerGrpc (XceiverServerGrpc.java:start(149)) - XceiverServerGrpc 4234b66f-0d01-412b-94b6-541b347f0ca0 is started using port 33030
2019-09-25 10:21:06,600 [Datanode State Machine Thread - 0] INFO  ozoneimpl.OzoneContainer (OzoneContainer.java:start(217)) - Attempting to start container services.
2019-09-25 10:21:06,600 [Datanode State Machine Thread - 0] INFO  ozoneimpl.OzoneContainer (OzoneContainer.java:startContainerScrub(179)) - Background container scanner has been disabled.
2019-09-25 10:21:06,600 [Datanode State Machine Thread - 0] INFO  ratis.XceiverServerRatis (XceiverServerRatis.java:start(411)) - Starting XceiverServerRatis 53ec031b-54ac-4e43-8d21-bd51ab7ddb67 at port 0
2019-09-25 10:21:06,606 [Datanode State Machine Thread - 0] INFO  impl.RaftServerProxy (RaftServerProxy.java:lambda$start$3(299)) - 53ec031b-54ac-4e43-8d21-bd51ab7ddb67: start RPC server
2019-09-25 10:21:06,608 [Datanode State Machine Thread - 0] INFO  server.GrpcService (GrpcService.java:startImpl(158)) - 53ec031b-54ac-4e43-8d21-bd51ab7ddb67: GrpcService started, listening on 0.0.0.0/0.0.0.0:36299
2019-09-25 10:21:06,609 [Datanode State Machine Thread - 0] INFO  ratis.XceiverServerRatis (XceiverServerRatis.java:start(421)) - XceiverServerRatis 53ec031b-54ac-4e43-8d21-bd51ab7ddb67 is started using port 36299
2019-09-25 10:21:06,609 [Datanode State Machine Thread - 0] INFO  server.XceiverServerGrpc (XceiverServerGrpc.java:start(149)) - XceiverServerGrpc 53ec031b-54ac-4e43-8d21-bd51ab7ddb67 is started using port 34280
2019-09-25 10:21:06,655 [Datanode State Machine Thread - 0] INFO  ozoneimpl.OzoneContainer (OzoneContainer.java:start(217)) - Attempting to start container services.
2019-09-25 10:21:06,656 [Datanode State Machine Thread - 0] INFO  ozoneimpl.OzoneContainer (OzoneContainer.java:startContainerScrub(179)) - Background container scanner has been disabled.
2019-09-25 10:21:06,656 [Datanode State Machine Thread - 0] INFO  ratis.XceiverServerRatis (XceiverServerRatis.java:start(411)) - Starting XceiverServerRatis d9d4e9ae-1d40-49aa-ab31-924367ef4809 at port 0
2019-09-25 10:21:06,665 [Datanode State Machine Thread - 0] INFO  impl.RaftServerProxy (RaftServerProxy.java:lambda$start$3(299)) - d9d4e9ae-1d40-49aa-ab31-924367ef4809: start RPC server
2019-09-25 10:21:06,665 [Datanode State Machine Thread - 0] INFO  server.GrpcService (GrpcService.java:startImpl(158)) - d9d4e9ae-1d40-49aa-ab31-924367ef4809: GrpcService started, listening on 0.0.0.0/0.0.0.0:35166
2019-09-25 10:21:06,665 [Datanode State Machine Thread - 0] INFO  ratis.XceiverServerRatis (XceiverServerRatis.java:start(421)) - XceiverServerRatis d9d4e9ae-1d40-49aa-ab31-924367ef4809 is started using port 35166
2019-09-25 10:21:06,666 [Datanode State Machine Thread - 0] INFO  server.XceiverServerGrpc (XceiverServerGrpc.java:start(149)) - XceiverServerGrpc d9d4e9ae-1d40-49aa-ab31-924367ef4809 is started using port 41448
2019-09-25 10:21:06,739 [Datanode State Machine Thread - 0] INFO  ozoneimpl.OzoneContainer (OzoneContainer.java:start(217)) - Attempting to start container services.
2019-09-25 10:21:06,739 [Datanode State Machine Thread - 0] INFO  ozoneimpl.OzoneContainer (OzoneContainer.java:startContainerScrub(179)) - Background container scanner has been disabled.
2019-09-25 10:21:06,739 [Datanode State Machine Thread - 0] INFO  ratis.XceiverServerRatis (XceiverServerRatis.java:start(411)) - Starting XceiverServerRatis 36da9443-b73f-4d07-9b1e-a1622725362a at port 0
2019-09-25 10:21:06,745 [Datanode State Machine Thread - 0] INFO  impl.RaftServerProxy (RaftServerProxy.java:lambda$start$3(299)) - 36da9443-b73f-4d07-9b1e-a1622725362a: start RPC server
2019-09-25 10:21:06,746 [Datanode State Machine Thread - 0] INFO  server.GrpcService (GrpcService.java:startImpl(158)) - 36da9443-b73f-4d07-9b1e-a1622725362a: GrpcService started, listening on 0.0.0.0/0.0.0.0:40153
2019-09-25 10:21:06,746 [Datanode State Machine Thread - 0] INFO  ratis.XceiverServerRatis (XceiverServerRatis.java:start(421)) - XceiverServerRatis 36da9443-b73f-4d07-9b1e-a1622725362a is started using port 40153
2019-09-25 10:21:06,746 [Datanode State Machine Thread - 0] INFO  server.XceiverServerGrpc (XceiverServerGrpc.java:start(149)) - XceiverServerGrpc 36da9443-b73f-4d07-9b1e-a1622725362a is started using port 38394
2019-09-25 10:21:06,833 [Datanode State Machine Thread - 0] INFO  ozoneimpl.OzoneContainer (OzoneContainer.java:start(217)) - Attempting to start container services.
2019-09-25 10:21:06,833 [Datanode State Machine Thread - 0] INFO  ozoneimpl.OzoneContainer (OzoneContainer.java:startContainerScrub(179)) - Background container scanner has been disabled.
2019-09-25 10:21:06,833 [Datanode State Machine Thread - 0] INFO  ratis.XceiverServerRatis (XceiverServerRatis.java:start(411)) - Starting XceiverServerRatis fc8031bc-9391-4f9f-9cf5-e32bf235798d at port 0
2019-09-25 10:21:06,839 [Datanode State Machine Thread - 0] INFO  impl.RaftServerProxy (RaftServerProxy.java:lambda$start$3(299)) - fc8031bc-9391-4f9f-9cf5-e32bf235798d: start RPC server
2019-09-25 10:21:06,843 [Datanode State Machine Thread - 0] INFO  server.GrpcService (GrpcService.java:startImpl(158)) - fc8031bc-9391-4f9f-9cf5-e32bf235798d: GrpcService started, listening on 0.0.0.0/0.0.0.0:34636
2019-09-25 10:21:06,843 [Datanode State Machine Thread - 0] INFO  ratis.XceiverServerRatis (XceiverServerRatis.java:start(421)) - XceiverServerRatis fc8031bc-9391-4f9f-9cf5-e32bf235798d is started using port 34636
2019-09-25 10:21:06,843 [Datanode State Machine Thread - 0] INFO  server.XceiverServerGrpc (XceiverServerGrpc.java:start(149)) - XceiverServerGrpc fc8031bc-9391-4f9f-9cf5-e32bf235798d is started using port 40553
2019-09-25 10:21:06,873 [main] INFO  ozone.MiniOzoneClusterImpl (MiniOzoneClusterImpl.java:lambda$waitForClusterToBeReady$0(147)) - Waiting for cluster to be ready. Got 0 of 7 DN Heartbeats.
2019-09-25 10:21:06,886 [Datanode State Machine Thread - 0] INFO  ozoneimpl.OzoneContainer (OzoneContainer.java:start(217)) - Attempting to start container services.
2019-09-25 10:21:06,886 [Datanode State Machine Thread - 0] INFO  ozoneimpl.OzoneContainer (OzoneContainer.java:startContainerScrub(179)) - Background container scanner has been disabled.
2019-09-25 10:21:06,886 [Datanode State Machine Thread - 0] INFO  ratis.XceiverServerRatis (XceiverServerRatis.java:start(411)) - Starting XceiverServerRatis b23d8b54-383c-4e3b-b09c-30676c2d339e at port 0
2019-09-25 10:21:06,892 [Datanode State Machine Thread - 0] INFO  impl.RaftServerProxy (RaftServerProxy.java:lambda$start$3(299)) - b23d8b54-383c-4e3b-b09c-30676c2d339e: start RPC server
2019-09-25 10:21:06,896 [Datanode State Machine Thread - 0] INFO  server.GrpcService (GrpcService.java:startImpl(158)) - b23d8b54-383c-4e3b-b09c-30676c2d339e: GrpcService started, listening on 0.0.0.0/0.0.0.0:34951
2019-09-25 10:21:06,896 [Datanode State Machine Thread - 0] INFO  ratis.XceiverServerRatis (XceiverServerRatis.java:start(421)) - XceiverServerRatis b23d8b54-383c-4e3b-b09c-30676c2d339e is started using port 34951
2019-09-25 10:21:06,896 [Datanode State Machine Thread - 0] INFO  server.XceiverServerGrpc (XceiverServerGrpc.java:start(149)) - XceiverServerGrpc b23d8b54-383c-4e3b-b09c-30676c2d339e is started using port 42246
2019-09-25 10:21:07,873 [main] INFO  ozone.MiniOzoneClusterImpl (MiniOzoneClusterImpl.java:lambda$waitForClusterToBeReady$0(147)) - Waiting for cluster to be ready. Got 0 of 7 DN Heartbeats.
2019-09-25 10:21:08,470 [IPC Server handler 2 on 45233] INFO  net.NetworkTopology (NetworkTopologyImpl.java:add(111)) - Added a new node: /default-rack/99631be6-a4f3-4f71-886a-cd5c20c40b02
2019-09-25 10:21:08,473 [IPC Server handler 2 on 45233] INFO  node.SCMNodeManager (SCMNodeManager.java:register(266)) - Registered Data node : 99631be6-a4f3-4f71-886a-cd5c20c40b02{ip: 192.168.30.57, host: pr-hdds-2166-kpqck-3197213426, networkLocation: /default-rack, certSerialId: null}
2019-09-25 10:21:08,474 [EventQueue-NodeRegistrationContainerReportForDataNodeSafeModeRule] INFO  safemode.SCMSafeModeManager (DataNodeSafeModeRule.java:process(71)) - SCM in safe mode. 1 DataNodes registered, 1 required.
2019-09-25 10:21:08,477 [EventQueue-NodeRegistrationContainerReportForDataNodeSafeModeRule] INFO  safemode.SCMSafeModeManager (SCMSafeModeManager.java:validateSafeModeExitRules(177)) - ScmSafeModeManager, all rules are successfully validated
2019-09-25 10:21:08,477 [EventQueue-NodeRegistrationContainerReportForDataNodeSafeModeRule] INFO  safemode.SCMSafeModeManager (SCMSafeModeManager.java:exitSafeMode(193)) - SCM exiting safe mode.
2019-09-25 10:21:08,488 [grpc-default-executor-9] INFO  impl.RaftServerProxy (RaftServerProxy.java:addNew(89)) - 99631be6-a4f3-4f71-886a-cd5c20c40b02: addNew group-0DFD47BB1C0E:[99631be6-a4f3-4f71-886a-cd5c20c40b02:192.168.30.57:34611] returns group-0DFD47BB1C0E:java.util.concurrent.CompletableFuture@5a323d0e[Not completed]
2019-09-25 10:21:08,491 [pool-409-thread-1] INFO  impl.RaftServerImpl (RaftServerImpl.java:<init>(95)) - 99631be6-a4f3-4f71-886a-cd5c20c40b02: new RaftServerImpl for group-0DFD47BB1C0E:[99631be6-a4f3-4f71-886a-cd5c20c40b02:192.168.30.57:34611] with ContainerStateMachine:uninitialized
2019-09-25 10:21:08,491 [pool-409-thread-1] INFO  server.RaftServerConfigKeys (ConfUtils.java:logGet(43)) - raft.server.rpc.timeout.min = 5s (custom)
2019-09-25 10:21:08,491 [pool-409-thread-1] INFO  server.RaftServerConfigKeys (ConfUtils.java:logGet(43)) - raft.server.rpc.timeout.max = 5200ms (custom)
2019-09-25 10:21:08,491 [pool-409-thread-1] INFO  server.RaftServerConfigKeys (ConfUtils.java:logGet(43)) - raft.server.rpcslowness.timeout = 120s (custom)
2019-09-25 10:21:08,492 [pool-409-thread-1] INFO  server.RaftServerConfigKeys (ConfUtils.java:logGet(43)) - raft.server.sleep.deviation.threshold = 300 (default)
2019-09-25 10:21:08,492 [pool-409-thread-1] INFO  server.RaftServerConfigKeys (ConfUtils.java:logGet(43)) - raft.server.log.appender.install.snapshot.enabled = false (custom)
2019-09-25 10:21:08,492 [pool-409-thread-1] INFO  impl.RaftServerImpl (ServerState.java:<init>(103)) - 99631be6-a4f3-4f71-886a-cd5c20c40b02@group-0DFD47BB1C0E: ConfigurationManager, init=-1: [99631be6-a4f3-4f71-886a-cd5c20c40b02:192.168.30.57:34611], old=null, confs=<EMPTY_MAP>
2019-09-25 10:21:08,492 [pool-409-thread-1] INFO  server.RaftServerConfigKeys (ConfUtils.java:logGet(43)) - raft.server.storage.dir = [/workdir/hadoop-ozone/integration-test/target/test-dir/MiniOzoneClusterImpl-3ef52350-cea6-4cbd-954a-79fe229e9e03/datanode-0/data/ratis] (custom)
2019-09-25 10:21:08,493 [pool-409-thread-1] INFO  storage.RaftStorageDirectory (RaftStorageDirectory.java:analyzeStorage(246)) - The storage directory /workdir/hadoop-ozone/integration-test/target/test-dir/MiniOzoneClusterImpl-3ef52350-cea6-4cbd-954a-79fe229e9e03/datanode-0/data/ratis/464ee3ae-a2ee-42f0-ad3a-0dfd47bb1c0e does not exist. Creating ...
2019-09-25 10:21:08,518 [pool-409-thread-1] INFO  storage.RaftStorageDirectory (RaftStorageDirectory.java:tryLock(328)) - Lock on /workdir/hadoop-ozone/integration-test/target/test-dir/MiniOzoneClusterImpl-3ef52350-cea6-4cbd-954a-79fe229e9e03/datanode-0/data/ratis/464ee3ae-a2ee-42f0-ad3a-0dfd47bb1c0e/in_use.lock acquired by nodename 21269@pr-hdds-2166-kpqck-3197213426
2019-09-25 10:21:08,527 [IPC Server handler 3 on 45233] INFO  net.NetworkTopology (NetworkTopologyImpl.java:add(111)) - Added a new node: /default-rack/4234b66f-0d01-412b-94b6-541b347f0ca0
2019-09-25 10:21:08,527 [IPC Server handler 3 on 45233] INFO  node.SCMNodeManager (SCMNodeManager.java:register(266)) - Registered Data node : 4234b66f-0d01-412b-94b6-541b347f0ca0{ip: 192.168.30.57, host: pr-hdds-2166-kpqck-3197213426, networkLocation: /default-rack, certSerialId: null}
2019-09-25 10:21:08,531 [pool-409-thread-1] INFO  storage.RaftStorage (RaftStorage.java:format(72)) - Storage directory /workdir/hadoop-ozone/integration-test/target/test-dir/MiniOzoneClusterImpl-3ef52350-cea6-4cbd-954a-79fe229e9e03/datanode-0/data/ratis/464ee3ae-a2ee-42f0-ad3a-0dfd47bb1c0e has been successfully formatted.
2019-09-25 10:21:08,531 [pool-409-thread-1] INFO  ratis.ContainerStateMachine (ContainerStateMachine.java:loadSnapshot(230)) - group-0DFD47BB1C0E: The snapshot info is null. Setting the last applied indexto:(t:0, i:~)
2019-09-25 10:21:08,531 [pool-409-thread-1] INFO  server.RaftServerConfigKeys (ConfUtils.java:logGet(43)) - raft.server.notification.no-leader.timeout = 120s (custom)
2019-09-25 10:21:08,531 [pool-409-thread-1] INFO  server.RaftServerConfigKeys (ConfUtils.java:logGet(43)) - raft.server.log.use.memory = false (default)
2019-09-25 10:21:08,531 [pool-409-thread-1] INFO  server.RaftServerConfigKeys (ConfUtils.java:logGet(43)) - raft.server.log.purge.gap = 1000000 (custom)
2019-09-25 10:21:08,532 [pool-409-thread-1] INFO  server.RaftServerConfigKeys (ConfUtils.java:logGet(43)) - raft.server.log.appender.buffer.byte-limit = 33554432 (custom)
2019-09-25 10:21:08,532 [pool-409-thread-1] INFO  server.RaftServerConfigKeys (ConfUtils.java:logGet(43)) - raft.server.log.segment.size.max = 1048576 (custom)
2019-09-25 10:21:08,532 [pool-409-thread-1] INFO  server.RaftServerConfigKeys (ConfUtils.java:logGet(43)) - raft.server.log.segment.cache.num.max = 2 (custom)
2019-09-25 10:21:08,532 [pool-409-thread-1] INFO  segmented.SegmentedRaftLogWorker (SegmentedRaftLogWorker.java:<init>(172)) - new 99631be6-a4f3-4f71-886a-cd5c20c40b02@group-0DFD47BB1C0E-SegmentedRaftLogWorker for RaftStorage:Storage Directory /workdir/hadoop-ozone/integration-test/target/test-dir/MiniOzoneClusterImpl-3ef52350-cea6-4cbd-954a-79fe229e9e03/datanode-0/data/ratis/464ee3ae-a2ee-42f0-ad3a-0dfd47bb1c0e
2019-09-25 10:21:08,534 [pool-409-thread-1] INFO  server.RaftServerConfigKeys (ConfUtils.java:logGet(43)) - raft.server.log.queue.byte-limit = 2147483647 (custom)
2019-09-25 10:21:08,534 [pool-409-thread-1] INFO  server.RaftServerConfigKeys (ConfUtils.java:logGet(43)) - raft.server.log.queue.element-limit = 1024 (custom)
2019-09-25 10:21:08,534 [pool-409-thread-1] INFO  server.RaftServerConfigKeys (ConfUtils.java:logGet(43)) - raft.server.log.segment.size.max = 1048576 (custom)
2019-09-25 10:21:08,534 [pool-409-thread-1] INFO  server.RaftServerConfigKeys (ConfUtils.java:logGet(43)) - raft.server.log.preallocated.size = 16384 (custom)
2019-09-25 10:21:08,535 [pool-409-thread-1] INFO  server.RaftServerConfigKeys (ConfUtils.java:logGet(43)) - raft.server.log.write.buffer.size = 33554432 (custom)
2019-09-25 10:21:08,535 [pool-409-thread-1] INFO  server.RaftServerConfigKeys (ConfUtils.java:logGet(43)) - raft.server.log.force.sync.num = 128 (default)
2019-09-25 10:21:08,535 [pool-409-thread-1] INFO  server.RaftServerConfigKeys (ConfUtils.java:logGet(43)) - raft.server.log.statemachine.data.sync = true (default)
2019-09-25 10:21:08,535 [pool-409-thread-1] INFO  server.RaftServerConfigKeys (ConfUtils.java:logGet(43)) - raft.server.log.statemachine.data.sync.timeout = 10s (default)
2019-09-25 10:21:08,535 [pool-409-thread-1] INFO  server.RaftServerConfigKeys (ConfUtils.java:logGet(43)) - raft.server.log.statemachine.data.sync.timeout.retry = -1 (default)
2019-09-25 10:21:08,535 [pool-409-thread-1] INFO  server.RaftServerConfigKeys (ConfUtils.java:logGet(43)) - raft.server.log.statemachine.data.caching.enabled = true (custom)
2019-09-25 10:21:08,536 [pool-409-thread-1] INFO  segmented.SegmentedRaftLogWorker (SegmentedRaftLogWorker.java:lambda$new$0(132)) - 99631be6-a4f3-4f71-886a-cd5c20c40b02@group-0DFD47BB1C0E-SegmentedRaftLogWorker: flushIndex: setUnconditionally 0 -> -1
2019-09-25 10:21:08,536 [pool-409-thread-1] INFO  server.RaftServerConfigKeys (ConfUtils.java:logGet(43)) - raft.server.snapshot.auto.trigger.enabled = true (custom)
2019-09-25 10:21:08,536 [pool-409-thread-1] INFO  server.RaftServerConfigKeys (ConfUtils.java:logGet(43)) - raft.server.snapshot.auto.trigger.threshold = 10000 (custom)
2019-09-25 10:21:08,536 [pool-409-thread-1] INFO  server.RaftServerConfigKeys (ConfUtils.java:logGet(43)) - raft.server.snapshot.retention.num.files = 5 (custom)
2019-09-25 10:21:08,536 [pool-409-thread-1] INFO  server.RaftServerConfigKeys (ConfUtils.java:logGet(43)) - raft.server.retrycache.expirytime = 600000ms (custom)
2019-09-25 10:21:08,538 [pool-409-thread-1] INFO  impl.RaftServerImpl (RaftServerImpl.java:start(185)) - 99631be6-a4f3-4f71-886a-cd5c20c40b02@group-0DFD47BB1C0E: start as a follower, conf=-1: [99631be6-a4f3-4f71-886a-cd5c20c40b02:192.168.30.57:34611], old=null
2019-09-25 10:21:08,538 [pool-409-thread-1] INFO  impl.RaftServerImpl (RaftServerImpl.java:setRole(174)) - 99631be6-a4f3-4f71-886a-cd5c20c40b02@group-0DFD47BB1C0E: changes role from      null to FOLLOWER at term 0 for startAsFollower
2019-09-25 10:21:08,538 [pool-409-thread-1] INFO  impl.RoleInfo (RoleInfo.java:updateAndGet(143)) - 99631be6-a4f3-4f71-886a-cd5c20c40b02: start FollowerState
2019-09-25 10:21:08,539 [pool-409-thread-1] INFO  util.JmxRegister (JmxRegister.java:tryRegister(44)) - Successfully registered JMX Bean with object name Ratis:service=RaftServer,group=group-0DFD47BB1C0E,id=99631be6-a4f3-4f71-886a-cd5c20c40b02
2019-09-25 10:21:08,542 [RatisPipelineUtilsThread] INFO  pipeline.PipelineStateManager (PipelineStateManager.java:addPipeline(56)) - Created pipeline Pipeline[ Id: 464ee3ae-a2ee-42f0-ad3a-0dfd47bb1c0e, Nodes: 99631be6-a4f3-4f71-886a-cd5c20c40b02{ip: 192.168.30.57, host: pr-hdds-2166-kpqck-3197213426, networkLocation: /default-rack, certSerialId: null}, Type:RATIS, Factor:ONE, State:OPEN]
2019-09-25 10:21:08,549 [grpc-default-executor-9] INFO  impl.RaftServerProxy (RaftServerProxy.java:addNew(89)) - 4234b66f-0d01-412b-94b6-541b347f0ca0: addNew group-30C2DCC96094:[4234b66f-0d01-412b-94b6-541b347f0ca0:192.168.30.57:35853] returns group-30C2DCC96094:java.util.concurrent.CompletableFuture@15ed166b[Not completed]
2019-09-25 10:21:08,551 [pool-419-thread-1] INFO  impl.RaftServerImpl (RaftServerImpl.java:<init>(95)) - 4234b66f-0d01-412b-94b6-541b347f0ca0: new RaftServerImpl for group-30C2DCC96094:[4234b66f-0d01-412b-94b6-541b347f0ca0:192.168.30.57:35853] with ContainerStateMachine:uninitialized
2019-09-25 10:21:08,551 [pool-419-thread-1] INFO  server.RaftServerConfigKeys (ConfUtils.java:logGet(43)) - raft.server.rpc.timeout.min = 5s (custom)
2019-09-25 10:21:08,551 [pool-419-thread-1] INFO  server.RaftServerConfigKeys (ConfUtils.java:logGet(43)) - raft.server.rpc.timeout.max = 5200ms (custom)
2019-09-25 10:21:08,551 [pool-419-thread-1] INFO  server.RaftServerConfigKeys (ConfUtils.java:logGet(43)) - raft.server.rpcslowness.timeout = 120s (custom)
2019-09-25 10:21:08,551 [pool-419-thread-1] INFO  server.RaftServerConfigKeys (ConfUtils.java:logGet(43)) - raft.server.sleep.deviation.threshold = 300 (default)
2019-09-25 10:21:08,551 [pool-419-thread-1] INFO  server.RaftServerConfigKeys (ConfUtils.java:logGet(43)) - raft.server.log.appender.install.snapshot.enabled = false (custom)
2019-09-25 10:21:08,551 [pool-419-thread-1] INFO  impl.RaftServerImpl (ServerState.java:<init>(103)) - 4234b66f-0d01-412b-94b6-541b347f0ca0@group-30C2DCC96094: ConfigurationManager, init=-1: [4234b66f-0d01-412b-94b6-541b347f0ca0:192.168.30.57:35853], old=null, confs=<EMPTY_MAP>
2019-09-25 10:21:08,552 [pool-419-thread-1] INFO  server.RaftServerConfigKeys (ConfUtils.java:logGet(43)) - raft.server.storage.dir = [/workdir/hadoop-ozone/integration-test/target/test-dir/MiniOzoneClusterImpl-3ef52350-cea6-4cbd-954a-79fe229e9e03/datanode-1/data/ratis] (custom)
2019-09-25 10:21:08,552 [pool-419-thread-1] INFO  storage.RaftStorageDirectory (RaftStorageDirectory.java:analyzeStorage(246)) - The storage directory /workdir/hadoop-ozone/integration-test/target/test-dir/MiniOzoneClusterImpl-3ef52350-cea6-4cbd-954a-79fe229e9e03/datanode-1/data/ratis/5a840d73-9fe3-4958-a1f8-30c2dcc96094 does not exist. Creating ...
2019-09-25 10:21:08,565 [pool-419-thread-1] INFO  storage.RaftStorageDirectory (RaftStorageDirectory.java:tryLock(328)) - Lock on /workdir/hadoop-ozone/integration-test/target/test-dir/MiniOzoneClusterImpl-3ef52350-cea6-4cbd-954a-79fe229e9e03/datanode-1/data/ratis/5a840d73-9fe3-4958-a1f8-30c2dcc96094/in_use.lock acquired by nodename 21269@pr-hdds-2166-kpqck-3197213426
2019-09-25 10:21:08,577 [pool-419-thread-1] INFO  storage.RaftStorage (RaftStorage.java:format(72)) - Storage directory /workdir/hadoop-ozone/integration-test/target/test-dir/MiniOzoneClusterImpl-3ef52350-cea6-4cbd-954a-79fe229e9e03/datanode-1/data/ratis/5a840d73-9fe3-4958-a1f8-30c2dcc96094 has been successfully formatted.
2019-09-25 10:21:08,577 [pool-419-thread-1] INFO  ratis.ContainerStateMachine (ContainerStateMachine.java:loadSnapshot(230)) - group-30C2DCC96094: The snapshot info is null. Setting the last applied indexto:(t:0, i:~)
2019-09-25 10:21:08,577 [pool-419-thread-1] INFO  server.RaftServerConfigKeys (ConfUtils.java:logGet(43)) - raft.server.notification.no-leader.timeout = 120s (custom)
2019-09-25 10:21:08,578 [pool-419-thread-1] INFO  server.RaftServerConfigKeys (ConfUtils.java:logGet(43)) - raft.server.log.use.memory = false (default)
2019-09-25 10:21:08,578 [pool-419-thread-1] INFO  server.RaftServerConfigKeys (ConfUtils.java:logGet(43)) - raft.server.log.purge.gap = 1000000 (custom)
2019-09-25 10:21:08,578 [pool-419-thread-1] INFO  server.RaftServerConfigKeys (ConfUtils.java:logGet(43)) - raft.server.log.appender.buffer.byte-limit = 33554432 (custom)
2019-09-25 10:21:08,578 [pool-419-thread-1] INFO  server.RaftServerConfigKeys (ConfUtils.java:logGet(43)) - raft.server.log.segment.size.max = 1048576 (custom)
2019-09-25 10:21:08,578 [pool-419-thread-1] INFO  server.RaftServerConfigKeys (ConfUtils.java:logGet(43)) - raft.server.log.segment.cache.num.max = 2 (custom)
2019-09-25 10:21:08,578 [pool-419-thread-1] INFO  segmented.SegmentedRaftLogWorker (SegmentedRaftLogWorker.java:<init>(172)) - new 4234b66f-0d01-412b-94b6-541b347f0ca0@group-30C2DCC96094-SegmentedRaftLogWorker for RaftStorage:Storage Directory /workdir/hadoop-ozone/integration-test/target/test-dir/MiniOzoneClusterImpl-3ef52350-cea6-4cbd-954a-79fe229e9e03/datanode-1/data/ratis/5a840d73-9fe3-4958-a1f8-30c2dcc96094
2019-09-25 10:21:08,580 [pool-419-thread-1] INFO  server.RaftServerConfigKeys (ConfUtils.java:logGet(43)) - raft.server.log.queue.byte-limit = 2147483647 (custom)
2019-09-25 10:21:08,580 [pool-419-thread-1] INFO  server.RaftServerConfigKeys (ConfUtils.java:logGet(43)) - raft.server.log.queue.element-limit = 1024 (custom)
2019-09-25 10:21:08,580 [pool-419-thread-1] INFO  server.RaftServerConfigKeys (ConfUtils.java:logGet(43)) - raft.server.log.segment.size.max = 1048576 (custom)
2019-09-25 10:21:08,580 [pool-419-thread-1] INFO  server.RaftServerConfigKeys (ConfUtils.java:logGet(43)) - raft.server.log.preallocated.size = 16384 (custom)
2019-09-25 10:21:08,580 [pool-419-thread-1] INFO  server.RaftServerConfigKeys (ConfUtils.java:logGet(43)) - raft.server.log.write.buffer.size = 33554432 (custom)
2019-09-25 10:21:08,580 [pool-419-thread-1] INFO  server.RaftServerConfigKeys (ConfUtils.java:logGet(43)) - raft.server.log.force.sync.num = 128 (default)
2019-09-25 10:21:08,580 [pool-419-thread-1] INFO  server.RaftServerConfigKeys (ConfUtils.java:logGet(43)) - raft.server.log.statemachine.data.sync = true (default)
2019-09-25 10:21:08,580 [pool-419-thread-1] INFO  server.RaftServerConfigKeys (ConfUtils.java:logGet(43)) - raft.server.log.statemachine.data.sync.timeout = 10s (default)
2019-09-25 10:21:08,581 [pool-419-thread-1] INFO  server.RaftServerConfigKeys (ConfUtils.java:logGet(43)) - raft.server.log.statemachine.data.sync.timeout.retry = -1 (default)
2019-09-25 10:21:08,581 [pool-419-thread-1] INFO  server.RaftServerConfigKeys (ConfUtils.java:logGet(43)) - raft.server.log.statemachine.data.caching.enabled = true (custom)
2019-09-25 10:21:08,581 [pool-419-thread-1] INFO  segmented.SegmentedRaftLogWorker (SegmentedRaftLogWorker.java:lambda$new$0(132)) - 4234b66f-0d01-412b-94b6-541b347f0ca0@group-30C2DCC96094-SegmentedRaftLogWorker: flushIndex: setUnconditionally 0 -> -1
2019-09-25 10:21:08,581 [pool-419-thread-1] INFO  server.RaftServerConfigKeys (ConfUtils.java:logGet(43)) - raft.server.snapshot.auto.trigger.enabled = true (custom)
2019-09-25 10:21:08,581 [pool-419-thread-1] INFO  server.RaftServerConfigKeys (ConfUtils.java:logGet(43)) - raft.server.snapshot.auto.trigger.threshold = 10000 (custom)
2019-09-25 10:21:08,581 [pool-419-thread-1] INFO  server.RaftServerConfigKeys (ConfUtils.java:logGet(43)) - raft.server.snapshot.retention.num.files = 5 (custom)
2019-09-25 10:21:08,582 [pool-419-thread-1] INFO  server.RaftServerConfigKeys (ConfUtils.java:logGet(43)) - raft.server.retrycache.expirytime = 600000ms (custom)
2019-09-25 10:21:08,583 [pool-419-thread-1] INFO  impl.RaftServerImpl (RaftServerImpl.java:start(185)) - 4234b66f-0d01-412b-94b6-541b347f0ca0@group-30C2DCC96094: start as a follower, conf=-1: [4234b66f-0d01-412b-94b6-541b347f0ca0:192.168.30.57:35853], old=null
2019-09-25 10:21:08,583 [pool-419-thread-1] INFO  impl.RaftServerImpl (RaftServerImpl.java:setRole(174)) - 4234b66f-0d01-412b-94b6-541b347f0ca0@group-30C2DCC96094: changes role from      null to FOLLOWER at term 0 for startAsFollower
2019-09-25 10:21:08,583 [pool-419-thread-1] INFO  impl.RoleInfo (RoleInfo.java:updateAndGet(143)) - 4234b66f-0d01-412b-94b6-541b347f0ca0: start FollowerState
2019-09-25 10:21:08,584 [pool-419-thread-1] INFO  util.JmxRegister (JmxRegister.java:tryRegister(44)) - Successfully registered JMX Bean with object name Ratis:service=RaftServer,group=group-30C2DCC96094,id=4234b66f-0d01-412b-94b6-541b347f0ca0
2019-09-25 10:21:08,586 [RatisPipelineUtilsThread] INFO  pipeline.PipelineStateManager (PipelineStateManager.java:addPipeline(56)) - Created pipeline Pipeline[ Id: 5a840d73-9fe3-4958-a1f8-30c2dcc96094, Nodes: 4234b66f-0d01-412b-94b6-541b347f0ca0{ip: 192.168.30.57, host: pr-hdds-2166-kpqck-3197213426, networkLocation: /default-rack, certSerialId: null}, Type:RATIS, Factor:ONE, State:OPEN]
2019-09-25 10:21:08,592 [IPC Server handler 1 on 45233] INFO  net.NetworkTopology (NetworkTopologyImpl.java:add(111)) - Added a new node: /default-rack/53ec031b-54ac-4e43-8d21-bd51ab7ddb67
2019-09-25 10:21:08,592 [IPC Server handler 1 on 45233] INFO  node.SCMNodeManager (SCMNodeManager.java:register(266)) - Registered Data node : 53ec031b-54ac-4e43-8d21-bd51ab7ddb67{ip: 192.168.30.57, host: pr-hdds-2166-kpqck-3197213426, networkLocation: /default-rack, certSerialId: null}
2019-09-25 10:21:08,598 [grpc-default-executor-9] INFO  impl.RaftServerProxy (RaftServerProxy.java:addNew(89)) - 53ec031b-54ac-4e43-8d21-bd51ab7ddb67: addNew group-F079C6863871:[53ec031b-54ac-4e43-8d21-bd51ab7ddb67:192.168.30.57:36299] returns group-F079C6863871:java.util.concurrent.CompletableFuture@489f448e[Not completed]
2019-09-25 10:21:08,599 [pool-429-thread-1] INFO  impl.RaftServerImpl (RaftServerImpl.java:<init>(95)) - 53ec031b-54ac-4e43-8d21-bd51ab7ddb67: new RaftServerImpl for group-F079C6863871:[53ec031b-54ac-4e43-8d21-bd51ab7ddb67:192.168.30.57:36299] with ContainerStateMachine:uninitialized
2019-09-25 10:21:08,599 [pool-429-thread-1] INFO  server.RaftServerConfigKeys (ConfUtils.java:logGet(43)) - raft.server.rpc.timeout.min = 5s (custom)
2019-09-25 10:21:08,599 [pool-429-thread-1] INFO  server.RaftServerConfigKeys (ConfUtils.java:logGet(43)) - raft.server.rpc.timeout.max = 5200ms (custom)
2019-09-25 10:21:08,599 [pool-429-thread-1] INFO  server.RaftServerConfigKeys (ConfUtils.java:logGet(43)) - raft.server.rpcslowness.timeout = 120s (custom)
2019-09-25 10:21:08,600 [pool-429-thread-1] INFO  server.RaftServerConfigKeys (ConfUtils.java:logGet(43)) - raft.server.sleep.deviation.threshold = 300 (default)
2019-09-25 10:21:08,600 [pool-429-thread-1] INFO  server.RaftServerConfigKeys (ConfUtils.java:logGet(43)) - raft.server.log.appender.install.snapshot.enabled = false (custom)
2019-09-25 10:21:08,600 [pool-429-thread-1] INFO  impl.RaftServerImpl (ServerState.java:<init>(103)) - 53ec031b-54ac-4e43-8d21-bd51ab7ddb67@group-F079C6863871: ConfigurationManager, init=-1: [53ec031b-54ac-4e43-8d21-bd51ab7ddb67:192.168.30.57:36299], old=null, confs=<EMPTY_MAP>
2019-09-25 10:21:08,600 [pool-429-thread-1] INFO  server.RaftServerConfigKeys (ConfUtils.java:logGet(43)) - raft.server.storage.dir = [/workdir/hadoop-ozone/integration-test/target/test-dir/MiniOzoneClusterImpl-3ef52350-cea6-4cbd-954a-79fe229e9e03/datanode-2/data/ratis] (custom)
2019-09-25 10:21:08,600 [pool-429-thread-1] INFO  storage.RaftStorageDirectory (RaftStorageDirectory.java:analyzeStorage(246)) - The storage directory /workdir/hadoop-ozone/integration-test/target/test-dir/MiniOzoneClusterImpl-3ef52350-cea6-4cbd-954a-79fe229e9e03/datanode-2/data/ratis/6a98ea46-62f5-45bb-964e-f079c6863871 does not exist. Creating ...
2019-09-25 10:21:08,612 [pool-429-thread-1] INFO  storage.RaftStorageDirectory (RaftStorageDirectory.java:tryLock(328)) - Lock on /workdir/hadoop-ozone/integration-test/target/test-dir/MiniOzoneClusterImpl-3ef52350-cea6-4cbd-954a-79fe229e9e03/datanode-2/data/ratis/6a98ea46-62f5-45bb-964e-f079c6863871/in_use.lock acquired by nodename 21269@pr-hdds-2166-kpqck-3197213426
2019-09-25 10:21:08,625 [pool-429-thread-1] INFO  storage.RaftStorage (RaftStorage.java:format(72)) - Storage directory /workdir/hadoop-ozone/integration-test/target/test-dir/MiniOzoneClusterImpl-3ef52350-cea6-4cbd-954a-79fe229e9e03/datanode-2/data/ratis/6a98ea46-62f5-45bb-964e-f079c6863871 has been successfully formatted.
2019-09-25 10:21:08,625 [pool-429-thread-1] INFO  ratis.ContainerStateMachine (ContainerStateMachine.java:loadSnapshot(230)) - group-F079C6863871: The snapshot info is null. Setting the last applied indexto:(t:0, i:~)
2019-09-25 10:21:08,626 [pool-429-thread-1] INFO  server.RaftServerConfigKeys (ConfUtils.java:logGet(43)) - raft.server.notification.no-leader.timeout = 120s (custom)
2019-09-25 10:21:08,626 [pool-429-thread-1] INFO  server.RaftServerConfigKeys (ConfUtils.java:logGet(43)) - raft.server.log.use.memory = false (default)
2019-09-25 10:21:08,626 [pool-429-thread-1] INFO  server.RaftServerConfigKeys (ConfUtils.java:logGet(43)) - raft.server.log.purge.gap = 1000000 (custom)
2019-09-25 10:21:08,626 [pool-429-thread-1] INFO  server.RaftServerConfigKeys (ConfUtils.java:logGet(43)) - raft.server.log.appender.buffer.byte-limit = 33554432 (custom)
2019-09-25 10:21:08,626 [pool-429-thread-1] INFO  server.RaftServerConfigKeys (ConfUtils.java:logGet(43)) - raft.server.log.segment.size.max = 1048576 (custom)
2019-09-25 10:21:08,626 [pool-429-thread-1] INFO  server.RaftServerConfigKeys (ConfUtils.java:logGet(43)) - raft.server.log.segment.cache.num.max = 2 (custom)
2019-09-25 10:21:08,626 [pool-429-thread-1] INFO  segmented.SegmentedRaftLogWorker (SegmentedRaftLogWorker.java:<init>(172)) - new 53ec031b-54ac-4e43-8d21-bd51ab7ddb67@group-F079C6863871-SegmentedRaftLogWorker for RaftStorage:Storage Directory /workdir/hadoop-ozone/integration-test/target/test-dir/MiniOzoneClusterImpl-3ef52350-cea6-4cbd-954a-79fe229e9e03/datanode-2/data/ratis/6a98ea46-62f5-45bb-964e-f079c6863871
2019-09-25 10:21:08,628 [pool-429-thread-1] INFO  server.RaftServerConfigKeys (ConfUtils.java:logGet(43)) - raft.server.log.queue.byte-limit = 2147483647 (custom)
2019-09-25 10:21:08,628 [pool-429-thread-1] INFO  server.RaftServerConfigKeys (ConfUtils.java:logGet(43)) - raft.server.log.queue.element-limit = 1024 (custom)
2019-09-25 10:21:08,629 [pool-429-thread-1] INFO  server.RaftServerConfigKeys (ConfUtils.java:logGet(43)) - raft.server.log.segment.size.max = 1048576 (custom)
2019-09-25 10:21:08,629 [pool-429-thread-1] INFO  server.RaftServerConfigKeys (ConfUtils.java:logGet(43)) - raft.server.log.preallocated.size = 16384 (custom)
2019-09-25 10:21:08,629 [pool-429-thread-1] INFO  server.RaftServerConfigKeys (ConfUtils.java:logGet(43)) - raft.server.log.write.buffer.size = 33554432 (custom)
2019-09-25 10:21:08,629 [pool-429-thread-1] INFO  server.RaftServerConfigKeys (ConfUtils.java:logGet(43)) - raft.server.log.force.sync.num = 128 (default)
2019-09-25 10:21:08,629 [pool-429-thread-1] INFO  server.RaftServerConfigKeys (ConfUtils.java:logGet(43)) - raft.server.log.statemachine.data.sync = true (default)
2019-09-25 10:21:08,629 [pool-429-thread-1] INFO  server.RaftServerConfigKeys (ConfUtils.java:logGet(43)) - raft.server.log.statemachine.data.sync.timeout = 10s (default)
2019-09-25 10:21:08,629 [pool-429-thread-1] INFO  server.RaftServerConfigKeys (ConfUtils.java:logGet(43)) - raft.server.log.statemachine.data.sync.timeout.retry = -1 (default)
2019-09-25 10:21:08,630 [pool-429-thread-1] INFO  server.RaftServerConfigKeys (ConfUtils.java:logGet(43)) - raft.server.log.statemachine.data.caching.enabled = true (custom)
2019-09-25 10:21:08,630 [pool-429-thread-1] INFO  segmented.SegmentedRaftLogWorker (SegmentedRaftLogWorker.java:lambda$new$0(132)) - 53ec031b-54ac-4e43-8d21-bd51ab7ddb67@group-F079C6863871-SegmentedRaftLogWorker: flushIndex: setUnconditionally 0 -> -1
2019-09-25 10:21:08,630 [pool-429-thread-1] INFO  server.RaftServerConfigKeys (ConfUtils.java:logGet(43)) - raft.server.snapshot.auto.trigger.enabled = true (custom)
2019-09-25 10:21:08,630 [pool-429-thread-1] INFO  server.RaftServerConfigKeys (ConfUtils.java:logGet(43)) - raft.server.snapshot.auto.trigger.threshold = 10000 (custom)
2019-09-25 10:21:08,630 [pool-429-thread-1] INFO  server.RaftServerConfigKeys (ConfUtils.java:logGet(43)) - raft.server.snapshot.retention.num.files = 5 (custom)
2019-09-25 10:21:08,631 [pool-429-thread-1] INFO  server.RaftServerConfigKeys (ConfUtils.java:logGet(43)) - raft.server.retrycache.expirytime = 600000ms (custom)
2019-09-25 10:21:08,632 [pool-429-thread-1] INFO  impl.RaftServerImpl (RaftServerImpl.java:start(185)) - 53ec031b-54ac-4e43-8d21-bd51ab7ddb67@group-F079C6863871: start as a follower, conf=-1: [53ec031b-54ac-4e43-8d21-bd51ab7ddb67:192.168.30.57:36299], old=null
2019-09-25 10:21:08,632 [pool-429-thread-1] INFO  impl.RaftServerImpl (RaftServerImpl.java:setRole(174)) - 53ec031b-54ac-4e43-8d21-bd51ab7ddb67@group-F079C6863871: changes role from      null to FOLLOWER at term 0 for startAsFollower
2019-09-25 10:21:08,633 [pool-429-thread-1] INFO  impl.RoleInfo (RoleInfo.java:updateAndGet(143)) - 53ec031b-54ac-4e43-8d21-bd51ab7ddb67: start FollowerState
2019-09-25 10:21:08,633 [pool-429-thread-1] INFO  util.JmxRegister (JmxRegister.java:tryRegister(44)) - Successfully registered JMX Bean with object name Ratis:service=RaftServer,group=group-F079C6863871,id=53ec031b-54ac-4e43-8d21-bd51ab7ddb67
2019-09-25 10:21:08,635 [RatisPipelineUtilsThread] INFO  pipeline.PipelineStateManager (PipelineStateManager.java:addPipeline(56)) - Created pipeline Pipeline[ Id: 6a98ea46-62f5-45bb-964e-f079c6863871, Nodes: 53ec031b-54ac-4e43-8d21-bd51ab7ddb67{ip: 192.168.30.57, host: pr-hdds-2166-kpqck-3197213426, networkLocation: /default-rack, certSerialId: null}, Type:RATIS, Factor:ONE, State:OPEN]
2019-09-25 10:21:08,642 [IPC Server handler 4 on 45233] INFO  net.NetworkTopology (NetworkTopologyImpl.java:add(111)) - Added a new node: /default-rack/d9d4e9ae-1d40-49aa-ab31-924367ef4809
2019-09-25 10:21:08,642 [IPC Server handler 4 on 45233] INFO  node.SCMNodeManager (SCMNodeManager.java:register(266)) - Registered Data node : d9d4e9ae-1d40-49aa-ab31-924367ef4809{ip: 192.168.30.57, host: pr-hdds-2166-kpqck-3197213426, networkLocation: /default-rack, certSerialId: null}
2019-09-25 10:21:08,650 [grpc-default-executor-6] INFO  impl.RaftServerProxy (RaftServerProxy.java:addNew(89)) - 4234b66f-0d01-412b-94b6-541b347f0ca0: addNew group-0F7B1F02D949:[99631be6-a4f3-4f71-886a-cd5c20c40b02:192.168.30.57:34611, 53ec031b-54ac-4e43-8d21-bd51ab7ddb67:192.168.30.57:36299, 4234b66f-0d01-412b-94b6-541b347f0ca0:192.168.30.57:35853] returns group-0F7B1F02D949:java.util.concurrent.CompletableFuture@6937d11a[Not completed]
2019-09-25 10:21:08,650 [grpc-default-executor-9] INFO  impl.RaftServerProxy (RaftServerProxy.java:addNew(89)) - 99631be6-a4f3-4f71-886a-cd5c20c40b02: addNew group-0F7B1F02D949:[99631be6-a4f3-4f71-886a-cd5c20c40b02:192.168.30.57:34611, 53ec031b-54ac-4e43-8d21-bd51ab7ddb67:192.168.30.57:36299, 4234b66f-0d01-412b-94b6-541b347f0ca0:192.168.30.57:35853] returns group-0F7B1F02D949:java.util.concurrent.CompletableFuture@f6610b1[Not completed]
2019-09-25 10:21:08,650 [grpc-default-executor-6] INFO  impl.RaftServerProxy (RaftServerProxy.java:addNew(89)) - 53ec031b-54ac-4e43-8d21-bd51ab7ddb67: addNew group-0F7B1F02D949:[99631be6-a4f3-4f71-886a-cd5c20c40b02:192.168.30.57:34611, 53ec031b-54ac-4e43-8d21-bd51ab7ddb67:192.168.30.57:36299, 4234b66f-0d01-412b-94b6-541b347f0ca0:192.168.30.57:35853] returns group-0F7B1F02D949:java.util.concurrent.CompletableFuture@7f506f47[Not completed]
2019-09-25 10:21:08,651 [pool-419-thread-1] INFO  impl.RaftServerImpl (RaftServerImpl.java:<init>(95)) - 4234b66f-0d01-412b-94b6-541b347f0ca0: new RaftServerImpl for group-0F7B1F02D949:[99631be6-a4f3-4f71-886a-cd5c20c40b02:192.168.30.57:34611, 53ec031b-54ac-4e43-8d21-bd51ab7ddb67:192.168.30.57:36299, 4234b66f-0d01-412b-94b6-541b347f0ca0:192.168.30.57:35853] with ContainerStateMachine:uninitialized
2019-09-25 10:21:08,651 [pool-419-thread-1] INFO  server.RaftServerConfigKeys (ConfUtils.java:logGet(43)) - raft.server.rpc.timeout.min = 5s (custom)
2019-09-25 10:21:08,651 [pool-419-thread-1] INFO  server.RaftServerConfigKeys (ConfUtils.java:logGet(43)) - raft.server.rpc.timeout.max = 5200ms (custom)
2019-09-25 10:21:08,651 [pool-419-thread-1] INFO  server.RaftServerConfigKeys (ConfUtils.java:logGet(43)) - raft.server.rpcslowness.timeout = 120s (custom)
2019-09-25 10:21:08,651 [pool-419-thread-1] INFO  server.RaftServerConfigKeys (ConfUtils.java:logGet(43)) - raft.server.sleep.deviation.threshold = 300 (default)
2019-09-25 10:21:08,651 [pool-419-thread-1] INFO  server.RaftServerConfigKeys (ConfUtils.java:logGet(43)) - raft.server.log.appender.install.snapshot.enabled = false (custom)
2019-09-25 10:21:08,652 [pool-419-thread-1] INFO  impl.RaftServerImpl (ServerState.java:<init>(103)) - 4234b66f-0d01-412b-94b6-541b347f0ca0@group-0F7B1F02D949: ConfigurationManager, init=-1: [99631be6-a4f3-4f71-886a-cd5c20c40b02:192.168.30.57:34611, 53ec031b-54ac-4e43-8d21-bd51ab7ddb67:192.168.30.57:36299, 4234b66f-0d01-412b-94b6-541b347f0ca0:192.168.30.57:35853], old=null, confs=<EMPTY_MAP>
2019-09-25 10:21:08,652 [pool-429-thread-1] INFO  impl.RaftServerImpl (RaftServerImpl.java:<init>(95)) - 53ec031b-54ac-4e43-8d21-bd51ab7ddb67: new RaftServerImpl for group-0F7B1F02D949:[99631be6-a4f3-4f71-886a-cd5c20c40b02:192.168.30.57:34611, 53ec031b-54ac-4e43-8d21-bd51ab7ddb67:192.168.30.57:36299, 4234b66f-0d01-412b-94b6-541b347f0ca0:192.168.30.57:35853] with ContainerStateMachine:uninitialized
2019-09-25 10:21:08,652 [pool-419-thread-1] INFO  server.RaftServerConfigKeys (ConfUtils.java:logGet(43)) - raft.server.storage.dir = [/workdir/hadoop-ozone/integration-test/target/test-dir/MiniOzoneClusterImpl-3ef52350-cea6-4cbd-954a-79fe229e9e03/datanode-1/data/ratis] (custom)
2019-09-25 10:21:08,652 [pool-429-thread-1] INFO  server.RaftServerConfigKeys (ConfUtils.java:logGet(43)) - raft.server.rpc.timeout.min = 5s (custom)
2019-09-25 10:21:08,652 [pool-429-thread-1] INFO  server.RaftServerConfigKeys (ConfUtils.java:logGet(43)) - raft.server.rpc.timeout.max = 5200ms (custom)
2019-09-25 10:21:08,652 [pool-419-thread-1] INFO  storage.RaftStorageDirectory (RaftStorageDirectory.java:analyzeStorage(246)) - The storage directory /workdir/hadoop-ozone/integration-test/target/test-dir/MiniOzoneClusterImpl-3ef52350-cea6-4cbd-954a-79fe229e9e03/datanode-1/data/ratis/c3f81522-5fcc-4acd-8d3e-0f7b1f02d949 does not exist. Creating ...
2019-09-25 10:21:08,652 [pool-409-thread-1] INFO  impl.RaftServerImpl (RaftServerImpl.java:<init>(95)) - 99631be6-a4f3-4f71-886a-cd5c20c40b02: new RaftServerImpl for group-0F7B1F02D949:[99631be6-a4f3-4f71-886a-cd5c20c40b02:192.168.30.57:34611, 53ec031b-54ac-4e43-8d21-bd51ab7ddb67:192.168.30.57:36299, 4234b66f-0d01-412b-94b6-541b347f0ca0:192.168.30.57:35853] with ContainerStateMachine:uninitialized
2019-09-25 10:21:08,652 [pool-429-thread-1] INFO  server.RaftServerConfigKeys (ConfUtils.java:logGet(43)) - raft.server.rpcslowness.timeout = 120s (custom)
2019-09-25 10:21:08,653 [pool-409-thread-1] INFO  server.RaftServerConfigKeys (ConfUtils.java:logGet(43)) - raft.server.rpc.timeout.min = 5s (custom)
2019-09-25 10:21:08,653 [pool-429-thread-1] INFO  server.RaftServerConfigKeys (ConfUtils.java:logGet(43)) - raft.server.sleep.deviation.threshold = 300 (default)
2019-09-25 10:21:08,653 [pool-409-thread-1] INFO  server.RaftServerConfigKeys (ConfUtils.java:logGet(43)) - raft.server.rpc.timeout.max = 5200ms (custom)
2019-09-25 10:21:08,653 [pool-429-thread-1] INFO  server.RaftServerConfigKeys (ConfUtils.java:logGet(43)) - raft.server.log.appender.install.snapshot.enabled = false (custom)
2019-09-25 10:21:08,653 [pool-409-thread-1] INFO  server.RaftServerConfigKeys (ConfUtils.java:logGet(43)) - raft.server.rpcslowness.timeout = 120s (custom)
2019-09-25 10:21:08,653 [pool-429-thread-1] INFO  impl.RaftServerImpl (ServerState.java:<init>(103)) - 53ec031b-54ac-4e43-8d21-bd51ab7ddb67@group-0F7B1F02D949: ConfigurationManager, init=-1: [99631be6-a4f3-4f71-886a-cd5c20c40b02:192.168.30.57:34611, 53ec031b-54ac-4e43-8d21-bd51ab7ddb67:192.168.30.57:36299, 4234b66f-0d01-412b-94b6-541b347f0ca0:192.168.30.57:35853], old=null, confs=<EMPTY_MAP>
2019-09-25 10:21:08,653 [pool-409-thread-1] INFO  server.RaftServerConfigKeys (ConfUtils.java:logGet(43)) - raft.server.sleep.deviation.threshold = 300 (default)
2019-09-25 10:21:08,654 [pool-429-thread-1] INFO  server.RaftServerConfigKeys (ConfUtils.java:logGet(43)) - raft.server.storage.dir = [/workdir/hadoop-ozone/integration-test/target/test-dir/MiniOzoneClusterImpl-3ef52350-cea6-4cbd-954a-79fe229e9e03/datanode-2/data/ratis] (custom)
2019-09-25 10:21:08,654 [pool-409-thread-1] INFO  server.RaftServerConfigKeys (ConfUtils.java:logGet(43)) - raft.server.log.appender.install.snapshot.enabled = false (custom)
2019-09-25 10:21:08,654 [pool-409-thread-1] INFO  impl.RaftServerImpl (ServerState.java:<init>(103)) - 99631be6-a4f3-4f71-886a-cd5c20c40b02@group-0F7B1F02D949: ConfigurationManager, init=-1: [99631be6-a4f3-4f71-886a-cd5c20c40b02:192.168.30.57:34611, 53ec031b-54ac-4e43-8d21-bd51ab7ddb67:192.168.30.57:36299, 4234b66f-0d01-412b-94b6-541b347f0ca0:192.168.30.57:35853], old=null, confs=<EMPTY_MAP>
2019-09-25 10:21:08,654 [pool-409-thread-1] INFO  server.RaftServerConfigKeys (ConfUtils.java:logGet(43)) - raft.server.storage.dir = [/workdir/hadoop-ozone/integration-test/target/test-dir/MiniOzoneClusterImpl-3ef52350-cea6-4cbd-954a-79fe229e9e03/datanode-0/data/ratis] (custom)
2019-09-25 10:21:08,654 [pool-429-thread-1] INFO  storage.RaftStorageDirectory (RaftStorageDirectory.java:analyzeStorage(246)) - The storage directory /workdir/hadoop-ozone/integration-test/target/test-dir/MiniOzoneClusterImpl-3ef52350-cea6-4cbd-954a-79fe229e9e03/datanode-2/data/ratis/c3f81522-5fcc-4acd-8d3e-0f7b1f02d949 does not exist. Creating ...
2019-09-25 10:21:08,654 [pool-409-thread-1] INFO  storage.RaftStorageDirectory (RaftStorageDirectory.java:analyzeStorage(246)) - The storage directory /workdir/hadoop-ozone/integration-test/target/test-dir/MiniOzoneClusterImpl-3ef52350-cea6-4cbd-954a-79fe229e9e03/datanode-0/data/ratis/c3f81522-5fcc-4acd-8d3e-0f7b1f02d949 does not exist. Creating ...
2019-09-25 10:21:08,666 [pool-419-thread-1] INFO  storage.RaftStorageDirectory (RaftStorageDirectory.java:tryLock(328)) - Lock on /workdir/hadoop-ozone/integration-test/target/test-dir/MiniOzoneClusterImpl-3ef52350-cea6-4cbd-954a-79fe229e9e03/datanode-1/data/ratis/c3f81522-5fcc-4acd-8d3e-0f7b1f02d949/in_use.lock acquired by nodename 21269@pr-hdds-2166-kpqck-3197213426
2019-09-25 10:21:08,666 [pool-429-thread-1] INFO  storage.RaftStorageDirectory (RaftStorageDirectory.java:tryLock(328)) - Lock on /workdir/hadoop-ozone/integration-test/target/test-dir/MiniOzoneClusterImpl-3ef52350-cea6-4cbd-954a-79fe229e9e03/datanode-2/data/ratis/c3f81522-5fcc-4acd-8d3e-0f7b1f02d949/in_use.lock acquired by nodename 21269@pr-hdds-2166-kpqck-3197213426
2019-09-25 10:21:08,666 [pool-409-thread-1] INFO  storage.RaftStorageDirectory (RaftStorageDirectory.java:tryLock(328)) - Lock on /workdir/hadoop-ozone/integration-test/target/test-dir/MiniOzoneClusterImpl-3ef52350-cea6-4cbd-954a-79fe229e9e03/datanode-0/data/ratis/c3f81522-5fcc-4acd-8d3e-0f7b1f02d949/in_use.lock acquired by nodename 21269@pr-hdds-2166-kpqck-3197213426
2019-09-25 10:21:08,680 [pool-419-thread-1] INFO  storage.RaftStorage (RaftStorage.java:format(72)) - Storage directory /workdir/hadoop-ozone/integration-test/target/test-dir/MiniOzoneClusterImpl-3ef52350-cea6-4cbd-954a-79fe229e9e03/datanode-1/data/ratis/c3f81522-5fcc-4acd-8d3e-0f7b1f02d949 has been successfully formatted.
2019-09-25 10:21:08,680 [pool-409-thread-1] INFO  storage.RaftStorage (RaftStorage.java:format(72)) - Storage directory /workdir/hadoop-ozone/integration-test/target/test-dir/MiniOzoneClusterImpl-3ef52350-cea6-4cbd-954a-79fe229e9e03/datanode-0/data/ratis/c3f81522-5fcc-4acd-8d3e-0f7b1f02d949 has been successfully formatted.
2019-09-25 10:21:08,680 [pool-429-thread-1] INFO  storage.RaftStorage (RaftStorage.java:format(72)) - Storage directory /workdir/hadoop-ozone/integration-test/target/test-dir/MiniOzoneClusterImpl-3ef52350-cea6-4cbd-954a-79fe229e9e03/datanode-2/data/ratis/c3f81522-5fcc-4acd-8d3e-0f7b1f02d949 has been successfully formatted.
2019-09-25 10:21:08,680 [pool-409-thread-1] INFO  ratis.ContainerStateMachine (ContainerStateMachine.java:loadSnapshot(230)) - group-0F7B1F02D949: The snapshot info is null. Setting the last applied indexto:(t:0, i:~)
2019-09-25 10:21:08,680 [pool-429-thread-1] INFO  ratis.ContainerStateMachine (ContainerStateMachine.java:loadSnapshot(230)) - group-0F7B1F02D949: The snapshot info is null. Setting the last applied indexto:(t:0, i:~)
2019-09-25 10:21:08,680 [pool-419-thread-1] INFO  ratis.ContainerStateMachine (ContainerStateMachine.java:loadSnapshot(230)) - group-0F7B1F02D949: The snapshot info is null. Setting the last applied indexto:(t:0, i:~)
2019-09-25 10:21:08,680 [pool-429-thread-1] INFO  server.RaftServerConfigKeys (ConfUtils.java:logGet(43)) - raft.server.notification.no-leader.timeout = 120s (custom)
2019-09-25 10:21:08,680 [pool-409-thread-1] INFO  server.RaftServerConfigKeys (ConfUtils.java:logGet(43)) - raft.server.notification.no-leader.timeout = 120s (custom)
2019-09-25 10:21:08,680 [pool-429-thread-1] INFO  server.RaftServerConfigKeys (ConfUtils.java:logGet(43)) - raft.server.log.use.memory = false (default)
2019-09-25 10:21:08,680 [pool-419-thread-1] INFO  server.RaftServerConfigKeys (ConfUtils.java:logGet(43)) - raft.server.notification.no-leader.timeout = 120s (custom)
2019-09-25 10:21:08,681 [pool-429-thread-1] INFO  server.RaftServerConfigKeys (ConfUtils.java:logGet(43)) - raft.server.log.purge.gap = 1000000 (custom)
2019-09-25 10:21:08,681 [pool-409-thread-1] INFO  server.RaftServerConfigKeys (ConfUtils.java:logGet(43)) - raft.server.log.use.memory = false (default)
2019-09-25 10:21:08,681 [pool-429-thread-1] INFO  server.RaftServerConfigKeys (ConfUtils.java:logGet(43)) - raft.server.log.appender.buffer.byte-limit = 33554432 (custom)
2019-09-25 10:21:08,681 [pool-419-thread-1] INFO  server.RaftServerConfigKeys (ConfUtils.java:logGet(43)) - raft.server.log.use.memory = false (default)
2019-09-25 10:21:08,681 [pool-429-thread-1] INFO  server.RaftServerConfigKeys (ConfUtils.java:logGet(43)) - raft.server.log.segment.size.max = 1048576 (custom)
2019-09-25 10:21:08,681 [pool-409-thread-1] INFO  server.RaftServerConfigKeys (ConfUtils.java:logGet(43)) - raft.server.log.purge.gap = 1000000 (custom)
2019-09-25 10:21:08,681 [pool-429-thread-1] INFO  server.RaftServerConfigKeys (ConfUtils.java:logGet(43)) - raft.server.log.segment.cache.num.max = 2 (custom)
2019-09-25 10:21:08,681 [pool-419-thread-1] INFO  server.RaftServerConfigKeys (ConfUtils.java:logGet(43)) - raft.server.log.purge.gap = 1000000 (custom)
2019-09-25 10:21:08,682 [pool-429-thread-1] INFO  segmented.SegmentedRaftLogWorker (SegmentedRaftLogWorker.java:<init>(172)) - new 53ec031b-54ac-4e43-8d21-bd51ab7ddb67@group-0F7B1F02D949-SegmentedRaftLogWorker for RaftStorage:Storage Directory /workdir/hadoop-ozone/integration-test/target/test-dir/MiniOzoneClusterImpl-3ef52350-cea6-4cbd-954a-79fe229e9e03/datanode-2/data/ratis/c3f81522-5fcc-4acd-8d3e-0f7b1f02d949
2019-09-25 10:21:08,681 [pool-409-thread-1] INFO  server.RaftServerConfigKeys (ConfUtils.java:logGet(43)) - raft.server.log.appender.buffer.byte-limit = 33554432 (custom)
2019-09-25 10:21:08,682 [pool-429-thread-1] INFO  server.RaftServerConfigKeys (ConfUtils.java:logGet(43)) - raft.server.log.queue.byte-limit = 2147483647 (custom)
2019-09-25 10:21:08,682 [pool-419-thread-1] INFO  server.RaftServerConfigKeys (ConfUtils.java:logGet(43)) - raft.server.log.appender.buffer.byte-limit = 33554432 (custom)
2019-09-25 10:21:08,682 [pool-429-thread-1] INFO  server.RaftServerConfigKeys (ConfUtils.java:logGet(43)) - raft.server.log.queue.element-limit = 1024 (custom)
2019-09-25 10:21:08,682 [pool-409-thread-1] INFO  server.RaftServerConfigKeys (ConfUtils.java:logGet(43)) - raft.server.log.segment.size.max = 1048576 (custom)
2019-09-25 10:21:08,682 [pool-429-thread-1] INFO  server.RaftServerConfigKeys (ConfUtils.java:logGet(43)) - raft.server.log.segment.size.max = 1048576 (custom)
2019-09-25 10:21:08,682 [pool-419-thread-1] INFO  server.RaftServerConfigKeys (ConfUtils.java:logGet(43)) - raft.server.log.segment.size.max = 1048576 (custom)
2019-09-25 10:21:08,682 [pool-429-thread-1] INFO  server.RaftServerConfigKeys (ConfUtils.java:logGet(43)) - raft.server.log.preallocated.size = 16384 (custom)
2019-09-25 10:21:08,682 [pool-409-thread-1] INFO  server.RaftServerConfigKeys (ConfUtils.java:logGet(43)) - raft.server.log.segment.cache.num.max = 2 (custom)
2019-09-25 10:21:08,683 [pool-429-thread-1] INFO  server.RaftServerConfigKeys (ConfUtils.java:logGet(43)) - raft.server.log.write.buffer.size = 33554432 (custom)
2019-09-25 10:21:08,683 [pool-419-thread-1] INFO  server.RaftServerConfigKeys (ConfUtils.java:logGet(43)) - raft.server.log.segment.cache.num.max = 2 (custom)
2019-09-25 10:21:08,683 [pool-429-thread-1] INFO  server.RaftServerConfigKeys (ConfUtils.java:logGet(43)) - raft.server.log.force.sync.num = 128 (default)
2019-09-25 10:21:08,683 [pool-409-thread-1] INFO  segmented.SegmentedRaftLogWorker (SegmentedRaftLogWorker.java:<init>(172)) - new 99631be6-a4f3-4f71-886a-cd5c20c40b02@group-0F7B1F02D949-SegmentedRaftLogWorker for RaftStorage:Storage Directory /workdir/hadoop-ozone/integration-test/target/test-dir/MiniOzoneClusterImpl-3ef52350-cea6-4cbd-954a-79fe229e9e03/datanode-0/data/ratis/c3f81522-5fcc-4acd-8d3e-0f7b1f02d949
2019-09-25 10:21:08,683 [pool-429-thread-1] INFO  server.RaftServerConfigKeys (ConfUtils.java:logGet(43)) - raft.server.log.statemachine.data.sync = true (default)
2019-09-25 10:21:08,683 [pool-419-thread-1] INFO  segmented.SegmentedRaftLogWorker (SegmentedRaftLogWorker.java:<init>(172)) - new 4234b66f-0d01-412b-94b6-541b347f0ca0@group-0F7B1F02D949-SegmentedRaftLogWorker for RaftStorage:Storage Directory /workdir/hadoop-ozone/integration-test/target/test-dir/MiniOzoneClusterImpl-3ef52350-cea6-4cbd-954a-79fe229e9e03/datanode-1/data/ratis/c3f81522-5fcc-4acd-8d3e-0f7b1f02d949
2019-09-25 10:21:08,683 [pool-429-thread-1] INFO  server.RaftServerConfigKeys (ConfUtils.java:logGet(43)) - raft.server.log.statemachine.data.sync.timeout = 10s (default)
2019-09-25 10:21:08,683 [pool-409-thread-1] INFO  server.RaftServerConfigKeys (ConfUtils.java:logGet(43)) - raft.server.log.queue.byte-limit = 2147483647 (custom)
2019-09-25 10:21:08,684 [pool-429-thread-1] INFO  server.RaftServerConfigKeys (ConfUtils.java:logGet(43)) - raft.server.log.statemachine.data.sync.timeout.retry = -1 (default)
2019-09-25 10:21:08,683 [pool-419-thread-1] INFO  server.RaftServerConfigKeys (ConfUtils.java:logGet(43)) - raft.server.log.queue.byte-limit = 2147483647 (custom)
2019-09-25 10:21:08,684 [pool-429-thread-1] INFO  server.RaftServerConfigKeys (ConfUtils.java:logGet(43)) - raft.server.log.statemachine.data.caching.enabled = true (custom)
2019-09-25 10:21:08,684 [pool-409-thread-1] INFO  server.RaftServerConfigKeys (ConfUtils.java:logGet(43)) - raft.server.log.queue.element-limit = 1024 (custom)
2019-09-25 10:21:08,684 [pool-429-thread-1] INFO  segmented.SegmentedRaftLogWorker (SegmentedRaftLogWorker.java:lambda$new$0(132)) - 53ec031b-54ac-4e43-8d21-bd51ab7ddb67@group-0F7B1F02D949-SegmentedRaftLogWorker: flushIndex: setUnconditionally 0 -> -1
2019-09-25 10:21:08,684 [pool-419-thread-1] INFO  server.RaftServerConfigKeys (ConfUtils.java:logGet(43)) - raft.server.log.queue.element-limit = 1024 (custom)
2019-09-25 10:21:08,684 [pool-409-thread-1] INFO  server.RaftServerConfigKeys (ConfUtils.java:logGet(43)) - raft.server.log.segment.size.max = 1048576 (custom)
2019-09-25 10:21:08,684 [pool-419-thread-1] INFO  server.RaftServerConfigKeys (ConfUtils.java:logGet(43)) - raft.server.log.segment.size.max = 1048576 (custom)
2019-09-25 10:21:08,684 [pool-429-thread-1] INFO  server.RaftServerConfigKeys (ConfUtils.java:logGet(43)) - raft.server.snapshot.auto.trigger.enabled = true (custom)
2019-09-25 10:21:08,685 [pool-419-thread-1] INFO  server.RaftServerConfigKeys (ConfUtils.java:logGet(43)) - raft.server.log.preallocated.size = 16384 (custom)
2019-09-25 10:21:08,685 [pool-409-thread-1] INFO  server.RaftServerConfigKeys (ConfUtils.java:logGet(43)) - raft.server.log.preallocated.size = 16384 (custom)
2019-09-25 10:21:08,685 [pool-419-thread-1] INFO  server.RaftServerConfigKeys (ConfUtils.java:logGet(43)) - raft.server.log.write.buffer.size = 33554432 (custom)
2019-09-25 10:21:08,685 [pool-419-thread-1] INFO  server.RaftServerConfigKeys (ConfUtils.java:logGet(43)) - raft.server.log.force.sync.num = 128 (default)
2019-09-25 10:21:08,685 [pool-429-thread-1] INFO  server.RaftServerConfigKeys (ConfUtils.java:logGet(43)) - raft.server.snapshot.auto.trigger.threshold = 10000 (custom)
2019-09-25 10:21:08,685 [pool-419-thread-1] INFO  server.RaftServerConfigKeys (ConfUtils.java:logGet(43)) - raft.server.log.statemachine.data.sync = true (default)
2019-09-25 10:21:08,685 [pool-409-thread-1] INFO  server.RaftServerConfigKeys (ConfUtils.java:logGet(43)) - raft.server.log.write.buffer.size = 33554432 (custom)
2019-09-25 10:21:08,685 [pool-419-thread-1] INFO  server.RaftServerConfigKeys (ConfUtils.java:logGet(43)) - raft.server.log.statemachine.data.sync.timeout = 10s (default)
2019-09-25 10:21:08,685 [pool-429-thread-1] INFO  server.RaftServerConfigKeys (ConfUtils.java:logGet(43)) - raft.server.snapshot.retention.num.files = 5 (custom)
2019-09-25 10:21:08,686 [pool-419-thread-1] INFO  server.RaftServerConfigKeys (ConfUtils.java:logGet(43)) - raft.server.log.statemachine.data.sync.timeout.retry = -1 (default)
2019-09-25 10:21:08,686 [pool-409-thread-1] INFO  server.RaftServerConfigKeys (ConfUtils.java:logGet(43)) - raft.server.log.force.sync.num = 128 (default)
2019-09-25 10:21:08,686 [pool-419-thread-1] INFO  server.RaftServerConfigKeys (ConfUtils.java:logGet(43)) - raft.server.log.statemachine.data.caching.enabled = true (custom)
2019-09-25 10:21:08,686 [pool-429-thread-1] INFO  server.RaftServerConfigKeys (ConfUtils.java:logGet(43)) - raft.server.retrycache.expirytime = 600000ms (custom)
2019-09-25 10:21:08,686 [pool-419-thread-1] INFO  segmented.SegmentedRaftLogWorker (SegmentedRaftLogWorker.java:lambda$new$0(132)) - 4234b66f-0d01-412b-94b6-541b347f0ca0@group-0F7B1F02D949-SegmentedRaftLogWorker: flushIndex: setUnconditionally 0 -> -1
2019-09-25 10:21:08,686 [pool-409-thread-1] INFO  server.RaftServerConfigKeys (ConfUtils.java:logGet(43)) - raft.server.log.statemachine.data.sync = true (default)
2019-09-25 10:21:08,687 [pool-419-thread-1] INFO  server.RaftServerConfigKeys (ConfUtils.java:logGet(43)) - raft.server.snapshot.auto.trigger.enabled = true (custom)
2019-09-25 10:21:08,687 [pool-409-thread-1] INFO  server.RaftServerConfigKeys (ConfUtils.java:logGet(43)) - raft.server.log.statemachine.data.sync.timeout = 10s (default)
2019-09-25 10:21:08,687 [pool-419-thread-1] INFO  server.RaftServerConfigKeys (ConfUtils.java:logGet(43)) - raft.server.snapshot.auto.trigger.threshold = 10000 (custom)
2019-09-25 10:21:08,687 [pool-409-thread-1] INFO  server.RaftServerConfigKeys (ConfUtils.java:logGet(43)) - raft.server.log.statemachine.data.sync.timeout.retry = -1 (default)
2019-09-25 10:21:08,687 [pool-419-thread-1] INFO  server.RaftServerConfigKeys (ConfUtils.java:logGet(43)) - raft.server.snapshot.retention.num.files = 5 (custom)
2019-09-25 10:21:08,687 [pool-409-thread-1] INFO  server.RaftServerConfigKeys (ConfUtils.java:logGet(43)) - raft.server.log.statemachine.data.caching.enabled = true (custom)
2019-09-25 10:21:08,687 [pool-419-thread-1] INFO  server.RaftServerConfigKeys (ConfUtils.java:logGet(43)) - raft.server.retrycache.expirytime = 600000ms (custom)
2019-09-25 10:21:08,687 [pool-409-thread-1] INFO  segmented.SegmentedRaftLogWorker (SegmentedRaftLogWorker.java:lambda$new$0(132)) - 99631be6-a4f3-4f71-886a-cd5c20c40b02@group-0F7B1F02D949-SegmentedRaftLogWorker: flushIndex: setUnconditionally 0 -> -1
2019-09-25 10:21:08,688 [pool-409-thread-1] INFO  server.RaftServerConfigKeys (ConfUtils.java:logGet(43)) - raft.server.snapshot.auto.trigger.enabled = true (custom)
2019-09-25 10:21:08,688 [pool-429-thread-1] INFO  impl.RaftServerImpl (RaftServerImpl.java:start(185)) - 53ec031b-54ac-4e43-8d21-bd51ab7ddb67@group-0F7B1F02D949: start as a follower, conf=-1: [99631be6-a4f3-4f71-886a-cd5c20c40b02:192.168.30.57:34611, 53ec031b-54ac-4e43-8d21-bd51ab7ddb67:192.168.30.57:36299, 4234b66f-0d01-412b-94b6-541b347f0ca0:192.168.30.57:35853], old=null
2019-09-25 10:21:08,688 [pool-409-thread-1] INFO  server.RaftServerConfigKeys (ConfUtils.java:logGet(43)) - raft.server.snapshot.auto.trigger.threshold = 10000 (custom)
2019-09-25 10:21:08,688 [pool-429-thread-1] INFO  impl.RaftServerImpl (RaftServerImpl.java:setRole(174)) - 53ec031b-54ac-4e43-8d21-bd51ab7ddb67@group-0F7B1F02D949: changes role from      null to FOLLOWER at term 0 for startAsFollower
2019-09-25 10:21:08,688 [pool-409-thread-1] INFO  server.RaftServerConfigKeys (ConfUtils.java:logGet(43)) - raft.server.snapshot.retention.num.files = 5 (custom)
2019-09-25 10:21:08,688 [pool-429-thread-1] INFO  impl.RoleInfo (RoleInfo.java:updateAndGet(143)) - 53ec031b-54ac-4e43-8d21-bd51ab7ddb67: start FollowerState
2019-09-25 10:21:08,688 [pool-409-thread-1] INFO  server.RaftServerConfigKeys (ConfUtils.java:logGet(43)) - raft.server.retrycache.expirytime = 600000ms (custom)
2019-09-25 10:21:08,695 [pool-429-thread-1] INFO  util.JmxRegister (JmxRegister.java:tryRegister(44)) - Successfully registered JMX Bean with object name Ratis:service=RaftServer,group=group-0F7B1F02D949,id=53ec031b-54ac-4e43-8d21-bd51ab7ddb67
2019-09-25 10:21:08,704 [pool-419-thread-1] INFO  impl.RaftServerImpl (RaftServerImpl.java:start(185)) - 4234b66f-0d01-412b-94b6-541b347f0ca0@group-0F7B1F02D949: start as a follower, conf=-1: [99631be6-a4f3-4f71-886a-cd5c20c40b02:192.168.30.57:34611, 53ec031b-54ac-4e43-8d21-bd51ab7ddb67:192.168.30.57:36299, 4234b66f-0d01-412b-94b6-541b347f0ca0:192.168.30.57:35853], old=null
2019-09-25 10:21:08,704 [pool-419-thread-1] INFO  impl.RaftServerImpl (RaftServerImpl.java:setRole(174)) - 4234b66f-0d01-412b-94b6-541b347f0ca0@group-0F7B1F02D949: changes role from      null to FOLLOWER at term 0 for startAsFollower
2019-09-25 10:21:08,704 [pool-419-thread-1] INFO  impl.RoleInfo (RoleInfo.java:updateAndGet(143)) - 4234b66f-0d01-412b-94b6-541b347f0ca0: start FollowerState
2019-09-25 10:21:08,705 [pool-419-thread-1] INFO  util.JmxRegister (JmxRegister.java:tryRegister(44)) - Successfully registered JMX Bean with object name Ratis:service=RaftServer,group=group-0F7B1F02D949,id=4234b66f-0d01-412b-94b6-541b347f0ca0
2019-09-25 10:21:08,705 [pool-409-thread-1] INFO  impl.RaftServerImpl (RaftServerImpl.java:start(185)) - 99631be6-a4f3-4f71-886a-cd5c20c40b02@group-0F7B1F02D949: start as a follower, conf=-1: [99631be6-a4f3-4f71-886a-cd5c20c40b02:192.168.30.57:34611, 53ec031b-54ac-4e43-8d21-bd51ab7ddb67:192.168.30.57:36299, 4234b66f-0d01-412b-94b6-541b347f0ca0:192.168.30.57:35853], old=null
2019-09-25 10:21:08,705 [pool-409-thread-1] INFO  impl.RaftServerImpl (RaftServerImpl.java:setRole(174)) - 99631be6-a4f3-4f71-886a-cd5c20c40b02@group-0F7B1F02D949: changes role from      null to FOLLOWER at term 0 for startAsFollower
2019-09-25 10:21:08,705 [pool-409-thread-1] INFO  impl.RoleInfo (RoleInfo.java:updateAndGet(143)) - 99631be6-a4f3-4f71-886a-cd5c20c40b02: start FollowerState
2019-09-25 10:21:08,706 [pool-409-thread-1] INFO  util.JmxRegister (JmxRegister.java:tryRegister(44)) - Successfully registered JMX Bean with object name Ratis:service=RaftServer,group=group-0F7B1F02D949,id=99631be6-a4f3-4f71-886a-cd5c20c40b02
2019-09-25 10:21:08,707 [RatisPipelineUtilsThread] INFO  pipeline.PipelineStateManager (PipelineStateManager.java:addPipeline(56)) - Created pipeline Pipeline[ Id: c3f81522-5fcc-4acd-8d3e-0f7b1f02d949, Nodes: 53ec031b-54ac-4e43-8d21-bd51ab7ddb67{ip: 192.168.30.57, host: pr-hdds-2166-kpqck-3197213426, networkLocation: /default-rack, certSerialId: null}4234b66f-0d01-412b-94b6-541b347f0ca0{ip: 192.168.30.57, host: pr-hdds-2166-kpqck-3197213426, networkLocation: /default-rack, certSerialId: null}99631be6-a4f3-4f71-886a-cd5c20c40b02{ip: 192.168.30.57, host: pr-hdds-2166-kpqck-3197213426, networkLocation: /default-rack, certSerialId: null}, Type:RATIS, Factor:THREE, State:OPEN]
2019-09-25 10:21:08,727 [IPC Server handler 5 on 45233] INFO  net.NetworkTopology (NetworkTopologyImpl.java:add(111)) - Added a new node: /default-rack/36da9443-b73f-4d07-9b1e-a1622725362a
2019-09-25 10:21:08,727 [IPC Server handler 5 on 45233] INFO  node.SCMNodeManager (SCMNodeManager.java:register(266)) - Registered Data node : 36da9443-b73f-4d07-9b1e-a1622725362a{ip: 192.168.30.57, host: pr-hdds-2166-kpqck-3197213426, networkLocation: /default-rack, certSerialId: null}
2019-09-25 10:21:08,733 [grpc-default-executor-6] INFO  impl.RaftServerProxy (RaftServerProxy.java:addNew(89)) - 36da9443-b73f-4d07-9b1e-a1622725362a: addNew group-7F52325437C1:[36da9443-b73f-4d07-9b1e-a1622725362a:192.168.30.57:40153] returns group-7F52325437C1:java.util.concurrent.CompletableFuture@5bb57e5d[Not completed]
2019-09-25 10:21:08,736 [pool-449-thread-1] INFO  impl.RaftServerImpl (RaftServerImpl.java:<init>(95)) - 36da9443-b73f-4d07-9b1e-a1622725362a: new RaftServerImpl for group-7F52325437C1:[36da9443-b73f-4d07-9b1e-a1622725362a:192.168.30.57:40153] with ContainerStateMachine:uninitialized
2019-09-25 10:21:08,737 [pool-449-thread-1] INFO  server.RaftServerConfigKeys (ConfUtils.java:logGet(43)) - raft.server.rpc.timeout.min = 5s (custom)
2019-09-25 10:21:08,737 [pool-449-thread-1] INFO  server.RaftServerConfigKeys (ConfUtils.java:logGet(43)) - raft.server.rpc.timeout.max = 5200ms (custom)
2019-09-25 10:21:08,737 [pool-449-thread-1] INFO  server.RaftServerConfigKeys (ConfUtils.java:logGet(43)) - raft.server.rpcslowness.timeout = 120s (custom)
2019-09-25 10:21:08,737 [pool-449-thread-1] INFO  server.RaftServerConfigKeys (ConfUtils.java:logGet(43)) - raft.server.sleep.deviation.threshold = 300 (default)
2019-09-25 10:21:08,737 [pool-449-thread-1] INFO  server.RaftServerConfigKeys (ConfUtils.java:logGet(43)) - raft.server.log.appender.install.snapshot.enabled = false (custom)
2019-09-25 10:21:08,737 [pool-449-thread-1] INFO  impl.RaftServerImpl (ServerState.java:<init>(103)) - 36da9443-b73f-4d07-9b1e-a1622725362a@group-7F52325437C1: ConfigurationManager, init=-1: [36da9443-b73f-4d07-9b1e-a1622725362a:192.168.30.57:40153], old=null, confs=<EMPTY_MAP>
2019-09-25 10:21:08,738 [pool-449-thread-1] INFO  server.RaftServerConfigKeys (ConfUtils.java:logGet(43)) - raft.server.storage.dir = [/workdir/hadoop-ozone/integration-test/target/test-dir/MiniOzoneClusterImpl-3ef52350-cea6-4cbd-954a-79fe229e9e03/datanode-4/data/ratis] (custom)
2019-09-25 10:21:08,752 [pool-449-thread-1] INFO  storage.RaftStorageDirectory (RaftStorageDirectory.java:analyzeStorage(246)) - The storage directory /workdir/hadoop-ozone/integration-test/target/test-dir/MiniOzoneClusterImpl-3ef52350-cea6-4cbd-954a-79fe229e9e03/datanode-4/data/ratis/e47c2a57-31b3-424a-bb2c-7f52325437c1 does not exist. Creating ...
2019-09-25 10:21:08,791 [pool-449-thread-1] INFO  storage.RaftStorageDirectory (RaftStorageDirectory.java:tryLock(328)) - Lock on /workdir/hadoop-ozone/integration-test/target/test-dir/MiniOzoneClusterImpl-3ef52350-cea6-4cbd-954a-79fe229e9e03/datanode-4/data/ratis/e47c2a57-31b3-424a-bb2c-7f52325437c1/in_use.lock acquired by nodename 21269@pr-hdds-2166-kpqck-3197213426
2019-09-25 10:21:08,809 [IPC Server handler 19 on 45233] INFO  net.NetworkTopology (NetworkTopologyImpl.java:add(111)) - Added a new node: /default-rack/fc8031bc-9391-4f9f-9cf5-e32bf235798d
2019-09-25 10:21:08,809 [IPC Server handler 19 on 45233] INFO  node.SCMNodeManager (SCMNodeManager.java:register(266)) - Registered Data node : fc8031bc-9391-4f9f-9cf5-e32bf235798d{ip: 192.168.30.57, host: pr-hdds-2166-kpqck-3197213426, networkLocation: /default-rack, certSerialId: null}
2019-09-25 10:21:08,811 [pool-449-thread-1] INFO  storage.RaftStorage (RaftStorage.java:format(72)) - Storage directory /workdir/hadoop-ozone/integration-test/target/test-dir/MiniOzoneClusterImpl-3ef52350-cea6-4cbd-954a-79fe229e9e03/datanode-4/data/ratis/e47c2a57-31b3-424a-bb2c-7f52325437c1 has been successfully formatted.
2019-09-25 10:21:08,812 [pool-449-thread-1] INFO  ratis.ContainerStateMachine (ContainerStateMachine.java:loadSnapshot(230)) - group-7F52325437C1: The snapshot info is null. Setting the last applied indexto:(t:0, i:~)
2019-09-25 10:21:08,812 [pool-449-thread-1] INFO  server.RaftServerConfigKeys (ConfUtils.java:logGet(43)) - raft.server.notification.no-leader.timeout = 120s (custom)
2019-09-25 10:21:08,812 [pool-449-thread-1] INFO  server.RaftServerConfigKeys (ConfUtils.java:logGet(43)) - raft.server.log.use.memory = false (default)
2019-09-25 10:21:08,813 [pool-449-thread-1] INFO  server.RaftServerConfigKeys (ConfUtils.java:logGet(43)) - raft.server.log.purge.gap = 1000000 (custom)
2019-09-25 10:21:08,813 [pool-449-thread-1] INFO  server.RaftServerConfigKeys (ConfUtils.java:logGet(43)) - raft.server.log.appender.buffer.byte-limit = 33554432 (custom)
2019-09-25 10:21:08,813 [pool-449-thread-1] INFO  server.RaftServerConfigKeys (ConfUtils.java:logGet(43)) - raft.server.log.segment.size.max = 1048576 (custom)
2019-09-25 10:21:08,813 [pool-449-thread-1] INFO  server.RaftServerConfigKeys (ConfUtils.java:logGet(43)) - raft.server.log.segment.cache.num.max = 2 (custom)
2019-09-25 10:21:08,814 [pool-449-thread-1] INFO  segmented.SegmentedRaftLogWorker (SegmentedRaftLogWorker.java:<init>(172)) - new 36da9443-b73f-4d07-9b1e-a1622725362a@group-7F52325437C1-SegmentedRaftLogWorker for RaftStorage:Storage Directory /workdir/hadoop-ozone/integration-test/target/test-dir/MiniOzoneClusterImpl-3ef52350-cea6-4cbd-954a-79fe229e9e03/datanode-4/data/ratis/e47c2a57-31b3-424a-bb2c-7f52325437c1
2019-09-25 10:21:08,817 [pool-449-thread-1] INFO  server.RaftServerConfigKeys (ConfUtils.java:logGet(43)) - raft.server.log.queue.byte-limit = 2147483647 (custom)
2019-09-25 10:21:08,818 [pool-449-thread-1] INFO  server.RaftServerConfigKeys (ConfUtils.java:logGet(43)) - raft.server.log.queue.element-limit = 1024 (custom)
2019-09-25 10:21:08,818 [pool-449-thread-1] INFO  server.RaftServerConfigKeys (ConfUtils.java:logGet(43)) - raft.server.log.segment.size.max = 1048576 (custom)
2019-09-25 10:21:08,818 [pool-449-thread-1] INFO  server.RaftServerConfigKeys (ConfUtils.java:logGet(43)) - raft.server.log.preallocated.size = 16384 (custom)
2019-09-25 10:21:08,819 [pool-449-thread-1] INFO  server.RaftServerConfigKeys (ConfUtils.java:logGet(43)) - raft.server.log.write.buffer.size = 33554432 (custom)
2019-09-25 10:21:08,819 [pool-449-thread-1] INFO  server.RaftServerConfigKeys (ConfUtils.java:logGet(43)) - raft.server.log.force.sync.num = 128 (default)
2019-09-25 10:21:08,819 [pool-449-thread-1] INFO  server.RaftServerConfigKeys (ConfUtils.java:logGet(43)) - raft.server.log.statemachine.data.sync = true (default)
2019-09-25 10:21:08,819 [pool-449-thread-1] INFO  server.RaftServerConfigKeys (ConfUtils.java:logGet(43)) - raft.server.log.statemachine.data.sync.timeout = 10s (default)
2019-09-25 10:21:08,820 [pool-449-thread-1] INFO  server.RaftServerConfigKeys (ConfUtils.java:logGet(43)) - raft.server.log.statemachine.data.sync.timeout.retry = -1 (default)
2019-09-25 10:21:08,820 [pool-449-thread-1] INFO  server.RaftServerConfigKeys (ConfUtils.java:logGet(43)) - raft.server.log.statemachine.data.caching.enabled = true (custom)
2019-09-25 10:21:08,821 [pool-449-thread-1] INFO  segmented.SegmentedRaftLogWorker (SegmentedRaftLogWorker.java:lambda$new$0(132)) - 36da9443-b73f-4d07-9b1e-a1622725362a@group-7F52325437C1-SegmentedRaftLogWorker: flushIndex: setUnconditionally 0 -> -1
2019-09-25 10:21:08,821 [pool-449-thread-1] INFO  server.RaftServerConfigKeys (ConfUtils.java:logGet(43)) - raft.server.snapshot.auto.trigger.enabled = true (custom)
2019-09-25 10:21:08,821 [pool-449-thread-1] INFO  server.RaftServerConfigKeys (ConfUtils.java:logGet(43)) - raft.server.snapshot.auto.trigger.threshold = 10000 (custom)
2019-09-25 10:21:08,822 [pool-449-thread-1] INFO  server.RaftServerConfigKeys (ConfUtils.java:logGet(43)) - raft.server.snapshot.retention.num.files = 5 (custom)
2019-09-25 10:21:08,822 [pool-449-thread-1] INFO  server.RaftServerConfigKeys (ConfUtils.java:logGet(43)) - raft.server.retrycache.expirytime = 600000ms (custom)
2019-09-25 10:21:08,825 [pool-449-thread-1] INFO  impl.RaftServerImpl (RaftServerImpl.java:start(185)) - 36da9443-b73f-4d07-9b1e-a1622725362a@group-7F52325437C1: start as a follower, conf=-1: [36da9443-b73f-4d07-9b1e-a1622725362a:192.168.30.57:40153], old=null
2019-09-25 10:21:08,825 [pool-449-thread-1] INFO  impl.RaftServerImpl (RaftServerImpl.java:setRole(174)) - 36da9443-b73f-4d07-9b1e-a1622725362a@group-7F52325437C1: changes role from      null to FOLLOWER at term 0 for startAsFollower
2019-09-25 10:21:08,825 [pool-449-thread-1] INFO  impl.RoleInfo (RoleInfo.java:updateAndGet(143)) - 36da9443-b73f-4d07-9b1e-a1622725362a: start FollowerState
2019-09-25 10:21:08,826 [pool-449-thread-1] INFO  util.JmxRegister (JmxRegister.java:tryRegister(44)) - Successfully registered JMX Bean with object name Ratis:service=RaftServer,group=group-7F52325437C1,id=36da9443-b73f-4d07-9b1e-a1622725362a
2019-09-25 10:21:08,828 [RatisPipelineUtilsThread] INFO  pipeline.PipelineStateManager (PipelineStateManager.java:addPipeline(56)) - Created pipeline Pipeline[ Id: e47c2a57-31b3-424a-bb2c-7f52325437c1, Nodes: 36da9443-b73f-4d07-9b1e-a1622725362a{ip: 192.168.30.57, host: pr-hdds-2166-kpqck-3197213426, networkLocation: /default-rack, certSerialId: null}, Type:RATIS, Factor:ONE, State:OPEN]
2019-09-25 10:21:08,840 [grpc-default-executor-6] INFO  impl.RaftServerProxy (RaftServerProxy.java:addNew(89)) - d9d4e9ae-1d40-49aa-ab31-924367ef4809: addNew group-BAF7FF0ECE87:[d9d4e9ae-1d40-49aa-ab31-924367ef4809:192.168.30.57:35166] returns group-BAF7FF0ECE87:java.util.concurrent.CompletableFuture@4e865499[Not completed]
2019-09-25 10:21:08,841 [pool-439-thread-1] INFO  impl.RaftServerImpl (RaftServerImpl.java:<init>(95)) - d9d4e9ae-1d40-49aa-ab31-924367ef4809: new RaftServerImpl for group-BAF7FF0ECE87:[d9d4e9ae-1d40-49aa-ab31-924367ef4809:192.168.30.57:35166] with ContainerStateMachine:uninitialized
2019-09-25 10:21:08,842 [pool-439-thread-1] INFO  server.RaftServerConfigKeys (ConfUtils.java:logGet(43)) - raft.server.rpc.timeout.min = 5s (custom)
2019-09-25 10:21:08,842 [pool-439-thread-1] INFO  server.RaftServerConfigKeys (ConfUtils.java:logGet(43)) - raft.server.rpc.timeout.max = 5200ms (custom)
2019-09-25 10:21:08,842 [pool-439-thread-1] INFO  server.RaftServerConfigKeys (ConfUtils.java:logGet(43)) - raft.server.rpcslowness.timeout = 120s (custom)
2019-09-25 10:21:08,842 [pool-439-thread-1] INFO  server.RaftServerConfigKeys (ConfUtils.java:logGet(43)) - raft.server.sleep.deviation.threshold = 300 (default)
2019-09-25 10:21:08,842 [pool-439-thread-1] INFO  server.RaftServerConfigKeys (ConfUtils.java:logGet(43)) - raft.server.log.appender.install.snapshot.enabled = false (custom)
2019-09-25 10:21:08,842 [pool-439-thread-1] INFO  impl.RaftServerImpl (ServerState.java:<init>(103)) - d9d4e9ae-1d40-49aa-ab31-924367ef4809@group-BAF7FF0ECE87: ConfigurationManager, init=-1: [d9d4e9ae-1d40-49aa-ab31-924367ef4809:192.168.30.57:35166], old=null, confs=<EMPTY_MAP>
2019-09-25 10:21:08,842 [pool-439-thread-1] INFO  server.RaftServerConfigKeys (ConfUtils.java:logGet(43)) - raft.server.storage.dir = [/workdir/hadoop-ozone/integration-test/target/test-dir/MiniOzoneClusterImpl-3ef52350-cea6-4cbd-954a-79fe229e9e03/datanode-3/data/ratis] (custom)
2019-09-25 10:21:08,842 [pool-439-thread-1] INFO  storage.RaftStorageDirectory (RaftStorageDirectory.java:analyzeStorage(246)) - The storage directory /workdir/hadoop-ozone/integration-test/target/test-dir/MiniOzoneClusterImpl-3ef52350-cea6-4cbd-954a-79fe229e9e03/datanode-3/data/ratis/987ecbce-9074-491c-baa1-baf7ff0ece87 does not exist. Creating ...
2019-09-25 10:21:08,857 [pool-439-thread-1] INFO  storage.RaftStorageDirectory (RaftStorageDirectory.java:tryLock(328)) - Lock on /workdir/hadoop-ozone/integration-test/target/test-dir/MiniOzoneClusterImpl-3ef52350-cea6-4cbd-954a-79fe229e9e03/datanode-3/data/ratis/987ecbce-9074-491c-baa1-baf7ff0ece87/in_use.lock acquired by nodename 21269@pr-hdds-2166-kpqck-3197213426
2019-09-25 10:21:08,870 [pool-439-thread-1] INFO  storage.RaftStorage (RaftStorage.java:format(72)) - Storage directory /workdir/hadoop-ozone/integration-test/target/test-dir/MiniOzoneClusterImpl-3ef52350-cea6-4cbd-954a-79fe229e9e03/datanode-3/data/ratis/987ecbce-9074-491c-baa1-baf7ff0ece87 has been successfully formatted.
2019-09-25 10:21:08,870 [pool-439-thread-1] INFO  ratis.ContainerStateMachine (ContainerStateMachine.java:loadSnapshot(230)) - group-BAF7FF0ECE87: The snapshot info is null. Setting the last applied indexto:(t:0, i:~)
2019-09-25 10:21:08,870 [pool-439-thread-1] INFO  server.RaftServerConfigKeys (ConfUtils.java:logGet(43)) - raft.server.notification.no-leader.timeout = 120s (custom)
2019-09-25 10:21:08,870 [pool-439-thread-1] INFO  server.RaftServerConfigKeys (ConfUtils.java:logGet(43)) - raft.server.log.use.memory = false (default)
2019-09-25 10:21:08,871 [pool-439-thread-1] INFO  server.RaftServerConfigKeys (ConfUtils.java:logGet(43)) - raft.server.log.purge.gap = 1000000 (custom)
2019-09-25 10:21:08,871 [pool-439-thread-1] INFO  server.RaftServerConfigKeys (ConfUtils.java:logGet(43)) - raft.server.log.appender.buffer.byte-limit = 33554432 (custom)
2019-09-25 10:21:08,871 [pool-439-thread-1] INFO  server.RaftServerConfigKeys (ConfUtils.java:logGet(43)) - raft.server.log.segment.size.max = 1048576 (custom)
2019-09-25 10:21:08,871 [pool-439-thread-1] INFO  server.RaftServerConfigKeys (ConfUtils.java:logGet(43)) - raft.server.log.segment.cache.num.max = 2 (custom)
2019-09-25 10:21:08,871 [pool-439-thread-1] INFO  segmented.SegmentedRaftLogWorker (SegmentedRaftLogWorker.java:<init>(172)) - new d9d4e9ae-1d40-49aa-ab31-924367ef4809@group-BAF7FF0ECE87-SegmentedRaftLogWorker for RaftStorage:Storage Directory /workdir/hadoop-ozone/integration-test/target/test-dir/MiniOzoneClusterImpl-3ef52350-cea6-4cbd-954a-79fe229e9e03/datanode-3/data/ratis/987ecbce-9074-491c-baa1-baf7ff0ece87
2019-09-25 10:21:08,872 [pool-439-thread-1] INFO  server.RaftServerConfigKeys (ConfUtils.java:logGet(43)) - raft.server.log.queue.byte-limit = 2147483647 (custom)
2019-09-25 10:21:08,872 [IPC Server handler 0 on 45233] INFO  net.NetworkTopology (NetworkTopologyImpl.java:add(111)) - Added a new node: /default-rack/b23d8b54-383c-4e3b-b09c-30676c2d339e
2019-09-25 10:21:08,873 [pool-439-thread-1] INFO  server.RaftServerConfigKeys (ConfUtils.java:logGet(43)) - raft.server.log.queue.element-limit = 1024 (custom)
2019-09-25 10:21:08,873 [IPC Server handler 0 on 45233] INFO  node.SCMNodeManager (SCMNodeManager.java:register(266)) - Registered Data node : b23d8b54-383c-4e3b-b09c-30676c2d339e{ip: 192.168.30.57, host: pr-hdds-2166-kpqck-3197213426, networkLocation: /default-rack, certSerialId: null}
2019-09-25 10:21:08,873 [pool-439-thread-1] INFO  server.RaftServerConfigKeys (ConfUtils.java:logGet(43)) - raft.server.log.segment.size.max = 1048576 (custom)
2019-09-25 10:21:08,873 [pool-439-thread-1] INFO  server.RaftServerConfigKeys (ConfUtils.java:logGet(43)) - raft.server.log.preallocated.size = 16384 (custom)
2019-09-25 10:21:08,873 [pool-439-thread-1] INFO  server.RaftServerConfigKeys (ConfUtils.java:logGet(43)) - raft.server.log.write.buffer.size = 33554432 (custom)
2019-09-25 10:21:08,873 [pool-439-thread-1] INFO  server.RaftServerConfigKeys (ConfUtils.java:logGet(43)) - raft.server.log.force.sync.num = 128 (default)
2019-09-25 10:21:08,873 [pool-439-thread-1] INFO  server.RaftServerConfigKeys (ConfUtils.java:logGet(43)) - raft.server.log.statemachine.data.sync = true (default)
2019-09-25 10:21:08,874 [pool-439-thread-1] INFO  server.RaftServerConfigKeys (ConfUtils.java:logGet(43)) - raft.server.log.statemachine.data.sync.timeout = 10s (default)
2019-09-25 10:21:08,874 [pool-439-thread-1] INFO  server.RaftServerConfigKeys (ConfUtils.java:logGet(43)) - raft.server.log.statemachine.data.sync.timeout.retry = -1 (default)
2019-09-25 10:21:08,874 [main] INFO  ozone.MiniOzoneClusterImpl (MiniOzoneClusterImpl.java:lambda$waitForClusterToBeReady$0(147)) - Cluster is ready. Got 7 of 7 DN Heartbeats.
2019-09-25 10:21:08,874 [pool-439-thread-1] INFO  server.RaftServerConfigKeys (ConfUtils.java:logGet(43)) - raft.server.log.statemachine.data.caching.enabled = true (custom)
2019-09-25 10:21:08,874 [pool-439-thread-1] INFO  segmented.SegmentedRaftLogWorker (SegmentedRaftLogWorker.java:lambda$new$0(132)) - d9d4e9ae-1d40-49aa-ab31-924367ef4809@group-BAF7FF0ECE87-SegmentedRaftLogWorker: flushIndex: setUnconditionally 0 -> -1
2019-09-25 10:21:08,875 [pool-439-thread-1] INFO  server.RaftServerConfigKeys (ConfUtils.java:logGet(43)) - raft.server.snapshot.auto.trigger.enabled = true (custom)
2019-09-25 10:21:08,875 [pool-439-thread-1] INFO  server.RaftServerConfigKeys (ConfUtils.java:logGet(43)) - raft.server.snapshot.auto.trigger.threshold = 10000 (custom)
2019-09-25 10:21:08,875 [pool-439-thread-1] INFO  server.RaftServerConfigKeys (ConfUtils.java:logGet(43)) - raft.server.snapshot.retention.num.files = 5 (custom)
2019-09-25 10:21:08,875 [pool-439-thread-1] INFO  server.RaftServerConfigKeys (ConfUtils.java:logGet(43)) - raft.server.retrycache.expirytime = 600000ms (custom)
2019-09-25 10:21:08,876 [pool-439-thread-1] INFO  impl.RaftServerImpl (RaftServerImpl.java:start(185)) - d9d4e9ae-1d40-49aa-ab31-924367ef4809@group-BAF7FF0ECE87: start as a follower, conf=-1: [d9d4e9ae-1d40-49aa-ab31-924367ef4809:192.168.30.57:35166], old=null
2019-09-25 10:21:08,877 [pool-439-thread-1] INFO  impl.RaftServerImpl (RaftServerImpl.java:setRole(174)) - d9d4e9ae-1d40-49aa-ab31-924367ef4809@group-BAF7FF0ECE87: changes role from      null to FOLLOWER at term 0 for startAsFollower
2019-09-25 10:21:08,877 [pool-439-thread-1] INFO  impl.RoleInfo (RoleInfo.java:updateAndGet(143)) - d9d4e9ae-1d40-49aa-ab31-924367ef4809: start FollowerState
2019-09-25 10:21:08,882 [pool-439-thread-1] INFO  util.JmxRegister (JmxRegister.java:tryRegister(44)) - Successfully registered JMX Bean with object name Ratis:service=RaftServer,group=group-BAF7FF0ECE87,id=d9d4e9ae-1d40-49aa-ab31-924367ef4809
2019-09-25 10:21:08,886 [RatisPipelineUtilsThread] INFO  pipeline.PipelineStateManager (PipelineStateManager.java:addPipeline(56)) - Created pipeline Pipeline[ Id: 987ecbce-9074-491c-baa1-baf7ff0ece87, Nodes: d9d4e9ae-1d40-49aa-ab31-924367ef4809{ip: 192.168.30.57, host: pr-hdds-2166-kpqck-3197213426, networkLocation: /default-rack, certSerialId: null}, Type:RATIS, Factor:ONE, State:OPEN]
2019-09-25 10:21:08,904 [grpc-default-executor-6] INFO  impl.RaftServerProxy (RaftServerProxy.java:addNew(89)) - fc8031bc-9391-4f9f-9cf5-e32bf235798d: addNew group-E957F739EB64:[fc8031bc-9391-4f9f-9cf5-e32bf235798d:192.168.30.57:34636] returns group-E957F739EB64:java.util.concurrent.CompletableFuture@14557692[Not completed]
2019-09-25 10:21:08,905 [pool-459-thread-1] INFO  impl.RaftServerImpl (RaftServerImpl.java:<init>(95)) - fc8031bc-9391-4f9f-9cf5-e32bf235798d: new RaftServerImpl for group-E957F739EB64:[fc8031bc-9391-4f9f-9cf5-e32bf235798d:192.168.30.57:34636] with ContainerStateMachine:uninitialized
2019-09-25 10:21:08,905 [pool-459-thread-1] INFO  server.RaftServerConfigKeys (ConfUtils.java:logGet(43)) - raft.server.rpc.timeout.min = 5s (custom)
2019-09-25 10:21:08,905 [pool-459-thread-1] INFO  server.RaftServerConfigKeys (ConfUtils.java:logGet(43)) - raft.server.rpc.timeout.max = 5200ms (custom)
2019-09-25 10:21:08,906 [pool-459-thread-1] INFO  server.RaftServerConfigKeys (ConfUtils.java:logGet(43)) - raft.server.rpcslowness.timeout = 120s (custom)
2019-09-25 10:21:08,906 [main] INFO  rpc.RpcClient (RpcClient.java:createVolume(276)) - Creating Volume: testblockoutputstream, with jenkins1000 as owner.
2019-09-25 10:21:08,906 [pool-459-thread-1] INFO  server.RaftServerConfigKeys (ConfUtils.java:logGet(43)) - raft.server.sleep.deviation.threshold = 300 (default)
2019-09-25 10:21:08,906 [pool-459-thread-1] INFO  server.RaftServerConfigKeys (ConfUtils.java:logGet(43)) - raft.server.log.appender.install.snapshot.enabled = false (custom)
2019-09-25 10:21:08,906 [pool-459-thread-1] INFO  impl.RaftServerImpl (ServerState.java:<init>(103)) - fc8031bc-9391-4f9f-9cf5-e32bf235798d@group-E957F739EB64: ConfigurationManager, init=-1: [fc8031bc-9391-4f9f-9cf5-e32bf235798d:192.168.30.57:34636], old=null, confs=<EMPTY_MAP>
2019-09-25 10:21:08,906 [pool-459-thread-1] INFO  server.RaftServerConfigKeys (ConfUtils.java:logGet(43)) - raft.server.storage.dir = [/workdir/hadoop-ozone/integration-test/target/test-dir/MiniOzoneClusterImpl-3ef52350-cea6-4cbd-954a-79fe229e9e03/datanode-5/data/ratis] (custom)
2019-09-25 10:21:08,907 [pool-459-thread-1] INFO  storage.RaftStorageDirectory (RaftStorageDirectory.java:analyzeStorage(246)) - The storage directory /workdir/hadoop-ozone/integration-test/target/test-dir/MiniOzoneClusterImpl-3ef52350-cea6-4cbd-954a-79fe229e9e03/datanode-5/data/ratis/06b7d73c-14a0-458e-b76b-e957f739eb64 does not exist. Creating ...
2019-09-25 10:21:08,908 [IPC Server handler 2 on 38052] INFO  volume.OMVolumeCreateRequest (OMVolumeCreateRequest.java:validateAndUpdateCache(194)) - created volume:testblockoutputstream for user:jenkins1000
2019-09-25 10:21:08,923 [pool-459-thread-1] INFO  storage.RaftStorageDirectory (RaftStorageDirectory.java:tryLock(328)) - Lock on /workdir/hadoop-ozone/integration-test/target/test-dir/MiniOzoneClusterImpl-3ef52350-cea6-4cbd-954a-79fe229e9e03/datanode-5/data/ratis/06b7d73c-14a0-458e-b76b-e957f739eb64/in_use.lock acquired by nodename 21269@pr-hdds-2166-kpqck-3197213426
2019-09-25 10:21:08,923 [main] INFO  rpc.RpcClient (RpcClient.java:createBucket(415)) - Creating Bucket: testblockoutputstream/testblockoutputstream, with Versioning false and Storage Type set to DISK and Encryption set to false 
2019-09-25 10:21:08,936 [pool-459-thread-1] INFO  storage.RaftStorage (RaftStorage.java:format(72)) - Storage directory /workdir/hadoop-ozone/integration-test/target/test-dir/MiniOzoneClusterImpl-3ef52350-cea6-4cbd-954a-79fe229e9e03/datanode-5/data/ratis/06b7d73c-14a0-458e-b76b-e957f739eb64 has been successfully formatted.
2019-09-25 10:21:08,936 [pool-459-thread-1] INFO  ratis.ContainerStateMachine (ContainerStateMachine.java:loadSnapshot(230)) - group-E957F739EB64: The snapshot info is null. Setting the last applied indexto:(t:0, i:~)
2019-09-25 10:21:08,936 [pool-459-thread-1] INFO  server.RaftServerConfigKeys (ConfUtils.java:logGet(43)) - raft.server.notification.no-leader.timeout = 120s (custom)
2019-09-25 10:21:08,936 [pool-459-thread-1] INFO  server.RaftServerConfigKeys (ConfUtils.java:logGet(43)) - raft.server.log.use.memory = false (default)
2019-09-25 10:21:08,936 [pool-459-thread-1] INFO  server.RaftServerConfigKeys (ConfUtils.java:logGet(43)) - raft.server.log.purge.gap = 1000000 (custom)
2019-09-25 10:21:08,936 [pool-459-thread-1] INFO  server.RaftServerConfigKeys (ConfUtils.java:logGet(43)) - raft.server.log.appender.buffer.byte-limit = 33554432 (custom)
2019-09-25 10:21:08,937 [pool-459-thread-1] INFO  server.RaftServerConfigKeys (ConfUtils.java:logGet(43)) - raft.server.log.segment.size.max = 1048576 (custom)
2019-09-25 10:21:08,937 [pool-459-thread-1] INFO  server.RaftServerConfigKeys (ConfUtils.java:logGet(43)) - raft.server.log.segment.cache.num.max = 2 (custom)
2019-09-25 10:21:08,937 [pool-459-thread-1] INFO  segmented.SegmentedRaftLogWorker (SegmentedRaftLogWorker.java:<init>(172)) - new fc8031bc-9391-4f9f-9cf5-e32bf235798d@group-E957F739EB64-SegmentedRaftLogWorker for RaftStorage:Storage Directory /workdir/hadoop-ozone/integration-test/target/test-dir/MiniOzoneClusterImpl-3ef52350-cea6-4cbd-954a-79fe229e9e03/datanode-5/data/ratis/06b7d73c-14a0-458e-b76b-e957f739eb64
2019-09-25 10:21:08,939 [pool-459-thread-1] INFO  server.RaftServerConfigKeys (ConfUtils.java:logGet(43)) - raft.server.log.queue.byte-limit = 2147483647 (custom)
2019-09-25 10:21:08,939 [pool-459-thread-1] INFO  server.RaftServerConfigKeys (ConfUtils.java:logGet(43)) - raft.server.log.queue.element-limit = 1024 (custom)
2019-09-25 10:21:08,939 [pool-459-thread-1] INFO  server.RaftServerConfigKeys (ConfUtils.java:logGet(43)) - raft.server.log.segment.size.max = 1048576 (custom)
2019-09-25 10:21:08,939 [pool-459-thread-1] INFO  server.RaftServerConfigKeys (ConfUtils.java:logGet(43)) - raft.server.log.preallocated.size = 16384 (custom)
2019-09-25 10:21:08,939 [pool-459-thread-1] INFO  server.RaftServerConfigKeys (ConfUtils.java:logGet(43)) - raft.server.log.write.buffer.size = 33554432 (custom)
2019-09-25 10:21:08,939 [pool-459-thread-1] INFO  server.RaftServerConfigKeys (ConfUtils.java:logGet(43)) - raft.server.log.force.sync.num = 128 (default)
2019-09-25 10:21:08,939 [pool-459-thread-1] INFO  server.RaftServerConfigKeys (ConfUtils.java:logGet(43)) - raft.server.log.statemachine.data.sync = true (default)
2019-09-25 10:21:08,939 [pool-459-thread-1] INFO  server.RaftServerConfigKeys (ConfUtils.java:logGet(43)) - raft.server.log.statemachine.data.sync.timeout = 10s (default)
2019-09-25 10:21:08,940 [pool-459-thread-1] INFO  server.RaftServerConfigKeys (ConfUtils.java:logGet(43)) - raft.server.log.statemachine.data.sync.timeout.retry = -1 (default)
2019-09-25 10:21:08,940 [pool-459-thread-1] INFO  server.RaftServerConfigKeys (ConfUtils.java:logGet(43)) - raft.server.log.statemachine.data.caching.enabled = true (custom)
2019-09-25 10:21:08,940 [pool-459-thread-1] INFO  segmented.SegmentedRaftLogWorker (SegmentedRaftLogWorker.java:lambda$new$0(132)) - fc8031bc-9391-4f9f-9cf5-e32bf235798d@group-E957F739EB64-SegmentedRaftLogWorker: flushIndex: setUnconditionally 0 -> -1
2019-09-25 10:21:08,940 [pool-459-thread-1] INFO  server.RaftServerConfigKeys (ConfUtils.java:logGet(43)) - raft.server.snapshot.auto.trigger.enabled = true (custom)
2019-09-25 10:21:08,940 [pool-459-thread-1] INFO  server.RaftServerConfigKeys (ConfUtils.java:logGet(43)) - raft.server.snapshot.auto.trigger.threshold = 10000 (custom)
2019-09-25 10:21:08,941 [pool-459-thread-1] INFO  server.RaftServerConfigKeys (ConfUtils.java:logGet(43)) - raft.server.snapshot.retention.num.files = 5 (custom)
2019-09-25 10:21:08,941 [pool-459-thread-1] INFO  server.RaftServerConfigKeys (ConfUtils.java:logGet(43)) - raft.server.retrycache.expirytime = 600000ms (custom)
2019-09-25 10:21:08,942 [pool-459-thread-1] INFO  impl.RaftServerImpl (RaftServerImpl.java:start(185)) - fc8031bc-9391-4f9f-9cf5-e32bf235798d@group-E957F739EB64: start as a follower, conf=-1: [fc8031bc-9391-4f9f-9cf5-e32bf235798d:192.168.30.57:34636], old=null
2019-09-25 10:21:08,942 [pool-459-thread-1] INFO  impl.RaftServerImpl (RaftServerImpl.java:setRole(174)) - fc8031bc-9391-4f9f-9cf5-e32bf235798d@group-E957F739EB64: changes role from      null to FOLLOWER at term 0 for startAsFollower
2019-09-25 10:21:08,942 [pool-459-thread-1] INFO  impl.RoleInfo (RoleInfo.java:updateAndGet(143)) - fc8031bc-9391-4f9f-9cf5-e32bf235798d: start FollowerState
2019-09-25 10:21:08,943 [pool-459-thread-1] INFO  util.JmxRegister (JmxRegister.java:tryRegister(44)) - Successfully registered JMX Bean with object name Ratis:service=RaftServer,group=group-E957F739EB64,id=fc8031bc-9391-4f9f-9cf5-e32bf235798d
2019-09-25 10:21:08,944 [RatisPipelineUtilsThread] INFO  pipeline.PipelineStateManager (PipelineStateManager.java:addPipeline(56)) - Created pipeline Pipeline[ Id: 06b7d73c-14a0-458e-b76b-e957f739eb64, Nodes: fc8031bc-9391-4f9f-9cf5-e32bf235798d{ip: 192.168.30.57, host: pr-hdds-2166-kpqck-3197213426, networkLocation: /default-rack, certSerialId: null}, Type:RATIS, Factor:ONE, State:OPEN]
2019-09-25 10:21:08,952 [grpc-default-executor-6] INFO  impl.RaftServerProxy (RaftServerProxy.java:addNew(89)) - b23d8b54-383c-4e3b-b09c-30676c2d339e: addNew group-CE2B8D62E023:[b23d8b54-383c-4e3b-b09c-30676c2d339e:192.168.30.57:34951] returns group-CE2B8D62E023:java.util.concurrent.CompletableFuture@38ef65e1[Not completed]
2019-09-25 10:21:08,953 [pool-469-thread-1] INFO  impl.RaftServerImpl (RaftServerImpl.java:<init>(95)) - b23d8b54-383c-4e3b-b09c-30676c2d339e: new RaftServerImpl for group-CE2B8D62E023:[b23d8b54-383c-4e3b-b09c-30676c2d339e:192.168.30.57:34951] with ContainerStateMachine:uninitialized
2019-09-25 10:21:08,953 [pool-469-thread-1] INFO  server.RaftServerConfigKeys (ConfUtils.java:logGet(43)) - raft.server.rpc.timeout.min = 5s (custom)
2019-09-25 10:21:08,953 [pool-469-thread-1] INFO  server.RaftServerConfigKeys (ConfUtils.java:logGet(43)) - raft.server.rpc.timeout.max = 5200ms (custom)
2019-09-25 10:21:08,953 [pool-469-thread-1] INFO  server.RaftServerConfigKeys (ConfUtils.java:logGet(43)) - raft.server.rpcslowness.timeout = 120s (custom)
2019-09-25 10:21:08,953 [pool-469-thread-1] INFO  server.RaftServerConfigKeys (ConfUtils.java:logGet(43)) - raft.server.sleep.deviation.threshold = 300 (default)
2019-09-25 10:21:08,953 [pool-469-thread-1] INFO  server.RaftServerConfigKeys (ConfUtils.java:logGet(43)) - raft.server.log.appender.install.snapshot.enabled = false (custom)
2019-09-25 10:21:08,953 [pool-469-thread-1] INFO  impl.RaftServerImpl (ServerState.java:<init>(103)) - b23d8b54-383c-4e3b-b09c-30676c2d339e@group-CE2B8D62E023: ConfigurationManager, init=-1: [b23d8b54-383c-4e3b-b09c-30676c2d339e:192.168.30.57:34951], old=null, confs=<EMPTY_MAP>
2019-09-25 10:21:08,953 [pool-469-thread-1] INFO  server.RaftServerConfigKeys (ConfUtils.java:logGet(43)) - raft.server.storage.dir = [/workdir/hadoop-ozone/integration-test/target/test-dir/MiniOzoneClusterImpl-3ef52350-cea6-4cbd-954a-79fe229e9e03/datanode-6/data/ratis] (custom)
2019-09-25 10:21:08,953 [pool-469-thread-1] INFO  storage.RaftStorageDirectory (RaftStorageDirectory.java:analyzeStorage(246)) - The storage directory /workdir/hadoop-ozone/integration-test/target/test-dir/MiniOzoneClusterImpl-3ef52350-cea6-4cbd-954a-79fe229e9e03/datanode-6/data/ratis/a48bbd50-575b-4ca4-8613-ce2b8d62e023 does not exist. Creating ...
2019-09-25 10:21:08,962 [pool-469-thread-1] INFO  storage.RaftStorageDirectory (RaftStorageDirectory.java:tryLock(328)) - Lock on /workdir/hadoop-ozone/integration-test/target/test-dir/MiniOzoneClusterImpl-3ef52350-cea6-4cbd-954a-79fe229e9e03/datanode-6/data/ratis/a48bbd50-575b-4ca4-8613-ce2b8d62e023/in_use.lock acquired by nodename 21269@pr-hdds-2166-kpqck-3197213426
2019-09-25 10:21:08,977 [pool-469-thread-1] INFO  storage.RaftStorage (RaftStorage.java:format(72)) - Storage directory /workdir/hadoop-ozone/integration-test/target/test-dir/MiniOzoneClusterImpl-3ef52350-cea6-4cbd-954a-79fe229e9e03/datanode-6/data/ratis/a48bbd50-575b-4ca4-8613-ce2b8d62e023 has been successfully formatted.
2019-09-25 10:21:08,977 [pool-469-thread-1] INFO  ratis.ContainerStateMachine (ContainerStateMachine.java:loadSnapshot(230)) - group-CE2B8D62E023: The snapshot info is null. Setting the last applied indexto:(t:0, i:~)
2019-09-25 10:21:08,977 [pool-469-thread-1] INFO  server.RaftServerConfigKeys (ConfUtils.java:logGet(43)) - raft.server.notification.no-leader.timeout = 120s (custom)
2019-09-25 10:21:08,977 [pool-469-thread-1] INFO  server.RaftServerConfigKeys (ConfUtils.java:logGet(43)) - raft.server.log.use.memory = false (default)
2019-09-25 10:21:08,977 [pool-469-thread-1] INFO  server.RaftServerConfigKeys (ConfUtils.java:logGet(43)) - raft.server.log.purge.gap = 1000000 (custom)
2019-09-25 10:21:08,977 [pool-469-thread-1] INFO  server.RaftServerConfigKeys (ConfUtils.java:logGet(43)) - raft.server.log.appender.buffer.byte-limit = 33554432 (custom)
2019-09-25 10:21:08,977 [pool-469-thread-1] INFO  server.RaftServerConfigKeys (ConfUtils.java:logGet(43)) - raft.server.log.segment.size.max = 1048576 (custom)
2019-09-25 10:21:08,977 [pool-469-thread-1] INFO  server.RaftServerConfigKeys (ConfUtils.java:logGet(43)) - raft.server.log.segment.cache.num.max = 2 (custom)
2019-09-25 10:21:08,978 [pool-469-thread-1] INFO  segmented.SegmentedRaftLogWorker (SegmentedRaftLogWorker.java:<init>(172)) - new b23d8b54-383c-4e3b-b09c-30676c2d339e@group-CE2B8D62E023-SegmentedRaftLogWorker for RaftStorage:Storage Directory /workdir/hadoop-ozone/integration-test/target/test-dir/MiniOzoneClusterImpl-3ef52350-cea6-4cbd-954a-79fe229e9e03/datanode-6/data/ratis/a48bbd50-575b-4ca4-8613-ce2b8d62e023
2019-09-25 10:21:08,980 [pool-469-thread-1] INFO  server.RaftServerConfigKeys (ConfUtils.java:logGet(43)) - raft.server.log.queue.byte-limit = 2147483647 (custom)
2019-09-25 10:21:08,980 [pool-469-thread-1] INFO  server.RaftServerConfigKeys (ConfUtils.java:logGet(43)) - raft.server.log.queue.element-limit = 1024 (custom)
2019-09-25 10:21:08,980 [pool-469-thread-1] INFO  server.RaftServerConfigKeys (ConfUtils.java:logGet(43)) - raft.server.log.segment.size.max = 1048576 (custom)
2019-09-25 10:21:08,980 [pool-469-thread-1] INFO  server.RaftServerConfigKeys (ConfUtils.java:logGet(43)) - raft.server.log.preallocated.size = 16384 (custom)
2019-09-25 10:21:08,980 [pool-469-thread-1] INFO  server.RaftServerConfigKeys (ConfUtils.java:logGet(43)) - raft.server.log.write.buffer.size = 33554432 (custom)
2019-09-25 10:21:08,980 [pool-469-thread-1] INFO  server.RaftServerConfigKeys (ConfUtils.java:logGet(43)) - raft.server.log.force.sync.num = 128 (default)
2019-09-25 10:21:08,980 [pool-469-thread-1] INFO  server.RaftServerConfigKeys (ConfUtils.java:logGet(43)) - raft.server.log.statemachine.data.sync = true (default)
2019-09-25 10:21:08,981 [pool-469-thread-1] INFO  server.RaftServerConfigKeys (ConfUtils.java:logGet(43)) - raft.server.log.statemachine.data.sync.timeout = 10s (default)
2019-09-25 10:21:08,981 [pool-469-thread-1] INFO  server.RaftServerConfigKeys (ConfUtils.java:logGet(43)) - raft.server.log.statemachine.data.sync.timeout.retry = -1 (default)
2019-09-25 10:21:08,981 [pool-469-thread-1] INFO  server.RaftServerConfigKeys (ConfUtils.java:logGet(43)) - raft.server.log.statemachine.data.caching.enabled = true (custom)
2019-09-25 10:21:08,981 [pool-469-thread-1] INFO  segmented.SegmentedRaftLogWorker (SegmentedRaftLogWorker.java:lambda$new$0(132)) - b23d8b54-383c-4e3b-b09c-30676c2d339e@group-CE2B8D62E023-SegmentedRaftLogWorker: flushIndex: setUnconditionally 0 -> -1
2019-09-25 10:21:08,981 [pool-469-thread-1] INFO  server.RaftServerConfigKeys (ConfUtils.java:logGet(43)) - raft.server.snapshot.auto.trigger.enabled = true (custom)
2019-09-25 10:21:08,981 [pool-469-thread-1] INFO  server.RaftServerConfigKeys (ConfUtils.java:logGet(43)) - raft.server.snapshot.auto.trigger.threshold = 10000 (custom)
2019-09-25 10:21:08,981 [pool-469-thread-1] INFO  server.RaftServerConfigKeys (ConfUtils.java:logGet(43)) - raft.server.snapshot.retention.num.files = 5 (custom)
2019-09-25 10:21:08,981 [pool-469-thread-1] INFO  server.RaftServerConfigKeys (ConfUtils.java:logGet(43)) - raft.server.retrycache.expirytime = 600000ms (custom)
2019-09-25 10:21:08,983 [pool-469-thread-1] INFO  impl.RaftServerImpl (RaftServerImpl.java:start(185)) - b23d8b54-383c-4e3b-b09c-30676c2d339e@group-CE2B8D62E023: start as a follower, conf=-1: [b23d8b54-383c-4e3b-b09c-30676c2d339e:192.168.30.57:34951], old=null
2019-09-25 10:21:08,983 [pool-469-thread-1] INFO  impl.RaftServerImpl (RaftServerImpl.java:setRole(174)) - b23d8b54-383c-4e3b-b09c-30676c2d339e@group-CE2B8D62E023: changes role from      null to FOLLOWER at term 0 for startAsFollower
2019-09-25 10:21:08,983 [pool-469-thread-1] INFO  impl.RoleInfo (RoleInfo.java:updateAndGet(143)) - b23d8b54-383c-4e3b-b09c-30676c2d339e: start FollowerState
2019-09-25 10:21:08,983 [pool-469-thread-1] INFO  util.JmxRegister (JmxRegister.java:tryRegister(44)) - Successfully registered JMX Bean with object name Ratis:service=RaftServer,group=group-CE2B8D62E023,id=b23d8b54-383c-4e3b-b09c-30676c2d339e
2019-09-25 10:21:08,984 [RatisPipelineUtilsThread] INFO  pipeline.PipelineStateManager (PipelineStateManager.java:addPipeline(56)) - Created pipeline Pipeline[ Id: a48bbd50-575b-4ca4-8613-ce2b8d62e023, Nodes: b23d8b54-383c-4e3b-b09c-30676c2d339e{ip: 192.168.30.57, host: pr-hdds-2166-kpqck-3197213426, networkLocation: /default-rack, certSerialId: null}, Type:RATIS, Factor:ONE, State:OPEN]
2019-09-25 10:21:08,991 [grpc-default-executor-9] INFO  impl.RaftServerProxy (RaftServerProxy.java:addNew(89)) - d9d4e9ae-1d40-49aa-ab31-924367ef4809: addNew group-AD0E2131DC16:[d9d4e9ae-1d40-49aa-ab31-924367ef4809:192.168.30.57:35166, fc8031bc-9391-4f9f-9cf5-e32bf235798d:192.168.30.57:34636, 36da9443-b73f-4d07-9b1e-a1622725362a:192.168.30.57:40153] returns group-AD0E2131DC16:java.util.concurrent.CompletableFuture@18288494[Not completed]
2019-09-25 10:21:08,992 [grpc-default-executor-6] INFO  impl.RaftServerProxy (RaftServerProxy.java:addNew(89)) - 36da9443-b73f-4d07-9b1e-a1622725362a: addNew group-AD0E2131DC16:[d9d4e9ae-1d40-49aa-ab31-924367ef4809:192.168.30.57:35166, fc8031bc-9391-4f9f-9cf5-e32bf235798d:192.168.30.57:34636, 36da9443-b73f-4d07-9b1e-a1622725362a:192.168.30.57:40153] returns group-AD0E2131DC16:java.util.concurrent.CompletableFuture@bfa1866[Not completed]
2019-09-25 10:21:08,992 [pool-439-thread-1] INFO  impl.RaftServerImpl (RaftServerImpl.java:<init>(95)) - d9d4e9ae-1d40-49aa-ab31-924367ef4809: new RaftServerImpl for group-AD0E2131DC16:[d9d4e9ae-1d40-49aa-ab31-924367ef4809:192.168.30.57:35166, fc8031bc-9391-4f9f-9cf5-e32bf235798d:192.168.30.57:34636, 36da9443-b73f-4d07-9b1e-a1622725362a:192.168.30.57:40153] with ContainerStateMachine:uninitialized
2019-09-25 10:21:08,992 [grpc-default-executor-6] INFO  impl.RaftServerProxy (RaftServerProxy.java:addNew(89)) - fc8031bc-9391-4f9f-9cf5-e32bf235798d: addNew group-AD0E2131DC16:[d9d4e9ae-1d40-49aa-ab31-924367ef4809:192.168.30.57:35166, fc8031bc-9391-4f9f-9cf5-e32bf235798d:192.168.30.57:34636, 36da9443-b73f-4d07-9b1e-a1622725362a:192.168.30.57:40153] returns group-AD0E2131DC16:java.util.concurrent.CompletableFuture@48f9b495[Not completed]
2019-09-25 10:21:08,992 [pool-439-thread-1] INFO  server.RaftServerConfigKeys (ConfUtils.java:logGet(43)) - raft.server.rpc.timeout.min = 5s (custom)
2019-09-25 10:21:08,993 [pool-439-thread-1] INFO  server.RaftServerConfigKeys (ConfUtils.java:logGet(43)) - raft.server.rpc.timeout.max = 5200ms (custom)
2019-09-25 10:21:08,993 [pool-439-thread-1] INFO  server.RaftServerConfigKeys (ConfUtils.java:logGet(43)) - raft.server.rpcslowness.timeout = 120s (custom)
2019-09-25 10:21:08,993 [pool-439-thread-1] INFO  server.RaftServerConfigKeys (ConfUtils.java:logGet(43)) - raft.server.sleep.deviation.threshold = 300 (default)
2019-09-25 10:21:08,993 [pool-439-thread-1] INFO  server.RaftServerConfigKeys (ConfUtils.java:logGet(43)) - raft.server.log.appender.install.snapshot.enabled = false (custom)
2019-09-25 10:21:08,993 [pool-439-thread-1] INFO  impl.RaftServerImpl (ServerState.java:<init>(103)) - d9d4e9ae-1d40-49aa-ab31-924367ef4809@group-AD0E2131DC16: ConfigurationManager, init=-1: [d9d4e9ae-1d40-49aa-ab31-924367ef4809:192.168.30.57:35166, fc8031bc-9391-4f9f-9cf5-e32bf235798d:192.168.30.57:34636, 36da9443-b73f-4d07-9b1e-a1622725362a:192.168.30.57:40153], old=null, confs=<EMPTY_MAP>
2019-09-25 10:21:08,993 [pool-439-thread-1] INFO  server.RaftServerConfigKeys (ConfUtils.java:logGet(43)) - raft.server.storage.dir = [/workdir/hadoop-ozone/integration-test/target/test-dir/MiniOzoneClusterImpl-3ef52350-cea6-4cbd-954a-79fe229e9e03/datanode-3/data/ratis] (custom)
2019-09-25 10:21:08,993 [pool-439-thread-1] INFO  storage.RaftStorageDirectory (RaftStorageDirectory.java:analyzeStorage(246)) - The storage directory /workdir/hadoop-ozone/integration-test/target/test-dir/MiniOzoneClusterImpl-3ef52350-cea6-4cbd-954a-79fe229e9e03/datanode-3/data/ratis/7b446907-ae5c-45bd-981d-ad0e2131dc16 does not exist. Creating ...
2019-09-25 10:21:08,994 [pool-449-thread-1] INFO  impl.RaftServerImpl (RaftServerImpl.java:<init>(95)) - 36da9443-b73f-4d07-9b1e-a1622725362a: new RaftServerImpl for group-AD0E2131DC16:[d9d4e9ae-1d40-49aa-ab31-924367ef4809:192.168.30.57:35166, fc8031bc-9391-4f9f-9cf5-e32bf235798d:192.168.30.57:34636, 36da9443-b73f-4d07-9b1e-a1622725362a:192.168.30.57:40153] with ContainerStateMachine:uninitialized
2019-09-25 10:21:08,994 [pool-449-thread-1] INFO  server.RaftServerConfigKeys (ConfUtils.java:logGet(43)) - raft.server.rpc.timeout.min = 5s (custom)
2019-09-25 10:21:08,994 [pool-459-thread-1] INFO  impl.RaftServerImpl (RaftServerImpl.java:<init>(95)) - fc8031bc-9391-4f9f-9cf5-e32bf235798d: new RaftServerImpl for group-AD0E2131DC16:[d9d4e9ae-1d40-49aa-ab31-924367ef4809:192.168.30.57:35166, fc8031bc-9391-4f9f-9cf5-e32bf235798d:192.168.30.57:34636, 36da9443-b73f-4d07-9b1e-a1622725362a:192.168.30.57:40153] with ContainerStateMachine:uninitialized
2019-09-25 10:21:08,994 [pool-449-thread-1] INFO  server.RaftServerConfigKeys (ConfUtils.java:logGet(43)) - raft.server.rpc.timeout.max = 5200ms (custom)
2019-09-25 10:21:08,994 [pool-459-thread-1] INFO  server.RaftServerConfigKeys (ConfUtils.java:logGet(43)) - raft.server.rpc.timeout.min = 5s (custom)
2019-09-25 10:21:08,994 [pool-449-thread-1] INFO  server.RaftServerConfigKeys (ConfUtils.java:logGet(43)) - raft.server.rpcslowness.timeout = 120s (custom)
2019-09-25 10:21:08,994 [pool-459-thread-1] INFO  server.RaftServerConfigKeys (ConfUtils.java:logGet(43)) - raft.server.rpc.timeout.max = 5200ms (custom)
2019-09-25 10:21:08,995 [pool-449-thread-1] INFO  server.RaftServerConfigKeys (ConfUtils.java:logGet(43)) - raft.server.sleep.deviation.threshold = 300 (default)
2019-09-25 10:21:08,995 [pool-459-thread-1] INFO  server.RaftServerConfigKeys (ConfUtils.java:logGet(43)) - raft.server.rpcslowness.timeout = 120s (custom)
2019-09-25 10:21:08,995 [pool-449-thread-1] INFO  server.RaftServerConfigKeys (ConfUtils.java:logGet(43)) - raft.server.log.appender.install.snapshot.enabled = false (custom)
2019-09-25 10:21:08,995 [pool-459-thread-1] INFO  server.RaftServerConfigKeys (ConfUtils.java:logGet(43)) - raft.server.sleep.deviation.threshold = 300 (default)
2019-09-25 10:21:08,995 [pool-449-thread-1] INFO  impl.RaftServerImpl (ServerState.java:<init>(103)) - 36da9443-b73f-4d07-9b1e-a1622725362a@group-AD0E2131DC16: ConfigurationManager, init=-1: [d9d4e9ae-1d40-49aa-ab31-924367ef4809:192.168.30.57:35166, fc8031bc-9391-4f9f-9cf5-e32bf235798d:192.168.30.57:34636, 36da9443-b73f-4d07-9b1e-a1622725362a:192.168.30.57:40153], old=null, confs=<EMPTY_MAP>
2019-09-25 10:21:08,995 [pool-459-thread-1] INFO  server.RaftServerConfigKeys (ConfUtils.java:logGet(43)) - raft.server.log.appender.install.snapshot.enabled = false (custom)
2019-09-25 10:21:08,995 [pool-449-thread-1] INFO  server.RaftServerConfigKeys (ConfUtils.java:logGet(43)) - raft.server.storage.dir = [/workdir/hadoop-ozone/integration-test/target/test-dir/MiniOzoneClusterImpl-3ef52350-cea6-4cbd-954a-79fe229e9e03/datanode-4/data/ratis] (custom)
2019-09-25 10:21:08,995 [pool-459-thread-1] INFO  impl.RaftServerImpl (ServerState.java:<init>(103)) - fc8031bc-9391-4f9f-9cf5-e32bf235798d@group-AD0E2131DC16: ConfigurationManager, init=-1: [d9d4e9ae-1d40-49aa-ab31-924367ef4809:192.168.30.57:35166, fc8031bc-9391-4f9f-9cf5-e32bf235798d:192.168.30.57:34636, 36da9443-b73f-4d07-9b1e-a1622725362a:192.168.30.57:40153], old=null, confs=<EMPTY_MAP>
2019-09-25 10:21:08,996 [pool-459-thread-1] INFO  server.RaftServerConfigKeys (ConfUtils.java:logGet(43)) - raft.server.storage.dir = [/workdir/hadoop-ozone/integration-test/target/test-dir/MiniOzoneClusterImpl-3ef52350-cea6-4cbd-954a-79fe229e9e03/datanode-5/data/ratis] (custom)
2019-09-25 10:21:08,996 [pool-449-thread-1] INFO  storage.RaftStorageDirectory (RaftStorageDirectory.java:analyzeStorage(246)) - The storage directory /workdir/hadoop-ozone/integration-test/target/test-dir/MiniOzoneClusterImpl-3ef52350-cea6-4cbd-954a-79fe229e9e03/datanode-4/data/ratis/7b446907-ae5c-45bd-981d-ad0e2131dc16 does not exist. Creating ...
2019-09-25 10:21:08,996 [pool-459-thread-1] INFO  storage.RaftStorageDirectory (RaftStorageDirectory.java:analyzeStorage(246)) - The storage directory /workdir/hadoop-ozone/integration-test/target/test-dir/MiniOzoneClusterImpl-3ef52350-cea6-4cbd-954a-79fe229e9e03/datanode-5/data/ratis/7b446907-ae5c-45bd-981d-ad0e2131dc16 does not exist. Creating ...
2019-09-25 10:21:09,021 [pool-459-thread-1] INFO  storage.RaftStorageDirectory (RaftStorageDirectory.java:tryLock(328)) - Lock on /workdir/hadoop-ozone/integration-test/target/test-dir/MiniOzoneClusterImpl-3ef52350-cea6-4cbd-954a-79fe229e9e03/datanode-5/data/ratis/7b446907-ae5c-45bd-981d-ad0e2131dc16/in_use.lock acquired by nodename 21269@pr-hdds-2166-kpqck-3197213426
2019-09-25 10:21:09,021 [pool-449-thread-1] INFO  storage.RaftStorageDirectory (RaftStorageDirectory.java:tryLock(328)) - Lock on /workdir/hadoop-ozone/integration-test/target/test-dir/MiniOzoneClusterImpl-3ef52350-cea6-4cbd-954a-79fe229e9e03/datanode-4/data/ratis/7b446907-ae5c-45bd-981d-ad0e2131dc16/in_use.lock acquired by nodename 21269@pr-hdds-2166-kpqck-3197213426
2019-09-25 10:21:09,021 [pool-439-thread-1] INFO  storage.RaftStorageDirectory (RaftStorageDirectory.java:tryLock(328)) - Lock on /workdir/hadoop-ozone/integration-test/target/test-dir/MiniOzoneClusterImpl-3ef52350-cea6-4cbd-954a-79fe229e9e03/datanode-3/data/ratis/7b446907-ae5c-45bd-981d-ad0e2131dc16/in_use.lock acquired by nodename 21269@pr-hdds-2166-kpqck-3197213426
2019-09-25 10:21:09,035 [pool-439-thread-1] INFO  storage.RaftStorage (RaftStorage.java:format(72)) - Storage directory /workdir/hadoop-ozone/integration-test/target/test-dir/MiniOzoneClusterImpl-3ef52350-cea6-4cbd-954a-79fe229e9e03/datanode-3/data/ratis/7b446907-ae5c-45bd-981d-ad0e2131dc16 has been successfully formatted.
2019-09-25 10:21:09,035 [pool-449-thread-1] INFO  storage.RaftStorage (RaftStorage.java:format(72)) - Storage directory /workdir/hadoop-ozone/integration-test/target/test-dir/MiniOzoneClusterImpl-3ef52350-cea6-4cbd-954a-79fe229e9e03/datanode-4/data/ratis/7b446907-ae5c-45bd-981d-ad0e2131dc16 has been successfully formatted.
2019-09-25 10:21:09,035 [pool-439-thread-1] INFO  ratis.ContainerStateMachine (ContainerStateMachine.java:loadSnapshot(230)) - group-AD0E2131DC16: The snapshot info is null. Setting the last applied indexto:(t:0, i:~)
2019-09-25 10:21:09,035 [pool-459-thread-1] INFO  storage.RaftStorage (RaftStorage.java:format(72)) - Storage directory /workdir/hadoop-ozone/integration-test/target/test-dir/MiniOzoneClusterImpl-3ef52350-cea6-4cbd-954a-79fe229e9e03/datanode-5/data/ratis/7b446907-ae5c-45bd-981d-ad0e2131dc16 has been successfully formatted.
2019-09-25 10:21:09,035 [pool-449-thread-1] INFO  ratis.ContainerStateMachine (ContainerStateMachine.java:loadSnapshot(230)) - group-AD0E2131DC16: The snapshot info is null. Setting the last applied indexto:(t:0, i:~)
2019-09-25 10:21:09,035 [pool-439-thread-1] INFO  server.RaftServerConfigKeys (ConfUtils.java:logGet(43)) - raft.server.notification.no-leader.timeout = 120s (custom)
2019-09-25 10:21:09,035 [pool-449-thread-1] INFO  server.RaftServerConfigKeys (ConfUtils.java:logGet(43)) - raft.server.notification.no-leader.timeout = 120s (custom)
2019-09-25 10:21:09,035 [pool-459-thread-1] INFO  ratis.ContainerStateMachine (ContainerStateMachine.java:loadSnapshot(230)) - group-AD0E2131DC16: The snapshot info is null. Setting the last applied indexto:(t:0, i:~)
2019-09-25 10:21:09,036 [pool-449-thread-1] INFO  server.RaftServerConfigKeys (ConfUtils.java:logGet(43)) - raft.server.log.use.memory = false (default)
2019-09-25 10:21:09,035 [pool-439-thread-1] INFO  server.RaftServerConfigKeys (ConfUtils.java:logGet(43)) - raft.server.log.use.memory = false (default)
2019-09-25 10:21:09,036 [pool-449-thread-1] INFO  server.RaftServerConfigKeys (ConfUtils.java:logGet(43)) - raft.server.log.purge.gap = 1000000 (custom)
2019-09-25 10:21:09,036 [pool-459-thread-1] INFO  server.RaftServerConfigKeys (ConfUtils.java:logGet(43)) - raft.server.notification.no-leader.timeout = 120s (custom)
2019-09-25 10:21:09,036 [pool-449-thread-1] INFO  server.RaftServerConfigKeys (ConfUtils.java:logGet(43)) - raft.server.log.appender.buffer.byte-limit = 33554432 (custom)
2019-09-25 10:21:09,036 [pool-439-thread-1] INFO  server.RaftServerConfigKeys (ConfUtils.java:logGet(43)) - raft.server.log.purge.gap = 1000000 (custom)
2019-09-25 10:21:09,036 [pool-449-thread-1] INFO  server.RaftServerConfigKeys (ConfUtils.java:logGet(43)) - raft.server.log.segment.size.max = 1048576 (custom)
2019-09-25 10:21:09,036 [pool-459-thread-1] INFO  server.RaftServerConfigKeys (ConfUtils.java:logGet(43)) - raft.server.log.use.memory = false (default)
2019-09-25 10:21:09,037 [pool-449-thread-1] INFO  server.RaftServerConfigKeys (ConfUtils.java:logGet(43)) - raft.server.log.segment.cache.num.max = 2 (custom)
2019-09-25 10:21:09,036 [pool-439-thread-1] INFO  server.RaftServerConfigKeys (ConfUtils.java:logGet(43)) - raft.server.log.appender.buffer.byte-limit = 33554432 (custom)
2019-09-25 10:21:09,037 [pool-449-thread-1] INFO  segmented.SegmentedRaftLogWorker (SegmentedRaftLogWorker.java:<init>(172)) - new 36da9443-b73f-4d07-9b1e-a1622725362a@group-AD0E2131DC16-SegmentedRaftLogWorker for RaftStorage:Storage Directory /workdir/hadoop-ozone/integration-test/target/test-dir/MiniOzoneClusterImpl-3ef52350-cea6-4cbd-954a-79fe229e9e03/datanode-4/data/ratis/7b446907-ae5c-45bd-981d-ad0e2131dc16
2019-09-25 10:21:09,037 [pool-459-thread-1] INFO  server.RaftServerConfigKeys (ConfUtils.java:logGet(43)) - raft.server.log.purge.gap = 1000000 (custom)
2019-09-25 10:21:09,038 [pool-449-thread-1] INFO  server.RaftServerConfigKeys (ConfUtils.java:logGet(43)) - raft.server.log.queue.byte-limit = 2147483647 (custom)
2019-09-25 10:21:09,037 [pool-439-thread-1] INFO  server.RaftServerConfigKeys (ConfUtils.java:logGet(43)) - raft.server.log.segment.size.max = 1048576 (custom)
2019-09-25 10:21:09,039 [pool-449-thread-1] INFO  server.RaftServerConfigKeys (ConfUtils.java:logGet(43)) - raft.server.log.queue.element-limit = 1024 (custom)
2019-09-25 10:21:09,038 [pool-459-thread-1] INFO  server.RaftServerConfigKeys (ConfUtils.java:logGet(43)) - raft.server.log.appender.buffer.byte-limit = 33554432 (custom)
2019-09-25 10:21:09,039 [pool-449-thread-1] INFO  server.RaftServerConfigKeys (ConfUtils.java:logGet(43)) - raft.server.log.segment.size.max = 1048576 (custom)
2019-09-25 10:21:09,039 [pool-439-thread-1] INFO  server.RaftServerConfigKeys (ConfUtils.java:logGet(43)) - raft.server.log.segment.cache.num.max = 2 (custom)
2019-09-25 10:21:09,039 [pool-449-thread-1] INFO  server.RaftServerConfigKeys (ConfUtils.java:logGet(43)) - raft.server.log.preallocated.size = 16384 (custom)
2019-09-25 10:21:09,039 [pool-459-thread-1] INFO  server.RaftServerConfigKeys (ConfUtils.java:logGet(43)) - raft.server.log.segment.size.max = 1048576 (custom)
2019-09-25 10:21:09,039 [pool-449-thread-1] INFO  server.RaftServerConfigKeys (ConfUtils.java:logGet(43)) - raft.server.log.write.buffer.size = 33554432 (custom)
2019-09-25 10:21:09,039 [pool-439-thread-1] INFO  segmented.SegmentedRaftLogWorker (SegmentedRaftLogWorker.java:<init>(172)) - new d9d4e9ae-1d40-49aa-ab31-924367ef4809@group-AD0E2131DC16-SegmentedRaftLogWorker for RaftStorage:Storage Directory /workdir/hadoop-ozone/integration-test/target/test-dir/MiniOzoneClusterImpl-3ef52350-cea6-4cbd-954a-79fe229e9e03/datanode-3/data/ratis/7b446907-ae5c-45bd-981d-ad0e2131dc16
2019-09-25 10:21:09,040 [pool-449-thread-1] INFO  server.RaftServerConfigKeys (ConfUtils.java:logGet(43)) - raft.server.log.force.sync.num = 128 (default)
2019-09-25 10:21:09,040 [pool-459-thread-1] INFO  server.RaftServerConfigKeys (ConfUtils.java:logGet(43)) - raft.server.log.segment.cache.num.max = 2 (custom)
2019-09-25 10:21:09,040 [pool-449-thread-1] INFO  server.RaftServerConfigKeys (ConfUtils.java:logGet(43)) - raft.server.log.statemachine.data.sync = true (default)
2019-09-25 10:21:09,040 [pool-439-thread-1] INFO  server.RaftServerConfigKeys (ConfUtils.java:logGet(43)) - raft.server.log.queue.byte-limit = 2147483647 (custom)
2019-09-25 10:21:09,040 [pool-449-thread-1] INFO  server.RaftServerConfigKeys (ConfUtils.java:logGet(43)) - raft.server.log.statemachine.data.sync.timeout = 10s (default)
2019-09-25 10:21:09,040 [pool-459-thread-1] INFO  segmented.SegmentedRaftLogWorker (SegmentedRaftLogWorker.java:<init>(172)) - new fc8031bc-9391-4f9f-9cf5-e32bf235798d@group-AD0E2131DC16-SegmentedRaftLogWorker for RaftStorage:Storage Directory /workdir/hadoop-ozone/integration-test/target/test-dir/MiniOzoneClusterImpl-3ef52350-cea6-4cbd-954a-79fe229e9e03/datanode-5/data/ratis/7b446907-ae5c-45bd-981d-ad0e2131dc16
2019-09-25 10:21:09,040 [pool-449-thread-1] INFO  server.RaftServerConfigKeys (ConfUtils.java:logGet(43)) - raft.server.log.statemachine.data.sync.timeout.retry = -1 (default)
2019-09-25 10:21:09,040 [pool-439-thread-1] INFO  server.RaftServerConfigKeys (ConfUtils.java:logGet(43)) - raft.server.log.queue.element-limit = 1024 (custom)
2019-09-25 10:21:09,041 [pool-449-thread-1] INFO  server.RaftServerConfigKeys (ConfUtils.java:logGet(43)) - raft.server.log.statemachine.data.caching.enabled = true (custom)
2019-09-25 10:21:09,041 [pool-459-thread-1] INFO  server.RaftServerConfigKeys (ConfUtils.java:logGet(43)) - raft.server.log.queue.byte-limit = 2147483647 (custom)
2019-09-25 10:21:09,041 [pool-439-thread-1] INFO  server.RaftServerConfigKeys (ConfUtils.java:logGet(43)) - raft.server.log.segment.size.max = 1048576 (custom)
2019-09-25 10:21:09,041 [pool-449-thread-1] INFO  segmented.SegmentedRaftLogWorker (SegmentedRaftLogWorker.java:lambda$new$0(132)) - 36da9443-b73f-4d07-9b1e-a1622725362a@group-AD0E2131DC16-SegmentedRaftLogWorker: flushIndex: setUnconditionally 0 -> -1
2019-09-25 10:21:09,041 [pool-459-thread-1] INFO  server.RaftServerConfigKeys (ConfUtils.java:logGet(43)) - raft.server.log.queue.element-limit = 1024 (custom)
2019-09-25 10:21:09,041 [pool-439-thread-1] INFO  server.RaftServerConfigKeys (ConfUtils.java:logGet(43)) - raft.server.log.preallocated.size = 16384 (custom)
2019-09-25 10:21:09,041 [pool-449-thread-1] INFO  server.RaftServerConfigKeys (ConfUtils.java:logGet(43)) - raft.server.snapshot.auto.trigger.enabled = true (custom)
2019-09-25 10:21:09,041 [pool-459-thread-1] INFO  server.RaftServerConfigKeys (ConfUtils.java:logGet(43)) - raft.server.log.segment.size.max = 1048576 (custom)
2019-09-25 10:21:09,042 [pool-449-thread-1] INFO  server.RaftServerConfigKeys (ConfUtils.java:logGet(43)) - raft.server.snapshot.auto.trigger.threshold = 10000 (custom)
2019-09-25 10:21:09,041 [pool-439-thread-1] INFO  server.RaftServerConfigKeys (ConfUtils.java:logGet(43)) - raft.server.log.write.buffer.size = 33554432 (custom)
2019-09-25 10:21:09,042 [pool-449-thread-1] INFO  server.RaftServerConfigKeys (ConfUtils.java:logGet(43)) - raft.server.snapshot.retention.num.files = 5 (custom)
2019-09-25 10:21:09,042 [pool-459-thread-1] INFO  server.RaftServerConfigKeys (ConfUtils.java:logGet(43)) - raft.server.log.preallocated.size = 16384 (custom)
2019-09-25 10:21:09,042 [pool-449-thread-1] INFO  server.RaftServerConfigKeys (ConfUtils.java:logGet(43)) - raft.server.retrycache.expirytime = 600000ms (custom)
2019-09-25 10:21:09,042 [pool-439-thread-1] INFO  server.RaftServerConfigKeys (ConfUtils.java:logGet(43)) - raft.server.log.force.sync.num = 128 (default)
2019-09-25 10:21:09,042 [pool-459-thread-1] INFO  server.RaftServerConfigKeys (ConfUtils.java:logGet(43)) - raft.server.log.write.buffer.size = 33554432 (custom)
2019-09-25 10:21:09,042 [pool-439-thread-1] INFO  server.RaftServerConfigKeys (ConfUtils.java:logGet(43)) - raft.server.log.statemachine.data.sync = true (default)
2019-09-25 10:21:09,043 [pool-459-thread-1] INFO  server.RaftServerConfigKeys (ConfUtils.java:logGet(43)) - raft.server.log.force.sync.num = 128 (default)
2019-09-25 10:21:09,043 [pool-439-thread-1] INFO  server.RaftServerConfigKeys (ConfUtils.java:logGet(43)) - raft.server.log.statemachine.data.sync.timeout = 10s (default)
2019-09-25 10:21:09,043 [pool-459-thread-1] INFO  server.RaftServerConfigKeys (ConfUtils.java:logGet(43)) - raft.server.log.statemachine.data.sync = true (default)
2019-09-25 10:21:09,043 [pool-439-thread-1] INFO  server.RaftServerConfigKeys (ConfUtils.java:logGet(43)) - raft.server.log.statemachine.data.sync.timeout.retry = -1 (default)
2019-09-25 10:21:09,043 [pool-459-thread-1] INFO  server.RaftServerConfigKeys (ConfUtils.java:logGet(43)) - raft.server.log.statemachine.data.sync.timeout = 10s (default)
2019-09-25 10:21:09,043 [pool-439-thread-1] INFO  server.RaftServerConfigKeys (ConfUtils.java:logGet(43)) - raft.server.log.statemachine.data.caching.enabled = true (custom)
2019-09-25 10:21:09,043 [pool-459-thread-1] INFO  server.RaftServerConfigKeys (ConfUtils.java:logGet(43)) - raft.server.log.statemachine.data.sync.timeout.retry = -1 (default)
2019-09-25 10:21:09,043 [pool-439-thread-1] INFO  segmented.SegmentedRaftLogWorker (SegmentedRaftLogWorker.java:lambda$new$0(132)) - d9d4e9ae-1d40-49aa-ab31-924367ef4809@group-AD0E2131DC16-SegmentedRaftLogWorker: flushIndex: setUnconditionally 0 -> -1
2019-09-25 10:21:09,043 [pool-459-thread-1] INFO  server.RaftServerConfigKeys (ConfUtils.java:logGet(43)) - raft.server.log.statemachine.data.caching.enabled = true (custom)
2019-09-25 10:21:09,044 [pool-439-thread-1] INFO  server.RaftServerConfigKeys (ConfUtils.java:logGet(43)) - raft.server.snapshot.auto.trigger.enabled = true (custom)
2019-09-25 10:21:09,044 [pool-439-thread-1] INFO  server.RaftServerConfigKeys (ConfUtils.java:logGet(43)) - raft.server.snapshot.auto.trigger.threshold = 10000 (custom)
2019-09-25 10:21:09,044 [pool-459-thread-1] INFO  segmented.SegmentedRaftLogWorker (SegmentedRaftLogWorker.java:lambda$new$0(132)) - fc8031bc-9391-4f9f-9cf5-e32bf235798d@group-AD0E2131DC16-SegmentedRaftLogWorker: flushIndex: setUnconditionally 0 -> -1
2019-09-25 10:21:09,044 [pool-439-thread-1] INFO  server.RaftServerConfigKeys (ConfUtils.java:logGet(43)) - raft.server.snapshot.retention.num.files = 5 (custom)
2019-09-25 10:21:09,044 [pool-459-thread-1] INFO  server.RaftServerConfigKeys (ConfUtils.java:logGet(43)) - raft.server.snapshot.auto.trigger.enabled = true (custom)
2019-09-25 10:21:09,044 [pool-439-thread-1] INFO  server.RaftServerConfigKeys (ConfUtils.java:logGet(43)) - raft.server.retrycache.expirytime = 600000ms (custom)
2019-09-25 10:21:09,044 [pool-459-thread-1] INFO  server.RaftServerConfigKeys (ConfUtils.java:logGet(43)) - raft.server.snapshot.auto.trigger.threshold = 10000 (custom)
2019-09-25 10:21:09,044 [pool-459-thread-1] INFO  server.RaftServerConfigKeys (ConfUtils.java:logGet(43)) - raft.server.snapshot.retention.num.files = 5 (custom)
2019-09-25 10:21:09,045 [pool-459-thread-1] INFO  server.RaftServerConfigKeys (ConfUtils.java:logGet(43)) - raft.server.retrycache.expirytime = 600000ms (custom)
2019-09-25 10:21:09,045 [pool-449-thread-1] INFO  impl.RaftServerImpl (RaftServerImpl.java:start(185)) - 36da9443-b73f-4d07-9b1e-a1622725362a@group-AD0E2131DC16: start as a follower, conf=-1: [d9d4e9ae-1d40-49aa-ab31-924367ef4809:192.168.30.57:35166, fc8031bc-9391-4f9f-9cf5-e32bf235798d:192.168.30.57:34636, 36da9443-b73f-4d07-9b1e-a1622725362a:192.168.30.57:40153], old=null
2019-09-25 10:21:09,045 [pool-449-thread-1] INFO  impl.RaftServerImpl (RaftServerImpl.java:setRole(174)) - 36da9443-b73f-4d07-9b1e-a1622725362a@group-AD0E2131DC16: changes role from      null to FOLLOWER at term 0 for startAsFollower
2019-09-25 10:21:09,045 [pool-449-thread-1] INFO  impl.RoleInfo (RoleInfo.java:updateAndGet(143)) - 36da9443-b73f-4d07-9b1e-a1622725362a: start FollowerState
2019-09-25 10:21:09,045 [pool-449-thread-1] INFO  util.JmxRegister (JmxRegister.java:tryRegister(44)) - Successfully registered JMX Bean with object name Ratis:service=RaftServer,group=group-AD0E2131DC16,id=36da9443-b73f-4d07-9b1e-a1622725362a
2019-09-25 10:21:09,046 [pool-439-thread-1] INFO  impl.RaftServerImpl (RaftServerImpl.java:start(185)) - d9d4e9ae-1d40-49aa-ab31-924367ef4809@group-AD0E2131DC16: start as a follower, conf=-1: [d9d4e9ae-1d40-49aa-ab31-924367ef4809:192.168.30.57:35166, fc8031bc-9391-4f9f-9cf5-e32bf235798d:192.168.30.57:34636, 36da9443-b73f-4d07-9b1e-a1622725362a:192.168.30.57:40153], old=null
2019-09-25 10:21:09,046 [pool-439-thread-1] INFO  impl.RaftServerImpl (RaftServerImpl.java:setRole(174)) - d9d4e9ae-1d40-49aa-ab31-924367ef4809@group-AD0E2131DC16: changes role from      null to FOLLOWER at term 0 for startAsFollower
2019-09-25 10:21:09,046 [pool-439-thread-1] INFO  impl.RoleInfo (RoleInfo.java:updateAndGet(143)) - d9d4e9ae-1d40-49aa-ab31-924367ef4809: start FollowerState
2019-09-25 10:21:09,046 [pool-459-thread-1] INFO  impl.RaftServerImpl (RaftServerImpl.java:start(185)) - fc8031bc-9391-4f9f-9cf5-e32bf235798d@group-AD0E2131DC16: start as a follower, conf=-1: [d9d4e9ae-1d40-49aa-ab31-924367ef4809:192.168.30.57:35166, fc8031bc-9391-4f9f-9cf5-e32bf235798d:192.168.30.57:34636, 36da9443-b73f-4d07-9b1e-a1622725362a:192.168.30.57:40153], old=null
2019-09-25 10:21:09,047 [pool-459-thread-1] INFO  impl.RaftServerImpl (RaftServerImpl.java:setRole(174)) - fc8031bc-9391-4f9f-9cf5-e32bf235798d@group-AD0E2131DC16: changes role from      null to FOLLOWER at term 0 for startAsFollower
2019-09-25 10:21:09,047 [pool-459-thread-1] INFO  impl.RoleInfo (RoleInfo.java:updateAndGet(143)) - fc8031bc-9391-4f9f-9cf5-e32bf235798d: start FollowerState
2019-09-25 10:21:09,047 [pool-439-thread-1] INFO  util.JmxRegister (JmxRegister.java:tryRegister(44)) - Successfully registered JMX Bean with object name Ratis:service=RaftServer,group=group-AD0E2131DC16,id=d9d4e9ae-1d40-49aa-ab31-924367ef4809
2019-09-25 10:21:09,047 [pool-459-thread-1] INFO  util.JmxRegister (JmxRegister.java:tryRegister(44)) - Successfully registered JMX Bean with object name Ratis:service=RaftServer,group=group-AD0E2131DC16,id=fc8031bc-9391-4f9f-9cf5-e32bf235798d
2019-09-25 10:21:09,049 [RatisPipelineUtilsThread] INFO  pipeline.PipelineStateManager (PipelineStateManager.java:addPipeline(56)) - Created pipeline Pipeline[ Id: 7b446907-ae5c-45bd-981d-ad0e2131dc16, Nodes: 36da9443-b73f-4d07-9b1e-a1622725362a{ip: 192.168.30.57, host: pr-hdds-2166-kpqck-3197213426, networkLocation: /default-rack, certSerialId: null}d9d4e9ae-1d40-49aa-ab31-924367ef4809{ip: 192.168.30.57, host: pr-hdds-2166-kpqck-3197213426, networkLocation: /default-rack, certSerialId: null}fc8031bc-9391-4f9f-9cf5-e32bf235798d{ip: 192.168.30.57, host: pr-hdds-2166-kpqck-3197213426, networkLocation: /default-rack, certSerialId: null}, Type:RATIS, Factor:THREE, State:OPEN]
2019-09-25 10:21:11,479 [Thread-3039] INFO  container.ReplicationManager (ReplicationManager.java:start(162)) - Starting Replication Monitor Thread.
2019-09-25 10:21:11,489 [ReplicationMonitor] INFO  container.ReplicationManager (ReplicationManager.java:run(225)) - Replication Monitor Thread took 1 milliseconds for processing 1 containers.
2019-09-25 10:21:13,688 [Thread-3041] INFO  impl.FollowerState (FollowerState.java:run(106)) - 99631be6-a4f3-4f71-886a-cd5c20c40b02:group-0DFD47BB1C0E changes to CANDIDATE, lastRpcTime:5149, electionTimeout:5149ms
2019-09-25 10:21:13,688 [Thread-3041] INFO  impl.RoleInfo (RoleInfo.java:shutdownFollowerState(121)) - 99631be6-a4f3-4f71-886a-cd5c20c40b02: shutdown FollowerState
2019-09-25 10:21:13,689 [Thread-3041] INFO  impl.RaftServerImpl (RaftServerImpl.java:setRole(174)) - 99631be6-a4f3-4f71-886a-cd5c20c40b02@group-0DFD47BB1C0E: changes role from  FOLLOWER to CANDIDATE at term 0 for changeToCandidate
2019-09-25 10:21:13,689 [Thread-3041] INFO  impl.RoleInfo (RoleInfo.java:updateAndGet(143)) - 99631be6-a4f3-4f71-886a-cd5c20c40b02: start LeaderElection
2019-09-25 10:21:13,724 [99631be6-a4f3-4f71-886a-cd5c20c40b02@group-0DFD47BB1C0E:LeaderElection59] INFO  impl.LeaderElection (LeaderElection.java:askForVotes(182)) - 99631be6-a4f3-4f71-886a-cd5c20c40b02@group-0DFD47BB1C0E:LeaderElection59: begin an election at term 1 for -1: [99631be6-a4f3-4f71-886a-cd5c20c40b02:192.168.30.57:34611], old=null
2019-09-25 10:21:13,724 [99631be6-a4f3-4f71-886a-cd5c20c40b02@group-0DFD47BB1C0E:LeaderElection59] INFO  impl.RoleInfo (RoleInfo.java:shutdownLeaderElection(134)) - 99631be6-a4f3-4f71-886a-cd5c20c40b02: shutdown LeaderElection
2019-09-25 10:21:13,724 [Thread-3044] INFO  impl.FollowerState (FollowerState.java:run(106)) - 4234b66f-0d01-412b-94b6-541b347f0ca0:group-30C2DCC96094 changes to CANDIDATE, lastRpcTime:5140, electionTimeout:5140ms
2019-09-25 10:21:13,724 [99631be6-a4f3-4f71-886a-cd5c20c40b02@group-0DFD47BB1C0E:LeaderElection59] INFO  impl.RaftServerImpl (RaftServerImpl.java:setRole(174)) - 99631be6-a4f3-4f71-886a-cd5c20c40b02@group-0DFD47BB1C0E: changes role from CANDIDATE to LEADER at term 1 for changeToLeader
2019-09-25 10:21:13,724 [Thread-3044] INFO  impl.RoleInfo (RoleInfo.java:shutdownFollowerState(121)) - 4234b66f-0d01-412b-94b6-541b347f0ca0: shutdown FollowerState
2019-09-25 10:21:13,724 [99631be6-a4f3-4f71-886a-cd5c20c40b02@group-0DFD47BB1C0E:LeaderElection59] INFO  impl.RaftServerImpl (ServerState.java:setLeader(253)) - 99631be6-a4f3-4f71-886a-cd5c20c40b02@group-0DFD47BB1C0E: change Leader from null to 99631be6-a4f3-4f71-886a-cd5c20c40b02 at term 1 for becomeLeader, leader elected after 5193ms
2019-09-25 10:21:13,724 [Thread-3044] INFO  impl.RaftServerImpl (RaftServerImpl.java:setRole(174)) - 4234b66f-0d01-412b-94b6-541b347f0ca0@group-30C2DCC96094: changes role from  FOLLOWER to CANDIDATE at term 0 for changeToCandidate
2019-09-25 10:21:13,724 [Thread-3044] INFO  impl.RoleInfo (RoleInfo.java:updateAndGet(143)) - 4234b66f-0d01-412b-94b6-541b347f0ca0: start LeaderElection
2019-09-25 10:21:13,725 [99631be6-a4f3-4f71-886a-cd5c20c40b02@group-0DFD47BB1C0E:LeaderElection59] INFO  server.RaftServerConfigKeys (ConfUtils.java:logGet(43)) - raft.server.staging.catchup.gap = 1000 (default)
2019-09-25 10:21:13,725 [99631be6-a4f3-4f71-886a-cd5c20c40b02@group-0DFD47BB1C0E:LeaderElection59] INFO  server.RaftServerConfigKeys (ConfUtils.java:logGet(43)) - raft.server.rpc.sleep.time = 25ms (default)
2019-09-25 10:21:13,728 [99631be6-a4f3-4f71-886a-cd5c20c40b02@group-0DFD47BB1C0E:LeaderElection59] INFO  server.RaftServerConfigKeys (ConfUtils.java:logGet(43)) - raft.server.write.element-limit = 4096 (default)
2019-09-25 10:21:13,728 [99631be6-a4f3-4f71-886a-cd5c20c40b02@group-0DFD47BB1C0E:LeaderElection59] INFO  server.RaftServerConfigKeys (ConfUtils.java:logGet(43)) - raft.server.watch.timeout = 10s (default)
2019-09-25 10:21:13,730 [99631be6-a4f3-4f71-886a-cd5c20c40b02@group-0DFD47BB1C0E:LeaderElection59] INFO  server.RaftServerConfigKeys (ConfUtils.java:logGet(43)) - raft.server.watch.timeout.denomination = 1s (default)
2019-09-25 10:21:13,730 [99631be6-a4f3-4f71-886a-cd5c20c40b02@group-0DFD47BB1C0E:LeaderElection59] INFO  server.RaftServerConfigKeys (ConfUtils.java:logGet(43)) - raft.server.watch.element-limit = 65536 (default)
2019-09-25 10:21:13,732 [99631be6-a4f3-4f71-886a-cd5c20c40b02@group-0DFD47BB1C0E:LeaderElection59] INFO  impl.RoleInfo (RoleInfo.java:updateAndGet(143)) - 99631be6-a4f3-4f71-886a-cd5c20c40b02: start LeaderState
2019-09-25 10:21:13,733 [99631be6-a4f3-4f71-886a-cd5c20c40b02@group-0DFD47BB1C0E:LeaderElection59] INFO  segmented.SegmentedRaftLogWorker (SegmentedRaftLogWorker.java:startLogSegment(380)) - 99631be6-a4f3-4f71-886a-cd5c20c40b02@group-0DFD47BB1C0E-SegmentedRaftLogWorker: Starting segment from index:0
2019-09-25 10:21:13,734 [99631be6-a4f3-4f71-886a-cd5c20c40b02@group-0DFD47BB1C0E:LeaderElection59] INFO  impl.RaftServerImpl (ServerState.java:setRaftConf(354)) - 99631be6-a4f3-4f71-886a-cd5c20c40b02@group-0DFD47BB1C0E: set configuration 0: [99631be6-a4f3-4f71-886a-cd5c20c40b02:192.168.30.57:34611], old=null at 0
2019-09-25 10:21:13,760 [4234b66f-0d01-412b-94b6-541b347f0ca0@group-30C2DCC96094:LeaderElection60] INFO  impl.LeaderElection (LeaderElection.java:askForVotes(182)) - 4234b66f-0d01-412b-94b6-541b347f0ca0@group-30C2DCC96094:LeaderElection60: begin an election at term 1 for -1: [4234b66f-0d01-412b-94b6-541b347f0ca0:192.168.30.57:35853], old=null
2019-09-25 10:21:13,760 [4234b66f-0d01-412b-94b6-541b347f0ca0@group-30C2DCC96094:LeaderElection60] INFO  impl.RoleInfo (RoleInfo.java:shutdownLeaderElection(134)) - 4234b66f-0d01-412b-94b6-541b347f0ca0: shutdown LeaderElection
2019-09-25 10:21:13,760 [4234b66f-0d01-412b-94b6-541b347f0ca0@group-30C2DCC96094:LeaderElection60] INFO  impl.RaftServerImpl (RaftServerImpl.java:setRole(174)) - 4234b66f-0d01-412b-94b6-541b347f0ca0@group-30C2DCC96094: changes role from CANDIDATE to LEADER at term 1 for changeToLeader
2019-09-25 10:21:13,760 [4234b66f-0d01-412b-94b6-541b347f0ca0@group-30C2DCC96094:LeaderElection60] INFO  impl.RaftServerImpl (ServerState.java:setLeader(253)) - 4234b66f-0d01-412b-94b6-541b347f0ca0@group-30C2DCC96094: change Leader from null to 4234b66f-0d01-412b-94b6-541b347f0ca0 at term 1 for becomeLeader, leader elected after 5183ms
2019-09-25 10:21:13,761 [4234b66f-0d01-412b-94b6-541b347f0ca0@group-30C2DCC96094:LeaderElection60] INFO  server.RaftServerConfigKeys (ConfUtils.java:logGet(43)) - raft.server.staging.catchup.gap = 1000 (default)
2019-09-25 10:21:13,761 [4234b66f-0d01-412b-94b6-541b347f0ca0@group-30C2DCC96094:LeaderElection60] INFO  server.RaftServerConfigKeys (ConfUtils.java:logGet(43)) - raft.server.rpc.sleep.time = 25ms (default)
2019-09-25 10:21:13,761 [4234b66f-0d01-412b-94b6-541b347f0ca0@group-30C2DCC96094:LeaderElection60] INFO  server.RaftServerConfigKeys (ConfUtils.java:logGet(43)) - raft.server.write.element-limit = 4096 (default)
2019-09-25 10:21:13,761 [4234b66f-0d01-412b-94b6-541b347f0ca0@group-30C2DCC96094:LeaderElection60] INFO  server.RaftServerConfigKeys (ConfUtils.java:logGet(43)) - raft.server.watch.timeout = 10s (default)
2019-09-25 10:21:13,761 [4234b66f-0d01-412b-94b6-541b347f0ca0@group-30C2DCC96094:LeaderElection60] INFO  server.RaftServerConfigKeys (ConfUtils.java:logGet(43)) - raft.server.watch.timeout.denomination = 1s (default)
2019-09-25 10:21:13,761 [4234b66f-0d01-412b-94b6-541b347f0ca0@group-30C2DCC96094:LeaderElection60] INFO  server.RaftServerConfigKeys (ConfUtils.java:logGet(43)) - raft.server.watch.element-limit = 65536 (default)
2019-09-25 10:21:13,764 [4234b66f-0d01-412b-94b6-541b347f0ca0@group-30C2DCC96094:LeaderElection60] INFO  impl.RoleInfo (RoleInfo.java:updateAndGet(143)) - 4234b66f-0d01-412b-94b6-541b347f0ca0: start LeaderState
2019-09-25 10:21:13,764 [4234b66f-0d01-412b-94b6-541b347f0ca0@group-30C2DCC96094:LeaderElection60] INFO  segmented.SegmentedRaftLogWorker (SegmentedRaftLogWorker.java:startLogSegment(380)) - 4234b66f-0d01-412b-94b6-541b347f0ca0@group-30C2DCC96094-SegmentedRaftLogWorker: Starting segment from index:0
2019-09-25 10:21:13,764 [4234b66f-0d01-412b-94b6-541b347f0ca0@group-30C2DCC96094:LeaderElection60] INFO  impl.RaftServerImpl (ServerState.java:setRaftConf(354)) - 4234b66f-0d01-412b-94b6-541b347f0ca0@group-30C2DCC96094: set configuration 0: [4234b66f-0d01-412b-94b6-541b347f0ca0:192.168.30.57:35853], old=null at 0
2019-09-25 10:21:13,796 [Thread-3047] INFO  impl.FollowerState (FollowerState.java:run(106)) - 53ec031b-54ac-4e43-8d21-bd51ab7ddb67:group-F079C6863871 changes to CANDIDATE, lastRpcTime:5163, electionTimeout:5160ms
2019-09-25 10:21:13,796 [99631be6-a4f3-4f71-886a-cd5c20c40b02@group-0DFD47BB1C0E-SegmentedRaftLogWorker] INFO  segmented.SegmentedRaftLogWorker (SegmentedRaftLogWorker.java:execute(569)) - 99631be6-a4f3-4f71-886a-cd5c20c40b02@group-0DFD47BB1C0E-SegmentedRaftLogWorker: created new log segment /workdir/hadoop-ozone/integration-test/target/test-dir/MiniOzoneClusterImpl-3ef52350-cea6-4cbd-954a-79fe229e9e03/datanode-0/data/ratis/464ee3ae-a2ee-42f0-ad3a-0dfd47bb1c0e/current/log_inprogress_0
2019-09-25 10:21:13,796 [Thread-3047] INFO  impl.RoleInfo (RoleInfo.java:shutdownFollowerState(121)) - 53ec031b-54ac-4e43-8d21-bd51ab7ddb67: shutdown FollowerState
2019-09-25 10:21:13,796 [Thread-3047] INFO  impl.RaftServerImpl (RaftServerImpl.java:setRole(174)) - 53ec031b-54ac-4e43-8d21-bd51ab7ddb67@group-F079C6863871: changes role from  FOLLOWER to CANDIDATE at term 0 for changeToCandidate
2019-09-25 10:21:13,796 [Thread-3047] INFO  impl.RoleInfo (RoleInfo.java:updateAndGet(143)) - 53ec031b-54ac-4e43-8d21-bd51ab7ddb67: start LeaderElection
2019-09-25 10:21:13,808 [4234b66f-0d01-412b-94b6-541b347f0ca0@group-30C2DCC96094-SegmentedRaftLogWorker] INFO  segmented.SegmentedRaftLogWorker (SegmentedRaftLogWorker.java:execute(569)) - 4234b66f-0d01-412b-94b6-541b347f0ca0@group-30C2DCC96094-SegmentedRaftLogWorker: created new log segment /workdir/hadoop-ozone/integration-test/target/test-dir/MiniOzoneClusterImpl-3ef52350-cea6-4cbd-954a-79fe229e9e03/datanode-1/data/ratis/5a840d73-9fe3-4958-a1f8-30c2dcc96094/current/log_inprogress_0
2019-09-25 10:21:13,808 [53ec031b-54ac-4e43-8d21-bd51ab7ddb67@group-F079C6863871:LeaderElection61] INFO  impl.LeaderElection (LeaderElection.java:askForVotes(182)) - 53ec031b-54ac-4e43-8d21-bd51ab7ddb67@group-F079C6863871:LeaderElection61: begin an election at term 1 for -1: [53ec031b-54ac-4e43-8d21-bd51ab7ddb67:192.168.30.57:36299], old=null
2019-09-25 10:21:13,808 [53ec031b-54ac-4e43-8d21-bd51ab7ddb67@group-F079C6863871:LeaderElection61] INFO  impl.RoleInfo (RoleInfo.java:shutdownLeaderElection(134)) - 53ec031b-54ac-4e43-8d21-bd51ab7ddb67: shutdown LeaderElection
2019-09-25 10:21:13,809 [53ec031b-54ac-4e43-8d21-bd51ab7ddb67@group-F079C6863871:LeaderElection61] INFO  impl.RaftServerImpl (RaftServerImpl.java:setRole(174)) - 53ec031b-54ac-4e43-8d21-bd51ab7ddb67@group-F079C6863871: changes role from CANDIDATE to LEADER at term 1 for changeToLeader
2019-09-25 10:21:13,809 [53ec031b-54ac-4e43-8d21-bd51ab7ddb67@group-F079C6863871:LeaderElection61] INFO  impl.RaftServerImpl (ServerState.java:setLeader(253)) - 53ec031b-54ac-4e43-8d21-bd51ab7ddb67@group-F079C6863871: change Leader from null to 53ec031b-54ac-4e43-8d21-bd51ab7ddb67 at term 1 for becomeLeader, leader elected after 5183ms
2019-09-25 10:21:13,809 [53ec031b-54ac-4e43-8d21-bd51ab7ddb67@group-F079C6863871:LeaderElection61] INFO  server.RaftServerConfigKeys (ConfUtils.java:logGet(43)) - raft.server.staging.catchup.gap = 1000 (default)
2019-09-25 10:21:13,809 [53ec031b-54ac-4e43-8d21-bd51ab7ddb67@group-F079C6863871:LeaderElection61] INFO  server.RaftServerConfigKeys (ConfUtils.java:logGet(43)) - raft.server.rpc.sleep.time = 25ms (default)
2019-09-25 10:21:13,809 [53ec031b-54ac-4e43-8d21-bd51ab7ddb67@group-F079C6863871:LeaderElection61] INFO  server.RaftServerConfigKeys (ConfUtils.java:logGet(43)) - raft.server.write.element-limit = 4096 (default)
2019-09-25 10:21:13,810 [53ec031b-54ac-4e43-8d21-bd51ab7ddb67@group-F079C6863871:LeaderElection61] INFO  server.RaftServerConfigKeys (ConfUtils.java:logGet(43)) - raft.server.watch.timeout = 10s (default)
2019-09-25 10:21:13,810 [53ec031b-54ac-4e43-8d21-bd51ab7ddb67@group-F079C6863871:LeaderElection61] INFO  server.RaftServerConfigKeys (ConfUtils.java:logGet(43)) - raft.server.watch.timeout.denomination = 1s (default)
2019-09-25 10:21:13,810 [53ec031b-54ac-4e43-8d21-bd51ab7ddb67@group-F079C6863871:LeaderElection61] INFO  server.RaftServerConfigKeys (ConfUtils.java:logGet(43)) - raft.server.watch.element-limit = 65536 (default)
2019-09-25 10:21:13,813 [53ec031b-54ac-4e43-8d21-bd51ab7ddb67@group-F079C6863871:LeaderElection61] INFO  impl.RoleInfo (RoleInfo.java:updateAndGet(143)) - 53ec031b-54ac-4e43-8d21-bd51ab7ddb67: start LeaderState
2019-09-25 10:21:13,813 [53ec031b-54ac-4e43-8d21-bd51ab7ddb67@group-F079C6863871:LeaderElection61] INFO  segmented.SegmentedRaftLogWorker (SegmentedRaftLogWorker.java:startLogSegment(380)) - 53ec031b-54ac-4e43-8d21-bd51ab7ddb67@group-F079C6863871-SegmentedRaftLogWorker: Starting segment from index:0
2019-09-25 10:21:13,813 [53ec031b-54ac-4e43-8d21-bd51ab7ddb67@group-F079C6863871:LeaderElection61] INFO  impl.RaftServerImpl (ServerState.java:setRaftConf(354)) - 53ec031b-54ac-4e43-8d21-bd51ab7ddb67@group-F079C6863871: set configuration 0: [53ec031b-54ac-4e43-8d21-bd51ab7ddb67:192.168.30.57:36299], old=null at 0
2019-09-25 10:21:13,845 [Thread-3059] INFO  impl.FollowerState (FollowerState.java:run(106)) - 36da9443-b73f-4d07-9b1e-a1622725362a:group-7F52325437C1 changes to CANDIDATE, lastRpcTime:5019, electionTimeout:5006ms
2019-09-25 10:21:13,845 [Thread-3051] INFO  impl.FollowerState (FollowerState.java:run(106)) - 53ec031b-54ac-4e43-8d21-bd51ab7ddb67:group-0F7B1F02D949 changes to CANDIDATE, lastRpcTime:5156, electionTimeout:5124ms
2019-09-25 10:21:13,845 [Thread-3059] INFO  impl.RoleInfo (RoleInfo.java:shutdownFollowerState(121)) - 36da9443-b73f-4d07-9b1e-a1622725362a: shutdown FollowerState
2019-09-25 10:21:13,845 [Thread-3051] INFO  impl.RoleInfo (RoleInfo.java:shutdownFollowerState(121)) - 53ec031b-54ac-4e43-8d21-bd51ab7ddb67: shutdown FollowerState
2019-09-25 10:21:13,845 [Thread-3059] INFO  impl.RaftServerImpl (RaftServerImpl.java:setRole(174)) - 36da9443-b73f-4d07-9b1e-a1622725362a@group-7F52325437C1: changes role from  FOLLOWER to CANDIDATE at term 0 for changeToCandidate
2019-09-25 10:21:13,845 [Thread-3051] INFO  impl.RaftServerImpl (RaftServerImpl.java:setRole(174)) - 53ec031b-54ac-4e43-8d21-bd51ab7ddb67@group-0F7B1F02D949: changes role from  FOLLOWER to CANDIDATE at term 0 for changeToCandidate
2019-09-25 10:21:13,846 [Thread-3059] INFO  impl.RoleInfo (RoleInfo.java:updateAndGet(143)) - 36da9443-b73f-4d07-9b1e-a1622725362a: start LeaderElection
2019-09-25 10:21:13,846 [Thread-3051] INFO  impl.RoleInfo (RoleInfo.java:updateAndGet(143)) - 53ec031b-54ac-4e43-8d21-bd51ab7ddb67: start LeaderElection
2019-09-25 10:21:13,861 [Thread-3054] INFO  impl.FollowerState (FollowerState.java:run(106)) - 4234b66f-0d01-412b-94b6-541b347f0ca0:group-0F7B1F02D949 changes to CANDIDATE, lastRpcTime:5156, electionTimeout:5156ms
2019-09-25 10:21:13,861 [Thread-3056] INFO  impl.FollowerState (FollowerState.java:run(106)) - 99631be6-a4f3-4f71-886a-cd5c20c40b02:group-0F7B1F02D949 changes to CANDIDATE, lastRpcTime:5155, electionTimeout:5155ms
2019-09-25 10:21:13,861 [Thread-3054] INFO  impl.RoleInfo (RoleInfo.java:shutdownFollowerState(121)) - 4234b66f-0d01-412b-94b6-541b347f0ca0: shutdown FollowerState
2019-09-25 10:21:13,861 [Thread-3056] INFO  impl.RoleInfo (RoleInfo.java:shutdownFollowerState(121)) - 99631be6-a4f3-4f71-886a-cd5c20c40b02: shutdown FollowerState
2019-09-25 10:21:13,861 [Thread-3054] INFO  impl.RaftServerImpl (RaftServerImpl.java:setRole(174)) - 4234b66f-0d01-412b-94b6-541b347f0ca0@group-0F7B1F02D949: changes role from  FOLLOWER to CANDIDATE at term 0 for changeToCandidate
2019-09-25 10:21:13,861 [Thread-3056] INFO  impl.RaftServerImpl (RaftServerImpl.java:setRole(174)) - 99631be6-a4f3-4f71-886a-cd5c20c40b02@group-0F7B1F02D949: changes role from  FOLLOWER to CANDIDATE at term 0 for changeToCandidate
2019-09-25 10:21:13,861 [Thread-3054] INFO  impl.RoleInfo (RoleInfo.java:updateAndGet(143)) - 4234b66f-0d01-412b-94b6-541b347f0ca0: start LeaderElection
2019-09-25 10:21:13,862 [Thread-3056] INFO  impl.RoleInfo (RoleInfo.java:updateAndGet(143)) - 99631be6-a4f3-4f71-886a-cd5c20c40b02: start LeaderElection
2019-09-25 10:21:13,875 [53ec031b-54ac-4e43-8d21-bd51ab7ddb67@group-F079C6863871-SegmentedRaftLogWorker] INFO  segmented.SegmentedRaftLogWorker (SegmentedRaftLogWorker.java:execute(569)) - 53ec031b-54ac-4e43-8d21-bd51ab7ddb67@group-F079C6863871-SegmentedRaftLogWorker: created new log segment /workdir/hadoop-ozone/integration-test/target/test-dir/MiniOzoneClusterImpl-3ef52350-cea6-4cbd-954a-79fe229e9e03/datanode-2/data/ratis/6a98ea46-62f5-45bb-964e-f079c6863871/current/log_inprogress_0
2019-09-25 10:21:13,876 [36da9443-b73f-4d07-9b1e-a1622725362a@group-7F52325437C1:LeaderElection62] INFO  impl.LeaderElection (LeaderElection.java:askForVotes(182)) - 36da9443-b73f-4d07-9b1e-a1622725362a@group-7F52325437C1:LeaderElection62: begin an election at term 1 for -1: [36da9443-b73f-4d07-9b1e-a1622725362a:192.168.30.57:40153], old=null
2019-09-25 10:21:13,876 [53ec031b-54ac-4e43-8d21-bd51ab7ddb67@group-0F7B1F02D949:LeaderElection63] INFO  impl.LeaderElection (LeaderElection.java:askForVotes(182)) - 53ec031b-54ac-4e43-8d21-bd51ab7ddb67@group-0F7B1F02D949:LeaderElection63: begin an election at term 1 for -1: [99631be6-a4f3-4f71-886a-cd5c20c40b02:192.168.30.57:34611, 53ec031b-54ac-4e43-8d21-bd51ab7ddb67:192.168.30.57:36299, 4234b66f-0d01-412b-94b6-541b347f0ca0:192.168.30.57:35853], old=null
2019-09-25 10:21:13,876 [36da9443-b73f-4d07-9b1e-a1622725362a@group-7F52325437C1:LeaderElection62] INFO  impl.RoleInfo (RoleInfo.java:shutdownLeaderElection(134)) - 36da9443-b73f-4d07-9b1e-a1622725362a: shutdown LeaderElection
2019-09-25 10:21:13,876 [36da9443-b73f-4d07-9b1e-a1622725362a@group-7F52325437C1:LeaderElection62] INFO  impl.RaftServerImpl (RaftServerImpl.java:setRole(174)) - 36da9443-b73f-4d07-9b1e-a1622725362a@group-7F52325437C1: changes role from CANDIDATE to LEADER at term 1 for changeToLeader
2019-09-25 10:21:13,876 [36da9443-b73f-4d07-9b1e-a1622725362a@group-7F52325437C1:LeaderElection62] INFO  impl.RaftServerImpl (ServerState.java:setLeader(253)) - 36da9443-b73f-4d07-9b1e-a1622725362a@group-7F52325437C1: change Leader from null to 36da9443-b73f-4d07-9b1e-a1622725362a at term 1 for becomeLeader, leader elected after 5064ms
2019-09-25 10:21:13,876 [36da9443-b73f-4d07-9b1e-a1622725362a@group-7F52325437C1:LeaderElection62] INFO  server.RaftServerConfigKeys (ConfUtils.java:logGet(43)) - raft.server.staging.catchup.gap = 1000 (default)
2019-09-25 10:21:13,877 [36da9443-b73f-4d07-9b1e-a1622725362a@group-7F52325437C1:LeaderElection62] INFO  server.RaftServerConfigKeys (ConfUtils.java:logGet(43)) - raft.server.rpc.sleep.time = 25ms (default)
2019-09-25 10:21:13,877 [36da9443-b73f-4d07-9b1e-a1622725362a@group-7F52325437C1:LeaderElection62] INFO  server.RaftServerConfigKeys (ConfUtils.java:logGet(43)) - raft.server.write.element-limit = 4096 (default)
2019-09-25 10:21:13,877 [36da9443-b73f-4d07-9b1e-a1622725362a@group-7F52325437C1:LeaderElection62] INFO  server.RaftServerConfigKeys (ConfUtils.java:logGet(43)) - raft.server.watch.timeout = 10s (default)
2019-09-25 10:21:13,877 [36da9443-b73f-4d07-9b1e-a1622725362a@group-7F52325437C1:LeaderElection62] INFO  server.RaftServerConfigKeys (ConfUtils.java:logGet(43)) - raft.server.watch.timeout.denomination = 1s (default)
2019-09-25 10:21:13,877 [36da9443-b73f-4d07-9b1e-a1622725362a@group-7F52325437C1:LeaderElection62] INFO  server.RaftServerConfigKeys (ConfUtils.java:logGet(43)) - raft.server.watch.element-limit = 65536 (default)
2019-09-25 10:21:13,882 [36da9443-b73f-4d07-9b1e-a1622725362a@group-7F52325437C1:LeaderElection62] INFO  impl.RoleInfo (RoleInfo.java:updateAndGet(143)) - 36da9443-b73f-4d07-9b1e-a1622725362a: start LeaderState
2019-09-25 10:21:13,883 [36da9443-b73f-4d07-9b1e-a1622725362a@group-7F52325437C1:LeaderElection62] INFO  segmented.SegmentedRaftLogWorker (SegmentedRaftLogWorker.java:startLogSegment(380)) - 36da9443-b73f-4d07-9b1e-a1622725362a@group-7F52325437C1-SegmentedRaftLogWorker: Starting segment from index:0
2019-09-25 10:21:13,886 [36da9443-b73f-4d07-9b1e-a1622725362a@group-7F52325437C1:LeaderElection62] INFO  impl.RaftServerImpl (ServerState.java:setRaftConf(354)) - 36da9443-b73f-4d07-9b1e-a1622725362a@group-7F52325437C1: set configuration 0: [36da9443-b73f-4d07-9b1e-a1622725362a:192.168.30.57:40153], old=null at 0
2019-09-25 10:21:13,918 [4234b66f-0d01-412b-94b6-541b347f0ca0@group-0F7B1F02D949:LeaderElection64] INFO  impl.LeaderElection (LeaderElection.java:askForVotes(182)) - 4234b66f-0d01-412b-94b6-541b347f0ca0@group-0F7B1F02D949:LeaderElection64: begin an election at term 1 for -1: [99631be6-a4f3-4f71-886a-cd5c20c40b02:192.168.30.57:34611, 53ec031b-54ac-4e43-8d21-bd51ab7ddb67:192.168.30.57:36299, 4234b66f-0d01-412b-94b6-541b347f0ca0:192.168.30.57:35853], old=null
2019-09-25 10:21:13,918 [99631be6-a4f3-4f71-886a-cd5c20c40b02@group-0F7B1F02D949:LeaderElection65] INFO  impl.LeaderElection (LeaderElection.java:askForVotes(182)) - 99631be6-a4f3-4f71-886a-cd5c20c40b02@group-0F7B1F02D949:LeaderElection65: begin an election at term 1 for -1: [99631be6-a4f3-4f71-886a-cd5c20c40b02:192.168.30.57:34611, 53ec031b-54ac-4e43-8d21-bd51ab7ddb67:192.168.30.57:36299, 4234b66f-0d01-412b-94b6-541b347f0ca0:192.168.30.57:35853], old=null
2019-09-25 10:21:13,922 [53ec031b-54ac-4e43-8d21-bd51ab7ddb67@group-0F7B1F02D949:LeaderElection63] INFO  impl.LeaderElection (LeaderElection.java:logAndReturn(56)) - 53ec031b-54ac-4e43-8d21-bd51ab7ddb67@group-0F7B1F02D949:LeaderElection63: Election REJECTED; received 2 response(s) [53ec031b-54ac-4e43-8d21-bd51ab7ddb67<-99631be6-a4f3-4f71-886a-cd5c20c40b02#0:FAIL-t1, 53ec031b-54ac-4e43-8d21-bd51ab7ddb67<-4234b66f-0d01-412b-94b6-541b347f0ca0#0:FAIL-t1] and 0 exception(s); 53ec031b-54ac-4e43-8d21-bd51ab7ddb67@group-0F7B1F02D949:t1, leader=null, voted=53ec031b-54ac-4e43-8d21-bd51ab7ddb67, raftlog=53ec031b-54ac-4e43-8d21-bd51ab7ddb67@group-0F7B1F02D949-SegmentedRaftLog:OPENED:c-1,f-1,i0, conf=-1: [99631be6-a4f3-4f71-886a-cd5c20c40b02:192.168.30.57:34611, 53ec031b-54ac-4e43-8d21-bd51ab7ddb67:192.168.30.57:36299, 4234b66f-0d01-412b-94b6-541b347f0ca0:192.168.30.57:35853], old=null
2019-09-25 10:21:13,922 [53ec031b-54ac-4e43-8d21-bd51ab7ddb67@group-0F7B1F02D949:LeaderElection63] INFO  impl.RaftServerImpl (RaftServerImpl.java:setRole(174)) - 53ec031b-54ac-4e43-8d21-bd51ab7ddb67@group-0F7B1F02D949: changes role from CANDIDATE to FOLLOWER at term 1 for DISCOVERED_A_NEW_TERM
2019-09-25 10:21:13,923 [53ec031b-54ac-4e43-8d21-bd51ab7ddb67@group-0F7B1F02D949:LeaderElection63] INFO  impl.RoleInfo (RoleInfo.java:shutdownLeaderElection(134)) - 53ec031b-54ac-4e43-8d21-bd51ab7ddb67: shutdown LeaderElection
2019-09-25 10:21:13,923 [53ec031b-54ac-4e43-8d21-bd51ab7ddb67@group-0F7B1F02D949:LeaderElection63] INFO  impl.RoleInfo (RoleInfo.java:updateAndGet(143)) - 53ec031b-54ac-4e43-8d21-bd51ab7ddb67: start FollowerState
2019-09-25 10:21:14,195 [Thread-3070] INFO  impl.FollowerState (FollowerState.java:run(106)) - b23d8b54-383c-4e3b-b09c-30676c2d339e:group-CE2B8D62E023 changes to CANDIDATE, lastRpcTime:5207, electionTimeout:5165ms
2019-09-25 10:21:14,200 [Thread-3077] INFO  impl.FollowerState (FollowerState.java:run(106)) - d9d4e9ae-1d40-49aa-ab31-924367ef4809:group-AD0E2131DC16 changes to CANDIDATE, lastRpcTime:5154, electionTimeout:5072ms
2019-09-25 10:21:14,201 [Thread-3070] INFO  impl.RoleInfo (RoleInfo.java:shutdownFollowerState(121)) - b23d8b54-383c-4e3b-b09c-30676c2d339e: shutdown FollowerState
2019-09-25 10:21:14,200 [Thread-3078] INFO  impl.FollowerState (FollowerState.java:run(106)) - fc8031bc-9391-4f9f-9cf5-e32bf235798d:group-AD0E2131DC16 changes to CANDIDATE, lastRpcTime:5153, electionTimeout:5067ms
2019-09-25 10:21:14,201 [Thread-3070] INFO  impl.RaftServerImpl (RaftServerImpl.java:setRole(174)) - b23d8b54-383c-4e3b-b09c-30676c2d339e@group-CE2B8D62E023: changes role from  FOLLOWER to CANDIDATE at term 0 for changeToCandidate
2019-09-25 10:21:14,201 [Thread-3077] INFO  impl.RoleInfo (RoleInfo.java:shutdownFollowerState(121)) - d9d4e9ae-1d40-49aa-ab31-924367ef4809: shutdown FollowerState
2019-09-25 10:21:14,201 [Thread-3070] INFO  impl.RoleInfo (RoleInfo.java:updateAndGet(143)) - b23d8b54-383c-4e3b-b09c-30676c2d339e: start LeaderElection
2019-09-25 10:21:14,201 [Thread-3063] INFO  impl.FollowerState (FollowerState.java:run(106)) - d9d4e9ae-1d40-49aa-ab31-924367ef4809:group-BAF7FF0ECE87 changes to CANDIDATE, lastRpcTime:5324, electionTimeout:5131ms
2019-09-25 10:21:14,201 [Thread-3078] INFO  impl.RoleInfo (RoleInfo.java:shutdownFollowerState(121)) - fc8031bc-9391-4f9f-9cf5-e32bf235798d: shutdown FollowerState
2019-09-25 10:21:14,201 [Thread-3063] INFO  impl.RoleInfo (RoleInfo.java:shutdownFollowerState(121)) - d9d4e9ae-1d40-49aa-ab31-924367ef4809: shutdown FollowerState
2019-09-25 10:21:14,201 [Thread-3077] INFO  impl.RaftServerImpl (RaftServerImpl.java:setRole(174)) - d9d4e9ae-1d40-49aa-ab31-924367ef4809@group-AD0E2131DC16: changes role from  FOLLOWER to CANDIDATE at term 0 for changeToCandidate
2019-09-25 10:21:14,212 [Thread-3063] INFO  impl.RaftServerImpl (RaftServerImpl.java:setRole(174)) - d9d4e9ae-1d40-49aa-ab31-924367ef4809@group-BAF7FF0ECE87: changes role from  FOLLOWER to CANDIDATE at term 0 for changeToCandidate
2019-09-25 10:21:14,201 [Thread-3078] INFO  impl.RaftServerImpl (RaftServerImpl.java:setRole(174)) - fc8031bc-9391-4f9f-9cf5-e32bf235798d@group-AD0E2131DC16: changes role from  FOLLOWER to CANDIDATE at term 0 for changeToCandidate
2019-09-25 10:21:14,196 [Thread-3067] INFO  impl.FollowerState (FollowerState.java:run(106)) - fc8031bc-9391-4f9f-9cf5-e32bf235798d:group-E957F739EB64 changes to CANDIDATE, lastRpcTime:5252, electionTimeout:5190ms
2019-09-25 10:21:14,221 [Thread-3077] INFO  impl.RoleInfo (RoleInfo.java:updateAndGet(143)) - d9d4e9ae-1d40-49aa-ab31-924367ef4809: start LeaderElection
2019-09-25 10:21:14,221 [Thread-3067] INFO  impl.RoleInfo (RoleInfo.java:shutdownFollowerState(121)) - fc8031bc-9391-4f9f-9cf5-e32bf235798d: shutdown FollowerState
2019-09-25 10:21:14,196 [Thread-3075] INFO  impl.FollowerState (FollowerState.java:run(106)) - 36da9443-b73f-4d07-9b1e-a1622725362a:group-AD0E2131DC16 changes to CANDIDATE, lastRpcTime:5150, electionTimeout:5094ms
2019-09-25 10:21:14,201 [36da9443-b73f-4d07-9b1e-a1622725362a@group-7F52325437C1-SegmentedRaftLogWorker] INFO  segmented.SegmentedRaftLogWorker (SegmentedRaftLogWorker.java:execute(569)) - 36da9443-b73f-4d07-9b1e-a1622725362a@group-7F52325437C1-SegmentedRaftLogWorker: created new log segment /workdir/hadoop-ozone/integration-test/target/test-dir/MiniOzoneClusterImpl-3ef52350-cea6-4cbd-954a-79fe229e9e03/datanode-4/data/ratis/e47c2a57-31b3-424a-bb2c-7f52325437c1/current/log_inprogress_0
2019-09-25 10:21:14,225 [Thread-3067] INFO  impl.RaftServerImpl (RaftServerImpl.java:setRole(174)) - fc8031bc-9391-4f9f-9cf5-e32bf235798d@group-E957F739EB64: changes role from  FOLLOWER to CANDIDATE at term 0 for changeToCandidate
2019-09-25 10:21:14,221 [Thread-3078] INFO  impl.RoleInfo (RoleInfo.java:updateAndGet(143)) - fc8031bc-9391-4f9f-9cf5-e32bf235798d: start LeaderElection
2019-09-25 10:21:14,221 [Thread-3063] INFO  impl.RoleInfo (RoleInfo.java:updateAndGet(143)) - d9d4e9ae-1d40-49aa-ab31-924367ef4809: start LeaderElection
2019-09-25 10:21:14,229 [Thread-3067] INFO  impl.RoleInfo (RoleInfo.java:updateAndGet(143)) - fc8031bc-9391-4f9f-9cf5-e32bf235798d: start LeaderElection
2019-09-25 10:21:14,229 [Thread-3075] INFO  impl.RoleInfo (RoleInfo.java:shutdownFollowerState(121)) - 36da9443-b73f-4d07-9b1e-a1622725362a: shutdown FollowerState
2019-09-25 10:21:14,233 [Thread-3075] INFO  impl.RaftServerImpl (RaftServerImpl.java:setRole(174)) - 36da9443-b73f-4d07-9b1e-a1622725362a@group-AD0E2131DC16: changes role from  FOLLOWER to CANDIDATE at term 0 for changeToCandidate
2019-09-25 10:21:14,246 [b23d8b54-383c-4e3b-b09c-30676c2d339e@group-CE2B8D62E023:LeaderElection66] INFO  impl.LeaderElection (LeaderElection.java:askForVotes(182)) - b23d8b54-383c-4e3b-b09c-30676c2d339e@group-CE2B8D62E023:LeaderElection66: begin an election at term 1 for -1: [b23d8b54-383c-4e3b-b09c-30676c2d339e:192.168.30.57:34951], old=null
2019-09-25 10:21:14,246 [Thread-3075] INFO  impl.RoleInfo (RoleInfo.java:updateAndGet(143)) - 36da9443-b73f-4d07-9b1e-a1622725362a: start LeaderElection
2019-09-25 10:21:14,261 [b23d8b54-383c-4e3b-b09c-30676c2d339e@group-CE2B8D62E023:LeaderElection66] INFO  impl.RoleInfo (RoleInfo.java:shutdownLeaderElection(134)) - b23d8b54-383c-4e3b-b09c-30676c2d339e: shutdown LeaderElection
2019-09-25 10:21:14,267 [b23d8b54-383c-4e3b-b09c-30676c2d339e@group-CE2B8D62E023:LeaderElection66] INFO  impl.RaftServerImpl (RaftServerImpl.java:setRole(174)) - b23d8b54-383c-4e3b-b09c-30676c2d339e@group-CE2B8D62E023: changes role from CANDIDATE to LEADER at term 1 for changeToLeader
2019-09-25 10:21:14,278 [b23d8b54-383c-4e3b-b09c-30676c2d339e@group-CE2B8D62E023:LeaderElection66] INFO  impl.RaftServerImpl (ServerState.java:setLeader(253)) - b23d8b54-383c-4e3b-b09c-30676c2d339e@group-CE2B8D62E023: change Leader from null to b23d8b54-383c-4e3b-b09c-30676c2d339e at term 1 for becomeLeader, leader elected after 5301ms
2019-09-25 10:21:14,279 [b23d8b54-383c-4e3b-b09c-30676c2d339e@group-CE2B8D62E023:LeaderElection66] INFO  server.RaftServerConfigKeys (ConfUtils.java:logGet(43)) - raft.server.staging.catchup.gap = 1000 (default)
2019-09-25 10:21:14,279 [b23d8b54-383c-4e3b-b09c-30676c2d339e@group-CE2B8D62E023:LeaderElection66] INFO  server.RaftServerConfigKeys (ConfUtils.java:logGet(43)) - raft.server.rpc.sleep.time = 25ms (default)
2019-09-25 10:21:14,291 [fc8031bc-9391-4f9f-9cf5-e32bf235798d@group-E957F739EB64:LeaderElection70] INFO  impl.LeaderElection (LeaderElection.java:askForVotes(182)) - fc8031bc-9391-4f9f-9cf5-e32bf235798d@group-E957F739EB64:LeaderElection70: begin an election at term 1 for -1: [fc8031bc-9391-4f9f-9cf5-e32bf235798d:192.168.30.57:34636], old=null
2019-09-25 10:21:14,292 [fc8031bc-9391-4f9f-9cf5-e32bf235798d@group-E957F739EB64:LeaderElection70] INFO  impl.RoleInfo (RoleInfo.java:shutdownLeaderElection(134)) - fc8031bc-9391-4f9f-9cf5-e32bf235798d: shutdown LeaderElection
2019-09-25 10:21:14,300 [d9d4e9ae-1d40-49aa-ab31-924367ef4809@group-AD0E2131DC16:LeaderElection67] INFO  impl.LeaderElection (LeaderElection.java:askForVotes(182)) - d9d4e9ae-1d40-49aa-ab31-924367ef4809@group-AD0E2131DC16:LeaderElection67: begin an election at term 1 for -1: [d9d4e9ae-1d40-49aa-ab31-924367ef4809:192.168.30.57:35166, fc8031bc-9391-4f9f-9cf5-e32bf235798d:192.168.30.57:34636, 36da9443-b73f-4d07-9b1e-a1622725362a:192.168.30.57:40153], old=null
2019-09-25 10:21:14,304 [fc8031bc-9391-4f9f-9cf5-e32bf235798d@group-E957F739EB64:LeaderElection70] INFO  impl.RaftServerImpl (RaftServerImpl.java:setRole(174)) - fc8031bc-9391-4f9f-9cf5-e32bf235798d@group-E957F739EB64: changes role from CANDIDATE to LEADER at term 1 for changeToLeader
2019-09-25 10:21:14,296 [b23d8b54-383c-4e3b-b09c-30676c2d339e@group-CE2B8D62E023:LeaderElection66] INFO  server.RaftServerConfigKeys (ConfUtils.java:logGet(43)) - raft.server.write.element-limit = 4096 (default)
2019-09-25 10:21:14,296 [d9d4e9ae-1d40-49aa-ab31-924367ef4809@group-BAF7FF0ECE87:LeaderElection68] INFO  impl.LeaderElection (LeaderElection.java:askForVotes(182)) - d9d4e9ae-1d40-49aa-ab31-924367ef4809@group-BAF7FF0ECE87:LeaderElection68: begin an election at term 1 for -1: [d9d4e9ae-1d40-49aa-ab31-924367ef4809:192.168.30.57:35166], old=null
2019-09-25 10:21:14,296 [fc8031bc-9391-4f9f-9cf5-e32bf235798d@group-AD0E2131DC16:LeaderElection69] INFO  impl.LeaderElection (LeaderElection.java:askForVotes(182)) - fc8031bc-9391-4f9f-9cf5-e32bf235798d@group-AD0E2131DC16:LeaderElection69: begin an election at term 1 for -1: [d9d4e9ae-1d40-49aa-ab31-924367ef4809:192.168.30.57:35166, fc8031bc-9391-4f9f-9cf5-e32bf235798d:192.168.30.57:34636, 36da9443-b73f-4d07-9b1e-a1622725362a:192.168.30.57:40153], old=null
2019-09-25 10:21:14,296 [36da9443-b73f-4d07-9b1e-a1622725362a@group-AD0E2131DC16:LeaderElection71] INFO  impl.LeaderElection (LeaderElection.java:askForVotes(182)) - 36da9443-b73f-4d07-9b1e-a1622725362a@group-AD0E2131DC16:LeaderElection71: begin an election at term 1 for -1: [d9d4e9ae-1d40-49aa-ab31-924367ef4809:192.168.30.57:35166, fc8031bc-9391-4f9f-9cf5-e32bf235798d:192.168.30.57:34636, 36da9443-b73f-4d07-9b1e-a1622725362a:192.168.30.57:40153], old=null
2019-09-25 10:21:14,313 [b23d8b54-383c-4e3b-b09c-30676c2d339e@group-CE2B8D62E023:LeaderElection66] INFO  server.RaftServerConfigKeys (ConfUtils.java:logGet(43)) - raft.server.watch.timeout = 10s (default)
2019-09-25 10:21:14,313 [99631be6-a4f3-4f71-886a-cd5c20c40b02@group-0F7B1F02D949:LeaderElection65] INFO  impl.LeaderElection (LeaderElection.java:logAndReturn(56)) - 99631be6-a4f3-4f71-886a-cd5c20c40b02@group-0F7B1F02D949:LeaderElection65: Election REJECTED; received 2 response(s) [99631be6-a4f3-4f71-886a-cd5c20c40b02<-53ec031b-54ac-4e43-8d21-bd51ab7ddb67#0:FAIL-t1, 99631be6-a4f3-4f71-886a-cd5c20c40b02<-4234b66f-0d01-412b-94b6-541b347f0ca0#0:FAIL-t1] and 0 exception(s); 99631be6-a4f3-4f71-886a-cd5c20c40b02@group-0F7B1F02D949:t1, leader=null, voted=99631be6-a4f3-4f71-886a-cd5c20c40b02, raftlog=99631be6-a4f3-4f71-886a-cd5c20c40b02@group-0F7B1F02D949-SegmentedRaftLog:OPENED:c-1,f-1,i0, conf=-1: [99631be6-a4f3-4f71-886a-cd5c20c40b02:192.168.30.57:34611, 53ec031b-54ac-4e43-8d21-bd51ab7ddb67:192.168.30.57:36299, 4234b66f-0d01-412b-94b6-541b347f0ca0:192.168.30.57:35853], old=null
2019-09-25 10:21:14,309 [d9d4e9ae-1d40-49aa-ab31-924367ef4809@group-BAF7FF0ECE87:LeaderElection68] INFO  impl.RoleInfo (RoleInfo.java:shutdownLeaderElection(134)) - d9d4e9ae-1d40-49aa-ab31-924367ef4809: shutdown LeaderElection
2019-09-25 10:21:14,309 [fc8031bc-9391-4f9f-9cf5-e32bf235798d@group-E957F739EB64:LeaderElection70] INFO  impl.RaftServerImpl (ServerState.java:setLeader(253)) - fc8031bc-9391-4f9f-9cf5-e32bf235798d@group-E957F739EB64: change Leader from null to fc8031bc-9391-4f9f-9cf5-e32bf235798d at term 1 for becomeLeader, leader elected after 5372ms
2019-09-25 10:21:14,352 [d9d4e9ae-1d40-49aa-ab31-924367ef4809@group-BAF7FF0ECE87:LeaderElection68] INFO  impl.RaftServerImpl (RaftServerImpl.java:setRole(174)) - d9d4e9ae-1d40-49aa-ab31-924367ef4809@group-BAF7FF0ECE87: changes role from CANDIDATE to LEADER at term 1 for changeToLeader
2019-09-25 10:21:14,309 [4234b66f-0d01-412b-94b6-541b347f0ca0@group-0F7B1F02D949:LeaderElection64] INFO  impl.LeaderElection (LeaderElection.java:logAndReturn(56)) - 4234b66f-0d01-412b-94b6-541b347f0ca0@group-0F7B1F02D949:LeaderElection64: Election REJECTED; received 2 response(s) [4234b66f-0d01-412b-94b6-541b347f0ca0<-99631be6-a4f3-4f71-886a-cd5c20c40b02#0:FAIL-t1, 4234b66f-0d01-412b-94b6-541b347f0ca0<-53ec031b-54ac-4e43-8d21-bd51ab7ddb67#0:FAIL-t1] and 0 exception(s); 4234b66f-0d01-412b-94b6-541b347f0ca0@group-0F7B1F02D949:t1, leader=null, voted=4234b66f-0d01-412b-94b6-541b347f0ca0, raftlog=4234b66f-0d01-412b-94b6-541b347f0ca0@group-0F7B1F02D949-SegmentedRaftLog:OPENED:c-1,f-1,i0, conf=-1: [99631be6-a4f3-4f71-886a-cd5c20c40b02:192.168.30.57:34611, 53ec031b-54ac-4e43-8d21-bd51ab7ddb67:192.168.30.57:36299, 4234b66f-0d01-412b-94b6-541b347f0ca0:192.168.30.57:35853], old=null
2019-09-25 10:21:14,352 [d9d4e9ae-1d40-49aa-ab31-924367ef4809@group-BAF7FF0ECE87:LeaderElection68] INFO  impl.RaftServerImpl (ServerState.java:setLeader(253)) - d9d4e9ae-1d40-49aa-ab31-924367ef4809@group-BAF7FF0ECE87: change Leader from null to d9d4e9ae-1d40-49aa-ab31-924367ef4809 at term 1 for becomeLeader, leader elected after 5481ms
2019-09-25 10:21:14,321 [b23d8b54-383c-4e3b-b09c-30676c2d339e@group-CE2B8D62E023:LeaderElection66] INFO  server.RaftServerConfigKeys (ConfUtils.java:logGet(43)) - raft.server.watch.timeout.denomination = 1s (default)
2019-09-25 10:21:14,363 [4234b66f-0d01-412b-94b6-541b347f0ca0@group-0F7B1F02D949:LeaderElection64] INFO  impl.RaftServerImpl (RaftServerImpl.java:setRole(174)) - 4234b66f-0d01-412b-94b6-541b347f0ca0@group-0F7B1F02D949: changes role from CANDIDATE to FOLLOWER at term 1 for DISCOVERED_A_NEW_TERM
2019-09-25 10:21:14,356 [fc8031bc-9391-4f9f-9cf5-e32bf235798d@group-E957F739EB64:LeaderElection70] INFO  server.RaftServerConfigKeys (ConfUtils.java:logGet(43)) - raft.server.staging.catchup.gap = 1000 (default)
2019-09-25 10:21:14,367 [99631be6-a4f3-4f71-886a-cd5c20c40b02@group-0F7B1F02D949:LeaderElection65] INFO  impl.RaftServerImpl (RaftServerImpl.java:setRole(174)) - 99631be6-a4f3-4f71-886a-cd5c20c40b02@group-0F7B1F02D949: changes role from CANDIDATE to FOLLOWER at term 1 for DISCOVERED_A_NEW_TERM
2019-09-25 10:21:14,370 [d9d4e9ae-1d40-49aa-ab31-924367ef4809@group-BAF7FF0ECE87:LeaderElection68] INFO  server.RaftServerConfigKeys (ConfUtils.java:logGet(43)) - raft.server.staging.catchup.gap = 1000 (default)
2019-09-25 10:21:14,370 [4234b66f-0d01-412b-94b6-541b347f0ca0@group-0F7B1F02D949:LeaderElection64] INFO  impl.RoleInfo (RoleInfo.java:shutdownLeaderElection(134)) - 4234b66f-0d01-412b-94b6-541b347f0ca0: shutdown LeaderElection
2019-09-25 10:21:14,370 [b23d8b54-383c-4e3b-b09c-30676c2d339e@group-CE2B8D62E023:LeaderElection66] INFO  server.RaftServerConfigKeys (ConfUtils.java:logGet(43)) - raft.server.watch.element-limit = 65536 (default)
2019-09-25 10:21:14,373 [4234b66f-0d01-412b-94b6-541b347f0ca0@group-0F7B1F02D949:LeaderElection64] INFO  impl.RoleInfo (RoleInfo.java:updateAndGet(143)) - 4234b66f-0d01-412b-94b6-541b347f0ca0: start FollowerState
2019-09-25 10:21:14,371 [d9d4e9ae-1d40-49aa-ab31-924367ef4809@group-BAF7FF0ECE87:LeaderElection68] INFO  server.RaftServerConfigKeys (ConfUtils.java:logGet(43)) - raft.server.rpc.sleep.time = 25ms (default)
2019-09-25 10:21:14,371 [99631be6-a4f3-4f71-886a-cd5c20c40b02@group-0F7B1F02D949:LeaderElection65] INFO  impl.RoleInfo (RoleInfo.java:shutdownLeaderElection(134)) - 99631be6-a4f3-4f71-886a-cd5c20c40b02: shutdown LeaderElection
2019-09-25 10:21:14,371 [fc8031bc-9391-4f9f-9cf5-e32bf235798d@group-E957F739EB64:LeaderElection70] INFO  server.RaftServerConfigKeys (ConfUtils.java:logGet(43)) - raft.server.rpc.sleep.time = 25ms (default)
2019-09-25 10:21:14,376 [99631be6-a4f3-4f71-886a-cd5c20c40b02@group-0F7B1F02D949:LeaderElection65] INFO  impl.RoleInfo (RoleInfo.java:updateAndGet(143)) - 99631be6-a4f3-4f71-886a-cd5c20c40b02: start FollowerState
2019-09-25 10:21:14,376 [fc8031bc-9391-4f9f-9cf5-e32bf235798d@group-E957F739EB64:LeaderElection70] INFO  server.RaftServerConfigKeys (ConfUtils.java:logGet(43)) - raft.server.write.element-limit = 4096 (default)
2019-09-25 10:21:14,374 [d9d4e9ae-1d40-49aa-ab31-924367ef4809@group-BAF7FF0ECE87:LeaderElection68] INFO  server.RaftServerConfigKeys (ConfUtils.java:logGet(43)) - raft.server.write.element-limit = 4096 (default)
2019-09-25 10:21:14,378 [fc8031bc-9391-4f9f-9cf5-e32bf235798d@group-E957F739EB64:LeaderElection70] INFO  server.RaftServerConfigKeys (ConfUtils.java:logGet(43)) - raft.server.watch.timeout = 10s (default)
2019-09-25 10:21:14,380 [d9d4e9ae-1d40-49aa-ab31-924367ef4809@group-BAF7FF0ECE87:LeaderElection68] INFO  server.RaftServerConfigKeys (ConfUtils.java:logGet(43)) - raft.server.watch.timeout = 10s (default)
2019-09-25 10:21:14,403 [fc8031bc-9391-4f9f-9cf5-e32bf235798d@group-E957F739EB64:LeaderElection70] INFO  server.RaftServerConfigKeys (ConfUtils.java:logGet(43)) - raft.server.watch.timeout.denomination = 1s (default)
2019-09-25 10:21:14,423 [d9d4e9ae-1d40-49aa-ab31-924367ef4809@group-BAF7FF0ECE87:LeaderElection68] INFO  server.RaftServerConfigKeys (ConfUtils.java:logGet(43)) - raft.server.watch.timeout.denomination = 1s (default)
2019-09-25 10:21:14,423 [b23d8b54-383c-4e3b-b09c-30676c2d339e@group-CE2B8D62E023:LeaderElection66] INFO  impl.RoleInfo (RoleInfo.java:updateAndGet(143)) - b23d8b54-383c-4e3b-b09c-30676c2d339e: start LeaderState
2019-09-25 10:21:14,423 [fc8031bc-9391-4f9f-9cf5-e32bf235798d@group-E957F739EB64:LeaderElection70] INFO  server.RaftServerConfigKeys (ConfUtils.java:logGet(43)) - raft.server.watch.element-limit = 65536 (default)
2019-09-25 10:21:14,424 [d9d4e9ae-1d40-49aa-ab31-924367ef4809@group-BAF7FF0ECE87:LeaderElection68] INFO  server.RaftServerConfigKeys (ConfUtils.java:logGet(43)) - raft.server.watch.element-limit = 65536 (default)
2019-09-25 10:21:14,424 [b23d8b54-383c-4e3b-b09c-30676c2d339e@group-CE2B8D62E023:LeaderElection66] INFO  segmented.SegmentedRaftLogWorker (SegmentedRaftLogWorker.java:startLogSegment(380)) - b23d8b54-383c-4e3b-b09c-30676c2d339e@group-CE2B8D62E023-SegmentedRaftLogWorker: Starting segment from index:0
2019-09-25 10:21:14,436 [b23d8b54-383c-4e3b-b09c-30676c2d339e@group-CE2B8D62E023:LeaderElection66] INFO  impl.RaftServerImpl (ServerState.java:setRaftConf(354)) - b23d8b54-383c-4e3b-b09c-30676c2d339e@group-CE2B8D62E023: set configuration 0: [b23d8b54-383c-4e3b-b09c-30676c2d339e:192.168.30.57:34951], old=null at 0
2019-09-25 10:21:14,473 [36da9443-b73f-4d07-9b1e-a1622725362a@group-AD0E2131DC16:LeaderElection71] INFO  impl.LeaderElection (LeaderElection.java:logAndReturn(56)) - 36da9443-b73f-4d07-9b1e-a1622725362a@group-AD0E2131DC16:LeaderElection71: Election REJECTED; received 2 response(s) [36da9443-b73f-4d07-9b1e-a1622725362a<-fc8031bc-9391-4f9f-9cf5-e32bf235798d#0:FAIL-t1, 36da9443-b73f-4d07-9b1e-a1622725362a<-d9d4e9ae-1d40-49aa-ab31-924367ef4809#0:FAIL-t1] and 0 exception(s); 36da9443-b73f-4d07-9b1e-a1622725362a@group-AD0E2131DC16:t1, leader=null, voted=36da9443-b73f-4d07-9b1e-a1622725362a, raftlog=36da9443-b73f-4d07-9b1e-a1622725362a@group-AD0E2131DC16-SegmentedRaftLog:OPENED:c-1,f-1,i0, conf=-1: [d9d4e9ae-1d40-49aa-ab31-924367ef4809:192.168.30.57:35166, fc8031bc-9391-4f9f-9cf5-e32bf235798d:192.168.30.57:34636, 36da9443-b73f-4d07-9b1e-a1622725362a:192.168.30.57:40153], old=null
2019-09-25 10:21:14,475 [fc8031bc-9391-4f9f-9cf5-e32bf235798d@group-AD0E2131DC16:LeaderElection69] INFO  impl.LeaderElection (LeaderElection.java:logAndReturn(56)) - fc8031bc-9391-4f9f-9cf5-e32bf235798d@group-AD0E2131DC16:LeaderElection69: Election REJECTED; received 2 response(s) [fc8031bc-9391-4f9f-9cf5-e32bf235798d<-d9d4e9ae-1d40-49aa-ab31-924367ef4809#0:FAIL-t1, fc8031bc-9391-4f9f-9cf5-e32bf235798d<-36da9443-b73f-4d07-9b1e-a1622725362a#0:FAIL-t1] and 0 exception(s); fc8031bc-9391-4f9f-9cf5-e32bf235798d@group-AD0E2131DC16:t1, leader=null, voted=fc8031bc-9391-4f9f-9cf5-e32bf235798d, raftlog=fc8031bc-9391-4f9f-9cf5-e32bf235798d@group-AD0E2131DC16-SegmentedRaftLog:OPENED:c-1,f-1,i0, conf=-1: [d9d4e9ae-1d40-49aa-ab31-924367ef4809:192.168.30.57:35166, fc8031bc-9391-4f9f-9cf5-e32bf235798d:192.168.30.57:34636, 36da9443-b73f-4d07-9b1e-a1622725362a:192.168.30.57:40153], old=null
2019-09-25 10:21:14,475 [36da9443-b73f-4d07-9b1e-a1622725362a@group-AD0E2131DC16:LeaderElection71] INFO  impl.RaftServerImpl (RaftServerImpl.java:setRole(174)) - 36da9443-b73f-4d07-9b1e-a1622725362a@group-AD0E2131DC16: changes role from CANDIDATE to FOLLOWER at term 1 for DISCOVERED_A_NEW_TERM
2019-09-25 10:21:14,476 [d9d4e9ae-1d40-49aa-ab31-924367ef4809@group-AD0E2131DC16:LeaderElection67] INFO  impl.LeaderElection (LeaderElection.java:logAndReturn(56)) - d9d4e9ae-1d40-49aa-ab31-924367ef4809@group-AD0E2131DC16:LeaderElection67: Election REJECTED; received 2 response(s) [d9d4e9ae-1d40-49aa-ab31-924367ef4809<-fc8031bc-9391-4f9f-9cf5-e32bf235798d#0:FAIL-t1, d9d4e9ae-1d40-49aa-ab31-924367ef4809<-36da9443-b73f-4d07-9b1e-a1622725362a#0:FAIL-t1] and 0 exception(s); d9d4e9ae-1d40-49aa-ab31-924367ef4809@group-AD0E2131DC16:t1, leader=null, voted=d9d4e9ae-1d40-49aa-ab31-924367ef4809, raftlog=d9d4e9ae-1d40-49aa-ab31-924367ef4809@group-AD0E2131DC16-SegmentedRaftLog:OPENED:c-1,f-1,i0, conf=-1: [d9d4e9ae-1d40-49aa-ab31-924367ef4809:192.168.30.57:35166, fc8031bc-9391-4f9f-9cf5-e32bf235798d:192.168.30.57:34636, 36da9443-b73f-4d07-9b1e-a1622725362a:192.168.30.57:40153], old=null
2019-09-25 10:21:14,475 [fc8031bc-9391-4f9f-9cf5-e32bf235798d@group-AD0E2131DC16:LeaderElection69] INFO  impl.RaftServerImpl (RaftServerImpl.java:setRole(174)) - fc8031bc-9391-4f9f-9cf5-e32bf235798d@group-AD0E2131DC16: changes role from CANDIDATE to FOLLOWER at term 1 for DISCOVERED_A_NEW_TERM
2019-09-25 10:21:14,481 [d9d4e9ae-1d40-49aa-ab31-924367ef4809@group-AD0E2131DC16:LeaderElection67] INFO  impl.RaftServerImpl (RaftServerImpl.java:setRole(174)) - d9d4e9ae-1d40-49aa-ab31-924367ef4809@group-AD0E2131DC16: changes role from CANDIDATE to FOLLOWER at term 1 for DISCOVERED_A_NEW_TERM
2019-09-25 10:21:14,484 [d9d4e9ae-1d40-49aa-ab31-924367ef4809@group-AD0E2131DC16:LeaderElection67] INFO  impl.RoleInfo (RoleInfo.java:shutdownLeaderElection(134)) - d9d4e9ae-1d40-49aa-ab31-924367ef4809: shutdown LeaderElection
2019-09-25 10:21:14,481 [fc8031bc-9391-4f9f-9cf5-e32bf235798d@group-AD0E2131DC16:LeaderElection69] INFO  impl.RoleInfo (RoleInfo.java:shutdownLeaderElection(134)) - fc8031bc-9391-4f9f-9cf5-e32bf235798d: shutdown LeaderElection
2019-09-25 10:21:14,478 [36da9443-b73f-4d07-9b1e-a1622725362a@group-AD0E2131DC16:LeaderElection71] INFO  impl.RoleInfo (RoleInfo.java:shutdownLeaderElection(134)) - 36da9443-b73f-4d07-9b1e-a1622725362a: shutdown LeaderElection
2019-09-25 10:21:14,484 [fc8031bc-9391-4f9f-9cf5-e32bf235798d@group-AD0E2131DC16:LeaderElection69] INFO  impl.RoleInfo (RoleInfo.java:updateAndGet(143)) - fc8031bc-9391-4f9f-9cf5-e32bf235798d: start FollowerState
2019-09-25 10:21:14,484 [d9d4e9ae-1d40-49aa-ab31-924367ef4809@group-AD0E2131DC16:LeaderElection67] INFO  impl.RoleInfo (RoleInfo.java:updateAndGet(143)) - d9d4e9ae-1d40-49aa-ab31-924367ef4809: start FollowerState
2019-09-25 10:21:14,484 [36da9443-b73f-4d07-9b1e-a1622725362a@group-AD0E2131DC16:LeaderElection71] INFO  impl.RoleInfo (RoleInfo.java:updateAndGet(143)) - 36da9443-b73f-4d07-9b1e-a1622725362a: start FollowerState
2019-09-25 10:21:14,485 [fc8031bc-9391-4f9f-9cf5-e32bf235798d@group-E957F739EB64:LeaderElection70] INFO  impl.RoleInfo (RoleInfo.java:updateAndGet(143)) - fc8031bc-9391-4f9f-9cf5-e32bf235798d: start LeaderState
2019-09-25 10:21:14,485 [fc8031bc-9391-4f9f-9cf5-e32bf235798d@group-E957F739EB64:LeaderElection70] INFO  segmented.SegmentedRaftLogWorker (SegmentedRaftLogWorker.java:startLogSegment(380)) - fc8031bc-9391-4f9f-9cf5-e32bf235798d@group-E957F739EB64-SegmentedRaftLogWorker: Starting segment from index:0
2019-09-25 10:21:14,485 [d9d4e9ae-1d40-49aa-ab31-924367ef4809@group-BAF7FF0ECE87:LeaderElection68] INFO  impl.RoleInfo (RoleInfo.java:updateAndGet(143)) - d9d4e9ae-1d40-49aa-ab31-924367ef4809: start LeaderState
2019-09-25 10:21:14,485 [fc8031bc-9391-4f9f-9cf5-e32bf235798d@group-E957F739EB64:LeaderElection70] INFO  impl.RaftServerImpl (ServerState.java:setRaftConf(354)) - fc8031bc-9391-4f9f-9cf5-e32bf235798d@group-E957F739EB64: set configuration 0: [fc8031bc-9391-4f9f-9cf5-e32bf235798d:192.168.30.57:34636], old=null at 0
2019-09-25 10:21:14,486 [d9d4e9ae-1d40-49aa-ab31-924367ef4809@group-BAF7FF0ECE87:LeaderElection68] INFO  segmented.SegmentedRaftLogWorker (SegmentedRaftLogWorker.java:startLogSegment(380)) - d9d4e9ae-1d40-49aa-ab31-924367ef4809@group-BAF7FF0ECE87-SegmentedRaftLogWorker: Starting segment from index:0
2019-09-25 10:21:14,512 [b23d8b54-383c-4e3b-b09c-30676c2d339e@group-CE2B8D62E023-SegmentedRaftLogWorker] INFO  segmented.SegmentedRaftLogWorker (SegmentedRaftLogWorker.java:execute(569)) - b23d8b54-383c-4e3b-b09c-30676c2d339e@group-CE2B8D62E023-SegmentedRaftLogWorker: created new log segment /workdir/hadoop-ozone/integration-test/target/test-dir/MiniOzoneClusterImpl-3ef52350-cea6-4cbd-954a-79fe229e9e03/datanode-6/data/ratis/a48bbd50-575b-4ca4-8613-ce2b8d62e023/current/log_inprogress_0
2019-09-25 10:21:14,512 [d9d4e9ae-1d40-49aa-ab31-924367ef4809@group-BAF7FF0ECE87:LeaderElection68] INFO  impl.RaftServerImpl (ServerState.java:setRaftConf(354)) - d9d4e9ae-1d40-49aa-ab31-924367ef4809@group-BAF7FF0ECE87: set configuration 0: [d9d4e9ae-1d40-49aa-ab31-924367ef4809:192.168.30.57:35166], old=null at 0
2019-09-25 10:21:14,536 [fc8031bc-9391-4f9f-9cf5-e32bf235798d@group-E957F739EB64-SegmentedRaftLogWorker] INFO  segmented.SegmentedRaftLogWorker (SegmentedRaftLogWorker.java:execute(569)) - fc8031bc-9391-4f9f-9cf5-e32bf235798d@group-E957F739EB64-SegmentedRaftLogWorker: created new log segment /workdir/hadoop-ozone/integration-test/target/test-dir/MiniOzoneClusterImpl-3ef52350-cea6-4cbd-954a-79fe229e9e03/datanode-5/data/ratis/06b7d73c-14a0-458e-b76b-e957f739eb64/current/log_inprogress_0
2019-09-25 10:21:14,554 [d9d4e9ae-1d40-49aa-ab31-924367ef4809@group-BAF7FF0ECE87-SegmentedRaftLogWorker] INFO  segmented.SegmentedRaftLogWorker (SegmentedRaftLogWorker.java:execute(569)) - d9d4e9ae-1d40-49aa-ab31-924367ef4809@group-BAF7FF0ECE87-SegmentedRaftLogWorker: created new log segment /workdir/hadoop-ozone/integration-test/target/test-dir/MiniOzoneClusterImpl-3ef52350-cea6-4cbd-954a-79fe229e9e03/datanode-3/data/ratis/987ecbce-9074-491c-baa1-baf7ff0ece87/current/log_inprogress_0
2019-09-25 10:21:19,344 [Thread-3110] INFO  impl.FollowerState (FollowerState.java:run(106)) - 53ec031b-54ac-4e43-8d21-bd51ab7ddb67:group-0F7B1F02D949 changes to CANDIDATE, lastRpcTime:5420, electionTimeout:5154ms
2019-09-25 10:21:19,344 [Thread-3110] INFO  impl.RoleInfo (RoleInfo.java:shutdownFollowerState(121)) - 53ec031b-54ac-4e43-8d21-bd51ab7ddb67: shutdown FollowerState
2019-09-25 10:21:19,344 [Thread-3110] INFO  impl.RaftServerImpl (RaftServerImpl.java:setRole(174)) - 53ec031b-54ac-4e43-8d21-bd51ab7ddb67@group-0F7B1F02D949: changes role from  FOLLOWER to CANDIDATE at term 1 for changeToCandidate
2019-09-25 10:21:19,345 [Thread-3110] INFO  impl.RoleInfo (RoleInfo.java:updateAndGet(143)) - 53ec031b-54ac-4e43-8d21-bd51ab7ddb67: start LeaderElection
2019-09-25 10:21:19,368 [53ec031b-54ac-4e43-8d21-bd51ab7ddb67@group-0F7B1F02D949:LeaderElection72] INFO  impl.LeaderElection (LeaderElection.java:askForVotes(182)) - 53ec031b-54ac-4e43-8d21-bd51ab7ddb67@group-0F7B1F02D949:LeaderElection72: begin an election at term 2 for -1: [99631be6-a4f3-4f71-886a-cd5c20c40b02:192.168.30.57:34611, 53ec031b-54ac-4e43-8d21-bd51ab7ddb67:192.168.30.57:36299, 4234b66f-0d01-412b-94b6-541b347f0ca0:192.168.30.57:35853], old=null
2019-09-25 10:21:19,372 [grpc-default-executor-8] INFO  impl.RaftServerImpl (RaftServerImpl.java:setRole(174)) - 99631be6-a4f3-4f71-886a-cd5c20c40b02@group-0F7B1F02D949: changes role from  FOLLOWER to FOLLOWER at term 2 for recognizeCandidate:53ec031b-54ac-4e43-8d21-bd51ab7ddb67
2019-09-25 10:21:19,372 [grpc-default-executor-7] INFO  impl.RaftServerImpl (RaftServerImpl.java:setRole(174)) - 4234b66f-0d01-412b-94b6-541b347f0ca0@group-0F7B1F02D949: changes role from  FOLLOWER to FOLLOWER at term 2 for recognizeCandidate:53ec031b-54ac-4e43-8d21-bd51ab7ddb67
2019-09-25 10:21:19,372 [grpc-default-executor-8] INFO  impl.RoleInfo (RoleInfo.java:shutdownFollowerState(121)) - 99631be6-a4f3-4f71-886a-cd5c20c40b02: shutdown FollowerState
2019-09-25 10:21:19,372 [grpc-default-executor-7] INFO  impl.RoleInfo (RoleInfo.java:shutdownFollowerState(121)) - 4234b66f-0d01-412b-94b6-541b347f0ca0: shutdown FollowerState
2019-09-25 10:21:19,372 [grpc-default-executor-8] INFO  impl.RoleInfo (RoleInfo.java:updateAndGet(143)) - 99631be6-a4f3-4f71-886a-cd5c20c40b02: start FollowerState
2019-09-25 10:21:19,373 [Thread-3128] INFO  impl.FollowerState (FollowerState.java:run(115)) - 99631be6-a4f3-4f71-886a-cd5c20c40b02: FollowerState was interrupted: java.lang.InterruptedException: sleep interrupted
2019-09-25 10:21:19,373 [grpc-default-executor-7] INFO  impl.RoleInfo (RoleInfo.java:updateAndGet(143)) - 4234b66f-0d01-412b-94b6-541b347f0ca0: start FollowerState
2019-09-25 10:21:19,373 [Thread-3126] INFO  impl.FollowerState (FollowerState.java:run(115)) - 4234b66f-0d01-412b-94b6-541b347f0ca0: FollowerState was interrupted: java.lang.InterruptedException: sleep interrupted
2019-09-25 10:21:19,406 [53ec031b-54ac-4e43-8d21-bd51ab7ddb67@group-0F7B1F02D949:LeaderElection72] INFO  impl.LeaderElection (LeaderElection.java:logAndReturn(56)) - 53ec031b-54ac-4e43-8d21-bd51ab7ddb67@group-0F7B1F02D949:LeaderElection72: Election PASSED; received 1 response(s) [53ec031b-54ac-4e43-8d21-bd51ab7ddb67<-99631be6-a4f3-4f71-886a-cd5c20c40b02#0:OK-t2] and 0 exception(s); 53ec031b-54ac-4e43-8d21-bd51ab7ddb67@group-0F7B1F02D949:t2, leader=null, voted=53ec031b-54ac-4e43-8d21-bd51ab7ddb67, raftlog=53ec031b-54ac-4e43-8d21-bd51ab7ddb67@group-0F7B1F02D949-SegmentedRaftLog:OPENED:c-1,f-1,i0, conf=-1: [99631be6-a4f3-4f71-886a-cd5c20c40b02:192.168.30.57:34611, 53ec031b-54ac-4e43-8d21-bd51ab7ddb67:192.168.30.57:36299, 4234b66f-0d01-412b-94b6-541b347f0ca0:192.168.30.57:35853], old=null
2019-09-25 10:21:19,406 [53ec031b-54ac-4e43-8d21-bd51ab7ddb67@group-0F7B1F02D949:LeaderElection72] INFO  impl.RoleInfo (RoleInfo.java:shutdownLeaderElection(134)) - 53ec031b-54ac-4e43-8d21-bd51ab7ddb67: shutdown LeaderElection
2019-09-25 10:21:19,407 [53ec031b-54ac-4e43-8d21-bd51ab7ddb67@group-0F7B1F02D949:LeaderElection72] INFO  impl.RaftServerImpl (RaftServerImpl.java:setRole(174)) - 53ec031b-54ac-4e43-8d21-bd51ab7ddb67@group-0F7B1F02D949: changes role from CANDIDATE to LEADER at term 2 for changeToLeader
2019-09-25 10:21:19,407 [53ec031b-54ac-4e43-8d21-bd51ab7ddb67@group-0F7B1F02D949:LeaderElection72] INFO  impl.RaftServerImpl (ServerState.java:setLeader(253)) - 53ec031b-54ac-4e43-8d21-bd51ab7ddb67@group-0F7B1F02D949: change Leader from null to 53ec031b-54ac-4e43-8d21-bd51ab7ddb67 at term 2 for becomeLeader, leader elected after 10726ms
2019-09-25 10:21:19,407 [53ec031b-54ac-4e43-8d21-bd51ab7ddb67@group-0F7B1F02D949:LeaderElection72] INFO  server.RaftServerConfigKeys (ConfUtils.java:logGet(43)) - raft.server.staging.catchup.gap = 1000 (default)
2019-09-25 10:21:19,407 [53ec031b-54ac-4e43-8d21-bd51ab7ddb67@group-0F7B1F02D949:LeaderElection72] INFO  server.RaftServerConfigKeys (ConfUtils.java:logGet(43)) - raft.server.rpc.sleep.time = 25ms (default)
2019-09-25 10:21:19,407 [53ec031b-54ac-4e43-8d21-bd51ab7ddb67@group-0F7B1F02D949:LeaderElection72] INFO  server.RaftServerConfigKeys (ConfUtils.java:logGet(43)) - raft.server.write.element-limit = 4096 (default)
2019-09-25 10:21:19,408 [53ec031b-54ac-4e43-8d21-bd51ab7ddb67@group-0F7B1F02D949:LeaderElection72] INFO  server.RaftServerConfigKeys (ConfUtils.java:logGet(43)) - raft.server.watch.timeout = 10s (default)
2019-09-25 10:21:19,408 [53ec031b-54ac-4e43-8d21-bd51ab7ddb67@group-0F7B1F02D949:LeaderElection72] INFO  server.RaftServerConfigKeys (ConfUtils.java:logGet(43)) - raft.server.watch.timeout.denomination = 1s (default)
2019-09-25 10:21:19,408 [53ec031b-54ac-4e43-8d21-bd51ab7ddb67@group-0F7B1F02D949:LeaderElection72] INFO  server.RaftServerConfigKeys (ConfUtils.java:logGet(43)) - raft.server.watch.element-limit = 65536 (default)
2019-09-25 10:21:19,411 [53ec031b-54ac-4e43-8d21-bd51ab7ddb67@group-0F7B1F02D949:LeaderElection72] INFO  server.RaftServerConfigKeys (ConfUtils.java:logGet(43)) - raft.server.log.appender.snapshot.chunk.size.max = 16MB (=16777216) (default)
2019-09-25 10:21:19,411 [53ec031b-54ac-4e43-8d21-bd51ab7ddb67@group-0F7B1F02D949:LeaderElection72] INFO  server.RaftServerConfigKeys (ConfUtils.java:logGet(43)) - raft.server.log.appender.buffer.byte-limit = 33554432 (custom)
2019-09-25 10:21:19,411 [53ec031b-54ac-4e43-8d21-bd51ab7ddb67@group-0F7B1F02D949:LeaderElection72] INFO  server.RaftServerConfigKeys (ConfUtils.java:logGet(43)) - raft.server.log.appender.buffer.element-limit = 1 (custom)
2019-09-25 10:21:19,411 [53ec031b-54ac-4e43-8d21-bd51ab7ddb67@group-0F7B1F02D949:LeaderElection72] INFO  grpc.GrpcConfigKeys$Server (ConfUtils.java:logGet(43)) - raft.grpc.server.leader.outstanding.appends.max = 128 (default)
2019-09-25 10:21:19,412 [53ec031b-54ac-4e43-8d21-bd51ab7ddb67@group-0F7B1F02D949:LeaderElection72] INFO  server.RaftServerConfigKeys (ConfUtils.java:logGet(43)) - raft.server.rpc.request.timeout = 3000ms (default)
2019-09-25 10:21:19,412 [53ec031b-54ac-4e43-8d21-bd51ab7ddb67@group-0F7B1F02D949:LeaderElection72] INFO  server.RaftServerConfigKeys (ConfUtils.java:logGet(43)) - raft.server.log.appender.install.snapshot.enabled = false (custom)
2019-09-25 10:21:19,412 [53ec031b-54ac-4e43-8d21-bd51ab7ddb67@group-0F7B1F02D949:LeaderElection72] INFO  server.RaftServerConfigKeys (ConfUtils.java:logGet(43)) - raft.server.log.appender.snapshot.chunk.size.max = 16MB (=16777216) (default)
2019-09-25 10:21:19,412 [53ec031b-54ac-4e43-8d21-bd51ab7ddb67@group-0F7B1F02D949:LeaderElection72] INFO  server.RaftServerConfigKeys (ConfUtils.java:logGet(43)) - raft.server.log.appender.buffer.byte-limit = 33554432 (custom)
2019-09-25 10:21:19,413 [53ec031b-54ac-4e43-8d21-bd51ab7ddb67@group-0F7B1F02D949:LeaderElection72] INFO  server.RaftServerConfigKeys (ConfUtils.java:logGet(43)) - raft.server.log.appender.buffer.element-limit = 1 (custom)
2019-09-25 10:21:19,413 [53ec031b-54ac-4e43-8d21-bd51ab7ddb67@group-0F7B1F02D949:LeaderElection72] INFO  grpc.GrpcConfigKeys$Server (ConfUtils.java:logGet(43)) - raft.grpc.server.leader.outstanding.appends.max = 128 (default)
2019-09-25 10:21:19,413 [53ec031b-54ac-4e43-8d21-bd51ab7ddb67@group-0F7B1F02D949:LeaderElection72] INFO  server.RaftServerConfigKeys (ConfUtils.java:logGet(43)) - raft.server.rpc.request.timeout = 3000ms (default)
2019-09-25 10:21:19,413 [53ec031b-54ac-4e43-8d21-bd51ab7ddb67@group-0F7B1F02D949:LeaderElection72] INFO  server.RaftServerConfigKeys (ConfUtils.java:logGet(43)) - raft.server.log.appender.install.snapshot.enabled = false (custom)
2019-09-25 10:21:19,414 [53ec031b-54ac-4e43-8d21-bd51ab7ddb67@group-0F7B1F02D949:LeaderElection72] INFO  impl.RoleInfo (RoleInfo.java:updateAndGet(143)) - 53ec031b-54ac-4e43-8d21-bd51ab7ddb67: start LeaderState
2019-09-25 10:21:19,414 [53ec031b-54ac-4e43-8d21-bd51ab7ddb67@group-0F7B1F02D949:LeaderElection72] INFO  segmented.SegmentedRaftLogWorker (SegmentedRaftLogWorker.java:startLogSegment(380)) - 53ec031b-54ac-4e43-8d21-bd51ab7ddb67@group-0F7B1F02D949-SegmentedRaftLogWorker: Starting segment from index:0
2019-09-25 10:21:19,415 [53ec031b-54ac-4e43-8d21-bd51ab7ddb67@group-0F7B1F02D949:LeaderElection72] INFO  impl.RaftServerImpl (ServerState.java:setRaftConf(354)) - 53ec031b-54ac-4e43-8d21-bd51ab7ddb67@group-0F7B1F02D949: set configuration 0: [99631be6-a4f3-4f71-886a-cd5c20c40b02:192.168.30.57:34611, 53ec031b-54ac-4e43-8d21-bd51ab7ddb67:192.168.30.57:36299, 4234b66f-0d01-412b-94b6-541b347f0ca0:192.168.30.57:35853], old=null at 0
2019-09-25 10:21:19,454 [grpc-default-executor-8] INFO  impl.RaftServerImpl (ServerState.java:setLeader(253)) - 4234b66f-0d01-412b-94b6-541b347f0ca0@group-0F7B1F02D949: change Leader from null to 53ec031b-54ac-4e43-8d21-bd51ab7ddb67 at term 2 for appendEntries, leader elected after 10774ms
2019-09-25 10:21:19,457 [grpc-default-executor-7] INFO  impl.RaftServerImpl (ServerState.java:setLeader(253)) - 99631be6-a4f3-4f71-886a-cd5c20c40b02@group-0F7B1F02D949: change Leader from null to 53ec031b-54ac-4e43-8d21-bd51ab7ddb67 at term 2 for appendEntries, leader elected after 10776ms
2019-09-25 10:21:19,459 [grpc-default-executor-8] INFO  impl.RaftServerImpl (ServerState.java:setRaftConf(354)) - 99631be6-a4f3-4f71-886a-cd5c20c40b02@group-0F7B1F02D949: set configuration 0: [99631be6-a4f3-4f71-886a-cd5c20c40b02:192.168.30.57:34611, 53ec031b-54ac-4e43-8d21-bd51ab7ddb67:192.168.30.57:36299, 4234b66f-0d01-412b-94b6-541b347f0ca0:192.168.30.57:35853], old=null at 0
2019-09-25 10:21:19,459 [grpc-default-executor-7] INFO  impl.RaftServerImpl (ServerState.java:setRaftConf(354)) - 4234b66f-0d01-412b-94b6-541b347f0ca0@group-0F7B1F02D949: set configuration 0: [99631be6-a4f3-4f71-886a-cd5c20c40b02:192.168.30.57:34611, 53ec031b-54ac-4e43-8d21-bd51ab7ddb67:192.168.30.57:36299, 4234b66f-0d01-412b-94b6-541b347f0ca0:192.168.30.57:35853], old=null at 0
2019-09-25 10:21:19,459 [grpc-default-executor-8] INFO  segmented.SegmentedRaftLogWorker (SegmentedRaftLogWorker.java:startLogSegment(380)) - 99631be6-a4f3-4f71-886a-cd5c20c40b02@group-0F7B1F02D949-SegmentedRaftLogWorker: Starting segment from index:0
2019-09-25 10:21:19,459 [grpc-default-executor-7] INFO  segmented.SegmentedRaftLogWorker (SegmentedRaftLogWorker.java:startLogSegment(380)) - 4234b66f-0d01-412b-94b6-541b347f0ca0@group-0F7B1F02D949-SegmentedRaftLogWorker: Starting segment from index:0
2019-09-25 10:21:19,477 [53ec031b-54ac-4e43-8d21-bd51ab7ddb67@group-0F7B1F02D949-SegmentedRaftLogWorker] INFO  segmented.SegmentedRaftLogWorker (SegmentedRaftLogWorker.java:execute(569)) - 53ec031b-54ac-4e43-8d21-bd51ab7ddb67@group-0F7B1F02D949-SegmentedRaftLogWorker: created new log segment /workdir/hadoop-ozone/integration-test/target/test-dir/MiniOzoneClusterImpl-3ef52350-cea6-4cbd-954a-79fe229e9e03/datanode-2/data/ratis/c3f81522-5fcc-4acd-8d3e-0f7b1f02d949/current/log_inprogress_0
2019-09-25 10:21:19,490 [4234b66f-0d01-412b-94b6-541b347f0ca0@group-0F7B1F02D949-SegmentedRaftLogWorker] INFO  segmented.SegmentedRaftLogWorker (SegmentedRaftLogWorker.java:execute(569)) - 4234b66f-0d01-412b-94b6-541b347f0ca0@group-0F7B1F02D949-SegmentedRaftLogWorker: created new log segment /workdir/hadoop-ozone/integration-test/target/test-dir/MiniOzoneClusterImpl-3ef52350-cea6-4cbd-954a-79fe229e9e03/datanode-1/data/ratis/c3f81522-5fcc-4acd-8d3e-0f7b1f02d949/current/log_inprogress_0
2019-09-25 10:21:19,495 [99631be6-a4f3-4f71-886a-cd5c20c40b02@group-0F7B1F02D949-SegmentedRaftLogWorker] INFO  segmented.SegmentedRaftLogWorker (SegmentedRaftLogWorker.java:execute(569)) - 99631be6-a4f3-4f71-886a-cd5c20c40b02@group-0F7B1F02D949-SegmentedRaftLogWorker: created new log segment /workdir/hadoop-ozone/integration-test/target/test-dir/MiniOzoneClusterImpl-3ef52350-cea6-4cbd-954a-79fe229e9e03/datanode-0/data/ratis/c3f81522-5fcc-4acd-8d3e-0f7b1f02d949/current/log_inprogress_0
2019-09-25 10:21:19,502 [Thread-3131] INFO  impl.FollowerState (FollowerState.java:run(106)) - fc8031bc-9391-4f9f-9cf5-e32bf235798d:group-AD0E2131DC16 changes to CANDIDATE, lastRpcTime:5017, electionTimeout:5017ms
2019-09-25 10:21:19,502 [Thread-3131] INFO  impl.RoleInfo (RoleInfo.java:shutdownFollowerState(121)) - fc8031bc-9391-4f9f-9cf5-e32bf235798d: shutdown FollowerState
2019-09-25 10:21:19,502 [Thread-3131] INFO  impl.RaftServerImpl (RaftServerImpl.java:setRole(174)) - fc8031bc-9391-4f9f-9cf5-e32bf235798d@group-AD0E2131DC16: changes role from  FOLLOWER to CANDIDATE at term 1 for changeToCandidate
2019-09-25 10:21:19,502 [Thread-3131] INFO  impl.RoleInfo (RoleInfo.java:updateAndGet(143)) - fc8031bc-9391-4f9f-9cf5-e32bf235798d: start LeaderElection
2019-09-25 10:21:19,513 [fc8031bc-9391-4f9f-9cf5-e32bf235798d@group-AD0E2131DC16:LeaderElection73] INFO  impl.LeaderElection (LeaderElection.java:askForVotes(182)) - fc8031bc-9391-4f9f-9cf5-e32bf235798d@group-AD0E2131DC16:LeaderElection73: begin an election at term 2 for -1: [d9d4e9ae-1d40-49aa-ab31-924367ef4809:192.168.30.57:35166, fc8031bc-9391-4f9f-9cf5-e32bf235798d:192.168.30.57:34636, 36da9443-b73f-4d07-9b1e-a1622725362a:192.168.30.57:40153], old=null
2019-09-25 10:21:19,514 [grpc-default-executor-7] INFO  impl.RaftServerImpl (RaftServerImpl.java:setRole(174)) - d9d4e9ae-1d40-49aa-ab31-924367ef4809@group-AD0E2131DC16: changes role from  FOLLOWER to FOLLOWER at term 2 for recognizeCandidate:fc8031bc-9391-4f9f-9cf5-e32bf235798d
2019-09-25 10:21:19,514 [grpc-default-executor-8] INFO  impl.RaftServerImpl (RaftServerImpl.java:setRole(174)) - 36da9443-b73f-4d07-9b1e-a1622725362a@group-AD0E2131DC16: changes role from  FOLLOWER to FOLLOWER at term 2 for recognizeCandidate:fc8031bc-9391-4f9f-9cf5-e32bf235798d
2019-09-25 10:21:19,514 [grpc-default-executor-7] INFO  impl.RoleInfo (RoleInfo.java:shutdownFollowerState(121)) - d9d4e9ae-1d40-49aa-ab31-924367ef4809: shutdown FollowerState
2019-09-25 10:21:19,514 [grpc-default-executor-8] INFO  impl.RoleInfo (RoleInfo.java:shutdownFollowerState(121)) - 36da9443-b73f-4d07-9b1e-a1622725362a: shutdown FollowerState
2019-09-25 10:21:19,515 [grpc-default-executor-7] INFO  impl.RoleInfo (RoleInfo.java:updateAndGet(143)) - d9d4e9ae-1d40-49aa-ab31-924367ef4809: start FollowerState
2019-09-25 10:21:19,515 [Thread-3130] INFO  impl.FollowerState (FollowerState.java:run(115)) - d9d4e9ae-1d40-49aa-ab31-924367ef4809: FollowerState was interrupted: java.lang.InterruptedException: sleep interrupted
2019-09-25 10:21:19,515 [grpc-default-executor-8] INFO  impl.RoleInfo (RoleInfo.java:updateAndGet(143)) - 36da9443-b73f-4d07-9b1e-a1622725362a: start FollowerState
2019-09-25 10:21:19,515 [Thread-3132] INFO  impl.FollowerState (FollowerState.java:run(115)) - 36da9443-b73f-4d07-9b1e-a1622725362a: FollowerState was interrupted: java.lang.InterruptedException: sleep interrupted
2019-09-25 10:21:19,539 [fc8031bc-9391-4f9f-9cf5-e32bf235798d@group-AD0E2131DC16:LeaderElection73] INFO  impl.LeaderElection (LeaderElection.java:logAndReturn(56)) - fc8031bc-9391-4f9f-9cf5-e32bf235798d@group-AD0E2131DC16:LeaderElection73: Election PASSED; received 1 response(s) [fc8031bc-9391-4f9f-9cf5-e32bf235798d<-36da9443-b73f-4d07-9b1e-a1622725362a#0:OK-t2] and 0 exception(s); fc8031bc-9391-4f9f-9cf5-e32bf235798d@group-AD0E2131DC16:t2, leader=null, voted=fc8031bc-9391-4f9f-9cf5-e32bf235798d, raftlog=fc8031bc-9391-4f9f-9cf5-e32bf235798d@group-AD0E2131DC16-SegmentedRaftLog:OPENED:c-1,f-1,i0, conf=-1: [d9d4e9ae-1d40-49aa-ab31-924367ef4809:192.168.30.57:35166, fc8031bc-9391-4f9f-9cf5-e32bf235798d:192.168.30.57:34636, 36da9443-b73f-4d07-9b1e-a1622725362a:192.168.30.57:40153], old=null
2019-09-25 10:21:19,539 [fc8031bc-9391-4f9f-9cf5-e32bf235798d@group-AD0E2131DC16:LeaderElection73] INFO  impl.RoleInfo (RoleInfo.java:shutdownLeaderElection(134)) - fc8031bc-9391-4f9f-9cf5-e32bf235798d: shutdown LeaderElection
2019-09-25 10:21:19,539 [fc8031bc-9391-4f9f-9cf5-e32bf235798d@group-AD0E2131DC16:LeaderElection73] INFO  impl.RaftServerImpl (RaftServerImpl.java:setRole(174)) - fc8031bc-9391-4f9f-9cf5-e32bf235798d@group-AD0E2131DC16: changes role from CANDIDATE to LEADER at term 2 for changeToLeader
2019-09-25 10:21:19,539 [fc8031bc-9391-4f9f-9cf5-e32bf235798d@group-AD0E2131DC16:LeaderElection73] INFO  impl.RaftServerImpl (ServerState.java:setLeader(253)) - fc8031bc-9391-4f9f-9cf5-e32bf235798d@group-AD0E2131DC16: change Leader from null to fc8031bc-9391-4f9f-9cf5-e32bf235798d at term 2 for becomeLeader, leader elected after 10503ms
2019-09-25 10:21:19,539 [fc8031bc-9391-4f9f-9cf5-e32bf235798d@group-AD0E2131DC16:LeaderElection73] INFO  server.RaftServerConfigKeys (ConfUtils.java:logGet(43)) - raft.server.staging.catchup.gap = 1000 (default)
2019-09-25 10:21:19,539 [fc8031bc-9391-4f9f-9cf5-e32bf235798d@group-AD0E2131DC16:LeaderElection73] INFO  server.RaftServerConfigKeys (ConfUtils.java:logGet(43)) - raft.server.rpc.sleep.time = 25ms (default)
2019-09-25 10:21:19,539 [fc8031bc-9391-4f9f-9cf5-e32bf235798d@group-AD0E2131DC16:LeaderElection73] INFO  server.RaftServerConfigKeys (ConfUtils.java:logGet(43)) - raft.server.write.element-limit = 4096 (default)
2019-09-25 10:21:19,539 [fc8031bc-9391-4f9f-9cf5-e32bf235798d@group-AD0E2131DC16:LeaderElection73] INFO  server.RaftServerConfigKeys (ConfUtils.java:logGet(43)) - raft.server.watch.timeout = 10s (default)
2019-09-25 10:21:19,540 [fc8031bc-9391-4f9f-9cf5-e32bf235798d@group-AD0E2131DC16:LeaderElection73] INFO  server.RaftServerConfigKeys (ConfUtils.java:logGet(43)) - raft.server.watch.timeout.denomination = 1s (default)
2019-09-25 10:21:19,540 [fc8031bc-9391-4f9f-9cf5-e32bf235798d@group-AD0E2131DC16:LeaderElection73] INFO  server.RaftServerConfigKeys (ConfUtils.java:logGet(43)) - raft.server.watch.element-limit = 65536 (default)
2019-09-25 10:21:19,541 [fc8031bc-9391-4f9f-9cf5-e32bf235798d@group-AD0E2131DC16:LeaderElection73] INFO  server.RaftServerConfigKeys (ConfUtils.java:logGet(43)) - raft.server.log.appender.snapshot.chunk.size.max = 16MB (=16777216) (default)
2019-09-25 10:21:19,541 [fc8031bc-9391-4f9f-9cf5-e32bf235798d@group-AD0E2131DC16:LeaderElection73] INFO  server.RaftServerConfigKeys (ConfUtils.java:logGet(43)) - raft.server.log.appender.buffer.byte-limit = 33554432 (custom)
2019-09-25 10:21:19,541 [fc8031bc-9391-4f9f-9cf5-e32bf235798d@group-AD0E2131DC16:LeaderElection73] INFO  server.RaftServerConfigKeys (ConfUtils.java:logGet(43)) - raft.server.log.appender.buffer.element-limit = 1 (custom)
2019-09-25 10:21:19,542 [fc8031bc-9391-4f9f-9cf5-e32bf235798d@group-AD0E2131DC16:LeaderElection73] INFO  grpc.GrpcConfigKeys$Server (ConfUtils.java:logGet(43)) - raft.grpc.server.leader.outstanding.appends.max = 128 (default)
2019-09-25 10:21:19,542 [fc8031bc-9391-4f9f-9cf5-e32bf235798d@group-AD0E2131DC16:LeaderElection73] INFO  server.RaftServerConfigKeys (ConfUtils.java:logGet(43)) - raft.server.rpc.request.timeout = 3000ms (default)
2019-09-25 10:21:19,542 [fc8031bc-9391-4f9f-9cf5-e32bf235798d@group-AD0E2131DC16:LeaderElection73] INFO  server.RaftServerConfigKeys (ConfUtils.java:logGet(43)) - raft.server.log.appender.install.snapshot.enabled = false (custom)
2019-09-25 10:21:19,542 [fc8031bc-9391-4f9f-9cf5-e32bf235798d@group-AD0E2131DC16:LeaderElection73] INFO  server.RaftServerConfigKeys (ConfUtils.java:logGet(43)) - raft.server.log.appender.snapshot.chunk.size.max = 16MB (=16777216) (default)
2019-09-25 10:21:19,542 [fc8031bc-9391-4f9f-9cf5-e32bf235798d@group-AD0E2131DC16:LeaderElection73] INFO  server.RaftServerConfigKeys (ConfUtils.java:logGet(43)) - raft.server.log.appender.buffer.byte-limit = 33554432 (custom)
2019-09-25 10:21:19,542 [fc8031bc-9391-4f9f-9cf5-e32bf235798d@group-AD0E2131DC16:LeaderElection73] INFO  server.RaftServerConfigKeys (ConfUtils.java:logGet(43)) - raft.server.log.appender.buffer.element-limit = 1 (custom)
2019-09-25 10:21:19,543 [fc8031bc-9391-4f9f-9cf5-e32bf235798d@group-AD0E2131DC16:LeaderElection73] INFO  grpc.GrpcConfigKeys$Server (ConfUtils.java:logGet(43)) - raft.grpc.server.leader.outstanding.appends.max = 128 (default)
2019-09-25 10:21:19,543 [fc8031bc-9391-4f9f-9cf5-e32bf235798d@group-AD0E2131DC16:LeaderElection73] INFO  server.RaftServerConfigKeys (ConfUtils.java:logGet(43)) - raft.server.rpc.request.timeout = 3000ms (default)
2019-09-25 10:21:19,543 [fc8031bc-9391-4f9f-9cf5-e32bf235798d@group-AD0E2131DC16:LeaderElection73] INFO  server.RaftServerConfigKeys (ConfUtils.java:logGet(43)) - raft.server.log.appender.install.snapshot.enabled = false (custom)
2019-09-25 10:21:19,543 [fc8031bc-9391-4f9f-9cf5-e32bf235798d@group-AD0E2131DC16:LeaderElection73] INFO  impl.RoleInfo (RoleInfo.java:updateAndGet(143)) - fc8031bc-9391-4f9f-9cf5-e32bf235798d: start LeaderState
2019-09-25 10:21:19,544 [fc8031bc-9391-4f9f-9cf5-e32bf235798d@group-AD0E2131DC16:LeaderElection73] INFO  segmented.SegmentedRaftLogWorker (SegmentedRaftLogWorker.java:startLogSegment(380)) - fc8031bc-9391-4f9f-9cf5-e32bf235798d@group-AD0E2131DC16-SegmentedRaftLogWorker: Starting segment from index:0
2019-09-25 10:21:19,544 [fc8031bc-9391-4f9f-9cf5-e32bf235798d@group-AD0E2131DC16:LeaderElection73] INFO  impl.RaftServerImpl (ServerState.java:setRaftConf(354)) - fc8031bc-9391-4f9f-9cf5-e32bf235798d@group-AD0E2131DC16: set configuration 0: [d9d4e9ae-1d40-49aa-ab31-924367ef4809:192.168.30.57:35166, fc8031bc-9391-4f9f-9cf5-e32bf235798d:192.168.30.57:34636, 36da9443-b73f-4d07-9b1e-a1622725362a:192.168.30.57:40153], old=null at 0
2019-09-25 10:21:19,545 [grpc-default-executor-7] INFO  impl.RaftServerImpl (ServerState.java:setLeader(253)) - 36da9443-b73f-4d07-9b1e-a1622725362a@group-AD0E2131DC16: change Leader from null to fc8031bc-9391-4f9f-9cf5-e32bf235798d at term 2 for appendEntries, leader elected after 10509ms
2019-09-25 10:21:19,575 [grpc-default-executor-7] INFO  impl.RaftServerImpl (ServerState.java:setLeader(253)) - d9d4e9ae-1d40-49aa-ab31-924367ef4809@group-AD0E2131DC16: change Leader from null to fc8031bc-9391-4f9f-9cf5-e32bf235798d at term 2 for appendEntries, leader elected after 10540ms
2019-09-25 10:21:19,576 [grpc-default-executor-7] INFO  impl.RaftServerImpl (ServerState.java:setRaftConf(354)) - 36da9443-b73f-4d07-9b1e-a1622725362a@group-AD0E2131DC16: set configuration 0: [d9d4e9ae-1d40-49aa-ab31-924367ef4809:192.168.30.57:35166, fc8031bc-9391-4f9f-9cf5-e32bf235798d:192.168.30.57:34636, 36da9443-b73f-4d07-9b1e-a1622725362a:192.168.30.57:40153], old=null at 0
2019-09-25 10:21:19,576 [grpc-default-executor-7] INFO  segmented.SegmentedRaftLogWorker (SegmentedRaftLogWorker.java:startLogSegment(380)) - 36da9443-b73f-4d07-9b1e-a1622725362a@group-AD0E2131DC16-SegmentedRaftLogWorker: Starting segment from index:0
2019-09-25 10:21:19,577 [grpc-default-executor-7] INFO  impl.RaftServerImpl (ServerState.java:setRaftConf(354)) - d9d4e9ae-1d40-49aa-ab31-924367ef4809@group-AD0E2131DC16: set configuration 0: [d9d4e9ae-1d40-49aa-ab31-924367ef4809:192.168.30.57:35166, fc8031bc-9391-4f9f-9cf5-e32bf235798d:192.168.30.57:34636, 36da9443-b73f-4d07-9b1e-a1622725362a:192.168.30.57:40153], old=null at 0
2019-09-25 10:21:19,577 [grpc-default-executor-7] INFO  segmented.SegmentedRaftLogWorker (SegmentedRaftLogWorker.java:startLogSegment(380)) - d9d4e9ae-1d40-49aa-ab31-924367ef4809@group-AD0E2131DC16-SegmentedRaftLogWorker: Starting segment from index:0
2019-09-25 10:21:19,586 [fc8031bc-9391-4f9f-9cf5-e32bf235798d@group-AD0E2131DC16-SegmentedRaftLogWorker] INFO  segmented.SegmentedRaftLogWorker (SegmentedRaftLogWorker.java:execute(569)) - fc8031bc-9391-4f9f-9cf5-e32bf235798d@group-AD0E2131DC16-SegmentedRaftLogWorker: created new log segment /workdir/hadoop-ozone/integration-test/target/test-dir/MiniOzoneClusterImpl-3ef52350-cea6-4cbd-954a-79fe229e9e03/datanode-5/data/ratis/7b446907-ae5c-45bd-981d-ad0e2131dc16/current/log_inprogress_0
2019-09-25 10:21:19,619 [36da9443-b73f-4d07-9b1e-a1622725362a@group-AD0E2131DC16-SegmentedRaftLogWorker] INFO  segmented.SegmentedRaftLogWorker (SegmentedRaftLogWorker.java:execute(569)) - 36da9443-b73f-4d07-9b1e-a1622725362a@group-AD0E2131DC16-SegmentedRaftLogWorker: created new log segment /workdir/hadoop-ozone/integration-test/target/test-dir/MiniOzoneClusterImpl-3ef52350-cea6-4cbd-954a-79fe229e9e03/datanode-4/data/ratis/7b446907-ae5c-45bd-981d-ad0e2131dc16/current/log_inprogress_0
2019-09-25 10:21:19,619 [d9d4e9ae-1d40-49aa-ab31-924367ef4809@group-AD0E2131DC16-SegmentedRaftLogWorker] INFO  segmented.SegmentedRaftLogWorker (SegmentedRaftLogWorker.java:execute(569)) - d9d4e9ae-1d40-49aa-ab31-924367ef4809@group-AD0E2131DC16-SegmentedRaftLogWorker: created new log segment /workdir/hadoop-ozone/integration-test/target/test-dir/MiniOzoneClusterImpl-3ef52350-cea6-4cbd-954a-79fe229e9e03/datanode-3/data/ratis/7b446907-ae5c-45bd-981d-ad0e2131dc16/current/log_inprogress_0
2019-09-25 10:21:21,936 [main] WARN  scm.XceiverClientRatis (XceiverClientRatis.java:watchForCommit(292)) - 3 way commit failed on pipeline Pipeline[ Id: 7b446907-ae5c-45bd-981d-ad0e2131dc16, Nodes: 36da9443-b73f-4d07-9b1e-a1622725362a{ip: 192.168.30.57, host: pr-hdds-2166-kpqck-3197213426, networkLocation: /default-rack, certSerialId: null}d9d4e9ae-1d40-49aa-ab31-924367ef4809{ip: 192.168.30.57, host: pr-hdds-2166-kpqck-3197213426, networkLocation: /default-rack, certSerialId: null}fc8031bc-9391-4f9f-9cf5-e32bf235798d{ip: 192.168.30.57, host: pr-hdds-2166-kpqck-3197213426, networkLocation: /default-rack, certSerialId: null}, Type:RATIS, Factor:THREE, State:OPEN]
java.util.concurrent.TimeoutException
	at java.util.concurrent.CompletableFuture.timedGet(CompletableFuture.java:1771)
	at java.util.concurrent.CompletableFuture.get(CompletableFuture.java:1915)
	at org.apache.hadoop.hdds.scm.XceiverClientRatis.watchForCommit(XceiverClientRatis.java:289)
	at org.apache.hadoop.hdds.scm.storage.CommitWatcher.watchForCommit(CommitWatcher.java:194)
	at org.apache.hadoop.hdds.scm.storage.CommitWatcher.watchOnLastIndex(CommitWatcher.java:157)
	at org.apache.hadoop.hdds.scm.storage.BlockOutputStream.watchForCommit(BlockOutputStream.java:347)
	at org.apache.hadoop.hdds.scm.storage.BlockOutputStream.handleFlush(BlockOutputStream.java:479)
	at org.apache.hadoop.hdds.scm.storage.BlockOutputStream.flush(BlockOutputStream.java:428)
	at org.apache.hadoop.ozone.client.io.BlockOutputStreamEntry.flush(BlockOutputStreamEntry.java:136)
	at org.apache.hadoop.ozone.client.io.KeyOutputStream.handleFlushOrClose(KeyOutputStream.java:443)
	at org.apache.hadoop.ozone.client.io.KeyOutputStream.flush(KeyOutputStream.java:397)
	at org.apache.hadoop.ozone.client.io.OzoneOutputStream.flush(OzoneOutputStream.java:54)
	at org.apache.hadoop.ozone.client.rpc.TestBlockOutputStreamWithFailures.testWatchForCommitDatanodeFailure(TestBlockOutputStreamWithFailures.java:330)
	at sun.reflect.NativeMethodAccessorImpl.invoke0(Native Method)
	at sun.reflect.NativeMethodAccessorImpl.invoke(NativeMethodAccessorImpl.java:62)
	at sun.reflect.DelegatingMethodAccessorImpl.invoke(DelegatingMethodAccessorImpl.java:43)
	at java.lang.reflect.Method.invoke(Method.java:498)
	at org.junit.runners.model.FrameworkMethod$1.runReflectiveCall(FrameworkMethod.java:47)
	at org.junit.internal.runners.model.ReflectiveCallable.run(ReflectiveCallable.java:12)
	at org.junit.runners.model.FrameworkMethod.invokeExplosively(FrameworkMethod.java:44)
	at org.junit.internal.runners.statements.InvokeMethod.evaluate(InvokeMethod.java:17)
	at org.junit.internal.runners.statements.RunBefores.evaluate(RunBefores.java:26)
	at org.junit.internal.runners.statements.RunAfters.evaluate(RunAfters.java:27)
	at org.junit.runners.ParentRunner.runLeaf(ParentRunner.java:271)
	at org.junit.runners.BlockJUnit4ClassRunner.runChild(BlockJUnit4ClassRunner.java:70)
	at org.junit.runners.BlockJUnit4ClassRunner.runChild(BlockJUnit4ClassRunner.java:50)
	at org.junit.runners.ParentRunner$3.run(ParentRunner.java:238)
	at org.junit.runners.ParentRunner$1.schedule(ParentRunner.java:63)
	at org.junit.runners.ParentRunner.runChildren(ParentRunner.java:236)
	at org.junit.runners.ParentRunner.access$000(ParentRunner.java:53)
	at org.junit.runners.ParentRunner$2.evaluate(ParentRunner.java:229)
	at org.junit.runners.ParentRunner.run(ParentRunner.java:309)
	at org.apache.maven.surefire.junit4.JUnit4Provider.execute(JUnit4Provider.java:365)
	at org.apache.maven.surefire.junit4.JUnit4Provider.executeWithRerun(JUnit4Provider.java:273)
	at org.apache.maven.surefire.junit4.JUnit4Provider.executeTestSet(JUnit4Provider.java:238)
	at org.apache.maven.surefire.junit4.JUnit4Provider.invoke(JUnit4Provider.java:159)
	at org.apache.maven.surefire.booter.ForkedBooter.invokeProviderInSameClassLoader(ForkedBooter.java:384)
	at org.apache.maven.surefire.booter.ForkedBooter.runSuitesInProcess(ForkedBooter.java:345)
	at org.apache.maven.surefire.booter.ForkedBooter.execute(ForkedBooter.java:126)
	at org.apache.maven.surefire.booter.ForkedBooter.main(ForkedBooter.java:418)
2019-09-25 10:21:22,939 [main] WARN  storage.CommitWatcher (CommitWatcher.java:watchForCommit(203)) - watchForCommit failed for index 14
java.util.concurrent.TimeoutException
	at java.util.concurrent.CompletableFuture.timedGet(CompletableFuture.java:1771)
	at java.util.concurrent.CompletableFuture.get(CompletableFuture.java:1915)
	at org.apache.hadoop.hdds.scm.XceiverClientRatis.watchForCommit(XceiverClientRatis.java:298)
	at org.apache.hadoop.hdds.scm.storage.CommitWatcher.watchForCommit(CommitWatcher.java:194)
	at org.apache.hadoop.hdds.scm.storage.CommitWatcher.watchOnLastIndex(CommitWatcher.java:157)
	at org.apache.hadoop.hdds.scm.storage.BlockOutputStream.watchForCommit(BlockOutputStream.java:347)
	at org.apache.hadoop.hdds.scm.storage.BlockOutputStream.handleFlush(BlockOutputStream.java:479)
	at org.apache.hadoop.hdds.scm.storage.BlockOutputStream.flush(BlockOutputStream.java:428)
	at org.apache.hadoop.ozone.client.io.BlockOutputStreamEntry.flush(BlockOutputStreamEntry.java:136)
	at org.apache.hadoop.ozone.client.io.KeyOutputStream.handleFlushOrClose(KeyOutputStream.java:443)
	at org.apache.hadoop.ozone.client.io.KeyOutputStream.flush(KeyOutputStream.java:397)
	at org.apache.hadoop.ozone.client.io.OzoneOutputStream.flush(OzoneOutputStream.java:54)
	at org.apache.hadoop.ozone.client.rpc.TestBlockOutputStreamWithFailures.testWatchForCommitDatanodeFailure(TestBlockOutputStreamWithFailures.java:330)
	at sun.reflect.NativeMethodAccessorImpl.invoke0(Native Method)
	at sun.reflect.NativeMethodAccessorImpl.invoke(NativeMethodAccessorImpl.java:62)
	at sun.reflect.DelegatingMethodAccessorImpl.invoke(DelegatingMethodAccessorImpl.java:43)
	at java.lang.reflect.Method.invoke(Method.java:498)
	at org.junit.runners.model.FrameworkMethod$1.runReflectiveCall(FrameworkMethod.java:47)
	at org.junit.internal.runners.model.ReflectiveCallable.run(ReflectiveCallable.java:12)
	at org.junit.runners.model.FrameworkMethod.invokeExplosively(FrameworkMethod.java:44)
	at org.junit.internal.runners.statements.InvokeMethod.evaluate(InvokeMethod.java:17)
	at org.junit.internal.runners.statements.RunBefores.evaluate(RunBefores.java:26)
	at org.junit.internal.runners.statements.RunAfters.evaluate(RunAfters.java:27)
	at org.junit.runners.ParentRunner.runLeaf(ParentRunner.java:271)
	at org.junit.runners.BlockJUnit4ClassRunner.runChild(BlockJUnit4ClassRunner.java:70)
	at org.junit.runners.BlockJUnit4ClassRunner.runChild(BlockJUnit4ClassRunner.java:50)
	at org.junit.runners.ParentRunner$3.run(ParentRunner.java:238)
	at org.junit.runners.ParentRunner$1.schedule(ParentRunner.java:63)
	at org.junit.runners.ParentRunner.runChildren(ParentRunner.java:236)
	at org.junit.runners.ParentRunner.access$000(ParentRunner.java:53)
	at org.junit.runners.ParentRunner$2.evaluate(ParentRunner.java:229)
	at org.junit.runners.ParentRunner.run(ParentRunner.java:309)
	at org.apache.maven.surefire.junit4.JUnit4Provider.execute(JUnit4Provider.java:365)
	at org.apache.maven.surefire.junit4.JUnit4Provider.executeWithRerun(JUnit4Provider.java:273)
	at org.apache.maven.surefire.junit4.JUnit4Provider.executeTestSet(JUnit4Provider.java:238)
	at org.apache.maven.surefire.junit4.JUnit4Provider.invoke(JUnit4Provider.java:159)
	at org.apache.maven.surefire.booter.ForkedBooter.invokeProviderInSameClassLoader(ForkedBooter.java:384)
	at org.apache.maven.surefire.booter.ForkedBooter.runSuitesInProcess(ForkedBooter.java:345)
	at org.apache.maven.surefire.booter.ForkedBooter.execute(ForkedBooter.java:126)
	at org.apache.maven.surefire.booter.ForkedBooter.main(ForkedBooter.java:418)
2019-09-25 10:21:22,940 [main] WARN  io.KeyOutputStream (KeyOutputStream.java:handleException(274)) - Encountered exception java.io.IOException: Unexpected Storage Container Exception: java.io.IOException: Unexpected Storage Container Exception: java.util.concurrent.TimeoutException on the pipeline Pipeline[ Id: 7b446907-ae5c-45bd-981d-ad0e2131dc16, Nodes: 36da9443-b73f-4d07-9b1e-a1622725362a{ip: 192.168.30.57, host: pr-hdds-2166-kpqck-3197213426, networkLocation: /default-rack, certSerialId: null}d9d4e9ae-1d40-49aa-ab31-924367ef4809{ip: 192.168.30.57, host: pr-hdds-2166-kpqck-3197213426, networkLocation: /default-rack, certSerialId: null}fc8031bc-9391-4f9f-9cf5-e32bf235798d{ip: 192.168.30.57, host: pr-hdds-2166-kpqck-3197213426, networkLocation: /default-rack, certSerialId: null}, Type:RATIS, Factor:THREE, State:OPEN]. The last committed block length is 400, uncommitted data length is 50 retry count 0
2019-09-25 10:21:23,217 [main] INFO  ozone.MiniOzoneClusterImpl (MiniOzoneClusterImpl.java:shutdown(314)) - Shutting down the Mini Ozone Cluster
2019-09-25 10:21:23,218 [main] INFO  ozone.MiniOzoneClusterImpl (MiniOzoneClusterImpl.java:stop(330)) - Stopping the Mini Ozone Cluster
2019-09-25 10:21:23,218 [main] INFO  ozone.MiniOzoneClusterImpl (MiniOzoneClusterImpl.java:stopOM(400)) - Stopping the OzoneManager
2019-09-25 10:21:23,218 [main] INFO  ipc.Server (Server.java:stop(3082)) - Stopping server on 38052
2019-09-25 10:21:23,230 [IPC Server listener on 38052] INFO  ipc.Server (Server.java:run(1185)) - Stopping IPC Server listener on 38052
2019-09-25 10:21:23,233 [main] INFO  ratis.OzoneManagerDoubleBuffer (OzoneManagerDoubleBuffer.java:stop(248)) - Stopping OMDoubleBuffer flush thread
2019-09-25 10:21:23,235 [IPC Server Responder] INFO  ipc.Server (Server.java:run(1319)) - Stopping IPC Server Responder
2019-09-25 10:21:23,237 [OMDoubleBufferFlushThread] INFO  ratis.OzoneManagerDoubleBuffer (OzoneManagerDoubleBuffer.java:flushTransactions(191)) - OMDoubleBuffer flush thread OMDoubleBufferFlushThread is interrupted and will exit. OMDoubleBufferFlushThread
2019-09-25 10:21:23,255 [main] INFO  utils.BackgroundService (BackgroundService.java:shutdown(148)) - Shutting down service KeyDeletingService
2019-09-25 10:21:23,257 [main] INFO  handler.ContextHandler (ContextHandler.java:doStop(910)) - Stopped o.e.j.w.WebAppContext@6b4a4e40{/,null,UNAVAILABLE}{/ozoneManager}
2019-09-25 10:21:23,258 [main] INFO  server.AbstractConnector (AbstractConnector.java:doStop(318)) - Stopped ServerConnector@46a8c2b4{HTTP/1.1,[http/1.1]}{0.0.0.0:0}
2019-09-25 10:21:23,258 [main] INFO  handler.ContextHandler (ContextHandler.java:doStop(910)) - Stopped o.e.j.s.ServletContextHandler@3820cfe{/static,file:///workdir/hadoop-ozone/integration-test/target/test-classes/webapps/static,UNAVAILABLE}
2019-09-25 10:21:23,258 [main] INFO  handler.ContextHandler (ContextHandler.java:doStop(910)) - Stopped o.e.j.s.ServletContextHandler@231b35fb{/logs,file:///workdir/hadoop-ozone/integration-test/target/log,UNAVAILABLE}
2019-09-25 10:21:23,260 [main] INFO  ozone.MiniOzoneClusterImpl (MiniOzoneClusterImpl.java:stopDatanodes(377)) - Stopping the HddsDatanodes
2019-09-25 10:21:23,690 [Datanode State Machine Thread - 0] INFO  statemachine.DatanodeStateMachine (DatanodeStateMachine.java:lambda$startDaemon$0(350)) - Ozone container server started.
2019-09-25 10:21:24,141 [Datanode State Machine Thread - 0] INFO  statemachine.DatanodeStateMachine (DatanodeStateMachine.java:lambda$startDaemon$0(350)) - Ozone container server started.
2019-09-25 10:21:27,787 [EventQueue-StaleNodeForStaleNodeHandler] INFO  node.StaleNodeHandler (StaleNodeHandler.java:onMessage(58)) - Datanode 36da9443-b73f-4d07-9b1e-a1622725362a{ip: 192.168.30.57, host: pr-hdds-2166-kpqck-3197213426, networkLocation: /default-rack, certSerialId: null} moved to stale state. Finalizing its pipelines [PipelineID=7b446907-ae5c-45bd-981d-ad0e2131dc16, PipelineID=e47c2a57-31b3-424a-bb2c-7f52325437c1]
2019-09-25 10:21:27,789 [EventQueue-StaleNodeForStaleNodeHandler] INFO  pipeline.SCMPipelineManager (SCMPipelineManager.java:finalizeAndDestroyPipeline(315)) - destroying pipeline:Pipeline[ Id: 7b446907-ae5c-45bd-981d-ad0e2131dc16, Nodes: 36da9443-b73f-4d07-9b1e-a1622725362a{ip: 192.168.30.57, host: pr-hdds-2166-kpqck-3197213426, networkLocation: /default-rack, certSerialId: null}d9d4e9ae-1d40-49aa-ab31-924367ef4809{ip: 192.168.30.57, host: pr-hdds-2166-kpqck-3197213426, networkLocation: /default-rack, certSerialId: null}fc8031bc-9391-4f9f-9cf5-e32bf235798d{ip: 192.168.30.57, host: pr-hdds-2166-kpqck-3197213426, networkLocation: /default-rack, certSerialId: null}, Type:RATIS, Factor:THREE, State:OPEN]
2019-09-25 10:21:27,790 [EventQueue-StaleNodeForStaleNodeHandler] INFO  pipeline.PipelineStateManager (PipelineStateManager.java:finalizePipeline(123)) - Pipeline Pipeline[ Id: 7b446907-ae5c-45bd-981d-ad0e2131dc16, Nodes: 36da9443-b73f-4d07-9b1e-a1622725362a{ip: 192.168.30.57, host: pr-hdds-2166-kpqck-3197213426, networkLocation: /default-rack, certSerialId: null}d9d4e9ae-1d40-49aa-ab31-924367ef4809{ip: 192.168.30.57, host: pr-hdds-2166-kpqck-3197213426, networkLocation: /default-rack, certSerialId: null}fc8031bc-9391-4f9f-9cf5-e32bf235798d{ip: 192.168.30.57, host: pr-hdds-2166-kpqck-3197213426, networkLocation: /default-rack, certSerialId: null}, Type:RATIS, Factor:THREE, State:CLOSED] moved to CLOSED state
2019-09-25 10:21:27,791 [EventQueue-CloseContainerForCloseContainerEventHandler] INFO  container.CloseContainerEventHandler (CloseContainerEventHandler.java:onMessage(61)) - Close container Event triggered for container : #1
2019-09-25 10:21:27,800 [EventQueue-StaleNodeForStaleNodeHandler] INFO  pipeline.SCMPipelineManager (SCMPipelineManager.java:finalizeAndDestroyPipeline(315)) - destroying pipeline:Pipeline[ Id: e47c2a57-31b3-424a-bb2c-7f52325437c1, Nodes: 36da9443-b73f-4d07-9b1e-a1622725362a{ip: 192.168.30.57, host: pr-hdds-2166-kpqck-3197213426, networkLocation: /default-rack, certSerialId: null}, Type:RATIS, Factor:ONE, State:OPEN]
2019-09-25 10:21:27,802 [EventQueue-StaleNodeForStaleNodeHandler] INFO  pipeline.PipelineStateManager (PipelineStateManager.java:finalizePipeline(123)) - Pipeline Pipeline[ Id: e47c2a57-31b3-424a-bb2c-7f52325437c1, Nodes: 36da9443-b73f-4d07-9b1e-a1622725362a{ip: 192.168.30.57, host: pr-hdds-2166-kpqck-3197213426, networkLocation: /default-rack, certSerialId: null}, Type:RATIS, Factor:ONE, State:CLOSED] moved to CLOSED state
2019-09-25 10:21:28,187 [EventQueue-StaleNodeForStaleNodeHandler] INFO  node.StaleNodeHandler (StaleNodeHandler.java:onMessage(58)) - Datanode 4234b66f-0d01-412b-94b6-541b347f0ca0{ip: 192.168.30.57, host: pr-hdds-2166-kpqck-3197213426, networkLocation: /default-rack, certSerialId: null} moved to stale state. Finalizing its pipelines [PipelineID=c3f81522-5fcc-4acd-8d3e-0f7b1f02d949, PipelineID=5a840d73-9fe3-4958-a1f8-30c2dcc96094]
2019-09-25 10:21:28,187 [EventQueue-StaleNodeForStaleNodeHandler] INFO  pipeline.SCMPipelineManager (SCMPipelineManager.java:finalizeAndDestroyPipeline(315)) - destroying pipeline:Pipeline[ Id: c3f81522-5fcc-4acd-8d3e-0f7b1f02d949, Nodes: 53ec031b-54ac-4e43-8d21-bd51ab7ddb67{ip: 192.168.30.57, host: pr-hdds-2166-kpqck-3197213426, networkLocation: /default-rack, certSerialId: null}4234b66f-0d01-412b-94b6-541b347f0ca0{ip: 192.168.30.57, host: pr-hdds-2166-kpqck-3197213426, networkLocation: /default-rack, certSerialId: null}99631be6-a4f3-4f71-886a-cd5c20c40b02{ip: 192.168.30.57, host: pr-hdds-2166-kpqck-3197213426, networkLocation: /default-rack, certSerialId: null}, Type:RATIS, Factor:THREE, State:OPEN]
2019-09-25 10:21:28,188 [EventQueue-StaleNodeForStaleNodeHandler] INFO  pipeline.PipelineStateManager (PipelineStateManager.java:finalizePipeline(123)) - Pipeline Pipeline[ Id: c3f81522-5fcc-4acd-8d3e-0f7b1f02d949, Nodes: 53ec031b-54ac-4e43-8d21-bd51ab7ddb67{ip: 192.168.30.57, host: pr-hdds-2166-kpqck-3197213426, networkLocation: /default-rack, certSerialId: null}4234b66f-0d01-412b-94b6-541b347f0ca0{ip: 192.168.30.57, host: pr-hdds-2166-kpqck-3197213426, networkLocation: /default-rack, certSerialId: null}99631be6-a4f3-4f71-886a-cd5c20c40b02{ip: 192.168.30.57, host: pr-hdds-2166-kpqck-3197213426, networkLocation: /default-rack, certSerialId: null}, Type:RATIS, Factor:THREE, State:CLOSED] moved to CLOSED state
2019-09-25 10:21:28,188 [EventQueue-StaleNodeForStaleNodeHandler] INFO  pipeline.SCMPipelineManager (SCMPipelineManager.java:finalizeAndDestroyPipeline(315)) - destroying pipeline:Pipeline[ Id: 5a840d73-9fe3-4958-a1f8-30c2dcc96094, Nodes: 4234b66f-0d01-412b-94b6-541b347f0ca0{ip: 192.168.30.57, host: pr-hdds-2166-kpqck-3197213426, networkLocation: /default-rack, certSerialId: null}, Type:RATIS, Factor:ONE, State:OPEN]
2019-09-25 10:21:28,188 [EventQueue-CloseContainerForCloseContainerEventHandler] INFO  container.CloseContainerEventHandler (CloseContainerEventHandler.java:onMessage(61)) - Close container Event triggered for container : #2
2019-09-25 10:21:28,193 [EventQueue-StaleNodeForStaleNodeHandler] INFO  pipeline.PipelineStateManager (PipelineStateManager.java:finalizePipeline(123)) - Pipeline Pipeline[ Id: 5a840d73-9fe3-4958-a1f8-30c2dcc96094, Nodes: 4234b66f-0d01-412b-94b6-541b347f0ca0{ip: 192.168.30.57, host: pr-hdds-2166-kpqck-3197213426, networkLocation: /default-rack, certSerialId: null}, Type:RATIS, Factor:ONE, State:CLOSED] moved to CLOSED state
2019-09-25 10:21:28,261 [ForkJoinPool.commonPool-worker-1] INFO  ozoneimpl.OzoneContainer (OzoneContainer.java:stop(231)) - Attempting to stop container services.
2019-09-25 10:21:28,261 [main] INFO  ozoneimpl.OzoneContainer (OzoneContainer.java:stop(231)) - Attempting to stop container services.
2019-09-25 10:21:28,262 [ForkJoinPool.commonPool-worker-1] INFO  impl.RaftServerProxy (RaftServerProxy.java:lambda$close$4(314)) - 4234b66f-0d01-412b-94b6-541b347f0ca0: close
2019-09-25 10:21:28,262 [main] INFO  impl.RaftServerProxy (RaftServerProxy.java:lambda$close$4(314)) - 36da9443-b73f-4d07-9b1e-a1622725362a: close
2019-09-25 10:21:28,262 [ForkJoinPool.commonPool-worker-1] INFO  impl.RaftServerImpl (RaftServerImpl.java:lambda$shutdown$3(251)) - 4234b66f-0d01-412b-94b6-541b347f0ca0@group-0F7B1F02D949: shutdown
2019-09-25 10:21:28,263 [main] INFO  impl.RaftServerImpl (RaftServerImpl.java:lambda$shutdown$3(251)) - 36da9443-b73f-4d07-9b1e-a1622725362a@group-AD0E2131DC16: shutdown
2019-09-25 10:21:28,263 [ForkJoinPool.commonPool-worker-1] INFO  util.JmxRegister (JmxRegister.java:unregister(73)) - Successfully un-registered JMX Bean with object name Ratis:service=RaftServer,group=group-0F7B1F02D949,id=4234b66f-0d01-412b-94b6-541b347f0ca0
2019-09-25 10:21:28,263 [main] INFO  util.JmxRegister (JmxRegister.java:unregister(73)) - Successfully un-registered JMX Bean with object name Ratis:service=RaftServer,group=group-AD0E2131DC16,id=36da9443-b73f-4d07-9b1e-a1622725362a
2019-09-25 10:21:28,263 [ForkJoinPool.commonPool-worker-1] INFO  impl.RoleInfo (RoleInfo.java:shutdownFollowerState(121)) - 4234b66f-0d01-412b-94b6-541b347f0ca0: shutdown FollowerState
2019-09-25 10:21:28,263 [main] INFO  impl.RoleInfo (RoleInfo.java:shutdownFollowerState(121)) - 36da9443-b73f-4d07-9b1e-a1622725362a: shutdown FollowerState
2019-09-25 10:21:28,264 [4234b66f-0d01-412b-94b6-541b347f0ca0@group-0F7B1F02D949-StateMachineUpdater] INFO  ratis.ContainerStateMachine (ContainerStateMachine.java:takeSnapshot(289)) - group-0F7B1F02D949: Taking a snapshot at:(t:2, i:3) file /workdir/hadoop-ozone/integration-test/target/test-dir/MiniOzoneClusterImpl-3ef52350-cea6-4cbd-954a-79fe229e9e03/datanode-1/data/ratis/c3f81522-5fcc-4acd-8d3e-0f7b1f02d949/sm/snapshot.2_3
2019-09-25 10:21:28,264 [36da9443-b73f-4d07-9b1e-a1622725362a@group-AD0E2131DC16-StateMachineUpdater] INFO  ratis.ContainerStateMachine (ContainerStateMachine.java:takeSnapshot(289)) - group-AD0E2131DC16: Taking a snapshot at:(t:2, i:16) file /workdir/hadoop-ozone/integration-test/target/test-dir/MiniOzoneClusterImpl-3ef52350-cea6-4cbd-954a-79fe229e9e03/datanode-4/data/ratis/7b446907-ae5c-45bd-981d-ad0e2131dc16/sm/snapshot.2_16
2019-09-25 10:21:28,264 [ForkJoinPool.commonPool-worker-1] INFO  impl.StateMachineUpdater (StateMachineUpdater.java:stopAndJoin(125)) - 4234b66f-0d01-412b-94b6-541b347f0ca0@group-0F7B1F02D949-StateMachineUpdater: set stopIndex = 4
2019-09-25 10:21:28,264 [Thread-3161] INFO  impl.FollowerState (FollowerState.java:run(115)) - 36da9443-b73f-4d07-9b1e-a1622725362a: FollowerState was interrupted: java.lang.InterruptedException: sleep interrupted
2019-09-25 10:21:28,264 [Thread-3145] INFO  impl.FollowerState (FollowerState.java:run(115)) - 4234b66f-0d01-412b-94b6-541b347f0ca0: FollowerState was interrupted: java.lang.InterruptedException: sleep interrupted
2019-09-25 10:21:28,264 [main] INFO  impl.StateMachineUpdater (StateMachineUpdater.java:stopAndJoin(125)) - 36da9443-b73f-4d07-9b1e-a1622725362a@group-AD0E2131DC16-StateMachineUpdater: set stopIndex = 16
2019-09-25 10:21:28,633 [36da9443-b73f-4d07-9b1e-a1622725362a@group-AD0E2131DC16-StateMachineUpdater] INFO  ratis.ContainerStateMachine (ContainerStateMachine.java:takeSnapshot(300)) - group-AD0E2131DC16: Finished taking a snapshot at:(t:2, i:16) file:/workdir/hadoop-ozone/integration-test/target/test-dir/MiniOzoneClusterImpl-3ef52350-cea6-4cbd-954a-79fe229e9e03/datanode-4/data/ratis/7b446907-ae5c-45bd-981d-ad0e2131dc16/sm/snapshot.2_16 time:369
2019-09-25 10:21:28,633 [4234b66f-0d01-412b-94b6-541b347f0ca0@group-0F7B1F02D949-StateMachineUpdater] INFO  ratis.ContainerStateMachine (ContainerStateMachine.java:takeSnapshot(300)) - group-0F7B1F02D949: Finished taking a snapshot at:(t:2, i:3) file:/workdir/hadoop-ozone/integration-test/target/test-dir/MiniOzoneClusterImpl-3ef52350-cea6-4cbd-954a-79fe229e9e03/datanode-1/data/ratis/c3f81522-5fcc-4acd-8d3e-0f7b1f02d949/sm/snapshot.2_3 time:369
2019-09-25 10:21:28,633 [36da9443-b73f-4d07-9b1e-a1622725362a@group-AD0E2131DC16-StateMachineUpdater] INFO  impl.StateMachineUpdater (StateMachineUpdater.java:takeSnapshot(258)) - 36da9443-b73f-4d07-9b1e-a1622725362a@group-AD0E2131DC16-StateMachineUpdater: Took a snapshot at index 16
2019-09-25 10:21:28,633 [4234b66f-0d01-412b-94b6-541b347f0ca0@group-0F7B1F02D949-StateMachineUpdater] INFO  impl.StateMachineUpdater (StateMachineUpdater.java:takeSnapshot(258)) - 4234b66f-0d01-412b-94b6-541b347f0ca0@group-0F7B1F02D949-StateMachineUpdater: Took a snapshot at index 3
2019-09-25 10:21:28,634 [36da9443-b73f-4d07-9b1e-a1622725362a@group-AD0E2131DC16-StateMachineUpdater] INFO  impl.StateMachineUpdater (StateMachineUpdater.java:lambda$new$0(83)) - 36da9443-b73f-4d07-9b1e-a1622725362a@group-AD0E2131DC16-StateMachineUpdater: snapshotIndex: updateIncreasingly -1 -> 16
2019-09-25 10:21:28,634 [4234b66f-0d01-412b-94b6-541b347f0ca0@group-0F7B1F02D949-StateMachineUpdater] INFO  impl.StateMachineUpdater (StateMachineUpdater.java:lambda$new$0(83)) - 4234b66f-0d01-412b-94b6-541b347f0ca0@group-0F7B1F02D949-StateMachineUpdater: snapshotIndex: updateIncreasingly -1 -> 3
2019-09-25 10:21:28,634 [4234b66f-0d01-412b-94b6-541b347f0ca0@group-0F7B1F02D949-StateMachineUpdater] INFO  ratis.ContainerStateMachine (ContainerStateMachine.java:takeSnapshot(289)) - group-0F7B1F02D949: Taking a snapshot at:(t:2, i:3) file /workdir/hadoop-ozone/integration-test/target/test-dir/MiniOzoneClusterImpl-3ef52350-cea6-4cbd-954a-79fe229e9e03/datanode-1/data/ratis/c3f81522-5fcc-4acd-8d3e-0f7b1f02d949/sm/snapshot.2_3
2019-09-25 10:21:28,634 [main] INFO  impl.RaftServerImpl (ServerState.java:close(385)) - 36da9443-b73f-4d07-9b1e-a1622725362a@group-AD0E2131DC16: closes. applyIndex: 16
2019-09-25 10:21:28,635 [36da9443-b73f-4d07-9b1e-a1622725362a@group-AD0E2131DC16-SegmentedRaftLogWorker] INFO  segmented.SegmentedRaftLogWorker (SegmentedRaftLogWorker.java:run(313)) - 36da9443-b73f-4d07-9b1e-a1622725362a@group-AD0E2131DC16-SegmentedRaftLogWorker was interrupted, exiting. There are 0 tasks remaining in the queue.
2019-09-25 10:21:28,638 [main] INFO  segmented.SegmentedRaftLogWorker (SegmentedRaftLogWorker.java:close(228)) - 36da9443-b73f-4d07-9b1e-a1622725362a@group-AD0E2131DC16-SegmentedRaftLogWorker close()
2019-09-25 10:21:28,641 [main] INFO  impl.RaftServerImpl (RaftServerImpl.java:lambda$shutdown$3(251)) - 36da9443-b73f-4d07-9b1e-a1622725362a@group-7F52325437C1: shutdown
2019-09-25 10:21:28,642 [main] INFO  util.JmxRegister (JmxRegister.java:unregister(73)) - Successfully un-registered JMX Bean with object name Ratis:service=RaftServer,group=group-7F52325437C1,id=36da9443-b73f-4d07-9b1e-a1622725362a
2019-09-25 10:21:28,642 [main] INFO  impl.RoleInfo (RoleInfo.java:shutdownLeaderState(104)) - 36da9443-b73f-4d07-9b1e-a1622725362a: shutdown LeaderState
2019-09-25 10:21:28,642 [main] INFO  impl.PendingRequests (PendingRequests.java:sendNotLeaderResponses(202)) - 36da9443-b73f-4d07-9b1e-a1622725362a-PendingRequests: sendNotLeaderResponses
2019-09-25 10:21:28,643 [main] INFO  impl.StateMachineUpdater (StateMachineUpdater.java:stopAndJoin(125)) - 36da9443-b73f-4d07-9b1e-a1622725362a@group-7F52325437C1-StateMachineUpdater: set stopIndex = 0
2019-09-25 10:21:28,643 [main] INFO  impl.RaftServerImpl (ServerState.java:close(385)) - 36da9443-b73f-4d07-9b1e-a1622725362a@group-7F52325437C1: closes. applyIndex: 0
2019-09-25 10:21:28,644 [36da9443-b73f-4d07-9b1e-a1622725362a@group-7F52325437C1-SegmentedRaftLogWorker] INFO  segmented.SegmentedRaftLogWorker (SegmentedRaftLogWorker.java:run(313)) - 36da9443-b73f-4d07-9b1e-a1622725362a@group-7F52325437C1-SegmentedRaftLogWorker was interrupted, exiting. There are 0 tasks remaining in the queue.
2019-09-25 10:21:28,646 [main] INFO  segmented.SegmentedRaftLogWorker (SegmentedRaftLogWorker.java:close(228)) - 36da9443-b73f-4d07-9b1e-a1622725362a@group-7F52325437C1-SegmentedRaftLogWorker close()
2019-09-25 10:21:28,646 [4234b66f-0d01-412b-94b6-541b347f0ca0@group-0F7B1F02D949-StateMachineUpdater] INFO  ratis.ContainerStateMachine (ContainerStateMachine.java:takeSnapshot(300)) - group-0F7B1F02D949: Finished taking a snapshot at:(t:2, i:3) file:/workdir/hadoop-ozone/integration-test/target/test-dir/MiniOzoneClusterImpl-3ef52350-cea6-4cbd-954a-79fe229e9e03/datanode-1/data/ratis/c3f81522-5fcc-4acd-8d3e-0f7b1f02d949/sm/snapshot.2_3 time:12
2019-09-25 10:21:28,650 [main] INFO  server.GrpcService (GrpcService.java:closeImpl(164)) - 36da9443-b73f-4d07-9b1e-a1622725362a: shutdown server with port 40153 now
2019-09-25 10:21:28,650 [4234b66f-0d01-412b-94b6-541b347f0ca0@group-0F7B1F02D949-StateMachineUpdater] INFO  impl.StateMachineUpdater (StateMachineUpdater.java:takeSnapshot(258)) - 4234b66f-0d01-412b-94b6-541b347f0ca0@group-0F7B1F02D949-StateMachineUpdater: Took a snapshot at index 3
2019-09-25 10:21:28,650 [4234b66f-0d01-412b-94b6-541b347f0ca0@group-0F7B1F02D949-StateMachineUpdater] INFO  impl.StateMachineUpdater (StateMachineUpdater.java:lambda$new$0(83)) - 4234b66f-0d01-412b-94b6-541b347f0ca0@group-0F7B1F02D949-StateMachineUpdater: snapshotIndex: updateIncreasingly 3 -> 3
2019-09-25 10:21:28,650 [ForkJoinPool.commonPool-worker-1] INFO  impl.RaftServerImpl (ServerState.java:close(385)) - 4234b66f-0d01-412b-94b6-541b347f0ca0@group-0F7B1F02D949: closes. applyIndex: 4
2019-09-25 10:21:28,651 [4234b66f-0d01-412b-94b6-541b347f0ca0@group-0F7B1F02D949-SegmentedRaftLogWorker] INFO  segmented.SegmentedRaftLogWorker (SegmentedRaftLogWorker.java:run(313)) - 4234b66f-0d01-412b-94b6-541b347f0ca0@group-0F7B1F02D949-SegmentedRaftLogWorker was interrupted, exiting. There are 0 tasks remaining in the queue.
2019-09-25 10:21:28,653 [ForkJoinPool.commonPool-worker-1] INFO  segmented.SegmentedRaftLogWorker (SegmentedRaftLogWorker.java:close(228)) - 4234b66f-0d01-412b-94b6-541b347f0ca0@group-0F7B1F02D949-SegmentedRaftLogWorker close()
2019-09-25 10:21:28,656 [ForkJoinPool.commonPool-worker-1] INFO  impl.RaftServerImpl (RaftServerImpl.java:lambda$shutdown$3(251)) - 4234b66f-0d01-412b-94b6-541b347f0ca0@group-30C2DCC96094: shutdown
2019-09-25 10:21:28,656 [ForkJoinPool.commonPool-worker-1] INFO  util.JmxRegister (JmxRegister.java:unregister(73)) - Successfully un-registered JMX Bean with object name Ratis:service=RaftServer,group=group-30C2DCC96094,id=4234b66f-0d01-412b-94b6-541b347f0ca0
2019-09-25 10:21:28,656 [grpc-default-executor-7] WARN  server.GrpcServerProtocolService (LogUtils.java:warn(134)) - 36da9443-b73f-4d07-9b1e-a1622725362a: installSnapshot onError, lastRequest: fc8031bc-9391-4f9f-9cf5-e32bf235798d->36da9443-b73f-4d07-9b1e-a1622725362a#20-t2, previous=(t:2, i:16), leaderCommit=16, initializing? false, entries: <empty>: org.apache.ratis.thirdparty.io.grpc.StatusRuntimeException: CANCELLED: cancelled before receiving half close
2019-09-25 10:21:28,656 [grpc-default-executor-8] WARN  server.GrpcLogAppender (LogUtils.java:warn(134)) - fc8031bc-9391-4f9f-9cf5-e32bf235798d@group-AD0E2131DC16->36da9443-b73f-4d07-9b1e-a1622725362a-AppendLogResponseHandler: Failed appendEntries: org.apache.ratis.thirdparty.io.grpc.StatusRuntimeException: CANCELLED: HTTP/2 error code: CANCEL
Received Rst Stream
2019-09-25 10:21:28,656 [ForkJoinPool.commonPool-worker-1] INFO  impl.RoleInfo (RoleInfo.java:shutdownLeaderState(104)) - 4234b66f-0d01-412b-94b6-541b347f0ca0: shutdown LeaderState
2019-09-25 10:21:28,656 [main] INFO  server.GrpcService (GrpcService.java:closeImpl(172)) - 36da9443-b73f-4d07-9b1e-a1622725362a: shutdown server with port 40153 successfully
2019-09-25 10:21:28,657 [ForkJoinPool.commonPool-worker-1] INFO  impl.PendingRequests (PendingRequests.java:sendNotLeaderResponses(202)) - 4234b66f-0d01-412b-94b6-541b347f0ca0-PendingRequests: sendNotLeaderResponses
2019-09-25 10:21:28,657 [grpc-default-executor-8] INFO  impl.FollowerInfo (FollowerInfo.java:lambda$new$0(51)) - fc8031bc-9391-4f9f-9cf5-e32bf235798d@group-AD0E2131DC16->36da9443-b73f-4d07-9b1e-a1622725362a: nextIndex: updateUnconditionally 17 -> 16
2019-09-25 10:21:28,657 [ForkJoinPool.commonPool-worker-1] INFO  impl.StateMachineUpdater (StateMachineUpdater.java:stopAndJoin(125)) - 4234b66f-0d01-412b-94b6-541b347f0ca0@group-30C2DCC96094-StateMachineUpdater: set stopIndex = 0
2019-09-25 10:21:28,658 [ForkJoinPool.commonPool-worker-1] INFO  impl.RaftServerImpl (ServerState.java:close(385)) - 4234b66f-0d01-412b-94b6-541b347f0ca0@group-30C2DCC96094: closes. applyIndex: 0
2019-09-25 10:21:28,658 [4234b66f-0d01-412b-94b6-541b347f0ca0@group-30C2DCC96094-SegmentedRaftLogWorker] INFO  segmented.SegmentedRaftLogWorker (SegmentedRaftLogWorker.java:run(313)) - 4234b66f-0d01-412b-94b6-541b347f0ca0@group-30C2DCC96094-SegmentedRaftLogWorker was interrupted, exiting. There are 0 tasks remaining in the queue.
2019-09-25 10:21:28,660 [ForkJoinPool.commonPool-worker-1] INFO  segmented.SegmentedRaftLogWorker (SegmentedRaftLogWorker.java:close(228)) - 4234b66f-0d01-412b-94b6-541b347f0ca0@group-30C2DCC96094-SegmentedRaftLogWorker close()
2019-09-25 10:21:28,663 [ForkJoinPool.commonPool-worker-1] INFO  server.GrpcService (GrpcService.java:closeImpl(164)) - 4234b66f-0d01-412b-94b6-541b347f0ca0: shutdown server with port 35853 now
2019-09-25 10:21:28,664 [grpc-default-executor-7] WARN  server.GrpcServerProtocolService (LogUtils.java:warn(134)) - 4234b66f-0d01-412b-94b6-541b347f0ca0: installSnapshot onError, lastRequest: 53ec031b-54ac-4e43-8d21-bd51ab7ddb67->4234b66f-0d01-412b-94b6-541b347f0ca0#8-t2, previous=(t:2, i:4), leaderCommit=4, initializing? false, entries: <empty>: org.apache.ratis.thirdparty.io.grpc.StatusRuntimeException: CANCELLED: cancelled before receiving half close
2019-09-25 10:21:28,664 [refreshUsed-/workdir/hadoop-ozone/integration-test/target/test-dir/MiniOzoneClusterImpl-3ef52350-cea6-4cbd-954a-79fe229e9e03/datanode-4/data/containers] WARN  fs.CachingGetSpaceUsed (CachingGetSpaceUsed.java:run(183)) - Thread Interrupted waiting to refresh disk information: sleep interrupted
2019-09-25 10:21:28,664 [ForkJoinPool.commonPool-worker-1] INFO  server.GrpcService (GrpcService.java:closeImpl(172)) - 4234b66f-0d01-412b-94b6-541b347f0ca0: shutdown server with port 35853 successfully
2019-09-25 10:21:28,664 [grpc-default-executor-6] WARN  server.GrpcLogAppender (LogUtils.java:warn(134)) - 53ec031b-54ac-4e43-8d21-bd51ab7ddb67@group-0F7B1F02D949->4234b66f-0d01-412b-94b6-541b347f0ca0-AppendLogResponseHandler: Failed appendEntries: org.apache.ratis.thirdparty.io.grpc.StatusRuntimeException: CANCELLED: HTTP/2 error code: CANCEL
Received Rst Stream
2019-09-25 10:21:28,665 [grpc-default-executor-6] INFO  impl.FollowerInfo (FollowerInfo.java:lambda$new$0(51)) - 53ec031b-54ac-4e43-8d21-bd51ab7ddb67@group-0F7B1F02D949->4234b66f-0d01-412b-94b6-541b347f0ca0: nextIndex: updateUnconditionally 5 -> 4
2019-09-25 10:21:28,667 [refreshUsed-/workdir/hadoop-ozone/integration-test/target/test-dir/MiniOzoneClusterImpl-3ef52350-cea6-4cbd-954a-79fe229e9e03/datanode-1/data/containers] WARN  fs.CachingGetSpaceUsed (CachingGetSpaceUsed.java:run(183)) - Thread Interrupted waiting to refresh disk information: sleep interrupted
2019-09-25 10:21:28,681 [main] INFO  utils.BackgroundService (BackgroundService.java:shutdown(148)) - Shutting down service BlockDeletingService
2019-09-25 10:21:28,686 [main] INFO  statemachine.DatanodeStateMachine (DatanodeStateMachine.java:stopDaemon(395)) - Ozone container server stopped.
2019-09-25 10:21:28,687 [ForkJoinPool.commonPool-worker-1] INFO  utils.BackgroundService (BackgroundService.java:shutdown(148)) - Shutting down service BlockDeletingService
2019-09-25 10:21:28,692 [ForkJoinPool.commonPool-worker-1] INFO  statemachine.DatanodeStateMachine (DatanodeStateMachine.java:stopDaemon(395)) - Ozone container server stopped.
2019-09-25 10:21:28,697 [ForkJoinPool.commonPool-worker-1] INFO  handler.ContextHandler (ContextHandler.java:doStop(910)) - Stopped o.e.j.w.WebAppContext@2e952845{/,null,UNAVAILABLE}{/hddsDatanode}
2019-09-25 10:21:28,697 [main] INFO  handler.ContextHandler (ContextHandler.java:doStop(910)) - Stopped o.e.j.w.WebAppContext@30508066{/,null,UNAVAILABLE}{/hddsDatanode}
2019-09-25 10:21:28,697 [ForkJoinPool.commonPool-worker-1] INFO  server.AbstractConnector (AbstractConnector.java:doStop(318)) - Stopped ServerConnector@79252c83{HTTP/1.1,[http/1.1]}{0.0.0.0:0}
2019-09-25 10:21:28,697 [main] INFO  server.AbstractConnector (AbstractConnector.java:doStop(318)) - Stopped ServerConnector@9408857{HTTP/1.1,[http/1.1]}{0.0.0.0:0}
2019-09-25 10:21:28,699 [ForkJoinPool.commonPool-worker-1] INFO  handler.ContextHandler (ContextHandler.java:doStop(910)) - Stopped o.e.j.s.ServletContextHandler@2d130ac4{/static,jar:file:/home/user/.m2/repository/org/apache/hadoop/hadoop-hdds-container-service/0.5.0-SNAPSHOT/hadoop-hdds-container-service-0.5.0-SNAPSHOT.jar!/webapps/static,UNAVAILABLE}
2019-09-25 10:21:28,699 [main] INFO  handler.ContextHandler (ContextHandler.java:doStop(910)) - Stopped o.e.j.s.ServletContextHandler@4863c8ac{/static,jar:file:/home/user/.m2/repository/org/apache/hadoop/hadoop-hdds-container-service/0.5.0-SNAPSHOT/hadoop-hdds-container-service-0.5.0-SNAPSHOT.jar!/webapps/static,UNAVAILABLE}
2019-09-25 10:21:28,701 [ForkJoinPool.commonPool-worker-1] INFO  handler.ContextHandler (ContextHandler.java:doStop(910)) - Stopped o.e.j.s.ServletContextHandler@77083e41{/logs,file:///workdir/hadoop-ozone/integration-test/target/log,UNAVAILABLE}
2019-09-25 10:21:28,701 [main] INFO  handler.ContextHandler (ContextHandler.java:doStop(910)) - Stopped o.e.j.s.ServletContextHandler@67c6f4d8{/logs,file:///workdir/hadoop-ozone/integration-test/target/log,UNAVAILABLE}
2019-09-25 10:21:29,142 [Datanode State Machine Thread - 0] INFO  statemachine.DatanodeStateMachine (DatanodeStateMachine.java:lambda$startDaemon$0(350)) - Ozone container server started.
2019-09-25 10:21:29,696 [Datanode State Machine Thread - 0] INFO  statemachine.DatanodeStateMachine (DatanodeStateMachine.java:lambda$startDaemon$0(350)) - Ozone container server started.
2019-09-25 10:21:29,708 [grpc-default-executor-8] WARN  server.GrpcLogAppender (LogUtils.java:warn(134)) - fc8031bc-9391-4f9f-9cf5-e32bf235798d@group-AD0E2131DC16->36da9443-b73f-4d07-9b1e-a1622725362a-AppendLogResponseHandler: Failed appendEntries: org.apache.ratis.thirdparty.io.grpc.StatusRuntimeException: UNAVAILABLE: io exception
2019-09-25 10:21:29,708 [grpc-default-executor-8] INFO  impl.FollowerInfo (FollowerInfo.java:lambda$new$0(51)) - fc8031bc-9391-4f9f-9cf5-e32bf235798d@group-AD0E2131DC16->36da9443-b73f-4d07-9b1e-a1622725362a: nextIndex: updateUnconditionally 17 -> 16
2019-09-25 10:21:29,719 [grpc-default-executor-6] WARN  server.GrpcLogAppender (LogUtils.java:warn(134)) - fc8031bc-9391-4f9f-9cf5-e32bf235798d@group-AD0E2131DC16->36da9443-b73f-4d07-9b1e-a1622725362a-AppendLogResponseHandler: Failed appendEntries: org.apache.ratis.thirdparty.io.grpc.StatusRuntimeException: UNAVAILABLE: io exception
2019-09-25 10:21:29,720 [grpc-default-executor-6] INFO  impl.FollowerInfo (FollowerInfo.java:lambda$new$0(51)) - fc8031bc-9391-4f9f-9cf5-e32bf235798d@group-AD0E2131DC16->36da9443-b73f-4d07-9b1e-a1622725362a: nextIndex: updateUnconditionally 17 -> 16
2019-09-25 10:21:29,732 [grpc-default-executor-6] WARN  server.GrpcLogAppender (LogUtils.java:warn(134)) - fc8031bc-9391-4f9f-9cf5-e32bf235798d@group-AD0E2131DC16->36da9443-b73f-4d07-9b1e-a1622725362a-AppendLogResponseHandler: Failed appendEntries: org.apache.ratis.thirdparty.io.grpc.StatusRuntimeException: UNAVAILABLE: io exception
2019-09-25 10:21:29,732 [grpc-default-executor-6] INFO  impl.FollowerInfo (FollowerInfo.java:lambda$new$0(51)) - fc8031bc-9391-4f9f-9cf5-e32bf235798d@group-AD0E2131DC16->36da9443-b73f-4d07-9b1e-a1622725362a: nextIndex: updateUnconditionally 17 -> 16
2019-09-25 10:21:29,732 [RatisApplyTransactionExecutor 1] INFO  interfaces.Container (KeyValueContainer.java:flushAndSyncDB(386)) - Container 1 is synced with bcsId 14.
2019-09-25 10:21:29,733 [RatisApplyTransactionExecutor 1] INFO  interfaces.Container (KeyValueContainer.java:flushAndSyncDB(386)) - Container 1 is synced with bcsId 14.
2019-09-25 10:21:29,750 [RatisApplyTransactionExecutor 1] INFO  interfaces.Container (KeyValueContainer.java:close(335)) - Container 1 is closed with bcsId 14.
2019-09-25 10:21:29,751 [EventQueue-IncrementalContainerReportForIncrementalContainerReportHandler] INFO  container.IncrementalContainerReportHandler (AbstractContainerReportHandler.java:updateContainerState(176)) - Moving container #1 to CLOSED state, datanode fc8031bc-9391-4f9f-9cf5-e32bf235798d{ip: 192.168.30.57, host: pr-hdds-2166-kpqck-3197213426, networkLocation: /default-rack, certSerialId: null} reported CLOSED replica.
2019-09-25 10:21:29,760 [RatisApplyTransactionExecutor 1] INFO  interfaces.Container (KeyValueContainer.java:flushAndSyncDB(386)) - Container 1 is synced with bcsId 14.
2019-09-25 10:21:29,760 [RatisApplyTransactionExecutor 1] INFO  interfaces.Container (KeyValueContainer.java:flushAndSyncDB(386)) - Container 1 is synced with bcsId 14.
2019-09-25 10:21:29,775 [RatisApplyTransactionExecutor 1] INFO  interfaces.Container (KeyValueContainer.java:close(335)) - Container 1 is closed with bcsId 14.
2019-09-25 10:21:30,700 [grpc-default-executor-8] WARN  server.GrpcLogAppender (LogUtils.java:warn(134)) - 53ec031b-54ac-4e43-8d21-bd51ab7ddb67@group-0F7B1F02D949->4234b66f-0d01-412b-94b6-541b347f0ca0-AppendLogResponseHandler: Failed appendEntries: org.apache.ratis.thirdparty.io.grpc.StatusRuntimeException: UNAVAILABLE: io exception
2019-09-25 10:21:30,700 [grpc-default-executor-8] INFO  impl.FollowerInfo (FollowerInfo.java:lambda$new$0(51)) - 53ec031b-54ac-4e43-8d21-bd51ab7ddb67@group-0F7B1F02D949->4234b66f-0d01-412b-94b6-541b347f0ca0: nextIndex: updateUnconditionally 4 -> 3
2019-09-25 10:21:32,235 [grpc-default-executor-7] WARN  server.GrpcLogAppender (LogUtils.java:warn(134)) - fc8031bc-9391-4f9f-9cf5-e32bf235798d@group-AD0E2131DC16->36da9443-b73f-4d07-9b1e-a1622725362a-AppendLogResponseHandler: Failed appendEntries: org.apache.ratis.thirdparty.io.grpc.StatusRuntimeException: UNAVAILABLE: io exception
2019-09-25 10:21:32,236 [grpc-default-executor-7] INFO  impl.FollowerInfo (FollowerInfo.java:lambda$new$0(51)) - fc8031bc-9391-4f9f-9cf5-e32bf235798d@group-AD0E2131DC16->36da9443-b73f-4d07-9b1e-a1622725362a: nextIndex: updateUnconditionally 16 -> 15
2019-09-25 10:21:33,193 [EventQueue-StaleNodeForStaleNodeHandler] INFO  node.StaleNodeHandler (StaleNodeHandler.java:onMessage(58)) - Datanode 53ec031b-54ac-4e43-8d21-bd51ab7ddb67{ip: 192.168.30.57, host: pr-hdds-2166-kpqck-3197213426, networkLocation: /default-rack, certSerialId: null} moved to stale state. Finalizing its pipelines [PipelineID=6a98ea46-62f5-45bb-964e-f079c6863871, PipelineID=c3f81522-5fcc-4acd-8d3e-0f7b1f02d949]
2019-09-25 10:21:33,193 [EventQueue-StaleNodeForStaleNodeHandler] INFO  pipeline.SCMPipelineManager (SCMPipelineManager.java:finalizeAndDestroyPipeline(315)) - destroying pipeline:Pipeline[ Id: 6a98ea46-62f5-45bb-964e-f079c6863871, Nodes: 53ec031b-54ac-4e43-8d21-bd51ab7ddb67{ip: 192.168.30.57, host: pr-hdds-2166-kpqck-3197213426, networkLocation: /default-rack, certSerialId: null}, Type:RATIS, Factor:ONE, State:OPEN]
2019-09-25 10:21:33,194 [EventQueue-StaleNodeForStaleNodeHandler] INFO  pipeline.PipelineStateManager (PipelineStateManager.java:finalizePipeline(123)) - Pipeline Pipeline[ Id: 6a98ea46-62f5-45bb-964e-f079c6863871, Nodes: 53ec031b-54ac-4e43-8d21-bd51ab7ddb67{ip: 192.168.30.57, host: pr-hdds-2166-kpqck-3197213426, networkLocation: /default-rack, certSerialId: null}, Type:RATIS, Factor:ONE, State:CLOSED] moved to CLOSED state
2019-09-25 10:21:33,194 [EventQueue-StaleNodeForStaleNodeHandler] INFO  pipeline.SCMPipelineManager (SCMPipelineManager.java:finalizeAndDestroyPipeline(315)) - destroying pipeline:Pipeline[ Id: c3f81522-5fcc-4acd-8d3e-0f7b1f02d949, Nodes: 53ec031b-54ac-4e43-8d21-bd51ab7ddb67{ip: 192.168.30.57, host: pr-hdds-2166-kpqck-3197213426, networkLocation: /default-rack, certSerialId: null}4234b66f-0d01-412b-94b6-541b347f0ca0{ip: 192.168.30.57, host: pr-hdds-2166-kpqck-3197213426, networkLocation: /default-rack, certSerialId: null}99631be6-a4f3-4f71-886a-cd5c20c40b02{ip: 192.168.30.57, host: pr-hdds-2166-kpqck-3197213426, networkLocation: /default-rack, certSerialId: null}, Type:RATIS, Factor:THREE, State:CLOSED]
2019-09-25 10:21:33,203 [grpc-default-executor-7] WARN  server.GrpcLogAppender (LogUtils.java:warn(134)) - 53ec031b-54ac-4e43-8d21-bd51ab7ddb67@group-0F7B1F02D949->4234b66f-0d01-412b-94b6-541b347f0ca0-AppendLogResponseHandler: Failed appendEntries: org.apache.ratis.thirdparty.io.grpc.StatusRuntimeException: UNAVAILABLE: io exception
2019-09-25 10:21:33,203 [grpc-default-executor-7] INFO  impl.FollowerInfo (FollowerInfo.java:lambda$new$0(51)) - 53ec031b-54ac-4e43-8d21-bd51ab7ddb67@group-0F7B1F02D949->4234b66f-0d01-412b-94b6-541b347f0ca0: nextIndex: updateUnconditionally 3 -> 2
2019-09-25 10:21:33,703 [ForkJoinPool.commonPool-worker-1] INFO  ozoneimpl.OzoneContainer (OzoneContainer.java:stop(231)) - Attempting to stop container services.
2019-09-25 10:21:33,703 [main] INFO  ozoneimpl.OzoneContainer (OzoneContainer.java:stop(231)) - Attempting to stop container services.
2019-09-25 10:21:33,707 [ForkJoinPool.commonPool-worker-1] INFO  impl.RaftServerProxy (RaftServerProxy.java:lambda$close$4(314)) - 53ec031b-54ac-4e43-8d21-bd51ab7ddb67: close
2019-09-25 10:21:33,707 [main] INFO  impl.RaftServerProxy (RaftServerProxy.java:lambda$close$4(314)) - d9d4e9ae-1d40-49aa-ab31-924367ef4809: close
2019-09-25 10:21:33,708 [ForkJoinPool.commonPool-worker-1] INFO  impl.RaftServerImpl (RaftServerImpl.java:lambda$shutdown$3(251)) - 53ec031b-54ac-4e43-8d21-bd51ab7ddb67@group-F079C6863871: shutdown
2019-09-25 10:21:33,708 [main] INFO  impl.RaftServerImpl (RaftServerImpl.java:lambda$shutdown$3(251)) - d9d4e9ae-1d40-49aa-ab31-924367ef4809@group-AD0E2131DC16: shutdown
2019-09-25 10:21:33,708 [ForkJoinPool.commonPool-worker-1] INFO  util.JmxRegister (JmxRegister.java:unregister(73)) - Successfully un-registered JMX Bean with object name Ratis:service=RaftServer,group=group-F079C6863871,id=53ec031b-54ac-4e43-8d21-bd51ab7ddb67
2019-09-25 10:21:33,708 [main] INFO  util.JmxRegister (JmxRegister.java:unregister(73)) - Successfully un-registered JMX Bean with object name Ratis:service=RaftServer,group=group-AD0E2131DC16,id=d9d4e9ae-1d40-49aa-ab31-924367ef4809
2019-09-25 10:21:33,709 [ForkJoinPool.commonPool-worker-1] INFO  impl.RoleInfo (RoleInfo.java:shutdownLeaderState(104)) - 53ec031b-54ac-4e43-8d21-bd51ab7ddb67: shutdown LeaderState
2019-09-25 10:21:33,709 [main] INFO  impl.RoleInfo (RoleInfo.java:shutdownFollowerState(121)) - d9d4e9ae-1d40-49aa-ab31-924367ef4809: shutdown FollowerState
2019-09-25 10:21:33,709 [ForkJoinPool.commonPool-worker-1] INFO  impl.PendingRequests (PendingRequests.java:sendNotLeaderResponses(202)) - 53ec031b-54ac-4e43-8d21-bd51ab7ddb67-PendingRequests: sendNotLeaderResponses
2019-09-25 10:21:33,710 [d9d4e9ae-1d40-49aa-ab31-924367ef4809@group-AD0E2131DC16-StateMachineUpdater] INFO  ratis.ContainerStateMachine (ContainerStateMachine.java:takeSnapshot(289)) - group-AD0E2131DC16: Taking a snapshot at:(t:2, i:17) file /workdir/hadoop-ozone/integration-test/target/test-dir/MiniOzoneClusterImpl-3ef52350-cea6-4cbd-954a-79fe229e9e03/datanode-3/data/ratis/7b446907-ae5c-45bd-981d-ad0e2131dc16/sm/snapshot.2_17
2019-09-25 10:21:33,709 [Thread-3160] INFO  impl.FollowerState (FollowerState.java:run(115)) - d9d4e9ae-1d40-49aa-ab31-924367ef4809: FollowerState was interrupted: java.lang.InterruptedException: sleep interrupted
2019-09-25 10:21:33,709 [main] INFO  impl.StateMachineUpdater (StateMachineUpdater.java:stopAndJoin(125)) - d9d4e9ae-1d40-49aa-ab31-924367ef4809@group-AD0E2131DC16-StateMachineUpdater: set stopIndex = 18
2019-09-25 10:21:33,710 [ForkJoinPool.commonPool-worker-1] INFO  impl.StateMachineUpdater (StateMachineUpdater.java:stopAndJoin(125)) - 53ec031b-54ac-4e43-8d21-bd51ab7ddb67@group-F079C6863871-StateMachineUpdater: set stopIndex = 0
2019-09-25 10:21:33,710 [ForkJoinPool.commonPool-worker-1] INFO  impl.RaftServerImpl (ServerState.java:close(385)) - 53ec031b-54ac-4e43-8d21-bd51ab7ddb67@group-F079C6863871: closes. applyIndex: 0
2019-09-25 10:21:33,711 [53ec031b-54ac-4e43-8d21-bd51ab7ddb67@group-F079C6863871-SegmentedRaftLogWorker] INFO  segmented.SegmentedRaftLogWorker (SegmentedRaftLogWorker.java:run(313)) - 53ec031b-54ac-4e43-8d21-bd51ab7ddb67@group-F079C6863871-SegmentedRaftLogWorker was interrupted, exiting. There are 0 tasks remaining in the queue.
2019-09-25 10:21:33,712 [ForkJoinPool.commonPool-worker-1] INFO  segmented.SegmentedRaftLogWorker (SegmentedRaftLogWorker.java:close(228)) - 53ec031b-54ac-4e43-8d21-bd51ab7ddb67@group-F079C6863871-SegmentedRaftLogWorker close()
2019-09-25 10:21:33,715 [ForkJoinPool.commonPool-worker-1] INFO  impl.RaftServerImpl (RaftServerImpl.java:lambda$shutdown$3(251)) - 53ec031b-54ac-4e43-8d21-bd51ab7ddb67@group-0F7B1F02D949: shutdown
2019-09-25 10:21:33,716 [ForkJoinPool.commonPool-worker-1] INFO  util.JmxRegister (JmxRegister.java:unregister(73)) - Successfully un-registered JMX Bean with object name Ratis:service=RaftServer,group=group-0F7B1F02D949,id=53ec031b-54ac-4e43-8d21-bd51ab7ddb67
2019-09-25 10:21:33,716 [ForkJoinPool.commonPool-worker-1] INFO  impl.RoleInfo (RoleInfo.java:shutdownLeaderState(104)) - 53ec031b-54ac-4e43-8d21-bd51ab7ddb67: shutdown LeaderState
2019-09-25 10:21:33,719 [org.apache.ratis.server.impl.LogAppender$AppenderDaemon$$Lambda$511/1384540455@3d6e8112] WARN  server.GrpcLogAppender (GrpcLogAppender.java:mayWait(143)) - 53ec031b-54ac-4e43-8d21-bd51ab7ddb67@group-0F7B1F02D949->4234b66f-0d01-412b-94b6-541b347f0ca0-GrpcLogAppender: Wait interrupted by java.lang.InterruptedException
2019-09-25 10:21:33,719 [ForkJoinPool.commonPool-worker-1] INFO  impl.PendingRequests (PendingRequests.java:sendNotLeaderResponses(202)) - 53ec031b-54ac-4e43-8d21-bd51ab7ddb67-PendingRequests: sendNotLeaderResponses
2019-09-25 10:21:33,720 [org.apache.ratis.server.impl.LogAppender$AppenderDaemon$$Lambda$511/1384540455@1bd4a890] WARN  server.GrpcLogAppender (GrpcLogAppender.java:mayWait(143)) - 53ec031b-54ac-4e43-8d21-bd51ab7ddb67@group-0F7B1F02D949->99631be6-a4f3-4f71-886a-cd5c20c40b02-GrpcLogAppender: Wait interrupted by java.lang.InterruptedException
2019-09-25 10:21:33,724 [ForkJoinPool.commonPool-worker-1] INFO  impl.StateMachineUpdater (StateMachineUpdater.java:stopAndJoin(125)) - 53ec031b-54ac-4e43-8d21-bd51ab7ddb67@group-0F7B1F02D949-StateMachineUpdater: set stopIndex = 4
2019-09-25 10:21:33,724 [53ec031b-54ac-4e43-8d21-bd51ab7ddb67@group-0F7B1F02D949-StateMachineUpdater] INFO  ratis.ContainerStateMachine (ContainerStateMachine.java:takeSnapshot(289)) - group-0F7B1F02D949: Taking a snapshot at:(t:2, i:4) file /workdir/hadoop-ozone/integration-test/target/test-dir/MiniOzoneClusterImpl-3ef52350-cea6-4cbd-954a-79fe229e9e03/datanode-2/data/ratis/c3f81522-5fcc-4acd-8d3e-0f7b1f02d949/sm/snapshot.2_4
2019-09-25 10:21:33,724 [grpc-default-executor-7] INFO  server.GrpcServerProtocolService (GrpcServerProtocolService.java:onCompleted(113)) - 99631be6-a4f3-4f71-886a-cd5c20c40b02: Completed APPEND_ENTRIES, lastRequest: 53ec031b-54ac-4e43-8d21-bd51ab7ddb67->99631be6-a4f3-4f71-886a-cd5c20c40b02#10-t2, previous=(t:2, i:4), leaderCommit=4, initializing? false, entries: <empty>
2019-09-25 10:21:33,725 [grpc-default-executor-7] INFO  server.GrpcLogAppender (GrpcLogAppender.java:onCompleted(293)) - 53ec031b-54ac-4e43-8d21-bd51ab7ddb67@group-0F7B1F02D949->99631be6-a4f3-4f71-886a-cd5c20c40b02-AppendLogResponseHandler: follower responses appendEntries COMPLETED
2019-09-25 10:21:33,725 [grpc-default-executor-7] INFO  impl.FollowerInfo (FollowerInfo.java:lambda$new$0(51)) - 53ec031b-54ac-4e43-8d21-bd51ab7ddb67@group-0F7B1F02D949->99631be6-a4f3-4f71-886a-cd5c20c40b02: nextIndex: updateUnconditionally 5 -> 4
2019-09-25 10:21:33,741 [d9d4e9ae-1d40-49aa-ab31-924367ef4809@group-AD0E2131DC16-StateMachineUpdater] INFO  ratis.ContainerStateMachine (ContainerStateMachine.java:takeSnapshot(300)) - group-AD0E2131DC16: Finished taking a snapshot at:(t:2, i:17) file:/workdir/hadoop-ozone/integration-test/target/test-dir/MiniOzoneClusterImpl-3ef52350-cea6-4cbd-954a-79fe229e9e03/datanode-3/data/ratis/7b446907-ae5c-45bd-981d-ad0e2131dc16/sm/snapshot.2_17 time:32
2019-09-25 10:21:33,741 [53ec031b-54ac-4e43-8d21-bd51ab7ddb67@group-0F7B1F02D949-StateMachineUpdater] INFO  ratis.ContainerStateMachine (ContainerStateMachine.java:takeSnapshot(300)) - group-0F7B1F02D949: Finished taking a snapshot at:(t:2, i:4) file:/workdir/hadoop-ozone/integration-test/target/test-dir/MiniOzoneClusterImpl-3ef52350-cea6-4cbd-954a-79fe229e9e03/datanode-2/data/ratis/c3f81522-5fcc-4acd-8d3e-0f7b1f02d949/sm/snapshot.2_4 time:17
2019-09-25 10:21:33,741 [d9d4e9ae-1d40-49aa-ab31-924367ef4809@group-AD0E2131DC16-StateMachineUpdater] INFO  impl.StateMachineUpdater (StateMachineUpdater.java:takeSnapshot(258)) - d9d4e9ae-1d40-49aa-ab31-924367ef4809@group-AD0E2131DC16-StateMachineUpdater: Took a snapshot at index 17
2019-09-25 10:21:33,741 [d9d4e9ae-1d40-49aa-ab31-924367ef4809@group-AD0E2131DC16-StateMachineUpdater] INFO  impl.StateMachineUpdater (StateMachineUpdater.java:lambda$new$0(83)) - d9d4e9ae-1d40-49aa-ab31-924367ef4809@group-AD0E2131DC16-StateMachineUpdater: snapshotIndex: updateIncreasingly -1 -> 17
2019-09-25 10:21:33,741 [53ec031b-54ac-4e43-8d21-bd51ab7ddb67@group-0F7B1F02D949-StateMachineUpdater] INFO  impl.StateMachineUpdater (StateMachineUpdater.java:takeSnapshot(258)) - 53ec031b-54ac-4e43-8d21-bd51ab7ddb67@group-0F7B1F02D949-StateMachineUpdater: Took a snapshot at index 4
2019-09-25 10:21:33,742 [53ec031b-54ac-4e43-8d21-bd51ab7ddb67@group-0F7B1F02D949-StateMachineUpdater] INFO  impl.StateMachineUpdater (StateMachineUpdater.java:lambda$new$0(83)) - 53ec031b-54ac-4e43-8d21-bd51ab7ddb67@group-0F7B1F02D949-StateMachineUpdater: snapshotIndex: updateIncreasingly -1 -> 4
2019-09-25 10:21:33,742 [d9d4e9ae-1d40-49aa-ab31-924367ef4809@group-AD0E2131DC16-StateMachineUpdater] INFO  ratis.ContainerStateMachine (ContainerStateMachine.java:takeSnapshot(289)) - group-AD0E2131DC16: Taking a snapshot at:(t:2, i:17) file /workdir/hadoop-ozone/integration-test/target/test-dir/MiniOzoneClusterImpl-3ef52350-cea6-4cbd-954a-79fe229e9e03/datanode-3/data/ratis/7b446907-ae5c-45bd-981d-ad0e2131dc16/sm/snapshot.2_17
2019-09-25 10:21:33,742 [ForkJoinPool.commonPool-worker-1] INFO  impl.RaftServerImpl (ServerState.java:close(385)) - 53ec031b-54ac-4e43-8d21-bd51ab7ddb67@group-0F7B1F02D949: closes. applyIndex: 4
2019-09-25 10:21:33,742 [53ec031b-54ac-4e43-8d21-bd51ab7ddb67@group-0F7B1F02D949-SegmentedRaftLogWorker] INFO  segmented.SegmentedRaftLogWorker (SegmentedRaftLogWorker.java:run(313)) - 53ec031b-54ac-4e43-8d21-bd51ab7ddb67@group-0F7B1F02D949-SegmentedRaftLogWorker was interrupted, exiting. There are 0 tasks remaining in the queue.
2019-09-25 10:21:33,744 [ForkJoinPool.commonPool-worker-1] INFO  segmented.SegmentedRaftLogWorker (SegmentedRaftLogWorker.java:close(228)) - 53ec031b-54ac-4e43-8d21-bd51ab7ddb67@group-0F7B1F02D949-SegmentedRaftLogWorker close()
2019-09-25 10:21:33,747 [ForkJoinPool.commonPool-worker-1] INFO  server.GrpcService (GrpcService.java:closeImpl(164)) - 53ec031b-54ac-4e43-8d21-bd51ab7ddb67: shutdown server with port 36299 now
2019-09-25 10:21:33,747 [ForkJoinPool.commonPool-worker-1] INFO  server.GrpcService (GrpcService.java:closeImpl(172)) - 53ec031b-54ac-4e43-8d21-bd51ab7ddb67: shutdown server with port 36299 successfully
2019-09-25 10:21:33,750 [refreshUsed-/workdir/hadoop-ozone/integration-test/target/test-dir/MiniOzoneClusterImpl-3ef52350-cea6-4cbd-954a-79fe229e9e03/datanode-2/data/containers] WARN  fs.CachingGetSpaceUsed (CachingGetSpaceUsed.java:run(183)) - Thread Interrupted waiting to refresh disk information: sleep interrupted
2019-09-25 10:21:33,755 [d9d4e9ae-1d40-49aa-ab31-924367ef4809@group-AD0E2131DC16-StateMachineUpdater] INFO  ratis.ContainerStateMachine (ContainerStateMachine.java:takeSnapshot(300)) - group-AD0E2131DC16: Finished taking a snapshot at:(t:2, i:17) file:/workdir/hadoop-ozone/integration-test/target/test-dir/MiniOzoneClusterImpl-3ef52350-cea6-4cbd-954a-79fe229e9e03/datanode-3/data/ratis/7b446907-ae5c-45bd-981d-ad0e2131dc16/sm/snapshot.2_17 time:13
2019-09-25 10:21:33,755 [d9d4e9ae-1d40-49aa-ab31-924367ef4809@group-AD0E2131DC16-StateMachineUpdater] INFO  impl.StateMachineUpdater (StateMachineUpdater.java:takeSnapshot(258)) - d9d4e9ae-1d40-49aa-ab31-924367ef4809@group-AD0E2131DC16-StateMachineUpdater: Took a snapshot at index 17
2019-09-25 10:21:33,756 [d9d4e9ae-1d40-49aa-ab31-924367ef4809@group-AD0E2131DC16-StateMachineUpdater] INFO  impl.StateMachineUpdater (StateMachineUpdater.java:lambda$new$0(83)) - d9d4e9ae-1d40-49aa-ab31-924367ef4809@group-AD0E2131DC16-StateMachineUpdater: snapshotIndex: updateIncreasingly 17 -> 17
2019-09-25 10:21:33,756 [main] INFO  impl.RaftServerImpl (ServerState.java:close(385)) - d9d4e9ae-1d40-49aa-ab31-924367ef4809@group-AD0E2131DC16: closes. applyIndex: 18
2019-09-25 10:21:33,756 [d9d4e9ae-1d40-49aa-ab31-924367ef4809@group-AD0E2131DC16-SegmentedRaftLogWorker] INFO  segmented.SegmentedRaftLogWorker (SegmentedRaftLogWorker.java:run(313)) - d9d4e9ae-1d40-49aa-ab31-924367ef4809@group-AD0E2131DC16-SegmentedRaftLogWorker was interrupted, exiting. There are 0 tasks remaining in the queue.
2019-09-25 10:21:33,758 [main] INFO  segmented.SegmentedRaftLogWorker (SegmentedRaftLogWorker.java:close(228)) - d9d4e9ae-1d40-49aa-ab31-924367ef4809@group-AD0E2131DC16-SegmentedRaftLogWorker close()
2019-09-25 10:21:33,761 [main] INFO  impl.RaftServerImpl (RaftServerImpl.java:lambda$shutdown$3(251)) - d9d4e9ae-1d40-49aa-ab31-924367ef4809@group-BAF7FF0ECE87: shutdown
2019-09-25 10:21:33,761 [main] INFO  util.JmxRegister (JmxRegister.java:unregister(73)) - Successfully un-registered JMX Bean with object name Ratis:service=RaftServer,group=group-BAF7FF0ECE87,id=d9d4e9ae-1d40-49aa-ab31-924367ef4809
2019-09-25 10:21:33,761 [main] INFO  impl.RoleInfo (RoleInfo.java:shutdownLeaderState(104)) - d9d4e9ae-1d40-49aa-ab31-924367ef4809: shutdown LeaderState
2019-09-25 10:21:33,761 [main] INFO  impl.PendingRequests (PendingRequests.java:sendNotLeaderResponses(202)) - d9d4e9ae-1d40-49aa-ab31-924367ef4809-PendingRequests: sendNotLeaderResponses
2019-09-25 10:21:33,762 [main] INFO  impl.StateMachineUpdater (StateMachineUpdater.java:stopAndJoin(125)) - d9d4e9ae-1d40-49aa-ab31-924367ef4809@group-BAF7FF0ECE87-StateMachineUpdater: set stopIndex = 0
2019-09-25 10:21:33,762 [main] INFO  impl.RaftServerImpl (ServerState.java:close(385)) - d9d4e9ae-1d40-49aa-ab31-924367ef4809@group-BAF7FF0ECE87: closes. applyIndex: 0
2019-09-25 10:21:33,762 [d9d4e9ae-1d40-49aa-ab31-924367ef4809@group-BAF7FF0ECE87-SegmentedRaftLogWorker] INFO  segmented.SegmentedRaftLogWorker (SegmentedRaftLogWorker.java:run(313)) - d9d4e9ae-1d40-49aa-ab31-924367ef4809@group-BAF7FF0ECE87-SegmentedRaftLogWorker was interrupted, exiting. There are 0 tasks remaining in the queue.
2019-09-25 10:21:33,764 [main] INFO  segmented.SegmentedRaftLogWorker (SegmentedRaftLogWorker.java:close(228)) - d9d4e9ae-1d40-49aa-ab31-924367ef4809@group-BAF7FF0ECE87-SegmentedRaftLogWorker close()
2019-09-25 10:21:33,766 [main] INFO  server.GrpcService (GrpcService.java:closeImpl(164)) - d9d4e9ae-1d40-49aa-ab31-924367ef4809: shutdown server with port 35166 now
2019-09-25 10:21:33,767 [grpc-default-executor-7] WARN  server.GrpcServerProtocolService (LogUtils.java:warn(134)) - d9d4e9ae-1d40-49aa-ab31-924367ef4809: installSnapshot onError, lastRequest: fc8031bc-9391-4f9f-9cf5-e32bf235798d->d9d4e9ae-1d40-49aa-ab31-924367ef4809#23-t2, previous=(t:2, i:18), leaderCommit=18, initializing? false, entries: <empty>: org.apache.ratis.thirdparty.io.grpc.StatusRuntimeException: CANCELLED: cancelled before receiving half close
2019-09-25 10:21:33,767 [main] INFO  server.GrpcService (GrpcService.java:closeImpl(172)) - d9d4e9ae-1d40-49aa-ab31-924367ef4809: shutdown server with port 35166 successfully
2019-09-25 10:21:33,767 [grpc-default-executor-6] WARN  server.GrpcLogAppender (LogUtils.java:warn(134)) - fc8031bc-9391-4f9f-9cf5-e32bf235798d@group-AD0E2131DC16->d9d4e9ae-1d40-49aa-ab31-924367ef4809-AppendLogResponseHandler: Failed appendEntries: org.apache.ratis.thirdparty.io.grpc.StatusRuntimeException: CANCELLED: HTTP/2 error code: CANCEL
Received Rst Stream
2019-09-25 10:21:33,768 [grpc-default-executor-6] INFO  impl.FollowerInfo (FollowerInfo.java:lambda$new$0(51)) - fc8031bc-9391-4f9f-9cf5-e32bf235798d@group-AD0E2131DC16->d9d4e9ae-1d40-49aa-ab31-924367ef4809: nextIndex: updateUnconditionally 19 -> 18
2019-09-25 10:21:33,769 [refreshUsed-/workdir/hadoop-ozone/integration-test/target/test-dir/MiniOzoneClusterImpl-3ef52350-cea6-4cbd-954a-79fe229e9e03/datanode-3/data/containers] WARN  fs.CachingGetSpaceUsed (CachingGetSpaceUsed.java:run(183)) - Thread Interrupted waiting to refresh disk information: sleep interrupted
2019-09-25 10:21:33,783 [ForkJoinPool.commonPool-worker-1] INFO  utils.BackgroundService (BackgroundService.java:shutdown(148)) - Shutting down service BlockDeletingService
2019-09-25 10:21:33,789 [ForkJoinPool.commonPool-worker-1] INFO  statemachine.DatanodeStateMachine (DatanodeStateMachine.java:stopDaemon(395)) - Ozone container server stopped.
2019-09-25 10:21:33,793 [EventQueue-StaleNodeForStaleNodeHandler] INFO  node.StaleNodeHandler (StaleNodeHandler.java:onMessage(58)) - Datanode d9d4e9ae-1d40-49aa-ab31-924367ef4809{ip: 192.168.30.57, host: pr-hdds-2166-kpqck-3197213426, networkLocation: /default-rack, certSerialId: null} moved to stale state. Finalizing its pipelines [PipelineID=7b446907-ae5c-45bd-981d-ad0e2131dc16, PipelineID=987ecbce-9074-491c-baa1-baf7ff0ece87]
2019-09-25 10:21:33,793 [ForkJoinPool.commonPool-worker-1] INFO  handler.ContextHandler (ContextHandler.java:doStop(910)) - Stopped o.e.j.w.WebAppContext@42a0786f{/,null,UNAVAILABLE}{/hddsDatanode}
2019-09-25 10:21:33,794 [EventQueue-StaleNodeForStaleNodeHandler] INFO  pipeline.SCMPipelineManager (SCMPipelineManager.java:finalizeAndDestroyPipeline(315)) - destroying pipeline:Pipeline[ Id: 7b446907-ae5c-45bd-981d-ad0e2131dc16, Nodes: 36da9443-b73f-4d07-9b1e-a1622725362a{ip: 192.168.30.57, host: pr-hdds-2166-kpqck-3197213426, networkLocation: /default-rack, certSerialId: null}d9d4e9ae-1d40-49aa-ab31-924367ef4809{ip: 192.168.30.57, host: pr-hdds-2166-kpqck-3197213426, networkLocation: /default-rack, certSerialId: null}fc8031bc-9391-4f9f-9cf5-e32bf235798d{ip: 192.168.30.57, host: pr-hdds-2166-kpqck-3197213426, networkLocation: /default-rack, certSerialId: null}, Type:RATIS, Factor:THREE, State:CLOSED]
2019-09-25 10:21:33,794 [EventQueue-StaleNodeForStaleNodeHandler] INFO  pipeline.SCMPipelineManager (SCMPipelineManager.java:finalizeAndDestroyPipeline(315)) - destroying pipeline:Pipeline[ Id: 987ecbce-9074-491c-baa1-baf7ff0ece87, Nodes: d9d4e9ae-1d40-49aa-ab31-924367ef4809{ip: 192.168.30.57, host: pr-hdds-2166-kpqck-3197213426, networkLocation: /default-rack, certSerialId: null}, Type:RATIS, Factor:ONE, State:OPEN]
2019-09-25 10:21:33,794 [EventQueue-StaleNodeForStaleNodeHandler] INFO  pipeline.PipelineStateManager (PipelineStateManager.java:finalizePipeline(123)) - Pipeline Pipeline[ Id: 987ecbce-9074-491c-baa1-baf7ff0ece87, Nodes: d9d4e9ae-1d40-49aa-ab31-924367ef4809{ip: 192.168.30.57, host: pr-hdds-2166-kpqck-3197213426, networkLocation: /default-rack, certSerialId: null}, Type:RATIS, Factor:ONE, State:CLOSED] moved to CLOSED state
2019-09-25 10:21:33,795 [ForkJoinPool.commonPool-worker-1] INFO  server.AbstractConnector (AbstractConnector.java:doStop(318)) - Stopped ServerConnector@477523ba{HTTP/1.1,[http/1.1]}{0.0.0.0:0}
2019-09-25 10:21:33,797 [ForkJoinPool.commonPool-worker-1] INFO  handler.ContextHandler (ContextHandler.java:doStop(910)) - Stopped o.e.j.s.ServletContextHandler@5c448ef{/static,jar:file:/home/user/.m2/repository/org/apache/hadoop/hadoop-hdds-container-service/0.5.0-SNAPSHOT/hadoop-hdds-container-service-0.5.0-SNAPSHOT.jar!/webapps/static,UNAVAILABLE}
2019-09-25 10:21:33,799 [main] INFO  utils.BackgroundService (BackgroundService.java:shutdown(148)) - Shutting down service BlockDeletingService
2019-09-25 10:21:33,799 [ForkJoinPool.commonPool-worker-1] INFO  handler.ContextHandler (ContextHandler.java:doStop(910)) - Stopped o.e.j.s.ServletContextHandler@325162e9{/logs,file:///workdir/hadoop-ozone/integration-test/target/log,UNAVAILABLE}
2019-09-25 10:21:33,805 [main] INFO  statemachine.DatanodeStateMachine (DatanodeStateMachine.java:stopDaemon(395)) - Ozone container server stopped.
2019-09-25 10:21:33,805 [main] INFO  handler.ContextHandler (ContextHandler.java:doStop(910)) - Stopped o.e.j.w.WebAppContext@6562cc23{/,null,UNAVAILABLE}{/hddsDatanode}
2019-09-25 10:21:33,806 [main] INFO  server.AbstractConnector (AbstractConnector.java:doStop(318)) - Stopped ServerConnector@2ce524d2{HTTP/1.1,[http/1.1]}{0.0.0.0:0}
2019-09-25 10:21:33,806 [main] INFO  handler.ContextHandler (ContextHandler.java:doStop(910)) - Stopped o.e.j.s.ServletContextHandler@4d4c1ba9{/static,jar:file:/home/user/.m2/repository/org/apache/hadoop/hadoop-hdds-container-service/0.5.0-SNAPSHOT/hadoop-hdds-container-service-0.5.0-SNAPSHOT.jar!/webapps/static,UNAVAILABLE}
2019-09-25 10:21:33,807 [main] INFO  handler.ContextHandler (ContextHandler.java:doStop(910)) - Stopped o.e.j.s.ServletContextHandler@61da0413{/logs,file:///workdir/hadoop-ozone/integration-test/target/log,UNAVAILABLE}
2019-09-25 10:21:33,877 [Datanode State Machine Thread - 0] INFO  statemachine.DatanodeStateMachine (DatanodeStateMachine.java:lambda$startDaemon$0(350)) - Ozone container server started.
2019-09-25 10:21:34,156 [Datanode State Machine Thread - 0] INFO  statemachine.DatanodeStateMachine (DatanodeStateMachine.java:lambda$startDaemon$0(350)) - Ozone container server started.
2019-09-25 10:21:34,734 [grpc-default-executor-7] WARN  server.GrpcLogAppender (LogUtils.java:warn(134)) - fc8031bc-9391-4f9f-9cf5-e32bf235798d@group-AD0E2131DC16->36da9443-b73f-4d07-9b1e-a1622725362a-AppendLogResponseHandler: Failed appendEntries: org.apache.ratis.thirdparty.io.grpc.StatusRuntimeException: UNAVAILABLE: io exception
2019-09-25 10:21:34,735 [grpc-default-executor-7] INFO  impl.FollowerInfo (FollowerInfo.java:lambda$new$0(51)) - fc8031bc-9391-4f9f-9cf5-e32bf235798d@group-AD0E2131DC16->36da9443-b73f-4d07-9b1e-a1622725362a: nextIndex: updateUnconditionally 15 -> 14
2019-09-25 10:21:34,737 [grpc-default-executor-8] WARN  server.GrpcLogAppender (LogUtils.java:warn(134)) - fc8031bc-9391-4f9f-9cf5-e32bf235798d@group-AD0E2131DC16->d9d4e9ae-1d40-49aa-ab31-924367ef4809-AppendLogResponseHandler: Failed appendEntries: org.apache.ratis.thirdparty.io.grpc.StatusRuntimeException: UNAVAILABLE: io exception
2019-09-25 10:21:34,737 [grpc-default-executor-8] INFO  impl.FollowerInfo (FollowerInfo.java:lambda$new$0(51)) - fc8031bc-9391-4f9f-9cf5-e32bf235798d@group-AD0E2131DC16->d9d4e9ae-1d40-49aa-ab31-924367ef4809: nextIndex: updateUnconditionally 18 -> 17
2019-09-25 10:21:37,236 [grpc-default-executor-8] WARN  server.GrpcLogAppender (LogUtils.java:warn(134)) - fc8031bc-9391-4f9f-9cf5-e32bf235798d@group-AD0E2131DC16->36da9443-b73f-4d07-9b1e-a1622725362a-AppendLogResponseHandler: Failed appendEntries: org.apache.ratis.thirdparty.io.grpc.StatusRuntimeException: UNAVAILABLE: io exception
2019-09-25 10:21:37,237 [grpc-default-executor-8] INFO  impl.FollowerInfo (FollowerInfo.java:lambda$new$0(51)) - fc8031bc-9391-4f9f-9cf5-e32bf235798d@group-AD0E2131DC16->36da9443-b73f-4d07-9b1e-a1622725362a: nextIndex: updateUnconditionally 14 -> 13
2019-09-25 10:21:37,240 [grpc-default-executor-6] WARN  server.GrpcLogAppender (LogUtils.java:warn(134)) - fc8031bc-9391-4f9f-9cf5-e32bf235798d@group-AD0E2131DC16->d9d4e9ae-1d40-49aa-ab31-924367ef4809-AppendLogResponseHandler: Failed appendEntries: org.apache.ratis.thirdparty.io.grpc.StatusRuntimeException: UNAVAILABLE: io exception
2019-09-25 10:21:37,241 [grpc-default-executor-6] INFO  impl.FollowerInfo (FollowerInfo.java:lambda$new$0(51)) - fc8031bc-9391-4f9f-9cf5-e32bf235798d@group-AD0E2131DC16->d9d4e9ae-1d40-49aa-ab31-924367ef4809: nextIndex: updateUnconditionally 17 -> 16
2019-09-25 10:21:37,898 [EventQueue-StaleNodeForStaleNodeHandler] INFO  node.StaleNodeHandler (StaleNodeHandler.java:onMessage(58)) - Datanode b23d8b54-383c-4e3b-b09c-30676c2d339e{ip: 192.168.30.57, host: pr-hdds-2166-kpqck-3197213426, networkLocation: /default-rack, certSerialId: null} moved to stale state. Finalizing its pipelines [PipelineID=a48bbd50-575b-4ca4-8613-ce2b8d62e023]
2019-09-25 10:21:37,898 [EventQueue-StaleNodeForStaleNodeHandler] INFO  pipeline.SCMPipelineManager (SCMPipelineManager.java:finalizeAndDestroyPipeline(315)) - destroying pipeline:Pipeline[ Id: a48bbd50-575b-4ca4-8613-ce2b8d62e023, Nodes: b23d8b54-383c-4e3b-b09c-30676c2d339e{ip: 192.168.30.57, host: pr-hdds-2166-kpqck-3197213426, networkLocation: /default-rack, certSerialId: null}, Type:RATIS, Factor:ONE, State:OPEN]
2019-09-25 10:21:37,899 [EventQueue-StaleNodeForStaleNodeHandler] INFO  pipeline.PipelineStateManager (PipelineStateManager.java:finalizePipeline(123)) - Pipeline Pipeline[ Id: a48bbd50-575b-4ca4-8613-ce2b8d62e023, Nodes: b23d8b54-383c-4e3b-b09c-30676c2d339e{ip: 192.168.30.57, host: pr-hdds-2166-kpqck-3197213426, networkLocation: /default-rack, certSerialId: null}, Type:RATIS, Factor:ONE, State:CLOSED] moved to CLOSED state
2019-09-25 10:21:38,198 [EventQueue-StaleNodeForStaleNodeHandler] INFO  node.StaleNodeHandler (StaleNodeHandler.java:onMessage(58)) - Datanode 99631be6-a4f3-4f71-886a-cd5c20c40b02{ip: 192.168.30.57, host: pr-hdds-2166-kpqck-3197213426, networkLocation: /default-rack, certSerialId: null} moved to stale state. Finalizing its pipelines [PipelineID=c3f81522-5fcc-4acd-8d3e-0f7b1f02d949, PipelineID=464ee3ae-a2ee-42f0-ad3a-0dfd47bb1c0e]
2019-09-25 10:21:38,198 [EventQueue-StaleNodeForStaleNodeHandler] INFO  pipeline.SCMPipelineManager (SCMPipelineManager.java:finalizeAndDestroyPipeline(315)) - destroying pipeline:Pipeline[ Id: c3f81522-5fcc-4acd-8d3e-0f7b1f02d949, Nodes: 53ec031b-54ac-4e43-8d21-bd51ab7ddb67{ip: 192.168.30.57, host: pr-hdds-2166-kpqck-3197213426, networkLocation: /default-rack, certSerialId: null}4234b66f-0d01-412b-94b6-541b347f0ca0{ip: 192.168.30.57, host: pr-hdds-2166-kpqck-3197213426, networkLocation: /default-rack, certSerialId: null}99631be6-a4f3-4f71-886a-cd5c20c40b02{ip: 192.168.30.57, host: pr-hdds-2166-kpqck-3197213426, networkLocation: /default-rack, certSerialId: null}, Type:RATIS, Factor:THREE, State:CLOSED]
2019-09-25 10:21:38,198 [EventQueue-StaleNodeForStaleNodeHandler] INFO  pipeline.SCMPipelineManager (SCMPipelineManager.java:finalizeAndDestroyPipeline(315)) - destroying pipeline:Pipeline[ Id: 464ee3ae-a2ee-42f0-ad3a-0dfd47bb1c0e, Nodes: 99631be6-a4f3-4f71-886a-cd5c20c40b02{ip: 192.168.30.57, host: pr-hdds-2166-kpqck-3197213426, networkLocation: /default-rack, certSerialId: null}, Type:RATIS, Factor:ONE, State:OPEN]
2019-09-25 10:21:38,198 [EventQueue-StaleNodeForStaleNodeHandler] INFO  pipeline.PipelineStateManager (PipelineStateManager.java:finalizePipeline(123)) - Pipeline Pipeline[ Id: 464ee3ae-a2ee-42f0-ad3a-0dfd47bb1c0e, Nodes: 99631be6-a4f3-4f71-886a-cd5c20c40b02{ip: 192.168.30.57, host: pr-hdds-2166-kpqck-3197213426, networkLocation: /default-rack, certSerialId: null}, Type:RATIS, Factor:ONE, State:CLOSED] moved to CLOSED state
2019-09-25 10:21:38,806 [ForkJoinPool.commonPool-worker-1] INFO  ozoneimpl.OzoneContainer (OzoneContainer.java:stop(231)) - Attempting to stop container services.
2019-09-25 10:21:38,810 [main] INFO  ozoneimpl.OzoneContainer (OzoneContainer.java:stop(231)) - Attempting to stop container services.
2019-09-25 10:21:38,810 [ForkJoinPool.commonPool-worker-1] INFO  impl.RaftServerProxy (RaftServerProxy.java:lambda$close$4(314)) - 99631be6-a4f3-4f71-886a-cd5c20c40b02: close
2019-09-25 10:21:38,810 [main] INFO  impl.RaftServerProxy (RaftServerProxy.java:lambda$close$4(314)) - b23d8b54-383c-4e3b-b09c-30676c2d339e: close
2019-09-25 10:21:38,811 [ForkJoinPool.commonPool-worker-1] INFO  impl.RaftServerImpl (RaftServerImpl.java:lambda$shutdown$3(251)) - 99631be6-a4f3-4f71-886a-cd5c20c40b02@group-0F7B1F02D949: shutdown
2019-09-25 10:21:38,811 [main] INFO  impl.RaftServerImpl (RaftServerImpl.java:lambda$shutdown$3(251)) - b23d8b54-383c-4e3b-b09c-30676c2d339e@group-CE2B8D62E023: shutdown
2019-09-25 10:21:38,811 [main] INFO  util.JmxRegister (JmxRegister.java:unregister(73)) - Successfully un-registered JMX Bean with object name Ratis:service=RaftServer,group=group-CE2B8D62E023,id=b23d8b54-383c-4e3b-b09c-30676c2d339e
2019-09-25 10:21:38,811 [ForkJoinPool.commonPool-worker-1] INFO  util.JmxRegister (JmxRegister.java:unregister(73)) - Successfully un-registered JMX Bean with object name Ratis:service=RaftServer,group=group-0F7B1F02D949,id=99631be6-a4f3-4f71-886a-cd5c20c40b02
2019-09-25 10:21:38,812 [main] INFO  impl.RoleInfo (RoleInfo.java:shutdownLeaderState(104)) - b23d8b54-383c-4e3b-b09c-30676c2d339e: shutdown LeaderState
2019-09-25 10:21:38,812 [ForkJoinPool.commonPool-worker-1] INFO  impl.RoleInfo (RoleInfo.java:shutdownFollowerState(121)) - 99631be6-a4f3-4f71-886a-cd5c20c40b02: shutdown FollowerState
2019-09-25 10:21:38,812 [main] INFO  impl.PendingRequests (PendingRequests.java:sendNotLeaderResponses(202)) - b23d8b54-383c-4e3b-b09c-30676c2d339e-PendingRequests: sendNotLeaderResponses
2019-09-25 10:21:38,812 [Thread-3144] INFO  impl.FollowerState (FollowerState.java:run(115)) - 99631be6-a4f3-4f71-886a-cd5c20c40b02: FollowerState was interrupted: java.lang.InterruptedException: sleep interrupted
2019-09-25 10:21:38,812 [ForkJoinPool.commonPool-worker-1] INFO  impl.StateMachineUpdater (StateMachineUpdater.java:stopAndJoin(125)) - 99631be6-a4f3-4f71-886a-cd5c20c40b02@group-0F7B1F02D949-StateMachineUpdater: set stopIndex = 4
2019-09-25 10:21:38,812 [99631be6-a4f3-4f71-886a-cd5c20c40b02@group-0F7B1F02D949-StateMachineUpdater] INFO  ratis.ContainerStateMachine (ContainerStateMachine.java:takeSnapshot(289)) - group-0F7B1F02D949: Taking a snapshot at:(t:2, i:3) file /workdir/hadoop-ozone/integration-test/target/test-dir/MiniOzoneClusterImpl-3ef52350-cea6-4cbd-954a-79fe229e9e03/datanode-0/data/ratis/c3f81522-5fcc-4acd-8d3e-0f7b1f02d949/sm/snapshot.2_3
2019-09-25 10:21:38,813 [main] INFO  impl.StateMachineUpdater (StateMachineUpdater.java:stopAndJoin(125)) - b23d8b54-383c-4e3b-b09c-30676c2d339e@group-CE2B8D62E023-StateMachineUpdater: set stopIndex = 0
2019-09-25 10:21:38,813 [main] INFO  impl.RaftServerImpl (ServerState.java:close(385)) - b23d8b54-383c-4e3b-b09c-30676c2d339e@group-CE2B8D62E023: closes. applyIndex: 0
2019-09-25 10:21:38,814 [b23d8b54-383c-4e3b-b09c-30676c2d339e@group-CE2B8D62E023-SegmentedRaftLogWorker] INFO  segmented.SegmentedRaftLogWorker (SegmentedRaftLogWorker.java:run(313)) - b23d8b54-383c-4e3b-b09c-30676c2d339e@group-CE2B8D62E023-SegmentedRaftLogWorker was interrupted, exiting. There are 0 tasks remaining in the queue.
2019-09-25 10:21:38,815 [main] INFO  segmented.SegmentedRaftLogWorker (SegmentedRaftLogWorker.java:close(228)) - b23d8b54-383c-4e3b-b09c-30676c2d339e@group-CE2B8D62E023-SegmentedRaftLogWorker close()
2019-09-25 10:21:38,817 [main] INFO  server.GrpcService (GrpcService.java:closeImpl(164)) - b23d8b54-383c-4e3b-b09c-30676c2d339e: shutdown server with port 34951 now
2019-09-25 10:21:38,818 [main] INFO  server.GrpcService (GrpcService.java:closeImpl(172)) - b23d8b54-383c-4e3b-b09c-30676c2d339e: shutdown server with port 34951 successfully
2019-09-25 10:21:38,820 [refreshUsed-/workdir/hadoop-ozone/integration-test/target/test-dir/MiniOzoneClusterImpl-3ef52350-cea6-4cbd-954a-79fe229e9e03/datanode-6/data/containers] WARN  fs.CachingGetSpaceUsed (CachingGetSpaceUsed.java:run(183)) - Thread Interrupted waiting to refresh disk information: sleep interrupted
2019-09-25 10:21:38,834 [main] INFO  utils.BackgroundService (BackgroundService.java:shutdown(148)) - Shutting down service BlockDeletingService
2019-09-25 10:21:38,838 [main] INFO  statemachine.DatanodeStateMachine (DatanodeStateMachine.java:stopDaemon(395)) - Ozone container server stopped.
2019-09-25 10:21:38,839 [99631be6-a4f3-4f71-886a-cd5c20c40b02@group-0F7B1F02D949-StateMachineUpdater] INFO  ratis.ContainerStateMachine (ContainerStateMachine.java:takeSnapshot(300)) - group-0F7B1F02D949: Finished taking a snapshot at:(t:2, i:3) file:/workdir/hadoop-ozone/integration-test/target/test-dir/MiniOzoneClusterImpl-3ef52350-cea6-4cbd-954a-79fe229e9e03/datanode-0/data/ratis/c3f81522-5fcc-4acd-8d3e-0f7b1f02d949/sm/snapshot.2_3 time:27
2019-09-25 10:21:38,840 [99631be6-a4f3-4f71-886a-cd5c20c40b02@group-0F7B1F02D949-StateMachineUpdater] INFO  impl.StateMachineUpdater (StateMachineUpdater.java:takeSnapshot(258)) - 99631be6-a4f3-4f71-886a-cd5c20c40b02@group-0F7B1F02D949-StateMachineUpdater: Took a snapshot at index 3
2019-09-25 10:21:38,840 [99631be6-a4f3-4f71-886a-cd5c20c40b02@group-0F7B1F02D949-StateMachineUpdater] INFO  impl.StateMachineUpdater (StateMachineUpdater.java:lambda$new$0(83)) - 99631be6-a4f3-4f71-886a-cd5c20c40b02@group-0F7B1F02D949-StateMachineUpdater: snapshotIndex: updateIncreasingly -1 -> 3
2019-09-25 10:21:38,840 [99631be6-a4f3-4f71-886a-cd5c20c40b02@group-0F7B1F02D949-StateMachineUpdater] INFO  ratis.ContainerStateMachine (ContainerStateMachine.java:takeSnapshot(289)) - group-0F7B1F02D949: Taking a snapshot at:(t:2, i:3) file /workdir/hadoop-ozone/integration-test/target/test-dir/MiniOzoneClusterImpl-3ef52350-cea6-4cbd-954a-79fe229e9e03/datanode-0/data/ratis/c3f81522-5fcc-4acd-8d3e-0f7b1f02d949/sm/snapshot.2_3
2019-09-25 10:21:38,843 [99631be6-a4f3-4f71-886a-cd5c20c40b02@group-0F7B1F02D949-StateMachineUpdater] INFO  ratis.ContainerStateMachine (ContainerStateMachine.java:takeSnapshot(300)) - group-0F7B1F02D949: Finished taking a snapshot at:(t:2, i:3) file:/workdir/hadoop-ozone/integration-test/target/test-dir/MiniOzoneClusterImpl-3ef52350-cea6-4cbd-954a-79fe229e9e03/datanode-0/data/ratis/c3f81522-5fcc-4acd-8d3e-0f7b1f02d949/sm/snapshot.2_3 time:3
2019-09-25 10:21:38,843 [99631be6-a4f3-4f71-886a-cd5c20c40b02@group-0F7B1F02D949-StateMachineUpdater] INFO  impl.StateMachineUpdater (StateMachineUpdater.java:takeSnapshot(258)) - 99631be6-a4f3-4f71-886a-cd5c20c40b02@group-0F7B1F02D949-StateMachineUpdater: Took a snapshot at index 3
2019-09-25 10:21:38,843 [99631be6-a4f3-4f71-886a-cd5c20c40b02@group-0F7B1F02D949-StateMachineUpdater] INFO  impl.StateMachineUpdater (StateMachineUpdater.java:lambda$new$0(83)) - 99631be6-a4f3-4f71-886a-cd5c20c40b02@group-0F7B1F02D949-StateMachineUpdater: snapshotIndex: updateIncreasingly 3 -> 3
2019-09-25 10:21:38,843 [ForkJoinPool.commonPool-worker-1] INFO  impl.RaftServerImpl (ServerState.java:close(385)) - 99631be6-a4f3-4f71-886a-cd5c20c40b02@group-0F7B1F02D949: closes. applyIndex: 4
2019-09-25 10:21:38,844 [99631be6-a4f3-4f71-886a-cd5c20c40b02@group-0F7B1F02D949-SegmentedRaftLogWorker] INFO  segmented.SegmentedRaftLogWorker (SegmentedRaftLogWorker.java:run(313)) - 99631be6-a4f3-4f71-886a-cd5c20c40b02@group-0F7B1F02D949-SegmentedRaftLogWorker was interrupted, exiting. There are 0 tasks remaining in the queue.
2019-09-25 10:21:38,845 [ForkJoinPool.commonPool-worker-1] INFO  segmented.SegmentedRaftLogWorker (SegmentedRaftLogWorker.java:close(228)) - 99631be6-a4f3-4f71-886a-cd5c20c40b02@group-0F7B1F02D949-SegmentedRaftLogWorker close()
2019-09-25 10:21:38,853 [ForkJoinPool.commonPool-worker-1] INFO  impl.RaftServerImpl (RaftServerImpl.java:lambda$shutdown$3(251)) - 99631be6-a4f3-4f71-886a-cd5c20c40b02@group-0DFD47BB1C0E: shutdown
2019-09-25 10:21:38,853 [ForkJoinPool.commonPool-worker-1] INFO  util.JmxRegister (JmxRegister.java:unregister(73)) - Successfully un-registered JMX Bean with object name Ratis:service=RaftServer,group=group-0DFD47BB1C0E,id=99631be6-a4f3-4f71-886a-cd5c20c40b02
2019-09-25 10:21:38,853 [ForkJoinPool.commonPool-worker-1] INFO  impl.RoleInfo (RoleInfo.java:shutdownLeaderState(104)) - 99631be6-a4f3-4f71-886a-cd5c20c40b02: shutdown LeaderState
2019-09-25 10:21:38,854 [ForkJoinPool.commonPool-worker-1] INFO  impl.PendingRequests (PendingRequests.java:sendNotLeaderResponses(202)) - 99631be6-a4f3-4f71-886a-cd5c20c40b02-PendingRequests: sendNotLeaderResponses
2019-09-25 10:21:38,854 [main] INFO  handler.ContextHandler (ContextHandler.java:doStop(910)) - Stopped o.e.j.w.WebAppContext@55d8c2c4{/,null,UNAVAILABLE}{/hddsDatanode}
2019-09-25 10:21:38,854 [ForkJoinPool.commonPool-worker-1] INFO  impl.StateMachineUpdater (StateMachineUpdater.java:stopAndJoin(125)) - 99631be6-a4f3-4f71-886a-cd5c20c40b02@group-0DFD47BB1C0E-StateMachineUpdater: set stopIndex = 0
2019-09-25 10:21:38,854 [ForkJoinPool.commonPool-worker-1] INFO  impl.RaftServerImpl (ServerState.java:close(385)) - 99631be6-a4f3-4f71-886a-cd5c20c40b02@group-0DFD47BB1C0E: closes. applyIndex: 0
2019-09-25 10:21:38,855 [99631be6-a4f3-4f71-886a-cd5c20c40b02@group-0DFD47BB1C0E-SegmentedRaftLogWorker] INFO  segmented.SegmentedRaftLogWorker (SegmentedRaftLogWorker.java:run(313)) - 99631be6-a4f3-4f71-886a-cd5c20c40b02@group-0DFD47BB1C0E-SegmentedRaftLogWorker was interrupted, exiting. There are 0 tasks remaining in the queue.
2019-09-25 10:21:38,855 [ForkJoinPool.commonPool-worker-1] INFO  segmented.SegmentedRaftLogWorker (SegmentedRaftLogWorker.java:close(228)) - 99631be6-a4f3-4f71-886a-cd5c20c40b02@group-0DFD47BB1C0E-SegmentedRaftLogWorker close()
2019-09-25 10:21:38,856 [main] INFO  server.AbstractConnector (AbstractConnector.java:doStop(318)) - Stopped ServerConnector@798cf6d2{HTTP/1.1,[http/1.1]}{0.0.0.0:0}
2019-09-25 10:21:38,857 [ForkJoinPool.commonPool-worker-1] INFO  server.GrpcService (GrpcService.java:closeImpl(164)) - 99631be6-a4f3-4f71-886a-cd5c20c40b02: shutdown server with port 34611 now
2019-09-25 10:21:38,857 [main] INFO  handler.ContextHandler (ContextHandler.java:doStop(910)) - Stopped o.e.j.s.ServletContextHandler@42cf6349{/static,jar:file:/home/user/.m2/repository/org/apache/hadoop/hadoop-hdds-container-service/0.5.0-SNAPSHOT/hadoop-hdds-container-service-0.5.0-SNAPSHOT.jar!/webapps/static,UNAVAILABLE}
2019-09-25 10:21:38,857 [ForkJoinPool.commonPool-worker-1] INFO  server.GrpcService (GrpcService.java:closeImpl(172)) - 99631be6-a4f3-4f71-886a-cd5c20c40b02: shutdown server with port 34611 successfully
2019-09-25 10:21:38,857 [main] INFO  handler.ContextHandler (ContextHandler.java:doStop(910)) - Stopped o.e.j.s.ServletContextHandler@7ec3a8bd{/logs,file:///workdir/hadoop-ozone/integration-test/target/log,UNAVAILABLE}
2019-09-25 10:21:38,859 [refreshUsed-/workdir/hadoop-ozone/integration-test/target/test-dir/MiniOzoneClusterImpl-3ef52350-cea6-4cbd-954a-79fe229e9e03/datanode-0/data/containers] WARN  fs.CachingGetSpaceUsed (CachingGetSpaceUsed.java:run(183)) - Thread Interrupted waiting to refresh disk information: sleep interrupted
2019-09-25 10:21:38,873 [ForkJoinPool.commonPool-worker-1] INFO  utils.BackgroundService (BackgroundService.java:shutdown(148)) - Shutting down service BlockDeletingService
2019-09-25 10:21:38,876 [ForkJoinPool.commonPool-worker-1] INFO  statemachine.DatanodeStateMachine (DatanodeStateMachine.java:stopDaemon(395)) - Ozone container server stopped.
2019-09-25 10:21:38,879 [ForkJoinPool.commonPool-worker-1] INFO  handler.ContextHandler (ContextHandler.java:doStop(910)) - Stopped o.e.j.w.WebAppContext@7a64cb0c{/,null,UNAVAILABLE}{/hddsDatanode}
2019-09-25 10:21:38,880 [ForkJoinPool.commonPool-worker-1] INFO  server.AbstractConnector (AbstractConnector.java:doStop(318)) - Stopped ServerConnector@785ed99c{HTTP/1.1,[http/1.1]}{0.0.0.0:0}
2019-09-25 10:21:38,883 [ForkJoinPool.commonPool-worker-1] INFO  handler.ContextHandler (ContextHandler.java:doStop(910)) - Stopped o.e.j.s.ServletContextHandler@6486fe7b{/static,jar:file:/home/user/.m2/repository/org/apache/hadoop/hadoop-hdds-container-service/0.5.0-SNAPSHOT/hadoop-hdds-container-service-0.5.0-SNAPSHOT.jar!/webapps/static,UNAVAILABLE}
2019-09-25 10:21:38,883 [ForkJoinPool.commonPool-worker-1] INFO  handler.ContextHandler (ContextHandler.java:doStop(910)) - Stopped o.e.j.s.ServletContextHandler@52f8a6f4{/logs,file:///workdir/hadoop-ozone/integration-test/target/log,UNAVAILABLE}
2019-09-25 10:21:39,737 [grpc-default-executor-6] WARN  server.GrpcLogAppender (LogUtils.java:warn(134)) - fc8031bc-9391-4f9f-9cf5-e32bf235798d@group-AD0E2131DC16->36da9443-b73f-4d07-9b1e-a1622725362a-AppendLogResponseHandler: Failed appendEntries: org.apache.ratis.thirdparty.io.grpc.StatusRuntimeException: UNAVAILABLE: io exception
2019-09-25 10:21:39,738 [grpc-default-executor-6] INFO  impl.FollowerInfo (FollowerInfo.java:lambda$new$0(51)) - fc8031bc-9391-4f9f-9cf5-e32bf235798d@group-AD0E2131DC16->36da9443-b73f-4d07-9b1e-a1622725362a: nextIndex: updateUnconditionally 13 -> 12
2019-09-25 10:21:39,740 [grpc-default-executor-6] WARN  server.GrpcLogAppender (LogUtils.java:warn(134)) - fc8031bc-9391-4f9f-9cf5-e32bf235798d@group-AD0E2131DC16->d9d4e9ae-1d40-49aa-ab31-924367ef4809-AppendLogResponseHandler: Failed appendEntries: org.apache.ratis.thirdparty.io.grpc.StatusRuntimeException: UNAVAILABLE: io exception
2019-09-25 10:21:39,740 [grpc-default-executor-6] INFO  impl.FollowerInfo (FollowerInfo.java:lambda$new$0(51)) - fc8031bc-9391-4f9f-9cf5-e32bf235798d@group-AD0E2131DC16->d9d4e9ae-1d40-49aa-ab31-924367ef4809: nextIndex: updateUnconditionally 16 -> 15
2019-09-25 10:21:39,752 [Datanode State Machine Thread - 0] INFO  statemachine.DatanodeStateMachine (DatanodeStateMachine.java:lambda$startDaemon$0(350)) - Ozone container server started.
2019-09-25 10:21:42,239 [grpc-default-executor-6] WARN  server.GrpcLogAppender (LogUtils.java:warn(134)) - fc8031bc-9391-4f9f-9cf5-e32bf235798d@group-AD0E2131DC16->36da9443-b73f-4d07-9b1e-a1622725362a-AppendLogResponseHandler: Failed appendEntries: org.apache.ratis.thirdparty.io.grpc.StatusRuntimeException: UNAVAILABLE: io exception
2019-09-25 10:21:42,240 [grpc-default-executor-6] INFO  impl.FollowerInfo (FollowerInfo.java:lambda$new$0(51)) - fc8031bc-9391-4f9f-9cf5-e32bf235798d@group-AD0E2131DC16->36da9443-b73f-4d07-9b1e-a1622725362a: nextIndex: updateUnconditionally 12 -> 11
2019-09-25 10:21:42,241 [grpc-default-executor-7] WARN  server.GrpcLogAppender (LogUtils.java:warn(134)) - fc8031bc-9391-4f9f-9cf5-e32bf235798d@group-AD0E2131DC16->d9d4e9ae-1d40-49aa-ab31-924367ef4809-AppendLogResponseHandler: Failed appendEntries: org.apache.ratis.thirdparty.io.grpc.StatusRuntimeException: UNAVAILABLE: io exception
2019-09-25 10:21:42,241 [grpc-default-executor-7] INFO  impl.FollowerInfo (FollowerInfo.java:lambda$new$0(51)) - fc8031bc-9391-4f9f-9cf5-e32bf235798d@group-AD0E2131DC16->d9d4e9ae-1d40-49aa-ab31-924367ef4809: nextIndex: updateUnconditionally 15 -> 14
2019-09-25 10:21:43,805 [EventQueue-StaleNodeForStaleNodeHandler] INFO  node.StaleNodeHandler (StaleNodeHandler.java:onMessage(58)) - Datanode fc8031bc-9391-4f9f-9cf5-e32bf235798d{ip: 192.168.30.57, host: pr-hdds-2166-kpqck-3197213426, networkLocation: /default-rack, certSerialId: null} moved to stale state. Finalizing its pipelines [PipelineID=06b7d73c-14a0-458e-b76b-e957f739eb64, PipelineID=7b446907-ae5c-45bd-981d-ad0e2131dc16]
2019-09-25 10:21:43,806 [EventQueue-StaleNodeForStaleNodeHandler] INFO  pipeline.SCMPipelineManager (SCMPipelineManager.java:finalizeAndDestroyPipeline(315)) - destroying pipeline:Pipeline[ Id: 06b7d73c-14a0-458e-b76b-e957f739eb64, Nodes: fc8031bc-9391-4f9f-9cf5-e32bf235798d{ip: 192.168.30.57, host: pr-hdds-2166-kpqck-3197213426, networkLocation: /default-rack, certSerialId: null}, Type:RATIS, Factor:ONE, State:OPEN]
2019-09-25 10:21:43,806 [EventQueue-StaleNodeForStaleNodeHandler] INFO  pipeline.PipelineStateManager (PipelineStateManager.java:finalizePipeline(123)) - Pipeline Pipeline[ Id: 06b7d73c-14a0-458e-b76b-e957f739eb64, Nodes: fc8031bc-9391-4f9f-9cf5-e32bf235798d{ip: 192.168.30.57, host: pr-hdds-2166-kpqck-3197213426, networkLocation: /default-rack, certSerialId: null}, Type:RATIS, Factor:ONE, State:CLOSED] moved to CLOSED state
2019-09-25 10:21:43,807 [EventQueue-StaleNodeForStaleNodeHandler] INFO  pipeline.SCMPipelineManager (SCMPipelineManager.java:finalizeAndDestroyPipeline(315)) - destroying pipeline:Pipeline[ Id: 7b446907-ae5c-45bd-981d-ad0e2131dc16, Nodes: 36da9443-b73f-4d07-9b1e-a1622725362a{ip: 192.168.30.57, host: pr-hdds-2166-kpqck-3197213426, networkLocation: /default-rack, certSerialId: null}d9d4e9ae-1d40-49aa-ab31-924367ef4809{ip: 192.168.30.57, host: pr-hdds-2166-kpqck-3197213426, networkLocation: /default-rack, certSerialId: null}fc8031bc-9391-4f9f-9cf5-e32bf235798d{ip: 192.168.30.57, host: pr-hdds-2166-kpqck-3197213426, networkLocation: /default-rack, certSerialId: null}, Type:RATIS, Factor:THREE, State:CLOSED]
2019-09-25 10:21:43,861 [main] INFO  ozoneimpl.OzoneContainer (OzoneContainer.java:stop(231)) - Attempting to stop container services.
2019-09-25 10:21:43,862 [main] INFO  impl.RaftServerProxy (RaftServerProxy.java:lambda$close$4(314)) - fc8031bc-9391-4f9f-9cf5-e32bf235798d: close
2019-09-25 10:21:43,863 [main] INFO  impl.RaftServerImpl (RaftServerImpl.java:lambda$shutdown$3(251)) - fc8031bc-9391-4f9f-9cf5-e32bf235798d@group-E957F739EB64: shutdown
2019-09-25 10:21:43,863 [main] INFO  util.JmxRegister (JmxRegister.java:unregister(73)) - Successfully un-registered JMX Bean with object name Ratis:service=RaftServer,group=group-E957F739EB64,id=fc8031bc-9391-4f9f-9cf5-e32bf235798d
2019-09-25 10:21:43,863 [main] INFO  impl.RoleInfo (RoleInfo.java:shutdownLeaderState(104)) - fc8031bc-9391-4f9f-9cf5-e32bf235798d: shutdown LeaderState
2019-09-25 10:21:43,864 [main] INFO  impl.PendingRequests (PendingRequests.java:sendNotLeaderResponses(202)) - fc8031bc-9391-4f9f-9cf5-e32bf235798d-PendingRequests: sendNotLeaderResponses
2019-09-25 10:21:43,865 [main] INFO  impl.StateMachineUpdater (StateMachineUpdater.java:stopAndJoin(125)) - fc8031bc-9391-4f9f-9cf5-e32bf235798d@group-E957F739EB64-StateMachineUpdater: set stopIndex = 0
2019-09-25 10:21:43,865 [main] INFO  impl.RaftServerImpl (ServerState.java:close(385)) - fc8031bc-9391-4f9f-9cf5-e32bf235798d@group-E957F739EB64: closes. applyIndex: 0
2019-09-25 10:21:43,866 [fc8031bc-9391-4f9f-9cf5-e32bf235798d@group-E957F739EB64-SegmentedRaftLogWorker] INFO  segmented.SegmentedRaftLogWorker (SegmentedRaftLogWorker.java:run(313)) - fc8031bc-9391-4f9f-9cf5-e32bf235798d@group-E957F739EB64-SegmentedRaftLogWorker was interrupted, exiting. There are 0 tasks remaining in the queue.
2019-09-25 10:21:43,869 [main] INFO  segmented.SegmentedRaftLogWorker (SegmentedRaftLogWorker.java:close(228)) - fc8031bc-9391-4f9f-9cf5-e32bf235798d@group-E957F739EB64-SegmentedRaftLogWorker close()
2019-09-25 10:21:43,871 [main] INFO  impl.RaftServerImpl (RaftServerImpl.java:lambda$shutdown$3(251)) - fc8031bc-9391-4f9f-9cf5-e32bf235798d@group-AD0E2131DC16: shutdown
2019-09-25 10:21:43,871 [main] INFO  util.JmxRegister (JmxRegister.java:unregister(73)) - Successfully un-registered JMX Bean with object name Ratis:service=RaftServer,group=group-AD0E2131DC16,id=fc8031bc-9391-4f9f-9cf5-e32bf235798d
2019-09-25 10:21:43,871 [main] INFO  impl.RoleInfo (RoleInfo.java:shutdownLeaderState(104)) - fc8031bc-9391-4f9f-9cf5-e32bf235798d: shutdown LeaderState
2019-09-25 10:21:43,874 [main] INFO  impl.PendingRequests (PendingRequests.java:sendNotLeaderResponses(202)) - fc8031bc-9391-4f9f-9cf5-e32bf235798d-PendingRequests: sendNotLeaderResponses
2019-09-25 10:21:43,874 [org.apache.ratis.server.impl.LogAppender$AppenderDaemon$$Lambda$511/1384540455@5623c2e8] WARN  server.GrpcLogAppender (GrpcLogAppender.java:mayWait(143)) - fc8031bc-9391-4f9f-9cf5-e32bf235798d@group-AD0E2131DC16->d9d4e9ae-1d40-49aa-ab31-924367ef4809-GrpcLogAppender: Wait interrupted by java.lang.InterruptedException
2019-09-25 10:21:43,874 [org.apache.ratis.server.impl.LogAppender$AppenderDaemon$$Lambda$511/1384540455@686d851] WARN  server.GrpcLogAppender (GrpcLogAppender.java:mayWait(143)) - fc8031bc-9391-4f9f-9cf5-e32bf235798d@group-AD0E2131DC16->36da9443-b73f-4d07-9b1e-a1622725362a-GrpcLogAppender: Wait interrupted by java.lang.InterruptedException
2019-09-25 10:21:43,883 [main] INFO  impl.StateMachineUpdater (StateMachineUpdater.java:stopAndJoin(125)) - fc8031bc-9391-4f9f-9cf5-e32bf235798d@group-AD0E2131DC16-StateMachineUpdater: set stopIndex = 18
2019-09-25 10:21:43,883 [fc8031bc-9391-4f9f-9cf5-e32bf235798d@group-AD0E2131DC16-StateMachineUpdater] INFO  ratis.ContainerStateMachine (ContainerStateMachine.java:takeSnapshot(289)) - group-AD0E2131DC16: Taking a snapshot at:(t:2, i:18) file /workdir/hadoop-ozone/integration-test/target/test-dir/MiniOzoneClusterImpl-3ef52350-cea6-4cbd-954a-79fe229e9e03/datanode-5/data/ratis/7b446907-ae5c-45bd-981d-ad0e2131dc16/sm/snapshot.2_18
2019-09-25 10:21:43,909 [fc8031bc-9391-4f9f-9cf5-e32bf235798d@group-AD0E2131DC16-StateMachineUpdater] INFO  ratis.ContainerStateMachine (ContainerStateMachine.java:takeSnapshot(300)) - group-AD0E2131DC16: Finished taking a snapshot at:(t:2, i:18) file:/workdir/hadoop-ozone/integration-test/target/test-dir/MiniOzoneClusterImpl-3ef52350-cea6-4cbd-954a-79fe229e9e03/datanode-5/data/ratis/7b446907-ae5c-45bd-981d-ad0e2131dc16/sm/snapshot.2_18 time:26
2019-09-25 10:21:43,910 [fc8031bc-9391-4f9f-9cf5-e32bf235798d@group-AD0E2131DC16-StateMachineUpdater] INFO  impl.StateMachineUpdater (StateMachineUpdater.java:takeSnapshot(258)) - fc8031bc-9391-4f9f-9cf5-e32bf235798d@group-AD0E2131DC16-StateMachineUpdater: Took a snapshot at index 18
2019-09-25 10:21:43,910 [fc8031bc-9391-4f9f-9cf5-e32bf235798d@group-AD0E2131DC16-StateMachineUpdater] INFO  impl.StateMachineUpdater (StateMachineUpdater.java:lambda$new$0(83)) - fc8031bc-9391-4f9f-9cf5-e32bf235798d@group-AD0E2131DC16-StateMachineUpdater: snapshotIndex: updateIncreasingly -1 -> 18
2019-09-25 10:21:43,910 [main] INFO  impl.RaftServerImpl (ServerState.java:close(385)) - fc8031bc-9391-4f9f-9cf5-e32bf235798d@group-AD0E2131DC16: closes. applyIndex: 18
2019-09-25 10:21:43,911 [fc8031bc-9391-4f9f-9cf5-e32bf235798d@group-AD0E2131DC16-SegmentedRaftLogWorker] INFO  segmented.SegmentedRaftLogWorker (SegmentedRaftLogWorker.java:run(313)) - fc8031bc-9391-4f9f-9cf5-e32bf235798d@group-AD0E2131DC16-SegmentedRaftLogWorker was interrupted, exiting. There are 0 tasks remaining in the queue.
2019-09-25 10:21:43,911 [main] INFO  segmented.SegmentedRaftLogWorker (SegmentedRaftLogWorker.java:close(228)) - fc8031bc-9391-4f9f-9cf5-e32bf235798d@group-AD0E2131DC16-SegmentedRaftLogWorker close()
2019-09-25 10:21:43,913 [main] INFO  server.GrpcService (GrpcService.java:closeImpl(164)) - fc8031bc-9391-4f9f-9cf5-e32bf235798d: shutdown server with port 34636 now
2019-09-25 10:21:43,914 [grpc-default-executor-6] WARN  client.GrpcClientProtocolService (LogUtils.java:warn(134)) - 4-UnorderedRequestStreamObserver4: onError: org.apache.ratis.thirdparty.io.grpc.StatusRuntimeException: CANCELLED: cancelled before receiving half close
2019-09-25 10:21:43,914 [main] INFO  server.GrpcService (GrpcService.java:closeImpl(172)) - fc8031bc-9391-4f9f-9cf5-e32bf235798d: shutdown server with port 34636 successfully
2019-09-25 10:21:43,916 [refreshUsed-/workdir/hadoop-ozone/integration-test/target/test-dir/MiniOzoneClusterImpl-3ef52350-cea6-4cbd-954a-79fe229e9e03/datanode-5/data/containers] WARN  fs.CachingGetSpaceUsed (CachingGetSpaceUsed.java:run(183)) - Thread Interrupted waiting to refresh disk information: sleep interrupted
2019-09-25 10:21:43,931 [main] INFO  utils.BackgroundService (BackgroundService.java:shutdown(148)) - Shutting down service BlockDeletingService
2019-09-25 10:21:43,936 [main] INFO  statemachine.DatanodeStateMachine (DatanodeStateMachine.java:stopDaemon(395)) - Ozone container server stopped.
2019-09-25 10:21:43,965 [main] INFO  handler.ContextHandler (ContextHandler.java:doStop(910)) - Stopped o.e.j.w.WebAppContext@774d8276{/,null,UNAVAILABLE}{/hddsDatanode}
2019-09-25 10:21:43,966 [main] INFO  server.AbstractConnector (AbstractConnector.java:doStop(318)) - Stopped ServerConnector@6ce26986{HTTP/1.1,[http/1.1]}{0.0.0.0:0}
2019-09-25 10:21:43,967 [main] INFO  handler.ContextHandler (ContextHandler.java:doStop(910)) - Stopped o.e.j.s.ServletContextHandler@1ea930eb{/static,jar:file:/home/user/.m2/repository/org/apache/hadoop/hadoop-hdds-container-service/0.5.0-SNAPSHOT/hadoop-hdds-container-service-0.5.0-SNAPSHOT.jar!/webapps/static,UNAVAILABLE}
2019-09-25 10:21:43,967 [main] INFO  handler.ContextHandler (ContextHandler.java:doStop(910)) - Stopped o.e.j.s.ServletContextHandler@1b7554d4{/logs,file:///workdir/hadoop-ozone/integration-test/target/log,UNAVAILABLE}
2019-09-25 10:21:43,968 [main] INFO  ozone.MiniOzoneClusterImpl (MiniOzoneClusterImpl.java:stopSCM(392)) - Stopping the StorageContainerManager
2019-09-25 10:21:43,968 [main] INFO  server.StorageContainerManager (StorageContainerManager.java:stop(808)) - Stopping Replication Manager Service.
2019-09-25 10:21:43,969 [main] INFO  container.ReplicationManager (ReplicationManager.java:stop(203)) - Stopping Replication Monitor Thread.
2019-09-25 10:21:43,969 [main] INFO  server.StorageContainerManager (StorageContainerManager.java:stop(815)) - Stopping Lease Manager of the command watchers
2019-09-25 10:21:43,969 [main] INFO  server.StorageContainerManager (StorageContainerManager.java:stop(822)) - Stopping datanode service RPC server
2019-09-25 10:21:43,969 [main] INFO  server.SCMDatanodeProtocolServer (SCMDatanodeProtocolServer.java:stop(367)) - Stopping the RPC server for DataNodes
2019-09-25 10:21:43,970 [main] INFO  ipc.Server (Server.java:stop(3082)) - Stopping server on 45233
2019-09-25 10:21:43,972 [IPC Server listener on 45233] INFO  ipc.Server (Server.java:run(1185)) - Stopping IPC Server listener on 45233
2019-09-25 10:21:43,972 [IPC Server Responder] INFO  ipc.Server (Server.java:run(1319)) - Stopping IPC Server Responder
2019-09-25 10:21:44,004 [SCM Heartbeat Processing Thread - 0] WARN  node.NodeStateManager (NodeStateManager.java:scheduleNextHealthCheck(646)) - Current Thread is interrupted, shutting down HB processing thread for Node Manager.
2019-09-25 10:21:44,004 [main] INFO  server.StorageContainerManager (StorageContainerManager.java:stop(830)) - Stopping block service RPC server
2019-09-25 10:21:44,005 [main] INFO  server.SCMBlockProtocolServer (SCMBlockProtocolServer.java:stop(155)) - Stopping the RPC server for Block Protocol
2019-09-25 10:21:44,005 [main] INFO  ipc.Server (Server.java:stop(3082)) - Stopping server on 37804
2019-09-25 10:21:44,007 [IPC Server listener on 37804] INFO  ipc.Server (Server.java:run(1185)) - Stopping IPC Server listener on 37804
2019-09-25 10:21:44,007 [main] INFO  server.StorageContainerManager (StorageContainerManager.java:stop(837)) - Stopping the StorageContainerLocationProtocol RPC server
2019-09-25 10:21:44,007 [IPC Server Responder] INFO  ipc.Server (Server.java:run(1319)) - Stopping IPC Server Responder
2019-09-25 10:21:44,008 [main] INFO  server.SCMClientProtocolServer (SCMClientProtocolServer.java:stop(159)) - Stopping the RPC server for Client Protocol
2019-09-25 10:21:44,009 [main] INFO  ipc.Server (Server.java:stop(3082)) - Stopping server on 33295
2019-09-25 10:21:44,011 [main] INFO  server.StorageContainerManager (StorageContainerManager.java:stop(844)) - Stopping Storage Container Manager HTTP server.
2019-09-25 10:21:44,011 [IPC Server Responder] INFO  ipc.Server (Server.java:run(1319)) - Stopping IPC Server Responder
2019-09-25 10:21:44,011 [IPC Server listener on 33295] INFO  ipc.Server (Server.java:run(1185)) - Stopping IPC Server listener on 33295
2019-09-25 10:21:44,011 [main] INFO  handler.ContextHandler (ContextHandler.java:doStop(910)) - Stopped o.e.j.w.WebAppContext@703fa45{/,null,UNAVAILABLE}{/scm}
2019-09-25 10:21:44,013 [main] INFO  server.AbstractConnector (AbstractConnector.java:doStop(318)) - Stopped ServerConnector@5e905f2c{HTTP/1.1,[http/1.1]}{0.0.0.0:0}
2019-09-25 10:21:44,013 [main] INFO  handler.ContextHandler (ContextHandler.java:doStop(910)) - Stopped o.e.j.s.ServletContextHandler@6a09484c{/static,file:///workdir/hadoop-ozone/integration-test/target/test-classes/webapps/static,UNAVAILABLE}
2019-09-25 10:21:44,013 [main] INFO  handler.ContextHandler (ContextHandler.java:doStop(910)) - Stopped o.e.j.s.ServletContextHandler@6380e9e9{/logs,file:///workdir/hadoop-ozone/integration-test/target/log,UNAVAILABLE}
2019-09-25 10:21:44,013 [main] INFO  server.StorageContainerManager (StorageContainerManager.java:stop(855)) - Stopping Block Manager Service.
2019-09-25 10:21:44,014 [main] INFO  utils.BackgroundService (BackgroundService.java:shutdown(148)) - Shutting down service SCMBlockDeletingService
2019-09-25 10:21:44,014 [main] INFO  utils.BackgroundService (BackgroundService.java:shutdown(148)) - Shutting down service SCMBlockDeletingService
2019-09-25 10:21:44,014 [main] INFO  server.StorageContainerManager (StorageContainerManager.java:stop(877)) - Stopping SCM Event Queue.
2019-09-25 10:21:44,019 [main] INFO  impl.MetricsSystemImpl (MetricsSystemImpl.java:stop(210)) - Stopping HddsDatanode metrics system...
2019-09-25 10:21:44,035 [main] INFO  impl.MetricsSystemImpl (MetricsSystemImpl.java:stop(216)) - HddsDatanode metrics system stopped.
]]></system-out>
    <system-err><![CDATA[Sep 25, 2019 10:21:15 AM org.apache.ratis.thirdparty.io.grpc.internal.ManagedChannelOrphanWrapper$ManagedChannelReference cleanQueue
SEVERE: *~*~*~ Channel ManagedChannelImpl{logId=2916, target=192.168.30.57:34969} was not shutdown properly!!! ~*~*~*
    Make sure to call shutdown()/shutdownNow() and wait until awaitTermination() returns true.
java.lang.RuntimeException: ManagedChannel allocation site
	at org.apache.ratis.thirdparty.io.grpc.internal.ManagedChannelOrphanWrapper$ManagedChannelReference.<init>(ManagedChannelOrphanWrapper.java:103)
	at org.apache.ratis.thirdparty.io.grpc.internal.ManagedChannelOrphanWrapper.<init>(ManagedChannelOrphanWrapper.java:53)
	at org.apache.ratis.thirdparty.io.grpc.internal.ManagedChannelOrphanWrapper.<init>(ManagedChannelOrphanWrapper.java:44)
	at org.apache.ratis.thirdparty.io.grpc.internal.AbstractManagedChannelImplBuilder.build(AbstractManagedChannelImplBuilder.java:411)
	at org.apache.hadoop.hdds.scm.XceiverClientGrpc.connectToDatanode(XceiverClientGrpc.java:181)
	at org.apache.hadoop.hdds.scm.XceiverClientGrpc.reconnect(XceiverClientGrpc.java:429)
	at org.apache.hadoop.hdds.scm.XceiverClientGrpc.sendCommandAsync(XceiverClientGrpc.java:378)
	at org.apache.hadoop.hdds.scm.XceiverClientGrpc.sendCommandWithRetry(XceiverClientGrpc.java:291)
	at org.apache.hadoop.hdds.scm.XceiverClientGrpc.sendCommandWithTraceIDAndRetry(XceiverClientGrpc.java:257)
	at org.apache.hadoop.hdds.scm.XceiverClientGrpc.sendCommand(XceiverClientGrpc.java:240)
	at org.apache.hadoop.hdds.scm.storage.ContainerProtocolCalls.getBlock(ContainerProtocolCalls.java:118)
	at org.apache.hadoop.hdds.scm.storage.BlockInputStream.getChunkInfos(BlockInputStream.java:167)
	at org.apache.hadoop.hdds.scm.storage.BlockInputStream.initialize(BlockInputStream.java:118)
	at org.apache.hadoop.hdds.scm.storage.BlockInputStream.read(BlockInputStream.java:222)
	at org.apache.hadoop.ozone.client.io.KeyInputStream.read(KeyInputStream.java:171)
	at org.apache.hadoop.ozone.client.io.OzoneInputStream.read(OzoneInputStream.java:47)
	at java.io.InputStream.read(InputStream.java:101)
	at org.apache.hadoop.ozone.container.ContainerTestHelper.validateData(ContainerTestHelper.java:714)
	at org.apache.hadoop.ozone.client.rpc.TestBlockOutputStreamWithFailures.validateData(TestBlockOutputStreamWithFailures.java:1216)
	at org.apache.hadoop.ozone.client.rpc.TestBlockOutputStreamWithFailures.testWatchForCommitWithSingleNodeRatis(TestBlockOutputStreamWithFailures.java:918)
	at sun.reflect.NativeMethodAccessorImpl.invoke0(Native Method)
	at sun.reflect.NativeMethodAccessorImpl.invoke(NativeMethodAccessorImpl.java:62)
	at sun.reflect.DelegatingMethodAccessorImpl.invoke(DelegatingMethodAccessorImpl.java:43)
	at java.lang.reflect.Method.invoke(Method.java:498)
	at org.junit.runners.model.FrameworkMethod$1.runReflectiveCall(FrameworkMethod.java:47)
	at org.junit.internal.runners.model.ReflectiveCallable.run(ReflectiveCallable.java:12)
	at org.junit.runners.model.FrameworkMethod.invokeExplosively(FrameworkMethod.java:44)
	at org.junit.internal.runners.statements.InvokeMethod.evaluate(InvokeMethod.java:17)
	at org.junit.internal.runners.statements.RunBefores.evaluate(RunBefores.java:26)
	at org.junit.internal.runners.statements.RunAfters.evaluate(RunAfters.java:27)
	at org.junit.runners.ParentRunner.runLeaf(ParentRunner.java:271)
	at org.junit.runners.BlockJUnit4ClassRunner.runChild(BlockJUnit4ClassRunner.java:70)
	at org.junit.runners.BlockJUnit4ClassRunner.runChild(BlockJUnit4ClassRunner.java:50)
	at org.junit.runners.ParentRunner$3.run(ParentRunner.java:238)
	at org.junit.runners.ParentRunner$1.schedule(ParentRunner.java:63)
	at org.junit.runners.ParentRunner.runChildren(ParentRunner.java:236)
	at org.junit.runners.ParentRunner.access$000(ParentRunner.java:53)
	at org.junit.runners.ParentRunner$2.evaluate(ParentRunner.java:229)
	at org.junit.runners.ParentRunner.run(ParentRunner.java:309)
	at org.apache.maven.surefire.junit4.JUnit4Provider.execute(JUnit4Provider.java:365)
	at org.apache.maven.surefire.junit4.JUnit4Provider.executeWithRerun(JUnit4Provider.java:273)
	at org.apache.maven.surefire.junit4.JUnit4Provider.executeTestSet(JUnit4Provider.java:238)
	at org.apache.maven.surefire.junit4.JUnit4Provider.invoke(JUnit4Provider.java:159)
	at org.apache.maven.surefire.booter.ForkedBooter.invokeProviderInSameClassLoader(ForkedBooter.java:384)
	at org.apache.maven.surefire.booter.ForkedBooter.runSuitesInProcess(ForkedBooter.java:345)
	at org.apache.maven.surefire.booter.ForkedBooter.execute(ForkedBooter.java:126)
	at org.apache.maven.surefire.booter.ForkedBooter.main(ForkedBooter.java:418)

Sep 25, 2019 10:21:15 AM org.apache.ratis.thirdparty.io.grpc.internal.ManagedChannelOrphanWrapper$ManagedChannelReference cleanQueue
SEVERE: *~*~*~ Channel ManagedChannelImpl{logId=2901, target=192.168.30.57:35775} was not shutdown properly!!! ~*~*~*
    Make sure to call shutdown()/shutdownNow() and wait until awaitTermination() returns true.
java.lang.RuntimeException: ManagedChannel allocation site
	at org.apache.ratis.thirdparty.io.grpc.internal.ManagedChannelOrphanWrapper$ManagedChannelReference.<init>(ManagedChannelOrphanWrapper.java:103)
	at org.apache.ratis.thirdparty.io.grpc.internal.ManagedChannelOrphanWrapper.<init>(ManagedChannelOrphanWrapper.java:53)
	at org.apache.ratis.thirdparty.io.grpc.internal.ManagedChannelOrphanWrapper.<init>(ManagedChannelOrphanWrapper.java:44)
	at org.apache.ratis.thirdparty.io.grpc.internal.AbstractManagedChannelImplBuilder.build(AbstractManagedChannelImplBuilder.java:411)
	at org.apache.ratis.grpc.client.GrpcClientProtocolClient.<init>(GrpcClientProtocolClient.java:127)
	at org.apache.ratis.grpc.client.GrpcClientRpc.lambda$new$0(GrpcClientRpc.java:55)
	at org.apache.ratis.util.PeerProxyMap$PeerAndProxy.lambda$getProxy$0(PeerProxyMap.java:61)
	at org.apache.ratis.util.LifeCycle.startAndTransition(LifeCycle.java:202)
	at org.apache.ratis.util.PeerProxyMap$PeerAndProxy.getProxy(PeerProxyMap.java:60)
	at org.apache.ratis.util.PeerProxyMap.getProxy(PeerProxyMap.java:108)
	at org.apache.ratis.grpc.client.GrpcClientRpc.sendRequestAsync(GrpcClientRpc.java:66)
	at org.apache.ratis.client.impl.OrderedAsync.sendRequest(OrderedAsync.java:208)
	at org.apache.ratis.client.impl.OrderedAsync.sendRequestWithRetry(OrderedAsync.java:169)
	at org.apache.ratis.util.SlidingWindow$Client.sendOrDelayRequest(SlidingWindow.java:278)
	at org.apache.ratis.util.SlidingWindow$Client.retry(SlidingWindow.java:294)
	at org.apache.ratis.client.impl.OrderedAsync.lambda$scheduleWithTimeout$7(OrderedAsync.java:195)
	at org.apache.ratis.util.TimeoutScheduler.lambda$onTimeout$0(TimeoutScheduler.java:113)
	at org.apache.ratis.util.TimeoutScheduler.lambda$onTimeout$1(TimeoutScheduler.java:133)
	at org.apache.ratis.util.LogUtils.runAndLog(LogUtils.java:50)
	at org.apache.ratis.util.LogUtils$1.run(LogUtils.java:91)
	at java.util.concurrent.Executors$RunnableAdapter.call(Executors.java:511)
	at java.util.concurrent.FutureTask.run(FutureTask.java:266)
	at java.util.concurrent.ScheduledThreadPoolExecutor$ScheduledFutureTask.access$201(ScheduledThreadPoolExecutor.java:180)
	at java.util.concurrent.ScheduledThreadPoolExecutor$ScheduledFutureTask.run(ScheduledThreadPoolExecutor.java:293)
	at java.util.concurrent.ThreadPoolExecutor.runWorker(ThreadPoolExecutor.java:1149)
	at java.util.concurrent.ThreadPoolExecutor$Worker.run(ThreadPoolExecutor.java:624)
	at java.lang.Thread.run(Thread.java:748)

Sep 25, 2019 10:21:15 AM org.apache.ratis.thirdparty.io.grpc.internal.ManagedChannelOrphanWrapper$ManagedChannelReference cleanQueue
SEVERE: *~*~*~ Channel ManagedChannelImpl{logId=2906, target=192.168.30.57:42383} was not shutdown properly!!! ~*~*~*
    Make sure to call shutdown()/shutdownNow() and wait until awaitTermination() returns true.
java.lang.RuntimeException: ManagedChannel allocation site
	at org.apache.ratis.thirdparty.io.grpc.internal.ManagedChannelOrphanWrapper$ManagedChannelReference.<init>(ManagedChannelOrphanWrapper.java:103)
	at org.apache.ratis.thirdparty.io.grpc.internal.ManagedChannelOrphanWrapper.<init>(ManagedChannelOrphanWrapper.java:53)
	at org.apache.ratis.thirdparty.io.grpc.internal.ManagedChannelOrphanWrapper.<init>(ManagedChannelOrphanWrapper.java:44)
	at org.apache.ratis.thirdparty.io.grpc.internal.AbstractManagedChannelImplBuilder.build(AbstractManagedChannelImplBuilder.java:411)
	at org.apache.ratis.grpc.client.GrpcClientProtocolClient.<init>(GrpcClientProtocolClient.java:127)
	at org.apache.ratis.grpc.client.GrpcClientRpc.lambda$new$0(GrpcClientRpc.java:55)
	at org.apache.ratis.util.PeerProxyMap$PeerAndProxy.lambda$getProxy$0(PeerProxyMap.java:61)
	at org.apache.ratis.util.LifeCycle.startAndTransition(LifeCycle.java:202)
	at org.apache.ratis.util.PeerProxyMap$PeerAndProxy.getProxy(PeerProxyMap.java:60)
	at org.apache.ratis.util.PeerProxyMap.getProxy(PeerProxyMap.java:108)
	at org.apache.ratis.grpc.client.GrpcClientRpc.sendRequestAsync(GrpcClientRpc.java:66)
	at org.apache.ratis.client.impl.OrderedAsync.sendRequest(OrderedAsync.java:208)
	at org.apache.ratis.client.impl.OrderedAsync.sendRequestWithRetry(OrderedAsync.java:169)
	at org.apache.ratis.util.SlidingWindow$Client.sendOrDelayRequest(SlidingWindow.java:278)
	at org.apache.ratis.util.SlidingWindow$Client.submitNewRequest(SlidingWindow.java:257)
	at org.apache.ratis.client.impl.OrderedAsync.send(OrderedAsync.java:155)
	at org.apache.ratis.client.impl.RaftClientImpl.sendAsync(RaftClientImpl.java:144)
	at org.apache.ratis.client.impl.RaftClientImpl.sendAsync(RaftClientImpl.java:124)
	at org.apache.hadoop.hdds.scm.XceiverClientRatis.sendRequestAsync(XceiverClientRatis.java:234)
	at org.apache.hadoop.hdds.scm.XceiverClientRatis.sendCommandAsync(XceiverClientRatis.java:332)
	at org.apache.hadoop.hdds.scm.storage.ContainerProtocolCalls.writeChunkAsync(ContainerProtocolCalls.java:310)
	at org.apache.hadoop.hdds.scm.storage.BlockOutputStream.writeChunkToContainer(BlockOutputStream.java:601)
	at org.apache.hadoop.hdds.scm.storage.BlockOutputStream.writeChunk(BlockOutputStream.java:459)
	at org.apache.hadoop.hdds.scm.storage.BlockOutputStream.writeOnRetry(BlockOutputStream.java:285)
	at org.apache.hadoop.ozone.client.io.BlockOutputStreamEntry.writeOnRetry(BlockOutputStreamEntry.java:200)
	at org.apache.hadoop.ozone.client.io.KeyOutputStream.handleWrite(KeyOutputStream.java:206)
	at org.apache.hadoop.ozone.client.io.KeyOutputStream.handleRetry(KeyOutputStream.java:375)
	at org.apache.hadoop.ozone.client.io.KeyOutputStream.handleException(KeyOutputStream.java:324)
	at org.apache.hadoop.ozone.client.io.KeyOutputStream.handleFlushOrClose(KeyOutputStream.java:449)
	at org.apache.hadoop.ozone.client.io.KeyOutputStream.handleWrite(KeyOutputStream.java:232)
	at org.apache.hadoop.ozone.client.io.KeyOutputStream.write(KeyOutputStream.java:190)
	at org.apache.hadoop.ozone.client.io.OzoneOutputStream.write(OzoneOutputStream.java:49)
	at java.io.OutputStream.write(OutputStream.java:75)
	at org.apache.hadoop.ozone.client.rpc.TestBlockOutputStreamWithFailures.testWatchForCommitWithSingleNodeRatis(TestBlockOutputStreamWithFailures.java:885)
	at sun.reflect.NativeMethodAccessorImpl.invoke0(Native Method)
	at sun.reflect.NativeMethodAccessorImpl.invoke(NativeMethodAccessorImpl.java:62)
	at sun.reflect.DelegatingMethodAccessorImpl.invoke(DelegatingMethodAccessorImpl.java:43)
	at java.lang.reflect.Method.invoke(Method.java:498)
	at org.junit.runners.model.FrameworkMethod$1.runReflectiveCall(FrameworkMethod.java:47)
	at org.junit.internal.runners.model.ReflectiveCallable.run(ReflectiveCallable.java:12)
	at org.junit.runners.model.FrameworkMethod.invokeExplosively(FrameworkMethod.java:44)
	at org.junit.internal.runners.statements.InvokeMethod.evaluate(InvokeMethod.java:17)
	at org.junit.internal.runners.statements.RunBefores.evaluate(RunBefores.java:26)
	at org.junit.internal.runners.statements.RunAfters.evaluate(RunAfters.java:27)
	at org.junit.runners.ParentRunner.runLeaf(ParentRunner.java:271)
	at org.junit.runners.BlockJUnit4ClassRunner.runChild(BlockJUnit4ClassRunner.java:70)
	at org.junit.runners.BlockJUnit4ClassRunner.runChild(BlockJUnit4ClassRunner.java:50)
	at org.junit.runners.ParentRunner$3.run(ParentRunner.java:238)
	at org.junit.runners.ParentRunner$1.schedule(ParentRunner.java:63)
	at org.junit.runners.ParentRunner.runChildren(ParentRunner.java:236)
	at org.junit.runners.ParentRunner.access$000(ParentRunner.java:53)
	at org.junit.runners.ParentRunner$2.evaluate(ParentRunner.java:229)
	at org.junit.runners.ParentRunner.run(ParentRunner.java:309)
	at org.apache.maven.surefire.junit4.JUnit4Provider.execute(JUnit4Provider.java:365)
	at org.apache.maven.surefire.junit4.JUnit4Provider.executeWithRerun(JUnit4Provider.java:273)
	at org.apache.maven.surefire.junit4.JUnit4Provider.executeTestSet(JUnit4Provider.java:238)
	at org.apache.maven.surefire.junit4.JUnit4Provider.invoke(JUnit4Provider.java:159)
	at org.apache.maven.surefire.booter.ForkedBooter.invokeProviderInSameClassLoader(ForkedBooter.java:384)
	at org.apache.maven.surefire.booter.ForkedBooter.runSuitesInProcess(ForkedBooter.java:345)
	at org.apache.maven.surefire.booter.ForkedBooter.execute(ForkedBooter.java:126)
	at org.apache.maven.surefire.booter.ForkedBooter.main(ForkedBooter.java:418)

Sep 25, 2019 10:21:15 AM org.apache.ratis.thirdparty.io.grpc.internal.ManagedChannelOrphanWrapper$ManagedChannelReference cleanQueue
SEVERE: *~*~*~ Channel ManagedChannelImpl{logId=2681, target=192.168.30.57:34260} was not shutdown properly!!! ~*~*~*
    Make sure to call shutdown()/shutdownNow() and wait until awaitTermination() returns true.
java.lang.RuntimeException: ManagedChannel allocation site
	at org.apache.ratis.thirdparty.io.grpc.internal.ManagedChannelOrphanWrapper$ManagedChannelReference.<init>(ManagedChannelOrphanWrapper.java:103)
	at org.apache.ratis.thirdparty.io.grpc.internal.ManagedChannelOrphanWrapper.<init>(ManagedChannelOrphanWrapper.java:53)
	at org.apache.ratis.thirdparty.io.grpc.internal.ManagedChannelOrphanWrapper.<init>(ManagedChannelOrphanWrapper.java:44)
	at org.apache.ratis.thirdparty.io.grpc.internal.AbstractManagedChannelImplBuilder.build(AbstractManagedChannelImplBuilder.java:411)
	at org.apache.ratis.grpc.client.GrpcClientProtocolClient.<init>(GrpcClientProtocolClient.java:127)
	at org.apache.ratis.grpc.client.GrpcClientRpc.lambda$new$0(GrpcClientRpc.java:55)
	at org.apache.ratis.util.PeerProxyMap$PeerAndProxy.lambda$getProxy$0(PeerProxyMap.java:61)
	at org.apache.ratis.util.LifeCycle.startAndTransition(LifeCycle.java:202)
	at org.apache.ratis.util.PeerProxyMap$PeerAndProxy.getProxy(PeerProxyMap.java:60)
	at org.apache.ratis.util.PeerProxyMap.getProxy(PeerProxyMap.java:108)
	at org.apache.ratis.grpc.client.GrpcClientRpc.sendRequestAsync(GrpcClientRpc.java:66)
	at org.apache.ratis.client.impl.OrderedAsync.sendRequest(OrderedAsync.java:208)
	at org.apache.ratis.client.impl.OrderedAsync.sendRequestWithRetry(OrderedAsync.java:169)
	at org.apache.ratis.util.SlidingWindow$Client.sendOrDelayRequest(SlidingWindow.java:278)
	at org.apache.ratis.util.SlidingWindow$Client.submitNewRequest(SlidingWindow.java:257)
	at org.apache.ratis.client.impl.OrderedAsync.send(OrderedAsync.java:155)
	at org.apache.ratis.client.impl.RaftClientImpl.sendAsync(RaftClientImpl.java:144)
	at org.apache.ratis.client.impl.RaftClientImpl.sendAsync(RaftClientImpl.java:124)
	at org.apache.hadoop.hdds.scm.XceiverClientRatis.sendRequestAsync(XceiverClientRatis.java:234)
	at org.apache.hadoop.hdds.scm.XceiverClientRatis.sendCommandAsync(XceiverClientRatis.java:332)
	at org.apache.hadoop.hdds.scm.storage.ContainerProtocolCalls.writeChunkAsync(ContainerProtocolCalls.java:310)
	at org.apache.hadoop.hdds.scm.storage.BlockOutputStream.writeChunkToContainer(BlockOutputStream.java:601)
	at org.apache.hadoop.hdds.scm.storage.BlockOutputStream.writeChunk(BlockOutputStream.java:459)
	at org.apache.hadoop.hdds.scm.storage.BlockOutputStream.writeOnRetry(BlockOutputStream.java:285)
	at org.apache.hadoop.ozone.client.io.BlockOutputStreamEntry.writeOnRetry(BlockOutputStreamEntry.java:200)
	at org.apache.hadoop.ozone.client.io.KeyOutputStream.handleWrite(KeyOutputStream.java:206)
	at org.apache.hadoop.ozone.client.io.KeyOutputStream.handleRetry(KeyOutputStream.java:375)
	at org.apache.hadoop.ozone.client.io.KeyOutputStream.handleException(KeyOutputStream.java:324)
	at org.apache.hadoop.ozone.client.io.KeyOutputStream.handleFlushOrClose(KeyOutputStream.java:449)
	at org.apache.hadoop.ozone.client.io.KeyOutputStream.handleWrite(KeyOutputStream.java:232)
	at org.apache.hadoop.ozone.client.io.KeyOutputStream.write(KeyOutputStream.java:190)
	at org.apache.hadoop.ozone.client.io.OzoneOutputStream.write(OzoneOutputStream.java:49)
	at java.io.OutputStream.write(OutputStream.java:75)
	at org.apache.hadoop.ozone.client.rpc.TestBlockOutputStreamWithFailures.testDatanodeFailureWithSingleNodeRatis(TestBlockOutputStreamWithFailures.java:1021)
	at sun.reflect.NativeMethodAccessorImpl.invoke0(Native Method)
	at sun.reflect.NativeMethodAccessorImpl.invoke(NativeMethodAccessorImpl.java:62)
	at sun.reflect.DelegatingMethodAccessorImpl.invoke(DelegatingMethodAccessorImpl.java:43)
	at java.lang.reflect.Method.invoke(Method.java:498)
	at org.junit.runners.model.FrameworkMethod$1.runReflectiveCall(FrameworkMethod.java:47)
	at org.junit.internal.runners.model.ReflectiveCallable.run(ReflectiveCallable.java:12)
	at org.junit.runners.model.FrameworkMethod.invokeExplosively(FrameworkMethod.java:44)
	at org.junit.internal.runners.statements.InvokeMethod.evaluate(InvokeMethod.java:17)
	at org.junit.internal.runners.statements.RunBefores.evaluate(RunBefores.java:26)
	at org.junit.internal.runners.statements.RunAfters.evaluate(RunAfters.java:27)
	at org.junit.runners.ParentRunner.runLeaf(ParentRunner.java:271)
	at org.junit.runners.BlockJUnit4ClassRunner.runChild(BlockJUnit4ClassRunner.java:70)
	at org.junit.runners.BlockJUnit4ClassRunner.runChild(BlockJUnit4ClassRunner.java:50)
	at org.junit.runners.ParentRunner$3.run(ParentRunner.java:238)
	at org.junit.runners.ParentRunner$1.schedule(ParentRunner.java:63)
	at org.junit.runners.ParentRunner.runChildren(ParentRunner.java:236)
	at org.junit.runners.ParentRunner.access$000(ParentRunner.java:53)
	at org.junit.runners.ParentRunner$2.evaluate(ParentRunner.java:229)
	at org.junit.runners.ParentRunner.run(ParentRunner.java:309)
	at org.apache.maven.surefire.junit4.JUnit4Provider.execute(JUnit4Provider.java:365)
	at org.apache.maven.surefire.junit4.JUnit4Provider.executeWithRerun(JUnit4Provider.java:273)
	at org.apache.maven.surefire.junit4.JUnit4Provider.executeTestSet(JUnit4Provider.java:238)
	at org.apache.maven.surefire.junit4.JUnit4Provider.invoke(JUnit4Provider.java:159)
	at org.apache.maven.surefire.booter.ForkedBooter.invokeProviderInSameClassLoader(ForkedBooter.java:384)
	at org.apache.maven.surefire.booter.ForkedBooter.runSuitesInProcess(ForkedBooter.java:345)
	at org.apache.maven.surefire.booter.ForkedBooter.execute(ForkedBooter.java:126)
	at org.apache.maven.surefire.booter.ForkedBooter.main(ForkedBooter.java:418)

Sep 25, 2019 10:21:15 AM org.apache.ratis.thirdparty.io.grpc.internal.ManagedChannelOrphanWrapper$ManagedChannelReference cleanQueue
SEVERE: *~*~*~ Channel ManagedChannelImpl{logId=2911, target=192.168.30.57:35650} was not shutdown properly!!! ~*~*~*
    Make sure to call shutdown()/shutdownNow() and wait until awaitTermination() returns true.
java.lang.RuntimeException: ManagedChannel allocation site
	at org.apache.ratis.thirdparty.io.grpc.internal.ManagedChannelOrphanWrapper$ManagedChannelReference.<init>(ManagedChannelOrphanWrapper.java:103)
	at org.apache.ratis.thirdparty.io.grpc.internal.ManagedChannelOrphanWrapper.<init>(ManagedChannelOrphanWrapper.java:53)
	at org.apache.ratis.thirdparty.io.grpc.internal.ManagedChannelOrphanWrapper.<init>(ManagedChannelOrphanWrapper.java:44)
	at org.apache.ratis.thirdparty.io.grpc.internal.AbstractManagedChannelImplBuilder.build(AbstractManagedChannelImplBuilder.java:411)
	at org.apache.hadoop.hdds.scm.XceiverClientGrpc.connectToDatanode(XceiverClientGrpc.java:181)
	at org.apache.hadoop.hdds.scm.XceiverClientGrpc.reconnect(XceiverClientGrpc.java:429)
	at org.apache.hadoop.hdds.scm.XceiverClientGrpc.sendCommandAsync(XceiverClientGrpc.java:378)
	at org.apache.hadoop.hdds.scm.XceiverClientGrpc.sendCommandWithRetry(XceiverClientGrpc.java:291)
	at org.apache.hadoop.hdds.scm.XceiverClientGrpc.sendCommandWithTraceIDAndRetry(XceiverClientGrpc.java:257)
	at org.apache.hadoop.hdds.scm.XceiverClientGrpc.sendCommand(XceiverClientGrpc.java:240)
	at org.apache.hadoop.hdds.scm.storage.ContainerProtocolCalls.getBlock(ContainerProtocolCalls.java:118)
	at org.apache.hadoop.hdds.scm.storage.BlockInputStream.getChunkInfos(BlockInputStream.java:167)
	at org.apache.hadoop.hdds.scm.storage.BlockInputStream.initialize(BlockInputStream.java:118)
	at org.apache.hadoop.hdds.scm.storage.BlockInputStream.read(BlockInputStream.java:222)
	at org.apache.hadoop.ozone.client.io.KeyInputStream.read(KeyInputStream.java:171)
	at org.apache.hadoop.ozone.client.io.OzoneInputStream.read(OzoneInputStream.java:47)
	at java.io.InputStream.read(InputStream.java:101)
	at org.apache.hadoop.ozone.container.ContainerTestHelper.validateData(ContainerTestHelper.java:714)
	at org.apache.hadoop.ozone.client.rpc.TestBlockOutputStreamWithFailures.validateData(TestBlockOutputStreamWithFailures.java:1216)
	at org.apache.hadoop.ozone.client.rpc.TestBlockOutputStreamWithFailures.testWatchForCommitWithSingleNodeRatis(TestBlockOutputStreamWithFailures.java:918)
	at sun.reflect.NativeMethodAccessorImpl.invoke0(Native Method)
	at sun.reflect.NativeMethodAccessorImpl.invoke(NativeMethodAccessorImpl.java:62)
	at sun.reflect.DelegatingMethodAccessorImpl.invoke(DelegatingMethodAccessorImpl.java:43)
	at java.lang.reflect.Method.invoke(Method.java:498)
	at org.junit.runners.model.FrameworkMethod$1.runReflectiveCall(FrameworkMethod.java:47)
	at org.junit.internal.runners.model.ReflectiveCallable.run(ReflectiveCallable.java:12)
	at org.junit.runners.model.FrameworkMethod.invokeExplosively(FrameworkMethod.java:44)
	at org.junit.internal.runners.statements.InvokeMethod.evaluate(InvokeMethod.java:17)
	at org.junit.internal.runners.statements.RunBefores.evaluate(RunBefores.java:26)
	at org.junit.internal.runners.statements.RunAfters.evaluate(RunAfters.java:27)
	at org.junit.runners.ParentRunner.runLeaf(ParentRunner.java:271)
	at org.junit.runners.BlockJUnit4ClassRunner.runChild(BlockJUnit4ClassRunner.java:70)
	at org.junit.runners.BlockJUnit4ClassRunner.runChild(BlockJUnit4ClassRunner.java:50)
	at org.junit.runners.ParentRunner$3.run(ParentRunner.java:238)
	at org.junit.runners.ParentRunner$1.schedule(ParentRunner.java:63)
	at org.junit.runners.ParentRunner.runChildren(ParentRunner.java:236)
	at org.junit.runners.ParentRunner.access$000(ParentRunner.java:53)
	at org.junit.runners.ParentRunner$2.evaluate(ParentRunner.java:229)
	at org.junit.runners.ParentRunner.run(ParentRunner.java:309)
	at org.apache.maven.surefire.junit4.JUnit4Provider.execute(JUnit4Provider.java:365)
	at org.apache.maven.surefire.junit4.JUnit4Provider.executeWithRerun(JUnit4Provider.java:273)
	at org.apache.maven.surefire.junit4.JUnit4Provider.executeTestSet(JUnit4Provider.java:238)
	at org.apache.maven.surefire.junit4.JUnit4Provider.invoke(JUnit4Provider.java:159)
	at org.apache.maven.surefire.booter.ForkedBooter.invokeProviderInSameClassLoader(ForkedBooter.java:384)
	at org.apache.maven.surefire.booter.ForkedBooter.runSuitesInProcess(ForkedBooter.java:345)
	at org.apache.maven.surefire.booter.ForkedBooter.execute(ForkedBooter.java:126)
	at org.apache.maven.surefire.booter.ForkedBooter.main(ForkedBooter.java:418)

Sep 25, 2019 10:21:15 AM org.apache.ratis.thirdparty.io.grpc.internal.ManagedChannelOrphanWrapper$ManagedChannelReference cleanQueue
SEVERE: *~*~*~ Channel ManagedChannelImpl{logId=2712, target=192.168.30.57:38225} was not shutdown properly!!! ~*~*~*
    Make sure to call shutdown()/shutdownNow() and wait until awaitTermination() returns true.
java.lang.RuntimeException: ManagedChannel allocation site
	at org.apache.ratis.thirdparty.io.grpc.internal.ManagedChannelOrphanWrapper$ManagedChannelReference.<init>(ManagedChannelOrphanWrapper.java:103)
	at org.apache.ratis.thirdparty.io.grpc.internal.ManagedChannelOrphanWrapper.<init>(ManagedChannelOrphanWrapper.java:53)
	at org.apache.ratis.thirdparty.io.grpc.internal.ManagedChannelOrphanWrapper.<init>(ManagedChannelOrphanWrapper.java:44)
	at org.apache.ratis.thirdparty.io.grpc.internal.AbstractManagedChannelImplBuilder.build(AbstractManagedChannelImplBuilder.java:411)
	at org.apache.hadoop.hdds.scm.XceiverClientGrpc.connectToDatanode(XceiverClientGrpc.java:181)
	at org.apache.hadoop.hdds.scm.XceiverClientGrpc.reconnect(XceiverClientGrpc.java:429)
	at org.apache.hadoop.hdds.scm.XceiverClientGrpc.sendCommandAsync(XceiverClientGrpc.java:378)
	at org.apache.hadoop.hdds.scm.XceiverClientGrpc.sendCommandWithRetry(XceiverClientGrpc.java:291)
	at org.apache.hadoop.hdds.scm.XceiverClientGrpc.sendCommandWithTraceIDAndRetry(XceiverClientGrpc.java:257)
	at org.apache.hadoop.hdds.scm.XceiverClientGrpc.sendCommand(XceiverClientGrpc.java:240)
	at org.apache.hadoop.hdds.scm.storage.ContainerProtocolCalls.getBlock(ContainerProtocolCalls.java:118)
	at org.apache.hadoop.hdds.scm.storage.BlockInputStream.getChunkInfos(BlockInputStream.java:167)
	at org.apache.hadoop.hdds.scm.storage.BlockInputStream.initialize(BlockInputStream.java:118)
	at org.apache.hadoop.hdds.scm.storage.BlockInputStream.read(BlockInputStream.java:222)
	at org.apache.hadoop.ozone.client.io.KeyInputStream.read(KeyInputStream.java:171)
	at org.apache.hadoop.ozone.client.io.OzoneInputStream.read(OzoneInputStream.java:47)
	at java.io.InputStream.read(InputStream.java:101)
	at org.apache.hadoop.ozone.container.ContainerTestHelper.validateData(ContainerTestHelper.java:714)
	at org.apache.hadoop.ozone.client.rpc.TestBlockOutputStreamWithFailures.validateData(TestBlockOutputStreamWithFailures.java:1216)
	at org.apache.hadoop.ozone.client.rpc.TestBlockOutputStreamWithFailures.testDatanodeFailureWithSingleNodeRatis(TestBlockOutputStreamWithFailures.java:1058)
	at sun.reflect.NativeMethodAccessorImpl.invoke0(Native Method)
	at sun.reflect.NativeMethodAccessorImpl.invoke(NativeMethodAccessorImpl.java:62)
	at sun.reflect.DelegatingMethodAccessorImpl.invoke(DelegatingMethodAccessorImpl.java:43)
	at java.lang.reflect.Method.invoke(Method.java:498)
	at org.junit.runners.model.FrameworkMethod$1.runReflectiveCall(FrameworkMethod.java:47)
	at org.junit.internal.runners.model.ReflectiveCallable.run(ReflectiveCallable.java:12)
	at org.junit.runners.model.FrameworkMethod.invokeExplosively(FrameworkMethod.java:44)
	at org.junit.internal.runners.statements.InvokeMethod.evaluate(InvokeMethod.java:17)
	at org.junit.internal.runners.statements.RunBefores.evaluate(RunBefores.java:26)
	at org.junit.internal.runners.statements.RunAfters.evaluate(RunAfters.java:27)
	at org.junit.runners.ParentRunner.runLeaf(ParentRunner.java:271)
	at org.junit.runners.BlockJUnit4ClassRunner.runChild(BlockJUnit4ClassRunner.java:70)
	at org.junit.runners.BlockJUnit4ClassRunner.runChild(BlockJUnit4ClassRunner.java:50)
	at org.junit.runners.ParentRunner$3.run(ParentRunner.java:238)
	at org.junit.runners.ParentRunner$1.schedule(ParentRunner.java:63)
	at org.junit.runners.ParentRunner.runChildren(ParentRunner.java:236)
	at org.junit.runners.ParentRunner.access$000(ParentRunner.java:53)
	at org.junit.runners.ParentRunner$2.evaluate(ParentRunner.java:229)
	at org.junit.runners.ParentRunner.run(ParentRunner.java:309)
	at org.apache.maven.surefire.junit4.JUnit4Provider.execute(JUnit4Provider.java:365)
	at org.apache.maven.surefire.junit4.JUnit4Provider.executeWithRerun(JUnit4Provider.java:273)
	at org.apache.maven.surefire.junit4.JUnit4Provider.executeTestSet(JUnit4Provider.java:238)
	at org.apache.maven.surefire.junit4.JUnit4Provider.invoke(JUnit4Provider.java:159)
	at org.apache.maven.surefire.booter.ForkedBooter.invokeProviderInSameClassLoader(ForkedBooter.java:384)
	at org.apache.maven.surefire.booter.ForkedBooter.runSuitesInProcess(ForkedBooter.java:345)
	at org.apache.maven.surefire.booter.ForkedBooter.execute(ForkedBooter.java:126)
	at org.apache.maven.surefire.booter.ForkedBooter.main(ForkedBooter.java:418)

Sep 25, 2019 10:21:15 AM org.apache.ratis.thirdparty.io.grpc.internal.ManagedChannelOrphanWrapper$ManagedChannelReference cleanQueue
SEVERE: *~*~*~ Channel ManagedChannelImpl{logId=2707, target=192.168.30.57:45044} was not shutdown properly!!! ~*~*~*
    Make sure to call shutdown()/shutdownNow() and wait until awaitTermination() returns true.
java.lang.RuntimeException: ManagedChannel allocation site
	at org.apache.ratis.thirdparty.io.grpc.internal.ManagedChannelOrphanWrapper$ManagedChannelReference.<init>(ManagedChannelOrphanWrapper.java:103)
	at org.apache.ratis.thirdparty.io.grpc.internal.ManagedChannelOrphanWrapper.<init>(ManagedChannelOrphanWrapper.java:53)
	at org.apache.ratis.thirdparty.io.grpc.internal.ManagedChannelOrphanWrapper.<init>(ManagedChannelOrphanWrapper.java:44)
	at org.apache.ratis.thirdparty.io.grpc.internal.AbstractManagedChannelImplBuilder.build(AbstractManagedChannelImplBuilder.java:411)
	at org.apache.hadoop.hdds.scm.XceiverClientGrpc.connectToDatanode(XceiverClientGrpc.java:181)
	at org.apache.hadoop.hdds.scm.XceiverClientGrpc.reconnect(XceiverClientGrpc.java:429)
	at org.apache.hadoop.hdds.scm.XceiverClientGrpc.sendCommandAsync(XceiverClientGrpc.java:378)
	at org.apache.hadoop.hdds.scm.XceiverClientGrpc.sendCommandWithRetry(XceiverClientGrpc.java:291)
	at org.apache.hadoop.hdds.scm.XceiverClientGrpc.sendCommandWithTraceIDAndRetry(XceiverClientGrpc.java:257)
	at org.apache.hadoop.hdds.scm.XceiverClientGrpc.sendCommand(XceiverClientGrpc.java:240)
	at org.apache.hadoop.hdds.scm.storage.ContainerProtocolCalls.getBlock(ContainerProtocolCalls.java:118)
	at org.apache.hadoop.hdds.scm.storage.BlockInputStream.getChunkInfos(BlockInputStream.java:167)
	at org.apache.hadoop.hdds.scm.storage.BlockInputStream.initialize(BlockInputStream.java:118)
	at org.apache.hadoop.hdds.scm.storage.BlockInputStream.read(BlockInputStream.java:222)
	at org.apache.hadoop.ozone.client.io.KeyInputStream.read(KeyInputStream.java:171)
	at org.apache.hadoop.ozone.client.io.OzoneInputStream.read(OzoneInputStream.java:47)
	at java.io.InputStream.read(InputStream.java:101)
	at org.apache.hadoop.ozone.container.ContainerTestHelper.validateData(ContainerTestHelper.java:714)
	at org.apache.hadoop.ozone.client.rpc.TestBlockOutputStreamWithFailures.validateData(TestBlockOutputStreamWithFailures.java:1216)
	at org.apache.hadoop.ozone.client.rpc.TestBlockOutputStreamWithFailures.testDatanodeFailureWithSingleNodeRatis(TestBlockOutputStreamWithFailures.java:1058)
	at sun.reflect.NativeMethodAccessorImpl.invoke0(Native Method)
	at sun.reflect.NativeMethodAccessorImpl.invoke(NativeMethodAccessorImpl.java:62)
	at sun.reflect.DelegatingMethodAccessorImpl.invoke(DelegatingMethodAccessorImpl.java:43)
	at java.lang.reflect.Method.invoke(Method.java:498)
	at org.junit.runners.model.FrameworkMethod$1.runReflectiveCall(FrameworkMethod.java:47)
	at org.junit.internal.runners.model.ReflectiveCallable.run(ReflectiveCallable.java:12)
	at org.junit.runners.model.FrameworkMethod.invokeExplosively(FrameworkMethod.java:44)
	at org.junit.internal.runners.statements.InvokeMethod.evaluate(InvokeMethod.java:17)
	at org.junit.internal.runners.statements.RunBefores.evaluate(RunBefores.java:26)
	at org.junit.internal.runners.statements.RunAfters.evaluate(RunAfters.java:27)
	at org.junit.runners.ParentRunner.runLeaf(ParentRunner.java:271)
	at org.junit.runners.BlockJUnit4ClassRunner.runChild(BlockJUnit4ClassRunner.java:70)
	at org.junit.runners.BlockJUnit4ClassRunner.runChild(BlockJUnit4ClassRunner.java:50)
	at org.junit.runners.ParentRunner$3.run(ParentRunner.java:238)
	at org.junit.runners.ParentRunner$1.schedule(ParentRunner.java:63)
	at org.junit.runners.ParentRunner.runChildren(ParentRunner.java:236)
	at org.junit.runners.ParentRunner.access$000(ParentRunner.java:53)
	at org.junit.runners.ParentRunner$2.evaluate(ParentRunner.java:229)
	at org.junit.runners.ParentRunner.run(ParentRunner.java:309)
	at org.apache.maven.surefire.junit4.JUnit4Provider.execute(JUnit4Provider.java:365)
	at org.apache.maven.surefire.junit4.JUnit4Provider.executeWithRerun(JUnit4Provider.java:273)
	at org.apache.maven.surefire.junit4.JUnit4Provider.executeTestSet(JUnit4Provider.java:238)
	at org.apache.maven.surefire.junit4.JUnit4Provider.invoke(JUnit4Provider.java:159)
	at org.apache.maven.surefire.booter.ForkedBooter.invokeProviderInSameClassLoader(ForkedBooter.java:384)
	at org.apache.maven.surefire.booter.ForkedBooter.runSuitesInProcess(ForkedBooter.java:345)
	at org.apache.maven.surefire.booter.ForkedBooter.execute(ForkedBooter.java:126)
	at org.apache.maven.surefire.booter.ForkedBooter.main(ForkedBooter.java:418)

Sep 25, 2019 10:21:28 AM org.apache.ratis.thirdparty.io.grpc.internal.SerializingExecutor run
SEVERE: Exception while executing runnable org.apache.ratis.thirdparty.io.grpc.internal.ServerImpl$JumpToApplicationThreadServerStreamListener$1Closed@5482270a
org.apache.ratis.thirdparty.io.grpc.StatusRuntimeException: CANCELLED: call already cancelled
	at org.apache.ratis.thirdparty.io.grpc.Status.asRuntimeException(Status.java:517)
	at org.apache.ratis.thirdparty.io.grpc.stub.ServerCalls$ServerCallStreamObserverImpl.onCompleted(ServerCalls.java:356)
	at org.apache.ratis.grpc.server.GrpcServerProtocolService$ServerRequestStreamObserver.onError(GrpcServerProtocolService.java:121)
	at org.apache.ratis.thirdparty.io.grpc.stub.ServerCalls$StreamingServerCallHandler$StreamingServerCallListener.onCancel(ServerCalls.java:269)
	at org.apache.ratis.thirdparty.io.grpc.internal.ServerCallImpl$ServerStreamListenerImpl.closed(ServerCallImpl.java:293)
	at org.apache.ratis.thirdparty.io.grpc.internal.ServerImpl$JumpToApplicationThreadServerStreamListener$1Closed.runInContext(ServerImpl.java:741)
	at org.apache.ratis.thirdparty.io.grpc.internal.ContextRunnable.run(ContextRunnable.java:37)
	at org.apache.ratis.thirdparty.io.grpc.internal.SerializingExecutor.run(SerializingExecutor.java:123)
	at java.util.concurrent.ThreadPoolExecutor.runWorker(ThreadPoolExecutor.java:1149)
	at java.util.concurrent.ThreadPoolExecutor$Worker.run(ThreadPoolExecutor.java:624)
	at java.lang.Thread.run(Thread.java:748)

Sep 25, 2019 10:21:28 AM org.apache.ratis.thirdparty.io.grpc.internal.SerializingExecutor run
SEVERE: Exception while executing runnable org.apache.ratis.thirdparty.io.grpc.internal.ServerImpl$JumpToApplicationThreadServerStreamListener$1Closed@75e1d4de
org.apache.ratis.thirdparty.io.grpc.StatusRuntimeException: CANCELLED: call already cancelled
	at org.apache.ratis.thirdparty.io.grpc.Status.asRuntimeException(Status.java:517)
	at org.apache.ratis.thirdparty.io.grpc.stub.ServerCalls$ServerCallStreamObserverImpl.onCompleted(ServerCalls.java:356)
	at org.apache.ratis.grpc.server.GrpcServerProtocolService$ServerRequestStreamObserver.onError(GrpcServerProtocolService.java:121)
	at org.apache.ratis.thirdparty.io.grpc.stub.ServerCalls$StreamingServerCallHandler$StreamingServerCallListener.onCancel(ServerCalls.java:269)
	at org.apache.ratis.thirdparty.io.grpc.internal.ServerCallImpl$ServerStreamListenerImpl.closed(ServerCallImpl.java:293)
	at org.apache.ratis.thirdparty.io.grpc.internal.ServerImpl$JumpToApplicationThreadServerStreamListener$1Closed.runInContext(ServerImpl.java:741)
	at org.apache.ratis.thirdparty.io.grpc.internal.ContextRunnable.run(ContextRunnable.java:37)
	at org.apache.ratis.thirdparty.io.grpc.internal.SerializingExecutor.run(SerializingExecutor.java:123)
	at java.util.concurrent.ThreadPoolExecutor.runWorker(ThreadPoolExecutor.java:1149)
	at java.util.concurrent.ThreadPoolExecutor$Worker.run(ThreadPoolExecutor.java:624)
	at java.lang.Thread.run(Thread.java:748)

Sep 25, 2019 10:21:33 AM org.apache.ratis.thirdparty.io.grpc.internal.SerializingExecutor run
SEVERE: Exception while executing runnable org.apache.ratis.thirdparty.io.grpc.internal.ServerImpl$JumpToApplicationThreadServerStreamListener$1Closed@1d276533
org.apache.ratis.thirdparty.io.grpc.StatusRuntimeException: CANCELLED: call already cancelled
	at org.apache.ratis.thirdparty.io.grpc.Status.asRuntimeException(Status.java:517)
	at org.apache.ratis.thirdparty.io.grpc.stub.ServerCalls$ServerCallStreamObserverImpl.onCompleted(ServerCalls.java:356)
	at org.apache.ratis.grpc.server.GrpcServerProtocolService$ServerRequestStreamObserver.onError(GrpcServerProtocolService.java:121)
	at org.apache.ratis.thirdparty.io.grpc.stub.ServerCalls$StreamingServerCallHandler$StreamingServerCallListener.onCancel(ServerCalls.java:269)
	at org.apache.ratis.thirdparty.io.grpc.internal.ServerCallImpl$ServerStreamListenerImpl.closed(ServerCallImpl.java:293)
	at org.apache.ratis.thirdparty.io.grpc.internal.ServerImpl$JumpToApplicationThreadServerStreamListener$1Closed.runInContext(ServerImpl.java:741)
	at org.apache.ratis.thirdparty.io.grpc.internal.ContextRunnable.run(ContextRunnable.java:37)
	at org.apache.ratis.thirdparty.io.grpc.internal.SerializingExecutor.run(SerializingExecutor.java:123)
	at java.util.concurrent.ThreadPoolExecutor.runWorker(ThreadPoolExecutor.java:1149)
	at java.util.concurrent.ThreadPoolExecutor$Worker.run(ThreadPoolExecutor.java:624)
	at java.lang.Thread.run(Thread.java:748)

]]></system-err>
  </testcase>
  <testcase name="testFailureWithPrimeSizedData" classname="org.apache.hadoop.ozone.client.rpc.TestBlockOutputStreamWithFailures" time="33.104"/>
  <testcase name="testWatchForCommitWithCloseContainerException" classname="org.apache.hadoop.ozone.client.rpc.TestBlockOutputStreamWithFailures" time="49.504"/>
  <testcase name="testExceptionDuringClose" classname="org.apache.hadoop.ozone.client.rpc.TestBlockOutputStreamWithFailures" time="34.949"/>
</testsuite>