<?xml version="1.0" encoding="UTF-8"?>
<testsuite xmlns:xsi="http://www.w3.org/2001/XMLSchema-instance" xsi:noNamespaceSchemaLocation="https://maven.apache.org/surefire/maven-surefire-plugin/xsd/surefire-test-report.xsd" name="org.apache.hadoop.ozone.client.rpc.TestWatchForCommit" time="271.134" tests="5" errors="1" skipped="0" failures="0">
  <properties>
    <property name="awt.toolkit" value="sun.awt.X11.XToolkit"/>
    <property name="file.encoding.pkg" value="sun.io"/>
    <property name="java.specification.version" value="1.8"/>
    <property name="sun.cpu.isalist" value=""/>
    <property name="sun.jnu.encoding" value="UTF-8"/>
    <property name="java.class.path" value="/workdir/hadoop-ozone/integration-test/target/test-classes:/workdir/hadoop-ozone/integration-test/target/classes:/home/user/.m2/repository/org/apache/hadoop/hadoop-ozone-common/0.5.0-SNAPSHOT/hadoop-ozone-common-0.5.0-SNAPSHOT.jar:/home/user/.m2/repository/org/apache/commons/commons-compress/1.4.1/commons-compress-1.4.1.jar:/home/user/.m2/repository/org/tukaani/xz/1.0/xz-1.0.jar:/home/user/.m2/repository/org/apache/hadoop/hadoop-common/3.2.0/hadoop-common-3.2.0.jar:/home/user/.m2/repository/org/apache/hadoop/hadoop-hdfs/3.2.0/hadoop-hdfs-3.2.0.jar:/home/user/.m2/repository/org/apache/hadoop/hadoop-hdfs-client/3.2.0/hadoop-hdfs-client-3.2.0.jar:/home/user/.m2/repository/com/fasterxml/jackson/core/jackson-annotations/2.9.5/jackson-annotations-2.9.5.jar:/home/user/.m2/repository/org/apache/hadoop/hadoop-hdds-common/0.5.0-SNAPSHOT/hadoop-hdds-common-0.5.0-SNAPSHOT.jar:/home/user/.m2/repository/javax/annotation/javax.annotation-api/1.2/javax.annotation-api-1.2.jar:/home/user/.m2/repository/org/apache/ratis/ratis-server/0.4.0-2337318-SNAPSHOT/ratis-server-0.4.0-2337318-SNAPSHOT.jar:/home/user/.m2/repository/org/apache/ratis/ratis-thirdparty-misc/0.2.0/ratis-thirdparty-misc-0.2.0.jar:/home/user/.m2/repository/org/apache/ratis/ratis-proto/0.4.0-2337318-SNAPSHOT/ratis-proto-0.4.0-2337318-SNAPSHOT.jar:/home/user/.m2/repository/org/apache/ratis/ratis-common/0.4.0-2337318-SNAPSHOT/ratis-common-0.4.0-2337318-SNAPSHOT.jar:/home/user/.m2/repository/org/apache/ratis/ratis-client/0.4.0-2337318-SNAPSHOT/ratis-client-0.4.0-2337318-SNAPSHOT.jar:/home/user/.m2/repository/org/apache/ratis/ratis-metrics/0.4.0-2337318-SNAPSHOT/ratis-metrics-0.4.0-2337318-SNAPSHOT.jar:/home/user/.m2/repository/org/apache/ratis/ratis-netty/0.4.0-2337318-SNAPSHOT/ratis-netty-0.4.0-2337318-SNAPSHOT.jar:/home/user/.m2/repository/org/apache/ratis/ratis-grpc/0.4.0-2337318-SNAPSHOT/ratis-grpc-0.4.0-2337318-SNAPSHOT.jar:/home/user/.m2/repository/org/rocksdb/rocksdbjni/6.0.1/rocksdbjni-6.0.1.jar:/home/user/.m2/repository/org/apache/logging/log4j/log4j-api/2.11.0/log4j-api-2.11.0.jar:/home/user/.m2/repository/org/apache/logging/log4j/log4j-core/2.11.0/log4j-core-2.11.0.jar:/home/user/.m2/repository/com/lmax/disruptor/3.4.2/disruptor-3.4.2.jar:/home/user/.m2/repository/org/apache/commons/commons-pool2/2.6.0/commons-pool2-2.6.0.jar:/home/user/.m2/repository/org/bouncycastle/bcpkix-jdk15on/1.60/bcpkix-jdk15on-1.60.jar:/home/user/.m2/repository/commons-validator/commons-validator/1.6/commons-validator-1.6.jar:/home/user/.m2/repository/commons-digester/commons-digester/1.8.1/commons-digester-1.8.1.jar:/home/user/.m2/repository/io/jaegertracing/jaeger-client/0.33.1/jaeger-client-0.33.1.jar:/home/user/.m2/repository/io/jaegertracing/jaeger-thrift/0.33.1/jaeger-thrift-0.33.1.jar:/home/user/.m2/repository/org/apache/thrift/libthrift/0.11.0/libthrift-0.11.0.jar:/home/user/.m2/repository/com/squareup/okhttp3/okhttp/3.9.0/okhttp-3.9.0.jar:/home/user/.m2/repository/com/squareup/okio/okio/1.13.0/okio-1.13.0.jar:/home/user/.m2/repository/io/jaegertracing/jaeger-core/0.33.1/jaeger-core-0.33.1.jar:/home/user/.m2/repository/io/jaegertracing/jaeger-tracerresolver/0.33.1/jaeger-tracerresolver-0.33.1.jar:/home/user/.m2/repository/io/opentracing/contrib/opentracing-tracerresolver/0.1.5/opentracing-tracerresolver-0.1.5.jar:/home/user/.m2/repository/io/opentracing/opentracing-util/0.31.0/opentracing-util-0.31.0.jar:/home/user/.m2/repository/io/opentracing/opentracing-api/0.31.0/opentracing-api-0.31.0.jar:/home/user/.m2/repository/io/opentracing/opentracing-noop/0.31.0/opentracing-noop-0.31.0.jar:/home/user/.m2/repository/org/apache/hadoop/hadoop-hdds-server-framework/0.5.0-SNAPSHOT/hadoop-hdds-server-framework-0.5.0-SNAPSHOT.jar:/home/user/.m2/repository/org/apache/hadoop/hadoop-hdds-container-service/0.5.0-SNAPSHOT/hadoop-hdds-container-service-0.5.0-SNAPSHOT.jar:/home/user/.m2/repository/org/apache/hadoop/hadoop-hdds-client/0.5.0-SNAPSHOT/hadoop-hdds-client-0.5.0-SNAPSHOT.jar:/home/user/.m2/repository/org/apache/hadoop/hadoop-hdds-tools/0.5.0-SNAPSHOT/hadoop-hdds-tools-0.5.0-SNAPSHOT.jar:/home/user/.m2/repository/org/apache/hadoop/hadoop-hdds-server-scm/0.5.0-SNAPSHOT/hadoop-hdds-server-scm-0.5.0-SNAPSHOT.jar:/home/user/.m2/repository/org/apache/hadoop/hadoop-hdds-docs/0.5.0-SNAPSHOT/hadoop-hdds-docs-0.5.0-SNAPSHOT.jar:/home/user/.m2/repository/com/sun/xml/bind/jaxb-impl/2.3.0.1/jaxb-impl-2.3.0.1.jar:/home/user/.m2/repository/com/sun/xml/bind/jaxb-core/2.3.0.1/jaxb-core-2.3.0.1.jar:/home/user/.m2/repository/javax/xml/bind/jaxb-api/2.3.0/jaxb-api-2.3.0.jar:/home/user/.m2/repository/javax/activation/activation/1.1.1/activation-1.1.1.jar:/home/user/.m2/repository/io/dropwizard/metrics/metrics-core/3.2.4/metrics-core-3.2.4.jar:/home/user/.m2/repository/org/hamcrest/hamcrest-all/1.3/hamcrest-all-1.3.jar:/home/user/.m2/repository/org/bouncycastle/bcprov-jdk15on/1.60/bcprov-jdk15on-1.60.jar:/home/user/.m2/repository/info/picocli/picocli/3.9.6/picocli-3.9.6.jar:/home/user/.m2/repository/com/google/protobuf/protobuf-java/2.5.0/protobuf-java-2.5.0.jar:/home/user/.m2/repository/com/google/guava/guava/11.0.2/guava-11.0.2.jar:/home/user/.m2/repository/org/apache/hadoop/hadoop-ozone-ozone-manager/0.5.0-SNAPSHOT/hadoop-ozone-ozone-manager-0.5.0-SNAPSHOT.jar:/home/user/.m2/repository/org/apache/hadoop/hadoop-minikdc/3.2.0/hadoop-minikdc-3.2.0.jar:/home/user/.m2/repository/commons-io/commons-io/2.5/commons-io-2.5.jar:/home/user/.m2/repository/org/apache/kerby/kerb-simplekdc/1.0.1/kerb-simplekdc-1.0.1.jar:/home/user/.m2/repository/org/apache/kerby/kerb-client/1.0.1/kerb-client-1.0.1.jar:/home/user/.m2/repository/org/apache/kerby/kerby-config/1.0.1/kerby-config-1.0.1.jar:/home/user/.m2/repository/org/apache/kerby/kerb-core/1.0.1/kerb-core-1.0.1.jar:/home/user/.m2/repository/org/apache/kerby/kerby-pkix/1.0.1/kerby-pkix-1.0.1.jar:/home/user/.m2/repository/org/apache/kerby/kerby-asn1/1.0.1/kerby-asn1-1.0.1.jar:/home/user/.m2/repository/org/apache/kerby/kerby-util/1.0.1/kerby-util-1.0.1.jar:/home/user/.m2/repository/org/apache/kerby/kerb-common/1.0.1/kerb-common-1.0.1.jar:/home/user/.m2/repository/org/apache/kerby/kerb-crypto/1.0.1/kerb-crypto-1.0.1.jar:/home/user/.m2/repository/org/apache/kerby/kerb-util/1.0.1/kerb-util-1.0.1.jar:/home/user/.m2/repository/org/apache/kerby/token-provider/1.0.1/token-provider-1.0.1.jar:/home/user/.m2/repository/org/apache/kerby/kerb-admin/1.0.1/kerb-admin-1.0.1.jar:/home/user/.m2/repository/org/apache/kerby/kerb-server/1.0.1/kerb-server-1.0.1.jar:/home/user/.m2/repository/org/apache/kerby/kerb-identity/1.0.1/kerb-identity-1.0.1.jar:/home/user/.m2/repository/org/apache/kerby/kerby-xdr/1.0.1/kerby-xdr-1.0.1.jar:/home/user/.m2/repository/org/slf4j/slf4j-log4j12/1.7.25/slf4j-log4j12-1.7.25.jar:/home/user/.m2/repository/org/apache/hadoop/hadoop-ozone-s3gateway/0.5.0-SNAPSHOT/hadoop-ozone-s3gateway-0.5.0-SNAPSHOT.jar:/home/user/.m2/repository/org/jboss/weld/servlet/weld-servlet/2.4.7.Final/weld-servlet-2.4.7.Final.jar:/home/user/.m2/repository/org/glassfish/jersey/containers/jersey-container-servlet-core/2.27/jersey-container-servlet-core-2.27.jar:/home/user/.m2/repository/org/glassfish/hk2/external/javax.inject/2.5.0-b42/javax.inject-2.5.0-b42.jar:/home/user/.m2/repository/org/glassfish/jersey/core/jersey-common/2.27/jersey-common-2.27.jar:/home/user/.m2/repository/org/glassfish/hk2/osgi-resource-locator/1.0.1/osgi-resource-locator-1.0.1.jar:/home/user/.m2/repository/javax/ws/rs/javax.ws.rs-api/2.1/javax.ws.rs-api-2.1.jar:/home/user/.m2/repository/org/glassfish/jersey/ext/cdi/jersey-cdi1x/2.27/jersey-cdi1x-2.27.jar:/home/user/.m2/repository/org/glassfish/jersey/inject/jersey-hk2/2.27/jersey-hk2-2.27.jar:/home/user/.m2/repository/org/glassfish/hk2/hk2-locator/2.5.0-b42/hk2-locator-2.5.0-b42.jar:/home/user/.m2/repository/org/javassist/javassist/3.22.0-CR2/javassist-3.22.0-CR2.jar:/home/user/.m2/repository/org/glassfish/hk2/hk2-api/2.5.0/hk2-api-2.5.0.jar:/home/user/.m2/repository/org/glassfish/hk2/external/jakarta.inject/2.5.0/jakarta.inject-2.5.0.jar:/home/user/.m2/repository/org/glassfish/hk2/hk2-utils/2.5.0/hk2-utils-2.5.0.jar:/home/user/.m2/repository/jakarta/annotation/jakarta.annotation-api/1.3.4/jakarta.annotation-api-1.3.4.jar:/home/user/.m2/repository/org/glassfish/hk2/external/aopalliance-repackaged/2.5.0/aopalliance-repackaged-2.5.0.jar:/home/user/.m2/repository/com/fasterxml/jackson/dataformat/jackson-dataformat-xml/2.9.0/jackson-dataformat-xml-2.9.0.jar:/home/user/.m2/repository/com/fasterxml/jackson/core/jackson-core/2.9.5/jackson-core-2.9.5.jar:/home/user/.m2/repository/com/fasterxml/jackson/module/jackson-module-jaxb-annotations/2.9.5/jackson-module-jaxb-annotations-2.9.5.jar:/home/user/.m2/repository/javax/enterprise/cdi-api/1.2/cdi-api-1.2.jar:/home/user/.m2/repository/javax/el/javax.el-api/3.0.0/javax.el-api-3.0.0.jar:/home/user/.m2/repository/javax/interceptor/javax.interceptor-api/1.2/javax.interceptor-api-1.2.jar:/home/user/.m2/repository/javax/inject/javax.inject/1/javax.inject-1.jar:/home/user/.m2/repository/org/apache/hadoop/hadoop-ozone-csi/0.5.0-SNAPSHOT/hadoop-ozone-csi-0.5.0-SNAPSHOT.jar:/home/user/.m2/repository/com/google/protobuf/protobuf-java-util/3.5.1/protobuf-java-util-3.5.1.jar:/home/user/.m2/repository/org/apache/hadoop/hadoop-hdds-config/0.5.0-SNAPSHOT/hadoop-hdds-config-0.5.0-SNAPSHOT.jar:/home/user/.m2/repository/io/grpc/grpc-netty/1.17.1/grpc-netty-1.17.1.jar:/home/user/.m2/repository/io/grpc/grpc-core/1.17.1/grpc-core-1.17.1.jar:/home/user/.m2/repository/io/grpc/grpc-context/1.17.1/grpc-context-1.17.1.jar:/home/user/.m2/repository/com/google/errorprone/error_prone_annotations/2.2.0/error_prone_annotations-2.2.0.jar:/home/user/.m2/repository/org/codehaus/mojo/animal-sniffer-annotations/1.17/animal-sniffer-annotations-1.17.jar:/home/user/.m2/repository/io/opencensus/opencensus-api/0.17.0/opencensus-api-0.17.0.jar:/home/user/.m2/repository/io/opencensus/opencensus-contrib-grpc-metrics/0.17.0/opencensus-contrib-grpc-metrics-0.17.0.jar:/home/user/.m2/repository/io/netty/netty-codec-http2/4.1.30.Final/netty-codec-http2-4.1.30.Final.jar:/home/user/.m2/repository/io/netty/netty-codec-http/4.1.30.Final/netty-codec-http-4.1.30.Final.jar:/home/user/.m2/repository/io/netty/netty-codec/4.1.30.Final/netty-codec-4.1.30.Final.jar:/home/user/.m2/repository/io/netty/netty-handler/4.1.30.Final/netty-handler-4.1.30.Final.jar:/home/user/.m2/repository/io/netty/netty-handler-proxy/4.1.30.Final/netty-handler-proxy-4.1.30.Final.jar:/home/user/.m2/repository/io/netty/netty-codec-socks/4.1.30.Final/netty-codec-socks-4.1.30.Final.jar:/home/user/.m2/repository/io/netty/netty-transport-native-epoll/4.1.30.Final/netty-transport-native-epoll-4.1.30.Final.jar:/home/user/.m2/repository/io/netty/netty-common/4.1.30.Final/netty-common-4.1.30.Final.jar:/home/user/.m2/repository/io/netty/netty-buffer/4.1.30.Final/netty-buffer-4.1.30.Final.jar:/home/user/.m2/repository/io/netty/netty-transport/4.1.30.Final/netty-transport-4.1.30.Final.jar:/home/user/.m2/repository/io/netty/netty-resolver/4.1.30.Final/netty-resolver-4.1.30.Final.jar:/home/user/.m2/repository/io/netty/netty-transport-native-unix-common/4.1.30.Final/netty-transport-native-unix-common-4.1.30.Final.jar:/home/user/.m2/repository/io/grpc/grpc-protobuf/1.17.1/grpc-protobuf-1.17.1.jar:/home/user/.m2/repository/com/google/api/grpc/proto-google-common-protos/1.0.0/proto-google-common-protos-1.0.0.jar:/home/user/.m2/repository/io/grpc/grpc-protobuf-lite/1.17.1/grpc-protobuf-lite-1.17.1.jar:/home/user/.m2/repository/io/grpc/grpc-stub/1.17.1/grpc-stub-1.17.1.jar:/home/user/.m2/repository/org/apache/hadoop/hadoop-ozone-recon/0.5.0-SNAPSHOT/hadoop-ozone-recon-0.5.0-SNAPSHOT.jar:/home/user/.m2/repository/org/apache/hadoop/hadoop-ozone-reconcodegen/0.5.0-SNAPSHOT/hadoop-ozone-reconcodegen-0.5.0-SNAPSHOT.jar:/home/user/.m2/repository/com/google/inject/extensions/guice-multibindings/4.0/guice-multibindings-4.0.jar:/home/user/.m2/repository/com/google/inject/guice/4.0/guice-4.0.jar:/home/user/.m2/repository/aopalliance/aopalliance/1.0/aopalliance-1.0.jar:/home/user/.m2/repository/com/google/inject/extensions/guice-servlet/4.0/guice-servlet-4.0.jar:/home/user/.m2/repository/org/glassfish/jersey/containers/jersey-container-servlet/2.27/jersey-container-servlet-2.27.jar:/home/user/.m2/repository/org/glassfish/hk2/guice-bridge/2.5.0/guice-bridge-2.5.0.jar:/home/user/.m2/repository/org/glassfish/jersey/core/jersey-server/2.27/jersey-server-2.27.jar:/home/user/.m2/repository/org/glassfish/jersey/core/jersey-client/2.27/jersey-client-2.27.jar:/home/user/.m2/repository/org/glassfish/jersey/media/jersey-media-jaxb/2.27/jersey-media-jaxb-2.27.jar:/home/user/.m2/repository/javax/validation/validation-api/1.1.0.Final/validation-api-1.1.0.Final.jar:/home/user/.m2/repository/org/glassfish/jersey/media/jersey-media-json-jackson/2.27/jersey-media-json-jackson-2.27.jar:/home/user/.m2/repository/org/glassfish/jersey/ext/jersey-entity-filtering/2.27/jersey-entity-filtering-2.27.jar:/home/user/.m2/repository/com/google/inject/extensions/guice-assistedinject/4.0/guice-assistedinject-4.0.jar:/home/user/.m2/repository/org/jooq/jooq/3.11.10/jooq-3.11.10.jar:/home/user/.m2/repository/org/jooq/jooq-meta/3.11.10/jooq-meta-3.11.10.jar:/home/user/.m2/repository/org/jooq/jooq-codegen/3.11.10/jooq-codegen-3.11.10.jar:/home/user/.m2/repository/com/jolbox/bonecp/0.8.0.RELEASE/bonecp-0.8.0.RELEASE.jar:/home/user/.m2/repository/org/xerial/sqlite-jdbc/3.25.2/sqlite-jdbc-3.25.2.jar:/home/user/.m2/repository/org/springframework/spring-jdbc/5.1.3.RELEASE/spring-jdbc-5.1.3.RELEASE.jar:/home/user/.m2/repository/org/springframework/spring-beans/5.1.3.RELEASE/spring-beans-5.1.3.RELEASE.jar:/home/user/.m2/repository/org/springframework/spring-core/5.1.3.RELEASE/spring-core-5.1.3.RELEASE.jar:/home/user/.m2/repository/org/springframework/spring-jcl/5.1.3.RELEASE/spring-jcl-5.1.3.RELEASE.jar:/home/user/.m2/repository/org/springframework/spring-tx/5.1.3.RELEASE/spring-tx-5.1.3.RELEASE.jar:/home/user/.m2/repository/org/apache/hadoop/hadoop-ozone-client/0.5.0-SNAPSHOT/hadoop-ozone-client-0.5.0-SNAPSHOT.jar:/home/user/.m2/repository/commons-lang/commons-lang/2.6/commons-lang-2.6.jar:/home/user/.m2/repository/org/apache/hadoop/hadoop-ozone-ozone-manager/0.5.0-SNAPSHOT/hadoop-ozone-ozone-manager-0.5.0-SNAPSHOT-tests.jar:/home/user/.m2/repository/junit/junit/4.11/junit-4.11.jar:/home/user/.m2/repository/org/hamcrest/hamcrest-core/1.3/hamcrest-core-1.3.jar:/home/user/.m2/repository/org/openjdk/jmh/jmh-core/1.19/jmh-core-1.19.jar:/home/user/.m2/repository/net/sf/jopt-simple/jopt-simple/4.6/jopt-simple-4.6.jar:/home/user/.m2/repository/org/apache/commons/commons-math3/3.1.1/commons-math3-3.1.1.jar:/home/user/.m2/repository/org/openjdk/jmh/jmh-generator-annprocess/1.19/jmh-generator-annprocess-1.19.jar:/home/user/.m2/repository/org/mockito/mockito-all/1.8.5/mockito-all-1.8.5.jar:/home/user/.m2/repository/org/apache/hadoop/hadoop-kms/3.2.0/hadoop-kms-3.2.0.jar:/home/user/.m2/repository/org/apache/hadoop/hadoop-auth/3.2.0/hadoop-auth-3.2.0.jar:/home/user/.m2/repository/com/nimbusds/nimbus-jose-jwt/4.41.1/nimbus-jose-jwt-4.41.1.jar:/home/user/.m2/repository/com/github/stephenc/jcip/jcip-annotations/1.0-1/jcip-annotations-1.0-1.jar:/home/user/.m2/repository/net/minidev/json-smart/2.3/json-smart-2.3.jar:/home/user/.m2/repository/net/minidev/accessors-smart/1.2/accessors-smart-1.2.jar:/home/user/.m2/repository/org/ow2/asm/asm/5.0.4/asm-5.0.4.jar:/home/user/.m2/repository/org/apache/curator/curator-framework/2.12.0/curator-framework-2.12.0.jar:/home/user/.m2/repository/com/sun/jersey/jersey-core/1.19/jersey-core-1.19.jar:/home/user/.m2/repository/javax/ws/rs/jsr311-api/1.1.1/jsr311-api-1.1.1.jar:/home/user/.m2/repository/com/sun/jersey/jersey-server/1.19/jersey-server-1.19.jar:/home/user/.m2/repository/javax/servlet/javax.servlet-api/3.1.0/javax.servlet-api-3.1.0.jar:/home/user/.m2/repository/org/eclipse/jetty/jetty-server/9.3.24.v20180605/jetty-server-9.3.24.v20180605.jar:/home/user/.m2/repository/org/eclipse/jetty/jetty-http/9.3.24.v20180605/jetty-http-9.3.24.v20180605.jar:/home/user/.m2/repository/org/eclipse/jetty/jetty-io/9.3.24.v20180605/jetty-io-9.3.24.v20180605.jar:/home/user/.m2/repository/org/eclipse/jetty/jetty-webapp/9.3.24.v20180605/jetty-webapp-9.3.24.v20180605.jar:/home/user/.m2/repository/org/eclipse/jetty/jetty-xml/9.3.24.v20180605/jetty-xml-9.3.24.v20180605.jar:/home/user/.m2/repository/log4j/log4j/1.2.17/log4j-1.2.17.jar:/home/user/.m2/repository/org/slf4j/slf4j-api/1.7.25/slf4j-api-1.7.25.jar:/home/user/.m2/repository/org/slf4j/jul-to-slf4j/1.7.25/jul-to-slf4j-1.7.25.jar:/home/user/.m2/repository/org/eclipse/jetty/jetty-util/9.3.24.v20180605/jetty-util-9.3.24.v20180605.jar:/home/user/.m2/repository/com/fasterxml/jackson/core/jackson-databind/2.9.5/jackson-databind-2.9.5.jar:/home/user/.m2/repository/org/apache/hadoop/hadoop-kms/3.2.0/hadoop-kms-3.2.0-tests.jar:/home/user/.m2/repository/org/apache/hadoop/hadoop-hdds-server-scm/0.5.0-SNAPSHOT/hadoop-hdds-server-scm-0.5.0-SNAPSHOT-tests.jar:/home/user/.m2/repository/org/apache/hadoop/hadoop-hdds-container-service/0.5.0-SNAPSHOT/hadoop-hdds-container-service-0.5.0-SNAPSHOT-tests.jar:/home/user/.m2/repository/org/yaml/snakeyaml/1.16/snakeyaml-1.16.jar:/home/user/.m2/repository/org/apache/hadoop/hadoop-common/3.2.0/hadoop-common-3.2.0-tests.jar:/home/user/.m2/repository/org/apache/hadoop/hadoop-annotations/3.2.0/hadoop-annotations-3.2.0.jar:/usr/lib/jvm/java-1.8-openjdk/jre/../lib/tools.jar:/home/user/.m2/repository/commons-cli/commons-cli/1.2/commons-cli-1.2.jar:/home/user/.m2/repository/org/apache/httpcomponents/httpclient/4.5.2/httpclient-4.5.2.jar:/home/user/.m2/repository/org/apache/httpcomponents/httpcore/4.4.4/httpcore-4.4.4.jar:/home/user/.m2/repository/commons-codec/commons-codec/1.11/commons-codec-1.11.jar:/home/user/.m2/repository/commons-net/commons-net/3.6/commons-net-3.6.jar:/home/user/.m2/repository/commons-collections/commons-collections/3.2.2/commons-collections-3.2.2.jar:/home/user/.m2/repository/org/eclipse/jetty/jetty-servlet/9.3.24.v20180605/jetty-servlet-9.3.24.v20180605.jar:/home/user/.m2/repository/org/eclipse/jetty/jetty-security/9.3.24.v20180605/jetty-security-9.3.24.v20180605.jar:/home/user/.m2/repository/javax/servlet/jsp/jsp-api/2.1/jsp-api-2.1.jar:/home/user/.m2/repository/com/sun/jersey/jersey-servlet/1.19/jersey-servlet-1.19.jar:/home/user/.m2/repository/com/sun/jersey/jersey-json/1.19/jersey-json-1.19.jar:/home/user/.m2/repository/org/codehaus/jettison/jettison/1.1/jettison-1.1.jar:/home/user/.m2/repository/org/codehaus/jackson/jackson-core-asl/1.9.13/jackson-core-asl-1.9.13.jar:/home/user/.m2/repository/org/codehaus/jackson/jackson-mapper-asl/1.9.13/jackson-mapper-asl-1.9.13.jar:/home/user/.m2/repository/org/codehaus/jackson/jackson-jaxrs/1.9.13/jackson-jaxrs-1.9.13.jar:/home/user/.m2/repository/org/codehaus/jackson/jackson-xc/1.9.13/jackson-xc-1.9.13.jar:/home/user/.m2/repository/commons-logging/commons-logging/1.1.3/commons-logging-1.1.3.jar:/home/user/.m2/repository/commons-beanutils/commons-beanutils/1.9.3/commons-beanutils-1.9.3.jar:/home/user/.m2/repository/org/apache/commons/commons-configuration2/2.1.1/commons-configuration2-2.1.1.jar:/home/user/.m2/repository/org/apache/commons/commons-lang3/3.7/commons-lang3-3.7.jar:/home/user/.m2/repository/org/apache/commons/commons-text/1.4/commons-text-1.4.jar:/home/user/.m2/repository/org/apache/avro/avro/1.7.7/avro-1.7.7.jar:/home/user/.m2/repository/com/thoughtworks/paranamer/paranamer/2.3/paranamer-2.3.jar:/home/user/.m2/repository/org/xerial/snappy/snappy-java/1.0.5/snappy-java-1.0.5.jar:/home/user/.m2/repository/com/google/re2j/re2j/1.1/re2j-1.1.jar:/home/user/.m2/repository/com/google/code/gson/gson/2.2.4/gson-2.2.4.jar:/home/user/.m2/repository/com/jcraft/jsch/0.1.54/jsch-0.1.54.jar:/home/user/.m2/repository/org/apache/curator/curator-client/2.12.0/curator-client-2.12.0.jar:/home/user/.m2/repository/org/apache/curator/curator-recipes/2.12.0/curator-recipes-2.12.0.jar:/home/user/.m2/repository/com/google/code/findbugs/jsr305/3.0.0/jsr305-3.0.0.jar:/home/user/.m2/repository/org/apache/htrace/htrace-core4/4.1.0-incubating/htrace-core4-4.1.0-incubating.jar:/home/user/.m2/repository/org/apache/zookeeper/zookeeper/3.4.13/zookeeper-3.4.13.jar:/home/user/.m2/repository/org/apache/yetus/audience-annotations/0.5.0/audience-annotations-0.5.0.jar:/home/user/.m2/repository/org/codehaus/woodstox/stax2-api/3.1.4/stax2-api-3.1.4.jar:/home/user/.m2/repository/com/fasterxml/woodstox/woodstox-core/5.0.3/woodstox-core-5.0.3.jar:/home/user/.m2/repository/dnsjava/dnsjava/2.1.7/dnsjava-2.1.7.jar:/home/user/.m2/repository/org/apache/hadoop/hadoop-hdfs/3.2.0/hadoop-hdfs-3.2.0-tests.jar:/home/user/.m2/repository/org/eclipse/jetty/jetty-util-ajax/9.3.24.v20180605/jetty-util-ajax-9.3.24.v20180605.jar:/home/user/.m2/repository/commons-daemon/commons-daemon/1.0.13/commons-daemon-1.0.13.jar:/home/user/.m2/repository/io/netty/netty/3.10.5.Final/netty-3.10.5.Final.jar:/home/user/.m2/repository/io/netty/netty-all/4.0.52.Final/netty-all-4.0.52.Final.jar:/home/user/.m2/repository/org/fusesource/leveldbjni/leveldbjni-all/1.8/leveldbjni-all-1.8.jar:"/>
    <property name="java.vm.vendor" value="IcedTea"/>
    <property name="sun.arch.data.model" value="64"/>
    <property name="test.build.dir" value="/workdir/hadoop-ozone/integration-test/target/test-dir"/>
    <property name="test.cache.data" value=""/>
    <property name="java.vendor.url" value="https://icedtea.classpath.org"/>
    <property name="user.timezone" value=""/>
    <property name="java.vm.specification.version" value="1.8"/>
    <property name="os.name" value="Linux"/>
    <property name="test.build.data" value="/workdir/hadoop-ozone/integration-test/target/test-dir"/>
    <property name="user.country" value="US"/>
    <property name="sun.java.launcher" value="SUN_STANDARD"/>
    <property name="sun.boot.library.path" value="/usr/lib/jvm/java-1.8-openjdk/jre/lib/amd64"/>
    <property name="sun.java.command" value="/workdir/hadoop-ozone/integration-test/target/surefire/surefirebooter3357430341179667484.jar /workdir/hadoop-ozone/integration-test/target/surefire 2019-08-29T00-41-30_453-jvmRun1 surefire7856802811446948782tmp surefire_237361398784550721175tmp"/>
    <property name="test" value="!TestMiniChaosOzoneCluster"/>
    <property name="surefire.test.class.path" value="/workdir/hadoop-ozone/integration-test/target/test-classes:/workdir/hadoop-ozone/integration-test/target/classes:/home/user/.m2/repository/org/apache/hadoop/hadoop-ozone-common/0.5.0-SNAPSHOT/hadoop-ozone-common-0.5.0-SNAPSHOT.jar:/home/user/.m2/repository/org/apache/commons/commons-compress/1.4.1/commons-compress-1.4.1.jar:/home/user/.m2/repository/org/tukaani/xz/1.0/xz-1.0.jar:/home/user/.m2/repository/org/apache/hadoop/hadoop-common/3.2.0/hadoop-common-3.2.0.jar:/home/user/.m2/repository/org/apache/hadoop/hadoop-hdfs/3.2.0/hadoop-hdfs-3.2.0.jar:/home/user/.m2/repository/org/apache/hadoop/hadoop-hdfs-client/3.2.0/hadoop-hdfs-client-3.2.0.jar:/home/user/.m2/repository/com/fasterxml/jackson/core/jackson-annotations/2.9.5/jackson-annotations-2.9.5.jar:/home/user/.m2/repository/org/apache/hadoop/hadoop-hdds-common/0.5.0-SNAPSHOT/hadoop-hdds-common-0.5.0-SNAPSHOT.jar:/home/user/.m2/repository/javax/annotation/javax.annotation-api/1.2/javax.annotation-api-1.2.jar:/home/user/.m2/repository/org/apache/ratis/ratis-server/0.4.0-2337318-SNAPSHOT/ratis-server-0.4.0-2337318-SNAPSHOT.jar:/home/user/.m2/repository/org/apache/ratis/ratis-thirdparty-misc/0.2.0/ratis-thirdparty-misc-0.2.0.jar:/home/user/.m2/repository/org/apache/ratis/ratis-proto/0.4.0-2337318-SNAPSHOT/ratis-proto-0.4.0-2337318-SNAPSHOT.jar:/home/user/.m2/repository/org/apache/ratis/ratis-common/0.4.0-2337318-SNAPSHOT/ratis-common-0.4.0-2337318-SNAPSHOT.jar:/home/user/.m2/repository/org/apache/ratis/ratis-client/0.4.0-2337318-SNAPSHOT/ratis-client-0.4.0-2337318-SNAPSHOT.jar:/home/user/.m2/repository/org/apache/ratis/ratis-metrics/0.4.0-2337318-SNAPSHOT/ratis-metrics-0.4.0-2337318-SNAPSHOT.jar:/home/user/.m2/repository/org/apache/ratis/ratis-netty/0.4.0-2337318-SNAPSHOT/ratis-netty-0.4.0-2337318-SNAPSHOT.jar:/home/user/.m2/repository/org/apache/ratis/ratis-grpc/0.4.0-2337318-SNAPSHOT/ratis-grpc-0.4.0-2337318-SNAPSHOT.jar:/home/user/.m2/repository/org/rocksdb/rocksdbjni/6.0.1/rocksdbjni-6.0.1.jar:/home/user/.m2/repository/org/apache/logging/log4j/log4j-api/2.11.0/log4j-api-2.11.0.jar:/home/user/.m2/repository/org/apache/logging/log4j/log4j-core/2.11.0/log4j-core-2.11.0.jar:/home/user/.m2/repository/com/lmax/disruptor/3.4.2/disruptor-3.4.2.jar:/home/user/.m2/repository/org/apache/commons/commons-pool2/2.6.0/commons-pool2-2.6.0.jar:/home/user/.m2/repository/org/bouncycastle/bcpkix-jdk15on/1.60/bcpkix-jdk15on-1.60.jar:/home/user/.m2/repository/commons-validator/commons-validator/1.6/commons-validator-1.6.jar:/home/user/.m2/repository/commons-digester/commons-digester/1.8.1/commons-digester-1.8.1.jar:/home/user/.m2/repository/io/jaegertracing/jaeger-client/0.33.1/jaeger-client-0.33.1.jar:/home/user/.m2/repository/io/jaegertracing/jaeger-thrift/0.33.1/jaeger-thrift-0.33.1.jar:/home/user/.m2/repository/org/apache/thrift/libthrift/0.11.0/libthrift-0.11.0.jar:/home/user/.m2/repository/com/squareup/okhttp3/okhttp/3.9.0/okhttp-3.9.0.jar:/home/user/.m2/repository/com/squareup/okio/okio/1.13.0/okio-1.13.0.jar:/home/user/.m2/repository/io/jaegertracing/jaeger-core/0.33.1/jaeger-core-0.33.1.jar:/home/user/.m2/repository/io/jaegertracing/jaeger-tracerresolver/0.33.1/jaeger-tracerresolver-0.33.1.jar:/home/user/.m2/repository/io/opentracing/contrib/opentracing-tracerresolver/0.1.5/opentracing-tracerresolver-0.1.5.jar:/home/user/.m2/repository/io/opentracing/opentracing-util/0.31.0/opentracing-util-0.31.0.jar:/home/user/.m2/repository/io/opentracing/opentracing-api/0.31.0/opentracing-api-0.31.0.jar:/home/user/.m2/repository/io/opentracing/opentracing-noop/0.31.0/opentracing-noop-0.31.0.jar:/home/user/.m2/repository/org/apache/hadoop/hadoop-hdds-server-framework/0.5.0-SNAPSHOT/hadoop-hdds-server-framework-0.5.0-SNAPSHOT.jar:/home/user/.m2/repository/org/apache/hadoop/hadoop-hdds-container-service/0.5.0-SNAPSHOT/hadoop-hdds-container-service-0.5.0-SNAPSHOT.jar:/home/user/.m2/repository/org/apache/hadoop/hadoop-hdds-client/0.5.0-SNAPSHOT/hadoop-hdds-client-0.5.0-SNAPSHOT.jar:/home/user/.m2/repository/org/apache/hadoop/hadoop-hdds-tools/0.5.0-SNAPSHOT/hadoop-hdds-tools-0.5.0-SNAPSHOT.jar:/home/user/.m2/repository/org/apache/hadoop/hadoop-hdds-server-scm/0.5.0-SNAPSHOT/hadoop-hdds-server-scm-0.5.0-SNAPSHOT.jar:/home/user/.m2/repository/org/apache/hadoop/hadoop-hdds-docs/0.5.0-SNAPSHOT/hadoop-hdds-docs-0.5.0-SNAPSHOT.jar:/home/user/.m2/repository/com/sun/xml/bind/jaxb-impl/2.3.0.1/jaxb-impl-2.3.0.1.jar:/home/user/.m2/repository/com/sun/xml/bind/jaxb-core/2.3.0.1/jaxb-core-2.3.0.1.jar:/home/user/.m2/repository/javax/xml/bind/jaxb-api/2.3.0/jaxb-api-2.3.0.jar:/home/user/.m2/repository/javax/activation/activation/1.1.1/activation-1.1.1.jar:/home/user/.m2/repository/io/dropwizard/metrics/metrics-core/3.2.4/metrics-core-3.2.4.jar:/home/user/.m2/repository/org/hamcrest/hamcrest-all/1.3/hamcrest-all-1.3.jar:/home/user/.m2/repository/org/bouncycastle/bcprov-jdk15on/1.60/bcprov-jdk15on-1.60.jar:/home/user/.m2/repository/info/picocli/picocli/3.9.6/picocli-3.9.6.jar:/home/user/.m2/repository/com/google/protobuf/protobuf-java/2.5.0/protobuf-java-2.5.0.jar:/home/user/.m2/repository/com/google/guava/guava/11.0.2/guava-11.0.2.jar:/home/user/.m2/repository/org/apache/hadoop/hadoop-ozone-ozone-manager/0.5.0-SNAPSHOT/hadoop-ozone-ozone-manager-0.5.0-SNAPSHOT.jar:/home/user/.m2/repository/org/apache/hadoop/hadoop-minikdc/3.2.0/hadoop-minikdc-3.2.0.jar:/home/user/.m2/repository/commons-io/commons-io/2.5/commons-io-2.5.jar:/home/user/.m2/repository/org/apache/kerby/kerb-simplekdc/1.0.1/kerb-simplekdc-1.0.1.jar:/home/user/.m2/repository/org/apache/kerby/kerb-client/1.0.1/kerb-client-1.0.1.jar:/home/user/.m2/repository/org/apache/kerby/kerby-config/1.0.1/kerby-config-1.0.1.jar:/home/user/.m2/repository/org/apache/kerby/kerb-core/1.0.1/kerb-core-1.0.1.jar:/home/user/.m2/repository/org/apache/kerby/kerby-pkix/1.0.1/kerby-pkix-1.0.1.jar:/home/user/.m2/repository/org/apache/kerby/kerby-asn1/1.0.1/kerby-asn1-1.0.1.jar:/home/user/.m2/repository/org/apache/kerby/kerby-util/1.0.1/kerby-util-1.0.1.jar:/home/user/.m2/repository/org/apache/kerby/kerb-common/1.0.1/kerb-common-1.0.1.jar:/home/user/.m2/repository/org/apache/kerby/kerb-crypto/1.0.1/kerb-crypto-1.0.1.jar:/home/user/.m2/repository/org/apache/kerby/kerb-util/1.0.1/kerb-util-1.0.1.jar:/home/user/.m2/repository/org/apache/kerby/token-provider/1.0.1/token-provider-1.0.1.jar:/home/user/.m2/repository/org/apache/kerby/kerb-admin/1.0.1/kerb-admin-1.0.1.jar:/home/user/.m2/repository/org/apache/kerby/kerb-server/1.0.1/kerb-server-1.0.1.jar:/home/user/.m2/repository/org/apache/kerby/kerb-identity/1.0.1/kerb-identity-1.0.1.jar:/home/user/.m2/repository/org/apache/kerby/kerby-xdr/1.0.1/kerby-xdr-1.0.1.jar:/home/user/.m2/repository/org/slf4j/slf4j-log4j12/1.7.25/slf4j-log4j12-1.7.25.jar:/home/user/.m2/repository/org/apache/hadoop/hadoop-ozone-s3gateway/0.5.0-SNAPSHOT/hadoop-ozone-s3gateway-0.5.0-SNAPSHOT.jar:/home/user/.m2/repository/org/jboss/weld/servlet/weld-servlet/2.4.7.Final/weld-servlet-2.4.7.Final.jar:/home/user/.m2/repository/org/glassfish/jersey/containers/jersey-container-servlet-core/2.27/jersey-container-servlet-core-2.27.jar:/home/user/.m2/repository/org/glassfish/hk2/external/javax.inject/2.5.0-b42/javax.inject-2.5.0-b42.jar:/home/user/.m2/repository/org/glassfish/jersey/core/jersey-common/2.27/jersey-common-2.27.jar:/home/user/.m2/repository/org/glassfish/hk2/osgi-resource-locator/1.0.1/osgi-resource-locator-1.0.1.jar:/home/user/.m2/repository/javax/ws/rs/javax.ws.rs-api/2.1/javax.ws.rs-api-2.1.jar:/home/user/.m2/repository/org/glassfish/jersey/ext/cdi/jersey-cdi1x/2.27/jersey-cdi1x-2.27.jar:/home/user/.m2/repository/org/glassfish/jersey/inject/jersey-hk2/2.27/jersey-hk2-2.27.jar:/home/user/.m2/repository/org/glassfish/hk2/hk2-locator/2.5.0-b42/hk2-locator-2.5.0-b42.jar:/home/user/.m2/repository/org/javassist/javassist/3.22.0-CR2/javassist-3.22.0-CR2.jar:/home/user/.m2/repository/org/glassfish/hk2/hk2-api/2.5.0/hk2-api-2.5.0.jar:/home/user/.m2/repository/org/glassfish/hk2/external/jakarta.inject/2.5.0/jakarta.inject-2.5.0.jar:/home/user/.m2/repository/org/glassfish/hk2/hk2-utils/2.5.0/hk2-utils-2.5.0.jar:/home/user/.m2/repository/jakarta/annotation/jakarta.annotation-api/1.3.4/jakarta.annotation-api-1.3.4.jar:/home/user/.m2/repository/org/glassfish/hk2/external/aopalliance-repackaged/2.5.0/aopalliance-repackaged-2.5.0.jar:/home/user/.m2/repository/com/fasterxml/jackson/dataformat/jackson-dataformat-xml/2.9.0/jackson-dataformat-xml-2.9.0.jar:/home/user/.m2/repository/com/fasterxml/jackson/core/jackson-core/2.9.5/jackson-core-2.9.5.jar:/home/user/.m2/repository/com/fasterxml/jackson/module/jackson-module-jaxb-annotations/2.9.5/jackson-module-jaxb-annotations-2.9.5.jar:/home/user/.m2/repository/javax/enterprise/cdi-api/1.2/cdi-api-1.2.jar:/home/user/.m2/repository/javax/el/javax.el-api/3.0.0/javax.el-api-3.0.0.jar:/home/user/.m2/repository/javax/interceptor/javax.interceptor-api/1.2/javax.interceptor-api-1.2.jar:/home/user/.m2/repository/javax/inject/javax.inject/1/javax.inject-1.jar:/home/user/.m2/repository/org/apache/hadoop/hadoop-ozone-csi/0.5.0-SNAPSHOT/hadoop-ozone-csi-0.5.0-SNAPSHOT.jar:/home/user/.m2/repository/com/google/protobuf/protobuf-java-util/3.5.1/protobuf-java-util-3.5.1.jar:/home/user/.m2/repository/org/apache/hadoop/hadoop-hdds-config/0.5.0-SNAPSHOT/hadoop-hdds-config-0.5.0-SNAPSHOT.jar:/home/user/.m2/repository/io/grpc/grpc-netty/1.17.1/grpc-netty-1.17.1.jar:/home/user/.m2/repository/io/grpc/grpc-core/1.17.1/grpc-core-1.17.1.jar:/home/user/.m2/repository/io/grpc/grpc-context/1.17.1/grpc-context-1.17.1.jar:/home/user/.m2/repository/com/google/errorprone/error_prone_annotations/2.2.0/error_prone_annotations-2.2.0.jar:/home/user/.m2/repository/org/codehaus/mojo/animal-sniffer-annotations/1.17/animal-sniffer-annotations-1.17.jar:/home/user/.m2/repository/io/opencensus/opencensus-api/0.17.0/opencensus-api-0.17.0.jar:/home/user/.m2/repository/io/opencensus/opencensus-contrib-grpc-metrics/0.17.0/opencensus-contrib-grpc-metrics-0.17.0.jar:/home/user/.m2/repository/io/netty/netty-codec-http2/4.1.30.Final/netty-codec-http2-4.1.30.Final.jar:/home/user/.m2/repository/io/netty/netty-codec-http/4.1.30.Final/netty-codec-http-4.1.30.Final.jar:/home/user/.m2/repository/io/netty/netty-codec/4.1.30.Final/netty-codec-4.1.30.Final.jar:/home/user/.m2/repository/io/netty/netty-handler/4.1.30.Final/netty-handler-4.1.30.Final.jar:/home/user/.m2/repository/io/netty/netty-handler-proxy/4.1.30.Final/netty-handler-proxy-4.1.30.Final.jar:/home/user/.m2/repository/io/netty/netty-codec-socks/4.1.30.Final/netty-codec-socks-4.1.30.Final.jar:/home/user/.m2/repository/io/netty/netty-transport-native-epoll/4.1.30.Final/netty-transport-native-epoll-4.1.30.Final.jar:/home/user/.m2/repository/io/netty/netty-common/4.1.30.Final/netty-common-4.1.30.Final.jar:/home/user/.m2/repository/io/netty/netty-buffer/4.1.30.Final/netty-buffer-4.1.30.Final.jar:/home/user/.m2/repository/io/netty/netty-transport/4.1.30.Final/netty-transport-4.1.30.Final.jar:/home/user/.m2/repository/io/netty/netty-resolver/4.1.30.Final/netty-resolver-4.1.30.Final.jar:/home/user/.m2/repository/io/netty/netty-transport-native-unix-common/4.1.30.Final/netty-transport-native-unix-common-4.1.30.Final.jar:/home/user/.m2/repository/io/grpc/grpc-protobuf/1.17.1/grpc-protobuf-1.17.1.jar:/home/user/.m2/repository/com/google/api/grpc/proto-google-common-protos/1.0.0/proto-google-common-protos-1.0.0.jar:/home/user/.m2/repository/io/grpc/grpc-protobuf-lite/1.17.1/grpc-protobuf-lite-1.17.1.jar:/home/user/.m2/repository/io/grpc/grpc-stub/1.17.1/grpc-stub-1.17.1.jar:/home/user/.m2/repository/org/apache/hadoop/hadoop-ozone-recon/0.5.0-SNAPSHOT/hadoop-ozone-recon-0.5.0-SNAPSHOT.jar:/home/user/.m2/repository/org/apache/hadoop/hadoop-ozone-reconcodegen/0.5.0-SNAPSHOT/hadoop-ozone-reconcodegen-0.5.0-SNAPSHOT.jar:/home/user/.m2/repository/com/google/inject/extensions/guice-multibindings/4.0/guice-multibindings-4.0.jar:/home/user/.m2/repository/com/google/inject/guice/4.0/guice-4.0.jar:/home/user/.m2/repository/aopalliance/aopalliance/1.0/aopalliance-1.0.jar:/home/user/.m2/repository/com/google/inject/extensions/guice-servlet/4.0/guice-servlet-4.0.jar:/home/user/.m2/repository/org/glassfish/jersey/containers/jersey-container-servlet/2.27/jersey-container-servlet-2.27.jar:/home/user/.m2/repository/org/glassfish/hk2/guice-bridge/2.5.0/guice-bridge-2.5.0.jar:/home/user/.m2/repository/org/glassfish/jersey/core/jersey-server/2.27/jersey-server-2.27.jar:/home/user/.m2/repository/org/glassfish/jersey/core/jersey-client/2.27/jersey-client-2.27.jar:/home/user/.m2/repository/org/glassfish/jersey/media/jersey-media-jaxb/2.27/jersey-media-jaxb-2.27.jar:/home/user/.m2/repository/javax/validation/validation-api/1.1.0.Final/validation-api-1.1.0.Final.jar:/home/user/.m2/repository/org/glassfish/jersey/media/jersey-media-json-jackson/2.27/jersey-media-json-jackson-2.27.jar:/home/user/.m2/repository/org/glassfish/jersey/ext/jersey-entity-filtering/2.27/jersey-entity-filtering-2.27.jar:/home/user/.m2/repository/com/google/inject/extensions/guice-assistedinject/4.0/guice-assistedinject-4.0.jar:/home/user/.m2/repository/org/jooq/jooq/3.11.10/jooq-3.11.10.jar:/home/user/.m2/repository/org/jooq/jooq-meta/3.11.10/jooq-meta-3.11.10.jar:/home/user/.m2/repository/org/jooq/jooq-codegen/3.11.10/jooq-codegen-3.11.10.jar:/home/user/.m2/repository/com/jolbox/bonecp/0.8.0.RELEASE/bonecp-0.8.0.RELEASE.jar:/home/user/.m2/repository/org/xerial/sqlite-jdbc/3.25.2/sqlite-jdbc-3.25.2.jar:/home/user/.m2/repository/org/springframework/spring-jdbc/5.1.3.RELEASE/spring-jdbc-5.1.3.RELEASE.jar:/home/user/.m2/repository/org/springframework/spring-beans/5.1.3.RELEASE/spring-beans-5.1.3.RELEASE.jar:/home/user/.m2/repository/org/springframework/spring-core/5.1.3.RELEASE/spring-core-5.1.3.RELEASE.jar:/home/user/.m2/repository/org/springframework/spring-jcl/5.1.3.RELEASE/spring-jcl-5.1.3.RELEASE.jar:/home/user/.m2/repository/org/springframework/spring-tx/5.1.3.RELEASE/spring-tx-5.1.3.RELEASE.jar:/home/user/.m2/repository/org/apache/hadoop/hadoop-ozone-client/0.5.0-SNAPSHOT/hadoop-ozone-client-0.5.0-SNAPSHOT.jar:/home/user/.m2/repository/commons-lang/commons-lang/2.6/commons-lang-2.6.jar:/home/user/.m2/repository/org/apache/hadoop/hadoop-ozone-ozone-manager/0.5.0-SNAPSHOT/hadoop-ozone-ozone-manager-0.5.0-SNAPSHOT-tests.jar:/home/user/.m2/repository/junit/junit/4.11/junit-4.11.jar:/home/user/.m2/repository/org/hamcrest/hamcrest-core/1.3/hamcrest-core-1.3.jar:/home/user/.m2/repository/org/openjdk/jmh/jmh-core/1.19/jmh-core-1.19.jar:/home/user/.m2/repository/net/sf/jopt-simple/jopt-simple/4.6/jopt-simple-4.6.jar:/home/user/.m2/repository/org/apache/commons/commons-math3/3.1.1/commons-math3-3.1.1.jar:/home/user/.m2/repository/org/openjdk/jmh/jmh-generator-annprocess/1.19/jmh-generator-annprocess-1.19.jar:/home/user/.m2/repository/org/mockito/mockito-all/1.8.5/mockito-all-1.8.5.jar:/home/user/.m2/repository/org/apache/hadoop/hadoop-kms/3.2.0/hadoop-kms-3.2.0.jar:/home/user/.m2/repository/org/apache/hadoop/hadoop-auth/3.2.0/hadoop-auth-3.2.0.jar:/home/user/.m2/repository/com/nimbusds/nimbus-jose-jwt/4.41.1/nimbus-jose-jwt-4.41.1.jar:/home/user/.m2/repository/com/github/stephenc/jcip/jcip-annotations/1.0-1/jcip-annotations-1.0-1.jar:/home/user/.m2/repository/net/minidev/json-smart/2.3/json-smart-2.3.jar:/home/user/.m2/repository/net/minidev/accessors-smart/1.2/accessors-smart-1.2.jar:/home/user/.m2/repository/org/ow2/asm/asm/5.0.4/asm-5.0.4.jar:/home/user/.m2/repository/org/apache/curator/curator-framework/2.12.0/curator-framework-2.12.0.jar:/home/user/.m2/repository/com/sun/jersey/jersey-core/1.19/jersey-core-1.19.jar:/home/user/.m2/repository/javax/ws/rs/jsr311-api/1.1.1/jsr311-api-1.1.1.jar:/home/user/.m2/repository/com/sun/jersey/jersey-server/1.19/jersey-server-1.19.jar:/home/user/.m2/repository/javax/servlet/javax.servlet-api/3.1.0/javax.servlet-api-3.1.0.jar:/home/user/.m2/repository/org/eclipse/jetty/jetty-server/9.3.24.v20180605/jetty-server-9.3.24.v20180605.jar:/home/user/.m2/repository/org/eclipse/jetty/jetty-http/9.3.24.v20180605/jetty-http-9.3.24.v20180605.jar:/home/user/.m2/repository/org/eclipse/jetty/jetty-io/9.3.24.v20180605/jetty-io-9.3.24.v20180605.jar:/home/user/.m2/repository/org/eclipse/jetty/jetty-webapp/9.3.24.v20180605/jetty-webapp-9.3.24.v20180605.jar:/home/user/.m2/repository/org/eclipse/jetty/jetty-xml/9.3.24.v20180605/jetty-xml-9.3.24.v20180605.jar:/home/user/.m2/repository/log4j/log4j/1.2.17/log4j-1.2.17.jar:/home/user/.m2/repository/org/slf4j/slf4j-api/1.7.25/slf4j-api-1.7.25.jar:/home/user/.m2/repository/org/slf4j/jul-to-slf4j/1.7.25/jul-to-slf4j-1.7.25.jar:/home/user/.m2/repository/org/eclipse/jetty/jetty-util/9.3.24.v20180605/jetty-util-9.3.24.v20180605.jar:/home/user/.m2/repository/com/fasterxml/jackson/core/jackson-databind/2.9.5/jackson-databind-2.9.5.jar:/home/user/.m2/repository/org/apache/hadoop/hadoop-kms/3.2.0/hadoop-kms-3.2.0-tests.jar:/home/user/.m2/repository/org/apache/hadoop/hadoop-hdds-server-scm/0.5.0-SNAPSHOT/hadoop-hdds-server-scm-0.5.0-SNAPSHOT-tests.jar:/home/user/.m2/repository/org/apache/hadoop/hadoop-hdds-container-service/0.5.0-SNAPSHOT/hadoop-hdds-container-service-0.5.0-SNAPSHOT-tests.jar:/home/user/.m2/repository/org/yaml/snakeyaml/1.16/snakeyaml-1.16.jar:/home/user/.m2/repository/org/apache/hadoop/hadoop-common/3.2.0/hadoop-common-3.2.0-tests.jar:/home/user/.m2/repository/org/apache/hadoop/hadoop-annotations/3.2.0/hadoop-annotations-3.2.0.jar:/usr/lib/jvm/java-1.8-openjdk/jre/../lib/tools.jar:/home/user/.m2/repository/commons-cli/commons-cli/1.2/commons-cli-1.2.jar:/home/user/.m2/repository/org/apache/httpcomponents/httpclient/4.5.2/httpclient-4.5.2.jar:/home/user/.m2/repository/org/apache/httpcomponents/httpcore/4.4.4/httpcore-4.4.4.jar:/home/user/.m2/repository/commons-codec/commons-codec/1.11/commons-codec-1.11.jar:/home/user/.m2/repository/commons-net/commons-net/3.6/commons-net-3.6.jar:/home/user/.m2/repository/commons-collections/commons-collections/3.2.2/commons-collections-3.2.2.jar:/home/user/.m2/repository/org/eclipse/jetty/jetty-servlet/9.3.24.v20180605/jetty-servlet-9.3.24.v20180605.jar:/home/user/.m2/repository/org/eclipse/jetty/jetty-security/9.3.24.v20180605/jetty-security-9.3.24.v20180605.jar:/home/user/.m2/repository/javax/servlet/jsp/jsp-api/2.1/jsp-api-2.1.jar:/home/user/.m2/repository/com/sun/jersey/jersey-servlet/1.19/jersey-servlet-1.19.jar:/home/user/.m2/repository/com/sun/jersey/jersey-json/1.19/jersey-json-1.19.jar:/home/user/.m2/repository/org/codehaus/jettison/jettison/1.1/jettison-1.1.jar:/home/user/.m2/repository/org/codehaus/jackson/jackson-core-asl/1.9.13/jackson-core-asl-1.9.13.jar:/home/user/.m2/repository/org/codehaus/jackson/jackson-mapper-asl/1.9.13/jackson-mapper-asl-1.9.13.jar:/home/user/.m2/repository/org/codehaus/jackson/jackson-jaxrs/1.9.13/jackson-jaxrs-1.9.13.jar:/home/user/.m2/repository/org/codehaus/jackson/jackson-xc/1.9.13/jackson-xc-1.9.13.jar:/home/user/.m2/repository/commons-logging/commons-logging/1.1.3/commons-logging-1.1.3.jar:/home/user/.m2/repository/commons-beanutils/commons-beanutils/1.9.3/commons-beanutils-1.9.3.jar:/home/user/.m2/repository/org/apache/commons/commons-configuration2/2.1.1/commons-configuration2-2.1.1.jar:/home/user/.m2/repository/org/apache/commons/commons-lang3/3.7/commons-lang3-3.7.jar:/home/user/.m2/repository/org/apache/commons/commons-text/1.4/commons-text-1.4.jar:/home/user/.m2/repository/org/apache/avro/avro/1.7.7/avro-1.7.7.jar:/home/user/.m2/repository/com/thoughtworks/paranamer/paranamer/2.3/paranamer-2.3.jar:/home/user/.m2/repository/org/xerial/snappy/snappy-java/1.0.5/snappy-java-1.0.5.jar:/home/user/.m2/repository/com/google/re2j/re2j/1.1/re2j-1.1.jar:/home/user/.m2/repository/com/google/code/gson/gson/2.2.4/gson-2.2.4.jar:/home/user/.m2/repository/com/jcraft/jsch/0.1.54/jsch-0.1.54.jar:/home/user/.m2/repository/org/apache/curator/curator-client/2.12.0/curator-client-2.12.0.jar:/home/user/.m2/repository/org/apache/curator/curator-recipes/2.12.0/curator-recipes-2.12.0.jar:/home/user/.m2/repository/com/google/code/findbugs/jsr305/3.0.0/jsr305-3.0.0.jar:/home/user/.m2/repository/org/apache/htrace/htrace-core4/4.1.0-incubating/htrace-core4-4.1.0-incubating.jar:/home/user/.m2/repository/org/apache/zookeeper/zookeeper/3.4.13/zookeeper-3.4.13.jar:/home/user/.m2/repository/org/apache/yetus/audience-annotations/0.5.0/audience-annotations-0.5.0.jar:/home/user/.m2/repository/org/codehaus/woodstox/stax2-api/3.1.4/stax2-api-3.1.4.jar:/home/user/.m2/repository/com/fasterxml/woodstox/woodstox-core/5.0.3/woodstox-core-5.0.3.jar:/home/user/.m2/repository/dnsjava/dnsjava/2.1.7/dnsjava-2.1.7.jar:/home/user/.m2/repository/org/apache/hadoop/hadoop-hdfs/3.2.0/hadoop-hdfs-3.2.0-tests.jar:/home/user/.m2/repository/org/eclipse/jetty/jetty-util-ajax/9.3.24.v20180605/jetty-util-ajax-9.3.24.v20180605.jar:/home/user/.m2/repository/commons-daemon/commons-daemon/1.0.13/commons-daemon-1.0.13.jar:/home/user/.m2/repository/io/netty/netty/3.10.5.Final/netty-3.10.5.Final.jar:/home/user/.m2/repository/io/netty/netty-all/4.0.52.Final/netty-all-4.0.52.Final.jar:/home/user/.m2/repository/org/fusesource/leveldbjni/leveldbjni-all/1.8/leveldbjni-all-1.8.jar:"/>
    <property name="sun.cpu.endian" value="little"/>
    <property name="user.home" value="/home/user"/>
    <property name="user.language" value="en"/>
    <property name="java.specification.vendor" value="Oracle Corporation"/>
    <property name="java.home" value="/usr/lib/jvm/java-1.8-openjdk/jre"/>
    <property name="java.security.krb5.conf" value="/workdir/hadoop-ozone/integration-test/target/test-classes/krb5.conf"/>
    <property name="basedir" value="/workdir/hadoop-ozone/integration-test"/>
    <property name="file.separator" value="/"/>
    <property name="line.separator" value="&#10;"/>
    <property name="java.vm.specification.vendor" value="Oracle Corporation"/>
    <property name="java.specification.name" value="Java Platform API Specification"/>
    <property name="java.awt.graphicsenv" value="sun.awt.X11GraphicsEnvironment"/>
    <property name="surefire.real.class.path" value="/workdir/hadoop-ozone/integration-test/target/surefire/surefirebooter3357430341179667484.jar"/>
    <property name="hadoop.log.dir" value="/workdir/hadoop-ozone/integration-test/target/log"/>
    <property name="sun.boot.class.path" value="/usr/lib/jvm/java-1.8-openjdk/jre/lib/resources.jar:/usr/lib/jvm/java-1.8-openjdk/jre/lib/rt.jar:/usr/lib/jvm/java-1.8-openjdk/jre/lib/sunrsasign.jar:/usr/lib/jvm/java-1.8-openjdk/jre/lib/jsse.jar:/usr/lib/jvm/java-1.8-openjdk/jre/lib/jce.jar:/usr/lib/jvm/java-1.8-openjdk/jre/lib/charsets.jar:/usr/lib/jvm/java-1.8-openjdk/jre/lib/jfr.jar:/usr/lib/jvm/java-1.8-openjdk/jre/classes"/>
    <property name="sun.management.compiler" value="HotSpot 64-Bit Tiered Compilers"/>
    <property name="java.runtime.version" value="1.8.0_212-b04"/>
    <property name="java.net.preferIPv4Stack" value="true"/>
    <property name="user.name" value="jenkins1000"/>
    <property name="path.separator" value=":"/>
    <property name="java.security.egd" value="file:///dev/urandom"/>
    <property name="os.version" value="3.10.0-957.12.2.el7.x86_64"/>
    <property name="java.endorsed.dirs" value="/usr/lib/jvm/java-1.8-openjdk/jre/lib/endorsed"/>
    <property name="java.runtime.name" value="OpenJDK Runtime Environment"/>
    <property name="file.encoding" value="UTF-8"/>
    <property name="java.vm.name" value="OpenJDK 64-Bit Server VM"/>
    <property name="test.build.webapps" value=""/>
    <property name="localRepository" value="/home/user/.m2/repository"/>
    <property name="java.vendor.url.bug" value="https://icedtea.classpath.org/bugzilla"/>
    <property name="java.io.tmpdir" value="/tmp"/>
    <property name="require.test.libhadoop" value=""/>
    <property name="java.version" value="1.8.0_212"/>
    <property name="user.dir" value="/workdir/hadoop-ozone/integration-test"/>
    <property name="os.arch" value="amd64"/>
    <property name="java.vm.specification.name" value="Java Virtual Machine Specification"/>
    <property name="test.build.classes" value="/workdir/hadoop-ozone/integration-test/target/test-classes"/>
    <property name="java.awt.printerjob" value="sun.print.PSPrinterJob"/>
    <property name="sun.os.patch.level" value="unknown"/>
    <property name="hadoop.tmp.dir" value="/workdir/hadoop-ozone/integration-test/target/tmp"/>
    <property name="java.library.path" value="/usr/lib/jvm/java-1.8-openjdk/jre/lib/amd64/server:/usr/lib/jvm/java-1.8-openjdk/jre/lib/amd64:/usr/lib/jvm/java-1.8-openjdk/jre/../lib/amd64:/workdir/hadoop-ozone/integration-test/target/native/target/usr/local/lib:/workdir/hadoop-ozone/integration-test/../../hadoop-common-project/hadoop-common/target/native/target/usr/local/lib:/usr/java/packages/lib/amd64:/usr/lib64:/lib64:/lib:/usr/lib"/>
    <property name="java.vm.info" value="mixed mode"/>
    <property name="java.vendor" value="IcedTea"/>
    <property name="java.vm.version" value="25.212-b04"/>
    <property name="java.ext.dirs" value="/usr/lib/jvm/java-1.8-openjdk/jre/lib/ext:/usr/java/packages/lib/ext"/>
    <property name="sun.io.unicode.encoding" value="UnicodeLittle"/>
    <property name="java.class.version" value="52.0"/>
  </properties>
  <testcase name="testWatchForCommitWithKeyWrite" classname="org.apache.hadoop.ozone.client.rpc.TestWatchForCommit" time="75.457"/>
  <testcase name="testWatchForCommitWithSmallerTimeoutValue" classname="org.apache.hadoop.ozone.client.rpc.TestWatchForCommit" time="43.289"/>
  <testcase name="testWatchForCommitForRetryfailure" classname="org.apache.hadoop.ozone.client.rpc.TestWatchForCommit" time="80.394"/>
  <testcase name="testWatchForCommitForGroupMismatchException" classname="org.apache.hadoop.ozone.client.rpc.TestWatchForCommit" time="26.297">
    <error message="org.apache.ratis.protocol.RaftRetryFailureException: Failed RaftClientRequest:client-54C976773C82-&gt;5ad5097d-a979-4d10-9f70-6acf19577cdd@group-78ADE6B227B7, cid=81, seq=1*, RW, org.apache.hadoop.hdds.scm.XceiverClientRatis$$Lambda$465/1076039353@1c63d04c for 20 attempts with RetryLimited(maxAttempts=20, sleepTime=1000ms)" type="java.util.concurrent.ExecutionException">java.util.concurrent.ExecutionException: org.apache.ratis.protocol.RaftRetryFailureException: Failed RaftClientRequest:client-54C976773C82->5ad5097d-a979-4d10-9f70-6acf19577cdd@group-78ADE6B227B7, cid=81, seq=1*, RW, org.apache.hadoop.hdds.scm.XceiverClientRatis$$Lambda$465/1076039353@1c63d04c for 20 attempts with RetryLimited(maxAttempts=20, sleepTime=1000ms)
	at java.util.concurrent.CompletableFuture.reportGet(CompletableFuture.java:357)
	at java.util.concurrent.CompletableFuture.get(CompletableFuture.java:1895)
	at org.apache.hadoop.ozone.client.rpc.TestWatchForCommit.testWatchForCommitForGroupMismatchException(TestWatchForCommit.java:432)
	at sun.reflect.NativeMethodAccessorImpl.invoke0(Native Method)
	at sun.reflect.NativeMethodAccessorImpl.invoke(NativeMethodAccessorImpl.java:62)
	at sun.reflect.DelegatingMethodAccessorImpl.invoke(DelegatingMethodAccessorImpl.java:43)
	at java.lang.reflect.Method.invoke(Method.java:498)
	at org.junit.runners.model.FrameworkMethod$1.runReflectiveCall(FrameworkMethod.java:47)
	at org.junit.internal.runners.model.ReflectiveCallable.run(ReflectiveCallable.java:12)
	at org.junit.runners.model.FrameworkMethod.invokeExplosively(FrameworkMethod.java:44)
	at org.junit.internal.runners.statements.InvokeMethod.evaluate(InvokeMethod.java:17)
	at org.junit.runners.ParentRunner.runLeaf(ParentRunner.java:271)
	at org.junit.runners.BlockJUnit4ClassRunner.runChild(BlockJUnit4ClassRunner.java:70)
	at org.junit.runners.BlockJUnit4ClassRunner.runChild(BlockJUnit4ClassRunner.java:50)
	at org.junit.runners.ParentRunner$3.run(ParentRunner.java:238)
	at org.junit.runners.ParentRunner$1.schedule(ParentRunner.java:63)
	at org.junit.runners.ParentRunner.runChildren(ParentRunner.java:236)
	at org.junit.runners.ParentRunner.access$000(ParentRunner.java:53)
	at org.junit.runners.ParentRunner$2.evaluate(ParentRunner.java:229)
	at org.junit.runners.ParentRunner.run(ParentRunner.java:309)
	at org.apache.maven.surefire.junit4.JUnit4Provider.execute(JUnit4Provider.java:365)
	at org.apache.maven.surefire.junit4.JUnit4Provider.executeWithRerun(JUnit4Provider.java:273)
	at org.apache.maven.surefire.junit4.JUnit4Provider.executeTestSet(JUnit4Provider.java:238)
	at org.apache.maven.surefire.junit4.JUnit4Provider.invoke(JUnit4Provider.java:159)
	at org.apache.maven.surefire.booter.ForkedBooter.invokeProviderInSameClassLoader(ForkedBooter.java:384)
	at org.apache.maven.surefire.booter.ForkedBooter.runSuitesInProcess(ForkedBooter.java:345)
	at org.apache.maven.surefire.booter.ForkedBooter.execute(ForkedBooter.java:126)
	at org.apache.maven.surefire.booter.ForkedBooter.main(ForkedBooter.java:418)
Caused by: org.apache.ratis.protocol.RaftRetryFailureException: Failed RaftClientRequest:client-54C976773C82->5ad5097d-a979-4d10-9f70-6acf19577cdd@group-78ADE6B227B7, cid=81, seq=1*, RW, org.apache.hadoop.hdds.scm.XceiverClientRatis$$Lambda$465/1076039353@1c63d04c for 20 attempts with RetryLimited(maxAttempts=20, sleepTime=1000ms)
	at org.apache.ratis.client.impl.RaftClientImpl.noMoreRetries(RaftClientImpl.java:272)
	at org.apache.ratis.client.impl.OrderedAsync.handleAsyncRetryFailure(OrderedAsync.java:138)
	at org.apache.ratis.client.impl.OrderedAsync.lambda$sendRequest$10(OrderedAsync.java:230)
	at java.util.concurrent.CompletableFuture.uniExceptionally(CompletableFuture.java:870)
	at java.util.concurrent.CompletableFuture$UniExceptionally.tryFire(CompletableFuture.java:852)
	at java.util.concurrent.CompletableFuture.postComplete(CompletableFuture.java:474)
	at java.util.concurrent.CompletableFuture.completeExceptionally(CompletableFuture.java:1977)
	at org.apache.ratis.grpc.client.GrpcClientProtocolClient$AsyncStreamObservers.completeReplyExceptionally(GrpcClientProtocolClient.java:330)
	at org.apache.ratis.grpc.client.GrpcClientProtocolClient$AsyncStreamObservers.access$000(GrpcClientProtocolClient.java:246)
	at org.apache.ratis.grpc.client.GrpcClientProtocolClient$AsyncStreamObservers$1.onNext(GrpcClientProtocolClient.java:258)
	at org.apache.ratis.grpc.client.GrpcClientProtocolClient$AsyncStreamObservers$1.onNext(GrpcClientProtocolClient.java:249)
	at org.apache.ratis.thirdparty.io.grpc.stub.ClientCalls$StreamObserverToCallListenerAdapter.onMessage(ClientCalls.java:421)
	at org.apache.ratis.thirdparty.io.grpc.ForwardingClientCallListener.onMessage(ForwardingClientCallListener.java:33)
	at org.apache.ratis.thirdparty.io.grpc.ForwardingClientCallListener.onMessage(ForwardingClientCallListener.java:33)
	at org.apache.ratis.thirdparty.io.grpc.internal.ClientCallImpl$ClientStreamListenerImpl$1MessagesAvailable.runInContext(ClientCallImpl.java:519)
	at org.apache.ratis.thirdparty.io.grpc.internal.ContextRunnable.run(ContextRunnable.java:37)
	at org.apache.ratis.thirdparty.io.grpc.internal.SerializingExecutor.run(SerializingExecutor.java:123)
	at java.util.concurrent.ThreadPoolExecutor.runWorker(ThreadPoolExecutor.java:1149)
	at java.util.concurrent.ThreadPoolExecutor$Worker.run(ThreadPoolExecutor.java:624)
	at java.lang.Thread.run(Thread.java:748)
Caused by: org.apache.ratis.protocol.NotLeaderException: Server 5ad5097d-a979-4d10-9f70-6acf19577cdd is not the leader (null). Request must be sent to leader.
	at org.apache.ratis.client.impl.ClientProtoUtils.toRaftClientReply(ClientProtoUtils.java:242)
	at org.apache.ratis.grpc.client.GrpcClientProtocolClient$AsyncStreamObservers$1.onNext(GrpcClientProtocolClient.java:254)
	... 10 more
</error>
    <system-out><![CDATA[2019-08-29 01:06:41,573 [main] WARN  server.ServerUtils (ServerUtils.java:getScmDbDir(155)) - ozone.scm.db.dirs is not configured. We recommend adding this setting. Falling back to ozone.metadata.dirs instead.
2019-08-29 01:06:41,587 [main] WARN  server.ServerUtils (ServerUtils.java:getScmDbDir(155)) - ozone.scm.db.dirs is not configured. We recommend adding this setting. Falling back to ozone.metadata.dirs instead.
2019-08-29 01:06:41,587 [main] WARN  server.ServerUtils (ServerUtils.java:getScmDbDir(155)) - ozone.scm.db.dirs is not configured. We recommend adding this setting. Falling back to ozone.metadata.dirs instead.
2019-08-29 01:06:41,588 [main] INFO  db.DBStoreBuilder (DBStoreBuilder.java:addTable(110)) - using custom profile for table: deletedBlocks
2019-08-29 01:06:41,588 [main] INFO  db.DBStoreBuilder (DBStoreBuilder.java:processTables(161)) - Using default column profile:DBProfile.DISK for Table:deletedBlocks
2019-08-29 01:06:41,589 [main] INFO  db.DBStoreBuilder (DBStoreBuilder.java:addTable(110)) - using custom profile for table: validCerts
2019-08-29 01:06:41,589 [main] INFO  db.DBStoreBuilder (DBStoreBuilder.java:processTables(161)) - Using default column profile:DBProfile.DISK for Table:validCerts
2019-08-29 01:06:41,589 [main] INFO  db.DBStoreBuilder (DBStoreBuilder.java:addTable(110)) - using custom profile for table: revokedCerts
2019-08-29 01:06:41,589 [main] INFO  db.DBStoreBuilder (DBStoreBuilder.java:processTables(161)) - Using default column profile:DBProfile.DISK for Table:revokedCerts
2019-08-29 01:06:41,590 [main] INFO  db.DBStoreBuilder (DBStoreBuilder.java:addTable(110)) - using custom profile for table: default
2019-08-29 01:06:41,590 [main] INFO  db.DBStoreBuilder (DBStoreBuilder.java:processTables(167)) - Using default column profile:DBProfile.DISK for Table:default
2019-08-29 01:06:41,590 [main] INFO  db.DBStoreBuilder (DBStoreBuilder.java:getDbProfile(198)) - Using default options. DBProfile.DISK
2019-08-29 01:06:41,793 [main] INFO  net.NodeSchemaLoader (NodeSchemaLoader.java:loadSchemaFromFile(125)) - Loading file from sun.misc.CompoundEnumeration@37a9b687
2019-08-29 01:06:41,793 [main] INFO  net.NodeSchemaLoader (NodeSchemaLoader.java:loadSchema(171)) - Loading network topology layer schema file
2019-08-29 01:06:41,799 [main] INFO  node.SCMNodeManager (SCMNodeManager.java:<init>(121)) - Entering startup safe mode.
2019-08-29 01:06:41,799 [main] INFO  algorithms.ContainerPlacementPolicyFactory (ContainerPlacementPolicyFactory.java:getPolicy(55)) - Create container placement policy of type org.apache.hadoop.hdds.scm.container.placement.algorithms.SCMContainerPlacementRandom
2019-08-29 01:06:41,800 [main] WARN  server.ServerUtils (ServerUtils.java:getScmDbDir(155)) - ozone.scm.db.dirs is not configured. We recommend adding this setting. Falling back to ozone.metadata.dirs instead.
2019-08-29 01:06:41,883 [main] INFO  pipeline.SCMPipelineManager (SCMPipelineManager.java:initializePipelineState(126)) - No pipeline exists in current db
2019-08-29 01:06:41,883 [main] WARN  server.ServerUtils (ServerUtils.java:getScmDbDir(155)) - ozone.scm.db.dirs is not configured. We recommend adding this setting. Falling back to ozone.metadata.dirs instead.
2019-08-29 01:06:41,964 [main] WARN  events.EventQueue (EventQueue.java:fireEvent(175)) - No event handler registered for event TypedEvent{payloadType=SafeModeStatus, name='SafeModeStatus'}
2019-08-29 01:06:41,966 [main] INFO  ipc.CallQueueManager (CallQueueManager.java:<init>(84)) - Using callQueue: class java.util.concurrent.LinkedBlockingQueue, queueCapacity: 2000, scheduler: class org.apache.hadoop.ipc.DefaultRpcScheduler, ipcBackoff: false.
2019-08-29 01:06:41,967 [Socket Reader #1 for port 42649] INFO  ipc.Server (Server.java:run(1074)) - Starting Socket Reader #1 for port 42649
2019-08-29 01:06:41,970 [main] INFO  ipc.CallQueueManager (CallQueueManager.java:<init>(84)) - Using callQueue: class java.util.concurrent.LinkedBlockingQueue, queueCapacity: 2000, scheduler: class org.apache.hadoop.ipc.DefaultRpcScheduler, ipcBackoff: false.
2019-08-29 01:06:41,970 [Socket Reader #1 for port 33373] INFO  ipc.Server (Server.java:run(1074)) - Starting Socket Reader #1 for port 33373
2019-08-29 01:06:41,972 [main] INFO  ipc.CallQueueManager (CallQueueManager.java:<init>(84)) - Using callQueue: class java.util.concurrent.LinkedBlockingQueue, queueCapacity: 2000, scheduler: class org.apache.hadoop.ipc.DefaultRpcScheduler, ipcBackoff: false.
2019-08-29 01:06:41,973 [Socket Reader #1 for port 44649] INFO  ipc.Server (Server.java:run(1074)) - Starting Socket Reader #1 for port 44649
2019-08-29 01:06:41,977 [main] INFO  hdfs.DFSUtil (DFSUtil.java:httpServerTemplateForNNAndJN(1641)) - Starting Web-server for scm at: http://0.0.0.0:0
2019-08-29 01:06:41,979 [main] INFO  server.AuthenticationFilter (AuthenticationFilter.java:constructSecretProvider(240)) - Unable to initialize FileSignerSecretProvider, falling back to use random secrets.
2019-08-29 01:06:41,980 [main] WARN  http.HttpRequestLog (HttpRequestLog.java:getRequestLog(97)) - Jetty request log can only be enabled using Log4j
2019-08-29 01:06:41,982 [main] INFO  http.HttpServer2 (HttpServer2.java:addGlobalFilter(975)) - Added global filter 'safety' (class=org.apache.hadoop.http.HttpServer2$QuotingInputFilter)
2019-08-29 01:06:41,982 [main] INFO  http.HttpServer2 (HttpServer2.java:addFilter(948)) - Added filter static_user_filter (class=org.apache.hadoop.http.lib.StaticUserWebFilter$StaticUserFilter) to context scm
2019-08-29 01:06:41,982 [main] INFO  http.HttpServer2 (HttpServer2.java:addFilter(958)) - Added filter static_user_filter (class=org.apache.hadoop.http.lib.StaticUserWebFilter$StaticUserFilter) to context logs
2019-08-29 01:06:41,983 [main] INFO  http.HttpServer2 (HttpServer2.java:addFilter(958)) - Added filter static_user_filter (class=org.apache.hadoop.http.lib.StaticUserWebFilter$StaticUserFilter) to context static
2019-08-29 01:06:41,985 [main] INFO  server.StorageContainerManager (StorageContainerManager.java:start(759)) - StorageContainerLocationProtocol RPC server is listening at /0.0.0.0:44649
2019-08-29 01:06:41,987 [main] WARN  impl.MetricsConfig (MetricsConfig.java:loadFirst(134)) - Cannot locate configuration: tried hadoop-metrics2-storagecontainermanager.properties,hadoop-metrics2.properties
2019-08-29 01:06:41,990 [main] INFO  impl.MetricsSystemImpl (MetricsSystemImpl.java:startTimer(374)) - Scheduled Metric snapshot period at 10 second(s).
2019-08-29 01:06:41,990 [main] INFO  impl.MetricsSystemImpl (MetricsSystemImpl.java:start(191)) - StorageContainerManager metrics system started
2019-08-29 01:06:42,051 [main] INFO  server.SCMClientProtocolServer (SCMClientProtocolServer.java:start(151)) - RPC server for Client  is listening at /0.0.0.0:44649
2019-08-29 01:06:42,052 [IPC Server Responder] INFO  ipc.Server (Server.java:run(1314)) - IPC Server Responder: starting
2019-08-29 01:06:42,052 [IPC Server listener on 44649] INFO  ipc.Server (Server.java:run(1153)) - IPC Server listener on 44649: starting
2019-08-29 01:06:42,055 [main] INFO  server.StorageContainerManager (StorageContainerManager.java:start(769)) - ScmBlockLocationProtocol RPC server is listening at /127.0.0.1:33373
2019-08-29 01:06:42,055 [main] INFO  server.SCMBlockProtocolServer (SCMBlockProtocolServer.java:start(141)) - RPC server for Block Protocol is listening at /127.0.0.1:33373
2019-08-29 01:06:42,055 [IPC Server Responder] INFO  ipc.Server (Server.java:run(1314)) - IPC Server Responder: starting
2019-08-29 01:06:42,055 [IPC Server listener on 33373] INFO  ipc.Server (Server.java:run(1153)) - IPC Server listener on 33373: starting
2019-08-29 01:06:42,058 [main] INFO  server.StorageContainerManager (StorageContainerManager.java:start(773)) - ScmDatanodeProtocl RPC server is listening at /0.0.0.0:42649
2019-08-29 01:06:42,058 [main] INFO  server.SCMDatanodeProtocolServer (SCMDatanodeProtocolServer.java:start(191)) - RPC server for DataNodes is listening at /0.0.0.0:42649
2019-08-29 01:06:42,059 [IPC Server Responder] INFO  ipc.Server (Server.java:run(1314)) - IPC Server Responder: starting
2019-08-29 01:06:42,059 [IPC Server listener on 42649] INFO  ipc.Server (Server.java:run(1153)) - IPC Server listener on 42649: starting
2019-08-29 01:06:42,062 [main] INFO  http.HttpServer2 (HttpServer2.java:bindListener(1191)) - Jetty bound to port 34249
2019-08-29 01:06:42,062 [main] INFO  server.Server (Server.java:doStart(351)) - jetty-9.3.24.v20180605, build timestamp: 2018-06-05T17:11:56Z, git hash: 84205aa28f11a4f31f2a3b86d1bba2cc8ab69827
2019-08-29 01:06:42,063 [main] INFO  handler.ContextHandler (ContextHandler.java:doStart(781)) - Started o.e.j.s.ServletContextHandler@3fcbc766{/logs,file:///workdir/hadoop-ozone/integration-test/target/log,AVAILABLE}
2019-08-29 01:06:42,064 [main] INFO  handler.ContextHandler (ContextHandler.java:doStart(781)) - Started o.e.j.s.ServletContextHandler@8e25d3f{/static,file:///workdir/hadoop-ozone/integration-test/target/test-classes/webapps/static,AVAILABLE}
2019-08-29 01:06:42,068 [main] INFO  handler.ContextHandler (ContextHandler.java:doStart(781)) - Started o.e.j.w.WebAppContext@2d258eff{/,file:///workdir/hadoop-ozone/integration-test/target/test-classes/webapps/scm/,AVAILABLE}{/scm}
2019-08-29 01:06:42,068 [main] INFO  server.AbstractConnector (AbstractConnector.java:doStart(278)) - Started ServerConnector@64502326{HTTP/1.1,[http/1.1]}{0.0.0.0:34249}
2019-08-29 01:06:42,069 [main] INFO  server.Server (Server.java:doStart(419)) - Started @200094ms
2019-08-29 01:06:42,070 [main] INFO  server.BaseHttpServer (BaseHttpServer.java:updateConnectorAddress(226)) - HTTP server of SCM is listening at http://0.0.0.0:34249
2019-08-29 01:06:42,070 [main] WARN  server.ServerUtils (ServerUtils.java:getDBPath(232)) - ozone.om.db.dirs is not configured. We recommend adding this setting. Falling back to ozone.metadata.dirs instead.
2019-08-29 01:06:42,071 [org.apache.hadoop.util.JvmPauseMonitor$Monitor@4a058df8] INFO  util.JvmPauseMonitor (JvmPauseMonitor.java:run(188)) - Starting JVM pause monitor
2019-08-29 01:06:42,093 [main] WARN  server.ServerUtils (ServerUtils.java:getDBPath(232)) - ozone.om.db.dirs is not configured. We recommend adding this setting. Falling back to ozone.metadata.dirs instead.
2019-08-29 01:06:42,093 [main] WARN  server.ServerUtils (ServerUtils.java:getDBPath(232)) - ozone.om.db.dirs is not configured. We recommend adding this setting. Falling back to ozone.metadata.dirs instead.
2019-08-29 01:06:42,094 [main] INFO  om.OzoneManager (OzoneManager.java:setOMNodeDetails(645)) - OM Service ID is not set. Setting it to the default ID: omServiceIdDefault
2019-08-29 01:06:42,094 [main] INFO  om.OzoneManager (OzoneManager.java:setOMNodeDetails(651)) - OM Node ID is not set. Setting it to the OmStorage's OmID: a5168455-ae9d-4581-80c9-bc4a6f5c5946
2019-08-29 01:06:42,094 [main] INFO  om.OzoneManager (OzoneManager.java:loadOMHAConfigs(602)) - Found matching OM address with OMServiceId: null, OMNodeId: null, RPC Address: localhost:0 and Ratis port: 9872
2019-08-29 01:06:42,099 | INFO  | SCMAudit | user=jenkins1000 | ip=127.0.0.1 | op=GET_SCM_INFO null | ret=SUCCESS |  
2019-08-29 01:06:42,102 [main] WARN  server.ServerUtils (ServerUtils.java:getDBPath(232)) - ozone.om.db.dirs is not configured. We recommend adding this setting. Falling back to ozone.metadata.dirs instead.
2019-08-29 01:06:42,102 [main] INFO  db.DBStoreBuilder (DBStoreBuilder.java:addTable(110)) - using custom profile for table: userTable
2019-08-29 01:06:42,102 [main] INFO  db.DBStoreBuilder (DBStoreBuilder.java:processTables(161)) - Using default column profile:DBProfile.DISK for Table:userTable
2019-08-29 01:06:42,103 [main] INFO  db.DBStoreBuilder (DBStoreBuilder.java:addTable(110)) - using custom profile for table: volumeTable
2019-08-29 01:06:42,103 [main] INFO  db.DBStoreBuilder (DBStoreBuilder.java:processTables(161)) - Using default column profile:DBProfile.DISK for Table:volumeTable
2019-08-29 01:06:42,103 [main] INFO  db.DBStoreBuilder (DBStoreBuilder.java:addTable(110)) - using custom profile for table: bucketTable
2019-08-29 01:06:42,103 [main] INFO  db.DBStoreBuilder (DBStoreBuilder.java:processTables(161)) - Using default column profile:DBProfile.DISK for Table:bucketTable
2019-08-29 01:06:42,103 [main] INFO  db.DBStoreBuilder (DBStoreBuilder.java:addTable(110)) - using custom profile for table: keyTable
2019-08-29 01:06:42,104 [main] INFO  db.DBStoreBuilder (DBStoreBuilder.java:processTables(161)) - Using default column profile:DBProfile.DISK for Table:keyTable
2019-08-29 01:06:42,104 [main] INFO  db.DBStoreBuilder (DBStoreBuilder.java:addTable(110)) - using custom profile for table: deletedTable
2019-08-29 01:06:42,104 [main] INFO  db.DBStoreBuilder (DBStoreBuilder.java:processTables(161)) - Using default column profile:DBProfile.DISK for Table:deletedTable
2019-08-29 01:06:42,104 [main] INFO  db.DBStoreBuilder (DBStoreBuilder.java:addTable(110)) - using custom profile for table: openKeyTable
2019-08-29 01:06:42,104 [main] INFO  db.DBStoreBuilder (DBStoreBuilder.java:processTables(161)) - Using default column profile:DBProfile.DISK for Table:openKeyTable
2019-08-29 01:06:42,104 [main] INFO  db.DBStoreBuilder (DBStoreBuilder.java:addTable(110)) - using custom profile for table: s3Table
2019-08-29 01:06:42,105 [main] INFO  db.DBStoreBuilder (DBStoreBuilder.java:processTables(161)) - Using default column profile:DBProfile.DISK for Table:s3Table
2019-08-29 01:06:42,105 [main] INFO  db.DBStoreBuilder (DBStoreBuilder.java:addTable(110)) - using custom profile for table: multipartInfoTable
2019-08-29 01:06:42,105 [main] INFO  db.DBStoreBuilder (DBStoreBuilder.java:processTables(161)) - Using default column profile:DBProfile.DISK for Table:multipartInfoTable
2019-08-29 01:06:42,105 [main] INFO  db.DBStoreBuilder (DBStoreBuilder.java:addTable(110)) - using custom profile for table: dTokenTable
2019-08-29 01:06:42,105 [main] INFO  db.DBStoreBuilder (DBStoreBuilder.java:processTables(161)) - Using default column profile:DBProfile.DISK for Table:dTokenTable
2019-08-29 01:06:42,106 [main] INFO  db.DBStoreBuilder (DBStoreBuilder.java:addTable(110)) - using custom profile for table: s3SecretTable
2019-08-29 01:06:42,106 [main] INFO  db.DBStoreBuilder (DBStoreBuilder.java:processTables(161)) - Using default column profile:DBProfile.DISK for Table:s3SecretTable
2019-08-29 01:06:42,106 [main] INFO  db.DBStoreBuilder (DBStoreBuilder.java:addTable(110)) - using custom profile for table: prefixTable
2019-08-29 01:06:42,106 [main] INFO  db.DBStoreBuilder (DBStoreBuilder.java:processTables(161)) - Using default column profile:DBProfile.DISK for Table:prefixTable
2019-08-29 01:06:42,106 [main] INFO  db.DBStoreBuilder (DBStoreBuilder.java:addTable(110)) - using custom profile for table: default
2019-08-29 01:06:42,106 [main] INFO  db.DBStoreBuilder (DBStoreBuilder.java:processTables(167)) - Using default column profile:DBProfile.DISK for Table:default
2019-08-29 01:06:42,107 [main] INFO  db.DBStoreBuilder (DBStoreBuilder.java:getDbProfile(198)) - Using default options. DBProfile.DISK
2019-08-29 01:06:42,830 [main] INFO  ipc.CallQueueManager (CallQueueManager.java:<init>(84)) - Using callQueue: class java.util.concurrent.LinkedBlockingQueue, queueCapacity: 2000, scheduler: class org.apache.hadoop.ipc.DefaultRpcScheduler, ipcBackoff: false.
2019-08-29 01:06:42,832 [Socket Reader #1 for port 43790] INFO  ipc.Server (Server.java:run(1074)) - Starting Socket Reader #1 for port 43790
2019-08-29 01:06:42,851 [main] INFO  om.OzoneManager (OzoneManager.java:start(1256)) - OzoneManager RPC server is listening at localhost/127.0.0.1:43790
2019-08-29 01:06:42,851 [main] INFO  impl.MetricsSystemImpl (MetricsSystemImpl.java:init(158)) - OzoneManager metrics system started (again)
2019-08-29 01:06:42,852 [IPC Server Responder] INFO  ipc.Server (Server.java:run(1314)) - IPC Server Responder: starting
2019-08-29 01:06:42,852 [IPC Server listener on 43790] INFO  ipc.Server (Server.java:run(1153)) - IPC Server listener on 43790: starting
2019-08-29 01:06:42,858 [main] INFO  hdfs.DFSUtil (DFSUtil.java:httpServerTemplateForNNAndJN(1641)) - Starting Web-server for ozoneManager at: http://0.0.0.0:0
2019-08-29 01:06:42,860 [main] INFO  server.AuthenticationFilter (AuthenticationFilter.java:constructSecretProvider(240)) - Unable to initialize FileSignerSecretProvider, falling back to use random secrets.
2019-08-29 01:06:42,861 [main] WARN  http.HttpRequestLog (HttpRequestLog.java:getRequestLog(97)) - Jetty request log can only be enabled using Log4j
2019-08-29 01:06:42,864 [main] INFO  http.HttpServer2 (HttpServer2.java:addGlobalFilter(975)) - Added global filter 'safety' (class=org.apache.hadoop.http.HttpServer2$QuotingInputFilter)
2019-08-29 01:06:42,865 [main] INFO  http.HttpServer2 (HttpServer2.java:addFilter(948)) - Added filter static_user_filter (class=org.apache.hadoop.http.lib.StaticUserWebFilter$StaticUserFilter) to context ozoneManager
2019-08-29 01:06:42,866 [main] INFO  http.HttpServer2 (HttpServer2.java:addFilter(958)) - Added filter static_user_filter (class=org.apache.hadoop.http.lib.StaticUserWebFilter$StaticUserFilter) to context static
2019-08-29 01:06:42,866 [main] INFO  http.HttpServer2 (HttpServer2.java:addFilter(958)) - Added filter static_user_filter (class=org.apache.hadoop.http.lib.StaticUserWebFilter$StaticUserFilter) to context logs
2019-08-29 01:06:42,867 [main] INFO  http.HttpServer2 (HttpServer2.java:bindListener(1191)) - Jetty bound to port 38544
2019-08-29 01:06:42,867 [main] INFO  server.Server (Server.java:doStart(351)) - jetty-9.3.24.v20180605, build timestamp: 2018-06-05T17:11:56Z, git hash: 84205aa28f11a4f31f2a3b86d1bba2cc8ab69827
2019-08-29 01:06:42,870 [main] INFO  handler.ContextHandler (ContextHandler.java:doStart(781)) - Started o.e.j.s.ServletContextHandler@681c0ae6{/logs,file:///workdir/hadoop-ozone/integration-test/target/log,AVAILABLE}
2019-08-29 01:06:42,870 [main] INFO  handler.ContextHandler (ContextHandler.java:doStart(781)) - Started o.e.j.s.ServletContextHandler@4d98e41b{/static,file:///workdir/hadoop-ozone/integration-test/target/test-classes/webapps/static,AVAILABLE}
2019-08-29 01:06:42,877 [main] INFO  handler.ContextHandler (ContextHandler.java:doStart(781)) - Started o.e.j.w.WebAppContext@415d88de{/,file:///workdir/hadoop-ozone/integration-test/target/test-classes/webapps/ozoneManager/,AVAILABLE}{/ozoneManager}
2019-08-29 01:06:42,877 [main] INFO  server.AbstractConnector (AbstractConnector.java:doStart(278)) - Started ServerConnector@a0bf272{HTTP/1.1,[http/1.1]}{0.0.0.0:38544}
2019-08-29 01:06:42,878 [main] INFO  server.Server (Server.java:doStart(419)) - Started @200903ms
2019-08-29 01:06:42,880 [main] INFO  server.BaseHttpServer (BaseHttpServer.java:updateConnectorAddress(226)) - HTTP server of OZONEMANAGER is listening at http://0.0.0.0:38544
2019-08-29 01:06:42,903 [main] INFO  impl.MetricsSystemImpl (MetricsSystemImpl.java:init(158)) - HddsDatanode metrics system started (again)
2019-08-29 01:06:42,907 [main] INFO  ozone.HddsDatanodeService (HddsDatanodeService.java:start(190)) - HddsDatanodeService host:pr-hdds-2050-x2mk7-2257017151 ip:192.168.69.96
2019-08-29 01:06:42,914 [main] INFO  volume.HddsVolume (HddsVolume.java:<init>(176)) - Creating Volume: /workdir/hadoop-ozone/integration-test/target/test-dir/MiniOzoneClusterImpl-99ad9353-596e-44f9-b4ca-7c7cdd5df1c6/datanode-0/data/containers/hdds of  storage type : DISK and capacity : 1482555576320
2019-08-29 01:06:42,914 [main] INFO  volume.VolumeSet (VolumeSet.java:initializeVolumeSet(170)) - Added Volume : /workdir/hadoop-ozone/integration-test/target/test-dir/MiniOzoneClusterImpl-99ad9353-596e-44f9-b4ca-7c7cdd5df1c6/datanode-0/data/containers/hdds to VolumeSet
2019-08-29 01:06:42,915 [main] INFO  volume.ThrottledAsyncChecker (ThrottledAsyncChecker.java:schedule(140)) - Scheduling a check for org.apache.hadoop.ozone.container.common.volume.HddsVolume@57f8951a
2019-08-29 01:06:42,916 [main] INFO  volume.HddsVolumeChecker (HddsVolumeChecker.java:checkAllVolumes(203)) - Scheduled health check for volume org.apache.hadoop.ozone.container.common.volume.HddsVolume@57f8951a
2019-08-29 01:06:42,933 [main] INFO  impl.RaftServerProxy (ConfUtils.java:logGet(43)) - raft.rpc.type = GRPC (default)
2019-08-29 01:06:42,933 [main] INFO  grpc.GrpcFactory (GrpcFactory.java:checkPooledByteBufAllocatorUseCacheForAllThreads(45)) - PERFORMANCE WARNING: useCacheForAllThreads is true that may cause Netty to create a lot garbage objects and, as a result, trigger GC.
	It is recommended to disable useCacheForAllThreads by setting -Dorg.apache.ratis.thirdparty.io.netty.allocator.useCacheForAllThreads=false in command line.
2019-08-29 01:06:42,933 [main] INFO  grpc.GrpcConfigKeys$Server (ConfUtils.java:logGet(43)) - raft.grpc.server.port = 0 (default)
2019-08-29 01:06:42,934 [main] INFO  server.GrpcService (ConfUtils.java:logGet(43)) - raft.grpc.message.size.max = 33570816 (custom)
2019-08-29 01:06:42,934 [main] INFO  server.RaftServerConfigKeys (ConfUtils.java:logGet(43)) - raft.server.log.appender.buffer.byte-limit = 33554432 (custom)
2019-08-29 01:06:42,934 [main] INFO  server.GrpcService (ConfUtils.java:logGet(43)) - raft.grpc.flow.control.window = 1MB (=1048576) (default)
2019-08-29 01:06:42,934 [main] INFO  server.RaftServerConfigKeys (ConfUtils.java:logGet(43)) - raft.server.rpc.request.timeout = 3000ms (default)
2019-08-29 01:06:42,935 [main] INFO  server.RaftServerConfigKeys (ConfUtils.java:logGet(43)) - raft.server.storage.dir = [/workdir/hadoop-ozone/integration-test/target/test-dir/MiniOzoneClusterImpl-99ad9353-596e-44f9-b4ca-7c7cdd5df1c6/datanode-0/data/ratis] (custom)
2019-08-29 01:06:42,936 [main] INFO  replication.SimpleContainerDownloader (SimpleContainerDownloader.java:<init>(72)) - Starting container downloader service to copy containers to replicate.
2019-08-29 01:06:42,937 [main] INFO  hdfs.DFSUtil (DFSUtil.java:httpServerTemplateForNNAndJN(1641)) - Starting Web-server for hddsDatanode at: http://0.0.0.0:0
2019-08-29 01:06:42,939 [main] INFO  server.AuthenticationFilter (AuthenticationFilter.java:constructSecretProvider(240)) - Unable to initialize FileSignerSecretProvider, falling back to use random secrets.
2019-08-29 01:06:42,940 [main] WARN  http.HttpRequestLog (HttpRequestLog.java:getRequestLog(97)) - Jetty request log can only be enabled using Log4j
2019-08-29 01:06:42,942 [main] INFO  http.HttpServer2 (HttpServer2.java:addGlobalFilter(975)) - Added global filter 'safety' (class=org.apache.hadoop.http.HttpServer2$QuotingInputFilter)
2019-08-29 01:06:42,943 [main] INFO  http.HttpServer2 (HttpServer2.java:addFilter(948)) - Added filter static_user_filter (class=org.apache.hadoop.http.lib.StaticUserWebFilter$StaticUserFilter) to context hddsDatanode
2019-08-29 01:06:42,943 [main] INFO  http.HttpServer2 (HttpServer2.java:addFilter(958)) - Added filter static_user_filter (class=org.apache.hadoop.http.lib.StaticUserWebFilter$StaticUserFilter) to context static
2019-08-29 01:06:42,943 [main] INFO  http.HttpServer2 (HttpServer2.java:addFilter(958)) - Added filter static_user_filter (class=org.apache.hadoop.http.lib.StaticUserWebFilter$StaticUserFilter) to context logs
2019-08-29 01:06:42,944 [main] INFO  http.HttpServer2 (HttpServer2.java:bindListener(1191)) - Jetty bound to port 43825
2019-08-29 01:06:42,945 [main] INFO  server.Server (Server.java:doStart(351)) - jetty-9.3.24.v20180605, build timestamp: 2018-06-05T17:11:56Z, git hash: 84205aa28f11a4f31f2a3b86d1bba2cc8ab69827
2019-08-29 01:06:42,947 [main] INFO  handler.ContextHandler (ContextHandler.java:doStart(781)) - Started o.e.j.s.ServletContextHandler@2c30c81d{/logs,file:///workdir/hadoop-ozone/integration-test/target/log,AVAILABLE}
2019-08-29 01:06:42,948 [main] INFO  handler.ContextHandler (ContextHandler.java:doStart(781)) - Started o.e.j.s.ServletContextHandler@a54acec{/static,jar:file:/home/user/.m2/repository/org/apache/hadoop/hadoop-hdds-container-service/0.5.0-SNAPSHOT/hadoop-hdds-container-service-0.5.0-SNAPSHOT.jar!/webapps/static,AVAILABLE}
2019-08-29 01:06:42,997 [main] INFO  handler.ContextHandler (ContextHandler.java:doStart(781)) - Started o.e.j.w.WebAppContext@385d819{/,file:///tmp/jetty-0.0.0.0-43825-hddsDatanode-_-any-1082892212137844098.dir/webapp/,AVAILABLE}{/hddsDatanode}
2019-08-29 01:06:42,997 [main] INFO  server.AbstractConnector (AbstractConnector.java:doStart(278)) - Started ServerConnector@4315c28c{HTTP/1.1,[http/1.1]}{0.0.0.0:43825}
2019-08-29 01:06:42,999 [main] INFO  server.Server (Server.java:doStart(419)) - Started @201024ms
2019-08-29 01:06:43,000 [main] INFO  server.BaseHttpServer (BaseHttpServer.java:updateConnectorAddress(226)) - HTTP server of HDDSDATANODE is listening at http://0.0.0.0:43825
2019-08-29 01:06:43,000 [main] INFO  impl.MetricsSystemImpl (MetricsSystemImpl.java:init(158)) - HddsDatanode metrics system started (again)
2019-08-29 01:06:43,004 [org.apache.hadoop.util.JvmPauseMonitor$Monitor@54fb914b] INFO  util.JvmPauseMonitor (JvmPauseMonitor.java:run(188)) - Starting JVM pause monitor
2019-08-29 01:06:43,004 [main] INFO  ozone.HddsDatanodeService (HddsDatanodeService.java:start(190)) - HddsDatanodeService host:pr-hdds-2050-x2mk7-2257017151 ip:192.168.69.96
2019-08-29 01:06:43,006 [Datanode State Machine Thread - 0] INFO  datanode.InitDatanodeState (InitDatanodeState.java:persistContainerDatanodeDetails(140)) - DatanodeDetails is persisted to /workdir/hadoop-ozone/integration-test/target/test-dir/MiniOzoneClusterImpl-99ad9353-596e-44f9-b4ca-7c7cdd5df1c6/datanode-0/meta/datanode.id
2019-08-29 01:06:43,012 [main] INFO  volume.HddsVolume (HddsVolume.java:<init>(176)) - Creating Volume: /workdir/hadoop-ozone/integration-test/target/test-dir/MiniOzoneClusterImpl-99ad9353-596e-44f9-b4ca-7c7cdd5df1c6/datanode-1/data/containers/hdds of  storage type : DISK and capacity : 1482555576320
2019-08-29 01:06:43,013 [main] INFO  volume.VolumeSet (VolumeSet.java:initializeVolumeSet(170)) - Added Volume : /workdir/hadoop-ozone/integration-test/target/test-dir/MiniOzoneClusterImpl-99ad9353-596e-44f9-b4ca-7c7cdd5df1c6/datanode-1/data/containers/hdds to VolumeSet
2019-08-29 01:06:43,013 [main] INFO  volume.ThrottledAsyncChecker (ThrottledAsyncChecker.java:schedule(140)) - Scheduling a check for org.apache.hadoop.ozone.container.common.volume.HddsVolume@71560f51
2019-08-29 01:06:43,014 [main] INFO  volume.HddsVolumeChecker (HddsVolumeChecker.java:checkAllVolumes(203)) - Scheduled health check for volume org.apache.hadoop.ozone.container.common.volume.HddsVolume@71560f51
2019-08-29 01:06:43,032 [main] INFO  impl.RaftServerProxy (ConfUtils.java:logGet(43)) - raft.rpc.type = GRPC (default)
2019-08-29 01:06:43,032 [main] INFO  grpc.GrpcFactory (GrpcFactory.java:checkPooledByteBufAllocatorUseCacheForAllThreads(45)) - PERFORMANCE WARNING: useCacheForAllThreads is true that may cause Netty to create a lot garbage objects and, as a result, trigger GC.
	It is recommended to disable useCacheForAllThreads by setting -Dorg.apache.ratis.thirdparty.io.netty.allocator.useCacheForAllThreads=false in command line.
2019-08-29 01:06:43,032 [main] INFO  grpc.GrpcConfigKeys$Server (ConfUtils.java:logGet(43)) - raft.grpc.server.port = 0 (default)
2019-08-29 01:06:43,033 [main] INFO  server.GrpcService (ConfUtils.java:logGet(43)) - raft.grpc.message.size.max = 33570816 (custom)
2019-08-29 01:06:43,033 [main] INFO  server.RaftServerConfigKeys (ConfUtils.java:logGet(43)) - raft.server.log.appender.buffer.byte-limit = 33554432 (custom)
2019-08-29 01:06:43,033 [main] INFO  server.GrpcService (ConfUtils.java:logGet(43)) - raft.grpc.flow.control.window = 1MB (=1048576) (default)
2019-08-29 01:06:43,033 [main] INFO  server.RaftServerConfigKeys (ConfUtils.java:logGet(43)) - raft.server.rpc.request.timeout = 3000ms (default)
2019-08-29 01:06:43,034 [main] INFO  server.RaftServerConfigKeys (ConfUtils.java:logGet(43)) - raft.server.storage.dir = [/workdir/hadoop-ozone/integration-test/target/test-dir/MiniOzoneClusterImpl-99ad9353-596e-44f9-b4ca-7c7cdd5df1c6/datanode-1/data/ratis] (custom)
2019-08-29 01:06:43,035 [main] INFO  replication.SimpleContainerDownloader (SimpleContainerDownloader.java:<init>(72)) - Starting container downloader service to copy containers to replicate.
2019-08-29 01:06:43,036 [main] INFO  hdfs.DFSUtil (DFSUtil.java:httpServerTemplateForNNAndJN(1641)) - Starting Web-server for hddsDatanode at: http://0.0.0.0:0
2019-08-29 01:06:43,037 [main] INFO  server.AuthenticationFilter (AuthenticationFilter.java:constructSecretProvider(240)) - Unable to initialize FileSignerSecretProvider, falling back to use random secrets.
2019-08-29 01:06:43,038 [main] WARN  http.HttpRequestLog (HttpRequestLog.java:getRequestLog(97)) - Jetty request log can only be enabled using Log4j
2019-08-29 01:06:43,039 [main] INFO  http.HttpServer2 (HttpServer2.java:addGlobalFilter(975)) - Added global filter 'safety' (class=org.apache.hadoop.http.HttpServer2$QuotingInputFilter)
2019-08-29 01:06:43,040 [main] INFO  http.HttpServer2 (HttpServer2.java:addFilter(948)) - Added filter static_user_filter (class=org.apache.hadoop.http.lib.StaticUserWebFilter$StaticUserFilter) to context hddsDatanode
2019-08-29 01:06:43,040 [main] INFO  http.HttpServer2 (HttpServer2.java:addFilter(958)) - Added filter static_user_filter (class=org.apache.hadoop.http.lib.StaticUserWebFilter$StaticUserFilter) to context static
2019-08-29 01:06:43,040 [main] INFO  http.HttpServer2 (HttpServer2.java:addFilter(958)) - Added filter static_user_filter (class=org.apache.hadoop.http.lib.StaticUserWebFilter$StaticUserFilter) to context logs
2019-08-29 01:06:43,041 [main] INFO  http.HttpServer2 (HttpServer2.java:bindListener(1191)) - Jetty bound to port 36515
2019-08-29 01:06:43,041 [main] INFO  server.Server (Server.java:doStart(351)) - jetty-9.3.24.v20180605, build timestamp: 2018-06-05T17:11:56Z, git hash: 84205aa28f11a4f31f2a3b86d1bba2cc8ab69827
2019-08-29 01:06:43,043 [main] INFO  handler.ContextHandler (ContextHandler.java:doStart(781)) - Started o.e.j.s.ServletContextHandler@267f9765{/logs,file:///workdir/hadoop-ozone/integration-test/target/log,AVAILABLE}
2019-08-29 01:06:43,044 [main] INFO  handler.ContextHandler (ContextHandler.java:doStart(781)) - Started o.e.j.s.ServletContextHandler@261de205{/static,jar:file:/home/user/.m2/repository/org/apache/hadoop/hadoop-hdds-container-service/0.5.0-SNAPSHOT/hadoop-hdds-container-service-0.5.0-SNAPSHOT.jar!/webapps/static,AVAILABLE}
2019-08-29 01:06:43,075 [main] INFO  handler.ContextHandler (ContextHandler.java:doStart(781)) - Started o.e.j.w.WebAppContext@6d963d70{/,file:///tmp/jetty-0.0.0.0-36515-hddsDatanode-_-any-3406320615296521571.dir/webapp/,AVAILABLE}{/hddsDatanode}
2019-08-29 01:06:43,075 [main] INFO  server.AbstractConnector (AbstractConnector.java:doStart(278)) - Started ServerConnector@467045c4{HTTP/1.1,[http/1.1]}{0.0.0.0:36515}
2019-08-29 01:06:43,076 [main] INFO  server.Server (Server.java:doStart(419)) - Started @201101ms
2019-08-29 01:06:43,077 [main] INFO  server.BaseHttpServer (BaseHttpServer.java:updateConnectorAddress(226)) - HTTP server of HDDSDATANODE is listening at http://0.0.0.0:36515
2019-08-29 01:06:43,077 [main] INFO  impl.MetricsSystemImpl (MetricsSystemImpl.java:init(158)) - HddsDatanode metrics system started (again)
2019-08-29 01:06:43,080 [main] INFO  ozone.HddsDatanodeService (HddsDatanodeService.java:start(190)) - HddsDatanodeService host:pr-hdds-2050-x2mk7-2257017151 ip:192.168.69.96
2019-08-29 01:06:43,080 [org.apache.hadoop.util.JvmPauseMonitor$Monitor@61914279] INFO  util.JvmPauseMonitor (JvmPauseMonitor.java:run(188)) - Starting JVM pause monitor
2019-08-29 01:06:43,082 [Datanode State Machine Thread - 0] INFO  datanode.InitDatanodeState (InitDatanodeState.java:persistContainerDatanodeDetails(140)) - DatanodeDetails is persisted to /workdir/hadoop-ozone/integration-test/target/test-dir/MiniOzoneClusterImpl-99ad9353-596e-44f9-b4ca-7c7cdd5df1c6/datanode-1/meta/datanode.id
2019-08-29 01:06:43,087 [main] INFO  volume.HddsVolume (HddsVolume.java:<init>(176)) - Creating Volume: /workdir/hadoop-ozone/integration-test/target/test-dir/MiniOzoneClusterImpl-99ad9353-596e-44f9-b4ca-7c7cdd5df1c6/datanode-2/data/containers/hdds of  storage type : DISK and capacity : 1482555576320
2019-08-29 01:06:43,087 [main] INFO  volume.VolumeSet (VolumeSet.java:initializeVolumeSet(170)) - Added Volume : /workdir/hadoop-ozone/integration-test/target/test-dir/MiniOzoneClusterImpl-99ad9353-596e-44f9-b4ca-7c7cdd5df1c6/datanode-2/data/containers/hdds to VolumeSet
2019-08-29 01:06:43,087 [main] INFO  volume.ThrottledAsyncChecker (ThrottledAsyncChecker.java:schedule(140)) - Scheduling a check for org.apache.hadoop.ozone.container.common.volume.HddsVolume@2e590b
2019-08-29 01:06:43,088 [main] INFO  volume.HddsVolumeChecker (HddsVolumeChecker.java:checkAllVolumes(203)) - Scheduled health check for volume org.apache.hadoop.ozone.container.common.volume.HddsVolume@2e590b
2019-08-29 01:06:43,102 [main] INFO  impl.RaftServerProxy (ConfUtils.java:logGet(43)) - raft.rpc.type = GRPC (default)
2019-08-29 01:06:43,102 [main] INFO  grpc.GrpcFactory (GrpcFactory.java:checkPooledByteBufAllocatorUseCacheForAllThreads(45)) - PERFORMANCE WARNING: useCacheForAllThreads is true that may cause Netty to create a lot garbage objects and, as a result, trigger GC.
	It is recommended to disable useCacheForAllThreads by setting -Dorg.apache.ratis.thirdparty.io.netty.allocator.useCacheForAllThreads=false in command line.
2019-08-29 01:06:43,102 [main] INFO  grpc.GrpcConfigKeys$Server (ConfUtils.java:logGet(43)) - raft.grpc.server.port = 0 (default)
2019-08-29 01:06:43,102 [main] INFO  server.GrpcService (ConfUtils.java:logGet(43)) - raft.grpc.message.size.max = 33570816 (custom)
2019-08-29 01:06:43,102 [main] INFO  server.RaftServerConfigKeys (ConfUtils.java:logGet(43)) - raft.server.log.appender.buffer.byte-limit = 33554432 (custom)
2019-08-29 01:06:43,103 [main] INFO  server.GrpcService (ConfUtils.java:logGet(43)) - raft.grpc.flow.control.window = 1MB (=1048576) (default)
2019-08-29 01:06:43,103 [main] INFO  server.RaftServerConfigKeys (ConfUtils.java:logGet(43)) - raft.server.rpc.request.timeout = 3000ms (default)
2019-08-29 01:06:43,103 [main] INFO  server.RaftServerConfigKeys (ConfUtils.java:logGet(43)) - raft.server.storage.dir = [/workdir/hadoop-ozone/integration-test/target/test-dir/MiniOzoneClusterImpl-99ad9353-596e-44f9-b4ca-7c7cdd5df1c6/datanode-2/data/ratis] (custom)
2019-08-29 01:06:43,104 [main] INFO  replication.SimpleContainerDownloader (SimpleContainerDownloader.java:<init>(72)) - Starting container downloader service to copy containers to replicate.
2019-08-29 01:06:43,105 [main] INFO  hdfs.DFSUtil (DFSUtil.java:httpServerTemplateForNNAndJN(1641)) - Starting Web-server for hddsDatanode at: http://0.0.0.0:0
2019-08-29 01:06:43,106 [main] INFO  server.AuthenticationFilter (AuthenticationFilter.java:constructSecretProvider(240)) - Unable to initialize FileSignerSecretProvider, falling back to use random secrets.
2019-08-29 01:06:43,107 [main] WARN  http.HttpRequestLog (HttpRequestLog.java:getRequestLog(97)) - Jetty request log can only be enabled using Log4j
2019-08-29 01:06:43,108 [main] INFO  http.HttpServer2 (HttpServer2.java:addGlobalFilter(975)) - Added global filter 'safety' (class=org.apache.hadoop.http.HttpServer2$QuotingInputFilter)
2019-08-29 01:06:43,108 [main] INFO  http.HttpServer2 (HttpServer2.java:addFilter(948)) - Added filter static_user_filter (class=org.apache.hadoop.http.lib.StaticUserWebFilter$StaticUserFilter) to context hddsDatanode
2019-08-29 01:06:43,109 [main] INFO  http.HttpServer2 (HttpServer2.java:addFilter(958)) - Added filter static_user_filter (class=org.apache.hadoop.http.lib.StaticUserWebFilter$StaticUserFilter) to context static
2019-08-29 01:06:43,109 [main] INFO  http.HttpServer2 (HttpServer2.java:addFilter(958)) - Added filter static_user_filter (class=org.apache.hadoop.http.lib.StaticUserWebFilter$StaticUserFilter) to context logs
2019-08-29 01:06:43,109 [main] INFO  http.HttpServer2 (HttpServer2.java:bindListener(1191)) - Jetty bound to port 42675
2019-08-29 01:06:43,109 [main] INFO  server.Server (Server.java:doStart(351)) - jetty-9.3.24.v20180605, build timestamp: 2018-06-05T17:11:56Z, git hash: 84205aa28f11a4f31f2a3b86d1bba2cc8ab69827
2019-08-29 01:06:43,112 [main] INFO  handler.ContextHandler (ContextHandler.java:doStart(781)) - Started o.e.j.s.ServletContextHandler@3ca14cf4{/logs,file:///workdir/hadoop-ozone/integration-test/target/log,AVAILABLE}
2019-08-29 01:06:43,112 [main] INFO  handler.ContextHandler (ContextHandler.java:doStart(781)) - Started o.e.j.s.ServletContextHandler@46c10083{/static,jar:file:/home/user/.m2/repository/org/apache/hadoop/hadoop-hdds-container-service/0.5.0-SNAPSHOT/hadoop-hdds-container-service-0.5.0-SNAPSHOT.jar!/webapps/static,AVAILABLE}
2019-08-29 01:06:43,153 [main] INFO  handler.ContextHandler (ContextHandler.java:doStart(781)) - Started o.e.j.w.WebAppContext@2f054f70{/,file:///tmp/jetty-0.0.0.0-42675-hddsDatanode-_-any-2542965096815346297.dir/webapp/,AVAILABLE}{/hddsDatanode}
2019-08-29 01:06:43,153 [main] INFO  server.AbstractConnector (AbstractConnector.java:doStart(278)) - Started ServerConnector@6467ddc7{HTTP/1.1,[http/1.1]}{0.0.0.0:42675}
2019-08-29 01:06:43,155 [main] INFO  server.Server (Server.java:doStart(419)) - Started @201180ms
2019-08-29 01:06:43,156 [main] INFO  server.BaseHttpServer (BaseHttpServer.java:updateConnectorAddress(226)) - HTTP server of HDDSDATANODE is listening at http://0.0.0.0:42675
2019-08-29 01:06:43,157 [main] INFO  impl.MetricsSystemImpl (MetricsSystemImpl.java:init(158)) - HddsDatanode metrics system started (again)
2019-08-29 01:06:43,160 [org.apache.hadoop.util.JvmPauseMonitor$Monitor@1d981143] INFO  util.JvmPauseMonitor (JvmPauseMonitor.java:run(188)) - Starting JVM pause monitor
2019-08-29 01:06:43,160 [main] INFO  ozone.HddsDatanodeService (HddsDatanodeService.java:start(190)) - HddsDatanodeService host:pr-hdds-2050-x2mk7-2257017151 ip:192.168.69.96
2019-08-29 01:06:43,162 [Datanode State Machine Thread - 0] INFO  datanode.InitDatanodeState (InitDatanodeState.java:persistContainerDatanodeDetails(140)) - DatanodeDetails is persisted to /workdir/hadoop-ozone/integration-test/target/test-dir/MiniOzoneClusterImpl-99ad9353-596e-44f9-b4ca-7c7cdd5df1c6/datanode-2/meta/datanode.id
2019-08-29 01:06:43,167 [main] INFO  volume.HddsVolume (HddsVolume.java:<init>(176)) - Creating Volume: /workdir/hadoop-ozone/integration-test/target/test-dir/MiniOzoneClusterImpl-99ad9353-596e-44f9-b4ca-7c7cdd5df1c6/datanode-3/data/containers/hdds of  storage type : DISK and capacity : 1482555576320
2019-08-29 01:06:43,167 [main] INFO  volume.VolumeSet (VolumeSet.java:initializeVolumeSet(170)) - Added Volume : /workdir/hadoop-ozone/integration-test/target/test-dir/MiniOzoneClusterImpl-99ad9353-596e-44f9-b4ca-7c7cdd5df1c6/datanode-3/data/containers/hdds to VolumeSet
2019-08-29 01:06:43,167 [main] INFO  volume.ThrottledAsyncChecker (ThrottledAsyncChecker.java:schedule(140)) - Scheduling a check for org.apache.hadoop.ozone.container.common.volume.HddsVolume@6c538eb2
2019-08-29 01:06:43,168 [main] INFO  volume.HddsVolumeChecker (HddsVolumeChecker.java:checkAllVolumes(203)) - Scheduled health check for volume org.apache.hadoop.ozone.container.common.volume.HddsVolume@6c538eb2
2019-08-29 01:06:43,182 [main] INFO  impl.RaftServerProxy (ConfUtils.java:logGet(43)) - raft.rpc.type = GRPC (default)
2019-08-29 01:06:43,182 [main] INFO  grpc.GrpcFactory (GrpcFactory.java:checkPooledByteBufAllocatorUseCacheForAllThreads(45)) - PERFORMANCE WARNING: useCacheForAllThreads is true that may cause Netty to create a lot garbage objects and, as a result, trigger GC.
	It is recommended to disable useCacheForAllThreads by setting -Dorg.apache.ratis.thirdparty.io.netty.allocator.useCacheForAllThreads=false in command line.
2019-08-29 01:06:43,182 [main] INFO  grpc.GrpcConfigKeys$Server (ConfUtils.java:logGet(43)) - raft.grpc.server.port = 0 (default)
2019-08-29 01:06:43,183 [main] INFO  server.GrpcService (ConfUtils.java:logGet(43)) - raft.grpc.message.size.max = 33570816 (custom)
2019-08-29 01:06:43,183 [main] INFO  server.RaftServerConfigKeys (ConfUtils.java:logGet(43)) - raft.server.log.appender.buffer.byte-limit = 33554432 (custom)
2019-08-29 01:06:43,183 [main] INFO  server.GrpcService (ConfUtils.java:logGet(43)) - raft.grpc.flow.control.window = 1MB (=1048576) (default)
2019-08-29 01:06:43,183 [main] INFO  server.RaftServerConfigKeys (ConfUtils.java:logGet(43)) - raft.server.rpc.request.timeout = 3000ms (default)
2019-08-29 01:06:43,184 [main] INFO  server.RaftServerConfigKeys (ConfUtils.java:logGet(43)) - raft.server.storage.dir = [/workdir/hadoop-ozone/integration-test/target/test-dir/MiniOzoneClusterImpl-99ad9353-596e-44f9-b4ca-7c7cdd5df1c6/datanode-3/data/ratis] (custom)
2019-08-29 01:06:43,184 [main] INFO  replication.SimpleContainerDownloader (SimpleContainerDownloader.java:<init>(72)) - Starting container downloader service to copy containers to replicate.
2019-08-29 01:06:43,185 [main] INFO  hdfs.DFSUtil (DFSUtil.java:httpServerTemplateForNNAndJN(1641)) - Starting Web-server for hddsDatanode at: http://0.0.0.0:0
2019-08-29 01:06:43,186 [main] INFO  server.AuthenticationFilter (AuthenticationFilter.java:constructSecretProvider(240)) - Unable to initialize FileSignerSecretProvider, falling back to use random secrets.
2019-08-29 01:06:43,186 [main] WARN  http.HttpRequestLog (HttpRequestLog.java:getRequestLog(97)) - Jetty request log can only be enabled using Log4j
2019-08-29 01:06:43,188 [main] INFO  http.HttpServer2 (HttpServer2.java:addGlobalFilter(975)) - Added global filter 'safety' (class=org.apache.hadoop.http.HttpServer2$QuotingInputFilter)
2019-08-29 01:06:43,188 [main] INFO  http.HttpServer2 (HttpServer2.java:addFilter(948)) - Added filter static_user_filter (class=org.apache.hadoop.http.lib.StaticUserWebFilter$StaticUserFilter) to context hddsDatanode
2019-08-29 01:06:43,188 [main] INFO  http.HttpServer2 (HttpServer2.java:addFilter(958)) - Added filter static_user_filter (class=org.apache.hadoop.http.lib.StaticUserWebFilter$StaticUserFilter) to context logs
2019-08-29 01:06:43,188 [main] INFO  http.HttpServer2 (HttpServer2.java:addFilter(958)) - Added filter static_user_filter (class=org.apache.hadoop.http.lib.StaticUserWebFilter$StaticUserFilter) to context static
2019-08-29 01:06:43,189 [main] INFO  http.HttpServer2 (HttpServer2.java:bindListener(1191)) - Jetty bound to port 41815
2019-08-29 01:06:43,189 [main] INFO  server.Server (Server.java:doStart(351)) - jetty-9.3.24.v20180605, build timestamp: 2018-06-05T17:11:56Z, git hash: 84205aa28f11a4f31f2a3b86d1bba2cc8ab69827
2019-08-29 01:06:43,191 [main] INFO  handler.ContextHandler (ContextHandler.java:doStart(781)) - Started o.e.j.s.ServletContextHandler@4b88ca8e{/logs,file:///workdir/hadoop-ozone/integration-test/target/log,AVAILABLE}
2019-08-29 01:06:43,191 [main] INFO  handler.ContextHandler (ContextHandler.java:doStart(781)) - Started o.e.j.s.ServletContextHandler@61608e1a{/static,jar:file:/home/user/.m2/repository/org/apache/hadoop/hadoop-hdds-container-service/0.5.0-SNAPSHOT/hadoop-hdds-container-service-0.5.0-SNAPSHOT.jar!/webapps/static,AVAILABLE}
2019-08-29 01:06:43,219 [main] INFO  handler.ContextHandler (ContextHandler.java:doStart(781)) - Started o.e.j.w.WebAppContext@7b351446{/,file:///tmp/jetty-0.0.0.0-41815-hddsDatanode-_-any-7674129922841648639.dir/webapp/,AVAILABLE}{/hddsDatanode}
2019-08-29 01:06:43,219 [main] INFO  server.AbstractConnector (AbstractConnector.java:doStart(278)) - Started ServerConnector@5f08fe00{HTTP/1.1,[http/1.1]}{0.0.0.0:41815}
2019-08-29 01:06:43,220 [main] INFO  server.Server (Server.java:doStart(419)) - Started @201245ms
2019-08-29 01:06:43,221 [main] INFO  server.BaseHttpServer (BaseHttpServer.java:updateConnectorAddress(226)) - HTTP server of HDDSDATANODE is listening at http://0.0.0.0:41815
2019-08-29 01:06:43,222 [main] INFO  impl.MetricsSystemImpl (MetricsSystemImpl.java:init(158)) - HddsDatanode metrics system started (again)
2019-08-29 01:06:43,225 [org.apache.hadoop.util.JvmPauseMonitor$Monitor@1ed2ccc2] INFO  util.JvmPauseMonitor (JvmPauseMonitor.java:run(188)) - Starting JVM pause monitor
2019-08-29 01:06:43,225 [main] INFO  ozone.HddsDatanodeService (HddsDatanodeService.java:start(190)) - HddsDatanodeService host:pr-hdds-2050-x2mk7-2257017151 ip:192.168.69.96
2019-08-29 01:06:43,227 [Datanode State Machine Thread - 0] INFO  datanode.InitDatanodeState (InitDatanodeState.java:persistContainerDatanodeDetails(140)) - DatanodeDetails is persisted to /workdir/hadoop-ozone/integration-test/target/test-dir/MiniOzoneClusterImpl-99ad9353-596e-44f9-b4ca-7c7cdd5df1c6/datanode-3/meta/datanode.id
2019-08-29 01:06:43,232 [main] INFO  volume.HddsVolume (HddsVolume.java:<init>(176)) - Creating Volume: /workdir/hadoop-ozone/integration-test/target/test-dir/MiniOzoneClusterImpl-99ad9353-596e-44f9-b4ca-7c7cdd5df1c6/datanode-4/data/containers/hdds of  storage type : DISK and capacity : 1482555576320
2019-08-29 01:06:43,232 [main] INFO  volume.VolumeSet (VolumeSet.java:initializeVolumeSet(170)) - Added Volume : /workdir/hadoop-ozone/integration-test/target/test-dir/MiniOzoneClusterImpl-99ad9353-596e-44f9-b4ca-7c7cdd5df1c6/datanode-4/data/containers/hdds to VolumeSet
2019-08-29 01:06:43,232 [main] INFO  volume.ThrottledAsyncChecker (ThrottledAsyncChecker.java:schedule(140)) - Scheduling a check for org.apache.hadoop.ozone.container.common.volume.HddsVolume@6a3fbcb1
2019-08-29 01:06:43,232 [main] INFO  volume.HddsVolumeChecker (HddsVolumeChecker.java:checkAllVolumes(203)) - Scheduled health check for volume org.apache.hadoop.ozone.container.common.volume.HddsVolume@6a3fbcb1
2019-08-29 01:06:43,245 [main] INFO  impl.RaftServerProxy (ConfUtils.java:logGet(43)) - raft.rpc.type = GRPC (default)
2019-08-29 01:06:43,245 [main] INFO  grpc.GrpcFactory (GrpcFactory.java:checkPooledByteBufAllocatorUseCacheForAllThreads(45)) - PERFORMANCE WARNING: useCacheForAllThreads is true that may cause Netty to create a lot garbage objects and, as a result, trigger GC.
	It is recommended to disable useCacheForAllThreads by setting -Dorg.apache.ratis.thirdparty.io.netty.allocator.useCacheForAllThreads=false in command line.
2019-08-29 01:06:43,245 [main] INFO  grpc.GrpcConfigKeys$Server (ConfUtils.java:logGet(43)) - raft.grpc.server.port = 0 (default)
2019-08-29 01:06:43,246 [main] INFO  server.GrpcService (ConfUtils.java:logGet(43)) - raft.grpc.message.size.max = 33570816 (custom)
2019-08-29 01:06:43,246 [main] INFO  server.RaftServerConfigKeys (ConfUtils.java:logGet(43)) - raft.server.log.appender.buffer.byte-limit = 33554432 (custom)
2019-08-29 01:06:43,246 [main] INFO  server.GrpcService (ConfUtils.java:logGet(43)) - raft.grpc.flow.control.window = 1MB (=1048576) (default)
2019-08-29 01:06:43,246 [main] INFO  server.RaftServerConfigKeys (ConfUtils.java:logGet(43)) - raft.server.rpc.request.timeout = 3000ms (default)
2019-08-29 01:06:43,246 [main] INFO  server.RaftServerConfigKeys (ConfUtils.java:logGet(43)) - raft.server.storage.dir = [/workdir/hadoop-ozone/integration-test/target/test-dir/MiniOzoneClusterImpl-99ad9353-596e-44f9-b4ca-7c7cdd5df1c6/datanode-4/data/ratis] (custom)
2019-08-29 01:06:43,247 [main] INFO  replication.SimpleContainerDownloader (SimpleContainerDownloader.java:<init>(72)) - Starting container downloader service to copy containers to replicate.
2019-08-29 01:06:43,248 [main] INFO  hdfs.DFSUtil (DFSUtil.java:httpServerTemplateForNNAndJN(1641)) - Starting Web-server for hddsDatanode at: http://0.0.0.0:0
2019-08-29 01:06:43,249 [main] INFO  server.AuthenticationFilter (AuthenticationFilter.java:constructSecretProvider(240)) - Unable to initialize FileSignerSecretProvider, falling back to use random secrets.
2019-08-29 01:06:43,249 [main] WARN  http.HttpRequestLog (HttpRequestLog.java:getRequestLog(97)) - Jetty request log can only be enabled using Log4j
2019-08-29 01:06:43,250 [main] INFO  http.HttpServer2 (HttpServer2.java:addGlobalFilter(975)) - Added global filter 'safety' (class=org.apache.hadoop.http.HttpServer2$QuotingInputFilter)
2019-08-29 01:06:43,251 [main] INFO  http.HttpServer2 (HttpServer2.java:addFilter(948)) - Added filter static_user_filter (class=org.apache.hadoop.http.lib.StaticUserWebFilter$StaticUserFilter) to context hddsDatanode
2019-08-29 01:06:43,251 [main] INFO  http.HttpServer2 (HttpServer2.java:addFilter(958)) - Added filter static_user_filter (class=org.apache.hadoop.http.lib.StaticUserWebFilter$StaticUserFilter) to context static
2019-08-29 01:06:43,251 [main] INFO  http.HttpServer2 (HttpServer2.java:addFilter(958)) - Added filter static_user_filter (class=org.apache.hadoop.http.lib.StaticUserWebFilter$StaticUserFilter) to context logs
2019-08-29 01:06:43,252 [main] INFO  http.HttpServer2 (HttpServer2.java:bindListener(1191)) - Jetty bound to port 46476
2019-08-29 01:06:43,252 [main] INFO  server.Server (Server.java:doStart(351)) - jetty-9.3.24.v20180605, build timestamp: 2018-06-05T17:11:56Z, git hash: 84205aa28f11a4f31f2a3b86d1bba2cc8ab69827
2019-08-29 01:06:43,253 [main] INFO  handler.ContextHandler (ContextHandler.java:doStart(781)) - Started o.e.j.s.ServletContextHandler@5e50df2e{/logs,file:///workdir/hadoop-ozone/integration-test/target/log,AVAILABLE}
2019-08-29 01:06:43,254 [main] INFO  handler.ContextHandler (ContextHandler.java:doStart(781)) - Started o.e.j.s.ServletContextHandler@c2cf597{/static,jar:file:/home/user/.m2/repository/org/apache/hadoop/hadoop-hdds-container-service/0.5.0-SNAPSHOT/hadoop-hdds-container-service-0.5.0-SNAPSHOT.jar!/webapps/static,AVAILABLE}
2019-08-29 01:06:43,281 [main] INFO  handler.ContextHandler (ContextHandler.java:doStart(781)) - Started o.e.j.w.WebAppContext@3a1b36a1{/,file:///tmp/jetty-0.0.0.0-46476-hddsDatanode-_-any-8388073790761751842.dir/webapp/,AVAILABLE}{/hddsDatanode}
2019-08-29 01:06:43,281 [main] INFO  server.AbstractConnector (AbstractConnector.java:doStart(278)) - Started ServerConnector@5e1a986c{HTTP/1.1,[http/1.1]}{0.0.0.0:46476}
2019-08-29 01:06:43,281 [main] INFO  server.Server (Server.java:doStart(419)) - Started @201306ms
2019-08-29 01:06:43,283 [main] INFO  server.BaseHttpServer (BaseHttpServer.java:updateConnectorAddress(226)) - HTTP server of HDDSDATANODE is listening at http://0.0.0.0:46476
2019-08-29 01:06:43,284 [main] INFO  impl.MetricsSystemImpl (MetricsSystemImpl.java:init(158)) - HddsDatanode metrics system started (again)
2019-08-29 01:06:43,287 [org.apache.hadoop.util.JvmPauseMonitor$Monitor@58b9fb1e] INFO  util.JvmPauseMonitor (JvmPauseMonitor.java:run(188)) - Starting JVM pause monitor
2019-08-29 01:06:43,287 [main] INFO  ozone.HddsDatanodeService (HddsDatanodeService.java:start(190)) - HddsDatanodeService host:pr-hdds-2050-x2mk7-2257017151 ip:192.168.69.96
2019-08-29 01:06:43,289 [Datanode State Machine Thread - 0] INFO  datanode.InitDatanodeState (InitDatanodeState.java:persistContainerDatanodeDetails(140)) - DatanodeDetails is persisted to /workdir/hadoop-ozone/integration-test/target/test-dir/MiniOzoneClusterImpl-99ad9353-596e-44f9-b4ca-7c7cdd5df1c6/datanode-4/meta/datanode.id
2019-08-29 01:06:43,294 [main] INFO  volume.HddsVolume (HddsVolume.java:<init>(176)) - Creating Volume: /workdir/hadoop-ozone/integration-test/target/test-dir/MiniOzoneClusterImpl-99ad9353-596e-44f9-b4ca-7c7cdd5df1c6/datanode-5/data/containers/hdds of  storage type : DISK and capacity : 1482555576320
2019-08-29 01:06:43,294 [main] INFO  volume.VolumeSet (VolumeSet.java:initializeVolumeSet(170)) - Added Volume : /workdir/hadoop-ozone/integration-test/target/test-dir/MiniOzoneClusterImpl-99ad9353-596e-44f9-b4ca-7c7cdd5df1c6/datanode-5/data/containers/hdds to VolumeSet
2019-08-29 01:06:43,294 [main] INFO  volume.ThrottledAsyncChecker (ThrottledAsyncChecker.java:schedule(140)) - Scheduling a check for org.apache.hadoop.ozone.container.common.volume.HddsVolume@44e4cb76
2019-08-29 01:06:43,295 [main] INFO  volume.HddsVolumeChecker (HddsVolumeChecker.java:checkAllVolumes(203)) - Scheduled health check for volume org.apache.hadoop.ozone.container.common.volume.HddsVolume@44e4cb76
2019-08-29 01:06:43,308 [main] INFO  impl.RaftServerProxy (ConfUtils.java:logGet(43)) - raft.rpc.type = GRPC (default)
2019-08-29 01:06:43,308 [main] INFO  grpc.GrpcFactory (GrpcFactory.java:checkPooledByteBufAllocatorUseCacheForAllThreads(45)) - PERFORMANCE WARNING: useCacheForAllThreads is true that may cause Netty to create a lot garbage objects and, as a result, trigger GC.
	It is recommended to disable useCacheForAllThreads by setting -Dorg.apache.ratis.thirdparty.io.netty.allocator.useCacheForAllThreads=false in command line.
2019-08-29 01:06:43,308 [main] INFO  grpc.GrpcConfigKeys$Server (ConfUtils.java:logGet(43)) - raft.grpc.server.port = 0 (default)
2019-08-29 01:06:43,309 [main] INFO  server.GrpcService (ConfUtils.java:logGet(43)) - raft.grpc.message.size.max = 33570816 (custom)
2019-08-29 01:06:43,309 [main] INFO  server.RaftServerConfigKeys (ConfUtils.java:logGet(43)) - raft.server.log.appender.buffer.byte-limit = 33554432 (custom)
2019-08-29 01:06:43,309 [main] INFO  server.GrpcService (ConfUtils.java:logGet(43)) - raft.grpc.flow.control.window = 1MB (=1048576) (default)
2019-08-29 01:06:43,309 [main] INFO  server.RaftServerConfigKeys (ConfUtils.java:logGet(43)) - raft.server.rpc.request.timeout = 3000ms (default)
2019-08-29 01:06:43,310 [main] INFO  server.RaftServerConfigKeys (ConfUtils.java:logGet(43)) - raft.server.storage.dir = [/workdir/hadoop-ozone/integration-test/target/test-dir/MiniOzoneClusterImpl-99ad9353-596e-44f9-b4ca-7c7cdd5df1c6/datanode-5/data/ratis] (custom)
2019-08-29 01:06:43,310 [main] INFO  replication.SimpleContainerDownloader (SimpleContainerDownloader.java:<init>(72)) - Starting container downloader service to copy containers to replicate.
2019-08-29 01:06:43,311 [main] INFO  hdfs.DFSUtil (DFSUtil.java:httpServerTemplateForNNAndJN(1641)) - Starting Web-server for hddsDatanode at: http://0.0.0.0:0
2019-08-29 01:06:43,312 [main] INFO  server.AuthenticationFilter (AuthenticationFilter.java:constructSecretProvider(240)) - Unable to initialize FileSignerSecretProvider, falling back to use random secrets.
2019-08-29 01:06:43,312 [main] WARN  http.HttpRequestLog (HttpRequestLog.java:getRequestLog(97)) - Jetty request log can only be enabled using Log4j
2019-08-29 01:06:43,313 [main] INFO  http.HttpServer2 (HttpServer2.java:addGlobalFilter(975)) - Added global filter 'safety' (class=org.apache.hadoop.http.HttpServer2$QuotingInputFilter)
2019-08-29 01:06:43,314 [main] INFO  http.HttpServer2 (HttpServer2.java:addFilter(948)) - Added filter static_user_filter (class=org.apache.hadoop.http.lib.StaticUserWebFilter$StaticUserFilter) to context hddsDatanode
2019-08-29 01:06:43,314 [main] INFO  http.HttpServer2 (HttpServer2.java:addFilter(958)) - Added filter static_user_filter (class=org.apache.hadoop.http.lib.StaticUserWebFilter$StaticUserFilter) to context static
2019-08-29 01:06:43,314 [main] INFO  http.HttpServer2 (HttpServer2.java:addFilter(958)) - Added filter static_user_filter (class=org.apache.hadoop.http.lib.StaticUserWebFilter$StaticUserFilter) to context logs
2019-08-29 01:06:43,315 [main] INFO  http.HttpServer2 (HttpServer2.java:bindListener(1191)) - Jetty bound to port 42977
2019-08-29 01:06:43,315 [main] INFO  server.Server (Server.java:doStart(351)) - jetty-9.3.24.v20180605, build timestamp: 2018-06-05T17:11:56Z, git hash: 84205aa28f11a4f31f2a3b86d1bba2cc8ab69827
2019-08-29 01:06:43,316 [main] INFO  handler.ContextHandler (ContextHandler.java:doStart(781)) - Started o.e.j.s.ServletContextHandler@4776e209{/logs,file:///workdir/hadoop-ozone/integration-test/target/log,AVAILABLE}
2019-08-29 01:06:43,316 [main] INFO  handler.ContextHandler (ContextHandler.java:doStart(781)) - Started o.e.j.s.ServletContextHandler@1f536481{/static,jar:file:/home/user/.m2/repository/org/apache/hadoop/hadoop-hdds-container-service/0.5.0-SNAPSHOT/hadoop-hdds-container-service-0.5.0-SNAPSHOT.jar!/webapps/static,AVAILABLE}
2019-08-29 01:06:43,344 [main] INFO  handler.ContextHandler (ContextHandler.java:doStart(781)) - Started o.e.j.w.WebAppContext@d653e41{/,file:///tmp/jetty-0.0.0.0-42977-hddsDatanode-_-any-4387478584891346574.dir/webapp/,AVAILABLE}{/hddsDatanode}
2019-08-29 01:06:43,345 [main] INFO  server.AbstractConnector (AbstractConnector.java:doStart(278)) - Started ServerConnector@3b78c683{HTTP/1.1,[http/1.1]}{0.0.0.0:42977}
2019-08-29 01:06:43,346 [main] INFO  server.Server (Server.java:doStart(419)) - Started @201371ms
2019-08-29 01:06:43,347 [main] INFO  server.BaseHttpServer (BaseHttpServer.java:updateConnectorAddress(226)) - HTTP server of HDDSDATANODE is listening at http://0.0.0.0:42977
2019-08-29 01:06:43,347 [main] INFO  impl.MetricsSystemImpl (MetricsSystemImpl.java:init(158)) - HddsDatanode metrics system started (again)
2019-08-29 01:06:43,350 [org.apache.hadoop.util.JvmPauseMonitor$Monitor@1b6afc3e] INFO  util.JvmPauseMonitor (JvmPauseMonitor.java:run(188)) - Starting JVM pause monitor
2019-08-29 01:06:43,351 [main] INFO  ozone.HddsDatanodeService (HddsDatanodeService.java:start(190)) - HddsDatanodeService host:pr-hdds-2050-x2mk7-2257017151 ip:192.168.69.96
2019-08-29 01:06:43,352 [Datanode State Machine Thread - 0] INFO  datanode.InitDatanodeState (InitDatanodeState.java:persistContainerDatanodeDetails(140)) - DatanodeDetails is persisted to /workdir/hadoop-ozone/integration-test/target/test-dir/MiniOzoneClusterImpl-99ad9353-596e-44f9-b4ca-7c7cdd5df1c6/datanode-5/meta/datanode.id
2019-08-29 01:06:43,357 [main] INFO  volume.HddsVolume (HddsVolume.java:<init>(176)) - Creating Volume: /workdir/hadoop-ozone/integration-test/target/test-dir/MiniOzoneClusterImpl-99ad9353-596e-44f9-b4ca-7c7cdd5df1c6/datanode-6/data/containers/hdds of  storage type : DISK and capacity : 1482555576320
2019-08-29 01:06:43,357 [main] INFO  volume.VolumeSet (VolumeSet.java:initializeVolumeSet(170)) - Added Volume : /workdir/hadoop-ozone/integration-test/target/test-dir/MiniOzoneClusterImpl-99ad9353-596e-44f9-b4ca-7c7cdd5df1c6/datanode-6/data/containers/hdds to VolumeSet
2019-08-29 01:06:43,357 [main] INFO  volume.ThrottledAsyncChecker (ThrottledAsyncChecker.java:schedule(140)) - Scheduling a check for org.apache.hadoop.ozone.container.common.volume.HddsVolume@c4d2c44
2019-08-29 01:06:43,358 [main] INFO  volume.HddsVolumeChecker (HddsVolumeChecker.java:checkAllVolumes(203)) - Scheduled health check for volume org.apache.hadoop.ozone.container.common.volume.HddsVolume@c4d2c44
2019-08-29 01:06:43,370 [main] INFO  impl.RaftServerProxy (ConfUtils.java:logGet(43)) - raft.rpc.type = GRPC (default)
2019-08-29 01:06:43,370 [main] INFO  grpc.GrpcFactory (GrpcFactory.java:checkPooledByteBufAllocatorUseCacheForAllThreads(45)) - PERFORMANCE WARNING: useCacheForAllThreads is true that may cause Netty to create a lot garbage objects and, as a result, trigger GC.
	It is recommended to disable useCacheForAllThreads by setting -Dorg.apache.ratis.thirdparty.io.netty.allocator.useCacheForAllThreads=false in command line.
2019-08-29 01:06:43,370 [main] INFO  grpc.GrpcConfigKeys$Server (ConfUtils.java:logGet(43)) - raft.grpc.server.port = 0 (default)
2019-08-29 01:06:43,370 [main] INFO  server.GrpcService (ConfUtils.java:logGet(43)) - raft.grpc.message.size.max = 33570816 (custom)
2019-08-29 01:06:43,371 [main] INFO  server.RaftServerConfigKeys (ConfUtils.java:logGet(43)) - raft.server.log.appender.buffer.byte-limit = 33554432 (custom)
2019-08-29 01:06:43,371 [main] INFO  server.GrpcService (ConfUtils.java:logGet(43)) - raft.grpc.flow.control.window = 1MB (=1048576) (default)
2019-08-29 01:06:43,371 [main] INFO  server.RaftServerConfigKeys (ConfUtils.java:logGet(43)) - raft.server.rpc.request.timeout = 3000ms (default)
2019-08-29 01:06:43,371 [main] INFO  server.RaftServerConfigKeys (ConfUtils.java:logGet(43)) - raft.server.storage.dir = [/workdir/hadoop-ozone/integration-test/target/test-dir/MiniOzoneClusterImpl-99ad9353-596e-44f9-b4ca-7c7cdd5df1c6/datanode-6/data/ratis] (custom)
2019-08-29 01:06:43,372 [main] INFO  replication.SimpleContainerDownloader (SimpleContainerDownloader.java:<init>(72)) - Starting container downloader service to copy containers to replicate.
2019-08-29 01:06:43,372 [main] INFO  hdfs.DFSUtil (DFSUtil.java:httpServerTemplateForNNAndJN(1641)) - Starting Web-server for hddsDatanode at: http://0.0.0.0:0
2019-08-29 01:06:43,374 [main] INFO  server.AuthenticationFilter (AuthenticationFilter.java:constructSecretProvider(240)) - Unable to initialize FileSignerSecretProvider, falling back to use random secrets.
2019-08-29 01:06:43,374 [main] WARN  http.HttpRequestLog (HttpRequestLog.java:getRequestLog(97)) - Jetty request log can only be enabled using Log4j
2019-08-29 01:06:43,375 [main] INFO  http.HttpServer2 (HttpServer2.java:addGlobalFilter(975)) - Added global filter 'safety' (class=org.apache.hadoop.http.HttpServer2$QuotingInputFilter)
2019-08-29 01:06:43,376 [main] INFO  http.HttpServer2 (HttpServer2.java:addFilter(948)) - Added filter static_user_filter (class=org.apache.hadoop.http.lib.StaticUserWebFilter$StaticUserFilter) to context hddsDatanode
2019-08-29 01:06:43,376 [main] INFO  http.HttpServer2 (HttpServer2.java:addFilter(958)) - Added filter static_user_filter (class=org.apache.hadoop.http.lib.StaticUserWebFilter$StaticUserFilter) to context static
2019-08-29 01:06:43,376 [main] INFO  http.HttpServer2 (HttpServer2.java:addFilter(958)) - Added filter static_user_filter (class=org.apache.hadoop.http.lib.StaticUserWebFilter$StaticUserFilter) to context logs
2019-08-29 01:06:43,377 [main] INFO  http.HttpServer2 (HttpServer2.java:bindListener(1191)) - Jetty bound to port 46703
2019-08-29 01:06:43,377 [main] INFO  server.Server (Server.java:doStart(351)) - jetty-9.3.24.v20180605, build timestamp: 2018-06-05T17:11:56Z, git hash: 84205aa28f11a4f31f2a3b86d1bba2cc8ab69827
2019-08-29 01:06:43,378 [main] INFO  handler.ContextHandler (ContextHandler.java:doStart(781)) - Started o.e.j.s.ServletContextHandler@243bf087{/logs,file:///workdir/hadoop-ozone/integration-test/target/log,AVAILABLE}
2019-08-29 01:06:43,378 [main] INFO  handler.ContextHandler (ContextHandler.java:doStart(781)) - Started o.e.j.s.ServletContextHandler@126f8f24{/static,jar:file:/home/user/.m2/repository/org/apache/hadoop/hadoop-hdds-container-service/0.5.0-SNAPSHOT/hadoop-hdds-container-service-0.5.0-SNAPSHOT.jar!/webapps/static,AVAILABLE}
2019-08-29 01:06:43,406 [main] INFO  handler.ContextHandler (ContextHandler.java:doStart(781)) - Started o.e.j.w.WebAppContext@57fdb8a4{/,file:///tmp/jetty-0.0.0.0-46703-hddsDatanode-_-any-4550551972400498891.dir/webapp/,AVAILABLE}{/hddsDatanode}
2019-08-29 01:06:43,406 [main] INFO  server.AbstractConnector (AbstractConnector.java:doStart(278)) - Started ServerConnector@17222c11{HTTP/1.1,[http/1.1]}{0.0.0.0:46703}
2019-08-29 01:06:43,407 [main] INFO  server.Server (Server.java:doStart(419)) - Started @201431ms
2019-08-29 01:06:43,409 [main] INFO  server.BaseHttpServer (BaseHttpServer.java:updateConnectorAddress(226)) - HTTP server of HDDSDATANODE is listening at http://0.0.0.0:46703
2019-08-29 01:06:43,410 [main] INFO  ozone.MiniOzoneClusterImpl (MiniOzoneClusterImpl.java:lambda$waitForClusterToBeReady$0(140)) - Waiting for cluster to be ready. Got 0 of 7 DN Heartbeats.
2019-08-29 01:06:43,411 [org.apache.hadoop.util.JvmPauseMonitor$Monitor@63b061db] INFO  util.JvmPauseMonitor (JvmPauseMonitor.java:run(188)) - Starting JVM pause monitor
2019-08-29 01:06:43,415 [Datanode State Machine Thread - 0] INFO  datanode.InitDatanodeState (InitDatanodeState.java:persistContainerDatanodeDetails(140)) - DatanodeDetails is persisted to /workdir/hadoop-ozone/integration-test/target/test-dir/MiniOzoneClusterImpl-99ad9353-596e-44f9-b4ca-7c7cdd5df1c6/datanode-6/meta/datanode.id
2019-08-29 01:06:44,410 [main] INFO  ozone.MiniOzoneClusterImpl (MiniOzoneClusterImpl.java:lambda$waitForClusterToBeReady$0(140)) - Waiting for cluster to be ready. Got 0 of 7 DN Heartbeats.
2019-08-29 01:06:45,009 | INFO  | SCMAudit | user=jenkins1000 | ip=192.168.69.96 | op=GET_VERSION null | ret=SUCCESS |  
2019-08-29 01:06:45,035 [Datanode State Machine Thread - 0] INFO  ozoneimpl.OzoneContainer (OzoneContainer.java:start(201)) - Attempting to start container services.
2019-08-29 01:06:45,035 [Datanode State Machine Thread - 0] INFO  ozoneimpl.OzoneContainer (OzoneContainer.java:startContainerScrub(175)) - Background container scrubber has been disabled by hdds.containerscrub.enabled
2019-08-29 01:06:45,035 [Datanode State Machine Thread - 0] INFO  ratis.XceiverServerRatis (XceiverServerRatis.java:start(393)) - Starting XceiverServerRatis 5bffe5a2-2514-4bb7-aae2-99060e6d380e at port 0
2019-08-29 01:06:45,041 [Datanode State Machine Thread - 0] INFO  impl.RaftServerProxy (RaftServerProxy.java:lambda$start$3(299)) - 5bffe5a2-2514-4bb7-aae2-99060e6d380e: start RPC server
2019-08-29 01:06:45,042 [Datanode State Machine Thread - 0] INFO  server.GrpcService (GrpcService.java:startImpl(149)) - 5bffe5a2-2514-4bb7-aae2-99060e6d380e: GrpcService started, listening on 0.0.0.0/0.0.0.0:36091
2019-08-29 01:06:45,043 [Datanode State Machine Thread - 0] INFO  ratis.XceiverServerRatis (XceiverServerRatis.java:start(403)) - XceiverServerRatis 5bffe5a2-2514-4bb7-aae2-99060e6d380e is started using port 36091
2019-08-29 01:06:45,043 [Datanode State Machine Thread - 0] INFO  server.XceiverServerGrpc (XceiverServerGrpc.java:start(163)) - XceiverServerGrpc 5bffe5a2-2514-4bb7-aae2-99060e6d380e is started using port 45106
2019-08-29 01:06:45,082 | INFO  | SCMAudit | user=jenkins1000 | ip=192.168.69.96 | op=GET_VERSION null | ret=SUCCESS |  
2019-08-29 01:06:45,096 [Datanode State Machine Thread - 0] INFO  ozoneimpl.OzoneContainer (OzoneContainer.java:start(201)) - Attempting to start container services.
2019-08-29 01:06:45,096 [Datanode State Machine Thread - 0] INFO  ozoneimpl.OzoneContainer (OzoneContainer.java:startContainerScrub(175)) - Background container scrubber has been disabled by hdds.containerscrub.enabled
2019-08-29 01:06:45,096 [Datanode State Machine Thread - 0] INFO  ratis.XceiverServerRatis (XceiverServerRatis.java:start(393)) - Starting XceiverServerRatis 877941a7-1654-45c7-a491-219e5331d01c at port 0
2019-08-29 01:06:45,102 [Datanode State Machine Thread - 0] INFO  impl.RaftServerProxy (RaftServerProxy.java:lambda$start$3(299)) - 877941a7-1654-45c7-a491-219e5331d01c: start RPC server
2019-08-29 01:06:45,104 [Datanode State Machine Thread - 0] INFO  server.GrpcService (GrpcService.java:startImpl(149)) - 877941a7-1654-45c7-a491-219e5331d01c: GrpcService started, listening on 0.0.0.0/0.0.0.0:44938
2019-08-29 01:06:45,104 [Datanode State Machine Thread - 0] INFO  ratis.XceiverServerRatis (XceiverServerRatis.java:start(403)) - XceiverServerRatis 877941a7-1654-45c7-a491-219e5331d01c is started using port 44938
2019-08-29 01:06:45,105 [Datanode State Machine Thread - 0] INFO  server.XceiverServerGrpc (XceiverServerGrpc.java:start(163)) - XceiverServerGrpc 877941a7-1654-45c7-a491-219e5331d01c is started using port 45708
2019-08-29 01:06:45,161 | INFO  | SCMAudit | user=jenkins1000 | ip=192.168.69.96 | op=GET_VERSION null | ret=SUCCESS |  
2019-08-29 01:06:45,177 [Datanode State Machine Thread - 0] INFO  ozoneimpl.OzoneContainer (OzoneContainer.java:start(201)) - Attempting to start container services.
2019-08-29 01:06:45,177 [Datanode State Machine Thread - 0] INFO  ozoneimpl.OzoneContainer (OzoneContainer.java:startContainerScrub(175)) - Background container scrubber has been disabled by hdds.containerscrub.enabled
2019-08-29 01:06:45,177 [Datanode State Machine Thread - 0] INFO  ratis.XceiverServerRatis (XceiverServerRatis.java:start(393)) - Starting XceiverServerRatis 41e348e0-7cd9-472f-af3f-c5b5cc4c1cbe at port 0
2019-08-29 01:06:45,183 [Datanode State Machine Thread - 0] INFO  impl.RaftServerProxy (RaftServerProxy.java:lambda$start$3(299)) - 41e348e0-7cd9-472f-af3f-c5b5cc4c1cbe: start RPC server
2019-08-29 01:06:45,184 [Datanode State Machine Thread - 0] INFO  server.GrpcService (GrpcService.java:startImpl(149)) - 41e348e0-7cd9-472f-af3f-c5b5cc4c1cbe: GrpcService started, listening on 0.0.0.0/0.0.0.0:40856
2019-08-29 01:06:45,185 [Datanode State Machine Thread - 0] INFO  ratis.XceiverServerRatis (XceiverServerRatis.java:start(403)) - XceiverServerRatis 41e348e0-7cd9-472f-af3f-c5b5cc4c1cbe is started using port 40856
2019-08-29 01:06:45,190 [Datanode State Machine Thread - 0] INFO  server.XceiverServerGrpc (XceiverServerGrpc.java:start(163)) - XceiverServerGrpc 41e348e0-7cd9-472f-af3f-c5b5cc4c1cbe is started using port 40327
2019-08-29 01:06:45,226 | INFO  | SCMAudit | user=jenkins1000 | ip=192.168.69.96 | op=GET_VERSION null | ret=SUCCESS |  
2019-08-29 01:06:45,239 [Datanode State Machine Thread - 0] INFO  ozoneimpl.OzoneContainer (OzoneContainer.java:start(201)) - Attempting to start container services.
2019-08-29 01:06:45,239 [Datanode State Machine Thread - 0] INFO  ozoneimpl.OzoneContainer (OzoneContainer.java:startContainerScrub(175)) - Background container scrubber has been disabled by hdds.containerscrub.enabled
2019-08-29 01:06:45,240 [Datanode State Machine Thread - 0] INFO  ratis.XceiverServerRatis (XceiverServerRatis.java:start(393)) - Starting XceiverServerRatis 5ad5097d-a979-4d10-9f70-6acf19577cdd at port 0
2019-08-29 01:06:45,246 [Datanode State Machine Thread - 0] INFO  impl.RaftServerProxy (RaftServerProxy.java:lambda$start$3(299)) - 5ad5097d-a979-4d10-9f70-6acf19577cdd: start RPC server
2019-08-29 01:06:45,247 [Datanode State Machine Thread - 0] INFO  server.GrpcService (GrpcService.java:startImpl(149)) - 5ad5097d-a979-4d10-9f70-6acf19577cdd: GrpcService started, listening on 0.0.0.0/0.0.0.0:33544
2019-08-29 01:06:45,247 [Datanode State Machine Thread - 0] INFO  ratis.XceiverServerRatis (XceiverServerRatis.java:start(403)) - XceiverServerRatis 5ad5097d-a979-4d10-9f70-6acf19577cdd is started using port 33544
2019-08-29 01:06:45,247 [Datanode State Machine Thread - 0] INFO  server.XceiverServerGrpc (XceiverServerGrpc.java:start(163)) - XceiverServerGrpc 5ad5097d-a979-4d10-9f70-6acf19577cdd is started using port 36512
2019-08-29 01:06:45,288 | INFO  | SCMAudit | user=jenkins1000 | ip=192.168.69.96 | op=GET_VERSION null | ret=SUCCESS |  
2019-08-29 01:06:45,312 [Datanode State Machine Thread - 0] INFO  ozoneimpl.OzoneContainer (OzoneContainer.java:start(201)) - Attempting to start container services.
2019-08-29 01:06:45,312 [Datanode State Machine Thread - 0] INFO  ozoneimpl.OzoneContainer (OzoneContainer.java:startContainerScrub(175)) - Background container scrubber has been disabled by hdds.containerscrub.enabled
2019-08-29 01:06:45,312 [Datanode State Machine Thread - 0] INFO  ratis.XceiverServerRatis (XceiverServerRatis.java:start(393)) - Starting XceiverServerRatis bbb59881-2c2e-4c46-bee0-3cc6903f36c9 at port 0
2019-08-29 01:06:45,318 [Datanode State Machine Thread - 0] INFO  impl.RaftServerProxy (RaftServerProxy.java:lambda$start$3(299)) - bbb59881-2c2e-4c46-bee0-3cc6903f36c9: start RPC server
2019-08-29 01:06:45,319 [Datanode State Machine Thread - 0] INFO  server.GrpcService (GrpcService.java:startImpl(149)) - bbb59881-2c2e-4c46-bee0-3cc6903f36c9: GrpcService started, listening on 0.0.0.0/0.0.0.0:34724
2019-08-29 01:06:45,319 [Datanode State Machine Thread - 0] INFO  ratis.XceiverServerRatis (XceiverServerRatis.java:start(403)) - XceiverServerRatis bbb59881-2c2e-4c46-bee0-3cc6903f36c9 is started using port 34724
2019-08-29 01:06:45,319 [Datanode State Machine Thread - 0] INFO  server.XceiverServerGrpc (XceiverServerGrpc.java:start(163)) - XceiverServerGrpc bbb59881-2c2e-4c46-bee0-3cc6903f36c9 is started using port 33992
2019-08-29 01:06:45,352 | INFO  | SCMAudit | user=jenkins1000 | ip=192.168.69.96 | op=GET_VERSION null | ret=SUCCESS |  
2019-08-29 01:06:45,374 [Datanode State Machine Thread - 0] INFO  ozoneimpl.OzoneContainer (OzoneContainer.java:start(201)) - Attempting to start container services.
2019-08-29 01:06:45,374 [Datanode State Machine Thread - 0] INFO  ozoneimpl.OzoneContainer (OzoneContainer.java:startContainerScrub(175)) - Background container scrubber has been disabled by hdds.containerscrub.enabled
2019-08-29 01:06:45,374 [Datanode State Machine Thread - 0] INFO  ratis.XceiverServerRatis (XceiverServerRatis.java:start(393)) - Starting XceiverServerRatis 85caa6cf-c7c6-4192-8a58-74ecec5901dd at port 0
2019-08-29 01:06:45,381 [Datanode State Machine Thread - 0] INFO  impl.RaftServerProxy (RaftServerProxy.java:lambda$start$3(299)) - 85caa6cf-c7c6-4192-8a58-74ecec5901dd: start RPC server
2019-08-29 01:06:45,381 [Datanode State Machine Thread - 0] INFO  server.GrpcService (GrpcService.java:startImpl(149)) - 85caa6cf-c7c6-4192-8a58-74ecec5901dd: GrpcService started, listening on 0.0.0.0/0.0.0.0:45624
2019-08-29 01:06:45,382 [Datanode State Machine Thread - 0] INFO  ratis.XceiverServerRatis (XceiverServerRatis.java:start(403)) - XceiverServerRatis 85caa6cf-c7c6-4192-8a58-74ecec5901dd is started using port 45624
2019-08-29 01:06:45,382 [Datanode State Machine Thread - 0] INFO  server.XceiverServerGrpc (XceiverServerGrpc.java:start(163)) - XceiverServerGrpc 85caa6cf-c7c6-4192-8a58-74ecec5901dd is started using port 35898
2019-08-29 01:06:45,411 [main] INFO  ozone.MiniOzoneClusterImpl (MiniOzoneClusterImpl.java:lambda$waitForClusterToBeReady$0(140)) - Waiting for cluster to be ready. Got 0 of 7 DN Heartbeats.
2019-08-29 01:06:45,412 | INFO  | SCMAudit | user=jenkins1000 | ip=192.168.69.96 | op=GET_VERSION null | ret=SUCCESS |  
2019-08-29 01:06:45,425 [Datanode State Machine Thread - 0] INFO  ozoneimpl.OzoneContainer (OzoneContainer.java:start(201)) - Attempting to start container services.
2019-08-29 01:06:45,426 [Datanode State Machine Thread - 0] INFO  ozoneimpl.OzoneContainer (OzoneContainer.java:startContainerScrub(175)) - Background container scrubber has been disabled by hdds.containerscrub.enabled
2019-08-29 01:06:45,426 [Datanode State Machine Thread - 0] INFO  ratis.XceiverServerRatis (XceiverServerRatis.java:start(393)) - Starting XceiverServerRatis 809d6ad1-22d0-4b8b-b559-8565831e1fa5 at port 0
2019-08-29 01:06:45,434 [Datanode State Machine Thread - 0] INFO  impl.RaftServerProxy (RaftServerProxy.java:lambda$start$3(299)) - 809d6ad1-22d0-4b8b-b559-8565831e1fa5: start RPC server
2019-08-29 01:06:45,435 [Datanode State Machine Thread - 0] INFO  server.GrpcService (GrpcService.java:startImpl(149)) - 809d6ad1-22d0-4b8b-b559-8565831e1fa5: GrpcService started, listening on 0.0.0.0/0.0.0.0:44965
2019-08-29 01:06:45,435 [Datanode State Machine Thread - 0] INFO  ratis.XceiverServerRatis (XceiverServerRatis.java:start(403)) - XceiverServerRatis 809d6ad1-22d0-4b8b-b559-8565831e1fa5 is started using port 44965
2019-08-29 01:06:45,440 [Datanode State Machine Thread - 0] INFO  server.XceiverServerGrpc (XceiverServerGrpc.java:start(163)) - XceiverServerGrpc 809d6ad1-22d0-4b8b-b559-8565831e1fa5 is started using port 39156
2019-08-29 01:06:46,411 [main] INFO  ozone.MiniOzoneClusterImpl (MiniOzoneClusterImpl.java:lambda$waitForClusterToBeReady$0(140)) - Waiting for cluster to be ready. Got 0 of 7 DN Heartbeats.
2019-08-29 01:06:47,009 [IPC Server handler 6 on 42649] INFO  net.NetworkTopology (NetworkTopologyImpl.java:add(110)) - Added a new node: /default-rack/5bffe5a2-2514-4bb7-aae2-99060e6d380e
2019-08-29 01:06:47,012 [IPC Server handler 6 on 42649] INFO  node.SCMNodeManager (SCMNodeManager.java:register(273)) - Registered Data node : 5bffe5a2-2514-4bb7-aae2-99060e6d380e{ip: 192.168.69.96, host: pr-hdds-2050-x2mk7-2257017151, networkLocation: /default-rack, certSerialId: null}
2019-08-29 01:06:47,013 [EventQueue-NodeRegistrationContainerReportForDataNodeSafeModeRule] INFO  safemode.SCMSafeModeManager (DataNodeSafeModeRule.java:process(71)) - SCM in safe mode. 1 DataNodes registered, 1 required.
2019-08-29 01:06:47,013 | INFO  | SCMAudit | user=jenkins1000 | ip=192.168.69.96 | op=REGISTER {datanodeDetails=5bffe5a2-2514-4bb7-aae2-99060e6d380e{ip: 192.168.69.96, host: pr-hdds-2050-x2mk7-2257017151, networkLocation: /default-rack, certSerialId: null}} | ret=SUCCESS |  
2019-08-29 01:06:47,016 [EventQueue-NodeRegistrationContainerReportForDataNodeSafeModeRule] INFO  safemode.SCMSafeModeManager (SCMSafeModeManager.java:validateSafeModeExitRules(177)) - ScmSafeModeManager, all rules are successfully validated
2019-08-29 01:06:47,016 [EventQueue-NodeRegistrationContainerReportForDataNodeSafeModeRule] INFO  safemode.SCMSafeModeManager (SCMSafeModeManager.java:exitSafeMode(193)) - SCM exiting safe mode.
2019-08-29 01:06:47,026 [grpc-default-executor-7] INFO  impl.RaftServerProxy (RaftServerProxy.java:addNew(89)) - 5bffe5a2-2514-4bb7-aae2-99060e6d380e: addNew group-AA812C5F5AFB:[5bffe5a2-2514-4bb7-aae2-99060e6d380e:192.168.69.96:36091] returns group-AA812C5F5AFB:java.util.concurrent.CompletableFuture@4f3df2d[Not completed]
2019-08-29 01:06:47,028 [pool-316-thread-1] INFO  impl.RaftServerImpl (RaftServerImpl.java:<init>(93)) - 5bffe5a2-2514-4bb7-aae2-99060e6d380e: new RaftServerImpl for group-AA812C5F5AFB:[5bffe5a2-2514-4bb7-aae2-99060e6d380e:192.168.69.96:36091] with ContainerStateMachine:uninitialized
2019-08-29 01:06:47,028 [pool-316-thread-1] INFO  server.RaftServerConfigKeys (ConfUtils.java:logGet(43)) - raft.server.rpc.timeout.min = 5s (custom)
2019-08-29 01:06:47,028 [pool-316-thread-1] INFO  server.RaftServerConfigKeys (ConfUtils.java:logGet(43)) - raft.server.rpc.timeout.max = 5200ms (custom)
2019-08-29 01:06:47,028 [pool-316-thread-1] INFO  server.RaftServerConfigKeys (ConfUtils.java:logGet(43)) - raft.server.rpcslowness.timeout = 120s (custom)
2019-08-29 01:06:47,029 [pool-316-thread-1] INFO  server.RaftServerConfigKeys (ConfUtils.java:logGet(43)) - raft.server.sleep.deviation.threshold = 300 (default)
2019-08-29 01:06:47,029 [pool-316-thread-1] INFO  server.RaftServerConfigKeys (ConfUtils.java:logGet(43)) - raft.server.log.appender.install.snapshot.enabled = false (custom)
2019-08-29 01:06:47,029 [pool-316-thread-1] INFO  impl.RaftServerImpl (ServerState.java:<init>(105)) - 5bffe5a2-2514-4bb7-aae2-99060e6d380e:group-AA812C5F5AFB ConfigurationManager, init=-1: [5bffe5a2-2514-4bb7-aae2-99060e6d380e:192.168.69.96:36091], old=null, confs=<EMPTY_MAP>
2019-08-29 01:06:47,029 [pool-316-thread-1] INFO  server.RaftServerConfigKeys (ConfUtils.java:logGet(43)) - raft.server.storage.dir = [/workdir/hadoop-ozone/integration-test/target/test-dir/MiniOzoneClusterImpl-99ad9353-596e-44f9-b4ca-7c7cdd5df1c6/datanode-0/data/ratis] (custom)
2019-08-29 01:06:47,030 [pool-316-thread-1] INFO  storage.RaftStorageDirectory (RaftStorageDirectory.java:analyzeStorage(246)) - The storage directory /workdir/hadoop-ozone/integration-test/target/test-dir/MiniOzoneClusterImpl-99ad9353-596e-44f9-b4ca-7c7cdd5df1c6/datanode-0/data/ratis/b1b06308-d26a-44ee-be65-aa812c5f5afb does not exist. Creating ...
2019-08-29 01:06:47,043 [pool-316-thread-1] INFO  storage.RaftStorageDirectory (RaftStorageDirectory.java:tryLock(328)) - Lock on /workdir/hadoop-ozone/integration-test/target/test-dir/MiniOzoneClusterImpl-99ad9353-596e-44f9-b4ca-7c7cdd5df1c6/datanode-0/data/ratis/b1b06308-d26a-44ee-be65-aa812c5f5afb/in_use.lock acquired by nodename 31121@pr-hdds-2050-x2mk7-2257017151
2019-08-29 01:06:47,057 [pool-316-thread-1] INFO  storage.RaftStorage (RaftStorage.java:format(72)) - Storage directory /workdir/hadoop-ozone/integration-test/target/test-dir/MiniOzoneClusterImpl-99ad9353-596e-44f9-b4ca-7c7cdd5df1c6/datanode-0/data/ratis/b1b06308-d26a-44ee-be65-aa812c5f5afb has been successfully formatted.
2019-08-29 01:06:47,057 [pool-316-thread-1] INFO  ratis.ContainerStateMachine (ContainerStateMachine.java:loadSnapshot(227)) - group-AA812C5F5AFB: The snapshot info is null. Setting the last applied indexto:(t:0, i:~)
2019-08-29 01:06:47,058 [pool-316-thread-1] INFO  server.RaftServerConfigKeys (ConfUtils.java:logGet(43)) - raft.server.leader.election.timeout = 120s (custom)
2019-08-29 01:06:47,058 [pool-316-thread-1] INFO  server.RaftServerConfigKeys (ConfUtils.java:logGet(43)) - raft.server.log.use.memory = false (default)
2019-08-29 01:06:47,058 [pool-316-thread-1] INFO  server.RaftServerConfigKeys (ConfUtils.java:logGet(43)) - raft.server.log.purge.gap = 1000000 (custom)
2019-08-29 01:06:47,058 [pool-316-thread-1] INFO  server.RaftServerConfigKeys (ConfUtils.java:logGet(43)) - raft.server.log.appender.buffer.byte-limit = 33554432 (custom)
2019-08-29 01:06:47,058 [pool-316-thread-1] INFO  server.RaftServerConfigKeys (ConfUtils.java:logGet(43)) - raft.server.log.segment.size.max = 1048576 (custom)
2019-08-29 01:06:47,059 [pool-316-thread-1] INFO  server.RaftServerConfigKeys (ConfUtils.java:logGet(43)) - raft.server.log.segment.cache.num.max = 2 (custom)
2019-08-29 01:06:47,059 [pool-316-thread-1] INFO  segmented.SegmentedRaftLogWorker (SegmentedRaftLogWorker.java:<init>(172)) - new 5bffe5a2-2514-4bb7-aae2-99060e6d380e-SegmentedRaftLogWorker:Storage Directory /workdir/hadoop-ozone/integration-test/target/test-dir/MiniOzoneClusterImpl-99ad9353-596e-44f9-b4ca-7c7cdd5df1c6/datanode-0/data/ratis/b1b06308-d26a-44ee-be65-aa812c5f5afb for RaftStorage:Storage Directory /workdir/hadoop-ozone/integration-test/target/test-dir/MiniOzoneClusterImpl-99ad9353-596e-44f9-b4ca-7c7cdd5df1c6/datanode-0/data/ratis/b1b06308-d26a-44ee-be65-aa812c5f5afb
2019-08-29 01:06:47,059 [pool-316-thread-1] INFO  server.RaftServerConfigKeys (ConfUtils.java:logGet(43)) - raft.server.log.queue.byte-limit = 2147483647 (custom)
2019-08-29 01:06:47,059 [pool-316-thread-1] INFO  server.RaftServerConfigKeys (ConfUtils.java:logGet(43)) - raft.server.log.queue.element-limit = 1024 (custom)
2019-08-29 01:06:47,060 [pool-316-thread-1] INFO  server.RaftServerConfigKeys (ConfUtils.java:logGet(43)) - raft.server.log.segment.size.max = 1048576 (custom)
2019-08-29 01:06:47,060 [pool-316-thread-1] INFO  server.RaftServerConfigKeys (ConfUtils.java:logGet(43)) - raft.server.log.preallocated.size = 16384 (custom)
2019-08-29 01:06:47,060 [pool-316-thread-1] INFO  server.RaftServerConfigKeys (ConfUtils.java:logGet(43)) - raft.server.log.write.buffer.size = 33554432 (custom)
2019-08-29 01:06:47,060 [pool-316-thread-1] INFO  server.RaftServerConfigKeys (ConfUtils.java:logGet(43)) - raft.server.log.force.sync.num = 128 (default)
2019-08-29 01:06:47,060 [pool-316-thread-1] INFO  server.RaftServerConfigKeys (ConfUtils.java:logGet(43)) - raft.server.log.statemachine.data.sync = true (default)
2019-08-29 01:06:47,060 [pool-316-thread-1] INFO  server.RaftServerConfigKeys (ConfUtils.java:logGet(43)) - raft.server.log.statemachine.data.sync.timeout = 10s (default)
2019-08-29 01:06:47,061 [pool-316-thread-1] INFO  server.RaftServerConfigKeys (ConfUtils.java:logGet(43)) - raft.server.log.statemachine.data.sync.timeout.retry = -1 (default)
2019-08-29 01:06:47,061 [pool-316-thread-1] INFO  server.RaftServerConfigKeys (ConfUtils.java:logGet(43)) - raft.server.log.statemachine.data.caching.enabled = true (custom)
2019-08-29 01:06:47,061 [pool-316-thread-1] INFO  segmented.SegmentedRaftLogWorker (SegmentedRaftLogWorker.java:lambda$new$0(132)) - 5bffe5a2-2514-4bb7-aae2-99060e6d380e-SegmentedRaftLogWorker:Storage Directory /workdir/hadoop-ozone/integration-test/target/test-dir/MiniOzoneClusterImpl-99ad9353-596e-44f9-b4ca-7c7cdd5df1c6/datanode-0/data/ratis/b1b06308-d26a-44ee-be65-aa812c5f5afb: flushIndex: setUnconditionally 0 -> -1
2019-08-29 01:06:47,062 [pool-316-thread-1] INFO  server.RaftServerConfigKeys (ConfUtils.java:logGet(43)) - raft.server.snapshot.auto.trigger.enabled = true (custom)
2019-08-29 01:06:47,062 [pool-316-thread-1] INFO  server.RaftServerConfigKeys (ConfUtils.java:logGet(43)) - raft.server.snapshot.auto.trigger.threshold = 10000 (custom)
2019-08-29 01:06:47,062 [pool-316-thread-1] INFO  server.RaftServerConfigKeys (ConfUtils.java:logGet(43)) - raft.server.retrycache.expirytime = 600000ms (custom)
2019-08-29 01:06:47,063 [pool-316-thread-1] INFO  impl.RaftServerImpl (RaftServerImpl.java:start(180)) - 5bffe5a2-2514-4bb7-aae2-99060e6d380e: start group-AA812C5F5AFB
2019-08-29 01:06:47,063 [pool-316-thread-1] INFO  impl.RaftServerImpl (RaftServerImpl.java:setRole(171)) - 5bffe5a2-2514-4bb7-aae2-99060e6d380e:group-AA812C5F5AFB changes role from null to FOLLOWER at term 0 for startAsFollower
2019-08-29 01:06:47,063 [pool-316-thread-1] INFO  impl.RoleInfo (RoleInfo.java:updateAndGet(143)) - 5bffe5a2-2514-4bb7-aae2-99060e6d380e: start FollowerState
2019-08-29 01:06:47,063 [pool-316-thread-1] INFO  util.JmxRegister (JmxRegister.java:tryRegister(44)) - Successfully registered JMX Bean with object name Ratis:service=RaftServer,group=group-AA812C5F5AFB,id=5bffe5a2-2514-4bb7-aae2-99060e6d380e
2019-08-29 01:06:47,069 [RatisPipelineUtilsThread] INFO  pipeline.PipelineStateManager (PipelineStateManager.java:addPipeline(56)) - Created pipeline Pipeline[ Id: b1b06308-d26a-44ee-be65-aa812c5f5afb, Nodes: 5bffe5a2-2514-4bb7-aae2-99060e6d380e{ip: 192.168.69.96, host: pr-hdds-2050-x2mk7-2257017151, networkLocation: /default-rack, certSerialId: null}, Type:RATIS, Factor:ONE, State:OPEN]
2019-08-29 01:06:47,083 [IPC Server handler 1 on 42649] INFO  net.NetworkTopology (NetworkTopologyImpl.java:add(110)) - Added a new node: /default-rack/877941a7-1654-45c7-a491-219e5331d01c
2019-08-29 01:06:47,083 [IPC Server handler 1 on 42649] INFO  node.SCMNodeManager (SCMNodeManager.java:register(273)) - Registered Data node : 877941a7-1654-45c7-a491-219e5331d01c{ip: 192.168.69.96, host: pr-hdds-2050-x2mk7-2257017151, networkLocation: /default-rack, certSerialId: null}
2019-08-29 01:06:47,083 | INFO  | SCMAudit | user=jenkins1000 | ip=192.168.69.96 | op=REGISTER {datanodeDetails=877941a7-1654-45c7-a491-219e5331d01c{ip: 192.168.69.96, host: pr-hdds-2050-x2mk7-2257017151, networkLocation: /default-rack, certSerialId: null}} | ret=SUCCESS |  
2019-08-29 01:06:47,093 [grpc-default-executor-7] INFO  impl.RaftServerProxy (RaftServerProxy.java:addNew(89)) - 877941a7-1654-45c7-a491-219e5331d01c: addNew group-2399ACD84D00:[877941a7-1654-45c7-a491-219e5331d01c:192.168.69.96:44938] returns group-2399ACD84D00:java.util.concurrent.CompletableFuture@67f36d91[Not completed]
2019-08-29 01:06:47,095 [pool-327-thread-1] INFO  impl.RaftServerImpl (RaftServerImpl.java:<init>(93)) - 877941a7-1654-45c7-a491-219e5331d01c: new RaftServerImpl for group-2399ACD84D00:[877941a7-1654-45c7-a491-219e5331d01c:192.168.69.96:44938] with ContainerStateMachine:uninitialized
2019-08-29 01:06:47,095 [pool-327-thread-1] INFO  server.RaftServerConfigKeys (ConfUtils.java:logGet(43)) - raft.server.rpc.timeout.min = 5s (custom)
2019-08-29 01:06:47,095 [pool-327-thread-1] INFO  server.RaftServerConfigKeys (ConfUtils.java:logGet(43)) - raft.server.rpc.timeout.max = 5200ms (custom)
2019-08-29 01:06:47,095 [pool-327-thread-1] INFO  server.RaftServerConfigKeys (ConfUtils.java:logGet(43)) - raft.server.rpcslowness.timeout = 120s (custom)
2019-08-29 01:06:47,095 [pool-327-thread-1] INFO  server.RaftServerConfigKeys (ConfUtils.java:logGet(43)) - raft.server.sleep.deviation.threshold = 300 (default)
2019-08-29 01:06:47,096 [pool-327-thread-1] INFO  server.RaftServerConfigKeys (ConfUtils.java:logGet(43)) - raft.server.log.appender.install.snapshot.enabled = false (custom)
2019-08-29 01:06:47,096 [pool-327-thread-1] INFO  impl.RaftServerImpl (ServerState.java:<init>(105)) - 877941a7-1654-45c7-a491-219e5331d01c:group-2399ACD84D00 ConfigurationManager, init=-1: [877941a7-1654-45c7-a491-219e5331d01c:192.168.69.96:44938], old=null, confs=<EMPTY_MAP>
2019-08-29 01:06:47,096 [pool-327-thread-1] INFO  server.RaftServerConfigKeys (ConfUtils.java:logGet(43)) - raft.server.storage.dir = [/workdir/hadoop-ozone/integration-test/target/test-dir/MiniOzoneClusterImpl-99ad9353-596e-44f9-b4ca-7c7cdd5df1c6/datanode-1/data/ratis] (custom)
2019-08-29 01:06:47,096 [pool-327-thread-1] INFO  storage.RaftStorageDirectory (RaftStorageDirectory.java:analyzeStorage(246)) - The storage directory /workdir/hadoop-ozone/integration-test/target/test-dir/MiniOzoneClusterImpl-99ad9353-596e-44f9-b4ca-7c7cdd5df1c6/datanode-1/data/ratis/0b6d87dd-4b0a-4cae-95e6-2399acd84d00 does not exist. Creating ...
2019-08-29 01:06:47,120 [pool-327-thread-1] INFO  storage.RaftStorageDirectory (RaftStorageDirectory.java:tryLock(328)) - Lock on /workdir/hadoop-ozone/integration-test/target/test-dir/MiniOzoneClusterImpl-99ad9353-596e-44f9-b4ca-7c7cdd5df1c6/datanode-1/data/ratis/0b6d87dd-4b0a-4cae-95e6-2399acd84d00/in_use.lock acquired by nodename 31121@pr-hdds-2050-x2mk7-2257017151
2019-08-29 01:06:47,133 [pool-327-thread-1] INFO  storage.RaftStorage (RaftStorage.java:format(72)) - Storage directory /workdir/hadoop-ozone/integration-test/target/test-dir/MiniOzoneClusterImpl-99ad9353-596e-44f9-b4ca-7c7cdd5df1c6/datanode-1/data/ratis/0b6d87dd-4b0a-4cae-95e6-2399acd84d00 has been successfully formatted.
2019-08-29 01:06:47,134 [pool-327-thread-1] INFO  ratis.ContainerStateMachine (ContainerStateMachine.java:loadSnapshot(227)) - group-2399ACD84D00: The snapshot info is null. Setting the last applied indexto:(t:0, i:~)
2019-08-29 01:06:47,134 [pool-327-thread-1] INFO  server.RaftServerConfigKeys (ConfUtils.java:logGet(43)) - raft.server.leader.election.timeout = 120s (custom)
2019-08-29 01:06:47,134 [pool-327-thread-1] INFO  server.RaftServerConfigKeys (ConfUtils.java:logGet(43)) - raft.server.log.use.memory = false (default)
2019-08-29 01:06:47,134 [pool-327-thread-1] INFO  server.RaftServerConfigKeys (ConfUtils.java:logGet(43)) - raft.server.log.purge.gap = 1000000 (custom)
2019-08-29 01:06:47,134 [pool-327-thread-1] INFO  server.RaftServerConfigKeys (ConfUtils.java:logGet(43)) - raft.server.log.appender.buffer.byte-limit = 33554432 (custom)
2019-08-29 01:06:47,135 [pool-327-thread-1] INFO  server.RaftServerConfigKeys (ConfUtils.java:logGet(43)) - raft.server.log.segment.size.max = 1048576 (custom)
2019-08-29 01:06:47,135 [pool-327-thread-1] INFO  server.RaftServerConfigKeys (ConfUtils.java:logGet(43)) - raft.server.log.segment.cache.num.max = 2 (custom)
2019-08-29 01:06:47,135 [pool-327-thread-1] INFO  segmented.SegmentedRaftLogWorker (SegmentedRaftLogWorker.java:<init>(172)) - new 877941a7-1654-45c7-a491-219e5331d01c-SegmentedRaftLogWorker:Storage Directory /workdir/hadoop-ozone/integration-test/target/test-dir/MiniOzoneClusterImpl-99ad9353-596e-44f9-b4ca-7c7cdd5df1c6/datanode-1/data/ratis/0b6d87dd-4b0a-4cae-95e6-2399acd84d00 for RaftStorage:Storage Directory /workdir/hadoop-ozone/integration-test/target/test-dir/MiniOzoneClusterImpl-99ad9353-596e-44f9-b4ca-7c7cdd5df1c6/datanode-1/data/ratis/0b6d87dd-4b0a-4cae-95e6-2399acd84d00
2019-08-29 01:06:47,135 [pool-327-thread-1] INFO  server.RaftServerConfigKeys (ConfUtils.java:logGet(43)) - raft.server.log.queue.byte-limit = 2147483647 (custom)
2019-08-29 01:06:47,135 [pool-327-thread-1] INFO  server.RaftServerConfigKeys (ConfUtils.java:logGet(43)) - raft.server.log.queue.element-limit = 1024 (custom)
2019-08-29 01:06:47,135 [pool-327-thread-1] INFO  server.RaftServerConfigKeys (ConfUtils.java:logGet(43)) - raft.server.log.segment.size.max = 1048576 (custom)
2019-08-29 01:06:47,136 [pool-327-thread-1] INFO  server.RaftServerConfigKeys (ConfUtils.java:logGet(43)) - raft.server.log.preallocated.size = 16384 (custom)
2019-08-29 01:06:47,136 [pool-327-thread-1] INFO  server.RaftServerConfigKeys (ConfUtils.java:logGet(43)) - raft.server.log.write.buffer.size = 33554432 (custom)
2019-08-29 01:06:47,136 [pool-327-thread-1] INFO  server.RaftServerConfigKeys (ConfUtils.java:logGet(43)) - raft.server.log.force.sync.num = 128 (default)
2019-08-29 01:06:47,136 [pool-327-thread-1] INFO  server.RaftServerConfigKeys (ConfUtils.java:logGet(43)) - raft.server.log.statemachine.data.sync = true (default)
2019-08-29 01:06:47,136 [pool-327-thread-1] INFO  server.RaftServerConfigKeys (ConfUtils.java:logGet(43)) - raft.server.log.statemachine.data.sync.timeout = 10s (default)
2019-08-29 01:06:47,136 [pool-327-thread-1] INFO  server.RaftServerConfigKeys (ConfUtils.java:logGet(43)) - raft.server.log.statemachine.data.sync.timeout.retry = -1 (default)
2019-08-29 01:06:47,137 [pool-327-thread-1] INFO  server.RaftServerConfigKeys (ConfUtils.java:logGet(43)) - raft.server.log.statemachine.data.caching.enabled = true (custom)
2019-08-29 01:06:47,137 [pool-327-thread-1] INFO  segmented.SegmentedRaftLogWorker (SegmentedRaftLogWorker.java:lambda$new$0(132)) - 877941a7-1654-45c7-a491-219e5331d01c-SegmentedRaftLogWorker:Storage Directory /workdir/hadoop-ozone/integration-test/target/test-dir/MiniOzoneClusterImpl-99ad9353-596e-44f9-b4ca-7c7cdd5df1c6/datanode-1/data/ratis/0b6d87dd-4b0a-4cae-95e6-2399acd84d00: flushIndex: setUnconditionally 0 -> -1
2019-08-29 01:06:47,137 [pool-327-thread-1] INFO  server.RaftServerConfigKeys (ConfUtils.java:logGet(43)) - raft.server.snapshot.auto.trigger.enabled = true (custom)
2019-08-29 01:06:47,137 [pool-327-thread-1] INFO  server.RaftServerConfigKeys (ConfUtils.java:logGet(43)) - raft.server.snapshot.auto.trigger.threshold = 10000 (custom)
2019-08-29 01:06:47,138 [pool-327-thread-1] INFO  server.RaftServerConfigKeys (ConfUtils.java:logGet(43)) - raft.server.retrycache.expirytime = 600000ms (custom)
2019-08-29 01:06:47,138 [pool-327-thread-1] INFO  impl.RaftServerImpl (RaftServerImpl.java:start(180)) - 877941a7-1654-45c7-a491-219e5331d01c: start group-2399ACD84D00
2019-08-29 01:06:47,138 [pool-327-thread-1] INFO  impl.RaftServerImpl (RaftServerImpl.java:setRole(171)) - 877941a7-1654-45c7-a491-219e5331d01c:group-2399ACD84D00 changes role from null to FOLLOWER at term 0 for startAsFollower
2019-08-29 01:06:47,138 [pool-327-thread-1] INFO  impl.RoleInfo (RoleInfo.java:updateAndGet(143)) - 877941a7-1654-45c7-a491-219e5331d01c: start FollowerState
2019-08-29 01:06:47,139 [pool-327-thread-1] INFO  util.JmxRegister (JmxRegister.java:tryRegister(44)) - Successfully registered JMX Bean with object name Ratis:service=RaftServer,group=group-2399ACD84D00,id=877941a7-1654-45c7-a491-219e5331d01c
2019-08-29 01:06:47,144 [RatisPipelineUtilsThread] INFO  pipeline.PipelineStateManager (PipelineStateManager.java:addPipeline(56)) - Created pipeline Pipeline[ Id: 0b6d87dd-4b0a-4cae-95e6-2399acd84d00, Nodes: 877941a7-1654-45c7-a491-219e5331d01c{ip: 192.168.69.96, host: pr-hdds-2050-x2mk7-2257017151, networkLocation: /default-rack, certSerialId: null}, Type:RATIS, Factor:ONE, State:OPEN]
2019-08-29 01:06:47,162 [IPC Server handler 2 on 42649] INFO  net.NetworkTopology (NetworkTopologyImpl.java:add(110)) - Added a new node: /default-rack/41e348e0-7cd9-472f-af3f-c5b5cc4c1cbe
2019-08-29 01:06:47,162 [IPC Server handler 2 on 42649] INFO  node.SCMNodeManager (SCMNodeManager.java:register(273)) - Registered Data node : 41e348e0-7cd9-472f-af3f-c5b5cc4c1cbe{ip: 192.168.69.96, host: pr-hdds-2050-x2mk7-2257017151, networkLocation: /default-rack, certSerialId: null}
2019-08-29 01:06:47,165 | INFO  | SCMAudit | user=jenkins1000 | ip=192.168.69.96 | op=REGISTER {datanodeDetails=41e348e0-7cd9-472f-af3f-c5b5cc4c1cbe{ip: 192.168.69.96, host: pr-hdds-2050-x2mk7-2257017151, networkLocation: /default-rack, certSerialId: null}} | ret=SUCCESS |  
2019-08-29 01:06:47,175 [grpc-default-executor-7] INFO  impl.RaftServerProxy (RaftServerProxy.java:addNew(89)) - 41e348e0-7cd9-472f-af3f-c5b5cc4c1cbe: addNew group-831FFE70F764:[41e348e0-7cd9-472f-af3f-c5b5cc4c1cbe:192.168.69.96:40856] returns group-831FFE70F764:java.util.concurrent.CompletableFuture@44a36649[Not completed]
2019-08-29 01:06:47,177 [pool-338-thread-1] INFO  impl.RaftServerImpl (RaftServerImpl.java:<init>(93)) - 41e348e0-7cd9-472f-af3f-c5b5cc4c1cbe: new RaftServerImpl for group-831FFE70F764:[41e348e0-7cd9-472f-af3f-c5b5cc4c1cbe:192.168.69.96:40856] with ContainerStateMachine:uninitialized
2019-08-29 01:06:47,177 [pool-338-thread-1] INFO  server.RaftServerConfigKeys (ConfUtils.java:logGet(43)) - raft.server.rpc.timeout.min = 5s (custom)
2019-08-29 01:06:47,177 [pool-338-thread-1] INFO  server.RaftServerConfigKeys (ConfUtils.java:logGet(43)) - raft.server.rpc.timeout.max = 5200ms (custom)
2019-08-29 01:06:47,177 [pool-338-thread-1] INFO  server.RaftServerConfigKeys (ConfUtils.java:logGet(43)) - raft.server.rpcslowness.timeout = 120s (custom)
2019-08-29 01:06:47,177 [pool-338-thread-1] INFO  server.RaftServerConfigKeys (ConfUtils.java:logGet(43)) - raft.server.sleep.deviation.threshold = 300 (default)
2019-08-29 01:06:47,177 [pool-338-thread-1] INFO  server.RaftServerConfigKeys (ConfUtils.java:logGet(43)) - raft.server.log.appender.install.snapshot.enabled = false (custom)
2019-08-29 01:06:47,178 [pool-338-thread-1] INFO  impl.RaftServerImpl (ServerState.java:<init>(105)) - 41e348e0-7cd9-472f-af3f-c5b5cc4c1cbe:group-831FFE70F764 ConfigurationManager, init=-1: [41e348e0-7cd9-472f-af3f-c5b5cc4c1cbe:192.168.69.96:40856], old=null, confs=<EMPTY_MAP>
2019-08-29 01:06:47,178 [pool-338-thread-1] INFO  server.RaftServerConfigKeys (ConfUtils.java:logGet(43)) - raft.server.storage.dir = [/workdir/hadoop-ozone/integration-test/target/test-dir/MiniOzoneClusterImpl-99ad9353-596e-44f9-b4ca-7c7cdd5df1c6/datanode-2/data/ratis] (custom)
2019-08-29 01:06:47,178 [pool-338-thread-1] INFO  storage.RaftStorageDirectory (RaftStorageDirectory.java:analyzeStorage(246)) - The storage directory /workdir/hadoop-ozone/integration-test/target/test-dir/MiniOzoneClusterImpl-99ad9353-596e-44f9-b4ca-7c7cdd5df1c6/datanode-2/data/ratis/6489b986-6215-4c76-af93-831ffe70f764 does not exist. Creating ...
2019-08-29 01:06:47,214 [pool-338-thread-1] INFO  storage.RaftStorageDirectory (RaftStorageDirectory.java:tryLock(328)) - Lock on /workdir/hadoop-ozone/integration-test/target/test-dir/MiniOzoneClusterImpl-99ad9353-596e-44f9-b4ca-7c7cdd5df1c6/datanode-2/data/ratis/6489b986-6215-4c76-af93-831ffe70f764/in_use.lock acquired by nodename 31121@pr-hdds-2050-x2mk7-2257017151
2019-08-29 01:06:47,227 [IPC Server handler 3 on 42649] INFO  net.NetworkTopology (NetworkTopologyImpl.java:add(110)) - Added a new node: /default-rack/5ad5097d-a979-4d10-9f70-6acf19577cdd
2019-08-29 01:06:47,227 [IPC Server handler 3 on 42649] INFO  node.SCMNodeManager (SCMNodeManager.java:register(273)) - Registered Data node : 5ad5097d-a979-4d10-9f70-6acf19577cdd{ip: 192.168.69.96, host: pr-hdds-2050-x2mk7-2257017151, networkLocation: /default-rack, certSerialId: null}
2019-08-29 01:06:47,228 | INFO  | SCMAudit | user=jenkins1000 | ip=192.168.69.96 | op=REGISTER {datanodeDetails=5ad5097d-a979-4d10-9f70-6acf19577cdd{ip: 192.168.69.96, host: pr-hdds-2050-x2mk7-2257017151, networkLocation: /default-rack, certSerialId: null}} | ret=SUCCESS |  
2019-08-29 01:06:47,228 [pool-338-thread-1] INFO  storage.RaftStorage (RaftStorage.java:format(72)) - Storage directory /workdir/hadoop-ozone/integration-test/target/test-dir/MiniOzoneClusterImpl-99ad9353-596e-44f9-b4ca-7c7cdd5df1c6/datanode-2/data/ratis/6489b986-6215-4c76-af93-831ffe70f764 has been successfully formatted.
2019-08-29 01:06:47,229 [pool-338-thread-1] INFO  ratis.ContainerStateMachine (ContainerStateMachine.java:loadSnapshot(227)) - group-831FFE70F764: The snapshot info is null. Setting the last applied indexto:(t:0, i:~)
2019-08-29 01:06:47,229 [pool-338-thread-1] INFO  server.RaftServerConfigKeys (ConfUtils.java:logGet(43)) - raft.server.leader.election.timeout = 120s (custom)
2019-08-29 01:06:47,229 [pool-338-thread-1] INFO  server.RaftServerConfigKeys (ConfUtils.java:logGet(43)) - raft.server.log.use.memory = false (default)
2019-08-29 01:06:47,229 [pool-338-thread-1] INFO  server.RaftServerConfigKeys (ConfUtils.java:logGet(43)) - raft.server.log.purge.gap = 1000000 (custom)
2019-08-29 01:06:47,229 [pool-338-thread-1] INFO  server.RaftServerConfigKeys (ConfUtils.java:logGet(43)) - raft.server.log.appender.buffer.byte-limit = 33554432 (custom)
2019-08-29 01:06:47,230 [pool-338-thread-1] INFO  server.RaftServerConfigKeys (ConfUtils.java:logGet(43)) - raft.server.log.segment.size.max = 1048576 (custom)
2019-08-29 01:06:47,230 [pool-338-thread-1] INFO  server.RaftServerConfigKeys (ConfUtils.java:logGet(43)) - raft.server.log.segment.cache.num.max = 2 (custom)
2019-08-29 01:06:47,230 [pool-338-thread-1] INFO  segmented.SegmentedRaftLogWorker (SegmentedRaftLogWorker.java:<init>(172)) - new 41e348e0-7cd9-472f-af3f-c5b5cc4c1cbe-SegmentedRaftLogWorker:Storage Directory /workdir/hadoop-ozone/integration-test/target/test-dir/MiniOzoneClusterImpl-99ad9353-596e-44f9-b4ca-7c7cdd5df1c6/datanode-2/data/ratis/6489b986-6215-4c76-af93-831ffe70f764 for RaftStorage:Storage Directory /workdir/hadoop-ozone/integration-test/target/test-dir/MiniOzoneClusterImpl-99ad9353-596e-44f9-b4ca-7c7cdd5df1c6/datanode-2/data/ratis/6489b986-6215-4c76-af93-831ffe70f764
2019-08-29 01:06:47,230 [pool-338-thread-1] INFO  server.RaftServerConfigKeys (ConfUtils.java:logGet(43)) - raft.server.log.queue.byte-limit = 2147483647 (custom)
2019-08-29 01:06:47,231 [pool-338-thread-1] INFO  server.RaftServerConfigKeys (ConfUtils.java:logGet(43)) - raft.server.log.queue.element-limit = 1024 (custom)
2019-08-29 01:06:47,231 [pool-338-thread-1] INFO  server.RaftServerConfigKeys (ConfUtils.java:logGet(43)) - raft.server.log.segment.size.max = 1048576 (custom)
2019-08-29 01:06:47,231 [pool-338-thread-1] INFO  server.RaftServerConfigKeys (ConfUtils.java:logGet(43)) - raft.server.log.preallocated.size = 16384 (custom)
2019-08-29 01:06:47,231 [pool-338-thread-1] INFO  server.RaftServerConfigKeys (ConfUtils.java:logGet(43)) - raft.server.log.write.buffer.size = 33554432 (custom)
2019-08-29 01:06:47,231 [pool-338-thread-1] INFO  server.RaftServerConfigKeys (ConfUtils.java:logGet(43)) - raft.server.log.force.sync.num = 128 (default)
2019-08-29 01:06:47,232 [pool-338-thread-1] INFO  server.RaftServerConfigKeys (ConfUtils.java:logGet(43)) - raft.server.log.statemachine.data.sync = true (default)
2019-08-29 01:06:47,232 [pool-338-thread-1] INFO  server.RaftServerConfigKeys (ConfUtils.java:logGet(43)) - raft.server.log.statemachine.data.sync.timeout = 10s (default)
2019-08-29 01:06:47,232 [pool-338-thread-1] INFO  server.RaftServerConfigKeys (ConfUtils.java:logGet(43)) - raft.server.log.statemachine.data.sync.timeout.retry = -1 (default)
2019-08-29 01:06:47,233 [pool-338-thread-1] INFO  server.RaftServerConfigKeys (ConfUtils.java:logGet(43)) - raft.server.log.statemachine.data.caching.enabled = true (custom)
2019-08-29 01:06:47,233 [pool-338-thread-1] INFO  segmented.SegmentedRaftLogWorker (SegmentedRaftLogWorker.java:lambda$new$0(132)) - 41e348e0-7cd9-472f-af3f-c5b5cc4c1cbe-SegmentedRaftLogWorker:Storage Directory /workdir/hadoop-ozone/integration-test/target/test-dir/MiniOzoneClusterImpl-99ad9353-596e-44f9-b4ca-7c7cdd5df1c6/datanode-2/data/ratis/6489b986-6215-4c76-af93-831ffe70f764: flushIndex: setUnconditionally 0 -> -1
2019-08-29 01:06:47,233 [pool-338-thread-1] INFO  server.RaftServerConfigKeys (ConfUtils.java:logGet(43)) - raft.server.snapshot.auto.trigger.enabled = true (custom)
2019-08-29 01:06:47,234 [pool-338-thread-1] INFO  server.RaftServerConfigKeys (ConfUtils.java:logGet(43)) - raft.server.snapshot.auto.trigger.threshold = 10000 (custom)
2019-08-29 01:06:47,234 [pool-338-thread-1] INFO  server.RaftServerConfigKeys (ConfUtils.java:logGet(43)) - raft.server.retrycache.expirytime = 600000ms (custom)
2019-08-29 01:06:47,234 [pool-338-thread-1] INFO  impl.RaftServerImpl (RaftServerImpl.java:start(180)) - 41e348e0-7cd9-472f-af3f-c5b5cc4c1cbe: start group-831FFE70F764
2019-08-29 01:06:47,234 [pool-338-thread-1] INFO  impl.RaftServerImpl (RaftServerImpl.java:setRole(171)) - 41e348e0-7cd9-472f-af3f-c5b5cc4c1cbe:group-831FFE70F764 changes role from null to FOLLOWER at term 0 for startAsFollower
2019-08-29 01:06:47,234 [pool-338-thread-1] INFO  impl.RoleInfo (RoleInfo.java:updateAndGet(143)) - 41e348e0-7cd9-472f-af3f-c5b5cc4c1cbe: start FollowerState
2019-08-29 01:06:47,235 [pool-338-thread-1] INFO  util.JmxRegister (JmxRegister.java:tryRegister(44)) - Successfully registered JMX Bean with object name Ratis:service=RaftServer,group=group-831FFE70F764,id=41e348e0-7cd9-472f-af3f-c5b5cc4c1cbe
2019-08-29 01:06:47,241 [RatisPipelineUtilsThread] INFO  pipeline.PipelineStateManager (PipelineStateManager.java:addPipeline(56)) - Created pipeline Pipeline[ Id: 6489b986-6215-4c76-af93-831ffe70f764, Nodes: 41e348e0-7cd9-472f-af3f-c5b5cc4c1cbe{ip: 192.168.69.96, host: pr-hdds-2050-x2mk7-2257017151, networkLocation: /default-rack, certSerialId: null}, Type:RATIS, Factor:ONE, State:OPEN]
2019-08-29 01:06:47,251 [grpc-default-executor-7] INFO  impl.RaftServerProxy (RaftServerProxy.java:addNew(89)) - 5ad5097d-a979-4d10-9f70-6acf19577cdd: addNew group-9BA75AF151CE:[5ad5097d-a979-4d10-9f70-6acf19577cdd:192.168.69.96:33544] returns group-9BA75AF151CE:java.util.concurrent.CompletableFuture@189da4c[Not completed]
2019-08-29 01:06:47,253 [pool-349-thread-1] INFO  impl.RaftServerImpl (RaftServerImpl.java:<init>(93)) - 5ad5097d-a979-4d10-9f70-6acf19577cdd: new RaftServerImpl for group-9BA75AF151CE:[5ad5097d-a979-4d10-9f70-6acf19577cdd:192.168.69.96:33544] with ContainerStateMachine:uninitialized
2019-08-29 01:06:47,253 [pool-349-thread-1] INFO  server.RaftServerConfigKeys (ConfUtils.java:logGet(43)) - raft.server.rpc.timeout.min = 5s (custom)
2019-08-29 01:06:47,253 [pool-349-thread-1] INFO  server.RaftServerConfigKeys (ConfUtils.java:logGet(43)) - raft.server.rpc.timeout.max = 5200ms (custom)
2019-08-29 01:06:47,253 [pool-349-thread-1] INFO  server.RaftServerConfigKeys (ConfUtils.java:logGet(43)) - raft.server.rpcslowness.timeout = 120s (custom)
2019-08-29 01:06:47,253 [pool-349-thread-1] INFO  server.RaftServerConfigKeys (ConfUtils.java:logGet(43)) - raft.server.sleep.deviation.threshold = 300 (default)
2019-08-29 01:06:47,253 [pool-349-thread-1] INFO  server.RaftServerConfigKeys (ConfUtils.java:logGet(43)) - raft.server.log.appender.install.snapshot.enabled = false (custom)
2019-08-29 01:06:47,254 [pool-349-thread-1] INFO  impl.RaftServerImpl (ServerState.java:<init>(105)) - 5ad5097d-a979-4d10-9f70-6acf19577cdd:group-9BA75AF151CE ConfigurationManager, init=-1: [5ad5097d-a979-4d10-9f70-6acf19577cdd:192.168.69.96:33544], old=null, confs=<EMPTY_MAP>
2019-08-29 01:06:47,254 [pool-349-thread-1] INFO  server.RaftServerConfigKeys (ConfUtils.java:logGet(43)) - raft.server.storage.dir = [/workdir/hadoop-ozone/integration-test/target/test-dir/MiniOzoneClusterImpl-99ad9353-596e-44f9-b4ca-7c7cdd5df1c6/datanode-3/data/ratis] (custom)
2019-08-29 01:06:47,254 [pool-349-thread-1] INFO  storage.RaftStorageDirectory (RaftStorageDirectory.java:analyzeStorage(246)) - The storage directory /workdir/hadoop-ozone/integration-test/target/test-dir/MiniOzoneClusterImpl-99ad9353-596e-44f9-b4ca-7c7cdd5df1c6/datanode-3/data/ratis/b2475153-9baf-4784-ba11-9ba75af151ce does not exist. Creating ...
2019-08-29 01:06:47,267 [pool-349-thread-1] INFO  storage.RaftStorageDirectory (RaftStorageDirectory.java:tryLock(328)) - Lock on /workdir/hadoop-ozone/integration-test/target/test-dir/MiniOzoneClusterImpl-99ad9353-596e-44f9-b4ca-7c7cdd5df1c6/datanode-3/data/ratis/b2475153-9baf-4784-ba11-9ba75af151ce/in_use.lock acquired by nodename 31121@pr-hdds-2050-x2mk7-2257017151
2019-08-29 01:06:47,289 [IPC Server handler 4 on 42649] INFO  net.NetworkTopology (NetworkTopologyImpl.java:add(110)) - Added a new node: /default-rack/bbb59881-2c2e-4c46-bee0-3cc6903f36c9
2019-08-29 01:06:47,289 [IPC Server handler 4 on 42649] INFO  node.SCMNodeManager (SCMNodeManager.java:register(273)) - Registered Data node : bbb59881-2c2e-4c46-bee0-3cc6903f36c9{ip: 192.168.69.96, host: pr-hdds-2050-x2mk7-2257017151, networkLocation: /default-rack, certSerialId: null}
2019-08-29 01:06:47,289 | INFO  | SCMAudit | user=jenkins1000 | ip=192.168.69.96 | op=REGISTER {datanodeDetails=bbb59881-2c2e-4c46-bee0-3cc6903f36c9{ip: 192.168.69.96, host: pr-hdds-2050-x2mk7-2257017151, networkLocation: /default-rack, certSerialId: null}} | ret=SUCCESS |  
2019-08-29 01:06:47,300 [pool-349-thread-1] INFO  storage.RaftStorage (RaftStorage.java:format(72)) - Storage directory /workdir/hadoop-ozone/integration-test/target/test-dir/MiniOzoneClusterImpl-99ad9353-596e-44f9-b4ca-7c7cdd5df1c6/datanode-3/data/ratis/b2475153-9baf-4784-ba11-9ba75af151ce has been successfully formatted.
2019-08-29 01:06:47,300 [pool-349-thread-1] INFO  ratis.ContainerStateMachine (ContainerStateMachine.java:loadSnapshot(227)) - group-9BA75AF151CE: The snapshot info is null. Setting the last applied indexto:(t:0, i:~)
2019-08-29 01:06:47,300 [pool-349-thread-1] INFO  server.RaftServerConfigKeys (ConfUtils.java:logGet(43)) - raft.server.leader.election.timeout = 120s (custom)
2019-08-29 01:06:47,300 [pool-349-thread-1] INFO  server.RaftServerConfigKeys (ConfUtils.java:logGet(43)) - raft.server.log.use.memory = false (default)
2019-08-29 01:06:47,300 [pool-349-thread-1] INFO  server.RaftServerConfigKeys (ConfUtils.java:logGet(43)) - raft.server.log.purge.gap = 1000000 (custom)
2019-08-29 01:06:47,301 [pool-349-thread-1] INFO  server.RaftServerConfigKeys (ConfUtils.java:logGet(43)) - raft.server.log.appender.buffer.byte-limit = 33554432 (custom)
2019-08-29 01:06:47,301 [pool-349-thread-1] INFO  server.RaftServerConfigKeys (ConfUtils.java:logGet(43)) - raft.server.log.segment.size.max = 1048576 (custom)
2019-08-29 01:06:47,301 [pool-349-thread-1] INFO  server.RaftServerConfigKeys (ConfUtils.java:logGet(43)) - raft.server.log.segment.cache.num.max = 2 (custom)
2019-08-29 01:06:47,301 [pool-349-thread-1] INFO  segmented.SegmentedRaftLogWorker (SegmentedRaftLogWorker.java:<init>(172)) - new 5ad5097d-a979-4d10-9f70-6acf19577cdd-SegmentedRaftLogWorker:Storage Directory /workdir/hadoop-ozone/integration-test/target/test-dir/MiniOzoneClusterImpl-99ad9353-596e-44f9-b4ca-7c7cdd5df1c6/datanode-3/data/ratis/b2475153-9baf-4784-ba11-9ba75af151ce for RaftStorage:Storage Directory /workdir/hadoop-ozone/integration-test/target/test-dir/MiniOzoneClusterImpl-99ad9353-596e-44f9-b4ca-7c7cdd5df1c6/datanode-3/data/ratis/b2475153-9baf-4784-ba11-9ba75af151ce
2019-08-29 01:06:47,301 [pool-349-thread-1] INFO  server.RaftServerConfigKeys (ConfUtils.java:logGet(43)) - raft.server.log.queue.byte-limit = 2147483647 (custom)
2019-08-29 01:06:47,302 [pool-349-thread-1] INFO  server.RaftServerConfigKeys (ConfUtils.java:logGet(43)) - raft.server.log.queue.element-limit = 1024 (custom)
2019-08-29 01:06:47,302 [pool-349-thread-1] INFO  server.RaftServerConfigKeys (ConfUtils.java:logGet(43)) - raft.server.log.segment.size.max = 1048576 (custom)
2019-08-29 01:06:47,302 [pool-349-thread-1] INFO  server.RaftServerConfigKeys (ConfUtils.java:logGet(43)) - raft.server.log.preallocated.size = 16384 (custom)
2019-08-29 01:06:47,302 [pool-349-thread-1] INFO  server.RaftServerConfigKeys (ConfUtils.java:logGet(43)) - raft.server.log.write.buffer.size = 33554432 (custom)
2019-08-29 01:06:47,302 [pool-349-thread-1] INFO  server.RaftServerConfigKeys (ConfUtils.java:logGet(43)) - raft.server.log.force.sync.num = 128 (default)
2019-08-29 01:06:47,302 [pool-349-thread-1] INFO  server.RaftServerConfigKeys (ConfUtils.java:logGet(43)) - raft.server.log.statemachine.data.sync = true (default)
2019-08-29 01:06:47,303 [pool-349-thread-1] INFO  server.RaftServerConfigKeys (ConfUtils.java:logGet(43)) - raft.server.log.statemachine.data.sync.timeout = 10s (default)
2019-08-29 01:06:47,303 [pool-349-thread-1] INFO  server.RaftServerConfigKeys (ConfUtils.java:logGet(43)) - raft.server.log.statemachine.data.sync.timeout.retry = -1 (default)
2019-08-29 01:06:47,303 [pool-349-thread-1] INFO  server.RaftServerConfigKeys (ConfUtils.java:logGet(43)) - raft.server.log.statemachine.data.caching.enabled = true (custom)
2019-08-29 01:06:47,303 [pool-349-thread-1] INFO  segmented.SegmentedRaftLogWorker (SegmentedRaftLogWorker.java:lambda$new$0(132)) - 5ad5097d-a979-4d10-9f70-6acf19577cdd-SegmentedRaftLogWorker:Storage Directory /workdir/hadoop-ozone/integration-test/target/test-dir/MiniOzoneClusterImpl-99ad9353-596e-44f9-b4ca-7c7cdd5df1c6/datanode-3/data/ratis/b2475153-9baf-4784-ba11-9ba75af151ce: flushIndex: setUnconditionally 0 -> -1
2019-08-29 01:06:47,304 [pool-349-thread-1] INFO  server.RaftServerConfigKeys (ConfUtils.java:logGet(43)) - raft.server.snapshot.auto.trigger.enabled = true (custom)
2019-08-29 01:06:47,304 [pool-349-thread-1] INFO  server.RaftServerConfigKeys (ConfUtils.java:logGet(43)) - raft.server.snapshot.auto.trigger.threshold = 10000 (custom)
2019-08-29 01:06:47,304 [pool-349-thread-1] INFO  server.RaftServerConfigKeys (ConfUtils.java:logGet(43)) - raft.server.retrycache.expirytime = 600000ms (custom)
2019-08-29 01:06:47,304 [pool-349-thread-1] INFO  impl.RaftServerImpl (RaftServerImpl.java:start(180)) - 5ad5097d-a979-4d10-9f70-6acf19577cdd: start group-9BA75AF151CE
2019-08-29 01:06:47,305 [pool-349-thread-1] INFO  impl.RaftServerImpl (RaftServerImpl.java:setRole(171)) - 5ad5097d-a979-4d10-9f70-6acf19577cdd:group-9BA75AF151CE changes role from null to FOLLOWER at term 0 for startAsFollower
2019-08-29 01:06:47,305 [pool-349-thread-1] INFO  impl.RoleInfo (RoleInfo.java:updateAndGet(143)) - 5ad5097d-a979-4d10-9f70-6acf19577cdd: start FollowerState
2019-08-29 01:06:47,305 [pool-349-thread-1] INFO  util.JmxRegister (JmxRegister.java:tryRegister(44)) - Successfully registered JMX Bean with object name Ratis:service=RaftServer,group=group-9BA75AF151CE,id=5ad5097d-a979-4d10-9f70-6acf19577cdd
2019-08-29 01:06:47,310 [RatisPipelineUtilsThread] INFO  pipeline.PipelineStateManager (PipelineStateManager.java:addPipeline(56)) - Created pipeline Pipeline[ Id: b2475153-9baf-4784-ba11-9ba75af151ce, Nodes: 5ad5097d-a979-4d10-9f70-6acf19577cdd{ip: 192.168.69.96, host: pr-hdds-2050-x2mk7-2257017151, networkLocation: /default-rack, certSerialId: null}, Type:RATIS, Factor:ONE, State:OPEN]
2019-08-29 01:06:47,320 [grpc-default-executor-7] INFO  impl.RaftServerProxy (RaftServerProxy.java:addNew(89)) - bbb59881-2c2e-4c46-bee0-3cc6903f36c9: addNew group-AB1544153092:[bbb59881-2c2e-4c46-bee0-3cc6903f36c9:192.168.69.96:34724] returns group-AB1544153092:java.util.concurrent.CompletableFuture@6449637[Not completed]
2019-08-29 01:06:47,321 [pool-360-thread-1] INFO  impl.RaftServerImpl (RaftServerImpl.java:<init>(93)) - bbb59881-2c2e-4c46-bee0-3cc6903f36c9: new RaftServerImpl for group-AB1544153092:[bbb59881-2c2e-4c46-bee0-3cc6903f36c9:192.168.69.96:34724] with ContainerStateMachine:uninitialized
2019-08-29 01:06:47,322 [pool-360-thread-1] INFO  server.RaftServerConfigKeys (ConfUtils.java:logGet(43)) - raft.server.rpc.timeout.min = 5s (custom)
2019-08-29 01:06:47,322 [pool-360-thread-1] INFO  server.RaftServerConfigKeys (ConfUtils.java:logGet(43)) - raft.server.rpc.timeout.max = 5200ms (custom)
2019-08-29 01:06:47,322 [pool-360-thread-1] INFO  server.RaftServerConfigKeys (ConfUtils.java:logGet(43)) - raft.server.rpcslowness.timeout = 120s (custom)
2019-08-29 01:06:47,322 [pool-360-thread-1] INFO  server.RaftServerConfigKeys (ConfUtils.java:logGet(43)) - raft.server.sleep.deviation.threshold = 300 (default)
2019-08-29 01:06:47,322 [pool-360-thread-1] INFO  server.RaftServerConfigKeys (ConfUtils.java:logGet(43)) - raft.server.log.appender.install.snapshot.enabled = false (custom)
2019-08-29 01:06:47,322 [pool-360-thread-1] INFO  impl.RaftServerImpl (ServerState.java:<init>(105)) - bbb59881-2c2e-4c46-bee0-3cc6903f36c9:group-AB1544153092 ConfigurationManager, init=-1: [bbb59881-2c2e-4c46-bee0-3cc6903f36c9:192.168.69.96:34724], old=null, confs=<EMPTY_MAP>
2019-08-29 01:06:47,323 [pool-360-thread-1] INFO  server.RaftServerConfigKeys (ConfUtils.java:logGet(43)) - raft.server.storage.dir = [/workdir/hadoop-ozone/integration-test/target/test-dir/MiniOzoneClusterImpl-99ad9353-596e-44f9-b4ca-7c7cdd5df1c6/datanode-4/data/ratis] (custom)
2019-08-29 01:06:47,323 [pool-360-thread-1] INFO  storage.RaftStorageDirectory (RaftStorageDirectory.java:analyzeStorage(246)) - The storage directory /workdir/hadoop-ozone/integration-test/target/test-dir/MiniOzoneClusterImpl-99ad9353-596e-44f9-b4ca-7c7cdd5df1c6/datanode-4/data/ratis/ca472929-7d89-4ced-84c5-ab1544153092 does not exist. Creating ...
2019-08-29 01:06:47,336 [pool-360-thread-1] INFO  storage.RaftStorageDirectory (RaftStorageDirectory.java:tryLock(328)) - Lock on /workdir/hadoop-ozone/integration-test/target/test-dir/MiniOzoneClusterImpl-99ad9353-596e-44f9-b4ca-7c7cdd5df1c6/datanode-4/data/ratis/ca472929-7d89-4ced-84c5-ab1544153092/in_use.lock acquired by nodename 31121@pr-hdds-2050-x2mk7-2257017151
2019-08-29 01:06:47,349 [pool-360-thread-1] INFO  storage.RaftStorage (RaftStorage.java:format(72)) - Storage directory /workdir/hadoop-ozone/integration-test/target/test-dir/MiniOzoneClusterImpl-99ad9353-596e-44f9-b4ca-7c7cdd5df1c6/datanode-4/data/ratis/ca472929-7d89-4ced-84c5-ab1544153092 has been successfully formatted.
2019-08-29 01:06:47,349 [pool-360-thread-1] INFO  ratis.ContainerStateMachine (ContainerStateMachine.java:loadSnapshot(227)) - group-AB1544153092: The snapshot info is null. Setting the last applied indexto:(t:0, i:~)
2019-08-29 01:06:47,350 [pool-360-thread-1] INFO  server.RaftServerConfigKeys (ConfUtils.java:logGet(43)) - raft.server.leader.election.timeout = 120s (custom)
2019-08-29 01:06:47,350 [pool-360-thread-1] INFO  server.RaftServerConfigKeys (ConfUtils.java:logGet(43)) - raft.server.log.use.memory = false (default)
2019-08-29 01:06:47,350 [pool-360-thread-1] INFO  server.RaftServerConfigKeys (ConfUtils.java:logGet(43)) - raft.server.log.purge.gap = 1000000 (custom)
2019-08-29 01:06:47,350 [pool-360-thread-1] INFO  server.RaftServerConfigKeys (ConfUtils.java:logGet(43)) - raft.server.log.appender.buffer.byte-limit = 33554432 (custom)
2019-08-29 01:06:47,350 [pool-360-thread-1] INFO  server.RaftServerConfigKeys (ConfUtils.java:logGet(43)) - raft.server.log.segment.size.max = 1048576 (custom)
2019-08-29 01:06:47,350 [pool-360-thread-1] INFO  server.RaftServerConfigKeys (ConfUtils.java:logGet(43)) - raft.server.log.segment.cache.num.max = 2 (custom)
2019-08-29 01:06:47,351 [pool-360-thread-1] INFO  segmented.SegmentedRaftLogWorker (SegmentedRaftLogWorker.java:<init>(172)) - new bbb59881-2c2e-4c46-bee0-3cc6903f36c9-SegmentedRaftLogWorker:Storage Directory /workdir/hadoop-ozone/integration-test/target/test-dir/MiniOzoneClusterImpl-99ad9353-596e-44f9-b4ca-7c7cdd5df1c6/datanode-4/data/ratis/ca472929-7d89-4ced-84c5-ab1544153092 for RaftStorage:Storage Directory /workdir/hadoop-ozone/integration-test/target/test-dir/MiniOzoneClusterImpl-99ad9353-596e-44f9-b4ca-7c7cdd5df1c6/datanode-4/data/ratis/ca472929-7d89-4ced-84c5-ab1544153092
2019-08-29 01:06:47,351 [pool-360-thread-1] INFO  server.RaftServerConfigKeys (ConfUtils.java:logGet(43)) - raft.server.log.queue.byte-limit = 2147483647 (custom)
2019-08-29 01:06:47,351 [pool-360-thread-1] INFO  server.RaftServerConfigKeys (ConfUtils.java:logGet(43)) - raft.server.log.queue.element-limit = 1024 (custom)
2019-08-29 01:06:47,351 [pool-360-thread-1] INFO  server.RaftServerConfigKeys (ConfUtils.java:logGet(43)) - raft.server.log.segment.size.max = 1048576 (custom)
2019-08-29 01:06:47,352 [pool-360-thread-1] INFO  server.RaftServerConfigKeys (ConfUtils.java:logGet(43)) - raft.server.log.preallocated.size = 16384 (custom)
2019-08-29 01:06:47,352 [pool-360-thread-1] INFO  server.RaftServerConfigKeys (ConfUtils.java:logGet(43)) - raft.server.log.write.buffer.size = 33554432 (custom)
2019-08-29 01:06:47,352 [pool-360-thread-1] INFO  server.RaftServerConfigKeys (ConfUtils.java:logGet(43)) - raft.server.log.force.sync.num = 128 (default)
2019-08-29 01:06:47,352 [pool-360-thread-1] INFO  server.RaftServerConfigKeys (ConfUtils.java:logGet(43)) - raft.server.log.statemachine.data.sync = true (default)
2019-08-29 01:06:47,352 [pool-360-thread-1] INFO  server.RaftServerConfigKeys (ConfUtils.java:logGet(43)) - raft.server.log.statemachine.data.sync.timeout = 10s (default)
2019-08-29 01:06:47,352 [pool-360-thread-1] INFO  server.RaftServerConfigKeys (ConfUtils.java:logGet(43)) - raft.server.log.statemachine.data.sync.timeout.retry = -1 (default)
2019-08-29 01:06:47,353 [pool-360-thread-1] INFO  server.RaftServerConfigKeys (ConfUtils.java:logGet(43)) - raft.server.log.statemachine.data.caching.enabled = true (custom)
2019-08-29 01:06:47,353 [IPC Server handler 5 on 42649] INFO  net.NetworkTopology (NetworkTopologyImpl.java:add(110)) - Added a new node: /default-rack/85caa6cf-c7c6-4192-8a58-74ecec5901dd
2019-08-29 01:06:47,353 [pool-360-thread-1] INFO  segmented.SegmentedRaftLogWorker (SegmentedRaftLogWorker.java:lambda$new$0(132)) - bbb59881-2c2e-4c46-bee0-3cc6903f36c9-SegmentedRaftLogWorker:Storage Directory /workdir/hadoop-ozone/integration-test/target/test-dir/MiniOzoneClusterImpl-99ad9353-596e-44f9-b4ca-7c7cdd5df1c6/datanode-4/data/ratis/ca472929-7d89-4ced-84c5-ab1544153092: flushIndex: setUnconditionally 0 -> -1
2019-08-29 01:06:47,353 [IPC Server handler 5 on 42649] INFO  node.SCMNodeManager (SCMNodeManager.java:register(273)) - Registered Data node : 85caa6cf-c7c6-4192-8a58-74ecec5901dd{ip: 192.168.69.96, host: pr-hdds-2050-x2mk7-2257017151, networkLocation: /default-rack, certSerialId: null}
2019-08-29 01:06:47,354 | INFO  | SCMAudit | user=jenkins1000 | ip=192.168.69.96 | op=REGISTER {datanodeDetails=85caa6cf-c7c6-4192-8a58-74ecec5901dd{ip: 192.168.69.96, host: pr-hdds-2050-x2mk7-2257017151, networkLocation: /default-rack, certSerialId: null}} | ret=SUCCESS |  
2019-08-29 01:06:47,353 [pool-360-thread-1] INFO  server.RaftServerConfigKeys (ConfUtils.java:logGet(43)) - raft.server.snapshot.auto.trigger.enabled = true (custom)
2019-08-29 01:06:47,354 [pool-360-thread-1] INFO  server.RaftServerConfigKeys (ConfUtils.java:logGet(43)) - raft.server.snapshot.auto.trigger.threshold = 10000 (custom)
2019-08-29 01:06:47,354 [pool-360-thread-1] INFO  server.RaftServerConfigKeys (ConfUtils.java:logGet(43)) - raft.server.retrycache.expirytime = 600000ms (custom)
2019-08-29 01:06:47,354 [pool-360-thread-1] INFO  impl.RaftServerImpl (RaftServerImpl.java:start(180)) - bbb59881-2c2e-4c46-bee0-3cc6903f36c9: start group-AB1544153092
2019-08-29 01:06:47,354 [pool-360-thread-1] INFO  impl.RaftServerImpl (RaftServerImpl.java:setRole(171)) - bbb59881-2c2e-4c46-bee0-3cc6903f36c9:group-AB1544153092 changes role from null to FOLLOWER at term 0 for startAsFollower
2019-08-29 01:06:47,354 [pool-360-thread-1] INFO  impl.RoleInfo (RoleInfo.java:updateAndGet(143)) - bbb59881-2c2e-4c46-bee0-3cc6903f36c9: start FollowerState
2019-08-29 01:06:47,355 [pool-360-thread-1] INFO  util.JmxRegister (JmxRegister.java:tryRegister(44)) - Successfully registered JMX Bean with object name Ratis:service=RaftServer,group=group-AB1544153092,id=bbb59881-2c2e-4c46-bee0-3cc6903f36c9
2019-08-29 01:06:47,360 [RatisPipelineUtilsThread] INFO  pipeline.PipelineStateManager (PipelineStateManager.java:addPipeline(56)) - Created pipeline Pipeline[ Id: ca472929-7d89-4ced-84c5-ab1544153092, Nodes: bbb59881-2c2e-4c46-bee0-3cc6903f36c9{ip: 192.168.69.96, host: pr-hdds-2050-x2mk7-2257017151, networkLocation: /default-rack, certSerialId: null}, Type:RATIS, Factor:ONE, State:OPEN]
2019-08-29 01:06:47,371 [grpc-default-executor-7] INFO  impl.RaftServerProxy (RaftServerProxy.java:addNew(89)) - 85caa6cf-c7c6-4192-8a58-74ecec5901dd: addNew group-0EDDD6544644:[85caa6cf-c7c6-4192-8a58-74ecec5901dd:192.168.69.96:45624] returns group-0EDDD6544644:java.util.concurrent.CompletableFuture@184d7d5f[Not completed]
2019-08-29 01:06:47,373 [pool-371-thread-1] INFO  impl.RaftServerImpl (RaftServerImpl.java:<init>(93)) - 85caa6cf-c7c6-4192-8a58-74ecec5901dd: new RaftServerImpl for group-0EDDD6544644:[85caa6cf-c7c6-4192-8a58-74ecec5901dd:192.168.69.96:45624] with ContainerStateMachine:uninitialized
2019-08-29 01:06:47,374 [pool-371-thread-1] INFO  server.RaftServerConfigKeys (ConfUtils.java:logGet(43)) - raft.server.rpc.timeout.min = 5s (custom)
2019-08-29 01:06:47,374 [pool-371-thread-1] INFO  server.RaftServerConfigKeys (ConfUtils.java:logGet(43)) - raft.server.rpc.timeout.max = 5200ms (custom)
2019-08-29 01:06:47,374 [pool-371-thread-1] INFO  server.RaftServerConfigKeys (ConfUtils.java:logGet(43)) - raft.server.rpcslowness.timeout = 120s (custom)
2019-08-29 01:06:47,374 [pool-371-thread-1] INFO  server.RaftServerConfigKeys (ConfUtils.java:logGet(43)) - raft.server.sleep.deviation.threshold = 300 (default)
2019-08-29 01:06:47,374 [pool-371-thread-1] INFO  server.RaftServerConfigKeys (ConfUtils.java:logGet(43)) - raft.server.log.appender.install.snapshot.enabled = false (custom)
2019-08-29 01:06:47,374 [pool-371-thread-1] INFO  impl.RaftServerImpl (ServerState.java:<init>(105)) - 85caa6cf-c7c6-4192-8a58-74ecec5901dd:group-0EDDD6544644 ConfigurationManager, init=-1: [85caa6cf-c7c6-4192-8a58-74ecec5901dd:192.168.69.96:45624], old=null, confs=<EMPTY_MAP>
2019-08-29 01:06:47,375 [pool-371-thread-1] INFO  server.RaftServerConfigKeys (ConfUtils.java:logGet(43)) - raft.server.storage.dir = [/workdir/hadoop-ozone/integration-test/target/test-dir/MiniOzoneClusterImpl-99ad9353-596e-44f9-b4ca-7c7cdd5df1c6/datanode-5/data/ratis] (custom)
2019-08-29 01:06:47,375 [pool-371-thread-1] INFO  storage.RaftStorageDirectory (RaftStorageDirectory.java:analyzeStorage(246)) - The storage directory /workdir/hadoop-ozone/integration-test/target/test-dir/MiniOzoneClusterImpl-99ad9353-596e-44f9-b4ca-7c7cdd5df1c6/datanode-5/data/ratis/bb85bd54-8e6c-4c74-a99a-0eddd6544644 does not exist. Creating ...
2019-08-29 01:06:47,388 [pool-371-thread-1] INFO  storage.RaftStorageDirectory (RaftStorageDirectory.java:tryLock(328)) - Lock on /workdir/hadoop-ozone/integration-test/target/test-dir/MiniOzoneClusterImpl-99ad9353-596e-44f9-b4ca-7c7cdd5df1c6/datanode-5/data/ratis/bb85bd54-8e6c-4c74-a99a-0eddd6544644/in_use.lock acquired by nodename 31121@pr-hdds-2050-x2mk7-2257017151
2019-08-29 01:06:47,401 [pool-371-thread-1] INFO  storage.RaftStorage (RaftStorage.java:format(72)) - Storage directory /workdir/hadoop-ozone/integration-test/target/test-dir/MiniOzoneClusterImpl-99ad9353-596e-44f9-b4ca-7c7cdd5df1c6/datanode-5/data/ratis/bb85bd54-8e6c-4c74-a99a-0eddd6544644 has been successfully formatted.
2019-08-29 01:06:47,402 [pool-371-thread-1] INFO  ratis.ContainerStateMachine (ContainerStateMachine.java:loadSnapshot(227)) - group-0EDDD6544644: The snapshot info is null. Setting the last applied indexto:(t:0, i:~)
2019-08-29 01:06:47,402 [pool-371-thread-1] INFO  server.RaftServerConfigKeys (ConfUtils.java:logGet(43)) - raft.server.leader.election.timeout = 120s (custom)
2019-08-29 01:06:47,402 [pool-371-thread-1] INFO  server.RaftServerConfigKeys (ConfUtils.java:logGet(43)) - raft.server.log.use.memory = false (default)
2019-08-29 01:06:47,402 [pool-371-thread-1] INFO  server.RaftServerConfigKeys (ConfUtils.java:logGet(43)) - raft.server.log.purge.gap = 1000000 (custom)
2019-08-29 01:06:47,403 [pool-371-thread-1] INFO  server.RaftServerConfigKeys (ConfUtils.java:logGet(43)) - raft.server.log.appender.buffer.byte-limit = 33554432 (custom)
2019-08-29 01:06:47,403 [pool-371-thread-1] INFO  server.RaftServerConfigKeys (ConfUtils.java:logGet(43)) - raft.server.log.segment.size.max = 1048576 (custom)
2019-08-29 01:06:47,403 [pool-371-thread-1] INFO  server.RaftServerConfigKeys (ConfUtils.java:logGet(43)) - raft.server.log.segment.cache.num.max = 2 (custom)
2019-08-29 01:06:47,403 [pool-371-thread-1] INFO  segmented.SegmentedRaftLogWorker (SegmentedRaftLogWorker.java:<init>(172)) - new 85caa6cf-c7c6-4192-8a58-74ecec5901dd-SegmentedRaftLogWorker:Storage Directory /workdir/hadoop-ozone/integration-test/target/test-dir/MiniOzoneClusterImpl-99ad9353-596e-44f9-b4ca-7c7cdd5df1c6/datanode-5/data/ratis/bb85bd54-8e6c-4c74-a99a-0eddd6544644 for RaftStorage:Storage Directory /workdir/hadoop-ozone/integration-test/target/test-dir/MiniOzoneClusterImpl-99ad9353-596e-44f9-b4ca-7c7cdd5df1c6/datanode-5/data/ratis/bb85bd54-8e6c-4c74-a99a-0eddd6544644
2019-08-29 01:06:47,403 [pool-371-thread-1] INFO  server.RaftServerConfigKeys (ConfUtils.java:logGet(43)) - raft.server.log.queue.byte-limit = 2147483647 (custom)
2019-08-29 01:06:47,404 [pool-371-thread-1] INFO  server.RaftServerConfigKeys (ConfUtils.java:logGet(43)) - raft.server.log.queue.element-limit = 1024 (custom)
2019-08-29 01:06:47,404 [pool-371-thread-1] INFO  server.RaftServerConfigKeys (ConfUtils.java:logGet(43)) - raft.server.log.segment.size.max = 1048576 (custom)
2019-08-29 01:06:47,404 [pool-371-thread-1] INFO  server.RaftServerConfigKeys (ConfUtils.java:logGet(43)) - raft.server.log.preallocated.size = 16384 (custom)
2019-08-29 01:06:47,404 [pool-371-thread-1] INFO  server.RaftServerConfigKeys (ConfUtils.java:logGet(43)) - raft.server.log.write.buffer.size = 33554432 (custom)
2019-08-29 01:06:47,404 [pool-371-thread-1] INFO  server.RaftServerConfigKeys (ConfUtils.java:logGet(43)) - raft.server.log.force.sync.num = 128 (default)
2019-08-29 01:06:47,405 [pool-371-thread-1] INFO  server.RaftServerConfigKeys (ConfUtils.java:logGet(43)) - raft.server.log.statemachine.data.sync = true (default)
2019-08-29 01:06:47,405 [pool-371-thread-1] INFO  server.RaftServerConfigKeys (ConfUtils.java:logGet(43)) - raft.server.log.statemachine.data.sync.timeout = 10s (default)
2019-08-29 01:06:47,405 [pool-371-thread-1] INFO  server.RaftServerConfigKeys (ConfUtils.java:logGet(43)) - raft.server.log.statemachine.data.sync.timeout.retry = -1 (default)
2019-08-29 01:06:47,405 [pool-371-thread-1] INFO  server.RaftServerConfigKeys (ConfUtils.java:logGet(43)) - raft.server.log.statemachine.data.caching.enabled = true (custom)
2019-08-29 01:06:47,406 [pool-371-thread-1] INFO  segmented.SegmentedRaftLogWorker (SegmentedRaftLogWorker.java:lambda$new$0(132)) - 85caa6cf-c7c6-4192-8a58-74ecec5901dd-SegmentedRaftLogWorker:Storage Directory /workdir/hadoop-ozone/integration-test/target/test-dir/MiniOzoneClusterImpl-99ad9353-596e-44f9-b4ca-7c7cdd5df1c6/datanode-5/data/ratis/bb85bd54-8e6c-4c74-a99a-0eddd6544644: flushIndex: setUnconditionally 0 -> -1
2019-08-29 01:06:47,406 [pool-371-thread-1] INFO  server.RaftServerConfigKeys (ConfUtils.java:logGet(43)) - raft.server.snapshot.auto.trigger.enabled = true (custom)
2019-08-29 01:06:47,407 [pool-371-thread-1] INFO  server.RaftServerConfigKeys (ConfUtils.java:logGet(43)) - raft.server.snapshot.auto.trigger.threshold = 10000 (custom)
2019-08-29 01:06:47,407 [pool-371-thread-1] INFO  server.RaftServerConfigKeys (ConfUtils.java:logGet(43)) - raft.server.retrycache.expirytime = 600000ms (custom)
2019-08-29 01:06:47,407 [pool-371-thread-1] INFO  impl.RaftServerImpl (RaftServerImpl.java:start(180)) - 85caa6cf-c7c6-4192-8a58-74ecec5901dd: start group-0EDDD6544644
2019-08-29 01:06:47,407 [pool-371-thread-1] INFO  impl.RaftServerImpl (RaftServerImpl.java:setRole(171)) - 85caa6cf-c7c6-4192-8a58-74ecec5901dd:group-0EDDD6544644 changes role from null to FOLLOWER at term 0 for startAsFollower
2019-08-29 01:06:47,407 [pool-371-thread-1] INFO  impl.RoleInfo (RoleInfo.java:updateAndGet(143)) - 85caa6cf-c7c6-4192-8a58-74ecec5901dd: start FollowerState
2019-08-29 01:06:47,408 [pool-371-thread-1] INFO  util.JmxRegister (JmxRegister.java:tryRegister(44)) - Successfully registered JMX Bean with object name Ratis:service=RaftServer,group=group-0EDDD6544644,id=85caa6cf-c7c6-4192-8a58-74ecec5901dd
2019-08-29 01:06:47,415 [main] INFO  ozone.MiniOzoneClusterImpl (MiniOzoneClusterImpl.java:lambda$waitForClusterToBeReady$0(140)) - Waiting for cluster to be ready. Got 6 of 7 DN Heartbeats.
2019-08-29 01:06:47,417 [IPC Server handler 6 on 42649] INFO  net.NetworkTopology (NetworkTopologyImpl.java:add(110)) - Added a new node: /default-rack/809d6ad1-22d0-4b8b-b559-8565831e1fa5
2019-08-29 01:06:47,417 [IPC Server handler 6 on 42649] INFO  node.SCMNodeManager (SCMNodeManager.java:register(273)) - Registered Data node : 809d6ad1-22d0-4b8b-b559-8565831e1fa5{ip: 192.168.69.96, host: pr-hdds-2050-x2mk7-2257017151, networkLocation: /default-rack, certSerialId: null}
2019-08-29 01:06:47,417 [RatisPipelineUtilsThread] INFO  pipeline.PipelineStateManager (PipelineStateManager.java:addPipeline(56)) - Created pipeline Pipeline[ Id: bb85bd54-8e6c-4c74-a99a-0eddd6544644, Nodes: 85caa6cf-c7c6-4192-8a58-74ecec5901dd{ip: 192.168.69.96, host: pr-hdds-2050-x2mk7-2257017151, networkLocation: /default-rack, certSerialId: null}, Type:RATIS, Factor:ONE, State:OPEN]
2019-08-29 01:06:47,418 | INFO  | SCMAudit | user=jenkins1000 | ip=192.168.69.96 | op=REGISTER {datanodeDetails=809d6ad1-22d0-4b8b-b559-8565831e1fa5{ip: 192.168.69.96, host: pr-hdds-2050-x2mk7-2257017151, networkLocation: /default-rack, certSerialId: null}} | ret=SUCCESS |  
2019-08-29 01:06:47,429 [grpc-default-executor-7] INFO  impl.RaftServerProxy (RaftServerProxy.java:addNew(89)) - 809d6ad1-22d0-4b8b-b559-8565831e1fa5: addNew group-1B04F57A575E:[809d6ad1-22d0-4b8b-b559-8565831e1fa5:192.168.69.96:44965] returns group-1B04F57A575E:java.util.concurrent.CompletableFuture@dbbc1e5[Not completed]
2019-08-29 01:06:47,432 [pool-382-thread-1] INFO  impl.RaftServerImpl (RaftServerImpl.java:<init>(93)) - 809d6ad1-22d0-4b8b-b559-8565831e1fa5: new RaftServerImpl for group-1B04F57A575E:[809d6ad1-22d0-4b8b-b559-8565831e1fa5:192.168.69.96:44965] with ContainerStateMachine:uninitialized
2019-08-29 01:06:47,432 [pool-382-thread-1] INFO  server.RaftServerConfigKeys (ConfUtils.java:logGet(43)) - raft.server.rpc.timeout.min = 5s (custom)
2019-08-29 01:06:47,432 [pool-382-thread-1] INFO  server.RaftServerConfigKeys (ConfUtils.java:logGet(43)) - raft.server.rpc.timeout.max = 5200ms (custom)
2019-08-29 01:06:47,432 [pool-382-thread-1] INFO  server.RaftServerConfigKeys (ConfUtils.java:logGet(43)) - raft.server.rpcslowness.timeout = 120s (custom)
2019-08-29 01:06:47,432 [pool-382-thread-1] INFO  server.RaftServerConfigKeys (ConfUtils.java:logGet(43)) - raft.server.sleep.deviation.threshold = 300 (default)
2019-08-29 01:06:47,432 [pool-382-thread-1] INFO  server.RaftServerConfigKeys (ConfUtils.java:logGet(43)) - raft.server.log.appender.install.snapshot.enabled = false (custom)
2019-08-29 01:06:47,432 [pool-382-thread-1] INFO  impl.RaftServerImpl (ServerState.java:<init>(105)) - 809d6ad1-22d0-4b8b-b559-8565831e1fa5:group-1B04F57A575E ConfigurationManager, init=-1: [809d6ad1-22d0-4b8b-b559-8565831e1fa5:192.168.69.96:44965], old=null, confs=<EMPTY_MAP>
2019-08-29 01:06:47,433 [pool-382-thread-1] INFO  server.RaftServerConfigKeys (ConfUtils.java:logGet(43)) - raft.server.storage.dir = [/workdir/hadoop-ozone/integration-test/target/test-dir/MiniOzoneClusterImpl-99ad9353-596e-44f9-b4ca-7c7cdd5df1c6/datanode-6/data/ratis] (custom)
2019-08-29 01:06:47,433 [pool-382-thread-1] INFO  storage.RaftStorageDirectory (RaftStorageDirectory.java:analyzeStorage(246)) - The storage directory /workdir/hadoop-ozone/integration-test/target/test-dir/MiniOzoneClusterImpl-99ad9353-596e-44f9-b4ca-7c7cdd5df1c6/datanode-6/data/ratis/9e60294c-e368-41ad-918a-1b04f57a575e does not exist. Creating ...
2019-08-29 01:06:47,446 [pool-382-thread-1] INFO  storage.RaftStorageDirectory (RaftStorageDirectory.java:tryLock(328)) - Lock on /workdir/hadoop-ozone/integration-test/target/test-dir/MiniOzoneClusterImpl-99ad9353-596e-44f9-b4ca-7c7cdd5df1c6/datanode-6/data/ratis/9e60294c-e368-41ad-918a-1b04f57a575e/in_use.lock acquired by nodename 31121@pr-hdds-2050-x2mk7-2257017151
2019-08-29 01:06:47,470 [pool-382-thread-1] INFO  storage.RaftStorage (RaftStorage.java:format(72)) - Storage directory /workdir/hadoop-ozone/integration-test/target/test-dir/MiniOzoneClusterImpl-99ad9353-596e-44f9-b4ca-7c7cdd5df1c6/datanode-6/data/ratis/9e60294c-e368-41ad-918a-1b04f57a575e has been successfully formatted.
2019-08-29 01:06:47,470 [pool-382-thread-1] INFO  ratis.ContainerStateMachine (ContainerStateMachine.java:loadSnapshot(227)) - group-1B04F57A575E: The snapshot info is null. Setting the last applied indexto:(t:0, i:~)
2019-08-29 01:06:47,470 [pool-382-thread-1] INFO  server.RaftServerConfigKeys (ConfUtils.java:logGet(43)) - raft.server.leader.election.timeout = 120s (custom)
2019-08-29 01:06:47,470 [pool-382-thread-1] INFO  server.RaftServerConfigKeys (ConfUtils.java:logGet(43)) - raft.server.log.use.memory = false (default)
2019-08-29 01:06:47,471 [pool-382-thread-1] INFO  server.RaftServerConfigKeys (ConfUtils.java:logGet(43)) - raft.server.log.purge.gap = 1000000 (custom)
2019-08-29 01:06:47,471 [pool-382-thread-1] INFO  server.RaftServerConfigKeys (ConfUtils.java:logGet(43)) - raft.server.log.appender.buffer.byte-limit = 33554432 (custom)
2019-08-29 01:06:47,471 [pool-382-thread-1] INFO  server.RaftServerConfigKeys (ConfUtils.java:logGet(43)) - raft.server.log.segment.size.max = 1048576 (custom)
2019-08-29 01:06:47,471 [pool-382-thread-1] INFO  server.RaftServerConfigKeys (ConfUtils.java:logGet(43)) - raft.server.log.segment.cache.num.max = 2 (custom)
2019-08-29 01:06:47,471 [pool-382-thread-1] INFO  segmented.SegmentedRaftLogWorker (SegmentedRaftLogWorker.java:<init>(172)) - new 809d6ad1-22d0-4b8b-b559-8565831e1fa5-SegmentedRaftLogWorker:Storage Directory /workdir/hadoop-ozone/integration-test/target/test-dir/MiniOzoneClusterImpl-99ad9353-596e-44f9-b4ca-7c7cdd5df1c6/datanode-6/data/ratis/9e60294c-e368-41ad-918a-1b04f57a575e for RaftStorage:Storage Directory /workdir/hadoop-ozone/integration-test/target/test-dir/MiniOzoneClusterImpl-99ad9353-596e-44f9-b4ca-7c7cdd5df1c6/datanode-6/data/ratis/9e60294c-e368-41ad-918a-1b04f57a575e
2019-08-29 01:06:47,471 [pool-382-thread-1] INFO  server.RaftServerConfigKeys (ConfUtils.java:logGet(43)) - raft.server.log.queue.byte-limit = 2147483647 (custom)
2019-08-29 01:06:47,471 [pool-382-thread-1] INFO  server.RaftServerConfigKeys (ConfUtils.java:logGet(43)) - raft.server.log.queue.element-limit = 1024 (custom)
2019-08-29 01:06:47,472 [pool-382-thread-1] INFO  server.RaftServerConfigKeys (ConfUtils.java:logGet(43)) - raft.server.log.segment.size.max = 1048576 (custom)
2019-08-29 01:06:47,472 [pool-382-thread-1] INFO  server.RaftServerConfigKeys (ConfUtils.java:logGet(43)) - raft.server.log.preallocated.size = 16384 (custom)
2019-08-29 01:06:47,472 [pool-382-thread-1] INFO  server.RaftServerConfigKeys (ConfUtils.java:logGet(43)) - raft.server.log.write.buffer.size = 33554432 (custom)
2019-08-29 01:06:47,472 [pool-382-thread-1] INFO  server.RaftServerConfigKeys (ConfUtils.java:logGet(43)) - raft.server.log.force.sync.num = 128 (default)
2019-08-29 01:06:47,472 [pool-382-thread-1] INFO  server.RaftServerConfigKeys (ConfUtils.java:logGet(43)) - raft.server.log.statemachine.data.sync = true (default)
2019-08-29 01:06:47,472 [pool-382-thread-1] INFO  server.RaftServerConfigKeys (ConfUtils.java:logGet(43)) - raft.server.log.statemachine.data.sync.timeout = 10s (default)
2019-08-29 01:06:47,472 [pool-382-thread-1] INFO  server.RaftServerConfigKeys (ConfUtils.java:logGet(43)) - raft.server.log.statemachine.data.sync.timeout.retry = -1 (default)
2019-08-29 01:06:47,473 [pool-382-thread-1] INFO  server.RaftServerConfigKeys (ConfUtils.java:logGet(43)) - raft.server.log.statemachine.data.caching.enabled = true (custom)
2019-08-29 01:06:47,473 [pool-382-thread-1] INFO  segmented.SegmentedRaftLogWorker (SegmentedRaftLogWorker.java:lambda$new$0(132)) - 809d6ad1-22d0-4b8b-b559-8565831e1fa5-SegmentedRaftLogWorker:Storage Directory /workdir/hadoop-ozone/integration-test/target/test-dir/MiniOzoneClusterImpl-99ad9353-596e-44f9-b4ca-7c7cdd5df1c6/datanode-6/data/ratis/9e60294c-e368-41ad-918a-1b04f57a575e: flushIndex: setUnconditionally 0 -> -1
2019-08-29 01:06:47,473 [pool-382-thread-1] INFO  server.RaftServerConfigKeys (ConfUtils.java:logGet(43)) - raft.server.snapshot.auto.trigger.enabled = true (custom)
2019-08-29 01:06:47,473 [pool-382-thread-1] INFO  server.RaftServerConfigKeys (ConfUtils.java:logGet(43)) - raft.server.snapshot.auto.trigger.threshold = 10000 (custom)
2019-08-29 01:06:47,474 [pool-382-thread-1] INFO  server.RaftServerConfigKeys (ConfUtils.java:logGet(43)) - raft.server.retrycache.expirytime = 600000ms (custom)
2019-08-29 01:06:47,474 [pool-382-thread-1] INFO  impl.RaftServerImpl (RaftServerImpl.java:start(180)) - 809d6ad1-22d0-4b8b-b559-8565831e1fa5: start group-1B04F57A575E
2019-08-29 01:06:47,474 [pool-382-thread-1] INFO  impl.RaftServerImpl (RaftServerImpl.java:setRole(171)) - 809d6ad1-22d0-4b8b-b559-8565831e1fa5:group-1B04F57A575E changes role from null to FOLLOWER at term 0 for startAsFollower
2019-08-29 01:06:47,474 [pool-382-thread-1] INFO  impl.RoleInfo (RoleInfo.java:updateAndGet(143)) - 809d6ad1-22d0-4b8b-b559-8565831e1fa5: start FollowerState
2019-08-29 01:06:47,474 [pool-382-thread-1] INFO  util.JmxRegister (JmxRegister.java:tryRegister(44)) - Successfully registered JMX Bean with object name Ratis:service=RaftServer,group=group-1B04F57A575E,id=809d6ad1-22d0-4b8b-b559-8565831e1fa5
2019-08-29 01:06:47,479 [RatisPipelineUtilsThread] INFO  pipeline.PipelineStateManager (PipelineStateManager.java:addPipeline(56)) - Created pipeline Pipeline[ Id: 9e60294c-e368-41ad-918a-1b04f57a575e, Nodes: 809d6ad1-22d0-4b8b-b559-8565831e1fa5{ip: 192.168.69.96, host: pr-hdds-2050-x2mk7-2257017151, networkLocation: /default-rack, certSerialId: null}, Type:RATIS, Factor:ONE, State:OPEN]
2019-08-29 01:06:47,493 [grpc-default-executor-0] INFO  impl.RaftServerProxy (RaftServerProxy.java:addNew(89)) - 85caa6cf-c7c6-4192-8a58-74ecec5901dd: addNew group-78ADE6B227B7:[809d6ad1-22d0-4b8b-b559-8565831e1fa5:192.168.69.96:44965, 85caa6cf-c7c6-4192-8a58-74ecec5901dd:192.168.69.96:45624, 5ad5097d-a979-4d10-9f70-6acf19577cdd:192.168.69.96:33544] returns group-78ADE6B227B7:java.util.concurrent.CompletableFuture@7a240a09[Not completed]
2019-08-29 01:06:47,496 [grpc-default-executor-2] INFO  impl.RaftServerProxy (RaftServerProxy.java:addNew(89)) - 809d6ad1-22d0-4b8b-b559-8565831e1fa5: addNew group-78ADE6B227B7:[809d6ad1-22d0-4b8b-b559-8565831e1fa5:192.168.69.96:44965, 85caa6cf-c7c6-4192-8a58-74ecec5901dd:192.168.69.96:45624, 5ad5097d-a979-4d10-9f70-6acf19577cdd:192.168.69.96:33544] returns group-78ADE6B227B7:java.util.concurrent.CompletableFuture@1f990968[Not completed]
2019-08-29 01:06:47,499 [grpc-default-executor-2] INFO  impl.RaftServerProxy (RaftServerProxy.java:addNew(89)) - 5ad5097d-a979-4d10-9f70-6acf19577cdd: addNew group-78ADE6B227B7:[809d6ad1-22d0-4b8b-b559-8565831e1fa5:192.168.69.96:44965, 85caa6cf-c7c6-4192-8a58-74ecec5901dd:192.168.69.96:45624, 5ad5097d-a979-4d10-9f70-6acf19577cdd:192.168.69.96:33544] returns group-78ADE6B227B7:java.util.concurrent.CompletableFuture@22c3b0b[Not completed]
2019-08-29 01:06:47,499 [pool-371-thread-1] INFO  impl.RaftServerImpl (RaftServerImpl.java:<init>(93)) - 85caa6cf-c7c6-4192-8a58-74ecec5901dd: new RaftServerImpl for group-78ADE6B227B7:[809d6ad1-22d0-4b8b-b559-8565831e1fa5:192.168.69.96:44965, 85caa6cf-c7c6-4192-8a58-74ecec5901dd:192.168.69.96:45624, 5ad5097d-a979-4d10-9f70-6acf19577cdd:192.168.69.96:33544] with ContainerStateMachine:uninitialized
2019-08-29 01:06:47,500 [pool-371-thread-1] INFO  server.RaftServerConfigKeys (ConfUtils.java:logGet(43)) - raft.server.rpc.timeout.min = 5s (custom)
2019-08-29 01:06:47,500 [pool-371-thread-1] INFO  server.RaftServerConfigKeys (ConfUtils.java:logGet(43)) - raft.server.rpc.timeout.max = 5200ms (custom)
2019-08-29 01:06:47,500 [pool-371-thread-1] INFO  server.RaftServerConfigKeys (ConfUtils.java:logGet(43)) - raft.server.rpcslowness.timeout = 120s (custom)
2019-08-29 01:06:47,500 [pool-371-thread-1] INFO  server.RaftServerConfigKeys (ConfUtils.java:logGet(43)) - raft.server.sleep.deviation.threshold = 300 (default)
2019-08-29 01:06:47,500 [pool-382-thread-1] INFO  impl.RaftServerImpl (RaftServerImpl.java:<init>(93)) - 809d6ad1-22d0-4b8b-b559-8565831e1fa5: new RaftServerImpl for group-78ADE6B227B7:[809d6ad1-22d0-4b8b-b559-8565831e1fa5:192.168.69.96:44965, 85caa6cf-c7c6-4192-8a58-74ecec5901dd:192.168.69.96:45624, 5ad5097d-a979-4d10-9f70-6acf19577cdd:192.168.69.96:33544] with ContainerStateMachine:uninitialized
2019-08-29 01:06:47,500 [pool-371-thread-1] INFO  server.RaftServerConfigKeys (ConfUtils.java:logGet(43)) - raft.server.log.appender.install.snapshot.enabled = false (custom)
2019-08-29 01:06:47,500 [pool-382-thread-1] INFO  server.RaftServerConfigKeys (ConfUtils.java:logGet(43)) - raft.server.rpc.timeout.min = 5s (custom)
2019-08-29 01:06:47,500 [pool-371-thread-1] INFO  impl.RaftServerImpl (ServerState.java:<init>(105)) - 85caa6cf-c7c6-4192-8a58-74ecec5901dd:group-78ADE6B227B7 ConfigurationManager, init=-1: [809d6ad1-22d0-4b8b-b559-8565831e1fa5:192.168.69.96:44965, 85caa6cf-c7c6-4192-8a58-74ecec5901dd:192.168.69.96:45624, 5ad5097d-a979-4d10-9f70-6acf19577cdd:192.168.69.96:33544], old=null, confs=<EMPTY_MAP>
2019-08-29 01:06:47,500 [pool-382-thread-1] INFO  server.RaftServerConfigKeys (ConfUtils.java:logGet(43)) - raft.server.rpc.timeout.max = 5200ms (custom)
2019-08-29 01:06:47,500 [pool-382-thread-1] INFO  server.RaftServerConfigKeys (ConfUtils.java:logGet(43)) - raft.server.rpcslowness.timeout = 120s (custom)
2019-08-29 01:06:47,501 [pool-371-thread-1] INFO  server.RaftServerConfigKeys (ConfUtils.java:logGet(43)) - raft.server.storage.dir = [/workdir/hadoop-ozone/integration-test/target/test-dir/MiniOzoneClusterImpl-99ad9353-596e-44f9-b4ca-7c7cdd5df1c6/datanode-5/data/ratis] (custom)
2019-08-29 01:06:47,501 [pool-382-thread-1] INFO  server.RaftServerConfigKeys (ConfUtils.java:logGet(43)) - raft.server.sleep.deviation.threshold = 300 (default)
2019-08-29 01:06:47,501 [pool-382-thread-1] INFO  server.RaftServerConfigKeys (ConfUtils.java:logGet(43)) - raft.server.log.appender.install.snapshot.enabled = false (custom)
2019-08-29 01:06:47,501 [pool-371-thread-1] INFO  storage.RaftStorageDirectory (RaftStorageDirectory.java:analyzeStorage(246)) - The storage directory /workdir/hadoop-ozone/integration-test/target/test-dir/MiniOzoneClusterImpl-99ad9353-596e-44f9-b4ca-7c7cdd5df1c6/datanode-5/data/ratis/dcc6c17a-4c26-4173-bb36-78ade6b227b7 does not exist. Creating ...
2019-08-29 01:06:47,501 [pool-382-thread-1] INFO  impl.RaftServerImpl (ServerState.java:<init>(105)) - 809d6ad1-22d0-4b8b-b559-8565831e1fa5:group-78ADE6B227B7 ConfigurationManager, init=-1: [809d6ad1-22d0-4b8b-b559-8565831e1fa5:192.168.69.96:44965, 85caa6cf-c7c6-4192-8a58-74ecec5901dd:192.168.69.96:45624, 5ad5097d-a979-4d10-9f70-6acf19577cdd:192.168.69.96:33544], old=null, confs=<EMPTY_MAP>
2019-08-29 01:06:47,501 [pool-382-thread-1] INFO  server.RaftServerConfigKeys (ConfUtils.java:logGet(43)) - raft.server.storage.dir = [/workdir/hadoop-ozone/integration-test/target/test-dir/MiniOzoneClusterImpl-99ad9353-596e-44f9-b4ca-7c7cdd5df1c6/datanode-6/data/ratis] (custom)
2019-08-29 01:06:47,501 [pool-349-thread-1] INFO  impl.RaftServerImpl (RaftServerImpl.java:<init>(93)) - 5ad5097d-a979-4d10-9f70-6acf19577cdd: new RaftServerImpl for group-78ADE6B227B7:[809d6ad1-22d0-4b8b-b559-8565831e1fa5:192.168.69.96:44965, 85caa6cf-c7c6-4192-8a58-74ecec5901dd:192.168.69.96:45624, 5ad5097d-a979-4d10-9f70-6acf19577cdd:192.168.69.96:33544] with ContainerStateMachine:uninitialized
2019-08-29 01:06:47,502 [pool-382-thread-1] INFO  storage.RaftStorageDirectory (RaftStorageDirectory.java:analyzeStorage(246)) - The storage directory /workdir/hadoop-ozone/integration-test/target/test-dir/MiniOzoneClusterImpl-99ad9353-596e-44f9-b4ca-7c7cdd5df1c6/datanode-6/data/ratis/dcc6c17a-4c26-4173-bb36-78ade6b227b7 does not exist. Creating ...
2019-08-29 01:06:47,502 [pool-349-thread-1] INFO  server.RaftServerConfigKeys (ConfUtils.java:logGet(43)) - raft.server.rpc.timeout.min = 5s (custom)
2019-08-29 01:06:47,502 [pool-349-thread-1] INFO  server.RaftServerConfigKeys (ConfUtils.java:logGet(43)) - raft.server.rpc.timeout.max = 5200ms (custom)
2019-08-29 01:06:47,502 [pool-349-thread-1] INFO  server.RaftServerConfigKeys (ConfUtils.java:logGet(43)) - raft.server.rpcslowness.timeout = 120s (custom)
2019-08-29 01:06:47,502 [pool-349-thread-1] INFO  server.RaftServerConfigKeys (ConfUtils.java:logGet(43)) - raft.server.sleep.deviation.threshold = 300 (default)
2019-08-29 01:06:47,502 [pool-349-thread-1] INFO  server.RaftServerConfigKeys (ConfUtils.java:logGet(43)) - raft.server.log.appender.install.snapshot.enabled = false (custom)
2019-08-29 01:06:47,503 [pool-349-thread-1] INFO  impl.RaftServerImpl (ServerState.java:<init>(105)) - 5ad5097d-a979-4d10-9f70-6acf19577cdd:group-78ADE6B227B7 ConfigurationManager, init=-1: [809d6ad1-22d0-4b8b-b559-8565831e1fa5:192.168.69.96:44965, 85caa6cf-c7c6-4192-8a58-74ecec5901dd:192.168.69.96:45624, 5ad5097d-a979-4d10-9f70-6acf19577cdd:192.168.69.96:33544], old=null, confs=<EMPTY_MAP>
2019-08-29 01:06:47,503 [pool-349-thread-1] INFO  server.RaftServerConfigKeys (ConfUtils.java:logGet(43)) - raft.server.storage.dir = [/workdir/hadoop-ozone/integration-test/target/test-dir/MiniOzoneClusterImpl-99ad9353-596e-44f9-b4ca-7c7cdd5df1c6/datanode-3/data/ratis] (custom)
2019-08-29 01:06:47,503 [pool-349-thread-1] INFO  storage.RaftStorageDirectory (RaftStorageDirectory.java:analyzeStorage(246)) - The storage directory /workdir/hadoop-ozone/integration-test/target/test-dir/MiniOzoneClusterImpl-99ad9353-596e-44f9-b4ca-7c7cdd5df1c6/datanode-3/data/ratis/dcc6c17a-4c26-4173-bb36-78ade6b227b7 does not exist. Creating ...
2019-08-29 01:06:47,514 [pool-382-thread-1] INFO  storage.RaftStorageDirectory (RaftStorageDirectory.java:tryLock(328)) - Lock on /workdir/hadoop-ozone/integration-test/target/test-dir/MiniOzoneClusterImpl-99ad9353-596e-44f9-b4ca-7c7cdd5df1c6/datanode-6/data/ratis/dcc6c17a-4c26-4173-bb36-78ade6b227b7/in_use.lock acquired by nodename 31121@pr-hdds-2050-x2mk7-2257017151
2019-08-29 01:06:47,514 [pool-371-thread-1] INFO  storage.RaftStorageDirectory (RaftStorageDirectory.java:tryLock(328)) - Lock on /workdir/hadoop-ozone/integration-test/target/test-dir/MiniOzoneClusterImpl-99ad9353-596e-44f9-b4ca-7c7cdd5df1c6/datanode-5/data/ratis/dcc6c17a-4c26-4173-bb36-78ade6b227b7/in_use.lock acquired by nodename 31121@pr-hdds-2050-x2mk7-2257017151
2019-08-29 01:06:47,516 [pool-349-thread-1] INFO  storage.RaftStorageDirectory (RaftStorageDirectory.java:tryLock(328)) - Lock on /workdir/hadoop-ozone/integration-test/target/test-dir/MiniOzoneClusterImpl-99ad9353-596e-44f9-b4ca-7c7cdd5df1c6/datanode-3/data/ratis/dcc6c17a-4c26-4173-bb36-78ade6b227b7/in_use.lock acquired by nodename 31121@pr-hdds-2050-x2mk7-2257017151
2019-08-29 01:06:47,518 [pool-371-thread-1] INFO  storage.RaftStorage (RaftStorage.java:format(72)) - Storage directory /workdir/hadoop-ozone/integration-test/target/test-dir/MiniOzoneClusterImpl-99ad9353-596e-44f9-b4ca-7c7cdd5df1c6/datanode-5/data/ratis/dcc6c17a-4c26-4173-bb36-78ade6b227b7 has been successfully formatted.
2019-08-29 01:06:47,518 [pool-382-thread-1] INFO  storage.RaftStorage (RaftStorage.java:format(72)) - Storage directory /workdir/hadoop-ozone/integration-test/target/test-dir/MiniOzoneClusterImpl-99ad9353-596e-44f9-b4ca-7c7cdd5df1c6/datanode-6/data/ratis/dcc6c17a-4c26-4173-bb36-78ade6b227b7 has been successfully formatted.
2019-08-29 01:06:47,519 [pool-371-thread-1] INFO  ratis.ContainerStateMachine (ContainerStateMachine.java:loadSnapshot(227)) - group-78ADE6B227B7: The snapshot info is null. Setting the last applied indexto:(t:0, i:~)
2019-08-29 01:06:47,519 [pool-371-thread-1] INFO  server.RaftServerConfigKeys (ConfUtils.java:logGet(43)) - raft.server.leader.election.timeout = 120s (custom)
2019-08-29 01:06:47,519 [pool-382-thread-1] INFO  ratis.ContainerStateMachine (ContainerStateMachine.java:loadSnapshot(227)) - group-78ADE6B227B7: The snapshot info is null. Setting the last applied indexto:(t:0, i:~)
2019-08-29 01:06:47,519 [pool-371-thread-1] INFO  server.RaftServerConfigKeys (ConfUtils.java:logGet(43)) - raft.server.log.use.memory = false (default)
2019-08-29 01:06:47,519 [pool-382-thread-1] INFO  server.RaftServerConfigKeys (ConfUtils.java:logGet(43)) - raft.server.leader.election.timeout = 120s (custom)
2019-08-29 01:06:47,519 [pool-371-thread-1] INFO  server.RaftServerConfigKeys (ConfUtils.java:logGet(43)) - raft.server.log.purge.gap = 1000000 (custom)
2019-08-29 01:06:47,519 [pool-382-thread-1] INFO  server.RaftServerConfigKeys (ConfUtils.java:logGet(43)) - raft.server.log.use.memory = false (default)
2019-08-29 01:06:47,520 [pool-371-thread-1] INFO  server.RaftServerConfigKeys (ConfUtils.java:logGet(43)) - raft.server.log.appender.buffer.byte-limit = 33554432 (custom)
2019-08-29 01:06:47,520 [pool-382-thread-1] INFO  server.RaftServerConfigKeys (ConfUtils.java:logGet(43)) - raft.server.log.purge.gap = 1000000 (custom)
2019-08-29 01:06:47,520 [pool-371-thread-1] INFO  server.RaftServerConfigKeys (ConfUtils.java:logGet(43)) - raft.server.log.segment.size.max = 1048576 (custom)
2019-08-29 01:06:47,520 [pool-382-thread-1] INFO  server.RaftServerConfigKeys (ConfUtils.java:logGet(43)) - raft.server.log.appender.buffer.byte-limit = 33554432 (custom)
2019-08-29 01:06:47,520 [pool-371-thread-1] INFO  server.RaftServerConfigKeys (ConfUtils.java:logGet(43)) - raft.server.log.segment.cache.num.max = 2 (custom)
2019-08-29 01:06:47,520 [pool-382-thread-1] INFO  server.RaftServerConfigKeys (ConfUtils.java:logGet(43)) - raft.server.log.segment.size.max = 1048576 (custom)
2019-08-29 01:06:47,520 [pool-349-thread-1] INFO  storage.RaftStorage (RaftStorage.java:format(72)) - Storage directory /workdir/hadoop-ozone/integration-test/target/test-dir/MiniOzoneClusterImpl-99ad9353-596e-44f9-b4ca-7c7cdd5df1c6/datanode-3/data/ratis/dcc6c17a-4c26-4173-bb36-78ade6b227b7 has been successfully formatted.
2019-08-29 01:06:47,520 [pool-371-thread-1] INFO  segmented.SegmentedRaftLogWorker (SegmentedRaftLogWorker.java:<init>(172)) - new 85caa6cf-c7c6-4192-8a58-74ecec5901dd-SegmentedRaftLogWorker:Storage Directory /workdir/hadoop-ozone/integration-test/target/test-dir/MiniOzoneClusterImpl-99ad9353-596e-44f9-b4ca-7c7cdd5df1c6/datanode-5/data/ratis/dcc6c17a-4c26-4173-bb36-78ade6b227b7 for RaftStorage:Storage Directory /workdir/hadoop-ozone/integration-test/target/test-dir/MiniOzoneClusterImpl-99ad9353-596e-44f9-b4ca-7c7cdd5df1c6/datanode-5/data/ratis/dcc6c17a-4c26-4173-bb36-78ade6b227b7
2019-08-29 01:06:47,521 [pool-382-thread-1] INFO  server.RaftServerConfigKeys (ConfUtils.java:logGet(43)) - raft.server.log.segment.cache.num.max = 2 (custom)
2019-08-29 01:06:47,521 [pool-349-thread-1] INFO  ratis.ContainerStateMachine (ContainerStateMachine.java:loadSnapshot(227)) - group-78ADE6B227B7: The snapshot info is null. Setting the last applied indexto:(t:0, i:~)
2019-08-29 01:06:47,521 [pool-371-thread-1] INFO  server.RaftServerConfigKeys (ConfUtils.java:logGet(43)) - raft.server.log.queue.byte-limit = 2147483647 (custom)
2019-08-29 01:06:47,521 [pool-349-thread-1] INFO  server.RaftServerConfigKeys (ConfUtils.java:logGet(43)) - raft.server.leader.election.timeout = 120s (custom)
2019-08-29 01:06:47,521 [pool-382-thread-1] INFO  segmented.SegmentedRaftLogWorker (SegmentedRaftLogWorker.java:<init>(172)) - new 809d6ad1-22d0-4b8b-b559-8565831e1fa5-SegmentedRaftLogWorker:Storage Directory /workdir/hadoop-ozone/integration-test/target/test-dir/MiniOzoneClusterImpl-99ad9353-596e-44f9-b4ca-7c7cdd5df1c6/datanode-6/data/ratis/dcc6c17a-4c26-4173-bb36-78ade6b227b7 for RaftStorage:Storage Directory /workdir/hadoop-ozone/integration-test/target/test-dir/MiniOzoneClusterImpl-99ad9353-596e-44f9-b4ca-7c7cdd5df1c6/datanode-6/data/ratis/dcc6c17a-4c26-4173-bb36-78ade6b227b7
2019-08-29 01:06:47,522 [pool-349-thread-1] INFO  server.RaftServerConfigKeys (ConfUtils.java:logGet(43)) - raft.server.log.use.memory = false (default)
2019-08-29 01:06:47,521 [pool-371-thread-1] INFO  server.RaftServerConfigKeys (ConfUtils.java:logGet(43)) - raft.server.log.queue.element-limit = 1024 (custom)
2019-08-29 01:06:47,522 [pool-349-thread-1] INFO  server.RaftServerConfigKeys (ConfUtils.java:logGet(43)) - raft.server.log.purge.gap = 1000000 (custom)
2019-08-29 01:06:47,522 [pool-349-thread-1] INFO  server.RaftServerConfigKeys (ConfUtils.java:logGet(43)) - raft.server.log.appender.buffer.byte-limit = 33554432 (custom)
2019-08-29 01:06:47,522 [pool-382-thread-1] INFO  server.RaftServerConfigKeys (ConfUtils.java:logGet(43)) - raft.server.log.queue.byte-limit = 2147483647 (custom)
2019-08-29 01:06:47,522 [pool-349-thread-1] INFO  server.RaftServerConfigKeys (ConfUtils.java:logGet(43)) - raft.server.log.segment.size.max = 1048576 (custom)
2019-08-29 01:06:47,522 [pool-371-thread-1] INFO  server.RaftServerConfigKeys (ConfUtils.java:logGet(43)) - raft.server.log.segment.size.max = 1048576 (custom)
2019-08-29 01:06:47,523 [pool-349-thread-1] INFO  server.RaftServerConfigKeys (ConfUtils.java:logGet(43)) - raft.server.log.segment.cache.num.max = 2 (custom)
2019-08-29 01:06:47,523 [pool-382-thread-1] INFO  server.RaftServerConfigKeys (ConfUtils.java:logGet(43)) - raft.server.log.queue.element-limit = 1024 (custom)
2019-08-29 01:06:47,523 [pool-349-thread-1] INFO  segmented.SegmentedRaftLogWorker (SegmentedRaftLogWorker.java:<init>(172)) - new 5ad5097d-a979-4d10-9f70-6acf19577cdd-SegmentedRaftLogWorker:Storage Directory /workdir/hadoop-ozone/integration-test/target/test-dir/MiniOzoneClusterImpl-99ad9353-596e-44f9-b4ca-7c7cdd5df1c6/datanode-3/data/ratis/dcc6c17a-4c26-4173-bb36-78ade6b227b7 for RaftStorage:Storage Directory /workdir/hadoop-ozone/integration-test/target/test-dir/MiniOzoneClusterImpl-99ad9353-596e-44f9-b4ca-7c7cdd5df1c6/datanode-3/data/ratis/dcc6c17a-4c26-4173-bb36-78ade6b227b7
2019-08-29 01:06:47,523 [pool-371-thread-1] INFO  server.RaftServerConfigKeys (ConfUtils.java:logGet(43)) - raft.server.log.preallocated.size = 16384 (custom)
2019-08-29 01:06:47,523 [pool-349-thread-1] INFO  server.RaftServerConfigKeys (ConfUtils.java:logGet(43)) - raft.server.log.queue.byte-limit = 2147483647 (custom)
2019-08-29 01:06:47,523 [pool-382-thread-1] INFO  server.RaftServerConfigKeys (ConfUtils.java:logGet(43)) - raft.server.log.segment.size.max = 1048576 (custom)
2019-08-29 01:06:47,524 [pool-349-thread-1] INFO  server.RaftServerConfigKeys (ConfUtils.java:logGet(43)) - raft.server.log.queue.element-limit = 1024 (custom)
2019-08-29 01:06:47,524 [pool-371-thread-1] INFO  server.RaftServerConfigKeys (ConfUtils.java:logGet(43)) - raft.server.log.write.buffer.size = 33554432 (custom)
2019-08-29 01:06:47,524 [pool-349-thread-1] INFO  server.RaftServerConfigKeys (ConfUtils.java:logGet(43)) - raft.server.log.segment.size.max = 1048576 (custom)
2019-08-29 01:06:47,524 [pool-382-thread-1] INFO  server.RaftServerConfigKeys (ConfUtils.java:logGet(43)) - raft.server.log.preallocated.size = 16384 (custom)
2019-08-29 01:06:47,524 [pool-349-thread-1] INFO  server.RaftServerConfigKeys (ConfUtils.java:logGet(43)) - raft.server.log.preallocated.size = 16384 (custom)
2019-08-29 01:06:47,525 [pool-349-thread-1] INFO  server.RaftServerConfigKeys (ConfUtils.java:logGet(43)) - raft.server.log.write.buffer.size = 33554432 (custom)
2019-08-29 01:06:47,524 [pool-371-thread-1] INFO  server.RaftServerConfigKeys (ConfUtils.java:logGet(43)) - raft.server.log.force.sync.num = 128 (default)
2019-08-29 01:06:47,525 [pool-349-thread-1] INFO  server.RaftServerConfigKeys (ConfUtils.java:logGet(43)) - raft.server.log.force.sync.num = 128 (default)
2019-08-29 01:06:47,525 [pool-382-thread-1] INFO  server.RaftServerConfigKeys (ConfUtils.java:logGet(43)) - raft.server.log.write.buffer.size = 33554432 (custom)
2019-08-29 01:06:47,525 [pool-349-thread-1] INFO  server.RaftServerConfigKeys (ConfUtils.java:logGet(43)) - raft.server.log.statemachine.data.sync = true (default)
2019-08-29 01:06:47,525 [pool-371-thread-1] INFO  server.RaftServerConfigKeys (ConfUtils.java:logGet(43)) - raft.server.log.statemachine.data.sync = true (default)
2019-08-29 01:06:47,526 [pool-349-thread-1] INFO  server.RaftServerConfigKeys (ConfUtils.java:logGet(43)) - raft.server.log.statemachine.data.sync.timeout = 10s (default)
2019-08-29 01:06:47,526 [pool-349-thread-1] INFO  server.RaftServerConfigKeys (ConfUtils.java:logGet(43)) - raft.server.log.statemachine.data.sync.timeout.retry = -1 (default)
2019-08-29 01:06:47,525 [pool-382-thread-1] INFO  server.RaftServerConfigKeys (ConfUtils.java:logGet(43)) - raft.server.log.force.sync.num = 128 (default)
2019-08-29 01:06:47,526 [pool-349-thread-1] INFO  server.RaftServerConfigKeys (ConfUtils.java:logGet(43)) - raft.server.log.statemachine.data.caching.enabled = true (custom)
2019-08-29 01:06:47,526 [pool-371-thread-1] INFO  server.RaftServerConfigKeys (ConfUtils.java:logGet(43)) - raft.server.log.statemachine.data.sync.timeout = 10s (default)
2019-08-29 01:06:47,527 [pool-371-thread-1] INFO  server.RaftServerConfigKeys (ConfUtils.java:logGet(43)) - raft.server.log.statemachine.data.sync.timeout.retry = -1 (default)
2019-08-29 01:06:47,526 [pool-382-thread-1] INFO  server.RaftServerConfigKeys (ConfUtils.java:logGet(43)) - raft.server.log.statemachine.data.sync = true (default)
2019-08-29 01:06:47,527 [pool-371-thread-1] INFO  server.RaftServerConfigKeys (ConfUtils.java:logGet(43)) - raft.server.log.statemachine.data.caching.enabled = true (custom)
2019-08-29 01:06:47,527 [pool-349-thread-1] INFO  segmented.SegmentedRaftLogWorker (SegmentedRaftLogWorker.java:lambda$new$0(132)) - 5ad5097d-a979-4d10-9f70-6acf19577cdd-SegmentedRaftLogWorker:Storage Directory /workdir/hadoop-ozone/integration-test/target/test-dir/MiniOzoneClusterImpl-99ad9353-596e-44f9-b4ca-7c7cdd5df1c6/datanode-3/data/ratis/dcc6c17a-4c26-4173-bb36-78ade6b227b7: flushIndex: setUnconditionally 0 -> -1
2019-08-29 01:06:47,527 [pool-371-thread-1] INFO  segmented.SegmentedRaftLogWorker (SegmentedRaftLogWorker.java:lambda$new$0(132)) - 85caa6cf-c7c6-4192-8a58-74ecec5901dd-SegmentedRaftLogWorker:Storage Directory /workdir/hadoop-ozone/integration-test/target/test-dir/MiniOzoneClusterImpl-99ad9353-596e-44f9-b4ca-7c7cdd5df1c6/datanode-5/data/ratis/dcc6c17a-4c26-4173-bb36-78ade6b227b7: flushIndex: setUnconditionally 0 -> -1
2019-08-29 01:06:47,527 [pool-382-thread-1] INFO  server.RaftServerConfigKeys (ConfUtils.java:logGet(43)) - raft.server.log.statemachine.data.sync.timeout = 10s (default)
2019-08-29 01:06:47,528 [pool-349-thread-1] INFO  server.RaftServerConfigKeys (ConfUtils.java:logGet(43)) - raft.server.snapshot.auto.trigger.enabled = true (custom)
2019-08-29 01:06:47,528 [pool-371-thread-1] INFO  server.RaftServerConfigKeys (ConfUtils.java:logGet(43)) - raft.server.snapshot.auto.trigger.enabled = true (custom)
2019-08-29 01:06:47,528 [pool-382-thread-1] INFO  server.RaftServerConfigKeys (ConfUtils.java:logGet(43)) - raft.server.log.statemachine.data.sync.timeout.retry = -1 (default)
2019-08-29 01:06:47,528 [pool-371-thread-1] INFO  server.RaftServerConfigKeys (ConfUtils.java:logGet(43)) - raft.server.snapshot.auto.trigger.threshold = 10000 (custom)
2019-08-29 01:06:47,528 [pool-349-thread-1] INFO  server.RaftServerConfigKeys (ConfUtils.java:logGet(43)) - raft.server.snapshot.auto.trigger.threshold = 10000 (custom)
2019-08-29 01:06:47,528 [pool-371-thread-1] INFO  server.RaftServerConfigKeys (ConfUtils.java:logGet(43)) - raft.server.retrycache.expirytime = 600000ms (custom)
2019-08-29 01:06:47,528 [pool-382-thread-1] INFO  server.RaftServerConfigKeys (ConfUtils.java:logGet(43)) - raft.server.log.statemachine.data.caching.enabled = true (custom)
2019-08-29 01:06:47,529 [pool-371-thread-1] INFO  impl.RaftServerImpl (RaftServerImpl.java:start(180)) - 85caa6cf-c7c6-4192-8a58-74ecec5901dd: start group-78ADE6B227B7
2019-08-29 01:06:47,529 [pool-349-thread-1] INFO  server.RaftServerConfigKeys (ConfUtils.java:logGet(43)) - raft.server.retrycache.expirytime = 600000ms (custom)
2019-08-29 01:06:47,529 [pool-382-thread-1] INFO  segmented.SegmentedRaftLogWorker (SegmentedRaftLogWorker.java:lambda$new$0(132)) - 809d6ad1-22d0-4b8b-b559-8565831e1fa5-SegmentedRaftLogWorker:Storage Directory /workdir/hadoop-ozone/integration-test/target/test-dir/MiniOzoneClusterImpl-99ad9353-596e-44f9-b4ca-7c7cdd5df1c6/datanode-6/data/ratis/dcc6c17a-4c26-4173-bb36-78ade6b227b7: flushIndex: setUnconditionally 0 -> -1
2019-08-29 01:06:47,529 [pool-371-thread-1] INFO  impl.RaftServerImpl (RaftServerImpl.java:setRole(171)) - 85caa6cf-c7c6-4192-8a58-74ecec5901dd:group-78ADE6B227B7 changes role from null to FOLLOWER at term 0 for startAsFollower
2019-08-29 01:06:47,529 [pool-349-thread-1] INFO  impl.RaftServerImpl (RaftServerImpl.java:start(180)) - 5ad5097d-a979-4d10-9f70-6acf19577cdd: start group-78ADE6B227B7
2019-08-29 01:06:47,530 [pool-382-thread-1] INFO  server.RaftServerConfigKeys (ConfUtils.java:logGet(43)) - raft.server.snapshot.auto.trigger.enabled = true (custom)
2019-08-29 01:06:47,530 [pool-371-thread-1] INFO  impl.RoleInfo (RoleInfo.java:updateAndGet(143)) - 85caa6cf-c7c6-4192-8a58-74ecec5901dd: start FollowerState
2019-08-29 01:06:47,530 [pool-382-thread-1] INFO  server.RaftServerConfigKeys (ConfUtils.java:logGet(43)) - raft.server.snapshot.auto.trigger.threshold = 10000 (custom)
2019-08-29 01:06:47,530 [pool-349-thread-1] INFO  impl.RaftServerImpl (RaftServerImpl.java:setRole(171)) - 5ad5097d-a979-4d10-9f70-6acf19577cdd:group-78ADE6B227B7 changes role from null to FOLLOWER at term 0 for startAsFollower
2019-08-29 01:06:47,545 [pool-371-thread-1] INFO  util.JmxRegister (JmxRegister.java:tryRegister(44)) - Successfully registered JMX Bean with object name Ratis:service=RaftServer,group=group-78ADE6B227B7,id=85caa6cf-c7c6-4192-8a58-74ecec5901dd
2019-08-29 01:06:47,530 [pool-382-thread-1] INFO  server.RaftServerConfigKeys (ConfUtils.java:logGet(43)) - raft.server.retrycache.expirytime = 600000ms (custom)
2019-08-29 01:06:47,545 [pool-349-thread-1] INFO  impl.RoleInfo (RoleInfo.java:updateAndGet(143)) - 5ad5097d-a979-4d10-9f70-6acf19577cdd: start FollowerState
2019-08-29 01:06:47,545 [pool-382-thread-1] INFO  impl.RaftServerImpl (RaftServerImpl.java:start(180)) - 809d6ad1-22d0-4b8b-b559-8565831e1fa5: start group-78ADE6B227B7
2019-08-29 01:06:47,554 [pool-382-thread-1] INFO  impl.RaftServerImpl (RaftServerImpl.java:setRole(171)) - 809d6ad1-22d0-4b8b-b559-8565831e1fa5:group-78ADE6B227B7 changes role from null to FOLLOWER at term 0 for startAsFollower
2019-08-29 01:06:47,554 [pool-349-thread-1] INFO  util.JmxRegister (JmxRegister.java:tryRegister(44)) - Successfully registered JMX Bean with object name Ratis:service=RaftServer,group=group-78ADE6B227B7,id=5ad5097d-a979-4d10-9f70-6acf19577cdd
2019-08-29 01:06:47,554 [pool-382-thread-1] INFO  impl.RoleInfo (RoleInfo.java:updateAndGet(143)) - 809d6ad1-22d0-4b8b-b559-8565831e1fa5: start FollowerState
2019-08-29 01:06:47,558 [pool-382-thread-1] INFO  util.JmxRegister (JmxRegister.java:tryRegister(44)) - Successfully registered JMX Bean with object name Ratis:service=RaftServer,group=group-78ADE6B227B7,id=809d6ad1-22d0-4b8b-b559-8565831e1fa5
2019-08-29 01:06:47,569 [RatisPipelineUtilsThread] INFO  pipeline.PipelineStateManager (PipelineStateManager.java:addPipeline(56)) - Created pipeline Pipeline[ Id: dcc6c17a-4c26-4173-bb36-78ade6b227b7, Nodes: 809d6ad1-22d0-4b8b-b559-8565831e1fa5{ip: 192.168.69.96, host: pr-hdds-2050-x2mk7-2257017151, networkLocation: /default-rack, certSerialId: null}85caa6cf-c7c6-4192-8a58-74ecec5901dd{ip: 192.168.69.96, host: pr-hdds-2050-x2mk7-2257017151, networkLocation: /default-rack, certSerialId: null}5ad5097d-a979-4d10-9f70-6acf19577cdd{ip: 192.168.69.96, host: pr-hdds-2050-x2mk7-2257017151, networkLocation: /default-rack, certSerialId: null}, Type:RATIS, Factor:THREE, State:OPEN]
2019-08-29 01:06:47,584 [grpc-default-executor-0] INFO  impl.RaftServerProxy (RaftServerProxy.java:addNew(89)) - 41e348e0-7cd9-472f-af3f-c5b5cc4c1cbe: addNew group-FE4873CD53BC:[41e348e0-7cd9-472f-af3f-c5b5cc4c1cbe:192.168.69.96:40856, bbb59881-2c2e-4c46-bee0-3cc6903f36c9:192.168.69.96:34724, 5bffe5a2-2514-4bb7-aae2-99060e6d380e:192.168.69.96:36091] returns group-FE4873CD53BC:java.util.concurrent.CompletableFuture@bc249c5[Not completed]
2019-08-29 01:06:47,599 [grpc-default-executor-7] INFO  impl.RaftServerProxy (RaftServerProxy.java:addNew(89)) - 5bffe5a2-2514-4bb7-aae2-99060e6d380e: addNew group-FE4873CD53BC:[41e348e0-7cd9-472f-af3f-c5b5cc4c1cbe:192.168.69.96:40856, bbb59881-2c2e-4c46-bee0-3cc6903f36c9:192.168.69.96:34724, 5bffe5a2-2514-4bb7-aae2-99060e6d380e:192.168.69.96:36091] returns group-FE4873CD53BC:java.util.concurrent.CompletableFuture@2212b6fe[Not completed]
2019-08-29 01:06:47,599 [grpc-default-executor-2] INFO  impl.RaftServerProxy (RaftServerProxy.java:addNew(89)) - bbb59881-2c2e-4c46-bee0-3cc6903f36c9: addNew group-FE4873CD53BC:[41e348e0-7cd9-472f-af3f-c5b5cc4c1cbe:192.168.69.96:40856, bbb59881-2c2e-4c46-bee0-3cc6903f36c9:192.168.69.96:34724, 5bffe5a2-2514-4bb7-aae2-99060e6d380e:192.168.69.96:36091] returns group-FE4873CD53BC:java.util.concurrent.CompletableFuture@51372d4[Not completed]
2019-08-29 01:06:47,600 [pool-338-thread-1] INFO  impl.RaftServerImpl (RaftServerImpl.java:<init>(93)) - 41e348e0-7cd9-472f-af3f-c5b5cc4c1cbe: new RaftServerImpl for group-FE4873CD53BC:[41e348e0-7cd9-472f-af3f-c5b5cc4c1cbe:192.168.69.96:40856, bbb59881-2c2e-4c46-bee0-3cc6903f36c9:192.168.69.96:34724, 5bffe5a2-2514-4bb7-aae2-99060e6d380e:192.168.69.96:36091] with ContainerStateMachine:uninitialized
2019-08-29 01:06:47,600 [pool-338-thread-1] INFO  server.RaftServerConfigKeys (ConfUtils.java:logGet(43)) - raft.server.rpc.timeout.min = 5s (custom)
2019-08-29 01:06:47,600 [pool-338-thread-1] INFO  server.RaftServerConfigKeys (ConfUtils.java:logGet(43)) - raft.server.rpc.timeout.max = 5200ms (custom)
2019-08-29 01:06:47,601 [pool-338-thread-1] INFO  server.RaftServerConfigKeys (ConfUtils.java:logGet(43)) - raft.server.rpcslowness.timeout = 120s (custom)
2019-08-29 01:06:47,601 [pool-338-thread-1] INFO  server.RaftServerConfigKeys (ConfUtils.java:logGet(43)) - raft.server.sleep.deviation.threshold = 300 (default)
2019-08-29 01:06:47,601 [pool-316-thread-1] INFO  impl.RaftServerImpl (RaftServerImpl.java:<init>(93)) - 5bffe5a2-2514-4bb7-aae2-99060e6d380e: new RaftServerImpl for group-FE4873CD53BC:[41e348e0-7cd9-472f-af3f-c5b5cc4c1cbe:192.168.69.96:40856, bbb59881-2c2e-4c46-bee0-3cc6903f36c9:192.168.69.96:34724, 5bffe5a2-2514-4bb7-aae2-99060e6d380e:192.168.69.96:36091] with ContainerStateMachine:uninitialized
2019-08-29 01:06:47,601 [pool-338-thread-1] INFO  server.RaftServerConfigKeys (ConfUtils.java:logGet(43)) - raft.server.log.appender.install.snapshot.enabled = false (custom)
2019-08-29 01:06:47,601 [pool-316-thread-1] INFO  server.RaftServerConfigKeys (ConfUtils.java:logGet(43)) - raft.server.rpc.timeout.min = 5s (custom)
2019-08-29 01:06:47,601 [pool-338-thread-1] INFO  impl.RaftServerImpl (ServerState.java:<init>(105)) - 41e348e0-7cd9-472f-af3f-c5b5cc4c1cbe:group-FE4873CD53BC ConfigurationManager, init=-1: [41e348e0-7cd9-472f-af3f-c5b5cc4c1cbe:192.168.69.96:40856, bbb59881-2c2e-4c46-bee0-3cc6903f36c9:192.168.69.96:34724, 5bffe5a2-2514-4bb7-aae2-99060e6d380e:192.168.69.96:36091], old=null, confs=<EMPTY_MAP>
2019-08-29 01:06:47,601 [pool-316-thread-1] INFO  server.RaftServerConfigKeys (ConfUtils.java:logGet(43)) - raft.server.rpc.timeout.max = 5200ms (custom)
2019-08-29 01:06:47,602 [pool-316-thread-1] INFO  server.RaftServerConfigKeys (ConfUtils.java:logGet(43)) - raft.server.rpcslowness.timeout = 120s (custom)
2019-08-29 01:06:47,602 [pool-338-thread-1] INFO  server.RaftServerConfigKeys (ConfUtils.java:logGet(43)) - raft.server.storage.dir = [/workdir/hadoop-ozone/integration-test/target/test-dir/MiniOzoneClusterImpl-99ad9353-596e-44f9-b4ca-7c7cdd5df1c6/datanode-2/data/ratis] (custom)
2019-08-29 01:06:47,602 [pool-316-thread-1] INFO  server.RaftServerConfigKeys (ConfUtils.java:logGet(43)) - raft.server.sleep.deviation.threshold = 300 (default)
2019-08-29 01:06:47,602 [pool-316-thread-1] INFO  server.RaftServerConfigKeys (ConfUtils.java:logGet(43)) - raft.server.log.appender.install.snapshot.enabled = false (custom)
2019-08-29 01:06:47,602 [pool-360-thread-1] INFO  impl.RaftServerImpl (RaftServerImpl.java:<init>(93)) - bbb59881-2c2e-4c46-bee0-3cc6903f36c9: new RaftServerImpl for group-FE4873CD53BC:[41e348e0-7cd9-472f-af3f-c5b5cc4c1cbe:192.168.69.96:40856, bbb59881-2c2e-4c46-bee0-3cc6903f36c9:192.168.69.96:34724, 5bffe5a2-2514-4bb7-aae2-99060e6d380e:192.168.69.96:36091] with ContainerStateMachine:uninitialized
2019-08-29 01:06:47,602 [pool-338-thread-1] INFO  storage.RaftStorageDirectory (RaftStorageDirectory.java:analyzeStorage(246)) - The storage directory /workdir/hadoop-ozone/integration-test/target/test-dir/MiniOzoneClusterImpl-99ad9353-596e-44f9-b4ca-7c7cdd5df1c6/datanode-2/data/ratis/0aea2b43-dfdd-46ee-846a-fe4873cd53bc does not exist. Creating ...
2019-08-29 01:06:47,602 [pool-316-thread-1] INFO  impl.RaftServerImpl (ServerState.java:<init>(105)) - 5bffe5a2-2514-4bb7-aae2-99060e6d380e:group-FE4873CD53BC ConfigurationManager, init=-1: [41e348e0-7cd9-472f-af3f-c5b5cc4c1cbe:192.168.69.96:40856, bbb59881-2c2e-4c46-bee0-3cc6903f36c9:192.168.69.96:34724, 5bffe5a2-2514-4bb7-aae2-99060e6d380e:192.168.69.96:36091], old=null, confs=<EMPTY_MAP>
2019-08-29 01:06:47,602 [pool-360-thread-1] INFO  server.RaftServerConfigKeys (ConfUtils.java:logGet(43)) - raft.server.rpc.timeout.min = 5s (custom)
2019-08-29 01:06:47,603 [pool-316-thread-1] INFO  server.RaftServerConfigKeys (ConfUtils.java:logGet(43)) - raft.server.storage.dir = [/workdir/hadoop-ozone/integration-test/target/test-dir/MiniOzoneClusterImpl-99ad9353-596e-44f9-b4ca-7c7cdd5df1c6/datanode-0/data/ratis] (custom)
2019-08-29 01:06:47,603 [pool-360-thread-1] INFO  server.RaftServerConfigKeys (ConfUtils.java:logGet(43)) - raft.server.rpc.timeout.max = 5200ms (custom)
2019-08-29 01:06:47,603 [pool-360-thread-1] INFO  server.RaftServerConfigKeys (ConfUtils.java:logGet(43)) - raft.server.rpcslowness.timeout = 120s (custom)
2019-08-29 01:06:47,603 [pool-316-thread-1] INFO  storage.RaftStorageDirectory (RaftStorageDirectory.java:analyzeStorage(246)) - The storage directory /workdir/hadoop-ozone/integration-test/target/test-dir/MiniOzoneClusterImpl-99ad9353-596e-44f9-b4ca-7c7cdd5df1c6/datanode-0/data/ratis/0aea2b43-dfdd-46ee-846a-fe4873cd53bc does not exist. Creating ...
2019-08-29 01:06:47,603 [pool-360-thread-1] INFO  server.RaftServerConfigKeys (ConfUtils.java:logGet(43)) - raft.server.sleep.deviation.threshold = 300 (default)
2019-08-29 01:06:47,604 [pool-360-thread-1] INFO  server.RaftServerConfigKeys (ConfUtils.java:logGet(43)) - raft.server.log.appender.install.snapshot.enabled = false (custom)
2019-08-29 01:06:47,604 [pool-360-thread-1] INFO  impl.RaftServerImpl (ServerState.java:<init>(105)) - bbb59881-2c2e-4c46-bee0-3cc6903f36c9:group-FE4873CD53BC ConfigurationManager, init=-1: [41e348e0-7cd9-472f-af3f-c5b5cc4c1cbe:192.168.69.96:40856, bbb59881-2c2e-4c46-bee0-3cc6903f36c9:192.168.69.96:34724, 5bffe5a2-2514-4bb7-aae2-99060e6d380e:192.168.69.96:36091], old=null, confs=<EMPTY_MAP>
2019-08-29 01:06:47,604 [pool-360-thread-1] INFO  server.RaftServerConfigKeys (ConfUtils.java:logGet(43)) - raft.server.storage.dir = [/workdir/hadoop-ozone/integration-test/target/test-dir/MiniOzoneClusterImpl-99ad9353-596e-44f9-b4ca-7c7cdd5df1c6/datanode-4/data/ratis] (custom)
2019-08-29 01:06:47,604 [pool-360-thread-1] INFO  storage.RaftStorageDirectory (RaftStorageDirectory.java:analyzeStorage(246)) - The storage directory /workdir/hadoop-ozone/integration-test/target/test-dir/MiniOzoneClusterImpl-99ad9353-596e-44f9-b4ca-7c7cdd5df1c6/datanode-4/data/ratis/0aea2b43-dfdd-46ee-846a-fe4873cd53bc does not exist. Creating ...
2019-08-29 01:06:47,617 [pool-338-thread-1] INFO  storage.RaftStorageDirectory (RaftStorageDirectory.java:tryLock(328)) - Lock on /workdir/hadoop-ozone/integration-test/target/test-dir/MiniOzoneClusterImpl-99ad9353-596e-44f9-b4ca-7c7cdd5df1c6/datanode-2/data/ratis/0aea2b43-dfdd-46ee-846a-fe4873cd53bc/in_use.lock acquired by nodename 31121@pr-hdds-2050-x2mk7-2257017151
2019-08-29 01:06:47,617 [pool-360-thread-1] INFO  storage.RaftStorageDirectory (RaftStorageDirectory.java:tryLock(328)) - Lock on /workdir/hadoop-ozone/integration-test/target/test-dir/MiniOzoneClusterImpl-99ad9353-596e-44f9-b4ca-7c7cdd5df1c6/datanode-4/data/ratis/0aea2b43-dfdd-46ee-846a-fe4873cd53bc/in_use.lock acquired by nodename 31121@pr-hdds-2050-x2mk7-2257017151
2019-08-29 01:06:47,617 [pool-316-thread-1] INFO  storage.RaftStorageDirectory (RaftStorageDirectory.java:tryLock(328)) - Lock on /workdir/hadoop-ozone/integration-test/target/test-dir/MiniOzoneClusterImpl-99ad9353-596e-44f9-b4ca-7c7cdd5df1c6/datanode-0/data/ratis/0aea2b43-dfdd-46ee-846a-fe4873cd53bc/in_use.lock acquired by nodename 31121@pr-hdds-2050-x2mk7-2257017151
2019-08-29 01:06:47,631 [pool-360-thread-1] INFO  storage.RaftStorage (RaftStorage.java:format(72)) - Storage directory /workdir/hadoop-ozone/integration-test/target/test-dir/MiniOzoneClusterImpl-99ad9353-596e-44f9-b4ca-7c7cdd5df1c6/datanode-4/data/ratis/0aea2b43-dfdd-46ee-846a-fe4873cd53bc has been successfully formatted.
2019-08-29 01:06:47,631 [pool-316-thread-1] INFO  storage.RaftStorage (RaftStorage.java:format(72)) - Storage directory /workdir/hadoop-ozone/integration-test/target/test-dir/MiniOzoneClusterImpl-99ad9353-596e-44f9-b4ca-7c7cdd5df1c6/datanode-0/data/ratis/0aea2b43-dfdd-46ee-846a-fe4873cd53bc has been successfully formatted.
2019-08-29 01:06:47,631 [pool-338-thread-1] INFO  storage.RaftStorage (RaftStorage.java:format(72)) - Storage directory /workdir/hadoop-ozone/integration-test/target/test-dir/MiniOzoneClusterImpl-99ad9353-596e-44f9-b4ca-7c7cdd5df1c6/datanode-2/data/ratis/0aea2b43-dfdd-46ee-846a-fe4873cd53bc has been successfully formatted.
2019-08-29 01:06:47,632 [pool-316-thread-1] INFO  ratis.ContainerStateMachine (ContainerStateMachine.java:loadSnapshot(227)) - group-FE4873CD53BC: The snapshot info is null. Setting the last applied indexto:(t:0, i:~)
2019-08-29 01:06:47,632 [pool-360-thread-1] INFO  ratis.ContainerStateMachine (ContainerStateMachine.java:loadSnapshot(227)) - group-FE4873CD53BC: The snapshot info is null. Setting the last applied indexto:(t:0, i:~)
2019-08-29 01:06:47,632 [pool-316-thread-1] INFO  server.RaftServerConfigKeys (ConfUtils.java:logGet(43)) - raft.server.leader.election.timeout = 120s (custom)
2019-08-29 01:06:47,632 [pool-338-thread-1] INFO  ratis.ContainerStateMachine (ContainerStateMachine.java:loadSnapshot(227)) - group-FE4873CD53BC: The snapshot info is null. Setting the last applied indexto:(t:0, i:~)
2019-08-29 01:06:47,632 [pool-316-thread-1] INFO  server.RaftServerConfigKeys (ConfUtils.java:logGet(43)) - raft.server.log.use.memory = false (default)
2019-08-29 01:06:47,632 [pool-360-thread-1] INFO  server.RaftServerConfigKeys (ConfUtils.java:logGet(43)) - raft.server.leader.election.timeout = 120s (custom)
2019-08-29 01:06:47,633 [pool-316-thread-1] INFO  server.RaftServerConfigKeys (ConfUtils.java:logGet(43)) - raft.server.log.purge.gap = 1000000 (custom)
2019-08-29 01:06:47,632 [pool-338-thread-1] INFO  server.RaftServerConfigKeys (ConfUtils.java:logGet(43)) - raft.server.leader.election.timeout = 120s (custom)
2019-08-29 01:06:47,633 [pool-316-thread-1] INFO  server.RaftServerConfigKeys (ConfUtils.java:logGet(43)) - raft.server.log.appender.buffer.byte-limit = 33554432 (custom)
2019-08-29 01:06:47,633 [pool-360-thread-1] INFO  server.RaftServerConfigKeys (ConfUtils.java:logGet(43)) - raft.server.log.use.memory = false (default)
2019-08-29 01:06:47,633 [pool-316-thread-1] INFO  server.RaftServerConfigKeys (ConfUtils.java:logGet(43)) - raft.server.log.segment.size.max = 1048576 (custom)
2019-08-29 01:06:47,633 [pool-338-thread-1] INFO  server.RaftServerConfigKeys (ConfUtils.java:logGet(43)) - raft.server.log.use.memory = false (default)
2019-08-29 01:06:47,634 [pool-316-thread-1] INFO  server.RaftServerConfigKeys (ConfUtils.java:logGet(43)) - raft.server.log.segment.cache.num.max = 2 (custom)
2019-08-29 01:06:47,633 [pool-360-thread-1] INFO  server.RaftServerConfigKeys (ConfUtils.java:logGet(43)) - raft.server.log.purge.gap = 1000000 (custom)
2019-08-29 01:06:47,634 [pool-316-thread-1] INFO  segmented.SegmentedRaftLogWorker (SegmentedRaftLogWorker.java:<init>(172)) - new 5bffe5a2-2514-4bb7-aae2-99060e6d380e-SegmentedRaftLogWorker:Storage Directory /workdir/hadoop-ozone/integration-test/target/test-dir/MiniOzoneClusterImpl-99ad9353-596e-44f9-b4ca-7c7cdd5df1c6/datanode-0/data/ratis/0aea2b43-dfdd-46ee-846a-fe4873cd53bc for RaftStorage:Storage Directory /workdir/hadoop-ozone/integration-test/target/test-dir/MiniOzoneClusterImpl-99ad9353-596e-44f9-b4ca-7c7cdd5df1c6/datanode-0/data/ratis/0aea2b43-dfdd-46ee-846a-fe4873cd53bc
2019-08-29 01:06:47,634 [pool-338-thread-1] INFO  server.RaftServerConfigKeys (ConfUtils.java:logGet(43)) - raft.server.log.purge.gap = 1000000 (custom)
2019-08-29 01:06:47,634 [pool-316-thread-1] INFO  server.RaftServerConfigKeys (ConfUtils.java:logGet(43)) - raft.server.log.queue.byte-limit = 2147483647 (custom)
2019-08-29 01:06:47,634 [pool-360-thread-1] INFO  server.RaftServerConfigKeys (ConfUtils.java:logGet(43)) - raft.server.log.appender.buffer.byte-limit = 33554432 (custom)
2019-08-29 01:06:47,635 [pool-316-thread-1] INFO  server.RaftServerConfigKeys (ConfUtils.java:logGet(43)) - raft.server.log.queue.element-limit = 1024 (custom)
2019-08-29 01:06:47,634 [pool-338-thread-1] INFO  server.RaftServerConfigKeys (ConfUtils.java:logGet(43)) - raft.server.log.appender.buffer.byte-limit = 33554432 (custom)
2019-08-29 01:06:47,635 [pool-316-thread-1] INFO  server.RaftServerConfigKeys (ConfUtils.java:logGet(43)) - raft.server.log.segment.size.max = 1048576 (custom)
2019-08-29 01:06:47,635 [pool-316-thread-1] INFO  server.RaftServerConfigKeys (ConfUtils.java:logGet(43)) - raft.server.log.preallocated.size = 16384 (custom)
2019-08-29 01:06:47,635 [pool-360-thread-1] INFO  server.RaftServerConfigKeys (ConfUtils.java:logGet(43)) - raft.server.log.segment.size.max = 1048576 (custom)
2019-08-29 01:06:47,635 [pool-316-thread-1] INFO  server.RaftServerConfigKeys (ConfUtils.java:logGet(43)) - raft.server.log.write.buffer.size = 33554432 (custom)
2019-08-29 01:06:47,635 [pool-338-thread-1] INFO  server.RaftServerConfigKeys (ConfUtils.java:logGet(43)) - raft.server.log.segment.size.max = 1048576 (custom)
2019-08-29 01:06:47,636 [pool-316-thread-1] INFO  server.RaftServerConfigKeys (ConfUtils.java:logGet(43)) - raft.server.log.force.sync.num = 128 (default)
2019-08-29 01:06:47,636 [pool-360-thread-1] INFO  server.RaftServerConfigKeys (ConfUtils.java:logGet(43)) - raft.server.log.segment.cache.num.max = 2 (custom)
2019-08-29 01:06:47,636 [pool-316-thread-1] INFO  server.RaftServerConfigKeys (ConfUtils.java:logGet(43)) - raft.server.log.statemachine.data.sync = true (default)
2019-08-29 01:06:47,636 [pool-338-thread-1] INFO  server.RaftServerConfigKeys (ConfUtils.java:logGet(43)) - raft.server.log.segment.cache.num.max = 2 (custom)
2019-08-29 01:06:47,636 [pool-316-thread-1] INFO  server.RaftServerConfigKeys (ConfUtils.java:logGet(43)) - raft.server.log.statemachine.data.sync.timeout = 10s (default)
2019-08-29 01:06:47,637 [pool-316-thread-1] INFO  server.RaftServerConfigKeys (ConfUtils.java:logGet(43)) - raft.server.log.statemachine.data.sync.timeout.retry = -1 (default)
2019-08-29 01:06:47,636 [pool-360-thread-1] INFO  segmented.SegmentedRaftLogWorker (SegmentedRaftLogWorker.java:<init>(172)) - new bbb59881-2c2e-4c46-bee0-3cc6903f36c9-SegmentedRaftLogWorker:Storage Directory /workdir/hadoop-ozone/integration-test/target/test-dir/MiniOzoneClusterImpl-99ad9353-596e-44f9-b4ca-7c7cdd5df1c6/datanode-4/data/ratis/0aea2b43-dfdd-46ee-846a-fe4873cd53bc for RaftStorage:Storage Directory /workdir/hadoop-ozone/integration-test/target/test-dir/MiniOzoneClusterImpl-99ad9353-596e-44f9-b4ca-7c7cdd5df1c6/datanode-4/data/ratis/0aea2b43-dfdd-46ee-846a-fe4873cd53bc
2019-08-29 01:06:47,637 [pool-316-thread-1] INFO  server.RaftServerConfigKeys (ConfUtils.java:logGet(43)) - raft.server.log.statemachine.data.caching.enabled = true (custom)
2019-08-29 01:06:47,637 [pool-338-thread-1] INFO  segmented.SegmentedRaftLogWorker (SegmentedRaftLogWorker.java:<init>(172)) - new 41e348e0-7cd9-472f-af3f-c5b5cc4c1cbe-SegmentedRaftLogWorker:Storage Directory /workdir/hadoop-ozone/integration-test/target/test-dir/MiniOzoneClusterImpl-99ad9353-596e-44f9-b4ca-7c7cdd5df1c6/datanode-2/data/ratis/0aea2b43-dfdd-46ee-846a-fe4873cd53bc for RaftStorage:Storage Directory /workdir/hadoop-ozone/integration-test/target/test-dir/MiniOzoneClusterImpl-99ad9353-596e-44f9-b4ca-7c7cdd5df1c6/datanode-2/data/ratis/0aea2b43-dfdd-46ee-846a-fe4873cd53bc
2019-08-29 01:06:47,637 [pool-360-thread-1] INFO  server.RaftServerConfigKeys (ConfUtils.java:logGet(43)) - raft.server.log.queue.byte-limit = 2147483647 (custom)
2019-08-29 01:06:47,638 [pool-316-thread-1] INFO  segmented.SegmentedRaftLogWorker (SegmentedRaftLogWorker.java:lambda$new$0(132)) - 5bffe5a2-2514-4bb7-aae2-99060e6d380e-SegmentedRaftLogWorker:Storage Directory /workdir/hadoop-ozone/integration-test/target/test-dir/MiniOzoneClusterImpl-99ad9353-596e-44f9-b4ca-7c7cdd5df1c6/datanode-0/data/ratis/0aea2b43-dfdd-46ee-846a-fe4873cd53bc: flushIndex: setUnconditionally 0 -> -1
2019-08-29 01:06:47,637 [pool-338-thread-1] INFO  server.RaftServerConfigKeys (ConfUtils.java:logGet(43)) - raft.server.log.queue.byte-limit = 2147483647 (custom)
2019-08-29 01:06:47,638 [pool-360-thread-1] INFO  server.RaftServerConfigKeys (ConfUtils.java:logGet(43)) - raft.server.log.queue.element-limit = 1024 (custom)
2019-08-29 01:06:47,638 [pool-338-thread-1] INFO  server.RaftServerConfigKeys (ConfUtils.java:logGet(43)) - raft.server.log.queue.element-limit = 1024 (custom)
2019-08-29 01:06:47,638 [pool-316-thread-1] INFO  server.RaftServerConfigKeys (ConfUtils.java:logGet(43)) - raft.server.snapshot.auto.trigger.enabled = true (custom)
2019-08-29 01:06:47,638 [pool-338-thread-1] INFO  server.RaftServerConfigKeys (ConfUtils.java:logGet(43)) - raft.server.log.segment.size.max = 1048576 (custom)
2019-08-29 01:06:47,639 [pool-338-thread-1] INFO  server.RaftServerConfigKeys (ConfUtils.java:logGet(43)) - raft.server.log.preallocated.size = 16384 (custom)
2019-08-29 01:06:47,638 [pool-360-thread-1] INFO  server.RaftServerConfigKeys (ConfUtils.java:logGet(43)) - raft.server.log.segment.size.max = 1048576 (custom)
2019-08-29 01:06:47,639 [pool-338-thread-1] INFO  server.RaftServerConfigKeys (ConfUtils.java:logGet(43)) - raft.server.log.write.buffer.size = 33554432 (custom)
2019-08-29 01:06:47,638 [pool-316-thread-1] INFO  server.RaftServerConfigKeys (ConfUtils.java:logGet(43)) - raft.server.snapshot.auto.trigger.threshold = 10000 (custom)
2019-08-29 01:06:47,639 [pool-338-thread-1] INFO  server.RaftServerConfigKeys (ConfUtils.java:logGet(43)) - raft.server.log.force.sync.num = 128 (default)
2019-08-29 01:06:47,639 [pool-360-thread-1] INFO  server.RaftServerConfigKeys (ConfUtils.java:logGet(43)) - raft.server.log.preallocated.size = 16384 (custom)
2019-08-29 01:06:47,639 [pool-338-thread-1] INFO  server.RaftServerConfigKeys (ConfUtils.java:logGet(43)) - raft.server.log.statemachine.data.sync = true (default)
2019-08-29 01:06:47,639 [pool-316-thread-1] INFO  server.RaftServerConfigKeys (ConfUtils.java:logGet(43)) - raft.server.retrycache.expirytime = 600000ms (custom)
2019-08-29 01:06:47,640 [pool-338-thread-1] INFO  server.RaftServerConfigKeys (ConfUtils.java:logGet(43)) - raft.server.log.statemachine.data.sync.timeout = 10s (default)
2019-08-29 01:06:47,640 [pool-360-thread-1] INFO  server.RaftServerConfigKeys (ConfUtils.java:logGet(43)) - raft.server.log.write.buffer.size = 33554432 (custom)
2019-08-29 01:06:47,640 [pool-338-thread-1] INFO  server.RaftServerConfigKeys (ConfUtils.java:logGet(43)) - raft.server.log.statemachine.data.sync.timeout.retry = -1 (default)
2019-08-29 01:06:47,640 [pool-316-thread-1] INFO  impl.RaftServerImpl (RaftServerImpl.java:start(180)) - 5bffe5a2-2514-4bb7-aae2-99060e6d380e: start group-FE4873CD53BC
2019-08-29 01:06:47,640 [pool-338-thread-1] INFO  server.RaftServerConfigKeys (ConfUtils.java:logGet(43)) - raft.server.log.statemachine.data.caching.enabled = true (custom)
2019-08-29 01:06:47,640 [pool-360-thread-1] INFO  server.RaftServerConfigKeys (ConfUtils.java:logGet(43)) - raft.server.log.force.sync.num = 128 (default)
2019-08-29 01:06:47,641 [pool-338-thread-1] INFO  segmented.SegmentedRaftLogWorker (SegmentedRaftLogWorker.java:lambda$new$0(132)) - 41e348e0-7cd9-472f-af3f-c5b5cc4c1cbe-SegmentedRaftLogWorker:Storage Directory /workdir/hadoop-ozone/integration-test/target/test-dir/MiniOzoneClusterImpl-99ad9353-596e-44f9-b4ca-7c7cdd5df1c6/datanode-2/data/ratis/0aea2b43-dfdd-46ee-846a-fe4873cd53bc: flushIndex: setUnconditionally 0 -> -1
2019-08-29 01:06:47,640 [pool-316-thread-1] INFO  impl.RaftServerImpl (RaftServerImpl.java:setRole(171)) - 5bffe5a2-2514-4bb7-aae2-99060e6d380e:group-FE4873CD53BC changes role from null to FOLLOWER at term 0 for startAsFollower
2019-08-29 01:06:47,641 [pool-360-thread-1] INFO  server.RaftServerConfigKeys (ConfUtils.java:logGet(43)) - raft.server.log.statemachine.data.sync = true (default)
2019-08-29 01:06:47,641 [pool-338-thread-1] INFO  server.RaftServerConfigKeys (ConfUtils.java:logGet(43)) - raft.server.snapshot.auto.trigger.enabled = true (custom)
2019-08-29 01:06:47,641 [pool-316-thread-1] INFO  impl.RoleInfo (RoleInfo.java:updateAndGet(143)) - 5bffe5a2-2514-4bb7-aae2-99060e6d380e: start FollowerState
2019-08-29 01:06:47,641 [pool-338-thread-1] INFO  server.RaftServerConfigKeys (ConfUtils.java:logGet(43)) - raft.server.snapshot.auto.trigger.threshold = 10000 (custom)
2019-08-29 01:06:47,641 [pool-360-thread-1] INFO  server.RaftServerConfigKeys (ConfUtils.java:logGet(43)) - raft.server.log.statemachine.data.sync.timeout = 10s (default)
2019-08-29 01:06:47,642 [pool-338-thread-1] INFO  server.RaftServerConfigKeys (ConfUtils.java:logGet(43)) - raft.server.retrycache.expirytime = 600000ms (custom)
2019-08-29 01:06:47,642 [pool-360-thread-1] INFO  server.RaftServerConfigKeys (ConfUtils.java:logGet(43)) - raft.server.log.statemachine.data.sync.timeout.retry = -1 (default)
2019-08-29 01:06:47,642 [pool-316-thread-1] INFO  util.JmxRegister (JmxRegister.java:tryRegister(44)) - Successfully registered JMX Bean with object name Ratis:service=RaftServer,group=group-FE4873CD53BC,id=5bffe5a2-2514-4bb7-aae2-99060e6d380e
2019-08-29 01:06:47,642 [pool-360-thread-1] INFO  server.RaftServerConfigKeys (ConfUtils.java:logGet(43)) - raft.server.log.statemachine.data.caching.enabled = true (custom)
2019-08-29 01:06:47,642 [pool-338-thread-1] INFO  impl.RaftServerImpl (RaftServerImpl.java:start(180)) - 41e348e0-7cd9-472f-af3f-c5b5cc4c1cbe: start group-FE4873CD53BC
2019-08-29 01:06:47,643 [pool-338-thread-1] INFO  impl.RaftServerImpl (RaftServerImpl.java:setRole(171)) - 41e348e0-7cd9-472f-af3f-c5b5cc4c1cbe:group-FE4873CD53BC changes role from null to FOLLOWER at term 0 for startAsFollower
2019-08-29 01:06:47,643 [pool-360-thread-1] INFO  segmented.SegmentedRaftLogWorker (SegmentedRaftLogWorker.java:lambda$new$0(132)) - bbb59881-2c2e-4c46-bee0-3cc6903f36c9-SegmentedRaftLogWorker:Storage Directory /workdir/hadoop-ozone/integration-test/target/test-dir/MiniOzoneClusterImpl-99ad9353-596e-44f9-b4ca-7c7cdd5df1c6/datanode-4/data/ratis/0aea2b43-dfdd-46ee-846a-fe4873cd53bc: flushIndex: setUnconditionally 0 -> -1
2019-08-29 01:06:47,643 [pool-338-thread-1] INFO  impl.RoleInfo (RoleInfo.java:updateAndGet(143)) - 41e348e0-7cd9-472f-af3f-c5b5cc4c1cbe: start FollowerState
2019-08-29 01:06:47,643 [pool-360-thread-1] INFO  server.RaftServerConfigKeys (ConfUtils.java:logGet(43)) - raft.server.snapshot.auto.trigger.enabled = true (custom)
2019-08-29 01:06:47,643 [pool-338-thread-1] INFO  util.JmxRegister (JmxRegister.java:tryRegister(44)) - Successfully registered JMX Bean with object name Ratis:service=RaftServer,group=group-FE4873CD53BC,id=41e348e0-7cd9-472f-af3f-c5b5cc4c1cbe
2019-08-29 01:06:47,644 [pool-360-thread-1] INFO  server.RaftServerConfigKeys (ConfUtils.java:logGet(43)) - raft.server.snapshot.auto.trigger.threshold = 10000 (custom)
2019-08-29 01:06:47,647 [pool-360-thread-1] INFO  server.RaftServerConfigKeys (ConfUtils.java:logGet(43)) - raft.server.retrycache.expirytime = 600000ms (custom)
2019-08-29 01:06:47,648 [pool-360-thread-1] INFO  impl.RaftServerImpl (RaftServerImpl.java:start(180)) - bbb59881-2c2e-4c46-bee0-3cc6903f36c9: start group-FE4873CD53BC
2019-08-29 01:06:47,648 [pool-360-thread-1] INFO  impl.RaftServerImpl (RaftServerImpl.java:setRole(171)) - bbb59881-2c2e-4c46-bee0-3cc6903f36c9:group-FE4873CD53BC changes role from null to FOLLOWER at term 0 for startAsFollower
2019-08-29 01:06:47,648 [pool-360-thread-1] INFO  impl.RoleInfo (RoleInfo.java:updateAndGet(143)) - bbb59881-2c2e-4c46-bee0-3cc6903f36c9: start FollowerState
2019-08-29 01:06:47,654 [pool-360-thread-1] INFO  util.JmxRegister (JmxRegister.java:tryRegister(44)) - Successfully registered JMX Bean with object name Ratis:service=RaftServer,group=group-FE4873CD53BC,id=bbb59881-2c2e-4c46-bee0-3cc6903f36c9
2019-08-29 01:06:47,660 [RatisPipelineUtilsThread] INFO  pipeline.PipelineStateManager (PipelineStateManager.java:addPipeline(56)) - Created pipeline Pipeline[ Id: 0aea2b43-dfdd-46ee-846a-fe4873cd53bc, Nodes: 5bffe5a2-2514-4bb7-aae2-99060e6d380e{ip: 192.168.69.96, host: pr-hdds-2050-x2mk7-2257017151, networkLocation: /default-rack, certSerialId: null}bbb59881-2c2e-4c46-bee0-3cc6903f36c9{ip: 192.168.69.96, host: pr-hdds-2050-x2mk7-2257017151, networkLocation: /default-rack, certSerialId: null}41e348e0-7cd9-472f-af3f-c5b5cc4c1cbe{ip: 192.168.69.96, host: pr-hdds-2050-x2mk7-2257017151, networkLocation: /default-rack, certSerialId: null}, Type:RATIS, Factor:THREE, State:OPEN]
2019-08-29 01:06:48,416 [main] INFO  ozone.MiniOzoneClusterImpl (MiniOzoneClusterImpl.java:lambda$waitForClusterToBeReady$0(140)) - Cluster is ready. Got 7 of 7 DN Heartbeats.
2019-08-29 01:06:48,454 [main] INFO  rpc.RpcClient (RpcClient.java:createVolume(293)) - Creating Volume: watchforcommithandlingtest, with jenkins1000 as owner.
2019-08-29 01:06:48,456 | INFO  | OMAudit | user=jenkins1000 | ip=127.0.0.1 | op=CREATE_VOLUME {admin=jenkins1000, owner=jenkins1000, volume=watchforcommithandlingtest, creationTime=1567040808455, quotaInBytes=1152921504606846976} | ret=SUCCESS |  
2019-08-29 01:06:48,466 | INFO  | OMAudit | user=jenkins1000 | ip=127.0.0.1 | op=READ_VOLUME {volume=watchforcommithandlingtest} | ret=SUCCESS |  
2019-08-29 01:06:48,467 [main] INFO  rpc.RpcClient (RpcClient.java:createBucket(432)) - Creating Bucket: watchforcommithandlingtest/watchforcommithandlingtest, with Versioning false and Storage Type set to DISK and Encryption set to false 
2019-08-29 01:06:48,471 | INFO  | OMAudit | user=jenkins1000 | ip=127.0.0.1 | op=CREATE_BUCKET {volume=watchforcommithandlingtest, bucket=watchforcommithandlingtest, acls=[user:jenkins1000:a[ACCESS], group:default:a[ACCESS]], isVersionEnabled=false, storageType=DISK, creationTime=0} | ret=SUCCESS |  
2019-08-29 01:06:48,471 [main] INFO  ozone.MiniOzoneClusterImpl (MiniOzoneClusterImpl.java:getStorageContainerLocationClient(227)) - Creating StorageContainerLocationProtocol RPC client with address /0.0.0.0:44649
2019-08-29 01:06:48,490 [grpc-default-executor-2] INFO  client.GrpcClientProtocolClient (GrpcClientProtocolClient.java:onNext(255)) - client-54C976773C82->809d6ad1-22d0-4b8b-b559-8565831e1fa5: receive RaftClientReply:client-54C976773C82->809d6ad1-22d0-4b8b-b559-8565831e1fa5@group-78ADE6B227B7, cid=81, FAILED org.apache.ratis.protocol.NotLeaderException: Server 809d6ad1-22d0-4b8b-b559-8565831e1fa5 is not the leader (null). Request must be sent to leader., logIndex=0, commits[809d6ad1-22d0-4b8b-b559-8565831e1fa5:c-1]
2019-08-29 01:06:49,005 | INFO  | SCMAudit | user=jenkins1000 | ip=192.168.69.96 | op=SEND_HEARTBEAT {datanodeUUID=5bffe5a2-2514-4bb7-aae2-99060e6d380e, command=[]} | ret=SUCCESS |  
2019-08-29 01:06:49,082 | INFO  | SCMAudit | user=jenkins1000 | ip=192.168.69.96 | op=SEND_HEARTBEAT {datanodeUUID=877941a7-1654-45c7-a491-219e5331d01c, command=[]} | ret=SUCCESS |  
2019-08-29 01:06:49,162 | INFO  | SCMAudit | user=jenkins1000 | ip=192.168.69.96 | op=SEND_HEARTBEAT {datanodeUUID=41e348e0-7cd9-472f-af3f-c5b5cc4c1cbe, command=[]} | ret=SUCCESS |  
2019-08-29 01:06:49,227 | INFO  | SCMAudit | user=jenkins1000 | ip=192.168.69.96 | op=SEND_HEARTBEAT {datanodeUUID=5ad5097d-a979-4d10-9f70-6acf19577cdd, command=[]} | ret=SUCCESS |  
2019-08-29 01:06:49,289 | INFO  | SCMAudit | user=jenkins1000 | ip=192.168.69.96 | op=SEND_HEARTBEAT {datanodeUUID=bbb59881-2c2e-4c46-bee0-3cc6903f36c9, command=[]} | ret=SUCCESS |  
2019-08-29 01:06:49,352 | INFO  | SCMAudit | user=jenkins1000 | ip=192.168.69.96 | op=SEND_HEARTBEAT {datanodeUUID=85caa6cf-c7c6-4192-8a58-74ecec5901dd, command=[]} | ret=SUCCESS |  
2019-08-29 01:06:49,416 | INFO  | SCMAudit | user=jenkins1000 | ip=192.168.69.96 | op=SEND_HEARTBEAT {datanodeUUID=809d6ad1-22d0-4b8b-b559-8565831e1fa5, command=[]} | ret=SUCCESS |  
2019-08-29 01:06:49,510 [grpc-default-executor-2] INFO  client.GrpcClientProtocolClient (GrpcClientProtocolClient.java:onNext(255)) - client-54C976773C82->5ad5097d-a979-4d10-9f70-6acf19577cdd: receive RaftClientReply:client-54C976773C82->5ad5097d-a979-4d10-9f70-6acf19577cdd@group-78ADE6B227B7, cid=81, FAILED org.apache.ratis.protocol.NotLeaderException: Server 5ad5097d-a979-4d10-9f70-6acf19577cdd is not the leader (null). Request must be sent to leader., logIndex=0, commits[5ad5097d-a979-4d10-9f70-6acf19577cdd:c-1]
2019-08-29 01:06:50,005 | INFO  | SCMAudit | user=jenkins1000 | ip=192.168.69.96 | op=SEND_HEARTBEAT {datanodeUUID=5bffe5a2-2514-4bb7-aae2-99060e6d380e, command=[]} | ret=SUCCESS |  
2019-08-29 01:06:50,017 [Thread-2079] INFO  container.ReplicationManager (ReplicationManager.java:start(152)) - Starting Replication Monitor Thread.
2019-08-29 01:06:50,022 [ReplicationMonitor] INFO  container.ReplicationManager (ReplicationManager.java:run(215)) - Replication Monitor Thread took 0 milliseconds for processing 1 containers.
2019-08-29 01:06:50,082 | INFO  | SCMAudit | user=jenkins1000 | ip=192.168.69.96 | op=SEND_HEARTBEAT {datanodeUUID=877941a7-1654-45c7-a491-219e5331d01c, command=[]} | ret=SUCCESS |  
2019-08-29 01:06:50,162 | INFO  | SCMAudit | user=jenkins1000 | ip=192.168.69.96 | op=SEND_HEARTBEAT {datanodeUUID=41e348e0-7cd9-472f-af3f-c5b5cc4c1cbe, command=[]} | ret=SUCCESS |  
2019-08-29 01:06:50,228 | INFO  | SCMAudit | user=jenkins1000 | ip=192.168.69.96 | op=SEND_HEARTBEAT {datanodeUUID=5ad5097d-a979-4d10-9f70-6acf19577cdd, command=[]} | ret=SUCCESS |  
2019-08-29 01:06:50,289 | INFO  | SCMAudit | user=jenkins1000 | ip=192.168.69.96 | op=SEND_HEARTBEAT {datanodeUUID=bbb59881-2c2e-4c46-bee0-3cc6903f36c9, command=[]} | ret=SUCCESS |  
2019-08-29 01:06:50,353 | INFO  | SCMAudit | user=jenkins1000 | ip=192.168.69.96 | op=SEND_HEARTBEAT {datanodeUUID=85caa6cf-c7c6-4192-8a58-74ecec5901dd, command=[]} | ret=SUCCESS |  
2019-08-29 01:06:50,417 | INFO  | SCMAudit | user=jenkins1000 | ip=192.168.69.96 | op=SEND_HEARTBEAT {datanodeUUID=809d6ad1-22d0-4b8b-b559-8565831e1fa5, command=[]} | ret=SUCCESS |  
2019-08-29 01:06:50,524 [grpc-default-executor-2] INFO  client.GrpcClientProtocolClient (GrpcClientProtocolClient.java:onNext(255)) - client-54C976773C82->809d6ad1-22d0-4b8b-b559-8565831e1fa5: receive RaftClientReply:client-54C976773C82->809d6ad1-22d0-4b8b-b559-8565831e1fa5@group-78ADE6B227B7, cid=81, FAILED org.apache.ratis.protocol.NotLeaderException: Server 809d6ad1-22d0-4b8b-b559-8565831e1fa5 is not the leader (null). Request must be sent to leader., logIndex=0, commits[809d6ad1-22d0-4b8b-b559-8565831e1fa5:c-1]
2019-08-29 01:06:51,004 | INFO  | SCMAudit | user=jenkins1000 | ip=192.168.69.96 | op=SEND_HEARTBEAT {datanodeUUID=5bffe5a2-2514-4bb7-aae2-99060e6d380e, command=[]} | ret=SUCCESS |  
2019-08-29 01:06:51,083 | INFO  | SCMAudit | user=jenkins1000 | ip=192.168.69.96 | op=SEND_HEARTBEAT {datanodeUUID=877941a7-1654-45c7-a491-219e5331d01c, command=[]} | ret=SUCCESS |  
2019-08-29 01:06:51,163 | INFO  | SCMAudit | user=jenkins1000 | ip=192.168.69.96 | op=SEND_HEARTBEAT {datanodeUUID=41e348e0-7cd9-472f-af3f-c5b5cc4c1cbe, command=[]} | ret=SUCCESS |  
2019-08-29 01:06:51,227 | INFO  | SCMAudit | user=jenkins1000 | ip=192.168.69.96 | op=SEND_HEARTBEAT {datanodeUUID=5ad5097d-a979-4d10-9f70-6acf19577cdd, command=[]} | ret=SUCCESS |  
2019-08-29 01:06:51,290 | INFO  | SCMAudit | user=jenkins1000 | ip=192.168.69.96 | op=SEND_HEARTBEAT {datanodeUUID=bbb59881-2c2e-4c46-bee0-3cc6903f36c9, command=[]} | ret=SUCCESS |  
2019-08-29 01:06:51,352 | INFO  | SCMAudit | user=jenkins1000 | ip=192.168.69.96 | op=SEND_HEARTBEAT {datanodeUUID=85caa6cf-c7c6-4192-8a58-74ecec5901dd, command=[]} | ret=SUCCESS |  
2019-08-29 01:06:51,416 | INFO  | SCMAudit | user=jenkins1000 | ip=192.168.69.96 | op=SEND_HEARTBEAT {datanodeUUID=809d6ad1-22d0-4b8b-b559-8565831e1fa5, command=[]} | ret=SUCCESS |  
2019-08-29 01:06:51,540 [grpc-default-executor-2] INFO  client.GrpcClientProtocolClient (GrpcClientProtocolClient.java:onNext(255)) - client-54C976773C82->5ad5097d-a979-4d10-9f70-6acf19577cdd: receive RaftClientReply:client-54C976773C82->5ad5097d-a979-4d10-9f70-6acf19577cdd@group-78ADE6B227B7, cid=81, FAILED org.apache.ratis.protocol.NotLeaderException: Server 5ad5097d-a979-4d10-9f70-6acf19577cdd is not the leader (null). Request must be sent to leader., logIndex=0, commits[5ad5097d-a979-4d10-9f70-6acf19577cdd:c-1]
2019-08-29 01:06:52,005 | INFO  | SCMAudit | user=jenkins1000 | ip=192.168.69.96 | op=SEND_HEARTBEAT {datanodeUUID=5bffe5a2-2514-4bb7-aae2-99060e6d380e, command=[]} | ret=SUCCESS |  
2019-08-29 01:06:52,083 | INFO  | SCMAudit | user=jenkins1000 | ip=192.168.69.96 | op=SEND_HEARTBEAT {datanodeUUID=877941a7-1654-45c7-a491-219e5331d01c, command=[]} | ret=SUCCESS |  
2019-08-29 01:06:52,134 [Thread-2081] INFO  impl.FollowerState (FollowerState.java:run(106)) - 5bffe5a2-2514-4bb7-aae2-99060e6d380e:group-AA812C5F5AFB changes to CANDIDATE, lastRpcTime:5071, electionTimeout:5071ms
2019-08-29 01:06:52,135 [Thread-2081] INFO  impl.RoleInfo (RoleInfo.java:shutdownFollowerState(121)) - 5bffe5a2-2514-4bb7-aae2-99060e6d380e: shutdown FollowerState
2019-08-29 01:06:52,135 [Thread-2081] INFO  impl.RaftServerImpl (RaftServerImpl.java:setRole(171)) - 5bffe5a2-2514-4bb7-aae2-99060e6d380e:group-AA812C5F5AFB changes role from FOLLOWER to CANDIDATE at term 0 for changeToCandidate
2019-08-29 01:06:52,135 [Thread-2081] INFO  impl.RoleInfo (RoleInfo.java:updateAndGet(143)) - 5bffe5a2-2514-4bb7-aae2-99060e6d380e: start LeaderElection
2019-08-29 01:06:52,159 [5bffe5a2-2514-4bb7-aae2-99060e6d380e:group-AA812C5F5AFB:LeaderElection52] INFO  impl.LeaderElection (LeaderElection.java:askForVotes(181)) - 5bffe5a2-2514-4bb7-aae2-99060e6d380e:group-AA812C5F5AFB:LeaderElection52: begin an election at term 1 for -1: [5bffe5a2-2514-4bb7-aae2-99060e6d380e:192.168.69.96:36091], old=null
2019-08-29 01:06:52,159 [5bffe5a2-2514-4bb7-aae2-99060e6d380e:group-AA812C5F5AFB:LeaderElection52] INFO  impl.RoleInfo (RoleInfo.java:shutdownLeaderElection(134)) - 5bffe5a2-2514-4bb7-aae2-99060e6d380e: shutdown LeaderElection
2019-08-29 01:06:52,159 [5bffe5a2-2514-4bb7-aae2-99060e6d380e:group-AA812C5F5AFB:LeaderElection52] INFO  impl.RaftServerImpl (RaftServerImpl.java:setRole(171)) - 5bffe5a2-2514-4bb7-aae2-99060e6d380e:group-AA812C5F5AFB changes role from CANDIDATE to LEADER at term 1 for changeToLeader
2019-08-29 01:06:52,160 [5bffe5a2-2514-4bb7-aae2-99060e6d380e:group-AA812C5F5AFB:LeaderElection52] INFO  impl.RaftServerImpl (ServerState.java:setLeader(263)) - 5bffe5a2-2514-4bb7-aae2-99060e6d380e:group-AA812C5F5AFB change Leader from null to 5bffe5a2-2514-4bb7-aae2-99060e6d380e at term 1 for becomeLeader, leader elected after 5101ms
2019-08-29 01:06:52,160 [5bffe5a2-2514-4bb7-aae2-99060e6d380e:group-AA812C5F5AFB:LeaderElection52] INFO  server.RaftServerConfigKeys (ConfUtils.java:logGet(43)) - raft.server.staging.catchup.gap = 1000 (default)
2019-08-29 01:06:52,160 [5bffe5a2-2514-4bb7-aae2-99060e6d380e:group-AA812C5F5AFB:LeaderElection52] INFO  server.RaftServerConfigKeys (ConfUtils.java:logGet(43)) - raft.server.rpc.sleep.time = 25ms (default)
2019-08-29 01:06:52,160 [5bffe5a2-2514-4bb7-aae2-99060e6d380e:group-AA812C5F5AFB:LeaderElection52] INFO  server.RaftServerConfigKeys (ConfUtils.java:logGet(43)) - raft.server.write.element-limit = 4096 (default)
2019-08-29 01:06:52,161 [5bffe5a2-2514-4bb7-aae2-99060e6d380e:group-AA812C5F5AFB:LeaderElection52] INFO  server.RaftServerConfigKeys (ConfUtils.java:logGet(43)) - raft.server.watch.timeout = 10s (default)
2019-08-29 01:06:52,161 [5bffe5a2-2514-4bb7-aae2-99060e6d380e:group-AA812C5F5AFB:LeaderElection52] INFO  server.RaftServerConfigKeys (ConfUtils.java:logGet(43)) - raft.server.watch.timeout.denomination = 1s (default)
2019-08-29 01:06:52,161 [5bffe5a2-2514-4bb7-aae2-99060e6d380e:group-AA812C5F5AFB:LeaderElection52] INFO  server.RaftServerConfigKeys (ConfUtils.java:logGet(43)) - raft.server.watch.element-limit = 65536 (default)
2019-08-29 01:06:52,161 [5bffe5a2-2514-4bb7-aae2-99060e6d380e:group-AA812C5F5AFB:LeaderElection52] INFO  impl.RoleInfo (RoleInfo.java:updateAndGet(143)) - 5bffe5a2-2514-4bb7-aae2-99060e6d380e: start LeaderState
2019-08-29 01:06:52,162 [5bffe5a2-2514-4bb7-aae2-99060e6d380e:group-AA812C5F5AFB:LeaderElection52] INFO  segmented.SegmentedRaftLogWorker (SegmentedRaftLogWorker.java:startLogSegment(380)) - 5bffe5a2-2514-4bb7-aae2-99060e6d380e-SegmentedRaftLogWorker:Storage Directory /workdir/hadoop-ozone/integration-test/target/test-dir/MiniOzoneClusterImpl-99ad9353-596e-44f9-b4ca-7c7cdd5df1c6/datanode-0/data/ratis/b1b06308-d26a-44ee-be65-aa812c5f5afb: Starting segment from index:0
2019-08-29 01:06:52,162 | INFO  | SCMAudit | user=jenkins1000 | ip=192.168.69.96 | op=SEND_HEARTBEAT {datanodeUUID=41e348e0-7cd9-472f-af3f-c5b5cc4c1cbe, command=[]} | ret=SUCCESS |  
2019-08-29 01:06:52,163 [5bffe5a2-2514-4bb7-aae2-99060e6d380e:group-AA812C5F5AFB:LeaderElection52] INFO  impl.RaftServerImpl (ServerState.java:setRaftConf(361)) - 5bffe5a2-2514-4bb7-aae2-99060e6d380e:group-AA812C5F5AFB set configuration 0: [5bffe5a2-2514-4bb7-aae2-99060e6d380e:192.168.69.96:36091], old=null at 0
2019-08-29 01:06:52,212 [5bffe5a2-2514-4bb7-aae2-99060e6d380e-SegmentedRaftLogWorker:Storage Directory /workdir/hadoop-ozone/integration-test/target/test-dir/MiniOzoneClusterImpl-99ad9353-596e-44f9-b4ca-7c7cdd5df1c6/datanode-0/data/ratis/b1b06308-d26a-44ee-be65-aa812c5f5afb] INFO  segmented.SegmentedRaftLogWorker (SegmentedRaftLogWorker.java:execute(569)) - 5bffe5a2-2514-4bb7-aae2-99060e6d380e-SegmentedRaftLogWorker:Storage Directory /workdir/hadoop-ozone/integration-test/target/test-dir/MiniOzoneClusterImpl-99ad9353-596e-44f9-b4ca-7c7cdd5df1c6/datanode-0/data/ratis/b1b06308-d26a-44ee-be65-aa812c5f5afb: created new log segment /workdir/hadoop-ozone/integration-test/target/test-dir/MiniOzoneClusterImpl-99ad9353-596e-44f9-b4ca-7c7cdd5df1c6/datanode-0/data/ratis/b1b06308-d26a-44ee-be65-aa812c5f5afb/current/log_inprogress_0
2019-08-29 01:06:52,228 | INFO  | SCMAudit | user=jenkins1000 | ip=192.168.69.96 | op=SEND_HEARTBEAT {datanodeUUID=5ad5097d-a979-4d10-9f70-6acf19577cdd, command=[]} | ret=SUCCESS |  
2019-08-29 01:06:52,289 | INFO  | SCMAudit | user=jenkins1000 | ip=192.168.69.96 | op=SEND_HEARTBEAT {datanodeUUID=bbb59881-2c2e-4c46-bee0-3cc6903f36c9, command=[]} | ret=SUCCESS |  
2019-08-29 01:06:52,336 [Thread-2084] INFO  impl.FollowerState (FollowerState.java:run(106)) - 877941a7-1654-45c7-a491-219e5331d01c:group-2399ACD84D00 changes to CANDIDATE, lastRpcTime:5197, electionTimeout:5197ms
2019-08-29 01:06:52,336 [Thread-2084] INFO  impl.RoleInfo (RoleInfo.java:shutdownFollowerState(121)) - 877941a7-1654-45c7-a491-219e5331d01c: shutdown FollowerState
2019-08-29 01:06:52,336 [Thread-2084] INFO  impl.RaftServerImpl (RaftServerImpl.java:setRole(171)) - 877941a7-1654-45c7-a491-219e5331d01c:group-2399ACD84D00 changes role from FOLLOWER to CANDIDATE at term 0 for changeToCandidate
2019-08-29 01:06:52,336 [Thread-2084] INFO  impl.RoleInfo (RoleInfo.java:updateAndGet(143)) - 877941a7-1654-45c7-a491-219e5331d01c: start LeaderElection
2019-08-29 01:06:52,352 | INFO  | SCMAudit | user=jenkins1000 | ip=192.168.69.96 | op=SEND_HEARTBEAT {datanodeUUID=85caa6cf-c7c6-4192-8a58-74ecec5901dd, command=[]} | ret=SUCCESS |  
2019-08-29 01:06:52,357 [877941a7-1654-45c7-a491-219e5331d01c:group-2399ACD84D00:LeaderElection53] INFO  impl.LeaderElection (LeaderElection.java:askForVotes(181)) - 877941a7-1654-45c7-a491-219e5331d01c:group-2399ACD84D00:LeaderElection53: begin an election at term 1 for -1: [877941a7-1654-45c7-a491-219e5331d01c:192.168.69.96:44938], old=null
2019-08-29 01:06:52,358 [877941a7-1654-45c7-a491-219e5331d01c:group-2399ACD84D00:LeaderElection53] INFO  impl.RoleInfo (RoleInfo.java:shutdownLeaderElection(134)) - 877941a7-1654-45c7-a491-219e5331d01c: shutdown LeaderElection
2019-08-29 01:06:52,358 [877941a7-1654-45c7-a491-219e5331d01c:group-2399ACD84D00:LeaderElection53] INFO  impl.RaftServerImpl (RaftServerImpl.java:setRole(171)) - 877941a7-1654-45c7-a491-219e5331d01c:group-2399ACD84D00 changes role from CANDIDATE to LEADER at term 1 for changeToLeader
2019-08-29 01:06:52,358 [877941a7-1654-45c7-a491-219e5331d01c:group-2399ACD84D00:LeaderElection53] INFO  impl.RaftServerImpl (ServerState.java:setLeader(263)) - 877941a7-1654-45c7-a491-219e5331d01c:group-2399ACD84D00 change Leader from null to 877941a7-1654-45c7-a491-219e5331d01c at term 1 for becomeLeader, leader elected after 5223ms
2019-08-29 01:06:52,358 [877941a7-1654-45c7-a491-219e5331d01c:group-2399ACD84D00:LeaderElection53] INFO  server.RaftServerConfigKeys (ConfUtils.java:logGet(43)) - raft.server.staging.catchup.gap = 1000 (default)
2019-08-29 01:06:52,358 [877941a7-1654-45c7-a491-219e5331d01c:group-2399ACD84D00:LeaderElection53] INFO  server.RaftServerConfigKeys (ConfUtils.java:logGet(43)) - raft.server.rpc.sleep.time = 25ms (default)
2019-08-29 01:06:52,358 [877941a7-1654-45c7-a491-219e5331d01c:group-2399ACD84D00:LeaderElection53] INFO  server.RaftServerConfigKeys (ConfUtils.java:logGet(43)) - raft.server.write.element-limit = 4096 (default)
2019-08-29 01:06:52,359 [877941a7-1654-45c7-a491-219e5331d01c:group-2399ACD84D00:LeaderElection53] INFO  server.RaftServerConfigKeys (ConfUtils.java:logGet(43)) - raft.server.watch.timeout = 10s (default)
2019-08-29 01:06:52,359 [877941a7-1654-45c7-a491-219e5331d01c:group-2399ACD84D00:LeaderElection53] INFO  server.RaftServerConfigKeys (ConfUtils.java:logGet(43)) - raft.server.watch.timeout.denomination = 1s (default)
2019-08-29 01:06:52,359 [877941a7-1654-45c7-a491-219e5331d01c:group-2399ACD84D00:LeaderElection53] INFO  server.RaftServerConfigKeys (ConfUtils.java:logGet(43)) - raft.server.watch.element-limit = 65536 (default)
2019-08-29 01:06:52,359 [877941a7-1654-45c7-a491-219e5331d01c:group-2399ACD84D00:LeaderElection53] INFO  impl.RoleInfo (RoleInfo.java:updateAndGet(143)) - 877941a7-1654-45c7-a491-219e5331d01c: start LeaderState
2019-08-29 01:06:52,359 [877941a7-1654-45c7-a491-219e5331d01c:group-2399ACD84D00:LeaderElection53] INFO  segmented.SegmentedRaftLogWorker (SegmentedRaftLogWorker.java:startLogSegment(380)) - 877941a7-1654-45c7-a491-219e5331d01c-SegmentedRaftLogWorker:Storage Directory /workdir/hadoop-ozone/integration-test/target/test-dir/MiniOzoneClusterImpl-99ad9353-596e-44f9-b4ca-7c7cdd5df1c6/datanode-1/data/ratis/0b6d87dd-4b0a-4cae-95e6-2399acd84d00: Starting segment from index:0
2019-08-29 01:06:52,360 [877941a7-1654-45c7-a491-219e5331d01c:group-2399ACD84D00:LeaderElection53] INFO  impl.RaftServerImpl (ServerState.java:setRaftConf(361)) - 877941a7-1654-45c7-a491-219e5331d01c:group-2399ACD84D00 set configuration 0: [877941a7-1654-45c7-a491-219e5331d01c:192.168.69.96:44938], old=null at 0
2019-08-29 01:06:52,396 [Thread-2087] INFO  impl.FollowerState (FollowerState.java:run(106)) - 41e348e0-7cd9-472f-af3f-c5b5cc4c1cbe:group-831FFE70F764 changes to CANDIDATE, lastRpcTime:5161, electionTimeout:5161ms
2019-08-29 01:06:52,396 [Thread-2087] INFO  impl.RoleInfo (RoleInfo.java:shutdownFollowerState(121)) - 41e348e0-7cd9-472f-af3f-c5b5cc4c1cbe: shutdown FollowerState
2019-08-29 01:06:52,397 [Thread-2087] INFO  impl.RaftServerImpl (RaftServerImpl.java:setRole(171)) - 41e348e0-7cd9-472f-af3f-c5b5cc4c1cbe:group-831FFE70F764 changes role from FOLLOWER to CANDIDATE at term 0 for changeToCandidate
2019-08-29 01:06:52,397 [Thread-2087] INFO  impl.RoleInfo (RoleInfo.java:updateAndGet(143)) - 41e348e0-7cd9-472f-af3f-c5b5cc4c1cbe: start LeaderElection
2019-08-29 01:06:52,413 [877941a7-1654-45c7-a491-219e5331d01c-SegmentedRaftLogWorker:Storage Directory /workdir/hadoop-ozone/integration-test/target/test-dir/MiniOzoneClusterImpl-99ad9353-596e-44f9-b4ca-7c7cdd5df1c6/datanode-1/data/ratis/0b6d87dd-4b0a-4cae-95e6-2399acd84d00] INFO  segmented.SegmentedRaftLogWorker (SegmentedRaftLogWorker.java:execute(569)) - 877941a7-1654-45c7-a491-219e5331d01c-SegmentedRaftLogWorker:Storage Directory /workdir/hadoop-ozone/integration-test/target/test-dir/MiniOzoneClusterImpl-99ad9353-596e-44f9-b4ca-7c7cdd5df1c6/datanode-1/data/ratis/0b6d87dd-4b0a-4cae-95e6-2399acd84d00: created new log segment /workdir/hadoop-ozone/integration-test/target/test-dir/MiniOzoneClusterImpl-99ad9353-596e-44f9-b4ca-7c7cdd5df1c6/datanode-1/data/ratis/0b6d87dd-4b0a-4cae-95e6-2399acd84d00/current/log_inprogress_0
2019-08-29 01:06:52,413 [41e348e0-7cd9-472f-af3f-c5b5cc4c1cbe:group-831FFE70F764:LeaderElection54] INFO  impl.LeaderElection (LeaderElection.java:askForVotes(181)) - 41e348e0-7cd9-472f-af3f-c5b5cc4c1cbe:group-831FFE70F764:LeaderElection54: begin an election at term 1 for -1: [41e348e0-7cd9-472f-af3f-c5b5cc4c1cbe:192.168.69.96:40856], old=null
2019-08-29 01:06:52,414 [41e348e0-7cd9-472f-af3f-c5b5cc4c1cbe:group-831FFE70F764:LeaderElection54] INFO  impl.RoleInfo (RoleInfo.java:shutdownLeaderElection(134)) - 41e348e0-7cd9-472f-af3f-c5b5cc4c1cbe: shutdown LeaderElection
2019-08-29 01:06:52,414 [41e348e0-7cd9-472f-af3f-c5b5cc4c1cbe:group-831FFE70F764:LeaderElection54] INFO  impl.RaftServerImpl (RaftServerImpl.java:setRole(171)) - 41e348e0-7cd9-472f-af3f-c5b5cc4c1cbe:group-831FFE70F764 changes role from CANDIDATE to LEADER at term 1 for changeToLeader
2019-08-29 01:06:52,414 [41e348e0-7cd9-472f-af3f-c5b5cc4c1cbe:group-831FFE70F764:LeaderElection54] INFO  impl.RaftServerImpl (ServerState.java:setLeader(263)) - 41e348e0-7cd9-472f-af3f-c5b5cc4c1cbe:group-831FFE70F764 change Leader from null to 41e348e0-7cd9-472f-af3f-c5b5cc4c1cbe at term 1 for becomeLeader, leader elected after 5185ms
2019-08-29 01:06:52,414 [41e348e0-7cd9-472f-af3f-c5b5cc4c1cbe:group-831FFE70F764:LeaderElection54] INFO  server.RaftServerConfigKeys (ConfUtils.java:logGet(43)) - raft.server.staging.catchup.gap = 1000 (default)
2019-08-29 01:06:52,414 [41e348e0-7cd9-472f-af3f-c5b5cc4c1cbe:group-831FFE70F764:LeaderElection54] INFO  server.RaftServerConfigKeys (ConfUtils.java:logGet(43)) - raft.server.rpc.sleep.time = 25ms (default)
2019-08-29 01:06:52,415 [41e348e0-7cd9-472f-af3f-c5b5cc4c1cbe:group-831FFE70F764:LeaderElection54] INFO  server.RaftServerConfigKeys (ConfUtils.java:logGet(43)) - raft.server.write.element-limit = 4096 (default)
2019-08-29 01:06:52,415 [41e348e0-7cd9-472f-af3f-c5b5cc4c1cbe:group-831FFE70F764:LeaderElection54] INFO  server.RaftServerConfigKeys (ConfUtils.java:logGet(43)) - raft.server.watch.timeout = 10s (default)
2019-08-29 01:06:52,415 [41e348e0-7cd9-472f-af3f-c5b5cc4c1cbe:group-831FFE70F764:LeaderElection54] INFO  server.RaftServerConfigKeys (ConfUtils.java:logGet(43)) - raft.server.watch.timeout.denomination = 1s (default)
2019-08-29 01:06:52,415 [41e348e0-7cd9-472f-af3f-c5b5cc4c1cbe:group-831FFE70F764:LeaderElection54] INFO  server.RaftServerConfigKeys (ConfUtils.java:logGet(43)) - raft.server.watch.element-limit = 65536 (default)
2019-08-29 01:06:52,415 [41e348e0-7cd9-472f-af3f-c5b5cc4c1cbe:group-831FFE70F764:LeaderElection54] INFO  impl.RoleInfo (RoleInfo.java:updateAndGet(143)) - 41e348e0-7cd9-472f-af3f-c5b5cc4c1cbe: start LeaderState
2019-08-29 01:06:52,416 [41e348e0-7cd9-472f-af3f-c5b5cc4c1cbe:group-831FFE70F764:LeaderElection54] INFO  segmented.SegmentedRaftLogWorker (SegmentedRaftLogWorker.java:startLogSegment(380)) - 41e348e0-7cd9-472f-af3f-c5b5cc4c1cbe-SegmentedRaftLogWorker:Storage Directory /workdir/hadoop-ozone/integration-test/target/test-dir/MiniOzoneClusterImpl-99ad9353-596e-44f9-b4ca-7c7cdd5df1c6/datanode-2/data/ratis/6489b986-6215-4c76-af93-831ffe70f764: Starting segment from index:0
2019-08-29 01:06:52,416 [41e348e0-7cd9-472f-af3f-c5b5cc4c1cbe:group-831FFE70F764:LeaderElection54] INFO  impl.RaftServerImpl (ServerState.java:setRaftConf(361)) - 41e348e0-7cd9-472f-af3f-c5b5cc4c1cbe:group-831FFE70F764 set configuration 0: [41e348e0-7cd9-472f-af3f-c5b5cc4c1cbe:192.168.69.96:40856], old=null at 0
2019-08-29 01:06:52,417 | INFO  | SCMAudit | user=jenkins1000 | ip=192.168.69.96 | op=SEND_HEARTBEAT {datanodeUUID=809d6ad1-22d0-4b8b-b559-8565831e1fa5, command=[]} | ret=SUCCESS |  
2019-08-29 01:06:52,463 [41e348e0-7cd9-472f-af3f-c5b5cc4c1cbe-SegmentedRaftLogWorker:Storage Directory /workdir/hadoop-ozone/integration-test/target/test-dir/MiniOzoneClusterImpl-99ad9353-596e-44f9-b4ca-7c7cdd5df1c6/datanode-2/data/ratis/6489b986-6215-4c76-af93-831ffe70f764] INFO  segmented.SegmentedRaftLogWorker (SegmentedRaftLogWorker.java:execute(569)) - 41e348e0-7cd9-472f-af3f-c5b5cc4c1cbe-SegmentedRaftLogWorker:Storage Directory /workdir/hadoop-ozone/integration-test/target/test-dir/MiniOzoneClusterImpl-99ad9353-596e-44f9-b4ca-7c7cdd5df1c6/datanode-2/data/ratis/6489b986-6215-4c76-af93-831ffe70f764: created new log segment /workdir/hadoop-ozone/integration-test/target/test-dir/MiniOzoneClusterImpl-99ad9353-596e-44f9-b4ca-7c7cdd5df1c6/datanode-2/data/ratis/6489b986-6215-4c76-af93-831ffe70f764/current/log_inprogress_0
2019-08-29 01:06:52,480 [Thread-2090] INFO  impl.FollowerState (FollowerState.java:run(106)) - 5ad5097d-a979-4d10-9f70-6acf19577cdd:group-9BA75AF151CE changes to CANDIDATE, lastRpcTime:5175, electionTimeout:5175ms
2019-08-29 01:06:52,480 [Thread-2090] INFO  impl.RoleInfo (RoleInfo.java:shutdownFollowerState(121)) - 5ad5097d-a979-4d10-9f70-6acf19577cdd: shutdown FollowerState
2019-08-29 01:06:52,481 [Thread-2090] INFO  impl.RaftServerImpl (RaftServerImpl.java:setRole(171)) - 5ad5097d-a979-4d10-9f70-6acf19577cdd:group-9BA75AF151CE changes role from FOLLOWER to CANDIDATE at term 0 for changeToCandidate
2019-08-29 01:06:52,481 [Thread-2090] INFO  impl.RoleInfo (RoleInfo.java:updateAndGet(143)) - 5ad5097d-a979-4d10-9f70-6acf19577cdd: start LeaderElection
2019-08-29 01:06:52,502 [5ad5097d-a979-4d10-9f70-6acf19577cdd:group-9BA75AF151CE:LeaderElection55] INFO  impl.LeaderElection (LeaderElection.java:askForVotes(181)) - 5ad5097d-a979-4d10-9f70-6acf19577cdd:group-9BA75AF151CE:LeaderElection55: begin an election at term 1 for -1: [5ad5097d-a979-4d10-9f70-6acf19577cdd:192.168.69.96:33544], old=null
2019-08-29 01:06:52,502 [5ad5097d-a979-4d10-9f70-6acf19577cdd:group-9BA75AF151CE:LeaderElection55] INFO  impl.RoleInfo (RoleInfo.java:shutdownLeaderElection(134)) - 5ad5097d-a979-4d10-9f70-6acf19577cdd: shutdown LeaderElection
2019-08-29 01:06:52,503 [5ad5097d-a979-4d10-9f70-6acf19577cdd:group-9BA75AF151CE:LeaderElection55] INFO  impl.RaftServerImpl (RaftServerImpl.java:setRole(171)) - 5ad5097d-a979-4d10-9f70-6acf19577cdd:group-9BA75AF151CE changes role from CANDIDATE to LEADER at term 1 for changeToLeader
2019-08-29 01:06:52,503 [5ad5097d-a979-4d10-9f70-6acf19577cdd:group-9BA75AF151CE:LeaderElection55] INFO  impl.RaftServerImpl (ServerState.java:setLeader(263)) - 5ad5097d-a979-4d10-9f70-6acf19577cdd:group-9BA75AF151CE change Leader from null to 5ad5097d-a979-4d10-9f70-6acf19577cdd at term 1 for becomeLeader, leader elected after 5202ms
2019-08-29 01:06:52,503 [5ad5097d-a979-4d10-9f70-6acf19577cdd:group-9BA75AF151CE:LeaderElection55] INFO  server.RaftServerConfigKeys (ConfUtils.java:logGet(43)) - raft.server.staging.catchup.gap = 1000 (default)
2019-08-29 01:06:52,503 [5ad5097d-a979-4d10-9f70-6acf19577cdd:group-9BA75AF151CE:LeaderElection55] INFO  server.RaftServerConfigKeys (ConfUtils.java:logGet(43)) - raft.server.rpc.sleep.time = 25ms (default)
2019-08-29 01:06:52,503 [5ad5097d-a979-4d10-9f70-6acf19577cdd:group-9BA75AF151CE:LeaderElection55] INFO  server.RaftServerConfigKeys (ConfUtils.java:logGet(43)) - raft.server.write.element-limit = 4096 (default)
2019-08-29 01:06:52,503 [5ad5097d-a979-4d10-9f70-6acf19577cdd:group-9BA75AF151CE:LeaderElection55] INFO  server.RaftServerConfigKeys (ConfUtils.java:logGet(43)) - raft.server.watch.timeout = 10s (default)
2019-08-29 01:06:52,504 [5ad5097d-a979-4d10-9f70-6acf19577cdd:group-9BA75AF151CE:LeaderElection55] INFO  server.RaftServerConfigKeys (ConfUtils.java:logGet(43)) - raft.server.watch.timeout.denomination = 1s (default)
2019-08-29 01:06:52,504 [5ad5097d-a979-4d10-9f70-6acf19577cdd:group-9BA75AF151CE:LeaderElection55] INFO  server.RaftServerConfigKeys (ConfUtils.java:logGet(43)) - raft.server.watch.element-limit = 65536 (default)
2019-08-29 01:06:52,504 [5ad5097d-a979-4d10-9f70-6acf19577cdd:group-9BA75AF151CE:LeaderElection55] INFO  impl.RoleInfo (RoleInfo.java:updateAndGet(143)) - 5ad5097d-a979-4d10-9f70-6acf19577cdd: start LeaderState
2019-08-29 01:06:52,504 [5ad5097d-a979-4d10-9f70-6acf19577cdd:group-9BA75AF151CE:LeaderElection55] INFO  segmented.SegmentedRaftLogWorker (SegmentedRaftLogWorker.java:startLogSegment(380)) - 5ad5097d-a979-4d10-9f70-6acf19577cdd-SegmentedRaftLogWorker:Storage Directory /workdir/hadoop-ozone/integration-test/target/test-dir/MiniOzoneClusterImpl-99ad9353-596e-44f9-b4ca-7c7cdd5df1c6/datanode-3/data/ratis/b2475153-9baf-4784-ba11-9ba75af151ce: Starting segment from index:0
2019-08-29 01:06:52,505 [5ad5097d-a979-4d10-9f70-6acf19577cdd:group-9BA75AF151CE:LeaderElection55] INFO  impl.RaftServerImpl (ServerState.java:setRaftConf(361)) - 5ad5097d-a979-4d10-9f70-6acf19577cdd:group-9BA75AF151CE set configuration 0: [5ad5097d-a979-4d10-9f70-6acf19577cdd:192.168.69.96:33544], old=null at 0
2019-08-29 01:06:52,508 [Thread-2093] INFO  impl.FollowerState (FollowerState.java:run(106)) - bbb59881-2c2e-4c46-bee0-3cc6903f36c9:group-AB1544153092 changes to CANDIDATE, lastRpcTime:5153, electionTimeout:5153ms
2019-08-29 01:06:52,508 [Thread-2093] INFO  impl.RoleInfo (RoleInfo.java:shutdownFollowerState(121)) - bbb59881-2c2e-4c46-bee0-3cc6903f36c9: shutdown FollowerState
2019-08-29 01:06:52,508 [Thread-2093] INFO  impl.RaftServerImpl (RaftServerImpl.java:setRole(171)) - bbb59881-2c2e-4c46-bee0-3cc6903f36c9:group-AB1544153092 changes role from FOLLOWER to CANDIDATE at term 0 for changeToCandidate
2019-08-29 01:06:52,509 [Thread-2093] INFO  impl.RoleInfo (RoleInfo.java:updateAndGet(143)) - bbb59881-2c2e-4c46-bee0-3cc6903f36c9: start LeaderElection
2019-08-29 01:06:52,561 [5ad5097d-a979-4d10-9f70-6acf19577cdd-SegmentedRaftLogWorker:Storage Directory /workdir/hadoop-ozone/integration-test/target/test-dir/MiniOzoneClusterImpl-99ad9353-596e-44f9-b4ca-7c7cdd5df1c6/datanode-3/data/ratis/b2475153-9baf-4784-ba11-9ba75af151ce] INFO  segmented.SegmentedRaftLogWorker (SegmentedRaftLogWorker.java:execute(569)) - 5ad5097d-a979-4d10-9f70-6acf19577cdd-SegmentedRaftLogWorker:Storage Directory /workdir/hadoop-ozone/integration-test/target/test-dir/MiniOzoneClusterImpl-99ad9353-596e-44f9-b4ca-7c7cdd5df1c6/datanode-3/data/ratis/b2475153-9baf-4784-ba11-9ba75af151ce: created new log segment /workdir/hadoop-ozone/integration-test/target/test-dir/MiniOzoneClusterImpl-99ad9353-596e-44f9-b4ca-7c7cdd5df1c6/datanode-3/data/ratis/b2475153-9baf-4784-ba11-9ba75af151ce/current/log_inprogress_0
2019-08-29 01:06:52,561 [Thread-2096] INFO  impl.FollowerState (FollowerState.java:run(106)) - 85caa6cf-c7c6-4192-8a58-74ecec5901dd:group-0EDDD6544644 changes to CANDIDATE, lastRpcTime:5153, electionTimeout:5143ms
2019-08-29 01:06:52,561 [Thread-2096] INFO  impl.RoleInfo (RoleInfo.java:shutdownFollowerState(121)) - 85caa6cf-c7c6-4192-8a58-74ecec5901dd: shutdown FollowerState
2019-08-29 01:06:52,561 [Thread-2096] INFO  impl.RaftServerImpl (RaftServerImpl.java:setRole(171)) - 85caa6cf-c7c6-4192-8a58-74ecec5901dd:group-0EDDD6544644 changes role from FOLLOWER to CANDIDATE at term 0 for changeToCandidate
2019-08-29 01:06:52,562 [Thread-2096] INFO  impl.RoleInfo (RoleInfo.java:updateAndGet(143)) - 85caa6cf-c7c6-4192-8a58-74ecec5901dd: start LeaderElection
2019-08-29 01:06:52,578 [grpc-default-executor-7] INFO  client.GrpcClientProtocolClient (GrpcClientProtocolClient.java:onNext(255)) - client-54C976773C82->809d6ad1-22d0-4b8b-b559-8565831e1fa5: receive RaftClientReply:client-54C976773C82->809d6ad1-22d0-4b8b-b559-8565831e1fa5@group-78ADE6B227B7, cid=81, FAILED org.apache.ratis.protocol.NotLeaderException: Server 809d6ad1-22d0-4b8b-b559-8565831e1fa5 is not the leader (null). Request must be sent to leader., logIndex=0, commits[809d6ad1-22d0-4b8b-b559-8565831e1fa5:c-1]
2019-08-29 01:06:52,584 [Thread-2099] INFO  impl.FollowerState (FollowerState.java:run(106)) - 809d6ad1-22d0-4b8b-b559-8565831e1fa5:group-1B04F57A575E changes to CANDIDATE, lastRpcTime:5109, electionTimeout:5108ms
2019-08-29 01:06:52,584 [Thread-2099] INFO  impl.RoleInfo (RoleInfo.java:shutdownFollowerState(121)) - 809d6ad1-22d0-4b8b-b559-8565831e1fa5: shutdown FollowerState
2019-08-29 01:06:52,584 [Thread-2099] INFO  impl.RaftServerImpl (RaftServerImpl.java:setRole(171)) - 809d6ad1-22d0-4b8b-b559-8565831e1fa5:group-1B04F57A575E changes role from FOLLOWER to CANDIDATE at term 0 for changeToCandidate
2019-08-29 01:06:52,584 [Thread-2099] INFO  impl.RoleInfo (RoleInfo.java:updateAndGet(143)) - 809d6ad1-22d0-4b8b-b559-8565831e1fa5: start LeaderElection
2019-08-29 01:06:52,592 [85caa6cf-c7c6-4192-8a58-74ecec5901dd:group-0EDDD6544644:LeaderElection57] INFO  impl.LeaderElection (LeaderElection.java:askForVotes(181)) - 85caa6cf-c7c6-4192-8a58-74ecec5901dd:group-0EDDD6544644:LeaderElection57: begin an election at term 1 for -1: [85caa6cf-c7c6-4192-8a58-74ecec5901dd:192.168.69.96:45624], old=null
2019-08-29 01:06:52,592 [bbb59881-2c2e-4c46-bee0-3cc6903f36c9:group-AB1544153092:LeaderElection56] INFO  impl.LeaderElection (LeaderElection.java:askForVotes(181)) - bbb59881-2c2e-4c46-bee0-3cc6903f36c9:group-AB1544153092:LeaderElection56: begin an election at term 1 for -1: [bbb59881-2c2e-4c46-bee0-3cc6903f36c9:192.168.69.96:34724], old=null
2019-08-29 01:06:52,592 [85caa6cf-c7c6-4192-8a58-74ecec5901dd:group-0EDDD6544644:LeaderElection57] INFO  impl.RoleInfo (RoleInfo.java:shutdownLeaderElection(134)) - 85caa6cf-c7c6-4192-8a58-74ecec5901dd: shutdown LeaderElection
2019-08-29 01:06:52,592 [bbb59881-2c2e-4c46-bee0-3cc6903f36c9:group-AB1544153092:LeaderElection56] INFO  impl.RoleInfo (RoleInfo.java:shutdownLeaderElection(134)) - bbb59881-2c2e-4c46-bee0-3cc6903f36c9: shutdown LeaderElection
2019-08-29 01:06:52,592 [85caa6cf-c7c6-4192-8a58-74ecec5901dd:group-0EDDD6544644:LeaderElection57] INFO  impl.RaftServerImpl (RaftServerImpl.java:setRole(171)) - 85caa6cf-c7c6-4192-8a58-74ecec5901dd:group-0EDDD6544644 changes role from CANDIDATE to LEADER at term 1 for changeToLeader
2019-08-29 01:06:52,592 [bbb59881-2c2e-4c46-bee0-3cc6903f36c9:group-AB1544153092:LeaderElection56] INFO  impl.RaftServerImpl (RaftServerImpl.java:setRole(171)) - bbb59881-2c2e-4c46-bee0-3cc6903f36c9:group-AB1544153092 changes role from CANDIDATE to LEADER at term 1 for changeToLeader
2019-08-29 01:06:52,593 [85caa6cf-c7c6-4192-8a58-74ecec5901dd:group-0EDDD6544644:LeaderElection57] INFO  impl.RaftServerImpl (ServerState.java:setLeader(263)) - 85caa6cf-c7c6-4192-8a58-74ecec5901dd:group-0EDDD6544644 change Leader from null to 85caa6cf-c7c6-4192-8a58-74ecec5901dd at term 1 for becomeLeader, leader elected after 5190ms
2019-08-29 01:06:52,593 [bbb59881-2c2e-4c46-bee0-3cc6903f36c9:group-AB1544153092:LeaderElection56] INFO  impl.RaftServerImpl (ServerState.java:setLeader(263)) - bbb59881-2c2e-4c46-bee0-3cc6903f36c9:group-AB1544153092 change Leader from null to bbb59881-2c2e-4c46-bee0-3cc6903f36c9 at term 1 for becomeLeader, leader elected after 5242ms
2019-08-29 01:06:52,593 [85caa6cf-c7c6-4192-8a58-74ecec5901dd:group-0EDDD6544644:LeaderElection57] INFO  server.RaftServerConfigKeys (ConfUtils.java:logGet(43)) - raft.server.staging.catchup.gap = 1000 (default)
2019-08-29 01:06:52,593 [bbb59881-2c2e-4c46-bee0-3cc6903f36c9:group-AB1544153092:LeaderElection56] INFO  server.RaftServerConfigKeys (ConfUtils.java:logGet(43)) - raft.server.staging.catchup.gap = 1000 (default)
2019-08-29 01:06:52,593 [85caa6cf-c7c6-4192-8a58-74ecec5901dd:group-0EDDD6544644:LeaderElection57] INFO  server.RaftServerConfigKeys (ConfUtils.java:logGet(43)) - raft.server.rpc.sleep.time = 25ms (default)
2019-08-29 01:06:52,593 [bbb59881-2c2e-4c46-bee0-3cc6903f36c9:group-AB1544153092:LeaderElection56] INFO  server.RaftServerConfigKeys (ConfUtils.java:logGet(43)) - raft.server.rpc.sleep.time = 25ms (default)
2019-08-29 01:06:52,593 [85caa6cf-c7c6-4192-8a58-74ecec5901dd:group-0EDDD6544644:LeaderElection57] INFO  server.RaftServerConfigKeys (ConfUtils.java:logGet(43)) - raft.server.write.element-limit = 4096 (default)
2019-08-29 01:06:52,594 [bbb59881-2c2e-4c46-bee0-3cc6903f36c9:group-AB1544153092:LeaderElection56] INFO  server.RaftServerConfigKeys (ConfUtils.java:logGet(43)) - raft.server.write.element-limit = 4096 (default)
2019-08-29 01:06:52,594 [85caa6cf-c7c6-4192-8a58-74ecec5901dd:group-0EDDD6544644:LeaderElection57] INFO  server.RaftServerConfigKeys (ConfUtils.java:logGet(43)) - raft.server.watch.timeout = 10s (default)
2019-08-29 01:06:52,594 [809d6ad1-22d0-4b8b-b559-8565831e1fa5:group-1B04F57A575E:LeaderElection58] INFO  impl.LeaderElection (LeaderElection.java:askForVotes(181)) - 809d6ad1-22d0-4b8b-b559-8565831e1fa5:group-1B04F57A575E:LeaderElection58: begin an election at term 1 for -1: [809d6ad1-22d0-4b8b-b559-8565831e1fa5:192.168.69.96:44965], old=null
2019-08-29 01:06:52,594 [85caa6cf-c7c6-4192-8a58-74ecec5901dd:group-0EDDD6544644:LeaderElection57] INFO  server.RaftServerConfigKeys (ConfUtils.java:logGet(43)) - raft.server.watch.timeout.denomination = 1s (default)
2019-08-29 01:06:52,594 [bbb59881-2c2e-4c46-bee0-3cc6903f36c9:group-AB1544153092:LeaderElection56] INFO  server.RaftServerConfigKeys (ConfUtils.java:logGet(43)) - raft.server.watch.timeout = 10s (default)
2019-08-29 01:06:52,594 [85caa6cf-c7c6-4192-8a58-74ecec5901dd:group-0EDDD6544644:LeaderElection57] INFO  server.RaftServerConfigKeys (ConfUtils.java:logGet(43)) - raft.server.watch.element-limit = 65536 (default)
2019-08-29 01:06:52,594 [809d6ad1-22d0-4b8b-b559-8565831e1fa5:group-1B04F57A575E:LeaderElection58] INFO  impl.RoleInfo (RoleInfo.java:shutdownLeaderElection(134)) - 809d6ad1-22d0-4b8b-b559-8565831e1fa5: shutdown LeaderElection
2019-08-29 01:06:52,595 [85caa6cf-c7c6-4192-8a58-74ecec5901dd:group-0EDDD6544644:LeaderElection57] INFO  impl.RoleInfo (RoleInfo.java:updateAndGet(143)) - 85caa6cf-c7c6-4192-8a58-74ecec5901dd: start LeaderState
2019-08-29 01:06:52,595 [bbb59881-2c2e-4c46-bee0-3cc6903f36c9:group-AB1544153092:LeaderElection56] INFO  server.RaftServerConfigKeys (ConfUtils.java:logGet(43)) - raft.server.watch.timeout.denomination = 1s (default)
2019-08-29 01:06:52,595 [809d6ad1-22d0-4b8b-b559-8565831e1fa5:group-1B04F57A575E:LeaderElection58] INFO  impl.RaftServerImpl (RaftServerImpl.java:setRole(171)) - 809d6ad1-22d0-4b8b-b559-8565831e1fa5:group-1B04F57A575E changes role from CANDIDATE to LEADER at term 1 for changeToLeader
2019-08-29 01:06:52,595 [85caa6cf-c7c6-4192-8a58-74ecec5901dd:group-0EDDD6544644:LeaderElection57] INFO  segmented.SegmentedRaftLogWorker (SegmentedRaftLogWorker.java:startLogSegment(380)) - 85caa6cf-c7c6-4192-8a58-74ecec5901dd-SegmentedRaftLogWorker:Storage Directory /workdir/hadoop-ozone/integration-test/target/test-dir/MiniOzoneClusterImpl-99ad9353-596e-44f9-b4ca-7c7cdd5df1c6/datanode-5/data/ratis/bb85bd54-8e6c-4c74-a99a-0eddd6544644: Starting segment from index:0
2019-08-29 01:06:52,595 [bbb59881-2c2e-4c46-bee0-3cc6903f36c9:group-AB1544153092:LeaderElection56] INFO  server.RaftServerConfigKeys (ConfUtils.java:logGet(43)) - raft.server.watch.element-limit = 65536 (default)
2019-08-29 01:06:52,595 [809d6ad1-22d0-4b8b-b559-8565831e1fa5:group-1B04F57A575E:LeaderElection58] INFO  impl.RaftServerImpl (ServerState.java:setLeader(263)) - 809d6ad1-22d0-4b8b-b559-8565831e1fa5:group-1B04F57A575E change Leader from null to 809d6ad1-22d0-4b8b-b559-8565831e1fa5 at term 1 for becomeLeader, leader elected after 5125ms
2019-08-29 01:06:52,596 [bbb59881-2c2e-4c46-bee0-3cc6903f36c9:group-AB1544153092:LeaderElection56] INFO  impl.RoleInfo (RoleInfo.java:updateAndGet(143)) - bbb59881-2c2e-4c46-bee0-3cc6903f36c9: start LeaderState
2019-08-29 01:06:52,596 [85caa6cf-c7c6-4192-8a58-74ecec5901dd:group-0EDDD6544644:LeaderElection57] INFO  impl.RaftServerImpl (ServerState.java:setRaftConf(361)) - 85caa6cf-c7c6-4192-8a58-74ecec5901dd:group-0EDDD6544644 set configuration 0: [85caa6cf-c7c6-4192-8a58-74ecec5901dd:192.168.69.96:45624], old=null at 0
2019-08-29 01:06:52,596 [809d6ad1-22d0-4b8b-b559-8565831e1fa5:group-1B04F57A575E:LeaderElection58] INFO  server.RaftServerConfigKeys (ConfUtils.java:logGet(43)) - raft.server.staging.catchup.gap = 1000 (default)
2019-08-29 01:06:52,596 [bbb59881-2c2e-4c46-bee0-3cc6903f36c9:group-AB1544153092:LeaderElection56] INFO  segmented.SegmentedRaftLogWorker (SegmentedRaftLogWorker.java:startLogSegment(380)) - bbb59881-2c2e-4c46-bee0-3cc6903f36c9-SegmentedRaftLogWorker:Storage Directory /workdir/hadoop-ozone/integration-test/target/test-dir/MiniOzoneClusterImpl-99ad9353-596e-44f9-b4ca-7c7cdd5df1c6/datanode-4/data/ratis/ca472929-7d89-4ced-84c5-ab1544153092: Starting segment from index:0
2019-08-29 01:06:52,637 [809d6ad1-22d0-4b8b-b559-8565831e1fa5:group-1B04F57A575E:LeaderElection58] INFO  server.RaftServerConfigKeys (ConfUtils.java:logGet(43)) - raft.server.rpc.sleep.time = 25ms (default)
2019-08-29 01:06:52,638 [809d6ad1-22d0-4b8b-b559-8565831e1fa5:group-1B04F57A575E:LeaderElection58] INFO  server.RaftServerConfigKeys (ConfUtils.java:logGet(43)) - raft.server.write.element-limit = 4096 (default)
2019-08-29 01:06:52,638 [bbb59881-2c2e-4c46-bee0-3cc6903f36c9:group-AB1544153092:LeaderElection56] INFO  impl.RaftServerImpl (ServerState.java:setRaftConf(361)) - bbb59881-2c2e-4c46-bee0-3cc6903f36c9:group-AB1544153092 set configuration 0: [bbb59881-2c2e-4c46-bee0-3cc6903f36c9:192.168.69.96:34724], old=null at 0
2019-08-29 01:06:52,638 [809d6ad1-22d0-4b8b-b559-8565831e1fa5:group-1B04F57A575E:LeaderElection58] INFO  server.RaftServerConfigKeys (ConfUtils.java:logGet(43)) - raft.server.watch.timeout = 10s (default)
2019-08-29 01:06:52,678 [809d6ad1-22d0-4b8b-b559-8565831e1fa5:group-1B04F57A575E:LeaderElection58] INFO  server.RaftServerConfigKeys (ConfUtils.java:logGet(43)) - raft.server.watch.timeout.denomination = 1s (default)
2019-08-29 01:06:52,678 [Thread-2117] INFO  impl.FollowerState (FollowerState.java:run(106)) - bbb59881-2c2e-4c46-bee0-3cc6903f36c9:group-FE4873CD53BC changes to CANDIDATE, lastRpcTime:5029, electionTimeout:5011ms
2019-08-29 01:06:52,679 [Thread-2117] INFO  impl.RoleInfo (RoleInfo.java:shutdownFollowerState(121)) - bbb59881-2c2e-4c46-bee0-3cc6903f36c9: shutdown FollowerState
2019-08-29 01:06:52,678 [85caa6cf-c7c6-4192-8a58-74ecec5901dd-SegmentedRaftLogWorker:Storage Directory /workdir/hadoop-ozone/integration-test/target/test-dir/MiniOzoneClusterImpl-99ad9353-596e-44f9-b4ca-7c7cdd5df1c6/datanode-5/data/ratis/bb85bd54-8e6c-4c74-a99a-0eddd6544644] INFO  segmented.SegmentedRaftLogWorker (SegmentedRaftLogWorker.java:execute(569)) - 85caa6cf-c7c6-4192-8a58-74ecec5901dd-SegmentedRaftLogWorker:Storage Directory /workdir/hadoop-ozone/integration-test/target/test-dir/MiniOzoneClusterImpl-99ad9353-596e-44f9-b4ca-7c7cdd5df1c6/datanode-5/data/ratis/bb85bd54-8e6c-4c74-a99a-0eddd6544644: created new log segment /workdir/hadoop-ozone/integration-test/target/test-dir/MiniOzoneClusterImpl-99ad9353-596e-44f9-b4ca-7c7cdd5df1c6/datanode-5/data/ratis/bb85bd54-8e6c-4c74-a99a-0eddd6544644/current/log_inprogress_0
2019-08-29 01:06:52,679 [Thread-2117] INFO  impl.RaftServerImpl (RaftServerImpl.java:setRole(171)) - bbb59881-2c2e-4c46-bee0-3cc6903f36c9:group-FE4873CD53BC changes role from FOLLOWER to CANDIDATE at term 0 for changeToCandidate
2019-08-29 01:06:52,678 [809d6ad1-22d0-4b8b-b559-8565831e1fa5:group-1B04F57A575E:LeaderElection58] INFO  server.RaftServerConfigKeys (ConfUtils.java:logGet(43)) - raft.server.watch.element-limit = 65536 (default)
2019-08-29 01:06:52,679 [Thread-2117] INFO  impl.RoleInfo (RoleInfo.java:updateAndGet(143)) - bbb59881-2c2e-4c46-bee0-3cc6903f36c9: start LeaderElection
2019-08-29 01:06:52,679 [809d6ad1-22d0-4b8b-b559-8565831e1fa5:group-1B04F57A575E:LeaderElection58] INFO  impl.RoleInfo (RoleInfo.java:updateAndGet(143)) - 809d6ad1-22d0-4b8b-b559-8565831e1fa5: start LeaderState
2019-08-29 01:06:52,682 [809d6ad1-22d0-4b8b-b559-8565831e1fa5:group-1B04F57A575E:LeaderElection58] INFO  segmented.SegmentedRaftLogWorker (SegmentedRaftLogWorker.java:startLogSegment(380)) - 809d6ad1-22d0-4b8b-b559-8565831e1fa5-SegmentedRaftLogWorker:Storage Directory /workdir/hadoop-ozone/integration-test/target/test-dir/MiniOzoneClusterImpl-99ad9353-596e-44f9-b4ca-7c7cdd5df1c6/datanode-6/data/ratis/9e60294c-e368-41ad-918a-1b04f57a575e: Starting segment from index:0
2019-08-29 01:06:52,685 [Thread-2103] INFO  impl.FollowerState (FollowerState.java:run(106)) - 85caa6cf-c7c6-4192-8a58-74ecec5901dd:group-78ADE6B227B7 changes to CANDIDATE, lastRpcTime:5155, electionTimeout:5153ms
2019-08-29 01:06:52,702 [Thread-2111] INFO  impl.FollowerState (FollowerState.java:run(106)) - 5bffe5a2-2514-4bb7-aae2-99060e6d380e:group-FE4873CD53BC changes to CANDIDATE, lastRpcTime:5060, electionTimeout:5049ms
2019-08-29 01:06:52,702 [Thread-2111] INFO  impl.RoleInfo (RoleInfo.java:shutdownFollowerState(121)) - 5bffe5a2-2514-4bb7-aae2-99060e6d380e: shutdown FollowerState
2019-08-29 01:06:52,702 [bbb59881-2c2e-4c46-bee0-3cc6903f36c9-SegmentedRaftLogWorker:Storage Directory /workdir/hadoop-ozone/integration-test/target/test-dir/MiniOzoneClusterImpl-99ad9353-596e-44f9-b4ca-7c7cdd5df1c6/datanode-4/data/ratis/ca472929-7d89-4ced-84c5-ab1544153092] INFO  segmented.SegmentedRaftLogWorker (SegmentedRaftLogWorker.java:execute(569)) - bbb59881-2c2e-4c46-bee0-3cc6903f36c9-SegmentedRaftLogWorker:Storage Directory /workdir/hadoop-ozone/integration-test/target/test-dir/MiniOzoneClusterImpl-99ad9353-596e-44f9-b4ca-7c7cdd5df1c6/datanode-4/data/ratis/ca472929-7d89-4ced-84c5-ab1544153092: created new log segment /workdir/hadoop-ozone/integration-test/target/test-dir/MiniOzoneClusterImpl-99ad9353-596e-44f9-b4ca-7c7cdd5df1c6/datanode-4/data/ratis/ca472929-7d89-4ced-84c5-ab1544153092/current/log_inprogress_0
2019-08-29 01:06:52,701 [Thread-2105] INFO  impl.FollowerState (FollowerState.java:run(106)) - 5ad5097d-a979-4d10-9f70-6acf19577cdd:group-78ADE6B227B7 changes to CANDIDATE, lastRpcTime:5156, electionTimeout:5147ms
2019-08-29 01:06:52,703 [809d6ad1-22d0-4b8b-b559-8565831e1fa5:group-1B04F57A575E:LeaderElection58] INFO  impl.RaftServerImpl (ServerState.java:setRaftConf(361)) - 809d6ad1-22d0-4b8b-b559-8565831e1fa5:group-1B04F57A575E set configuration 0: [809d6ad1-22d0-4b8b-b559-8565831e1fa5:192.168.69.96:44965], old=null at 0
2019-08-29 01:06:52,702 [Thread-2111] INFO  impl.RaftServerImpl (RaftServerImpl.java:setRole(171)) - 5bffe5a2-2514-4bb7-aae2-99060e6d380e:group-FE4873CD53BC changes role from FOLLOWER to CANDIDATE at term 0 for changeToCandidate
2019-08-29 01:06:52,702 [Thread-2103] INFO  impl.RoleInfo (RoleInfo.java:shutdownFollowerState(121)) - 85caa6cf-c7c6-4192-8a58-74ecec5901dd: shutdown FollowerState
2019-08-29 01:06:52,744 [Thread-2103] INFO  impl.RaftServerImpl (RaftServerImpl.java:setRole(171)) - 85caa6cf-c7c6-4192-8a58-74ecec5901dd:group-78ADE6B227B7 changes role from FOLLOWER to CANDIDATE at term 0 for changeToCandidate
2019-08-29 01:06:52,744 [Thread-2111] INFO  impl.RoleInfo (RoleInfo.java:updateAndGet(143)) - 5bffe5a2-2514-4bb7-aae2-99060e6d380e: start LeaderElection
2019-08-29 01:06:52,744 [bbb59881-2c2e-4c46-bee0-3cc6903f36c9:group-FE4873CD53BC:LeaderElection59] INFO  impl.LeaderElection (LeaderElection.java:askForVotes(181)) - bbb59881-2c2e-4c46-bee0-3cc6903f36c9:group-FE4873CD53BC:LeaderElection59: begin an election at term 1 for -1: [41e348e0-7cd9-472f-af3f-c5b5cc4c1cbe:192.168.69.96:40856, bbb59881-2c2e-4c46-bee0-3cc6903f36c9:192.168.69.96:34724, 5bffe5a2-2514-4bb7-aae2-99060e6d380e:192.168.69.96:36091], old=null
2019-08-29 01:06:52,744 [Thread-2114] INFO  impl.FollowerState (FollowerState.java:run(106)) - 41e348e0-7cd9-472f-af3f-c5b5cc4c1cbe:group-FE4873CD53BC changes to CANDIDATE, lastRpcTime:5101, electionTimeout:5100ms
2019-08-29 01:06:52,748 [Thread-2114] INFO  impl.RoleInfo (RoleInfo.java:shutdownFollowerState(121)) - 41e348e0-7cd9-472f-af3f-c5b5cc4c1cbe: shutdown FollowerState
2019-08-29 01:06:52,744 [Thread-2107] INFO  impl.FollowerState (FollowerState.java:run(106)) - 809d6ad1-22d0-4b8b-b559-8565831e1fa5:group-78ADE6B227B7 changes to CANDIDATE, lastRpcTime:5189, electionTimeout:5173ms
2019-08-29 01:06:52,751 [Thread-2107] INFO  impl.RoleInfo (RoleInfo.java:shutdownFollowerState(121)) - 809d6ad1-22d0-4b8b-b559-8565831e1fa5: shutdown FollowerState
2019-08-29 01:06:52,703 [Thread-2105] INFO  impl.RoleInfo (RoleInfo.java:shutdownFollowerState(121)) - 5ad5097d-a979-4d10-9f70-6acf19577cdd: shutdown FollowerState
2019-08-29 01:06:52,751 [Thread-2107] INFO  impl.RaftServerImpl (RaftServerImpl.java:setRole(171)) - 809d6ad1-22d0-4b8b-b559-8565831e1fa5:group-78ADE6B227B7 changes role from FOLLOWER to CANDIDATE at term 0 for changeToCandidate
2019-08-29 01:06:52,748 [Thread-2114] INFO  impl.RaftServerImpl (RaftServerImpl.java:setRole(171)) - 41e348e0-7cd9-472f-af3f-c5b5cc4c1cbe:group-FE4873CD53BC changes role from FOLLOWER to CANDIDATE at term 0 for changeToCandidate
2019-08-29 01:06:52,745 [Thread-2103] INFO  impl.RoleInfo (RoleInfo.java:updateAndGet(143)) - 85caa6cf-c7c6-4192-8a58-74ecec5901dd: start LeaderElection
2019-08-29 01:06:52,751 [Thread-2114] INFO  impl.RoleInfo (RoleInfo.java:updateAndGet(143)) - 41e348e0-7cd9-472f-af3f-c5b5cc4c1cbe: start LeaderElection
2019-08-29 01:06:52,751 [Thread-2107] INFO  impl.RoleInfo (RoleInfo.java:updateAndGet(143)) - 809d6ad1-22d0-4b8b-b559-8565831e1fa5: start LeaderElection
2019-08-29 01:06:52,751 [Thread-2105] INFO  impl.RaftServerImpl (RaftServerImpl.java:setRole(171)) - 5ad5097d-a979-4d10-9f70-6acf19577cdd:group-78ADE6B227B7 changes role from FOLLOWER to CANDIDATE at term 0 for changeToCandidate
2019-08-29 01:06:52,755 [Thread-2105] INFO  impl.RoleInfo (RoleInfo.java:updateAndGet(143)) - 5ad5097d-a979-4d10-9f70-6acf19577cdd: start LeaderElection
2019-08-29 01:06:52,758 [809d6ad1-22d0-4b8b-b559-8565831e1fa5-SegmentedRaftLogWorker:Storage Directory /workdir/hadoop-ozone/integration-test/target/test-dir/MiniOzoneClusterImpl-99ad9353-596e-44f9-b4ca-7c7cdd5df1c6/datanode-6/data/ratis/9e60294c-e368-41ad-918a-1b04f57a575e] INFO  segmented.SegmentedRaftLogWorker (SegmentedRaftLogWorker.java:execute(569)) - 809d6ad1-22d0-4b8b-b559-8565831e1fa5-SegmentedRaftLogWorker:Storage Directory /workdir/hadoop-ozone/integration-test/target/test-dir/MiniOzoneClusterImpl-99ad9353-596e-44f9-b4ca-7c7cdd5df1c6/datanode-6/data/ratis/9e60294c-e368-41ad-918a-1b04f57a575e: created new log segment /workdir/hadoop-ozone/integration-test/target/test-dir/MiniOzoneClusterImpl-99ad9353-596e-44f9-b4ca-7c7cdd5df1c6/datanode-6/data/ratis/9e60294c-e368-41ad-918a-1b04f57a575e/current/log_inprogress_0
2019-08-29 01:06:52,758 [5bffe5a2-2514-4bb7-aae2-99060e6d380e:group-FE4873CD53BC:LeaderElection60] INFO  impl.LeaderElection (LeaderElection.java:askForVotes(181)) - 5bffe5a2-2514-4bb7-aae2-99060e6d380e:group-FE4873CD53BC:LeaderElection60: begin an election at term 1 for -1: [41e348e0-7cd9-472f-af3f-c5b5cc4c1cbe:192.168.69.96:40856, bbb59881-2c2e-4c46-bee0-3cc6903f36c9:192.168.69.96:34724, 5bffe5a2-2514-4bb7-aae2-99060e6d380e:192.168.69.96:36091], old=null
2019-08-29 01:06:52,831 [5ad5097d-a979-4d10-9f70-6acf19577cdd:group-78ADE6B227B7:LeaderElection64] INFO  impl.LeaderElection (LeaderElection.java:askForVotes(181)) - 5ad5097d-a979-4d10-9f70-6acf19577cdd:group-78ADE6B227B7:LeaderElection64: begin an election at term 1 for -1: [809d6ad1-22d0-4b8b-b559-8565831e1fa5:192.168.69.96:44965, 85caa6cf-c7c6-4192-8a58-74ecec5901dd:192.168.69.96:45624, 5ad5097d-a979-4d10-9f70-6acf19577cdd:192.168.69.96:33544], old=null
2019-08-29 01:06:52,831 [809d6ad1-22d0-4b8b-b559-8565831e1fa5:group-78ADE6B227B7:LeaderElection62] INFO  impl.LeaderElection (LeaderElection.java:askForVotes(181)) - 809d6ad1-22d0-4b8b-b559-8565831e1fa5:group-78ADE6B227B7:LeaderElection62: begin an election at term 1 for -1: [809d6ad1-22d0-4b8b-b559-8565831e1fa5:192.168.69.96:44965, 85caa6cf-c7c6-4192-8a58-74ecec5901dd:192.168.69.96:45624, 5ad5097d-a979-4d10-9f70-6acf19577cdd:192.168.69.96:33544], old=null
2019-08-29 01:06:52,831 [41e348e0-7cd9-472f-af3f-c5b5cc4c1cbe:group-FE4873CD53BC:LeaderElection63] INFO  impl.LeaderElection (LeaderElection.java:askForVotes(181)) - 41e348e0-7cd9-472f-af3f-c5b5cc4c1cbe:group-FE4873CD53BC:LeaderElection63: begin an election at term 1 for -1: [41e348e0-7cd9-472f-af3f-c5b5cc4c1cbe:192.168.69.96:40856, bbb59881-2c2e-4c46-bee0-3cc6903f36c9:192.168.69.96:34724, 5bffe5a2-2514-4bb7-aae2-99060e6d380e:192.168.69.96:36091], old=null
2019-08-29 01:06:52,831 [85caa6cf-c7c6-4192-8a58-74ecec5901dd:group-78ADE6B227B7:LeaderElection61] INFO  impl.LeaderElection (LeaderElection.java:askForVotes(181)) - 85caa6cf-c7c6-4192-8a58-74ecec5901dd:group-78ADE6B227B7:LeaderElection61: begin an election at term 1 for -1: [809d6ad1-22d0-4b8b-b559-8565831e1fa5:192.168.69.96:44965, 85caa6cf-c7c6-4192-8a58-74ecec5901dd:192.168.69.96:45624, 5ad5097d-a979-4d10-9f70-6acf19577cdd:192.168.69.96:33544], old=null
2019-08-29 01:06:52,839 [bbb59881-2c2e-4c46-bee0-3cc6903f36c9:group-FE4873CD53BC:LeaderElection59] INFO  impl.LeaderElection (LeaderElection.java:logAndReturn(56)) - bbb59881-2c2e-4c46-bee0-3cc6903f36c9:group-FE4873CD53BC:LeaderElection59: Election REJECTED; received 2 response(s) [bbb59881-2c2e-4c46-bee0-3cc6903f36c9<-41e348e0-7cd9-472f-af3f-c5b5cc4c1cbe#0:FAIL-t1, bbb59881-2c2e-4c46-bee0-3cc6903f36c9<-5bffe5a2-2514-4bb7-aae2-99060e6d380e#0:FAIL-t1] and 0 exception(s); bbb59881-2c2e-4c46-bee0-3cc6903f36c9:t1, leader=null, voted=bbb59881-2c2e-4c46-bee0-3cc6903f36c9, raftlog=bbb59881-2c2e-4c46-bee0-3cc6903f36c9-SegmentedRaftLog:OPENED:c-1,f-1,i0, conf=-1: [41e348e0-7cd9-472f-af3f-c5b5cc4c1cbe:192.168.69.96:40856, bbb59881-2c2e-4c46-bee0-3cc6903f36c9:192.168.69.96:34724, 5bffe5a2-2514-4bb7-aae2-99060e6d380e:192.168.69.96:36091], old=null
2019-08-29 01:06:52,839 [5bffe5a2-2514-4bb7-aae2-99060e6d380e:group-FE4873CD53BC:LeaderElection60] INFO  impl.LeaderElection (LeaderElection.java:logAndReturn(56)) - 5bffe5a2-2514-4bb7-aae2-99060e6d380e:group-FE4873CD53BC:LeaderElection60: Election REJECTED; received 2 response(s) [5bffe5a2-2514-4bb7-aae2-99060e6d380e<-41e348e0-7cd9-472f-af3f-c5b5cc4c1cbe#0:FAIL-t1, 5bffe5a2-2514-4bb7-aae2-99060e6d380e<-bbb59881-2c2e-4c46-bee0-3cc6903f36c9#0:FAIL-t1] and 0 exception(s); 5bffe5a2-2514-4bb7-aae2-99060e6d380e:t1, leader=null, voted=5bffe5a2-2514-4bb7-aae2-99060e6d380e, raftlog=5bffe5a2-2514-4bb7-aae2-99060e6d380e-SegmentedRaftLog:OPENED:c-1,f-1,i0, conf=-1: [41e348e0-7cd9-472f-af3f-c5b5cc4c1cbe:192.168.69.96:40856, bbb59881-2c2e-4c46-bee0-3cc6903f36c9:192.168.69.96:34724, 5bffe5a2-2514-4bb7-aae2-99060e6d380e:192.168.69.96:36091], old=null
2019-08-29 01:06:52,840 [5bffe5a2-2514-4bb7-aae2-99060e6d380e:group-FE4873CD53BC:LeaderElection60] INFO  impl.RaftServerImpl (RaftServerImpl.java:setRole(171)) - 5bffe5a2-2514-4bb7-aae2-99060e6d380e:group-FE4873CD53BC changes role from CANDIDATE to FOLLOWER at term 1 for DISCOVERED_A_NEW_TERM
2019-08-29 01:06:52,840 [5bffe5a2-2514-4bb7-aae2-99060e6d380e:group-FE4873CD53BC:LeaderElection60] INFO  impl.RoleInfo (RoleInfo.java:shutdownLeaderElection(134)) - 5bffe5a2-2514-4bb7-aae2-99060e6d380e: shutdown LeaderElection
2019-08-29 01:06:52,840 [bbb59881-2c2e-4c46-bee0-3cc6903f36c9:group-FE4873CD53BC:LeaderElection59] INFO  impl.RaftServerImpl (RaftServerImpl.java:setRole(171)) - bbb59881-2c2e-4c46-bee0-3cc6903f36c9:group-FE4873CD53BC changes role from CANDIDATE to FOLLOWER at term 1 for DISCOVERED_A_NEW_TERM
2019-08-29 01:06:52,841 [5bffe5a2-2514-4bb7-aae2-99060e6d380e:group-FE4873CD53BC:LeaderElection60] INFO  impl.RoleInfo (RoleInfo.java:updateAndGet(143)) - 5bffe5a2-2514-4bb7-aae2-99060e6d380e: start FollowerState
2019-08-29 01:06:52,841 [bbb59881-2c2e-4c46-bee0-3cc6903f36c9:group-FE4873CD53BC:LeaderElection59] INFO  impl.RoleInfo (RoleInfo.java:shutdownLeaderElection(134)) - bbb59881-2c2e-4c46-bee0-3cc6903f36c9: shutdown LeaderElection
2019-08-29 01:06:52,841 [bbb59881-2c2e-4c46-bee0-3cc6903f36c9:group-FE4873CD53BC:LeaderElection59] INFO  impl.RoleInfo (RoleInfo.java:updateAndGet(143)) - bbb59881-2c2e-4c46-bee0-3cc6903f36c9: start FollowerState
2019-08-29 01:06:52,895 [809d6ad1-22d0-4b8b-b559-8565831e1fa5:group-78ADE6B227B7:LeaderElection62] INFO  impl.LeaderElection (LeaderElection.java:logAndReturn(56)) - 809d6ad1-22d0-4b8b-b559-8565831e1fa5:group-78ADE6B227B7:LeaderElection62: Election REJECTED; received 2 response(s) [809d6ad1-22d0-4b8b-b559-8565831e1fa5<-85caa6cf-c7c6-4192-8a58-74ecec5901dd#0:FAIL-t1, 809d6ad1-22d0-4b8b-b559-8565831e1fa5<-5ad5097d-a979-4d10-9f70-6acf19577cdd#0:FAIL-t1] and 0 exception(s); 809d6ad1-22d0-4b8b-b559-8565831e1fa5:t1, leader=null, voted=809d6ad1-22d0-4b8b-b559-8565831e1fa5, raftlog=809d6ad1-22d0-4b8b-b559-8565831e1fa5-SegmentedRaftLog:OPENED:c-1,f-1,i0, conf=-1: [809d6ad1-22d0-4b8b-b559-8565831e1fa5:192.168.69.96:44965, 85caa6cf-c7c6-4192-8a58-74ecec5901dd:192.168.69.96:45624, 5ad5097d-a979-4d10-9f70-6acf19577cdd:192.168.69.96:33544], old=null
2019-08-29 01:06:52,895 [5ad5097d-a979-4d10-9f70-6acf19577cdd:group-78ADE6B227B7:LeaderElection64] INFO  impl.LeaderElection (LeaderElection.java:logAndReturn(56)) - 5ad5097d-a979-4d10-9f70-6acf19577cdd:group-78ADE6B227B7:LeaderElection64: Election REJECTED; received 2 response(s) [5ad5097d-a979-4d10-9f70-6acf19577cdd<-809d6ad1-22d0-4b8b-b559-8565831e1fa5#0:FAIL-t1, 5ad5097d-a979-4d10-9f70-6acf19577cdd<-85caa6cf-c7c6-4192-8a58-74ecec5901dd#0:FAIL-t1] and 0 exception(s); 5ad5097d-a979-4d10-9f70-6acf19577cdd:t1, leader=null, voted=5ad5097d-a979-4d10-9f70-6acf19577cdd, raftlog=5ad5097d-a979-4d10-9f70-6acf19577cdd-SegmentedRaftLog:OPENED:c-1,f-1,i0, conf=-1: [809d6ad1-22d0-4b8b-b559-8565831e1fa5:192.168.69.96:44965, 85caa6cf-c7c6-4192-8a58-74ecec5901dd:192.168.69.96:45624, 5ad5097d-a979-4d10-9f70-6acf19577cdd:192.168.69.96:33544], old=null
2019-08-29 01:06:52,898 [809d6ad1-22d0-4b8b-b559-8565831e1fa5:group-78ADE6B227B7:LeaderElection62] INFO  impl.RaftServerImpl (RaftServerImpl.java:setRole(171)) - 809d6ad1-22d0-4b8b-b559-8565831e1fa5:group-78ADE6B227B7 changes role from CANDIDATE to FOLLOWER at term 1 for DISCOVERED_A_NEW_TERM
2019-08-29 01:06:52,898 [85caa6cf-c7c6-4192-8a58-74ecec5901dd:group-78ADE6B227B7:LeaderElection61] INFO  impl.LeaderElection (LeaderElection.java:logAndReturn(56)) - 85caa6cf-c7c6-4192-8a58-74ecec5901dd:group-78ADE6B227B7:LeaderElection61: Election REJECTED; received 2 response(s) [85caa6cf-c7c6-4192-8a58-74ecec5901dd<-809d6ad1-22d0-4b8b-b559-8565831e1fa5#0:FAIL-t1, 85caa6cf-c7c6-4192-8a58-74ecec5901dd<-5ad5097d-a979-4d10-9f70-6acf19577cdd#0:FAIL-t1] and 0 exception(s); 85caa6cf-c7c6-4192-8a58-74ecec5901dd:t1, leader=null, voted=85caa6cf-c7c6-4192-8a58-74ecec5901dd, raftlog=85caa6cf-c7c6-4192-8a58-74ecec5901dd-SegmentedRaftLog:OPENED:c-1,f-1,i0, conf=-1: [809d6ad1-22d0-4b8b-b559-8565831e1fa5:192.168.69.96:44965, 85caa6cf-c7c6-4192-8a58-74ecec5901dd:192.168.69.96:45624, 5ad5097d-a979-4d10-9f70-6acf19577cdd:192.168.69.96:33544], old=null
2019-08-29 01:06:52,898 [41e348e0-7cd9-472f-af3f-c5b5cc4c1cbe:group-FE4873CD53BC:LeaderElection63] INFO  impl.LeaderElection (LeaderElection.java:logAndReturn(56)) - 41e348e0-7cd9-472f-af3f-c5b5cc4c1cbe:group-FE4873CD53BC:LeaderElection63: Election REJECTED; received 2 response(s) [41e348e0-7cd9-472f-af3f-c5b5cc4c1cbe<-bbb59881-2c2e-4c46-bee0-3cc6903f36c9#0:FAIL-t1, 41e348e0-7cd9-472f-af3f-c5b5cc4c1cbe<-5bffe5a2-2514-4bb7-aae2-99060e6d380e#0:FAIL-t1] and 0 exception(s); 41e348e0-7cd9-472f-af3f-c5b5cc4c1cbe:t1, leader=null, voted=41e348e0-7cd9-472f-af3f-c5b5cc4c1cbe, raftlog=41e348e0-7cd9-472f-af3f-c5b5cc4c1cbe-SegmentedRaftLog:OPENED:c-1,f-1,i0, conf=-1: [41e348e0-7cd9-472f-af3f-c5b5cc4c1cbe:192.168.69.96:40856, bbb59881-2c2e-4c46-bee0-3cc6903f36c9:192.168.69.96:34724, 5bffe5a2-2514-4bb7-aae2-99060e6d380e:192.168.69.96:36091], old=null
2019-08-29 01:06:52,898 [809d6ad1-22d0-4b8b-b559-8565831e1fa5:group-78ADE6B227B7:LeaderElection62] INFO  impl.RoleInfo (RoleInfo.java:shutdownLeaderElection(134)) - 809d6ad1-22d0-4b8b-b559-8565831e1fa5: shutdown LeaderElection
2019-08-29 01:06:52,898 [5ad5097d-a979-4d10-9f70-6acf19577cdd:group-78ADE6B227B7:LeaderElection64] INFO  impl.RaftServerImpl (RaftServerImpl.java:setRole(171)) - 5ad5097d-a979-4d10-9f70-6acf19577cdd:group-78ADE6B227B7 changes role from CANDIDATE to FOLLOWER at term 1 for DISCOVERED_A_NEW_TERM
2019-08-29 01:06:52,899 [809d6ad1-22d0-4b8b-b559-8565831e1fa5:group-78ADE6B227B7:LeaderElection62] INFO  impl.RoleInfo (RoleInfo.java:updateAndGet(143)) - 809d6ad1-22d0-4b8b-b559-8565831e1fa5: start FollowerState
2019-08-29 01:06:52,899 [41e348e0-7cd9-472f-af3f-c5b5cc4c1cbe:group-FE4873CD53BC:LeaderElection63] INFO  impl.RaftServerImpl (RaftServerImpl.java:setRole(171)) - 41e348e0-7cd9-472f-af3f-c5b5cc4c1cbe:group-FE4873CD53BC changes role from CANDIDATE to FOLLOWER at term 1 for DISCOVERED_A_NEW_TERM
2019-08-29 01:06:52,899 [41e348e0-7cd9-472f-af3f-c5b5cc4c1cbe:group-FE4873CD53BC:LeaderElection63] INFO  impl.RoleInfo (RoleInfo.java:shutdownLeaderElection(134)) - 41e348e0-7cd9-472f-af3f-c5b5cc4c1cbe: shutdown LeaderElection
2019-08-29 01:06:52,899 [85caa6cf-c7c6-4192-8a58-74ecec5901dd:group-78ADE6B227B7:LeaderElection61] INFO  impl.RaftServerImpl (RaftServerImpl.java:setRole(171)) - 85caa6cf-c7c6-4192-8a58-74ecec5901dd:group-78ADE6B227B7 changes role from CANDIDATE to FOLLOWER at term 1 for DISCOVERED_A_NEW_TERM
2019-08-29 01:06:52,900 [41e348e0-7cd9-472f-af3f-c5b5cc4c1cbe:group-FE4873CD53BC:LeaderElection63] INFO  impl.RoleInfo (RoleInfo.java:updateAndGet(143)) - 41e348e0-7cd9-472f-af3f-c5b5cc4c1cbe: start FollowerState
2019-08-29 01:06:52,899 [5ad5097d-a979-4d10-9f70-6acf19577cdd:group-78ADE6B227B7:LeaderElection64] INFO  impl.RoleInfo (RoleInfo.java:shutdownLeaderElection(134)) - 5ad5097d-a979-4d10-9f70-6acf19577cdd: shutdown LeaderElection
2019-08-29 01:06:52,900 [85caa6cf-c7c6-4192-8a58-74ecec5901dd:group-78ADE6B227B7:LeaderElection61] INFO  impl.RoleInfo (RoleInfo.java:shutdownLeaderElection(134)) - 85caa6cf-c7c6-4192-8a58-74ecec5901dd: shutdown LeaderElection
2019-08-29 01:06:52,900 [5ad5097d-a979-4d10-9f70-6acf19577cdd:group-78ADE6B227B7:LeaderElection64] INFO  impl.RoleInfo (RoleInfo.java:updateAndGet(143)) - 5ad5097d-a979-4d10-9f70-6acf19577cdd: start FollowerState
2019-08-29 01:06:52,900 [85caa6cf-c7c6-4192-8a58-74ecec5901dd:group-78ADE6B227B7:LeaderElection61] INFO  impl.RoleInfo (RoleInfo.java:updateAndGet(143)) - 85caa6cf-c7c6-4192-8a58-74ecec5901dd: start FollowerState
2019-08-29 01:06:53,005 | INFO  | SCMAudit | user=jenkins1000 | ip=192.168.69.96 | op=SEND_HEARTBEAT {datanodeUUID=5bffe5a2-2514-4bb7-aae2-99060e6d380e, command=[]} | ret=SUCCESS |  
2019-08-29 01:06:53,083 | INFO  | SCMAudit | user=jenkins1000 | ip=192.168.69.96 | op=SEND_HEARTBEAT {datanodeUUID=877941a7-1654-45c7-a491-219e5331d01c, command=[]} | ret=SUCCESS |  
2019-08-29 01:06:53,163 | INFO  | SCMAudit | user=jenkins1000 | ip=192.168.69.96 | op=SEND_HEARTBEAT {datanodeUUID=41e348e0-7cd9-472f-af3f-c5b5cc4c1cbe, command=[]} | ret=SUCCESS |  
2019-08-29 01:06:53,227 | INFO  | SCMAudit | user=jenkins1000 | ip=192.168.69.96 | op=SEND_HEARTBEAT {datanodeUUID=5ad5097d-a979-4d10-9f70-6acf19577cdd, command=[]} | ret=SUCCESS |  
2019-08-29 01:06:53,290 | INFO  | SCMAudit | user=jenkins1000 | ip=192.168.69.96 | op=SEND_HEARTBEAT {datanodeUUID=bbb59881-2c2e-4c46-bee0-3cc6903f36c9, command=[]} | ret=SUCCESS |  
2019-08-29 01:06:53,352 | INFO  | SCMAudit | user=jenkins1000 | ip=192.168.69.96 | op=SEND_HEARTBEAT {datanodeUUID=85caa6cf-c7c6-4192-8a58-74ecec5901dd, command=[]} | ret=SUCCESS |  
2019-08-29 01:06:53,416 | INFO  | SCMAudit | user=jenkins1000 | ip=192.168.69.96 | op=SEND_HEARTBEAT {datanodeUUID=809d6ad1-22d0-4b8b-b559-8565831e1fa5, command=[]} | ret=SUCCESS |  
2019-08-29 01:06:53,592 [grpc-default-executor-7] INFO  client.GrpcClientProtocolClient (GrpcClientProtocolClient.java:onNext(255)) - client-54C976773C82->5ad5097d-a979-4d10-9f70-6acf19577cdd: receive RaftClientReply:client-54C976773C82->5ad5097d-a979-4d10-9f70-6acf19577cdd@group-78ADE6B227B7, cid=81, FAILED org.apache.ratis.protocol.NotLeaderException: Server 5ad5097d-a979-4d10-9f70-6acf19577cdd is not the leader (null). Request must be sent to leader., logIndex=0, commits[5ad5097d-a979-4d10-9f70-6acf19577cdd:c-1]
2019-08-29 01:06:54,005 | INFO  | SCMAudit | user=jenkins1000 | ip=192.168.69.96 | op=SEND_HEARTBEAT {datanodeUUID=5bffe5a2-2514-4bb7-aae2-99060e6d380e, command=[]} | ret=SUCCESS |  
2019-08-29 01:06:54,084 | INFO  | SCMAudit | user=jenkins1000 | ip=192.168.69.96 | op=SEND_HEARTBEAT {datanodeUUID=877941a7-1654-45c7-a491-219e5331d01c, command=[]} | ret=SUCCESS |  
2019-08-29 01:06:54,164 | INFO  | SCMAudit | user=jenkins1000 | ip=192.168.69.96 | op=SEND_HEARTBEAT {datanodeUUID=41e348e0-7cd9-472f-af3f-c5b5cc4c1cbe, command=[]} | ret=SUCCESS |  
2019-08-29 01:06:54,228 | INFO  | SCMAudit | user=jenkins1000 | ip=192.168.69.96 | op=SEND_HEARTBEAT {datanodeUUID=5ad5097d-a979-4d10-9f70-6acf19577cdd, command=[]} | ret=SUCCESS |  
2019-08-29 01:06:54,289 | INFO  | SCMAudit | user=jenkins1000 | ip=192.168.69.96 | op=SEND_HEARTBEAT {datanodeUUID=bbb59881-2c2e-4c46-bee0-3cc6903f36c9, command=[]} | ret=SUCCESS |  
2019-08-29 01:06:54,353 | INFO  | SCMAudit | user=jenkins1000 | ip=192.168.69.96 | op=SEND_HEARTBEAT {datanodeUUID=85caa6cf-c7c6-4192-8a58-74ecec5901dd, command=[]} | ret=SUCCESS |  
2019-08-29 01:06:54,416 | INFO  | SCMAudit | user=jenkins1000 | ip=192.168.69.96 | op=SEND_HEARTBEAT {datanodeUUID=809d6ad1-22d0-4b8b-b559-8565831e1fa5, command=[]} | ret=SUCCESS |  
2019-08-29 01:06:54,606 [grpc-default-executor-0] INFO  client.GrpcClientProtocolClient (GrpcClientProtocolClient.java:onNext(255)) - client-54C976773C82->85caa6cf-c7c6-4192-8a58-74ecec5901dd: receive RaftClientReply:client-54C976773C82->85caa6cf-c7c6-4192-8a58-74ecec5901dd@group-78ADE6B227B7, cid=81, FAILED org.apache.ratis.protocol.NotLeaderException: Server 85caa6cf-c7c6-4192-8a58-74ecec5901dd is not the leader (null). Request must be sent to leader., logIndex=0, commits[85caa6cf-c7c6-4192-8a58-74ecec5901dd:c-1]
2019-08-29 01:06:55,005 | INFO  | SCMAudit | user=jenkins1000 | ip=192.168.69.96 | op=SEND_HEARTBEAT {datanodeUUID=5bffe5a2-2514-4bb7-aae2-99060e6d380e, command=[]} | ret=SUCCESS |  
2019-08-29 01:06:55,084 | INFO  | SCMAudit | user=jenkins1000 | ip=192.168.69.96 | op=SEND_HEARTBEAT {datanodeUUID=877941a7-1654-45c7-a491-219e5331d01c, command=[]} | ret=SUCCESS |  
2019-08-29 01:06:55,164 | INFO  | SCMAudit | user=jenkins1000 | ip=192.168.69.96 | op=SEND_HEARTBEAT {datanodeUUID=41e348e0-7cd9-472f-af3f-c5b5cc4c1cbe, command=[]} | ret=SUCCESS |  
2019-08-29 01:06:55,227 | INFO  | SCMAudit | user=jenkins1000 | ip=192.168.69.96 | op=SEND_HEARTBEAT {datanodeUUID=5ad5097d-a979-4d10-9f70-6acf19577cdd, command=[]} | ret=SUCCESS |  
2019-08-29 01:06:55,289 | INFO  | SCMAudit | user=jenkins1000 | ip=192.168.69.96 | op=SEND_HEARTBEAT {datanodeUUID=bbb59881-2c2e-4c46-bee0-3cc6903f36c9, command=[]} | ret=SUCCESS |  
2019-08-29 01:06:55,353 | INFO  | SCMAudit | user=jenkins1000 | ip=192.168.69.96 | op=SEND_HEARTBEAT {datanodeUUID=85caa6cf-c7c6-4192-8a58-74ecec5901dd, command=[]} | ret=SUCCESS |  
2019-08-29 01:06:55,416 | INFO  | SCMAudit | user=jenkins1000 | ip=192.168.69.96 | op=SEND_HEARTBEAT {datanodeUUID=809d6ad1-22d0-4b8b-b559-8565831e1fa5, command=[]} | ret=SUCCESS |  
2019-08-29 01:06:55,623 [grpc-default-executor-7] INFO  client.GrpcClientProtocolClient (GrpcClientProtocolClient.java:onNext(255)) - client-54C976773C82->5ad5097d-a979-4d10-9f70-6acf19577cdd: receive RaftClientReply:client-54C976773C82->5ad5097d-a979-4d10-9f70-6acf19577cdd@group-78ADE6B227B7, cid=81, FAILED org.apache.ratis.protocol.NotLeaderException: Server 5ad5097d-a979-4d10-9f70-6acf19577cdd is not the leader (null). Request must be sent to leader., logIndex=0, commits[5ad5097d-a979-4d10-9f70-6acf19577cdd:c-1]
2019-08-29 01:06:56,006 | INFO  | SCMAudit | user=jenkins1000 | ip=192.168.69.96 | op=SEND_HEARTBEAT {datanodeUUID=5bffe5a2-2514-4bb7-aae2-99060e6d380e, command=[]} | ret=SUCCESS |  
2019-08-29 01:06:56,085 | INFO  | SCMAudit | user=jenkins1000 | ip=192.168.69.96 | op=SEND_HEARTBEAT {datanodeUUID=877941a7-1654-45c7-a491-219e5331d01c, command=[]} | ret=SUCCESS |  
2019-08-29 01:06:56,164 | INFO  | SCMAudit | user=jenkins1000 | ip=192.168.69.96 | op=SEND_HEARTBEAT {datanodeUUID=41e348e0-7cd9-472f-af3f-c5b5cc4c1cbe, command=[]} | ret=SUCCESS |  
2019-08-29 01:06:56,227 | INFO  | SCMAudit | user=jenkins1000 | ip=192.168.69.96 | op=SEND_HEARTBEAT {datanodeUUID=5ad5097d-a979-4d10-9f70-6acf19577cdd, command=[]} | ret=SUCCESS |  
2019-08-29 01:06:56,289 | INFO  | SCMAudit | user=jenkins1000 | ip=192.168.69.96 | op=SEND_HEARTBEAT {datanodeUUID=bbb59881-2c2e-4c46-bee0-3cc6903f36c9, command=[]} | ret=SUCCESS |  
2019-08-29 01:06:56,359 | INFO  | SCMAudit | user=jenkins1000 | ip=192.168.69.96 | op=SEND_HEARTBEAT {datanodeUUID=85caa6cf-c7c6-4192-8a58-74ecec5901dd, command=[]} | ret=SUCCESS |  
2019-08-29 01:06:56,416 | INFO  | SCMAudit | user=jenkins1000 | ip=192.168.69.96 | op=SEND_HEARTBEAT {datanodeUUID=809d6ad1-22d0-4b8b-b559-8565831e1fa5, command=[]} | ret=SUCCESS |  
2019-08-29 01:06:56,649 [grpc-default-executor-0] INFO  client.GrpcClientProtocolClient (GrpcClientProtocolClient.java:onNext(255)) - client-54C976773C82->85caa6cf-c7c6-4192-8a58-74ecec5901dd: receive RaftClientReply:client-54C976773C82->85caa6cf-c7c6-4192-8a58-74ecec5901dd@group-78ADE6B227B7, cid=81, FAILED org.apache.ratis.protocol.NotLeaderException: Server 85caa6cf-c7c6-4192-8a58-74ecec5901dd is not the leader (null). Request must be sent to leader., logIndex=0, commits[85caa6cf-c7c6-4192-8a58-74ecec5901dd:c-1]
2019-08-29 01:06:56,652 [grpc-default-executor-7] WARN  client.GrpcClientProtocolService (LogUtils.java:warn(134)) - 1-OrderedRequestStreamObserver1: onError: org.apache.ratis.thirdparty.io.grpc.StatusRuntimeException: CANCELLED: cancelled before receiving half close
2019-08-29 01:06:57,006 | INFO  | SCMAudit | user=jenkins1000 | ip=192.168.69.96 | op=SEND_HEARTBEAT {datanodeUUID=5bffe5a2-2514-4bb7-aae2-99060e6d380e, command=[]} | ret=SUCCESS |  
2019-08-29 01:06:57,085 | INFO  | SCMAudit | user=jenkins1000 | ip=192.168.69.96 | op=SEND_HEARTBEAT {datanodeUUID=877941a7-1654-45c7-a491-219e5331d01c, command=[]} | ret=SUCCESS |  
2019-08-29 01:06:57,164 | INFO  | SCMAudit | user=jenkins1000 | ip=192.168.69.96 | op=SEND_HEARTBEAT {datanodeUUID=41e348e0-7cd9-472f-af3f-c5b5cc4c1cbe, command=[]} | ret=SUCCESS |  
2019-08-29 01:06:57,227 | INFO  | SCMAudit | user=jenkins1000 | ip=192.168.69.96 | op=SEND_HEARTBEAT {datanodeUUID=5ad5097d-a979-4d10-9f70-6acf19577cdd, command=[]} | ret=SUCCESS |  
2019-08-29 01:06:57,289 | INFO  | SCMAudit | user=jenkins1000 | ip=192.168.69.96 | op=SEND_HEARTBEAT {datanodeUUID=bbb59881-2c2e-4c46-bee0-3cc6903f36c9, command=[]} | ret=SUCCESS |  
2019-08-29 01:06:57,353 | INFO  | SCMAudit | user=jenkins1000 | ip=192.168.69.96 | op=SEND_HEARTBEAT {datanodeUUID=85caa6cf-c7c6-4192-8a58-74ecec5901dd, command=[]} | ret=SUCCESS |  
2019-08-29 01:06:57,416 | INFO  | SCMAudit | user=jenkins1000 | ip=192.168.69.96 | op=SEND_HEARTBEAT {datanodeUUID=809d6ad1-22d0-4b8b-b559-8565831e1fa5, command=[]} | ret=SUCCESS |  
2019-08-29 01:06:57,665 [grpc-default-executor-7] INFO  client.GrpcClientProtocolClient (GrpcClientProtocolClient.java:onNext(255)) - client-54C976773C82->5ad5097d-a979-4d10-9f70-6acf19577cdd: receive RaftClientReply:client-54C976773C82->5ad5097d-a979-4d10-9f70-6acf19577cdd@group-78ADE6B227B7, cid=81, FAILED org.apache.ratis.protocol.NotLeaderException: Server 5ad5097d-a979-4d10-9f70-6acf19577cdd is not the leader (null). Request must be sent to leader., logIndex=0, commits[5ad5097d-a979-4d10-9f70-6acf19577cdd:c-1]
2019-08-29 01:06:57,846 [Thread-2169] INFO  impl.FollowerState (FollowerState.java:run(106)) - 5bffe5a2-2514-4bb7-aae2-99060e6d380e:group-FE4873CD53BC changes to CANDIDATE, lastRpcTime:5005, electionTimeout:5004ms
2019-08-29 01:06:57,846 [Thread-2169] INFO  impl.RoleInfo (RoleInfo.java:shutdownFollowerState(121)) - 5bffe5a2-2514-4bb7-aae2-99060e6d380e: shutdown FollowerState
2019-08-29 01:06:57,846 [Thread-2169] INFO  impl.RaftServerImpl (RaftServerImpl.java:setRole(171)) - 5bffe5a2-2514-4bb7-aae2-99060e6d380e:group-FE4873CD53BC changes role from FOLLOWER to CANDIDATE at term 1 for changeToCandidate
2019-08-29 01:06:57,846 [Thread-2169] INFO  impl.RoleInfo (RoleInfo.java:updateAndGet(143)) - 5bffe5a2-2514-4bb7-aae2-99060e6d380e: start LeaderElection
2019-08-29 01:06:57,882 [5bffe5a2-2514-4bb7-aae2-99060e6d380e:group-FE4873CD53BC:LeaderElection65] INFO  impl.LeaderElection (LeaderElection.java:askForVotes(181)) - 5bffe5a2-2514-4bb7-aae2-99060e6d380e:group-FE4873CD53BC:LeaderElection65: begin an election at term 2 for -1: [41e348e0-7cd9-472f-af3f-c5b5cc4c1cbe:192.168.69.96:40856, bbb59881-2c2e-4c46-bee0-3cc6903f36c9:192.168.69.96:34724, 5bffe5a2-2514-4bb7-aae2-99060e6d380e:192.168.69.96:36091], old=null
2019-08-29 01:06:57,888 [grpc-default-executor-0] INFO  impl.RaftServerImpl (RaftServerImpl.java:setRole(171)) - 41e348e0-7cd9-472f-af3f-c5b5cc4c1cbe:group-FE4873CD53BC changes role from FOLLOWER to FOLLOWER at term 2 for recognizeCandidate:5bffe5a2-2514-4bb7-aae2-99060e6d380e
2019-08-29 01:06:57,891 [grpc-default-executor-0] INFO  impl.RoleInfo (RoleInfo.java:shutdownFollowerState(121)) - 41e348e0-7cd9-472f-af3f-c5b5cc4c1cbe: shutdown FollowerState
2019-08-29 01:06:57,892 [grpc-default-executor-7] INFO  impl.RaftServerImpl (RaftServerImpl.java:setRole(171)) - bbb59881-2c2e-4c46-bee0-3cc6903f36c9:group-FE4873CD53BC changes role from FOLLOWER to FOLLOWER at term 2 for recognizeCandidate:5bffe5a2-2514-4bb7-aae2-99060e6d380e
2019-08-29 01:06:57,892 [grpc-default-executor-0] INFO  impl.RoleInfo (RoleInfo.java:updateAndGet(143)) - 41e348e0-7cd9-472f-af3f-c5b5cc4c1cbe: start FollowerState
2019-08-29 01:06:57,892 [Thread-2172] INFO  impl.FollowerState (FollowerState.java:run(114)) - 41e348e0-7cd9-472f-af3f-c5b5cc4c1cbe: FollowerState was interrupted: java.lang.InterruptedException: sleep interrupted
2019-08-29 01:06:57,892 [grpc-default-executor-7] INFO  impl.RoleInfo (RoleInfo.java:shutdownFollowerState(121)) - bbb59881-2c2e-4c46-bee0-3cc6903f36c9: shutdown FollowerState
2019-08-29 01:06:57,895 [grpc-default-executor-7] INFO  impl.RoleInfo (RoleInfo.java:updateAndGet(143)) - bbb59881-2c2e-4c46-bee0-3cc6903f36c9: start FollowerState
2019-08-29 01:06:57,896 [Thread-2170] INFO  impl.FollowerState (FollowerState.java:run(114)) - bbb59881-2c2e-4c46-bee0-3cc6903f36c9: FollowerState was interrupted: java.lang.InterruptedException: sleep interrupted
2019-08-29 01:06:57,913 [5bffe5a2-2514-4bb7-aae2-99060e6d380e:group-FE4873CD53BC:LeaderElection65] INFO  impl.LeaderElection (LeaderElection.java:logAndReturn(56)) - 5bffe5a2-2514-4bb7-aae2-99060e6d380e:group-FE4873CD53BC:LeaderElection65: Election PASSED; received 1 response(s) [5bffe5a2-2514-4bb7-aae2-99060e6d380e<-41e348e0-7cd9-472f-af3f-c5b5cc4c1cbe#0:OK-t2] and 0 exception(s); 5bffe5a2-2514-4bb7-aae2-99060e6d380e:t2, leader=null, voted=5bffe5a2-2514-4bb7-aae2-99060e6d380e, raftlog=5bffe5a2-2514-4bb7-aae2-99060e6d380e-SegmentedRaftLog:OPENED:c-1,f-1,i0, conf=-1: [41e348e0-7cd9-472f-af3f-c5b5cc4c1cbe:192.168.69.96:40856, bbb59881-2c2e-4c46-bee0-3cc6903f36c9:192.168.69.96:34724, 5bffe5a2-2514-4bb7-aae2-99060e6d380e:192.168.69.96:36091], old=null
2019-08-29 01:06:57,913 [5bffe5a2-2514-4bb7-aae2-99060e6d380e:group-FE4873CD53BC:LeaderElection65] INFO  impl.RoleInfo (RoleInfo.java:shutdownLeaderElection(134)) - 5bffe5a2-2514-4bb7-aae2-99060e6d380e: shutdown LeaderElection
2019-08-29 01:06:57,913 [5bffe5a2-2514-4bb7-aae2-99060e6d380e:group-FE4873CD53BC:LeaderElection65] INFO  impl.RaftServerImpl (RaftServerImpl.java:setRole(171)) - 5bffe5a2-2514-4bb7-aae2-99060e6d380e:group-FE4873CD53BC changes role from CANDIDATE to LEADER at term 2 for changeToLeader
2019-08-29 01:06:57,913 [5bffe5a2-2514-4bb7-aae2-99060e6d380e:group-FE4873CD53BC:LeaderElection65] INFO  impl.RaftServerImpl (ServerState.java:setLeader(263)) - 5bffe5a2-2514-4bb7-aae2-99060e6d380e:group-FE4873CD53BC change Leader from null to 5bffe5a2-2514-4bb7-aae2-99060e6d380e at term 2 for becomeLeader, leader elected after 10281ms
2019-08-29 01:06:57,914 [5bffe5a2-2514-4bb7-aae2-99060e6d380e:group-FE4873CD53BC:LeaderElection65] INFO  server.RaftServerConfigKeys (ConfUtils.java:logGet(43)) - raft.server.staging.catchup.gap = 1000 (default)
2019-08-29 01:06:57,914 [5bffe5a2-2514-4bb7-aae2-99060e6d380e:group-FE4873CD53BC:LeaderElection65] INFO  server.RaftServerConfigKeys (ConfUtils.java:logGet(43)) - raft.server.rpc.sleep.time = 25ms (default)
2019-08-29 01:06:57,914 [5bffe5a2-2514-4bb7-aae2-99060e6d380e:group-FE4873CD53BC:LeaderElection65] INFO  server.RaftServerConfigKeys (ConfUtils.java:logGet(43)) - raft.server.write.element-limit = 4096 (default)
2019-08-29 01:06:57,914 [5bffe5a2-2514-4bb7-aae2-99060e6d380e:group-FE4873CD53BC:LeaderElection65] INFO  server.RaftServerConfigKeys (ConfUtils.java:logGet(43)) - raft.server.watch.timeout = 10s (default)
2019-08-29 01:06:57,914 [5bffe5a2-2514-4bb7-aae2-99060e6d380e:group-FE4873CD53BC:LeaderElection65] INFO  server.RaftServerConfigKeys (ConfUtils.java:logGet(43)) - raft.server.watch.timeout.denomination = 1s (default)
2019-08-29 01:06:57,914 [5bffe5a2-2514-4bb7-aae2-99060e6d380e:group-FE4873CD53BC:LeaderElection65] INFO  server.RaftServerConfigKeys (ConfUtils.java:logGet(43)) - raft.server.watch.element-limit = 65536 (default)
2019-08-29 01:06:57,915 [5bffe5a2-2514-4bb7-aae2-99060e6d380e:group-FE4873CD53BC:LeaderElection65] INFO  server.RaftServerConfigKeys (ConfUtils.java:logGet(43)) - raft.server.log.appender.snapshot.chunk.size.max = 16MB (=16777216) (default)
2019-08-29 01:06:57,915 [5bffe5a2-2514-4bb7-aae2-99060e6d380e:group-FE4873CD53BC:LeaderElection65] INFO  server.RaftServerConfigKeys (ConfUtils.java:logGet(43)) - raft.server.log.appender.buffer.byte-limit = 33554432 (custom)
2019-08-29 01:06:57,915 [5bffe5a2-2514-4bb7-aae2-99060e6d380e:group-FE4873CD53BC:LeaderElection65] INFO  server.RaftServerConfigKeys (ConfUtils.java:logGet(43)) - raft.server.log.appender.buffer.element-limit = 1 (custom)
2019-08-29 01:06:57,916 [5bffe5a2-2514-4bb7-aae2-99060e6d380e:group-FE4873CD53BC:LeaderElection65] INFO  grpc.GrpcConfigKeys$Server (ConfUtils.java:logGet(43)) - raft.grpc.server.leader.outstanding.appends.max = 128 (default)
2019-08-29 01:06:57,916 [5bffe5a2-2514-4bb7-aae2-99060e6d380e:group-FE4873CD53BC:LeaderElection65] INFO  server.RaftServerConfigKeys (ConfUtils.java:logGet(43)) - raft.server.rpc.request.timeout = 3000ms (default)
2019-08-29 01:06:57,916 [5bffe5a2-2514-4bb7-aae2-99060e6d380e:group-FE4873CD53BC:LeaderElection65] INFO  server.RaftServerConfigKeys (ConfUtils.java:logGet(43)) - raft.server.log.appender.install.snapshot.enabled = false (custom)
2019-08-29 01:06:57,916 [Thread-2173] INFO  impl.FollowerState (FollowerState.java:run(106)) - 5ad5097d-a979-4d10-9f70-6acf19577cdd:group-78ADE6B227B7 changes to CANDIDATE, lastRpcTime:5015, electionTimeout:5015ms
2019-08-29 01:06:57,916 [5bffe5a2-2514-4bb7-aae2-99060e6d380e:group-FE4873CD53BC:LeaderElection65] INFO  server.RaftServerConfigKeys (ConfUtils.java:logGet(43)) - raft.server.log.appender.snapshot.chunk.size.max = 16MB (=16777216) (default)
2019-08-29 01:06:57,916 [Thread-2173] INFO  impl.RoleInfo (RoleInfo.java:shutdownFollowerState(121)) - 5ad5097d-a979-4d10-9f70-6acf19577cdd: shutdown FollowerState
2019-08-29 01:06:57,916 [5bffe5a2-2514-4bb7-aae2-99060e6d380e:group-FE4873CD53BC:LeaderElection65] INFO  server.RaftServerConfigKeys (ConfUtils.java:logGet(43)) - raft.server.log.appender.buffer.byte-limit = 33554432 (custom)
2019-08-29 01:06:57,917 [Thread-2173] INFO  impl.RaftServerImpl (RaftServerImpl.java:setRole(171)) - 5ad5097d-a979-4d10-9f70-6acf19577cdd:group-78ADE6B227B7 changes role from FOLLOWER to CANDIDATE at term 1 for changeToCandidate
2019-08-29 01:06:57,917 [5bffe5a2-2514-4bb7-aae2-99060e6d380e:group-FE4873CD53BC:LeaderElection65] INFO  server.RaftServerConfigKeys (ConfUtils.java:logGet(43)) - raft.server.log.appender.buffer.element-limit = 1 (custom)
2019-08-29 01:06:57,917 [Thread-2173] INFO  impl.RoleInfo (RoleInfo.java:updateAndGet(143)) - 5ad5097d-a979-4d10-9f70-6acf19577cdd: start LeaderElection
2019-08-29 01:06:57,917 [5bffe5a2-2514-4bb7-aae2-99060e6d380e:group-FE4873CD53BC:LeaderElection65] INFO  grpc.GrpcConfigKeys$Server (ConfUtils.java:logGet(43)) - raft.grpc.server.leader.outstanding.appends.max = 128 (default)
2019-08-29 01:06:57,917 [5bffe5a2-2514-4bb7-aae2-99060e6d380e:group-FE4873CD53BC:LeaderElection65] INFO  server.RaftServerConfigKeys (ConfUtils.java:logGet(43)) - raft.server.rpc.request.timeout = 3000ms (default)
2019-08-29 01:06:57,920 [5bffe5a2-2514-4bb7-aae2-99060e6d380e:group-FE4873CD53BC:LeaderElection65] INFO  server.RaftServerConfigKeys (ConfUtils.java:logGet(43)) - raft.server.log.appender.install.snapshot.enabled = false (custom)
2019-08-29 01:06:57,920 [5bffe5a2-2514-4bb7-aae2-99060e6d380e:group-FE4873CD53BC:LeaderElection65] INFO  impl.RoleInfo (RoleInfo.java:updateAndGet(143)) - 5bffe5a2-2514-4bb7-aae2-99060e6d380e: start LeaderState
2019-08-29 01:06:57,920 [5bffe5a2-2514-4bb7-aae2-99060e6d380e:group-FE4873CD53BC:LeaderElection65] INFO  segmented.SegmentedRaftLogWorker (SegmentedRaftLogWorker.java:startLogSegment(380)) - 5bffe5a2-2514-4bb7-aae2-99060e6d380e-SegmentedRaftLogWorker:Storage Directory /workdir/hadoop-ozone/integration-test/target/test-dir/MiniOzoneClusterImpl-99ad9353-596e-44f9-b4ca-7c7cdd5df1c6/datanode-0/data/ratis/0aea2b43-dfdd-46ee-846a-fe4873cd53bc: Starting segment from index:0
2019-08-29 01:06:57,921 [5bffe5a2-2514-4bb7-aae2-99060e6d380e:group-FE4873CD53BC:LeaderElection65] INFO  impl.RaftServerImpl (ServerState.java:setRaftConf(361)) - 5bffe5a2-2514-4bb7-aae2-99060e6d380e:group-FE4873CD53BC set configuration 0: [41e348e0-7cd9-472f-af3f-c5b5cc4c1cbe:192.168.69.96:40856, bbb59881-2c2e-4c46-bee0-3cc6903f36c9:192.168.69.96:34724, 5bffe5a2-2514-4bb7-aae2-99060e6d380e:192.168.69.96:36091], old=null at 0
2019-08-29 01:06:57,923 [grpc-default-executor-0] INFO  impl.RaftServerImpl (ServerState.java:setLeader(263)) - 41e348e0-7cd9-472f-af3f-c5b5cc4c1cbe:group-FE4873CD53BC change Leader from null to 5bffe5a2-2514-4bb7-aae2-99060e6d380e at term 2 for appendEntries, leader elected after 10290ms
2019-08-29 01:06:57,924 [grpc-default-executor-7] INFO  impl.RaftServerImpl (ServerState.java:setLeader(263)) - bbb59881-2c2e-4c46-bee0-3cc6903f36c9:group-FE4873CD53BC change Leader from null to 5bffe5a2-2514-4bb7-aae2-99060e6d380e at term 2 for appendEntries, leader elected after 10291ms
2019-08-29 01:06:57,927 [grpc-default-executor-7] INFO  impl.RaftServerImpl (ServerState.java:setRaftConf(361)) - 41e348e0-7cd9-472f-af3f-c5b5cc4c1cbe:group-FE4873CD53BC set configuration 0: [41e348e0-7cd9-472f-af3f-c5b5cc4c1cbe:192.168.69.96:40856, bbb59881-2c2e-4c46-bee0-3cc6903f36c9:192.168.69.96:34724, 5bffe5a2-2514-4bb7-aae2-99060e6d380e:192.168.69.96:36091], old=null at 0
2019-08-29 01:06:57,927 [grpc-default-executor-7] INFO  segmented.SegmentedRaftLogWorker (SegmentedRaftLogWorker.java:startLogSegment(380)) - 41e348e0-7cd9-472f-af3f-c5b5cc4c1cbe-SegmentedRaftLogWorker:Storage Directory /workdir/hadoop-ozone/integration-test/target/test-dir/MiniOzoneClusterImpl-99ad9353-596e-44f9-b4ca-7c7cdd5df1c6/datanode-2/data/ratis/0aea2b43-dfdd-46ee-846a-fe4873cd53bc: Starting segment from index:0
2019-08-29 01:06:57,928 [grpc-default-executor-0] INFO  impl.RaftServerImpl (ServerState.java:setRaftConf(361)) - bbb59881-2c2e-4c46-bee0-3cc6903f36c9:group-FE4873CD53BC set configuration 0: [41e348e0-7cd9-472f-af3f-c5b5cc4c1cbe:192.168.69.96:40856, bbb59881-2c2e-4c46-bee0-3cc6903f36c9:192.168.69.96:34724, 5bffe5a2-2514-4bb7-aae2-99060e6d380e:192.168.69.96:36091], old=null at 0
2019-08-29 01:06:57,928 [grpc-default-executor-0] INFO  segmented.SegmentedRaftLogWorker (SegmentedRaftLogWorker.java:startLogSegment(380)) - bbb59881-2c2e-4c46-bee0-3cc6903f36c9-SegmentedRaftLogWorker:Storage Directory /workdir/hadoop-ozone/integration-test/target/test-dir/MiniOzoneClusterImpl-99ad9353-596e-44f9-b4ca-7c7cdd5df1c6/datanode-4/data/ratis/0aea2b43-dfdd-46ee-846a-fe4873cd53bc: Starting segment from index:0
2019-08-29 01:06:57,933 [5ad5097d-a979-4d10-9f70-6acf19577cdd:group-78ADE6B227B7:LeaderElection66] INFO  impl.LeaderElection (LeaderElection.java:askForVotes(181)) - 5ad5097d-a979-4d10-9f70-6acf19577cdd:group-78ADE6B227B7:LeaderElection66: begin an election at term 2 for -1: [809d6ad1-22d0-4b8b-b559-8565831e1fa5:192.168.69.96:44965, 85caa6cf-c7c6-4192-8a58-74ecec5901dd:192.168.69.96:45624, 5ad5097d-a979-4d10-9f70-6acf19577cdd:192.168.69.96:33544], old=null
2019-08-29 01:06:57,970 [Thread-2174] INFO  impl.FollowerState (FollowerState.java:run(106)) - 85caa6cf-c7c6-4192-8a58-74ecec5901dd:group-78ADE6B227B7 changes to CANDIDATE, lastRpcTime:5069, electionTimeout:5048ms
2019-08-29 01:06:57,970 [Thread-2171] INFO  impl.FollowerState (FollowerState.java:run(106)) - 809d6ad1-22d0-4b8b-b559-8565831e1fa5:group-78ADE6B227B7 changes to CANDIDATE, lastRpcTime:5070, electionTimeout:5040ms
2019-08-29 01:06:57,970 [Thread-2174] INFO  impl.RoleInfo (RoleInfo.java:shutdownFollowerState(121)) - 85caa6cf-c7c6-4192-8a58-74ecec5901dd: shutdown FollowerState
2019-08-29 01:06:57,970 [Thread-2171] INFO  impl.RoleInfo (RoleInfo.java:shutdownFollowerState(121)) - 809d6ad1-22d0-4b8b-b559-8565831e1fa5: shutdown FollowerState
2019-08-29 01:06:57,970 [Thread-2174] INFO  impl.RaftServerImpl (RaftServerImpl.java:setRole(171)) - 85caa6cf-c7c6-4192-8a58-74ecec5901dd:group-78ADE6B227B7 changes role from FOLLOWER to CANDIDATE at term 1 for changeToCandidate
2019-08-29 01:06:57,970 [Thread-2171] INFO  impl.RaftServerImpl (RaftServerImpl.java:setRole(171)) - 809d6ad1-22d0-4b8b-b559-8565831e1fa5:group-78ADE6B227B7 changes role from FOLLOWER to CANDIDATE at term 1 for changeToCandidate
2019-08-29 01:06:57,970 [Thread-2174] INFO  impl.RoleInfo (RoleInfo.java:updateAndGet(143)) - 85caa6cf-c7c6-4192-8a58-74ecec5901dd: start LeaderElection
2019-08-29 01:06:57,971 [Thread-2171] INFO  impl.RoleInfo (RoleInfo.java:updateAndGet(143)) - 809d6ad1-22d0-4b8b-b559-8565831e1fa5: start LeaderElection
2019-08-29 01:06:57,975 [grpc-default-executor-0] INFO  impl.RaftServerImpl (RaftServerImpl.java:setRole(171)) - 809d6ad1-22d0-4b8b-b559-8565831e1fa5:group-78ADE6B227B7 changes role from CANDIDATE to FOLLOWER at term 2 for recognizeCandidate:5ad5097d-a979-4d10-9f70-6acf19577cdd
2019-08-29 01:06:57,976 [grpc-default-executor-0] INFO  impl.RoleInfo (RoleInfo.java:shutdownLeaderElection(134)) - 809d6ad1-22d0-4b8b-b559-8565831e1fa5: shutdown LeaderElection
2019-08-29 01:06:57,976 [grpc-default-executor-0] INFO  impl.RoleInfo (RoleInfo.java:updateAndGet(143)) - 809d6ad1-22d0-4b8b-b559-8565831e1fa5: start FollowerState
2019-08-29 01:06:57,982 [5bffe5a2-2514-4bb7-aae2-99060e6d380e-SegmentedRaftLogWorker:Storage Directory /workdir/hadoop-ozone/integration-test/target/test-dir/MiniOzoneClusterImpl-99ad9353-596e-44f9-b4ca-7c7cdd5df1c6/datanode-0/data/ratis/0aea2b43-dfdd-46ee-846a-fe4873cd53bc] INFO  segmented.SegmentedRaftLogWorker (SegmentedRaftLogWorker.java:execute(569)) - 5bffe5a2-2514-4bb7-aae2-99060e6d380e-SegmentedRaftLogWorker:Storage Directory /workdir/hadoop-ozone/integration-test/target/test-dir/MiniOzoneClusterImpl-99ad9353-596e-44f9-b4ca-7c7cdd5df1c6/datanode-0/data/ratis/0aea2b43-dfdd-46ee-846a-fe4873cd53bc: created new log segment /workdir/hadoop-ozone/integration-test/target/test-dir/MiniOzoneClusterImpl-99ad9353-596e-44f9-b4ca-7c7cdd5df1c6/datanode-0/data/ratis/0aea2b43-dfdd-46ee-846a-fe4873cd53bc/current/log_inprogress_0
2019-08-29 01:06:57,982 [41e348e0-7cd9-472f-af3f-c5b5cc4c1cbe-SegmentedRaftLogWorker:Storage Directory /workdir/hadoop-ozone/integration-test/target/test-dir/MiniOzoneClusterImpl-99ad9353-596e-44f9-b4ca-7c7cdd5df1c6/datanode-2/data/ratis/0aea2b43-dfdd-46ee-846a-fe4873cd53bc] INFO  segmented.SegmentedRaftLogWorker (SegmentedRaftLogWorker.java:execute(569)) - 41e348e0-7cd9-472f-af3f-c5b5cc4c1cbe-SegmentedRaftLogWorker:Storage Directory /workdir/hadoop-ozone/integration-test/target/test-dir/MiniOzoneClusterImpl-99ad9353-596e-44f9-b4ca-7c7cdd5df1c6/datanode-2/data/ratis/0aea2b43-dfdd-46ee-846a-fe4873cd53bc: created new log segment /workdir/hadoop-ozone/integration-test/target/test-dir/MiniOzoneClusterImpl-99ad9353-596e-44f9-b4ca-7c7cdd5df1c6/datanode-2/data/ratis/0aea2b43-dfdd-46ee-846a-fe4873cd53bc/current/log_inprogress_0
2019-08-29 01:06:57,982 [bbb59881-2c2e-4c46-bee0-3cc6903f36c9-SegmentedRaftLogWorker:Storage Directory /workdir/hadoop-ozone/integration-test/target/test-dir/MiniOzoneClusterImpl-99ad9353-596e-44f9-b4ca-7c7cdd5df1c6/datanode-4/data/ratis/0aea2b43-dfdd-46ee-846a-fe4873cd53bc] INFO  segmented.SegmentedRaftLogWorker (SegmentedRaftLogWorker.java:execute(569)) - bbb59881-2c2e-4c46-bee0-3cc6903f36c9-SegmentedRaftLogWorker:Storage Directory /workdir/hadoop-ozone/integration-test/target/test-dir/MiniOzoneClusterImpl-99ad9353-596e-44f9-b4ca-7c7cdd5df1c6/datanode-4/data/ratis/0aea2b43-dfdd-46ee-846a-fe4873cd53bc: created new log segment /workdir/hadoop-ozone/integration-test/target/test-dir/MiniOzoneClusterImpl-99ad9353-596e-44f9-b4ca-7c7cdd5df1c6/datanode-4/data/ratis/0aea2b43-dfdd-46ee-846a-fe4873cd53bc/current/log_inprogress_0
2019-08-29 01:06:57,996 [85caa6cf-c7c6-4192-8a58-74ecec5901dd:group-78ADE6B227B7:LeaderElection67] INFO  impl.LeaderElection (LeaderElection.java:askForVotes(181)) - 85caa6cf-c7c6-4192-8a58-74ecec5901dd:group-78ADE6B227B7:LeaderElection67: begin an election at term 2 for -1: [809d6ad1-22d0-4b8b-b559-8565831e1fa5:192.168.69.96:44965, 85caa6cf-c7c6-4192-8a58-74ecec5901dd:192.168.69.96:45624, 5ad5097d-a979-4d10-9f70-6acf19577cdd:192.168.69.96:33544], old=null
2019-08-29 01:06:57,998 [5ad5097d-a979-4d10-9f70-6acf19577cdd:group-78ADE6B227B7:LeaderElection66] INFO  impl.LeaderElection (LeaderElection.java:logAndReturn(56)) - 5ad5097d-a979-4d10-9f70-6acf19577cdd:group-78ADE6B227B7:LeaderElection66: Election REJECTED; received 2 response(s) [5ad5097d-a979-4d10-9f70-6acf19577cdd<-809d6ad1-22d0-4b8b-b559-8565831e1fa5#0:FAIL-t2, 5ad5097d-a979-4d10-9f70-6acf19577cdd<-85caa6cf-c7c6-4192-8a58-74ecec5901dd#0:FAIL-t2] and 0 exception(s); 5ad5097d-a979-4d10-9f70-6acf19577cdd:t2, leader=null, voted=5ad5097d-a979-4d10-9f70-6acf19577cdd, raftlog=5ad5097d-a979-4d10-9f70-6acf19577cdd-SegmentedRaftLog:OPENED:c-1,f-1,i0, conf=-1: [809d6ad1-22d0-4b8b-b559-8565831e1fa5:192.168.69.96:44965, 85caa6cf-c7c6-4192-8a58-74ecec5901dd:192.168.69.96:45624, 5ad5097d-a979-4d10-9f70-6acf19577cdd:192.168.69.96:33544], old=null
2019-08-29 01:06:57,998 [5ad5097d-a979-4d10-9f70-6acf19577cdd:group-78ADE6B227B7:LeaderElection66] INFO  impl.RaftServerImpl (RaftServerImpl.java:setRole(171)) - 5ad5097d-a979-4d10-9f70-6acf19577cdd:group-78ADE6B227B7 changes role from CANDIDATE to FOLLOWER at term 2 for DISCOVERED_A_NEW_TERM
2019-08-29 01:06:58,001 [5ad5097d-a979-4d10-9f70-6acf19577cdd:group-78ADE6B227B7:LeaderElection66] INFO  impl.RoleInfo (RoleInfo.java:shutdownLeaderElection(134)) - 5ad5097d-a979-4d10-9f70-6acf19577cdd: shutdown LeaderElection
2019-08-29 01:06:58,002 [5ad5097d-a979-4d10-9f70-6acf19577cdd:group-78ADE6B227B7:LeaderElection66] INFO  impl.RoleInfo (RoleInfo.java:updateAndGet(143)) - 5ad5097d-a979-4d10-9f70-6acf19577cdd: start FollowerState
2019-08-29 01:06:58,007 | INFO  | SCMAudit | user=jenkins1000 | ip=192.168.69.96 | op=SEND_HEARTBEAT {datanodeUUID=5bffe5a2-2514-4bb7-aae2-99060e6d380e, command=[]} | ret=SUCCESS |  
2019-08-29 01:06:58,009 [809d6ad1-22d0-4b8b-b559-8565831e1fa5:group-78ADE6B227B7:LeaderElection68] INFO  impl.LeaderElection (LeaderElection.java:askForVotes(181)) - 809d6ad1-22d0-4b8b-b559-8565831e1fa5:group-78ADE6B227B7:LeaderElection68: begin an election at term 3 for -1: [809d6ad1-22d0-4b8b-b559-8565831e1fa5:192.168.69.96:44965, 85caa6cf-c7c6-4192-8a58-74ecec5901dd:192.168.69.96:45624, 5ad5097d-a979-4d10-9f70-6acf19577cdd:192.168.69.96:33544], old=null
2019-08-29 01:06:58,010 [809d6ad1-22d0-4b8b-b559-8565831e1fa5:group-78ADE6B227B7:LeaderElection68] INFO  impl.LeaderElection (LeaderElection.java:logAndReturn(56)) - 809d6ad1-22d0-4b8b-b559-8565831e1fa5:group-78ADE6B227B7:LeaderElection68: Election REJECTED; received 0 response(s) [] and 0 exception(s); 809d6ad1-22d0-4b8b-b559-8565831e1fa5:t3, leader=null, voted=809d6ad1-22d0-4b8b-b559-8565831e1fa5, raftlog=809d6ad1-22d0-4b8b-b559-8565831e1fa5-SegmentedRaftLog:OPENED:c-1,f-1,i0, conf=-1: [809d6ad1-22d0-4b8b-b559-8565831e1fa5:192.168.69.96:44965, 85caa6cf-c7c6-4192-8a58-74ecec5901dd:192.168.69.96:45624, 5ad5097d-a979-4d10-9f70-6acf19577cdd:192.168.69.96:33544], old=null
2019-08-29 01:06:58,010 [85caa6cf-c7c6-4192-8a58-74ecec5901dd:group-78ADE6B227B7:LeaderElection67] INFO  impl.LeaderElection (LeaderElection.java:logAndReturn(56)) - 85caa6cf-c7c6-4192-8a58-74ecec5901dd:group-78ADE6B227B7:LeaderElection67: Election DISCOVERED_A_NEW_TERM; received 2 response(s) [85caa6cf-c7c6-4192-8a58-74ecec5901dd<-809d6ad1-22d0-4b8b-b559-8565831e1fa5#0:FAIL-t3, 85caa6cf-c7c6-4192-8a58-74ecec5901dd<-5ad5097d-a979-4d10-9f70-6acf19577cdd#0:FAIL-t2] and 0 exception(s); 85caa6cf-c7c6-4192-8a58-74ecec5901dd:t2, leader=null, voted=85caa6cf-c7c6-4192-8a58-74ecec5901dd, raftlog=85caa6cf-c7c6-4192-8a58-74ecec5901dd-SegmentedRaftLog:OPENED:c-1,f-1,i0, conf=-1: [809d6ad1-22d0-4b8b-b559-8565831e1fa5:192.168.69.96:44965, 85caa6cf-c7c6-4192-8a58-74ecec5901dd:192.168.69.96:45624, 5ad5097d-a979-4d10-9f70-6acf19577cdd:192.168.69.96:33544], old=null
2019-08-29 01:06:58,011 [85caa6cf-c7c6-4192-8a58-74ecec5901dd:group-78ADE6B227B7:LeaderElection67] INFO  impl.RaftServerImpl (RaftServerImpl.java:setRole(171)) - 85caa6cf-c7c6-4192-8a58-74ecec5901dd:group-78ADE6B227B7 changes role from CANDIDATE to FOLLOWER at term 3 for DISCOVERED_A_NEW_TERM
2019-08-29 01:06:58,011 [85caa6cf-c7c6-4192-8a58-74ecec5901dd:group-78ADE6B227B7:LeaderElection67] INFO  impl.RoleInfo (RoleInfo.java:shutdownLeaderElection(134)) - 85caa6cf-c7c6-4192-8a58-74ecec5901dd: shutdown LeaderElection
2019-08-29 01:06:58,011 [85caa6cf-c7c6-4192-8a58-74ecec5901dd:group-78ADE6B227B7:LeaderElection67] INFO  impl.RoleInfo (RoleInfo.java:updateAndGet(143)) - 85caa6cf-c7c6-4192-8a58-74ecec5901dd: start FollowerState
2019-08-29 01:06:58,017 [grpc-default-executor-7] INFO  impl.RaftServerImpl (RaftServerImpl.java:setRole(171)) - 5ad5097d-a979-4d10-9f70-6acf19577cdd:group-78ADE6B227B7 changes role from FOLLOWER to FOLLOWER at term 3 for recognizeCandidate:809d6ad1-22d0-4b8b-b559-8565831e1fa5
2019-08-29 01:06:58,017 [grpc-default-executor-7] INFO  impl.RoleInfo (RoleInfo.java:shutdownFollowerState(121)) - 5ad5097d-a979-4d10-9f70-6acf19577cdd: shutdown FollowerState
2019-08-29 01:06:58,018 [grpc-default-executor-7] INFO  impl.RoleInfo (RoleInfo.java:updateAndGet(143)) - 5ad5097d-a979-4d10-9f70-6acf19577cdd: start FollowerState
2019-08-29 01:06:58,018 [Thread-2212] INFO  impl.FollowerState (FollowerState.java:run(114)) - 5ad5097d-a979-4d10-9f70-6acf19577cdd: FollowerState was interrupted: java.lang.InterruptedException: sleep interrupted
2019-08-29 01:06:58,032 [grpc-default-executor-0] INFO  impl.RaftServerImpl (RaftServerImpl.java:setRole(171)) - 85caa6cf-c7c6-4192-8a58-74ecec5901dd:group-78ADE6B227B7 changes role from FOLLOWER to FOLLOWER at term 3 for recognizeCandidate:809d6ad1-22d0-4b8b-b559-8565831e1fa5
2019-08-29 01:06:58,032 [grpc-default-executor-0] INFO  impl.RoleInfo (RoleInfo.java:shutdownFollowerState(121)) - 85caa6cf-c7c6-4192-8a58-74ecec5901dd: shutdown FollowerState
2019-08-29 01:06:58,033 [Thread-2215] INFO  impl.FollowerState (FollowerState.java:run(114)) - 85caa6cf-c7c6-4192-8a58-74ecec5901dd: FollowerState was interrupted: java.lang.InterruptedException: sleep interrupted
2019-08-29 01:06:58,033 [grpc-default-executor-0] INFO  impl.RoleInfo (RoleInfo.java:updateAndGet(143)) - 85caa6cf-c7c6-4192-8a58-74ecec5901dd: start FollowerState
2019-08-29 01:06:58,085 | INFO  | SCMAudit | user=jenkins1000 | ip=192.168.69.96 | op=SEND_HEARTBEAT {datanodeUUID=877941a7-1654-45c7-a491-219e5331d01c, command=[]} | ret=SUCCESS |  
2019-08-29 01:06:58,164 | INFO  | SCMAudit | user=jenkins1000 | ip=192.168.69.96 | op=SEND_HEARTBEAT {datanodeUUID=41e348e0-7cd9-472f-af3f-c5b5cc4c1cbe, command=[]} | ret=SUCCESS |  
2019-08-29 01:06:58,227 | INFO  | SCMAudit | user=jenkins1000 | ip=192.168.69.96 | op=SEND_HEARTBEAT {datanodeUUID=5ad5097d-a979-4d10-9f70-6acf19577cdd, command=[]} | ret=SUCCESS |  
2019-08-29 01:06:58,289 | INFO  | SCMAudit | user=jenkins1000 | ip=192.168.69.96 | op=SEND_HEARTBEAT {datanodeUUID=bbb59881-2c2e-4c46-bee0-3cc6903f36c9, command=[]} | ret=SUCCESS |  
2019-08-29 01:06:58,353 | INFO  | SCMAudit | user=jenkins1000 | ip=192.168.69.96 | op=SEND_HEARTBEAT {datanodeUUID=85caa6cf-c7c6-4192-8a58-74ecec5901dd, command=[]} | ret=SUCCESS |  
2019-08-29 01:06:58,416 | INFO  | SCMAudit | user=jenkins1000 | ip=192.168.69.96 | op=SEND_HEARTBEAT {datanodeUUID=809d6ad1-22d0-4b8b-b559-8565831e1fa5, command=[]} | ret=SUCCESS |  
2019-08-29 01:06:58,678 [grpc-default-executor-0] INFO  client.GrpcClientProtocolClient (GrpcClientProtocolClient.java:onNext(255)) - client-54C976773C82->809d6ad1-22d0-4b8b-b559-8565831e1fa5: receive RaftClientReply:client-54C976773C82->809d6ad1-22d0-4b8b-b559-8565831e1fa5@group-78ADE6B227B7, cid=81, FAILED org.apache.ratis.protocol.NotLeaderException: Server 809d6ad1-22d0-4b8b-b559-8565831e1fa5 is not the leader (null). Request must be sent to leader., logIndex=0, commits[809d6ad1-22d0-4b8b-b559-8565831e1fa5:c-1]
2019-08-29 01:06:59,007 | INFO  | SCMAudit | user=jenkins1000 | ip=192.168.69.96 | op=SEND_HEARTBEAT {datanodeUUID=5bffe5a2-2514-4bb7-aae2-99060e6d380e, command=[]} | ret=SUCCESS |  
2019-08-29 01:06:59,085 | INFO  | SCMAudit | user=jenkins1000 | ip=192.168.69.96 | op=SEND_HEARTBEAT {datanodeUUID=877941a7-1654-45c7-a491-219e5331d01c, command=[]} | ret=SUCCESS |  
2019-08-29 01:06:59,164 | INFO  | SCMAudit | user=jenkins1000 | ip=192.168.69.96 | op=SEND_HEARTBEAT {datanodeUUID=41e348e0-7cd9-472f-af3f-c5b5cc4c1cbe, command=[]} | ret=SUCCESS |  
2019-08-29 01:06:59,227 | INFO  | SCMAudit | user=jenkins1000 | ip=192.168.69.96 | op=SEND_HEARTBEAT {datanodeUUID=5ad5097d-a979-4d10-9f70-6acf19577cdd, command=[]} | ret=SUCCESS |  
2019-08-29 01:06:59,289 | INFO  | SCMAudit | user=jenkins1000 | ip=192.168.69.96 | op=SEND_HEARTBEAT {datanodeUUID=bbb59881-2c2e-4c46-bee0-3cc6903f36c9, command=[]} | ret=SUCCESS |  
2019-08-29 01:06:59,353 | INFO  | SCMAudit | user=jenkins1000 | ip=192.168.69.96 | op=SEND_HEARTBEAT {datanodeUUID=85caa6cf-c7c6-4192-8a58-74ecec5901dd, command=[]} | ret=SUCCESS |  
2019-08-29 01:06:59,417 | INFO  | SCMAudit | user=jenkins1000 | ip=192.168.69.96 | op=SEND_HEARTBEAT {datanodeUUID=809d6ad1-22d0-4b8b-b559-8565831e1fa5, command=[]} | ret=SUCCESS |  
2019-08-29 01:06:59,690 [grpc-default-executor-7] INFO  client.GrpcClientProtocolClient (GrpcClientProtocolClient.java:onNext(255)) - client-54C976773C82->5ad5097d-a979-4d10-9f70-6acf19577cdd: receive RaftClientReply:client-54C976773C82->5ad5097d-a979-4d10-9f70-6acf19577cdd@group-78ADE6B227B7, cid=81, FAILED org.apache.ratis.protocol.NotLeaderException: Server 5ad5097d-a979-4d10-9f70-6acf19577cdd is not the leader (null). Request must be sent to leader., logIndex=0, commits[5ad5097d-a979-4d10-9f70-6acf19577cdd:c-1]
2019-08-29 01:07:00,008 | INFO  | SCMAudit | user=jenkins1000 | ip=192.168.69.96 | op=SEND_HEARTBEAT {datanodeUUID=5bffe5a2-2514-4bb7-aae2-99060e6d380e, command=[]} | ret=SUCCESS |  
2019-08-29 01:07:00,085 | INFO  | SCMAudit | user=jenkins1000 | ip=192.168.69.96 | op=SEND_HEARTBEAT {datanodeUUID=877941a7-1654-45c7-a491-219e5331d01c, command=[]} | ret=SUCCESS |  
2019-08-29 01:07:00,164 | INFO  | SCMAudit | user=jenkins1000 | ip=192.168.69.96 | op=SEND_HEARTBEAT {datanodeUUID=41e348e0-7cd9-472f-af3f-c5b5cc4c1cbe, command=[]} | ret=SUCCESS |  
2019-08-29 01:07:00,227 | INFO  | SCMAudit | user=jenkins1000 | ip=192.168.69.96 | op=SEND_HEARTBEAT {datanodeUUID=5ad5097d-a979-4d10-9f70-6acf19577cdd, command=[]} | ret=SUCCESS |  
2019-08-29 01:07:00,289 | INFO  | SCMAudit | user=jenkins1000 | ip=192.168.69.96 | op=SEND_HEARTBEAT {datanodeUUID=bbb59881-2c2e-4c46-bee0-3cc6903f36c9, command=[]} | ret=SUCCESS |  
2019-08-29 01:07:00,353 | INFO  | SCMAudit | user=jenkins1000 | ip=192.168.69.96 | op=SEND_HEARTBEAT {datanodeUUID=85caa6cf-c7c6-4192-8a58-74ecec5901dd, command=[]} | ret=SUCCESS |  
2019-08-29 01:07:00,416 | INFO  | SCMAudit | user=jenkins1000 | ip=192.168.69.96 | op=SEND_HEARTBEAT {datanodeUUID=809d6ad1-22d0-4b8b-b559-8565831e1fa5, command=[]} | ret=SUCCESS |  
2019-08-29 01:07:00,705 [grpc-default-executor-0] INFO  client.GrpcClientProtocolClient (GrpcClientProtocolClient.java:onNext(255)) - client-54C976773C82->85caa6cf-c7c6-4192-8a58-74ecec5901dd: receive RaftClientReply:client-54C976773C82->85caa6cf-c7c6-4192-8a58-74ecec5901dd@group-78ADE6B227B7, cid=81, FAILED org.apache.ratis.protocol.NotLeaderException: Server 85caa6cf-c7c6-4192-8a58-74ecec5901dd is not the leader (null). Request must be sent to leader., logIndex=0, commits[85caa6cf-c7c6-4192-8a58-74ecec5901dd:c-1]
2019-08-29 01:07:01,007 | INFO  | SCMAudit | user=jenkins1000 | ip=192.168.69.96 | op=SEND_HEARTBEAT {datanodeUUID=5bffe5a2-2514-4bb7-aae2-99060e6d380e, command=[]} | ret=SUCCESS |  
2019-08-29 01:07:01,085 | INFO  | SCMAudit | user=jenkins1000 | ip=192.168.69.96 | op=SEND_HEARTBEAT {datanodeUUID=877941a7-1654-45c7-a491-219e5331d01c, command=[]} | ret=SUCCESS |  
2019-08-29 01:07:01,165 | INFO  | SCMAudit | user=jenkins1000 | ip=192.168.69.96 | op=SEND_HEARTBEAT {datanodeUUID=41e348e0-7cd9-472f-af3f-c5b5cc4c1cbe, command=[]} | ret=SUCCESS |  
2019-08-29 01:07:01,227 | INFO  | SCMAudit | user=jenkins1000 | ip=192.168.69.96 | op=SEND_HEARTBEAT {datanodeUUID=5ad5097d-a979-4d10-9f70-6acf19577cdd, command=[]} | ret=SUCCESS |  
2019-08-29 01:07:01,290 | INFO  | SCMAudit | user=jenkins1000 | ip=192.168.69.96 | op=SEND_HEARTBEAT {datanodeUUID=bbb59881-2c2e-4c46-bee0-3cc6903f36c9, command=[]} | ret=SUCCESS |  
2019-08-29 01:07:01,353 | INFO  | SCMAudit | user=jenkins1000 | ip=192.168.69.96 | op=SEND_HEARTBEAT {datanodeUUID=85caa6cf-c7c6-4192-8a58-74ecec5901dd, command=[]} | ret=SUCCESS |  
2019-08-29 01:07:01,416 | INFO  | SCMAudit | user=jenkins1000 | ip=192.168.69.96 | op=SEND_HEARTBEAT {datanodeUUID=809d6ad1-22d0-4b8b-b559-8565831e1fa5, command=[]} | ret=SUCCESS |  
2019-08-29 01:07:01,716 [grpc-default-executor-0] INFO  client.GrpcClientProtocolClient (GrpcClientProtocolClient.java:onNext(255)) - client-54C976773C82->5ad5097d-a979-4d10-9f70-6acf19577cdd: receive RaftClientReply:client-54C976773C82->5ad5097d-a979-4d10-9f70-6acf19577cdd@group-78ADE6B227B7, cid=81, FAILED org.apache.ratis.protocol.NotLeaderException: Server 5ad5097d-a979-4d10-9f70-6acf19577cdd is not the leader (null). Request must be sent to leader., logIndex=0, commits[5ad5097d-a979-4d10-9f70-6acf19577cdd:c-1]
2019-08-29 01:07:02,007 | INFO  | SCMAudit | user=jenkins1000 | ip=192.168.69.96 | op=SEND_HEARTBEAT {datanodeUUID=5bffe5a2-2514-4bb7-aae2-99060e6d380e, command=[]} | ret=SUCCESS |  
2019-08-29 01:07:02,085 | INFO  | SCMAudit | user=jenkins1000 | ip=192.168.69.96 | op=SEND_HEARTBEAT {datanodeUUID=877941a7-1654-45c7-a491-219e5331d01c, command=[]} | ret=SUCCESS |  
2019-08-29 01:07:02,166 | INFO  | SCMAudit | user=jenkins1000 | ip=192.168.69.96 | op=SEND_HEARTBEAT {datanodeUUID=41e348e0-7cd9-472f-af3f-c5b5cc4c1cbe, command=[]} | ret=SUCCESS |  
2019-08-29 01:07:02,227 | INFO  | SCMAudit | user=jenkins1000 | ip=192.168.69.96 | op=SEND_HEARTBEAT {datanodeUUID=5ad5097d-a979-4d10-9f70-6acf19577cdd, command=[]} | ret=SUCCESS |  
2019-08-29 01:07:02,290 | INFO  | SCMAudit | user=jenkins1000 | ip=192.168.69.96 | op=SEND_HEARTBEAT {datanodeUUID=bbb59881-2c2e-4c46-bee0-3cc6903f36c9, command=[]} | ret=SUCCESS |  
2019-08-29 01:07:02,354 | INFO  | SCMAudit | user=jenkins1000 | ip=192.168.69.96 | op=SEND_HEARTBEAT {datanodeUUID=85caa6cf-c7c6-4192-8a58-74ecec5901dd, command=[]} | ret=SUCCESS |  
2019-08-29 01:07:02,416 | INFO  | SCMAudit | user=jenkins1000 | ip=192.168.69.96 | op=SEND_HEARTBEAT {datanodeUUID=809d6ad1-22d0-4b8b-b559-8565831e1fa5, command=[]} | ret=SUCCESS |  
2019-08-29 01:07:02,729 [grpc-default-executor-7] INFO  client.GrpcClientProtocolClient (GrpcClientProtocolClient.java:onNext(255)) - client-54C976773C82->85caa6cf-c7c6-4192-8a58-74ecec5901dd: receive RaftClientReply:client-54C976773C82->85caa6cf-c7c6-4192-8a58-74ecec5901dd@group-78ADE6B227B7, cid=81, FAILED org.apache.ratis.protocol.NotLeaderException: Server 85caa6cf-c7c6-4192-8a58-74ecec5901dd is not the leader (null). Request must be sent to leader., logIndex=0, commits[85caa6cf-c7c6-4192-8a58-74ecec5901dd:c-1]
2019-08-29 01:07:03,008 | INFO  | SCMAudit | user=jenkins1000 | ip=192.168.69.96 | op=SEND_HEARTBEAT {datanodeUUID=5bffe5a2-2514-4bb7-aae2-99060e6d380e, command=[]} | ret=SUCCESS |  
2019-08-29 01:07:03,079 [Thread-2216] INFO  impl.FollowerState (FollowerState.java:run(106)) - 5ad5097d-a979-4d10-9f70-6acf19577cdd:group-78ADE6B227B7 changes to CANDIDATE, lastRpcTime:5061, electionTimeout:5047ms
2019-08-29 01:07:03,079 [Thread-2216] INFO  impl.RoleInfo (RoleInfo.java:shutdownFollowerState(121)) - 5ad5097d-a979-4d10-9f70-6acf19577cdd: shutdown FollowerState
2019-08-29 01:07:03,080 [Thread-2216] INFO  impl.RaftServerImpl (RaftServerImpl.java:setRole(171)) - 5ad5097d-a979-4d10-9f70-6acf19577cdd:group-78ADE6B227B7 changes role from FOLLOWER to CANDIDATE at term 3 for changeToCandidate
2019-08-29 01:07:03,080 [Thread-2216] INFO  impl.RoleInfo (RoleInfo.java:updateAndGet(143)) - 5ad5097d-a979-4d10-9f70-6acf19577cdd: start LeaderElection
2019-08-29 01:07:03,085 | INFO  | SCMAudit | user=jenkins1000 | ip=192.168.69.96 | op=SEND_HEARTBEAT {datanodeUUID=877941a7-1654-45c7-a491-219e5331d01c, command=[]} | ret=SUCCESS |  
2019-08-29 01:07:03,114 [5ad5097d-a979-4d10-9f70-6acf19577cdd:group-78ADE6B227B7:LeaderElection69] INFO  impl.LeaderElection (LeaderElection.java:askForVotes(181)) - 5ad5097d-a979-4d10-9f70-6acf19577cdd:group-78ADE6B227B7:LeaderElection69: begin an election at term 4 for -1: [809d6ad1-22d0-4b8b-b559-8565831e1fa5:192.168.69.96:44965, 85caa6cf-c7c6-4192-8a58-74ecec5901dd:192.168.69.96:45624, 5ad5097d-a979-4d10-9f70-6acf19577cdd:192.168.69.96:33544], old=null
2019-08-29 01:07:03,121 [Thread-2207] INFO  impl.FollowerState (FollowerState.java:run(106)) - 809d6ad1-22d0-4b8b-b559-8565831e1fa5:group-78ADE6B227B7 changes to CANDIDATE, lastRpcTime:5144, electionTimeout:5141ms
2019-08-29 01:07:03,121 [Thread-2207] INFO  impl.RoleInfo (RoleInfo.java:shutdownFollowerState(121)) - 809d6ad1-22d0-4b8b-b559-8565831e1fa5: shutdown FollowerState
2019-08-29 01:07:03,121 [Thread-2207] INFO  impl.RaftServerImpl (RaftServerImpl.java:setRole(171)) - 809d6ad1-22d0-4b8b-b559-8565831e1fa5:group-78ADE6B227B7 changes role from FOLLOWER to CANDIDATE at term 3 for changeToCandidate
2019-08-29 01:07:03,121 [Thread-2207] INFO  impl.RoleInfo (RoleInfo.java:updateAndGet(143)) - 809d6ad1-22d0-4b8b-b559-8565831e1fa5: start LeaderElection
2019-08-29 01:07:03,124 [Thread-2217] INFO  impl.FollowerState (FollowerState.java:run(106)) - 85caa6cf-c7c6-4192-8a58-74ecec5901dd:group-78ADE6B227B7 changes to CANDIDATE, lastRpcTime:5091, electionTimeout:5089ms
2019-08-29 01:07:03,124 [grpc-default-executor-7] INFO  impl.RaftServerImpl (RaftServerImpl.java:setRole(171)) - 809d6ad1-22d0-4b8b-b559-8565831e1fa5:group-78ADE6B227B7 changes role from CANDIDATE to FOLLOWER at term 4 for recognizeCandidate:5ad5097d-a979-4d10-9f70-6acf19577cdd
2019-08-29 01:07:03,124 [Thread-2217] INFO  impl.RoleInfo (RoleInfo.java:shutdownFollowerState(121)) - 85caa6cf-c7c6-4192-8a58-74ecec5901dd: shutdown FollowerState
2019-08-29 01:07:03,124 [grpc-default-executor-7] INFO  impl.RoleInfo (RoleInfo.java:shutdownLeaderElection(134)) - 809d6ad1-22d0-4b8b-b559-8565831e1fa5: shutdown LeaderElection
2019-08-29 01:07:03,125 [Thread-2217] INFO  impl.RaftServerImpl (RaftServerImpl.java:setRole(171)) - 85caa6cf-c7c6-4192-8a58-74ecec5901dd:group-78ADE6B227B7 changes role from FOLLOWER to CANDIDATE at term 3 for changeToCandidate
2019-08-29 01:07:03,125 [grpc-default-executor-7] INFO  impl.RoleInfo (RoleInfo.java:updateAndGet(143)) - 809d6ad1-22d0-4b8b-b559-8565831e1fa5: start FollowerState
2019-08-29 01:07:03,125 [Thread-2217] INFO  impl.RoleInfo (RoleInfo.java:updateAndGet(143)) - 85caa6cf-c7c6-4192-8a58-74ecec5901dd: start LeaderElection
2019-08-29 01:07:03,128 [grpc-default-executor-0] INFO  impl.RaftServerImpl (RaftServerImpl.java:setRole(171)) - 85caa6cf-c7c6-4192-8a58-74ecec5901dd:group-78ADE6B227B7 changes role from CANDIDATE to FOLLOWER at term 4 for recognizeCandidate:5ad5097d-a979-4d10-9f70-6acf19577cdd
2019-08-29 01:07:03,128 [grpc-default-executor-0] INFO  impl.RoleInfo (RoleInfo.java:shutdownLeaderElection(134)) - 85caa6cf-c7c6-4192-8a58-74ecec5901dd: shutdown LeaderElection
2019-08-29 01:07:03,128 [grpc-default-executor-0] INFO  impl.RoleInfo (RoleInfo.java:updateAndGet(143)) - 85caa6cf-c7c6-4192-8a58-74ecec5901dd: start FollowerState
2019-08-29 01:07:03,143 [5ad5097d-a979-4d10-9f70-6acf19577cdd:group-78ADE6B227B7:LeaderElection69] INFO  impl.LeaderElection (LeaderElection.java:logAndReturn(56)) - 5ad5097d-a979-4d10-9f70-6acf19577cdd:group-78ADE6B227B7:LeaderElection69: Election REJECTED; received 2 response(s) [5ad5097d-a979-4d10-9f70-6acf19577cdd<-809d6ad1-22d0-4b8b-b559-8565831e1fa5#0:FAIL-t4, 5ad5097d-a979-4d10-9f70-6acf19577cdd<-85caa6cf-c7c6-4192-8a58-74ecec5901dd#0:FAIL-t4] and 0 exception(s); 5ad5097d-a979-4d10-9f70-6acf19577cdd:t4, leader=null, voted=5ad5097d-a979-4d10-9f70-6acf19577cdd, raftlog=5ad5097d-a979-4d10-9f70-6acf19577cdd-SegmentedRaftLog:OPENED:c-1,f-1,i0, conf=-1: [809d6ad1-22d0-4b8b-b559-8565831e1fa5:192.168.69.96:44965, 85caa6cf-c7c6-4192-8a58-74ecec5901dd:192.168.69.96:45624, 5ad5097d-a979-4d10-9f70-6acf19577cdd:192.168.69.96:33544], old=null
2019-08-29 01:07:03,143 [5ad5097d-a979-4d10-9f70-6acf19577cdd:group-78ADE6B227B7:LeaderElection69] INFO  impl.RaftServerImpl (RaftServerImpl.java:setRole(171)) - 5ad5097d-a979-4d10-9f70-6acf19577cdd:group-78ADE6B227B7 changes role from CANDIDATE to FOLLOWER at term 4 for DISCOVERED_A_NEW_TERM
2019-08-29 01:07:03,143 [5ad5097d-a979-4d10-9f70-6acf19577cdd:group-78ADE6B227B7:LeaderElection69] INFO  impl.RoleInfo (RoleInfo.java:shutdownLeaderElection(134)) - 5ad5097d-a979-4d10-9f70-6acf19577cdd: shutdown LeaderElection
2019-08-29 01:07:03,143 [5ad5097d-a979-4d10-9f70-6acf19577cdd:group-78ADE6B227B7:LeaderElection69] INFO  impl.RoleInfo (RoleInfo.java:updateAndGet(143)) - 5ad5097d-a979-4d10-9f70-6acf19577cdd: start FollowerState
2019-08-29 01:07:03,155 [809d6ad1-22d0-4b8b-b559-8565831e1fa5:group-78ADE6B227B7:LeaderElection70] INFO  impl.LeaderElection (LeaderElection.java:askForVotes(181)) - 809d6ad1-22d0-4b8b-b559-8565831e1fa5:group-78ADE6B227B7:LeaderElection70: begin an election at term 5 for -1: [809d6ad1-22d0-4b8b-b559-8565831e1fa5:192.168.69.96:44965, 85caa6cf-c7c6-4192-8a58-74ecec5901dd:192.168.69.96:45624, 5ad5097d-a979-4d10-9f70-6acf19577cdd:192.168.69.96:33544], old=null
2019-08-29 01:07:03,155 [85caa6cf-c7c6-4192-8a58-74ecec5901dd:group-78ADE6B227B7:LeaderElection71] INFO  impl.LeaderElection (LeaderElection.java:askForVotes(181)) - 85caa6cf-c7c6-4192-8a58-74ecec5901dd:group-78ADE6B227B7:LeaderElection71: begin an election at term 5 for -1: [809d6ad1-22d0-4b8b-b559-8565831e1fa5:192.168.69.96:44965, 85caa6cf-c7c6-4192-8a58-74ecec5901dd:192.168.69.96:45624, 5ad5097d-a979-4d10-9f70-6acf19577cdd:192.168.69.96:33544], old=null
2019-08-29 01:07:03,156 [809d6ad1-22d0-4b8b-b559-8565831e1fa5:group-78ADE6B227B7:LeaderElection70] INFO  impl.LeaderElection (LeaderElection.java:logAndReturn(56)) - 809d6ad1-22d0-4b8b-b559-8565831e1fa5:group-78ADE6B227B7:LeaderElection70: Election REJECTED; received 0 response(s) [] and 0 exception(s); 809d6ad1-22d0-4b8b-b559-8565831e1fa5:t5, leader=null, voted=809d6ad1-22d0-4b8b-b559-8565831e1fa5, raftlog=809d6ad1-22d0-4b8b-b559-8565831e1fa5-SegmentedRaftLog:OPENED:c-1,f-1,i0, conf=-1: [809d6ad1-22d0-4b8b-b559-8565831e1fa5:192.168.69.96:44965, 85caa6cf-c7c6-4192-8a58-74ecec5901dd:192.168.69.96:45624, 5ad5097d-a979-4d10-9f70-6acf19577cdd:192.168.69.96:33544], old=null
2019-08-29 01:07:03,156 [85caa6cf-c7c6-4192-8a58-74ecec5901dd:group-78ADE6B227B7:LeaderElection71] INFO  impl.LeaderElection (LeaderElection.java:logAndReturn(56)) - 85caa6cf-c7c6-4192-8a58-74ecec5901dd:group-78ADE6B227B7:LeaderElection71: Election REJECTED; received 0 response(s) [] and 0 exception(s); 85caa6cf-c7c6-4192-8a58-74ecec5901dd:t5, leader=null, voted=85caa6cf-c7c6-4192-8a58-74ecec5901dd, raftlog=85caa6cf-c7c6-4192-8a58-74ecec5901dd-SegmentedRaftLog:OPENED:c-1,f-1,i0, conf=-1: [809d6ad1-22d0-4b8b-b559-8565831e1fa5:192.168.69.96:44965, 85caa6cf-c7c6-4192-8a58-74ecec5901dd:192.168.69.96:45624, 5ad5097d-a979-4d10-9f70-6acf19577cdd:192.168.69.96:33544], old=null
2019-08-29 01:07:03,163 [grpc-default-executor-0] INFO  impl.RaftServerImpl (RaftServerImpl.java:setRole(171)) - 5ad5097d-a979-4d10-9f70-6acf19577cdd:group-78ADE6B227B7 changes role from FOLLOWER to FOLLOWER at term 5 for recognizeCandidate:85caa6cf-c7c6-4192-8a58-74ecec5901dd
2019-08-29 01:07:03,163 [grpc-default-executor-0] INFO  impl.RoleInfo (RoleInfo.java:shutdownFollowerState(121)) - 5ad5097d-a979-4d10-9f70-6acf19577cdd: shutdown FollowerState
2019-08-29 01:07:03,166 [grpc-default-executor-0] INFO  impl.RoleInfo (RoleInfo.java:updateAndGet(143)) - 5ad5097d-a979-4d10-9f70-6acf19577cdd: start FollowerState
2019-08-29 01:07:03,166 | INFO  | SCMAudit | user=jenkins1000 | ip=192.168.69.96 | op=SEND_HEARTBEAT {datanodeUUID=41e348e0-7cd9-472f-af3f-c5b5cc4c1cbe, command=[]} | ret=SUCCESS |  
2019-08-29 01:07:03,166 [Thread-2244] INFO  impl.FollowerState (FollowerState.java:run(114)) - 5ad5097d-a979-4d10-9f70-6acf19577cdd: FollowerState was interrupted: java.lang.InterruptedException: sleep interrupted
2019-08-29 01:07:03,228 | INFO  | SCMAudit | user=jenkins1000 | ip=192.168.69.96 | op=SEND_HEARTBEAT {datanodeUUID=5ad5097d-a979-4d10-9f70-6acf19577cdd, command=[]} | ret=SUCCESS |  
2019-08-29 01:07:03,290 | INFO  | SCMAudit | user=jenkins1000 | ip=192.168.69.96 | op=SEND_HEARTBEAT {datanodeUUID=bbb59881-2c2e-4c46-bee0-3cc6903f36c9, command=[]} | ret=SUCCESS |  
2019-08-29 01:07:03,356 | INFO  | SCMAudit | user=jenkins1000 | ip=192.168.69.96 | op=SEND_HEARTBEAT {datanodeUUID=85caa6cf-c7c6-4192-8a58-74ecec5901dd, command=[]} | ret=SUCCESS |  
2019-08-29 01:07:03,416 | INFO  | SCMAudit | user=jenkins1000 | ip=192.168.69.96 | op=SEND_HEARTBEAT {datanodeUUID=809d6ad1-22d0-4b8b-b559-8565831e1fa5, command=[]} | ret=SUCCESS |  
2019-08-29 01:07:03,744 [grpc-default-executor-7] INFO  client.GrpcClientProtocolClient (GrpcClientProtocolClient.java:onNext(255)) - client-54C976773C82->5ad5097d-a979-4d10-9f70-6acf19577cdd: receive RaftClientReply:client-54C976773C82->5ad5097d-a979-4d10-9f70-6acf19577cdd@group-78ADE6B227B7, cid=81, FAILED org.apache.ratis.protocol.NotLeaderException: Server 5ad5097d-a979-4d10-9f70-6acf19577cdd is not the leader (null). Request must be sent to leader., logIndex=0, commits[5ad5097d-a979-4d10-9f70-6acf19577cdd:c-1]
2019-08-29 01:07:04,008 | INFO  | SCMAudit | user=jenkins1000 | ip=192.168.69.96 | op=SEND_HEARTBEAT {datanodeUUID=5bffe5a2-2514-4bb7-aae2-99060e6d380e, command=[]} | ret=SUCCESS |  
2019-08-29 01:07:04,085 | INFO  | SCMAudit | user=jenkins1000 | ip=192.168.69.96 | op=SEND_HEARTBEAT {datanodeUUID=877941a7-1654-45c7-a491-219e5331d01c, command=[]} | ret=SUCCESS |  
2019-08-29 01:07:04,166 | INFO  | SCMAudit | user=jenkins1000 | ip=192.168.69.96 | op=SEND_HEARTBEAT {datanodeUUID=41e348e0-7cd9-472f-af3f-c5b5cc4c1cbe, command=[]} | ret=SUCCESS |  
2019-08-29 01:07:04,228 | INFO  | SCMAudit | user=jenkins1000 | ip=192.168.69.96 | op=SEND_HEARTBEAT {datanodeUUID=5ad5097d-a979-4d10-9f70-6acf19577cdd, command=[]} | ret=SUCCESS |  
2019-08-29 01:07:04,290 | INFO  | SCMAudit | user=jenkins1000 | ip=192.168.69.96 | op=SEND_HEARTBEAT {datanodeUUID=bbb59881-2c2e-4c46-bee0-3cc6903f36c9, command=[]} | ret=SUCCESS |  
2019-08-29 01:07:04,357 | INFO  | SCMAudit | user=jenkins1000 | ip=192.168.69.96 | op=SEND_HEARTBEAT {datanodeUUID=85caa6cf-c7c6-4192-8a58-74ecec5901dd, command=[]} | ret=SUCCESS |  
2019-08-29 01:07:04,416 | INFO  | SCMAudit | user=jenkins1000 | ip=192.168.69.96 | op=SEND_HEARTBEAT {datanodeUUID=809d6ad1-22d0-4b8b-b559-8565831e1fa5, command=[]} | ret=SUCCESS |  
2019-08-29 01:07:04,763 [grpc-default-executor-7] INFO  client.GrpcClientProtocolClient (GrpcClientProtocolClient.java:onNext(255)) - client-54C976773C82->809d6ad1-22d0-4b8b-b559-8565831e1fa5: receive RaftClientReply:client-54C976773C82->809d6ad1-22d0-4b8b-b559-8565831e1fa5@group-78ADE6B227B7, cid=81, FAILED org.apache.ratis.protocol.NotLeaderException: Server 809d6ad1-22d0-4b8b-b559-8565831e1fa5 is not the leader (null). Request must be sent to leader., logIndex=0, commits[809d6ad1-22d0-4b8b-b559-8565831e1fa5:c-1]
2019-08-29 01:07:05,008 | INFO  | SCMAudit | user=jenkins1000 | ip=192.168.69.96 | op=SEND_HEARTBEAT {datanodeUUID=5bffe5a2-2514-4bb7-aae2-99060e6d380e, command=[]} | ret=SUCCESS |  
2019-08-29 01:07:05,085 | INFO  | SCMAudit | user=jenkins1000 | ip=192.168.69.96 | op=SEND_HEARTBEAT {datanodeUUID=877941a7-1654-45c7-a491-219e5331d01c, command=[]} | ret=SUCCESS |  
2019-08-29 01:07:05,166 | INFO  | SCMAudit | user=jenkins1000 | ip=192.168.69.96 | op=SEND_HEARTBEAT {datanodeUUID=41e348e0-7cd9-472f-af3f-c5b5cc4c1cbe, command=[]} | ret=SUCCESS |  
2019-08-29 01:07:05,228 | INFO  | SCMAudit | user=jenkins1000 | ip=192.168.69.96 | op=SEND_HEARTBEAT {datanodeUUID=5ad5097d-a979-4d10-9f70-6acf19577cdd, command=[]} | ret=SUCCESS |  
2019-08-29 01:07:05,290 | INFO  | SCMAudit | user=jenkins1000 | ip=192.168.69.96 | op=SEND_HEARTBEAT {datanodeUUID=bbb59881-2c2e-4c46-bee0-3cc6903f36c9, command=[]} | ret=SUCCESS |  
2019-08-29 01:07:05,357 | INFO  | SCMAudit | user=jenkins1000 | ip=192.168.69.96 | op=SEND_HEARTBEAT {datanodeUUID=85caa6cf-c7c6-4192-8a58-74ecec5901dd, command=[]} | ret=SUCCESS |  
2019-08-29 01:07:05,416 | INFO  | SCMAudit | user=jenkins1000 | ip=192.168.69.96 | op=SEND_HEARTBEAT {datanodeUUID=809d6ad1-22d0-4b8b-b559-8565831e1fa5, command=[]} | ret=SUCCESS |  
2019-08-29 01:07:05,779 [grpc-default-executor-0] INFO  client.GrpcClientProtocolClient (GrpcClientProtocolClient.java:onNext(255)) - client-54C976773C82->85caa6cf-c7c6-4192-8a58-74ecec5901dd: receive RaftClientReply:client-54C976773C82->85caa6cf-c7c6-4192-8a58-74ecec5901dd@group-78ADE6B227B7, cid=81, FAILED org.apache.ratis.protocol.NotLeaderException: Server 85caa6cf-c7c6-4192-8a58-74ecec5901dd is not the leader (null). Request must be sent to leader., logIndex=0, commits[85caa6cf-c7c6-4192-8a58-74ecec5901dd:c-1]
2019-08-29 01:07:06,009 | INFO  | SCMAudit | user=jenkins1000 | ip=192.168.69.96 | op=SEND_HEARTBEAT {datanodeUUID=5bffe5a2-2514-4bb7-aae2-99060e6d380e, command=[]} | ret=SUCCESS |  
2019-08-29 01:07:06,085 | INFO  | SCMAudit | user=jenkins1000 | ip=192.168.69.96 | op=SEND_HEARTBEAT {datanodeUUID=877941a7-1654-45c7-a491-219e5331d01c, command=[]} | ret=SUCCESS |  
2019-08-29 01:07:06,166 | INFO  | SCMAudit | user=jenkins1000 | ip=192.168.69.96 | op=SEND_HEARTBEAT {datanodeUUID=41e348e0-7cd9-472f-af3f-c5b5cc4c1cbe, command=[]} | ret=SUCCESS |  
2019-08-29 01:07:06,228 | INFO  | SCMAudit | user=jenkins1000 | ip=192.168.69.96 | op=SEND_HEARTBEAT {datanodeUUID=5ad5097d-a979-4d10-9f70-6acf19577cdd, command=[]} | ret=SUCCESS |  
2019-08-29 01:07:06,290 | INFO  | SCMAudit | user=jenkins1000 | ip=192.168.69.96 | op=SEND_HEARTBEAT {datanodeUUID=bbb59881-2c2e-4c46-bee0-3cc6903f36c9, command=[]} | ret=SUCCESS |  
2019-08-29 01:07:06,357 | INFO  | SCMAudit | user=jenkins1000 | ip=192.168.69.96 | op=SEND_HEARTBEAT {datanodeUUID=85caa6cf-c7c6-4192-8a58-74ecec5901dd, command=[]} | ret=SUCCESS |  
2019-08-29 01:07:06,416 | INFO  | SCMAudit | user=jenkins1000 | ip=192.168.69.96 | op=SEND_HEARTBEAT {datanodeUUID=809d6ad1-22d0-4b8b-b559-8565831e1fa5, command=[]} | ret=SUCCESS |  
2019-08-29 01:07:06,796 [grpc-default-executor-7] INFO  client.GrpcClientProtocolClient (GrpcClientProtocolClient.java:onNext(255)) - client-54C976773C82->809d6ad1-22d0-4b8b-b559-8565831e1fa5: receive RaftClientReply:client-54C976773C82->809d6ad1-22d0-4b8b-b559-8565831e1fa5@group-78ADE6B227B7, cid=81, FAILED org.apache.ratis.protocol.NotLeaderException: Server 809d6ad1-22d0-4b8b-b559-8565831e1fa5 is not the leader (null). Request must be sent to leader., logIndex=0, commits[809d6ad1-22d0-4b8b-b559-8565831e1fa5:c-1]
2019-08-29 01:07:07,008 | INFO  | SCMAudit | user=jenkins1000 | ip=192.168.69.96 | op=SEND_HEARTBEAT {datanodeUUID=5bffe5a2-2514-4bb7-aae2-99060e6d380e, command=[]} | ret=SUCCESS |  
2019-08-29 01:07:07,086 | INFO  | SCMAudit | user=jenkins1000 | ip=192.168.69.96 | op=SEND_HEARTBEAT {datanodeUUID=877941a7-1654-45c7-a491-219e5331d01c, command=[]} | ret=SUCCESS |  
2019-08-29 01:07:07,166 | INFO  | SCMAudit | user=jenkins1000 | ip=192.168.69.96 | op=SEND_HEARTBEAT {datanodeUUID=41e348e0-7cd9-472f-af3f-c5b5cc4c1cbe, command=[]} | ret=SUCCESS |  
2019-08-29 01:07:07,228 | INFO  | SCMAudit | user=jenkins1000 | ip=192.168.69.96 | op=SEND_HEARTBEAT {datanodeUUID=5ad5097d-a979-4d10-9f70-6acf19577cdd, command=[]} | ret=SUCCESS |  
2019-08-29 01:07:07,290 | INFO  | SCMAudit | user=jenkins1000 | ip=192.168.69.96 | op=SEND_HEARTBEAT {datanodeUUID=bbb59881-2c2e-4c46-bee0-3cc6903f36c9, command=[]} | ret=SUCCESS |  
2019-08-29 01:07:07,357 | INFO  | SCMAudit | user=jenkins1000 | ip=192.168.69.96 | op=SEND_HEARTBEAT {datanodeUUID=85caa6cf-c7c6-4192-8a58-74ecec5901dd, command=[]} | ret=SUCCESS |  
2019-08-29 01:07:07,416 | INFO  | SCMAudit | user=jenkins1000 | ip=192.168.69.96 | op=SEND_HEARTBEAT {datanodeUUID=809d6ad1-22d0-4b8b-b559-8565831e1fa5, command=[]} | ret=SUCCESS |  
2019-08-29 01:07:07,824 [grpc-default-executor-7] INFO  client.GrpcClientProtocolClient (GrpcClientProtocolClient.java:onNext(255)) - client-54C976773C82->5ad5097d-a979-4d10-9f70-6acf19577cdd: receive RaftClientReply:client-54C976773C82->5ad5097d-a979-4d10-9f70-6acf19577cdd@group-78ADE6B227B7, cid=81, FAILED org.apache.ratis.protocol.NotLeaderException: Server 5ad5097d-a979-4d10-9f70-6acf19577cdd is not the leader (null). Request must be sent to leader., logIndex=0, commits[5ad5097d-a979-4d10-9f70-6acf19577cdd:c-1]
]]></system-out>
  </testcase>
  <testcase name="test2WayCommitForTimeoutException" classname="org.apache.hadoop.ozone.client.rpc.TestWatchForCommit" time="45.616"/>
</testsuite>