<?xml version="1.0" encoding="UTF-8"?>
<testsuite xmlns:xsi="http://www.w3.org/2001/XMLSchema-instance" xsi:noNamespaceSchemaLocation="https://maven.apache.org/surefire/maven-surefire-plugin/xsd/surefire-test-report.xsd" name="org.apache.hadoop.hdds.scm.pipeline.TestRatisPipelineCreateAndDestroy" time="125.844" tests="2" errors="1" skipped="0" failures="0">
  <properties>
    <property name="awt.toolkit" value="sun.awt.X11.XToolkit"/>
    <property name="file.encoding.pkg" value="sun.io"/>
    <property name="java.specification.version" value="1.8"/>
    <property name="sun.cpu.isalist" value=""/>
    <property name="sun.jnu.encoding" value="UTF-8"/>
    <property name="java.class.path" value="/workdir/hadoop-ozone/integration-test/target/test-classes:/workdir/hadoop-ozone/integration-test/target/classes:/home/user/.m2/repository/org/apache/hadoop/hadoop-ozone-common/0.5.0-SNAPSHOT/hadoop-ozone-common-0.5.0-SNAPSHOT.jar:/home/user/.m2/repository/org/apache/commons/commons-compress/1.4.1/commons-compress-1.4.1.jar:/home/user/.m2/repository/org/tukaani/xz/1.0/xz-1.0.jar:/home/user/.m2/repository/org/apache/hadoop/hadoop-common/3.2.0/hadoop-common-3.2.0.jar:/home/user/.m2/repository/org/apache/hadoop/hadoop-hdfs/3.2.0/hadoop-hdfs-3.2.0.jar:/home/user/.m2/repository/org/apache/hadoop/hadoop-hdfs-client/3.2.0/hadoop-hdfs-client-3.2.0.jar:/home/user/.m2/repository/com/fasterxml/jackson/core/jackson-annotations/2.9.5/jackson-annotations-2.9.5.jar:/home/user/.m2/repository/org/apache/hadoop/hadoop-hdds-common/0.5.0-SNAPSHOT/hadoop-hdds-common-0.5.0-SNAPSHOT.jar:/home/user/.m2/repository/javax/annotation/javax.annotation-api/1.2/javax.annotation-api-1.2.jar:/home/user/.m2/repository/org/apache/ratis/ratis-server/0.4.0-2337318-SNAPSHOT/ratis-server-0.4.0-2337318-SNAPSHOT.jar:/home/user/.m2/repository/org/apache/ratis/ratis-thirdparty-misc/0.2.0/ratis-thirdparty-misc-0.2.0.jar:/home/user/.m2/repository/org/apache/ratis/ratis-proto/0.4.0-2337318-SNAPSHOT/ratis-proto-0.4.0-2337318-SNAPSHOT.jar:/home/user/.m2/repository/org/apache/ratis/ratis-common/0.4.0-2337318-SNAPSHOT/ratis-common-0.4.0-2337318-SNAPSHOT.jar:/home/user/.m2/repository/org/apache/ratis/ratis-client/0.4.0-2337318-SNAPSHOT/ratis-client-0.4.0-2337318-SNAPSHOT.jar:/home/user/.m2/repository/org/apache/ratis/ratis-metrics/0.4.0-2337318-SNAPSHOT/ratis-metrics-0.4.0-2337318-SNAPSHOT.jar:/home/user/.m2/repository/org/apache/ratis/ratis-netty/0.4.0-2337318-SNAPSHOT/ratis-netty-0.4.0-2337318-SNAPSHOT.jar:/home/user/.m2/repository/org/apache/ratis/ratis-grpc/0.4.0-2337318-SNAPSHOT/ratis-grpc-0.4.0-2337318-SNAPSHOT.jar:/home/user/.m2/repository/org/rocksdb/rocksdbjni/6.0.1/rocksdbjni-6.0.1.jar:/home/user/.m2/repository/org/apache/logging/log4j/log4j-api/2.11.0/log4j-api-2.11.0.jar:/home/user/.m2/repository/org/apache/logging/log4j/log4j-core/2.11.0/log4j-core-2.11.0.jar:/home/user/.m2/repository/com/lmax/disruptor/3.4.2/disruptor-3.4.2.jar:/home/user/.m2/repository/org/apache/commons/commons-pool2/2.6.0/commons-pool2-2.6.0.jar:/home/user/.m2/repository/org/bouncycastle/bcpkix-jdk15on/1.60/bcpkix-jdk15on-1.60.jar:/home/user/.m2/repository/commons-validator/commons-validator/1.6/commons-validator-1.6.jar:/home/user/.m2/repository/commons-digester/commons-digester/1.8.1/commons-digester-1.8.1.jar:/home/user/.m2/repository/io/jaegertracing/jaeger-client/0.33.1/jaeger-client-0.33.1.jar:/home/user/.m2/repository/io/jaegertracing/jaeger-thrift/0.33.1/jaeger-thrift-0.33.1.jar:/home/user/.m2/repository/org/apache/thrift/libthrift/0.11.0/libthrift-0.11.0.jar:/home/user/.m2/repository/com/squareup/okhttp3/okhttp/3.9.0/okhttp-3.9.0.jar:/home/user/.m2/repository/com/squareup/okio/okio/1.13.0/okio-1.13.0.jar:/home/user/.m2/repository/io/jaegertracing/jaeger-core/0.33.1/jaeger-core-0.33.1.jar:/home/user/.m2/repository/io/jaegertracing/jaeger-tracerresolver/0.33.1/jaeger-tracerresolver-0.33.1.jar:/home/user/.m2/repository/io/opentracing/contrib/opentracing-tracerresolver/0.1.5/opentracing-tracerresolver-0.1.5.jar:/home/user/.m2/repository/io/opentracing/opentracing-util/0.31.0/opentracing-util-0.31.0.jar:/home/user/.m2/repository/io/opentracing/opentracing-api/0.31.0/opentracing-api-0.31.0.jar:/home/user/.m2/repository/io/opentracing/opentracing-noop/0.31.0/opentracing-noop-0.31.0.jar:/home/user/.m2/repository/org/apache/hadoop/hadoop-hdds-server-framework/0.5.0-SNAPSHOT/hadoop-hdds-server-framework-0.5.0-SNAPSHOT.jar:/home/user/.m2/repository/org/apache/hadoop/hadoop-hdds-container-service/0.5.0-SNAPSHOT/hadoop-hdds-container-service-0.5.0-SNAPSHOT.jar:/home/user/.m2/repository/org/apache/hadoop/hadoop-hdds-client/0.5.0-SNAPSHOT/hadoop-hdds-client-0.5.0-SNAPSHOT.jar:/home/user/.m2/repository/org/apache/hadoop/hadoop-hdds-tools/0.5.0-SNAPSHOT/hadoop-hdds-tools-0.5.0-SNAPSHOT.jar:/home/user/.m2/repository/org/apache/hadoop/hadoop-hdds-server-scm/0.5.0-SNAPSHOT/hadoop-hdds-server-scm-0.5.0-SNAPSHOT.jar:/home/user/.m2/repository/org/apache/hadoop/hadoop-hdds-docs/0.5.0-SNAPSHOT/hadoop-hdds-docs-0.5.0-SNAPSHOT.jar:/home/user/.m2/repository/com/sun/xml/bind/jaxb-impl/2.3.0.1/jaxb-impl-2.3.0.1.jar:/home/user/.m2/repository/com/sun/xml/bind/jaxb-core/2.3.0.1/jaxb-core-2.3.0.1.jar:/home/user/.m2/repository/javax/xml/bind/jaxb-api/2.3.0/jaxb-api-2.3.0.jar:/home/user/.m2/repository/javax/activation/activation/1.1.1/activation-1.1.1.jar:/home/user/.m2/repository/io/dropwizard/metrics/metrics-core/3.2.4/metrics-core-3.2.4.jar:/home/user/.m2/repository/org/hamcrest/hamcrest-all/1.3/hamcrest-all-1.3.jar:/home/user/.m2/repository/org/bouncycastle/bcprov-jdk15on/1.60/bcprov-jdk15on-1.60.jar:/home/user/.m2/repository/info/picocli/picocli/3.9.6/picocli-3.9.6.jar:/home/user/.m2/repository/com/google/protobuf/protobuf-java/2.5.0/protobuf-java-2.5.0.jar:/home/user/.m2/repository/com/google/guava/guava/11.0.2/guava-11.0.2.jar:/home/user/.m2/repository/org/apache/hadoop/hadoop-ozone-ozone-manager/0.5.0-SNAPSHOT/hadoop-ozone-ozone-manager-0.5.0-SNAPSHOT.jar:/home/user/.m2/repository/org/apache/hadoop/hadoop-minikdc/3.2.0/hadoop-minikdc-3.2.0.jar:/home/user/.m2/repository/commons-io/commons-io/2.5/commons-io-2.5.jar:/home/user/.m2/repository/org/apache/kerby/kerb-simplekdc/1.0.1/kerb-simplekdc-1.0.1.jar:/home/user/.m2/repository/org/apache/kerby/kerb-client/1.0.1/kerb-client-1.0.1.jar:/home/user/.m2/repository/org/apache/kerby/kerby-config/1.0.1/kerby-config-1.0.1.jar:/home/user/.m2/repository/org/apache/kerby/kerb-core/1.0.1/kerb-core-1.0.1.jar:/home/user/.m2/repository/org/apache/kerby/kerby-pkix/1.0.1/kerby-pkix-1.0.1.jar:/home/user/.m2/repository/org/apache/kerby/kerby-asn1/1.0.1/kerby-asn1-1.0.1.jar:/home/user/.m2/repository/org/apache/kerby/kerby-util/1.0.1/kerby-util-1.0.1.jar:/home/user/.m2/repository/org/apache/kerby/kerb-common/1.0.1/kerb-common-1.0.1.jar:/home/user/.m2/repository/org/apache/kerby/kerb-crypto/1.0.1/kerb-crypto-1.0.1.jar:/home/user/.m2/repository/org/apache/kerby/kerb-util/1.0.1/kerb-util-1.0.1.jar:/home/user/.m2/repository/org/apache/kerby/token-provider/1.0.1/token-provider-1.0.1.jar:/home/user/.m2/repository/org/apache/kerby/kerb-admin/1.0.1/kerb-admin-1.0.1.jar:/home/user/.m2/repository/org/apache/kerby/kerb-server/1.0.1/kerb-server-1.0.1.jar:/home/user/.m2/repository/org/apache/kerby/kerb-identity/1.0.1/kerb-identity-1.0.1.jar:/home/user/.m2/repository/org/apache/kerby/kerby-xdr/1.0.1/kerby-xdr-1.0.1.jar:/home/user/.m2/repository/org/slf4j/slf4j-log4j12/1.7.25/slf4j-log4j12-1.7.25.jar:/home/user/.m2/repository/org/apache/hadoop/hadoop-ozone-s3gateway/0.5.0-SNAPSHOT/hadoop-ozone-s3gateway-0.5.0-SNAPSHOT.jar:/home/user/.m2/repository/org/jboss/weld/servlet/weld-servlet/2.4.7.Final/weld-servlet-2.4.7.Final.jar:/home/user/.m2/repository/org/glassfish/jersey/containers/jersey-container-servlet-core/2.27/jersey-container-servlet-core-2.27.jar:/home/user/.m2/repository/org/glassfish/hk2/external/javax.inject/2.5.0-b42/javax.inject-2.5.0-b42.jar:/home/user/.m2/repository/org/glassfish/jersey/core/jersey-common/2.27/jersey-common-2.27.jar:/home/user/.m2/repository/org/glassfish/hk2/osgi-resource-locator/1.0.1/osgi-resource-locator-1.0.1.jar:/home/user/.m2/repository/javax/ws/rs/javax.ws.rs-api/2.1/javax.ws.rs-api-2.1.jar:/home/user/.m2/repository/org/glassfish/jersey/ext/cdi/jersey-cdi1x/2.27/jersey-cdi1x-2.27.jar:/home/user/.m2/repository/org/glassfish/jersey/inject/jersey-hk2/2.27/jersey-hk2-2.27.jar:/home/user/.m2/repository/org/glassfish/hk2/hk2-locator/2.5.0-b42/hk2-locator-2.5.0-b42.jar:/home/user/.m2/repository/org/javassist/javassist/3.22.0-CR2/javassist-3.22.0-CR2.jar:/home/user/.m2/repository/org/glassfish/hk2/hk2-api/2.5.0/hk2-api-2.5.0.jar:/home/user/.m2/repository/org/glassfish/hk2/external/jakarta.inject/2.5.0/jakarta.inject-2.5.0.jar:/home/user/.m2/repository/org/glassfish/hk2/hk2-utils/2.5.0/hk2-utils-2.5.0.jar:/home/user/.m2/repository/jakarta/annotation/jakarta.annotation-api/1.3.4/jakarta.annotation-api-1.3.4.jar:/home/user/.m2/repository/org/glassfish/hk2/external/aopalliance-repackaged/2.5.0/aopalliance-repackaged-2.5.0.jar:/home/user/.m2/repository/com/fasterxml/jackson/dataformat/jackson-dataformat-xml/2.9.0/jackson-dataformat-xml-2.9.0.jar:/home/user/.m2/repository/com/fasterxml/jackson/core/jackson-core/2.9.5/jackson-core-2.9.5.jar:/home/user/.m2/repository/com/fasterxml/jackson/module/jackson-module-jaxb-annotations/2.9.5/jackson-module-jaxb-annotations-2.9.5.jar:/home/user/.m2/repository/javax/enterprise/cdi-api/1.2/cdi-api-1.2.jar:/home/user/.m2/repository/javax/el/javax.el-api/3.0.0/javax.el-api-3.0.0.jar:/home/user/.m2/repository/javax/interceptor/javax.interceptor-api/1.2/javax.interceptor-api-1.2.jar:/home/user/.m2/repository/javax/inject/javax.inject/1/javax.inject-1.jar:/home/user/.m2/repository/org/apache/hadoop/hadoop-ozone-csi/0.5.0-SNAPSHOT/hadoop-ozone-csi-0.5.0-SNAPSHOT.jar:/home/user/.m2/repository/com/google/protobuf/protobuf-java-util/3.5.1/protobuf-java-util-3.5.1.jar:/home/user/.m2/repository/org/apache/hadoop/hadoop-hdds-config/0.5.0-SNAPSHOT/hadoop-hdds-config-0.5.0-SNAPSHOT.jar:/home/user/.m2/repository/io/grpc/grpc-netty/1.17.1/grpc-netty-1.17.1.jar:/home/user/.m2/repository/io/grpc/grpc-core/1.17.1/grpc-core-1.17.1.jar:/home/user/.m2/repository/io/grpc/grpc-context/1.17.1/grpc-context-1.17.1.jar:/home/user/.m2/repository/com/google/errorprone/error_prone_annotations/2.2.0/error_prone_annotations-2.2.0.jar:/home/user/.m2/repository/org/codehaus/mojo/animal-sniffer-annotations/1.17/animal-sniffer-annotations-1.17.jar:/home/user/.m2/repository/io/opencensus/opencensus-api/0.17.0/opencensus-api-0.17.0.jar:/home/user/.m2/repository/io/opencensus/opencensus-contrib-grpc-metrics/0.17.0/opencensus-contrib-grpc-metrics-0.17.0.jar:/home/user/.m2/repository/io/netty/netty-codec-http2/4.1.30.Final/netty-codec-http2-4.1.30.Final.jar:/home/user/.m2/repository/io/netty/netty-codec-http/4.1.30.Final/netty-codec-http-4.1.30.Final.jar:/home/user/.m2/repository/io/netty/netty-codec/4.1.30.Final/netty-codec-4.1.30.Final.jar:/home/user/.m2/repository/io/netty/netty-handler/4.1.30.Final/netty-handler-4.1.30.Final.jar:/home/user/.m2/repository/io/netty/netty-handler-proxy/4.1.30.Final/netty-handler-proxy-4.1.30.Final.jar:/home/user/.m2/repository/io/netty/netty-codec-socks/4.1.30.Final/netty-codec-socks-4.1.30.Final.jar:/home/user/.m2/repository/io/netty/netty-transport-native-epoll/4.1.30.Final/netty-transport-native-epoll-4.1.30.Final.jar:/home/user/.m2/repository/io/netty/netty-common/4.1.30.Final/netty-common-4.1.30.Final.jar:/home/user/.m2/repository/io/netty/netty-buffer/4.1.30.Final/netty-buffer-4.1.30.Final.jar:/home/user/.m2/repository/io/netty/netty-transport/4.1.30.Final/netty-transport-4.1.30.Final.jar:/home/user/.m2/repository/io/netty/netty-resolver/4.1.30.Final/netty-resolver-4.1.30.Final.jar:/home/user/.m2/repository/io/netty/netty-transport-native-unix-common/4.1.30.Final/netty-transport-native-unix-common-4.1.30.Final.jar:/home/user/.m2/repository/io/grpc/grpc-protobuf/1.17.1/grpc-protobuf-1.17.1.jar:/home/user/.m2/repository/com/google/api/grpc/proto-google-common-protos/1.0.0/proto-google-common-protos-1.0.0.jar:/home/user/.m2/repository/io/grpc/grpc-protobuf-lite/1.17.1/grpc-protobuf-lite-1.17.1.jar:/home/user/.m2/repository/io/grpc/grpc-stub/1.17.1/grpc-stub-1.17.1.jar:/home/user/.m2/repository/org/apache/hadoop/hadoop-ozone-recon/0.5.0-SNAPSHOT/hadoop-ozone-recon-0.5.0-SNAPSHOT.jar:/home/user/.m2/repository/org/apache/hadoop/hadoop-ozone-reconcodegen/0.5.0-SNAPSHOT/hadoop-ozone-reconcodegen-0.5.0-SNAPSHOT.jar:/home/user/.m2/repository/com/google/inject/extensions/guice-multibindings/4.0/guice-multibindings-4.0.jar:/home/user/.m2/repository/com/google/inject/guice/4.0/guice-4.0.jar:/home/user/.m2/repository/aopalliance/aopalliance/1.0/aopalliance-1.0.jar:/home/user/.m2/repository/com/google/inject/extensions/guice-servlet/4.0/guice-servlet-4.0.jar:/home/user/.m2/repository/org/glassfish/jersey/containers/jersey-container-servlet/2.27/jersey-container-servlet-2.27.jar:/home/user/.m2/repository/org/glassfish/hk2/guice-bridge/2.5.0/guice-bridge-2.5.0.jar:/home/user/.m2/repository/org/glassfish/jersey/core/jersey-server/2.27/jersey-server-2.27.jar:/home/user/.m2/repository/org/glassfish/jersey/core/jersey-client/2.27/jersey-client-2.27.jar:/home/user/.m2/repository/org/glassfish/jersey/media/jersey-media-jaxb/2.27/jersey-media-jaxb-2.27.jar:/home/user/.m2/repository/javax/validation/validation-api/1.1.0.Final/validation-api-1.1.0.Final.jar:/home/user/.m2/repository/org/glassfish/jersey/media/jersey-media-json-jackson/2.27/jersey-media-json-jackson-2.27.jar:/home/user/.m2/repository/org/glassfish/jersey/ext/jersey-entity-filtering/2.27/jersey-entity-filtering-2.27.jar:/home/user/.m2/repository/com/google/inject/extensions/guice-assistedinject/4.0/guice-assistedinject-4.0.jar:/home/user/.m2/repository/org/jooq/jooq/3.11.10/jooq-3.11.10.jar:/home/user/.m2/repository/org/jooq/jooq-meta/3.11.10/jooq-meta-3.11.10.jar:/home/user/.m2/repository/org/jooq/jooq-codegen/3.11.10/jooq-codegen-3.11.10.jar:/home/user/.m2/repository/com/jolbox/bonecp/0.8.0.RELEASE/bonecp-0.8.0.RELEASE.jar:/home/user/.m2/repository/org/xerial/sqlite-jdbc/3.25.2/sqlite-jdbc-3.25.2.jar:/home/user/.m2/repository/org/springframework/spring-jdbc/5.1.3.RELEASE/spring-jdbc-5.1.3.RELEASE.jar:/home/user/.m2/repository/org/springframework/spring-beans/5.1.3.RELEASE/spring-beans-5.1.3.RELEASE.jar:/home/user/.m2/repository/org/springframework/spring-core/5.1.3.RELEASE/spring-core-5.1.3.RELEASE.jar:/home/user/.m2/repository/org/springframework/spring-jcl/5.1.3.RELEASE/spring-jcl-5.1.3.RELEASE.jar:/home/user/.m2/repository/org/springframework/spring-tx/5.1.3.RELEASE/spring-tx-5.1.3.RELEASE.jar:/home/user/.m2/repository/org/apache/hadoop/hadoop-ozone-client/0.5.0-SNAPSHOT/hadoop-ozone-client-0.5.0-SNAPSHOT.jar:/home/user/.m2/repository/commons-lang/commons-lang/2.6/commons-lang-2.6.jar:/home/user/.m2/repository/org/apache/hadoop/hadoop-ozone-ozone-manager/0.5.0-SNAPSHOT/hadoop-ozone-ozone-manager-0.5.0-SNAPSHOT-tests.jar:/home/user/.m2/repository/junit/junit/4.11/junit-4.11.jar:/home/user/.m2/repository/org/hamcrest/hamcrest-core/1.3/hamcrest-core-1.3.jar:/home/user/.m2/repository/org/openjdk/jmh/jmh-core/1.19/jmh-core-1.19.jar:/home/user/.m2/repository/net/sf/jopt-simple/jopt-simple/4.6/jopt-simple-4.6.jar:/home/user/.m2/repository/org/apache/commons/commons-math3/3.1.1/commons-math3-3.1.1.jar:/home/user/.m2/repository/org/openjdk/jmh/jmh-generator-annprocess/1.19/jmh-generator-annprocess-1.19.jar:/home/user/.m2/repository/org/mockito/mockito-all/1.8.5/mockito-all-1.8.5.jar:/home/user/.m2/repository/org/apache/hadoop/hadoop-kms/3.2.0/hadoop-kms-3.2.0.jar:/home/user/.m2/repository/org/apache/hadoop/hadoop-auth/3.2.0/hadoop-auth-3.2.0.jar:/home/user/.m2/repository/com/nimbusds/nimbus-jose-jwt/4.41.1/nimbus-jose-jwt-4.41.1.jar:/home/user/.m2/repository/com/github/stephenc/jcip/jcip-annotations/1.0-1/jcip-annotations-1.0-1.jar:/home/user/.m2/repository/net/minidev/json-smart/2.3/json-smart-2.3.jar:/home/user/.m2/repository/net/minidev/accessors-smart/1.2/accessors-smart-1.2.jar:/home/user/.m2/repository/org/ow2/asm/asm/5.0.4/asm-5.0.4.jar:/home/user/.m2/repository/org/apache/curator/curator-framework/2.12.0/curator-framework-2.12.0.jar:/home/user/.m2/repository/com/sun/jersey/jersey-core/1.19/jersey-core-1.19.jar:/home/user/.m2/repository/javax/ws/rs/jsr311-api/1.1.1/jsr311-api-1.1.1.jar:/home/user/.m2/repository/com/sun/jersey/jersey-server/1.19/jersey-server-1.19.jar:/home/user/.m2/repository/javax/servlet/javax.servlet-api/3.1.0/javax.servlet-api-3.1.0.jar:/home/user/.m2/repository/org/eclipse/jetty/jetty-server/9.3.24.v20180605/jetty-server-9.3.24.v20180605.jar:/home/user/.m2/repository/org/eclipse/jetty/jetty-http/9.3.24.v20180605/jetty-http-9.3.24.v20180605.jar:/home/user/.m2/repository/org/eclipse/jetty/jetty-io/9.3.24.v20180605/jetty-io-9.3.24.v20180605.jar:/home/user/.m2/repository/org/eclipse/jetty/jetty-webapp/9.3.24.v20180605/jetty-webapp-9.3.24.v20180605.jar:/home/user/.m2/repository/org/eclipse/jetty/jetty-xml/9.3.24.v20180605/jetty-xml-9.3.24.v20180605.jar:/home/user/.m2/repository/log4j/log4j/1.2.17/log4j-1.2.17.jar:/home/user/.m2/repository/org/slf4j/slf4j-api/1.7.25/slf4j-api-1.7.25.jar:/home/user/.m2/repository/org/slf4j/jul-to-slf4j/1.7.25/jul-to-slf4j-1.7.25.jar:/home/user/.m2/repository/org/eclipse/jetty/jetty-util/9.3.24.v20180605/jetty-util-9.3.24.v20180605.jar:/home/user/.m2/repository/com/fasterxml/jackson/core/jackson-databind/2.9.5/jackson-databind-2.9.5.jar:/home/user/.m2/repository/org/apache/hadoop/hadoop-kms/3.2.0/hadoop-kms-3.2.0-tests.jar:/home/user/.m2/repository/org/apache/hadoop/hadoop-hdds-server-scm/0.5.0-SNAPSHOT/hadoop-hdds-server-scm-0.5.0-SNAPSHOT-tests.jar:/home/user/.m2/repository/org/apache/hadoop/hadoop-hdds-container-service/0.5.0-SNAPSHOT/hadoop-hdds-container-service-0.5.0-SNAPSHOT-tests.jar:/home/user/.m2/repository/org/yaml/snakeyaml/1.16/snakeyaml-1.16.jar:/home/user/.m2/repository/org/apache/hadoop/hadoop-common/3.2.0/hadoop-common-3.2.0-tests.jar:/home/user/.m2/repository/org/apache/hadoop/hadoop-annotations/3.2.0/hadoop-annotations-3.2.0.jar:/usr/lib/jvm/java-1.8-openjdk/jre/../lib/tools.jar:/home/user/.m2/repository/commons-cli/commons-cli/1.2/commons-cli-1.2.jar:/home/user/.m2/repository/org/apache/httpcomponents/httpclient/4.5.2/httpclient-4.5.2.jar:/home/user/.m2/repository/org/apache/httpcomponents/httpcore/4.4.4/httpcore-4.4.4.jar:/home/user/.m2/repository/commons-codec/commons-codec/1.11/commons-codec-1.11.jar:/home/user/.m2/repository/commons-net/commons-net/3.6/commons-net-3.6.jar:/home/user/.m2/repository/commons-collections/commons-collections/3.2.2/commons-collections-3.2.2.jar:/home/user/.m2/repository/org/eclipse/jetty/jetty-servlet/9.3.24.v20180605/jetty-servlet-9.3.24.v20180605.jar:/home/user/.m2/repository/org/eclipse/jetty/jetty-security/9.3.24.v20180605/jetty-security-9.3.24.v20180605.jar:/home/user/.m2/repository/javax/servlet/jsp/jsp-api/2.1/jsp-api-2.1.jar:/home/user/.m2/repository/com/sun/jersey/jersey-servlet/1.19/jersey-servlet-1.19.jar:/home/user/.m2/repository/com/sun/jersey/jersey-json/1.19/jersey-json-1.19.jar:/home/user/.m2/repository/org/codehaus/jettison/jettison/1.1/jettison-1.1.jar:/home/user/.m2/repository/org/codehaus/jackson/jackson-core-asl/1.9.13/jackson-core-asl-1.9.13.jar:/home/user/.m2/repository/org/codehaus/jackson/jackson-mapper-asl/1.9.13/jackson-mapper-asl-1.9.13.jar:/home/user/.m2/repository/org/codehaus/jackson/jackson-jaxrs/1.9.13/jackson-jaxrs-1.9.13.jar:/home/user/.m2/repository/org/codehaus/jackson/jackson-xc/1.9.13/jackson-xc-1.9.13.jar:/home/user/.m2/repository/commons-logging/commons-logging/1.1.3/commons-logging-1.1.3.jar:/home/user/.m2/repository/commons-beanutils/commons-beanutils/1.9.3/commons-beanutils-1.9.3.jar:/home/user/.m2/repository/org/apache/commons/commons-configuration2/2.1.1/commons-configuration2-2.1.1.jar:/home/user/.m2/repository/org/apache/commons/commons-lang3/3.7/commons-lang3-3.7.jar:/home/user/.m2/repository/org/apache/commons/commons-text/1.4/commons-text-1.4.jar:/home/user/.m2/repository/org/apache/avro/avro/1.7.7/avro-1.7.7.jar:/home/user/.m2/repository/com/thoughtworks/paranamer/paranamer/2.3/paranamer-2.3.jar:/home/user/.m2/repository/org/xerial/snappy/snappy-java/1.0.5/snappy-java-1.0.5.jar:/home/user/.m2/repository/com/google/re2j/re2j/1.1/re2j-1.1.jar:/home/user/.m2/repository/com/google/code/gson/gson/2.2.4/gson-2.2.4.jar:/home/user/.m2/repository/com/jcraft/jsch/0.1.54/jsch-0.1.54.jar:/home/user/.m2/repository/org/apache/curator/curator-client/2.12.0/curator-client-2.12.0.jar:/home/user/.m2/repository/org/apache/curator/curator-recipes/2.12.0/curator-recipes-2.12.0.jar:/home/user/.m2/repository/com/google/code/findbugs/jsr305/3.0.0/jsr305-3.0.0.jar:/home/user/.m2/repository/org/apache/htrace/htrace-core4/4.1.0-incubating/htrace-core4-4.1.0-incubating.jar:/home/user/.m2/repository/org/apache/zookeeper/zookeeper/3.4.13/zookeeper-3.4.13.jar:/home/user/.m2/repository/org/apache/yetus/audience-annotations/0.5.0/audience-annotations-0.5.0.jar:/home/user/.m2/repository/org/codehaus/woodstox/stax2-api/3.1.4/stax2-api-3.1.4.jar:/home/user/.m2/repository/com/fasterxml/woodstox/woodstox-core/5.0.3/woodstox-core-5.0.3.jar:/home/user/.m2/repository/dnsjava/dnsjava/2.1.7/dnsjava-2.1.7.jar:/home/user/.m2/repository/org/apache/hadoop/hadoop-hdfs/3.2.0/hadoop-hdfs-3.2.0-tests.jar:/home/user/.m2/repository/org/eclipse/jetty/jetty-util-ajax/9.3.24.v20180605/jetty-util-ajax-9.3.24.v20180605.jar:/home/user/.m2/repository/commons-daemon/commons-daemon/1.0.13/commons-daemon-1.0.13.jar:/home/user/.m2/repository/io/netty/netty/3.10.5.Final/netty-3.10.5.Final.jar:/home/user/.m2/repository/io/netty/netty-all/4.0.52.Final/netty-all-4.0.52.Final.jar:/home/user/.m2/repository/org/fusesource/leveldbjni/leveldbjni-all/1.8/leveldbjni-all-1.8.jar:"/>
    <property name="java.vm.vendor" value="IcedTea"/>
    <property name="sun.arch.data.model" value="64"/>
    <property name="test.build.dir" value="/workdir/hadoop-ozone/integration-test/target/test-dir"/>
    <property name="test.cache.data" value=""/>
    <property name="java.vendor.url" value="https://icedtea.classpath.org"/>
    <property name="user.timezone" value=""/>
    <property name="java.vm.specification.version" value="1.8"/>
    <property name="os.name" value="Linux"/>
    <property name="test.build.data" value="/workdir/hadoop-ozone/integration-test/target/test-dir"/>
    <property name="user.country" value="US"/>
    <property name="sun.java.launcher" value="SUN_STANDARD"/>
    <property name="sun.boot.library.path" value="/usr/lib/jvm/java-1.8-openjdk/jre/lib/amd64"/>
    <property name="sun.java.command" value="/workdir/hadoop-ozone/integration-test/target/surefire/surefirebooter7026794610099220074.jar /workdir/hadoop-ozone/integration-test/target/surefire 2019-08-29T00-41-30_453-jvmRun1 surefire5587046023894939200tmp surefire_785673543745140235022tmp"/>
    <property name="test" value="!TestMiniChaosOzoneCluster"/>
    <property name="surefire.test.class.path" value="/workdir/hadoop-ozone/integration-test/target/test-classes:/workdir/hadoop-ozone/integration-test/target/classes:/home/user/.m2/repository/org/apache/hadoop/hadoop-ozone-common/0.5.0-SNAPSHOT/hadoop-ozone-common-0.5.0-SNAPSHOT.jar:/home/user/.m2/repository/org/apache/commons/commons-compress/1.4.1/commons-compress-1.4.1.jar:/home/user/.m2/repository/org/tukaani/xz/1.0/xz-1.0.jar:/home/user/.m2/repository/org/apache/hadoop/hadoop-common/3.2.0/hadoop-common-3.2.0.jar:/home/user/.m2/repository/org/apache/hadoop/hadoop-hdfs/3.2.0/hadoop-hdfs-3.2.0.jar:/home/user/.m2/repository/org/apache/hadoop/hadoop-hdfs-client/3.2.0/hadoop-hdfs-client-3.2.0.jar:/home/user/.m2/repository/com/fasterxml/jackson/core/jackson-annotations/2.9.5/jackson-annotations-2.9.5.jar:/home/user/.m2/repository/org/apache/hadoop/hadoop-hdds-common/0.5.0-SNAPSHOT/hadoop-hdds-common-0.5.0-SNAPSHOT.jar:/home/user/.m2/repository/javax/annotation/javax.annotation-api/1.2/javax.annotation-api-1.2.jar:/home/user/.m2/repository/org/apache/ratis/ratis-server/0.4.0-2337318-SNAPSHOT/ratis-server-0.4.0-2337318-SNAPSHOT.jar:/home/user/.m2/repository/org/apache/ratis/ratis-thirdparty-misc/0.2.0/ratis-thirdparty-misc-0.2.0.jar:/home/user/.m2/repository/org/apache/ratis/ratis-proto/0.4.0-2337318-SNAPSHOT/ratis-proto-0.4.0-2337318-SNAPSHOT.jar:/home/user/.m2/repository/org/apache/ratis/ratis-common/0.4.0-2337318-SNAPSHOT/ratis-common-0.4.0-2337318-SNAPSHOT.jar:/home/user/.m2/repository/org/apache/ratis/ratis-client/0.4.0-2337318-SNAPSHOT/ratis-client-0.4.0-2337318-SNAPSHOT.jar:/home/user/.m2/repository/org/apache/ratis/ratis-metrics/0.4.0-2337318-SNAPSHOT/ratis-metrics-0.4.0-2337318-SNAPSHOT.jar:/home/user/.m2/repository/org/apache/ratis/ratis-netty/0.4.0-2337318-SNAPSHOT/ratis-netty-0.4.0-2337318-SNAPSHOT.jar:/home/user/.m2/repository/org/apache/ratis/ratis-grpc/0.4.0-2337318-SNAPSHOT/ratis-grpc-0.4.0-2337318-SNAPSHOT.jar:/home/user/.m2/repository/org/rocksdb/rocksdbjni/6.0.1/rocksdbjni-6.0.1.jar:/home/user/.m2/repository/org/apache/logging/log4j/log4j-api/2.11.0/log4j-api-2.11.0.jar:/home/user/.m2/repository/org/apache/logging/log4j/log4j-core/2.11.0/log4j-core-2.11.0.jar:/home/user/.m2/repository/com/lmax/disruptor/3.4.2/disruptor-3.4.2.jar:/home/user/.m2/repository/org/apache/commons/commons-pool2/2.6.0/commons-pool2-2.6.0.jar:/home/user/.m2/repository/org/bouncycastle/bcpkix-jdk15on/1.60/bcpkix-jdk15on-1.60.jar:/home/user/.m2/repository/commons-validator/commons-validator/1.6/commons-validator-1.6.jar:/home/user/.m2/repository/commons-digester/commons-digester/1.8.1/commons-digester-1.8.1.jar:/home/user/.m2/repository/io/jaegertracing/jaeger-client/0.33.1/jaeger-client-0.33.1.jar:/home/user/.m2/repository/io/jaegertracing/jaeger-thrift/0.33.1/jaeger-thrift-0.33.1.jar:/home/user/.m2/repository/org/apache/thrift/libthrift/0.11.0/libthrift-0.11.0.jar:/home/user/.m2/repository/com/squareup/okhttp3/okhttp/3.9.0/okhttp-3.9.0.jar:/home/user/.m2/repository/com/squareup/okio/okio/1.13.0/okio-1.13.0.jar:/home/user/.m2/repository/io/jaegertracing/jaeger-core/0.33.1/jaeger-core-0.33.1.jar:/home/user/.m2/repository/io/jaegertracing/jaeger-tracerresolver/0.33.1/jaeger-tracerresolver-0.33.1.jar:/home/user/.m2/repository/io/opentracing/contrib/opentracing-tracerresolver/0.1.5/opentracing-tracerresolver-0.1.5.jar:/home/user/.m2/repository/io/opentracing/opentracing-util/0.31.0/opentracing-util-0.31.0.jar:/home/user/.m2/repository/io/opentracing/opentracing-api/0.31.0/opentracing-api-0.31.0.jar:/home/user/.m2/repository/io/opentracing/opentracing-noop/0.31.0/opentracing-noop-0.31.0.jar:/home/user/.m2/repository/org/apache/hadoop/hadoop-hdds-server-framework/0.5.0-SNAPSHOT/hadoop-hdds-server-framework-0.5.0-SNAPSHOT.jar:/home/user/.m2/repository/org/apache/hadoop/hadoop-hdds-container-service/0.5.0-SNAPSHOT/hadoop-hdds-container-service-0.5.0-SNAPSHOT.jar:/home/user/.m2/repository/org/apache/hadoop/hadoop-hdds-client/0.5.0-SNAPSHOT/hadoop-hdds-client-0.5.0-SNAPSHOT.jar:/home/user/.m2/repository/org/apache/hadoop/hadoop-hdds-tools/0.5.0-SNAPSHOT/hadoop-hdds-tools-0.5.0-SNAPSHOT.jar:/home/user/.m2/repository/org/apache/hadoop/hadoop-hdds-server-scm/0.5.0-SNAPSHOT/hadoop-hdds-server-scm-0.5.0-SNAPSHOT.jar:/home/user/.m2/repository/org/apache/hadoop/hadoop-hdds-docs/0.5.0-SNAPSHOT/hadoop-hdds-docs-0.5.0-SNAPSHOT.jar:/home/user/.m2/repository/com/sun/xml/bind/jaxb-impl/2.3.0.1/jaxb-impl-2.3.0.1.jar:/home/user/.m2/repository/com/sun/xml/bind/jaxb-core/2.3.0.1/jaxb-core-2.3.0.1.jar:/home/user/.m2/repository/javax/xml/bind/jaxb-api/2.3.0/jaxb-api-2.3.0.jar:/home/user/.m2/repository/javax/activation/activation/1.1.1/activation-1.1.1.jar:/home/user/.m2/repository/io/dropwizard/metrics/metrics-core/3.2.4/metrics-core-3.2.4.jar:/home/user/.m2/repository/org/hamcrest/hamcrest-all/1.3/hamcrest-all-1.3.jar:/home/user/.m2/repository/org/bouncycastle/bcprov-jdk15on/1.60/bcprov-jdk15on-1.60.jar:/home/user/.m2/repository/info/picocli/picocli/3.9.6/picocli-3.9.6.jar:/home/user/.m2/repository/com/google/protobuf/protobuf-java/2.5.0/protobuf-java-2.5.0.jar:/home/user/.m2/repository/com/google/guava/guava/11.0.2/guava-11.0.2.jar:/home/user/.m2/repository/org/apache/hadoop/hadoop-ozone-ozone-manager/0.5.0-SNAPSHOT/hadoop-ozone-ozone-manager-0.5.0-SNAPSHOT.jar:/home/user/.m2/repository/org/apache/hadoop/hadoop-minikdc/3.2.0/hadoop-minikdc-3.2.0.jar:/home/user/.m2/repository/commons-io/commons-io/2.5/commons-io-2.5.jar:/home/user/.m2/repository/org/apache/kerby/kerb-simplekdc/1.0.1/kerb-simplekdc-1.0.1.jar:/home/user/.m2/repository/org/apache/kerby/kerb-client/1.0.1/kerb-client-1.0.1.jar:/home/user/.m2/repository/org/apache/kerby/kerby-config/1.0.1/kerby-config-1.0.1.jar:/home/user/.m2/repository/org/apache/kerby/kerb-core/1.0.1/kerb-core-1.0.1.jar:/home/user/.m2/repository/org/apache/kerby/kerby-pkix/1.0.1/kerby-pkix-1.0.1.jar:/home/user/.m2/repository/org/apache/kerby/kerby-asn1/1.0.1/kerby-asn1-1.0.1.jar:/home/user/.m2/repository/org/apache/kerby/kerby-util/1.0.1/kerby-util-1.0.1.jar:/home/user/.m2/repository/org/apache/kerby/kerb-common/1.0.1/kerb-common-1.0.1.jar:/home/user/.m2/repository/org/apache/kerby/kerb-crypto/1.0.1/kerb-crypto-1.0.1.jar:/home/user/.m2/repository/org/apache/kerby/kerb-util/1.0.1/kerb-util-1.0.1.jar:/home/user/.m2/repository/org/apache/kerby/token-provider/1.0.1/token-provider-1.0.1.jar:/home/user/.m2/repository/org/apache/kerby/kerb-admin/1.0.1/kerb-admin-1.0.1.jar:/home/user/.m2/repository/org/apache/kerby/kerb-server/1.0.1/kerb-server-1.0.1.jar:/home/user/.m2/repository/org/apache/kerby/kerb-identity/1.0.1/kerb-identity-1.0.1.jar:/home/user/.m2/repository/org/apache/kerby/kerby-xdr/1.0.1/kerby-xdr-1.0.1.jar:/home/user/.m2/repository/org/slf4j/slf4j-log4j12/1.7.25/slf4j-log4j12-1.7.25.jar:/home/user/.m2/repository/org/apache/hadoop/hadoop-ozone-s3gateway/0.5.0-SNAPSHOT/hadoop-ozone-s3gateway-0.5.0-SNAPSHOT.jar:/home/user/.m2/repository/org/jboss/weld/servlet/weld-servlet/2.4.7.Final/weld-servlet-2.4.7.Final.jar:/home/user/.m2/repository/org/glassfish/jersey/containers/jersey-container-servlet-core/2.27/jersey-container-servlet-core-2.27.jar:/home/user/.m2/repository/org/glassfish/hk2/external/javax.inject/2.5.0-b42/javax.inject-2.5.0-b42.jar:/home/user/.m2/repository/org/glassfish/jersey/core/jersey-common/2.27/jersey-common-2.27.jar:/home/user/.m2/repository/org/glassfish/hk2/osgi-resource-locator/1.0.1/osgi-resource-locator-1.0.1.jar:/home/user/.m2/repository/javax/ws/rs/javax.ws.rs-api/2.1/javax.ws.rs-api-2.1.jar:/home/user/.m2/repository/org/glassfish/jersey/ext/cdi/jersey-cdi1x/2.27/jersey-cdi1x-2.27.jar:/home/user/.m2/repository/org/glassfish/jersey/inject/jersey-hk2/2.27/jersey-hk2-2.27.jar:/home/user/.m2/repository/org/glassfish/hk2/hk2-locator/2.5.0-b42/hk2-locator-2.5.0-b42.jar:/home/user/.m2/repository/org/javassist/javassist/3.22.0-CR2/javassist-3.22.0-CR2.jar:/home/user/.m2/repository/org/glassfish/hk2/hk2-api/2.5.0/hk2-api-2.5.0.jar:/home/user/.m2/repository/org/glassfish/hk2/external/jakarta.inject/2.5.0/jakarta.inject-2.5.0.jar:/home/user/.m2/repository/org/glassfish/hk2/hk2-utils/2.5.0/hk2-utils-2.5.0.jar:/home/user/.m2/repository/jakarta/annotation/jakarta.annotation-api/1.3.4/jakarta.annotation-api-1.3.4.jar:/home/user/.m2/repository/org/glassfish/hk2/external/aopalliance-repackaged/2.5.0/aopalliance-repackaged-2.5.0.jar:/home/user/.m2/repository/com/fasterxml/jackson/dataformat/jackson-dataformat-xml/2.9.0/jackson-dataformat-xml-2.9.0.jar:/home/user/.m2/repository/com/fasterxml/jackson/core/jackson-core/2.9.5/jackson-core-2.9.5.jar:/home/user/.m2/repository/com/fasterxml/jackson/module/jackson-module-jaxb-annotations/2.9.5/jackson-module-jaxb-annotations-2.9.5.jar:/home/user/.m2/repository/javax/enterprise/cdi-api/1.2/cdi-api-1.2.jar:/home/user/.m2/repository/javax/el/javax.el-api/3.0.0/javax.el-api-3.0.0.jar:/home/user/.m2/repository/javax/interceptor/javax.interceptor-api/1.2/javax.interceptor-api-1.2.jar:/home/user/.m2/repository/javax/inject/javax.inject/1/javax.inject-1.jar:/home/user/.m2/repository/org/apache/hadoop/hadoop-ozone-csi/0.5.0-SNAPSHOT/hadoop-ozone-csi-0.5.0-SNAPSHOT.jar:/home/user/.m2/repository/com/google/protobuf/protobuf-java-util/3.5.1/protobuf-java-util-3.5.1.jar:/home/user/.m2/repository/org/apache/hadoop/hadoop-hdds-config/0.5.0-SNAPSHOT/hadoop-hdds-config-0.5.0-SNAPSHOT.jar:/home/user/.m2/repository/io/grpc/grpc-netty/1.17.1/grpc-netty-1.17.1.jar:/home/user/.m2/repository/io/grpc/grpc-core/1.17.1/grpc-core-1.17.1.jar:/home/user/.m2/repository/io/grpc/grpc-context/1.17.1/grpc-context-1.17.1.jar:/home/user/.m2/repository/com/google/errorprone/error_prone_annotations/2.2.0/error_prone_annotations-2.2.0.jar:/home/user/.m2/repository/org/codehaus/mojo/animal-sniffer-annotations/1.17/animal-sniffer-annotations-1.17.jar:/home/user/.m2/repository/io/opencensus/opencensus-api/0.17.0/opencensus-api-0.17.0.jar:/home/user/.m2/repository/io/opencensus/opencensus-contrib-grpc-metrics/0.17.0/opencensus-contrib-grpc-metrics-0.17.0.jar:/home/user/.m2/repository/io/netty/netty-codec-http2/4.1.30.Final/netty-codec-http2-4.1.30.Final.jar:/home/user/.m2/repository/io/netty/netty-codec-http/4.1.30.Final/netty-codec-http-4.1.30.Final.jar:/home/user/.m2/repository/io/netty/netty-codec/4.1.30.Final/netty-codec-4.1.30.Final.jar:/home/user/.m2/repository/io/netty/netty-handler/4.1.30.Final/netty-handler-4.1.30.Final.jar:/home/user/.m2/repository/io/netty/netty-handler-proxy/4.1.30.Final/netty-handler-proxy-4.1.30.Final.jar:/home/user/.m2/repository/io/netty/netty-codec-socks/4.1.30.Final/netty-codec-socks-4.1.30.Final.jar:/home/user/.m2/repository/io/netty/netty-transport-native-epoll/4.1.30.Final/netty-transport-native-epoll-4.1.30.Final.jar:/home/user/.m2/repository/io/netty/netty-common/4.1.30.Final/netty-common-4.1.30.Final.jar:/home/user/.m2/repository/io/netty/netty-buffer/4.1.30.Final/netty-buffer-4.1.30.Final.jar:/home/user/.m2/repository/io/netty/netty-transport/4.1.30.Final/netty-transport-4.1.30.Final.jar:/home/user/.m2/repository/io/netty/netty-resolver/4.1.30.Final/netty-resolver-4.1.30.Final.jar:/home/user/.m2/repository/io/netty/netty-transport-native-unix-common/4.1.30.Final/netty-transport-native-unix-common-4.1.30.Final.jar:/home/user/.m2/repository/io/grpc/grpc-protobuf/1.17.1/grpc-protobuf-1.17.1.jar:/home/user/.m2/repository/com/google/api/grpc/proto-google-common-protos/1.0.0/proto-google-common-protos-1.0.0.jar:/home/user/.m2/repository/io/grpc/grpc-protobuf-lite/1.17.1/grpc-protobuf-lite-1.17.1.jar:/home/user/.m2/repository/io/grpc/grpc-stub/1.17.1/grpc-stub-1.17.1.jar:/home/user/.m2/repository/org/apache/hadoop/hadoop-ozone-recon/0.5.0-SNAPSHOT/hadoop-ozone-recon-0.5.0-SNAPSHOT.jar:/home/user/.m2/repository/org/apache/hadoop/hadoop-ozone-reconcodegen/0.5.0-SNAPSHOT/hadoop-ozone-reconcodegen-0.5.0-SNAPSHOT.jar:/home/user/.m2/repository/com/google/inject/extensions/guice-multibindings/4.0/guice-multibindings-4.0.jar:/home/user/.m2/repository/com/google/inject/guice/4.0/guice-4.0.jar:/home/user/.m2/repository/aopalliance/aopalliance/1.0/aopalliance-1.0.jar:/home/user/.m2/repository/com/google/inject/extensions/guice-servlet/4.0/guice-servlet-4.0.jar:/home/user/.m2/repository/org/glassfish/jersey/containers/jersey-container-servlet/2.27/jersey-container-servlet-2.27.jar:/home/user/.m2/repository/org/glassfish/hk2/guice-bridge/2.5.0/guice-bridge-2.5.0.jar:/home/user/.m2/repository/org/glassfish/jersey/core/jersey-server/2.27/jersey-server-2.27.jar:/home/user/.m2/repository/org/glassfish/jersey/core/jersey-client/2.27/jersey-client-2.27.jar:/home/user/.m2/repository/org/glassfish/jersey/media/jersey-media-jaxb/2.27/jersey-media-jaxb-2.27.jar:/home/user/.m2/repository/javax/validation/validation-api/1.1.0.Final/validation-api-1.1.0.Final.jar:/home/user/.m2/repository/org/glassfish/jersey/media/jersey-media-json-jackson/2.27/jersey-media-json-jackson-2.27.jar:/home/user/.m2/repository/org/glassfish/jersey/ext/jersey-entity-filtering/2.27/jersey-entity-filtering-2.27.jar:/home/user/.m2/repository/com/google/inject/extensions/guice-assistedinject/4.0/guice-assistedinject-4.0.jar:/home/user/.m2/repository/org/jooq/jooq/3.11.10/jooq-3.11.10.jar:/home/user/.m2/repository/org/jooq/jooq-meta/3.11.10/jooq-meta-3.11.10.jar:/home/user/.m2/repository/org/jooq/jooq-codegen/3.11.10/jooq-codegen-3.11.10.jar:/home/user/.m2/repository/com/jolbox/bonecp/0.8.0.RELEASE/bonecp-0.8.0.RELEASE.jar:/home/user/.m2/repository/org/xerial/sqlite-jdbc/3.25.2/sqlite-jdbc-3.25.2.jar:/home/user/.m2/repository/org/springframework/spring-jdbc/5.1.3.RELEASE/spring-jdbc-5.1.3.RELEASE.jar:/home/user/.m2/repository/org/springframework/spring-beans/5.1.3.RELEASE/spring-beans-5.1.3.RELEASE.jar:/home/user/.m2/repository/org/springframework/spring-core/5.1.3.RELEASE/spring-core-5.1.3.RELEASE.jar:/home/user/.m2/repository/org/springframework/spring-jcl/5.1.3.RELEASE/spring-jcl-5.1.3.RELEASE.jar:/home/user/.m2/repository/org/springframework/spring-tx/5.1.3.RELEASE/spring-tx-5.1.3.RELEASE.jar:/home/user/.m2/repository/org/apache/hadoop/hadoop-ozone-client/0.5.0-SNAPSHOT/hadoop-ozone-client-0.5.0-SNAPSHOT.jar:/home/user/.m2/repository/commons-lang/commons-lang/2.6/commons-lang-2.6.jar:/home/user/.m2/repository/org/apache/hadoop/hadoop-ozone-ozone-manager/0.5.0-SNAPSHOT/hadoop-ozone-ozone-manager-0.5.0-SNAPSHOT-tests.jar:/home/user/.m2/repository/junit/junit/4.11/junit-4.11.jar:/home/user/.m2/repository/org/hamcrest/hamcrest-core/1.3/hamcrest-core-1.3.jar:/home/user/.m2/repository/org/openjdk/jmh/jmh-core/1.19/jmh-core-1.19.jar:/home/user/.m2/repository/net/sf/jopt-simple/jopt-simple/4.6/jopt-simple-4.6.jar:/home/user/.m2/repository/org/apache/commons/commons-math3/3.1.1/commons-math3-3.1.1.jar:/home/user/.m2/repository/org/openjdk/jmh/jmh-generator-annprocess/1.19/jmh-generator-annprocess-1.19.jar:/home/user/.m2/repository/org/mockito/mockito-all/1.8.5/mockito-all-1.8.5.jar:/home/user/.m2/repository/org/apache/hadoop/hadoop-kms/3.2.0/hadoop-kms-3.2.0.jar:/home/user/.m2/repository/org/apache/hadoop/hadoop-auth/3.2.0/hadoop-auth-3.2.0.jar:/home/user/.m2/repository/com/nimbusds/nimbus-jose-jwt/4.41.1/nimbus-jose-jwt-4.41.1.jar:/home/user/.m2/repository/com/github/stephenc/jcip/jcip-annotations/1.0-1/jcip-annotations-1.0-1.jar:/home/user/.m2/repository/net/minidev/json-smart/2.3/json-smart-2.3.jar:/home/user/.m2/repository/net/minidev/accessors-smart/1.2/accessors-smart-1.2.jar:/home/user/.m2/repository/org/ow2/asm/asm/5.0.4/asm-5.0.4.jar:/home/user/.m2/repository/org/apache/curator/curator-framework/2.12.0/curator-framework-2.12.0.jar:/home/user/.m2/repository/com/sun/jersey/jersey-core/1.19/jersey-core-1.19.jar:/home/user/.m2/repository/javax/ws/rs/jsr311-api/1.1.1/jsr311-api-1.1.1.jar:/home/user/.m2/repository/com/sun/jersey/jersey-server/1.19/jersey-server-1.19.jar:/home/user/.m2/repository/javax/servlet/javax.servlet-api/3.1.0/javax.servlet-api-3.1.0.jar:/home/user/.m2/repository/org/eclipse/jetty/jetty-server/9.3.24.v20180605/jetty-server-9.3.24.v20180605.jar:/home/user/.m2/repository/org/eclipse/jetty/jetty-http/9.3.24.v20180605/jetty-http-9.3.24.v20180605.jar:/home/user/.m2/repository/org/eclipse/jetty/jetty-io/9.3.24.v20180605/jetty-io-9.3.24.v20180605.jar:/home/user/.m2/repository/org/eclipse/jetty/jetty-webapp/9.3.24.v20180605/jetty-webapp-9.3.24.v20180605.jar:/home/user/.m2/repository/org/eclipse/jetty/jetty-xml/9.3.24.v20180605/jetty-xml-9.3.24.v20180605.jar:/home/user/.m2/repository/log4j/log4j/1.2.17/log4j-1.2.17.jar:/home/user/.m2/repository/org/slf4j/slf4j-api/1.7.25/slf4j-api-1.7.25.jar:/home/user/.m2/repository/org/slf4j/jul-to-slf4j/1.7.25/jul-to-slf4j-1.7.25.jar:/home/user/.m2/repository/org/eclipse/jetty/jetty-util/9.3.24.v20180605/jetty-util-9.3.24.v20180605.jar:/home/user/.m2/repository/com/fasterxml/jackson/core/jackson-databind/2.9.5/jackson-databind-2.9.5.jar:/home/user/.m2/repository/org/apache/hadoop/hadoop-kms/3.2.0/hadoop-kms-3.2.0-tests.jar:/home/user/.m2/repository/org/apache/hadoop/hadoop-hdds-server-scm/0.5.0-SNAPSHOT/hadoop-hdds-server-scm-0.5.0-SNAPSHOT-tests.jar:/home/user/.m2/repository/org/apache/hadoop/hadoop-hdds-container-service/0.5.0-SNAPSHOT/hadoop-hdds-container-service-0.5.0-SNAPSHOT-tests.jar:/home/user/.m2/repository/org/yaml/snakeyaml/1.16/snakeyaml-1.16.jar:/home/user/.m2/repository/org/apache/hadoop/hadoop-common/3.2.0/hadoop-common-3.2.0-tests.jar:/home/user/.m2/repository/org/apache/hadoop/hadoop-annotations/3.2.0/hadoop-annotations-3.2.0.jar:/usr/lib/jvm/java-1.8-openjdk/jre/../lib/tools.jar:/home/user/.m2/repository/commons-cli/commons-cli/1.2/commons-cli-1.2.jar:/home/user/.m2/repository/org/apache/httpcomponents/httpclient/4.5.2/httpclient-4.5.2.jar:/home/user/.m2/repository/org/apache/httpcomponents/httpcore/4.4.4/httpcore-4.4.4.jar:/home/user/.m2/repository/commons-codec/commons-codec/1.11/commons-codec-1.11.jar:/home/user/.m2/repository/commons-net/commons-net/3.6/commons-net-3.6.jar:/home/user/.m2/repository/commons-collections/commons-collections/3.2.2/commons-collections-3.2.2.jar:/home/user/.m2/repository/org/eclipse/jetty/jetty-servlet/9.3.24.v20180605/jetty-servlet-9.3.24.v20180605.jar:/home/user/.m2/repository/org/eclipse/jetty/jetty-security/9.3.24.v20180605/jetty-security-9.3.24.v20180605.jar:/home/user/.m2/repository/javax/servlet/jsp/jsp-api/2.1/jsp-api-2.1.jar:/home/user/.m2/repository/com/sun/jersey/jersey-servlet/1.19/jersey-servlet-1.19.jar:/home/user/.m2/repository/com/sun/jersey/jersey-json/1.19/jersey-json-1.19.jar:/home/user/.m2/repository/org/codehaus/jettison/jettison/1.1/jettison-1.1.jar:/home/user/.m2/repository/org/codehaus/jackson/jackson-core-asl/1.9.13/jackson-core-asl-1.9.13.jar:/home/user/.m2/repository/org/codehaus/jackson/jackson-mapper-asl/1.9.13/jackson-mapper-asl-1.9.13.jar:/home/user/.m2/repository/org/codehaus/jackson/jackson-jaxrs/1.9.13/jackson-jaxrs-1.9.13.jar:/home/user/.m2/repository/org/codehaus/jackson/jackson-xc/1.9.13/jackson-xc-1.9.13.jar:/home/user/.m2/repository/commons-logging/commons-logging/1.1.3/commons-logging-1.1.3.jar:/home/user/.m2/repository/commons-beanutils/commons-beanutils/1.9.3/commons-beanutils-1.9.3.jar:/home/user/.m2/repository/org/apache/commons/commons-configuration2/2.1.1/commons-configuration2-2.1.1.jar:/home/user/.m2/repository/org/apache/commons/commons-lang3/3.7/commons-lang3-3.7.jar:/home/user/.m2/repository/org/apache/commons/commons-text/1.4/commons-text-1.4.jar:/home/user/.m2/repository/org/apache/avro/avro/1.7.7/avro-1.7.7.jar:/home/user/.m2/repository/com/thoughtworks/paranamer/paranamer/2.3/paranamer-2.3.jar:/home/user/.m2/repository/org/xerial/snappy/snappy-java/1.0.5/snappy-java-1.0.5.jar:/home/user/.m2/repository/com/google/re2j/re2j/1.1/re2j-1.1.jar:/home/user/.m2/repository/com/google/code/gson/gson/2.2.4/gson-2.2.4.jar:/home/user/.m2/repository/com/jcraft/jsch/0.1.54/jsch-0.1.54.jar:/home/user/.m2/repository/org/apache/curator/curator-client/2.12.0/curator-client-2.12.0.jar:/home/user/.m2/repository/org/apache/curator/curator-recipes/2.12.0/curator-recipes-2.12.0.jar:/home/user/.m2/repository/com/google/code/findbugs/jsr305/3.0.0/jsr305-3.0.0.jar:/home/user/.m2/repository/org/apache/htrace/htrace-core4/4.1.0-incubating/htrace-core4-4.1.0-incubating.jar:/home/user/.m2/repository/org/apache/zookeeper/zookeeper/3.4.13/zookeeper-3.4.13.jar:/home/user/.m2/repository/org/apache/yetus/audience-annotations/0.5.0/audience-annotations-0.5.0.jar:/home/user/.m2/repository/org/codehaus/woodstox/stax2-api/3.1.4/stax2-api-3.1.4.jar:/home/user/.m2/repository/com/fasterxml/woodstox/woodstox-core/5.0.3/woodstox-core-5.0.3.jar:/home/user/.m2/repository/dnsjava/dnsjava/2.1.7/dnsjava-2.1.7.jar:/home/user/.m2/repository/org/apache/hadoop/hadoop-hdfs/3.2.0/hadoop-hdfs-3.2.0-tests.jar:/home/user/.m2/repository/org/eclipse/jetty/jetty-util-ajax/9.3.24.v20180605/jetty-util-ajax-9.3.24.v20180605.jar:/home/user/.m2/repository/commons-daemon/commons-daemon/1.0.13/commons-daemon-1.0.13.jar:/home/user/.m2/repository/io/netty/netty/3.10.5.Final/netty-3.10.5.Final.jar:/home/user/.m2/repository/io/netty/netty-all/4.0.52.Final/netty-all-4.0.52.Final.jar:/home/user/.m2/repository/org/fusesource/leveldbjni/leveldbjni-all/1.8/leveldbjni-all-1.8.jar:"/>
    <property name="sun.cpu.endian" value="little"/>
    <property name="user.home" value="/home/user"/>
    <property name="user.language" value="en"/>
    <property name="java.specification.vendor" value="Oracle Corporation"/>
    <property name="java.home" value="/usr/lib/jvm/java-1.8-openjdk/jre"/>
    <property name="java.security.krb5.conf" value="/workdir/hadoop-ozone/integration-test/target/test-classes/krb5.conf"/>
    <property name="basedir" value="/workdir/hadoop-ozone/integration-test"/>
    <property name="file.separator" value="/"/>
    <property name="line.separator" value="&#10;"/>
    <property name="java.vm.specification.vendor" value="Oracle Corporation"/>
    <property name="java.specification.name" value="Java Platform API Specification"/>
    <property name="java.awt.graphicsenv" value="sun.awt.X11GraphicsEnvironment"/>
    <property name="surefire.real.class.path" value="/workdir/hadoop-ozone/integration-test/target/surefire/surefirebooter7026794610099220074.jar"/>
    <property name="hadoop.log.dir" value="/workdir/hadoop-ozone/integration-test/target/log"/>
    <property name="sun.boot.class.path" value="/usr/lib/jvm/java-1.8-openjdk/jre/lib/resources.jar:/usr/lib/jvm/java-1.8-openjdk/jre/lib/rt.jar:/usr/lib/jvm/java-1.8-openjdk/jre/lib/sunrsasign.jar:/usr/lib/jvm/java-1.8-openjdk/jre/lib/jsse.jar:/usr/lib/jvm/java-1.8-openjdk/jre/lib/jce.jar:/usr/lib/jvm/java-1.8-openjdk/jre/lib/charsets.jar:/usr/lib/jvm/java-1.8-openjdk/jre/lib/jfr.jar:/usr/lib/jvm/java-1.8-openjdk/jre/classes"/>
    <property name="sun.management.compiler" value="HotSpot 64-Bit Tiered Compilers"/>
    <property name="java.runtime.version" value="1.8.0_212-b04"/>
    <property name="java.net.preferIPv4Stack" value="true"/>
    <property name="user.name" value="jenkins1000"/>
    <property name="path.separator" value=":"/>
    <property name="java.security.egd" value="file:///dev/urandom"/>
    <property name="os.version" value="3.10.0-957.12.2.el7.x86_64"/>
    <property name="java.endorsed.dirs" value="/usr/lib/jvm/java-1.8-openjdk/jre/lib/endorsed"/>
    <property name="java.runtime.name" value="OpenJDK Runtime Environment"/>
    <property name="file.encoding" value="UTF-8"/>
    <property name="java.vm.name" value="OpenJDK 64-Bit Server VM"/>
    <property name="test.build.webapps" value=""/>
    <property name="localRepository" value="/home/user/.m2/repository"/>
    <property name="java.vendor.url.bug" value="https://icedtea.classpath.org/bugzilla"/>
    <property name="java.io.tmpdir" value="/tmp"/>
    <property name="require.test.libhadoop" value=""/>
    <property name="java.version" value="1.8.0_212"/>
    <property name="user.dir" value="/workdir/hadoop-ozone/integration-test"/>
    <property name="os.arch" value="amd64"/>
    <property name="java.vm.specification.name" value="Java Virtual Machine Specification"/>
    <property name="test.build.classes" value="/workdir/hadoop-ozone/integration-test/target/test-classes"/>
    <property name="java.awt.printerjob" value="sun.print.PSPrinterJob"/>
    <property name="sun.os.patch.level" value="unknown"/>
    <property name="hadoop.tmp.dir" value="/workdir/hadoop-ozone/integration-test/target/tmp"/>
    <property name="java.library.path" value="/usr/lib/jvm/java-1.8-openjdk/jre/lib/amd64/server:/usr/lib/jvm/java-1.8-openjdk/jre/lib/amd64:/usr/lib/jvm/java-1.8-openjdk/jre/../lib/amd64:/workdir/hadoop-ozone/integration-test/target/native/target/usr/local/lib:/workdir/hadoop-ozone/integration-test/../../hadoop-common-project/hadoop-common/target/native/target/usr/local/lib:/usr/java/packages/lib/amd64:/usr/lib64:/lib64:/lib:/usr/lib"/>
    <property name="java.vm.info" value="mixed mode"/>
    <property name="java.vendor" value="IcedTea"/>
    <property name="java.vm.version" value="25.212-b04"/>
    <property name="java.ext.dirs" value="/usr/lib/jvm/java-1.8-openjdk/jre/lib/ext:/usr/java/packages/lib/ext"/>
    <property name="sun.io.unicode.encoding" value="UnicodeLittle"/>
    <property name="java.class.version" value="52.0"/>
  </properties>
  <testcase name="testAutomaticPipelineCreationOnPipelineDestroy" classname="org.apache.hadoop.hdds.scm.pipeline.TestRatisPipelineCreateAndDestroy" time="27.354"/>
  <testcase name="testPipelineCreationOnNodeRestart" classname="org.apache.hadoop.hdds.scm.pipeline.TestRatisPipelineCreateAndDestroy" time="98.251">
    <error message="PipelineID=071c65e6-01ab-4ac7-8cb6-383a8f382357 not found" type="org.apache.hadoop.hdds.scm.pipeline.PipelineNotFoundException">org.apache.hadoop.hdds.scm.pipeline.PipelineNotFoundException: PipelineID=071c65e6-01ab-4ac7-8cb6-383a8f382357 not found
	at org.apache.hadoop.hdds.scm.pipeline.PipelineStateMap.getPipeline(PipelineStateMap.java:132)
	at org.apache.hadoop.hdds.scm.pipeline.PipelineStateManager.finalizePipeline(PipelineStateManager.java:119)
	at org.apache.hadoop.hdds.scm.pipeline.SCMPipelineManager.finalizePipeline(SCMPipelineManager.java:362)
	at org.apache.hadoop.hdds.scm.pipeline.SCMPipelineManager.finalizeAndDestroyPipeline(SCMPipelineManager.java:310)
	at org.apache.hadoop.hdds.scm.pipeline.TestRatisPipelineCreateAndDestroy.testPipelineCreationOnNodeRestart(TestRatisPipelineCreateAndDestroy.java:117)
	at sun.reflect.NativeMethodAccessorImpl.invoke0(Native Method)
	at sun.reflect.NativeMethodAccessorImpl.invoke(NativeMethodAccessorImpl.java:62)
	at sun.reflect.DelegatingMethodAccessorImpl.invoke(DelegatingMethodAccessorImpl.java:43)
	at java.lang.reflect.Method.invoke(Method.java:498)
	at org.junit.runners.model.FrameworkMethod$1.runReflectiveCall(FrameworkMethod.java:47)
	at org.junit.internal.runners.model.ReflectiveCallable.run(ReflectiveCallable.java:12)
	at org.junit.runners.model.FrameworkMethod.invokeExplosively(FrameworkMethod.java:44)
	at org.junit.internal.runners.statements.InvokeMethod.evaluate(InvokeMethod.java:17)
	at org.junit.internal.runners.statements.FailOnTimeout$StatementThread.run(FailOnTimeout.java:74)
</error>
    <system-out><![CDATA[2019-08-29 01:55:49,419 [Thread-325] WARN  server.ServerUtils (ServerUtils.java:getScmDbDir(155)) - ozone.scm.db.dirs is not configured. We recommend adding this setting. Falling back to ozone.metadata.dirs instead.
2019-08-29 01:55:49,433 [Thread-325] WARN  server.ServerUtils (ServerUtils.java:getScmDbDir(155)) - ozone.scm.db.dirs is not configured. We recommend adding this setting. Falling back to ozone.metadata.dirs instead.
2019-08-29 01:55:49,436 [Thread-325] WARN  server.ServerUtils (ServerUtils.java:getScmDbDir(155)) - ozone.scm.db.dirs is not configured. We recommend adding this setting. Falling back to ozone.metadata.dirs instead.
2019-08-29 01:55:49,437 [Thread-325] INFO  db.DBStoreBuilder (DBStoreBuilder.java:addTable(110)) - using custom profile for table: deletedBlocks
2019-08-29 01:55:49,437 [Thread-325] INFO  db.DBStoreBuilder (DBStoreBuilder.java:processTables(161)) - Using default column profile:DBProfile.DISK for Table:deletedBlocks
2019-08-29 01:55:49,437 [Thread-325] INFO  db.DBStoreBuilder (DBStoreBuilder.java:addTable(110)) - using custom profile for table: validCerts
2019-08-29 01:55:49,438 [Thread-325] INFO  db.DBStoreBuilder (DBStoreBuilder.java:processTables(161)) - Using default column profile:DBProfile.DISK for Table:validCerts
2019-08-29 01:55:49,438 [Thread-325] INFO  db.DBStoreBuilder (DBStoreBuilder.java:addTable(110)) - using custom profile for table: revokedCerts
2019-08-29 01:55:49,438 [Thread-325] INFO  db.DBStoreBuilder (DBStoreBuilder.java:processTables(161)) - Using default column profile:DBProfile.DISK for Table:revokedCerts
2019-08-29 01:55:49,439 [Thread-325] INFO  db.DBStoreBuilder (DBStoreBuilder.java:addTable(110)) - using custom profile for table: default
2019-08-29 01:55:49,439 [Thread-325] INFO  db.DBStoreBuilder (DBStoreBuilder.java:processTables(167)) - Using default column profile:DBProfile.DISK for Table:default
2019-08-29 01:55:49,439 [Thread-325] INFO  db.DBStoreBuilder (DBStoreBuilder.java:getDbProfile(198)) - Using default options. DBProfile.DISK
2019-08-29 01:55:49,566 [Thread-325] INFO  net.NodeSchemaLoader (NodeSchemaLoader.java:loadSchemaFromFile(125)) - Loading file from sun.misc.CompoundEnumeration@1c2a5ad6
2019-08-29 01:55:49,567 [Thread-325] INFO  net.NodeSchemaLoader (NodeSchemaLoader.java:loadSchema(171)) - Loading network topology layer schema file
2019-08-29 01:55:49,572 [Thread-325] INFO  node.SCMNodeManager (SCMNodeManager.java:<init>(121)) - Entering startup safe mode.
2019-08-29 01:55:49,573 [Thread-325] INFO  algorithms.ContainerPlacementPolicyFactory (ContainerPlacementPolicyFactory.java:getPolicy(55)) - Create container placement policy of type org.apache.hadoop.hdds.scm.container.placement.algorithms.SCMContainerPlacementRandom
2019-08-29 01:55:49,573 [Thread-325] WARN  server.ServerUtils (ServerUtils.java:getScmDbDir(155)) - ozone.scm.db.dirs is not configured. We recommend adding this setting. Falling back to ozone.metadata.dirs instead.
2019-08-29 01:55:49,665 [Thread-325] INFO  pipeline.SCMPipelineManager (SCMPipelineManager.java:initializePipelineState(126)) - No pipeline exists in current db
2019-08-29 01:55:49,665 [Thread-325] WARN  server.ServerUtils (ServerUtils.java:getScmDbDir(155)) - ozone.scm.db.dirs is not configured. We recommend adding this setting. Falling back to ozone.metadata.dirs instead.
2019-08-29 01:55:49,739 [Thread-325] WARN  events.EventQueue (EventQueue.java:fireEvent(175)) - No event handler registered for event TypedEvent{payloadType=SafeModeStatus, name='SafeModeStatus'}
2019-08-29 01:55:49,740 [Thread-325] INFO  ipc.CallQueueManager (CallQueueManager.java:<init>(84)) - Using callQueue: class java.util.concurrent.LinkedBlockingQueue, queueCapacity: 2000, scheduler: class org.apache.hadoop.ipc.DefaultRpcScheduler, ipcBackoff: false.
2019-08-29 01:55:49,741 [Socket Reader #1 for port 36604] INFO  ipc.Server (Server.java:run(1074)) - Starting Socket Reader #1 for port 36604
2019-08-29 01:55:49,744 [Thread-325] INFO  ipc.CallQueueManager (CallQueueManager.java:<init>(84)) - Using callQueue: class java.util.concurrent.LinkedBlockingQueue, queueCapacity: 2000, scheduler: class org.apache.hadoop.ipc.DefaultRpcScheduler, ipcBackoff: false.
2019-08-29 01:55:49,745 [Socket Reader #1 for port 43084] INFO  ipc.Server (Server.java:run(1074)) - Starting Socket Reader #1 for port 43084
2019-08-29 01:55:49,747 [Thread-325] INFO  ipc.CallQueueManager (CallQueueManager.java:<init>(84)) - Using callQueue: class java.util.concurrent.LinkedBlockingQueue, queueCapacity: 2000, scheduler: class org.apache.hadoop.ipc.DefaultRpcScheduler, ipcBackoff: false.
2019-08-29 01:55:49,748 [Socket Reader #1 for port 41946] INFO  ipc.Server (Server.java:run(1074)) - Starting Socket Reader #1 for port 41946
2019-08-29 01:55:49,752 [Thread-325] INFO  hdfs.DFSUtil (DFSUtil.java:httpServerTemplateForNNAndJN(1641)) - Starting Web-server for scm at: http://0.0.0.0:0
2019-08-29 01:55:49,755 [Thread-325] INFO  server.AuthenticationFilter (AuthenticationFilter.java:constructSecretProvider(240)) - Unable to initialize FileSignerSecretProvider, falling back to use random secrets.
2019-08-29 01:55:49,756 [Thread-325] WARN  http.HttpRequestLog (HttpRequestLog.java:getRequestLog(97)) - Jetty request log can only be enabled using Log4j
2019-08-29 01:55:49,759 [Thread-325] INFO  http.HttpServer2 (HttpServer2.java:addGlobalFilter(975)) - Added global filter 'safety' (class=org.apache.hadoop.http.HttpServer2$QuotingInputFilter)
2019-08-29 01:55:49,760 [Thread-325] INFO  http.HttpServer2 (HttpServer2.java:addFilter(948)) - Added filter static_user_filter (class=org.apache.hadoop.http.lib.StaticUserWebFilter$StaticUserFilter) to context scm
2019-08-29 01:55:49,760 [Thread-325] INFO  http.HttpServer2 (HttpServer2.java:addFilter(958)) - Added filter static_user_filter (class=org.apache.hadoop.http.lib.StaticUserWebFilter$StaticUserFilter) to context static
2019-08-29 01:55:49,761 [Thread-325] INFO  http.HttpServer2 (HttpServer2.java:addFilter(958)) - Added filter static_user_filter (class=org.apache.hadoop.http.lib.StaticUserWebFilter$StaticUserFilter) to context logs
2019-08-29 01:55:49,765 [Thread-325] INFO  server.StorageContainerManager (StorageContainerManager.java:start(759)) - StorageContainerLocationProtocol RPC server is listening at /0.0.0.0:41946
2019-08-29 01:55:49,768 [Thread-325] WARN  impl.MetricsConfig (MetricsConfig.java:loadFirst(134)) - Cannot locate configuration: tried hadoop-metrics2-storagecontainermanager.properties,hadoop-metrics2.properties
2019-08-29 01:55:49,769 [Thread-325] INFO  impl.MetricsSystemImpl (MetricsSystemImpl.java:startTimer(374)) - Scheduled Metric snapshot period at 10 second(s).
2019-08-29 01:55:49,770 [Thread-325] INFO  impl.MetricsSystemImpl (MetricsSystemImpl.java:start(191)) - StorageContainerManager metrics system started
2019-08-29 01:55:49,831 [Thread-325] INFO  server.SCMClientProtocolServer (SCMClientProtocolServer.java:start(151)) - RPC server for Client  is listening at /0.0.0.0:41946
2019-08-29 01:55:49,832 [IPC Server Responder] INFO  ipc.Server (Server.java:run(1314)) - IPC Server Responder: starting
2019-08-29 01:55:49,832 [IPC Server listener on 41946] INFO  ipc.Server (Server.java:run(1153)) - IPC Server listener on 41946: starting
2019-08-29 01:55:49,835 [Thread-325] INFO  server.StorageContainerManager (StorageContainerManager.java:start(769)) - ScmBlockLocationProtocol RPC server is listening at /127.0.0.1:43084
2019-08-29 01:55:49,836 [Thread-325] INFO  server.SCMBlockProtocolServer (SCMBlockProtocolServer.java:start(141)) - RPC server for Block Protocol is listening at /127.0.0.1:43084
2019-08-29 01:55:49,836 [IPC Server Responder] INFO  ipc.Server (Server.java:run(1314)) - IPC Server Responder: starting
2019-08-29 01:55:49,836 [IPC Server listener on 43084] INFO  ipc.Server (Server.java:run(1153)) - IPC Server listener on 43084: starting
2019-08-29 01:55:49,840 [Thread-325] INFO  server.StorageContainerManager (StorageContainerManager.java:start(773)) - ScmDatanodeProtocl RPC server is listening at /0.0.0.0:36604
2019-08-29 01:55:49,841 [Thread-325] INFO  server.SCMDatanodeProtocolServer (SCMDatanodeProtocolServer.java:start(191)) - RPC server for DataNodes is listening at /0.0.0.0:36604
2019-08-29 01:55:49,841 [IPC Server Responder] INFO  ipc.Server (Server.java:run(1314)) - IPC Server Responder: starting
2019-08-29 01:55:49,841 [IPC Server listener on 36604] INFO  ipc.Server (Server.java:run(1153)) - IPC Server listener on 36604: starting
2019-08-29 01:55:49,845 [Thread-325] INFO  http.HttpServer2 (HttpServer2.java:bindListener(1191)) - Jetty bound to port 37649
2019-08-29 01:55:49,846 [Thread-325] INFO  server.Server (Server.java:doStart(351)) - jetty-9.3.24.v20180605, build timestamp: 2018-06-05T17:11:56Z, git hash: 84205aa28f11a4f31f2a3b86d1bba2cc8ab69827
2019-08-29 01:55:49,848 [Thread-325] INFO  handler.ContextHandler (ContextHandler.java:doStart(781)) - Started o.e.j.s.ServletContextHandler@56c9f6b3{/logs,file:///workdir/hadoop-ozone/integration-test/target/log,AVAILABLE}
2019-08-29 01:55:49,849 [Thread-325] INFO  handler.ContextHandler (ContextHandler.java:doStart(781)) - Started o.e.j.s.ServletContextHandler@603dad2d{/static,file:///workdir/hadoop-ozone/integration-test/target/test-classes/webapps/static,AVAILABLE}
2019-08-29 01:55:49,855 [Thread-325] INFO  handler.ContextHandler (ContextHandler.java:doStart(781)) - Started o.e.j.w.WebAppContext@3efb9b01{/,file:///workdir/hadoop-ozone/integration-test/target/test-classes/webapps/scm/,AVAILABLE}{/scm}
2019-08-29 01:55:49,856 [Thread-325] INFO  server.AbstractConnector (AbstractConnector.java:doStart(278)) - Started ServerConnector@4eb2778a{HTTP/1.1,[http/1.1]}{0.0.0.0:37649}
2019-08-29 01:55:49,856 [Thread-325] INFO  server.Server (Server.java:doStart(419)) - Started @28404ms
2019-08-29 01:55:49,858 [Thread-325] INFO  server.BaseHttpServer (BaseHttpServer.java:updateConnectorAddress(226)) - HTTP server of SCM is listening at http://0.0.0.0:37649
2019-08-29 01:55:49,858 [Thread-325] WARN  server.ServerUtils (ServerUtils.java:getDBPath(232)) - ozone.om.db.dirs is not configured. We recommend adding this setting. Falling back to ozone.metadata.dirs instead.
2019-08-29 01:55:49,859 [org.apache.hadoop.util.JvmPauseMonitor$Monitor@497853ce] INFO  util.JvmPauseMonitor (JvmPauseMonitor.java:run(188)) - Starting JVM pause monitor
2019-08-29 01:55:49,874 [Thread-325] WARN  server.ServerUtils (ServerUtils.java:getDBPath(232)) - ozone.om.db.dirs is not configured. We recommend adding this setting. Falling back to ozone.metadata.dirs instead.
2019-08-29 01:55:49,875 [Thread-325] WARN  server.ServerUtils (ServerUtils.java:getDBPath(232)) - ozone.om.db.dirs is not configured. We recommend adding this setting. Falling back to ozone.metadata.dirs instead.
2019-08-29 01:55:49,875 [Thread-325] INFO  om.OzoneManager (OzoneManager.java:setOMNodeDetails(645)) - OM Service ID is not set. Setting it to the default ID: omServiceIdDefault
2019-08-29 01:55:49,875 [Thread-325] INFO  om.OzoneManager (OzoneManager.java:setOMNodeDetails(651)) - OM Node ID is not set. Setting it to the OmStorage's OmID: dfa0d251-9cd1-4ad0-8719-dfca68061fc3
2019-08-29 01:55:49,875 [Thread-325] INFO  om.OzoneManager (OzoneManager.java:loadOMHAConfigs(602)) - Found matching OM address with OMServiceId: null, OMNodeId: null, RPC Address: localhost:0 and Ratis port: 9872
2019-08-29 01:55:49,892 | INFO  | SCMAudit | user=jenkins1000 | ip=127.0.0.1 | op=GET_SCM_INFO null | ret=SUCCESS |  
2019-08-29 01:55:49,896 [Thread-325] WARN  server.ServerUtils (ServerUtils.java:getDBPath(232)) - ozone.om.db.dirs is not configured. We recommend adding this setting. Falling back to ozone.metadata.dirs instead.
2019-08-29 01:55:49,897 [Thread-325] INFO  db.DBStoreBuilder (DBStoreBuilder.java:addTable(110)) - using custom profile for table: userTable
2019-08-29 01:55:49,897 [Thread-325] INFO  db.DBStoreBuilder (DBStoreBuilder.java:processTables(161)) - Using default column profile:DBProfile.DISK for Table:userTable
2019-08-29 01:55:49,898 [Thread-325] INFO  db.DBStoreBuilder (DBStoreBuilder.java:addTable(110)) - using custom profile for table: volumeTable
2019-08-29 01:55:49,898 [Thread-325] INFO  db.DBStoreBuilder (DBStoreBuilder.java:processTables(161)) - Using default column profile:DBProfile.DISK for Table:volumeTable
2019-08-29 01:55:49,898 [Thread-325] INFO  db.DBStoreBuilder (DBStoreBuilder.java:addTable(110)) - using custom profile for table: bucketTable
2019-08-29 01:55:49,898 [Thread-325] INFO  db.DBStoreBuilder (DBStoreBuilder.java:processTables(161)) - Using default column profile:DBProfile.DISK for Table:bucketTable
2019-08-29 01:55:49,899 [Thread-325] INFO  db.DBStoreBuilder (DBStoreBuilder.java:addTable(110)) - using custom profile for table: keyTable
2019-08-29 01:55:49,899 [Thread-325] INFO  db.DBStoreBuilder (DBStoreBuilder.java:processTables(161)) - Using default column profile:DBProfile.DISK for Table:keyTable
2019-08-29 01:55:49,899 [Thread-325] INFO  db.DBStoreBuilder (DBStoreBuilder.java:addTable(110)) - using custom profile for table: deletedTable
2019-08-29 01:55:49,899 [Thread-325] INFO  db.DBStoreBuilder (DBStoreBuilder.java:processTables(161)) - Using default column profile:DBProfile.DISK for Table:deletedTable
2019-08-29 01:55:49,900 [Thread-325] INFO  db.DBStoreBuilder (DBStoreBuilder.java:addTable(110)) - using custom profile for table: openKeyTable
2019-08-29 01:55:49,900 [Thread-325] INFO  db.DBStoreBuilder (DBStoreBuilder.java:processTables(161)) - Using default column profile:DBProfile.DISK for Table:openKeyTable
2019-08-29 01:55:49,900 [Thread-325] INFO  db.DBStoreBuilder (DBStoreBuilder.java:addTable(110)) - using custom profile for table: s3Table
2019-08-29 01:55:49,901 [Thread-325] INFO  db.DBStoreBuilder (DBStoreBuilder.java:processTables(161)) - Using default column profile:DBProfile.DISK for Table:s3Table
2019-08-29 01:55:49,901 [Thread-325] INFO  db.DBStoreBuilder (DBStoreBuilder.java:addTable(110)) - using custom profile for table: multipartInfoTable
2019-08-29 01:55:49,901 [Thread-325] INFO  db.DBStoreBuilder (DBStoreBuilder.java:processTables(161)) - Using default column profile:DBProfile.DISK for Table:multipartInfoTable
2019-08-29 01:55:49,902 [Thread-325] INFO  db.DBStoreBuilder (DBStoreBuilder.java:addTable(110)) - using custom profile for table: dTokenTable
2019-08-29 01:55:49,902 [Thread-325] INFO  db.DBStoreBuilder (DBStoreBuilder.java:processTables(161)) - Using default column profile:DBProfile.DISK for Table:dTokenTable
2019-08-29 01:55:49,902 [Thread-325] INFO  db.DBStoreBuilder (DBStoreBuilder.java:addTable(110)) - using custom profile for table: s3SecretTable
2019-08-29 01:55:49,902 [Thread-325] INFO  db.DBStoreBuilder (DBStoreBuilder.java:processTables(161)) - Using default column profile:DBProfile.DISK for Table:s3SecretTable
2019-08-29 01:55:49,903 [Thread-325] INFO  db.DBStoreBuilder (DBStoreBuilder.java:addTable(110)) - using custom profile for table: prefixTable
2019-08-29 01:55:49,903 [Thread-325] INFO  db.DBStoreBuilder (DBStoreBuilder.java:processTables(161)) - Using default column profile:DBProfile.DISK for Table:prefixTable
2019-08-29 01:55:49,903 [Thread-325] INFO  db.DBStoreBuilder (DBStoreBuilder.java:addTable(110)) - using custom profile for table: default
2019-08-29 01:55:49,903 [Thread-325] INFO  db.DBStoreBuilder (DBStoreBuilder.java:processTables(167)) - Using default column profile:DBProfile.DISK for Table:default
2019-08-29 01:55:49,904 [Thread-325] INFO  db.DBStoreBuilder (DBStoreBuilder.java:getDbProfile(198)) - Using default options. DBProfile.DISK
2019-08-29 01:55:50,617 [Thread-325] INFO  ipc.CallQueueManager (CallQueueManager.java:<init>(84)) - Using callQueue: class java.util.concurrent.LinkedBlockingQueue, queueCapacity: 2000, scheduler: class org.apache.hadoop.ipc.DefaultRpcScheduler, ipcBackoff: false.
2019-08-29 01:55:50,618 [Socket Reader #1 for port 46319] INFO  ipc.Server (Server.java:run(1074)) - Starting Socket Reader #1 for port 46319
2019-08-29 01:55:50,636 [Thread-325] INFO  om.OzoneManager (OzoneManager.java:start(1256)) - OzoneManager RPC server is listening at localhost/127.0.0.1:46319
2019-08-29 01:55:50,636 [Thread-325] INFO  impl.MetricsSystemImpl (MetricsSystemImpl.java:init(158)) - OzoneManager metrics system started (again)
2019-08-29 01:55:50,637 [IPC Server Responder] INFO  ipc.Server (Server.java:run(1314)) - IPC Server Responder: starting
2019-08-29 01:55:50,637 [IPC Server listener on 46319] INFO  ipc.Server (Server.java:run(1153)) - IPC Server listener on 46319: starting
2019-08-29 01:55:50,642 [Thread-325] INFO  hdfs.DFSUtil (DFSUtil.java:httpServerTemplateForNNAndJN(1641)) - Starting Web-server for ozoneManager at: http://0.0.0.0:0
2019-08-29 01:55:50,644 [Thread-325] INFO  server.AuthenticationFilter (AuthenticationFilter.java:constructSecretProvider(240)) - Unable to initialize FileSignerSecretProvider, falling back to use random secrets.
2019-08-29 01:55:50,645 [Thread-325] WARN  http.HttpRequestLog (HttpRequestLog.java:getRequestLog(97)) - Jetty request log can only be enabled using Log4j
2019-08-29 01:55:50,647 [Thread-325] INFO  http.HttpServer2 (HttpServer2.java:addGlobalFilter(975)) - Added global filter 'safety' (class=org.apache.hadoop.http.HttpServer2$QuotingInputFilter)
2019-08-29 01:55:50,647 [Thread-325] INFO  http.HttpServer2 (HttpServer2.java:addFilter(948)) - Added filter static_user_filter (class=org.apache.hadoop.http.lib.StaticUserWebFilter$StaticUserFilter) to context ozoneManager
2019-08-29 01:55:50,648 [Thread-325] INFO  http.HttpServer2 (HttpServer2.java:addFilter(958)) - Added filter static_user_filter (class=org.apache.hadoop.http.lib.StaticUserWebFilter$StaticUserFilter) to context logs
2019-08-29 01:55:50,648 [Thread-325] INFO  http.HttpServer2 (HttpServer2.java:addFilter(958)) - Added filter static_user_filter (class=org.apache.hadoop.http.lib.StaticUserWebFilter$StaticUserFilter) to context static
2019-08-29 01:55:50,649 [Thread-325] INFO  http.HttpServer2 (HttpServer2.java:bindListener(1191)) - Jetty bound to port 46786
2019-08-29 01:55:50,649 [Thread-325] INFO  server.Server (Server.java:doStart(351)) - jetty-9.3.24.v20180605, build timestamp: 2018-06-05T17:11:56Z, git hash: 84205aa28f11a4f31f2a3b86d1bba2cc8ab69827
2019-08-29 01:55:50,651 [Thread-325] INFO  handler.ContextHandler (ContextHandler.java:doStart(781)) - Started o.e.j.s.ServletContextHandler@4d2234a1{/logs,file:///workdir/hadoop-ozone/integration-test/target/log,AVAILABLE}
2019-08-29 01:55:50,651 [Thread-325] INFO  handler.ContextHandler (ContextHandler.java:doStart(781)) - Started o.e.j.s.ServletContextHandler@655aa6cc{/static,file:///workdir/hadoop-ozone/integration-test/target/test-classes/webapps/static,AVAILABLE}
2019-08-29 01:55:50,656 [Thread-325] INFO  handler.ContextHandler (ContextHandler.java:doStart(781)) - Started o.e.j.w.WebAppContext@56549174{/,file:///workdir/hadoop-ozone/integration-test/target/test-classes/webapps/ozoneManager/,AVAILABLE}{/ozoneManager}
2019-08-29 01:55:50,656 [Thread-325] INFO  server.AbstractConnector (AbstractConnector.java:doStart(278)) - Started ServerConnector@2772b82a{HTTP/1.1,[http/1.1]}{0.0.0.0:46786}
2019-08-29 01:55:50,657 [Thread-325] INFO  server.Server (Server.java:doStart(419)) - Started @29205ms
2019-08-29 01:55:50,658 [Thread-325] INFO  server.BaseHttpServer (BaseHttpServer.java:updateConnectorAddress(226)) - HTTP server of OZONEMANAGER is listening at http://0.0.0.0:46786
2019-08-29 01:55:50,669 [Thread-325] INFO  impl.MetricsSystemImpl (MetricsSystemImpl.java:init(158)) - HddsDatanode metrics system started (again)
2019-08-29 01:55:50,672 [Thread-325] INFO  ozone.HddsDatanodeService (HddsDatanodeService.java:start(190)) - HddsDatanodeService host:pr-hdds-2050-x2mk7-2257017151 ip:192.168.69.96
2019-08-29 01:55:50,679 [Thread-325] INFO  volume.HddsVolume (HddsVolume.java:<init>(176)) - Creating Volume: /workdir/hadoop-ozone/integration-test/target/test-dir/MiniOzoneClusterImpl-c3e32655-bfd3-45e1-b300-51bbc9e831ce/datanode-0/data/containers/hdds of  storage type : DISK and capacity : 1482555576320
2019-08-29 01:55:50,680 [Thread-325] INFO  volume.VolumeSet (VolumeSet.java:initializeVolumeSet(170)) - Added Volume : /workdir/hadoop-ozone/integration-test/target/test-dir/MiniOzoneClusterImpl-c3e32655-bfd3-45e1-b300-51bbc9e831ce/datanode-0/data/containers/hdds to VolumeSet
2019-08-29 01:55:50,680 [Thread-325] INFO  volume.ThrottledAsyncChecker (ThrottledAsyncChecker.java:schedule(140)) - Scheduling a check for org.apache.hadoop.ozone.container.common.volume.HddsVolume@492ebf6c
2019-08-29 01:55:50,681 [Thread-325] INFO  volume.HddsVolumeChecker (HddsVolumeChecker.java:checkAllVolumes(203)) - Scheduled health check for volume org.apache.hadoop.ozone.container.common.volume.HddsVolume@492ebf6c
2019-08-29 01:55:50,697 [Thread-325] INFO  impl.RaftServerProxy (ConfUtils.java:logGet(43)) - raft.rpc.type = GRPC (default)
2019-08-29 01:55:50,697 [Thread-325] INFO  grpc.GrpcFactory (GrpcFactory.java:checkPooledByteBufAllocatorUseCacheForAllThreads(45)) - PERFORMANCE WARNING: useCacheForAllThreads is true that may cause Netty to create a lot garbage objects and, as a result, trigger GC.
	It is recommended to disable useCacheForAllThreads by setting -Dorg.apache.ratis.thirdparty.io.netty.allocator.useCacheForAllThreads=false in command line.
2019-08-29 01:55:50,698 [Thread-325] INFO  grpc.GrpcConfigKeys$Server (ConfUtils.java:logGet(43)) - raft.grpc.server.port = 0 (default)
2019-08-29 01:55:50,698 [Thread-325] INFO  server.GrpcService (ConfUtils.java:logGet(43)) - raft.grpc.message.size.max = 33570816 (custom)
2019-08-29 01:55:50,699 [Thread-325] INFO  server.RaftServerConfigKeys (ConfUtils.java:logGet(43)) - raft.server.log.appender.buffer.byte-limit = 33554432 (custom)
2019-08-29 01:55:50,699 [Thread-325] INFO  server.GrpcService (ConfUtils.java:logGet(43)) - raft.grpc.flow.control.window = 1MB (=1048576) (default)
2019-08-29 01:55:50,699 [Thread-325] INFO  server.RaftServerConfigKeys (ConfUtils.java:logGet(43)) - raft.server.rpc.request.timeout = 3000ms (default)
2019-08-29 01:55:50,700 [Thread-325] INFO  server.RaftServerConfigKeys (ConfUtils.java:logGet(43)) - raft.server.storage.dir = [/workdir/hadoop-ozone/integration-test/target/test-dir/MiniOzoneClusterImpl-c3e32655-bfd3-45e1-b300-51bbc9e831ce/datanode-0/data/ratis] (custom)
2019-08-29 01:55:50,700 [Thread-325] INFO  replication.SimpleContainerDownloader (SimpleContainerDownloader.java:<init>(72)) - Starting container downloader service to copy containers to replicate.
2019-08-29 01:55:50,701 [Thread-325] INFO  hdfs.DFSUtil (DFSUtil.java:httpServerTemplateForNNAndJN(1641)) - Starting Web-server for hddsDatanode at: http://0.0.0.0:0
2019-08-29 01:55:50,703 [Thread-325] INFO  server.AuthenticationFilter (AuthenticationFilter.java:constructSecretProvider(240)) - Unable to initialize FileSignerSecretProvider, falling back to use random secrets.
2019-08-29 01:55:50,703 [Thread-325] WARN  http.HttpRequestLog (HttpRequestLog.java:getRequestLog(97)) - Jetty request log can only be enabled using Log4j
2019-08-29 01:55:50,705 [Thread-325] INFO  http.HttpServer2 (HttpServer2.java:addGlobalFilter(975)) - Added global filter 'safety' (class=org.apache.hadoop.http.HttpServer2$QuotingInputFilter)
2019-08-29 01:55:50,705 [Thread-325] INFO  http.HttpServer2 (HttpServer2.java:addFilter(948)) - Added filter static_user_filter (class=org.apache.hadoop.http.lib.StaticUserWebFilter$StaticUserFilter) to context hddsDatanode
2019-08-29 01:55:50,706 [Thread-325] INFO  http.HttpServer2 (HttpServer2.java:addFilter(958)) - Added filter static_user_filter (class=org.apache.hadoop.http.lib.StaticUserWebFilter$StaticUserFilter) to context static
2019-08-29 01:55:50,706 [Thread-325] INFO  http.HttpServer2 (HttpServer2.java:addFilter(958)) - Added filter static_user_filter (class=org.apache.hadoop.http.lib.StaticUserWebFilter$StaticUserFilter) to context logs
2019-08-29 01:55:50,706 [Thread-325] INFO  http.HttpServer2 (HttpServer2.java:bindListener(1191)) - Jetty bound to port 33345
2019-08-29 01:55:50,707 [Thread-325] INFO  server.Server (Server.java:doStart(351)) - jetty-9.3.24.v20180605, build timestamp: 2018-06-05T17:11:56Z, git hash: 84205aa28f11a4f31f2a3b86d1bba2cc8ab69827
2019-08-29 01:55:50,708 [Thread-325] INFO  handler.ContextHandler (ContextHandler.java:doStart(781)) - Started o.e.j.s.ServletContextHandler@21dbd4ed{/logs,file:///workdir/hadoop-ozone/integration-test/target/log,AVAILABLE}
2019-08-29 01:55:50,709 [Thread-325] INFO  handler.ContextHandler (ContextHandler.java:doStart(781)) - Started o.e.j.s.ServletContextHandler@2cc7fc25{/static,jar:file:/home/user/.m2/repository/org/apache/hadoop/hadoop-hdds-container-service/0.5.0-SNAPSHOT/hadoop-hdds-container-service-0.5.0-SNAPSHOT.jar!/webapps/static,AVAILABLE}
2019-08-29 01:55:50,741 [Thread-325] INFO  handler.ContextHandler (ContextHandler.java:doStart(781)) - Started o.e.j.w.WebAppContext@c8ba6f0{/,file:///tmp/jetty-0.0.0.0-33345-hddsDatanode-_-any-2704808463142877045.dir/webapp/,AVAILABLE}{/hddsDatanode}
2019-08-29 01:55:50,741 [Thread-325] INFO  server.AbstractConnector (AbstractConnector.java:doStart(278)) - Started ServerConnector@2804c095{HTTP/1.1,[http/1.1]}{0.0.0.0:33345}
2019-08-29 01:55:50,742 [Thread-325] INFO  server.Server (Server.java:doStart(419)) - Started @29290ms
2019-08-29 01:55:50,743 [Thread-325] INFO  server.BaseHttpServer (BaseHttpServer.java:updateConnectorAddress(226)) - HTTP server of HDDSDATANODE is listening at http://0.0.0.0:33345
2019-08-29 01:55:50,743 [Thread-325] INFO  impl.MetricsSystemImpl (MetricsSystemImpl.java:init(158)) - HddsDatanode metrics system started (again)
2019-08-29 01:55:50,746 [org.apache.hadoop.util.JvmPauseMonitor$Monitor@45551546] INFO  util.JvmPauseMonitor (JvmPauseMonitor.java:run(188)) - Starting JVM pause monitor
2019-08-29 01:55:50,747 [Thread-325] INFO  ozone.HddsDatanodeService (HddsDatanodeService.java:start(190)) - HddsDatanodeService host:pr-hdds-2050-x2mk7-2257017151 ip:192.168.69.96
2019-08-29 01:55:50,749 [Datanode State Machine Thread - 0] INFO  datanode.InitDatanodeState (InitDatanodeState.java:persistContainerDatanodeDetails(140)) - DatanodeDetails is persisted to /workdir/hadoop-ozone/integration-test/target/test-dir/MiniOzoneClusterImpl-c3e32655-bfd3-45e1-b300-51bbc9e831ce/datanode-0/meta/datanode.id
2019-08-29 01:55:50,755 [Thread-325] INFO  volume.HddsVolume (HddsVolume.java:<init>(176)) - Creating Volume: /workdir/hadoop-ozone/integration-test/target/test-dir/MiniOzoneClusterImpl-c3e32655-bfd3-45e1-b300-51bbc9e831ce/datanode-1/data/containers/hdds of  storage type : DISK and capacity : 1482555576320
2019-08-29 01:55:50,756 [Thread-325] INFO  volume.VolumeSet (VolumeSet.java:initializeVolumeSet(170)) - Added Volume : /workdir/hadoop-ozone/integration-test/target/test-dir/MiniOzoneClusterImpl-c3e32655-bfd3-45e1-b300-51bbc9e831ce/datanode-1/data/containers/hdds to VolumeSet
2019-08-29 01:55:50,756 [Thread-325] INFO  volume.ThrottledAsyncChecker (ThrottledAsyncChecker.java:schedule(140)) - Scheduling a check for org.apache.hadoop.ozone.container.common.volume.HddsVolume@7b8209e2
2019-08-29 01:55:50,756 [Thread-325] INFO  volume.HddsVolumeChecker (HddsVolumeChecker.java:checkAllVolumes(203)) - Scheduled health check for volume org.apache.hadoop.ozone.container.common.volume.HddsVolume@7b8209e2
2019-08-29 01:55:50,769 [Thread-325] INFO  impl.RaftServerProxy (ConfUtils.java:logGet(43)) - raft.rpc.type = GRPC (default)
2019-08-29 01:55:50,769 [Thread-325] INFO  grpc.GrpcFactory (GrpcFactory.java:checkPooledByteBufAllocatorUseCacheForAllThreads(45)) - PERFORMANCE WARNING: useCacheForAllThreads is true that may cause Netty to create a lot garbage objects and, as a result, trigger GC.
	It is recommended to disable useCacheForAllThreads by setting -Dorg.apache.ratis.thirdparty.io.netty.allocator.useCacheForAllThreads=false in command line.
2019-08-29 01:55:50,770 [Thread-325] INFO  grpc.GrpcConfigKeys$Server (ConfUtils.java:logGet(43)) - raft.grpc.server.port = 0 (default)
2019-08-29 01:55:50,770 [Thread-325] INFO  server.GrpcService (ConfUtils.java:logGet(43)) - raft.grpc.message.size.max = 33570816 (custom)
2019-08-29 01:55:50,770 [Thread-325] INFO  server.RaftServerConfigKeys (ConfUtils.java:logGet(43)) - raft.server.log.appender.buffer.byte-limit = 33554432 (custom)
2019-08-29 01:55:50,770 [Thread-325] INFO  server.GrpcService (ConfUtils.java:logGet(43)) - raft.grpc.flow.control.window = 1MB (=1048576) (default)
2019-08-29 01:55:50,770 [Thread-325] INFO  server.RaftServerConfigKeys (ConfUtils.java:logGet(43)) - raft.server.rpc.request.timeout = 3000ms (default)
2019-08-29 01:55:50,771 [Thread-325] INFO  server.RaftServerConfigKeys (ConfUtils.java:logGet(43)) - raft.server.storage.dir = [/workdir/hadoop-ozone/integration-test/target/test-dir/MiniOzoneClusterImpl-c3e32655-bfd3-45e1-b300-51bbc9e831ce/datanode-1/data/ratis] (custom)
2019-08-29 01:55:50,771 [Thread-325] INFO  replication.SimpleContainerDownloader (SimpleContainerDownloader.java:<init>(72)) - Starting container downloader service to copy containers to replicate.
2019-08-29 01:55:50,772 [Thread-325] INFO  hdfs.DFSUtil (DFSUtil.java:httpServerTemplateForNNAndJN(1641)) - Starting Web-server for hddsDatanode at: http://0.0.0.0:0
2019-08-29 01:55:50,773 [Thread-325] INFO  server.AuthenticationFilter (AuthenticationFilter.java:constructSecretProvider(240)) - Unable to initialize FileSignerSecretProvider, falling back to use random secrets.
2019-08-29 01:55:50,774 [Thread-325] WARN  http.HttpRequestLog (HttpRequestLog.java:getRequestLog(97)) - Jetty request log can only be enabled using Log4j
2019-08-29 01:55:50,775 [Thread-325] INFO  http.HttpServer2 (HttpServer2.java:addGlobalFilter(975)) - Added global filter 'safety' (class=org.apache.hadoop.http.HttpServer2$QuotingInputFilter)
2019-08-29 01:55:50,776 [Thread-325] INFO  http.HttpServer2 (HttpServer2.java:addFilter(948)) - Added filter static_user_filter (class=org.apache.hadoop.http.lib.StaticUserWebFilter$StaticUserFilter) to context hddsDatanode
2019-08-29 01:55:50,776 [Thread-325] INFO  http.HttpServer2 (HttpServer2.java:addFilter(958)) - Added filter static_user_filter (class=org.apache.hadoop.http.lib.StaticUserWebFilter$StaticUserFilter) to context logs
2019-08-29 01:55:50,776 [Thread-325] INFO  http.HttpServer2 (HttpServer2.java:addFilter(958)) - Added filter static_user_filter (class=org.apache.hadoop.http.lib.StaticUserWebFilter$StaticUserFilter) to context static
2019-08-29 01:55:50,777 [Thread-325] INFO  http.HttpServer2 (HttpServer2.java:bindListener(1191)) - Jetty bound to port 44836
2019-08-29 01:55:50,777 [Thread-325] INFO  server.Server (Server.java:doStart(351)) - jetty-9.3.24.v20180605, build timestamp: 2018-06-05T17:11:56Z, git hash: 84205aa28f11a4f31f2a3b86d1bba2cc8ab69827
2019-08-29 01:55:50,778 [Thread-325] INFO  handler.ContextHandler (ContextHandler.java:doStart(781)) - Started o.e.j.s.ServletContextHandler@7fd85b92{/logs,file:///workdir/hadoop-ozone/integration-test/target/log,AVAILABLE}
2019-08-29 01:55:50,779 [Thread-325] INFO  handler.ContextHandler (ContextHandler.java:doStart(781)) - Started o.e.j.s.ServletContextHandler@426bb9b1{/static,jar:file:/home/user/.m2/repository/org/apache/hadoop/hadoop-hdds-container-service/0.5.0-SNAPSHOT/hadoop-hdds-container-service-0.5.0-SNAPSHOT.jar!/webapps/static,AVAILABLE}
2019-08-29 01:55:50,806 [Thread-325] INFO  handler.ContextHandler (ContextHandler.java:doStart(781)) - Started o.e.j.w.WebAppContext@6069d611{/,file:///tmp/jetty-0.0.0.0-44836-hddsDatanode-_-any-4382205700684339449.dir/webapp/,AVAILABLE}{/hddsDatanode}
2019-08-29 01:55:50,807 [Thread-325] INFO  server.AbstractConnector (AbstractConnector.java:doStart(278)) - Started ServerConnector@7a4fadcf{HTTP/1.1,[http/1.1]}{0.0.0.0:44836}
2019-08-29 01:55:50,808 [Thread-325] INFO  server.Server (Server.java:doStart(419)) - Started @29356ms
2019-08-29 01:55:50,809 [Thread-325] INFO  server.BaseHttpServer (BaseHttpServer.java:updateConnectorAddress(226)) - HTTP server of HDDSDATANODE is listening at http://0.0.0.0:44836
2019-08-29 01:55:50,809 [Thread-325] INFO  impl.MetricsSystemImpl (MetricsSystemImpl.java:init(158)) - HddsDatanode metrics system started (again)
2019-08-29 01:55:50,812 [org.apache.hadoop.util.JvmPauseMonitor$Monitor@398f2235] INFO  util.JvmPauseMonitor (JvmPauseMonitor.java:run(188)) - Starting JVM pause monitor
2019-08-29 01:55:50,813 [Thread-325] INFO  ozone.HddsDatanodeService (HddsDatanodeService.java:start(190)) - HddsDatanodeService host:pr-hdds-2050-x2mk7-2257017151 ip:192.168.69.96
2019-08-29 01:55:50,815 [Datanode State Machine Thread - 0] INFO  datanode.InitDatanodeState (InitDatanodeState.java:persistContainerDatanodeDetails(140)) - DatanodeDetails is persisted to /workdir/hadoop-ozone/integration-test/target/test-dir/MiniOzoneClusterImpl-c3e32655-bfd3-45e1-b300-51bbc9e831ce/datanode-1/meta/datanode.id
2019-08-29 01:55:50,819 [Thread-325] INFO  volume.HddsVolume (HddsVolume.java:<init>(176)) - Creating Volume: /workdir/hadoop-ozone/integration-test/target/test-dir/MiniOzoneClusterImpl-c3e32655-bfd3-45e1-b300-51bbc9e831ce/datanode-2/data/containers/hdds of  storage type : DISK and capacity : 1482555576320
2019-08-29 01:55:50,819 [Thread-325] INFO  volume.VolumeSet (VolumeSet.java:initializeVolumeSet(170)) - Added Volume : /workdir/hadoop-ozone/integration-test/target/test-dir/MiniOzoneClusterImpl-c3e32655-bfd3-45e1-b300-51bbc9e831ce/datanode-2/data/containers/hdds to VolumeSet
2019-08-29 01:55:50,819 [Thread-325] INFO  volume.ThrottledAsyncChecker (ThrottledAsyncChecker.java:schedule(140)) - Scheduling a check for org.apache.hadoop.ozone.container.common.volume.HddsVolume@df00dbe
2019-08-29 01:55:50,820 [Thread-325] INFO  volume.HddsVolumeChecker (HddsVolumeChecker.java:checkAllVolumes(203)) - Scheduled health check for volume org.apache.hadoop.ozone.container.common.volume.HddsVolume@df00dbe
2019-08-29 01:55:50,833 [Thread-325] INFO  impl.RaftServerProxy (ConfUtils.java:logGet(43)) - raft.rpc.type = GRPC (default)
2019-08-29 01:55:50,833 [Thread-325] INFO  grpc.GrpcFactory (GrpcFactory.java:checkPooledByteBufAllocatorUseCacheForAllThreads(45)) - PERFORMANCE WARNING: useCacheForAllThreads is true that may cause Netty to create a lot garbage objects and, as a result, trigger GC.
	It is recommended to disable useCacheForAllThreads by setting -Dorg.apache.ratis.thirdparty.io.netty.allocator.useCacheForAllThreads=false in command line.
2019-08-29 01:55:50,833 [Thread-325] INFO  grpc.GrpcConfigKeys$Server (ConfUtils.java:logGet(43)) - raft.grpc.server.port = 0 (default)
2019-08-29 01:55:50,833 [Thread-325] INFO  server.GrpcService (ConfUtils.java:logGet(43)) - raft.grpc.message.size.max = 33570816 (custom)
2019-08-29 01:55:50,834 [Thread-325] INFO  server.RaftServerConfigKeys (ConfUtils.java:logGet(43)) - raft.server.log.appender.buffer.byte-limit = 33554432 (custom)
2019-08-29 01:55:50,834 [Thread-325] INFO  server.GrpcService (ConfUtils.java:logGet(43)) - raft.grpc.flow.control.window = 1MB (=1048576) (default)
2019-08-29 01:55:50,834 [Thread-325] INFO  server.RaftServerConfigKeys (ConfUtils.java:logGet(43)) - raft.server.rpc.request.timeout = 3000ms (default)
2019-08-29 01:55:50,834 [Thread-325] INFO  server.RaftServerConfigKeys (ConfUtils.java:logGet(43)) - raft.server.storage.dir = [/workdir/hadoop-ozone/integration-test/target/test-dir/MiniOzoneClusterImpl-c3e32655-bfd3-45e1-b300-51bbc9e831ce/datanode-2/data/ratis] (custom)
2019-08-29 01:55:50,835 [Thread-325] INFO  replication.SimpleContainerDownloader (SimpleContainerDownloader.java:<init>(72)) - Starting container downloader service to copy containers to replicate.
2019-08-29 01:55:50,836 [Thread-325] INFO  hdfs.DFSUtil (DFSUtil.java:httpServerTemplateForNNAndJN(1641)) - Starting Web-server for hddsDatanode at: http://0.0.0.0:0
2019-08-29 01:55:50,837 [Thread-325] INFO  server.AuthenticationFilter (AuthenticationFilter.java:constructSecretProvider(240)) - Unable to initialize FileSignerSecretProvider, falling back to use random secrets.
2019-08-29 01:55:50,837 [Thread-325] WARN  http.HttpRequestLog (HttpRequestLog.java:getRequestLog(97)) - Jetty request log can only be enabled using Log4j
2019-08-29 01:55:50,839 [Thread-325] INFO  http.HttpServer2 (HttpServer2.java:addGlobalFilter(975)) - Added global filter 'safety' (class=org.apache.hadoop.http.HttpServer2$QuotingInputFilter)
2019-08-29 01:55:50,839 [Thread-325] INFO  http.HttpServer2 (HttpServer2.java:addFilter(948)) - Added filter static_user_filter (class=org.apache.hadoop.http.lib.StaticUserWebFilter$StaticUserFilter) to context hddsDatanode
2019-08-29 01:55:50,839 [Thread-325] INFO  http.HttpServer2 (HttpServer2.java:addFilter(958)) - Added filter static_user_filter (class=org.apache.hadoop.http.lib.StaticUserWebFilter$StaticUserFilter) to context logs
2019-08-29 01:55:50,839 [Thread-325] INFO  http.HttpServer2 (HttpServer2.java:addFilter(958)) - Added filter static_user_filter (class=org.apache.hadoop.http.lib.StaticUserWebFilter$StaticUserFilter) to context static
2019-08-29 01:55:50,840 [Thread-325] INFO  http.HttpServer2 (HttpServer2.java:bindListener(1191)) - Jetty bound to port 43025
2019-08-29 01:55:50,840 [Thread-325] INFO  server.Server (Server.java:doStart(351)) - jetty-9.3.24.v20180605, build timestamp: 2018-06-05T17:11:56Z, git hash: 84205aa28f11a4f31f2a3b86d1bba2cc8ab69827
2019-08-29 01:55:50,842 [Thread-325] INFO  handler.ContextHandler (ContextHandler.java:doStart(781)) - Started o.e.j.s.ServletContextHandler@33687a4f{/logs,file:///workdir/hadoop-ozone/integration-test/target/log,AVAILABLE}
2019-08-29 01:55:50,842 [Thread-325] INFO  handler.ContextHandler (ContextHandler.java:doStart(781)) - Started o.e.j.s.ServletContextHandler@390baea4{/static,jar:file:/home/user/.m2/repository/org/apache/hadoop/hadoop-hdds-container-service/0.5.0-SNAPSHOT/hadoop-hdds-container-service-0.5.0-SNAPSHOT.jar!/webapps/static,AVAILABLE}
2019-08-29 01:55:50,870 [Thread-325] INFO  handler.ContextHandler (ContextHandler.java:doStart(781)) - Started o.e.j.w.WebAppContext@3c0c05b2{/,file:///tmp/jetty-0.0.0.0-43025-hddsDatanode-_-any-8878401058811655125.dir/webapp/,AVAILABLE}{/hddsDatanode}
2019-08-29 01:55:50,870 [Thread-325] INFO  server.AbstractConnector (AbstractConnector.java:doStart(278)) - Started ServerConnector@468ac92f{HTTP/1.1,[http/1.1]}{0.0.0.0:43025}
2019-08-29 01:55:50,871 [Thread-325] INFO  server.Server (Server.java:doStart(419)) - Started @29419ms
2019-08-29 01:55:50,872 [Thread-325] INFO  server.BaseHttpServer (BaseHttpServer.java:updateConnectorAddress(226)) - HTTP server of HDDSDATANODE is listening at http://0.0.0.0:43025
2019-08-29 01:55:50,872 [Thread-325] INFO  ozone.MiniOzoneClusterImpl (MiniOzoneClusterImpl.java:lambda$waitForClusterToBeReady$0(140)) - Waiting for cluster to be ready. Got 0 of 3 DN Heartbeats.
2019-08-29 01:55:50,876 [org.apache.hadoop.util.JvmPauseMonitor$Monitor@41b0352c] INFO  util.JvmPauseMonitor (JvmPauseMonitor.java:run(188)) - Starting JVM pause monitor
2019-08-29 01:55:50,878 [Datanode State Machine Thread - 0] INFO  datanode.InitDatanodeState (InitDatanodeState.java:persistContainerDatanodeDetails(140)) - DatanodeDetails is persisted to /workdir/hadoop-ozone/integration-test/target/test-dir/MiniOzoneClusterImpl-c3e32655-bfd3-45e1-b300-51bbc9e831ce/datanode-2/meta/datanode.id
2019-08-29 01:55:51,875 [Thread-325] INFO  ozone.MiniOzoneClusterImpl (MiniOzoneClusterImpl.java:lambda$waitForClusterToBeReady$0(140)) - Waiting for cluster to be ready. Got 0 of 3 DN Heartbeats.
2019-08-29 01:55:52,752 | INFO  | SCMAudit | user=jenkins1000 | ip=192.168.69.96 | op=GET_VERSION null | ret=SUCCESS |  
2019-08-29 01:55:52,770 [Datanode State Machine Thread - 0] INFO  ozoneimpl.OzoneContainer (OzoneContainer.java:start(201)) - Attempting to start container services.
2019-08-29 01:55:52,773 [Datanode State Machine Thread - 0] INFO  ozoneimpl.OzoneContainer (OzoneContainer.java:startContainerScrub(175)) - Background container scrubber has been disabled by hdds.containerscrub.enabled
2019-08-29 01:55:52,774 [Datanode State Machine Thread - 0] INFO  ratis.XceiverServerRatis (XceiverServerRatis.java:start(393)) - Starting XceiverServerRatis 2cdad04f-ab4a-4a63-a522-b72e02e27bd7 at port 0
2019-08-29 01:55:52,781 [Datanode State Machine Thread - 0] INFO  impl.RaftServerProxy (RaftServerProxy.java:lambda$start$3(299)) - 2cdad04f-ab4a-4a63-a522-b72e02e27bd7: start RPC server
2019-08-29 01:55:52,784 [Datanode State Machine Thread - 0] INFO  server.GrpcService (GrpcService.java:startImpl(149)) - 2cdad04f-ab4a-4a63-a522-b72e02e27bd7: GrpcService started, listening on 0.0.0.0/0.0.0.0:44050
2019-08-29 01:55:52,784 [Datanode State Machine Thread - 0] INFO  ratis.XceiverServerRatis (XceiverServerRatis.java:start(403)) - XceiverServerRatis 2cdad04f-ab4a-4a63-a522-b72e02e27bd7 is started using port 44050
2019-08-29 01:55:52,785 [Datanode State Machine Thread - 0] INFO  server.XceiverServerGrpc (XceiverServerGrpc.java:start(163)) - XceiverServerGrpc 2cdad04f-ab4a-4a63-a522-b72e02e27bd7 is started using port 36621
2019-08-29 01:55:52,812 | INFO  | SCMAudit | user=jenkins1000 | ip=192.168.69.96 | op=GET_VERSION null | ret=SUCCESS |  
2019-08-29 01:55:52,827 [Datanode State Machine Thread - 0] INFO  ozoneimpl.OzoneContainer (OzoneContainer.java:start(201)) - Attempting to start container services.
2019-08-29 01:55:52,828 [Datanode State Machine Thread - 0] INFO  ozoneimpl.OzoneContainer (OzoneContainer.java:startContainerScrub(175)) - Background container scrubber has been disabled by hdds.containerscrub.enabled
2019-08-29 01:55:52,828 [Datanode State Machine Thread - 0] INFO  ratis.XceiverServerRatis (XceiverServerRatis.java:start(393)) - Starting XceiverServerRatis 9fceaf92-49b0-4d05-b1c4-1c25dab8ebb3 at port 0
2019-08-29 01:55:52,836 [Datanode State Machine Thread - 0] INFO  impl.RaftServerProxy (RaftServerProxy.java:lambda$start$3(299)) - 9fceaf92-49b0-4d05-b1c4-1c25dab8ebb3: start RPC server
2019-08-29 01:55:52,838 [Datanode State Machine Thread - 0] INFO  server.GrpcService (GrpcService.java:startImpl(149)) - 9fceaf92-49b0-4d05-b1c4-1c25dab8ebb3: GrpcService started, listening on 0.0.0.0/0.0.0.0:40992
2019-08-29 01:55:52,838 [Datanode State Machine Thread - 0] INFO  ratis.XceiverServerRatis (XceiverServerRatis.java:start(403)) - XceiverServerRatis 9fceaf92-49b0-4d05-b1c4-1c25dab8ebb3 is started using port 40992
2019-08-29 01:55:52,839 [Datanode State Machine Thread - 0] INFO  server.XceiverServerGrpc (XceiverServerGrpc.java:start(163)) - XceiverServerGrpc 9fceaf92-49b0-4d05-b1c4-1c25dab8ebb3 is started using port 42788
2019-08-29 01:55:52,875 [Thread-325] INFO  ozone.MiniOzoneClusterImpl (MiniOzoneClusterImpl.java:lambda$waitForClusterToBeReady$0(140)) - Waiting for cluster to be ready. Got 0 of 3 DN Heartbeats.
2019-08-29 01:55:52,877 | INFO  | SCMAudit | user=jenkins1000 | ip=192.168.69.96 | op=GET_VERSION null | ret=SUCCESS |  
2019-08-29 01:55:52,890 [Datanode State Machine Thread - 0] INFO  ozoneimpl.OzoneContainer (OzoneContainer.java:start(201)) - Attempting to start container services.
2019-08-29 01:55:52,891 [Datanode State Machine Thread - 0] INFO  ozoneimpl.OzoneContainer (OzoneContainer.java:startContainerScrub(175)) - Background container scrubber has been disabled by hdds.containerscrub.enabled
2019-08-29 01:55:52,891 [Datanode State Machine Thread - 0] INFO  ratis.XceiverServerRatis (XceiverServerRatis.java:start(393)) - Starting XceiverServerRatis 5c43803d-2cd6-4c13-9fd2-4fe218687bd5 at port 0
2019-08-29 01:55:52,898 [Datanode State Machine Thread - 0] INFO  impl.RaftServerProxy (RaftServerProxy.java:lambda$start$3(299)) - 5c43803d-2cd6-4c13-9fd2-4fe218687bd5: start RPC server
2019-08-29 01:55:52,899 [Datanode State Machine Thread - 0] INFO  server.GrpcService (GrpcService.java:startImpl(149)) - 5c43803d-2cd6-4c13-9fd2-4fe218687bd5: GrpcService started, listening on 0.0.0.0/0.0.0.0:41795
2019-08-29 01:55:52,899 [Datanode State Machine Thread - 0] INFO  ratis.XceiverServerRatis (XceiverServerRatis.java:start(403)) - XceiverServerRatis 5c43803d-2cd6-4c13-9fd2-4fe218687bd5 is started using port 41795
2019-08-29 01:55:52,907 [Datanode State Machine Thread - 0] INFO  server.XceiverServerGrpc (XceiverServerGrpc.java:start(163)) - XceiverServerGrpc 5c43803d-2cd6-4c13-9fd2-4fe218687bd5 is started using port 38747
2019-08-29 01:55:53,876 [Thread-325] INFO  ozone.MiniOzoneClusterImpl (MiniOzoneClusterImpl.java:lambda$waitForClusterToBeReady$0(140)) - Waiting for cluster to be ready. Got 0 of 3 DN Heartbeats.
2019-08-29 01:55:54,751 [IPC Server handler 4 on 36604] INFO  net.NetworkTopology (NetworkTopologyImpl.java:add(110)) - Added a new node: /default-rack/2cdad04f-ab4a-4a63-a522-b72e02e27bd7
2019-08-29 01:55:54,753 [IPC Server handler 4 on 36604] INFO  node.SCMNodeManager (SCMNodeManager.java:register(273)) - Registered Data node : 2cdad04f-ab4a-4a63-a522-b72e02e27bd7{ip: 192.168.69.96, host: pr-hdds-2050-x2mk7-2257017151, networkLocation: /default-rack, certSerialId: null}
2019-08-29 01:55:54,754 | INFO  | SCMAudit | user=jenkins1000 | ip=192.168.69.96 | op=REGISTER {datanodeDetails=2cdad04f-ab4a-4a63-a522-b72e02e27bd7{ip: 192.168.69.96, host: pr-hdds-2050-x2mk7-2257017151, networkLocation: /default-rack, certSerialId: null}} | ret=SUCCESS |  
2019-08-29 01:55:54,754 [EventQueue-NodeRegistrationContainerReportForDataNodeSafeModeRule] INFO  safemode.SCMSafeModeManager (DataNodeSafeModeRule.java:process(71)) - SCM in safe mode. 1 DataNodes registered, 1 required.
2019-08-29 01:55:54,756 [EventQueue-NodeRegistrationContainerReportForDataNodeSafeModeRule] INFO  safemode.SCMSafeModeManager (SCMSafeModeManager.java:validateSafeModeExitRules(177)) - ScmSafeModeManager, all rules are successfully validated
2019-08-29 01:55:54,756 [EventQueue-NodeRegistrationContainerReportForDataNodeSafeModeRule] INFO  safemode.SCMSafeModeManager (SCMSafeModeManager.java:exitSafeMode(193)) - SCM exiting safe mode.
2019-08-29 01:55:54,778 [grpc-default-executor-0] INFO  impl.RaftServerProxy (RaftServerProxy.java:addNew(89)) - 2cdad04f-ab4a-4a63-a522-b72e02e27bd7: addNew group-7CB8A4DDC70B:[2cdad04f-ab4a-4a63-a522-b72e02e27bd7:192.168.69.96:44050] returns group-7CB8A4DDC70B:java.util.concurrent.CompletableFuture@63f29f18[Not completed]
2019-08-29 01:55:54,780 [pool-113-thread-1] INFO  impl.RaftServerImpl (RaftServerImpl.java:<init>(93)) - 2cdad04f-ab4a-4a63-a522-b72e02e27bd7: new RaftServerImpl for group-7CB8A4DDC70B:[2cdad04f-ab4a-4a63-a522-b72e02e27bd7:192.168.69.96:44050] with ContainerStateMachine:uninitialized
2019-08-29 01:55:54,781 [pool-113-thread-1] INFO  server.RaftServerConfigKeys (ConfUtils.java:logGet(43)) - raft.server.rpc.timeout.min = 5s (custom)
2019-08-29 01:55:54,781 [pool-113-thread-1] INFO  server.RaftServerConfigKeys (ConfUtils.java:logGet(43)) - raft.server.rpc.timeout.max = 5200ms (custom)
2019-08-29 01:55:54,781 [pool-113-thread-1] INFO  server.RaftServerConfigKeys (ConfUtils.java:logGet(43)) - raft.server.rpcslowness.timeout = 120s (custom)
2019-08-29 01:55:54,781 [pool-113-thread-1] INFO  server.RaftServerConfigKeys (ConfUtils.java:logGet(43)) - raft.server.sleep.deviation.threshold = 300 (default)
2019-08-29 01:55:54,782 [pool-113-thread-1] INFO  server.RaftServerConfigKeys (ConfUtils.java:logGet(43)) - raft.server.log.appender.install.snapshot.enabled = false (custom)
2019-08-29 01:55:54,782 [pool-113-thread-1] INFO  impl.RaftServerImpl (ServerState.java:<init>(105)) - 2cdad04f-ab4a-4a63-a522-b72e02e27bd7:group-7CB8A4DDC70B ConfigurationManager, init=-1: [2cdad04f-ab4a-4a63-a522-b72e02e27bd7:192.168.69.96:44050], old=null, confs=<EMPTY_MAP>
2019-08-29 01:55:54,782 [pool-113-thread-1] INFO  server.RaftServerConfigKeys (ConfUtils.java:logGet(43)) - raft.server.storage.dir = [/workdir/hadoop-ozone/integration-test/target/test-dir/MiniOzoneClusterImpl-c3e32655-bfd3-45e1-b300-51bbc9e831ce/datanode-0/data/ratis] (custom)
2019-08-29 01:55:54,783 [pool-113-thread-1] INFO  storage.RaftStorageDirectory (RaftStorageDirectory.java:analyzeStorage(246)) - The storage directory /workdir/hadoop-ozone/integration-test/target/test-dir/MiniOzoneClusterImpl-c3e32655-bfd3-45e1-b300-51bbc9e831ce/datanode-0/data/ratis/1ec6acfb-dd36-4527-8007-7cb8a4ddc70b does not exist. Creating ...
2019-08-29 01:55:54,808 [pool-113-thread-1] INFO  storage.RaftStorageDirectory (RaftStorageDirectory.java:tryLock(328)) - Lock on /workdir/hadoop-ozone/integration-test/target/test-dir/MiniOzoneClusterImpl-c3e32655-bfd3-45e1-b300-51bbc9e831ce/datanode-0/data/ratis/1ec6acfb-dd36-4527-8007-7cb8a4ddc70b/in_use.lock acquired by nodename 28750@pr-hdds-2050-x2mk7-2257017151
2019-08-29 01:55:54,813 [IPC Server handler 2 on 36604] INFO  net.NetworkTopology (NetworkTopologyImpl.java:add(110)) - Added a new node: /default-rack/9fceaf92-49b0-4d05-b1c4-1c25dab8ebb3
2019-08-29 01:55:54,813 [IPC Server handler 2 on 36604] INFO  node.SCMNodeManager (SCMNodeManager.java:register(273)) - Registered Data node : 9fceaf92-49b0-4d05-b1c4-1c25dab8ebb3{ip: 192.168.69.96, host: pr-hdds-2050-x2mk7-2257017151, networkLocation: /default-rack, certSerialId: null}
2019-08-29 01:55:54,814 | INFO  | SCMAudit | user=jenkins1000 | ip=192.168.69.96 | op=REGISTER {datanodeDetails=9fceaf92-49b0-4d05-b1c4-1c25dab8ebb3{ip: 192.168.69.96, host: pr-hdds-2050-x2mk7-2257017151, networkLocation: /default-rack, certSerialId: null}} | ret=SUCCESS |  
2019-08-29 01:55:54,821 [pool-113-thread-1] INFO  storage.RaftStorage (RaftStorage.java:format(72)) - Storage directory /workdir/hadoop-ozone/integration-test/target/test-dir/MiniOzoneClusterImpl-c3e32655-bfd3-45e1-b300-51bbc9e831ce/datanode-0/data/ratis/1ec6acfb-dd36-4527-8007-7cb8a4ddc70b has been successfully formatted.
2019-08-29 01:55:54,822 [pool-113-thread-1] INFO  ratis.ContainerStateMachine (ContainerStateMachine.java:loadSnapshot(227)) - group-7CB8A4DDC70B: The snapshot info is null. Setting the last applied indexto:(t:0, i:~)
2019-08-29 01:55:54,822 [pool-113-thread-1] INFO  server.RaftServerConfigKeys (ConfUtils.java:logGet(43)) - raft.server.leader.election.timeout = 120s (custom)
2019-08-29 01:55:54,822 [pool-113-thread-1] INFO  server.RaftServerConfigKeys (ConfUtils.java:logGet(43)) - raft.server.log.use.memory = false (default)
2019-08-29 01:55:54,823 [pool-113-thread-1] INFO  server.RaftServerConfigKeys (ConfUtils.java:logGet(43)) - raft.server.log.purge.gap = 1000000 (custom)
2019-08-29 01:55:54,823 [pool-113-thread-1] INFO  server.RaftServerConfigKeys (ConfUtils.java:logGet(43)) - raft.server.log.appender.buffer.byte-limit = 33554432 (custom)
2019-08-29 01:55:54,823 [pool-113-thread-1] INFO  server.RaftServerConfigKeys (ConfUtils.java:logGet(43)) - raft.server.log.segment.size.max = 1048576 (custom)
2019-08-29 01:55:54,823 [pool-113-thread-1] INFO  server.RaftServerConfigKeys (ConfUtils.java:logGet(43)) - raft.server.log.segment.cache.num.max = 2 (custom)
2019-08-29 01:55:54,823 [pool-113-thread-1] INFO  segmented.SegmentedRaftLogWorker (SegmentedRaftLogWorker.java:<init>(172)) - new 2cdad04f-ab4a-4a63-a522-b72e02e27bd7-SegmentedRaftLogWorker:Storage Directory /workdir/hadoop-ozone/integration-test/target/test-dir/MiniOzoneClusterImpl-c3e32655-bfd3-45e1-b300-51bbc9e831ce/datanode-0/data/ratis/1ec6acfb-dd36-4527-8007-7cb8a4ddc70b for RaftStorage:Storage Directory /workdir/hadoop-ozone/integration-test/target/test-dir/MiniOzoneClusterImpl-c3e32655-bfd3-45e1-b300-51bbc9e831ce/datanode-0/data/ratis/1ec6acfb-dd36-4527-8007-7cb8a4ddc70b
2019-08-29 01:55:54,824 [pool-113-thread-1] INFO  server.RaftServerConfigKeys (ConfUtils.java:logGet(43)) - raft.server.log.queue.byte-limit = 2147483647 (custom)
2019-08-29 01:55:54,824 [pool-113-thread-1] INFO  server.RaftServerConfigKeys (ConfUtils.java:logGet(43)) - raft.server.log.queue.element-limit = 1024 (custom)
2019-08-29 01:55:54,824 [pool-113-thread-1] INFO  server.RaftServerConfigKeys (ConfUtils.java:logGet(43)) - raft.server.log.segment.size.max = 1048576 (custom)
2019-08-29 01:55:54,825 [pool-113-thread-1] INFO  server.RaftServerConfigKeys (ConfUtils.java:logGet(43)) - raft.server.log.preallocated.size = 16384 (custom)
2019-08-29 01:55:54,825 [pool-113-thread-1] INFO  server.RaftServerConfigKeys (ConfUtils.java:logGet(43)) - raft.server.log.write.buffer.size = 33554432 (custom)
2019-08-29 01:55:54,825 [pool-113-thread-1] INFO  server.RaftServerConfigKeys (ConfUtils.java:logGet(43)) - raft.server.log.force.sync.num = 128 (default)
2019-08-29 01:55:54,825 [pool-113-thread-1] INFO  server.RaftServerConfigKeys (ConfUtils.java:logGet(43)) - raft.server.log.statemachine.data.sync = true (default)
2019-08-29 01:55:54,825 [pool-113-thread-1] INFO  server.RaftServerConfigKeys (ConfUtils.java:logGet(43)) - raft.server.log.statemachine.data.sync.timeout = 10s (default)
2019-08-29 01:55:54,826 [pool-113-thread-1] INFO  server.RaftServerConfigKeys (ConfUtils.java:logGet(43)) - raft.server.log.statemachine.data.sync.timeout.retry = -1 (default)
2019-08-29 01:55:54,826 [pool-113-thread-1] INFO  server.RaftServerConfigKeys (ConfUtils.java:logGet(43)) - raft.server.log.statemachine.data.caching.enabled = true (custom)
2019-08-29 01:55:54,827 [pool-113-thread-1] INFO  segmented.SegmentedRaftLogWorker (SegmentedRaftLogWorker.java:lambda$new$0(132)) - 2cdad04f-ab4a-4a63-a522-b72e02e27bd7-SegmentedRaftLogWorker:Storage Directory /workdir/hadoop-ozone/integration-test/target/test-dir/MiniOzoneClusterImpl-c3e32655-bfd3-45e1-b300-51bbc9e831ce/datanode-0/data/ratis/1ec6acfb-dd36-4527-8007-7cb8a4ddc70b: flushIndex: setUnconditionally 0 -> -1
2019-08-29 01:55:54,827 [pool-113-thread-1] INFO  server.RaftServerConfigKeys (ConfUtils.java:logGet(43)) - raft.server.snapshot.auto.trigger.enabled = true (custom)
2019-08-29 01:55:54,827 [pool-113-thread-1] INFO  server.RaftServerConfigKeys (ConfUtils.java:logGet(43)) - raft.server.snapshot.auto.trigger.threshold = 10000 (custom)
2019-08-29 01:55:54,828 [pool-113-thread-1] INFO  server.RaftServerConfigKeys (ConfUtils.java:logGet(43)) - raft.server.retrycache.expirytime = 600000ms (custom)
2019-08-29 01:55:54,828 [pool-113-thread-1] INFO  impl.RaftServerImpl (RaftServerImpl.java:start(180)) - 2cdad04f-ab4a-4a63-a522-b72e02e27bd7: start group-7CB8A4DDC70B
2019-08-29 01:55:54,828 [pool-113-thread-1] INFO  impl.RaftServerImpl (RaftServerImpl.java:setRole(171)) - 2cdad04f-ab4a-4a63-a522-b72e02e27bd7:group-7CB8A4DDC70B changes role from null to FOLLOWER at term 0 for startAsFollower
2019-08-29 01:55:54,828 [pool-113-thread-1] INFO  impl.RoleInfo (RoleInfo.java:updateAndGet(143)) - 2cdad04f-ab4a-4a63-a522-b72e02e27bd7: start FollowerState
2019-08-29 01:55:54,830 [pool-113-thread-1] INFO  util.JmxRegister (JmxRegister.java:tryRegister(44)) - Successfully registered JMX Bean with object name Ratis:service=RaftServer,group=group-7CB8A4DDC70B,id=2cdad04f-ab4a-4a63-a522-b72e02e27bd7
2019-08-29 01:55:54,838 [RatisPipelineUtilsThread] INFO  pipeline.PipelineStateManager (PipelineStateManager.java:addPipeline(56)) - Created pipeline Pipeline[ Id: 1ec6acfb-dd36-4527-8007-7cb8a4ddc70b, Nodes: 2cdad04f-ab4a-4a63-a522-b72e02e27bd7{ip: 192.168.69.96, host: pr-hdds-2050-x2mk7-2257017151, networkLocation: /default-rack, certSerialId: null}, Type:RATIS, Factor:ONE, State:OPEN]
2019-08-29 01:55:54,850 [grpc-default-executor-0] INFO  impl.RaftServerProxy (RaftServerProxy.java:addNew(89)) - 9fceaf92-49b0-4d05-b1c4-1c25dab8ebb3: addNew group-74B7220BD952:[9fceaf92-49b0-4d05-b1c4-1c25dab8ebb3:192.168.69.96:40992] returns group-74B7220BD952:java.util.concurrent.CompletableFuture@74a03b84[Not completed]
2019-08-29 01:55:54,853 [pool-124-thread-1] INFO  impl.RaftServerImpl (RaftServerImpl.java:<init>(93)) - 9fceaf92-49b0-4d05-b1c4-1c25dab8ebb3: new RaftServerImpl for group-74B7220BD952:[9fceaf92-49b0-4d05-b1c4-1c25dab8ebb3:192.168.69.96:40992] with ContainerStateMachine:uninitialized
2019-08-29 01:55:54,853 [pool-124-thread-1] INFO  server.RaftServerConfigKeys (ConfUtils.java:logGet(43)) - raft.server.rpc.timeout.min = 5s (custom)
2019-08-29 01:55:54,853 [pool-124-thread-1] INFO  server.RaftServerConfigKeys (ConfUtils.java:logGet(43)) - raft.server.rpc.timeout.max = 5200ms (custom)
2019-08-29 01:55:54,853 [pool-124-thread-1] INFO  server.RaftServerConfigKeys (ConfUtils.java:logGet(43)) - raft.server.rpcslowness.timeout = 120s (custom)
2019-08-29 01:55:54,854 [pool-124-thread-1] INFO  server.RaftServerConfigKeys (ConfUtils.java:logGet(43)) - raft.server.sleep.deviation.threshold = 300 (default)
2019-08-29 01:55:54,854 [pool-124-thread-1] INFO  server.RaftServerConfigKeys (ConfUtils.java:logGet(43)) - raft.server.log.appender.install.snapshot.enabled = false (custom)
2019-08-29 01:55:54,854 [pool-124-thread-1] INFO  impl.RaftServerImpl (ServerState.java:<init>(105)) - 9fceaf92-49b0-4d05-b1c4-1c25dab8ebb3:group-74B7220BD952 ConfigurationManager, init=-1: [9fceaf92-49b0-4d05-b1c4-1c25dab8ebb3:192.168.69.96:40992], old=null, confs=<EMPTY_MAP>
2019-08-29 01:55:54,854 [pool-124-thread-1] INFO  server.RaftServerConfigKeys (ConfUtils.java:logGet(43)) - raft.server.storage.dir = [/workdir/hadoop-ozone/integration-test/target/test-dir/MiniOzoneClusterImpl-c3e32655-bfd3-45e1-b300-51bbc9e831ce/datanode-1/data/ratis] (custom)
2019-08-29 01:55:54,855 [pool-124-thread-1] INFO  storage.RaftStorageDirectory (RaftStorageDirectory.java:analyzeStorage(246)) - The storage directory /workdir/hadoop-ozone/integration-test/target/test-dir/MiniOzoneClusterImpl-c3e32655-bfd3-45e1-b300-51bbc9e831ce/datanode-1/data/ratis/b1f53f8d-3b3c-4e8b-85f1-74b7220bd952 does not exist. Creating ...
2019-08-29 01:55:54,877 [pool-124-thread-1] INFO  storage.RaftStorageDirectory (RaftStorageDirectory.java:tryLock(328)) - Lock on /workdir/hadoop-ozone/integration-test/target/test-dir/MiniOzoneClusterImpl-c3e32655-bfd3-45e1-b300-51bbc9e831ce/datanode-1/data/ratis/b1f53f8d-3b3c-4e8b-85f1-74b7220bd952/in_use.lock acquired by nodename 28750@pr-hdds-2050-x2mk7-2257017151
2019-08-29 01:55:54,877 [IPC Server handler 1 on 36604] INFO  net.NetworkTopology (NetworkTopologyImpl.java:add(110)) - Added a new node: /default-rack/5c43803d-2cd6-4c13-9fd2-4fe218687bd5
2019-08-29 01:55:54,878 [IPC Server handler 1 on 36604] INFO  node.SCMNodeManager (SCMNodeManager.java:register(273)) - Registered Data node : 5c43803d-2cd6-4c13-9fd2-4fe218687bd5{ip: 192.168.69.96, host: pr-hdds-2050-x2mk7-2257017151, networkLocation: /default-rack, certSerialId: null}
2019-08-29 01:55:54,878 | INFO  | SCMAudit | user=jenkins1000 | ip=192.168.69.96 | op=REGISTER {datanodeDetails=5c43803d-2cd6-4c13-9fd2-4fe218687bd5{ip: 192.168.69.96, host: pr-hdds-2050-x2mk7-2257017151, networkLocation: /default-rack, certSerialId: null}} | ret=SUCCESS |  
2019-08-29 01:55:54,880 [Thread-325] INFO  ozone.MiniOzoneClusterImpl (MiniOzoneClusterImpl.java:lambda$waitForClusterToBeReady$0(140)) - Cluster is ready. Got 3 of 3 DN Heartbeats.
2019-08-29 01:55:54,901 [pool-124-thread-1] INFO  storage.RaftStorage (RaftStorage.java:format(72)) - Storage directory /workdir/hadoop-ozone/integration-test/target/test-dir/MiniOzoneClusterImpl-c3e32655-bfd3-45e1-b300-51bbc9e831ce/datanode-1/data/ratis/b1f53f8d-3b3c-4e8b-85f1-74b7220bd952 has been successfully formatted.
2019-08-29 01:55:54,902 [pool-124-thread-1] INFO  ratis.ContainerStateMachine (ContainerStateMachine.java:loadSnapshot(227)) - group-74B7220BD952: The snapshot info is null. Setting the last applied indexto:(t:0, i:~)
2019-08-29 01:55:54,902 [pool-124-thread-1] INFO  server.RaftServerConfigKeys (ConfUtils.java:logGet(43)) - raft.server.leader.election.timeout = 120s (custom)
2019-08-29 01:55:54,902 [pool-124-thread-1] INFO  server.RaftServerConfigKeys (ConfUtils.java:logGet(43)) - raft.server.log.use.memory = false (default)
2019-08-29 01:55:54,902 [pool-124-thread-1] INFO  server.RaftServerConfigKeys (ConfUtils.java:logGet(43)) - raft.server.log.purge.gap = 1000000 (custom)
2019-08-29 01:55:54,903 [pool-124-thread-1] INFO  server.RaftServerConfigKeys (ConfUtils.java:logGet(43)) - raft.server.log.appender.buffer.byte-limit = 33554432 (custom)
2019-08-29 01:55:54,903 [pool-124-thread-1] INFO  server.RaftServerConfigKeys (ConfUtils.java:logGet(43)) - raft.server.log.segment.size.max = 1048576 (custom)
2019-08-29 01:55:54,903 [pool-124-thread-1] INFO  server.RaftServerConfigKeys (ConfUtils.java:logGet(43)) - raft.server.log.segment.cache.num.max = 2 (custom)
2019-08-29 01:55:54,903 [pool-124-thread-1] INFO  segmented.SegmentedRaftLogWorker (SegmentedRaftLogWorker.java:<init>(172)) - new 9fceaf92-49b0-4d05-b1c4-1c25dab8ebb3-SegmentedRaftLogWorker:Storage Directory /workdir/hadoop-ozone/integration-test/target/test-dir/MiniOzoneClusterImpl-c3e32655-bfd3-45e1-b300-51bbc9e831ce/datanode-1/data/ratis/b1f53f8d-3b3c-4e8b-85f1-74b7220bd952 for RaftStorage:Storage Directory /workdir/hadoop-ozone/integration-test/target/test-dir/MiniOzoneClusterImpl-c3e32655-bfd3-45e1-b300-51bbc9e831ce/datanode-1/data/ratis/b1f53f8d-3b3c-4e8b-85f1-74b7220bd952
2019-08-29 01:55:54,903 [pool-124-thread-1] INFO  server.RaftServerConfigKeys (ConfUtils.java:logGet(43)) - raft.server.log.queue.byte-limit = 2147483647 (custom)
2019-08-29 01:55:54,904 [pool-124-thread-1] INFO  server.RaftServerConfigKeys (ConfUtils.java:logGet(43)) - raft.server.log.queue.element-limit = 1024 (custom)
2019-08-29 01:55:54,904 [pool-124-thread-1] INFO  server.RaftServerConfigKeys (ConfUtils.java:logGet(43)) - raft.server.log.segment.size.max = 1048576 (custom)
2019-08-29 01:55:54,904 [pool-124-thread-1] INFO  server.RaftServerConfigKeys (ConfUtils.java:logGet(43)) - raft.server.log.preallocated.size = 16384 (custom)
2019-08-29 01:55:54,904 [pool-124-thread-1] INFO  server.RaftServerConfigKeys (ConfUtils.java:logGet(43)) - raft.server.log.write.buffer.size = 33554432 (custom)
2019-08-29 01:55:54,904 [pool-124-thread-1] INFO  server.RaftServerConfigKeys (ConfUtils.java:logGet(43)) - raft.server.log.force.sync.num = 128 (default)
2019-08-29 01:55:54,905 [pool-124-thread-1] INFO  server.RaftServerConfigKeys (ConfUtils.java:logGet(43)) - raft.server.log.statemachine.data.sync = true (default)
2019-08-29 01:55:54,905 [pool-124-thread-1] INFO  server.RaftServerConfigKeys (ConfUtils.java:logGet(43)) - raft.server.log.statemachine.data.sync.timeout = 10s (default)
2019-08-29 01:55:54,905 [pool-124-thread-1] INFO  server.RaftServerConfigKeys (ConfUtils.java:logGet(43)) - raft.server.log.statemachine.data.sync.timeout.retry = -1 (default)
2019-08-29 01:55:54,905 [pool-124-thread-1] INFO  server.RaftServerConfigKeys (ConfUtils.java:logGet(43)) - raft.server.log.statemachine.data.caching.enabled = true (custom)
2019-08-29 01:55:54,906 [pool-124-thread-1] INFO  segmented.SegmentedRaftLogWorker (SegmentedRaftLogWorker.java:lambda$new$0(132)) - 9fceaf92-49b0-4d05-b1c4-1c25dab8ebb3-SegmentedRaftLogWorker:Storage Directory /workdir/hadoop-ozone/integration-test/target/test-dir/MiniOzoneClusterImpl-c3e32655-bfd3-45e1-b300-51bbc9e831ce/datanode-1/data/ratis/b1f53f8d-3b3c-4e8b-85f1-74b7220bd952: flushIndex: setUnconditionally 0 -> -1
2019-08-29 01:55:54,906 [pool-124-thread-1] INFO  server.RaftServerConfigKeys (ConfUtils.java:logGet(43)) - raft.server.snapshot.auto.trigger.enabled = true (custom)
2019-08-29 01:55:54,906 [pool-124-thread-1] INFO  server.RaftServerConfigKeys (ConfUtils.java:logGet(43)) - raft.server.snapshot.auto.trigger.threshold = 10000 (custom)
2019-08-29 01:55:54,907 [pool-124-thread-1] INFO  server.RaftServerConfigKeys (ConfUtils.java:logGet(43)) - raft.server.retrycache.expirytime = 600000ms (custom)
2019-08-29 01:55:54,907 [pool-124-thread-1] INFO  impl.RaftServerImpl (RaftServerImpl.java:start(180)) - 9fceaf92-49b0-4d05-b1c4-1c25dab8ebb3: start group-74B7220BD952
2019-08-29 01:55:54,907 [pool-124-thread-1] INFO  impl.RaftServerImpl (RaftServerImpl.java:setRole(171)) - 9fceaf92-49b0-4d05-b1c4-1c25dab8ebb3:group-74B7220BD952 changes role from null to FOLLOWER at term 0 for startAsFollower
2019-08-29 01:55:54,907 [pool-124-thread-1] INFO  impl.RoleInfo (RoleInfo.java:updateAndGet(143)) - 9fceaf92-49b0-4d05-b1c4-1c25dab8ebb3: start FollowerState
2019-08-29 01:55:54,913 [pool-124-thread-1] INFO  util.JmxRegister (JmxRegister.java:tryRegister(44)) - Successfully registered JMX Bean with object name Ratis:service=RaftServer,group=group-74B7220BD952,id=9fceaf92-49b0-4d05-b1c4-1c25dab8ebb3
2019-08-29 01:55:54,922 [RatisPipelineUtilsThread] INFO  pipeline.PipelineStateManager (PipelineStateManager.java:addPipeline(56)) - Created pipeline Pipeline[ Id: b1f53f8d-3b3c-4e8b-85f1-74b7220bd952, Nodes: 9fceaf92-49b0-4d05-b1c4-1c25dab8ebb3{ip: 192.168.69.96, host: pr-hdds-2050-x2mk7-2257017151, networkLocation: /default-rack, certSerialId: null}, Type:RATIS, Factor:ONE, State:OPEN]
2019-08-29 01:55:54,936 [grpc-default-executor-0] INFO  impl.RaftServerProxy (RaftServerProxy.java:addNew(89)) - 5c43803d-2cd6-4c13-9fd2-4fe218687bd5: addNew group-BCAC9EF76424:[5c43803d-2cd6-4c13-9fd2-4fe218687bd5:192.168.69.96:41795] returns group-BCAC9EF76424:java.util.concurrent.CompletableFuture@1aad7182[Not completed]
2019-08-29 01:55:54,938 [pool-135-thread-1] INFO  impl.RaftServerImpl (RaftServerImpl.java:<init>(93)) - 5c43803d-2cd6-4c13-9fd2-4fe218687bd5: new RaftServerImpl for group-BCAC9EF76424:[5c43803d-2cd6-4c13-9fd2-4fe218687bd5:192.168.69.96:41795] with ContainerStateMachine:uninitialized
2019-08-29 01:55:54,938 [pool-135-thread-1] INFO  server.RaftServerConfigKeys (ConfUtils.java:logGet(43)) - raft.server.rpc.timeout.min = 5s (custom)
2019-08-29 01:55:54,938 [pool-135-thread-1] INFO  server.RaftServerConfigKeys (ConfUtils.java:logGet(43)) - raft.server.rpc.timeout.max = 5200ms (custom)
2019-08-29 01:55:54,938 [pool-135-thread-1] INFO  server.RaftServerConfigKeys (ConfUtils.java:logGet(43)) - raft.server.rpcslowness.timeout = 120s (custom)
2019-08-29 01:55:54,939 [pool-135-thread-1] INFO  server.RaftServerConfigKeys (ConfUtils.java:logGet(43)) - raft.server.sleep.deviation.threshold = 300 (default)
2019-08-29 01:55:54,939 [pool-135-thread-1] INFO  server.RaftServerConfigKeys (ConfUtils.java:logGet(43)) - raft.server.log.appender.install.snapshot.enabled = false (custom)
2019-08-29 01:55:54,939 [pool-135-thread-1] INFO  impl.RaftServerImpl (ServerState.java:<init>(105)) - 5c43803d-2cd6-4c13-9fd2-4fe218687bd5:group-BCAC9EF76424 ConfigurationManager, init=-1: [5c43803d-2cd6-4c13-9fd2-4fe218687bd5:192.168.69.96:41795], old=null, confs=<EMPTY_MAP>
2019-08-29 01:55:54,939 [pool-135-thread-1] INFO  server.RaftServerConfigKeys (ConfUtils.java:logGet(43)) - raft.server.storage.dir = [/workdir/hadoop-ozone/integration-test/target/test-dir/MiniOzoneClusterImpl-c3e32655-bfd3-45e1-b300-51bbc9e831ce/datanode-2/data/ratis] (custom)
2019-08-29 01:55:54,940 [pool-135-thread-1] INFO  storage.RaftStorageDirectory (RaftStorageDirectory.java:analyzeStorage(246)) - The storage directory /workdir/hadoop-ozone/integration-test/target/test-dir/MiniOzoneClusterImpl-c3e32655-bfd3-45e1-b300-51bbc9e831ce/datanode-2/data/ratis/eacd48e3-7aec-4a21-a9a0-bcac9ef76424 does not exist. Creating ...
2019-08-29 01:55:54,965 [pool-135-thread-1] INFO  storage.RaftStorageDirectory (RaftStorageDirectory.java:tryLock(328)) - Lock on /workdir/hadoop-ozone/integration-test/target/test-dir/MiniOzoneClusterImpl-c3e32655-bfd3-45e1-b300-51bbc9e831ce/datanode-2/data/ratis/eacd48e3-7aec-4a21-a9a0-bcac9ef76424/in_use.lock acquired by nodename 28750@pr-hdds-2050-x2mk7-2257017151
2019-08-29 01:55:54,978 [pool-135-thread-1] INFO  storage.RaftStorage (RaftStorage.java:format(72)) - Storage directory /workdir/hadoop-ozone/integration-test/target/test-dir/MiniOzoneClusterImpl-c3e32655-bfd3-45e1-b300-51bbc9e831ce/datanode-2/data/ratis/eacd48e3-7aec-4a21-a9a0-bcac9ef76424 has been successfully formatted.
2019-08-29 01:55:54,978 [pool-135-thread-1] INFO  ratis.ContainerStateMachine (ContainerStateMachine.java:loadSnapshot(227)) - group-BCAC9EF76424: The snapshot info is null. Setting the last applied indexto:(t:0, i:~)
2019-08-29 01:55:54,979 [pool-135-thread-1] INFO  server.RaftServerConfigKeys (ConfUtils.java:logGet(43)) - raft.server.leader.election.timeout = 120s (custom)
2019-08-29 01:55:54,979 [pool-135-thread-1] INFO  server.RaftServerConfigKeys (ConfUtils.java:logGet(43)) - raft.server.log.use.memory = false (default)
2019-08-29 01:55:54,979 [pool-135-thread-1] INFO  server.RaftServerConfigKeys (ConfUtils.java:logGet(43)) - raft.server.log.purge.gap = 1000000 (custom)
2019-08-29 01:55:54,979 [pool-135-thread-1] INFO  server.RaftServerConfigKeys (ConfUtils.java:logGet(43)) - raft.server.log.appender.buffer.byte-limit = 33554432 (custom)
2019-08-29 01:55:54,979 [pool-135-thread-1] INFO  server.RaftServerConfigKeys (ConfUtils.java:logGet(43)) - raft.server.log.segment.size.max = 1048576 (custom)
2019-08-29 01:55:54,979 [pool-135-thread-1] INFO  server.RaftServerConfigKeys (ConfUtils.java:logGet(43)) - raft.server.log.segment.cache.num.max = 2 (custom)
2019-08-29 01:55:54,980 [pool-135-thread-1] INFO  segmented.SegmentedRaftLogWorker (SegmentedRaftLogWorker.java:<init>(172)) - new 5c43803d-2cd6-4c13-9fd2-4fe218687bd5-SegmentedRaftLogWorker:Storage Directory /workdir/hadoop-ozone/integration-test/target/test-dir/MiniOzoneClusterImpl-c3e32655-bfd3-45e1-b300-51bbc9e831ce/datanode-2/data/ratis/eacd48e3-7aec-4a21-a9a0-bcac9ef76424 for RaftStorage:Storage Directory /workdir/hadoop-ozone/integration-test/target/test-dir/MiniOzoneClusterImpl-c3e32655-bfd3-45e1-b300-51bbc9e831ce/datanode-2/data/ratis/eacd48e3-7aec-4a21-a9a0-bcac9ef76424
2019-08-29 01:55:54,980 [pool-135-thread-1] INFO  server.RaftServerConfigKeys (ConfUtils.java:logGet(43)) - raft.server.log.queue.byte-limit = 2147483647 (custom)
2019-08-29 01:55:54,980 [pool-135-thread-1] INFO  server.RaftServerConfigKeys (ConfUtils.java:logGet(43)) - raft.server.log.queue.element-limit = 1024 (custom)
2019-08-29 01:55:54,980 [pool-135-thread-1] INFO  server.RaftServerConfigKeys (ConfUtils.java:logGet(43)) - raft.server.log.segment.size.max = 1048576 (custom)
2019-08-29 01:55:54,981 [pool-135-thread-1] INFO  server.RaftServerConfigKeys (ConfUtils.java:logGet(43)) - raft.server.log.preallocated.size = 16384 (custom)
2019-08-29 01:55:54,981 [pool-135-thread-1] INFO  server.RaftServerConfigKeys (ConfUtils.java:logGet(43)) - raft.server.log.write.buffer.size = 33554432 (custom)
2019-08-29 01:55:54,981 [pool-135-thread-1] INFO  server.RaftServerConfigKeys (ConfUtils.java:logGet(43)) - raft.server.log.force.sync.num = 128 (default)
2019-08-29 01:55:54,981 [pool-135-thread-1] INFO  server.RaftServerConfigKeys (ConfUtils.java:logGet(43)) - raft.server.log.statemachine.data.sync = true (default)
2019-08-29 01:55:54,981 [pool-135-thread-1] INFO  server.RaftServerConfigKeys (ConfUtils.java:logGet(43)) - raft.server.log.statemachine.data.sync.timeout = 10s (default)
2019-08-29 01:55:54,982 [pool-135-thread-1] INFO  server.RaftServerConfigKeys (ConfUtils.java:logGet(43)) - raft.server.log.statemachine.data.sync.timeout.retry = -1 (default)
2019-08-29 01:55:54,982 [pool-135-thread-1] INFO  server.RaftServerConfigKeys (ConfUtils.java:logGet(43)) - raft.server.log.statemachine.data.caching.enabled = true (custom)
2019-08-29 01:55:54,982 [pool-135-thread-1] INFO  segmented.SegmentedRaftLogWorker (SegmentedRaftLogWorker.java:lambda$new$0(132)) - 5c43803d-2cd6-4c13-9fd2-4fe218687bd5-SegmentedRaftLogWorker:Storage Directory /workdir/hadoop-ozone/integration-test/target/test-dir/MiniOzoneClusterImpl-c3e32655-bfd3-45e1-b300-51bbc9e831ce/datanode-2/data/ratis/eacd48e3-7aec-4a21-a9a0-bcac9ef76424: flushIndex: setUnconditionally 0 -> -1
2019-08-29 01:55:54,983 [pool-135-thread-1] INFO  server.RaftServerConfigKeys (ConfUtils.java:logGet(43)) - raft.server.snapshot.auto.trigger.enabled = true (custom)
2019-08-29 01:55:54,983 [pool-135-thread-1] INFO  server.RaftServerConfigKeys (ConfUtils.java:logGet(43)) - raft.server.snapshot.auto.trigger.threshold = 10000 (custom)
2019-08-29 01:55:54,983 [pool-135-thread-1] INFO  server.RaftServerConfigKeys (ConfUtils.java:logGet(43)) - raft.server.retrycache.expirytime = 600000ms (custom)
2019-08-29 01:55:54,983 [pool-135-thread-1] INFO  impl.RaftServerImpl (RaftServerImpl.java:start(180)) - 5c43803d-2cd6-4c13-9fd2-4fe218687bd5: start group-BCAC9EF76424
2019-08-29 01:55:54,984 [pool-135-thread-1] INFO  impl.RaftServerImpl (RaftServerImpl.java:setRole(171)) - 5c43803d-2cd6-4c13-9fd2-4fe218687bd5:group-BCAC9EF76424 changes role from null to FOLLOWER at term 0 for startAsFollower
2019-08-29 01:55:54,984 [pool-135-thread-1] INFO  impl.RoleInfo (RoleInfo.java:updateAndGet(143)) - 5c43803d-2cd6-4c13-9fd2-4fe218687bd5: start FollowerState
2019-08-29 01:55:54,984 [pool-135-thread-1] INFO  util.JmxRegister (JmxRegister.java:tryRegister(44)) - Successfully registered JMX Bean with object name Ratis:service=RaftServer,group=group-BCAC9EF76424,id=5c43803d-2cd6-4c13-9fd2-4fe218687bd5
2019-08-29 01:55:54,990 [RatisPipelineUtilsThread] INFO  pipeline.PipelineStateManager (PipelineStateManager.java:addPipeline(56)) - Created pipeline Pipeline[ Id: eacd48e3-7aec-4a21-a9a0-bcac9ef76424, Nodes: 5c43803d-2cd6-4c13-9fd2-4fe218687bd5{ip: 192.168.69.96, host: pr-hdds-2050-x2mk7-2257017151, networkLocation: /default-rack, certSerialId: null}, Type:RATIS, Factor:ONE, State:OPEN]
2019-08-29 01:55:55,010 [grpc-default-executor-1] INFO  impl.RaftServerProxy (RaftServerProxy.java:addNew(89)) - 2cdad04f-ab4a-4a63-a522-b72e02e27bd7: addNew group-383A8F382357:[2cdad04f-ab4a-4a63-a522-b72e02e27bd7:192.168.69.96:44050, 5c43803d-2cd6-4c13-9fd2-4fe218687bd5:192.168.69.96:41795, 9fceaf92-49b0-4d05-b1c4-1c25dab8ebb3:192.168.69.96:40992] returns group-383A8F382357:java.util.concurrent.CompletableFuture@67aa2149[Not completed]
2019-08-29 01:55:55,013 [pool-113-thread-1] INFO  impl.RaftServerImpl (RaftServerImpl.java:<init>(93)) - 2cdad04f-ab4a-4a63-a522-b72e02e27bd7: new RaftServerImpl for group-383A8F382357:[2cdad04f-ab4a-4a63-a522-b72e02e27bd7:192.168.69.96:44050, 5c43803d-2cd6-4c13-9fd2-4fe218687bd5:192.168.69.96:41795, 9fceaf92-49b0-4d05-b1c4-1c25dab8ebb3:192.168.69.96:40992] with ContainerStateMachine:uninitialized
2019-08-29 01:55:55,013 [grpc-default-executor-1] INFO  impl.RaftServerProxy (RaftServerProxy.java:addNew(89)) - 9fceaf92-49b0-4d05-b1c4-1c25dab8ebb3: addNew group-383A8F382357:[2cdad04f-ab4a-4a63-a522-b72e02e27bd7:192.168.69.96:44050, 5c43803d-2cd6-4c13-9fd2-4fe218687bd5:192.168.69.96:41795, 9fceaf92-49b0-4d05-b1c4-1c25dab8ebb3:192.168.69.96:40992] returns group-383A8F382357:java.util.concurrent.CompletableFuture@22a8b3d8[Not completed]
2019-08-29 01:55:55,015 [pool-113-thread-1] INFO  server.RaftServerConfigKeys (ConfUtils.java:logGet(43)) - raft.server.rpc.timeout.min = 5s (custom)
2019-08-29 01:55:55,015 [pool-113-thread-1] INFO  server.RaftServerConfigKeys (ConfUtils.java:logGet(43)) - raft.server.rpc.timeout.max = 5200ms (custom)
2019-08-29 01:55:55,015 [pool-113-thread-1] INFO  server.RaftServerConfigKeys (ConfUtils.java:logGet(43)) - raft.server.rpcslowness.timeout = 120s (custom)
2019-08-29 01:55:55,016 [grpc-default-executor-1] INFO  impl.RaftServerProxy (RaftServerProxy.java:addNew(89)) - 5c43803d-2cd6-4c13-9fd2-4fe218687bd5: addNew group-383A8F382357:[2cdad04f-ab4a-4a63-a522-b72e02e27bd7:192.168.69.96:44050, 5c43803d-2cd6-4c13-9fd2-4fe218687bd5:192.168.69.96:41795, 9fceaf92-49b0-4d05-b1c4-1c25dab8ebb3:192.168.69.96:40992] returns group-383A8F382357:java.util.concurrent.CompletableFuture@1340d6de[Not completed]
2019-08-29 01:55:55,016 [pool-113-thread-1] INFO  server.RaftServerConfigKeys (ConfUtils.java:logGet(43)) - raft.server.sleep.deviation.threshold = 300 (default)
2019-08-29 01:55:55,016 [pool-113-thread-1] INFO  server.RaftServerConfigKeys (ConfUtils.java:logGet(43)) - raft.server.log.appender.install.snapshot.enabled = false (custom)
2019-08-29 01:55:55,016 [pool-113-thread-1] INFO  impl.RaftServerImpl (ServerState.java:<init>(105)) - 2cdad04f-ab4a-4a63-a522-b72e02e27bd7:group-383A8F382357 ConfigurationManager, init=-1: [2cdad04f-ab4a-4a63-a522-b72e02e27bd7:192.168.69.96:44050, 5c43803d-2cd6-4c13-9fd2-4fe218687bd5:192.168.69.96:41795, 9fceaf92-49b0-4d05-b1c4-1c25dab8ebb3:192.168.69.96:40992], old=null, confs=<EMPTY_MAP>
2019-08-29 01:55:55,016 [pool-113-thread-1] INFO  server.RaftServerConfigKeys (ConfUtils.java:logGet(43)) - raft.server.storage.dir = [/workdir/hadoop-ozone/integration-test/target/test-dir/MiniOzoneClusterImpl-c3e32655-bfd3-45e1-b300-51bbc9e831ce/datanode-0/data/ratis] (custom)
2019-08-29 01:55:55,016 [pool-124-thread-1] INFO  impl.RaftServerImpl (RaftServerImpl.java:<init>(93)) - 9fceaf92-49b0-4d05-b1c4-1c25dab8ebb3: new RaftServerImpl for group-383A8F382357:[2cdad04f-ab4a-4a63-a522-b72e02e27bd7:192.168.69.96:44050, 5c43803d-2cd6-4c13-9fd2-4fe218687bd5:192.168.69.96:41795, 9fceaf92-49b0-4d05-b1c4-1c25dab8ebb3:192.168.69.96:40992] with ContainerStateMachine:uninitialized
2019-08-29 01:55:55,017 [pool-124-thread-1] INFO  server.RaftServerConfigKeys (ConfUtils.java:logGet(43)) - raft.server.rpc.timeout.min = 5s (custom)
2019-08-29 01:55:55,017 [pool-113-thread-1] INFO  storage.RaftStorageDirectory (RaftStorageDirectory.java:analyzeStorage(246)) - The storage directory /workdir/hadoop-ozone/integration-test/target/test-dir/MiniOzoneClusterImpl-c3e32655-bfd3-45e1-b300-51bbc9e831ce/datanode-0/data/ratis/071c65e6-01ab-4ac7-8cb6-383a8f382357 does not exist. Creating ...
2019-08-29 01:55:55,017 [pool-124-thread-1] INFO  server.RaftServerConfigKeys (ConfUtils.java:logGet(43)) - raft.server.rpc.timeout.max = 5200ms (custom)
2019-08-29 01:55:55,017 [pool-124-thread-1] INFO  server.RaftServerConfigKeys (ConfUtils.java:logGet(43)) - raft.server.rpcslowness.timeout = 120s (custom)
2019-08-29 01:55:55,017 [pool-135-thread-1] INFO  impl.RaftServerImpl (RaftServerImpl.java:<init>(93)) - 5c43803d-2cd6-4c13-9fd2-4fe218687bd5: new RaftServerImpl for group-383A8F382357:[2cdad04f-ab4a-4a63-a522-b72e02e27bd7:192.168.69.96:44050, 5c43803d-2cd6-4c13-9fd2-4fe218687bd5:192.168.69.96:41795, 9fceaf92-49b0-4d05-b1c4-1c25dab8ebb3:192.168.69.96:40992] with ContainerStateMachine:uninitialized
2019-08-29 01:55:55,017 [pool-124-thread-1] INFO  server.RaftServerConfigKeys (ConfUtils.java:logGet(43)) - raft.server.sleep.deviation.threshold = 300 (default)
2019-08-29 01:55:55,018 [pool-135-thread-1] INFO  server.RaftServerConfigKeys (ConfUtils.java:logGet(43)) - raft.server.rpc.timeout.min = 5s (custom)
2019-08-29 01:55:55,018 [pool-124-thread-1] INFO  server.RaftServerConfigKeys (ConfUtils.java:logGet(43)) - raft.server.log.appender.install.snapshot.enabled = false (custom)
2019-08-29 01:55:55,018 [pool-135-thread-1] INFO  server.RaftServerConfigKeys (ConfUtils.java:logGet(43)) - raft.server.rpc.timeout.max = 5200ms (custom)
2019-08-29 01:55:55,018 [pool-124-thread-1] INFO  impl.RaftServerImpl (ServerState.java:<init>(105)) - 9fceaf92-49b0-4d05-b1c4-1c25dab8ebb3:group-383A8F382357 ConfigurationManager, init=-1: [2cdad04f-ab4a-4a63-a522-b72e02e27bd7:192.168.69.96:44050, 5c43803d-2cd6-4c13-9fd2-4fe218687bd5:192.168.69.96:41795, 9fceaf92-49b0-4d05-b1c4-1c25dab8ebb3:192.168.69.96:40992], old=null, confs=<EMPTY_MAP>
2019-08-29 01:55:55,018 [pool-135-thread-1] INFO  server.RaftServerConfigKeys (ConfUtils.java:logGet(43)) - raft.server.rpcslowness.timeout = 120s (custom)
2019-08-29 01:55:55,018 [pool-124-thread-1] INFO  server.RaftServerConfigKeys (ConfUtils.java:logGet(43)) - raft.server.storage.dir = [/workdir/hadoop-ozone/integration-test/target/test-dir/MiniOzoneClusterImpl-c3e32655-bfd3-45e1-b300-51bbc9e831ce/datanode-1/data/ratis] (custom)
2019-08-29 01:55:55,019 [pool-135-thread-1] INFO  server.RaftServerConfigKeys (ConfUtils.java:logGet(43)) - raft.server.sleep.deviation.threshold = 300 (default)
2019-08-29 01:55:55,019 [pool-135-thread-1] INFO  server.RaftServerConfigKeys (ConfUtils.java:logGet(43)) - raft.server.log.appender.install.snapshot.enabled = false (custom)
2019-08-29 01:55:55,019 [pool-124-thread-1] INFO  storage.RaftStorageDirectory (RaftStorageDirectory.java:analyzeStorage(246)) - The storage directory /workdir/hadoop-ozone/integration-test/target/test-dir/MiniOzoneClusterImpl-c3e32655-bfd3-45e1-b300-51bbc9e831ce/datanode-1/data/ratis/071c65e6-01ab-4ac7-8cb6-383a8f382357 does not exist. Creating ...
2019-08-29 01:55:55,019 [pool-135-thread-1] INFO  impl.RaftServerImpl (ServerState.java:<init>(105)) - 5c43803d-2cd6-4c13-9fd2-4fe218687bd5:group-383A8F382357 ConfigurationManager, init=-1: [2cdad04f-ab4a-4a63-a522-b72e02e27bd7:192.168.69.96:44050, 5c43803d-2cd6-4c13-9fd2-4fe218687bd5:192.168.69.96:41795, 9fceaf92-49b0-4d05-b1c4-1c25dab8ebb3:192.168.69.96:40992], old=null, confs=<EMPTY_MAP>
2019-08-29 01:55:55,019 [pool-135-thread-1] INFO  server.RaftServerConfigKeys (ConfUtils.java:logGet(43)) - raft.server.storage.dir = [/workdir/hadoop-ozone/integration-test/target/test-dir/MiniOzoneClusterImpl-c3e32655-bfd3-45e1-b300-51bbc9e831ce/datanode-2/data/ratis] (custom)
2019-08-29 01:55:55,020 [pool-135-thread-1] INFO  storage.RaftStorageDirectory (RaftStorageDirectory.java:analyzeStorage(246)) - The storage directory /workdir/hadoop-ozone/integration-test/target/test-dir/MiniOzoneClusterImpl-c3e32655-bfd3-45e1-b300-51bbc9e831ce/datanode-2/data/ratis/071c65e6-01ab-4ac7-8cb6-383a8f382357 does not exist. Creating ...
2019-08-29 01:55:55,031 [pool-113-thread-1] INFO  storage.RaftStorageDirectory (RaftStorageDirectory.java:tryLock(328)) - Lock on /workdir/hadoop-ozone/integration-test/target/test-dir/MiniOzoneClusterImpl-c3e32655-bfd3-45e1-b300-51bbc9e831ce/datanode-0/data/ratis/071c65e6-01ab-4ac7-8cb6-383a8f382357/in_use.lock acquired by nodename 28750@pr-hdds-2050-x2mk7-2257017151
2019-08-29 01:55:55,031 [pool-135-thread-1] INFO  storage.RaftStorageDirectory (RaftStorageDirectory.java:tryLock(328)) - Lock on /workdir/hadoop-ozone/integration-test/target/test-dir/MiniOzoneClusterImpl-c3e32655-bfd3-45e1-b300-51bbc9e831ce/datanode-2/data/ratis/071c65e6-01ab-4ac7-8cb6-383a8f382357/in_use.lock acquired by nodename 28750@pr-hdds-2050-x2mk7-2257017151
2019-08-29 01:55:55,031 [pool-124-thread-1] INFO  storage.RaftStorageDirectory (RaftStorageDirectory.java:tryLock(328)) - Lock on /workdir/hadoop-ozone/integration-test/target/test-dir/MiniOzoneClusterImpl-c3e32655-bfd3-45e1-b300-51bbc9e831ce/datanode-1/data/ratis/071c65e6-01ab-4ac7-8cb6-383a8f382357/in_use.lock acquired by nodename 28750@pr-hdds-2050-x2mk7-2257017151
2019-08-29 01:55:55,045 [pool-113-thread-1] INFO  storage.RaftStorage (RaftStorage.java:format(72)) - Storage directory /workdir/hadoop-ozone/integration-test/target/test-dir/MiniOzoneClusterImpl-c3e32655-bfd3-45e1-b300-51bbc9e831ce/datanode-0/data/ratis/071c65e6-01ab-4ac7-8cb6-383a8f382357 has been successfully formatted.
2019-08-29 01:55:55,045 [pool-135-thread-1] INFO  storage.RaftStorage (RaftStorage.java:format(72)) - Storage directory /workdir/hadoop-ozone/integration-test/target/test-dir/MiniOzoneClusterImpl-c3e32655-bfd3-45e1-b300-51bbc9e831ce/datanode-2/data/ratis/071c65e6-01ab-4ac7-8cb6-383a8f382357 has been successfully formatted.
2019-08-29 01:55:55,045 [pool-124-thread-1] INFO  storage.RaftStorage (RaftStorage.java:format(72)) - Storage directory /workdir/hadoop-ozone/integration-test/target/test-dir/MiniOzoneClusterImpl-c3e32655-bfd3-45e1-b300-51bbc9e831ce/datanode-1/data/ratis/071c65e6-01ab-4ac7-8cb6-383a8f382357 has been successfully formatted.
2019-08-29 01:55:55,046 [pool-135-thread-1] INFO  ratis.ContainerStateMachine (ContainerStateMachine.java:loadSnapshot(227)) - group-383A8F382357: The snapshot info is null. Setting the last applied indexto:(t:0, i:~)
2019-08-29 01:55:55,046 [pool-113-thread-1] INFO  ratis.ContainerStateMachine (ContainerStateMachine.java:loadSnapshot(227)) - group-383A8F382357: The snapshot info is null. Setting the last applied indexto:(t:0, i:~)
2019-08-29 01:55:55,046 [pool-135-thread-1] INFO  server.RaftServerConfigKeys (ConfUtils.java:logGet(43)) - raft.server.leader.election.timeout = 120s (custom)
2019-08-29 01:55:55,046 [pool-124-thread-1] INFO  ratis.ContainerStateMachine (ContainerStateMachine.java:loadSnapshot(227)) - group-383A8F382357: The snapshot info is null. Setting the last applied indexto:(t:0, i:~)
2019-08-29 01:55:55,046 [pool-135-thread-1] INFO  server.RaftServerConfigKeys (ConfUtils.java:logGet(43)) - raft.server.log.use.memory = false (default)
2019-08-29 01:55:55,046 [pool-113-thread-1] INFO  server.RaftServerConfigKeys (ConfUtils.java:logGet(43)) - raft.server.leader.election.timeout = 120s (custom)
2019-08-29 01:55:55,047 [pool-135-thread-1] INFO  server.RaftServerConfigKeys (ConfUtils.java:logGet(43)) - raft.server.log.purge.gap = 1000000 (custom)
2019-08-29 01:55:55,047 [pool-124-thread-1] INFO  server.RaftServerConfigKeys (ConfUtils.java:logGet(43)) - raft.server.leader.election.timeout = 120s (custom)
2019-08-29 01:55:55,047 [pool-135-thread-1] INFO  server.RaftServerConfigKeys (ConfUtils.java:logGet(43)) - raft.server.log.appender.buffer.byte-limit = 33554432 (custom)
2019-08-29 01:55:55,047 [pool-113-thread-1] INFO  server.RaftServerConfigKeys (ConfUtils.java:logGet(43)) - raft.server.log.use.memory = false (default)
2019-08-29 01:55:55,047 [pool-135-thread-1] INFO  server.RaftServerConfigKeys (ConfUtils.java:logGet(43)) - raft.server.log.segment.size.max = 1048576 (custom)
2019-08-29 01:55:55,047 [pool-124-thread-1] INFO  server.RaftServerConfigKeys (ConfUtils.java:logGet(43)) - raft.server.log.use.memory = false (default)
2019-08-29 01:55:55,048 [pool-135-thread-1] INFO  server.RaftServerConfigKeys (ConfUtils.java:logGet(43)) - raft.server.log.segment.cache.num.max = 2 (custom)
2019-08-29 01:55:55,048 [pool-113-thread-1] INFO  server.RaftServerConfigKeys (ConfUtils.java:logGet(43)) - raft.server.log.purge.gap = 1000000 (custom)
2019-08-29 01:55:55,048 [pool-135-thread-1] INFO  segmented.SegmentedRaftLogWorker (SegmentedRaftLogWorker.java:<init>(172)) - new 5c43803d-2cd6-4c13-9fd2-4fe218687bd5-SegmentedRaftLogWorker:Storage Directory /workdir/hadoop-ozone/integration-test/target/test-dir/MiniOzoneClusterImpl-c3e32655-bfd3-45e1-b300-51bbc9e831ce/datanode-2/data/ratis/071c65e6-01ab-4ac7-8cb6-383a8f382357 for RaftStorage:Storage Directory /workdir/hadoop-ozone/integration-test/target/test-dir/MiniOzoneClusterImpl-c3e32655-bfd3-45e1-b300-51bbc9e831ce/datanode-2/data/ratis/071c65e6-01ab-4ac7-8cb6-383a8f382357
2019-08-29 01:55:55,048 [pool-124-thread-1] INFO  server.RaftServerConfigKeys (ConfUtils.java:logGet(43)) - raft.server.log.purge.gap = 1000000 (custom)
2019-08-29 01:55:55,048 [pool-135-thread-1] INFO  server.RaftServerConfigKeys (ConfUtils.java:logGet(43)) - raft.server.log.queue.byte-limit = 2147483647 (custom)
2019-08-29 01:55:55,048 [pool-113-thread-1] INFO  server.RaftServerConfigKeys (ConfUtils.java:logGet(43)) - raft.server.log.appender.buffer.byte-limit = 33554432 (custom)
2019-08-29 01:55:55,049 [pool-135-thread-1] INFO  server.RaftServerConfigKeys (ConfUtils.java:logGet(43)) - raft.server.log.queue.element-limit = 1024 (custom)
2019-08-29 01:55:55,049 [pool-124-thread-1] INFO  server.RaftServerConfigKeys (ConfUtils.java:logGet(43)) - raft.server.log.appender.buffer.byte-limit = 33554432 (custom)
2019-08-29 01:55:55,049 [pool-135-thread-1] INFO  server.RaftServerConfigKeys (ConfUtils.java:logGet(43)) - raft.server.log.segment.size.max = 1048576 (custom)
2019-08-29 01:55:55,049 [pool-113-thread-1] INFO  server.RaftServerConfigKeys (ConfUtils.java:logGet(43)) - raft.server.log.segment.size.max = 1048576 (custom)
2019-08-29 01:55:55,049 [pool-135-thread-1] INFO  server.RaftServerConfigKeys (ConfUtils.java:logGet(43)) - raft.server.log.preallocated.size = 16384 (custom)
2019-08-29 01:55:55,049 [pool-124-thread-1] INFO  server.RaftServerConfigKeys (ConfUtils.java:logGet(43)) - raft.server.log.segment.size.max = 1048576 (custom)
2019-08-29 01:55:55,050 [pool-135-thread-1] INFO  server.RaftServerConfigKeys (ConfUtils.java:logGet(43)) - raft.server.log.write.buffer.size = 33554432 (custom)
2019-08-29 01:55:55,050 [pool-113-thread-1] INFO  server.RaftServerConfigKeys (ConfUtils.java:logGet(43)) - raft.server.log.segment.cache.num.max = 2 (custom)
2019-08-29 01:55:55,050 [pool-135-thread-1] INFO  server.RaftServerConfigKeys (ConfUtils.java:logGet(43)) - raft.server.log.force.sync.num = 128 (default)
2019-08-29 01:55:55,050 [pool-124-thread-1] INFO  server.RaftServerConfigKeys (ConfUtils.java:logGet(43)) - raft.server.log.segment.cache.num.max = 2 (custom)
2019-08-29 01:55:55,050 [pool-135-thread-1] INFO  server.RaftServerConfigKeys (ConfUtils.java:logGet(43)) - raft.server.log.statemachine.data.sync = true (default)
2019-08-29 01:55:55,050 [pool-113-thread-1] INFO  segmented.SegmentedRaftLogWorker (SegmentedRaftLogWorker.java:<init>(172)) - new 2cdad04f-ab4a-4a63-a522-b72e02e27bd7-SegmentedRaftLogWorker:Storage Directory /workdir/hadoop-ozone/integration-test/target/test-dir/MiniOzoneClusterImpl-c3e32655-bfd3-45e1-b300-51bbc9e831ce/datanode-0/data/ratis/071c65e6-01ab-4ac7-8cb6-383a8f382357 for RaftStorage:Storage Directory /workdir/hadoop-ozone/integration-test/target/test-dir/MiniOzoneClusterImpl-c3e32655-bfd3-45e1-b300-51bbc9e831ce/datanode-0/data/ratis/071c65e6-01ab-4ac7-8cb6-383a8f382357
2019-08-29 01:55:55,051 [pool-135-thread-1] INFO  server.RaftServerConfigKeys (ConfUtils.java:logGet(43)) - raft.server.log.statemachine.data.sync.timeout = 10s (default)
2019-08-29 01:55:55,051 [pool-135-thread-1] INFO  server.RaftServerConfigKeys (ConfUtils.java:logGet(43)) - raft.server.log.statemachine.data.sync.timeout.retry = -1 (default)
2019-08-29 01:55:55,051 [pool-124-thread-1] INFO  segmented.SegmentedRaftLogWorker (SegmentedRaftLogWorker.java:<init>(172)) - new 9fceaf92-49b0-4d05-b1c4-1c25dab8ebb3-SegmentedRaftLogWorker:Storage Directory /workdir/hadoop-ozone/integration-test/target/test-dir/MiniOzoneClusterImpl-c3e32655-bfd3-45e1-b300-51bbc9e831ce/datanode-1/data/ratis/071c65e6-01ab-4ac7-8cb6-383a8f382357 for RaftStorage:Storage Directory /workdir/hadoop-ozone/integration-test/target/test-dir/MiniOzoneClusterImpl-c3e32655-bfd3-45e1-b300-51bbc9e831ce/datanode-1/data/ratis/071c65e6-01ab-4ac7-8cb6-383a8f382357
2019-08-29 01:55:55,051 [pool-135-thread-1] INFO  server.RaftServerConfigKeys (ConfUtils.java:logGet(43)) - raft.server.log.statemachine.data.caching.enabled = true (custom)
2019-08-29 01:55:55,051 [pool-113-thread-1] INFO  server.RaftServerConfigKeys (ConfUtils.java:logGet(43)) - raft.server.log.queue.byte-limit = 2147483647 (custom)
2019-08-29 01:55:55,052 [pool-124-thread-1] INFO  server.RaftServerConfigKeys (ConfUtils.java:logGet(43)) - raft.server.log.queue.byte-limit = 2147483647 (custom)
2019-08-29 01:55:55,052 [pool-135-thread-1] INFO  segmented.SegmentedRaftLogWorker (SegmentedRaftLogWorker.java:lambda$new$0(132)) - 5c43803d-2cd6-4c13-9fd2-4fe218687bd5-SegmentedRaftLogWorker:Storage Directory /workdir/hadoop-ozone/integration-test/target/test-dir/MiniOzoneClusterImpl-c3e32655-bfd3-45e1-b300-51bbc9e831ce/datanode-2/data/ratis/071c65e6-01ab-4ac7-8cb6-383a8f382357: flushIndex: setUnconditionally 0 -> -1
2019-08-29 01:55:55,052 [pool-113-thread-1] INFO  server.RaftServerConfigKeys (ConfUtils.java:logGet(43)) - raft.server.log.queue.element-limit = 1024 (custom)
2019-08-29 01:55:55,052 [pool-124-thread-1] INFO  server.RaftServerConfigKeys (ConfUtils.java:logGet(43)) - raft.server.log.queue.element-limit = 1024 (custom)
2019-08-29 01:55:55,053 [pool-135-thread-1] INFO  server.RaftServerConfigKeys (ConfUtils.java:logGet(43)) - raft.server.snapshot.auto.trigger.enabled = true (custom)
2019-08-29 01:55:55,052 [pool-113-thread-1] INFO  server.RaftServerConfigKeys (ConfUtils.java:logGet(43)) - raft.server.log.segment.size.max = 1048576 (custom)
2019-08-29 01:55:55,053 [pool-135-thread-1] INFO  server.RaftServerConfigKeys (ConfUtils.java:logGet(43)) - raft.server.snapshot.auto.trigger.threshold = 10000 (custom)
2019-08-29 01:55:55,053 [pool-124-thread-1] INFO  server.RaftServerConfigKeys (ConfUtils.java:logGet(43)) - raft.server.log.segment.size.max = 1048576 (custom)
2019-08-29 01:55:55,053 [pool-135-thread-1] INFO  server.RaftServerConfigKeys (ConfUtils.java:logGet(43)) - raft.server.retrycache.expirytime = 600000ms (custom)
2019-08-29 01:55:55,053 [pool-113-thread-1] INFO  server.RaftServerConfigKeys (ConfUtils.java:logGet(43)) - raft.server.log.preallocated.size = 16384 (custom)
2019-08-29 01:55:55,053 [pool-124-thread-1] INFO  server.RaftServerConfigKeys (ConfUtils.java:logGet(43)) - raft.server.log.preallocated.size = 16384 (custom)
2019-08-29 01:55:55,054 [pool-135-thread-1] INFO  impl.RaftServerImpl (RaftServerImpl.java:start(180)) - 5c43803d-2cd6-4c13-9fd2-4fe218687bd5: start group-383A8F382357
2019-08-29 01:55:55,054 [pool-113-thread-1] INFO  server.RaftServerConfigKeys (ConfUtils.java:logGet(43)) - raft.server.log.write.buffer.size = 33554432 (custom)
2019-08-29 01:55:55,054 [pool-135-thread-1] INFO  impl.RaftServerImpl (RaftServerImpl.java:setRole(171)) - 5c43803d-2cd6-4c13-9fd2-4fe218687bd5:group-383A8F382357 changes role from null to FOLLOWER at term 0 for startAsFollower
2019-08-29 01:55:55,054 [pool-124-thread-1] INFO  server.RaftServerConfigKeys (ConfUtils.java:logGet(43)) - raft.server.log.write.buffer.size = 33554432 (custom)
2019-08-29 01:55:55,054 [pool-135-thread-1] INFO  impl.RoleInfo (RoleInfo.java:updateAndGet(143)) - 5c43803d-2cd6-4c13-9fd2-4fe218687bd5: start FollowerState
2019-08-29 01:55:55,054 [pool-113-thread-1] INFO  server.RaftServerConfigKeys (ConfUtils.java:logGet(43)) - raft.server.log.force.sync.num = 128 (default)
2019-08-29 01:55:55,055 [pool-124-thread-1] INFO  server.RaftServerConfigKeys (ConfUtils.java:logGet(43)) - raft.server.log.force.sync.num = 128 (default)
2019-08-29 01:55:55,055 [pool-113-thread-1] INFO  server.RaftServerConfigKeys (ConfUtils.java:logGet(43)) - raft.server.log.statemachine.data.sync = true (default)
2019-08-29 01:55:55,055 [pool-135-thread-1] INFO  util.JmxRegister (JmxRegister.java:tryRegister(44)) - Successfully registered JMX Bean with object name Ratis:service=RaftServer,group=group-383A8F382357,id=5c43803d-2cd6-4c13-9fd2-4fe218687bd5
2019-08-29 01:55:55,055 [pool-124-thread-1] INFO  server.RaftServerConfigKeys (ConfUtils.java:logGet(43)) - raft.server.log.statemachine.data.sync = true (default)
2019-08-29 01:55:55,055 [pool-113-thread-1] INFO  server.RaftServerConfigKeys (ConfUtils.java:logGet(43)) - raft.server.log.statemachine.data.sync.timeout = 10s (default)
2019-08-29 01:55:55,056 [pool-124-thread-1] INFO  server.RaftServerConfigKeys (ConfUtils.java:logGet(43)) - raft.server.log.statemachine.data.sync.timeout = 10s (default)
2019-08-29 01:55:55,056 [pool-113-thread-1] INFO  server.RaftServerConfigKeys (ConfUtils.java:logGet(43)) - raft.server.log.statemachine.data.sync.timeout.retry = -1 (default)
2019-08-29 01:55:55,056 [pool-124-thread-1] INFO  server.RaftServerConfigKeys (ConfUtils.java:logGet(43)) - raft.server.log.statemachine.data.sync.timeout.retry = -1 (default)
2019-08-29 01:55:55,056 [pool-113-thread-1] INFO  server.RaftServerConfigKeys (ConfUtils.java:logGet(43)) - raft.server.log.statemachine.data.caching.enabled = true (custom)
2019-08-29 01:55:55,056 [pool-124-thread-1] INFO  server.RaftServerConfigKeys (ConfUtils.java:logGet(43)) - raft.server.log.statemachine.data.caching.enabled = true (custom)
2019-08-29 01:55:55,057 [pool-113-thread-1] INFO  segmented.SegmentedRaftLogWorker (SegmentedRaftLogWorker.java:lambda$new$0(132)) - 2cdad04f-ab4a-4a63-a522-b72e02e27bd7-SegmentedRaftLogWorker:Storage Directory /workdir/hadoop-ozone/integration-test/target/test-dir/MiniOzoneClusterImpl-c3e32655-bfd3-45e1-b300-51bbc9e831ce/datanode-0/data/ratis/071c65e6-01ab-4ac7-8cb6-383a8f382357: flushIndex: setUnconditionally 0 -> -1
2019-08-29 01:55:55,057 [pool-124-thread-1] INFO  segmented.SegmentedRaftLogWorker (SegmentedRaftLogWorker.java:lambda$new$0(132)) - 9fceaf92-49b0-4d05-b1c4-1c25dab8ebb3-SegmentedRaftLogWorker:Storage Directory /workdir/hadoop-ozone/integration-test/target/test-dir/MiniOzoneClusterImpl-c3e32655-bfd3-45e1-b300-51bbc9e831ce/datanode-1/data/ratis/071c65e6-01ab-4ac7-8cb6-383a8f382357: flushIndex: setUnconditionally 0 -> -1
2019-08-29 01:55:55,057 [pool-113-thread-1] INFO  server.RaftServerConfigKeys (ConfUtils.java:logGet(43)) - raft.server.snapshot.auto.trigger.enabled = true (custom)
2019-08-29 01:55:55,059 [pool-113-thread-1] INFO  server.RaftServerConfigKeys (ConfUtils.java:logGet(43)) - raft.server.snapshot.auto.trigger.threshold = 10000 (custom)
2019-08-29 01:55:55,059 [pool-124-thread-1] INFO  server.RaftServerConfigKeys (ConfUtils.java:logGet(43)) - raft.server.snapshot.auto.trigger.enabled = true (custom)
2019-08-29 01:55:55,059 [pool-113-thread-1] INFO  server.RaftServerConfigKeys (ConfUtils.java:logGet(43)) - raft.server.retrycache.expirytime = 600000ms (custom)
2019-08-29 01:55:55,059 [pool-124-thread-1] INFO  server.RaftServerConfigKeys (ConfUtils.java:logGet(43)) - raft.server.snapshot.auto.trigger.threshold = 10000 (custom)
2019-08-29 01:55:55,060 [pool-113-thread-1] INFO  impl.RaftServerImpl (RaftServerImpl.java:start(180)) - 2cdad04f-ab4a-4a63-a522-b72e02e27bd7: start group-383A8F382357
2019-08-29 01:55:55,060 [pool-124-thread-1] INFO  server.RaftServerConfigKeys (ConfUtils.java:logGet(43)) - raft.server.retrycache.expirytime = 600000ms (custom)
2019-08-29 01:55:55,060 [pool-113-thread-1] INFO  impl.RaftServerImpl (RaftServerImpl.java:setRole(171)) - 2cdad04f-ab4a-4a63-a522-b72e02e27bd7:group-383A8F382357 changes role from null to FOLLOWER at term 0 for startAsFollower
2019-08-29 01:55:55,060 [pool-124-thread-1] INFO  impl.RaftServerImpl (RaftServerImpl.java:start(180)) - 9fceaf92-49b0-4d05-b1c4-1c25dab8ebb3: start group-383A8F382357
2019-08-29 01:55:55,060 [pool-113-thread-1] INFO  impl.RoleInfo (RoleInfo.java:updateAndGet(143)) - 2cdad04f-ab4a-4a63-a522-b72e02e27bd7: start FollowerState
2019-08-29 01:55:55,060 [pool-124-thread-1] INFO  impl.RaftServerImpl (RaftServerImpl.java:setRole(171)) - 9fceaf92-49b0-4d05-b1c4-1c25dab8ebb3:group-383A8F382357 changes role from null to FOLLOWER at term 0 for startAsFollower
2019-08-29 01:55:55,061 [pool-124-thread-1] INFO  impl.RoleInfo (RoleInfo.java:updateAndGet(143)) - 9fceaf92-49b0-4d05-b1c4-1c25dab8ebb3: start FollowerState
2019-08-29 01:55:55,061 [pool-113-thread-1] INFO  util.JmxRegister (JmxRegister.java:tryRegister(44)) - Successfully registered JMX Bean with object name Ratis:service=RaftServer,group=group-383A8F382357,id=2cdad04f-ab4a-4a63-a522-b72e02e27bd7
2019-08-29 01:55:55,061 [pool-124-thread-1] INFO  util.JmxRegister (JmxRegister.java:tryRegister(44)) - Successfully registered JMX Bean with object name Ratis:service=RaftServer,group=group-383A8F382357,id=9fceaf92-49b0-4d05-b1c4-1c25dab8ebb3
2019-08-29 01:55:55,068 [RatisPipelineUtilsThread] INFO  pipeline.PipelineStateManager (PipelineStateManager.java:addPipeline(56)) - Created pipeline Pipeline[ Id: 071c65e6-01ab-4ac7-8cb6-383a8f382357, Nodes: 9fceaf92-49b0-4d05-b1c4-1c25dab8ebb3{ip: 192.168.69.96, host: pr-hdds-2050-x2mk7-2257017151, networkLocation: /default-rack, certSerialId: null}2cdad04f-ab4a-4a63-a522-b72e02e27bd7{ip: 192.168.69.96, host: pr-hdds-2050-x2mk7-2257017151, networkLocation: /default-rack, certSerialId: null}5c43803d-2cd6-4c13-9fd2-4fe218687bd5{ip: 192.168.69.96, host: pr-hdds-2050-x2mk7-2257017151, networkLocation: /default-rack, certSerialId: null}, Type:RATIS, Factor:THREE, State:OPEN]
2019-08-29 01:55:56,746 [Datanode State Machine Thread - 0] INFO  statemachine.DatanodeStateMachine (DatanodeStateMachine.java:lambda$startDaemon$0(350)) - Ozone container server started.
2019-08-29 01:55:56,814 | INFO  | SCMAudit | user=jenkins1000 | ip=192.168.69.96 | op=SEND_HEARTBEAT {datanodeUUID=9fceaf92-49b0-4d05-b1c4-1c25dab8ebb3, command=[]} | ret=SUCCESS |  
2019-08-29 01:55:56,877 | INFO  | SCMAudit | user=jenkins1000 | ip=192.168.69.96 | op=SEND_HEARTBEAT {datanodeUUID=5c43803d-2cd6-4c13-9fd2-4fe218687bd5, command=[]} | ret=SUCCESS |  
2019-08-29 01:55:57,757 [Thread-497] INFO  container.ReplicationManager (ReplicationManager.java:start(152)) - Starting Replication Monitor Thread.
2019-08-29 01:55:57,760 [ReplicationMonitor] INFO  container.ReplicationManager (ReplicationManager.java:run(215)) - Replication Monitor Thread took 0 milliseconds for processing 0 containers.
2019-08-29 01:55:57,815 | INFO  | SCMAudit | user=jenkins1000 | ip=192.168.69.96 | op=SEND_HEARTBEAT {datanodeUUID=9fceaf92-49b0-4d05-b1c4-1c25dab8ebb3, command=[]} | ret=SUCCESS |  
2019-08-29 01:55:57,877 | INFO  | SCMAudit | user=jenkins1000 | ip=192.168.69.96 | op=SEND_HEARTBEAT {datanodeUUID=5c43803d-2cd6-4c13-9fd2-4fe218687bd5, command=[]} | ret=SUCCESS |  
2019-08-29 01:55:58,816 | INFO  | SCMAudit | user=jenkins1000 | ip=192.168.69.96 | op=SEND_HEARTBEAT {datanodeUUID=9fceaf92-49b0-4d05-b1c4-1c25dab8ebb3, command=[]} | ret=SUCCESS |  
2019-08-29 01:55:58,877 | INFO  | SCMAudit | user=jenkins1000 | ip=192.168.69.96 | op=SEND_HEARTBEAT {datanodeUUID=5c43803d-2cd6-4c13-9fd2-4fe218687bd5, command=[]} | ret=SUCCESS |  
2019-08-29 01:55:59,817 | INFO  | SCMAudit | user=jenkins1000 | ip=192.168.69.96 | op=SEND_HEARTBEAT {datanodeUUID=9fceaf92-49b0-4d05-b1c4-1c25dab8ebb3, command=[]} | ret=SUCCESS |  
2019-08-29 01:55:59,840 [Thread-499] INFO  impl.FollowerState (FollowerState.java:run(106)) - 2cdad04f-ab4a-4a63-a522-b72e02e27bd7:group-7CB8A4DDC70B changes to CANDIDATE, lastRpcTime:5011, electionTimeout:5011ms
2019-08-29 01:55:59,840 [Thread-499] INFO  impl.RoleInfo (RoleInfo.java:shutdownFollowerState(121)) - 2cdad04f-ab4a-4a63-a522-b72e02e27bd7: shutdown FollowerState
2019-08-29 01:55:59,841 [Thread-499] INFO  impl.RaftServerImpl (RaftServerImpl.java:setRole(171)) - 2cdad04f-ab4a-4a63-a522-b72e02e27bd7:group-7CB8A4DDC70B changes role from FOLLOWER to CANDIDATE at term 0 for changeToCandidate
2019-08-29 01:55:59,841 [Thread-499] INFO  impl.RoleInfo (RoleInfo.java:updateAndGet(143)) - 2cdad04f-ab4a-4a63-a522-b72e02e27bd7: start LeaderElection
2019-08-29 01:55:59,859 [2cdad04f-ab4a-4a63-a522-b72e02e27bd7:group-7CB8A4DDC70B:LeaderElection12] INFO  impl.LeaderElection (LeaderElection.java:askForVotes(181)) - 2cdad04f-ab4a-4a63-a522-b72e02e27bd7:group-7CB8A4DDC70B:LeaderElection12: begin an election at term 1 for -1: [2cdad04f-ab4a-4a63-a522-b72e02e27bd7:192.168.69.96:44050], old=null
2019-08-29 01:55:59,859 [2cdad04f-ab4a-4a63-a522-b72e02e27bd7:group-7CB8A4DDC70B:LeaderElection12] INFO  impl.RoleInfo (RoleInfo.java:shutdownLeaderElection(134)) - 2cdad04f-ab4a-4a63-a522-b72e02e27bd7: shutdown LeaderElection
2019-08-29 01:55:59,859 [2cdad04f-ab4a-4a63-a522-b72e02e27bd7:group-7CB8A4DDC70B:LeaderElection12] INFO  impl.RaftServerImpl (RaftServerImpl.java:setRole(171)) - 2cdad04f-ab4a-4a63-a522-b72e02e27bd7:group-7CB8A4DDC70B changes role from CANDIDATE to LEADER at term 1 for changeToLeader
2019-08-29 01:55:59,859 [2cdad04f-ab4a-4a63-a522-b72e02e27bd7:group-7CB8A4DDC70B:LeaderElection12] INFO  impl.RaftServerImpl (ServerState.java:setLeader(263)) - 2cdad04f-ab4a-4a63-a522-b72e02e27bd7:group-7CB8A4DDC70B change Leader from null to 2cdad04f-ab4a-4a63-a522-b72e02e27bd7 at term 1 for becomeLeader, leader elected after 5037ms
2019-08-29 01:55:59,860 [2cdad04f-ab4a-4a63-a522-b72e02e27bd7:group-7CB8A4DDC70B:LeaderElection12] INFO  server.RaftServerConfigKeys (ConfUtils.java:logGet(43)) - raft.server.staging.catchup.gap = 1000 (default)
2019-08-29 01:55:59,860 [2cdad04f-ab4a-4a63-a522-b72e02e27bd7:group-7CB8A4DDC70B:LeaderElection12] INFO  server.RaftServerConfigKeys (ConfUtils.java:logGet(43)) - raft.server.rpc.sleep.time = 25ms (default)
2019-08-29 01:55:59,860 [2cdad04f-ab4a-4a63-a522-b72e02e27bd7:group-7CB8A4DDC70B:LeaderElection12] INFO  server.RaftServerConfigKeys (ConfUtils.java:logGet(43)) - raft.server.write.element-limit = 4096 (default)
2019-08-29 01:55:59,860 [2cdad04f-ab4a-4a63-a522-b72e02e27bd7:group-7CB8A4DDC70B:LeaderElection12] INFO  server.RaftServerConfigKeys (ConfUtils.java:logGet(43)) - raft.server.watch.timeout = 10s (default)
2019-08-29 01:55:59,860 [2cdad04f-ab4a-4a63-a522-b72e02e27bd7:group-7CB8A4DDC70B:LeaderElection12] INFO  server.RaftServerConfigKeys (ConfUtils.java:logGet(43)) - raft.server.watch.timeout.denomination = 1s (default)
2019-08-29 01:55:59,861 [2cdad04f-ab4a-4a63-a522-b72e02e27bd7:group-7CB8A4DDC70B:LeaderElection12] INFO  server.RaftServerConfigKeys (ConfUtils.java:logGet(43)) - raft.server.watch.element-limit = 65536 (default)
2019-08-29 01:55:59,861 [2cdad04f-ab4a-4a63-a522-b72e02e27bd7:group-7CB8A4DDC70B:LeaderElection12] INFO  impl.RoleInfo (RoleInfo.java:updateAndGet(143)) - 2cdad04f-ab4a-4a63-a522-b72e02e27bd7: start LeaderState
2019-08-29 01:55:59,861 [2cdad04f-ab4a-4a63-a522-b72e02e27bd7:group-7CB8A4DDC70B:LeaderElection12] INFO  segmented.SegmentedRaftLogWorker (SegmentedRaftLogWorker.java:startLogSegment(380)) - 2cdad04f-ab4a-4a63-a522-b72e02e27bd7-SegmentedRaftLogWorker:Storage Directory /workdir/hadoop-ozone/integration-test/target/test-dir/MiniOzoneClusterImpl-c3e32655-bfd3-45e1-b300-51bbc9e831ce/datanode-0/data/ratis/1ec6acfb-dd36-4527-8007-7cb8a4ddc70b: Starting segment from index:0
2019-08-29 01:55:59,862 [2cdad04f-ab4a-4a63-a522-b72e02e27bd7:group-7CB8A4DDC70B:LeaderElection12] INFO  impl.RaftServerImpl (ServerState.java:setRaftConf(361)) - 2cdad04f-ab4a-4a63-a522-b72e02e27bd7:group-7CB8A4DDC70B set configuration 0: [2cdad04f-ab4a-4a63-a522-b72e02e27bd7:192.168.69.96:44050], old=null at 0
2019-08-29 01:55:59,904 | INFO  | SCMAudit | user=jenkins1000 | ip=192.168.69.96 | op=SEND_HEARTBEAT {datanodeUUID=5c43803d-2cd6-4c13-9fd2-4fe218687bd5, command=[]} | ret=SUCCESS |  
2019-08-29 01:55:59,914 [2cdad04f-ab4a-4a63-a522-b72e02e27bd7-SegmentedRaftLogWorker:Storage Directory /workdir/hadoop-ozone/integration-test/target/test-dir/MiniOzoneClusterImpl-c3e32655-bfd3-45e1-b300-51bbc9e831ce/datanode-0/data/ratis/1ec6acfb-dd36-4527-8007-7cb8a4ddc70b] INFO  segmented.SegmentedRaftLogWorker (SegmentedRaftLogWorker.java:execute(569)) - 2cdad04f-ab4a-4a63-a522-b72e02e27bd7-SegmentedRaftLogWorker:Storage Directory /workdir/hadoop-ozone/integration-test/target/test-dir/MiniOzoneClusterImpl-c3e32655-bfd3-45e1-b300-51bbc9e831ce/datanode-0/data/ratis/1ec6acfb-dd36-4527-8007-7cb8a4ddc70b: created new log segment /workdir/hadoop-ozone/integration-test/target/test-dir/MiniOzoneClusterImpl-c3e32655-bfd3-45e1-b300-51bbc9e831ce/datanode-0/data/ratis/1ec6acfb-dd36-4527-8007-7cb8a4ddc70b/current/log_inprogress_0
2019-08-29 01:56:00,002 [Thread-505] INFO  impl.FollowerState (FollowerState.java:run(106)) - 5c43803d-2cd6-4c13-9fd2-4fe218687bd5:group-BCAC9EF76424 changes to CANDIDATE, lastRpcTime:5018, electionTimeout:5018ms
2019-08-29 01:56:00,003 [Thread-505] INFO  impl.RoleInfo (RoleInfo.java:shutdownFollowerState(121)) - 5c43803d-2cd6-4c13-9fd2-4fe218687bd5: shutdown FollowerState
2019-08-29 01:56:00,003 [Thread-505] INFO  impl.RaftServerImpl (RaftServerImpl.java:setRole(171)) - 5c43803d-2cd6-4c13-9fd2-4fe218687bd5:group-BCAC9EF76424 changes role from FOLLOWER to CANDIDATE at term 0 for changeToCandidate
2019-08-29 01:56:00,003 [Thread-505] INFO  impl.RoleInfo (RoleInfo.java:updateAndGet(143)) - 5c43803d-2cd6-4c13-9fd2-4fe218687bd5: start LeaderElection
2019-08-29 01:56:00,027 [5c43803d-2cd6-4c13-9fd2-4fe218687bd5:group-BCAC9EF76424:LeaderElection13] INFO  impl.LeaderElection (LeaderElection.java:askForVotes(181)) - 5c43803d-2cd6-4c13-9fd2-4fe218687bd5:group-BCAC9EF76424:LeaderElection13: begin an election at term 1 for -1: [5c43803d-2cd6-4c13-9fd2-4fe218687bd5:192.168.69.96:41795], old=null
2019-08-29 01:56:00,027 [5c43803d-2cd6-4c13-9fd2-4fe218687bd5:group-BCAC9EF76424:LeaderElection13] INFO  impl.RoleInfo (RoleInfo.java:shutdownLeaderElection(134)) - 5c43803d-2cd6-4c13-9fd2-4fe218687bd5: shutdown LeaderElection
2019-08-29 01:56:00,027 [5c43803d-2cd6-4c13-9fd2-4fe218687bd5:group-BCAC9EF76424:LeaderElection13] INFO  impl.RaftServerImpl (RaftServerImpl.java:setRole(171)) - 5c43803d-2cd6-4c13-9fd2-4fe218687bd5:group-BCAC9EF76424 changes role from CANDIDATE to LEADER at term 1 for changeToLeader
2019-08-29 01:56:00,027 [5c43803d-2cd6-4c13-9fd2-4fe218687bd5:group-BCAC9EF76424:LeaderElection13] INFO  impl.RaftServerImpl (ServerState.java:setLeader(263)) - 5c43803d-2cd6-4c13-9fd2-4fe218687bd5:group-BCAC9EF76424 change Leader from null to 5c43803d-2cd6-4c13-9fd2-4fe218687bd5 at term 1 for becomeLeader, leader elected after 5048ms
2019-08-29 01:56:00,027 [5c43803d-2cd6-4c13-9fd2-4fe218687bd5:group-BCAC9EF76424:LeaderElection13] INFO  server.RaftServerConfigKeys (ConfUtils.java:logGet(43)) - raft.server.staging.catchup.gap = 1000 (default)
2019-08-29 01:56:00,028 [5c43803d-2cd6-4c13-9fd2-4fe218687bd5:group-BCAC9EF76424:LeaderElection13] INFO  server.RaftServerConfigKeys (ConfUtils.java:logGet(43)) - raft.server.rpc.sleep.time = 25ms (default)
2019-08-29 01:56:00,028 [5c43803d-2cd6-4c13-9fd2-4fe218687bd5:group-BCAC9EF76424:LeaderElection13] INFO  server.RaftServerConfigKeys (ConfUtils.java:logGet(43)) - raft.server.write.element-limit = 4096 (default)
2019-08-29 01:56:00,028 [Thread-502] INFO  impl.FollowerState (FollowerState.java:run(106)) - 9fceaf92-49b0-4d05-b1c4-1c25dab8ebb3:group-74B7220BD952 changes to CANDIDATE, lastRpcTime:5120, electionTimeout:5115ms
2019-08-29 01:56:00,028 [5c43803d-2cd6-4c13-9fd2-4fe218687bd5:group-BCAC9EF76424:LeaderElection13] INFO  server.RaftServerConfigKeys (ConfUtils.java:logGet(43)) - raft.server.watch.timeout = 10s (default)
2019-08-29 01:56:00,028 [Thread-502] INFO  impl.RoleInfo (RoleInfo.java:shutdownFollowerState(121)) - 9fceaf92-49b0-4d05-b1c4-1c25dab8ebb3: shutdown FollowerState
2019-08-29 01:56:00,029 [5c43803d-2cd6-4c13-9fd2-4fe218687bd5:group-BCAC9EF76424:LeaderElection13] INFO  server.RaftServerConfigKeys (ConfUtils.java:logGet(43)) - raft.server.watch.timeout.denomination = 1s (default)
2019-08-29 01:56:00,029 [Thread-502] INFO  impl.RaftServerImpl (RaftServerImpl.java:setRole(171)) - 9fceaf92-49b0-4d05-b1c4-1c25dab8ebb3:group-74B7220BD952 changes role from FOLLOWER to CANDIDATE at term 0 for changeToCandidate
2019-08-29 01:56:00,029 [5c43803d-2cd6-4c13-9fd2-4fe218687bd5:group-BCAC9EF76424:LeaderElection13] INFO  server.RaftServerConfigKeys (ConfUtils.java:logGet(43)) - raft.server.watch.element-limit = 65536 (default)
2019-08-29 01:56:00,029 [Thread-502] INFO  impl.RoleInfo (RoleInfo.java:updateAndGet(143)) - 9fceaf92-49b0-4d05-b1c4-1c25dab8ebb3: start LeaderElection
2019-08-29 01:56:00,029 [5c43803d-2cd6-4c13-9fd2-4fe218687bd5:group-BCAC9EF76424:LeaderElection13] INFO  impl.RoleInfo (RoleInfo.java:updateAndGet(143)) - 5c43803d-2cd6-4c13-9fd2-4fe218687bd5: start LeaderState
2019-08-29 01:56:00,033 [5c43803d-2cd6-4c13-9fd2-4fe218687bd5:group-BCAC9EF76424:LeaderElection13] INFO  segmented.SegmentedRaftLogWorker (SegmentedRaftLogWorker.java:startLogSegment(380)) - 5c43803d-2cd6-4c13-9fd2-4fe218687bd5-SegmentedRaftLogWorker:Storage Directory /workdir/hadoop-ozone/integration-test/target/test-dir/MiniOzoneClusterImpl-c3e32655-bfd3-45e1-b300-51bbc9e831ce/datanode-2/data/ratis/eacd48e3-7aec-4a21-a9a0-bcac9ef76424: Starting segment from index:0
2019-08-29 01:56:00,033 [5c43803d-2cd6-4c13-9fd2-4fe218687bd5:group-BCAC9EF76424:LeaderElection13] INFO  impl.RaftServerImpl (ServerState.java:setRaftConf(361)) - 5c43803d-2cd6-4c13-9fd2-4fe218687bd5:group-BCAC9EF76424 set configuration 0: [5c43803d-2cd6-4c13-9fd2-4fe218687bd5:192.168.69.96:41795], old=null at 0
2019-08-29 01:56:00,068 [9fceaf92-49b0-4d05-b1c4-1c25dab8ebb3:group-74B7220BD952:LeaderElection14] INFO  impl.LeaderElection (LeaderElection.java:askForVotes(181)) - 9fceaf92-49b0-4d05-b1c4-1c25dab8ebb3:group-74B7220BD952:LeaderElection14: begin an election at term 1 for -1: [9fceaf92-49b0-4d05-b1c4-1c25dab8ebb3:192.168.69.96:40992], old=null
2019-08-29 01:56:00,068 [9fceaf92-49b0-4d05-b1c4-1c25dab8ebb3:group-74B7220BD952:LeaderElection14] INFO  impl.RoleInfo (RoleInfo.java:shutdownLeaderElection(134)) - 9fceaf92-49b0-4d05-b1c4-1c25dab8ebb3: shutdown LeaderElection
2019-08-29 01:56:00,068 [9fceaf92-49b0-4d05-b1c4-1c25dab8ebb3:group-74B7220BD952:LeaderElection14] INFO  impl.RaftServerImpl (RaftServerImpl.java:setRole(171)) - 9fceaf92-49b0-4d05-b1c4-1c25dab8ebb3:group-74B7220BD952 changes role from CANDIDATE to LEADER at term 1 for changeToLeader
2019-08-29 01:56:00,068 [9fceaf92-49b0-4d05-b1c4-1c25dab8ebb3:group-74B7220BD952:LeaderElection14] INFO  impl.RaftServerImpl (ServerState.java:setLeader(263)) - 9fceaf92-49b0-4d05-b1c4-1c25dab8ebb3:group-74B7220BD952 change Leader from null to 9fceaf92-49b0-4d05-b1c4-1c25dab8ebb3 at term 1 for becomeLeader, leader elected after 5166ms
2019-08-29 01:56:00,069 [9fceaf92-49b0-4d05-b1c4-1c25dab8ebb3:group-74B7220BD952:LeaderElection14] INFO  server.RaftServerConfigKeys (ConfUtils.java:logGet(43)) - raft.server.staging.catchup.gap = 1000 (default)
2019-08-29 01:56:00,069 [9fceaf92-49b0-4d05-b1c4-1c25dab8ebb3:group-74B7220BD952:LeaderElection14] INFO  server.RaftServerConfigKeys (ConfUtils.java:logGet(43)) - raft.server.rpc.sleep.time = 25ms (default)
2019-08-29 01:56:00,069 [9fceaf92-49b0-4d05-b1c4-1c25dab8ebb3:group-74B7220BD952:LeaderElection14] INFO  server.RaftServerConfigKeys (ConfUtils.java:logGet(43)) - raft.server.write.element-limit = 4096 (default)
2019-08-29 01:56:00,069 [9fceaf92-49b0-4d05-b1c4-1c25dab8ebb3:group-74B7220BD952:LeaderElection14] INFO  server.RaftServerConfigKeys (ConfUtils.java:logGet(43)) - raft.server.watch.timeout = 10s (default)
2019-08-29 01:56:00,069 [9fceaf92-49b0-4d05-b1c4-1c25dab8ebb3:group-74B7220BD952:LeaderElection14] INFO  server.RaftServerConfigKeys (ConfUtils.java:logGet(43)) - raft.server.watch.timeout.denomination = 1s (default)
2019-08-29 01:56:00,069 [9fceaf92-49b0-4d05-b1c4-1c25dab8ebb3:group-74B7220BD952:LeaderElection14] INFO  server.RaftServerConfigKeys (ConfUtils.java:logGet(43)) - raft.server.watch.element-limit = 65536 (default)
2019-08-29 01:56:00,070 [9fceaf92-49b0-4d05-b1c4-1c25dab8ebb3:group-74B7220BD952:LeaderElection14] INFO  impl.RoleInfo (RoleInfo.java:updateAndGet(143)) - 9fceaf92-49b0-4d05-b1c4-1c25dab8ebb3: start LeaderState
2019-08-29 01:56:00,070 [9fceaf92-49b0-4d05-b1c4-1c25dab8ebb3:group-74B7220BD952:LeaderElection14] INFO  segmented.SegmentedRaftLogWorker (SegmentedRaftLogWorker.java:startLogSegment(380)) - 9fceaf92-49b0-4d05-b1c4-1c25dab8ebb3-SegmentedRaftLogWorker:Storage Directory /workdir/hadoop-ozone/integration-test/target/test-dir/MiniOzoneClusterImpl-c3e32655-bfd3-45e1-b300-51bbc9e831ce/datanode-1/data/ratis/b1f53f8d-3b3c-4e8b-85f1-74b7220bd952: Starting segment from index:0
2019-08-29 01:56:00,071 [9fceaf92-49b0-4d05-b1c4-1c25dab8ebb3:group-74B7220BD952:LeaderElection14] INFO  impl.RaftServerImpl (ServerState.java:setRaftConf(361)) - 9fceaf92-49b0-4d05-b1c4-1c25dab8ebb3:group-74B7220BD952 set configuration 0: [9fceaf92-49b0-4d05-b1c4-1c25dab8ebb3:192.168.69.96:40992], old=null at 0
2019-08-29 01:56:00,109 [Thread-508] INFO  impl.FollowerState (FollowerState.java:run(106)) - 5c43803d-2cd6-4c13-9fd2-4fe218687bd5:group-383A8F382357 changes to CANDIDATE, lastRpcTime:5054, electionTimeout:5028ms
2019-08-29 01:56:00,109 [5c43803d-2cd6-4c13-9fd2-4fe218687bd5-SegmentedRaftLogWorker:Storage Directory /workdir/hadoop-ozone/integration-test/target/test-dir/MiniOzoneClusterImpl-c3e32655-bfd3-45e1-b300-51bbc9e831ce/datanode-2/data/ratis/eacd48e3-7aec-4a21-a9a0-bcac9ef76424] INFO  segmented.SegmentedRaftLogWorker (SegmentedRaftLogWorker.java:execute(569)) - 5c43803d-2cd6-4c13-9fd2-4fe218687bd5-SegmentedRaftLogWorker:Storage Directory /workdir/hadoop-ozone/integration-test/target/test-dir/MiniOzoneClusterImpl-c3e32655-bfd3-45e1-b300-51bbc9e831ce/datanode-2/data/ratis/eacd48e3-7aec-4a21-a9a0-bcac9ef76424: created new log segment /workdir/hadoop-ozone/integration-test/target/test-dir/MiniOzoneClusterImpl-c3e32655-bfd3-45e1-b300-51bbc9e831ce/datanode-2/data/ratis/eacd48e3-7aec-4a21-a9a0-bcac9ef76424/current/log_inprogress_0
2019-08-29 01:56:00,109 [Thread-508] INFO  impl.RoleInfo (RoleInfo.java:shutdownFollowerState(121)) - 5c43803d-2cd6-4c13-9fd2-4fe218687bd5: shutdown FollowerState
2019-08-29 01:56:00,109 [Thread-325] INFO  ozoneimpl.OzoneContainer (OzoneContainer.java:stop(215)) - Attempting to stop container services.
2019-08-29 01:56:00,109 [Thread-508] INFO  impl.RaftServerImpl (RaftServerImpl.java:setRole(171)) - 5c43803d-2cd6-4c13-9fd2-4fe218687bd5:group-383A8F382357 changes role from FOLLOWER to CANDIDATE at term 0 for changeToCandidate
2019-08-29 01:56:00,110 [Thread-325] INFO  impl.RaftServerProxy (RaftServerProxy.java:lambda$close$4(314)) - 2cdad04f-ab4a-4a63-a522-b72e02e27bd7: close
2019-08-29 01:56:00,110 [Thread-508] INFO  impl.RoleInfo (RoleInfo.java:updateAndGet(143)) - 5c43803d-2cd6-4c13-9fd2-4fe218687bd5: start LeaderElection
2019-08-29 01:56:00,112 [Thread-325] INFO  impl.RaftServerImpl (RaftServerImpl.java:lambda$shutdown$3(245)) - 2cdad04f-ab4a-4a63-a522-b72e02e27bd7: shutdown group-7CB8A4DDC70B
2019-08-29 01:56:00,113 [Thread-325] INFO  util.JmxRegister (JmxRegister.java:unregister(73)) - Successfully un-registered JMX Bean with object name Ratis:service=RaftServer,group=group-7CB8A4DDC70B,id=2cdad04f-ab4a-4a63-a522-b72e02e27bd7
2019-08-29 01:56:00,114 [Thread-325] INFO  impl.RoleInfo (RoleInfo.java:shutdownLeaderState(104)) - 2cdad04f-ab4a-4a63-a522-b72e02e27bd7: shutdown LeaderState
2019-08-29 01:56:00,114 [Thread-325] INFO  impl.PendingRequests (PendingRequests.java:sendNotLeaderResponses(202)) - 2cdad04f-ab4a-4a63-a522-b72e02e27bd7-PendingRequests: sendNotLeaderResponses
2019-08-29 01:56:00,114 [Thread-325] INFO  impl.StateMachineUpdater (StateMachineUpdater.java:stopAndJoin(115)) - StateMachineUpdater:2cdad04f-ab4a-4a63-a522-b72e02e27bd7:group-7CB8A4DDC70B: set stopIndex = 0
2019-08-29 01:56:00,114 [9fceaf92-49b0-4d05-b1c4-1c25dab8ebb3-SegmentedRaftLogWorker:Storage Directory /workdir/hadoop-ozone/integration-test/target/test-dir/MiniOzoneClusterImpl-c3e32655-bfd3-45e1-b300-51bbc9e831ce/datanode-1/data/ratis/b1f53f8d-3b3c-4e8b-85f1-74b7220bd952] INFO  segmented.SegmentedRaftLogWorker (SegmentedRaftLogWorker.java:execute(569)) - 9fceaf92-49b0-4d05-b1c4-1c25dab8ebb3-SegmentedRaftLogWorker:Storage Directory /workdir/hadoop-ozone/integration-test/target/test-dir/MiniOzoneClusterImpl-c3e32655-bfd3-45e1-b300-51bbc9e831ce/datanode-1/data/ratis/b1f53f8d-3b3c-4e8b-85f1-74b7220bd952: created new log segment /workdir/hadoop-ozone/integration-test/target/test-dir/MiniOzoneClusterImpl-c3e32655-bfd3-45e1-b300-51bbc9e831ce/datanode-1/data/ratis/b1f53f8d-3b3c-4e8b-85f1-74b7220bd952/current/log_inprogress_0
2019-08-29 01:56:00,116 [Thread-325] INFO  impl.RaftServerImpl (ServerState.java:close(394)) - 2cdad04f-ab4a-4a63-a522-b72e02e27bd7:group-7CB8A4DDC70B closes. The last applied log index is 0
2019-08-29 01:56:00,117 [5c43803d-2cd6-4c13-9fd2-4fe218687bd5:group-383A8F382357:LeaderElection15] INFO  impl.LeaderElection (LeaderElection.java:askForVotes(181)) - 5c43803d-2cd6-4c13-9fd2-4fe218687bd5:group-383A8F382357:LeaderElection15: begin an election at term 1 for -1: [2cdad04f-ab4a-4a63-a522-b72e02e27bd7:192.168.69.96:44050, 5c43803d-2cd6-4c13-9fd2-4fe218687bd5:192.168.69.96:41795, 9fceaf92-49b0-4d05-b1c4-1c25dab8ebb3:192.168.69.96:40992], old=null
2019-08-29 01:56:00,117 [2cdad04f-ab4a-4a63-a522-b72e02e27bd7-SegmentedRaftLogWorker:Storage Directory /workdir/hadoop-ozone/integration-test/target/test-dir/MiniOzoneClusterImpl-c3e32655-bfd3-45e1-b300-51bbc9e831ce/datanode-0/data/ratis/1ec6acfb-dd36-4527-8007-7cb8a4ddc70b] INFO  segmented.SegmentedRaftLogWorker (SegmentedRaftLogWorker.java:run(313)) - 2cdad04f-ab4a-4a63-a522-b72e02e27bd7-SegmentedRaftLogWorker:Storage Directory /workdir/hadoop-ozone/integration-test/target/test-dir/MiniOzoneClusterImpl-c3e32655-bfd3-45e1-b300-51bbc9e831ce/datanode-0/data/ratis/1ec6acfb-dd36-4527-8007-7cb8a4ddc70b was interrupted, exiting. There are 0 tasks remaining in the queue.
2019-08-29 01:56:00,119 [Thread-325] INFO  segmented.SegmentedRaftLogWorker (SegmentedRaftLogWorker.java:close(228)) - 2cdad04f-ab4a-4a63-a522-b72e02e27bd7-SegmentedRaftLogWorker:Storage Directory /workdir/hadoop-ozone/integration-test/target/test-dir/MiniOzoneClusterImpl-c3e32655-bfd3-45e1-b300-51bbc9e831ce/datanode-0/data/ratis/1ec6acfb-dd36-4527-8007-7cb8a4ddc70b close()
2019-08-29 01:56:00,122 [Thread-325] INFO  impl.RaftServerImpl (RaftServerImpl.java:lambda$shutdown$3(245)) - 2cdad04f-ab4a-4a63-a522-b72e02e27bd7: shutdown group-383A8F382357
2019-08-29 01:56:00,122 [Thread-325] INFO  util.JmxRegister (JmxRegister.java:unregister(73)) - Successfully un-registered JMX Bean with object name Ratis:service=RaftServer,group=group-383A8F382357,id=2cdad04f-ab4a-4a63-a522-b72e02e27bd7
2019-08-29 01:56:00,123 [Thread-325] INFO  impl.RoleInfo (RoleInfo.java:shutdownFollowerState(121)) - 2cdad04f-ab4a-4a63-a522-b72e02e27bd7: shutdown FollowerState
2019-08-29 01:56:00,123 [Thread-325] INFO  impl.StateMachineUpdater (StateMachineUpdater.java:stopAndJoin(115)) - StateMachineUpdater:2cdad04f-ab4a-4a63-a522-b72e02e27bd7:group-383A8F382357: set stopIndex = -1
2019-08-29 01:56:00,123 [Thread-512] INFO  impl.FollowerState (FollowerState.java:run(114)) - 2cdad04f-ab4a-4a63-a522-b72e02e27bd7: FollowerState was interrupted: java.lang.InterruptedException: sleep interrupted
2019-08-29 01:56:00,125 [Thread-325] INFO  impl.RaftServerImpl (ServerState.java:close(394)) - 2cdad04f-ab4a-4a63-a522-b72e02e27bd7:group-383A8F382357 closes. The last applied log index is -1
2019-08-29 01:56:00,126 [2cdad04f-ab4a-4a63-a522-b72e02e27bd7-SegmentedRaftLogWorker:Storage Directory /workdir/hadoop-ozone/integration-test/target/test-dir/MiniOzoneClusterImpl-c3e32655-bfd3-45e1-b300-51bbc9e831ce/datanode-0/data/ratis/071c65e6-01ab-4ac7-8cb6-383a8f382357] INFO  segmented.SegmentedRaftLogWorker (SegmentedRaftLogWorker.java:run(313)) - 2cdad04f-ab4a-4a63-a522-b72e02e27bd7-SegmentedRaftLogWorker:Storage Directory /workdir/hadoop-ozone/integration-test/target/test-dir/MiniOzoneClusterImpl-c3e32655-bfd3-45e1-b300-51bbc9e831ce/datanode-0/data/ratis/071c65e6-01ab-4ac7-8cb6-383a8f382357 was interrupted, exiting. There are 0 tasks remaining in the queue.
2019-08-29 01:56:00,127 [Thread-325] INFO  segmented.SegmentedRaftLogWorker (SegmentedRaftLogWorker.java:close(228)) - 2cdad04f-ab4a-4a63-a522-b72e02e27bd7-SegmentedRaftLogWorker:Storage Directory /workdir/hadoop-ozone/integration-test/target/test-dir/MiniOzoneClusterImpl-c3e32655-bfd3-45e1-b300-51bbc9e831ce/datanode-0/data/ratis/071c65e6-01ab-4ac7-8cb6-383a8f382357 close()
2019-08-29 01:56:00,134 [Thread-325] INFO  server.GrpcService (GrpcService.java:closeImpl(155)) - 2cdad04f-ab4a-4a63-a522-b72e02e27bd7: shutdown server with port 44050 now
2019-08-29 01:56:00,140 [grpc-default-executor-2] INFO  impl.RaftServerImpl (RaftServerImpl.java:setRole(171)) - 9fceaf92-49b0-4d05-b1c4-1c25dab8ebb3:group-383A8F382357 changes role from FOLLOWER to FOLLOWER at term 1 for recognizeCandidate:5c43803d-2cd6-4c13-9fd2-4fe218687bd5
2019-08-29 01:56:00,140 [grpc-default-executor-2] INFO  impl.RoleInfo (RoleInfo.java:shutdownFollowerState(121)) - 9fceaf92-49b0-4d05-b1c4-1c25dab8ebb3: shutdown FollowerState
2019-08-29 01:56:00,140 [grpc-default-executor-2] INFO  impl.RoleInfo (RoleInfo.java:updateAndGet(143)) - 9fceaf92-49b0-4d05-b1c4-1c25dab8ebb3: start FollowerState
2019-08-29 01:56:00,140 [Thread-513] INFO  impl.FollowerState (FollowerState.java:run(114)) - 9fceaf92-49b0-4d05-b1c4-1c25dab8ebb3: FollowerState was interrupted: java.lang.InterruptedException: sleep interrupted
2019-08-29 01:56:00,142 [grpc-default-executor-1] WARN  server.GrpcServerProtocolService (LogUtils.java:warn(134)) - 2cdad04f-ab4a-4a63-a522-b72e02e27bd7: Failed requestVote 5c43803d-2cd6-4c13-9fd2-4fe218687bd5->2cdad04f-ab4a-4a63-a522-b72e02e27bd7#0: org.apache.ratis.protocol.ServerNotReadyException: Server 2cdad04f-ab4a-4a63-a522-b72e02e27bd7 is not [RUNNING]: current state is CLOSED
2019-08-29 01:56:00,172 [5c43803d-2cd6-4c13-9fd2-4fe218687bd5:group-383A8F382357:LeaderElection15] INFO  impl.LeaderElection (LeaderElection.java:logAndReturn(56)) - 5c43803d-2cd6-4c13-9fd2-4fe218687bd5:group-383A8F382357:LeaderElection15: Election PASSED; received 1 response(s) [5c43803d-2cd6-4c13-9fd2-4fe218687bd5<-9fceaf92-49b0-4d05-b1c4-1c25dab8ebb3#0:OK-t1] and 0 exception(s); 5c43803d-2cd6-4c13-9fd2-4fe218687bd5:t1, leader=null, voted=5c43803d-2cd6-4c13-9fd2-4fe218687bd5, raftlog=5c43803d-2cd6-4c13-9fd2-4fe218687bd5-SegmentedRaftLog:OPENED:c-1,f-1,i0, conf=-1: [2cdad04f-ab4a-4a63-a522-b72e02e27bd7:192.168.69.96:44050, 5c43803d-2cd6-4c13-9fd2-4fe218687bd5:192.168.69.96:41795, 9fceaf92-49b0-4d05-b1c4-1c25dab8ebb3:192.168.69.96:40992], old=null
2019-08-29 01:56:00,172 [5c43803d-2cd6-4c13-9fd2-4fe218687bd5:group-383A8F382357:LeaderElection15] INFO  impl.RoleInfo (RoleInfo.java:shutdownLeaderElection(134)) - 5c43803d-2cd6-4c13-9fd2-4fe218687bd5: shutdown LeaderElection
2019-08-29 01:56:00,175 [5c43803d-2cd6-4c13-9fd2-4fe218687bd5:group-383A8F382357:LeaderElection15] INFO  impl.RaftServerImpl (RaftServerImpl.java:setRole(171)) - 5c43803d-2cd6-4c13-9fd2-4fe218687bd5:group-383A8F382357 changes role from CANDIDATE to LEADER at term 1 for changeToLeader
2019-08-29 01:56:00,176 [5c43803d-2cd6-4c13-9fd2-4fe218687bd5:group-383A8F382357:LeaderElection15] INFO  impl.RaftServerImpl (ServerState.java:setLeader(263)) - 5c43803d-2cd6-4c13-9fd2-4fe218687bd5:group-383A8F382357 change Leader from null to 5c43803d-2cd6-4c13-9fd2-4fe218687bd5 at term 1 for becomeLeader, leader elected after 5129ms
2019-08-29 01:56:00,176 [5c43803d-2cd6-4c13-9fd2-4fe218687bd5:group-383A8F382357:LeaderElection15] INFO  server.RaftServerConfigKeys (ConfUtils.java:logGet(43)) - raft.server.staging.catchup.gap = 1000 (default)
2019-08-29 01:56:00,176 [5c43803d-2cd6-4c13-9fd2-4fe218687bd5:group-383A8F382357:LeaderElection15] INFO  server.RaftServerConfigKeys (ConfUtils.java:logGet(43)) - raft.server.rpc.sleep.time = 25ms (default)
2019-08-29 01:56:00,176 [5c43803d-2cd6-4c13-9fd2-4fe218687bd5:group-383A8F382357:LeaderElection15] INFO  server.RaftServerConfigKeys (ConfUtils.java:logGet(43)) - raft.server.write.element-limit = 4096 (default)
2019-08-29 01:56:00,176 [5c43803d-2cd6-4c13-9fd2-4fe218687bd5:group-383A8F382357:LeaderElection15] INFO  server.RaftServerConfigKeys (ConfUtils.java:logGet(43)) - raft.server.watch.timeout = 10s (default)
2019-08-29 01:56:00,177 [5c43803d-2cd6-4c13-9fd2-4fe218687bd5:group-383A8F382357:LeaderElection15] INFO  server.RaftServerConfigKeys (ConfUtils.java:logGet(43)) - raft.server.watch.timeout.denomination = 1s (default)
2019-08-29 01:56:00,177 [5c43803d-2cd6-4c13-9fd2-4fe218687bd5:group-383A8F382357:LeaderElection15] INFO  server.RaftServerConfigKeys (ConfUtils.java:logGet(43)) - raft.server.watch.element-limit = 65536 (default)
2019-08-29 01:56:00,177 [5c43803d-2cd6-4c13-9fd2-4fe218687bd5:group-383A8F382357:LeaderElection15] INFO  server.RaftServerConfigKeys (ConfUtils.java:logGet(43)) - raft.server.log.appender.snapshot.chunk.size.max = 16MB (=16777216) (default)
2019-08-29 01:56:00,177 [5c43803d-2cd6-4c13-9fd2-4fe218687bd5:group-383A8F382357:LeaderElection15] INFO  server.RaftServerConfigKeys (ConfUtils.java:logGet(43)) - raft.server.log.appender.buffer.byte-limit = 33554432 (custom)
2019-08-29 01:56:00,178 [5c43803d-2cd6-4c13-9fd2-4fe218687bd5:group-383A8F382357:LeaderElection15] INFO  server.RaftServerConfigKeys (ConfUtils.java:logGet(43)) - raft.server.log.appender.buffer.element-limit = 1 (custom)
2019-08-29 01:56:00,178 [5c43803d-2cd6-4c13-9fd2-4fe218687bd5:group-383A8F382357:LeaderElection15] INFO  grpc.GrpcConfigKeys$Server (ConfUtils.java:logGet(43)) - raft.grpc.server.leader.outstanding.appends.max = 128 (default)
2019-08-29 01:56:00,178 [5c43803d-2cd6-4c13-9fd2-4fe218687bd5:group-383A8F382357:LeaderElection15] INFO  server.RaftServerConfigKeys (ConfUtils.java:logGet(43)) - raft.server.rpc.request.timeout = 3000ms (default)
2019-08-29 01:56:00,178 [5c43803d-2cd6-4c13-9fd2-4fe218687bd5:group-383A8F382357:LeaderElection15] INFO  server.RaftServerConfigKeys (ConfUtils.java:logGet(43)) - raft.server.log.appender.install.snapshot.enabled = false (custom)
2019-08-29 01:56:00,179 [5c43803d-2cd6-4c13-9fd2-4fe218687bd5:group-383A8F382357:LeaderElection15] INFO  server.RaftServerConfigKeys (ConfUtils.java:logGet(43)) - raft.server.log.appender.snapshot.chunk.size.max = 16MB (=16777216) (default)
2019-08-29 01:56:00,179 [5c43803d-2cd6-4c13-9fd2-4fe218687bd5:group-383A8F382357:LeaderElection15] INFO  server.RaftServerConfigKeys (ConfUtils.java:logGet(43)) - raft.server.log.appender.buffer.byte-limit = 33554432 (custom)
2019-08-29 01:56:00,179 [5c43803d-2cd6-4c13-9fd2-4fe218687bd5:group-383A8F382357:LeaderElection15] INFO  server.RaftServerConfigKeys (ConfUtils.java:logGet(43)) - raft.server.log.appender.buffer.element-limit = 1 (custom)
2019-08-29 01:56:00,179 [5c43803d-2cd6-4c13-9fd2-4fe218687bd5:group-383A8F382357:LeaderElection15] INFO  grpc.GrpcConfigKeys$Server (ConfUtils.java:logGet(43)) - raft.grpc.server.leader.outstanding.appends.max = 128 (default)
2019-08-29 01:56:00,179 [5c43803d-2cd6-4c13-9fd2-4fe218687bd5:group-383A8F382357:LeaderElection15] INFO  server.RaftServerConfigKeys (ConfUtils.java:logGet(43)) - raft.server.rpc.request.timeout = 3000ms (default)
2019-08-29 01:56:00,180 [5c43803d-2cd6-4c13-9fd2-4fe218687bd5:group-383A8F382357:LeaderElection15] INFO  server.RaftServerConfigKeys (ConfUtils.java:logGet(43)) - raft.server.log.appender.install.snapshot.enabled = false (custom)
2019-08-29 01:56:00,180 [5c43803d-2cd6-4c13-9fd2-4fe218687bd5:group-383A8F382357:LeaderElection15] INFO  impl.RoleInfo (RoleInfo.java:updateAndGet(143)) - 5c43803d-2cd6-4c13-9fd2-4fe218687bd5: start LeaderState
2019-08-29 01:56:00,180 [5c43803d-2cd6-4c13-9fd2-4fe218687bd5:group-383A8F382357:LeaderElection15] INFO  segmented.SegmentedRaftLogWorker (SegmentedRaftLogWorker.java:startLogSegment(380)) - 5c43803d-2cd6-4c13-9fd2-4fe218687bd5-SegmentedRaftLogWorker:Storage Directory /workdir/hadoop-ozone/integration-test/target/test-dir/MiniOzoneClusterImpl-c3e32655-bfd3-45e1-b300-51bbc9e831ce/datanode-2/data/ratis/071c65e6-01ab-4ac7-8cb6-383a8f382357: Starting segment from index:0
2019-08-29 01:56:00,182 [5c43803d-2cd6-4c13-9fd2-4fe218687bd5:group-383A8F382357:LeaderElection15] INFO  impl.RaftServerImpl (ServerState.java:setRaftConf(361)) - 5c43803d-2cd6-4c13-9fd2-4fe218687bd5:group-383A8F382357 set configuration 0: [2cdad04f-ab4a-4a63-a522-b72e02e27bd7:192.168.69.96:44050, 5c43803d-2cd6-4c13-9fd2-4fe218687bd5:192.168.69.96:41795, 9fceaf92-49b0-4d05-b1c4-1c25dab8ebb3:192.168.69.96:40992], old=null at 0
2019-08-29 01:56:00,220 [grpc-default-executor-0] INFO  impl.RaftServerImpl (ServerState.java:setLeader(263)) - 9fceaf92-49b0-4d05-b1c4-1c25dab8ebb3:group-383A8F382357 change Leader from null to 5c43803d-2cd6-4c13-9fd2-4fe218687bd5 at term 1 for appendEntries, leader elected after 5173ms
2019-08-29 01:56:00,225 [grpc-default-executor-1] INFO  impl.RaftServerImpl (ServerState.java:setRaftConf(361)) - 9fceaf92-49b0-4d05-b1c4-1c25dab8ebb3:group-383A8F382357 set configuration 0: [2cdad04f-ab4a-4a63-a522-b72e02e27bd7:192.168.69.96:44050, 5c43803d-2cd6-4c13-9fd2-4fe218687bd5:192.168.69.96:41795, 9fceaf92-49b0-4d05-b1c4-1c25dab8ebb3:192.168.69.96:40992], old=null at 0
2019-08-29 01:56:00,226 [grpc-default-executor-1] INFO  segmented.SegmentedRaftLogWorker (SegmentedRaftLogWorker.java:startLogSegment(380)) - 9fceaf92-49b0-4d05-b1c4-1c25dab8ebb3-SegmentedRaftLogWorker:Storage Directory /workdir/hadoop-ozone/integration-test/target/test-dir/MiniOzoneClusterImpl-c3e32655-bfd3-45e1-b300-51bbc9e831ce/datanode-1/data/ratis/071c65e6-01ab-4ac7-8cb6-383a8f382357: Starting segment from index:0
2019-08-29 01:56:00,227 [5c43803d-2cd6-4c13-9fd2-4fe218687bd5-SegmentedRaftLogWorker:Storage Directory /workdir/hadoop-ozone/integration-test/target/test-dir/MiniOzoneClusterImpl-c3e32655-bfd3-45e1-b300-51bbc9e831ce/datanode-2/data/ratis/071c65e6-01ab-4ac7-8cb6-383a8f382357] INFO  segmented.SegmentedRaftLogWorker (SegmentedRaftLogWorker.java:execute(569)) - 5c43803d-2cd6-4c13-9fd2-4fe218687bd5-SegmentedRaftLogWorker:Storage Directory /workdir/hadoop-ozone/integration-test/target/test-dir/MiniOzoneClusterImpl-c3e32655-bfd3-45e1-b300-51bbc9e831ce/datanode-2/data/ratis/071c65e6-01ab-4ac7-8cb6-383a8f382357: created new log segment /workdir/hadoop-ozone/integration-test/target/test-dir/MiniOzoneClusterImpl-c3e32655-bfd3-45e1-b300-51bbc9e831ce/datanode-2/data/ratis/071c65e6-01ab-4ac7-8cb6-383a8f382357/current/log_inprogress_0
2019-08-29 01:56:00,291 [9fceaf92-49b0-4d05-b1c4-1c25dab8ebb3-SegmentedRaftLogWorker:Storage Directory /workdir/hadoop-ozone/integration-test/target/test-dir/MiniOzoneClusterImpl-c3e32655-bfd3-45e1-b300-51bbc9e831ce/datanode-1/data/ratis/071c65e6-01ab-4ac7-8cb6-383a8f382357] INFO  segmented.SegmentedRaftLogWorker (SegmentedRaftLogWorker.java:execute(569)) - 9fceaf92-49b0-4d05-b1c4-1c25dab8ebb3-SegmentedRaftLogWorker:Storage Directory /workdir/hadoop-ozone/integration-test/target/test-dir/MiniOzoneClusterImpl-c3e32655-bfd3-45e1-b300-51bbc9e831ce/datanode-1/data/ratis/071c65e6-01ab-4ac7-8cb6-383a8f382357: created new log segment /workdir/hadoop-ozone/integration-test/target/test-dir/MiniOzoneClusterImpl-c3e32655-bfd3-45e1-b300-51bbc9e831ce/datanode-1/data/ratis/071c65e6-01ab-4ac7-8cb6-383a8f382357/current/log_inprogress_0
2019-08-29 01:56:00,576 [EventQueue-StaleNodeForStaleNodeHandler] INFO  node.StaleNodeHandler (StaleNodeHandler.java:onMessage(58)) - Datanode 2cdad04f-ab4a-4a63-a522-b72e02e27bd7{ip: 192.168.69.96, host: pr-hdds-2050-x2mk7-2257017151, networkLocation: /default-rack, certSerialId: null} moved to stale state. Finalizing its pipelines [PipelineID=1ec6acfb-dd36-4527-8007-7cb8a4ddc70b, PipelineID=071c65e6-01ab-4ac7-8cb6-383a8f382357]
2019-08-29 01:56:00,576 [EventQueue-StaleNodeForStaleNodeHandler] INFO  pipeline.SCMPipelineManager (SCMPipelineManager.java:finalizeAndDestroyPipeline(309)) - destroying pipeline:Pipeline[ Id: 1ec6acfb-dd36-4527-8007-7cb8a4ddc70b, Nodes: 2cdad04f-ab4a-4a63-a522-b72e02e27bd7{ip: 192.168.69.96, host: pr-hdds-2050-x2mk7-2257017151, networkLocation: /default-rack, certSerialId: null}, Type:RATIS, Factor:ONE, State:OPEN]
2019-08-29 01:56:00,576 [EventQueue-StaleNodeForStaleNodeHandler] INFO  pipeline.PipelineStateManager (PipelineStateManager.java:finalizePipeline(123)) - Pipeline Pipeline[ Id: 1ec6acfb-dd36-4527-8007-7cb8a4ddc70b, Nodes: 2cdad04f-ab4a-4a63-a522-b72e02e27bd7{ip: 192.168.69.96, host: pr-hdds-2050-x2mk7-2257017151, networkLocation: /default-rack, certSerialId: null}, Type:RATIS, Factor:ONE, State:CLOSED] moved to CLOSED state
2019-08-29 01:56:00,579 [EventQueue-StaleNodeForStaleNodeHandler] INFO  pipeline.SCMPipelineManager (SCMPipelineManager.java:finalizeAndDestroyPipeline(309)) - destroying pipeline:Pipeline[ Id: 071c65e6-01ab-4ac7-8cb6-383a8f382357, Nodes: 9fceaf92-49b0-4d05-b1c4-1c25dab8ebb3{ip: 192.168.69.96, host: pr-hdds-2050-x2mk7-2257017151, networkLocation: /default-rack, certSerialId: null}2cdad04f-ab4a-4a63-a522-b72e02e27bd7{ip: 192.168.69.96, host: pr-hdds-2050-x2mk7-2257017151, networkLocation: /default-rack, certSerialId: null}5c43803d-2cd6-4c13-9fd2-4fe218687bd5{ip: 192.168.69.96, host: pr-hdds-2050-x2mk7-2257017151, networkLocation: /default-rack, certSerialId: null}, Type:RATIS, Factor:THREE, State:OPEN]
2019-08-29 01:56:00,579 [EventQueue-StaleNodeForStaleNodeHandler] INFO  pipeline.PipelineStateManager (PipelineStateManager.java:finalizePipeline(123)) - Pipeline Pipeline[ Id: 071c65e6-01ab-4ac7-8cb6-383a8f382357, Nodes: 9fceaf92-49b0-4d05-b1c4-1c25dab8ebb3{ip: 192.168.69.96, host: pr-hdds-2050-x2mk7-2257017151, networkLocation: /default-rack, certSerialId: null}2cdad04f-ab4a-4a63-a522-b72e02e27bd7{ip: 192.168.69.96, host: pr-hdds-2050-x2mk7-2257017151, networkLocation: /default-rack, certSerialId: null}5c43803d-2cd6-4c13-9fd2-4fe218687bd5{ip: 192.168.69.96, host: pr-hdds-2050-x2mk7-2257017151, networkLocation: /default-rack, certSerialId: null}, Type:RATIS, Factor:THREE, State:CLOSED] moved to CLOSED state
2019-08-29 01:56:00,817 | INFO  | SCMAudit | user=jenkins1000 | ip=192.168.69.96 | op=SEND_HEARTBEAT {datanodeUUID=9fceaf92-49b0-4d05-b1c4-1c25dab8ebb3, command=[]} | ret=SUCCESS |  
2019-08-29 01:56:00,904 | INFO  | SCMAudit | user=jenkins1000 | ip=192.168.69.96 | op=SEND_HEARTBEAT {datanodeUUID=5c43803d-2cd6-4c13-9fd2-4fe218687bd5, command=[]} | ret=SUCCESS |  
2019-08-29 01:56:01,817 | INFO  | SCMAudit | user=jenkins1000 | ip=192.168.69.96 | op=SEND_HEARTBEAT {datanodeUUID=9fceaf92-49b0-4d05-b1c4-1c25dab8ebb3, command=[]} | ret=SUCCESS |  
2019-08-29 01:56:01,904 | INFO  | SCMAudit | user=jenkins1000 | ip=192.168.69.96 | op=SEND_HEARTBEAT {datanodeUUID=5c43803d-2cd6-4c13-9fd2-4fe218687bd5, command=[]} | ret=SUCCESS |  
2019-08-29 01:56:02,816 | INFO  | SCMAudit | user=jenkins1000 | ip=192.168.69.96 | op=SEND_HEARTBEAT {datanodeUUID=9fceaf92-49b0-4d05-b1c4-1c25dab8ebb3, command=[]} | ret=SUCCESS |  
2019-08-29 01:56:02,904 | INFO  | SCMAudit | user=jenkins1000 | ip=192.168.69.96 | op=SEND_HEARTBEAT {datanodeUUID=5c43803d-2cd6-4c13-9fd2-4fe218687bd5, command=[]} | ret=SUCCESS |  
2019-08-29 01:56:03,217 [java.util.concurrent.ThreadPoolExecutor$Worker@37a82556[State = -1, empty queue]] WARN  server.GrpcLogAppender (GrpcLogAppender.java:timeoutAppendRequest(200)) - GrpcLogAppender(5c43803d-2cd6-4c13-9fd2-4fe218687bd5->2cdad04f-ab4a-4a63-a522-b72e02e27bd7): appendEntries Timeout, request=5c43803d-2cd6-4c13-9fd2-4fe218687bd5->2cdad04f-ab4a-4a63-a522-b72e02e27bd7#0-t1, previous=(t:0, i:0), leaderCommit=-1, initializing? false, entries: <empty>
2019-08-29 01:56:03,816 | INFO  | SCMAudit | user=jenkins1000 | ip=192.168.69.96 | op=SEND_HEARTBEAT {datanodeUUID=9fceaf92-49b0-4d05-b1c4-1c25dab8ebb3, command=[]} | ret=SUCCESS |  
2019-08-29 01:56:03,904 | INFO  | SCMAudit | user=jenkins1000 | ip=192.168.69.96 | op=SEND_HEARTBEAT {datanodeUUID=5c43803d-2cd6-4c13-9fd2-4fe218687bd5, command=[]} | ret=SUCCESS |  
2019-08-29 01:56:04,816 | INFO  | SCMAudit | user=jenkins1000 | ip=192.168.69.96 | op=SEND_HEARTBEAT {datanodeUUID=9fceaf92-49b0-4d05-b1c4-1c25dab8ebb3, command=[]} | ret=SUCCESS |  
2019-08-29 01:56:04,904 | INFO  | SCMAudit | user=jenkins1000 | ip=192.168.69.96 | op=SEND_HEARTBEAT {datanodeUUID=5c43803d-2cd6-4c13-9fd2-4fe218687bd5, command=[]} | ret=SUCCESS |  
2019-08-29 01:56:05,816 | INFO  | SCMAudit | user=jenkins1000 | ip=192.168.69.96 | op=SEND_HEARTBEAT {datanodeUUID=9fceaf92-49b0-4d05-b1c4-1c25dab8ebb3, command=[]} | ret=SUCCESS |  
2019-08-29 01:56:05,904 | INFO  | SCMAudit | user=jenkins1000 | ip=192.168.69.96 | op=SEND_HEARTBEAT {datanodeUUID=5c43803d-2cd6-4c13-9fd2-4fe218687bd5, command=[]} | ret=SUCCESS |  
2019-08-29 01:56:06,816 | INFO  | SCMAudit | user=jenkins1000 | ip=192.168.69.96 | op=SEND_HEARTBEAT {datanodeUUID=9fceaf92-49b0-4d05-b1c4-1c25dab8ebb3, command=[]} | ret=SUCCESS |  
2019-08-29 01:56:06,904 | INFO  | SCMAudit | user=jenkins1000 | ip=192.168.69.96 | op=SEND_HEARTBEAT {datanodeUUID=5c43803d-2cd6-4c13-9fd2-4fe218687bd5, command=[]} | ret=SUCCESS |  
2019-08-29 01:56:07,816 | INFO  | SCMAudit | user=jenkins1000 | ip=192.168.69.96 | op=SEND_HEARTBEAT {datanodeUUID=9fceaf92-49b0-4d05-b1c4-1c25dab8ebb3, command=[]} | ret=SUCCESS |  
2019-08-29 01:56:07,904 | INFO  | SCMAudit | user=jenkins1000 | ip=192.168.69.96 | op=SEND_HEARTBEAT {datanodeUUID=5c43803d-2cd6-4c13-9fd2-4fe218687bd5, command=[]} | ret=SUCCESS |  
2019-08-29 01:56:08,270 [java.util.concurrent.ThreadPoolExecutor$Worker@37a82556[State = -1, empty queue]] WARN  server.GrpcLogAppender (GrpcLogAppender.java:timeoutAppendRequest(200)) - GrpcLogAppender(5c43803d-2cd6-4c13-9fd2-4fe218687bd5->2cdad04f-ab4a-4a63-a522-b72e02e27bd7): appendEntries Timeout, request=5c43803d-2cd6-4c13-9fd2-4fe218687bd5->2cdad04f-ab4a-4a63-a522-b72e02e27bd7#1-t1, previous=(t:0, i:0), leaderCommit=0, initializing? false, entries: <empty>
2019-08-29 01:56:08,816 | INFO  | SCMAudit | user=jenkins1000 | ip=192.168.69.96 | op=SEND_HEARTBEAT {datanodeUUID=9fceaf92-49b0-4d05-b1c4-1c25dab8ebb3, command=[]} | ret=SUCCESS |  
2019-08-29 01:56:08,904 | INFO  | SCMAudit | user=jenkins1000 | ip=192.168.69.96 | op=SEND_HEARTBEAT {datanodeUUID=5c43803d-2cd6-4c13-9fd2-4fe218687bd5, command=[]} | ret=SUCCESS |  
2019-08-29 01:56:09,816 | INFO  | SCMAudit | user=jenkins1000 | ip=192.168.69.96 | op=SEND_HEARTBEAT {datanodeUUID=9fceaf92-49b0-4d05-b1c4-1c25dab8ebb3, command=[]} | ret=SUCCESS |  
2019-08-29 01:56:09,904 | INFO  | SCMAudit | user=jenkins1000 | ip=192.168.69.96 | op=SEND_HEARTBEAT {datanodeUUID=5c43803d-2cd6-4c13-9fd2-4fe218687bd5, command=[]} | ret=SUCCESS |  
2019-08-29 01:56:10,816 | INFO  | SCMAudit | user=jenkins1000 | ip=192.168.69.96 | op=SEND_HEARTBEAT {datanodeUUID=9fceaf92-49b0-4d05-b1c4-1c25dab8ebb3, command=[]} | ret=SUCCESS |  
2019-08-29 01:56:10,904 | INFO  | SCMAudit | user=jenkins1000 | ip=192.168.69.96 | op=SEND_HEARTBEAT {datanodeUUID=5c43803d-2cd6-4c13-9fd2-4fe218687bd5, command=[]} | ret=SUCCESS |  
2019-08-29 01:56:11,816 | INFO  | SCMAudit | user=jenkins1000 | ip=192.168.69.96 | op=SEND_HEARTBEAT {datanodeUUID=9fceaf92-49b0-4d05-b1c4-1c25dab8ebb3, command=[]} | ret=SUCCESS |  
2019-08-29 01:56:11,904 | INFO  | SCMAudit | user=jenkins1000 | ip=192.168.69.96 | op=SEND_HEARTBEAT {datanodeUUID=5c43803d-2cd6-4c13-9fd2-4fe218687bd5, command=[]} | ret=SUCCESS |  
2019-08-29 01:56:12,816 | INFO  | SCMAudit | user=jenkins1000 | ip=192.168.69.96 | op=SEND_HEARTBEAT {datanodeUUID=9fceaf92-49b0-4d05-b1c4-1c25dab8ebb3, command=[]} | ret=SUCCESS |  
2019-08-29 01:56:12,904 | INFO  | SCMAudit | user=jenkins1000 | ip=192.168.69.96 | op=SEND_HEARTBEAT {datanodeUUID=5c43803d-2cd6-4c13-9fd2-4fe218687bd5, command=[]} | ret=SUCCESS |  
2019-08-29 01:56:13,272 [java.util.concurrent.ThreadPoolExecutor$Worker@37a82556[State = -1, empty queue]] WARN  server.GrpcLogAppender (GrpcLogAppender.java:timeoutAppendRequest(200)) - GrpcLogAppender(5c43803d-2cd6-4c13-9fd2-4fe218687bd5->2cdad04f-ab4a-4a63-a522-b72e02e27bd7): appendEntries Timeout, request=5c43803d-2cd6-4c13-9fd2-4fe218687bd5->2cdad04f-ab4a-4a63-a522-b72e02e27bd7#2-t1, previous=(t:0, i:0), leaderCommit=0, initializing? false, entries: <empty>
2019-08-29 01:56:13,816 | INFO  | SCMAudit | user=jenkins1000 | ip=192.168.69.96 | op=SEND_HEARTBEAT {datanodeUUID=9fceaf92-49b0-4d05-b1c4-1c25dab8ebb3, command=[]} | ret=SUCCESS |  
2019-08-29 01:56:13,904 | INFO  | SCMAudit | user=jenkins1000 | ip=192.168.69.96 | op=SEND_HEARTBEAT {datanodeUUID=5c43803d-2cd6-4c13-9fd2-4fe218687bd5, command=[]} | ret=SUCCESS |  
2019-08-29 01:56:14,817 | INFO  | SCMAudit | user=jenkins1000 | ip=192.168.69.96 | op=SEND_HEARTBEAT {datanodeUUID=9fceaf92-49b0-4d05-b1c4-1c25dab8ebb3, command=[]} | ret=SUCCESS |  
2019-08-29 01:56:14,904 | INFO  | SCMAudit | user=jenkins1000 | ip=192.168.69.96 | op=SEND_HEARTBEAT {datanodeUUID=5c43803d-2cd6-4c13-9fd2-4fe218687bd5, command=[]} | ret=SUCCESS |  
2019-08-29 01:56:15,818 | INFO  | SCMAudit | user=jenkins1000 | ip=192.168.69.96 | op=SEND_HEARTBEAT {datanodeUUID=9fceaf92-49b0-4d05-b1c4-1c25dab8ebb3, command=[]} | ret=SUCCESS |  
2019-08-29 01:56:15,904 | INFO  | SCMAudit | user=jenkins1000 | ip=192.168.69.96 | op=SEND_HEARTBEAT {datanodeUUID=5c43803d-2cd6-4c13-9fd2-4fe218687bd5, command=[]} | ret=SUCCESS |  
2019-08-29 01:56:16,817 | INFO  | SCMAudit | user=jenkins1000 | ip=192.168.69.96 | op=SEND_HEARTBEAT {datanodeUUID=9fceaf92-49b0-4d05-b1c4-1c25dab8ebb3, command=[]} | ret=SUCCESS |  
2019-08-29 01:56:16,904 | INFO  | SCMAudit | user=jenkins1000 | ip=192.168.69.96 | op=SEND_HEARTBEAT {datanodeUUID=5c43803d-2cd6-4c13-9fd2-4fe218687bd5, command=[]} | ret=SUCCESS |  
2019-08-29 01:56:17,817 | INFO  | SCMAudit | user=jenkins1000 | ip=192.168.69.96 | op=SEND_HEARTBEAT {datanodeUUID=9fceaf92-49b0-4d05-b1c4-1c25dab8ebb3, command=[]} | ret=SUCCESS |  
2019-08-29 01:56:17,905 | INFO  | SCMAudit | user=jenkins1000 | ip=192.168.69.96 | op=SEND_HEARTBEAT {datanodeUUID=5c43803d-2cd6-4c13-9fd2-4fe218687bd5, command=[]} | ret=SUCCESS |  
2019-08-29 01:56:18,273 [java.util.concurrent.ThreadPoolExecutor$Worker@37a82556[State = -1, empty queue]] WARN  server.GrpcLogAppender (GrpcLogAppender.java:timeoutAppendRequest(200)) - GrpcLogAppender(5c43803d-2cd6-4c13-9fd2-4fe218687bd5->2cdad04f-ab4a-4a63-a522-b72e02e27bd7): appendEntries Timeout, request=5c43803d-2cd6-4c13-9fd2-4fe218687bd5->2cdad04f-ab4a-4a63-a522-b72e02e27bd7#3-t1, previous=(t:0, i:0), leaderCommit=0, initializing? false, entries: <empty>
2019-08-29 01:56:18,817 | INFO  | SCMAudit | user=jenkins1000 | ip=192.168.69.96 | op=SEND_HEARTBEAT {datanodeUUID=9fceaf92-49b0-4d05-b1c4-1c25dab8ebb3, command=[]} | ret=SUCCESS |  
2019-08-29 01:56:18,905 | INFO  | SCMAudit | user=jenkins1000 | ip=192.168.69.96 | op=SEND_HEARTBEAT {datanodeUUID=5c43803d-2cd6-4c13-9fd2-4fe218687bd5, command=[]} | ret=SUCCESS |  
2019-08-29 01:56:19,817 | INFO  | SCMAudit | user=jenkins1000 | ip=192.168.69.96 | op=SEND_HEARTBEAT {datanodeUUID=9fceaf92-49b0-4d05-b1c4-1c25dab8ebb3, command=[]} | ret=SUCCESS |  
2019-08-29 01:56:19,905 | INFO  | SCMAudit | user=jenkins1000 | ip=192.168.69.96 | op=SEND_HEARTBEAT {datanodeUUID=5c43803d-2cd6-4c13-9fd2-4fe218687bd5, command=[]} | ret=SUCCESS |  
2019-08-29 01:56:20,817 | INFO  | SCMAudit | user=jenkins1000 | ip=192.168.69.96 | op=SEND_HEARTBEAT {datanodeUUID=9fceaf92-49b0-4d05-b1c4-1c25dab8ebb3, command=[]} | ret=SUCCESS |  
2019-08-29 01:56:20,905 | INFO  | SCMAudit | user=jenkins1000 | ip=192.168.69.96 | op=SEND_HEARTBEAT {datanodeUUID=5c43803d-2cd6-4c13-9fd2-4fe218687bd5, command=[]} | ret=SUCCESS |  
2019-08-29 01:56:21,818 | INFO  | SCMAudit | user=jenkins1000 | ip=192.168.69.96 | op=SEND_HEARTBEAT {datanodeUUID=9fceaf92-49b0-4d05-b1c4-1c25dab8ebb3, command=[]} | ret=SUCCESS |  
2019-08-29 01:56:21,905 | INFO  | SCMAudit | user=jenkins1000 | ip=192.168.69.96 | op=SEND_HEARTBEAT {datanodeUUID=5c43803d-2cd6-4c13-9fd2-4fe218687bd5, command=[]} | ret=SUCCESS |  
2019-08-29 01:56:22,819 | INFO  | SCMAudit | user=jenkins1000 | ip=192.168.69.96 | op=SEND_HEARTBEAT {datanodeUUID=9fceaf92-49b0-4d05-b1c4-1c25dab8ebb3, command=[]} | ret=SUCCESS |  
2019-08-29 01:56:22,905 | INFO  | SCMAudit | user=jenkins1000 | ip=192.168.69.96 | op=SEND_HEARTBEAT {datanodeUUID=5c43803d-2cd6-4c13-9fd2-4fe218687bd5, command=[]} | ret=SUCCESS |  
2019-08-29 01:56:23,274 [java.util.concurrent.ThreadPoolExecutor$Worker@37a82556[State = -1, empty queue]] WARN  server.GrpcLogAppender (GrpcLogAppender.java:timeoutAppendRequest(200)) - GrpcLogAppender(5c43803d-2cd6-4c13-9fd2-4fe218687bd5->2cdad04f-ab4a-4a63-a522-b72e02e27bd7): appendEntries Timeout, request=5c43803d-2cd6-4c13-9fd2-4fe218687bd5->2cdad04f-ab4a-4a63-a522-b72e02e27bd7#4-t1, previous=(t:0, i:0), leaderCommit=0, initializing? false, entries: <empty>
2019-08-29 01:56:23,818 | INFO  | SCMAudit | user=jenkins1000 | ip=192.168.69.96 | op=SEND_HEARTBEAT {datanodeUUID=9fceaf92-49b0-4d05-b1c4-1c25dab8ebb3, command=[]} | ret=SUCCESS |  
2019-08-29 01:56:23,905 | INFO  | SCMAudit | user=jenkins1000 | ip=192.168.69.96 | op=SEND_HEARTBEAT {datanodeUUID=5c43803d-2cd6-4c13-9fd2-4fe218687bd5, command=[]} | ret=SUCCESS |  
2019-08-29 01:56:24,818 | INFO  | SCMAudit | user=jenkins1000 | ip=192.168.69.96 | op=SEND_HEARTBEAT {datanodeUUID=9fceaf92-49b0-4d05-b1c4-1c25dab8ebb3, command=[]} | ret=SUCCESS |  
2019-08-29 01:56:24,905 | INFO  | SCMAudit | user=jenkins1000 | ip=192.168.69.96 | op=SEND_HEARTBEAT {datanodeUUID=5c43803d-2cd6-4c13-9fd2-4fe218687bd5, command=[]} | ret=SUCCESS |  
2019-08-29 01:56:25,818 | INFO  | SCMAudit | user=jenkins1000 | ip=192.168.69.96 | op=SEND_HEARTBEAT {datanodeUUID=9fceaf92-49b0-4d05-b1c4-1c25dab8ebb3, command=[]} | ret=SUCCESS |  
2019-08-29 01:56:25,905 | INFO  | SCMAudit | user=jenkins1000 | ip=192.168.69.96 | op=SEND_HEARTBEAT {datanodeUUID=5c43803d-2cd6-4c13-9fd2-4fe218687bd5, command=[]} | ret=SUCCESS |  
2019-08-29 01:56:26,819 | INFO  | SCMAudit | user=jenkins1000 | ip=192.168.69.96 | op=SEND_HEARTBEAT {datanodeUUID=9fceaf92-49b0-4d05-b1c4-1c25dab8ebb3, command=[]} | ret=SUCCESS |  
2019-08-29 01:56:26,905 | INFO  | SCMAudit | user=jenkins1000 | ip=192.168.69.96 | op=SEND_HEARTBEAT {datanodeUUID=5c43803d-2cd6-4c13-9fd2-4fe218687bd5, command=[]} | ret=SUCCESS |  
2019-08-29 01:56:27,819 | INFO  | SCMAudit | user=jenkins1000 | ip=192.168.69.96 | op=SEND_HEARTBEAT {datanodeUUID=9fceaf92-49b0-4d05-b1c4-1c25dab8ebb3, command=[]} | ret=SUCCESS |  
2019-08-29 01:56:27,905 | INFO  | SCMAudit | user=jenkins1000 | ip=192.168.69.96 | op=SEND_HEARTBEAT {datanodeUUID=5c43803d-2cd6-4c13-9fd2-4fe218687bd5, command=[]} | ret=SUCCESS |  
2019-08-29 01:56:28,275 [java.util.concurrent.ThreadPoolExecutor$Worker@37a82556[State = -1, empty queue]] WARN  server.GrpcLogAppender (GrpcLogAppender.java:timeoutAppendRequest(200)) - GrpcLogAppender(5c43803d-2cd6-4c13-9fd2-4fe218687bd5->2cdad04f-ab4a-4a63-a522-b72e02e27bd7): appendEntries Timeout, request=5c43803d-2cd6-4c13-9fd2-4fe218687bd5->2cdad04f-ab4a-4a63-a522-b72e02e27bd7#5-t1, previous=(t:0, i:0), leaderCommit=0, initializing? false, entries: <empty>
2019-08-29 01:56:28,818 | INFO  | SCMAudit | user=jenkins1000 | ip=192.168.69.96 | op=SEND_HEARTBEAT {datanodeUUID=9fceaf92-49b0-4d05-b1c4-1c25dab8ebb3, command=[]} | ret=SUCCESS |  
2019-08-29 01:56:28,905 | INFO  | SCMAudit | user=jenkins1000 | ip=192.168.69.96 | op=SEND_HEARTBEAT {datanodeUUID=5c43803d-2cd6-4c13-9fd2-4fe218687bd5, command=[]} | ret=SUCCESS |  
2019-08-29 01:56:29,818 | INFO  | SCMAudit | user=jenkins1000 | ip=192.168.69.96 | op=SEND_HEARTBEAT {datanodeUUID=9fceaf92-49b0-4d05-b1c4-1c25dab8ebb3, command=[]} | ret=SUCCESS |  
2019-08-29 01:56:29,904 | INFO  | SCMAudit | user=jenkins1000 | ip=192.168.69.96 | op=SEND_HEARTBEAT {datanodeUUID=5c43803d-2cd6-4c13-9fd2-4fe218687bd5, command=[]} | ret=SUCCESS |  
2019-08-29 01:56:30,818 | INFO  | SCMAudit | user=jenkins1000 | ip=192.168.69.96 | op=SEND_HEARTBEAT {datanodeUUID=9fceaf92-49b0-4d05-b1c4-1c25dab8ebb3, command=[]} | ret=SUCCESS |  
2019-08-29 01:56:30,905 | INFO  | SCMAudit | user=jenkins1000 | ip=192.168.69.96 | op=SEND_HEARTBEAT {datanodeUUID=5c43803d-2cd6-4c13-9fd2-4fe218687bd5, command=[]} | ret=SUCCESS |  
2019-08-29 01:56:31,818 | INFO  | SCMAudit | user=jenkins1000 | ip=192.168.69.96 | op=SEND_HEARTBEAT {datanodeUUID=9fceaf92-49b0-4d05-b1c4-1c25dab8ebb3, command=[]} | ret=SUCCESS |  
2019-08-29 01:56:31,905 | INFO  | SCMAudit | user=jenkins1000 | ip=192.168.69.96 | op=SEND_HEARTBEAT {datanodeUUID=5c43803d-2cd6-4c13-9fd2-4fe218687bd5, command=[]} | ret=SUCCESS |  
2019-08-29 01:56:32,819 | INFO  | SCMAudit | user=jenkins1000 | ip=192.168.69.96 | op=SEND_HEARTBEAT {datanodeUUID=9fceaf92-49b0-4d05-b1c4-1c25dab8ebb3, command=[]} | ret=SUCCESS |  
2019-08-29 01:56:32,905 | INFO  | SCMAudit | user=jenkins1000 | ip=192.168.69.96 | op=SEND_HEARTBEAT {datanodeUUID=5c43803d-2cd6-4c13-9fd2-4fe218687bd5, command=[]} | ret=SUCCESS |  
2019-08-29 01:56:33,277 [java.util.concurrent.ThreadPoolExecutor$Worker@37a82556[State = -1, empty queue]] WARN  server.GrpcLogAppender (GrpcLogAppender.java:timeoutAppendRequest(200)) - GrpcLogAppender(5c43803d-2cd6-4c13-9fd2-4fe218687bd5->2cdad04f-ab4a-4a63-a522-b72e02e27bd7): appendEntries Timeout, request=5c43803d-2cd6-4c13-9fd2-4fe218687bd5->2cdad04f-ab4a-4a63-a522-b72e02e27bd7#6-t1, previous=(t:0, i:0), leaderCommit=0, initializing? false, entries: <empty>
2019-08-29 01:56:33,820 | INFO  | SCMAudit | user=jenkins1000 | ip=192.168.69.96 | op=SEND_HEARTBEAT {datanodeUUID=9fceaf92-49b0-4d05-b1c4-1c25dab8ebb3, command=[]} | ret=SUCCESS |  
2019-08-29 01:56:33,904 | INFO  | SCMAudit | user=jenkins1000 | ip=192.168.69.96 | op=SEND_HEARTBEAT {datanodeUUID=5c43803d-2cd6-4c13-9fd2-4fe218687bd5, command=[]} | ret=SUCCESS |  
2019-08-29 01:56:34,820 | INFO  | SCMAudit | user=jenkins1000 | ip=192.168.69.96 | op=SEND_HEARTBEAT {datanodeUUID=9fceaf92-49b0-4d05-b1c4-1c25dab8ebb3, command=[]} | ret=SUCCESS |  
2019-08-29 01:56:34,904 | INFO  | SCMAudit | user=jenkins1000 | ip=192.168.69.96 | op=SEND_HEARTBEAT {datanodeUUID=5c43803d-2cd6-4c13-9fd2-4fe218687bd5, command=[]} | ret=SUCCESS |  
2019-08-29 01:56:35,820 | INFO  | SCMAudit | user=jenkins1000 | ip=192.168.69.96 | op=SEND_HEARTBEAT {datanodeUUID=9fceaf92-49b0-4d05-b1c4-1c25dab8ebb3, command=[]} | ret=SUCCESS |  
2019-08-29 01:56:35,905 | INFO  | SCMAudit | user=jenkins1000 | ip=192.168.69.96 | op=SEND_HEARTBEAT {datanodeUUID=5c43803d-2cd6-4c13-9fd2-4fe218687bd5, command=[]} | ret=SUCCESS |  
2019-08-29 01:56:36,821 | INFO  | SCMAudit | user=jenkins1000 | ip=192.168.69.96 | op=SEND_HEARTBEAT {datanodeUUID=9fceaf92-49b0-4d05-b1c4-1c25dab8ebb3, command=[]} | ret=SUCCESS |  
2019-08-29 01:56:36,906 | INFO  | SCMAudit | user=jenkins1000 | ip=192.168.69.96 | op=SEND_HEARTBEAT {datanodeUUID=5c43803d-2cd6-4c13-9fd2-4fe218687bd5, command=[]} | ret=SUCCESS |  
2019-08-29 01:56:37,822 | INFO  | SCMAudit | user=jenkins1000 | ip=192.168.69.96 | op=SEND_HEARTBEAT {datanodeUUID=9fceaf92-49b0-4d05-b1c4-1c25dab8ebb3, command=[]} | ret=SUCCESS |  
2019-08-29 01:56:37,906 | INFO  | SCMAudit | user=jenkins1000 | ip=192.168.69.96 | op=SEND_HEARTBEAT {datanodeUUID=5c43803d-2cd6-4c13-9fd2-4fe218687bd5, command=[]} | ret=SUCCESS |  
2019-08-29 01:56:38,278 [java.util.concurrent.ThreadPoolExecutor$Worker@37a82556[State = -1, empty queue]] WARN  server.GrpcLogAppender (GrpcLogAppender.java:timeoutAppendRequest(200)) - GrpcLogAppender(5c43803d-2cd6-4c13-9fd2-4fe218687bd5->2cdad04f-ab4a-4a63-a522-b72e02e27bd7): appendEntries Timeout, request=5c43803d-2cd6-4c13-9fd2-4fe218687bd5->2cdad04f-ab4a-4a63-a522-b72e02e27bd7#7-t1, previous=(t:0, i:0), leaderCommit=0, initializing? false, entries: <empty>
2019-08-29 01:56:38,822 | INFO  | SCMAudit | user=jenkins1000 | ip=192.168.69.96 | op=SEND_HEARTBEAT {datanodeUUID=9fceaf92-49b0-4d05-b1c4-1c25dab8ebb3, command=[]} | ret=SUCCESS |  
2019-08-29 01:56:38,906 | INFO  | SCMAudit | user=jenkins1000 | ip=192.168.69.96 | op=SEND_HEARTBEAT {datanodeUUID=5c43803d-2cd6-4c13-9fd2-4fe218687bd5, command=[]} | ret=SUCCESS |  
2019-08-29 01:56:39,822 | INFO  | SCMAudit | user=jenkins1000 | ip=192.168.69.96 | op=SEND_HEARTBEAT {datanodeUUID=9fceaf92-49b0-4d05-b1c4-1c25dab8ebb3, command=[]} | ret=SUCCESS |  
2019-08-29 01:56:39,906 | INFO  | SCMAudit | user=jenkins1000 | ip=192.168.69.96 | op=SEND_HEARTBEAT {datanodeUUID=5c43803d-2cd6-4c13-9fd2-4fe218687bd5, command=[]} | ret=SUCCESS |  
2019-08-29 01:56:40,822 | INFO  | SCMAudit | user=jenkins1000 | ip=192.168.69.96 | op=SEND_HEARTBEAT {datanodeUUID=9fceaf92-49b0-4d05-b1c4-1c25dab8ebb3, command=[]} | ret=SUCCESS |  
2019-08-29 01:56:40,906 | INFO  | SCMAudit | user=jenkins1000 | ip=192.168.69.96 | op=SEND_HEARTBEAT {datanodeUUID=5c43803d-2cd6-4c13-9fd2-4fe218687bd5, command=[]} | ret=SUCCESS |  
2019-08-29 01:56:41,822 | INFO  | SCMAudit | user=jenkins1000 | ip=192.168.69.96 | op=SEND_HEARTBEAT {datanodeUUID=9fceaf92-49b0-4d05-b1c4-1c25dab8ebb3, command=[]} | ret=SUCCESS |  
2019-08-29 01:56:41,907 | INFO  | SCMAudit | user=jenkins1000 | ip=192.168.69.96 | op=SEND_HEARTBEAT {datanodeUUID=5c43803d-2cd6-4c13-9fd2-4fe218687bd5, command=[]} | ret=SUCCESS |  
2019-08-29 01:56:42,822 | INFO  | SCMAudit | user=jenkins1000 | ip=192.168.69.96 | op=SEND_HEARTBEAT {datanodeUUID=9fceaf92-49b0-4d05-b1c4-1c25dab8ebb3, command=[]} | ret=SUCCESS |  
2019-08-29 01:56:42,908 | INFO  | SCMAudit | user=jenkins1000 | ip=192.168.69.96 | op=SEND_HEARTBEAT {datanodeUUID=5c43803d-2cd6-4c13-9fd2-4fe218687bd5, command=[]} | ret=SUCCESS |  
2019-08-29 01:56:43,280 [java.util.concurrent.ThreadPoolExecutor$Worker@37a82556[State = -1, empty queue]] WARN  server.GrpcLogAppender (GrpcLogAppender.java:timeoutAppendRequest(200)) - GrpcLogAppender(5c43803d-2cd6-4c13-9fd2-4fe218687bd5->2cdad04f-ab4a-4a63-a522-b72e02e27bd7): appendEntries Timeout, request=5c43803d-2cd6-4c13-9fd2-4fe218687bd5->2cdad04f-ab4a-4a63-a522-b72e02e27bd7#8-t1, previous=(t:0, i:0), leaderCommit=0, initializing? false, entries: <empty>
2019-08-29 01:56:43,822 | INFO  | SCMAudit | user=jenkins1000 | ip=192.168.69.96 | op=SEND_HEARTBEAT {datanodeUUID=9fceaf92-49b0-4d05-b1c4-1c25dab8ebb3, command=[]} | ret=SUCCESS |  
2019-08-29 01:56:43,908 | INFO  | SCMAudit | user=jenkins1000 | ip=192.168.69.96 | op=SEND_HEARTBEAT {datanodeUUID=5c43803d-2cd6-4c13-9fd2-4fe218687bd5, command=[]} | ret=SUCCESS |  
2019-08-29 01:56:44,823 | INFO  | SCMAudit | user=jenkins1000 | ip=192.168.69.96 | op=SEND_HEARTBEAT {datanodeUUID=9fceaf92-49b0-4d05-b1c4-1c25dab8ebb3, command=[]} | ret=SUCCESS |  
2019-08-29 01:56:44,908 | INFO  | SCMAudit | user=jenkins1000 | ip=192.168.69.96 | op=SEND_HEARTBEAT {datanodeUUID=5c43803d-2cd6-4c13-9fd2-4fe218687bd5, command=[]} | ret=SUCCESS |  
2019-08-29 01:56:45,822 | INFO  | SCMAudit | user=jenkins1000 | ip=192.168.69.96 | op=SEND_HEARTBEAT {datanodeUUID=9fceaf92-49b0-4d05-b1c4-1c25dab8ebb3, command=[]} | ret=SUCCESS |  
2019-08-29 01:56:45,907 | INFO  | SCMAudit | user=jenkins1000 | ip=192.168.69.96 | op=SEND_HEARTBEAT {datanodeUUID=5c43803d-2cd6-4c13-9fd2-4fe218687bd5, command=[]} | ret=SUCCESS |  
2019-08-29 01:56:46,823 | INFO  | SCMAudit | user=jenkins1000 | ip=192.168.69.96 | op=SEND_HEARTBEAT {datanodeUUID=9fceaf92-49b0-4d05-b1c4-1c25dab8ebb3, command=[]} | ret=SUCCESS |  
2019-08-29 01:56:46,907 | INFO  | SCMAudit | user=jenkins1000 | ip=192.168.69.96 | op=SEND_HEARTBEAT {datanodeUUID=5c43803d-2cd6-4c13-9fd2-4fe218687bd5, command=[]} | ret=SUCCESS |  
2019-08-29 01:56:47,824 | INFO  | SCMAudit | user=jenkins1000 | ip=192.168.69.96 | op=SEND_HEARTBEAT {datanodeUUID=9fceaf92-49b0-4d05-b1c4-1c25dab8ebb3, command=[]} | ret=SUCCESS |  
2019-08-29 01:56:47,907 | INFO  | SCMAudit | user=jenkins1000 | ip=192.168.69.96 | op=SEND_HEARTBEAT {datanodeUUID=5c43803d-2cd6-4c13-9fd2-4fe218687bd5, command=[]} | ret=SUCCESS |  
2019-08-29 01:56:48,281 [java.util.concurrent.ThreadPoolExecutor$Worker@37a82556[State = -1, empty queue]] WARN  server.GrpcLogAppender (GrpcLogAppender.java:timeoutAppendRequest(200)) - GrpcLogAppender(5c43803d-2cd6-4c13-9fd2-4fe218687bd5->2cdad04f-ab4a-4a63-a522-b72e02e27bd7): appendEntries Timeout, request=5c43803d-2cd6-4c13-9fd2-4fe218687bd5->2cdad04f-ab4a-4a63-a522-b72e02e27bd7#9-t1, previous=(t:0, i:0), leaderCommit=0, initializing? false, entries: <empty>
2019-08-29 01:56:48,823 | INFO  | SCMAudit | user=jenkins1000 | ip=192.168.69.96 | op=SEND_HEARTBEAT {datanodeUUID=9fceaf92-49b0-4d05-b1c4-1c25dab8ebb3, command=[]} | ret=SUCCESS |  
2019-08-29 01:56:48,908 | INFO  | SCMAudit | user=jenkins1000 | ip=192.168.69.96 | op=SEND_HEARTBEAT {datanodeUUID=5c43803d-2cd6-4c13-9fd2-4fe218687bd5, command=[]} | ret=SUCCESS |  
2019-08-29 01:56:49,825 | INFO  | SCMAudit | user=jenkins1000 | ip=192.168.69.96 | op=SEND_HEARTBEAT {datanodeUUID=9fceaf92-49b0-4d05-b1c4-1c25dab8ebb3, command=[]} | ret=SUCCESS |  
2019-08-29 01:56:49,908 | INFO  | SCMAudit | user=jenkins1000 | ip=192.168.69.96 | op=SEND_HEARTBEAT {datanodeUUID=5c43803d-2cd6-4c13-9fd2-4fe218687bd5, command=[]} | ret=SUCCESS |  
2019-08-29 01:56:50,845 | INFO  | SCMAudit | user=jenkins1000 | ip=192.168.69.96 | op=SEND_HEARTBEAT {datanodeUUID=9fceaf92-49b0-4d05-b1c4-1c25dab8ebb3, command=[]} | ret=SUCCESS |  
2019-08-29 01:56:50,908 | INFO  | SCMAudit | user=jenkins1000 | ip=192.168.69.96 | op=SEND_HEARTBEAT {datanodeUUID=5c43803d-2cd6-4c13-9fd2-4fe218687bd5, command=[]} | ret=SUCCESS |  
2019-08-29 01:56:51,823 | INFO  | SCMAudit | user=jenkins1000 | ip=192.168.69.96 | op=SEND_HEARTBEAT {datanodeUUID=9fceaf92-49b0-4d05-b1c4-1c25dab8ebb3, command=[]} | ret=SUCCESS |  
2019-08-29 01:56:51,908 | INFO  | SCMAudit | user=jenkins1000 | ip=192.168.69.96 | op=SEND_HEARTBEAT {datanodeUUID=5c43803d-2cd6-4c13-9fd2-4fe218687bd5, command=[]} | ret=SUCCESS |  
2019-08-29 01:56:52,823 | INFO  | SCMAudit | user=jenkins1000 | ip=192.168.69.96 | op=SEND_HEARTBEAT {datanodeUUID=9fceaf92-49b0-4d05-b1c4-1c25dab8ebb3, command=[]} | ret=SUCCESS |  
2019-08-29 01:56:52,908 | INFO  | SCMAudit | user=jenkins1000 | ip=192.168.69.96 | op=SEND_HEARTBEAT {datanodeUUID=5c43803d-2cd6-4c13-9fd2-4fe218687bd5, command=[]} | ret=SUCCESS |  
2019-08-29 01:56:53,283 [java.util.concurrent.ThreadPoolExecutor$Worker@37a82556[State = -1, empty queue]] WARN  server.GrpcLogAppender (GrpcLogAppender.java:timeoutAppendRequest(200)) - GrpcLogAppender(5c43803d-2cd6-4c13-9fd2-4fe218687bd5->2cdad04f-ab4a-4a63-a522-b72e02e27bd7): appendEntries Timeout, request=5c43803d-2cd6-4c13-9fd2-4fe218687bd5->2cdad04f-ab4a-4a63-a522-b72e02e27bd7#10-t1, previous=(t:0, i:0), leaderCommit=0, initializing? false, entries: <empty>
2019-08-29 01:56:53,824 | INFO  | SCMAudit | user=jenkins1000 | ip=192.168.69.96 | op=SEND_HEARTBEAT {datanodeUUID=9fceaf92-49b0-4d05-b1c4-1c25dab8ebb3, command=[]} | ret=SUCCESS |  
2019-08-29 01:56:53,907 | INFO  | SCMAudit | user=jenkins1000 | ip=192.168.69.96 | op=SEND_HEARTBEAT {datanodeUUID=5c43803d-2cd6-4c13-9fd2-4fe218687bd5, command=[]} | ret=SUCCESS |  
2019-08-29 01:56:54,824 | INFO  | SCMAudit | user=jenkins1000 | ip=192.168.69.96 | op=SEND_HEARTBEAT {datanodeUUID=9fceaf92-49b0-4d05-b1c4-1c25dab8ebb3, command=[]} | ret=SUCCESS |  
2019-08-29 01:56:54,907 | INFO  | SCMAudit | user=jenkins1000 | ip=192.168.69.96 | op=SEND_HEARTBEAT {datanodeUUID=5c43803d-2cd6-4c13-9fd2-4fe218687bd5, command=[]} | ret=SUCCESS |  
2019-08-29 01:56:55,824 | INFO  | SCMAudit | user=jenkins1000 | ip=192.168.69.96 | op=SEND_HEARTBEAT {datanodeUUID=9fceaf92-49b0-4d05-b1c4-1c25dab8ebb3, command=[]} | ret=SUCCESS |  
2019-08-29 01:56:55,908 | INFO  | SCMAudit | user=jenkins1000 | ip=192.168.69.96 | op=SEND_HEARTBEAT {datanodeUUID=5c43803d-2cd6-4c13-9fd2-4fe218687bd5, command=[]} | ret=SUCCESS |  
2019-08-29 01:56:56,824 | INFO  | SCMAudit | user=jenkins1000 | ip=192.168.69.96 | op=SEND_HEARTBEAT {datanodeUUID=9fceaf92-49b0-4d05-b1c4-1c25dab8ebb3, command=[]} | ret=SUCCESS |  
2019-08-29 01:56:56,907 | INFO  | SCMAudit | user=jenkins1000 | ip=192.168.69.96 | op=SEND_HEARTBEAT {datanodeUUID=5c43803d-2cd6-4c13-9fd2-4fe218687bd5, command=[]} | ret=SUCCESS |  
2019-08-29 01:56:57,824 | INFO  | SCMAudit | user=jenkins1000 | ip=192.168.69.96 | op=SEND_HEARTBEAT {datanodeUUID=9fceaf92-49b0-4d05-b1c4-1c25dab8ebb3, command=[]} | ret=SUCCESS |  
2019-08-29 01:56:57,907 | INFO  | SCMAudit | user=jenkins1000 | ip=192.168.69.96 | op=SEND_HEARTBEAT {datanodeUUID=5c43803d-2cd6-4c13-9fd2-4fe218687bd5, command=[]} | ret=SUCCESS |  
2019-08-29 01:56:58,284 [java.util.concurrent.ThreadPoolExecutor$Worker@37a82556[State = -1, empty queue]] WARN  server.GrpcLogAppender (GrpcLogAppender.java:timeoutAppendRequest(200)) - GrpcLogAppender(5c43803d-2cd6-4c13-9fd2-4fe218687bd5->2cdad04f-ab4a-4a63-a522-b72e02e27bd7): appendEntries Timeout, request=5c43803d-2cd6-4c13-9fd2-4fe218687bd5->2cdad04f-ab4a-4a63-a522-b72e02e27bd7#11-t1, previous=(t:0, i:0), leaderCommit=0, initializing? false, entries: <empty>
2019-08-29 01:56:58,824 | INFO  | SCMAudit | user=jenkins1000 | ip=192.168.69.96 | op=SEND_HEARTBEAT {datanodeUUID=9fceaf92-49b0-4d05-b1c4-1c25dab8ebb3, command=[]} | ret=SUCCESS |  
2019-08-29 01:56:58,907 | INFO  | SCMAudit | user=jenkins1000 | ip=192.168.69.96 | op=SEND_HEARTBEAT {datanodeUUID=5c43803d-2cd6-4c13-9fd2-4fe218687bd5, command=[]} | ret=SUCCESS |  
2019-08-29 01:56:59,825 | INFO  | SCMAudit | user=jenkins1000 | ip=192.168.69.96 | op=SEND_HEARTBEAT {datanodeUUID=9fceaf92-49b0-4d05-b1c4-1c25dab8ebb3, command=[]} | ret=SUCCESS |  
2019-08-29 01:56:59,907 | INFO  | SCMAudit | user=jenkins1000 | ip=192.168.69.96 | op=SEND_HEARTBEAT {datanodeUUID=5c43803d-2cd6-4c13-9fd2-4fe218687bd5, command=[]} | ret=SUCCESS |  
2019-08-29 01:57:00,825 | INFO  | SCMAudit | user=jenkins1000 | ip=192.168.69.96 | op=SEND_HEARTBEAT {datanodeUUID=9fceaf92-49b0-4d05-b1c4-1c25dab8ebb3, command=[]} | ret=SUCCESS |  
2019-08-29 01:57:00,908 | INFO  | SCMAudit | user=jenkins1000 | ip=192.168.69.96 | op=SEND_HEARTBEAT {datanodeUUID=5c43803d-2cd6-4c13-9fd2-4fe218687bd5, command=[]} | ret=SUCCESS |  
2019-08-29 01:57:01,825 | INFO  | SCMAudit | user=jenkins1000 | ip=192.168.69.96 | op=SEND_HEARTBEAT {datanodeUUID=9fceaf92-49b0-4d05-b1c4-1c25dab8ebb3, command=[]} | ret=SUCCESS |  
2019-08-29 01:57:01,908 | INFO  | SCMAudit | user=jenkins1000 | ip=192.168.69.96 | op=SEND_HEARTBEAT {datanodeUUID=5c43803d-2cd6-4c13-9fd2-4fe218687bd5, command=[]} | ret=SUCCESS |  
2019-08-29 01:57:02,826 | INFO  | SCMAudit | user=jenkins1000 | ip=192.168.69.96 | op=SEND_HEARTBEAT {datanodeUUID=9fceaf92-49b0-4d05-b1c4-1c25dab8ebb3, command=[]} | ret=SUCCESS |  
2019-08-29 01:57:02,908 | INFO  | SCMAudit | user=jenkins1000 | ip=192.168.69.96 | op=SEND_HEARTBEAT {datanodeUUID=5c43803d-2cd6-4c13-9fd2-4fe218687bd5, command=[]} | ret=SUCCESS |  
2019-08-29 01:57:03,285 [java.util.concurrent.ThreadPoolExecutor$Worker@37a82556[State = -1, empty queue]] WARN  server.GrpcLogAppender (GrpcLogAppender.java:timeoutAppendRequest(200)) - GrpcLogAppender(5c43803d-2cd6-4c13-9fd2-4fe218687bd5->2cdad04f-ab4a-4a63-a522-b72e02e27bd7): appendEntries Timeout, request=5c43803d-2cd6-4c13-9fd2-4fe218687bd5->2cdad04f-ab4a-4a63-a522-b72e02e27bd7#12-t1, previous=(t:0, i:0), leaderCommit=0, initializing? false, entries: <empty>
2019-08-29 01:57:03,826 | INFO  | SCMAudit | user=jenkins1000 | ip=192.168.69.96 | op=SEND_HEARTBEAT {datanodeUUID=9fceaf92-49b0-4d05-b1c4-1c25dab8ebb3, command=[]} | ret=SUCCESS |  
2019-08-29 01:57:03,909 | INFO  | SCMAudit | user=jenkins1000 | ip=192.168.69.96 | op=SEND_HEARTBEAT {datanodeUUID=5c43803d-2cd6-4c13-9fd2-4fe218687bd5, command=[]} | ret=SUCCESS |  
2019-08-29 01:57:04,826 | INFO  | SCMAudit | user=jenkins1000 | ip=192.168.69.96 | op=SEND_HEARTBEAT {datanodeUUID=9fceaf92-49b0-4d05-b1c4-1c25dab8ebb3, command=[]} | ret=SUCCESS |  
2019-08-29 01:57:04,909 | INFO  | SCMAudit | user=jenkins1000 | ip=192.168.69.96 | op=SEND_HEARTBEAT {datanodeUUID=5c43803d-2cd6-4c13-9fd2-4fe218687bd5, command=[]} | ret=SUCCESS |  
2019-08-29 01:57:05,826 | INFO  | SCMAudit | user=jenkins1000 | ip=192.168.69.96 | op=SEND_HEARTBEAT {datanodeUUID=9fceaf92-49b0-4d05-b1c4-1c25dab8ebb3, command=[]} | ret=SUCCESS |  
2019-08-29 01:57:05,909 | INFO  | SCMAudit | user=jenkins1000 | ip=192.168.69.96 | op=SEND_HEARTBEAT {datanodeUUID=5c43803d-2cd6-4c13-9fd2-4fe218687bd5, command=[]} | ret=SUCCESS |  
2019-08-29 01:57:06,590 [RatisPipelineUtilsThread] WARN  pipeline.RatisPipelineUtils (RatisPipelineUtils.java:destroyPipeline(66)) - Pipeline destroy failed for pipeline=PipelineID=1ec6acfb-dd36-4527-8007-7cb8a4ddc70b dn=2cdad04f-ab4a-4a63-a522-b72e02e27bd7{ip: 192.168.69.96, host: pr-hdds-2050-x2mk7-2257017151, networkLocation: /default-rack, certSerialId: null}
2019-08-29 01:57:06,590 [RatisPipelineUtilsThread] INFO  pipeline.PipelineStateManager (PipelineStateManager.java:removePipeline(108)) - Pipeline Pipeline[ Id: 1ec6acfb-dd36-4527-8007-7cb8a4ddc70b, Nodes: 2cdad04f-ab4a-4a63-a522-b72e02e27bd7{ip: 192.168.69.96, host: pr-hdds-2050-x2mk7-2257017151, networkLocation: /default-rack, certSerialId: null}, Type:RATIS, Factor:ONE, State:CLOSED] removed from db
2019-08-29 01:57:06,600 [grpc-default-executor-1] INFO  impl.RaftServerProxy (RaftServerProxy.java:remove(95)) - 9fceaf92-49b0-4d05-b1c4-1c25dab8ebb3: remove FOLLOWER group-383A8F382357 9fceaf92-49b0-4d05-b1c4-1c25dab8ebb3:t1, leader=5c43803d-2cd6-4c13-9fd2-4fe218687bd5, voted=5c43803d-2cd6-4c13-9fd2-4fe218687bd5, raftlog=9fceaf92-49b0-4d05-b1c4-1c25dab8ebb3-SegmentedRaftLog:OPENED:c0,f0,i0, conf=0: [2cdad04f-ab4a-4a63-a522-b72e02e27bd7:192.168.69.96:44050, 5c43803d-2cd6-4c13-9fd2-4fe218687bd5:192.168.69.96:41795, 9fceaf92-49b0-4d05-b1c4-1c25dab8ebb3:192.168.69.96:40992], old=null RUNNING
2019-08-29 01:57:06,601 [grpc-default-executor-1] INFO  impl.RaftServerImpl (RaftServerImpl.java:lambda$shutdown$3(245)) - 9fceaf92-49b0-4d05-b1c4-1c25dab8ebb3: shutdown group-383A8F382357
2019-08-29 01:57:06,602 [grpc-default-executor-1] INFO  util.JmxRegister (JmxRegister.java:unregister(73)) - Successfully un-registered JMX Bean with object name Ratis:service=RaftServer,group=group-383A8F382357,id=9fceaf92-49b0-4d05-b1c4-1c25dab8ebb3
2019-08-29 01:57:06,602 [grpc-default-executor-1] INFO  impl.RoleInfo (RoleInfo.java:shutdownFollowerState(121)) - 9fceaf92-49b0-4d05-b1c4-1c25dab8ebb3: shutdown FollowerState
2019-08-29 01:57:06,602 [grpc-default-executor-1] INFO  impl.StateMachineUpdater (StateMachineUpdater.java:stopAndJoin(115)) - StateMachineUpdater:9fceaf92-49b0-4d05-b1c4-1c25dab8ebb3:group-383A8F382357: set stopIndex = 0
2019-08-29 01:57:06,602 [Thread-526] INFO  impl.FollowerState (FollowerState.java:run(114)) - 9fceaf92-49b0-4d05-b1c4-1c25dab8ebb3: FollowerState was interrupted: java.lang.InterruptedException: sleep interrupted
2019-08-29 01:57:06,605 [grpc-default-executor-1] INFO  impl.RaftServerImpl (ServerState.java:close(394)) - 9fceaf92-49b0-4d05-b1c4-1c25dab8ebb3:group-383A8F382357 closes. The last applied log index is 0
2019-08-29 01:57:06,606 [9fceaf92-49b0-4d05-b1c4-1c25dab8ebb3-SegmentedRaftLogWorker:Storage Directory /workdir/hadoop-ozone/integration-test/target/test-dir/MiniOzoneClusterImpl-c3e32655-bfd3-45e1-b300-51bbc9e831ce/datanode-1/data/ratis/071c65e6-01ab-4ac7-8cb6-383a8f382357] INFO  segmented.SegmentedRaftLogWorker (SegmentedRaftLogWorker.java:run(313)) - 9fceaf92-49b0-4d05-b1c4-1c25dab8ebb3-SegmentedRaftLogWorker:Storage Directory /workdir/hadoop-ozone/integration-test/target/test-dir/MiniOzoneClusterImpl-c3e32655-bfd3-45e1-b300-51bbc9e831ce/datanode-1/data/ratis/071c65e6-01ab-4ac7-8cb6-383a8f382357 was interrupted, exiting. There are 0 tasks remaining in the queue.
2019-08-29 01:57:06,608 [grpc-default-executor-1] INFO  segmented.SegmentedRaftLogWorker (SegmentedRaftLogWorker.java:close(228)) - 9fceaf92-49b0-4d05-b1c4-1c25dab8ebb3-SegmentedRaftLogWorker:Storage Directory /workdir/hadoop-ozone/integration-test/target/test-dir/MiniOzoneClusterImpl-c3e32655-bfd3-45e1-b300-51bbc9e831ce/datanode-1/data/ratis/071c65e6-01ab-4ac7-8cb6-383a8f382357 close()
2019-08-29 01:57:06,618 [RatisPipelineUtilsThread] WARN  pipeline.RatisPipelineUtils (RatisPipelineUtils.java:destroyPipeline(66)) - Pipeline destroy failed for pipeline=PipelineID=071c65e6-01ab-4ac7-8cb6-383a8f382357 dn=2cdad04f-ab4a-4a63-a522-b72e02e27bd7{ip: 192.168.69.96, host: pr-hdds-2050-x2mk7-2257017151, networkLocation: /default-rack, certSerialId: null}
2019-08-29 01:57:06,625 [grpc-default-executor-1] INFO  impl.RaftServerProxy (RaftServerProxy.java:remove(95)) - 5c43803d-2cd6-4c13-9fd2-4fe218687bd5: remove   LEADER group-383A8F382357 5c43803d-2cd6-4c13-9fd2-4fe218687bd5:t1, leader=5c43803d-2cd6-4c13-9fd2-4fe218687bd5, voted=5c43803d-2cd6-4c13-9fd2-4fe218687bd5, raftlog=5c43803d-2cd6-4c13-9fd2-4fe218687bd5-SegmentedRaftLog:OPENED:c0,f0,i0, conf=0: [2cdad04f-ab4a-4a63-a522-b72e02e27bd7:192.168.69.96:44050, 5c43803d-2cd6-4c13-9fd2-4fe218687bd5:192.168.69.96:41795, 9fceaf92-49b0-4d05-b1c4-1c25dab8ebb3:192.168.69.96:40992], old=null RUNNING
2019-08-29 01:57:06,626 [grpc-default-executor-1] INFO  impl.RaftServerImpl (RaftServerImpl.java:lambda$shutdown$3(245)) - 5c43803d-2cd6-4c13-9fd2-4fe218687bd5: shutdown group-383A8F382357
2019-08-29 01:57:06,626 [grpc-default-executor-1] INFO  util.JmxRegister (JmxRegister.java:unregister(73)) - Successfully un-registered JMX Bean with object name Ratis:service=RaftServer,group=group-383A8F382357,id=5c43803d-2cd6-4c13-9fd2-4fe218687bd5
2019-08-29 01:57:06,626 [grpc-default-executor-1] INFO  impl.RoleInfo (RoleInfo.java:shutdownLeaderState(104)) - 5c43803d-2cd6-4c13-9fd2-4fe218687bd5: shutdown LeaderState
2019-08-29 01:57:06,629 [grpc-default-executor-1] INFO  impl.PendingRequests (PendingRequests.java:sendNotLeaderResponses(202)) - 5c43803d-2cd6-4c13-9fd2-4fe218687bd5-PendingRequests: sendNotLeaderResponses
2019-08-29 01:57:06,629 [org.apache.ratis.server.impl.LogAppender$AppenderDaemon$$Lambda$423/368891362@527b422a] WARN  server.GrpcLogAppender (GrpcLogAppender.java:mayWait(143)) - GrpcLogAppender(5c43803d-2cd6-4c13-9fd2-4fe218687bd5->9fceaf92-49b0-4d05-b1c4-1c25dab8ebb3): Wait interrupted by java.lang.InterruptedException
2019-08-29 01:57:06,629 [org.apache.ratis.server.impl.LogAppender$AppenderDaemon$$Lambda$423/368891362@1779dea1] WARN  server.GrpcLogAppender (GrpcLogAppender.java:mayWait(143)) - GrpcLogAppender(5c43803d-2cd6-4c13-9fd2-4fe218687bd5->2cdad04f-ab4a-4a63-a522-b72e02e27bd7): Wait interrupted by java.lang.InterruptedException
2019-08-29 01:57:06,630 [grpc-default-executor-1] INFO  impl.StateMachineUpdater (StateMachineUpdater.java:stopAndJoin(115)) - StateMachineUpdater:5c43803d-2cd6-4c13-9fd2-4fe218687bd5:group-383A8F382357: set stopIndex = 0
2019-08-29 01:57:06,633 [grpc-default-executor-1] INFO  impl.RaftServerImpl (ServerState.java:close(394)) - 5c43803d-2cd6-4c13-9fd2-4fe218687bd5:group-383A8F382357 closes. The last applied log index is 0
2019-08-29 01:57:06,633 [5c43803d-2cd6-4c13-9fd2-4fe218687bd5-SegmentedRaftLogWorker:Storage Directory /workdir/hadoop-ozone/integration-test/target/test-dir/MiniOzoneClusterImpl-c3e32655-bfd3-45e1-b300-51bbc9e831ce/datanode-2/data/ratis/071c65e6-01ab-4ac7-8cb6-383a8f382357] INFO  segmented.SegmentedRaftLogWorker (SegmentedRaftLogWorker.java:run(313)) - 5c43803d-2cd6-4c13-9fd2-4fe218687bd5-SegmentedRaftLogWorker:Storage Directory /workdir/hadoop-ozone/integration-test/target/test-dir/MiniOzoneClusterImpl-c3e32655-bfd3-45e1-b300-51bbc9e831ce/datanode-2/data/ratis/071c65e6-01ab-4ac7-8cb6-383a8f382357 was interrupted, exiting. There are 0 tasks remaining in the queue.
2019-08-29 01:57:06,635 [grpc-default-executor-3] INFO  server.GrpcServerProtocolService (GrpcServerProtocolService.java:onCompleted(104)) - 9fceaf92-49b0-4d05-b1c4-1c25dab8ebb3: appendEntries completed
2019-08-29 01:57:06,635 [grpc-default-executor-1] INFO  segmented.SegmentedRaftLogWorker (SegmentedRaftLogWorker.java:close(228)) - 5c43803d-2cd6-4c13-9fd2-4fe218687bd5-SegmentedRaftLogWorker:Storage Directory /workdir/hadoop-ozone/integration-test/target/test-dir/MiniOzoneClusterImpl-c3e32655-bfd3-45e1-b300-51bbc9e831ce/datanode-2/data/ratis/071c65e6-01ab-4ac7-8cb6-383a8f382357 close()
2019-08-29 01:57:06,635 [grpc-default-executor-4] INFO  server.GrpcServerProtocolService (GrpcServerProtocolService.java:onCompleted(104)) - 2cdad04f-ab4a-4a63-a522-b72e02e27bd7: appendEntries completed
2019-08-29 01:57:06,639 [grpc-default-executor-4] INFO  server.GrpcLogAppender (GrpcLogAppender.java:onCompleted(292)) - 5c43803d-2cd6-4c13-9fd2-4fe218687bd5->9fceaf92-49b0-4d05-b1c4-1c25dab8ebb3: follower responses appendEntries COMPLETED
2019-08-29 01:57:06,642 [grpc-default-executor-4] INFO  impl.FollowerInfo (FollowerInfo.java:lambda$new$0(50)) - 5c43803d-2cd6-4c13-9fd2-4fe218687bd5->9fceaf92-49b0-4d05-b1c4-1c25dab8ebb3: nextIndex: updateUnconditionally 1 -> 0
2019-08-29 01:57:06,642 [grpc-default-executor-3] INFO  server.GrpcLogAppender (GrpcLogAppender.java:onCompleted(292)) - 5c43803d-2cd6-4c13-9fd2-4fe218687bd5->2cdad04f-ab4a-4a63-a522-b72e02e27bd7: follower responses appendEntries COMPLETED
2019-08-29 01:57:06,646 [grpc-default-executor-3] INFO  impl.FollowerInfo (FollowerInfo.java:lambda$new$0(50)) - 5c43803d-2cd6-4c13-9fd2-4fe218687bd5->2cdad04f-ab4a-4a63-a522-b72e02e27bd7: nextIndex: updateUnconditionally 0 -> 0
2019-08-29 01:57:06,648 [Thread-325] INFO  server.GrpcService (GrpcService.java:closeImpl(163)) - 2cdad04f-ab4a-4a63-a522-b72e02e27bd7: shutdown server with port 44050 successfully
2019-08-29 01:57:06,649 [RatisPipelineUtilsThread] INFO  pipeline.PipelineStateManager (PipelineStateManager.java:removePipeline(108)) - Pipeline Pipeline[ Id: 071c65e6-01ab-4ac7-8cb6-383a8f382357, Nodes: 9fceaf92-49b0-4d05-b1c4-1c25dab8ebb3{ip: 192.168.69.96, host: pr-hdds-2050-x2mk7-2257017151, networkLocation: /default-rack, certSerialId: null}2cdad04f-ab4a-4a63-a522-b72e02e27bd7{ip: 192.168.69.96, host: pr-hdds-2050-x2mk7-2257017151, networkLocation: /default-rack, certSerialId: null}5c43803d-2cd6-4c13-9fd2-4fe218687bd5{ip: 192.168.69.96, host: pr-hdds-2050-x2mk7-2257017151, networkLocation: /default-rack, certSerialId: null}, Type:RATIS, Factor:THREE, State:CLOSED] removed from db
2019-08-29 01:57:06,651 [refreshUsed-/workdir/hadoop-ozone/integration-test/target/test-dir/MiniOzoneClusterImpl-c3e32655-bfd3-45e1-b300-51bbc9e831ce/datanode-0/data/containers] WARN  fs.CachingGetSpaceUsed (CachingGetSpaceUsed.java:run(183)) - Thread Interrupted waiting to refresh disk information: sleep interrupted
2019-08-29 01:57:06,671 [Thread-325] INFO  utils.BackgroundService (BackgroundService.java:shutdown(148)) - Shutting down service BlockDeletingService
2019-08-29 01:57:06,674 [Thread-325] INFO  statemachine.DatanodeStateMachine (DatanodeStateMachine.java:stopDaemon(395)) - Ozone container server stopped.
2019-08-29 01:57:06,676 [Thread-325] INFO  handler.ContextHandler (ContextHandler.java:doStop(910)) - Stopped o.e.j.w.WebAppContext@c8ba6f0{/,null,UNAVAILABLE}{/hddsDatanode}
2019-08-29 01:57:06,677 [Thread-325] INFO  server.AbstractConnector (AbstractConnector.java:doStop(318)) - Stopped ServerConnector@2804c095{HTTP/1.1,[http/1.1]}{0.0.0.0:0}
2019-08-29 01:57:06,677 [Thread-325] INFO  handler.ContextHandler (ContextHandler.java:doStop(910)) - Stopped o.e.j.s.ServletContextHandler@2cc7fc25{/static,jar:file:/home/user/.m2/repository/org/apache/hadoop/hadoop-hdds-container-service/0.5.0-SNAPSHOT/hadoop-hdds-container-service-0.5.0-SNAPSHOT.jar!/webapps/static,UNAVAILABLE}
2019-08-29 01:57:06,677 [Thread-325] INFO  handler.ContextHandler (ContextHandler.java:doStop(910)) - Stopped o.e.j.s.ServletContextHandler@21dbd4ed{/logs,file:///workdir/hadoop-ozone/integration-test/target/log,UNAVAILABLE}
2019-08-29 01:57:06,824 [Datanode State Machine Thread - 0] INFO  statemachine.DatanodeStateMachine (DatanodeStateMachine.java:lambda$startDaemon$0(350)) - Ozone container server started.
2019-08-29 01:57:06,909 | INFO  | SCMAudit | user=jenkins1000 | ip=192.168.69.96 | op=SEND_HEARTBEAT {datanodeUUID=5c43803d-2cd6-4c13-9fd2-4fe218687bd5, command=[]} | ret=SUCCESS |  
2019-08-29 01:57:07,909 | INFO  | SCMAudit | user=jenkins1000 | ip=192.168.69.96 | op=SEND_HEARTBEAT {datanodeUUID=5c43803d-2cd6-4c13-9fd2-4fe218687bd5, command=[]} | ret=SUCCESS |  
2019-08-29 01:57:08,910 | INFO  | SCMAudit | user=jenkins1000 | ip=192.168.69.96 | op=SEND_HEARTBEAT {datanodeUUID=5c43803d-2cd6-4c13-9fd2-4fe218687bd5, command=[]} | ret=SUCCESS |  
2019-08-29 01:57:09,911 | INFO  | SCMAudit | user=jenkins1000 | ip=192.168.69.96 | op=SEND_HEARTBEAT {datanodeUUID=5c43803d-2cd6-4c13-9fd2-4fe218687bd5, command=[]} | ret=SUCCESS |  
2019-08-29 01:57:10,910 | INFO  | SCMAudit | user=jenkins1000 | ip=192.168.69.96 | op=SEND_HEARTBEAT {datanodeUUID=5c43803d-2cd6-4c13-9fd2-4fe218687bd5, command=[]} | ret=SUCCESS |  
2019-08-29 01:57:11,595 [EventQueue-StaleNodeForStaleNodeHandler] INFO  node.StaleNodeHandler (StaleNodeHandler.java:onMessage(58)) - Datanode 9fceaf92-49b0-4d05-b1c4-1c25dab8ebb3{ip: 192.168.69.96, host: pr-hdds-2050-x2mk7-2257017151, networkLocation: /default-rack, certSerialId: null} moved to stale state. Finalizing its pipelines [PipelineID=b1f53f8d-3b3c-4e8b-85f1-74b7220bd952]
2019-08-29 01:57:11,595 [EventQueue-StaleNodeForStaleNodeHandler] INFO  pipeline.SCMPipelineManager (SCMPipelineManager.java:finalizeAndDestroyPipeline(309)) - destroying pipeline:Pipeline[ Id: b1f53f8d-3b3c-4e8b-85f1-74b7220bd952, Nodes: 9fceaf92-49b0-4d05-b1c4-1c25dab8ebb3{ip: 192.168.69.96, host: pr-hdds-2050-x2mk7-2257017151, networkLocation: /default-rack, certSerialId: null}, Type:RATIS, Factor:ONE, State:OPEN]
2019-08-29 01:57:11,595 [EventQueue-StaleNodeForStaleNodeHandler] INFO  pipeline.PipelineStateManager (PipelineStateManager.java:finalizePipeline(123)) - Pipeline Pipeline[ Id: b1f53f8d-3b3c-4e8b-85f1-74b7220bd952, Nodes: 9fceaf92-49b0-4d05-b1c4-1c25dab8ebb3{ip: 192.168.69.96, host: pr-hdds-2050-x2mk7-2257017151, networkLocation: /default-rack, certSerialId: null}, Type:RATIS, Factor:ONE, State:CLOSED] moved to CLOSED state
2019-08-29 01:57:11,679 [Thread-325] INFO  ozoneimpl.OzoneContainer (OzoneContainer.java:stop(215)) - Attempting to stop container services.
2019-08-29 01:57:11,680 [Thread-325] INFO  impl.RaftServerProxy (RaftServerProxy.java:lambda$close$4(314)) - 9fceaf92-49b0-4d05-b1c4-1c25dab8ebb3: close
2019-08-29 01:57:11,680 [Thread-325] INFO  impl.RaftServerImpl (RaftServerImpl.java:lambda$shutdown$3(245)) - 9fceaf92-49b0-4d05-b1c4-1c25dab8ebb3: shutdown group-74B7220BD952
2019-08-29 01:57:11,680 [Thread-325] INFO  util.JmxRegister (JmxRegister.java:unregister(73)) - Successfully un-registered JMX Bean with object name Ratis:service=RaftServer,group=group-74B7220BD952,id=9fceaf92-49b0-4d05-b1c4-1c25dab8ebb3
2019-08-29 01:57:11,681 [Thread-325] INFO  impl.RoleInfo (RoleInfo.java:shutdownLeaderState(104)) - 9fceaf92-49b0-4d05-b1c4-1c25dab8ebb3: shutdown LeaderState
2019-08-29 01:57:11,681 [Thread-325] INFO  impl.PendingRequests (PendingRequests.java:sendNotLeaderResponses(202)) - 9fceaf92-49b0-4d05-b1c4-1c25dab8ebb3-PendingRequests: sendNotLeaderResponses
2019-08-29 01:57:11,681 [Thread-325] INFO  impl.StateMachineUpdater (StateMachineUpdater.java:stopAndJoin(115)) - StateMachineUpdater:9fceaf92-49b0-4d05-b1c4-1c25dab8ebb3:group-74B7220BD952: set stopIndex = 0
2019-08-29 01:57:11,683 [Thread-325] INFO  impl.RaftServerImpl (ServerState.java:close(394)) - 9fceaf92-49b0-4d05-b1c4-1c25dab8ebb3:group-74B7220BD952 closes. The last applied log index is 0
2019-08-29 01:57:11,683 [9fceaf92-49b0-4d05-b1c4-1c25dab8ebb3-SegmentedRaftLogWorker:Storage Directory /workdir/hadoop-ozone/integration-test/target/test-dir/MiniOzoneClusterImpl-c3e32655-bfd3-45e1-b300-51bbc9e831ce/datanode-1/data/ratis/b1f53f8d-3b3c-4e8b-85f1-74b7220bd952] INFO  segmented.SegmentedRaftLogWorker (SegmentedRaftLogWorker.java:run(313)) - 9fceaf92-49b0-4d05-b1c4-1c25dab8ebb3-SegmentedRaftLogWorker:Storage Directory /workdir/hadoop-ozone/integration-test/target/test-dir/MiniOzoneClusterImpl-c3e32655-bfd3-45e1-b300-51bbc9e831ce/datanode-1/data/ratis/b1f53f8d-3b3c-4e8b-85f1-74b7220bd952 was interrupted, exiting. There are 0 tasks remaining in the queue.
2019-08-29 01:57:11,685 [Thread-325] INFO  segmented.SegmentedRaftLogWorker (SegmentedRaftLogWorker.java:close(228)) - 9fceaf92-49b0-4d05-b1c4-1c25dab8ebb3-SegmentedRaftLogWorker:Storage Directory /workdir/hadoop-ozone/integration-test/target/test-dir/MiniOzoneClusterImpl-c3e32655-bfd3-45e1-b300-51bbc9e831ce/datanode-1/data/ratis/b1f53f8d-3b3c-4e8b-85f1-74b7220bd952 close()
2019-08-29 01:57:11,686 [Thread-325] INFO  server.GrpcService (GrpcService.java:closeImpl(155)) - 9fceaf92-49b0-4d05-b1c4-1c25dab8ebb3: shutdown server with port 40992 now
2019-08-29 01:57:11,687 [Thread-325] INFO  server.GrpcService (GrpcService.java:closeImpl(163)) - 9fceaf92-49b0-4d05-b1c4-1c25dab8ebb3: shutdown server with port 40992 successfully
2019-08-29 01:57:11,690 [refreshUsed-/workdir/hadoop-ozone/integration-test/target/test-dir/MiniOzoneClusterImpl-c3e32655-bfd3-45e1-b300-51bbc9e831ce/datanode-1/data/containers] WARN  fs.CachingGetSpaceUsed (CachingGetSpaceUsed.java:run(183)) - Thread Interrupted waiting to refresh disk information: sleep interrupted
2019-08-29 01:57:11,706 [Thread-325] INFO  utils.BackgroundService (BackgroundService.java:shutdown(148)) - Shutting down service BlockDeletingService
2019-08-29 01:57:11,709 [Thread-325] INFO  statemachine.DatanodeStateMachine (DatanodeStateMachine.java:stopDaemon(395)) - Ozone container server stopped.
2019-08-29 01:57:11,710 [Thread-325] INFO  handler.ContextHandler (ContextHandler.java:doStop(910)) - Stopped o.e.j.w.WebAppContext@6069d611{/,null,UNAVAILABLE}{/hddsDatanode}
2019-08-29 01:57:11,710 [Thread-325] INFO  server.AbstractConnector (AbstractConnector.java:doStop(318)) - Stopped ServerConnector@7a4fadcf{HTTP/1.1,[http/1.1]}{0.0.0.0:0}
2019-08-29 01:57:11,711 [Thread-325] INFO  handler.ContextHandler (ContextHandler.java:doStop(910)) - Stopped o.e.j.s.ServletContextHandler@426bb9b1{/static,jar:file:/home/user/.m2/repository/org/apache/hadoop/hadoop-hdds-container-service/0.5.0-SNAPSHOT/hadoop-hdds-container-service-0.5.0-SNAPSHOT.jar!/webapps/static,UNAVAILABLE}
2019-08-29 01:57:11,711 [Thread-325] INFO  handler.ContextHandler (ContextHandler.java:doStop(910)) - Stopped o.e.j.s.ServletContextHandler@7fd85b92{/logs,file:///workdir/hadoop-ozone/integration-test/target/log,UNAVAILABLE}
2019-08-29 01:57:11,909 [Datanode State Machine Thread - 0] INFO  statemachine.DatanodeStateMachine (DatanodeStateMachine.java:lambda$startDaemon$0(350)) - Ozone container server started.
2019-08-29 01:57:16,596 [EventQueue-StaleNodeForStaleNodeHandler] INFO  node.StaleNodeHandler (StaleNodeHandler.java:onMessage(58)) - Datanode 5c43803d-2cd6-4c13-9fd2-4fe218687bd5{ip: 192.168.69.96, host: pr-hdds-2050-x2mk7-2257017151, networkLocation: /default-rack, certSerialId: null} moved to stale state. Finalizing its pipelines [PipelineID=eacd48e3-7aec-4a21-a9a0-bcac9ef76424]
2019-08-29 01:57:16,597 [EventQueue-StaleNodeForStaleNodeHandler] INFO  pipeline.SCMPipelineManager (SCMPipelineManager.java:finalizeAndDestroyPipeline(309)) - destroying pipeline:Pipeline[ Id: eacd48e3-7aec-4a21-a9a0-bcac9ef76424, Nodes: 5c43803d-2cd6-4c13-9fd2-4fe218687bd5{ip: 192.168.69.96, host: pr-hdds-2050-x2mk7-2257017151, networkLocation: /default-rack, certSerialId: null}, Type:RATIS, Factor:ONE, State:OPEN]
2019-08-29 01:57:16,597 [EventQueue-StaleNodeForStaleNodeHandler] INFO  pipeline.PipelineStateManager (PipelineStateManager.java:finalizePipeline(123)) - Pipeline Pipeline[ Id: eacd48e3-7aec-4a21-a9a0-bcac9ef76424, Nodes: 5c43803d-2cd6-4c13-9fd2-4fe218687bd5{ip: 192.168.69.96, host: pr-hdds-2050-x2mk7-2257017151, networkLocation: /default-rack, certSerialId: null}, Type:RATIS, Factor:ONE, State:CLOSED] moved to CLOSED state
2019-08-29 01:57:16,713 [Thread-325] INFO  ozoneimpl.OzoneContainer (OzoneContainer.java:stop(215)) - Attempting to stop container services.
2019-08-29 01:57:16,713 [Thread-325] INFO  impl.RaftServerProxy (RaftServerProxy.java:lambda$close$4(314)) - 5c43803d-2cd6-4c13-9fd2-4fe218687bd5: close
2019-08-29 01:57:16,714 [Thread-325] INFO  impl.RaftServerImpl (RaftServerImpl.java:lambda$shutdown$3(245)) - 5c43803d-2cd6-4c13-9fd2-4fe218687bd5: shutdown group-BCAC9EF76424
2019-08-29 01:57:16,714 [Thread-325] INFO  util.JmxRegister (JmxRegister.java:unregister(73)) - Successfully un-registered JMX Bean with object name Ratis:service=RaftServer,group=group-BCAC9EF76424,id=5c43803d-2cd6-4c13-9fd2-4fe218687bd5
2019-08-29 01:57:16,714 [Thread-325] INFO  impl.RoleInfo (RoleInfo.java:shutdownLeaderState(104)) - 5c43803d-2cd6-4c13-9fd2-4fe218687bd5: shutdown LeaderState
2019-08-29 01:57:16,715 [Thread-325] INFO  impl.PendingRequests (PendingRequests.java:sendNotLeaderResponses(202)) - 5c43803d-2cd6-4c13-9fd2-4fe218687bd5-PendingRequests: sendNotLeaderResponses
2019-08-29 01:57:16,715 [Thread-325] INFO  impl.StateMachineUpdater (StateMachineUpdater.java:stopAndJoin(115)) - StateMachineUpdater:5c43803d-2cd6-4c13-9fd2-4fe218687bd5:group-BCAC9EF76424: set stopIndex = 0
2019-08-29 01:57:16,717 [Thread-325] INFO  impl.RaftServerImpl (ServerState.java:close(394)) - 5c43803d-2cd6-4c13-9fd2-4fe218687bd5:group-BCAC9EF76424 closes. The last applied log index is 0
2019-08-29 01:57:16,718 [5c43803d-2cd6-4c13-9fd2-4fe218687bd5-SegmentedRaftLogWorker:Storage Directory /workdir/hadoop-ozone/integration-test/target/test-dir/MiniOzoneClusterImpl-c3e32655-bfd3-45e1-b300-51bbc9e831ce/datanode-2/data/ratis/eacd48e3-7aec-4a21-a9a0-bcac9ef76424] INFO  segmented.SegmentedRaftLogWorker (SegmentedRaftLogWorker.java:run(313)) - 5c43803d-2cd6-4c13-9fd2-4fe218687bd5-SegmentedRaftLogWorker:Storage Directory /workdir/hadoop-ozone/integration-test/target/test-dir/MiniOzoneClusterImpl-c3e32655-bfd3-45e1-b300-51bbc9e831ce/datanode-2/data/ratis/eacd48e3-7aec-4a21-a9a0-bcac9ef76424 was interrupted, exiting. There are 0 tasks remaining in the queue.
2019-08-29 01:57:16,719 [Thread-325] INFO  segmented.SegmentedRaftLogWorker (SegmentedRaftLogWorker.java:close(228)) - 5c43803d-2cd6-4c13-9fd2-4fe218687bd5-SegmentedRaftLogWorker:Storage Directory /workdir/hadoop-ozone/integration-test/target/test-dir/MiniOzoneClusterImpl-c3e32655-bfd3-45e1-b300-51bbc9e831ce/datanode-2/data/ratis/eacd48e3-7aec-4a21-a9a0-bcac9ef76424 close()
2019-08-29 01:57:16,720 [Thread-325] INFO  server.GrpcService (GrpcService.java:closeImpl(155)) - 5c43803d-2cd6-4c13-9fd2-4fe218687bd5: shutdown server with port 41795 now
2019-08-29 01:57:16,721 [Thread-325] INFO  server.GrpcService (GrpcService.java:closeImpl(163)) - 5c43803d-2cd6-4c13-9fd2-4fe218687bd5: shutdown server with port 41795 successfully
2019-08-29 01:57:16,731 [refreshUsed-/workdir/hadoop-ozone/integration-test/target/test-dir/MiniOzoneClusterImpl-c3e32655-bfd3-45e1-b300-51bbc9e831ce/datanode-2/data/containers] WARN  fs.CachingGetSpaceUsed (CachingGetSpaceUsed.java:run(183)) - Thread Interrupted waiting to refresh disk information: sleep interrupted
2019-08-29 01:57:16,750 [Thread-325] INFO  utils.BackgroundService (BackgroundService.java:shutdown(148)) - Shutting down service BlockDeletingService
2019-08-29 01:57:16,753 [Thread-325] INFO  statemachine.DatanodeStateMachine (DatanodeStateMachine.java:stopDaemon(395)) - Ozone container server stopped.
2019-08-29 01:57:16,754 [Thread-325] INFO  handler.ContextHandler (ContextHandler.java:doStop(910)) - Stopped o.e.j.w.WebAppContext@3c0c05b2{/,null,UNAVAILABLE}{/hddsDatanode}
2019-08-29 01:57:16,755 [Thread-325] INFO  server.AbstractConnector (AbstractConnector.java:doStop(318)) - Stopped ServerConnector@468ac92f{HTTP/1.1,[http/1.1]}{0.0.0.0:0}
2019-08-29 01:57:16,755 [Thread-325] INFO  handler.ContextHandler (ContextHandler.java:doStop(910)) - Stopped o.e.j.s.ServletContextHandler@390baea4{/static,jar:file:/home/user/.m2/repository/org/apache/hadoop/hadoop-hdds-container-service/0.5.0-SNAPSHOT/hadoop-hdds-container-service-0.5.0-SNAPSHOT.jar!/webapps/static,UNAVAILABLE}
2019-08-29 01:57:16,756 [Thread-325] INFO  handler.ContextHandler (ContextHandler.java:doStop(910)) - Stopped o.e.j.s.ServletContextHandler@33687a4f{/logs,file:///workdir/hadoop-ozone/integration-test/target/log,UNAVAILABLE}
2019-08-29 01:57:16,762 [Thread-325] INFO  impl.MetricsSystemImpl (MetricsSystemImpl.java:init(158)) - HddsDatanode metrics system started (again)
2019-08-29 01:57:16,812 [Thread-325] INFO  ozone.HddsDatanodeService (HddsDatanodeService.java:start(190)) - HddsDatanodeService host:pr-hdds-2050-x2mk7-2257017151 ip:192.168.69.96
2019-08-29 01:57:16,818 [Thread-325] INFO  volume.VolumeUsage (VolumeUsage.java:loadScmUsed(144)) - Cached ScmUsed found for /workdir/hadoop-ozone/integration-test/target/test-dir/MiniOzoneClusterImpl-c3e32655-bfd3-45e1-b300-51bbc9e831ce/datanode-0/data/containers : 4096 
2019-08-29 01:57:16,819 [Thread-325] INFO  volume.HddsVolume (HddsVolume.java:<init>(176)) - Creating Volume: /workdir/hadoop-ozone/integration-test/target/test-dir/MiniOzoneClusterImpl-c3e32655-bfd3-45e1-b300-51bbc9e831ce/datanode-0/data/containers/hdds of  storage type : DISK and capacity : 1482555576320
2019-08-29 01:57:16,820 [Thread-325] INFO  volume.VolumeSet (VolumeSet.java:initializeVolumeSet(170)) - Added Volume : /workdir/hadoop-ozone/integration-test/target/test-dir/MiniOzoneClusterImpl-c3e32655-bfd3-45e1-b300-51bbc9e831ce/datanode-0/data/containers/hdds to VolumeSet
2019-08-29 01:57:16,820 [Thread-325] INFO  volume.ThrottledAsyncChecker (ThrottledAsyncChecker.java:schedule(140)) - Scheduling a check for org.apache.hadoop.ozone.container.common.volume.HddsVolume@2c41aeed
2019-08-29 01:57:16,821 [Thread-325] INFO  volume.HddsVolumeChecker (HddsVolumeChecker.java:checkAllVolumes(203)) - Scheduled health check for volume org.apache.hadoop.ozone.container.common.volume.HddsVolume@2c41aeed
2019-08-29 01:57:16,840 [Thread-325] INFO  impl.RaftServerProxy (ConfUtils.java:logGet(43)) - raft.rpc.type = GRPC (default)
2019-08-29 01:57:16,841 [Thread-325] INFO  grpc.GrpcFactory (GrpcFactory.java:checkPooledByteBufAllocatorUseCacheForAllThreads(45)) - PERFORMANCE WARNING: useCacheForAllThreads is true that may cause Netty to create a lot garbage objects and, as a result, trigger GC.
	It is recommended to disable useCacheForAllThreads by setting -Dorg.apache.ratis.thirdparty.io.netty.allocator.useCacheForAllThreads=false in command line.
2019-08-29 01:57:16,841 [Thread-325] INFO  grpc.GrpcConfigKeys$Server (ConfUtils.java:logGet(43)) - raft.grpc.server.port = 44050 (custom)
2019-08-29 01:57:16,841 [Thread-325] INFO  server.GrpcService (ConfUtils.java:logGet(43)) - raft.grpc.message.size.max = 33570816 (custom)
2019-08-29 01:57:16,841 [Thread-325] INFO  server.RaftServerConfigKeys (ConfUtils.java:logGet(43)) - raft.server.log.appender.buffer.byte-limit = 33554432 (custom)
2019-08-29 01:57:16,842 [Thread-325] INFO  server.GrpcService (ConfUtils.java:logGet(43)) - raft.grpc.flow.control.window = 1MB (=1048576) (default)
2019-08-29 01:57:16,842 [Thread-325] INFO  server.RaftServerConfigKeys (ConfUtils.java:logGet(43)) - raft.server.rpc.request.timeout = 3000ms (default)
2019-08-29 01:57:16,842 [Thread-325] INFO  server.RaftServerConfigKeys (ConfUtils.java:logGet(43)) - raft.server.storage.dir = [/workdir/hadoop-ozone/integration-test/target/test-dir/MiniOzoneClusterImpl-c3e32655-bfd3-45e1-b300-51bbc9e831ce/datanode-0/data/ratis] (custom)
2019-08-29 01:57:16,843 [Thread-325] INFO  impl.RaftServerProxy (RaftServerProxy.java:lambda$null$0(191)) - 2cdad04f-ab4a-4a63-a522-b72e02e27bd7: found a subdirectory /workdir/hadoop-ozone/integration-test/target/test-dir/MiniOzoneClusterImpl-c3e32655-bfd3-45e1-b300-51bbc9e831ce/datanode-0/data/ratis/1ec6acfb-dd36-4527-8007-7cb8a4ddc70b
2019-08-29 01:57:16,844 [Thread-325] INFO  impl.RaftServerProxy (RaftServerProxy.java:addNew(89)) - 2cdad04f-ab4a-4a63-a522-b72e02e27bd7: addNew group-7CB8A4DDC70B:[] returns group-7CB8A4DDC70B:java.util.concurrent.CompletableFuture@57c71191[Not completed]
2019-08-29 01:57:16,844 [Thread-325] INFO  impl.RaftServerProxy (RaftServerProxy.java:lambda$null$0(191)) - 2cdad04f-ab4a-4a63-a522-b72e02e27bd7: found a subdirectory /workdir/hadoop-ozone/integration-test/target/test-dir/MiniOzoneClusterImpl-c3e32655-bfd3-45e1-b300-51bbc9e831ce/datanode-0/data/ratis/071c65e6-01ab-4ac7-8cb6-383a8f382357
2019-08-29 01:57:16,845 [Thread-325] INFO  impl.RaftServerProxy (RaftServerProxy.java:addNew(89)) - 2cdad04f-ab4a-4a63-a522-b72e02e27bd7: addNew group-383A8F382357:[] returns group-383A8F382357:java.util.concurrent.CompletableFuture@3a6c4ab[Not completed]
2019-08-29 01:57:16,845 [Thread-325] INFO  replication.SimpleContainerDownloader (SimpleContainerDownloader.java:<init>(72)) - Starting container downloader service to copy containers to replicate.
2019-08-29 01:57:16,847 [pool-148-thread-1] INFO  impl.RaftServerImpl (RaftServerImpl.java:<init>(93)) - 2cdad04f-ab4a-4a63-a522-b72e02e27bd7: new RaftServerImpl for group-7CB8A4DDC70B:[] with ContainerStateMachine:uninitialized
2019-08-29 01:57:16,847 [pool-148-thread-1] INFO  server.RaftServerConfigKeys (ConfUtils.java:logGet(43)) - raft.server.rpc.timeout.min = 5s (custom)
2019-08-29 01:57:16,848 [pool-148-thread-1] INFO  server.RaftServerConfigKeys (ConfUtils.java:logGet(43)) - raft.server.rpc.timeout.max = 5200ms (custom)
2019-08-29 01:57:16,848 [pool-148-thread-1] INFO  server.RaftServerConfigKeys (ConfUtils.java:logGet(43)) - raft.server.rpcslowness.timeout = 120s (custom)
2019-08-29 01:57:16,848 [pool-148-thread-1] INFO  server.RaftServerConfigKeys (ConfUtils.java:logGet(43)) - raft.server.sleep.deviation.threshold = 300 (default)
2019-08-29 01:57:16,848 [pool-148-thread-1] INFO  server.RaftServerConfigKeys (ConfUtils.java:logGet(43)) - raft.server.log.appender.install.snapshot.enabled = false (custom)
2019-08-29 01:57:16,848 [pool-148-thread-1] INFO  impl.RaftServerImpl (ServerState.java:<init>(105)) - 2cdad04f-ab4a-4a63-a522-b72e02e27bd7:group-7CB8A4DDC70B ConfigurationManager, init=-1: [], old=null, confs=<EMPTY_MAP>
2019-08-29 01:57:16,849 [Thread-325] INFO  hdfs.DFSUtil (DFSUtil.java:httpServerTemplateForNNAndJN(1641)) - Starting Web-server for hddsDatanode at: http://0.0.0.0:33345
2019-08-29 01:57:16,849 [pool-148-thread-1] INFO  server.RaftServerConfigKeys (ConfUtils.java:logGet(43)) - raft.server.storage.dir = [/workdir/hadoop-ozone/integration-test/target/test-dir/MiniOzoneClusterImpl-c3e32655-bfd3-45e1-b300-51bbc9e831ce/datanode-0/data/ratis] (custom)
2019-08-29 01:57:16,851 [Thread-325] INFO  server.AuthenticationFilter (AuthenticationFilter.java:constructSecretProvider(240)) - Unable to initialize FileSignerSecretProvider, falling back to use random secrets.
2019-08-29 01:57:16,852 [Thread-325] WARN  http.HttpRequestLog (HttpRequestLog.java:getRequestLog(97)) - Jetty request log can only be enabled using Log4j
2019-08-29 01:57:16,854 [Thread-325] INFO  http.HttpServer2 (HttpServer2.java:addGlobalFilter(975)) - Added global filter 'safety' (class=org.apache.hadoop.http.HttpServer2$QuotingInputFilter)
2019-08-29 01:57:16,855 [Thread-325] INFO  http.HttpServer2 (HttpServer2.java:addFilter(948)) - Added filter static_user_filter (class=org.apache.hadoop.http.lib.StaticUserWebFilter$StaticUserFilter) to context hddsDatanode
2019-08-29 01:57:16,856 [Thread-325] INFO  http.HttpServer2 (HttpServer2.java:addFilter(958)) - Added filter static_user_filter (class=org.apache.hadoop.http.lib.StaticUserWebFilter$StaticUserFilter) to context logs
2019-08-29 01:57:16,856 [Thread-325] INFO  http.HttpServer2 (HttpServer2.java:addFilter(958)) - Added filter static_user_filter (class=org.apache.hadoop.http.lib.StaticUserWebFilter$StaticUserFilter) to context static
2019-08-29 01:57:16,858 [Thread-325] INFO  http.HttpServer2 (HttpServer2.java:bindListener(1191)) - Jetty bound to port 33345
2019-08-29 01:57:16,858 [Thread-325] INFO  server.Server (Server.java:doStart(351)) - jetty-9.3.24.v20180605, build timestamp: 2018-06-05T17:11:56Z, git hash: 84205aa28f11a4f31f2a3b86d1bba2cc8ab69827
2019-08-29 01:57:16,861 [Thread-325] INFO  handler.ContextHandler (ContextHandler.java:doStart(781)) - Started o.e.j.s.ServletContextHandler@6b03e493{/logs,file:///workdir/hadoop-ozone/integration-test/target/log,AVAILABLE}
2019-08-29 01:57:16,861 [Thread-325] INFO  handler.ContextHandler (ContextHandler.java:doStart(781)) - Started o.e.j.s.ServletContextHandler@6eb87e1c{/static,jar:file:/home/user/.m2/repository/org/apache/hadoop/hadoop-hdds-container-service/0.5.0-SNAPSHOT/hadoop-hdds-container-service-0.5.0-SNAPSHOT.jar!/webapps/static,AVAILABLE}
2019-08-29 01:57:16,875 [pool-148-thread-1] INFO  storage.RaftStorageDirectory (RaftStorageDirectory.java:tryLock(328)) - Lock on /workdir/hadoop-ozone/integration-test/target/test-dir/MiniOzoneClusterImpl-c3e32655-bfd3-45e1-b300-51bbc9e831ce/datanode-0/data/ratis/1ec6acfb-dd36-4527-8007-7cb8a4ddc70b/in_use.lock acquired by nodename 28750@pr-hdds-2050-x2mk7-2257017151
2019-08-29 01:57:16,877 [pool-148-thread-1] INFO  ratis.ContainerStateMachine (ContainerStateMachine.java:loadSnapshot(227)) - group-7CB8A4DDC70B: The snapshot info is null. Setting the last applied indexto:(t:0, i:~)
2019-08-29 01:57:16,877 [pool-148-thread-1] INFO  server.RaftServerConfigKeys (ConfUtils.java:logGet(43)) - raft.server.leader.election.timeout = 120s (custom)
2019-08-29 01:57:16,877 [pool-148-thread-1] INFO  server.RaftServerConfigKeys (ConfUtils.java:logGet(43)) - raft.server.log.use.memory = false (default)
2019-08-29 01:57:16,877 [pool-148-thread-1] INFO  server.RaftServerConfigKeys (ConfUtils.java:logGet(43)) - raft.server.log.purge.gap = 1000000 (custom)
2019-08-29 01:57:16,878 [pool-148-thread-1] INFO  server.RaftServerConfigKeys (ConfUtils.java:logGet(43)) - raft.server.log.appender.buffer.byte-limit = 33554432 (custom)
2019-08-29 01:57:16,878 [pool-148-thread-1] INFO  server.RaftServerConfigKeys (ConfUtils.java:logGet(43)) - raft.server.log.segment.size.max = 1048576 (custom)
2019-08-29 01:57:16,878 [pool-148-thread-1] INFO  server.RaftServerConfigKeys (ConfUtils.java:logGet(43)) - raft.server.log.segment.cache.num.max = 2 (custom)
2019-08-29 01:57:16,878 [pool-148-thread-1] INFO  segmented.SegmentedRaftLogWorker (SegmentedRaftLogWorker.java:<init>(172)) - new 2cdad04f-ab4a-4a63-a522-b72e02e27bd7-SegmentedRaftLogWorker:Storage Directory /workdir/hadoop-ozone/integration-test/target/test-dir/MiniOzoneClusterImpl-c3e32655-bfd3-45e1-b300-51bbc9e831ce/datanode-0/data/ratis/1ec6acfb-dd36-4527-8007-7cb8a4ddc70b for RaftStorage:Storage Directory /workdir/hadoop-ozone/integration-test/target/test-dir/MiniOzoneClusterImpl-c3e32655-bfd3-45e1-b300-51bbc9e831ce/datanode-0/data/ratis/1ec6acfb-dd36-4527-8007-7cb8a4ddc70b
2019-08-29 01:57:16,879 [pool-148-thread-1] INFO  server.RaftServerConfigKeys (ConfUtils.java:logGet(43)) - raft.server.log.queue.byte-limit = 2147483647 (custom)
2019-08-29 01:57:16,879 [pool-148-thread-1] INFO  server.RaftServerConfigKeys (ConfUtils.java:logGet(43)) - raft.server.log.queue.element-limit = 1024 (custom)
2019-08-29 01:57:16,879 [pool-148-thread-1] INFO  server.RaftServerConfigKeys (ConfUtils.java:logGet(43)) - raft.server.log.segment.size.max = 1048576 (custom)
2019-08-29 01:57:16,879 [pool-148-thread-1] INFO  server.RaftServerConfigKeys (ConfUtils.java:logGet(43)) - raft.server.log.preallocated.size = 16384 (custom)
2019-08-29 01:57:16,879 [pool-148-thread-1] INFO  server.RaftServerConfigKeys (ConfUtils.java:logGet(43)) - raft.server.log.write.buffer.size = 33554432 (custom)
2019-08-29 01:57:16,880 [pool-148-thread-1] INFO  server.RaftServerConfigKeys (ConfUtils.java:logGet(43)) - raft.server.log.force.sync.num = 128 (default)
2019-08-29 01:57:16,880 [pool-148-thread-1] INFO  server.RaftServerConfigKeys (ConfUtils.java:logGet(43)) - raft.server.log.statemachine.data.sync = true (default)
2019-08-29 01:57:16,880 [pool-148-thread-1] INFO  server.RaftServerConfigKeys (ConfUtils.java:logGet(43)) - raft.server.log.statemachine.data.sync.timeout = 10s (default)
2019-08-29 01:57:16,880 [pool-148-thread-1] INFO  server.RaftServerConfigKeys (ConfUtils.java:logGet(43)) - raft.server.log.statemachine.data.sync.timeout.retry = -1 (default)
2019-08-29 01:57:16,880 [pool-148-thread-1] INFO  server.RaftServerConfigKeys (ConfUtils.java:logGet(43)) - raft.server.log.statemachine.data.caching.enabled = true (custom)
2019-08-29 01:57:16,891 [pool-148-thread-1] INFO  impl.RaftServerImpl (ServerState.java:setRaftConf(361)) - 2cdad04f-ab4a-4a63-a522-b72e02e27bd7:group-7CB8A4DDC70B set configuration 0: [2cdad04f-ab4a-4a63-a522-b72e02e27bd7:192.168.69.96:44050], old=null at 0
2019-08-29 01:57:16,892 [pool-148-thread-1] INFO  segmented.LogSegment (LogSegment.java:loadSegment(145)) - Successfully read 1 entries from segment file /workdir/hadoop-ozone/integration-test/target/test-dir/MiniOzoneClusterImpl-c3e32655-bfd3-45e1-b300-51bbc9e831ce/datanode-0/data/ratis/1ec6acfb-dd36-4527-8007-7cb8a4ddc70b/current/log_inprogress_0
2019-08-29 01:57:16,892 [pool-148-thread-1] INFO  segmented.SegmentedRaftLogWorker (SegmentedRaftLogWorker.java:lambda$new$0(132)) - 2cdad04f-ab4a-4a63-a522-b72e02e27bd7-SegmentedRaftLogWorker:Storage Directory /workdir/hadoop-ozone/integration-test/target/test-dir/MiniOzoneClusterImpl-c3e32655-bfd3-45e1-b300-51bbc9e831ce/datanode-0/data/ratis/1ec6acfb-dd36-4527-8007-7cb8a4ddc70b: flushIndex: setUnconditionally 0 -> 0
2019-08-29 01:57:16,900 [Thread-325] INFO  handler.ContextHandler (ContextHandler.java:doStart(781)) - Started o.e.j.w.WebAppContext@2b151ca{/,file:///tmp/jetty-0.0.0.0-33345-hddsDatanode-_-any-642249000390767143.dir/webapp/,AVAILABLE}{/hddsDatanode}
2019-08-29 01:57:16,901 [Thread-325] INFO  server.AbstractConnector (AbstractConnector.java:doStart(278)) - Started ServerConnector@5ccbc65c{HTTP/1.1,[http/1.1]}{0.0.0.0:33345}
2019-08-29 01:57:16,927 [Thread-325] INFO  server.Server (Server.java:doStart(419)) - Started @115475ms
2019-08-29 01:57:16,927 [pool-148-thread-1] INFO  server.RaftServerConfigKeys (ConfUtils.java:logGet(43)) - raft.server.snapshot.auto.trigger.enabled = true (custom)
2019-08-29 01:57:16,927 [pool-148-thread-1] INFO  server.RaftServerConfigKeys (ConfUtils.java:logGet(43)) - raft.server.snapshot.auto.trigger.threshold = 10000 (custom)
2019-08-29 01:57:16,928 [pool-148-thread-1] INFO  server.RaftServerConfigKeys (ConfUtils.java:logGet(43)) - raft.server.retrycache.expirytime = 600000ms (custom)
2019-08-29 01:57:16,929 [Thread-325] INFO  server.BaseHttpServer (BaseHttpServer.java:updateConnectorAddress(226)) - HTTP server of HDDSDATANODE is listening at http://0.0.0.0:33345
2019-08-29 01:57:16,930 [pool-148-thread-1] INFO  impl.RaftServerImpl (RaftServerImpl.java:<init>(93)) - 2cdad04f-ab4a-4a63-a522-b72e02e27bd7: new RaftServerImpl for group-383A8F382357:[] with ContainerStateMachine:uninitialized
2019-08-29 01:57:16,930 [pool-148-thread-1] INFO  server.RaftServerConfigKeys (ConfUtils.java:logGet(43)) - raft.server.rpc.timeout.min = 5s (custom)
2019-08-29 01:57:16,931 [pool-148-thread-1] INFO  server.RaftServerConfigKeys (ConfUtils.java:logGet(43)) - raft.server.rpc.timeout.max = 5200ms (custom)
2019-08-29 01:57:16,931 [pool-148-thread-1] INFO  server.RaftServerConfigKeys (ConfUtils.java:logGet(43)) - raft.server.rpcslowness.timeout = 120s (custom)
2019-08-29 01:57:16,931 [pool-148-thread-1] INFO  server.RaftServerConfigKeys (ConfUtils.java:logGet(43)) - raft.server.sleep.deviation.threshold = 300 (default)
2019-08-29 01:57:16,931 [pool-148-thread-1] INFO  server.RaftServerConfigKeys (ConfUtils.java:logGet(43)) - raft.server.log.appender.install.snapshot.enabled = false (custom)
2019-08-29 01:57:16,931 [pool-148-thread-1] INFO  impl.RaftServerImpl (ServerState.java:<init>(105)) - 2cdad04f-ab4a-4a63-a522-b72e02e27bd7:group-383A8F382357 ConfigurationManager, init=-1: [], old=null, confs=<EMPTY_MAP>
2019-08-29 01:57:16,932 [org.apache.hadoop.util.JvmPauseMonitor$Monitor@1c1e055d] INFO  util.JvmPauseMonitor (JvmPauseMonitor.java:run(188)) - Starting JVM pause monitor
2019-08-29 01:57:16,932 [pool-148-thread-1] INFO  server.RaftServerConfigKeys (ConfUtils.java:logGet(43)) - raft.server.storage.dir = [/workdir/hadoop-ozone/integration-test/target/test-dir/MiniOzoneClusterImpl-c3e32655-bfd3-45e1-b300-51bbc9e831ce/datanode-0/data/ratis] (custom)
2019-08-29 01:57:16,933 [Thread-325] INFO  impl.MetricsSystemImpl (MetricsSystemImpl.java:init(158)) - HddsDatanode metrics system started (again)
2019-08-29 01:57:16,939 [Thread-325] INFO  ozone.HddsDatanodeService (HddsDatanodeService.java:start(190)) - HddsDatanodeService host:pr-hdds-2050-x2mk7-2257017151 ip:192.168.69.96
2019-08-29 01:57:16,942 [Thread-325] INFO  volume.VolumeUsage (VolumeUsage.java:loadScmUsed(144)) - Cached ScmUsed found for /workdir/hadoop-ozone/integration-test/target/test-dir/MiniOzoneClusterImpl-c3e32655-bfd3-45e1-b300-51bbc9e831ce/datanode-1/data/containers : 4096 
2019-08-29 01:57:16,943 [Thread-325] INFO  volume.HddsVolume (HddsVolume.java:<init>(176)) - Creating Volume: /workdir/hadoop-ozone/integration-test/target/test-dir/MiniOzoneClusterImpl-c3e32655-bfd3-45e1-b300-51bbc9e831ce/datanode-1/data/containers/hdds of  storage type : DISK and capacity : 1482555576320
2019-08-29 01:57:16,944 [Thread-325] INFO  volume.VolumeSet (VolumeSet.java:initializeVolumeSet(170)) - Added Volume : /workdir/hadoop-ozone/integration-test/target/test-dir/MiniOzoneClusterImpl-c3e32655-bfd3-45e1-b300-51bbc9e831ce/datanode-1/data/containers/hdds to VolumeSet
2019-08-29 01:57:16,944 [Thread-325] INFO  volume.ThrottledAsyncChecker (ThrottledAsyncChecker.java:schedule(140)) - Scheduling a check for org.apache.hadoop.ozone.container.common.volume.HddsVolume@1363f9bd
2019-08-29 01:57:16,944 [pool-148-thread-1] INFO  storage.RaftStorageDirectory (RaftStorageDirectory.java:tryLock(328)) - Lock on /workdir/hadoop-ozone/integration-test/target/test-dir/MiniOzoneClusterImpl-c3e32655-bfd3-45e1-b300-51bbc9e831ce/datanode-0/data/ratis/071c65e6-01ab-4ac7-8cb6-383a8f382357/in_use.lock acquired by nodename 28750@pr-hdds-2050-x2mk7-2257017151
2019-08-29 01:57:16,944 [Thread-325] INFO  volume.HddsVolumeChecker (HddsVolumeChecker.java:checkAllVolumes(203)) - Scheduled health check for volume org.apache.hadoop.ozone.container.common.volume.HddsVolume@1363f9bd
2019-08-29 01:57:16,945 [pool-148-thread-1] INFO  ratis.ContainerStateMachine (ContainerStateMachine.java:loadSnapshot(227)) - group-383A8F382357: The snapshot info is null. Setting the last applied indexto:(t:0, i:~)
2019-08-29 01:57:16,946 [pool-148-thread-1] INFO  server.RaftServerConfigKeys (ConfUtils.java:logGet(43)) - raft.server.leader.election.timeout = 120s (custom)
2019-08-29 01:57:16,946 [pool-148-thread-1] INFO  server.RaftServerConfigKeys (ConfUtils.java:logGet(43)) - raft.server.log.use.memory = false (default)
2019-08-29 01:57:16,946 [pool-148-thread-1] INFO  server.RaftServerConfigKeys (ConfUtils.java:logGet(43)) - raft.server.log.purge.gap = 1000000 (custom)
2019-08-29 01:57:16,946 [pool-148-thread-1] INFO  server.RaftServerConfigKeys (ConfUtils.java:logGet(43)) - raft.server.log.appender.buffer.byte-limit = 33554432 (custom)
2019-08-29 01:57:16,946 [pool-148-thread-1] INFO  server.RaftServerConfigKeys (ConfUtils.java:logGet(43)) - raft.server.log.segment.size.max = 1048576 (custom)
2019-08-29 01:57:16,947 [pool-148-thread-1] INFO  server.RaftServerConfigKeys (ConfUtils.java:logGet(43)) - raft.server.log.segment.cache.num.max = 2 (custom)
2019-08-29 01:57:16,947 [pool-148-thread-1] INFO  segmented.SegmentedRaftLogWorker (SegmentedRaftLogWorker.java:<init>(172)) - new 2cdad04f-ab4a-4a63-a522-b72e02e27bd7-SegmentedRaftLogWorker:Storage Directory /workdir/hadoop-ozone/integration-test/target/test-dir/MiniOzoneClusterImpl-c3e32655-bfd3-45e1-b300-51bbc9e831ce/datanode-0/data/ratis/071c65e6-01ab-4ac7-8cb6-383a8f382357 for RaftStorage:Storage Directory /workdir/hadoop-ozone/integration-test/target/test-dir/MiniOzoneClusterImpl-c3e32655-bfd3-45e1-b300-51bbc9e831ce/datanode-0/data/ratis/071c65e6-01ab-4ac7-8cb6-383a8f382357
2019-08-29 01:57:16,947 [pool-148-thread-1] INFO  server.RaftServerConfigKeys (ConfUtils.java:logGet(43)) - raft.server.log.queue.byte-limit = 2147483647 (custom)
2019-08-29 01:57:16,947 [pool-148-thread-1] INFO  server.RaftServerConfigKeys (ConfUtils.java:logGet(43)) - raft.server.log.queue.element-limit = 1024 (custom)
2019-08-29 01:57:16,947 [pool-148-thread-1] INFO  server.RaftServerConfigKeys (ConfUtils.java:logGet(43)) - raft.server.log.segment.size.max = 1048576 (custom)
2019-08-29 01:57:16,948 [pool-148-thread-1] INFO  server.RaftServerConfigKeys (ConfUtils.java:logGet(43)) - raft.server.log.preallocated.size = 16384 (custom)
2019-08-29 01:57:16,948 [pool-148-thread-1] INFO  server.RaftServerConfigKeys (ConfUtils.java:logGet(43)) - raft.server.log.write.buffer.size = 33554432 (custom)
2019-08-29 01:57:16,948 [pool-148-thread-1] INFO  server.RaftServerConfigKeys (ConfUtils.java:logGet(43)) - raft.server.log.force.sync.num = 128 (default)
2019-08-29 01:57:16,948 [pool-148-thread-1] INFO  server.RaftServerConfigKeys (ConfUtils.java:logGet(43)) - raft.server.log.statemachine.data.sync = true (default)
2019-08-29 01:57:16,948 [pool-148-thread-1] INFO  server.RaftServerConfigKeys (ConfUtils.java:logGet(43)) - raft.server.log.statemachine.data.sync.timeout = 10s (default)
2019-08-29 01:57:16,948 [pool-148-thread-1] INFO  server.RaftServerConfigKeys (ConfUtils.java:logGet(43)) - raft.server.log.statemachine.data.sync.timeout.retry = -1 (default)
2019-08-29 01:57:16,949 [pool-148-thread-1] INFO  server.RaftServerConfigKeys (ConfUtils.java:logGet(43)) - raft.server.log.statemachine.data.caching.enabled = true (custom)
2019-08-29 01:57:16,949 [pool-148-thread-1] INFO  segmented.SegmentedRaftLogWorker (SegmentedRaftLogWorker.java:lambda$new$0(132)) - 2cdad04f-ab4a-4a63-a522-b72e02e27bd7-SegmentedRaftLogWorker:Storage Directory /workdir/hadoop-ozone/integration-test/target/test-dir/MiniOzoneClusterImpl-c3e32655-bfd3-45e1-b300-51bbc9e831ce/datanode-0/data/ratis/071c65e6-01ab-4ac7-8cb6-383a8f382357: flushIndex: setUnconditionally 0 -> -1
2019-08-29 01:57:16,950 [pool-148-thread-1] INFO  server.RaftServerConfigKeys (ConfUtils.java:logGet(43)) - raft.server.snapshot.auto.trigger.enabled = true (custom)
2019-08-29 01:57:16,950 [pool-148-thread-1] INFO  server.RaftServerConfigKeys (ConfUtils.java:logGet(43)) - raft.server.snapshot.auto.trigger.threshold = 10000 (custom)
2019-08-29 01:57:16,950 [pool-148-thread-1] INFO  server.RaftServerConfigKeys (ConfUtils.java:logGet(43)) - raft.server.retrycache.expirytime = 600000ms (custom)
2019-08-29 01:57:16,960 [Thread-325] INFO  impl.RaftServerProxy (ConfUtils.java:logGet(43)) - raft.rpc.type = GRPC (default)
2019-08-29 01:57:16,960 [Thread-325] INFO  grpc.GrpcFactory (GrpcFactory.java:checkPooledByteBufAllocatorUseCacheForAllThreads(45)) - PERFORMANCE WARNING: useCacheForAllThreads is true that may cause Netty to create a lot garbage objects and, as a result, trigger GC.
	It is recommended to disable useCacheForAllThreads by setting -Dorg.apache.ratis.thirdparty.io.netty.allocator.useCacheForAllThreads=false in command line.
2019-08-29 01:57:16,960 [Thread-325] INFO  grpc.GrpcConfigKeys$Server (ConfUtils.java:logGet(43)) - raft.grpc.server.port = 40992 (custom)
2019-08-29 01:57:16,960 [Thread-325] INFO  server.GrpcService (ConfUtils.java:logGet(43)) - raft.grpc.message.size.max = 33570816 (custom)
2019-08-29 01:57:16,961 [Thread-325] INFO  server.RaftServerConfigKeys (ConfUtils.java:logGet(43)) - raft.server.log.appender.buffer.byte-limit = 33554432 (custom)
2019-08-29 01:57:16,961 [Thread-325] INFO  server.GrpcService (ConfUtils.java:logGet(43)) - raft.grpc.flow.control.window = 1MB (=1048576) (default)
2019-08-29 01:57:16,961 [Thread-325] INFO  server.RaftServerConfigKeys (ConfUtils.java:logGet(43)) - raft.server.rpc.request.timeout = 3000ms (default)
2019-08-29 01:57:16,961 [Thread-325] INFO  server.RaftServerConfigKeys (ConfUtils.java:logGet(43)) - raft.server.storage.dir = [/workdir/hadoop-ozone/integration-test/target/test-dir/MiniOzoneClusterImpl-c3e32655-bfd3-45e1-b300-51bbc9e831ce/datanode-1/data/ratis] (custom)
2019-08-29 01:57:16,962 [Thread-325] INFO  impl.RaftServerProxy (RaftServerProxy.java:lambda$null$0(191)) - 9fceaf92-49b0-4d05-b1c4-1c25dab8ebb3: found a subdirectory /workdir/hadoop-ozone/integration-test/target/test-dir/MiniOzoneClusterImpl-c3e32655-bfd3-45e1-b300-51bbc9e831ce/datanode-1/data/ratis/b1f53f8d-3b3c-4e8b-85f1-74b7220bd952
2019-08-29 01:57:16,962 [Thread-325] INFO  impl.RaftServerProxy (RaftServerProxy.java:addNew(89)) - 9fceaf92-49b0-4d05-b1c4-1c25dab8ebb3: addNew group-74B7220BD952:[] returns group-74B7220BD952:java.util.concurrent.CompletableFuture@66021bcb[Not completed]
2019-08-29 01:57:16,963 [Thread-325] INFO  replication.SimpleContainerDownloader (SimpleContainerDownloader.java:<init>(72)) - Starting container downloader service to copy containers to replicate.
2019-08-29 01:57:16,963 [Thread-325] INFO  hdfs.DFSUtil (DFSUtil.java:httpServerTemplateForNNAndJN(1641)) - Starting Web-server for hddsDatanode at: http://0.0.0.0:44836
2019-08-29 01:57:16,964 [pool-159-thread-1] INFO  impl.RaftServerImpl (RaftServerImpl.java:<init>(93)) - 9fceaf92-49b0-4d05-b1c4-1c25dab8ebb3: new RaftServerImpl for group-74B7220BD952:[] with ContainerStateMachine:uninitialized
2019-08-29 01:57:16,964 [pool-159-thread-1] INFO  server.RaftServerConfigKeys (ConfUtils.java:logGet(43)) - raft.server.rpc.timeout.min = 5s (custom)
2019-08-29 01:57:16,964 [pool-159-thread-1] INFO  server.RaftServerConfigKeys (ConfUtils.java:logGet(43)) - raft.server.rpc.timeout.max = 5200ms (custom)
2019-08-29 01:57:16,965 [pool-159-thread-1] INFO  server.RaftServerConfigKeys (ConfUtils.java:logGet(43)) - raft.server.rpcslowness.timeout = 120s (custom)
2019-08-29 01:57:16,965 [Thread-325] INFO  server.AuthenticationFilter (AuthenticationFilter.java:constructSecretProvider(240)) - Unable to initialize FileSignerSecretProvider, falling back to use random secrets.
2019-08-29 01:57:16,965 [pool-159-thread-1] INFO  server.RaftServerConfigKeys (ConfUtils.java:logGet(43)) - raft.server.sleep.deviation.threshold = 300 (default)
2019-08-29 01:57:16,965 [pool-159-thread-1] INFO  server.RaftServerConfigKeys (ConfUtils.java:logGet(43)) - raft.server.log.appender.install.snapshot.enabled = false (custom)
2019-08-29 01:57:16,965 [Thread-325] WARN  http.HttpRequestLog (HttpRequestLog.java:getRequestLog(97)) - Jetty request log can only be enabled using Log4j
2019-08-29 01:57:16,965 [pool-159-thread-1] INFO  impl.RaftServerImpl (ServerState.java:<init>(105)) - 9fceaf92-49b0-4d05-b1c4-1c25dab8ebb3:group-74B7220BD952 ConfigurationManager, init=-1: [], old=null, confs=<EMPTY_MAP>
2019-08-29 01:57:16,966 [pool-159-thread-1] INFO  server.RaftServerConfigKeys (ConfUtils.java:logGet(43)) - raft.server.storage.dir = [/workdir/hadoop-ozone/integration-test/target/test-dir/MiniOzoneClusterImpl-c3e32655-bfd3-45e1-b300-51bbc9e831ce/datanode-1/data/ratis] (custom)
2019-08-29 01:57:16,966 [Thread-325] INFO  http.HttpServer2 (HttpServer2.java:addGlobalFilter(975)) - Added global filter 'safety' (class=org.apache.hadoop.http.HttpServer2$QuotingInputFilter)
2019-08-29 01:57:16,967 [Thread-325] INFO  http.HttpServer2 (HttpServer2.java:addFilter(948)) - Added filter static_user_filter (class=org.apache.hadoop.http.lib.StaticUserWebFilter$StaticUserFilter) to context hddsDatanode
2019-08-29 01:57:16,967 [Thread-325] INFO  http.HttpServer2 (HttpServer2.java:addFilter(958)) - Added filter static_user_filter (class=org.apache.hadoop.http.lib.StaticUserWebFilter$StaticUserFilter) to context logs
2019-08-29 01:57:16,967 [Thread-325] INFO  http.HttpServer2 (HttpServer2.java:addFilter(958)) - Added filter static_user_filter (class=org.apache.hadoop.http.lib.StaticUserWebFilter$StaticUserFilter) to context static
2019-08-29 01:57:16,968 [Thread-325] INFO  http.HttpServer2 (HttpServer2.java:bindListener(1191)) - Jetty bound to port 44836
2019-08-29 01:57:16,968 [Thread-325] INFO  server.Server (Server.java:doStart(351)) - jetty-9.3.24.v20180605, build timestamp: 2018-06-05T17:11:56Z, git hash: 84205aa28f11a4f31f2a3b86d1bba2cc8ab69827
2019-08-29 01:57:16,969 [Thread-325] INFO  handler.ContextHandler (ContextHandler.java:doStart(781)) - Started o.e.j.s.ServletContextHandler@4840ab35{/logs,file:///workdir/hadoop-ozone/integration-test/target/log,AVAILABLE}
2019-08-29 01:57:16,970 [Thread-325] INFO  handler.ContextHandler (ContextHandler.java:doStart(781)) - Started o.e.j.s.ServletContextHandler@6a0654bb{/static,jar:file:/home/user/.m2/repository/org/apache/hadoop/hadoop-hdds-container-service/0.5.0-SNAPSHOT/hadoop-hdds-container-service-0.5.0-SNAPSHOT.jar!/webapps/static,AVAILABLE}
2019-08-29 01:57:16,978 [pool-159-thread-1] INFO  storage.RaftStorageDirectory (RaftStorageDirectory.java:tryLock(328)) - Lock on /workdir/hadoop-ozone/integration-test/target/test-dir/MiniOzoneClusterImpl-c3e32655-bfd3-45e1-b300-51bbc9e831ce/datanode-1/data/ratis/b1f53f8d-3b3c-4e8b-85f1-74b7220bd952/in_use.lock acquired by nodename 28750@pr-hdds-2050-x2mk7-2257017151
2019-08-29 01:57:16,979 [pool-159-thread-1] INFO  ratis.ContainerStateMachine (ContainerStateMachine.java:loadSnapshot(227)) - group-74B7220BD952: The snapshot info is null. Setting the last applied indexto:(t:0, i:~)
2019-08-29 01:57:16,979 [pool-159-thread-1] INFO  server.RaftServerConfigKeys (ConfUtils.java:logGet(43)) - raft.server.leader.election.timeout = 120s (custom)
2019-08-29 01:57:16,979 [pool-159-thread-1] INFO  server.RaftServerConfigKeys (ConfUtils.java:logGet(43)) - raft.server.log.use.memory = false (default)
2019-08-29 01:57:16,979 [pool-159-thread-1] INFO  server.RaftServerConfigKeys (ConfUtils.java:logGet(43)) - raft.server.log.purge.gap = 1000000 (custom)
2019-08-29 01:57:16,979 [pool-159-thread-1] INFO  server.RaftServerConfigKeys (ConfUtils.java:logGet(43)) - raft.server.log.appender.buffer.byte-limit = 33554432 (custom)
2019-08-29 01:57:16,979 [pool-159-thread-1] INFO  server.RaftServerConfigKeys (ConfUtils.java:logGet(43)) - raft.server.log.segment.size.max = 1048576 (custom)
2019-08-29 01:57:16,980 [pool-159-thread-1] INFO  server.RaftServerConfigKeys (ConfUtils.java:logGet(43)) - raft.server.log.segment.cache.num.max = 2 (custom)
2019-08-29 01:57:16,980 [pool-159-thread-1] INFO  segmented.SegmentedRaftLogWorker (SegmentedRaftLogWorker.java:<init>(172)) - new 9fceaf92-49b0-4d05-b1c4-1c25dab8ebb3-SegmentedRaftLogWorker:Storage Directory /workdir/hadoop-ozone/integration-test/target/test-dir/MiniOzoneClusterImpl-c3e32655-bfd3-45e1-b300-51bbc9e831ce/datanode-1/data/ratis/b1f53f8d-3b3c-4e8b-85f1-74b7220bd952 for RaftStorage:Storage Directory /workdir/hadoop-ozone/integration-test/target/test-dir/MiniOzoneClusterImpl-c3e32655-bfd3-45e1-b300-51bbc9e831ce/datanode-1/data/ratis/b1f53f8d-3b3c-4e8b-85f1-74b7220bd952
2019-08-29 01:57:16,980 [pool-159-thread-1] INFO  server.RaftServerConfigKeys (ConfUtils.java:logGet(43)) - raft.server.log.queue.byte-limit = 2147483647 (custom)
2019-08-29 01:57:16,980 [pool-159-thread-1] INFO  server.RaftServerConfigKeys (ConfUtils.java:logGet(43)) - raft.server.log.queue.element-limit = 1024 (custom)
2019-08-29 01:57:16,980 [pool-159-thread-1] INFO  server.RaftServerConfigKeys (ConfUtils.java:logGet(43)) - raft.server.log.segment.size.max = 1048576 (custom)
2019-08-29 01:57:16,980 [pool-159-thread-1] INFO  server.RaftServerConfigKeys (ConfUtils.java:logGet(43)) - raft.server.log.preallocated.size = 16384 (custom)
2019-08-29 01:57:16,981 [pool-159-thread-1] INFO  server.RaftServerConfigKeys (ConfUtils.java:logGet(43)) - raft.server.log.write.buffer.size = 33554432 (custom)
2019-08-29 01:57:16,981 [pool-159-thread-1] INFO  server.RaftServerConfigKeys (ConfUtils.java:logGet(43)) - raft.server.log.force.sync.num = 128 (default)
2019-08-29 01:57:16,981 [pool-159-thread-1] INFO  server.RaftServerConfigKeys (ConfUtils.java:logGet(43)) - raft.server.log.statemachine.data.sync = true (default)
2019-08-29 01:57:16,981 [pool-159-thread-1] INFO  server.RaftServerConfigKeys (ConfUtils.java:logGet(43)) - raft.server.log.statemachine.data.sync.timeout = 10s (default)
2019-08-29 01:57:16,981 [pool-159-thread-1] INFO  server.RaftServerConfigKeys (ConfUtils.java:logGet(43)) - raft.server.log.statemachine.data.sync.timeout.retry = -1 (default)
2019-08-29 01:57:16,981 [pool-159-thread-1] INFO  server.RaftServerConfigKeys (ConfUtils.java:logGet(43)) - raft.server.log.statemachine.data.caching.enabled = true (custom)
2019-08-29 01:57:16,982 [pool-159-thread-1] INFO  impl.RaftServerImpl (ServerState.java:setRaftConf(361)) - 9fceaf92-49b0-4d05-b1c4-1c25dab8ebb3:group-74B7220BD952 set configuration 0: [9fceaf92-49b0-4d05-b1c4-1c25dab8ebb3:192.168.69.96:40992], old=null at 0
2019-08-29 01:57:16,982 [pool-159-thread-1] INFO  segmented.LogSegment (LogSegment.java:loadSegment(145)) - Successfully read 1 entries from segment file /workdir/hadoop-ozone/integration-test/target/test-dir/MiniOzoneClusterImpl-c3e32655-bfd3-45e1-b300-51bbc9e831ce/datanode-1/data/ratis/b1f53f8d-3b3c-4e8b-85f1-74b7220bd952/current/log_inprogress_0
2019-08-29 01:57:16,983 [pool-159-thread-1] INFO  segmented.SegmentedRaftLogWorker (SegmentedRaftLogWorker.java:lambda$new$0(132)) - 9fceaf92-49b0-4d05-b1c4-1c25dab8ebb3-SegmentedRaftLogWorker:Storage Directory /workdir/hadoop-ozone/integration-test/target/test-dir/MiniOzoneClusterImpl-c3e32655-bfd3-45e1-b300-51bbc9e831ce/datanode-1/data/ratis/b1f53f8d-3b3c-4e8b-85f1-74b7220bd952: flushIndex: setUnconditionally 0 -> 0
2019-08-29 01:57:16,999 [Thread-325] INFO  handler.ContextHandler (ContextHandler.java:doStart(781)) - Started o.e.j.w.WebAppContext@cdadf5b{/,file:///tmp/jetty-0.0.0.0-44836-hddsDatanode-_-any-6597944263905925187.dir/webapp/,AVAILABLE}{/hddsDatanode}
2019-08-29 01:57:16,999 [Thread-325] INFO  server.AbstractConnector (AbstractConnector.java:doStart(278)) - Started ServerConnector@7a5adf84{HTTP/1.1,[http/1.1]}{0.0.0.0:44836}
2019-08-29 01:57:17,016 [pool-159-thread-1] INFO  server.RaftServerConfigKeys (ConfUtils.java:logGet(43)) - raft.server.snapshot.auto.trigger.enabled = true (custom)
2019-08-29 01:57:17,016 [pool-159-thread-1] INFO  server.RaftServerConfigKeys (ConfUtils.java:logGet(43)) - raft.server.snapshot.auto.trigger.threshold = 10000 (custom)
2019-08-29 01:57:17,016 [Thread-325] INFO  server.Server (Server.java:doStart(419)) - Started @115564ms
2019-08-29 01:57:17,016 [pool-159-thread-1] INFO  server.RaftServerConfigKeys (ConfUtils.java:logGet(43)) - raft.server.retrycache.expirytime = 600000ms (custom)
2019-08-29 01:57:17,017 [Thread-325] INFO  server.BaseHttpServer (BaseHttpServer.java:updateConnectorAddress(226)) - HTTP server of HDDSDATANODE is listening at http://0.0.0.0:44836
2019-08-29 01:57:17,018 [org.apache.hadoop.util.JvmPauseMonitor$Monitor@68cbdab8] INFO  util.JvmPauseMonitor (JvmPauseMonitor.java:run(188)) - Starting JVM pause monitor
2019-08-29 01:57:17,019 [Thread-325] INFO  impl.MetricsSystemImpl (MetricsSystemImpl.java:init(158)) - HddsDatanode metrics system started (again)
2019-08-29 01:57:17,023 [Thread-325] INFO  ozone.HddsDatanodeService (HddsDatanodeService.java:start(190)) - HddsDatanodeService host:pr-hdds-2050-x2mk7-2257017151 ip:192.168.69.96
2019-08-29 01:57:17,025 [Thread-325] INFO  volume.VolumeUsage (VolumeUsage.java:loadScmUsed(144)) - Cached ScmUsed found for /workdir/hadoop-ozone/integration-test/target/test-dir/MiniOzoneClusterImpl-c3e32655-bfd3-45e1-b300-51bbc9e831ce/datanode-2/data/containers : 4096 
2019-08-29 01:57:17,025 [Thread-325] INFO  volume.HddsVolume (HddsVolume.java:<init>(176)) - Creating Volume: /workdir/hadoop-ozone/integration-test/target/test-dir/MiniOzoneClusterImpl-c3e32655-bfd3-45e1-b300-51bbc9e831ce/datanode-2/data/containers/hdds of  storage type : DISK and capacity : 1482555576320
2019-08-29 01:57:17,026 [Thread-325] INFO  volume.VolumeSet (VolumeSet.java:initializeVolumeSet(170)) - Added Volume : /workdir/hadoop-ozone/integration-test/target/test-dir/MiniOzoneClusterImpl-c3e32655-bfd3-45e1-b300-51bbc9e831ce/datanode-2/data/containers/hdds to VolumeSet
2019-08-29 01:57:17,026 [Thread-325] INFO  volume.ThrottledAsyncChecker (ThrottledAsyncChecker.java:schedule(140)) - Scheduling a check for org.apache.hadoop.ozone.container.common.volume.HddsVolume@79d78ba2
2019-08-29 01:57:17,026 [Thread-325] INFO  volume.HddsVolumeChecker (HddsVolumeChecker.java:checkAllVolumes(203)) - Scheduled health check for volume org.apache.hadoop.ozone.container.common.volume.HddsVolume@79d78ba2
2019-08-29 01:57:17,042 [Thread-325] INFO  impl.RaftServerProxy (ConfUtils.java:logGet(43)) - raft.rpc.type = GRPC (default)
2019-08-29 01:57:17,042 [Thread-325] INFO  grpc.GrpcFactory (GrpcFactory.java:checkPooledByteBufAllocatorUseCacheForAllThreads(45)) - PERFORMANCE WARNING: useCacheForAllThreads is true that may cause Netty to create a lot garbage objects and, as a result, trigger GC.
	It is recommended to disable useCacheForAllThreads by setting -Dorg.apache.ratis.thirdparty.io.netty.allocator.useCacheForAllThreads=false in command line.
2019-08-29 01:57:17,042 [Thread-325] INFO  grpc.GrpcConfigKeys$Server (ConfUtils.java:logGet(43)) - raft.grpc.server.port = 41795 (custom)
2019-08-29 01:57:17,042 [Thread-325] INFO  server.GrpcService (ConfUtils.java:logGet(43)) - raft.grpc.message.size.max = 33570816 (custom)
2019-08-29 01:57:17,042 [Thread-325] INFO  server.RaftServerConfigKeys (ConfUtils.java:logGet(43)) - raft.server.log.appender.buffer.byte-limit = 33554432 (custom)
2019-08-29 01:57:17,042 [Thread-325] INFO  server.GrpcService (ConfUtils.java:logGet(43)) - raft.grpc.flow.control.window = 1MB (=1048576) (default)
2019-08-29 01:57:17,043 [Thread-325] INFO  server.RaftServerConfigKeys (ConfUtils.java:logGet(43)) - raft.server.rpc.request.timeout = 3000ms (default)
2019-08-29 01:57:17,043 [Thread-325] INFO  server.RaftServerConfigKeys (ConfUtils.java:logGet(43)) - raft.server.storage.dir = [/workdir/hadoop-ozone/integration-test/target/test-dir/MiniOzoneClusterImpl-c3e32655-bfd3-45e1-b300-51bbc9e831ce/datanode-2/data/ratis] (custom)
2019-08-29 01:57:17,043 [Thread-325] INFO  impl.RaftServerProxy (RaftServerProxy.java:lambda$null$0(191)) - 5c43803d-2cd6-4c13-9fd2-4fe218687bd5: found a subdirectory /workdir/hadoop-ozone/integration-test/target/test-dir/MiniOzoneClusterImpl-c3e32655-bfd3-45e1-b300-51bbc9e831ce/datanode-2/data/ratis/eacd48e3-7aec-4a21-a9a0-bcac9ef76424
2019-08-29 01:57:17,044 [Thread-325] INFO  impl.RaftServerProxy (RaftServerProxy.java:addNew(89)) - 5c43803d-2cd6-4c13-9fd2-4fe218687bd5: addNew group-BCAC9EF76424:[] returns group-BCAC9EF76424:java.util.concurrent.CompletableFuture@29d8fac5[Not completed]
2019-08-29 01:57:17,044 [Thread-325] INFO  replication.SimpleContainerDownloader (SimpleContainerDownloader.java:<init>(72)) - Starting container downloader service to copy containers to replicate.
2019-08-29 01:57:17,045 [pool-170-thread-1] INFO  impl.RaftServerImpl (RaftServerImpl.java:<init>(93)) - 5c43803d-2cd6-4c13-9fd2-4fe218687bd5: new RaftServerImpl for group-BCAC9EF76424:[] with ContainerStateMachine:uninitialized
2019-08-29 01:57:17,045 [pool-170-thread-1] INFO  server.RaftServerConfigKeys (ConfUtils.java:logGet(43)) - raft.server.rpc.timeout.min = 5s (custom)
2019-08-29 01:57:17,045 [pool-170-thread-1] INFO  server.RaftServerConfigKeys (ConfUtils.java:logGet(43)) - raft.server.rpc.timeout.max = 5200ms (custom)
2019-08-29 01:57:17,045 [Thread-325] INFO  hdfs.DFSUtil (DFSUtil.java:httpServerTemplateForNNAndJN(1641)) - Starting Web-server for hddsDatanode at: http://0.0.0.0:43025
2019-08-29 01:57:17,045 [pool-170-thread-1] INFO  server.RaftServerConfigKeys (ConfUtils.java:logGet(43)) - raft.server.rpcslowness.timeout = 120s (custom)
2019-08-29 01:57:17,046 [pool-170-thread-1] INFO  server.RaftServerConfigKeys (ConfUtils.java:logGet(43)) - raft.server.sleep.deviation.threshold = 300 (default)
2019-08-29 01:57:17,046 [pool-170-thread-1] INFO  server.RaftServerConfigKeys (ConfUtils.java:logGet(43)) - raft.server.log.appender.install.snapshot.enabled = false (custom)
2019-08-29 01:57:17,046 [pool-170-thread-1] INFO  impl.RaftServerImpl (ServerState.java:<init>(105)) - 5c43803d-2cd6-4c13-9fd2-4fe218687bd5:group-BCAC9EF76424 ConfigurationManager, init=-1: [], old=null, confs=<EMPTY_MAP>
2019-08-29 01:57:17,046 [pool-170-thread-1] INFO  server.RaftServerConfigKeys (ConfUtils.java:logGet(43)) - raft.server.storage.dir = [/workdir/hadoop-ozone/integration-test/target/test-dir/MiniOzoneClusterImpl-c3e32655-bfd3-45e1-b300-51bbc9e831ce/datanode-2/data/ratis] (custom)
2019-08-29 01:57:17,047 [Thread-325] INFO  server.AuthenticationFilter (AuthenticationFilter.java:constructSecretProvider(240)) - Unable to initialize FileSignerSecretProvider, falling back to use random secrets.
2019-08-29 01:57:17,047 [Thread-325] WARN  http.HttpRequestLog (HttpRequestLog.java:getRequestLog(97)) - Jetty request log can only be enabled using Log4j
2019-08-29 01:57:17,049 [Thread-325] INFO  http.HttpServer2 (HttpServer2.java:addGlobalFilter(975)) - Added global filter 'safety' (class=org.apache.hadoop.http.HttpServer2$QuotingInputFilter)
2019-08-29 01:57:17,050 [Thread-325] INFO  http.HttpServer2 (HttpServer2.java:addFilter(948)) - Added filter static_user_filter (class=org.apache.hadoop.http.lib.StaticUserWebFilter$StaticUserFilter) to context hddsDatanode
2019-08-29 01:57:17,050 [Thread-325] INFO  http.HttpServer2 (HttpServer2.java:addFilter(958)) - Added filter static_user_filter (class=org.apache.hadoop.http.lib.StaticUserWebFilter$StaticUserFilter) to context static
2019-08-29 01:57:17,050 [Thread-325] INFO  http.HttpServer2 (HttpServer2.java:addFilter(958)) - Added filter static_user_filter (class=org.apache.hadoop.http.lib.StaticUserWebFilter$StaticUserFilter) to context logs
2019-08-29 01:57:17,051 [Thread-325] INFO  http.HttpServer2 (HttpServer2.java:bindListener(1191)) - Jetty bound to port 43025
2019-08-29 01:57:17,051 [Thread-325] INFO  server.Server (Server.java:doStart(351)) - jetty-9.3.24.v20180605, build timestamp: 2018-06-05T17:11:56Z, git hash: 84205aa28f11a4f31f2a3b86d1bba2cc8ab69827
2019-08-29 01:57:17,053 [Thread-325] INFO  handler.ContextHandler (ContextHandler.java:doStart(781)) - Started o.e.j.s.ServletContextHandler@718b5243{/logs,file:///workdir/hadoop-ozone/integration-test/target/log,AVAILABLE}
2019-08-29 01:57:17,053 [Thread-325] INFO  handler.ContextHandler (ContextHandler.java:doStart(781)) - Started o.e.j.s.ServletContextHandler@7afffea9{/static,jar:file:/home/user/.m2/repository/org/apache/hadoop/hadoop-hdds-container-service/0.5.0-SNAPSHOT/hadoop-hdds-container-service-0.5.0-SNAPSHOT.jar!/webapps/static,AVAILABLE}
2019-08-29 01:57:17,058 [pool-170-thread-1] INFO  storage.RaftStorageDirectory (RaftStorageDirectory.java:tryLock(328)) - Lock on /workdir/hadoop-ozone/integration-test/target/test-dir/MiniOzoneClusterImpl-c3e32655-bfd3-45e1-b300-51bbc9e831ce/datanode-2/data/ratis/eacd48e3-7aec-4a21-a9a0-bcac9ef76424/in_use.lock acquired by nodename 28750@pr-hdds-2050-x2mk7-2257017151
2019-08-29 01:57:17,059 [pool-170-thread-1] INFO  ratis.ContainerStateMachine (ContainerStateMachine.java:loadSnapshot(227)) - group-BCAC9EF76424: The snapshot info is null. Setting the last applied indexto:(t:0, i:~)
2019-08-29 01:57:17,059 [pool-170-thread-1] INFO  server.RaftServerConfigKeys (ConfUtils.java:logGet(43)) - raft.server.leader.election.timeout = 120s (custom)
2019-08-29 01:57:17,059 [pool-170-thread-1] INFO  server.RaftServerConfigKeys (ConfUtils.java:logGet(43)) - raft.server.log.use.memory = false (default)
2019-08-29 01:57:17,059 [pool-170-thread-1] INFO  server.RaftServerConfigKeys (ConfUtils.java:logGet(43)) - raft.server.log.purge.gap = 1000000 (custom)
2019-08-29 01:57:17,059 [pool-170-thread-1] INFO  server.RaftServerConfigKeys (ConfUtils.java:logGet(43)) - raft.server.log.appender.buffer.byte-limit = 33554432 (custom)
2019-08-29 01:57:17,059 [pool-170-thread-1] INFO  server.RaftServerConfigKeys (ConfUtils.java:logGet(43)) - raft.server.log.segment.size.max = 1048576 (custom)
2019-08-29 01:57:17,060 [pool-170-thread-1] INFO  server.RaftServerConfigKeys (ConfUtils.java:logGet(43)) - raft.server.log.segment.cache.num.max = 2 (custom)
2019-08-29 01:57:17,060 [pool-170-thread-1] INFO  segmented.SegmentedRaftLogWorker (SegmentedRaftLogWorker.java:<init>(172)) - new 5c43803d-2cd6-4c13-9fd2-4fe218687bd5-SegmentedRaftLogWorker:Storage Directory /workdir/hadoop-ozone/integration-test/target/test-dir/MiniOzoneClusterImpl-c3e32655-bfd3-45e1-b300-51bbc9e831ce/datanode-2/data/ratis/eacd48e3-7aec-4a21-a9a0-bcac9ef76424 for RaftStorage:Storage Directory /workdir/hadoop-ozone/integration-test/target/test-dir/MiniOzoneClusterImpl-c3e32655-bfd3-45e1-b300-51bbc9e831ce/datanode-2/data/ratis/eacd48e3-7aec-4a21-a9a0-bcac9ef76424
2019-08-29 01:57:17,060 [pool-170-thread-1] INFO  server.RaftServerConfigKeys (ConfUtils.java:logGet(43)) - raft.server.log.queue.byte-limit = 2147483647 (custom)
2019-08-29 01:57:17,060 [pool-170-thread-1] INFO  server.RaftServerConfigKeys (ConfUtils.java:logGet(43)) - raft.server.log.queue.element-limit = 1024 (custom)
2019-08-29 01:57:17,060 [pool-170-thread-1] INFO  server.RaftServerConfigKeys (ConfUtils.java:logGet(43)) - raft.server.log.segment.size.max = 1048576 (custom)
2019-08-29 01:57:17,060 [pool-170-thread-1] INFO  server.RaftServerConfigKeys (ConfUtils.java:logGet(43)) - raft.server.log.preallocated.size = 16384 (custom)
2019-08-29 01:57:17,060 [pool-170-thread-1] INFO  server.RaftServerConfigKeys (ConfUtils.java:logGet(43)) - raft.server.log.write.buffer.size = 33554432 (custom)
2019-08-29 01:57:17,060 [pool-170-thread-1] INFO  server.RaftServerConfigKeys (ConfUtils.java:logGet(43)) - raft.server.log.force.sync.num = 128 (default)
2019-08-29 01:57:17,061 [pool-170-thread-1] INFO  server.RaftServerConfigKeys (ConfUtils.java:logGet(43)) - raft.server.log.statemachine.data.sync = true (default)
2019-08-29 01:57:17,061 [pool-170-thread-1] INFO  server.RaftServerConfigKeys (ConfUtils.java:logGet(43)) - raft.server.log.statemachine.data.sync.timeout = 10s (default)
2019-08-29 01:57:17,061 [pool-170-thread-1] INFO  server.RaftServerConfigKeys (ConfUtils.java:logGet(43)) - raft.server.log.statemachine.data.sync.timeout.retry = -1 (default)
2019-08-29 01:57:17,061 [pool-170-thread-1] INFO  server.RaftServerConfigKeys (ConfUtils.java:logGet(43)) - raft.server.log.statemachine.data.caching.enabled = true (custom)
2019-08-29 01:57:17,061 [pool-170-thread-1] INFO  impl.RaftServerImpl (ServerState.java:setRaftConf(361)) - 5c43803d-2cd6-4c13-9fd2-4fe218687bd5:group-BCAC9EF76424 set configuration 0: [5c43803d-2cd6-4c13-9fd2-4fe218687bd5:192.168.69.96:41795], old=null at 0
2019-08-29 01:57:17,062 [pool-170-thread-1] INFO  segmented.LogSegment (LogSegment.java:loadSegment(145)) - Successfully read 1 entries from segment file /workdir/hadoop-ozone/integration-test/target/test-dir/MiniOzoneClusterImpl-c3e32655-bfd3-45e1-b300-51bbc9e831ce/datanode-2/data/ratis/eacd48e3-7aec-4a21-a9a0-bcac9ef76424/current/log_inprogress_0
2019-08-29 01:57:17,062 [pool-170-thread-1] INFO  segmented.SegmentedRaftLogWorker (SegmentedRaftLogWorker.java:lambda$new$0(132)) - 5c43803d-2cd6-4c13-9fd2-4fe218687bd5-SegmentedRaftLogWorker:Storage Directory /workdir/hadoop-ozone/integration-test/target/test-dir/MiniOzoneClusterImpl-c3e32655-bfd3-45e1-b300-51bbc9e831ce/datanode-2/data/ratis/eacd48e3-7aec-4a21-a9a0-bcac9ef76424: flushIndex: setUnconditionally 0 -> 0
2019-08-29 01:57:17,082 [Thread-325] INFO  handler.ContextHandler (ContextHandler.java:doStart(781)) - Started o.e.j.w.WebAppContext@3b66b74b{/,file:///tmp/jetty-0.0.0.0-43025-hddsDatanode-_-any-3296318155935708105.dir/webapp/,AVAILABLE}{/hddsDatanode}
2019-08-29 01:57:17,083 [Thread-325] INFO  server.AbstractConnector (AbstractConnector.java:doStart(278)) - Started ServerConnector@2596db5a{HTTP/1.1,[http/1.1]}{0.0.0.0:43025}
2019-08-29 01:57:17,087 [Thread-325] INFO  server.Server (Server.java:doStart(419)) - Started @115636ms
2019-08-29 01:57:17,087 [pool-170-thread-1] INFO  server.RaftServerConfigKeys (ConfUtils.java:logGet(43)) - raft.server.snapshot.auto.trigger.enabled = true (custom)
2019-08-29 01:57:17,088 [pool-170-thread-1] INFO  server.RaftServerConfigKeys (ConfUtils.java:logGet(43)) - raft.server.snapshot.auto.trigger.threshold = 10000 (custom)
2019-08-29 01:57:17,088 [pool-170-thread-1] INFO  server.RaftServerConfigKeys (ConfUtils.java:logGet(43)) - raft.server.retrycache.expirytime = 600000ms (custom)
2019-08-29 01:57:17,088 [Thread-325] INFO  server.BaseHttpServer (BaseHttpServer.java:updateConnectorAddress(226)) - HTTP server of HDDSDATANODE is listening at http://0.0.0.0:43025
2019-08-29 01:57:17,089 [Thread-325] INFO  pipeline.SCMPipelineManager (SCMPipelineManager.java:finalizeAndDestroyPipeline(309)) - destroying pipeline:Pipeline[ Id: 071c65e6-01ab-4ac7-8cb6-383a8f382357, Nodes: 9fceaf92-49b0-4d05-b1c4-1c25dab8ebb3{ip: 192.168.69.96, host: pr-hdds-2050-x2mk7-2257017151, networkLocation: /default-rack, certSerialId: null}2cdad04f-ab4a-4a63-a522-b72e02e27bd7{ip: 192.168.69.96, host: pr-hdds-2050-x2mk7-2257017151, networkLocation: /default-rack, certSerialId: null}5c43803d-2cd6-4c13-9fd2-4fe218687bd5{ip: 192.168.69.96, host: pr-hdds-2050-x2mk7-2257017151, networkLocation: /default-rack, certSerialId: null}, Type:RATIS, Factor:THREE, State:OPEN]
2019-08-29 01:57:17,089 [main] INFO  ozone.MiniOzoneClusterImpl (MiniOzoneClusterImpl.java:shutdown(307)) - Shutting down the Mini Ozone Cluster
2019-08-29 01:57:17,090 | INFO  | SCMAudit | user=null | ip=null | op=GET_SCM_INFO null | ret=SUCCESS |  
2019-08-29 01:57:17,090 [main] INFO  ozone.MiniOzoneClusterImpl (MiniOzoneClusterImpl.java:stop(322)) - Stopping the Mini Ozone Cluster
2019-08-29 01:57:17,090 [main] INFO  ozone.MiniOzoneClusterImpl (MiniOzoneClusterImpl.java:stop(324)) - Stopping the OzoneManager
2019-08-29 01:57:17,090 [org.apache.hadoop.util.JvmPauseMonitor$Monitor@4ad46dd8] INFO  util.JvmPauseMonitor (JvmPauseMonitor.java:run(188)) - Starting JVM pause monitor
2019-08-29 01:57:17,091 [main] INFO  ipc.Server (Server.java:stop(3082)) - Stopping server on 46319
2019-08-29 01:57:17,095 [IPC Server listener on 46319] INFO  ipc.Server (Server.java:run(1185)) - Stopping IPC Server listener on 46319
2019-08-29 01:57:17,095 [main] INFO  ratis.OzoneManagerDoubleBuffer (OzoneManagerDoubleBuffer.java:stop(248)) - Stopping OMDoubleBuffer flush thread
2019-08-29 01:57:17,097 [IPC Server Responder] INFO  ipc.Server (Server.java:run(1319)) - Stopping IPC Server Responder
2019-08-29 01:57:17,104 [OMDoubleBufferFlushThread] INFO  ratis.OzoneManagerDoubleBuffer (OzoneManagerDoubleBuffer.java:flushTransactions(191)) - OMDoubleBuffer flush thread OMDoubleBufferFlushThread is interrupted and will exit. OMDoubleBufferFlushThread
2019-08-29 01:57:17,108 [main] INFO  utils.BackgroundService (BackgroundService.java:shutdown(148)) - Shutting down service KeyDeletingService
2019-08-29 01:57:17,111 [main] INFO  handler.ContextHandler (ContextHandler.java:doStop(910)) - Stopped o.e.j.w.WebAppContext@56549174{/,null,UNAVAILABLE}{/ozoneManager}
2019-08-29 01:57:17,111 [main] INFO  server.AbstractConnector (AbstractConnector.java:doStop(318)) - Stopped ServerConnector@2772b82a{HTTP/1.1,[http/1.1]}{0.0.0.0:0}
2019-08-29 01:57:17,112 [main] INFO  handler.ContextHandler (ContextHandler.java:doStop(910)) - Stopped o.e.j.s.ServletContextHandler@655aa6cc{/static,file:///workdir/hadoop-ozone/integration-test/target/test-classes/webapps/static,UNAVAILABLE}
2019-08-29 01:57:17,113 [main] INFO  handler.ContextHandler (ContextHandler.java:doStop(910)) - Stopped o.e.j.s.ServletContextHandler@4d2234a1{/logs,file:///workdir/hadoop-ozone/integration-test/target/log,UNAVAILABLE}
2019-08-29 01:57:17,115 [main] INFO  ozone.MiniOzoneClusterImpl (MiniOzoneClusterImpl.java:stop(330)) - Shutting the HddsDatanodes
2019-08-29 01:57:18,931 [Datanode State Machine Thread - 0] INFO  statemachine.DatanodeStateMachine (DatanodeStateMachine.java:lambda$startDaemon$0(350)) - Ozone container server started.
2019-08-29 01:57:19,018 [Datanode State Machine Thread - 0] INFO  statemachine.DatanodeStateMachine (DatanodeStateMachine.java:lambda$startDaemon$0(350)) - Ozone container server started.
2019-08-29 01:57:19,093 | INFO  | SCMAudit | user=jenkins1000 | ip=192.168.69.96 | op=GET_VERSION null | ret=SUCCESS |  
2019-08-29 01:57:19,094 [Datanode State Machine Thread - 0] INFO  ozoneimpl.OzoneContainer (OzoneContainer.java:start(201)) - Attempting to start container services.
2019-08-29 01:57:19,095 [Datanode State Machine Thread - 0] INFO  ozoneimpl.OzoneContainer (OzoneContainer.java:startContainerScrub(175)) - Background container scrubber has been disabled by hdds.containerscrub.enabled
2019-08-29 01:57:19,095 [Datanode State Machine Thread - 0] INFO  ratis.XceiverServerRatis (XceiverServerRatis.java:start(393)) - Starting XceiverServerRatis 5c43803d-2cd6-4c13-9fd2-4fe218687bd5 at port 41795
2019-08-29 01:57:19,102 [Datanode State Machine Thread - 0] INFO  impl.RaftServerImpl (RaftServerImpl.java:start(180)) - 5c43803d-2cd6-4c13-9fd2-4fe218687bd5: start group-BCAC9EF76424
2019-08-29 01:57:19,103 [Datanode State Machine Thread - 0] INFO  impl.RaftServerImpl (RaftServerImpl.java:setRole(171)) - 5c43803d-2cd6-4c13-9fd2-4fe218687bd5:group-BCAC9EF76424 changes role from null to FOLLOWER at term 1 for startAsFollower
2019-08-29 01:57:19,104 [Datanode State Machine Thread - 0] INFO  impl.RoleInfo (RoleInfo.java:updateAndGet(143)) - 5c43803d-2cd6-4c13-9fd2-4fe218687bd5: start FollowerState
2019-08-29 01:57:19,104 [Datanode State Machine Thread - 0] INFO  util.JmxRegister (JmxRegister.java:tryRegister(44)) - Successfully registered JMX Bean with object name Ratis:service=RaftServer,group=group-BCAC9EF76424,id=5c43803d-2cd6-4c13-9fd2-4fe218687bd5
2019-08-29 01:57:19,106 [Datanode State Machine Thread - 0] INFO  impl.RaftServerProxy (RaftServerProxy.java:lambda$start$3(299)) - 5c43803d-2cd6-4c13-9fd2-4fe218687bd5: start RPC server
2019-08-29 01:57:19,109 [Datanode State Machine Thread - 0] INFO  server.GrpcService (GrpcService.java:startImpl(149)) - 5c43803d-2cd6-4c13-9fd2-4fe218687bd5: GrpcService started, listening on 0.0.0.0/0.0.0.0:41795
2019-08-29 01:57:21,094 | INFO  | SCMAudit | user=jenkins1000 | ip=192.168.69.96 | op=REGISTER {datanodeDetails=5c43803d-2cd6-4c13-9fd2-4fe218687bd5{ip: 192.168.69.96, host: pr-hdds-2050-x2mk7-2257017151, networkLocation: /default-rack, certSerialId: null}} | ret=SUCCESS |  
2019-08-29 01:57:22,116 [main] INFO  ozoneimpl.OzoneContainer (OzoneContainer.java:stop(215)) - Attempting to stop container services.
2019-08-29 01:57:22,116 [ForkJoinPool.commonPool-worker-1] INFO  ozoneimpl.OzoneContainer (OzoneContainer.java:stop(215)) - Attempting to stop container services.
2019-08-29 01:57:22,137 [refreshUsed-/workdir/hadoop-ozone/integration-test/target/test-dir/MiniOzoneClusterImpl-c3e32655-bfd3-45e1-b300-51bbc9e831ce/datanode-1/data/containers] WARN  fs.CachingGetSpaceUsed (CachingGetSpaceUsed.java:run(183)) - Thread Interrupted waiting to refresh disk information: sleep interrupted
2019-08-29 01:57:22,137 [refreshUsed-/workdir/hadoop-ozone/integration-test/target/test-dir/MiniOzoneClusterImpl-c3e32655-bfd3-45e1-b300-51bbc9e831ce/datanode-0/data/containers] WARN  fs.CachingGetSpaceUsed (CachingGetSpaceUsed.java:run(183)) - Thread Interrupted waiting to refresh disk information: sleep interrupted
2019-08-29 01:57:22,148 [main] INFO  utils.BackgroundService (BackgroundService.java:shutdown(148)) - Shutting down service BlockDeletingService
2019-08-29 01:57:22,152 [main] INFO  statemachine.DatanodeStateMachine (DatanodeStateMachine.java:stopDaemon(395)) - Ozone container server stopped.
2019-08-29 01:57:22,154 [ForkJoinPool.commonPool-worker-1] INFO  utils.BackgroundService (BackgroundService.java:shutdown(148)) - Shutting down service BlockDeletingService
2019-08-29 01:57:22,156 [ForkJoinPool.commonPool-worker-1] INFO  statemachine.DatanodeStateMachine (DatanodeStateMachine.java:stopDaemon(395)) - Ozone container server stopped.
2019-08-29 01:57:22,159 [main] INFO  handler.ContextHandler (ContextHandler.java:doStop(910)) - Stopped o.e.j.w.WebAppContext@cdadf5b{/,null,UNAVAILABLE}{/hddsDatanode}
2019-08-29 01:57:22,160 [ForkJoinPool.commonPool-worker-1] INFO  handler.ContextHandler (ContextHandler.java:doStop(910)) - Stopped o.e.j.w.WebAppContext@2b151ca{/,null,UNAVAILABLE}{/hddsDatanode}
2019-08-29 01:57:22,160 [main] INFO  server.AbstractConnector (AbstractConnector.java:doStop(318)) - Stopped ServerConnector@7a5adf84{HTTP/1.1,[http/1.1]}{0.0.0.0:44836}
2019-08-29 01:57:22,161 [ForkJoinPool.commonPool-worker-1] INFO  server.AbstractConnector (AbstractConnector.java:doStop(318)) - Stopped ServerConnector@5ccbc65c{HTTP/1.1,[http/1.1]}{0.0.0.0:33345}
2019-08-29 01:57:22,162 [main] INFO  handler.ContextHandler (ContextHandler.java:doStop(910)) - Stopped o.e.j.s.ServletContextHandler@6a0654bb{/static,jar:file:/home/user/.m2/repository/org/apache/hadoop/hadoop-hdds-container-service/0.5.0-SNAPSHOT/hadoop-hdds-container-service-0.5.0-SNAPSHOT.jar!/webapps/static,UNAVAILABLE}
2019-08-29 01:57:22,163 [ForkJoinPool.commonPool-worker-1] INFO  handler.ContextHandler (ContextHandler.java:doStop(910)) - Stopped o.e.j.s.ServletContextHandler@6eb87e1c{/static,jar:file:/home/user/.m2/repository/org/apache/hadoop/hadoop-hdds-container-service/0.5.0-SNAPSHOT/hadoop-hdds-container-service-0.5.0-SNAPSHOT.jar!/webapps/static,UNAVAILABLE}
2019-08-29 01:57:22,164 [main] INFO  handler.ContextHandler (ContextHandler.java:doStop(910)) - Stopped o.e.j.s.ServletContextHandler@4840ab35{/logs,file:///workdir/hadoop-ozone/integration-test/target/log,UNAVAILABLE}
2019-08-29 01:57:22,164 [ForkJoinPool.commonPool-worker-1] INFO  handler.ContextHandler (ContextHandler.java:doStop(910)) - Stopped o.e.j.s.ServletContextHandler@6b03e493{/logs,file:///workdir/hadoop-ozone/integration-test/target/log,UNAVAILABLE}
2019-08-29 01:57:23,092 [Datanode State Machine Thread - 0] INFO  statemachine.DatanodeStateMachine (DatanodeStateMachine.java:lambda$startDaemon$0(350)) - Ozone container server started.
2019-08-29 01:57:24,118 [Thread-607] INFO  impl.FollowerState (FollowerState.java:run(106)) - 5c43803d-2cd6-4c13-9fd2-4fe218687bd5:group-BCAC9EF76424 changes to CANDIDATE, lastRpcTime:5014, electionTimeout:5014ms
2019-08-29 01:57:24,118 [Thread-607] INFO  impl.RoleInfo (RoleInfo.java:shutdownFollowerState(121)) - 5c43803d-2cd6-4c13-9fd2-4fe218687bd5: shutdown FollowerState
2019-08-29 01:57:24,119 [Thread-607] INFO  impl.RaftServerImpl (RaftServerImpl.java:setRole(171)) - 5c43803d-2cd6-4c13-9fd2-4fe218687bd5:group-BCAC9EF76424 changes role from FOLLOWER to CANDIDATE at term 1 for changeToCandidate
2019-08-29 01:57:24,119 [Thread-607] INFO  impl.RoleInfo (RoleInfo.java:updateAndGet(143)) - 5c43803d-2cd6-4c13-9fd2-4fe218687bd5: start LeaderElection
2019-08-29 01:57:24,136 [5c43803d-2cd6-4c13-9fd2-4fe218687bd5:group-BCAC9EF76424:LeaderElection16] INFO  impl.LeaderElection (LeaderElection.java:askForVotes(181)) - 5c43803d-2cd6-4c13-9fd2-4fe218687bd5:group-BCAC9EF76424:LeaderElection16: begin an election at term 2 for 0: [5c43803d-2cd6-4c13-9fd2-4fe218687bd5:192.168.69.96:41795], old=null
2019-08-29 01:57:24,136 [5c43803d-2cd6-4c13-9fd2-4fe218687bd5:group-BCAC9EF76424:LeaderElection16] INFO  impl.RoleInfo (RoleInfo.java:shutdownLeaderElection(134)) - 5c43803d-2cd6-4c13-9fd2-4fe218687bd5: shutdown LeaderElection
2019-08-29 01:57:24,136 [5c43803d-2cd6-4c13-9fd2-4fe218687bd5:group-BCAC9EF76424:LeaderElection16] INFO  impl.RaftServerImpl (RaftServerImpl.java:setRole(171)) - 5c43803d-2cd6-4c13-9fd2-4fe218687bd5:group-BCAC9EF76424 changes role from CANDIDATE to LEADER at term 2 for changeToLeader
2019-08-29 01:57:24,137 [5c43803d-2cd6-4c13-9fd2-4fe218687bd5:group-BCAC9EF76424:LeaderElection16] INFO  impl.RaftServerImpl (ServerState.java:setLeader(263)) - 5c43803d-2cd6-4c13-9fd2-4fe218687bd5:group-BCAC9EF76424 change Leader from null to 5c43803d-2cd6-4c13-9fd2-4fe218687bd5 at term 2 for becomeLeader, leader elected after 7077ms
2019-08-29 01:57:24,137 [5c43803d-2cd6-4c13-9fd2-4fe218687bd5:group-BCAC9EF76424:LeaderElection16] INFO  server.RaftServerConfigKeys (ConfUtils.java:logGet(43)) - raft.server.staging.catchup.gap = 1000 (default)
2019-08-29 01:57:24,137 [5c43803d-2cd6-4c13-9fd2-4fe218687bd5:group-BCAC9EF76424:LeaderElection16] INFO  server.RaftServerConfigKeys (ConfUtils.java:logGet(43)) - raft.server.rpc.sleep.time = 25ms (default)
2019-08-29 01:57:24,137 [5c43803d-2cd6-4c13-9fd2-4fe218687bd5:group-BCAC9EF76424:LeaderElection16] INFO  server.RaftServerConfigKeys (ConfUtils.java:logGet(43)) - raft.server.write.element-limit = 4096 (default)
2019-08-29 01:57:24,137 [5c43803d-2cd6-4c13-9fd2-4fe218687bd5:group-BCAC9EF76424:LeaderElection16] INFO  server.RaftServerConfigKeys (ConfUtils.java:logGet(43)) - raft.server.watch.timeout = 10s (default)
2019-08-29 01:57:24,138 [5c43803d-2cd6-4c13-9fd2-4fe218687bd5:group-BCAC9EF76424:LeaderElection16] INFO  server.RaftServerConfigKeys (ConfUtils.java:logGet(43)) - raft.server.watch.timeout.denomination = 1s (default)
2019-08-29 01:57:24,138 [5c43803d-2cd6-4c13-9fd2-4fe218687bd5:group-BCAC9EF76424:LeaderElection16] INFO  server.RaftServerConfigKeys (ConfUtils.java:logGet(43)) - raft.server.watch.element-limit = 65536 (default)
2019-08-29 01:57:24,138 [5c43803d-2cd6-4c13-9fd2-4fe218687bd5:group-BCAC9EF76424:LeaderElection16] INFO  impl.RoleInfo (RoleInfo.java:updateAndGet(143)) - 5c43803d-2cd6-4c13-9fd2-4fe218687bd5: start LeaderState
2019-08-29 01:57:24,139 [5c43803d-2cd6-4c13-9fd2-4fe218687bd5:group-BCAC9EF76424:LeaderElection16] INFO  segmented.SegmentedRaftLogWorker (SegmentedRaftLogWorker.java:rollLogSegment(385)) - 5c43803d-2cd6-4c13-9fd2-4fe218687bd5-SegmentedRaftLogWorker:Storage Directory /workdir/hadoop-ozone/integration-test/target/test-dir/MiniOzoneClusterImpl-c3e32655-bfd3-45e1-b300-51bbc9e831ce/datanode-2/data/ratis/eacd48e3-7aec-4a21-a9a0-bcac9ef76424: Rolling segment log-0_0 to index:0
2019-08-29 01:57:24,142 [5c43803d-2cd6-4c13-9fd2-4fe218687bd5-SegmentedRaftLogWorker:Storage Directory /workdir/hadoop-ozone/integration-test/target/test-dir/MiniOzoneClusterImpl-c3e32655-bfd3-45e1-b300-51bbc9e831ce/datanode-2/data/ratis/eacd48e3-7aec-4a21-a9a0-bcac9ef76424] INFO  segmented.SegmentedRaftLogWorker (SegmentedRaftLogWorker.java:execute(526)) - 5c43803d-2cd6-4c13-9fd2-4fe218687bd5-SegmentedRaftLogWorker:Storage Directory /workdir/hadoop-ozone/integration-test/target/test-dir/MiniOzoneClusterImpl-c3e32655-bfd3-45e1-b300-51bbc9e831ce/datanode-2/data/ratis/eacd48e3-7aec-4a21-a9a0-bcac9ef76424: Rolled log segment from /workdir/hadoop-ozone/integration-test/target/test-dir/MiniOzoneClusterImpl-c3e32655-bfd3-45e1-b300-51bbc9e831ce/datanode-2/data/ratis/eacd48e3-7aec-4a21-a9a0-bcac9ef76424/current/log_inprogress_0 to /workdir/hadoop-ozone/integration-test/target/test-dir/MiniOzoneClusterImpl-c3e32655-bfd3-45e1-b300-51bbc9e831ce/datanode-2/data/ratis/eacd48e3-7aec-4a21-a9a0-bcac9ef76424/current/log_0-0
2019-08-29 01:57:24,146 [5c43803d-2cd6-4c13-9fd2-4fe218687bd5:group-BCAC9EF76424:LeaderElection16] INFO  impl.RaftServerImpl (ServerState.java:setRaftConf(361)) - 5c43803d-2cd6-4c13-9fd2-4fe218687bd5:group-BCAC9EF76424 set configuration 1: [5c43803d-2cd6-4c13-9fd2-4fe218687bd5:192.168.69.96:41795], old=null at 1
2019-08-29 01:57:24,195 [5c43803d-2cd6-4c13-9fd2-4fe218687bd5-SegmentedRaftLogWorker:Storage Directory /workdir/hadoop-ozone/integration-test/target/test-dir/MiniOzoneClusterImpl-c3e32655-bfd3-45e1-b300-51bbc9e831ce/datanode-2/data/ratis/eacd48e3-7aec-4a21-a9a0-bcac9ef76424] INFO  segmented.SegmentedRaftLogWorker (SegmentedRaftLogWorker.java:execute(569)) - 5c43803d-2cd6-4c13-9fd2-4fe218687bd5-SegmentedRaftLogWorker:Storage Directory /workdir/hadoop-ozone/integration-test/target/test-dir/MiniOzoneClusterImpl-c3e32655-bfd3-45e1-b300-51bbc9e831ce/datanode-2/data/ratis/eacd48e3-7aec-4a21-a9a0-bcac9ef76424: created new log segment /workdir/hadoop-ozone/integration-test/target/test-dir/MiniOzoneClusterImpl-c3e32655-bfd3-45e1-b300-51bbc9e831ce/datanode-2/data/ratis/eacd48e3-7aec-4a21-a9a0-bcac9ef76424/current/log_inprogress_1
2019-08-29 01:57:27,166 [ForkJoinPool.commonPool-worker-1] INFO  ozoneimpl.OzoneContainer (OzoneContainer.java:stop(215)) - Attempting to stop container services.
2019-08-29 01:57:27,167 [ForkJoinPool.commonPool-worker-1] INFO  impl.RaftServerProxy (RaftServerProxy.java:lambda$close$4(314)) - 5c43803d-2cd6-4c13-9fd2-4fe218687bd5: close
2019-08-29 01:57:27,167 [ForkJoinPool.commonPool-worker-1] INFO  impl.RaftServerImpl (RaftServerImpl.java:lambda$shutdown$3(245)) - 5c43803d-2cd6-4c13-9fd2-4fe218687bd5: shutdown group-BCAC9EF76424
2019-08-29 01:57:27,168 [ForkJoinPool.commonPool-worker-1] INFO  util.JmxRegister (JmxRegister.java:unregister(73)) - Successfully un-registered JMX Bean with object name Ratis:service=RaftServer,group=group-BCAC9EF76424,id=5c43803d-2cd6-4c13-9fd2-4fe218687bd5
2019-08-29 01:57:27,168 [ForkJoinPool.commonPool-worker-1] INFO  impl.RoleInfo (RoleInfo.java:shutdownLeaderState(104)) - 5c43803d-2cd6-4c13-9fd2-4fe218687bd5: shutdown LeaderState
2019-08-29 01:57:27,169 [ForkJoinPool.commonPool-worker-1] INFO  impl.PendingRequests (PendingRequests.java:sendNotLeaderResponses(202)) - 5c43803d-2cd6-4c13-9fd2-4fe218687bd5-PendingRequests: sendNotLeaderResponses
2019-08-29 01:57:27,173 [ForkJoinPool.commonPool-worker-1] INFO  impl.StateMachineUpdater (StateMachineUpdater.java:stopAndJoin(115)) - StateMachineUpdater:5c43803d-2cd6-4c13-9fd2-4fe218687bd5:group-BCAC9EF76424: set stopIndex = 2
2019-08-29 01:57:27,174 [ForkJoinPool.commonPool-worker-1] INFO  impl.RaftServerImpl (ServerState.java:close(394)) - 5c43803d-2cd6-4c13-9fd2-4fe218687bd5:group-BCAC9EF76424 closes. The last applied log index is 2
2019-08-29 01:57:27,175 [5c43803d-2cd6-4c13-9fd2-4fe218687bd5-SegmentedRaftLogWorker:Storage Directory /workdir/hadoop-ozone/integration-test/target/test-dir/MiniOzoneClusterImpl-c3e32655-bfd3-45e1-b300-51bbc9e831ce/datanode-2/data/ratis/eacd48e3-7aec-4a21-a9a0-bcac9ef76424] INFO  segmented.SegmentedRaftLogWorker (SegmentedRaftLogWorker.java:run(313)) - 5c43803d-2cd6-4c13-9fd2-4fe218687bd5-SegmentedRaftLogWorker:Storage Directory /workdir/hadoop-ozone/integration-test/target/test-dir/MiniOzoneClusterImpl-c3e32655-bfd3-45e1-b300-51bbc9e831ce/datanode-2/data/ratis/eacd48e3-7aec-4a21-a9a0-bcac9ef76424 was interrupted, exiting. There are 0 tasks remaining in the queue.
2019-08-29 01:57:27,178 [ForkJoinPool.commonPool-worker-1] INFO  segmented.SegmentedRaftLogWorker (SegmentedRaftLogWorker.java:close(228)) - 5c43803d-2cd6-4c13-9fd2-4fe218687bd5-SegmentedRaftLogWorker:Storage Directory /workdir/hadoop-ozone/integration-test/target/test-dir/MiniOzoneClusterImpl-c3e32655-bfd3-45e1-b300-51bbc9e831ce/datanode-2/data/ratis/eacd48e3-7aec-4a21-a9a0-bcac9ef76424 close()
2019-08-29 01:57:27,180 [ForkJoinPool.commonPool-worker-1] INFO  server.GrpcService (GrpcService.java:closeImpl(155)) - 5c43803d-2cd6-4c13-9fd2-4fe218687bd5: shutdown server with port 41795 now
2019-08-29 01:57:27,181 [ForkJoinPool.commonPool-worker-1] INFO  server.GrpcService (GrpcService.java:closeImpl(163)) - 5c43803d-2cd6-4c13-9fd2-4fe218687bd5: shutdown server with port 41795 successfully
2019-08-29 01:57:27,184 [refreshUsed-/workdir/hadoop-ozone/integration-test/target/test-dir/MiniOzoneClusterImpl-c3e32655-bfd3-45e1-b300-51bbc9e831ce/datanode-2/data/containers] WARN  fs.CachingGetSpaceUsed (CachingGetSpaceUsed.java:run(183)) - Thread Interrupted waiting to refresh disk information: sleep interrupted
2019-08-29 01:57:27,203 [ForkJoinPool.commonPool-worker-1] INFO  utils.BackgroundService (BackgroundService.java:shutdown(148)) - Shutting down service BlockDeletingService
2019-08-29 01:57:27,205 [ForkJoinPool.commonPool-worker-1] INFO  statemachine.DatanodeStateMachine (DatanodeStateMachine.java:stopDaemon(395)) - Ozone container server stopped.
2019-08-29 01:57:27,207 [ForkJoinPool.commonPool-worker-1] INFO  handler.ContextHandler (ContextHandler.java:doStop(910)) - Stopped o.e.j.w.WebAppContext@3b66b74b{/,null,UNAVAILABLE}{/hddsDatanode}
2019-08-29 01:57:27,208 [ForkJoinPool.commonPool-worker-1] INFO  server.AbstractConnector (AbstractConnector.java:doStop(318)) - Stopped ServerConnector@2596db5a{HTTP/1.1,[http/1.1]}{0.0.0.0:43025}
2019-08-29 01:57:27,209 [ForkJoinPool.commonPool-worker-1] INFO  handler.ContextHandler (ContextHandler.java:doStop(910)) - Stopped o.e.j.s.ServletContextHandler@7afffea9{/static,jar:file:/home/user/.m2/repository/org/apache/hadoop/hadoop-hdds-container-service/0.5.0-SNAPSHOT/hadoop-hdds-container-service-0.5.0-SNAPSHOT.jar!/webapps/static,UNAVAILABLE}
2019-08-29 01:57:27,210 [ForkJoinPool.commonPool-worker-1] INFO  handler.ContextHandler (ContextHandler.java:doStop(910)) - Stopped o.e.j.s.ServletContextHandler@718b5243{/logs,file:///workdir/hadoop-ozone/integration-test/target/log,UNAVAILABLE}
2019-08-29 01:57:27,211 [main] INFO  ozone.MiniOzoneClusterImpl (MiniOzoneClusterImpl.java:stop(339)) - Stopping the StorageContainerManager
2019-08-29 01:57:27,211 [main] INFO  server.StorageContainerManager (StorageContainerManager.java:stop(797)) - Stopping Replication Manager Service.
2019-08-29 01:57:27,211 [main] INFO  container.ReplicationManager (ReplicationManager.java:stop(193)) - Stopping Replication Monitor Thread.
2019-08-29 01:57:27,212 [main] INFO  server.StorageContainerManager (StorageContainerManager.java:stop(804)) - Stopping Lease Manager of the command watchers
2019-08-29 01:57:27,212 [main] INFO  server.StorageContainerManager (StorageContainerManager.java:stop(811)) - Stopping datanode service RPC server
2019-08-29 01:57:27,212 [main] INFO  server.SCMDatanodeProtocolServer (SCMDatanodeProtocolServer.java:stop(367)) - Stopping the RPC server for DataNodes
2019-08-29 01:57:27,213 [main] INFO  ipc.Server (Server.java:stop(3082)) - Stopping server on 36604
2019-08-29 01:57:27,215 [IPC Server listener on 36604] INFO  ipc.Server (Server.java:run(1185)) - Stopping IPC Server listener on 36604
2019-08-29 01:57:27,216 [IPC Server Responder] INFO  ipc.Server (Server.java:run(1319)) - Stopping IPC Server Responder
2019-08-29 01:57:27,599 [SCM Heartbeat Processing Thread - 0] WARN  node.NodeStateManager (NodeStateManager.java:scheduleNextHealthCheck(646)) - Current Thread is interrupted, shutting down HB processing thread for Node Manager.
2019-08-29 01:57:27,599 [main] INFO  server.StorageContainerManager (StorageContainerManager.java:stop(819)) - Stopping block service RPC server
2019-08-29 01:57:27,600 [main] INFO  server.SCMBlockProtocolServer (SCMBlockProtocolServer.java:stop(149)) - Stopping the RPC server for Block Protocol
2019-08-29 01:57:27,601 [main] INFO  ipc.Server (Server.java:stop(3082)) - Stopping server on 43084
2019-08-29 01:57:27,604 [main] INFO  server.StorageContainerManager (StorageContainerManager.java:stop(826)) - Stopping the StorageContainerLocationProtocol RPC server
2019-08-29 01:57:27,604 [IPC Server Responder] INFO  ipc.Server (Server.java:run(1319)) - Stopping IPC Server Responder
2019-08-29 01:57:27,604 [IPC Server listener on 43084] INFO  ipc.Server (Server.java:run(1185)) - Stopping IPC Server listener on 43084
2019-08-29 01:57:27,604 [main] INFO  server.SCMClientProtocolServer (SCMClientProtocolServer.java:stop(159)) - Stopping the RPC server for Client Protocol
2019-08-29 01:57:27,605 [main] INFO  ipc.Server (Server.java:stop(3082)) - Stopping server on 41946
2019-08-29 01:57:27,608 [IPC Server listener on 41946] INFO  ipc.Server (Server.java:run(1185)) - Stopping IPC Server listener on 41946
2019-08-29 01:57:27,608 [main] INFO  server.StorageContainerManager (StorageContainerManager.java:stop(833)) - Stopping Storage Container Manager HTTP server.
2019-08-29 01:57:27,608 [IPC Server Responder] INFO  ipc.Server (Server.java:run(1319)) - Stopping IPC Server Responder
2019-08-29 01:57:27,611 [main] INFO  handler.ContextHandler (ContextHandler.java:doStop(910)) - Stopped o.e.j.w.WebAppContext@3efb9b01{/,null,UNAVAILABLE}{/scm}
2019-08-29 01:57:27,612 [main] INFO  server.AbstractConnector (AbstractConnector.java:doStop(318)) - Stopped ServerConnector@4eb2778a{HTTP/1.1,[http/1.1]}{0.0.0.0:0}
2019-08-29 01:57:27,613 [main] INFO  handler.ContextHandler (ContextHandler.java:doStop(910)) - Stopped o.e.j.s.ServletContextHandler@603dad2d{/static,file:///workdir/hadoop-ozone/integration-test/target/test-classes/webapps/static,UNAVAILABLE}
2019-08-29 01:57:27,614 [main] INFO  handler.ContextHandler (ContextHandler.java:doStop(910)) - Stopped o.e.j.s.ServletContextHandler@56c9f6b3{/logs,file:///workdir/hadoop-ozone/integration-test/target/log,UNAVAILABLE}
2019-08-29 01:57:27,615 [main] INFO  server.StorageContainerManager (StorageContainerManager.java:stop(844)) - Stopping Block Manager Service.
2019-08-29 01:57:27,615 [main] INFO  utils.BackgroundService (BackgroundService.java:shutdown(148)) - Shutting down service SCMBlockDeletingService
2019-08-29 01:57:27,615 [main] INFO  utils.BackgroundService (BackgroundService.java:shutdown(148)) - Shutting down service SCMBlockDeletingService
2019-08-29 01:57:27,617 [main] INFO  server.StorageContainerManager (StorageContainerManager.java:stop(866)) - Stopping SCM Event Queue.
2019-08-29 01:57:27,622 [main] INFO  impl.MetricsSystemImpl (MetricsSystemImpl.java:stop(210)) - Stopping HddsDatanode metrics system...
2019-08-29 01:57:27,629 [main] INFO  impl.MetricsSystemImpl (MetricsSystemImpl.java:stop(216)) - HddsDatanode metrics system stopped.
]]></system-out>
  </testcase>
</testsuite>